<?xml version="1.0" encoding="UTF-8" ?>
<testsuite errors="0" failures="0" hostname="travis-job-52159263-4f5e-48c3-8387-59470c9e80d3" name="ptolemy.domains.de.test.junit.JUnitTclTest" skipped="0" tests="101" time="137.354" timestamp="2018-11-01T02:38:14">
  <properties>
[...]
</properties>
  <testcase classname="ptolemy.util.test.junit.TclTests" name="[0] /home/travis/build/icyphy/ptII/ptolemy/domains/de/test/DependencyLoop.tcl (RunTclFile)" time="0.787" />
  <testcase classname="ptolemy.util.test.junit.TclTests" name="[1] /home/travis/build/icyphy/ptII/ptolemy/domains/de/test/RunDETestsAsQSS.tcl (RunTclFile)" time="95.363" />
  <testcase classname="ptolemy.util.test.junit.AutoKnownFailedTests" name="[0] /home/travis/build/icyphy/ptII/ptolemy/domains/de/test/auto/knownFailedTests/DESDFClockTest.xml (RunModel)" time="2.047" />
  <testcase classname="ptolemy.util.test.junit.AutoKnownFailedTests" name="[1] /home/travis/build/icyphy/ptII/ptolemy/domains/de/test/auto/knownFailedTests/DirectFeedback.xml (RunModel)" time="0.023" />
  <testcase classname="ptolemy.util.test.junit.AutoKnownFailedTests" name="[2] /home/travis/build/icyphy/ptII/ptolemy/domains/de/test/auto/knownFailedTests/FSMSource.xml (RunModel)" time="0.02" />
  <testcase classname="ptolemy.util.test.junit.AutoKnownFailedTests" name="[3] /home/travis/build/icyphy/ptII/ptolemy/domains/de/test/auto/knownFailedTests/HierarchicalModel.xml (RunModel)" time="0.04" />
  <testcase classname="ptolemy.util.test.junit.AutoKnownFailedTests" name="[4] /home/travis/build/icyphy/ptII/ptolemy/domains/de/test/auto/knownFailedTests/dependencyLoop.xml (RunModel)" time="0.025" />
  <testcase classname="ptolemy.util.test.junit.AutoKnownFailedTests" name="[5] /home/travis/build/icyphy/ptII/ptolemy/domains/de/test/auto/knownFailedTests/dependencyLoop2.xml (RunModel)" time="0.032" />
  <testcase classname="ptolemy.util.test.junit.AutoNameArchTests" name="[0] ThereAreNoAutoArchTests (RunModel)" time="0.0" />
  <testcase classname="ptolemy.util.test.junit.AutoTests" name="[0] /home/travis/build/icyphy/ptII/ptolemy/domains/de/test/auto/ActorDepthCalculation_actorWithoutPorts.xml (RunModel)" time="0.016" />
  <testcase classname="ptolemy.util.test.junit.AutoTests" name="[1] /home/travis/build/icyphy/ptII/ptolemy/domains/de/test/auto/AssemblyLine.xml (RunModel)" time="0.015" />
  <testcase classname="ptolemy.util.test.junit.AutoTests" name="[2] /home/travis/build/icyphy/ptII/ptolemy/domains/de/test/auto/CQBug1.xml (RunModel)" time="0.008" />
  <testcase classname="ptolemy.util.test.junit.AutoTests" name="[3] /home/travis/build/icyphy/ptII/ptolemy/domains/de/test/auto/CancelFireAt.xml (RunModel)" time="0.009" />
  <testcase classname="ptolemy.util.test.junit.AutoTests" name="[4] /home/travis/build/icyphy/ptII/ptolemy/domains/de/test/auto/CausalityAndComposabilityAnalysis.xml (RunModel)" time="0.008" />
  <testcase classname="ptolemy.util.test.junit.AutoTests" name="[5] /home/travis/build/icyphy/ptII/ptolemy/domains/de/test/auto/CausalityInterface1.xml (RunModel)" time="0.009" />
  <testcase classname="ptolemy.util.test.junit.AutoTests" name="[6] /home/travis/build/icyphy/ptII/ptolemy/domains/de/test/auto/CausalityInterface15.xml (RunModel)" time="0.01" />
  <testcase classname="ptolemy.util.test.junit.AutoTests" name="[7] /home/travis/build/icyphy/ptII/ptolemy/domains/de/test/auto/CausalityInterface2.xml (RunModel)" time="0.011" />
  <testcase classname="ptolemy.util.test.junit.AutoTests" name="[8] /home/travis/build/icyphy/ptII/ptolemy/domains/de/test/auto/CausalityInterface3.xml (RunModel)" time="0.014" />
  <testcase classname="ptolemy.util.test.junit.AutoTests" name="[9] /home/travis/build/icyphy/ptII/ptolemy/domains/de/test/auto/ClockDrift.xml (RunModel)" time="0.024" />
  <testcase classname="ptolemy.util.test.junit.AutoTests" name="[10] /home/travis/build/icyphy/ptII/ptolemy/domains/de/test/auto/ClockDriftAndValueChange.xml (RunModel)" time="0.022" />
  <testcase classname="ptolemy.util.test.junit.AutoTests" name="[11] /home/travis/build/icyphy/ptII/ptolemy/domains/de/test/auto/ClockDriftChange.xml (RunModel)" time="0.019" />
  <testcase classname="ptolemy.util.test.junit.AutoTests" name="[12] /home/travis/build/icyphy/ptII/ptolemy/domains/de/test/auto/ComposableCausalityAnalysis.xml (RunModel)" time="0.013" />
  <testcase classname="ptolemy.util.test.junit.AutoTests" name="[13] /home/travis/build/icyphy/ptII/ptolemy/domains/de/test/auto/DEFixedPointLimitation.xml (RunModel)" time="0.006" />
  <testcase classname="ptolemy.util.test.junit.AutoTests" name="[14] /home/travis/build/icyphy/ptII/ptolemy/domains/de/test/auto/DEScheduleTest.xml (RunModel)" time="0.008" />
  <testcase classname="ptolemy.util.test.junit.AutoTests" name="[15] /home/travis/build/icyphy/ptII/ptolemy/domains/de/test/auto/DEinDEwithStartTimes.xml (RunModel)" time="0.014" />
  <testcase classname="ptolemy.util.test.junit.AutoTests" name="[16] /home/travis/build/icyphy/ptII/ptolemy/domains/de/test/auto/DEinDEwithStartTimes2.xml (RunModel)" time="0.014" />
  <testcase classname="ptolemy.util.test.junit.AutoTests" name="[17] /home/travis/build/icyphy/ptII/ptolemy/domains/de/test/auto/DateDemo.xml (RunModel)" time="0.023" />
  <testcase classname="ptolemy.util.test.junit.AutoTests" name="[18] /home/travis/build/icyphy/ptII/ptolemy/domains/de/test/auto/DateToEvent.xml (RunModel)" time="2.031" />
  <testcase classname="ptolemy.util.test.junit.AutoTests" name="[19] /home/travis/build/icyphy/ptII/ptolemy/domains/de/test/auto/DepthTest1.xml (RunModel)" time="0.008" />
  <testcase classname="ptolemy.util.test.junit.AutoTests" name="[20] /home/travis/build/icyphy/ptII/ptolemy/domains/de/test/auto/DepthTest2.xml (RunModel)" time="0.018" />
  <testcase classname="ptolemy.util.test.junit.AutoTests" name="[21] /home/travis/build/icyphy/ptII/ptolemy/domains/de/test/auto/DepthTest3.xml (RunModel)" time="0.008" />
  <testcase classname="ptolemy.util.test.junit.AutoTests" name="[22] /home/travis/build/icyphy/ptII/ptolemy/domains/de/test/auto/DepthTest4.xml (RunModel)" time="0.014" />
  <testcase classname="ptolemy.util.test.junit.AutoTests" name="[23] /home/travis/build/icyphy/ptII/ptolemy/domains/de/test/auto/DepthTest5.xml (RunModel)" time="0.014" />
  <testcase classname="ptolemy.util.test.junit.AutoTests" name="[24] /home/travis/build/icyphy/ptII/ptolemy/domains/de/test/auto/DepthTest6.xml (RunModel)" time="0.014" />
  <testcase classname="ptolemy.util.test.junit.AutoTests" name="[25] /home/travis/build/icyphy/ptII/ptolemy/domains/de/test/auto/DepthTest7.xml (RunModel)" time="0.012" />
  <testcase classname="ptolemy.util.test.junit.AutoTests" name="[26] /home/travis/build/icyphy/ptII/ptolemy/domains/de/test/auto/EventToDate.xml (RunModel)" time="3.037" />
  <testcase classname="ptolemy.util.test.junit.AutoTests" name="[27] /home/travis/build/icyphy/ptII/ptolemy/domains/de/test/auto/FSM1.xml (RunModel)" time="0.033" />
  <testcase classname="ptolemy.util.test.junit.AutoTests" name="[28] /home/travis/build/icyphy/ptII/ptolemy/domains/de/test/auto/FSM7.xml (RunModel)" time="0.034" />
  <testcase classname="ptolemy.util.test.junit.AutoTests" name="[29] /home/travis/build/icyphy/ptII/ptolemy/domains/de/test/auto/Inspection.xml (RunModel)" time="0.042" />
  <testcase classname="ptolemy.util.test.junit.AutoTests" name="[30] /home/travis/build/icyphy/ptII/ptolemy/domains/de/test/auto/Iteration.xml (RunModel)" time="0.021" />
  <testcase classname="ptolemy.util.test.junit.AutoTests" name="[31] /home/travis/build/icyphy/ptII/ptolemy/domains/de/test/auto/LineFault.xml (RunModel)" time="0.708" />
  <testcase classname="ptolemy.util.test.junit.AutoTests" name="[32] /home/travis/build/icyphy/ptII/ptolemy/domains/de/test/auto/MergeModel1Add.xml (RunModel)" time="0.052" />
  <testcase classname="ptolemy.util.test.junit.AutoTests" name="[33] /home/travis/build/icyphy/ptII/ptolemy/domains/de/test/auto/MergeModel2Add.xml (RunModel)" time="0.04" />
  <testcase classname="ptolemy.util.test.junit.AutoTests" name="[34] /home/travis/build/icyphy/ptII/ptolemy/domains/de/test/auto/MergeModel3Add.xml (RunModel)" time="0.052" />
  <testcase classname="ptolemy.util.test.junit.AutoTests" name="[35] /home/travis/build/icyphy/ptII/ptolemy/domains/de/test/auto/MergeWithoutDiscard.xml (RunModel)" time="0.011" />
  <testcase classname="ptolemy.util.test.junit.AutoTests" name="[36] /home/travis/build/icyphy/ptII/ptolemy/domains/de/test/auto/Modal1.xml (RunModel)" time="0.033" />
  <testcase classname="ptolemy.util.test.junit.AutoTests" name="[37] /home/travis/build/icyphy/ptII/ptolemy/domains/de/test/auto/Modal2.xml (RunModel)" time="0.039" />
  <testcase classname="ptolemy.util.test.junit.AutoTests" name="[38] /home/travis/build/icyphy/ptII/ptolemy/domains/de/test/auto/Modal3.xml (RunModel)" time="0.034" />
  <testcase classname="ptolemy.util.test.junit.AutoTests" name="[39] /home/travis/build/icyphy/ptII/ptolemy/domains/de/test/auto/Modal4.xml (RunModel)" time="0.036" />
  <testcase classname="ptolemy.util.test.junit.AutoTests" name="[40] /home/travis/build/icyphy/ptII/ptolemy/domains/de/test/auto/Modal5.xml (RunModel)" time="0.031" />
  <testcase classname="ptolemy.util.test.junit.AutoTests" name="[41] /home/travis/build/icyphy/ptII/ptolemy/domains/de/test/auto/Modal6.xml (RunModel)" time="0.033" />
  <testcase classname="ptolemy.util.test.junit.AutoTests" name="[42] /home/travis/build/icyphy/ptII/ptolemy/domains/de/test/auto/Modal7.xml (RunModel)" time="0.031" />
  <testcase classname="ptolemy.util.test.junit.AutoTests" name="[43] /home/travis/build/icyphy/ptII/ptolemy/domains/de/test/auto/ModalModel.xml (RunModel)" time="0.199" />
  <testcase classname="ptolemy.util.test.junit.AutoTests" name="[44] /home/travis/build/icyphy/ptII/ptolemy/domains/de/test/auto/ModalSource.xml (RunModel)" time="0.022" />
  <testcase classname="ptolemy.util.test.junit.AutoTests" name="[45] /home/travis/build/icyphy/ptII/ptolemy/domains/de/test/auto/NonInterruptibleTimerZeroDelay.xml (RunModel)" time="0.011" />
  <testcase classname="ptolemy.util.test.junit.AutoTests" name="[46] /home/travis/build/icyphy/ptII/ptolemy/domains/de/test/auto/OpenQueueingNetwork.xml (RunModel)" time="2.97" />
  <testcase classname="ptolemy.util.test.junit.AutoTests" name="[47] /home/travis/build/icyphy/ptII/ptolemy/domains/de/test/auto/OpenQueuingNetwork.xml (RunModel)" time="0.338" />
  <testcase classname="ptolemy.util.test.junit.AutoTests" name="[48] /home/travis/build/icyphy/ptII/ptolemy/domains/de/test/auto/PeriodicSampler.xml (RunModel)" time="0.008" />
  <testcase classname="ptolemy.util.test.junit.AutoTests" name="[49] /home/travis/build/icyphy/ptII/ptolemy/domains/de/test/auto/PersistentIO.xml (RunModel)" time="0.027" />
  <testcase classname="ptolemy.util.test.junit.AutoTests" name="[50] /home/travis/build/icyphy/ptII/ptolemy/domains/de/test/auto/PortParameterResetOnInitialize.xml (RunModel)" time="0.014" />
  <testcase classname="ptolemy.util.test.junit.AutoTests" name="[51] /home/travis/build/icyphy/ptII/ptolemy/domains/de/test/auto/PortParameterUpdates.xml (RunModel)" time="0.016" />
  <testcase classname="ptolemy.util.test.junit.AutoTests" name="[52] /home/travis/build/icyphy/ptII/ptolemy/domains/de/test/auto/QueueAndServer.xml (RunModel)" time="0.023" />
  <testcase classname="ptolemy.util.test.junit.AutoTests" name="[53] /home/travis/build/icyphy/ptII/ptolemy/domains/de/test/auto/Records.xml (RunModel)" time="0.027" />
  <testcase classname="ptolemy.util.test.junit.AutoTests" name="[54] /home/travis/build/icyphy/ptII/ptolemy/domains/de/test/auto/ResetTransitionWithStartTime1.xml (RunModel)" time="0.023" />
  <testcase classname="ptolemy.util.test.junit.AutoTests" name="[55] /home/travis/build/icyphy/ptII/ptolemy/domains/de/test/auto/ResetTransitionWithStartTime2.xml (RunModel)" time="0.02" />
  <testcase classname="ptolemy.util.test.junit.AutoTests" name="[56] /home/travis/build/icyphy/ptII/ptolemy/domains/de/test/auto/ResetTransitionWithStartTime3.xml (RunModel)" time="0.021" />
  <testcase classname="ptolemy.util.test.junit.AutoTests" name="[57] /home/travis/build/icyphy/ptII/ptolemy/domains/de/test/auto/ResetTransitionWithStartTime4.xml (RunModel)" time="0.024" />
  <testcase classname="ptolemy.util.test.junit.AutoTests" name="[58] /home/travis/build/icyphy/ptII/ptolemy/domains/de/test/auto/ResettableTimer1.xml (RunModel)" time="0.014" />
  <testcase classname="ptolemy.util.test.junit.AutoTests" name="[59] /home/travis/build/icyphy/ptII/ptolemy/domains/de/test/auto/ResettableTimer2.xml (RunModel)" time="0.01" />
  <testcase classname="ptolemy.util.test.junit.AutoTests" name="[60] /home/travis/build/icyphy/ptII/ptolemy/domains/de/test/auto/ResettableTimer3.xml (RunModel)" time="0.01" />
  <testcase classname="ptolemy.util.test.junit.AutoTests" name="[61] /home/travis/build/icyphy/ptII/ptolemy/domains/de/test/auto/ResettableTimer4.xml (RunModel)" time="0.011" />
  <testcase classname="ptolemy.util.test.junit.AutoTests" name="[62] /home/travis/build/icyphy/ptII/ptolemy/domains/de/test/auto/ResettableTimer5.xml (RunModel)" time="0.01" />
  <testcase classname="ptolemy.util.test.junit.AutoTests" name="[63] /home/travis/build/icyphy/ptII/ptolemy/domains/de/test/auto/ResettableTimer6.xml (RunModel)" time="0.02" />
  <testcase classname="ptolemy.util.test.junit.AutoTests" name="[64] /home/travis/build/icyphy/ptII/ptolemy/domains/de/test/auto/ServerZeroDelay.xml (RunModel)" time="0.012" />
  <testcase classname="ptolemy.util.test.junit.AutoTests" name="[65] /home/travis/build/icyphy/ptII/ptolemy/domains/de/test/auto/SmartSender.xml (RunModel)" time="3.009" />
  <testcase classname="ptolemy.util.test.junit.AutoTests" name="[66] /home/travis/build/icyphy/ptII/ptolemy/domains/de/test/auto/ThreadedComposite.xml (RunModel)" time="0.155" />
  <testcase classname="ptolemy.util.test.junit.AutoTests" name="[67] /home/travis/build/icyphy/ptII/ptolemy/domains/de/test/auto/Time.xml (RunModel)" time="0.558" />
  <testcase classname="ptolemy.util.test.junit.AutoTests" name="[68] /home/travis/build/icyphy/ptII/ptolemy/domains/de/test/auto/TimeDelayZeroDelay.xml (RunModel)" time="0.013" />
  <testcase classname="ptolemy.util.test.junit.AutoTests" name="[69] /home/travis/build/icyphy/ptII/ptolemy/domains/de/test/auto/TimerZeroDelay.xml (RunModel)" time="0.013" />
  <testcase classname="ptolemy.util.test.junit.AutoTests" name="[70] /home/travis/build/icyphy/ptII/ptolemy/domains/de/test/auto/TimingParadox.xml (RunModel)" time="0.441" />
  <testcase classname="ptolemy.util.test.junit.AutoTests" name="[71] /home/travis/build/icyphy/ptII/ptolemy/domains/de/test/auto/TransferInputs.xml (RunModel)" time="0.016" />
  <testcase classname="ptolemy.util.test.junit.AutoTests" name="[72] /home/travis/build/icyphy/ptII/ptolemy/domains/de/test/auto/TransferOutputs2.xml (RunModel)" time="0.019" />
  <testcase classname="ptolemy.util.test.junit.AutoTests" name="[73] /home/travis/build/icyphy/ptII/ptolemy/domains/de/test/auto/Trilateration.xml (RunModel)" time="11.52" />
  <testcase classname="ptolemy.util.test.junit.AutoTests" name="[74] /home/travis/build/icyphy/ptII/ptolemy/domains/de/test/auto/TwoSigmaDelta.xml (RunModel)" time="2.274" />
  <testcase classname="ptolemy.util.test.junit.AutoTests" name="[75] /home/travis/build/icyphy/ptII/ptolemy/domains/de/test/auto/VariableDelay.xml (RunModel)" time="0.011" />
  <testcase classname="ptolemy.util.test.junit.AutoTests" name="[76] /home/travis/build/icyphy/ptII/ptolemy/domains/de/test/auto/VariableDelay2.xml (RunModel)" time="0.025" />
  <testcase classname="ptolemy.util.test.junit.AutoTests" name="[77] /home/travis/build/icyphy/ptII/ptolemy/domains/de/test/auto/VariableDelayZeroDelay.xml (RunModel)" time="0.012" />
  <testcase classname="ptolemy.util.test.junit.AutoTests" name="[78] /home/travis/build/icyphy/ptII/ptolemy/domains/de/test/auto/VariableDelayZeroDelay2.xml (RunModel)" time="0.01" />
  <testcase classname="ptolemy.util.test.junit.AutoTests" name="[79] /home/travis/build/icyphy/ptII/ptolemy/domains/de/test/auto/deInCt.xml (RunModel)" time="0.015" />
  <testcase classname="ptolemy.util.test.junit.AutoTests" name="[80] /home/travis/build/icyphy/ptII/ptolemy/domains/de/test/auto/deInCt2.xml (RunModel)" time="0.017" />
  <testcase classname="ptolemy.util.test.junit.AutoTests" name="[81] /home/travis/build/icyphy/ptII/ptolemy/domains/de/test/auto/dynamicCausalityInterface1.xml (RunModel)" time="0.019" />
  <testcase classname="ptolemy.util.test.junit.AutoTests" name="[82] /home/travis/build/icyphy/ptII/ptolemy/domains/de/test/auto/fsm_de_test.xml (RunModel)" time="0.026" />
  <testcase classname="ptolemy.util.test.junit.AutoTests" name="[83] /home/travis/build/icyphy/ptII/ptolemy/domains/de/test/auto/functionDependencyReconstruction.xml (RunModel)" time="0.038" />
  <testcase classname="ptolemy.util.test.junit.AutoTests" name="[84] /home/travis/build/icyphy/ptII/ptolemy/domains/de/test/auto/multirate.xml (RunModel)" time="0.017" />
  <testcase classname="ptolemy.util.test.junit.AutoTests" name="[85] /home/travis/build/icyphy/ptII/ptolemy/domains/de/test/auto/multirate2.xml (RunModel)" time="0.017" />
  <testcase classname="ptolemy.util.test.junit.AutoTests" name="[86] /home/travis/build/icyphy/ptII/ptolemy/domains/de/test/auto/realtime.xml (RunModel)" time="10.012" />
  <testcase classname="ptolemy.util.test.junit.AutoTests" name="[87] /home/travis/build/icyphy/ptII/ptolemy/domains/de/test/auto/relationGroup.xml (RunModel)" time="0.011" />
  <testcase classname="ptolemy.util.test.junit.AutoTests" name="[88] /home/travis/build/icyphy/ptII/ptolemy/domains/de/test/auto/relationGroup2.xml (RunModel)" time="0.008" />
  <testcase classname="ptolemy.util.test.junit.AutoTests" name="[89] /home/travis/build/icyphy/ptII/ptolemy/domains/de/test/auto/sortWithOpaquePorts.xml (RunModel)" time="0.009" />
  <testcase classname="ptolemy.util.test.junit.AutoTests" name="[90] /home/travis/build/icyphy/ptII/ptolemy/domains/de/test/auto/transferInputsandOutputs.xml (RunModel)" time="0.018" />
  <testcase classname="ptolemy.util.test.junit.AutoTests" name="[91] /home/travis/build/icyphy/ptII/ptolemy/domains/de/test/auto/triggerType.xml (RunModel)" time="0.009" />
  <system-out><![CDATA[/home/travis/build/icyphy/ptII/ptolemy/domains/de/test/DependencyLoop.tcl
testDefs.tcl: setting time out to 9000 seconds at Thu Nov 01 02:38:14 UTC 2018
24 ms. Memory: 116224K Free: 93379K (80%)
17 ms. Memory: 146944K Free: 135024K (92%)
/home/travis/build/icyphy/ptII/ptolemy/domains/de/test/RunDETestsAsQSS.tcl
Run the DE tests using ptolemy.domains.qss.test.QSSDirectorTest, which extends QSSDirector and prints a message in the constructors.
------------------ testing $PTII/ptolemy/domains/de/test/auto/knownFailedTests/dependencyLoop.xml (Known Failure) 
8 ms. Memory: 146944K Free: 131912K (90%)


==== $PTIIhome/travis/build/icyphy/ptII/ptolemy/domains/de/test/../../../../: Auto Automatic test in file $PTII/ptolemy/domains/de/test/auto/knownFailedTests/dependencyLoop.xml
==== Contents of test case:

	    # FIXME: we should use $relativeFilename here, but it
	    # might have backslashes under Windows, which causes no end
	    # of trouble.
	    createAndExecute $file
	    list {}
	
.... Test generated KNOWN error:
    while executing
ptolemy.kernel.util.IllegalActionException: Found a zero delay loop containing .dependencyLoop.original
  in .dependencyLoop and .dependencyLoop.original
	at ptolemy.actor.util.CausalityInterfaceForComposites._computeOutputPortDepth(CausalityInterfaceForComposites.java:759)
	at ptolemy.actor.util.CausalityInterfaceForComposites._computeInputDepth(CausalityInterfaceForComposites.java:696)
	at ptolemy.actor.util.CausalityInterfaceForComposites._computeOutputPortDepth(CausalityInterfaceForComposites.java:765)
	at ptolemy.actor.util.CausalityInterfaceForComposites._computeInputDepth(CausalityInterfaceForComposites.java:696)
	at ptolemy.actor.util.CausalityInterfaceForComposites._computeOutputPortDepth(CausalityInterfaceForComposites.java:765)
	at ptolemy.actor.util.CausalityInterfaceForComposites._computeInputDepth(CausalityInterfaceForComposites.java:696)
	at ptolemy.actor.util.CausalityInterfaceForComposites._computeActorDepth(CausalityInterfaceForComposites.java:532)
	at ptolemy.actor.util.CausalityInterfaceForComposites.checkForCycles(CausalityInterfaceForComposites.java:96)
	at ptolemy.domains.de.kernel.DEDirector.preinitialize(DEDirector.java:1338)
	at ptolemy.actor.CompositeActor.preinitialize(CompositeActor.java:1828)
	at ptolemy.actor.Manager.preinitializeAndResolveTypes(Manager.java:1040)
	at ptolemy.actor.Manager.initialize(Manager.java:710)
	at ptolemy.actor.Manager.execute(Manager.java:356)
	at ptolemy.actor.Manager.run(Manager.java:1263)
	at ptolemy.actor.Manager$PtolemyRunThread.run(Manager.java:1915)

    while executing
ptolemy.kernel.util.IllegalActionException: Found a zero delay loop containing .dependencyLoop.original
  in .dependencyLoop and .dependencyLoop.original
    while executing
"java::new ptolemy.moml.MoMLSimpleApplication $file
"
    (procedure "createAndExecute" line 2)
    invoked from within
"createAndExecute $file"
    ("uplevel" body line 5)
    invoked from within
"uplevel $contents_of_test"
------------------ testing $PTII/ptolemy/domains/de/test/auto/knownFailedTests/DESDFClockTest.xml (Known Failure) 
2065 ms. Memory: 146944K Free: 116481K (79%)


==== $PTIIhome/travis/build/icyphy/ptII/ptolemy/domains/de/test/../../../../: Auto Automatic test in file $PTII/ptolemy/domains/de/test/auto/knownFailedTests/DESDFClockTest.xml
==== Contents of test case:

	    # FIXME: we should use $relativeFilename here, but it
	    # might have backslashes under Windows, which causes no end
	    # of trouble.
	    createAndExecute $file
	    list {}
	
.... Test generated KNOWN error:
    while executing
ptolemy.kernel.util.IllegalActionException: Actor is not ready to fire.  Perhaps UpSample.prefire() returned false? Try debugging the actor by selecting "Listen to Actor".  Also, for SDF check moml for tokenConsumptionRate on input.
  in .DESDFClockTest.Play Bell.Copy1:SDF Director and .DESDFClockTest.Play Bell.UpSample
	at ptolemy.actor.sched.StaticSchedulingDirector.fire(StaticSchedulingDirector.java:227)
	at ptolemy.domains.sdf.kernel.SDFDirector.fire(SDFDirector.java:500)
	at ptolemy.actor.CompositeActor.fire(CompositeActor.java:455)
	at ptolemy.domains.de.kernel.DEDirector._fire(DEDirector.java:1949)
	at ptolemy.domains.de.kernel.DEDirector.fire(DEDirector.java:502)
	at ptolemy.actor.CompositeActor.fire(CompositeActor.java:455)
	at ptolemy.actor.Manager.iterate(Manager.java:851)
	at ptolemy.actor.Manager.execute(Manager.java:369)
	at ptolemy.actor.Manager.run(Manager.java:1263)
	at ptolemy.actor.Manager$PtolemyRunThread.run(Manager.java:1915)

    while executing
ptolemy.kernel.util.IllegalActionException: Actor is not ready to fire.  Perhaps UpSample.prefire() returned false? Try debugging the actor by selecting "Listen to Actor".  Also, for SDF check moml for tokenConsumptionRate on input.
  in .DESDFClockTest.Play Bell.Copy1:SDF Director and .DESDFClockTest.Play Bell.UpSample
    while executing
"java::new ptolemy.moml.MoMLSimpleApplication $file
"
    (procedure "createAndExecute" line 2)
    invoked from within
"createAndExecute $file"
    ("uplevel" body line 5)
    invoked from within
"uplevel $contents_of_test"
------------------ testing $PTII/ptolemy/domains/de/test/auto/knownFailedTests/FSMSource.xml (Known Failure) 
22 ms. Memory: 146944K Free: 107511K (73%)
!!!! Auto was marked as failing, but now passes
------------------ testing $PTII/ptolemy/domains/de/test/auto/knownFailedTests/dependencyLoop2.xml (Known Failure) 
7 ms. Memory: 146944K Free: 105636K (72%)


==== $PTIIhome/travis/build/icyphy/ptII/ptolemy/domains/de/test/../../../../: Auto Automatic test in file $PTII/ptolemy/domains/de/test/auto/knownFailedTests/dependencyLoop2.xml
==== Contents of test case:

	    # FIXME: we should use $relativeFilename here, but it
	    # might have backslashes under Windows, which causes no end
	    # of trouble.
	    createAndExecute $file
	    list {}
	
.... Test generated KNOWN error:
    while executing
ptolemy.kernel.util.IllegalActionException: Found a zero delay loop containing .dependencyLoop2.original
  in .dependencyLoop2 and .dependencyLoop2.original
	at ptolemy.actor.util.CausalityInterfaceForComposites._computeOutputPortDepth(CausalityInterfaceForComposites.java:759)
	at ptolemy.actor.util.CausalityInterfaceForComposites._computeInputDepth(CausalityInterfaceForComposites.java:696)
	at ptolemy.actor.util.CausalityInterfaceForComposites._computeOutputPortDepth(CausalityInterfaceForComposites.java:765)
	at ptolemy.actor.util.CausalityInterfaceForComposites._computeInputDepth(CausalityInterfaceForComposites.java:696)
	at ptolemy.actor.util.CausalityInterfaceForComposites._computeOutputPortDepth(CausalityInterfaceForComposites.java:765)
	at ptolemy.actor.util.CausalityInterfaceForComposites._computeInputDepth(CausalityInterfaceForComposites.java:696)
	at ptolemy.actor.util.CausalityInterfaceForComposites._computeActorDepth(CausalityInterfaceForComposites.java:532)
	at ptolemy.actor.util.CausalityInterfaceForComposites.checkForCycles(CausalityInterfaceForComposites.java:96)
	at ptolemy.domains.de.kernel.DEDirector.preinitialize(DEDirector.java:1338)
	at ptolemy.actor.CompositeActor.preinitialize(CompositeActor.java:1828)
	at ptolemy.actor.Manager.preinitializeAndResolveTypes(Manager.java:1040)
	at ptolemy.actor.Manager.initialize(Manager.java:710)
	at ptolemy.actor.Manager.execute(Manager.java:356)
	at ptolemy.actor.Manager.run(Manager.java:1263)
	at ptolemy.actor.Manager$PtolemyRunThread.run(Manager.java:1915)

    while executing
ptolemy.kernel.util.IllegalActionException: Found a zero delay loop containing .dependencyLoop2.original
  in .dependencyLoop2 and .dependencyLoop2.original
    while executing
"java::new ptolemy.moml.MoMLSimpleApplication $file
"
    (procedure "createAndExecute" line 2)
    invoked from within
"createAndExecute $file"
    ("uplevel" body line 5)
    invoked from within
"uplevel $contents_of_test"
------------------ testing $PTII/ptolemy/domains/de/test/auto/knownFailedTests/HierarchicalModel.xml (Known Failure) 
11 ms. Memory: 146944K Free: 83955K (57%)


==== $PTIIhome/travis/build/icyphy/ptII/ptolemy/domains/de/test/../../../../: Auto Automatic test in file $PTII/ptolemy/domains/de/test/auto/knownFailedTests/HierarchicalModel.xml
==== Contents of test case:

	    # FIXME: we should use $relativeFilename here, but it
	    # might have backslashes under Windows, which causes no end
	    # of trouble.
	    createAndExecute $file
	    list {}
	
.... Test generated KNOWN error:
    while executing
ptolemy.kernel.util.IllegalActionException: Found a zero delay loop containing .HierarchicalModel.A
  in .HierarchicalModel and .HierarchicalModel.A
	at ptolemy.actor.util.CausalityInterfaceForComposites._computeOutputPortDepth(CausalityInterfaceForComposites.java:759)
	at ptolemy.actor.util.CausalityInterfaceForComposites._computeInputDepth(CausalityInterfaceForComposites.java:696)
	at ptolemy.actor.util.CausalityInterfaceForComposites._computeOutputPortDepth(CausalityInterfaceForComposites.java:765)
	at ptolemy.actor.util.CausalityInterfaceForComposites._computeInputDepth(CausalityInterfaceForComposites.java:696)
	at ptolemy.actor.util.CausalityInterfaceForComposites._computeOutputPortDepth(CausalityInterfaceForComposites.java:765)
	at ptolemy.actor.util.CausalityInterfaceForComposites._computeInputDepth(CausalityInterfaceForComposites.java:696)
	at ptolemy.actor.util.CausalityInterfaceForComposites._computeActorDepth(CausalityInterfaceForComposites.java:532)
	at ptolemy.actor.util.CausalityInterfaceForComposites.checkForCycles(CausalityInterfaceForComposites.java:96)
	at ptolemy.domains.de.kernel.DEDirector.preinitialize(DEDirector.java:1338)
	at ptolemy.actor.CompositeActor.preinitialize(CompositeActor.java:1828)
	at ptolemy.actor.Manager.preinitializeAndResolveTypes(Manager.java:1040)
	at ptolemy.actor.Manager.initialize(Manager.java:710)
	at ptolemy.actor.Manager.execute(Manager.java:356)
	at ptolemy.actor.Manager.run(Manager.java:1263)
	at ptolemy.actor.Manager$PtolemyRunThread.run(Manager.java:1915)

    while executing
ptolemy.kernel.util.IllegalActionException: Found a zero delay loop containing .HierarchicalModel.A
  in .HierarchicalModel and .HierarchicalModel.A
    while executing
"java::new ptolemy.moml.MoMLSimpleApplication $file
"
    (procedure "createAndExecute" line 2)
    invoked from within
"createAndExecute $file"
    ("uplevel" body line 5)
    invoked from within
"uplevel $contents_of_test"
------------------ testing $PTII/ptolemy/domains/de/test/auto/knownFailedTests/DirectFeedback.xml (Known Failure) 
7 ms. Memory: 146944K Free: 141094K (96%)


==== $PTIIhome/travis/build/icyphy/ptII/ptolemy/domains/de/test/../../../../: Auto Automatic test in file $PTII/ptolemy/domains/de/test/auto/knownFailedTests/DirectFeedback.xml
==== Contents of test case:

	    # FIXME: we should use $relativeFilename here, but it
	    # might have backslashes under Windows, which causes no end
	    # of trouble.
	    createAndExecute $file
	    list {}
	
.... Test generated KNOWN error:
    while executing
ptolemy.kernel.util.IllegalActionException: Test fails in iteration 1.
Value was: 1.0. Should have been: 2.0
  in .DirectFeedback.Test
	at ptolemy.actor.lib.Test.fire(Test.java:268)
	at ptolemy.domains.de.kernel.DEDirector._fire(DEDirector.java:1949)
	at ptolemy.domains.de.kernel.DEDirector.fire(DEDirector.java:502)
	at ptolemy.actor.CompositeActor.fire(CompositeActor.java:455)
	at ptolemy.actor.Manager.iterate(Manager.java:851)
	at ptolemy.actor.Manager.execute(Manager.java:369)
	at ptolemy.actor.Manager.run(Manager.java:1263)
	at ptolemy.actor.Manager$PtolemyRunThread.run(Manager.java:1915)

    while executing
ptolemy.kernel.util.IllegalActionException: Test fails in iteration 1.
Value was: 1.0. Should have been: 2.0
  in .DirectFeedback.Test
    while executing
"java::new ptolemy.moml.MoMLSimpleApplication $file
"
    (procedure "createAndExecute" line 2)
    invoked from within
"createAndExecute $file"
    ("uplevel" body line 5)
    invoked from within
"uplevel $contents_of_test"
------------------ testing $PTII/ptolemy/domains/de/test/auto/ActorDepthCalculation_actorWithoutPorts.xml
auto.tcl: Setting watchdog for 200 seconds at Thu Nov 01 02:38:17 UTC 2018
8 ms. Memory: 146944K Free: 132406K (90%)
ptolemy.util.test.WatchDog.cancel(): canceling Thu Nov 01 02:38:17 UTC 2018
auto.tcl: Setting watchdog for 200 seconds at Thu Nov 01 02:38:17 UTC 2018
5 ms. Memory: 146944K Free: 131369K (89%)
ptolemy.util.test.WatchDog.cancel(): canceling Thu Nov 01 02:38:17 UTC 2018
------------------ testing $PTII/ptolemy/domains/de/test/auto/AssemblyLine.xml
auto.tcl: Setting watchdog for 200 seconds at Thu Nov 01 02:38:18 UTC 2018
20 ms. Memory: 208384K Free: 186380K (89%)
ptolemy.util.test.WatchDog.cancel(): canceling Thu Nov 01 02:38:18 UTC 2018
auto.tcl: Setting watchdog for 200 seconds at Thu Nov 01 02:38:18 UTC 2018
10 ms. Memory: 208384K Free: 186380K (89%)
ptolemy.util.test.WatchDog.cancel(): canceling Thu Nov 01 02:38:18 UTC 2018
------------------ testing $PTII/ptolemy/domains/de/test/auto/CQBug1.xml
auto.tcl: Setting watchdog for 200 seconds at Thu Nov 01 02:38:18 UTC 2018
4 ms. Memory: 208384K Free: 197743K (95%)
ptolemy.util.test.WatchDog.cancel(): canceling Thu Nov 01 02:38:18 UTC 2018
auto.tcl: Setting watchdog for 200 seconds at Thu Nov 01 02:38:18 UTC 2018
7 ms. Memory: 208384K Free: 197743K (95%)
ptolemy.util.test.WatchDog.cancel(): canceling Thu Nov 01 02:38:18 UTC 2018
------------------ testing $PTII/ptolemy/domains/de/test/auto/CancelFireAt.xml
auto.tcl: Setting watchdog for 200 seconds at Thu Nov 01 02:38:18 UTC 2018
5 ms. Memory: 208384K Free: 201449K (97%)
ptolemy.util.test.WatchDog.cancel(): canceling Thu Nov 01 02:38:18 UTC 2018
auto.tcl: Setting watchdog for 200 seconds at Thu Nov 01 02:38:18 UTC 2018
3 ms. Memory: 208384K Free: 199363K (96%)
ptolemy.util.test.WatchDog.cancel(): canceling Thu Nov 01 02:38:18 UTC 2018
------------------ testing $PTII/ptolemy/domains/de/test/auto/CausalityAndComposabilityAnalysis.xml
auto.tcl: Setting watchdog for 200 seconds at Thu Nov 01 02:38:18 UTC 2018
9 ms. Memory: 208384K Free: 196876K (94%)
ptolemy.util.test.WatchDog.cancel(): canceling Thu Nov 01 02:38:18 UTC 2018
auto.tcl: Setting watchdog for 200 seconds at Thu Nov 01 02:38:18 UTC 2018
11 ms. Memory: 208384K Free: 196876K (94%)
ptolemy.util.test.WatchDog.cancel(): canceling Thu Nov 01 02:38:18 UTC 2018
------------------ testing $PTII/ptolemy/domains/de/test/auto/CausalityInterface1.xml
auto.tcl: Setting watchdog for 200 seconds at Thu Nov 01 02:38:18 UTC 2018
10 ms. Memory: 208384K Free: 196477K (94%)
ptolemy.util.test.WatchDog.cancel(): canceling Thu Nov 01 02:38:18 UTC 2018
auto.tcl: Setting watchdog for 200 seconds at Thu Nov 01 02:38:18 UTC 2018
5 ms. Memory: 208384K Free: 196477K (94%)
ptolemy.util.test.WatchDog.cancel(): canceling Thu Nov 01 02:38:18 UTC 2018
------------------ testing $PTII/ptolemy/domains/de/test/auto/CausalityInterface15.xml
auto.tcl: Setting watchdog for 200 seconds at Thu Nov 01 02:38:18 UTC 2018
12 ms. Memory: 208384K Free: 196467K (94%)
ptolemy.util.test.WatchDog.cancel(): canceling Thu Nov 01 02:38:18 UTC 2018
auto.tcl: Setting watchdog for 200 seconds at Thu Nov 01 02:38:18 UTC 2018
9 ms. Memory: 208384K Free: 194381K (93%)
ptolemy.util.test.WatchDog.cancel(): canceling Thu Nov 01 02:38:18 UTC 2018
------------------ testing $PTII/ptolemy/domains/de/test/auto/CausalityInterface2.xml
auto.tcl: Setting watchdog for 200 seconds at Thu Nov 01 02:38:18 UTC 2018
7 ms. Memory: 208384K Free: 196450K (94%)
ptolemy.util.test.WatchDog.cancel(): canceling Thu Nov 01 02:38:19 UTC 2018
auto.tcl: Setting watchdog for 200 seconds at Thu Nov 01 02:38:19 UTC 2018
4 ms. Memory: 208384K Free: 196450K (94%)
ptolemy.util.test.WatchDog.cancel(): canceling Thu Nov 01 02:38:19 UTC 2018
------------------ testing $PTII/ptolemy/domains/de/test/auto/CausalityInterface3.xml
auto.tcl: Setting watchdog for 200 seconds at Thu Nov 01 02:38:19 UTC 2018
12 ms. Memory: 208384K Free: 196463K (94%)
ptolemy.util.test.WatchDog.cancel(): canceling Thu Nov 01 02:38:19 UTC 2018
auto.tcl: Setting watchdog for 200 seconds at Thu Nov 01 02:38:19 UTC 2018
8 ms. Memory: 208384K Free: 196463K (94%)
ptolemy.util.test.WatchDog.cancel(): canceling Thu Nov 01 02:38:19 UTC 2018
------------------ testing $PTII/ptolemy/domains/de/test/auto/ClockDrift.xml
auto.tcl: Setting watchdog for 200 seconds at Thu Nov 01 02:38:19 UTC 2018
100 ms. Memory: 208384K Free: 187738K (90%)
ptolemy.util.test.WatchDog.cancel(): canceling Thu Nov 01 02:38:19 UTC 2018
auto.tcl: Setting watchdog for 200 seconds at Thu Nov 01 02:38:19 UTC 2018
43 ms. Memory: 208384K Free: 185653K (89%)
ptolemy.util.test.WatchDog.cancel(): canceling Thu Nov 01 02:38:19 UTC 2018
------------------ testing $PTII/ptolemy/domains/de/test/auto/ClockDriftAndValueChange.xml
auto.tcl: Setting watchdog for 200 seconds at Thu Nov 01 02:38:19 UTC 2018
68 ms. Memory: 208384K Free: 187572K (90%)
ptolemy.util.test.WatchDog.cancel(): canceling Thu Nov 01 02:38:19 UTC 2018
auto.tcl: Setting watchdog for 200 seconds at Thu Nov 01 02:38:19 UTC 2018
52 ms. Memory: 208384K Free: 185487K (89%)
ptolemy.util.test.WatchDog.cancel(): canceling Thu Nov 01 02:38:19 UTC 2018
------------------ testing $PTII/ptolemy/domains/de/test/auto/ClockDriftChange.xml
auto.tcl: Setting watchdog for 200 seconds at Thu Nov 01 02:38:19 UTC 2018
26 ms. Memory: 208384K Free: 190869K (92%)
ptolemy.util.test.WatchDog.cancel(): canceling Thu Nov 01 02:38:19 UTC 2018
auto.tcl: Setting watchdog for 200 seconds at Thu Nov 01 02:38:19 UTC 2018
27 ms. Memory: 208384K Free: 188784K (91%)
ptolemy.util.test.WatchDog.cancel(): canceling Thu Nov 01 02:38:19 UTC 2018
------------------ testing $PTII/ptolemy/domains/de/test/auto/ComposableCausalityAnalysis.xml
auto.tcl: Setting watchdog for 200 seconds at Thu Nov 01 02:38:19 UTC 2018
2 ms. Memory: 208384K Free: 196308K (94%)
ptolemy.util.test.WatchDog.cancel(): canceling Thu Nov 01 02:38:19 UTC 2018
auto.tcl: Setting watchdog for 200 seconds at Thu Nov 01 02:38:19 UTC 2018
3 ms. Memory: 208384K Free: 194223K (93%)
ptolemy.util.test.WatchDog.cancel(): canceling Thu Nov 01 02:38:19 UTC 2018
------------------ testing $PTII/ptolemy/domains/de/test/auto/DEFixedPointLimitation.xml
auto.tcl: Setting watchdog for 200 seconds at Thu Nov 01 02:38:19 UTC 2018
2 ms. Memory: 208384K Free: 196389K (94%)
ptolemy.util.test.WatchDog.cancel(): canceling Thu Nov 01 02:38:19 UTC 2018
auto.tcl: Setting watchdog for 200 seconds at Thu Nov 01 02:38:19 UTC 2018
1 ms. Memory: 208384K Free: 196389K (94%)
ptolemy.util.test.WatchDog.cancel(): canceling Thu Nov 01 02:38:19 UTC 2018
------------------ testing $PTII/ptolemy/domains/de/test/auto/DEScheduleTest.xml
auto.tcl: Setting watchdog for 200 seconds at Thu Nov 01 02:38:20 UTC 2018
8 ms. Memory: 208384K Free: 198511K (95%)
ptolemy.util.test.WatchDog.cancel(): canceling Thu Nov 01 02:38:20 UTC 2018
auto.tcl: Setting watchdog for 200 seconds at Thu Nov 01 02:38:20 UTC 2018
4 ms. Memory: 208384K Free: 196426K (94%)
ptolemy.util.test.WatchDog.cancel(): canceling Thu Nov 01 02:38:20 UTC 2018
------------------ testing $PTII/ptolemy/domains/de/test/auto/DEinDEwithStartTimes.xml
auto.tcl: Setting watchdog for 200 seconds at Thu Nov 01 02:38:20 UTC 2018
8 ms. Memory: 208384K Free: 196395K (94%)
ptolemy.util.test.WatchDog.cancel(): canceling Thu Nov 01 02:38:20 UTC 2018
auto.tcl: Setting watchdog for 200 seconds at Thu Nov 01 02:38:20 UTC 2018
5 ms. Memory: 208384K Free: 194310K (93%)
ptolemy.util.test.WatchDog.cancel(): canceling Thu Nov 01 02:38:20 UTC 2018
------------------ testing $PTII/ptolemy/domains/de/test/auto/DEinDEwithStartTimes2.xml
auto.tcl: Setting watchdog for 200 seconds at Thu Nov 01 02:38:20 UTC 2018
11 ms. Memory: 208384K Free: 196374K (94%)
ptolemy.util.test.WatchDog.cancel(): canceling Thu Nov 01 02:38:20 UTC 2018
auto.tcl: Setting watchdog for 200 seconds at Thu Nov 01 02:38:20 UTC 2018
4 ms. Memory: 208384K Free: 194289K (93%)
ptolemy.util.test.WatchDog.cancel(): canceling Thu Nov 01 02:38:20 UTC 2018
------------------ testing $PTII/ptolemy/domains/de/test/auto/DateDemo.xml
auto.tcl: Setting watchdog for 200 seconds at Thu Nov 01 02:38:20 UTC 2018
12 ms. Memory: 208384K Free: 188855K (91%)
ptolemy.util.test.WatchDog.cancel(): canceling Thu Nov 01 02:38:20 UTC 2018
auto.tcl: Setting watchdog for 200 seconds at Thu Nov 01 02:38:20 UTC 2018
11 ms. Memory: 208384K Free: 186769K (90%)
ptolemy.util.test.WatchDog.cancel(): canceling Thu Nov 01 02:38:20 UTC 2018
------------------ testing $PTII/ptolemy/domains/de/test/auto/DateToEvent.xml
auto.tcl: Setting watchdog for 200 seconds at Thu Nov 01 02:38:20 UTC 2018
2010 ms. Memory: 208384K Free: 183621K (88%)
ptolemy.util.test.WatchDog.cancel(): canceling Thu Nov 01 02:38:22 UTC 2018
auto.tcl: Setting watchdog for 200 seconds at Thu Nov 01 02:38:22 UTC 2018
2005 ms. Memory: 208384K Free: 183621K (88%)
ptolemy.util.test.WatchDog.cancel(): canceling Thu Nov 01 02:38:24 UTC 2018
------------------ testing $PTII/ptolemy/domains/de/test/auto/DepthTest1.xml
auto.tcl: Setting watchdog for 200 seconds at Thu Nov 01 02:38:24 UTC 2018
5 ms. Memory: 208384K Free: 198377K (95%)
ptolemy.util.test.WatchDog.cancel(): canceling Thu Nov 01 02:38:24 UTC 2018
auto.tcl: Setting watchdog for 200 seconds at Thu Nov 01 02:38:24 UTC 2018
1 ms. Memory: 208384K Free: 198377K (95%)
ptolemy.util.test.WatchDog.cancel(): canceling Thu Nov 01 02:38:24 UTC 2018
------------------ testing $PTII/ptolemy/domains/de/test/auto/DepthTest2.xml
auto.tcl: Setting watchdog for 200 seconds at Thu Nov 01 02:38:24 UTC 2018
7 ms. Memory: 208384K Free: 194270K (93%)
ptolemy.util.test.WatchDog.cancel(): canceling Thu Nov 01 02:38:24 UTC 2018
auto.tcl: Setting watchdog for 200 seconds at Thu Nov 01 02:38:24 UTC 2018
3 ms. Memory: 208384K Free: 194270K (93%)
ptolemy.util.test.WatchDog.cancel(): canceling Thu Nov 01 02:38:24 UTC 2018
------------------ testing $PTII/ptolemy/domains/de/test/auto/DepthTest3.xml
auto.tcl: Setting watchdog for 200 seconds at Thu Nov 01 02:38:24 UTC 2018
3 ms. Memory: 208384K Free: 198712K (95%)
ptolemy.util.test.WatchDog.cancel(): canceling Thu Nov 01 02:38:24 UTC 2018
auto.tcl: Setting watchdog for 200 seconds at Thu Nov 01 02:38:24 UTC 2018
2 ms. Memory: 208384K Free: 198712K (95%)
ptolemy.util.test.WatchDog.cancel(): canceling Thu Nov 01 02:38:24 UTC 2018
------------------ testing $PTII/ptolemy/domains/de/test/auto/DepthTest4.xml
auto.tcl: Setting watchdog for 200 seconds at Thu Nov 01 02:38:24 UTC 2018
3 ms. Memory: 208384K Free: 196377K (94%)
ptolemy.util.test.WatchDog.cancel(): canceling Thu Nov 01 02:38:24 UTC 2018
auto.tcl: Setting watchdog for 200 seconds at Thu Nov 01 02:38:24 UTC 2018
3 ms. Memory: 208384K Free: 196377K (94%)
ptolemy.util.test.WatchDog.cancel(): canceling Thu Nov 01 02:38:24 UTC 2018
------------------ testing $PTII/ptolemy/domains/de/test/auto/DepthTest5.xml
auto.tcl: Setting watchdog for 200 seconds at Thu Nov 01 02:38:24 UTC 2018
4 ms. Memory: 208384K Free: 196324K (94%)
ptolemy.util.test.WatchDog.cancel(): canceling Thu Nov 01 02:38:24 UTC 2018
auto.tcl: Setting watchdog for 200 seconds at Thu Nov 01 02:38:24 UTC 2018
3 ms. Memory: 208384K Free: 196324K (94%)
ptolemy.util.test.WatchDog.cancel(): canceling Thu Nov 01 02:38:24 UTC 2018
------------------ testing $PTII/ptolemy/domains/de/test/auto/DepthTest6.xml
auto.tcl: Setting watchdog for 200 seconds at Thu Nov 01 02:38:24 UTC 2018
8 ms. Memory: 208384K Free: 196638K (94%)
ptolemy.util.test.WatchDog.cancel(): canceling Thu Nov 01 02:38:24 UTC 2018
auto.tcl: Setting watchdog for 200 seconds at Thu Nov 01 02:38:24 UTC 2018
3 ms. Memory: 208384K Free: 196638K (94%)
ptolemy.util.test.WatchDog.cancel(): canceling Thu Nov 01 02:38:24 UTC 2018
------------------ testing $PTII/ptolemy/domains/de/test/auto/DepthTest7.xml
auto.tcl: Setting watchdog for 200 seconds at Thu Nov 01 02:38:25 UTC 2018
7 ms. Memory: 208384K Free: 196282K (94%)
ptolemy.util.test.WatchDog.cancel(): canceling Thu Nov 01 02:38:25 UTC 2018
auto.tcl: Setting watchdog for 200 seconds at Thu Nov 01 02:38:25 UTC 2018
3 ms. Memory: 208384K Free: 196282K (94%)
ptolemy.util.test.WatchDog.cancel(): canceling Thu Nov 01 02:38:25 UTC 2018
------------------ testing $PTII/ptolemy/domains/de/test/auto/EventToDate.xml
auto.tcl: Setting watchdog for 200 seconds at Thu Nov 01 02:38:25 UTC 2018
3005 ms. Memory: 208384K Free: 185875K (89%)
ptolemy.util.test.WatchDog.cancel(): canceling Thu Nov 01 02:38:28 UTC 2018
auto.tcl: Setting watchdog for 200 seconds at Thu Nov 01 02:38:28 UTC 2018
3005 ms. Memory: 208384K Free: 185875K (89%)
ptolemy.util.test.WatchDog.cancel(): canceling Thu Nov 01 02:38:31 UTC 2018
------------------ testing $PTII/ptolemy/domains/de/test/auto/FSM1.xml
auto.tcl: Setting watchdog for 200 seconds at Thu Nov 01 02:38:31 UTC 2018
36 ms. Memory: 208384K Free: 187277K (90%)
ptolemy.util.test.WatchDog.cancel(): canceling Thu Nov 01 02:38:31 UTC 2018
auto.tcl: Setting watchdog for 200 seconds at Thu Nov 01 02:38:31 UTC 2018
31 ms. Memory: 208384K Free: 185192K (89%)
ptolemy.util.test.WatchDog.cancel(): canceling Thu Nov 01 02:38:31 UTC 2018
------------------ testing $PTII/ptolemy/domains/de/test/auto/FSM7.xml
auto.tcl: Setting watchdog for 200 seconds at Thu Nov 01 02:38:31 UTC 2018
24 ms. Memory: 208384K Free: 187480K (90%)
ptolemy.util.test.WatchDog.cancel(): canceling Thu Nov 01 02:38:31 UTC 2018
auto.tcl: Setting watchdog for 200 seconds at Thu Nov 01 02:38:31 UTC 2018
22 ms. Memory: 208384K Free: 185394K (89%)
ptolemy.util.test.WatchDog.cancel(): canceling Thu Nov 01 02:38:31 UTC 2018
------------------ testing $PTII/ptolemy/domains/de/test/auto/Inspection.xml
auto.tcl: Setting watchdog for 200 seconds at Thu Nov 01 02:38:31 UTC 2018
53 ms. Memory: 208384K Free: 189032K (91%)
ptolemy.util.test.WatchDog.cancel(): canceling Thu Nov 01 02:38:31 UTC 2018
auto.tcl: Setting watchdog for 200 seconds at Thu Nov 01 02:38:31 UTC 2018
28 ms. Memory: 208384K Free: 186609K (90%)
ptolemy.util.test.WatchDog.cancel(): canceling Thu Nov 01 02:38:31 UTC 2018
------------------ testing $PTII/ptolemy/domains/de/test/auto/Iteration.xml
auto.tcl: Setting watchdog for 200 seconds at Thu Nov 01 02:38:31 UTC 2018
18 ms. Memory: 208384K Free: 196426K (94%)
ptolemy.util.test.WatchDog.cancel(): canceling Thu Nov 01 02:38:31 UTC 2018
auto.tcl: Setting watchdog for 200 seconds at Thu Nov 01 02:38:31 UTC 2018
12 ms. Memory: 208384K Free: 194003K (93%)
ptolemy.util.test.WatchDog.cancel(): canceling Thu Nov 01 02:38:31 UTC 2018
------------------ testing $PTII/ptolemy/domains/de/test/auto/LineFault.xml
auto.tcl: Setting watchdog for 200 seconds at Thu Nov 01 02:38:31 UTC 2018
826 ms. Memory: 208384K Free: 196166K (94%)
ptolemy.util.test.WatchDog.cancel(): canceling Thu Nov 01 02:38:33 UTC 2018
auto.tcl: Setting watchdog for 200 seconds at Thu Nov 01 02:38:33 UTC 2018
787 ms. Memory: 208384K Free: 139234K (67%)
ptolemy.util.test.WatchDog.cancel(): canceling Thu Nov 01 02:38:33 UTC 2018
------------------ testing $PTII/ptolemy/domains/de/test/auto/MergeModel1Add.xml
auto.tcl: Setting watchdog for 200 seconds at Thu Nov 01 02:38:33 UTC 2018
19 ms. Memory: 331264K Free: 298890K (90%)
ptolemy.util.test.WatchDog.cancel(): canceling Thu Nov 01 02:38:34 UTC 2018
auto.tcl: Setting watchdog for 200 seconds at Thu Nov 01 02:38:34 UTC 2018
11 ms. Memory: 331264K Free: 298890K (90%)
ptolemy.util.test.WatchDog.cancel(): canceling Thu Nov 01 02:38:34 UTC 2018
------------------ testing $PTII/ptolemy/domains/de/test/auto/MergeModel2Add.xml
auto.tcl: Setting watchdog for 200 seconds at Thu Nov 01 02:38:34 UTC 2018
15 ms. Memory: 331264K Free: 304170K (92%)
ptolemy.util.test.WatchDog.cancel(): canceling Thu Nov 01 02:38:34 UTC 2018
auto.tcl: Setting watchdog for 200 seconds at Thu Nov 01 02:38:34 UTC 2018
12 ms. Memory: 331264K Free: 300228K (91%)
ptolemy.util.test.WatchDog.cancel(): canceling Thu Nov 01 02:38:34 UTC 2018
------------------ testing $PTII/ptolemy/domains/de/test/auto/MergeModel3Add.xml
auto.tcl: Setting watchdog for 200 seconds at Thu Nov 01 02:38:34 UTC 2018
11 ms. Memory: 331264K Free: 304180K (92%)
ptolemy.util.test.WatchDog.cancel(): canceling Thu Nov 01 02:38:34 UTC 2018
auto.tcl: Setting watchdog for 200 seconds at Thu Nov 01 02:38:34 UTC 2018
11 ms. Memory: 331264K Free: 300238K (91%)
ptolemy.util.test.WatchDog.cancel(): canceling Thu Nov 01 02:38:34 UTC 2018
------------------ testing $PTII/ptolemy/domains/de/test/auto/MergeWithoutDiscard.xml
auto.tcl: Setting watchdog for 200 seconds at Thu Nov 01 02:38:34 UTC 2018
3 ms. Memory: 331264K Free: 320232K (97%)
ptolemy.util.test.WatchDog.cancel(): canceling Thu Nov 01 02:38:34 UTC 2018
auto.tcl: Setting watchdog for 200 seconds at Thu Nov 01 02:38:34 UTC 2018
1 ms. Memory: 331264K Free: 316290K (95%)
ptolemy.util.test.WatchDog.cancel(): canceling Thu Nov 01 02:38:34 UTC 2018
------------------ testing $PTII/ptolemy/domains/de/test/auto/Modal1.xml
auto.tcl: Setting watchdog for 200 seconds at Thu Nov 01 02:38:34 UTC 2018
24 ms. Memory: 331264K Free: 309902K (94%)
ptolemy.util.test.WatchDog.cancel(): canceling Thu Nov 01 02:38:34 UTC 2018
auto.tcl: Setting watchdog for 200 seconds at Thu Nov 01 02:38:34 UTC 2018
20 ms. Memory: 331264K Free: 305960K (92%)
ptolemy.util.test.WatchDog.cancel(): canceling Thu Nov 01 02:38:34 UTC 2018
------------------ testing $PTII/ptolemy/domains/de/test/auto/Modal2.xml
auto.tcl: Setting watchdog for 200 seconds at Thu Nov 01 02:38:34 UTC 2018
12 ms. Memory: 331264K Free: 309784K (94%)
ptolemy.util.test.WatchDog.cancel(): canceling Thu Nov 01 02:38:34 UTC 2018
auto.tcl: Setting watchdog for 200 seconds at Thu Nov 01 02:38:34 UTC 2018
13 ms. Memory: 331264K Free: 305842K (92%)
ptolemy.util.test.WatchDog.cancel(): canceling Thu Nov 01 02:38:34 UTC 2018
------------------ testing $PTII/ptolemy/domains/de/test/auto/Modal3.xml
auto.tcl: Setting watchdog for 200 seconds at Thu Nov 01 02:38:34 UTC 2018
17 ms. Memory: 331264K Free: 309774K (94%)
ptolemy.util.test.WatchDog.cancel(): canceling Thu Nov 01 02:38:34 UTC 2018
auto.tcl: Setting watchdog for 200 seconds at Thu Nov 01 02:38:34 UTC 2018
14 ms. Memory: 331264K Free: 305832K (92%)
ptolemy.util.test.WatchDog.cancel(): canceling Thu Nov 01 02:38:34 UTC 2018
------------------ testing $PTII/ptolemy/domains/de/test/auto/Modal4.xml
auto.tcl: Setting watchdog for 200 seconds at Thu Nov 01 02:38:34 UTC 2018
26 ms. Memory: 331264K Free: 309787K (94%)
ptolemy.util.test.WatchDog.cancel(): canceling Thu Nov 01 02:38:34 UTC 2018
auto.tcl: Setting watchdog for 200 seconds at Thu Nov 01 02:38:34 UTC 2018
16 ms. Memory: 331264K Free: 305845K (92%)
ptolemy.util.test.WatchDog.cancel(): canceling Thu Nov 01 02:38:34 UTC 2018
------------------ testing $PTII/ptolemy/domains/de/test/auto/Modal5.xml
auto.tcl: Setting watchdog for 200 seconds at Thu Nov 01 02:38:34 UTC 2018
15 ms. Memory: 331264K Free: 309775K (94%)
ptolemy.util.test.WatchDog.cancel(): canceling Thu Nov 01 02:38:35 UTC 2018
auto.tcl: Setting watchdog for 200 seconds at Thu Nov 01 02:38:35 UTC 2018
18 ms. Memory: 331264K Free: 300917K (91%)
ptolemy.util.test.WatchDog.cancel(): canceling Thu Nov 01 02:38:35 UTC 2018
------------------ testing $PTII/ptolemy/domains/de/test/auto/Modal6.xml
auto.tcl: Setting watchdog for 200 seconds at Thu Nov 01 02:38:35 UTC 2018
14 ms. Memory: 331264K Free: 309771K (94%)
ptolemy.util.test.WatchDog.cancel(): canceling Thu Nov 01 02:38:35 UTC 2018
auto.tcl: Setting watchdog for 200 seconds at Thu Nov 01 02:38:35 UTC 2018
16 ms. Memory: 331264K Free: 305829K (92%)
ptolemy.util.test.WatchDog.cancel(): canceling Thu Nov 01 02:38:35 UTC 2018
------------------ testing $PTII/ptolemy/domains/de/test/auto/Modal7.xml
auto.tcl: Setting watchdog for 200 seconds at Thu Nov 01 02:38:35 UTC 2018
12 ms. Memory: 331264K Free: 309772K (94%)
ptolemy.util.test.WatchDog.cancel(): canceling Thu Nov 01 02:38:35 UTC 2018
auto.tcl: Setting watchdog for 200 seconds at Thu Nov 01 02:38:35 UTC 2018
13 ms. Memory: 331264K Free: 305829K (92%)
ptolemy.util.test.WatchDog.cancel(): canceling Thu Nov 01 02:38:35 UTC 2018
------------------ testing $PTII/ptolemy/domains/de/test/auto/ModalModel.xml
auto.tcl: Setting watchdog for 200 seconds at Thu Nov 01 02:38:35 UTC 2018
225 ms. Memory: 331264K Free: 246303K (74%)
ptolemy.util.test.WatchDog.cancel(): canceling Thu Nov 01 02:38:35 UTC 2018
auto.tcl: Setting watchdog for 200 seconds at Thu Nov 01 02:38:35 UTC 2018
242 ms. Memory: 331264K Free: 191113K (58%)
ptolemy.util.test.WatchDog.cancel(): canceling Thu Nov 01 02:38:35 UTC 2018
------------------ testing $PTII/ptolemy/domains/de/test/auto/ModalSource.xml
auto.tcl: Setting watchdog for 200 seconds at Thu Nov 01 02:38:35 UTC 2018
11 ms. Memory: 331264K Free: 316549K (96%)
ptolemy.util.test.WatchDog.cancel(): canceling Thu Nov 01 02:38:35 UTC 2018
auto.tcl: Setting watchdog for 200 seconds at Thu Nov 01 02:38:35 UTC 2018
7 ms. Memory: 331264K Free: 313038K (94%)
ptolemy.util.test.WatchDog.cancel(): canceling Thu Nov 01 02:38:35 UTC 2018
------------------ testing $PTII/ptolemy/domains/de/test/auto/NonInterruptibleTimerZeroDelay.xml
auto.tcl: Setting watchdog for 200 seconds at Thu Nov 01 02:38:35 UTC 2018
4 ms. Memory: 331264K Free: 320899K (97%)
ptolemy.util.test.WatchDog.cancel(): canceling Thu Nov 01 02:38:36 UTC 2018
auto.tcl: Setting watchdog for 200 seconds at Thu Nov 01 02:38:36 UTC 2018
3 ms. Memory: 331264K Free: 317387K (96%)
ptolemy.util.test.WatchDog.cancel(): canceling Thu Nov 01 02:38:36 UTC 2018
------------------ testing $PTII/ptolemy/domains/de/test/auto/OpenQueueingNetwork.xml
auto.tcl: Setting watchdog for 200 seconds at Thu Nov 01 02:38:36 UTC 2018
4183 ms. Memory: 317952K Free: 141563K (45%)
ptolemy.util.test.WatchDog.cancel(): canceling Thu Nov 01 02:38:40 UTC 2018
auto.tcl: Setting watchdog for 200 seconds at Thu Nov 01 02:38:40 UTC 2018
3304 ms. Memory: 287232K Free: 193307K (67%)
ptolemy.util.test.WatchDog.cancel(): canceling Thu Nov 01 02:38:43 UTC 2018
------------------ testing $PTII/ptolemy/domains/de/test/auto/OpenQueuingNetwork.xml
auto.tcl: Setting watchdog for 200 seconds at Thu Nov 01 02:38:43 UTC 2018
339 ms. Memory: 287232K Free: 183981K (64%)
ptolemy.util.test.WatchDog.cancel(): canceling Thu Nov 01 02:38:44 UTC 2018
auto.tcl: Setting watchdog for 200 seconds at Thu Nov 01 02:38:44 UTC 2018
312 ms. Memory: 287232K Free: 121326K (42%)
ptolemy.util.test.WatchDog.cancel(): canceling Thu Nov 01 02:38:44 UTC 2018
------------------ testing $PTII/ptolemy/domains/de/test/auto/PeriodicSampler.xml
auto.tcl: Setting watchdog for 200 seconds at Thu Nov 01 02:38:44 UTC 2018
3 ms. Memory: 289792K Free: 274963K (95%)
ptolemy.util.test.WatchDog.cancel(): canceling Thu Nov 01 02:38:44 UTC 2018
auto.tcl: Setting watchdog for 200 seconds at Thu Nov 01 02:38:44 UTC 2018
2 ms. Memory: 289792K Free: 274963K (95%)
ptolemy.util.test.WatchDog.cancel(): canceling Thu Nov 01 02:38:44 UTC 2018
------------------ testing $PTII/ptolemy/domains/de/test/auto/PersistentIO.xml
auto.tcl: Setting watchdog for 200 seconds at Thu Nov 01 02:38:44 UTC 2018
17 ms. Memory: 287232K Free: 269249K (94%)
ptolemy.util.test.WatchDog.cancel(): canceling Thu Nov 01 02:38:44 UTC 2018
auto.tcl: Setting watchdog for 200 seconds at Thu Nov 01 02:38:44 UTC 2018
4 ms. Memory: 287232K Free: 269249K (94%)
ptolemy.util.test.WatchDog.cancel(): canceling Thu Nov 01 02:38:44 UTC 2018
------------------ testing $PTII/ptolemy/domains/de/test/auto/PortParameterResetOnInitialize.xml
auto.tcl: Setting watchdog for 200 seconds at Thu Nov 01 02:38:44 UTC 2018
3 ms. Memory: 289280K Free: 276868K (96%)
ptolemy.util.test.WatchDog.cancel(): canceling Thu Nov 01 02:38:44 UTC 2018
auto.tcl: Setting watchdog for 200 seconds at Thu Nov 01 02:38:44 UTC 2018
2 ms. Memory: 289280K Free: 276868K (96%)
ptolemy.util.test.WatchDog.cancel(): canceling Thu Nov 01 02:38:44 UTC 2018
------------------ testing $PTII/ptolemy/domains/de/test/auto/PortParameterUpdates.xml
auto.tcl: Setting watchdog for 200 seconds at Thu Nov 01 02:38:44 UTC 2018
3 ms. Memory: 287232K Free: 275053K (96%)
ptolemy.util.test.WatchDog.cancel(): canceling Thu Nov 01 02:38:44 UTC 2018
auto.tcl: Setting watchdog for 200 seconds at Thu Nov 01 02:38:44 UTC 2018
4 ms. Memory: 287232K Free: 272199K (95%)
ptolemy.util.test.WatchDog.cancel(): canceling Thu Nov 01 02:38:44 UTC 2018
------------------ testing $PTII/ptolemy/domains/de/test/auto/QueueAndServer.xml
auto.tcl: Setting watchdog for 200 seconds at Thu Nov 01 02:38:44 UTC 2018
8 ms. Memory: 289280K Free: 274110K (95%)
ptolemy.util.test.WatchDog.cancel(): canceling Thu Nov 01 02:38:45 UTC 2018
auto.tcl: Setting watchdog for 200 seconds at Thu Nov 01 02:38:45 UTC 2018
7 ms. Memory: 289280K Free: 274110K (95%)
ptolemy.util.test.WatchDog.cancel(): canceling Thu Nov 01 02:38:45 UTC 2018
------------------ testing $PTII/ptolemy/domains/de/test/auto/Records.xml
auto.tcl: Setting watchdog for 200 seconds at Thu Nov 01 02:38:45 UTC 2018
6 ms. Memory: 287232K Free: 274857K (96%)
ptolemy.util.test.WatchDog.cancel(): canceling Thu Nov 01 02:38:45 UTC 2018
auto.tcl: Setting watchdog for 200 seconds at Thu Nov 01 02:38:45 UTC 2018
2 ms. Memory: 287232K Free: 274857K (96%)
ptolemy.util.test.WatchDog.cancel(): canceling Thu Nov 01 02:38:45 UTC 2018
------------------ testing $PTII/ptolemy/domains/de/test/auto/ResetTransitionWithStartTime1.xml
auto.tcl: Setting watchdog for 200 seconds at Thu Nov 01 02:38:45 UTC 2018
6 ms. Memory: 288768K Free: 273666K (95%)
ptolemy.util.test.WatchDog.cancel(): canceling Thu Nov 01 02:38:45 UTC 2018
auto.tcl: Setting watchdog for 200 seconds at Thu Nov 01 02:38:45 UTC 2018
7 ms. Memory: 288768K Free: 270710K (94%)
ptolemy.util.test.WatchDog.cancel(): canceling Thu Nov 01 02:38:45 UTC 2018
------------------ testing $PTII/ptolemy/domains/de/test/auto/ResetTransitionWithStartTime2.xml
auto.tcl: Setting watchdog for 200 seconds at Thu Nov 01 02:38:45 UTC 2018
6 ms. Memory: 287232K Free: 272121K (95%)
ptolemy.util.test.WatchDog.cancel(): canceling Thu Nov 01 02:38:45 UTC 2018
auto.tcl: Setting watchdog for 200 seconds at Thu Nov 01 02:38:45 UTC 2018
7 ms. Memory: 287232K Free: 269266K (94%)
ptolemy.util.test.WatchDog.cancel(): canceling Thu Nov 01 02:38:45 UTC 2018
------------------ testing $PTII/ptolemy/domains/de/test/auto/ResetTransitionWithStartTime3.xml
auto.tcl: Setting watchdog for 200 seconds at Thu Nov 01 02:38:45 UTC 2018
6 ms. Memory: 288768K Free: 273554K (95%)
ptolemy.util.test.WatchDog.cancel(): canceling Thu Nov 01 02:38:45 UTC 2018
auto.tcl: Setting watchdog for 200 seconds at Thu Nov 01 02:38:45 UTC 2018
7 ms. Memory: 288768K Free: 270699K (94%)
ptolemy.util.test.WatchDog.cancel(): canceling Thu Nov 01 02:38:45 UTC 2018
------------------ testing $PTII/ptolemy/domains/de/test/auto/ResetTransitionWithStartTime4.xml
auto.tcl: Setting watchdog for 200 seconds at Thu Nov 01 02:38:45 UTC 2018
4 ms. Memory: 287232K Free: 272015K (95%)
ptolemy.util.test.WatchDog.cancel(): canceling Thu Nov 01 02:38:45 UTC 2018
auto.tcl: Setting watchdog for 200 seconds at Thu Nov 01 02:38:45 UTC 2018
4 ms. Memory: 287232K Free: 272015K (95%)
ptolemy.util.test.WatchDog.cancel(): canceling Thu Nov 01 02:38:45 UTC 2018
------------------ testing $PTII/ptolemy/domains/de/test/auto/ResettableTimer1.xml
auto.tcl: Setting watchdog for 200 seconds at Thu Nov 01 02:38:45 UTC 2018
3 ms. Memory: 288768K Free: 276486K (96%)
ptolemy.util.test.WatchDog.cancel(): canceling Thu Nov 01 02:38:45 UTC 2018
auto.tcl: Setting watchdog for 200 seconds at Thu Nov 01 02:38:45 UTC 2018
4 ms. Memory: 288768K Free: 276486K (96%)
ptolemy.util.test.WatchDog.cancel(): canceling Thu Nov 01 02:38:45 UTC 2018
------------------ testing $PTII/ptolemy/domains/de/test/auto/ResettableTimer2.xml
auto.tcl: Setting watchdog for 200 seconds at Thu Nov 01 02:38:45 UTC 2018
3 ms. Memory: 287232K Free: 275008K (96%)
ptolemy.util.test.WatchDog.cancel(): canceling Thu Nov 01 02:38:45 UTC 2018
auto.tcl: Setting watchdog for 200 seconds at Thu Nov 01 02:38:45 UTC 2018
2 ms. Memory: 287232K Free: 275008K (96%)
ptolemy.util.test.WatchDog.cancel(): canceling Thu Nov 01 02:38:45 UTC 2018
------------------ testing $PTII/ptolemy/domains/de/test/auto/ResettableTimer3.xml
auto.tcl: Setting watchdog for 200 seconds at Thu Nov 01 02:38:45 UTC 2018
1 ms. Memory: 288256K Free: 273880K (95%)
ptolemy.util.test.WatchDog.cancel(): canceling Thu Nov 01 02:38:45 UTC 2018
auto.tcl: Setting watchdog for 200 seconds at Thu Nov 01 02:38:45 UTC 2018
2 ms. Memory: 288256K Free: 273880K (95%)
ptolemy.util.test.WatchDog.cancel(): canceling Thu Nov 01 02:38:45 UTC 2018
------------------ testing $PTII/ptolemy/domains/de/test/auto/ResettableTimer4.xml
auto.tcl: Setting watchdog for 200 seconds at Thu Nov 01 02:38:45 UTC 2018
1 ms. Memory: 287232K Free: 275020K (96%)
ptolemy.util.test.WatchDog.cancel(): canceling Thu Nov 01 02:38:45 UTC 2018
auto.tcl: Setting watchdog for 200 seconds at Thu Nov 01 02:38:45 UTC 2018
1 ms. Memory: 287232K Free: 275020K (96%)
ptolemy.util.test.WatchDog.cancel(): canceling Thu Nov 01 02:38:45 UTC 2018
------------------ testing $PTII/ptolemy/domains/de/test/auto/ResettableTimer5.xml
auto.tcl: Setting watchdog for 200 seconds at Thu Nov 01 02:38:45 UTC 2018
1 ms. Memory: 288256K Free: 273984K (95%)
ptolemy.util.test.WatchDog.cancel(): canceling Thu Nov 01 02:38:45 UTC 2018
auto.tcl: Setting watchdog for 200 seconds at Thu Nov 01 02:38:45 UTC 2018
1 ms. Memory: 288256K Free: 273984K (95%)
ptolemy.util.test.WatchDog.cancel(): canceling Thu Nov 01 02:38:45 UTC 2018
------------------ testing $PTII/ptolemy/domains/de/test/auto/ResettableTimer6.xml
auto.tcl: Setting watchdog for 200 seconds at Thu Nov 01 02:38:45 UTC 2018
2 ms. Memory: 287232K Free: 272816K (95%)
ptolemy.util.test.WatchDog.cancel(): canceling Thu Nov 01 02:38:45 UTC 2018
auto.tcl: Setting watchdog for 200 seconds at Thu Nov 01 02:38:45 UTC 2018
1 ms. Memory: 287232K Free: 272816K (95%)
ptolemy.util.test.WatchDog.cancel(): canceling Thu Nov 01 02:38:45 UTC 2018
------------------ testing $PTII/ptolemy/domains/de/test/auto/ServerZeroDelay.xml
auto.tcl: Setting watchdog for 200 seconds at Thu Nov 01 02:38:45 UTC 2018
3 ms. Memory: 288256K Free: 275982K (96%)
ptolemy.util.test.WatchDog.cancel(): canceling Thu Nov 01 02:38:45 UTC 2018
auto.tcl: Setting watchdog for 200 seconds at Thu Nov 01 02:38:45 UTC 2018
3 ms. Memory: 288256K Free: 275982K (96%)
ptolemy.util.test.WatchDog.cancel(): canceling Thu Nov 01 02:38:45 UTC 2018
------------------ testing $PTII/ptolemy/domains/de/test/auto/SmartSender.xml
auto.tcl: Setting watchdog for 200 seconds at Thu Nov 01 02:38:46 UTC 2018
3002 ms. Memory: 287232K Free: 272895K (95%)
ptolemy.util.test.WatchDog.cancel(): canceling Thu Nov 01 02:38:49 UTC 2018
auto.tcl: Setting watchdog for 200 seconds at Thu Nov 01 02:38:49 UTC 2018
3002 ms. Memory: 287232K Free: 272895K (95%)
ptolemy.util.test.WatchDog.cancel(): canceling Thu Nov 01 02:38:52 UTC 2018
------------------ testing $PTII/ptolemy/domains/de/test/auto/ThreadedComposite.xml
auto.tcl: Setting watchdog for 200 seconds at Thu Nov 01 02:38:52 UTC 2018
261 ms. Memory: 288256K Free: 252901K (88%)
ptolemy.util.test.WatchDog.cancel(): canceling Thu Nov 01 02:38:52 UTC 2018
auto.tcl: Setting watchdog for 200 seconds at Thu Nov 01 02:38:52 UTC 2018
161 ms. Memory: 288256K Free: 234826K (81%)
ptolemy.util.test.WatchDog.cancel(): canceling Thu Nov 01 02:38:52 UTC 2018
------------------ testing $PTII/ptolemy/domains/de/test/auto/Time.xml
auto.tcl: Setting watchdog for 200 seconds at Thu Nov 01 02:38:52 UTC 2018
745 ms. Memory: 287232K Free: 216944K (76%)
ptolemy.util.test.WatchDog.cancel(): canceling Thu Nov 01 02:38:53 UTC 2018
auto.tcl: Setting watchdog for 200 seconds at Thu Nov 01 02:38:53 UTC 2018
559 ms. Memory: 287232K Free: 152879K (53%)
ptolemy.util.test.WatchDog.cancel(): canceling Thu Nov 01 02:38:53 UTC 2018
------------------ testing $PTII/ptolemy/domains/de/test/auto/TimeDelayZeroDelay.xml
auto.tcl: Setting watchdog for 200 seconds at Thu Nov 01 02:38:53 UTC 2018
3 ms. Memory: 287744K Free: 275921K (96%)
ptolemy.util.test.WatchDog.cancel(): canceling Thu Nov 01 02:38:54 UTC 2018
auto.tcl: Setting watchdog for 200 seconds at Thu Nov 01 02:38:54 UTC 2018
2 ms. Memory: 287744K Free: 275921K (96%)
ptolemy.util.test.WatchDog.cancel(): canceling Thu Nov 01 02:38:54 UTC 2018
------------------ testing $PTII/ptolemy/domains/de/test/auto/TimerZeroDelay.xml
auto.tcl: Setting watchdog for 200 seconds at Thu Nov 01 02:38:54 UTC 2018
5 ms. Memory: 287232K Free: 275518K (96%)
ptolemy.util.test.WatchDog.cancel(): canceling Thu Nov 01 02:38:54 UTC 2018
auto.tcl: Setting watchdog for 200 seconds at Thu Nov 01 02:38:54 UTC 2018
2 ms. Memory: 287232K Free: 275518K (96%)
ptolemy.util.test.WatchDog.cancel(): canceling Thu Nov 01 02:38:54 UTC 2018
------------------ testing $PTII/ptolemy/domains/de/test/auto/TimingParadox.xml
auto.tcl: Setting watchdog for 200 seconds at Thu Nov 01 02:38:54 UTC 2018
417 ms. Memory: 287744K Free: 208125K (72%)
ptolemy.util.test.WatchDog.cancel(): canceling Thu Nov 01 02:38:54 UTC 2018
auto.tcl: Setting watchdog for 200 seconds at Thu Nov 01 02:38:54 UTC 2018
385 ms. Memory: 287744K Free: 169802K (59%)
ptolemy.util.test.WatchDog.cancel(): canceling Thu Nov 01 02:38:55 UTC 2018
------------------ testing $PTII/ptolemy/domains/de/test/auto/TransferInputs.xml
auto.tcl: Setting watchdog for 200 seconds at Thu Nov 01 02:38:55 UTC 2018
2 ms. Memory: 287744K Free: 274879K (96%)
ptolemy.util.test.WatchDog.cancel(): canceling Thu Nov 01 02:38:55 UTC 2018
auto.tcl: Setting watchdog for 200 seconds at Thu Nov 01 02:38:55 UTC 2018
2 ms. Memory: 287744K Free: 274879K (96%)
ptolemy.util.test.WatchDog.cancel(): canceling Thu Nov 01 02:38:55 UTC 2018
------------------ testing $PTII/ptolemy/domains/de/test/auto/TransferOutputs2.xml
auto.tcl: Setting watchdog for 200 seconds at Thu Nov 01 02:38:55 UTC 2018
3 ms. Memory: 287232K Free: 272889K (95%)
ptolemy.util.test.WatchDog.cancel(): canceling Thu Nov 01 02:38:55 UTC 2018
auto.tcl: Setting watchdog for 200 seconds at Thu Nov 01 02:38:55 UTC 2018
3 ms. Memory: 287232K Free: 270291K (94%)
ptolemy.util.test.WatchDog.cancel(): canceling Thu Nov 01 02:38:55 UTC 2018
------------------ testing $PTII/ptolemy/domains/de/test/auto/Trilateration.xml
auto.tcl: Setting watchdog for 200 seconds at Thu Nov 01 02:38:55 UTC 2018
15649 ms. Memory: 473088K Free: 158608K (34%)
ptolemy.util.test.WatchDog.cancel(): canceling Thu Nov 01 02:39:12 UTC 2018
auto.tcl: Setting watchdog for 200 seconds at Thu Nov 01 02:39:12 UTC 2018
11143 ms. Memory: 352256K Free: 83288K (24%)
ptolemy.util.test.WatchDog.cancel(): canceling Thu Nov 01 02:39:23 UTC 2018
------------------ testing $PTII/ptolemy/domains/de/test/auto/TwoSigmaDelta.xml
auto.tcl: Setting watchdog for 200 seconds at Thu Nov 01 02:39:23 UTC 2018
3215 ms. Memory: 339968K Free: 293547K (86%)
ptolemy.util.test.WatchDog.cancel(): canceling Thu Nov 01 02:39:26 UTC 2018
auto.tcl: Setting watchdog for 200 seconds at Thu Nov 01 02:39:26 UTC 2018
2309 ms. Memory: 326144K Free: 301713K (93%)
ptolemy.util.test.WatchDog.cancel(): canceling Thu Nov 01 02:39:29 UTC 2018
------------------ testing $PTII/ptolemy/domains/de/test/auto/VariableDelay.xml
auto.tcl: Setting watchdog for 200 seconds at Thu Nov 01 02:39:29 UTC 2018
2 ms. Memory: 328192K Free: 314593K (96%)
ptolemy.util.test.WatchDog.cancel(): canceling Thu Nov 01 02:39:29 UTC 2018
auto.tcl: Setting watchdog for 200 seconds at Thu Nov 01 02:39:29 UTC 2018
1 ms. Memory: 328192K Free: 310956K (95%)
ptolemy.util.test.WatchDog.cancel(): canceling Thu Nov 01 02:39:29 UTC 2018
------------------ testing $PTII/ptolemy/domains/de/test/auto/VariableDelay2.xml
auto.tcl: Setting watchdog for 200 seconds at Thu Nov 01 02:39:29 UTC 2018
7 ms. Memory: 326144K Free: 315399K (97%)
ptolemy.util.test.WatchDog.cancel(): canceling Thu Nov 01 02:39:29 UTC 2018
auto.tcl: Setting watchdog for 200 seconds at Thu Nov 01 02:39:29 UTC 2018
2 ms. Memory: 326144K Free: 311755K (96%)
ptolemy.util.test.WatchDog.cancel(): canceling Thu Nov 01 02:39:29 UTC 2018
------------------ testing $PTII/ptolemy/domains/de/test/auto/VariableDelayZeroDelay.xml
auto.tcl: Setting watchdog for 200 seconds at Thu Nov 01 02:39:29 UTC 2018
2 ms. Memory: 328192K Free: 314999K (96%)
ptolemy.util.test.WatchDog.cancel(): canceling Thu Nov 01 02:39:29 UTC 2018
auto.tcl: Setting watchdog for 200 seconds at Thu Nov 01 02:39:29 UTC 2018
2 ms. Memory: 328192K Free: 311354K (95%)
ptolemy.util.test.WatchDog.cancel(): canceling Thu Nov 01 02:39:29 UTC 2018
------------------ testing $PTII/ptolemy/domains/de/test/auto/VariableDelayZeroDelay2.xml
auto.tcl: Setting watchdog for 200 seconds at Thu Nov 01 02:39:29 UTC 2018
2 ms. Memory: 326144K Free: 312950K (96%)
ptolemy.util.test.WatchDog.cancel(): canceling Thu Nov 01 02:39:29 UTC 2018
auto.tcl: Setting watchdog for 200 seconds at Thu Nov 01 02:39:29 UTC 2018
2 ms. Memory: 326144K Free: 309305K (95%)
ptolemy.util.test.WatchDog.cancel(): canceling Thu Nov 01 02:39:29 UTC 2018
------------------ testing $PTII/ptolemy/domains/de/test/auto/deInCt.xml
auto.tcl: Setting watchdog for 200 seconds at Thu Nov 01 02:39:29 UTC 2018
0
1
1
1
0
0
0
1
1
1
1
0
0
0
1
1
1
1
1
0
0
0
0
0
0
1
1
1
0
0
0
1
1
1
0
0
0
0
11 ms. Memory: 327680K Free: 310836K (95%)
ptolemy.util.test.WatchDog.cancel(): canceling Thu Nov 01 02:39:29 UTC 2018
auto.tcl: Setting watchdog for 200 seconds at Thu Nov 01 02:39:29 UTC 2018
0
1
1
1
0
0
0
1
1
1
1
0
0
0
0
0
0
1
1
1
0
0
1
1
1
1
0
0
0
0
6 ms. Memory: 327680K Free: 310836K (95%)
ptolemy.util.test.WatchDog.cancel(): canceling Thu Nov 01 02:39:29 UTC 2018
------------------ testing $PTII/ptolemy/domains/de/test/auto/deInCt2.xml
auto.tcl: Setting watchdog for 200 seconds at Thu Nov 01 02:39:29 UTC 2018
0
1
1
1
0
0
1
1
1
0
0
1
1
1
0
0
1
1
1
0
0
1
1
1
0
0
1
1
1
0
0
1
1
1
0
0
1
1
1
0
0
0
13 ms. Memory: 326144K Free: 309302K (95%)
ptolemy.util.test.WatchDog.cancel(): canceling Thu Nov 01 02:39:29 UTC 2018
auto.tcl: Setting watchdog for 200 seconds at Thu Nov 01 02:39:29 UTC 2018
0
1
1
1
0
0
1
1
1
0
0
1
1
1
0
0
1
1
1
0
0
1
1
1
0
0
1
1
1
0
0
1
1
1
0
0
1
1
1
0
0
0
12 ms. Memory: 326144K Free: 309302K (95%)
ptolemy.util.test.WatchDog.cancel(): canceling Thu Nov 01 02:39:29 UTC 2018
------------------ testing $PTII/ptolemy/domains/de/test/auto/dynamicCausalityInterface1.xml
auto.tcl: Setting watchdog for 200 seconds at Thu Nov 01 02:39:29 UTC 2018
3 ms. Memory: 327680K Free: 307213K (94%)
ptolemy.util.test.WatchDog.cancel(): canceling Thu Nov 01 02:39:29 UTC 2018
auto.tcl: Setting watchdog for 200 seconds at Thu Nov 01 02:39:29 UTC 2018
1 ms. Memory: 327680K Free: 307213K (94%)
ptolemy.util.test.WatchDog.cancel(): canceling Thu Nov 01 02:39:29 UTC 2018
------------------ testing $PTII/ptolemy/domains/de/test/auto/fsm_de_test.xml
auto.tcl: Setting watchdog for 200 seconds at Thu Nov 01 02:39:29 UTC 2018
8 ms. Memory: 326144K Free: 305556K (94%)
ptolemy.util.test.WatchDog.cancel(): canceling Thu Nov 01 02:39:29 UTC 2018
auto.tcl: Setting watchdog for 200 seconds at Thu Nov 01 02:39:29 UTC 2018
9 ms. Memory: 326144K Free: 305556K (94%)
ptolemy.util.test.WatchDog.cancel(): canceling Thu Nov 01 02:39:29 UTC 2018
------------------ testing $PTII/ptolemy/domains/de/test/auto/functionDependencyReconstruction.xml
auto.tcl: Setting watchdog for 200 seconds at Thu Nov 01 02:39:29 UTC 2018
3 ms. Memory: 327168K Free: 299321K (91%)
ptolemy.util.test.WatchDog.cancel(): canceling Thu Nov 01 02:39:29 UTC 2018
auto.tcl: Setting watchdog for 200 seconds at Thu Nov 01 02:39:29 UTC 2018
3 ms. Memory: 327168K Free: 299321K (91%)
ptolemy.util.test.WatchDog.cancel(): canceling Thu Nov 01 02:39:29 UTC 2018
------------------ testing $PTII/ptolemy/domains/de/test/auto/multirate.xml
auto.tcl: Setting watchdog for 200 seconds at Thu Nov 01 02:39:29 UTC 2018
8 ms. Memory: 326144K Free: 309059K (95%)
ptolemy.util.test.WatchDog.cancel(): canceling Thu Nov 01 02:39:29 UTC 2018
auto.tcl: Setting watchdog for 200 seconds at Thu Nov 01 02:39:29 UTC 2018
4 ms. Memory: 326144K Free: 309059K (95%)
ptolemy.util.test.WatchDog.cancel(): canceling Thu Nov 01 02:39:29 UTC 2018
------------------ testing $PTII/ptolemy/domains/de/test/auto/multirate2.xml
auto.tcl: Setting watchdog for 200 seconds at Thu Nov 01 02:39:29 UTC 2018
8 ms. Memory: 327168K Free: 310280K (95%)
ptolemy.util.test.WatchDog.cancel(): canceling Thu Nov 01 02:39:30 UTC 2018
auto.tcl: Setting watchdog for 200 seconds at Thu Nov 01 02:39:30 UTC 2018
3 ms. Memory: 327168K Free: 310280K (95%)
ptolemy.util.test.WatchDog.cancel(): canceling Thu Nov 01 02:39:30 UTC 2018
------------------ testing $PTII/ptolemy/domains/de/test/auto/realtime.xml
auto.tcl: Setting watchdog for 200 seconds at Thu Nov 01 02:39:30 UTC 2018
10005 ms. Memory: 326144K Free: 309259K (95%)
ptolemy.util.test.WatchDog.cancel(): canceling Thu Nov 01 02:39:40 UTC 2018
auto.tcl: Setting watchdog for 200 seconds at Thu Nov 01 02:39:40 UTC 2018
10002 ms. Memory: 326144K Free: 309259K (95%)
ptolemy.util.test.WatchDog.cancel(): canceling Thu Nov 01 02:39:50 UTC 2018
------------------ testing $PTII/ptolemy/domains/de/test/auto/relationGroup.xml
auto.tcl: Setting watchdog for 200 seconds at Thu Nov 01 02:39:50 UTC 2018
2 ms. Memory: 327168K Free: 313941K (96%)
ptolemy.util.test.WatchDog.cancel(): canceling Thu Nov 01 02:39:50 UTC 2018
auto.tcl: Setting watchdog for 200 seconds at Thu Nov 01 02:39:50 UTC 2018
2 ms. Memory: 327168K Free: 313941K (96%)
ptolemy.util.test.WatchDog.cancel(): canceling Thu Nov 01 02:39:50 UTC 2018
------------------ testing $PTII/ptolemy/domains/de/test/auto/relationGroup2.xml
auto.tcl: Setting watchdog for 200 seconds at Thu Nov 01 02:39:50 UTC 2018
1 ms. Memory: 326144K Free: 312944K (96%)
ptolemy.util.test.WatchDog.cancel(): canceling Thu Nov 01 02:39:50 UTC 2018
auto.tcl: Setting watchdog for 200 seconds at Thu Nov 01 02:39:50 UTC 2018
2 ms. Memory: 326144K Free: 312944K (96%)
ptolemy.util.test.WatchDog.cancel(): canceling Thu Nov 01 02:39:50 UTC 2018
------------------ testing $PTII/ptolemy/domains/de/test/auto/sortWithOpaquePorts.xml
auto.tcl: Setting watchdog for 200 seconds at Thu Nov 01 02:39:50 UTC 2018
2 ms. Memory: 326656K Free: 313456K (96%)
ptolemy.util.test.WatchDog.cancel(): canceling Thu Nov 01 02:39:50 UTC 2018
auto.tcl: Setting watchdog for 200 seconds at Thu Nov 01 02:39:50 UTC 2018
2 ms. Memory: 326656K Free: 309828K (95%)
ptolemy.util.test.WatchDog.cancel(): canceling Thu Nov 01 02:39:50 UTC 2018
------------------ testing $PTII/ptolemy/domains/de/test/auto/transferInputsandOutputs.xml
auto.tcl: Setting watchdog for 200 seconds at Thu Nov 01 02:39:50 UTC 2018
3 ms. Memory: 326144K Free: 309285K (95%)
ptolemy.util.test.WatchDog.cancel(): canceling Thu Nov 01 02:39:50 UTC 2018
auto.tcl: Setting watchdog for 200 seconds at Thu Nov 01 02:39:50 UTC 2018
2 ms. Memory: 326144K Free: 309285K (95%)
ptolemy.util.test.WatchDog.cancel(): canceling Thu Nov 01 02:39:50 UTC 2018
------------------ testing $PTII/ptolemy/domains/de/test/auto/triggerType.xml
auto.tcl: Setting watchdog for 200 seconds at Thu Nov 01 02:39:50 UTC 2018
2 ms. Memory: 326656K Free: 313394K (96%)
ptolemy.util.test.WatchDog.cancel(): canceling Thu Nov 01 02:39:50 UTC 2018
auto.tcl: Setting watchdog for 200 seconds at Thu Nov 01 02:39:50 UTC 2018
2 ms. Memory: 326656K Free: 309750K (95%)
ptolemy.util.test.WatchDog.cancel(): canceling Thu Nov 01 02:39:50 UTC 2018
11/01/18 02:39:50
Failed: 0  Total Tests: 192  ((Passed: 187, Newly Passed: 1)  Known Failed: 5) /home/travis/build/icyphy/ptII/ptolemy/domains/de/test
11/01/18 02:39:50
Failed: 0  Total Tests: 192  ((Passed: 187, Newly Passed: 1)  Known Failed: 5) /home/travis/build/icyphy/ptII/ptolemy/domains/de/test
----------------- testing (KnownFailure) /home/travis/build/icyphy/ptII/ptolemy/domains/de/test/auto/knownFailedTests/DESDFClockTest.xml
2010 ms. Memory: 326144K Free: 303139K (93%)
Known Failure: java.lang.reflect.InvocationTargetException
----------------- testing (KnownFailure) /home/travis/build/icyphy/ptII/ptolemy/domains/de/test/auto/knownFailedTests/DirectFeedback.xml
2 ms. Memory: 326144K Free: 283557K (87%)
Known Failure: java.lang.reflect.InvocationTargetException
----------------- testing (KnownFailure) /home/travis/build/icyphy/ptII/ptolemy/domains/de/test/auto/knownFailedTests/FSMSource.xml
10 ms. Memory: 326144K Free: 259067K (79%)
----------------- testing (KnownFailure) /home/travis/build/icyphy/ptII/ptolemy/domains/de/test/auto/knownFailedTests/HierarchicalModel.xml
2 ms. Memory: 326144K Free: 234574K (72%)
Known Failure: java.lang.reflect.InvocationTargetException
----------------- testing (KnownFailure) /home/travis/build/icyphy/ptII/ptolemy/domains/de/test/auto/knownFailedTests/dependencyLoop.xml
2 ms. Memory: 326144K Free: 205198K (63%)
Known Failure: java.lang.reflect.InvocationTargetException
----------------- testing (KnownFailure) /home/travis/build/icyphy/ptII/ptolemy/domains/de/test/auto/knownFailedTests/dependencyLoop2.xml
2 ms. Memory: 326144K Free: 170918K (52%)
Known Failure: java.lang.reflect.InvocationTargetException
No auto/linux-amd64/*.xml tests in /home/travis/build/icyphy/ptII/ptolemy/domains/de/test
AutoTests.java: About to close Vertx.
AutoTests.java: Vertx closed.

===========================================================================================
----------------- testing Thu Nov 01 02:39:52 UTC 2018 /home/travis/build/icyphy/ptII/ptolemy/domains/de/test/auto/ActorDepthCalculation_actorWithoutPorts.xml
----------------- Instantiating /home/travis/build/icyphy/ptII/ptolemy/domains/de/test/auto/ActorDepthCalculation_actorWithoutPorts.xml
1 ms. Memory: 326144K Free: 146444K (45%)
----------------- Invoking toplevel() on ptolemy.moml.MoMLSimpleApplication@6edce306
----------------- Done invoking toplevel() on ptolemy.moml.MoMLSimpleApplication@6edce306
reloadAllAccessors: .ActorDepthCalculation_actorWithoutPorts

===========================================================================================
----------------- testing Thu Nov 01 02:39:52 UTC 2018 /home/travis/build/icyphy/ptII/ptolemy/domains/de/test/auto/AssemblyLine.xml
----------------- Instantiating /home/travis/build/icyphy/ptII/ptolemy/domains/de/test/auto/AssemblyLine.xml
1 ms. Memory: 326144K Free: 131752K (40%)
----------------- Invoking toplevel() on ptolemy.moml.MoMLSimpleApplication@54a56132
----------------- Done invoking toplevel() on ptolemy.moml.MoMLSimpleApplication@54a56132
reloadAllAccessors: .AssemblyLine

===========================================================================================
----------------- testing Thu Nov 01 02:39:52 UTC 2018 /home/travis/build/icyphy/ptII/ptolemy/domains/de/test/auto/CQBug1.xml
----------------- Instantiating /home/travis/build/icyphy/ptII/ptolemy/domains/de/test/auto/CQBug1.xml
0 ms. Memory: 326144K Free: 121962K (37%)
----------------- Invoking toplevel() on ptolemy.moml.MoMLSimpleApplication@5c774bb2
----------------- Done invoking toplevel() on ptolemy.moml.MoMLSimpleApplication@5c774bb2
reloadAllAccessors: .CQBug1

===========================================================================================
----------------- testing Thu Nov 01 02:39:52 UTC 2018 /home/travis/build/icyphy/ptII/ptolemy/domains/de/test/auto/CancelFireAt.xml
----------------- Instantiating /home/travis/build/icyphy/ptII/ptolemy/domains/de/test/auto/CancelFireAt.xml
1 ms. Memory: 326144K Free: 112173K (34%)
----------------- Invoking toplevel() on ptolemy.moml.MoMLSimpleApplication@1c8ffa91
----------------- Done invoking toplevel() on ptolemy.moml.MoMLSimpleApplication@1c8ffa91
reloadAllAccessors: .CancelFireAt

===========================================================================================
----------------- testing Thu Nov 01 02:39:52 UTC 2018 /home/travis/build/icyphy/ptII/ptolemy/domains/de/test/auto/CausalityAndComposabilityAnalysis.xml
----------------- Instantiating /home/travis/build/icyphy/ptII/ptolemy/domains/de/test/auto/CausalityAndComposabilityAnalysis.xml
1 ms. Memory: 326144K Free: 102384K (31%)
----------------- Invoking toplevel() on ptolemy.moml.MoMLSimpleApplication@29dc7c4
----------------- Done invoking toplevel() on ptolemy.moml.MoMLSimpleApplication@29dc7c4
reloadAllAccessors: .CausalityAndComposabilityAnalysis

===========================================================================================
----------------- testing Thu Nov 01 02:39:52 UTC 2018 /home/travis/build/icyphy/ptII/ptolemy/domains/de/test/auto/CausalityInterface1.xml
----------------- Instantiating /home/travis/build/icyphy/ptII/ptolemy/domains/de/test/auto/CausalityInterface1.xml
3 ms. Memory: 326144K Free: 88965K (27%)
----------------- Invoking toplevel() on ptolemy.moml.MoMLSimpleApplication@13c3fded
----------------- Done invoking toplevel() on ptolemy.moml.MoMLSimpleApplication@13c3fded
reloadAllAccessors: .CausalityInterface1

===========================================================================================
----------------- testing Thu Nov 01 02:39:52 UTC 2018 /home/travis/build/icyphy/ptII/ptolemy/domains/de/test/auto/CausalityInterface15.xml
----------------- Instantiating /home/travis/build/icyphy/ptII/ptolemy/domains/de/test/auto/CausalityInterface15.xml
1 ms. Memory: 326144K Free: 76724K (24%)
----------------- Invoking toplevel() on ptolemy.moml.MoMLSimpleApplication@ca9e816
----------------- Done invoking toplevel() on ptolemy.moml.MoMLSimpleApplication@ca9e816
reloadAllAccessors: .CausalityInterface15

[...]
java.lang.RuntimeException: Execution failed
	at ptolemy.moml.MoMLSimpleApplication$UnloadThread.run(MoMLSimpleApplication.java:402)
Caused by: ptolemy.kernel.util.IllegalActionException: Test fails in iteration 1.
Value was: 1.0. Should have been: 2.0
  in .DirectFeedback.Test
	at ptolemy.actor.lib.Test.fire(Test.java:268)
	at ptolemy.domains.de.kernel.DEDirector._fire(DEDirector.java:1949)
	at ptolemy.domains.de.kernel.DEDirector.fire(DEDirector.java:502)
	at ptolemy.actor.CompositeActor.fire(CompositeActor.java:455)
	at ptolemy.actor.Manager.iterate(Manager.java:851)
	at ptolemy.actor.Manager.execute(Manager.java:369)
	at ptolemy.actor.Manager.run(Manager.java:1263)
	at ptolemy.actor.Manager$PtolemyRunThread.run(Manager.java:1915)
java.lang.RuntimeException: Execution failed
	at ptolemy.moml.MoMLSimpleApplication$UnloadThread.run(MoMLSimpleApplication.java:402)
Caused by: ptolemy.kernel.util.IllegalActionException: Actor is not ready to fire.  Perhaps UpSample.prefire() returned false? Try debugging the actor by selecting "Listen to Actor".  Also, for SDF check moml for tokenConsumptionRate on input.
  in .DESDFClockTest.Play Bell.Copy1:SDF Director and .DESDFClockTest.Play Bell.UpSample
	at ptolemy.actor.sched.StaticSchedulingDirector.fire(StaticSchedulingDirector.java:227)
	at ptolemy.domains.sdf.kernel.SDFDirector.fire(SDFDirector.java:500)
	at ptolemy.actor.CompositeActor.fire(CompositeActor.java:455)
	at ptolemy.domains.de.kernel.DEDirector._fire(DEDirector.java:1949)
	at ptolemy.domains.de.kernel.DEDirector.fire(DEDirector.java:502)
	at ptolemy.actor.CompositeActor.fire(CompositeActor.java:455)
	at ptolemy.actor.Manager.iterate(Manager.java:851)
	at ptolemy.actor.Manager.execute(Manager.java:369)
	at ptolemy.actor.Manager.run(Manager.java:1263)
	at ptolemy.actor.Manager$PtolemyRunThread.run(Manager.java:1915)
java.lang.reflect.InvocationTargetException
	at sun.reflect.NativeConstructorAccessorImpl.newInstance0(Native Method)
	at sun.reflect.NativeConstructorAccessorImpl.newInstance(NativeConstructorAccessorImpl.java:62)
	at sun.reflect.DelegatingConstructorAccessorImpl.newInstance(DelegatingConstructorAccessorImpl.java:45)
	at java.lang.reflect.Constructor.newInstance(Constructor.java:423)
	at ptolemy.util.test.junit.AutoKnownFailedTests.RunModel(AutoKnownFailedTests.java:105)
	at sun.reflect.NativeMethodAccessorImpl.invoke0(Native Method)
	at sun.reflect.NativeMethodAccessorImpl.invoke(NativeMethodAccessorImpl.java:62)
	at sun.reflect.DelegatingMethodAccessorImpl.invoke(DelegatingMethodAccessorImpl.java:43)
	at java.lang.reflect.Method.invoke(Method.java:498)
	at org.junit.runners.model.FrameworkMethod$1.runReflectiveCall(FrameworkMethod.java:44)
	at org.junit.internal.runners.model.ReflectiveCallable.run(ReflectiveCallable.java:15)
	at org.junit.runners.model.FrameworkMethod.invokeExplosively(FrameworkMethod.java:41)
	at junitparams.internal.InvokeParameterisedMethod.evaluate(InvokeParameterisedMethod.java:102)
	at org.junit.internal.runners.statements.FailOnTimeout$1.run(FailOnTimeout.java:28)
Caused by: ptolemy.kernel.util.IllegalActionException: Actor is not ready to fire.  Perhaps UpSample.prefire() returned false? Try debugging the actor by selecting "Listen to Actor".  Also, for SDF check moml for tokenConsumptionRate on input.
  in .DESDFClockTest.Play Bell.Copy1:SDF Director and .DESDFClockTest.Play Bell.UpSample
	at ptolemy.actor.sched.StaticSchedulingDirector.fire(StaticSchedulingDirector.java:227)
	at ptolemy.domains.sdf.kernel.SDFDirector.fire(SDFDirector.java:500)
	at ptolemy.actor.CompositeActor.fire(CompositeActor.java:455)
	at ptolemy.domains.de.kernel.DEDirector._fire(DEDirector.java:1949)
	at ptolemy.domains.de.kernel.DEDirector.fire(DEDirector.java:502)
	at ptolemy.actor.CompositeActor.fire(CompositeActor.java:455)
	at ptolemy.actor.Manager.iterate(Manager.java:851)
	at ptolemy.actor.Manager.execute(Manager.java:369)
	at ptolemy.actor.Manager.run(Manager.java:1263)
	at ptolemy.actor.Manager$PtolemyRunThread.run(Manager.java:1915)
java.lang.RuntimeException: Execution failed
	at ptolemy.moml.MoMLSimpleApplication$UnloadThread.run(MoMLSimpleApplication.java:402)
Caused by: ptolemy.kernel.util.IllegalActionException: Test fails in iteration 1.
Value was: 1.0. Should have been: 2.0
  in .DirectFeedback.Test
	at ptolemy.actor.lib.Test.fire(Test.java:268)
	at ptolemy.domains.de.kernel.DEDirector._fire(DEDirector.java:1949)
	at ptolemy.domains.de.kernel.DEDirector.fire(DEDirector.java:502)
	at ptolemy.actor.CompositeActor.fire(CompositeActor.java:455)
	at ptolemy.actor.Manager.iterate(Manager.java:851)
	at ptolemy.actor.Manager.execute(Manager.java:369)
	at ptolemy.actor.Manager.run(Manager.java:1263)
	at ptolemy.actor.Manager$PtolemyRunThread.run(Manager.java:1915)
java.lang.reflect.InvocationTargetException
	at sun.reflect.NativeConstructorAccessorImpl.newInstance0(Native Method)
	at sun.reflect.NativeConstructorAccessorImpl.newInstance(NativeConstructorAccessorImpl.java:62)
	at sun.reflect.DelegatingConstructorAccessorImpl.newInstance(DelegatingConstructorAccessorImpl.java:45)
	at java.lang.reflect.Constructor.newInstance(Constructor.java:423)
	at ptolemy.util.test.junit.AutoKnownFailedTests.RunModel(AutoKnownFailedTests.java:105)
	at sun.reflect.NativeMethodAccessorImpl.invoke0(Native Method)
	at sun.reflect.NativeMethodAccessorImpl.invoke(NativeMethodAccessorImpl.java:62)
	at sun.reflect.DelegatingMethodAccessorImpl.invoke(DelegatingMethodAccessorImpl.java:43)
	at java.lang.reflect.Method.invoke(Method.java:498)
	at org.junit.runners.model.FrameworkMethod$1.runReflectiveCall(FrameworkMethod.java:44)
	at org.junit.internal.runners.model.ReflectiveCallable.run(ReflectiveCallable.java:15)
	at org.junit.runners.model.FrameworkMethod.invokeExplosively(FrameworkMethod.java:41)
	at junitparams.internal.InvokeParameterisedMethod.evaluate(InvokeParameterisedMethod.java:102)
	at org.junit.internal.runners.statements.FailOnTimeout$1.run(FailOnTimeout.java:28)
Caused by: ptolemy.kernel.util.IllegalActionException: Test fails in iteration 1.
Value was: 1.0. Should have been: 2.0
  in .DirectFeedback.Test
	at ptolemy.actor.lib.Test.fire(Test.java:268)
	at ptolemy.domains.de.kernel.DEDirector._fire(DEDirector.java:1949)
	at ptolemy.domains.de.kernel.DEDirector.fire(DEDirector.java:502)
	at ptolemy.actor.CompositeActor.fire(CompositeActor.java:455)
	at ptolemy.actor.Manager.iterate(Manager.java:851)
	at ptolemy.actor.Manager.execute(Manager.java:369)
	at ptolemy.actor.Manager.run(Manager.java:1263)
	at ptolemy.actor.Manager$PtolemyRunThread.run(Manager.java:1915)
java.lang.RuntimeException: Execution failed
	at ptolemy.moml.MoMLSimpleApplication$UnloadThread.run(MoMLSimpleApplication.java:402)
Caused by: ptolemy.kernel.util.IllegalActionException: Found a zero delay loop containing .HierarchicalModel.A
  in .HierarchicalModel and .HierarchicalModel.A
	at ptolemy.actor.util.CausalityInterfaceForComposites._computeOutputPortDepth(CausalityInterfaceForComposites.java:759)
	at ptolemy.actor.util.CausalityInterfaceForComposites._computeInputDepth(CausalityInterfaceForComposites.java:696)
	at ptolemy.actor.util.CausalityInterfaceForComposites._computeOutputPortDepth(CausalityInterfaceForComposites.java:765)
	at ptolemy.actor.util.CausalityInterfaceForComposites._computeInputDepth(CausalityInterfaceForComposites.java:696)
	at ptolemy.actor.util.CausalityInterfaceForComposites._computeOutputPortDepth(CausalityInterfaceForComposites.java:765)
	at ptolemy.actor.util.CausalityInterfaceForComposites._computeInputDepth(CausalityInterfaceForComposites.java:696)
	at ptolemy.actor.util.CausalityInterfaceForComposites._computeActorDepth(CausalityInterfaceForComposites.java:532)
	at ptolemy.actor.util.CausalityInterfaceForComposites.checkForCycles(CausalityInterfaceForComposites.java:96)
	at ptolemy.domains.de.kernel.DEDirector.preinitialize(DEDirector.java:1338)
	at ptolemy.actor.CompositeActor.preinitialize(CompositeActor.java:1828)
	at ptolemy.actor.Manager.preinitializeAndResolveTypes(Manager.java:1040)
	at ptolemy.actor.Manager.initialize(Manager.java:710)
	at ptolemy.actor.Manager.execute(Manager.java:356)
	at ptolemy.actor.Manager.run(Manager.java:1263)
	at ptolemy.actor.Manager$PtolemyRunThread.run(Manager.java:1915)
java.lang.reflect.InvocationTargetException
	at sun.reflect.NativeConstructorAccessorImpl.newInstance0(Native Method)
	at sun.reflect.NativeConstructorAccessorImpl.newInstance(NativeConstructorAccessorImpl.java:62)
	at sun.reflect.DelegatingConstructorAccessorImpl.newInstance(DelegatingConstructorAccessorImpl.java:45)
	at java.lang.reflect.Constructor.newInstance(Constructor.java:423)
	at ptolemy.util.test.junit.AutoKnownFailedTests.RunModel(AutoKnownFailedTests.java:105)
	at sun.reflect.NativeMethodAccessorImpl.invoke0(Native Method)
	at sun.reflect.NativeMethodAccessorImpl.invoke(NativeMethodAccessorImpl.java:62)
	at sun.reflect.DelegatingMethodAccessorImpl.invoke(DelegatingMethodAccessorImpl.java:43)
	at java.lang.reflect.Method.invoke(Method.java:498)
	at org.junit.runners.model.FrameworkMethod$1.runReflectiveCall(FrameworkMethod.java:44)
	at org.junit.internal.runners.model.ReflectiveCallable.run(ReflectiveCallable.java:15)
	at org.junit.runners.model.FrameworkMethod.invokeExplosively(FrameworkMethod.java:41)
	at junitparams.internal.InvokeParameterisedMethod.evaluate(InvokeParameterisedMethod.java:102)
	at org.junit.internal.runners.statements.FailOnTimeout$1.run(FailOnTimeout.java:28)
Caused by: ptolemy.kernel.util.IllegalActionException: Found a zero delay loop containing .HierarchicalModel.A
  in .HierarchicalModel and .HierarchicalModel.A
	at ptolemy.actor.util.CausalityInterfaceForComposites._computeOutputPortDepth(CausalityInterfaceForComposites.java:759)
	at ptolemy.actor.util.CausalityInterfaceForComposites._computeInputDepth(CausalityInterfaceForComposites.java:696)
	at ptolemy.actor.util.CausalityInterfaceForComposites._computeOutputPortDepth(CausalityInterfaceForComposites.java:765)
	at ptolemy.actor.util.CausalityInterfaceForComposites._computeInputDepth(CausalityInterfaceForComposites.java:696)
	at ptolemy.actor.util.CausalityInterfaceForComposites._computeOutputPortDepth(CausalityInterfaceForComposites.java:765)
	at ptolemy.actor.util.CausalityInterfaceForComposites._computeInputDepth(CausalityInterfaceForComposites.java:696)
	at ptolemy.actor.util.CausalityInterfaceForComposites._computeActorDepth(CausalityInterfaceForComposites.java:532)
	at ptolemy.actor.util.CausalityInterfaceForComposites.checkForCycles(CausalityInterfaceForComposites.java:96)
	at ptolemy.domains.de.kernel.DEDirector.preinitialize(DEDirector.java:1338)
	at ptolemy.actor.CompositeActor.preinitialize(CompositeActor.java:1828)
	at ptolemy.actor.Manager.preinitializeAndResolveTypes(Manager.java:1040)
	at ptolemy.actor.Manager.initialize(Manager.java:710)
	at ptolemy.actor.Manager.execute(Manager.java:356)
	at ptolemy.actor.Manager.run(Manager.java:1263)
	at ptolemy.actor.Manager$PtolemyRunThread.run(Manager.java:1915)
java.lang.RuntimeException: Execution failed
	at ptolemy.moml.MoMLSimpleApplication$UnloadThread.run(MoMLSimpleApplication.java:402)
Caused by: ptolemy.kernel.util.IllegalActionException: Found a zero delay loop containing .dependencyLoop.original
  in .dependencyLoop and .dependencyLoop.original
	at ptolemy.actor.util.CausalityInterfaceForComposites._computeOutputPortDepth(CausalityInterfaceForComposites.java:759)
	at ptolemy.actor.util.CausalityInterfaceForComposites._computeInputDepth(CausalityInterfaceForComposites.java:696)
	at ptolemy.actor.util.CausalityInterfaceForComposites._computeOutputPortDepth(CausalityInterfaceForComposites.java:765)
	at ptolemy.actor.util.CausalityInterfaceForComposites._computeInputDepth(CausalityInterfaceForComposites.java:696)
	at ptolemy.actor.util.CausalityInterfaceForComposites._computeOutputPortDepth(CausalityInterfaceForComposites.java:765)
	at ptolemy.actor.util.CausalityInterfaceForComposites._computeInputDepth(CausalityInterfaceForComposites.java:696)
	at ptolemy.actor.util.CausalityInterfaceForComposites._computeActorDepth(CausalityInterfaceForComposites.java:532)
	at ptolemy.actor.util.CausalityInterfaceForComposites.checkForCycles(CausalityInterfaceForComposites.java:96)
	at ptolemy.domains.de.kernel.DEDirector.preinitialize(DEDirector.java:1338)
	at ptolemy.actor.CompositeActor.preinitialize(CompositeActor.java:1828)
	at ptolemy.actor.Manager.preinitializeAndResolveTypes(Manager.java:1040)
	at ptolemy.actor.Manager.initialize(Manager.java:710)
	at ptolemy.actor.Manager.execute(Manager.java:356)
	at ptolemy.actor.Manager.run(Manager.java:1263)
	at ptolemy.actor.Manager$PtolemyRunThread.run(Manager.java:1915)
java.lang.reflect.InvocationTargetException
	at sun.reflect.NativeConstructorAccessorImpl.newInstance0(Native Method)
	at sun.reflect.NativeConstructorAccessorImpl.newInstance(NativeConstructorAccessorImpl.java:62)
	at sun.reflect.DelegatingConstructorAccessorImpl.newInstance(DelegatingConstructorAccessorImpl.java:45)
	at java.lang.reflect.Constructor.newInstance(Constructor.java:423)
	at ptolemy.util.test.junit.AutoKnownFailedTests.RunModel(AutoKnownFailedTests.java:105)
	at sun.reflect.NativeMethodAccessorImpl.invoke0(Native Method)
	at sun.reflect.NativeMethodAccessorImpl.invoke(NativeMethodAccessorImpl.java:62)
	at sun.reflect.DelegatingMethodAccessorImpl.invoke(DelegatingMethodAccessorImpl.java:43)
	at java.lang.reflect.Method.invoke(Method.java:498)
	at org.junit.runners.model.FrameworkMethod$1.runReflectiveCall(FrameworkMethod.java:44)
	at org.junit.internal.runners.model.ReflectiveCallable.run(ReflectiveCallable.java:15)
	at org.junit.runners.model.FrameworkMethod.invokeExplosively(FrameworkMethod.java:41)
	at junitparams.internal.InvokeParameterisedMethod.evaluate(InvokeParameterisedMethod.java:102)
	at org.junit.internal.runners.statements.FailOnTimeout$1.run(FailOnTimeout.java:28)
Caused by: ptolemy.kernel.util.IllegalActionException: Found a zero delay loop containing .dependencyLoop.original
  in .dependencyLoop and .dependencyLoop.original
	at ptolemy.actor.util.CausalityInterfaceForComposites._computeOutputPortDepth(CausalityInterfaceForComposites.java:759)
	at ptolemy.actor.util.CausalityInterfaceForComposites._computeInputDepth(CausalityInterfaceForComposites.java:696)
	at ptolemy.actor.util.CausalityInterfaceForComposites._computeOutputPortDepth(CausalityInterfaceForComposites.java:765)
	at ptolemy.actor.util.CausalityInterfaceForComposites._computeInputDepth(CausalityInterfaceForComposites.java:696)
	at ptolemy.actor.util.CausalityInterfaceForComposites._computeOutputPortDepth(CausalityInterfaceForComposites.java:765)
	at ptolemy.actor.util.CausalityInterfaceForComposites._computeInputDepth(CausalityInterfaceForComposites.java:696)
	at ptolemy.actor.util.CausalityInterfaceForComposites._computeActorDepth(CausalityInterfaceForComposites.java:532)
	at ptolemy.actor.util.CausalityInterfaceForComposites.checkForCycles(CausalityInterfaceForComposites.java:96)
	at ptolemy.domains.de.kernel.DEDirector.preinitialize(DEDirector.java:1338)
	at ptolemy.actor.CompositeActor.preinitialize(CompositeActor.java:1828)
	at ptolemy.actor.Manager.preinitializeAndResolveTypes(Manager.java:1040)
	at ptolemy.actor.Manager.initialize(Manager.java:710)
	at ptolemy.actor.Manager.execute(Manager.java:356)
	at ptolemy.actor.Manager.run(Manager.java:1263)
	at ptolemy.actor.Manager$PtolemyRunThread.run(Manager.java:1915)
java.lang.RuntimeException: Execution failed
	at ptolemy.moml.MoMLSimpleApplication$UnloadThread.run(MoMLSimpleApplication.java:402)
Caused by: ptolemy.kernel.util.IllegalActionException: Found a zero delay loop containing .dependencyLoop2.original
  in .dependencyLoop2 and .dependencyLoop2.original
	at ptolemy.actor.util.CausalityInterfaceForComposites._computeOutputPortDepth(CausalityInterfaceForComposites.java:759)
	at ptolemy.actor.util.CausalityInterfaceForComposites._computeInputDepth(CausalityInterfaceForComposites.java:696)
	at ptolemy.actor.util.CausalityInterfaceForComposites._computeOutputPortDepth(CausalityInterfaceForComposites.java:765)
	at ptolemy.actor.util.CausalityInterfaceForComposites._computeInputDepth(CausalityInterfaceForComposites.java:696)
	at ptolemy.actor.util.CausalityInterfaceForComposites._computeOutputPortDepth(CausalityInterfaceForComposites.java:765)
	at ptolemy.actor.util.CausalityInterfaceForComposites._computeInputDepth(CausalityInterfaceForComposites.java:696)
	at ptolemy.actor.util.CausalityInterfaceForComposites._computeActorDepth(CausalityInterfaceForComposites.java:532)
	at ptolemy.actor.util.CausalityInterfaceForComposites.checkForCycles(CausalityInterfaceForComposites.java:96)
	at ptolemy.domains.de.kernel.DEDirector.preinitialize(DEDirector.java:1338)
	at ptolemy.actor.CompositeActor.preinitialize(CompositeActor.java:1828)
	at ptolemy.actor.Manager.preinitializeAndResolveTypes(Manager.java:1040)
	at ptolemy.actor.Manager.initialize(Manager.java:710)
	at ptolemy.actor.Manager.execute(Manager.java:356)
	at ptolemy.actor.Manager.run(Manager.java:1263)
	at ptolemy.actor.Manager$PtolemyRunThread.run(Manager.java:1915)
java.lang.reflect.InvocationTargetException
	at sun.reflect.NativeConstructorAccessorImpl.newInstance0(Native Method)
	at sun.reflect.NativeConstructorAccessorImpl.newInstance(NativeConstructorAccessorImpl.java:62)
	at sun.reflect.DelegatingConstructorAccessorImpl.newInstance(DelegatingConstructorAccessorImpl.java:45)
	at java.lang.reflect.Constructor.newInstance(Constructor.java:423)
	at ptolemy.util.test.junit.AutoKnownFailedTests.RunModel(AutoKnownFailedTests.java:105)
	at sun.reflect.NativeMethodAccessorImpl.invoke0(Native Method)
	at sun.reflect.NativeMethodAccessorImpl.invoke(NativeMethodAccessorImpl.java:62)
	at sun.reflect.DelegatingMethodAccessorImpl.invoke(DelegatingMethodAccessorImpl.java:43)
	at java.lang.reflect.Method.invoke(Method.java:498)
	at org.junit.runners.model.FrameworkMethod$1.runReflectiveCall(FrameworkMethod.java:44)
	at org.junit.internal.runners.model.ReflectiveCallable.run(ReflectiveCallable.java:15)
	at org.junit.runners.model.FrameworkMethod.invokeExplosively(FrameworkMethod.java:41)
	at junitparams.internal.InvokeParameterisedMethod.evaluate(InvokeParameterisedMethod.java:102)
	at org.junit.internal.runners.statements.FailOnTimeout$1.run(FailOnTimeout.java:28)
Caused by: ptolemy.kernel.util.IllegalActionException: Found a zero delay loop containing .dependencyLoop2.original
  in .dependencyLoop2 and .dependencyLoop2.original
	at ptolemy.actor.util.CausalityInterfaceForComposites._computeOutputPortDepth(CausalityInterfaceForComposites.java:759)
	at ptolemy.actor.util.CausalityInterfaceForComposites._computeInputDepth(CausalityInterfaceForComposites.java:696)
	at ptolemy.actor.util.CausalityInterfaceForComposites._computeOutputPortDepth(CausalityInterfaceForComposites.java:765)
	at ptolemy.actor.util.CausalityInterfaceForComposites._computeInputDepth(CausalityInterfaceForComposites.java:696)
	at ptolemy.actor.util.CausalityInterfaceForComposites._computeOutputPortDepth(CausalityInterfaceForComposites.java:765)
	at ptolemy.actor.util.CausalityInterfaceForComposites._computeInputDepth(CausalityInterfaceForComposites.java:696)
	at ptolemy.actor.util.CausalityInterfaceForComposites._computeActorDepth(CausalityInterfaceForComposites.java:532)
	at ptolemy.actor.util.CausalityInterfaceForComposites.checkForCycles(CausalityInterfaceForComposites.java:96)
	at ptolemy.domains.de.kernel.DEDirector.preinitialize(DEDirector.java:1338)
	at ptolemy.actor.CompositeActor.preinitialize(CompositeActor.java:1828)
	at ptolemy.actor.Manager.preinitializeAndResolveTypes(Manager.java:1040)
	at ptolemy.actor.Manager.initialize(Manager.java:710)
	at ptolemy.actor.Manager.execute(Manager.java:356)
	at ptolemy.actor.Manager.run(Manager.java:1263)
	at ptolemy.actor.Manager$PtolemyRunThread.run(Manager.java:1915)
]]></system-err>
</testsuite>
