<?xml version="1.0" encoding="UTF-8" ?>
<testsuite errors="0" failures="0" hostname="travis-job-42b2714a-0c37-458a-af90-dc4a25c25882" name="ptolemy.domains.continuous.test.junit.JUnitTclTest" skipped="0" tests="156" time="67.977" timestamp="2020-02-08T06:52:06">
  <properties>
[...]
</properties>
  <testcase classname="ptolemy.util.test.junit.TclTests" name="[0] ThereAreNoTclTests (RunTclFile)" time="0.008" />
  <testcase classname="ptolemy.util.test.junit.AutoKnownFailedTests" name="[0] ThereAreNoKnowFailedTests (RunModel)" time="0.002" />
  <testcase classname="ptolemy.util.test.junit.AutoNameArchTests" name="[0] ThereAreNoAutoArchTests (RunModel)" time="0.014" />
  <testcase classname="ptolemy.util.test.junit.AutoTests" name="[0] /home/travis/build/icyphy/ptII/ptolemy/domains/continuous/test/auto/BouncingBall.xml (RunModel)" time="2.908" />
  <testcase classname="ptolemy.util.test.junit.AutoTests" name="[1] /home/travis/build/icyphy/ptII/ptolemy/domains/continuous/test/auto/BouncingBallWithoutGR.xml (RunModel)" time="0.808" />
  <testcase classname="ptolemy.util.test.junit.AutoTests" name="[2] /home/travis/build/icyphy/ptII/ptolemy/domains/continuous/test/auto/Brownian.xml (RunModel)" time="0.119" />
  <testcase classname="ptolemy.util.test.junit.AutoTests" name="[3] /home/travis/build/icyphy/ptII/ptolemy/domains/continuous/test/auto/CarTracking.xml (RunModel)" time="3.846" />
  <testcase classname="ptolemy.util.test.junit.AutoTests" name="[4] /home/travis/build/icyphy/ptII/ptolemy/domains/continuous/test/auto/CartPendulum.xml (RunModel)" time="0.535" />
  <testcase classname="ptolemy.util.test.junit.AutoTests" name="[5] /home/travis/build/icyphy/ptII/ptolemy/domains/continuous/test/auto/CausalityInterface10.xml (RunModel)" time="0.037" />
  <testcase classname="ptolemy.util.test.junit.AutoTests" name="[6] /home/travis/build/icyphy/ptII/ptolemy/domains/continuous/test/auto/CausalityInterface11.xml (RunModel)" time="0.023" />
  <testcase classname="ptolemy.util.test.junit.AutoTests" name="[7] /home/travis/build/icyphy/ptII/ptolemy/domains/continuous/test/auto/CausalityInterface12.xml (RunModel)" time="0.037" />
  <testcase classname="ptolemy.util.test.junit.AutoTests" name="[8] /home/travis/build/icyphy/ptII/ptolemy/domains/continuous/test/auto/CausalityInterface13.xml (RunModel)" time="0.028" />
  <testcase classname="ptolemy.util.test.junit.AutoTests" name="[9] /home/travis/build/icyphy/ptII/ptolemy/domains/continuous/test/auto/CausalityInterface14.xml (RunModel)" time="0.033" />
  <testcase classname="ptolemy.util.test.junit.AutoTests" name="[10] /home/travis/build/icyphy/ptII/ptolemy/domains/continuous/test/auto/CausalityInterface4.xml (RunModel)" time="0.021" />
  <testcase classname="ptolemy.util.test.junit.AutoTests" name="[11] /home/travis/build/icyphy/ptII/ptolemy/domains/continuous/test/auto/CausalityInterface5.xml (RunModel)" time="0.05" />
  <testcase classname="ptolemy.util.test.junit.AutoTests" name="[12] /home/travis/build/icyphy/ptII/ptolemy/domains/continuous/test/auto/CausalityInterface6.xml (RunModel)" time="0.027" />
  <testcase classname="ptolemy.util.test.junit.AutoTests" name="[13] /home/travis/build/icyphy/ptII/ptolemy/domains/continuous/test/auto/CausalityInterface7.xml (RunModel)" time="0.036" />
  <testcase classname="ptolemy.util.test.junit.AutoTests" name="[14] /home/travis/build/icyphy/ptII/ptolemy/domains/continuous/test/auto/CausalityInterface8.xml (RunModel)" time="0.041" />
  <testcase classname="ptolemy.util.test.junit.AutoTests" name="[15] /home/travis/build/icyphy/ptII/ptolemy/domains/continuous/test/auto/CausalityInterface9.xml (RunModel)" time="0.045" />
  <testcase classname="ptolemy.util.test.junit.AutoTests" name="[16] /home/travis/build/icyphy/ptII/ptolemy/domains/continuous/test/auto/CausalityInterfaceFeedback1.xml (RunModel)" time="0.038" />
  <testcase classname="ptolemy.util.test.junit.AutoTests" name="[17] /home/travis/build/icyphy/ptII/ptolemy/domains/continuous/test/auto/CausalityInterfaceFeedback2.xml (RunModel)" time="0.036" />
  <testcase classname="ptolemy.util.test.junit.AutoTests" name="[18] /home/travis/build/icyphy/ptII/ptolemy/domains/continuous/test/auto/CompareWithCurrentTime.xml (RunModel)" time="0.023" />
  <testcase classname="ptolemy.util.test.junit.AutoTests" name="[19] /home/travis/build/icyphy/ptII/ptolemy/domains/continuous/test/auto/ComparedClocks.xml (RunModel)" time="0.079" />
  <testcase classname="ptolemy.util.test.junit.AutoTests" name="[20] /home/travis/build/icyphy/ptII/ptolemy/domains/continuous/test/auto/ContinuousAOCClone.xml (RunModel)" time="2.376" />
  <testcase classname="ptolemy.util.test.junit.AutoTests" name="[21] /home/travis/build/icyphy/ptII/ptolemy/domains/continuous/test/auto/ContinuousClock.xml (RunModel)" time="0.09" />
  <testcase classname="ptolemy.util.test.junit.AutoTests" name="[22] /home/travis/build/icyphy/ptII/ptolemy/domains/continuous/test/auto/ContinuousInContinuous.xml (RunModel)" time="0.067" />
  <testcase classname="ptolemy.util.test.junit.AutoTests" name="[23] /home/travis/build/icyphy/ptII/ptolemy/domains/continuous/test/auto/ContinuousInContinuousInContinuous.xml (RunModel)" time="0.021" />
  <testcase classname="ptolemy.util.test.junit.AutoTests" name="[24] /home/travis/build/icyphy/ptII/ptolemy/domains/continuous/test/auto/ContinuousInDE.xml (RunModel)" time="0.075" />
  <testcase classname="ptolemy.util.test.junit.AutoTests" name="[25] /home/travis/build/icyphy/ptII/ptolemy/domains/continuous/test/auto/ContinuousInDE2.xml (RunModel)" time="0.063" />
  <testcase classname="ptolemy.util.test.junit.AutoTests" name="[26] /home/travis/build/icyphy/ptII/ptolemy/domains/continuous/test/auto/ContinuousInDE3.xml (RunModel)" time="0.039" />
  <testcase classname="ptolemy.util.test.junit.AutoTests" name="[27] /home/travis/build/icyphy/ptII/ptolemy/domains/continuous/test/auto/ContinuousInDE4.xml (RunModel)" time="0.027" />
  <testcase classname="ptolemy.util.test.junit.AutoTests" name="[28] /home/travis/build/icyphy/ptII/ptolemy/domains/continuous/test/auto/ContinuousInDEDifferentRefinements.xml (RunModel)" time="0.11" />
  <testcase classname="ptolemy.util.test.junit.AutoTests" name="[29] /home/travis/build/icyphy/ptII/ptolemy/domains/continuous/test/auto/ContinuousInDEDifferentRefinementsPreemptive.xml (RunModel)" time="0.084" />
  <testcase classname="ptolemy.util.test.junit.AutoTests" name="[30] /home/travis/build/icyphy/ptII/ptolemy/domains/continuous/test/auto/ContinuousInDEInContinuous2.xml (RunModel)" time="0.052" />
  <testcase classname="ptolemy.util.test.junit.AutoTests" name="[31] /home/travis/build/icyphy/ptII/ptolemy/domains/continuous/test/auto/ContinuousInDEInContinuous3.xml (RunModel)" time="0.059" />
  <testcase classname="ptolemy.util.test.junit.AutoTests" name="[32] /home/travis/build/icyphy/ptII/ptolemy/domains/continuous/test/auto/ContinuousInDEInput.xml (RunModel)" time="0.03" />
  <testcase classname="ptolemy.util.test.junit.AutoTests" name="[33] /home/travis/build/icyphy/ptII/ptolemy/domains/continuous/test/auto/ContinuousInDEInput2.xml (RunModel)" time="0.033" />
  <testcase classname="ptolemy.util.test.junit.AutoTests" name="[34] /home/travis/build/icyphy/ptII/ptolemy/domains/continuous/test/auto/ContinuousInDEInput3.xml (RunModel)" time="0.027" />
  <testcase classname="ptolemy.util.test.junit.AutoTests" name="[35] /home/travis/build/icyphy/ptII/ptolemy/domains/continuous/test/auto/ContinuousInDESharingRefinement.xml (RunModel)" time="0.169" />
  <testcase classname="ptolemy.util.test.junit.AutoTests" name="[36] /home/travis/build/icyphy/ptII/ptolemy/domains/continuous/test/auto/ContinuousInDEwithNoPorts.xml (RunModel)" time="0.021" />
  <testcase classname="ptolemy.util.test.junit.AutoTests" name="[37] /home/travis/build/icyphy/ptII/ptolemy/domains/continuous/test/auto/ContinuousInsideDE.xml (RunModel)" time="0.065" />
  <testcase classname="ptolemy.util.test.junit.AutoTests" name="[38] /home/travis/build/icyphy/ptII/ptolemy/domains/continuous/test/auto/ContinuousMerge1.xml (RunModel)" time="0.017" />
  <testcase classname="ptolemy.util.test.junit.AutoTests" name="[39] /home/travis/build/icyphy/ptII/ptolemy/domains/continuous/test/auto/ContinuousMerge2.xml (RunModel)" time="0.052" />
  <testcase classname="ptolemy.util.test.junit.AutoTests" name="[40] /home/travis/build/icyphy/ptII/ptolemy/domains/continuous/test/auto/ContinuousMerge3.xml (RunModel)" time="0.056" />
  <testcase classname="ptolemy.util.test.junit.AutoTests" name="[41] /home/travis/build/icyphy/ptII/ptolemy/domains/continuous/test/auto/ContinuousWithinContinuous.xml (RunModel)" time="0.04" />
  <testcase classname="ptolemy.util.test.junit.AutoTests" name="[42] /home/travis/build/icyphy/ptII/ptolemy/domains/continuous/test/auto/ContinuousWithinContinuous2.xml (RunModel)" time="0.061" />
  <testcase classname="ptolemy.util.test.junit.AutoTests" name="[43] /home/travis/build/icyphy/ptII/ptolemy/domains/continuous/test/auto/ContinuousWithinContinuous3.xml (RunModel)" time="0.027" />
  <testcase classname="ptolemy.util.test.junit.AutoTests" name="[44] /home/travis/build/icyphy/ptII/ptolemy/domains/continuous/test/auto/ContinuousWithinContinuous4.xml (RunModel)" time="0.067" />
  <testcase classname="ptolemy.util.test.junit.AutoTests" name="[45] /home/travis/build/icyphy/ptII/ptolemy/domains/continuous/test/auto/ContinuousWithinContinuous5.xml (RunModel)" time="0.039" />
  <testcase classname="ptolemy.util.test.junit.AutoTests" name="[46] /home/travis/build/icyphy/ptII/ptolemy/domains/continuous/test/auto/ContinuousWithinContinuous6.xml (RunModel)" time="0.035" />
  <testcase classname="ptolemy.util.test.junit.AutoTests" name="[47] /home/travis/build/icyphy/ptII/ptolemy/domains/continuous/test/auto/ContinuousWithinContinuous7.xml (RunModel)" time="0.058" />
  <testcase classname="ptolemy.util.test.junit.AutoTests" name="[48] /home/travis/build/icyphy/ptII/ptolemy/domains/continuous/test/auto/DCMotor.xml (RunModel)" time="12.095" />
  <testcase classname="ptolemy.util.test.junit.AutoTests" name="[49] /home/travis/build/icyphy/ptII/ptolemy/domains/continuous/test/auto/DEInContinuous.xml (RunModel)" time="0.039" />
  <testcase classname="ptolemy.util.test.junit.AutoTests" name="[50] /home/travis/build/icyphy/ptII/ptolemy/domains/continuous/test/auto/DEinContinuous2.xml (RunModel)" time="0.028" />
  <testcase classname="ptolemy.util.test.junit.AutoTests" name="[51] /home/travis/build/icyphy/ptII/ptolemy/domains/continuous/test/auto/Derivative.xml (RunModel)" time="0.182" />
  <testcase classname="ptolemy.util.test.junit.AutoTests" name="[52] /home/travis/build/icyphy/ptII/ptolemy/domains/continuous/test/auto/Derivative1.xml (RunModel)" time="0.054" />
  <testcase classname="ptolemy.util.test.junit.AutoTests" name="[53] /home/travis/build/icyphy/ptII/ptolemy/domains/continuous/test/auto/DiscreteClock.xml (RunModel)" time="0.013" />
  <testcase classname="ptolemy.util.test.junit.AutoTests" name="[54] /home/travis/build/icyphy/ptII/ptolemy/domains/continuous/test/auto/EfficiencyCurve.xml (RunModel)" time="0.108" />
  <testcase classname="ptolemy.util.test.junit.AutoTests" name="[55] /home/travis/build/icyphy/ptII/ptolemy/domains/continuous/test/auto/ExponentialResponse.xml (RunModel)" time="0.101" />
  <testcase classname="ptolemy.util.test.junit.AutoTests" name="[56] /home/travis/build/icyphy/ptII/ptolemy/domains/continuous/test/auto/ExponentialResponseRK45.xml (RunModel)" time="0.029" />
  <testcase classname="ptolemy.util.test.junit.AutoTests" name="[57] /home/travis/build/icyphy/ptII/ptolemy/domains/continuous/test/auto/Friction.xml (RunModel)" time="1.474" />
  <testcase classname="ptolemy.util.test.junit.AutoTests" name="[58] /home/travis/build/icyphy/ptII/ptolemy/domains/continuous/test/auto/FurutaPendulum.xml (RunModel)" time="2.879" />
  <testcase classname="ptolemy.util.test.junit.AutoTests" name="[59] /home/travis/build/icyphy/ptII/ptolemy/domains/continuous/test/auto/HierarchicalExecution.xml (RunModel)" time="1.941" />
  <testcase classname="ptolemy.util.test.junit.AutoTests" name="[60] /home/travis/build/icyphy/ptII/ptolemy/domains/continuous/test/auto/HybridPlant.xml (RunModel)" time="0.572" />
  <testcase classname="ptolemy.util.test.junit.AutoTests" name="[61] /home/travis/build/icyphy/ptII/ptolemy/domains/continuous/test/auto/Hysteresis.xml (RunModel)" time="0.187" />
  <testcase classname="ptolemy.util.test.junit.AutoTests" name="[62] /home/travis/build/icyphy/ptII/ptolemy/domains/continuous/test/auto/HysteresisWithRandomDelay.xml (RunModel)" time="0.22" />
  <testcase classname="ptolemy.util.test.junit.AutoTests" name="[63] /home/travis/build/icyphy/ptII/ptolemy/domains/continuous/test/auto/HysteresisWithRandomLosses.xml (RunModel)" time="2.343" />
  <testcase classname="ptolemy.util.test.junit.AutoTests" name="[64] /home/travis/build/icyphy/ptII/ptolemy/domains/continuous/test/auto/ImmediateTransitions.xml (RunModel)" time="0.041" />
  <testcase classname="ptolemy.util.test.junit.AutoTests" name="[65] /home/travis/build/icyphy/ptII/ptolemy/domains/continuous/test/auto/ImpulseFeedback.xml (RunModel)" time="0.02" />
  <testcase classname="ptolemy.util.test.junit.AutoTests" name="[66] /home/travis/build/icyphy/ptII/ptolemy/domains/continuous/test/auto/ImpulseFeedback2.xml (RunModel)" time="0.017" />
  <testcase classname="ptolemy.util.test.junit.AutoTests" name="[67] /home/travis/build/icyphy/ptII/ptolemy/domains/continuous/test/auto/IncreasingRatePoisson.xml (RunModel)" time="0.805" />
  <testcase classname="ptolemy.util.test.junit.AutoTests" name="[68] /home/travis/build/icyphy/ptII/ptolemy/domains/continuous/test/auto/InitialStateFeedback.xml (RunModel)" time="0.017" />
  <testcase classname="ptolemy.util.test.junit.AutoTests" name="[69] /home/travis/build/icyphy/ptII/ptolemy/domains/continuous/test/auto/Integration.xml (RunModel)" time="0.012" />
  <testcase classname="ptolemy.util.test.junit.AutoTests" name="[70] /home/travis/build/icyphy/ptII/ptolemy/domains/continuous/test/auto/Integration2.xml (RunModel)" time="0.078" />
  <testcase classname="ptolemy.util.test.junit.AutoTests" name="[71] /home/travis/build/icyphy/ptII/ptolemy/domains/continuous/test/auto/Integration3.xml (RunModel)" time="0.014" />
  <testcase classname="ptolemy.util.test.junit.AutoTests" name="[72] /home/travis/build/icyphy/ptII/ptolemy/domains/continuous/test/auto/Integration5.xml (RunModel)" time="0.016" />
  <testcase classname="ptolemy.util.test.junit.AutoTests" name="[73] /home/travis/build/icyphy/ptII/ptolemy/domains/continuous/test/auto/IntegratorImpulse.xml (RunModel)" time="0.008" />
  <testcase classname="ptolemy.util.test.junit.AutoTests" name="[74] /home/travis/build/icyphy/ptII/ptolemy/domains/continuous/test/auto/IntegratorImpulse2.xml (RunModel)" time="0.01" />
  <testcase classname="ptolemy.util.test.junit.AutoTests" name="[75] /home/travis/build/icyphy/ptII/ptolemy/domains/continuous/test/auto/LevelCrossing1.xml (RunModel)" time="0.01" />
  <testcase classname="ptolemy.util.test.junit.AutoTests" name="[76] /home/travis/build/icyphy/ptII/ptolemy/domains/continuous/test/auto/LevelCrossing2.xml (RunModel)" time="0.014" />
  <testcase classname="ptolemy.util.test.junit.AutoTests" name="[77] /home/travis/build/icyphy/ptII/ptolemy/domains/continuous/test/auto/LevelCrossing3.xml (RunModel)" time="0.01" />
  <testcase classname="ptolemy.util.test.junit.AutoTests" name="[78] /home/travis/build/icyphy/ptII/ptolemy/domains/continuous/test/auto/LevelCrossing4.xml (RunModel)" time="0.014" />
  <testcase classname="ptolemy.util.test.junit.AutoTests" name="[79] /home/travis/build/icyphy/ptII/ptolemy/domains/continuous/test/auto/LevelCrossing5.xml (RunModel)" time="0.011" />
  <testcase classname="ptolemy.util.test.junit.AutoTests" name="[80] /home/travis/build/icyphy/ptII/ptolemy/domains/continuous/test/auto/LevelCrossing6.xml (RunModel)" time="0.011" />
  <testcase classname="ptolemy.util.test.junit.AutoTests" name="[81] /home/travis/build/icyphy/ptII/ptolemy/domains/continuous/test/auto/LevelCrossingDetector.xml (RunModel)" time="0.037" />
  <testcase classname="ptolemy.util.test.junit.AutoTests" name="[82] /home/travis/build/icyphy/ptII/ptolemy/domains/continuous/test/auto/LevelCrossingDetectorDetectingDirections.xml (RunModel)" time="0.082" />
  <testcase classname="ptolemy.util.test.junit.AutoTests" name="[83] /home/travis/build/icyphy/ptII/ptolemy/domains/continuous/test/auto/LevelCrossingDetectorDetectsGlitches.xml (RunModel)" time="0.055" />
  <testcase classname="ptolemy.util.test.junit.AutoTests" name="[84] /home/travis/build/icyphy/ptII/ptolemy/domains/continuous/test/auto/LevelCrossingNoInitialOuput.xml (RunModel)" time="0.016" />
  <testcase classname="ptolemy.util.test.junit.AutoTests" name="[85] /home/travis/build/icyphy/ptII/ptolemy/domains/continuous/test/auto/LinearStateSpaceExample.xml (RunModel)" time="0.052" />
  <testcase classname="ptolemy.util.test.junit.AutoTests" name="[86] /home/travis/build/icyphy/ptII/ptolemy/domains/continuous/test/auto/Lorenz.xml (RunModel)" time="3.277" />
  <testcase classname="ptolemy.util.test.junit.AutoTests" name="[87] /home/travis/build/icyphy/ptII/ptolemy/domains/continuous/test/auto/LorenzDifferentialSystem.xml (RunModel)" time="0.843" />
  <testcase classname="ptolemy.util.test.junit.AutoTests" name="[88] /home/travis/build/icyphy/ptII/ptolemy/domains/continuous/test/auto/LorenzDifferentialSystemWithInput.xml (RunModel)" time="1.31" />
  <testcase classname="ptolemy.util.test.junit.AutoTests" name="[89] /home/travis/build/icyphy/ptII/ptolemy/domains/continuous/test/auto/LorenzDifferentialSystemWithTime.xml (RunModel)" time="0.663" />
  <testcase classname="ptolemy.util.test.junit.AutoTests" name="[90] /home/travis/build/icyphy/ptII/ptolemy/domains/continuous/test/auto/Microsteps.xml (RunModel)" time="0.04" />
  <testcase classname="ptolemy.util.test.junit.AutoTests" name="[91] /home/travis/build/icyphy/ptII/ptolemy/domains/continuous/test/auto/Modal1.xml (RunModel)" time="0.039" />
  <testcase classname="ptolemy.util.test.junit.AutoTests" name="[92] /home/travis/build/icyphy/ptII/ptolemy/domains/continuous/test/auto/Modal2.xml (RunModel)" time="0.053" />
  <testcase classname="ptolemy.util.test.junit.AutoTests" name="[93] /home/travis/build/icyphy/ptII/ptolemy/domains/continuous/test/auto/ModalTransitionGuardWithReset.xml (RunModel)" time="0.024" />
  <testcase classname="ptolemy.util.test.junit.AutoTests" name="[94] /home/travis/build/icyphy/ptII/ptolemy/domains/continuous/test/auto/ModalTransitionGuardWithResetUsingPreemptiveTransition.xml (RunModel)" time="0.02" />
  <testcase classname="ptolemy.util.test.junit.AutoTests" name="[95] /home/travis/build/icyphy/ptII/ptolemy/domains/continuous/test/auto/ModalTransitionGuardWithResetUsingPreemptiveTransition2.xml (RunModel)" time="0.027" />
  <testcase classname="ptolemy.util.test.junit.AutoTests" name="[96] /home/travis/build/icyphy/ptII/ptolemy/domains/continuous/test/auto/ModalTransitionGuardWithResetUsingPreemptiveTransition3.xml (RunModel)" time="0.025" />
  <testcase classname="ptolemy.util.test.junit.AutoTests" name="[97] /home/travis/build/icyphy/ptII/ptolemy/domains/continuous/test/auto/NewtonsCradle.xml (RunModel)" time="0.802" />
  <testcase classname="ptolemy.util.test.junit.AutoTests" name="[98] /home/travis/build/icyphy/ptII/ptolemy/domains/continuous/test/auto/NewtonsCradleAnimated.xml (RunModel)" time="1.275" />
  <testcase classname="ptolemy.util.test.junit.AutoTests" name="[99] /home/travis/build/icyphy/ptII/ptolemy/domains/continuous/test/auto/NewtonsCradleComplicated.xml (RunModel)" time="0.893" />
  <testcase classname="ptolemy.util.test.junit.AutoTests" name="[100] /home/travis/build/icyphy/ptII/ptolemy/domains/continuous/test/auto/NewtonsCradleNondeterministic.xml (RunModel)" time="0.656" />
  <testcase classname="ptolemy.util.test.junit.AutoTests" name="[101] /home/travis/build/icyphy/ptII/ptolemy/domains/continuous/test/auto/NewtonsCradlePerfectlyInelastic1.xml (RunModel)" time="1.133" />
  <testcase classname="ptolemy.util.test.junit.AutoTests" name="[102] /home/travis/build/icyphy/ptII/ptolemy/domains/continuous/test/auto/Noise.xml (RunModel)" time="0.18" />
  <testcase classname="ptolemy.util.test.junit.AutoTests" name="[103] /home/travis/build/icyphy/ptII/ptolemy/domains/continuous/test/auto/NoiseSpectrum.xml (RunModel)" time="0.661" />
  <testcase classname="ptolemy.util.test.junit.AutoTests" name="[104] /home/travis/build/icyphy/ptII/ptolemy/domains/continuous/test/auto/ParameterizedNewtonsCradleAnimated.xml (RunModel)" time="0.346" />
  <testcase classname="ptolemy.util.test.junit.AutoTests" name="[105] /home/travis/build/icyphy/ptII/ptolemy/domains/continuous/test/auto/ParameterizedNewtonsCradleAnimatedNondeterministic.xml (RunModel)" time="1.095" />
  <testcase classname="ptolemy.util.test.junit.AutoTests" name="[106] /home/travis/build/icyphy/ptII/ptolemy/domains/continuous/test/auto/Pendulum3D.xml (RunModel)" time="0.153" />
  <testcase classname="ptolemy.util.test.junit.AutoTests" name="[107] /home/travis/build/icyphy/ptII/ptolemy/domains/continuous/test/auto/PeriodicSampler.xml (RunModel)" time="0.01" />
  <testcase classname="ptolemy.util.test.junit.AutoTests" name="[108] /home/travis/build/icyphy/ptII/ptolemy/domains/continuous/test/auto/PeriodicSampler1.xml (RunModel)" time="0.034" />
  <testcase classname="ptolemy.util.test.junit.AutoTests" name="[109] /home/travis/build/icyphy/ptII/ptolemy/domains/continuous/test/auto/PeriodicSampler2.xml (RunModel)" time="0.063" />
  <testcase classname="ptolemy.util.test.junit.AutoTests" name="[110] /home/travis/build/icyphy/ptII/ptolemy/domains/continuous/test/auto/Poisson.xml (RunModel)" time="0.398" />
  <testcase classname="ptolemy.util.test.junit.AutoTests" name="[111] /home/travis/build/icyphy/ptII/ptolemy/domains/continuous/test/auto/PoissonClock.xml (RunModel)" time="0.014" />
  <testcase classname="ptolemy.util.test.junit.AutoTests" name="[112] /home/travis/build/icyphy/ptII/ptolemy/domains/continuous/test/auto/PoissonClock2.xml (RunModel)" time="0.015" />
  <testcase classname="ptolemy.util.test.junit.AutoTests" name="[113] /home/travis/build/icyphy/ptII/ptolemy/domains/continuous/test/auto/PortParameterHierarchy.xml (RunModel)" time="0.023" />
  <testcase classname="ptolemy.util.test.junit.AutoTests" name="[114] /home/travis/build/icyphy/ptII/ptolemy/domains/continuous/test/auto/RandomHybridPlant.xml (RunModel)" time="0.516" />
  <testcase classname="ptolemy.util.test.junit.AutoTests" name="[115] /home/travis/build/icyphy/ptII/ptolemy/domains/continuous/test/auto/ResetTransitionWithStartTime1.xml (RunModel)" time="0.027" />
  <testcase classname="ptolemy.util.test.junit.AutoTests" name="[116] /home/travis/build/icyphy/ptII/ptolemy/domains/continuous/test/auto/ResetTransitionWithStartTime2.xml (RunModel)" time="0.039" />
  <testcase classname="ptolemy.util.test.junit.AutoTests" name="[117] /home/travis/build/icyphy/ptII/ptolemy/domains/continuous/test/auto/ResetTransitionWithStartTime3.xml (RunModel)" time="0.032" />
  <testcase classname="ptolemy.util.test.junit.AutoTests" name="[118] /home/travis/build/icyphy/ptII/ptolemy/domains/continuous/test/auto/ResetTransitionWithStartTime4.xml (RunModel)" time="0.027" />
  <testcase classname="ptolemy.util.test.junit.AutoTests" name="[119] /home/travis/build/icyphy/ptII/ptolemy/domains/continuous/test/auto/ResetTransitionWithStartTime5.xml (RunModel)" time="0.031" />
  <testcase classname="ptolemy.util.test.junit.AutoTests" name="[120] /home/travis/build/icyphy/ptII/ptolemy/domains/continuous/test/auto/ResetTransitionWithStartTime6.xml (RunModel)" time="0.02" />
  <testcase classname="ptolemy.util.test.junit.AutoTests" name="[121] /home/travis/build/icyphy/ptII/ptolemy/domains/continuous/test/auto/SRinContinuous.xml (RunModel)" time="0.016" />
  <testcase classname="ptolemy.util.test.junit.AutoTests" name="[122] /home/travis/build/icyphy/ptII/ptolemy/domains/continuous/test/auto/SampledClocks.xml (RunModel)" time="0.027" />
  <testcase classname="ptolemy.util.test.junit.AutoTests" name="[123] /home/travis/build/icyphy/ptII/ptolemy/domains/continuous/test/auto/Satellite.xml (RunModel)" time="0.65" />
  <testcase classname="ptolemy.util.test.junit.AutoTests" name="[124] /home/travis/build/icyphy/ptII/ptolemy/domains/continuous/test/auto/SigmaDelta.xml (RunModel)" time="1.965" />
  <testcase classname="ptolemy.util.test.junit.AutoTests" name="[125] /home/travis/build/icyphy/ptII/ptolemy/domains/continuous/test/auto/SingleRefinement.xml (RunModel)" time="0.415" />
  <testcase classname="ptolemy.util.test.junit.AutoTests" name="[126] /home/travis/build/icyphy/ptII/ptolemy/domains/continuous/test/auto/SinuBouncingBall.xml (RunModel)" time="0.842" />
  <testcase classname="ptolemy.util.test.junit.AutoTests" name="[127] /home/travis/build/icyphy/ptII/ptolemy/domains/continuous/test/auto/Sinusoid.xml (RunModel)" time="0.018" />
  <testcase classname="ptolemy.util.test.junit.AutoTests" name="[128] /home/travis/build/icyphy/ptII/ptolemy/domains/continuous/test/auto/SinusoidInNoise.xml (RunModel)" time="0.781" />
  <testcase classname="ptolemy.util.test.junit.AutoTests" name="[129] /home/travis/build/icyphy/ptII/ptolemy/domains/continuous/test/auto/SinusoidRK45.xml (RunModel)" time="0.013" />
  <testcase classname="ptolemy.util.test.junit.AutoTests" name="[130] /home/travis/build/icyphy/ptII/ptolemy/domains/continuous/test/auto/SinusoidWithMultipleImpulses.xml (RunModel)" time="0.027" />
  <testcase classname="ptolemy.util.test.junit.AutoTests" name="[131] /home/travis/build/icyphy/ptII/ptolemy/domains/continuous/test/auto/SquareWave.xml (RunModel)" time="0.171" />
  <testcase classname="ptolemy.util.test.junit.AutoTests" name="[132] /home/travis/build/icyphy/ptII/ptolemy/domains/continuous/test/auto/Starmac.xml (RunModel)" time="3.369" />
  <testcase classname="ptolemy.util.test.junit.AutoTests" name="[133] /home/travis/build/icyphy/ptII/ptolemy/domains/continuous/test/auto/StaticUnits.xml (RunModel)" time="2.381" />
  <testcase classname="ptolemy.util.test.junit.AutoTests" name="[134] /home/travis/build/icyphy/ptII/ptolemy/domains/continuous/test/auto/StickyMasses.xml (RunModel)" time="0.186" />
  <testcase classname="ptolemy.util.test.junit.AutoTests" name="[135] /home/travis/build/icyphy/ptII/ptolemy/domains/continuous/test/auto/StopTime.xml (RunModel)" time="0.059" />
  <testcase classname="ptolemy.util.test.junit.AutoTests" name="[136] /home/travis/build/icyphy/ptII/ptolemy/domains/continuous/test/auto/StopTime2.xml (RunModel)" time="0.052" />
  <testcase classname="ptolemy.util.test.junit.AutoTests" name="[137] /home/travis/build/icyphy/ptII/ptolemy/domains/continuous/test/auto/Switch.xml (RunModel)" time="0.062" />
  <testcase classname="ptolemy.util.test.junit.AutoTests" name="[138] /home/travis/build/icyphy/ptII/ptolemy/domains/continuous/test/auto/Thermostat.xml (RunModel)" time="0.212" />
  <testcase classname="ptolemy.util.test.junit.AutoTests" name="[139] /home/travis/build/icyphy/ptII/ptolemy/domains/continuous/test/auto/TimeDelay.xml (RunModel)" time="0.02" />
  <testcase classname="ptolemy.util.test.junit.AutoTests" name="[140] /home/travis/build/icyphy/ptII/ptolemy/domains/continuous/test/auto/TimeDelay2.xml (RunModel)" time="0.025" />
  <testcase classname="ptolemy.util.test.junit.AutoTests" name="[141] /home/travis/build/icyphy/ptII/ptolemy/domains/continuous/test/auto/TimeDelay3.xml (RunModel)" time="0.011" />
  <testcase classname="ptolemy.util.test.junit.AutoTests" name="[142] /home/travis/build/icyphy/ptII/ptolemy/domains/continuous/test/auto/TransferAbsentToInside.xml (RunModel)" time="0.096" />
  <testcase classname="ptolemy.util.test.junit.AutoTests" name="[143] /home/travis/build/icyphy/ptII/ptolemy/domains/continuous/test/auto/Transmission.xml (RunModel)" time="0.785" />
  <testcase classname="ptolemy.util.test.junit.AutoTests" name="[144] /home/travis/build/icyphy/ptII/ptolemy/domains/continuous/test/auto/TriggeredContinuousClock.xml (RunModel)" time="0.063" />
  <testcase classname="ptolemy.util.test.junit.AutoTests" name="[145] /home/travis/build/icyphy/ptII/ptolemy/domains/continuous/test/auto/TwoMachineInfiniteBusControl.xml (RunModel)" time="2.692" />
  <testcase classname="ptolemy.util.test.junit.AutoTests" name="[146] /home/travis/build/icyphy/ptII/ptolemy/domains/continuous/test/auto/V2V.xml (RunModel)" time="0.876" />
  <testcase classname="ptolemy.util.test.junit.AutoTests" name="[147] /home/travis/build/icyphy/ptII/ptolemy/domains/continuous/test/auto/hierarchicalModalModel.xml (RunModel)" time="0.034" />
  <testcase classname="ptolemy.util.test.junit.AutoTests" name="[148] /home/travis/build/icyphy/ptII/ptolemy/domains/continuous/test/auto/hierarchicalModalModel1.xml (RunModel)" time="0.031" />
  <testcase classname="ptolemy.util.test.junit.AutoTests" name="[149] /home/travis/build/icyphy/ptII/ptolemy/domains/continuous/test/auto/hierarchicalModalModel2.xml (RunModel)" time="0.026" />
  <testcase classname="ptolemy.util.test.junit.AutoTests" name="[150] /home/travis/build/icyphy/ptII/ptolemy/domains/continuous/test/auto/hierarchicalModalModel3.xml (RunModel)" time="0.022" />
  <testcase classname="ptolemy.util.test.junit.AutoTests" name="[151] /home/travis/build/icyphy/ptII/ptolemy/domains/continuous/test/auto/hierarchicalModalModel4.xml (RunModel)" time="0.025" />
  <testcase classname="ptolemy.util.test.junit.AutoTests" name="[152] /home/travis/build/icyphy/ptII/ptolemy/domains/continuous/test/auto/junk.xml (RunModel)" time="0.139" />
  <system-out><![CDATA[No tcl tests in /home/travis/build/icyphy/ptII/ptolemy/domains/continuous/test
No auto/knownFailedTests/*.xml tests in /home/travis/build/icyphy/ptII/ptolemy/domains/continuous/test
No auto/linux-amd64/*.xml tests in /home/travis/build/icyphy/ptII/ptolemy/domains/continuous/test
AutoTests.java: About to close Vertx.
AutoTests.java: Vertx closed.

===========================================================================================
----------------- testing Sat Feb 08 06:52:07 UTC 2020 /home/travis/build/icyphy/ptII/ptolemy/domains/continuous/test/auto/BouncingBall.xml
----------------- Instantiating /home/travis/build/icyphy/ptII/ptolemy/domains/continuous/test/auto/BouncingBall.xml
2277 ms. Memory: 155648K Free: 98682K (63%)
----------------- Invoking toplevel() on ptolemy.moml.MoMLSimpleApplication@25e296d
----------------- Done invoking toplevel() on ptolemy.moml.MoMLSimpleApplication@25e296d
reloadAllAccessors: .BouncingBall

===========================================================================================
----------------- testing Sat Feb 08 06:52:09 UTC 2020 /home/travis/build/icyphy/ptII/ptolemy/domains/continuous/test/auto/BouncingBallWithoutGR.xml
----------------- Instantiating /home/travis/build/icyphy/ptII/ptolemy/domains/continuous/test/auto/BouncingBallWithoutGR.xml
736 ms. Memory: 187392K Free: 133480K (71%)
----------------- Invoking toplevel() on ptolemy.moml.MoMLSimpleApplication@27c27777
----------------- Done invoking toplevel() on ptolemy.moml.MoMLSimpleApplication@27c27777
reloadAllAccessors: .BouncingBallWithoutGR

===========================================================================================
----------------- testing Sat Feb 08 06:52:10 UTC 2020 /home/travis/build/icyphy/ptII/ptolemy/domains/continuous/test/auto/Brownian.xml
----------------- Instantiating /home/travis/build/icyphy/ptII/ptolemy/domains/continuous/test/auto/Brownian.xml
23 ms. Memory: 187392K Free: 124264K (66%)
----------------- Invoking toplevel() on ptolemy.moml.MoMLSimpleApplication@bfdce18
----------------- Done invoking toplevel() on ptolemy.moml.MoMLSimpleApplication@bfdce18
reloadAllAccessors: .Brownian

===========================================================================================
----------------- testing Sat Feb 08 06:52:10 UTC 2020 /home/travis/build/icyphy/ptII/ptolemy/domains/continuous/test/auto/CarTracking.xml
----------------- Instantiating /home/travis/build/icyphy/ptII/ptolemy/domains/continuous/test/auto/CarTracking.xml
3322 ms. Memory: 225280K Free: 137327K (61%)
----------------- Invoking toplevel() on ptolemy.moml.MoMLSimpleApplication@74c9fb91
----------------- Done invoking toplevel() on ptolemy.moml.MoMLSimpleApplication@74c9fb91
reloadAllAccessors: .CarTracking

===========================================================================================
----------------- testing Sat Feb 08 06:52:14 UTC 2020 /home/travis/build/icyphy/ptII/ptolemy/domains/continuous/test/auto/CartPendulum.xml
----------------- Instantiating /home/travis/build/icyphy/ptII/ptolemy/domains/continuous/test/auto/CartPendulum.xml
384 ms. Memory: 225280K Free: 177892K (79%)
----------------- Invoking toplevel() on ptolemy.moml.MoMLSimpleApplication@1f97f98e
----------------- Done invoking toplevel() on ptolemy.moml.MoMLSimpleApplication@1f97f98e
reloadAllAccessors: .CartPendulum

===========================================================================================
----------------- testing Sat Feb 08 06:52:15 UTC 2020 /home/travis/build/icyphy/ptII/ptolemy/domains/continuous/test/auto/CausalityInterface10.xml
----------------- Instantiating /home/travis/build/icyphy/ptII/ptolemy/domains/continuous/test/auto/CausalityInterface10.xml
9 ms. Memory: 225280K Free: 167156K (74%)
----------------- Invoking toplevel() on ptolemy.moml.MoMLSimpleApplication@7449cf69
----------------- Done invoking toplevel() on ptolemy.moml.MoMLSimpleApplication@7449cf69
reloadAllAccessors: .CausalityInterface10

===========================================================================================
----------------- testing Sat Feb 08 06:52:15 UTC 2020 /home/travis/build/icyphy/ptII/ptolemy/domains/continuous/test/auto/CausalityInterface11.xml
----------------- Instantiating /home/travis/build/icyphy/ptII/ptolemy/domains/continuous/test/auto/CausalityInterface11.xml
4 ms. Memory: 225280K Free: 161012K (71%)
----------------- Invoking toplevel() on ptolemy.moml.MoMLSimpleApplication@31eda2e4
----------------- Done invoking toplevel() on ptolemy.moml.MoMLSimpleApplication@31eda2e4
reloadAllAccessors: .CausalityInterface11

===========================================================================================
----------------- testing Sat Feb 08 06:52:15 UTC 2020 /home/travis/build/icyphy/ptII/ptolemy/domains/continuous/test/auto/CausalityInterface12.xml
----------------- Instantiating /home/travis/build/icyphy/ptII/ptolemy/domains/continuous/test/auto/CausalityInterface12.xml
9 ms. Memory: 225280K Free: 154868K (69%)
----------------- Invoking toplevel() on ptolemy.moml.MoMLSimpleApplication@290856f1
----------------- Done invoking toplevel() on ptolemy.moml.MoMLSimpleApplication@290856f1
reloadAllAccessors: .CausalityInterface12

===========================================================================================
----------------- testing Sat Feb 08 06:52:15 UTC 2020 /home/travis/build/icyphy/ptII/ptolemy/domains/continuous/test/auto/CausalityInterface13.xml
----------------- Instantiating /home/travis/build/icyphy/ptII/ptolemy/domains/continuous/test/auto/CausalityInterface13.xml
6 ms. Memory: 225280K Free: 148724K (66%)
----------------- Invoking toplevel() on ptolemy.moml.MoMLSimpleApplication@60f852f1
----------------- Done invoking toplevel() on ptolemy.moml.MoMLSimpleApplication@60f852f1
reloadAllAccessors: .CausalityInterface13

===========================================================================================
----------------- testing Sat Feb 08 06:52:15 UTC 2020 /home/travis/build/icyphy/ptII/ptolemy/domains/continuous/test/auto/CausalityInterface14.xml
----------------- Instantiating /home/travis/build/icyphy/ptII/ptolemy/domains/continuous/test/auto/CausalityInterface14.xml
3 ms. Memory: 225280K Free: 143076K (64%)
----------------- Invoking toplevel() on ptolemy.moml.MoMLSimpleApplication@6a14cd09
----------------- Done invoking toplevel() on ptolemy.moml.MoMLSimpleApplication@6a14cd09
reloadAllAccessors: .CausalityInterface14

===========================================================================================
----------------- testing Sat Feb 08 06:52:15 UTC 2020 /home/travis/build/icyphy/ptII/ptolemy/domains/continuous/test/auto/CausalityInterface4.xml
----------------- Instantiating /home/travis/build/icyphy/ptII/ptolemy/domains/continuous/test/auto/CausalityInterface4.xml
3 ms. Memory: 225280K Free: 136436K (61%)
----------------- Invoking toplevel() on ptolemy.moml.MoMLSimpleApplication@42f43a79
----------------- Done invoking toplevel() on ptolemy.moml.MoMLSimpleApplication@42f43a79
reloadAllAccessors: .CausalityInterface4

===========================================================================================
----------------- testing Sat Feb 08 06:52:15 UTC 2020 /home/travis/build/icyphy/ptII/ptolemy/domains/continuous/test/auto/CausalityInterface5.xml
----------------- Instantiating /home/travis/build/icyphy/ptII/ptolemy/domains/continuous/test/auto/CausalityInterface5.xml
9 ms. Memory: 225280K Free: 128244K (57%)
----------------- Invoking toplevel() on ptolemy.moml.MoMLSimpleApplication@77405b65
----------------- Done invoking toplevel() on ptolemy.moml.MoMLSimpleApplication@77405b65
reloadAllAccessors: .CausalityInterface5

===========================================================================================
----------------- testing Sat Feb 08 06:52:15 UTC 2020 /home/travis/build/icyphy/ptII/ptolemy/domains/continuous/test/auto/CausalityInterface6.xml
----------------- Instantiating /home/travis/build/icyphy/ptII/ptolemy/domains/continuous/test/auto/CausalityInterface6.xml
7 ms. Memory: 225280K Free: 123124K (55%)
----------------- Invoking toplevel() on ptolemy.moml.MoMLSimpleApplication@7da4f291
----------------- Done invoking toplevel() on ptolemy.moml.MoMLSimpleApplication@7da4f291
reloadAllAccessors: .CausalityInterface6

===========================================================================================
----------------- testing Sat Feb 08 06:52:15 UTC 2020 /home/travis/build/icyphy/ptII/ptolemy/domains/continuous/test/auto/CausalityInterface7.xml
----------------- Instantiating /home/travis/build/icyphy/ptII/ptolemy/domains/continuous/test/auto/CausalityInterface7.xml
8 ms. Memory: 225280K Free: 114418K (51%)
----------------- Invoking toplevel() on ptolemy.moml.MoMLSimpleApplication@596cb9ce
----------------- Done invoking toplevel() on ptolemy.moml.MoMLSimpleApplication@596cb9ce
reloadAllAccessors: .CausalityInterface7

===========================================================================================
----------------- testing Sat Feb 08 06:52:15 UTC 2020 /home/travis/build/icyphy/ptII/ptolemy/domains/continuous/test/auto/CausalityInterface8.xml
----------------- Instantiating /home/travis/build/icyphy/ptII/ptolemy/domains/continuous/test/auto/CausalityInterface8.xml
7 ms. Memory: 225280K Free: 105202K (47%)
----------------- Invoking toplevel() on ptolemy.moml.MoMLSimpleApplication@529d15b8
----------------- Done invoking toplevel() on ptolemy.moml.MoMLSimpleApplication@529d15b8
reloadAllAccessors: .CausalityInterface8

===========================================================================================
----------------- testing Sat Feb 08 06:52:15 UTC 2020 /home/travis/build/icyphy/ptII/ptolemy/domains/continuous/test/auto/CausalityInterface9.xml
----------------- Instantiating /home/travis/build/icyphy/ptII/ptolemy/domains/continuous/test/auto/CausalityInterface9.xml
10 ms. Memory: 225280K Free: 93938K (42%)
----------------- Invoking toplevel() on ptolemy.moml.MoMLSimpleApplication@637cfb6f
----------------- Done invoking toplevel() on ptolemy.moml.MoMLSimpleApplication@637cfb6f
reloadAllAccessors: .CausalityInterface9

===========================================================================================
----------------- testing Sat Feb 08 06:52:15 UTC 2020 /home/travis/build/icyphy/ptII/ptolemy/domains/continuous/test/auto/CausalityInterfaceFeedback1.xml
----------------- Instantiating /home/travis/build/icyphy/ptII/ptolemy/domains/continuous/test/auto/CausalityInterfaceFeedback1.xml
10 ms. Memory: 225280K Free: 87284K (39%)
----------------- Invoking toplevel() on ptolemy.moml.MoMLSimpleApplication@4c75cfb0
----------------- Done invoking toplevel() on ptolemy.moml.MoMLSimpleApplication@4c75cfb0
reloadAllAccessors: .CausalityInterfaceFeedback1

===========================================================================================
----------------- testing Sat Feb 08 06:52:15 UTC 2020 /home/travis/build/icyphy/ptII/ptolemy/domains/continuous/test/auto/CausalityInterfaceFeedback2.xml
----------------- Instantiating /home/travis/build/icyphy/ptII/ptolemy/domains/continuous/test/auto/CausalityInterfaceFeedback2.xml
6 ms. Memory: 225280K Free: 80612K (36%)
----------------- Invoking toplevel() on ptolemy.moml.MoMLSimpleApplication@32ba84d4
----------------- Done invoking toplevel() on ptolemy.moml.MoMLSimpleApplication@32ba84d4
reloadAllAccessors: .CausalityInterfaceFeedback2

===========================================================================================
----------------- testing Sat Feb 08 06:52:15 UTC 2020 /home/travis/build/icyphy/ptII/ptolemy/domains/continuous/test/auto/CompareWithCurrentTime.xml
----------------- Instantiating /home/travis/build/icyphy/ptII/ptolemy/domains/continuous/test/auto/CompareWithCurrentTime.xml
8 ms. Memory: 270336K Free: 255459K (94%)
----------------- Invoking toplevel() on ptolemy.moml.MoMLSimpleApplication@54c95512
----------------- Done invoking toplevel() on ptolemy.moml.MoMLSimpleApplication@54c95512
reloadAllAccessors: .CompareWithCurrentTime

===========================================================================================
----------------- testing Sat Feb 08 06:52:15 UTC 2020 /home/travis/build/icyphy/ptII/ptolemy/domains/continuous/test/auto/ComparedClocks.xml
----------------- Instantiating /home/travis/build/icyphy/ptII/ptolemy/domains/continuous/test/auto/ComparedClocks.xml
6 ms. Memory: 270336K Free: 239393K (89%)
----------------- Invoking toplevel() on ptolemy.moml.MoMLSimpleApplication@41e1376a
----------------- Done invoking toplevel() on ptolemy.moml.MoMLSimpleApplication@41e1376a
reloadAllAccessors: .ComparedClocks

===========================================================================================
----------------- testing Sat Feb 08 06:52:15 UTC 2020 /home/travis/build/icyphy/ptII/ptolemy/domains/continuous/test/auto/ContinuousAOCClone.xml
----------------- Instantiating /home/travis/build/icyphy/ptII/ptolemy/domains/continuous/test/auto/ContinuousAOCClone.xml
2170 ms. Memory: 270336K Free: 211409K (78%)
----------------- Invoking toplevel() on ptolemy.moml.MoMLSimpleApplication@60311dd1
----------------- Done invoking toplevel() on ptolemy.moml.MoMLSimpleApplication@60311dd1
reloadAllAccessors: .ContinuousAOCClone

===========================================================================================
----------------- testing Sat Feb 08 06:52:18 UTC 2020 /home/travis/build/icyphy/ptII/ptolemy/domains/continuous/test/auto/ContinuousClock.xml
----------------- Instantiating /home/travis/build/icyphy/ptII/ptolemy/domains/continuous/test/auto/ContinuousClock.xml
30 ms. Memory: 270336K Free: 189905K (70%)
----------------- Invoking toplevel() on ptolemy.moml.MoMLSimpleApplication@63f5eda8
----------------- Done invoking toplevel() on ptolemy.moml.MoMLSimpleApplication@63f5eda8
reloadAllAccessors: .ContinuousClock

===========================================================================================
----------------- testing Sat Feb 08 06:52:18 UTC 2020 /home/travis/build/icyphy/ptII/ptolemy/domains/continuous/test/auto/ContinuousInContinuous.xml
----------------- Instantiating /home/travis/build/icyphy/ptII/ptolemy/domains/continuous/test/auto/ContinuousInContinuous.xml
35 ms. Memory: 270336K Free: 166323K (62%)
----------------- Invoking toplevel() on ptolemy.moml.MoMLSimpleApplication@3ab446fd
----------------- Done invoking toplevel() on ptolemy.moml.MoMLSimpleApplication@3ab446fd
reloadAllAccessors: .ContinuousInContinuous

===========================================================================================
----------------- testing Sat Feb 08 06:52:18 UTC 2020 /home/travis/build/icyphy/ptII/ptolemy/domains/continuous/test/auto/ContinuousInContinuousInContinuous.xml
----------------- Instantiating /home/travis/build/icyphy/ptII/ptolemy/domains/continuous/test/auto/ContinuousInContinuousInContinuous.xml
6 ms. Memory: 270336K Free: 158675K (59%)
----------------- Invoking toplevel() on ptolemy.moml.MoMLSimpleApplication@66704faf
----------------- Done invoking toplevel() on ptolemy.moml.MoMLSimpleApplication@66704faf
reloadAllAccessors: .ContinuousInContinuousInContinuous

===========================================================================================
----------------- testing Sat Feb 08 06:52:18 UTC 2020 /home/travis/build/icyphy/ptII/ptolemy/domains/continuous/test/auto/ContinuousInDE.xml
----------------- Instantiating /home/travis/build/icyphy/ptII/ptolemy/domains/continuous/test/auto/ContinuousInDE.xml
56 ms. Memory: 270336K Free: 147921K (55%)
----------------- Invoking toplevel() on ptolemy.moml.MoMLSimpleApplication@270c5f67
----------------- Done invoking toplevel() on ptolemy.moml.MoMLSimpleApplication@270c5f67
reloadAllAccessors: .ContinuousInDE

===========================================================================================
----------------- testing Sat Feb 08 06:52:18 UTC 2020 /home/travis/build/icyphy/ptII/ptolemy/domains/continuous/test/auto/ContinuousInDE2.xml
----------------- Instantiating /home/travis/build/icyphy/ptII/ptolemy/domains/continuous/test/auto/ContinuousInDE2.xml
50 ms. Memory: 270336K Free: 138195K (51%)
----------------- Invoking toplevel() on ptolemy.moml.MoMLSimpleApplication@475a9d41
----------------- Done invoking toplevel() on ptolemy.moml.MoMLSimpleApplication@475a9d41
reloadAllAccessors: .ContinuousInDE2

===========================================================================================
----------------- testing Sat Feb 08 06:52:18 UTC 2020 /home/travis/build/icyphy/ptII/ptolemy/domains/continuous/test/auto/ContinuousInDE3.xml
----------------- Instantiating /home/travis/build/icyphy/ptII/ptolemy/domains/continuous/test/auto/ContinuousInDE3.xml
29 ms. Memory: 270336K Free: 128465K (48%)
----------------- Invoking toplevel() on ptolemy.moml.MoMLSimpleApplication@f615d1a
----------------- Done invoking toplevel() on ptolemy.moml.MoMLSimpleApplication@f615d1a
reloadAllAccessors: .ContinuousInDE3

===========================================================================================
----------------- testing Sat Feb 08 06:52:18 UTC 2020 /home/travis/build/icyphy/ptII/ptolemy/domains/continuous/test/auto/ContinuousInDE4.xml
----------------- Instantiating /home/travis/build/icyphy/ptII/ptolemy/domains/continuous/test/auto/ContinuousInDE4.xml
11 ms. Memory: 270336K Free: 122318K (45%)
----------------- Invoking toplevel() on ptolemy.moml.MoMLSimpleApplication@61fd33f5
----------------- Done invoking toplevel() on ptolemy.moml.MoMLSimpleApplication@61fd33f5
reloadAllAccessors: .ContinuousInDE4

===========================================================================================
----------------- testing Sat Feb 08 06:52:18 UTC 2020 /home/travis/build/icyphy/ptII/ptolemy/domains/continuous/test/auto/ContinuousInDEDifferentRefinements.xml
----------------- Instantiating /home/travis/build/icyphy/ptII/ptolemy/domains/continuous/test/auto/ContinuousInDEDifferentRefinements.xml
69 ms. Memory: 270336K Free: 251512K (93%)
----------------- Invoking toplevel() on ptolemy.moml.MoMLSimpleApplication@25fe4050
----------------- Done invoking toplevel() on ptolemy.moml.MoMLSimpleApplication@25fe4050
reloadAllAccessors: .ContinuousInDEDifferentRefinements

===========================================================================================
----------------- testing Sat Feb 08 06:52:18 UTC 2020 /home/travis/build/icyphy/ptII/ptolemy/domains/continuous/test/auto/ContinuousInDEDifferentRefinementsPreemptive.xml
----------------- Instantiating /home/travis/build/icyphy/ptII/ptolemy/domains/continuous/test/auto/ContinuousInDEDifferentRefinementsPreemptive.xml
47 ms. Memory: 270336K Free: 220607K (82%)
----------------- Invoking toplevel() on ptolemy.moml.MoMLSimpleApplication@682e213f
----------------- Done invoking toplevel() on ptolemy.moml.MoMLSimpleApplication@682e213f
reloadAllAccessors: .ContinuousInDEDifferentRefinementsPreemptive

===========================================================================================
----------------- testing Sat Feb 08 06:52:18 UTC 2020 /home/travis/build/icyphy/ptII/ptolemy/domains/continuous/test/auto/ContinuousInDEInContinuous2.xml
----------------- Instantiating /home/travis/build/icyphy/ptII/ptolemy/domains/continuous/test/auto/ContinuousInDEInContinuous2.xml
34 ms. Memory: 270336K Free: 209343K (77%)
----------------- Invoking toplevel() on ptolemy.moml.MoMLSimpleApplication@66304f1
----------------- Done invoking toplevel() on ptolemy.moml.MoMLSimpleApplication@66304f1
reloadAllAccessors: .ContinuousInDEInContinuous2

===========================================================================================
----------------- testing Sat Feb 08 06:52:18 UTC 2020 /home/travis/build/icyphy/ptII/ptolemy/domains/continuous/test/auto/ContinuousInDEInContinuous3.xml
----------------- Instantiating /home/travis/build/icyphy/ptII/ptolemy/domains/continuous/test/auto/ContinuousInDEInContinuous3.xml
37 ms. Memory: 270336K Free: 197055K (73%)
----------------- Invoking toplevel() on ptolemy.moml.MoMLSimpleApplication@31692967
----------------- Done invoking toplevel() on ptolemy.moml.MoMLSimpleApplication@31692967
reloadAllAccessors: .ContinuousInDEInContinuous3

===========================================================================================
----------------- testing Sat Feb 08 06:52:18 UTC 2020 /home/travis/build/icyphy/ptII/ptolemy/domains/continuous/test/auto/ContinuousInDEInput.xml
----------------- Instantiating /home/travis/build/icyphy/ptII/ptolemy/domains/continuous/test/auto/ContinuousInDEInput.xml
13 ms. Memory: 270336K Free: 190397K (70%)
----------------- Invoking toplevel() on ptolemy.moml.MoMLSimpleApplication@2651e990
----------------- Done invoking toplevel() on ptolemy.moml.MoMLSimpleApplication@2651e990
reloadAllAccessors: .ContinuousInDEInput

===========================================================================================
----------------- testing Sat Feb 08 06:52:18 UTC 2020 /home/travis/build/icyphy/ptII/ptolemy/domains/continuous/test/auto/ContinuousInDEInput2.xml
----------------- Instantiating /home/travis/build/icyphy/ptII/ptolemy/domains/continuous/test/auto/ContinuousInDEInput2.xml
12 ms. Memory: 270336K Free: 183229K (68%)
----------------- Invoking toplevel() on ptolemy.moml.MoMLSimpleApplication@7f9661b3
----------------- Done invoking toplevel() on ptolemy.moml.MoMLSimpleApplication@7f9661b3
reloadAllAccessors: .ContinuousInDEInput2

===========================================================================================
----------------- testing Sat Feb 08 06:52:18 UTC 2020 /home/travis/build/icyphy/ptII/ptolemy/domains/continuous/test/auto/ContinuousInDEInput3.xml
----------------- Instantiating /home/travis/build/icyphy/ptII/ptolemy/domains/continuous/test/auto/ContinuousInDEInput3.xml
12 ms. Memory: 270336K Free: 176061K (65%)
----------------- Invoking toplevel() on ptolemy.moml.MoMLSimpleApplication@4f3725a
----------------- Done invoking toplevel() on ptolemy.moml.MoMLSimpleApplication@4f3725a
reloadAllAccessors: .ContinuousInDEInput3

===========================================================================================
----------------- testing Sat Feb 08 06:52:18 UTC 2020 /home/travis/build/icyphy/ptII/ptolemy/domains/continuous/test/auto/ContinuousInDESharingRefinement.xml
----------------- Instantiating /home/travis/build/icyphy/ptII/ptolemy/domains/continuous/test/auto/ContinuousInDESharingRefinement.xml
144 ms. Memory: 270336K Free: 242849K (90%)
----------------- Invoking toplevel() on ptolemy.moml.MoMLSimpleApplication@538c1fad
----------------- Done invoking toplevel() on ptolemy.moml.MoMLSimpleApplication@538c1fad
reloadAllAccessors: .ContinuousInDESharingRefinement

===========================================================================================
----------------- testing Sat Feb 08 06:52:19 UTC 2020 /home/travis/build/icyphy/ptII/ptolemy/domains/continuous/test/auto/ContinuousInDEwithNoPorts.xml
----------------- Instantiating /home/travis/build/icyphy/ptII/ptolemy/domains/continuous/test/auto/ContinuousInDEwithNoPorts.xml
7 ms. Memory: 270336K Free: 238257K (88%)
----------------- Invoking toplevel() on ptolemy.moml.MoMLSimpleApplication@4d42bcc0
----------------- Done invoking toplevel() on ptolemy.moml.MoMLSimpleApplication@4d42bcc0
reloadAllAccessors: .ContinuousInDEwithNoPorts

===========================================================================================
----------------- testing Sat Feb 08 06:52:19 UTC 2020 /home/travis/build/icyphy/ptII/ptolemy/domains/continuous/test/auto/ContinuousInsideDE.xml
----------------- Instantiating /home/travis/build/icyphy/ptII/ptolemy/domains/continuous/test/auto/ContinuousInsideDE.xml
26 ms. Memory: 270336K Free: 226993K (84%)
----------------- Invoking toplevel() on ptolemy.moml.MoMLSimpleApplication@18197f6f
----------------- Done invoking toplevel() on ptolemy.moml.MoMLSimpleApplication@18197f6f
reloadAllAccessors: .ContinuousInsideDE

===========================================================================================
----------------- testing Sat Feb 08 06:52:19 UTC 2020 /home/travis/build/icyphy/ptII/ptolemy/domains/continuous/test/auto/ContinuousMerge1.xml
----------------- Instantiating /home/travis/build/icyphy/ptII/ptolemy/domains/continuous/test/auto/ContinuousMerge1.xml
3 ms. Memory: 270336K Free: 222369K (82%)
----------------- Invoking toplevel() on ptolemy.moml.MoMLSimpleApplication@4087252c
----------------- Done invoking toplevel() on ptolemy.moml.MoMLSimpleApplication@4087252c
reloadAllAccessors: .ContinuousMerge1

===========================================================================================
----------------- testing Sat Feb 08 06:52:19 UTC 2020 /home/travis/build/icyphy/ptII/ptolemy/domains/continuous/test/auto/ContinuousMerge2.xml
----------------- Instantiating /home/travis/build/icyphy/ptII/ptolemy/domains/continuous/test/auto/ContinuousMerge2.xml
18 ms. Memory: 270336K Free: 212143K (78%)
----------------- Invoking toplevel() on ptolemy.moml.MoMLSimpleApplication@4383be84
----------------- Done invoking toplevel() on ptolemy.moml.MoMLSimpleApplication@4383be84
reloadAllAccessors: .ContinuousMerge2

===========================================================================================
----------------- testing Sat Feb 08 06:52:19 UTC 2020 /home/travis/build/icyphy/ptII/ptolemy/domains/continuous/test/auto/ContinuousMerge3.xml
----------------- Instantiating /home/travis/build/icyphy/ptII/ptolemy/domains/continuous/test/auto/ContinuousMerge3.xml
34 ms. Memory: 270336K Free: 201393K (74%)
----------------- Invoking toplevel() on ptolemy.moml.MoMLSimpleApplication@3067817f
----------------- Done invoking toplevel() on ptolemy.moml.MoMLSimpleApplication@3067817f
reloadAllAccessors: .ContinuousMerge3

===========================================================================================
----------------- testing Sat Feb 08 06:52:19 UTC 2020 /home/travis/build/icyphy/ptII/ptolemy/domains/continuous/test/auto/ContinuousWithinContinuous.xml
----------------- Instantiating /home/travis/build/icyphy/ptII/ptolemy/domains/continuous/test/auto/ContinuousWithinContinuous.xml
25 ms. Memory: 270336K Free: 192177K (71%)
----------------- Invoking toplevel() on ptolemy.moml.MoMLSimpleApplication@5d1dc0b4
----------------- Done invoking toplevel() on ptolemy.moml.MoMLSimpleApplication@5d1dc0b4
reloadAllAccessors: .ContinuousWithinContinuous

===========================================================================================
----------------- testing Sat Feb 08 06:52:19 UTC 2020 /home/travis/build/icyphy/ptII/ptolemy/domains/continuous/test/auto/ContinuousWithinContinuous2.xml
----------------- Instantiating /home/travis/build/icyphy/ptII/ptolemy/domains/continuous/test/auto/ContinuousWithinContinuous2.xml
51 ms. Memory: 270336K Free: 181423K (67%)
----------------- Invoking toplevel() on ptolemy.moml.MoMLSimpleApplication@72628d3b
----------------- Done invoking toplevel() on ptolemy.moml.MoMLSimpleApplication@72628d3b
reloadAllAccessors: .ContinuousWithinContinuous2

===========================================================================================
----------------- testing Sat Feb 08 06:52:19 UTC 2020 /home/travis/build/icyphy/ptII/ptolemy/domains/continuous/test/auto/ContinuousWithinContinuous3.xml
----------------- Instantiating /home/travis/build/icyphy/ptII/ptolemy/domains/continuous/test/auto/ContinuousWithinContinuous3.xml
10 ms. Memory: 270336K Free: 174255K (64%)
----------------- Invoking toplevel() on ptolemy.moml.MoMLSimpleApplication@6d9898c3
----------------- Done invoking toplevel() on ptolemy.moml.MoMLSimpleApplication@6d9898c3
reloadAllAccessors: .ContinuousWithinContinuous3

===========================================================================================
----------------- testing Sat Feb 08 06:52:19 UTC 2020 /home/travis/build/icyphy/ptII/ptolemy/domains/continuous/test/auto/ContinuousWithinContinuous4.xml
----------------- Instantiating /home/travis/build/icyphy/ptII/ptolemy/domains/continuous/test/auto/ContinuousWithinContinuous4.xml
54 ms. Memory: 270336K Free: 162481K (60%)
----------------- Invoking toplevel() on ptolemy.moml.MoMLSimpleApplication@28a8904b
----------------- Done invoking toplevel() on ptolemy.moml.MoMLSimpleApplication@28a8904b
reloadAllAccessors: .ContinuousWithinContinuous4

===========================================================================================
----------------- testing Sat Feb 08 06:52:19 UTC 2020 /home/travis/build/icyphy/ptII/ptolemy/domains/continuous/test/auto/ContinuousWithinContinuous5.xml
----------------- Instantiating /home/travis/build/icyphy/ptII/ptolemy/domains/continuous/test/auto/ContinuousWithinContinuous5.xml
10 ms. Memory: 270336K Free: 155313K (57%)
----------------- Invoking toplevel() on ptolemy.moml.MoMLSimpleApplication@d123206
----------------- Done invoking toplevel() on ptolemy.moml.MoMLSimpleApplication@d123206
reloadAllAccessors: .ContinuousWithinContinuous5

===========================================================================================
----------------- testing Sat Feb 08 06:52:19 UTC 2020 /home/travis/build/icyphy/ptII/ptolemy/domains/continuous/test/auto/ContinuousWithinContinuous6.xml
----------------- Instantiating /home/travis/build/icyphy/ptII/ptolemy/domains/continuous/test/auto/ContinuousWithinContinuous6.xml
9 ms. Memory: 270336K Free: 148145K (55%)
----------------- Invoking toplevel() on ptolemy.moml.MoMLSimpleApplication@49c51e82
----------------- Done invoking toplevel() on ptolemy.moml.MoMLSimpleApplication@49c51e82
reloadAllAccessors: .ContinuousWithinContinuous6

===========================================================================================
----------------- testing Sat Feb 08 06:52:19 UTC 2020 /home/travis/build/icyphy/ptII/ptolemy/domains/continuous/test/auto/ContinuousWithinContinuous7.xml
----------------- Instantiating /home/travis/build/icyphy/ptII/ptolemy/domains/continuous/test/auto/ContinuousWithinContinuous7.xml
44 ms. Memory: 270336K Free: 137391K (51%)
----------------- Invoking toplevel() on ptolemy.moml.MoMLSimpleApplication@28960f3a
----------------- Done invoking toplevel() on ptolemy.moml.MoMLSimpleApplication@28960f3a
reloadAllAccessors: .ContinuousWithinContinuous7

===========================================================================================
----------------- testing Sat Feb 08 06:52:19 UTC 2020 /home/travis/build/icyphy/ptII/ptolemy/domains/continuous/test/auto/DCMotor.xml
----------------- Instantiating /home/travis/build/icyphy/ptII/ptolemy/domains/continuous/test/auto/DCMotor.xml
12008 ms. Memory: 270336K Free: 146966K (54%)
----------------- Invoking toplevel() on ptolemy.moml.MoMLSimpleApplication@367f0046
----------------- Done invoking toplevel() on ptolemy.moml.MoMLSimpleApplication@367f0046
reloadAllAccessors: .DCMotor

===========================================================================================
----------------- testing Sat Feb 08 06:52:31 UTC 2020 /home/travis/build/icyphy/ptII/ptolemy/domains/continuous/test/auto/DEInContinuous.xml
----------------- Instantiating /home/travis/build/icyphy/ptII/ptolemy/domains/continuous/test/auto/DEInContinuous.xml
17 ms. Memory: 270336K Free: 140822K (52%)
----------------- Invoking toplevel() on ptolemy.moml.MoMLSimpleApplication@670c09a4
----------------- Done invoking toplevel() on ptolemy.moml.MoMLSimpleApplication@670c09a4
reloadAllAccessors: .DEInContinuous

===========================================================================================
----------------- testing Sat Feb 08 06:52:31 UTC 2020 /home/travis/build/icyphy/ptII/ptolemy/domains/continuous/test/auto/DEinContinuous2.xml
----------------- Instantiating /home/travis/build/icyphy/ptII/ptolemy/domains/continuous/test/auto/DEinContinuous2.xml
8 ms. Memory: 270336K Free: 132616K (49%)
----------------- Invoking toplevel() on ptolemy.moml.MoMLSimpleApplication@31ba8001
----------------- Done invoking toplevel() on ptolemy.moml.MoMLSimpleApplication@31ba8001
reloadAllAccessors: .DEinContinuous2

===========================================================================================
----------------- testing Sat Feb 08 06:52:31 UTC 2020 /home/travis/build/icyphy/ptII/ptolemy/domains/continuous/test/auto/Derivative.xml
----------------- Instantiating /home/travis/build/icyphy/ptII/ptolemy/domains/continuous/test/auto/Derivative.xml
131 ms. Memory: 270336K Free: 103958K (38%)
----------------- Invoking toplevel() on ptolemy.moml.MoMLSimpleApplication@26a8fb95
----------------- Done invoking toplevel() on ptolemy.moml.MoMLSimpleApplication@26a8fb95
reloadAllAccessors: .Derivative2

===========================================================================================
----------------- testing Sat Feb 08 06:52:32 UTC 2020 /home/travis/build/icyphy/ptII/ptolemy/domains/continuous/test/auto/Derivative1.xml
----------------- Instantiating /home/travis/build/icyphy/ptII/ptolemy/domains/continuous/test/auto/Derivative1.xml
32 ms. Memory: 270336K Free: 250114K (93%)
----------------- Invoking toplevel() on ptolemy.moml.MoMLSimpleApplication@6fca696c
----------------- Done invoking toplevel() on ptolemy.moml.MoMLSimpleApplication@6fca696c
reloadAllAccessors: .Derivative1

===========================================================================================
----------------- testing Sat Feb 08 06:52:32 UTC 2020 /home/travis/build/icyphy/ptII/ptolemy/domains/continuous/test/auto/DiscreteClock.xml
----------------- Instantiating /home/travis/build/icyphy/ptII/ptolemy/domains/continuous/test/auto/DiscreteClock.xml
4 ms. Memory: 270336K Free: 244484K (90%)
----------------- Invoking toplevel() on ptolemy.moml.MoMLSimpleApplication@36c34553
----------------- Done invoking toplevel() on ptolemy.moml.MoMLSimpleApplication@36c34553
reloadAllAccessors: .DiscreteClock

===========================================================================================
----------------- testing Sat Feb 08 06:52:32 UTC 2020 /home/travis/build/icyphy/ptII/ptolemy/domains/continuous/test/auto/EfficiencyCurve.xml
----------------- Instantiating /home/travis/build/icyphy/ptII/ptolemy/domains/continuous/test/auto/EfficiencyCurve.xml
61 ms. Memory: 270336K Free: 236292K (87%)
----------------- Invoking toplevel() on ptolemy.moml.MoMLSimpleApplication@162f041a
----------------- Done invoking toplevel() on ptolemy.moml.MoMLSimpleApplication@162f041a
reloadAllAccessors: .EfficiencyCurve

===========================================================================================
----------------- testing Sat Feb 08 06:52:32 UTC 2020 /home/travis/build/icyphy/ptII/ptolemy/domains/continuous/test/auto/ExponentialResponse.xml
----------------- Instantiating /home/travis/build/icyphy/ptII/ptolemy/domains/continuous/test/auto/ExponentialResponse.xml
92 ms. Memory: 270336K Free: 221442K (82%)
----------------- Invoking toplevel() on ptolemy.moml.MoMLSimpleApplication@5f8ce203
----------------- Done invoking toplevel() on ptolemy.moml.MoMLSimpleApplication@5f8ce203
reloadAllAccessors: .ExponentialResponse

===========================================================================================
----------------- testing Sat Feb 08 06:52:32 UTC 2020 /home/travis/build/icyphy/ptII/ptolemy/domains/continuous/test/auto/ExponentialResponseRK45.xml
----------------- Instantiating /home/travis/build/icyphy/ptII/ptolemy/domains/continuous/test/auto/ExponentialResponseRK45.xml
19 ms. Memory: 270336K Free: 215298K (80%)
----------------- Invoking toplevel() on ptolemy.moml.MoMLSimpleApplication@5fe0dfcb
----------------- Done invoking toplevel() on ptolemy.moml.MoMLSimpleApplication@5fe0dfcb
reloadAllAccessors: .ExponentialResponseRK45

===========================================================================================
----------------- testing Sat Feb 08 06:52:32 UTC 2020 /home/travis/build/icyphy/ptII/ptolemy/domains/continuous/test/auto/Friction.xml
----------------- Instantiating /home/travis/build/icyphy/ptII/ptolemy/domains/continuous/test/auto/Friction.xml
1350 ms. Memory: 270336K Free: 110434K (41%)
----------------- Invoking toplevel() on ptolemy.moml.MoMLSimpleApplication@4a900fec
----------------- Done invoking toplevel() on ptolemy.moml.MoMLSimpleApplication@4a900fec
reloadAllAccessors: .Friction

===========================================================================================
----------------- testing Sat Feb 08 06:52:33 UTC 2020 /home/travis/build/icyphy/ptII/ptolemy/domains/continuous/test/auto/FurutaPendulum.xml
----------------- Instantiating /home/travis/build/icyphy/ptII/ptolemy/domains/continuous/test/auto/FurutaPendulum.xml
2756 ms. Memory: 270336K Free: 107497K (40%)
----------------- Invoking toplevel() on ptolemy.moml.MoMLSimpleApplication@147ff7a8
----------------- Done invoking toplevel() on ptolemy.moml.MoMLSimpleApplication@147ff7a8
reloadAllAccessors: .FurutaPendulum

===========================================================================================
----------------- testing Sat Feb 08 06:52:36 UTC 2020 /home/travis/build/icyphy/ptII/ptolemy/domains/continuous/test/auto/HierarchicalExecution.xml
----------------- Instantiating /home/travis/build/icyphy/ptII/ptolemy/domains/continuous/test/auto/HierarchicalExecution.xml
1672 ms. Memory: 270336K Free: 151478K (56%)
----------------- Invoking toplevel() on ptolemy.moml.MoMLSimpleApplication@39e83355
----------------- Done invoking toplevel() on ptolemy.moml.MoMLSimpleApplication@39e83355
reloadAllAccessors: .HierarchicalExecution

===========================================================================================
----------------- testing Sat Feb 08 06:52:38 UTC 2020 /home/travis/build/icyphy/ptII/ptolemy/domains/continuous/test/auto/HybridPlant.xml
----------------- Instantiating /home/travis/build/icyphy/ptII/ptolemy/domains/continuous/test/auto/HybridPlant.xml
517 ms. Memory: 270336K Free: 207884K (77%)
----------------- Invoking toplevel() on ptolemy.moml.MoMLSimpleApplication@4f05c9a3
----------------- Done invoking toplevel() on ptolemy.moml.MoMLSimpleApplication@4f05c9a3
reloadAllAccessors: .HybridPlant

===========================================================================================
----------------- testing Sat Feb 08 06:52:39 UTC 2020 /home/travis/build/icyphy/ptII/ptolemy/domains/continuous/test/auto/Hysteresis.xml
----------------- Instantiating /home/travis/build/icyphy/ptII/ptolemy/domains/continuous/test/auto/Hysteresis.xml
143 ms. Memory: 270336K Free: 145420K (54%)
----------------- Invoking toplevel() on ptolemy.moml.MoMLSimpleApplication@2f0e31d3
----------------- Done invoking toplevel() on ptolemy.moml.MoMLSimpleApplication@2f0e31d3
reloadAllAccessors: .Hysteresis

===========================================================================================
----------------- testing Sat Feb 08 06:52:39 UTC 2020 /home/travis/build/icyphy/ptII/ptolemy/domains/continuous/test/auto/HysteresisWithRandomDelay.xml
----------------- Instantiating /home/travis/build/icyphy/ptII/ptolemy/domains/continuous/test/auto/HysteresisWithRandomDelay.xml
173 ms. Memory: 270336K Free: 234669K (87%)
----------------- Invoking toplevel() on ptolemy.moml.MoMLSimpleApplication@6b9e013e
----------------- Done invoking toplevel() on ptolemy.moml.MoMLSimpleApplication@6b9e013e
reloadAllAccessors: .HysteresisWithRandomDelay

===========================================================================================
----------------- testing Sat Feb 08 06:52:39 UTC 2020 /home/travis/build/icyphy/ptII/ptolemy/domains/continuous/test/auto/HysteresisWithRandomLosses.xml
----------------- Instantiating /home/travis/build/icyphy/ptII/ptolemy/domains/continuous/test/auto/HysteresisWithRandomLosses.xml
2267 ms. Memory: 270336K Free: 136067K (50%)
----------------- Invoking toplevel() on ptolemy.moml.MoMLSimpleApplication@1860245c
----------------- Done invoking toplevel() on ptolemy.moml.MoMLSimpleApplication@1860245c
reloadAllAccessors: .HysteresisWithRandomLosses

===========================================================================================
----------------- testing Sat Feb 08 06:52:42 UTC 2020 /home/travis/build/icyphy/ptII/ptolemy/domains/continuous/test/auto/ImmediateTransitions.xml
----------------- Instantiating /home/travis/build/icyphy/ptII/ptolemy/domains/continuous/test/auto/ImmediateTransitions.xml
12 ms. Memory: 270336K Free: 124803K (46%)
----------------- Invoking toplevel() on ptolemy.moml.MoMLSimpleApplication@78baa8b0
----------------- Done invoking toplevel() on ptolemy.moml.MoMLSimpleApplication@78baa8b0
reloadAllAccessors: .ImmediateTransitions

===========================================================================================
----------------- testing Sat Feb 08 06:52:42 UTC 2020 /home/travis/build/icyphy/ptII/ptolemy/domains/continuous/test/auto/ImpulseFeedback.xml
----------------- Instantiating /home/travis/build/icyphy/ptII/ptolemy/domains/continuous/test/auto/ImpulseFeedback.xml
6 ms. Memory: 270336K Free: 119187K (44%)
----------------- Invoking toplevel() on ptolemy.moml.MoMLSimpleApplication@6be889e7
----------------- Done invoking toplevel() on ptolemy.moml.MoMLSimpleApplication@6be889e7
reloadAllAccessors: .ImpulseFeedback

===========================================================================================
----------------- testing Sat Feb 08 06:52:42 UTC 2020 /home/travis/build/icyphy/ptII/ptolemy/domains/continuous/test/auto/ImpulseFeedback2.xml
----------------- Instantiating /home/travis/build/icyphy/ptII/ptolemy/domains/continuous/test/auto/ImpulseFeedback2.xml
6 ms. Memory: 270336K Free: 113553K (42%)
----------------- Invoking toplevel() on ptolemy.moml.MoMLSimpleApplication@4f34e57f
----------------- Done invoking toplevel() on ptolemy.moml.MoMLSimpleApplication@4f34e57f
reloadAllAccessors: .ImpulseFeedback2

===========================================================================================
----------------- testing Sat Feb 08 06:52:42 UTC 2020 /home/travis/build/icyphy/ptII/ptolemy/domains/continuous/test/auto/IncreasingRatePoisson.xml
----------------- Instantiating /home/travis/build/icyphy/ptII/ptolemy/domains/continuous/test/auto/IncreasingRatePoisson.xml
781 ms. Memory: 270336K Free: 250665K (93%)
----------------- Invoking toplevel() on ptolemy.moml.MoMLSimpleApplication@3eae9519
----------------- Done invoking toplevel() on ptolemy.moml.MoMLSimpleApplication@3eae9519
reloadAllAccessors: .IncreasingRatePoisson

===========================================================================================
----------------- testing Sat Feb 08 06:52:42 UTC 2020 /home/travis/build/icyphy/ptII/ptolemy/domains/continuous/test/auto/InitialStateFeedback.xml
----------------- Instantiating /home/travis/build/icyphy/ptII/ptolemy/domains/continuous/test/auto/InitialStateFeedback.xml
6 ms. Memory: 270336K Free: 246089K (91%)
----------------- Invoking toplevel() on ptolemy.moml.MoMLSimpleApplication@6a1e0ba3
----------------- Done invoking toplevel() on ptolemy.moml.MoMLSimpleApplication@6a1e0ba3
reloadAllAccessors: .InitialStateFeedback

===========================================================================================
----------------- testing Sat Feb 08 06:52:42 UTC 2020 /home/travis/build/icyphy/ptII/ptolemy/domains/continuous/test/auto/Integration.xml
----------------- Instantiating /home/travis/build/icyphy/ptII/ptolemy/domains/continuous/test/auto/Integration.xml
3 ms. Memory: 270336K Free: 241993K (90%)
----------------- Invoking toplevel() on ptolemy.moml.MoMLSimpleApplication@662c6d87
----------------- Done invoking toplevel() on ptolemy.moml.MoMLSimpleApplication@662c6d87
reloadAllAccessors: .Integration

===========================================================================================
----------------- testing Sat Feb 08 06:52:42 UTC 2020 /home/travis/build/icyphy/ptII/ptolemy/domains/continuous/test/auto/Integration2.xml
----------------- Instantiating /home/travis/build/icyphy/ptII/ptolemy/domains/continuous/test/auto/Integration2.xml
69 ms. Memory: 270336K Free: 228167K (84%)
----------------- Invoking toplevel() on ptolemy.moml.MoMLSimpleApplication@413631b3
----------------- Done invoking toplevel() on ptolemy.moml.MoMLSimpleApplication@413631b3
reloadAllAccessors: .Integration2

===========================================================================================
----------------- testing Sat Feb 08 06:52:43 UTC 2020 /home/travis/build/icyphy/ptII/ptolemy/domains/continuous/test/auto/Integration3.xml
----------------- Instantiating /home/travis/build/icyphy/ptII/ptolemy/domains/continuous/test/auto/Integration3.xml
2 ms. Memory: 270336K Free: 223561K (83%)
----------------- Invoking toplevel() on ptolemy.moml.MoMLSimpleApplication@47a11f0c
----------------- Done invoking toplevel() on ptolemy.moml.MoMLSimpleApplication@47a11f0c
reloadAllAccessors: .Integration3

===========================================================================================
----------------- testing Sat Feb 08 06:52:43 UTC 2020 /home/travis/build/icyphy/ptII/ptolemy/domains/continuous/test/auto/Integration5.xml
----------------- Instantiating /home/travis/build/icyphy/ptII/ptolemy/domains/continuous/test/auto/Integration5.xml
2 ms. Memory: 270336K Free: 219465K (81%)
----------------- Invoking toplevel() on ptolemy.moml.MoMLSimpleApplication@5fdc7044
----------------- Done invoking toplevel() on ptolemy.moml.MoMLSimpleApplication@5fdc7044
reloadAllAccessors: .Integration5

===========================================================================================
----------------- testing Sat Feb 08 06:52:43 UTC 2020 /home/travis/build/icyphy/ptII/ptolemy/domains/continuous/test/auto/IntegratorImpulse.xml
----------------- Instantiating /home/travis/build/icyphy/ptII/ptolemy/domains/continuous/test/auto/IntegratorImpulse.xml
2 ms. Memory: 270336K Free: 215369K (80%)
----------------- Invoking toplevel() on ptolemy.moml.MoMLSimpleApplication@77d4d31e
----------------- Done invoking toplevel() on ptolemy.moml.MoMLSimpleApplication@77d4d31e
reloadAllAccessors: .IntegratorImpulse

===========================================================================================
----------------- testing Sat Feb 08 06:52:43 UTC 2020 /home/travis/build/icyphy/ptII/ptolemy/domains/continuous/test/auto/IntegratorImpulse2.xml
----------------- Instantiating /home/travis/build/icyphy/ptII/ptolemy/domains/continuous/test/auto/IntegratorImpulse2.xml
3 ms. Memory: 270336K Free: 210745K (78%)
----------------- Invoking toplevel() on ptolemy.moml.MoMLSimpleApplication@76161224
----------------- Done invoking toplevel() on ptolemy.moml.MoMLSimpleApplication@76161224
reloadAllAccessors: .IntegratorImpulse2

===========================================================================================
----------------- testing Sat Feb 08 06:52:43 UTC 2020 /home/travis/build/icyphy/ptII/ptolemy/domains/continuous/test/auto/LevelCrossing1.xml
----------------- Instantiating /home/travis/build/icyphy/ptII/ptolemy/domains/continuous/test/auto/LevelCrossing1.xml
2 ms. Memory: 270336K Free: 205639K (76%)
----------------- Invoking toplevel() on ptolemy.moml.MoMLSimpleApplication@40185469
----------------- Done invoking toplevel() on ptolemy.moml.MoMLSimpleApplication@40185469
reloadAllAccessors: .LevelCrossing1

===========================================================================================
----------------- testing Sat Feb 08 06:52:43 UTC 2020 /home/travis/build/icyphy/ptII/ptolemy/domains/continuous/test/auto/LevelCrossing2.xml
----------------- Instantiating /home/travis/build/icyphy/ptII/ptolemy/domains/continuous/test/auto/LevelCrossing2.xml
3 ms. Memory: 270336K Free: 200519K (74%)
----------------- Invoking toplevel() on ptolemy.moml.MoMLSimpleApplication@6fe2b929
----------------- Done invoking toplevel() on ptolemy.moml.MoMLSimpleApplication@6fe2b929
reloadAllAccessors: .LevelCrossing2

===========================================================================================
----------------- testing Sat Feb 08 06:52:43 UTC 2020 /home/travis/build/icyphy/ptII/ptolemy/domains/continuous/test/auto/LevelCrossing3.xml
----------------- Instantiating /home/travis/build/icyphy/ptII/ptolemy/domains/continuous/test/auto/LevelCrossing3.xml
3 ms. Memory: 270336K Free: 195385K (72%)
----------------- Invoking toplevel() on ptolemy.moml.MoMLSimpleApplication@6d655c04
----------------- Done invoking toplevel() on ptolemy.moml.MoMLSimpleApplication@6d655c04
reloadAllAccessors: .LevelCrossing3

===========================================================================================
----------------- testing Sat Feb 08 06:52:43 UTC 2020 /home/travis/build/icyphy/ptII/ptolemy/domains/continuous/test/auto/LevelCrossing4.xml
----------------- Instantiating /home/travis/build/icyphy/ptII/ptolemy/domains/continuous/test/auto/LevelCrossing4.xml
2 ms. Memory: 270336K Free: 190279K (70%)
----------------- Invoking toplevel() on ptolemy.moml.MoMLSimpleApplication@4c4253b2
----------------- Done invoking toplevel() on ptolemy.moml.MoMLSimpleApplication@4c4253b2
reloadAllAccessors: .LevelCrossing4

===========================================================================================
----------------- testing Sat Feb 08 06:52:43 UTC 2020 /home/travis/build/icyphy/ptII/ptolemy/domains/continuous/test/auto/LevelCrossing5.xml
----------------- Instantiating /home/travis/build/icyphy/ptII/ptolemy/domains/continuous/test/auto/LevelCrossing5.xml
3 ms. Memory: 270336K Free: 185159K (68%)
----------------- Invoking toplevel() on ptolemy.moml.MoMLSimpleApplication@5082b60c
----------------- Done invoking toplevel() on ptolemy.moml.MoMLSimpleApplication@5082b60c
reloadAllAccessors: .LevelCrossing5

===========================================================================================
[...]
reloadAllAccessors: .ResetTransitionWithStartTime6

===========================================================================================
----------------- testing Sat Feb 08 06:52:58 UTC 2020 /home/travis/build/icyphy/ptII/ptolemy/domains/continuous/test/auto/SRinContinuous.xml
----------------- Instantiating /home/travis/build/icyphy/ptII/ptolemy/domains/continuous/test/auto/SRinContinuous.xml
3 ms. Memory: 270336K Free: 190513K (70%)
----------------- Invoking toplevel() on ptolemy.moml.MoMLSimpleApplication@7f76035f
----------------- Done invoking toplevel() on ptolemy.moml.MoMLSimpleApplication@7f76035f
reloadAllAccessors: .SRinContinuous

===========================================================================================
----------------- testing Sat Feb 08 06:52:58 UTC 2020 /home/travis/build/icyphy/ptII/ptolemy/domains/continuous/test/auto/SampledClocks.xml
----------------- Instantiating /home/travis/build/icyphy/ptII/ptolemy/domains/continuous/test/auto/SampledClocks.xml
6 ms. Memory: 270336K Free: 178225K (66%)
----------------- Invoking toplevel() on ptolemy.moml.MoMLSimpleApplication@324c88c5
----------------- Done invoking toplevel() on ptolemy.moml.MoMLSimpleApplication@324c88c5
reloadAllAccessors: .SampledClocks

===========================================================================================
----------------- testing Sat Feb 08 06:52:58 UTC 2020 /home/travis/build/icyphy/ptII/ptolemy/domains/continuous/test/auto/Satellite.xml
----------------- Instantiating /home/travis/build/icyphy/ptII/ptolemy/domains/continuous/test/auto/Satellite.xml
622 ms. Memory: 270336K Free: 146679K (54%)
----------------- Invoking toplevel() on ptolemy.moml.MoMLSimpleApplication@8efd4be
----------------- Done invoking toplevel() on ptolemy.moml.MoMLSimpleApplication@8efd4be
reloadAllAccessors: .Satellite

===========================================================================================
----------------- testing Sat Feb 08 06:52:58 UTC 2020 /home/travis/build/icyphy/ptII/ptolemy/domains/continuous/test/auto/SigmaDelta.xml
----------------- Instantiating /home/travis/build/icyphy/ptII/ptolemy/domains/continuous/test/auto/SigmaDelta.xml
1827 ms. Memory: 324608K Free: 252798K (78%)
----------------- Invoking toplevel() on ptolemy.moml.MoMLSimpleApplication@14d2882e
----------------- Done invoking toplevel() on ptolemy.moml.MoMLSimpleApplication@14d2882e
reloadAllAccessors: .SigmaDelta

===========================================================================================
----------------- testing Sat Feb 08 06:53:00 UTC 2020 /home/travis/build/icyphy/ptII/ptolemy/domains/continuous/test/auto/SingleRefinement.xml
----------------- Instantiating /home/travis/build/icyphy/ptII/ptolemy/domains/continuous/test/auto/SingleRefinement.xml
285 ms. Memory: 324608K Free: 261984K (81%)
----------------- Invoking toplevel() on ptolemy.moml.MoMLSimpleApplication@6642497d
----------------- Done invoking toplevel() on ptolemy.moml.MoMLSimpleApplication@6642497d
reloadAllAccessors: .SingleRefinement

===========================================================================================
----------------- testing Sat Feb 08 06:53:01 UTC 2020 /home/travis/build/icyphy/ptII/ptolemy/domains/continuous/test/auto/SinuBouncingBall.xml
----------------- Instantiating /home/travis/build/icyphy/ptII/ptolemy/domains/continuous/test/auto/SinuBouncingBall.xml
771 ms. Memory: 324608K Free: 238667K (74%)
----------------- Invoking toplevel() on ptolemy.moml.MoMLSimpleApplication@e44979c
----------------- Done invoking toplevel() on ptolemy.moml.MoMLSimpleApplication@e44979c
reloadAllAccessors: .SinuBouncingBall

===========================================================================================
----------------- testing Sat Feb 08 06:53:02 UTC 2020 /home/travis/build/icyphy/ptII/ptolemy/domains/continuous/test/auto/Sinusoid.xml
----------------- Instantiating /home/travis/build/icyphy/ptII/ptolemy/domains/continuous/test/auto/Sinusoid.xml
4 ms. Memory: 324608K Free: 234061K (72%)
----------------- Invoking toplevel() on ptolemy.moml.MoMLSimpleApplication@31aa656c
----------------- Done invoking toplevel() on ptolemy.moml.MoMLSimpleApplication@31aa656c
reloadAllAccessors: .Sinusoid

===========================================================================================
----------------- testing Sat Feb 08 06:53:02 UTC 2020 /home/travis/build/icyphy/ptII/ptolemy/domains/continuous/test/auto/SinusoidInNoise.xml
----------------- Instantiating /home/travis/build/icyphy/ptII/ptolemy/domains/continuous/test/auto/SinusoidInNoise.xml
743 ms. Memory: 324608K Free: 292519K (90%)
----------------- Invoking toplevel() on ptolemy.moml.MoMLSimpleApplication@1c1fcf4f
----------------- Done invoking toplevel() on ptolemy.moml.MoMLSimpleApplication@1c1fcf4f
reloadAllAccessors: .SinusoidInNoise

===========================================================================================
----------------- testing Sat Feb 08 06:53:02 UTC 2020 /home/travis/build/icyphy/ptII/ptolemy/domains/continuous/test/auto/SinusoidRK45.xml
----------------- Instantiating /home/travis/build/icyphy/ptII/ptolemy/domains/continuous/test/auto/SinusoidRK45.xml
7 ms. Memory: 324608K Free: 287913K (89%)
----------------- Invoking toplevel() on ptolemy.moml.MoMLSimpleApplication@7c74533
----------------- Done invoking toplevel() on ptolemy.moml.MoMLSimpleApplication@7c74533
reloadAllAccessors: .SinusoidRK45

===========================================================================================
----------------- testing Sat Feb 08 06:53:02 UTC 2020 /home/travis/build/icyphy/ptII/ptolemy/domains/continuous/test/auto/SinusoidWithMultipleImpulses.xml
----------------- Instantiating /home/travis/build/icyphy/ptII/ptolemy/domains/continuous/test/auto/SinusoidWithMultipleImpulses.xml
6 ms. Memory: 324608K Free: 283303K (87%)
----------------- Invoking toplevel() on ptolemy.moml.MoMLSimpleApplication@3da48cfd
----------------- Done invoking toplevel() on ptolemy.moml.MoMLSimpleApplication@3da48cfd
reloadAllAccessors: .SinusoidWithMultipleImpulses

===========================================================================================
----------------- testing Sat Feb 08 06:53:03 UTC 2020 /home/travis/build/icyphy/ptII/ptolemy/domains/continuous/test/auto/SquareWave.xml
----------------- Instantiating /home/travis/build/icyphy/ptII/ptolemy/domains/continuous/test/auto/SquareWave.xml
139 ms. Memory: 324608K Free: 256169K (79%)
----------------- Invoking toplevel() on ptolemy.moml.MoMLSimpleApplication@6fc1cd9c
----------------- Done invoking toplevel() on ptolemy.moml.MoMLSimpleApplication@6fc1cd9c
reloadAllAccessors: .SquareWave

===========================================================================================
----------------- testing Sat Feb 08 06:53:03 UTC 2020 /home/travis/build/icyphy/ptII/ptolemy/domains/continuous/test/auto/Starmac.xml
----------------- Instantiating /home/travis/build/icyphy/ptII/ptolemy/domains/continuous/test/auto/Starmac.xml
3075 ms. Memory: 324608K Free: 143612K (44%)
----------------- Invoking toplevel() on ptolemy.moml.MoMLSimpleApplication@7a5772c3
----------------- Done invoking toplevel() on ptolemy.moml.MoMLSimpleApplication@7a5772c3
reloadAllAccessors: .Starmac

===========================================================================================
----------------- testing Sat Feb 08 06:53:06 UTC 2020 /home/travis/build/icyphy/ptII/ptolemy/domains/continuous/test/auto/StaticUnits.xml
----------------- Instantiating /home/travis/build/icyphy/ptII/ptolemy/domains/continuous/test/auto/StaticUnits.xml
1830 ms. Memory: 324608K Free: 264462K (81%)
----------------- Invoking toplevel() on ptolemy.moml.MoMLSimpleApplication@57f59a45
----------------- Done invoking toplevel() on ptolemy.moml.MoMLSimpleApplication@57f59a45
reloadAllAccessors: .StaticUnits

===========================================================================================
----------------- testing Sat Feb 08 06:53:08 UTC 2020 /home/travis/build/icyphy/ptII/ptolemy/domains/continuous/test/auto/StickyMasses.xml
----------------- Instantiating /home/travis/build/icyphy/ptII/ptolemy/domains/continuous/test/auto/StickyMasses.xml
146 ms. Memory: 324608K Free: 214800K (66%)
----------------- Invoking toplevel() on ptolemy.moml.MoMLSimpleApplication@73ea05be
----------------- Done invoking toplevel() on ptolemy.moml.MoMLSimpleApplication@73ea05be
reloadAllAccessors: .StickyMasses

===========================================================================================
----------------- testing Sat Feb 08 06:53:09 UTC 2020 /home/travis/build/icyphy/ptII/ptolemy/domains/continuous/test/auto/StopTime.xml
----------------- Instantiating /home/travis/build/icyphy/ptII/ptolemy/domains/continuous/test/auto/StopTime.xml
39 ms. Memory: 324608K Free: 190224K (59%)
----------------- Invoking toplevel() on ptolemy.moml.MoMLSimpleApplication@5ae13198
----------------- Done invoking toplevel() on ptolemy.moml.MoMLSimpleApplication@5ae13198
reloadAllAccessors: .StopTime

===========================================================================================
----------------- testing Sat Feb 08 06:53:09 UTC 2020 /home/travis/build/icyphy/ptII/ptolemy/domains/continuous/test/auto/StopTime2.xml
----------------- Instantiating /home/travis/build/icyphy/ptII/ptolemy/domains/continuous/test/auto/StopTime2.xml
32 ms. Memory: 324608K Free: 168192K (52%)
----------------- Invoking toplevel() on ptolemy.moml.MoMLSimpleApplication@7cd59e7a
----------------- Done invoking toplevel() on ptolemy.moml.MoMLSimpleApplication@7cd59e7a
reloadAllAccessors: .StopTime2

===========================================================================================
----------------- testing Sat Feb 08 06:53:09 UTC 2020 /home/travis/build/icyphy/ptII/ptolemy/domains/continuous/test/auto/Switch.xml
----------------- Instantiating /home/travis/build/icyphy/ptII/ptolemy/domains/continuous/test/auto/Switch.xml
40 ms. Memory: 324608K Free: 143616K (44%)
----------------- Invoking toplevel() on ptolemy.moml.MoMLSimpleApplication@16d2aeb8
----------------- Done invoking toplevel() on ptolemy.moml.MoMLSimpleApplication@16d2aeb8
reloadAllAccessors: .Switch

===========================================================================================
----------------- testing Sat Feb 08 06:53:09 UTC 2020 /home/travis/build/icyphy/ptII/ptolemy/domains/continuous/test/auto/Thermostat.xml
----------------- Instantiating /home/travis/build/icyphy/ptII/ptolemy/domains/continuous/test/auto/Thermostat.xml
189 ms. Memory: 324608K Free: 260429K (80%)
----------------- Invoking toplevel() on ptolemy.moml.MoMLSimpleApplication@8233588
----------------- Done invoking toplevel() on ptolemy.moml.MoMLSimpleApplication@8233588
reloadAllAccessors: .Thermostat

===========================================================================================
----------------- testing Sat Feb 08 06:53:09 UTC 2020 /home/travis/build/icyphy/ptII/ptolemy/domains/continuous/test/auto/TimeDelay.xml
----------------- Instantiating /home/travis/build/icyphy/ptII/ptolemy/domains/continuous/test/auto/TimeDelay.xml
12 ms. Memory: 324608K Free: 255213K (79%)
----------------- Invoking toplevel() on ptolemy.moml.MoMLSimpleApplication@150b43b8
----------------- Done invoking toplevel() on ptolemy.moml.MoMLSimpleApplication@150b43b8
reloadAllAccessors: .TimeDelay

===========================================================================================
----------------- testing Sat Feb 08 06:53:09 UTC 2020 /home/travis/build/icyphy/ptII/ptolemy/domains/continuous/test/auto/TimeDelay2.xml
----------------- Instantiating /home/travis/build/icyphy/ptII/ptolemy/domains/continuous/test/auto/TimeDelay2.xml
9 ms. Memory: 324608K Free: 245518K (76%)
----------------- Invoking toplevel() on ptolemy.moml.MoMLSimpleApplication@1aa70385
----------------- Done invoking toplevel() on ptolemy.moml.MoMLSimpleApplication@1aa70385
reloadAllAccessors: .TimeDelay2

===========================================================================================
----------------- testing Sat Feb 08 06:53:09 UTC 2020 /home/travis/build/icyphy/ptII/ptolemy/domains/continuous/test/auto/TimeDelay3.xml
----------------- Instantiating /home/travis/build/icyphy/ptII/ptolemy/domains/continuous/test/auto/TimeDelay3.xml
5 ms. Memory: 324608K Free: 240891K (74%)
----------------- Invoking toplevel() on ptolemy.moml.MoMLSimpleApplication@7c5482fd
----------------- Done invoking toplevel() on ptolemy.moml.MoMLSimpleApplication@7c5482fd
reloadAllAccessors: .TimeDelay3

===========================================================================================
----------------- testing Sat Feb 08 06:53:09 UTC 2020 /home/travis/build/icyphy/ptII/ptolemy/domains/continuous/test/auto/TransferAbsentToInside.xml
----------------- Instantiating /home/travis/build/icyphy/ptII/ptolemy/domains/continuous/test/auto/TransferAbsentToInside.xml
25 ms. Memory: 324608K Free: 187645K (58%)
----------------- Invoking toplevel() on ptolemy.moml.MoMLSimpleApplication@783cf9fc
----------------- Done invoking toplevel() on ptolemy.moml.MoMLSimpleApplication@783cf9fc
reloadAllAccessors: .TransferAbsentToInside

===========================================================================================
----------------- testing Sat Feb 08 06:53:09 UTC 2020 /home/travis/build/icyphy/ptII/ptolemy/domains/continuous/test/auto/Transmission.xml
----------------- Instantiating /home/travis/build/icyphy/ptII/ptolemy/domains/continuous/test/auto/Transmission.xml
755 ms. Memory: 324608K Free: 145147K (45%)
----------------- Invoking toplevel() on ptolemy.moml.MoMLSimpleApplication@3ac0a928
----------------- Done invoking toplevel() on ptolemy.moml.MoMLSimpleApplication@3ac0a928
reloadAllAccessors: .Transmission

===========================================================================================
----------------- testing Sat Feb 08 06:53:10 UTC 2020 /home/travis/build/icyphy/ptII/ptolemy/domains/continuous/test/auto/TriggeredContinuousClock.xml
----------------- Instantiating /home/travis/build/icyphy/ptII/ptolemy/domains/continuous/test/auto/TriggeredContinuousClock.xml
36 ms. Memory: 324608K Free: 115451K (36%)
----------------- Invoking toplevel() on ptolemy.moml.MoMLSimpleApplication@6dc58fbe
----------------- Done invoking toplevel() on ptolemy.moml.MoMLSimpleApplication@6dc58fbe
reloadAllAccessors: .TriggeredContinuousClock

===========================================================================================
----------------- testing Sat Feb 08 06:53:10 UTC 2020 /home/travis/build/icyphy/ptII/ptolemy/domains/continuous/test/auto/TwoMachineInfiniteBusControl.xml
----------------- Instantiating /home/travis/build/icyphy/ptII/ptolemy/domains/continuous/test/auto/TwoMachineInfiniteBusControl.xml
2532 ms. Memory: 390144K Free: 265935K (68%)
----------------- Invoking toplevel() on ptolemy.moml.MoMLSimpleApplication@510baa5b
----------------- Done invoking toplevel() on ptolemy.moml.MoMLSimpleApplication@510baa5b
reloadAllAccessors: .TwoMachineInfiniteBusControl

===========================================================================================
----------------- testing Sat Feb 08 06:53:13 UTC 2020 /home/travis/build/icyphy/ptII/ptolemy/domains/continuous/test/auto/V2V.xml
----------------- Instantiating /home/travis/build/icyphy/ptII/ptolemy/domains/continuous/test/auto/V2V.xml
726 ms. Memory: 390144K Free: 305859K (78%)
----------------- Invoking toplevel() on ptolemy.moml.MoMLSimpleApplication@62bb5660
----------------- Done invoking toplevel() on ptolemy.moml.MoMLSimpleApplication@62bb5660
reloadAllAccessors: .V2V

===========================================================================================
----------------- testing Sat Feb 08 06:53:14 UTC 2020 /home/travis/build/icyphy/ptII/ptolemy/domains/continuous/test/auto/hierarchicalModalModel.xml
----------------- Instantiating /home/travis/build/icyphy/ptII/ptolemy/domains/continuous/test/auto/hierarchicalModalModel.xml
8 ms. Memory: 390144K Free: 291523K (75%)
----------------- Invoking toplevel() on ptolemy.moml.MoMLSimpleApplication@1ee8a580
----------------- Done invoking toplevel() on ptolemy.moml.MoMLSimpleApplication@1ee8a580
reloadAllAccessors: .hierarchicalModalModel

===========================================================================================
----------------- testing Sat Feb 08 06:53:14 UTC 2020 /home/travis/build/icyphy/ptII/ptolemy/domains/continuous/test/auto/hierarchicalModalModel1.xml
----------------- Instantiating /home/travis/build/icyphy/ptII/ptolemy/domains/continuous/test/auto/hierarchicalModalModel1.xml
8 ms. Memory: 390144K Free: 277187K (71%)
----------------- Invoking toplevel() on ptolemy.moml.MoMLSimpleApplication@480a231a
----------------- Done invoking toplevel() on ptolemy.moml.MoMLSimpleApplication@480a231a
reloadAllAccessors: .hierarchicalModalModel1

===========================================================================================
----------------- testing Sat Feb 08 06:53:14 UTC 2020 /home/travis/build/icyphy/ptII/ptolemy/domains/continuous/test/auto/hierarchicalModalModel2.xml
----------------- Instantiating /home/travis/build/icyphy/ptII/ptolemy/domains/continuous/test/auto/hierarchicalModalModel2.xml
6 ms. Memory: 390144K Free: 264899K (68%)
----------------- Invoking toplevel() on ptolemy.moml.MoMLSimpleApplication@347dc8f5
----------------- Done invoking toplevel() on ptolemy.moml.MoMLSimpleApplication@347dc8f5
reloadAllAccessors: .hierarchicalModalModel2

===========================================================================================
----------------- testing Sat Feb 08 06:53:14 UTC 2020 /home/travis/build/icyphy/ptII/ptolemy/domains/continuous/test/auto/hierarchicalModalModel3.xml
----------------- Instantiating /home/travis/build/icyphy/ptII/ptolemy/domains/continuous/test/auto/hierarchicalModalModel3.xml
6 ms. Memory: 390144K Free: 254145K (65%)
----------------- Invoking toplevel() on ptolemy.moml.MoMLSimpleApplication@580e68b
----------------- Done invoking toplevel() on ptolemy.moml.MoMLSimpleApplication@580e68b
reloadAllAccessors: .hierarchicalModalModel3

===========================================================================================
----------------- testing Sat Feb 08 06:53:14 UTC 2020 /home/travis/build/icyphy/ptII/ptolemy/domains/continuous/test/auto/hierarchicalModalModel4.xml
----------------- Instantiating /home/travis/build/icyphy/ptII/ptolemy/domains/continuous/test/auto/hierarchicalModalModel4.xml
5 ms. Memory: 390144K Free: 242371K (62%)
----------------- Invoking toplevel() on ptolemy.moml.MoMLSimpleApplication@5c248d07
----------------- Done invoking toplevel() on ptolemy.moml.MoMLSimpleApplication@5c248d07
reloadAllAccessors: .hierarchicalModalModel4

===========================================================================================
----------------- testing Sat Feb 08 06:53:14 UTC 2020 /home/travis/build/icyphy/ptII/ptolemy/domains/continuous/test/auto/junk.xml
----------------- Instantiating /home/travis/build/icyphy/ptII/ptolemy/domains/continuous/test/auto/junk.xml
125 ms. Memory: 390144K Free: 217281K (56%)
----------------- Invoking toplevel() on ptolemy.moml.MoMLSimpleApplication@64d27fef
----------------- Done invoking toplevel() on ptolemy.moml.MoMLSimpleApplication@64d27fef
reloadAllAccessors: .junk
AutoTests.java: About to close Vertx.
AutoTests.java: Vertx closed.
]]></system-out>
  <system-err><![CDATA[Warning: '.HysteresisWithRandomDelay.NonStrictTest3' The test produced only 29 tokens, yet the correctValues parameter was expecting 30 tokens.
Warning: '.Poisson.NonStrictTest' The test produced only 380 tokens, yet the correctValues parameter was expecting 430 tokens.
]]></system-err>
</testsuite>
