<?xml version="1.0" encoding="UTF-8" ?>
<testsuite errors="0" failures="0" hostname="travis-job-53c65f9e-5524-41bf-9502-424829135c98" name="ptolemy.domains.modal.test.junit.JUnitTclTest" skipped="0" tests="148" time="11.247" timestamp="2019-07-19T06:57:57">
  <properties>
[...]
</properties>
  <testcase classname="ptolemy.util.test.junit.TclTests" name="[0] /home/travis/build/icyphy/ptII/ptolemy/domains/modal/test/SystemLevelType.tcl (RunTclFile)" time="2.213" />
  <testcase classname="ptolemy.util.test.junit.AutoKnownFailedTests" name="[0] /home/travis/build/icyphy/ptII/ptolemy/domains/modal/test/auto/knownFailedTests/CannotAnalysisWithPreemption.xml (RunModel)" time="0.322" />
  <testcase classname="ptolemy.util.test.junit.AutoNameArchTests" name="[0] ThereAreNoAutoArchTests (RunModel)" time="0.003" />
  <testcase classname="ptolemy.util.test.junit.AutoTests" name="[0] /home/travis/build/icyphy/ptII/ptolemy/domains/modal/test/auto/ABPTest.xml (RunModel)" time="0.762" />
  <testcase classname="ptolemy.util.test.junit.AutoTests" name="[1] /home/travis/build/icyphy/ptII/ptolemy/domains/modal/test/auto/ABROFlat.xml (RunModel)" time="0.1" />
  <testcase classname="ptolemy.util.test.junit.AutoTests" name="[2] /home/travis/build/icyphy/ptII/ptolemy/domains/modal/test/auto/ABROFlat2.xml (RunModel)" time="0.05" />
  <testcase classname="ptolemy.util.test.junit.AutoTests" name="[3] /home/travis/build/icyphy/ptII/ptolemy/domains/modal/test/auto/ABRO_present_hmm.xml (RunModel)" time="0.158" />
  <testcase classname="ptolemy.util.test.junit.AutoTests" name="[4] /home/travis/build/icyphy/ptII/ptolemy/domains/modal/test/auto/AMICoderExample.xml (RunModel)" time="0.1" />
  <testcase classname="ptolemy.util.test.junit.AutoTests" name="[5] /home/travis/build/icyphy/ptII/ptolemy/domains/modal/test/auto/AbsentToPresent.xml (RunModel)" time="0.03" />
  <testcase classname="ptolemy.util.test.junit.AutoTests" name="[6] /home/travis/build/icyphy/ptII/ptolemy/domains/modal/test/auto/Blending.xml (RunModel)" time="0.33" />
  <testcase classname="ptolemy.util.test.junit.AutoTests" name="[7] /home/travis/build/icyphy/ptII/ptolemy/domains/modal/test/auto/Broadcast.xml (RunModel)" time="0.044" />
  <testcase classname="ptolemy.util.test.junit.AutoTests" name="[8] /home/travis/build/icyphy/ptII/ptolemy/domains/modal/test/auto/BroadcastHierarchy.xml (RunModel)" time="0.075" />
  <testcase classname="ptolemy.util.test.junit.AutoTests" name="[9] /home/travis/build/icyphy/ptII/ptolemy/domains/modal/test/auto/BroadcastHierarchy2.xml (RunModel)" time="0.129" />
  <testcase classname="ptolemy.util.test.junit.AutoTests" name="[10] /home/travis/build/icyphy/ptII/ptolemy/domains/modal/test/auto/BroadcastHierarchy3.xml (RunModel)" time="0.097" />
  <testcase classname="ptolemy.util.test.junit.AutoTests" name="[11] /home/travis/build/icyphy/ptII/ptolemy/domains/modal/test/auto/BroadcastHierarchy4.xml (RunModel)" time="0.089" />
  <testcase classname="ptolemy.util.test.junit.AutoTests" name="[12] /home/travis/build/icyphy/ptII/ptolemy/domains/modal/test/auto/CannotAnalysisWithPreemption2.xml (RunModel)" time="0.041" />
  <testcase classname="ptolemy.util.test.junit.AutoTests" name="[13] /home/travis/build/icyphy/ptII/ptolemy/domains/modal/test/auto/CannotAnalysisWithPreemption3.xml (RunModel)" time="0.043" />
  <testcase classname="ptolemy.util.test.junit.AutoTests" name="[14] /home/travis/build/icyphy/ptII/ptolemy/domains/modal/test/auto/CannotProduce.xml (RunModel)" time="0.032" />
  <testcase classname="ptolemy.util.test.junit.AutoTests" name="[15] /home/travis/build/icyphy/ptII/ptolemy/domains/modal/test/auto/CannotProduceModal.xml (RunModel)" time="0.035" />
  <testcase classname="ptolemy.util.test.junit.AutoTests" name="[16] /home/travis/build/icyphy/ptII/ptolemy/domains/modal/test/auto/Case.xml (RunModel)" time="0.089" />
  <testcase classname="ptolemy.util.test.junit.AutoTests" name="[17] /home/travis/build/icyphy/ptII/ptolemy/domains/modal/test/auto/Case1.xml (RunModel)" time="0.031" />
  <testcase classname="ptolemy.util.test.junit.AutoTests" name="[18] /home/travis/build/icyphy/ptII/ptolemy/domains/modal/test/auto/Case2.xml (RunModel)" time="0.039" />
  <testcase classname="ptolemy.util.test.junit.AutoTests" name="[19] /home/travis/build/icyphy/ptII/ptolemy/domains/modal/test/auto/CausalityInterface1.xml (RunModel)" time="0.023" />
  <testcase classname="ptolemy.util.test.junit.AutoTests" name="[20] /home/travis/build/icyphy/ptII/ptolemy/domains/modal/test/auto/CausalityInterface10.xml (RunModel)" time="0.041" />
  <testcase classname="ptolemy.util.test.junit.AutoTests" name="[21] /home/travis/build/icyphy/ptII/ptolemy/domains/modal/test/auto/CausalityInterface11.xml (RunModel)" time="0.041" />
  <testcase classname="ptolemy.util.test.junit.AutoTests" name="[22] /home/travis/build/icyphy/ptII/ptolemy/domains/modal/test/auto/CausalityInterface12.xml (RunModel)" time="0.037" />
  <testcase classname="ptolemy.util.test.junit.AutoTests" name="[23] /home/travis/build/icyphy/ptII/ptolemy/domains/modal/test/auto/CausalityInterface13.xml (RunModel)" time="0.043" />
  <testcase classname="ptolemy.util.test.junit.AutoTests" name="[24] /home/travis/build/icyphy/ptII/ptolemy/domains/modal/test/auto/CausalityInterface14.xml (RunModel)" time="0.051" />
  <testcase classname="ptolemy.util.test.junit.AutoTests" name="[25] /home/travis/build/icyphy/ptII/ptolemy/domains/modal/test/auto/CausalityInterface2.xml (RunModel)" time="0.045" />
  <testcase classname="ptolemy.util.test.junit.AutoTests" name="[26] /home/travis/build/icyphy/ptII/ptolemy/domains/modal/test/auto/CausalityInterface3.xml (RunModel)" time="0.026" />
  <testcase classname="ptolemy.util.test.junit.AutoTests" name="[27] /home/travis/build/icyphy/ptII/ptolemy/domains/modal/test/auto/CausalityInterface4.xml (RunModel)" time="0.024" />
  <testcase classname="ptolemy.util.test.junit.AutoTests" name="[28] /home/travis/build/icyphy/ptII/ptolemy/domains/modal/test/auto/CausalityInterface5.xml (RunModel)" time="0.025" />
  <testcase classname="ptolemy.util.test.junit.AutoTests" name="[29] /home/travis/build/icyphy/ptII/ptolemy/domains/modal/test/auto/CausalityInterface6.xml (RunModel)" time="0.023" />
  <testcase classname="ptolemy.util.test.junit.AutoTests" name="[30] /home/travis/build/icyphy/ptII/ptolemy/domains/modal/test/auto/CausalityInterface7.xml (RunModel)" time="0.038" />
  <testcase classname="ptolemy.util.test.junit.AutoTests" name="[31] /home/travis/build/icyphy/ptII/ptolemy/domains/modal/test/auto/CausalityInterface8.xml (RunModel)" time="0.031" />
  <testcase classname="ptolemy.util.test.junit.AutoTests" name="[32] /home/travis/build/icyphy/ptII/ptolemy/domains/modal/test/auto/CausalityInterface9.xml (RunModel)" time="0.048" />
  <testcase classname="ptolemy.util.test.junit.AutoTests" name="[33] /home/travis/build/icyphy/ptII/ptolemy/domains/modal/test/auto/ChainedTransitions.xml (RunModel)" time="0.16" />
  <testcase classname="ptolemy.util.test.junit.AutoTests" name="[34] /home/travis/build/icyphy/ptII/ptolemy/domains/modal/test/auto/CycleOfImmediateTransitionsFSM.xml (RunModel)" time="0.022" />
  <testcase classname="ptolemy.util.test.junit.AutoTests" name="[35] /home/travis/build/icyphy/ptII/ptolemy/domains/modal/test/auto/CycleOfImmediateTransitionsModal.xml (RunModel)" time="0.024" />
  <testcase classname="ptolemy.util.test.junit.AutoTests" name="[36] /home/travis/build/icyphy/ptII/ptolemy/domains/modal/test/auto/CycleOfImmediateTransitionsModal2.xml (RunModel)" time="0.033" />
  <testcase classname="ptolemy.util.test.junit.AutoTests" name="[37] /home/travis/build/icyphy/ptII/ptolemy/domains/modal/test/auto/CycleOfImmediateTransitionsModal3.xml (RunModel)" time="0.097" />
  <testcase classname="ptolemy.util.test.junit.AutoTests" name="[38] /home/travis/build/icyphy/ptII/ptolemy/domains/modal/test/auto/DeepModal1.xml (RunModel)" time="0.069" />
  <testcase classname="ptolemy.util.test.junit.AutoTests" name="[39] /home/travis/build/icyphy/ptII/ptolemy/domains/modal/test/auto/DeepModal2.xml (RunModel)" time="0.077" />
  <testcase classname="ptolemy.util.test.junit.AutoTests" name="[40] /home/travis/build/icyphy/ptII/ptolemy/domains/modal/test/auto/DeepModal3.xml (RunModel)" time="0.07" />
  <testcase classname="ptolemy.util.test.junit.AutoTests" name="[41] /home/travis/build/icyphy/ptII/ptolemy/domains/modal/test/auto/DeepModal4.xml (RunModel)" time="0.079" />
  <testcase classname="ptolemy.util.test.junit.AutoTests" name="[42] /home/travis/build/icyphy/ptII/ptolemy/domains/modal/test/auto/Default1.xml (RunModel)" time="0.016" />
  <testcase classname="ptolemy.util.test.junit.AutoTests" name="[43] /home/travis/build/icyphy/ptII/ptolemy/domains/modal/test/auto/Default2.xml (RunModel)" time="0.02" />
  <testcase classname="ptolemy.util.test.junit.AutoTests" name="[44] /home/travis/build/icyphy/ptII/ptolemy/domains/modal/test/auto/Default3.xml (RunModel)" time="0.023" />
  <testcase classname="ptolemy.util.test.junit.AutoTests" name="[45] /home/travis/build/icyphy/ptII/ptolemy/domains/modal/test/auto/Default4.xml (RunModel)" time="0.026" />
  <testcase classname="ptolemy.util.test.junit.AutoTests" name="[46] /home/travis/build/icyphy/ptII/ptolemy/domains/modal/test/auto/Default5.xml (RunModel)" time="0.024" />
  <testcase classname="ptolemy.util.test.junit.AutoTests" name="[47] /home/travis/build/icyphy/ptII/ptolemy/domains/modal/test/auto/EmptyGuard.xml (RunModel)" time="0.034" />
  <testcase classname="ptolemy.util.test.junit.AutoTests" name="[48] /home/travis/build/icyphy/ptII/ptolemy/domains/modal/test/auto/ErrorTransition1.xml (RunModel)" time="0.039" />
  <testcase classname="ptolemy.util.test.junit.AutoTests" name="[49] /home/travis/build/icyphy/ptII/ptolemy/domains/modal/test/auto/ErrorTransition10.xml (RunModel)" time="0.048" />
  <testcase classname="ptolemy.util.test.junit.AutoTests" name="[50] /home/travis/build/icyphy/ptII/ptolemy/domains/modal/test/auto/ErrorTransition11.xml (RunModel)" time="0.04" />
  <testcase classname="ptolemy.util.test.junit.AutoTests" name="[51] /home/travis/build/icyphy/ptII/ptolemy/domains/modal/test/auto/ErrorTransition2.xml (RunModel)" time="0.024" />
  <testcase classname="ptolemy.util.test.junit.AutoTests" name="[52] /home/travis/build/icyphy/ptII/ptolemy/domains/modal/test/auto/ErrorTransition3.xml (RunModel)" time="0.043" />
  <testcase classname="ptolemy.util.test.junit.AutoTests" name="[53] /home/travis/build/icyphy/ptII/ptolemy/domains/modal/test/auto/ErrorTransition4.xml (RunModel)" time="0.04" />
  <testcase classname="ptolemy.util.test.junit.AutoTests" name="[54] /home/travis/build/icyphy/ptII/ptolemy/domains/modal/test/auto/ErrorTransition5.xml (RunModel)" time="0.032" />
  <testcase classname="ptolemy.util.test.junit.AutoTests" name="[55] /home/travis/build/icyphy/ptII/ptolemy/domains/modal/test/auto/ErrorTransition6.xml (RunModel)" time="0.03" />
  <testcase classname="ptolemy.util.test.junit.AutoTests" name="[56] /home/travis/build/icyphy/ptII/ptolemy/domains/modal/test/auto/ErrorTransition7.xml (RunModel)" time="0.049" />
  <testcase classname="ptolemy.util.test.junit.AutoTests" name="[57] /home/travis/build/icyphy/ptII/ptolemy/domains/modal/test/auto/ErrorTransition8.xml (RunModel)" time="0.057" />
  <testcase classname="ptolemy.util.test.junit.AutoTests" name="[58] /home/travis/build/icyphy/ptII/ptolemy/domains/modal/test/auto/ErrorTransition9.xml (RunModel)" time="0.038" />
  <testcase classname="ptolemy.util.test.junit.AutoTests" name="[59] /home/travis/build/icyphy/ptII/ptolemy/domains/modal/test/auto/ExtendedFSM.xml (RunModel)" time="0.02" />
  <testcase classname="ptolemy.util.test.junit.AutoTests" name="[60] /home/travis/build/icyphy/ptII/ptolemy/domains/modal/test/auto/FinalStates.xml (RunModel)" time="0.038" />
  <testcase classname="ptolemy.util.test.junit.AutoTests" name="[61] /home/travis/build/icyphy/ptII/ptolemy/domains/modal/test/auto/FixedPointFSM.xml (RunModel)" time="0.053" />
  <testcase classname="ptolemy.util.test.junit.AutoTests" name="[62] /home/travis/build/icyphy/ptII/ptolemy/domains/modal/test/auto/FixedPointIterationFSMActor.xml (RunModel)" time="0.03" />
  <testcase classname="ptolemy.util.test.junit.AutoTests" name="[63] /home/travis/build/icyphy/ptII/ptolemy/domains/modal/test/auto/FixedPointIterationFSMActor2.xml (RunModel)" time="0.034" />
  <testcase classname="ptolemy.util.test.junit.AutoTests" name="[64] /home/travis/build/icyphy/ptII/ptolemy/domains/modal/test/auto/ForbiddenInstantanousLoop.xml (RunModel)" time="0.032" />
  <testcase classname="ptolemy.util.test.junit.AutoTests" name="[65] /home/travis/build/icyphy/ptII/ptolemy/domains/modal/test/auto/FunctionDependencyOfFSMActorTest.xml (RunModel)" time="0.029" />
  <testcase classname="ptolemy.util.test.junit.AutoTests" name="[66] /home/travis/build/icyphy/ptII/ptolemy/domains/modal/test/auto/GuardExpression.xml (RunModel)" time="0.015" />
  <testcase classname="ptolemy.util.test.junit.AutoTests" name="[67] /home/travis/build/icyphy/ptII/ptolemy/domains/modal/test/auto/GuardNotEvaluated.xml (RunModel)" time="0.026" />
  <testcase classname="ptolemy.util.test.junit.AutoTests" name="[68] /home/travis/build/icyphy/ptII/ptolemy/domains/modal/test/auto/GuardNotEvaluated2.xml (RunModel)" time="0.027" />
  <testcase classname="ptolemy.util.test.junit.AutoTests" name="[69] /home/travis/build/icyphy/ptII/ptolemy/domains/modal/test/auto/GuardOnAbsent.xml (RunModel)" time="0.026" />
  <testcase classname="ptolemy.util.test.junit.AutoTests" name="[70] /home/travis/build/icyphy/ptII/ptolemy/domains/modal/test/auto/HierarchicalFSMTypeInference.xml (RunModel)" time="0.031" />
  <testcase classname="ptolemy.util.test.junit.AutoTests" name="[71] /home/travis/build/icyphy/ptII/ptolemy/domains/modal/test/auto/Hysteresis.xml (RunModel)" time="0.047" />
  <testcase classname="ptolemy.util.test.junit.AutoTests" name="[72] /home/travis/build/icyphy/ptII/ptolemy/domains/modal/test/auto/HysteresisWithDefault.xml (RunModel)" time="0.074" />
  <testcase classname="ptolemy.util.test.junit.AutoTests" name="[73] /home/travis/build/icyphy/ptII/ptolemy/domains/modal/test/auto/HysteresisWithDefault2.xml (RunModel)" time="0.075" />
  <testcase classname="ptolemy.util.test.junit.AutoTests" name="[74] /home/travis/build/icyphy/ptII/ptolemy/domains/modal/test/auto/ImmediateNonConstructiveness.xml (RunModel)" time="0.019" />
  <testcase classname="ptolemy.util.test.junit.AutoTests" name="[75] /home/travis/build/icyphy/ptII/ptolemy/domains/modal/test/auto/ImmediateNonConstructiveness2.xml (RunModel)" time="0.02" />
  <testcase classname="ptolemy.util.test.junit.AutoTests" name="[76] /home/travis/build/icyphy/ptII/ptolemy/domains/modal/test/auto/ImmediateTransitionReset.xml (RunModel)" time="0.051" />
  <testcase classname="ptolemy.util.test.junit.AutoTests" name="[77] /home/travis/build/icyphy/ptII/ptolemy/domains/modal/test/auto/ImmediateTransitions1.xml (RunModel)" time="0.015" />
  <testcase classname="ptolemy.util.test.junit.AutoTests" name="[78] /home/travis/build/icyphy/ptII/ptolemy/domains/modal/test/auto/ImmediateTransitionsInstantaneousCommunication.xml (RunModel)" time="0.029" />
  <testcase classname="ptolemy.util.test.junit.AutoTests" name="[79] /home/travis/build/icyphy/ptII/ptolemy/domains/modal/test/auto/InitialImmediateTransition.xml (RunModel)" time="0.015" />
  <testcase classname="ptolemy.util.test.junit.AutoTests" name="[80] /home/travis/build/icyphy/ptII/ptolemy/domains/modal/test/auto/InitialOutputs.xml (RunModel)" time="0.024" />
  <testcase classname="ptolemy.util.test.junit.AutoTests" name="[81] /home/travis/build/icyphy/ptII/ptolemy/domains/modal/test/auto/InitialStateTransition1.xml (RunModel)" time="0.02" />
  <testcase classname="ptolemy.util.test.junit.AutoTests" name="[82] /home/travis/build/icyphy/ptII/ptolemy/domains/modal/test/auto/InitialStateTransition2.xml (RunModel)" time="0.023" />
  <testcase classname="ptolemy.util.test.junit.AutoTests" name="[83] /home/travis/build/icyphy/ptII/ptolemy/domains/modal/test/auto/InitialStateTransition3.xml (RunModel)" time="0.022" />
  <testcase classname="ptolemy.util.test.junit.AutoTests" name="[84] /home/travis/build/icyphy/ptII/ptolemy/domains/modal/test/auto/InitialStateTransition4.xml (RunModel)" time="0.026" />
  <testcase classname="ptolemy.util.test.junit.AutoTests" name="[85] /home/travis/build/icyphy/ptII/ptolemy/domains/modal/test/auto/MalformedGuardExpressionNotCaught.xml (RunModel)" time="0.027" />
  <testcase classname="ptolemy.util.test.junit.AutoTests" name="[86] /home/travis/build/icyphy/ptII/ptolemy/domains/modal/test/auto/ModalBSC.xml (RunModel)" time="0.127" />
  <testcase classname="ptolemy.util.test.junit.AutoTests" name="[87] /home/travis/build/icyphy/ptII/ptolemy/domains/modal/test/auto/ModalClocks.xml (RunModel)" time="0.108" />
  <testcase classname="ptolemy.util.test.junit.AutoTests" name="[88] /home/travis/build/icyphy/ptII/ptolemy/domains/modal/test/auto/ModalDelay.xml (RunModel)" time="0.049" />
  <testcase classname="ptolemy.util.test.junit.AutoTests" name="[89] /home/travis/build/icyphy/ptII/ptolemy/domains/modal/test/auto/ModalDelay2.xml (RunModel)" time="0.044" />
  <testcase classname="ptolemy.util.test.junit.AutoTests" name="[90] /home/travis/build/icyphy/ptII/ptolemy/domains/modal/test/auto/ModalModelFromMemo.xml (RunModel)" time="0.051" />
  <testcase classname="ptolemy.util.test.junit.AutoTests" name="[91] /home/travis/build/icyphy/ptII/ptolemy/domains/modal/test/auto/ModalModelWithMultirateTransient.xml (RunModel)" time="0.05" />
  <testcase classname="ptolemy.util.test.junit.AutoTests" name="[92] /home/travis/build/icyphy/ptII/ptolemy/domains/modal/test/auto/ModalModelWithReset.xml (RunModel)" time="0.034" />
  <testcase classname="ptolemy.util.test.junit.AutoTests" name="[93] /home/travis/build/icyphy/ptII/ptolemy/domains/modal/test/auto/MouseClickFSM.xml (RunModel)" time="0.042" />
  <testcase classname="ptolemy.util.test.junit.AutoTests" name="[94] /home/travis/build/icyphy/ptII/ptolemy/domains/modal/test/auto/MouseClickFSMModal.xml (RunModel)" time="0.03" />
  <testcase classname="ptolemy.util.test.junit.AutoTests" name="[95] /home/travis/build/icyphy/ptII/ptolemy/domains/modal/test/auto/NonStrictFSM_FeedbackLoop.xml (RunModel)" time="0.057" />
  <testcase classname="ptolemy.util.test.junit.AutoTests" name="[96] /home/travis/build/icyphy/ptII/ptolemy/domains/modal/test/auto/NonStrictFSM_FeedbackLoop_Refinement.xml (RunModel)" time="0.097" />
  <testcase classname="ptolemy.util.test.junit.AutoTests" name="[97] /home/travis/build/icyphy/ptII/ptolemy/domains/modal/test/auto/NonStrictFSM_FeedbackLoop_preemptive.xml (RunModel)" time="0.047" />
  <testcase classname="ptolemy.util.test.junit.AutoTests" name="[98] /home/travis/build/icyphy/ptII/ptolemy/domains/modal/test/auto/NormalTermination.xml (RunModel)" time="0.044" />
  <testcase classname="ptolemy.util.test.junit.AutoTests" name="[99] /home/travis/build/icyphy/ptII/ptolemy/domains/modal/test/auto/Pong.xml (RunModel)" time="0.082" />
  <testcase classname="ptolemy.util.test.junit.AutoTests" name="[100] /home/travis/build/icyphy/ptII/ptolemy/domains/modal/test/auto/Pong_test.xml (RunModel)" time="0.094" />
  <testcase classname="ptolemy.util.test.junit.AutoTests" name="[101] /home/travis/build/icyphy/ptII/ptolemy/domains/modal/test/auto/PreemptionHierarchy.xml (RunModel)" time="0.03" />
  <testcase classname="ptolemy.util.test.junit.AutoTests" name="[102] /home/travis/build/icyphy/ptII/ptolemy/domains/modal/test/auto/PreemptionHierarchy2.xml (RunModel)" time="0.028" />
  <testcase classname="ptolemy.util.test.junit.AutoTests" name="[103] /home/travis/build/icyphy/ptII/ptolemy/domains/modal/test/auto/PreemptiveTransition.xml (RunModel)" time="0.028" />
  <testcase classname="ptolemy.util.test.junit.AutoTests" name="[104] /home/travis/build/icyphy/ptII/ptolemy/domains/modal/test/auto/Priorities.xml (RunModel)" time="0.092" />
  <testcase classname="ptolemy.util.test.junit.AutoTests" name="[105] /home/travis/build/icyphy/ptII/ptolemy/domains/modal/test/auto/ResetFinal.xml (RunModel)" time="0.051" />
  <testcase classname="ptolemy.util.test.junit.AutoTests" name="[106] /home/travis/build/icyphy/ptII/ptolemy/domains/modal/test/auto/ResetFinal2.xml (RunModel)" time="0.029" />
  <testcase classname="ptolemy.util.test.junit.AutoTests" name="[107] /home/travis/build/icyphy/ptII/ptolemy/domains/modal/test/auto/ResetTransitionWithStartTime.xml (RunModel)" time="0.031" />
  <testcase classname="ptolemy.util.test.junit.AutoTests" name="[108] /home/travis/build/icyphy/ptII/ptolemy/domains/modal/test/auto/SDF-FSMComposite.xml (RunModel)" time="0.024" />
  <testcase classname="ptolemy.util.test.junit.AutoTests" name="[109] /home/travis/build/icyphy/ptII/ptolemy/domains/modal/test/auto/SeeminglyNondeterminate.xml (RunModel)" time="0.072" />
  <testcase classname="ptolemy.util.test.junit.AutoTests" name="[110] /home/travis/build/icyphy/ptII/ptolemy/domains/modal/test/auto/SeeminglyNondeterminate2.xml (RunModel)" time="0.069" />
  <testcase classname="ptolemy.util.test.junit.AutoTests" name="[111] /home/travis/build/icyphy/ptII/ptolemy/domains/modal/test/auto/SpontaneousFSM.xml (RunModel)" time="0.042" />
  <testcase classname="ptolemy.util.test.junit.AutoTests" name="[112] /home/travis/build/icyphy/ptII/ptolemy/domains/modal/test/auto/SpontaneousFSM2.xml (RunModel)" time="0.031" />
  <testcase classname="ptolemy.util.test.junit.AutoTests" name="[113] /home/travis/build/icyphy/ptII/ptolemy/domains/modal/test/auto/SpontaneousFSM3.xml (RunModel)" time="0.037" />
  <testcase classname="ptolemy.util.test.junit.AutoTests" name="[114] /home/travis/build/icyphy/ptII/ptolemy/domains/modal/test/auto/SpontaneousFSM4.xml (RunModel)" time="0.06" />
  <testcase classname="ptolemy.util.test.junit.AutoTests" name="[115] /home/travis/build/icyphy/ptII/ptolemy/domains/modal/test/auto/StateTrackerTest.xml (RunModel)" time="0.079" />
  <testcase classname="ptolemy.util.test.junit.AutoTests" name="[116] /home/travis/build/icyphy/ptII/ptolemy/domains/modal/test/auto/StrongImmediateTransition.xml (RunModel)" time="0.023" />
  <testcase classname="ptolemy.util.test.junit.AutoTests" name="[117] /home/travis/build/icyphy/ptII/ptolemy/domains/modal/test/auto/SustainHierarchy.xml (RunModel)" time="0.031" />
  <testcase classname="ptolemy.util.test.junit.AutoTests" name="[118] /home/travis/build/icyphy/ptII/ptolemy/domains/modal/test/auto/TerminationTransition1.xml (RunModel)" time="0.018" />
  <testcase classname="ptolemy.util.test.junit.AutoTests" name="[119] /home/travis/build/icyphy/ptII/ptolemy/domains/modal/test/auto/TerminationTransition2.xml (RunModel)" time="0.027" />
  <testcase classname="ptolemy.util.test.junit.AutoTests" name="[120] /home/travis/build/icyphy/ptII/ptolemy/domains/modal/test/auto/TerminationTransition3.xml (RunModel)" time="0.021" />
  <testcase classname="ptolemy.util.test.junit.AutoTests" name="[121] /home/travis/build/icyphy/ptII/ptolemy/domains/modal/test/auto/TerminationTransition4.xml (RunModel)" time="0.04" />
  <testcase classname="ptolemy.util.test.junit.AutoTests" name="[122] /home/travis/build/icyphy/ptII/ptolemy/domains/modal/test/auto/TerminationTransition5.xml (RunModel)" time="0.03" />
  <testcase classname="ptolemy.util.test.junit.AutoTests" name="[123] /home/travis/build/icyphy/ptII/ptolemy/domains/modal/test/auto/TerminationTransition6.xml (RunModel)" time="0.02" />
  <testcase classname="ptolemy.util.test.junit.AutoTests" name="[124] /home/travis/build/icyphy/ptII/ptolemy/domains/modal/test/auto/TerminationTransition7.xml (RunModel)" time="0.02" />
  <testcase classname="ptolemy.util.test.junit.AutoTests" name="[125] /home/travis/build/icyphy/ptII/ptolemy/domains/modal/test/auto/TerminationTransition8.xml (RunModel)" time="0.022" />
  <testcase classname="ptolemy.util.test.junit.AutoTests" name="[126] /home/travis/build/icyphy/ptII/ptolemy/domains/modal/test/auto/Thermostat_NoHysteresis.xml (RunModel)" time="0.052" />
  <testcase classname="ptolemy.util.test.junit.AutoTests" name="[127] /home/travis/build/icyphy/ptII/ptolemy/domains/modal/test/auto/TimedFSM.xml (RunModel)" time="0.047" />
  <testcase classname="ptolemy.util.test.junit.AutoTests" name="[128] /home/travis/build/icyphy/ptII/ptolemy/domains/modal/test/auto/Timeout1.xml (RunModel)" time="0.015" />
  <testcase classname="ptolemy.util.test.junit.AutoTests" name="[129] /home/travis/build/icyphy/ptII/ptolemy/domains/modal/test/auto/Timeout2.xml (RunModel)" time="0.025" />
  <testcase classname="ptolemy.util.test.junit.AutoTests" name="[130] /home/travis/build/icyphy/ptII/ptolemy/domains/modal/test/auto/Timeout3.xml (RunModel)" time="0.014" />
  <testcase classname="ptolemy.util.test.junit.AutoTests" name="[131] /home/travis/build/icyphy/ptII/ptolemy/domains/modal/test/auto/Timeout4.xml (RunModel)" time="0.013" />
  <testcase classname="ptolemy.util.test.junit.AutoTests" name="[132] /home/travis/build/icyphy/ptII/ptolemy/domains/modal/test/auto/TransientstateModelAdvanced.xml (RunModel)" time="0.033" />
  <testcase classname="ptolemy.util.test.junit.AutoTests" name="[133] /home/travis/build/icyphy/ptII/ptolemy/domains/modal/test/auto/TransientstateModelAdvanced2.xml (RunModel)" time="0.036" />
  <testcase classname="ptolemy.util.test.junit.AutoTests" name="[134] /home/travis/build/icyphy/ptII/ptolemy/domains/modal/test/auto/TransitionRefinements.xml (RunModel)" time="0.023" />
  <testcase classname="ptolemy.util.test.junit.AutoTests" name="[135] /home/travis/build/icyphy/ptII/ptolemy/domains/modal/test/auto/TwoRefinements1.xml (RunModel)" time="0.024" />
  <testcase classname="ptolemy.util.test.junit.AutoTests" name="[136] /home/travis/build/icyphy/ptII/ptolemy/domains/modal/test/auto/TwoRefinements2.xml (RunModel)" time="0.022" />
  <testcase classname="ptolemy.util.test.junit.AutoTests" name="[137] /home/travis/build/icyphy/ptII/ptolemy/domains/modal/test/auto/WeakImmediateTransition.xml (RunModel)" time="0.025" />
  <testcase classname="ptolemy.util.test.junit.AutoTests" name="[138] /home/travis/build/icyphy/ptII/ptolemy/domains/modal/test/auto/booleanSelect.xml (RunModel)" time="0.103" />
  <testcase classname="ptolemy.util.test.junit.AutoTests" name="[139] /home/travis/build/icyphy/ptII/ptolemy/domains/modal/test/auto/modalChangingParams.xml (RunModel)" time="0.292" />
  <testcase classname="ptolemy.util.test.junit.AutoTests" name="[140] /home/travis/build/icyphy/ptII/ptolemy/domains/modal/test/auto/modalModel.xml (RunModel)" time="0.02" />
  <testcase classname="ptolemy.util.test.junit.AutoTests" name="[141] /home/travis/build/icyphy/ptII/ptolemy/domains/modal/test/auto/modalModel2.xml (RunModel)" time="0.025" />
  <testcase classname="ptolemy.util.test.junit.AutoTests" name="[142] /home/travis/build/icyphy/ptII/ptolemy/domains/modal/test/auto/modalModel3.xml (RunModel)" time="0.045" />
  <testcase classname="ptolemy.util.test.junit.AutoTests" name="[143] /home/travis/build/icyphy/ptII/ptolemy/domains/modal/test/auto/model1.xml (RunModel)" time="0.021" />
  <testcase classname="ptolemy.util.test.junit.AutoTests" name="[144] /home/travis/build/icyphy/ptII/ptolemy/domains/modal/test/auto/test-direct-in-out.xml (RunModel)" time="0.031" />
  <system-out><![CDATA[/home/travis/build/icyphy/ptII/ptolemy/domains/modal/test/SystemLevelType.tcl
testDefs.tcl: setting time out to 9000 seconds at Fri Jul 19 06:57:57 UTC 2019
07/19/19 06:57:59
Failed: 0  Total Tests: 1  ((Passed: 1, Newly Passed: 0)  Known Failed: 0) /home/travis/build/icyphy/ptII/ptolemy/domains/modal/test
----------------- testing (KnownFailure) /home/travis/build/icyphy/ptII/ptolemy/domains/modal/test/auto/knownFailedTests/CannotAnalysisWithPreemption.xml
140 ms. Memory: 145408K Free: 66993K (46%)
Known Failure: java.lang.reflect.InvocationTargetException
No auto/linux-amd64/*.xml tests in /home/travis/build/icyphy/ptII/ptolemy/domains/modal/test
AutoTests.java: About to close Vertx.
AutoTests.java: Vertx closed.

===========================================================================================
----------------- testing Fri Jul 19 06:58:00 UTC 2019 /home/travis/build/icyphy/ptII/ptolemy/domains/modal/test/auto/ABPTest.xml
----------------- Instantiating /home/travis/build/icyphy/ptII/ptolemy/domains/modal/test/auto/ABPTest.xml
384 ms. Memory: 145408K Free: 94071K (65%)
----------------- Invoking toplevel() on ptolemy.moml.MoMLSimpleApplication@6c2705c
----------------- Done invoking toplevel() on ptolemy.moml.MoMLSimpleApplication@6c2705c
reloadAllAccessors: .ABPTest

===========================================================================================
----------------- testing Fri Jul 19 06:58:01 UTC 2019 /home/travis/build/icyphy/ptII/ptolemy/domains/modal/test/auto/ABROFlat.xml
----------------- Instantiating /home/travis/build/icyphy/ptII/ptolemy/domains/modal/test/auto/ABROFlat.xml
16 ms. Memory: 145408K Free: 78380K (54%)
----------------- Invoking toplevel() on ptolemy.moml.MoMLSimpleApplication@79a5a3ce
----------------- Done invoking toplevel() on ptolemy.moml.MoMLSimpleApplication@79a5a3ce
reloadAllAccessors: .ABROFlat

===========================================================================================
----------------- testing Fri Jul 19 06:58:01 UTC 2019 /home/travis/build/icyphy/ptII/ptolemy/domains/modal/test/auto/ABROFlat2.xml
----------------- Instantiating /home/travis/build/icyphy/ptII/ptolemy/domains/modal/test/auto/ABROFlat2.xml
10 ms. Memory: 145408K Free: 61017K (42%)
----------------- Invoking toplevel() on ptolemy.moml.MoMLSimpleApplication@7cb370c6
----------------- Done invoking toplevel() on ptolemy.moml.MoMLSimpleApplication@7cb370c6
reloadAllAccessors: .ABROFlat2

===========================================================================================
----------------- testing Fri Jul 19 06:58:01 UTC 2019 /home/travis/build/icyphy/ptII/ptolemy/domains/modal/test/auto/ABRO_present_hmm.xml
----------------- Instantiating /home/travis/build/icyphy/ptII/ptolemy/domains/modal/test/auto/ABRO_present_hmm.xml
34 ms. Memory: 181248K Free: 142562K (79%)
----------------- Invoking toplevel() on ptolemy.moml.MoMLSimpleApplication@6e6d2cb8
----------------- Done invoking toplevel() on ptolemy.moml.MoMLSimpleApplication@6e6d2cb8
reloadAllAccessors: .ABRO_present_hmm

===========================================================================================
----------------- testing Fri Jul 19 06:58:01 UTC 2019 /home/travis/build/icyphy/ptII/ptolemy/domains/modal/test/auto/AMICoderExample.xml
----------------- Instantiating /home/travis/build/icyphy/ptII/ptolemy/domains/modal/test/auto/AMICoderExample.xml
52 ms. Memory: 181248K Free: 132832K (73%)
----------------- Invoking toplevel() on ptolemy.moml.MoMLSimpleApplication@38460133
----------------- Done invoking toplevel() on ptolemy.moml.MoMLSimpleApplication@38460133
reloadAllAccessors: .AMICoderExample

===========================================================================================
----------------- testing Fri Jul 19 06:58:01 UTC 2019 /home/travis/build/icyphy/ptII/ptolemy/domains/modal/test/auto/AbsentToPresent.xml
----------------- Instantiating /home/travis/build/icyphy/ptII/ptolemy/domains/modal/test/auto/AbsentToPresent.xml
8 ms. Memory: 181248K Free: 128226K (71%)
----------------- Invoking toplevel() on ptolemy.moml.MoMLSimpleApplication@6e82e4bc
----------------- Done invoking toplevel() on ptolemy.moml.MoMLSimpleApplication@6e82e4bc
reloadAllAccessors: .AbsentToPresent

===========================================================================================
----------------- testing Fri Jul 19 06:58:01 UTC 2019 /home/travis/build/icyphy/ptII/ptolemy/domains/modal/test/auto/Blending.xml
----------------- Instantiating /home/travis/build/icyphy/ptII/ptolemy/domains/modal/test/auto/Blending.xml
193 ms. Memory: 181248K Free: 83665K (46%)
----------------- Invoking toplevel() on ptolemy.moml.MoMLSimpleApplication@44250d0d
----------------- Done invoking toplevel() on ptolemy.moml.MoMLSimpleApplication@44250d0d
reloadAllAccessors: .Blending

===========================================================================================
----------------- testing Fri Jul 19 06:58:01 UTC 2019 /home/travis/build/icyphy/ptII/ptolemy/domains/modal/test/auto/Broadcast.xml
----------------- Instantiating /home/travis/build/icyphy/ptII/ptolemy/domains/modal/test/auto/Broadcast.xml
6 ms. Memory: 181248K Free: 73440K (41%)
----------------- Invoking toplevel() on ptolemy.moml.MoMLSimpleApplication@3ebfec9e
----------------- Done invoking toplevel() on ptolemy.moml.MoMLSimpleApplication@3ebfec9e
reloadAllAccessors: .Broadcast

===========================================================================================
----------------- testing Fri Jul 19 06:58:01 UTC 2019 /home/travis/build/icyphy/ptII/ptolemy/domains/modal/test/auto/BroadcastHierarchy.xml
----------------- Instantiating /home/travis/build/icyphy/ptII/ptolemy/domains/modal/test/auto/BroadcastHierarchy.xml
16 ms. Memory: 181248K Free: 60113K (33%)
----------------- Invoking toplevel() on ptolemy.moml.MoMLSimpleApplication@3f772d38
----------------- Done invoking toplevel() on ptolemy.moml.MoMLSimpleApplication@3f772d38
reloadAllAccessors: .BroadcastHierarchy

===========================================================================================
----------------- testing Fri Jul 19 06:58:02 UTC 2019 /home/travis/build/icyphy/ptII/ptolemy/domains/modal/test/auto/BroadcastHierarchy2.xml
----------------- Instantiating /home/travis/build/icyphy/ptII/ptolemy/domains/modal/test/auto/BroadcastHierarchy2.xml
31 ms. Memory: 181248K Free: 137062K (76%)
----------------- Invoking toplevel() on ptolemy.moml.MoMLSimpleApplication@781087b6
----------------- Done invoking toplevel() on ptolemy.moml.MoMLSimpleApplication@781087b6
reloadAllAccessors: .BroadcastHierarchy2

===========================================================================================
----------------- testing Fri Jul 19 06:58:02 UTC 2019 /home/travis/build/icyphy/ptII/ptolemy/domains/modal/test/auto/BroadcastHierarchy3.xml
----------------- Instantiating /home/travis/build/icyphy/ptII/ptolemy/domains/modal/test/auto/BroadcastHierarchy3.xml
26 ms. Memory: 181248K Free: 117092K (65%)
----------------- Invoking toplevel() on ptolemy.moml.MoMLSimpleApplication@10734e9a
----------------- Done invoking toplevel() on ptolemy.moml.MoMLSimpleApplication@10734e9a
reloadAllAccessors: .BroadcastHierarchy3

===========================================================================================
----------------- testing Fri Jul 19 06:58:02 UTC 2019 /home/travis/build/icyphy/ptII/ptolemy/domains/modal/test/auto/BroadcastHierarchy4.xml
----------------- Instantiating /home/travis/build/icyphy/ptII/ptolemy/domains/modal/test/auto/BroadcastHierarchy4.xml
17 ms. Memory: 181248K Free: 93030K (51%)
----------------- Invoking toplevel() on ptolemy.moml.MoMLSimpleApplication@57df62a6
----------------- Done invoking toplevel() on ptolemy.moml.MoMLSimpleApplication@57df62a6
reloadAllAccessors: .BroadcastHierarchy4

===========================================================================================
----------------- testing Fri Jul 19 06:58:02 UTC 2019 /home/travis/build/icyphy/ptII/ptolemy/domains/modal/test/auto/CannotAnalysisWithPreemption2.xml
----------------- Instantiating /home/travis/build/icyphy/ptII/ptolemy/domains/modal/test/auto/CannotAnalysisWithPreemption2.xml
5 ms. Memory: 181248K Free: 85862K (47%)
----------------- Invoking toplevel() on ptolemy.moml.MoMLSimpleApplication@375dcab5
----------------- Done invoking toplevel() on ptolemy.moml.MoMLSimpleApplication@375dcab5
reloadAllAccessors: .CannotAnalysisWithPreemption2

===========================================================================================
----------------- testing Fri Jul 19 06:58:02 UTC 2019 /home/travis/build/icyphy/ptII/ptolemy/domains/modal/test/auto/CannotAnalysisWithPreemption3.xml
----------------- Instantiating /home/travis/build/icyphy/ptII/ptolemy/domains/modal/test/auto/CannotAnalysisWithPreemption3.xml
6 ms. Memory: 181248K Free: 75622K (42%)
----------------- Invoking toplevel() on ptolemy.moml.MoMLSimpleApplication@5d2ea5cb
----------------- Done invoking toplevel() on ptolemy.moml.MoMLSimpleApplication@5d2ea5cb
reloadAllAccessors: .CannotAnalysisWithPreemption3

===========================================================================================
----------------- testing Fri Jul 19 06:58:02 UTC 2019 /home/travis/build/icyphy/ptII/ptolemy/domains/modal/test/auto/CannotProduce.xml
----------------- Instantiating /home/travis/build/icyphy/ptII/ptolemy/domains/modal/test/auto/CannotProduce.xml
14 ms. Memory: 181248K Free: 68964K (38%)
----------------- Invoking toplevel() on ptolemy.moml.MoMLSimpleApplication@799f3572
----------------- Done invoking toplevel() on ptolemy.moml.MoMLSimpleApplication@799f3572
reloadAllAccessors: .CannotProduce

===========================================================================================
----------------- testing Fri Jul 19 06:58:02 UTC 2019 /home/travis/build/icyphy/ptII/ptolemy/domains/modal/test/auto/CannotProduceModal.xml
----------------- Instantiating /home/travis/build/icyphy/ptII/ptolemy/domains/modal/test/auto/CannotProduceModal.xml
15 ms. Memory: 181248K Free: 62814K (35%)
----------------- Invoking toplevel() on ptolemy.moml.MoMLSimpleApplication@1c5db52d
----------------- Done invoking toplevel() on ptolemy.moml.MoMLSimpleApplication@1c5db52d
reloadAllAccessors: .CannotProduceModal

===========================================================================================
----------------- testing Fri Jul 19 06:58:02 UTC 2019 /home/travis/build/icyphy/ptII/ptolemy/domains/modal/test/auto/Case.xml
----------------- Instantiating /home/travis/build/icyphy/ptII/ptolemy/domains/modal/test/auto/Case.xml
31 ms. Memory: 181248K Free: 155497K (86%)
----------------- Invoking toplevel() on ptolemy.moml.MoMLSimpleApplication@214ec63d
----------------- Done invoking toplevel() on ptolemy.moml.MoMLSimpleApplication@214ec63d
reloadAllAccessors: .Case

===========================================================================================
----------------- testing Fri Jul 19 06:58:02 UTC 2019 /home/travis/build/icyphy/ptII/ptolemy/domains/modal/test/auto/Case1.xml
----------------- Instantiating /home/travis/build/icyphy/ptII/ptolemy/domains/modal/test/auto/Case1.xml
6 ms. Memory: 181248K Free: 148329K (82%)
----------------- Invoking toplevel() on ptolemy.moml.MoMLSimpleApplication@51c381d
----------------- Done invoking toplevel() on ptolemy.moml.MoMLSimpleApplication@51c381d
reloadAllAccessors: .Case1

===========================================================================================
----------------- testing Fri Jul 19 06:58:02 UTC 2019 /home/travis/build/icyphy/ptII/ptolemy/domains/modal/test/auto/Case2.xml
----------------- Instantiating /home/travis/build/icyphy/ptII/ptolemy/domains/modal/test/auto/Case2.xml
15 ms. Memory: 181248K Free: 137579K (76%)
----------------- Invoking toplevel() on ptolemy.moml.MoMLSimpleApplication@68acf1b3
----------------- Done invoking toplevel() on ptolemy.moml.MoMLSimpleApplication@68acf1b3
reloadAllAccessors: .Case2

===========================================================================================
----------------- testing Fri Jul 19 06:58:02 UTC 2019 /home/travis/build/icyphy/ptII/ptolemy/domains/modal/test/auto/CausalityInterface1.xml
----------------- Instantiating /home/travis/build/icyphy/ptII/ptolemy/domains/modal/test/auto/CausalityInterface1.xml
3 ms. Memory: 181248K Free: 132459K (73%)
----------------- Invoking toplevel() on ptolemy.moml.MoMLSimpleApplication@2666dc52
----------------- Done invoking toplevel() on ptolemy.moml.MoMLSimpleApplication@2666dc52
reloadAllAccessors: .CausalityInterface1

===========================================================================================
----------------- testing Fri Jul 19 06:58:02 UTC 2019 /home/travis/build/icyphy/ptII/ptolemy/domains/modal/test/auto/CausalityInterface10.xml
----------------- Instantiating /home/travis/build/icyphy/ptII/ptolemy/domains/modal/test/auto/CausalityInterface10.xml
6 ms. Memory: 181248K Free: 119147K (66%)
----------------- Invoking toplevel() on ptolemy.moml.MoMLSimpleApplication@4fdb0f1
----------------- Done invoking toplevel() on ptolemy.moml.MoMLSimpleApplication@4fdb0f1
reloadAllAccessors: .CausalityInterface10

===========================================================================================
----------------- testing Fri Jul 19 06:58:02 UTC 2019 /home/travis/build/icyphy/ptII/ptolemy/domains/modal/test/auto/CausalityInterface11.xml
----------------- Instantiating /home/travis/build/icyphy/ptII/ptolemy/domains/modal/test/auto/CausalityInterface11.xml
6 ms. Memory: 181248K Free: 105835K (58%)
----------------- Invoking toplevel() on ptolemy.moml.MoMLSimpleApplication@2a05b278
----------------- Done invoking toplevel() on ptolemy.moml.MoMLSimpleApplication@2a05b278
reloadAllAccessors: .CausalityInterface11

===========================================================================================
----------------- testing Fri Jul 19 06:58:02 UTC 2019 /home/travis/build/icyphy/ptII/ptolemy/domains/modal/test/auto/CausalityInterface12.xml
----------------- Instantiating /home/travis/build/icyphy/ptII/ptolemy/domains/modal/test/auto/CausalityInterface12.xml
6 ms. Memory: 181248K Free: 92523K (51%)
----------------- Invoking toplevel() on ptolemy.moml.MoMLSimpleApplication@43f8ca40
----------------- Done invoking toplevel() on ptolemy.moml.MoMLSimpleApplication@43f8ca40
reloadAllAccessors: .CausalityInterface12

===========================================================================================
----------------- testing Fri Jul 19 06:58:02 UTC 2019 /home/travis/build/icyphy/ptII/ptolemy/domains/modal/test/auto/CausalityInterface13.xml
----------------- Instantiating /home/travis/build/icyphy/ptII/ptolemy/domains/modal/test/auto/CausalityInterface13.xml
6 ms. Memory: 181248K Free: 79211K (44%)
----------------- Invoking toplevel() on ptolemy.moml.MoMLSimpleApplication@1480f3e4
----------------- Done invoking toplevel() on ptolemy.moml.MoMLSimpleApplication@1480f3e4
reloadAllAccessors: .CausalityInterface13

===========================================================================================
----------------- testing Fri Jul 19 06:58:02 UTC 2019 /home/travis/build/icyphy/ptII/ptolemy/domains/modal/test/auto/CausalityInterface14.xml
----------------- Instantiating /home/travis/build/icyphy/ptII/ptolemy/domains/modal/test/auto/CausalityInterface14.xml
7 ms. Memory: 181248K Free: 65355K (36%)
----------------- Invoking toplevel() on ptolemy.moml.MoMLSimpleApplication@394d21ab
----------------- Done invoking toplevel() on ptolemy.moml.MoMLSimpleApplication@394d21ab
reloadAllAccessors: .CausalityInterface14

===========================================================================================
----------------- testing Fri Jul 19 06:58:02 UTC 2019 /home/travis/build/icyphy/ptII/ptolemy/domains/modal/test/auto/CausalityInterface2.xml
----------------- Instantiating /home/travis/build/icyphy/ptII/ptolemy/domains/modal/test/auto/CausalityInterface2.xml
19 ms. Memory: 181248K Free: 163258K (90%)
----------------- Invoking toplevel() on ptolemy.moml.MoMLSimpleApplication@6d5db03d
----------------- Done invoking toplevel() on ptolemy.moml.MoMLSimpleApplication@6d5db03d
reloadAllAccessors: .CausalityInterface2

===========================================================================================
----------------- testing Fri Jul 19 06:58:02 UTC 2019 /home/travis/build/icyphy/ptII/ptolemy/domains/modal/test/auto/CausalityInterface3.xml
----------------- Instantiating /home/travis/build/icyphy/ptII/ptolemy/domains/modal/test/auto/CausalityInterface3.xml
4 ms. Memory: 181248K Free: 156386K (86%)
----------------- Invoking toplevel() on ptolemy.moml.MoMLSimpleApplication@4df3702d
----------------- Done invoking toplevel() on ptolemy.moml.MoMLSimpleApplication@4df3702d
reloadAllAccessors: .CausalityInterface3

===========================================================================================
----------------- testing Fri Jul 19 06:58:02 UTC 2019 /home/travis/build/icyphy/ptII/ptolemy/domains/modal/test/auto/CausalityInterface4.xml
----------------- Instantiating /home/travis/build/icyphy/ptII/ptolemy/domains/modal/test/auto/CausalityInterface4.xml
3 ms. Memory: 181248K Free: 150242K (83%)
----------------- Invoking toplevel() on ptolemy.moml.MoMLSimpleApplication@78881328
----------------- Done invoking toplevel() on ptolemy.moml.MoMLSimpleApplication@78881328
reloadAllAccessors: .CausalityInterface4

===========================================================================================
----------------- testing Fri Jul 19 06:58:02 UTC 2019 /home/travis/build/icyphy/ptII/ptolemy/domains/modal/test/auto/CausalityInterface5.xml
----------------- Instantiating /home/travis/build/icyphy/ptII/ptolemy/domains/modal/test/auto/CausalityInterface5.xml
3 ms. Memory: 181248K Free: 142050K (78%)
----------------- Invoking toplevel() on ptolemy.moml.MoMLSimpleApplication@7cd1e908
----------------- Done invoking toplevel() on ptolemy.moml.MoMLSimpleApplication@7cd1e908
reloadAllAccessors: .CausalityInterface5

===========================================================================================
----------------- testing Fri Jul 19 06:58:03 UTC 2019 /home/travis/build/icyphy/ptII/ptolemy/domains/modal/test/auto/CausalityInterface6.xml
----------------- Instantiating /home/travis/build/icyphy/ptII/ptolemy/domains/modal/test/auto/CausalityInterface6.xml
4 ms. Memory: 181248K Free: 133858K (74%)
----------------- Invoking toplevel() on ptolemy.moml.MoMLSimpleApplication@a718efb
----------------- Done invoking toplevel() on ptolemy.moml.MoMLSimpleApplication@a718efb
reloadAllAccessors: .CausalityInterface6

===========================================================================================
----------------- testing Fri Jul 19 06:58:03 UTC 2019 /home/travis/build/icyphy/ptII/ptolemy/domains/modal/test/auto/CausalityInterface7.xml
----------------- Instantiating /home/travis/build/icyphy/ptII/ptolemy/domains/modal/test/auto/CausalityInterface7.xml
7 ms. Memory: 181248K Free: 125666K (69%)
----------------- Invoking toplevel() on ptolemy.moml.MoMLSimpleApplication@611ea9c3
----------------- Done invoking toplevel() on ptolemy.moml.MoMLSimpleApplication@611ea9c3
reloadAllAccessors: .CausalityInterface7

===========================================================================================
----------------- testing Fri Jul 19 06:58:03 UTC 2019 /home/travis/build/icyphy/ptII/ptolemy/domains/modal/test/auto/CausalityInterface8.xml
----------------- Instantiating /home/travis/build/icyphy/ptII/ptolemy/domains/modal/test/auto/CausalityInterface8.xml
6 ms. Memory: 181248K Free: 117474K (65%)
----------------- Invoking toplevel() on ptolemy.moml.MoMLSimpleApplication@33d39a5b
----------------- Done invoking toplevel() on ptolemy.moml.MoMLSimpleApplication@33d39a5b
reloadAllAccessors: .CausalityInterface8

===========================================================================================
----------------- testing Fri Jul 19 06:58:03 UTC 2019 /home/travis/build/icyphy/ptII/ptolemy/domains/modal/test/auto/CausalityInterface9.xml
----------------- Instantiating /home/travis/build/icyphy/ptII/ptolemy/domains/modal/test/auto/CausalityInterface9.xml
4 ms. Memory: 181248K Free: 108258K (60%)
----------------- Invoking toplevel() on ptolemy.moml.MoMLSimpleApplication@33236e9b
----------------- Done invoking toplevel() on ptolemy.moml.MoMLSimpleApplication@33236e9b
reloadAllAccessors: .CausalityInterface9

===========================================================================================
----------------- testing Fri Jul 19 06:58:03 UTC 2019 /home/travis/build/icyphy/ptII/ptolemy/domains/modal/test/auto/ChainedTransitions.xml
----------------- Instantiating /home/travis/build/icyphy/ptII/ptolemy/domains/modal/test/auto/ChainedTransitions.xml
102 ms. Memory: 181248K Free: 83682K (46%)
----------------- Invoking toplevel() on ptolemy.moml.MoMLSimpleApplication@67645d99
----------------- Done invoking toplevel() on ptolemy.moml.MoMLSimpleApplication@67645d99
reloadAllAccessors: .ChainedTransitions

===========================================================================================
----------------- testing Fri Jul 19 06:58:03 UTC 2019 /home/travis/build/icyphy/ptII/ptolemy/domains/modal/test/auto/CycleOfImmediateTransitionsFSM.xml
----------------- Instantiating /home/travis/build/icyphy/ptII/ptolemy/domains/modal/test/auto/CycleOfImmediateTransitionsFSM.xml
4 ms. Memory: 181248K Free: 78048K (43%)
----------------- Invoking toplevel() on ptolemy.moml.MoMLSimpleApplication@6db9612d
----------------- Done invoking toplevel() on ptolemy.moml.MoMLSimpleApplication@6db9612d
reloadAllAccessors: .CycleOfImmediateTransitionsFSM

===========================================================================================
----------------- testing Fri Jul 19 06:58:03 UTC 2019 /home/travis/build/icyphy/ptII/ptolemy/domains/modal/test/auto/CycleOfImmediateTransitionsModal.xml
----------------- Instantiating /home/travis/build/icyphy/ptII/ptolemy/domains/modal/test/auto/CycleOfImmediateTransitionsModal.xml
3 ms. Memory: 181248K Free: 71394K (39%)
----------------- Invoking toplevel() on ptolemy.moml.MoMLSimpleApplication@47896dd0
----------------- Done invoking toplevel() on ptolemy.moml.MoMLSimpleApplication@47896dd0
reloadAllAccessors: .CycleOfImmediateTransitionsModal

===========================================================================================
----------------- testing Fri Jul 19 06:58:03 UTC 2019 /home/travis/build/icyphy/ptII/ptolemy/domains/modal/test/auto/CycleOfImmediateTransitionsModal2.xml
----------------- Instantiating /home/travis/build/icyphy/ptII/ptolemy/domains/modal/test/auto/CycleOfImmediateTransitionsModal2.xml
8 ms. Memory: 181248K Free: 64736K (36%)
----------------- Invoking toplevel() on ptolemy.moml.MoMLSimpleApplication@3bc576e1
----------------- Done invoking toplevel() on ptolemy.moml.MoMLSimpleApplication@3bc576e1
reloadAllAccessors: .CycleOfImmediateTransitionsModal2

===========================================================================================
----------------- testing Fri Jul 19 06:58:03 UTC 2019 /home/travis/build/icyphy/ptII/ptolemy/domains/modal/test/auto/CycleOfImmediateTransitionsModal3.xml
----------------- Instantiating /home/travis/build/icyphy/ptII/ptolemy/domains/modal/test/auto/CycleOfImmediateTransitionsModal3.xml
10 ms. Memory: 231424K Free: 196443K (85%)
----------------- Invoking toplevel() on ptolemy.moml.MoMLSimpleApplication@17c3718e
----------------- Done invoking toplevel() on ptolemy.moml.MoMLSimpleApplication@17c3718e
reloadAllAccessors: .CycleOfImmediateTransitionsModal3

===========================================================================================
----------------- testing Fri Jul 19 06:58:03 UTC 2019 /home/travis/build/icyphy/ptII/ptolemy/domains/modal/test/auto/DeepModal1.xml
----------------- Instantiating /home/travis/build/icyphy/ptII/ptolemy/domains/modal/test/auto/DeepModal1.xml
42 ms. Memory: 231424K Free: 182635K (79%)
----------------- Invoking toplevel() on ptolemy.moml.MoMLSimpleApplication@5b03bd75
----------------- Done invoking toplevel() on ptolemy.moml.MoMLSimpleApplication@5b03bd75
reloadAllAccessors: .DeepModal1

===========================================================================================
----------------- testing Fri Jul 19 06:58:03 UTC 2019 /home/travis/build/icyphy/ptII/ptolemy/domains/modal/test/auto/DeepModal2.xml
----------------- Instantiating /home/travis/build/icyphy/ptII/ptolemy/domains/modal/test/auto/DeepModal2.xml
31 ms. Memory: 231424K Free: 163689K (71%)
----------------- Invoking toplevel() on ptolemy.moml.MoMLSimpleApplication@3c7c41a1
----------------- Done invoking toplevel() on ptolemy.moml.MoMLSimpleApplication@3c7c41a1
reloadAllAccessors: .DeepModal2

===========================================================================================
----------------- testing Fri Jul 19 06:58:03 UTC 2019 /home/travis/build/icyphy/ptII/ptolemy/domains/modal/test/auto/DeepModal3.xml
----------------- Instantiating /home/travis/build/icyphy/ptII/ptolemy/domains/modal/test/auto/DeepModal3.xml
26 ms. Memory: 231424K Free: 144747K (63%)
----------------- Invoking toplevel() on ptolemy.moml.MoMLSimpleApplication@5e2d55f1
----------------- Done invoking toplevel() on ptolemy.moml.MoMLSimpleApplication@5e2d55f1
reloadAllAccessors: .DeepModal3

===========================================================================================
----------------- testing Fri Jul 19 06:58:03 UTC 2019 /home/travis/build/icyphy/ptII/ptolemy/domains/modal/test/auto/DeepModal4.xml
----------------- Instantiating /home/travis/build/icyphy/ptII/ptolemy/domains/modal/test/auto/DeepModal4.xml
34 ms. Memory: 231424K Free: 125291K (54%)
----------------- Invoking toplevel() on ptolemy.moml.MoMLSimpleApplication@5eb48ba5
----------------- Done invoking toplevel() on ptolemy.moml.MoMLSimpleApplication@5eb48ba5
reloadAllAccessors: .DeepModal4

===========================================================================================
----------------- testing Fri Jul 19 06:58:03 UTC 2019 /home/travis/build/icyphy/ptII/ptolemy/domains/modal/test/auto/Default1.xml
----------------- Instantiating /home/travis/build/icyphy/ptII/ptolemy/domains/modal/test/auto/Default1.xml
3 ms. Memory: 231424K Free: 119147K (51%)
----------------- Invoking toplevel() on ptolemy.moml.MoMLSimpleApplication@6b1afaa4
----------------- Done invoking toplevel() on ptolemy.moml.MoMLSimpleApplication@6b1afaa4
reloadAllAccessors: .Default1

===========================================================================================
----------------- testing Fri Jul 19 06:58:03 UTC 2019 /home/travis/build/icyphy/ptII/ptolemy/domains/modal/test/auto/Default2.xml
----------------- Instantiating /home/travis/build/icyphy/ptII/ptolemy/domains/modal/test/auto/Default2.xml
9 ms. Memory: 231424K Free: 113513K (49%)
----------------- Invoking toplevel() on ptolemy.moml.MoMLSimpleApplication@1e38caab
----------------- Done invoking toplevel() on ptolemy.moml.MoMLSimpleApplication@1e38caab
reloadAllAccessors: .Default2

===========================================================================================
----------------- testing Fri Jul 19 06:58:03 UTC 2019 /home/travis/build/icyphy/ptII/ptolemy/domains/modal/test/auto/Default3.xml
----------------- Instantiating /home/travis/build/icyphy/ptII/ptolemy/domains/modal/test/auto/Default3.xml
6 ms. Memory: 231424K Free: 107369K (46%)
----------------- Invoking toplevel() on ptolemy.moml.MoMLSimpleApplication@4573468f
----------------- Done invoking toplevel() on ptolemy.moml.MoMLSimpleApplication@4573468f
reloadAllAccessors: .Default3

===========================================================================================
----------------- testing Fri Jul 19 06:58:03 UTC 2019 /home/travis/build/icyphy/ptII/ptolemy/domains/modal/test/auto/Default4.xml
----------------- Instantiating /home/travis/build/icyphy/ptII/ptolemy/domains/modal/test/auto/Default4.xml
5 ms. Memory: 231424K Free: 100715K (44%)
----------------- Invoking toplevel() on ptolemy.moml.MoMLSimpleApplication@57049b6e
----------------- Done invoking toplevel() on ptolemy.moml.MoMLSimpleApplication@57049b6e
reloadAllAccessors: .Default4

===========================================================================================
----------------- testing Fri Jul 19 06:58:03 UTC 2019 /home/travis/build/icyphy/ptII/ptolemy/domains/modal/test/auto/Default5.xml
----------------- Instantiating /home/travis/build/icyphy/ptII/ptolemy/domains/modal/test/auto/Default5.xml
7 ms. Memory: 231424K Free: 92523K (40%)
----------------- Invoking toplevel() on ptolemy.moml.MoMLSimpleApplication@4e25816
----------------- Done invoking toplevel() on ptolemy.moml.MoMLSimpleApplication@4e25816
reloadAllAccessors: .Default5

===========================================================================================
----------------- testing Fri Jul 19 06:58:03 UTC 2019 /home/travis/build/icyphy/ptII/ptolemy/domains/modal/test/auto/EmptyGuard.xml
----------------- Instantiating /home/travis/build/icyphy/ptII/ptolemy/domains/modal/test/auto/EmptyGuard.xml
13 ms. Memory: 231424K Free: 84835K (37%)
----------------- Invoking toplevel() on ptolemy.moml.MoMLSimpleApplication@40ee8815
----------------- Done invoking toplevel() on ptolemy.moml.MoMLSimpleApplication@40ee8815
reloadAllAccessors: .EmptyGuard

===========================================================================================
----------------- testing Fri Jul 19 06:58:03 UTC 2019 /home/travis/build/icyphy/ptII/ptolemy/domains/modal/test/auto/ErrorTransition1.xml
----------------- Instantiating /home/travis/build/icyphy/ptII/ptolemy/domains/modal/test/auto/ErrorTransition1.xml
5 ms. Memory: 231424K Free: 209224K (90%)
----------------- Invoking toplevel() on ptolemy.moml.MoMLSimpleApplication@4c07cd71
----------------- Done invoking toplevel() on ptolemy.moml.MoMLSimpleApplication@4c07cd71
reloadAllAccessors: .ErrorTransition1

===========================================================================================
----------------- testing Fri Jul 19 06:58:04 UTC 2019 /home/travis/build/icyphy/ptII/ptolemy/domains/modal/test/auto/ErrorTransition10.xml
----------------- Instantiating /home/travis/build/icyphy/ptII/ptolemy/domains/modal/test/auto/ErrorTransition10.xml
16 ms. Memory: 231424K Free: 195370K (84%)
----------------- Invoking toplevel() on ptolemy.moml.MoMLSimpleApplication@5d26dbd
----------------- Done invoking toplevel() on ptolemy.moml.MoMLSimpleApplication@5d26dbd
reloadAllAccessors: .ErrorTransition10

===========================================================================================
----------------- testing Fri Jul 19 06:58:04 UTC 2019 /home/travis/build/icyphy/ptII/ptolemy/domains/modal/test/auto/ErrorTransition11.xml
----------------- Instantiating /home/travis/build/icyphy/ptII/ptolemy/domains/modal/test/auto/ErrorTransition11.xml
4 ms. Memory: 231424K Free: 184136K (80%)
----------------- Invoking toplevel() on ptolemy.moml.MoMLSimpleApplication@352d7a0a
----------------- Done invoking toplevel() on ptolemy.moml.MoMLSimpleApplication@352d7a0a
reloadAllAccessors: .ErrorTransition11

===========================================================================================
----------------- testing Fri Jul 19 06:58:04 UTC 2019 /home/travis/build/icyphy/ptII/ptolemy/domains/modal/test/auto/ErrorTransition2.xml
----------------- Instantiating /home/travis/build/icyphy/ptII/ptolemy/domains/modal/test/auto/ErrorTransition2.xml
6 ms. Memory: 231424K Free: 174920K (76%)
----------------- Invoking toplevel() on ptolemy.moml.MoMLSimpleApplication@1190432a
----------------- Done invoking toplevel() on ptolemy.moml.MoMLSimpleApplication@1190432a
reloadAllAccessors: .ErrorTransition2

===========================================================================================
----------------- testing Fri Jul 19 06:58:04 UTC 2019 /home/travis/build/icyphy/ptII/ptolemy/domains/modal/test/auto/ErrorTransition3.xml
----------------- Instantiating /home/travis/build/icyphy/ptII/ptolemy/domains/modal/test/auto/ErrorTransition3.xml
24 ms. Memory: 231424K Free: 165194K (71%)
----------------- Invoking toplevel() on ptolemy.moml.MoMLSimpleApplication@72a08e97
----------------- Done invoking toplevel() on ptolemy.moml.MoMLSimpleApplication@72a08e97
reloadAllAccessors: .ErrorTransition3

===========================================================================================
----------------- testing Fri Jul 19 06:58:04 UTC 2019 /home/travis/build/icyphy/ptII/ptolemy/domains/modal/test/auto/ErrorTransition4.xml
----------------- Instantiating /home/travis/build/icyphy/ptII/ptolemy/domains/modal/test/auto/ErrorTransition4.xml
16 ms. Memory: 231424K Free: 153930K (67%)
----------------- Invoking toplevel() on ptolemy.moml.MoMLSimpleApplication@59e83ab3
----------------- Done invoking toplevel() on ptolemy.moml.MoMLSimpleApplication@59e83ab3
reloadAllAccessors: .ErrorTransition4

===========================================================================================
----------------- testing Fri Jul 19 06:58:04 UTC 2019 /home/travis/build/icyphy/ptII/ptolemy/domains/modal/test/auto/ErrorTransition5.xml
----------------- Instantiating /home/travis/build/icyphy/ptII/ptolemy/domains/modal/test/auto/ErrorTransition5.xml
5 ms. Memory: 231424K Free: 143690K (62%)
----------------- Invoking toplevel() on ptolemy.moml.MoMLSimpleApplication@527c3b80
----------------- Done invoking toplevel() on ptolemy.moml.MoMLSimpleApplication@527c3b80
reloadAllAccessors: .ErrorTransition5

===========================================================================================
----------------- testing Fri Jul 19 06:58:04 UTC 2019 /home/travis/build/icyphy/ptII/ptolemy/domains/modal/test/auto/ErrorTransition6.xml
----------------- Instantiating /home/travis/build/icyphy/ptII/ptolemy/domains/modal/test/auto/ErrorTransition6.xml
8 ms. Memory: 231424K Free: 132936K (57%)
----------------- Invoking toplevel() on ptolemy.moml.MoMLSimpleApplication@525f759c
----------------- Done invoking toplevel() on ptolemy.moml.MoMLSimpleApplication@525f759c
reloadAllAccessors: .ErrorTransition6

===========================================================================================
----------------- testing Fri Jul 19 06:58:04 UTC 2019 /home/travis/build/icyphy/ptII/ptolemy/domains/modal/test/auto/ErrorTransition7.xml
----------------- Instantiating /home/travis/build/icyphy/ptII/ptolemy/domains/modal/test/auto/ErrorTransition7.xml
16 ms. Memory: 231424K Free: 120138K (52%)
----------------- Invoking toplevel() on ptolemy.moml.MoMLSimpleApplication@5193c390
----------------- Done invoking toplevel() on ptolemy.moml.MoMLSimpleApplication@5193c390
reloadAllAccessors: .ErrorTransition7

===========================================================================================
----------------- testing Fri Jul 19 06:58:04 UTC 2019 /home/travis/build/icyphy/ptII/ptolemy/domains/modal/test/auto/ErrorTransition8.xml
----------------- Instantiating /home/travis/build/icyphy/ptII/ptolemy/domains/modal/test/auto/ErrorTransition8.xml
34 ms. Memory: 231424K Free: 107337K (46%)
----------------- Invoking toplevel() on ptolemy.moml.MoMLSimpleApplication@6ec3359e
----------------- Done invoking toplevel() on ptolemy.moml.MoMLSimpleApplication@6ec3359e
reloadAllAccessors: .ErrorTransition8

===========================================================================================
----------------- testing Fri Jul 19 06:58:04 UTC 2019 /home/travis/build/icyphy/ptII/ptolemy/domains/modal/test/auto/ErrorTransition9.xml
----------------- Instantiating /home/travis/build/icyphy/ptII/ptolemy/domains/modal/test/auto/ErrorTransition9.xml
10 ms. Memory: 231424K Free: 94010K (41%)
----------------- Invoking toplevel() on ptolemy.moml.MoMLSimpleApplication@799d3a6e
----------------- Done invoking toplevel() on ptolemy.moml.MoMLSimpleApplication@799d3a6e
reloadAllAccessors: .ErrorTransition9

===========================================================================================
----------------- testing Fri Jul 19 06:58:04 UTC 2019 /home/travis/build/icyphy/ptII/ptolemy/domains/modal/test/auto/ExtendedFSM.xml
----------------- Instantiating /home/travis/build/icyphy/ptII/ptolemy/domains/modal/test/auto/ExtendedFSM.xml
7 ms. Memory: 231424K Free: 85818K (37%)
----------------- Invoking toplevel() on ptolemy.moml.MoMLSimpleApplication@3c952fe
----------------- Done invoking toplevel() on ptolemy.moml.MoMLSimpleApplication@3c952fe
reloadAllAccessors: .ExtendedFSM

===========================================================================================
----------------- testing Fri Jul 19 06:58:04 UTC 2019 /home/travis/build/icyphy/ptII/ptolemy/domains/modal/test/auto/FinalStates.xml
----------------- Instantiating /home/travis/build/icyphy/ptII/ptolemy/domains/modal/test/auto/FinalStates.xml
5 ms. Memory: 231424K Free: 211281K (91%)
----------------- Invoking toplevel() on ptolemy.moml.MoMLSimpleApplication@43e7d04c
----------------- Done invoking toplevel() on ptolemy.moml.MoMLSimpleApplication@43e7d04c
reloadAllAccessors: .FinalStates

===========================================================================================
----------------- testing Fri Jul 19 06:58:04 UTC 2019 /home/travis/build/icyphy/ptII/ptolemy/domains/modal/test/auto/FixedPointFSM.xml
----------------- Instantiating /home/travis/build/icyphy/ptII/ptolemy/domains/modal/test/auto/FixedPointFSM.xml
23 ms. Memory: 231424K Free: 196425K (85%)
----------------- Invoking toplevel() on ptolemy.moml.MoMLSimpleApplication@41d529be
----------------- Done invoking toplevel() on ptolemy.moml.MoMLSimpleApplication@41d529be
reloadAllAccessors: .FixedPointFSM

===========================================================================================
----------------- testing Fri Jul 19 06:58:04 UTC 2019 /home/travis/build/icyphy/ptII/ptolemy/domains/modal/test/auto/FixedPointIterationFSMActor.xml
----------------- Instantiating /home/travis/build/icyphy/ptII/ptolemy/domains/modal/test/auto/FixedPointIterationFSMActor.xml
7 ms. Memory: 231424K Free: 185681K (80%)
----------------- Invoking toplevel() on ptolemy.moml.MoMLSimpleApplication@7f1b8c43
----------------- Done invoking toplevel() on ptolemy.moml.MoMLSimpleApplication@7f1b8c43
reloadAllAccessors: .FixedPointIterationFSMActor

===========================================================================================
----------------- testing Fri Jul 19 06:58:04 UTC 2019 /home/travis/build/icyphy/ptII/ptolemy/domains/modal/test/auto/FixedPointIterationFSMActor2.xml
----------------- Instantiating /home/travis/build/icyphy/ptII/ptolemy/domains/modal/test/auto/FixedPointIterationFSMActor2.xml
10 ms. Memory: 231424K Free: 173393K (75%)
----------------- Invoking toplevel() on ptolemy.moml.MoMLSimpleApplication@1522b562
----------------- Done invoking toplevel() on ptolemy.moml.MoMLSimpleApplication@1522b562
reloadAllAccessors: .FixedPointIterationFSMActor2

===========================================================================================
----------------- testing Fri Jul 19 06:58:04 UTC 2019 /home/travis/build/icyphy/ptII/ptolemy/domains/modal/test/auto/ForbiddenInstantanousLoop.xml
----------------- Instantiating /home/travis/build/icyphy/ptII/ptolemy/domains/modal/test/auto/ForbiddenInstantanousLoop.xml
5 ms. Memory: 231424K Free: 161105K (70%)
----------------- Invoking toplevel() on ptolemy.moml.MoMLSimpleApplication@21c665c7
----------------- Done invoking toplevel() on ptolemy.moml.MoMLSimpleApplication@21c665c7
reloadAllAccessors: .ForbiddenInstantanousLoop

===========================================================================================
----------------- testing Fri Jul 19 06:58:04 UTC 2019 /home/travis/build/icyphy/ptII/ptolemy/domains/modal/test/auto/FunctionDependencyOfFSMActorTest.xml
----------------- Instantiating /home/travis/build/icyphy/ptII/ptolemy/domains/modal/test/auto/FunctionDependencyOfFSMActorTest.xml
14 ms. Memory: 231424K Free: 153937K (67%)
----------------- Invoking toplevel() on ptolemy.moml.MoMLSimpleApplication@7f775618
----------------- Done invoking toplevel() on ptolemy.moml.MoMLSimpleApplication@7f775618
reloadAllAccessors: .FunctionDependencyOfFSMActorTest

===========================================================================================
----------------- testing Fri Jul 19 06:58:04 UTC 2019 /home/travis/build/icyphy/ptII/ptolemy/domains/modal/test/auto/GuardExpression.xml
----------------- Instantiating /home/travis/build/icyphy/ptII/ptolemy/domains/modal/test/auto/GuardExpression.xml
2 ms. Memory: 231424K Free: 148817K (64%)
----------------- Invoking toplevel() on ptolemy.moml.MoMLSimpleApplication@1e0f9c24
----------------- Done invoking toplevel() on ptolemy.moml.MoMLSimpleApplication@1e0f9c24
reloadAllAccessors: .GuardExpression

===========================================================================================
----------------- testing Fri Jul 19 06:58:04 UTC 2019 /home/travis/build/icyphy/ptII/ptolemy/domains/modal/test/auto/GuardNotEvaluated.xml
----------------- Instantiating /home/travis/build/icyphy/ptII/ptolemy/domains/modal/test/auto/GuardNotEvaluated.xml
7 ms. Memory: 231424K Free: 140097K (61%)
----------------- Invoking toplevel() on ptolemy.moml.MoMLSimpleApplication@6c90895b
----------------- Done invoking toplevel() on ptolemy.moml.MoMLSimpleApplication@6c90895b
reloadAllAccessors: .GuardNotEvaluated

===========================================================================================
----------------- testing Fri Jul 19 06:58:04 UTC 2019 /home/travis/build/icyphy/ptII/ptolemy/domains/modal/test/auto/GuardNotEvaluated2.xml
----------------- Instantiating /home/travis/build/icyphy/ptII/ptolemy/domains/modal/test/auto/GuardNotEvaluated2.xml
11 ms. Memory: 231424K Free: 130385K (56%)
----------------- Invoking toplevel() on ptolemy.moml.MoMLSimpleApplication@73795f80
----------------- Done invoking toplevel() on ptolemy.moml.MoMLSimpleApplication@73795f80
reloadAllAccessors: .GuardNotEvaluated2

===========================================================================================
----------------- testing Fri Jul 19 06:58:04 UTC 2019 /home/travis/build/icyphy/ptII/ptolemy/domains/modal/test/auto/GuardOnAbsent.xml
----------------- Instantiating /home/travis/build/icyphy/ptII/ptolemy/domains/modal/test/auto/GuardOnAbsent.xml
11 ms. Memory: 231424K Free: 122673K (53%)
----------------- Invoking toplevel() on ptolemy.moml.MoMLSimpleApplication@6cb4a8b1
----------------- Done invoking toplevel() on ptolemy.moml.MoMLSimpleApplication@6cb4a8b1
reloadAllAccessors: .GuardOnAbsent

===========================================================================================
----------------- testing Fri Jul 19 06:58:04 UTC 2019 /home/travis/build/icyphy/ptII/ptolemy/domains/modal/test/auto/HierarchicalFSMTypeInference.xml
----------------- Instantiating /home/travis/build/icyphy/ptII/ptolemy/domains/modal/test/auto/HierarchicalFSMTypeInference.xml
6 ms. Memory: 231424K Free: 112463K (49%)
----------------- Invoking toplevel() on ptolemy.moml.MoMLSimpleApplication@6b63bd08
----------------- Done invoking toplevel() on ptolemy.moml.MoMLSimpleApplication@6b63bd08
reloadAllAccessors: .HierarchicalFSMTypeInference

===========================================================================================
----------------- testing Fri Jul 19 06:58:04 UTC 2019 /home/travis/build/icyphy/ptII/ptolemy/domains/modal/test/auto/Hysteresis.xml
----------------- Instantiating /home/travis/build/icyphy/ptII/ptolemy/domains/modal/test/auto/Hysteresis.xml
18 ms. Memory: 231424K Free: 99137K (43%)
----------------- Invoking toplevel() on ptolemy.moml.MoMLSimpleApplication@23a9399
----------------- Done invoking toplevel() on ptolemy.moml.MoMLSimpleApplication@23a9399
reloadAllAccessors: .Hysteresis

===========================================================================================
----------------- testing Fri Jul 19 06:58:04 UTC 2019 /home/travis/build/icyphy/ptII/ptolemy/domains/modal/test/auto/HysteresisWithDefault.xml
----------------- Instantiating /home/travis/build/icyphy/ptII/ptolemy/domains/modal/test/auto/HysteresisWithDefault.xml
47 ms. Memory: 231424K Free: 208776K (90%)
----------------- Invoking toplevel() on ptolemy.moml.MoMLSimpleApplication@4fa2ecf5
----------------- Done invoking toplevel() on ptolemy.moml.MoMLSimpleApplication@4fa2ecf5
reloadAllAccessors: .HysteresisWithDefault

===========================================================================================
----------------- testing Fri Jul 19 06:58:04 UTC 2019 /home/travis/build/icyphy/ptII/ptolemy/domains/modal/test/auto/HysteresisWithDefault2.xml
----------------- Instantiating /home/travis/build/icyphy/ptII/ptolemy/domains/modal/test/auto/HysteresisWithDefault2.xml
44 ms. Memory: 231424K Free: 179078K (77%)
----------------- Invoking toplevel() on ptolemy.moml.MoMLSimpleApplication@78a70dff
----------------- Done invoking toplevel() on ptolemy.moml.MoMLSimpleApplication@78a70dff
reloadAllAccessors: .HysteresisWithDefault2

===========================================================================================
----------------- testing Fri Jul 19 06:58:05 UTC 2019 /home/travis/build/icyphy/ptII/ptolemy/domains/modal/test/auto/ImmediateNonConstructiveness.xml
----------------- Instantiating /home/travis/build/icyphy/ptII/ptolemy/domains/modal/test/auto/ImmediateNonConstructiveness.xml
3 ms. Memory: 231424K Free: 171912K (74%)
----------------- Invoking toplevel() on ptolemy.moml.MoMLSimpleApplication@1b87e7fd
----------------- Done invoking toplevel() on ptolemy.moml.MoMLSimpleApplication@1b87e7fd
reloadAllAccessors: .ImmediateNonConstructiveness

===========================================================================================
----------------- testing Fri Jul 19 06:58:05 UTC 2019 /home/travis/build/icyphy/ptII/ptolemy/domains/modal/test/auto/ImmediateNonConstructiveness2.xml
----------------- Instantiating /home/travis/build/icyphy/ptII/ptolemy/domains/modal/test/auto/ImmediateNonConstructiveness2.xml
3 ms. Memory: 231424K Free: 165768K (72%)
----------------- Invoking toplevel() on ptolemy.moml.MoMLSimpleApplication@489f6316
----------------- Done invoking toplevel() on ptolemy.moml.MoMLSimpleApplication@489f6316
reloadAllAccessors: .ImmediateNonConstructiveness2

===========================================================================================
----------------- testing Fri Jul 19 06:58:05 UTC 2019 /home/travis/build/icyphy/ptII/ptolemy/domains/modal/test/auto/ImmediateTransitionReset.xml
----------------- Instantiating /home/travis/build/icyphy/ptII/ptolemy/domains/modal/test/auto/ImmediateTransitionReset.xml
12 ms. Memory: 231424K Free: 153990K (67%)
----------------- Invoking toplevel() on ptolemy.moml.MoMLSimpleApplication@269969c3
----------------- Done invoking toplevel() on ptolemy.moml.MoMLSimpleApplication@269969c3
reloadAllAccessors: .ImmediateTransitionReset

===========================================================================================
----------------- testing Fri Jul 19 06:58:05 UTC 2019 /home/travis/build/icyphy/ptII/ptolemy/domains/modal/test/auto/ImmediateTransitions1.xml
----------------- Instantiating /home/travis/build/icyphy/ptII/ptolemy/domains/modal/test/auto/ImmediateTransitions1.xml
2 ms. Memory: 231424K Free: 148870K (64%)
----------------- Invoking toplevel() on ptolemy.moml.MoMLSimpleApplication@27b30eab
----------------- Done invoking toplevel() on ptolemy.moml.MoMLSimpleApplication@27b30eab
reloadAllAccessors: .ImmediateTransitions1

===========================================================================================
----------------- testing Fri Jul 19 06:58:05 UTC 2019 /home/travis/build/icyphy/ptII/ptolemy/domains/modal/test/auto/ImmediateTransitionsInstantaneousCommunication.xml
----------------- Instantiating /home/travis/build/icyphy/ptII/ptolemy/domains/modal/test/auto/ImmediateTransitionsInstantaneousCommunication.xml
4 ms. Memory: 231424K Free: 136582K (59%)
----------------- Invoking toplevel() on ptolemy.moml.MoMLSimpleApplication@623e348
----------------- Done invoking toplevel() on ptolemy.moml.MoMLSimpleApplication@623e348
reloadAllAccessors: .ImmediateTransitionsInstantaneousCommunication

===========================================================================================
----------------- testing Fri Jul 19 06:58:05 UTC 2019 /home/travis/build/icyphy/ptII/ptolemy/domains/modal/test/auto/InitialImmediateTransition.xml
----------------- Instantiating /home/travis/build/icyphy/ptII/ptolemy/domains/modal/test/auto/InitialImmediateTransition.xml
4 ms. Memory: 231424K Free: 129408K (56%)
----------------- Invoking toplevel() on ptolemy.moml.MoMLSimpleApplication@7d494416
----------------- Done invoking toplevel() on ptolemy.moml.MoMLSimpleApplication@7d494416
reloadAllAccessors: .InitialImmediateTransition

===========================================================================================
----------------- testing Fri Jul 19 06:58:05 UTC 2019 /home/travis/build/icyphy/ptII/ptolemy/domains/modal/test/auto/InitialOutputs.xml
----------------- Instantiating /home/travis/build/icyphy/ptII/ptolemy/domains/modal/test/auto/InitialOutputs.xml
4 ms. Memory: 231424K Free: 123270K (53%)
----------------- Invoking toplevel() on ptolemy.moml.MoMLSimpleApplication@764e7850
----------------- Done invoking toplevel() on ptolemy.moml.MoMLSimpleApplication@764e7850
reloadAllAccessors: .InitialOutputs

===========================================================================================
----------------- testing Fri Jul 19 06:58:05 UTC 2019 /home/travis/build/icyphy/ptII/ptolemy/domains/modal/test/auto/InitialStateTransition1.xml
----------------- Instantiating /home/travis/build/icyphy/ptII/ptolemy/domains/modal/test/auto/InitialStateTransition1.xml
2 ms. Memory: 231424K Free: 116102K (50%)
----------------- Invoking toplevel() on ptolemy.moml.MoMLSimpleApplication@3dd2ff70
----------------- Done invoking toplevel() on ptolemy.moml.MoMLSimpleApplication@3dd2ff70
reloadAllAccessors: .InitialStateTransition1

===========================================================================================
----------------- testing Fri Jul 19 06:58:05 UTC 2019 /home/travis/build/icyphy/ptII/ptolemy/domains/modal/test/auto/InitialStateTransition2.xml
----------------- Instantiating /home/travis/build/icyphy/ptII/ptolemy/domains/modal/test/auto/InitialStateTransition2.xml
.InitialStateTransition2.TestExceptionAttributeNonConstructive: initialize() was not invoked, but wrapup() was.  This is unusual, but not always a problem.  For example, exporting JNLP will do this.
2 ms. Memory: 231424K Free: 108934K (47%)
----------------- Invoking toplevel() on ptolemy.moml.MoMLSimpleApplication@5d9ae67b
----------------- Done invoking toplevel() on ptolemy.moml.MoMLSimpleApplication@5d9ae67b
reloadAllAccessors: .InitialStateTransition2

===========================================================================================
----------------- testing Fri Jul 19 06:58:05 UTC 2019 /home/travis/build/icyphy/ptII/ptolemy/domains/modal/test/auto/InitialStateTransition3.xml
----------------- Instantiating /home/travis/build/icyphy/ptII/ptolemy/domains/modal/test/auto/InitialStateTransition3.xml
4 ms. Memory: 231424K Free: 100742K (44%)
----------------- Invoking toplevel() on ptolemy.moml.MoMLSimpleApplication@2b728ec2
----------------- Done invoking toplevel() on ptolemy.moml.MoMLSimpleApplication@2b728ec2
reloadAllAccessors: .InitialStateTransition3

===========================================================================================
----------------- testing Fri Jul 19 06:58:05 UTC 2019 /home/travis/build/icyphy/ptII/ptolemy/domains/modal/test/auto/InitialStateTransition4.xml
----------------- Instantiating /home/travis/build/icyphy/ptII/ptolemy/domains/modal/test/auto/InitialStateTransition4.xml
4 ms. Memory: 231424K Free: 91016K (39%)
----------------- Invoking toplevel() on ptolemy.moml.MoMLSimpleApplication@1b7a879e
----------------- Done invoking toplevel() on ptolemy.moml.MoMLSimpleApplication@1b7a879e
[...]
reloadAllAccessors: .TerminationTransition3

===========================================================================================
----------------- testing Fri Jul 19 06:58:07 UTC 2019 /home/travis/build/icyphy/ptII/ptolemy/domains/modal/test/auto/TerminationTransition4.xml
----------------- Instantiating /home/travis/build/icyphy/ptII/ptolemy/domains/modal/test/auto/TerminationTransition4.xml
6 ms. Memory: 278528K Free: 171060K (61%)
----------------- Invoking toplevel() on ptolemy.moml.MoMLSimpleApplication@6fce07e7
----------------- Done invoking toplevel() on ptolemy.moml.MoMLSimpleApplication@6fce07e7
reloadAllAccessors: .TerminationTransition4

===========================================================================================
----------------- testing Fri Jul 19 06:58:07 UTC 2019 /home/travis/build/icyphy/ptII/ptolemy/domains/modal/test/auto/TerminationTransition5.xml
----------------- Instantiating /home/travis/build/icyphy/ptII/ptolemy/domains/modal/test/auto/TerminationTransition5.xml
3 ms. Memory: 278528K Free: 157238K (56%)
----------------- Invoking toplevel() on ptolemy.moml.MoMLSimpleApplication@6e06cb6f
----------------- Done invoking toplevel() on ptolemy.moml.MoMLSimpleApplication@6e06cb6f
reloadAllAccessors: .TerminationTransition5

===========================================================================================
----------------- testing Fri Jul 19 06:58:07 UTC 2019 /home/travis/build/icyphy/ptII/ptolemy/domains/modal/test/auto/TerminationTransition6.xml
----------------- Instantiating /home/travis/build/icyphy/ptII/ptolemy/domains/modal/test/auto/TerminationTransition6.xml
1 ms. Memory: 278528K Free: 148532K (53%)
----------------- Invoking toplevel() on ptolemy.moml.MoMLSimpleApplication@76397488
----------------- Done invoking toplevel() on ptolemy.moml.MoMLSimpleApplication@76397488
reloadAllAccessors: .TerminationTransition6

===========================================================================================
----------------- testing Fri Jul 19 06:58:07 UTC 2019 /home/travis/build/icyphy/ptII/ptolemy/domains/modal/test/auto/TerminationTransition7.xml
----------------- Instantiating /home/travis/build/icyphy/ptII/ptolemy/domains/modal/test/auto/TerminationTransition7.xml
2 ms. Memory: 278528K Free: 139316K (50%)
----------------- Invoking toplevel() on ptolemy.moml.MoMLSimpleApplication@7ef00ecd
----------------- Done invoking toplevel() on ptolemy.moml.MoMLSimpleApplication@7ef00ecd
reloadAllAccessors: .TerminationTransition7

===========================================================================================
----------------- testing Fri Jul 19 06:58:07 UTC 2019 /home/travis/build/icyphy/ptII/ptolemy/domains/modal/test/auto/TerminationTransition8.xml
----------------- Instantiating /home/travis/build/icyphy/ptII/ptolemy/domains/modal/test/auto/TerminationTransition8.xml
2 ms. Memory: 278528K Free: 130100K (47%)
----------------- Invoking toplevel() on ptolemy.moml.MoMLSimpleApplication@7bffefbd
----------------- Done invoking toplevel() on ptolemy.moml.MoMLSimpleApplication@7bffefbd
reloadAllAccessors: .TerminationTransition8

===========================================================================================
----------------- testing Fri Jul 19 06:58:07 UTC 2019 /home/travis/build/icyphy/ptII/ptolemy/domains/modal/test/auto/Thermostat_NoHysteresis.xml
----------------- Instantiating /home/travis/build/icyphy/ptII/ptolemy/domains/modal/test/auto/Thermostat_NoHysteresis.xml
23 ms. Memory: 278528K Free: 105518K (38%)
----------------- Invoking toplevel() on ptolemy.moml.MoMLSimpleApplication@19bdc74
----------------- Done invoking toplevel() on ptolemy.moml.MoMLSimpleApplication@19bdc74
reloadAllAccessors: .Thermostat_NoHysteresis

===========================================================================================
----------------- testing Fri Jul 19 06:58:07 UTC 2019 /home/travis/build/icyphy/ptII/ptolemy/domains/modal/test/auto/TimedFSM.xml
----------------- Instantiating /home/travis/build/icyphy/ptII/ptolemy/domains/modal/test/auto/TimedFSM.xml
21 ms. Memory: 334848K Free: 313038K (93%)
----------------- Invoking toplevel() on ptolemy.moml.MoMLSimpleApplication@55d1de55
----------------- Done invoking toplevel() on ptolemy.moml.MoMLSimpleApplication@55d1de55
reloadAllAccessors: .TimedFSM

===========================================================================================
----------------- testing Fri Jul 19 06:58:07 UTC 2019 /home/travis/build/icyphy/ptII/ptolemy/domains/modal/test/auto/Timeout1.xml
----------------- Instantiating /home/travis/build/icyphy/ptII/ptolemy/domains/modal/test/auto/Timeout1.xml
4 ms. Memory: 334848K Free: 306894K (92%)
----------------- Invoking toplevel() on ptolemy.moml.MoMLSimpleApplication@29303832
----------------- Done invoking toplevel() on ptolemy.moml.MoMLSimpleApplication@29303832
reloadAllAccessors: .Timeout1

===========================================================================================
----------------- testing Fri Jul 19 06:58:07 UTC 2019 /home/travis/build/icyphy/ptII/ptolemy/domains/modal/test/auto/Timeout2.xml
----------------- Instantiating /home/travis/build/icyphy/ptII/ptolemy/domains/modal/test/auto/Timeout2.xml
10 ms. Memory: 334848K Free: 298174K (89%)
----------------- Invoking toplevel() on ptolemy.moml.MoMLSimpleApplication@18cb78be
----------------- Done invoking toplevel() on ptolemy.moml.MoMLSimpleApplication@18cb78be
reloadAllAccessors: .Timeout2

===========================================================================================
----------------- testing Fri Jul 19 06:58:07 UTC 2019 /home/travis/build/icyphy/ptII/ptolemy/domains/modal/test/auto/Timeout3.xml
----------------- Instantiating /home/travis/build/icyphy/ptII/ptolemy/domains/modal/test/auto/Timeout3.xml
3 ms. Memory: 334848K Free: 293054K (88%)
----------------- Invoking toplevel() on ptolemy.moml.MoMLSimpleApplication@7992a79a
----------------- Done invoking toplevel() on ptolemy.moml.MoMLSimpleApplication@7992a79a
reloadAllAccessors: .Timeout3

===========================================================================================
----------------- testing Fri Jul 19 06:58:07 UTC 2019 /home/travis/build/icyphy/ptII/ptolemy/domains/modal/test/auto/Timeout4.xml
----------------- Instantiating /home/travis/build/icyphy/ptII/ptolemy/domains/modal/test/auto/Timeout4.xml
3 ms. Memory: 334848K Free: 287934K (86%)
----------------- Invoking toplevel() on ptolemy.moml.MoMLSimpleApplication@31d8d480
----------------- Done invoking toplevel() on ptolemy.moml.MoMLSimpleApplication@31d8d480
reloadAllAccessors: .Timeout4

===========================================================================================
----------------- testing Fri Jul 19 06:58:07 UTC 2019 /home/travis/build/icyphy/ptII/ptolemy/domains/modal/test/auto/TransientstateModelAdvanced.xml
----------------- Instantiating /home/travis/build/icyphy/ptII/ptolemy/domains/modal/test/auto/TransientstateModelAdvanced.xml
3 ms. Memory: 334848K Free: 275654K (82%)
----------------- Invoking toplevel() on ptolemy.moml.MoMLSimpleApplication@40254b30
----------------- Done invoking toplevel() on ptolemy.moml.MoMLSimpleApplication@40254b30
reloadAllAccessors: .TransientstateModelAdvanced

===========================================================================================
----------------- testing Fri Jul 19 06:58:07 UTC 2019 /home/travis/build/icyphy/ptII/ptolemy/domains/modal/test/auto/TransientstateModelAdvanced2.xml
----------------- Instantiating /home/travis/build/icyphy/ptII/ptolemy/domains/modal/test/auto/TransientstateModelAdvanced2.xml
3 ms. Memory: 334848K Free: 261310K (78%)
----------------- Invoking toplevel() on ptolemy.moml.MoMLSimpleApplication@7f5f5c8e
----------------- Done invoking toplevel() on ptolemy.moml.MoMLSimpleApplication@7f5f5c8e
reloadAllAccessors: .transientstatemodelAdvanced

===========================================================================================
----------------- testing Fri Jul 19 06:58:07 UTC 2019 /home/travis/build/icyphy/ptII/ptolemy/domains/modal/test/auto/TransitionRefinements.xml
----------------- Instantiating /home/travis/build/icyphy/ptII/ptolemy/domains/modal/test/auto/TransitionRefinements.xml
7 ms. Memory: 334848K Free: 251598K (75%)
----------------- Invoking toplevel() on ptolemy.moml.MoMLSimpleApplication@4ffe5ab
----------------- Done invoking toplevel() on ptolemy.moml.MoMLSimpleApplication@4ffe5ab
reloadAllAccessors: .TransitionRefinements

===========================================================================================
----------------- testing Fri Jul 19 06:58:07 UTC 2019 /home/travis/build/icyphy/ptII/ptolemy/domains/modal/test/auto/TwoRefinements1.xml
----------------- Instantiating /home/travis/build/icyphy/ptII/ptolemy/domains/modal/test/auto/TwoRefinements1.xml
3 ms. Memory: 334848K Free: 241868K (72%)
----------------- Invoking toplevel() on ptolemy.moml.MoMLSimpleApplication@4b157328
----------------- Done invoking toplevel() on ptolemy.moml.MoMLSimpleApplication@4b157328
reloadAllAccessors: .TwoRefinements1

===========================================================================================
----------------- testing Fri Jul 19 06:58:07 UTC 2019 /home/travis/build/icyphy/ptII/ptolemy/domains/modal/test/auto/TwoRefinements2.xml
----------------- Instantiating /home/travis/build/icyphy/ptII/ptolemy/domains/modal/test/auto/TwoRefinements2.xml
2 ms. Memory: 334848K Free: 232142K (69%)
----------------- Invoking toplevel() on ptolemy.moml.MoMLSimpleApplication@60407157
----------------- Done invoking toplevel() on ptolemy.moml.MoMLSimpleApplication@60407157
reloadAllAccessors: .TwoRefinements2

===========================================================================================
----------------- testing Fri Jul 19 06:58:07 UTC 2019 /home/travis/build/icyphy/ptII/ptolemy/domains/modal/test/auto/WeakImmediateTransition.xml
----------------- Instantiating /home/travis/build/icyphy/ptII/ptolemy/domains/modal/test/auto/WeakImmediateTransition.xml
3 ms. Memory: 334848K Free: 223436K (67%)
----------------- Invoking toplevel() on ptolemy.moml.MoMLSimpleApplication@726033ce
----------------- Done invoking toplevel() on ptolemy.moml.MoMLSimpleApplication@726033ce
reloadAllAccessors: .WeakImmediateTransition

===========================================================================================
----------------- testing Fri Jul 19 06:58:07 UTC 2019 /home/travis/build/icyphy/ptII/ptolemy/domains/modal/test/auto/booleanSelect.xml
----------------- Instantiating /home/travis/build/icyphy/ptII/ptolemy/domains/modal/test/auto/booleanSelect.xml
62 ms. Memory: 334848K Free: 205518K (61%)
----------------- Invoking toplevel() on ptolemy.moml.MoMLSimpleApplication@c267fe8
----------------- Done invoking toplevel() on ptolemy.moml.MoMLSimpleApplication@c267fe8
reloadAllAccessors: .booleanSelect

===========================================================================================
----------------- testing Fri Jul 19 06:58:07 UTC 2019 /home/travis/build/icyphy/ptII/ptolemy/domains/modal/test/auto/modalChangingParams.xml
----------------- Instantiating /home/travis/build/icyphy/ptII/ptolemy/domains/modal/test/auto/modalChangingParams.xml
0
1
0
2
4
6
8
7
0
2
4
6
8
13
0
2
4
6
8
19
0
2
4
6
8
25
0
2
4
6
8
31
0
2
4
6
8
37
0
2
4
6
8
43
0
2
4
6
8
49
0
2
4
6
8
55
0
2
4
6
8
61
0
2
4
6
8
67
0
2
4
6
8
73
0
2
4
6
8
79
0
2
4
6
8
85
0
2
4
6
8
91
0
2
4
6
8
97
0
2
4
6
8
103
0
2
4
6
8
109
0
2
4
6
8
115
0
2
4
6
8
121
0
2
4
6
8
127
0
2
4
6
8
133
0
2
4
6
8
139
0
2
4
6
8
145
0
2
4
6
8
151
0
2
4
6
8
157
0
2
4
6
8
163
0
2
4
6
8
169
0
2
4
6
8
175
0
2
4
6
8
181
0
2
4
6
8
187
0
2
4
6
8
193
0
2
4
6
8
199
0
2
4
6
8
205
0
2
4
6
8
211
0
2
4
6
8
217
0
2
4
6
8
223
0
2
4
6
8
229
0
2
4
6
8
235
0
2
4
6
8
241
0
2
4
6
8
247
0
2
4
6
8
253
0
2
4
6
8
259
0
2
4
6
8
265
0
2
4
6
8
271
0
2
4
6
8
277
0
2
4
6
8
283
0
2
4
6
8
289
0
2
4
6
8
295
0
2
4
6
8
301
0
2
4
6
8
307
0
2
4
6
8
313
0
2
4
6
8
319
0
2
4
6
8
325
0
2
4
6
8
331
0
2
4
6
8
337
0
2
4
6
8
343
0
2
4
6
8
349
0
2
4
6
8
355
0
2
4
6
8
361
0
2
4
6
8
367
0
2
4
6
8
373
0
2
4
6
8
379
0
2
4
6
8
385
0
2
4
6
8
391
0
2
4
6
8
397
0
2
4
6
8
403
0
2
4
6
8
409
0
2
4
6
8
415
0
2
4
6
8
421
0
2
4
6
8
427
0
2
4
6
8
433
0
2
4
6
8
439
0
2
4
6
8
445
0
2
4
6
8
451
0
2
4
6
8
457
0
2
4
6
8
463
0
2
4
6
8
469
0
2
4
6
8
475
0
2
4
6
8
481
0
2
4
6
8
487
0
2
4
6
8
493
0
2
4
6
8
499
0
2
4
6
8
505
0
2
4
6
8
511
0
2
4
6
8
517
0
2
4
6
8
523
0
2
4
6
8
529
0
2
4
6
8
535
0
2
4
6
8
541
0
2
4
6
8
547
0
2
4
6
8
553
0
2
4
6
8
559
0
2
4
6
8
565
0
2
4
6
8
571
0
2
4
6
8
577
0
2
4
6
8
583
0
2
4
6
8
589
0
2
4
6
8
595
0
2
4
6
8
601
0
2
4
6
8
607
0
2
4
6
8
613
0
2
4
6
8
619
0
2
4
6
8
625
0
2
4
6
8
631
0
2
4
6
8
637
0
2
4
6
8
643
0
2
4
6
8
649
0
2
4
6
8
655
0
2
4
6
8
661
0
2
4
6
8
667
0
2
4
6
8
673
0
2
4
6
8
679
0
2
4
6
8
685
0
2
4
6
8
691
0
2
4
6
8
697
0
2
4
6
8
703
0
2
4
6
8
709
0
2
4
6
8
715
0
2
4
6
8
721
0
2
4
6
8
727
0
2
4
6
8
733
0
2
4
6
8
739
0
2
4
6
8
745
0
2
4
6
8
751
0
2
4
6
8
757
0
2
4
6
8
763
0
2
4
6
8
769
0
2
4
6
8
775
0
2
4
6
8
781
0
2
4
6
8
787
0
2
4
6
8
793
0
2
4
6
8
799
0
2
4
6
8
805
0
2
4
6
8
811
0
2
4
6
8
817
0
2
4
6
8
823
0
2
4
6
8
829
0
2
4
6
8
835
0
2
4
6
8
841
0
2
4
6
8
847
0
2
4
6
8
853
0
2
4
6
8
859
0
2
4
6
8
865
0
2
4
6
8
871
0
2
4
6
8
877
0
2
4
6
8
883
0
2
4
6
8
889
0
2
4
6
8
895
0
2
4
6
8
901
0
2
4
6
8
907
0
2
4
6
8
913
0
2
4
6
8
919
0
2
4
6
8
925
0
2
4
6
8
931
0
2
4
6
8
937
0
2
4
6
8
943
0
2
4
6
8
949
0
2
4
6
8
955
0
2
4
6
8
961
0
2
4
6
8
967
0
2
4
6
8
973
0
2
4
6
8
979
0
2
4
6
8
985
0
2
4
6
8
991
0
2
4
6
8
997
0
2
267 ms. Memory: 334848K Free: 288122K (86%)
----------------- Invoking toplevel() on ptolemy.moml.MoMLSimpleApplication@12481c4b
----------------- Done invoking toplevel() on ptolemy.moml.MoMLSimpleApplication@12481c4b
reloadAllAccessors: .modalChangingParams

===========================================================================================
----------------- testing Fri Jul 19 06:58:08 UTC 2019 /home/travis/build/icyphy/ptII/ptolemy/domains/modal/test/auto/modalModel.xml
----------------- Instantiating /home/travis/build/icyphy/ptII/ptolemy/domains/modal/test/auto/modalModel.xml
5 ms. Memory: 334848K Free: 279386K (83%)
----------------- Invoking toplevel() on ptolemy.moml.MoMLSimpleApplication@6226cf58
----------------- Done invoking toplevel() on ptolemy.moml.MoMLSimpleApplication@6226cf58
reloadAllAccessors: .modalModel

===========================================================================================
----------------- testing Fri Jul 19 06:58:08 UTC 2019 /home/travis/build/icyphy/ptII/ptolemy/domains/modal/test/auto/modalModel2.xml
----------------- Instantiating /home/travis/build/icyphy/ptII/ptolemy/domains/modal/test/auto/modalModel2.xml
7 ms. Memory: 334848K Free: 268666K (80%)
----------------- Invoking toplevel() on ptolemy.moml.MoMLSimpleApplication@743054ba
----------------- Done invoking toplevel() on ptolemy.moml.MoMLSimpleApplication@743054ba
reloadAllAccessors: .modalModel2

===========================================================================================
----------------- testing Fri Jul 19 06:58:08 UTC 2019 /home/travis/build/icyphy/ptII/ptolemy/domains/modal/test/auto/modalModel3.xml
----------------- Instantiating /home/travis/build/icyphy/ptII/ptolemy/domains/modal/test/auto/modalModel3.xml
0	0	0
3	2	1
6	4	2
9	6	3
4	0	4
7	2	5
10	4	6
13	6	7
8	0	8
11	2	9
14	4	10
17	6	11
12	0	12
15	2	13
18	4	14
17 ms. Memory: 334848K Free: 254330K (76%)
----------------- Invoking toplevel() on ptolemy.moml.MoMLSimpleApplication@3a21688d
----------------- Done invoking toplevel() on ptolemy.moml.MoMLSimpleApplication@3a21688d
reloadAllAccessors: .modalModel3

===========================================================================================
----------------- testing Fri Jul 19 06:58:08 UTC 2019 /home/travis/build/icyphy/ptII/ptolemy/domains/modal/test/auto/model1.xml
----------------- Instantiating /home/travis/build/icyphy/ptII/ptolemy/domains/modal/test/auto/model1.xml
12 ms. Memory: 334848K Free: 248690K (74%)
----------------- Invoking toplevel() on ptolemy.moml.MoMLSimpleApplication@11830530
----------------- Done invoking toplevel() on ptolemy.moml.MoMLSimpleApplication@11830530
reloadAllAccessors: .model1

===========================================================================================
----------------- testing Fri Jul 19 06:58:08 UTC 2019 /home/travis/build/icyphy/ptII/ptolemy/domains/modal/test/auto/test-direct-in-out.xml
----------------- Instantiating /home/travis/build/icyphy/ptII/ptolemy/domains/modal/test/auto/test-direct-in-out.xml
5 ms. Memory: 334848K Free: 241018K (72%)
----------------- Invoking toplevel() on ptolemy.moml.MoMLSimpleApplication@61c13d5c
----------------- Done invoking toplevel() on ptolemy.moml.MoMLSimpleApplication@61c13d5c
reloadAllAccessors: .test-direct-in-out
AutoTests.java: About to close Vertx.
AutoTests.java: Vertx closed.
]]></system-out>
  <system-err><![CDATA[java.lang.RuntimeException: Execution failed
	at ptolemy.moml.MoMLSimpleApplication$UnloadThread.run(MoMLSimpleApplication.java:402)
Caused by: ptolemy.kernel.util.IllegalActionException: Unknown inputs remain. Possible causality loop:
L_model_1893289564i

  in .CannotAnalysisWithPreemption.model_1893289564_region_1 and .CannotAnalysisWithPreemption.model_1893289564_region_1.L_model_1893289564i
	at ptolemy.actor.sched.FixedPointDirector.postfire(FixedPointDirector.java:515)
	at ptolemy.domains.sr.kernel.SRDirector.postfire(SRDirector.java:417)
	at ptolemy.actor.CompositeActor.postfire(CompositeActor.java:1668)
	at ptolemy.actor.Manager.iterate(Manager.java:852)
	at ptolemy.actor.Manager.execute(Manager.java:369)
	at ptolemy.actor.Manager.run(Manager.java:1263)
	at ptolemy.actor.Manager$PtolemyRunThread.run(Manager.java:1933)
java.lang.reflect.InvocationTargetException
	at java.base/jdk.internal.reflect.NativeConstructorAccessorImpl.newInstance0(Native Method)
	at java.base/jdk.internal.reflect.NativeConstructorAccessorImpl.newInstance(NativeConstructorAccessorImpl.java:62)
	at java.base/jdk.internal.reflect.DelegatingConstructorAccessorImpl.newInstance(DelegatingConstructorAccessorImpl.java:45)
	at java.base/java.lang.reflect.Constructor.newInstance(Constructor.java:490)
	at ptolemy.util.test.junit.AutoKnownFailedTests.RunModel(AutoKnownFailedTests.java:105)
	at java.base/jdk.internal.reflect.NativeMethodAccessorImpl.invoke0(Native Method)
	at java.base/jdk.internal.reflect.NativeMethodAccessorImpl.invoke(NativeMethodAccessorImpl.java:62)
	at java.base/jdk.internal.reflect.DelegatingMethodAccessorImpl.invoke(DelegatingMethodAccessorImpl.java:43)
	at java.base/java.lang.reflect.Method.invoke(Method.java:566)
	at org.junit.runners.model.FrameworkMethod$1.runReflectiveCall(FrameworkMethod.java:44)
	at org.junit.internal.runners.model.ReflectiveCallable.run(ReflectiveCallable.java:15)
	at org.junit.runners.model.FrameworkMethod.invokeExplosively(FrameworkMethod.java:41)
	at junitparams.internal.InvokeParameterisedMethod.evaluate(InvokeParameterisedMethod.java:102)
	at org.junit.internal.runners.statements.FailOnTimeout$1.run(FailOnTimeout.java:28)
Caused by: ptolemy.kernel.util.IllegalActionException: Unknown inputs remain. Possible causality loop:
L_model_1893289564i

  in .CannotAnalysisWithPreemption.model_1893289564_region_1 and .CannotAnalysisWithPreemption.model_1893289564_region_1.L_model_1893289564i
	at ptolemy.actor.sched.FixedPointDirector.postfire(FixedPointDirector.java:515)
	at ptolemy.domains.sr.kernel.SRDirector.postfire(SRDirector.java:417)
	at ptolemy.actor.CompositeActor.postfire(CompositeActor.java:1668)
	at ptolemy.actor.Manager.iterate(Manager.java:852)
	at ptolemy.actor.Manager.execute(Manager.java:369)
	at ptolemy.actor.Manager.run(Manager.java:1263)
	at ptolemy.actor.Manager$PtolemyRunThread.run(Manager.java:1933)
]]></system-err>
</testsuite>
