<?xml version="1.0" encoding="UTF-8" ?>
<testsuite errors="0" failures="0" hostname="travis-job-495a5c93-32c0-40f9-8b7f-9969b011553d" name="ptolemy.actor.lib.hoc.test.junit.JUnitTclTest" skipped="0" tests="58" time="34.699" timestamp="2020-05-23T14:28:47">
  <properties>
[...]
</properties>
  <testcase classname="ptolemy.util.test.junit.TclTests" name="[0] /home/travis/build/icyphy/ptII/ptolemy/actor/lib/hoc/test/IterateOverArray.tcl (RunTclFile)" time="0.307" />
  <testcase classname="ptolemy.util.test.junit.AutoKnownFailedTests" name="[0] /home/travis/build/icyphy/ptII/ptolemy/actor/lib/hoc/test/auto/knownFailedTests/PreinitializeMustBeInvokedRunComposite.xml (RunModel)" time="0.502" />
  <testcase classname="ptolemy.util.test.junit.AutoNameArchTests" name="[0] ThereAreNoAutoArchTests (RunModel)" time="0.001" />
  <testcase classname="ptolemy.util.test.junit.AutoTests" name="[0] /home/travis/build/icyphy/ptII/ptolemy/actor/lib/hoc/test/auto/AllToAllMultiInstanceComposite.xml (RunModel)" time="0.453" />
  <testcase classname="ptolemy.util.test.junit.AutoTests" name="[1] /home/travis/build/icyphy/ptII/ptolemy/actor/lib/hoc/test/auto/ApplyFFTTest.xml (RunModel)" time="0.397" />
  <testcase classname="ptolemy.util.test.junit.AutoTests" name="[2] /home/travis/build/icyphy/ptII/ptolemy/actor/lib/hoc/test/auto/ApplyFunction.xml (RunModel)" time="0.073" />
  <testcase classname="ptolemy.util.test.junit.AutoTests" name="[3] /home/travis/build/icyphy/ptII/ptolemy/actor/lib/hoc/test/auto/BackgroundExecution.xml (RunModel)" time="0.725" />
  <testcase classname="ptolemy.util.test.junit.AutoTests" name="[4] /home/travis/build/icyphy/ptII/ptolemy/actor/lib/hoc/test/auto/Case.xml (RunModel)" time="0.105" />
  <testcase classname="ptolemy.util.test.junit.AutoTests" name="[5] /home/travis/build/icyphy/ptII/ptolemy/actor/lib/hoc/test/auto/Case1.xml (RunModel)" time="0.042" />
  <testcase classname="ptolemy.util.test.junit.AutoTests" name="[6] /home/travis/build/icyphy/ptII/ptolemy/actor/lib/hoc/test/auto/Case2.xml (RunModel)" time="0.105" />
  <testcase classname="ptolemy.util.test.junit.AutoTests" name="[7] /home/travis/build/icyphy/ptII/ptolemy/actor/lib/hoc/test/auto/Case3.xml (RunModel)" time="0.052" />
  <testcase classname="ptolemy.util.test.junit.AutoTests" name="[8] /home/travis/build/icyphy/ptII/ptolemy/actor/lib/hoc/test/auto/Case4.xml (RunModel)" time="0.082" />
  <testcase classname="ptolemy.util.test.junit.AutoTests" name="[9] /home/travis/build/icyphy/ptII/ptolemy/actor/lib/hoc/test/auto/Case5.xml (RunModel)" time="0.086" />
  <testcase classname="ptolemy.util.test.junit.AutoTests" name="[10] /home/travis/build/icyphy/ptII/ptolemy/actor/lib/hoc/test/auto/Case6.xml (RunModel)" time="0.106" />
  <testcase classname="ptolemy.util.test.junit.AutoTests" name="[11] /home/travis/build/icyphy/ptII/ptolemy/actor/lib/hoc/test/auto/CaseString2.xml (RunModel)" time="0.05" />
  <testcase classname="ptolemy.util.test.junit.AutoTests" name="[12] /home/travis/build/icyphy/ptII/ptolemy/actor/lib/hoc/test/auto/CatchUpComposite1.xml (RunModel)" time="0.111" />
  <testcase classname="ptolemy.util.test.junit.AutoTests" name="[13] /home/travis/build/icyphy/ptII/ptolemy/actor/lib/hoc/test/auto/CatchUpComposite2.xml (RunModel)" time="0.083" />
  <testcase classname="ptolemy.util.test.junit.AutoTests" name="[14] /home/travis/build/icyphy/ptII/ptolemy/actor/lib/hoc/test/auto/CatchUpComposite3.xml (RunModel)" time="0.057" />
  <testcase classname="ptolemy.util.test.junit.AutoTests" name="[15] /home/travis/build/icyphy/ptII/ptolemy/actor/lib/hoc/test/auto/CatchUpComposite4.xml (RunModel)" time="0.051" />
  <testcase classname="ptolemy.util.test.junit.AutoTests" name="[16] /home/travis/build/icyphy/ptII/ptolemy/actor/lib/hoc/test/auto/CatchUpComposite5.xml (RunModel)" time="0.031" />
  <testcase classname="ptolemy.util.test.junit.AutoTests" name="[17] /home/travis/build/icyphy/ptII/ptolemy/actor/lib/hoc/test/auto/CatchUpComposite6.xml (RunModel)" time="0.206" />
  <testcase classname="ptolemy.util.test.junit.AutoTests" name="[18] /home/travis/build/icyphy/ptII/ptolemy/actor/lib/hoc/test/auto/CatchUpComposite7.xml (RunModel)" time="0.105" />
  <testcase classname="ptolemy.util.test.junit.AutoTests" name="[19] /home/travis/build/icyphy/ptII/ptolemy/actor/lib/hoc/test/auto/ConcurrentExecutionTimeSDF.xml (RunModel)" time="0.961" />
  <testcase classname="ptolemy.util.test.junit.AutoTests" name="[20] /home/travis/build/icyphy/ptII/ptolemy/actor/lib/hoc/test/auto/ConcurrentSleep.xml (RunModel)" time="0.769" />
  <testcase classname="ptolemy.util.test.junit.AutoTests" name="[21] /home/travis/build/icyphy/ptII/ptolemy/actor/lib/hoc/test/auto/DEInPNInRunCompositeActor.xml (RunModel)" time="0.035" />
  <testcase classname="ptolemy.util.test.junit.AutoTests" name="[22] /home/travis/build/icyphy/ptII/ptolemy/actor/lib/hoc/test/auto/DFTSubSetTest.xml (RunModel)" time="0.264" />
  <testcase classname="ptolemy.util.test.junit.AutoTests" name="[23] /home/travis/build/icyphy/ptII/ptolemy/actor/lib/hoc/test/auto/HocDE.xml (RunModel)" time="0.143" />
  <testcase classname="ptolemy.util.test.junit.AutoTests" name="[24] /home/travis/build/icyphy/ptII/ptolemy/actor/lib/hoc/test/auto/IterateOverArray.xml (RunModel)" time="0.027" />
  <testcase classname="ptolemy.util.test.junit.AutoTests" name="[25] /home/travis/build/icyphy/ptII/ptolemy/actor/lib/hoc/test/auto/IterateOverArray10.xml (RunModel)" time="0.023" />
  <testcase classname="ptolemy.util.test.junit.AutoTests" name="[26] /home/travis/build/icyphy/ptII/ptolemy/actor/lib/hoc/test/auto/IterateOverArray11.xml (RunModel)" time="0.03" />
  <testcase classname="ptolemy.util.test.junit.AutoTests" name="[27] /home/travis/build/icyphy/ptII/ptolemy/actor/lib/hoc/test/auto/IterateOverArray12.xml (RunModel)" time="0.054" />
  <testcase classname="ptolemy.util.test.junit.AutoTests" name="[28] /home/travis/build/icyphy/ptII/ptolemy/actor/lib/hoc/test/auto/IterateOverArray13.xml (RunModel)" time="0.136" />
  <testcase classname="ptolemy.util.test.junit.AutoTests" name="[29] /home/travis/build/icyphy/ptII/ptolemy/actor/lib/hoc/test/auto/IterateOverArray14.xml (RunModel)" time="0.164" />
  <testcase classname="ptolemy.util.test.junit.AutoTests" name="[30] /home/travis/build/icyphy/ptII/ptolemy/actor/lib/hoc/test/auto/IterateOverArray2.xml (RunModel)" time="0.047" />
  <testcase classname="ptolemy.util.test.junit.AutoTests" name="[31] /home/travis/build/icyphy/ptII/ptolemy/actor/lib/hoc/test/auto/IterateOverArray3.xml (RunModel)" time="0.047" />
  <testcase classname="ptolemy.util.test.junit.AutoTests" name="[32] /home/travis/build/icyphy/ptII/ptolemy/actor/lib/hoc/test/auto/IterateOverArray4.xml (RunModel)" time="0.025" />
  <testcase classname="ptolemy.util.test.junit.AutoTests" name="[33] /home/travis/build/icyphy/ptII/ptolemy/actor/lib/hoc/test/auto/IterateOverArray5.xml (RunModel)" time="0.021" />
  <testcase classname="ptolemy.util.test.junit.AutoTests" name="[34] /home/travis/build/icyphy/ptII/ptolemy/actor/lib/hoc/test/auto/IterateOverArray6.xml (RunModel)" time="0.022" />
  <testcase classname="ptolemy.util.test.junit.AutoTests" name="[35] /home/travis/build/icyphy/ptII/ptolemy/actor/lib/hoc/test/auto/IterateOverArray7.xml (RunModel)" time="0.028" />
  <testcase classname="ptolemy.util.test.junit.AutoTests" name="[36] /home/travis/build/icyphy/ptII/ptolemy/actor/lib/hoc/test/auto/IterateOverArray8.xml (RunModel)" time="0.02" />
  <testcase classname="ptolemy.util.test.junit.AutoTests" name="[37] /home/travis/build/icyphy/ptII/ptolemy/actor/lib/hoc/test/auto/IterateOverArray9.xml (RunModel)" time="0.024" />
  <testcase classname="ptolemy.util.test.junit.AutoTests" name="[38] /home/travis/build/icyphy/ptII/ptolemy/actor/lib/hoc/test/auto/IterateOverArrayCoercedOutputType.xml (RunModel)" time="0.033" />
  <testcase classname="ptolemy.util.test.junit.AutoTests" name="[39] /home/travis/build/icyphy/ptII/ptolemy/actor/lib/hoc/test/auto/IterateOverArrayInferredOutputType.xml (RunModel)" time="0.031" />
  <testcase classname="ptolemy.util.test.junit.AutoTests" name="[40] /home/travis/build/icyphy/ptII/ptolemy/actor/lib/hoc/test/auto/MobileFunctionTest.xml (RunModel)" time="0.034" />
  <testcase classname="ptolemy.util.test.junit.AutoTests" name="[41] /home/travis/build/icyphy/ptII/ptolemy/actor/lib/hoc/test/auto/MobileModelTest.xml (RunModel)" time="0.208" />
  <testcase classname="ptolemy.util.test.junit.AutoTests" name="[42] /home/travis/build/icyphy/ptII/ptolemy/actor/lib/hoc/test/auto/ModelReference.xml (RunModel)" time="0.062" />
  <testcase classname="ptolemy.util.test.junit.AutoTests" name="[43] /home/travis/build/icyphy/ptII/ptolemy/actor/lib/hoc/test/auto/ModelReference3.xml (RunModel)" time="0.043" />
  <testcase classname="ptolemy.util.test.junit.AutoTests" name="[44] /home/travis/build/icyphy/ptII/ptolemy/actor/lib/hoc/test/auto/ModelReference4.xml (RunModel)" time="10.037" />
  <testcase classname="ptolemy.util.test.junit.AutoTests" name="[45] /home/travis/build/icyphy/ptII/ptolemy/actor/lib/hoc/test/auto/MultiInstanceComposite.xml (RunModel)" time="0.071" />
  <testcase classname="ptolemy.util.test.junit.AutoTests" name="[46] /home/travis/build/icyphy/ptII/ptolemy/actor/lib/hoc/test/auto/MultiInstanceComposite2.xml (RunModel)" time="0.043" />
  <testcase classname="ptolemy.util.test.junit.AutoTests" name="[47] /home/travis/build/icyphy/ptII/ptolemy/actor/lib/hoc/test/auto/MulticoreExecution.xml (RunModel)" time="1.081" />
  <testcase classname="ptolemy.util.test.junit.AutoTests" name="[48] /home/travis/build/icyphy/ptII/ptolemy/actor/lib/hoc/test/auto/ParallelExecution.xml (RunModel)" time="0.938" />
  <testcase classname="ptolemy.util.test.junit.AutoTests" name="[49] /home/travis/build/icyphy/ptII/ptolemy/actor/lib/hoc/test/auto/RunCompositeActor.xml (RunModel)" time="0.03" />
  <testcase classname="ptolemy.util.test.junit.AutoTests" name="[50] /home/travis/build/icyphy/ptII/ptolemy/actor/lib/hoc/test/auto/RunCompositeActor2.xml (RunModel)" time="0.031" />
  <testcase classname="ptolemy.util.test.junit.AutoTests" name="[51] /home/travis/build/icyphy/ptII/ptolemy/actor/lib/hoc/test/auto/RunCompositeActor3.xml (RunModel)" time="0.018" />
  <testcase classname="ptolemy.util.test.junit.AutoTests" name="[52] /home/travis/build/icyphy/ptII/ptolemy/actor/lib/hoc/test/auto/RunCompositeActor4.xml (RunModel)" time="0.033" />
  <testcase classname="ptolemy.util.test.junit.AutoTests" name="[53] /home/travis/build/icyphy/ptII/ptolemy/actor/lib/hoc/test/auto/RunCompositeIterateOverArray.xml (RunModel)" time="0.026" />
  <testcase classname="ptolemy.util.test.junit.AutoTests" name="[54] /home/travis/build/icyphy/ptII/ptolemy/actor/lib/hoc/test/auto/ThreadedJS.xml (RunModel)" time="14.606" />
  <system-out><![CDATA[/home/travis/build/icyphy/ptII/ptolemy/actor/lib/hoc/test/IterateOverArray.tcl
testDefs.tcl: setting time out to 9000 seconds at Sat May 23 14:28:47 UTC 2020
05/23/20 02:28:48
Failed: 0  Total Tests: 2  ((Passed: 2, Newly Passed: 0)  Known Failed: 0) /home/travis/build/icyphy/ptII/ptolemy/actor/lib/hoc/test
----------------- testing (KnownFailure) /home/travis/build/icyphy/ptII/ptolemy/actor/lib/hoc/test/auto/knownFailedTests/PreinitializeMustBeInvokedRunComposite.xml
158 ms. Memory: 129024K Free: 86466K (67%)
Known Failure: java.lang.reflect.InvocationTargetException
No auto/linux-amd64/*.xml tests in /home/travis/build/icyphy/ptII/ptolemy/actor/lib/hoc/test
AutoTests.java: About to close Vertx.
AutoTests.java: Vertx closed.

===========================================================================================
----------------- testing Sat May 23 14:28:49 UTC 2020 /home/travis/build/icyphy/ptII/ptolemy/actor/lib/hoc/test/auto/AllToAllMultiInstanceComposite.xml
----------------- Instantiating /home/travis/build/icyphy/ptII/ptolemy/actor/lib/hoc/test/auto/AllToAllMultiInstanceComposite.xml
210 ms. Memory: 129024K Free: 100449K (78%)
----------------- Invoking toplevel() on ptolemy.moml.MoMLSimpleApplication@4ecb856f
----------------- Done invoking toplevel() on ptolemy.moml.MoMLSimpleApplication@4ecb856f
reloadAllAccessors: .AllToAllMultiInstanceComposite

===========================================================================================
----------------- testing Sat May 23 14:28:49 UTC 2020 /home/travis/build/icyphy/ptII/ptolemy/actor/lib/hoc/test/auto/ApplyFFTTest.xml
----------------- Instantiating /home/travis/build/icyphy/ptII/ptolemy/actor/lib/hoc/test/auto/ApplyFFTTest.xml
102 ms. Memory: 129024K Free: 81628K (63%)
----------------- Invoking toplevel() on ptolemy.moml.MoMLSimpleApplication@45d49ace
----------------- Done invoking toplevel() on ptolemy.moml.MoMLSimpleApplication@45d49ace
reloadAllAccessors: .ApplyFFTTest

===========================================================================================
----------------- testing Sat May 23 14:28:49 UTC 2020 /home/travis/build/icyphy/ptII/ptolemy/actor/lib/hoc/test/auto/ApplyFunction.xml
----------------- Instantiating /home/travis/build/icyphy/ptII/ptolemy/actor/lib/hoc/test/auto/ApplyFunction.xml
7 ms. Memory: 129024K Free: 78556K (61%)
----------------- Invoking toplevel() on ptolemy.moml.MoMLSimpleApplication@29fbe0ef
----------------- Done invoking toplevel() on ptolemy.moml.MoMLSimpleApplication@29fbe0ef
reloadAllAccessors: .ApplyFunction

===========================================================================================
----------------- testing Sat May 23 14:28:50 UTC 2020 /home/travis/build/icyphy/ptII/ptolemy/actor/lib/hoc/test/auto/BackgroundExecution.xml
----------------- Instantiating /home/travis/build/icyphy/ptII/ptolemy/actor/lib/hoc/test/auto/BackgroundExecution.xml
624 ms. Memory: 129024K Free: 71691K (56%)
----------------- Invoking toplevel() on ptolemy.moml.MoMLSimpleApplication@3f9db033
----------------- Done invoking toplevel() on ptolemy.moml.MoMLSimpleApplication@3f9db033
reloadAllAccessors: .BackgroundExecution

===========================================================================================
----------------- testing Sat May 23 14:28:50 UTC 2020 /home/travis/build/icyphy/ptII/ptolemy/actor/lib/hoc/test/auto/Case.xml
----------------- Instantiating /home/travis/build/icyphy/ptII/ptolemy/actor/lib/hoc/test/auto/Case.xml
18 ms. Memory: 129024K Free: 108572K (84%)
----------------- Invoking toplevel() on ptolemy.moml.MoMLSimpleApplication@17e2e7e8
----------------- Done invoking toplevel() on ptolemy.moml.MoMLSimpleApplication@17e2e7e8
reloadAllAccessors: .Case

===========================================================================================
----------------- testing Sat May 23 14:28:50 UTC 2020 /home/travis/build/icyphy/ptII/ptolemy/actor/lib/hoc/test/auto/Case1.xml
----------------- Instantiating /home/travis/build/icyphy/ptII/ptolemy/actor/lib/hoc/test/auto/Case1.xml
11 ms. Memory: 129024K Free: 102103K (79%)
----------------- Invoking toplevel() on ptolemy.moml.MoMLSimpleApplication@6db0fd7a
----------------- Done invoking toplevel() on ptolemy.moml.MoMLSimpleApplication@6db0fd7a
reloadAllAccessors: .Case1

===========================================================================================
----------------- testing Sat May 23 14:28:50 UTC 2020 /home/travis/build/icyphy/ptII/ptolemy/actor/lib/hoc/test/auto/Case2.xml
----------------- Instantiating /home/travis/build/icyphy/ptII/ptolemy/actor/lib/hoc/test/auto/Case2.xml
64 ms. Memory: 129024K Free: 91512K (71%)
----------------- Invoking toplevel() on ptolemy.moml.MoMLSimpleApplication@57f0eab4
----------------- Done invoking toplevel() on ptolemy.moml.MoMLSimpleApplication@57f0eab4
reloadAllAccessors: .Case2

===========================================================================================
----------------- testing Sat May 23 14:28:50 UTC 2020 /home/travis/build/icyphy/ptII/ptolemy/actor/lib/hoc/test/auto/Case3.xml
----------------- Instantiating /home/travis/build/icyphy/ptII/ptolemy/actor/lib/hoc/test/auto/Case3.xml
11 ms. Memory: 129024K Free: 85346K (66%)
----------------- Invoking toplevel() on ptolemy.moml.MoMLSimpleApplication@17435e30
----------------- Done invoking toplevel() on ptolemy.moml.MoMLSimpleApplication@17435e30
reloadAllAccessors: .Case3

===========================================================================================
----------------- testing Sat May 23 14:28:51 UTC 2020 /home/travis/build/icyphy/ptII/ptolemy/actor/lib/hoc/test/auto/Case4.xml
----------------- Instantiating /home/travis/build/icyphy/ptII/ptolemy/actor/lib/hoc/test/auto/Case4.xml
24 ms. Memory: 129024K Free: 77866K (60%)
----------------- Invoking toplevel() on ptolemy.moml.MoMLSimpleApplication@2c49698d
----------------- Done invoking toplevel() on ptolemy.moml.MoMLSimpleApplication@2c49698d
reloadAllAccessors: .Case4

===========================================================================================
----------------- testing Sat May 23 14:28:51 UTC 2020 /home/travis/build/icyphy/ptII/ptolemy/actor/lib/hoc/test/auto/Case5.xml
----------------- Instantiating /home/travis/build/icyphy/ptII/ptolemy/actor/lib/hoc/test/auto/Case5.xml
37 ms. Memory: 129024K Free: 71383K (55%)
----------------- Invoking toplevel() on ptolemy.moml.MoMLSimpleApplication@e8e500e
----------------- Done invoking toplevel() on ptolemy.moml.MoMLSimpleApplication@e8e500e
reloadAllAccessors: .junk

===========================================================================================
----------------- testing Sat May 23 14:28:51 UTC 2020 /home/travis/build/icyphy/ptII/ptolemy/actor/lib/hoc/test/auto/Case6.xml
----------------- Instantiating /home/travis/build/icyphy/ptII/ptolemy/actor/lib/hoc/test/auto/Case6.xml
29 ms. Memory: 129024K Free: 110742K (86%)
----------------- Invoking toplevel() on ptolemy.moml.MoMLSimpleApplication@406a9388
----------------- Done invoking toplevel() on ptolemy.moml.MoMLSimpleApplication@406a9388
reloadAllAccessors: .Case6

===========================================================================================
----------------- testing Sat May 23 14:28:51 UTC 2020 /home/travis/build/icyphy/ptII/ptolemy/actor/lib/hoc/test/auto/CaseString2.xml
----------------- Instantiating /home/travis/build/icyphy/ptII/ptolemy/actor/lib/hoc/test/auto/CaseString2.xml
22 ms. Memory: 129024K Free: 102550K (79%)
----------------- Invoking toplevel() on ptolemy.moml.MoMLSimpleApplication@642ae607
----------------- Done invoking toplevel() on ptolemy.moml.MoMLSimpleApplication@642ae607
reloadAllAccessors: .CaseString2

===========================================================================================
----------------- testing Sat May 23 14:28:51 UTC 2020 /home/travis/build/icyphy/ptII/ptolemy/actor/lib/hoc/test/auto/CatchUpComposite1.xml
----------------- Instantiating /home/travis/build/icyphy/ptII/ptolemy/actor/lib/hoc/test/auto/CatchUpComposite1.xml
43 ms. Memory: 129024K Free: 92835K (72%)
----------------- Invoking toplevel() on ptolemy.moml.MoMLSimpleApplication@2b520bb
----------------- Done invoking toplevel() on ptolemy.moml.MoMLSimpleApplication@2b520bb
reloadAllAccessors: .CatchUpComposite1

===========================================================================================
----------------- testing Sat May 23 14:28:51 UTC 2020 /home/travis/build/icyphy/ptII/ptolemy/actor/lib/hoc/test/auto/CatchUpComposite2.xml
----------------- Instantiating /home/travis/build/icyphy/ptII/ptolemy/actor/lib/hoc/test/auto/CatchUpComposite2.xml
18 ms. Memory: 129024K Free: 84118K (65%)
----------------- Invoking toplevel() on ptolemy.moml.MoMLSimpleApplication@290807ac
----------------- Done invoking toplevel() on ptolemy.moml.MoMLSimpleApplication@290807ac
reloadAllAccessors: .CatchUpComposite2

===========================================================================================
----------------- testing Sat May 23 14:28:51 UTC 2020 /home/travis/build/icyphy/ptII/ptolemy/actor/lib/hoc/test/auto/CatchUpComposite3.xml
----------------- Instantiating /home/travis/build/icyphy/ptII/ptolemy/actor/lib/hoc/test/auto/CatchUpComposite3.xml
16 ms. Memory: 129024K Free: 75426K (58%)
----------------- Invoking toplevel() on ptolemy.moml.MoMLSimpleApplication@7cc9c598
----------------- Done invoking toplevel() on ptolemy.moml.MoMLSimpleApplication@7cc9c598
reloadAllAccessors: .CatchUpComposite3

===========================================================================================
----------------- testing Sat May 23 14:28:51 UTC 2020 /home/travis/build/icyphy/ptII/ptolemy/actor/lib/hoc/test/auto/CatchUpComposite4.xml
----------------- Instantiating /home/travis/build/icyphy/ptII/ptolemy/actor/lib/hoc/test/auto/CatchUpComposite4.xml
20 ms. Memory: 129024K Free: 67696K (52%)
----------------- Invoking toplevel() on ptolemy.moml.MoMLSimpleApplication@6a8aa523
----------------- Done invoking toplevel() on ptolemy.moml.MoMLSimpleApplication@6a8aa523
reloadAllAccessors: .CatchUpComposite4

===========================================================================================
----------------- testing Sat May 23 14:28:51 UTC 2020 /home/travis/build/icyphy/ptII/ptolemy/actor/lib/hoc/test/auto/CatchUpComposite5.xml
----------------- Instantiating /home/travis/build/icyphy/ptII/ptolemy/actor/lib/hoc/test/auto/CatchUpComposite5.xml
8 ms. Memory: 129024K Free: 59522K (46%)
----------------- Invoking toplevel() on ptolemy.moml.MoMLSimpleApplication@1608d680
----------------- Done invoking toplevel() on ptolemy.moml.MoMLSimpleApplication@1608d680
reloadAllAccessors: .CatchUpComposite5

===========================================================================================
----------------- testing Sat May 23 14:28:51 UTC 2020 /home/travis/build/icyphy/ptII/ptolemy/actor/lib/hoc/test/auto/CatchUpComposite6.xml
----------------- Instantiating /home/travis/build/icyphy/ptII/ptolemy/actor/lib/hoc/test/auto/CatchUpComposite6.xml
WARNING: The execution aspects in this model can influence the timing of actors by delaying the 
execution, potentially changing the behavior. There is no guarantee that actors fire at the 
time they request to be fired. 
Use Ptides for deterministic DE behavior that is not influenced by execution aspects. 

106 ms. Memory: 129024K Free: 45206K (35%)
----------------- Invoking toplevel() on ptolemy.moml.MoMLSimpleApplication@5b76247a
----------------- Done invoking toplevel() on ptolemy.moml.MoMLSimpleApplication@5b76247a
reloadAllAccessors: .CatchUpComposite6

===========================================================================================
----------------- testing Sat May 23 14:28:51 UTC 2020 /home/travis/build/icyphy/ptII/ptolemy/actor/lib/hoc/test/auto/CatchUpComposite7.xml
----------------- Instantiating /home/travis/build/icyphy/ptII/ptolemy/actor/lib/hoc/test/auto/CatchUpComposite7.xml
WARNING: The execution aspects in this model can influence the timing of actors by delaying the 
execution, potentially changing the behavior. There is no guarantee that actors fire at the 
time they request to be fired. 
Use Ptides for deterministic DE behavior that is not influenced by execution aspects. 

26 ms. Memory: 129024K Free: 106440K (82%)
----------------- Invoking toplevel() on ptolemy.moml.MoMLSimpleApplication@5db68188
----------------- Done invoking toplevel() on ptolemy.moml.MoMLSimpleApplication@5db68188
reloadAllAccessors: .CatchUpComposite7

===========================================================================================
----------------- testing Sat May 23 14:28:52 UTC 2020 /home/travis/build/icyphy/ptII/ptolemy/actor/lib/hoc/test/auto/ConcurrentExecutionTimeSDF.xml
----------------- Instantiating /home/travis/build/icyphy/ptII/ptolemy/actor/lib/hoc/test/auto/ConcurrentExecutionTimeSDF.xml
Fired ExecutionTime: 40400000
Fired ExecutionTime: 40400000
Fired ExecutionTime: 40400000
Fired ExecutionTime: 40400000
Fired ExecutionTime: 40400000
Fired ExecutionTime: 40400000
Fired ExecutionTime: 40400000
Fired ExecutionTime: 40400000
Fired ExecutionTime: 40400000
Fired ExecutionTime: 40400000
Fired ExecutionTime: 40400000
Fired ExecutionTime: 40400000
Fired ExecutionTime: 40400000
Fired ExecutionTime: 40400000
Fired ExecutionTime: 40400000
Fired ExecutionTime: 40400000
Fired ExecutionTime: 40400000
Fired ExecutionTime: 40400000
Fired ExecutionTime: 40400000
Fired ExecutionTime: 40400000
940 ms. Memory: 129024K Free: 99272K (77%)
----------------- Invoking toplevel() on ptolemy.moml.MoMLSimpleApplication@43db86d
----------------- Done invoking toplevel() on ptolemy.moml.MoMLSimpleApplication@43db86d
reloadAllAccessors: .ConcurrentExecutionTimeSDF

===========================================================================================
----------------- testing Sat May 23 14:28:53 UTC 2020 /home/travis/build/icyphy/ptII/ptolemy/actor/lib/hoc/test/auto/ConcurrentSleep.xml
----------------- Instantiating /home/travis/build/icyphy/ptII/ptolemy/actor/lib/hoc/test/auto/ConcurrentSleep.xml
729 ms. Memory: 129024K Free: 88508K (69%)
----------------- Invoking toplevel() on ptolemy.moml.MoMLSimpleApplication@105f5abb
----------------- Done invoking toplevel() on ptolemy.moml.MoMLSimpleApplication@105f5abb
reloadAllAccessors: .ConcurrentSleep

===========================================================================================
----------------- testing Sat May 23 14:28:53 UTC 2020 /home/travis/build/icyphy/ptII/ptolemy/actor/lib/hoc/test/auto/DEInPNInRunCompositeActor.xml
----------------- Instantiating /home/travis/build/icyphy/ptII/ptolemy/actor/lib/hoc/test/auto/DEInPNInRunCompositeActor.xml
15 ms. Memory: 129024K Free: 83388K (65%)
----------------- Invoking toplevel() on ptolemy.moml.MoMLSimpleApplication@60f59331
----------------- Done invoking toplevel() on ptolemy.moml.MoMLSimpleApplication@60f59331
reloadAllAccessors: .DEInPNInRunCompositeActor

===========================================================================================
----------------- testing Sat May 23 14:28:53 UTC 2020 /home/travis/build/icyphy/ptII/ptolemy/actor/lib/hoc/test/auto/DFTSubSetTest.xml
----------------- Instantiating /home/travis/build/icyphy/ptII/ptolemy/actor/lib/hoc/test/auto/DFTSubSetTest.xml
170 ms. Memory: 129024K Free: 40405K (31%)
----------------- Invoking toplevel() on ptolemy.moml.MoMLSimpleApplication@48b215e5
----------------- Done invoking toplevel() on ptolemy.moml.MoMLSimpleApplication@48b215e5
reloadAllAccessors: .DFTSubSetTest

===========================================================================================
----------------- testing Sat May 23 14:28:54 UTC 2020 /home/travis/build/icyphy/ptII/ptolemy/actor/lib/hoc/test/auto/HocDE.xml
----------------- Instantiating /home/travis/build/icyphy/ptII/ptolemy/actor/lib/hoc/test/auto/HocDE.xml
97 ms. Memory: 129024K Free: 90101K (70%)
----------------- Invoking toplevel() on ptolemy.moml.MoMLSimpleApplication@5aeaccae
----------------- Done invoking toplevel() on ptolemy.moml.MoMLSimpleApplication@5aeaccae
reloadAllAccessors: .HocDE

===========================================================================================
----------------- testing Sat May 23 14:28:54 UTC 2020 /home/travis/build/icyphy/ptII/ptolemy/actor/lib/hoc/test/auto/IterateOverArray.xml
----------------- Instantiating /home/travis/build/icyphy/ptII/ptolemy/actor/lib/hoc/test/auto/IterateOverArray.xml
6 ms. Memory: 129024K Free: 85482K (66%)
----------------- Invoking toplevel() on ptolemy.moml.MoMLSimpleApplication@7a7dd420
----------------- Done invoking toplevel() on ptolemy.moml.MoMLSimpleApplication@7a7dd420
reloadAllAccessors: .IterateOverArray

===========================================================================================
----------------- testing Sat May 23 14:28:54 UTC 2020 /home/travis/build/icyphy/ptII/ptolemy/actor/lib/hoc/test/auto/IterateOverArray10.xml
----------------- Instantiating /home/travis/build/icyphy/ptII/ptolemy/actor/lib/hoc/test/auto/IterateOverArray10.xml
5 ms. Memory: 129024K Free: 82413K (64%)
----------------- Invoking toplevel() on ptolemy.moml.MoMLSimpleApplication@50f63d9c
----------------- Done invoking toplevel() on ptolemy.moml.MoMLSimpleApplication@50f63d9c
reloadAllAccessors: .IterateOverArray10

===========================================================================================
----------------- testing Sat May 23 14:28:54 UTC 2020 /home/travis/build/icyphy/ptII/ptolemy/actor/lib/hoc/test/auto/IterateOverArray11.xml
----------------- Instantiating /home/travis/build/icyphy/ptII/ptolemy/actor/lib/hoc/test/auto/IterateOverArray11.xml
6 ms. Memory: 129024K Free: 78339K (61%)
----------------- Invoking toplevel() on ptolemy.moml.MoMLSimpleApplication@33a402d
----------------- Done invoking toplevel() on ptolemy.moml.MoMLSimpleApplication@33a402d
reloadAllAccessors: .IterateOverArray11

===========================================================================================
----------------- testing Sat May 23 14:28:54 UTC 2020 /home/travis/build/icyphy/ptII/ptolemy/actor/lib/hoc/test/auto/IterateOverArray12.xml
----------------- Instantiating /home/travis/build/icyphy/ptII/ptolemy/actor/lib/hoc/test/auto/IterateOverArray12.xml
29 ms. Memory: 129024K Free: 72181K (56%)
----------------- Invoking toplevel() on ptolemy.moml.MoMLSimpleApplication@3fe6f793
----------------- Done invoking toplevel() on ptolemy.moml.MoMLSimpleApplication@3fe6f793
reloadAllAccessors: .IterateOverArray12

===========================================================================================
----------------- testing Sat May 23 14:28:54 UTC 2020 /home/travis/build/icyphy/ptII/ptolemy/actor/lib/hoc/test/auto/IterateOverArray13.xml
----------------- Instantiating /home/travis/build/icyphy/ptII/ptolemy/actor/lib/hoc/test/auto/IterateOverArray13.xml
53 ms. Memory: 129024K Free: 42499K (33%)
----------------- Invoking toplevel() on ptolemy.moml.MoMLSimpleApplication@7c8693cc
----------------- Done invoking toplevel() on ptolemy.moml.MoMLSimpleApplication@7c8693cc
reloadAllAccessors: .IterateOverArray13

===========================================================================================
----------------- testing Sat May 23 14:28:54 UTC 2020 /home/travis/build/icyphy/ptII/ptolemy/actor/lib/hoc/test/auto/IterateOverArray14.xml
----------------- Instantiating /home/travis/build/icyphy/ptII/ptolemy/actor/lib/hoc/test/auto/IterateOverArray14.xml
68 ms. Memory: 129024K Free: 84101K (65%)
----------------- Invoking toplevel() on ptolemy.moml.MoMLSimpleApplication@54d13353
----------------- Done invoking toplevel() on ptolemy.moml.MoMLSimpleApplication@54d13353
reloadAllAccessors: .IterateOverArray14

===========================================================================================
----------------- testing Sat May 23 14:28:54 UTC 2020 /home/travis/build/icyphy/ptII/ptolemy/actor/lib/hoc/test/auto/IterateOverArray2.xml
----------------- Instantiating /home/travis/build/icyphy/ptII/ptolemy/actor/lib/hoc/test/auto/IterateOverArray2.xml
19 ms. Memory: 129024K Free: 79513K (62%)
----------------- Invoking toplevel() on ptolemy.moml.MoMLSimpleApplication@8810b1d
----------------- Done invoking toplevel() on ptolemy.moml.MoMLSimpleApplication@8810b1d
reloadAllAccessors: .IterateOverArray2

===========================================================================================
----------------- testing Sat May 23 14:28:54 UTC 2020 /home/travis/build/icyphy/ptII/ptolemy/actor/lib/hoc/test/auto/IterateOverArray3.xml
----------------- Instantiating /home/travis/build/icyphy/ptII/ptolemy/actor/lib/hoc/test/auto/IterateOverArray3.xml
20 ms. Memory: 129024K Free: 73861K (57%)
----------------- Invoking toplevel() on ptolemy.moml.MoMLSimpleApplication@2e22c420
----------------- Done invoking toplevel() on ptolemy.moml.MoMLSimpleApplication@2e22c420
reloadAllAccessors: .IterateOverArray3

===========================================================================================
----------------- testing Sat May 23 14:28:54 UTC 2020 /home/travis/build/icyphy/ptII/ptolemy/actor/lib/hoc/test/auto/IterateOverArray4.xml
----------------- Instantiating /home/travis/build/icyphy/ptII/ptolemy/actor/lib/hoc/test/auto/IterateOverArray4.xml
6 ms. Memory: 129024K Free: 69765K (54%)
----------------- Invoking toplevel() on ptolemy.moml.MoMLSimpleApplication@5c94b688
----------------- Done invoking toplevel() on ptolemy.moml.MoMLSimpleApplication@5c94b688
reloadAllAccessors: .IterateOverArray4

===========================================================================================
----------------- testing Sat May 23 14:28:54 UTC 2020 /home/travis/build/icyphy/ptII/ptolemy/actor/lib/hoc/test/auto/IterateOverArray5.xml
----------------- Instantiating /home/travis/build/icyphy/ptII/ptolemy/actor/lib/hoc/test/auto/IterateOverArray5.xml
4 ms. Memory: 129024K Free: 65669K (51%)
----------------- Invoking toplevel() on ptolemy.moml.MoMLSimpleApplication@1320570f
----------------- Done invoking toplevel() on ptolemy.moml.MoMLSimpleApplication@1320570f
reloadAllAccessors: .IterateOverArray5

===========================================================================================
----------------- testing Sat May 23 14:28:54 UTC 2020 /home/travis/build/icyphy/ptII/ptolemy/actor/lib/hoc/test/auto/IterateOverArray6.xml
----------------- Instantiating /home/travis/build/icyphy/ptII/ptolemy/actor/lib/hoc/test/auto/IterateOverArray6.xml
4 ms. Memory: 129024K Free: 62105K (48%)
----------------- Invoking toplevel() on ptolemy.moml.MoMLSimpleApplication@26fdcf67
----------------- Done invoking toplevel() on ptolemy.moml.MoMLSimpleApplication@26fdcf67
reloadAllAccessors: .IterateOverArray6

===========================================================================================
----------------- testing Sat May 23 14:28:54 UTC 2020 /home/travis/build/icyphy/ptII/ptolemy/actor/lib/hoc/test/auto/IterateOverArray7.xml
----------------- Instantiating /home/travis/build/icyphy/ptII/ptolemy/actor/lib/hoc/test/auto/IterateOverArray7.xml
6 ms. Memory: 129024K Free: 57477K (45%)
----------------- Invoking toplevel() on ptolemy.moml.MoMLSimpleApplication@314b5d7a
----------------- Done invoking toplevel() on ptolemy.moml.MoMLSimpleApplication@314b5d7a
reloadAllAccessors: .IterateOverArray7

===========================================================================================
----------------- testing Sat May 23 14:28:54 UTC 2020 /home/travis/build/icyphy/ptII/ptolemy/actor/lib/hoc/test/auto/IterateOverArray8.xml
----------------- Instantiating /home/travis/build/icyphy/ptII/ptolemy/actor/lib/hoc/test/auto/IterateOverArray8.xml
5 ms. Memory: 129024K Free: 53381K (41%)
----------------- Invoking toplevel() on ptolemy.moml.MoMLSimpleApplication@281617c1
----------------- Done invoking toplevel() on ptolemy.moml.MoMLSimpleApplication@281617c1
reloadAllAccessors: .IterateOverArray8

===========================================================================================
----------------- testing Sat May 23 14:28:54 UTC 2020 /home/travis/build/icyphy/ptII/ptolemy/actor/lib/hoc/test/auto/IterateOverArray9.xml
----------------- Instantiating /home/travis/build/icyphy/ptII/ptolemy/actor/lib/hoc/test/auto/IterateOverArray9.xml
5 ms. Memory: 129024K Free: 49285K (38%)
----------------- Invoking toplevel() on ptolemy.moml.MoMLSimpleApplication@18c5560b
----------------- Done invoking toplevel() on ptolemy.moml.MoMLSimpleApplication@18c5560b
reloadAllAccessors: .IterateOverArray9

===========================================================================================
----------------- testing Sat May 23 14:28:54 UTC 2020 /home/travis/build/icyphy/ptII/ptolemy/actor/lib/hoc/test/auto/IterateOverArrayCoercedOutputType.xml
----------------- Instantiating /home/travis/build/icyphy/ptII/ptolemy/actor/lib/hoc/test/auto/IterateOverArrayCoercedOutputType.xml
13 ms. Memory: 129024K Free: 44165K (34%)
----------------- Invoking toplevel() on ptolemy.moml.MoMLSimpleApplication@d9ec91d
----------------- Done invoking toplevel() on ptolemy.moml.MoMLSimpleApplication@d9ec91d
reloadAllAccessors: .IterateOverArrayCoercedOutputType

===========================================================================================
----------------- testing Sat May 23 14:28:54 UTC 2020 /home/travis/build/icyphy/ptII/ptolemy/actor/lib/hoc/test/auto/IterateOverArrayInferredOutputType.xml
----------------- Instantiating /home/travis/build/icyphy/ptII/ptolemy/actor/lib/hoc/test/auto/IterateOverArrayInferredOutputType.xml
12 ms. Memory: 129024K Free: 39577K (31%)
----------------- Invoking toplevel() on ptolemy.moml.MoMLSimpleApplication@bb20f9d
----------------- Done invoking toplevel() on ptolemy.moml.MoMLSimpleApplication@bb20f9d
reloadAllAccessors: .IterateOverArrayInferredOutputType

===========================================================================================
----------------- testing Sat May 23 14:28:55 UTC 2020 /home/travis/build/icyphy/ptII/ptolemy/actor/lib/hoc/test/auto/MobileFunctionTest.xml
----------------- Instantiating /home/travis/build/icyphy/ptII/ptolemy/actor/lib/hoc/test/auto/MobileFunctionTest.xml
6 ms. Memory: 129024K Free: 109328K (85%)
----------------- Invoking toplevel() on ptolemy.moml.MoMLSimpleApplication@63a3ce37
----------------- Done invoking toplevel() on ptolemy.moml.MoMLSimpleApplication@63a3ce37
reloadAllAccessors: .MobileFunctionTest

===========================================================================================
----------------- testing Sat May 23 14:28:55 UTC 2020 /home/travis/build/icyphy/ptII/ptolemy/actor/lib/hoc/test/auto/MobileModelTest.xml
----------------- Instantiating /home/travis/build/icyphy/ptII/ptolemy/actor/lib/hoc/test/auto/MobileModelTest.xml
178 ms. Memory: 129024K Free: 88366K (68%)
----------------- Invoking toplevel() on ptolemy.moml.MoMLSimpleApplication@6a082b11
----------------- Done invoking toplevel() on ptolemy.moml.MoMLSimpleApplication@6a082b11
reloadAllAccessors: .MobileModelTest

===========================================================================================
----------------- testing Sat May 23 14:28:55 UTC 2020 /home/travis/build/icyphy/ptII/ptolemy/actor/lib/hoc/test/auto/ModelReference.xml
----------------- Instantiating /home/travis/build/icyphy/ptII/ptolemy/actor/lib/hoc/test/auto/ModelReference.xml
2 ms. Memory: 129024K Free: 81710K (63%)
2 ms. Memory: 129024K Free: 81211K (63%)
1 ms. Memory: 129024K Free: 80163K (62%)
1 ms. Memory: 129024K Free: 79139K (61%)
1 ms. Memory: 129024K Free: 78624K (61%)
1 ms. Memory: 129024K Free: 77614K (60%)
1 ms. Memory: 129024K Free: 77102K (60%)
2 ms. Memory: 129024K Free: 76067K (59%)
2 ms. Memory: 129024K Free: 75043K (58%)
2 ms. Memory: 129024K Free: 74520K (58%)
25 ms. Memory: 129024K Free: 74520K (58%)
----------------- Invoking toplevel() on ptolemy.moml.MoMLSimpleApplication@70271251
----------------- Done invoking toplevel() on ptolemy.moml.MoMLSimpleApplication@70271251
reloadAllAccessors: .ModelReference

===========================================================================================
----------------- testing Sat May 23 14:28:55 UTC 2020 /home/travis/build/icyphy/ptII/ptolemy/actor/lib/hoc/test/auto/ModelReference3.xml
----------------- Instantiating /home/travis/build/icyphy/ptII/ptolemy/actor/lib/hoc/test/auto/ModelReference3.xml
2 ms. Memory: 129024K Free: 69923K (54%)
2 ms. Memory: 129024K Free: 69384K (54%)
2 ms. Memory: 129024K Free: 68398K (53%)
1 ms. Memory: 129024K Free: 67892K (53%)
1 ms. Memory: 129024K Free: 66851K (52%)
1 ms. Memory: 129024K Free: 65827K (51%)
5 ms. Memory: 129024K Free: 65312K (51%)
4 ms. Memory: 129024K Free: 64302K (50%)
3 ms. Memory: 129024K Free: 63790K (49%)
1 ms. Memory: 129024K Free: 62755K (49%)
30 ms. Memory: 129024K Free: 62755K (49%)
----------------- Invoking toplevel() on ptolemy.moml.MoMLSimpleApplication@7242bafb
----------------- Done invoking toplevel() on ptolemy.moml.MoMLSimpleApplication@7242bafb
reloadAllAccessors: .ModelReference3

===========================================================================================
----------------- testing Sat May 23 14:28:55 UTC 2020 /home/travis/build/icyphy/ptII/ptolemy/actor/lib/hoc/test/auto/ModelReference4.xml
----------------- Instantiating /home/travis/build/icyphy/ptII/ptolemy/actor/lib/hoc/test/auto/ModelReference4.xml
2 ms. Memory: 129024K Free: 58120K (45%)
7 ms. Memory: 129024K Free: 56622K (44%)
5 ms. Memory: 129024K Free: 55587K (43%)
10 ms. Memory: 129024K Free: 54035K (42%)
3 ms. Memory: 129024K Free: 53019K (41%)
2 ms. Memory: 129024K Free: 52000K (40%)
3 ms. Memory: 129024K Free: 50468K (39%)
3 ms. Memory: 129024K Free: 49456K (38%)
3 ms. Memory: 129024K Free: 47904K (37%)
3 ms. Memory: 129024K Free: 46856K (36%)
10019 ms. Memory: 129024K Free: 46856K (36%)
----------------- Invoking toplevel() on ptolemy.moml.MoMLSimpleApplication@1592411e
----------------- Done invoking toplevel() on ptolemy.moml.MoMLSimpleApplication@1592411e
reloadAllAccessors: .ModelReference4

===========================================================================================
----------------- testing Sat May 23 14:29:05 UTC 2020 /home/travis/build/icyphy/ptII/ptolemy/actor/lib/hoc/test/auto/MultiInstanceComposite.xml
----------------- Instantiating /home/travis/build/icyphy/ptII/ptolemy/actor/lib/hoc/test/auto/MultiInstanceComposite.xml
33 ms. Memory: 162816K Free: 136125K (84%)
----------------- Invoking toplevel() on ptolemy.moml.MoMLSimpleApplication@484d94ab
----------------- Done invoking toplevel() on ptolemy.moml.MoMLSimpleApplication@484d94ab
reloadAllAccessors: .MultiInstanceComposite

===========================================================================================
----------------- testing Sat May 23 14:29:05 UTC 2020 /home/travis/build/icyphy/ptII/ptolemy/actor/lib/hoc/test/auto/MultiInstanceComposite2.xml
----------------- Instantiating /home/travis/build/icyphy/ptII/ptolemy/actor/lib/hoc/test/auto/MultiInstanceComposite2.xml
22 ms. Memory: 162816K Free: 124861K (77%)
----------------- Invoking toplevel() on ptolemy.moml.MoMLSimpleApplication@5df5f882
----------------- Done invoking toplevel() on ptolemy.moml.MoMLSimpleApplication@5df5f882
reloadAllAccessors: .MultiInstanceComposite2

===========================================================================================
----------------- testing Sat May 23 14:29:05 UTC 2020 /home/travis/build/icyphy/ptII/ptolemy/actor/lib/hoc/test/auto/MulticoreExecution.xml
----------------- Instantiating /home/travis/build/icyphy/ptII/ptolemy/actor/lib/hoc/test/auto/MulticoreExecution.xml
Fired ExecutionTime: 12800000
Fired ExecutionTime: 8800000
Fired ExecutionTime: 43600000
Fired ExecutionTime: 20800000
Fired ExecutionTime: 56400000
Fired ExecutionTime: 35600000
Fired ExecutionTime: 110000000
Fired ExecutionTime: 110400000
Fired ExecutionTime: 107200000
Fired ExecutionTime: 109600000
Fired ExecutionTime: 107200000
Fired ExecutionTime: 109200000
Fired ExecutionTime: 87200000
Fired ExecutionTime: 116400000
Fired ExecutionTime: 108800000
Fired ExecutionTime: 109200000
Fired ExecutionTime: 108400000
Fired ExecutionTime: 109200000
Fired ExecutionTime: 108800000
Fired ExecutionTime: 108400000
1056 ms. Memory: 162816K Free: 115645K (71%)
----------------- Invoking toplevel() on ptolemy.moml.MoMLSimpleApplication@80dfab9
----------------- Done invoking toplevel() on ptolemy.moml.MoMLSimpleApplication@80dfab9
reloadAllAccessors: .MulticoreExecution

===========================================================================================
----------------- testing Sat May 23 14:29:06 UTC 2020 /home/travis/build/icyphy/ptII/ptolemy/actor/lib/hoc/test/auto/ParallelExecution.xml
----------------- Instantiating /home/travis/build/icyphy/ptII/ptolemy/actor/lib/hoc/test/auto/ParallelExecution.xml
917 ms. Memory: 162816K Free: 107943K (66%)
----------------- Invoking toplevel() on ptolemy.moml.MoMLSimpleApplication@1610fc9a
----------------- Done invoking toplevel() on ptolemy.moml.MoMLSimpleApplication@1610fc9a
reloadAllAccessors: .ParallelExecution

===========================================================================================
----------------- testing Sat May 23 14:29:07 UTC 2020 /home/travis/build/icyphy/ptII/ptolemy/actor/lib/hoc/test/auto/RunCompositeActor.xml
----------------- Instantiating /home/travis/build/icyphy/ptII/ptolemy/actor/lib/hoc/test/auto/RunCompositeActor.xml
9 ms. Memory: 162816K Free: 100781K (62%)
----------------- Invoking toplevel() on ptolemy.moml.MoMLSimpleApplication@fd85e08
----------------- Done invoking toplevel() on ptolemy.moml.MoMLSimpleApplication@fd85e08
reloadAllAccessors: .RunCompositeActor

===========================================================================================
----------------- testing Sat May 23 14:29:07 UTC 2020 /home/travis/build/icyphy/ptII/ptolemy/actor/lib/hoc/test/auto/RunCompositeActor2.xml
----------------- Instantiating /home/travis/build/icyphy/ptII/ptolemy/actor/lib/hoc/test/auto/RunCompositeActor2.xml
10 ms. Memory: 162816K Free: 94645K (58%)
----------------- Invoking toplevel() on ptolemy.moml.MoMLSimpleApplication@2c91177a
----------------- Done invoking toplevel() on ptolemy.moml.MoMLSimpleApplication@2c91177a
reloadAllAccessors: .RunCompositeActor2

===========================================================================================
----------------- testing Sat May 23 14:29:07 UTC 2020 /home/travis/build/icyphy/ptII/ptolemy/actor/lib/hoc/test/auto/RunCompositeActor3.xml
----------------- Instantiating /home/travis/build/icyphy/ptII/ptolemy/actor/lib/hoc/test/auto/RunCompositeActor3.xml
4 ms. Memory: 162816K Free: 89517K (55%)
----------------- Invoking toplevel() on ptolemy.moml.MoMLSimpleApplication@5ed71fb3
----------------- Done invoking toplevel() on ptolemy.moml.MoMLSimpleApplication@5ed71fb3
reloadAllAccessors: .RunCompositeActor3

===========================================================================================
----------------- testing Sat May 23 14:29:07 UTC 2020 /home/travis/build/icyphy/ptII/ptolemy/actor/lib/hoc/test/auto/RunCompositeActor4.xml
----------------- Instantiating /home/travis/build/icyphy/ptII/ptolemy/actor/lib/hoc/test/auto/RunCompositeActor4.xml
16 ms. Memory: 162816K Free: 81333K (50%)
----------------- Invoking toplevel() on ptolemy.moml.MoMLSimpleApplication@5e1f7a03
----------------- Done invoking toplevel() on ptolemy.moml.MoMLSimpleApplication@5e1f7a03
reloadAllAccessors: .RunCompositeActor4

===========================================================================================
----------------- testing Sat May 23 14:29:07 UTC 2020 /home/travis/build/icyphy/ptII/ptolemy/actor/lib/hoc/test/auto/RunCompositeIterateOverArray.xml
----------------- Instantiating /home/travis/build/icyphy/ptII/ptolemy/actor/lib/hoc/test/auto/RunCompositeIterateOverArray.xml
5 ms. Memory: 162816K Free: 75195K (46%)
----------------- Invoking toplevel() on ptolemy.moml.MoMLSimpleApplication@226ea61d
----------------- Done invoking toplevel() on ptolemy.moml.MoMLSimpleApplication@226ea61d
reloadAllAccessors: .RunCompositeIterateOverArray

===========================================================================================
----------------- testing Sat May 23 14:29:07 UTC 2020 /home/travis/build/icyphy/ptII/ptolemy/actor/lib/hoc/test/auto/ThreadedJS.xml
----------------- Instantiating /home/travis/build/icyphy/ptII/ptolemy/actor/lib/hoc/test/auto/ThreadedJS.xml
6862 ms. Memory: 235520K Free: 112895K (48%)
----------------- Invoking toplevel() on ptolemy.moml.MoMLSimpleApplication@5f0fe381
----------------- Done invoking toplevel() on ptolemy.moml.MoMLSimpleApplication@5f0fe381
reloadAllAccessors: .ThreadedJS
AutoTests.java: About to close Vertx.
AutoTests.java: Vertx closed.
]]></system-out>
  <system-err><![CDATA[java.lang.RuntimeException: Execution failed
	at ptolemy.moml.MoMLSimpleApplication$UnloadThread.run(MoMLSimpleApplication.java:402)
Caused by: ptolemy.kernel.util.IllegalActionException: initialize() was called after wrapup() was called but preinitialize() was not called after wrapup().
	at ptolemy.actor.lib.hoc.test.PreinitializeMustBeInvoked.initialize(PreinitializeMustBeInvoked.java:78)
	at ptolemy.actor.Director.initialize(Director.java:938)
	at ptolemy.actor.Director.initialize(Director.java:907)
	at ptolemy.actor.sched.StaticSchedulingDirector.initialize(StaticSchedulingDirector.java:159)
	at ptolemy.domains.sdf.kernel.SDFDirector.initialize(SDFDirector.java:544)
	at ptolemy.actor.CompositeActor.initialize(CompositeActor.java:935)
	at ptolemy.actor.lib.hoc.LifeCycleManager._executeInsideModel(LifeCycleManager.java:339)
	at ptolemy.actor.lib.hoc.RunCompositeActor.fire(RunCompositeActor.java:205)
	at ptolemy.actor.CompositeActor.iterate(CompositeActor.java:1146)
	at ptolemy.actor.sched.StaticSchedulingDirector.fire(StaticSchedulingDirector.java:216)
	at ptolemy.domains.sdf.kernel.SDFDirector.fire(SDFDirector.java:500)
	at ptolemy.actor.CompositeActor.fire(CompositeActor.java:455)
	at ptolemy.actor.Manager.iterate(Manager.java:851)
	at ptolemy.actor.Manager.execute(Manager.java:369)
	at ptolemy.actor.Manager.run(Manager.java:1263)
	at ptolemy.actor.Manager$PtolemyRunThread.run(Manager.java:1933)
java.lang.reflect.InvocationTargetException
	at java.base/jdk.internal.reflect.NativeConstructorAccessorImpl.newInstance0(Native Method)
	at java.base/jdk.internal.reflect.NativeConstructorAccessorImpl.newInstance(NativeConstructorAccessorImpl.java:62)
	at java.base/jdk.internal.reflect.DelegatingConstructorAccessorImpl.newInstance(DelegatingConstructorAccessorImpl.java:45)
	at java.base/java.lang.reflect.Constructor.newInstance(Constructor.java:490)
	at ptolemy.util.test.junit.AutoKnownFailedTests.RunModel(AutoKnownFailedTests.java:105)
	at java.base/jdk.internal.reflect.NativeMethodAccessorImpl.invoke0(Native Method)
	at java.base/jdk.internal.reflect.NativeMethodAccessorImpl.invoke(NativeMethodAccessorImpl.java:62)
	at java.base/jdk.internal.reflect.DelegatingMethodAccessorImpl.invoke(DelegatingMethodAccessorImpl.java:43)
	at java.base/java.lang.reflect.Method.invoke(Method.java:566)
	at org.junit.runners.model.FrameworkMethod$1.runReflectiveCall(FrameworkMethod.java:44)
	at org.junit.internal.runners.model.ReflectiveCallable.run(ReflectiveCallable.java:15)
	at org.junit.runners.model.FrameworkMethod.invokeExplosively(FrameworkMethod.java:41)
	at junitparams.internal.InvokeParameterisedMethod.evaluate(InvokeParameterisedMethod.java:102)
	at org.junit.internal.runners.statements.FailOnTimeout$1.run(FailOnTimeout.java:28)
Caused by: ptolemy.kernel.util.IllegalActionException: initialize() was called after wrapup() was called but preinitialize() was not called after wrapup().
	at ptolemy.actor.lib.hoc.test.PreinitializeMustBeInvoked.initialize(PreinitializeMustBeInvoked.java:78)
	at ptolemy.actor.Director.initialize(Director.java:938)
	at ptolemy.actor.Director.initialize(Director.java:907)
	at ptolemy.actor.sched.StaticSchedulingDirector.initialize(StaticSchedulingDirector.java:159)
	at ptolemy.domains.sdf.kernel.SDFDirector.initialize(SDFDirector.java:544)
	at ptolemy.actor.CompositeActor.initialize(CompositeActor.java:935)
	at ptolemy.actor.lib.hoc.LifeCycleManager._executeInsideModel(LifeCycleManager.java:339)
	at ptolemy.actor.lib.hoc.RunCompositeActor.fire(RunCompositeActor.java:205)
	at ptolemy.actor.CompositeActor.iterate(CompositeActor.java:1146)
	at ptolemy.actor.sched.StaticSchedulingDirector.fire(StaticSchedulingDirector.java:216)
	at ptolemy.domains.sdf.kernel.SDFDirector.fire(SDFDirector.java:500)
	at ptolemy.actor.CompositeActor.fire(CompositeActor.java:455)
	at ptolemy.actor.Manager.iterate(Manager.java:851)
	at ptolemy.actor.Manager.execute(Manager.java:369)
	at ptolemy.actor.Manager.run(Manager.java:1263)
	at ptolemy.actor.Manager$PtolemyRunThread.run(Manager.java:1933)
Warning: Nashorn engine is planned to be removed from a future JDK release
Warning: Nashorn engine is planned to be removed from a future JDK release
Warning: Nashorn engine is planned to be removed from a future JDK release
Warning: Nashorn engine is planned to be removed from a future JDK release
Warning: Nashorn engine is planned to be removed from a future JDK release
Warning: Nashorn engine is planned to be removed from a future JDK release
Warning: Nashorn engine is planned to be removed from a future JDK release
Warning: Nashorn engine is planned to be removed from a future JDK release
]]></system-err>
</testsuite>
