<?xml version="1.0" encoding="UTF-8" ?>
<testsuite errors="0" failures="0" hostname="travis-job-fdf74b72-69b2-4138-a02e-95529ef75f45" name="ptolemy.vergil.basic.export.test.junit.ExportModelJUnitTestBatch3" skipped="0" tests="60" time="1417.195" timestamp="2020-03-22T14:06:58">
  <properties>
[...]
</properties>
  <testcase classname="ptolemy.vergil.basic.export.test.junit.ExportModelJUnitTestBatch3" name="[0] ptolemy/actor/lib/jjs/modules/iotAuth/demo/SecurePubSub/SecurePubSub.xml (RunExportModel)" time="45.063" />
  <testcase classname="ptolemy.vergil.basic.export.test.junit.ExportModelJUnitTestBatch3" name="[1] ptolemy/actor/lib/jjs/modules/localStorage/demo/LocalStorage/LocalStorage.xml (RunExportModel)" time="17.061" />
  <testcase classname="ptolemy.vergil.basic.export.test.junit.ExportModelJUnitTestBatch3" name="[2] ptolemy/actor/lib/jjs/modules/mqtt/demo/MQTTPubSub/MQTTPubSub.xml (RunExportModel)" time="33.01" />
  <testcase classname="ptolemy.vergil.basic.export.test.junit.ExportModelJUnitTestBatch3" name="[3] ptolemy/actor/lib/jjs/modules/socket/demo/SecureSocket/SecureSocket.xml (RunExportModel)" time="32.029" />
  <testcase classname="ptolemy.vergil.basic.export.test.junit.ExportModelJUnitTestBatch3" name="[4] ptolemy/actor/lib/jjs/modules/socket/demo/SocketDoubleArrayBatched/SocketDoubleArrayBatched.xml (RunExportModel)" time="23.633" />
  <testcase classname="ptolemy.vergil.basic.export.test.junit.ExportModelJUnitTestBatch3" name="[5] ptolemy/actor/lib/jjs/modules/socket/demo/SocketImage/SocketImage.xml (RunExportModel)" time="48.593" />
  <testcase classname="ptolemy.vergil.basic.export.test.junit.ExportModelJUnitTestBatch3" name="[6] ptolemy/actor/lib/jjs/modules/socket/demo/SocketString/SocketString.xml (RunExportModel)" time="24.06" />
  <testcase classname="ptolemy.vergil.basic.export.test.junit.ExportModelJUnitTestBatch3" name="[7] ptolemy/actor/lib/jjs/modules/socket/demo/SocketUnsignedShort/SocketUnsignedShort.xml (RunExportModel)" time="21.058" />
  <testcase classname="ptolemy.vergil.basic.export.test.junit.ExportModelJUnitTestBatch3" name="[8] ptolemy/actor/lib/jjs/modules/socket/demo/TCPSocket/TCPSocket.xml (RunExportModel)" time="8.259" />
  <testcase classname="ptolemy.vergil.basic.export.test.junit.ExportModelJUnitTestBatch3" name="[9] ptolemy/actor/lib/jjs/modules/socket/demo/TCPSocket/TCPSocketDoubleArrayBatched.xml (RunExportModel)" time="21.65" />
  <testcase classname="ptolemy.vergil.basic.export.test.junit.ExportModelJUnitTestBatch3" name="[10] ptolemy/actor/lib/jjs/modules/socket/demo/TCPSocket/TCPSocketImage.xml (RunExportModel)" time="44.356" />
  <testcase classname="ptolemy.vergil.basic.export.test.junit.ExportModelJUnitTestBatch3" name="[11] ptolemy/actor/lib/jjs/modules/socket/demo/TCPSocket/TCPSocketSecureServerClient.xml (RunExportModel)" time="34.668" />
  <testcase classname="ptolemy.vergil.basic.export.test.junit.ExportModelJUnitTestBatch3" name="[12] ptolemy/actor/lib/jjs/modules/socket/demo/TCPSocket/TCPSocketTwoClients.xml (RunExportModel)" time="45.544" />
  <testcase classname="ptolemy.vergil.basic.export.test.junit.ExportModelJUnitTestBatch3" name="[13] ptolemy/actor/lib/jjs/modules/socket/demo/TCPSocket/TCPSocketUnsignedShort.xml (RunExportModel)" time="21.274" />
  <testcase classname="ptolemy.vergil.basic.export.test.junit.ExportModelJUnitTestBatch3" name="[14] ptolemy/actor/lib/jjs/modules/speechRecognition/demo/SpeechRecognition/SpeechRecognition.xml (RunExportModel)" time="14.118" />
  <testcase classname="ptolemy.vergil.basic.export.test.junit.ExportModelJUnitTestBatch3" name="[15] ptolemy/actor/lib/jjs/modules/speechRecognition/demo/WatchCommandUpdater/WatchCommandUpdater.xml (RunExportModel)" time="22.686" />
  <testcase classname="ptolemy.vergil.basic.export.test.junit.ExportModelJUnitTestBatch3" name="[16] ptolemy/actor/lib/jjs/modules/testing/demo/Testing/Testing.xml (RunExportModel)" time="34.857" />
  <testcase classname="ptolemy.vergil.basic.export.test.junit.ExportModelJUnitTestBatch3" name="[17] ptolemy/actor/lib/jjs/modules/udpSocket/demo/UDPSocket/UDPSocket.xml (RunExportModel)" time="41.447" />
  <testcase classname="ptolemy.vergil.basic.export.test.junit.ExportModelJUnitTestBatch3" name="[18] ptolemy/actor/lib/jjs/modules/udpSocket/demo/WatchEmulator/WatchEmulator.xml (RunExportModel)" time="23.659" />
  <testcase classname="ptolemy.vergil.basic.export.test.junit.ExportModelJUnitTestBatch3" name="[19] ptolemy/actor/lib/jjs/modules/userInterface/demo/Dots/Dots.xml (RunExportModel)" time="45.267" />
  <testcase classname="ptolemy.vergil.basic.export.test.junit.ExportModelJUnitTestBatch3" name="[20] ptolemy/actor/lib/jjs/modules/userInterface/demo/HelloUserInterface/HelloUserInterface.xml (RunExportModel)" time="28.409" />
  <testcase classname="ptolemy.vergil.basic.export.test.junit.ExportModelJUnitTestBatch3" name="[21] ptolemy/actor/lib/jjs/modules/userInterface/demo/UserInterface/UserInterface.xml (RunExportModel)" time="8.191" />
  <testcase classname="ptolemy.vergil.basic.export.test.junit.ExportModelJUnitTestBatch3" name="[22] ptolemy/actor/lib/jjs/modules/userInterface/demo/UserInterface/UserInterfaceBrowser.xml (RunExportModel)" time="46.126" />
  <testcase classname="ptolemy.vergil.basic.export.test.junit.ExportModelJUnitTestBatch3" name="[23] ptolemy/actor/lib/jjs/modules/userInterface/demo/UserInterface/UserInterfaceFixedPage.xml (RunExportModel)" time="19.439" />
  <testcase classname="ptolemy.vergil.basic.export.test.junit.ExportModelJUnitTestBatch3" name="[24] ptolemy/actor/lib/jjs/modules/userInterface/demo/UserInterface/UserInterfaceInteractive.xml (RunExportModel)" time="42.634" />
  <testcase classname="ptolemy.vergil.basic.export.test.junit.ExportModelJUnitTestBatch3" name="[25] ptolemy/actor/lib/jjs/modules/userInterface/demo/UserInterface/UserInterfaceRamp.xml (RunExportModel)" time="34.34" />
  <testcase classname="ptolemy.vergil.basic.export.test.junit.ExportModelJUnitTestBatch3" name="[26] ptolemy/actor/lib/jjs/modules/userInterface/demo/UserInterface/UserInterfaceUpdate.xml (RunExportModel)" time="41.184" />
  <testcase classname="ptolemy.vergil.basic.export.test.junit.ExportModelJUnitTestBatch3" name="[27] ptolemy/actor/lib/jjs/modules/userInterface/demo/UserInterface/UserInterfaceVideo.xml (RunExportModel)" time="44.098" />
  <testcase classname="ptolemy.vergil.basic.export.test.junit.ExportModelJUnitTestBatch3" name="[28] ptolemy/actor/lib/jjs/modules/webSocket/demo/SpeakingServerListeningClient/SpeakingServerListeningClient.xml (RunExportModel)" time="25.748" />
  <testcase classname="ptolemy.vergil.basic.export.test.junit.ExportModelJUnitTestBatch3" name="[29] ptolemy/actor/lib/jjs/modules/webSocket/demo/TwoWebSockets/TwoWebSockets.xml (RunExportModel)" time="18.831" />
  <testcase classname="ptolemy.vergil.basic.export.test.junit.ExportModelJUnitTestBatch3" name="[30] ptolemy/actor/lib/jjs/modules/webSocket/demo/WebSocketChat/Client.xml (RunExportModel)" time="9.995" />
  <testcase classname="ptolemy.vergil.basic.export.test.junit.ExportModelJUnitTestBatch3" name="[31] ptolemy/actor/lib/jjs/modules/webSocket/demo/WebSocketChat/SecureClient.xml (RunExportModel)" time="9.981" />
  <testcase classname="ptolemy.vergil.basic.export.test.junit.ExportModelJUnitTestBatch3" name="[32] ptolemy/actor/lib/jjs/modules/webSocket/demo/WebSocketChat/SecureServer.xml (RunExportModel)" time="40.895" />
  <testcase classname="ptolemy.vergil.basic.export.test.junit.ExportModelJUnitTestBatch3" name="[33] ptolemy/actor/lib/jjs/modules/webSocket/demo/WebSocketChat/Server.xml (RunExportModel)" time="40.997" />
  <testcase classname="ptolemy.vergil.basic.export.test.junit.ExportModelJUnitTestBatch3" name="[34] ptolemy/actor/lib/jjs/modules/webSocket/demo/WebSocketChat/WebSocketChat.xml (RunExportModel)" time="8.209" />
  <testcase classname="ptolemy.vergil.basic.export.test.junit.ExportModelJUnitTestBatch3" name="[35] ptolemy/actor/lib/jjs/modules/webSocket/demo/WebSocketClient/WebSocketClient.xml (RunExportModel)" time="9.944" />
  <testcase classname="ptolemy.vergil.basic.export.test.junit.ExportModelJUnitTestBatch3" name="[36] ptolemy/actor/lib/jjs/modules/webSocket/demo/WebSocketClient/WebSocketServer.xml (RunExportModel)" time="42.664" />
  <testcase classname="ptolemy.vergil.basic.export.test.junit.ExportModelJUnitTestBatch3" name="[37] ptolemy/actor/lib/jjs/modules/webSocket/demo/WebSocketFullDuplex/WebSocketFullDuplex.xml (RunExportModel)" time="20.866" />
  <testcase classname="ptolemy.vergil.basic.export.test.junit.ExportModelJUnitTestBatch3" name="[38] ptolemy/actor/lib/jjs/modules/webSocket/demo/WebSocketGraph/WebSocketGraph.xml (RunExportModel)" time="50.224" />
  <testcase classname="ptolemy.vergil.basic.export.test.junit.ExportModelJUnitTestBatch3" name="[39] ptolemy/actor/lib/jjs/modules/webSocket/demo/WebSocketImage/WebSocketImage.xml (RunExportModel)" time="79.758" />
  <testcase classname="ptolemy.vergil.basic.export.test.junit.ExportModelJUnitTestBatch3" name="[40] ptolemy/actor/lib/jjs/modules/webSocket/demo/WebSocketLog/WebSocketLog.xml (RunExportModel)" time="32.987" />
  <testcase classname="ptolemy.vergil.basic.export.test.junit.ExportModelJUnitTestBatch3" name="[41] ptolemy/actor/lib/jjs/modules/webSocket/demo/WebSocketsServerClient/WebSocketsServerClient.xml (RunExportModel)" time="28.664" />
  <testcase classname="ptolemy.vergil.basic.export.test.junit.ExportModelJUnitTestBatch3" name="[42] ptolemy/actor/lib/jjs/modules/xbee/demo/XBeeHelloWorld/XBeeDataTypes.xml (RunExportModel)" time="11.674" />
  <testcase classname="ptolemy.vergil.basic.export.test.junit.ExportModelJUnitTestBatch3" name="[43] ptolemy/actor/lib/jjs/modules/xbee/demo/XBeeHelloWorld/XBeeHelloWorld.xml (RunExportModel)" time="11.672" />
  <testcase classname="ptolemy.vergil.basic.export.test.junit.ExportModelJUnitTestBatch3" name="[44] ptolemy/actor/lib/jmf/demo/VideoCapture/VideoCapture.xml (RunExportModel)" time="3.16" />
  <testcase classname="ptolemy.vergil.basic.export.test.junit.ExportModelJUnitTestBatch3" name="[45] ptolemy/actor/lib/mail/demo/ExceptionEmailer/ExceptionEmailer.xml (RunExportModel)" time="4.233" />
  <testcase classname="ptolemy.vergil.basic.export.test.junit.ExportModelJUnitTestBatch3" name="[46] ptolemy/actor/lib/mail/demo/SendMail/SendMail.xml (RunExportModel)" time="4.264" />
  <testcase classname="ptolemy.vergil.basic.export.test.junit.ExportModelJUnitTestBatch3" name="[47] ptolemy/actor/lib/python/demo/Ptolemnizer/Ptolemnizer.xml (RunExportModel)" time="7.383" />
  <testcase classname="ptolemy.vergil.basic.export.test.junit.ExportModelJUnitTestBatch3" name="[48] ptolemy/actor/lib/python/demo/PythonScale/PythonScale.xml (RunExportModel)" time="4.341" />
  <testcase classname="ptolemy.vergil.basic.export.test.junit.ExportModelJUnitTestBatch3" name="[49] ptolemy/actor/lib/python/demo/RecordManipulation/RecordManipulation.xml (RunExportModel)" time="3.273" />
  <testcase classname="ptolemy.vergil.basic.export.test.junit.ExportModelJUnitTestBatch3" name="[50] ptolemy/actor/lib/r/demo/R3DPlot/R3DPlot.xml (RunExportModel)" time="3.23" />
  <testcase classname="ptolemy.vergil.basic.export.test.junit.ExportModelJUnitTestBatch3" name="[51] ptolemy/actor/lib/r/demo/RRecordToDataframe/RRecordToDataframe.xml (RunExportModel)" time="3.243" />
  <testcase classname="ptolemy.vergil.basic.export.test.junit.ExportModelJUnitTestBatch3" name="[52] ptolemy/actor/lib/security/demo/Signature/Signature.xml (RunExportModel)" time="3.334" />
  <testcase classname="ptolemy.vergil.basic.export.test.junit.ExportModelJUnitTestBatch3" name="[53] ptolemy/actor/lib/video/demo/DCT2x2dc/DCT2x2dc.xml (RunExportModel)" time="4.262" />
  <testcase classname="ptolemy.vergil.basic.export.test.junit.ExportModelJUnitTestBatch3" name="[54] ptolemy/actor/lib/video/demo/DCT4x4dc/DCT4x4dc.xml (RunExportModel)" time="4.225" />
  <testcase classname="ptolemy.vergil.basic.export.test.junit.ExportModelJUnitTestBatch3" name="[55] ptolemy/actor/lib/video/demo/DCT8x8/DCT8x8.xml (RunExportModel)" time="4.24" />
  <testcase classname="ptolemy.vergil.basic.export.test.junit.ExportModelJUnitTestBatch3" name="[56] ptolemy/actor/lib/xslt/demo/MoMLFileTransformation/MoMLFileTransformation.xml (RunExportModel)" time="4.997" />
  <testcase classname="ptolemy.vergil.basic.export.test.junit.ExportModelJUnitTestBatch3" name="[57] ptolemy/actor/lib/xslt/demo/XMLInclusion/XMLInclusion.xml (RunExportModel)" time="4.262" />
  <testcase classname="ptolemy.vergil.basic.export.test.junit.ExportModelJUnitTestBatch3" name="[58] ptolemy/actor/parameters/demo/Bouncer/Bouncer.xml (RunExportModel)" time="14.331" />
  <testcase classname="ptolemy.vergil.basic.export.test.junit.ExportModelJUnitTestBatch3" name="[59] ptolemy/actor/parameters/demo/SliderParameter/SliderParameter.xml (RunExportModel)" time="34.314" />
  <system-out><![CDATA[ExportModeJUnitTestBatch: There are 741 demos. Exporting demos: 211 to 270.
####### 1 Sun Mar 22 14:06:58 UTC 2020 $PTII/bin/ptinvoke ptolemy.vergil.basic.export.ExportModel -force htm -run -openComposites -timeOut 30000 -whiteBackground ptolemy/actor/lib/jjs/modules/iotAuth/demo/SecurePubSub/SecurePubSub.xml $PTII/ptolemy/actor/lib/jjs/modules/iotAuth/demo/SecurePubSub/SecurePubSub
----------------- Sun Mar 22 14:06:58 UTC 2020 About to sleep for 5.0 seconds before running or rerunning.  Test is: /home/travis/build/icyphy/ptII/ptolemy/actor/lib/jjs/modules/iotAuth/demo/SecurePubSub/SecurePubSub.xml
Done sleeping
JSAccessor: PT_NO_NET environment variable is set, so git pull and ptdoc are not being run.
Opened file:/home/travis/build/icyphy/ptII/ptolemy/actor/lib/jjs/modules/iotAuth/demo/SecurePubSub/SecurePubSub.xml in 11771 ms.
Size Statistics for .SecurePubSub
AtomicEntities: 18
CompositeEntities: 0
OpaqueCompositeEntities: 0
Relations: 19
Attributes: 153
Atomic Actor Names and Counts:
ptolemy.actor.lib.gui.TimedDisplay 8
org.terraswarm.accessor.JSAccessor 2
ptolemy.actor.lib.Const 2
ptolemy.actor.lib.Expression 2
ptolemy.actor.lib.Ramp 2
ptolemy.actor.lib.DiscreteClock 1
ptolemy.actor.lib.logic.TrueGate 1

Composite Entity Depths and Counts:

Running .SecurePubSub
Manager.initialize() finished: 11359 ms. Memory: 397312K Free: 213285K (54%)
21402 ms. Memory: 397312K Free: 207651K (52%)
Exported /home/travis/build/icyphy/ptII/ptolemy/actor/lib/jjs/modules/iotAuth/demo/SecurePubSub/SecurePubSub/index.html
39938 ms. Memory: 397312K Free: 131875K (33%)
####### 2 Sun Mar 22 14:07:43 UTC 2020 $PTII/bin/ptinvoke ptolemy.vergil.basic.export.ExportModel -force htm -run -openComposites -timeOut 30000 -whiteBackground ptolemy/actor/lib/jjs/modules/localStorage/demo/LocalStorage/LocalStorage.xml $PTII/ptolemy/actor/lib/jjs/modules/localStorage/demo/LocalStorage/LocalStorage
----------------- Sun Mar 22 14:07:43 UTC 2020 About to sleep for 5.0 seconds before running or rerunning.  Test is: /home/travis/build/icyphy/ptII/ptolemy/actor/lib/jjs/modules/localStorage/demo/LocalStorage/LocalStorage.xml
Done sleeping
Running .LocalStorage
4806 ms. Memory: 503808K Free: 302592K (60%)
Exported /home/travis/build/icyphy/ptII/ptolemy/actor/lib/jjs/modules/localStorage/demo/LocalStorage/LocalStorage/index.html
12058 ms. Memory: 503808K Free: 272896K (54%)
####### 3 Sun Mar 22 14:08:00 UTC 2020 $PTII/bin/ptinvoke ptolemy.vergil.basic.export.ExportModel -force htm -run -openComposites -timeOut 30000 -whiteBackground ptolemy/actor/lib/jjs/modules/mqtt/demo/MQTTPubSub/MQTTPubSub.xml $PTII/ptolemy/actor/lib/jjs/modules/mqtt/demo/MQTTPubSub/MQTTPubSub
----------------- Sun Mar 22 14:08:00 UTC 2020 About to sleep for 5.0 seconds before running or rerunning.  Test is: /home/travis/build/icyphy/ptII/ptolemy/actor/lib/jjs/modules/mqtt/demo/MQTTPubSub/MQTTPubSub.xml
Done sleeping
Running .MQTTPubSub
18144 ms. Memory: 503808K Free: 288766K (57%)
Exported /home/travis/build/icyphy/ptII/ptolemy/actor/lib/jjs/modules/mqtt/demo/MQTTPubSub/MQTTPubSub/index.html
28008 ms. Memory: 503808K Free: 244600K (49%)
####### 4 Sun Mar 22 14:08:33 UTC 2020 $PTII/bin/ptinvoke ptolemy.vergil.basic.export.ExportModel -force htm -run -openComposites -timeOut 30000 -whiteBackground ptolemy/actor/lib/jjs/modules/socket/demo/SecureSocket/SecureSocket.xml $PTII/ptolemy/actor/lib/jjs/modules/socket/demo/SecureSocket/SecureSocket
----------------- Sun Mar 22 14:08:33 UTC 2020 About to sleep for 5.0 seconds before running or rerunning.  Test is: /home/travis/build/icyphy/ptII/ptolemy/actor/lib/jjs/modules/socket/demo/SecureSocket/SecureSocket.xml
Done sleeping
Running .SecureSocket
18215 ms. Memory: 503808K Free: 205105K (41%)
Exported /home/travis/build/icyphy/ptII/ptolemy/actor/lib/jjs/modules/socket/demo/SecureSocket/SecureSocket/index.html
27025 ms. Memory: 503808K Free: 159744K (32%)
####### 5 Sun Mar 22 14:09:05 UTC 2020 $PTII/bin/ptinvoke ptolemy.vergil.basic.export.ExportModel -force htm -run -openComposites -timeOut 30000 -whiteBackground ptolemy/actor/lib/jjs/modules/socket/demo/SocketDoubleArrayBatched/SocketDoubleArrayBatched.xml $PTII/ptolemy/actor/lib/jjs/modules/socket/demo/SocketDoubleArrayBatched/SocketDoubleArrayBatched
----------------- Sun Mar 22 14:09:05 UTC 2020 About to sleep for 5.0 seconds before running or rerunning.  Test is: /home/travis/build/icyphy/ptII/ptolemy/actor/lib/jjs/modules/socket/demo/SocketDoubleArrayBatched/SocketDoubleArrayBatched.xml
Done sleeping
Running .SocketDoubleArrayBatched
9677 ms. Memory: 503808K Free: 241664K (48%)
Exported /home/travis/build/icyphy/ptII/ptolemy/actor/lib/jjs/modules/socket/demo/SocketDoubleArrayBatched/SocketDoubleArrayBatched/index.html
18631 ms. Memory: 503808K Free: 207343K (41%)
####### 6 Sun Mar 22 14:09:29 UTC 2020 $PTII/bin/ptinvoke ptolemy.vergil.basic.export.ExportModel -force htm -run -openComposites -timeOut 30000 -whiteBackground ptolemy/actor/lib/jjs/modules/socket/demo/SocketImage/SocketImage.xml $PTII/ptolemy/actor/lib/jjs/modules/socket/demo/SocketImage/SocketImage
----------------- Sun Mar 22 14:09:29 UTC 2020 About to sleep for 5.0 seconds before running or rerunning.  Test is: /home/travis/build/icyphy/ptII/ptolemy/actor/lib/jjs/modules/socket/demo/SocketImage/SocketImage.xml
Done sleeping
No physical cameras found, using WebcamDummyDriver.
Running .SocketImage
Manager.initialize() finished: 10138 ms. Memory: 681984K Free: 185854K (27%)
ExportHTMLTimer went off after 30000 ms., calling getDirector().finish and getDirector().stopFire()
30130 ms. Memory: 821248K Free: 235205K (29%)
Exported /home/travis/build/icyphy/ptII/ptolemy/actor/lib/jjs/modules/socket/demo/SocketImage/SocketImage/index.html
43591 ms. Memory: 821248K Free: 482574K (59%)
####### 7 Sun Mar 22 14:10:17 UTC 2020 $PTII/bin/ptinvoke ptolemy.vergil.basic.export.ExportModel -force htm -run -openComposites -timeOut 30000 -whiteBackground ptolemy/actor/lib/jjs/modules/socket/demo/SocketString/SocketString.xml $PTII/ptolemy/actor/lib/jjs/modules/socket/demo/SocketString/SocketString
----------------- Sun Mar 22 14:10:17 UTC 2020 About to sleep for 5.0 seconds before running or rerunning.  Test is: /home/travis/build/icyphy/ptII/ptolemy/actor/lib/jjs/modules/socket/demo/SocketString/SocketString.xml
Done sleeping
Running .SocketString
11465 ms. Memory: 821248K Free: 475646K (58%)
Exported /home/travis/build/icyphy/ptII/ptolemy/actor/lib/jjs/modules/socket/demo/SocketString/SocketString/index.html
19056 ms. Memory: 821248K Free: 540616K (66%)
####### 8 Sun Mar 22 14:10:41 UTC 2020 $PTII/bin/ptinvoke ptolemy.vergil.basic.export.ExportModel -force htm -run -openComposites -timeOut 30000 -whiteBackground ptolemy/actor/lib/jjs/modules/socket/demo/SocketUnsignedShort/SocketUnsignedShort.xml $PTII/ptolemy/actor/lib/jjs/modules/socket/demo/SocketUnsignedShort/SocketUnsignedShort
----------------- Sun Mar 22 14:10:41 UTC 2020 About to sleep for 5.0 seconds before running or rerunning.  Test is: /home/travis/build/icyphy/ptII/ptolemy/actor/lib/jjs/modules/socket/demo/SocketUnsignedShort/SocketUnsignedShort.xml
Done sleeping
Running .SocketUnsignedShort
Client: Sending data: -1,0,1,65535,65536 (Thread[AWT-EventQueue-0,6,main])
8273 ms. Memory: 821248K Free: 408062K (50%)
Exported /home/travis/build/icyphy/ptII/ptolemy/actor/lib/jjs/modules/socket/demo/SocketUnsignedShort/SocketUnsignedShort/index.html
16057 ms. Memory: 821248K Free: 523688K (64%)
####### 9 Sun Mar 22 14:11:02 UTC 2020 $PTII/bin/ptinvoke ptolemy.vergil.basic.export.ExportModel -force htm  -openComposites -timeOut 30000 -whiteBackground ptolemy/actor/lib/jjs/modules/socket/demo/TCPSocket/TCPSocket.xml $PTII/ptolemy/actor/lib/jjs/modules/socket/demo/TCPSocket/TCPSocket
Warning: not running ptolemy/actor/lib/jjs/modules/socket/demo/TCPSocket/TCPSocket.xml. See ptolemy/vergil/basic/export/test/junit/ExportModelJUnitTest.java
----------------- Sun Mar 22 14:11:02 UTC 2020 About to sleep for 5.0 seconds before running or rerunning.  Test is: /home/travis/build/icyphy/ptII/ptolemy/actor/lib/jjs/modules/socket/demo/TCPSocket/TCPSocket.xml
Done sleeping
Exported /home/travis/build/icyphy/ptII/ptolemy/actor/lib/jjs/modules/socket/demo/TCPSocket/TCPSocket/index.html
3258 ms. Memory: 821248K Free: 410614K (50%)
####### 10 Sun Mar 22 14:11:10 UTC 2020 $PTII/bin/ptinvoke ptolemy.vergil.basic.export.ExportModel -force htm -run -openComposites -timeOut 30000 -whiteBackground ptolemy/actor/lib/jjs/modules/socket/demo/TCPSocket/TCPSocketDoubleArrayBatched.xml $PTII/ptolemy/actor/lib/jjs/modules/socket/demo/TCPSocket/TCPSocketDoubleArrayBatched
----------------- Sun Mar 22 14:11:10 UTC 2020 About to sleep for 5.0 seconds before running or rerunning.  Test is: /home/travis/build/icyphy/ptII/ptolemy/actor/lib/jjs/modules/socket/demo/TCPSocket/TCPSocketDoubleArrayBatched.xml
Done sleeping
Running .TCPSocketDoubleArrayBatched
8869 ms. Memory: 821248K Free: 466430K (57%)
Exported /home/travis/build/icyphy/ptII/ptolemy/actor/lib/jjs/modules/socket/demo/TCPSocket/TCPSocketDoubleArrayBatched/index.html
16650 ms. Memory: 821248K Free: 491104K (60%)
####### 11 Sun Mar 22 14:11:32 UTC 2020 $PTII/bin/ptinvoke ptolemy.vergil.basic.export.ExportModel -force htm -run -openComposites -timeOut 30000 -whiteBackground ptolemy/actor/lib/jjs/modules/socket/demo/TCPSocket/TCPSocketImage.xml $PTII/ptolemy/actor/lib/jjs/modules/socket/demo/TCPSocket/TCPSocketImage
----------------- Sun Mar 22 14:11:32 UTC 2020 About to sleep for 5.0 seconds before running or rerunning.  Test is: /home/travis/build/icyphy/ptII/ptolemy/actor/lib/jjs/modules/socket/demo/TCPSocket/TCPSocketImage.xml
Done sleeping
Running .TCPSocketImage
Manager.initialize() finished: 10350 ms. Memory: 857088K Free: 182727K (21%)
ExportHTMLTimer went off after 30000 ms., calling getDirector().finish and getDirector().stopFire()
30060 ms. Memory: 1883136K Free: 15072K (1%)
Exported /home/travis/build/icyphy/ptII/ptolemy/actor/lib/jjs/modules/socket/demo/TCPSocket/TCPSocketImage/index.html
39355 ms. Memory: 1900544K Free: 325308K (17%)
####### 12 Sun Mar 22 14:12:16 UTC 2020 $PTII/bin/ptinvoke ptolemy.vergil.basic.export.ExportModel -force htm -run -openComposites -timeOut 30000 -whiteBackground ptolemy/actor/lib/jjs/modules/socket/demo/TCPSocket/TCPSocketSecureServerClient.xml $PTII/ptolemy/actor/lib/jjs/modules/socket/demo/TCPSocket/TCPSocketSecureServerClient
----------------- Sun Mar 22 14:12:16 UTC 2020 About to sleep for 5.0 seconds before running or rerunning.  Test is: /home/travis/build/icyphy/ptII/ptolemy/actor/lib/jjs/modules/socket/demo/TCPSocket/TCPSocketSecureServerClient.xml
Done sleeping
Running .TCPSocketSecureServerClient
Manager.initialize() finished: 13332 ms. Memory: 1900544K Free: 1280510K (67%)
18385 ms. Memory: 1900544K Free: 1201152K (63%)
Exported /home/travis/build/icyphy/ptII/ptolemy/actor/lib/jjs/modules/socket/demo/TCPSocket/TCPSocketSecureServerClient/index.html
29667 ms. Memory: 1900544K Free: 1163726K (61%)
####### 13 Sun Mar 22 14:12:51 UTC 2020 $PTII/bin/ptinvoke ptolemy.vergil.basic.export.ExportModel -force htm -run -openComposites -timeOut 30000 -whiteBackground ptolemy/actor/lib/jjs/modules/socket/demo/TCPSocket/TCPSocketTwoClients.xml $PTII/ptolemy/actor/lib/jjs/modules/socket/demo/TCPSocket/TCPSocketTwoClients
----------------- Sun Mar 22 14:12:51 UTC 2020 About to sleep for 5.0 seconds before running or rerunning.  Test is: /home/travis/build/icyphy/ptII/ptolemy/actor/lib/jjs/modules/socket/demo/TCPSocket/TCPSocketTwoClients.xml
Done sleeping
Running .TCPSocketTwoClients
Manager.initialize() finished: 10073 ms. Memory: 1900544K Free: 726016K (38%)
ExportHTMLTimer went off after 30000 ms., calling getDirector().finish and getDirector().stopFire()
30036 ms. Memory: 1900544K Free: 617982K (33%)
Exported /home/travis/build/icyphy/ptII/ptolemy/actor/lib/jjs/modules/socket/demo/TCPSocket/TCPSocketTwoClients/index.html
40541 ms. Memory: 1900544K Free: 574436K (30%)
####### 14 Sun Mar 22 14:13:37 UTC 2020 $PTII/bin/ptinvoke ptolemy.vergil.basic.export.ExportModel -force htm -run -openComposites -timeOut 30000 -whiteBackground ptolemy/actor/lib/jjs/modules/socket/demo/TCPSocket/TCPSocketUnsignedShort.xml $PTII/ptolemy/actor/lib/jjs/modules/socket/demo/TCPSocket/TCPSocketUnsignedShort
----------------- Sun Mar 22 14:13:37 UTC 2020 About to sleep for 5.0 seconds before running or rerunning.  Test is: /home/travis/build/icyphy/ptII/ptolemy/actor/lib/jjs/modules/socket/demo/TCPSocket/TCPSocketUnsignedShort.xml
Done sleeping
Running .TCPSocketUnsignedShort
8136 ms. Memory: 1900544K Free: 1200437K (63%)
Exported /home/travis/build/icyphy/ptII/ptolemy/actor/lib/jjs/modules/socket/demo/TCPSocket/TCPSocketUnsignedShort/index.html
16273 ms. Memory: 1900544K Free: 1161993K (61%)
####### 15 Sun Mar 22 14:13:58 UTC 2020 $PTII/bin/ptinvoke ptolemy.vergil.basic.export.ExportModel -force htm  -openComposites -timeOut 30000 -whiteBackground ptolemy/actor/lib/jjs/modules/speechRecognition/demo/SpeechRecognition/SpeechRecognition.xml $PTII/ptolemy/actor/lib/jjs/modules/speechRecognition/demo/SpeechRecognition/SpeechRecognition
Warning: not running ptolemy/actor/lib/jjs/modules/speechRecognition/demo/SpeechRecognition/SpeechRecognition.xml. See ptolemy/vergil/basic/export/test/junit/ExportModelJUnitTest.java
----------------- Sun Mar 22 14:13:58 UTC 2020 About to sleep for 5.0 seconds before running or rerunning.  Test is: /home/travis/build/icyphy/ptII/ptolemy/actor/lib/jjs/modules/speechRecognition/demo/SpeechRecognition/SpeechRecognition.xml
Done sleeping
Exported /home/travis/build/icyphy/ptII/ptolemy/actor/lib/jjs/modules/speechRecognition/demo/SpeechRecognition/SpeechRecognition/index.html
9118 ms. Memory: 1900544K Free: 491288K (26%)
####### 16 Sun Mar 22 14:14:12 UTC 2020 $PTII/bin/ptinvoke ptolemy.vergil.basic.export.ExportModel -force htm  -openComposites -timeOut 30000 -whiteBackground ptolemy/actor/lib/jjs/modules/speechRecognition/demo/WatchCommandUpdater/WatchCommandUpdater.xml $PTII/ptolemy/actor/lib/jjs/modules/speechRecognition/demo/WatchCommandUpdater/WatchCommandUpdater
Warning: not running ptolemy/actor/lib/jjs/modules/speechRecognition/demo/WatchCommandUpdater/WatchCommandUpdater.xml. See ptolemy/vergil/basic/export/test/junit/ExportModelJUnitTest.java
----------------- Sun Mar 22 14:14:12 UTC 2020 About to sleep for 5.0 seconds before running or rerunning.  Test is: /home/travis/build/icyphy/ptII/ptolemy/actor/lib/jjs/modules/speechRecognition/demo/WatchCommandUpdater/WatchCommandUpdater.xml
Done sleeping
Opened file:/home/travis/build/icyphy/ptII/ptolemy/actor/lib/jjs/modules/speechRecognition/demo/WatchCommandUpdater/WatchCommandUpdater.xml in 14449 ms.
Size Statistics for .WatchCommandUpdater
AtomicEntities: 9
CompositeEntities: 0
OpaqueCompositeEntities: 0
Relations: 6
Attributes: 93
Atomic Actor Names and Counts:
org.terraswarm.accessor.JSAccessor 6
ptolemy.actor.lib.jjs.JavaScript 3

Composite Entity Depths and Counts:

Exported /home/travis/build/icyphy/ptII/ptolemy/actor/lib/jjs/modules/speechRecognition/demo/WatchCommandUpdater/WatchCommandUpdater/index.html
17684 ms. Memory: 1900544K Free: 813041K (43%)
####### 17 Sun Mar 22 14:14:35 UTC 2020 $PTII/bin/ptinvoke ptolemy.vergil.basic.export.ExportModel -force htm -run -openComposites -timeOut 30000 -whiteBackground ptolemy/actor/lib/jjs/modules/testing/demo/Testing/Testing.xml $PTII/ptolemy/actor/lib/jjs/modules/testing/demo/Testing/Testing
----------------- Sun Mar 22 14:14:35 UTC 2020 About to sleep for 5.0 seconds before running or rerunning.  Test is: /home/travis/build/icyphy/ptII/ptolemy/actor/lib/jjs/modules/testing/demo/Testing/Testing.xml
Done sleeping
Running .Testing
MochaTest: Start of Common host: Basic (Thread[AWT-EventQueue-0,6,main])
MochaTest: End of Common host: Basic (Thread[AWT-EventQueue-0,6,main])
MochaTest: Start of Common host: Composite accessors (Thread[AWT-EventQueue-0,6,main])
MochaTest: Start of Common host: Spontaneous accessors (Thread[AWT-EventQueue-0,6,main])
MochaTest: Start of Common host: Spontaneous accessors (Thread[AWT-EventQueue-0,6,main])
MochaTest: Before Spontaneous accessor produces correct outputs after 1 and 2 seconds. (Thread[AWT-EventQueue-0,6,main])
MochaTest: After Spontaneous accessor produces correct outputs after 1 and 2 seconds. (Thread[AWT-EventQueue-0,6,main])
MochaTest: End of Common host: Spontaneous accessors (Thread[AWT-EventQueue-0,6,main])
MochaTest: Start of Common host: Inheritance (Thread[AWT-EventQueue-0,6,main])
MochaTest: End of Common host: Inheritance (Thread[AWT-EventQueue-0,6,main])
MochaTest: Instance of TestAccessor: [Circular]
Tests: (Thread[AWT-EventQueue-0,6,main])
MochaTest: TestAccessor.fire() invoked. (Thread[AWT-EventQueue-0,6,main])
MochaTest: TestAdder: fire(): inputLeft: 10 inputRight: 40 (Thread[AWT-EventQueue-0,6,main])
MochaTest: TestAdder: fire(): inputLeft: 5 inputRight: 20 (Thread[AWT-EventQueue-0,6,main])
MochaTest: TestAdder: fire(): inputLeft: 0 inputRight: 0 (Thread[AWT-EventQueue-0,6,main])
MochaTest: TestAccessor.fire() invoked. (Thread[AWT-EventQueue-0,6,main])
MochaTest: <?xml version="1.0" encoding="UTF-8"?>
 <testsuites>
 <testsuite name="Root Suite" tests="0">
 <testsuite name="Common host: Basic" tests="7">
 <testcase name="this.getParameter() returns default value." > </testcase>
 <testcase name="this.getParameter() returns value set by this.setParameter()." > </testcase>
 <testcase name="this.get() returns default value." > </testcase>
 <testcase name="this.get() returns null if no input yet provided." > </testcase>
 <testcase name="this.get() returns null if no input yet provided but type being boolean." > </testcase>
 <testcase name="this.get() returns value provided by provideInput()." > </testcase>
 <testcase name="latestOutput contains value provided by inputHandlers and send()." > </testcase>
 </testsuite>
 <testsuite name="Common host: Composite accessors" tests="2">
 <testcase name="Composite accessor produces correct output when manually scheduled." > </testcase>
 <testcase name="Composite accessor produces correct output when automatically scheduled." > <failure message="AssertionError: expected 0 to equal 25"/> </testcase>
 </testsuite>
 <testsuite name="Common host: Spontaneous accessors" tests="2">
 <testcase name="Spontaneous accessor produces correct outputs after 1 and 2 seconds." > </testcase>
 <testcase name="Composite spontaneous accessor produces correct outputs after 1 and 2 seconds." > </testcase>
 </testsuite>
 <testsuite name="Common host: Inheritance" tests="4">
 <testcase name="Inheritance, function overriding, and variable visiility should work properly." > </testcase>
 <testcase name="Implementing an interface should work properly." > </testcase>
 <testcase name="Exported fields of base classes can be accessed and initialize() is properly scoped." > </testcase>
 <testcase name="Two-level inheritance should work properly." > </testcase>
 </testsuite>
 </testsuite>
 </testsuites>
 (Thread[AWT-EventQueue-0,6,main])
21818 ms. Memory: 1900544K Free: 942566K (50%)
Exported /home/travis/build/icyphy/ptII/ptolemy/actor/lib/jjs/modules/testing/demo/Testing/Testing/index.html
29856 ms. Memory: 1900544K Free: 914409K (48%)
####### 18 Sun Mar 22 14:15:10 UTC 2020 $PTII/bin/ptinvoke ptolemy.vergil.basic.export.ExportModel -force htm -run -openComposites -timeOut 30000 -whiteBackground ptolemy/actor/lib/jjs/modules/udpSocket/demo/UDPSocket/UDPSocket.xml $PTII/ptolemy/actor/lib/jjs/modules/udpSocket/demo/UDPSocket/UDPSocket
----------------- Sun Mar 22 14:15:10 UTC 2020 About to sleep for 5.0 seconds before running or rerunning.  Test is: /home/travis/build/icyphy/ptII/ptolemy/actor/lib/jjs/modules/udpSocket/demo/UDPSocket/UDPSocket.xml
Done sleeping
Running .UDPSocket
ExportHTMLTimer went off after 30000 ms., calling getDirector().finish and getDirector().stopFire()
30015 ms. Memory: 1900544K Free: 466944K (25%)
Exported /home/travis/build/icyphy/ptII/ptolemy/actor/lib/jjs/modules/udpSocket/demo/UDPSocket/UDPSocket/index.html
36447 ms. Memory: 1900544K Free: 436726K (23%)
####### 19 Sun Mar 22 14:15:51 UTC 2020 $PTII/bin/ptinvoke ptolemy.vergil.basic.export.ExportModel -force htm  -openComposites -timeOut 30000 -whiteBackground ptolemy/actor/lib/jjs/modules/udpSocket/demo/WatchEmulator/WatchEmulator.xml $PTII/ptolemy/actor/lib/jjs/modules/udpSocket/demo/WatchEmulator/WatchEmulator
Warning: not running ptolemy/actor/lib/jjs/modules/udpSocket/demo/WatchEmulator/WatchEmulator.xml. See ptolemy/vergil/basic/export/test/junit/ExportModelJUnitTest.java
----------------- Sun Mar 22 14:15:51 UTC 2020 About to sleep for 5.0 seconds before running or rerunning.  Test is: /home/travis/build/icyphy/ptII/ptolemy/actor/lib/jjs/modules/udpSocket/demo/WatchEmulator/WatchEmulator.xml
Done sleeping
Opened file:/home/travis/build/icyphy/ptII/ptolemy/actor/lib/jjs/modules/udpSocket/demo/WatchEmulator/WatchEmulator.xml in 15324 ms.
Size Statistics for .WatchEmulator
AtomicEntities: 7
CompositeEntities: 0
OpaqueCompositeEntities: 0
Relations: 5
Attributes: 85
Atomic Actor Names and Counts:
org.terraswarm.accessor.JSAccessor 5
ptolemy.actor.lib.jjs.JavaScript 2

Composite Entity Depths and Counts:

Exported /home/travis/build/icyphy/ptII/ptolemy/actor/lib/jjs/modules/udpSocket/demo/WatchEmulator/WatchEmulator/index.html
18658 ms. Memory: 1900544K Free: 1321960K (70%)
####### 20 Sun Mar 22 14:16:15 UTC 2020 $PTII/bin/ptinvoke ptolemy.vergil.basic.export.ExportModel -force htm -run -openComposites -timeOut 30000 -whiteBackground ptolemy/actor/lib/jjs/modules/userInterface/demo/Dots/Dots.xml $PTII/ptolemy/actor/lib/jjs/modules/userInterface/demo/Dots/Dots
----------------- Sun Mar 22 14:16:15 UTC 2020 About to sleep for 5.0 seconds before running or rerunning.  Test is: /home/travis/build/icyphy/ptII/ptolemy/actor/lib/jjs/modules/userInterface/demo/Dots/Dots.xml
Done sleeping
Running .Dots
BrowserLauncher: UnsupportedOperation: http://localhost:8089: java.lang.UnsupportedOperationException: The BROWSE action is not supported on the current platform!
ExportHTMLTimer went off after 30000 ms., calling getDirector().finish and getDirector().stopFire()
UserInterface: Connection closed because model is no longer running. (Thread[AWT-EventQueue-0,6,main])
30050 ms. Memory: 1900544K Free: 820892K (43%)
Exported /home/travis/build/icyphy/ptII/ptolemy/actor/lib/jjs/modules/userInterface/demo/Dots/Dots/index.html
40267 ms. Memory: 1900544K Free: 789652K (42%)
####### 21 Sun Mar 22 14:17:00 UTC 2020 $PTII/bin/ptinvoke ptolemy.vergil.basic.export.ExportModel -force htm -run -openComposites -timeOut 30000 -whiteBackground ptolemy/actor/lib/jjs/modules/userInterface/demo/HelloUserInterface/HelloUserInterface.xml $PTII/ptolemy/actor/lib/jjs/modules/userInterface/demo/HelloUserInterface/HelloUserInterface
----------------- Sun Mar 22 14:17:00 UTC 2020 About to sleep for 5.0 seconds before running or rerunning.  Test is: /home/travis/build/icyphy/ptII/ptolemy/actor/lib/jjs/modules/userInterface/demo/HelloUserInterface/HelloUserInterface.xml
Done sleeping
Running .HelloUserInterface
BrowserLauncher: UnsupportedOperation: http://localhost:8089: java.lang.UnsupportedOperationException: The BROWSE action is not supported on the current platform!
UserInterface: *** Router error in WebSocket server: java.lang.IllegalStateException: Response is closed (Thread[vert.x-eventloop-thread-0,6,main])
UserInterface: Connection closed because model is no longer running. (Thread[AWT-EventQueue-0,6,main])
15790 ms. Memory: 1900544K Free: 826366K (43%)
Exported /home/travis/build/icyphy/ptII/ptolemy/actor/lib/jjs/modules/userInterface/demo/HelloUserInterface/HelloUserInterface/index.html
23407 ms. Memory: 1900544K Free: 797683K (42%)
####### 22 Sun Mar 22 14:17:28 UTC 2020 $PTII/bin/ptinvoke ptolemy.vergil.basic.export.ExportModel -force htm -run -openComposites -timeOut 30000 -whiteBackground ptolemy/actor/lib/jjs/modules/userInterface/demo/UserInterface/UserInterface.xml $PTII/ptolemy/actor/lib/jjs/modules/userInterface/demo/UserInterface/UserInterface
----------------- Sun Mar 22 14:17:28 UTC 2020 About to sleep for 5.0 seconds before running or rerunning.  Test is: /home/travis/build/icyphy/ptII/ptolemy/actor/lib/jjs/modules/userInterface/demo/UserInterface/UserInterface.xml
Done sleeping
Model ".UserInterface" contains actors such cannot be run  as part of the export process from ExportModel or it has a WebExportParameters value that runBeforeExport set to false. To export run this model and export it, use vergil.
Exported /home/travis/build/icyphy/ptII/ptolemy/actor/lib/jjs/modules/userInterface/demo/UserInterface/UserInterface/index.html
3190 ms. Memory: 1900544K Free: 676339K (36%)
####### 23 Sun Mar 22 14:17:37 UTC 2020 $PTII/bin/ptinvoke ptolemy.vergil.basic.export.ExportModel -force htm -run -openComposites -timeOut 30000 -whiteBackground ptolemy/actor/lib/jjs/modules/userInterface/demo/UserInterface/UserInterfaceBrowser.xml $PTII/ptolemy/actor/lib/jjs/modules/userInterface/demo/UserInterface/UserInterfaceBrowser
----------------- Sun Mar 22 14:17:37 UTC 2020 About to sleep for 5.0 seconds before running or rerunning.  Test is: /home/travis/build/icyphy/ptII/ptolemy/actor/lib/jjs/modules/userInterface/demo/UserInterface/UserInterfaceBrowser.xml
Done sleeping
Running .UserInterfaceBrowser
Manager.initialize() finished: 11726 ms. Memory: 1900544K Free: 383486K (20%)
BrowserLauncher: UnsupportedOperation: http://localhost:8090: java.lang.UnsupportedOperationException: The BROWSE action is not supported on the current platform!
ExportHTMLTimer went off after 30000 ms., calling getDirector().finish and getDirector().stopFire()
UserInterface: Connection closed because model is no longer running. (Thread[AWT-EventQueue-0,6,main])
30073 ms. Memory: 1900544K Free: 313344K (16%)
Exported /home/travis/build/icyphy/ptII/ptolemy/actor/lib/jjs/modules/userInterface/demo/UserInterface/UserInterfaceBrowser/index.html
41123 ms. Memory: 1900544K Free: 1072110K (56%)
####### 24 Sun Mar 22 14:18:23 UTC 2020 $PTII/bin/ptinvoke ptolemy.vergil.basic.export.ExportModel -force htm -run -openComposites -timeOut 30000 -whiteBackground ptolemy/actor/lib/jjs/modules/userInterface/demo/UserInterface/UserInterfaceFixedPage.xml $PTII/ptolemy/actor/lib/jjs/modules/userInterface/demo/UserInterface/UserInterfaceFixedPage
----------------- Sun Mar 22 14:18:23 UTC 2020 About to sleep for 5.0 seconds before running or rerunning.  Test is: /home/travis/build/icyphy/ptII/ptolemy/actor/lib/jjs/modules/userInterface/demo/UserInterface/UserInterfaceFixedPage.xml
Done sleeping
Running .UserInterfaceFixedPage
8256 ms. Memory: 1900544K Free: 605184K (32%)
Exported /home/travis/build/icyphy/ptII/ptolemy/actor/lib/jjs/modules/userInterface/demo/UserInterface/UserInterfaceFixedPage/index.html
14438 ms. Memory: 1900544K Free: 571875K (30%)
####### 25 Sun Mar 22 14:18:42 UTC 2020 $PTII/bin/ptinvoke ptolemy.vergil.basic.export.ExportModel -force htm -run -openComposites -timeOut 30000 -whiteBackground ptolemy/actor/lib/jjs/modules/userInterface/demo/UserInterface/UserInterfaceInteractive.xml $PTII/ptolemy/actor/lib/jjs/modules/userInterface/demo/UserInterface/UserInterfaceInteractive
----------------- Sun Mar 22 14:18:42 UTC 2020 About to sleep for 5.0 seconds before running or rerunning.  Test is: /home/travis/build/icyphy/ptII/ptolemy/actor/lib/jjs/modules/userInterface/demo/UserInterface/UserInterfaceInteractive.xml
Done sleeping
Running .UserInterfaceInteractive
ExportHTMLTimer went off after 30000 ms., calling getDirector().finish and getDirector().stopFire()
30041 ms. Memory: 1900544K Free: 565760K (30%)
Exported /home/travis/build/icyphy/ptII/ptolemy/actor/lib/jjs/modules/userInterface/demo/UserInterface/UserInterfaceInteractive/index.html
37633 ms. Memory: 1900544K Free: 536563K (28%)
####### 26 Sun Mar 22 14:19:25 UTC 2020 $PTII/bin/ptinvoke ptolemy.vergil.basic.export.ExportModel -force htm -run -openComposites -timeOut 30000 -whiteBackground ptolemy/actor/lib/jjs/modules/userInterface/demo/UserInterface/UserInterfaceRamp.xml $PTII/ptolemy/actor/lib/jjs/modules/userInterface/demo/UserInterface/UserInterfaceRamp
----------------- Sun Mar 22 14:19:25 UTC 2020 About to sleep for 5.0 seconds before running or rerunning.  Test is: /home/travis/build/icyphy/ptII/ptolemy/actor/lib/jjs/modules/userInterface/demo/UserInterface/UserInterfaceRamp.xml
Done sleeping
Running .UserInterfaceRamp
BrowserLauncher: UnsupportedOperation: http://localhost:8089: java.lang.UnsupportedOperationException: The BROWSE action is not supported on the current platform!
UserInterface: Connection closed because model is no longer running. (Thread[AWT-EventQueue-0,6,main])
19955 ms. Memory: 1900544K Free: 494080K (26%)
Exported /home/travis/build/icyphy/ptII/ptolemy/actor/lib/jjs/modules/userInterface/demo/UserInterface/UserInterfaceRamp/index.html
29339 ms. Memory: 1900544K Free: 464883K (24%)
####### 27 Sun Mar 22 14:19:59 UTC 2020 $PTII/bin/ptinvoke ptolemy.vergil.basic.export.ExportModel -force htm -run -openComposites -timeOut 30000 -whiteBackground ptolemy/actor/lib/jjs/modules/userInterface/demo/UserInterface/UserInterfaceUpdate.xml $PTII/ptolemy/actor/lib/jjs/modules/userInterface/demo/UserInterface/UserInterfaceUpdate
----------------- Sun Mar 22 14:19:59 UTC 2020 About to sleep for 5.0 seconds before running or rerunning.  Test is: /home/travis/build/icyphy/ptII/ptolemy/actor/lib/jjs/modules/userInterface/demo/UserInterface/UserInterfaceUpdate.xml
Done sleeping
Running .UserInterfaceUpdate
Manager.initialize() finished: 12302 ms. Memory: 1900544K Free: 867528K (46%)
BrowserLauncher: UnsupportedOperation: http://localhost:8090: java.lang.UnsupportedOperationException: The BROWSE action is not supported on the current platform!
UserInterface: Connection closed because model is no longer running. (Thread[AWT-EventQueue-0,6,main])
22358 ms. Memory: 1900544K Free: 801992K (42%)
Exported /home/travis/build/icyphy/ptII/ptolemy/actor/lib/jjs/modules/userInterface/demo/UserInterface/UserInterfaceUpdate/index.html
36183 ms. Memory: 1900544K Free: 772795K (41%)
####### 28 Sun Mar 22 14:20:40 UTC 2020 $PTII/bin/ptinvoke ptolemy.vergil.basic.export.ExportModel -force htm -run -openComposites -timeOut 30000 -whiteBackground ptolemy/actor/lib/jjs/modules/userInterface/demo/UserInterface/UserInterfaceVideo.xml $PTII/ptolemy/actor/lib/jjs/modules/userInterface/demo/UserInterface/UserInterfaceVideo
----------------- Sun Mar 22 14:20:40 UTC 2020 About to sleep for 5.0 seconds before running or rerunning.  Test is: /home/travis/build/icyphy/ptII/ptolemy/actor/lib/jjs/modules/userInterface/demo/UserInterface/UserInterfaceVideo.xml
Done sleeping
Running .UserInterfaceVideo
BrowserLauncher: UnsupportedOperation: http://localhost:8090: java.lang.UnsupportedOperationException: The BROWSE action is not supported on the current platform!
ExportHTMLTimer went off after 30000 ms., calling getDirector().finish and getDirector().stopFire()
UserInterface: Connection closed because model is no longer running. (Thread[AWT-EventQueue-0,6,main])
30089 ms. Memory: 1936384K Free: 707070K (37%)
Exported /home/travis/build/icyphy/ptII/ptolemy/actor/lib/jjs/modules/userInterface/demo/UserInterface/UserInterfaceVideo/index.html
39097 ms. Memory: 1936384K Free: 677878K (35%)
####### 29 Sun Mar 22 14:21:24 UTC 2020 $PTII/bin/ptinvoke ptolemy.vergil.basic.export.ExportModel -force htm -run -openComposites -timeOut 30000 -whiteBackground ptolemy/actor/lib/jjs/modules/webSocket/demo/SpeakingServerListeningClient/SpeakingServerListeningClient.xml $PTII/ptolemy/actor/lib/jjs/modules/webSocket/demo/SpeakingServerListeningClient/SpeakingServerListeningClient
----------------- Sun Mar 22 14:21:24 UTC 2020 About to sleep for 5.0 seconds before running or rerunning.  Test is: /home/travis/build/icyphy/ptII/ptolemy/actor/lib/jjs/modules/webSocket/demo/SpeakingServerListeningClient/SpeakingServerListeningClient.xml
Done sleeping
Running .SpeakingServerListeningClient
WSServer: *** server is listenting. (Thread[vert.x-eventloop-thread-2,6,main])
WSServer: *** server initialized. (Thread[AWT-EventQueue-0,6,main])
WSClient1: --- client 1 initialized. (Thread[AWT-EventQueue-0,6,main])
WSServer: *** server received connection 0 (Thread[vert.x-eventloop-thread-2,6,main])
WSClient1: --- client 1 connection open. Sending message to server. (Thread[vert.x-eventloop-thread-0,6,main])
WSServer: *** server received connection 1 (Thread[vert.x-eventloop-thread-2,6,main])
WSClient2: +++ client 2 initialized. (Thread[AWT-EventQueue-0,6,main])
WSClient2: +++ connection established. Sending message to server. (Thread[vert.x-eventloop-thread-2,6,main])
WSServer: *** server received message: Hello from the client (Thread[AWT-EventQueue-0,6,main])
WSClient1: --- client 1 received message: Hello to client number 1 (Thread[AWT-EventQueue-0,6,main])
WSClient2: +++ client 2 received message: Hello to client number 2 (Thread[AWT-EventQueue-0,6,main])
WSServer: *** server received message: Hello from the client (Thread[AWT-EventQueue-0,6,main])
WSServer: *** server wrapping up. (Thread[AWT-EventQueue-0,6,main])
WSClient1: --- client 1 wrapping up. (Thread[AWT-EventQueue-0,6,main])
WSClient1: Connection closed because model is no longer running. (Thread[AWT-EventQueue-0,6,main])
WSClient2: +++ client 2 wrapping up. (Thread[AWT-EventQueue-0,6,main])
WSClient2: Connection closed because model is no longer running. (Thread[AWT-EventQueue-0,6,main])
11797 ms. Memory: 1936384K Free: 783403K (40%)
Exported /home/travis/build/icyphy/ptII/ptolemy/actor/lib/jjs/modules/webSocket/demo/SpeakingServerListeningClient/SpeakingServerListeningClient/index.html
20748 ms. Memory: 1936384K Free: 753197K (39%)
####### 30 Sun Mar 22 14:21:50 UTC 2020 $PTII/bin/ptinvoke ptolemy.vergil.basic.export.ExportModel -force htm -run -openComposites -timeOut 30000 -whiteBackground ptolemy/actor/lib/jjs/modules/webSocket/demo/TwoWebSockets/TwoWebSockets.xml $PTII/ptolemy/actor/lib/jjs/modules/webSocket/demo/TwoWebSockets/TwoWebSockets
----------------- Sun Mar 22 14:21:50 UTC 2020 About to sleep for 5.0 seconds before running or rerunning.  Test is: /home/travis/build/icyphy/ptII/ptolemy/actor/lib/jjs/modules/webSocket/demo/TwoWebSockets/TwoWebSockets.xml
Done sleeping
Running .TwoWebSockets
JavaScript: Connection failed. Will try again: Connection refused: localhost/127.0.0.1:8080
Connection refused (Thread[vert.x-eventloop-thread-3,6,main])
JavaScript: Connection failed. Will try again: Connection refused: localhost/127.0.0.1:1984
Connection refused (Thread[vert.x-eventloop-thread-3,6,main])
JavaScript: Connection failed. Will try again: Connection refused: localhost/127.0.0.1:8080
Connection refused (Thread[vert.x-eventloop-thread-3,6,main])
JavaScript: Connection failed. Will try again: Connection refused: localhost/127.0.0.1:1984
Connection refused (Thread[vert.x-eventloop-thread-3,6,main])
JavaScript: Connection failed. Will try again: Connection refused: localhost/127.0.0.1:8080
Connection refused (Thread[vert.x-eventloop-thread-3,6,main])
JavaScript: Connection failed. Will try again: Connection refused: localhost/127.0.0.1:1984
Connection refused (Thread[vert.x-eventloop-thread-3,6,main])
JavaScript: Connection failed. Will try again: Connection refused: localhost/127.0.0.1:8080
Connection refused (Thread[vert.x-eventloop-thread-3,6,main])
JavaScript: Connection failed. Will try again: Connection refused: localhost/127.0.0.1:1984
Connection refused (Thread[vert.x-eventloop-thread-3,6,main])
JavaScript: Connection failed. Will try again: Connection refused: localhost/127.0.0.1:8080
Connection refused (Thread[vert.x-eventloop-thread-3,6,main])
JavaScript: Connection failed. Will try again: Connection refused: localhost/127.0.0.1:1984
Connection refused (Thread[vert.x-eventloop-thread-3,6,main])
JavaScript: Connection failed. Will try again: Connection refused: localhost/127.0.0.1:8080
Connection refused (Thread[vert.x-eventloop-thread-3,6,main])
JavaScript: Connection failed. Will try again: Connection refused: localhost/127.0.0.1:1984
Connection refused (Thread[vert.x-eventloop-thread-3,6,main])
JavaScript: Connection failed. Will try again: Connection refused: localhost/127.0.0.1:8080
Connection refused (Thread[vert.x-eventloop-thread-3,6,main])
JavaScript: Connection failed. Will try again: Connection refused: localhost/127.0.0.1:1984
Connection refused (Thread[vert.x-eventloop-thread-3,6,main])
JavaScript: Connection failed. Will try again: Connection refused: localhost/127.0.0.1:8080
Connection refused (Thread[vert.x-eventloop-thread-3,6,main])
JavaScript: Connection failed. Will try again: Connection refused: localhost/127.0.0.1:1984
Connection refused (Thread[vert.x-eventloop-thread-3,6,main])
JavaScript: Connection failed. Will try again: Connection refused: localhost/127.0.0.1:8080
Connection refused (Thread[vert.x-eventloop-thread-3,6,main])
JavaScript: Connection failed. Will try again: Connection refused: localhost/127.0.0.1:1984
Connection refused (Thread[vert.x-eventloop-thread-3,6,main])
JavaScript: Connection failed. Will try again: Connection refused: localhost/127.0.0.1:8080
Connection refused (Thread[vert.x-eventloop-thread-3,6,main])
JavaScript: Connection failed. Will try again: Connection refused: localhost/127.0.0.1:1984
Connection refused (Thread[vert.x-eventloop-thread-3,6,main])
7942 ms. Memory: 1936384K Free: 407038K (21%)
Exported /home/travis/build/icyphy/ptII/ptolemy/actor/lib/jjs/modules/webSocket/demo/TwoWebSockets/TwoWebSockets/index.html
13830 ms. Memory: 1936384K Free: 377843K (20%)
####### 31 Sun Mar 22 14:22:09 UTC 2020 $PTII/bin/ptinvoke ptolemy.vergil.basic.export.ExportModel -force htm -run -openComposites -timeOut 30000 -whiteBackground ptolemy/actor/lib/jjs/modules/webSocket/demo/WebSocketChat/Client.xml $PTII/ptolemy/actor/lib/jjs/modules/webSocket/demo/WebSocketChat/Client
----------------- Sun Mar 22 14:22:09 UTC 2020 About to sleep for 5.0 seconds before running or rerunning.  Test is: /home/travis/build/icyphy/ptII/ptolemy/actor/lib/jjs/modules/webSocket/demo/WebSocketChat/Client.xml
Done sleeping
.Client.InteractiveDialog invoked SwingUtilities.invokeAndWait()
Model ".Client" contains actors such cannot be run  as part of the export process from ExportModel or it has a WebExportParameters value that runBeforeExport set to false. To export run this model and export it, use vergil.
Exported /home/travis/build/icyphy/ptII/ptolemy/actor/lib/jjs/modules/webSocket/demo/WebSocketChat/Client/index.html
4994 ms. Memory: 1936384K Free: 662476K (34%)
####### 32 Sun Mar 22 14:22:19 UTC 2020 $PTII/bin/ptinvoke ptolemy.vergil.basic.export.ExportModel -force htm -run -openComposites -timeOut 30000 -whiteBackground ptolemy/actor/lib/jjs/modules/webSocket/demo/WebSocketChat/SecureClient.xml $PTII/ptolemy/actor/lib/jjs/modules/webSocket/demo/WebSocketChat/SecureClient
----------------- Sun Mar 22 14:22:19 UTC 2020 About to sleep for 5.0 seconds before running or rerunning.  Test is: /home/travis/build/icyphy/ptII/ptolemy/actor/lib/jjs/modules/webSocket/demo/WebSocketChat/SecureClient.xml
Done sleeping
.SecureClient.InteractiveDialog invoked SwingUtilities.invokeAndWait()
Model ".SecureClient" contains actors such cannot be run  as part of the export process from ExportModel or it has a WebExportParameters value that runBeforeExport set to false. To export run this model and export it, use vergil.
Exported /home/travis/build/icyphy/ptII/ptolemy/actor/lib/jjs/modules/webSocket/demo/WebSocketChat/SecureClient/index.html
4979 ms. Memory: 1936384K Free: 937968K (48%)
####### 33 Sun Mar 22 14:22:29 UTC 2020 $PTII/bin/ptinvoke ptolemy.vergil.basic.export.ExportModel -force htm -run -openComposites -timeOut 30000 -whiteBackground ptolemy/actor/lib/jjs/modules/webSocket/demo/WebSocketChat/SecureServer.xml $PTII/ptolemy/actor/lib/jjs/modules/webSocket/demo/WebSocketChat/SecureServer
----------------- Sun Mar 22 14:22:29 UTC 2020 About to sleep for 5.0 seconds before running or rerunning.  Test is: /home/travis/build/icyphy/ptII/ptolemy/actor/lib/jjs/modules/webSocket/demo/WebSocketChat/SecureServer.xml
Done sleeping
Running .SecureServer
ExportHTMLTimer went off after 30000 ms., calling getDirector().finish and getDirector().stopFire()
30016 ms. Memory: 1936384K Free: 554426K (29%)
Exported /home/travis/build/icyphy/ptII/ptolemy/actor/lib/jjs/modules/webSocket/demo/WebSocketChat/SecureServer/index.html
35894 ms. Memory: 1936384K Free: 531382K (27%)
####### 34 Sun Mar 22 14:23:10 UTC 2020 $PTII/bin/ptinvoke ptolemy.vergil.basic.export.ExportModel -force htm -run -openComposites -timeOut 30000 -whiteBackground ptolemy/actor/lib/jjs/modules/webSocket/demo/WebSocketChat/Server.xml $PTII/ptolemy/actor/lib/jjs/modules/webSocket/demo/WebSocketChat/Server
----------------- Sun Mar 22 14:23:10 UTC 2020 About to sleep for 5.0 seconds before running or rerunning.  Test is: /home/travis/build/icyphy/ptII/ptolemy/actor/lib/jjs/modules/webSocket/demo/WebSocketChat/Server.xml
Done sleeping
Running .Server
ExportHTMLTimer went off after 30000 ms., calling getDirector().finish and getDirector().stopFire()
30019 ms. Memory: 1936384K Free: 900094K (46%)
Exported /home/travis/build/icyphy/ptII/ptolemy/actor/lib/jjs/modules/webSocket/demo/WebSocketChat/Server/index.html
35997 ms. Memory: 1936384K Free: 877549K (45%)
####### 35 Sun Mar 22 14:23:51 UTC 2020 $PTII/bin/ptinvoke ptolemy.vergil.basic.export.ExportModel -force htm  -openComposites -timeOut 30000 -whiteBackground ptolemy/actor/lib/jjs/modules/webSocket/demo/WebSocketChat/WebSocketChat.xml $PTII/ptolemy/actor/lib/jjs/modules/webSocket/demo/WebSocketChat/WebSocketChat
Warning: not running ptolemy/actor/lib/jjs/modules/webSocket/demo/WebSocketChat/WebSocketChat.xml. See ptolemy/vergil/basic/export/test/junit/ExportModelJUnitTest.java
----------------- Sun Mar 22 14:23:51 UTC 2020 About to sleep for 5.0 seconds before running or rerunning.  Test is: /home/travis/build/icyphy/ptII/ptolemy/actor/lib/jjs/modules/webSocket/demo/WebSocketChat/WebSocketChat.xml
Done sleeping
Exported /home/travis/build/icyphy/ptII/ptolemy/actor/lib/jjs/modules/webSocket/demo/WebSocketChat/WebSocketChat/index.html
3207 ms. Memory: 1936384K Free: 766963K (40%)
####### 36 Sun Mar 22 14:23:59 UTC 2020 $PTII/bin/ptinvoke ptolemy.vergil.basic.export.ExportModel -force htm  -openComposites -timeOut 30000 -whiteBackground ptolemy/actor/lib/jjs/modules/webSocket/demo/WebSocketClient/WebSocketClient.xml $PTII/ptolemy/actor/lib/jjs/modules/webSocket/demo/WebSocketClient/WebSocketClient
Warning: not running ptolemy/actor/lib/jjs/modules/webSocket/demo/WebSocketClient/WebSocketClient.xml. See ptolemy/vergil/basic/export/test/junit/ExportModelJUnitTest.java
----------------- Sun Mar 22 14:23:59 UTC 2020 About to sleep for 5.0 seconds before running or rerunning.  Test is: /home/travis/build/icyphy/ptII/ptolemy/actor/lib/jjs/modules/webSocket/demo/WebSocketClient/WebSocketClient.xml
Done sleeping
Exported /home/travis/build/icyphy/ptII/ptolemy/actor/lib/jjs/modules/webSocket/demo/WebSocketClient/WebSocketClient/index.html
4942 ms. Memory: 1936384K Free: 961011K (50%)
####### 37 Sun Mar 22 14:24:09 UTC 2020 $PTII/bin/ptinvoke ptolemy.vergil.basic.export.ExportModel -force htm -run -openComposites -timeOut 30000 -whiteBackground ptolemy/actor/lib/jjs/modules/webSocket/demo/WebSocketClient/WebSocketServer.xml $PTII/ptolemy/actor/lib/jjs/modules/webSocket/demo/WebSocketClient/WebSocketServer
----------------- Sun Mar 22 14:24:09 UTC 2020 About to sleep for 5.0 seconds before running or rerunning.  Test is: /home/travis/build/icyphy/ptII/ptolemy/actor/lib/jjs/modules/webSocket/demo/WebSocketClient/WebSocketServer.xml
Done sleeping
Running .WebSocketServer
ExportHTMLTimer went off after 30000 ms., calling getDirector().finish and getDirector().stopFire()
30025 ms. Memory: 1936384K Free: 821758K (42%)
Exported /home/travis/build/icyphy/ptII/ptolemy/actor/lib/jjs/modules/webSocket/demo/WebSocketClient/WebSocketServer/index.html
37662 ms. Memory: 1936384K Free: 794595K (41%)
####### 38 Sun Mar 22 14:24:52 UTC 2020 $PTII/bin/ptinvoke ptolemy.vergil.basic.export.ExportModel -force htm -run -openComposites -timeOut 30000 -whiteBackground ptolemy/actor/lib/jjs/modules/webSocket/demo/WebSocketFullDuplex/WebSocketFullDuplex.xml $PTII/ptolemy/actor/lib/jjs/modules/webSocket/demo/WebSocketFullDuplex/WebSocketFullDuplex
----------------- Sun Mar 22 14:24:52 UTC 2020 About to sleep for 5.0 seconds before running or rerunning.  Test is: /home/travis/build/icyphy/ptII/ptolemy/actor/lib/jjs/modules/webSocket/demo/WebSocketFullDuplex/WebSocketFullDuplex.xml
Done sleeping
Running .WebSocketFullDuplex
WebSocketServer: WebSocketServer message(): 0, typeof message: number (Thread[AWT-EventQueue-0,6,main])
WebSocketServer: WebSocketServer message(): -1, typeof message: number (Thread[AWT-EventQueue-0,6,main])
WebSocketServer: WebSocketServer message(): -2, typeof message: number (Thread[AWT-EventQueue-0,6,main])
WebSocketServer: WebSocketServer message(): -3, typeof message: number (Thread[AWT-EventQueue-0,6,main])
WebSocketServer: WebSocketServer message(): -4, typeof message: number (Thread[AWT-EventQueue-0,6,main])
WebSocketServer: WebSocketServer message(): -5, typeof message: number (Thread[AWT-EventQueue-0,6,main])
WebSocketServer: WebSocketServer message(): -6, typeof message: number (Thread[AWT-EventQueue-0,6,main])
WebSocketServer: WebSocketServer message(): -7, typeof message: number (Thread[AWT-EventQueue-0,6,main])
WebSocketServer: WebSocketServer message(): -8, typeof message: number (Thread[AWT-EventQueue-0,6,main])
WebSocketServer: WebSocketServer message(): -9, typeof message: number (Thread[AWT-EventQueue-0,6,main])
WebSocketServer: WebSocketServer message(): -10, typeof message: number (Thread[AWT-EventQueue-0,6,main])
WebSocketServer: WebSocketServer message(): -11, typeof message: number (Thread[AWT-EventQueue-0,6,main])
WebSocketServer: WebSocketServer message(): -12, typeof message: number (Thread[AWT-EventQueue-0,6,main])
WebSocketServer: WebSocketServer message(): -13, typeof message: number (Thread[AWT-EventQueue-0,6,main])
WebSocketServer: WebSocketServer message(): -14, typeof message: number (Thread[AWT-EventQueue-0,6,main])
WebSocketServer: WebSocketServer message(): -15, typeof message: number (Thread[AWT-EventQueue-0,6,main])
WebSocketServer: WebSocketServer message(): -16, typeof message: number (Thread[AWT-EventQueue-0,6,main])
WebSocketServer: WebSocketServer message(): -17, typeof message: number (Thread[AWT-EventQueue-0,6,main])
WebSocketServer: WebSocketServer message(): -18, typeof message: number (Thread[AWT-EventQueue-0,6,main])
WebSocketServer: WebSocketServer message(): -19, typeof message: number (Thread[AWT-EventQueue-0,6,main])
WebSocketServer: WebSocketServer message(): -20, typeof message: number (Thread[AWT-EventQueue-0,6,main])
WebSocketServer: WebSocketServer message(): -21, typeof message: number (Thread[AWT-EventQueue-0,6,main])
WebSocketServer: WebSocketServer message(): -22, typeof message: number (Thread[AWT-EventQueue-0,6,main])
WebSocketServer: WebSocketServer message(): -23, typeof message: number (Thread[AWT-EventQueue-0,6,main])
WebSocketServer: WebSocketServer message(): -24, typeof message: number (Thread[AWT-EventQueue-0,6,main])
WebSocketServer: WebSocketServer message(): -25, typeof message: number (Thread[AWT-EventQueue-0,6,main])
WebSocketServer: WebSocketServer message(): -26, typeof message: number (Thread[AWT-EventQueue-0,6,main])
WebSocketServer: WebSocketServer message(): -27, typeof message: number (Thread[AWT-EventQueue-0,6,main])
WebSocketServer: WebSocketServer message(): -28, typeof message: number (Thread[AWT-EventQueue-0,6,main])
WebSocketServer: WebSocketServer message(): -29, typeof message: number (Thread[AWT-EventQueue-0,6,main])
WebSocketServer: WebSocketServer message(): -30, typeof message: number (Thread[AWT-EventQueue-0,6,main])
WebSocketServer: WebSocketServer message(): -31, typeof message: number (Thread[AWT-EventQueue-0,6,main])
WebSocketServer: WebSocketServer message(): -32, typeof message: number (Thread[AWT-EventQueue-0,6,main])
WebSocketServer: WebSocketServer message(): -33, typeof message: number (Thread[AWT-EventQueue-0,6,main])
WebSocketServer: WebSocketServer message(): -34, typeof message: number (Thread[AWT-EventQueue-0,6,main])
WebSocketServer: WebSocketServer message(): -35, typeof message: number (Thread[AWT-EventQueue-0,6,main])
WebSocketServer: WebSocketServer message(): -36, typeof message: number (Thread[AWT-EventQueue-0,6,main])
WebSocketServer: WebSocketServer message(): -37, typeof message: number (Thread[AWT-EventQueue-0,6,main])
WebSocketServer: WebSocketServer message(): -38, typeof message: number (Thread[AWT-EventQueue-0,6,main])
WebSocketServer: WebSocketServer message(): -39, typeof message: number (Thread[AWT-EventQueue-0,6,main])
WebSocketServer: WebSocketServer message(): -40, typeof message: number (Thread[AWT-EventQueue-0,6,main])
WebSocketServer: WebSocketServer message(): -41, typeof message: number (Thread[AWT-EventQueue-0,6,main])
WebSocketServer: WebSocketServer message(): -42, typeof message: number (Thread[AWT-EventQueue-0,6,main])
WebSocketServer: WebSocketServer message(): -43, typeof message: number (Thread[AWT-EventQueue-0,6,main])
WebSocketServer: WebSocketServer message(): -44, typeof message: number (Thread[AWT-EventQueue-0,6,main])
WebSocketServer: WebSocketServer message(): -45, typeof message: number (Thread[AWT-EventQueue-0,6,main])
WebSocketServer: WebSocketServer message(): -46, typeof message: number (Thread[AWT-EventQueue-0,6,main])
WebSocketServer: WebSocketServer message(): -47, typeof message: number (Thread[AWT-EventQueue-0,6,main])
WebSocketServer: WebSocketServer message(): -48, typeof message: number (Thread[AWT-EventQueue-0,6,main])
WebSocketServer: WebSocketServer message(): -49, typeof message: number (Thread[AWT-EventQueue-0,6,main])
WebSocketServer: WebSocketServer message(): -50, typeof message: number (Thread[AWT-EventQueue-0,6,main])
WebSocketServer: WebSocketServer message(): -51, typeof message: number (Thread[AWT-EventQueue-0,6,main])
WebSocketServer: WebSocketServer message(): -52, typeof message: number (Thread[AWT-EventQueue-0,6,main])
WebSocketServer: WebSocketServer message(): -53, typeof message: number (Thread[AWT-EventQueue-0,6,main])
WebSocketServer: WebSocketServer message(): -54, typeof message: number (Thread[AWT-EventQueue-0,6,main])
WebSocketServer: WebSocketServer message(): -55, typeof message: number (Thread[AWT-EventQueue-0,6,main])
WebSocketServer: WebSocketServer message(): -56, typeof message: number (Thread[AWT-EventQueue-0,6,main])
WebSocketServer: WebSocketServer message(): -57, typeof message: number (Thread[AWT-EventQueue-0,6,main])
WebSocketServer: WebSocketServer message(): -58, typeof message: number (Thread[AWT-EventQueue-0,6,main])
WebSocketServer: WebSocketServer message(): -59, typeof message: number (Thread[AWT-EventQueue-0,6,main])
WebSocketServer: WebSocketServer message(): -60, typeof message: number (Thread[AWT-EventQueue-0,6,main])
WebSocketServer: WebSocketServer message(): -61, typeof message: number (Thread[AWT-EventQueue-0,6,main])
WebSocketServer: WebSocketServer message(): -62, typeof message: number (Thread[AWT-EventQueue-0,6,main])
WebSocketServer: WebSocketServer message(): -63, typeof message: number (Thread[AWT-EventQueue-0,6,main])
WebSocketServer: WebSocketServer message(): -64, typeof message: number (Thread[AWT-EventQueue-0,6,main])
WebSocketServer: WebSocketServer message(): -65, typeof message: number (Thread[AWT-EventQueue-0,6,main])
WebSocketServer: WebSocketServer message(): -66, typeof message: number (Thread[AWT-EventQueue-0,6,main])
WebSocketServer: WebSocketServer message(): -67, typeof message: number (Thread[AWT-EventQueue-0,6,main])
WebSocketServer: WebSocketServer message(): -68, typeof message: number (Thread[AWT-EventQueue-0,6,main])
WebSocketServer: WebSocketServer message(): -69, typeof message: number (Thread[AWT-EventQueue-0,6,main])
WebSocketServer: WebSocketServer message(): -70, typeof message: number (Thread[AWT-EventQueue-0,6,main])
WebSocketServer: WebSocketServer message(): -71, typeof message: number (Thread[AWT-EventQueue-0,6,main])
WebSocketServer: WebSocketServer message(): -72, typeof message: number (Thread[AWT-EventQueue-0,6,main])
WebSocketServer: WebSocketServer message(): -73, typeof message: number (Thread[AWT-EventQueue-0,6,main])
WebSocketServer: WebSocketServer message(): -74, typeof message: number (Thread[AWT-EventQueue-0,6,main])
WebSocketServer: WebSocketServer message(): -75, typeof message: number (Thread[AWT-EventQueue-0,6,main])
WebSocketServer: WebSocketServer message(): -76, typeof message: number (Thread[AWT-EventQueue-0,6,main])
WebSocketServer: WebSocketServer message(): -77, typeof message: number (Thread[AWT-EventQueue-0,6,main])
WebSocketServer: WebSocketServer message(): -78, typeof message: number (Thread[AWT-EventQueue-0,6,main])
WebSocketServer: WebSocketServer message(): -79, typeof message: number (Thread[AWT-EventQueue-0,6,main])
WebSocketServer: WebSocketServer message(): -80, typeof message: number (Thread[AWT-EventQueue-0,6,main])
WebSocketServer: WebSocketServer message(): -81, typeof message: number (Thread[AWT-EventQueue-0,6,main])
WebSocketServer: WebSocketServer message(): -82, typeof message: number (Thread[AWT-EventQueue-0,6,main])
WebSocketServer: WebSocketServer message(): -83, typeof message: number (Thread[AWT-EventQueue-0,6,main])
WebSocketServer: WebSocketServer message(): -84, typeof message: number (Thread[AWT-EventQueue-0,6,main])
WebSocketServer: WebSocketServer message(): -85, typeof message: number (Thread[AWT-EventQueue-0,6,main])
WebSocketServer: WebSocketServer message(): -86, typeof message: number (Thread[AWT-EventQueue-0,6,main])
WebSocketServer: WebSocketServer message(): -87, typeof message: number (Thread[AWT-EventQueue-0,6,main])
WebSocketServer: WebSocketServer message(): -88, typeof message: number (Thread[AWT-EventQueue-0,6,main])
WebSocketServer: WebSocketServer message(): -89, typeof message: number (Thread[AWT-EventQueue-0,6,main])
WebSocketServer: WebSocketServer message(): -90, typeof message: number (Thread[AWT-EventQueue-0,6,main])
WebSocketServer: WebSocketServer message(): -91, typeof message: number (Thread[AWT-EventQueue-0,6,main])
WebSocketServer: WebSocketServer message(): -92, typeof message: number (Thread[AWT-EventQueue-0,6,main])
WebSocketServer: WebSocketServer message(): -93, typeof message: number (Thread[AWT-EventQueue-0,6,main])
WebSocketServer: WebSocketServer message(): -94, typeof message: number (Thread[AWT-EventQueue-0,6,main])
WebSocketServer: WebSocketServer message(): -95, typeof message: number (Thread[AWT-EventQueue-0,6,main])
WebSocketServer: WebSocketServer message(): -96, typeof message: number (Thread[AWT-EventQueue-0,6,main])
WebSocketServer: WebSocketServer message(): -97, typeof message: number (Thread[AWT-EventQueue-0,6,main])
WebSocketServer: WebSocketServer message(): -98, typeof message: number (Thread[AWT-EventQueue-0,6,main])
WebSocketServer: WebSocketServer message(): -99, typeof message: number (Thread[AWT-EventQueue-0,6,main])
WebSocketClient: Connection closed because model is no longer running. (Thread[AWT-EventQueue-0,6,main])
7946 ms. Memory: 1936384K Free: 794624K (41%)
Exported /home/travis/build/icyphy/ptII/ptolemy/actor/lib/jjs/modules/webSocket/demo/WebSocketFullDuplex/WebSocketFullDuplex/index.html
15866 ms. Memory: 1936384K Free: 763883K (39%)
####### 39 Sun Mar 22 14:25:13 UTC 2020 $PTII/bin/ptinvoke ptolemy.vergil.basic.export.ExportModel -force htm -run -openComposites -timeOut 30000 -whiteBackground ptolemy/actor/lib/jjs/modules/webSocket/demo/WebSocketGraph/WebSocketGraph.xml $PTII/ptolemy/actor/lib/jjs/modules/webSocket/demo/WebSocketGraph/WebSocketGraph
----------------- Sun Mar 22 14:25:13 UTC 2020 About to sleep for 5.0 seconds before running or rerunning.  Test is: /home/travis/build/icyphy/ptII/ptolemy/actor/lib/jjs/modules/webSocket/demo/WebSocketGraph/WebSocketGraph.xml
Done sleeping
Opened file:/home/travis/build/icyphy/ptII/ptolemy/actor/lib/jjs/modules/webSocket/demo/WebSocketGraph/WebSocketGraph.xml in 11004 ms.
Size Statistics for .WebSocketGraph
AtomicEntities: 6
CompositeEntities: 0
OpaqueCompositeEntities: 0
Relations: 4
Attributes: 71
Atomic Actor Names and Counts:
org.terraswarm.accessor.JSAccessor 5
ptolemy.actor.lib.jjs.JavaScript 1

Composite Entity Depths and Counts:

Running .WebSocketGraph
preinitialize() finished: 11920 ms. Memory: 1936384K Free: 471552K (24%)
Manager.initialize() finished: 22361 ms. Memory: 1936384K Free: 558080K (29%)
ExportHTMLTimer went off after 30000 ms., calling getDirector().finish and getDirector().stopFire()
30060 ms. Memory: 1936384K Free: 492030K (25%)
Exported /home/travis/build/icyphy/ptII/ptolemy/actor/lib/jjs/modules/webSocket/demo/WebSocketGraph/WebSocketGraph/index.html
45223 ms. Memory: 1936384K Free: 457692K (24%)
####### 40 Sun Mar 22 14:26:03 UTC 2020 $PTII/bin/ptinvoke ptolemy.vergil.basic.export.ExportModel -force htm -run -openComposites -timeOut 30000 -whiteBackground ptolemy/actor/lib/jjs/modules/webSocket/demo/WebSocketImage/WebSocketImage.xml $PTII/ptolemy/actor/lib/jjs/modules/webSocket/demo/WebSocketImage/WebSocketImage
----------------- Sun Mar 22 14:26:03 UTC 2020 About to sleep for 5.0 seconds before running or rerunning.  Test is: /home/travis/build/icyphy/ptII/ptolemy/actor/lib/jjs/modules/webSocket/demo/WebSocketImage/WebSocketImage.xml
Done sleeping
Running .WebSocketImage
WebSocketClient: WebSocketClient: WebSocketClient.js: connect(): portValue: -1, which is less than 0. This could be a signal to close a previously open socket.  Returning. (Thread[AWT-EventQueue-0,6,main])
Manager.initialize() finished: 12111 ms. Memory: 1936384K Free: 870912K (45%)
ExportHTMLTimer went off after 30000 ms., calling getDirector().finish and getDirector().stopFire()
ExportHTMLTimer went off after 60000 ms., calling manager.stop().
WebSocketClient: Connection closed because model is no longer running. (Thread[AWT-EventQueue-0,6,main])
62554 ms. Memory: 2802688K Free: 29184K (1%)
Exported /home/travis/build/icyphy/ptII/ptolemy/actor/lib/jjs/modules/webSocket/demo/WebSocketImage/WebSocketImage/index.html
74757 ms. Memory: 2806784K Free: 3266K (0%)
####### 41 Sun Mar 22 14:27:23 UTC 2020 $PTII/bin/ptinvoke ptolemy.vergil.basic.export.ExportModel -force htm -run -openComposites -timeOut 30000 -whiteBackground ptolemy/actor/lib/jjs/modules/webSocket/demo/WebSocketLog/WebSocketLog.xml $PTII/ptolemy/actor/lib/jjs/modules/webSocket/demo/WebSocketLog/WebSocketLog
----------------- Sun Mar 22 14:27:23 UTC 2020 About to sleep for 5.0 seconds before running or rerunning.  Test is: /home/travis/build/icyphy/ptII/ptolemy/actor/lib/jjs/modules/webSocket/demo/WebSocketLog/WebSocketLog.xml
Done sleeping
Running .WebSocketLog
18817 ms. Memory: 2812928K Free: 623616K (22%)
Exported /home/travis/build/icyphy/ptII/ptolemy/actor/lib/jjs/modules/webSocket/demo/WebSocketLog/WebSocketLog/index.html
27985 ms. Memory: 2812928K Free: 579566K (21%)
####### 42 Sun Mar 22 14:27:56 UTC 2020 $PTII/bin/ptinvoke ptolemy.vergil.basic.export.ExportModel -force htm -run -openComposites -timeOut 30000 -whiteBackground ptolemy/actor/lib/jjs/modules/webSocket/demo/WebSocketsServerClient/WebSocketsServerClient.xml $PTII/ptolemy/actor/lib/jjs/modules/webSocket/demo/WebSocketsServerClient/WebSocketsServerClient
----------------- Sun Mar 22 14:27:56 UTC 2020 About to sleep for 5.0 seconds before running or rerunning.  Test is: /home/travis/build/icyphy/ptII/ptolemy/actor/lib/jjs/modules/webSocket/demo/WebSocketsServerClient/WebSocketsServerClient.xml
Done sleeping
Running .WebSocketsServerClient
WSClient: Connection closed because model is no longer running. (Thread[AWT-EventQueue-0,6,main])
16042 ms. Memory: 2812928K Free: 741886K (26%)
Exported /home/travis/build/icyphy/ptII/ptolemy/actor/lib/jjs/modules/webSocket/demo/WebSocketsServerClient/WebSocketsServerClient/index.html
23663 ms. Memory: 2812928K Free: 714729K (25%)
####### 43 Sun Mar 22 14:28:24 UTC 2020 $PTII/bin/ptinvoke ptolemy.vergil.basic.export.ExportModel -force htm  -openComposites -timeOut 30000 -whiteBackground ptolemy/actor/lib/jjs/modules/xbee/demo/XBeeHelloWorld/XBeeDataTypes.xml $PTII/ptolemy/actor/lib/jjs/modules/xbee/demo/XBeeHelloWorld/XBeeDataTypes
Warning: not running ptolemy/actor/lib/jjs/modules/xbee/demo/XBeeHelloWorld/XBeeDataTypes.xml. See ptolemy/vergil/basic/export/test/junit/ExportModelJUnitTest.java
----------------- Sun Mar 22 14:28:24 UTC 2020 About to sleep for 5.0 seconds before running or rerunning.  Test is: /home/travis/build/icyphy/ptII/ptolemy/actor/lib/jjs/modules/xbee/demo/XBeeHelloWorld/XBeeDataTypes.xml
Done sleeping
Exported /home/travis/build/icyphy/ptII/ptolemy/actor/lib/jjs/modules/xbee/demo/XBeeHelloWorld/XBeeDataTypes/index.html
6672 ms. Memory: 2812928K Free: 468976K (17%)
####### 44 Sun Mar 22 14:28:36 UTC 2020 $PTII/bin/ptinvoke ptolemy.vergil.basic.export.ExportModel -force htm  -openComposites -timeOut 30000 -whiteBackground ptolemy/actor/lib/jjs/modules/xbee/demo/XBeeHelloWorld/XBeeHelloWorld.xml $PTII/ptolemy/actor/lib/jjs/modules/xbee/demo/XBeeHelloWorld/XBeeHelloWorld
Warning: not running ptolemy/actor/lib/jjs/modules/xbee/demo/XBeeHelloWorld/XBeeHelloWorld.xml. See ptolemy/vergil/basic/export/test/junit/ExportModelJUnitTest.java
----------------- Sun Mar 22 14:28:36 UTC 2020 About to sleep for 5.0 seconds before running or rerunning.  Test is: /home/travis/build/icyphy/ptII/ptolemy/actor/lib/jjs/modules/xbee/demo/XBeeHelloWorld/XBeeHelloWorld.xml
Done sleeping
Exported /home/travis/build/icyphy/ptII/ptolemy/actor/lib/jjs/modules/xbee/demo/XBeeHelloWorld/XBeeHelloWorld/index.html
6671 ms. Memory: 2812928K Free: 566250K (20%)
####### 45 Sun Mar 22 14:28:48 UTC 2020 $PTII/bin/ptinvoke ptolemy.vergil.basic.export.ExportModel -force htm  -openComposites -timeOut 30000 -whiteBackground ptolemy/actor/lib/jmf/demo/VideoCapture/VideoCapture.xml $PTII/ptolemy/actor/lib/jmf/demo/VideoCapture/VideoCapture
Warning: not running ptolemy/actor/lib/jmf/demo/VideoCapture/VideoCapture.xml. See ptolemy/vergil/basic/export/test/junit/ExportModelJUnitTest.java
Exported /home/travis/build/icyphy/ptII/ptolemy/actor/lib/jmf/demo/VideoCapture/VideoCapture/index.html
3159 ms. Memory: 2812928K Free: 457703K (16%)
####### 46 Sun Mar 22 14:28:51 UTC 2020 $PTII/bin/ptinvoke ptolemy.vergil.basic.export.ExportModel -force htm -run -openComposites -timeOut 30000 -whiteBackground ptolemy/actor/lib/mail/demo/ExceptionEmailer/ExceptionEmailer.xml $PTII/ptolemy/actor/lib/mail/demo/ExceptionEmailer/ExceptionEmailer
Running .ExceptionEmailer
28 ms. Memory: 2812928K Free: 892495K (32%)
Exported /home/travis/build/icyphy/ptII/ptolemy/actor/lib/mail/demo/ExceptionEmailer/ExceptionEmailer/index.html
4232 ms. Memory: 2812928K Free: 848445K (30%)
####### 47 Sun Mar 22 14:28:55 UTC 2020 $PTII/bin/ptinvoke ptolemy.vergil.basic.export.ExportModel -force htm -run -openComposites -timeOut 30000 -whiteBackground ptolemy/actor/lib/mail/demo/SendMail/SendMail.xml $PTII/ptolemy/actor/lib/mail/demo/SendMail/SendMail
Running .SendMail
46 ms. Memory: 2812928K Free: 735805K (26%)
Exported /home/travis/build/icyphy/ptII/ptolemy/actor/lib/mail/demo/SendMail/SendMail/index.html
4263 ms. Memory: 2812928K Free: 875755K (31%)
####### 48 Sun Mar 22 14:28:59 UTC 2020 $PTII/bin/ptinvoke ptolemy.vergil.basic.export.ExportModel -force htm -run -openComposites -timeOut 30000 -whiteBackground ptolemy/actor/lib/python/demo/Ptolemnizer/Ptolemnizer.xml $PTII/ptolemy/actor/lib/python/demo/Ptolemnizer/Ptolemnizer
.Ptolemnizer.InteractiveShell invoked SwingUtilities.invokeAndWait()
Model ".Ptolemnizer" contains actors such cannot be run  as part of the export process from ExportModel or it has a WebExportParameters value that runBeforeExport set to false. To export run this model and export it, use vergil.
Exported /home/travis/build/icyphy/ptII/ptolemy/actor/lib/python/demo/Ptolemnizer/Ptolemnizer/index.html
7381 ms. Memory: 2812928K Free: 939497K (33%)
####### 49 Sun Mar 22 14:29:07 UTC 2020 $PTII/bin/ptinvoke ptolemy.vergil.basic.export.ExportModel -force htm -run -openComposites -timeOut 30000 -whiteBackground ptolemy/actor/lib/python/demo/PythonScale/PythonScale.xml $PTII/ptolemy/actor/lib/python/demo/PythonScale/PythonScale
Running .PythonScale
74 ms. Memory: 2812928K Free: 848878K (30%)
Exported /home/travis/build/icyphy/ptII/ptolemy/actor/lib/python/demo/PythonScale/PythonScale/index.html
4340 ms. Memory: 2812928K Free: 819200K (29%)
####### 50 Sun Mar 22 14:29:11 UTC 2020 $PTII/bin/ptinvoke ptolemy.vergil.basic.export.ExportModel -force htm  -openComposites -timeOut 30000 -whiteBackground ptolemy/actor/lib/python/demo/RecordManipulation/RecordManipulation.xml $PTII/ptolemy/actor/lib/python/demo/RecordManipulation/RecordManipulation
Warning: not running ptolemy/actor/lib/python/demo/RecordManipulation/RecordManipulation.xml. See ptolemy/vergil/basic/export/test/junit/ExportModelJUnitTest.java
Exported /home/travis/build/icyphy/ptII/ptolemy/actor/lib/python/demo/RecordManipulation/RecordManipulation/index.html
3272 ms. Memory: 2812928K Free: 693731K (25%)
####### 51 Sun Mar 22 14:29:14 UTC 2020 $PTII/bin/ptinvoke ptolemy.vergil.basic.export.ExportModel -force htm  -openComposites -timeOut 30000 -whiteBackground ptolemy/actor/lib/r/demo/R3DPlot/R3DPlot.xml $PTII/ptolemy/actor/lib/r/demo/R3DPlot/R3DPlot
Warning: not running ptolemy/actor/lib/r/demo/R3DPlot/R3DPlot.xml. See ptolemy/vergil/basic/export/test/junit/ExportModelJUnitTest.java
Exported /home/travis/build/icyphy/ptII/ptolemy/actor/lib/r/demo/R3DPlot/R3DPlot/index.html
3229 ms. Memory: 2812928K Free: 581611K (21%)
####### 52 Sun Mar 22 14:29:17 UTC 2020 $PTII/bin/ptinvoke ptolemy.vergil.basic.export.ExportModel -force htm  -openComposites -timeOut 30000 -whiteBackground ptolemy/actor/lib/r/demo/RRecordToDataframe/RRecordToDataframe.xml $PTII/ptolemy/actor/lib/r/demo/RRecordToDataframe/RRecordToDataframe
Warning: not running ptolemy/actor/lib/r/demo/RRecordToDataframe/RRecordToDataframe.xml. See ptolemy/vergil/basic/export/test/junit/ExportModelJUnitTest.java
Exported /home/travis/build/icyphy/ptII/ptolemy/actor/lib/r/demo/RRecordToDataframe/RRecordToDataframe/index.html
3241 ms. Memory: 2812928K Free: 879593K (31%)
####### 53 Sun Mar 22 14:29:21 UTC 2020 $PTII/bin/ptinvoke ptolemy.vergil.basic.export.ExportModel -force htm  -openComposites -timeOut 30000 -whiteBackground ptolemy/actor/lib/security/demo/Signature/Signature.xml $PTII/ptolemy/actor/lib/security/demo/Signature/Signature
Warning: not running ptolemy/actor/lib/security/demo/Signature/Signature.xml. See ptolemy/vergil/basic/export/test/junit/ExportModelJUnitTest.java
[...]
Warning: Nashorn engine is planned to be removed from a future JDK release
Warning: Nashorn engine is planned to be removed from a future JDK release
Warning: Nashorn engine is planned to be removed from a future JDK release
Warning: Nashorn engine is planned to be removed from a future JDK release
Warning: Nashorn engine is planned to be removed from a future JDK release
Warning: Nashorn engine is planned to be removed from a future JDK release
Warning: Nashorn engine is planned to be removed from a future JDK release
Warning: Nashorn engine is planned to be removed from a future JDK release
Warning: Nashorn engine is planned to be removed from a future JDK release
Warning: Nashorn engine is planned to be removed from a future JDK release
Warning: Nashorn engine is planned to be removed from a future JDK release
Warning: Nashorn engine is planned to be removed from a future JDK release
Warning: Nashorn engine is planned to be removed from a future JDK release
Warning: Nashorn engine is planned to be removed from a future JDK release
Warning: Nashorn engine is planned to be removed from a future JDK release
Warning: Nashorn engine is planned to be removed from a future JDK release
Warning: Nashorn engine is planned to be removed from a future JDK release
Warning: Nashorn engine is planned to be removed from a future JDK release
Warning: Nashorn engine is planned to be removed from a future JDK release
Warning: Nashorn engine is planned to be removed from a future JDK release
Warning: Nashorn engine is planned to be removed from a future JDK release
Warning: Nashorn engine is planned to be removed from a future JDK release
Warning: Nashorn engine is planned to be removed from a future JDK release
Warning: Nashorn engine is planned to be removed from a future JDK release
Warning: Nashorn engine is planned to be removed from a future JDK release
Warning: Nashorn engine is planned to be removed from a future JDK release
Warning: Nashorn engine is planned to be removed from a future JDK release
Warning: Nashorn engine is planned to be removed from a future JDK release
Warning: Nashorn engine is planned to be removed from a future JDK release
Warning: Nashorn engine is planned to be removed from a future JDK release
Warning: Nashorn engine is planned to be removed from a future JDK release
Warning: Nashorn engine is planned to be removed from a future JDK release
Warning: Nashorn engine is planned to be removed from a future JDK release
Warning: Nashorn engine is planned to be removed from a future JDK release
Warning: Nashorn engine is planned to be removed from a future JDK release
Warning: Nashorn engine is planned to be removed from a future JDK release
Warning: Nashorn engine is planned to be removed from a future JDK release
Warning: Nashorn engine is planned to be removed from a future JDK release
Warning: Nashorn engine is planned to be removed from a future JDK release
Warning: Nashorn engine is planned to be removed from a future JDK release
Warning: Nashorn engine is planned to be removed from a future JDK release
Warning: Nashorn engine is planned to be removed from a future JDK release
Warning: Nashorn engine is planned to be removed from a future JDK release
Warning: Nashorn engine is planned to be removed from a future JDK release
Warning: Nashorn engine is planned to be removed from a future JDK release
Warning: Nashorn engine is planned to be removed from a future JDK release
WARNING: Invoking send() too late (probably in a callback), so WebSocketServer is not able to send the token {socketID = 0, status = "closed"} to the output connection. Token is discarded.
WARNING: Invoking send() too late (probably in a callback), so WebSocketServer is not able to send the token {socketID = 0, status = "closed"} to the output connection. Token is discarded.
WARNING: WebSocketClient: Model stopped before executing actions (e.g. producing outputs) scheduled for execution at times [101.0]
Warning: Nashorn engine is planned to be removed from a future JDK release
Warning: Nashorn engine is planned to be removed from a future JDK release
Warning: Nashorn engine is planned to be removed from a future JDK release
Warning: Nashorn engine is planned to be removed from a future JDK release
Warning: Nashorn engine is planned to be removed from a future JDK release
Warning: Nashorn engine is planned to be removed from a future JDK release
Warning: Nashorn engine is planned to be removed from a future JDK release
Warning: Nashorn engine is planned to be removed from a future JDK release
Warning: Nashorn engine is planned to be removed from a future JDK release
Warning: Nashorn engine is planned to be removed from a future JDK release
Warning: Nashorn engine is planned to be removed from a future JDK release
Warning: Nashorn engine is planned to be removed from a future JDK release
Warning: Nashorn engine is planned to be removed from a future JDK release
Warning: Nashorn engine is planned to be removed from a future JDK release
Warning: Nashorn engine is planned to be removed from a future JDK release
Warning: Nashorn engine is planned to be removed from a future JDK release
Warning: Nashorn engine is planned to be removed from a future JDK release
Warning: Nashorn engine is planned to be removed from a future JDK release
Warning: Nashorn engine is planned to be removed from a future JDK release
Warning: Nashorn engine is planned to be removed from a future JDK release
Warning: Nashorn engine is planned to be removed from a future JDK release
Warning: Nashorn engine is planned to be removed from a future JDK release
Warning: Nashorn engine is planned to be removed from a future JDK release
Warning: Nashorn engine is planned to be removed from a future JDK release
Warning: Nashorn engine is planned to be removed from a future JDK release
Warning: Nashorn engine is planned to be removed from a future JDK release
Warning: Nashorn engine is planned to be removed from a future JDK release
Warning: Nashorn engine is planned to be removed from a future JDK release
Warning: Nashorn engine is planned to be removed from a future JDK release
Warning: Nashorn engine is planned to be removed from a future JDK release
Warning: Nashorn engine is planned to be removed from a future JDK release
Warning: Nashorn engine is planned to be removed from a future JDK release
Warning: Nashorn engine is planned to be removed from a future JDK release
Warning: Nashorn engine is planned to be removed from a future JDK release
Warning: Nashorn engine is planned to be removed from a future JDK release
Warning: Nashorn engine is planned to be removed from a future JDK release
Warning: Nashorn engine is planned to be removed from a future JDK release
Warning: Nashorn engine is planned to be removed from a future JDK release
Warning: Nashorn engine is planned to be removed from a future JDK release
Warning: Nashorn engine is planned to be removed from a future JDK release
Warning: Nashorn engine is planned to be removed from a future JDK release
Warning: Nashorn engine is planned to be removed from a future JDK release
Warning: Nashorn engine is planned to be removed from a future JDK release
Warning: Nashorn engine is planned to be removed from a future JDK release
Warning: Nashorn engine is planned to be removed from a future JDK release
Warning: Nashorn engine is planned to be removed from a future JDK release
Warning: Nashorn engine is planned to be removed from a future JDK release
Warning: Nashorn engine is planned to be removed from a future JDK release
WARNING: TestSpontaneous: Model stopped before executing actions (e.g. producing outputs) scheduled for execution at times [8.0]
Warning: Nashorn engine is planned to be removed from a future JDK release
Warning: Nashorn engine is planned to be removed from a future JDK release
Warning: Nashorn engine is planned to be removed from a future JDK release
Warning: Nashorn engine is planned to be removed from a future JDK release
Warning: Nashorn engine is planned to be removed from a future JDK release
Warning: Nashorn engine is planned to be removed from a future JDK release
Warning: Nashorn engine is planned to be removed from a future JDK release
Warning: Nashorn engine is planned to be removed from a future JDK release
Warning: Nashorn engine is planned to be removed from a future JDK release
Warning: Nashorn engine is planned to be removed from a future JDK release
Warning: Nashorn engine is planned to be removed from a future JDK release
Warning: Nashorn engine is planned to be removed from a future JDK release
Warning: Nashorn engine is planned to be removed from a future JDK release
Warning: Nashorn engine is planned to be removed from a future JDK release
Warning: Nashorn engine is planned to be removed from a future JDK release
Warning: Nashorn engine is planned to be removed from a future JDK release
Warning: Nashorn engine is planned to be removed from a future JDK release
Warning: Nashorn engine is planned to be removed from a future JDK release
Warning: Nashorn engine is planned to be removed from a future JDK release
Warning: Nashorn engine is planned to be removed from a future JDK release
Warning: Nashorn engine is planned to be removed from a future JDK release
Warning: Nashorn engine is planned to be removed from a future JDK release
Warning: Nashorn engine is planned to be removed from a future JDK release
Warning: Nashorn engine is planned to be removed from a future JDK release
Warning: Nashorn engine is planned to be removed from a future JDK release
Warning: Nashorn engine is planned to be removed from a future JDK release
[atomic-processor-1] INFO com.github.sarxos.webcam.ds.cgt.WebcamOpenTask - Opening webcam Dummy Webcam 0
Warning: Nashorn engine is planned to be removed from a future JDK release
Warning: Nashorn engine is planned to be removed from a future JDK release
Warning: Nashorn engine is planned to be removed from a future JDK release
Warning: Nashorn engine is planned to be removed from a future JDK release
Warning: Nashorn engine is planned to be removed from a future JDK release
Warning: Nashorn engine is planned to be removed from a future JDK release
[atomic-processor-1] INFO com.github.sarxos.webcam.ds.cgt.WebcamCloseTask - Closing Dummy Webcam 0
WARNING: Camera: Model stopped before executing actions (e.g. producing outputs) scheduled for execution at times [4.949, 13.366, 17.689, 8.875, 20.487000000000002, 3.821, 23.619, 46.217, 11.131, 27.818, 46.112, 17.479, 7.539000000000001, 25.835, 4.846, 14.179, 20.59, 48.534, 38.092, 37.781, 15.601, 37.884, 17.584, 46.007000000000005, 5.365, 5.26, 32.666000000000004, 37.573, 14.788, 43.692, 33.183, 37.47, 18.109, 48.851, 20.281000000000002, 43.587, 2.987, 23.936, 15.805, 11.030000000000001, 25.73, 33.08, 11.944, 32.769, 17.374000000000002, 43.171, 43.379000000000005, 26.486, 12.045, 16.013, 45.480000000000004, 45.690000000000005, 8.358, 46.744, 40.062000000000005, 31.32, 13.57, 38.506, 43.068000000000005, 12.452, 15.093, 2.781, 24.253, 24.041, 32.252, 6.917, 13.265, 35.164, 6.7090000000000005, 20.796, 38.714, 41.72, 45.27, 20.075, 28.022000000000002, 21.726, 22.987000000000002, 2.573, 16.219, 29.047, 9.186, 8.564, 48.324000000000005, 47.797000000000004, 10.826, 11.74, 34.529, 17.899, 8.152000000000001, 18.426000000000002, 14.484, 47.164, 18.636, 30.492, 17.162, 15.5, 2.099, 21.52, 23.514, 1.05, 41.306000000000004, 49.061, 4.642, 40.684000000000005, 30.906000000000002, 46.954, 25.413, 39.854, 40.476, 34.321, 43.902, 3.613, 21.416, 8.05, 29.561, 49.798, 6.088, 11.538, 0.636, 19.057000000000002, 18.952, 22.67, 36.538000000000004, 44.744, 0.428, 12.249, 15.296000000000001, 22.775000000000002, 12.351, 28.330000000000002, 16.531000000000002, 24.569000000000003, 47.586, 31.734, 6.399, 39.544000000000004, 34.011, 28.432000000000002, 19.66, 2.3080000000000003, 32.045, 13.773, 42.239000000000004, 4.54, 24.674, 11.436, 29.251, 50.114000000000004, 5.881, 49.587, 16.636, 49.692, 42.031, 42.549, 0.11800000000000001, 5.672000000000001, 27.101000000000003, 36.227000000000004, 36.848, 26.176000000000002, 45.059000000000005, 29.871000000000002, 24.463, 16.323, 45.164, 27.203, 29.354000000000003, 35.914, 44.323, 35.28, 37.055, 13.874, 42.341, 34.948, 29.769000000000002, 36.745000000000005, 36.33, 42.756, 22.564, 50.22, 30.079, 33.598, 35.059000000000005, 48.113, 9.705, 9.497, 41.513, 37.263, 35.488, 25.202, 46.639, 36.02, 28.636000000000003, 1.476, 23.303, 21.005, 11.639000000000001, 49.272, 6.606, 16.951, 27.512, 33.39, 21.107, 43.797000000000004, 11.334, 13.976, 30.389, 38.299, 22.037, 14.078000000000001, 27.716, 34.634, 7.1240000000000006, 13.671000000000001, 18.004, 39.025, 19.868000000000002, 48.219, 31.527, 38.817, 18.531000000000002, 21.209, 7.744000000000001, 0.8430000000000001, 47.059000000000005, 22.143, 40.995000000000005, 3.198, 40.269, 1.994, 17.057000000000002, 3.406, 8.771, 4.03, 5.053, 8.979000000000001, 32.976, 26.691000000000003, 7.4350000000000005, 23.725, 48.64, 30.699, 11.842, 10.42, 46.428000000000004, 37.677, 37.988, 28.842000000000002, 7.332, 30.596, 25.624000000000002, 14.89, 46.533, 27.92, 5.156000000000001, 12.554, 21.931, 33.287, 13.468, 1.354, 43.483000000000004, 20.385, 14.281, 45.796, 23.830000000000002, 32.873000000000005, 5.4670000000000005, 32.562000000000005, 1.2530000000000001, 48.745000000000005, 10.521, 18.215, 15.703000000000001, 35.696, 43.275, 45.901, 15.909, 28.533, 7.847, 26.382, 8.254, 45.586, 6.813000000000001, 20.179000000000002, 26.998, 21.828, 39.958, 27.615000000000002, 44.008, 42.964, 31.216, 38.61, 49.167, 10.928, 23.198, 44.218, 2.8850000000000002, 50.325, 25.307000000000002, 30.182000000000002, 7.021, 14.382, 33.701, 49.377, 41.824, 25.966, 29.149, 37.366, 19.971, 32.356, 28.739, 4.337, 9.082, 11.233, 19.373, 22.881, 12.147, 23.408, 26.588, 9.290000000000001, 41.202, 15.398, 34.425000000000004, 33.907000000000004, 19.163, 31.01, 13.163, 24.78, 4.133, 40.788000000000004, 41.410000000000004, 28.124000000000002, 7.641, 8.668000000000001, 3.9250000000000003, 4.744, 40.58, 8.462, 24.147000000000002, 1.579, 30.802, 3.717, 22.248, 34.217, 39.75, 47.691, 27.306, 0.532, 6.192, 0.74, 49.903, 44.849000000000004, 1.889, 44.639, 34.114000000000004, 39.440000000000005, 18.847, 31.838, 39.232, 0.324, 9.911, 50.009, 1.784, 31.630000000000003, 31.941000000000003, 27.409000000000002, 39.337, 14.585, 44.534, 13.062000000000001, 5.984, 6.295, 18.742, 16.426000000000002, 47.481, 2.204, 42.135, 44.954, 39.129000000000005, 0.221, 19.556, 26.071, 32.148, 16.846, 22.354, 24.991, 5.777, 41.927, 47.27, 15.195, 36.123000000000005, 10.012, 42.653, 7.949000000000001, 22.459, 0.014, 42.861000000000004, 2.4130000000000003, 35.809000000000005, 44.428000000000004, 12.96, 47.375, 36.951, 29.458000000000002, 34.844, 29.665000000000003, 4.439, 35.384, 42.445, 16.741, 36.434000000000005, 36.641, 26.28, 25.097, 49.482, 32.459, 41.617000000000004, 2.678, 12.859, 23.092000000000002, 9.601, 48.008, 35.592, 37.159, 16.116, 46.849000000000004, 10.114, 47.902, 9.393, 48.956, 10.623000000000001, 29.975, 20.901, 26.895, 33.494, 45.375, 20.693, 6.502000000000001, 1.151, 33.804, 9.809000000000001, 17.267, 24.358, 14.687000000000001, 18.321, 5.5680000000000005, 30.285, 38.403, 44.113, 12.757, 21.623, 28.227, 31.423000000000002, 34.738, 7.228000000000001, 0.9470000000000001, 19.268, 25.518, 40.373000000000005, 4.236, 39.647, 1.6820000000000002, 19.764, 38.195, 26.793, 38.921, 46.322, 21.313000000000002, 3.5100000000000002, 41.099000000000004, 10.318, 28.944000000000003, 40.891, 10.725, 3.0940000000000003, 14.992, 31.113, 12.655000000000001, 40.165, 24.885, 17.794, 3.302, 10.216000000000001, 48.429]
Warning: Nashorn engine is planned to be removed from a future JDK release
Warning: Nashorn engine is planned to be removed from a future JDK release
Warning: Nashorn engine is planned to be removed from a future JDK release
Warning: Nashorn engine is planned to be removed from a future JDK release
Warning: Nashorn engine is planned to be removed from a future JDK release
Warning: Nashorn engine is planned to be removed from a future JDK release
Warning: Nashorn engine is planned to be removed from a future JDK release
Warning: Nashorn engine is planned to be removed from a future JDK release
Warning: Nashorn engine is planned to be removed from a future JDK release
Warning: Nashorn engine is planned to be removed from a future JDK release
Warning: Nashorn engine is planned to be removed from a future JDK release
Warning: Nashorn engine is planned to be removed from a future JDK release
Warning: Nashorn engine is planned to be removed from a future JDK release
Warning: Nashorn engine is planned to be removed from a future JDK release
Warning: Nashorn engine is planned to be removed from a future JDK release
Warning: Nashorn engine is planned to be removed from a future JDK release
Warning: Nashorn engine is planned to be removed from a future JDK release
Warning: Nashorn engine is planned to be removed from a future JDK release
Warning: Nashorn engine is planned to be removed from a future JDK release
Warning: Nashorn engine is planned to be removed from a future JDK release
Warning: Nashorn engine is planned to be removed from a future JDK release
Warning: Nashorn engine is planned to be removed from a future JDK release
Warning: Nashorn engine is planned to be removed from a future JDK release
Warning: Nashorn engine is planned to be removed from a future JDK release
WARNING: TestSpontaneous: Model stopped before executing actions (e.g. producing outputs) scheduled for execution at times [12.5]
Warning: Nashorn engine is planned to be removed from a future JDK release
Warning: Nashorn engine is planned to be removed from a future JDK release
Warning: Nashorn engine is planned to be removed from a future JDK release
Warning: Nashorn engine is planned to be removed from a future JDK release
Warning: Nashorn engine is planned to be removed from a future JDK release
Warning: Nashorn engine is planned to be removed from a future JDK release
Warning: Nashorn engine is planned to be removed from a future JDK release
Warning: Nashorn engine is planned to be removed from a future JDK release
Warning: Nashorn engine is planned to be removed from a future JDK release
Warning: Nashorn engine is planned to be removed from a future JDK release
Warning: Nashorn engine is planned to be removed from a future JDK release
Warning: Nashorn engine is planned to be removed from a future JDK release
Warning: Nashorn engine is planned to be removed from a future JDK release
Warning: Nashorn engine is planned to be removed from a future JDK release
Warning: Nashorn engine is planned to be removed from a future JDK release
Warning: Nashorn engine is planned to be removed from a future JDK release
Warning: Nashorn engine is planned to be removed from a future JDK release
Warning: Nashorn engine is planned to be removed from a future JDK release
Warning: Nashorn engine is planned to be removed from a future JDK release
Warning: Nashorn engine is planned to be removed from a future JDK release
Warning: Nashorn engine is planned to be removed from a future JDK release
Warning: Nashorn engine is planned to be removed from a future JDK release
Warning: Nashorn engine is planned to be removed from a future JDK release
Warning: Nashorn engine is planned to be removed from a future JDK release
Warning: Nashorn engine is planned to be removed from a future JDK release
Warning: Nashorn engine is planned to be removed from a future JDK release
Warning: Nashorn engine is planned to be removed from a future JDK release
Warning: Nashorn engine is planned to be removed from a future JDK release
Warning: Running an XSLT 1.0 stylesheet with an XSLT 2.0 processor
Warning: Running an XSLT 1.0 stylesheet with an XSLT 2.0 processor
Warning: Running an XSLT 1.0 stylesheet with an XSLT 2.0 processor
]]></system-err>
</testsuite>
