<?xml version="1.0" encoding="UTF-8" ?>
<testsuite errors="0" failures="0" hostname="travis-job-129e3990-b477-4adf-8571-eb9fb05901e3" name="ptolemy.domains.continuous.test.junit.JUnitTclTest" skipped="0" tests="156" time="76.652" timestamp="2019-08-27T05:26:41">
  <properties>
[...]
</properties>
  <testcase classname="ptolemy.util.test.junit.TclTests" name="[0] ThereAreNoTclTests (RunTclFile)" time="0.014" />
  <testcase classname="ptolemy.util.test.junit.AutoKnownFailedTests" name="[0] ThereAreNoKnowFailedTests (RunModel)" time="0.007" />
  <testcase classname="ptolemy.util.test.junit.AutoNameArchTests" name="[0] ThereAreNoAutoArchTests (RunModel)" time="0.02" />
  <testcase classname="ptolemy.util.test.junit.AutoTests" name="[0] /home/travis/build/icyphy/ptII/ptolemy/domains/continuous/test/auto/BouncingBall.xml (RunModel)" time="3.113" />
  <testcase classname="ptolemy.util.test.junit.AutoTests" name="[1] /home/travis/build/icyphy/ptII/ptolemy/domains/continuous/test/auto/BouncingBallWithoutGR.xml (RunModel)" time="0.997" />
  <testcase classname="ptolemy.util.test.junit.AutoTests" name="[2] /home/travis/build/icyphy/ptII/ptolemy/domains/continuous/test/auto/Brownian.xml (RunModel)" time="0.093" />
  <testcase classname="ptolemy.util.test.junit.AutoTests" name="[3] /home/travis/build/icyphy/ptII/ptolemy/domains/continuous/test/auto/CarTracking.xml (RunModel)" time="4.327" />
  <testcase classname="ptolemy.util.test.junit.AutoTests" name="[4] /home/travis/build/icyphy/ptII/ptolemy/domains/continuous/test/auto/CartPendulum.xml (RunModel)" time="0.611" />
  <testcase classname="ptolemy.util.test.junit.AutoTests" name="[5] /home/travis/build/icyphy/ptII/ptolemy/domains/continuous/test/auto/CausalityInterface10.xml (RunModel)" time="0.059" />
  <testcase classname="ptolemy.util.test.junit.AutoTests" name="[6] /home/travis/build/icyphy/ptII/ptolemy/domains/continuous/test/auto/CausalityInterface11.xml (RunModel)" time="0.034" />
  <testcase classname="ptolemy.util.test.junit.AutoTests" name="[7] /home/travis/build/icyphy/ptII/ptolemy/domains/continuous/test/auto/CausalityInterface12.xml (RunModel)" time="0.037" />
  <testcase classname="ptolemy.util.test.junit.AutoTests" name="[8] /home/travis/build/icyphy/ptII/ptolemy/domains/continuous/test/auto/CausalityInterface13.xml (RunModel)" time="0.04" />
  <testcase classname="ptolemy.util.test.junit.AutoTests" name="[9] /home/travis/build/icyphy/ptII/ptolemy/domains/continuous/test/auto/CausalityInterface14.xml (RunModel)" time="0.026" />
  <testcase classname="ptolemy.util.test.junit.AutoTests" name="[10] /home/travis/build/icyphy/ptII/ptolemy/domains/continuous/test/auto/CausalityInterface4.xml (RunModel)" time="0.034" />
  <testcase classname="ptolemy.util.test.junit.AutoTests" name="[11] /home/travis/build/icyphy/ptII/ptolemy/domains/continuous/test/auto/CausalityInterface5.xml (RunModel)" time="0.032" />
  <testcase classname="ptolemy.util.test.junit.AutoTests" name="[12] /home/travis/build/icyphy/ptII/ptolemy/domains/continuous/test/auto/CausalityInterface6.xml (RunModel)" time="0.028" />
  <testcase classname="ptolemy.util.test.junit.AutoTests" name="[13] /home/travis/build/icyphy/ptII/ptolemy/domains/continuous/test/auto/CausalityInterface7.xml (RunModel)" time="0.043" />
  <testcase classname="ptolemy.util.test.junit.AutoTests" name="[14] /home/travis/build/icyphy/ptII/ptolemy/domains/continuous/test/auto/CausalityInterface8.xml (RunModel)" time="0.035" />
  <testcase classname="ptolemy.util.test.junit.AutoTests" name="[15] /home/travis/build/icyphy/ptII/ptolemy/domains/continuous/test/auto/CausalityInterface9.xml (RunModel)" time="0.046" />
  <testcase classname="ptolemy.util.test.junit.AutoTests" name="[16] /home/travis/build/icyphy/ptII/ptolemy/domains/continuous/test/auto/CausalityInterfaceFeedback1.xml (RunModel)" time="0.033" />
  <testcase classname="ptolemy.util.test.junit.AutoTests" name="[17] /home/travis/build/icyphy/ptII/ptolemy/domains/continuous/test/auto/CausalityInterfaceFeedback2.xml (RunModel)" time="0.046" />
  <testcase classname="ptolemy.util.test.junit.AutoTests" name="[18] /home/travis/build/icyphy/ptII/ptolemy/domains/continuous/test/auto/CompareWithCurrentTime.xml (RunModel)" time="0.015" />
  <testcase classname="ptolemy.util.test.junit.AutoTests" name="[19] /home/travis/build/icyphy/ptII/ptolemy/domains/continuous/test/auto/ComparedClocks.xml (RunModel)" time="0.077" />
  <testcase classname="ptolemy.util.test.junit.AutoTests" name="[20] /home/travis/build/icyphy/ptII/ptolemy/domains/continuous/test/auto/ContinuousAOCClone.xml (RunModel)" time="2.689" />
  <testcase classname="ptolemy.util.test.junit.AutoTests" name="[21] /home/travis/build/icyphy/ptII/ptolemy/domains/continuous/test/auto/ContinuousClock.xml (RunModel)" time="0.071" />
  <testcase classname="ptolemy.util.test.junit.AutoTests" name="[22] /home/travis/build/icyphy/ptII/ptolemy/domains/continuous/test/auto/ContinuousInContinuous.xml (RunModel)" time="0.095" />
  <testcase classname="ptolemy.util.test.junit.AutoTests" name="[23] /home/travis/build/icyphy/ptII/ptolemy/domains/continuous/test/auto/ContinuousInContinuousInContinuous.xml (RunModel)" time="0.03" />
  <testcase classname="ptolemy.util.test.junit.AutoTests" name="[24] /home/travis/build/icyphy/ptII/ptolemy/domains/continuous/test/auto/ContinuousInDE.xml (RunModel)" time="0.083" />
  <testcase classname="ptolemy.util.test.junit.AutoTests" name="[25] /home/travis/build/icyphy/ptII/ptolemy/domains/continuous/test/auto/ContinuousInDE2.xml (RunModel)" time="0.08" />
  <testcase classname="ptolemy.util.test.junit.AutoTests" name="[26] /home/travis/build/icyphy/ptII/ptolemy/domains/continuous/test/auto/ContinuousInDE3.xml (RunModel)" time="0.059" />
  <testcase classname="ptolemy.util.test.junit.AutoTests" name="[27] /home/travis/build/icyphy/ptII/ptolemy/domains/continuous/test/auto/ContinuousInDE4.xml (RunModel)" time="0.037" />
  <testcase classname="ptolemy.util.test.junit.AutoTests" name="[28] /home/travis/build/icyphy/ptII/ptolemy/domains/continuous/test/auto/ContinuousInDEDifferentRefinements.xml (RunModel)" time="0.108" />
  <testcase classname="ptolemy.util.test.junit.AutoTests" name="[29] /home/travis/build/icyphy/ptII/ptolemy/domains/continuous/test/auto/ContinuousInDEDifferentRefinementsPreemptive.xml (RunModel)" time="0.092" />
  <testcase classname="ptolemy.util.test.junit.AutoTests" name="[30] /home/travis/build/icyphy/ptII/ptolemy/domains/continuous/test/auto/ContinuousInDEInContinuous2.xml (RunModel)" time="0.061" />
  <testcase classname="ptolemy.util.test.junit.AutoTests" name="[31] /home/travis/build/icyphy/ptII/ptolemy/domains/continuous/test/auto/ContinuousInDEInContinuous3.xml (RunModel)" time="0.063" />
  <testcase classname="ptolemy.util.test.junit.AutoTests" name="[32] /home/travis/build/icyphy/ptII/ptolemy/domains/continuous/test/auto/ContinuousInDEInput.xml (RunModel)" time="0.036" />
  <testcase classname="ptolemy.util.test.junit.AutoTests" name="[33] /home/travis/build/icyphy/ptII/ptolemy/domains/continuous/test/auto/ContinuousInDEInput2.xml (RunModel)" time="0.045" />
  <testcase classname="ptolemy.util.test.junit.AutoTests" name="[34] /home/travis/build/icyphy/ptII/ptolemy/domains/continuous/test/auto/ContinuousInDEInput3.xml (RunModel)" time="0.031" />
  <testcase classname="ptolemy.util.test.junit.AutoTests" name="[35] /home/travis/build/icyphy/ptII/ptolemy/domains/continuous/test/auto/ContinuousInDESharingRefinement.xml (RunModel)" time="0.169" />
  <testcase classname="ptolemy.util.test.junit.AutoTests" name="[36] /home/travis/build/icyphy/ptII/ptolemy/domains/continuous/test/auto/ContinuousInDEwithNoPorts.xml (RunModel)" time="0.021" />
  <testcase classname="ptolemy.util.test.junit.AutoTests" name="[37] /home/travis/build/icyphy/ptII/ptolemy/domains/continuous/test/auto/ContinuousInsideDE.xml (RunModel)" time="0.1" />
  <testcase classname="ptolemy.util.test.junit.AutoTests" name="[38] /home/travis/build/icyphy/ptII/ptolemy/domains/continuous/test/auto/ContinuousMerge1.xml (RunModel)" time="0.012" />
  <testcase classname="ptolemy.util.test.junit.AutoTests" name="[39] /home/travis/build/icyphy/ptII/ptolemy/domains/continuous/test/auto/ContinuousMerge2.xml (RunModel)" time="0.044" />
  <testcase classname="ptolemy.util.test.junit.AutoTests" name="[40] /home/travis/build/icyphy/ptII/ptolemy/domains/continuous/test/auto/ContinuousMerge3.xml (RunModel)" time="0.071" />
  <testcase classname="ptolemy.util.test.junit.AutoTests" name="[41] /home/travis/build/icyphy/ptII/ptolemy/domains/continuous/test/auto/ContinuousWithinContinuous.xml (RunModel)" time="0.062" />
  <testcase classname="ptolemy.util.test.junit.AutoTests" name="[42] /home/travis/build/icyphy/ptII/ptolemy/domains/continuous/test/auto/ContinuousWithinContinuous2.xml (RunModel)" time="0.076" />
  <testcase classname="ptolemy.util.test.junit.AutoTests" name="[43] /home/travis/build/icyphy/ptII/ptolemy/domains/continuous/test/auto/ContinuousWithinContinuous3.xml (RunModel)" time="0.025" />
  <testcase classname="ptolemy.util.test.junit.AutoTests" name="[44] /home/travis/build/icyphy/ptII/ptolemy/domains/continuous/test/auto/ContinuousWithinContinuous4.xml (RunModel)" time="0.085" />
  <testcase classname="ptolemy.util.test.junit.AutoTests" name="[45] /home/travis/build/icyphy/ptII/ptolemy/domains/continuous/test/auto/ContinuousWithinContinuous5.xml (RunModel)" time="0.034" />
  <testcase classname="ptolemy.util.test.junit.AutoTests" name="[46] /home/travis/build/icyphy/ptII/ptolemy/domains/continuous/test/auto/ContinuousWithinContinuous6.xml (RunModel)" time="0.027" />
  <testcase classname="ptolemy.util.test.junit.AutoTests" name="[47] /home/travis/build/icyphy/ptII/ptolemy/domains/continuous/test/auto/ContinuousWithinContinuous7.xml (RunModel)" time="0.072" />
  <testcase classname="ptolemy.util.test.junit.AutoTests" name="[48] /home/travis/build/icyphy/ptII/ptolemy/domains/continuous/test/auto/DCMotor.xml (RunModel)" time="13.085" />
  <testcase classname="ptolemy.util.test.junit.AutoTests" name="[49] /home/travis/build/icyphy/ptII/ptolemy/domains/continuous/test/auto/DEInContinuous.xml (RunModel)" time="0.026" />
  <testcase classname="ptolemy.util.test.junit.AutoTests" name="[50] /home/travis/build/icyphy/ptII/ptolemy/domains/continuous/test/auto/DEinContinuous2.xml (RunModel)" time="0.035" />
  <testcase classname="ptolemy.util.test.junit.AutoTests" name="[51] /home/travis/build/icyphy/ptII/ptolemy/domains/continuous/test/auto/Derivative.xml (RunModel)" time="0.219" />
  <testcase classname="ptolemy.util.test.junit.AutoTests" name="[52] /home/travis/build/icyphy/ptII/ptolemy/domains/continuous/test/auto/Derivative1.xml (RunModel)" time="0.041" />
  <testcase classname="ptolemy.util.test.junit.AutoTests" name="[53] /home/travis/build/icyphy/ptII/ptolemy/domains/continuous/test/auto/DiscreteClock.xml (RunModel)" time="0.016" />
  <testcase classname="ptolemy.util.test.junit.AutoTests" name="[54] /home/travis/build/icyphy/ptII/ptolemy/domains/continuous/test/auto/EfficiencyCurve.xml (RunModel)" time="0.104" />
  <testcase classname="ptolemy.util.test.junit.AutoTests" name="[55] /home/travis/build/icyphy/ptII/ptolemy/domains/continuous/test/auto/ExponentialResponse.xml (RunModel)" time="0.117" />
  <testcase classname="ptolemy.util.test.junit.AutoTests" name="[56] /home/travis/build/icyphy/ptII/ptolemy/domains/continuous/test/auto/ExponentialResponseRK45.xml (RunModel)" time="0.033" />
  <testcase classname="ptolemy.util.test.junit.AutoTests" name="[57] /home/travis/build/icyphy/ptII/ptolemy/domains/continuous/test/auto/Friction.xml (RunModel)" time="1.53" />
  <testcase classname="ptolemy.util.test.junit.AutoTests" name="[58] /home/travis/build/icyphy/ptII/ptolemy/domains/continuous/test/auto/FurutaPendulum.xml (RunModel)" time="3.416" />
  <testcase classname="ptolemy.util.test.junit.AutoTests" name="[59] /home/travis/build/icyphy/ptII/ptolemy/domains/continuous/test/auto/HierarchicalExecution.xml (RunModel)" time="2.245" />
  <testcase classname="ptolemy.util.test.junit.AutoTests" name="[60] /home/travis/build/icyphy/ptII/ptolemy/domains/continuous/test/auto/HybridPlant.xml (RunModel)" time="0.599" />
  <testcase classname="ptolemy.util.test.junit.AutoTests" name="[61] /home/travis/build/icyphy/ptII/ptolemy/domains/continuous/test/auto/Hysteresis.xml (RunModel)" time="0.184" />
  <testcase classname="ptolemy.util.test.junit.AutoTests" name="[62] /home/travis/build/icyphy/ptII/ptolemy/domains/continuous/test/auto/HysteresisWithRandomDelay.xml (RunModel)" time="0.236" />
  <testcase classname="ptolemy.util.test.junit.AutoTests" name="[63] /home/travis/build/icyphy/ptII/ptolemy/domains/continuous/test/auto/HysteresisWithRandomLosses.xml (RunModel)" time="2.399" />
  <testcase classname="ptolemy.util.test.junit.AutoTests" name="[64] /home/travis/build/icyphy/ptII/ptolemy/domains/continuous/test/auto/ImmediateTransitions.xml (RunModel)" time="0.024" />
  <testcase classname="ptolemy.util.test.junit.AutoTests" name="[65] /home/travis/build/icyphy/ptII/ptolemy/domains/continuous/test/auto/ImpulseFeedback.xml (RunModel)" time="0.019" />
  <testcase classname="ptolemy.util.test.junit.AutoTests" name="[66] /home/travis/build/icyphy/ptII/ptolemy/domains/continuous/test/auto/ImpulseFeedback2.xml (RunModel)" time="0.014" />
  <testcase classname="ptolemy.util.test.junit.AutoTests" name="[67] /home/travis/build/icyphy/ptII/ptolemy/domains/continuous/test/auto/IncreasingRatePoisson.xml (RunModel)" time="0.797" />
  <testcase classname="ptolemy.util.test.junit.AutoTests" name="[68] /home/travis/build/icyphy/ptII/ptolemy/domains/continuous/test/auto/InitialStateFeedback.xml (RunModel)" time="0.015" />
  <testcase classname="ptolemy.util.test.junit.AutoTests" name="[69] /home/travis/build/icyphy/ptII/ptolemy/domains/continuous/test/auto/Integration.xml (RunModel)" time="0.012" />
  <testcase classname="ptolemy.util.test.junit.AutoTests" name="[70] /home/travis/build/icyphy/ptII/ptolemy/domains/continuous/test/auto/Integration2.xml (RunModel)" time="0.112" />
  <testcase classname="ptolemy.util.test.junit.AutoTests" name="[71] /home/travis/build/icyphy/ptII/ptolemy/domains/continuous/test/auto/Integration3.xml (RunModel)" time="0.012" />
  <testcase classname="ptolemy.util.test.junit.AutoTests" name="[72] /home/travis/build/icyphy/ptII/ptolemy/domains/continuous/test/auto/Integration5.xml (RunModel)" time="0.009" />
  <testcase classname="ptolemy.util.test.junit.AutoTests" name="[73] /home/travis/build/icyphy/ptII/ptolemy/domains/continuous/test/auto/IntegratorImpulse.xml (RunModel)" time="0.009" />
  <testcase classname="ptolemy.util.test.junit.AutoTests" name="[74] /home/travis/build/icyphy/ptII/ptolemy/domains/continuous/test/auto/IntegratorImpulse2.xml (RunModel)" time="0.011" />
  <testcase classname="ptolemy.util.test.junit.AutoTests" name="[75] /home/travis/build/icyphy/ptII/ptolemy/domains/continuous/test/auto/LevelCrossing1.xml (RunModel)" time="0.011" />
  <testcase classname="ptolemy.util.test.junit.AutoTests" name="[76] /home/travis/build/icyphy/ptII/ptolemy/domains/continuous/test/auto/LevelCrossing2.xml (RunModel)" time="0.017" />
  <testcase classname="ptolemy.util.test.junit.AutoTests" name="[77] /home/travis/build/icyphy/ptII/ptolemy/domains/continuous/test/auto/LevelCrossing3.xml (RunModel)" time="0.014" />
  <testcase classname="ptolemy.util.test.junit.AutoTests" name="[78] /home/travis/build/icyphy/ptII/ptolemy/domains/continuous/test/auto/LevelCrossing4.xml (RunModel)" time="0.014" />
  <testcase classname="ptolemy.util.test.junit.AutoTests" name="[79] /home/travis/build/icyphy/ptII/ptolemy/domains/continuous/test/auto/LevelCrossing5.xml (RunModel)" time="0.013" />
  <testcase classname="ptolemy.util.test.junit.AutoTests" name="[80] /home/travis/build/icyphy/ptII/ptolemy/domains/continuous/test/auto/LevelCrossing6.xml (RunModel)" time="0.012" />
  <testcase classname="ptolemy.util.test.junit.AutoTests" name="[81] /home/travis/build/icyphy/ptII/ptolemy/domains/continuous/test/auto/LevelCrossingDetector.xml (RunModel)" time="0.042" />
  <testcase classname="ptolemy.util.test.junit.AutoTests" name="[82] /home/travis/build/icyphy/ptII/ptolemy/domains/continuous/test/auto/LevelCrossingDetectorDetectingDirections.xml (RunModel)" time="0.09" />
  <testcase classname="ptolemy.util.test.junit.AutoTests" name="[83] /home/travis/build/icyphy/ptII/ptolemy/domains/continuous/test/auto/LevelCrossingDetectorDetectsGlitches.xml (RunModel)" time="0.058" />
  <testcase classname="ptolemy.util.test.junit.AutoTests" name="[84] /home/travis/build/icyphy/ptII/ptolemy/domains/continuous/test/auto/LevelCrossingNoInitialOuput.xml (RunModel)" time="0.012" />
  <testcase classname="ptolemy.util.test.junit.AutoTests" name="[85] /home/travis/build/icyphy/ptII/ptolemy/domains/continuous/test/auto/LinearStateSpaceExample.xml (RunModel)" time="0.061" />
  <testcase classname="ptolemy.util.test.junit.AutoTests" name="[86] /home/travis/build/icyphy/ptII/ptolemy/domains/continuous/test/auto/Lorenz.xml (RunModel)" time="4.007" />
  <testcase classname="ptolemy.util.test.junit.AutoTests" name="[87] /home/travis/build/icyphy/ptII/ptolemy/domains/continuous/test/auto/LorenzDifferentialSystem.xml (RunModel)" time="1.204" />
  <testcase classname="ptolemy.util.test.junit.AutoTests" name="[88] /home/travis/build/icyphy/ptII/ptolemy/domains/continuous/test/auto/LorenzDifferentialSystemWithInput.xml (RunModel)" time="1.543" />
  <testcase classname="ptolemy.util.test.junit.AutoTests" name="[89] /home/travis/build/icyphy/ptII/ptolemy/domains/continuous/test/auto/LorenzDifferentialSystemWithTime.xml (RunModel)" time="0.764" />
  <testcase classname="ptolemy.util.test.junit.AutoTests" name="[90] /home/travis/build/icyphy/ptII/ptolemy/domains/continuous/test/auto/Microsteps.xml (RunModel)" time="0.025" />
  <testcase classname="ptolemy.util.test.junit.AutoTests" name="[91] /home/travis/build/icyphy/ptII/ptolemy/domains/continuous/test/auto/Modal1.xml (RunModel)" time="0.05" />
  <testcase classname="ptolemy.util.test.junit.AutoTests" name="[92] /home/travis/build/icyphy/ptII/ptolemy/domains/continuous/test/auto/Modal2.xml (RunModel)" time="0.049" />
  <testcase classname="ptolemy.util.test.junit.AutoTests" name="[93] /home/travis/build/icyphy/ptII/ptolemy/domains/continuous/test/auto/ModalTransitionGuardWithReset.xml (RunModel)" time="0.031" />
  <testcase classname="ptolemy.util.test.junit.AutoTests" name="[94] /home/travis/build/icyphy/ptII/ptolemy/domains/continuous/test/auto/ModalTransitionGuardWithResetUsingPreemptiveTransition.xml (RunModel)" time="0.038" />
  <testcase classname="ptolemy.util.test.junit.AutoTests" name="[95] /home/travis/build/icyphy/ptII/ptolemy/domains/continuous/test/auto/ModalTransitionGuardWithResetUsingPreemptiveTransition2.xml (RunModel)" time="0.039" />
  <testcase classname="ptolemy.util.test.junit.AutoTests" name="[96] /home/travis/build/icyphy/ptII/ptolemy/domains/continuous/test/auto/ModalTransitionGuardWithResetUsingPreemptiveTransition3.xml (RunModel)" time="0.024" />
  <testcase classname="ptolemy.util.test.junit.AutoTests" name="[97] /home/travis/build/icyphy/ptII/ptolemy/domains/continuous/test/auto/NewtonsCradle.xml (RunModel)" time="0.838" />
  <testcase classname="ptolemy.util.test.junit.AutoTests" name="[98] /home/travis/build/icyphy/ptII/ptolemy/domains/continuous/test/auto/NewtonsCradleAnimated.xml (RunModel)" time="1.401" />
  <testcase classname="ptolemy.util.test.junit.AutoTests" name="[99] /home/travis/build/icyphy/ptII/ptolemy/domains/continuous/test/auto/NewtonsCradleComplicated.xml (RunModel)" time="1.046" />
  <testcase classname="ptolemy.util.test.junit.AutoTests" name="[100] /home/travis/build/icyphy/ptII/ptolemy/domains/continuous/test/auto/NewtonsCradleNondeterministic.xml (RunModel)" time="0.664" />
  <testcase classname="ptolemy.util.test.junit.AutoTests" name="[101] /home/travis/build/icyphy/ptII/ptolemy/domains/continuous/test/auto/NewtonsCradlePerfectlyInelastic1.xml (RunModel)" time="1.226" />
  <testcase classname="ptolemy.util.test.junit.AutoTests" name="[102] /home/travis/build/icyphy/ptII/ptolemy/domains/continuous/test/auto/Noise.xml (RunModel)" time="0.192" />
  <testcase classname="ptolemy.util.test.junit.AutoTests" name="[103] /home/travis/build/icyphy/ptII/ptolemy/domains/continuous/test/auto/NoiseSpectrum.xml (RunModel)" time="0.794" />
  <testcase classname="ptolemy.util.test.junit.AutoTests" name="[104] /home/travis/build/icyphy/ptII/ptolemy/domains/continuous/test/auto/ParameterizedNewtonsCradleAnimated.xml (RunModel)" time="0.42" />
  <testcase classname="ptolemy.util.test.junit.AutoTests" name="[105] /home/travis/build/icyphy/ptII/ptolemy/domains/continuous/test/auto/ParameterizedNewtonsCradleAnimatedNondeterministic.xml (RunModel)" time="1.159" />
  <testcase classname="ptolemy.util.test.junit.AutoTests" name="[106] /home/travis/build/icyphy/ptII/ptolemy/domains/continuous/test/auto/Pendulum3D.xml (RunModel)" time="0.182" />
  <testcase classname="ptolemy.util.test.junit.AutoTests" name="[107] /home/travis/build/icyphy/ptII/ptolemy/domains/continuous/test/auto/PeriodicSampler.xml (RunModel)" time="0.012" />
  <testcase classname="ptolemy.util.test.junit.AutoTests" name="[108] /home/travis/build/icyphy/ptII/ptolemy/domains/continuous/test/auto/PeriodicSampler1.xml (RunModel)" time="0.038" />
  <testcase classname="ptolemy.util.test.junit.AutoTests" name="[109] /home/travis/build/icyphy/ptII/ptolemy/domains/continuous/test/auto/PeriodicSampler2.xml (RunModel)" time="0.077" />
  <testcase classname="ptolemy.util.test.junit.AutoTests" name="[110] /home/travis/build/icyphy/ptII/ptolemy/domains/continuous/test/auto/Poisson.xml (RunModel)" time="0.474" />
  <testcase classname="ptolemy.util.test.junit.AutoTests" name="[111] /home/travis/build/icyphy/ptII/ptolemy/domains/continuous/test/auto/PoissonClock.xml (RunModel)" time="0.015" />
  <testcase classname="ptolemy.util.test.junit.AutoTests" name="[112] /home/travis/build/icyphy/ptII/ptolemy/domains/continuous/test/auto/PoissonClock2.xml (RunModel)" time="0.012" />
  <testcase classname="ptolemy.util.test.junit.AutoTests" name="[113] /home/travis/build/icyphy/ptII/ptolemy/domains/continuous/test/auto/PortParameterHierarchy.xml (RunModel)" time="0.026" />
  <testcase classname="ptolemy.util.test.junit.AutoTests" name="[114] /home/travis/build/icyphy/ptII/ptolemy/domains/continuous/test/auto/RandomHybridPlant.xml (RunModel)" time="0.597" />
  <testcase classname="ptolemy.util.test.junit.AutoTests" name="[115] /home/travis/build/icyphy/ptII/ptolemy/domains/continuous/test/auto/ResetTransitionWithStartTime1.xml (RunModel)" time="0.031" />
  <testcase classname="ptolemy.util.test.junit.AutoTests" name="[116] /home/travis/build/icyphy/ptII/ptolemy/domains/continuous/test/auto/ResetTransitionWithStartTime2.xml (RunModel)" time="0.042" />
  <testcase classname="ptolemy.util.test.junit.AutoTests" name="[117] /home/travis/build/icyphy/ptII/ptolemy/domains/continuous/test/auto/ResetTransitionWithStartTime3.xml (RunModel)" time="0.05" />
  <testcase classname="ptolemy.util.test.junit.AutoTests" name="[118] /home/travis/build/icyphy/ptII/ptolemy/domains/continuous/test/auto/ResetTransitionWithStartTime4.xml (RunModel)" time="0.042" />
  <testcase classname="ptolemy.util.test.junit.AutoTests" name="[119] /home/travis/build/icyphy/ptII/ptolemy/domains/continuous/test/auto/ResetTransitionWithStartTime5.xml (RunModel)" time="0.036" />
  <testcase classname="ptolemy.util.test.junit.AutoTests" name="[120] /home/travis/build/icyphy/ptII/ptolemy/domains/continuous/test/auto/ResetTransitionWithStartTime6.xml (RunModel)" time="0.025" />
  <testcase classname="ptolemy.util.test.junit.AutoTests" name="[121] /home/travis/build/icyphy/ptII/ptolemy/domains/continuous/test/auto/SRinContinuous.xml (RunModel)" time="0.027" />
  <testcase classname="ptolemy.util.test.junit.AutoTests" name="[122] /home/travis/build/icyphy/ptII/ptolemy/domains/continuous/test/auto/SampledClocks.xml (RunModel)" time="0.032" />
  <testcase classname="ptolemy.util.test.junit.AutoTests" name="[123] /home/travis/build/icyphy/ptII/ptolemy/domains/continuous/test/auto/Satellite.xml (RunModel)" time="1.004" />
  <testcase classname="ptolemy.util.test.junit.AutoTests" name="[124] /home/travis/build/icyphy/ptII/ptolemy/domains/continuous/test/auto/SigmaDelta.xml (RunModel)" time="2.57" />
  <testcase classname="ptolemy.util.test.junit.AutoTests" name="[125] /home/travis/build/icyphy/ptII/ptolemy/domains/continuous/test/auto/SingleRefinement.xml (RunModel)" time="0.537" />
  <testcase classname="ptolemy.util.test.junit.AutoTests" name="[126] /home/travis/build/icyphy/ptII/ptolemy/domains/continuous/test/auto/SinuBouncingBall.xml (RunModel)" time="0.833" />
  <testcase classname="ptolemy.util.test.junit.AutoTests" name="[127] /home/travis/build/icyphy/ptII/ptolemy/domains/continuous/test/auto/Sinusoid.xml (RunModel)" time="0.012" />
  <testcase classname="ptolemy.util.test.junit.AutoTests" name="[128] /home/travis/build/icyphy/ptII/ptolemy/domains/continuous/test/auto/SinusoidInNoise.xml (RunModel)" time="0.93" />
  <testcase classname="ptolemy.util.test.junit.AutoTests" name="[129] /home/travis/build/icyphy/ptII/ptolemy/domains/continuous/test/auto/SinusoidRK45.xml (RunModel)" time="0.011" />
  <testcase classname="ptolemy.util.test.junit.AutoTests" name="[130] /home/travis/build/icyphy/ptII/ptolemy/domains/continuous/test/auto/SinusoidWithMultipleImpulses.xml (RunModel)" time="0.012" />
  <testcase classname="ptolemy.util.test.junit.AutoTests" name="[131] /home/travis/build/icyphy/ptII/ptolemy/domains/continuous/test/auto/SquareWave.xml (RunModel)" time="0.195" />
  <testcase classname="ptolemy.util.test.junit.AutoTests" name="[132] /home/travis/build/icyphy/ptII/ptolemy/domains/continuous/test/auto/Starmac.xml (RunModel)" time="3.436" />
  <testcase classname="ptolemy.util.test.junit.AutoTests" name="[133] /home/travis/build/icyphy/ptII/ptolemy/domains/continuous/test/auto/StaticUnits.xml (RunModel)" time="2.815" />
  <testcase classname="ptolemy.util.test.junit.AutoTests" name="[134] /home/travis/build/icyphy/ptII/ptolemy/domains/continuous/test/auto/StickyMasses.xml (RunModel)" time="0.212" />
  <testcase classname="ptolemy.util.test.junit.AutoTests" name="[135] /home/travis/build/icyphy/ptII/ptolemy/domains/continuous/test/auto/StopTime.xml (RunModel)" time="0.064" />
  <testcase classname="ptolemy.util.test.junit.AutoTests" name="[136] /home/travis/build/icyphy/ptII/ptolemy/domains/continuous/test/auto/StopTime2.xml (RunModel)" time="0.074" />
  <testcase classname="ptolemy.util.test.junit.AutoTests" name="[137] /home/travis/build/icyphy/ptII/ptolemy/domains/continuous/test/auto/Switch.xml (RunModel)" time="0.059" />
  <testcase classname="ptolemy.util.test.junit.AutoTests" name="[138] /home/travis/build/icyphy/ptII/ptolemy/domains/continuous/test/auto/Thermostat.xml (RunModel)" time="0.208" />
  <testcase classname="ptolemy.util.test.junit.AutoTests" name="[139] /home/travis/build/icyphy/ptII/ptolemy/domains/continuous/test/auto/TimeDelay.xml (RunModel)" time="0.012" />
  <testcase classname="ptolemy.util.test.junit.AutoTests" name="[140] /home/travis/build/icyphy/ptII/ptolemy/domains/continuous/test/auto/TimeDelay2.xml (RunModel)" time="0.023" />
  <testcase classname="ptolemy.util.test.junit.AutoTests" name="[141] /home/travis/build/icyphy/ptII/ptolemy/domains/continuous/test/auto/TimeDelay3.xml (RunModel)" time="0.011" />
  <testcase classname="ptolemy.util.test.junit.AutoTests" name="[142] /home/travis/build/icyphy/ptII/ptolemy/domains/continuous/test/auto/TransferAbsentToInside.xml (RunModel)" time="0.097" />
  <testcase classname="ptolemy.util.test.junit.AutoTests" name="[143] /home/travis/build/icyphy/ptII/ptolemy/domains/continuous/test/auto/Transmission.xml (RunModel)" time="0.816" />
  <testcase classname="ptolemy.util.test.junit.AutoTests" name="[144] /home/travis/build/icyphy/ptII/ptolemy/domains/continuous/test/auto/TriggeredContinuousClock.xml (RunModel)" time="0.084" />
  <testcase classname="ptolemy.util.test.junit.AutoTests" name="[145] /home/travis/build/icyphy/ptII/ptolemy/domains/continuous/test/auto/TwoMachineInfiniteBusControl.xml (RunModel)" time="3.041" />
  <testcase classname="ptolemy.util.test.junit.AutoTests" name="[146] /home/travis/build/icyphy/ptII/ptolemy/domains/continuous/test/auto/V2V.xml (RunModel)" time="0.855" />
  <testcase classname="ptolemy.util.test.junit.AutoTests" name="[147] /home/travis/build/icyphy/ptII/ptolemy/domains/continuous/test/auto/hierarchicalModalModel.xml (RunModel)" time="0.031" />
  <testcase classname="ptolemy.util.test.junit.AutoTests" name="[148] /home/travis/build/icyphy/ptII/ptolemy/domains/continuous/test/auto/hierarchicalModalModel1.xml (RunModel)" time="0.031" />
  <testcase classname="ptolemy.util.test.junit.AutoTests" name="[149] /home/travis/build/icyphy/ptII/ptolemy/domains/continuous/test/auto/hierarchicalModalModel2.xml (RunModel)" time="0.028" />
  <testcase classname="ptolemy.util.test.junit.AutoTests" name="[150] /home/travis/build/icyphy/ptII/ptolemy/domains/continuous/test/auto/hierarchicalModalModel3.xml (RunModel)" time="0.021" />
  <testcase classname="ptolemy.util.test.junit.AutoTests" name="[151] /home/travis/build/icyphy/ptII/ptolemy/domains/continuous/test/auto/hierarchicalModalModel4.xml (RunModel)" time="0.023" />
  <testcase classname="ptolemy.util.test.junit.AutoTests" name="[152] /home/travis/build/icyphy/ptII/ptolemy/domains/continuous/test/auto/junk.xml (RunModel)" time="0.155" />
  <system-out><![CDATA[No tcl tests in /home/travis/build/icyphy/ptII/ptolemy/domains/continuous/test
No auto/knownFailedTests/*.xml tests in /home/travis/build/icyphy/ptII/ptolemy/domains/continuous/test
No auto/linux-amd64/*.xml tests in /home/travis/build/icyphy/ptII/ptolemy/domains/continuous/test
AutoTests.java: About to close Vertx.
AutoTests.java: Vertx closed.

===========================================================================================
----------------- testing Tue Aug 27 05:26:42 UTC 2019 /home/travis/build/icyphy/ptII/ptolemy/domains/continuous/test/auto/BouncingBall.xml
----------------- Instantiating /home/travis/build/icyphy/ptII/ptolemy/domains/continuous/test/auto/BouncingBall.xml
2411 ms. Memory: 145408K Free: 89683K (62%)
----------------- Invoking toplevel() on ptolemy.moml.MoMLSimpleApplication@6cb020e7
----------------- Done invoking toplevel() on ptolemy.moml.MoMLSimpleApplication@6cb020e7
reloadAllAccessors: .BouncingBall

===========================================================================================
----------------- testing Tue Aug 27 05:26:45 UTC 2019 /home/travis/build/icyphy/ptII/ptolemy/domains/continuous/test/auto/BouncingBallWithoutGR.xml
----------------- Instantiating /home/travis/build/icyphy/ptII/ptolemy/domains/continuous/test/auto/BouncingBallWithoutGR.xml
830 ms. Memory: 175104K Free: 127292K (73%)
----------------- Invoking toplevel() on ptolemy.moml.MoMLSimpleApplication@62100d26
----------------- Done invoking toplevel() on ptolemy.moml.MoMLSimpleApplication@62100d26
reloadAllAccessors: .BouncingBallWithoutGR

===========================================================================================
----------------- testing Tue Aug 27 05:26:46 UTC 2019 /home/travis/build/icyphy/ptII/ptolemy/domains/continuous/test/auto/Brownian.xml
----------------- Instantiating /home/travis/build/icyphy/ptII/ptolemy/domains/continuous/test/auto/Brownian.xml
28 ms. Memory: 175104K Free: 118076K (67%)
----------------- Invoking toplevel() on ptolemy.moml.MoMLSimpleApplication@2bcf683f
----------------- Done invoking toplevel() on ptolemy.moml.MoMLSimpleApplication@2bcf683f
reloadAllAccessors: .Brownian

===========================================================================================
----------------- testing Tue Aug 27 05:26:46 UTC 2019 /home/travis/build/icyphy/ptII/ptolemy/domains/continuous/test/auto/CarTracking.xml
----------------- Instantiating /home/travis/build/icyphy/ptII/ptolemy/domains/continuous/test/auto/CarTracking.xml
3929 ms. Memory: 210944K Free: 103468K (49%)
----------------- Invoking toplevel() on ptolemy.moml.MoMLSimpleApplication@426e9b90
----------------- Done invoking toplevel() on ptolemy.moml.MoMLSimpleApplication@426e9b90
reloadAllAccessors: .CarTracking

===========================================================================================
----------------- testing Tue Aug 27 05:26:50 UTC 2019 /home/travis/build/icyphy/ptII/ptolemy/domains/continuous/test/auto/CartPendulum.xml
----------------- Instantiating /home/travis/build/icyphy/ptII/ptolemy/domains/continuous/test/auto/CartPendulum.xml
491 ms. Memory: 253952K Free: 180322K (71%)
----------------- Invoking toplevel() on ptolemy.moml.MoMLSimpleApplication@5d9e39e3
----------------- Done invoking toplevel() on ptolemy.moml.MoMLSimpleApplication@5d9e39e3
reloadAllAccessors: .CartPendulum

===========================================================================================
----------------- testing Tue Aug 27 05:26:51 UTC 2019 /home/travis/build/icyphy/ptII/ptolemy/domains/continuous/test/auto/CausalityInterface10.xml
----------------- Instantiating /home/travis/build/icyphy/ptII/ptolemy/domains/continuous/test/auto/CausalityInterface10.xml
14 ms. Memory: 253952K Free: 169840K (67%)
----------------- Invoking toplevel() on ptolemy.moml.MoMLSimpleApplication@70f0818a
----------------- Done invoking toplevel() on ptolemy.moml.MoMLSimpleApplication@70f0818a
reloadAllAccessors: .CausalityInterface10

===========================================================================================
----------------- testing Tue Aug 27 05:26:51 UTC 2019 /home/travis/build/icyphy/ptII/ptolemy/domains/continuous/test/auto/CausalityInterface11.xml
----------------- Instantiating /home/travis/build/icyphy/ptII/ptolemy/domains/continuous/test/auto/CausalityInterface11.xml
3 ms. Memory: 253952K Free: 163696K (64%)
----------------- Invoking toplevel() on ptolemy.moml.MoMLSimpleApplication@15fc0ea6
----------------- Done invoking toplevel() on ptolemy.moml.MoMLSimpleApplication@15fc0ea6
reloadAllAccessors: .CausalityInterface11

===========================================================================================
----------------- testing Tue Aug 27 05:26:51 UTC 2019 /home/travis/build/icyphy/ptII/ptolemy/domains/continuous/test/auto/CausalityInterface12.xml
----------------- Instantiating /home/travis/build/icyphy/ptII/ptolemy/domains/continuous/test/auto/CausalityInterface12.xml
12 ms. Memory: 253952K Free: 157552K (62%)
----------------- Invoking toplevel() on ptolemy.moml.MoMLSimpleApplication@14cb437
----------------- Done invoking toplevel() on ptolemy.moml.MoMLSimpleApplication@14cb437
reloadAllAccessors: .CausalityInterface12

===========================================================================================
----------------- testing Tue Aug 27 05:26:51 UTC 2019 /home/travis/build/icyphy/ptII/ptolemy/domains/continuous/test/auto/CausalityInterface13.xml
----------------- Instantiating /home/travis/build/icyphy/ptII/ptolemy/domains/continuous/test/auto/CausalityInterface13.xml
9 ms. Memory: 253952K Free: 151408K (60%)
----------------- Invoking toplevel() on ptolemy.moml.MoMLSimpleApplication@4a049d0
----------------- Done invoking toplevel() on ptolemy.moml.MoMLSimpleApplication@4a049d0
reloadAllAccessors: .CausalityInterface13

===========================================================================================
----------------- testing Tue Aug 27 05:26:52 UTC 2019 /home/travis/build/icyphy/ptII/ptolemy/domains/continuous/test/auto/CausalityInterface14.xml
----------------- Instantiating /home/travis/build/icyphy/ptII/ptolemy/domains/continuous/test/auto/CausalityInterface14.xml
3 ms. Memory: 253952K Free: 145744K (57%)
----------------- Invoking toplevel() on ptolemy.moml.MoMLSimpleApplication@549f41c2
----------------- Done invoking toplevel() on ptolemy.moml.MoMLSimpleApplication@549f41c2
reloadAllAccessors: .CausalityInterface14

===========================================================================================
----------------- testing Tue Aug 27 05:26:52 UTC 2019 /home/travis/build/icyphy/ptII/ptolemy/domains/continuous/test/auto/CausalityInterface4.xml
----------------- Instantiating /home/travis/build/icyphy/ptII/ptolemy/domains/continuous/test/auto/CausalityInterface4.xml
8 ms. Memory: 253952K Free: 139120K (55%)
----------------- Invoking toplevel() on ptolemy.moml.MoMLSimpleApplication@7d27e86c
----------------- Done invoking toplevel() on ptolemy.moml.MoMLSimpleApplication@7d27e86c
reloadAllAccessors: .CausalityInterface4

===========================================================================================
----------------- testing Tue Aug 27 05:26:52 UTC 2019 /home/travis/build/icyphy/ptII/ptolemy/domains/continuous/test/auto/CausalityInterface5.xml
----------------- Instantiating /home/travis/build/icyphy/ptII/ptolemy/domains/continuous/test/auto/CausalityInterface5.xml
4 ms. Memory: 253952K Free: 130928K (52%)
----------------- Invoking toplevel() on ptolemy.moml.MoMLSimpleApplication@6a02df8b
----------------- Done invoking toplevel() on ptolemy.moml.MoMLSimpleApplication@6a02df8b
reloadAllAccessors: .CausalityInterface5

===========================================================================================
----------------- testing Tue Aug 27 05:26:52 UTC 2019 /home/travis/build/icyphy/ptII/ptolemy/domains/continuous/test/auto/CausalityInterface6.xml
----------------- Instantiating /home/travis/build/icyphy/ptII/ptolemy/domains/continuous/test/auto/CausalityInterface6.xml
5 ms. Memory: 253952K Free: 125808K (50%)
----------------- Invoking toplevel() on ptolemy.moml.MoMLSimpleApplication@72799cdf
----------------- Done invoking toplevel() on ptolemy.moml.MoMLSimpleApplication@72799cdf
reloadAllAccessors: .CausalityInterface6

===========================================================================================
----------------- testing Tue Aug 27 05:26:52 UTC 2019 /home/travis/build/icyphy/ptII/ptolemy/domains/continuous/test/auto/CausalityInterface7.xml
----------------- Instantiating /home/travis/build/icyphy/ptII/ptolemy/domains/continuous/test/auto/CausalityInterface7.xml
11 ms. Memory: 253952K Free: 117102K (46%)
----------------- Invoking toplevel() on ptolemy.moml.MoMLSimpleApplication@310529f6
----------------- Done invoking toplevel() on ptolemy.moml.MoMLSimpleApplication@310529f6
reloadAllAccessors: .CausalityInterface7

===========================================================================================
----------------- testing Tue Aug 27 05:26:52 UTC 2019 /home/travis/build/icyphy/ptII/ptolemy/domains/continuous/test/auto/CausalityInterface8.xml
----------------- Instantiating /home/travis/build/icyphy/ptII/ptolemy/domains/continuous/test/auto/CausalityInterface8.xml
6 ms. Memory: 253952K Free: 107886K (42%)
----------------- Invoking toplevel() on ptolemy.moml.MoMLSimpleApplication@682f5184
----------------- Done invoking toplevel() on ptolemy.moml.MoMLSimpleApplication@682f5184
reloadAllAccessors: .CausalityInterface8

===========================================================================================
----------------- testing Tue Aug 27 05:26:52 UTC 2019 /home/travis/build/icyphy/ptII/ptolemy/domains/continuous/test/auto/CausalityInterface9.xml
----------------- Instantiating /home/travis/build/icyphy/ptII/ptolemy/domains/continuous/test/auto/CausalityInterface9.xml
10 ms. Memory: 253952K Free: 97136K (38%)
----------------- Invoking toplevel() on ptolemy.moml.MoMLSimpleApplication@2b85ef3e
----------------- Done invoking toplevel() on ptolemy.moml.MoMLSimpleApplication@2b85ef3e
reloadAllAccessors: .CausalityInterface9

===========================================================================================
----------------- testing Tue Aug 27 05:26:52 UTC 2019 /home/travis/build/icyphy/ptII/ptolemy/domains/continuous/test/auto/CausalityInterfaceFeedback1.xml
----------------- Instantiating /home/travis/build/icyphy/ptII/ptolemy/domains/continuous/test/auto/CausalityInterfaceFeedback1.xml
9 ms. Memory: 253952K Free: 90464K (36%)
----------------- Invoking toplevel() on ptolemy.moml.MoMLSimpleApplication@1b057ba5
----------------- Done invoking toplevel() on ptolemy.moml.MoMLSimpleApplication@1b057ba5
reloadAllAccessors: .CausalityInterfaceFeedback1

===========================================================================================
----------------- testing Tue Aug 27 05:26:52 UTC 2019 /home/travis/build/icyphy/ptII/ptolemy/domains/continuous/test/auto/CausalityInterfaceFeedback2.xml
----------------- Instantiating /home/travis/build/icyphy/ptII/ptolemy/domains/continuous/test/auto/CausalityInterfaceFeedback2.xml
5 ms. Memory: 253952K Free: 234016K (92%)
----------------- Invoking toplevel() on ptolemy.moml.MoMLSimpleApplication@3db3ad33
----------------- Done invoking toplevel() on ptolemy.moml.MoMLSimpleApplication@3db3ad33
reloadAllAccessors: .CausalityInterfaceFeedback2

===========================================================================================
----------------- testing Tue Aug 27 05:26:52 UTC 2019 /home/travis/build/icyphy/ptII/ptolemy/domains/continuous/test/auto/CompareWithCurrentTime.xml
----------------- Instantiating /home/travis/build/icyphy/ptII/ptolemy/domains/continuous/test/auto/CompareWithCurrentTime.xml
3 ms. Memory: 253952K Free: 229920K (91%)
----------------- Invoking toplevel() on ptolemy.moml.MoMLSimpleApplication@7986c001
----------------- Done invoking toplevel() on ptolemy.moml.MoMLSimpleApplication@7986c001
reloadAllAccessors: .CompareWithCurrentTime

===========================================================================================
----------------- testing Tue Aug 27 05:26:52 UTC 2019 /home/travis/build/icyphy/ptII/ptolemy/domains/continuous/test/auto/ComparedClocks.xml
----------------- Instantiating /home/travis/build/icyphy/ptII/ptolemy/domains/continuous/test/auto/ComparedClocks.xml
8 ms. Memory: 253952K Free: 214560K (84%)
----------------- Invoking toplevel() on ptolemy.moml.MoMLSimpleApplication@31e147f6
----------------- Done invoking toplevel() on ptolemy.moml.MoMLSimpleApplication@31e147f6
reloadAllAccessors: .ComparedClocks

===========================================================================================
----------------- testing Tue Aug 27 05:26:52 UTC 2019 /home/travis/build/icyphy/ptII/ptolemy/domains/continuous/test/auto/ContinuousAOCClone.xml
----------------- Instantiating /home/travis/build/icyphy/ptII/ptolemy/domains/continuous/test/auto/ContinuousAOCClone.xml
2476 ms. Memory: 253952K Free: 153073K (60%)
----------------- Invoking toplevel() on ptolemy.moml.MoMLSimpleApplication@fab350f
----------------- Done invoking toplevel() on ptolemy.moml.MoMLSimpleApplication@fab350f
reloadAllAccessors: .ContinuousAOCClone

===========================================================================================
----------------- testing Tue Aug 27 05:26:55 UTC 2019 /home/travis/build/icyphy/ptII/ptolemy/domains/continuous/test/auto/ContinuousClock.xml
----------------- Instantiating /home/travis/build/icyphy/ptII/ptolemy/domains/continuous/test/auto/ContinuousClock.xml
34 ms. Memory: 253952K Free: 131555K (52%)
----------------- Invoking toplevel() on ptolemy.moml.MoMLSimpleApplication@29350297
----------------- Done invoking toplevel() on ptolemy.moml.MoMLSimpleApplication@29350297
reloadAllAccessors: .ContinuousClock

===========================================================================================
----------------- testing Tue Aug 27 05:26:55 UTC 2019 /home/travis/build/icyphy/ptII/ptolemy/domains/continuous/test/auto/ContinuousInContinuous.xml
----------------- Instantiating /home/travis/build/icyphy/ptII/ptolemy/domains/continuous/test/auto/ContinuousInContinuous.xml
49 ms. Memory: 253952K Free: 108011K (43%)
----------------- Invoking toplevel() on ptolemy.moml.MoMLSimpleApplication@2be0a170
----------------- Done invoking toplevel() on ptolemy.moml.MoMLSimpleApplication@2be0a170
reloadAllAccessors: .ContinuousInContinuous

===========================================================================================
----------------- testing Tue Aug 27 05:26:55 UTC 2019 /home/travis/build/icyphy/ptII/ptolemy/domains/continuous/test/auto/ContinuousInContinuousInContinuous.xml
----------------- Instantiating /home/travis/build/icyphy/ptII/ptolemy/domains/continuous/test/auto/ContinuousInContinuousInContinuous.xml
7 ms. Memory: 253952K Free: 100339K (40%)
----------------- Invoking toplevel() on ptolemy.moml.MoMLSimpleApplication@32a1e9a3
----------------- Done invoking toplevel() on ptolemy.moml.MoMLSimpleApplication@32a1e9a3
reloadAllAccessors: .ContinuousInContinuousInContinuous

===========================================================================================
----------------- testing Tue Aug 27 05:26:55 UTC 2019 /home/travis/build/icyphy/ptII/ptolemy/domains/continuous/test/auto/ContinuousInDE.xml
----------------- Instantiating /home/travis/build/icyphy/ptII/ptolemy/domains/continuous/test/auto/ContinuousInDE.xml
63 ms. Memory: 253952K Free: 90099K (35%)
----------------- Invoking toplevel() on ptolemy.moml.MoMLSimpleApplication@6f85bdad
----------------- Done invoking toplevel() on ptolemy.moml.MoMLSimpleApplication@6f85bdad
reloadAllAccessors: .ContinuousInDE

===========================================================================================
----------------- testing Tue Aug 27 05:26:55 UTC 2019 /home/travis/build/icyphy/ptII/ptolemy/domains/continuous/test/auto/ContinuousInDE2.xml
----------------- Instantiating /home/travis/build/icyphy/ptII/ptolemy/domains/continuous/test/auto/ContinuousInDE2.xml
47 ms. Memory: 253952K Free: 230868K (91%)
----------------- Invoking toplevel() on ptolemy.moml.MoMLSimpleApplication@69476c5e
----------------- Done invoking toplevel() on ptolemy.moml.MoMLSimpleApplication@69476c5e
reloadAllAccessors: .ContinuousInDE2

===========================================================================================
----------------- testing Tue Aug 27 05:26:55 UTC 2019 /home/travis/build/icyphy/ptII/ptolemy/domains/continuous/test/auto/ContinuousInDE3.xml
----------------- Instantiating /home/travis/build/icyphy/ptII/ptolemy/domains/continuous/test/auto/ContinuousInDE3.xml
39 ms. Memory: 253952K Free: 221142K (87%)
----------------- Invoking toplevel() on ptolemy.moml.MoMLSimpleApplication@10f082bd
----------------- Done invoking toplevel() on ptolemy.moml.MoMLSimpleApplication@10f082bd
reloadAllAccessors: .ContinuousInDE3

===========================================================================================
----------------- testing Tue Aug 27 05:26:55 UTC 2019 /home/travis/build/icyphy/ptII/ptolemy/domains/continuous/test/auto/ContinuousInDE4.xml
----------------- Instantiating /home/travis/build/icyphy/ptII/ptolemy/domains/continuous/test/auto/ContinuousInDE4.xml
18 ms. Memory: 253952K Free: 214998K (85%)
----------------- Invoking toplevel() on ptolemy.moml.MoMLSimpleApplication@5fad1171
----------------- Done invoking toplevel() on ptolemy.moml.MoMLSimpleApplication@5fad1171
reloadAllAccessors: .ContinuousInDE4

===========================================================================================
----------------- testing Tue Aug 27 05:26:55 UTC 2019 /home/travis/build/icyphy/ptII/ptolemy/domains/continuous/test/auto/ContinuousInDEDifferentRefinements.xml
----------------- Instantiating /home/travis/build/icyphy/ptII/ptolemy/domains/continuous/test/auto/ContinuousInDEDifferentRefinements.xml
62 ms. Memory: 253952K Free: 183750K (72%)
----------------- Invoking toplevel() on ptolemy.moml.MoMLSimpleApplication@e174410
----------------- Done invoking toplevel() on ptolemy.moml.MoMLSimpleApplication@e174410
reloadAllAccessors: .ContinuousInDEDifferentRefinements

===========================================================================================
----------------- testing Tue Aug 27 05:26:55 UTC 2019 /home/travis/build/icyphy/ptII/ptolemy/domains/continuous/test/auto/ContinuousInDEDifferentRefinementsPreemptive.xml
----------------- Instantiating /home/travis/build/icyphy/ptII/ptolemy/domains/continuous/test/auto/ContinuousInDEDifferentRefinementsPreemptive.xml
49 ms. Memory: 253952K Free: 153044K (60%)
----------------- Invoking toplevel() on ptolemy.moml.MoMLSimpleApplication@3996993e
----------------- Done invoking toplevel() on ptolemy.moml.MoMLSimpleApplication@3996993e
reloadAllAccessors: .ContinuousInDEDifferentRefinementsPreemptive

===========================================================================================
----------------- testing Tue Aug 27 05:26:55 UTC 2019 /home/travis/build/icyphy/ptII/ptolemy/domains/continuous/test/auto/ContinuousInDEInContinuous2.xml
----------------- Instantiating /home/travis/build/icyphy/ptII/ptolemy/domains/continuous/test/auto/ContinuousInDEInContinuous2.xml
40 ms. Memory: 253952K Free: 141780K (56%)
----------------- Invoking toplevel() on ptolemy.moml.MoMLSimpleApplication@862ed5e
----------------- Done invoking toplevel() on ptolemy.moml.MoMLSimpleApplication@862ed5e
reloadAllAccessors: .ContinuousInDEInContinuous2

===========================================================================================
----------------- testing Tue Aug 27 05:26:55 UTC 2019 /home/travis/build/icyphy/ptII/ptolemy/domains/continuous/test/auto/ContinuousInDEInContinuous3.xml
----------------- Instantiating /home/travis/build/icyphy/ptII/ptolemy/domains/continuous/test/auto/ContinuousInDEInContinuous3.xml
40 ms. Memory: 253952K Free: 130006K (51%)
----------------- Invoking toplevel() on ptolemy.moml.MoMLSimpleApplication@2785de4b
----------------- Done invoking toplevel() on ptolemy.moml.MoMLSimpleApplication@2785de4b
reloadAllAccessors: .ContinuousInDEInContinuous3

===========================================================================================
----------------- testing Tue Aug 27 05:26:55 UTC 2019 /home/travis/build/icyphy/ptII/ptolemy/domains/continuous/test/auto/ContinuousInDEInput.xml
----------------- Instantiating /home/travis/build/icyphy/ptII/ptolemy/domains/continuous/test/auto/ContinuousInDEInput.xml
19 ms. Memory: 253952K Free: 122838K (48%)
----------------- Invoking toplevel() on ptolemy.moml.MoMLSimpleApplication@39441d2d
----------------- Done invoking toplevel() on ptolemy.moml.MoMLSimpleApplication@39441d2d
reloadAllAccessors: .ContinuousInDEInput

===========================================================================================
----------------- testing Tue Aug 27 05:26:55 UTC 2019 /home/travis/build/icyphy/ptII/ptolemy/domains/continuous/test/auto/ContinuousInDEInput2.xml
----------------- Instantiating /home/travis/build/icyphy/ptII/ptolemy/domains/continuous/test/auto/ContinuousInDEInput2.xml
21 ms. Memory: 253952K Free: 115670K (46%)
----------------- Invoking toplevel() on ptolemy.moml.MoMLSimpleApplication@68f3b2c8
----------------- Done invoking toplevel() on ptolemy.moml.MoMLSimpleApplication@68f3b2c8
reloadAllAccessors: .ContinuousInDEInput2

===========================================================================================
----------------- testing Tue Aug 27 05:26:56 UTC 2019 /home/travis/build/icyphy/ptII/ptolemy/domains/continuous/test/auto/ContinuousInDEInput3.xml
----------------- Instantiating /home/travis/build/icyphy/ptII/ptolemy/domains/continuous/test/auto/ContinuousInDEInput3.xml
17 ms. Memory: 253952K Free: 108502K (43%)
----------------- Invoking toplevel() on ptolemy.moml.MoMLSimpleApplication@4835140b
----------------- Done invoking toplevel() on ptolemy.moml.MoMLSimpleApplication@4835140b
reloadAllAccessors: .ContinuousInDEInput3

===========================================================================================
----------------- testing Tue Aug 27 05:26:56 UTC 2019 /home/travis/build/icyphy/ptII/ptolemy/domains/continuous/test/auto/ContinuousInDESharingRefinement.xml
----------------- Instantiating /home/travis/build/icyphy/ptII/ptolemy/domains/continuous/test/auto/ContinuousInDESharingRefinement.xml
149 ms. Memory: 253952K Free: 164554K (65%)
----------------- Invoking toplevel() on ptolemy.moml.MoMLSimpleApplication@151de35c
----------------- Done invoking toplevel() on ptolemy.moml.MoMLSimpleApplication@151de35c
reloadAllAccessors: .ContinuousInDESharingRefinement

===========================================================================================
----------------- testing Tue Aug 27 05:26:56 UTC 2019 /home/travis/build/icyphy/ptII/ptolemy/domains/continuous/test/auto/ContinuousInDEwithNoPorts.xml
----------------- Instantiating /home/travis/build/icyphy/ptII/ptolemy/domains/continuous/test/auto/ContinuousInDEwithNoPorts.xml
7 ms. Memory: 253952K Free: 159834K (63%)
----------------- Invoking toplevel() on ptolemy.moml.MoMLSimpleApplication@5894d7b8
----------------- Done invoking toplevel() on ptolemy.moml.MoMLSimpleApplication@5894d7b8
reloadAllAccessors: .ContinuousInDEwithNoPorts

===========================================================================================
----------------- testing Tue Aug 27 05:26:56 UTC 2019 /home/travis/build/icyphy/ptII/ptolemy/domains/continuous/test/auto/ContinuousInsideDE.xml
----------------- Instantiating /home/travis/build/icyphy/ptII/ptolemy/domains/continuous/test/auto/ContinuousInsideDE.xml
36 ms. Memory: 253952K Free: 148056K (58%)
----------------- Invoking toplevel() on ptolemy.moml.MoMLSimpleApplication@3c97ae90
----------------- Done invoking toplevel() on ptolemy.moml.MoMLSimpleApplication@3c97ae90
reloadAllAccessors: .ContinuousInsideDE

===========================================================================================
----------------- testing Tue Aug 27 05:26:56 UTC 2019 /home/travis/build/icyphy/ptII/ptolemy/domains/continuous/test/auto/ContinuousMerge1.xml
----------------- Instantiating /home/travis/build/icyphy/ptII/ptolemy/domains/continuous/test/auto/ContinuousMerge1.xml
3 ms. Memory: 253952K Free: 143946K (57%)
----------------- Invoking toplevel() on ptolemy.moml.MoMLSimpleApplication@542983dd
----------------- Done invoking toplevel() on ptolemy.moml.MoMLSimpleApplication@542983dd
reloadAllAccessors: .ContinuousMerge1

===========================================================================================
----------------- testing Tue Aug 27 05:26:56 UTC 2019 /home/travis/build/icyphy/ptII/ptolemy/domains/continuous/test/auto/ContinuousMerge2.xml
----------------- Instantiating /home/travis/build/icyphy/ptII/ptolemy/domains/continuous/test/auto/ContinuousMerge2.xml
15 ms. Memory: 253952K Free: 133720K (53%)
----------------- Invoking toplevel() on ptolemy.moml.MoMLSimpleApplication@4e4c527d
----------------- Done invoking toplevel() on ptolemy.moml.MoMLSimpleApplication@4e4c527d
reloadAllAccessors: .ContinuousMerge2

===========================================================================================
----------------- testing Tue Aug 27 05:26:56 UTC 2019 /home/travis/build/icyphy/ptII/ptolemy/domains/continuous/test/auto/ContinuousMerge3.xml
----------------- Instantiating /home/travis/build/icyphy/ptII/ptolemy/domains/continuous/test/auto/ContinuousMerge3.xml
50 ms. Memory: 253952K Free: 122970K (48%)
----------------- Invoking toplevel() on ptolemy.moml.MoMLSimpleApplication@14624df0
----------------- Done invoking toplevel() on ptolemy.moml.MoMLSimpleApplication@14624df0
reloadAllAccessors: .ContinuousMerge3

===========================================================================================
----------------- testing Tue Aug 27 05:26:56 UTC 2019 /home/travis/build/icyphy/ptII/ptolemy/domains/continuous/test/auto/ContinuousWithinContinuous.xml
----------------- Instantiating /home/travis/build/icyphy/ptII/ptolemy/domains/continuous/test/auto/ContinuousWithinContinuous.xml
41 ms. Memory: 253952K Free: 113240K (45%)
----------------- Invoking toplevel() on ptolemy.moml.MoMLSimpleApplication@149f5f10
----------------- Done invoking toplevel() on ptolemy.moml.MoMLSimpleApplication@149f5f10
reloadAllAccessors: .ContinuousWithinContinuous

===========================================================================================
----------------- testing Tue Aug 27 05:26:56 UTC 2019 /home/travis/build/icyphy/ptII/ptolemy/domains/continuous/test/auto/ContinuousWithinContinuous2.xml
----------------- Instantiating /home/travis/build/icyphy/ptII/ptolemy/domains/continuous/test/auto/ContinuousWithinContinuous2.xml
64 ms. Memory: 253952K Free: 102490K (40%)
----------------- Invoking toplevel() on ptolemy.moml.MoMLSimpleApplication@619c2887
----------------- Done invoking toplevel() on ptolemy.moml.MoMLSimpleApplication@619c2887
reloadAllAccessors: .ContinuousWithinContinuous2

===========================================================================================
----------------- testing Tue Aug 27 05:26:56 UTC 2019 /home/travis/build/icyphy/ptII/ptolemy/domains/continuous/test/auto/ContinuousWithinContinuous3.xml
----------------- Instantiating /home/travis/build/icyphy/ptII/ptolemy/domains/continuous/test/auto/ContinuousWithinContinuous3.xml
11 ms. Memory: 253952K Free: 95832K (38%)
----------------- Invoking toplevel() on ptolemy.moml.MoMLSimpleApplication@5c9c5535
----------------- Done invoking toplevel() on ptolemy.moml.MoMLSimpleApplication@5c9c5535
reloadAllAccessors: .ContinuousWithinContinuous3

===========================================================================================
----------------- testing Tue Aug 27 05:26:56 UTC 2019 /home/travis/build/icyphy/ptII/ptolemy/domains/continuous/test/auto/ContinuousWithinContinuous4.xml
----------------- Instantiating /home/travis/build/icyphy/ptII/ptolemy/domains/continuous/test/auto/ContinuousWithinContinuous4.xml
73 ms. Memory: 253952K Free: 233761K (92%)
----------------- Invoking toplevel() on ptolemy.moml.MoMLSimpleApplication@46e93ea0
----------------- Done invoking toplevel() on ptolemy.moml.MoMLSimpleApplication@46e93ea0
reloadAllAccessors: .ContinuousWithinContinuous4

===========================================================================================
----------------- testing Tue Aug 27 05:26:56 UTC 2019 /home/travis/build/icyphy/ptII/ptolemy/domains/continuous/test/auto/ContinuousWithinContinuous5.xml
----------------- Instantiating /home/travis/build/icyphy/ptII/ptolemy/domains/continuous/test/auto/ContinuousWithinContinuous5.xml
13 ms. Memory: 253952K Free: 225887K (89%)
----------------- Invoking toplevel() on ptolemy.moml.MoMLSimpleApplication@316c642c
----------------- Done invoking toplevel() on ptolemy.moml.MoMLSimpleApplication@316c642c
reloadAllAccessors: .ContinuousWithinContinuous5

===========================================================================================
----------------- testing Tue Aug 27 05:26:56 UTC 2019 /home/travis/build/icyphy/ptII/ptolemy/domains/continuous/test/auto/ContinuousWithinContinuous6.xml
----------------- Instantiating /home/travis/build/icyphy/ptII/ptolemy/domains/continuous/test/auto/ContinuousWithinContinuous6.xml
12 ms. Memory: 253952K Free: 218719K (86%)
----------------- Invoking toplevel() on ptolemy.moml.MoMLSimpleApplication@d4ecdee
----------------- Done invoking toplevel() on ptolemy.moml.MoMLSimpleApplication@d4ecdee
reloadAllAccessors: .ContinuousWithinContinuous6

===========================================================================================
----------------- testing Tue Aug 27 05:26:56 UTC 2019 /home/travis/build/icyphy/ptII/ptolemy/domains/continuous/test/auto/ContinuousWithinContinuous7.xml
----------------- Instantiating /home/travis/build/icyphy/ptII/ptolemy/domains/continuous/test/auto/ContinuousWithinContinuous7.xml
61 ms. Memory: 253952K Free: 207455K (82%)
----------------- Invoking toplevel() on ptolemy.moml.MoMLSimpleApplication@77da0094
----------------- Done invoking toplevel() on ptolemy.moml.MoMLSimpleApplication@77da0094
reloadAllAccessors: .ContinuousWithinContinuous7

===========================================================================================
----------------- testing Tue Aug 27 05:26:56 UTC 2019 /home/travis/build/icyphy/ptII/ptolemy/domains/continuous/test/auto/DCMotor.xml
----------------- Instantiating /home/travis/build/icyphy/ptII/ptolemy/domains/continuous/test/auto/DCMotor.xml
13016 ms. Memory: 253952K Free: 149560K (59%)
----------------- Invoking toplevel() on ptolemy.moml.MoMLSimpleApplication@5ba14ff2
----------------- Done invoking toplevel() on ptolemy.moml.MoMLSimpleApplication@5ba14ff2
reloadAllAccessors: .DCMotor

===========================================================================================
----------------- testing Tue Aug 27 05:27:09 UTC 2019 /home/travis/build/icyphy/ptII/ptolemy/domains/continuous/test/auto/DEInContinuous.xml
----------------- Instantiating /home/travis/build/icyphy/ptII/ptolemy/domains/continuous/test/auto/DEInContinuous.xml
8 ms. Memory: 253952K Free: 143430K (56%)
----------------- Invoking toplevel() on ptolemy.moml.MoMLSimpleApplication@686a9095
----------------- Done invoking toplevel() on ptolemy.moml.MoMLSimpleApplication@686a9095
reloadAllAccessors: .DEInContinuous

===========================================================================================
----------------- testing Tue Aug 27 05:27:10 UTC 2019 /home/travis/build/icyphy/ptII/ptolemy/domains/continuous/test/auto/DEinContinuous2.xml
----------------- Instantiating /home/travis/build/icyphy/ptII/ptolemy/domains/continuous/test/auto/DEinContinuous2.xml
8 ms. Memory: 253952K Free: 135752K (53%)
----------------- Invoking toplevel() on ptolemy.moml.MoMLSimpleApplication@25c236f6
----------------- Done invoking toplevel() on ptolemy.moml.MoMLSimpleApplication@25c236f6
reloadAllAccessors: .DEinContinuous2

===========================================================================================
----------------- testing Tue Aug 27 05:27:10 UTC 2019 /home/travis/build/icyphy/ptII/ptolemy/domains/continuous/test/auto/Derivative.xml
----------------- Instantiating /home/travis/build/icyphy/ptII/ptolemy/domains/continuous/test/auto/Derivative.xml
165 ms. Memory: 253952K Free: 106566K (42%)
----------------- Invoking toplevel() on ptolemy.moml.MoMLSimpleApplication@6526cf78
----------------- Done invoking toplevel() on ptolemy.moml.MoMLSimpleApplication@6526cf78
reloadAllAccessors: .Derivative2

===========================================================================================
----------------- testing Tue Aug 27 05:27:10 UTC 2019 /home/travis/build/icyphy/ptII/ptolemy/domains/continuous/test/auto/Derivative1.xml
----------------- Instantiating /home/travis/build/icyphy/ptII/ptolemy/domains/continuous/test/auto/Derivative1.xml
17 ms. Memory: 253952K Free: 92230K (36%)
----------------- Invoking toplevel() on ptolemy.moml.MoMLSimpleApplication@69c5dffd
----------------- Done invoking toplevel() on ptolemy.moml.MoMLSimpleApplication@69c5dffd
reloadAllAccessors: .Derivative1

===========================================================================================
----------------- testing Tue Aug 27 05:27:10 UTC 2019 /home/travis/build/icyphy/ptII/ptolemy/domains/continuous/test/auto/DiscreteClock.xml
----------------- Instantiating /home/travis/build/icyphy/ptII/ptolemy/domains/continuous/test/auto/DiscreteClock.xml
4 ms. Memory: 253952K Free: 236868K (93%)
----------------- Invoking toplevel() on ptolemy.moml.MoMLSimpleApplication@68173940
----------------- Done invoking toplevel() on ptolemy.moml.MoMLSimpleApplication@68173940
reloadAllAccessors: .DiscreteClock

===========================================================================================
----------------- testing Tue Aug 27 05:27:10 UTC 2019 /home/travis/build/icyphy/ptII/ptolemy/domains/continuous/test/auto/EfficiencyCurve.xml
----------------- Instantiating /home/travis/build/icyphy/ptII/ptolemy/domains/continuous/test/auto/EfficiencyCurve.xml
75 ms. Memory: 253952K Free: 227652K (90%)
----------------- Invoking toplevel() on ptolemy.moml.MoMLSimpleApplication@6dfd7ed4
----------------- Done invoking toplevel() on ptolemy.moml.MoMLSimpleApplication@6dfd7ed4
reloadAllAccessors: .EfficiencyCurve

===========================================================================================
----------------- testing Tue Aug 27 05:27:10 UTC 2019 /home/travis/build/icyphy/ptII/ptolemy/domains/continuous/test/auto/ExponentialResponse.xml
----------------- Instantiating /home/travis/build/icyphy/ptII/ptolemy/domains/continuous/test/auto/ExponentialResponse.xml
108 ms. Memory: 253952K Free: 211778K (83%)
----------------- Invoking toplevel() on ptolemy.moml.MoMLSimpleApplication@5321a541
----------------- Done invoking toplevel() on ptolemy.moml.MoMLSimpleApplication@5321a541
reloadAllAccessors: .ExponentialResponse

===========================================================================================
----------------- testing Tue Aug 27 05:27:10 UTC 2019 /home/travis/build/icyphy/ptII/ptolemy/domains/continuous/test/auto/ExponentialResponseRK45.xml
----------------- Instantiating /home/travis/build/icyphy/ptII/ptolemy/domains/continuous/test/auto/ExponentialResponseRK45.xml
25 ms. Memory: 253952K Free: 205124K (81%)
----------------- Invoking toplevel() on ptolemy.moml.MoMLSimpleApplication@516345fd
----------------- Done invoking toplevel() on ptolemy.moml.MoMLSimpleApplication@516345fd
reloadAllAccessors: .ExponentialResponseRK45

===========================================================================================
----------------- testing Tue Aug 27 05:27:10 UTC 2019 /home/travis/build/icyphy/ptII/ptolemy/domains/continuous/test/auto/Friction.xml
----------------- Instantiating /home/travis/build/icyphy/ptII/ptolemy/domains/continuous/test/auto/Friction.xml
1404 ms. Memory: 253952K Free: 230293K (91%)
----------------- Invoking toplevel() on ptolemy.moml.MoMLSimpleApplication@5df2c227
----------------- Done invoking toplevel() on ptolemy.moml.MoMLSimpleApplication@5df2c227
reloadAllAccessors: .Friction

===========================================================================================
----------------- testing Tue Aug 27 05:27:12 UTC 2019 /home/travis/build/icyphy/ptII/ptolemy/domains/continuous/test/auto/FurutaPendulum.xml
----------------- Instantiating /home/travis/build/icyphy/ptII/ptolemy/domains/continuous/test/auto/FurutaPendulum.xml
3272 ms. Memory: 253952K Free: 193845K (76%)
----------------- Invoking toplevel() on ptolemy.moml.MoMLSimpleApplication@40e25db8
----------------- Done invoking toplevel() on ptolemy.moml.MoMLSimpleApplication@40e25db8
reloadAllAccessors: .FurutaPendulum

===========================================================================================
----------------- testing Tue Aug 27 05:27:15 UTC 2019 /home/travis/build/icyphy/ptII/ptolemy/domains/continuous/test/auto/HierarchicalExecution.xml
----------------- Instantiating /home/travis/build/icyphy/ptII/ptolemy/domains/continuous/test/auto/HierarchicalExecution.xml
1942 ms. Memory: 253952K Free: 216208K (85%)
----------------- Invoking toplevel() on ptolemy.moml.MoMLSimpleApplication@684f0623
----------------- Done invoking toplevel() on ptolemy.moml.MoMLSimpleApplication@684f0623
reloadAllAccessors: .HierarchicalExecution

===========================================================================================
----------------- testing Tue Aug 27 05:27:17 UTC 2019 /home/travis/build/icyphy/ptII/ptolemy/domains/continuous/test/auto/HybridPlant.xml
----------------- Instantiating /home/travis/build/icyphy/ptII/ptolemy/domains/continuous/test/auto/HybridPlant.xml
536 ms. Memory: 305152K Free: 154203K (51%)
----------------- Invoking toplevel() on ptolemy.moml.MoMLSimpleApplication@1d6aa3c8
----------------- Done invoking toplevel() on ptolemy.moml.MoMLSimpleApplication@1d6aa3c8
reloadAllAccessors: .HybridPlant

===========================================================================================
----------------- testing Tue Aug 27 05:27:18 UTC 2019 /home/travis/build/icyphy/ptII/ptolemy/domains/continuous/test/auto/Hysteresis.xml
----------------- Instantiating /home/travis/build/icyphy/ptII/ptolemy/domains/continuous/test/auto/Hysteresis.xml
139 ms. Memory: 305152K Free: 273001K (89%)
----------------- Invoking toplevel() on ptolemy.moml.MoMLSimpleApplication@4b859e26
----------------- Done invoking toplevel() on ptolemy.moml.MoMLSimpleApplication@4b859e26
reloadAllAccessors: .Hysteresis

===========================================================================================
----------------- testing Tue Aug 27 05:27:18 UTC 2019 /home/travis/build/icyphy/ptII/ptolemy/domains/continuous/test/auto/HysteresisWithRandomDelay.xml
----------------- Instantiating /home/travis/build/icyphy/ptII/ptolemy/domains/continuous/test/auto/HysteresisWithRandomDelay.xml
183 ms. Memory: 305152K Free: 201831K (66%)
----------------- Invoking toplevel() on ptolemy.moml.MoMLSimpleApplication@77334e8a
----------------- Done invoking toplevel() on ptolemy.moml.MoMLSimpleApplication@77334e8a
reloadAllAccessors: .HysteresisWithRandomDelay

===========================================================================================
----------------- testing Tue Aug 27 05:27:18 UTC 2019 /home/travis/build/icyphy/ptII/ptolemy/domains/continuous/test/auto/HysteresisWithRandomLosses.xml
----------------- Instantiating /home/travis/build/icyphy/ptII/ptolemy/domains/continuous/test/auto/HysteresisWithRandomLosses.xml
2322 ms. Memory: 305152K Free: 187386K (61%)
----------------- Invoking toplevel() on ptolemy.moml.MoMLSimpleApplication@adbf763
----------------- Done invoking toplevel() on ptolemy.moml.MoMLSimpleApplication@adbf763
reloadAllAccessors: .HysteresisWithRandomLosses

===========================================================================================
----------------- testing Tue Aug 27 05:27:21 UTC 2019 /home/travis/build/icyphy/ptII/ptolemy/domains/continuous/test/auto/ImmediateTransitions.xml
----------------- Instantiating /home/travis/build/icyphy/ptII/ptolemy/domains/continuous/test/auto/ImmediateTransitions.xml
8 ms. Memory: 305152K Free: 176618K (58%)
----------------- Invoking toplevel() on ptolemy.moml.MoMLSimpleApplication@6a5155fd
----------------- Done invoking toplevel() on ptolemy.moml.MoMLSimpleApplication@6a5155fd
reloadAllAccessors: .ImmediateTransitions

===========================================================================================
----------------- testing Tue Aug 27 05:27:21 UTC 2019 /home/travis/build/icyphy/ptII/ptolemy/domains/continuous/test/auto/ImpulseFeedback.xml
----------------- Instantiating /home/travis/build/icyphy/ptII/ptolemy/domains/continuous/test/auto/ImpulseFeedback.xml
5 ms. Memory: 305152K Free: 170488K (56%)
----------------- Invoking toplevel() on ptolemy.moml.MoMLSimpleApplication@2d2a4392
----------------- Done invoking toplevel() on ptolemy.moml.MoMLSimpleApplication@2d2a4392
reloadAllAccessors: .ImpulseFeedback

===========================================================================================
----------------- testing Tue Aug 27 05:27:21 UTC 2019 /home/travis/build/icyphy/ptII/ptolemy/domains/continuous/test/auto/ImpulseFeedback2.xml
----------------- Instantiating /home/travis/build/icyphy/ptII/ptolemy/domains/continuous/test/auto/ImpulseFeedback2.xml
4 ms. Memory: 305152K Free: 164858K (54%)
----------------- Invoking toplevel() on ptolemy.moml.MoMLSimpleApplication@43eddd40
----------------- Done invoking toplevel() on ptolemy.moml.MoMLSimpleApplication@43eddd40
reloadAllAccessors: .ImpulseFeedback2

===========================================================================================
----------------- testing Tue Aug 27 05:27:21 UTC 2019 /home/travis/build/icyphy/ptII/ptolemy/domains/continuous/test/auto/IncreasingRatePoisson.xml
----------------- Instantiating /home/travis/build/icyphy/ptII/ptolemy/domains/continuous/test/auto/IncreasingRatePoisson.xml
767 ms. Memory: 305152K Free: 204099K (67%)
----------------- Invoking toplevel() on ptolemy.moml.MoMLSimpleApplication@6cc7439a
----------------- Done invoking toplevel() on ptolemy.moml.MoMLSimpleApplication@6cc7439a
reloadAllAccessors: .IncreasingRatePoisson

===========================================================================================
----------------- testing Tue Aug 27 05:27:22 UTC 2019 /home/travis/build/icyphy/ptII/ptolemy/domains/continuous/test/auto/InitialStateFeedback.xml
----------------- Instantiating /home/travis/build/icyphy/ptII/ptolemy/domains/continuous/test/auto/InitialStateFeedback.xml
6 ms. Memory: 305152K Free: 199507K (65%)
----------------- Invoking toplevel() on ptolemy.moml.MoMLSimpleApplication@6f35b6ec
----------------- Done invoking toplevel() on ptolemy.moml.MoMLSimpleApplication@6f35b6ec
reloadAllAccessors: .InitialStateFeedback

===========================================================================================
----------------- testing Tue Aug 27 05:27:22 UTC 2019 /home/travis/build/icyphy/ptII/ptolemy/domains/continuous/test/auto/Integration.xml
----------------- Instantiating /home/travis/build/icyphy/ptII/ptolemy/domains/continuous/test/auto/Integration.xml
1 ms. Memory: 305152K Free: 195411K (64%)
----------------- Invoking toplevel() on ptolemy.moml.MoMLSimpleApplication@7b34e2f2
----------------- Done invoking toplevel() on ptolemy.moml.MoMLSimpleApplication@7b34e2f2
reloadAllAccessors: .Integration

===========================================================================================
----------------- testing Tue Aug 27 05:27:22 UTC 2019 /home/travis/build/icyphy/ptII/ptolemy/domains/continuous/test/auto/Integration2.xml
----------------- Instantiating /home/travis/build/icyphy/ptII/ptolemy/domains/continuous/test/auto/Integration2.xml
88 ms. Memory: 305152K Free: 181585K (60%)
----------------- Invoking toplevel() on ptolemy.moml.MoMLSimpleApplication@b36ef5f
----------------- Done invoking toplevel() on ptolemy.moml.MoMLSimpleApplication@b36ef5f
reloadAllAccessors: .Integration2

===========================================================================================
----------------- testing Tue Aug 27 05:27:22 UTC 2019 /home/travis/build/icyphy/ptII/ptolemy/domains/continuous/test/auto/Integration3.xml
----------------- Instantiating /home/travis/build/icyphy/ptII/ptolemy/domains/continuous/test/auto/Integration3.xml
2 ms. Memory: 305152K Free: 176979K (58%)
----------------- Invoking toplevel() on ptolemy.moml.MoMLSimpleApplication@4daec798
----------------- Done invoking toplevel() on ptolemy.moml.MoMLSimpleApplication@4daec798
reloadAllAccessors: .Integration3

===========================================================================================
----------------- testing Tue Aug 27 05:27:22 UTC 2019 /home/travis/build/icyphy/ptII/ptolemy/domains/continuous/test/auto/Integration5.xml
----------------- Instantiating /home/travis/build/icyphy/ptII/ptolemy/domains/continuous/test/auto/Integration5.xml
2 ms. Memory: 305152K Free: 172883K (57%)
----------------- Invoking toplevel() on ptolemy.moml.MoMLSimpleApplication@4486df69
----------------- Done invoking toplevel() on ptolemy.moml.MoMLSimpleApplication@4486df69
reloadAllAccessors: .Integration5

===========================================================================================
----------------- testing Tue Aug 27 05:27:22 UTC 2019 /home/travis/build/icyphy/ptII/ptolemy/domains/continuous/test/auto/IntegratorImpulse.xml
----------------- Instantiating /home/travis/build/icyphy/ptII/ptolemy/domains/continuous/test/auto/IntegratorImpulse.xml
2 ms. Memory: 305152K Free: 168787K (55%)
----------------- Invoking toplevel() on ptolemy.moml.MoMLSimpleApplication@55a34db
----------------- Done invoking toplevel() on ptolemy.moml.MoMLSimpleApplication@55a34db
reloadAllAccessors: .IntegratorImpulse

===========================================================================================
----------------- testing Tue Aug 27 05:27:22 UTC 2019 /home/travis/build/icyphy/ptII/ptolemy/domains/continuous/test/auto/IntegratorImpulse2.xml
----------------- Instantiating /home/travis/build/icyphy/ptII/ptolemy/domains/continuous/test/auto/IntegratorImpulse2.xml
3 ms. Memory: 305152K Free: 164177K (54%)
----------------- Invoking toplevel() on ptolemy.moml.MoMLSimpleApplication@5dc5d9a3
----------------- Done invoking toplevel() on ptolemy.moml.MoMLSimpleApplication@5dc5d9a3
reloadAllAccessors: .IntegratorImpulse2

===========================================================================================
----------------- testing Tue Aug 27 05:27:22 UTC 2019 /home/travis/build/icyphy/ptII/ptolemy/domains/continuous/test/auto/LevelCrossing1.xml
----------------- Instantiating /home/travis/build/icyphy/ptII/ptolemy/domains/continuous/test/auto/LevelCrossing1.xml
2 ms. Memory: 305152K Free: 159057K (52%)
----------------- Invoking toplevel() on ptolemy.moml.MoMLSimpleApplication@42f3735c
----------------- Done invoking toplevel() on ptolemy.moml.MoMLSimpleApplication@42f3735c
reloadAllAccessors: .LevelCrossing1

===========================================================================================
----------------- testing Tue Aug 27 05:27:22 UTC 2019 /home/travis/build/icyphy/ptII/ptolemy/domains/continuous/test/auto/LevelCrossing2.xml
----------------- Instantiating /home/travis/build/icyphy/ptII/ptolemy/domains/continuous/test/auto/LevelCrossing2.xml
3 ms. Memory: 305152K Free: 153937K (50%)
----------------- Invoking toplevel() on ptolemy.moml.MoMLSimpleApplication@394e1bf
----------------- Done invoking toplevel() on ptolemy.moml.MoMLSimpleApplication@394e1bf
reloadAllAccessors: .LevelCrossing2

===========================================================================================
----------------- testing Tue Aug 27 05:27:22 UTC 2019 /home/travis/build/icyphy/ptII/ptolemy/domains/continuous/test/auto/LevelCrossing3.xml
----------------- Instantiating /home/travis/build/icyphy/ptII/ptolemy/domains/continuous/test/auto/LevelCrossing3.xml
5 ms. Memory: 305152K Free: 148817K (49%)
----------------- Invoking toplevel() on ptolemy.moml.MoMLSimpleApplication@35d6929a
----------------- Done invoking toplevel() on ptolemy.moml.MoMLSimpleApplication@35d6929a
reloadAllAccessors: .LevelCrossing3

===========================================================================================
----------------- testing Tue Aug 27 05:27:22 UTC 2019 /home/travis/build/icyphy/ptII/ptolemy/domains/continuous/test/auto/LevelCrossing4.xml
----------------- Instantiating /home/travis/build/icyphy/ptII/ptolemy/domains/continuous/test/auto/LevelCrossing4.xml
3 ms. Memory: 305152K Free: 143697K (47%)
----------------- Invoking toplevel() on ptolemy.moml.MoMLSimpleApplication@73bf8524
----------------- Done invoking toplevel() on ptolemy.moml.MoMLSimpleApplication@73bf8524
reloadAllAccessors: .LevelCrossing4

===========================================================================================
----------------- testing Tue Aug 27 05:27:22 UTC 2019 /home/travis/build/icyphy/ptII/ptolemy/domains/continuous/test/auto/LevelCrossing5.xml
----------------- Instantiating /home/travis/build/icyphy/ptII/ptolemy/domains/continuous/test/auto/LevelCrossing5.xml
3 ms. Memory: 305152K Free: 138571K (45%)
----------------- Invoking toplevel() on ptolemy.moml.MoMLSimpleApplication@6fe2b929
----------------- Done invoking toplevel() on ptolemy.moml.MoMLSimpleApplication@6fe2b929
reloadAllAccessors: .LevelCrossing5

===========================================================================================
[...]
----------------- Instantiating /home/travis/build/icyphy/ptII/ptolemy/domains/continuous/test/auto/SRinContinuous.xml
4 ms. Memory: 305152K Free: 249786K (82%)
----------------- Invoking toplevel() on ptolemy.moml.MoMLSimpleApplication@3c806cf8
----------------- Done invoking toplevel() on ptolemy.moml.MoMLSimpleApplication@3c806cf8
reloadAllAccessors: .SRinContinuous

===========================================================================================
----------------- testing Tue Aug 27 05:27:39 UTC 2019 /home/travis/build/icyphy/ptII/ptolemy/domains/continuous/test/auto/SampledClocks.xml
----------------- Instantiating /home/travis/build/icyphy/ptII/ptolemy/domains/continuous/test/auto/SampledClocks.xml
7 ms. Memory: 305152K Free: 236988K (78%)
----------------- Invoking toplevel() on ptolemy.moml.MoMLSimpleApplication@252298b4
----------------- Done invoking toplevel() on ptolemy.moml.MoMLSimpleApplication@252298b4
reloadAllAccessors: .SampledClocks

===========================================================================================
----------------- testing Tue Aug 27 05:27:39 UTC 2019 /home/travis/build/icyphy/ptII/ptolemy/domains/continuous/test/auto/Satellite.xml
----------------- Instantiating /home/travis/build/icyphy/ptII/ptolemy/domains/continuous/test/auto/Satellite.xml
985 ms. Memory: 305152K Free: 229192K (75%)
----------------- Invoking toplevel() on ptolemy.moml.MoMLSimpleApplication@42e3889d
----------------- Done invoking toplevel() on ptolemy.moml.MoMLSimpleApplication@42e3889d
reloadAllAccessors: .Satellite

===========================================================================================
----------------- testing Tue Aug 27 05:27:40 UTC 2019 /home/travis/build/icyphy/ptII/ptolemy/domains/continuous/test/auto/SigmaDelta.xml
----------------- Instantiating /home/travis/build/icyphy/ptII/ptolemy/domains/continuous/test/auto/SigmaDelta.xml
2450 ms. Memory: 305152K Free: 148447K (49%)
----------------- Invoking toplevel() on ptolemy.moml.MoMLSimpleApplication@5500dde8
----------------- Done invoking toplevel() on ptolemy.moml.MoMLSimpleApplication@5500dde8
reloadAllAccessors: .SigmaDelta

===========================================================================================
----------------- testing Tue Aug 27 05:27:43 UTC 2019 /home/travis/build/icyphy/ptII/ptolemy/domains/continuous/test/auto/SingleRefinement.xml
----------------- Instantiating /home/travis/build/icyphy/ptII/ptolemy/domains/continuous/test/auto/SingleRefinement.xml
395 ms. Memory: 305152K Free: 147931K (48%)
----------------- Invoking toplevel() on ptolemy.moml.MoMLSimpleApplication@3ed02a65
----------------- Done invoking toplevel() on ptolemy.moml.MoMLSimpleApplication@3ed02a65
reloadAllAccessors: .SingleRefinement

===========================================================================================
----------------- testing Tue Aug 27 05:27:44 UTC 2019 /home/travis/build/icyphy/ptII/ptolemy/domains/continuous/test/auto/SinuBouncingBall.xml
----------------- Instantiating /home/travis/build/icyphy/ptII/ptolemy/domains/continuous/test/auto/SinuBouncingBall.xml
763 ms. Memory: 305152K Free: 117853K (39%)
----------------- Invoking toplevel() on ptolemy.moml.MoMLSimpleApplication@cee1746
----------------- Done invoking toplevel() on ptolemy.moml.MoMLSimpleApplication@cee1746
reloadAllAccessors: .SinuBouncingBall

===========================================================================================
----------------- testing Tue Aug 27 05:27:44 UTC 2019 /home/travis/build/icyphy/ptII/ptolemy/domains/continuous/test/auto/Sinusoid.xml
----------------- Instantiating /home/travis/build/icyphy/ptII/ptolemy/domains/continuous/test/auto/Sinusoid.xml
4 ms. Memory: 305152K Free: 113229K (37%)
----------------- Invoking toplevel() on ptolemy.moml.MoMLSimpleApplication@333e603f
----------------- Done invoking toplevel() on ptolemy.moml.MoMLSimpleApplication@333e603f
reloadAllAccessors: .Sinusoid

===========================================================================================
----------------- testing Tue Aug 27 05:27:44 UTC 2019 /home/travis/build/icyphy/ptII/ptolemy/domains/continuous/test/auto/SinusoidInNoise.xml
----------------- Instantiating /home/travis/build/icyphy/ptII/ptolemy/domains/continuous/test/auto/SinusoidInNoise.xml
890 ms. Memory: 305152K Free: 161162K (53%)
----------------- Invoking toplevel() on ptolemy.moml.MoMLSimpleApplication@6a650e79
----------------- Done invoking toplevel() on ptolemy.moml.MoMLSimpleApplication@6a650e79
reloadAllAccessors: .SinusoidInNoise

===========================================================================================
----------------- testing Tue Aug 27 05:27:45 UTC 2019 /home/travis/build/icyphy/ptII/ptolemy/domains/continuous/test/auto/SinusoidRK45.xml
----------------- Instantiating /home/travis/build/icyphy/ptII/ptolemy/domains/continuous/test/auto/SinusoidRK45.xml
2 ms. Memory: 305152K Free: 157052K (51%)
----------------- Invoking toplevel() on ptolemy.moml.MoMLSimpleApplication@7d2ecc5b
----------------- Done invoking toplevel() on ptolemy.moml.MoMLSimpleApplication@7d2ecc5b
reloadAllAccessors: .SinusoidRK45

===========================================================================================
----------------- testing Tue Aug 27 05:27:45 UTC 2019 /home/travis/build/icyphy/ptII/ptolemy/domains/continuous/test/auto/SinusoidWithMultipleImpulses.xml
----------------- Instantiating /home/travis/build/icyphy/ptII/ptolemy/domains/continuous/test/auto/SinusoidWithMultipleImpulses.xml
3 ms. Memory: 305152K Free: 152460K (50%)
----------------- Invoking toplevel() on ptolemy.moml.MoMLSimpleApplication@6971d2d9
----------------- Done invoking toplevel() on ptolemy.moml.MoMLSimpleApplication@6971d2d9
reloadAllAccessors: .SinusoidWithMultipleImpulses

===========================================================================================
----------------- testing Tue Aug 27 05:27:45 UTC 2019 /home/travis/build/icyphy/ptII/ptolemy/domains/continuous/test/auto/SquareWave.xml
----------------- Instantiating /home/travis/build/icyphy/ptII/ptolemy/domains/continuous/test/auto/SquareWave.xml
167 ms. Memory: 305152K Free: 125322K (41%)
----------------- Invoking toplevel() on ptolemy.moml.MoMLSimpleApplication@2eb60bc9
----------------- Done invoking toplevel() on ptolemy.moml.MoMLSimpleApplication@2eb60bc9
reloadAllAccessors: .SquareWave

===========================================================================================
----------------- testing Tue Aug 27 05:27:46 UTC 2019 /home/travis/build/icyphy/ptII/ptolemy/domains/continuous/test/auto/Starmac.xml
----------------- Instantiating /home/travis/build/icyphy/ptII/ptolemy/domains/continuous/test/auto/Starmac.xml
3071 ms. Memory: 305152K Free: 179655K (59%)
----------------- Invoking toplevel() on ptolemy.moml.MoMLSimpleApplication@54e96236
----------------- Done invoking toplevel() on ptolemy.moml.MoMLSimpleApplication@54e96236
reloadAllAccessors: .Starmac

===========================================================================================
----------------- testing Tue Aug 27 05:27:49 UTC 2019 /home/travis/build/icyphy/ptII/ptolemy/domains/continuous/test/auto/StaticUnits.xml
----------------- Instantiating /home/travis/build/icyphy/ptII/ptolemy/domains/continuous/test/auto/StaticUnits.xml
2237 ms. Memory: 305152K Free: 260460K (85%)
----------------- Invoking toplevel() on ptolemy.moml.MoMLSimpleApplication@51b5785
----------------- Done invoking toplevel() on ptolemy.moml.MoMLSimpleApplication@51b5785
reloadAllAccessors: .StaticUnits

===========================================================================================
----------------- testing Tue Aug 27 05:27:52 UTC 2019 /home/travis/build/icyphy/ptII/ptolemy/domains/continuous/test/auto/StickyMasses.xml
----------------- Instantiating /home/travis/build/icyphy/ptII/ptolemy/domains/continuous/test/auto/StickyMasses.xml
145 ms. Memory: 305152K Free: 211308K (69%)
----------------- Invoking toplevel() on ptolemy.moml.MoMLSimpleApplication@4e455aee
----------------- Done invoking toplevel() on ptolemy.moml.MoMLSimpleApplication@4e455aee
reloadAllAccessors: .StickyMasses

===========================================================================================
----------------- testing Tue Aug 27 05:27:52 UTC 2019 /home/travis/build/icyphy/ptII/ptolemy/domains/continuous/test/auto/StopTime.xml
----------------- Instantiating /home/travis/build/icyphy/ptII/ptolemy/domains/continuous/test/auto/StopTime.xml
42 ms. Memory: 305152K Free: 186732K (61%)
----------------- Invoking toplevel() on ptolemy.moml.MoMLSimpleApplication@30decacc
----------------- Done invoking toplevel() on ptolemy.moml.MoMLSimpleApplication@30decacc
reloadAllAccessors: .StopTime

===========================================================================================
----------------- testing Tue Aug 27 05:27:52 UTC 2019 /home/travis/build/icyphy/ptII/ptolemy/domains/continuous/test/auto/StopTime2.xml
----------------- Instantiating /home/travis/build/icyphy/ptII/ptolemy/domains/continuous/test/auto/StopTime2.xml
53 ms. Memory: 305152K Free: 164700K (54%)
----------------- Invoking toplevel() on ptolemy.moml.MoMLSimpleApplication@21b231f5
----------------- Done invoking toplevel() on ptolemy.moml.MoMLSimpleApplication@21b231f5
reloadAllAccessors: .StopTime2

===========================================================================================
----------------- testing Tue Aug 27 05:27:52 UTC 2019 /home/travis/build/icyphy/ptII/ptolemy/domains/continuous/test/auto/Switch.xml
----------------- Instantiating /home/travis/build/icyphy/ptII/ptolemy/domains/continuous/test/auto/Switch.xml
38 ms. Memory: 305152K Free: 140124K (46%)
----------------- Invoking toplevel() on ptolemy.moml.MoMLSimpleApplication@5fe3636
----------------- Done invoking toplevel() on ptolemy.moml.MoMLSimpleApplication@5fe3636
reloadAllAccessors: .Switch

===========================================================================================
----------------- testing Tue Aug 27 05:27:52 UTC 2019 /home/travis/build/icyphy/ptII/ptolemy/domains/continuous/test/auto/Thermostat.xml
----------------- Instantiating /home/travis/build/icyphy/ptII/ptolemy/domains/continuous/test/auto/Thermostat.xml
186 ms. Memory: 305152K Free: 244588K (80%)
----------------- Invoking toplevel() on ptolemy.moml.MoMLSimpleApplication@350fd2ba
----------------- Done invoking toplevel() on ptolemy.moml.MoMLSimpleApplication@350fd2ba
reloadAllAccessors: .Thermostat

===========================================================================================
----------------- testing Tue Aug 27 05:27:52 UTC 2019 /home/travis/build/icyphy/ptII/ptolemy/domains/continuous/test/auto/TimeDelay.xml
----------------- Instantiating /home/travis/build/icyphy/ptII/ptolemy/domains/continuous/test/auto/TimeDelay.xml
5 ms. Memory: 305152K Free: 239468K (78%)
----------------- Invoking toplevel() on ptolemy.moml.MoMLSimpleApplication@2d15cc9d
----------------- Done invoking toplevel() on ptolemy.moml.MoMLSimpleApplication@2d15cc9d
reloadAllAccessors: .TimeDelay

===========================================================================================
----------------- testing Tue Aug 27 05:27:52 UTC 2019 /home/travis/build/icyphy/ptII/ptolemy/domains/continuous/test/auto/TimeDelay2.xml
----------------- Instantiating /home/travis/build/icyphy/ptII/ptolemy/domains/continuous/test/auto/TimeDelay2.xml
8 ms. Memory: 305152K Free: 229228K (75%)
----------------- Invoking toplevel() on ptolemy.moml.MoMLSimpleApplication@18628cd4
----------------- Done invoking toplevel() on ptolemy.moml.MoMLSimpleApplication@18628cd4
reloadAllAccessors: .TimeDelay2

===========================================================================================
----------------- testing Tue Aug 27 05:27:52 UTC 2019 /home/travis/build/icyphy/ptII/ptolemy/domains/continuous/test/auto/TimeDelay3.xml
----------------- Instantiating /home/travis/build/icyphy/ptII/ptolemy/domains/continuous/test/auto/TimeDelay3.xml
4 ms. Memory: 305152K Free: 224601K (74%)
----------------- Invoking toplevel() on ptolemy.moml.MoMLSimpleApplication@61ae8397
----------------- Done invoking toplevel() on ptolemy.moml.MoMLSimpleApplication@61ae8397
reloadAllAccessors: .TimeDelay3

===========================================================================================
----------------- testing Tue Aug 27 05:27:52 UTC 2019 /home/travis/build/icyphy/ptII/ptolemy/domains/continuous/test/auto/TransferAbsentToInside.xml
----------------- Instantiating /home/travis/build/icyphy/ptII/ptolemy/domains/continuous/test/auto/TransferAbsentToInside.xml
26 ms. Memory: 305152K Free: 171356K (56%)
----------------- Invoking toplevel() on ptolemy.moml.MoMLSimpleApplication@2b8ee487
----------------- Done invoking toplevel() on ptolemy.moml.MoMLSimpleApplication@2b8ee487
reloadAllAccessors: .TransferAbsentToInside

===========================================================================================
----------------- testing Tue Aug 27 05:27:53 UTC 2019 /home/travis/build/icyphy/ptII/ptolemy/domains/continuous/test/auto/Transmission.xml
----------------- Instantiating /home/travis/build/icyphy/ptII/ptolemy/domains/continuous/test/auto/Transmission.xml
778 ms. Memory: 305152K Free: 117080K (38%)
----------------- Invoking toplevel() on ptolemy.moml.MoMLSimpleApplication@145a69cd
----------------- Done invoking toplevel() on ptolemy.moml.MoMLSimpleApplication@145a69cd
reloadAllAccessors: .Transmission

===========================================================================================
----------------- testing Tue Aug 27 05:27:53 UTC 2019 /home/travis/build/icyphy/ptII/ptolemy/domains/continuous/test/auto/TriggeredContinuousClock.xml
----------------- Instantiating /home/travis/build/icyphy/ptII/ptolemy/domains/continuous/test/auto/TriggeredContinuousClock.xml
43 ms. Memory: 305152K Free: 264023K (87%)
----------------- Invoking toplevel() on ptolemy.moml.MoMLSimpleApplication@63cab84
----------------- Done invoking toplevel() on ptolemy.moml.MoMLSimpleApplication@63cab84
reloadAllAccessors: .TriggeredContinuousClock

===========================================================================================
----------------- testing Tue Aug 27 05:27:53 UTC 2019 /home/travis/build/icyphy/ptII/ptolemy/domains/continuous/test/auto/TwoMachineInfiniteBusControl.xml
----------------- Instantiating /home/travis/build/icyphy/ptII/ptolemy/domains/continuous/test/auto/TwoMachineInfiniteBusControl.xml
2917 ms. Memory: 305152K Free: 211715K (69%)
----------------- Invoking toplevel() on ptolemy.moml.MoMLSimpleApplication@78737bf3
----------------- Done invoking toplevel() on ptolemy.moml.MoMLSimpleApplication@78737bf3
reloadAllAccessors: .TwoMachineInfiniteBusControl

===========================================================================================
----------------- testing Tue Aug 27 05:27:57 UTC 2019 /home/travis/build/icyphy/ptII/ptolemy/domains/continuous/test/auto/V2V.xml
----------------- Instantiating /home/travis/build/icyphy/ptII/ptolemy/domains/continuous/test/auto/V2V.xml
783 ms. Memory: 305152K Free: 200473K (66%)
----------------- Invoking toplevel() on ptolemy.moml.MoMLSimpleApplication@1f2c0e4c
----------------- Done invoking toplevel() on ptolemy.moml.MoMLSimpleApplication@1f2c0e4c
reloadAllAccessors: .V2V

===========================================================================================
----------------- testing Tue Aug 27 05:27:57 UTC 2019 /home/travis/build/icyphy/ptII/ptolemy/domains/continuous/test/auto/hierarchicalModalModel.xml
----------------- Instantiating /home/travis/build/icyphy/ptII/ptolemy/domains/continuous/test/auto/hierarchicalModalModel.xml
7 ms. Memory: 305152K Free: 186123K (61%)
----------------- Invoking toplevel() on ptolemy.moml.MoMLSimpleApplication@1d198bcb
----------------- Done invoking toplevel() on ptolemy.moml.MoMLSimpleApplication@1d198bcb
reloadAllAccessors: .hierarchicalModalModel

===========================================================================================
----------------- testing Tue Aug 27 05:27:57 UTC 2019 /home/travis/build/icyphy/ptII/ptolemy/domains/continuous/test/auto/hierarchicalModalModel1.xml
----------------- Instantiating /home/travis/build/icyphy/ptII/ptolemy/domains/continuous/test/auto/hierarchicalModalModel1.xml
9 ms. Memory: 305152K Free: 171801K (56%)
----------------- Invoking toplevel() on ptolemy.moml.MoMLSimpleApplication@76c6a81e
----------------- Done invoking toplevel() on ptolemy.moml.MoMLSimpleApplication@76c6a81e
reloadAllAccessors: .hierarchicalModalModel1

===========================================================================================
----------------- testing Tue Aug 27 05:27:57 UTC 2019 /home/travis/build/icyphy/ptII/ptolemy/domains/continuous/test/auto/hierarchicalModalModel2.xml
----------------- Instantiating /home/travis/build/icyphy/ptII/ptolemy/domains/continuous/test/auto/hierarchicalModalModel2.xml
7 ms. Memory: 305152K Free: 159499K (52%)
----------------- Invoking toplevel() on ptolemy.moml.MoMLSimpleApplication@79c8ef81
----------------- Done invoking toplevel() on ptolemy.moml.MoMLSimpleApplication@79c8ef81
reloadAllAccessors: .hierarchicalModalModel2

===========================================================================================
----------------- testing Tue Aug 27 05:27:57 UTC 2019 /home/travis/build/icyphy/ptII/ptolemy/domains/continuous/test/auto/hierarchicalModalModel3.xml
----------------- Instantiating /home/travis/build/icyphy/ptII/ptolemy/domains/continuous/test/auto/hierarchicalModalModel3.xml
5 ms. Memory: 305152K Free: 148763K (49%)
----------------- Invoking toplevel() on ptolemy.moml.MoMLSimpleApplication@67183324
----------------- Done invoking toplevel() on ptolemy.moml.MoMLSimpleApplication@67183324
reloadAllAccessors: .hierarchicalModalModel3

===========================================================================================
----------------- testing Tue Aug 27 05:27:58 UTC 2019 /home/travis/build/icyphy/ptII/ptolemy/domains/continuous/test/auto/hierarchicalModalModel4.xml
----------------- Instantiating /home/travis/build/icyphy/ptII/ptolemy/domains/continuous/test/auto/hierarchicalModalModel4.xml
4 ms. Memory: 305152K Free: 136985K (45%)
----------------- Invoking toplevel() on ptolemy.moml.MoMLSimpleApplication@54afad0c
----------------- Done invoking toplevel() on ptolemy.moml.MoMLSimpleApplication@54afad0c
reloadAllAccessors: .hierarchicalModalModel4

===========================================================================================
----------------- testing Tue Aug 27 05:27:58 UTC 2019 /home/travis/build/icyphy/ptII/ptolemy/domains/continuous/test/auto/junk.xml
----------------- Instantiating /home/travis/build/icyphy/ptII/ptolemy/domains/continuous/test/auto/junk.xml
140 ms. Memory: 305152K Free: 112409K (37%)
----------------- Invoking toplevel() on ptolemy.moml.MoMLSimpleApplication@266c24ab
----------------- Done invoking toplevel() on ptolemy.moml.MoMLSimpleApplication@266c24ab
reloadAllAccessors: .junk
AutoTests.java: About to close Vertx.
AutoTests.java: Vertx closed.
]]></system-out>
  <system-err><![CDATA[Warning: '.HysteresisWithRandomDelay.NonStrictTest' The test produced only 221 tokens, yet the correctValues parameter was expecting 222 tokens.
Warning: '.HysteresisWithRandomDelay.NonStrictTest2' The test produced only 220 tokens, yet the correctValues parameter was expecting 221 tokens.
Warning: '.HysteresisWithRandomDelay.NonStrictTest3' The test produced only 15 tokens, yet the correctValues parameter was expecting 30 tokens.
Warning: '.Poisson.NonStrictTest' The test produced only 407 tokens, yet the correctValues parameter was expecting 430 tokens.
]]></system-err>
</testsuite>
