<?xml version="1.0" encoding="UTF-8" ?>
<testsuite errors="0" failures="0" hostname="travis-job-5e8a28ef-191a-4fe4-be18-50fbb9cb31ff" name="ptolemy.domains.continuous.test.junit.JUnitTclTest" skipped="0" tests="156" time="69.807" timestamp="2020-03-28T13:33:41">
  <properties>
[...]
</properties>
  <testcase classname="ptolemy.util.test.junit.TclTests" name="[0] ThereAreNoTclTests (RunTclFile)" time="0.009" />
  <testcase classname="ptolemy.util.test.junit.AutoKnownFailedTests" name="[0] ThereAreNoKnowFailedTests (RunModel)" time="0.001" />
  <testcase classname="ptolemy.util.test.junit.AutoNameArchTests" name="[0] ThereAreNoAutoArchTests (RunModel)" time="0.009" />
  <testcase classname="ptolemy.util.test.junit.AutoTests" name="[0] /home/travis/build/icyphy/ptII/ptolemy/domains/continuous/test/auto/BouncingBall.xml (RunModel)" time="3.067" />
  <testcase classname="ptolemy.util.test.junit.AutoTests" name="[1] /home/travis/build/icyphy/ptII/ptolemy/domains/continuous/test/auto/BouncingBallWithoutGR.xml (RunModel)" time="0.851" />
  <testcase classname="ptolemy.util.test.junit.AutoTests" name="[2] /home/travis/build/icyphy/ptII/ptolemy/domains/continuous/test/auto/Brownian.xml (RunModel)" time="0.067" />
  <testcase classname="ptolemy.util.test.junit.AutoTests" name="[3] /home/travis/build/icyphy/ptII/ptolemy/domains/continuous/test/auto/CarTracking.xml (RunModel)" time="4.231" />
  <testcase classname="ptolemy.util.test.junit.AutoTests" name="[4] /home/travis/build/icyphy/ptII/ptolemy/domains/continuous/test/auto/CartPendulum.xml (RunModel)" time="0.559" />
  <testcase classname="ptolemy.util.test.junit.AutoTests" name="[5] /home/travis/build/icyphy/ptII/ptolemy/domains/continuous/test/auto/CausalityInterface10.xml (RunModel)" time="0.071" />
  <testcase classname="ptolemy.util.test.junit.AutoTests" name="[6] /home/travis/build/icyphy/ptII/ptolemy/domains/continuous/test/auto/CausalityInterface11.xml (RunModel)" time="0.034" />
  <testcase classname="ptolemy.util.test.junit.AutoTests" name="[7] /home/travis/build/icyphy/ptII/ptolemy/domains/continuous/test/auto/CausalityInterface12.xml (RunModel)" time="0.044" />
  <testcase classname="ptolemy.util.test.junit.AutoTests" name="[8] /home/travis/build/icyphy/ptII/ptolemy/domains/continuous/test/auto/CausalityInterface13.xml (RunModel)" time="0.033" />
  <testcase classname="ptolemy.util.test.junit.AutoTests" name="[9] /home/travis/build/icyphy/ptII/ptolemy/domains/continuous/test/auto/CausalityInterface14.xml (RunModel)" time="0.018" />
  <testcase classname="ptolemy.util.test.junit.AutoTests" name="[10] /home/travis/build/icyphy/ptII/ptolemy/domains/continuous/test/auto/CausalityInterface4.xml (RunModel)" time="0.05" />
  <testcase classname="ptolemy.util.test.junit.AutoTests" name="[11] /home/travis/build/icyphy/ptII/ptolemy/domains/continuous/test/auto/CausalityInterface5.xml (RunModel)" time="0.044" />
  <testcase classname="ptolemy.util.test.junit.AutoTests" name="[12] /home/travis/build/icyphy/ptII/ptolemy/domains/continuous/test/auto/CausalityInterface6.xml (RunModel)" time="0.02" />
  <testcase classname="ptolemy.util.test.junit.AutoTests" name="[13] /home/travis/build/icyphy/ptII/ptolemy/domains/continuous/test/auto/CausalityInterface7.xml (RunModel)" time="0.043" />
  <testcase classname="ptolemy.util.test.junit.AutoTests" name="[14] /home/travis/build/icyphy/ptII/ptolemy/domains/continuous/test/auto/CausalityInterface8.xml (RunModel)" time="0.027" />
  <testcase classname="ptolemy.util.test.junit.AutoTests" name="[15] /home/travis/build/icyphy/ptII/ptolemy/domains/continuous/test/auto/CausalityInterface9.xml (RunModel)" time="0.048" />
  <testcase classname="ptolemy.util.test.junit.AutoTests" name="[16] /home/travis/build/icyphy/ptII/ptolemy/domains/continuous/test/auto/CausalityInterfaceFeedback1.xml (RunModel)" time="0.03" />
  <testcase classname="ptolemy.util.test.junit.AutoTests" name="[17] /home/travis/build/icyphy/ptII/ptolemy/domains/continuous/test/auto/CausalityInterfaceFeedback2.xml (RunModel)" time="0.031" />
  <testcase classname="ptolemy.util.test.junit.AutoTests" name="[18] /home/travis/build/icyphy/ptII/ptolemy/domains/continuous/test/auto/CompareWithCurrentTime.xml (RunModel)" time="0.017" />
  <testcase classname="ptolemy.util.test.junit.AutoTests" name="[19] /home/travis/build/icyphy/ptII/ptolemy/domains/continuous/test/auto/ComparedClocks.xml (RunModel)" time="0.083" />
  <testcase classname="ptolemy.util.test.junit.AutoTests" name="[20] /home/travis/build/icyphy/ptII/ptolemy/domains/continuous/test/auto/ContinuousAOCClone.xml (RunModel)" time="2.609" />
  <testcase classname="ptolemy.util.test.junit.AutoTests" name="[21] /home/travis/build/icyphy/ptII/ptolemy/domains/continuous/test/auto/ContinuousClock.xml (RunModel)" time="0.09" />
  <testcase classname="ptolemy.util.test.junit.AutoTests" name="[22] /home/travis/build/icyphy/ptII/ptolemy/domains/continuous/test/auto/ContinuousInContinuous.xml (RunModel)" time="0.088" />
  <testcase classname="ptolemy.util.test.junit.AutoTests" name="[23] /home/travis/build/icyphy/ptII/ptolemy/domains/continuous/test/auto/ContinuousInContinuousInContinuous.xml (RunModel)" time="0.029" />
  <testcase classname="ptolemy.util.test.junit.AutoTests" name="[24] /home/travis/build/icyphy/ptII/ptolemy/domains/continuous/test/auto/ContinuousInDE.xml (RunModel)" time="0.11" />
  <testcase classname="ptolemy.util.test.junit.AutoTests" name="[25] /home/travis/build/icyphy/ptII/ptolemy/domains/continuous/test/auto/ContinuousInDE2.xml (RunModel)" time="0.053" />
  <testcase classname="ptolemy.util.test.junit.AutoTests" name="[26] /home/travis/build/icyphy/ptII/ptolemy/domains/continuous/test/auto/ContinuousInDE3.xml (RunModel)" time="0.051" />
  <testcase classname="ptolemy.util.test.junit.AutoTests" name="[27] /home/travis/build/icyphy/ptII/ptolemy/domains/continuous/test/auto/ContinuousInDE4.xml (RunModel)" time="0.032" />
  <testcase classname="ptolemy.util.test.junit.AutoTests" name="[28] /home/travis/build/icyphy/ptII/ptolemy/domains/continuous/test/auto/ContinuousInDEDifferentRefinements.xml (RunModel)" time="0.101" />
  <testcase classname="ptolemy.util.test.junit.AutoTests" name="[29] /home/travis/build/icyphy/ptII/ptolemy/domains/continuous/test/auto/ContinuousInDEDifferentRefinementsPreemptive.xml (RunModel)" time="0.113" />
  <testcase classname="ptolemy.util.test.junit.AutoTests" name="[30] /home/travis/build/icyphy/ptII/ptolemy/domains/continuous/test/auto/ContinuousInDEInContinuous2.xml (RunModel)" time="0.07" />
  <testcase classname="ptolemy.util.test.junit.AutoTests" name="[31] /home/travis/build/icyphy/ptII/ptolemy/domains/continuous/test/auto/ContinuousInDEInContinuous3.xml (RunModel)" time="0.058" />
  <testcase classname="ptolemy.util.test.junit.AutoTests" name="[32] /home/travis/build/icyphy/ptII/ptolemy/domains/continuous/test/auto/ContinuousInDEInput.xml (RunModel)" time="0.026" />
  <testcase classname="ptolemy.util.test.junit.AutoTests" name="[33] /home/travis/build/icyphy/ptII/ptolemy/domains/continuous/test/auto/ContinuousInDEInput2.xml (RunModel)" time="0.029" />
  <testcase classname="ptolemy.util.test.junit.AutoTests" name="[34] /home/travis/build/icyphy/ptII/ptolemy/domains/continuous/test/auto/ContinuousInDEInput3.xml (RunModel)" time="0.025" />
  <testcase classname="ptolemy.util.test.junit.AutoTests" name="[35] /home/travis/build/icyphy/ptII/ptolemy/domains/continuous/test/auto/ContinuousInDESharingRefinement.xml (RunModel)" time="0.174" />
  <testcase classname="ptolemy.util.test.junit.AutoTests" name="[36] /home/travis/build/icyphy/ptII/ptolemy/domains/continuous/test/auto/ContinuousInDEwithNoPorts.xml (RunModel)" time="0.022" />
  <testcase classname="ptolemy.util.test.junit.AutoTests" name="[37] /home/travis/build/icyphy/ptII/ptolemy/domains/continuous/test/auto/ContinuousInsideDE.xml (RunModel)" time="0.086" />
  <testcase classname="ptolemy.util.test.junit.AutoTests" name="[38] /home/travis/build/icyphy/ptII/ptolemy/domains/continuous/test/auto/ContinuousMerge1.xml (RunModel)" time="0.016" />
  <testcase classname="ptolemy.util.test.junit.AutoTests" name="[39] /home/travis/build/icyphy/ptII/ptolemy/domains/continuous/test/auto/ContinuousMerge2.xml (RunModel)" time="0.042" />
  <testcase classname="ptolemy.util.test.junit.AutoTests" name="[40] /home/travis/build/icyphy/ptII/ptolemy/domains/continuous/test/auto/ContinuousMerge3.xml (RunModel)" time="0.066" />
  <testcase classname="ptolemy.util.test.junit.AutoTests" name="[41] /home/travis/build/icyphy/ptII/ptolemy/domains/continuous/test/auto/ContinuousWithinContinuous.xml (RunModel)" time="0.048" />
  <testcase classname="ptolemy.util.test.junit.AutoTests" name="[42] /home/travis/build/icyphy/ptII/ptolemy/domains/continuous/test/auto/ContinuousWithinContinuous2.xml (RunModel)" time="0.072" />
  <testcase classname="ptolemy.util.test.junit.AutoTests" name="[43] /home/travis/build/icyphy/ptII/ptolemy/domains/continuous/test/auto/ContinuousWithinContinuous3.xml (RunModel)" time="0.025" />
  <testcase classname="ptolemy.util.test.junit.AutoTests" name="[44] /home/travis/build/icyphy/ptII/ptolemy/domains/continuous/test/auto/ContinuousWithinContinuous4.xml (RunModel)" time="0.083" />
  <testcase classname="ptolemy.util.test.junit.AutoTests" name="[45] /home/travis/build/icyphy/ptII/ptolemy/domains/continuous/test/auto/ContinuousWithinContinuous5.xml (RunModel)" time="0.028" />
  <testcase classname="ptolemy.util.test.junit.AutoTests" name="[46] /home/travis/build/icyphy/ptII/ptolemy/domains/continuous/test/auto/ContinuousWithinContinuous6.xml (RunModel)" time="0.028" />
  <testcase classname="ptolemy.util.test.junit.AutoTests" name="[47] /home/travis/build/icyphy/ptII/ptolemy/domains/continuous/test/auto/ContinuousWithinContinuous7.xml (RunModel)" time="0.071" />
  <testcase classname="ptolemy.util.test.junit.AutoTests" name="[48] /home/travis/build/icyphy/ptII/ptolemy/domains/continuous/test/auto/DCMotor.xml (RunModel)" time="13.828" />
  <testcase classname="ptolemy.util.test.junit.AutoTests" name="[49] /home/travis/build/icyphy/ptII/ptolemy/domains/continuous/test/auto/DEInContinuous.xml (RunModel)" time="0.02" />
  <testcase classname="ptolemy.util.test.junit.AutoTests" name="[50] /home/travis/build/icyphy/ptII/ptolemy/domains/continuous/test/auto/DEinContinuous2.xml (RunModel)" time="0.02" />
  <testcase classname="ptolemy.util.test.junit.AutoTests" name="[51] /home/travis/build/icyphy/ptII/ptolemy/domains/continuous/test/auto/Derivative.xml (RunModel)" time="0.155" />
  <testcase classname="ptolemy.util.test.junit.AutoTests" name="[52] /home/travis/build/icyphy/ptII/ptolemy/domains/continuous/test/auto/Derivative1.xml (RunModel)" time="0.036" />
  <testcase classname="ptolemy.util.test.junit.AutoTests" name="[53] /home/travis/build/icyphy/ptII/ptolemy/domains/continuous/test/auto/DiscreteClock.xml (RunModel)" time="0.012" />
  <testcase classname="ptolemy.util.test.junit.AutoTests" name="[54] /home/travis/build/icyphy/ptII/ptolemy/domains/continuous/test/auto/EfficiencyCurve.xml (RunModel)" time="0.103" />
  <testcase classname="ptolemy.util.test.junit.AutoTests" name="[55] /home/travis/build/icyphy/ptII/ptolemy/domains/continuous/test/auto/ExponentialResponse.xml (RunModel)" time="0.103" />
  <testcase classname="ptolemy.util.test.junit.AutoTests" name="[56] /home/travis/build/icyphy/ptII/ptolemy/domains/continuous/test/auto/ExponentialResponseRK45.xml (RunModel)" time="0.031" />
  <testcase classname="ptolemy.util.test.junit.AutoTests" name="[57] /home/travis/build/icyphy/ptII/ptolemy/domains/continuous/test/auto/Friction.xml (RunModel)" time="1.445" />
  <testcase classname="ptolemy.util.test.junit.AutoTests" name="[58] /home/travis/build/icyphy/ptII/ptolemy/domains/continuous/test/auto/FurutaPendulum.xml (RunModel)" time="2.96" />
  <testcase classname="ptolemy.util.test.junit.AutoTests" name="[59] /home/travis/build/icyphy/ptII/ptolemy/domains/continuous/test/auto/HierarchicalExecution.xml (RunModel)" time="1.866" />
  <testcase classname="ptolemy.util.test.junit.AutoTests" name="[60] /home/travis/build/icyphy/ptII/ptolemy/domains/continuous/test/auto/HybridPlant.xml (RunModel)" time="0.596" />
  <testcase classname="ptolemy.util.test.junit.AutoTests" name="[61] /home/travis/build/icyphy/ptII/ptolemy/domains/continuous/test/auto/Hysteresis.xml (RunModel)" time="0.167" />
  <testcase classname="ptolemy.util.test.junit.AutoTests" name="[62] /home/travis/build/icyphy/ptII/ptolemy/domains/continuous/test/auto/HysteresisWithRandomDelay.xml (RunModel)" time="0.214" />
  <testcase classname="ptolemy.util.test.junit.AutoTests" name="[63] /home/travis/build/icyphy/ptII/ptolemy/domains/continuous/test/auto/HysteresisWithRandomLosses.xml (RunModel)" time="1.999" />
  <testcase classname="ptolemy.util.test.junit.AutoTests" name="[64] /home/travis/build/icyphy/ptII/ptolemy/domains/continuous/test/auto/ImmediateTransitions.xml (RunModel)" time="0.028" />
  <testcase classname="ptolemy.util.test.junit.AutoTests" name="[65] /home/travis/build/icyphy/ptII/ptolemy/domains/continuous/test/auto/ImpulseFeedback.xml (RunModel)" time="0.017" />
  <testcase classname="ptolemy.util.test.junit.AutoTests" name="[66] /home/travis/build/icyphy/ptII/ptolemy/domains/continuous/test/auto/ImpulseFeedback2.xml (RunModel)" time="0.013" />
  <testcase classname="ptolemy.util.test.junit.AutoTests" name="[67] /home/travis/build/icyphy/ptII/ptolemy/domains/continuous/test/auto/IncreasingRatePoisson.xml (RunModel)" time="0.641" />
  <testcase classname="ptolemy.util.test.junit.AutoTests" name="[68] /home/travis/build/icyphy/ptII/ptolemy/domains/continuous/test/auto/InitialStateFeedback.xml (RunModel)" time="0.017" />
  <testcase classname="ptolemy.util.test.junit.AutoTests" name="[69] /home/travis/build/icyphy/ptII/ptolemy/domains/continuous/test/auto/Integration.xml (RunModel)" time="0.013" />
  <testcase classname="ptolemy.util.test.junit.AutoTests" name="[70] /home/travis/build/icyphy/ptII/ptolemy/domains/continuous/test/auto/Integration2.xml (RunModel)" time="0.077" />
  <testcase classname="ptolemy.util.test.junit.AutoTests" name="[71] /home/travis/build/icyphy/ptII/ptolemy/domains/continuous/test/auto/Integration3.xml (RunModel)" time="0.015" />
  <testcase classname="ptolemy.util.test.junit.AutoTests" name="[72] /home/travis/build/icyphy/ptII/ptolemy/domains/continuous/test/auto/Integration5.xml (RunModel)" time="0.012" />
  <testcase classname="ptolemy.util.test.junit.AutoTests" name="[73] /home/travis/build/icyphy/ptII/ptolemy/domains/continuous/test/auto/IntegratorImpulse.xml (RunModel)" time="0.008" />
  <testcase classname="ptolemy.util.test.junit.AutoTests" name="[74] /home/travis/build/icyphy/ptII/ptolemy/domains/continuous/test/auto/IntegratorImpulse2.xml (RunModel)" time="0.018" />
  <testcase classname="ptolemy.util.test.junit.AutoTests" name="[75] /home/travis/build/icyphy/ptII/ptolemy/domains/continuous/test/auto/LevelCrossing1.xml (RunModel)" time="0.016" />
  <testcase classname="ptolemy.util.test.junit.AutoTests" name="[76] /home/travis/build/icyphy/ptII/ptolemy/domains/continuous/test/auto/LevelCrossing2.xml (RunModel)" time="0.031" />
  <testcase classname="ptolemy.util.test.junit.AutoTests" name="[77] /home/travis/build/icyphy/ptII/ptolemy/domains/continuous/test/auto/LevelCrossing3.xml (RunModel)" time="0.014" />
  <testcase classname="ptolemy.util.test.junit.AutoTests" name="[78] /home/travis/build/icyphy/ptII/ptolemy/domains/continuous/test/auto/LevelCrossing4.xml (RunModel)" time="0.013" />
  <testcase classname="ptolemy.util.test.junit.AutoTests" name="[79] /home/travis/build/icyphy/ptII/ptolemy/domains/continuous/test/auto/LevelCrossing5.xml (RunModel)" time="0.016" />
  <testcase classname="ptolemy.util.test.junit.AutoTests" name="[80] /home/travis/build/icyphy/ptII/ptolemy/domains/continuous/test/auto/LevelCrossing6.xml (RunModel)" time="0.018" />
  <testcase classname="ptolemy.util.test.junit.AutoTests" name="[81] /home/travis/build/icyphy/ptII/ptolemy/domains/continuous/test/auto/LevelCrossingDetector.xml (RunModel)" time="0.044" />
  <testcase classname="ptolemy.util.test.junit.AutoTests" name="[82] /home/travis/build/icyphy/ptII/ptolemy/domains/continuous/test/auto/LevelCrossingDetectorDetectingDirections.xml (RunModel)" time="0.082" />
  <testcase classname="ptolemy.util.test.junit.AutoTests" name="[83] /home/travis/build/icyphy/ptII/ptolemy/domains/continuous/test/auto/LevelCrossingDetectorDetectsGlitches.xml (RunModel)" time="0.055" />
  <testcase classname="ptolemy.util.test.junit.AutoTests" name="[84] /home/travis/build/icyphy/ptII/ptolemy/domains/continuous/test/auto/LevelCrossingNoInitialOuput.xml (RunModel)" time="0.012" />
  <testcase classname="ptolemy.util.test.junit.AutoTests" name="[85] /home/travis/build/icyphy/ptII/ptolemy/domains/continuous/test/auto/LinearStateSpaceExample.xml (RunModel)" time="0.081" />
  <testcase classname="ptolemy.util.test.junit.AutoTests" name="[86] /home/travis/build/icyphy/ptII/ptolemy/domains/continuous/test/auto/Lorenz.xml (RunModel)" time="3.347" />
  <testcase classname="ptolemy.util.test.junit.AutoTests" name="[87] /home/travis/build/icyphy/ptII/ptolemy/domains/continuous/test/auto/LorenzDifferentialSystem.xml (RunModel)" time="0.922" />
  <testcase classname="ptolemy.util.test.junit.AutoTests" name="[88] /home/travis/build/icyphy/ptII/ptolemy/domains/continuous/test/auto/LorenzDifferentialSystemWithInput.xml (RunModel)" time="1.12" />
  <testcase classname="ptolemy.util.test.junit.AutoTests" name="[89] /home/travis/build/icyphy/ptII/ptolemy/domains/continuous/test/auto/LorenzDifferentialSystemWithTime.xml (RunModel)" time="0.73" />
  <testcase classname="ptolemy.util.test.junit.AutoTests" name="[90] /home/travis/build/icyphy/ptII/ptolemy/domains/continuous/test/auto/Microsteps.xml (RunModel)" time="0.022" />
  <testcase classname="ptolemy.util.test.junit.AutoTests" name="[91] /home/travis/build/icyphy/ptII/ptolemy/domains/continuous/test/auto/Modal1.xml (RunModel)" time="0.035" />
  <testcase classname="ptolemy.util.test.junit.AutoTests" name="[92] /home/travis/build/icyphy/ptII/ptolemy/domains/continuous/test/auto/Modal2.xml (RunModel)" time="0.051" />
  <testcase classname="ptolemy.util.test.junit.AutoTests" name="[93] /home/travis/build/icyphy/ptII/ptolemy/domains/continuous/test/auto/ModalTransitionGuardWithReset.xml (RunModel)" time="0.024" />
  <testcase classname="ptolemy.util.test.junit.AutoTests" name="[94] /home/travis/build/icyphy/ptII/ptolemy/domains/continuous/test/auto/ModalTransitionGuardWithResetUsingPreemptiveTransition.xml (RunModel)" time="0.027" />
  <testcase classname="ptolemy.util.test.junit.AutoTests" name="[95] /home/travis/build/icyphy/ptII/ptolemy/domains/continuous/test/auto/ModalTransitionGuardWithResetUsingPreemptiveTransition2.xml (RunModel)" time="0.021" />
  <testcase classname="ptolemy.util.test.junit.AutoTests" name="[96] /home/travis/build/icyphy/ptII/ptolemy/domains/continuous/test/auto/ModalTransitionGuardWithResetUsingPreemptiveTransition3.xml (RunModel)" time="0.034" />
  <testcase classname="ptolemy.util.test.junit.AutoTests" name="[97] /home/travis/build/icyphy/ptII/ptolemy/domains/continuous/test/auto/NewtonsCradle.xml (RunModel)" time="0.709" />
  <testcase classname="ptolemy.util.test.junit.AutoTests" name="[98] /home/travis/build/icyphy/ptII/ptolemy/domains/continuous/test/auto/NewtonsCradleAnimated.xml (RunModel)" time="1.118" />
  <testcase classname="ptolemy.util.test.junit.AutoTests" name="[99] /home/travis/build/icyphy/ptII/ptolemy/domains/continuous/test/auto/NewtonsCradleComplicated.xml (RunModel)" time="0.9" />
  <testcase classname="ptolemy.util.test.junit.AutoTests" name="[100] /home/travis/build/icyphy/ptII/ptolemy/domains/continuous/test/auto/NewtonsCradleNondeterministic.xml (RunModel)" time="0.687" />
  <testcase classname="ptolemy.util.test.junit.AutoTests" name="[101] /home/travis/build/icyphy/ptII/ptolemy/domains/continuous/test/auto/NewtonsCradlePerfectlyInelastic1.xml (RunModel)" time="1.17" />
  <testcase classname="ptolemy.util.test.junit.AutoTests" name="[102] /home/travis/build/icyphy/ptII/ptolemy/domains/continuous/test/auto/Noise.xml (RunModel)" time="0.191" />
  <testcase classname="ptolemy.util.test.junit.AutoTests" name="[103] /home/travis/build/icyphy/ptII/ptolemy/domains/continuous/test/auto/NoiseSpectrum.xml (RunModel)" time="0.678" />
  <testcase classname="ptolemy.util.test.junit.AutoTests" name="[104] /home/travis/build/icyphy/ptII/ptolemy/domains/continuous/test/auto/ParameterizedNewtonsCradleAnimated.xml (RunModel)" time="0.335" />
  <testcase classname="ptolemy.util.test.junit.AutoTests" name="[105] /home/travis/build/icyphy/ptII/ptolemy/domains/continuous/test/auto/ParameterizedNewtonsCradleAnimatedNondeterministic.xml (RunModel)" time="1.067" />
  <testcase classname="ptolemy.util.test.junit.AutoTests" name="[106] /home/travis/build/icyphy/ptII/ptolemy/domains/continuous/test/auto/Pendulum3D.xml (RunModel)" time="0.154" />
  <testcase classname="ptolemy.util.test.junit.AutoTests" name="[107] /home/travis/build/icyphy/ptII/ptolemy/domains/continuous/test/auto/PeriodicSampler.xml (RunModel)" time="0.013" />
  <testcase classname="ptolemy.util.test.junit.AutoTests" name="[108] /home/travis/build/icyphy/ptII/ptolemy/domains/continuous/test/auto/PeriodicSampler1.xml (RunModel)" time="0.041" />
  <testcase classname="ptolemy.util.test.junit.AutoTests" name="[109] /home/travis/build/icyphy/ptII/ptolemy/domains/continuous/test/auto/PeriodicSampler2.xml (RunModel)" time="0.072" />
  <testcase classname="ptolemy.util.test.junit.AutoTests" name="[110] /home/travis/build/icyphy/ptII/ptolemy/domains/continuous/test/auto/Poisson.xml (RunModel)" time="0.447" />
  <testcase classname="ptolemy.util.test.junit.AutoTests" name="[111] /home/travis/build/icyphy/ptII/ptolemy/domains/continuous/test/auto/PoissonClock.xml (RunModel)" time="0.021" />
  <testcase classname="ptolemy.util.test.junit.AutoTests" name="[112] /home/travis/build/icyphy/ptII/ptolemy/domains/continuous/test/auto/PoissonClock2.xml (RunModel)" time="0.011" />
  <testcase classname="ptolemy.util.test.junit.AutoTests" name="[113] /home/travis/build/icyphy/ptII/ptolemy/domains/continuous/test/auto/PortParameterHierarchy.xml (RunModel)" time="0.022" />
  <testcase classname="ptolemy.util.test.junit.AutoTests" name="[114] /home/travis/build/icyphy/ptII/ptolemy/domains/continuous/test/auto/RandomHybridPlant.xml (RunModel)" time="0.511" />
  <testcase classname="ptolemy.util.test.junit.AutoTests" name="[115] /home/travis/build/icyphy/ptII/ptolemy/domains/continuous/test/auto/ResetTransitionWithStartTime1.xml (RunModel)" time="0.031" />
  <testcase classname="ptolemy.util.test.junit.AutoTests" name="[116] /home/travis/build/icyphy/ptII/ptolemy/domains/continuous/test/auto/ResetTransitionWithStartTime2.xml (RunModel)" time="0.034" />
  <testcase classname="ptolemy.util.test.junit.AutoTests" name="[117] /home/travis/build/icyphy/ptII/ptolemy/domains/continuous/test/auto/ResetTransitionWithStartTime3.xml (RunModel)" time="0.032" />
  <testcase classname="ptolemy.util.test.junit.AutoTests" name="[118] /home/travis/build/icyphy/ptII/ptolemy/domains/continuous/test/auto/ResetTransitionWithStartTime4.xml (RunModel)" time="0.026" />
  <testcase classname="ptolemy.util.test.junit.AutoTests" name="[119] /home/travis/build/icyphy/ptII/ptolemy/domains/continuous/test/auto/ResetTransitionWithStartTime5.xml (RunModel)" time="0.041" />
  <testcase classname="ptolemy.util.test.junit.AutoTests" name="[120] /home/travis/build/icyphy/ptII/ptolemy/domains/continuous/test/auto/ResetTransitionWithStartTime6.xml (RunModel)" time="0.035" />
  <testcase classname="ptolemy.util.test.junit.AutoTests" name="[121] /home/travis/build/icyphy/ptII/ptolemy/domains/continuous/test/auto/SRinContinuous.xml (RunModel)" time="0.021" />
  <testcase classname="ptolemy.util.test.junit.AutoTests" name="[122] /home/travis/build/icyphy/ptII/ptolemy/domains/continuous/test/auto/SampledClocks.xml (RunModel)" time="0.029" />
  <testcase classname="ptolemy.util.test.junit.AutoTests" name="[123] /home/travis/build/icyphy/ptII/ptolemy/domains/continuous/test/auto/Satellite.xml (RunModel)" time="0.754" />
  <testcase classname="ptolemy.util.test.junit.AutoTests" name="[124] /home/travis/build/icyphy/ptII/ptolemy/domains/continuous/test/auto/SigmaDelta.xml (RunModel)" time="1.879" />
  <testcase classname="ptolemy.util.test.junit.AutoTests" name="[125] /home/travis/build/icyphy/ptII/ptolemy/domains/continuous/test/auto/SingleRefinement.xml (RunModel)" time="0.418" />
  <testcase classname="ptolemy.util.test.junit.AutoTests" name="[126] /home/travis/build/icyphy/ptII/ptolemy/domains/continuous/test/auto/SinuBouncingBall.xml (RunModel)" time="0.925" />
  <testcase classname="ptolemy.util.test.junit.AutoTests" name="[127] /home/travis/build/icyphy/ptII/ptolemy/domains/continuous/test/auto/Sinusoid.xml (RunModel)" time="0.02" />
  <testcase classname="ptolemy.util.test.junit.AutoTests" name="[128] /home/travis/build/icyphy/ptII/ptolemy/domains/continuous/test/auto/SinusoidInNoise.xml (RunModel)" time="0.86" />
  <testcase classname="ptolemy.util.test.junit.AutoTests" name="[129] /home/travis/build/icyphy/ptII/ptolemy/domains/continuous/test/auto/SinusoidRK45.xml (RunModel)" time="0.016" />
  <testcase classname="ptolemy.util.test.junit.AutoTests" name="[130] /home/travis/build/icyphy/ptII/ptolemy/domains/continuous/test/auto/SinusoidWithMultipleImpulses.xml (RunModel)" time="0.014" />
  <testcase classname="ptolemy.util.test.junit.AutoTests" name="[131] /home/travis/build/icyphy/ptII/ptolemy/domains/continuous/test/auto/SquareWave.xml (RunModel)" time="0.167" />
  <testcase classname="ptolemy.util.test.junit.AutoTests" name="[132] /home/travis/build/icyphy/ptII/ptolemy/domains/continuous/test/auto/Starmac.xml (RunModel)" time="3.355" />
  <testcase classname="ptolemy.util.test.junit.AutoTests" name="[133] /home/travis/build/icyphy/ptII/ptolemy/domains/continuous/test/auto/StaticUnits.xml (RunModel)" time="2.159" />
  <testcase classname="ptolemy.util.test.junit.AutoTests" name="[134] /home/travis/build/icyphy/ptII/ptolemy/domains/continuous/test/auto/StickyMasses.xml (RunModel)" time="0.184" />
  <testcase classname="ptolemy.util.test.junit.AutoTests" name="[135] /home/travis/build/icyphy/ptII/ptolemy/domains/continuous/test/auto/StopTime.xml (RunModel)" time="0.062" />
  <testcase classname="ptolemy.util.test.junit.AutoTests" name="[136] /home/travis/build/icyphy/ptII/ptolemy/domains/continuous/test/auto/StopTime2.xml (RunModel)" time="0.063" />
  <testcase classname="ptolemy.util.test.junit.AutoTests" name="[137] /home/travis/build/icyphy/ptII/ptolemy/domains/continuous/test/auto/Switch.xml (RunModel)" time="0.06" />
  <testcase classname="ptolemy.util.test.junit.AutoTests" name="[138] /home/travis/build/icyphy/ptII/ptolemy/domains/continuous/test/auto/Thermostat.xml (RunModel)" time="0.189" />
  <testcase classname="ptolemy.util.test.junit.AutoTests" name="[139] /home/travis/build/icyphy/ptII/ptolemy/domains/continuous/test/auto/TimeDelay.xml (RunModel)" time="0.013" />
  <testcase classname="ptolemy.util.test.junit.AutoTests" name="[140] /home/travis/build/icyphy/ptII/ptolemy/domains/continuous/test/auto/TimeDelay2.xml (RunModel)" time="0.025" />
  <testcase classname="ptolemy.util.test.junit.AutoTests" name="[141] /home/travis/build/icyphy/ptII/ptolemy/domains/continuous/test/auto/TimeDelay3.xml (RunModel)" time="0.012" />
  <testcase classname="ptolemy.util.test.junit.AutoTests" name="[142] /home/travis/build/icyphy/ptII/ptolemy/domains/continuous/test/auto/TransferAbsentToInside.xml (RunModel)" time="0.111" />
  <testcase classname="ptolemy.util.test.junit.AutoTests" name="[143] /home/travis/build/icyphy/ptII/ptolemy/domains/continuous/test/auto/Transmission.xml (RunModel)" time="0.868" />
  <testcase classname="ptolemy.util.test.junit.AutoTests" name="[144] /home/travis/build/icyphy/ptII/ptolemy/domains/continuous/test/auto/TriggeredContinuousClock.xml (RunModel)" time="0.063" />
  <testcase classname="ptolemy.util.test.junit.AutoTests" name="[145] /home/travis/build/icyphy/ptII/ptolemy/domains/continuous/test/auto/TwoMachineInfiniteBusControl.xml (RunModel)" time="2.57" />
  <testcase classname="ptolemy.util.test.junit.AutoTests" name="[146] /home/travis/build/icyphy/ptII/ptolemy/domains/continuous/test/auto/V2V.xml (RunModel)" time="0.768" />
  <testcase classname="ptolemy.util.test.junit.AutoTests" name="[147] /home/travis/build/icyphy/ptII/ptolemy/domains/continuous/test/auto/hierarchicalModalModel.xml (RunModel)" time="0.031" />
  <testcase classname="ptolemy.util.test.junit.AutoTests" name="[148] /home/travis/build/icyphy/ptII/ptolemy/domains/continuous/test/auto/hierarchicalModalModel1.xml (RunModel)" time="0.027" />
  <testcase classname="ptolemy.util.test.junit.AutoTests" name="[149] /home/travis/build/icyphy/ptII/ptolemy/domains/continuous/test/auto/hierarchicalModalModel2.xml (RunModel)" time="0.024" />
  <testcase classname="ptolemy.util.test.junit.AutoTests" name="[150] /home/travis/build/icyphy/ptII/ptolemy/domains/continuous/test/auto/hierarchicalModalModel3.xml (RunModel)" time="0.021" />
  <testcase classname="ptolemy.util.test.junit.AutoTests" name="[151] /home/travis/build/icyphy/ptII/ptolemy/domains/continuous/test/auto/hierarchicalModalModel4.xml (RunModel)" time="0.023" />
  <testcase classname="ptolemy.util.test.junit.AutoTests" name="[152] /home/travis/build/icyphy/ptII/ptolemy/domains/continuous/test/auto/junk.xml (RunModel)" time="0.125" />
  <system-out><![CDATA[No tcl tests in /home/travis/build/icyphy/ptII/ptolemy/domains/continuous/test
No auto/knownFailedTests/*.xml tests in /home/travis/build/icyphy/ptII/ptolemy/domains/continuous/test
No auto/linux-amd64/*.xml tests in /home/travis/build/icyphy/ptII/ptolemy/domains/continuous/test
AutoTests.java: About to close Vertx.
AutoTests.java: Vertx closed.

===========================================================================================
----------------- testing Sat Mar 28 13:33:42 UTC 2020 /home/travis/build/icyphy/ptII/ptolemy/domains/continuous/test/auto/BouncingBall.xml
----------------- Instantiating /home/travis/build/icyphy/ptII/ptolemy/domains/continuous/test/auto/BouncingBall.xml
2368 ms. Memory: 129024K Free: 45305K (35%)
----------------- Invoking toplevel() on ptolemy.moml.MoMLSimpleApplication@230a0ef9
----------------- Done invoking toplevel() on ptolemy.moml.MoMLSimpleApplication@230a0ef9
reloadAllAccessors: .BouncingBall

===========================================================================================
----------------- testing Sat Mar 28 13:33:45 UTC 2020 /home/travis/build/icyphy/ptII/ptolemy/domains/continuous/test/auto/BouncingBallWithoutGR.xml
----------------- Instantiating /home/travis/build/icyphy/ptII/ptolemy/domains/continuous/test/auto/BouncingBallWithoutGR.xml
726 ms. Memory: 155648K Free: 117427K (75%)
----------------- Invoking toplevel() on ptolemy.moml.MoMLSimpleApplication@8f3aac7
----------------- Done invoking toplevel() on ptolemy.moml.MoMLSimpleApplication@8f3aac7
reloadAllAccessors: .BouncingBallWithoutGR

===========================================================================================
----------------- testing Sat Mar 28 13:33:46 UTC 2020 /home/travis/build/icyphy/ptII/ptolemy/domains/continuous/test/auto/Brownian.xml
----------------- Instantiating /home/travis/build/icyphy/ptII/ptolemy/domains/continuous/test/auto/Brownian.xml
17 ms. Memory: 155648K Free: 108721K (70%)
----------------- Invoking toplevel() on ptolemy.moml.MoMLSimpleApplication@25fbee99
----------------- Done invoking toplevel() on ptolemy.moml.MoMLSimpleApplication@25fbee99
reloadAllAccessors: .Brownian

===========================================================================================
----------------- testing Sat Mar 28 13:33:46 UTC 2020 /home/travis/build/icyphy/ptII/ptolemy/domains/continuous/test/auto/CarTracking.xml
----------------- Instantiating /home/travis/build/icyphy/ptII/ptolemy/domains/continuous/test/auto/CarTracking.xml
3683 ms. Memory: 187392K Free: 104720K (56%)
----------------- Invoking toplevel() on ptolemy.moml.MoMLSimpleApplication@51607d0b
----------------- Done invoking toplevel() on ptolemy.moml.MoMLSimpleApplication@51607d0b
reloadAllAccessors: .CarTracking

===========================================================================================
----------------- testing Sat Mar 28 13:33:50 UTC 2020 /home/travis/build/icyphy/ptII/ptolemy/domains/continuous/test/auto/CartPendulum.xml
----------------- Instantiating /home/travis/build/icyphy/ptII/ptolemy/domains/continuous/test/auto/CartPendulum.xml
405 ms. Memory: 225280K Free: 161855K (72%)
----------------- Invoking toplevel() on ptolemy.moml.MoMLSimpleApplication@1b4e1506
----------------- Done invoking toplevel() on ptolemy.moml.MoMLSimpleApplication@1b4e1506
reloadAllAccessors: .CartPendulum

===========================================================================================
----------------- testing Sat Mar 28 13:33:51 UTC 2020 /home/travis/build/icyphy/ptII/ptolemy/domains/continuous/test/auto/CausalityInterface10.xml
----------------- Instantiating /home/travis/build/icyphy/ptII/ptolemy/domains/continuous/test/auto/CausalityInterface10.xml
20 ms. Memory: 225280K Free: 151101K (67%)
----------------- Invoking toplevel() on ptolemy.moml.MoMLSimpleApplication@430ee82
----------------- Done invoking toplevel() on ptolemy.moml.MoMLSimpleApplication@430ee82
reloadAllAccessors: .CausalityInterface10

===========================================================================================
----------------- testing Sat Mar 28 13:33:51 UTC 2020 /home/travis/build/icyphy/ptII/ptolemy/domains/continuous/test/auto/CausalityInterface11.xml
----------------- Instantiating /home/travis/build/icyphy/ptII/ptolemy/domains/continuous/test/auto/CausalityInterface11.xml
10 ms. Memory: 225280K Free: 144943K (64%)
----------------- Invoking toplevel() on ptolemy.moml.MoMLSimpleApplication@5f9913a7
----------------- Done invoking toplevel() on ptolemy.moml.MoMLSimpleApplication@5f9913a7
reloadAllAccessors: .CausalityInterface11

===========================================================================================
----------------- testing Sat Mar 28 13:33:51 UTC 2020 /home/travis/build/icyphy/ptII/ptolemy/domains/continuous/test/auto/CausalityInterface12.xml
----------------- Instantiating /home/travis/build/icyphy/ptII/ptolemy/domains/continuous/test/auto/CausalityInterface12.xml
9 ms. Memory: 225280K Free: 138813K (62%)
----------------- Invoking toplevel() on ptolemy.moml.MoMLSimpleApplication@7d7d29c4
----------------- Done invoking toplevel() on ptolemy.moml.MoMLSimpleApplication@7d7d29c4
reloadAllAccessors: .CausalityInterface12

===========================================================================================
----------------- testing Sat Mar 28 13:33:51 UTC 2020 /home/travis/build/icyphy/ptII/ptolemy/domains/continuous/test/auto/CausalityInterface13.xml
----------------- Instantiating /home/travis/build/icyphy/ptII/ptolemy/domains/continuous/test/auto/CausalityInterface13.xml
4 ms. Memory: 225280K Free: 132655K (59%)
----------------- Invoking toplevel() on ptolemy.moml.MoMLSimpleApplication@5c43780
----------------- Done invoking toplevel() on ptolemy.moml.MoMLSimpleApplication@5c43780
reloadAllAccessors: .CausalityInterface13

===========================================================================================
----------------- testing Sat Mar 28 13:33:51 UTC 2020 /home/travis/build/icyphy/ptII/ptolemy/domains/continuous/test/auto/CausalityInterface14.xml
----------------- Instantiating /home/travis/build/icyphy/ptII/ptolemy/domains/continuous/test/auto/CausalityInterface14.xml
3 ms. Memory: 225280K Free: 127039K (56%)
----------------- Invoking toplevel() on ptolemy.moml.MoMLSimpleApplication@8c6c021
----------------- Done invoking toplevel() on ptolemy.moml.MoMLSimpleApplication@8c6c021
reloadAllAccessors: .CausalityInterface14

===========================================================================================
----------------- testing Sat Mar 28 13:33:51 UTC 2020 /home/travis/build/icyphy/ptII/ptolemy/domains/continuous/test/auto/CausalityInterface4.xml
----------------- Instantiating /home/travis/build/icyphy/ptII/ptolemy/domains/continuous/test/auto/CausalityInterface4.xml
6 ms. Memory: 225280K Free: 120367K (53%)
----------------- Invoking toplevel() on ptolemy.moml.MoMLSimpleApplication@5e8781e5
----------------- Done invoking toplevel() on ptolemy.moml.MoMLSimpleApplication@5e8781e5
reloadAllAccessors: .CausalityInterface4

===========================================================================================
----------------- testing Sat Mar 28 13:33:51 UTC 2020 /home/travis/build/icyphy/ptII/ptolemy/domains/continuous/test/auto/CausalityInterface5.xml
----------------- Instantiating /home/travis/build/icyphy/ptII/ptolemy/domains/continuous/test/auto/CausalityInterface5.xml
9 ms. Memory: 225280K Free: 112189K (50%)
----------------- Invoking toplevel() on ptolemy.moml.MoMLSimpleApplication@3d874c6c
----------------- Done invoking toplevel() on ptolemy.moml.MoMLSimpleApplication@3d874c6c
reloadAllAccessors: .CausalityInterface5

===========================================================================================
----------------- testing Sat Mar 28 13:33:51 UTC 2020 /home/travis/build/icyphy/ptII/ptolemy/domains/continuous/test/auto/CausalityInterface6.xml
----------------- Instantiating /home/travis/build/icyphy/ptII/ptolemy/domains/continuous/test/auto/CausalityInterface6.xml
4 ms. Memory: 225280K Free: 106559K (47%)
----------------- Invoking toplevel() on ptolemy.moml.MoMLSimpleApplication@33eba4fb
----------------- Done invoking toplevel() on ptolemy.moml.MoMLSimpleApplication@33eba4fb
reloadAllAccessors: .CausalityInterface6

===========================================================================================
----------------- testing Sat Mar 28 13:33:51 UTC 2020 /home/travis/build/icyphy/ptII/ptolemy/domains/continuous/test/auto/CausalityInterface7.xml
----------------- Instantiating /home/travis/build/icyphy/ptII/ptolemy/domains/continuous/test/auto/CausalityInterface7.xml
12 ms. Memory: 225280K Free: 98367K (44%)
----------------- Invoking toplevel() on ptolemy.moml.MoMLSimpleApplication@7403e16f
----------------- Done invoking toplevel() on ptolemy.moml.MoMLSimpleApplication@7403e16f
reloadAllAccessors: .CausalityInterface7

===========================================================================================
----------------- testing Sat Mar 28 13:33:51 UTC 2020 /home/travis/build/icyphy/ptII/ptolemy/domains/continuous/test/auto/CausalityInterface8.xml
----------------- Instantiating /home/travis/build/icyphy/ptII/ptolemy/domains/continuous/test/auto/CausalityInterface8.xml
4 ms. Memory: 225280K Free: 89151K (40%)
----------------- Invoking toplevel() on ptolemy.moml.MoMLSimpleApplication@def65b6
----------------- Done invoking toplevel() on ptolemy.moml.MoMLSimpleApplication@def65b6
reloadAllAccessors: .CausalityInterface8

===========================================================================================
----------------- testing Sat Mar 28 13:33:51 UTC 2020 /home/travis/build/icyphy/ptII/ptolemy/domains/continuous/test/auto/CausalityInterface9.xml
----------------- Instantiating /home/travis/build/icyphy/ptII/ptolemy/domains/continuous/test/auto/CausalityInterface9.xml
8 ms. Memory: 225280K Free: 78392K (35%)
----------------- Invoking toplevel() on ptolemy.moml.MoMLSimpleApplication@38a9ad4b
----------------- Done invoking toplevel() on ptolemy.moml.MoMLSimpleApplication@38a9ad4b
reloadAllAccessors: .CausalityInterface9

===========================================================================================
----------------- testing Sat Mar 28 13:33:51 UTC 2020 /home/travis/build/icyphy/ptII/ptolemy/domains/continuous/test/auto/CausalityInterfaceFeedback1.xml
----------------- Instantiating /home/travis/build/icyphy/ptII/ptolemy/domains/continuous/test/auto/CausalityInterfaceFeedback1.xml
5 ms. Memory: 225280K Free: 205393K (91%)
----------------- Invoking toplevel() on ptolemy.moml.MoMLSimpleApplication@169c1230
----------------- Done invoking toplevel() on ptolemy.moml.MoMLSimpleApplication@169c1230
reloadAllAccessors: .CausalityInterfaceFeedback1

===========================================================================================
----------------- testing Sat Mar 28 13:33:51 UTC 2020 /home/travis/build/icyphy/ptII/ptolemy/domains/continuous/test/auto/CausalityInterfaceFeedback2.xml
----------------- Instantiating /home/travis/build/icyphy/ptII/ptolemy/domains/continuous/test/auto/CausalityInterfaceFeedback2.xml
6 ms. Memory: 225280K Free: 198735K (88%)
----------------- Invoking toplevel() on ptolemy.moml.MoMLSimpleApplication@5ac39bae
----------------- Done invoking toplevel() on ptolemy.moml.MoMLSimpleApplication@5ac39bae
reloadAllAccessors: .CausalityInterfaceFeedback2

===========================================================================================
----------------- testing Sat Mar 28 13:33:51 UTC 2020 /home/travis/build/icyphy/ptII/ptolemy/domains/continuous/test/auto/CompareWithCurrentTime.xml
----------------- Instantiating /home/travis/build/icyphy/ptII/ptolemy/domains/continuous/test/auto/CompareWithCurrentTime.xml
3 ms. Memory: 225280K Free: 194639K (86%)
----------------- Invoking toplevel() on ptolemy.moml.MoMLSimpleApplication@407d2dd5
----------------- Done invoking toplevel() on ptolemy.moml.MoMLSimpleApplication@407d2dd5
reloadAllAccessors: .CompareWithCurrentTime

===========================================================================================
----------------- testing Sat Mar 28 13:33:51 UTC 2020 /home/travis/build/icyphy/ptII/ptolemy/domains/continuous/test/auto/ComparedClocks.xml
----------------- Instantiating /home/travis/build/icyphy/ptII/ptolemy/domains/continuous/test/auto/ComparedClocks.xml
6 ms. Memory: 225280K Free: 179265K (80%)
----------------- Invoking toplevel() on ptolemy.moml.MoMLSimpleApplication@28000ee0
----------------- Done invoking toplevel() on ptolemy.moml.MoMLSimpleApplication@28000ee0
reloadAllAccessors: .ComparedClocks

===========================================================================================
----------------- testing Sat Mar 28 13:33:51 UTC 2020 /home/travis/build/icyphy/ptII/ptolemy/domains/continuous/test/auto/ContinuousAOCClone.xml
----------------- Instantiating /home/travis/build/icyphy/ptII/ptolemy/domains/continuous/test/auto/ContinuousAOCClone.xml
2412 ms. Memory: 225280K Free: 198321K (88%)
----------------- Invoking toplevel() on ptolemy.moml.MoMLSimpleApplication@5dd3b415
----------------- Done invoking toplevel() on ptolemy.moml.MoMLSimpleApplication@5dd3b415
reloadAllAccessors: .ContinuousAOCClone

===========================================================================================
----------------- testing Sat Mar 28 13:33:54 UTC 2020 /home/travis/build/icyphy/ptII/ptolemy/domains/continuous/test/auto/ContinuousClock.xml
----------------- Instantiating /home/travis/build/icyphy/ptII/ptolemy/domains/continuous/test/auto/ContinuousClock.xml
31 ms. Memory: 225280K Free: 176817K (78%)
----------------- Invoking toplevel() on ptolemy.moml.MoMLSimpleApplication@64cf8d7e
----------------- Done invoking toplevel() on ptolemy.moml.MoMLSimpleApplication@64cf8d7e
reloadAllAccessors: .ContinuousClock

===========================================================================================
----------------- testing Sat Mar 28 13:33:54 UTC 2020 /home/travis/build/icyphy/ptII/ptolemy/domains/continuous/test/auto/ContinuousInContinuous.xml
----------------- Instantiating /home/travis/build/icyphy/ptII/ptolemy/domains/continuous/test/auto/ContinuousInContinuous.xml
43 ms. Memory: 225280K Free: 153265K (68%)
----------------- Invoking toplevel() on ptolemy.moml.MoMLSimpleApplication@269429a8
----------------- Done invoking toplevel() on ptolemy.moml.MoMLSimpleApplication@269429a8
reloadAllAccessors: .ContinuousInContinuous

===========================================================================================
----------------- testing Sat Mar 28 13:33:54 UTC 2020 /home/travis/build/icyphy/ptII/ptolemy/domains/continuous/test/auto/ContinuousInContinuousInContinuous.xml
----------------- Instantiating /home/travis/build/icyphy/ptII/ptolemy/domains/continuous/test/auto/ContinuousInContinuousInContinuous.xml
7 ms. Memory: 225280K Free: 145583K (65%)
----------------- Invoking toplevel() on ptolemy.moml.MoMLSimpleApplication@35656493
----------------- Done invoking toplevel() on ptolemy.moml.MoMLSimpleApplication@35656493
reloadAllAccessors: .ContinuousInContinuousInContinuous

===========================================================================================
----------------- testing Sat Mar 28 13:33:54 UTC 2020 /home/travis/build/icyphy/ptII/ptolemy/domains/continuous/test/auto/ContinuousInDE.xml
----------------- Instantiating /home/travis/build/icyphy/ptII/ptolemy/domains/continuous/test/auto/ContinuousInDE.xml
86 ms. Memory: 225280K Free: 135343K (60%)
----------------- Invoking toplevel() on ptolemy.moml.MoMLSimpleApplication@1b1d0252
----------------- Done invoking toplevel() on ptolemy.moml.MoMLSimpleApplication@1b1d0252
reloadAllAccessors: .ContinuousInDE

===========================================================================================
----------------- testing Sat Mar 28 13:33:54 UTC 2020 /home/travis/build/icyphy/ptII/ptolemy/domains/continuous/test/auto/ContinuousInDE2.xml
----------------- Instantiating /home/travis/build/icyphy/ptII/ptolemy/domains/continuous/test/auto/ContinuousInDE2.xml
32 ms. Memory: 225280K Free: 125617K (56%)
----------------- Invoking toplevel() on ptolemy.moml.MoMLSimpleApplication@2f94b2cc
----------------- Done invoking toplevel() on ptolemy.moml.MoMLSimpleApplication@2f94b2cc
reloadAllAccessors: .ContinuousInDE2

===========================================================================================
----------------- testing Sat Mar 28 13:33:54 UTC 2020 /home/travis/build/icyphy/ptII/ptolemy/domains/continuous/test/auto/ContinuousInDE3.xml
----------------- Instantiating /home/travis/build/icyphy/ptII/ptolemy/domains/continuous/test/auto/ContinuousInDE3.xml
32 ms. Memory: 225280K Free: 115887K (51%)
----------------- Invoking toplevel() on ptolemy.moml.MoMLSimpleApplication@46f81257
----------------- Done invoking toplevel() on ptolemy.moml.MoMLSimpleApplication@46f81257
reloadAllAccessors: .ContinuousInDE3

===========================================================================================
----------------- testing Sat Mar 28 13:33:54 UTC 2020 /home/travis/build/icyphy/ptII/ptolemy/domains/continuous/test/auto/ContinuousInDE4.xml
----------------- Instantiating /home/travis/build/icyphy/ptII/ptolemy/domains/continuous/test/auto/ContinuousInDE4.xml
17 ms. Memory: 225280K Free: 109743K (49%)
----------------- Invoking toplevel() on ptolemy.moml.MoMLSimpleApplication@1b204af9
----------------- Done invoking toplevel() on ptolemy.moml.MoMLSimpleApplication@1b204af9
reloadAllAccessors: .ContinuousInDE4

===========================================================================================
----------------- testing Sat Mar 28 13:33:54 UTC 2020 /home/travis/build/icyphy/ptII/ptolemy/domains/continuous/test/auto/ContinuousInDEDifferentRefinements.xml
----------------- Instantiating /home/travis/build/icyphy/ptII/ptolemy/domains/continuous/test/auto/ContinuousInDEDifferentRefinements.xml
58 ms. Memory: 225280K Free: 78513K (35%)
----------------- Invoking toplevel() on ptolemy.moml.MoMLSimpleApplication@2a73880d
----------------- Done invoking toplevel() on ptolemy.moml.MoMLSimpleApplication@2a73880d
reloadAllAccessors: .ContinuousInDEDifferentRefinements

===========================================================================================
----------------- testing Sat Mar 28 13:33:54 UTC 2020 /home/travis/build/icyphy/ptII/ptolemy/domains/continuous/test/auto/ContinuousInDEDifferentRefinementsPreemptive.xml
----------------- Instantiating /home/travis/build/icyphy/ptII/ptolemy/domains/continuous/test/auto/ContinuousInDEDifferentRefinementsPreemptive.xml
60 ms. Memory: 270336K Free: 226474K (84%)
----------------- Invoking toplevel() on ptolemy.moml.MoMLSimpleApplication@5d6f07fd
----------------- Done invoking toplevel() on ptolemy.moml.MoMLSimpleApplication@5d6f07fd
reloadAllAccessors: .ContinuousInDEDifferentRefinementsPreemptive

===========================================================================================
----------------- testing Sat Mar 28 13:33:55 UTC 2020 /home/travis/build/icyphy/ptII/ptolemy/domains/continuous/test/auto/ContinuousInDEInContinuous2.xml
----------------- Instantiating /home/travis/build/icyphy/ptII/ptolemy/domains/continuous/test/auto/ContinuousInDEInContinuous2.xml
41 ms. Memory: 270336K Free: 215210K (80%)
----------------- Invoking toplevel() on ptolemy.moml.MoMLSimpleApplication@18285e0
----------------- Done invoking toplevel() on ptolemy.moml.MoMLSimpleApplication@18285e0
reloadAllAccessors: .ContinuousInDEInContinuous2

===========================================================================================
----------------- testing Sat Mar 28 13:33:55 UTC 2020 /home/travis/build/icyphy/ptII/ptolemy/domains/continuous/test/auto/ContinuousInDEInContinuous3.xml
----------------- Instantiating /home/travis/build/icyphy/ptII/ptolemy/domains/continuous/test/auto/ContinuousInDEInContinuous3.xml
29 ms. Memory: 270336K Free: 202922K (75%)
----------------- Invoking toplevel() on ptolemy.moml.MoMLSimpleApplication@5f8ebd9b
----------------- Done invoking toplevel() on ptolemy.moml.MoMLSimpleApplication@5f8ebd9b
reloadAllAccessors: .ContinuousInDEInContinuous3

===========================================================================================
----------------- testing Sat Mar 28 13:33:55 UTC 2020 /home/travis/build/icyphy/ptII/ptolemy/domains/continuous/test/auto/ContinuousInDEInput.xml
----------------- Instantiating /home/travis/build/icyphy/ptII/ptolemy/domains/continuous/test/auto/ContinuousInDEInput.xml
14 ms. Memory: 270336K Free: 195754K (72%)
----------------- Invoking toplevel() on ptolemy.moml.MoMLSimpleApplication@478d5612
----------------- Done invoking toplevel() on ptolemy.moml.MoMLSimpleApplication@478d5612
reloadAllAccessors: .ContinuousInDEInput

===========================================================================================
----------------- testing Sat Mar 28 13:33:55 UTC 2020 /home/travis/build/icyphy/ptII/ptolemy/domains/continuous/test/auto/ContinuousInDEInput2.xml
----------------- Instantiating /home/travis/build/icyphy/ptII/ptolemy/domains/continuous/test/auto/ContinuousInDEInput2.xml
12 ms. Memory: 270336K Free: 188586K (70%)
----------------- Invoking toplevel() on ptolemy.moml.MoMLSimpleApplication@3e74b296
----------------- Done invoking toplevel() on ptolemy.moml.MoMLSimpleApplication@3e74b296
reloadAllAccessors: .ContinuousInDEInput2

===========================================================================================
----------------- testing Sat Mar 28 13:33:55 UTC 2020 /home/travis/build/icyphy/ptII/ptolemy/domains/continuous/test/auto/ContinuousInDEInput3.xml
----------------- Instantiating /home/travis/build/icyphy/ptII/ptolemy/domains/continuous/test/auto/ContinuousInDEInput3.xml
12 ms. Memory: 270336K Free: 181418K (67%)
----------------- Invoking toplevel() on ptolemy.moml.MoMLSimpleApplication@1147430c
----------------- Done invoking toplevel() on ptolemy.moml.MoMLSimpleApplication@1147430c
reloadAllAccessors: .ContinuousInDEInput3

===========================================================================================
----------------- testing Sat Mar 28 13:33:55 UTC 2020 /home/travis/build/icyphy/ptII/ptolemy/domains/continuous/test/auto/ContinuousInDESharingRefinement.xml
----------------- Instantiating /home/travis/build/icyphy/ptII/ptolemy/domains/continuous/test/auto/ContinuousInDESharingRefinement.xml
154 ms. Memory: 270336K Free: 247743K (92%)
----------------- Invoking toplevel() on ptolemy.moml.MoMLSimpleApplication@562c9806
----------------- Done invoking toplevel() on ptolemy.moml.MoMLSimpleApplication@562c9806
reloadAllAccessors: .ContinuousInDESharingRefinement

===========================================================================================
----------------- testing Sat Mar 28 13:33:55 UTC 2020 /home/travis/build/icyphy/ptII/ptolemy/domains/continuous/test/auto/ContinuousInDEwithNoPorts.xml
----------------- Instantiating /home/travis/build/icyphy/ptII/ptolemy/domains/continuous/test/auto/ContinuousInDEwithNoPorts.xml
7 ms. Memory: 270336K Free: 243151K (90%)
----------------- Invoking toplevel() on ptolemy.moml.MoMLSimpleApplication@661bfe6
----------------- Done invoking toplevel() on ptolemy.moml.MoMLSimpleApplication@661bfe6
reloadAllAccessors: .ContinuousInDEwithNoPorts

===========================================================================================
----------------- testing Sat Mar 28 13:33:55 UTC 2020 /home/travis/build/icyphy/ptII/ptolemy/domains/continuous/test/auto/ContinuousInsideDE.xml
----------------- Instantiating /home/travis/build/icyphy/ptII/ptolemy/domains/continuous/test/auto/ContinuousInsideDE.xml
37 ms. Memory: 270336K Free: 231887K (86%)
----------------- Invoking toplevel() on ptolemy.moml.MoMLSimpleApplication@46ba115f
----------------- Done invoking toplevel() on ptolemy.moml.MoMLSimpleApplication@46ba115f
reloadAllAccessors: .ContinuousInsideDE

===========================================================================================
----------------- testing Sat Mar 28 13:33:55 UTC 2020 /home/travis/build/icyphy/ptII/ptolemy/domains/continuous/test/auto/ContinuousMerge1.xml
----------------- Instantiating /home/travis/build/icyphy/ptII/ptolemy/domains/continuous/test/auto/ContinuousMerge1.xml
2 ms. Memory: 270336K Free: 227247K (84%)
----------------- Invoking toplevel() on ptolemy.moml.MoMLSimpleApplication@e87dbf
----------------- Done invoking toplevel() on ptolemy.moml.MoMLSimpleApplication@e87dbf
reloadAllAccessors: .ContinuousMerge1

===========================================================================================
----------------- testing Sat Mar 28 13:33:55 UTC 2020 /home/travis/build/icyphy/ptII/ptolemy/domains/continuous/test/auto/ContinuousMerge2.xml
----------------- Instantiating /home/travis/build/icyphy/ptII/ptolemy/domains/continuous/test/auto/ContinuousMerge2.xml
13 ms. Memory: 270336K Free: 217037K (80%)
----------------- Invoking toplevel() on ptolemy.moml.MoMLSimpleApplication@fa22e7b
----------------- Done invoking toplevel() on ptolemy.moml.MoMLSimpleApplication@fa22e7b
reloadAllAccessors: .ContinuousMerge2

===========================================================================================
----------------- testing Sat Mar 28 13:33:55 UTC 2020 /home/travis/build/icyphy/ptII/ptolemy/domains/continuous/test/auto/ContinuousMerge3.xml
----------------- Instantiating /home/travis/build/icyphy/ptII/ptolemy/domains/continuous/test/auto/ContinuousMerge3.xml
41 ms. Memory: 270336K Free: 206287K (76%)
----------------- Invoking toplevel() on ptolemy.moml.MoMLSimpleApplication@5ec73972
----------------- Done invoking toplevel() on ptolemy.moml.MoMLSimpleApplication@5ec73972
reloadAllAccessors: .ContinuousMerge3

===========================================================================================
----------------- testing Sat Mar 28 13:33:55 UTC 2020 /home/travis/build/icyphy/ptII/ptolemy/domains/continuous/test/auto/ContinuousWithinContinuous.xml
----------------- Instantiating /home/travis/build/icyphy/ptII/ptolemy/domains/continuous/test/auto/ContinuousWithinContinuous.xml
36 ms. Memory: 270336K Free: 197581K (73%)
----------------- Invoking toplevel() on ptolemy.moml.MoMLSimpleApplication@3c839b4e
----------------- Done invoking toplevel() on ptolemy.moml.MoMLSimpleApplication@3c839b4e
reloadAllAccessors: .ContinuousWithinContinuous

===========================================================================================
----------------- testing Sat Mar 28 13:33:55 UTC 2020 /home/travis/build/icyphy/ptII/ptolemy/domains/continuous/test/auto/ContinuousWithinContinuous2.xml
----------------- Instantiating /home/travis/build/icyphy/ptII/ptolemy/domains/continuous/test/auto/ContinuousWithinContinuous2.xml
61 ms. Memory: 270336K Free: 186831K (69%)
----------------- Invoking toplevel() on ptolemy.moml.MoMLSimpleApplication@7ae1f083
----------------- Done invoking toplevel() on ptolemy.moml.MoMLSimpleApplication@7ae1f083
reloadAllAccessors: .ContinuousWithinContinuous2

===========================================================================================
----------------- testing Sat Mar 28 13:33:55 UTC 2020 /home/travis/build/icyphy/ptII/ptolemy/domains/continuous/test/auto/ContinuousWithinContinuous3.xml
----------------- Instantiating /home/travis/build/icyphy/ptII/ptolemy/domains/continuous/test/auto/ContinuousWithinContinuous3.xml
11 ms. Memory: 270336K Free: 179663K (66%)
----------------- Invoking toplevel() on ptolemy.moml.MoMLSimpleApplication@322ffd36
----------------- Done invoking toplevel() on ptolemy.moml.MoMLSimpleApplication@322ffd36
reloadAllAccessors: .ContinuousWithinContinuous3

===========================================================================================
----------------- testing Sat Mar 28 13:33:55 UTC 2020 /home/travis/build/icyphy/ptII/ptolemy/domains/continuous/test/auto/ContinuousWithinContinuous4.xml
----------------- Instantiating /home/travis/build/icyphy/ptII/ptolemy/domains/continuous/test/auto/ContinuousWithinContinuous4.xml
66 ms. Memory: 270336K Free: 167885K (62%)
----------------- Invoking toplevel() on ptolemy.moml.MoMLSimpleApplication@7e50fcdf
----------------- Done invoking toplevel() on ptolemy.moml.MoMLSimpleApplication@7e50fcdf
reloadAllAccessors: .ContinuousWithinContinuous4

===========================================================================================
----------------- testing Sat Mar 28 13:33:55 UTC 2020 /home/travis/build/icyphy/ptII/ptolemy/domains/continuous/test/auto/ContinuousWithinContinuous5.xml
----------------- Instantiating /home/travis/build/icyphy/ptII/ptolemy/domains/continuous/test/auto/ContinuousWithinContinuous5.xml
12 ms. Memory: 270336K Free: 160717K (59%)
----------------- Invoking toplevel() on ptolemy.moml.MoMLSimpleApplication@6814a621
----------------- Done invoking toplevel() on ptolemy.moml.MoMLSimpleApplication@6814a621
reloadAllAccessors: .ContinuousWithinContinuous5

===========================================================================================
----------------- testing Sat Mar 28 13:33:55 UTC 2020 /home/travis/build/icyphy/ptII/ptolemy/domains/continuous/test/auto/ContinuousWithinContinuous6.xml
----------------- Instantiating /home/travis/build/icyphy/ptII/ptolemy/domains/continuous/test/auto/ContinuousWithinContinuous6.xml
11 ms. Memory: 270336K Free: 153549K (57%)
----------------- Invoking toplevel() on ptolemy.moml.MoMLSimpleApplication@f7b95c2
----------------- Done invoking toplevel() on ptolemy.moml.MoMLSimpleApplication@f7b95c2
reloadAllAccessors: .ContinuousWithinContinuous6

===========================================================================================
----------------- testing Sat Mar 28 13:33:55 UTC 2020 /home/travis/build/icyphy/ptII/ptolemy/domains/continuous/test/auto/ContinuousWithinContinuous7.xml
----------------- Instantiating /home/travis/build/icyphy/ptII/ptolemy/domains/continuous/test/auto/ContinuousWithinContinuous7.xml
58 ms. Memory: 270336K Free: 142799K (53%)
----------------- Invoking toplevel() on ptolemy.moml.MoMLSimpleApplication@6125bd00
----------------- Done invoking toplevel() on ptolemy.moml.MoMLSimpleApplication@6125bd00
reloadAllAccessors: .ContinuousWithinContinuous7

===========================================================================================
----------------- testing Sat Mar 28 13:33:56 UTC 2020 /home/travis/build/icyphy/ptII/ptolemy/domains/continuous/test/auto/DCMotor.xml
----------------- Instantiating /home/travis/build/icyphy/ptII/ptolemy/domains/continuous/test/auto/DCMotor.xml
13742 ms. Memory: 270336K Free: 248787K (92%)
----------------- Invoking toplevel() on ptolemy.moml.MoMLSimpleApplication@48cae98a
----------------- Done invoking toplevel() on ptolemy.moml.MoMLSimpleApplication@48cae98a
reloadAllAccessors: .DCMotor

===========================================================================================
----------------- testing Sat Mar 28 13:34:09 UTC 2020 /home/travis/build/icyphy/ptII/ptolemy/domains/continuous/test/auto/DEInContinuous.xml
----------------- Instantiating /home/travis/build/icyphy/ptII/ptolemy/domains/continuous/test/auto/DEInContinuous.xml
7 ms. Memory: 270336K Free: 242643K (90%)
----------------- Invoking toplevel() on ptolemy.moml.MoMLSimpleApplication@5e072874
----------------- Done invoking toplevel() on ptolemy.moml.MoMLSimpleApplication@5e072874
reloadAllAccessors: .DEInContinuous

===========================================================================================
----------------- testing Sat Mar 28 13:34:09 UTC 2020 /home/travis/build/icyphy/ptII/ptolemy/domains/continuous/test/auto/DEinContinuous2.xml
----------------- Instantiating /home/travis/build/icyphy/ptII/ptolemy/domains/continuous/test/auto/DEinContinuous2.xml
5 ms. Memory: 270336K Free: 234961K (87%)
----------------- Invoking toplevel() on ptolemy.moml.MoMLSimpleApplication@1a1661cd
----------------- Done invoking toplevel() on ptolemy.moml.MoMLSimpleApplication@1a1661cd
reloadAllAccessors: .DEinContinuous2

===========================================================================================
----------------- testing Sat Mar 28 13:34:09 UTC 2020 /home/travis/build/icyphy/ptII/ptolemy/domains/continuous/test/auto/Derivative.xml
----------------- Instantiating /home/travis/build/icyphy/ptII/ptolemy/domains/continuous/test/auto/Derivative.xml
116 ms. Memory: 270336K Free: 205265K (76%)
----------------- Invoking toplevel() on ptolemy.moml.MoMLSimpleApplication@2cd564b9
----------------- Done invoking toplevel() on ptolemy.moml.MoMLSimpleApplication@2cd564b9
reloadAllAccessors: .Derivative2

===========================================================================================
----------------- testing Sat Mar 28 13:34:10 UTC 2020 /home/travis/build/icyphy/ptII/ptolemy/domains/continuous/test/auto/Derivative1.xml
----------------- Instantiating /home/travis/build/icyphy/ptII/ptolemy/domains/continuous/test/auto/Derivative1.xml
13 ms. Memory: 270336K Free: 190929K (71%)
----------------- Invoking toplevel() on ptolemy.moml.MoMLSimpleApplication@5ab33846
----------------- Done invoking toplevel() on ptolemy.moml.MoMLSimpleApplication@5ab33846
reloadAllAccessors: .Derivative1

===========================================================================================
----------------- testing Sat Mar 28 13:34:10 UTC 2020 /home/travis/build/icyphy/ptII/ptolemy/domains/continuous/test/auto/DiscreteClock.xml
----------------- Instantiating /home/travis/build/icyphy/ptII/ptolemy/domains/continuous/test/auto/DiscreteClock.xml
3 ms. Memory: 270336K Free: 185809K (69%)
----------------- Invoking toplevel() on ptolemy.moml.MoMLSimpleApplication@6a546d87
----------------- Done invoking toplevel() on ptolemy.moml.MoMLSimpleApplication@6a546d87
reloadAllAccessors: .DiscreteClock

===========================================================================================
----------------- testing Sat Mar 28 13:34:10 UTC 2020 /home/travis/build/icyphy/ptII/ptolemy/domains/continuous/test/auto/EfficiencyCurve.xml
----------------- Instantiating /home/travis/build/icyphy/ptII/ptolemy/domains/continuous/test/auto/EfficiencyCurve.xml
54 ms. Memory: 270336K Free: 177107K (66%)
----------------- Invoking toplevel() on ptolemy.moml.MoMLSimpleApplication@4d74f623
----------------- Done invoking toplevel() on ptolemy.moml.MoMLSimpleApplication@4d74f623
reloadAllAccessors: .EfficiencyCurve

===========================================================================================
----------------- testing Sat Mar 28 13:34:10 UTC 2020 /home/travis/build/icyphy/ptII/ptolemy/domains/continuous/test/auto/ExponentialResponse.xml
----------------- Instantiating /home/travis/build/icyphy/ptII/ptolemy/domains/continuous/test/auto/ExponentialResponse.xml
92 ms. Memory: 270336K Free: 161747K (60%)
----------------- Invoking toplevel() on ptolemy.moml.MoMLSimpleApplication@1358c32
----------------- Done invoking toplevel() on ptolemy.moml.MoMLSimpleApplication@1358c32
reloadAllAccessors: .ExponentialResponse

===========================================================================================
----------------- testing Sat Mar 28 13:34:10 UTC 2020 /home/travis/build/icyphy/ptII/ptolemy/domains/continuous/test/auto/ExponentialResponseRK45.xml
----------------- Instantiating /home/travis/build/icyphy/ptII/ptolemy/domains/continuous/test/auto/ExponentialResponseRK45.xml
22 ms. Memory: 270336K Free: 155089K (57%)
----------------- Invoking toplevel() on ptolemy.moml.MoMLSimpleApplication@6ac8f646
----------------- Done invoking toplevel() on ptolemy.moml.MoMLSimpleApplication@6ac8f646
reloadAllAccessors: .ExponentialResponseRK45

===========================================================================================
----------------- testing Sat Mar 28 13:34:10 UTC 2020 /home/travis/build/icyphy/ptII/ptolemy/domains/continuous/test/auto/Friction.xml
----------------- Instantiating /home/travis/build/icyphy/ptII/ptolemy/domains/continuous/test/auto/Friction.xml
1342 ms. Memory: 270336K Free: 214767K (79%)
----------------- Invoking toplevel() on ptolemy.moml.MoMLSimpleApplication@5ba9cb14
----------------- Done invoking toplevel() on ptolemy.moml.MoMLSimpleApplication@5ba9cb14
reloadAllAccessors: .Friction

===========================================================================================
----------------- testing Sat Mar 28 13:34:11 UTC 2020 /home/travis/build/icyphy/ptII/ptolemy/domains/continuous/test/auto/FurutaPendulum.xml
----------------- Instantiating /home/travis/build/icyphy/ptII/ptolemy/domains/continuous/test/auto/FurutaPendulum.xml
2808 ms. Memory: 270336K Free: 195412K (72%)
----------------- Invoking toplevel() on ptolemy.moml.MoMLSimpleApplication@78351b93
----------------- Done invoking toplevel() on ptolemy.moml.MoMLSimpleApplication@78351b93
reloadAllAccessors: .FurutaPendulum

===========================================================================================
----------------- testing Sat Mar 28 13:34:14 UTC 2020 /home/travis/build/icyphy/ptII/ptolemy/domains/continuous/test/auto/HierarchicalExecution.xml
----------------- Instantiating /home/travis/build/icyphy/ptII/ptolemy/domains/continuous/test/auto/HierarchicalExecution.xml
1530 ms. Memory: 324608K Free: 290259K (89%)
----------------- Invoking toplevel() on ptolemy.moml.MoMLSimpleApplication@21e02d1b
----------------- Done invoking toplevel() on ptolemy.moml.MoMLSimpleApplication@21e02d1b
reloadAllAccessors: .HierarchicalExecution

===========================================================================================
----------------- testing Sat Mar 28 13:34:16 UTC 2020 /home/travis/build/icyphy/ptII/ptolemy/domains/continuous/test/auto/HybridPlant.xml
----------------- Instantiating /home/travis/build/icyphy/ptII/ptolemy/domains/continuous/test/auto/HybridPlant.xml
526 ms. Memory: 324608K Free: 219084K (67%)
----------------- Invoking toplevel() on ptolemy.moml.MoMLSimpleApplication@3be108d3
----------------- Done invoking toplevel() on ptolemy.moml.MoMLSimpleApplication@3be108d3
reloadAllAccessors: .HybridPlant

===========================================================================================
----------------- testing Sat Mar 28 13:34:17 UTC 2020 /home/travis/build/icyphy/ptII/ptolemy/domains/continuous/test/auto/Hysteresis.xml
----------------- Instantiating /home/travis/build/icyphy/ptII/ptolemy/domains/continuous/test/auto/Hysteresis.xml
125 ms. Memory: 324608K Free: 156606K (48%)
----------------- Invoking toplevel() on ptolemy.moml.MoMLSimpleApplication@37f35fd5
----------------- Done invoking toplevel() on ptolemy.moml.MoMLSimpleApplication@37f35fd5
reloadAllAccessors: .Hysteresis

===========================================================================================
----------------- testing Sat Mar 28 13:34:17 UTC 2020 /home/travis/build/icyphy/ptII/ptolemy/domains/continuous/test/auto/HysteresisWithRandomDelay.xml
----------------- Instantiating /home/travis/build/icyphy/ptII/ptolemy/domains/continuous/test/auto/HysteresisWithRandomDelay.xml
166 ms. Memory: 324608K Free: 278093K (86%)
----------------- Invoking toplevel() on ptolemy.moml.MoMLSimpleApplication@72e0f030
----------------- Done invoking toplevel() on ptolemy.moml.MoMLSimpleApplication@72e0f030
reloadAllAccessors: .HysteresisWithRandomDelay

===========================================================================================
----------------- testing Sat Mar 28 13:34:17 UTC 2020 /home/travis/build/icyphy/ptII/ptolemy/domains/continuous/test/auto/HysteresisWithRandomLosses.xml
----------------- Instantiating /home/travis/build/icyphy/ptII/ptolemy/domains/continuous/test/auto/HysteresisWithRandomLosses.xml
1931 ms. Memory: 324608K Free: 122733K (38%)
----------------- Invoking toplevel() on ptolemy.moml.MoMLSimpleApplication@1baccf5
----------------- Done invoking toplevel() on ptolemy.moml.MoMLSimpleApplication@1baccf5
reloadAllAccessors: .HysteresisWithRandomLosses

===========================================================================================
----------------- testing Sat Mar 28 13:34:19 UTC 2020 /home/travis/build/icyphy/ptII/ptolemy/domains/continuous/test/auto/ImmediateTransitions.xml
----------------- Instantiating /home/travis/build/icyphy/ptII/ptolemy/domains/continuous/test/auto/ImmediateTransitions.xml
13 ms. Memory: 324608K Free: 305654K (94%)
----------------- Invoking toplevel() on ptolemy.moml.MoMLSimpleApplication@3bbec042
----------------- Done invoking toplevel() on ptolemy.moml.MoMLSimpleApplication@3bbec042
reloadAllAccessors: .ImmediateTransitions

===========================================================================================
----------------- testing Sat Mar 28 13:34:19 UTC 2020 /home/travis/build/icyphy/ptII/ptolemy/domains/continuous/test/auto/ImpulseFeedback.xml
----------------- Instantiating /home/travis/build/icyphy/ptII/ptolemy/domains/continuous/test/auto/ImpulseFeedback.xml
7 ms. Memory: 324608K Free: 299858K (92%)
----------------- Invoking toplevel() on ptolemy.moml.MoMLSimpleApplication@28a27c
----------------- Done invoking toplevel() on ptolemy.moml.MoMLSimpleApplication@28a27c
reloadAllAccessors: .ImpulseFeedback

===========================================================================================
----------------- testing Sat Mar 28 13:34:19 UTC 2020 /home/travis/build/icyphy/ptII/ptolemy/domains/continuous/test/auto/ImpulseFeedback2.xml
----------------- Instantiating /home/travis/build/icyphy/ptII/ptolemy/domains/continuous/test/auto/ImpulseFeedback2.xml
4 ms. Memory: 324608K Free: 294228K (91%)
----------------- Invoking toplevel() on ptolemy.moml.MoMLSimpleApplication@55ec0136
----------------- Done invoking toplevel() on ptolemy.moml.MoMLSimpleApplication@55ec0136
reloadAllAccessors: .ImpulseFeedback2

===========================================================================================
----------------- testing Sat Mar 28 13:34:19 UTC 2020 /home/travis/build/icyphy/ptII/ptolemy/domains/continuous/test/auto/IncreasingRatePoisson.xml
----------------- Instantiating /home/travis/build/icyphy/ptII/ptolemy/domains/continuous/test/auto/IncreasingRatePoisson.xml
622 ms. Memory: 324608K Free: 183083K (56%)
----------------- Invoking toplevel() on ptolemy.moml.MoMLSimpleApplication@43c8d5c6
----------------- Done invoking toplevel() on ptolemy.moml.MoMLSimpleApplication@43c8d5c6
reloadAllAccessors: .IncreasingRatePoisson

===========================================================================================
----------------- testing Sat Mar 28 13:34:20 UTC 2020 /home/travis/build/icyphy/ptII/ptolemy/domains/continuous/test/auto/InitialStateFeedback.xml
----------------- Instantiating /home/travis/build/icyphy/ptII/ptolemy/domains/continuous/test/auto/InitialStateFeedback.xml
4 ms. Memory: 324608K Free: 178484K (55%)
----------------- Invoking toplevel() on ptolemy.moml.MoMLSimpleApplication@4c56a0b9
----------------- Done invoking toplevel() on ptolemy.moml.MoMLSimpleApplication@4c56a0b9
reloadAllAccessors: .InitialStateFeedback

===========================================================================================
----------------- testing Sat Mar 28 13:34:20 UTC 2020 /home/travis/build/icyphy/ptII/ptolemy/domains/continuous/test/auto/Integration.xml
----------------- Instantiating /home/travis/build/icyphy/ptII/ptolemy/domains/continuous/test/auto/Integration.xml
6 ms. Memory: 324608K Free: 174388K (54%)
----------------- Invoking toplevel() on ptolemy.moml.MoMLSimpleApplication@2483016d
----------------- Done invoking toplevel() on ptolemy.moml.MoMLSimpleApplication@2483016d
reloadAllAccessors: .Integration

===========================================================================================
----------------- testing Sat Mar 28 13:34:20 UTC 2020 /home/travis/build/icyphy/ptII/ptolemy/domains/continuous/test/auto/Integration2.xml
----------------- Instantiating /home/travis/build/icyphy/ptII/ptolemy/domains/continuous/test/auto/Integration2.xml
67 ms. Memory: 324608K Free: 160562K (49%)
----------------- Invoking toplevel() on ptolemy.moml.MoMLSimpleApplication@36f60fa8
----------------- Done invoking toplevel() on ptolemy.moml.MoMLSimpleApplication@36f60fa8
reloadAllAccessors: .Integration2

===========================================================================================
----------------- testing Sat Mar 28 13:34:20 UTC 2020 /home/travis/build/icyphy/ptII/ptolemy/domains/continuous/test/auto/Integration3.xml
----------------- Instantiating /home/travis/build/icyphy/ptII/ptolemy/domains/continuous/test/auto/Integration3.xml
2 ms. Memory: 324608K Free: 155956K (48%)
----------------- Invoking toplevel() on ptolemy.moml.MoMLSimpleApplication@65b498e8
----------------- Done invoking toplevel() on ptolemy.moml.MoMLSimpleApplication@65b498e8
reloadAllAccessors: .Integration3

===========================================================================================
----------------- testing Sat Mar 28 13:34:20 UTC 2020 /home/travis/build/icyphy/ptII/ptolemy/domains/continuous/test/auto/Integration5.xml
----------------- Instantiating /home/travis/build/icyphy/ptII/ptolemy/domains/continuous/test/auto/Integration5.xml
2 ms. Memory: 324608K Free: 151860K (47%)
----------------- Invoking toplevel() on ptolemy.moml.MoMLSimpleApplication@799131a7
----------------- Done invoking toplevel() on ptolemy.moml.MoMLSimpleApplication@799131a7
reloadAllAccessors: .Integration5

===========================================================================================
----------------- testing Sat Mar 28 13:34:20 UTC 2020 /home/travis/build/icyphy/ptII/ptolemy/domains/continuous/test/auto/IntegratorImpulse.xml
----------------- Instantiating /home/travis/build/icyphy/ptII/ptolemy/domains/continuous/test/auto/IntegratorImpulse.xml
2 ms. Memory: 324608K Free: 147764K (46%)
----------------- Invoking toplevel() on ptolemy.moml.MoMLSimpleApplication@49831734
----------------- Done invoking toplevel() on ptolemy.moml.MoMLSimpleApplication@49831734
reloadAllAccessors: .IntegratorImpulse

===========================================================================================
----------------- testing Sat Mar 28 13:34:20 UTC 2020 /home/travis/build/icyphy/ptII/ptolemy/domains/continuous/test/auto/IntegratorImpulse2.xml
----------------- Instantiating /home/travis/build/icyphy/ptII/ptolemy/domains/continuous/test/auto/IntegratorImpulse2.xml
4 ms. Memory: 324608K Free: 143123K (44%)
----------------- Invoking toplevel() on ptolemy.moml.MoMLSimpleApplication@65f9d327
----------------- Done invoking toplevel() on ptolemy.moml.MoMLSimpleApplication@65f9d327
reloadAllAccessors: .IntegratorImpulse2

===========================================================================================
----------------- testing Sat Mar 28 13:34:20 UTC 2020 /home/travis/build/icyphy/ptII/ptolemy/domains/continuous/test/auto/LevelCrossing1.xml
----------------- Instantiating /home/travis/build/icyphy/ptII/ptolemy/domains/continuous/test/auto/LevelCrossing1.xml
7 ms. Memory: 324608K Free: 138034K (43%)
----------------- Invoking toplevel() on ptolemy.moml.MoMLSimpleApplication@5d27beb8
----------------- Done invoking toplevel() on ptolemy.moml.MoMLSimpleApplication@5d27beb8
reloadAllAccessors: .LevelCrossing1

===========================================================================================
----------------- testing Sat Mar 28 13:34:20 UTC 2020 /home/travis/build/icyphy/ptII/ptolemy/domains/continuous/test/auto/LevelCrossing2.xml
----------------- Instantiating /home/travis/build/icyphy/ptII/ptolemy/domains/continuous/test/auto/LevelCrossing2.xml
3 ms. Memory: 324608K Free: 132914K (41%)
----------------- Invoking toplevel() on ptolemy.moml.MoMLSimpleApplication@594bdd70
----------------- Done invoking toplevel() on ptolemy.moml.MoMLSimpleApplication@594bdd70
reloadAllAccessors: .LevelCrossing2

===========================================================================================
----------------- testing Sat Mar 28 13:34:20 UTC 2020 /home/travis/build/icyphy/ptII/ptolemy/domains/continuous/test/auto/LevelCrossing3.xml
----------------- Instantiating /home/travis/build/icyphy/ptII/ptolemy/domains/continuous/test/auto/LevelCrossing3.xml
2 ms. Memory: 324608K Free: 127779K (39%)
----------------- Invoking toplevel() on ptolemy.moml.MoMLSimpleApplication@4f94abaf
----------------- Done invoking toplevel() on ptolemy.moml.MoMLSimpleApplication@4f94abaf
reloadAllAccessors: .LevelCrossing3

===========================================================================================
----------------- testing Sat Mar 28 13:34:20 UTC 2020 /home/travis/build/icyphy/ptII/ptolemy/domains/continuous/test/auto/LevelCrossing4.xml
----------------- Instantiating /home/travis/build/icyphy/ptII/ptolemy/domains/continuous/test/auto/LevelCrossing4.xml
4 ms. Memory: 324608K Free: 122674K (38%)
----------------- Invoking toplevel() on ptolemy.moml.MoMLSimpleApplication@1d2b016c
----------------- Done invoking toplevel() on ptolemy.moml.MoMLSimpleApplication@1d2b016c
reloadAllAccessors: .LevelCrossing4

===========================================================================================
----------------- testing Sat Mar 28 13:34:20 UTC 2020 /home/travis/build/icyphy/ptII/ptolemy/domains/continuous/test/auto/LevelCrossing5.xml
----------------- Instantiating /home/travis/build/icyphy/ptII/ptolemy/domains/continuous/test/auto/LevelCrossing5.xml
2 ms. Memory: 324608K Free: 117554K (36%)
----------------- Invoking toplevel() on ptolemy.moml.MoMLSimpleApplication@6de4c8d5
----------------- Done invoking toplevel() on ptolemy.moml.MoMLSimpleApplication@6de4c8d5
reloadAllAccessors: .LevelCrossing5

===========================================================================================
[...]
----------------- testing Sat Mar 28 13:34:35 UTC 2020 /home/travis/build/icyphy/ptII/ptolemy/domains/continuous/test/auto/SRinContinuous.xml
----------------- Instantiating /home/travis/build/icyphy/ptII/ptolemy/domains/continuous/test/auto/SRinContinuous.xml
4 ms. Memory: 324608K Free: 283049K (87%)
----------------- Invoking toplevel() on ptolemy.moml.MoMLSimpleApplication@309f5dd
----------------- Done invoking toplevel() on ptolemy.moml.MoMLSimpleApplication@309f5dd
reloadAllAccessors: .SRinContinuous

===========================================================================================
----------------- testing Sat Mar 28 13:34:35 UTC 2020 /home/travis/build/icyphy/ptII/ptolemy/domains/continuous/test/auto/SampledClocks.xml
----------------- Instantiating /home/travis/build/icyphy/ptII/ptolemy/domains/continuous/test/auto/SampledClocks.xml
7 ms. Memory: 324608K Free: 270251K (83%)
----------------- Invoking toplevel() on ptolemy.moml.MoMLSimpleApplication@2ae43b11
----------------- Done invoking toplevel() on ptolemy.moml.MoMLSimpleApplication@2ae43b11
reloadAllAccessors: .SampledClocks

===========================================================================================
----------------- testing Sat Mar 28 13:34:35 UTC 2020 /home/travis/build/icyphy/ptII/ptolemy/domains/continuous/test/auto/Satellite.xml
----------------- Instantiating /home/travis/build/icyphy/ptII/ptolemy/domains/continuous/test/auto/Satellite.xml
738 ms. Memory: 324608K Free: 270453K (83%)
----------------- Invoking toplevel() on ptolemy.moml.MoMLSimpleApplication@6f10ac82
----------------- Done invoking toplevel() on ptolemy.moml.MoMLSimpleApplication@6f10ac82
reloadAllAccessors: .Satellite

===========================================================================================
----------------- testing Sat Mar 28 13:34:36 UTC 2020 /home/travis/build/icyphy/ptII/ptolemy/domains/continuous/test/auto/SigmaDelta.xml
----------------- Instantiating /home/travis/build/icyphy/ptII/ptolemy/domains/continuous/test/auto/SigmaDelta.xml
1769 ms. Memory: 324608K Free: 203003K (63%)
----------------- Invoking toplevel() on ptolemy.moml.MoMLSimpleApplication@600e8bbc
----------------- Done invoking toplevel() on ptolemy.moml.MoMLSimpleApplication@600e8bbc
reloadAllAccessors: .SigmaDelta

===========================================================================================
----------------- testing Sat Mar 28 13:34:38 UTC 2020 /home/travis/build/icyphy/ptII/ptolemy/domains/continuous/test/auto/SingleRefinement.xml
----------------- Instantiating /home/travis/build/icyphy/ptII/ptolemy/domains/continuous/test/auto/SingleRefinement.xml
296 ms. Memory: 324608K Free: 211258K (65%)
----------------- Invoking toplevel() on ptolemy.moml.MoMLSimpleApplication@151e0470
----------------- Done invoking toplevel() on ptolemy.moml.MoMLSimpleApplication@151e0470
reloadAllAccessors: .SingleRefinement

===========================================================================================
----------------- testing Sat Mar 28 13:34:38 UTC 2020 /home/travis/build/icyphy/ptII/ptolemy/domains/continuous/test/auto/SinuBouncingBall.xml
----------------- Instantiating /home/travis/build/icyphy/ptII/ptolemy/domains/continuous/test/auto/SinuBouncingBall.xml
851 ms. Memory: 324608K Free: 190888K (59%)
----------------- Invoking toplevel() on ptolemy.moml.MoMLSimpleApplication@2dbced02
----------------- Done invoking toplevel() on ptolemy.moml.MoMLSimpleApplication@2dbced02
reloadAllAccessors: .SinuBouncingBall

===========================================================================================
----------------- testing Sat Mar 28 13:34:39 UTC 2020 /home/travis/build/icyphy/ptII/ptolemy/domains/continuous/test/auto/Sinusoid.xml
----------------- Instantiating /home/travis/build/icyphy/ptII/ptolemy/domains/continuous/test/auto/Sinusoid.xml
6 ms. Memory: 324608K Free: 186250K (57%)
----------------- Invoking toplevel() on ptolemy.moml.MoMLSimpleApplication@11a4cb2c
----------------- Done invoking toplevel() on ptolemy.moml.MoMLSimpleApplication@11a4cb2c
reloadAllAccessors: .Sinusoid

===========================================================================================
----------------- testing Sat Mar 28 13:34:39 UTC 2020 /home/travis/build/icyphy/ptII/ptolemy/domains/continuous/test/auto/SinusoidInNoise.xml
----------------- Instantiating /home/travis/build/icyphy/ptII/ptolemy/domains/continuous/test/auto/SinusoidInNoise.xml
822 ms. Memory: 324608K Free: 245364K (76%)
----------------- Invoking toplevel() on ptolemy.moml.MoMLSimpleApplication@72c1a7df
----------------- Done invoking toplevel() on ptolemy.moml.MoMLSimpleApplication@72c1a7df
reloadAllAccessors: .SinusoidInNoise

===========================================================================================
----------------- testing Sat Mar 28 13:34:40 UTC 2020 /home/travis/build/icyphy/ptII/ptolemy/domains/continuous/test/auto/SinusoidRK45.xml
----------------- Instantiating /home/travis/build/icyphy/ptII/ptolemy/domains/continuous/test/auto/SinusoidRK45.xml
3 ms. Memory: 324608K Free: 240758K (74%)
----------------- Invoking toplevel() on ptolemy.moml.MoMLSimpleApplication@5d85b4b4
----------------- Done invoking toplevel() on ptolemy.moml.MoMLSimpleApplication@5d85b4b4
reloadAllAccessors: .SinusoidRK45

===========================================================================================
----------------- testing Sat Mar 28 13:34:40 UTC 2020 /home/travis/build/icyphy/ptII/ptolemy/domains/continuous/test/auto/SinusoidWithMultipleImpulses.xml
----------------- Instantiating /home/travis/build/icyphy/ptII/ptolemy/domains/continuous/test/auto/SinusoidWithMultipleImpulses.xml
3 ms. Memory: 324608K Free: 236148K (73%)
----------------- Invoking toplevel() on ptolemy.moml.MoMLSimpleApplication@82bb0a5
----------------- Done invoking toplevel() on ptolemy.moml.MoMLSimpleApplication@82bb0a5
reloadAllAccessors: .SinusoidWithMultipleImpulses

===========================================================================================
----------------- testing Sat Mar 28 13:34:40 UTC 2020 /home/travis/build/icyphy/ptII/ptolemy/domains/continuous/test/auto/SquareWave.xml
----------------- Instantiating /home/travis/build/icyphy/ptII/ptolemy/domains/continuous/test/auto/SquareWave.xml
136 ms. Memory: 324608K Free: 209014K (64%)
----------------- Invoking toplevel() on ptolemy.moml.MoMLSimpleApplication@32be45c9
----------------- Done invoking toplevel() on ptolemy.moml.MoMLSimpleApplication@32be45c9
reloadAllAccessors: .SquareWave

===========================================================================================
----------------- testing Sat Mar 28 13:34:40 UTC 2020 /home/travis/build/icyphy/ptII/ptolemy/domains/continuous/test/auto/Starmac.xml
----------------- Instantiating /home/travis/build/icyphy/ptII/ptolemy/domains/continuous/test/auto/Starmac.xml
3040 ms. Memory: 324608K Free: 277789K (86%)
----------------- Invoking toplevel() on ptolemy.moml.MoMLSimpleApplication@7a946e21
----------------- Done invoking toplevel() on ptolemy.moml.MoMLSimpleApplication@7a946e21
reloadAllAccessors: .Starmac

===========================================================================================
----------------- testing Sat Mar 28 13:34:44 UTC 2020 /home/travis/build/icyphy/ptII/ptolemy/domains/continuous/test/auto/StaticUnits.xml
----------------- Instantiating /home/travis/build/icyphy/ptII/ptolemy/domains/continuous/test/auto/StaticUnits.xml
1702 ms. Memory: 324608K Free: 200444K (62%)
----------------- Invoking toplevel() on ptolemy.moml.MoMLSimpleApplication@62f1b32a
----------------- Done invoking toplevel() on ptolemy.moml.MoMLSimpleApplication@62f1b32a
reloadAllAccessors: .StaticUnits

===========================================================================================
----------------- testing Sat Mar 28 13:34:46 UTC 2020 /home/travis/build/icyphy/ptII/ptolemy/domains/continuous/test/auto/StickyMasses.xml
----------------- Instantiating /home/travis/build/icyphy/ptII/ptolemy/domains/continuous/test/auto/StickyMasses.xml
131 ms. Memory: 324608K Free: 150782K (46%)
----------------- Invoking toplevel() on ptolemy.moml.MoMLSimpleApplication@77bb3beb
----------------- Done invoking toplevel() on ptolemy.moml.MoMLSimpleApplication@77bb3beb
reloadAllAccessors: .StickyMasses

===========================================================================================
----------------- testing Sat Mar 28 13:34:46 UTC 2020 /home/travis/build/icyphy/ptII/ptolemy/domains/continuous/test/auto/StopTime.xml
----------------- Instantiating /home/travis/build/icyphy/ptII/ptolemy/domains/continuous/test/auto/StopTime.xml
42 ms. Memory: 324608K Free: 126204K (39%)
----------------- Invoking toplevel() on ptolemy.moml.MoMLSimpleApplication@74b10276
----------------- Done invoking toplevel() on ptolemy.moml.MoMLSimpleApplication@74b10276
reloadAllAccessors: .StopTime

===========================================================================================
----------------- testing Sat Mar 28 13:34:46 UTC 2020 /home/travis/build/icyphy/ptII/ptolemy/domains/continuous/test/auto/StopTime2.xml
----------------- Instantiating /home/travis/build/icyphy/ptII/ptolemy/domains/continuous/test/auto/StopTime2.xml
42 ms. Memory: 324608K Free: 293689K (90%)
----------------- Invoking toplevel() on ptolemy.moml.MoMLSimpleApplication@6d603306
----------------- Done invoking toplevel() on ptolemy.moml.MoMLSimpleApplication@6d603306
reloadAllAccessors: .StopTime2

===========================================================================================
----------------- testing Sat Mar 28 13:34:46 UTC 2020 /home/travis/build/icyphy/ptII/ptolemy/domains/continuous/test/auto/Switch.xml
----------------- Instantiating /home/travis/build/icyphy/ptII/ptolemy/domains/continuous/test/auto/Switch.xml
36 ms. Memory: 324608K Free: 268463K (83%)
----------------- Invoking toplevel() on ptolemy.moml.MoMLSimpleApplication@479c00b0
----------------- Done invoking toplevel() on ptolemy.moml.MoMLSimpleApplication@479c00b0
reloadAllAccessors: .Switch

===========================================================================================
----------------- testing Sat Mar 28 13:34:46 UTC 2020 /home/travis/build/icyphy/ptII/ptolemy/domains/continuous/test/auto/Thermostat.xml
----------------- Instantiating /home/travis/build/icyphy/ptII/ptolemy/domains/continuous/test/auto/Thermostat.xml
166 ms. Memory: 324608K Free: 196287K (60%)
----------------- Invoking toplevel() on ptolemy.moml.MoMLSimpleApplication@7b52b9bf
----------------- Done invoking toplevel() on ptolemy.moml.MoMLSimpleApplication@7b52b9bf
reloadAllAccessors: .Thermostat

===========================================================================================
----------------- testing Sat Mar 28 13:34:46 UTC 2020 /home/travis/build/icyphy/ptII/ptolemy/domains/continuous/test/auto/TimeDelay.xml
----------------- Instantiating /home/travis/build/icyphy/ptII/ptolemy/domains/continuous/test/auto/TimeDelay.xml
5 ms. Memory: 324608K Free: 191671K (59%)
----------------- Invoking toplevel() on ptolemy.moml.MoMLSimpleApplication@732701e
----------------- Done invoking toplevel() on ptolemy.moml.MoMLSimpleApplication@732701e
reloadAllAccessors: .TimeDelay

===========================================================================================
----------------- testing Sat Mar 28 13:34:46 UTC 2020 /home/travis/build/icyphy/ptII/ptolemy/domains/continuous/test/auto/TimeDelay2.xml
----------------- Instantiating /home/travis/build/icyphy/ptII/ptolemy/domains/continuous/test/auto/TimeDelay2.xml
7 ms. Memory: 324608K Free: 181951K (56%)
----------------- Invoking toplevel() on ptolemy.moml.MoMLSimpleApplication@5121de7b
----------------- Done invoking toplevel() on ptolemy.moml.MoMLSimpleApplication@5121de7b
reloadAllAccessors: .TimeDelay2

===========================================================================================
----------------- testing Sat Mar 28 13:34:46 UTC 2020 /home/travis/build/icyphy/ptII/ptolemy/domains/continuous/test/auto/TimeDelay3.xml
----------------- Instantiating /home/travis/build/icyphy/ptII/ptolemy/domains/continuous/test/auto/TimeDelay3.xml
4 ms. Memory: 324608K Free: 177324K (55%)
----------------- Invoking toplevel() on ptolemy.moml.MoMLSimpleApplication@6200213d
----------------- Done invoking toplevel() on ptolemy.moml.MoMLSimpleApplication@6200213d
reloadAllAccessors: .TimeDelay3

===========================================================================================
----------------- testing Sat Mar 28 13:34:46 UTC 2020 /home/travis/build/icyphy/ptII/ptolemy/domains/continuous/test/auto/TransferAbsentToInside.xml
----------------- Instantiating /home/travis/build/icyphy/ptII/ptolemy/domains/continuous/test/auto/TransferAbsentToInside.xml
44 ms. Memory: 324608K Free: 124607K (38%)
----------------- Invoking toplevel() on ptolemy.moml.MoMLSimpleApplication@282860c0
----------------- Done invoking toplevel() on ptolemy.moml.MoMLSimpleApplication@282860c0
reloadAllAccessors: .TransferAbsentToInside

===========================================================================================
----------------- testing Sat Mar 28 13:34:47 UTC 2020 /home/travis/build/icyphy/ptII/ptolemy/domains/continuous/test/auto/Transmission.xml
----------------- Instantiating /home/travis/build/icyphy/ptII/ptolemy/domains/continuous/test/auto/Transmission.xml
804 ms. Memory: 324608K Free: 271020K (83%)
----------------- Invoking toplevel() on ptolemy.moml.MoMLSimpleApplication@557d1396
----------------- Done invoking toplevel() on ptolemy.moml.MoMLSimpleApplication@557d1396
reloadAllAccessors: .Transmission

===========================================================================================
----------------- testing Sat Mar 28 13:34:47 UTC 2020 /home/travis/build/icyphy/ptII/ptolemy/domains/continuous/test/auto/TriggeredContinuousClock.xml
----------------- Instantiating /home/travis/build/icyphy/ptII/ptolemy/domains/continuous/test/auto/TriggeredContinuousClock.xml
35 ms. Memory: 324608K Free: 241324K (74%)
----------------- Invoking toplevel() on ptolemy.moml.MoMLSimpleApplication@768a864f
----------------- Done invoking toplevel() on ptolemy.moml.MoMLSimpleApplication@768a864f
reloadAllAccessors: .TriggeredContinuousClock

===========================================================================================
----------------- testing Sat Mar 28 13:34:47 UTC 2020 /home/travis/build/icyphy/ptII/ptolemy/domains/continuous/test/auto/TwoMachineInfiniteBusControl.xml
----------------- Instantiating /home/travis/build/icyphy/ptII/ptolemy/domains/continuous/test/auto/TwoMachineInfiniteBusControl.xml
2449 ms. Memory: 324608K Free: 240234K (74%)
----------------- Invoking toplevel() on ptolemy.moml.MoMLSimpleApplication@2174aba0
----------------- Done invoking toplevel() on ptolemy.moml.MoMLSimpleApplication@2174aba0
reloadAllAccessors: .TwoMachineInfiniteBusControl

===========================================================================================
----------------- testing Sat Mar 28 13:34:50 UTC 2020 /home/travis/build/icyphy/ptII/ptolemy/domains/continuous/test/auto/V2V.xml
----------------- Instantiating /home/travis/build/icyphy/ptII/ptolemy/domains/continuous/test/auto/V2V.xml
698 ms. Memory: 324608K Free: 241786K (74%)
----------------- Invoking toplevel() on ptolemy.moml.MoMLSimpleApplication@236ec40e
----------------- Done invoking toplevel() on ptolemy.moml.MoMLSimpleApplication@236ec40e
reloadAllAccessors: .V2V

===========================================================================================
----------------- testing Sat Mar 28 13:34:51 UTC 2020 /home/travis/build/icyphy/ptII/ptolemy/domains/continuous/test/auto/hierarchicalModalModel.xml
----------------- Instantiating /home/travis/build/icyphy/ptII/ptolemy/domains/continuous/test/auto/hierarchicalModalModel.xml
7 ms. Memory: 324608K Free: 227450K (70%)
----------------- Invoking toplevel() on ptolemy.moml.MoMLSimpleApplication@3904e556
----------------- Done invoking toplevel() on ptolemy.moml.MoMLSimpleApplication@3904e556
reloadAllAccessors: .hierarchicalModalModel

===========================================================================================
----------------- testing Sat Mar 28 13:34:51 UTC 2020 /home/travis/build/icyphy/ptII/ptolemy/domains/continuous/test/auto/hierarchicalModalModel1.xml
----------------- Instantiating /home/travis/build/icyphy/ptII/ptolemy/domains/continuous/test/auto/hierarchicalModalModel1.xml
7 ms. Memory: 324608K Free: 213114K (66%)
----------------- Invoking toplevel() on ptolemy.moml.MoMLSimpleApplication@3da5c9a9
----------------- Done invoking toplevel() on ptolemy.moml.MoMLSimpleApplication@3da5c9a9
reloadAllAccessors: .hierarchicalModalModel1

===========================================================================================
----------------- testing Sat Mar 28 13:34:51 UTC 2020 /home/travis/build/icyphy/ptII/ptolemy/domains/continuous/test/auto/hierarchicalModalModel2.xml
----------------- Instantiating /home/travis/build/icyphy/ptII/ptolemy/domains/continuous/test/auto/hierarchicalModalModel2.xml
6 ms. Memory: 324608K Free: 200826K (62%)
----------------- Invoking toplevel() on ptolemy.moml.MoMLSimpleApplication@220791c3
----------------- Done invoking toplevel() on ptolemy.moml.MoMLSimpleApplication@220791c3
reloadAllAccessors: .hierarchicalModalModel2

===========================================================================================
----------------- testing Sat Mar 28 13:34:51 UTC 2020 /home/travis/build/icyphy/ptII/ptolemy/domains/continuous/test/auto/hierarchicalModalModel3.xml
----------------- Instantiating /home/travis/build/icyphy/ptII/ptolemy/domains/continuous/test/auto/hierarchicalModalModel3.xml
6 ms. Memory: 324608K Free: 190072K (59%)
----------------- Invoking toplevel() on ptolemy.moml.MoMLSimpleApplication@6f04b67f
----------------- Done invoking toplevel() on ptolemy.moml.MoMLSimpleApplication@6f04b67f
reloadAllAccessors: .hierarchicalModalModel3

===========================================================================================
----------------- testing Sat Mar 28 13:34:51 UTC 2020 /home/travis/build/icyphy/ptII/ptolemy/domains/continuous/test/auto/hierarchicalModalModel4.xml
----------------- Instantiating /home/travis/build/icyphy/ptII/ptolemy/domains/continuous/test/auto/hierarchicalModalModel4.xml
5 ms. Memory: 324608K Free: 178298K (55%)
----------------- Invoking toplevel() on ptolemy.moml.MoMLSimpleApplication@391cd06c
----------------- Done invoking toplevel() on ptolemy.moml.MoMLSimpleApplication@391cd06c
reloadAllAccessors: .hierarchicalModalModel4

===========================================================================================
----------------- testing Sat Mar 28 13:34:51 UTC 2020 /home/travis/build/icyphy/ptII/ptolemy/domains/continuous/test/auto/junk.xml
----------------- Instantiating /home/travis/build/icyphy/ptII/ptolemy/domains/continuous/test/auto/junk.xml
111 ms. Memory: 324608K Free: 153208K (47%)
----------------- Invoking toplevel() on ptolemy.moml.MoMLSimpleApplication@28a9c577
----------------- Done invoking toplevel() on ptolemy.moml.MoMLSimpleApplication@28a9c577
reloadAllAccessors: .junk
AutoTests.java: About to close Vertx.
AutoTests.java: Vertx closed.
]]></system-out>
  <system-err><![CDATA[Warning: '.HysteresisWithRandomDelay.NonStrictTest3' The test produced only 25 tokens, yet the correctValues parameter was expecting 30 tokens.
Warning: '.IncreasingRatePoisson.NonStrictTest' The test produced only 398 tokens, yet the correctValues parameter was expecting 402 tokens.
Warning: '.Poisson.NonStrictTest' The test produced only 402 tokens, yet the correctValues parameter was expecting 430 tokens.
]]></system-err>
</testsuite>
