<?xml version="1.0" encoding="UTF-8" ?>
<testsuite errors="0" failures="0" hostname="travis-job-a353539d-1233-4eb8-9433-dc102d6c75b8" name="ptolemy.domains.modal.test.junit.JUnitTclTest" skipped="0" tests="148" time="11.317" timestamp="2019-10-21T15:13:33">
  <properties>
[...]
</properties>
  <testcase classname="ptolemy.util.test.junit.TclTests" name="[0] /home/travis/build/icyphy/ptII/ptolemy/domains/modal/test/SystemLevelType.tcl (RunTclFile)" time="2.092" />
  <testcase classname="ptolemy.util.test.junit.AutoKnownFailedTests" name="[0] /home/travis/build/icyphy/ptII/ptolemy/domains/modal/test/auto/knownFailedTests/CannotAnalysisWithPreemption.xml (RunModel)" time="0.339" />
  <testcase classname="ptolemy.util.test.junit.AutoNameArchTests" name="[0] ThereAreNoAutoArchTests (RunModel)" time="0.002" />
  <testcase classname="ptolemy.util.test.junit.AutoTests" name="[0] /home/travis/build/icyphy/ptII/ptolemy/domains/modal/test/auto/ABPTest.xml (RunModel)" time="0.817" />
  <testcase classname="ptolemy.util.test.junit.AutoTests" name="[1] /home/travis/build/icyphy/ptII/ptolemy/domains/modal/test/auto/ABROFlat.xml (RunModel)" time="0.11" />
  <testcase classname="ptolemy.util.test.junit.AutoTests" name="[2] /home/travis/build/icyphy/ptII/ptolemy/domains/modal/test/auto/ABROFlat2.xml (RunModel)" time="0.102" />
  <testcase classname="ptolemy.util.test.junit.AutoTests" name="[3] /home/travis/build/icyphy/ptII/ptolemy/domains/modal/test/auto/ABRO_present_hmm.xml (RunModel)" time="0.165" />
  <testcase classname="ptolemy.util.test.junit.AutoTests" name="[4] /home/travis/build/icyphy/ptII/ptolemy/domains/modal/test/auto/AMICoderExample.xml (RunModel)" time="0.087" />
  <testcase classname="ptolemy.util.test.junit.AutoTests" name="[5] /home/travis/build/icyphy/ptII/ptolemy/domains/modal/test/auto/AbsentToPresent.xml (RunModel)" time="0.027" />
  <testcase classname="ptolemy.util.test.junit.AutoTests" name="[6] /home/travis/build/icyphy/ptII/ptolemy/domains/modal/test/auto/Blending.xml (RunModel)" time="0.277" />
  <testcase classname="ptolemy.util.test.junit.AutoTests" name="[7] /home/travis/build/icyphy/ptII/ptolemy/domains/modal/test/auto/Broadcast.xml (RunModel)" time="0.062" />
  <testcase classname="ptolemy.util.test.junit.AutoTests" name="[8] /home/travis/build/icyphy/ptII/ptolemy/domains/modal/test/auto/BroadcastHierarchy.xml (RunModel)" time="0.059" />
  <testcase classname="ptolemy.util.test.junit.AutoTests" name="[9] /home/travis/build/icyphy/ptII/ptolemy/domains/modal/test/auto/BroadcastHierarchy2.xml (RunModel)" time="0.1" />
  <testcase classname="ptolemy.util.test.junit.AutoTests" name="[10] /home/travis/build/icyphy/ptII/ptolemy/domains/modal/test/auto/BroadcastHierarchy3.xml (RunModel)" time="0.093" />
  <testcase classname="ptolemy.util.test.junit.AutoTests" name="[11] /home/travis/build/icyphy/ptII/ptolemy/domains/modal/test/auto/BroadcastHierarchy4.xml (RunModel)" time="0.1" />
  <testcase classname="ptolemy.util.test.junit.AutoTests" name="[12] /home/travis/build/icyphy/ptII/ptolemy/domains/modal/test/auto/CannotAnalysisWithPreemption2.xml (RunModel)" time="0.04" />
  <testcase classname="ptolemy.util.test.junit.AutoTests" name="[13] /home/travis/build/icyphy/ptII/ptolemy/domains/modal/test/auto/CannotAnalysisWithPreemption3.xml (RunModel)" time="0.042" />
  <testcase classname="ptolemy.util.test.junit.AutoTests" name="[14] /home/travis/build/icyphy/ptII/ptolemy/domains/modal/test/auto/CannotProduce.xml (RunModel)" time="0.039" />
  <testcase classname="ptolemy.util.test.junit.AutoTests" name="[15] /home/travis/build/icyphy/ptII/ptolemy/domains/modal/test/auto/CannotProduceModal.xml (RunModel)" time="0.055" />
  <testcase classname="ptolemy.util.test.junit.AutoTests" name="[16] /home/travis/build/icyphy/ptII/ptolemy/domains/modal/test/auto/Case.xml (RunModel)" time="0.066" />
  <testcase classname="ptolemy.util.test.junit.AutoTests" name="[17] /home/travis/build/icyphy/ptII/ptolemy/domains/modal/test/auto/Case1.xml (RunModel)" time="0.027" />
  <testcase classname="ptolemy.util.test.junit.AutoTests" name="[18] /home/travis/build/icyphy/ptII/ptolemy/domains/modal/test/auto/Case2.xml (RunModel)" time="0.041" />
  <testcase classname="ptolemy.util.test.junit.AutoTests" name="[19] /home/travis/build/icyphy/ptII/ptolemy/domains/modal/test/auto/CausalityInterface1.xml (RunModel)" time="0.023" />
  <testcase classname="ptolemy.util.test.junit.AutoTests" name="[20] /home/travis/build/icyphy/ptII/ptolemy/domains/modal/test/auto/CausalityInterface10.xml (RunModel)" time="0.052" />
  <testcase classname="ptolemy.util.test.junit.AutoTests" name="[21] /home/travis/build/icyphy/ptII/ptolemy/domains/modal/test/auto/CausalityInterface11.xml (RunModel)" time="0.059" />
  <testcase classname="ptolemy.util.test.junit.AutoTests" name="[22] /home/travis/build/icyphy/ptII/ptolemy/domains/modal/test/auto/CausalityInterface12.xml (RunModel)" time="0.049" />
  <testcase classname="ptolemy.util.test.junit.AutoTests" name="[23] /home/travis/build/icyphy/ptII/ptolemy/domains/modal/test/auto/CausalityInterface13.xml (RunModel)" time="0.045" />
  <testcase classname="ptolemy.util.test.junit.AutoTests" name="[24] /home/travis/build/icyphy/ptII/ptolemy/domains/modal/test/auto/CausalityInterface14.xml (RunModel)" time="0.055" />
  <testcase classname="ptolemy.util.test.junit.AutoTests" name="[25] /home/travis/build/icyphy/ptII/ptolemy/domains/modal/test/auto/CausalityInterface2.xml (RunModel)" time="0.041" />
  <testcase classname="ptolemy.util.test.junit.AutoTests" name="[26] /home/travis/build/icyphy/ptII/ptolemy/domains/modal/test/auto/CausalityInterface3.xml (RunModel)" time="0.024" />
  <testcase classname="ptolemy.util.test.junit.AutoTests" name="[27] /home/travis/build/icyphy/ptII/ptolemy/domains/modal/test/auto/CausalityInterface4.xml (RunModel)" time="0.03" />
  <testcase classname="ptolemy.util.test.junit.AutoTests" name="[28] /home/travis/build/icyphy/ptII/ptolemy/domains/modal/test/auto/CausalityInterface5.xml (RunModel)" time="0.035" />
  <testcase classname="ptolemy.util.test.junit.AutoTests" name="[29] /home/travis/build/icyphy/ptII/ptolemy/domains/modal/test/auto/CausalityInterface6.xml (RunModel)" time="0.04" />
  <testcase classname="ptolemy.util.test.junit.AutoTests" name="[30] /home/travis/build/icyphy/ptII/ptolemy/domains/modal/test/auto/CausalityInterface7.xml (RunModel)" time="0.033" />
  <testcase classname="ptolemy.util.test.junit.AutoTests" name="[31] /home/travis/build/icyphy/ptII/ptolemy/domains/modal/test/auto/CausalityInterface8.xml (RunModel)" time="0.035" />
  <testcase classname="ptolemy.util.test.junit.AutoTests" name="[32] /home/travis/build/icyphy/ptII/ptolemy/domains/modal/test/auto/CausalityInterface9.xml (RunModel)" time="0.048" />
  <testcase classname="ptolemy.util.test.junit.AutoTests" name="[33] /home/travis/build/icyphy/ptII/ptolemy/domains/modal/test/auto/ChainedTransitions.xml (RunModel)" time="0.119" />
  <testcase classname="ptolemy.util.test.junit.AutoTests" name="[34] /home/travis/build/icyphy/ptII/ptolemy/domains/modal/test/auto/CycleOfImmediateTransitionsFSM.xml (RunModel)" time="0.018" />
  <testcase classname="ptolemy.util.test.junit.AutoTests" name="[35] /home/travis/build/icyphy/ptII/ptolemy/domains/modal/test/auto/CycleOfImmediateTransitionsModal.xml (RunModel)" time="0.018" />
  <testcase classname="ptolemy.util.test.junit.AutoTests" name="[36] /home/travis/build/icyphy/ptII/ptolemy/domains/modal/test/auto/CycleOfImmediateTransitionsModal2.xml (RunModel)" time="0.021" />
  <testcase classname="ptolemy.util.test.junit.AutoTests" name="[37] /home/travis/build/icyphy/ptII/ptolemy/domains/modal/test/auto/CycleOfImmediateTransitionsModal3.xml (RunModel)" time="0.063" />
  <testcase classname="ptolemy.util.test.junit.AutoTests" name="[38] /home/travis/build/icyphy/ptII/ptolemy/domains/modal/test/auto/DeepModal1.xml (RunModel)" time="0.065" />
  <testcase classname="ptolemy.util.test.junit.AutoTests" name="[39] /home/travis/build/icyphy/ptII/ptolemy/domains/modal/test/auto/DeepModal2.xml (RunModel)" time="0.061" />
  <testcase classname="ptolemy.util.test.junit.AutoTests" name="[40] /home/travis/build/icyphy/ptII/ptolemy/domains/modal/test/auto/DeepModal3.xml (RunModel)" time="0.067" />
  <testcase classname="ptolemy.util.test.junit.AutoTests" name="[41] /home/travis/build/icyphy/ptII/ptolemy/domains/modal/test/auto/DeepModal4.xml (RunModel)" time="0.063" />
  <testcase classname="ptolemy.util.test.junit.AutoTests" name="[42] /home/travis/build/icyphy/ptII/ptolemy/domains/modal/test/auto/Default1.xml (RunModel)" time="0.016" />
  <testcase classname="ptolemy.util.test.junit.AutoTests" name="[43] /home/travis/build/icyphy/ptII/ptolemy/domains/modal/test/auto/Default2.xml (RunModel)" time="0.019" />
  <testcase classname="ptolemy.util.test.junit.AutoTests" name="[44] /home/travis/build/icyphy/ptII/ptolemy/domains/modal/test/auto/Default3.xml (RunModel)" time="0.019" />
  <testcase classname="ptolemy.util.test.junit.AutoTests" name="[45] /home/travis/build/icyphy/ptII/ptolemy/domains/modal/test/auto/Default4.xml (RunModel)" time="0.017" />
  <testcase classname="ptolemy.util.test.junit.AutoTests" name="[46] /home/travis/build/icyphy/ptII/ptolemy/domains/modal/test/auto/Default5.xml (RunModel)" time="0.023" />
  <testcase classname="ptolemy.util.test.junit.AutoTests" name="[47] /home/travis/build/icyphy/ptII/ptolemy/domains/modal/test/auto/EmptyGuard.xml (RunModel)" time="0.041" />
  <testcase classname="ptolemy.util.test.junit.AutoTests" name="[48] /home/travis/build/icyphy/ptII/ptolemy/domains/modal/test/auto/ErrorTransition1.xml (RunModel)" time="0.033" />
  <testcase classname="ptolemy.util.test.junit.AutoTests" name="[49] /home/travis/build/icyphy/ptII/ptolemy/domains/modal/test/auto/ErrorTransition10.xml (RunModel)" time="0.059" />
  <testcase classname="ptolemy.util.test.junit.AutoTests" name="[50] /home/travis/build/icyphy/ptII/ptolemy/domains/modal/test/auto/ErrorTransition11.xml (RunModel)" time="0.045" />
  <testcase classname="ptolemy.util.test.junit.AutoTests" name="[51] /home/travis/build/icyphy/ptII/ptolemy/domains/modal/test/auto/ErrorTransition2.xml (RunModel)" time="0.029" />
  <testcase classname="ptolemy.util.test.junit.AutoTests" name="[52] /home/travis/build/icyphy/ptII/ptolemy/domains/modal/test/auto/ErrorTransition3.xml (RunModel)" time="0.051" />
  <testcase classname="ptolemy.util.test.junit.AutoTests" name="[53] /home/travis/build/icyphy/ptII/ptolemy/domains/modal/test/auto/ErrorTransition4.xml (RunModel)" time="0.046" />
  <testcase classname="ptolemy.util.test.junit.AutoTests" name="[54] /home/travis/build/icyphy/ptII/ptolemy/domains/modal/test/auto/ErrorTransition5.xml (RunModel)" time="0.031" />
  <testcase classname="ptolemy.util.test.junit.AutoTests" name="[55] /home/travis/build/icyphy/ptII/ptolemy/domains/modal/test/auto/ErrorTransition6.xml (RunModel)" time="0.035" />
  <testcase classname="ptolemy.util.test.junit.AutoTests" name="[56] /home/travis/build/icyphy/ptII/ptolemy/domains/modal/test/auto/ErrorTransition7.xml (RunModel)" time="0.058" />
  <testcase classname="ptolemy.util.test.junit.AutoTests" name="[57] /home/travis/build/icyphy/ptII/ptolemy/domains/modal/test/auto/ErrorTransition8.xml (RunModel)" time="0.054" />
  <testcase classname="ptolemy.util.test.junit.AutoTests" name="[58] /home/travis/build/icyphy/ptII/ptolemy/domains/modal/test/auto/ErrorTransition9.xml (RunModel)" time="0.047" />
  <testcase classname="ptolemy.util.test.junit.AutoTests" name="[59] /home/travis/build/icyphy/ptII/ptolemy/domains/modal/test/auto/ExtendedFSM.xml (RunModel)" time="0.026" />
  <testcase classname="ptolemy.util.test.junit.AutoTests" name="[60] /home/travis/build/icyphy/ptII/ptolemy/domains/modal/test/auto/FinalStates.xml (RunModel)" time="0.028" />
  <testcase classname="ptolemy.util.test.junit.AutoTests" name="[61] /home/travis/build/icyphy/ptII/ptolemy/domains/modal/test/auto/FixedPointFSM.xml (RunModel)" time="0.051" />
  <testcase classname="ptolemy.util.test.junit.AutoTests" name="[62] /home/travis/build/icyphy/ptII/ptolemy/domains/modal/test/auto/FixedPointIterationFSMActor.xml (RunModel)" time="0.039" />
  <testcase classname="ptolemy.util.test.junit.AutoTests" name="[63] /home/travis/build/icyphy/ptII/ptolemy/domains/modal/test/auto/FixedPointIterationFSMActor2.xml (RunModel)" time="0.033" />
  <testcase classname="ptolemy.util.test.junit.AutoTests" name="[64] /home/travis/build/icyphy/ptII/ptolemy/domains/modal/test/auto/ForbiddenInstantanousLoop.xml (RunModel)" time="0.037" />
  <testcase classname="ptolemy.util.test.junit.AutoTests" name="[65] /home/travis/build/icyphy/ptII/ptolemy/domains/modal/test/auto/FunctionDependencyOfFSMActorTest.xml (RunModel)" time="0.032" />
  <testcase classname="ptolemy.util.test.junit.AutoTests" name="[66] /home/travis/build/icyphy/ptII/ptolemy/domains/modal/test/auto/GuardExpression.xml (RunModel)" time="0.016" />
  <testcase classname="ptolemy.util.test.junit.AutoTests" name="[67] /home/travis/build/icyphy/ptII/ptolemy/domains/modal/test/auto/GuardNotEvaluated.xml (RunModel)" time="0.032" />
  <testcase classname="ptolemy.util.test.junit.AutoTests" name="[68] /home/travis/build/icyphy/ptII/ptolemy/domains/modal/test/auto/GuardNotEvaluated2.xml (RunModel)" time="0.024" />
  <testcase classname="ptolemy.util.test.junit.AutoTests" name="[69] /home/travis/build/icyphy/ptII/ptolemy/domains/modal/test/auto/GuardOnAbsent.xml (RunModel)" time="0.024" />
  <testcase classname="ptolemy.util.test.junit.AutoTests" name="[70] /home/travis/build/icyphy/ptII/ptolemy/domains/modal/test/auto/HierarchicalFSMTypeInference.xml (RunModel)" time="0.029" />
  <testcase classname="ptolemy.util.test.junit.AutoTests" name="[71] /home/travis/build/icyphy/ptII/ptolemy/domains/modal/test/auto/Hysteresis.xml (RunModel)" time="0.047" />
  <testcase classname="ptolemy.util.test.junit.AutoTests" name="[72] /home/travis/build/icyphy/ptII/ptolemy/domains/modal/test/auto/HysteresisWithDefault.xml (RunModel)" time="0.081" />
  <testcase classname="ptolemy.util.test.junit.AutoTests" name="[73] /home/travis/build/icyphy/ptII/ptolemy/domains/modal/test/auto/HysteresisWithDefault2.xml (RunModel)" time="0.09" />
  <testcase classname="ptolemy.util.test.junit.AutoTests" name="[74] /home/travis/build/icyphy/ptII/ptolemy/domains/modal/test/auto/ImmediateNonConstructiveness.xml (RunModel)" time="0.034" />
  <testcase classname="ptolemy.util.test.junit.AutoTests" name="[75] /home/travis/build/icyphy/ptII/ptolemy/domains/modal/test/auto/ImmediateNonConstructiveness2.xml (RunModel)" time="0.016" />
  <testcase classname="ptolemy.util.test.junit.AutoTests" name="[76] /home/travis/build/icyphy/ptII/ptolemy/domains/modal/test/auto/ImmediateTransitionReset.xml (RunModel)" time="0.031" />
  <testcase classname="ptolemy.util.test.junit.AutoTests" name="[77] /home/travis/build/icyphy/ptII/ptolemy/domains/modal/test/auto/ImmediateTransitions1.xml (RunModel)" time="0.012" />
  <testcase classname="ptolemy.util.test.junit.AutoTests" name="[78] /home/travis/build/icyphy/ptII/ptolemy/domains/modal/test/auto/ImmediateTransitionsInstantaneousCommunication.xml (RunModel)" time="0.03" />
  <testcase classname="ptolemy.util.test.junit.AutoTests" name="[79] /home/travis/build/icyphy/ptII/ptolemy/domains/modal/test/auto/InitialImmediateTransition.xml (RunModel)" time="0.018" />
  <testcase classname="ptolemy.util.test.junit.AutoTests" name="[80] /home/travis/build/icyphy/ptII/ptolemy/domains/modal/test/auto/InitialOutputs.xml (RunModel)" time="0.016" />
  <testcase classname="ptolemy.util.test.junit.AutoTests" name="[81] /home/travis/build/icyphy/ptII/ptolemy/domains/modal/test/auto/InitialStateTransition1.xml (RunModel)" time="0.021" />
  <testcase classname="ptolemy.util.test.junit.AutoTests" name="[82] /home/travis/build/icyphy/ptII/ptolemy/domains/modal/test/auto/InitialStateTransition2.xml (RunModel)" time="0.023" />
  <testcase classname="ptolemy.util.test.junit.AutoTests" name="[83] /home/travis/build/icyphy/ptII/ptolemy/domains/modal/test/auto/InitialStateTransition3.xml (RunModel)" time="0.025" />
  <testcase classname="ptolemy.util.test.junit.AutoTests" name="[84] /home/travis/build/icyphy/ptII/ptolemy/domains/modal/test/auto/InitialStateTransition4.xml (RunModel)" time="0.027" />
  <testcase classname="ptolemy.util.test.junit.AutoTests" name="[85] /home/travis/build/icyphy/ptII/ptolemy/domains/modal/test/auto/MalformedGuardExpressionNotCaught.xml (RunModel)" time="0.028" />
  <testcase classname="ptolemy.util.test.junit.AutoTests" name="[86] /home/travis/build/icyphy/ptII/ptolemy/domains/modal/test/auto/ModalBSC.xml (RunModel)" time="0.096" />
  <testcase classname="ptolemy.util.test.junit.AutoTests" name="[87] /home/travis/build/icyphy/ptII/ptolemy/domains/modal/test/auto/ModalClocks.xml (RunModel)" time="0.089" />
  <testcase classname="ptolemy.util.test.junit.AutoTests" name="[88] /home/travis/build/icyphy/ptII/ptolemy/domains/modal/test/auto/ModalDelay.xml (RunModel)" time="0.068" />
  <testcase classname="ptolemy.util.test.junit.AutoTests" name="[89] /home/travis/build/icyphy/ptII/ptolemy/domains/modal/test/auto/ModalDelay2.xml (RunModel)" time="0.044" />
  <testcase classname="ptolemy.util.test.junit.AutoTests" name="[90] /home/travis/build/icyphy/ptII/ptolemy/domains/modal/test/auto/ModalModelFromMemo.xml (RunModel)" time="0.049" />
  <testcase classname="ptolemy.util.test.junit.AutoTests" name="[91] /home/travis/build/icyphy/ptII/ptolemy/domains/modal/test/auto/ModalModelWithMultirateTransient.xml (RunModel)" time="0.046" />
  <testcase classname="ptolemy.util.test.junit.AutoTests" name="[92] /home/travis/build/icyphy/ptII/ptolemy/domains/modal/test/auto/ModalModelWithReset.xml (RunModel)" time="0.037" />
  <testcase classname="ptolemy.util.test.junit.AutoTests" name="[93] /home/travis/build/icyphy/ptII/ptolemy/domains/modal/test/auto/MouseClickFSM.xml (RunModel)" time="0.045" />
  <testcase classname="ptolemy.util.test.junit.AutoTests" name="[94] /home/travis/build/icyphy/ptII/ptolemy/domains/modal/test/auto/MouseClickFSMModal.xml (RunModel)" time="0.032" />
  <testcase classname="ptolemy.util.test.junit.AutoTests" name="[95] /home/travis/build/icyphy/ptII/ptolemy/domains/modal/test/auto/NonStrictFSM_FeedbackLoop.xml (RunModel)" time="0.046" />
  <testcase classname="ptolemy.util.test.junit.AutoTests" name="[96] /home/travis/build/icyphy/ptII/ptolemy/domains/modal/test/auto/NonStrictFSM_FeedbackLoop_Refinement.xml (RunModel)" time="0.092" />
  <testcase classname="ptolemy.util.test.junit.AutoTests" name="[97] /home/travis/build/icyphy/ptII/ptolemy/domains/modal/test/auto/NonStrictFSM_FeedbackLoop_preemptive.xml (RunModel)" time="0.074" />
  <testcase classname="ptolemy.util.test.junit.AutoTests" name="[98] /home/travis/build/icyphy/ptII/ptolemy/domains/modal/test/auto/NormalTermination.xml (RunModel)" time="0.051" />
  <testcase classname="ptolemy.util.test.junit.AutoTests" name="[99] /home/travis/build/icyphy/ptII/ptolemy/domains/modal/test/auto/Pong.xml (RunModel)" time="0.09" />
  <testcase classname="ptolemy.util.test.junit.AutoTests" name="[100] /home/travis/build/icyphy/ptII/ptolemy/domains/modal/test/auto/Pong_test.xml (RunModel)" time="0.128" />
  <testcase classname="ptolemy.util.test.junit.AutoTests" name="[101] /home/travis/build/icyphy/ptII/ptolemy/domains/modal/test/auto/PreemptionHierarchy.xml (RunModel)" time="0.025" />
  <testcase classname="ptolemy.util.test.junit.AutoTests" name="[102] /home/travis/build/icyphy/ptII/ptolemy/domains/modal/test/auto/PreemptionHierarchy2.xml (RunModel)" time="0.029" />
  <testcase classname="ptolemy.util.test.junit.AutoTests" name="[103] /home/travis/build/icyphy/ptII/ptolemy/domains/modal/test/auto/PreemptiveTransition.xml (RunModel)" time="0.025" />
  <testcase classname="ptolemy.util.test.junit.AutoTests" name="[104] /home/travis/build/icyphy/ptII/ptolemy/domains/modal/test/auto/Priorities.xml (RunModel)" time="0.079" />
  <testcase classname="ptolemy.util.test.junit.AutoTests" name="[105] /home/travis/build/icyphy/ptII/ptolemy/domains/modal/test/auto/ResetFinal.xml (RunModel)" time="0.042" />
  <testcase classname="ptolemy.util.test.junit.AutoTests" name="[106] /home/travis/build/icyphy/ptII/ptolemy/domains/modal/test/auto/ResetFinal2.xml (RunModel)" time="0.033" />
  <testcase classname="ptolemy.util.test.junit.AutoTests" name="[107] /home/travis/build/icyphy/ptII/ptolemy/domains/modal/test/auto/ResetTransitionWithStartTime.xml (RunModel)" time="0.032" />
  <testcase classname="ptolemy.util.test.junit.AutoTests" name="[108] /home/travis/build/icyphy/ptII/ptolemy/domains/modal/test/auto/SDF-FSMComposite.xml (RunModel)" time="0.047" />
  <testcase classname="ptolemy.util.test.junit.AutoTests" name="[109] /home/travis/build/icyphy/ptII/ptolemy/domains/modal/test/auto/SeeminglyNondeterminate.xml (RunModel)" time="0.084" />
  <testcase classname="ptolemy.util.test.junit.AutoTests" name="[110] /home/travis/build/icyphy/ptII/ptolemy/domains/modal/test/auto/SeeminglyNondeterminate2.xml (RunModel)" time="0.075" />
  <testcase classname="ptolemy.util.test.junit.AutoTests" name="[111] /home/travis/build/icyphy/ptII/ptolemy/domains/modal/test/auto/SpontaneousFSM.xml (RunModel)" time="0.046" />
  <testcase classname="ptolemy.util.test.junit.AutoTests" name="[112] /home/travis/build/icyphy/ptII/ptolemy/domains/modal/test/auto/SpontaneousFSM2.xml (RunModel)" time="0.028" />
  <testcase classname="ptolemy.util.test.junit.AutoTests" name="[113] /home/travis/build/icyphy/ptII/ptolemy/domains/modal/test/auto/SpontaneousFSM3.xml (RunModel)" time="0.046" />
  <testcase classname="ptolemy.util.test.junit.AutoTests" name="[114] /home/travis/build/icyphy/ptII/ptolemy/domains/modal/test/auto/SpontaneousFSM4.xml (RunModel)" time="0.052" />
  <testcase classname="ptolemy.util.test.junit.AutoTests" name="[115] /home/travis/build/icyphy/ptII/ptolemy/domains/modal/test/auto/StateTrackerTest.xml (RunModel)" time="0.067" />
  <testcase classname="ptolemy.util.test.junit.AutoTests" name="[116] /home/travis/build/icyphy/ptII/ptolemy/domains/modal/test/auto/StrongImmediateTransition.xml (RunModel)" time="0.028" />
  <testcase classname="ptolemy.util.test.junit.AutoTests" name="[117] /home/travis/build/icyphy/ptII/ptolemy/domains/modal/test/auto/SustainHierarchy.xml (RunModel)" time="0.03" />
  <testcase classname="ptolemy.util.test.junit.AutoTests" name="[118] /home/travis/build/icyphy/ptII/ptolemy/domains/modal/test/auto/TerminationTransition1.xml (RunModel)" time="0.02" />
  <testcase classname="ptolemy.util.test.junit.AutoTests" name="[119] /home/travis/build/icyphy/ptII/ptolemy/domains/modal/test/auto/TerminationTransition2.xml (RunModel)" time="0.028" />
  <testcase classname="ptolemy.util.test.junit.AutoTests" name="[120] /home/travis/build/icyphy/ptII/ptolemy/domains/modal/test/auto/TerminationTransition3.xml (RunModel)" time="0.024" />
  <testcase classname="ptolemy.util.test.junit.AutoTests" name="[121] /home/travis/build/icyphy/ptII/ptolemy/domains/modal/test/auto/TerminationTransition4.xml (RunModel)" time="0.04" />
  <testcase classname="ptolemy.util.test.junit.AutoTests" name="[122] /home/travis/build/icyphy/ptII/ptolemy/domains/modal/test/auto/TerminationTransition5.xml (RunModel)" time="0.035" />
  <testcase classname="ptolemy.util.test.junit.AutoTests" name="[123] /home/travis/build/icyphy/ptII/ptolemy/domains/modal/test/auto/TerminationTransition6.xml (RunModel)" time="0.023" />
  <testcase classname="ptolemy.util.test.junit.AutoTests" name="[124] /home/travis/build/icyphy/ptII/ptolemy/domains/modal/test/auto/TerminationTransition7.xml (RunModel)" time="0.025" />
  <testcase classname="ptolemy.util.test.junit.AutoTests" name="[125] /home/travis/build/icyphy/ptII/ptolemy/domains/modal/test/auto/TerminationTransition8.xml (RunModel)" time="0.025" />
  <testcase classname="ptolemy.util.test.junit.AutoTests" name="[126] /home/travis/build/icyphy/ptII/ptolemy/domains/modal/test/auto/Thermostat_NoHysteresis.xml (RunModel)" time="0.087" />
  <testcase classname="ptolemy.util.test.junit.AutoTests" name="[127] /home/travis/build/icyphy/ptII/ptolemy/domains/modal/test/auto/TimedFSM.xml (RunModel)" time="0.035" />
  <testcase classname="ptolemy.util.test.junit.AutoTests" name="[128] /home/travis/build/icyphy/ptII/ptolemy/domains/modal/test/auto/Timeout1.xml (RunModel)" time="0.013" />
  <testcase classname="ptolemy.util.test.junit.AutoTests" name="[129] /home/travis/build/icyphy/ptII/ptolemy/domains/modal/test/auto/Timeout2.xml (RunModel)" time="0.021" />
  <testcase classname="ptolemy.util.test.junit.AutoTests" name="[130] /home/travis/build/icyphy/ptII/ptolemy/domains/modal/test/auto/Timeout3.xml (RunModel)" time="0.013" />
  <testcase classname="ptolemy.util.test.junit.AutoTests" name="[131] /home/travis/build/icyphy/ptII/ptolemy/domains/modal/test/auto/Timeout4.xml (RunModel)" time="0.012" />
  <testcase classname="ptolemy.util.test.junit.AutoTests" name="[132] /home/travis/build/icyphy/ptII/ptolemy/domains/modal/test/auto/TransientstateModelAdvanced.xml (RunModel)" time="0.028" />
  <testcase classname="ptolemy.util.test.junit.AutoTests" name="[133] /home/travis/build/icyphy/ptII/ptolemy/domains/modal/test/auto/TransientstateModelAdvanced2.xml (RunModel)" time="0.031" />
  <testcase classname="ptolemy.util.test.junit.AutoTests" name="[134] /home/travis/build/icyphy/ptII/ptolemy/domains/modal/test/auto/TransitionRefinements.xml (RunModel)" time="0.026" />
  <testcase classname="ptolemy.util.test.junit.AutoTests" name="[135] /home/travis/build/icyphy/ptII/ptolemy/domains/modal/test/auto/TwoRefinements1.xml (RunModel)" time="0.026" />
  <testcase classname="ptolemy.util.test.junit.AutoTests" name="[136] /home/travis/build/icyphy/ptII/ptolemy/domains/modal/test/auto/TwoRefinements2.xml (RunModel)" time="0.037" />
  <testcase classname="ptolemy.util.test.junit.AutoTests" name="[137] /home/travis/build/icyphy/ptII/ptolemy/domains/modal/test/auto/WeakImmediateTransition.xml (RunModel)" time="0.027" />
  <testcase classname="ptolemy.util.test.junit.AutoTests" name="[138] /home/travis/build/icyphy/ptII/ptolemy/domains/modal/test/auto/booleanSelect.xml (RunModel)" time="0.099" />
  <testcase classname="ptolemy.util.test.junit.AutoTests" name="[139] /home/travis/build/icyphy/ptII/ptolemy/domains/modal/test/auto/modalChangingParams.xml (RunModel)" time="0.316" />
  <testcase classname="ptolemy.util.test.junit.AutoTests" name="[140] /home/travis/build/icyphy/ptII/ptolemy/domains/modal/test/auto/modalModel.xml (RunModel)" time="0.031" />
  <testcase classname="ptolemy.util.test.junit.AutoTests" name="[141] /home/travis/build/icyphy/ptII/ptolemy/domains/modal/test/auto/modalModel2.xml (RunModel)" time="0.039" />
  <testcase classname="ptolemy.util.test.junit.AutoTests" name="[142] /home/travis/build/icyphy/ptII/ptolemy/domains/modal/test/auto/modalModel3.xml (RunModel)" time="0.075" />
  <testcase classname="ptolemy.util.test.junit.AutoTests" name="[143] /home/travis/build/icyphy/ptII/ptolemy/domains/modal/test/auto/model1.xml (RunModel)" time="0.029" />
  <testcase classname="ptolemy.util.test.junit.AutoTests" name="[144] /home/travis/build/icyphy/ptII/ptolemy/domains/modal/test/auto/test-direct-in-out.xml (RunModel)" time="0.038" />
  <system-out><![CDATA[/home/travis/build/icyphy/ptII/ptolemy/domains/modal/test/SystemLevelType.tcl
testDefs.tcl: setting time out to 9000 seconds at Mon Oct 21 15:13:33 UTC 2019
10/21/19 03:13:35
Failed: 0  Total Tests: 1  ((Passed: 1, Newly Passed: 0)  Known Failed: 0) /home/travis/build/icyphy/ptII/ptolemy/domains/modal/test
----------------- testing (KnownFailure) /home/travis/build/icyphy/ptII/ptolemy/domains/modal/test/auto/knownFailedTests/CannotAnalysisWithPreemption.xml
157 ms. Memory: 120832K Free: 45656K (38%)
Known Failure: java.lang.reflect.InvocationTargetException
No auto/linux-amd64/*.xml tests in /home/travis/build/icyphy/ptII/ptolemy/domains/modal/test
AutoTests.java: About to close Vertx.
AutoTests.java: Vertx closed.

===========================================================================================
----------------- testing Mon Oct 21 15:13:36 UTC 2019 /home/travis/build/icyphy/ptII/ptolemy/domains/modal/test/auto/ABPTest.xml
----------------- Instantiating /home/travis/build/icyphy/ptII/ptolemy/domains/modal/test/auto/ABPTest.xml
476 ms. Memory: 148480K Free: 96933K (65%)
----------------- Invoking toplevel() on ptolemy.moml.MoMLSimpleApplication@2b644c68
----------------- Done invoking toplevel() on ptolemy.moml.MoMLSimpleApplication@2b644c68
reloadAllAccessors: .ABPTest

===========================================================================================
----------------- testing Mon Oct 21 15:13:37 UTC 2019 /home/travis/build/icyphy/ptII/ptolemy/domains/modal/test/auto/ABROFlat.xml
----------------- Instantiating /home/travis/build/icyphy/ptII/ptolemy/domains/modal/test/auto/ABROFlat.xml
33 ms. Memory: 148480K Free: 81552K (55%)
----------------- Invoking toplevel() on ptolemy.moml.MoMLSimpleApplication@1f79538c
----------------- Done invoking toplevel() on ptolemy.moml.MoMLSimpleApplication@1f79538c
reloadAllAccessors: .ABROFlat

===========================================================================================
----------------- testing Mon Oct 21 15:13:37 UTC 2019 /home/travis/build/icyphy/ptII/ptolemy/domains/modal/test/auto/ABROFlat2.xml
----------------- Instantiating /home/travis/build/icyphy/ptII/ptolemy/domains/modal/test/auto/ABROFlat2.xml
30 ms. Memory: 148480K Free: 65184K (44%)
----------------- Invoking toplevel() on ptolemy.moml.MoMLSimpleApplication@550f951a
----------------- Done invoking toplevel() on ptolemy.moml.MoMLSimpleApplication@550f951a
reloadAllAccessors: .ABROFlat2

===========================================================================================
----------------- testing Mon Oct 21 15:13:37 UTC 2019 /home/travis/build/icyphy/ptII/ptolemy/domains/modal/test/auto/ABRO_present_hmm.xml
----------------- Instantiating /home/travis/build/icyphy/ptII/ptolemy/domains/modal/test/auto/ABRO_present_hmm.xml
34 ms. Memory: 148480K Free: 110960K (75%)
----------------- Invoking toplevel() on ptolemy.moml.MoMLSimpleApplication@27db502d
----------------- Done invoking toplevel() on ptolemy.moml.MoMLSimpleApplication@27db502d
reloadAllAccessors: .ABRO_present_hmm

===========================================================================================
----------------- testing Mon Oct 21 15:13:37 UTC 2019 /home/travis/build/icyphy/ptII/ptolemy/domains/modal/test/auto/AMICoderExample.xml
----------------- Instantiating /home/travis/build/icyphy/ptII/ptolemy/domains/modal/test/auto/AMICoderExample.xml
51 ms. Memory: 148480K Free: 100720K (68%)
----------------- Invoking toplevel() on ptolemy.moml.MoMLSimpleApplication@5be93301
----------------- Done invoking toplevel() on ptolemy.moml.MoMLSimpleApplication@5be93301
reloadAllAccessors: .AMICoderExample

===========================================================================================
----------------- testing Mon Oct 21 15:13:37 UTC 2019 /home/travis/build/icyphy/ptII/ptolemy/domains/modal/test/auto/AbsentToPresent.xml
----------------- Instantiating /home/travis/build/icyphy/ptII/ptolemy/domains/modal/test/auto/AbsentToPresent.xml
4 ms. Memory: 148480K Free: 96114K (65%)
----------------- Invoking toplevel() on ptolemy.moml.MoMLSimpleApplication@453e0fc2
----------------- Done invoking toplevel() on ptolemy.moml.MoMLSimpleApplication@453e0fc2
reloadAllAccessors: .AbsentToPresent

===========================================================================================
----------------- testing Mon Oct 21 15:13:37 UTC 2019 /home/travis/build/icyphy/ptII/ptolemy/domains/modal/test/auto/Blending.xml
----------------- Instantiating /home/travis/build/icyphy/ptII/ptolemy/domains/modal/test/auto/Blending.xml
174 ms. Memory: 148480K Free: 51058K (34%)
----------------- Invoking toplevel() on ptolemy.moml.MoMLSimpleApplication@3f49802e
----------------- Done invoking toplevel() on ptolemy.moml.MoMLSimpleApplication@3f49802e
reloadAllAccessors: .Blending

===========================================================================================
----------------- testing Mon Oct 21 15:13:38 UTC 2019 /home/travis/build/icyphy/ptII/ptolemy/domains/modal/test/auto/Broadcast.xml
----------------- Instantiating /home/travis/build/icyphy/ptII/ptolemy/domains/modal/test/auto/Broadcast.xml
8 ms. Memory: 207872K Free: 183227K (88%)
----------------- Invoking toplevel() on ptolemy.moml.MoMLSimpleApplication@202e74b1
----------------- Done invoking toplevel() on ptolemy.moml.MoMLSimpleApplication@202e74b1
reloadAllAccessors: .Broadcast

===========================================================================================
----------------- testing Mon Oct 21 15:13:38 UTC 2019 /home/travis/build/icyphy/ptII/ptolemy/domains/modal/test/auto/BroadcastHierarchy.xml
----------------- Instantiating /home/travis/build/icyphy/ptII/ptolemy/domains/modal/test/auto/BroadcastHierarchy.xml
9 ms. Memory: 207872K Free: 168891K (81%)
----------------- Invoking toplevel() on ptolemy.moml.MoMLSimpleApplication@7ad90843
----------------- Done invoking toplevel() on ptolemy.moml.MoMLSimpleApplication@7ad90843
reloadAllAccessors: .BroadcastHierarchy

===========================================================================================
----------------- testing Mon Oct 21 15:13:38 UTC 2019 /home/travis/build/icyphy/ptII/ptolemy/domains/modal/test/auto/BroadcastHierarchy2.xml
----------------- Instantiating /home/travis/build/icyphy/ptII/ptolemy/domains/modal/test/auto/BroadcastHierarchy2.xml
17 ms. Memory: 207872K Free: 141747K (68%)
----------------- Invoking toplevel() on ptolemy.moml.MoMLSimpleApplication@3f181295
----------------- Done invoking toplevel() on ptolemy.moml.MoMLSimpleApplication@3f181295
reloadAllAccessors: .BroadcastHierarchy2

===========================================================================================
----------------- testing Mon Oct 21 15:13:38 UTC 2019 /home/travis/build/icyphy/ptII/ptolemy/domains/modal/test/auto/BroadcastHierarchy3.xml
----------------- Instantiating /home/travis/build/icyphy/ptII/ptolemy/domains/modal/test/auto/BroadcastHierarchy3.xml
26 ms. Memory: 207872K Free: 121787K (59%)
----------------- Invoking toplevel() on ptolemy.moml.MoMLSimpleApplication@7bdac49d
----------------- Done invoking toplevel() on ptolemy.moml.MoMLSimpleApplication@7bdac49d
reloadAllAccessors: .BroadcastHierarchy3

===========================================================================================
----------------- testing Mon Oct 21 15:13:38 UTC 2019 /home/travis/build/icyphy/ptII/ptolemy/domains/modal/test/auto/BroadcastHierarchy4.xml
----------------- Instantiating /home/travis/build/icyphy/ptII/ptolemy/domains/modal/test/auto/BroadcastHierarchy4.xml
21 ms. Memory: 207872K Free: 97211K (47%)
----------------- Invoking toplevel() on ptolemy.moml.MoMLSimpleApplication@b36d8ce
----------------- Done invoking toplevel() on ptolemy.moml.MoMLSimpleApplication@b36d8ce
reloadAllAccessors: .BroadcastHierarchy4

===========================================================================================
----------------- testing Mon Oct 21 15:13:38 UTC 2019 /home/travis/build/icyphy/ptII/ptolemy/domains/modal/test/auto/CannotAnalysisWithPreemption2.xml
----------------- Instantiating /home/travis/build/icyphy/ptII/ptolemy/domains/modal/test/auto/CannotAnalysisWithPreemption2.xml
5 ms. Memory: 207872K Free: 90043K (43%)
----------------- Invoking toplevel() on ptolemy.moml.MoMLSimpleApplication@1339d13a
----------------- Done invoking toplevel() on ptolemy.moml.MoMLSimpleApplication@1339d13a
reloadAllAccessors: .CannotAnalysisWithPreemption2

===========================================================================================
----------------- testing Mon Oct 21 15:13:38 UTC 2019 /home/travis/build/icyphy/ptII/ptolemy/domains/modal/test/auto/CannotAnalysisWithPreemption3.xml
----------------- Instantiating /home/travis/build/icyphy/ptII/ptolemy/domains/modal/test/auto/CannotAnalysisWithPreemption3.xml
6 ms. Memory: 207872K Free: 80307K (39%)
----------------- Invoking toplevel() on ptolemy.moml.MoMLSimpleApplication@c3a2d27
----------------- Done invoking toplevel() on ptolemy.moml.MoMLSimpleApplication@c3a2d27
reloadAllAccessors: .CannotAnalysisWithPreemption3

===========================================================================================
----------------- testing Mon Oct 21 15:13:38 UTC 2019 /home/travis/build/icyphy/ptII/ptolemy/domains/modal/test/auto/CannotProduce.xml
----------------- Instantiating /home/travis/build/icyphy/ptII/ptolemy/domains/modal/test/auto/CannotProduce.xml
14 ms. Memory: 207872K Free: 73659K (35%)
----------------- Invoking toplevel() on ptolemy.moml.MoMLSimpleApplication@146278a2
----------------- Done invoking toplevel() on ptolemy.moml.MoMLSimpleApplication@146278a2
reloadAllAccessors: .CannotProduce

===========================================================================================
----------------- testing Mon Oct 21 15:13:38 UTC 2019 /home/travis/build/icyphy/ptII/ptolemy/domains/modal/test/auto/CannotProduceModal.xml
----------------- Instantiating /home/travis/build/icyphy/ptII/ptolemy/domains/modal/test/auto/CannotProduceModal.xml
8 ms. Memory: 207872K Free: 185714K (89%)
----------------- Invoking toplevel() on ptolemy.moml.MoMLSimpleApplication@736d5bc6
----------------- Done invoking toplevel() on ptolemy.moml.MoMLSimpleApplication@736d5bc6
reloadAllAccessors: .CannotProduceModal

===========================================================================================
----------------- testing Mon Oct 21 15:13:38 UTC 2019 /home/travis/build/icyphy/ptII/ptolemy/domains/modal/test/auto/Case.xml
----------------- Instantiating /home/travis/build/icyphy/ptII/ptolemy/domains/modal/test/auto/Case.xml
19 ms. Memory: 207872K Free: 174450K (84%)
----------------- Invoking toplevel() on ptolemy.moml.MoMLSimpleApplication@2c9d42fe
----------------- Done invoking toplevel() on ptolemy.moml.MoMLSimpleApplication@2c9d42fe
reloadAllAccessors: .Case

===========================================================================================
----------------- testing Mon Oct 21 15:13:38 UTC 2019 /home/travis/build/icyphy/ptII/ptolemy/domains/modal/test/auto/Case1.xml
----------------- Instantiating /home/travis/build/icyphy/ptII/ptolemy/domains/modal/test/auto/Case1.xml
5 ms. Memory: 207872K Free: 167282K (80%)
----------------- Invoking toplevel() on ptolemy.moml.MoMLSimpleApplication@7204a005
----------------- Done invoking toplevel() on ptolemy.moml.MoMLSimpleApplication@7204a005
reloadAllAccessors: .Case1

===========================================================================================
----------------- testing Mon Oct 21 15:13:38 UTC 2019 /home/travis/build/icyphy/ptII/ptolemy/domains/modal/test/auto/Case2.xml
----------------- Instantiating /home/travis/build/icyphy/ptII/ptolemy/domains/modal/test/auto/Case2.xml
16 ms. Memory: 207872K Free: 156528K (75%)
----------------- Invoking toplevel() on ptolemy.moml.MoMLSimpleApplication@fc4fe32
----------------- Done invoking toplevel() on ptolemy.moml.MoMLSimpleApplication@fc4fe32
reloadAllAccessors: .Case2

===========================================================================================
----------------- testing Mon Oct 21 15:13:38 UTC 2019 /home/travis/build/icyphy/ptII/ptolemy/domains/modal/test/auto/CausalityInterface1.xml
----------------- Instantiating /home/travis/build/icyphy/ptII/ptolemy/domains/modal/test/auto/CausalityInterface1.xml
3 ms. Memory: 207872K Free: 151408K (73%)
----------------- Invoking toplevel() on ptolemy.moml.MoMLSimpleApplication@54ed55f8
----------------- Done invoking toplevel() on ptolemy.moml.MoMLSimpleApplication@54ed55f8
reloadAllAccessors: .CausalityInterface1

===========================================================================================
----------------- testing Mon Oct 21 15:13:38 UTC 2019 /home/travis/build/icyphy/ptII/ptolemy/domains/modal/test/auto/CausalityInterface10.xml
----------------- Instantiating /home/travis/build/icyphy/ptII/ptolemy/domains/modal/test/auto/CausalityInterface10.xml
6 ms. Memory: 207872K Free: 138081K (66%)
----------------- Invoking toplevel() on ptolemy.moml.MoMLSimpleApplication@7469a73
----------------- Done invoking toplevel() on ptolemy.moml.MoMLSimpleApplication@7469a73
reloadAllAccessors: .CausalityInterface10

===========================================================================================
----------------- testing Mon Oct 21 15:13:38 UTC 2019 /home/travis/build/icyphy/ptII/ptolemy/domains/modal/test/auto/CausalityInterface11.xml
----------------- Instantiating /home/travis/build/icyphy/ptII/ptolemy/domains/modal/test/auto/CausalityInterface11.xml
12 ms. Memory: 207872K Free: 124753K (60%)
----------------- Invoking toplevel() on ptolemy.moml.MoMLSimpleApplication@a67d440
----------------- Done invoking toplevel() on ptolemy.moml.MoMLSimpleApplication@a67d440
reloadAllAccessors: .CausalityInterface11

===========================================================================================
----------------- testing Mon Oct 21 15:13:38 UTC 2019 /home/travis/build/icyphy/ptII/ptolemy/domains/modal/test/auto/CausalityInterface12.xml
----------------- Instantiating /home/travis/build/icyphy/ptII/ptolemy/domains/modal/test/auto/CausalityInterface12.xml
6 ms. Memory: 207872K Free: 111441K (54%)
----------------- Invoking toplevel() on ptolemy.moml.MoMLSimpleApplication@4c61b139
----------------- Done invoking toplevel() on ptolemy.moml.MoMLSimpleApplication@4c61b139
reloadAllAccessors: .CausalityInterface12

===========================================================================================
----------------- testing Mon Oct 21 15:13:38 UTC 2019 /home/travis/build/icyphy/ptII/ptolemy/domains/modal/test/auto/CausalityInterface13.xml
----------------- Instantiating /home/travis/build/icyphy/ptII/ptolemy/domains/modal/test/auto/CausalityInterface13.xml
6 ms. Memory: 207872K Free: 97650K (47%)
----------------- Invoking toplevel() on ptolemy.moml.MoMLSimpleApplication@296ad49e
----------------- Done invoking toplevel() on ptolemy.moml.MoMLSimpleApplication@296ad49e
reloadAllAccessors: .CausalityInterface13

===========================================================================================
----------------- testing Mon Oct 21 15:13:39 UTC 2019 /home/travis/build/icyphy/ptII/ptolemy/domains/modal/test/auto/CausalityInterface14.xml
----------------- Instantiating /home/travis/build/icyphy/ptII/ptolemy/domains/modal/test/auto/CausalityInterface14.xml
13 ms. Memory: 207872K Free: 83809K (40%)
----------------- Invoking toplevel() on ptolemy.moml.MoMLSimpleApplication@5e94f8d9
----------------- Done invoking toplevel() on ptolemy.moml.MoMLSimpleApplication@5e94f8d9
reloadAllAccessors: .CausalityInterface14

===========================================================================================
----------------- testing Mon Oct 21 15:13:39 UTC 2019 /home/travis/build/icyphy/ptII/ptolemy/domains/modal/test/auto/CausalityInterface2.xml
----------------- Instantiating /home/travis/build/icyphy/ptII/ptolemy/domains/modal/test/auto/CausalityInterface2.xml
8 ms. Memory: 207872K Free: 77680K (37%)
----------------- Invoking toplevel() on ptolemy.moml.MoMLSimpleApplication@2a449aa9
----------------- Done invoking toplevel() on ptolemy.moml.MoMLSimpleApplication@2a449aa9
reloadAllAccessors: .CausalityInterface2

===========================================================================================
----------------- testing Mon Oct 21 15:13:39 UTC 2019 /home/travis/build/icyphy/ptII/ptolemy/domains/modal/test/auto/CausalityInterface3.xml
----------------- Instantiating /home/travis/build/icyphy/ptII/ptolemy/domains/modal/test/auto/CausalityInterface3.xml
4 ms. Memory: 207872K Free: 71026K (34%)
----------------- Invoking toplevel() on ptolemy.moml.MoMLSimpleApplication@3e0a2539
----------------- Done invoking toplevel() on ptolemy.moml.MoMLSimpleApplication@3e0a2539
reloadAllAccessors: .CausalityInterface3

===========================================================================================
----------------- testing Mon Oct 21 15:13:39 UTC 2019 /home/travis/build/icyphy/ptII/ptolemy/domains/modal/test/auto/CausalityInterface4.xml
----------------- Instantiating /home/travis/build/icyphy/ptII/ptolemy/domains/modal/test/auto/CausalityInterface4.xml
4 ms. Memory: 207872K Free: 184690K (89%)
----------------- Invoking toplevel() on ptolemy.moml.MoMLSimpleApplication@12cd27d5
----------------- Done invoking toplevel() on ptolemy.moml.MoMLSimpleApplication@12cd27d5
reloadAllAccessors: .CausalityInterface4

===========================================================================================
----------------- testing Mon Oct 21 15:13:39 UTC 2019 /home/travis/build/icyphy/ptII/ptolemy/domains/modal/test/auto/CausalityInterface5.xml
----------------- Instantiating /home/travis/build/icyphy/ptII/ptolemy/domains/modal/test/auto/CausalityInterface5.xml
6 ms. Memory: 207872K Free: 175969K (85%)
----------------- Invoking toplevel() on ptolemy.moml.MoMLSimpleApplication@15f47dd6
----------------- Done invoking toplevel() on ptolemy.moml.MoMLSimpleApplication@15f47dd6
reloadAllAccessors: .CausalityInterface5

===========================================================================================
----------------- testing Mon Oct 21 15:13:39 UTC 2019 /home/travis/build/icyphy/ptII/ptolemy/domains/modal/test/auto/CausalityInterface6.xml
----------------- Instantiating /home/travis/build/icyphy/ptII/ptolemy/domains/modal/test/auto/CausalityInterface6.xml
6 ms. Memory: 207872K Free: 167777K (81%)
----------------- Invoking toplevel() on ptolemy.moml.MoMLSimpleApplication@13486d88
----------------- Done invoking toplevel() on ptolemy.moml.MoMLSimpleApplication@13486d88
reloadAllAccessors: .CausalityInterface6

===========================================================================================
----------------- testing Mon Oct 21 15:13:39 UTC 2019 /home/travis/build/icyphy/ptII/ptolemy/domains/modal/test/auto/CausalityInterface7.xml
----------------- Instantiating /home/travis/build/icyphy/ptII/ptolemy/domains/modal/test/auto/CausalityInterface7.xml
4 ms. Memory: 207872K Free: 159585K (77%)
----------------- Invoking toplevel() on ptolemy.moml.MoMLSimpleApplication@4e0ff7cd
----------------- Done invoking toplevel() on ptolemy.moml.MoMLSimpleApplication@4e0ff7cd
reloadAllAccessors: .CausalityInterface7

===========================================================================================
----------------- testing Mon Oct 21 15:13:39 UTC 2019 /home/travis/build/icyphy/ptII/ptolemy/domains/modal/test/auto/CausalityInterface8.xml
----------------- Instantiating /home/travis/build/icyphy/ptII/ptolemy/domains/modal/test/auto/CausalityInterface8.xml
4 ms. Memory: 207872K Free: 150898K (73%)
----------------- Invoking toplevel() on ptolemy.moml.MoMLSimpleApplication@506fd41d
----------------- Done invoking toplevel() on ptolemy.moml.MoMLSimpleApplication@506fd41d
reloadAllAccessors: .CausalityInterface8

===========================================================================================
----------------- testing Mon Oct 21 15:13:39 UTC 2019 /home/travis/build/icyphy/ptII/ptolemy/domains/modal/test/auto/CausalityInterface9.xml
----------------- Instantiating /home/travis/build/icyphy/ptII/ptolemy/domains/modal/test/auto/CausalityInterface9.xml
5 ms. Memory: 207872K Free: 141168K (68%)
----------------- Invoking toplevel() on ptolemy.moml.MoMLSimpleApplication@9faac86
----------------- Done invoking toplevel() on ptolemy.moml.MoMLSimpleApplication@9faac86
reloadAllAccessors: .CausalityInterface9

===========================================================================================
----------------- testing Mon Oct 21 15:13:39 UTC 2019 /home/travis/build/icyphy/ptII/ptolemy/domains/modal/test/auto/ChainedTransitions.xml
----------------- Instantiating /home/travis/build/icyphy/ptII/ptolemy/domains/modal/test/auto/ChainedTransitions.xml
66 ms. Memory: 207872K Free: 116577K (56%)
----------------- Invoking toplevel() on ptolemy.moml.MoMLSimpleApplication@6de0ed86
----------------- Done invoking toplevel() on ptolemy.moml.MoMLSimpleApplication@6de0ed86
reloadAllAccessors: .ChainedTransitions

===========================================================================================
----------------- testing Mon Oct 21 15:13:39 UTC 2019 /home/travis/build/icyphy/ptII/ptolemy/domains/modal/test/auto/CycleOfImmediateTransitionsFSM.xml
----------------- Instantiating /home/travis/build/icyphy/ptII/ptolemy/domains/modal/test/auto/CycleOfImmediateTransitionsFSM.xml
2 ms. Memory: 207872K Free: 110962K (53%)
----------------- Invoking toplevel() on ptolemy.moml.MoMLSimpleApplication@6cc7c8d4
----------------- Done invoking toplevel() on ptolemy.moml.MoMLSimpleApplication@6cc7c8d4
reloadAllAccessors: .CycleOfImmediateTransitionsFSM

===========================================================================================
----------------- testing Mon Oct 21 15:13:39 UTC 2019 /home/travis/build/icyphy/ptII/ptolemy/domains/modal/test/auto/CycleOfImmediateTransitionsModal.xml
----------------- Instantiating /home/travis/build/icyphy/ptII/ptolemy/domains/modal/test/auto/CycleOfImmediateTransitionsModal.xml
3 ms. Memory: 207872K Free: 104818K (50%)
----------------- Invoking toplevel() on ptolemy.moml.MoMLSimpleApplication@22fa38d8
----------------- Done invoking toplevel() on ptolemy.moml.MoMLSimpleApplication@22fa38d8
reloadAllAccessors: .CycleOfImmediateTransitionsModal

===========================================================================================
----------------- testing Mon Oct 21 15:13:39 UTC 2019 /home/travis/build/icyphy/ptII/ptolemy/domains/modal/test/auto/CycleOfImmediateTransitionsModal2.xml
----------------- Instantiating /home/travis/build/icyphy/ptII/ptolemy/domains/modal/test/auto/CycleOfImmediateTransitionsModal2.xml
2 ms. Memory: 207872K Free: 98674K (47%)
----------------- Invoking toplevel() on ptolemy.moml.MoMLSimpleApplication@2ceba079
----------------- Done invoking toplevel() on ptolemy.moml.MoMLSimpleApplication@2ceba079
reloadAllAccessors: .CycleOfImmediateTransitionsModal2

===========================================================================================
----------------- testing Mon Oct 21 15:13:39 UTC 2019 /home/travis/build/icyphy/ptII/ptolemy/domains/modal/test/auto/CycleOfImmediateTransitionsModal3.xml
----------------- Instantiating /home/travis/build/icyphy/ptII/ptolemy/domains/modal/test/auto/CycleOfImmediateTransitionsModal3.xml
8 ms. Memory: 207872K Free: 76146K (37%)
----------------- Invoking toplevel() on ptolemy.moml.MoMLSimpleApplication@bfae0c0
----------------- Done invoking toplevel() on ptolemy.moml.MoMLSimpleApplication@bfae0c0
reloadAllAccessors: .CycleOfImmediateTransitionsModal3

===========================================================================================
----------------- testing Mon Oct 21 15:13:39 UTC 2019 /home/travis/build/icyphy/ptII/ptolemy/domains/modal/test/auto/DeepModal1.xml
----------------- Instantiating /home/travis/build/icyphy/ptII/ptolemy/domains/modal/test/auto/DeepModal1.xml
20 ms. Memory: 207872K Free: 182113K (88%)
----------------- Invoking toplevel() on ptolemy.moml.MoMLSimpleApplication@15616df3
----------------- Done invoking toplevel() on ptolemy.moml.MoMLSimpleApplication@15616df3
reloadAllAccessors: .DeepModal1

===========================================================================================
----------------- testing Mon Oct 21 15:13:39 UTC 2019 /home/travis/build/icyphy/ptII/ptolemy/domains/modal/test/auto/DeepModal2.xml
----------------- Instantiating /home/travis/build/icyphy/ptII/ptolemy/domains/modal/test/auto/DeepModal2.xml
25 ms. Memory: 207872K Free: 163696K (79%)
----------------- Invoking toplevel() on ptolemy.moml.MoMLSimpleApplication@58b32ef2
----------------- Done invoking toplevel() on ptolemy.moml.MoMLSimpleApplication@58b32ef2
reloadAllAccessors: .DeepModal2

===========================================================================================
----------------- testing Mon Oct 21 15:13:39 UTC 2019 /home/travis/build/icyphy/ptII/ptolemy/domains/modal/test/auto/DeepModal3.xml
----------------- Instantiating /home/travis/build/icyphy/ptII/ptolemy/domains/modal/test/auto/DeepModal3.xml
33 ms. Memory: 207872K Free: 144240K (69%)
----------------- Invoking toplevel() on ptolemy.moml.MoMLSimpleApplication@1cdb49c7
----------------- Done invoking toplevel() on ptolemy.moml.MoMLSimpleApplication@1cdb49c7
reloadAllAccessors: .DeepModal3

===========================================================================================
----------------- testing Mon Oct 21 15:13:39 UTC 2019 /home/travis/build/icyphy/ptII/ptolemy/domains/modal/test/auto/DeepModal4.xml
----------------- Instantiating /home/travis/build/icyphy/ptII/ptolemy/domains/modal/test/auto/DeepModal4.xml
29 ms. Memory: 207872K Free: 124784K (60%)
----------------- Invoking toplevel() on ptolemy.moml.MoMLSimpleApplication@669497df
----------------- Done invoking toplevel() on ptolemy.moml.MoMLSimpleApplication@669497df
reloadAllAccessors: .DeepModal4

===========================================================================================
----------------- testing Mon Oct 21 15:13:39 UTC 2019 /home/travis/build/icyphy/ptII/ptolemy/domains/modal/test/auto/Default1.xml
----------------- Instantiating /home/travis/build/icyphy/ptII/ptolemy/domains/modal/test/auto/Default1.xml
2 ms. Memory: 207872K Free: 118640K (57%)
----------------- Invoking toplevel() on ptolemy.moml.MoMLSimpleApplication@bdef390
----------------- Done invoking toplevel() on ptolemy.moml.MoMLSimpleApplication@bdef390
reloadAllAccessors: .Default1

===========================================================================================
----------------- testing Mon Oct 21 15:13:39 UTC 2019 /home/travis/build/icyphy/ptII/ptolemy/domains/modal/test/auto/Default2.xml
----------------- Instantiating /home/travis/build/icyphy/ptII/ptolemy/domains/modal/test/auto/Default2.xml
9 ms. Memory: 207872K Free: 113010K (54%)
----------------- Invoking toplevel() on ptolemy.moml.MoMLSimpleApplication@38cea565
----------------- Done invoking toplevel() on ptolemy.moml.MoMLSimpleApplication@38cea565
reloadAllAccessors: .Default2

===========================================================================================
----------------- testing Mon Oct 21 15:13:39 UTC 2019 /home/travis/build/icyphy/ptII/ptolemy/domains/modal/test/auto/Default3.xml
----------------- Instantiating /home/travis/build/icyphy/ptII/ptolemy/domains/modal/test/auto/Default3.xml
5 ms. Memory: 207872K Free: 107376K (52%)
----------------- Invoking toplevel() on ptolemy.moml.MoMLSimpleApplication@2d38a1e
----------------- Done invoking toplevel() on ptolemy.moml.MoMLSimpleApplication@2d38a1e
reloadAllAccessors: .Default3

===========================================================================================
----------------- testing Mon Oct 21 15:13:39 UTC 2019 /home/travis/build/icyphy/ptII/ptolemy/domains/modal/test/auto/Default4.xml
----------------- Instantiating /home/travis/build/icyphy/ptII/ptolemy/domains/modal/test/auto/Default4.xml
5 ms. Memory: 207872K Free: 101232K (49%)
----------------- Invoking toplevel() on ptolemy.moml.MoMLSimpleApplication@6262b080
----------------- Done invoking toplevel() on ptolemy.moml.MoMLSimpleApplication@6262b080
reloadAllAccessors: .Default4

===========================================================================================
----------------- testing Mon Oct 21 15:13:39 UTC 2019 /home/travis/build/icyphy/ptII/ptolemy/domains/modal/test/auto/Default5.xml
----------------- Instantiating /home/travis/build/icyphy/ptII/ptolemy/domains/modal/test/auto/Default5.xml
6 ms. Memory: 207872K Free: 93025K (45%)
----------------- Invoking toplevel() on ptolemy.moml.MoMLSimpleApplication@f840dd5
----------------- Done invoking toplevel() on ptolemy.moml.MoMLSimpleApplication@f840dd5
reloadAllAccessors: .Default5

===========================================================================================
----------------- testing Mon Oct 21 15:13:40 UTC 2019 /home/travis/build/icyphy/ptII/ptolemy/domains/modal/test/auto/EmptyGuard.xml
----------------- Instantiating /home/travis/build/icyphy/ptII/ptolemy/domains/modal/test/auto/EmptyGuard.xml
13 ms. Memory: 207872K Free: 85362K (41%)
----------------- Invoking toplevel() on ptolemy.moml.MoMLSimpleApplication@32e3c389
----------------- Done invoking toplevel() on ptolemy.moml.MoMLSimpleApplication@32e3c389
reloadAllAccessors: .EmptyGuard

===========================================================================================
----------------- testing Mon Oct 21 15:13:40 UTC 2019 /home/travis/build/icyphy/ptII/ptolemy/domains/modal/test/auto/ErrorTransition1.xml
----------------- Instantiating /home/travis/build/icyphy/ptII/ptolemy/domains/modal/test/auto/ErrorTransition1.xml
8 ms. Memory: 207872K Free: 76656K (37%)
----------------- Invoking toplevel() on ptolemy.moml.MoMLSimpleApplication@134ae939
----------------- Done invoking toplevel() on ptolemy.moml.MoMLSimpleApplication@134ae939
reloadAllAccessors: .ErrorTransition1

===========================================================================================
----------------- testing Mon Oct 21 15:13:40 UTC 2019 /home/travis/build/icyphy/ptII/ptolemy/domains/modal/test/auto/ErrorTransition10.xml
----------------- Instantiating /home/travis/build/icyphy/ptII/ptolemy/domains/modal/test/auto/ErrorTransition10.xml
19 ms. Memory: 252928K Free: 227783K (90%)
----------------- Invoking toplevel() on ptolemy.moml.MoMLSimpleApplication@7a3ed659
----------------- Done invoking toplevel() on ptolemy.moml.MoMLSimpleApplication@7a3ed659
reloadAllAccessors: .ErrorTransition10

===========================================================================================
----------------- testing Mon Oct 21 15:13:40 UTC 2019 /home/travis/build/icyphy/ptII/ptolemy/domains/modal/test/auto/ErrorTransition11.xml
----------------- Instantiating /home/travis/build/icyphy/ptII/ptolemy/domains/modal/test/auto/ErrorTransition11.xml
4 ms. Memory: 252928K Free: 216549K (86%)
----------------- Invoking toplevel() on ptolemy.moml.MoMLSimpleApplication@19d1c074
----------------- Done invoking toplevel() on ptolemy.moml.MoMLSimpleApplication@19d1c074
reloadAllAccessors: .ErrorTransition11

===========================================================================================
----------------- testing Mon Oct 21 15:13:40 UTC 2019 /home/travis/build/icyphy/ptII/ptolemy/domains/modal/test/auto/ErrorTransition2.xml
----------------- Instantiating /home/travis/build/icyphy/ptII/ptolemy/domains/modal/test/auto/ErrorTransition2.xml
8 ms. Memory: 252928K Free: 207333K (82%)
----------------- Invoking toplevel() on ptolemy.moml.MoMLSimpleApplication@274444a2
----------------- Done invoking toplevel() on ptolemy.moml.MoMLSimpleApplication@274444a2
reloadAllAccessors: .ErrorTransition2

===========================================================================================
----------------- testing Mon Oct 21 15:13:40 UTC 2019 /home/travis/build/icyphy/ptII/ptolemy/domains/modal/test/auto/ErrorTransition3.xml
----------------- Instantiating /home/travis/build/icyphy/ptII/ptolemy/domains/modal/test/auto/ErrorTransition3.xml
20 ms. Memory: 252928K Free: 197607K (78%)
----------------- Invoking toplevel() on ptolemy.moml.MoMLSimpleApplication@4ceccce
----------------- Done invoking toplevel() on ptolemy.moml.MoMLSimpleApplication@4ceccce
reloadAllAccessors: .ErrorTransition3

===========================================================================================
----------------- testing Mon Oct 21 15:13:40 UTC 2019 /home/travis/build/icyphy/ptII/ptolemy/domains/modal/test/auto/ErrorTransition4.xml
----------------- Instantiating /home/travis/build/icyphy/ptII/ptolemy/domains/modal/test/auto/ErrorTransition4.xml
12 ms. Memory: 252928K Free: 186343K (74%)
----------------- Invoking toplevel() on ptolemy.moml.MoMLSimpleApplication@40b405ae
----------------- Done invoking toplevel() on ptolemy.moml.MoMLSimpleApplication@40b405ae
reloadAllAccessors: .ErrorTransition4

===========================================================================================
----------------- testing Mon Oct 21 15:13:40 UTC 2019 /home/travis/build/icyphy/ptII/ptolemy/domains/modal/test/auto/ErrorTransition5.xml
----------------- Instantiating /home/travis/build/icyphy/ptII/ptolemy/domains/modal/test/auto/ErrorTransition5.xml
6 ms. Memory: 252928K Free: 176103K (70%)
----------------- Invoking toplevel() on ptolemy.moml.MoMLSimpleApplication@28b317d9
----------------- Done invoking toplevel() on ptolemy.moml.MoMLSimpleApplication@28b317d9
reloadAllAccessors: .ErrorTransition5

===========================================================================================
----------------- testing Mon Oct 21 15:13:40 UTC 2019 /home/travis/build/icyphy/ptII/ptolemy/domains/modal/test/auto/ErrorTransition6.xml
----------------- Instantiating /home/travis/build/icyphy/ptII/ptolemy/domains/modal/test/auto/ErrorTransition6.xml
11 ms. Memory: 252928K Free: 165349K (65%)
----------------- Invoking toplevel() on ptolemy.moml.MoMLSimpleApplication@1f4c9cd4
----------------- Done invoking toplevel() on ptolemy.moml.MoMLSimpleApplication@1f4c9cd4
reloadAllAccessors: .ErrorTransition6

===========================================================================================
----------------- testing Mon Oct 21 15:13:40 UTC 2019 /home/travis/build/icyphy/ptII/ptolemy/domains/modal/test/auto/ErrorTransition7.xml
----------------- Instantiating /home/travis/build/icyphy/ptII/ptolemy/domains/modal/test/auto/ErrorTransition7.xml
18 ms. Memory: 252928K Free: 152551K (60%)
----------------- Invoking toplevel() on ptolemy.moml.MoMLSimpleApplication@12fb9c56
----------------- Done invoking toplevel() on ptolemy.moml.MoMLSimpleApplication@12fb9c56
reloadAllAccessors: .ErrorTransition7

===========================================================================================
----------------- testing Mon Oct 21 15:13:40 UTC 2019 /home/travis/build/icyphy/ptII/ptolemy/domains/modal/test/auto/ErrorTransition8.xml
----------------- Instantiating /home/travis/build/icyphy/ptII/ptolemy/domains/modal/test/auto/ErrorTransition8.xml
22 ms. Memory: 252928K Free: 139239K (55%)
----------------- Invoking toplevel() on ptolemy.moml.MoMLSimpleApplication@6184dd57
----------------- Done invoking toplevel() on ptolemy.moml.MoMLSimpleApplication@6184dd57
reloadAllAccessors: .ErrorTransition8

===========================================================================================
----------------- testing Mon Oct 21 15:13:40 UTC 2019 /home/travis/build/icyphy/ptII/ptolemy/domains/modal/test/auto/ErrorTransition9.xml
----------------- Instantiating /home/travis/build/icyphy/ptII/ptolemy/domains/modal/test/auto/ErrorTransition9.xml
18 ms. Memory: 252928K Free: 125927K (50%)
----------------- Invoking toplevel() on ptolemy.moml.MoMLSimpleApplication@3bc201f4
----------------- Done invoking toplevel() on ptolemy.moml.MoMLSimpleApplication@3bc201f4
reloadAllAccessors: .ErrorTransition9

===========================================================================================
----------------- testing Mon Oct 21 15:13:40 UTC 2019 /home/travis/build/icyphy/ptII/ptolemy/domains/modal/test/auto/ExtendedFSM.xml
----------------- Instantiating /home/travis/build/icyphy/ptII/ptolemy/domains/modal/test/auto/ExtendedFSM.xml
8 ms. Memory: 252928K Free: 117207K (46%)
----------------- Invoking toplevel() on ptolemy.moml.MoMLSimpleApplication@1750a156
----------------- Done invoking toplevel() on ptolemy.moml.MoMLSimpleApplication@1750a156
reloadAllAccessors: .ExtendedFSM

===========================================================================================
----------------- testing Mon Oct 21 15:13:40 UTC 2019 /home/travis/build/icyphy/ptII/ptolemy/domains/modal/test/auto/FinalStates.xml
----------------- Instantiating /home/travis/build/icyphy/ptII/ptolemy/domains/modal/test/auto/FinalStates.xml
8 ms. Memory: 252928K Free: 109015K (43%)
----------------- Invoking toplevel() on ptolemy.moml.MoMLSimpleApplication@2e4d2291
----------------- Done invoking toplevel() on ptolemy.moml.MoMLSimpleApplication@2e4d2291
reloadAllAccessors: .FinalStates

===========================================================================================
----------------- testing Mon Oct 21 15:13:40 UTC 2019 /home/travis/build/icyphy/ptII/ptolemy/domains/modal/test/auto/FixedPointFSM.xml
----------------- Instantiating /home/travis/build/icyphy/ptII/ptolemy/domains/modal/test/auto/FixedPointFSM.xml
21 ms. Memory: 252928K Free: 94183K (37%)
----------------- Invoking toplevel() on ptolemy.moml.MoMLSimpleApplication@5e1d3e64
----------------- Done invoking toplevel() on ptolemy.moml.MoMLSimpleApplication@5e1d3e64
reloadAllAccessors: .FixedPointFSM

===========================================================================================
----------------- testing Mon Oct 21 15:13:40 UTC 2019 /home/travis/build/icyphy/ptII/ptolemy/domains/modal/test/auto/FixedPointIterationFSMActor.xml
----------------- Instantiating /home/travis/build/icyphy/ptII/ptolemy/domains/modal/test/auto/FixedPointIterationFSMActor.xml
8 ms. Memory: 252928K Free: 229347K (91%)
----------------- Invoking toplevel() on ptolemy.moml.MoMLSimpleApplication@1da2b37f
----------------- Done invoking toplevel() on ptolemy.moml.MoMLSimpleApplication@1da2b37f
reloadAllAccessors: .FixedPointIterationFSMActor

===========================================================================================
----------------- testing Mon Oct 21 15:13:40 UTC 2019 /home/travis/build/icyphy/ptII/ptolemy/domains/modal/test/auto/FixedPointIterationFSMActor2.xml
----------------- Instantiating /home/travis/build/icyphy/ptII/ptolemy/domains/modal/test/auto/FixedPointIterationFSMActor2.xml
11 ms. Memory: 252928K Free: 217059K (86%)
----------------- Invoking toplevel() on ptolemy.moml.MoMLSimpleApplication@40318282
----------------- Done invoking toplevel() on ptolemy.moml.MoMLSimpleApplication@40318282
reloadAllAccessors: .FixedPointIterationFSMActor2

===========================================================================================
----------------- testing Mon Oct 21 15:13:40 UTC 2019 /home/travis/build/icyphy/ptII/ptolemy/domains/modal/test/auto/ForbiddenInstantanousLoop.xml
----------------- Instantiating /home/travis/build/icyphy/ptII/ptolemy/domains/modal/test/auto/ForbiddenInstantanousLoop.xml
6 ms. Memory: 252928K Free: 204771K (81%)
----------------- Invoking toplevel() on ptolemy.moml.MoMLSimpleApplication@3c722e79
----------------- Done invoking toplevel() on ptolemy.moml.MoMLSimpleApplication@3c722e79
reloadAllAccessors: .ForbiddenInstantanousLoop

===========================================================================================
----------------- testing Mon Oct 21 15:13:40 UTC 2019 /home/travis/build/icyphy/ptII/ptolemy/domains/modal/test/auto/FunctionDependencyOfFSMActorTest.xml
----------------- Instantiating /home/travis/build/icyphy/ptII/ptolemy/domains/modal/test/auto/FunctionDependencyOfFSMActorTest.xml
14 ms. Memory: 252928K Free: 197603K (78%)
----------------- Invoking toplevel() on ptolemy.moml.MoMLSimpleApplication@47e9d768
----------------- Done invoking toplevel() on ptolemy.moml.MoMLSimpleApplication@47e9d768
reloadAllAccessors: .FunctionDependencyOfFSMActorTest

===========================================================================================
----------------- testing Mon Oct 21 15:13:40 UTC 2019 /home/travis/build/icyphy/ptII/ptolemy/domains/modal/test/auto/GuardExpression.xml
----------------- Instantiating /home/travis/build/icyphy/ptII/ptolemy/domains/modal/test/auto/GuardExpression.xml
2 ms. Memory: 252928K Free: 192483K (76%)
----------------- Invoking toplevel() on ptolemy.moml.MoMLSimpleApplication@2ea6cbe2
----------------- Done invoking toplevel() on ptolemy.moml.MoMLSimpleApplication@2ea6cbe2
reloadAllAccessors: .GuardExpression

===========================================================================================
----------------- testing Mon Oct 21 15:13:40 UTC 2019 /home/travis/build/icyphy/ptII/ptolemy/domains/modal/test/auto/GuardNotEvaluated.xml
----------------- Instantiating /home/travis/build/icyphy/ptII/ptolemy/domains/modal/test/auto/GuardNotEvaluated.xml
7 ms. Memory: 252928K Free: 183763K (73%)
----------------- Invoking toplevel() on ptolemy.moml.MoMLSimpleApplication@1f148a53
----------------- Done invoking toplevel() on ptolemy.moml.MoMLSimpleApplication@1f148a53
reloadAllAccessors: .GuardNotEvaluated

===========================================================================================
----------------- testing Mon Oct 21 15:13:40 UTC 2019 /home/travis/build/icyphy/ptII/ptolemy/domains/modal/test/auto/GuardNotEvaluated2.xml
----------------- Instantiating /home/travis/build/icyphy/ptII/ptolemy/domains/modal/test/auto/GuardNotEvaluated2.xml
8 ms. Memory: 252928K Free: 174051K (69%)
----------------- Invoking toplevel() on ptolemy.moml.MoMLSimpleApplication@7da7da46
----------------- Done invoking toplevel() on ptolemy.moml.MoMLSimpleApplication@7da7da46
reloadAllAccessors: .GuardNotEvaluated2

===========================================================================================
----------------- testing Mon Oct 21 15:13:40 UTC 2019 /home/travis/build/icyphy/ptII/ptolemy/domains/modal/test/auto/GuardOnAbsent.xml
----------------- Instantiating /home/travis/build/icyphy/ptII/ptolemy/domains/modal/test/auto/GuardOnAbsent.xml
9 ms. Memory: 252928K Free: 166339K (66%)
----------------- Invoking toplevel() on ptolemy.moml.MoMLSimpleApplication@738777bf
----------------- Done invoking toplevel() on ptolemy.moml.MoMLSimpleApplication@738777bf
reloadAllAccessors: .GuardOnAbsent

===========================================================================================
----------------- testing Mon Oct 21 15:13:40 UTC 2019 /home/travis/build/icyphy/ptII/ptolemy/domains/modal/test/auto/HierarchicalFSMTypeInference.xml
----------------- Instantiating /home/travis/build/icyphy/ptII/ptolemy/domains/modal/test/auto/HierarchicalFSMTypeInference.xml
5 ms. Memory: 252928K Free: 156129K (62%)
----------------- Invoking toplevel() on ptolemy.moml.MoMLSimpleApplication@1bcf1fbe
----------------- Done invoking toplevel() on ptolemy.moml.MoMLSimpleApplication@1bcf1fbe
reloadAllAccessors: .HierarchicalFSMTypeInference

===========================================================================================
----------------- testing Mon Oct 21 15:13:40 UTC 2019 /home/travis/build/icyphy/ptII/ptolemy/domains/modal/test/auto/Hysteresis.xml
----------------- Instantiating /home/travis/build/icyphy/ptII/ptolemy/domains/modal/test/auto/Hysteresis.xml
14 ms. Memory: 252928K Free: 142803K (56%)
----------------- Invoking toplevel() on ptolemy.moml.MoMLSimpleApplication@6089e584
----------------- Done invoking toplevel() on ptolemy.moml.MoMLSimpleApplication@6089e584
reloadAllAccessors: .Hysteresis

===========================================================================================
----------------- testing Mon Oct 21 15:13:41 UTC 2019 /home/travis/build/icyphy/ptII/ptolemy/domains/modal/test/auto/HysteresisWithDefault.xml
----------------- Instantiating /home/travis/build/icyphy/ptII/ptolemy/domains/modal/test/auto/HysteresisWithDefault.xml
52 ms. Memory: 252928K Free: 119779K (47%)
----------------- Invoking toplevel() on ptolemy.moml.MoMLSimpleApplication@139cf8db
----------------- Done invoking toplevel() on ptolemy.moml.MoMLSimpleApplication@139cf8db
reloadAllAccessors: .HysteresisWithDefault

===========================================================================================
----------------- testing Mon Oct 21 15:13:41 UTC 2019 /home/travis/build/icyphy/ptII/ptolemy/domains/modal/test/auto/HysteresisWithDefault2.xml
----------------- Instantiating /home/travis/build/icyphy/ptII/ptolemy/domains/modal/test/auto/HysteresisWithDefault2.xml
55 ms. Memory: 252928K Free: 90083K (36%)
----------------- Invoking toplevel() on ptolemy.moml.MoMLSimpleApplication@1aa48be3
----------------- Done invoking toplevel() on ptolemy.moml.MoMLSimpleApplication@1aa48be3
reloadAllAccessors: .HysteresisWithDefault2

===========================================================================================
----------------- testing Mon Oct 21 15:13:41 UTC 2019 /home/travis/build/icyphy/ptII/ptolemy/domains/modal/test/auto/ImmediateNonConstructiveness.xml
----------------- Instantiating /home/travis/build/icyphy/ptII/ptolemy/domains/modal/test/auto/ImmediateNonConstructiveness.xml
4 ms. Memory: 252928K Free: 229382K (91%)
----------------- Invoking toplevel() on ptolemy.moml.MoMLSimpleApplication@4e99f181
----------------- Done invoking toplevel() on ptolemy.moml.MoMLSimpleApplication@4e99f181
reloadAllAccessors: .ImmediateNonConstructiveness

===========================================================================================
----------------- testing Mon Oct 21 15:13:41 UTC 2019 /home/travis/build/icyphy/ptII/ptolemy/domains/modal/test/auto/ImmediateNonConstructiveness2.xml
----------------- Instantiating /home/travis/build/icyphy/ptII/ptolemy/domains/modal/test/auto/ImmediateNonConstructiveness2.xml
2 ms. Memory: 252928K Free: 222742K (88%)
----------------- Invoking toplevel() on ptolemy.moml.MoMLSimpleApplication@347ad792
----------------- Done invoking toplevel() on ptolemy.moml.MoMLSimpleApplication@347ad792
reloadAllAccessors: .ImmediateNonConstructiveness2

===========================================================================================
----------------- testing Mon Oct 21 15:13:41 UTC 2019 /home/travis/build/icyphy/ptII/ptolemy/domains/modal/test/auto/ImmediateTransitionReset.xml
----------------- Instantiating /home/travis/build/icyphy/ptII/ptolemy/domains/modal/test/auto/ImmediateTransitionReset.xml
4 ms. Memory: 252928K Free: 210964K (83%)
----------------- Invoking toplevel() on ptolemy.moml.MoMLSimpleApplication@9d2ea7c
----------------- Done invoking toplevel() on ptolemy.moml.MoMLSimpleApplication@9d2ea7c
reloadAllAccessors: .ImmediateTransitionReset

===========================================================================================
----------------- testing Mon Oct 21 15:13:41 UTC 2019 /home/travis/build/icyphy/ptII/ptolemy/domains/modal/test/auto/ImmediateTransitions1.xml
----------------- Instantiating /home/travis/build/icyphy/ptII/ptolemy/domains/modal/test/auto/ImmediateTransitions1.xml
1 ms. Memory: 252928K Free: 205844K (81%)
----------------- Invoking toplevel() on ptolemy.moml.MoMLSimpleApplication@6866b9d
----------------- Done invoking toplevel() on ptolemy.moml.MoMLSimpleApplication@6866b9d
reloadAllAccessors: .ImmediateTransitions1

===========================================================================================
----------------- testing Mon Oct 21 15:13:41 UTC 2019 /home/travis/build/icyphy/ptII/ptolemy/domains/modal/test/auto/ImmediateTransitionsInstantaneousCommunication.xml
----------------- Instantiating /home/travis/build/icyphy/ptII/ptolemy/domains/modal/test/auto/ImmediateTransitionsInstantaneousCommunication.xml
4 ms. Memory: 252928K Free: 193556K (77%)
----------------- Invoking toplevel() on ptolemy.moml.MoMLSimpleApplication@734abbf8
----------------- Done invoking toplevel() on ptolemy.moml.MoMLSimpleApplication@734abbf8
reloadAllAccessors: .ImmediateTransitionsInstantaneousCommunication

===========================================================================================
----------------- testing Mon Oct 21 15:13:41 UTC 2019 /home/travis/build/icyphy/ptII/ptolemy/domains/modal/test/auto/InitialImmediateTransition.xml
----------------- Instantiating /home/travis/build/icyphy/ptII/ptolemy/domains/modal/test/auto/InitialImmediateTransition.xml
3 ms. Memory: 252928K Free: 186382K (74%)
----------------- Invoking toplevel() on ptolemy.moml.MoMLSimpleApplication@2b50832
----------------- Done invoking toplevel() on ptolemy.moml.MoMLSimpleApplication@2b50832
reloadAllAccessors: .InitialImmediateTransition

===========================================================================================
----------------- testing Mon Oct 21 15:13:41 UTC 2019 /home/travis/build/icyphy/ptII/ptolemy/domains/modal/test/auto/InitialOutputs.xml
----------------- Instantiating /home/travis/build/icyphy/ptII/ptolemy/domains/modal/test/auto/InitialOutputs.xml
4 ms. Memory: 252928K Free: 179734K (71%)
----------------- Invoking toplevel() on ptolemy.moml.MoMLSimpleApplication@4fdd2949
----------------- Done invoking toplevel() on ptolemy.moml.MoMLSimpleApplication@4fdd2949
reloadAllAccessors: .InitialOutputs

===========================================================================================
----------------- testing Mon Oct 21 15:13:41 UTC 2019 /home/travis/build/icyphy/ptII/ptolemy/domains/modal/test/auto/InitialStateTransition1.xml
----------------- Instantiating /home/travis/build/icyphy/ptII/ptolemy/domains/modal/test/auto/InitialStateTransition1.xml
2 ms. Memory: 252928K Free: 172566K (68%)
----------------- Invoking toplevel() on ptolemy.moml.MoMLSimpleApplication@6e501039
----------------- Done invoking toplevel() on ptolemy.moml.MoMLSimpleApplication@6e501039
reloadAllAccessors: .InitialStateTransition1

===========================================================================================
----------------- testing Mon Oct 21 15:13:41 UTC 2019 /home/travis/build/icyphy/ptII/ptolemy/domains/modal/test/auto/InitialStateTransition2.xml
----------------- Instantiating /home/travis/build/icyphy/ptII/ptolemy/domains/modal/test/auto/InitialStateTransition2.xml
.InitialStateTransition2.TestExceptionAttributeNonConstructive: initialize() was not invoked, but wrapup() was.  This is unusual, but not always a problem.  For example, exporting JNLP will do this.
4 ms. Memory: 252928K Free: 165396K (65%)
----------------- Invoking toplevel() on ptolemy.moml.MoMLSimpleApplication@1b704f10
----------------- Done invoking toplevel() on ptolemy.moml.MoMLSimpleApplication@1b704f10
reloadAllAccessors: .InitialStateTransition2

===========================================================================================
----------------- testing Mon Oct 21 15:13:41 UTC 2019 /home/travis/build/icyphy/ptII/ptolemy/domains/modal/test/auto/InitialStateTransition3.xml
----------------- Instantiating /home/travis/build/icyphy/ptII/ptolemy/domains/modal/test/auto/InitialStateTransition3.xml
5 ms. Memory: 252928K Free: 156692K (62%)
----------------- Invoking toplevel() on ptolemy.moml.MoMLSimpleApplication@2beefeca
----------------- Done invoking toplevel() on ptolemy.moml.MoMLSimpleApplication@2beefeca
reloadAllAccessors: .InitialStateTransition3

===========================================================================================
----------------- testing Mon Oct 21 15:13:41 UTC 2019 /home/travis/build/icyphy/ptII/ptolemy/domains/modal/test/auto/InitialStateTransition4.xml
----------------- Instantiating /home/travis/build/icyphy/ptII/ptolemy/domains/modal/test/auto/InitialStateTransition4.xml
4 ms. Memory: 252928K Free: 146966K (58%)
----------------- Invoking toplevel() on ptolemy.moml.MoMLSimpleApplication@185a88c7
----------------- Done invoking toplevel() on ptolemy.moml.MoMLSimpleApplication@185a88c7
[...]
reloadAllAccessors: .TerminationTransition3

===========================================================================================
----------------- testing Mon Oct 21 15:13:43 UTC 2019 /home/travis/build/icyphy/ptII/ptolemy/domains/modal/test/auto/TerminationTransition4.xml
----------------- Instantiating /home/travis/build/icyphy/ptII/ptolemy/domains/modal/test/auto/TerminationTransition4.xml
7 ms. Memory: 304128K Free: 261459K (86%)
----------------- Invoking toplevel() on ptolemy.moml.MoMLSimpleApplication@48056d40
----------------- Done invoking toplevel() on ptolemy.moml.MoMLSimpleApplication@48056d40
reloadAllAccessors: .TerminationTransition4

===========================================================================================
----------------- testing Mon Oct 21 15:13:43 UTC 2019 /home/travis/build/icyphy/ptII/ptolemy/domains/modal/test/auto/TerminationTransition5.xml
----------------- Instantiating /home/travis/build/icyphy/ptII/ptolemy/domains/modal/test/auto/TerminationTransition5.xml
3 ms. Memory: 304128K Free: 247633K (81%)
----------------- Invoking toplevel() on ptolemy.moml.MoMLSimpleApplication@729659
----------------- Done invoking toplevel() on ptolemy.moml.MoMLSimpleApplication@729659
reloadAllAccessors: .TerminationTransition5

===========================================================================================
----------------- testing Mon Oct 21 15:13:43 UTC 2019 /home/travis/build/icyphy/ptII/ptolemy/domains/modal/test/auto/TerminationTransition6.xml
----------------- Instantiating /home/travis/build/icyphy/ptII/ptolemy/domains/modal/test/auto/TerminationTransition6.xml
2 ms. Memory: 304128K Free: 239441K (79%)
----------------- Invoking toplevel() on ptolemy.moml.MoMLSimpleApplication@38f738f9
----------------- Done invoking toplevel() on ptolemy.moml.MoMLSimpleApplication@38f738f9
reloadAllAccessors: .TerminationTransition6

===========================================================================================
----------------- testing Mon Oct 21 15:13:43 UTC 2019 /home/travis/build/icyphy/ptII/ptolemy/domains/modal/test/auto/TerminationTransition7.xml
----------------- Instantiating /home/travis/build/icyphy/ptII/ptolemy/domains/modal/test/auto/TerminationTransition7.xml
2 ms. Memory: 304128K Free: 230211K (76%)
----------------- Invoking toplevel() on ptolemy.moml.MoMLSimpleApplication@1c640f82
----------------- Done invoking toplevel() on ptolemy.moml.MoMLSimpleApplication@1c640f82
reloadAllAccessors: .TerminationTransition7

===========================================================================================
----------------- testing Mon Oct 21 15:13:43 UTC 2019 /home/travis/build/icyphy/ptII/ptolemy/domains/modal/test/auto/TerminationTransition8.xml
----------------- Instantiating /home/travis/build/icyphy/ptII/ptolemy/domains/modal/test/auto/TerminationTransition8.xml
3 ms. Memory: 304128K Free: 221009K (73%)
----------------- Invoking toplevel() on ptolemy.moml.MoMLSimpleApplication@2f8eaaa6
----------------- Done invoking toplevel() on ptolemy.moml.MoMLSimpleApplication@2f8eaaa6
reloadAllAccessors: .TerminationTransition8

===========================================================================================
----------------- testing Mon Oct 21 15:13:43 UTC 2019 /home/travis/build/icyphy/ptII/ptolemy/domains/modal/test/auto/Thermostat_NoHysteresis.xml
----------------- Instantiating /home/travis/build/icyphy/ptII/ptolemy/domains/modal/test/auto/Thermostat_NoHysteresis.xml
47 ms. Memory: 304128K Free: 196433K (65%)
----------------- Invoking toplevel() on ptolemy.moml.MoMLSimpleApplication@36c68584
----------------- Done invoking toplevel() on ptolemy.moml.MoMLSimpleApplication@36c68584
reloadAllAccessors: .Thermostat_NoHysteresis

===========================================================================================
----------------- testing Mon Oct 21 15:13:43 UTC 2019 /home/travis/build/icyphy/ptII/ptolemy/domains/modal/test/auto/TimedFSM.xml
----------------- Instantiating /home/travis/build/icyphy/ptII/ptolemy/domains/modal/test/auto/TimedFSM.xml
8 ms. Memory: 304128K Free: 184659K (61%)
----------------- Invoking toplevel() on ptolemy.moml.MoMLSimpleApplication@77f825d
----------------- Done invoking toplevel() on ptolemy.moml.MoMLSimpleApplication@77f825d
reloadAllAccessors: .TimedFSM

===========================================================================================
----------------- testing Mon Oct 21 15:13:43 UTC 2019 /home/travis/build/icyphy/ptII/ptolemy/domains/modal/test/auto/Timeout1.xml
----------------- Instantiating /home/travis/build/icyphy/ptII/ptolemy/domains/modal/test/auto/Timeout1.xml
3 ms. Memory: 304128K Free: 179011K (59%)
----------------- Invoking toplevel() on ptolemy.moml.MoMLSimpleApplication@2f33b13b
----------------- Done invoking toplevel() on ptolemy.moml.MoMLSimpleApplication@2f33b13b
reloadAllAccessors: .Timeout1

===========================================================================================
----------------- testing Mon Oct 21 15:13:43 UTC 2019 /home/travis/build/icyphy/ptII/ptolemy/domains/modal/test/auto/Timeout2.xml
----------------- Instantiating /home/travis/build/icyphy/ptII/ptolemy/domains/modal/test/auto/Timeout2.xml
8 ms. Memory: 304128K Free: 170323K (56%)
----------------- Invoking toplevel() on ptolemy.moml.MoMLSimpleApplication@237d243b
----------------- Done invoking toplevel() on ptolemy.moml.MoMLSimpleApplication@237d243b
reloadAllAccessors: .Timeout2

===========================================================================================
----------------- testing Mon Oct 21 15:13:43 UTC 2019 /home/travis/build/icyphy/ptII/ptolemy/domains/modal/test/auto/Timeout3.xml
----------------- Instantiating /home/travis/build/icyphy/ptII/ptolemy/domains/modal/test/auto/Timeout3.xml
3 ms. Memory: 304128K Free: 165203K (54%)
----------------- Invoking toplevel() on ptolemy.moml.MoMLSimpleApplication@5c7fb546
----------------- Done invoking toplevel() on ptolemy.moml.MoMLSimpleApplication@5c7fb546
reloadAllAccessors: .Timeout3

===========================================================================================
----------------- testing Mon Oct 21 15:13:43 UTC 2019 /home/travis/build/icyphy/ptII/ptolemy/domains/modal/test/auto/Timeout4.xml
----------------- Instantiating /home/travis/build/icyphy/ptII/ptolemy/domains/modal/test/auto/Timeout4.xml
2 ms. Memory: 304128K Free: 160083K (53%)
----------------- Invoking toplevel() on ptolemy.moml.MoMLSimpleApplication@3c2e7be3
----------------- Done invoking toplevel() on ptolemy.moml.MoMLSimpleApplication@3c2e7be3
reloadAllAccessors: .Timeout4

===========================================================================================
----------------- testing Mon Oct 21 15:13:43 UTC 2019 /home/travis/build/icyphy/ptII/ptolemy/domains/modal/test/auto/TransientstateModelAdvanced.xml
----------------- Instantiating /home/travis/build/icyphy/ptII/ptolemy/domains/modal/test/auto/TransientstateModelAdvanced.xml
3 ms. Memory: 304128K Free: 147795K (49%)
----------------- Invoking toplevel() on ptolemy.moml.MoMLSimpleApplication@78cacbf8
----------------- Done invoking toplevel() on ptolemy.moml.MoMLSimpleApplication@78cacbf8
reloadAllAccessors: .TransientstateModelAdvanced

===========================================================================================
----------------- testing Mon Oct 21 15:13:43 UTC 2019 /home/travis/build/icyphy/ptII/ptolemy/domains/modal/test/auto/TransientstateModelAdvanced2.xml
----------------- Instantiating /home/travis/build/icyphy/ptII/ptolemy/domains/modal/test/auto/TransientstateModelAdvanced2.xml
3 ms. Memory: 304128K Free: 133459K (44%)
----------------- Invoking toplevel() on ptolemy.moml.MoMLSimpleApplication@7613944b
----------------- Done invoking toplevel() on ptolemy.moml.MoMLSimpleApplication@7613944b
reloadAllAccessors: .transientstatemodelAdvanced

===========================================================================================
----------------- testing Mon Oct 21 15:13:43 UTC 2019 /home/travis/build/icyphy/ptII/ptolemy/domains/modal/test/auto/TransitionRefinements.xml
----------------- Instantiating /home/travis/build/icyphy/ptII/ptolemy/domains/modal/test/auto/TransitionRefinements.xml
7 ms. Memory: 304128K Free: 123715K (41%)
----------------- Invoking toplevel() on ptolemy.moml.MoMLSimpleApplication@35935d30
----------------- Done invoking toplevel() on ptolemy.moml.MoMLSimpleApplication@35935d30
reloadAllAccessors: .TransitionRefinements

===========================================================================================
----------------- testing Mon Oct 21 15:13:43 UTC 2019 /home/travis/build/icyphy/ptII/ptolemy/domains/modal/test/auto/TwoRefinements1.xml
----------------- Instantiating /home/travis/build/icyphy/ptII/ptolemy/domains/modal/test/auto/TwoRefinements1.xml
3 ms. Memory: 304128K Free: 113489K (37%)
----------------- Invoking toplevel() on ptolemy.moml.MoMLSimpleApplication@7b62ec67
----------------- Done invoking toplevel() on ptolemy.moml.MoMLSimpleApplication@7b62ec67
reloadAllAccessors: .TwoRefinements1

===========================================================================================
----------------- testing Mon Oct 21 15:13:43 UTC 2019 /home/travis/build/icyphy/ptII/ptolemy/domains/modal/test/auto/TwoRefinements2.xml
----------------- Instantiating /home/travis/build/icyphy/ptII/ptolemy/domains/modal/test/auto/TwoRefinements2.xml
3 ms. Memory: 304128K Free: 281107K (92%)
----------------- Invoking toplevel() on ptolemy.moml.MoMLSimpleApplication@5c74a285
----------------- Done invoking toplevel() on ptolemy.moml.MoMLSimpleApplication@5c74a285
reloadAllAccessors: .TwoRefinements2

===========================================================================================
----------------- testing Mon Oct 21 15:13:43 UTC 2019 /home/travis/build/icyphy/ptII/ptolemy/domains/modal/test/auto/WeakImmediateTransition.xml
----------------- Instantiating /home/travis/build/icyphy/ptII/ptolemy/domains/modal/test/auto/WeakImmediateTransition.xml
4 ms. Memory: 304128K Free: 272405K (90%)
----------------- Invoking toplevel() on ptolemy.moml.MoMLSimpleApplication@a4b3d7f
----------------- Done invoking toplevel() on ptolemy.moml.MoMLSimpleApplication@a4b3d7f
reloadAllAccessors: .WeakImmediateTransition

===========================================================================================
----------------- testing Mon Oct 21 15:13:44 UTC 2019 /home/travis/build/icyphy/ptII/ptolemy/domains/modal/test/auto/booleanSelect.xml
----------------- Instantiating /home/travis/build/icyphy/ptII/ptolemy/domains/modal/test/auto/booleanSelect.xml
59 ms. Memory: 304128K Free: 254469K (84%)
----------------- Invoking toplevel() on ptolemy.moml.MoMLSimpleApplication@5b76ca7f
----------------- Done invoking toplevel() on ptolemy.moml.MoMLSimpleApplication@5b76ca7f
reloadAllAccessors: .booleanSelect

===========================================================================================
----------------- testing Mon Oct 21 15:13:44 UTC 2019 /home/travis/build/icyphy/ptII/ptolemy/domains/modal/test/auto/modalChangingParams.xml
----------------- Instantiating /home/travis/build/icyphy/ptII/ptolemy/domains/modal/test/auto/modalChangingParams.xml
0
1
0
2
4
6
8
7
0
2
4
6
8
13
0
2
4
6
8
19
0
2
4
6
8
25
0
2
4
6
8
31
0
2
4
6
8
37
0
2
4
6
8
43
0
2
4
6
8
49
0
2
4
6
8
55
0
2
4
6
8
61
0
2
4
6
8
67
0
2
4
6
8
73
0
2
4
6
8
79
0
2
4
6
8
85
0
2
4
6
8
91
0
2
4
6
8
97
0
2
4
6
8
103
0
2
4
6
8
109
0
2
4
6
8
115
0
2
4
6
8
121
0
2
4
6
8
127
0
2
4
6
8
133
0
2
4
6
8
139
0
2
4
6
8
145
0
2
4
6
8
151
0
2
4
6
8
157
0
2
4
6
8
163
0
2
4
6
8
169
0
2
4
6
8
175
0
2
4
6
8
181
0
2
4
6
8
187
0
2
4
6
8
193
0
2
4
6
8
199
0
2
4
6
8
205
0
2
4
6
8
211
0
2
4
6
8
217
0
2
4
6
8
223
0
2
4
6
8
229
0
2
4
6
8
235
0
2
4
6
8
241
0
2
4
6
8
247
0
2
4
6
8
253
0
2
4
6
8
259
0
2
4
6
8
265
0
2
4
6
8
271
0
2
4
6
8
277
0
2
4
6
8
283
0
2
4
6
8
289
0
2
4
6
8
295
0
2
4
6
8
301
0
2
4
6
8
307
0
2
4
6
8
313
0
2
4
6
8
319
0
2
4
6
8
325
0
2
4
6
8
331
0
2
4
6
8
337
0
2
4
6
8
343
0
2
4
6
8
349
0
2
4
6
8
355
0
2
4
6
8
361
0
2
4
6
8
367
0
2
4
6
8
373
0
2
4
6
8
379
0
2
4
6
8
385
0
2
4
6
8
391
0
2
4
6
8
397
0
2
4
6
8
403
0
2
4
6
8
409
0
2
4
6
8
415
0
2
4
6
8
421
0
2
4
6
8
427
0
2
4
6
8
433
0
2
4
6
8
439
0
2
4
6
8
445
0
2
4
6
8
451
0
2
4
6
8
457
0
2
4
6
8
463
0
2
4
6
8
469
0
2
4
6
8
475
0
2
4
6
8
481
0
2
4
6
8
487
0
2
4
6
8
493
0
2
4
6
8
499
0
2
4
6
8
505
0
2
4
6
8
511
0
2
4
6
8
517
0
2
4
6
8
523
0
2
4
6
8
529
0
2
4
6
8
535
0
2
4
6
8
541
0
2
4
6
8
547
0
2
4
6
8
553
0
2
4
6
8
559
0
2
4
6
8
565
0
2
4
6
8
571
0
2
4
6
8
577
0
2
4
6
8
583
0
2
4
6
8
589
0
2
4
6
8
595
0
2
4
6
8
601
0
2
4
6
8
607
0
2
4
6
8
613
0
2
4
6
8
619
0
2
4
6
8
625
0
2
4
6
8
631
0
2
4
6
8
637
0
2
4
6
8
643
0
2
4
6
8
649
0
2
4
6
8
655
0
2
4
6
8
661
0
2
4
6
8
667
0
2
4
6
8
673
0
2
4
6
8
679
0
2
4
6
8
685
0
2
4
6
8
691
0
2
4
6
8
697
0
2
4
6
8
703
0
2
4
6
8
709
0
2
4
6
8
715
0
2
4
6
8
721
0
2
4
6
8
727
0
2
4
6
8
733
0
2
4
6
8
739
0
2
4
6
8
745
0
2
4
6
8
751
0
2
4
6
8
757
0
2
4
6
8
763
0
2
4
6
8
769
0
2
4
6
8
775
0
2
4
6
8
781
0
2
4
6
8
787
0
2
4
6
8
793
0
2
4
6
8
799
0
2
4
6
8
805
0
2
4
6
8
811
0
2
4
6
8
817
0
2
4
6
8
823
0
2
4
6
8
829
0
2
4
6
8
835
0
2
4
6
8
841
0
2
4
6
8
847
0
2
4
6
8
853
0
2
4
6
8
859
0
2
4
6
8
865
0
2
4
6
8
871
0
2
4
6
8
877
0
2
4
6
8
883
0
2
4
6
8
889
0
2
4
6
8
895
0
2
4
6
8
901
0
2
4
6
8
907
0
2
4
6
8
913
0
2
4
6
8
919
0
2
4
6
8
925
0
2
4
6
8
931
0
2
4
6
8
937
0
2
4
6
8
943
0
2
4
6
8
949
0
2
4
6
8
955
0
2
4
6
8
961
0
2
4
6
8
967
0
2
4
6
8
973
0
2
4
6
8
979
0
2
4
6
8
985
0
2
4
6
8
991
0
2
4
6
8
997
0
2
286 ms. Memory: 304128K Free: 139285K (46%)
----------------- Invoking toplevel() on ptolemy.moml.MoMLSimpleApplication@584851e8
----------------- Done invoking toplevel() on ptolemy.moml.MoMLSimpleApplication@584851e8
reloadAllAccessors: .modalChangingParams

===========================================================================================
----------------- testing Mon Oct 21 15:13:44 UTC 2019 /home/travis/build/icyphy/ptII/ptolemy/domains/modal/test/auto/modalModel.xml
----------------- Instantiating /home/travis/build/icyphy/ptII/ptolemy/domains/modal/test/auto/modalModel.xml
7 ms. Memory: 304128K Free: 130565K (43%)
----------------- Invoking toplevel() on ptolemy.moml.MoMLSimpleApplication@4758eb3c
----------------- Done invoking toplevel() on ptolemy.moml.MoMLSimpleApplication@4758eb3c
reloadAllAccessors: .modalModel

===========================================================================================
----------------- testing Mon Oct 21 15:13:44 UTC 2019 /home/travis/build/icyphy/ptII/ptolemy/domains/modal/test/auto/modalModel2.xml
----------------- Instantiating /home/travis/build/icyphy/ptII/ptolemy/domains/modal/test/auto/modalModel2.xml
14 ms. Memory: 304128K Free: 119829K (39%)
----------------- Invoking toplevel() on ptolemy.moml.MoMLSimpleApplication@2d7a4b4c
----------------- Done invoking toplevel() on ptolemy.moml.MoMLSimpleApplication@2d7a4b4c
reloadAllAccessors: .modalModel2

===========================================================================================
----------------- testing Mon Oct 21 15:13:44 UTC 2019 /home/travis/build/icyphy/ptII/ptolemy/domains/modal/test/auto/modalModel3.xml
----------------- Instantiating /home/travis/build/icyphy/ptII/ptolemy/domains/modal/test/auto/modalModel3.xml
0	0	0
3	2	1
6	4	2
9	6	3
4	0	4
7	2	5
10	4	6
13	6	7
8	0	8
11	2	9
14	4	10
17	6	11
12	0	12
15	2	13
18	4	14
39 ms. Memory: 365568K Free: 345551K (95%)
----------------- Invoking toplevel() on ptolemy.moml.MoMLSimpleApplication@29c4c37b
----------------- Done invoking toplevel() on ptolemy.moml.MoMLSimpleApplication@29c4c37b
reloadAllAccessors: .modalModel3

===========================================================================================
----------------- testing Mon Oct 21 15:13:44 UTC 2019 /home/travis/build/icyphy/ptII/ptolemy/domains/modal/test/auto/model1.xml
----------------- Instantiating /home/travis/build/icyphy/ptII/ptolemy/domains/modal/test/auto/model1.xml
15 ms. Memory: 365568K Free: 339259K (93%)
----------------- Invoking toplevel() on ptolemy.moml.MoMLSimpleApplication@621e9b4
----------------- Done invoking toplevel() on ptolemy.moml.MoMLSimpleApplication@621e9b4
reloadAllAccessors: .model1

===========================================================================================
----------------- testing Mon Oct 21 15:13:44 UTC 2019 /home/travis/build/icyphy/ptII/ptolemy/domains/modal/test/auto/test-direct-in-out.xml
----------------- Instantiating /home/travis/build/icyphy/ptII/ptolemy/domains/modal/test/auto/test-direct-in-out.xml
8 ms. Memory: 365568K Free: 331595K (91%)
----------------- Invoking toplevel() on ptolemy.moml.MoMLSimpleApplication@7dc4878b
----------------- Done invoking toplevel() on ptolemy.moml.MoMLSimpleApplication@7dc4878b
reloadAllAccessors: .test-direct-in-out
AutoTests.java: About to close Vertx.
AutoTests.java: Vertx closed.
]]></system-out>
  <system-err><![CDATA[java.lang.RuntimeException: Execution failed
	at ptolemy.moml.MoMLSimpleApplication$UnloadThread.run(MoMLSimpleApplication.java:402)
Caused by: ptolemy.kernel.util.IllegalActionException: Unknown inputs remain. Possible causality loop:
L_model_1893289564i

  in .CannotAnalysisWithPreemption.model_1893289564_region_1 and .CannotAnalysisWithPreemption.model_1893289564_region_1.L_model_1893289564i
	at ptolemy.actor.sched.FixedPointDirector.postfire(FixedPointDirector.java:515)
	at ptolemy.domains.sr.kernel.SRDirector.postfire(SRDirector.java:417)
	at ptolemy.actor.CompositeActor.postfire(CompositeActor.java:1668)
	at ptolemy.actor.Manager.iterate(Manager.java:852)
	at ptolemy.actor.Manager.execute(Manager.java:369)
	at ptolemy.actor.Manager.run(Manager.java:1263)
	at ptolemy.actor.Manager$PtolemyRunThread.run(Manager.java:1933)
java.lang.reflect.InvocationTargetException
	at java.base/jdk.internal.reflect.NativeConstructorAccessorImpl.newInstance0(Native Method)
	at java.base/jdk.internal.reflect.NativeConstructorAccessorImpl.newInstance(NativeConstructorAccessorImpl.java:62)
	at java.base/jdk.internal.reflect.DelegatingConstructorAccessorImpl.newInstance(DelegatingConstructorAccessorImpl.java:45)
	at java.base/java.lang.reflect.Constructor.newInstance(Constructor.java:490)
	at ptolemy.util.test.junit.AutoKnownFailedTests.RunModel(AutoKnownFailedTests.java:105)
	at java.base/jdk.internal.reflect.NativeMethodAccessorImpl.invoke0(Native Method)
	at java.base/jdk.internal.reflect.NativeMethodAccessorImpl.invoke(NativeMethodAccessorImpl.java:62)
	at java.base/jdk.internal.reflect.DelegatingMethodAccessorImpl.invoke(DelegatingMethodAccessorImpl.java:43)
	at java.base/java.lang.reflect.Method.invoke(Method.java:566)
	at org.junit.runners.model.FrameworkMethod$1.runReflectiveCall(FrameworkMethod.java:44)
	at org.junit.internal.runners.model.ReflectiveCallable.run(ReflectiveCallable.java:15)
	at org.junit.runners.model.FrameworkMethod.invokeExplosively(FrameworkMethod.java:41)
	at junitparams.internal.InvokeParameterisedMethod.evaluate(InvokeParameterisedMethod.java:102)
	at org.junit.internal.runners.statements.FailOnTimeout$1.run(FailOnTimeout.java:28)
Caused by: ptolemy.kernel.util.IllegalActionException: Unknown inputs remain. Possible causality loop:
L_model_1893289564i

  in .CannotAnalysisWithPreemption.model_1893289564_region_1 and .CannotAnalysisWithPreemption.model_1893289564_region_1.L_model_1893289564i
	at ptolemy.actor.sched.FixedPointDirector.postfire(FixedPointDirector.java:515)
	at ptolemy.domains.sr.kernel.SRDirector.postfire(SRDirector.java:417)
	at ptolemy.actor.CompositeActor.postfire(CompositeActor.java:1668)
	at ptolemy.actor.Manager.iterate(Manager.java:852)
	at ptolemy.actor.Manager.execute(Manager.java:369)
	at ptolemy.actor.Manager.run(Manager.java:1263)
	at ptolemy.actor.Manager$PtolemyRunThread.run(Manager.java:1933)
]]></system-err>
</testsuite>
