<?xml version="1.0" encoding="UTF-8" ?>
<testsuite errors="0" failures="0" hostname="travis-job-52e933e1-2ef9-463d-a5e8-d75360bea126" name="ptolemy.domains.de.test.junit.JUnitTclTest" skipped="0" tests="101" time="123.745" timestamp="2020-01-05T18:27:26">
  <properties>
[...]
</properties>
  <testcase classname="ptolemy.util.test.junit.TclTests" name="[0] /home/travis/build/icyphy/ptII/ptolemy/domains/de/test/DependencyLoop.tcl (RunTclFile)" time="1.044" />
  <testcase classname="ptolemy.util.test.junit.TclTests" name="[1] /home/travis/build/icyphy/ptII/ptolemy/domains/de/test/RunDETestsAsQSS.tcl (RunTclFile)" time="83.443" />
  <testcase classname="ptolemy.util.test.junit.AutoKnownFailedTests" name="[0] /home/travis/build/icyphy/ptII/ptolemy/domains/de/test/auto/knownFailedTests/DESDFClockTest.xml (RunModel)" time="2.056" />
  <testcase classname="ptolemy.util.test.junit.AutoKnownFailedTests" name="[1] /home/travis/build/icyphy/ptII/ptolemy/domains/de/test/auto/knownFailedTests/DirectFeedback.xml (RunModel)" time="0.018" />
  <testcase classname="ptolemy.util.test.junit.AutoKnownFailedTests" name="[2] /home/travis/build/icyphy/ptII/ptolemy/domains/de/test/auto/knownFailedTests/FSMSource.xml (RunModel)" time="0.043" />
  <testcase classname="ptolemy.util.test.junit.AutoKnownFailedTests" name="[3] /home/travis/build/icyphy/ptII/ptolemy/domains/de/test/auto/knownFailedTests/HierarchicalModel.xml (RunModel)" time="0.047" />
  <testcase classname="ptolemy.util.test.junit.AutoKnownFailedTests" name="[4] /home/travis/build/icyphy/ptII/ptolemy/domains/de/test/auto/knownFailedTests/dependencyLoop.xml (RunModel)" time="0.04" />
  <testcase classname="ptolemy.util.test.junit.AutoKnownFailedTests" name="[5] /home/travis/build/icyphy/ptII/ptolemy/domains/de/test/auto/knownFailedTests/dependencyLoop2.xml (RunModel)" time="0.043" />
  <testcase classname="ptolemy.util.test.junit.AutoNameArchTests" name="[0] ThereAreNoAutoArchTests (RunModel)" time="0.001" />
  <testcase classname="ptolemy.util.test.junit.AutoTests" name="[0] /home/travis/build/icyphy/ptII/ptolemy/domains/de/test/auto/ActorDepthCalculation_actorWithoutPorts.xml (RunModel)" time="0.021" />
  <testcase classname="ptolemy.util.test.junit.AutoTests" name="[1] /home/travis/build/icyphy/ptII/ptolemy/domains/de/test/auto/AssemblyLine.xml (RunModel)" time="0.031" />
  <testcase classname="ptolemy.util.test.junit.AutoTests" name="[2] /home/travis/build/icyphy/ptII/ptolemy/domains/de/test/auto/CQBug1.xml (RunModel)" time="0.013" />
  <testcase classname="ptolemy.util.test.junit.AutoTests" name="[3] /home/travis/build/icyphy/ptII/ptolemy/domains/de/test/auto/CancelFireAt.xml (RunModel)" time="0.01" />
  <testcase classname="ptolemy.util.test.junit.AutoTests" name="[4] /home/travis/build/icyphy/ptII/ptolemy/domains/de/test/auto/CausalityAndComposabilityAnalysis.xml (RunModel)" time="0.012" />
  <testcase classname="ptolemy.util.test.junit.AutoTests" name="[5] /home/travis/build/icyphy/ptII/ptolemy/domains/de/test/auto/CausalityInterface1.xml (RunModel)" time="0.018" />
  <testcase classname="ptolemy.util.test.junit.AutoTests" name="[6] /home/travis/build/icyphy/ptII/ptolemy/domains/de/test/auto/CausalityInterface15.xml (RunModel)" time="0.024" />
  <testcase classname="ptolemy.util.test.junit.AutoTests" name="[7] /home/travis/build/icyphy/ptII/ptolemy/domains/de/test/auto/CausalityInterface2.xml (RunModel)" time="0.012" />
  <testcase classname="ptolemy.util.test.junit.AutoTests" name="[8] /home/travis/build/icyphy/ptII/ptolemy/domains/de/test/auto/CausalityInterface3.xml (RunModel)" time="0.014" />
  <testcase classname="ptolemy.util.test.junit.AutoTests" name="[9] /home/travis/build/icyphy/ptII/ptolemy/domains/de/test/auto/ClockDrift.xml (RunModel)" time="0.042" />
  <testcase classname="ptolemy.util.test.junit.AutoTests" name="[10] /home/travis/build/icyphy/ptII/ptolemy/domains/de/test/auto/ClockDriftAndValueChange.xml (RunModel)" time="0.032" />
  <testcase classname="ptolemy.util.test.junit.AutoTests" name="[11] /home/travis/build/icyphy/ptII/ptolemy/domains/de/test/auto/ClockDriftChange.xml (RunModel)" time="0.036" />
  <testcase classname="ptolemy.util.test.junit.AutoTests" name="[12] /home/travis/build/icyphy/ptII/ptolemy/domains/de/test/auto/ComposableCausalityAnalysis.xml (RunModel)" time="0.014" />
  <testcase classname="ptolemy.util.test.junit.AutoTests" name="[13] /home/travis/build/icyphy/ptII/ptolemy/domains/de/test/auto/DEFixedPointLimitation.xml (RunModel)" time="0.009" />
  <testcase classname="ptolemy.util.test.junit.AutoTests" name="[14] /home/travis/build/icyphy/ptII/ptolemy/domains/de/test/auto/DEScheduleTest.xml (RunModel)" time="0.016" />
  <testcase classname="ptolemy.util.test.junit.AutoTests" name="[15] /home/travis/build/icyphy/ptII/ptolemy/domains/de/test/auto/DEinDEwithStartTimes.xml (RunModel)" time="0.018" />
  <testcase classname="ptolemy.util.test.junit.AutoTests" name="[16] /home/travis/build/icyphy/ptII/ptolemy/domains/de/test/auto/DEinDEwithStartTimes2.xml (RunModel)" time="0.026" />
  <testcase classname="ptolemy.util.test.junit.AutoTests" name="[17] /home/travis/build/icyphy/ptII/ptolemy/domains/de/test/auto/DateDemo.xml (RunModel)" time="0.039" />
  <testcase classname="ptolemy.util.test.junit.AutoTests" name="[18] /home/travis/build/icyphy/ptII/ptolemy/domains/de/test/auto/DateToEvent.xml (RunModel)" time="2.049" />
  <testcase classname="ptolemy.util.test.junit.AutoTests" name="[19] /home/travis/build/icyphy/ptII/ptolemy/domains/de/test/auto/DepthTest1.xml (RunModel)" time="0.007" />
  <testcase classname="ptolemy.util.test.junit.AutoTests" name="[20] /home/travis/build/icyphy/ptII/ptolemy/domains/de/test/auto/DepthTest2.xml (RunModel)" time="0.017" />
  <testcase classname="ptolemy.util.test.junit.AutoTests" name="[21] /home/travis/build/icyphy/ptII/ptolemy/domains/de/test/auto/DepthTest3.xml (RunModel)" time="0.01" />
  <testcase classname="ptolemy.util.test.junit.AutoTests" name="[22] /home/travis/build/icyphy/ptII/ptolemy/domains/de/test/auto/DepthTest4.xml (RunModel)" time="0.017" />
  <testcase classname="ptolemy.util.test.junit.AutoTests" name="[23] /home/travis/build/icyphy/ptII/ptolemy/domains/de/test/auto/DepthTest5.xml (RunModel)" time="0.014" />
  <testcase classname="ptolemy.util.test.junit.AutoTests" name="[24] /home/travis/build/icyphy/ptII/ptolemy/domains/de/test/auto/DepthTest6.xml (RunModel)" time="0.016" />
  <testcase classname="ptolemy.util.test.junit.AutoTests" name="[25] /home/travis/build/icyphy/ptII/ptolemy/domains/de/test/auto/DepthTest7.xml (RunModel)" time="0.012" />
  <testcase classname="ptolemy.util.test.junit.AutoTests" name="[26] /home/travis/build/icyphy/ptII/ptolemy/domains/de/test/auto/EventToDate.xml (RunModel)" time="3.041" />
  <testcase classname="ptolemy.util.test.junit.AutoTests" name="[27] /home/travis/build/icyphy/ptII/ptolemy/domains/de/test/auto/FSM1.xml (RunModel)" time="0.045" />
  <testcase classname="ptolemy.util.test.junit.AutoTests" name="[28] /home/travis/build/icyphy/ptII/ptolemy/domains/de/test/auto/FSM7.xml (RunModel)" time="0.043" />
  <testcase classname="ptolemy.util.test.junit.AutoTests" name="[29] /home/travis/build/icyphy/ptII/ptolemy/domains/de/test/auto/Inspection.xml (RunModel)" time="0.047" />
  <testcase classname="ptolemy.util.test.junit.AutoTests" name="[30] /home/travis/build/icyphy/ptII/ptolemy/domains/de/test/auto/Iteration.xml (RunModel)" time="0.025" />
  <testcase classname="ptolemy.util.test.junit.AutoTests" name="[31] /home/travis/build/icyphy/ptII/ptolemy/domains/de/test/auto/LineFault.xml (RunModel)" time="0.621" />
  <testcase classname="ptolemy.util.test.junit.AutoTests" name="[32] /home/travis/build/icyphy/ptII/ptolemy/domains/de/test/auto/MergeModel1Add.xml (RunModel)" time="0.051" />
  <testcase classname="ptolemy.util.test.junit.AutoTests" name="[33] /home/travis/build/icyphy/ptII/ptolemy/domains/de/test/auto/MergeModel2Add.xml (RunModel)" time="0.041" />
  <testcase classname="ptolemy.util.test.junit.AutoTests" name="[34] /home/travis/build/icyphy/ptII/ptolemy/domains/de/test/auto/MergeModel3Add.xml (RunModel)" time="0.046" />
  <testcase classname="ptolemy.util.test.junit.AutoTests" name="[35] /home/travis/build/icyphy/ptII/ptolemy/domains/de/test/auto/MergeWithoutDiscard.xml (RunModel)" time="0.015" />
  <testcase classname="ptolemy.util.test.junit.AutoTests" name="[36] /home/travis/build/icyphy/ptII/ptolemy/domains/de/test/auto/Modal1.xml (RunModel)" time="0.033" />
  <testcase classname="ptolemy.util.test.junit.AutoTests" name="[37] /home/travis/build/icyphy/ptII/ptolemy/domains/de/test/auto/Modal2.xml (RunModel)" time="0.028" />
  <testcase classname="ptolemy.util.test.junit.AutoTests" name="[38] /home/travis/build/icyphy/ptII/ptolemy/domains/de/test/auto/Modal3.xml (RunModel)" time="0.037" />
  <testcase classname="ptolemy.util.test.junit.AutoTests" name="[39] /home/travis/build/icyphy/ptII/ptolemy/domains/de/test/auto/Modal4.xml (RunModel)" time="0.036" />
  <testcase classname="ptolemy.util.test.junit.AutoTests" name="[40] /home/travis/build/icyphy/ptII/ptolemy/domains/de/test/auto/Modal5.xml (RunModel)" time="0.039" />
  <testcase classname="ptolemy.util.test.junit.AutoTests" name="[41] /home/travis/build/icyphy/ptII/ptolemy/domains/de/test/auto/Modal6.xml (RunModel)" time="0.033" />
  <testcase classname="ptolemy.util.test.junit.AutoTests" name="[42] /home/travis/build/icyphy/ptII/ptolemy/domains/de/test/auto/Modal7.xml (RunModel)" time="0.039" />
  <testcase classname="ptolemy.util.test.junit.AutoTests" name="[43] /home/travis/build/icyphy/ptII/ptolemy/domains/de/test/auto/ModalModel.xml (RunModel)" time="0.185" />
  <testcase classname="ptolemy.util.test.junit.AutoTests" name="[44] /home/travis/build/icyphy/ptII/ptolemy/domains/de/test/auto/ModalSource.xml (RunModel)" time="0.024" />
  <testcase classname="ptolemy.util.test.junit.AutoTests" name="[45] /home/travis/build/icyphy/ptII/ptolemy/domains/de/test/auto/NonInterruptibleTimerZeroDelay.xml (RunModel)" time="0.01" />
  <testcase classname="ptolemy.util.test.junit.AutoTests" name="[46] /home/travis/build/icyphy/ptII/ptolemy/domains/de/test/auto/OpenQueueingNetwork.xml (RunModel)" time="2.405" />
  <testcase classname="ptolemy.util.test.junit.AutoTests" name="[47] /home/travis/build/icyphy/ptII/ptolemy/domains/de/test/auto/OpenQueuingNetwork.xml (RunModel)" time="0.29" />
  <testcase classname="ptolemy.util.test.junit.AutoTests" name="[48] /home/travis/build/icyphy/ptII/ptolemy/domains/de/test/auto/PeriodicSampler.xml (RunModel)" time="0.012" />
  <testcase classname="ptolemy.util.test.junit.AutoTests" name="[49] /home/travis/build/icyphy/ptII/ptolemy/domains/de/test/auto/PersistentIO.xml (RunModel)" time="0.021" />
  <testcase classname="ptolemy.util.test.junit.AutoTests" name="[50] /home/travis/build/icyphy/ptII/ptolemy/domains/de/test/auto/PortParameterResetOnInitialize.xml (RunModel)" time="0.011" />
  <testcase classname="ptolemy.util.test.junit.AutoTests" name="[51] /home/travis/build/icyphy/ptII/ptolemy/domains/de/test/auto/PortParameterUpdates.xml (RunModel)" time="0.015" />
  <testcase classname="ptolemy.util.test.junit.AutoTests" name="[52] /home/travis/build/icyphy/ptII/ptolemy/domains/de/test/auto/QueueAndServer.xml (RunModel)" time="0.026" />
  <testcase classname="ptolemy.util.test.junit.AutoTests" name="[53] /home/travis/build/icyphy/ptII/ptolemy/domains/de/test/auto/Records.xml (RunModel)" time="0.02" />
  <testcase classname="ptolemy.util.test.junit.AutoTests" name="[54] /home/travis/build/icyphy/ptII/ptolemy/domains/de/test/auto/ResetTransitionWithStartTime1.xml (RunModel)" time="0.02" />
  <testcase classname="ptolemy.util.test.junit.AutoTests" name="[55] /home/travis/build/icyphy/ptII/ptolemy/domains/de/test/auto/ResetTransitionWithStartTime2.xml (RunModel)" time="0.021" />
  <testcase classname="ptolemy.util.test.junit.AutoTests" name="[56] /home/travis/build/icyphy/ptII/ptolemy/domains/de/test/auto/ResetTransitionWithStartTime3.xml (RunModel)" time="0.016" />
  <testcase classname="ptolemy.util.test.junit.AutoTests" name="[57] /home/travis/build/icyphy/ptII/ptolemy/domains/de/test/auto/ResetTransitionWithStartTime4.xml (RunModel)" time="0.017" />
  <testcase classname="ptolemy.util.test.junit.AutoTests" name="[58] /home/travis/build/icyphy/ptII/ptolemy/domains/de/test/auto/ResettableTimer1.xml (RunModel)" time="0.01" />
  <testcase classname="ptolemy.util.test.junit.AutoTests" name="[59] /home/travis/build/icyphy/ptII/ptolemy/domains/de/test/auto/ResettableTimer2.xml (RunModel)" time="0.007" />
  <testcase classname="ptolemy.util.test.junit.AutoTests" name="[60] /home/travis/build/icyphy/ptII/ptolemy/domains/de/test/auto/ResettableTimer3.xml (RunModel)" time="0.007" />
  <testcase classname="ptolemy.util.test.junit.AutoTests" name="[61] /home/travis/build/icyphy/ptII/ptolemy/domains/de/test/auto/ResettableTimer4.xml (RunModel)" time="0.007" />
  <testcase classname="ptolemy.util.test.junit.AutoTests" name="[62] /home/travis/build/icyphy/ptII/ptolemy/domains/de/test/auto/ResettableTimer5.xml (RunModel)" time="0.007" />
  <testcase classname="ptolemy.util.test.junit.AutoTests" name="[63] /home/travis/build/icyphy/ptII/ptolemy/domains/de/test/auto/ResettableTimer6.xml (RunModel)" time="0.012" />
  <testcase classname="ptolemy.util.test.junit.AutoTests" name="[64] /home/travis/build/icyphy/ptII/ptolemy/domains/de/test/auto/ServerZeroDelay.xml (RunModel)" time="0.008" />
  <testcase classname="ptolemy.util.test.junit.AutoTests" name="[65] /home/travis/build/icyphy/ptII/ptolemy/domains/de/test/auto/SmartSender.xml (RunModel)" time="3.007" />
  <testcase classname="ptolemy.util.test.junit.AutoTests" name="[66] /home/travis/build/icyphy/ptII/ptolemy/domains/de/test/auto/ThreadedComposite.xml (RunModel)" time="0.109" />
  <testcase classname="ptolemy.util.test.junit.AutoTests" name="[67] /home/travis/build/icyphy/ptII/ptolemy/domains/de/test/auto/Time.xml (RunModel)" time="0.357" />
  <testcase classname="ptolemy.util.test.junit.AutoTests" name="[68] /home/travis/build/icyphy/ptII/ptolemy/domains/de/test/auto/TimeDelayZeroDelay.xml (RunModel)" time="0.014" />
  <testcase classname="ptolemy.util.test.junit.AutoTests" name="[69] /home/travis/build/icyphy/ptII/ptolemy/domains/de/test/auto/TimerZeroDelay.xml (RunModel)" time="0.008" />
  <testcase classname="ptolemy.util.test.junit.AutoTests" name="[70] /home/travis/build/icyphy/ptII/ptolemy/domains/de/test/auto/TimingParadox.xml (RunModel)" time="0.315" />
  <testcase classname="ptolemy.util.test.junit.AutoTests" name="[71] /home/travis/build/icyphy/ptII/ptolemy/domains/de/test/auto/TransferInputs.xml (RunModel)" time="0.015" />
  <testcase classname="ptolemy.util.test.junit.AutoTests" name="[72] /home/travis/build/icyphy/ptII/ptolemy/domains/de/test/auto/TransferOutputs2.xml (RunModel)" time="0.015" />
  <testcase classname="ptolemy.util.test.junit.AutoTests" name="[73] /home/travis/build/icyphy/ptII/ptolemy/domains/de/test/auto/Trilateration.xml (RunModel)" time="11.034" />
  <testcase classname="ptolemy.util.test.junit.AutoTests" name="[74] /home/travis/build/icyphy/ptII/ptolemy/domains/de/test/auto/TwoSigmaDelta.xml (RunModel)" time="1.682" />
  <testcase classname="ptolemy.util.test.junit.AutoTests" name="[75] /home/travis/build/icyphy/ptII/ptolemy/domains/de/test/auto/VariableDelay.xml (RunModel)" time="0.016" />
  <testcase classname="ptolemy.util.test.junit.AutoTests" name="[76] /home/travis/build/icyphy/ptII/ptolemy/domains/de/test/auto/VariableDelay2.xml (RunModel)" time="0.009" />
  <testcase classname="ptolemy.util.test.junit.AutoTests" name="[77] /home/travis/build/icyphy/ptII/ptolemy/domains/de/test/auto/VariableDelayZeroDelay.xml (RunModel)" time="0.011" />
  <testcase classname="ptolemy.util.test.junit.AutoTests" name="[78] /home/travis/build/icyphy/ptII/ptolemy/domains/de/test/auto/VariableDelayZeroDelay2.xml (RunModel)" time="0.008" />
  <testcase classname="ptolemy.util.test.junit.AutoTests" name="[79] /home/travis/build/icyphy/ptII/ptolemy/domains/de/test/auto/deInCt.xml (RunModel)" time="0.015" />
  <testcase classname="ptolemy.util.test.junit.AutoTests" name="[80] /home/travis/build/icyphy/ptII/ptolemy/domains/de/test/auto/deInCt2.xml (RunModel)" time="0.014" />
  <testcase classname="ptolemy.util.test.junit.AutoTests" name="[81] /home/travis/build/icyphy/ptII/ptolemy/domains/de/test/auto/dynamicCausalityInterface1.xml (RunModel)" time="0.016" />
  <testcase classname="ptolemy.util.test.junit.AutoTests" name="[82] /home/travis/build/icyphy/ptII/ptolemy/domains/de/test/auto/fsm_de_test.xml (RunModel)" time="0.019" />
  <testcase classname="ptolemy.util.test.junit.AutoTests" name="[83] /home/travis/build/icyphy/ptII/ptolemy/domains/de/test/auto/functionDependencyReconstruction.xml (RunModel)" time="0.026" />
  <testcase classname="ptolemy.util.test.junit.AutoTests" name="[84] /home/travis/build/icyphy/ptII/ptolemy/domains/de/test/auto/multirate.xml (RunModel)" time="0.012" />
  <testcase classname="ptolemy.util.test.junit.AutoTests" name="[85] /home/travis/build/icyphy/ptII/ptolemy/domains/de/test/auto/multirate2.xml (RunModel)" time="0.015" />
  <testcase classname="ptolemy.util.test.junit.AutoTests" name="[86] /home/travis/build/icyphy/ptII/ptolemy/domains/de/test/auto/realtime.xml (RunModel)" time="10.009" />
  <testcase classname="ptolemy.util.test.junit.AutoTests" name="[87] /home/travis/build/icyphy/ptII/ptolemy/domains/de/test/auto/relationGroup.xml (RunModel)" time="0.009" />
  <testcase classname="ptolemy.util.test.junit.AutoTests" name="[88] /home/travis/build/icyphy/ptII/ptolemy/domains/de/test/auto/relationGroup2.xml (RunModel)" time="0.01" />
  <testcase classname="ptolemy.util.test.junit.AutoTests" name="[89] /home/travis/build/icyphy/ptII/ptolemy/domains/de/test/auto/sortWithOpaquePorts.xml (RunModel)" time="0.014" />
  <testcase classname="ptolemy.util.test.junit.AutoTests" name="[90] /home/travis/build/icyphy/ptII/ptolemy/domains/de/test/auto/transferInputsandOutputs.xml (RunModel)" time="0.019" />
  <testcase classname="ptolemy.util.test.junit.AutoTests" name="[91] /home/travis/build/icyphy/ptII/ptolemy/domains/de/test/auto/triggerType.xml (RunModel)" time="0.011" />
  <system-out><![CDATA[/home/travis/build/icyphy/ptII/ptolemy/domains/de/test/DependencyLoop.tcl
testDefs.tcl: setting time out to 9000 seconds at Sun Jan 05 18:27:26 UTC 2020
66 ms. Memory: 129024K Free: 78788K (61%)
24 ms. Memory: 129024K Free: 61380K (48%)
/home/travis/build/icyphy/ptII/ptolemy/domains/de/test/RunDETestsAsQSS.tcl
Run the DE tests using ptolemy.domains.qss.test.QSSDirectorTest, which extends QSSDirector and prints a message in the constructors.
------------------ testing $PTII/ptolemy/domains/de/test/auto/knownFailedTests/DirectFeedback.xml (Known Failure) 
44 ms. Memory: 129024K Free: 55746K (43%)


==== $PTIIhome/travis/build/icyphy/ptII/ptolemy/domains/de/test/../../../../: Auto Automatic test in file $PTII/ptolemy/domains/de/test/auto/knownFailedTests/DirectFeedback.xml
==== Contents of test case:

	    # FIXME: we should use $relativeFilename here, but it
	    # might have backslashes under Windows, which causes no end
	    # of trouble.
	    createAndExecute $file
	    list {}
	
.... Test generated KNOWN error:
    while executing
ptolemy.kernel.util.IllegalActionException: Test fails in iteration 1.
Value was: 1.0. Should have been: 2.0
  in .DirectFeedback.Test
	at ptolemy.actor.lib.Test.fire(Test.java:268)
	at ptolemy.domains.de.kernel.DEDirector._fire(DEDirector.java:1949)
	at ptolemy.domains.de.kernel.DEDirector.fire(DEDirector.java:502)
	at ptolemy.actor.CompositeActor.fire(CompositeActor.java:455)
	at ptolemy.actor.Manager.iterate(Manager.java:851)
	at ptolemy.actor.Manager.execute(Manager.java:369)
	at ptolemy.actor.Manager.run(Manager.java:1263)
	at ptolemy.actor.Manager$PtolemyRunThread.run(Manager.java:1933)

    while executing
ptolemy.kernel.util.IllegalActionException: Test fails in iteration 1.
Value was: 1.0. Should have been: 2.0
  in .DirectFeedback.Test
    while executing
"java::new ptolemy.moml.MoMLSimpleApplication $file
"
    (procedure "createAndExecute" line 2)
    invoked from within
"createAndExecute $file"
    ("uplevel" body line 5)
    invoked from within
"uplevel $contents_of_test"
------------------ testing $PTII/ptolemy/domains/de/test/auto/knownFailedTests/dependencyLoop.xml (Known Failure) 
24 ms. Memory: 129024K Free: 52674K (41%)


==== $PTIIhome/travis/build/icyphy/ptII/ptolemy/domains/de/test/../../../../: Auto Automatic test in file $PTII/ptolemy/domains/de/test/auto/knownFailedTests/dependencyLoop.xml
==== Contents of test case:

	    # FIXME: we should use $relativeFilename here, but it
	    # might have backslashes under Windows, which causes no end
	    # of trouble.
	    createAndExecute $file
	    list {}
	
.... Test generated KNOWN error:
    while executing
ptolemy.kernel.util.IllegalActionException: Found a zero delay loop containing .dependencyLoop.original
  in .dependencyLoop and .dependencyLoop.original
	at ptolemy.actor.util.CausalityInterfaceForComposites._computeOutputPortDepth(CausalityInterfaceForComposites.java:759)
	at ptolemy.actor.util.CausalityInterfaceForComposites._computeInputDepth(CausalityInterfaceForComposites.java:696)
	at ptolemy.actor.util.CausalityInterfaceForComposites._computeOutputPortDepth(CausalityInterfaceForComposites.java:765)
	at ptolemy.actor.util.CausalityInterfaceForComposites._computeInputDepth(CausalityInterfaceForComposites.java:696)
	at ptolemy.actor.util.CausalityInterfaceForComposites._computeOutputPortDepth(CausalityInterfaceForComposites.java:765)
	at ptolemy.actor.util.CausalityInterfaceForComposites._computeInputDepth(CausalityInterfaceForComposites.java:696)
	at ptolemy.actor.util.CausalityInterfaceForComposites._computeActorDepth(CausalityInterfaceForComposites.java:532)
	at ptolemy.actor.util.CausalityInterfaceForComposites.checkForCycles(CausalityInterfaceForComposites.java:96)
	at ptolemy.domains.de.kernel.DEDirector.preinitialize(DEDirector.java:1338)
	at ptolemy.actor.CompositeActor.preinitialize(CompositeActor.java:1828)
	at ptolemy.actor.Manager.preinitializeAndResolveTypes(Manager.java:1040)
	at ptolemy.actor.Manager.initialize(Manager.java:710)
	at ptolemy.actor.Manager.execute(Manager.java:356)
	at ptolemy.actor.Manager.run(Manager.java:1263)
	at ptolemy.actor.Manager$PtolemyRunThread.run(Manager.java:1933)

    while executing
ptolemy.kernel.util.IllegalActionException: Found a zero delay loop containing .dependencyLoop.original
  in .dependencyLoop and .dependencyLoop.original
    while executing
"java::new ptolemy.moml.MoMLSimpleApplication $file
"
    (procedure "createAndExecute" line 2)
    invoked from within
"createAndExecute $file"
    ("uplevel" body line 5)
    invoked from within
"uplevel $contents_of_test"
------------------ testing $PTII/ptolemy/domains/de/test/auto/knownFailedTests/FSMSource.xml (Known Failure) 
79 ms. Memory: 129024K Free: 110821K (86%)
!!!! Auto was marked as failing, but now passes
------------------ testing $PTII/ptolemy/domains/de/test/auto/knownFailedTests/HierarchicalModel.xml (Known Failure) 
5 ms. Memory: 129024K Free: 93413K (72%)


==== $PTIIhome/travis/build/icyphy/ptII/ptolemy/domains/de/test/../../../../: Auto Automatic test in file $PTII/ptolemy/domains/de/test/auto/knownFailedTests/HierarchicalModel.xml
==== Contents of test case:

	    # FIXME: we should use $relativeFilename here, but it
	    # might have backslashes under Windows, which causes no end
	    # of trouble.
	    createAndExecute $file
	    list {}
	
.... Test generated KNOWN error:
    while executing
ptolemy.kernel.util.IllegalActionException: Found a zero delay loop containing .HierarchicalModel.A
  in .HierarchicalModel and .HierarchicalModel.A
	at ptolemy.actor.util.CausalityInterfaceForComposites._computeOutputPortDepth(CausalityInterfaceForComposites.java:759)
	at ptolemy.actor.util.CausalityInterfaceForComposites._computeInputDepth(CausalityInterfaceForComposites.java:696)
	at ptolemy.actor.util.CausalityInterfaceForComposites._computeOutputPortDepth(CausalityInterfaceForComposites.java:765)
	at ptolemy.actor.util.CausalityInterfaceForComposites._computeInputDepth(CausalityInterfaceForComposites.java:696)
	at ptolemy.actor.util.CausalityInterfaceForComposites._computeOutputPortDepth(CausalityInterfaceForComposites.java:765)
	at ptolemy.actor.util.CausalityInterfaceForComposites._computeInputDepth(CausalityInterfaceForComposites.java:696)
	at ptolemy.actor.util.CausalityInterfaceForComposites._computeActorDepth(CausalityInterfaceForComposites.java:532)
	at ptolemy.actor.util.CausalityInterfaceForComposites.checkForCycles(CausalityInterfaceForComposites.java:96)
	at ptolemy.domains.de.kernel.DEDirector.preinitialize(DEDirector.java:1338)
	at ptolemy.actor.CompositeActor.preinitialize(CompositeActor.java:1828)
	at ptolemy.actor.Manager.preinitializeAndResolveTypes(Manager.java:1040)
	at ptolemy.actor.Manager.initialize(Manager.java:710)
	at ptolemy.actor.Manager.execute(Manager.java:356)
	at ptolemy.actor.Manager.run(Manager.java:1263)
	at ptolemy.actor.Manager$PtolemyRunThread.run(Manager.java:1933)

    while executing
ptolemy.kernel.util.IllegalActionException: Found a zero delay loop containing .HierarchicalModel.A
  in .HierarchicalModel and .HierarchicalModel.A
    while executing
"java::new ptolemy.moml.MoMLSimpleApplication $file
"
    (procedure "createAndExecute" line 2)
    invoked from within
"createAndExecute $file"
    ("uplevel" body line 5)
    invoked from within
"uplevel $contents_of_test"
------------------ testing $PTII/ptolemy/domains/de/test/auto/knownFailedTests/dependencyLoop2.xml (Known Failure) 
4 ms. Memory: 129024K Free: 77312K (60%)


==== $PTIIhome/travis/build/icyphy/ptII/ptolemy/domains/de/test/../../../../: Auto Automatic test in file $PTII/ptolemy/domains/de/test/auto/knownFailedTests/dependencyLoop2.xml
==== Contents of test case:

	    # FIXME: we should use $relativeFilename here, but it
	    # might have backslashes under Windows, which causes no end
	    # of trouble.
	    createAndExecute $file
	    list {}
	
.... Test generated KNOWN error:
    while executing
ptolemy.kernel.util.IllegalActionException: Found a zero delay loop containing .dependencyLoop2.original
  in .dependencyLoop2 and .dependencyLoop2.original
	at ptolemy.actor.util.CausalityInterfaceForComposites._computeOutputPortDepth(CausalityInterfaceForComposites.java:759)
	at ptolemy.actor.util.CausalityInterfaceForComposites._computeInputDepth(CausalityInterfaceForComposites.java:696)
	at ptolemy.actor.util.CausalityInterfaceForComposites._computeOutputPortDepth(CausalityInterfaceForComposites.java:765)
	at ptolemy.actor.util.CausalityInterfaceForComposites._computeInputDepth(CausalityInterfaceForComposites.java:696)
	at ptolemy.actor.util.CausalityInterfaceForComposites._computeOutputPortDepth(CausalityInterfaceForComposites.java:765)
	at ptolemy.actor.util.CausalityInterfaceForComposites._computeInputDepth(CausalityInterfaceForComposites.java:696)
	at ptolemy.actor.util.CausalityInterfaceForComposites._computeActorDepth(CausalityInterfaceForComposites.java:532)
	at ptolemy.actor.util.CausalityInterfaceForComposites.checkForCycles(CausalityInterfaceForComposites.java:96)
	at ptolemy.domains.de.kernel.DEDirector.preinitialize(DEDirector.java:1338)
	at ptolemy.actor.CompositeActor.preinitialize(CompositeActor.java:1828)
	at ptolemy.actor.Manager.preinitializeAndResolveTypes(Manager.java:1040)
	at ptolemy.actor.Manager.initialize(Manager.java:710)
	at ptolemy.actor.Manager.execute(Manager.java:356)
	at ptolemy.actor.Manager.run(Manager.java:1263)
	at ptolemy.actor.Manager$PtolemyRunThread.run(Manager.java:1933)

    while executing
ptolemy.kernel.util.IllegalActionException: Found a zero delay loop containing .dependencyLoop2.original
  in .dependencyLoop2 and .dependencyLoop2.original
    while executing
"java::new ptolemy.moml.MoMLSimpleApplication $file
"
    (procedure "createAndExecute" line 2)
    invoked from within
"createAndExecute $file"
    ("uplevel" body line 5)
    invoked from within
"uplevel $contents_of_test"
------------------ testing $PTII/ptolemy/domains/de/test/auto/knownFailedTests/DESDFClockTest.xml (Known Failure) 
2067 ms. Memory: 129024K Free: 107367K (83%)


==== $PTIIhome/travis/build/icyphy/ptII/ptolemy/domains/de/test/../../../../: Auto Automatic test in file $PTII/ptolemy/domains/de/test/auto/knownFailedTests/DESDFClockTest.xml
==== Contents of test case:

	    # FIXME: we should use $relativeFilename here, but it
	    # might have backslashes under Windows, which causes no end
	    # of trouble.
	    createAndExecute $file
	    list {}
	
.... Test generated KNOWN error:
    while executing
ptolemy.kernel.util.IllegalActionException: Actor is not ready to fire.  Perhaps UpSample.prefire() returned false? Try debugging the actor by selecting "Listen to Actor".  Also, for SDF check moml for tokenConsumptionRate on input.
  in .DESDFClockTest.Play Bell.Copy1:SDF Director and .DESDFClockTest.Play Bell.UpSample
	at ptolemy.actor.sched.StaticSchedulingDirector.fire(StaticSchedulingDirector.java:227)
	at ptolemy.domains.sdf.kernel.SDFDirector.fire(SDFDirector.java:500)
	at ptolemy.actor.CompositeActor.fire(CompositeActor.java:455)
	at ptolemy.domains.de.kernel.DEDirector._fire(DEDirector.java:1949)
	at ptolemy.domains.de.kernel.DEDirector.fire(DEDirector.java:502)
	at ptolemy.actor.CompositeActor.fire(CompositeActor.java:455)
	at ptolemy.actor.Manager.iterate(Manager.java:851)
	at ptolemy.actor.Manager.execute(Manager.java:369)
	at ptolemy.actor.Manager.run(Manager.java:1263)
	at ptolemy.actor.Manager$PtolemyRunThread.run(Manager.java:1933)

    while executing
ptolemy.kernel.util.IllegalActionException: Actor is not ready to fire.  Perhaps UpSample.prefire() returned false? Try debugging the actor by selecting "Listen to Actor".  Also, for SDF check moml for tokenConsumptionRate on input.
  in .DESDFClockTest.Play Bell.Copy1:SDF Director and .DESDFClockTest.Play Bell.UpSample
    while executing
"java::new ptolemy.moml.MoMLSimpleApplication $file
"
    (procedure "createAndExecute" line 2)
    invoked from within
"createAndExecute $file"
    ("uplevel" body line 5)
    invoked from within
"uplevel $contents_of_test"
------------------ testing $PTII/ptolemy/domains/de/test/auto/ActorDepthCalculation_actorWithoutPorts.xml
auto.tcl: Setting watchdog for 200 seconds at Sun Jan 05 18:27:30 UTC 2020
5 ms. Memory: 129024K Free: 100199K (78%)
ptolemy.util.test.WatchDog.cancel(): canceling Sun Jan 05 18:27:30 UTC 2020
auto.tcl: Setting watchdog for 200 seconds at Sun Jan 05 18:27:30 UTC 2020
5 ms. Memory: 129024K Free: 98647K (76%)
ptolemy.util.test.WatchDog.cancel(): canceling Sun Jan 05 18:27:30 UTC 2020
------------------ testing $PTII/ptolemy/domains/de/test/auto/AssemblyLine.xml
auto.tcl: Setting watchdog for 200 seconds at Sun Jan 05 18:27:31 UTC 2020
8 ms. Memory: 51200K Free: 28016K (55%)
ptolemy.util.test.WatchDog.cancel(): canceling Sun Jan 05 18:27:31 UTC 2020
auto.tcl: Setting watchdog for 200 seconds at Sun Jan 05 18:27:31 UTC 2020
7 ms. Memory: 51200K Free: 27322K (53%)
ptolemy.util.test.WatchDog.cancel(): canceling Sun Jan 05 18:27:31 UTC 2020
------------------ testing $PTII/ptolemy/domains/de/test/auto/CQBug1.xml
auto.tcl: Setting watchdog for 200 seconds at Sun Jan 05 18:27:31 UTC 2020
3 ms. Memory: 51200K Free: 33593K (66%)
ptolemy.util.test.WatchDog.cancel(): canceling Sun Jan 05 18:27:31 UTC 2020
auto.tcl: Setting watchdog for 200 seconds at Sun Jan 05 18:27:31 UTC 2020
4 ms. Memory: 51200K Free: 33160K (65%)
ptolemy.util.test.WatchDog.cancel(): canceling Sun Jan 05 18:27:31 UTC 2020
------------------ testing $PTII/ptolemy/domains/de/test/auto/CancelFireAt.xml
auto.tcl: Setting watchdog for 200 seconds at Sun Jan 05 18:27:31 UTC 2020
4 ms. Memory: 51200K Free: 34723K (68%)
ptolemy.util.test.WatchDog.cancel(): canceling Sun Jan 05 18:27:31 UTC 2020
auto.tcl: Setting watchdog for 200 seconds at Sun Jan 05 18:27:31 UTC 2020
2 ms. Memory: 51200K Free: 34290K (67%)
ptolemy.util.test.WatchDog.cancel(): canceling Sun Jan 05 18:27:31 UTC 2020
------------------ testing $PTII/ptolemy/domains/de/test/auto/CausalityAndComposabilityAnalysis.xml
auto.tcl: Setting watchdog for 200 seconds at Sun Jan 05 18:27:31 UTC 2020
11 ms. Memory: 51200K Free: 32493K (63%)
ptolemy.util.test.WatchDog.cancel(): canceling Sun Jan 05 18:27:31 UTC 2020
auto.tcl: Setting watchdog for 200 seconds at Sun Jan 05 18:27:31 UTC 2020
6 ms. Memory: 51200K Free: 32060K (63%)
ptolemy.util.test.WatchDog.cancel(): canceling Sun Jan 05 18:27:31 UTC 2020
------------------ testing $PTII/ptolemy/domains/de/test/auto/CausalityInterface1.xml
auto.tcl: Setting watchdog for 200 seconds at Sun Jan 05 18:27:31 UTC 2020
17 ms. Memory: 48128K Free: 28129K (58%)
ptolemy.util.test.WatchDog.cancel(): canceling Sun Jan 05 18:27:31 UTC 2020
auto.tcl: Setting watchdog for 200 seconds at Sun Jan 05 18:27:31 UTC 2020
7 ms. Memory: 48128K Free: 27367K (57%)
ptolemy.util.test.WatchDog.cancel(): canceling Sun Jan 05 18:27:31 UTC 2020
------------------ testing $PTII/ptolemy/domains/de/test/auto/CausalityInterface15.xml
auto.tcl: Setting watchdog for 200 seconds at Sun Jan 05 18:27:31 UTC 2020
6 ms. Memory: 48128K Free: 28293K (59%)
ptolemy.util.test.WatchDog.cancel(): canceling Sun Jan 05 18:27:31 UTC 2020
auto.tcl: Setting watchdog for 200 seconds at Sun Jan 05 18:27:31 UTC 2020
4 ms. Memory: 48128K Free: 27347K (57%)
ptolemy.util.test.WatchDog.cancel(): canceling Sun Jan 05 18:27:31 UTC 2020
------------------ testing $PTII/ptolemy/domains/de/test/auto/CausalityInterface2.xml
auto.tcl: Setting watchdog for 200 seconds at Sun Jan 05 18:27:31 UTC 2020
6 ms. Memory: 48128K Free: 29247K (61%)
ptolemy.util.test.WatchDog.cancel(): canceling Sun Jan 05 18:27:31 UTC 2020
auto.tcl: Setting watchdog for 200 seconds at Sun Jan 05 18:27:31 UTC 2020
3 ms. Memory: 48128K Free: 28335K (59%)
ptolemy.util.test.WatchDog.cancel(): canceling Sun Jan 05 18:27:31 UTC 2020
------------------ testing $PTII/ptolemy/domains/de/test/auto/CausalityInterface3.xml
auto.tcl: Setting watchdog for 200 seconds at Sun Jan 05 18:27:31 UTC 2020
5 ms. Memory: 48128K Free: 28547K (59%)
ptolemy.util.test.WatchDog.cancel(): canceling Sun Jan 05 18:27:31 UTC 2020
auto.tcl: Setting watchdog for 200 seconds at Sun Jan 05 18:27:31 UTC 2020
3 ms. Memory: 48128K Free: 27761K (58%)
ptolemy.util.test.WatchDog.cancel(): canceling Sun Jan 05 18:27:32 UTC 2020
------------------ testing $PTII/ptolemy/domains/de/test/auto/ClockDrift.xml
auto.tcl: Setting watchdog for 200 seconds at Sun Jan 05 18:27:32 UTC 2020
90 ms. Memory: 48128K Free: 21152K (44%)
ptolemy.util.test.WatchDog.cancel(): canceling Sun Jan 05 18:27:32 UTC 2020
auto.tcl: Setting watchdog for 200 seconds at Sun Jan 05 18:27:32 UTC 2020
63 ms. Memory: 48128K Free: 18134K (38%)
ptolemy.util.test.WatchDog.cancel(): canceling Sun Jan 05 18:27:32 UTC 2020
------------------ testing $PTII/ptolemy/domains/de/test/auto/ClockDriftAndValueChange.xml
auto.tcl: Setting watchdog for 200 seconds at Sun Jan 05 18:27:32 UTC 2020
36 ms. Memory: 48128K Free: 21224K (44%)
ptolemy.util.test.WatchDog.cancel(): canceling Sun Jan 05 18:27:32 UTC 2020
auto.tcl: Setting watchdog for 200 seconds at Sun Jan 05 18:27:32 UTC 2020
24 ms. Memory: 48128K Free: 18379K (38%)
ptolemy.util.test.WatchDog.cancel(): canceling Sun Jan 05 18:27:32 UTC 2020
------------------ testing $PTII/ptolemy/domains/de/test/auto/ClockDriftChange.xml
auto.tcl: Setting watchdog for 200 seconds at Sun Jan 05 18:27:32 UTC 2020
19 ms. Memory: 48128K Free: 23272K (48%)
ptolemy.util.test.WatchDog.cancel(): canceling Sun Jan 05 18:27:32 UTC 2020
auto.tcl: Setting watchdog for 200 seconds at Sun Jan 05 18:27:32 UTC 2020
26 ms. Memory: 48128K Free: 20715K (43%)
ptolemy.util.test.WatchDog.cancel(): canceling Sun Jan 05 18:27:32 UTC 2020
------------------ testing $PTII/ptolemy/domains/de/test/auto/ComposableCausalityAnalysis.xml
auto.tcl: Setting watchdog for 200 seconds at Sun Jan 05 18:27:32 UTC 2020
2 ms. Memory: 48128K Free: 27830K (58%)
ptolemy.util.test.WatchDog.cancel(): canceling Sun Jan 05 18:27:32 UTC 2020
auto.tcl: Setting watchdog for 200 seconds at Sun Jan 05 18:27:32 UTC 2020
4 ms. Memory: 48128K Free: 26610K (55%)
ptolemy.util.test.WatchDog.cancel(): canceling Sun Jan 05 18:27:32 UTC 2020
------------------ testing $PTII/ptolemy/domains/de/test/auto/DEFixedPointLimitation.xml
auto.tcl: Setting watchdog for 200 seconds at Sun Jan 05 18:27:32 UTC 2020
3 ms. Memory: 48128K Free: 29246K (61%)
ptolemy.util.test.WatchDog.cancel(): canceling Sun Jan 05 18:27:32 UTC 2020
auto.tcl: Setting watchdog for 200 seconds at Sun Jan 05 18:27:32 UTC 2020
2 ms. Memory: 48128K Free: 28364K (59%)
ptolemy.util.test.WatchDog.cancel(): canceling Sun Jan 05 18:27:32 UTC 2020
------------------ testing $PTII/ptolemy/domains/de/test/auto/DEScheduleTest.xml
auto.tcl: Setting watchdog for 200 seconds at Sun Jan 05 18:27:32 UTC 2020
7 ms. Memory: 48128K Free: 29497K (61%)
ptolemy.util.test.WatchDog.cancel(): canceling Sun Jan 05 18:27:32 UTC 2020
auto.tcl: Setting watchdog for 200 seconds at Sun Jan 05 18:27:32 UTC 2020
3 ms. Memory: 48128K Free: 28771K (60%)
ptolemy.util.test.WatchDog.cancel(): canceling Sun Jan 05 18:27:32 UTC 2020
------------------ testing $PTII/ptolemy/domains/de/test/auto/DEinDEwithStartTimes.xml
auto.tcl: Setting watchdog for 200 seconds at Sun Jan 05 18:27:32 UTC 2020
9 ms. Memory: 48128K Free: 27716K (58%)
ptolemy.util.test.WatchDog.cancel(): canceling Sun Jan 05 18:27:32 UTC 2020
auto.tcl: Setting watchdog for 200 seconds at Sun Jan 05 18:27:32 UTC 2020
3 ms. Memory: 48128K Free: 26309K (55%)
ptolemy.util.test.WatchDog.cancel(): canceling Sun Jan 05 18:27:32 UTC 2020
------------------ testing $PTII/ptolemy/domains/de/test/auto/DEinDEwithStartTimes2.xml
auto.tcl: Setting watchdog for 200 seconds at Sun Jan 05 18:27:32 UTC 2020
8 ms. Memory: 48128K Free: 26952K (56%)
ptolemy.util.test.WatchDog.cancel(): canceling Sun Jan 05 18:27:32 UTC 2020
auto.tcl: Setting watchdog for 200 seconds at Sun Jan 05 18:27:32 UTC 2020
4 ms. Memory: 48128K Free: 25629K (53%)
ptolemy.util.test.WatchDog.cancel(): canceling Sun Jan 05 18:27:32 UTC 2020
------------------ testing $PTII/ptolemy/domains/de/test/auto/DateDemo.xml
auto.tcl: Setting watchdog for 200 seconds at Sun Jan 05 18:27:32 UTC 2020
22 ms. Memory: 48128K Free: 21281K (44%)
ptolemy.util.test.WatchDog.cancel(): canceling Sun Jan 05 18:27:33 UTC 2020
auto.tcl: Setting watchdog for 200 seconds at Sun Jan 05 18:27:33 UTC 2020
8 ms. Memory: 48128K Free: 19694K (41%)
ptolemy.util.test.WatchDog.cancel(): canceling Sun Jan 05 18:27:33 UTC 2020
------------------ testing $PTII/ptolemy/domains/de/test/auto/DateToEvent.xml
auto.tcl: Setting watchdog for 200 seconds at Sun Jan 05 18:27:33 UTC 2020
2018 ms. Memory: 48128K Free: 16965K (35%)
ptolemy.util.test.WatchDog.cancel(): canceling Sun Jan 05 18:27:35 UTC 2020
auto.tcl: Setting watchdog for 200 seconds at Sun Jan 05 18:27:35 UTC 2020
2006 ms. Memory: 48128K Free: 16222K (34%)
ptolemy.util.test.WatchDog.cancel(): canceling Sun Jan 05 18:27:37 UTC 2020
------------------ testing $PTII/ptolemy/domains/de/test/auto/DepthTest1.xml
auto.tcl: Setting watchdog for 200 seconds at Sun Jan 05 18:27:37 UTC 2020
3 ms. Memory: 48128K Free: 30139K (63%)
ptolemy.util.test.WatchDog.cancel(): canceling Sun Jan 05 18:27:37 UTC 2020
auto.tcl: Setting watchdog for 200 seconds at Sun Jan 05 18:27:37 UTC 2020
2 ms. Memory: 48128K Free: 29630K (62%)
ptolemy.util.test.WatchDog.cancel(): canceling Sun Jan 05 18:27:37 UTC 2020
------------------ testing $PTII/ptolemy/domains/de/test/auto/DepthTest2.xml
auto.tcl: Setting watchdog for 200 seconds at Sun Jan 05 18:27:37 UTC 2020
3 ms. Memory: 48128K Free: 26871K (56%)
ptolemy.util.test.WatchDog.cancel(): canceling Sun Jan 05 18:27:37 UTC 2020
auto.tcl: Setting watchdog for 200 seconds at Sun Jan 05 18:27:37 UTC 2020
2 ms. Memory: 48128K Free: 26491K (55%)
ptolemy.util.test.WatchDog.cancel(): canceling Sun Jan 05 18:27:37 UTC 2020
------------------ testing $PTII/ptolemy/domains/de/test/auto/DepthTest3.xml
auto.tcl: Setting watchdog for 200 seconds at Sun Jan 05 18:27:37 UTC 2020
2 ms. Memory: 48128K Free: 30347K (63%)
ptolemy.util.test.WatchDog.cancel(): canceling Sun Jan 05 18:27:37 UTC 2020
auto.tcl: Setting watchdog for 200 seconds at Sun Jan 05 18:27:37 UTC 2020
2 ms. Memory: 48128K Free: 29936K (62%)
ptolemy.util.test.WatchDog.cancel(): canceling Sun Jan 05 18:27:37 UTC 2020
------------------ testing $PTII/ptolemy/domains/de/test/auto/DepthTest4.xml
auto.tcl: Setting watchdog for 200 seconds at Sun Jan 05 18:27:37 UTC 2020
4 ms. Memory: 48128K Free: 28705K (60%)
ptolemy.util.test.WatchDog.cancel(): canceling Sun Jan 05 18:27:37 UTC 2020
auto.tcl: Setting watchdog for 200 seconds at Sun Jan 05 18:27:37 UTC 2020
2 ms. Memory: 48128K Free: 27971K (58%)
ptolemy.util.test.WatchDog.cancel(): canceling Sun Jan 05 18:27:37 UTC 2020
------------------ testing $PTII/ptolemy/domains/de/test/auto/DepthTest5.xml
auto.tcl: Setting watchdog for 200 seconds at Sun Jan 05 18:27:37 UTC 2020
3 ms. Memory: 48128K Free: 27858K (58%)
ptolemy.util.test.WatchDog.cancel(): canceling Sun Jan 05 18:27:37 UTC 2020
auto.tcl: Setting watchdog for 200 seconds at Sun Jan 05 18:27:37 UTC 2020
2 ms. Memory: 48128K Free: 27479K (57%)
ptolemy.util.test.WatchDog.cancel(): canceling Sun Jan 05 18:27:37 UTC 2020
------------------ testing $PTII/ptolemy/domains/de/test/auto/DepthTest6.xml
auto.tcl: Setting watchdog for 200 seconds at Sun Jan 05 18:27:37 UTC 2020
3 ms. Memory: 48128K Free: 27835K (58%)
ptolemy.util.test.WatchDog.cancel(): canceling Sun Jan 05 18:27:37 UTC 2020
auto.tcl: Setting watchdog for 200 seconds at Sun Jan 05 18:27:37 UTC 2020
2 ms. Memory: 48128K Free: 27432K (57%)
ptolemy.util.test.WatchDog.cancel(): canceling Sun Jan 05 18:27:37 UTC 2020
------------------ testing $PTII/ptolemy/domains/de/test/auto/DepthTest7.xml
auto.tcl: Setting watchdog for 200 seconds at Sun Jan 05 18:27:37 UTC 2020
3 ms. Memory: 48128K Free: 28629K (59%)
ptolemy.util.test.WatchDog.cancel(): canceling Sun Jan 05 18:27:37 UTC 2020
auto.tcl: Setting watchdog for 200 seconds at Sun Jan 05 18:27:37 UTC 2020
3 ms. Memory: 48128K Free: 27888K (58%)
ptolemy.util.test.WatchDog.cancel(): canceling Sun Jan 05 18:27:37 UTC 2020
------------------ testing $PTII/ptolemy/domains/de/test/auto/EventToDate.xml
auto.tcl: Setting watchdog for 200 seconds at Sun Jan 05 18:27:37 UTC 2020
3010 ms. Memory: 48128K Free: 19436K (40%)
ptolemy.util.test.WatchDog.cancel(): canceling Sun Jan 05 18:27:40 UTC 2020
auto.tcl: Setting watchdog for 200 seconds at Sun Jan 05 18:27:40 UTC 2020
3004 ms. Memory: 48128K Free: 18731K (39%)
ptolemy.util.test.WatchDog.cancel(): canceling Sun Jan 05 18:27:43 UTC 2020
------------------ testing $PTII/ptolemy/domains/de/test/auto/FSM1.xml
auto.tcl: Setting watchdog for 200 seconds at Sun Jan 05 18:27:43 UTC 2020
22 ms. Memory: 48128K Free: 20633K (43%)
ptolemy.util.test.WatchDog.cancel(): canceling Sun Jan 05 18:27:43 UTC 2020
auto.tcl: Setting watchdog for 200 seconds at Sun Jan 05 18:27:43 UTC 2020
18 ms. Memory: 48128K Free: 17406K (36%)
ptolemy.util.test.WatchDog.cancel(): canceling Sun Jan 05 18:27:43 UTC 2020
------------------ testing $PTII/ptolemy/domains/de/test/auto/FSM7.xml
auto.tcl: Setting watchdog for 200 seconds at Sun Jan 05 18:27:43 UTC 2020
23 ms. Memory: 48128K Free: 20373K (42%)
ptolemy.util.test.WatchDog.cancel(): canceling Sun Jan 05 18:27:43 UTC 2020
auto.tcl: Setting watchdog for 200 seconds at Sun Jan 05 18:27:43 UTC 2020
25 ms. Memory: 48128K Free: 17197K (36%)
ptolemy.util.test.WatchDog.cancel(): canceling Sun Jan 05 18:27:44 UTC 2020
------------------ testing $PTII/ptolemy/domains/de/test/auto/Inspection.xml
auto.tcl: Setting watchdog for 200 seconds at Sun Jan 05 18:27:44 UTC 2020
23 ms. Memory: 48128K Free: 20361K (42%)
ptolemy.util.test.WatchDog.cancel(): canceling Sun Jan 05 18:27:44 UTC 2020
auto.tcl: Setting watchdog for 200 seconds at Sun Jan 05 18:27:44 UTC 2020
27 ms. Memory: 48128K Free: 18624K (39%)
ptolemy.util.test.WatchDog.cancel(): canceling Sun Jan 05 18:27:44 UTC 2020
------------------ testing $PTII/ptolemy/domains/de/test/auto/Iteration.xml
auto.tcl: Setting watchdog for 200 seconds at Sun Jan 05 18:27:44 UTC 2020
11 ms. Memory: 48128K Free: 26116K (54%)
ptolemy.util.test.WatchDog.cancel(): canceling Sun Jan 05 18:27:44 UTC 2020
auto.tcl: Setting watchdog for 200 seconds at Sun Jan 05 18:27:44 UTC 2020
7 ms. Memory: 48128K Free: 24680K (51%)
ptolemy.util.test.WatchDog.cancel(): canceling Sun Jan 05 18:27:44 UTC 2020
------------------ testing $PTII/ptolemy/domains/de/test/auto/LineFault.xml
auto.tcl: Setting watchdog for 200 seconds at Sun Jan 05 18:27:44 UTC 2020
526 ms. Memory: 48128K Free: 20339K (42%)
ptolemy.util.test.WatchDog.cancel(): canceling Sun Jan 05 18:27:45 UTC 2020
auto.tcl: Setting watchdog for 200 seconds at Sun Jan 05 18:27:45 UTC 2020
506 ms. Memory: 58368K Free: 39216K (67%)
ptolemy.util.test.WatchDog.cancel(): canceling Sun Jan 05 18:27:45 UTC 2020
------------------ testing $PTII/ptolemy/domains/de/test/auto/MergeModel1Add.xml
auto.tcl: Setting watchdog for 200 seconds at Sun Jan 05 18:27:45 UTC 2020
15 ms. Memory: 55296K Free: 19236K (35%)
ptolemy.util.test.WatchDog.cancel(): canceling Sun Jan 05 18:27:45 UTC 2020
auto.tcl: Setting watchdog for 200 seconds at Sun Jan 05 18:27:45 UTC 2020
9 ms. Memory: 55296K Free: 17591K (32%)
ptolemy.util.test.WatchDog.cancel(): canceling Sun Jan 05 18:27:45 UTC 2020
------------------ testing $PTII/ptolemy/domains/de/test/auto/MergeModel2Add.xml
auto.tcl: Setting watchdog for 200 seconds at Sun Jan 05 18:27:45 UTC 2020
12 ms. Memory: 55296K Free: 21032K (38%)
ptolemy.util.test.WatchDog.cancel(): canceling Sun Jan 05 18:27:45 UTC 2020
auto.tcl: Setting watchdog for 200 seconds at Sun Jan 05 18:27:45 UTC 2020
11 ms. Memory: 55296K Free: 19315K (35%)
ptolemy.util.test.WatchDog.cancel(): canceling Sun Jan 05 18:27:45 UTC 2020
------------------ testing $PTII/ptolemy/domains/de/test/auto/MergeModel3Add.xml
auto.tcl: Setting watchdog for 200 seconds at Sun Jan 05 18:27:45 UTC 2020
9 ms. Memory: 51200K Free: 17205K (34%)
ptolemy.util.test.WatchDog.cancel(): canceling Sun Jan 05 18:27:45 UTC 2020
auto.tcl: Setting watchdog for 200 seconds at Sun Jan 05 18:27:45 UTC 2020
8 ms. Memory: 51200K Free: 15668K (31%)
ptolemy.util.test.WatchDog.cancel(): canceling Sun Jan 05 18:27:45 UTC 2020
------------------ testing $PTII/ptolemy/domains/de/test/auto/MergeWithoutDiscard.xml
auto.tcl: Setting watchdog for 200 seconds at Sun Jan 05 18:27:46 UTC 2020
2 ms. Memory: 51200K Free: 31577K (62%)
ptolemy.util.test.WatchDog.cancel(): canceling Sun Jan 05 18:27:46 UTC 2020
auto.tcl: Setting watchdog for 200 seconds at Sun Jan 05 18:27:46 UTC 2020
1 ms. Memory: 51200K Free: 31144K (61%)
ptolemy.util.test.WatchDog.cancel(): canceling Sun Jan 05 18:27:46 UTC 2020
------------------ testing $PTII/ptolemy/domains/de/test/auto/Modal1.xml
auto.tcl: Setting watchdog for 200 seconds at Sun Jan 05 18:27:46 UTC 2020
17 ms. Memory: 51200K Free: 23681K (46%)
ptolemy.util.test.WatchDog.cancel(): canceling Sun Jan 05 18:27:46 UTC 2020
auto.tcl: Setting watchdog for 200 seconds at Sun Jan 05 18:27:46 UTC 2020
12 ms. Memory: 51200K Free: 20238K (40%)
ptolemy.util.test.WatchDog.cancel(): canceling Sun Jan 05 18:27:46 UTC 2020
------------------ testing $PTII/ptolemy/domains/de/test/auto/Modal2.xml
auto.tcl: Setting watchdog for 200 seconds at Sun Jan 05 18:27:46 UTC 2020
17 ms. Memory: 51200K Free: 23808K (47%)
ptolemy.util.test.WatchDog.cancel(): canceling Sun Jan 05 18:27:46 UTC 2020
auto.tcl: Setting watchdog for 200 seconds at Sun Jan 05 18:27:46 UTC 2020
13 ms. Memory: 51200K Free: 20576K (40%)
ptolemy.util.test.WatchDog.cancel(): canceling Sun Jan 05 18:27:46 UTC 2020
------------------ testing $PTII/ptolemy/domains/de/test/auto/Modal3.xml
auto.tcl: Setting watchdog for 200 seconds at Sun Jan 05 18:27:46 UTC 2020
17 ms. Memory: 51200K Free: 23319K (46%)
ptolemy.util.test.WatchDog.cancel(): canceling Sun Jan 05 18:27:46 UTC 2020
auto.tcl: Setting watchdog for 200 seconds at Sun Jan 05 18:27:46 UTC 2020
18 ms. Memory: 51200K Free: 20170K (39%)
ptolemy.util.test.WatchDog.cancel(): canceling Sun Jan 05 18:27:46 UTC 2020
------------------ testing $PTII/ptolemy/domains/de/test/auto/Modal4.xml
auto.tcl: Setting watchdog for 200 seconds at Sun Jan 05 18:27:46 UTC 2020
33 ms. Memory: 51200K Free: 22749K (44%)
ptolemy.util.test.WatchDog.cancel(): canceling Sun Jan 05 18:27:46 UTC 2020
auto.tcl: Setting watchdog for 200 seconds at Sun Jan 05 18:27:46 UTC 2020
21 ms. Memory: 51200K Free: 18920K (37%)
ptolemy.util.test.WatchDog.cancel(): canceling Sun Jan 05 18:27:46 UTC 2020
------------------ testing $PTII/ptolemy/domains/de/test/auto/Modal5.xml
auto.tcl: Setting watchdog for 200 seconds at Sun Jan 05 18:27:46 UTC 2020
12 ms. Memory: 51200K Free: 22727K (44%)
ptolemy.util.test.WatchDog.cancel(): canceling Sun Jan 05 18:27:46 UTC 2020
auto.tcl: Setting watchdog for 200 seconds at Sun Jan 05 18:27:46 UTC 2020
13 ms. Memory: 51200K Free: 18907K (37%)
ptolemy.util.test.WatchDog.cancel(): canceling Sun Jan 05 18:27:46 UTC 2020
------------------ testing $PTII/ptolemy/domains/de/test/auto/Modal6.xml
auto.tcl: Setting watchdog for 200 seconds at Sun Jan 05 18:27:46 UTC 2020
16 ms. Memory: 51200K Free: 23552K (46%)
ptolemy.util.test.WatchDog.cancel(): canceling Sun Jan 05 18:27:46 UTC 2020
auto.tcl: Setting watchdog for 200 seconds at Sun Jan 05 18:27:46 UTC 2020
17 ms. Memory: 51200K Free: 19537K (38%)
ptolemy.util.test.WatchDog.cancel(): canceling Sun Jan 05 18:27:46 UTC 2020
------------------ testing $PTII/ptolemy/domains/de/test/auto/Modal7.xml
auto.tcl: Setting watchdog for 200 seconds at Sun Jan 05 18:27:46 UTC 2020
14 ms. Memory: 51200K Free: 22491K (44%)
ptolemy.util.test.WatchDog.cancel(): canceling Sun Jan 05 18:27:46 UTC 2020
auto.tcl: Setting watchdog for 200 seconds at Sun Jan 05 18:27:46 UTC 2020
13 ms. Memory: 51200K Free: 18906K (37%)
ptolemy.util.test.WatchDog.cancel(): canceling Sun Jan 05 18:27:46 UTC 2020
------------------ testing $PTII/ptolemy/domains/de/test/auto/ModalModel.xml
auto.tcl: Setting watchdog for 200 seconds at Sun Jan 05 18:27:46 UTC 2020
206 ms. Memory: 51200K Free: 12913K (25%)
ptolemy.util.test.WatchDog.cancel(): canceling Sun Jan 05 18:27:47 UTC 2020
auto.tcl: Setting watchdog for 200 seconds at Sun Jan 05 18:27:47 UTC 2020
209 ms. Memory: 61440K Free: 18611K (30%)
ptolemy.util.test.WatchDog.cancel(): canceling Sun Jan 05 18:27:47 UTC 2020
------------------ testing $PTII/ptolemy/domains/de/test/auto/ModalSource.xml
auto.tcl: Setting watchdog for 200 seconds at Sun Jan 05 18:27:47 UTC 2020
11 ms. Memory: 55296K Free: 31676K (57%)
ptolemy.util.test.WatchDog.cancel(): canceling Sun Jan 05 18:27:47 UTC 2020
auto.tcl: Setting watchdog for 200 seconds at Sun Jan 05 18:27:47 UTC 2020
7 ms. Memory: 55296K Free: 29628K (54%)
ptolemy.util.test.WatchDog.cancel(): canceling Sun Jan 05 18:27:47 UTC 2020
------------------ testing $PTII/ptolemy/domains/de/test/auto/NonInterruptibleTimerZeroDelay.xml
auto.tcl: Setting watchdog for 200 seconds at Sun Jan 05 18:27:47 UTC 2020
3 ms. Memory: 51200K Free: 32546K (64%)
ptolemy.util.test.WatchDog.cancel(): canceling Sun Jan 05 18:27:47 UTC 2020
auto.tcl: Setting watchdog for 200 seconds at Sun Jan 05 18:27:47 UTC 2020
2 ms. Memory: 51200K Free: 31861K (62%)
ptolemy.util.test.WatchDog.cancel(): canceling Sun Jan 05 18:27:47 UTC 2020
------------------ testing $PTII/ptolemy/domains/de/test/auto/OpenQueueingNetwork.xml
auto.tcl: Setting watchdog for 200 seconds at Sun Jan 05 18:27:47 UTC 2020
2739 ms. Memory: 108544K Free: 58216K (54%)
ptolemy.util.test.WatchDog.cancel(): canceling Sun Jan 05 18:27:50 UTC 2020
auto.tcl: Setting watchdog for 200 seconds at Sun Jan 05 18:27:50 UTC 2020
2408 ms. Memory: 131072K Free: 103770K (79%)
ptolemy.util.test.WatchDog.cancel(): canceling Sun Jan 05 18:27:52 UTC 2020
------------------ testing $PTII/ptolemy/domains/de/test/auto/OpenQueuingNetwork.xml
auto.tcl: Setting watchdog for 200 seconds at Sun Jan 05 18:27:52 UTC 2020
217 ms. Memory: 58368K Free: 31739K (54%)
ptolemy.util.test.WatchDog.cancel(): canceling Sun Jan 05 18:27:53 UTC 2020
auto.tcl: Setting watchdog for 200 seconds at Sun Jan 05 18:27:53 UTC 2020
210 ms. Memory: 58368K Free: 12639K (22%)
ptolemy.util.test.WatchDog.cancel(): canceling Sun Jan 05 18:27:53 UTC 2020
------------------ testing $PTII/ptolemy/domains/de/test/auto/PeriodicSampler.xml
auto.tcl: Setting watchdog for 200 seconds at Sun Jan 05 18:27:53 UTC 2020
3 ms. Memory: 58368K Free: 38882K (67%)
ptolemy.util.test.WatchDog.cancel(): canceling Sun Jan 05 18:27:53 UTC 2020
auto.tcl: Setting watchdog for 200 seconds at Sun Jan 05 18:27:53 UTC 2020
2 ms. Memory: 58368K Free: 38368K (66%)
ptolemy.util.test.WatchDog.cancel(): canceling Sun Jan 05 18:27:53 UTC 2020
------------------ testing $PTII/ptolemy/domains/de/test/auto/PersistentIO.xml
auto.tcl: Setting watchdog for 200 seconds at Sun Jan 05 18:27:53 UTC 2020
11 ms. Memory: 51200K Free: 26639K (52%)
ptolemy.util.test.WatchDog.cancel(): canceling Sun Jan 05 18:27:53 UTC 2020
auto.tcl: Setting watchdog for 200 seconds at Sun Jan 05 18:27:53 UTC 2020
4 ms. Memory: 51200K Free: 25119K (49%)
ptolemy.util.test.WatchDog.cancel(): canceling Sun Jan 05 18:27:53 UTC 2020
------------------ testing $PTII/ptolemy/domains/de/test/auto/PortParameterResetOnInitialize.xml
auto.tcl: Setting watchdog for 200 seconds at Sun Jan 05 18:27:53 UTC 2020
8 ms. Memory: 51200K Free: 31634K (62%)
ptolemy.util.test.WatchDog.cancel(): canceling Sun Jan 05 18:27:53 UTC 2020
auto.tcl: Setting watchdog for 200 seconds at Sun Jan 05 18:27:53 UTC 2020
2 ms. Memory: 51200K Free: 31127K (61%)
ptolemy.util.test.WatchDog.cancel(): canceling Sun Jan 05 18:27:53 UTC 2020
------------------ testing $PTII/ptolemy/domains/de/test/auto/PortParameterUpdates.xml
auto.tcl: Setting watchdog for 200 seconds at Sun Jan 05 18:27:53 UTC 2020
4 ms. Memory: 51200K Free: 29921K (58%)
ptolemy.util.test.WatchDog.cancel(): canceling Sun Jan 05 18:27:53 UTC 2020
auto.tcl: Setting watchdog for 200 seconds at Sun Jan 05 18:27:53 UTC 2020
4 ms. Memory: 51200K Free: 28696K (56%)
ptolemy.util.test.WatchDog.cancel(): canceling Sun Jan 05 18:27:53 UTC 2020
------------------ testing $PTII/ptolemy/domains/de/test/auto/QueueAndServer.xml
auto.tcl: Setting watchdog for 200 seconds at Sun Jan 05 18:27:53 UTC 2020
5 ms. Memory: 51200K Free: 28875K (56%)
ptolemy.util.test.WatchDog.cancel(): canceling Sun Jan 05 18:27:53 UTC 2020
auto.tcl: Setting watchdog for 200 seconds at Sun Jan 05 18:27:53 UTC 2020
6 ms. Memory: 51200K Free: 27126K (53%)
ptolemy.util.test.WatchDog.cancel(): canceling Sun Jan 05 18:27:53 UTC 2020
------------------ testing $PTII/ptolemy/domains/de/test/auto/Records.xml
auto.tcl: Setting watchdog for 200 seconds at Sun Jan 05 18:27:53 UTC 2020
4 ms. Memory: 51200K Free: 30864K (60%)
ptolemy.util.test.WatchDog.cancel(): canceling Sun Jan 05 18:27:53 UTC 2020
auto.tcl: Setting watchdog for 200 seconds at Sun Jan 05 18:27:53 UTC 2020
2 ms. Memory: 51200K Free: 30352K (59%)
ptolemy.util.test.WatchDog.cancel(): canceling Sun Jan 05 18:27:53 UTC 2020
------------------ testing $PTII/ptolemy/domains/de/test/auto/ResetTransitionWithStartTime1.xml
auto.tcl: Setting watchdog for 200 seconds at Sun Jan 05 18:27:53 UTC 2020
11 ms. Memory: 51200K Free: 28122K (55%)
ptolemy.util.test.WatchDog.cancel(): canceling Sun Jan 05 18:27:53 UTC 2020
auto.tcl: Setting watchdog for 200 seconds at Sun Jan 05 18:27:53 UTC 2020
7 ms. Memory: 51200K Free: 26074K (51%)
ptolemy.util.test.WatchDog.cancel(): canceling Sun Jan 05 18:27:53 UTC 2020
------------------ testing $PTII/ptolemy/domains/de/test/auto/ResetTransitionWithStartTime2.xml
auto.tcl: Setting watchdog for 200 seconds at Sun Jan 05 18:27:53 UTC 2020
5 ms. Memory: 51200K Free: 28077K (55%)
ptolemy.util.test.WatchDog.cancel(): canceling Sun Jan 05 18:27:53 UTC 2020
auto.tcl: Setting watchdog for 200 seconds at Sun Jan 05 18:27:53 UTC 2020
6 ms. Memory: 51200K Free: 26029K (51%)
ptolemy.util.test.WatchDog.cancel(): canceling Sun Jan 05 18:27:53 UTC 2020
------------------ testing $PTII/ptolemy/domains/de/test/auto/ResetTransitionWithStartTime3.xml
auto.tcl: Setting watchdog for 200 seconds at Sun Jan 05 18:27:53 UTC 2020
9 ms. Memory: 51200K Free: 28113K (55%)
ptolemy.util.test.WatchDog.cancel(): canceling Sun Jan 05 18:27:53 UTC 2020
auto.tcl: Setting watchdog for 200 seconds at Sun Jan 05 18:27:53 UTC 2020
6 ms. Memory: 51200K Free: 26028K (51%)
ptolemy.util.test.WatchDog.cancel(): canceling Sun Jan 05 18:27:53 UTC 2020
------------------ testing $PTII/ptolemy/domains/de/test/auto/ResetTransitionWithStartTime4.xml
auto.tcl: Setting watchdog for 200 seconds at Sun Jan 05 18:27:53 UTC 2020
7 ms. Memory: 51200K Free: 28501K (56%)
ptolemy.util.test.WatchDog.cancel(): canceling Sun Jan 05 18:27:54 UTC 2020
auto.tcl: Setting watchdog for 200 seconds at Sun Jan 05 18:27:54 UTC 2020
2 ms. Memory: 51200K Free: 27051K (53%)
ptolemy.util.test.WatchDog.cancel(): canceling Sun Jan 05 18:27:54 UTC 2020
------------------ testing $PTII/ptolemy/domains/de/test/auto/ResettableTimer1.xml
auto.tcl: Setting watchdog for 200 seconds at Sun Jan 05 18:27:54 UTC 2020
2 ms. Memory: 51200K Free: 32252K (63%)
ptolemy.util.test.WatchDog.cancel(): canceling Sun Jan 05 18:27:54 UTC 2020
auto.tcl: Setting watchdog for 200 seconds at Sun Jan 05 18:27:54 UTC 2020
2 ms. Memory: 51200K Free: 31625K (62%)
ptolemy.util.test.WatchDog.cancel(): canceling Sun Jan 05 18:27:54 UTC 2020
------------------ testing $PTII/ptolemy/domains/de/test/auto/ResettableTimer2.xml
auto.tcl: Setting watchdog for 200 seconds at Sun Jan 05 18:27:54 UTC 2020
2 ms. Memory: 51200K Free: 32308K (63%)
ptolemy.util.test.WatchDog.cancel(): canceling Sun Jan 05 18:27:54 UTC 2020
auto.tcl: Setting watchdog for 200 seconds at Sun Jan 05 18:27:54 UTC 2020
2 ms. Memory: 51200K Free: 31695K (62%)
ptolemy.util.test.WatchDog.cancel(): canceling Sun Jan 05 18:27:54 UTC 2020
------------------ testing $PTII/ptolemy/domains/de/test/auto/ResettableTimer3.xml
auto.tcl: Setting watchdog for 200 seconds at Sun Jan 05 18:27:54 UTC 2020
1 ms. Memory: 51200K Free: 32209K (63%)
ptolemy.util.test.WatchDog.cancel(): canceling Sun Jan 05 18:27:54 UTC 2020
auto.tcl: Setting watchdog for 200 seconds at Sun Jan 05 18:27:54 UTC 2020
1 ms. Memory: 51200K Free: 32209K (63%)
ptolemy.util.test.WatchDog.cancel(): canceling Sun Jan 05 18:27:54 UTC 2020
------------------ testing $PTII/ptolemy/domains/de/test/auto/ResettableTimer4.xml
auto.tcl: Setting watchdog for 200 seconds at Sun Jan 05 18:27:54 UTC 2020
1 ms. Memory: 51200K Free: 32222K (63%)
ptolemy.util.test.WatchDog.cancel(): canceling Sun Jan 05 18:27:54 UTC 2020
auto.tcl: Setting watchdog for 200 seconds at Sun Jan 05 18:27:54 UTC 2020
1 ms. Memory: 51200K Free: 31708K (62%)
ptolemy.util.test.WatchDog.cancel(): canceling Sun Jan 05 18:27:54 UTC 2020
------------------ testing $PTII/ptolemy/domains/de/test/auto/ResettableTimer5.xml
auto.tcl: Setting watchdog for 200 seconds at Sun Jan 05 18:27:54 UTC 2020
2 ms. Memory: 51200K Free: 31706K (62%)
ptolemy.util.test.WatchDog.cancel(): canceling Sun Jan 05 18:27:54 UTC 2020
auto.tcl: Setting watchdog for 200 seconds at Sun Jan 05 18:27:54 UTC 2020
2 ms. Memory: 51200K Free: 31196K (61%)
ptolemy.util.test.WatchDog.cancel(): canceling Sun Jan 05 18:27:54 UTC 2020
------------------ testing $PTII/ptolemy/domains/de/test/auto/ResettableTimer6.xml
auto.tcl: Setting watchdog for 200 seconds at Sun Jan 05 18:27:54 UTC 2020
2 ms. Memory: 51200K Free: 31697K (62%)
ptolemy.util.test.WatchDog.cancel(): canceling Sun Jan 05 18:27:54 UTC 2020
auto.tcl: Setting watchdog for 200 seconds at Sun Jan 05 18:27:54 UTC 2020
2 ms. Memory: 51200K Free: 31187K (61%)
ptolemy.util.test.WatchDog.cancel(): canceling Sun Jan 05 18:27:54 UTC 2020
------------------ testing $PTII/ptolemy/domains/de/test/auto/ServerZeroDelay.xml
auto.tcl: Setting watchdog for 200 seconds at Sun Jan 05 18:27:54 UTC 2020
4 ms. Memory: 51200K Free: 32202K (63%)
ptolemy.util.test.WatchDog.cancel(): canceling Sun Jan 05 18:27:54 UTC 2020
auto.tcl: Setting watchdog for 200 seconds at Sun Jan 05 18:27:54 UTC 2020
2 ms. Memory: 51200K Free: 31178K (61%)
ptolemy.util.test.WatchDog.cancel(): canceling Sun Jan 05 18:27:54 UTC 2020
------------------ testing $PTII/ptolemy/domains/de/test/auto/SmartSender.xml
auto.tcl: Setting watchdog for 200 seconds at Sun Jan 05 18:27:54 UTC 2020
3003 ms. Memory: 51200K Free: 31683K (62%)
ptolemy.util.test.WatchDog.cancel(): canceling Sun Jan 05 18:27:57 UTC 2020
auto.tcl: Setting watchdog for 200 seconds at Sun Jan 05 18:27:57 UTC 2020
3001 ms. Memory: 51200K Free: 31173K (61%)
ptolemy.util.test.WatchDog.cancel(): canceling Sun Jan 05 18:28:00 UTC 2020
------------------ testing $PTII/ptolemy/domains/de/test/auto/ThreadedComposite.xml
auto.tcl: Setting watchdog for 200 seconds at Sun Jan 05 18:28:00 UTC 2020
188 ms. Memory: 51200K Free: 13779K (27%)
ptolemy.util.test.WatchDog.cancel(): canceling Sun Jan 05 18:28:00 UTC 2020
auto.tcl: Setting watchdog for 200 seconds at Sun Jan 05 18:28:00 UTC 2020
158 ms. Memory: 51200K Free: 28397K (55%)
ptolemy.util.test.WatchDog.cancel(): canceling Sun Jan 05 18:28:00 UTC 2020
------------------ testing $PTII/ptolemy/domains/de/test/auto/Time.xml
auto.tcl: Setting watchdog for 200 seconds at Sun Jan 05 18:28:00 UTC 2020
447 ms. Memory: 73728K Free: 55338K (75%)
ptolemy.util.test.WatchDog.cancel(): canceling Sun Jan 05 18:28:01 UTC 2020
auto.tcl: Setting watchdog for 200 seconds at Sun Jan 05 18:28:01 UTC 2020
455 ms. Memory: 73728K Free: 41491K (56%)
ptolemy.util.test.WatchDog.cancel(): canceling Sun Jan 05 18:28:01 UTC 2020
------------------ testing $PTII/ptolemy/domains/de/test/auto/TimeDelayZeroDelay.xml
auto.tcl: Setting watchdog for 200 seconds at Sun Jan 05 18:28:01 UTC 2020
3 ms. Memory: 51200K Free: 32622K (64%)
ptolemy.util.test.WatchDog.cancel(): canceling Sun Jan 05 18:28:01 UTC 2020
auto.tcl: Setting watchdog for 200 seconds at Sun Jan 05 18:28:01 UTC 2020
2 ms. Memory: 51200K Free: 31715K (62%)
ptolemy.util.test.WatchDog.cancel(): canceling Sun Jan 05 18:28:01 UTC 2020
------------------ testing $PTII/ptolemy/domains/de/test/auto/TimerZeroDelay.xml
auto.tcl: Setting watchdog for 200 seconds at Sun Jan 05 18:28:02 UTC 2020
2 ms. Memory: 51200K Free: 32559K (64%)
ptolemy.util.test.WatchDog.cancel(): canceling Sun Jan 05 18:28:02 UTC 2020
auto.tcl: Setting watchdog for 200 seconds at Sun Jan 05 18:28:02 UTC 2020
2 ms. Memory: 51200K Free: 31750K (62%)
ptolemy.util.test.WatchDog.cancel(): canceling Sun Jan 05 18:28:02 UTC 2020
------------------ testing $PTII/ptolemy/domains/de/test/auto/TimingParadox.xml
auto.tcl: Setting watchdog for 200 seconds at Sun Jan 05 18:28:02 UTC 2020
342 ms. Memory: 51200K Free: 19800K (39%)
ptolemy.util.test.WatchDog.cancel(): canceling Sun Jan 05 18:28:02 UTC 2020
auto.tcl: Setting watchdog for 200 seconds at Sun Jan 05 18:28:02 UTC 2020
343 ms. Memory: 51200K Free: 10938K (21%)
ptolemy.util.test.WatchDog.cancel(): canceling Sun Jan 05 18:28:02 UTC 2020
------------------ testing $PTII/ptolemy/domains/de/test/auto/TransferInputs.xml
auto.tcl: Setting watchdog for 200 seconds at Sun Jan 05 18:28:03 UTC 2020
2 ms. Memory: 51200K Free: 30651K (60%)
ptolemy.util.test.WatchDog.cancel(): canceling Sun Jan 05 18:28:03 UTC 2020
auto.tcl: Setting watchdog for 200 seconds at Sun Jan 05 18:28:03 UTC 2020
2 ms. Memory: 51200K Free: 29734K (58%)
ptolemy.util.test.WatchDog.cancel(): canceling Sun Jan 05 18:28:03 UTC 2020
------------------ testing $PTII/ptolemy/domains/de/test/auto/TransferOutputs2.xml
auto.tcl: Setting watchdog for 200 seconds at Sun Jan 05 18:28:03 UTC 2020
3 ms. Memory: 51200K Free: 28080K (55%)
ptolemy.util.test.WatchDog.cancel(): canceling Sun Jan 05 18:28:03 UTC 2020
auto.tcl: Setting watchdog for 200 seconds at Sun Jan 05 18:28:03 UTC 2020
4 ms. Memory: 51200K Free: 26665K (52%)
ptolemy.util.test.WatchDog.cancel(): canceling Sun Jan 05 18:28:03 UTC 2020
------------------ testing $PTII/ptolemy/domains/de/test/auto/Trilateration.xml
auto.tcl: Setting watchdog for 200 seconds at Sun Jan 05 18:28:03 UTC 2020
12187 ms. Memory: 423936K Free: 242250K (57%)
ptolemy.util.test.WatchDog.cancel(): canceling Sun Jan 05 18:28:16 UTC 2020
auto.tcl: Setting watchdog for 200 seconds at Sun Jan 05 18:28:16 UTC 2020
9125 ms. Memory: 423936K Free: 381531K (90%)
ptolemy.util.test.WatchDog.cancel(): canceling Sun Jan 05 18:28:25 UTC 2020
------------------ testing $PTII/ptolemy/domains/de/test/auto/TwoSigmaDelta.xml
auto.tcl: Setting watchdog for 200 seconds at Sun Jan 05 18:28:25 UTC 2020
2542 ms. Memory: 92160K Free: 21081K (23%)
ptolemy.util.test.WatchDog.cancel(): canceling Sun Jan 05 18:28:28 UTC 2020
auto.tcl: Setting watchdog for 200 seconds at Sun Jan 05 18:28:28 UTC 2020
1746 ms. Memory: 92160K Free: 21108K (23%)
ptolemy.util.test.WatchDog.cancel(): canceling Sun Jan 05 18:28:30 UTC 2020
------------------ testing $PTII/ptolemy/domains/de/test/auto/VariableDelay.xml
auto.tcl: Setting watchdog for 200 seconds at Sun Jan 05 18:28:30 UTC 2020
3 ms. Memory: 58368K Free: 38285K (66%)
ptolemy.util.test.WatchDog.cancel(): canceling Sun Jan 05 18:28:30 UTC 2020
auto.tcl: Setting watchdog for 200 seconds at Sun Jan 05 18:28:30 UTC 2020
2 ms. Memory: 58368K Free: 37291K (64%)
ptolemy.util.test.WatchDog.cancel(): canceling Sun Jan 05 18:28:30 UTC 2020
------------------ testing $PTII/ptolemy/domains/de/test/auto/VariableDelay2.xml
auto.tcl: Setting watchdog for 200 seconds at Sun Jan 05 18:28:30 UTC 2020
2 ms. Memory: 51200K Free: 31747K (62%)
ptolemy.util.test.WatchDog.cancel(): canceling Sun Jan 05 18:28:30 UTC 2020
auto.tcl: Setting watchdog for 200 seconds at Sun Jan 05 18:28:30 UTC 2020
2 ms. Memory: 51200K Free: 31219K (61%)
ptolemy.util.test.WatchDog.cancel(): canceling Sun Jan 05 18:28:30 UTC 2020
------------------ testing $PTII/ptolemy/domains/de/test/auto/VariableDelayZeroDelay.xml
auto.tcl: Setting watchdog for 200 seconds at Sun Jan 05 18:28:30 UTC 2020
1 ms. Memory: 51200K Free: 32058K (63%)
ptolemy.util.test.WatchDog.cancel(): canceling Sun Jan 05 18:28:30 UTC 2020
auto.tcl: Setting watchdog for 200 seconds at Sun Jan 05 18:28:30 UTC 2020
2 ms. Memory: 51200K Free: 31514K (62%)
ptolemy.util.test.WatchDog.cancel(): canceling Sun Jan 05 18:28:30 UTC 2020
------------------ testing $PTII/ptolemy/domains/de/test/auto/VariableDelayZeroDelay2.xml
auto.tcl: Setting watchdog for 200 seconds at Sun Jan 05 18:28:30 UTC 2020
2 ms. Memory: 51200K Free: 32057K (63%)
ptolemy.util.test.WatchDog.cancel(): canceling Sun Jan 05 18:28:30 UTC 2020
auto.tcl: Setting watchdog for 200 seconds at Sun Jan 05 18:28:30 UTC 2020
4 ms. Memory: 51200K Free: 31033K (61%)
ptolemy.util.test.WatchDog.cancel(): canceling Sun Jan 05 18:28:30 UTC 2020
------------------ testing $PTII/ptolemy/domains/de/test/auto/deInCt.xml
auto.tcl: Setting watchdog for 200 seconds at Sun Jan 05 18:28:30 UTC 2020
0
1
1
1
0
0
0
0
1
1
1
0
0
0
1
1
1
0
0
0
0
1
1
1
0
0
0
0
1
1
1
1
0
0
0
1
1
1
0
0
0
0
18 ms. Memory: 51200K Free: 31031K (61%)
ptolemy.util.test.WatchDog.cancel(): canceling Sun Jan 05 18:28:30 UTC 2020
auto.tcl: Setting watchdog for 200 seconds at Sun Jan 05 18:28:30 UTC 2020
0
1
1
1
1
1
0
0
0
1
1
1
1
0
0
0
0
1
1
1
1
0
0
0
1
1
1
0
0
0
1
1
1
1
9 ms. Memory: 51200K Free: 29493K (58%)
ptolemy.util.test.WatchDog.cancel(): canceling Sun Jan 05 18:28:30 UTC 2020
------------------ testing $PTII/ptolemy/domains/de/test/auto/deInCt2.xml
auto.tcl: Setting watchdog for 200 seconds at Sun Jan 05 18:28:30 UTC 2020
0
1
1
1
0
0
1
1
1
0
0
1
1
1
0
0
1
1
1
0
0
1
1
1
0
0
1
1
1
0
0
1
1
1
0
0
1
1
1
0
0
0
8 ms. Memory: 51200K Free: 31032K (61%)
ptolemy.util.test.WatchDog.cancel(): canceling Sun Jan 05 18:28:30 UTC 2020
auto.tcl: Setting watchdog for 200 seconds at Sun Jan 05 18:28:30 UTC 2020
0
1
1
1
0
0
1
1
1
0
0
1
1
1
0
0
1
1
1
0
0
1
1
1
0
0
1
1
1
0
0
1
1
1
0
0
1
1
1
0
0
0
6 ms. Memory: 51200K Free: 29480K (58%)
ptolemy.util.test.WatchDog.cancel(): canceling Sun Jan 05 18:28:30 UTC 2020
------------------ testing $PTII/ptolemy/domains/de/test/auto/dynamicCausalityInterface1.xml
auto.tcl: Setting watchdog for 200 seconds at Sun Jan 05 18:28:30 UTC 2020
1 ms. Memory: 51200K Free: 26930K (53%)
ptolemy.util.test.WatchDog.cancel(): canceling Sun Jan 05 18:28:30 UTC 2020
auto.tcl: Setting watchdog for 200 seconds at Sun Jan 05 18:28:30 UTC 2020
1 ms. Memory: 51200K Free: 26416K (52%)
ptolemy.util.test.WatchDog.cancel(): canceling Sun Jan 05 18:28:30 UTC 2020
------------------ testing $PTII/ptolemy/domains/de/test/auto/fsm_de_test.xml
auto.tcl: Setting watchdog for 200 seconds at Sun Jan 05 18:28:30 UTC 2020
11 ms. Memory: 51200K Free: 26828K (52%)
ptolemy.util.test.WatchDog.cancel(): canceling Sun Jan 05 18:28:30 UTC 2020
auto.tcl: Setting watchdog for 200 seconds at Sun Jan 05 18:28:30 UTC 2020
10 ms. Memory: 51200K Free: 24780K (48%)
ptolemy.util.test.WatchDog.cancel(): canceling Sun Jan 05 18:28:30 UTC 2020
------------------ testing $PTII/ptolemy/domains/de/test/auto/functionDependencyReconstruction.xml
auto.tcl: Setting watchdog for 200 seconds at Sun Jan 05 18:28:30 UTC 2020
3 ms. Memory: 51200K Free: 20797K (41%)
ptolemy.util.test.WatchDog.cancel(): canceling Sun Jan 05 18:28:30 UTC 2020
auto.tcl: Setting watchdog for 200 seconds at Sun Jan 05 18:28:30 UTC 2020
3 ms. Memory: 51200K Free: 18626K (36%)
ptolemy.util.test.WatchDog.cancel(): canceling Sun Jan 05 18:28:30 UTC 2020
------------------ testing $PTII/ptolemy/domains/de/test/auto/multirate.xml
auto.tcl: Setting watchdog for 200 seconds at Sun Jan 05 18:28:30 UTC 2020
3 ms. Memory: 51200K Free: 29454K (58%)
ptolemy.util.test.WatchDog.cancel(): canceling Sun Jan 05 18:28:30 UTC 2020
auto.tcl: Setting watchdog for 200 seconds at Sun Jan 05 18:28:30 UTC 2020
2 ms. Memory: 51200K Free: 27725K (54%)
ptolemy.util.test.WatchDog.cancel(): canceling Sun Jan 05 18:28:30 UTC 2020
------------------ testing $PTII/ptolemy/domains/de/test/auto/multirate2.xml
auto.tcl: Setting watchdog for 200 seconds at Sun Jan 05 18:28:30 UTC 2020
4 ms. Memory: 51200K Free: 29664K (58%)
ptolemy.util.test.WatchDog.cancel(): canceling Sun Jan 05 18:28:30 UTC 2020
auto.tcl: Setting watchdog for 200 seconds at Sun Jan 05 18:28:30 UTC 2020
3 ms. Memory: 51200K Free: 27932K (55%)
ptolemy.util.test.WatchDog.cancel(): canceling Sun Jan 05 18:28:30 UTC 2020
------------------ testing $PTII/ptolemy/domains/de/test/auto/realtime.xml
auto.tcl: Setting watchdog for 200 seconds at Sun Jan 05 18:28:30 UTC 2020
10001 ms. Memory: 51200K Free: 31710K (62%)
ptolemy.util.test.WatchDog.cancel(): canceling Sun Jan 05 18:28:40 UTC 2020
auto.tcl: Setting watchdog for 200 seconds at Sun Jan 05 18:28:40 UTC 2020
10002 ms. Memory: 51200K Free: 30975K (60%)
ptolemy.util.test.WatchDog.cancel(): canceling Sun Jan 05 18:28:50 UTC 2020
------------------ testing $PTII/ptolemy/domains/de/test/auto/relationGroup.xml
auto.tcl: Setting watchdog for 200 seconds at Sun Jan 05 18:28:51 UTC 2020
2 ms. Memory: 51200K Free: 32777K (64%)
ptolemy.util.test.WatchDog.cancel(): canceling Sun Jan 05 18:28:51 UTC 2020
auto.tcl: Setting watchdog for 200 seconds at Sun Jan 05 18:28:51 UTC 2020
2 ms. Memory: 51200K Free: 32233K (63%)
ptolemy.util.test.WatchDog.cancel(): canceling Sun Jan 05 18:28:51 UTC 2020
------------------ testing $PTII/ptolemy/domains/de/test/auto/relationGroup2.xml
auto.tcl: Setting watchdog for 200 seconds at Sun Jan 05 18:28:51 UTC 2020
2 ms. Memory: 51200K Free: 32803K (64%)
ptolemy.util.test.WatchDog.cancel(): canceling Sun Jan 05 18:28:51 UTC 2020
auto.tcl: Setting watchdog for 200 seconds at Sun Jan 05 18:28:51 UTC 2020
2 ms. Memory: 51200K Free: 32259K (63%)
ptolemy.util.test.WatchDog.cancel(): canceling Sun Jan 05 18:28:51 UTC 2020
------------------ testing $PTII/ptolemy/domains/de/test/auto/sortWithOpaquePorts.xml
auto.tcl: Setting watchdog for 200 seconds at Sun Jan 05 18:28:51 UTC 2020
2 ms. Memory: 51200K Free: 31550K (62%)
ptolemy.util.test.WatchDog.cancel(): canceling Sun Jan 05 18:28:51 UTC 2020
auto.tcl: Setting watchdog for 200 seconds at Sun Jan 05 18:28:51 UTC 2020
1 ms. Memory: 51200K Free: 30526K (60%)
ptolemy.util.test.WatchDog.cancel(): canceling Sun Jan 05 18:28:51 UTC 2020
------------------ testing $PTII/ptolemy/domains/de/test/auto/transferInputsandOutputs.xml
auto.tcl: Setting watchdog for 200 seconds at Sun Jan 05 18:28:51 UTC 2020
2 ms. Memory: 51200K Free: 28994K (57%)
ptolemy.util.test.WatchDog.cancel(): canceling Sun Jan 05 18:28:51 UTC 2020
auto.tcl: Setting watchdog for 200 seconds at Sun Jan 05 18:28:51 UTC 2020
2 ms. Memory: 51200K Free: 27970K (55%)
ptolemy.util.test.WatchDog.cancel(): canceling Sun Jan 05 18:28:51 UTC 2020
------------------ testing $PTII/ptolemy/domains/de/test/auto/triggerType.xml
auto.tcl: Setting watchdog for 200 seconds at Sun Jan 05 18:28:51 UTC 2020
2 ms. Memory: 51200K Free: 32019K (63%)
ptolemy.util.test.WatchDog.cancel(): canceling Sun Jan 05 18:28:51 UTC 2020
auto.tcl: Setting watchdog for 200 seconds at Sun Jan 05 18:28:51 UTC 2020
1 ms. Memory: 51200K Free: 30995K (61%)
ptolemy.util.test.WatchDog.cancel(): canceling Sun Jan 05 18:28:51 UTC 2020
01/05/20 06:28:51
Failed: 0  Total Tests: 192  ((Passed: 187, Newly Passed: 1)  Known Failed: 5) /home/travis/build/icyphy/ptII/ptolemy/domains/de/test
01/05/20 06:28:51
Failed: 0  Total Tests: 192  ((Passed: 187, Newly Passed: 1)  Known Failed: 5) /home/travis/build/icyphy/ptII/ptolemy/domains/de/test
----------------- testing (KnownFailure) /home/travis/build/icyphy/ptII/ptolemy/domains/de/test/auto/knownFailedTests/DESDFClockTest.xml
2012 ms. Memory: 51200K Free: 24903K (49%)
Known Failure: java.lang.reflect.InvocationTargetException
----------------- testing (KnownFailure) /home/travis/build/icyphy/ptII/ptolemy/domains/de/test/auto/knownFailedTests/DirectFeedback.xml
2 ms. Memory: 51200K Free: 20807K (41%)
Known Failure: java.lang.reflect.InvocationTargetException
----------------- testing (KnownFailure) /home/travis/build/icyphy/ptII/ptolemy/domains/de/test/auto/knownFailedTests/FSMSource.xml
8 ms. Memory: 51200K Free: 13639K (27%)
----------------- testing (KnownFailure) /home/travis/build/icyphy/ptII/ptolemy/domains/de/test/auto/knownFailedTests/HierarchicalModel.xml
3 ms. Memory: 51200K Free: 26851K (52%)
Known Failure: java.lang.reflect.InvocationTargetException
----------------- testing (KnownFailure) /home/travis/build/icyphy/ptII/ptolemy/domains/de/test/auto/knownFailedTests/dependencyLoop.xml
3 ms. Memory: 51200K Free: 11213K (22%)
Known Failure: java.lang.reflect.InvocationTargetException
----------------- testing (KnownFailure) /home/travis/build/icyphy/ptII/ptolemy/domains/de/test/auto/knownFailedTests/dependencyLoop2.xml
9 ms. Memory: 51200K Free: 25106K (49%)
Known Failure: java.lang.reflect.InvocationTargetException
No auto/linux-amd64/*.xml tests in /home/travis/build/icyphy/ptII/ptolemy/domains/de/test
AutoTests.java: About to close Vertx.
AutoTests.java: Vertx closed.

===========================================================================================
----------------- testing Sun Jan 05 18:28:53 UTC 2020 /home/travis/build/icyphy/ptII/ptolemy/domains/de/test/auto/ActorDepthCalculation_actorWithoutPorts.xml
----------------- Instantiating /home/travis/build/icyphy/ptII/ptolemy/domains/de/test/auto/ActorDepthCalculation_actorWithoutPorts.xml
1 ms. Memory: 51200K Free: 18322K (36%)
----------------- Invoking toplevel() on ptolemy.moml.MoMLSimpleApplication@2f3b46fb
----------------- Done invoking toplevel() on ptolemy.moml.MoMLSimpleApplication@2f3b46fb
reloadAllAccessors: .ActorDepthCalculation_actorWithoutPorts

===========================================================================================
----------------- testing Sun Jan 05 18:28:53 UTC 2020 /home/travis/build/icyphy/ptII/ptolemy/domains/de/test/auto/AssemblyLine.xml
----------------- Instantiating /home/travis/build/icyphy/ptII/ptolemy/domains/de/test/auto/AssemblyLine.xml
4 ms. Memory: 51200K Free: 11097K (22%)
----------------- Invoking toplevel() on ptolemy.moml.MoMLSimpleApplication@7e475aa
----------------- Done invoking toplevel() on ptolemy.moml.MoMLSimpleApplication@7e475aa
reloadAllAccessors: .AssemblyLine

===========================================================================================
----------------- testing Sun Jan 05 18:28:53 UTC 2020 /home/travis/build/icyphy/ptII/ptolemy/domains/de/test/auto/CQBug1.xml
----------------- Instantiating /home/travis/build/icyphy/ptII/ptolemy/domains/de/test/auto/CQBug1.xml
1 ms. Memory: 51200K Free: 8186K (16%)
----------------- Invoking toplevel() on ptolemy.moml.MoMLSimpleApplication@4c63384
----------------- Done invoking toplevel() on ptolemy.moml.MoMLSimpleApplication@4c63384
reloadAllAccessors: .CQBug1

===========================================================================================
----------------- testing Sun Jan 05 18:28:53 UTC 2020 /home/travis/build/icyphy/ptII/ptolemy/domains/de/test/auto/CancelFireAt.xml
----------------- Instantiating /home/travis/build/icyphy/ptII/ptolemy/domains/de/test/auto/CancelFireAt.xml
1 ms. Memory: 51200K Free: 34483K (67%)
----------------- Invoking toplevel() on ptolemy.moml.MoMLSimpleApplication@35cf41fa
----------------- Done invoking toplevel() on ptolemy.moml.MoMLSimpleApplication@35cf41fa
reloadAllAccessors: .CancelFireAt

===========================================================================================
----------------- testing Sun Jan 05 18:28:53 UTC 2020 /home/travis/build/icyphy/ptII/ptolemy/domains/de/test/auto/CausalityAndComposabilityAnalysis.xml
----------------- Instantiating /home/travis/build/icyphy/ptII/ptolemy/domains/de/test/auto/CausalityAndComposabilityAnalysis.xml
1 ms. Memory: 51200K Free: 30124K (59%)
----------------- Invoking toplevel() on ptolemy.moml.MoMLSimpleApplication@263de221
----------------- Done invoking toplevel() on ptolemy.moml.MoMLSimpleApplication@263de221
reloadAllAccessors: .CausalityAndComposabilityAnalysis

===========================================================================================
----------------- testing Sun Jan 05 18:28:53 UTC 2020 /home/travis/build/icyphy/ptII/ptolemy/domains/de/test/auto/CausalityInterface1.xml
----------------- Instantiating /home/travis/build/icyphy/ptII/ptolemy/domains/de/test/auto/CausalityInterface1.xml
7 ms. Memory: 51200K Free: 24989K (49%)
----------------- Invoking toplevel() on ptolemy.moml.MoMLSimpleApplication@29a3ee7b
----------------- Done invoking toplevel() on ptolemy.moml.MoMLSimpleApplication@29a3ee7b
reloadAllAccessors: .CausalityInterface1

===========================================================================================
----------------- testing Sun Jan 05 18:28:53 UTC 2020 /home/travis/build/icyphy/ptII/ptolemy/domains/de/test/auto/CausalityInterface15.xml
----------------- Instantiating /home/travis/build/icyphy/ptII/ptolemy/domains/de/test/auto/CausalityInterface15.xml
3 ms. Memory: 51200K Free: 19557K (38%)
----------------- Invoking toplevel() on ptolemy.moml.MoMLSimpleApplication@4d4aa392
----------------- Done invoking toplevel() on ptolemy.moml.MoMLSimpleApplication@4d4aa392
reloadAllAccessors: .CausalityInterface15

===========================================================================================
----------------- testing Sun Jan 05 18:28:53 UTC 2020 /home/travis/build/icyphy/ptII/ptolemy/domains/de/test/auto/CausalityInterface2.xml
----------------- Instantiating /home/travis/build/icyphy/ptII/ptolemy/domains/de/test/auto/CausalityInterface2.xml
2 ms. Memory: 51200K Free: 14716K (29%)
[...]
	at ptolemy.actor.Manager.run(Manager.java:1263)
	at ptolemy.actor.Manager$PtolemyRunThread.run(Manager.java:1933)
java.lang.RuntimeException: Execution failed
	at ptolemy.moml.MoMLSimpleApplication$UnloadThread.run(MoMLSimpleApplication.java:402)
Caused by: ptolemy.kernel.util.IllegalActionException: Actor is not ready to fire.  Perhaps UpSample.prefire() returned false? Try debugging the actor by selecting "Listen to Actor".  Also, for SDF check moml for tokenConsumptionRate on input.
  in .DESDFClockTest.Play Bell.Copy1:SDF Director and .DESDFClockTest.Play Bell.UpSample
	at ptolemy.actor.sched.StaticSchedulingDirector.fire(StaticSchedulingDirector.java:227)
	at ptolemy.domains.sdf.kernel.SDFDirector.fire(SDFDirector.java:500)
	at ptolemy.actor.CompositeActor.fire(CompositeActor.java:455)
	at ptolemy.domains.de.kernel.DEDirector._fire(DEDirector.java:1949)
	at ptolemy.domains.de.kernel.DEDirector.fire(DEDirector.java:502)
	at ptolemy.actor.CompositeActor.fire(CompositeActor.java:455)
	at ptolemy.actor.Manager.iterate(Manager.java:851)
	at ptolemy.actor.Manager.execute(Manager.java:369)
	at ptolemy.actor.Manager.run(Manager.java:1263)
	at ptolemy.actor.Manager$PtolemyRunThread.run(Manager.java:1933)
java.lang.reflect.InvocationTargetException
	at java.base/jdk.internal.reflect.NativeConstructorAccessorImpl.newInstance0(Native Method)
	at java.base/jdk.internal.reflect.NativeConstructorAccessorImpl.newInstance(NativeConstructorAccessorImpl.java:62)
	at java.base/jdk.internal.reflect.DelegatingConstructorAccessorImpl.newInstance(DelegatingConstructorAccessorImpl.java:45)
	at java.base/java.lang.reflect.Constructor.newInstance(Constructor.java:490)
	at ptolemy.util.test.junit.AutoKnownFailedTests.RunModel(AutoKnownFailedTests.java:105)
	at java.base/jdk.internal.reflect.NativeMethodAccessorImpl.invoke0(Native Method)
	at java.base/jdk.internal.reflect.NativeMethodAccessorImpl.invoke(NativeMethodAccessorImpl.java:62)
	at java.base/jdk.internal.reflect.DelegatingMethodAccessorImpl.invoke(DelegatingMethodAccessorImpl.java:43)
	at java.base/java.lang.reflect.Method.invoke(Method.java:566)
	at org.junit.runners.model.FrameworkMethod$1.runReflectiveCall(FrameworkMethod.java:44)
	at org.junit.internal.runners.model.ReflectiveCallable.run(ReflectiveCallable.java:15)
	at org.junit.runners.model.FrameworkMethod.invokeExplosively(FrameworkMethod.java:41)
	at junitparams.internal.InvokeParameterisedMethod.evaluate(InvokeParameterisedMethod.java:102)
	at org.junit.internal.runners.statements.FailOnTimeout$1.run(FailOnTimeout.java:28)
Caused by: ptolemy.kernel.util.IllegalActionException: Actor is not ready to fire.  Perhaps UpSample.prefire() returned false? Try debugging the actor by selecting "Listen to Actor".  Also, for SDF check moml for tokenConsumptionRate on input.
  in .DESDFClockTest.Play Bell.Copy1:SDF Director and .DESDFClockTest.Play Bell.UpSample
	at ptolemy.actor.sched.StaticSchedulingDirector.fire(StaticSchedulingDirector.java:227)
	at ptolemy.domains.sdf.kernel.SDFDirector.fire(SDFDirector.java:500)
	at ptolemy.actor.CompositeActor.fire(CompositeActor.java:455)
	at ptolemy.domains.de.kernel.DEDirector._fire(DEDirector.java:1949)
	at ptolemy.domains.de.kernel.DEDirector.fire(DEDirector.java:502)
	at ptolemy.actor.CompositeActor.fire(CompositeActor.java:455)
	at ptolemy.actor.Manager.iterate(Manager.java:851)
	at ptolemy.actor.Manager.execute(Manager.java:369)
	at ptolemy.actor.Manager.run(Manager.java:1263)
	at ptolemy.actor.Manager$PtolemyRunThread.run(Manager.java:1933)
java.lang.RuntimeException: Execution failed
	at ptolemy.moml.MoMLSimpleApplication$UnloadThread.run(MoMLSimpleApplication.java:402)
Caused by: ptolemy.kernel.util.IllegalActionException: Test fails in iteration 1.
Value was: 1.0. Should have been: 2.0
  in .DirectFeedback.Test
	at ptolemy.actor.lib.Test.fire(Test.java:268)
	at ptolemy.domains.de.kernel.DEDirector._fire(DEDirector.java:1949)
	at ptolemy.domains.de.kernel.DEDirector.fire(DEDirector.java:502)
	at ptolemy.actor.CompositeActor.fire(CompositeActor.java:455)
	at ptolemy.actor.Manager.iterate(Manager.java:851)
	at ptolemy.actor.Manager.execute(Manager.java:369)
	at ptolemy.actor.Manager.run(Manager.java:1263)
	at ptolemy.actor.Manager$PtolemyRunThread.run(Manager.java:1933)
java.lang.reflect.InvocationTargetException
	at java.base/jdk.internal.reflect.NativeConstructorAccessorImpl.newInstance0(Native Method)
	at java.base/jdk.internal.reflect.NativeConstructorAccessorImpl.newInstance(NativeConstructorAccessorImpl.java:62)
	at java.base/jdk.internal.reflect.DelegatingConstructorAccessorImpl.newInstance(DelegatingConstructorAccessorImpl.java:45)
	at java.base/java.lang.reflect.Constructor.newInstance(Constructor.java:490)
	at ptolemy.util.test.junit.AutoKnownFailedTests.RunModel(AutoKnownFailedTests.java:105)
	at java.base/jdk.internal.reflect.NativeMethodAccessorImpl.invoke0(Native Method)
	at java.base/jdk.internal.reflect.NativeMethodAccessorImpl.invoke(NativeMethodAccessorImpl.java:62)
	at java.base/jdk.internal.reflect.DelegatingMethodAccessorImpl.invoke(DelegatingMethodAccessorImpl.java:43)
	at java.base/java.lang.reflect.Method.invoke(Method.java:566)
	at org.junit.runners.model.FrameworkMethod$1.runReflectiveCall(FrameworkMethod.java:44)
	at org.junit.internal.runners.model.ReflectiveCallable.run(ReflectiveCallable.java:15)
	at org.junit.runners.model.FrameworkMethod.invokeExplosively(FrameworkMethod.java:41)
	at junitparams.internal.InvokeParameterisedMethod.evaluate(InvokeParameterisedMethod.java:102)
	at org.junit.internal.runners.statements.FailOnTimeout$1.run(FailOnTimeout.java:28)
Caused by: ptolemy.kernel.util.IllegalActionException: Test fails in iteration 1.
Value was: 1.0. Should have been: 2.0
  in .DirectFeedback.Test
	at ptolemy.actor.lib.Test.fire(Test.java:268)
	at ptolemy.domains.de.kernel.DEDirector._fire(DEDirector.java:1949)
	at ptolemy.domains.de.kernel.DEDirector.fire(DEDirector.java:502)
	at ptolemy.actor.CompositeActor.fire(CompositeActor.java:455)
	at ptolemy.actor.Manager.iterate(Manager.java:851)
	at ptolemy.actor.Manager.execute(Manager.java:369)
	at ptolemy.actor.Manager.run(Manager.java:1263)
	at ptolemy.actor.Manager$PtolemyRunThread.run(Manager.java:1933)
java.lang.RuntimeException: Execution failed
	at ptolemy.moml.MoMLSimpleApplication$UnloadThread.run(MoMLSimpleApplication.java:402)
Caused by: ptolemy.kernel.util.IllegalActionException: Found a zero delay loop containing .HierarchicalModel.A
  in .HierarchicalModel and .HierarchicalModel.A
	at ptolemy.actor.util.CausalityInterfaceForComposites._computeOutputPortDepth(CausalityInterfaceForComposites.java:759)
	at ptolemy.actor.util.CausalityInterfaceForComposites._computeInputDepth(CausalityInterfaceForComposites.java:696)
	at ptolemy.actor.util.CausalityInterfaceForComposites._computeOutputPortDepth(CausalityInterfaceForComposites.java:765)
	at ptolemy.actor.util.CausalityInterfaceForComposites._computeInputDepth(CausalityInterfaceForComposites.java:696)
	at ptolemy.actor.util.CausalityInterfaceForComposites._computeOutputPortDepth(CausalityInterfaceForComposites.java:765)
	at ptolemy.actor.util.CausalityInterfaceForComposites._computeInputDepth(CausalityInterfaceForComposites.java:696)
	at ptolemy.actor.util.CausalityInterfaceForComposites._computeActorDepth(CausalityInterfaceForComposites.java:532)
	at ptolemy.actor.util.CausalityInterfaceForComposites.checkForCycles(CausalityInterfaceForComposites.java:96)
	at ptolemy.domains.de.kernel.DEDirector.preinitialize(DEDirector.java:1338)
	at ptolemy.actor.CompositeActor.preinitialize(CompositeActor.java:1828)
	at ptolemy.actor.Manager.preinitializeAndResolveTypes(Manager.java:1040)
	at ptolemy.actor.Manager.initialize(Manager.java:710)
	at ptolemy.actor.Manager.execute(Manager.java:356)
	at ptolemy.actor.Manager.run(Manager.java:1263)
	at ptolemy.actor.Manager$PtolemyRunThread.run(Manager.java:1933)
java.lang.reflect.InvocationTargetException
	at java.base/jdk.internal.reflect.NativeConstructorAccessorImpl.newInstance0(Native Method)
	at java.base/jdk.internal.reflect.NativeConstructorAccessorImpl.newInstance(NativeConstructorAccessorImpl.java:62)
	at java.base/jdk.internal.reflect.DelegatingConstructorAccessorImpl.newInstance(DelegatingConstructorAccessorImpl.java:45)
	at java.base/java.lang.reflect.Constructor.newInstance(Constructor.java:490)
	at ptolemy.util.test.junit.AutoKnownFailedTests.RunModel(AutoKnownFailedTests.java:105)
	at java.base/jdk.internal.reflect.NativeMethodAccessorImpl.invoke0(Native Method)
	at java.base/jdk.internal.reflect.NativeMethodAccessorImpl.invoke(NativeMethodAccessorImpl.java:62)
	at java.base/jdk.internal.reflect.DelegatingMethodAccessorImpl.invoke(DelegatingMethodAccessorImpl.java:43)
	at java.base/java.lang.reflect.Method.invoke(Method.java:566)
	at org.junit.runners.model.FrameworkMethod$1.runReflectiveCall(FrameworkMethod.java:44)
	at org.junit.internal.runners.model.ReflectiveCallable.run(ReflectiveCallable.java:15)
	at org.junit.runners.model.FrameworkMethod.invokeExplosively(FrameworkMethod.java:41)
	at junitparams.internal.InvokeParameterisedMethod.evaluate(InvokeParameterisedMethod.java:102)
	at org.junit.internal.runners.statements.FailOnTimeout$1.run(FailOnTimeout.java:28)
Caused by: ptolemy.kernel.util.IllegalActionException: Found a zero delay loop containing .HierarchicalModel.A
  in .HierarchicalModel and .HierarchicalModel.A
	at ptolemy.actor.util.CausalityInterfaceForComposites._computeOutputPortDepth(CausalityInterfaceForComposites.java:759)
	at ptolemy.actor.util.CausalityInterfaceForComposites._computeInputDepth(CausalityInterfaceForComposites.java:696)
	at ptolemy.actor.util.CausalityInterfaceForComposites._computeOutputPortDepth(CausalityInterfaceForComposites.java:765)
	at ptolemy.actor.util.CausalityInterfaceForComposites._computeInputDepth(CausalityInterfaceForComposites.java:696)
	at ptolemy.actor.util.CausalityInterfaceForComposites._computeOutputPortDepth(CausalityInterfaceForComposites.java:765)
	at ptolemy.actor.util.CausalityInterfaceForComposites._computeInputDepth(CausalityInterfaceForComposites.java:696)
	at ptolemy.actor.util.CausalityInterfaceForComposites._computeActorDepth(CausalityInterfaceForComposites.java:532)
	at ptolemy.actor.util.CausalityInterfaceForComposites.checkForCycles(CausalityInterfaceForComposites.java:96)
	at ptolemy.domains.de.kernel.DEDirector.preinitialize(DEDirector.java:1338)
	at ptolemy.actor.CompositeActor.preinitialize(CompositeActor.java:1828)
	at ptolemy.actor.Manager.preinitializeAndResolveTypes(Manager.java:1040)
	at ptolemy.actor.Manager.initialize(Manager.java:710)
	at ptolemy.actor.Manager.execute(Manager.java:356)
	at ptolemy.actor.Manager.run(Manager.java:1263)
	at ptolemy.actor.Manager$PtolemyRunThread.run(Manager.java:1933)
java.lang.RuntimeException: Execution failed
	at ptolemy.moml.MoMLSimpleApplication$UnloadThread.run(MoMLSimpleApplication.java:402)
Caused by: ptolemy.kernel.util.IllegalActionException: Found a zero delay loop containing .dependencyLoop.original
  in .dependencyLoop and .dependencyLoop.original
	at ptolemy.actor.util.CausalityInterfaceForComposites._computeOutputPortDepth(CausalityInterfaceForComposites.java:759)
	at ptolemy.actor.util.CausalityInterfaceForComposites._computeInputDepth(CausalityInterfaceForComposites.java:696)
	at ptolemy.actor.util.CausalityInterfaceForComposites._computeOutputPortDepth(CausalityInterfaceForComposites.java:765)
	at ptolemy.actor.util.CausalityInterfaceForComposites._computeInputDepth(CausalityInterfaceForComposites.java:696)
	at ptolemy.actor.util.CausalityInterfaceForComposites._computeOutputPortDepth(CausalityInterfaceForComposites.java:765)
	at ptolemy.actor.util.CausalityInterfaceForComposites._computeInputDepth(CausalityInterfaceForComposites.java:696)
	at ptolemy.actor.util.CausalityInterfaceForComposites._computeActorDepth(CausalityInterfaceForComposites.java:532)
	at ptolemy.actor.util.CausalityInterfaceForComposites.checkForCycles(CausalityInterfaceForComposites.java:96)
	at ptolemy.domains.de.kernel.DEDirector.preinitialize(DEDirector.java:1338)
	at ptolemy.actor.CompositeActor.preinitialize(CompositeActor.java:1828)
	at ptolemy.actor.Manager.preinitializeAndResolveTypes(Manager.java:1040)
	at ptolemy.actor.Manager.initialize(Manager.java:710)
	at ptolemy.actor.Manager.execute(Manager.java:356)
	at ptolemy.actor.Manager.run(Manager.java:1263)
	at ptolemy.actor.Manager$PtolemyRunThread.run(Manager.java:1933)
java.lang.reflect.InvocationTargetException
	at java.base/jdk.internal.reflect.NativeConstructorAccessorImpl.newInstance0(Native Method)
	at java.base/jdk.internal.reflect.NativeConstructorAccessorImpl.newInstance(NativeConstructorAccessorImpl.java:62)
	at java.base/jdk.internal.reflect.DelegatingConstructorAccessorImpl.newInstance(DelegatingConstructorAccessorImpl.java:45)
	at java.base/java.lang.reflect.Constructor.newInstance(Constructor.java:490)
	at ptolemy.util.test.junit.AutoKnownFailedTests.RunModel(AutoKnownFailedTests.java:105)
	at java.base/jdk.internal.reflect.NativeMethodAccessorImpl.invoke0(Native Method)
	at java.base/jdk.internal.reflect.NativeMethodAccessorImpl.invoke(NativeMethodAccessorImpl.java:62)
	at java.base/jdk.internal.reflect.DelegatingMethodAccessorImpl.invoke(DelegatingMethodAccessorImpl.java:43)
	at java.base/java.lang.reflect.Method.invoke(Method.java:566)
	at org.junit.runners.model.FrameworkMethod$1.runReflectiveCall(FrameworkMethod.java:44)
	at org.junit.internal.runners.model.ReflectiveCallable.run(ReflectiveCallable.java:15)
	at org.junit.runners.model.FrameworkMethod.invokeExplosively(FrameworkMethod.java:41)
	at junitparams.internal.InvokeParameterisedMethod.evaluate(InvokeParameterisedMethod.java:102)
	at org.junit.internal.runners.statements.FailOnTimeout$1.run(FailOnTimeout.java:28)
Caused by: ptolemy.kernel.util.IllegalActionException: Found a zero delay loop containing .dependencyLoop.original
  in .dependencyLoop and .dependencyLoop.original
	at ptolemy.actor.util.CausalityInterfaceForComposites._computeOutputPortDepth(CausalityInterfaceForComposites.java:759)
	at ptolemy.actor.util.CausalityInterfaceForComposites._computeInputDepth(CausalityInterfaceForComposites.java:696)
	at ptolemy.actor.util.CausalityInterfaceForComposites._computeOutputPortDepth(CausalityInterfaceForComposites.java:765)
	at ptolemy.actor.util.CausalityInterfaceForComposites._computeInputDepth(CausalityInterfaceForComposites.java:696)
	at ptolemy.actor.util.CausalityInterfaceForComposites._computeOutputPortDepth(CausalityInterfaceForComposites.java:765)
	at ptolemy.actor.util.CausalityInterfaceForComposites._computeInputDepth(CausalityInterfaceForComposites.java:696)
	at ptolemy.actor.util.CausalityInterfaceForComposites._computeActorDepth(CausalityInterfaceForComposites.java:532)
	at ptolemy.actor.util.CausalityInterfaceForComposites.checkForCycles(CausalityInterfaceForComposites.java:96)
	at ptolemy.domains.de.kernel.DEDirector.preinitialize(DEDirector.java:1338)
	at ptolemy.actor.CompositeActor.preinitialize(CompositeActor.java:1828)
	at ptolemy.actor.Manager.preinitializeAndResolveTypes(Manager.java:1040)
	at ptolemy.actor.Manager.initialize(Manager.java:710)
	at ptolemy.actor.Manager.execute(Manager.java:356)
	at ptolemy.actor.Manager.run(Manager.java:1263)
	at ptolemy.actor.Manager$PtolemyRunThread.run(Manager.java:1933)
java.lang.RuntimeException: Execution failed
	at ptolemy.moml.MoMLSimpleApplication$UnloadThread.run(MoMLSimpleApplication.java:402)
Caused by: ptolemy.kernel.util.IllegalActionException: Found a zero delay loop containing .dependencyLoop2.original
  in .dependencyLoop2 and .dependencyLoop2.original
	at ptolemy.actor.util.CausalityInterfaceForComposites._computeOutputPortDepth(CausalityInterfaceForComposites.java:759)
	at ptolemy.actor.util.CausalityInterfaceForComposites._computeInputDepth(CausalityInterfaceForComposites.java:696)
	at ptolemy.actor.util.CausalityInterfaceForComposites._computeOutputPortDepth(CausalityInterfaceForComposites.java:765)
	at ptolemy.actor.util.CausalityInterfaceForComposites._computeInputDepth(CausalityInterfaceForComposites.java:696)
	at ptolemy.actor.util.CausalityInterfaceForComposites._computeOutputPortDepth(CausalityInterfaceForComposites.java:765)
	at ptolemy.actor.util.CausalityInterfaceForComposites._computeInputDepth(CausalityInterfaceForComposites.java:696)
	at ptolemy.actor.util.CausalityInterfaceForComposites._computeActorDepth(CausalityInterfaceForComposites.java:532)
	at ptolemy.actor.util.CausalityInterfaceForComposites.checkForCycles(CausalityInterfaceForComposites.java:96)
	at ptolemy.domains.de.kernel.DEDirector.preinitialize(DEDirector.java:1338)
	at ptolemy.actor.CompositeActor.preinitialize(CompositeActor.java:1828)
	at ptolemy.actor.Manager.preinitializeAndResolveTypes(Manager.java:1040)
	at ptolemy.actor.Manager.initialize(Manager.java:710)
	at ptolemy.actor.Manager.execute(Manager.java:356)
	at ptolemy.actor.Manager.run(Manager.java:1263)
	at ptolemy.actor.Manager$PtolemyRunThread.run(Manager.java:1933)
java.lang.reflect.InvocationTargetException
	at java.base/jdk.internal.reflect.NativeConstructorAccessorImpl.newInstance0(Native Method)
	at java.base/jdk.internal.reflect.NativeConstructorAccessorImpl.newInstance(NativeConstructorAccessorImpl.java:62)
	at java.base/jdk.internal.reflect.DelegatingConstructorAccessorImpl.newInstance(DelegatingConstructorAccessorImpl.java:45)
	at java.base/java.lang.reflect.Constructor.newInstance(Constructor.java:490)
	at ptolemy.util.test.junit.AutoKnownFailedTests.RunModel(AutoKnownFailedTests.java:105)
	at java.base/jdk.internal.reflect.NativeMethodAccessorImpl.invoke0(Native Method)
	at java.base/jdk.internal.reflect.NativeMethodAccessorImpl.invoke(NativeMethodAccessorImpl.java:62)
	at java.base/jdk.internal.reflect.DelegatingMethodAccessorImpl.invoke(DelegatingMethodAccessorImpl.java:43)
	at java.base/java.lang.reflect.Method.invoke(Method.java:566)
	at org.junit.runners.model.FrameworkMethod$1.runReflectiveCall(FrameworkMethod.java:44)
	at org.junit.internal.runners.model.ReflectiveCallable.run(ReflectiveCallable.java:15)
	at org.junit.runners.model.FrameworkMethod.invokeExplosively(FrameworkMethod.java:41)
	at junitparams.internal.InvokeParameterisedMethod.evaluate(InvokeParameterisedMethod.java:102)
	at org.junit.internal.runners.statements.FailOnTimeout$1.run(FailOnTimeout.java:28)
Caused by: ptolemy.kernel.util.IllegalActionException: Found a zero delay loop containing .dependencyLoop2.original
  in .dependencyLoop2 and .dependencyLoop2.original
	at ptolemy.actor.util.CausalityInterfaceForComposites._computeOutputPortDepth(CausalityInterfaceForComposites.java:759)
	at ptolemy.actor.util.CausalityInterfaceForComposites._computeInputDepth(CausalityInterfaceForComposites.java:696)
	at ptolemy.actor.util.CausalityInterfaceForComposites._computeOutputPortDepth(CausalityInterfaceForComposites.java:765)
	at ptolemy.actor.util.CausalityInterfaceForComposites._computeInputDepth(CausalityInterfaceForComposites.java:696)
	at ptolemy.actor.util.CausalityInterfaceForComposites._computeOutputPortDepth(CausalityInterfaceForComposites.java:765)
	at ptolemy.actor.util.CausalityInterfaceForComposites._computeInputDepth(CausalityInterfaceForComposites.java:696)
	at ptolemy.actor.util.CausalityInterfaceForComposites._computeActorDepth(CausalityInterfaceForComposites.java:532)
	at ptolemy.actor.util.CausalityInterfaceForComposites.checkForCycles(CausalityInterfaceForComposites.java:96)
	at ptolemy.domains.de.kernel.DEDirector.preinitialize(DEDirector.java:1338)
	at ptolemy.actor.CompositeActor.preinitialize(CompositeActor.java:1828)
	at ptolemy.actor.Manager.preinitializeAndResolveTypes(Manager.java:1040)
	at ptolemy.actor.Manager.initialize(Manager.java:710)
	at ptolemy.actor.Manager.execute(Manager.java:356)
	at ptolemy.actor.Manager.run(Manager.java:1263)
	at ptolemy.actor.Manager$PtolemyRunThread.run(Manager.java:1933)
]]></system-err>
</testsuite>
