<?xml version="1.0" encoding="UTF-8" ?>
<testsuite errors="0" failures="0" hostname="travis-job-162ee7e2-00ec-4584-9569-22a257178966" name="ptolemy.domains.de.test.junit.JUnitTclTest" skipped="0" tests="101" time="134.221" timestamp="2019-12-09T06:21:46">
  <properties>
[...]
</properties>
  <testcase classname="ptolemy.util.test.junit.TclTests" name="[0] /home/travis/build/icyphy/ptII/ptolemy/domains/de/test/DependencyLoop.tcl (RunTclFile)" time="1.104" />
  <testcase classname="ptolemy.util.test.junit.TclTests" name="[1] /home/travis/build/icyphy/ptII/ptolemy/domains/de/test/RunDETestsAsQSS.tcl (RunTclFile)" time="90.49" />
  <testcase classname="ptolemy.util.test.junit.AutoKnownFailedTests" name="[0] /home/travis/build/icyphy/ptII/ptolemy/domains/de/test/auto/knownFailedTests/DESDFClockTest.xml (RunModel)" time="2.053" />
  <testcase classname="ptolemy.util.test.junit.AutoKnownFailedTests" name="[1] /home/travis/build/icyphy/ptII/ptolemy/domains/de/test/auto/knownFailedTests/DirectFeedback.xml (RunModel)" time="0.019" />
  <testcase classname="ptolemy.util.test.junit.AutoKnownFailedTests" name="[2] /home/travis/build/icyphy/ptII/ptolemy/domains/de/test/auto/knownFailedTests/FSMSource.xml (RunModel)" time="0.041" />
  <testcase classname="ptolemy.util.test.junit.AutoKnownFailedTests" name="[3] /home/travis/build/icyphy/ptII/ptolemy/domains/de/test/auto/knownFailedTests/HierarchicalModel.xml (RunModel)" time="0.044" />
  <testcase classname="ptolemy.util.test.junit.AutoKnownFailedTests" name="[4] /home/travis/build/icyphy/ptII/ptolemy/domains/de/test/auto/knownFailedTests/dependencyLoop.xml (RunModel)" time="0.048" />
  <testcase classname="ptolemy.util.test.junit.AutoKnownFailedTests" name="[5] /home/travis/build/icyphy/ptII/ptolemy/domains/de/test/auto/knownFailedTests/dependencyLoop2.xml (RunModel)" time="0.05" />
  <testcase classname="ptolemy.util.test.junit.AutoNameArchTests" name="[0] ThereAreNoAutoArchTests (RunModel)" time="0.002" />
  <testcase classname="ptolemy.util.test.junit.AutoTests" name="[0] /home/travis/build/icyphy/ptII/ptolemy/domains/de/test/auto/ActorDepthCalculation_actorWithoutPorts.xml (RunModel)" time="0.03" />
  <testcase classname="ptolemy.util.test.junit.AutoTests" name="[1] /home/travis/build/icyphy/ptII/ptolemy/domains/de/test/auto/AssemblyLine.xml (RunModel)" time="0.026" />
  <testcase classname="ptolemy.util.test.junit.AutoTests" name="[2] /home/travis/build/icyphy/ptII/ptolemy/domains/de/test/auto/CQBug1.xml (RunModel)" time="0.008" />
  <testcase classname="ptolemy.util.test.junit.AutoTests" name="[3] /home/travis/build/icyphy/ptII/ptolemy/domains/de/test/auto/CancelFireAt.xml (RunModel)" time="0.02" />
  <testcase classname="ptolemy.util.test.junit.AutoTests" name="[4] /home/travis/build/icyphy/ptII/ptolemy/domains/de/test/auto/CausalityAndComposabilityAnalysis.xml (RunModel)" time="0.034" />
  <testcase classname="ptolemy.util.test.junit.AutoTests" name="[5] /home/travis/build/icyphy/ptII/ptolemy/domains/de/test/auto/CausalityInterface1.xml (RunModel)" time="0.019" />
  <testcase classname="ptolemy.util.test.junit.AutoTests" name="[6] /home/travis/build/icyphy/ptII/ptolemy/domains/de/test/auto/CausalityInterface15.xml (RunModel)" time="0.019" />
  <testcase classname="ptolemy.util.test.junit.AutoTests" name="[7] /home/travis/build/icyphy/ptII/ptolemy/domains/de/test/auto/CausalityInterface2.xml (RunModel)" time="0.015" />
  <testcase classname="ptolemy.util.test.junit.AutoTests" name="[8] /home/travis/build/icyphy/ptII/ptolemy/domains/de/test/auto/CausalityInterface3.xml (RunModel)" time="0.016" />
  <testcase classname="ptolemy.util.test.junit.AutoTests" name="[9] /home/travis/build/icyphy/ptII/ptolemy/domains/de/test/auto/ClockDrift.xml (RunModel)" time="0.05" />
  <testcase classname="ptolemy.util.test.junit.AutoTests" name="[10] /home/travis/build/icyphy/ptII/ptolemy/domains/de/test/auto/ClockDriftAndValueChange.xml (RunModel)" time="0.034" />
  <testcase classname="ptolemy.util.test.junit.AutoTests" name="[11] /home/travis/build/icyphy/ptII/ptolemy/domains/de/test/auto/ClockDriftChange.xml (RunModel)" time="0.03" />
  <testcase classname="ptolemy.util.test.junit.AutoTests" name="[12] /home/travis/build/icyphy/ptII/ptolemy/domains/de/test/auto/ComposableCausalityAnalysis.xml (RunModel)" time="0.016" />
  <testcase classname="ptolemy.util.test.junit.AutoTests" name="[13] /home/travis/build/icyphy/ptII/ptolemy/domains/de/test/auto/DEFixedPointLimitation.xml (RunModel)" time="0.01" />
  <testcase classname="ptolemy.util.test.junit.AutoTests" name="[14] /home/travis/build/icyphy/ptII/ptolemy/domains/de/test/auto/DEScheduleTest.xml (RunModel)" time="0.02" />
  <testcase classname="ptolemy.util.test.junit.AutoTests" name="[15] /home/travis/build/icyphy/ptII/ptolemy/domains/de/test/auto/DEinDEwithStartTimes.xml (RunModel)" time="0.019" />
  <testcase classname="ptolemy.util.test.junit.AutoTests" name="[16] /home/travis/build/icyphy/ptII/ptolemy/domains/de/test/auto/DEinDEwithStartTimes2.xml (RunModel)" time="0.018" />
  <testcase classname="ptolemy.util.test.junit.AutoTests" name="[17] /home/travis/build/icyphy/ptII/ptolemy/domains/de/test/auto/DateDemo.xml (RunModel)" time="0.034" />
  <testcase classname="ptolemy.util.test.junit.AutoTests" name="[18] /home/travis/build/icyphy/ptII/ptolemy/domains/de/test/auto/DateToEvent.xml (RunModel)" time="2.049" />
  <testcase classname="ptolemy.util.test.junit.AutoTests" name="[19] /home/travis/build/icyphy/ptII/ptolemy/domains/de/test/auto/DepthTest1.xml (RunModel)" time="0.01" />
  <testcase classname="ptolemy.util.test.junit.AutoTests" name="[20] /home/travis/build/icyphy/ptII/ptolemy/domains/de/test/auto/DepthTest2.xml (RunModel)" time="0.019" />
  <testcase classname="ptolemy.util.test.junit.AutoTests" name="[21] /home/travis/build/icyphy/ptII/ptolemy/domains/de/test/auto/DepthTest3.xml (RunModel)" time="0.017" />
  <testcase classname="ptolemy.util.test.junit.AutoTests" name="[22] /home/travis/build/icyphy/ptII/ptolemy/domains/de/test/auto/DepthTest4.xml (RunModel)" time="0.019" />
  <testcase classname="ptolemy.util.test.junit.AutoTests" name="[23] /home/travis/build/icyphy/ptII/ptolemy/domains/de/test/auto/DepthTest5.xml (RunModel)" time="0.012" />
  <testcase classname="ptolemy.util.test.junit.AutoTests" name="[24] /home/travis/build/icyphy/ptII/ptolemy/domains/de/test/auto/DepthTest6.xml (RunModel)" time="0.017" />
  <testcase classname="ptolemy.util.test.junit.AutoTests" name="[25] /home/travis/build/icyphy/ptII/ptolemy/domains/de/test/auto/DepthTest7.xml (RunModel)" time="0.011" />
  <testcase classname="ptolemy.util.test.junit.AutoTests" name="[26] /home/travis/build/icyphy/ptII/ptolemy/domains/de/test/auto/EventToDate.xml (RunModel)" time="3.045" />
  <testcase classname="ptolemy.util.test.junit.AutoTests" name="[27] /home/travis/build/icyphy/ptII/ptolemy/domains/de/test/auto/FSM1.xml (RunModel)" time="0.054" />
  <testcase classname="ptolemy.util.test.junit.AutoTests" name="[28] /home/travis/build/icyphy/ptII/ptolemy/domains/de/test/auto/FSM7.xml (RunModel)" time="0.05" />
  <testcase classname="ptolemy.util.test.junit.AutoTests" name="[29] /home/travis/build/icyphy/ptII/ptolemy/domains/de/test/auto/Inspection.xml (RunModel)" time="0.052" />
  <testcase classname="ptolemy.util.test.junit.AutoTests" name="[30] /home/travis/build/icyphy/ptII/ptolemy/domains/de/test/auto/Iteration.xml (RunModel)" time="0.026" />
  <testcase classname="ptolemy.util.test.junit.AutoTests" name="[31] /home/travis/build/icyphy/ptII/ptolemy/domains/de/test/auto/LineFault.xml (RunModel)" time="0.645" />
  <testcase classname="ptolemy.util.test.junit.AutoTests" name="[32] /home/travis/build/icyphy/ptII/ptolemy/domains/de/test/auto/MergeModel1Add.xml (RunModel)" time="0.054" />
  <testcase classname="ptolemy.util.test.junit.AutoTests" name="[33] /home/travis/build/icyphy/ptII/ptolemy/domains/de/test/auto/MergeModel2Add.xml (RunModel)" time="0.038" />
  <testcase classname="ptolemy.util.test.junit.AutoTests" name="[34] /home/travis/build/icyphy/ptII/ptolemy/domains/de/test/auto/MergeModel3Add.xml (RunModel)" time="0.054" />
  <testcase classname="ptolemy.util.test.junit.AutoTests" name="[35] /home/travis/build/icyphy/ptII/ptolemy/domains/de/test/auto/MergeWithoutDiscard.xml (RunModel)" time="0.017" />
  <testcase classname="ptolemy.util.test.junit.AutoTests" name="[36] /home/travis/build/icyphy/ptII/ptolemy/domains/de/test/auto/Modal1.xml (RunModel)" time="0.038" />
  <testcase classname="ptolemy.util.test.junit.AutoTests" name="[37] /home/travis/build/icyphy/ptII/ptolemy/domains/de/test/auto/Modal2.xml (RunModel)" time="0.038" />
  <testcase classname="ptolemy.util.test.junit.AutoTests" name="[38] /home/travis/build/icyphy/ptII/ptolemy/domains/de/test/auto/Modal3.xml (RunModel)" time="0.032" />
  <testcase classname="ptolemy.util.test.junit.AutoTests" name="[39] /home/travis/build/icyphy/ptII/ptolemy/domains/de/test/auto/Modal4.xml (RunModel)" time="0.03" />
  <testcase classname="ptolemy.util.test.junit.AutoTests" name="[40] /home/travis/build/icyphy/ptII/ptolemy/domains/de/test/auto/Modal5.xml (RunModel)" time="0.028" />
  <testcase classname="ptolemy.util.test.junit.AutoTests" name="[41] /home/travis/build/icyphy/ptII/ptolemy/domains/de/test/auto/Modal6.xml (RunModel)" time="0.028" />
  <testcase classname="ptolemy.util.test.junit.AutoTests" name="[42] /home/travis/build/icyphy/ptII/ptolemy/domains/de/test/auto/Modal7.xml (RunModel)" time="0.03" />
  <testcase classname="ptolemy.util.test.junit.AutoTests" name="[43] /home/travis/build/icyphy/ptII/ptolemy/domains/de/test/auto/ModalModel.xml (RunModel)" time="0.168" />
  <testcase classname="ptolemy.util.test.junit.AutoTests" name="[44] /home/travis/build/icyphy/ptII/ptolemy/domains/de/test/auto/ModalSource.xml (RunModel)" time="0.028" />
  <testcase classname="ptolemy.util.test.junit.AutoTests" name="[45] /home/travis/build/icyphy/ptII/ptolemy/domains/de/test/auto/NonInterruptibleTimerZeroDelay.xml (RunModel)" time="0.01" />
  <testcase classname="ptolemy.util.test.junit.AutoTests" name="[46] /home/travis/build/icyphy/ptII/ptolemy/domains/de/test/auto/OpenQueueingNetwork.xml (RunModel)" time="2.656" />
  <testcase classname="ptolemy.util.test.junit.AutoTests" name="[47] /home/travis/build/icyphy/ptII/ptolemy/domains/de/test/auto/OpenQueuingNetwork.xml (RunModel)" time="0.298" />
  <testcase classname="ptolemy.util.test.junit.AutoTests" name="[48] /home/travis/build/icyphy/ptII/ptolemy/domains/de/test/auto/PeriodicSampler.xml (RunModel)" time="0.013" />
  <testcase classname="ptolemy.util.test.junit.AutoTests" name="[49] /home/travis/build/icyphy/ptII/ptolemy/domains/de/test/auto/PersistentIO.xml (RunModel)" time="0.031" />
  <testcase classname="ptolemy.util.test.junit.AutoTests" name="[50] /home/travis/build/icyphy/ptII/ptolemy/domains/de/test/auto/PortParameterResetOnInitialize.xml (RunModel)" time="0.021" />
  <testcase classname="ptolemy.util.test.junit.AutoTests" name="[51] /home/travis/build/icyphy/ptII/ptolemy/domains/de/test/auto/PortParameterUpdates.xml (RunModel)" time="0.014" />
  <testcase classname="ptolemy.util.test.junit.AutoTests" name="[52] /home/travis/build/icyphy/ptII/ptolemy/domains/de/test/auto/QueueAndServer.xml (RunModel)" time="0.023" />
  <testcase classname="ptolemy.util.test.junit.AutoTests" name="[53] /home/travis/build/icyphy/ptII/ptolemy/domains/de/test/auto/Records.xml (RunModel)" time="0.018" />
  <testcase classname="ptolemy.util.test.junit.AutoTests" name="[54] /home/travis/build/icyphy/ptII/ptolemy/domains/de/test/auto/ResetTransitionWithStartTime1.xml (RunModel)" time="0.022" />
  <testcase classname="ptolemy.util.test.junit.AutoTests" name="[55] /home/travis/build/icyphy/ptII/ptolemy/domains/de/test/auto/ResetTransitionWithStartTime2.xml (RunModel)" time="0.02" />
  <testcase classname="ptolemy.util.test.junit.AutoTests" name="[56] /home/travis/build/icyphy/ptII/ptolemy/domains/de/test/auto/ResetTransitionWithStartTime3.xml (RunModel)" time="0.017" />
  <testcase classname="ptolemy.util.test.junit.AutoTests" name="[57] /home/travis/build/icyphy/ptII/ptolemy/domains/de/test/auto/ResetTransitionWithStartTime4.xml (RunModel)" time="0.017" />
  <testcase classname="ptolemy.util.test.junit.AutoTests" name="[58] /home/travis/build/icyphy/ptII/ptolemy/domains/de/test/auto/ResettableTimer1.xml (RunModel)" time="0.014" />
  <testcase classname="ptolemy.util.test.junit.AutoTests" name="[59] /home/travis/build/icyphy/ptII/ptolemy/domains/de/test/auto/ResettableTimer2.xml (RunModel)" time="0.008" />
  <testcase classname="ptolemy.util.test.junit.AutoTests" name="[60] /home/travis/build/icyphy/ptII/ptolemy/domains/de/test/auto/ResettableTimer3.xml (RunModel)" time="0.008" />
  <testcase classname="ptolemy.util.test.junit.AutoTests" name="[61] /home/travis/build/icyphy/ptII/ptolemy/domains/de/test/auto/ResettableTimer4.xml (RunModel)" time="0.01" />
  <testcase classname="ptolemy.util.test.junit.AutoTests" name="[62] /home/travis/build/icyphy/ptII/ptolemy/domains/de/test/auto/ResettableTimer5.xml (RunModel)" time="0.009" />
  <testcase classname="ptolemy.util.test.junit.AutoTests" name="[63] /home/travis/build/icyphy/ptII/ptolemy/domains/de/test/auto/ResettableTimer6.xml (RunModel)" time="0.015" />
  <testcase classname="ptolemy.util.test.junit.AutoTests" name="[64] /home/travis/build/icyphy/ptII/ptolemy/domains/de/test/auto/ServerZeroDelay.xml (RunModel)" time="0.011" />
  <testcase classname="ptolemy.util.test.junit.AutoTests" name="[65] /home/travis/build/icyphy/ptII/ptolemy/domains/de/test/auto/SmartSender.xml (RunModel)" time="3.01" />
  <testcase classname="ptolemy.util.test.junit.AutoTests" name="[66] /home/travis/build/icyphy/ptII/ptolemy/domains/de/test/auto/ThreadedComposite.xml (RunModel)" time="0.113" />
  <testcase classname="ptolemy.util.test.junit.AutoTests" name="[67] /home/travis/build/icyphy/ptII/ptolemy/domains/de/test/auto/Time.xml (RunModel)" time="0.474" />
  <testcase classname="ptolemy.util.test.junit.AutoTests" name="[68] /home/travis/build/icyphy/ptII/ptolemy/domains/de/test/auto/TimeDelayZeroDelay.xml (RunModel)" time="0.012" />
  <testcase classname="ptolemy.util.test.junit.AutoTests" name="[69] /home/travis/build/icyphy/ptII/ptolemy/domains/de/test/auto/TimerZeroDelay.xml (RunModel)" time="0.01" />
  <testcase classname="ptolemy.util.test.junit.AutoTests" name="[70] /home/travis/build/icyphy/ptII/ptolemy/domains/de/test/auto/TimingParadox.xml (RunModel)" time="0.382" />
  <testcase classname="ptolemy.util.test.junit.AutoTests" name="[71] /home/travis/build/icyphy/ptII/ptolemy/domains/de/test/auto/TransferInputs.xml (RunModel)" time="0.013" />
  <testcase classname="ptolemy.util.test.junit.AutoTests" name="[72] /home/travis/build/icyphy/ptII/ptolemy/domains/de/test/auto/TransferOutputs2.xml (RunModel)" time="0.014" />
  <testcase classname="ptolemy.util.test.junit.AutoTests" name="[73] /home/travis/build/icyphy/ptII/ptolemy/domains/de/test/auto/Trilateration.xml (RunModel)" time="13.377" />
  <testcase classname="ptolemy.util.test.junit.AutoTests" name="[74] /home/travis/build/icyphy/ptII/ptolemy/domains/de/test/auto/TwoSigmaDelta.xml (RunModel)" time="2.004" />
  <testcase classname="ptolemy.util.test.junit.AutoTests" name="[75] /home/travis/build/icyphy/ptII/ptolemy/domains/de/test/auto/VariableDelay.xml (RunModel)" time="0.023" />
  <testcase classname="ptolemy.util.test.junit.AutoTests" name="[76] /home/travis/build/icyphy/ptII/ptolemy/domains/de/test/auto/VariableDelay2.xml (RunModel)" time="0.02" />
  <testcase classname="ptolemy.util.test.junit.AutoTests" name="[77] /home/travis/build/icyphy/ptII/ptolemy/domains/de/test/auto/VariableDelayZeroDelay.xml (RunModel)" time="0.011" />
  <testcase classname="ptolemy.util.test.junit.AutoTests" name="[78] /home/travis/build/icyphy/ptII/ptolemy/domains/de/test/auto/VariableDelayZeroDelay2.xml (RunModel)" time="0.011" />
  <testcase classname="ptolemy.util.test.junit.AutoTests" name="[79] /home/travis/build/icyphy/ptII/ptolemy/domains/de/test/auto/deInCt.xml (RunModel)" time="0.018" />
  <testcase classname="ptolemy.util.test.junit.AutoTests" name="[80] /home/travis/build/icyphy/ptII/ptolemy/domains/de/test/auto/deInCt2.xml (RunModel)" time="0.025" />
  <testcase classname="ptolemy.util.test.junit.AutoTests" name="[81] /home/travis/build/icyphy/ptII/ptolemy/domains/de/test/auto/dynamicCausalityInterface1.xml (RunModel)" time="0.019" />
  <testcase classname="ptolemy.util.test.junit.AutoTests" name="[82] /home/travis/build/icyphy/ptII/ptolemy/domains/de/test/auto/fsm_de_test.xml (RunModel)" time="0.028" />
  <testcase classname="ptolemy.util.test.junit.AutoTests" name="[83] /home/travis/build/icyphy/ptII/ptolemy/domains/de/test/auto/functionDependencyReconstruction.xml (RunModel)" time="0.04" />
  <testcase classname="ptolemy.util.test.junit.AutoTests" name="[84] /home/travis/build/icyphy/ptII/ptolemy/domains/de/test/auto/multirate.xml (RunModel)" time="0.017" />
  <testcase classname="ptolemy.util.test.junit.AutoTests" name="[85] /home/travis/build/icyphy/ptII/ptolemy/domains/de/test/auto/multirate2.xml (RunModel)" time="0.017" />
  <testcase classname="ptolemy.util.test.junit.AutoTests" name="[86] /home/travis/build/icyphy/ptII/ptolemy/domains/de/test/auto/realtime.xml (RunModel)" time="10.014" />
  <testcase classname="ptolemy.util.test.junit.AutoTests" name="[87] /home/travis/build/icyphy/ptII/ptolemy/domains/de/test/auto/relationGroup.xml (RunModel)" time="0.013" />
  <testcase classname="ptolemy.util.test.junit.AutoTests" name="[88] /home/travis/build/icyphy/ptII/ptolemy/domains/de/test/auto/relationGroup2.xml (RunModel)" time="0.007" />
  <testcase classname="ptolemy.util.test.junit.AutoTests" name="[89] /home/travis/build/icyphy/ptII/ptolemy/domains/de/test/auto/sortWithOpaquePorts.xml (RunModel)" time="0.009" />
  <testcase classname="ptolemy.util.test.junit.AutoTests" name="[90] /home/travis/build/icyphy/ptII/ptolemy/domains/de/test/auto/transferInputsandOutputs.xml (RunModel)" time="0.015" />
  <testcase classname="ptolemy.util.test.junit.AutoTests" name="[91] /home/travis/build/icyphy/ptII/ptolemy/domains/de/test/auto/triggerType.xml (RunModel)" time="0.009" />
  <system-out><![CDATA[/home/travis/build/icyphy/ptII/ptolemy/domains/de/test/DependencyLoop.tcl
testDefs.tcl: setting time out to 9000 seconds at Mon Dec 09 06:21:46 UTC 2019
94 ms. Memory: 120832K Free: 72134K (60%)
29 ms. Memory: 120832K Free: 54719K (45%)
/home/travis/build/icyphy/ptII/ptolemy/domains/de/test/RunDETestsAsQSS.tcl
Run the DE tests using ptolemy.domains.qss.test.QSSDirectorTest, which extends QSSDirector and prints a message in the constructors.
------------------ testing $PTII/ptolemy/domains/de/test/auto/knownFailedTests/DirectFeedback.xml (Known Failure) 
64 ms. Memory: 120832K Free: 48582K (40%)


==== $PTIIhome/travis/build/icyphy/ptII/ptolemy/domains/de/test/../../../../: Auto Automatic test in file $PTII/ptolemy/domains/de/test/auto/knownFailedTests/DirectFeedback.xml
==== Contents of test case:

	    # FIXME: we should use $relativeFilename here, but it
	    # might have backslashes under Windows, which causes no end
	    # of trouble.
	    createAndExecute $file
	    list {}
	
.... Test generated KNOWN error:
    while executing
ptolemy.kernel.util.IllegalActionException: Test fails in iteration 1.
Value was: 1.0. Should have been: 2.0
  in .DirectFeedback.Test
	at ptolemy.actor.lib.Test.fire(Test.java:268)
	at ptolemy.domains.de.kernel.DEDirector._fire(DEDirector.java:1949)
	at ptolemy.domains.de.kernel.DEDirector.fire(DEDirector.java:502)
	at ptolemy.actor.CompositeActor.fire(CompositeActor.java:455)
	at ptolemy.actor.Manager.iterate(Manager.java:851)
	at ptolemy.actor.Manager.execute(Manager.java:369)
	at ptolemy.actor.Manager.run(Manager.java:1263)
	at ptolemy.actor.Manager$PtolemyRunThread.run(Manager.java:1933)

    while executing
ptolemy.kernel.util.IllegalActionException: Test fails in iteration 1.
Value was: 1.0. Should have been: 2.0
  in .DirectFeedback.Test
    while executing
"java::new ptolemy.moml.MoMLSimpleApplication $file
"
    (procedure "createAndExecute" line 2)
    invoked from within
"createAndExecute $file"
    ("uplevel" body line 5)
    invoked from within
"uplevel $contents_of_test"
------------------ testing $PTII/ptolemy/domains/de/test/auto/knownFailedTests/dependencyLoop.xml (Known Failure) 
54 ms. Memory: 120832K Free: 108237K (90%)


==== $PTIIhome/travis/build/icyphy/ptII/ptolemy/domains/de/test/../../../../: Auto Automatic test in file $PTII/ptolemy/domains/de/test/auto/knownFailedTests/dependencyLoop.xml
==== Contents of test case:

	    # FIXME: we should use $relativeFilename here, but it
	    # might have backslashes under Windows, which causes no end
	    # of trouble.
	    createAndExecute $file
	    list {}
	
.... Test generated KNOWN error:
    while executing
ptolemy.kernel.util.IllegalActionException: Found a zero delay loop containing .dependencyLoop.original
  in .dependencyLoop and .dependencyLoop.original
	at ptolemy.actor.util.CausalityInterfaceForComposites._computeOutputPortDepth(CausalityInterfaceForComposites.java:759)
	at ptolemy.actor.util.CausalityInterfaceForComposites._computeInputDepth(CausalityInterfaceForComposites.java:696)
	at ptolemy.actor.util.CausalityInterfaceForComposites._computeOutputPortDepth(CausalityInterfaceForComposites.java:765)
	at ptolemy.actor.util.CausalityInterfaceForComposites._computeInputDepth(CausalityInterfaceForComposites.java:696)
	at ptolemy.actor.util.CausalityInterfaceForComposites._computeOutputPortDepth(CausalityInterfaceForComposites.java:765)
	at ptolemy.actor.util.CausalityInterfaceForComposites._computeInputDepth(CausalityInterfaceForComposites.java:696)
	at ptolemy.actor.util.CausalityInterfaceForComposites._computeActorDepth(CausalityInterfaceForComposites.java:532)
	at ptolemy.actor.util.CausalityInterfaceForComposites.checkForCycles(CausalityInterfaceForComposites.java:96)
	at ptolemy.domains.de.kernel.DEDirector.preinitialize(DEDirector.java:1338)
	at ptolemy.actor.CompositeActor.preinitialize(CompositeActor.java:1828)
	at ptolemy.actor.Manager.preinitializeAndResolveTypes(Manager.java:1040)
	at ptolemy.actor.Manager.initialize(Manager.java:710)
	at ptolemy.actor.Manager.execute(Manager.java:356)
	at ptolemy.actor.Manager.run(Manager.java:1263)
	at ptolemy.actor.Manager$PtolemyRunThread.run(Manager.java:1933)

    while executing
ptolemy.kernel.util.IllegalActionException: Found a zero delay loop containing .dependencyLoop.original
  in .dependencyLoop and .dependencyLoop.original
    while executing
"java::new ptolemy.moml.MoMLSimpleApplication $file
"
    (procedure "createAndExecute" line 2)
    invoked from within
"createAndExecute $file"
    ("uplevel" body line 5)
    invoked from within
"uplevel $contents_of_test"
------------------ testing $PTII/ptolemy/domains/de/test/auto/knownFailedTests/FSMSource.xml (Known Failure) 
58 ms. Memory: 120832K Free: 99080K (82%)
!!!! Auto was marked as failing, but now passes
------------------ testing $PTII/ptolemy/domains/de/test/auto/knownFailedTests/HierarchicalModel.xml (Known Failure) 
7 ms. Memory: 120832K Free: 81657K (68%)


==== $PTIIhome/travis/build/icyphy/ptII/ptolemy/domains/de/test/../../../../: Auto Automatic test in file $PTII/ptolemy/domains/de/test/auto/knownFailedTests/HierarchicalModel.xml
==== Contents of test case:

	    # FIXME: we should use $relativeFilename here, but it
	    # might have backslashes under Windows, which causes no end
	    # of trouble.
	    createAndExecute $file
	    list {}
	
.... Test generated KNOWN error:
    while executing
ptolemy.kernel.util.IllegalActionException: Found a zero delay loop containing .HierarchicalModel.A
  in .HierarchicalModel and .HierarchicalModel.A
	at ptolemy.actor.util.CausalityInterfaceForComposites._computeOutputPortDepth(CausalityInterfaceForComposites.java:759)
	at ptolemy.actor.util.CausalityInterfaceForComposites._computeInputDepth(CausalityInterfaceForComposites.java:696)
	at ptolemy.actor.util.CausalityInterfaceForComposites._computeOutputPortDepth(CausalityInterfaceForComposites.java:765)
	at ptolemy.actor.util.CausalityInterfaceForComposites._computeInputDepth(CausalityInterfaceForComposites.java:696)
	at ptolemy.actor.util.CausalityInterfaceForComposites._computeOutputPortDepth(CausalityInterfaceForComposites.java:765)
	at ptolemy.actor.util.CausalityInterfaceForComposites._computeInputDepth(CausalityInterfaceForComposites.java:696)
	at ptolemy.actor.util.CausalityInterfaceForComposites._computeActorDepth(CausalityInterfaceForComposites.java:532)
	at ptolemy.actor.util.CausalityInterfaceForComposites.checkForCycles(CausalityInterfaceForComposites.java:96)
	at ptolemy.domains.de.kernel.DEDirector.preinitialize(DEDirector.java:1338)
	at ptolemy.actor.CompositeActor.preinitialize(CompositeActor.java:1828)
	at ptolemy.actor.Manager.preinitializeAndResolveTypes(Manager.java:1040)
	at ptolemy.actor.Manager.initialize(Manager.java:710)
	at ptolemy.actor.Manager.execute(Manager.java:356)
	at ptolemy.actor.Manager.run(Manager.java:1263)
	at ptolemy.actor.Manager$PtolemyRunThread.run(Manager.java:1933)

    while executing
ptolemy.kernel.util.IllegalActionException: Found a zero delay loop containing .HierarchicalModel.A
  in .HierarchicalModel and .HierarchicalModel.A
    while executing
"java::new ptolemy.moml.MoMLSimpleApplication $file
"
    (procedure "createAndExecute" line 2)
    invoked from within
"createAndExecute $file"
    ("uplevel" body line 5)
    invoked from within
"uplevel $contents_of_test"
------------------ testing $PTII/ptolemy/domains/de/test/auto/knownFailedTests/dependencyLoop2.xml (Known Failure) 
25 ms. Memory: 120832K Free: 105332K (87%)


==== $PTIIhome/travis/build/icyphy/ptII/ptolemy/domains/de/test/../../../../: Auto Automatic test in file $PTII/ptolemy/domains/de/test/auto/knownFailedTests/dependencyLoop2.xml
==== Contents of test case:

	    # FIXME: we should use $relativeFilename here, but it
	    # might have backslashes under Windows, which causes no end
	    # of trouble.
	    createAndExecute $file
	    list {}
	
.... Test generated KNOWN error:
    while executing
ptolemy.kernel.util.IllegalActionException: Found a zero delay loop containing .dependencyLoop2.original
  in .dependencyLoop2 and .dependencyLoop2.original
	at ptolemy.actor.util.CausalityInterfaceForComposites._computeOutputPortDepth(CausalityInterfaceForComposites.java:759)
	at ptolemy.actor.util.CausalityInterfaceForComposites._computeInputDepth(CausalityInterfaceForComposites.java:696)
	at ptolemy.actor.util.CausalityInterfaceForComposites._computeOutputPortDepth(CausalityInterfaceForComposites.java:765)
	at ptolemy.actor.util.CausalityInterfaceForComposites._computeInputDepth(CausalityInterfaceForComposites.java:696)
	at ptolemy.actor.util.CausalityInterfaceForComposites._computeOutputPortDepth(CausalityInterfaceForComposites.java:765)
	at ptolemy.actor.util.CausalityInterfaceForComposites._computeInputDepth(CausalityInterfaceForComposites.java:696)
	at ptolemy.actor.util.CausalityInterfaceForComposites._computeActorDepth(CausalityInterfaceForComposites.java:532)
	at ptolemy.actor.util.CausalityInterfaceForComposites.checkForCycles(CausalityInterfaceForComposites.java:96)
	at ptolemy.domains.de.kernel.DEDirector.preinitialize(DEDirector.java:1338)
	at ptolemy.actor.CompositeActor.preinitialize(CompositeActor.java:1828)
	at ptolemy.actor.Manager.preinitializeAndResolveTypes(Manager.java:1040)
	at ptolemy.actor.Manager.initialize(Manager.java:710)
	at ptolemy.actor.Manager.execute(Manager.java:356)
	at ptolemy.actor.Manager.run(Manager.java:1263)
	at ptolemy.actor.Manager$PtolemyRunThread.run(Manager.java:1933)

    while executing
ptolemy.kernel.util.IllegalActionException: Found a zero delay loop containing .dependencyLoop2.original
  in .dependencyLoop2 and .dependencyLoop2.original
    while executing
"java::new ptolemy.moml.MoMLSimpleApplication $file
"
    (procedure "createAndExecute" line 2)
    invoked from within
"createAndExecute $file"
    ("uplevel" body line 5)
    invoked from within
"uplevel $contents_of_test"
------------------ testing $PTII/ptolemy/domains/de/test/auto/knownFailedTests/DESDFClockTest.xml (Known Failure) 
2047 ms. Memory: 120832K Free: 92530K (77%)


==== $PTIIhome/travis/build/icyphy/ptII/ptolemy/domains/de/test/../../../../: Auto Automatic test in file $PTII/ptolemy/domains/de/test/auto/knownFailedTests/DESDFClockTest.xml
==== Contents of test case:

	    # FIXME: we should use $relativeFilename here, but it
	    # might have backslashes under Windows, which causes no end
	    # of trouble.
	    createAndExecute $file
	    list {}
	
.... Test generated KNOWN error:
    while executing
ptolemy.kernel.util.IllegalActionException: Actor is not ready to fire.  Perhaps UpSample.prefire() returned false? Try debugging the actor by selecting "Listen to Actor".  Also, for SDF check moml for tokenConsumptionRate on input.
  in .DESDFClockTest.Play Bell.Copy1:SDF Director and .DESDFClockTest.Play Bell.UpSample
	at ptolemy.actor.sched.StaticSchedulingDirector.fire(StaticSchedulingDirector.java:227)
	at ptolemy.domains.sdf.kernel.SDFDirector.fire(SDFDirector.java:500)
	at ptolemy.actor.CompositeActor.fire(CompositeActor.java:455)
	at ptolemy.domains.de.kernel.DEDirector._fire(DEDirector.java:1949)
	at ptolemy.domains.de.kernel.DEDirector.fire(DEDirector.java:502)
	at ptolemy.actor.CompositeActor.fire(CompositeActor.java:455)
	at ptolemy.actor.Manager.iterate(Manager.java:851)
	at ptolemy.actor.Manager.execute(Manager.java:369)
	at ptolemy.actor.Manager.run(Manager.java:1263)
	at ptolemy.actor.Manager$PtolemyRunThread.run(Manager.java:1933)

    while executing
ptolemy.kernel.util.IllegalActionException: Actor is not ready to fire.  Perhaps UpSample.prefire() returned false? Try debugging the actor by selecting "Listen to Actor".  Also, for SDF check moml for tokenConsumptionRate on input.
  in .DESDFClockTest.Play Bell.Copy1:SDF Director and .DESDFClockTest.Play Bell.UpSample
    while executing
"java::new ptolemy.moml.MoMLSimpleApplication $file
"
    (procedure "createAndExecute" line 2)
    invoked from within
"createAndExecute $file"
    ("uplevel" body line 5)
    invoked from within
"uplevel $contents_of_test"
------------------ testing $PTII/ptolemy/domains/de/test/auto/ActorDepthCalculation_actorWithoutPorts.xml
auto.tcl: Setting watchdog for 200 seconds at Mon Dec 09 06:21:50 UTC 2019
14 ms. Memory: 120832K Free: 84852K (70%)
ptolemy.util.test.WatchDog.cancel(): canceling Mon Dec 09 06:21:50 UTC 2019
auto.tcl: Setting watchdog for 200 seconds at Mon Dec 09 06:21:50 UTC 2019
7 ms. Memory: 120832K Free: 83300K (69%)
ptolemy.util.test.WatchDog.cancel(): canceling Mon Dec 09 06:21:50 UTC 2019
------------------ testing $PTII/ptolemy/domains/de/test/auto/AssemblyLine.xml
auto.tcl: Setting watchdog for 200 seconds at Mon Dec 09 06:21:51 UTC 2019
19 ms. Memory: 48128K Free: 25516K (53%)
ptolemy.util.test.WatchDog.cancel(): canceling Mon Dec 09 06:21:51 UTC 2019
auto.tcl: Setting watchdog for 200 seconds at Mon Dec 09 06:21:51 UTC 2019
12 ms. Memory: 48128K Free: 25084K (52%)
ptolemy.util.test.WatchDog.cancel(): canceling Mon Dec 09 06:21:51 UTC 2019
------------------ testing $PTII/ptolemy/domains/de/test/auto/CQBug1.xml
auto.tcl: Setting watchdog for 200 seconds at Mon Dec 09 06:21:51 UTC 2019
3 ms. Memory: 48128K Free: 31572K (66%)
ptolemy.util.test.WatchDog.cancel(): canceling Mon Dec 09 06:21:51 UTC 2019
auto.tcl: Setting watchdog for 200 seconds at Mon Dec 09 06:21:51 UTC 2019
2 ms. Memory: 48128K Free: 31132K (65%)
ptolemy.util.test.WatchDog.cancel(): canceling Mon Dec 09 06:21:51 UTC 2019
------------------ testing $PTII/ptolemy/domains/de/test/auto/CancelFireAt.xml
auto.tcl: Setting watchdog for 200 seconds at Mon Dec 09 06:21:51 UTC 2019
3 ms. Memory: 45056K Free: 29704K (66%)
ptolemy.util.test.WatchDog.cancel(): canceling Mon Dec 09 06:21:51 UTC 2019
auto.tcl: Setting watchdog for 200 seconds at Mon Dec 09 06:21:51 UTC 2019
2 ms. Memory: 45056K Free: 29320K (65%)
ptolemy.util.test.WatchDog.cancel(): canceling Mon Dec 09 06:21:51 UTC 2019
------------------ testing $PTII/ptolemy/domains/de/test/auto/CausalityAndComposabilityAnalysis.xml
auto.tcl: Setting watchdog for 200 seconds at Mon Dec 09 06:21:51 UTC 2019
14 ms. Memory: 45056K Free: 27685K (61%)
ptolemy.util.test.WatchDog.cancel(): canceling Mon Dec 09 06:21:51 UTC 2019
auto.tcl: Setting watchdog for 200 seconds at Mon Dec 09 06:21:51 UTC 2019
5 ms. Memory: 45056K Free: 26902K (60%)
ptolemy.util.test.WatchDog.cancel(): canceling Mon Dec 09 06:21:51 UTC 2019
------------------ testing $PTII/ptolemy/domains/de/test/auto/CausalityInterface1.xml
auto.tcl: Setting watchdog for 200 seconds at Mon Dec 09 06:21:51 UTC 2019
28 ms. Memory: 45056K Free: 26365K (59%)
ptolemy.util.test.WatchDog.cancel(): canceling Mon Dec 09 06:21:51 UTC 2019
auto.tcl: Setting watchdog for 200 seconds at Mon Dec 09 06:21:51 UTC 2019
4 ms. Memory: 45056K Free: 25398K (56%)
ptolemy.util.test.WatchDog.cancel(): canceling Mon Dec 09 06:21:51 UTC 2019
------------------ testing $PTII/ptolemy/domains/de/test/auto/CausalityInterface15.xml
auto.tcl: Setting watchdog for 200 seconds at Mon Dec 09 06:21:51 UTC 2019
9 ms. Memory: 45056K Free: 26073K (58%)
ptolemy.util.test.WatchDog.cancel(): canceling Mon Dec 09 06:21:51 UTC 2019
auto.tcl: Setting watchdog for 200 seconds at Mon Dec 09 06:21:51 UTC 2019
7 ms. Memory: 45056K Free: 25373K (56%)
ptolemy.util.test.WatchDog.cancel(): canceling Mon Dec 09 06:21:51 UTC 2019
------------------ testing $PTII/ptolemy/domains/de/test/auto/CausalityInterface2.xml
auto.tcl: Setting watchdog for 200 seconds at Mon Dec 09 06:21:51 UTC 2019
4 ms. Memory: 45056K Free: 27090K (60%)
ptolemy.util.test.WatchDog.cancel(): canceling Mon Dec 09 06:21:51 UTC 2019
auto.tcl: Setting watchdog for 200 seconds at Mon Dec 09 06:21:51 UTC 2019
3 ms. Memory: 45056K Free: 26378K (59%)
ptolemy.util.test.WatchDog.cancel(): canceling Mon Dec 09 06:21:51 UTC 2019
------------------ testing $PTII/ptolemy/domains/de/test/auto/CausalityInterface3.xml
auto.tcl: Setting watchdog for 200 seconds at Mon Dec 09 06:21:52 UTC 2019
3 ms. Memory: 45056K Free: 26542K (59%)
ptolemy.util.test.WatchDog.cancel(): canceling Mon Dec 09 06:21:52 UTC 2019
auto.tcl: Setting watchdog for 200 seconds at Mon Dec 09 06:21:52 UTC 2019
3 ms. Memory: 45056K Free: 25767K (57%)
ptolemy.util.test.WatchDog.cancel(): canceling Mon Dec 09 06:21:52 UTC 2019
------------------ testing $PTII/ptolemy/domains/de/test/auto/ClockDrift.xml
auto.tcl: Setting watchdog for 200 seconds at Mon Dec 09 06:21:52 UTC 2019
80 ms. Memory: 45056K Free: 19126K (42%)
ptolemy.util.test.WatchDog.cancel(): canceling Mon Dec 09 06:21:52 UTC 2019
auto.tcl: Setting watchdog for 200 seconds at Mon Dec 09 06:21:52 UTC 2019
51 ms. Memory: 45056K Free: 16142K (36%)
ptolemy.util.test.WatchDog.cancel(): canceling Mon Dec 09 06:21:52 UTC 2019
------------------ testing $PTII/ptolemy/domains/de/test/auto/ClockDriftAndValueChange.xml
auto.tcl: Setting watchdog for 200 seconds at Mon Dec 09 06:21:52 UTC 2019
37 ms. Memory: 45056K Free: 19216K (43%)
ptolemy.util.test.WatchDog.cancel(): canceling Mon Dec 09 06:21:52 UTC 2019
auto.tcl: Setting watchdog for 200 seconds at Mon Dec 09 06:21:52 UTC 2019
21 ms. Memory: 45056K Free: 16372K (36%)
ptolemy.util.test.WatchDog.cancel(): canceling Mon Dec 09 06:21:52 UTC 2019
------------------ testing $PTII/ptolemy/domains/de/test/auto/ClockDriftChange.xml
auto.tcl: Setting watchdog for 200 seconds at Mon Dec 09 06:21:52 UTC 2019
24 ms. Memory: 45056K Free: 21265K (47%)
ptolemy.util.test.WatchDog.cancel(): canceling Mon Dec 09 06:21:52 UTC 2019
auto.tcl: Setting watchdog for 200 seconds at Mon Dec 09 06:21:52 UTC 2019
32 ms. Memory: 45056K Free: 18735K (42%)
ptolemy.util.test.WatchDog.cancel(): canceling Mon Dec 09 06:21:52 UTC 2019
------------------ testing $PTII/ptolemy/domains/de/test/auto/ComposableCausalityAnalysis.xml
auto.tcl: Setting watchdog for 200 seconds at Mon Dec 09 06:21:52 UTC 2019
3 ms. Memory: 45056K Free: 25855K (57%)
ptolemy.util.test.WatchDog.cancel(): canceling Mon Dec 09 06:21:52 UTC 2019
auto.tcl: Setting watchdog for 200 seconds at Mon Dec 09 06:21:52 UTC 2019
5 ms. Memory: 45056K Free: 24603K (55%)
ptolemy.util.test.WatchDog.cancel(): canceling Mon Dec 09 06:21:52 UTC 2019
------------------ testing $PTII/ptolemy/domains/de/test/auto/DEFixedPointLimitation.xml
auto.tcl: Setting watchdog for 200 seconds at Mon Dec 09 06:21:52 UTC 2019
2 ms. Memory: 45056K Free: 27248K (60%)
ptolemy.util.test.WatchDog.cancel(): canceling Mon Dec 09 06:21:52 UTC 2019
auto.tcl: Setting watchdog for 200 seconds at Mon Dec 09 06:21:52 UTC 2019
2 ms. Memory: 45056K Free: 26337K (58%)
ptolemy.util.test.WatchDog.cancel(): canceling Mon Dec 09 06:21:52 UTC 2019
------------------ testing $PTII/ptolemy/domains/de/test/auto/DEScheduleTest.xml
auto.tcl: Setting watchdog for 200 seconds at Mon Dec 09 06:21:52 UTC 2019
4 ms. Memory: 45056K Free: 27562K (61%)
ptolemy.util.test.WatchDog.cancel(): canceling Mon Dec 09 06:21:52 UTC 2019
auto.tcl: Setting watchdog for 200 seconds at Mon Dec 09 06:21:52 UTC 2019
3 ms. Memory: 45056K Free: 26823K (60%)
ptolemy.util.test.WatchDog.cancel(): canceling Mon Dec 09 06:21:52 UTC 2019
------------------ testing $PTII/ptolemy/domains/de/test/auto/DEinDEwithStartTimes.xml
auto.tcl: Setting watchdog for 200 seconds at Mon Dec 09 06:21:52 UTC 2019
5 ms. Memory: 45056K Free: 25692K (57%)
ptolemy.util.test.WatchDog.cancel(): canceling Mon Dec 09 06:21:52 UTC 2019
auto.tcl: Setting watchdog for 200 seconds at Mon Dec 09 06:21:52 UTC 2019
6 ms. Memory: 45056K Free: 24668K (55%)
ptolemy.util.test.WatchDog.cancel(): canceling Mon Dec 09 06:21:53 UTC 2019
------------------ testing $PTII/ptolemy/domains/de/test/auto/DEinDEwithStartTimes2.xml
auto.tcl: Setting watchdog for 200 seconds at Mon Dec 09 06:21:53 UTC 2019
5 ms. Memory: 45056K Free: 24922K (55%)
ptolemy.util.test.WatchDog.cancel(): canceling Mon Dec 09 06:21:53 UTC 2019
auto.tcl: Setting watchdog for 200 seconds at Mon Dec 09 06:21:53 UTC 2019
4 ms. Memory: 45056K Free: 23623K (52%)
ptolemy.util.test.WatchDog.cancel(): canceling Mon Dec 09 06:21:53 UTC 2019
------------------ testing $PTII/ptolemy/domains/de/test/auto/DateDemo.xml
auto.tcl: Setting watchdog for 200 seconds at Mon Dec 09 06:21:53 UTC 2019
13 ms. Memory: 45056K Free: 19275K (43%)
ptolemy.util.test.WatchDog.cancel(): canceling Mon Dec 09 06:21:53 UTC 2019
auto.tcl: Setting watchdog for 200 seconds at Mon Dec 09 06:21:53 UTC 2019
8 ms. Memory: 45056K Free: 17740K (39%)
ptolemy.util.test.WatchDog.cancel(): canceling Mon Dec 09 06:21:53 UTC 2019
------------------ testing $PTII/ptolemy/domains/de/test/auto/DateToEvent.xml
auto.tcl: Setting watchdog for 200 seconds at Mon Dec 09 06:21:53 UTC 2019
2010 ms. Memory: 45056K Free: 14959K (33%)
ptolemy.util.test.WatchDog.cancel(): canceling Mon Dec 09 06:21:55 UTC 2019
auto.tcl: Setting watchdog for 200 seconds at Mon Dec 09 06:21:55 UTC 2019
2005 ms. Memory: 45056K Free: 14228K (32%)
ptolemy.util.test.WatchDog.cancel(): canceling Mon Dec 09 06:21:57 UTC 2019
------------------ testing $PTII/ptolemy/domains/de/test/auto/DepthTest1.xml
auto.tcl: Setting watchdog for 200 seconds at Mon Dec 09 06:21:57 UTC 2019
5 ms. Memory: 45056K Free: 28479K (63%)
ptolemy.util.test.WatchDog.cancel(): canceling Mon Dec 09 06:21:57 UTC 2019
auto.tcl: Setting watchdog for 200 seconds at Mon Dec 09 06:21:57 UTC 2019
2 ms. Memory: 45056K Free: 27971K (62%)
ptolemy.util.test.WatchDog.cancel(): canceling Mon Dec 09 06:21:57 UTC 2019
------------------ testing $PTII/ptolemy/domains/de/test/auto/DepthTest2.xml
auto.tcl: Setting watchdog for 200 seconds at Mon Dec 09 06:21:57 UTC 2019
6 ms. Memory: 45056K Free: 24704K (55%)
ptolemy.util.test.WatchDog.cancel(): canceling Mon Dec 09 06:21:57 UTC 2019
auto.tcl: Setting watchdog for 200 seconds at Mon Dec 09 06:21:57 UTC 2019
3 ms. Memory: 45056K Free: 24312K (54%)
ptolemy.util.test.WatchDog.cancel(): canceling Mon Dec 09 06:21:57 UTC 2019
------------------ testing $PTII/ptolemy/domains/de/test/auto/DepthTest3.xml
auto.tcl: Setting watchdog for 200 seconds at Mon Dec 09 06:21:57 UTC 2019
12 ms. Memory: 45056K Free: 28187K (63%)
ptolemy.util.test.WatchDog.cancel(): canceling Mon Dec 09 06:21:57 UTC 2019
auto.tcl: Setting watchdog for 200 seconds at Mon Dec 09 06:21:57 UTC 2019
2 ms. Memory: 45056K Free: 27809K (62%)
ptolemy.util.test.WatchDog.cancel(): canceling Mon Dec 09 06:21:57 UTC 2019
------------------ testing $PTII/ptolemy/domains/de/test/auto/DepthTest4.xml
auto.tcl: Setting watchdog for 200 seconds at Mon Dec 09 06:21:57 UTC 2019
5 ms. Memory: 45056K Free: 26544K (59%)
ptolemy.util.test.WatchDog.cancel(): canceling Mon Dec 09 06:21:57 UTC 2019
auto.tcl: Setting watchdog for 200 seconds at Mon Dec 09 06:21:57 UTC 2019
2 ms. Memory: 45056K Free: 25806K (57%)
ptolemy.util.test.WatchDog.cancel(): canceling Mon Dec 09 06:21:57 UTC 2019
------------------ testing $PTII/ptolemy/domains/de/test/auto/DepthTest5.xml
auto.tcl: Setting watchdog for 200 seconds at Mon Dec 09 06:21:57 UTC 2019
5 ms. Memory: 45056K Free: 25944K (58%)
ptolemy.util.test.WatchDog.cancel(): canceling Mon Dec 09 06:21:57 UTC 2019
auto.tcl: Setting watchdog for 200 seconds at Mon Dec 09 06:21:57 UTC 2019
3 ms. Memory: 45056K Free: 25177K (56%)
ptolemy.util.test.WatchDog.cancel(): canceling Mon Dec 09 06:21:57 UTC 2019
------------------ testing $PTII/ptolemy/domains/de/test/auto/DepthTest6.xml
auto.tcl: Setting watchdog for 200 seconds at Mon Dec 09 06:21:57 UTC 2019
8 ms. Memory: 45056K Free: 25688K (57%)
ptolemy.util.test.WatchDog.cancel(): canceling Mon Dec 09 06:21:57 UTC 2019
auto.tcl: Setting watchdog for 200 seconds at Mon Dec 09 06:21:57 UTC 2019
3 ms. Memory: 45056K Free: 25126K (56%)
ptolemy.util.test.WatchDog.cancel(): canceling Mon Dec 09 06:21:57 UTC 2019
------------------ testing $PTII/ptolemy/domains/de/test/auto/DepthTest7.xml
auto.tcl: Setting watchdog for 200 seconds at Mon Dec 09 06:21:57 UTC 2019
4 ms. Memory: 45056K Free: 26307K (58%)
ptolemy.util.test.WatchDog.cancel(): canceling Mon Dec 09 06:21:58 UTC 2019
auto.tcl: Setting watchdog for 200 seconds at Mon Dec 09 06:21:58 UTC 2019
3 ms. Memory: 45056K Free: 25404K (56%)
ptolemy.util.test.WatchDog.cancel(): canceling Mon Dec 09 06:21:58 UTC 2019
------------------ testing $PTII/ptolemy/domains/de/test/auto/EventToDate.xml
auto.tcl: Setting watchdog for 200 seconds at Mon Dec 09 06:21:58 UTC 2019
3007 ms. Memory: 45056K Free: 17040K (38%)
ptolemy.util.test.WatchDog.cancel(): canceling Mon Dec 09 06:22:01 UTC 2019
auto.tcl: Setting watchdog for 200 seconds at Mon Dec 09 06:22:01 UTC 2019
3003 ms. Memory: 45056K Free: 16542K (37%)
ptolemy.util.test.WatchDog.cancel(): canceling Mon Dec 09 06:22:04 UTC 2019
------------------ testing $PTII/ptolemy/domains/de/test/auto/FSM1.xml
auto.tcl: Setting watchdog for 200 seconds at Mon Dec 09 06:22:04 UTC 2019
25 ms. Memory: 45056K Free: 18473K (41%)
ptolemy.util.test.WatchDog.cancel(): canceling Mon Dec 09 06:22:04 UTC 2019
auto.tcl: Setting watchdog for 200 seconds at Mon Dec 09 06:22:04 UTC 2019
18 ms. Memory: 45056K Free: 15210K (34%)
ptolemy.util.test.WatchDog.cancel(): canceling Mon Dec 09 06:22:04 UTC 2019
------------------ testing $PTII/ptolemy/domains/de/test/auto/FSM7.xml
auto.tcl: Setting watchdog for 200 seconds at Mon Dec 09 06:22:04 UTC 2019
15 ms. Memory: 45056K Free: 18221K (40%)
ptolemy.util.test.WatchDog.cancel(): canceling Mon Dec 09 06:22:04 UTC 2019
auto.tcl: Setting watchdog for 200 seconds at Mon Dec 09 06:22:04 UTC 2019
28 ms. Memory: 45056K Free: 15112K (34%)
ptolemy.util.test.WatchDog.cancel(): canceling Mon Dec 09 06:22:04 UTC 2019
------------------ testing $PTII/ptolemy/domains/de/test/auto/Inspection.xml
auto.tcl: Setting watchdog for 200 seconds at Mon Dec 09 06:22:04 UTC 2019
24 ms. Memory: 45056K Free: 18233K (40%)
ptolemy.util.test.WatchDog.cancel(): canceling Mon Dec 09 06:22:04 UTC 2019
auto.tcl: Setting watchdog for 200 seconds at Mon Dec 09 06:22:04 UTC 2019
22 ms. Memory: 45056K Free: 16481K (37%)
ptolemy.util.test.WatchDog.cancel(): canceling Mon Dec 09 06:22:04 UTC 2019
------------------ testing $PTII/ptolemy/domains/de/test/auto/Iteration.xml
auto.tcl: Setting watchdog for 200 seconds at Mon Dec 09 06:22:04 UTC 2019
11 ms. Memory: 45056K Free: 23934K (53%)
ptolemy.util.test.WatchDog.cancel(): canceling Mon Dec 09 06:22:04 UTC 2019
auto.tcl: Setting watchdog for 200 seconds at Mon Dec 09 06:22:04 UTC 2019
8 ms. Memory: 45056K Free: 22520K (50%)
ptolemy.util.test.WatchDog.cancel(): canceling Mon Dec 09 06:22:04 UTC 2019
------------------ testing $PTII/ptolemy/domains/de/test/auto/LineFault.xml
auto.tcl: Setting watchdog for 200 seconds at Mon Dec 09 06:22:04 UTC 2019
703 ms. Memory: 45056K Free: 25305K (56%)
ptolemy.util.test.WatchDog.cancel(): canceling Mon Dec 09 06:22:05 UTC 2019
auto.tcl: Setting watchdog for 200 seconds at Mon Dec 09 06:22:05 UTC 2019
630 ms. Memory: 58368K Free: 23809K (41%)
ptolemy.util.test.WatchDog.cancel(): canceling Mon Dec 09 06:22:06 UTC 2019
------------------ testing $PTII/ptolemy/domains/de/test/auto/MergeModel1Add.xml
auto.tcl: Setting watchdog for 200 seconds at Mon Dec 09 06:22:06 UTC 2019
30 ms. Memory: 55296K Free: 20158K (36%)
ptolemy.util.test.WatchDog.cancel(): canceling Mon Dec 09 06:22:06 UTC 2019
auto.tcl: Setting watchdog for 200 seconds at Mon Dec 09 06:22:06 UTC 2019
11 ms. Memory: 55296K Free: 18569K (34%)
ptolemy.util.test.WatchDog.cancel(): canceling Mon Dec 09 06:22:06 UTC 2019
------------------ testing $PTII/ptolemy/domains/de/test/auto/MergeModel2Add.xml
auto.tcl: Setting watchdog for 200 seconds at Mon Dec 09 06:22:06 UTC 2019
9 ms. Memory: 48128K Free: 14836K (31%)
ptolemy.util.test.WatchDog.cancel(): canceling Mon Dec 09 06:22:06 UTC 2019
auto.tcl: Setting watchdog for 200 seconds at Mon Dec 09 06:22:06 UTC 2019
8 ms. Memory: 48128K Free: 13106K (27%)
ptolemy.util.test.WatchDog.cancel(): canceling Mon Dec 09 06:22:06 UTC 2019
------------------ testing $PTII/ptolemy/domains/de/test/auto/MergeModel3Add.xml
auto.tcl: Setting watchdog for 200 seconds at Mon Dec 09 06:22:06 UTC 2019
10 ms. Memory: 48128K Free: 15109K (31%)
ptolemy.util.test.WatchDog.cancel(): canceling Mon Dec 09 06:22:06 UTC 2019
auto.tcl: Setting watchdog for 200 seconds at Mon Dec 09 06:22:06 UTC 2019
11 ms. Memory: 48128K Free: 13507K (28%)
ptolemy.util.test.WatchDog.cancel(): canceling Mon Dec 09 06:22:06 UTC 2019
------------------ testing $PTII/ptolemy/domains/de/test/auto/MergeWithoutDiscard.xml
auto.tcl: Setting watchdog for 200 seconds at Mon Dec 09 06:22:06 UTC 2019
2 ms. Memory: 48128K Free: 29624K (62%)
ptolemy.util.test.WatchDog.cancel(): canceling Mon Dec 09 06:22:06 UTC 2019
auto.tcl: Setting watchdog for 200 seconds at Mon Dec 09 06:22:06 UTC 2019
2 ms. Memory: 48128K Free: 29190K (61%)
ptolemy.util.test.WatchDog.cancel(): canceling Mon Dec 09 06:22:06 UTC 2019
------------------ testing $PTII/ptolemy/domains/de/test/auto/Modal1.xml
auto.tcl: Setting watchdog for 200 seconds at Mon Dec 09 06:22:06 UTC 2019
16 ms. Memory: 48128K Free: 21575K (45%)
ptolemy.util.test.WatchDog.cancel(): canceling Mon Dec 09 06:22:07 UTC 2019
auto.tcl: Setting watchdog for 200 seconds at Mon Dec 09 06:22:07 UTC 2019
12 ms. Memory: 48128K Free: 18135K (38%)
ptolemy.util.test.WatchDog.cancel(): canceling Mon Dec 09 06:22:07 UTC 2019
------------------ testing $PTII/ptolemy/domains/de/test/auto/Modal2.xml
auto.tcl: Setting watchdog for 200 seconds at Mon Dec 09 06:22:07 UTC 2019
11 ms. Memory: 48128K Free: 21667K (45%)
ptolemy.util.test.WatchDog.cancel(): canceling Mon Dec 09 06:22:07 UTC 2019
auto.tcl: Setting watchdog for 200 seconds at Mon Dec 09 06:22:07 UTC 2019
12 ms. Memory: 48128K Free: 18437K (38%)
ptolemy.util.test.WatchDog.cancel(): canceling Mon Dec 09 06:22:07 UTC 2019
------------------ testing $PTII/ptolemy/domains/de/test/auto/Modal3.xml
auto.tcl: Setting watchdog for 200 seconds at Mon Dec 09 06:22:07 UTC 2019
17 ms. Memory: 48128K Free: 21636K (45%)
ptolemy.util.test.WatchDog.cancel(): canceling Mon Dec 09 06:22:07 UTC 2019
auto.tcl: Setting watchdog for 200 seconds at Mon Dec 09 06:22:07 UTC 2019
13 ms. Memory: 48128K Free: 18078K (38%)
ptolemy.util.test.WatchDog.cancel(): canceling Mon Dec 09 06:22:07 UTC 2019
------------------ testing $PTII/ptolemy/domains/de/test/auto/Modal4.xml
auto.tcl: Setting watchdog for 200 seconds at Mon Dec 09 06:22:07 UTC 2019
13 ms. Memory: 48128K Free: 20625K (43%)
ptolemy.util.test.WatchDog.cancel(): canceling Mon Dec 09 06:22:07 UTC 2019
auto.tcl: Setting watchdog for 200 seconds at Mon Dec 09 06:22:07 UTC 2019
16 ms. Memory: 48128K Free: 16760K (35%)
ptolemy.util.test.WatchDog.cancel(): canceling Mon Dec 09 06:22:07 UTC 2019
------------------ testing $PTII/ptolemy/domains/de/test/auto/Modal5.xml
auto.tcl: Setting watchdog for 200 seconds at Mon Dec 09 06:22:07 UTC 2019
24 ms. Memory: 48128K Free: 20611K (43%)
ptolemy.util.test.WatchDog.cancel(): canceling Mon Dec 09 06:22:07 UTC 2019
auto.tcl: Setting watchdog for 200 seconds at Mon Dec 09 06:22:07 UTC 2019
14 ms. Memory: 48128K Free: 16771K (35%)
ptolemy.util.test.WatchDog.cancel(): canceling Mon Dec 09 06:22:07 UTC 2019
------------------ testing $PTII/ptolemy/domains/de/test/auto/Modal6.xml
auto.tcl: Setting watchdog for 200 seconds at Mon Dec 09 06:22:07 UTC 2019
12 ms. Memory: 48128K Free: 21386K (44%)
ptolemy.util.test.WatchDog.cancel(): canceling Mon Dec 09 06:22:07 UTC 2019
auto.tcl: Setting watchdog for 200 seconds at Mon Dec 09 06:22:07 UTC 2019
14 ms. Memory: 48128K Free: 17412K (36%)
ptolemy.util.test.WatchDog.cancel(): canceling Mon Dec 09 06:22:07 UTC 2019
------------------ testing $PTII/ptolemy/domains/de/test/auto/Modal7.xml
auto.tcl: Setting watchdog for 200 seconds at Mon Dec 09 06:22:07 UTC 2019
16 ms. Memory: 48128K Free: 20562K (43%)
ptolemy.util.test.WatchDog.cancel(): canceling Mon Dec 09 06:22:07 UTC 2019
auto.tcl: Setting watchdog for 200 seconds at Mon Dec 09 06:22:07 UTC 2019
13 ms. Memory: 48128K Free: 17090K (36%)
ptolemy.util.test.WatchDog.cancel(): canceling Mon Dec 09 06:22:07 UTC 2019
------------------ testing $PTII/ptolemy/domains/de/test/auto/ModalModel.xml
auto.tcl: Setting watchdog for 200 seconds at Mon Dec 09 06:22:07 UTC 2019
239 ms. Memory: 58368K Free: 38001K (65%)
ptolemy.util.test.WatchDog.cancel(): canceling Mon Dec 09 06:22:08 UTC 2019
auto.tcl: Setting watchdog for 200 seconds at Mon Dec 09 06:22:08 UTC 2019
206 ms. Memory: 58368K Free: 31768K (54%)
ptolemy.util.test.WatchDog.cancel(): canceling Mon Dec 09 06:22:08 UTC 2019
------------------ testing $PTII/ptolemy/domains/de/test/auto/ModalSource.xml
auto.tcl: Setting watchdog for 200 seconds at Mon Dec 09 06:22:08 UTC 2019
6 ms. Memory: 51200K Free: 28516K (56%)
ptolemy.util.test.WatchDog.cancel(): canceling Mon Dec 09 06:22:08 UTC 2019
auto.tcl: Setting watchdog for 200 seconds at Mon Dec 09 06:22:08 UTC 2019
5 ms. Memory: 51200K Free: 26443K (52%)
ptolemy.util.test.WatchDog.cancel(): canceling Mon Dec 09 06:22:08 UTC 2019
------------------ testing $PTII/ptolemy/domains/de/test/auto/NonInterruptibleTimerZeroDelay.xml
auto.tcl: Setting watchdog for 200 seconds at Mon Dec 09 06:22:08 UTC 2019
3 ms. Memory: 51200K Free: 33472K (65%)
ptolemy.util.test.WatchDog.cancel(): canceling Mon Dec 09 06:22:08 UTC 2019
auto.tcl: Setting watchdog for 200 seconds at Mon Dec 09 06:22:08 UTC 2019
2 ms. Memory: 51200K Free: 32751K (64%)
ptolemy.util.test.WatchDog.cancel(): canceling Mon Dec 09 06:22:08 UTC 2019
------------------ testing $PTII/ptolemy/domains/de/test/auto/OpenQueueingNetwork.xml
auto.tcl: Setting watchdog for 200 seconds at Mon Dec 09 06:22:08 UTC 2019
3032 ms. Memory: 102400K Free: 75107K (73%)
ptolemy.util.test.WatchDog.cancel(): canceling Mon Dec 09 06:22:11 UTC 2019
auto.tcl: Setting watchdog for 200 seconds at Mon Dec 09 06:22:11 UTC 2019
2612 ms. Memory: 147456K Free: 71971K (49%)
ptolemy.util.test.WatchDog.cancel(): canceling Mon Dec 09 06:22:14 UTC 2019
------------------ testing $PTII/ptolemy/domains/de/test/auto/OpenQueuingNetwork.xml
auto.tcl: Setting watchdog for 200 seconds at Mon Dec 09 06:22:14 UTC 2019
256 ms. Memory: 55296K Free: 25044K (45%)
ptolemy.util.test.WatchDog.cancel(): canceling Mon Dec 09 06:22:14 UTC 2019
auto.tcl: Setting watchdog for 200 seconds at Mon Dec 09 06:22:14 UTC 2019
254 ms. Memory: 55296K Free: 33556K (61%)
ptolemy.util.test.WatchDog.cancel(): canceling Mon Dec 09 06:22:14 UTC 2019
------------------ testing $PTII/ptolemy/domains/de/test/auto/PeriodicSampler.xml
auto.tcl: Setting watchdog for 200 seconds at Mon Dec 09 06:22:14 UTC 2019
3 ms. Memory: 51200K Free: 32628K (64%)
ptolemy.util.test.WatchDog.cancel(): canceling Mon Dec 09 06:22:14 UTC 2019
auto.tcl: Setting watchdog for 200 seconds at Mon Dec 09 06:22:14 UTC 2019
2 ms. Memory: 51200K Free: 32135K (63%)
ptolemy.util.test.WatchDog.cancel(): canceling Mon Dec 09 06:22:14 UTC 2019
------------------ testing $PTII/ptolemy/domains/de/test/auto/PersistentIO.xml
auto.tcl: Setting watchdog for 200 seconds at Mon Dec 09 06:22:15 UTC 2019
20 ms. Memory: 48128K Free: 24481K (51%)
ptolemy.util.test.WatchDog.cancel(): canceling Mon Dec 09 06:22:15 UTC 2019
auto.tcl: Setting watchdog for 200 seconds at Mon Dec 09 06:22:15 UTC 2019
4 ms. Memory: 48128K Free: 23029K (48%)
ptolemy.util.test.WatchDog.cancel(): canceling Mon Dec 09 06:22:15 UTC 2019
------------------ testing $PTII/ptolemy/domains/de/test/auto/PortParameterResetOnInitialize.xml
auto.tcl: Setting watchdog for 200 seconds at Mon Dec 09 06:22:15 UTC 2019
2 ms. Memory: 48128K Free: 29448K (61%)
ptolemy.util.test.WatchDog.cancel(): canceling Mon Dec 09 06:22:15 UTC 2019
auto.tcl: Setting watchdog for 200 seconds at Mon Dec 09 06:22:15 UTC 2019
2 ms. Memory: 48128K Free: 28975K (60%)
ptolemy.util.test.WatchDog.cancel(): canceling Mon Dec 09 06:22:15 UTC 2019
------------------ testing $PTII/ptolemy/domains/de/test/auto/PortParameterUpdates.xml
auto.tcl: Setting watchdog for 200 seconds at Mon Dec 09 06:22:15 UTC 2019
6 ms. Memory: 48128K Free: 27563K (57%)
ptolemy.util.test.WatchDog.cancel(): canceling Mon Dec 09 06:22:15 UTC 2019
auto.tcl: Setting watchdog for 200 seconds at Mon Dec 09 06:22:15 UTC 2019
7 ms. Memory: 48128K Free: 26108K (54%)
ptolemy.util.test.WatchDog.cancel(): canceling Mon Dec 09 06:22:15 UTC 2019
------------------ testing $PTII/ptolemy/domains/de/test/auto/QueueAndServer.xml
auto.tcl: Setting watchdog for 200 seconds at Mon Dec 09 06:22:15 UTC 2019
17 ms. Memory: 48128K Free: 26482K (55%)
ptolemy.util.test.WatchDog.cancel(): canceling Mon Dec 09 06:22:15 UTC 2019
auto.tcl: Setting watchdog for 200 seconds at Mon Dec 09 06:22:15 UTC 2019
8 ms. Memory: 48128K Free: 25057K (52%)
ptolemy.util.test.WatchDog.cancel(): canceling Mon Dec 09 06:22:15 UTC 2019
------------------ testing $PTII/ptolemy/domains/de/test/auto/Records.xml
auto.tcl: Setting watchdog for 200 seconds at Mon Dec 09 06:22:15 UTC 2019
2 ms. Memory: 48128K Free: 29009K (60%)
ptolemy.util.test.WatchDog.cancel(): canceling Mon Dec 09 06:22:15 UTC 2019
auto.tcl: Setting watchdog for 200 seconds at Mon Dec 09 06:22:15 UTC 2019
2 ms. Memory: 48128K Free: 28517K (59%)
ptolemy.util.test.WatchDog.cancel(): canceling Mon Dec 09 06:22:15 UTC 2019
------------------ testing $PTII/ptolemy/domains/de/test/auto/ResetTransitionWithStartTime1.xml
auto.tcl: Setting watchdog for 200 seconds at Mon Dec 09 06:22:15 UTC 2019
7 ms. Memory: 48128K Free: 25964K (54%)
ptolemy.util.test.WatchDog.cancel(): canceling Mon Dec 09 06:22:15 UTC 2019
auto.tcl: Setting watchdog for 200 seconds at Mon Dec 09 06:22:15 UTC 2019
6 ms. Memory: 48128K Free: 23445K (49%)
ptolemy.util.test.WatchDog.cancel(): canceling Mon Dec 09 06:22:15 UTC 2019
------------------ testing $PTII/ptolemy/domains/de/test/auto/ResetTransitionWithStartTime2.xml
auto.tcl: Setting watchdog for 200 seconds at Mon Dec 09 06:22:15 UTC 2019
11 ms. Memory: 48128K Free: 25920K (54%)
ptolemy.util.test.WatchDog.cancel(): canceling Mon Dec 09 06:22:15 UTC 2019
auto.tcl: Setting watchdog for 200 seconds at Mon Dec 09 06:22:15 UTC 2019
6 ms. Memory: 48128K Free: 23384K (49%)
ptolemy.util.test.WatchDog.cancel(): canceling Mon Dec 09 06:22:15 UTC 2019
------------------ testing $PTII/ptolemy/domains/de/test/auto/ResetTransitionWithStartTime3.xml
auto.tcl: Setting watchdog for 200 seconds at Mon Dec 09 06:22:15 UTC 2019
10 ms. Memory: 48128K Free: 25919K (54%)
ptolemy.util.test.WatchDog.cancel(): canceling Mon Dec 09 06:22:15 UTC 2019
auto.tcl: Setting watchdog for 200 seconds at Mon Dec 09 06:22:15 UTC 2019
5 ms. Memory: 48128K Free: 23855K (50%)
ptolemy.util.test.WatchDog.cancel(): canceling Mon Dec 09 06:22:15 UTC 2019
------------------ testing $PTII/ptolemy/domains/de/test/auto/ResetTransitionWithStartTime4.xml
auto.tcl: Setting watchdog for 200 seconds at Mon Dec 09 06:22:15 UTC 2019
7 ms. Memory: 48128K Free: 26389K (55%)
ptolemy.util.test.WatchDog.cancel(): canceling Mon Dec 09 06:22:15 UTC 2019
auto.tcl: Setting watchdog for 200 seconds at Mon Dec 09 06:22:15 UTC 2019
2 ms. Memory: 48128K Free: 24996K (52%)
ptolemy.util.test.WatchDog.cancel(): canceling Mon Dec 09 06:22:15 UTC 2019
------------------ testing $PTII/ptolemy/domains/de/test/auto/ResettableTimer1.xml
auto.tcl: Setting watchdog for 200 seconds at Mon Dec 09 06:22:15 UTC 2019
3 ms. Memory: 48128K Free: 30407K (63%)
ptolemy.util.test.WatchDog.cancel(): canceling Mon Dec 09 06:22:15 UTC 2019
auto.tcl: Setting watchdog for 200 seconds at Mon Dec 09 06:22:15 UTC 2019
2 ms. Memory: 48128K Free: 29530K (61%)
ptolemy.util.test.WatchDog.cancel(): canceling Mon Dec 09 06:22:15 UTC 2019
------------------ testing $PTII/ptolemy/domains/de/test/auto/ResettableTimer2.xml
auto.tcl: Setting watchdog for 200 seconds at Mon Dec 09 06:22:15 UTC 2019
2 ms. Memory: 48128K Free: 30229K (63%)
ptolemy.util.test.WatchDog.cancel(): canceling Mon Dec 09 06:22:15 UTC 2019
auto.tcl: Setting watchdog for 200 seconds at Mon Dec 09 06:22:15 UTC 2019
2 ms. Memory: 48128K Free: 29109K (60%)
ptolemy.util.test.WatchDog.cancel(): canceling Mon Dec 09 06:22:15 UTC 2019
------------------ testing $PTII/ptolemy/domains/de/test/auto/ResettableTimer3.xml
auto.tcl: Setting watchdog for 200 seconds at Mon Dec 09 06:22:15 UTC 2019
1 ms. Memory: 48128K Free: 30494K (63%)
ptolemy.util.test.WatchDog.cancel(): canceling Mon Dec 09 06:22:15 UTC 2019
auto.tcl: Setting watchdog for 200 seconds at Mon Dec 09 06:22:16 UTC 2019
1 ms. Memory: 48128K Free: 29594K (61%)
ptolemy.util.test.WatchDog.cancel(): canceling Mon Dec 09 06:22:16 UTC 2019
------------------ testing $PTII/ptolemy/domains/de/test/auto/ResettableTimer4.xml
auto.tcl: Setting watchdog for 200 seconds at Mon Dec 09 06:22:16 UTC 2019
1 ms. Memory: 48128K Free: 30105K (63%)
ptolemy.util.test.WatchDog.cancel(): canceling Mon Dec 09 06:22:16 UTC 2019
auto.tcl: Setting watchdog for 200 seconds at Mon Dec 09 06:22:16 UTC 2019
1 ms. Memory: 48128K Free: 29607K (62%)
ptolemy.util.test.WatchDog.cancel(): canceling Mon Dec 09 06:22:16 UTC 2019
------------------ testing $PTII/ptolemy/domains/de/test/auto/ResettableTimer5.xml
auto.tcl: Setting watchdog for 200 seconds at Mon Dec 09 06:22:16 UTC 2019
2 ms. Memory: 48128K Free: 29549K (61%)
ptolemy.util.test.WatchDog.cancel(): canceling Mon Dec 09 06:22:16 UTC 2019
auto.tcl: Setting watchdog for 200 seconds at Mon Dec 09 06:22:16 UTC 2019
1 ms. Memory: 48128K Free: 29093K (60%)
ptolemy.util.test.WatchDog.cancel(): canceling Mon Dec 09 06:22:16 UTC 2019
------------------ testing $PTII/ptolemy/domains/de/test/auto/ResettableTimer6.xml
auto.tcl: Setting watchdog for 200 seconds at Mon Dec 09 06:22:16 UTC 2019
2 ms. Memory: 48128K Free: 29525K (61%)
ptolemy.util.test.WatchDog.cancel(): canceling Mon Dec 09 06:22:16 UTC 2019
auto.tcl: Setting watchdog for 200 seconds at Mon Dec 09 06:22:16 UTC 2019
2 ms. Memory: 48128K Free: 29029K (60%)
ptolemy.util.test.WatchDog.cancel(): canceling Mon Dec 09 06:22:16 UTC 2019
------------------ testing $PTII/ptolemy/domains/de/test/auto/ServerZeroDelay.xml
auto.tcl: Setting watchdog for 200 seconds at Mon Dec 09 06:22:16 UTC 2019
3 ms. Memory: 48128K Free: 30045K (62%)
ptolemy.util.test.WatchDog.cancel(): canceling Mon Dec 09 06:22:16 UTC 2019
auto.tcl: Setting watchdog for 200 seconds at Mon Dec 09 06:22:16 UTC 2019
2 ms. Memory: 48128K Free: 29083K (60%)
ptolemy.util.test.WatchDog.cancel(): canceling Mon Dec 09 06:22:16 UTC 2019
------------------ testing $PTII/ptolemy/domains/de/test/auto/SmartSender.xml
auto.tcl: Setting watchdog for 200 seconds at Mon Dec 09 06:22:16 UTC 2019
3001 ms. Memory: 48128K Free: 30072K (62%)
ptolemy.util.test.WatchDog.cancel(): canceling Mon Dec 09 06:22:19 UTC 2019
auto.tcl: Setting watchdog for 200 seconds at Mon Dec 09 06:22:19 UTC 2019
3001 ms. Memory: 48128K Free: 29568K (61%)
ptolemy.util.test.WatchDog.cancel(): canceling Mon Dec 09 06:22:22 UTC 2019
------------------ testing $PTII/ptolemy/domains/de/test/auto/ThreadedComposite.xml
auto.tcl: Setting watchdog for 200 seconds at Mon Dec 09 06:22:22 UTC 2019
216 ms. Memory: 48128K Free: 10597K (22%)
ptolemy.util.test.WatchDog.cancel(): canceling Mon Dec 09 06:22:22 UTC 2019
auto.tcl: Setting watchdog for 200 seconds at Mon Dec 09 06:22:22 UTC 2019
136 ms. Memory: 48128K Free: 23711K (49%)
ptolemy.util.test.WatchDog.cancel(): canceling Mon Dec 09 06:22:22 UTC 2019
------------------ testing $PTII/ptolemy/domains/de/test/auto/Time.xml
auto.tcl: Setting watchdog for 200 seconds at Mon Dec 09 06:22:22 UTC 2019
538 ms. Memory: 48128K Free: 27150K (56%)
ptolemy.util.test.WatchDog.cancel(): canceling Mon Dec 09 06:22:23 UTC 2019
auto.tcl: Setting watchdog for 200 seconds at Mon Dec 09 06:22:23 UTC 2019
492 ms. Memory: 48128K Free: 23102K (48%)
ptolemy.util.test.WatchDog.cancel(): canceling Mon Dec 09 06:22:23 UTC 2019
------------------ testing $PTII/ptolemy/domains/de/test/auto/TimeDelayZeroDelay.xml
auto.tcl: Setting watchdog for 200 seconds at Mon Dec 09 06:22:23 UTC 2019
3 ms. Memory: 48128K Free: 30462K (63%)
ptolemy.util.test.WatchDog.cancel(): canceling Mon Dec 09 06:22:23 UTC 2019
auto.tcl: Setting watchdog for 200 seconds at Mon Dec 09 06:22:23 UTC 2019
4 ms. Memory: 48128K Free: 29572K (61%)
ptolemy.util.test.WatchDog.cancel(): canceling Mon Dec 09 06:22:23 UTC 2019
------------------ testing $PTII/ptolemy/domains/de/test/auto/TimerZeroDelay.xml
auto.tcl: Setting watchdog for 200 seconds at Mon Dec 09 06:22:24 UTC 2019
2 ms. Memory: 48128K Free: 30504K (63%)
ptolemy.util.test.WatchDog.cancel(): canceling Mon Dec 09 06:22:24 UTC 2019
auto.tcl: Setting watchdog for 200 seconds at Mon Dec 09 06:22:24 UTC 2019
2 ms. Memory: 48128K Free: 29615K (62%)
ptolemy.util.test.WatchDog.cancel(): canceling Mon Dec 09 06:22:24 UTC 2019
------------------ testing $PTII/ptolemy/domains/de/test/auto/TimingParadox.xml
auto.tcl: Setting watchdog for 200 seconds at Mon Dec 09 06:22:24 UTC 2019
389 ms. Memory: 61440K Free: 33955K (55%)
ptolemy.util.test.WatchDog.cancel(): canceling Mon Dec 09 06:22:24 UTC 2019
auto.tcl: Setting watchdog for 200 seconds at Mon Dec 09 06:22:24 UTC 2019
354 ms. Memory: 61440K Free: 30393K (49%)
ptolemy.util.test.WatchDog.cancel(): canceling Mon Dec 09 06:22:24 UTC 2019
------------------ testing $PTII/ptolemy/domains/de/test/auto/TransferInputs.xml
auto.tcl: Setting watchdog for 200 seconds at Mon Dec 09 06:22:24 UTC 2019
2 ms. Memory: 55296K Free: 35658K (64%)
ptolemy.util.test.WatchDog.cancel(): canceling Mon Dec 09 06:22:24 UTC 2019
auto.tcl: Setting watchdog for 200 seconds at Mon Dec 09 06:22:24 UTC 2019
2 ms. Memory: 55296K Free: 34750K (63%)
ptolemy.util.test.WatchDog.cancel(): canceling Mon Dec 09 06:22:24 UTC 2019
------------------ testing $PTII/ptolemy/domains/de/test/auto/TransferOutputs2.xml
auto.tcl: Setting watchdog for 200 seconds at Mon Dec 09 06:22:25 UTC 2019
2 ms. Memory: 51200K Free: 28991K (57%)
ptolemy.util.test.WatchDog.cancel(): canceling Mon Dec 09 06:22:25 UTC 2019
auto.tcl: Setting watchdog for 200 seconds at Mon Dec 09 06:22:25 UTC 2019
3 ms. Memory: 51200K Free: 27594K (54%)
ptolemy.util.test.WatchDog.cancel(): canceling Mon Dec 09 06:22:25 UTC 2019
------------------ testing $PTII/ptolemy/domains/de/test/auto/Trilateration.xml
auto.tcl: Setting watchdog for 200 seconds at Mon Dec 09 06:22:25 UTC 2019
14068 ms. Memory: 451584K Free: 323747K (72%)
ptolemy.util.test.WatchDog.cancel(): canceling Mon Dec 09 06:22:40 UTC 2019
auto.tcl: Setting watchdog for 200 seconds at Mon Dec 09 06:22:40 UTC 2019
11338 ms. Memory: 451584K Free: 348602K (77%)
ptolemy.util.test.WatchDog.cancel(): canceling Mon Dec 09 06:22:51 UTC 2019
------------------ testing $PTII/ptolemy/domains/de/test/auto/TwoSigmaDelta.xml
auto.tcl: Setting watchdog for 200 seconds at Mon Dec 09 06:22:51 UTC 2019
2831 ms. Memory: 89088K Free: 14827K (17%)
ptolemy.util.test.WatchDog.cancel(): canceling Mon Dec 09 06:22:54 UTC 2019
auto.tcl: Setting watchdog for 200 seconds at Mon Dec 09 06:22:54 UTC 2019
2164 ms. Memory: 89088K Free: 59393K (67%)
ptolemy.util.test.WatchDog.cancel(): canceling Mon Dec 09 06:22:56 UTC 2019
------------------ testing $PTII/ptolemy/domains/de/test/auto/VariableDelay.xml
auto.tcl: Setting watchdog for 200 seconds at Mon Dec 09 06:22:56 UTC 2019
9 ms. Memory: 51200K Free: 32028K (63%)
ptolemy.util.test.WatchDog.cancel(): canceling Mon Dec 09 06:22:56 UTC 2019
auto.tcl: Setting watchdog for 200 seconds at Mon Dec 09 06:22:56 UTC 2019
2 ms. Memory: 51200K Free: 31034K (61%)
ptolemy.util.test.WatchDog.cancel(): canceling Mon Dec 09 06:22:56 UTC 2019
------------------ testing $PTII/ptolemy/domains/de/test/auto/VariableDelay2.xml
auto.tcl: Setting watchdog for 200 seconds at Mon Dec 09 06:22:57 UTC 2019
5 ms. Memory: 51200K Free: 31968K (62%)
ptolemy.util.test.WatchDog.cancel(): canceling Mon Dec 09 06:22:57 UTC 2019
auto.tcl: Setting watchdog for 200 seconds at Mon Dec 09 06:22:57 UTC 2019
2 ms. Memory: 51200K Free: 31470K (61%)
ptolemy.util.test.WatchDog.cancel(): canceling Mon Dec 09 06:22:57 UTC 2019
------------------ testing $PTII/ptolemy/domains/de/test/auto/VariableDelayZeroDelay.xml
auto.tcl: Setting watchdog for 200 seconds at Mon Dec 09 06:22:57 UTC 2019
2 ms. Memory: 51200K Free: 32494K (63%)
ptolemy.util.test.WatchDog.cancel(): canceling Mon Dec 09 06:22:57 UTC 2019
auto.tcl: Setting watchdog for 200 seconds at Mon Dec 09 06:22:57 UTC 2019
2 ms. Memory: 51200K Free: 31950K (62%)
ptolemy.util.test.WatchDog.cancel(): canceling Mon Dec 09 06:22:57 UTC 2019
------------------ testing $PTII/ptolemy/domains/de/test/auto/VariableDelayZeroDelay2.xml
auto.tcl: Setting watchdog for 200 seconds at Mon Dec 09 06:22:57 UTC 2019
2 ms. Memory: 51200K Free: 32493K (63%)
ptolemy.util.test.WatchDog.cancel(): canceling Mon Dec 09 06:22:57 UTC 2019
auto.tcl: Setting watchdog for 200 seconds at Mon Dec 09 06:22:57 UTC 2019
1 ms. Memory: 51200K Free: 31469K (61%)
ptolemy.util.test.WatchDog.cancel(): canceling Mon Dec 09 06:22:57 UTC 2019
------------------ testing $PTII/ptolemy/domains/de/test/auto/deInCt.xml
auto.tcl: Setting watchdog for 200 seconds at Mon Dec 09 06:22:57 UTC 2019
0
1
1
1
0
0
0
1
1
1
1
1
0
0
0
1
1
0
0
0
1
1
1
0
0
0
1
1
1
0
0
0
1
1
1
0
0
0
1
1
1
0
0
0
0
0
0
25 ms. Memory: 51200K Free: 31467K (61%)
ptolemy.util.test.WatchDog.cancel(): canceling Mon Dec 09 06:22:57 UTC 2019
auto.tcl: Setting watchdog for 200 seconds at Mon Dec 09 06:22:57 UTC 2019
0
1
1
1
1
1
0
0
0
1
1
1
0
0
0
1
1
1
1
0
0
0
1
1
1
1
0
0
1
1
1
0
0
0
1
1
1
1
1
6 ms. Memory: 51200K Free: 29929K (58%)
ptolemy.util.test.WatchDog.cancel(): canceling Mon Dec 09 06:22:57 UTC 2019
------------------ testing $PTII/ptolemy/domains/de/test/auto/deInCt2.xml
auto.tcl: Setting watchdog for 200 seconds at Mon Dec 09 06:22:57 UTC 2019
0
1
1
1
0
0
1
1
1
0
0
1
1
1
0
0
1
1
1
0
0
1
1
1
0
0
1
1
1
0
0
1
1
1
0
0
1
1
1
0
0
0
9 ms. Memory: 51200K Free: 31469K (61%)
ptolemy.util.test.WatchDog.cancel(): canceling Mon Dec 09 06:22:57 UTC 2019
auto.tcl: Setting watchdog for 200 seconds at Mon Dec 09 06:22:57 UTC 2019
0
1
1
1
0
0
1
1
1
0
0
1
1
1
0
0
1
1
1
0
0
1
1
1
0
0
1
1
1
0
0
1
1
1
0
0
1
1
1
0
0
0
4 ms. Memory: 51200K Free: 29917K (58%)
ptolemy.util.test.WatchDog.cancel(): canceling Mon Dec 09 06:22:57 UTC 2019
------------------ testing $PTII/ptolemy/domains/de/test/auto/dynamicCausalityInterface1.xml
auto.tcl: Setting watchdog for 200 seconds at Mon Dec 09 06:22:57 UTC 2019
2 ms. Memory: 51200K Free: 27367K (53%)
ptolemy.util.test.WatchDog.cancel(): canceling Mon Dec 09 06:22:57 UTC 2019
auto.tcl: Setting watchdog for 200 seconds at Mon Dec 09 06:22:57 UTC 2019
0 ms. Memory: 51200K Free: 26853K (52%)
ptolemy.util.test.WatchDog.cancel(): canceling Mon Dec 09 06:22:57 UTC 2019
------------------ testing $PTII/ptolemy/domains/de/test/auto/fsm_de_test.xml
auto.tcl: Setting watchdog for 200 seconds at Mon Dec 09 06:22:57 UTC 2019
11 ms. Memory: 51200K Free: 27266K (53%)
ptolemy.util.test.WatchDog.cancel(): canceling Mon Dec 09 06:22:57 UTC 2019
auto.tcl: Setting watchdog for 200 seconds at Mon Dec 09 06:22:57 UTC 2019
7 ms. Memory: 51200K Free: 25218K (49%)
ptolemy.util.test.WatchDog.cancel(): canceling Mon Dec 09 06:22:57 UTC 2019
------------------ testing $PTII/ptolemy/domains/de/test/auto/functionDependencyReconstruction.xml
auto.tcl: Setting watchdog for 200 seconds at Mon Dec 09 06:22:57 UTC 2019
3 ms. Memory: 51200K Free: 21234K (41%)
ptolemy.util.test.WatchDog.cancel(): canceling Mon Dec 09 06:22:57 UTC 2019
auto.tcl: Setting watchdog for 200 seconds at Mon Dec 09 06:22:57 UTC 2019
2 ms. Memory: 51200K Free: 19063K (37%)
ptolemy.util.test.WatchDog.cancel(): canceling Mon Dec 09 06:22:57 UTC 2019
------------------ testing $PTII/ptolemy/domains/de/test/auto/multirate.xml
auto.tcl: Setting watchdog for 200 seconds at Mon Dec 09 06:22:57 UTC 2019
4 ms. Memory: 51200K Free: 29908K (58%)
ptolemy.util.test.WatchDog.cancel(): canceling Mon Dec 09 06:22:57 UTC 2019
auto.tcl: Setting watchdog for 200 seconds at Mon Dec 09 06:22:57 UTC 2019
4 ms. Memory: 51200K Free: 28181K (55%)
ptolemy.util.test.WatchDog.cancel(): canceling Mon Dec 09 06:22:57 UTC 2019
------------------ testing $PTII/ptolemy/domains/de/test/auto/multirate2.xml
auto.tcl: Setting watchdog for 200 seconds at Mon Dec 09 06:22:57 UTC 2019
5 ms. Memory: 51200K Free: 30062K (59%)
ptolemy.util.test.WatchDog.cancel(): canceling Mon Dec 09 06:22:57 UTC 2019
auto.tcl: Setting watchdog for 200 seconds at Mon Dec 09 06:22:57 UTC 2019
2 ms. Memory: 51200K Free: 28343K (55%)
ptolemy.util.test.WatchDog.cancel(): canceling Mon Dec 09 06:22:57 UTC 2019
------------------ testing $PTII/ptolemy/domains/de/test/auto/realtime.xml
auto.tcl: Setting watchdog for 200 seconds at Mon Dec 09 06:22:57 UTC 2019
10002 ms. Memory: 51200K Free: 32138K (63%)
ptolemy.util.test.WatchDog.cancel(): canceling Mon Dec 09 06:23:07 UTC 2019
auto.tcl: Setting watchdog for 200 seconds at Mon Dec 09 06:23:07 UTC 2019
10001 ms. Memory: 51200K Free: 31594K (62%)
ptolemy.util.test.WatchDog.cancel(): canceling Mon Dec 09 06:23:17 UTC 2019
------------------ testing $PTII/ptolemy/domains/de/test/auto/relationGroup.xml
auto.tcl: Setting watchdog for 200 seconds at Mon Dec 09 06:23:17 UTC 2019
6 ms. Memory: 51200K Free: 33219K (65%)
ptolemy.util.test.WatchDog.cancel(): canceling Mon Dec 09 06:23:17 UTC 2019
auto.tcl: Setting watchdog for 200 seconds at Mon Dec 09 06:23:17 UTC 2019
2 ms. Memory: 51200K Free: 32691K (64%)
ptolemy.util.test.WatchDog.cancel(): canceling Mon Dec 09 06:23:17 UTC 2019
------------------ testing $PTII/ptolemy/domains/de/test/auto/relationGroup2.xml
auto.tcl: Setting watchdog for 200 seconds at Mon Dec 09 06:23:17 UTC 2019
1 ms. Memory: 51200K Free: 33255K (65%)
ptolemy.util.test.WatchDog.cancel(): canceling Mon Dec 09 06:23:18 UTC 2019
auto.tcl: Setting watchdog for 200 seconds at Mon Dec 09 06:23:18 UTC 2019
2 ms. Memory: 51200K Free: 32760K (64%)
ptolemy.util.test.WatchDog.cancel(): canceling Mon Dec 09 06:23:18 UTC 2019
------------------ testing $PTII/ptolemy/domains/de/test/auto/sortWithOpaquePorts.xml
auto.tcl: Setting watchdog for 200 seconds at Mon Dec 09 06:23:18 UTC 2019
1 ms. Memory: 51200K Free: 31992K (62%)
ptolemy.util.test.WatchDog.cancel(): canceling Mon Dec 09 06:23:18 UTC 2019
auto.tcl: Setting watchdog for 200 seconds at Mon Dec 09 06:23:18 UTC 2019
3 ms. Memory: 51200K Free: 30969K (60%)
ptolemy.util.test.WatchDog.cancel(): canceling Mon Dec 09 06:23:18 UTC 2019
------------------ testing $PTII/ptolemy/domains/de/test/auto/transferInputsandOutputs.xml
auto.tcl: Setting watchdog for 200 seconds at Mon Dec 09 06:23:18 UTC 2019
5 ms. Memory: 51200K Free: 29435K (57%)
ptolemy.util.test.WatchDog.cancel(): canceling Mon Dec 09 06:23:18 UTC 2019
auto.tcl: Setting watchdog for 200 seconds at Mon Dec 09 06:23:18 UTC 2019
3 ms. Memory: 51200K Free: 28411K (55%)
ptolemy.util.test.WatchDog.cancel(): canceling Mon Dec 09 06:23:18 UTC 2019
------------------ testing $PTII/ptolemy/domains/de/test/auto/triggerType.xml
auto.tcl: Setting watchdog for 200 seconds at Mon Dec 09 06:23:18 UTC 2019
2 ms. Memory: 51200K Free: 32461K (63%)
ptolemy.util.test.WatchDog.cancel(): canceling Mon Dec 09 06:23:18 UTC 2019
auto.tcl: Setting watchdog for 200 seconds at Mon Dec 09 06:23:18 UTC 2019
2 ms. Memory: 51200K Free: 31437K (61%)
ptolemy.util.test.WatchDog.cancel(): canceling Mon Dec 09 06:23:18 UTC 2019
12/09/19 06:23:18
Failed: 0  Total Tests: 192  ((Passed: 187, Newly Passed: 1)  Known Failed: 5) /home/travis/build/icyphy/ptII/ptolemy/domains/de/test
12/09/19 06:23:18
Failed: 0  Total Tests: 192  ((Passed: 187, Newly Passed: 1)  Known Failed: 5) /home/travis/build/icyphy/ptII/ptolemy/domains/de/test
----------------- testing (KnownFailure) /home/travis/build/icyphy/ptII/ptolemy/domains/de/test/auto/knownFailedTests/DESDFClockTest.xml
2015 ms. Memory: 51200K Free: 25345K (50%)
Known Failure: java.lang.reflect.InvocationTargetException
----------------- testing (KnownFailure) /home/travis/build/icyphy/ptII/ptolemy/domains/de/test/auto/knownFailedTests/DirectFeedback.xml
2 ms. Memory: 51200K Free: 21249K (42%)
Known Failure: java.lang.reflect.InvocationTargetException
----------------- testing (KnownFailure) /home/travis/build/icyphy/ptII/ptolemy/domains/de/test/auto/knownFailedTests/FSMSource.xml
23 ms. Memory: 51200K Free: 14081K (28%)
----------------- testing (KnownFailure) /home/travis/build/icyphy/ptII/ptolemy/domains/de/test/auto/knownFailedTests/HierarchicalModel.xml
3 ms. Memory: 51200K Free: 27291K (53%)
Known Failure: java.lang.reflect.InvocationTargetException
----------------- testing (KnownFailure) /home/travis/build/icyphy/ptII/ptolemy/domains/de/test/auto/knownFailedTests/dependencyLoop.xml
3 ms. Memory: 51200K Free: 11984K (23%)
Known Failure: java.lang.reflect.InvocationTargetException
----------------- testing (KnownFailure) /home/travis/build/icyphy/ptII/ptolemy/domains/de/test/auto/knownFailedTests/dependencyLoop2.xml
4 ms. Memory: 51200K Free: 25978K (51%)
Known Failure: java.lang.reflect.InvocationTargetException
No auto/linux-amd64/*.xml tests in /home/travis/build/icyphy/ptII/ptolemy/domains/de/test
AutoTests.java: About to close Vertx.
AutoTests.java: Vertx closed.

===========================================================================================
----------------- testing Mon Dec 09 06:23:20 UTC 2019 /home/travis/build/icyphy/ptII/ptolemy/domains/de/test/auto/ActorDepthCalculation_actorWithoutPorts.xml
----------------- Instantiating /home/travis/build/icyphy/ptII/ptolemy/domains/de/test/auto/ActorDepthCalculation_actorWithoutPorts.xml
3 ms. Memory: 51200K Free: 19073K (37%)
----------------- Invoking toplevel() on ptolemy.moml.MoMLSimpleApplication@7d0e08f1
----------------- Done invoking toplevel() on ptolemy.moml.MoMLSimpleApplication@7d0e08f1
reloadAllAccessors: .ActorDepthCalculation_actorWithoutPorts

===========================================================================================
----------------- testing Mon Dec 09 06:23:20 UTC 2019 /home/travis/build/icyphy/ptII/ptolemy/domains/de/test/auto/AssemblyLine.xml
----------------- Instantiating /home/travis/build/icyphy/ptII/ptolemy/domains/de/test/auto/AssemblyLine.xml
4 ms. Memory: 51200K Free: 11704K (23%)
----------------- Invoking toplevel() on ptolemy.moml.MoMLSimpleApplication@53841e81
----------------- Done invoking toplevel() on ptolemy.moml.MoMLSimpleApplication@53841e81
reloadAllAccessors: .AssemblyLine

===========================================================================================
----------------- testing Mon Dec 09 06:23:20 UTC 2019 /home/travis/build/icyphy/ptII/ptolemy/domains/de/test/auto/CQBug1.xml
----------------- Instantiating /home/travis/build/icyphy/ptII/ptolemy/domains/de/test/auto/CQBug1.xml
1 ms. Memory: 51200K Free: 8610K (17%)
----------------- Invoking toplevel() on ptolemy.moml.MoMLSimpleApplication@6db097a
----------------- Done invoking toplevel() on ptolemy.moml.MoMLSimpleApplication@6db097a
reloadAllAccessors: .CQBug1

===========================================================================================
----------------- testing Mon Dec 09 06:23:20 UTC 2019 /home/travis/build/icyphy/ptII/ptolemy/domains/de/test/auto/CancelFireAt.xml
----------------- Instantiating /home/travis/build/icyphy/ptII/ptolemy/domains/de/test/auto/CancelFireAt.xml
9 ms. Memory: 51200K Free: 34876K (68%)
----------------- Invoking toplevel() on ptolemy.moml.MoMLSimpleApplication@25c8a0ff
----------------- Done invoking toplevel() on ptolemy.moml.MoMLSimpleApplication@25c8a0ff
reloadAllAccessors: .CancelFireAt

===========================================================================================
----------------- testing Mon Dec 09 06:23:20 UTC 2019 /home/travis/build/icyphy/ptII/ptolemy/domains/de/test/auto/CausalityAndComposabilityAnalysis.xml
----------------- Instantiating /home/travis/build/icyphy/ptII/ptolemy/domains/de/test/auto/CausalityAndComposabilityAnalysis.xml
2 ms. Memory: 51200K Free: 30528K (60%)
----------------- Invoking toplevel() on ptolemy.moml.MoMLSimpleApplication@70eb7eef
----------------- Done invoking toplevel() on ptolemy.moml.MoMLSimpleApplication@70eb7eef
reloadAllAccessors: .CausalityAndComposabilityAnalysis

===========================================================================================
----------------- testing Mon Dec 09 06:23:20 UTC 2019 /home/travis/build/icyphy/ptII/ptolemy/domains/de/test/auto/CausalityInterface1.xml
----------------- Instantiating /home/travis/build/icyphy/ptII/ptolemy/domains/de/test/auto/CausalityInterface1.xml
6 ms. Memory: 51200K Free: 25416K (50%)
----------------- Invoking toplevel() on ptolemy.moml.MoMLSimpleApplication@4c070364
----------------- Done invoking toplevel() on ptolemy.moml.MoMLSimpleApplication@4c070364
reloadAllAccessors: .CausalityInterface1

===========================================================================================
----------------- testing Mon Dec 09 06:23:20 UTC 2019 /home/travis/build/icyphy/ptII/ptolemy/domains/de/test/auto/CausalityInterface15.xml
----------------- Instantiating /home/travis/build/icyphy/ptII/ptolemy/domains/de/test/auto/CausalityInterface15.xml
2 ms. Memory: 51200K Free: 19953K (39%)
----------------- Invoking toplevel() on ptolemy.moml.MoMLSimpleApplication@23ed0ced
----------------- Done invoking toplevel() on ptolemy.moml.MoMLSimpleApplication@23ed0ced
reloadAllAccessors: .CausalityInterface15

===========================================================================================
----------------- testing Mon Dec 09 06:23:20 UTC 2019 /home/travis/build/icyphy/ptII/ptolemy/domains/de/test/auto/CausalityInterface2.xml
----------------- Instantiating /home/travis/build/icyphy/ptII/ptolemy/domains/de/test/auto/CausalityInterface2.xml
2 ms. Memory: 51200K Free: 15479K (30%)
[...]
	at ptolemy.actor.Manager.run(Manager.java:1263)
	at ptolemy.actor.Manager$PtolemyRunThread.run(Manager.java:1933)
java.lang.RuntimeException: Execution failed
	at ptolemy.moml.MoMLSimpleApplication$UnloadThread.run(MoMLSimpleApplication.java:402)
Caused by: ptolemy.kernel.util.IllegalActionException: Actor is not ready to fire.  Perhaps UpSample.prefire() returned false? Try debugging the actor by selecting "Listen to Actor".  Also, for SDF check moml for tokenConsumptionRate on input.
  in .DESDFClockTest.Play Bell.Copy1:SDF Director and .DESDFClockTest.Play Bell.UpSample
	at ptolemy.actor.sched.StaticSchedulingDirector.fire(StaticSchedulingDirector.java:227)
	at ptolemy.domains.sdf.kernel.SDFDirector.fire(SDFDirector.java:500)
	at ptolemy.actor.CompositeActor.fire(CompositeActor.java:455)
	at ptolemy.domains.de.kernel.DEDirector._fire(DEDirector.java:1949)
	at ptolemy.domains.de.kernel.DEDirector.fire(DEDirector.java:502)
	at ptolemy.actor.CompositeActor.fire(CompositeActor.java:455)
	at ptolemy.actor.Manager.iterate(Manager.java:851)
	at ptolemy.actor.Manager.execute(Manager.java:369)
	at ptolemy.actor.Manager.run(Manager.java:1263)
	at ptolemy.actor.Manager$PtolemyRunThread.run(Manager.java:1933)
java.lang.reflect.InvocationTargetException
	at java.base/jdk.internal.reflect.NativeConstructorAccessorImpl.newInstance0(Native Method)
	at java.base/jdk.internal.reflect.NativeConstructorAccessorImpl.newInstance(NativeConstructorAccessorImpl.java:62)
	at java.base/jdk.internal.reflect.DelegatingConstructorAccessorImpl.newInstance(DelegatingConstructorAccessorImpl.java:45)
	at java.base/java.lang.reflect.Constructor.newInstance(Constructor.java:490)
	at ptolemy.util.test.junit.AutoKnownFailedTests.RunModel(AutoKnownFailedTests.java:105)
	at java.base/jdk.internal.reflect.NativeMethodAccessorImpl.invoke0(Native Method)
	at java.base/jdk.internal.reflect.NativeMethodAccessorImpl.invoke(NativeMethodAccessorImpl.java:62)
	at java.base/jdk.internal.reflect.DelegatingMethodAccessorImpl.invoke(DelegatingMethodAccessorImpl.java:43)
	at java.base/java.lang.reflect.Method.invoke(Method.java:566)
	at org.junit.runners.model.FrameworkMethod$1.runReflectiveCall(FrameworkMethod.java:44)
	at org.junit.internal.runners.model.ReflectiveCallable.run(ReflectiveCallable.java:15)
	at org.junit.runners.model.FrameworkMethod.invokeExplosively(FrameworkMethod.java:41)
	at junitparams.internal.InvokeParameterisedMethod.evaluate(InvokeParameterisedMethod.java:102)
	at org.junit.internal.runners.statements.FailOnTimeout$1.run(FailOnTimeout.java:28)
Caused by: ptolemy.kernel.util.IllegalActionException: Actor is not ready to fire.  Perhaps UpSample.prefire() returned false? Try debugging the actor by selecting "Listen to Actor".  Also, for SDF check moml for tokenConsumptionRate on input.
  in .DESDFClockTest.Play Bell.Copy1:SDF Director and .DESDFClockTest.Play Bell.UpSample
	at ptolemy.actor.sched.StaticSchedulingDirector.fire(StaticSchedulingDirector.java:227)
	at ptolemy.domains.sdf.kernel.SDFDirector.fire(SDFDirector.java:500)
	at ptolemy.actor.CompositeActor.fire(CompositeActor.java:455)
	at ptolemy.domains.de.kernel.DEDirector._fire(DEDirector.java:1949)
	at ptolemy.domains.de.kernel.DEDirector.fire(DEDirector.java:502)
	at ptolemy.actor.CompositeActor.fire(CompositeActor.java:455)
	at ptolemy.actor.Manager.iterate(Manager.java:851)
	at ptolemy.actor.Manager.execute(Manager.java:369)
	at ptolemy.actor.Manager.run(Manager.java:1263)
	at ptolemy.actor.Manager$PtolemyRunThread.run(Manager.java:1933)
java.lang.RuntimeException: Execution failed
	at ptolemy.moml.MoMLSimpleApplication$UnloadThread.run(MoMLSimpleApplication.java:402)
Caused by: ptolemy.kernel.util.IllegalActionException: Test fails in iteration 1.
Value was: 1.0. Should have been: 2.0
  in .DirectFeedback.Test
	at ptolemy.actor.lib.Test.fire(Test.java:268)
	at ptolemy.domains.de.kernel.DEDirector._fire(DEDirector.java:1949)
	at ptolemy.domains.de.kernel.DEDirector.fire(DEDirector.java:502)
	at ptolemy.actor.CompositeActor.fire(CompositeActor.java:455)
	at ptolemy.actor.Manager.iterate(Manager.java:851)
	at ptolemy.actor.Manager.execute(Manager.java:369)
	at ptolemy.actor.Manager.run(Manager.java:1263)
	at ptolemy.actor.Manager$PtolemyRunThread.run(Manager.java:1933)
java.lang.reflect.InvocationTargetException
	at java.base/jdk.internal.reflect.NativeConstructorAccessorImpl.newInstance0(Native Method)
	at java.base/jdk.internal.reflect.NativeConstructorAccessorImpl.newInstance(NativeConstructorAccessorImpl.java:62)
	at java.base/jdk.internal.reflect.DelegatingConstructorAccessorImpl.newInstance(DelegatingConstructorAccessorImpl.java:45)
	at java.base/java.lang.reflect.Constructor.newInstance(Constructor.java:490)
	at ptolemy.util.test.junit.AutoKnownFailedTests.RunModel(AutoKnownFailedTests.java:105)
	at java.base/jdk.internal.reflect.NativeMethodAccessorImpl.invoke0(Native Method)
	at java.base/jdk.internal.reflect.NativeMethodAccessorImpl.invoke(NativeMethodAccessorImpl.java:62)
	at java.base/jdk.internal.reflect.DelegatingMethodAccessorImpl.invoke(DelegatingMethodAccessorImpl.java:43)
	at java.base/java.lang.reflect.Method.invoke(Method.java:566)
	at org.junit.runners.model.FrameworkMethod$1.runReflectiveCall(FrameworkMethod.java:44)
	at org.junit.internal.runners.model.ReflectiveCallable.run(ReflectiveCallable.java:15)
	at org.junit.runners.model.FrameworkMethod.invokeExplosively(FrameworkMethod.java:41)
	at junitparams.internal.InvokeParameterisedMethod.evaluate(InvokeParameterisedMethod.java:102)
	at org.junit.internal.runners.statements.FailOnTimeout$1.run(FailOnTimeout.java:28)
Caused by: ptolemy.kernel.util.IllegalActionException: Test fails in iteration 1.
Value was: 1.0. Should have been: 2.0
  in .DirectFeedback.Test
	at ptolemy.actor.lib.Test.fire(Test.java:268)
	at ptolemy.domains.de.kernel.DEDirector._fire(DEDirector.java:1949)
	at ptolemy.domains.de.kernel.DEDirector.fire(DEDirector.java:502)
	at ptolemy.actor.CompositeActor.fire(CompositeActor.java:455)
	at ptolemy.actor.Manager.iterate(Manager.java:851)
	at ptolemy.actor.Manager.execute(Manager.java:369)
	at ptolemy.actor.Manager.run(Manager.java:1263)
	at ptolemy.actor.Manager$PtolemyRunThread.run(Manager.java:1933)
java.lang.RuntimeException: Execution failed
	at ptolemy.moml.MoMLSimpleApplication$UnloadThread.run(MoMLSimpleApplication.java:402)
Caused by: ptolemy.kernel.util.IllegalActionException: Found a zero delay loop containing .HierarchicalModel.A
  in .HierarchicalModel and .HierarchicalModel.A
	at ptolemy.actor.util.CausalityInterfaceForComposites._computeOutputPortDepth(CausalityInterfaceForComposites.java:759)
	at ptolemy.actor.util.CausalityInterfaceForComposites._computeInputDepth(CausalityInterfaceForComposites.java:696)
	at ptolemy.actor.util.CausalityInterfaceForComposites._computeOutputPortDepth(CausalityInterfaceForComposites.java:765)
	at ptolemy.actor.util.CausalityInterfaceForComposites._computeInputDepth(CausalityInterfaceForComposites.java:696)
	at ptolemy.actor.util.CausalityInterfaceForComposites._computeOutputPortDepth(CausalityInterfaceForComposites.java:765)
	at ptolemy.actor.util.CausalityInterfaceForComposites._computeInputDepth(CausalityInterfaceForComposites.java:696)
	at ptolemy.actor.util.CausalityInterfaceForComposites._computeActorDepth(CausalityInterfaceForComposites.java:532)
	at ptolemy.actor.util.CausalityInterfaceForComposites.checkForCycles(CausalityInterfaceForComposites.java:96)
	at ptolemy.domains.de.kernel.DEDirector.preinitialize(DEDirector.java:1338)
	at ptolemy.actor.CompositeActor.preinitialize(CompositeActor.java:1828)
	at ptolemy.actor.Manager.preinitializeAndResolveTypes(Manager.java:1040)
	at ptolemy.actor.Manager.initialize(Manager.java:710)
	at ptolemy.actor.Manager.execute(Manager.java:356)
	at ptolemy.actor.Manager.run(Manager.java:1263)
	at ptolemy.actor.Manager$PtolemyRunThread.run(Manager.java:1933)
java.lang.reflect.InvocationTargetException
	at java.base/jdk.internal.reflect.NativeConstructorAccessorImpl.newInstance0(Native Method)
	at java.base/jdk.internal.reflect.NativeConstructorAccessorImpl.newInstance(NativeConstructorAccessorImpl.java:62)
	at java.base/jdk.internal.reflect.DelegatingConstructorAccessorImpl.newInstance(DelegatingConstructorAccessorImpl.java:45)
	at java.base/java.lang.reflect.Constructor.newInstance(Constructor.java:490)
	at ptolemy.util.test.junit.AutoKnownFailedTests.RunModel(AutoKnownFailedTests.java:105)
	at java.base/jdk.internal.reflect.NativeMethodAccessorImpl.invoke0(Native Method)
	at java.base/jdk.internal.reflect.NativeMethodAccessorImpl.invoke(NativeMethodAccessorImpl.java:62)
	at java.base/jdk.internal.reflect.DelegatingMethodAccessorImpl.invoke(DelegatingMethodAccessorImpl.java:43)
	at java.base/java.lang.reflect.Method.invoke(Method.java:566)
	at org.junit.runners.model.FrameworkMethod$1.runReflectiveCall(FrameworkMethod.java:44)
	at org.junit.internal.runners.model.ReflectiveCallable.run(ReflectiveCallable.java:15)
	at org.junit.runners.model.FrameworkMethod.invokeExplosively(FrameworkMethod.java:41)
	at junitparams.internal.InvokeParameterisedMethod.evaluate(InvokeParameterisedMethod.java:102)
	at org.junit.internal.runners.statements.FailOnTimeout$1.run(FailOnTimeout.java:28)
Caused by: ptolemy.kernel.util.IllegalActionException: Found a zero delay loop containing .HierarchicalModel.A
  in .HierarchicalModel and .HierarchicalModel.A
	at ptolemy.actor.util.CausalityInterfaceForComposites._computeOutputPortDepth(CausalityInterfaceForComposites.java:759)
	at ptolemy.actor.util.CausalityInterfaceForComposites._computeInputDepth(CausalityInterfaceForComposites.java:696)
	at ptolemy.actor.util.CausalityInterfaceForComposites._computeOutputPortDepth(CausalityInterfaceForComposites.java:765)
	at ptolemy.actor.util.CausalityInterfaceForComposites._computeInputDepth(CausalityInterfaceForComposites.java:696)
	at ptolemy.actor.util.CausalityInterfaceForComposites._computeOutputPortDepth(CausalityInterfaceForComposites.java:765)
	at ptolemy.actor.util.CausalityInterfaceForComposites._computeInputDepth(CausalityInterfaceForComposites.java:696)
	at ptolemy.actor.util.CausalityInterfaceForComposites._computeActorDepth(CausalityInterfaceForComposites.java:532)
	at ptolemy.actor.util.CausalityInterfaceForComposites.checkForCycles(CausalityInterfaceForComposites.java:96)
	at ptolemy.domains.de.kernel.DEDirector.preinitialize(DEDirector.java:1338)
	at ptolemy.actor.CompositeActor.preinitialize(CompositeActor.java:1828)
	at ptolemy.actor.Manager.preinitializeAndResolveTypes(Manager.java:1040)
	at ptolemy.actor.Manager.initialize(Manager.java:710)
	at ptolemy.actor.Manager.execute(Manager.java:356)
	at ptolemy.actor.Manager.run(Manager.java:1263)
	at ptolemy.actor.Manager$PtolemyRunThread.run(Manager.java:1933)
java.lang.RuntimeException: Execution failed
	at ptolemy.moml.MoMLSimpleApplication$UnloadThread.run(MoMLSimpleApplication.java:402)
Caused by: ptolemy.kernel.util.IllegalActionException: Found a zero delay loop containing .dependencyLoop.original
  in .dependencyLoop and .dependencyLoop.original
	at ptolemy.actor.util.CausalityInterfaceForComposites._computeOutputPortDepth(CausalityInterfaceForComposites.java:759)
	at ptolemy.actor.util.CausalityInterfaceForComposites._computeInputDepth(CausalityInterfaceForComposites.java:696)
	at ptolemy.actor.util.CausalityInterfaceForComposites._computeOutputPortDepth(CausalityInterfaceForComposites.java:765)
	at ptolemy.actor.util.CausalityInterfaceForComposites._computeInputDepth(CausalityInterfaceForComposites.java:696)
	at ptolemy.actor.util.CausalityInterfaceForComposites._computeOutputPortDepth(CausalityInterfaceForComposites.java:765)
	at ptolemy.actor.util.CausalityInterfaceForComposites._computeInputDepth(CausalityInterfaceForComposites.java:696)
	at ptolemy.actor.util.CausalityInterfaceForComposites._computeActorDepth(CausalityInterfaceForComposites.java:532)
	at ptolemy.actor.util.CausalityInterfaceForComposites.checkForCycles(CausalityInterfaceForComposites.java:96)
	at ptolemy.domains.de.kernel.DEDirector.preinitialize(DEDirector.java:1338)
	at ptolemy.actor.CompositeActor.preinitialize(CompositeActor.java:1828)
	at ptolemy.actor.Manager.preinitializeAndResolveTypes(Manager.java:1040)
	at ptolemy.actor.Manager.initialize(Manager.java:710)
	at ptolemy.actor.Manager.execute(Manager.java:356)
	at ptolemy.actor.Manager.run(Manager.java:1263)
	at ptolemy.actor.Manager$PtolemyRunThread.run(Manager.java:1933)
java.lang.reflect.InvocationTargetException
	at java.base/jdk.internal.reflect.NativeConstructorAccessorImpl.newInstance0(Native Method)
	at java.base/jdk.internal.reflect.NativeConstructorAccessorImpl.newInstance(NativeConstructorAccessorImpl.java:62)
	at java.base/jdk.internal.reflect.DelegatingConstructorAccessorImpl.newInstance(DelegatingConstructorAccessorImpl.java:45)
	at java.base/java.lang.reflect.Constructor.newInstance(Constructor.java:490)
	at ptolemy.util.test.junit.AutoKnownFailedTests.RunModel(AutoKnownFailedTests.java:105)
	at java.base/jdk.internal.reflect.NativeMethodAccessorImpl.invoke0(Native Method)
	at java.base/jdk.internal.reflect.NativeMethodAccessorImpl.invoke(NativeMethodAccessorImpl.java:62)
	at java.base/jdk.internal.reflect.DelegatingMethodAccessorImpl.invoke(DelegatingMethodAccessorImpl.java:43)
	at java.base/java.lang.reflect.Method.invoke(Method.java:566)
	at org.junit.runners.model.FrameworkMethod$1.runReflectiveCall(FrameworkMethod.java:44)
	at org.junit.internal.runners.model.ReflectiveCallable.run(ReflectiveCallable.java:15)
	at org.junit.runners.model.FrameworkMethod.invokeExplosively(FrameworkMethod.java:41)
	at junitparams.internal.InvokeParameterisedMethod.evaluate(InvokeParameterisedMethod.java:102)
	at org.junit.internal.runners.statements.FailOnTimeout$1.run(FailOnTimeout.java:28)
Caused by: ptolemy.kernel.util.IllegalActionException: Found a zero delay loop containing .dependencyLoop.original
  in .dependencyLoop and .dependencyLoop.original
	at ptolemy.actor.util.CausalityInterfaceForComposites._computeOutputPortDepth(CausalityInterfaceForComposites.java:759)
	at ptolemy.actor.util.CausalityInterfaceForComposites._computeInputDepth(CausalityInterfaceForComposites.java:696)
	at ptolemy.actor.util.CausalityInterfaceForComposites._computeOutputPortDepth(CausalityInterfaceForComposites.java:765)
	at ptolemy.actor.util.CausalityInterfaceForComposites._computeInputDepth(CausalityInterfaceForComposites.java:696)
	at ptolemy.actor.util.CausalityInterfaceForComposites._computeOutputPortDepth(CausalityInterfaceForComposites.java:765)
	at ptolemy.actor.util.CausalityInterfaceForComposites._computeInputDepth(CausalityInterfaceForComposites.java:696)
	at ptolemy.actor.util.CausalityInterfaceForComposites._computeActorDepth(CausalityInterfaceForComposites.java:532)
	at ptolemy.actor.util.CausalityInterfaceForComposites.checkForCycles(CausalityInterfaceForComposites.java:96)
	at ptolemy.domains.de.kernel.DEDirector.preinitialize(DEDirector.java:1338)
	at ptolemy.actor.CompositeActor.preinitialize(CompositeActor.java:1828)
	at ptolemy.actor.Manager.preinitializeAndResolveTypes(Manager.java:1040)
	at ptolemy.actor.Manager.initialize(Manager.java:710)
	at ptolemy.actor.Manager.execute(Manager.java:356)
	at ptolemy.actor.Manager.run(Manager.java:1263)
	at ptolemy.actor.Manager$PtolemyRunThread.run(Manager.java:1933)
java.lang.RuntimeException: Execution failed
	at ptolemy.moml.MoMLSimpleApplication$UnloadThread.run(MoMLSimpleApplication.java:402)
Caused by: ptolemy.kernel.util.IllegalActionException: Found a zero delay loop containing .dependencyLoop2.original
  in .dependencyLoop2 and .dependencyLoop2.original
	at ptolemy.actor.util.CausalityInterfaceForComposites._computeOutputPortDepth(CausalityInterfaceForComposites.java:759)
	at ptolemy.actor.util.CausalityInterfaceForComposites._computeInputDepth(CausalityInterfaceForComposites.java:696)
	at ptolemy.actor.util.CausalityInterfaceForComposites._computeOutputPortDepth(CausalityInterfaceForComposites.java:765)
	at ptolemy.actor.util.CausalityInterfaceForComposites._computeInputDepth(CausalityInterfaceForComposites.java:696)
	at ptolemy.actor.util.CausalityInterfaceForComposites._computeOutputPortDepth(CausalityInterfaceForComposites.java:765)
	at ptolemy.actor.util.CausalityInterfaceForComposites._computeInputDepth(CausalityInterfaceForComposites.java:696)
	at ptolemy.actor.util.CausalityInterfaceForComposites._computeActorDepth(CausalityInterfaceForComposites.java:532)
	at ptolemy.actor.util.CausalityInterfaceForComposites.checkForCycles(CausalityInterfaceForComposites.java:96)
	at ptolemy.domains.de.kernel.DEDirector.preinitialize(DEDirector.java:1338)
	at ptolemy.actor.CompositeActor.preinitialize(CompositeActor.java:1828)
	at ptolemy.actor.Manager.preinitializeAndResolveTypes(Manager.java:1040)
	at ptolemy.actor.Manager.initialize(Manager.java:710)
	at ptolemy.actor.Manager.execute(Manager.java:356)
	at ptolemy.actor.Manager.run(Manager.java:1263)
	at ptolemy.actor.Manager$PtolemyRunThread.run(Manager.java:1933)
java.lang.reflect.InvocationTargetException
	at java.base/jdk.internal.reflect.NativeConstructorAccessorImpl.newInstance0(Native Method)
	at java.base/jdk.internal.reflect.NativeConstructorAccessorImpl.newInstance(NativeConstructorAccessorImpl.java:62)
	at java.base/jdk.internal.reflect.DelegatingConstructorAccessorImpl.newInstance(DelegatingConstructorAccessorImpl.java:45)
	at java.base/java.lang.reflect.Constructor.newInstance(Constructor.java:490)
	at ptolemy.util.test.junit.AutoKnownFailedTests.RunModel(AutoKnownFailedTests.java:105)
	at java.base/jdk.internal.reflect.NativeMethodAccessorImpl.invoke0(Native Method)
	at java.base/jdk.internal.reflect.NativeMethodAccessorImpl.invoke(NativeMethodAccessorImpl.java:62)
	at java.base/jdk.internal.reflect.DelegatingMethodAccessorImpl.invoke(DelegatingMethodAccessorImpl.java:43)
	at java.base/java.lang.reflect.Method.invoke(Method.java:566)
	at org.junit.runners.model.FrameworkMethod$1.runReflectiveCall(FrameworkMethod.java:44)
	at org.junit.internal.runners.model.ReflectiveCallable.run(ReflectiveCallable.java:15)
	at org.junit.runners.model.FrameworkMethod.invokeExplosively(FrameworkMethod.java:41)
	at junitparams.internal.InvokeParameterisedMethod.evaluate(InvokeParameterisedMethod.java:102)
	at org.junit.internal.runners.statements.FailOnTimeout$1.run(FailOnTimeout.java:28)
Caused by: ptolemy.kernel.util.IllegalActionException: Found a zero delay loop containing .dependencyLoop2.original
  in .dependencyLoop2 and .dependencyLoop2.original
	at ptolemy.actor.util.CausalityInterfaceForComposites._computeOutputPortDepth(CausalityInterfaceForComposites.java:759)
	at ptolemy.actor.util.CausalityInterfaceForComposites._computeInputDepth(CausalityInterfaceForComposites.java:696)
	at ptolemy.actor.util.CausalityInterfaceForComposites._computeOutputPortDepth(CausalityInterfaceForComposites.java:765)
	at ptolemy.actor.util.CausalityInterfaceForComposites._computeInputDepth(CausalityInterfaceForComposites.java:696)
	at ptolemy.actor.util.CausalityInterfaceForComposites._computeOutputPortDepth(CausalityInterfaceForComposites.java:765)
	at ptolemy.actor.util.CausalityInterfaceForComposites._computeInputDepth(CausalityInterfaceForComposites.java:696)
	at ptolemy.actor.util.CausalityInterfaceForComposites._computeActorDepth(CausalityInterfaceForComposites.java:532)
	at ptolemy.actor.util.CausalityInterfaceForComposites.checkForCycles(CausalityInterfaceForComposites.java:96)
	at ptolemy.domains.de.kernel.DEDirector.preinitialize(DEDirector.java:1338)
	at ptolemy.actor.CompositeActor.preinitialize(CompositeActor.java:1828)
	at ptolemy.actor.Manager.preinitializeAndResolveTypes(Manager.java:1040)
	at ptolemy.actor.Manager.initialize(Manager.java:710)
	at ptolemy.actor.Manager.execute(Manager.java:356)
	at ptolemy.actor.Manager.run(Manager.java:1263)
	at ptolemy.actor.Manager$PtolemyRunThread.run(Manager.java:1933)
]]></system-err>
</testsuite>
