<?xml version="1.0" encoding="UTF-8" ?>
<testsuite errors="0" failures="0" hostname="travis-job-d6df905f-4f39-4bab-ae4e-2e0b15a98056" name="ptolemy.actor.lib.hoc.test.junit.JUnitTclTest" skipped="0" tests="58" time="31.916" timestamp="2020-05-27T14:31:22">
  <properties>
[...]
</properties>
  <testcase classname="ptolemy.util.test.junit.TclTests" name="[0] /home/travis/build/icyphy/ptII/ptolemy/actor/lib/hoc/test/IterateOverArray.tcl (RunTclFile)" time="0.329" />
  <testcase classname="ptolemy.util.test.junit.AutoKnownFailedTests" name="[0] /home/travis/build/icyphy/ptII/ptolemy/actor/lib/hoc/test/auto/knownFailedTests/PreinitializeMustBeInvokedRunComposite.xml (RunModel)" time="0.449" />
  <testcase classname="ptolemy.util.test.junit.AutoNameArchTests" name="[0] ThereAreNoAutoArchTests (RunModel)" time="0.007" />
  <testcase classname="ptolemy.util.test.junit.AutoTests" name="[0] /home/travis/build/icyphy/ptII/ptolemy/actor/lib/hoc/test/auto/AllToAllMultiInstanceComposite.xml (RunModel)" time="0.472" />
  <testcase classname="ptolemy.util.test.junit.AutoTests" name="[1] /home/travis/build/icyphy/ptII/ptolemy/actor/lib/hoc/test/auto/ApplyFFTTest.xml (RunModel)" time="0.423" />
  <testcase classname="ptolemy.util.test.junit.AutoTests" name="[2] /home/travis/build/icyphy/ptII/ptolemy/actor/lib/hoc/test/auto/ApplyFunction.xml (RunModel)" time="0.044" />
  <testcase classname="ptolemy.util.test.junit.AutoTests" name="[3] /home/travis/build/icyphy/ptII/ptolemy/actor/lib/hoc/test/auto/BackgroundExecution.xml (RunModel)" time="0.713" />
  <testcase classname="ptolemy.util.test.junit.AutoTests" name="[4] /home/travis/build/icyphy/ptII/ptolemy/actor/lib/hoc/test/auto/Case.xml (RunModel)" time="0.084" />
  <testcase classname="ptolemy.util.test.junit.AutoTests" name="[5] /home/travis/build/icyphy/ptII/ptolemy/actor/lib/hoc/test/auto/Case1.xml (RunModel)" time="0.061" />
  <testcase classname="ptolemy.util.test.junit.AutoTests" name="[6] /home/travis/build/icyphy/ptII/ptolemy/actor/lib/hoc/test/auto/Case2.xml (RunModel)" time="0.127" />
  <testcase classname="ptolemy.util.test.junit.AutoTests" name="[7] /home/travis/build/icyphy/ptII/ptolemy/actor/lib/hoc/test/auto/Case3.xml (RunModel)" time="0.057" />
  <testcase classname="ptolemy.util.test.junit.AutoTests" name="[8] /home/travis/build/icyphy/ptII/ptolemy/actor/lib/hoc/test/auto/Case4.xml (RunModel)" time="0.073" />
  <testcase classname="ptolemy.util.test.junit.AutoTests" name="[9] /home/travis/build/icyphy/ptII/ptolemy/actor/lib/hoc/test/auto/Case5.xml (RunModel)" time="0.045" />
  <testcase classname="ptolemy.util.test.junit.AutoTests" name="[10] /home/travis/build/icyphy/ptII/ptolemy/actor/lib/hoc/test/auto/Case6.xml (RunModel)" time="0.055" />
  <testcase classname="ptolemy.util.test.junit.AutoTests" name="[11] /home/travis/build/icyphy/ptII/ptolemy/actor/lib/hoc/test/auto/CaseString2.xml (RunModel)" time="0.048" />
  <testcase classname="ptolemy.util.test.junit.AutoTests" name="[12] /home/travis/build/icyphy/ptII/ptolemy/actor/lib/hoc/test/auto/CatchUpComposite1.xml (RunModel)" time="0.075" />
  <testcase classname="ptolemy.util.test.junit.AutoTests" name="[13] /home/travis/build/icyphy/ptII/ptolemy/actor/lib/hoc/test/auto/CatchUpComposite2.xml (RunModel)" time="0.035" />
  <testcase classname="ptolemy.util.test.junit.AutoTests" name="[14] /home/travis/build/icyphy/ptII/ptolemy/actor/lib/hoc/test/auto/CatchUpComposite3.xml (RunModel)" time="0.063" />
  <testcase classname="ptolemy.util.test.junit.AutoTests" name="[15] /home/travis/build/icyphy/ptII/ptolemy/actor/lib/hoc/test/auto/CatchUpComposite4.xml (RunModel)" time="0.068" />
  <testcase classname="ptolemy.util.test.junit.AutoTests" name="[16] /home/travis/build/icyphy/ptII/ptolemy/actor/lib/hoc/test/auto/CatchUpComposite5.xml (RunModel)" time="0.043" />
  <testcase classname="ptolemy.util.test.junit.AutoTests" name="[17] /home/travis/build/icyphy/ptII/ptolemy/actor/lib/hoc/test/auto/CatchUpComposite6.xml (RunModel)" time="0.178" />
  <testcase classname="ptolemy.util.test.junit.AutoTests" name="[18] /home/travis/build/icyphy/ptII/ptolemy/actor/lib/hoc/test/auto/CatchUpComposite7.xml (RunModel)" time="0.079" />
  <testcase classname="ptolemy.util.test.junit.AutoTests" name="[19] /home/travis/build/icyphy/ptII/ptolemy/actor/lib/hoc/test/auto/ConcurrentExecutionTimeSDF.xml (RunModel)" time="1.337" />
  <testcase classname="ptolemy.util.test.junit.AutoTests" name="[20] /home/travis/build/icyphy/ptII/ptolemy/actor/lib/hoc/test/auto/ConcurrentSleep.xml (RunModel)" time="0.765" />
  <testcase classname="ptolemy.util.test.junit.AutoTests" name="[21] /home/travis/build/icyphy/ptII/ptolemy/actor/lib/hoc/test/auto/DEInPNInRunCompositeActor.xml (RunModel)" time="0.031" />
  <testcase classname="ptolemy.util.test.junit.AutoTests" name="[22] /home/travis/build/icyphy/ptII/ptolemy/actor/lib/hoc/test/auto/DFTSubSetTest.xml (RunModel)" time="0.243" />
  <testcase classname="ptolemy.util.test.junit.AutoTests" name="[23] /home/travis/build/icyphy/ptII/ptolemy/actor/lib/hoc/test/auto/HocDE.xml (RunModel)" time="0.198" />
  <testcase classname="ptolemy.util.test.junit.AutoTests" name="[24] /home/travis/build/icyphy/ptII/ptolemy/actor/lib/hoc/test/auto/IterateOverArray.xml (RunModel)" time="0.036" />
  <testcase classname="ptolemy.util.test.junit.AutoTests" name="[25] /home/travis/build/icyphy/ptII/ptolemy/actor/lib/hoc/test/auto/IterateOverArray10.xml (RunModel)" time="0.024" />
  <testcase classname="ptolemy.util.test.junit.AutoTests" name="[26] /home/travis/build/icyphy/ptII/ptolemy/actor/lib/hoc/test/auto/IterateOverArray11.xml (RunModel)" time="0.023" />
  <testcase classname="ptolemy.util.test.junit.AutoTests" name="[27] /home/travis/build/icyphy/ptII/ptolemy/actor/lib/hoc/test/auto/IterateOverArray12.xml (RunModel)" time="0.037" />
  <testcase classname="ptolemy.util.test.junit.AutoTests" name="[28] /home/travis/build/icyphy/ptII/ptolemy/actor/lib/hoc/test/auto/IterateOverArray13.xml (RunModel)" time="0.15" />
  <testcase classname="ptolemy.util.test.junit.AutoTests" name="[29] /home/travis/build/icyphy/ptII/ptolemy/actor/lib/hoc/test/auto/IterateOverArray14.xml (RunModel)" time="0.145" />
  <testcase classname="ptolemy.util.test.junit.AutoTests" name="[30] /home/travis/build/icyphy/ptII/ptolemy/actor/lib/hoc/test/auto/IterateOverArray2.xml (RunModel)" time="0.029" />
  <testcase classname="ptolemy.util.test.junit.AutoTests" name="[31] /home/travis/build/icyphy/ptII/ptolemy/actor/lib/hoc/test/auto/IterateOverArray3.xml (RunModel)" time="0.039" />
  <testcase classname="ptolemy.util.test.junit.AutoTests" name="[32] /home/travis/build/icyphy/ptII/ptolemy/actor/lib/hoc/test/auto/IterateOverArray4.xml (RunModel)" time="0.044" />
  <testcase classname="ptolemy.util.test.junit.AutoTests" name="[33] /home/travis/build/icyphy/ptII/ptolemy/actor/lib/hoc/test/auto/IterateOverArray5.xml (RunModel)" time="0.021" />
  <testcase classname="ptolemy.util.test.junit.AutoTests" name="[34] /home/travis/build/icyphy/ptII/ptolemy/actor/lib/hoc/test/auto/IterateOverArray6.xml (RunModel)" time="0.023" />
  <testcase classname="ptolemy.util.test.junit.AutoTests" name="[35] /home/travis/build/icyphy/ptII/ptolemy/actor/lib/hoc/test/auto/IterateOverArray7.xml (RunModel)" time="0.026" />
  <testcase classname="ptolemy.util.test.junit.AutoTests" name="[36] /home/travis/build/icyphy/ptII/ptolemy/actor/lib/hoc/test/auto/IterateOverArray8.xml (RunModel)" time="0.023" />
  <testcase classname="ptolemy.util.test.junit.AutoTests" name="[37] /home/travis/build/icyphy/ptII/ptolemy/actor/lib/hoc/test/auto/IterateOverArray9.xml (RunModel)" time="0.028" />
  <testcase classname="ptolemy.util.test.junit.AutoTests" name="[38] /home/travis/build/icyphy/ptII/ptolemy/actor/lib/hoc/test/auto/IterateOverArrayCoercedOutputType.xml (RunModel)" time="0.041" />
  <testcase classname="ptolemy.util.test.junit.AutoTests" name="[39] /home/travis/build/icyphy/ptII/ptolemy/actor/lib/hoc/test/auto/IterateOverArrayInferredOutputType.xml (RunModel)" time="0.028" />
  <testcase classname="ptolemy.util.test.junit.AutoTests" name="[40] /home/travis/build/icyphy/ptII/ptolemy/actor/lib/hoc/test/auto/MobileFunctionTest.xml (RunModel)" time="0.03" />
  <testcase classname="ptolemy.util.test.junit.AutoTests" name="[41] /home/travis/build/icyphy/ptII/ptolemy/actor/lib/hoc/test/auto/MobileModelTest.xml (RunModel)" time="0.125" />
  <testcase classname="ptolemy.util.test.junit.AutoTests" name="[42] /home/travis/build/icyphy/ptII/ptolemy/actor/lib/hoc/test/auto/ModelReference.xml (RunModel)" time="0.056" />
  <testcase classname="ptolemy.util.test.junit.AutoTests" name="[43] /home/travis/build/icyphy/ptII/ptolemy/actor/lib/hoc/test/auto/ModelReference3.xml (RunModel)" time="0.041" />
  <testcase classname="ptolemy.util.test.junit.AutoTests" name="[44] /home/travis/build/icyphy/ptII/ptolemy/actor/lib/hoc/test/auto/ModelReference4.xml (RunModel)" time="10.033" />
  <testcase classname="ptolemy.util.test.junit.AutoTests" name="[45] /home/travis/build/icyphy/ptII/ptolemy/actor/lib/hoc/test/auto/MultiInstanceComposite.xml (RunModel)" time="0.054" />
  <testcase classname="ptolemy.util.test.junit.AutoTests" name="[46] /home/travis/build/icyphy/ptII/ptolemy/actor/lib/hoc/test/auto/MultiInstanceComposite2.xml (RunModel)" time="0.034" />
  <testcase classname="ptolemy.util.test.junit.AutoTests" name="[47] /home/travis/build/icyphy/ptII/ptolemy/actor/lib/hoc/test/auto/MulticoreExecution.xml (RunModel)" time="1.082" />
  <testcase classname="ptolemy.util.test.junit.AutoTests" name="[48] /home/travis/build/icyphy/ptII/ptolemy/actor/lib/hoc/test/auto/ParallelExecution.xml (RunModel)" time="0.942" />
  <testcase classname="ptolemy.util.test.junit.AutoTests" name="[49] /home/travis/build/icyphy/ptII/ptolemy/actor/lib/hoc/test/auto/RunCompositeActor.xml (RunModel)" time="0.019" />
  <testcase classname="ptolemy.util.test.junit.AutoTests" name="[50] /home/travis/build/icyphy/ptII/ptolemy/actor/lib/hoc/test/auto/RunCompositeActor2.xml (RunModel)" time="0.033" />
  <testcase classname="ptolemy.util.test.junit.AutoTests" name="[51] /home/travis/build/icyphy/ptII/ptolemy/actor/lib/hoc/test/auto/RunCompositeActor3.xml (RunModel)" time="0.02" />
  <testcase classname="ptolemy.util.test.junit.AutoTests" name="[52] /home/travis/build/icyphy/ptII/ptolemy/actor/lib/hoc/test/auto/RunCompositeActor4.xml (RunModel)" time="0.022" />
  <testcase classname="ptolemy.util.test.junit.AutoTests" name="[53] /home/travis/build/icyphy/ptII/ptolemy/actor/lib/hoc/test/auto/RunCompositeIterateOverArray.xml (RunModel)" time="0.022" />
  <testcase classname="ptolemy.util.test.junit.AutoTests" name="[54] /home/travis/build/icyphy/ptII/ptolemy/actor/lib/hoc/test/auto/ThreadedJS.xml (RunModel)" time="11.997" />
  <system-out><![CDATA[/home/travis/build/icyphy/ptII/ptolemy/actor/lib/hoc/test/IterateOverArray.tcl
testDefs.tcl: setting time out to 9000 seconds at Wed May 27 14:31:22 UTC 2020
05/27/20 02:31:22
Failed: 0  Total Tests: 2  ((Passed: 2, Newly Passed: 0)  Known Failed: 0) /home/travis/build/icyphy/ptII/ptolemy/actor/lib/hoc/test
----------------- testing (KnownFailure) /home/travis/build/icyphy/ptII/ptolemy/actor/lib/hoc/test/auto/knownFailedTests/PreinitializeMustBeInvokedRunComposite.xml
126 ms. Memory: 129024K Free: 85956K (67%)
Known Failure: java.lang.reflect.InvocationTargetException
No auto/linux-amd64/*.xml tests in /home/travis/build/icyphy/ptII/ptolemy/actor/lib/hoc/test
AutoTests.java: About to close Vertx.
AutoTests.java: Vertx closed.

===========================================================================================
----------------- testing Wed May 27 14:31:23 UTC 2020 /home/travis/build/icyphy/ptII/ptolemy/actor/lib/hoc/test/auto/AllToAllMultiInstanceComposite.xml
----------------- Instantiating /home/travis/build/icyphy/ptII/ptolemy/actor/lib/hoc/test/auto/AllToAllMultiInstanceComposite.xml
243 ms. Memory: 129024K Free: 107056K (83%)
----------------- Invoking toplevel() on ptolemy.moml.MoMLSimpleApplication@32c9a4c6
----------------- Done invoking toplevel() on ptolemy.moml.MoMLSimpleApplication@32c9a4c6
reloadAllAccessors: .AllToAllMultiInstanceComposite

===========================================================================================
----------------- testing Wed May 27 14:31:23 UTC 2020 /home/travis/build/icyphy/ptII/ptolemy/actor/lib/hoc/test/auto/ApplyFFTTest.xml
----------------- Instantiating /home/travis/build/icyphy/ptII/ptolemy/actor/lib/hoc/test/auto/ApplyFFTTest.xml
142 ms. Memory: 129024K Free: 88424K (69%)
----------------- Invoking toplevel() on ptolemy.moml.MoMLSimpleApplication@34448a2e
----------------- Done invoking toplevel() on ptolemy.moml.MoMLSimpleApplication@34448a2e
reloadAllAccessors: .ApplyFFTTest

===========================================================================================
----------------- testing Wed May 27 14:31:24 UTC 2020 /home/travis/build/icyphy/ptII/ptolemy/actor/lib/hoc/test/auto/ApplyFunction.xml
----------------- Instantiating /home/travis/build/icyphy/ptII/ptolemy/actor/lib/hoc/test/auto/ApplyFunction.xml
14 ms. Memory: 129024K Free: 85354K (66%)
----------------- Invoking toplevel() on ptolemy.moml.MoMLSimpleApplication@29ddf467
----------------- Done invoking toplevel() on ptolemy.moml.MoMLSimpleApplication@29ddf467
reloadAllAccessors: .ApplyFunction

===========================================================================================
----------------- testing Wed May 27 14:31:24 UTC 2020 /home/travis/build/icyphy/ptII/ptolemy/actor/lib/hoc/test/auto/BackgroundExecution.xml
----------------- Instantiating /home/travis/build/icyphy/ptII/ptolemy/actor/lib/hoc/test/auto/BackgroundExecution.xml
627 ms. Memory: 129024K Free: 78167K (61%)
----------------- Invoking toplevel() on ptolemy.moml.MoMLSimpleApplication@6d6e9eb4
----------------- Done invoking toplevel() on ptolemy.moml.MoMLSimpleApplication@6d6e9eb4
reloadAllAccessors: .BackgroundExecution

===========================================================================================
----------------- testing Wed May 27 14:31:25 UTC 2020 /home/travis/build/icyphy/ptII/ptolemy/actor/lib/hoc/test/auto/Case.xml
----------------- Instantiating /home/travis/build/icyphy/ptII/ptolemy/actor/lib/hoc/test/auto/Case.xml
28 ms. Memory: 129024K Free: 70700K (55%)
----------------- Invoking toplevel() on ptolemy.moml.MoMLSimpleApplication@3edf3dd2
----------------- Done invoking toplevel() on ptolemy.moml.MoMLSimpleApplication@3edf3dd2
reloadAllAccessors: .Case

===========================================================================================
----------------- testing Wed May 27 14:31:25 UTC 2020 /home/travis/build/icyphy/ptII/ptolemy/actor/lib/hoc/test/auto/Case1.xml
----------------- Instantiating /home/travis/build/icyphy/ptII/ptolemy/actor/lib/hoc/test/auto/Case1.xml
13 ms. Memory: 129024K Free: 110735K (86%)
----------------- Invoking toplevel() on ptolemy.moml.MoMLSimpleApplication@105865ee
----------------- Done invoking toplevel() on ptolemy.moml.MoMLSimpleApplication@105865ee
reloadAllAccessors: .Case1

===========================================================================================
----------------- testing Wed May 27 14:31:25 UTC 2020 /home/travis/build/icyphy/ptII/ptolemy/actor/lib/hoc/test/auto/Case2.xml
----------------- Instantiating /home/travis/build/icyphy/ptII/ptolemy/actor/lib/hoc/test/auto/Case2.xml
44 ms. Memory: 129024K Free: 100495K (78%)
----------------- Invoking toplevel() on ptolemy.moml.MoMLSimpleApplication@60a901e7
----------------- Done invoking toplevel() on ptolemy.moml.MoMLSimpleApplication@60a901e7
reloadAllAccessors: .Case2

===========================================================================================
----------------- testing Wed May 27 14:31:25 UTC 2020 /home/travis/build/icyphy/ptII/ptolemy/actor/lib/hoc/test/auto/Case3.xml
----------------- Instantiating /home/travis/build/icyphy/ptII/ptolemy/actor/lib/hoc/test/auto/Case3.xml
18 ms. Memory: 129024K Free: 94338K (73%)
----------------- Invoking toplevel() on ptolemy.moml.MoMLSimpleApplication@13fddcab
----------------- Done invoking toplevel() on ptolemy.moml.MoMLSimpleApplication@13fddcab
reloadAllAccessors: .Case3

===========================================================================================
----------------- testing Wed May 27 14:31:25 UTC 2020 /home/travis/build/icyphy/ptII/ptolemy/actor/lib/hoc/test/auto/Case4.xml
----------------- Instantiating /home/travis/build/icyphy/ptII/ptolemy/actor/lib/hoc/test/auto/Case4.xml
10 ms. Memory: 129024K Free: 86431K (67%)
----------------- Invoking toplevel() on ptolemy.moml.MoMLSimpleApplication@f9d3a32
----------------- Done invoking toplevel() on ptolemy.moml.MoMLSimpleApplication@f9d3a32
reloadAllAccessors: .Case4

===========================================================================================
----------------- testing Wed May 27 14:31:25 UTC 2020 /home/travis/build/icyphy/ptII/ptolemy/actor/lib/hoc/test/auto/Case5.xml
----------------- Instantiating /home/travis/build/icyphy/ptII/ptolemy/actor/lib/hoc/test/auto/Case5.xml
20 ms. Memory: 129024K Free: 80026K (62%)
----------------- Invoking toplevel() on ptolemy.moml.MoMLSimpleApplication@2a5432fd
----------------- Done invoking toplevel() on ptolemy.moml.MoMLSimpleApplication@2a5432fd
reloadAllAccessors: .junk

===========================================================================================
----------------- testing Wed May 27 14:31:25 UTC 2020 /home/travis/build/icyphy/ptII/ptolemy/actor/lib/hoc/test/auto/Case6.xml
----------------- Instantiating /home/travis/build/icyphy/ptII/ptolemy/actor/lib/hoc/test/auto/Case6.xml
22 ms. Memory: 129024K Free: 68762K (53%)
----------------- Invoking toplevel() on ptolemy.moml.MoMLSimpleApplication@2a3852da
----------------- Done invoking toplevel() on ptolemy.moml.MoMLSimpleApplication@2a3852da
reloadAllAccessors: .Case6

===========================================================================================
----------------- testing Wed May 27 14:31:25 UTC 2020 /home/travis/build/icyphy/ptII/ptolemy/actor/lib/hoc/test/auto/CaseString2.xml
----------------- Instantiating /home/travis/build/icyphy/ptII/ptolemy/actor/lib/hoc/test/auto/CaseString2.xml
23 ms. Memory: 129024K Free: 113213K (88%)
----------------- Invoking toplevel() on ptolemy.moml.MoMLSimpleApplication@72c198f5
----------------- Done invoking toplevel() on ptolemy.moml.MoMLSimpleApplication@72c198f5
reloadAllAccessors: .CaseString2

===========================================================================================
----------------- testing Wed May 27 14:31:25 UTC 2020 /home/travis/build/icyphy/ptII/ptolemy/actor/lib/hoc/test/auto/CatchUpComposite1.xml
----------------- Instantiating /home/travis/build/icyphy/ptII/ptolemy/actor/lib/hoc/test/auto/CatchUpComposite1.xml
20 ms. Memory: 129024K Free: 103664K (80%)
----------------- Invoking toplevel() on ptolemy.moml.MoMLSimpleApplication@5d3a696f
----------------- Done invoking toplevel() on ptolemy.moml.MoMLSimpleApplication@5d3a696f
reloadAllAccessors: .CatchUpComposite1

===========================================================================================
----------------- testing Wed May 27 14:31:25 UTC 2020 /home/travis/build/icyphy/ptII/ptolemy/actor/lib/hoc/test/auto/CatchUpComposite2.xml
----------------- Instantiating /home/travis/build/icyphy/ptII/ptolemy/actor/lib/hoc/test/auto/CatchUpComposite2.xml
10 ms. Memory: 129024K Free: 95472K (74%)
----------------- Invoking toplevel() on ptolemy.moml.MoMLSimpleApplication@17e5a29a
----------------- Done invoking toplevel() on ptolemy.moml.MoMLSimpleApplication@17e5a29a
reloadAllAccessors: .CatchUpComposite2

===========================================================================================
----------------- testing Wed May 27 14:31:25 UTC 2020 /home/travis/build/icyphy/ptII/ptolemy/actor/lib/hoc/test/auto/CatchUpComposite3.xml
----------------- Instantiating /home/travis/build/icyphy/ptII/ptolemy/actor/lib/hoc/test/auto/CatchUpComposite3.xml
23 ms. Memory: 129024K Free: 86915K (67%)
----------------- Invoking toplevel() on ptolemy.moml.MoMLSimpleApplication@4756f200
----------------- Done invoking toplevel() on ptolemy.moml.MoMLSimpleApplication@4756f200
reloadAllAccessors: .CatchUpComposite3

===========================================================================================
----------------- testing Wed May 27 14:31:25 UTC 2020 /home/travis/build/icyphy/ptII/ptolemy/actor/lib/hoc/test/auto/CatchUpComposite4.xml
----------------- Instantiating /home/travis/build/icyphy/ptII/ptolemy/actor/lib/hoc/test/auto/CatchUpComposite4.xml
20 ms. Memory: 129024K Free: 79423K (62%)
----------------- Invoking toplevel() on ptolemy.moml.MoMLSimpleApplication@32ce2e3b
----------------- Done invoking toplevel() on ptolemy.moml.MoMLSimpleApplication@32ce2e3b
reloadAllAccessors: .CatchUpComposite4

===========================================================================================
----------------- testing Wed May 27 14:31:25 UTC 2020 /home/travis/build/icyphy/ptII/ptolemy/actor/lib/hoc/test/auto/CatchUpComposite5.xml
----------------- Instantiating /home/travis/build/icyphy/ptII/ptolemy/actor/lib/hoc/test/auto/CatchUpComposite5.xml
9 ms. Memory: 129024K Free: 71557K (55%)
----------------- Invoking toplevel() on ptolemy.moml.MoMLSimpleApplication@1a2b2ea0
----------------- Done invoking toplevel() on ptolemy.moml.MoMLSimpleApplication@1a2b2ea0
reloadAllAccessors: .CatchUpComposite5

===========================================================================================
----------------- testing Wed May 27 14:31:25 UTC 2020 /home/travis/build/icyphy/ptII/ptolemy/actor/lib/hoc/test/auto/CatchUpComposite6.xml
----------------- Instantiating /home/travis/build/icyphy/ptII/ptolemy/actor/lib/hoc/test/auto/CatchUpComposite6.xml
WARNING: The execution aspects in this model can influence the timing of actors by delaying the 
execution, potentially changing the behavior. There is no guarantee that actors fire at the 
time they request to be fired. 
Use Ptides for deterministic DE behavior that is not influenced by execution aspects. 

93 ms. Memory: 129024K Free: 57251K (44%)
----------------- Invoking toplevel() on ptolemy.moml.MoMLSimpleApplication@5dca639d
----------------- Done invoking toplevel() on ptolemy.moml.MoMLSimpleApplication@5dca639d
reloadAllAccessors: .CatchUpComposite6

===========================================================================================
----------------- testing Wed May 27 14:31:26 UTC 2020 /home/travis/build/icyphy/ptII/ptolemy/actor/lib/hoc/test/auto/CatchUpComposite7.xml
----------------- Instantiating /home/travis/build/icyphy/ptII/ptolemy/actor/lib/hoc/test/auto/CatchUpComposite7.xml
WARNING: The execution aspects in this model can influence the timing of actors by delaying the 
execution, potentially changing the behavior. There is no guarantee that actors fire at the 
time they request to be fired. 
Use Ptides for deterministic DE behavior that is not influenced by execution aspects. 

21 ms. Memory: 129024K Free: 109833K (85%)
----------------- Invoking toplevel() on ptolemy.moml.MoMLSimpleApplication@4b5f631b
----------------- Done invoking toplevel() on ptolemy.moml.MoMLSimpleApplication@4b5f631b
reloadAllAccessors: .CatchUpComposite7

===========================================================================================
----------------- testing Wed May 27 14:31:26 UTC 2020 /home/travis/build/icyphy/ptII/ptolemy/actor/lib/hoc/test/auto/ConcurrentExecutionTimeSDF.xml
----------------- Instantiating /home/travis/build/icyphy/ptII/ptolemy/actor/lib/hoc/test/auto/ConcurrentExecutionTimeSDF.xml
Fired ExecutionTime: 40400000
Fired ExecutionTime: 40400000
Fired ExecutionTime: 40400000
Fired ExecutionTime: 40400000
Fired ExecutionTime: 40400000
Fired ExecutionTime: 40400000
Fired ExecutionTime: 40400000
Fired ExecutionTime: 40400000
Fired ExecutionTime: 40400000
Fired ExecutionTime: 40400000
Fired ExecutionTime: 40400000
Fired ExecutionTime: 40400000
Fired ExecutionTime: 40400000
Fired ExecutionTime: 40400000
Fired ExecutionTime: 40400000
Fired ExecutionTime: 40400000
Fired ExecutionTime: 40400000
Fired ExecutionTime: 40400000
Fired ExecutionTime: 40400000
Fired ExecutionTime: 40400000
1307 ms. Memory: 129024K Free: 102960K (80%)
----------------- Invoking toplevel() on ptolemy.moml.MoMLSimpleApplication@6945b07a
----------------- Done invoking toplevel() on ptolemy.moml.MoMLSimpleApplication@6945b07a
reloadAllAccessors: .ConcurrentExecutionTimeSDF

===========================================================================================
----------------- testing Wed May 27 14:31:27 UTC 2020 /home/travis/build/icyphy/ptII/ptolemy/actor/lib/hoc/test/auto/ConcurrentSleep.xml
----------------- Instantiating /home/travis/build/icyphy/ptII/ptolemy/actor/lib/hoc/test/auto/ConcurrentSleep.xml
732 ms. Memory: 129024K Free: 91911K (71%)
----------------- Invoking toplevel() on ptolemy.moml.MoMLSimpleApplication@635614c2
----------------- Done invoking toplevel() on ptolemy.moml.MoMLSimpleApplication@635614c2
reloadAllAccessors: .ConcurrentSleep

===========================================================================================
----------------- testing Wed May 27 14:31:28 UTC 2020 /home/travis/build/icyphy/ptII/ptolemy/actor/lib/hoc/test/auto/DEInPNInRunCompositeActor.xml
----------------- Instantiating /home/travis/build/icyphy/ptII/ptolemy/actor/lib/hoc/test/auto/DEInPNInRunCompositeActor.xml
11 ms. Memory: 129024K Free: 86281K (67%)
----------------- Invoking toplevel() on ptolemy.moml.MoMLSimpleApplication@188c4a4f
----------------- Done invoking toplevel() on ptolemy.moml.MoMLSimpleApplication@188c4a4f
reloadAllAccessors: .DEInPNInRunCompositeActor

===========================================================================================
----------------- testing Wed May 27 14:31:28 UTC 2020 /home/travis/build/icyphy/ptII/ptolemy/actor/lib/hoc/test/auto/DFTSubSetTest.xml
----------------- Instantiating /home/travis/build/icyphy/ptII/ptolemy/actor/lib/hoc/test/auto/DFTSubSetTest.xml
183 ms. Memory: 129024K Free: 43931K (34%)
----------------- Invoking toplevel() on ptolemy.moml.MoMLSimpleApplication@6e43873b
----------------- Done invoking toplevel() on ptolemy.moml.MoMLSimpleApplication@6e43873b
reloadAllAccessors: .DFTSubSetTest

===========================================================================================
----------------- testing Wed May 27 14:31:28 UTC 2020 /home/travis/build/icyphy/ptII/ptolemy/actor/lib/hoc/test/auto/HocDE.xml
----------------- Instantiating /home/travis/build/icyphy/ptII/ptolemy/actor/lib/hoc/test/auto/HocDE.xml
133 ms. Memory: 161792K Free: 123462K (76%)
----------------- Invoking toplevel() on ptolemy.moml.MoMLSimpleApplication@7c1ba851
----------------- Done invoking toplevel() on ptolemy.moml.MoMLSimpleApplication@7c1ba851
reloadAllAccessors: .HocDE

===========================================================================================
----------------- testing Wed May 27 14:31:28 UTC 2020 /home/travis/build/icyphy/ptII/ptolemy/actor/lib/hoc/test/auto/IterateOverArray.xml
----------------- Instantiating /home/travis/build/icyphy/ptII/ptolemy/actor/lib/hoc/test/auto/IterateOverArray.xml
6 ms. Memory: 161792K Free: 118914K (73%)
----------------- Invoking toplevel() on ptolemy.moml.MoMLSimpleApplication@1b334f8f
----------------- Done invoking toplevel() on ptolemy.moml.MoMLSimpleApplication@1b334f8f
reloadAllAccessors: .IterateOverArray

===========================================================================================
----------------- testing Wed May 27 14:31:28 UTC 2020 /home/travis/build/icyphy/ptII/ptolemy/actor/lib/hoc/test/auto/IterateOverArray10.xml
----------------- Instantiating /home/travis/build/icyphy/ptII/ptolemy/actor/lib/hoc/test/auto/IterateOverArray10.xml
4 ms. Memory: 161792K Free: 115248K (71%)
----------------- Invoking toplevel() on ptolemy.moml.MoMLSimpleApplication@5ecb02c4
----------------- Done invoking toplevel() on ptolemy.moml.MoMLSimpleApplication@5ecb02c4
reloadAllAccessors: .IterateOverArray10

===========================================================================================
----------------- testing Wed May 27 14:31:28 UTC 2020 /home/travis/build/icyphy/ptII/ptolemy/actor/lib/hoc/test/auto/IterateOverArray11.xml
----------------- Instantiating /home/travis/build/icyphy/ptII/ptolemy/actor/lib/hoc/test/auto/IterateOverArray11.xml
6 ms. Memory: 161792K Free: 111606K (69%)
----------------- Invoking toplevel() on ptolemy.moml.MoMLSimpleApplication@7d7e2b6a
----------------- Done invoking toplevel() on ptolemy.moml.MoMLSimpleApplication@7d7e2b6a
reloadAllAccessors: .IterateOverArray11

===========================================================================================
----------------- testing Wed May 27 14:31:28 UTC 2020 /home/travis/build/icyphy/ptII/ptolemy/actor/lib/hoc/test/auto/IterateOverArray12.xml
----------------- Instantiating /home/travis/build/icyphy/ptII/ptolemy/actor/lib/hoc/test/auto/IterateOverArray12.xml
15 ms. Memory: 161792K Free: 105624K (65%)
----------------- Invoking toplevel() on ptolemy.moml.MoMLSimpleApplication@6ddb1937
----------------- Done invoking toplevel() on ptolemy.moml.MoMLSimpleApplication@6ddb1937
reloadAllAccessors: .IterateOverArray12

===========================================================================================
----------------- testing Wed May 27 14:31:28 UTC 2020 /home/travis/build/icyphy/ptII/ptolemy/actor/lib/hoc/test/auto/IterateOverArray13.xml
----------------- Instantiating /home/travis/build/icyphy/ptII/ptolemy/actor/lib/hoc/test/auto/IterateOverArray13.xml
67 ms. Memory: 161792K Free: 76952K (48%)
----------------- Invoking toplevel() on ptolemy.moml.MoMLSimpleApplication@69df45ff
----------------- Done invoking toplevel() on ptolemy.moml.MoMLSimpleApplication@69df45ff
reloadAllAccessors: .IterateOverArray13

===========================================================================================
----------------- testing Wed May 27 14:31:29 UTC 2020 /home/travis/build/icyphy/ptII/ptolemy/actor/lib/hoc/test/auto/IterateOverArray14.xml
----------------- Instantiating /home/travis/build/icyphy/ptII/ptolemy/actor/lib/hoc/test/auto/IterateOverArray14.xml
56 ms. Memory: 161792K Free: 128997K (80%)
----------------- Invoking toplevel() on ptolemy.moml.MoMLSimpleApplication@7a0cb54c
----------------- Done invoking toplevel() on ptolemy.moml.MoMLSimpleApplication@7a0cb54c
reloadAllAccessors: .IterateOverArray14

===========================================================================================
----------------- testing Wed May 27 14:31:29 UTC 2020 /home/travis/build/icyphy/ptII/ptolemy/actor/lib/hoc/test/auto/IterateOverArray2.xml
----------------- Instantiating /home/travis/build/icyphy/ptII/ptolemy/actor/lib/hoc/test/auto/IterateOverArray2.xml
9 ms. Memory: 161792K Free: 124387K (77%)
----------------- Invoking toplevel() on ptolemy.moml.MoMLSimpleApplication@6e324171
----------------- Done invoking toplevel() on ptolemy.moml.MoMLSimpleApplication@6e324171
reloadAllAccessors: .IterateOverArray2

===========================================================================================
----------------- testing Wed May 27 14:31:29 UTC 2020 /home/travis/build/icyphy/ptII/ptolemy/actor/lib/hoc/test/auto/IterateOverArray3.xml
----------------- Instantiating /home/travis/build/icyphy/ptII/ptolemy/actor/lib/hoc/test/auto/IterateOverArray3.xml
16 ms. Memory: 161792K Free: 118755K (73%)
----------------- Invoking toplevel() on ptolemy.moml.MoMLSimpleApplication@7f2098a7
----------------- Done invoking toplevel() on ptolemy.moml.MoMLSimpleApplication@7f2098a7
reloadAllAccessors: .IterateOverArray3

===========================================================================================
----------------- testing Wed May 27 14:31:29 UTC 2020 /home/travis/build/icyphy/ptII/ptolemy/actor/lib/hoc/test/auto/IterateOverArray4.xml
----------------- Instantiating /home/travis/build/icyphy/ptII/ptolemy/actor/lib/hoc/test/auto/IterateOverArray4.xml
10 ms. Memory: 161792K Free: 114661K (71%)
----------------- Invoking toplevel() on ptolemy.moml.MoMLSimpleApplication@27aae225
----------------- Done invoking toplevel() on ptolemy.moml.MoMLSimpleApplication@27aae225
reloadAllAccessors: .IterateOverArray4

===========================================================================================
----------------- testing Wed May 27 14:31:29 UTC 2020 /home/travis/build/icyphy/ptII/ptolemy/actor/lib/hoc/test/auto/IterateOverArray5.xml
----------------- Instantiating /home/travis/build/icyphy/ptII/ptolemy/actor/lib/hoc/test/auto/IterateOverArray5.xml
4 ms. Memory: 161792K Free: 110565K (68%)
----------------- Invoking toplevel() on ptolemy.moml.MoMLSimpleApplication@690d686c
----------------- Done invoking toplevel() on ptolemy.moml.MoMLSimpleApplication@690d686c
reloadAllAccessors: .IterateOverArray5

===========================================================================================
----------------- testing Wed May 27 14:31:29 UTC 2020 /home/travis/build/icyphy/ptII/ptolemy/actor/lib/hoc/test/auto/IterateOverArray6.xml
----------------- Instantiating /home/travis/build/icyphy/ptII/ptolemy/actor/lib/hoc/test/auto/IterateOverArray6.xml
5 ms. Memory: 161792K Free: 106979K (66%)
----------------- Invoking toplevel() on ptolemy.moml.MoMLSimpleApplication@43ec69c9
----------------- Done invoking toplevel() on ptolemy.moml.MoMLSimpleApplication@43ec69c9
reloadAllAccessors: .IterateOverArray6

===========================================================================================
----------------- testing Wed May 27 14:31:29 UTC 2020 /home/travis/build/icyphy/ptII/ptolemy/actor/lib/hoc/test/auto/IterateOverArray7.xml
----------------- Instantiating /home/travis/build/icyphy/ptII/ptolemy/actor/lib/hoc/test/auto/IterateOverArray7.xml
5 ms. Memory: 161792K Free: 102373K (63%)
----------------- Invoking toplevel() on ptolemy.moml.MoMLSimpleApplication@51c64239
----------------- Done invoking toplevel() on ptolemy.moml.MoMLSimpleApplication@51c64239
reloadAllAccessors: .IterateOverArray7

===========================================================================================
----------------- testing Wed May 27 14:31:29 UTC 2020 /home/travis/build/icyphy/ptII/ptolemy/actor/lib/hoc/test/auto/IterateOverArray8.xml
----------------- Instantiating /home/travis/build/icyphy/ptII/ptolemy/actor/lib/hoc/test/auto/IterateOverArray8.xml
3 ms. Memory: 161792K Free: 98277K (61%)
----------------- Invoking toplevel() on ptolemy.moml.MoMLSimpleApplication@4a43d898
----------------- Done invoking toplevel() on ptolemy.moml.MoMLSimpleApplication@4a43d898
reloadAllAccessors: .IterateOverArray8

===========================================================================================
----------------- testing Wed May 27 14:31:29 UTC 2020 /home/travis/build/icyphy/ptII/ptolemy/actor/lib/hoc/test/auto/IterateOverArray9.xml
----------------- Instantiating /home/travis/build/icyphy/ptII/ptolemy/actor/lib/hoc/test/auto/IterateOverArray9.xml
6 ms. Memory: 161792K Free: 94181K (58%)
----------------- Invoking toplevel() on ptolemy.moml.MoMLSimpleApplication@418e10e3
----------------- Done invoking toplevel() on ptolemy.moml.MoMLSimpleApplication@418e10e3
reloadAllAccessors: .IterateOverArray9

===========================================================================================
----------------- testing Wed May 27 14:31:29 UTC 2020 /home/travis/build/icyphy/ptII/ptolemy/actor/lib/hoc/test/auto/IterateOverArrayCoercedOutputType.xml
----------------- Instantiating /home/travis/build/icyphy/ptII/ptolemy/actor/lib/hoc/test/auto/IterateOverArrayCoercedOutputType.xml
7 ms. Memory: 161792K Free: 89061K (55%)
----------------- Invoking toplevel() on ptolemy.moml.MoMLSimpleApplication@736ec9de
----------------- Done invoking toplevel() on ptolemy.moml.MoMLSimpleApplication@736ec9de
reloadAllAccessors: .IterateOverArrayCoercedOutputType

===========================================================================================
----------------- testing Wed May 27 14:31:29 UTC 2020 /home/travis/build/icyphy/ptII/ptolemy/actor/lib/hoc/test/auto/IterateOverArrayInferredOutputType.xml
----------------- Instantiating /home/travis/build/icyphy/ptII/ptolemy/actor/lib/hoc/test/auto/IterateOverArrayInferredOutputType.xml
9 ms. Memory: 161792K Free: 84451K (52%)
----------------- Invoking toplevel() on ptolemy.moml.MoMLSimpleApplication@29e04695
----------------- Done invoking toplevel() on ptolemy.moml.MoMLSimpleApplication@29e04695
reloadAllAccessors: .IterateOverArrayInferredOutputType

===========================================================================================
----------------- testing Wed May 27 14:31:29 UTC 2020 /home/travis/build/icyphy/ptII/ptolemy/actor/lib/hoc/test/auto/MobileFunctionTest.xml
----------------- Instantiating /home/travis/build/icyphy/ptII/ptolemy/actor/lib/hoc/test/auto/MobileFunctionTest.xml
3 ms. Memory: 161792K Free: 79845K (49%)
----------------- Invoking toplevel() on ptolemy.moml.MoMLSimpleApplication@7739d40b
----------------- Done invoking toplevel() on ptolemy.moml.MoMLSimpleApplication@7739d40b
reloadAllAccessors: .MobileFunctionTest

===========================================================================================
----------------- testing Wed May 27 14:31:29 UTC 2020 /home/travis/build/icyphy/ptII/ptolemy/actor/lib/hoc/test/auto/MobileModelTest.xml
----------------- Instantiating /home/travis/build/icyphy/ptII/ptolemy/actor/lib/hoc/test/auto/MobileModelTest.xml
96 ms. Memory: 161792K Free: 58851K (36%)
----------------- Invoking toplevel() on ptolemy.moml.MoMLSimpleApplication@227a1c53
----------------- Done invoking toplevel() on ptolemy.moml.MoMLSimpleApplication@227a1c53
reloadAllAccessors: .MobileModelTest

===========================================================================================
----------------- testing Wed May 27 14:31:29 UTC 2020 /home/travis/build/icyphy/ptII/ptolemy/actor/lib/hoc/test/auto/ModelReference.xml
----------------- Instantiating /home/travis/build/icyphy/ptII/ptolemy/actor/lib/hoc/test/auto/ModelReference.xml
2 ms. Memory: 161792K Free: 145413K (90%)
2 ms. Memory: 161792K Free: 144733K (89%)
2 ms. Memory: 161792K Free: 143933K (89%)
2 ms. Memory: 161792K Free: 142965K (88%)
1 ms. Memory: 161792K Free: 142349K (88%)
2 ms. Memory: 161792K Free: 141325K (87%)
2 ms. Memory: 161792K Free: 140653K (87%)
1 ms. Memory: 161792K Free: 139853K (86%)
1 ms. Memory: 161792K Free: 138883K (86%)
2 ms. Memory: 161792K Free: 138307K (85%)
35 ms. Memory: 161792K Free: 138307K (85%)
----------------- Invoking toplevel() on ptolemy.moml.MoMLSimpleApplication@711dc0da
----------------- Done invoking toplevel() on ptolemy.moml.MoMLSimpleApplication@711dc0da
reloadAllAccessors: .ModelReference

===========================================================================================
----------------- testing Wed May 27 14:31:29 UTC 2020 /home/travis/build/icyphy/ptII/ptolemy/actor/lib/hoc/test/auto/ModelReference3.xml
----------------- Instantiating /home/travis/build/icyphy/ptII/ptolemy/actor/lib/hoc/test/auto/ModelReference3.xml
1 ms. Memory: 161792K Free: 133079K (82%)
4 ms. Memory: 161792K Free: 132485K (82%)
2 ms. Memory: 161792K Free: 131513K (81%)
3 ms. Memory: 161792K Free: 131007K (81%)
1 ms. Memory: 161792K Free: 129993K (80%)
1 ms. Memory: 161792K Free: 128977K (80%)
3 ms. Memory: 161792K Free: 128403K (79%)
3 ms. Memory: 161792K Free: 127417K (79%)
2 ms. Memory: 161792K Free: 126911K (78%)
1 ms. Memory: 161792K Free: 125897K (78%)
30 ms. Memory: 161792K Free: 125897K (78%)
----------------- Invoking toplevel() on ptolemy.moml.MoMLSimpleApplication@43f343a
----------------- Done invoking toplevel() on ptolemy.moml.MoMLSimpleApplication@43f343a
reloadAllAccessors: .ModelReference3

===========================================================================================
----------------- testing Wed May 27 14:31:29 UTC 2020 /home/travis/build/icyphy/ptII/ptolemy/actor/lib/hoc/test/auto/ModelReference4.xml
----------------- Instantiating /home/travis/build/icyphy/ptII/ptolemy/actor/lib/hoc/test/auto/ModelReference4.xml
3 ms. Memory: 161792K Free: 121251K (75%)
5 ms. Memory: 161792K Free: 119753K (74%)
2 ms. Memory: 161792K Free: 118697K (73%)
3 ms. Memory: 161792K Free: 117147K (72%)
2 ms. Memory: 161792K Free: 116131K (72%)
2 ms. Memory: 161792K Free: 114609K (71%)
4 ms. Memory: 161792K Free: 113593K (70%)
4 ms. Memory: 161792K Free: 112615K (70%)
3 ms. Memory: 161792K Free: 111011K (69%)
5 ms. Memory: 161792K Free: 110009K (68%)
10017 ms. Memory: 161792K Free: 110009K (68%)
----------------- Invoking toplevel() on ptolemy.moml.MoMLSimpleApplication@64e5f537
----------------- Done invoking toplevel() on ptolemy.moml.MoMLSimpleApplication@64e5f537
reloadAllAccessors: .ModelReference4

===========================================================================================
----------------- testing Wed May 27 14:31:39 UTC 2020 /home/travis/build/icyphy/ptII/ptolemy/actor/lib/hoc/test/auto/MultiInstanceComposite.xml
----------------- Instantiating /home/travis/build/icyphy/ptII/ptolemy/actor/lib/hoc/test/auto/MultiInstanceComposite.xml
25 ms. Memory: 161792K Free: 90057K (56%)
----------------- Invoking toplevel() on ptolemy.moml.MoMLSimpleApplication@343623dc
----------------- Done invoking toplevel() on ptolemy.moml.MoMLSimpleApplication@343623dc
reloadAllAccessors: .MultiInstanceComposite

===========================================================================================
----------------- testing Wed May 27 14:31:39 UTC 2020 /home/travis/build/icyphy/ptII/ptolemy/actor/lib/hoc/test/auto/MultiInstanceComposite2.xml
----------------- Instantiating /home/travis/build/icyphy/ptII/ptolemy/actor/lib/hoc/test/auto/MultiInstanceComposite2.xml
16 ms. Memory: 161792K Free: 78777K (49%)
----------------- Invoking toplevel() on ptolemy.moml.MoMLSimpleApplication@2967ab52
----------------- Done invoking toplevel() on ptolemy.moml.MoMLSimpleApplication@2967ab52
reloadAllAccessors: .MultiInstanceComposite2

===========================================================================================
----------------- testing Wed May 27 14:31:39 UTC 2020 /home/travis/build/icyphy/ptII/ptolemy/actor/lib/hoc/test/auto/MulticoreExecution.xml
----------------- Instantiating /home/travis/build/icyphy/ptII/ptolemy/actor/lib/hoc/test/auto/MulticoreExecution.xml
Fired ExecutionTime: 4400000
Fired ExecutionTime: 2400000
Fired ExecutionTime: 18000000
Fired ExecutionTime: 30000000
Fired ExecutionTime: 107200000
Fired ExecutionTime: 108400000
Fired ExecutionTime: 60400000
Fired ExecutionTime: 112400000
Fired ExecutionTime: 109200000
Fired ExecutionTime: 109600000
Fired ExecutionTime: 96000000
Fired ExecutionTime: 108400000
Fired ExecutionTime: 109200000
Fired ExecutionTime: 115600000
Fired ExecutionTime: 109600000
Fired ExecutionTime: 109600000
Fired ExecutionTime: 109600000
Fired ExecutionTime: 109200000
Fired ExecutionTime: 108800000
Fired ExecutionTime: 100400000
1061 ms. Memory: 161792K Free: 70541K (44%)
----------------- Invoking toplevel() on ptolemy.moml.MoMLSimpleApplication@3f23c5d
----------------- Done invoking toplevel() on ptolemy.moml.MoMLSimpleApplication@3f23c5d
reloadAllAccessors: .MulticoreExecution

===========================================================================================
----------------- testing Wed May 27 14:31:40 UTC 2020 /home/travis/build/icyphy/ptII/ptolemy/actor/lib/hoc/test/auto/ParallelExecution.xml
----------------- Instantiating /home/travis/build/icyphy/ptII/ptolemy/actor/lib/hoc/test/auto/ParallelExecution.xml
923 ms. Memory: 161792K Free: 63373K (39%)
----------------- Invoking toplevel() on ptolemy.moml.MoMLSimpleApplication@250cdb9d
----------------- Done invoking toplevel() on ptolemy.moml.MoMLSimpleApplication@250cdb9d
reloadAllAccessors: .ParallelExecution

===========================================================================================
----------------- testing Wed May 27 14:31:41 UTC 2020 /home/travis/build/icyphy/ptII/ptolemy/actor/lib/hoc/test/auto/RunCompositeActor.xml
----------------- Instantiating /home/travis/build/icyphy/ptII/ptolemy/actor/lib/hoc/test/auto/RunCompositeActor.xml
7 ms. Memory: 161792K Free: 56279K (35%)
----------------- Invoking toplevel() on ptolemy.moml.MoMLSimpleApplication@13789a9
----------------- Done invoking toplevel() on ptolemy.moml.MoMLSimpleApplication@13789a9
reloadAllAccessors: .RunCompositeActor

===========================================================================================
----------------- testing Wed May 27 14:31:41 UTC 2020 /home/travis/build/icyphy/ptII/ptolemy/actor/lib/hoc/test/auto/RunCompositeActor2.xml
----------------- Instantiating /home/travis/build/icyphy/ptII/ptolemy/actor/lib/hoc/test/auto/RunCompositeActor2.xml
5 ms. Memory: 161792K Free: 143137K (88%)
----------------- Invoking toplevel() on ptolemy.moml.MoMLSimpleApplication@c5d016f
----------------- Done invoking toplevel() on ptolemy.moml.MoMLSimpleApplication@c5d016f
reloadAllAccessors: .RunCompositeActor2

===========================================================================================
----------------- testing Wed May 27 14:31:41 UTC 2020 /home/travis/build/icyphy/ptII/ptolemy/actor/lib/hoc/test/auto/RunCompositeActor3.xml
----------------- Instantiating /home/travis/build/icyphy/ptII/ptolemy/actor/lib/hoc/test/auto/RunCompositeActor3.xml
3 ms. Memory: 161792K Free: 137957K (85%)
----------------- Invoking toplevel() on ptolemy.moml.MoMLSimpleApplication@703d346b
----------------- Done invoking toplevel() on ptolemy.moml.MoMLSimpleApplication@703d346b
reloadAllAccessors: .RunCompositeActor3

===========================================================================================
----------------- testing Wed May 27 14:31:42 UTC 2020 /home/travis/build/icyphy/ptII/ptolemy/actor/lib/hoc/test/auto/RunCompositeActor4.xml
----------------- Instantiating /home/travis/build/icyphy/ptII/ptolemy/actor/lib/hoc/test/auto/RunCompositeActor4.xml
10 ms. Memory: 161792K Free: 129839K (80%)
----------------- Invoking toplevel() on ptolemy.moml.MoMLSimpleApplication@56627675
----------------- Done invoking toplevel() on ptolemy.moml.MoMLSimpleApplication@56627675
reloadAllAccessors: .RunCompositeActor4

===========================================================================================
----------------- testing Wed May 27 14:31:42 UTC 2020 /home/travis/build/icyphy/ptII/ptolemy/actor/lib/hoc/test/auto/RunCompositeIterateOverArray.xml
----------------- Instantiating /home/travis/build/icyphy/ptII/ptolemy/actor/lib/hoc/test/auto/RunCompositeIterateOverArray.xml
4 ms. Memory: 161792K Free: 124177K (77%)
----------------- Invoking toplevel() on ptolemy.moml.MoMLSimpleApplication@7118ba8e
----------------- Done invoking toplevel() on ptolemy.moml.MoMLSimpleApplication@7118ba8e
reloadAllAccessors: .RunCompositeIterateOverArray

===========================================================================================
----------------- testing Wed May 27 14:31:42 UTC 2020 /home/travis/build/icyphy/ptII/ptolemy/actor/lib/hoc/test/auto/ThreadedJS.xml
----------------- Instantiating /home/travis/build/icyphy/ptII/ptolemy/actor/lib/hoc/test/auto/ThreadedJS.xml
5407 ms. Memory: 233472K Free: 149502K (64%)
----------------- Invoking toplevel() on ptolemy.moml.MoMLSimpleApplication@52e1dde6
----------------- Done invoking toplevel() on ptolemy.moml.MoMLSimpleApplication@52e1dde6
reloadAllAccessors: .ThreadedJS
AutoTests.java: About to close Vertx.
AutoTests.java: Vertx closed.
]]></system-out>
  <system-err><![CDATA[java.lang.RuntimeException: Execution failed
	at ptolemy.moml.MoMLSimpleApplication$UnloadThread.run(MoMLSimpleApplication.java:402)
Caused by: ptolemy.kernel.util.IllegalActionException: initialize() was called after wrapup() was called but preinitialize() was not called after wrapup().
	at ptolemy.actor.lib.hoc.test.PreinitializeMustBeInvoked.initialize(PreinitializeMustBeInvoked.java:78)
	at ptolemy.actor.Director.initialize(Director.java:938)
	at ptolemy.actor.Director.initialize(Director.java:907)
	at ptolemy.actor.sched.StaticSchedulingDirector.initialize(StaticSchedulingDirector.java:159)
	at ptolemy.domains.sdf.kernel.SDFDirector.initialize(SDFDirector.java:544)
	at ptolemy.actor.CompositeActor.initialize(CompositeActor.java:935)
	at ptolemy.actor.lib.hoc.LifeCycleManager._executeInsideModel(LifeCycleManager.java:339)
	at ptolemy.actor.lib.hoc.RunCompositeActor.fire(RunCompositeActor.java:205)
	at ptolemy.actor.CompositeActor.iterate(CompositeActor.java:1146)
	at ptolemy.actor.sched.StaticSchedulingDirector.fire(StaticSchedulingDirector.java:216)
	at ptolemy.domains.sdf.kernel.SDFDirector.fire(SDFDirector.java:500)
	at ptolemy.actor.CompositeActor.fire(CompositeActor.java:455)
	at ptolemy.actor.Manager.iterate(Manager.java:851)
	at ptolemy.actor.Manager.execute(Manager.java:369)
	at ptolemy.actor.Manager.run(Manager.java:1263)
	at ptolemy.actor.Manager$PtolemyRunThread.run(Manager.java:1933)
java.lang.reflect.InvocationTargetException
	at java.base/jdk.internal.reflect.NativeConstructorAccessorImpl.newInstance0(Native Method)
	at java.base/jdk.internal.reflect.NativeConstructorAccessorImpl.newInstance(NativeConstructorAccessorImpl.java:62)
	at java.base/jdk.internal.reflect.DelegatingConstructorAccessorImpl.newInstance(DelegatingConstructorAccessorImpl.java:45)
	at java.base/java.lang.reflect.Constructor.newInstance(Constructor.java:490)
	at ptolemy.util.test.junit.AutoKnownFailedTests.RunModel(AutoKnownFailedTests.java:105)
	at java.base/jdk.internal.reflect.NativeMethodAccessorImpl.invoke0(Native Method)
	at java.base/jdk.internal.reflect.NativeMethodAccessorImpl.invoke(NativeMethodAccessorImpl.java:62)
	at java.base/jdk.internal.reflect.DelegatingMethodAccessorImpl.invoke(DelegatingMethodAccessorImpl.java:43)
	at java.base/java.lang.reflect.Method.invoke(Method.java:566)
	at org.junit.runners.model.FrameworkMethod$1.runReflectiveCall(FrameworkMethod.java:44)
	at org.junit.internal.runners.model.ReflectiveCallable.run(ReflectiveCallable.java:15)
	at org.junit.runners.model.FrameworkMethod.invokeExplosively(FrameworkMethod.java:41)
	at junitparams.internal.InvokeParameterisedMethod.evaluate(InvokeParameterisedMethod.java:102)
	at org.junit.internal.runners.statements.FailOnTimeout$1.run(FailOnTimeout.java:28)
Caused by: ptolemy.kernel.util.IllegalActionException: initialize() was called after wrapup() was called but preinitialize() was not called after wrapup().
	at ptolemy.actor.lib.hoc.test.PreinitializeMustBeInvoked.initialize(PreinitializeMustBeInvoked.java:78)
	at ptolemy.actor.Director.initialize(Director.java:938)
	at ptolemy.actor.Director.initialize(Director.java:907)
	at ptolemy.actor.sched.StaticSchedulingDirector.initialize(StaticSchedulingDirector.java:159)
	at ptolemy.domains.sdf.kernel.SDFDirector.initialize(SDFDirector.java:544)
	at ptolemy.actor.CompositeActor.initialize(CompositeActor.java:935)
	at ptolemy.actor.lib.hoc.LifeCycleManager._executeInsideModel(LifeCycleManager.java:339)
	at ptolemy.actor.lib.hoc.RunCompositeActor.fire(RunCompositeActor.java:205)
	at ptolemy.actor.CompositeActor.iterate(CompositeActor.java:1146)
	at ptolemy.actor.sched.StaticSchedulingDirector.fire(StaticSchedulingDirector.java:216)
	at ptolemy.domains.sdf.kernel.SDFDirector.fire(SDFDirector.java:500)
	at ptolemy.actor.CompositeActor.fire(CompositeActor.java:455)
	at ptolemy.actor.Manager.iterate(Manager.java:851)
	at ptolemy.actor.Manager.execute(Manager.java:369)
	at ptolemy.actor.Manager.run(Manager.java:1263)
	at ptolemy.actor.Manager$PtolemyRunThread.run(Manager.java:1933)
Warning: Nashorn engine is planned to be removed from a future JDK release
Warning: Nashorn engine is planned to be removed from a future JDK release
Warning: Nashorn engine is planned to be removed from a future JDK release
Warning: Nashorn engine is planned to be removed from a future JDK release
Warning: Nashorn engine is planned to be removed from a future JDK release
Warning: Nashorn engine is planned to be removed from a future JDK release
Warning: Nashorn engine is planned to be removed from a future JDK release
Warning: Nashorn engine is planned to be removed from a future JDK release
]]></system-err>
</testsuite>
