<?xml version="1.0" encoding="UTF-8" ?>
<testsuite errors="0" failures="0" hostname="travis-job-7c34372f-5e0e-4139-b980-a469f13fc92c" name="ptolemy.domains.de.test.junit.JUnitTclTest" skipped="0" tests="101" time="132.633" timestamp="2019-11-24T06:20:12">
  <properties>
[...]
</properties>
  <testcase classname="ptolemy.util.test.junit.TclTests" name="[0] /home/travis/build/icyphy/ptII/ptolemy/domains/de/test/DependencyLoop.tcl (RunTclFile)" time="1.166" />
  <testcase classname="ptolemy.util.test.junit.TclTests" name="[1] /home/travis/build/icyphy/ptII/ptolemy/domains/de/test/RunDETestsAsQSS.tcl (RunTclFile)" time="89.602" />
  <testcase classname="ptolemy.util.test.junit.AutoKnownFailedTests" name="[0] /home/travis/build/icyphy/ptII/ptolemy/domains/de/test/auto/knownFailedTests/DESDFClockTest.xml (RunModel)" time="2.047" />
  <testcase classname="ptolemy.util.test.junit.AutoKnownFailedTests" name="[1] /home/travis/build/icyphy/ptII/ptolemy/domains/de/test/auto/knownFailedTests/DirectFeedback.xml (RunModel)" time="0.012" />
  <testcase classname="ptolemy.util.test.junit.AutoKnownFailedTests" name="[2] /home/travis/build/icyphy/ptII/ptolemy/domains/de/test/auto/knownFailedTests/FSMSource.xml (RunModel)" time="0.027" />
  <testcase classname="ptolemy.util.test.junit.AutoKnownFailedTests" name="[3] /home/travis/build/icyphy/ptII/ptolemy/domains/de/test/auto/knownFailedTests/HierarchicalModel.xml (RunModel)" time="0.055" />
  <testcase classname="ptolemy.util.test.junit.AutoKnownFailedTests" name="[4] /home/travis/build/icyphy/ptII/ptolemy/domains/de/test/auto/knownFailedTests/dependencyLoop.xml (RunModel)" time="0.046" />
  <testcase classname="ptolemy.util.test.junit.AutoKnownFailedTests" name="[5] /home/travis/build/icyphy/ptII/ptolemy/domains/de/test/auto/knownFailedTests/dependencyLoop2.xml (RunModel)" time="0.048" />
  <testcase classname="ptolemy.util.test.junit.AutoNameArchTests" name="[0] ThereAreNoAutoArchTests (RunModel)" time="0.001" />
  <testcase classname="ptolemy.util.test.junit.AutoTests" name="[0] /home/travis/build/icyphy/ptII/ptolemy/domains/de/test/auto/ActorDepthCalculation_actorWithoutPorts.xml (RunModel)" time="0.026" />
  <testcase classname="ptolemy.util.test.junit.AutoTests" name="[1] /home/travis/build/icyphy/ptII/ptolemy/domains/de/test/auto/AssemblyLine.xml (RunModel)" time="0.032" />
  <testcase classname="ptolemy.util.test.junit.AutoTests" name="[2] /home/travis/build/icyphy/ptII/ptolemy/domains/de/test/auto/CQBug1.xml (RunModel)" time="0.008" />
  <testcase classname="ptolemy.util.test.junit.AutoTests" name="[3] /home/travis/build/icyphy/ptII/ptolemy/domains/de/test/auto/CancelFireAt.xml (RunModel)" time="0.015" />
  <testcase classname="ptolemy.util.test.junit.AutoTests" name="[4] /home/travis/build/icyphy/ptII/ptolemy/domains/de/test/auto/CausalityAndComposabilityAnalysis.xml (RunModel)" time="0.019" />
  <testcase classname="ptolemy.util.test.junit.AutoTests" name="[5] /home/travis/build/icyphy/ptII/ptolemy/domains/de/test/auto/CausalityInterface1.xml (RunModel)" time="0.017" />
  <testcase classname="ptolemy.util.test.junit.AutoTests" name="[6] /home/travis/build/icyphy/ptII/ptolemy/domains/de/test/auto/CausalityInterface15.xml (RunModel)" time="0.018" />
  <testcase classname="ptolemy.util.test.junit.AutoTests" name="[7] /home/travis/build/icyphy/ptII/ptolemy/domains/de/test/auto/CausalityInterface2.xml (RunModel)" time="0.015" />
  <testcase classname="ptolemy.util.test.junit.AutoTests" name="[8] /home/travis/build/icyphy/ptII/ptolemy/domains/de/test/auto/CausalityInterface3.xml (RunModel)" time="0.015" />
  <testcase classname="ptolemy.util.test.junit.AutoTests" name="[9] /home/travis/build/icyphy/ptII/ptolemy/domains/de/test/auto/ClockDrift.xml (RunModel)" time="0.039" />
  <testcase classname="ptolemy.util.test.junit.AutoTests" name="[10] /home/travis/build/icyphy/ptII/ptolemy/domains/de/test/auto/ClockDriftAndValueChange.xml (RunModel)" time="0.039" />
  <testcase classname="ptolemy.util.test.junit.AutoTests" name="[11] /home/travis/build/icyphy/ptII/ptolemy/domains/de/test/auto/ClockDriftChange.xml (RunModel)" time="0.039" />
  <testcase classname="ptolemy.util.test.junit.AutoTests" name="[12] /home/travis/build/icyphy/ptII/ptolemy/domains/de/test/auto/ComposableCausalityAnalysis.xml (RunModel)" time="0.015" />
  <testcase classname="ptolemy.util.test.junit.AutoTests" name="[13] /home/travis/build/icyphy/ptII/ptolemy/domains/de/test/auto/DEFixedPointLimitation.xml (RunModel)" time="0.009" />
  <testcase classname="ptolemy.util.test.junit.AutoTests" name="[14] /home/travis/build/icyphy/ptII/ptolemy/domains/de/test/auto/DEScheduleTest.xml (RunModel)" time="0.015" />
  <testcase classname="ptolemy.util.test.junit.AutoTests" name="[15] /home/travis/build/icyphy/ptII/ptolemy/domains/de/test/auto/DEinDEwithStartTimes.xml (RunModel)" time="0.017" />
  <testcase classname="ptolemy.util.test.junit.AutoTests" name="[16] /home/travis/build/icyphy/ptII/ptolemy/domains/de/test/auto/DEinDEwithStartTimes2.xml (RunModel)" time="0.018" />
  <testcase classname="ptolemy.util.test.junit.AutoTests" name="[17] /home/travis/build/icyphy/ptII/ptolemy/domains/de/test/auto/DateDemo.xml (RunModel)" time="0.039" />
  <testcase classname="ptolemy.util.test.junit.AutoTests" name="[18] /home/travis/build/icyphy/ptII/ptolemy/domains/de/test/auto/DateToEvent.xml (RunModel)" time="2.047" />
  <testcase classname="ptolemy.util.test.junit.AutoTests" name="[19] /home/travis/build/icyphy/ptII/ptolemy/domains/de/test/auto/DepthTest1.xml (RunModel)" time="0.009" />
  <testcase classname="ptolemy.util.test.junit.AutoTests" name="[20] /home/travis/build/icyphy/ptII/ptolemy/domains/de/test/auto/DepthTest2.xml (RunModel)" time="0.021" />
  <testcase classname="ptolemy.util.test.junit.AutoTests" name="[21] /home/travis/build/icyphy/ptII/ptolemy/domains/de/test/auto/DepthTest3.xml (RunModel)" time="0.011" />
  <testcase classname="ptolemy.util.test.junit.AutoTests" name="[22] /home/travis/build/icyphy/ptII/ptolemy/domains/de/test/auto/DepthTest4.xml (RunModel)" time="0.023" />
  <testcase classname="ptolemy.util.test.junit.AutoTests" name="[23] /home/travis/build/icyphy/ptII/ptolemy/domains/de/test/auto/DepthTest5.xml (RunModel)" time="0.017" />
  <testcase classname="ptolemy.util.test.junit.AutoTests" name="[24] /home/travis/build/icyphy/ptII/ptolemy/domains/de/test/auto/DepthTest6.xml (RunModel)" time="0.012" />
  <testcase classname="ptolemy.util.test.junit.AutoTests" name="[25] /home/travis/build/icyphy/ptII/ptolemy/domains/de/test/auto/DepthTest7.xml (RunModel)" time="0.011" />
  <testcase classname="ptolemy.util.test.junit.AutoTests" name="[26] /home/travis/build/icyphy/ptII/ptolemy/domains/de/test/auto/EventToDate.xml (RunModel)" time="3.045" />
  <testcase classname="ptolemy.util.test.junit.AutoTests" name="[27] /home/travis/build/icyphy/ptII/ptolemy/domains/de/test/auto/FSM1.xml (RunModel)" time="0.047" />
  <testcase classname="ptolemy.util.test.junit.AutoTests" name="[28] /home/travis/build/icyphy/ptII/ptolemy/domains/de/test/auto/FSM7.xml (RunModel)" time="0.047" />
  <testcase classname="ptolemy.util.test.junit.AutoTests" name="[29] /home/travis/build/icyphy/ptII/ptolemy/domains/de/test/auto/Inspection.xml (RunModel)" time="0.049" />
  <testcase classname="ptolemy.util.test.junit.AutoTests" name="[30] /home/travis/build/icyphy/ptII/ptolemy/domains/de/test/auto/Iteration.xml (RunModel)" time="0.03" />
  <testcase classname="ptolemy.util.test.junit.AutoTests" name="[31] /home/travis/build/icyphy/ptII/ptolemy/domains/de/test/auto/LineFault.xml (RunModel)" time="0.714" />
  <testcase classname="ptolemy.util.test.junit.AutoTests" name="[32] /home/travis/build/icyphy/ptII/ptolemy/domains/de/test/auto/MergeModel1Add.xml (RunModel)" time="0.044" />
  <testcase classname="ptolemy.util.test.junit.AutoTests" name="[33] /home/travis/build/icyphy/ptII/ptolemy/domains/de/test/auto/MergeModel2Add.xml (RunModel)" time="0.045" />
  <testcase classname="ptolemy.util.test.junit.AutoTests" name="[34] /home/travis/build/icyphy/ptII/ptolemy/domains/de/test/auto/MergeModel3Add.xml (RunModel)" time="0.052" />
  <testcase classname="ptolemy.util.test.junit.AutoTests" name="[35] /home/travis/build/icyphy/ptII/ptolemy/domains/de/test/auto/MergeWithoutDiscard.xml (RunModel)" time="0.02" />
  <testcase classname="ptolemy.util.test.junit.AutoTests" name="[36] /home/travis/build/icyphy/ptII/ptolemy/domains/de/test/auto/Modal1.xml (RunModel)" time="0.037" />
  <testcase classname="ptolemy.util.test.junit.AutoTests" name="[37] /home/travis/build/icyphy/ptII/ptolemy/domains/de/test/auto/Modal2.xml (RunModel)" time="0.036" />
  <testcase classname="ptolemy.util.test.junit.AutoTests" name="[38] /home/travis/build/icyphy/ptII/ptolemy/domains/de/test/auto/Modal3.xml (RunModel)" time="0.026" />
  <testcase classname="ptolemy.util.test.junit.AutoTests" name="[39] /home/travis/build/icyphy/ptII/ptolemy/domains/de/test/auto/Modal4.xml (RunModel)" time="0.032" />
  <testcase classname="ptolemy.util.test.junit.AutoTests" name="[40] /home/travis/build/icyphy/ptII/ptolemy/domains/de/test/auto/Modal5.xml (RunModel)" time="0.028" />
  <testcase classname="ptolemy.util.test.junit.AutoTests" name="[41] /home/travis/build/icyphy/ptII/ptolemy/domains/de/test/auto/Modal6.xml (RunModel)" time="0.034" />
  <testcase classname="ptolemy.util.test.junit.AutoTests" name="[42] /home/travis/build/icyphy/ptII/ptolemy/domains/de/test/auto/Modal7.xml (RunModel)" time="0.035" />
  <testcase classname="ptolemy.util.test.junit.AutoTests" name="[43] /home/travis/build/icyphy/ptII/ptolemy/domains/de/test/auto/ModalModel.xml (RunModel)" time="0.185" />
  <testcase classname="ptolemy.util.test.junit.AutoTests" name="[44] /home/travis/build/icyphy/ptII/ptolemy/domains/de/test/auto/ModalSource.xml (RunModel)" time="0.02" />
  <testcase classname="ptolemy.util.test.junit.AutoTests" name="[45] /home/travis/build/icyphy/ptII/ptolemy/domains/de/test/auto/NonInterruptibleTimerZeroDelay.xml (RunModel)" time="0.011" />
  <testcase classname="ptolemy.util.test.junit.AutoTests" name="[46] /home/travis/build/icyphy/ptII/ptolemy/domains/de/test/auto/OpenQueueingNetwork.xml (RunModel)" time="2.465" />
  <testcase classname="ptolemy.util.test.junit.AutoTests" name="[47] /home/travis/build/icyphy/ptII/ptolemy/domains/de/test/auto/OpenQueuingNetwork.xml (RunModel)" time="0.25" />
  <testcase classname="ptolemy.util.test.junit.AutoTests" name="[48] /home/travis/build/icyphy/ptII/ptolemy/domains/de/test/auto/PeriodicSampler.xml (RunModel)" time="0.008" />
  <testcase classname="ptolemy.util.test.junit.AutoTests" name="[49] /home/travis/build/icyphy/ptII/ptolemy/domains/de/test/auto/PersistentIO.xml (RunModel)" time="0.024" />
  <testcase classname="ptolemy.util.test.junit.AutoTests" name="[50] /home/travis/build/icyphy/ptII/ptolemy/domains/de/test/auto/PortParameterResetOnInitialize.xml (RunModel)" time="0.012" />
  <testcase classname="ptolemy.util.test.junit.AutoTests" name="[51] /home/travis/build/icyphy/ptII/ptolemy/domains/de/test/auto/PortParameterUpdates.xml (RunModel)" time="0.013" />
  <testcase classname="ptolemy.util.test.junit.AutoTests" name="[52] /home/travis/build/icyphy/ptII/ptolemy/domains/de/test/auto/QueueAndServer.xml (RunModel)" time="0.023" />
  <testcase classname="ptolemy.util.test.junit.AutoTests" name="[53] /home/travis/build/icyphy/ptII/ptolemy/domains/de/test/auto/Records.xml (RunModel)" time="0.019" />
  <testcase classname="ptolemy.util.test.junit.AutoTests" name="[54] /home/travis/build/icyphy/ptII/ptolemy/domains/de/test/auto/ResetTransitionWithStartTime1.xml (RunModel)" time="0.026" />
  <testcase classname="ptolemy.util.test.junit.AutoTests" name="[55] /home/travis/build/icyphy/ptII/ptolemy/domains/de/test/auto/ResetTransitionWithStartTime2.xml (RunModel)" time="0.02" />
  <testcase classname="ptolemy.util.test.junit.AutoTests" name="[56] /home/travis/build/icyphy/ptII/ptolemy/domains/de/test/auto/ResetTransitionWithStartTime3.xml (RunModel)" time="0.017" />
  <testcase classname="ptolemy.util.test.junit.AutoTests" name="[57] /home/travis/build/icyphy/ptII/ptolemy/domains/de/test/auto/ResetTransitionWithStartTime4.xml (RunModel)" time="0.017" />
  <testcase classname="ptolemy.util.test.junit.AutoTests" name="[58] /home/travis/build/icyphy/ptII/ptolemy/domains/de/test/auto/ResettableTimer1.xml (RunModel)" time="0.01" />
  <testcase classname="ptolemy.util.test.junit.AutoTests" name="[59] /home/travis/build/icyphy/ptII/ptolemy/domains/de/test/auto/ResettableTimer2.xml (RunModel)" time="0.009" />
  <testcase classname="ptolemy.util.test.junit.AutoTests" name="[60] /home/travis/build/icyphy/ptII/ptolemy/domains/de/test/auto/ResettableTimer3.xml (RunModel)" time="0.009" />
  <testcase classname="ptolemy.util.test.junit.AutoTests" name="[61] /home/travis/build/icyphy/ptII/ptolemy/domains/de/test/auto/ResettableTimer4.xml (RunModel)" time="0.013" />
  <testcase classname="ptolemy.util.test.junit.AutoTests" name="[62] /home/travis/build/icyphy/ptII/ptolemy/domains/de/test/auto/ResettableTimer5.xml (RunModel)" time="0.012" />
  <testcase classname="ptolemy.util.test.junit.AutoTests" name="[63] /home/travis/build/icyphy/ptII/ptolemy/domains/de/test/auto/ResettableTimer6.xml (RunModel)" time="0.018" />
  <testcase classname="ptolemy.util.test.junit.AutoTests" name="[64] /home/travis/build/icyphy/ptII/ptolemy/domains/de/test/auto/ServerZeroDelay.xml (RunModel)" time="0.013" />
  <testcase classname="ptolemy.util.test.junit.AutoTests" name="[65] /home/travis/build/icyphy/ptII/ptolemy/domains/de/test/auto/SmartSender.xml (RunModel)" time="3.009" />
  <testcase classname="ptolemy.util.test.junit.AutoTests" name="[66] /home/travis/build/icyphy/ptII/ptolemy/domains/de/test/auto/ThreadedComposite.xml (RunModel)" time="0.181" />
  <testcase classname="ptolemy.util.test.junit.AutoTests" name="[67] /home/travis/build/icyphy/ptII/ptolemy/domains/de/test/auto/Time.xml (RunModel)" time="0.452" />
  <testcase classname="ptolemy.util.test.junit.AutoTests" name="[68] /home/travis/build/icyphy/ptII/ptolemy/domains/de/test/auto/TimeDelayZeroDelay.xml (RunModel)" time="0.013" />
  <testcase classname="ptolemy.util.test.junit.AutoTests" name="[69] /home/travis/build/icyphy/ptII/ptolemy/domains/de/test/auto/TimerZeroDelay.xml (RunModel)" time="0.009" />
  <testcase classname="ptolemy.util.test.junit.AutoTests" name="[70] /home/travis/build/icyphy/ptII/ptolemy/domains/de/test/auto/TimingParadox.xml (RunModel)" time="0.388" />
  <testcase classname="ptolemy.util.test.junit.AutoTests" name="[71] /home/travis/build/icyphy/ptII/ptolemy/domains/de/test/auto/TransferInputs.xml (RunModel)" time="0.016" />
  <testcase classname="ptolemy.util.test.junit.AutoTests" name="[72] /home/travis/build/icyphy/ptII/ptolemy/domains/de/test/auto/TransferOutputs2.xml (RunModel)" time="0.018" />
  <testcase classname="ptolemy.util.test.junit.AutoTests" name="[73] /home/travis/build/icyphy/ptII/ptolemy/domains/de/test/auto/Trilateration.xml (RunModel)" time="12.748" />
  <testcase classname="ptolemy.util.test.junit.AutoTests" name="[74] /home/travis/build/icyphy/ptII/ptolemy/domains/de/test/auto/TwoSigmaDelta.xml (RunModel)" time="2.142" />
  <testcase classname="ptolemy.util.test.junit.AutoTests" name="[75] /home/travis/build/icyphy/ptII/ptolemy/domains/de/test/auto/VariableDelay.xml (RunModel)" time="0.019" />
  <testcase classname="ptolemy.util.test.junit.AutoTests" name="[76] /home/travis/build/icyphy/ptII/ptolemy/domains/de/test/auto/VariableDelay2.xml (RunModel)" time="0.014" />
  <testcase classname="ptolemy.util.test.junit.AutoTests" name="[77] /home/travis/build/icyphy/ptII/ptolemy/domains/de/test/auto/VariableDelayZeroDelay.xml (RunModel)" time="0.015" />
  <testcase classname="ptolemy.util.test.junit.AutoTests" name="[78] /home/travis/build/icyphy/ptII/ptolemy/domains/de/test/auto/VariableDelayZeroDelay2.xml (RunModel)" time="0.009" />
  <testcase classname="ptolemy.util.test.junit.AutoTests" name="[79] /home/travis/build/icyphy/ptII/ptolemy/domains/de/test/auto/deInCt.xml (RunModel)" time="0.015" />
  <testcase classname="ptolemy.util.test.junit.AutoTests" name="[80] /home/travis/build/icyphy/ptII/ptolemy/domains/de/test/auto/deInCt2.xml (RunModel)" time="0.015" />
  <testcase classname="ptolemy.util.test.junit.AutoTests" name="[81] /home/travis/build/icyphy/ptII/ptolemy/domains/de/test/auto/dynamicCausalityInterface1.xml (RunModel)" time="0.017" />
  <testcase classname="ptolemy.util.test.junit.AutoTests" name="[82] /home/travis/build/icyphy/ptII/ptolemy/domains/de/test/auto/fsm_de_test.xml (RunModel)" time="0.023" />
  <testcase classname="ptolemy.util.test.junit.AutoTests" name="[83] /home/travis/build/icyphy/ptII/ptolemy/domains/de/test/auto/functionDependencyReconstruction.xml (RunModel)" time="0.031" />
  <testcase classname="ptolemy.util.test.junit.AutoTests" name="[84] /home/travis/build/icyphy/ptII/ptolemy/domains/de/test/auto/multirate.xml (RunModel)" time="0.014" />
  <testcase classname="ptolemy.util.test.junit.AutoTests" name="[85] /home/travis/build/icyphy/ptII/ptolemy/domains/de/test/auto/multirate2.xml (RunModel)" time="0.018" />
  <testcase classname="ptolemy.util.test.junit.AutoTests" name="[86] /home/travis/build/icyphy/ptII/ptolemy/domains/de/test/auto/realtime.xml (RunModel)" time="10.01" />
  <testcase classname="ptolemy.util.test.junit.AutoTests" name="[87] /home/travis/build/icyphy/ptII/ptolemy/domains/de/test/auto/relationGroup.xml (RunModel)" time="0.007" />
  <testcase classname="ptolemy.util.test.junit.AutoTests" name="[88] /home/travis/build/icyphy/ptII/ptolemy/domains/de/test/auto/relationGroup2.xml (RunModel)" time="0.007" />
  <testcase classname="ptolemy.util.test.junit.AutoTests" name="[89] /home/travis/build/icyphy/ptII/ptolemy/domains/de/test/auto/sortWithOpaquePorts.xml (RunModel)" time="0.031" />
  <testcase classname="ptolemy.util.test.junit.AutoTests" name="[90] /home/travis/build/icyphy/ptII/ptolemy/domains/de/test/auto/transferInputsandOutputs.xml (RunModel)" time="0.016" />
  <testcase classname="ptolemy.util.test.junit.AutoTests" name="[91] /home/travis/build/icyphy/ptII/ptolemy/domains/de/test/auto/triggerType.xml (RunModel)" time="0.009" />
  <system-out><![CDATA[/home/travis/build/icyphy/ptII/ptolemy/domains/de/test/DependencyLoop.tcl
testDefs.tcl: setting time out to 9000 seconds at Sun Nov 24 06:20:12 UTC 2019
60 ms. Memory: 120832K Free: 71621K (59%)
23 ms. Memory: 120832K Free: 54213K (45%)
/home/travis/build/icyphy/ptII/ptolemy/domains/de/test/RunDETestsAsQSS.tcl
Run the DE tests using ptolemy.domains.qss.test.QSSDirectorTest, which extends QSSDirector and prints a message in the constructors.
------------------ testing $PTII/ptolemy/domains/de/test/auto/knownFailedTests/DirectFeedback.xml (Known Failure) 
62 ms. Memory: 120832K Free: 48579K (40%)


==== $PTIIhome/travis/build/icyphy/ptII/ptolemy/domains/de/test/../../../../: Auto Automatic test in file $PTII/ptolemy/domains/de/test/auto/knownFailedTests/DirectFeedback.xml
==== Contents of test case:

	    # FIXME: we should use $relativeFilename here, but it
	    # might have backslashes under Windows, which causes no end
	    # of trouble.
	    createAndExecute $file
	    list {}
	
.... Test generated KNOWN error:
    while executing
ptolemy.kernel.util.IllegalActionException: Test fails in iteration 1.
Value was: 1.0. Should have been: 2.0
  in .DirectFeedback.Test
	at ptolemy.actor.lib.Test.fire(Test.java:268)
	at ptolemy.domains.de.kernel.DEDirector._fire(DEDirector.java:1949)
	at ptolemy.domains.de.kernel.DEDirector.fire(DEDirector.java:502)
	at ptolemy.actor.CompositeActor.fire(CompositeActor.java:455)
	at ptolemy.actor.Manager.iterate(Manager.java:851)
	at ptolemy.actor.Manager.execute(Manager.java:369)
	at ptolemy.actor.Manager.run(Manager.java:1263)
	at ptolemy.actor.Manager$PtolemyRunThread.run(Manager.java:1933)

    while executing
ptolemy.kernel.util.IllegalActionException: Test fails in iteration 1.
Value was: 1.0. Should have been: 2.0
  in .DirectFeedback.Test
    while executing
"java::new ptolemy.moml.MoMLSimpleApplication $file
"
    (procedure "createAndExecute" line 2)
    invoked from within
"createAndExecute $file"
    ("uplevel" body line 5)
    invoked from within
"uplevel $contents_of_test"
------------------ testing $PTII/ptolemy/domains/de/test/auto/knownFailedTests/dependencyLoop.xml (Known Failure) 
36 ms. Memory: 120832K Free: 108378K (90%)


==== $PTIIhome/travis/build/icyphy/ptII/ptolemy/domains/de/test/../../../../: Auto Automatic test in file $PTII/ptolemy/domains/de/test/auto/knownFailedTests/dependencyLoop.xml
==== Contents of test case:

	    # FIXME: we should use $relativeFilename here, but it
	    # might have backslashes under Windows, which causes no end
	    # of trouble.
	    createAndExecute $file
	    list {}
	
.... Test generated KNOWN error:
    while executing
ptolemy.kernel.util.IllegalActionException: Found a zero delay loop containing .dependencyLoop.original
  in .dependencyLoop and .dependencyLoop.original
	at ptolemy.actor.util.CausalityInterfaceForComposites._computeOutputPortDepth(CausalityInterfaceForComposites.java:759)
	at ptolemy.actor.util.CausalityInterfaceForComposites._computeInputDepth(CausalityInterfaceForComposites.java:696)
	at ptolemy.actor.util.CausalityInterfaceForComposites._computeOutputPortDepth(CausalityInterfaceForComposites.java:765)
	at ptolemy.actor.util.CausalityInterfaceForComposites._computeInputDepth(CausalityInterfaceForComposites.java:696)
	at ptolemy.actor.util.CausalityInterfaceForComposites._computeOutputPortDepth(CausalityInterfaceForComposites.java:765)
	at ptolemy.actor.util.CausalityInterfaceForComposites._computeInputDepth(CausalityInterfaceForComposites.java:696)
	at ptolemy.actor.util.CausalityInterfaceForComposites._computeActorDepth(CausalityInterfaceForComposites.java:532)
	at ptolemy.actor.util.CausalityInterfaceForComposites.checkForCycles(CausalityInterfaceForComposites.java:96)
	at ptolemy.domains.de.kernel.DEDirector.preinitialize(DEDirector.java:1338)
	at ptolemy.actor.CompositeActor.preinitialize(CompositeActor.java:1828)
	at ptolemy.actor.Manager.preinitializeAndResolveTypes(Manager.java:1040)
	at ptolemy.actor.Manager.initialize(Manager.java:710)
	at ptolemy.actor.Manager.execute(Manager.java:356)
	at ptolemy.actor.Manager.run(Manager.java:1263)
	at ptolemy.actor.Manager$PtolemyRunThread.run(Manager.java:1933)

    while executing
ptolemy.kernel.util.IllegalActionException: Found a zero delay loop containing .dependencyLoop.original
  in .dependencyLoop and .dependencyLoop.original
    while executing
"java::new ptolemy.moml.MoMLSimpleApplication $file
"
    (procedure "createAndExecute" line 2)
    invoked from within
"createAndExecute $file"
    ("uplevel" body line 5)
    invoked from within
"uplevel $contents_of_test"
------------------ testing $PTII/ptolemy/domains/de/test/auto/knownFailedTests/FSMSource.xml (Known Failure) 
82 ms. Memory: 120832K Free: 99222K (82%)
!!!! Auto was marked as failing, but now passes
------------------ testing $PTII/ptolemy/domains/de/test/auto/knownFailedTests/HierarchicalModel.xml (Known Failure) 
4 ms. Memory: 120832K Free: 81807K (68%)


==== $PTIIhome/travis/build/icyphy/ptII/ptolemy/domains/de/test/../../../../: Auto Automatic test in file $PTII/ptolemy/domains/de/test/auto/knownFailedTests/HierarchicalModel.xml
==== Contents of test case:

	    # FIXME: we should use $relativeFilename here, but it
	    # might have backslashes under Windows, which causes no end
	    # of trouble.
	    createAndExecute $file
	    list {}
	
.... Test generated KNOWN error:
    while executing
ptolemy.kernel.util.IllegalActionException: Found a zero delay loop containing .HierarchicalModel.A
  in .HierarchicalModel and .HierarchicalModel.A
	at ptolemy.actor.util.CausalityInterfaceForComposites._computeOutputPortDepth(CausalityInterfaceForComposites.java:759)
	at ptolemy.actor.util.CausalityInterfaceForComposites._computeInputDepth(CausalityInterfaceForComposites.java:696)
	at ptolemy.actor.util.CausalityInterfaceForComposites._computeOutputPortDepth(CausalityInterfaceForComposites.java:765)
	at ptolemy.actor.util.CausalityInterfaceForComposites._computeInputDepth(CausalityInterfaceForComposites.java:696)
	at ptolemy.actor.util.CausalityInterfaceForComposites._computeOutputPortDepth(CausalityInterfaceForComposites.java:765)
	at ptolemy.actor.util.CausalityInterfaceForComposites._computeInputDepth(CausalityInterfaceForComposites.java:696)
	at ptolemy.actor.util.CausalityInterfaceForComposites._computeActorDepth(CausalityInterfaceForComposites.java:532)
	at ptolemy.actor.util.CausalityInterfaceForComposites.checkForCycles(CausalityInterfaceForComposites.java:96)
	at ptolemy.domains.de.kernel.DEDirector.preinitialize(DEDirector.java:1338)
	at ptolemy.actor.CompositeActor.preinitialize(CompositeActor.java:1828)
	at ptolemy.actor.Manager.preinitializeAndResolveTypes(Manager.java:1040)
	at ptolemy.actor.Manager.initialize(Manager.java:710)
	at ptolemy.actor.Manager.execute(Manager.java:356)
	at ptolemy.actor.Manager.run(Manager.java:1263)
	at ptolemy.actor.Manager$PtolemyRunThread.run(Manager.java:1933)

    while executing
ptolemy.kernel.util.IllegalActionException: Found a zero delay loop containing .HierarchicalModel.A
  in .HierarchicalModel and .HierarchicalModel.A
    while executing
"java::new ptolemy.moml.MoMLSimpleApplication $file
"
    (procedure "createAndExecute" line 2)
    invoked from within
"createAndExecute $file"
    ("uplevel" body line 5)
    invoked from within
"uplevel $contents_of_test"
------------------ testing $PTII/ptolemy/domains/de/test/auto/knownFailedTests/dependencyLoop2.xml (Known Failure) 
25 ms. Memory: 120832K Free: 106766K (88%)


==== $PTIIhome/travis/build/icyphy/ptII/ptolemy/domains/de/test/../../../../: Auto Automatic test in file $PTII/ptolemy/domains/de/test/auto/knownFailedTests/dependencyLoop2.xml
==== Contents of test case:

	    # FIXME: we should use $relativeFilename here, but it
	    # might have backslashes under Windows, which causes no end
	    # of trouble.
	    createAndExecute $file
	    list {}
	
.... Test generated KNOWN error:
    while executing
ptolemy.kernel.util.IllegalActionException: Found a zero delay loop containing .dependencyLoop2.original
  in .dependencyLoop2 and .dependencyLoop2.original
	at ptolemy.actor.util.CausalityInterfaceForComposites._computeOutputPortDepth(CausalityInterfaceForComposites.java:759)
	at ptolemy.actor.util.CausalityInterfaceForComposites._computeInputDepth(CausalityInterfaceForComposites.java:696)
	at ptolemy.actor.util.CausalityInterfaceForComposites._computeOutputPortDepth(CausalityInterfaceForComposites.java:765)
	at ptolemy.actor.util.CausalityInterfaceForComposites._computeInputDepth(CausalityInterfaceForComposites.java:696)
	at ptolemy.actor.util.CausalityInterfaceForComposites._computeOutputPortDepth(CausalityInterfaceForComposites.java:765)
	at ptolemy.actor.util.CausalityInterfaceForComposites._computeInputDepth(CausalityInterfaceForComposites.java:696)
	at ptolemy.actor.util.CausalityInterfaceForComposites._computeActorDepth(CausalityInterfaceForComposites.java:532)
	at ptolemy.actor.util.CausalityInterfaceForComposites.checkForCycles(CausalityInterfaceForComposites.java:96)
	at ptolemy.domains.de.kernel.DEDirector.preinitialize(DEDirector.java:1338)
	at ptolemy.actor.CompositeActor.preinitialize(CompositeActor.java:1828)
	at ptolemy.actor.Manager.preinitializeAndResolveTypes(Manager.java:1040)
	at ptolemy.actor.Manager.initialize(Manager.java:710)
	at ptolemy.actor.Manager.execute(Manager.java:356)
	at ptolemy.actor.Manager.run(Manager.java:1263)
	at ptolemy.actor.Manager$PtolemyRunThread.run(Manager.java:1933)

    while executing
ptolemy.kernel.util.IllegalActionException: Found a zero delay loop containing .dependencyLoop2.original
  in .dependencyLoop2 and .dependencyLoop2.original
    while executing
"java::new ptolemy.moml.MoMLSimpleApplication $file
"
    (procedure "createAndExecute" line 2)
    invoked from within
"createAndExecute $file"
    ("uplevel" body line 5)
    invoked from within
"uplevel $contents_of_test"
------------------ testing $PTII/ptolemy/domains/de/test/auto/knownFailedTests/DESDFClockTest.xml (Known Failure) 
2071 ms. Memory: 120832K Free: 93156K (77%)


==== $PTIIhome/travis/build/icyphy/ptII/ptolemy/domains/de/test/../../../../: Auto Automatic test in file $PTII/ptolemy/domains/de/test/auto/knownFailedTests/DESDFClockTest.xml
==== Contents of test case:

	    # FIXME: we should use $relativeFilename here, but it
	    # might have backslashes under Windows, which causes no end
	    # of trouble.
	    createAndExecute $file
	    list {}
	
.... Test generated KNOWN error:
    while executing
ptolemy.kernel.util.IllegalActionException: Actor is not ready to fire.  Perhaps UpSample.prefire() returned false? Try debugging the actor by selecting "Listen to Actor".  Also, for SDF check moml for tokenConsumptionRate on input.
  in .DESDFClockTest.Play Bell.Copy1:SDF Director and .DESDFClockTest.Play Bell.UpSample
	at ptolemy.actor.sched.StaticSchedulingDirector.fire(StaticSchedulingDirector.java:227)
	at ptolemy.domains.sdf.kernel.SDFDirector.fire(SDFDirector.java:500)
	at ptolemy.actor.CompositeActor.fire(CompositeActor.java:455)
	at ptolemy.domains.de.kernel.DEDirector._fire(DEDirector.java:1949)
	at ptolemy.domains.de.kernel.DEDirector.fire(DEDirector.java:502)
	at ptolemy.actor.CompositeActor.fire(CompositeActor.java:455)
	at ptolemy.actor.Manager.iterate(Manager.java:851)
	at ptolemy.actor.Manager.execute(Manager.java:369)
	at ptolemy.actor.Manager.run(Manager.java:1263)
	at ptolemy.actor.Manager$PtolemyRunThread.run(Manager.java:1933)

    while executing
ptolemy.kernel.util.IllegalActionException: Actor is not ready to fire.  Perhaps UpSample.prefire() returned false? Try debugging the actor by selecting "Listen to Actor".  Also, for SDF check moml for tokenConsumptionRate on input.
  in .DESDFClockTest.Play Bell.Copy1:SDF Director and .DESDFClockTest.Play Bell.UpSample
    while executing
"java::new ptolemy.moml.MoMLSimpleApplication $file
"
    (procedure "createAndExecute" line 2)
    invoked from within
"createAndExecute $file"
    ("uplevel" body line 5)
    invoked from within
"uplevel $contents_of_test"
------------------ testing $PTII/ptolemy/domains/de/test/auto/ActorDepthCalculation_actorWithoutPorts.xml
auto.tcl: Setting watchdog for 200 seconds at Sun Nov 24 06:20:16 UTC 2019
9 ms. Memory: 120832K Free: 86340K (71%)
ptolemy.util.test.WatchDog.cancel(): canceling Sun Nov 24 06:20:16 UTC 2019
auto.tcl: Setting watchdog for 200 seconds at Sun Nov 24 06:20:16 UTC 2019
8 ms. Memory: 120832K Free: 84693K (70%)
ptolemy.util.test.WatchDog.cancel(): canceling Sun Nov 24 06:20:16 UTC 2019
------------------ testing $PTII/ptolemy/domains/de/test/auto/AssemblyLine.xml
auto.tcl: Setting watchdog for 200 seconds at Sun Nov 24 06:20:16 UTC 2019
12 ms. Memory: 48128K Free: 25756K (54%)
ptolemy.util.test.WatchDog.cancel(): canceling Sun Nov 24 06:20:17 UTC 2019
auto.tcl: Setting watchdog for 200 seconds at Sun Nov 24 06:20:17 UTC 2019
6 ms. Memory: 48128K Free: 25324K (53%)
ptolemy.util.test.WatchDog.cancel(): canceling Sun Nov 24 06:20:17 UTC 2019
------------------ testing $PTII/ptolemy/domains/de/test/auto/CQBug1.xml
auto.tcl: Setting watchdog for 200 seconds at Sun Nov 24 06:20:17 UTC 2019
2 ms. Memory: 48128K Free: 31557K (66%)
ptolemy.util.test.WatchDog.cancel(): canceling Sun Nov 24 06:20:17 UTC 2019
auto.tcl: Setting watchdog for 200 seconds at Sun Nov 24 06:20:17 UTC 2019
2 ms. Memory: 48128K Free: 31127K (65%)
ptolemy.util.test.WatchDog.cancel(): canceling Sun Nov 24 06:20:17 UTC 2019
------------------ testing $PTII/ptolemy/domains/de/test/auto/CancelFireAt.xml
auto.tcl: Setting watchdog for 200 seconds at Sun Nov 24 06:20:17 UTC 2019
3 ms. Memory: 45056K Free: 29680K (66%)
ptolemy.util.test.WatchDog.cancel(): canceling Sun Nov 24 06:20:17 UTC 2019
auto.tcl: Setting watchdog for 200 seconds at Sun Nov 24 06:20:17 UTC 2019
2 ms. Memory: 45056K Free: 29228K (65%)
ptolemy.util.test.WatchDog.cancel(): canceling Sun Nov 24 06:20:17 UTC 2019
------------------ testing $PTII/ptolemy/domains/de/test/auto/CausalityAndComposabilityAnalysis.xml
auto.tcl: Setting watchdog for 200 seconds at Sun Nov 24 06:20:17 UTC 2019
6 ms. Memory: 45056K Free: 27915K (62%)
ptolemy.util.test.WatchDog.cancel(): canceling Sun Nov 24 06:20:17 UTC 2019
auto.tcl: Setting watchdog for 200 seconds at Sun Nov 24 06:20:17 UTC 2019
6 ms. Memory: 45056K Free: 27089K (60%)
ptolemy.util.test.WatchDog.cancel(): canceling Sun Nov 24 06:20:17 UTC 2019
------------------ testing $PTII/ptolemy/domains/de/test/auto/CausalityInterface1.xml
auto.tcl: Setting watchdog for 200 seconds at Sun Nov 24 06:20:17 UTC 2019
36 ms. Memory: 45056K Free: 26355K (58%)
ptolemy.util.test.WatchDog.cancel(): canceling Sun Nov 24 06:20:17 UTC 2019
auto.tcl: Setting watchdog for 200 seconds at Sun Nov 24 06:20:17 UTC 2019
4 ms. Memory: 45056K Free: 25353K (56%)
ptolemy.util.test.WatchDog.cancel(): canceling Sun Nov 24 06:20:17 UTC 2019
------------------ testing $PTII/ptolemy/domains/de/test/auto/CausalityInterface15.xml
auto.tcl: Setting watchdog for 200 seconds at Sun Nov 24 06:20:17 UTC 2019
9 ms. Memory: 45056K Free: 25943K (58%)
ptolemy.util.test.WatchDog.cancel(): canceling Sun Nov 24 06:20:17 UTC 2019
auto.tcl: Setting watchdog for 200 seconds at Sun Nov 24 06:20:17 UTC 2019
6 ms. Memory: 45056K Free: 25310K (56%)
ptolemy.util.test.WatchDog.cancel(): canceling Sun Nov 24 06:20:17 UTC 2019
------------------ testing $PTII/ptolemy/domains/de/test/auto/CausalityInterface2.xml
auto.tcl: Setting watchdog for 200 seconds at Sun Nov 24 06:20:17 UTC 2019
5 ms. Memory: 45056K Free: 27086K (60%)
ptolemy.util.test.WatchDog.cancel(): canceling Sun Nov 24 06:20:17 UTC 2019
auto.tcl: Setting watchdog for 200 seconds at Sun Nov 24 06:20:17 UTC 2019
5 ms. Memory: 45056K Free: 26330K (58%)
ptolemy.util.test.WatchDog.cancel(): canceling Sun Nov 24 06:20:17 UTC 2019
------------------ testing $PTII/ptolemy/domains/de/test/auto/CausalityInterface3.xml
auto.tcl: Setting watchdog for 200 seconds at Sun Nov 24 06:20:17 UTC 2019
4 ms. Memory: 45056K Free: 26548K (59%)
ptolemy.util.test.WatchDog.cancel(): canceling Sun Nov 24 06:20:17 UTC 2019
auto.tcl: Setting watchdog for 200 seconds at Sun Nov 24 06:20:17 UTC 2019
3 ms. Memory: 45056K Free: 25751K (57%)
ptolemy.util.test.WatchDog.cancel(): canceling Sun Nov 24 06:20:17 UTC 2019
------------------ testing $PTII/ptolemy/domains/de/test/auto/ClockDrift.xml
auto.tcl: Setting watchdog for 200 seconds at Sun Nov 24 06:20:17 UTC 2019
57 ms. Memory: 45056K Free: 19142K (42%)
ptolemy.util.test.WatchDog.cancel(): canceling Sun Nov 24 06:20:17 UTC 2019
auto.tcl: Setting watchdog for 200 seconds at Sun Nov 24 06:20:17 UTC 2019
76 ms. Memory: 45056K Free: 16127K (36%)
ptolemy.util.test.WatchDog.cancel(): canceling Sun Nov 24 06:20:18 UTC 2019
------------------ testing $PTII/ptolemy/domains/de/test/auto/ClockDriftAndValueChange.xml
auto.tcl: Setting watchdog for 200 seconds at Sun Nov 24 06:20:18 UTC 2019
55 ms. Memory: 45056K Free: 19224K (43%)
ptolemy.util.test.WatchDog.cancel(): canceling Sun Nov 24 06:20:18 UTC 2019
auto.tcl: Setting watchdog for 200 seconds at Sun Nov 24 06:20:18 UTC 2019
29 ms. Memory: 45056K Free: 16369K (36%)
ptolemy.util.test.WatchDog.cancel(): canceling Sun Nov 24 06:20:18 UTC 2019
------------------ testing $PTII/ptolemy/domains/de/test/auto/ClockDriftChange.xml
auto.tcl: Setting watchdog for 200 seconds at Sun Nov 24 06:20:18 UTC 2019
20 ms. Memory: 45056K Free: 21273K (47%)
ptolemy.util.test.WatchDog.cancel(): canceling Sun Nov 24 06:20:18 UTC 2019
auto.tcl: Setting watchdog for 200 seconds at Sun Nov 24 06:20:18 UTC 2019
14 ms. Memory: 45056K Free: 18418K (41%)
ptolemy.util.test.WatchDog.cancel(): canceling Sun Nov 24 06:20:18 UTC 2019
------------------ testing $PTII/ptolemy/domains/de/test/auto/ComposableCausalityAnalysis.xml
auto.tcl: Setting watchdog for 200 seconds at Sun Nov 24 06:20:18 UTC 2019
2 ms. Memory: 45056K Free: 25909K (58%)
ptolemy.util.test.WatchDog.cancel(): canceling Sun Nov 24 06:20:18 UTC 2019
auto.tcl: Setting watchdog for 200 seconds at Sun Nov 24 06:20:18 UTC 2019
5 ms. Memory: 45056K Free: 24876K (55%)
ptolemy.util.test.WatchDog.cancel(): canceling Sun Nov 24 06:20:18 UTC 2019
------------------ testing $PTII/ptolemy/domains/de/test/auto/DEFixedPointLimitation.xml
auto.tcl: Setting watchdog for 200 seconds at Sun Nov 24 06:20:18 UTC 2019
1 ms. Memory: 45056K Free: 27273K (61%)
ptolemy.util.test.WatchDog.cancel(): canceling Sun Nov 24 06:20:18 UTC 2019
auto.tcl: Setting watchdog for 200 seconds at Sun Nov 24 06:20:18 UTC 2019
1 ms. Memory: 45056K Free: 26351K (58%)
ptolemy.util.test.WatchDog.cancel(): canceling Sun Nov 24 06:20:18 UTC 2019
------------------ testing $PTII/ptolemy/domains/de/test/auto/DEScheduleTest.xml
auto.tcl: Setting watchdog for 200 seconds at Sun Nov 24 06:20:18 UTC 2019
14 ms. Memory: 45056K Free: 27522K (61%)
ptolemy.util.test.WatchDog.cancel(): canceling Sun Nov 24 06:20:18 UTC 2019
auto.tcl: Setting watchdog for 200 seconds at Sun Nov 24 06:20:18 UTC 2019
3 ms. Memory: 45056K Free: 26766K (59%)
ptolemy.util.test.WatchDog.cancel(): canceling Sun Nov 24 06:20:18 UTC 2019
------------------ testing $PTII/ptolemy/domains/de/test/auto/DEinDEwithStartTimes.xml
auto.tcl: Setting watchdog for 200 seconds at Sun Nov 24 06:20:18 UTC 2019
3 ms. Memory: 45056K Free: 25750K (57%)
ptolemy.util.test.WatchDog.cancel(): canceling Sun Nov 24 06:20:18 UTC 2019
auto.tcl: Setting watchdog for 200 seconds at Sun Nov 24 06:20:18 UTC 2019
4 ms. Memory: 45056K Free: 24666K (55%)
ptolemy.util.test.WatchDog.cancel(): canceling Sun Nov 24 06:20:18 UTC 2019
------------------ testing $PTII/ptolemy/domains/de/test/auto/DEinDEwithStartTimes2.xml
auto.tcl: Setting watchdog for 200 seconds at Sun Nov 24 06:20:18 UTC 2019
5 ms. Memory: 45056K Free: 24954K (55%)
ptolemy.util.test.WatchDog.cancel(): canceling Sun Nov 24 06:20:18 UTC 2019
auto.tcl: Setting watchdog for 200 seconds at Sun Nov 24 06:20:18 UTC 2019
4 ms. Memory: 45056K Free: 23621K (52%)
ptolemy.util.test.WatchDog.cancel(): canceling Sun Nov 24 06:20:18 UTC 2019
------------------ testing $PTII/ptolemy/domains/de/test/auto/DateDemo.xml
auto.tcl: Setting watchdog for 200 seconds at Sun Nov 24 06:20:18 UTC 2019
19 ms. Memory: 45056K Free: 19274K (43%)
ptolemy.util.test.WatchDog.cancel(): canceling Sun Nov 24 06:20:18 UTC 2019
auto.tcl: Setting watchdog for 200 seconds at Sun Nov 24 06:20:18 UTC 2019
12 ms. Memory: 45056K Free: 17698K (39%)
ptolemy.util.test.WatchDog.cancel(): canceling Sun Nov 24 06:20:18 UTC 2019
------------------ testing $PTII/ptolemy/domains/de/test/auto/DateToEvent.xml
auto.tcl: Setting watchdog for 200 seconds at Sun Nov 24 06:20:18 UTC 2019
2013 ms. Memory: 45056K Free: 15185K (34%)
ptolemy.util.test.WatchDog.cancel(): canceling Sun Nov 24 06:20:21 UTC 2019
auto.tcl: Setting watchdog for 200 seconds at Sun Nov 24 06:20:21 UTC 2019
2005 ms. Memory: 45056K Free: 14454K (32%)
ptolemy.util.test.WatchDog.cancel(): canceling Sun Nov 24 06:20:23 UTC 2019
------------------ testing $PTII/ptolemy/domains/de/test/auto/DepthTest1.xml
auto.tcl: Setting watchdog for 200 seconds at Sun Nov 24 06:20:23 UTC 2019
3 ms. Memory: 45056K Free: 28822K (64%)
ptolemy.util.test.WatchDog.cancel(): canceling Sun Nov 24 06:20:23 UTC 2019
auto.tcl: Setting watchdog for 200 seconds at Sun Nov 24 06:20:23 UTC 2019
2 ms. Memory: 45056K Free: 27962K (62%)
ptolemy.util.test.WatchDog.cancel(): canceling Sun Nov 24 06:20:23 UTC 2019
------------------ testing $PTII/ptolemy/domains/de/test/auto/DepthTest2.xml
auto.tcl: Setting watchdog for 200 seconds at Sun Nov 24 06:20:23 UTC 2019
4 ms. Memory: 45056K Free: 25185K (56%)
ptolemy.util.test.WatchDog.cancel(): canceling Sun Nov 24 06:20:23 UTC 2019
auto.tcl: Setting watchdog for 200 seconds at Sun Nov 24 06:20:23 UTC 2019
3 ms. Memory: 45056K Free: 24780K (55%)
ptolemy.util.test.WatchDog.cancel(): canceling Sun Nov 24 06:20:23 UTC 2019
------------------ testing $PTII/ptolemy/domains/de/test/auto/DepthTest3.xml
auto.tcl: Setting watchdog for 200 seconds at Sun Nov 24 06:20:23 UTC 2019
2 ms. Memory: 45056K Free: 28798K (64%)
ptolemy.util.test.WatchDog.cancel(): canceling Sun Nov 24 06:20:23 UTC 2019
auto.tcl: Setting watchdog for 200 seconds at Sun Nov 24 06:20:23 UTC 2019
2 ms. Memory: 45056K Free: 28253K (63%)
ptolemy.util.test.WatchDog.cancel(): canceling Sun Nov 24 06:20:23 UTC 2019
------------------ testing $PTII/ptolemy/domains/de/test/auto/DepthTest4.xml
auto.tcl: Setting watchdog for 200 seconds at Sun Nov 24 06:20:23 UTC 2019
6 ms. Memory: 45056K Free: 27019K (60%)
ptolemy.util.test.WatchDog.cancel(): canceling Sun Nov 24 06:20:23 UTC 2019
auto.tcl: Setting watchdog for 200 seconds at Sun Nov 24 06:20:23 UTC 2019
2 ms. Memory: 45056K Free: 26287K (58%)
ptolemy.util.test.WatchDog.cancel(): canceling Sun Nov 24 06:20:23 UTC 2019
------------------ testing $PTII/ptolemy/domains/de/test/auto/DepthTest5.xml
auto.tcl: Setting watchdog for 200 seconds at Sun Nov 24 06:20:23 UTC 2019
3 ms. Memory: 45056K Free: 26420K (59%)
ptolemy.util.test.WatchDog.cancel(): canceling Sun Nov 24 06:20:23 UTC 2019
auto.tcl: Setting watchdog for 200 seconds at Sun Nov 24 06:20:23 UTC 2019
2 ms. Memory: 45056K Free: 25624K (57%)
ptolemy.util.test.WatchDog.cancel(): canceling Sun Nov 24 06:20:23 UTC 2019
------------------ testing $PTII/ptolemy/domains/de/test/auto/DepthTest6.xml
auto.tcl: Setting watchdog for 200 seconds at Sun Nov 24 06:20:23 UTC 2019
4 ms. Memory: 45056K Free: 26149K (58%)
ptolemy.util.test.WatchDog.cancel(): canceling Sun Nov 24 06:20:23 UTC 2019
auto.tcl: Setting watchdog for 200 seconds at Sun Nov 24 06:20:23 UTC 2019
2 ms. Memory: 45056K Free: 25600K (57%)
ptolemy.util.test.WatchDog.cancel(): canceling Sun Nov 24 06:20:23 UTC 2019
------------------ testing $PTII/ptolemy/domains/de/test/auto/DepthTest7.xml
auto.tcl: Setting watchdog for 200 seconds at Sun Nov 24 06:20:23 UTC 2019
9 ms. Memory: 45056K Free: 26943K (60%)
ptolemy.util.test.WatchDog.cancel(): canceling Sun Nov 24 06:20:23 UTC 2019
auto.tcl: Setting watchdog for 200 seconds at Sun Nov 24 06:20:23 UTC 2019
2 ms. Memory: 45056K Free: 26232K (58%)
ptolemy.util.test.WatchDog.cancel(): canceling Sun Nov 24 06:20:23 UTC 2019
------------------ testing $PTII/ptolemy/domains/de/test/auto/EventToDate.xml
auto.tcl: Setting watchdog for 200 seconds at Sun Nov 24 06:20:23 UTC 2019
3009 ms. Memory: 45056K Free: 17708K (39%)
ptolemy.util.test.WatchDog.cancel(): canceling Sun Nov 24 06:20:26 UTC 2019
auto.tcl: Setting watchdog for 200 seconds at Sun Nov 24 06:20:26 UTC 2019
3004 ms. Memory: 45056K Free: 17055K (38%)
ptolemy.util.test.WatchDog.cancel(): canceling Sun Nov 24 06:20:29 UTC 2019
------------------ testing $PTII/ptolemy/domains/de/test/auto/FSM1.xml
auto.tcl: Setting watchdog for 200 seconds at Sun Nov 24 06:20:29 UTC 2019
28 ms. Memory: 45056K Free: 18471K (41%)
ptolemy.util.test.WatchDog.cancel(): canceling Sun Nov 24 06:20:29 UTC 2019
auto.tcl: Setting watchdog for 200 seconds at Sun Nov 24 06:20:29 UTC 2019
15 ms. Memory: 45056K Free: 15281K (34%)
ptolemy.util.test.WatchDog.cancel(): canceling Sun Nov 24 06:20:29 UTC 2019
------------------ testing $PTII/ptolemy/domains/de/test/auto/FSM7.xml
auto.tcl: Setting watchdog for 200 seconds at Sun Nov 24 06:20:29 UTC 2019
28 ms. Memory: 45056K Free: 18657K (41%)
ptolemy.util.test.WatchDog.cancel(): canceling Sun Nov 24 06:20:29 UTC 2019
auto.tcl: Setting watchdog for 200 seconds at Sun Nov 24 06:20:29 UTC 2019
24 ms. Memory: 45056K Free: 15500K (34%)
ptolemy.util.test.WatchDog.cancel(): canceling Sun Nov 24 06:20:29 UTC 2019
------------------ testing $PTII/ptolemy/domains/de/test/auto/Inspection.xml
auto.tcl: Setting watchdog for 200 seconds at Sun Nov 24 06:20:30 UTC 2019
24 ms. Memory: 45056K Free: 18707K (42%)
ptolemy.util.test.WatchDog.cancel(): canceling Sun Nov 24 06:20:30 UTC 2019
auto.tcl: Setting watchdog for 200 seconds at Sun Nov 24 06:20:30 UTC 2019
17 ms. Memory: 45056K Free: 16953K (38%)
ptolemy.util.test.WatchDog.cancel(): canceling Sun Nov 24 06:20:30 UTC 2019
------------------ testing $PTII/ptolemy/domains/de/test/auto/Iteration.xml
auto.tcl: Setting watchdog for 200 seconds at Sun Nov 24 06:20:30 UTC 2019
7 ms. Memory: 45056K Free: 24389K (54%)
ptolemy.util.test.WatchDog.cancel(): canceling Sun Nov 24 06:20:30 UTC 2019
auto.tcl: Setting watchdog for 200 seconds at Sun Nov 24 06:20:30 UTC 2019
6 ms. Memory: 45056K Free: 23010K (51%)
ptolemy.util.test.WatchDog.cancel(): canceling Sun Nov 24 06:20:30 UTC 2019
------------------ testing $PTII/ptolemy/domains/de/test/auto/LineFault.xml
auto.tcl: Setting watchdog for 200 seconds at Sun Nov 24 06:20:30 UTC 2019
684 ms. Memory: 54272K Free: 34528K (64%)
ptolemy.util.test.WatchDog.cancel(): canceling Sun Nov 24 06:20:31 UTC 2019
auto.tcl: Setting watchdog for 200 seconds at Sun Nov 24 06:20:31 UTC 2019
586 ms. Memory: 54272K Free: 28716K (53%)
ptolemy.util.test.WatchDog.cancel(): canceling Sun Nov 24 06:20:31 UTC 2019
------------------ testing $PTII/ptolemy/domains/de/test/auto/MergeModel1Add.xml
auto.tcl: Setting watchdog for 200 seconds at Sun Nov 24 06:20:31 UTC 2019
21 ms. Memory: 51200K Free: 16519K (32%)
ptolemy.util.test.WatchDog.cancel(): canceling Sun Nov 24 06:20:31 UTC 2019
auto.tcl: Setting watchdog for 200 seconds at Sun Nov 24 06:20:31 UTC 2019
13 ms. Memory: 51200K Free: 14820K (29%)
ptolemy.util.test.WatchDog.cancel(): canceling Sun Nov 24 06:20:31 UTC 2019
------------------ testing $PTII/ptolemy/domains/de/test/auto/MergeModel2Add.xml
auto.tcl: Setting watchdog for 200 seconds at Sun Nov 24 06:20:31 UTC 2019
9 ms. Memory: 48128K Free: 15459K (32%)
ptolemy.util.test.WatchDog.cancel(): canceling Sun Nov 24 06:20:32 UTC 2019
auto.tcl: Setting watchdog for 200 seconds at Sun Nov 24 06:20:32 UTC 2019
9 ms. Memory: 48128K Free: 13525K (28%)
ptolemy.util.test.WatchDog.cancel(): canceling Sun Nov 24 06:20:32 UTC 2019
------------------ testing $PTII/ptolemy/domains/de/test/auto/MergeModel3Add.xml
auto.tcl: Setting watchdog for 200 seconds at Sun Nov 24 06:20:32 UTC 2019
8 ms. Memory: 48128K Free: 15524K (32%)
ptolemy.util.test.WatchDog.cancel(): canceling Sun Nov 24 06:20:32 UTC 2019
auto.tcl: Setting watchdog for 200 seconds at Sun Nov 24 06:20:32 UTC 2019
7 ms. Memory: 48128K Free: 14124K (29%)
ptolemy.util.test.WatchDog.cancel(): canceling Sun Nov 24 06:20:32 UTC 2019
------------------ testing $PTII/ptolemy/domains/de/test/auto/MergeWithoutDiscard.xml
auto.tcl: Setting watchdog for 200 seconds at Sun Nov 24 06:20:32 UTC 2019
2 ms. Memory: 48128K Free: 29842K (62%)
ptolemy.util.test.WatchDog.cancel(): canceling Sun Nov 24 06:20:32 UTC 2019
auto.tcl: Setting watchdog for 200 seconds at Sun Nov 24 06:20:32 UTC 2019
1 ms. Memory: 48128K Free: 29403K (61%)
ptolemy.util.test.WatchDog.cancel(): canceling Sun Nov 24 06:20:32 UTC 2019
------------------ testing $PTII/ptolemy/domains/de/test/auto/Modal1.xml
auto.tcl: Setting watchdog for 200 seconds at Sun Nov 24 06:20:32 UTC 2019
16 ms. Memory: 48128K Free: 21968K (46%)
ptolemy.util.test.WatchDog.cancel(): canceling Sun Nov 24 06:20:32 UTC 2019
auto.tcl: Setting watchdog for 200 seconds at Sun Nov 24 06:20:32 UTC 2019
18 ms. Memory: 48128K Free: 18514K (38%)
ptolemy.util.test.WatchDog.cancel(): canceling Sun Nov 24 06:20:32 UTC 2019
------------------ testing $PTII/ptolemy/domains/de/test/auto/Modal2.xml
auto.tcl: Setting watchdog for 200 seconds at Sun Nov 24 06:20:32 UTC 2019
17 ms. Memory: 48128K Free: 22113K (46%)
ptolemy.util.test.WatchDog.cancel(): canceling Sun Nov 24 06:20:32 UTC 2019
auto.tcl: Setting watchdog for 200 seconds at Sun Nov 24 06:20:32 UTC 2019
18 ms. Memory: 48128K Free: 18871K (39%)
ptolemy.util.test.WatchDog.cancel(): canceling Sun Nov 24 06:20:32 UTC 2019
------------------ testing $PTII/ptolemy/domains/de/test/auto/Modal3.xml
auto.tcl: Setting watchdog for 200 seconds at Sun Nov 24 06:20:32 UTC 2019
11 ms. Memory: 48128K Free: 21620K (45%)
ptolemy.util.test.WatchDog.cancel(): canceling Sun Nov 24 06:20:32 UTC 2019
auto.tcl: Setting watchdog for 200 seconds at Sun Nov 24 06:20:32 UTC 2019
14 ms. Memory: 48128K Free: 18457K (38%)
ptolemy.util.test.WatchDog.cancel(): canceling Sun Nov 24 06:20:32 UTC 2019
------------------ testing $PTII/ptolemy/domains/de/test/auto/Modal4.xml
auto.tcl: Setting watchdog for 200 seconds at Sun Nov 24 06:20:32 UTC 2019
14 ms. Memory: 48128K Free: 20817K (43%)
ptolemy.util.test.WatchDog.cancel(): canceling Sun Nov 24 06:20:32 UTC 2019
auto.tcl: Setting watchdog for 200 seconds at Sun Nov 24 06:20:32 UTC 2019
14 ms. Memory: 48128K Free: 16841K (35%)
ptolemy.util.test.WatchDog.cancel(): canceling Sun Nov 24 06:20:32 UTC 2019
------------------ testing $PTII/ptolemy/domains/de/test/auto/Modal5.xml
auto.tcl: Setting watchdog for 200 seconds at Sun Nov 24 06:20:32 UTC 2019
12 ms. Memory: 48128K Free: 21057K (44%)
ptolemy.util.test.WatchDog.cancel(): canceling Sun Nov 24 06:20:32 UTC 2019
auto.tcl: Setting watchdog for 200 seconds at Sun Nov 24 06:20:32 UTC 2019
13 ms. Memory: 48128K Free: 17223K (36%)
ptolemy.util.test.WatchDog.cancel(): canceling Sun Nov 24 06:20:32 UTC 2019
------------------ testing $PTII/ptolemy/domains/de/test/auto/Modal6.xml
auto.tcl: Setting watchdog for 200 seconds at Sun Nov 24 06:20:32 UTC 2019
12 ms. Memory: 48128K Free: 21839K (45%)
ptolemy.util.test.WatchDog.cancel(): canceling Sun Nov 24 06:20:32 UTC 2019
auto.tcl: Setting watchdog for 200 seconds at Sun Nov 24 06:20:32 UTC 2019
14 ms. Memory: 48128K Free: 17848K (37%)
ptolemy.util.test.WatchDog.cancel(): canceling Sun Nov 24 06:20:32 UTC 2019
------------------ testing $PTII/ptolemy/domains/de/test/auto/Modal7.xml
auto.tcl: Setting watchdog for 200 seconds at Sun Nov 24 06:20:32 UTC 2019
17 ms. Memory: 48128K Free: 20803K (43%)
ptolemy.util.test.WatchDog.cancel(): canceling Sun Nov 24 06:20:32 UTC 2019
auto.tcl: Setting watchdog for 200 seconds at Sun Nov 24 06:20:32 UTC 2019
12 ms. Memory: 48128K Free: 17452K (36%)
ptolemy.util.test.WatchDog.cancel(): canceling Sun Nov 24 06:20:32 UTC 2019
------------------ testing $PTII/ptolemy/domains/de/test/auto/ModalModel.xml
auto.tcl: Setting watchdog for 200 seconds at Sun Nov 24 06:20:32 UTC 2019
227 ms. Memory: 58368K Free: 22505K (39%)
ptolemy.util.test.WatchDog.cancel(): canceling Sun Nov 24 06:20:33 UTC 2019
auto.tcl: Setting watchdog for 200 seconds at Sun Nov 24 06:20:33 UTC 2019
204 ms. Memory: 58368K Free: 19955K (34%)
ptolemy.util.test.WatchDog.cancel(): canceling Sun Nov 24 06:20:33 UTC 2019
------------------ testing $PTII/ptolemy/domains/de/test/auto/ModalSource.xml
auto.tcl: Setting watchdog for 200 seconds at Sun Nov 24 06:20:33 UTC 2019
6 ms. Memory: 51200K Free: 28969K (57%)
ptolemy.util.test.WatchDog.cancel(): canceling Sun Nov 24 06:20:33 UTC 2019
auto.tcl: Setting watchdog for 200 seconds at Sun Nov 24 06:20:33 UTC 2019
6 ms. Memory: 51200K Free: 26921K (53%)
ptolemy.util.test.WatchDog.cancel(): canceling Sun Nov 24 06:20:33 UTC 2019
------------------ testing $PTII/ptolemy/domains/de/test/auto/NonInterruptibleTimerZeroDelay.xml
auto.tcl: Setting watchdog for 200 seconds at Sun Nov 24 06:20:33 UTC 2019
4 ms. Memory: 48128K Free: 31049K (65%)
ptolemy.util.test.WatchDog.cancel(): canceling Sun Nov 24 06:20:33 UTC 2019
auto.tcl: Setting watchdog for 200 seconds at Sun Nov 24 06:20:33 UTC 2019
3 ms. Memory: 48128K Free: 30177K (63%)
ptolemy.util.test.WatchDog.cancel(): canceling Sun Nov 24 06:20:33 UTC 2019
------------------ testing $PTII/ptolemy/domains/de/test/auto/OpenQueueingNetwork.xml
auto.tcl: Setting watchdog for 200 seconds at Sun Nov 24 06:20:33 UTC 2019
2961 ms. Memory: 105472K Free: 49972K (47%)
ptolemy.util.test.WatchDog.cancel(): canceling Sun Nov 24 06:20:36 UTC 2019
auto.tcl: Setting watchdog for 200 seconds at Sun Nov 24 06:20:36 UTC 2019
2519 ms. Memory: 131072K Free: 89753K (68%)
ptolemy.util.test.WatchDog.cancel(): canceling Sun Nov 24 06:20:39 UTC 2019
------------------ testing $PTII/ptolemy/domains/de/test/auto/OpenQueuingNetwork.xml
auto.tcl: Setting watchdog for 200 seconds at Sun Nov 24 06:20:39 UTC 2019
264 ms. Memory: 66560K Free: 36087K (54%)
ptolemy.util.test.WatchDog.cancel(): canceling Sun Nov 24 06:20:39 UTC 2019
auto.tcl: Setting watchdog for 200 seconds at Sun Nov 24 06:20:39 UTC 2019
246 ms. Memory: 66560K Free: 20180K (30%)
ptolemy.util.test.WatchDog.cancel(): canceling Sun Nov 24 06:20:39 UTC 2019
------------------ testing $PTII/ptolemy/domains/de/test/auto/PeriodicSampler.xml
auto.tcl: Setting watchdog for 200 seconds at Sun Nov 24 06:20:39 UTC 2019
4 ms. Memory: 48128K Free: 30032K (62%)
ptolemy.util.test.WatchDog.cancel(): canceling Sun Nov 24 06:20:39 UTC 2019
auto.tcl: Setting watchdog for 200 seconds at Sun Nov 24 06:20:39 UTC 2019
1 ms. Memory: 48128K Free: 29525K (61%)
ptolemy.util.test.WatchDog.cancel(): canceling Sun Nov 24 06:20:39 UTC 2019
------------------ testing $PTII/ptolemy/domains/de/test/auto/PersistentIO.xml
auto.tcl: Setting watchdog for 200 seconds at Sun Nov 24 06:20:40 UTC 2019
15 ms. Memory: 48128K Free: 24957K (52%)
ptolemy.util.test.WatchDog.cancel(): canceling Sun Nov 24 06:20:40 UTC 2019
auto.tcl: Setting watchdog for 200 seconds at Sun Nov 24 06:20:40 UTC 2019
4 ms. Memory: 48128K Free: 23500K (49%)
ptolemy.util.test.WatchDog.cancel(): canceling Sun Nov 24 06:20:40 UTC 2019
------------------ testing $PTII/ptolemy/domains/de/test/auto/PortParameterResetOnInitialize.xml
auto.tcl: Setting watchdog for 200 seconds at Sun Nov 24 06:20:40 UTC 2019
2 ms. Memory: 48128K Free: 29929K (62%)
ptolemy.util.test.WatchDog.cancel(): canceling Sun Nov 24 06:20:40 UTC 2019
auto.tcl: Setting watchdog for 200 seconds at Sun Nov 24 06:20:40 UTC 2019
2 ms. Memory: 48128K Free: 29450K (61%)
ptolemy.util.test.WatchDog.cancel(): canceling Sun Nov 24 06:20:40 UTC 2019
------------------ testing $PTII/ptolemy/domains/de/test/auto/PortParameterUpdates.xml
auto.tcl: Setting watchdog for 200 seconds at Sun Nov 24 06:20:40 UTC 2019
5 ms. Memory: 48128K Free: 28244K (59%)
ptolemy.util.test.WatchDog.cancel(): canceling Sun Nov 24 06:20:40 UTC 2019
auto.tcl: Setting watchdog for 200 seconds at Sun Nov 24 06:20:40 UTC 2019
4 ms. Memory: 48128K Free: 27052K (56%)
ptolemy.util.test.WatchDog.cancel(): canceling Sun Nov 24 06:20:40 UTC 2019
------------------ testing $PTII/ptolemy/domains/de/test/auto/QueueAndServer.xml
auto.tcl: Setting watchdog for 200 seconds at Sun Nov 24 06:20:40 UTC 2019
15 ms. Memory: 48128K Free: 26978K (56%)
ptolemy.util.test.WatchDog.cancel(): canceling Sun Nov 24 06:20:40 UTC 2019
auto.tcl: Setting watchdog for 200 seconds at Sun Nov 24 06:20:40 UTC 2019
11 ms. Memory: 48128K Free: 25483K (53%)
ptolemy.util.test.WatchDog.cancel(): canceling Sun Nov 24 06:20:40 UTC 2019
------------------ testing $PTII/ptolemy/domains/de/test/auto/Records.xml
auto.tcl: Setting watchdog for 200 seconds at Sun Nov 24 06:20:40 UTC 2019
5 ms. Memory: 48128K Free: 29483K (61%)
ptolemy.util.test.WatchDog.cancel(): canceling Sun Nov 24 06:20:40 UTC 2019
auto.tcl: Setting watchdog for 200 seconds at Sun Nov 24 06:20:40 UTC 2019
2 ms. Memory: 48128K Free: 28986K (60%)
ptolemy.util.test.WatchDog.cancel(): canceling Sun Nov 24 06:20:40 UTC 2019
------------------ testing $PTII/ptolemy/domains/de/test/auto/ResetTransitionWithStartTime1.xml
auto.tcl: Setting watchdog for 200 seconds at Sun Nov 24 06:20:40 UTC 2019
10 ms. Memory: 48128K Free: 26555K (55%)
ptolemy.util.test.WatchDog.cancel(): canceling Sun Nov 24 06:20:40 UTC 2019
auto.tcl: Setting watchdog for 200 seconds at Sun Nov 24 06:20:40 UTC 2019
5 ms. Memory: 48128K Free: 23934K (50%)
ptolemy.util.test.WatchDog.cancel(): canceling Sun Nov 24 06:20:40 UTC 2019
------------------ testing $PTII/ptolemy/domains/de/test/auto/ResetTransitionWithStartTime2.xml
auto.tcl: Setting watchdog for 200 seconds at Sun Nov 24 06:20:40 UTC 2019
9 ms. Memory: 48128K Free: 26502K (55%)
ptolemy.util.test.WatchDog.cancel(): canceling Sun Nov 24 06:20:40 UTC 2019
auto.tcl: Setting watchdog for 200 seconds at Sun Nov 24 06:20:40 UTC 2019
6 ms. Memory: 48128K Free: 24349K (51%)
ptolemy.util.test.WatchDog.cancel(): canceling Sun Nov 24 06:20:40 UTC 2019
------------------ testing $PTII/ptolemy/domains/de/test/auto/ResetTransitionWithStartTime3.xml
auto.tcl: Setting watchdog for 200 seconds at Sun Nov 24 06:20:40 UTC 2019
10 ms. Memory: 48128K Free: 26396K (55%)
ptolemy.util.test.WatchDog.cancel(): canceling Sun Nov 24 06:20:40 UTC 2019
auto.tcl: Setting watchdog for 200 seconds at Sun Nov 24 06:20:40 UTC 2019
6 ms. Memory: 48128K Free: 23858K (50%)
ptolemy.util.test.WatchDog.cancel(): canceling Sun Nov 24 06:20:40 UTC 2019
------------------ testing $PTII/ptolemy/domains/de/test/auto/ResetTransitionWithStartTime4.xml
auto.tcl: Setting watchdog for 200 seconds at Sun Nov 24 06:20:40 UTC 2019
10 ms. Memory: 48128K Free: 26825K (56%)
ptolemy.util.test.WatchDog.cancel(): canceling Sun Nov 24 06:20:40 UTC 2019
auto.tcl: Setting watchdog for 200 seconds at Sun Nov 24 06:20:40 UTC 2019
4 ms. Memory: 48128K Free: 25411K (53%)
ptolemy.util.test.WatchDog.cancel(): canceling Sun Nov 24 06:20:40 UTC 2019
------------------ testing $PTII/ptolemy/domains/de/test/auto/ResettableTimer1.xml
auto.tcl: Setting watchdog for 200 seconds at Sun Nov 24 06:20:40 UTC 2019
3 ms. Memory: 48128K Free: 30845K (64%)
ptolemy.util.test.WatchDog.cancel(): canceling Sun Nov 24 06:20:40 UTC 2019
auto.tcl: Setting watchdog for 200 seconds at Sun Nov 24 06:20:40 UTC 2019
2 ms. Memory: 48128K Free: 29979K (62%)
ptolemy.util.test.WatchDog.cancel(): canceling Sun Nov 24 06:20:40 UTC 2019
------------------ testing $PTII/ptolemy/domains/de/test/auto/ResettableTimer2.xml
auto.tcl: Setting watchdog for 200 seconds at Sun Nov 24 06:20:40 UTC 2019
3 ms. Memory: 48128K Free: 30635K (64%)
ptolemy.util.test.WatchDog.cancel(): canceling Sun Nov 24 06:20:40 UTC 2019
auto.tcl: Setting watchdog for 200 seconds at Sun Nov 24 06:20:40 UTC 2019
2 ms. Memory: 48128K Free: 29576K (61%)
ptolemy.util.test.WatchDog.cancel(): canceling Sun Nov 24 06:20:40 UTC 2019
------------------ testing $PTII/ptolemy/domains/de/test/auto/ResettableTimer3.xml
auto.tcl: Setting watchdog for 200 seconds at Sun Nov 24 06:20:40 UTC 2019
2 ms. Memory: 48128K Free: 30529K (63%)
ptolemy.util.test.WatchDog.cancel(): canceling Sun Nov 24 06:20:40 UTC 2019
auto.tcl: Setting watchdog for 200 seconds at Sun Nov 24 06:20:40 UTC 2019
1 ms. Memory: 48128K Free: 30051K (62%)
ptolemy.util.test.WatchDog.cancel(): canceling Sun Nov 24 06:20:40 UTC 2019
------------------ testing $PTII/ptolemy/domains/de/test/auto/ResettableTimer4.xml
auto.tcl: Setting watchdog for 200 seconds at Sun Nov 24 06:20:40 UTC 2019
1 ms. Memory: 48128K Free: 30547K (63%)
ptolemy.util.test.WatchDog.cancel(): canceling Sun Nov 24 06:20:41 UTC 2019
auto.tcl: Setting watchdog for 200 seconds at Sun Nov 24 06:20:41 UTC 2019
1 ms. Memory: 48128K Free: 30050K (62%)
ptolemy.util.test.WatchDog.cancel(): canceling Sun Nov 24 06:20:41 UTC 2019
------------------ testing $PTII/ptolemy/domains/de/test/auto/ResettableTimer5.xml
auto.tcl: Setting watchdog for 200 seconds at Sun Nov 24 06:20:41 UTC 2019
1 ms. Memory: 48128K Free: 30012K (62%)
ptolemy.util.test.WatchDog.cancel(): canceling Sun Nov 24 06:20:41 UTC 2019
auto.tcl: Setting watchdog for 200 seconds at Sun Nov 24 06:20:41 UTC 2019
2 ms. Memory: 48128K Free: 29539K (61%)
ptolemy.util.test.WatchDog.cancel(): canceling Sun Nov 24 06:20:41 UTC 2019
------------------ testing $PTII/ptolemy/domains/de/test/auto/ResettableTimer6.xml
auto.tcl: Setting watchdog for 200 seconds at Sun Nov 24 06:20:41 UTC 2019
3 ms. Memory: 48128K Free: 29987K (62%)
ptolemy.util.test.WatchDog.cancel(): canceling Sun Nov 24 06:20:41 UTC 2019
auto.tcl: Setting watchdog for 200 seconds at Sun Nov 24 06:20:41 UTC 2019
1 ms. Memory: 48128K Free: 29511K (61%)
ptolemy.util.test.WatchDog.cancel(): canceling Sun Nov 24 06:20:41 UTC 2019
------------------ testing $PTII/ptolemy/domains/de/test/auto/ServerZeroDelay.xml
auto.tcl: Setting watchdog for 200 seconds at Sun Nov 24 06:20:41 UTC 2019
4 ms. Memory: 48128K Free: 30522K (63%)
ptolemy.util.test.WatchDog.cancel(): canceling Sun Nov 24 06:20:41 UTC 2019
auto.tcl: Setting watchdog for 200 seconds at Sun Nov 24 06:20:41 UTC 2019
2 ms. Memory: 48128K Free: 29539K (61%)
ptolemy.util.test.WatchDog.cancel(): canceling Sun Nov 24 06:20:41 UTC 2019
------------------ testing $PTII/ptolemy/domains/de/test/auto/SmartSender.xml
auto.tcl: Setting watchdog for 200 seconds at Sun Nov 24 06:20:41 UTC 2019
3001 ms. Memory: 48128K Free: 30516K (63%)
ptolemy.util.test.WatchDog.cancel(): canceling Sun Nov 24 06:20:44 UTC 2019
auto.tcl: Setting watchdog for 200 seconds at Sun Nov 24 06:20:44 UTC 2019
3003 ms. Memory: 48128K Free: 30009K (62%)
ptolemy.util.test.WatchDog.cancel(): canceling Sun Nov 24 06:20:47 UTC 2019
------------------ testing $PTII/ptolemy/domains/de/test/auto/ThreadedComposite.xml
auto.tcl: Setting watchdog for 200 seconds at Sun Nov 24 06:20:47 UTC 2019
255 ms. Memory: 48128K Free: 11075K (23%)
ptolemy.util.test.WatchDog.cancel(): canceling Sun Nov 24 06:20:47 UTC 2019
auto.tcl: Setting watchdog for 200 seconds at Sun Nov 24 06:20:47 UTC 2019
150 ms. Memory: 48128K Free: 24944K (52%)
ptolemy.util.test.WatchDog.cancel(): canceling Sun Nov 24 06:20:47 UTC 2019
------------------ testing $PTII/ptolemy/domains/de/test/auto/Time.xml
auto.tcl: Setting watchdog for 200 seconds at Sun Nov 24 06:20:47 UTC 2019
552 ms. Memory: 48128K Free: 28034K (58%)
ptolemy.util.test.WatchDog.cancel(): canceling Sun Nov 24 06:20:48 UTC 2019
auto.tcl: Setting watchdog for 200 seconds at Sun Nov 24 06:20:48 UTC 2019
541 ms. Memory: 48128K Free: 24585K (51%)
ptolemy.util.test.WatchDog.cancel(): canceling Sun Nov 24 06:20:48 UTC 2019
------------------ testing $PTII/ptolemy/domains/de/test/auto/TimeDelayZeroDelay.xml
auto.tcl: Setting watchdog for 200 seconds at Sun Nov 24 06:20:48 UTC 2019
3 ms. Memory: 48128K Free: 30926K (64%)
ptolemy.util.test.WatchDog.cancel(): canceling Sun Nov 24 06:20:48 UTC 2019
auto.tcl: Setting watchdog for 200 seconds at Sun Nov 24 06:20:48 UTC 2019
2 ms. Memory: 48128K Free: 30031K (62%)
ptolemy.util.test.WatchDog.cancel(): canceling Sun Nov 24 06:20:48 UTC 2019
------------------ testing $PTII/ptolemy/domains/de/test/auto/TimerZeroDelay.xml
auto.tcl: Setting watchdog for 200 seconds at Sun Nov 24 06:20:49 UTC 2019
3 ms. Memory: 48128K Free: 30903K (64%)
ptolemy.util.test.WatchDog.cancel(): canceling Sun Nov 24 06:20:49 UTC 2019
auto.tcl: Setting watchdog for 200 seconds at Sun Nov 24 06:20:49 UTC 2019
2 ms. Memory: 48128K Free: 30074K (62%)
ptolemy.util.test.WatchDog.cancel(): canceling Sun Nov 24 06:20:49 UTC 2019
------------------ testing $PTII/ptolemy/domains/de/test/auto/TimingParadox.xml
auto.tcl: Setting watchdog for 200 seconds at Sun Nov 24 06:20:49 UTC 2019
423 ms. Memory: 48128K Free: 13103K (27%)
ptolemy.util.test.WatchDog.cancel(): canceling Sun Nov 24 06:20:49 UTC 2019
auto.tcl: Setting watchdog for 200 seconds at Sun Nov 24 06:20:49 UTC 2019
385 ms. Memory: 58368K Free: 42668K (73%)
ptolemy.util.test.WatchDog.cancel(): canceling Sun Nov 24 06:20:50 UTC 2019
------------------ testing $PTII/ptolemy/domains/de/test/auto/TransferInputs.xml
auto.tcl: Setting watchdog for 200 seconds at Sun Nov 24 06:20:50 UTC 2019
2 ms. Memory: 55296K Free: 36108K (65%)
ptolemy.util.test.WatchDog.cancel(): canceling Sun Nov 24 06:20:50 UTC 2019
auto.tcl: Setting watchdog for 200 seconds at Sun Nov 24 06:20:50 UTC 2019
2 ms. Memory: 55296K Free: 35193K (64%)
ptolemy.util.test.WatchDog.cancel(): canceling Sun Nov 24 06:20:50 UTC 2019
------------------ testing $PTII/ptolemy/domains/de/test/auto/TransferOutputs2.xml
auto.tcl: Setting watchdog for 200 seconds at Sun Nov 24 06:20:50 UTC 2019
11 ms. Memory: 48128K Free: 26399K (55%)
ptolemy.util.test.WatchDog.cancel(): canceling Sun Nov 24 06:20:50 UTC 2019
auto.tcl: Setting watchdog for 200 seconds at Sun Nov 24 06:20:50 UTC 2019
4 ms. Memory: 48128K Free: 25010K (52%)
ptolemy.util.test.WatchDog.cancel(): canceling Sun Nov 24 06:20:50 UTC 2019
------------------ testing $PTII/ptolemy/domains/de/test/auto/Trilateration.xml
auto.tcl: Setting watchdog for 200 seconds at Sun Nov 24 06:20:50 UTC 2019
14422 ms. Memory: 502784K Free: 228704K (45%)
ptolemy.util.test.WatchDog.cancel(): canceling Sun Nov 24 06:21:05 UTC 2019
auto.tcl: Setting watchdog for 200 seconds at Sun Nov 24 06:21:05 UTC 2019
11084 ms. Memory: 502784K Free: 258571K (51%)
ptolemy.util.test.WatchDog.cancel(): canceling Sun Nov 24 06:21:16 UTC 2019
------------------ testing $PTII/ptolemy/domains/de/test/auto/TwoSigmaDelta.xml
auto.tcl: Setting watchdog for 200 seconds at Sun Nov 24 06:21:17 UTC 2019
2613 ms. Memory: 89088K Free: 28661K (32%)
ptolemy.util.test.WatchDog.cancel(): canceling Sun Nov 24 06:21:19 UTC 2019
auto.tcl: Setting watchdog for 200 seconds at Sun Nov 24 06:21:19 UTC 2019
2034 ms. Memory: 89088K Free: 26078K (29%)
ptolemy.util.test.WatchDog.cancel(): canceling Sun Nov 24 06:21:21 UTC 2019
------------------ testing $PTII/ptolemy/domains/de/test/auto/VariableDelay.xml
auto.tcl: Setting watchdog for 200 seconds at Sun Nov 24 06:21:21 UTC 2019
3 ms. Memory: 51200K Free: 32503K (63%)
ptolemy.util.test.WatchDog.cancel(): canceling Sun Nov 24 06:21:21 UTC 2019
auto.tcl: Setting watchdog for 200 seconds at Sun Nov 24 06:21:21 UTC 2019
1 ms. Memory: 51200K Free: 31509K (62%)
ptolemy.util.test.WatchDog.cancel(): canceling Sun Nov 24 06:21:21 UTC 2019
------------------ testing $PTII/ptolemy/domains/de/test/auto/VariableDelay2.xml
auto.tcl: Setting watchdog for 200 seconds at Sun Nov 24 06:21:21 UTC 2019
8 ms. Memory: 51200K Free: 33116K (65%)
ptolemy.util.test.WatchDog.cancel(): canceling Sun Nov 24 06:21:21 UTC 2019
auto.tcl: Setting watchdog for 200 seconds at Sun Nov 24 06:21:21 UTC 2019
2 ms. Memory: 51200K Free: 32604K (64%)
ptolemy.util.test.WatchDog.cancel(): canceling Sun Nov 24 06:21:21 UTC 2019
------------------ testing $PTII/ptolemy/domains/de/test/auto/VariableDelayZeroDelay.xml
auto.tcl: Setting watchdog for 200 seconds at Sun Nov 24 06:21:21 UTC 2019
2 ms. Memory: 51200K Free: 33544K (66%)
ptolemy.util.test.WatchDog.cancel(): canceling Sun Nov 24 06:21:21 UTC 2019
auto.tcl: Setting watchdog for 200 seconds at Sun Nov 24 06:21:21 UTC 2019
2 ms. Memory: 51200K Free: 32916K (64%)
ptolemy.util.test.WatchDog.cancel(): canceling Sun Nov 24 06:21:21 UTC 2019
------------------ testing $PTII/ptolemy/domains/de/test/auto/VariableDelayZeroDelay2.xml
auto.tcl: Setting watchdog for 200 seconds at Sun Nov 24 06:21:22 UTC 2019
1 ms. Memory: 51200K Free: 33443K (65%)
ptolemy.util.test.WatchDog.cancel(): canceling Sun Nov 24 06:21:22 UTC 2019
auto.tcl: Setting watchdog for 200 seconds at Sun Nov 24 06:21:22 UTC 2019
2 ms. Memory: 51200K Free: 32419K (63%)
ptolemy.util.test.WatchDog.cancel(): canceling Sun Nov 24 06:21:22 UTC 2019
------------------ testing $PTII/ptolemy/domains/de/test/auto/deInCt.xml
auto.tcl: Setting watchdog for 200 seconds at Sun Nov 24 06:21:22 UTC 2019
0
1
1
1
1
0
0
0
0
0
1
1
1
0
0
0
1
1
0
0
1
1
1
0
0
0
1
1
1
1
0
0
0
1
1
0
0
0
1
1
1
0
0
0
0
0
20 ms. Memory: 51200K Free: 32417K (63%)
ptolemy.util.test.WatchDog.cancel(): canceling Sun Nov 24 06:21:22 UTC 2019
auto.tcl: Setting watchdog for 200 seconds at Sun Nov 24 06:21:22 UTC 2019
0
1
1
1
0
0
0
1
1
1
0
0
0
1
1
1
1
0
0
0
0
1
1
1
1
0
0
0
1
1
1
0
0
1
1
1
0
0
0
1
1
1
0
0
1
1
1
1
7 ms. Memory: 51200K Free: 30879K (60%)
ptolemy.util.test.WatchDog.cancel(): canceling Sun Nov 24 06:21:22 UTC 2019
------------------ testing $PTII/ptolemy/domains/de/test/auto/deInCt2.xml
auto.tcl: Setting watchdog for 200 seconds at Sun Nov 24 06:21:22 UTC 2019
0
1
1
1
0
0
1
1
1
0
0
1
1
1
0
0
1
1
1
0
0
1
1
1
0
0
1
1
1
0
0
1
1
1
0
0
1
1
1
0
0
0
9 ms. Memory: 51200K Free: 32464K (63%)
ptolemy.util.test.WatchDog.cancel(): canceling Sun Nov 24 06:21:22 UTC 2019
auto.tcl: Setting watchdog for 200 seconds at Sun Nov 24 06:21:22 UTC 2019
0
1
1
1
0
0
1
1
1
0
0
1
1
1
0
0
1
1
1
0
0
1
1
1
0
0
1
1
1
0
0
1
1
1
0
0
1
1
1
0
0
0
6 ms. Memory: 51200K Free: 30851K (60%)
ptolemy.util.test.WatchDog.cancel(): canceling Sun Nov 24 06:21:22 UTC 2019
------------------ testing $PTII/ptolemy/domains/de/test/auto/dynamicCausalityInterface1.xml
auto.tcl: Setting watchdog for 200 seconds at Sun Nov 24 06:21:22 UTC 2019
2 ms. Memory: 51200K Free: 28317K (55%)
ptolemy.util.test.WatchDog.cancel(): canceling Sun Nov 24 06:21:22 UTC 2019
auto.tcl: Setting watchdog for 200 seconds at Sun Nov 24 06:21:22 UTC 2019
1 ms. Memory: 51200K Free: 27803K (54%)
ptolemy.util.test.WatchDog.cancel(): canceling Sun Nov 24 06:21:22 UTC 2019
------------------ testing $PTII/ptolemy/domains/de/test/auto/fsm_de_test.xml
auto.tcl: Setting watchdog for 200 seconds at Sun Nov 24 06:21:22 UTC 2019
11 ms. Memory: 51200K Free: 28216K (55%)
ptolemy.util.test.WatchDog.cancel(): canceling Sun Nov 24 06:21:22 UTC 2019
auto.tcl: Setting watchdog for 200 seconds at Sun Nov 24 06:21:22 UTC 2019
7 ms. Memory: 51200K Free: 26168K (51%)
ptolemy.util.test.WatchDog.cancel(): canceling Sun Nov 24 06:21:22 UTC 2019
------------------ testing $PTII/ptolemy/domains/de/test/auto/functionDependencyReconstruction.xml
auto.tcl: Setting watchdog for 200 seconds at Sun Nov 24 06:21:22 UTC 2019
3 ms. Memory: 51200K Free: 22062K (43%)
ptolemy.util.test.WatchDog.cancel(): canceling Sun Nov 24 06:21:22 UTC 2019
auto.tcl: Setting watchdog for 200 seconds at Sun Nov 24 06:21:22 UTC 2019
3 ms. Memory: 51200K Free: 20014K (39%)
ptolemy.util.test.WatchDog.cancel(): canceling Sun Nov 24 06:21:22 UTC 2019
------------------ testing $PTII/ptolemy/domains/de/test/auto/multirate.xml
auto.tcl: Setting watchdog for 200 seconds at Sun Nov 24 06:21:22 UTC 2019
9 ms. Memory: 51200K Free: 30822K (60%)
ptolemy.util.test.WatchDog.cancel(): canceling Sun Nov 24 06:21:22 UTC 2019
auto.tcl: Setting watchdog for 200 seconds at Sun Nov 24 06:21:22 UTC 2019
3 ms. Memory: 51200K Free: 29111K (57%)
ptolemy.util.test.WatchDog.cancel(): canceling Sun Nov 24 06:21:22 UTC 2019
------------------ testing $PTII/ptolemy/domains/de/test/auto/multirate2.xml
auto.tcl: Setting watchdog for 200 seconds at Sun Nov 24 06:21:22 UTC 2019
3 ms. Memory: 51200K Free: 30812K (60%)
ptolemy.util.test.WatchDog.cancel(): canceling Sun Nov 24 06:21:22 UTC 2019
auto.tcl: Setting watchdog for 200 seconds at Sun Nov 24 06:21:22 UTC 2019
2 ms. Memory: 51200K Free: 29292K (57%)
ptolemy.util.test.WatchDog.cancel(): canceling Sun Nov 24 06:21:22 UTC 2019
------------------ testing $PTII/ptolemy/domains/de/test/auto/realtime.xml
auto.tcl: Setting watchdog for 200 seconds at Sun Nov 24 06:21:22 UTC 2019
10002 ms. Memory: 51200K Free: 33087K (65%)
ptolemy.util.test.WatchDog.cancel(): canceling Sun Nov 24 06:21:32 UTC 2019
auto.tcl: Setting watchdog for 200 seconds at Sun Nov 24 06:21:32 UTC 2019
10001 ms. Memory: 51200K Free: 32362K (63%)
ptolemy.util.test.WatchDog.cancel(): canceling Sun Nov 24 06:21:42 UTC 2019
------------------ testing $PTII/ptolemy/domains/de/test/auto/relationGroup.xml
auto.tcl: Setting watchdog for 200 seconds at Sun Nov 24 06:21:42 UTC 2019
14 ms. Memory: 51200K Free: 34168K (67%)
ptolemy.util.test.WatchDog.cancel(): canceling Sun Nov 24 06:21:42 UTC 2019
auto.tcl: Setting watchdog for 200 seconds at Sun Nov 24 06:21:42 UTC 2019
2 ms. Memory: 51200K Free: 33640K (66%)
ptolemy.util.test.WatchDog.cancel(): canceling Sun Nov 24 06:21:42 UTC 2019
------------------ testing $PTII/ptolemy/domains/de/test/auto/relationGroup2.xml
auto.tcl: Setting watchdog for 200 seconds at Sun Nov 24 06:21:42 UTC 2019
8 ms. Memory: 51200K Free: 33979K (66%)
ptolemy.util.test.WatchDog.cancel(): canceling Sun Nov 24 06:21:42 UTC 2019
auto.tcl: Setting watchdog for 200 seconds at Sun Nov 24 06:21:42 UTC 2019
1 ms. Memory: 51200K Free: 33469K (65%)
ptolemy.util.test.WatchDog.cancel(): canceling Sun Nov 24 06:21:42 UTC 2019
------------------ testing $PTII/ptolemy/domains/de/test/auto/sortWithOpaquePorts.xml
auto.tcl: Setting watchdog for 200 seconds at Sun Nov 24 06:21:42 UTC 2019
1 ms. Memory: 51200K Free: 32942K (64%)
ptolemy.util.test.WatchDog.cancel(): canceling Sun Nov 24 06:21:42 UTC 2019
auto.tcl: Setting watchdog for 200 seconds at Sun Nov 24 06:21:42 UTC 2019
3 ms. Memory: 51200K Free: 31918K (62%)
ptolemy.util.test.WatchDog.cancel(): canceling Sun Nov 24 06:21:42 UTC 2019
------------------ testing $PTII/ptolemy/domains/de/test/auto/transferInputsandOutputs.xml
auto.tcl: Setting watchdog for 200 seconds at Sun Nov 24 06:21:43 UTC 2019
4 ms. Memory: 48128K Free: 27314K (57%)
ptolemy.util.test.WatchDog.cancel(): canceling Sun Nov 24 06:21:43 UTC 2019
auto.tcl: Setting watchdog for 200 seconds at Sun Nov 24 06:21:43 UTC 2019
2 ms. Memory: 48128K Free: 26308K (55%)
ptolemy.util.test.WatchDog.cancel(): canceling Sun Nov 24 06:21:43 UTC 2019
------------------ testing $PTII/ptolemy/domains/de/test/auto/triggerType.xml
auto.tcl: Setting watchdog for 200 seconds at Sun Nov 24 06:21:43 UTC 2019
2 ms. Memory: 48128K Free: 30338K (63%)
ptolemy.util.test.WatchDog.cancel(): canceling Sun Nov 24 06:21:43 UTC 2019
auto.tcl: Setting watchdog for 200 seconds at Sun Nov 24 06:21:43 UTC 2019
1 ms. Memory: 48128K Free: 29351K (61%)
ptolemy.util.test.WatchDog.cancel(): canceling Sun Nov 24 06:21:43 UTC 2019
11/24/19 06:21:43
Failed: 0  Total Tests: 192  ((Passed: 187, Newly Passed: 1)  Known Failed: 5) /home/travis/build/icyphy/ptII/ptolemy/domains/de/test
11/24/19 06:21:43
Failed: 0  Total Tests: 192  ((Passed: 187, Newly Passed: 1)  Known Failed: 5) /home/travis/build/icyphy/ptII/ptolemy/domains/de/test
----------------- testing (KnownFailure) /home/travis/build/icyphy/ptII/ptolemy/domains/de/test/auto/knownFailedTests/DESDFClockTest.xml
2012 ms. Memory: 48128K Free: 23223K (48%)
Known Failure: java.lang.reflect.InvocationTargetException
----------------- testing (KnownFailure) /home/travis/build/icyphy/ptII/ptolemy/domains/de/test/auto/knownFailedTests/DirectFeedback.xml
2 ms. Memory: 48128K Free: 19637K (41%)
Known Failure: java.lang.reflect.InvocationTargetException
----------------- testing (KnownFailure) /home/travis/build/icyphy/ptII/ptolemy/domains/de/test/auto/knownFailedTests/FSMSource.xml
12 ms. Memory: 48128K Free: 11959K (25%)
----------------- testing (KnownFailure) /home/travis/build/icyphy/ptII/ptolemy/domains/de/test/auto/knownFailedTests/HierarchicalModel.xml
4 ms. Memory: 48128K Free: 23153K (48%)
Known Failure: java.lang.reflect.InvocationTargetException
----------------- testing (KnownFailure) /home/travis/build/icyphy/ptII/ptolemy/domains/de/test/auto/knownFailedTests/dependencyLoop.xml
2 ms. Memory: 48128K Free: 7763K (16%)
Known Failure: java.lang.reflect.InvocationTargetException
----------------- testing (KnownFailure) /home/travis/build/icyphy/ptII/ptolemy/domains/de/test/auto/knownFailedTests/dependencyLoop2.xml
4 ms. Memory: 48128K Free: 19807K (41%)
Known Failure: java.lang.reflect.InvocationTargetException
No auto/linux-amd64/*.xml tests in /home/travis/build/icyphy/ptII/ptolemy/domains/de/test
AutoTests.java: About to close Vertx.
AutoTests.java: Vertx closed.

===========================================================================================
----------------- testing Sun Nov 24 06:21:45 UTC 2019 /home/travis/build/icyphy/ptII/ptolemy/domains/de/test/auto/ActorDepthCalculation_actorWithoutPorts.xml
----------------- Instantiating /home/travis/build/icyphy/ptII/ptolemy/domains/de/test/auto/ActorDepthCalculation_actorWithoutPorts.xml
2 ms. Memory: 48128K Free: 13327K (28%)
----------------- Invoking toplevel() on ptolemy.moml.MoMLSimpleApplication@48159a06
----------------- Done invoking toplevel() on ptolemy.moml.MoMLSimpleApplication@48159a06
reloadAllAccessors: .ActorDepthCalculation_actorWithoutPorts

===========================================================================================
----------------- testing Sun Nov 24 06:21:45 UTC 2019 /home/travis/build/icyphy/ptII/ptolemy/domains/de/test/auto/AssemblyLine.xml
----------------- Instantiating /home/travis/build/icyphy/ptII/ptolemy/domains/de/test/auto/AssemblyLine.xml
4 ms. Memory: 48128K Free: 32582K (68%)
----------------- Invoking toplevel() on ptolemy.moml.MoMLSimpleApplication@11eed34e
----------------- Done invoking toplevel() on ptolemy.moml.MoMLSimpleApplication@11eed34e
reloadAllAccessors: .AssemblyLine

===========================================================================================
----------------- testing Sun Nov 24 06:21:45 UTC 2019 /home/travis/build/icyphy/ptII/ptolemy/domains/de/test/auto/CQBug1.xml
----------------- Instantiating /home/travis/build/icyphy/ptII/ptolemy/domains/de/test/auto/CQBug1.xml
1 ms. Memory: 48128K Free: 29494K (61%)
----------------- Invoking toplevel() on ptolemy.moml.MoMLSimpleApplication@36dcc539
----------------- Done invoking toplevel() on ptolemy.moml.MoMLSimpleApplication@36dcc539
reloadAllAccessors: .CQBug1

===========================================================================================
----------------- testing Sun Nov 24 06:21:45 UTC 2019 /home/travis/build/icyphy/ptII/ptolemy/domains/de/test/auto/CancelFireAt.xml
----------------- Instantiating /home/travis/build/icyphy/ptII/ptolemy/domains/de/test/auto/CancelFireAt.xml
2 ms. Memory: 48128K Free: 26973K (56%)
----------------- Invoking toplevel() on ptolemy.moml.MoMLSimpleApplication@458960ad
----------------- Done invoking toplevel() on ptolemy.moml.MoMLSimpleApplication@458960ad
reloadAllAccessors: .CancelFireAt

===========================================================================================
----------------- testing Sun Nov 24 06:21:45 UTC 2019 /home/travis/build/icyphy/ptII/ptolemy/domains/de/test/auto/CausalityAndComposabilityAnalysis.xml
----------------- Instantiating /home/travis/build/icyphy/ptII/ptolemy/domains/de/test/auto/CausalityAndComposabilityAnalysis.xml
3 ms. Memory: 48128K Free: 22608K (47%)
----------------- Invoking toplevel() on ptolemy.moml.MoMLSimpleApplication@7897509b
----------------- Done invoking toplevel() on ptolemy.moml.MoMLSimpleApplication@7897509b
reloadAllAccessors: .CausalityAndComposabilityAnalysis

===========================================================================================
----------------- testing Sun Nov 24 06:21:45 UTC 2019 /home/travis/build/icyphy/ptII/ptolemy/domains/de/test/auto/CausalityInterface1.xml
----------------- Instantiating /home/travis/build/icyphy/ptII/ptolemy/domains/de/test/auto/CausalityInterface1.xml
5 ms. Memory: 48128K Free: 17757K (37%)
----------------- Invoking toplevel() on ptolemy.moml.MoMLSimpleApplication@2842a0d1
----------------- Done invoking toplevel() on ptolemy.moml.MoMLSimpleApplication@2842a0d1
reloadAllAccessors: .CausalityInterface1

===========================================================================================
----------------- testing Sun Nov 24 06:21:45 UTC 2019 /home/travis/build/icyphy/ptII/ptolemy/domains/de/test/auto/CausalityInterface15.xml
----------------- Instantiating /home/travis/build/icyphy/ptII/ptolemy/domains/de/test/auto/CausalityInterface15.xml
3 ms. Memory: 48128K Free: 12346K (26%)
----------------- Invoking toplevel() on ptolemy.moml.MoMLSimpleApplication@54fb4941
----------------- Done invoking toplevel() on ptolemy.moml.MoMLSimpleApplication@54fb4941
reloadAllAccessors: .CausalityInterface15

===========================================================================================
----------------- testing Sun Nov 24 06:21:45 UTC 2019 /home/travis/build/icyphy/ptII/ptolemy/domains/de/test/auto/CausalityInterface2.xml
----------------- Instantiating /home/travis/build/icyphy/ptII/ptolemy/domains/de/test/auto/CausalityInterface2.xml
1 ms. Memory: 48128K Free: 7692K (16%)
[...]
	at ptolemy.actor.Manager.run(Manager.java:1263)
	at ptolemy.actor.Manager$PtolemyRunThread.run(Manager.java:1933)
java.lang.RuntimeException: Execution failed
	at ptolemy.moml.MoMLSimpleApplication$UnloadThread.run(MoMLSimpleApplication.java:402)
Caused by: ptolemy.kernel.util.IllegalActionException: Actor is not ready to fire.  Perhaps UpSample.prefire() returned false? Try debugging the actor by selecting "Listen to Actor".  Also, for SDF check moml for tokenConsumptionRate on input.
  in .DESDFClockTest.Play Bell.Copy1:SDF Director and .DESDFClockTest.Play Bell.UpSample
	at ptolemy.actor.sched.StaticSchedulingDirector.fire(StaticSchedulingDirector.java:227)
	at ptolemy.domains.sdf.kernel.SDFDirector.fire(SDFDirector.java:500)
	at ptolemy.actor.CompositeActor.fire(CompositeActor.java:455)
	at ptolemy.domains.de.kernel.DEDirector._fire(DEDirector.java:1949)
	at ptolemy.domains.de.kernel.DEDirector.fire(DEDirector.java:502)
	at ptolemy.actor.CompositeActor.fire(CompositeActor.java:455)
	at ptolemy.actor.Manager.iterate(Manager.java:851)
	at ptolemy.actor.Manager.execute(Manager.java:369)
	at ptolemy.actor.Manager.run(Manager.java:1263)
	at ptolemy.actor.Manager$PtolemyRunThread.run(Manager.java:1933)
java.lang.reflect.InvocationTargetException
	at java.base/jdk.internal.reflect.NativeConstructorAccessorImpl.newInstance0(Native Method)
	at java.base/jdk.internal.reflect.NativeConstructorAccessorImpl.newInstance(NativeConstructorAccessorImpl.java:62)
	at java.base/jdk.internal.reflect.DelegatingConstructorAccessorImpl.newInstance(DelegatingConstructorAccessorImpl.java:45)
	at java.base/java.lang.reflect.Constructor.newInstance(Constructor.java:490)
	at ptolemy.util.test.junit.AutoKnownFailedTests.RunModel(AutoKnownFailedTests.java:105)
	at java.base/jdk.internal.reflect.NativeMethodAccessorImpl.invoke0(Native Method)
	at java.base/jdk.internal.reflect.NativeMethodAccessorImpl.invoke(NativeMethodAccessorImpl.java:62)
	at java.base/jdk.internal.reflect.DelegatingMethodAccessorImpl.invoke(DelegatingMethodAccessorImpl.java:43)
	at java.base/java.lang.reflect.Method.invoke(Method.java:566)
	at org.junit.runners.model.FrameworkMethod$1.runReflectiveCall(FrameworkMethod.java:44)
	at org.junit.internal.runners.model.ReflectiveCallable.run(ReflectiveCallable.java:15)
	at org.junit.runners.model.FrameworkMethod.invokeExplosively(FrameworkMethod.java:41)
	at junitparams.internal.InvokeParameterisedMethod.evaluate(InvokeParameterisedMethod.java:102)
	at org.junit.internal.runners.statements.FailOnTimeout$1.run(FailOnTimeout.java:28)
Caused by: ptolemy.kernel.util.IllegalActionException: Actor is not ready to fire.  Perhaps UpSample.prefire() returned false? Try debugging the actor by selecting "Listen to Actor".  Also, for SDF check moml for tokenConsumptionRate on input.
  in .DESDFClockTest.Play Bell.Copy1:SDF Director and .DESDFClockTest.Play Bell.UpSample
	at ptolemy.actor.sched.StaticSchedulingDirector.fire(StaticSchedulingDirector.java:227)
	at ptolemy.domains.sdf.kernel.SDFDirector.fire(SDFDirector.java:500)
	at ptolemy.actor.CompositeActor.fire(CompositeActor.java:455)
	at ptolemy.domains.de.kernel.DEDirector._fire(DEDirector.java:1949)
	at ptolemy.domains.de.kernel.DEDirector.fire(DEDirector.java:502)
	at ptolemy.actor.CompositeActor.fire(CompositeActor.java:455)
	at ptolemy.actor.Manager.iterate(Manager.java:851)
	at ptolemy.actor.Manager.execute(Manager.java:369)
	at ptolemy.actor.Manager.run(Manager.java:1263)
	at ptolemy.actor.Manager$PtolemyRunThread.run(Manager.java:1933)
java.lang.RuntimeException: Execution failed
	at ptolemy.moml.MoMLSimpleApplication$UnloadThread.run(MoMLSimpleApplication.java:402)
Caused by: ptolemy.kernel.util.IllegalActionException: Test fails in iteration 1.
Value was: 1.0. Should have been: 2.0
  in .DirectFeedback.Test
	at ptolemy.actor.lib.Test.fire(Test.java:268)
	at ptolemy.domains.de.kernel.DEDirector._fire(DEDirector.java:1949)
	at ptolemy.domains.de.kernel.DEDirector.fire(DEDirector.java:502)
	at ptolemy.actor.CompositeActor.fire(CompositeActor.java:455)
	at ptolemy.actor.Manager.iterate(Manager.java:851)
	at ptolemy.actor.Manager.execute(Manager.java:369)
	at ptolemy.actor.Manager.run(Manager.java:1263)
	at ptolemy.actor.Manager$PtolemyRunThread.run(Manager.java:1933)
java.lang.reflect.InvocationTargetException
	at java.base/jdk.internal.reflect.NativeConstructorAccessorImpl.newInstance0(Native Method)
	at java.base/jdk.internal.reflect.NativeConstructorAccessorImpl.newInstance(NativeConstructorAccessorImpl.java:62)
	at java.base/jdk.internal.reflect.DelegatingConstructorAccessorImpl.newInstance(DelegatingConstructorAccessorImpl.java:45)
	at java.base/java.lang.reflect.Constructor.newInstance(Constructor.java:490)
	at ptolemy.util.test.junit.AutoKnownFailedTests.RunModel(AutoKnownFailedTests.java:105)
	at java.base/jdk.internal.reflect.NativeMethodAccessorImpl.invoke0(Native Method)
	at java.base/jdk.internal.reflect.NativeMethodAccessorImpl.invoke(NativeMethodAccessorImpl.java:62)
	at java.base/jdk.internal.reflect.DelegatingMethodAccessorImpl.invoke(DelegatingMethodAccessorImpl.java:43)
	at java.base/java.lang.reflect.Method.invoke(Method.java:566)
	at org.junit.runners.model.FrameworkMethod$1.runReflectiveCall(FrameworkMethod.java:44)
	at org.junit.internal.runners.model.ReflectiveCallable.run(ReflectiveCallable.java:15)
	at org.junit.runners.model.FrameworkMethod.invokeExplosively(FrameworkMethod.java:41)
	at junitparams.internal.InvokeParameterisedMethod.evaluate(InvokeParameterisedMethod.java:102)
	at org.junit.internal.runners.statements.FailOnTimeout$1.run(FailOnTimeout.java:28)
Caused by: ptolemy.kernel.util.IllegalActionException: Test fails in iteration 1.
Value was: 1.0. Should have been: 2.0
  in .DirectFeedback.Test
	at ptolemy.actor.lib.Test.fire(Test.java:268)
	at ptolemy.domains.de.kernel.DEDirector._fire(DEDirector.java:1949)
	at ptolemy.domains.de.kernel.DEDirector.fire(DEDirector.java:502)
	at ptolemy.actor.CompositeActor.fire(CompositeActor.java:455)
	at ptolemy.actor.Manager.iterate(Manager.java:851)
	at ptolemy.actor.Manager.execute(Manager.java:369)
	at ptolemy.actor.Manager.run(Manager.java:1263)
	at ptolemy.actor.Manager$PtolemyRunThread.run(Manager.java:1933)
java.lang.RuntimeException: Execution failed
	at ptolemy.moml.MoMLSimpleApplication$UnloadThread.run(MoMLSimpleApplication.java:402)
Caused by: ptolemy.kernel.util.IllegalActionException: Found a zero delay loop containing .HierarchicalModel.A
  in .HierarchicalModel and .HierarchicalModel.A
	at ptolemy.actor.util.CausalityInterfaceForComposites._computeOutputPortDepth(CausalityInterfaceForComposites.java:759)
	at ptolemy.actor.util.CausalityInterfaceForComposites._computeInputDepth(CausalityInterfaceForComposites.java:696)
	at ptolemy.actor.util.CausalityInterfaceForComposites._computeOutputPortDepth(CausalityInterfaceForComposites.java:765)
	at ptolemy.actor.util.CausalityInterfaceForComposites._computeInputDepth(CausalityInterfaceForComposites.java:696)
	at ptolemy.actor.util.CausalityInterfaceForComposites._computeOutputPortDepth(CausalityInterfaceForComposites.java:765)
	at ptolemy.actor.util.CausalityInterfaceForComposites._computeInputDepth(CausalityInterfaceForComposites.java:696)
	at ptolemy.actor.util.CausalityInterfaceForComposites._computeActorDepth(CausalityInterfaceForComposites.java:532)
	at ptolemy.actor.util.CausalityInterfaceForComposites.checkForCycles(CausalityInterfaceForComposites.java:96)
	at ptolemy.domains.de.kernel.DEDirector.preinitialize(DEDirector.java:1338)
	at ptolemy.actor.CompositeActor.preinitialize(CompositeActor.java:1828)
	at ptolemy.actor.Manager.preinitializeAndResolveTypes(Manager.java:1040)
	at ptolemy.actor.Manager.initialize(Manager.java:710)
	at ptolemy.actor.Manager.execute(Manager.java:356)
	at ptolemy.actor.Manager.run(Manager.java:1263)
	at ptolemy.actor.Manager$PtolemyRunThread.run(Manager.java:1933)
java.lang.reflect.InvocationTargetException
	at java.base/jdk.internal.reflect.NativeConstructorAccessorImpl.newInstance0(Native Method)
	at java.base/jdk.internal.reflect.NativeConstructorAccessorImpl.newInstance(NativeConstructorAccessorImpl.java:62)
	at java.base/jdk.internal.reflect.DelegatingConstructorAccessorImpl.newInstance(DelegatingConstructorAccessorImpl.java:45)
	at java.base/java.lang.reflect.Constructor.newInstance(Constructor.java:490)
	at ptolemy.util.test.junit.AutoKnownFailedTests.RunModel(AutoKnownFailedTests.java:105)
	at java.base/jdk.internal.reflect.NativeMethodAccessorImpl.invoke0(Native Method)
	at java.base/jdk.internal.reflect.NativeMethodAccessorImpl.invoke(NativeMethodAccessorImpl.java:62)
	at java.base/jdk.internal.reflect.DelegatingMethodAccessorImpl.invoke(DelegatingMethodAccessorImpl.java:43)
	at java.base/java.lang.reflect.Method.invoke(Method.java:566)
	at org.junit.runners.model.FrameworkMethod$1.runReflectiveCall(FrameworkMethod.java:44)
	at org.junit.internal.runners.model.ReflectiveCallable.run(ReflectiveCallable.java:15)
	at org.junit.runners.model.FrameworkMethod.invokeExplosively(FrameworkMethod.java:41)
	at junitparams.internal.InvokeParameterisedMethod.evaluate(InvokeParameterisedMethod.java:102)
	at org.junit.internal.runners.statements.FailOnTimeout$1.run(FailOnTimeout.java:28)
Caused by: ptolemy.kernel.util.IllegalActionException: Found a zero delay loop containing .HierarchicalModel.A
  in .HierarchicalModel and .HierarchicalModel.A
	at ptolemy.actor.util.CausalityInterfaceForComposites._computeOutputPortDepth(CausalityInterfaceForComposites.java:759)
	at ptolemy.actor.util.CausalityInterfaceForComposites._computeInputDepth(CausalityInterfaceForComposites.java:696)
	at ptolemy.actor.util.CausalityInterfaceForComposites._computeOutputPortDepth(CausalityInterfaceForComposites.java:765)
	at ptolemy.actor.util.CausalityInterfaceForComposites._computeInputDepth(CausalityInterfaceForComposites.java:696)
	at ptolemy.actor.util.CausalityInterfaceForComposites._computeOutputPortDepth(CausalityInterfaceForComposites.java:765)
	at ptolemy.actor.util.CausalityInterfaceForComposites._computeInputDepth(CausalityInterfaceForComposites.java:696)
	at ptolemy.actor.util.CausalityInterfaceForComposites._computeActorDepth(CausalityInterfaceForComposites.java:532)
	at ptolemy.actor.util.CausalityInterfaceForComposites.checkForCycles(CausalityInterfaceForComposites.java:96)
	at ptolemy.domains.de.kernel.DEDirector.preinitialize(DEDirector.java:1338)
	at ptolemy.actor.CompositeActor.preinitialize(CompositeActor.java:1828)
	at ptolemy.actor.Manager.preinitializeAndResolveTypes(Manager.java:1040)
	at ptolemy.actor.Manager.initialize(Manager.java:710)
	at ptolemy.actor.Manager.execute(Manager.java:356)
	at ptolemy.actor.Manager.run(Manager.java:1263)
	at ptolemy.actor.Manager$PtolemyRunThread.run(Manager.java:1933)
java.lang.RuntimeException: Execution failed
	at ptolemy.moml.MoMLSimpleApplication$UnloadThread.run(MoMLSimpleApplication.java:402)
Caused by: ptolemy.kernel.util.IllegalActionException: Found a zero delay loop containing .dependencyLoop.original
  in .dependencyLoop and .dependencyLoop.original
	at ptolemy.actor.util.CausalityInterfaceForComposites._computeOutputPortDepth(CausalityInterfaceForComposites.java:759)
	at ptolemy.actor.util.CausalityInterfaceForComposites._computeInputDepth(CausalityInterfaceForComposites.java:696)
	at ptolemy.actor.util.CausalityInterfaceForComposites._computeOutputPortDepth(CausalityInterfaceForComposites.java:765)
	at ptolemy.actor.util.CausalityInterfaceForComposites._computeInputDepth(CausalityInterfaceForComposites.java:696)
	at ptolemy.actor.util.CausalityInterfaceForComposites._computeOutputPortDepth(CausalityInterfaceForComposites.java:765)
	at ptolemy.actor.util.CausalityInterfaceForComposites._computeInputDepth(CausalityInterfaceForComposites.java:696)
	at ptolemy.actor.util.CausalityInterfaceForComposites._computeActorDepth(CausalityInterfaceForComposites.java:532)
	at ptolemy.actor.util.CausalityInterfaceForComposites.checkForCycles(CausalityInterfaceForComposites.java:96)
	at ptolemy.domains.de.kernel.DEDirector.preinitialize(DEDirector.java:1338)
	at ptolemy.actor.CompositeActor.preinitialize(CompositeActor.java:1828)
	at ptolemy.actor.Manager.preinitializeAndResolveTypes(Manager.java:1040)
	at ptolemy.actor.Manager.initialize(Manager.java:710)
	at ptolemy.actor.Manager.execute(Manager.java:356)
	at ptolemy.actor.Manager.run(Manager.java:1263)
	at ptolemy.actor.Manager$PtolemyRunThread.run(Manager.java:1933)
java.lang.reflect.InvocationTargetException
	at java.base/jdk.internal.reflect.NativeConstructorAccessorImpl.newInstance0(Native Method)
	at java.base/jdk.internal.reflect.NativeConstructorAccessorImpl.newInstance(NativeConstructorAccessorImpl.java:62)
	at java.base/jdk.internal.reflect.DelegatingConstructorAccessorImpl.newInstance(DelegatingConstructorAccessorImpl.java:45)
	at java.base/java.lang.reflect.Constructor.newInstance(Constructor.java:490)
	at ptolemy.util.test.junit.AutoKnownFailedTests.RunModel(AutoKnownFailedTests.java:105)
	at java.base/jdk.internal.reflect.NativeMethodAccessorImpl.invoke0(Native Method)
	at java.base/jdk.internal.reflect.NativeMethodAccessorImpl.invoke(NativeMethodAccessorImpl.java:62)
	at java.base/jdk.internal.reflect.DelegatingMethodAccessorImpl.invoke(DelegatingMethodAccessorImpl.java:43)
	at java.base/java.lang.reflect.Method.invoke(Method.java:566)
	at org.junit.runners.model.FrameworkMethod$1.runReflectiveCall(FrameworkMethod.java:44)
	at org.junit.internal.runners.model.ReflectiveCallable.run(ReflectiveCallable.java:15)
	at org.junit.runners.model.FrameworkMethod.invokeExplosively(FrameworkMethod.java:41)
	at junitparams.internal.InvokeParameterisedMethod.evaluate(InvokeParameterisedMethod.java:102)
	at org.junit.internal.runners.statements.FailOnTimeout$1.run(FailOnTimeout.java:28)
Caused by: ptolemy.kernel.util.IllegalActionException: Found a zero delay loop containing .dependencyLoop.original
  in .dependencyLoop and .dependencyLoop.original
	at ptolemy.actor.util.CausalityInterfaceForComposites._computeOutputPortDepth(CausalityInterfaceForComposites.java:759)
	at ptolemy.actor.util.CausalityInterfaceForComposites._computeInputDepth(CausalityInterfaceForComposites.java:696)
	at ptolemy.actor.util.CausalityInterfaceForComposites._computeOutputPortDepth(CausalityInterfaceForComposites.java:765)
	at ptolemy.actor.util.CausalityInterfaceForComposites._computeInputDepth(CausalityInterfaceForComposites.java:696)
	at ptolemy.actor.util.CausalityInterfaceForComposites._computeOutputPortDepth(CausalityInterfaceForComposites.java:765)
	at ptolemy.actor.util.CausalityInterfaceForComposites._computeInputDepth(CausalityInterfaceForComposites.java:696)
	at ptolemy.actor.util.CausalityInterfaceForComposites._computeActorDepth(CausalityInterfaceForComposites.java:532)
	at ptolemy.actor.util.CausalityInterfaceForComposites.checkForCycles(CausalityInterfaceForComposites.java:96)
	at ptolemy.domains.de.kernel.DEDirector.preinitialize(DEDirector.java:1338)
	at ptolemy.actor.CompositeActor.preinitialize(CompositeActor.java:1828)
	at ptolemy.actor.Manager.preinitializeAndResolveTypes(Manager.java:1040)
	at ptolemy.actor.Manager.initialize(Manager.java:710)
	at ptolemy.actor.Manager.execute(Manager.java:356)
	at ptolemy.actor.Manager.run(Manager.java:1263)
	at ptolemy.actor.Manager$PtolemyRunThread.run(Manager.java:1933)
java.lang.RuntimeException: Execution failed
	at ptolemy.moml.MoMLSimpleApplication$UnloadThread.run(MoMLSimpleApplication.java:402)
Caused by: ptolemy.kernel.util.IllegalActionException: Found a zero delay loop containing .dependencyLoop2.original
  in .dependencyLoop2 and .dependencyLoop2.original
	at ptolemy.actor.util.CausalityInterfaceForComposites._computeOutputPortDepth(CausalityInterfaceForComposites.java:759)
	at ptolemy.actor.util.CausalityInterfaceForComposites._computeInputDepth(CausalityInterfaceForComposites.java:696)
	at ptolemy.actor.util.CausalityInterfaceForComposites._computeOutputPortDepth(CausalityInterfaceForComposites.java:765)
	at ptolemy.actor.util.CausalityInterfaceForComposites._computeInputDepth(CausalityInterfaceForComposites.java:696)
	at ptolemy.actor.util.CausalityInterfaceForComposites._computeOutputPortDepth(CausalityInterfaceForComposites.java:765)
	at ptolemy.actor.util.CausalityInterfaceForComposites._computeInputDepth(CausalityInterfaceForComposites.java:696)
	at ptolemy.actor.util.CausalityInterfaceForComposites._computeActorDepth(CausalityInterfaceForComposites.java:532)
	at ptolemy.actor.util.CausalityInterfaceForComposites.checkForCycles(CausalityInterfaceForComposites.java:96)
	at ptolemy.domains.de.kernel.DEDirector.preinitialize(DEDirector.java:1338)
	at ptolemy.actor.CompositeActor.preinitialize(CompositeActor.java:1828)
	at ptolemy.actor.Manager.preinitializeAndResolveTypes(Manager.java:1040)
	at ptolemy.actor.Manager.initialize(Manager.java:710)
	at ptolemy.actor.Manager.execute(Manager.java:356)
	at ptolemy.actor.Manager.run(Manager.java:1263)
	at ptolemy.actor.Manager$PtolemyRunThread.run(Manager.java:1933)
java.lang.reflect.InvocationTargetException
	at java.base/jdk.internal.reflect.NativeConstructorAccessorImpl.newInstance0(Native Method)
	at java.base/jdk.internal.reflect.NativeConstructorAccessorImpl.newInstance(NativeConstructorAccessorImpl.java:62)
	at java.base/jdk.internal.reflect.DelegatingConstructorAccessorImpl.newInstance(DelegatingConstructorAccessorImpl.java:45)
	at java.base/java.lang.reflect.Constructor.newInstance(Constructor.java:490)
	at ptolemy.util.test.junit.AutoKnownFailedTests.RunModel(AutoKnownFailedTests.java:105)
	at java.base/jdk.internal.reflect.NativeMethodAccessorImpl.invoke0(Native Method)
	at java.base/jdk.internal.reflect.NativeMethodAccessorImpl.invoke(NativeMethodAccessorImpl.java:62)
	at java.base/jdk.internal.reflect.DelegatingMethodAccessorImpl.invoke(DelegatingMethodAccessorImpl.java:43)
	at java.base/java.lang.reflect.Method.invoke(Method.java:566)
	at org.junit.runners.model.FrameworkMethod$1.runReflectiveCall(FrameworkMethod.java:44)
	at org.junit.internal.runners.model.ReflectiveCallable.run(ReflectiveCallable.java:15)
	at org.junit.runners.model.FrameworkMethod.invokeExplosively(FrameworkMethod.java:41)
	at junitparams.internal.InvokeParameterisedMethod.evaluate(InvokeParameterisedMethod.java:102)
	at org.junit.internal.runners.statements.FailOnTimeout$1.run(FailOnTimeout.java:28)
Caused by: ptolemy.kernel.util.IllegalActionException: Found a zero delay loop containing .dependencyLoop2.original
  in .dependencyLoop2 and .dependencyLoop2.original
	at ptolemy.actor.util.CausalityInterfaceForComposites._computeOutputPortDepth(CausalityInterfaceForComposites.java:759)
	at ptolemy.actor.util.CausalityInterfaceForComposites._computeInputDepth(CausalityInterfaceForComposites.java:696)
	at ptolemy.actor.util.CausalityInterfaceForComposites._computeOutputPortDepth(CausalityInterfaceForComposites.java:765)
	at ptolemy.actor.util.CausalityInterfaceForComposites._computeInputDepth(CausalityInterfaceForComposites.java:696)
	at ptolemy.actor.util.CausalityInterfaceForComposites._computeOutputPortDepth(CausalityInterfaceForComposites.java:765)
	at ptolemy.actor.util.CausalityInterfaceForComposites._computeInputDepth(CausalityInterfaceForComposites.java:696)
	at ptolemy.actor.util.CausalityInterfaceForComposites._computeActorDepth(CausalityInterfaceForComposites.java:532)
	at ptolemy.actor.util.CausalityInterfaceForComposites.checkForCycles(CausalityInterfaceForComposites.java:96)
	at ptolemy.domains.de.kernel.DEDirector.preinitialize(DEDirector.java:1338)
	at ptolemy.actor.CompositeActor.preinitialize(CompositeActor.java:1828)
	at ptolemy.actor.Manager.preinitializeAndResolveTypes(Manager.java:1040)
	at ptolemy.actor.Manager.initialize(Manager.java:710)
	at ptolemy.actor.Manager.execute(Manager.java:356)
	at ptolemy.actor.Manager.run(Manager.java:1263)
	at ptolemy.actor.Manager$PtolemyRunThread.run(Manager.java:1933)
]]></system-err>
</testsuite>
