<?xml version="1.0" encoding="UTF-8" ?>
<testsuite errors="0" failures="0" hostname="travis-job-61698605-e2ec-4dcc-8c5d-ab8f5f5039af" name="ptolemy.actor.lib.hoc.test.junit.JUnitTclTest" skipped="0" tests="58" time="35.185" timestamp="2019-08-12T05:22:31">
  <properties>
[...]
</properties>
  <testcase classname="ptolemy.util.test.junit.TclTests" name="[0] /home/travis/build/icyphy/ptII/ptolemy/actor/lib/hoc/test/IterateOverArray.tcl (RunTclFile)" time="0.4" />
  <testcase classname="ptolemy.util.test.junit.AutoKnownFailedTests" name="[0] /home/travis/build/icyphy/ptII/ptolemy/actor/lib/hoc/test/auto/knownFailedTests/PreinitializeMustBeInvokedRunComposite.xml (RunModel)" time="0.4" />
  <testcase classname="ptolemy.util.test.junit.AutoNameArchTests" name="[0] ThereAreNoAutoArchTests (RunModel)" time="0.005" />
  <testcase classname="ptolemy.util.test.junit.AutoTests" name="[0] /home/travis/build/icyphy/ptII/ptolemy/actor/lib/hoc/test/auto/AllToAllMultiInstanceComposite.xml (RunModel)" time="0.542" />
  <testcase classname="ptolemy.util.test.junit.AutoTests" name="[1] /home/travis/build/icyphy/ptII/ptolemy/actor/lib/hoc/test/auto/ApplyFFTTest.xml (RunModel)" time="0.478" />
  <testcase classname="ptolemy.util.test.junit.AutoTests" name="[2] /home/travis/build/icyphy/ptII/ptolemy/actor/lib/hoc/test/auto/ApplyFunction.xml (RunModel)" time="0.069" />
  <testcase classname="ptolemy.util.test.junit.AutoTests" name="[3] /home/travis/build/icyphy/ptII/ptolemy/actor/lib/hoc/test/auto/BackgroundExecution.xml (RunModel)" time="0.734" />
  <testcase classname="ptolemy.util.test.junit.AutoTests" name="[4] /home/travis/build/icyphy/ptII/ptolemy/actor/lib/hoc/test/auto/Case.xml (RunModel)" time="0.086" />
  <testcase classname="ptolemy.util.test.junit.AutoTests" name="[5] /home/travis/build/icyphy/ptII/ptolemy/actor/lib/hoc/test/auto/Case1.xml (RunModel)" time="0.041" />
  <testcase classname="ptolemy.util.test.junit.AutoTests" name="[6] /home/travis/build/icyphy/ptII/ptolemy/actor/lib/hoc/test/auto/Case2.xml (RunModel)" time="0.141" />
  <testcase classname="ptolemy.util.test.junit.AutoTests" name="[7] /home/travis/build/icyphy/ptII/ptolemy/actor/lib/hoc/test/auto/Case3.xml (RunModel)" time="0.067" />
  <testcase classname="ptolemy.util.test.junit.AutoTests" name="[8] /home/travis/build/icyphy/ptII/ptolemy/actor/lib/hoc/test/auto/Case4.xml (RunModel)" time="0.088" />
  <testcase classname="ptolemy.util.test.junit.AutoTests" name="[9] /home/travis/build/icyphy/ptII/ptolemy/actor/lib/hoc/test/auto/Case5.xml (RunModel)" time="0.109" />
  <testcase classname="ptolemy.util.test.junit.AutoTests" name="[10] /home/travis/build/icyphy/ptII/ptolemy/actor/lib/hoc/test/auto/Case6.xml (RunModel)" time="0.139" />
  <testcase classname="ptolemy.util.test.junit.AutoTests" name="[11] /home/travis/build/icyphy/ptII/ptolemy/actor/lib/hoc/test/auto/CaseString2.xml (RunModel)" time="0.064" />
  <testcase classname="ptolemy.util.test.junit.AutoTests" name="[12] /home/travis/build/icyphy/ptII/ptolemy/actor/lib/hoc/test/auto/CatchUpComposite1.xml (RunModel)" time="0.098" />
  <testcase classname="ptolemy.util.test.junit.AutoTests" name="[13] /home/travis/build/icyphy/ptII/ptolemy/actor/lib/hoc/test/auto/CatchUpComposite2.xml (RunModel)" time="0.081" />
  <testcase classname="ptolemy.util.test.junit.AutoTests" name="[14] /home/travis/build/icyphy/ptII/ptolemy/actor/lib/hoc/test/auto/CatchUpComposite3.xml (RunModel)" time="0.071" />
  <testcase classname="ptolemy.util.test.junit.AutoTests" name="[15] /home/travis/build/icyphy/ptII/ptolemy/actor/lib/hoc/test/auto/CatchUpComposite4.xml (RunModel)" time="0.046" />
  <testcase classname="ptolemy.util.test.junit.AutoTests" name="[16] /home/travis/build/icyphy/ptII/ptolemy/actor/lib/hoc/test/auto/CatchUpComposite5.xml (RunModel)" time="0.039" />
  <testcase classname="ptolemy.util.test.junit.AutoTests" name="[17] /home/travis/build/icyphy/ptII/ptolemy/actor/lib/hoc/test/auto/CatchUpComposite6.xml (RunModel)" time="0.127" />
  <testcase classname="ptolemy.util.test.junit.AutoTests" name="[18] /home/travis/build/icyphy/ptII/ptolemy/actor/lib/hoc/test/auto/CatchUpComposite7.xml (RunModel)" time="0.123" />
  <testcase classname="ptolemy.util.test.junit.AutoTests" name="[19] /home/travis/build/icyphy/ptII/ptolemy/actor/lib/hoc/test/auto/ConcurrentExecutionTimeSDF.xml (RunModel)" time="1.659" />
  <testcase classname="ptolemy.util.test.junit.AutoTests" name="[20] /home/travis/build/icyphy/ptII/ptolemy/actor/lib/hoc/test/auto/ConcurrentSleep.xml (RunModel)" time="0.769" />
  <testcase classname="ptolemy.util.test.junit.AutoTests" name="[21] /home/travis/build/icyphy/ptII/ptolemy/actor/lib/hoc/test/auto/DEInPNInRunCompositeActor.xml (RunModel)" time="0.027" />
  <testcase classname="ptolemy.util.test.junit.AutoTests" name="[22] /home/travis/build/icyphy/ptII/ptolemy/actor/lib/hoc/test/auto/DFTSubSetTest.xml (RunModel)" time="0.308" />
  <testcase classname="ptolemy.util.test.junit.AutoTests" name="[23] /home/travis/build/icyphy/ptII/ptolemy/actor/lib/hoc/test/auto/HocDE.xml (RunModel)" time="0.239" />
  <testcase classname="ptolemy.util.test.junit.AutoTests" name="[24] /home/travis/build/icyphy/ptII/ptolemy/actor/lib/hoc/test/auto/IterateOverArray.xml (RunModel)" time="0.044" />
  <testcase classname="ptolemy.util.test.junit.AutoTests" name="[25] /home/travis/build/icyphy/ptII/ptolemy/actor/lib/hoc/test/auto/IterateOverArray10.xml (RunModel)" time="0.024" />
  <testcase classname="ptolemy.util.test.junit.AutoTests" name="[26] /home/travis/build/icyphy/ptII/ptolemy/actor/lib/hoc/test/auto/IterateOverArray11.xml (RunModel)" time="0.026" />
  <testcase classname="ptolemy.util.test.junit.AutoTests" name="[27] /home/travis/build/icyphy/ptII/ptolemy/actor/lib/hoc/test/auto/IterateOverArray12.xml (RunModel)" time="0.044" />
  <testcase classname="ptolemy.util.test.junit.AutoTests" name="[28] /home/travis/build/icyphy/ptII/ptolemy/actor/lib/hoc/test/auto/IterateOverArray13.xml (RunModel)" time="0.17" />
  <testcase classname="ptolemy.util.test.junit.AutoTests" name="[29] /home/travis/build/icyphy/ptII/ptolemy/actor/lib/hoc/test/auto/IterateOverArray14.xml (RunModel)" time="0.133" />
  <testcase classname="ptolemy.util.test.junit.AutoTests" name="[30] /home/travis/build/icyphy/ptII/ptolemy/actor/lib/hoc/test/auto/IterateOverArray2.xml (RunModel)" time="0.028" />
  <testcase classname="ptolemy.util.test.junit.AutoTests" name="[31] /home/travis/build/icyphy/ptII/ptolemy/actor/lib/hoc/test/auto/IterateOverArray3.xml (RunModel)" time="0.039" />
  <testcase classname="ptolemy.util.test.junit.AutoTests" name="[32] /home/travis/build/icyphy/ptII/ptolemy/actor/lib/hoc/test/auto/IterateOverArray4.xml (RunModel)" time="0.023" />
  <testcase classname="ptolemy.util.test.junit.AutoTests" name="[33] /home/travis/build/icyphy/ptII/ptolemy/actor/lib/hoc/test/auto/IterateOverArray5.xml (RunModel)" time="0.025" />
  <testcase classname="ptolemy.util.test.junit.AutoTests" name="[34] /home/travis/build/icyphy/ptII/ptolemy/actor/lib/hoc/test/auto/IterateOverArray6.xml (RunModel)" time="0.016" />
  <testcase classname="ptolemy.util.test.junit.AutoTests" name="[35] /home/travis/build/icyphy/ptII/ptolemy/actor/lib/hoc/test/auto/IterateOverArray7.xml (RunModel)" time="0.025" />
  <testcase classname="ptolemy.util.test.junit.AutoTests" name="[36] /home/travis/build/icyphy/ptII/ptolemy/actor/lib/hoc/test/auto/IterateOverArray8.xml (RunModel)" time="0.029" />
  <testcase classname="ptolemy.util.test.junit.AutoTests" name="[37] /home/travis/build/icyphy/ptII/ptolemy/actor/lib/hoc/test/auto/IterateOverArray9.xml (RunModel)" time="0.025" />
  <testcase classname="ptolemy.util.test.junit.AutoTests" name="[38] /home/travis/build/icyphy/ptII/ptolemy/actor/lib/hoc/test/auto/IterateOverArrayCoercedOutputType.xml (RunModel)" time="0.028" />
  <testcase classname="ptolemy.util.test.junit.AutoTests" name="[39] /home/travis/build/icyphy/ptII/ptolemy/actor/lib/hoc/test/auto/IterateOverArrayInferredOutputType.xml (RunModel)" time="0.03" />
  <testcase classname="ptolemy.util.test.junit.AutoTests" name="[40] /home/travis/build/icyphy/ptII/ptolemy/actor/lib/hoc/test/auto/MobileFunctionTest.xml (RunModel)" time="0.045" />
  <testcase classname="ptolemy.util.test.junit.AutoTests" name="[41] /home/travis/build/icyphy/ptII/ptolemy/actor/lib/hoc/test/auto/MobileModelTest.xml (RunModel)" time="0.2" />
  <testcase classname="ptolemy.util.test.junit.AutoTests" name="[42] /home/travis/build/icyphy/ptII/ptolemy/actor/lib/hoc/test/auto/ModelReference.xml (RunModel)" time="0.07" />
  <testcase classname="ptolemy.util.test.junit.AutoTests" name="[43] /home/travis/build/icyphy/ptII/ptolemy/actor/lib/hoc/test/auto/ModelReference3.xml (RunModel)" time="0.063" />
  <testcase classname="ptolemy.util.test.junit.AutoTests" name="[44] /home/travis/build/icyphy/ptII/ptolemy/actor/lib/hoc/test/auto/ModelReference4.xml (RunModel)" time="10.032" />
  <testcase classname="ptolemy.util.test.junit.AutoTests" name="[45] /home/travis/build/icyphy/ptII/ptolemy/actor/lib/hoc/test/auto/MultiInstanceComposite.xml (RunModel)" time="0.062" />
  <testcase classname="ptolemy.util.test.junit.AutoTests" name="[46] /home/travis/build/icyphy/ptII/ptolemy/actor/lib/hoc/test/auto/MultiInstanceComposite2.xml (RunModel)" time="0.076" />
  <testcase classname="ptolemy.util.test.junit.AutoTests" name="[47] /home/travis/build/icyphy/ptII/ptolemy/actor/lib/hoc/test/auto/MulticoreExecution.xml (RunModel)" time="1.119" />
  <testcase classname="ptolemy.util.test.junit.AutoTests" name="[48] /home/travis/build/icyphy/ptII/ptolemy/actor/lib/hoc/test/auto/ParallelExecution.xml (RunModel)" time="0.963" />
  <testcase classname="ptolemy.util.test.junit.AutoTests" name="[49] /home/travis/build/icyphy/ptII/ptolemy/actor/lib/hoc/test/auto/RunCompositeActor.xml (RunModel)" time="0.025" />
  <testcase classname="ptolemy.util.test.junit.AutoTests" name="[50] /home/travis/build/icyphy/ptII/ptolemy/actor/lib/hoc/test/auto/RunCompositeActor2.xml (RunModel)" time="0.027" />
  <testcase classname="ptolemy.util.test.junit.AutoTests" name="[51] /home/travis/build/icyphy/ptII/ptolemy/actor/lib/hoc/test/auto/RunCompositeActor3.xml (RunModel)" time="0.02" />
  <testcase classname="ptolemy.util.test.junit.AutoTests" name="[52] /home/travis/build/icyphy/ptII/ptolemy/actor/lib/hoc/test/auto/RunCompositeActor4.xml (RunModel)" time="0.028" />
  <testcase classname="ptolemy.util.test.junit.AutoTests" name="[53] /home/travis/build/icyphy/ptII/ptolemy/actor/lib/hoc/test/auto/RunCompositeIterateOverArray.xml (RunModel)" time="0.054" />
  <testcase classname="ptolemy.util.test.junit.AutoTests" name="[54] /home/travis/build/icyphy/ptII/ptolemy/actor/lib/hoc/test/auto/ThreadedJS.xml (RunModel)" time="13.88" />
  <system-out><![CDATA[/home/travis/build/icyphy/ptII/ptolemy/actor/lib/hoc/test/IterateOverArray.tcl
testDefs.tcl: setting time out to 9000 seconds at Mon Aug 12 05:22:31 UTC 2019
08/12/19 05:22:32
Failed: 0  Total Tests: 2  ((Passed: 2, Newly Passed: 0)  Known Failed: 0) /home/travis/build/icyphy/ptII/ptolemy/actor/lib/hoc/test
----------------- testing (KnownFailure) /home/travis/build/icyphy/ptII/ptolemy/actor/lib/hoc/test/auto/knownFailedTests/PreinitializeMustBeInvokedRunComposite.xml
88 ms. Memory: 120832K Free: 79234K (66%)
Known Failure: java.lang.reflect.InvocationTargetException
No auto/linux-amd64/*.xml tests in /home/travis/build/icyphy/ptII/ptolemy/actor/lib/hoc/test
AutoTests.java: About to close Vertx.
AutoTests.java: Vertx closed.

===========================================================================================
----------------- testing Mon Aug 12 05:22:32 UTC 2019 /home/travis/build/icyphy/ptII/ptolemy/actor/lib/hoc/test/auto/AllToAllMultiInstanceComposite.xml
----------------- Instantiating /home/travis/build/icyphy/ptII/ptolemy/actor/lib/hoc/test/auto/AllToAllMultiInstanceComposite.xml
203 ms. Memory: 120832K Free: 92893K (77%)
----------------- Invoking toplevel() on ptolemy.moml.MoMLSimpleApplication@535359e1
----------------- Done invoking toplevel() on ptolemy.moml.MoMLSimpleApplication@535359e1
reloadAllAccessors: .AllToAllMultiInstanceComposite

===========================================================================================
----------------- testing Mon Aug 12 05:22:33 UTC 2019 /home/travis/build/icyphy/ptII/ptolemy/actor/lib/hoc/test/auto/ApplyFFTTest.xml
----------------- Instantiating /home/travis/build/icyphy/ptII/ptolemy/actor/lib/hoc/test/auto/ApplyFFTTest.xml
183 ms. Memory: 120832K Free: 101518K (84%)
----------------- Invoking toplevel() on ptolemy.moml.MoMLSimpleApplication@135aaf42
----------------- Done invoking toplevel() on ptolemy.moml.MoMLSimpleApplication@135aaf42
reloadAllAccessors: .ApplyFFTTest

===========================================================================================
----------------- testing Mon Aug 12 05:22:33 UTC 2019 /home/travis/build/icyphy/ptII/ptolemy/actor/lib/hoc/test/auto/ApplyFunction.xml
----------------- Instantiating /home/travis/build/icyphy/ptII/ptolemy/actor/lib/hoc/test/auto/ApplyFunction.xml
10 ms. Memory: 120832K Free: 98209K (81%)
----------------- Invoking toplevel() on ptolemy.moml.MoMLSimpleApplication@6fc3f8c1
----------------- Done invoking toplevel() on ptolemy.moml.MoMLSimpleApplication@6fc3f8c1
reloadAllAccessors: .ApplyFunction

===========================================================================================
----------------- testing Mon Aug 12 05:22:33 UTC 2019 /home/travis/build/icyphy/ptII/ptolemy/actor/lib/hoc/test/auto/BackgroundExecution.xml
----------------- Instantiating /home/travis/build/icyphy/ptII/ptolemy/actor/lib/hoc/test/auto/BackgroundExecution.xml
635 ms. Memory: 120832K Free: 90802K (75%)
----------------- Invoking toplevel() on ptolemy.moml.MoMLSimpleApplication@6d6e9eb4
----------------- Done invoking toplevel() on ptolemy.moml.MoMLSimpleApplication@6d6e9eb4
reloadAllAccessors: .BackgroundExecution

===========================================================================================
----------------- testing Mon Aug 12 05:22:34 UTC 2019 /home/travis/build/icyphy/ptII/ptolemy/actor/lib/hoc/test/auto/Case.xml
----------------- Instantiating /home/travis/build/icyphy/ptII/ptolemy/actor/lib/hoc/test/auto/Case.xml
23 ms. Memory: 120832K Free: 83857K (69%)
----------------- Invoking toplevel() on ptolemy.moml.MoMLSimpleApplication@691a6786
----------------- Done invoking toplevel() on ptolemy.moml.MoMLSimpleApplication@691a6786
reloadAllAccessors: .Case

===========================================================================================
----------------- testing Mon Aug 12 05:22:34 UTC 2019 /home/travis/build/icyphy/ptII/ptolemy/actor/lib/hoc/test/auto/Case1.xml
----------------- Instantiating /home/travis/build/icyphy/ptII/ptolemy/actor/lib/hoc/test/auto/Case1.xml
10 ms. Memory: 120832K Free: 76951K (64%)
----------------- Invoking toplevel() on ptolemy.moml.MoMLSimpleApplication@5459acc9
----------------- Done invoking toplevel() on ptolemy.moml.MoMLSimpleApplication@5459acc9
reloadAllAccessors: .Case1

===========================================================================================
----------------- testing Mon Aug 12 05:22:34 UTC 2019 /home/travis/build/icyphy/ptII/ptolemy/actor/lib/hoc/test/auto/Case2.xml
----------------- Instantiating /home/travis/build/icyphy/ptII/ptolemy/actor/lib/hoc/test/auto/Case2.xml
60 ms. Memory: 145408K Free: 126391K (87%)
----------------- Invoking toplevel() on ptolemy.moml.MoMLSimpleApplication@5e3f04dd
----------------- Done invoking toplevel() on ptolemy.moml.MoMLSimpleApplication@5e3f04dd
reloadAllAccessors: .Case2

===========================================================================================
----------------- testing Mon Aug 12 05:22:34 UTC 2019 /home/travis/build/icyphy/ptII/ptolemy/actor/lib/hoc/test/auto/Case3.xml
----------------- Instantiating /home/travis/build/icyphy/ptII/ptolemy/actor/lib/hoc/test/auto/Case3.xml
16 ms. Memory: 145408K Free: 120192K (83%)
----------------- Invoking toplevel() on ptolemy.moml.MoMLSimpleApplication@65c66ce7
----------------- Done invoking toplevel() on ptolemy.moml.MoMLSimpleApplication@65c66ce7
reloadAllAccessors: .Case3

===========================================================================================
----------------- testing Mon Aug 12 05:22:35 UTC 2019 /home/travis/build/icyphy/ptII/ptolemy/actor/lib/hoc/test/auto/Case4.xml
----------------- Instantiating /home/travis/build/icyphy/ptII/ptolemy/actor/lib/hoc/test/auto/Case4.xml
10 ms. Memory: 145408K Free: 112708K (78%)
----------------- Invoking toplevel() on ptolemy.moml.MoMLSimpleApplication@653b54aa
----------------- Done invoking toplevel() on ptolemy.moml.MoMLSimpleApplication@653b54aa
reloadAllAccessors: .Case4

===========================================================================================
----------------- testing Mon Aug 12 05:22:35 UTC 2019 /home/travis/build/icyphy/ptII/ptolemy/actor/lib/hoc/test/auto/Case5.xml
----------------- Instantiating /home/travis/build/icyphy/ptII/ptolemy/actor/lib/hoc/test/auto/Case5.xml
66 ms. Memory: 145408K Free: 106249K (73%)
----------------- Invoking toplevel() on ptolemy.moml.MoMLSimpleApplication@471d1882
----------------- Done invoking toplevel() on ptolemy.moml.MoMLSimpleApplication@471d1882
reloadAllAccessors: .junk

===========================================================================================
----------------- testing Mon Aug 12 05:22:35 UTC 2019 /home/travis/build/icyphy/ptII/ptolemy/actor/lib/hoc/test/auto/Case6.xml
----------------- Instantiating /home/travis/build/icyphy/ptII/ptolemy/actor/lib/hoc/test/auto/Case6.xml
63 ms. Memory: 145408K Free: 94671K (65%)
----------------- Invoking toplevel() on ptolemy.moml.MoMLSimpleApplication@1d615161
----------------- Done invoking toplevel() on ptolemy.moml.MoMLSimpleApplication@1d615161
reloadAllAccessors: .Case6

===========================================================================================
----------------- testing Mon Aug 12 05:22:35 UTC 2019 /home/travis/build/icyphy/ptII/ptolemy/actor/lib/hoc/test/auto/CaseString2.xml
----------------- Instantiating /home/travis/build/icyphy/ptII/ptolemy/actor/lib/hoc/test/auto/CaseString2.xml
24 ms. Memory: 145408K Free: 87078K (60%)
----------------- Invoking toplevel() on ptolemy.moml.MoMLSimpleApplication@251e9dd5
----------------- Done invoking toplevel() on ptolemy.moml.MoMLSimpleApplication@251e9dd5
reloadAllAccessors: .CaseString2

===========================================================================================
----------------- testing Mon Aug 12 05:22:35 UTC 2019 /home/travis/build/icyphy/ptII/ptolemy/actor/lib/hoc/test/auto/CatchUpComposite1.xml
----------------- Instantiating /home/travis/build/icyphy/ptII/ptolemy/actor/lib/hoc/test/auto/CatchUpComposite1.xml
34 ms. Memory: 145408K Free: 125079K (86%)
----------------- Invoking toplevel() on ptolemy.moml.MoMLSimpleApplication@461664b3
----------------- Done invoking toplevel() on ptolemy.moml.MoMLSimpleApplication@461664b3
reloadAllAccessors: .CatchUpComposite1

===========================================================================================
----------------- testing Mon Aug 12 05:22:35 UTC 2019 /home/travis/build/icyphy/ptII/ptolemy/actor/lib/hoc/test/auto/CatchUpComposite2.xml
----------------- Instantiating /home/travis/build/icyphy/ptII/ptolemy/actor/lib/hoc/test/auto/CatchUpComposite2.xml
21 ms. Memory: 145408K Free: 116849K (80%)
----------------- Invoking toplevel() on ptolemy.moml.MoMLSimpleApplication@787bbc38
----------------- Done invoking toplevel() on ptolemy.moml.MoMLSimpleApplication@787bbc38
reloadAllAccessors: .CatchUpComposite2

===========================================================================================
----------------- testing Mon Aug 12 05:22:35 UTC 2019 /home/travis/build/icyphy/ptII/ptolemy/actor/lib/hoc/test/auto/CatchUpComposite3.xml
----------------- Instantiating /home/travis/build/icyphy/ptII/ptolemy/actor/lib/hoc/test/auto/CatchUpComposite3.xml
28 ms. Memory: 145408K Free: 108069K (74%)
----------------- Invoking toplevel() on ptolemy.moml.MoMLSimpleApplication@7c894b8
----------------- Done invoking toplevel() on ptolemy.moml.MoMLSimpleApplication@7c894b8
reloadAllAccessors: .CatchUpComposite3

===========================================================================================
----------------- testing Mon Aug 12 05:22:35 UTC 2019 /home/travis/build/icyphy/ptII/ptolemy/actor/lib/hoc/test/auto/CatchUpComposite4.xml
----------------- Instantiating /home/travis/build/icyphy/ptII/ptolemy/actor/lib/hoc/test/auto/CatchUpComposite4.xml
10 ms. Memory: 145408K Free: 100465K (69%)
----------------- Invoking toplevel() on ptolemy.moml.MoMLSimpleApplication@3af1138
----------------- Done invoking toplevel() on ptolemy.moml.MoMLSimpleApplication@3af1138
reloadAllAccessors: .CatchUpComposite4

===========================================================================================
----------------- testing Mon Aug 12 05:22:35 UTC 2019 /home/travis/build/icyphy/ptII/ptolemy/actor/lib/hoc/test/auto/CatchUpComposite5.xml
----------------- Instantiating /home/travis/build/icyphy/ptII/ptolemy/actor/lib/hoc/test/auto/CatchUpComposite5.xml
13 ms. Memory: 145408K Free: 92709K (64%)
----------------- Invoking toplevel() on ptolemy.moml.MoMLSimpleApplication@2d66619b
----------------- Done invoking toplevel() on ptolemy.moml.MoMLSimpleApplication@2d66619b
reloadAllAccessors: .CatchUpComposite5

===========================================================================================
----------------- testing Mon Aug 12 05:22:35 UTC 2019 /home/travis/build/icyphy/ptII/ptolemy/actor/lib/hoc/test/auto/CatchUpComposite6.xml
----------------- Instantiating /home/travis/build/icyphy/ptII/ptolemy/actor/lib/hoc/test/auto/CatchUpComposite6.xml
WARNING: The execution aspects in this model can influence the timing of actors by delaying the 
execution, potentially changing the behavior. There is no guarantee that actors fire at the 
time they request to be fired. 
Use Ptides for deterministic DE behavior that is not influenced by execution aspects. 

58 ms. Memory: 145408K Free: 77975K (54%)
----------------- Invoking toplevel() on ptolemy.moml.MoMLSimpleApplication@1e396ae5
----------------- Done invoking toplevel() on ptolemy.moml.MoMLSimpleApplication@1e396ae5
reloadAllAccessors: .CatchUpComposite6

===========================================================================================
----------------- testing Mon Aug 12 05:22:35 UTC 2019 /home/travis/build/icyphy/ptII/ptolemy/actor/lib/hoc/test/auto/CatchUpComposite7.xml
----------------- Instantiating /home/travis/build/icyphy/ptII/ptolemy/actor/lib/hoc/test/auto/CatchUpComposite7.xml
WARNING: The execution aspects in this model can influence the timing of actors by delaying the 
execution, potentially changing the behavior. There is no guarantee that actors fire at the 
time they request to be fired. 
Use Ptides for deterministic DE behavior that is not influenced by execution aspects. 

48 ms. Memory: 145408K Free: 122202K (84%)
----------------- Invoking toplevel() on ptolemy.moml.MoMLSimpleApplication@3191a6f6
----------------- Done invoking toplevel() on ptolemy.moml.MoMLSimpleApplication@3191a6f6
reloadAllAccessors: .CatchUpComposite7

===========================================================================================
----------------- testing Mon Aug 12 05:22:36 UTC 2019 /home/travis/build/icyphy/ptII/ptolemy/actor/lib/hoc/test/auto/ConcurrentExecutionTimeSDF.xml
----------------- Instantiating /home/travis/build/icyphy/ptII/ptolemy/actor/lib/hoc/test/auto/ConcurrentExecutionTimeSDF.xml
Fired ExecutionTime: 40400000
Fired ExecutionTime: 40400000
Fired ExecutionTime: 40400000
Fired ExecutionTime: 40400000
Fired ExecutionTime: 40400000
Fired ExecutionTime: 40400000
Fired ExecutionTime: 40400000
Fired ExecutionTime: 40400000
Fired ExecutionTime: 40400000
Fired ExecutionTime: 40400000
Fired ExecutionTime: 40400000
Fired ExecutionTime: 40400000
Fired ExecutionTime: 40400000
Fired ExecutionTime: 40400000
Fired ExecutionTime: 40400000
Fired ExecutionTime: 40400000
Fired ExecutionTime: 40400000
Fired ExecutionTime: 40400000
Fired ExecutionTime: 40400000
Fired ExecutionTime: 40400000
1633 ms. Memory: 145408K Free: 115491K (79%)
----------------- Invoking toplevel() on ptolemy.moml.MoMLSimpleApplication@21649b52
----------------- Done invoking toplevel() on ptolemy.moml.MoMLSimpleApplication@21649b52
reloadAllAccessors: .ConcurrentExecutionTimeSDF

===========================================================================================
----------------- testing Mon Aug 12 05:22:37 UTC 2019 /home/travis/build/icyphy/ptII/ptolemy/actor/lib/hoc/test/auto/ConcurrentSleep.xml
----------------- Instantiating /home/travis/build/icyphy/ptII/ptolemy/actor/lib/hoc/test/auto/ConcurrentSleep.xml
732 ms. Memory: 145408K Free: 104794K (72%)
----------------- Invoking toplevel() on ptolemy.moml.MoMLSimpleApplication@27a0e50a
----------------- Done invoking toplevel() on ptolemy.moml.MoMLSimpleApplication@27a0e50a
reloadAllAccessors: .ConcurrentSleep

===========================================================================================
----------------- testing Mon Aug 12 05:22:38 UTC 2019 /home/travis/build/icyphy/ptII/ptolemy/actor/lib/hoc/test/auto/DEInPNInRunCompositeActor.xml
----------------- Instantiating /home/travis/build/icyphy/ptII/ptolemy/actor/lib/hoc/test/auto/DEInPNInRunCompositeActor.xml
11 ms. Memory: 145408K Free: 99567K (68%)
----------------- Invoking toplevel() on ptolemy.moml.MoMLSimpleApplication@4b2ab8d7
----------------- Done invoking toplevel() on ptolemy.moml.MoMLSimpleApplication@4b2ab8d7
reloadAllAccessors: .DEInPNInRunCompositeActor

===========================================================================================
----------------- testing Mon Aug 12 05:22:38 UTC 2019 /home/travis/build/icyphy/ptII/ptolemy/actor/lib/hoc/test/auto/DFTSubSetTest.xml
----------------- Instantiating /home/travis/build/icyphy/ptII/ptolemy/actor/lib/hoc/test/auto/DFTSubSetTest.xml
180 ms. Memory: 145408K Free: 124205K (85%)
----------------- Invoking toplevel() on ptolemy.moml.MoMLSimpleApplication@665f2334
----------------- Done invoking toplevel() on ptolemy.moml.MoMLSimpleApplication@665f2334
reloadAllAccessors: .DFTSubSetTest

===========================================================================================
----------------- testing Mon Aug 12 05:22:38 UTC 2019 /home/travis/build/icyphy/ptII/ptolemy/actor/lib/hoc/test/auto/HocDE.xml
----------------- Instantiating /home/travis/build/icyphy/ptII/ptolemy/actor/lib/hoc/test/auto/HocDE.xml
171 ms. Memory: 145408K Free: 98603K (68%)
----------------- Invoking toplevel() on ptolemy.moml.MoMLSimpleApplication@3ed2d78
----------------- Done invoking toplevel() on ptolemy.moml.MoMLSimpleApplication@3ed2d78
reloadAllAccessors: .HocDE

===========================================================================================
----------------- testing Mon Aug 12 05:22:39 UTC 2019 /home/travis/build/icyphy/ptII/ptolemy/actor/lib/hoc/test/auto/IterateOverArray.xml
----------------- Instantiating /home/travis/build/icyphy/ptII/ptolemy/actor/lib/hoc/test/auto/IterateOverArray.xml
8 ms. Memory: 145408K Free: 93988K (65%)
----------------- Invoking toplevel() on ptolemy.moml.MoMLSimpleApplication@5c3a6521
----------------- Done invoking toplevel() on ptolemy.moml.MoMLSimpleApplication@5c3a6521
reloadAllAccessors: .IterateOverArray

===========================================================================================
----------------- testing Mon Aug 12 05:22:39 UTC 2019 /home/travis/build/icyphy/ptII/ptolemy/actor/lib/hoc/test/auto/IterateOverArray10.xml
----------------- Instantiating /home/travis/build/icyphy/ptII/ptolemy/actor/lib/hoc/test/auto/IterateOverArray10.xml
8 ms. Memory: 145408K Free: 90916K (63%)
----------------- Invoking toplevel() on ptolemy.moml.MoMLSimpleApplication@583bf21
----------------- Done invoking toplevel() on ptolemy.moml.MoMLSimpleApplication@583bf21
reloadAllAccessors: .IterateOverArray10

===========================================================================================
----------------- testing Mon Aug 12 05:22:39 UTC 2019 /home/travis/build/icyphy/ptII/ptolemy/actor/lib/hoc/test/auto/IterateOverArray11.xml
----------------- Instantiating /home/travis/build/icyphy/ptII/ptolemy/actor/lib/hoc/test/auto/IterateOverArray11.xml
6 ms. Memory: 145408K Free: 86820K (60%)
----------------- Invoking toplevel() on ptolemy.moml.MoMLSimpleApplication@539032df
----------------- Done invoking toplevel() on ptolemy.moml.MoMLSimpleApplication@539032df
reloadAllAccessors: .IterateOverArray11

===========================================================================================
----------------- testing Mon Aug 12 05:22:39 UTC 2019 /home/travis/build/icyphy/ptII/ptolemy/actor/lib/hoc/test/auto/IterateOverArray12.xml
----------------- Instantiating /home/travis/build/icyphy/ptII/ptolemy/actor/lib/hoc/test/auto/IterateOverArray12.xml
20 ms. Memory: 145408K Free: 81195K (56%)
----------------- Invoking toplevel() on ptolemy.moml.MoMLSimpleApplication@71e66a4a
----------------- Done invoking toplevel() on ptolemy.moml.MoMLSimpleApplication@71e66a4a
reloadAllAccessors: .IterateOverArray12

===========================================================================================
----------------- testing Mon Aug 12 05:22:39 UTC 2019 /home/travis/build/icyphy/ptII/ptolemy/actor/lib/hoc/test/auto/IterateOverArray13.xml
----------------- Instantiating /home/travis/build/icyphy/ptII/ptolemy/actor/lib/hoc/test/auto/IterateOverArray13.xml
80 ms. Memory: 145408K Free: 54571K (38%)
----------------- Invoking toplevel() on ptolemy.moml.MoMLSimpleApplication@2dab91c3
----------------- Done invoking toplevel() on ptolemy.moml.MoMLSimpleApplication@2dab91c3
reloadAllAccessors: .IterateOverArray13

===========================================================================================
----------------- testing Mon Aug 12 05:22:39 UTC 2019 /home/travis/build/icyphy/ptII/ptolemy/actor/lib/hoc/test/auto/IterateOverArray14.xml
----------------- Instantiating /home/travis/build/icyphy/ptII/ptolemy/actor/lib/hoc/test/auto/IterateOverArray14.xml
67 ms. Memory: 145408K Free: 96681K (66%)
----------------- Invoking toplevel() on ptolemy.moml.MoMLSimpleApplication@54d334af
----------------- Done invoking toplevel() on ptolemy.moml.MoMLSimpleApplication@54d334af
reloadAllAccessors: .IterateOverArray14

===========================================================================================
----------------- testing Mon Aug 12 05:22:39 UTC 2019 /home/travis/build/icyphy/ptII/ptolemy/actor/lib/hoc/test/auto/IterateOverArray2.xml
----------------- Instantiating /home/travis/build/icyphy/ptII/ptolemy/actor/lib/hoc/test/auto/IterateOverArray2.xml
8 ms. Memory: 145408K Free: 92071K (63%)
----------------- Invoking toplevel() on ptolemy.moml.MoMLSimpleApplication@46d35e96
----------------- Done invoking toplevel() on ptolemy.moml.MoMLSimpleApplication@46d35e96
reloadAllAccessors: .IterateOverArray2

===========================================================================================
----------------- testing Mon Aug 12 05:22:39 UTC 2019 /home/travis/build/icyphy/ptII/ptolemy/actor/lib/hoc/test/auto/IterateOverArray3.xml
----------------- Instantiating /home/travis/build/icyphy/ptII/ptolemy/actor/lib/hoc/test/auto/IterateOverArray3.xml
11 ms. Memory: 145408K Free: 85927K (59%)
----------------- Invoking toplevel() on ptolemy.moml.MoMLSimpleApplication@4a73b67d
----------------- Done invoking toplevel() on ptolemy.moml.MoMLSimpleApplication@4a73b67d
reloadAllAccessors: .IterateOverArray3

===========================================================================================
----------------- testing Mon Aug 12 05:22:39 UTC 2019 /home/travis/build/icyphy/ptII/ptolemy/actor/lib/hoc/test/auto/IterateOverArray4.xml
----------------- Instantiating /home/travis/build/icyphy/ptII/ptolemy/actor/lib/hoc/test/auto/IterateOverArray4.xml
5 ms. Memory: 145408K Free: 81831K (56%)
----------------- Invoking toplevel() on ptolemy.moml.MoMLSimpleApplication@43858fba
----------------- Done invoking toplevel() on ptolemy.moml.MoMLSimpleApplication@43858fba
reloadAllAccessors: .IterateOverArray4

===========================================================================================
----------------- testing Mon Aug 12 05:22:39 UTC 2019 /home/travis/build/icyphy/ptII/ptolemy/actor/lib/hoc/test/auto/IterateOverArray5.xml
----------------- Instantiating /home/travis/build/icyphy/ptII/ptolemy/actor/lib/hoc/test/auto/IterateOverArray5.xml
11 ms. Memory: 145408K Free: 77735K (53%)
----------------- Invoking toplevel() on ptolemy.moml.MoMLSimpleApplication@2a823795
----------------- Done invoking toplevel() on ptolemy.moml.MoMLSimpleApplication@2a823795
reloadAllAccessors: .IterateOverArray5

===========================================================================================
----------------- testing Mon Aug 12 05:22:39 UTC 2019 /home/travis/build/icyphy/ptII/ptolemy/actor/lib/hoc/test/auto/IterateOverArray6.xml
----------------- Instantiating /home/travis/build/icyphy/ptII/ptolemy/actor/lib/hoc/test/auto/IterateOverArray6.xml
3 ms. Memory: 145408K Free: 74153K (51%)
----------------- Invoking toplevel() on ptolemy.moml.MoMLSimpleApplication@57aa3f58
----------------- Done invoking toplevel() on ptolemy.moml.MoMLSimpleApplication@57aa3f58
reloadAllAccessors: .IterateOverArray6

===========================================================================================
----------------- testing Mon Aug 12 05:22:39 UTC 2019 /home/travis/build/icyphy/ptII/ptolemy/actor/lib/hoc/test/auto/IterateOverArray7.xml
----------------- Instantiating /home/travis/build/icyphy/ptII/ptolemy/actor/lib/hoc/test/auto/IterateOverArray7.xml
5 ms. Memory: 145408K Free: 69543K (48%)
----------------- Invoking toplevel() on ptolemy.moml.MoMLSimpleApplication@5287f819
----------------- Done invoking toplevel() on ptolemy.moml.MoMLSimpleApplication@5287f819
reloadAllAccessors: .IterateOverArray7

===========================================================================================
----------------- testing Mon Aug 12 05:22:39 UTC 2019 /home/travis/build/icyphy/ptII/ptolemy/actor/lib/hoc/test/auto/IterateOverArray8.xml
----------------- Instantiating /home/travis/build/icyphy/ptII/ptolemy/actor/lib/hoc/test/auto/IterateOverArray8.xml
5 ms. Memory: 145408K Free: 65447K (45%)
----------------- Invoking toplevel() on ptolemy.moml.MoMLSimpleApplication@20530d19
----------------- Done invoking toplevel() on ptolemy.moml.MoMLSimpleApplication@20530d19
reloadAllAccessors: .IterateOverArray8

===========================================================================================
----------------- testing Mon Aug 12 05:22:39 UTC 2019 /home/travis/build/icyphy/ptII/ptolemy/actor/lib/hoc/test/auto/IterateOverArray9.xml
----------------- Instantiating /home/travis/build/icyphy/ptII/ptolemy/actor/lib/hoc/test/auto/IterateOverArray9.xml
4 ms. Memory: 145408K Free: 61351K (42%)
----------------- Invoking toplevel() on ptolemy.moml.MoMLSimpleApplication@77769a50
----------------- Done invoking toplevel() on ptolemy.moml.MoMLSimpleApplication@77769a50
reloadAllAccessors: .IterateOverArray9

===========================================================================================
----------------- testing Mon Aug 12 05:22:39 UTC 2019 /home/travis/build/icyphy/ptII/ptolemy/actor/lib/hoc/test/auto/IterateOverArrayCoercedOutputType.xml
----------------- Instantiating /home/travis/build/icyphy/ptII/ptolemy/actor/lib/hoc/test/auto/IterateOverArrayCoercedOutputType.xml
10 ms. Memory: 145408K Free: 56231K (39%)
----------------- Invoking toplevel() on ptolemy.moml.MoMLSimpleApplication@2b26980c
----------------- Done invoking toplevel() on ptolemy.moml.MoMLSimpleApplication@2b26980c
reloadAllAccessors: .IterateOverArrayCoercedOutputType

===========================================================================================
----------------- testing Mon Aug 12 05:22:39 UTC 2019 /home/travis/build/icyphy/ptII/ptolemy/actor/lib/hoc/test/auto/IterateOverArrayInferredOutputType.xml
----------------- Instantiating /home/travis/build/icyphy/ptII/ptolemy/actor/lib/hoc/test/auto/IterateOverArrayInferredOutputType.xml
15 ms. Memory: 145408K Free: 51085K (35%)
----------------- Invoking toplevel() on ptolemy.moml.MoMLSimpleApplication@1bba82a2
----------------- Done invoking toplevel() on ptolemy.moml.MoMLSimpleApplication@1bba82a2
reloadAllAccessors: .IterateOverArrayInferredOutputType

===========================================================================================
----------------- testing Mon Aug 12 05:22:39 UTC 2019 /home/travis/build/icyphy/ptII/ptolemy/actor/lib/hoc/test/auto/MobileFunctionTest.xml
----------------- Instantiating /home/travis/build/icyphy/ptII/ptolemy/actor/lib/hoc/test/auto/MobileFunctionTest.xml
5 ms. Memory: 145408K Free: 128638K (88%)
----------------- Invoking toplevel() on ptolemy.moml.MoMLSimpleApplication@1ed577d6
----------------- Done invoking toplevel() on ptolemy.moml.MoMLSimpleApplication@1ed577d6
reloadAllAccessors: .MobileFunctionTest

===========================================================================================
----------------- testing Mon Aug 12 05:22:39 UTC 2019 /home/travis/build/icyphy/ptII/ptolemy/actor/lib/hoc/test/auto/MobileModelTest.xml
----------------- Instantiating /home/travis/build/icyphy/ptII/ptolemy/actor/lib/hoc/test/auto/MobileModelTest.xml
164 ms. Memory: 145408K Free: 107662K (74%)
----------------- Invoking toplevel() on ptolemy.moml.MoMLSimpleApplication@34553d95
----------------- Done invoking toplevel() on ptolemy.moml.MoMLSimpleApplication@34553d95
reloadAllAccessors: .MobileModelTest

===========================================================================================
----------------- testing Mon Aug 12 05:22:40 UTC 2019 /home/travis/build/icyphy/ptII/ptolemy/actor/lib/hoc/test/auto/ModelReference.xml
----------------- Instantiating /home/travis/build/icyphy/ptII/ptolemy/actor/lib/hoc/test/auto/ModelReference.xml
2 ms. Memory: 145408K Free: 101004K (69%)
3 ms. Memory: 145408K Free: 100494K (69%)
2 ms. Memory: 145408K Free: 99470K (68%)
2 ms. Memory: 145408K Free: 98446K (68%)
2 ms. Memory: 145408K Free: 97918K (67%)
2 ms. Memory: 145408K Free: 96908K (67%)
2 ms. Memory: 145408K Free: 96398K (66%)
2 ms. Memory: 145408K Free: 95374K (66%)
6 ms. Memory: 145408K Free: 94830K (65%)
1 ms. Memory: 145408K Free: 93822K (65%)
46 ms. Memory: 145408K Free: 93822K (65%)
----------------- Invoking toplevel() on ptolemy.moml.MoMLSimpleApplication@428d085a
----------------- Done invoking toplevel() on ptolemy.moml.MoMLSimpleApplication@428d085a
reloadAllAccessors: .ModelReference

===========================================================================================
----------------- testing Mon Aug 12 05:22:40 UTC 2019 /home/travis/build/icyphy/ptII/ptolemy/actor/lib/hoc/test/auto/ModelReference3.xml
----------------- Instantiating /home/travis/build/icyphy/ptII/ptolemy/actor/lib/hoc/test/auto/ModelReference3.xml
2 ms. Memory: 145408K Free: 88702K (61%)
5 ms. Memory: 145408K Free: 88206K (61%)
3 ms. Memory: 145408K Free: 87182K (60%)
4 ms. Memory: 145408K Free: 86662K (60%)
2 ms. Memory: 145408K Free: 85614K (59%)
1 ms. Memory: 145408K Free: 84590K (58%)
3 ms. Memory: 145408K Free: 84110K (58%)
4 ms. Memory: 145408K Free: 83086K (57%)
3 ms. Memory: 145408K Free: 82542K (57%)
2 ms. Memory: 145408K Free: 81534K (56%)
43 ms. Memory: 145408K Free: 81534K (56%)
----------------- Invoking toplevel() on ptolemy.moml.MoMLSimpleApplication@32e5b303
----------------- Done invoking toplevel() on ptolemy.moml.MoMLSimpleApplication@32e5b303
reloadAllAccessors: .ModelReference3

===========================================================================================
----------------- testing Mon Aug 12 05:22:40 UTC 2019 /home/travis/build/icyphy/ptII/ptolemy/actor/lib/hoc/test/auto/ModelReference4.xml
----------------- Instantiating /home/travis/build/icyphy/ptII/ptolemy/actor/lib/hoc/test/auto/ModelReference4.xml
2 ms. Memory: 145408K Free: 76942K (53%)
3 ms. Memory: 145408K Free: 75398K (52%)
2 ms. Memory: 145408K Free: 74366K (51%)
3 ms. Memory: 145408K Free: 73356K (50%)
4 ms. Memory: 145408K Free: 71822K (49%)
3 ms. Memory: 145408K Free: 70798K (49%)
2 ms. Memory: 145408K Free: 69254K (48%)
2 ms. Memory: 145408K Free: 68222K (47%)
3 ms. Memory: 145408K Free: 66702K (46%)
3 ms. Memory: 145408K Free: 65678K (45%)
10019 ms. Memory: 145408K Free: 65678K (45%)
----------------- Invoking toplevel() on ptolemy.moml.MoMLSimpleApplication@c428c69
----------------- Done invoking toplevel() on ptolemy.moml.MoMLSimpleApplication@c428c69
reloadAllAccessors: .ModelReference4

===========================================================================================
----------------- testing Mon Aug 12 05:22:50 UTC 2019 /home/travis/build/icyphy/ptII/ptolemy/actor/lib/hoc/test/auto/MultiInstanceComposite.xml
----------------- Instantiating /home/travis/build/icyphy/ptII/ptolemy/actor/lib/hoc/test/auto/MultiInstanceComposite.xml
29 ms. Memory: 145408K Free: 46732K (32%)
----------------- Invoking toplevel() on ptolemy.moml.MoMLSimpleApplication@48f53ff0
----------------- Done invoking toplevel() on ptolemy.moml.MoMLSimpleApplication@48f53ff0
reloadAllAccessors: .MultiInstanceComposite

===========================================================================================
----------------- testing Mon Aug 12 05:22:50 UTC 2019 /home/travis/build/icyphy/ptII/ptolemy/actor/lib/hoc/test/auto/MultiInstanceComposite2.xml
----------------- Instantiating /home/travis/build/icyphy/ptII/ptolemy/actor/lib/hoc/test/auto/MultiInstanceComposite2.xml
33 ms. Memory: 175104K Free: 149909K (86%)
----------------- Invoking toplevel() on ptolemy.moml.MoMLSimpleApplication@32b0a73f
----------------- Done invoking toplevel() on ptolemy.moml.MoMLSimpleApplication@32b0a73f
reloadAllAccessors: .MultiInstanceComposite2

===========================================================================================
----------------- testing Mon Aug 12 05:22:50 UTC 2019 /home/travis/build/icyphy/ptII/ptolemy/actor/lib/hoc/test/auto/MulticoreExecution.xml
----------------- Instantiating /home/travis/build/icyphy/ptII/ptolemy/actor/lib/hoc/test/auto/MulticoreExecution.xml
Fired ExecutionTime: 1600000
Fired ExecutionTime: 4400000
Fired ExecutionTime: 2400000
Fired ExecutionTime: 3600000
Fired ExecutionTime: 3200000
Fired ExecutionTime: 2400000
Fired ExecutionTime: 2000000
Fired ExecutionTime: 3600000
Fired ExecutionTime: 1600000
Fired ExecutionTime: 4400000
Fired ExecutionTime: 2000000
Fired ExecutionTime: 4000000
Fired ExecutionTime: 2000000
Fired ExecutionTime: 3600000
Fired ExecutionTime: 1600000
Fired ExecutionTime: 4000000
Fired ExecutionTime: 78800000
Fired ExecutionTime: 66000000
Fired ExecutionTime: 80800000
Fired ExecutionTime: 88000000
1092 ms. Memory: 175104K Free: 140707K (80%)
----------------- Invoking toplevel() on ptolemy.moml.MoMLSimpleApplication@51b78fd2
----------------- Done invoking toplevel() on ptolemy.moml.MoMLSimpleApplication@51b78fd2
reloadAllAccessors: .MulticoreExecution

===========================================================================================
----------------- testing Mon Aug 12 05:22:51 UTC 2019 /home/travis/build/icyphy/ptII/ptolemy/actor/lib/hoc/test/auto/ParallelExecution.xml
----------------- Instantiating /home/travis/build/icyphy/ptII/ptolemy/actor/lib/hoc/test/auto/ParallelExecution.xml
915 ms. Memory: 175104K Free: 133027K (76%)
----------------- Invoking toplevel() on ptolemy.moml.MoMLSimpleApplication@5f61443
----------------- Done invoking toplevel() on ptolemy.moml.MoMLSimpleApplication@5f61443
reloadAllAccessors: .ParallelExecution

===========================================================================================
----------------- testing Mon Aug 12 05:22:52 UTC 2019 /home/travis/build/icyphy/ptII/ptolemy/actor/lib/hoc/test/auto/RunCompositeActor.xml
----------------- Instantiating /home/travis/build/icyphy/ptII/ptolemy/actor/lib/hoc/test/auto/RunCompositeActor.xml
8 ms. Memory: 175104K Free: 125861K (72%)
----------------- Invoking toplevel() on ptolemy.moml.MoMLSimpleApplication@56bc0645
----------------- Done invoking toplevel() on ptolemy.moml.MoMLSimpleApplication@56bc0645
reloadAllAccessors: .RunCompositeActor

===========================================================================================
----------------- testing Mon Aug 12 05:22:52 UTC 2019 /home/travis/build/icyphy/ptII/ptolemy/actor/lib/hoc/test/auto/RunCompositeActor2.xml
----------------- Instantiating /home/travis/build/icyphy/ptII/ptolemy/actor/lib/hoc/test/auto/RunCompositeActor2.xml
8 ms. Memory: 175104K Free: 119717K (68%)
----------------- Invoking toplevel() on ptolemy.moml.MoMLSimpleApplication@3238cbbc
----------------- Done invoking toplevel() on ptolemy.moml.MoMLSimpleApplication@3238cbbc
reloadAllAccessors: .RunCompositeActor2

===========================================================================================
----------------- testing Mon Aug 12 05:22:52 UTC 2019 /home/travis/build/icyphy/ptII/ptolemy/actor/lib/hoc/test/auto/RunCompositeActor3.xml
----------------- Instantiating /home/travis/build/icyphy/ptII/ptolemy/actor/lib/hoc/test/auto/RunCompositeActor3.xml
4 ms. Memory: 175104K Free: 114053K (65%)
----------------- Invoking toplevel() on ptolemy.moml.MoMLSimpleApplication@576fddf
----------------- Done invoking toplevel() on ptolemy.moml.MoMLSimpleApplication@576fddf
reloadAllAccessors: .RunCompositeActor3

===========================================================================================
----------------- testing Mon Aug 12 05:22:52 UTC 2019 /home/travis/build/icyphy/ptII/ptolemy/actor/lib/hoc/test/auto/RunCompositeActor4.xml
----------------- Instantiating /home/travis/build/icyphy/ptII/ptolemy/actor/lib/hoc/test/auto/RunCompositeActor4.xml
14 ms. Memory: 175104K Free: 105885K (60%)
----------------- Invoking toplevel() on ptolemy.moml.MoMLSimpleApplication@2d46d58c
----------------- Done invoking toplevel() on ptolemy.moml.MoMLSimpleApplication@2d46d58c
reloadAllAccessors: .RunCompositeActor4

===========================================================================================
----------------- testing Mon Aug 12 05:22:52 UTC 2019 /home/travis/build/icyphy/ptII/ptolemy/actor/lib/hoc/test/auto/RunCompositeIterateOverArray.xml
----------------- Instantiating /home/travis/build/icyphy/ptII/ptolemy/actor/lib/hoc/test/auto/RunCompositeIterateOverArray.xml
11 ms. Memory: 175104K Free: 99747K (57%)
----------------- Invoking toplevel() on ptolemy.moml.MoMLSimpleApplication@4a4a8c68
----------------- Done invoking toplevel() on ptolemy.moml.MoMLSimpleApplication@4a4a8c68
reloadAllAccessors: .RunCompositeIterateOverArray

===========================================================================================
----------------- testing Mon Aug 12 05:22:52 UTC 2019 /home/travis/build/icyphy/ptII/ptolemy/actor/lib/hoc/test/auto/ThreadedJS.xml
----------------- Instantiating /home/travis/build/icyphy/ptII/ptolemy/actor/lib/hoc/test/auto/ThreadedJS.xml
6221 ms. Memory: 253952K Free: 87040K (34%)
----------------- Invoking toplevel() on ptolemy.moml.MoMLSimpleApplication@1722b57f
----------------- Done invoking toplevel() on ptolemy.moml.MoMLSimpleApplication@1722b57f
reloadAllAccessors: .ThreadedJS
AutoTests.java: About to close Vertx.
AutoTests.java: Vertx closed.
]]></system-out>
  <system-err><![CDATA[java.lang.RuntimeException: Execution failed
	at ptolemy.moml.MoMLSimpleApplication$UnloadThread.run(MoMLSimpleApplication.java:402)
Caused by: ptolemy.kernel.util.IllegalActionException: initialize() was called after wrapup() was called but preinitialize() was not called after wrapup().
	at ptolemy.actor.lib.hoc.test.PreinitializeMustBeInvoked.initialize(PreinitializeMustBeInvoked.java:78)
	at ptolemy.actor.Director.initialize(Director.java:938)
	at ptolemy.actor.Director.initialize(Director.java:907)
	at ptolemy.actor.sched.StaticSchedulingDirector.initialize(StaticSchedulingDirector.java:159)
	at ptolemy.domains.sdf.kernel.SDFDirector.initialize(SDFDirector.java:544)
	at ptolemy.actor.CompositeActor.initialize(CompositeActor.java:935)
	at ptolemy.actor.lib.hoc.LifeCycleManager._executeInsideModel(LifeCycleManager.java:339)
	at ptolemy.actor.lib.hoc.RunCompositeActor.fire(RunCompositeActor.java:205)
	at ptolemy.actor.CompositeActor.iterate(CompositeActor.java:1146)
	at ptolemy.actor.sched.StaticSchedulingDirector.fire(StaticSchedulingDirector.java:216)
	at ptolemy.domains.sdf.kernel.SDFDirector.fire(SDFDirector.java:500)
	at ptolemy.actor.CompositeActor.fire(CompositeActor.java:455)
	at ptolemy.actor.Manager.iterate(Manager.java:851)
	at ptolemy.actor.Manager.execute(Manager.java:369)
	at ptolemy.actor.Manager.run(Manager.java:1263)
	at ptolemy.actor.Manager$PtolemyRunThread.run(Manager.java:1933)
java.lang.reflect.InvocationTargetException
	at java.base/jdk.internal.reflect.NativeConstructorAccessorImpl.newInstance0(Native Method)
	at java.base/jdk.internal.reflect.NativeConstructorAccessorImpl.newInstance(NativeConstructorAccessorImpl.java:62)
	at java.base/jdk.internal.reflect.DelegatingConstructorAccessorImpl.newInstance(DelegatingConstructorAccessorImpl.java:45)
	at java.base/java.lang.reflect.Constructor.newInstance(Constructor.java:490)
	at ptolemy.util.test.junit.AutoKnownFailedTests.RunModel(AutoKnownFailedTests.java:105)
	at java.base/jdk.internal.reflect.NativeMethodAccessorImpl.invoke0(Native Method)
	at java.base/jdk.internal.reflect.NativeMethodAccessorImpl.invoke(NativeMethodAccessorImpl.java:62)
	at java.base/jdk.internal.reflect.DelegatingMethodAccessorImpl.invoke(DelegatingMethodAccessorImpl.java:43)
	at java.base/java.lang.reflect.Method.invoke(Method.java:566)
	at org.junit.runners.model.FrameworkMethod$1.runReflectiveCall(FrameworkMethod.java:44)
	at org.junit.internal.runners.model.ReflectiveCallable.run(ReflectiveCallable.java:15)
	at org.junit.runners.model.FrameworkMethod.invokeExplosively(FrameworkMethod.java:41)
	at junitparams.internal.InvokeParameterisedMethod.evaluate(InvokeParameterisedMethod.java:102)
	at org.junit.internal.runners.statements.FailOnTimeout$1.run(FailOnTimeout.java:28)
Caused by: ptolemy.kernel.util.IllegalActionException: initialize() was called after wrapup() was called but preinitialize() was not called after wrapup().
	at ptolemy.actor.lib.hoc.test.PreinitializeMustBeInvoked.initialize(PreinitializeMustBeInvoked.java:78)
	at ptolemy.actor.Director.initialize(Director.java:938)
	at ptolemy.actor.Director.initialize(Director.java:907)
	at ptolemy.actor.sched.StaticSchedulingDirector.initialize(StaticSchedulingDirector.java:159)
	at ptolemy.domains.sdf.kernel.SDFDirector.initialize(SDFDirector.java:544)
	at ptolemy.actor.CompositeActor.initialize(CompositeActor.java:935)
	at ptolemy.actor.lib.hoc.LifeCycleManager._executeInsideModel(LifeCycleManager.java:339)
	at ptolemy.actor.lib.hoc.RunCompositeActor.fire(RunCompositeActor.java:205)
	at ptolemy.actor.CompositeActor.iterate(CompositeActor.java:1146)
	at ptolemy.actor.sched.StaticSchedulingDirector.fire(StaticSchedulingDirector.java:216)
	at ptolemy.domains.sdf.kernel.SDFDirector.fire(SDFDirector.java:500)
	at ptolemy.actor.CompositeActor.fire(CompositeActor.java:455)
	at ptolemy.actor.Manager.iterate(Manager.java:851)
	at ptolemy.actor.Manager.execute(Manager.java:369)
	at ptolemy.actor.Manager.run(Manager.java:1263)
	at ptolemy.actor.Manager$PtolemyRunThread.run(Manager.java:1933)
Warning: Nashorn engine is planned to be removed from a future JDK release
Warning: Nashorn engine is planned to be removed from a future JDK release
Warning: Nashorn engine is planned to be removed from a future JDK release
Warning: Nashorn engine is planned to be removed from a future JDK release
Warning: Nashorn engine is planned to be removed from a future JDK release
Warning: Nashorn engine is planned to be removed from a future JDK release
Warning: Nashorn engine is planned to be removed from a future JDK release
Warning: Nashorn engine is planned to be removed from a future JDK release
]]></system-err>
</testsuite>
