<?xml version="1.0" encoding="UTF-8" ?>
<testsuite errors="0" failures="0" hostname="travis-job-137e815c-710d-412b-ac45-06946d35f436" name="ptolemy.domains.continuous.test.junit.JUnitTclTest" skipped="0" tests="156" time="69.638" timestamp="2019-12-24T06:28:16">
  <properties>
[...]
</properties>
  <testcase classname="ptolemy.util.test.junit.TclTests" name="[0] ThereAreNoTclTests (RunTclFile)" time="0.008" />
  <testcase classname="ptolemy.util.test.junit.AutoKnownFailedTests" name="[0] ThereAreNoKnowFailedTests (RunModel)" time="0.001" />
  <testcase classname="ptolemy.util.test.junit.AutoNameArchTests" name="[0] ThereAreNoAutoArchTests (RunModel)" time="0.015" />
  <testcase classname="ptolemy.util.test.junit.AutoTests" name="[0] /home/travis/build/icyphy/ptII/ptolemy/domains/continuous/test/auto/BouncingBall.xml (RunModel)" time="2.934" />
  <testcase classname="ptolemy.util.test.junit.AutoTests" name="[1] /home/travis/build/icyphy/ptII/ptolemy/domains/continuous/test/auto/BouncingBallWithoutGR.xml (RunModel)" time="1.009" />
  <testcase classname="ptolemy.util.test.junit.AutoTests" name="[2] /home/travis/build/icyphy/ptII/ptolemy/domains/continuous/test/auto/Brownian.xml (RunModel)" time="0.099" />
  <testcase classname="ptolemy.util.test.junit.AutoTests" name="[3] /home/travis/build/icyphy/ptII/ptolemy/domains/continuous/test/auto/CarTracking.xml (RunModel)" time="3.942" />
  <testcase classname="ptolemy.util.test.junit.AutoTests" name="[4] /home/travis/build/icyphy/ptII/ptolemy/domains/continuous/test/auto/CartPendulum.xml (RunModel)" time="0.505" />
  <testcase classname="ptolemy.util.test.junit.AutoTests" name="[5] /home/travis/build/icyphy/ptII/ptolemy/domains/continuous/test/auto/CausalityInterface10.xml (RunModel)" time="0.056" />
  <testcase classname="ptolemy.util.test.junit.AutoTests" name="[6] /home/travis/build/icyphy/ptII/ptolemy/domains/continuous/test/auto/CausalityInterface11.xml (RunModel)" time="0.029" />
  <testcase classname="ptolemy.util.test.junit.AutoTests" name="[7] /home/travis/build/icyphy/ptII/ptolemy/domains/continuous/test/auto/CausalityInterface12.xml (RunModel)" time="0.032" />
  <testcase classname="ptolemy.util.test.junit.AutoTests" name="[8] /home/travis/build/icyphy/ptII/ptolemy/domains/continuous/test/auto/CausalityInterface13.xml (RunModel)" time="0.031" />
  <testcase classname="ptolemy.util.test.junit.AutoTests" name="[9] /home/travis/build/icyphy/ptII/ptolemy/domains/continuous/test/auto/CausalityInterface14.xml (RunModel)" time="0.024" />
  <testcase classname="ptolemy.util.test.junit.AutoTests" name="[10] /home/travis/build/icyphy/ptII/ptolemy/domains/continuous/test/auto/CausalityInterface4.xml (RunModel)" time="0.028" />
  <testcase classname="ptolemy.util.test.junit.AutoTests" name="[11] /home/travis/build/icyphy/ptII/ptolemy/domains/continuous/test/auto/CausalityInterface5.xml (RunModel)" time="0.027" />
  <testcase classname="ptolemy.util.test.junit.AutoTests" name="[12] /home/travis/build/icyphy/ptII/ptolemy/domains/continuous/test/auto/CausalityInterface6.xml (RunModel)" time="0.019" />
  <testcase classname="ptolemy.util.test.junit.AutoTests" name="[13] /home/travis/build/icyphy/ptII/ptolemy/domains/continuous/test/auto/CausalityInterface7.xml (RunModel)" time="0.03" />
  <testcase classname="ptolemy.util.test.junit.AutoTests" name="[14] /home/travis/build/icyphy/ptII/ptolemy/domains/continuous/test/auto/CausalityInterface8.xml (RunModel)" time="0.028" />
  <testcase classname="ptolemy.util.test.junit.AutoTests" name="[15] /home/travis/build/icyphy/ptII/ptolemy/domains/continuous/test/auto/CausalityInterface9.xml (RunModel)" time="0.042" />
  <testcase classname="ptolemy.util.test.junit.AutoTests" name="[16] /home/travis/build/icyphy/ptII/ptolemy/domains/continuous/test/auto/CausalityInterfaceFeedback1.xml (RunModel)" time="0.025" />
  <testcase classname="ptolemy.util.test.junit.AutoTests" name="[17] /home/travis/build/icyphy/ptII/ptolemy/domains/continuous/test/auto/CausalityInterfaceFeedback2.xml (RunModel)" time="0.03" />
  <testcase classname="ptolemy.util.test.junit.AutoTests" name="[18] /home/travis/build/icyphy/ptII/ptolemy/domains/continuous/test/auto/CompareWithCurrentTime.xml (RunModel)" time="0.023" />
  <testcase classname="ptolemy.util.test.junit.AutoTests" name="[19] /home/travis/build/icyphy/ptII/ptolemy/domains/continuous/test/auto/ComparedClocks.xml (RunModel)" time="0.062" />
  <testcase classname="ptolemy.util.test.junit.AutoTests" name="[20] /home/travis/build/icyphy/ptII/ptolemy/domains/continuous/test/auto/ContinuousAOCClone.xml (RunModel)" time="2.469" />
  <testcase classname="ptolemy.util.test.junit.AutoTests" name="[21] /home/travis/build/icyphy/ptII/ptolemy/domains/continuous/test/auto/ContinuousClock.xml (RunModel)" time="0.093" />
  <testcase classname="ptolemy.util.test.junit.AutoTests" name="[22] /home/travis/build/icyphy/ptII/ptolemy/domains/continuous/test/auto/ContinuousInContinuous.xml (RunModel)" time="0.07" />
  <testcase classname="ptolemy.util.test.junit.AutoTests" name="[23] /home/travis/build/icyphy/ptII/ptolemy/domains/continuous/test/auto/ContinuousInContinuousInContinuous.xml (RunModel)" time="0.025" />
  <testcase classname="ptolemy.util.test.junit.AutoTests" name="[24] /home/travis/build/icyphy/ptII/ptolemy/domains/continuous/test/auto/ContinuousInDE.xml (RunModel)" time="0.111" />
  <testcase classname="ptolemy.util.test.junit.AutoTests" name="[25] /home/travis/build/icyphy/ptII/ptolemy/domains/continuous/test/auto/ContinuousInDE2.xml (RunModel)" time="0.053" />
  <testcase classname="ptolemy.util.test.junit.AutoTests" name="[26] /home/travis/build/icyphy/ptII/ptolemy/domains/continuous/test/auto/ContinuousInDE3.xml (RunModel)" time="0.049" />
  <testcase classname="ptolemy.util.test.junit.AutoTests" name="[27] /home/travis/build/icyphy/ptII/ptolemy/domains/continuous/test/auto/ContinuousInDE4.xml (RunModel)" time="0.026" />
  <testcase classname="ptolemy.util.test.junit.AutoTests" name="[28] /home/travis/build/icyphy/ptII/ptolemy/domains/continuous/test/auto/ContinuousInDEDifferentRefinements.xml (RunModel)" time="0.07" />
  <testcase classname="ptolemy.util.test.junit.AutoTests" name="[29] /home/travis/build/icyphy/ptII/ptolemy/domains/continuous/test/auto/ContinuousInDEDifferentRefinementsPreemptive.xml (RunModel)" time="0.069" />
  <testcase classname="ptolemy.util.test.junit.AutoTests" name="[30] /home/travis/build/icyphy/ptII/ptolemy/domains/continuous/test/auto/ContinuousInDEInContinuous2.xml (RunModel)" time="0.054" />
  <testcase classname="ptolemy.util.test.junit.AutoTests" name="[31] /home/travis/build/icyphy/ptII/ptolemy/domains/continuous/test/auto/ContinuousInDEInContinuous3.xml (RunModel)" time="0.058" />
  <testcase classname="ptolemy.util.test.junit.AutoTests" name="[32] /home/travis/build/icyphy/ptII/ptolemy/domains/continuous/test/auto/ContinuousInDEInput.xml (RunModel)" time="0.033" />
  <testcase classname="ptolemy.util.test.junit.AutoTests" name="[33] /home/travis/build/icyphy/ptII/ptolemy/domains/continuous/test/auto/ContinuousInDEInput2.xml (RunModel)" time="0.03" />
  <testcase classname="ptolemy.util.test.junit.AutoTests" name="[34] /home/travis/build/icyphy/ptII/ptolemy/domains/continuous/test/auto/ContinuousInDEInput3.xml (RunModel)" time="0.031" />
  <testcase classname="ptolemy.util.test.junit.AutoTests" name="[35] /home/travis/build/icyphy/ptII/ptolemy/domains/continuous/test/auto/ContinuousInDESharingRefinement.xml (RunModel)" time="0.178" />
  <testcase classname="ptolemy.util.test.junit.AutoTests" name="[36] /home/travis/build/icyphy/ptII/ptolemy/domains/continuous/test/auto/ContinuousInDEwithNoPorts.xml (RunModel)" time="0.014" />
  <testcase classname="ptolemy.util.test.junit.AutoTests" name="[37] /home/travis/build/icyphy/ptII/ptolemy/domains/continuous/test/auto/ContinuousInsideDE.xml (RunModel)" time="0.082" />
  <testcase classname="ptolemy.util.test.junit.AutoTests" name="[38] /home/travis/build/icyphy/ptII/ptolemy/domains/continuous/test/auto/ContinuousMerge1.xml (RunModel)" time="0.011" />
  <testcase classname="ptolemy.util.test.junit.AutoTests" name="[39] /home/travis/build/icyphy/ptII/ptolemy/domains/continuous/test/auto/ContinuousMerge2.xml (RunModel)" time="0.051" />
  <testcase classname="ptolemy.util.test.junit.AutoTests" name="[40] /home/travis/build/icyphy/ptII/ptolemy/domains/continuous/test/auto/ContinuousMerge3.xml (RunModel)" time="0.055" />
  <testcase classname="ptolemy.util.test.junit.AutoTests" name="[41] /home/travis/build/icyphy/ptII/ptolemy/domains/continuous/test/auto/ContinuousWithinContinuous.xml (RunModel)" time="0.043" />
  <testcase classname="ptolemy.util.test.junit.AutoTests" name="[42] /home/travis/build/icyphy/ptII/ptolemy/domains/continuous/test/auto/ContinuousWithinContinuous2.xml (RunModel)" time="0.068" />
  <testcase classname="ptolemy.util.test.junit.AutoTests" name="[43] /home/travis/build/icyphy/ptII/ptolemy/domains/continuous/test/auto/ContinuousWithinContinuous3.xml (RunModel)" time="0.022" />
  <testcase classname="ptolemy.util.test.junit.AutoTests" name="[44] /home/travis/build/icyphy/ptII/ptolemy/domains/continuous/test/auto/ContinuousWithinContinuous4.xml (RunModel)" time="0.072" />
  <testcase classname="ptolemy.util.test.junit.AutoTests" name="[45] /home/travis/build/icyphy/ptII/ptolemy/domains/continuous/test/auto/ContinuousWithinContinuous5.xml (RunModel)" time="0.022" />
  <testcase classname="ptolemy.util.test.junit.AutoTests" name="[46] /home/travis/build/icyphy/ptII/ptolemy/domains/continuous/test/auto/ContinuousWithinContinuous6.xml (RunModel)" time="0.022" />
  <testcase classname="ptolemy.util.test.junit.AutoTests" name="[47] /home/travis/build/icyphy/ptII/ptolemy/domains/continuous/test/auto/ContinuousWithinContinuous7.xml (RunModel)" time="0.063" />
  <testcase classname="ptolemy.util.test.junit.AutoTests" name="[48] /home/travis/build/icyphy/ptII/ptolemy/domains/continuous/test/auto/DCMotor.xml (RunModel)" time="14.009" />
  <testcase classname="ptolemy.util.test.junit.AutoTests" name="[49] /home/travis/build/icyphy/ptII/ptolemy/domains/continuous/test/auto/DEInContinuous.xml (RunModel)" time="0.03" />
  <testcase classname="ptolemy.util.test.junit.AutoTests" name="[50] /home/travis/build/icyphy/ptII/ptolemy/domains/continuous/test/auto/DEinContinuous2.xml (RunModel)" time="0.026" />
  <testcase classname="ptolemy.util.test.junit.AutoTests" name="[51] /home/travis/build/icyphy/ptII/ptolemy/domains/continuous/test/auto/Derivative.xml (RunModel)" time="0.19" />
  <testcase classname="ptolemy.util.test.junit.AutoTests" name="[52] /home/travis/build/icyphy/ptII/ptolemy/domains/continuous/test/auto/Derivative1.xml (RunModel)" time="0.044" />
  <testcase classname="ptolemy.util.test.junit.AutoTests" name="[53] /home/travis/build/icyphy/ptII/ptolemy/domains/continuous/test/auto/DiscreteClock.xml (RunModel)" time="0.01" />
  <testcase classname="ptolemy.util.test.junit.AutoTests" name="[54] /home/travis/build/icyphy/ptII/ptolemy/domains/continuous/test/auto/EfficiencyCurve.xml (RunModel)" time="0.091" />
  <testcase classname="ptolemy.util.test.junit.AutoTests" name="[55] /home/travis/build/icyphy/ptII/ptolemy/domains/continuous/test/auto/ExponentialResponse.xml (RunModel)" time="0.105" />
  <testcase classname="ptolemy.util.test.junit.AutoTests" name="[56] /home/travis/build/icyphy/ptII/ptolemy/domains/continuous/test/auto/ExponentialResponseRK45.xml (RunModel)" time="0.035" />
  <testcase classname="ptolemy.util.test.junit.AutoTests" name="[57] /home/travis/build/icyphy/ptII/ptolemy/domains/continuous/test/auto/Friction.xml (RunModel)" time="1.573" />
  <testcase classname="ptolemy.util.test.junit.AutoTests" name="[58] /home/travis/build/icyphy/ptII/ptolemy/domains/continuous/test/auto/FurutaPendulum.xml (RunModel)" time="2.958" />
  <testcase classname="ptolemy.util.test.junit.AutoTests" name="[59] /home/travis/build/icyphy/ptII/ptolemy/domains/continuous/test/auto/HierarchicalExecution.xml (RunModel)" time="1.779" />
  <testcase classname="ptolemy.util.test.junit.AutoTests" name="[60] /home/travis/build/icyphy/ptII/ptolemy/domains/continuous/test/auto/HybridPlant.xml (RunModel)" time="0.587" />
  <testcase classname="ptolemy.util.test.junit.AutoTests" name="[61] /home/travis/build/icyphy/ptII/ptolemy/domains/continuous/test/auto/Hysteresis.xml (RunModel)" time="0.177" />
  <testcase classname="ptolemy.util.test.junit.AutoTests" name="[62] /home/travis/build/icyphy/ptII/ptolemy/domains/continuous/test/auto/HysteresisWithRandomDelay.xml (RunModel)" time="0.205" />
  <testcase classname="ptolemy.util.test.junit.AutoTests" name="[63] /home/travis/build/icyphy/ptII/ptolemy/domains/continuous/test/auto/HysteresisWithRandomLosses.xml (RunModel)" time="2.287" />
  <testcase classname="ptolemy.util.test.junit.AutoTests" name="[64] /home/travis/build/icyphy/ptII/ptolemy/domains/continuous/test/auto/ImmediateTransitions.xml (RunModel)" time="0.034" />
  <testcase classname="ptolemy.util.test.junit.AutoTests" name="[65] /home/travis/build/icyphy/ptII/ptolemy/domains/continuous/test/auto/ImpulseFeedback.xml (RunModel)" time="0.02" />
  <testcase classname="ptolemy.util.test.junit.AutoTests" name="[66] /home/travis/build/icyphy/ptII/ptolemy/domains/continuous/test/auto/ImpulseFeedback2.xml (RunModel)" time="0.013" />
  <testcase classname="ptolemy.util.test.junit.AutoTests" name="[67] /home/travis/build/icyphy/ptII/ptolemy/domains/continuous/test/auto/IncreasingRatePoisson.xml (RunModel)" time="0.688" />
  <testcase classname="ptolemy.util.test.junit.AutoTests" name="[68] /home/travis/build/icyphy/ptII/ptolemy/domains/continuous/test/auto/InitialStateFeedback.xml (RunModel)" time="0.014" />
  <testcase classname="ptolemy.util.test.junit.AutoTests" name="[69] /home/travis/build/icyphy/ptII/ptolemy/domains/continuous/test/auto/Integration.xml (RunModel)" time="0.009" />
  <testcase classname="ptolemy.util.test.junit.AutoTests" name="[70] /home/travis/build/icyphy/ptII/ptolemy/domains/continuous/test/auto/Integration2.xml (RunModel)" time="0.091" />
  <testcase classname="ptolemy.util.test.junit.AutoTests" name="[71] /home/travis/build/icyphy/ptII/ptolemy/domains/continuous/test/auto/Integration3.xml (RunModel)" time="0.011" />
  <testcase classname="ptolemy.util.test.junit.AutoTests" name="[72] /home/travis/build/icyphy/ptII/ptolemy/domains/continuous/test/auto/Integration5.xml (RunModel)" time="0.007" />
  <testcase classname="ptolemy.util.test.junit.AutoTests" name="[73] /home/travis/build/icyphy/ptII/ptolemy/domains/continuous/test/auto/IntegratorImpulse.xml (RunModel)" time="0.008" />
  <testcase classname="ptolemy.util.test.junit.AutoTests" name="[74] /home/travis/build/icyphy/ptII/ptolemy/domains/continuous/test/auto/IntegratorImpulse2.xml (RunModel)" time="0.012" />
  <testcase classname="ptolemy.util.test.junit.AutoTests" name="[75] /home/travis/build/icyphy/ptII/ptolemy/domains/continuous/test/auto/LevelCrossing1.xml (RunModel)" time="0.008" />
  <testcase classname="ptolemy.util.test.junit.AutoTests" name="[76] /home/travis/build/icyphy/ptII/ptolemy/domains/continuous/test/auto/LevelCrossing2.xml (RunModel)" time="0.011" />
  <testcase classname="ptolemy.util.test.junit.AutoTests" name="[77] /home/travis/build/icyphy/ptII/ptolemy/domains/continuous/test/auto/LevelCrossing3.xml (RunModel)" time="0.009" />
  <testcase classname="ptolemy.util.test.junit.AutoTests" name="[78] /home/travis/build/icyphy/ptII/ptolemy/domains/continuous/test/auto/LevelCrossing4.xml (RunModel)" time="0.01" />
  <testcase classname="ptolemy.util.test.junit.AutoTests" name="[79] /home/travis/build/icyphy/ptII/ptolemy/domains/continuous/test/auto/LevelCrossing5.xml (RunModel)" time="0.011" />
  <testcase classname="ptolemy.util.test.junit.AutoTests" name="[80] /home/travis/build/icyphy/ptII/ptolemy/domains/continuous/test/auto/LevelCrossing6.xml (RunModel)" time="0.01" />
  <testcase classname="ptolemy.util.test.junit.AutoTests" name="[81] /home/travis/build/icyphy/ptII/ptolemy/domains/continuous/test/auto/LevelCrossingDetector.xml (RunModel)" time="0.032" />
  <testcase classname="ptolemy.util.test.junit.AutoTests" name="[82] /home/travis/build/icyphy/ptII/ptolemy/domains/continuous/test/auto/LevelCrossingDetectorDetectingDirections.xml (RunModel)" time="0.082" />
  <testcase classname="ptolemy.util.test.junit.AutoTests" name="[83] /home/travis/build/icyphy/ptII/ptolemy/domains/continuous/test/auto/LevelCrossingDetectorDetectsGlitches.xml (RunModel)" time="0.057" />
  <testcase classname="ptolemy.util.test.junit.AutoTests" name="[84] /home/travis/build/icyphy/ptII/ptolemy/domains/continuous/test/auto/LevelCrossingNoInitialOuput.xml (RunModel)" time="0.01" />
  <testcase classname="ptolemy.util.test.junit.AutoTests" name="[85] /home/travis/build/icyphy/ptII/ptolemy/domains/continuous/test/auto/LinearStateSpaceExample.xml (RunModel)" time="0.052" />
  <testcase classname="ptolemy.util.test.junit.AutoTests" name="[86] /home/travis/build/icyphy/ptII/ptolemy/domains/continuous/test/auto/Lorenz.xml (RunModel)" time="3.275" />
  <testcase classname="ptolemy.util.test.junit.AutoTests" name="[87] /home/travis/build/icyphy/ptII/ptolemy/domains/continuous/test/auto/LorenzDifferentialSystem.xml (RunModel)" time="0.809" />
  <testcase classname="ptolemy.util.test.junit.AutoTests" name="[88] /home/travis/build/icyphy/ptII/ptolemy/domains/continuous/test/auto/LorenzDifferentialSystemWithInput.xml (RunModel)" time="1.232" />
  <testcase classname="ptolemy.util.test.junit.AutoTests" name="[89] /home/travis/build/icyphy/ptII/ptolemy/domains/continuous/test/auto/LorenzDifferentialSystemWithTime.xml (RunModel)" time="0.671" />
  <testcase classname="ptolemy.util.test.junit.AutoTests" name="[90] /home/travis/build/icyphy/ptII/ptolemy/domains/continuous/test/auto/Microsteps.xml (RunModel)" time="0.032" />
  <testcase classname="ptolemy.util.test.junit.AutoTests" name="[91] /home/travis/build/icyphy/ptII/ptolemy/domains/continuous/test/auto/Modal1.xml (RunModel)" time="0.048" />
  <testcase classname="ptolemy.util.test.junit.AutoTests" name="[92] /home/travis/build/icyphy/ptII/ptolemy/domains/continuous/test/auto/Modal2.xml (RunModel)" time="0.044" />
  <testcase classname="ptolemy.util.test.junit.AutoTests" name="[93] /home/travis/build/icyphy/ptII/ptolemy/domains/continuous/test/auto/ModalTransitionGuardWithReset.xml (RunModel)" time="0.021" />
  <testcase classname="ptolemy.util.test.junit.AutoTests" name="[94] /home/travis/build/icyphy/ptII/ptolemy/domains/continuous/test/auto/ModalTransitionGuardWithResetUsingPreemptiveTransition.xml (RunModel)" time="0.022" />
  <testcase classname="ptolemy.util.test.junit.AutoTests" name="[95] /home/travis/build/icyphy/ptII/ptolemy/domains/continuous/test/auto/ModalTransitionGuardWithResetUsingPreemptiveTransition2.xml (RunModel)" time="0.032" />
  <testcase classname="ptolemy.util.test.junit.AutoTests" name="[96] /home/travis/build/icyphy/ptII/ptolemy/domains/continuous/test/auto/ModalTransitionGuardWithResetUsingPreemptiveTransition3.xml (RunModel)" time="0.02" />
  <testcase classname="ptolemy.util.test.junit.AutoTests" name="[97] /home/travis/build/icyphy/ptII/ptolemy/domains/continuous/test/auto/NewtonsCradle.xml (RunModel)" time="0.747" />
  <testcase classname="ptolemy.util.test.junit.AutoTests" name="[98] /home/travis/build/icyphy/ptII/ptolemy/domains/continuous/test/auto/NewtonsCradleAnimated.xml (RunModel)" time="1.134" />
  <testcase classname="ptolemy.util.test.junit.AutoTests" name="[99] /home/travis/build/icyphy/ptII/ptolemy/domains/continuous/test/auto/NewtonsCradleComplicated.xml (RunModel)" time="0.865" />
  <testcase classname="ptolemy.util.test.junit.AutoTests" name="[100] /home/travis/build/icyphy/ptII/ptolemy/domains/continuous/test/auto/NewtonsCradleNondeterministic.xml (RunModel)" time="0.656" />
  <testcase classname="ptolemy.util.test.junit.AutoTests" name="[101] /home/travis/build/icyphy/ptII/ptolemy/domains/continuous/test/auto/NewtonsCradlePerfectlyInelastic1.xml (RunModel)" time="1.177" />
  <testcase classname="ptolemy.util.test.junit.AutoTests" name="[102] /home/travis/build/icyphy/ptII/ptolemy/domains/continuous/test/auto/Noise.xml (RunModel)" time="0.183" />
  <testcase classname="ptolemy.util.test.junit.AutoTests" name="[103] /home/travis/build/icyphy/ptII/ptolemy/domains/continuous/test/auto/NoiseSpectrum.xml (RunModel)" time="0.684" />
  <testcase classname="ptolemy.util.test.junit.AutoTests" name="[104] /home/travis/build/icyphy/ptII/ptolemy/domains/continuous/test/auto/ParameterizedNewtonsCradleAnimated.xml (RunModel)" time="0.323" />
  <testcase classname="ptolemy.util.test.junit.AutoTests" name="[105] /home/travis/build/icyphy/ptII/ptolemy/domains/continuous/test/auto/ParameterizedNewtonsCradleAnimatedNondeterministic.xml (RunModel)" time="1.046" />
  <testcase classname="ptolemy.util.test.junit.AutoTests" name="[106] /home/travis/build/icyphy/ptII/ptolemy/domains/continuous/test/auto/Pendulum3D.xml (RunModel)" time="0.172" />
  <testcase classname="ptolemy.util.test.junit.AutoTests" name="[107] /home/travis/build/icyphy/ptII/ptolemy/domains/continuous/test/auto/PeriodicSampler.xml (RunModel)" time="0.01" />
  <testcase classname="ptolemy.util.test.junit.AutoTests" name="[108] /home/travis/build/icyphy/ptII/ptolemy/domains/continuous/test/auto/PeriodicSampler1.xml (RunModel)" time="0.037" />
  <testcase classname="ptolemy.util.test.junit.AutoTests" name="[109] /home/travis/build/icyphy/ptII/ptolemy/domains/continuous/test/auto/PeriodicSampler2.xml (RunModel)" time="0.076" />
  <testcase classname="ptolemy.util.test.junit.AutoTests" name="[110] /home/travis/build/icyphy/ptII/ptolemy/domains/continuous/test/auto/Poisson.xml (RunModel)" time="0.429" />
  <testcase classname="ptolemy.util.test.junit.AutoTests" name="[111] /home/travis/build/icyphy/ptII/ptolemy/domains/continuous/test/auto/PoissonClock.xml (RunModel)" time="0.009" />
  <testcase classname="ptolemy.util.test.junit.AutoTests" name="[112] /home/travis/build/icyphy/ptII/ptolemy/domains/continuous/test/auto/PoissonClock2.xml (RunModel)" time="0.01" />
  <testcase classname="ptolemy.util.test.junit.AutoTests" name="[113] /home/travis/build/icyphy/ptII/ptolemy/domains/continuous/test/auto/PortParameterHierarchy.xml (RunModel)" time="0.036" />
  <testcase classname="ptolemy.util.test.junit.AutoTests" name="[114] /home/travis/build/icyphy/ptII/ptolemy/domains/continuous/test/auto/RandomHybridPlant.xml (RunModel)" time="0.558" />
  <testcase classname="ptolemy.util.test.junit.AutoTests" name="[115] /home/travis/build/icyphy/ptII/ptolemy/domains/continuous/test/auto/ResetTransitionWithStartTime1.xml (RunModel)" time="0.028" />
  <testcase classname="ptolemy.util.test.junit.AutoTests" name="[116] /home/travis/build/icyphy/ptII/ptolemy/domains/continuous/test/auto/ResetTransitionWithStartTime2.xml (RunModel)" time="0.036" />
  <testcase classname="ptolemy.util.test.junit.AutoTests" name="[117] /home/travis/build/icyphy/ptII/ptolemy/domains/continuous/test/auto/ResetTransitionWithStartTime3.xml (RunModel)" time="0.041" />
  <testcase classname="ptolemy.util.test.junit.AutoTests" name="[118] /home/travis/build/icyphy/ptII/ptolemy/domains/continuous/test/auto/ResetTransitionWithStartTime4.xml (RunModel)" time="0.021" />
  <testcase classname="ptolemy.util.test.junit.AutoTests" name="[119] /home/travis/build/icyphy/ptII/ptolemy/domains/continuous/test/auto/ResetTransitionWithStartTime5.xml (RunModel)" time="0.029" />
  <testcase classname="ptolemy.util.test.junit.AutoTests" name="[120] /home/travis/build/icyphy/ptII/ptolemy/domains/continuous/test/auto/ResetTransitionWithStartTime6.xml (RunModel)" time="0.021" />
  <testcase classname="ptolemy.util.test.junit.AutoTests" name="[121] /home/travis/build/icyphy/ptII/ptolemy/domains/continuous/test/auto/SRinContinuous.xml (RunModel)" time="0.016" />
  <testcase classname="ptolemy.util.test.junit.AutoTests" name="[122] /home/travis/build/icyphy/ptII/ptolemy/domains/continuous/test/auto/SampledClocks.xml (RunModel)" time="0.024" />
  <testcase classname="ptolemy.util.test.junit.AutoTests" name="[123] /home/travis/build/icyphy/ptII/ptolemy/domains/continuous/test/auto/Satellite.xml (RunModel)" time="0.617" />
  <testcase classname="ptolemy.util.test.junit.AutoTests" name="[124] /home/travis/build/icyphy/ptII/ptolemy/domains/continuous/test/auto/SigmaDelta.xml (RunModel)" time="1.928" />
  <testcase classname="ptolemy.util.test.junit.AutoTests" name="[125] /home/travis/build/icyphy/ptII/ptolemy/domains/continuous/test/auto/SingleRefinement.xml (RunModel)" time="0.381" />
  <testcase classname="ptolemy.util.test.junit.AutoTests" name="[126] /home/travis/build/icyphy/ptII/ptolemy/domains/continuous/test/auto/SinuBouncingBall.xml (RunModel)" time="0.781" />
  <testcase classname="ptolemy.util.test.junit.AutoTests" name="[127] /home/travis/build/icyphy/ptII/ptolemy/domains/continuous/test/auto/Sinusoid.xml (RunModel)" time="0.018" />
  <testcase classname="ptolemy.util.test.junit.AutoTests" name="[128] /home/travis/build/icyphy/ptII/ptolemy/domains/continuous/test/auto/SinusoidInNoise.xml (RunModel)" time="0.863" />
  <testcase classname="ptolemy.util.test.junit.AutoTests" name="[129] /home/travis/build/icyphy/ptII/ptolemy/domains/continuous/test/auto/SinusoidRK45.xml (RunModel)" time="0.017" />
  <testcase classname="ptolemy.util.test.junit.AutoTests" name="[130] /home/travis/build/icyphy/ptII/ptolemy/domains/continuous/test/auto/SinusoidWithMultipleImpulses.xml (RunModel)" time="0.015" />
  <testcase classname="ptolemy.util.test.junit.AutoTests" name="[131] /home/travis/build/icyphy/ptII/ptolemy/domains/continuous/test/auto/SquareWave.xml (RunModel)" time="0.161" />
  <testcase classname="ptolemy.util.test.junit.AutoTests" name="[132] /home/travis/build/icyphy/ptII/ptolemy/domains/continuous/test/auto/Starmac.xml (RunModel)" time="3.419" />
  <testcase classname="ptolemy.util.test.junit.AutoTests" name="[133] /home/travis/build/icyphy/ptII/ptolemy/domains/continuous/test/auto/StaticUnits.xml (RunModel)" time="2.413" />
  <testcase classname="ptolemy.util.test.junit.AutoTests" name="[134] /home/travis/build/icyphy/ptII/ptolemy/domains/continuous/test/auto/StickyMasses.xml (RunModel)" time="0.158" />
  <testcase classname="ptolemy.util.test.junit.AutoTests" name="[135] /home/travis/build/icyphy/ptII/ptolemy/domains/continuous/test/auto/StopTime.xml (RunModel)" time="0.054" />
  <testcase classname="ptolemy.util.test.junit.AutoTests" name="[136] /home/travis/build/icyphy/ptII/ptolemy/domains/continuous/test/auto/StopTime2.xml (RunModel)" time="0.049" />
  <testcase classname="ptolemy.util.test.junit.AutoTests" name="[137] /home/travis/build/icyphy/ptII/ptolemy/domains/continuous/test/auto/Switch.xml (RunModel)" time="0.074" />
  <testcase classname="ptolemy.util.test.junit.AutoTests" name="[138] /home/travis/build/icyphy/ptII/ptolemy/domains/continuous/test/auto/Thermostat.xml (RunModel)" time="0.19" />
  <testcase classname="ptolemy.util.test.junit.AutoTests" name="[139] /home/travis/build/icyphy/ptII/ptolemy/domains/continuous/test/auto/TimeDelay.xml (RunModel)" time="0.016" />
  <testcase classname="ptolemy.util.test.junit.AutoTests" name="[140] /home/travis/build/icyphy/ptII/ptolemy/domains/continuous/test/auto/TimeDelay2.xml (RunModel)" time="0.023" />
  <testcase classname="ptolemy.util.test.junit.AutoTests" name="[141] /home/travis/build/icyphy/ptII/ptolemy/domains/continuous/test/auto/TimeDelay3.xml (RunModel)" time="0.007" />
  <testcase classname="ptolemy.util.test.junit.AutoTests" name="[142] /home/travis/build/icyphy/ptII/ptolemy/domains/continuous/test/auto/TransferAbsentToInside.xml (RunModel)" time="0.092" />
  <testcase classname="ptolemy.util.test.junit.AutoTests" name="[143] /home/travis/build/icyphy/ptII/ptolemy/domains/continuous/test/auto/Transmission.xml (RunModel)" time="0.744" />
  <testcase classname="ptolemy.util.test.junit.AutoTests" name="[144] /home/travis/build/icyphy/ptII/ptolemy/domains/continuous/test/auto/TriggeredContinuousClock.xml (RunModel)" time="0.06" />
  <testcase classname="ptolemy.util.test.junit.AutoTests" name="[145] /home/travis/build/icyphy/ptII/ptolemy/domains/continuous/test/auto/TwoMachineInfiniteBusControl.xml (RunModel)" time="2.289" />
  <testcase classname="ptolemy.util.test.junit.AutoTests" name="[146] /home/travis/build/icyphy/ptII/ptolemy/domains/continuous/test/auto/V2V.xml (RunModel)" time="0.823" />
  <testcase classname="ptolemy.util.test.junit.AutoTests" name="[147] /home/travis/build/icyphy/ptII/ptolemy/domains/continuous/test/auto/hierarchicalModalModel.xml (RunModel)" time="0.028" />
  <testcase classname="ptolemy.util.test.junit.AutoTests" name="[148] /home/travis/build/icyphy/ptII/ptolemy/domains/continuous/test/auto/hierarchicalModalModel1.xml (RunModel)" time="0.023" />
  <testcase classname="ptolemy.util.test.junit.AutoTests" name="[149] /home/travis/build/icyphy/ptII/ptolemy/domains/continuous/test/auto/hierarchicalModalModel2.xml (RunModel)" time="0.021" />
  <testcase classname="ptolemy.util.test.junit.AutoTests" name="[150] /home/travis/build/icyphy/ptII/ptolemy/domains/continuous/test/auto/hierarchicalModalModel3.xml (RunModel)" time="0.017" />
  <testcase classname="ptolemy.util.test.junit.AutoTests" name="[151] /home/travis/build/icyphy/ptII/ptolemy/domains/continuous/test/auto/hierarchicalModalModel4.xml (RunModel)" time="0.02" />
  <testcase classname="ptolemy.util.test.junit.AutoTests" name="[152] /home/travis/build/icyphy/ptII/ptolemy/domains/continuous/test/auto/junk.xml (RunModel)" time="0.132" />
  <system-out><![CDATA[No tcl tests in /home/travis/build/icyphy/ptII/ptolemy/domains/continuous/test
No auto/knownFailedTests/*.xml tests in /home/travis/build/icyphy/ptII/ptolemy/domains/continuous/test
No auto/linux-amd64/*.xml tests in /home/travis/build/icyphy/ptII/ptolemy/domains/continuous/test
AutoTests.java: About to close Vertx.
AutoTests.java: Vertx closed.

===========================================================================================
----------------- testing Tue Dec 24 06:28:17 UTC 2019 /home/travis/build/icyphy/ptII/ptolemy/domains/continuous/test/auto/BouncingBall.xml
----------------- Instantiating /home/travis/build/icyphy/ptII/ptolemy/domains/continuous/test/auto/BouncingBall.xml
2385 ms. Memory: 155648K Free: 118563K (76%)
----------------- Invoking toplevel() on ptolemy.moml.MoMLSimpleApplication@5a20bfcf
----------------- Done invoking toplevel() on ptolemy.moml.MoMLSimpleApplication@5a20bfcf
reloadAllAccessors: .BouncingBall

===========================================================================================
----------------- testing Tue Dec 24 06:28:20 UTC 2019 /home/travis/build/icyphy/ptII/ptolemy/domains/continuous/test/auto/BouncingBallWithoutGR.xml
----------------- Instantiating /home/travis/build/icyphy/ptII/ptolemy/domains/continuous/test/auto/BouncingBallWithoutGR.xml
859 ms. Memory: 187392K Free: 151694K (81%)
----------------- Invoking toplevel() on ptolemy.moml.MoMLSimpleApplication@4661ad36
----------------- Done invoking toplevel() on ptolemy.moml.MoMLSimpleApplication@4661ad36
reloadAllAccessors: .BouncingBallWithoutGR

===========================================================================================
----------------- testing Tue Dec 24 06:28:21 UTC 2019 /home/travis/build/icyphy/ptII/ptolemy/domains/continuous/test/auto/Brownian.xml
----------------- Instantiating /home/travis/build/icyphy/ptII/ptolemy/domains/continuous/test/auto/Brownian.xml
21 ms. Memory: 187392K Free: 143006K (76%)
----------------- Invoking toplevel() on ptolemy.moml.MoMLSimpleApplication@5063307b
----------------- Done invoking toplevel() on ptolemy.moml.MoMLSimpleApplication@5063307b
reloadAllAccessors: .Brownian

===========================================================================================
----------------- testing Tue Dec 24 06:28:21 UTC 2019 /home/travis/build/icyphy/ptII/ptolemy/domains/continuous/test/auto/CarTracking.xml
----------------- Instantiating /home/travis/build/icyphy/ptII/ptolemy/domains/continuous/test/auto/CarTracking.xml
3536 ms. Memory: 225280K Free: 132677K (59%)
----------------- Invoking toplevel() on ptolemy.moml.MoMLSimpleApplication@5ae1d194
----------------- Done invoking toplevel() on ptolemy.moml.MoMLSimpleApplication@5ae1d194
reloadAllAccessors: .CarTracking

===========================================================================================
----------------- testing Tue Dec 24 06:28:25 UTC 2019 /home/travis/build/icyphy/ptII/ptolemy/domains/continuous/test/auto/CartPendulum.xml
----------------- Instantiating /home/travis/build/icyphy/ptII/ptolemy/domains/continuous/test/auto/CartPendulum.xml
400 ms. Memory: 225280K Free: 174158K (77%)
----------------- Invoking toplevel() on ptolemy.moml.MoMLSimpleApplication@315442ec
----------------- Done invoking toplevel() on ptolemy.moml.MoMLSimpleApplication@315442ec
reloadAllAccessors: .CartPendulum

===========================================================================================
----------------- testing Tue Dec 24 06:28:25 UTC 2019 /home/travis/build/icyphy/ptII/ptolemy/domains/continuous/test/auto/CausalityInterface10.xml
----------------- Instantiating /home/travis/build/icyphy/ptII/ptolemy/domains/continuous/test/auto/CausalityInterface10.xml
10 ms. Memory: 225280K Free: 163404K (73%)
----------------- Invoking toplevel() on ptolemy.moml.MoMLSimpleApplication@64495179
----------------- Done invoking toplevel() on ptolemy.moml.MoMLSimpleApplication@64495179
reloadAllAccessors: .CausalityInterface10

===========================================================================================
----------------- testing Tue Dec 24 06:28:25 UTC 2019 /home/travis/build/icyphy/ptII/ptolemy/domains/continuous/test/auto/CausalityInterface11.xml
----------------- Instantiating /home/travis/build/icyphy/ptII/ptolemy/domains/continuous/test/auto/CausalityInterface11.xml
4 ms. Memory: 225280K Free: 157246K (70%)
----------------- Invoking toplevel() on ptolemy.moml.MoMLSimpleApplication@274c7498
----------------- Done invoking toplevel() on ptolemy.moml.MoMLSimpleApplication@274c7498
reloadAllAccessors: .CausalityInterface11

===========================================================================================
----------------- testing Tue Dec 24 06:28:25 UTC 2019 /home/travis/build/icyphy/ptII/ptolemy/domains/continuous/test/auto/CausalityInterface12.xml
----------------- Instantiating /home/travis/build/icyphy/ptII/ptolemy/domains/continuous/test/auto/CausalityInterface12.xml
10 ms. Memory: 225280K Free: 151116K (67%)
----------------- Invoking toplevel() on ptolemy.moml.MoMLSimpleApplication@738f4697
----------------- Done invoking toplevel() on ptolemy.moml.MoMLSimpleApplication@738f4697
reloadAllAccessors: .CausalityInterface12

===========================================================================================
----------------- testing Tue Dec 24 06:28:26 UTC 2019 /home/travis/build/icyphy/ptII/ptolemy/domains/continuous/test/auto/CausalityInterface13.xml
----------------- Instantiating /home/travis/build/icyphy/ptII/ptolemy/domains/continuous/test/auto/CausalityInterface13.xml
7 ms. Memory: 225280K Free: 144958K (64%)
----------------- Invoking toplevel() on ptolemy.moml.MoMLSimpleApplication@20993d0c
----------------- Done invoking toplevel() on ptolemy.moml.MoMLSimpleApplication@20993d0c
reloadAllAccessors: .CausalityInterface13

===========================================================================================
----------------- testing Tue Dec 24 06:28:26 UTC 2019 /home/travis/build/icyphy/ptII/ptolemy/domains/continuous/test/auto/CausalityInterface14.xml
----------------- Instantiating /home/travis/build/icyphy/ptII/ptolemy/domains/continuous/test/auto/CausalityInterface14.xml
3 ms. Memory: 225280K Free: 139342K (62%)
----------------- Invoking toplevel() on ptolemy.moml.MoMLSimpleApplication@5b6d4a1b
----------------- Done invoking toplevel() on ptolemy.moml.MoMLSimpleApplication@5b6d4a1b
reloadAllAccessors: .CausalityInterface14

===========================================================================================
----------------- testing Tue Dec 24 06:28:26 UTC 2019 /home/travis/build/icyphy/ptII/ptolemy/domains/continuous/test/auto/CausalityInterface4.xml
----------------- Instantiating /home/travis/build/icyphy/ptII/ptolemy/domains/continuous/test/auto/CausalityInterface4.xml
5 ms. Memory: 225280K Free: 132174K (59%)
----------------- Invoking toplevel() on ptolemy.moml.MoMLSimpleApplication@551f46c1
----------------- Done invoking toplevel() on ptolemy.moml.MoMLSimpleApplication@551f46c1
reloadAllAccessors: .CausalityInterface4

===========================================================================================
----------------- testing Tue Dec 24 06:28:26 UTC 2019 /home/travis/build/icyphy/ptII/ptolemy/domains/continuous/test/auto/CausalityInterface5.xml
----------------- Instantiating /home/travis/build/icyphy/ptII/ptolemy/domains/continuous/test/auto/CausalityInterface5.xml
4 ms. Memory: 225280K Free: 123982K (55%)
----------------- Invoking toplevel() on ptolemy.moml.MoMLSimpleApplication@56dfd9fe
----------------- Done invoking toplevel() on ptolemy.moml.MoMLSimpleApplication@56dfd9fe
reloadAllAccessors: .CausalityInterface5

===========================================================================================
----------------- testing Tue Dec 24 06:28:26 UTC 2019 /home/travis/build/icyphy/ptII/ptolemy/domains/continuous/test/auto/CausalityInterface6.xml
----------------- Instantiating /home/travis/build/icyphy/ptII/ptolemy/domains/continuous/test/auto/CausalityInterface6.xml
4 ms. Memory: 225280K Free: 118862K (53%)
----------------- Invoking toplevel() on ptolemy.moml.MoMLSimpleApplication@6a14cd09
----------------- Done invoking toplevel() on ptolemy.moml.MoMLSimpleApplication@6a14cd09
reloadAllAccessors: .CausalityInterface6

===========================================================================================
----------------- testing Tue Dec 24 06:28:26 UTC 2019 /home/travis/build/icyphy/ptII/ptolemy/domains/continuous/test/auto/CausalityInterface7.xml
----------------- Instantiating /home/travis/build/icyphy/ptII/ptolemy/domains/continuous/test/auto/CausalityInterface7.xml
8 ms. Memory: 225280K Free: 110156K (49%)
----------------- Invoking toplevel() on ptolemy.moml.MoMLSimpleApplication@72e9f87a
----------------- Done invoking toplevel() on ptolemy.moml.MoMLSimpleApplication@72e9f87a
reloadAllAccessors: .CausalityInterface7

===========================================================================================
----------------- testing Tue Dec 24 06:28:26 UTC 2019 /home/travis/build/icyphy/ptII/ptolemy/domains/continuous/test/auto/CausalityInterface8.xml
----------------- Instantiating /home/travis/build/icyphy/ptII/ptolemy/domains/continuous/test/auto/CausalityInterface8.xml
5 ms. Memory: 225280K Free: 100940K (45%)
----------------- Invoking toplevel() on ptolemy.moml.MoMLSimpleApplication@26da5060
----------------- Done invoking toplevel() on ptolemy.moml.MoMLSimpleApplication@26da5060
reloadAllAccessors: .CausalityInterface8

===========================================================================================
----------------- testing Tue Dec 24 06:28:26 UTC 2019 /home/travis/build/icyphy/ptII/ptolemy/domains/continuous/test/auto/CausalityInterface9.xml
----------------- Instantiating /home/travis/build/icyphy/ptII/ptolemy/domains/continuous/test/auto/CausalityInterface9.xml
8 ms. Memory: 225280K Free: 90190K (40%)
----------------- Invoking toplevel() on ptolemy.moml.MoMLSimpleApplication@b3a5a0e
----------------- Done invoking toplevel() on ptolemy.moml.MoMLSimpleApplication@b3a5a0e
reloadAllAccessors: .CausalityInterface9

===========================================================================================
----------------- testing Tue Dec 24 06:28:26 UTC 2019 /home/travis/build/icyphy/ptII/ptolemy/domains/continuous/test/auto/CausalityInterfaceFeedback1.xml
----------------- Instantiating /home/travis/build/icyphy/ptII/ptolemy/domains/continuous/test/auto/CausalityInterfaceFeedback1.xml
4 ms. Memory: 225280K Free: 83502K (37%)
----------------- Invoking toplevel() on ptolemy.moml.MoMLSimpleApplication@7924e733
----------------- Done invoking toplevel() on ptolemy.moml.MoMLSimpleApplication@7924e733
reloadAllAccessors: .CausalityInterfaceFeedback1

===========================================================================================
----------------- testing Tue Dec 24 06:28:26 UTC 2019 /home/travis/build/icyphy/ptII/ptolemy/domains/continuous/test/auto/CausalityInterfaceFeedback2.xml
----------------- Instantiating /home/travis/build/icyphy/ptII/ptolemy/domains/continuous/test/auto/CausalityInterfaceFeedback2.xml
8 ms. Memory: 225280K Free: 210460K (93%)
----------------- Invoking toplevel() on ptolemy.moml.MoMLSimpleApplication@44b3b5a
----------------- Done invoking toplevel() on ptolemy.moml.MoMLSimpleApplication@44b3b5a
reloadAllAccessors: .CausalityInterfaceFeedback2

===========================================================================================
----------------- testing Tue Dec 24 06:28:26 UTC 2019 /home/travis/build/icyphy/ptII/ptolemy/domains/continuous/test/auto/CompareWithCurrentTime.xml
----------------- Instantiating /home/travis/build/icyphy/ptII/ptolemy/domains/continuous/test/auto/CompareWithCurrentTime.xml
6 ms. Memory: 225280K Free: 205852K (91%)
----------------- Invoking toplevel() on ptolemy.moml.MoMLSimpleApplication@31316575
----------------- Done invoking toplevel() on ptolemy.moml.MoMLSimpleApplication@31316575
reloadAllAccessors: .CompareWithCurrentTime

===========================================================================================
----------------- testing Tue Dec 24 06:28:26 UTC 2019 /home/travis/build/icyphy/ptII/ptolemy/domains/continuous/test/auto/ComparedClocks.xml
----------------- Instantiating /home/travis/build/icyphy/ptII/ptolemy/domains/continuous/test/auto/ComparedClocks.xml
6 ms. Memory: 225280K Free: 190478K (85%)
----------------- Invoking toplevel() on ptolemy.moml.MoMLSimpleApplication@203a667c
----------------- Done invoking toplevel() on ptolemy.moml.MoMLSimpleApplication@203a667c
reloadAllAccessors: .ComparedClocks

===========================================================================================
----------------- testing Tue Dec 24 06:28:26 UTC 2019 /home/travis/build/icyphy/ptII/ptolemy/domains/continuous/test/auto/ContinuousAOCClone.xml
----------------- Instantiating /home/travis/build/icyphy/ptII/ptolemy/domains/continuous/test/auto/ContinuousAOCClone.xml
2264 ms. Memory: 270336K Free: 152253K (56%)
----------------- Invoking toplevel() on ptolemy.moml.MoMLSimpleApplication@20c5f3e5
----------------- Done invoking toplevel() on ptolemy.moml.MoMLSimpleApplication@20c5f3e5
reloadAllAccessors: .ContinuousAOCClone

===========================================================================================
----------------- testing Tue Dec 24 06:28:29 UTC 2019 /home/travis/build/icyphy/ptII/ptolemy/domains/continuous/test/auto/ContinuousClock.xml
----------------- Instantiating /home/travis/build/icyphy/ptII/ptolemy/domains/continuous/test/auto/ContinuousClock.xml
30 ms. Memory: 270336K Free: 130749K (48%)
----------------- Invoking toplevel() on ptolemy.moml.MoMLSimpleApplication@3c2dcdef
----------------- Done invoking toplevel() on ptolemy.moml.MoMLSimpleApplication@3c2dcdef
reloadAllAccessors: .ContinuousClock

===========================================================================================
----------------- testing Tue Dec 24 06:28:29 UTC 2019 /home/travis/build/icyphy/ptII/ptolemy/domains/continuous/test/auto/ContinuousInContinuous.xml
----------------- Instantiating /home/travis/build/icyphy/ptII/ptolemy/domains/continuous/test/auto/ContinuousInContinuous.xml
36 ms. Memory: 270336K Free: 107197K (40%)
----------------- Invoking toplevel() on ptolemy.moml.MoMLSimpleApplication@3eec1a37
----------------- Done invoking toplevel() on ptolemy.moml.MoMLSimpleApplication@3eec1a37
reloadAllAccessors: .ContinuousInContinuous

===========================================================================================
----------------- testing Tue Dec 24 06:28:29 UTC 2019 /home/travis/build/icyphy/ptII/ptolemy/domains/continuous/test/auto/ContinuousInContinuousInContinuous.xml
----------------- Instantiating /home/travis/build/icyphy/ptII/ptolemy/domains/continuous/test/auto/ContinuousInContinuousInContinuous.xml
5 ms. Memory: 270336K Free: 100029K (37%)
----------------- Invoking toplevel() on ptolemy.moml.MoMLSimpleApplication@43dcfdb1
----------------- Done invoking toplevel() on ptolemy.moml.MoMLSimpleApplication@43dcfdb1
reloadAllAccessors: .ContinuousInContinuousInContinuous

===========================================================================================
----------------- testing Tue Dec 24 06:28:29 UTC 2019 /home/travis/build/icyphy/ptII/ptolemy/domains/continuous/test/auto/ContinuousInDE.xml
----------------- Instantiating /home/travis/build/icyphy/ptII/ptolemy/domains/continuous/test/auto/ContinuousInDE.xml
88 ms. Memory: 270336K Free: 250038K (92%)
----------------- Invoking toplevel() on ptolemy.moml.MoMLSimpleApplication@500353ef
----------------- Done invoking toplevel() on ptolemy.moml.MoMLSimpleApplication@500353ef
reloadAllAccessors: .ContinuousInDE

===========================================================================================
----------------- testing Tue Dec 24 06:28:29 UTC 2019 /home/travis/build/icyphy/ptII/ptolemy/domains/continuous/test/auto/ContinuousInDE2.xml
----------------- Instantiating /home/travis/build/icyphy/ptII/ptolemy/domains/continuous/test/auto/ContinuousInDE2.xml
32 ms. Memory: 270336K Free: 240308K (89%)
----------------- Invoking toplevel() on ptolemy.moml.MoMLSimpleApplication@6f7bbbae
----------------- Done invoking toplevel() on ptolemy.moml.MoMLSimpleApplication@6f7bbbae
reloadAllAccessors: .ContinuousInDE2

===========================================================================================
----------------- testing Tue Dec 24 06:28:29 UTC 2019 /home/travis/build/icyphy/ptII/ptolemy/domains/continuous/test/auto/ContinuousInDE3.xml
----------------- Instantiating /home/travis/build/icyphy/ptII/ptolemy/domains/continuous/test/auto/ContinuousInDE3.xml
35 ms. Memory: 270336K Free: 230582K (85%)
----------------- Invoking toplevel() on ptolemy.moml.MoMLSimpleApplication@15df73e4
----------------- Done invoking toplevel() on ptolemy.moml.MoMLSimpleApplication@15df73e4
reloadAllAccessors: .ContinuousInDE3

===========================================================================================
----------------- testing Tue Dec 24 06:28:29 UTC 2019 /home/travis/build/icyphy/ptII/ptolemy/domains/continuous/test/auto/ContinuousInDE4.xml
----------------- Instantiating /home/travis/build/icyphy/ptII/ptolemy/domains/continuous/test/auto/ContinuousInDE4.xml
11 ms. Memory: 270336K Free: 224438K (83%)
----------------- Invoking toplevel() on ptolemy.moml.MoMLSimpleApplication@70ebc43f
----------------- Done invoking toplevel() on ptolemy.moml.MoMLSimpleApplication@70ebc43f
reloadAllAccessors: .ContinuousInDE4

===========================================================================================
----------------- testing Tue Dec 24 06:28:29 UTC 2019 /home/travis/build/icyphy/ptII/ptolemy/domains/continuous/test/auto/ContinuousInDEDifferentRefinements.xml
----------------- Instantiating /home/travis/build/icyphy/ptII/ptolemy/domains/continuous/test/auto/ContinuousInDEDifferentRefinements.xml
42 ms. Memory: 270336K Free: 193190K (71%)
----------------- Invoking toplevel() on ptolemy.moml.MoMLSimpleApplication@717f920f
----------------- Done invoking toplevel() on ptolemy.moml.MoMLSimpleApplication@717f920f
reloadAllAccessors: .ContinuousInDEDifferentRefinements

===========================================================================================
----------------- testing Tue Dec 24 06:28:29 UTC 2019 /home/travis/build/icyphy/ptII/ptolemy/domains/continuous/test/auto/ContinuousInDEDifferentRefinementsPreemptive.xml
----------------- Instantiating /home/travis/build/icyphy/ptII/ptolemy/domains/continuous/test/auto/ContinuousInDEDifferentRefinementsPreemptive.xml
39 ms. Memory: 270336K Free: 162484K (60%)
----------------- Invoking toplevel() on ptolemy.moml.MoMLSimpleApplication@4b8c6727
----------------- Done invoking toplevel() on ptolemy.moml.MoMLSimpleApplication@4b8c6727
reloadAllAccessors: .ContinuousInDEDifferentRefinementsPreemptive

===========================================================================================
----------------- testing Tue Dec 24 06:28:29 UTC 2019 /home/travis/build/icyphy/ptII/ptolemy/domains/continuous/test/auto/ContinuousInDEInContinuous2.xml
----------------- Instantiating /home/travis/build/icyphy/ptII/ptolemy/domains/continuous/test/auto/ContinuousInDEInContinuous2.xml
35 ms. Memory: 270336K Free: 151220K (56%)
----------------- Invoking toplevel() on ptolemy.moml.MoMLSimpleApplication@33994d80
----------------- Done invoking toplevel() on ptolemy.moml.MoMLSimpleApplication@33994d80
reloadAllAccessors: .ContinuousInDEInContinuous2

===========================================================================================
----------------- testing Tue Dec 24 06:28:29 UTC 2019 /home/travis/build/icyphy/ptII/ptolemy/domains/continuous/test/auto/ContinuousInDEInContinuous3.xml
----------------- Instantiating /home/travis/build/icyphy/ptII/ptolemy/domains/continuous/test/auto/ContinuousInDEInContinuous3.xml
35 ms. Memory: 270336K Free: 139446K (52%)
----------------- Invoking toplevel() on ptolemy.moml.MoMLSimpleApplication@40c080e
----------------- Done invoking toplevel() on ptolemy.moml.MoMLSimpleApplication@40c080e
reloadAllAccessors: .ContinuousInDEInContinuous3

===========================================================================================
----------------- testing Tue Dec 24 06:28:29 UTC 2019 /home/travis/build/icyphy/ptII/ptolemy/domains/continuous/test/auto/ContinuousInDEInput.xml
----------------- Instantiating /home/travis/build/icyphy/ptII/ptolemy/domains/continuous/test/auto/ContinuousInDEInput.xml
14 ms. Memory: 270336K Free: 132278K (49%)
----------------- Invoking toplevel() on ptolemy.moml.MoMLSimpleApplication@4ddd40b5
----------------- Done invoking toplevel() on ptolemy.moml.MoMLSimpleApplication@4ddd40b5
reloadAllAccessors: .ContinuousInDEInput

===========================================================================================
----------------- testing Tue Dec 24 06:28:29 UTC 2019 /home/travis/build/icyphy/ptII/ptolemy/domains/continuous/test/auto/ContinuousInDEInput2.xml
----------------- Instantiating /home/travis/build/icyphy/ptII/ptolemy/domains/continuous/test/auto/ContinuousInDEInput2.xml
12 ms. Memory: 270336K Free: 125110K (46%)
----------------- Invoking toplevel() on ptolemy.moml.MoMLSimpleApplication@22d48d8
----------------- Done invoking toplevel() on ptolemy.moml.MoMLSimpleApplication@22d48d8
reloadAllAccessors: .ContinuousInDEInput2

===========================================================================================
----------------- testing Tue Dec 24 06:28:29 UTC 2019 /home/travis/build/icyphy/ptII/ptolemy/domains/continuous/test/auto/ContinuousInDEInput3.xml
----------------- Instantiating /home/travis/build/icyphy/ptII/ptolemy/domains/continuous/test/auto/ContinuousInDEInput3.xml
13 ms. Memory: 270336K Free: 117428K (43%)
----------------- Invoking toplevel() on ptolemy.moml.MoMLSimpleApplication@7086af42
----------------- Done invoking toplevel() on ptolemy.moml.MoMLSimpleApplication@7086af42
reloadAllAccessors: .ContinuousInDEInput3

===========================================================================================
----------------- testing Tue Dec 24 06:28:30 UTC 2019 /home/travis/build/icyphy/ptII/ptolemy/domains/continuous/test/auto/ContinuousInDESharingRefinement.xml
----------------- Instantiating /home/travis/build/icyphy/ptII/ptolemy/domains/continuous/test/auto/ContinuousInDESharingRefinement.xml
157 ms. Memory: 270336K Free: 183774K (68%)
----------------- Invoking toplevel() on ptolemy.moml.MoMLSimpleApplication@fa459df
----------------- Done invoking toplevel() on ptolemy.moml.MoMLSimpleApplication@fa459df
reloadAllAccessors: .ContinuousInDESharingRefinement

===========================================================================================
----------------- testing Tue Dec 24 06:28:30 UTC 2019 /home/travis/build/icyphy/ptII/ptolemy/domains/continuous/test/auto/ContinuousInDEwithNoPorts.xml
----------------- Instantiating /home/travis/build/icyphy/ptII/ptolemy/domains/continuous/test/auto/ContinuousInDEwithNoPorts.xml
4 ms. Memory: 270336K Free: 179475K (66%)
----------------- Invoking toplevel() on ptolemy.moml.MoMLSimpleApplication@463ac8cb
----------------- Done invoking toplevel() on ptolemy.moml.MoMLSimpleApplication@463ac8cb
reloadAllAccessors: .ContinuousInDEwithNoPorts

===========================================================================================
----------------- testing Tue Dec 24 06:28:30 UTC 2019 /home/travis/build/icyphy/ptII/ptolemy/domains/continuous/test/auto/ContinuousInsideDE.xml
----------------- Instantiating /home/travis/build/icyphy/ptII/ptolemy/domains/continuous/test/auto/ContinuousInsideDE.xml
31 ms. Memory: 270336K Free: 168211K (62%)
----------------- Invoking toplevel() on ptolemy.moml.MoMLSimpleApplication@3b5e69c5
----------------- Done invoking toplevel() on ptolemy.moml.MoMLSimpleApplication@3b5e69c5
reloadAllAccessors: .ContinuousInsideDE

===========================================================================================
----------------- testing Tue Dec 24 06:28:30 UTC 2019 /home/travis/build/icyphy/ptII/ptolemy/domains/continuous/test/auto/ContinuousMerge1.xml
----------------- Instantiating /home/travis/build/icyphy/ptII/ptolemy/domains/continuous/test/auto/ContinuousMerge1.xml
2 ms. Memory: 270336K Free: 163587K (61%)
----------------- Invoking toplevel() on ptolemy.moml.MoMLSimpleApplication@6a3b0699
----------------- Done invoking toplevel() on ptolemy.moml.MoMLSimpleApplication@6a3b0699
reloadAllAccessors: .ContinuousMerge1

===========================================================================================
----------------- testing Tue Dec 24 06:28:30 UTC 2019 /home/travis/build/icyphy/ptII/ptolemy/domains/continuous/test/auto/ContinuousMerge2.xml
----------------- Instantiating /home/travis/build/icyphy/ptII/ptolemy/domains/continuous/test/auto/ContinuousMerge2.xml
10 ms. Memory: 270336K Free: 153361K (57%)
----------------- Invoking toplevel() on ptolemy.moml.MoMLSimpleApplication@51ebaf53
----------------- Done invoking toplevel() on ptolemy.moml.MoMLSimpleApplication@51ebaf53
reloadAllAccessors: .ContinuousMerge2

===========================================================================================
----------------- testing Tue Dec 24 06:28:30 UTC 2019 /home/travis/build/icyphy/ptII/ptolemy/domains/continuous/test/auto/ContinuousMerge3.xml
----------------- Instantiating /home/travis/build/icyphy/ptII/ptolemy/domains/continuous/test/auto/ContinuousMerge3.xml
38 ms. Memory: 270336K Free: 142611K (53%)
----------------- Invoking toplevel() on ptolemy.moml.MoMLSimpleApplication@3de5bee4
----------------- Done invoking toplevel() on ptolemy.moml.MoMLSimpleApplication@3de5bee4
reloadAllAccessors: .ContinuousMerge3

===========================================================================================
----------------- testing Tue Dec 24 06:28:30 UTC 2019 /home/travis/build/icyphy/ptII/ptolemy/domains/continuous/test/auto/ContinuousWithinContinuous.xml
----------------- Instantiating /home/travis/build/icyphy/ptII/ptolemy/domains/continuous/test/auto/ContinuousWithinContinuous.xml
32 ms. Memory: 270336K Free: 132881K (49%)
----------------- Invoking toplevel() on ptolemy.moml.MoMLSimpleApplication@70afb357
----------------- Done invoking toplevel() on ptolemy.moml.MoMLSimpleApplication@70afb357
reloadAllAccessors: .ContinuousWithinContinuous

===========================================================================================
----------------- testing Tue Dec 24 06:28:30 UTC 2019 /home/travis/build/icyphy/ptII/ptolemy/domains/continuous/test/auto/ContinuousWithinContinuous2.xml
----------------- Instantiating /home/travis/build/icyphy/ptII/ptolemy/domains/continuous/test/auto/ContinuousWithinContinuous2.xml
58 ms. Memory: 270336K Free: 122131K (45%)
----------------- Invoking toplevel() on ptolemy.moml.MoMLSimpleApplication@11d14ec7
----------------- Done invoking toplevel() on ptolemy.moml.MoMLSimpleApplication@11d14ec7
reloadAllAccessors: .ContinuousWithinContinuous2

===========================================================================================
----------------- testing Tue Dec 24 06:28:30 UTC 2019 /home/travis/build/icyphy/ptII/ptolemy/domains/continuous/test/auto/ContinuousWithinContinuous3.xml
----------------- Instantiating /home/travis/build/icyphy/ptII/ptolemy/domains/continuous/test/auto/ContinuousWithinContinuous3.xml
10 ms. Memory: 270336K Free: 114963K (43%)
----------------- Invoking toplevel() on ptolemy.moml.MoMLSimpleApplication@7c32691a
----------------- Done invoking toplevel() on ptolemy.moml.MoMLSimpleApplication@7c32691a
reloadAllAccessors: .ContinuousWithinContinuous3

===========================================================================================
----------------- testing Tue Dec 24 06:28:30 UTC 2019 /home/travis/build/icyphy/ptII/ptolemy/domains/continuous/test/auto/ContinuousWithinContinuous4.xml
----------------- Instantiating /home/travis/build/icyphy/ptII/ptolemy/domains/continuous/test/auto/ContinuousWithinContinuous4.xml
63 ms. Memory: 270336K Free: 102675K (38%)
----------------- Invoking toplevel() on ptolemy.moml.MoMLSimpleApplication@ea7ab3a
----------------- Done invoking toplevel() on ptolemy.moml.MoMLSimpleApplication@ea7ab3a
reloadAllAccessors: .ContinuousWithinContinuous4

===========================================================================================
----------------- testing Tue Dec 24 06:28:30 UTC 2019 /home/travis/build/icyphy/ptII/ptolemy/domains/continuous/test/auto/ContinuousWithinContinuous5.xml
----------------- Instantiating /home/travis/build/icyphy/ptII/ptolemy/domains/continuous/test/auto/ContinuousWithinContinuous5.xml
11 ms. Memory: 270336K Free: 95507K (35%)
----------------- Invoking toplevel() on ptolemy.moml.MoMLSimpleApplication@6dbe35a0
----------------- Done invoking toplevel() on ptolemy.moml.MoMLSimpleApplication@6dbe35a0
reloadAllAccessors: .ContinuousWithinContinuous5

===========================================================================================
----------------- testing Tue Dec 24 06:28:30 UTC 2019 /home/travis/build/icyphy/ptII/ptolemy/domains/continuous/test/auto/ContinuousWithinContinuous6.xml
----------------- Instantiating /home/travis/build/icyphy/ptII/ptolemy/domains/continuous/test/auto/ContinuousWithinContinuous6.xml
10 ms. Memory: 270336K Free: 249229K (92%)
----------------- Invoking toplevel() on ptolemy.moml.MoMLSimpleApplication@4176ed50
----------------- Done invoking toplevel() on ptolemy.moml.MoMLSimpleApplication@4176ed50
reloadAllAccessors: .ContinuousWithinContinuous6

===========================================================================================
----------------- testing Tue Dec 24 06:28:30 UTC 2019 /home/travis/build/icyphy/ptII/ptolemy/domains/continuous/test/auto/ContinuousWithinContinuous7.xml
----------------- Instantiating /home/travis/build/icyphy/ptII/ptolemy/domains/continuous/test/auto/ContinuousWithinContinuous7.xml
54 ms. Memory: 270336K Free: 237965K (88%)
----------------- Invoking toplevel() on ptolemy.moml.MoMLSimpleApplication@7e84e444
----------------- Done invoking toplevel() on ptolemy.moml.MoMLSimpleApplication@7e84e444
reloadAllAccessors: .ContinuousWithinContinuous7

===========================================================================================
----------------- testing Tue Dec 24 06:28:30 UTC 2019 /home/travis/build/icyphy/ptII/ptolemy/domains/continuous/test/auto/DCMotor.xml
----------------- Instantiating /home/travis/build/icyphy/ptII/ptolemy/domains/continuous/test/auto/DCMotor.xml
13948 ms. Memory: 270336K Free: 184635K (68%)
----------------- Invoking toplevel() on ptolemy.moml.MoMLSimpleApplication@e49823b
----------------- Done invoking toplevel() on ptolemy.moml.MoMLSimpleApplication@e49823b
reloadAllAccessors: .DCMotor

===========================================================================================
----------------- testing Tue Dec 24 06:28:44 UTC 2019 /home/travis/build/icyphy/ptII/ptolemy/domains/continuous/test/auto/DEInContinuous.xml
----------------- Instantiating /home/travis/build/icyphy/ptII/ptolemy/domains/continuous/test/auto/DEInContinuous.xml
15 ms. Memory: 270336K Free: 178497K (66%)
----------------- Invoking toplevel() on ptolemy.moml.MoMLSimpleApplication@3f870283
----------------- Done invoking toplevel() on ptolemy.moml.MoMLSimpleApplication@3f870283
reloadAllAccessors: .DEInContinuous

===========================================================================================
----------------- testing Tue Dec 24 06:28:44 UTC 2019 /home/travis/build/icyphy/ptII/ptolemy/domains/continuous/test/auto/DEinContinuous2.xml
----------------- Instantiating /home/travis/build/icyphy/ptII/ptolemy/domains/continuous/test/auto/DEinContinuous2.xml
7 ms. Memory: 270336K Free: 170291K (63%)
----------------- Invoking toplevel() on ptolemy.moml.MoMLSimpleApplication@b5cea7d
----------------- Done invoking toplevel() on ptolemy.moml.MoMLSimpleApplication@b5cea7d
reloadAllAccessors: .DEinContinuous2

===========================================================================================
----------------- testing Tue Dec 24 06:28:44 UTC 2019 /home/travis/build/icyphy/ptII/ptolemy/domains/continuous/test/auto/Derivative.xml
----------------- Instantiating /home/travis/build/icyphy/ptII/ptolemy/domains/continuous/test/auto/Derivative.xml
129 ms. Memory: 270336K Free: 140609K (52%)
----------------- Invoking toplevel() on ptolemy.moml.MoMLSimpleApplication@4a67a3fe
----------------- Done invoking toplevel() on ptolemy.moml.MoMLSimpleApplication@4a67a3fe
reloadAllAccessors: .Derivative2

===========================================================================================
----------------- testing Tue Dec 24 06:28:45 UTC 2019 /home/travis/build/icyphy/ptII/ptolemy/domains/continuous/test/auto/Derivative1.xml
----------------- Instantiating /home/travis/build/icyphy/ptII/ptolemy/domains/continuous/test/auto/Derivative1.xml
20 ms. Memory: 270336K Free: 126273K (47%)
----------------- Invoking toplevel() on ptolemy.moml.MoMLSimpleApplication@543e6afe
----------------- Done invoking toplevel() on ptolemy.moml.MoMLSimpleApplication@543e6afe
reloadAllAccessors: .Derivative1

===========================================================================================
----------------- testing Tue Dec 24 06:28:45 UTC 2019 /home/travis/build/icyphy/ptII/ptolemy/domains/continuous/test/auto/DiscreteClock.xml
----------------- Instantiating /home/travis/build/icyphy/ptII/ptolemy/domains/continuous/test/auto/DiscreteClock.xml
3 ms. Memory: 270336K Free: 121153K (45%)
----------------- Invoking toplevel() on ptolemy.moml.MoMLSimpleApplication@50935a9b
----------------- Done invoking toplevel() on ptolemy.moml.MoMLSimpleApplication@50935a9b
reloadAllAccessors: .DiscreteClock

===========================================================================================
----------------- testing Tue Dec 24 06:28:45 UTC 2019 /home/travis/build/icyphy/ptII/ptolemy/domains/continuous/test/auto/EfficiencyCurve.xml
----------------- Instantiating /home/travis/build/icyphy/ptII/ptolemy/domains/continuous/test/auto/EfficiencyCurve.xml
46 ms. Memory: 270336K Free: 111937K (41%)
----------------- Invoking toplevel() on ptolemy.moml.MoMLSimpleApplication@4787868f
----------------- Done invoking toplevel() on ptolemy.moml.MoMLSimpleApplication@4787868f
reloadAllAccessors: .EfficiencyCurve

===========================================================================================
----------------- testing Tue Dec 24 06:28:45 UTC 2019 /home/travis/build/icyphy/ptII/ptolemy/domains/continuous/test/auto/ExponentialResponse.xml
----------------- Instantiating /home/travis/build/icyphy/ptII/ptolemy/domains/continuous/test/auto/ExponentialResponse.xml
96 ms. Memory: 270336K Free: 95553K (35%)
----------------- Invoking toplevel() on ptolemy.moml.MoMLSimpleApplication@727c20ef
----------------- Done invoking toplevel() on ptolemy.moml.MoMLSimpleApplication@727c20ef
reloadAllAccessors: .ExponentialResponse

===========================================================================================
----------------- testing Tue Dec 24 06:28:45 UTC 2019 /home/travis/build/icyphy/ptII/ptolemy/domains/continuous/test/auto/ExponentialResponseRK45.xml
----------------- Instantiating /home/travis/build/icyphy/ptII/ptolemy/domains/continuous/test/auto/ExponentialResponseRK45.xml
25 ms. Memory: 270336K Free: 249568K (92%)
----------------- Invoking toplevel() on ptolemy.moml.MoMLSimpleApplication@4a7335a3
----------------- Done invoking toplevel() on ptolemy.moml.MoMLSimpleApplication@4a7335a3
reloadAllAccessors: .ExponentialResponseRK45

===========================================================================================
----------------- testing Tue Dec 24 06:28:45 UTC 2019 /home/travis/build/icyphy/ptII/ptolemy/domains/continuous/test/auto/Friction.xml
----------------- Instantiating /home/travis/build/icyphy/ptII/ptolemy/domains/continuous/test/auto/Friction.xml
1457 ms. Memory: 270336K Free: 141882K (52%)
----------------- Invoking toplevel() on ptolemy.moml.MoMLSimpleApplication@7250605d
----------------- Done invoking toplevel() on ptolemy.moml.MoMLSimpleApplication@7250605d
reloadAllAccessors: .Friction

===========================================================================================
----------------- testing Tue Dec 24 06:28:46 UTC 2019 /home/travis/build/icyphy/ptII/ptolemy/domains/continuous/test/auto/FurutaPendulum.xml
----------------- Instantiating /home/travis/build/icyphy/ptII/ptolemy/domains/continuous/test/auto/FurutaPendulum.xml
2812 ms. Memory: 270336K Free: 120353K (45%)
----------------- Invoking toplevel() on ptolemy.moml.MoMLSimpleApplication@7fa1f5d8
----------------- Done invoking toplevel() on ptolemy.moml.MoMLSimpleApplication@7fa1f5d8
reloadAllAccessors: .FurutaPendulum

===========================================================================================
----------------- testing Tue Dec 24 06:28:49 UTC 2019 /home/travis/build/icyphy/ptII/ptolemy/domains/continuous/test/auto/HierarchicalExecution.xml
----------------- Instantiating /home/travis/build/icyphy/ptII/ptolemy/domains/continuous/test/auto/HierarchicalExecution.xml
1420 ms. Memory: 270336K Free: 150845K (56%)
----------------- Invoking toplevel() on ptolemy.moml.MoMLSimpleApplication@1d217e3b
----------------- Done invoking toplevel() on ptolemy.moml.MoMLSimpleApplication@1d217e3b
reloadAllAccessors: .HierarchicalExecution

===========================================================================================
----------------- testing Tue Dec 24 06:28:51 UTC 2019 /home/travis/build/icyphy/ptII/ptolemy/domains/continuous/test/auto/HybridPlant.xml
----------------- Instantiating /home/travis/build/icyphy/ptII/ptolemy/domains/continuous/test/auto/HybridPlant.xml
539 ms. Memory: 270336K Free: 207991K (77%)
----------------- Invoking toplevel() on ptolemy.moml.MoMLSimpleApplication@52727ff9
----------------- Done invoking toplevel() on ptolemy.moml.MoMLSimpleApplication@52727ff9
reloadAllAccessors: .HybridPlant

===========================================================================================
----------------- testing Tue Dec 24 06:28:52 UTC 2019 /home/travis/build/icyphy/ptII/ptolemy/domains/continuous/test/auto/Hysteresis.xml
----------------- Instantiating /home/travis/build/icyphy/ptII/ptolemy/domains/continuous/test/auto/Hysteresis.xml
139 ms. Memory: 270336K Free: 145017K (54%)
----------------- Invoking toplevel() on ptolemy.moml.MoMLSimpleApplication@a1bac4d
----------------- Done invoking toplevel() on ptolemy.moml.MoMLSimpleApplication@a1bac4d
reloadAllAccessors: .Hysteresis

===========================================================================================
----------------- testing Tue Dec 24 06:28:52 UTC 2019 /home/travis/build/icyphy/ptII/ptolemy/domains/continuous/test/auto/HysteresisWithRandomDelay.xml
----------------- Instantiating /home/travis/build/icyphy/ptII/ptolemy/domains/continuous/test/auto/HysteresisWithRandomDelay.xml
166 ms. Memory: 270336K Free: 232797K (86%)
----------------- Invoking toplevel() on ptolemy.moml.MoMLSimpleApplication@25969c1a
----------------- Done invoking toplevel() on ptolemy.moml.MoMLSimpleApplication@25969c1a
reloadAllAccessors: .HysteresisWithRandomDelay

===========================================================================================
----------------- testing Tue Dec 24 06:28:52 UTC 2019 /home/travis/build/icyphy/ptII/ptolemy/domains/continuous/test/auto/HysteresisWithRandomLosses.xml
----------------- Instantiating /home/travis/build/icyphy/ptII/ptolemy/domains/continuous/test/auto/HysteresisWithRandomLosses.xml
2224 ms. Memory: 270336K Free: 122873K (45%)
----------------- Invoking toplevel() on ptolemy.moml.MoMLSimpleApplication@7c471a79
----------------- Done invoking toplevel() on ptolemy.moml.MoMLSimpleApplication@7c471a79
reloadAllAccessors: .HysteresisWithRandomLosses

===========================================================================================
----------------- testing Tue Dec 24 06:28:54 UTC 2019 /home/travis/build/icyphy/ptII/ptolemy/domains/continuous/test/auto/ImmediateTransitions.xml
----------------- Instantiating /home/travis/build/icyphy/ptII/ptolemy/domains/continuous/test/auto/ImmediateTransitions.xml
9 ms. Memory: 270336K Free: 112123K (41%)
----------------- Invoking toplevel() on ptolemy.moml.MoMLSimpleApplication@18b0c9a1
----------------- Done invoking toplevel() on ptolemy.moml.MoMLSimpleApplication@18b0c9a1
reloadAllAccessors: .ImmediateTransitions

===========================================================================================
----------------- testing Tue Dec 24 06:28:54 UTC 2019 /home/travis/build/icyphy/ptII/ptolemy/domains/continuous/test/auto/ImpulseFeedback.xml
----------------- Instantiating /home/travis/build/icyphy/ptII/ptolemy/domains/continuous/test/auto/ImpulseFeedback.xml
6 ms. Memory: 270336K Free: 106489K (39%)
----------------- Invoking toplevel() on ptolemy.moml.MoMLSimpleApplication@27f9338a
----------------- Done invoking toplevel() on ptolemy.moml.MoMLSimpleApplication@27f9338a
reloadAllAccessors: .ImpulseFeedback

===========================================================================================
----------------- testing Tue Dec 24 06:28:54 UTC 2019 /home/travis/build/icyphy/ptII/ptolemy/domains/continuous/test/auto/ImpulseFeedback2.xml
----------------- Instantiating /home/travis/build/icyphy/ptII/ptolemy/domains/continuous/test/auto/ImpulseFeedback2.xml
5 ms. Memory: 270336K Free: 100859K (37%)
----------------- Invoking toplevel() on ptolemy.moml.MoMLSimpleApplication@2c9b3535
----------------- Done invoking toplevel() on ptolemy.moml.MoMLSimpleApplication@2c9b3535
reloadAllAccessors: .ImpulseFeedback2

===========================================================================================
----------------- testing Tue Dec 24 06:28:54 UTC 2019 /home/travis/build/icyphy/ptII/ptolemy/domains/continuous/test/auto/IncreasingRatePoisson.xml
----------------- Instantiating /home/travis/build/icyphy/ptII/ptolemy/domains/continuous/test/auto/IncreasingRatePoisson.xml
659 ms. Memory: 270336K Free: 113167K (42%)
----------------- Invoking toplevel() on ptolemy.moml.MoMLSimpleApplication@45a24d6a
----------------- Done invoking toplevel() on ptolemy.moml.MoMLSimpleApplication@45a24d6a
reloadAllAccessors: .IncreasingRatePoisson

===========================================================================================
----------------- testing Tue Dec 24 06:28:55 UTC 2019 /home/travis/build/icyphy/ptII/ptolemy/domains/continuous/test/auto/InitialStateFeedback.xml
----------------- Instantiating /home/travis/build/icyphy/ptII/ptolemy/domains/continuous/test/auto/InitialStateFeedback.xml
5 ms. Memory: 270336K Free: 108567K (40%)
----------------- Invoking toplevel() on ptolemy.moml.MoMLSimpleApplication@c389b12
----------------- Done invoking toplevel() on ptolemy.moml.MoMLSimpleApplication@c389b12
reloadAllAccessors: .InitialStateFeedback

===========================================================================================
----------------- testing Tue Dec 24 06:28:55 UTC 2019 /home/travis/build/icyphy/ptII/ptolemy/domains/continuous/test/auto/Integration.xml
----------------- Instantiating /home/travis/build/icyphy/ptII/ptolemy/domains/continuous/test/auto/Integration.xml
2 ms. Memory: 270336K Free: 104471K (39%)
----------------- Invoking toplevel() on ptolemy.moml.MoMLSimpleApplication@11daa872
----------------- Done invoking toplevel() on ptolemy.moml.MoMLSimpleApplication@11daa872
reloadAllAccessors: .Integration

===========================================================================================
----------------- testing Tue Dec 24 06:28:55 UTC 2019 /home/travis/build/icyphy/ptII/ptolemy/domains/continuous/test/auto/Integration2.xml
----------------- Instantiating /home/travis/build/icyphy/ptII/ptolemy/domains/continuous/test/auto/Integration2.xml
72 ms. Memory: 270336K Free: 251193K (93%)
----------------- Invoking toplevel() on ptolemy.moml.MoMLSimpleApplication@1138f1d6
----------------- Done invoking toplevel() on ptolemy.moml.MoMLSimpleApplication@1138f1d6
reloadAllAccessors: .Integration2

===========================================================================================
----------------- testing Tue Dec 24 06:28:55 UTC 2019 /home/travis/build/icyphy/ptII/ptolemy/domains/continuous/test/auto/Integration3.xml
----------------- Instantiating /home/travis/build/icyphy/ptII/ptolemy/domains/continuous/test/auto/Integration3.xml
3 ms. Memory: 270336K Free: 246528K (91%)
----------------- Invoking toplevel() on ptolemy.moml.MoMLSimpleApplication@224f2fe5
----------------- Done invoking toplevel() on ptolemy.moml.MoMLSimpleApplication@224f2fe5
reloadAllAccessors: .Integration3

===========================================================================================
----------------- testing Tue Dec 24 06:28:55 UTC 2019 /home/travis/build/icyphy/ptII/ptolemy/domains/continuous/test/auto/Integration5.xml
----------------- Instantiating /home/travis/build/icyphy/ptII/ptolemy/domains/continuous/test/auto/Integration5.xml
2 ms. Memory: 270336K Free: 242432K (90%)
----------------- Invoking toplevel() on ptolemy.moml.MoMLSimpleApplication@45189638
----------------- Done invoking toplevel() on ptolemy.moml.MoMLSimpleApplication@45189638
reloadAllAccessors: .Integration5

===========================================================================================
----------------- testing Tue Dec 24 06:28:55 UTC 2019 /home/travis/build/icyphy/ptII/ptolemy/domains/continuous/test/auto/IntegratorImpulse.xml
----------------- Instantiating /home/travis/build/icyphy/ptII/ptolemy/domains/continuous/test/auto/IntegratorImpulse.xml
2 ms. Memory: 270336K Free: 238336K (88%)
----------------- Invoking toplevel() on ptolemy.moml.MoMLSimpleApplication@15ac50dd
----------------- Done invoking toplevel() on ptolemy.moml.MoMLSimpleApplication@15ac50dd
reloadAllAccessors: .IntegratorImpulse

===========================================================================================
----------------- testing Tue Dec 24 06:28:55 UTC 2019 /home/travis/build/icyphy/ptII/ptolemy/domains/continuous/test/auto/IntegratorImpulse2.xml
----------------- Instantiating /home/travis/build/icyphy/ptII/ptolemy/domains/continuous/test/auto/IntegratorImpulse2.xml
7 ms. Memory: 270336K Free: 233730K (86%)
----------------- Invoking toplevel() on ptolemy.moml.MoMLSimpleApplication@632c74cd
----------------- Done invoking toplevel() on ptolemy.moml.MoMLSimpleApplication@632c74cd
reloadAllAccessors: .IntegratorImpulse2

===========================================================================================
----------------- testing Tue Dec 24 06:28:55 UTC 2019 /home/travis/build/icyphy/ptII/ptolemy/domains/continuous/test/auto/LevelCrossing1.xml
----------------- Instantiating /home/travis/build/icyphy/ptII/ptolemy/domains/continuous/test/auto/LevelCrossing1.xml
2 ms. Memory: 270336K Free: 228610K (85%)
----------------- Invoking toplevel() on ptolemy.moml.MoMLSimpleApplication@282bbc69
----------------- Done invoking toplevel() on ptolemy.moml.MoMLSimpleApplication@282bbc69
reloadAllAccessors: .LevelCrossing1

===========================================================================================
----------------- testing Tue Dec 24 06:28:55 UTC 2019 /home/travis/build/icyphy/ptII/ptolemy/domains/continuous/test/auto/LevelCrossing2.xml
----------------- Instantiating /home/travis/build/icyphy/ptII/ptolemy/domains/continuous/test/auto/LevelCrossing2.xml
3 ms. Memory: 270336K Free: 223490K (83%)
----------------- Invoking toplevel() on ptolemy.moml.MoMLSimpleApplication@59316fe5
----------------- Done invoking toplevel() on ptolemy.moml.MoMLSimpleApplication@59316fe5
reloadAllAccessors: .LevelCrossing2

===========================================================================================
----------------- testing Tue Dec 24 06:28:55 UTC 2019 /home/travis/build/icyphy/ptII/ptolemy/domains/continuous/test/auto/LevelCrossing3.xml
----------------- Instantiating /home/travis/build/icyphy/ptII/ptolemy/domains/continuous/test/auto/LevelCrossing3.xml
2 ms. Memory: 270336K Free: 218370K (81%)
----------------- Invoking toplevel() on ptolemy.moml.MoMLSimpleApplication@3cd92d60
----------------- Done invoking toplevel() on ptolemy.moml.MoMLSimpleApplication@3cd92d60
reloadAllAccessors: .LevelCrossing3

===========================================================================================
----------------- testing Tue Dec 24 06:28:55 UTC 2019 /home/travis/build/icyphy/ptII/ptolemy/domains/continuous/test/auto/LevelCrossing4.xml
----------------- Instantiating /home/travis/build/icyphy/ptII/ptolemy/domains/continuous/test/auto/LevelCrossing4.xml
2 ms. Memory: 270336K Free: 213250K (79%)
----------------- Invoking toplevel() on ptolemy.moml.MoMLSimpleApplication@3a549a1
----------------- Done invoking toplevel() on ptolemy.moml.MoMLSimpleApplication@3a549a1
reloadAllAccessors: .LevelCrossing4

===========================================================================================
----------------- testing Tue Dec 24 06:28:55 UTC 2019 /home/travis/build/icyphy/ptII/ptolemy/domains/continuous/test/auto/LevelCrossing5.xml
----------------- Instantiating /home/travis/build/icyphy/ptII/ptolemy/domains/continuous/test/auto/LevelCrossing5.xml
3 ms. Memory: 270336K Free: 208130K (77%)
----------------- Invoking toplevel() on ptolemy.moml.MoMLSimpleApplication@1ba34306
----------------- Done invoking toplevel() on ptolemy.moml.MoMLSimpleApplication@1ba34306
reloadAllAccessors: .LevelCrossing5

===========================================================================================
[...]
----------------- testing Tue Dec 24 06:29:10 UTC 2019 /home/travis/build/icyphy/ptII/ptolemy/domains/continuous/test/auto/SRinContinuous.xml
----------------- Instantiating /home/travis/build/icyphy/ptII/ptolemy/domains/continuous/test/auto/SRinContinuous.xml
4 ms. Memory: 324608K Free: 137581K (42%)
----------------- Invoking toplevel() on ptolemy.moml.MoMLSimpleApplication@dc1f7cf
----------------- Done invoking toplevel() on ptolemy.moml.MoMLSimpleApplication@dc1f7cf
reloadAllAccessors: .SRinContinuous

===========================================================================================
----------------- testing Tue Dec 24 06:29:10 UTC 2019 /home/travis/build/icyphy/ptII/ptolemy/domains/continuous/test/auto/SampledClocks.xml
----------------- Instantiating /home/travis/build/icyphy/ptII/ptolemy/domains/continuous/test/auto/SampledClocks.xml
6 ms. Memory: 324608K Free: 125293K (39%)
----------------- Invoking toplevel() on ptolemy.moml.MoMLSimpleApplication@49a8818e
----------------- Done invoking toplevel() on ptolemy.moml.MoMLSimpleApplication@49a8818e
reloadAllAccessors: .SampledClocks

===========================================================================================
----------------- testing Tue Dec 24 06:29:10 UTC 2019 /home/travis/build/icyphy/ptII/ptolemy/domains/continuous/test/auto/Satellite.xml
----------------- Instantiating /home/travis/build/icyphy/ptII/ptolemy/domains/continuous/test/auto/Satellite.xml
602 ms. Memory: 324608K Free: 123869K (38%)
----------------- Invoking toplevel() on ptolemy.moml.MoMLSimpleApplication@e4e0ca4
----------------- Done invoking toplevel() on ptolemy.moml.MoMLSimpleApplication@e4e0ca4
reloadAllAccessors: .Satellite

===========================================================================================
----------------- testing Tue Dec 24 06:29:11 UTC 2019 /home/travis/build/icyphy/ptII/ptolemy/domains/continuous/test/auto/SigmaDelta.xml
----------------- Instantiating /home/travis/build/icyphy/ptII/ptolemy/domains/continuous/test/auto/SigmaDelta.xml
1807 ms. Memory: 324608K Free: 242852K (75%)
----------------- Invoking toplevel() on ptolemy.moml.MoMLSimpleApplication@1a07b72c
----------------- Done invoking toplevel() on ptolemy.moml.MoMLSimpleApplication@1a07b72c
reloadAllAccessors: .SigmaDelta

===========================================================================================
----------------- testing Tue Dec 24 06:29:13 UTC 2019 /home/travis/build/icyphy/ptII/ptolemy/domains/continuous/test/auto/SingleRefinement.xml
----------------- Instantiating /home/travis/build/icyphy/ptII/ptolemy/domains/continuous/test/auto/SingleRefinement.xml
281 ms. Memory: 324608K Free: 251533K (77%)
----------------- Invoking toplevel() on ptolemy.moml.MoMLSimpleApplication@5ce6a915
----------------- Done invoking toplevel() on ptolemy.moml.MoMLSimpleApplication@5ce6a915
reloadAllAccessors: .SingleRefinement

===========================================================================================
----------------- testing Tue Dec 24 06:29:13 UTC 2019 /home/travis/build/icyphy/ptII/ptolemy/domains/continuous/test/auto/SinuBouncingBall.xml
----------------- Instantiating /home/travis/build/icyphy/ptII/ptolemy/domains/continuous/test/auto/SinuBouncingBall.xml
711 ms. Memory: 324608K Free: 229639K (71%)
----------------- Invoking toplevel() on ptolemy.moml.MoMLSimpleApplication@733504c8
----------------- Done invoking toplevel() on ptolemy.moml.MoMLSimpleApplication@733504c8
reloadAllAccessors: .SinuBouncingBall

===========================================================================================
----------------- testing Tue Dec 24 06:29:14 UTC 2019 /home/travis/build/icyphy/ptII/ptolemy/domains/continuous/test/auto/Sinusoid.xml
----------------- Instantiating /home/travis/build/icyphy/ptII/ptolemy/domains/continuous/test/auto/Sinusoid.xml
4 ms. Memory: 324608K Free: 225015K (69%)
----------------- Invoking toplevel() on ptolemy.moml.MoMLSimpleApplication@2e00ee47
----------------- Done invoking toplevel() on ptolemy.moml.MoMLSimpleApplication@2e00ee47
reloadAllAccessors: .Sinusoid

===========================================================================================
----------------- testing Tue Dec 24 06:29:14 UTC 2019 /home/travis/build/icyphy/ptII/ptolemy/domains/continuous/test/auto/SinusoidInNoise.xml
----------------- Instantiating /home/travis/build/icyphy/ptII/ptolemy/domains/continuous/test/auto/SinusoidInNoise.xml
828 ms. Memory: 324608K Free: 276982K (85%)
----------------- Invoking toplevel() on ptolemy.moml.MoMLSimpleApplication@9d7196
----------------- Done invoking toplevel() on ptolemy.moml.MoMLSimpleApplication@9d7196
reloadAllAccessors: .SinusoidInNoise

===========================================================================================
----------------- testing Tue Dec 24 06:29:15 UTC 2019 /home/travis/build/icyphy/ptII/ptolemy/domains/continuous/test/auto/SinusoidRK45.xml
----------------- Instantiating /home/travis/build/icyphy/ptII/ptolemy/domains/continuous/test/auto/SinusoidRK45.xml
2 ms. Memory: 324608K Free: 272376K (84%)
----------------- Invoking toplevel() on ptolemy.moml.MoMLSimpleApplication@7ba11827
----------------- Done invoking toplevel() on ptolemy.moml.MoMLSimpleApplication@7ba11827
reloadAllAccessors: .SinusoidRK45

===========================================================================================
----------------- testing Tue Dec 24 06:29:15 UTC 2019 /home/travis/build/icyphy/ptII/ptolemy/domains/continuous/test/auto/SinusoidWithMultipleImpulses.xml
----------------- Instantiating /home/travis/build/icyphy/ptII/ptolemy/domains/continuous/test/auto/SinusoidWithMultipleImpulses.xml
2 ms. Memory: 324608K Free: 267766K (82%)
----------------- Invoking toplevel() on ptolemy.moml.MoMLSimpleApplication@6a8a5120
----------------- Done invoking toplevel() on ptolemy.moml.MoMLSimpleApplication@6a8a5120
reloadAllAccessors: .SinusoidWithMultipleImpulses

===========================================================================================
----------------- testing Tue Dec 24 06:29:15 UTC 2019 /home/travis/build/icyphy/ptII/ptolemy/domains/continuous/test/auto/SquareWave.xml
----------------- Instantiating /home/travis/build/icyphy/ptII/ptolemy/domains/continuous/test/auto/SquareWave.xml
132 ms. Memory: 324608K Free: 240118K (74%)
----------------- Invoking toplevel() on ptolemy.moml.MoMLSimpleApplication@c02d23a
----------------- Done invoking toplevel() on ptolemy.moml.MoMLSimpleApplication@c02d23a
reloadAllAccessors: .SquareWave

===========================================================================================
----------------- testing Tue Dec 24 06:29:15 UTC 2019 /home/travis/build/icyphy/ptII/ptolemy/domains/continuous/test/auto/Starmac.xml
----------------- Instantiating /home/travis/build/icyphy/ptII/ptolemy/domains/continuous/test/auto/Starmac.xml
3057 ms. Memory: 324608K Free: 116892K (36%)
----------------- Invoking toplevel() on ptolemy.moml.MoMLSimpleApplication@384d5c30
----------------- Done invoking toplevel() on ptolemy.moml.MoMLSimpleApplication@384d5c30
reloadAllAccessors: .Starmac

===========================================================================================
----------------- testing Tue Dec 24 06:29:18 UTC 2019 /home/travis/build/icyphy/ptII/ptolemy/domains/continuous/test/auto/StaticUnits.xml
----------------- Instantiating /home/travis/build/icyphy/ptII/ptolemy/domains/continuous/test/auto/StaticUnits.xml
1734 ms. Memory: 324608K Free: 219191K (68%)
----------------- Invoking toplevel() on ptolemy.moml.MoMLSimpleApplication@6d2f9a00
----------------- Done invoking toplevel() on ptolemy.moml.MoMLSimpleApplication@6d2f9a00
reloadAllAccessors: .StaticUnits

===========================================================================================
----------------- testing Tue Dec 24 06:29:21 UTC 2019 /home/travis/build/icyphy/ptII/ptolemy/domains/continuous/test/auto/StickyMasses.xml
----------------- Instantiating /home/travis/build/icyphy/ptII/ptolemy/domains/continuous/test/auto/StickyMasses.xml
117 ms. Memory: 324608K Free: 169001K (52%)
----------------- Invoking toplevel() on ptolemy.moml.MoMLSimpleApplication@6f82e24c
----------------- Done invoking toplevel() on ptolemy.moml.MoMLSimpleApplication@6f82e24c
reloadAllAccessors: .StickyMasses

===========================================================================================
----------------- testing Tue Dec 24 06:29:21 UTC 2019 /home/travis/build/icyphy/ptII/ptolemy/domains/continuous/test/auto/StopTime.xml
----------------- Instantiating /home/travis/build/icyphy/ptII/ptolemy/domains/continuous/test/auto/StopTime.xml
37 ms. Memory: 324608K Free: 143929K (44%)
----------------- Invoking toplevel() on ptolemy.moml.MoMLSimpleApplication@7836cc40
----------------- Done invoking toplevel() on ptolemy.moml.MoMLSimpleApplication@7836cc40
reloadAllAccessors: .StopTime

===========================================================================================
----------------- testing Tue Dec 24 06:29:21 UTC 2019 /home/travis/build/icyphy/ptII/ptolemy/domains/continuous/test/auto/StopTime2.xml
----------------- Instantiating /home/travis/build/icyphy/ptII/ptolemy/domains/continuous/test/auto/StopTime2.xml
32 ms. Memory: 324608K Free: 121897K (38%)
----------------- Invoking toplevel() on ptolemy.moml.MoMLSimpleApplication@8ead441
----------------- Done invoking toplevel() on ptolemy.moml.MoMLSimpleApplication@8ead441
reloadAllAccessors: .StopTime2

===========================================================================================
----------------- testing Tue Dec 24 06:29:21 UTC 2019 /home/travis/build/icyphy/ptII/ptolemy/domains/continuous/test/auto/Switch.xml
----------------- Instantiating /home/travis/build/icyphy/ptII/ptolemy/domains/continuous/test/auto/Switch.xml
40 ms. Memory: 324608K Free: 285746K (88%)
----------------- Invoking toplevel() on ptolemy.moml.MoMLSimpleApplication@3c02bf37
----------------- Done invoking toplevel() on ptolemy.moml.MoMLSimpleApplication@3c02bf37
reloadAllAccessors: .Switch

===========================================================================================
----------------- testing Tue Dec 24 06:29:21 UTC 2019 /home/travis/build/icyphy/ptII/ptolemy/domains/continuous/test/auto/Thermostat.xml
----------------- Instantiating /home/travis/build/icyphy/ptII/ptolemy/domains/continuous/test/auto/Thermostat.xml
169 ms. Memory: 324608K Free: 212528K (65%)
----------------- Invoking toplevel() on ptolemy.moml.MoMLSimpleApplication@783365a8
----------------- Done invoking toplevel() on ptolemy.moml.MoMLSimpleApplication@783365a8
reloadAllAccessors: .Thermostat

===========================================================================================
----------------- testing Tue Dec 24 06:29:21 UTC 2019 /home/travis/build/icyphy/ptII/ptolemy/domains/continuous/test/auto/TimeDelay.xml
----------------- Instantiating /home/travis/build/icyphy/ptII/ptolemy/domains/continuous/test/auto/TimeDelay.xml
6 ms. Memory: 324608K Free: 207922K (64%)
----------------- Invoking toplevel() on ptolemy.moml.MoMLSimpleApplication@5b5d83eb
----------------- Done invoking toplevel() on ptolemy.moml.MoMLSimpleApplication@5b5d83eb
reloadAllAccessors: .TimeDelay

===========================================================================================
----------------- testing Tue Dec 24 06:29:21 UTC 2019 /home/travis/build/icyphy/ptII/ptolemy/domains/continuous/test/auto/TimeDelay2.xml
----------------- Instantiating /home/travis/build/icyphy/ptII/ptolemy/domains/continuous/test/auto/TimeDelay2.xml
7 ms. Memory: 324608K Free: 198192K (61%)
----------------- Invoking toplevel() on ptolemy.moml.MoMLSimpleApplication@73aef6ce
----------------- Done invoking toplevel() on ptolemy.moml.MoMLSimpleApplication@73aef6ce
reloadAllAccessors: .TimeDelay2

===========================================================================================
----------------- testing Tue Dec 24 06:29:21 UTC 2019 /home/travis/build/icyphy/ptII/ptolemy/domains/continuous/test/auto/TimeDelay3.xml
----------------- Instantiating /home/travis/build/icyphy/ptII/ptolemy/domains/continuous/test/auto/TimeDelay3.xml
2 ms. Memory: 324608K Free: 194081K (60%)
----------------- Invoking toplevel() on ptolemy.moml.MoMLSimpleApplication@4e7f4e2
----------------- Done invoking toplevel() on ptolemy.moml.MoMLSimpleApplication@4e7f4e2
reloadAllAccessors: .TimeDelay3

===========================================================================================
----------------- testing Tue Dec 24 06:29:21 UTC 2019 /home/travis/build/icyphy/ptII/ptolemy/domains/continuous/test/auto/TransferAbsentToInside.xml
----------------- Instantiating /home/travis/build/icyphy/ptII/ptolemy/domains/continuous/test/auto/TransferAbsentToInside.xml
27 ms. Memory: 324608K Free: 141362K (44%)
----------------- Invoking toplevel() on ptolemy.moml.MoMLSimpleApplication@7f1a5439
----------------- Done invoking toplevel() on ptolemy.moml.MoMLSimpleApplication@7f1a5439
reloadAllAccessors: .TransferAbsentToInside

===========================================================================================
----------------- testing Tue Dec 24 06:29:22 UTC 2019 /home/travis/build/icyphy/ptII/ptolemy/domains/continuous/test/auto/Transmission.xml
----------------- Instantiating /home/travis/build/icyphy/ptII/ptolemy/domains/continuous/test/auto/Transmission.xml
717 ms. Memory: 324608K Free: 284707K (88%)
----------------- Invoking toplevel() on ptolemy.moml.MoMLSimpleApplication@762cb3c4
----------------- Done invoking toplevel() on ptolemy.moml.MoMLSimpleApplication@762cb3c4
reloadAllAccessors: .Transmission

===========================================================================================
----------------- testing Tue Dec 24 06:29:22 UTC 2019 /home/travis/build/icyphy/ptII/ptolemy/domains/continuous/test/auto/TriggeredContinuousClock.xml
----------------- Instantiating /home/travis/build/icyphy/ptII/ptolemy/domains/continuous/test/auto/TriggeredContinuousClock.xml
32 ms. Memory: 324608K Free: 255011K (79%)
----------------- Invoking toplevel() on ptolemy.moml.MoMLSimpleApplication@70c09a93
----------------- Done invoking toplevel() on ptolemy.moml.MoMLSimpleApplication@70c09a93
reloadAllAccessors: .TriggeredContinuousClock

===========================================================================================
----------------- testing Tue Dec 24 06:29:22 UTC 2019 /home/travis/build/icyphy/ptII/ptolemy/domains/continuous/test/auto/TwoMachineInfiniteBusControl.xml
----------------- Instantiating /home/travis/build/icyphy/ptII/ptolemy/domains/continuous/test/auto/TwoMachineInfiniteBusControl.xml
2169 ms. Memory: 324608K Free: 251345K (77%)
----------------- Invoking toplevel() on ptolemy.moml.MoMLSimpleApplication@691aacb8
----------------- Done invoking toplevel() on ptolemy.moml.MoMLSimpleApplication@691aacb8
reloadAllAccessors: .TwoMachineInfiniteBusControl

===========================================================================================
----------------- testing Tue Dec 24 06:29:25 UTC 2019 /home/travis/build/icyphy/ptII/ptolemy/domains/continuous/test/auto/V2V.xml
----------------- Instantiating /home/travis/build/icyphy/ptII/ptolemy/domains/continuous/test/auto/V2V.xml
762 ms. Memory: 324608K Free: 249825K (77%)
----------------- Invoking toplevel() on ptolemy.moml.MoMLSimpleApplication@49eb73aa
----------------- Done invoking toplevel() on ptolemy.moml.MoMLSimpleApplication@49eb73aa
reloadAllAccessors: .V2V

===========================================================================================
----------------- testing Tue Dec 24 06:29:25 UTC 2019 /home/travis/build/icyphy/ptII/ptolemy/domains/continuous/test/auto/hierarchicalModalModel.xml
----------------- Instantiating /home/travis/build/icyphy/ptII/ptolemy/domains/continuous/test/auto/hierarchicalModalModel.xml
6 ms. Memory: 324608K Free: 235481K (73%)
----------------- Invoking toplevel() on ptolemy.moml.MoMLSimpleApplication@711a01b
----------------- Done invoking toplevel() on ptolemy.moml.MoMLSimpleApplication@711a01b
reloadAllAccessors: .hierarchicalModalModel

===========================================================================================
----------------- testing Tue Dec 24 06:29:26 UTC 2019 /home/travis/build/icyphy/ptII/ptolemy/domains/continuous/test/auto/hierarchicalModalModel1.xml
----------------- Instantiating /home/travis/build/icyphy/ptII/ptolemy/domains/continuous/test/auto/hierarchicalModalModel1.xml
7 ms. Memory: 324608K Free: 221160K (68%)
----------------- Invoking toplevel() on ptolemy.moml.MoMLSimpleApplication@1dcf7168
----------------- Done invoking toplevel() on ptolemy.moml.MoMLSimpleApplication@1dcf7168
reloadAllAccessors: .hierarchicalModalModel1

===========================================================================================
----------------- testing Tue Dec 24 06:29:26 UTC 2019 /home/travis/build/icyphy/ptII/ptolemy/domains/continuous/test/auto/hierarchicalModalModel2.xml
----------------- Instantiating /home/travis/build/icyphy/ptII/ptolemy/domains/continuous/test/auto/hierarchicalModalModel2.xml
5 ms. Memory: 324608K Free: 208841K (64%)
----------------- Invoking toplevel() on ptolemy.moml.MoMLSimpleApplication@1d6b1074
----------------- Done invoking toplevel() on ptolemy.moml.MoMLSimpleApplication@1d6b1074
reloadAllAccessors: .hierarchicalModalModel2

===========================================================================================
----------------- testing Tue Dec 24 06:29:26 UTC 2019 /home/travis/build/icyphy/ptII/ptolemy/domains/continuous/test/auto/hierarchicalModalModel3.xml
----------------- Instantiating /home/travis/build/icyphy/ptII/ptolemy/domains/continuous/test/auto/hierarchicalModalModel3.xml
4 ms. Memory: 324608K Free: 198122K (61%)
----------------- Invoking toplevel() on ptolemy.moml.MoMLSimpleApplication@72932ced
----------------- Done invoking toplevel() on ptolemy.moml.MoMLSimpleApplication@72932ced
reloadAllAccessors: .hierarchicalModalModel3

===========================================================================================
----------------- testing Tue Dec 24 06:29:26 UTC 2019 /home/travis/build/icyphy/ptII/ptolemy/domains/continuous/test/auto/hierarchicalModalModel4.xml
----------------- Instantiating /home/travis/build/icyphy/ptII/ptolemy/domains/continuous/test/auto/hierarchicalModalModel4.xml
4 ms. Memory: 324608K Free: 186344K (57%)
----------------- Invoking toplevel() on ptolemy.moml.MoMLSimpleApplication@6d4812f3
----------------- Done invoking toplevel() on ptolemy.moml.MoMLSimpleApplication@6d4812f3
reloadAllAccessors: .hierarchicalModalModel4

===========================================================================================
----------------- testing Tue Dec 24 06:29:26 UTC 2019 /home/travis/build/icyphy/ptII/ptolemy/domains/continuous/test/auto/junk.xml
----------------- Instantiating /home/travis/build/icyphy/ptII/ptolemy/domains/continuous/test/auto/junk.xml
119 ms. Memory: 324608K Free: 160234K (49%)
----------------- Invoking toplevel() on ptolemy.moml.MoMLSimpleApplication@5d4970d1
----------------- Done invoking toplevel() on ptolemy.moml.MoMLSimpleApplication@5d4970d1
reloadAllAccessors: .junk
AutoTests.java: About to close Vertx.
AutoTests.java: Vertx closed.
]]></system-out>
  <system-err><![CDATA[Warning: '.HysteresisWithRandomDelay.NonStrictTest3' The test produced only 18 tokens, yet the correctValues parameter was expecting 30 tokens.
Warning: '.IncreasingRatePoisson.NonStrictTest' The test produced only 399 tokens, yet the correctValues parameter was expecting 402 tokens.
Warning: '.Poisson.NonStrictTest' The test produced only 385 tokens, yet the correctValues parameter was expecting 430 tokens.
]]></system-err>
</testsuite>
