<?xml version="1.0" encoding="UTF-8" ?>
<testsuite errors="0" failures="0" hostname="travis-job-85341410-a703-4065-ae3b-ea3d52c96726" name="ptolemy.domains.de.test.junit.JUnitTclTest" skipped="0" tests="101" time="120.702" timestamp="2020-04-21T14:01:46">
  <properties>
[...]
</properties>
  <testcase classname="ptolemy.util.test.junit.TclTests" name="[0] /home/travis/build/icyphy/ptII/ptolemy/domains/de/test/DependencyLoop.tcl (RunTclFile)" time="0.97" />
  <testcase classname="ptolemy.util.test.junit.TclTests" name="[1] /home/travis/build/icyphy/ptII/ptolemy/domains/de/test/RunDETestsAsQSS.tcl (RunTclFile)" time="80.872" />
  <testcase classname="ptolemy.util.test.junit.AutoKnownFailedTests" name="[0] /home/travis/build/icyphy/ptII/ptolemy/domains/de/test/auto/knownFailedTests/DESDFClockTest.xml (RunModel)" time="2.043" />
  <testcase classname="ptolemy.util.test.junit.AutoKnownFailedTests" name="[1] /home/travis/build/icyphy/ptII/ptolemy/domains/de/test/auto/knownFailedTests/DirectFeedback.xml (RunModel)" time="0.014" />
  <testcase classname="ptolemy.util.test.junit.AutoKnownFailedTests" name="[2] /home/travis/build/icyphy/ptII/ptolemy/domains/de/test/auto/knownFailedTests/FSMSource.xml (RunModel)" time="0.03" />
  <testcase classname="ptolemy.util.test.junit.AutoKnownFailedTests" name="[3] /home/travis/build/icyphy/ptII/ptolemy/domains/de/test/auto/knownFailedTests/HierarchicalModel.xml (RunModel)" time="0.046" />
  <testcase classname="ptolemy.util.test.junit.AutoKnownFailedTests" name="[4] /home/travis/build/icyphy/ptII/ptolemy/domains/de/test/auto/knownFailedTests/dependencyLoop.xml (RunModel)" time="0.042" />
  <testcase classname="ptolemy.util.test.junit.AutoKnownFailedTests" name="[5] /home/travis/build/icyphy/ptII/ptolemy/domains/de/test/auto/knownFailedTests/dependencyLoop2.xml (RunModel)" time="0.034" />
  <testcase classname="ptolemy.util.test.junit.AutoNameArchTests" name="[0] ThereAreNoAutoArchTests (RunModel)" time="0.004" />
  <testcase classname="ptolemy.util.test.junit.AutoTests" name="[0] /home/travis/build/icyphy/ptII/ptolemy/domains/de/test/auto/ActorDepthCalculation_actorWithoutPorts.xml (RunModel)" time="0.016" />
  <testcase classname="ptolemy.util.test.junit.AutoTests" name="[1] /home/travis/build/icyphy/ptII/ptolemy/domains/de/test/auto/AssemblyLine.xml (RunModel)" time="0.024" />
  <testcase classname="ptolemy.util.test.junit.AutoTests" name="[2] /home/travis/build/icyphy/ptII/ptolemy/domains/de/test/auto/CQBug1.xml (RunModel)" time="0.01" />
  <testcase classname="ptolemy.util.test.junit.AutoTests" name="[3] /home/travis/build/icyphy/ptII/ptolemy/domains/de/test/auto/CancelFireAt.xml (RunModel)" time="0.023" />
  <testcase classname="ptolemy.util.test.junit.AutoTests" name="[4] /home/travis/build/icyphy/ptII/ptolemy/domains/de/test/auto/CausalityAndComposabilityAnalysis.xml (RunModel)" time="0.019" />
  <testcase classname="ptolemy.util.test.junit.AutoTests" name="[5] /home/travis/build/icyphy/ptII/ptolemy/domains/de/test/auto/CausalityInterface1.xml (RunModel)" time="0.014" />
  <testcase classname="ptolemy.util.test.junit.AutoTests" name="[6] /home/travis/build/icyphy/ptII/ptolemy/domains/de/test/auto/CausalityInterface15.xml (RunModel)" time="0.015" />
  <testcase classname="ptolemy.util.test.junit.AutoTests" name="[7] /home/travis/build/icyphy/ptII/ptolemy/domains/de/test/auto/CausalityInterface2.xml (RunModel)" time="0.013" />
  <testcase classname="ptolemy.util.test.junit.AutoTests" name="[8] /home/travis/build/icyphy/ptII/ptolemy/domains/de/test/auto/CausalityInterface3.xml (RunModel)" time="0.011" />
  <testcase classname="ptolemy.util.test.junit.AutoTests" name="[9] /home/travis/build/icyphy/ptII/ptolemy/domains/de/test/auto/ClockDrift.xml (RunModel)" time="0.038" />
  <testcase classname="ptolemy.util.test.junit.AutoTests" name="[10] /home/travis/build/icyphy/ptII/ptolemy/domains/de/test/auto/ClockDriftAndValueChange.xml (RunModel)" time="0.03" />
  <testcase classname="ptolemy.util.test.junit.AutoTests" name="[11] /home/travis/build/icyphy/ptII/ptolemy/domains/de/test/auto/ClockDriftChange.xml (RunModel)" time="0.035" />
  <testcase classname="ptolemy.util.test.junit.AutoTests" name="[12] /home/travis/build/icyphy/ptII/ptolemy/domains/de/test/auto/ComposableCausalityAnalysis.xml (RunModel)" time="0.015" />
  <testcase classname="ptolemy.util.test.junit.AutoTests" name="[13] /home/travis/build/icyphy/ptII/ptolemy/domains/de/test/auto/DEFixedPointLimitation.xml (RunModel)" time="0.009" />
  <testcase classname="ptolemy.util.test.junit.AutoTests" name="[14] /home/travis/build/icyphy/ptII/ptolemy/domains/de/test/auto/DEScheduleTest.xml (RunModel)" time="0.015" />
  <testcase classname="ptolemy.util.test.junit.AutoTests" name="[15] /home/travis/build/icyphy/ptII/ptolemy/domains/de/test/auto/DEinDEwithStartTimes.xml (RunModel)" time="0.014" />
  <testcase classname="ptolemy.util.test.junit.AutoTests" name="[16] /home/travis/build/icyphy/ptII/ptolemy/domains/de/test/auto/DEinDEwithStartTimes2.xml (RunModel)" time="0.021" />
  <testcase classname="ptolemy.util.test.junit.AutoTests" name="[17] /home/travis/build/icyphy/ptII/ptolemy/domains/de/test/auto/DateDemo.xml (RunModel)" time="0.043" />
  <testcase classname="ptolemy.util.test.junit.AutoTests" name="[18] /home/travis/build/icyphy/ptII/ptolemy/domains/de/test/auto/DateToEvent.xml (RunModel)" time="2.042" />
  <testcase classname="ptolemy.util.test.junit.AutoTests" name="[19] /home/travis/build/icyphy/ptII/ptolemy/domains/de/test/auto/DepthTest1.xml (RunModel)" time="0.025" />
  <testcase classname="ptolemy.util.test.junit.AutoTests" name="[20] /home/travis/build/icyphy/ptII/ptolemy/domains/de/test/auto/DepthTest2.xml (RunModel)" time="0.02" />
  <testcase classname="ptolemy.util.test.junit.AutoTests" name="[21] /home/travis/build/icyphy/ptII/ptolemy/domains/de/test/auto/DepthTest3.xml (RunModel)" time="0.009" />
  <testcase classname="ptolemy.util.test.junit.AutoTests" name="[22] /home/travis/build/icyphy/ptII/ptolemy/domains/de/test/auto/DepthTest4.xml (RunModel)" time="0.016" />
  <testcase classname="ptolemy.util.test.junit.AutoTests" name="[23] /home/travis/build/icyphy/ptII/ptolemy/domains/de/test/auto/DepthTest5.xml (RunModel)" time="0.011" />
  <testcase classname="ptolemy.util.test.junit.AutoTests" name="[24] /home/travis/build/icyphy/ptII/ptolemy/domains/de/test/auto/DepthTest6.xml (RunModel)" time="0.015" />
  <testcase classname="ptolemy.util.test.junit.AutoTests" name="[25] /home/travis/build/icyphy/ptII/ptolemy/domains/de/test/auto/DepthTest7.xml (RunModel)" time="0.01" />
  <testcase classname="ptolemy.util.test.junit.AutoTests" name="[26] /home/travis/build/icyphy/ptII/ptolemy/domains/de/test/auto/EventToDate.xml (RunModel)" time="3.029" />
  <testcase classname="ptolemy.util.test.junit.AutoTests" name="[27] /home/travis/build/icyphy/ptII/ptolemy/domains/de/test/auto/FSM1.xml (RunModel)" time="0.03" />
  <testcase classname="ptolemy.util.test.junit.AutoTests" name="[28] /home/travis/build/icyphy/ptII/ptolemy/domains/de/test/auto/FSM7.xml (RunModel)" time="0.035" />
  <testcase classname="ptolemy.util.test.junit.AutoTests" name="[29] /home/travis/build/icyphy/ptII/ptolemy/domains/de/test/auto/Inspection.xml (RunModel)" time="0.039" />
  <testcase classname="ptolemy.util.test.junit.AutoTests" name="[30] /home/travis/build/icyphy/ptII/ptolemy/domains/de/test/auto/Iteration.xml (RunModel)" time="0.02" />
  <testcase classname="ptolemy.util.test.junit.AutoTests" name="[31] /home/travis/build/icyphy/ptII/ptolemy/domains/de/test/auto/LineFault.xml (RunModel)" time="0.545" />
  <testcase classname="ptolemy.util.test.junit.AutoTests" name="[32] /home/travis/build/icyphy/ptII/ptolemy/domains/de/test/auto/MergeModel1Add.xml (RunModel)" time="0.048" />
  <testcase classname="ptolemy.util.test.junit.AutoTests" name="[33] /home/travis/build/icyphy/ptII/ptolemy/domains/de/test/auto/MergeModel2Add.xml (RunModel)" time="0.035" />
  <testcase classname="ptolemy.util.test.junit.AutoTests" name="[34] /home/travis/build/icyphy/ptII/ptolemy/domains/de/test/auto/MergeModel3Add.xml (RunModel)" time="0.045" />
  <testcase classname="ptolemy.util.test.junit.AutoTests" name="[35] /home/travis/build/icyphy/ptII/ptolemy/domains/de/test/auto/MergeWithoutDiscard.xml (RunModel)" time="0.012" />
  <testcase classname="ptolemy.util.test.junit.AutoTests" name="[36] /home/travis/build/icyphy/ptII/ptolemy/domains/de/test/auto/Modal1.xml (RunModel)" time="0.029" />
  <testcase classname="ptolemy.util.test.junit.AutoTests" name="[37] /home/travis/build/icyphy/ptII/ptolemy/domains/de/test/auto/Modal2.xml (RunModel)" time="0.026" />
  <testcase classname="ptolemy.util.test.junit.AutoTests" name="[38] /home/travis/build/icyphy/ptII/ptolemy/domains/de/test/auto/Modal3.xml (RunModel)" time="0.027" />
  <testcase classname="ptolemy.util.test.junit.AutoTests" name="[39] /home/travis/build/icyphy/ptII/ptolemy/domains/de/test/auto/Modal4.xml (RunModel)" time="0.027" />
  <testcase classname="ptolemy.util.test.junit.AutoTests" name="[40] /home/travis/build/icyphy/ptII/ptolemy/domains/de/test/auto/Modal5.xml (RunModel)" time="0.026" />
  <testcase classname="ptolemy.util.test.junit.AutoTests" name="[41] /home/travis/build/icyphy/ptII/ptolemy/domains/de/test/auto/Modal6.xml (RunModel)" time="0.024" />
  <testcase classname="ptolemy.util.test.junit.AutoTests" name="[42] /home/travis/build/icyphy/ptII/ptolemy/domains/de/test/auto/Modal7.xml (RunModel)" time="0.037" />
  <testcase classname="ptolemy.util.test.junit.AutoTests" name="[43] /home/travis/build/icyphy/ptII/ptolemy/domains/de/test/auto/ModalModel.xml (RunModel)" time="0.171" />
  <testcase classname="ptolemy.util.test.junit.AutoTests" name="[44] /home/travis/build/icyphy/ptII/ptolemy/domains/de/test/auto/ModalSource.xml (RunModel)" time="0.018" />
  <testcase classname="ptolemy.util.test.junit.AutoTests" name="[45] /home/travis/build/icyphy/ptII/ptolemy/domains/de/test/auto/NonInterruptibleTimerZeroDelay.xml (RunModel)" time="0.008" />
  <testcase classname="ptolemy.util.test.junit.AutoTests" name="[46] /home/travis/build/icyphy/ptII/ptolemy/domains/de/test/auto/OpenQueueingNetwork.xml (RunModel)" time="2.298" />
  <testcase classname="ptolemy.util.test.junit.AutoTests" name="[47] /home/travis/build/icyphy/ptII/ptolemy/domains/de/test/auto/OpenQueuingNetwork.xml (RunModel)" time="0.287" />
  <testcase classname="ptolemy.util.test.junit.AutoTests" name="[48] /home/travis/build/icyphy/ptII/ptolemy/domains/de/test/auto/PeriodicSampler.xml (RunModel)" time="0.014" />
  <testcase classname="ptolemy.util.test.junit.AutoTests" name="[49] /home/travis/build/icyphy/ptII/ptolemy/domains/de/test/auto/PersistentIO.xml (RunModel)" time="0.022" />
  <testcase classname="ptolemy.util.test.junit.AutoTests" name="[50] /home/travis/build/icyphy/ptII/ptolemy/domains/de/test/auto/PortParameterResetOnInitialize.xml (RunModel)" time="0.008" />
  <testcase classname="ptolemy.util.test.junit.AutoTests" name="[51] /home/travis/build/icyphy/ptII/ptolemy/domains/de/test/auto/PortParameterUpdates.xml (RunModel)" time="0.014" />
  <testcase classname="ptolemy.util.test.junit.AutoTests" name="[52] /home/travis/build/icyphy/ptII/ptolemy/domains/de/test/auto/QueueAndServer.xml (RunModel)" time="0.018" />
  <testcase classname="ptolemy.util.test.junit.AutoTests" name="[53] /home/travis/build/icyphy/ptII/ptolemy/domains/de/test/auto/Records.xml (RunModel)" time="0.013" />
  <testcase classname="ptolemy.util.test.junit.AutoTests" name="[54] /home/travis/build/icyphy/ptII/ptolemy/domains/de/test/auto/ResetTransitionWithStartTime1.xml (RunModel)" time="0.014" />
  <testcase classname="ptolemy.util.test.junit.AutoTests" name="[55] /home/travis/build/icyphy/ptII/ptolemy/domains/de/test/auto/ResetTransitionWithStartTime2.xml (RunModel)" time="0.016" />
  <testcase classname="ptolemy.util.test.junit.AutoTests" name="[56] /home/travis/build/icyphy/ptII/ptolemy/domains/de/test/auto/ResetTransitionWithStartTime3.xml (RunModel)" time="0.016" />
  <testcase classname="ptolemy.util.test.junit.AutoTests" name="[57] /home/travis/build/icyphy/ptII/ptolemy/domains/de/test/auto/ResetTransitionWithStartTime4.xml (RunModel)" time="0.018" />
  <testcase classname="ptolemy.util.test.junit.AutoTests" name="[58] /home/travis/build/icyphy/ptII/ptolemy/domains/de/test/auto/ResettableTimer1.xml (RunModel)" time="0.008" />
  <testcase classname="ptolemy.util.test.junit.AutoTests" name="[59] /home/travis/build/icyphy/ptII/ptolemy/domains/de/test/auto/ResettableTimer2.xml (RunModel)" time="0.007" />
  <testcase classname="ptolemy.util.test.junit.AutoTests" name="[60] /home/travis/build/icyphy/ptII/ptolemy/domains/de/test/auto/ResettableTimer3.xml (RunModel)" time="0.007" />
  <testcase classname="ptolemy.util.test.junit.AutoTests" name="[61] /home/travis/build/icyphy/ptII/ptolemy/domains/de/test/auto/ResettableTimer4.xml (RunModel)" time="0.007" />
  <testcase classname="ptolemy.util.test.junit.AutoTests" name="[62] /home/travis/build/icyphy/ptII/ptolemy/domains/de/test/auto/ResettableTimer5.xml (RunModel)" time="0.008" />
  <testcase classname="ptolemy.util.test.junit.AutoTests" name="[63] /home/travis/build/icyphy/ptII/ptolemy/domains/de/test/auto/ResettableTimer6.xml (RunModel)" time="0.014" />
  <testcase classname="ptolemy.util.test.junit.AutoTests" name="[64] /home/travis/build/icyphy/ptII/ptolemy/domains/de/test/auto/ServerZeroDelay.xml (RunModel)" time="0.009" />
  <testcase classname="ptolemy.util.test.junit.AutoTests" name="[65] /home/travis/build/icyphy/ptII/ptolemy/domains/de/test/auto/SmartSender.xml (RunModel)" time="3.007" />
  <testcase classname="ptolemy.util.test.junit.AutoTests" name="[66] /home/travis/build/icyphy/ptII/ptolemy/domains/de/test/auto/ThreadedComposite.xml (RunModel)" time="0.118" />
  <testcase classname="ptolemy.util.test.junit.AutoTests" name="[67] /home/travis/build/icyphy/ptII/ptolemy/domains/de/test/auto/Time.xml (RunModel)" time="0.353" />
  <testcase classname="ptolemy.util.test.junit.AutoTests" name="[68] /home/travis/build/icyphy/ptII/ptolemy/domains/de/test/auto/TimeDelayZeroDelay.xml (RunModel)" time="0.01" />
  <testcase classname="ptolemy.util.test.junit.AutoTests" name="[69] /home/travis/build/icyphy/ptII/ptolemy/domains/de/test/auto/TimerZeroDelay.xml (RunModel)" time="0.01" />
  <testcase classname="ptolemy.util.test.junit.AutoTests" name="[70] /home/travis/build/icyphy/ptII/ptolemy/domains/de/test/auto/TimingParadox.xml (RunModel)" time="0.315" />
  <testcase classname="ptolemy.util.test.junit.AutoTests" name="[71] /home/travis/build/icyphy/ptII/ptolemy/domains/de/test/auto/TransferInputs.xml (RunModel)" time="0.013" />
  <testcase classname="ptolemy.util.test.junit.AutoTests" name="[72] /home/travis/build/icyphy/ptII/ptolemy/domains/de/test/auto/TransferOutputs2.xml (RunModel)" time="0.015" />
  <testcase classname="ptolemy.util.test.junit.AutoTests" name="[73] /home/travis/build/icyphy/ptII/ptolemy/domains/de/test/auto/Trilateration.xml (RunModel)" time="10.945" />
  <testcase classname="ptolemy.util.test.junit.AutoTests" name="[74] /home/travis/build/icyphy/ptII/ptolemy/domains/de/test/auto/TwoSigmaDelta.xml (RunModel)" time="1.766" />
  <testcase classname="ptolemy.util.test.junit.AutoTests" name="[75] /home/travis/build/icyphy/ptII/ptolemy/domains/de/test/auto/VariableDelay.xml (RunModel)" time="0.016" />
  <testcase classname="ptolemy.util.test.junit.AutoTests" name="[76] /home/travis/build/icyphy/ptII/ptolemy/domains/de/test/auto/VariableDelay2.xml (RunModel)" time="0.01" />
  <testcase classname="ptolemy.util.test.junit.AutoTests" name="[77] /home/travis/build/icyphy/ptII/ptolemy/domains/de/test/auto/VariableDelayZeroDelay.xml (RunModel)" time="0.014" />
  <testcase classname="ptolemy.util.test.junit.AutoTests" name="[78] /home/travis/build/icyphy/ptII/ptolemy/domains/de/test/auto/VariableDelayZeroDelay2.xml (RunModel)" time="0.014" />
  <testcase classname="ptolemy.util.test.junit.AutoTests" name="[79] /home/travis/build/icyphy/ptII/ptolemy/domains/de/test/auto/deInCt.xml (RunModel)" time="0.014" />
  <testcase classname="ptolemy.util.test.junit.AutoTests" name="[80] /home/travis/build/icyphy/ptII/ptolemy/domains/de/test/auto/deInCt2.xml (RunModel)" time="0.012" />
  <testcase classname="ptolemy.util.test.junit.AutoTests" name="[81] /home/travis/build/icyphy/ptII/ptolemy/domains/de/test/auto/dynamicCausalityInterface1.xml (RunModel)" time="0.018" />
  <testcase classname="ptolemy.util.test.junit.AutoTests" name="[82] /home/travis/build/icyphy/ptII/ptolemy/domains/de/test/auto/fsm_de_test.xml (RunModel)" time="0.024" />
  <testcase classname="ptolemy.util.test.junit.AutoTests" name="[83] /home/travis/build/icyphy/ptII/ptolemy/domains/de/test/auto/functionDependencyReconstruction.xml (RunModel)" time="0.025" />
  <testcase classname="ptolemy.util.test.junit.AutoTests" name="[84] /home/travis/build/icyphy/ptII/ptolemy/domains/de/test/auto/multirate.xml (RunModel)" time="0.013" />
  <testcase classname="ptolemy.util.test.junit.AutoTests" name="[85] /home/travis/build/icyphy/ptII/ptolemy/domains/de/test/auto/multirate2.xml (RunModel)" time="0.019" />
  <testcase classname="ptolemy.util.test.junit.AutoTests" name="[86] /home/travis/build/icyphy/ptII/ptolemy/domains/de/test/auto/realtime.xml (RunModel)" time="10.009" />
  <testcase classname="ptolemy.util.test.junit.AutoTests" name="[87] /home/travis/build/icyphy/ptII/ptolemy/domains/de/test/auto/relationGroup.xml (RunModel)" time="0.01" />
  <testcase classname="ptolemy.util.test.junit.AutoTests" name="[88] /home/travis/build/icyphy/ptII/ptolemy/domains/de/test/auto/relationGroup2.xml (RunModel)" time="0.006" />
  <testcase classname="ptolemy.util.test.junit.AutoTests" name="[89] /home/travis/build/icyphy/ptII/ptolemy/domains/de/test/auto/sortWithOpaquePorts.xml (RunModel)" time="0.012" />
  <testcase classname="ptolemy.util.test.junit.AutoTests" name="[90] /home/travis/build/icyphy/ptII/ptolemy/domains/de/test/auto/transferInputsandOutputs.xml (RunModel)" time="0.016" />
  <testcase classname="ptolemy.util.test.junit.AutoTests" name="[91] /home/travis/build/icyphy/ptII/ptolemy/domains/de/test/auto/triggerType.xml (RunModel)" time="0.012" />
  <system-out><![CDATA[/home/travis/build/icyphy/ptII/ptolemy/domains/de/test/DependencyLoop.tcl
testDefs.tcl: setting time out to 9000 seconds at Tue Apr 21 14:01:46 UTC 2020
51 ms. Memory: 129024K Free: 78792K (61%)
19 ms. Memory: 129024K Free: 61384K (48%)
/home/travis/build/icyphy/ptII/ptolemy/domains/de/test/RunDETestsAsQSS.tcl
Run the DE tests using ptolemy.domains.qss.test.QSSDirectorTest, which extends QSSDirector and prints a message in the constructors.
------------------ testing $PTII/ptolemy/domains/de/test/auto/knownFailedTests/DirectFeedback.xml (Known Failure) 
41 ms. Memory: 129024K Free: 56264K (44%)


==== $PTIIhome/travis/build/icyphy/ptII/ptolemy/domains/de/test/../../../../: Auto Automatic test in file $PTII/ptolemy/domains/de/test/auto/knownFailedTests/DirectFeedback.xml
==== Contents of test case:

	    # FIXME: we should use $relativeFilename here, but it
	    # might have backslashes under Windows, which causes no end
	    # of trouble.
	    createAndExecute $file
	    list {}
	
.... Test generated KNOWN error:
    while executing
ptolemy.kernel.util.IllegalActionException: Test fails in iteration 1.
Value was: 1.0. Should have been: 2.0
  in .DirectFeedback.Test
	at ptolemy.actor.lib.Test.fire(Test.java:268)
	at ptolemy.domains.de.kernel.DEDirector._fire(DEDirector.java:1949)
	at ptolemy.domains.de.kernel.DEDirector.fire(DEDirector.java:502)
	at ptolemy.actor.CompositeActor.fire(CompositeActor.java:455)
	at ptolemy.actor.Manager.iterate(Manager.java:851)
	at ptolemy.actor.Manager.execute(Manager.java:369)
	at ptolemy.actor.Manager.run(Manager.java:1263)
	at ptolemy.actor.Manager$PtolemyRunThread.run(Manager.java:1933)

    while executing
ptolemy.kernel.util.IllegalActionException: Test fails in iteration 1.
Value was: 1.0. Should have been: 2.0
  in .DirectFeedback.Test
    while executing
"java::new ptolemy.moml.MoMLSimpleApplication $file
"
    (procedure "createAndExecute" line 2)
    invoked from within
"createAndExecute $file"
    ("uplevel" body line 5)
    invoked from within
"uplevel $contents_of_test"
------------------ testing $PTII/ptolemy/domains/de/test/auto/knownFailedTests/dependencyLoop.xml (Known Failure) 
29 ms. Memory: 129024K Free: 53192K (41%)


==== $PTIIhome/travis/build/icyphy/ptII/ptolemy/domains/de/test/../../../../: Auto Automatic test in file $PTII/ptolemy/domains/de/test/auto/knownFailedTests/dependencyLoop.xml
==== Contents of test case:

	    # FIXME: we should use $relativeFilename here, but it
	    # might have backslashes under Windows, which causes no end
	    # of trouble.
	    createAndExecute $file
	    list {}
	
.... Test generated KNOWN error:
    while executing
ptolemy.kernel.util.IllegalActionException: Found a zero delay loop containing .dependencyLoop.original
  in .dependencyLoop and .dependencyLoop.original
	at ptolemy.actor.util.CausalityInterfaceForComposites._computeOutputPortDepth(CausalityInterfaceForComposites.java:759)
	at ptolemy.actor.util.CausalityInterfaceForComposites._computeInputDepth(CausalityInterfaceForComposites.java:696)
	at ptolemy.actor.util.CausalityInterfaceForComposites._computeOutputPortDepth(CausalityInterfaceForComposites.java:765)
	at ptolemy.actor.util.CausalityInterfaceForComposites._computeInputDepth(CausalityInterfaceForComposites.java:696)
	at ptolemy.actor.util.CausalityInterfaceForComposites._computeOutputPortDepth(CausalityInterfaceForComposites.java:765)
	at ptolemy.actor.util.CausalityInterfaceForComposites._computeInputDepth(CausalityInterfaceForComposites.java:696)
	at ptolemy.actor.util.CausalityInterfaceForComposites._computeActorDepth(CausalityInterfaceForComposites.java:532)
	at ptolemy.actor.util.CausalityInterfaceForComposites.checkForCycles(CausalityInterfaceForComposites.java:96)
	at ptolemy.domains.de.kernel.DEDirector.preinitialize(DEDirector.java:1338)
	at ptolemy.actor.CompositeActor.preinitialize(CompositeActor.java:1828)
	at ptolemy.actor.Manager.preinitializeAndResolveTypes(Manager.java:1040)
	at ptolemy.actor.Manager.initialize(Manager.java:710)
	at ptolemy.actor.Manager.execute(Manager.java:356)
	at ptolemy.actor.Manager.run(Manager.java:1263)
	at ptolemy.actor.Manager$PtolemyRunThread.run(Manager.java:1933)

    while executing
ptolemy.kernel.util.IllegalActionException: Found a zero delay loop containing .dependencyLoop.original
  in .dependencyLoop and .dependencyLoop.original
    while executing
"java::new ptolemy.moml.MoMLSimpleApplication $file
"
    (procedure "createAndExecute" line 2)
    invoked from within
"createAndExecute $file"
    ("uplevel" body line 5)
    invoked from within
"uplevel $contents_of_test"
------------------ testing $PTII/ptolemy/domains/de/test/auto/knownFailedTests/FSMSource.xml (Known Failure) 
82 ms. Memory: 129024K Free: 111729K (87%)
!!!! Auto was marked as failing, but now passes
------------------ testing $PTII/ptolemy/domains/de/test/auto/knownFailedTests/HierarchicalModel.xml (Known Failure) 
6 ms. Memory: 129024K Free: 94329K (73%)


==== $PTIIhome/travis/build/icyphy/ptII/ptolemy/domains/de/test/../../../../: Auto Automatic test in file $PTII/ptolemy/domains/de/test/auto/knownFailedTests/HierarchicalModel.xml
==== Contents of test case:

	    # FIXME: we should use $relativeFilename here, but it
	    # might have backslashes under Windows, which causes no end
	    # of trouble.
	    createAndExecute $file
	    list {}
	
.... Test generated KNOWN error:
    while executing
ptolemy.kernel.util.IllegalActionException: Found a zero delay loop containing .HierarchicalModel.A
  in .HierarchicalModel and .HierarchicalModel.A
	at ptolemy.actor.util.CausalityInterfaceForComposites._computeOutputPortDepth(CausalityInterfaceForComposites.java:759)
	at ptolemy.actor.util.CausalityInterfaceForComposites._computeInputDepth(CausalityInterfaceForComposites.java:696)
	at ptolemy.actor.util.CausalityInterfaceForComposites._computeOutputPortDepth(CausalityInterfaceForComposites.java:765)
	at ptolemy.actor.util.CausalityInterfaceForComposites._computeInputDepth(CausalityInterfaceForComposites.java:696)
	at ptolemy.actor.util.CausalityInterfaceForComposites._computeOutputPortDepth(CausalityInterfaceForComposites.java:765)
	at ptolemy.actor.util.CausalityInterfaceForComposites._computeInputDepth(CausalityInterfaceForComposites.java:696)
	at ptolemy.actor.util.CausalityInterfaceForComposites._computeActorDepth(CausalityInterfaceForComposites.java:532)
	at ptolemy.actor.util.CausalityInterfaceForComposites.checkForCycles(CausalityInterfaceForComposites.java:96)
	at ptolemy.domains.de.kernel.DEDirector.preinitialize(DEDirector.java:1338)
	at ptolemy.actor.CompositeActor.preinitialize(CompositeActor.java:1828)
	at ptolemy.actor.Manager.preinitializeAndResolveTypes(Manager.java:1040)
	at ptolemy.actor.Manager.initialize(Manager.java:710)
	at ptolemy.actor.Manager.execute(Manager.java:356)
	at ptolemy.actor.Manager.run(Manager.java:1263)
	at ptolemy.actor.Manager$PtolemyRunThread.run(Manager.java:1933)

    while executing
ptolemy.kernel.util.IllegalActionException: Found a zero delay loop containing .HierarchicalModel.A
  in .HierarchicalModel and .HierarchicalModel.A
    while executing
"java::new ptolemy.moml.MoMLSimpleApplication $file
"
    (procedure "createAndExecute" line 2)
    invoked from within
"createAndExecute $file"
    ("uplevel" body line 5)
    invoked from within
"uplevel $contents_of_test"
------------------ testing $PTII/ptolemy/domains/de/test/auto/knownFailedTests/dependencyLoop2.xml (Known Failure) 
5 ms. Memory: 129024K Free: 77999K (60%)


==== $PTIIhome/travis/build/icyphy/ptII/ptolemy/domains/de/test/../../../../: Auto Automatic test in file $PTII/ptolemy/domains/de/test/auto/knownFailedTests/dependencyLoop2.xml
==== Contents of test case:

	    # FIXME: we should use $relativeFilename here, but it
	    # might have backslashes under Windows, which causes no end
	    # of trouble.
	    createAndExecute $file
	    list {}
	
.... Test generated KNOWN error:
    while executing
ptolemy.kernel.util.IllegalActionException: Found a zero delay loop containing .dependencyLoop2.original
  in .dependencyLoop2 and .dependencyLoop2.original
	at ptolemy.actor.util.CausalityInterfaceForComposites._computeOutputPortDepth(CausalityInterfaceForComposites.java:759)
	at ptolemy.actor.util.CausalityInterfaceForComposites._computeInputDepth(CausalityInterfaceForComposites.java:696)
	at ptolemy.actor.util.CausalityInterfaceForComposites._computeOutputPortDepth(CausalityInterfaceForComposites.java:765)
	at ptolemy.actor.util.CausalityInterfaceForComposites._computeInputDepth(CausalityInterfaceForComposites.java:696)
	at ptolemy.actor.util.CausalityInterfaceForComposites._computeOutputPortDepth(CausalityInterfaceForComposites.java:765)
	at ptolemy.actor.util.CausalityInterfaceForComposites._computeInputDepth(CausalityInterfaceForComposites.java:696)
	at ptolemy.actor.util.CausalityInterfaceForComposites._computeActorDepth(CausalityInterfaceForComposites.java:532)
	at ptolemy.actor.util.CausalityInterfaceForComposites.checkForCycles(CausalityInterfaceForComposites.java:96)
	at ptolemy.domains.de.kernel.DEDirector.preinitialize(DEDirector.java:1338)
	at ptolemy.actor.CompositeActor.preinitialize(CompositeActor.java:1828)
	at ptolemy.actor.Manager.preinitializeAndResolveTypes(Manager.java:1040)
	at ptolemy.actor.Manager.initialize(Manager.java:710)
	at ptolemy.actor.Manager.execute(Manager.java:356)
	at ptolemy.actor.Manager.run(Manager.java:1263)
	at ptolemy.actor.Manager$PtolemyRunThread.run(Manager.java:1933)

    while executing
ptolemy.kernel.util.IllegalActionException: Found a zero delay loop containing .dependencyLoop2.original
  in .dependencyLoop2 and .dependencyLoop2.original
    while executing
"java::new ptolemy.moml.MoMLSimpleApplication $file
"
    (procedure "createAndExecute" line 2)
    invoked from within
"createAndExecute $file"
    ("uplevel" body line 5)
    invoked from within
"uplevel $contents_of_test"
------------------ testing $PTII/ptolemy/domains/de/test/auto/knownFailedTests/DESDFClockTest.xml (Known Failure) 
2055 ms. Memory: 129024K Free: 109444K (85%)


==== $PTIIhome/travis/build/icyphy/ptII/ptolemy/domains/de/test/../../../../: Auto Automatic test in file $PTII/ptolemy/domains/de/test/auto/knownFailedTests/DESDFClockTest.xml
==== Contents of test case:

	    # FIXME: we should use $relativeFilename here, but it
	    # might have backslashes under Windows, which causes no end
	    # of trouble.
	    createAndExecute $file
	    list {}
	
.... Test generated KNOWN error:
    while executing
ptolemy.kernel.util.IllegalActionException: Actor is not ready to fire.  Perhaps UpSample.prefire() returned false? Try debugging the actor by selecting "Listen to Actor".  Also, for SDF check moml for tokenConsumptionRate on input.
  in .DESDFClockTest.Play Bell.Copy1:SDF Director and .DESDFClockTest.Play Bell.UpSample
	at ptolemy.actor.sched.StaticSchedulingDirector.fire(StaticSchedulingDirector.java:227)
	at ptolemy.domains.sdf.kernel.SDFDirector.fire(SDFDirector.java:500)
	at ptolemy.actor.CompositeActor.fire(CompositeActor.java:455)
	at ptolemy.domains.de.kernel.DEDirector._fire(DEDirector.java:1949)
	at ptolemy.domains.de.kernel.DEDirector.fire(DEDirector.java:502)
	at ptolemy.actor.CompositeActor.fire(CompositeActor.java:455)
	at ptolemy.actor.Manager.iterate(Manager.java:851)
	at ptolemy.actor.Manager.execute(Manager.java:369)
	at ptolemy.actor.Manager.run(Manager.java:1263)
	at ptolemy.actor.Manager$PtolemyRunThread.run(Manager.java:1933)

    while executing
ptolemy.kernel.util.IllegalActionException: Actor is not ready to fire.  Perhaps UpSample.prefire() returned false? Try debugging the actor by selecting "Listen to Actor".  Also, for SDF check moml for tokenConsumptionRate on input.
  in .DESDFClockTest.Play Bell.Copy1:SDF Director and .DESDFClockTest.Play Bell.UpSample
    while executing
"java::new ptolemy.moml.MoMLSimpleApplication $file
"
    (procedure "createAndExecute" line 2)
    invoked from within
"createAndExecute $file"
    ("uplevel" body line 5)
    invoked from within
"uplevel $contents_of_test"
------------------ testing $PTII/ptolemy/domains/de/test/auto/ActorDepthCalculation_actorWithoutPorts.xml
auto.tcl: Setting watchdog for 200 seconds at Tue Apr 21 14:01:50 UTC 2020
9 ms. Memory: 129024K Free: 101766K (79%)
ptolemy.util.test.WatchDog.cancel(): canceling Tue Apr 21 14:01:50 UTC 2020
auto.tcl: Setting watchdog for 200 seconds at Tue Apr 21 14:01:50 UTC 2020
4 ms. Memory: 129024K Free: 100222K (78%)
ptolemy.util.test.WatchDog.cancel(): canceling Tue Apr 21 14:01:50 UTC 2020
------------------ testing $PTII/ptolemy/domains/de/test/auto/AssemblyLine.xml
auto.tcl: Setting watchdog for 200 seconds at Tue Apr 21 14:01:51 UTC 2020
17 ms. Memory: 55296K Free: 32233K (58%)
ptolemy.util.test.WatchDog.cancel(): canceling Tue Apr 21 14:01:51 UTC 2020
auto.tcl: Setting watchdog for 200 seconds at Tue Apr 21 14:01:51 UTC 2020
8 ms. Memory: 55296K Free: 31046K (56%)
ptolemy.util.test.WatchDog.cancel(): canceling Tue Apr 21 14:01:51 UTC 2020
------------------ testing $PTII/ptolemy/domains/de/test/auto/CQBug1.xml
auto.tcl: Setting watchdog for 200 seconds at Tue Apr 21 14:01:51 UTC 2020
2 ms. Memory: 51200K Free: 33820K (66%)
ptolemy.util.test.WatchDog.cancel(): canceling Tue Apr 21 14:01:51 UTC 2020
auto.tcl: Setting watchdog for 200 seconds at Tue Apr 21 14:01:51 UTC 2020
2 ms. Memory: 51200K Free: 33334K (65%)
ptolemy.util.test.WatchDog.cancel(): canceling Tue Apr 21 14:01:51 UTC 2020
------------------ testing $PTII/ptolemy/domains/de/test/auto/CancelFireAt.xml
auto.tcl: Setting watchdog for 200 seconds at Tue Apr 21 14:01:51 UTC 2020
5 ms. Memory: 51200K Free: 34584K (68%)
ptolemy.util.test.WatchDog.cancel(): canceling Tue Apr 21 14:01:51 UTC 2020
auto.tcl: Setting watchdog for 200 seconds at Tue Apr 21 14:01:51 UTC 2020
2 ms. Memory: 51200K Free: 34116K (67%)
ptolemy.util.test.WatchDog.cancel(): canceling Tue Apr 21 14:01:51 UTC 2020
------------------ testing $PTII/ptolemy/domains/de/test/auto/CausalityAndComposabilityAnalysis.xml
auto.tcl: Setting watchdog for 200 seconds at Tue Apr 21 14:01:51 UTC 2020
10 ms. Memory: 51200K Free: 32351K (63%)
ptolemy.util.test.WatchDog.cancel(): canceling Tue Apr 21 14:01:51 UTC 2020
auto.tcl: Setting watchdog for 200 seconds at Tue Apr 21 14:01:51 UTC 2020
7 ms. Memory: 51200K Free: 31955K (62%)
ptolemy.util.test.WatchDog.cancel(): canceling Tue Apr 21 14:01:51 UTC 2020
------------------ testing $PTII/ptolemy/domains/de/test/auto/CausalityInterface1.xml
auto.tcl: Setting watchdog for 200 seconds at Tue Apr 21 14:01:51 UTC 2020
21 ms. Memory: 51200K Free: 31360K (61%)
ptolemy.util.test.WatchDog.cancel(): canceling Tue Apr 21 14:01:51 UTC 2020
auto.tcl: Setting watchdog for 200 seconds at Tue Apr 21 14:01:51 UTC 2020
6 ms. Memory: 51200K Free: 30372K (59%)
ptolemy.util.test.WatchDog.cancel(): canceling Tue Apr 21 14:01:51 UTC 2020
------------------ testing $PTII/ptolemy/domains/de/test/auto/CausalityInterface15.xml
auto.tcl: Setting watchdog for 200 seconds at Tue Apr 21 14:01:51 UTC 2020
9 ms. Memory: 51200K Free: 31541K (62%)
ptolemy.util.test.WatchDog.cancel(): canceling Tue Apr 21 14:01:51 UTC 2020
auto.tcl: Setting watchdog for 200 seconds at Tue Apr 21 14:01:51 UTC 2020
6 ms. Memory: 51200K Free: 30349K (59%)
ptolemy.util.test.WatchDog.cancel(): canceling Tue Apr 21 14:01:51 UTC 2020
------------------ testing $PTII/ptolemy/domains/de/test/auto/CausalityInterface2.xml
auto.tcl: Setting watchdog for 200 seconds at Tue Apr 21 14:01:51 UTC 2020
3 ms. Memory: 51200K Free: 32007K (63%)
ptolemy.util.test.WatchDog.cancel(): canceling Tue Apr 21 14:01:51 UTC 2020
auto.tcl: Setting watchdog for 200 seconds at Tue Apr 21 14:01:51 UTC 2020
3 ms. Memory: 51200K Free: 31344K (61%)
ptolemy.util.test.WatchDog.cancel(): canceling Tue Apr 21 14:01:51 UTC 2020
------------------ testing $PTII/ptolemy/domains/de/test/auto/CausalityInterface3.xml
auto.tcl: Setting watchdog for 200 seconds at Tue Apr 21 14:01:51 UTC 2020
6 ms. Memory: 51200K Free: 31534K (62%)
ptolemy.util.test.WatchDog.cancel(): canceling Tue Apr 21 14:01:51 UTC 2020
auto.tcl: Setting watchdog for 200 seconds at Tue Apr 21 14:01:51 UTC 2020
3 ms. Memory: 51200K Free: 31048K (61%)
ptolemy.util.test.WatchDog.cancel(): canceling Tue Apr 21 14:01:51 UTC 2020
------------------ testing $PTII/ptolemy/domains/de/test/auto/ClockDrift.xml
auto.tcl: Setting watchdog for 200 seconds at Tue Apr 21 14:01:51 UTC 2020
75 ms. Memory: 51200K Free: 23859K (47%)
ptolemy.util.test.WatchDog.cancel(): canceling Tue Apr 21 14:01:51 UTC 2020
auto.tcl: Setting watchdog for 200 seconds at Tue Apr 21 14:01:51 UTC 2020
57 ms. Memory: 51200K Free: 20646K (40%)
ptolemy.util.test.WatchDog.cancel(): canceling Tue Apr 21 14:01:52 UTC 2020
------------------ testing $PTII/ptolemy/domains/de/test/auto/ClockDriftAndValueChange.xml
auto.tcl: Setting watchdog for 200 seconds at Tue Apr 21 14:01:52 UTC 2020
37 ms. Memory: 51200K Free: 23972K (47%)
ptolemy.util.test.WatchDog.cancel(): canceling Tue Apr 21 14:01:52 UTC 2020
auto.tcl: Setting watchdog for 200 seconds at Tue Apr 21 14:01:52 UTC 2020
28 ms. Memory: 51200K Free: 20986K (41%)
ptolemy.util.test.WatchDog.cancel(): canceling Tue Apr 21 14:01:52 UTC 2020
------------------ testing $PTII/ptolemy/domains/de/test/auto/ClockDriftChange.xml
auto.tcl: Setting watchdog for 200 seconds at Tue Apr 21 14:01:52 UTC 2020
21 ms. Memory: 51200K Free: 26015K (51%)
ptolemy.util.test.WatchDog.cancel(): canceling Tue Apr 21 14:01:52 UTC 2020
auto.tcl: Setting watchdog for 200 seconds at Tue Apr 21 14:01:52 UTC 2020
23 ms. Memory: 51200K Free: 23478K (46%)
ptolemy.util.test.WatchDog.cancel(): canceling Tue Apr 21 14:01:52 UTC 2020
------------------ testing $PTII/ptolemy/domains/de/test/auto/ComposableCausalityAnalysis.xml
auto.tcl: Setting watchdog for 200 seconds at Tue Apr 21 14:01:52 UTC 2020
1 ms. Memory: 51200K Free: 30822K (60%)
ptolemy.util.test.WatchDog.cancel(): canceling Tue Apr 21 14:01:52 UTC 2020
auto.tcl: Setting watchdog for 200 seconds at Tue Apr 21 14:01:52 UTC 2020
2 ms. Memory: 51200K Free: 29777K (58%)
ptolemy.util.test.WatchDog.cancel(): canceling Tue Apr 21 14:01:52 UTC 2020
------------------ testing $PTII/ptolemy/domains/de/test/auto/DEFixedPointLimitation.xml
auto.tcl: Setting watchdog for 200 seconds at Tue Apr 21 14:01:52 UTC 2020
4 ms. Memory: 51200K Free: 32245K (63%)
ptolemy.util.test.WatchDog.cancel(): canceling Tue Apr 21 14:01:52 UTC 2020
auto.tcl: Setting watchdog for 200 seconds at Tue Apr 21 14:01:52 UTC 2020
1 ms. Memory: 51200K Free: 31364K (61%)
ptolemy.util.test.WatchDog.cancel(): canceling Tue Apr 21 14:01:52 UTC 2020
------------------ testing $PTII/ptolemy/domains/de/test/auto/DEScheduleTest.xml
auto.tcl: Setting watchdog for 200 seconds at Tue Apr 21 14:01:52 UTC 2020
4 ms. Memory: 51200K Free: 32578K (64%)
ptolemy.util.test.WatchDog.cancel(): canceling Tue Apr 21 14:01:52 UTC 2020
auto.tcl: Setting watchdog for 200 seconds at Tue Apr 21 14:01:52 UTC 2020
2 ms. Memory: 51200K Free: 31822K (62%)
ptolemy.util.test.WatchDog.cancel(): canceling Tue Apr 21 14:01:52 UTC 2020
------------------ testing $PTII/ptolemy/domains/de/test/auto/DEinDEwithStartTimes.xml
auto.tcl: Setting watchdog for 200 seconds at Tue Apr 21 14:01:52 UTC 2020
4 ms. Memory: 51200K Free: 30749K (60%)
ptolemy.util.test.WatchDog.cancel(): canceling Tue Apr 21 14:01:52 UTC 2020
auto.tcl: Setting watchdog for 200 seconds at Tue Apr 21 14:01:52 UTC 2020
4 ms. Memory: 51200K Free: 29725K (58%)
ptolemy.util.test.WatchDog.cancel(): canceling Tue Apr 21 14:01:52 UTC 2020
------------------ testing $PTII/ptolemy/domains/de/test/auto/DEinDEwithStartTimes2.xml
auto.tcl: Setting watchdog for 200 seconds at Tue Apr 21 14:01:52 UTC 2020
4 ms. Memory: 51200K Free: 29858K (58%)
ptolemy.util.test.WatchDog.cancel(): canceling Tue Apr 21 14:01:52 UTC 2020
auto.tcl: Setting watchdog for 200 seconds at Tue Apr 21 14:01:52 UTC 2020
2 ms. Memory: 51200K Free: 28681K (56%)
ptolemy.util.test.WatchDog.cancel(): canceling Tue Apr 21 14:01:52 UTC 2020
------------------ testing $PTII/ptolemy/domains/de/test/auto/DateDemo.xml
auto.tcl: Setting watchdog for 200 seconds at Tue Apr 21 14:01:52 UTC 2020
11 ms. Memory: 51200K Free: 24026K (47%)
ptolemy.util.test.WatchDog.cancel(): canceling Tue Apr 21 14:01:52 UTC 2020
auto.tcl: Setting watchdog for 200 seconds at Tue Apr 21 14:01:52 UTC 2020
7 ms. Memory: 51200K Free: 22628K (44%)
ptolemy.util.test.WatchDog.cancel(): canceling Tue Apr 21 14:01:52 UTC 2020
------------------ testing $PTII/ptolemy/domains/de/test/auto/DateToEvent.xml
auto.tcl: Setting watchdog for 200 seconds at Tue Apr 21 14:01:52 UTC 2020
2018 ms. Memory: 51200K Free: 20245K (40%)
ptolemy.util.test.WatchDog.cancel(): canceling Tue Apr 21 14:01:54 UTC 2020
auto.tcl: Setting watchdog for 200 seconds at Tue Apr 21 14:01:54 UTC 2020
2004 ms. Memory: 51200K Free: 19400K (38%)
ptolemy.util.test.WatchDog.cancel(): canceling Tue Apr 21 14:01:56 UTC 2020
------------------ testing $PTII/ptolemy/domains/de/test/auto/DepthTest1.xml
auto.tcl: Setting watchdog for 200 seconds at Tue Apr 21 14:01:56 UTC 2020
2 ms. Memory: 51200K Free: 33835K (66%)
ptolemy.util.test.WatchDog.cancel(): canceling Tue Apr 21 14:01:56 UTC 2020
auto.tcl: Setting watchdog for 200 seconds at Tue Apr 21 14:01:56 UTC 2020
2 ms. Memory: 51200K Free: 32925K (64%)
ptolemy.util.test.WatchDog.cancel(): canceling Tue Apr 21 14:01:56 UTC 2020
------------------ testing $PTII/ptolemy/domains/de/test/auto/DepthTest2.xml
auto.tcl: Setting watchdog for 200 seconds at Tue Apr 21 14:01:57 UTC 2020
3 ms. Memory: 51200K Free: 30166K (59%)
ptolemy.util.test.WatchDog.cancel(): canceling Tue Apr 21 14:01:57 UTC 2020
auto.tcl: Setting watchdog for 200 seconds at Tue Apr 21 14:01:57 UTC 2020
3 ms. Memory: 51200K Free: 29720K (58%)
ptolemy.util.test.WatchDog.cancel(): canceling Tue Apr 21 14:01:57 UTC 2020
------------------ testing $PTII/ptolemy/domains/de/test/auto/DepthTest3.xml
auto.tcl: Setting watchdog for 200 seconds at Tue Apr 21 14:01:57 UTC 2020
2 ms. Memory: 51200K Free: 33734K (66%)
ptolemy.util.test.WatchDog.cancel(): canceling Tue Apr 21 14:01:57 UTC 2020
auto.tcl: Setting watchdog for 200 seconds at Tue Apr 21 14:01:57 UTC 2020
2 ms. Memory: 51200K Free: 33234K (65%)
ptolemy.util.test.WatchDog.cancel(): canceling Tue Apr 21 14:01:57 UTC 2020
------------------ testing $PTII/ptolemy/domains/de/test/auto/DepthTest4.xml
auto.tcl: Setting watchdog for 200 seconds at Tue Apr 21 14:01:57 UTC 2020
3 ms. Memory: 51200K Free: 31964K (62%)
ptolemy.util.test.WatchDog.cancel(): canceling Tue Apr 21 14:01:57 UTC 2020
auto.tcl: Setting watchdog for 200 seconds at Tue Apr 21 14:01:57 UTC 2020
3 ms. Memory: 51200K Free: 30876K (60%)
ptolemy.util.test.WatchDog.cancel(): canceling Tue Apr 21 14:01:57 UTC 2020
------------------ testing $PTII/ptolemy/domains/de/test/auto/DepthTest5.xml
auto.tcl: Setting watchdog for 200 seconds at Tue Apr 21 14:01:57 UTC 2020
4 ms. Memory: 51200K Free: 31439K (61%)
ptolemy.util.test.WatchDog.cancel(): canceling Tue Apr 21 14:01:57 UTC 2020
auto.tcl: Setting watchdog for 200 seconds at Tue Apr 21 14:01:57 UTC 2020
2 ms. Memory: 51200K Free: 30683K (60%)
ptolemy.util.test.WatchDog.cancel(): canceling Tue Apr 21 14:01:57 UTC 2020
------------------ testing $PTII/ptolemy/domains/de/test/auto/DepthTest6.xml
auto.tcl: Setting watchdog for 200 seconds at Tue Apr 21 14:01:57 UTC 2020
4 ms. Memory: 51200K Free: 31120K (61%)
ptolemy.util.test.WatchDog.cancel(): canceling Tue Apr 21 14:01:57 UTC 2020
auto.tcl: Setting watchdog for 200 seconds at Tue Apr 21 14:01:57 UTC 2020
6 ms. Memory: 51200K Free: 30665K (60%)
ptolemy.util.test.WatchDog.cancel(): canceling Tue Apr 21 14:01:57 UTC 2020
------------------ testing $PTII/ptolemy/domains/de/test/auto/DepthTest7.xml
auto.tcl: Setting watchdog for 200 seconds at Tue Apr 21 14:01:57 UTC 2020
3 ms. Memory: 51200K Free: 31889K (62%)
ptolemy.util.test.WatchDog.cancel(): canceling Tue Apr 21 14:01:57 UTC 2020
auto.tcl: Setting watchdog for 200 seconds at Tue Apr 21 14:01:57 UTC 2020
2 ms. Memory: 51200K Free: 31219K (61%)
ptolemy.util.test.WatchDog.cancel(): canceling Tue Apr 21 14:01:57 UTC 2020
------------------ testing $PTII/ptolemy/domains/de/test/auto/EventToDate.xml
auto.tcl: Setting watchdog for 200 seconds at Tue Apr 21 14:01:57 UTC 2020
3005 ms. Memory: 51200K Free: 22671K (44%)
ptolemy.util.test.WatchDog.cancel(): canceling Tue Apr 21 14:02:00 UTC 2020
auto.tcl: Setting watchdog for 200 seconds at Tue Apr 21 14:02:00 UTC 2020
3003 ms. Memory: 51200K Free: 22045K (43%)
ptolemy.util.test.WatchDog.cancel(): canceling Tue Apr 21 14:02:03 UTC 2020
------------------ testing $PTII/ptolemy/domains/de/test/auto/FSM1.xml
auto.tcl: Setting watchdog for 200 seconds at Tue Apr 21 14:02:03 UTC 2020
48 ms. Memory: 51200K Free: 23657K (46%)
ptolemy.util.test.WatchDog.cancel(): canceling Tue Apr 21 14:02:03 UTC 2020
auto.tcl: Setting watchdog for 200 seconds at Tue Apr 21 14:02:03 UTC 2020
22 ms. Memory: 51200K Free: 20716K (40%)
ptolemy.util.test.WatchDog.cancel(): canceling Tue Apr 21 14:02:03 UTC 2020
------------------ testing $PTII/ptolemy/domains/de/test/auto/FSM7.xml
auto.tcl: Setting watchdog for 200 seconds at Tue Apr 21 14:02:03 UTC 2020
16 ms. Memory: 51200K Free: 23838K (47%)
ptolemy.util.test.WatchDog.cancel(): canceling Tue Apr 21 14:02:03 UTC 2020
auto.tcl: Setting watchdog for 200 seconds at Tue Apr 21 14:02:03 UTC 2020
22 ms. Memory: 51200K Free: 20446K (40%)
ptolemy.util.test.WatchDog.cancel(): canceling Tue Apr 21 14:02:03 UTC 2020
------------------ testing $PTII/ptolemy/domains/de/test/auto/Inspection.xml
auto.tcl: Setting watchdog for 200 seconds at Tue Apr 21 14:02:03 UTC 2020
21 ms. Memory: 51200K Free: 23613K (46%)
ptolemy.util.test.WatchDog.cancel(): canceling Tue Apr 21 14:02:03 UTC 2020
auto.tcl: Setting watchdog for 200 seconds at Tue Apr 21 14:02:03 UTC 2020
26 ms. Memory: 51200K Free: 21936K (43%)
ptolemy.util.test.WatchDog.cancel(): canceling Tue Apr 21 14:02:03 UTC 2020
------------------ testing $PTII/ptolemy/domains/de/test/auto/Iteration.xml
auto.tcl: Setting watchdog for 200 seconds at Tue Apr 21 14:02:03 UTC 2020
7 ms. Memory: 51200K Free: 29181K (57%)
ptolemy.util.test.WatchDog.cancel(): canceling Tue Apr 21 14:02:03 UTC 2020
auto.tcl: Setting watchdog for 200 seconds at Tue Apr 21 14:02:03 UTC 2020
7 ms. Memory: 51200K Free: 27993K (55%)
ptolemy.util.test.WatchDog.cancel(): canceling Tue Apr 21 14:02:03 UTC 2020
------------------ testing $PTII/ptolemy/domains/de/test/auto/LineFault.xml
auto.tcl: Setting watchdog for 200 seconds at Tue Apr 21 14:02:04 UTC 2020
558 ms. Memory: 51200K Free: 17470K (34%)
ptolemy.util.test.WatchDog.cancel(): canceling Tue Apr 21 14:02:04 UTC 2020
auto.tcl: Setting watchdog for 200 seconds at Tue Apr 21 14:02:04 UTC 2020
515 ms. Memory: 65536K Free: 48680K (74%)
ptolemy.util.test.WatchDog.cancel(): canceling Tue Apr 21 14:02:05 UTC 2020
------------------ testing $PTII/ptolemy/domains/de/test/auto/MergeModel1Add.xml
auto.tcl: Setting watchdog for 200 seconds at Tue Apr 21 14:02:05 UTC 2020
21 ms. Memory: 55296K Free: 19520K (35%)
ptolemy.util.test.WatchDog.cancel(): canceling Tue Apr 21 14:02:05 UTC 2020
auto.tcl: Setting watchdog for 200 seconds at Tue Apr 21 14:02:05 UTC 2020
9 ms. Memory: 55296K Free: 17893K (32%)
ptolemy.util.test.WatchDog.cancel(): canceling Tue Apr 21 14:02:05 UTC 2020
------------------ testing $PTII/ptolemy/domains/de/test/auto/MergeModel2Add.xml
auto.tcl: Setting watchdog for 200 seconds at Tue Apr 21 14:02:05 UTC 2020
7 ms. Memory: 55296K Free: 21542K (39%)
ptolemy.util.test.WatchDog.cancel(): canceling Tue Apr 21 14:02:05 UTC 2020
auto.tcl: Setting watchdog for 200 seconds at Tue Apr 21 14:02:05 UTC 2020
6 ms. Memory: 55296K Free: 19604K (35%)
ptolemy.util.test.WatchDog.cancel(): canceling Tue Apr 21 14:02:05 UTC 2020
------------------ testing $PTII/ptolemy/domains/de/test/auto/MergeModel3Add.xml
auto.tcl: Setting watchdog for 200 seconds at Tue Apr 21 14:02:05 UTC 2020
7 ms. Memory: 55296K Free: 21581K (39%)
ptolemy.util.test.WatchDog.cancel(): canceling Tue Apr 21 14:02:05 UTC 2020
auto.tcl: Setting watchdog for 200 seconds at Tue Apr 21 14:02:05 UTC 2020
6 ms. Memory: 55296K Free: 20167K (36%)
ptolemy.util.test.WatchDog.cancel(): canceling Tue Apr 21 14:02:05 UTC 2020
------------------ testing $PTII/ptolemy/domains/de/test/auto/MergeWithoutDiscard.xml
auto.tcl: Setting watchdog for 200 seconds at Tue Apr 21 14:02:05 UTC 2020
2 ms. Memory: 51200K Free: 32354K (63%)
ptolemy.util.test.WatchDog.cancel(): canceling Tue Apr 21 14:02:05 UTC 2020
auto.tcl: Setting watchdog for 200 seconds at Tue Apr 21 14:02:05 UTC 2020
1 ms. Memory: 51200K Free: 31462K (61%)
ptolemy.util.test.WatchDog.cancel(): canceling Tue Apr 21 14:02:05 UTC 2020
------------------ testing $PTII/ptolemy/domains/de/test/auto/Modal1.xml
auto.tcl: Setting watchdog for 200 seconds at Tue Apr 21 14:02:05 UTC 2020
12 ms. Memory: 51200K Free: 23957K (47%)
ptolemy.util.test.WatchDog.cancel(): canceling Tue Apr 21 14:02:05 UTC 2020
auto.tcl: Setting watchdog for 200 seconds at Tue Apr 21 14:02:05 UTC 2020
12 ms. Memory: 51200K Free: 20493K (40%)
ptolemy.util.test.WatchDog.cancel(): canceling Tue Apr 21 14:02:05 UTC 2020
------------------ testing $PTII/ptolemy/domains/de/test/auto/Modal2.xml
auto.tcl: Setting watchdog for 200 seconds at Tue Apr 21 14:02:05 UTC 2020
11 ms. Memory: 51200K Free: 24091K (47%)
ptolemy.util.test.WatchDog.cancel(): canceling Tue Apr 21 14:02:05 UTC 2020
auto.tcl: Setting watchdog for 200 seconds at Tue Apr 21 14:02:05 UTC 2020
11 ms. Memory: 51200K Free: 20851K (41%)
ptolemy.util.test.WatchDog.cancel(): canceling Tue Apr 21 14:02:05 UTC 2020
------------------ testing $PTII/ptolemy/domains/de/test/auto/Modal3.xml
auto.tcl: Setting watchdog for 200 seconds at Tue Apr 21 14:02:05 UTC 2020
13 ms. Memory: 51200K Free: 23854K (47%)
ptolemy.util.test.WatchDog.cancel(): canceling Tue Apr 21 14:02:05 UTC 2020
auto.tcl: Setting watchdog for 200 seconds at Tue Apr 21 14:02:05 UTC 2020
12 ms. Memory: 51200K Free: 20880K (41%)
ptolemy.util.test.WatchDog.cancel(): canceling Tue Apr 21 14:02:05 UTC 2020
------------------ testing $PTII/ptolemy/domains/de/test/auto/Modal4.xml
auto.tcl: Setting watchdog for 200 seconds at Tue Apr 21 14:02:06 UTC 2020
28 ms. Memory: 51200K Free: 23032K (45%)
ptolemy.util.test.WatchDog.cancel(): canceling Tue Apr 21 14:02:06 UTC 2020
auto.tcl: Setting watchdog for 200 seconds at Tue Apr 21 14:02:06 UTC 2020
16 ms. Memory: 51200K Free: 19224K (38%)
ptolemy.util.test.WatchDog.cancel(): canceling Tue Apr 21 14:02:06 UTC 2020
------------------ testing $PTII/ptolemy/domains/de/test/auto/Modal5.xml
auto.tcl: Setting watchdog for 200 seconds at Tue Apr 21 14:02:06 UTC 2020
12 ms. Memory: 51200K Free: 23034K (45%)
ptolemy.util.test.WatchDog.cancel(): canceling Tue Apr 21 14:02:06 UTC 2020
auto.tcl: Setting watchdog for 200 seconds at Tue Apr 21 14:02:06 UTC 2020
13 ms. Memory: 51200K Free: 19210K (38%)
ptolemy.util.test.WatchDog.cancel(): canceling Tue Apr 21 14:02:06 UTC 2020
------------------ testing $PTII/ptolemy/domains/de/test/auto/Modal6.xml
auto.tcl: Setting watchdog for 200 seconds at Tue Apr 21 14:02:06 UTC 2020
11 ms. Memory: 51200K Free: 23800K (46%)
ptolemy.util.test.WatchDog.cancel(): canceling Tue Apr 21 14:02:06 UTC 2020
auto.tcl: Setting watchdog for 200 seconds at Tue Apr 21 14:02:06 UTC 2020
13 ms. Memory: 51200K Free: 20232K (40%)
ptolemy.util.test.WatchDog.cancel(): canceling Tue Apr 21 14:02:06 UTC 2020
------------------ testing $PTII/ptolemy/domains/de/test/auto/Modal7.xml
auto.tcl: Setting watchdog for 200 seconds at Tue Apr 21 14:02:06 UTC 2020
13 ms. Memory: 51200K Free: 22777K (44%)
ptolemy.util.test.WatchDog.cancel(): canceling Tue Apr 21 14:02:06 UTC 2020
auto.tcl: Setting watchdog for 200 seconds at Tue Apr 21 14:02:06 UTC 2020
10 ms. Memory: 51200K Free: 19209K (38%)
ptolemy.util.test.WatchDog.cancel(): canceling Tue Apr 21 14:02:06 UTC 2020
------------------ testing $PTII/ptolemy/domains/de/test/auto/ModalModel.xml
auto.tcl: Setting watchdog for 200 seconds at Tue Apr 21 14:02:06 UTC 2020
166 ms. Memory: 51200K Free: 17192K (34%)
ptolemy.util.test.WatchDog.cancel(): canceling Tue Apr 21 14:02:06 UTC 2020
auto.tcl: Setting watchdog for 200 seconds at Tue Apr 21 14:02:06 UTC 2020
196 ms. Memory: 70656K Free: 30160K (43%)
ptolemy.util.test.WatchDog.cancel(): canceling Tue Apr 21 14:02:06 UTC 2020
------------------ testing $PTII/ptolemy/domains/de/test/auto/ModalSource.xml
auto.tcl: Setting watchdog for 200 seconds at Tue Apr 21 14:02:06 UTC 2020
6 ms. Memory: 51200K Free: 27883K (54%)
ptolemy.util.test.WatchDog.cancel(): canceling Tue Apr 21 14:02:06 UTC 2020
auto.tcl: Setting watchdog for 200 seconds at Tue Apr 21 14:02:06 UTC 2020
6 ms. Memory: 51200K Free: 25835K (50%)
ptolemy.util.test.WatchDog.cancel(): canceling Tue Apr 21 14:02:06 UTC 2020
------------------ testing $PTII/ptolemy/domains/de/test/auto/NonInterruptibleTimerZeroDelay.xml
auto.tcl: Setting watchdog for 200 seconds at Tue Apr 21 14:02:06 UTC 2020
3 ms. Memory: 51200K Free: 32820K (64%)
ptolemy.util.test.WatchDog.cancel(): canceling Tue Apr 21 14:02:06 UTC 2020
auto.tcl: Setting watchdog for 200 seconds at Tue Apr 21 14:02:06 UTC 2020
2 ms. Memory: 51200K Free: 32169K (63%)
ptolemy.util.test.WatchDog.cancel(): canceling Tue Apr 21 14:02:06 UTC 2020
------------------ testing $PTII/ptolemy/domains/de/test/auto/OpenQueueingNetwork.xml
auto.tcl: Setting watchdog for 200 seconds at Tue Apr 21 14:02:06 UTC 2020
2651 ms. Memory: 136192K Free: 107149K (79%)
ptolemy.util.test.WatchDog.cancel(): canceling Tue Apr 21 14:02:09 UTC 2020
auto.tcl: Setting watchdog for 200 seconds at Tue Apr 21 14:02:09 UTC 2020
2249 ms. Memory: 163840K Free: 70777K (43%)
ptolemy.util.test.WatchDog.cancel(): canceling Tue Apr 21 14:02:12 UTC 2020
------------------ testing $PTII/ptolemy/domains/de/test/auto/OpenQueuingNetwork.xml
auto.tcl: Setting watchdog for 200 seconds at Tue Apr 21 14:02:12 UTC 2020
210 ms. Memory: 58368K Free: 32022K (55%)
ptolemy.util.test.WatchDog.cancel(): canceling Tue Apr 21 14:02:12 UTC 2020
auto.tcl: Setting watchdog for 200 seconds at Tue Apr 21 14:02:12 UTC 2020
206 ms. Memory: 58368K Free: 13446K (23%)
ptolemy.util.test.WatchDog.cancel(): canceling Tue Apr 21 14:02:12 UTC 2020
------------------ testing $PTII/ptolemy/domains/de/test/auto/PeriodicSampler.xml
auto.tcl: Setting watchdog for 200 seconds at Tue Apr 21 14:02:12 UTC 2020
3 ms. Memory: 51200K Free: 32017K (63%)
ptolemy.util.test.WatchDog.cancel(): canceling Tue Apr 21 14:02:12 UTC 2020
auto.tcl: Setting watchdog for 200 seconds at Tue Apr 21 14:02:12 UTC 2020
2 ms. Memory: 51200K Free: 31497K (62%)
ptolemy.util.test.WatchDog.cancel(): canceling Tue Apr 21 14:02:12 UTC 2020
------------------ testing $PTII/ptolemy/domains/de/test/auto/PersistentIO.xml
auto.tcl: Setting watchdog for 200 seconds at Tue Apr 21 14:02:12 UTC 2020
7 ms. Memory: 51200K Free: 26942K (53%)
ptolemy.util.test.WatchDog.cancel(): canceling Tue Apr 21 14:02:12 UTC 2020
auto.tcl: Setting watchdog for 200 seconds at Tue Apr 21 14:02:12 UTC 2020
7 ms. Memory: 51200K Free: 25422K (50%)
ptolemy.util.test.WatchDog.cancel(): canceling Tue Apr 21 14:02:12 UTC 2020
------------------ testing $PTII/ptolemy/domains/de/test/auto/PortParameterResetOnInitialize.xml
auto.tcl: Setting watchdog for 200 seconds at Tue Apr 21 14:02:12 UTC 2020
8 ms. Memory: 51200K Free: 31923K (62%)
ptolemy.util.test.WatchDog.cancel(): canceling Tue Apr 21 14:02:12 UTC 2020
auto.tcl: Setting watchdog for 200 seconds at Tue Apr 21 14:02:12 UTC 2020
2 ms. Memory: 51200K Free: 31430K (61%)
ptolemy.util.test.WatchDog.cancel(): canceling Tue Apr 21 14:02:12 UTC 2020
------------------ testing $PTII/ptolemy/domains/de/test/auto/PortParameterUpdates.xml
auto.tcl: Setting watchdog for 200 seconds at Tue Apr 21 14:02:12 UTC 2020
6 ms. Memory: 51200K Free: 30224K (59%)
ptolemy.util.test.WatchDog.cancel(): canceling Tue Apr 21 14:02:12 UTC 2020
auto.tcl: Setting watchdog for 200 seconds at Tue Apr 21 14:02:12 UTC 2020
2 ms. Memory: 51200K Free: 28999K (57%)
ptolemy.util.test.WatchDog.cancel(): canceling Tue Apr 21 14:02:12 UTC 2020
------------------ testing $PTII/ptolemy/domains/de/test/auto/QueueAndServer.xml
auto.tcl: Setting watchdog for 200 seconds at Tue Apr 21 14:02:12 UTC 2020
13 ms. Memory: 51200K Free: 29179K (57%)
ptolemy.util.test.WatchDog.cancel(): canceling Tue Apr 21 14:02:12 UTC 2020
auto.tcl: Setting watchdog for 200 seconds at Tue Apr 21 14:02:12 UTC 2020
6 ms. Memory: 51200K Free: 27430K (54%)
ptolemy.util.test.WatchDog.cancel(): canceling Tue Apr 21 14:02:12 UTC 2020
------------------ testing $PTII/ptolemy/domains/de/test/auto/Records.xml
auto.tcl: Setting watchdog for 200 seconds at Tue Apr 21 14:02:12 UTC 2020
5 ms. Memory: 51200K Free: 31170K (61%)
ptolemy.util.test.WatchDog.cancel(): canceling Tue Apr 21 14:02:13 UTC 2020
auto.tcl: Setting watchdog for 200 seconds at Tue Apr 21 14:02:13 UTC 2020
2 ms. Memory: 51200K Free: 30658K (60%)
ptolemy.util.test.WatchDog.cancel(): canceling Tue Apr 21 14:02:13 UTC 2020
------------------ testing $PTII/ptolemy/domains/de/test/auto/ResetTransitionWithStartTime1.xml
auto.tcl: Setting watchdog for 200 seconds at Tue Apr 21 14:02:13 UTC 2020
12 ms. Memory: 51200K Free: 28463K (56%)
ptolemy.util.test.WatchDog.cancel(): canceling Tue Apr 21 14:02:13 UTC 2020
auto.tcl: Setting watchdog for 200 seconds at Tue Apr 21 14:02:13 UTC 2020
5 ms. Memory: 51200K Free: 26379K (52%)
ptolemy.util.test.WatchDog.cancel(): canceling Tue Apr 21 14:02:13 UTC 2020
------------------ testing $PTII/ptolemy/domains/de/test/auto/ResetTransitionWithStartTime2.xml
auto.tcl: Setting watchdog for 200 seconds at Tue Apr 21 14:02:13 UTC 2020
8 ms. Memory: 51200K Free: 28382K (55%)
ptolemy.util.test.WatchDog.cancel(): canceling Tue Apr 21 14:02:13 UTC 2020
auto.tcl: Setting watchdog for 200 seconds at Tue Apr 21 14:02:13 UTC 2020
5 ms. Memory: 51200K Free: 25820K (50%)
ptolemy.util.test.WatchDog.cancel(): canceling Tue Apr 21 14:02:13 UTC 2020
------------------ testing $PTII/ptolemy/domains/de/test/auto/ResetTransitionWithStartTime3.xml
auto.tcl: Setting watchdog for 200 seconds at Tue Apr 21 14:02:13 UTC 2020
5 ms. Memory: 51200K Free: 28381K (55%)
ptolemy.util.test.WatchDog.cancel(): canceling Tue Apr 21 14:02:13 UTC 2020
auto.tcl: Setting watchdog for 200 seconds at Tue Apr 21 14:02:13 UTC 2020
4 ms. Memory: 51200K Free: 26333K (51%)
ptolemy.util.test.WatchDog.cancel(): canceling Tue Apr 21 14:02:13 UTC 2020
------------------ testing $PTII/ptolemy/domains/de/test/auto/ResetTransitionWithStartTime4.xml
auto.tcl: Setting watchdog for 200 seconds at Tue Apr 21 14:02:13 UTC 2020
7 ms. Memory: 51200K Free: 28805K (56%)
ptolemy.util.test.WatchDog.cancel(): canceling Tue Apr 21 14:02:13 UTC 2020
auto.tcl: Setting watchdog for 200 seconds at Tue Apr 21 14:02:13 UTC 2020
3 ms. Memory: 51200K Free: 27356K (53%)
ptolemy.util.test.WatchDog.cancel(): canceling Tue Apr 21 14:02:13 UTC 2020
------------------ testing $PTII/ptolemy/domains/de/test/auto/ResettableTimer1.xml
auto.tcl: Setting watchdog for 200 seconds at Tue Apr 21 14:02:13 UTC 2020
3 ms. Memory: 51200K Free: 32557K (64%)
ptolemy.util.test.WatchDog.cancel(): canceling Tue Apr 21 14:02:13 UTC 2020
auto.tcl: Setting watchdog for 200 seconds at Tue Apr 21 14:02:13 UTC 2020
1 ms. Memory: 51200K Free: 31930K (62%)
ptolemy.util.test.WatchDog.cancel(): canceling Tue Apr 21 14:02:13 UTC 2020
------------------ testing $PTII/ptolemy/domains/de/test/auto/ResettableTimer2.xml
auto.tcl: Setting watchdog for 200 seconds at Tue Apr 21 14:02:13 UTC 2020
2 ms. Memory: 51200K Free: 32613K (64%)
ptolemy.util.test.WatchDog.cancel(): canceling Tue Apr 21 14:02:13 UTC 2020
auto.tcl: Setting watchdog for 200 seconds at Tue Apr 21 14:02:13 UTC 2020
2 ms. Memory: 51200K Free: 32000K (63%)
ptolemy.util.test.WatchDog.cancel(): canceling Tue Apr 21 14:02:13 UTC 2020
------------------ testing $PTII/ptolemy/domains/de/test/auto/ResettableTimer3.xml
auto.tcl: Setting watchdog for 200 seconds at Tue Apr 21 14:02:13 UTC 2020
1 ms. Memory: 51200K Free: 32513K (64%)
ptolemy.util.test.WatchDog.cancel(): canceling Tue Apr 21 14:02:13 UTC 2020
auto.tcl: Setting watchdog for 200 seconds at Tue Apr 21 14:02:13 UTC 2020
1 ms. Memory: 51200K Free: 32513K (64%)
ptolemy.util.test.WatchDog.cancel(): canceling Tue Apr 21 14:02:13 UTC 2020
------------------ testing $PTII/ptolemy/domains/de/test/auto/ResettableTimer4.xml
auto.tcl: Setting watchdog for 200 seconds at Tue Apr 21 14:02:13 UTC 2020
1 ms. Memory: 51200K Free: 32527K (64%)
ptolemy.util.test.WatchDog.cancel(): canceling Tue Apr 21 14:02:13 UTC 2020
auto.tcl: Setting watchdog for 200 seconds at Tue Apr 21 14:02:13 UTC 2020
1 ms. Memory: 51200K Free: 32013K (63%)
ptolemy.util.test.WatchDog.cancel(): canceling Tue Apr 21 14:02:13 UTC 2020
------------------ testing $PTII/ptolemy/domains/de/test/auto/ResettableTimer5.xml
auto.tcl: Setting watchdog for 200 seconds at Tue Apr 21 14:02:13 UTC 2020
2 ms. Memory: 51200K Free: 32011K (63%)
ptolemy.util.test.WatchDog.cancel(): canceling Tue Apr 21 14:02:13 UTC 2020
auto.tcl: Setting watchdog for 200 seconds at Tue Apr 21 14:02:13 UTC 2020
2 ms. Memory: 51200K Free: 31501K (62%)
ptolemy.util.test.WatchDog.cancel(): canceling Tue Apr 21 14:02:13 UTC 2020
------------------ testing $PTII/ptolemy/domains/de/test/auto/ResettableTimer6.xml
auto.tcl: Setting watchdog for 200 seconds at Tue Apr 21 14:02:13 UTC 2020
2 ms. Memory: 51200K Free: 32001K (63%)
ptolemy.util.test.WatchDog.cancel(): canceling Tue Apr 21 14:02:13 UTC 2020
auto.tcl: Setting watchdog for 200 seconds at Tue Apr 21 14:02:13 UTC 2020
1 ms. Memory: 51200K Free: 31491K (62%)
ptolemy.util.test.WatchDog.cancel(): canceling Tue Apr 21 14:02:13 UTC 2020
------------------ testing $PTII/ptolemy/domains/de/test/auto/ServerZeroDelay.xml
auto.tcl: Setting watchdog for 200 seconds at Tue Apr 21 14:02:13 UTC 2020
3 ms. Memory: 51200K Free: 32590K (64%)
ptolemy.util.test.WatchDog.cancel(): canceling Tue Apr 21 14:02:13 UTC 2020
auto.tcl: Setting watchdog for 200 seconds at Tue Apr 21 14:02:13 UTC 2020
2 ms. Memory: 51200K Free: 31483K (61%)
ptolemy.util.test.WatchDog.cancel(): canceling Tue Apr 21 14:02:13 UTC 2020
------------------ testing $PTII/ptolemy/domains/de/test/auto/SmartSender.xml
auto.tcl: Setting watchdog for 200 seconds at Tue Apr 21 14:02:13 UTC 2020
3001 ms. Memory: 51200K Free: 31987K (62%)
ptolemy.util.test.WatchDog.cancel(): canceling Tue Apr 21 14:02:16 UTC 2020
auto.tcl: Setting watchdog for 200 seconds at Tue Apr 21 14:02:16 UTC 2020
3002 ms. Memory: 51200K Free: 31477K (61%)
ptolemy.util.test.WatchDog.cancel(): canceling Tue Apr 21 14:02:19 UTC 2020
------------------ testing $PTII/ptolemy/domains/de/test/auto/ThreadedComposite.xml
auto.tcl: Setting watchdog for 200 seconds at Tue Apr 21 14:02:19 UTC 2020
239 ms. Memory: 51200K Free: 13059K (26%)
ptolemy.util.test.WatchDog.cancel(): canceling Tue Apr 21 14:02:20 UTC 2020
auto.tcl: Setting watchdog for 200 seconds at Tue Apr 21 14:02:20 UTC 2020
134 ms. Memory: 51200K Free: 28980K (57%)
ptolemy.util.test.WatchDog.cancel(): canceling Tue Apr 21 14:02:20 UTC 2020
------------------ testing $PTII/ptolemy/domains/de/test/auto/Time.xml
auto.tcl: Setting watchdog for 200 seconds at Tue Apr 21 14:02:20 UTC 2020
439 ms. Memory: 51200K Free: 10174K (20%)
ptolemy.util.test.WatchDog.cancel(): canceling Tue Apr 21 14:02:20 UTC 2020
auto.tcl: Setting watchdog for 200 seconds at Tue Apr 21 14:02:20 UTC 2020
420 ms. Memory: 51200K Free: 16040K (31%)
ptolemy.util.test.WatchDog.cancel(): canceling Tue Apr 21 14:02:21 UTC 2020
------------------ testing $PTII/ptolemy/domains/de/test/auto/TimeDelayZeroDelay.xml
auto.tcl: Setting watchdog for 200 seconds at Tue Apr 21 14:02:21 UTC 2020
2 ms. Memory: 51200K Free: 32431K (63%)
ptolemy.util.test.WatchDog.cancel(): canceling Tue Apr 21 14:02:21 UTC 2020
auto.tcl: Setting watchdog for 200 seconds at Tue Apr 21 14:02:21 UTC 2020
1 ms. Memory: 51200K Free: 31563K (62%)
ptolemy.util.test.WatchDog.cancel(): canceling Tue Apr 21 14:02:21 UTC 2020
------------------ testing $PTII/ptolemy/domains/de/test/auto/TimerZeroDelay.xml
auto.tcl: Setting watchdog for 200 seconds at Tue Apr 21 14:02:21 UTC 2020
3 ms. Memory: 51200K Free: 32864K (64%)
ptolemy.util.test.WatchDog.cancel(): canceling Tue Apr 21 14:02:21 UTC 2020
auto.tcl: Setting watchdog for 200 seconds at Tue Apr 21 14:02:21 UTC 2020
1 ms. Memory: 51200K Free: 32043K (63%)
ptolemy.util.test.WatchDog.cancel(): canceling Tue Apr 21 14:02:21 UTC 2020
------------------ testing $PTII/ptolemy/domains/de/test/auto/TimingParadox.xml
auto.tcl: Setting watchdog for 200 seconds at Tue Apr 21 14:02:21 UTC 2020
312 ms. Memory: 61440K Free: 31806K (52%)
ptolemy.util.test.WatchDog.cancel(): canceling Tue Apr 21 14:02:21 UTC 2020
auto.tcl: Setting watchdog for 200 seconds at Tue Apr 21 14:02:21 UTC 2020
309 ms. Memory: 61440K Free: 30325K (49%)
ptolemy.util.test.WatchDog.cancel(): canceling Tue Apr 21 14:02:22 UTC 2020
------------------ testing $PTII/ptolemy/domains/de/test/auto/TransferInputs.xml
auto.tcl: Setting watchdog for 200 seconds at Tue Apr 21 14:02:22 UTC 2020
1 ms. Memory: 55296K Free: 35038K (63%)
ptolemy.util.test.WatchDog.cancel(): canceling Tue Apr 21 14:02:22 UTC 2020
auto.tcl: Setting watchdog for 200 seconds at Tue Apr 21 14:02:22 UTC 2020
2 ms. Memory: 55296K Free: 34177K (62%)
ptolemy.util.test.WatchDog.cancel(): canceling Tue Apr 21 14:02:22 UTC 2020
------------------ testing $PTII/ptolemy/domains/de/test/auto/TransferOutputs2.xml
auto.tcl: Setting watchdog for 200 seconds at Tue Apr 21 14:02:22 UTC 2020
2 ms. Memory: 51200K Free: 28384K (55%)
ptolemy.util.test.WatchDog.cancel(): canceling Tue Apr 21 14:02:22 UTC 2020
auto.tcl: Setting watchdog for 200 seconds at Tue Apr 21 14:02:22 UTC 2020
3 ms. Memory: 51200K Free: 26990K (53%)
ptolemy.util.test.WatchDog.cancel(): canceling Tue Apr 21 14:02:22 UTC 2020
------------------ testing $PTII/ptolemy/domains/de/test/auto/Trilateration.xml
auto.tcl: Setting watchdog for 200 seconds at Tue Apr 21 14:02:22 UTC 2020
11609 ms. Memory: 414720K Free: 344177K (83%)
ptolemy.util.test.WatchDog.cancel(): canceling Tue Apr 21 14:02:35 UTC 2020
auto.tcl: Setting watchdog for 200 seconds at Tue Apr 21 14:02:35 UTC 2020
8466 ms. Memory: 414720K Free: 160198K (39%)
ptolemy.util.test.WatchDog.cancel(): canceling Tue Apr 21 14:02:43 UTC 2020
------------------ testing $PTII/ptolemy/domains/de/test/auto/TwoSigmaDelta.xml
auto.tcl: Setting watchdog for 200 seconds at Tue Apr 21 14:02:43 UTC 2020
2172 ms. Memory: 92160K Free: 39859K (43%)
ptolemy.util.test.WatchDog.cancel(): canceling Tue Apr 21 14:02:45 UTC 2020
auto.tcl: Setting watchdog for 200 seconds at Tue Apr 21 14:02:45 UTC 2020
1759 ms. Memory: 92160K Free: 40915K (44%)
ptolemy.util.test.WatchDog.cancel(): canceling Tue Apr 21 14:02:47 UTC 2020
------------------ testing $PTII/ptolemy/domains/de/test/auto/VariableDelay.xml
auto.tcl: Setting watchdog for 200 seconds at Tue Apr 21 14:02:47 UTC 2020
5 ms. Memory: 55296K Free: 35513K (64%)
ptolemy.util.test.WatchDog.cancel(): canceling Tue Apr 21 14:02:47 UTC 2020
auto.tcl: Setting watchdog for 200 seconds at Tue Apr 21 14:02:47 UTC 2020
2 ms. Memory: 55296K Free: 34519K (62%)
ptolemy.util.test.WatchDog.cancel(): canceling Tue Apr 21 14:02:47 UTC 2020
------------------ testing $PTII/ptolemy/domains/de/test/auto/VariableDelay2.xml
auto.tcl: Setting watchdog for 200 seconds at Tue Apr 21 14:02:47 UTC 2020
2 ms. Memory: 51200K Free: 32047K (63%)
ptolemy.util.test.WatchDog.cancel(): canceling Tue Apr 21 14:02:47 UTC 2020
auto.tcl: Setting watchdog for 200 seconds at Tue Apr 21 14:02:47 UTC 2020
2 ms. Memory: 51200K Free: 31519K (62%)
ptolemy.util.test.WatchDog.cancel(): canceling Tue Apr 21 14:02:47 UTC 2020
------------------ testing $PTII/ptolemy/domains/de/test/auto/VariableDelayZeroDelay.xml
auto.tcl: Setting watchdog for 200 seconds at Tue Apr 21 14:02:47 UTC 2020
2 ms. Memory: 51200K Free: 32359K (63%)
ptolemy.util.test.WatchDog.cancel(): canceling Tue Apr 21 14:02:47 UTC 2020
auto.tcl: Setting watchdog for 200 seconds at Tue Apr 21 14:02:47 UTC 2020
2 ms. Memory: 51200K Free: 31815K (62%)
ptolemy.util.test.WatchDog.cancel(): canceling Tue Apr 21 14:02:47 UTC 2020
------------------ testing $PTII/ptolemy/domains/de/test/auto/VariableDelayZeroDelay2.xml
auto.tcl: Setting watchdog for 200 seconds at Tue Apr 21 14:02:47 UTC 2020
4 ms. Memory: 51200K Free: 32358K (63%)
ptolemy.util.test.WatchDog.cancel(): canceling Tue Apr 21 14:02:47 UTC 2020
auto.tcl: Setting watchdog for 200 seconds at Tue Apr 21 14:02:47 UTC 2020
2 ms. Memory: 51200K Free: 31334K (61%)
ptolemy.util.test.WatchDog.cancel(): canceling Tue Apr 21 14:02:47 UTC 2020
------------------ testing $PTII/ptolemy/domains/de/test/auto/deInCt.xml
auto.tcl: Setting watchdog for 200 seconds at Tue Apr 21 14:02:47 UTC 2020
0
1
1
1
0
0
0
1
1
1
0
0
0
1
1
1
0
0
0
1
1
1
1
1
0
0
0
1
1
1
1
1
1
10 ms. Memory: 51200K Free: 31331K (61%)
ptolemy.util.test.WatchDog.cancel(): canceling Tue Apr 21 14:02:47 UTC 2020
auto.tcl: Setting watchdog for 200 seconds at Tue Apr 21 14:02:47 UTC 2020
0
1
1
1
0
0
0
1
1
1
0
0
0
0
1
1
1
0
0
0
1
1
1
0
0
0
1
1
1
0
0
0
1
1
1
1
0
0
0
0
1
1
1
1
1
5 ms. Memory: 51200K Free: 29793K (58%)
ptolemy.util.test.WatchDog.cancel(): canceling Tue Apr 21 14:02:47 UTC 2020
------------------ testing $PTII/ptolemy/domains/de/test/auto/deInCt2.xml
auto.tcl: Setting watchdog for 200 seconds at Tue Apr 21 14:02:47 UTC 2020
0
1
1
1
0
0
1
1
1
0
0
1
1
1
0
0
1
1
1
0
0
1
1
1
0
0
1
1
1
0
0
1
1
1
0
0
1
1
1
0
0
0
7 ms. Memory: 51200K Free: 31332K (61%)
ptolemy.util.test.WatchDog.cancel(): canceling Tue Apr 21 14:02:47 UTC 2020
auto.tcl: Setting watchdog for 200 seconds at Tue Apr 21 14:02:47 UTC 2020
0
1
1
1
0
0
1
1
1
0
0
1
1
1
0
0
1
1
1
0
0
1
1
1
0
0
1
1
1
0
0
1
1
1
0
0
1
1
1
0
0
0
7 ms. Memory: 51200K Free: 29780K (58%)
ptolemy.util.test.WatchDog.cancel(): canceling Tue Apr 21 14:02:47 UTC 2020
------------------ testing $PTII/ptolemy/domains/de/test/auto/dynamicCausalityInterface1.xml
auto.tcl: Setting watchdog for 200 seconds at Tue Apr 21 14:02:48 UTC 2020
1 ms. Memory: 51200K Free: 27230K (53%)
ptolemy.util.test.WatchDog.cancel(): canceling Tue Apr 21 14:02:48 UTC 2020
auto.tcl: Setting watchdog for 200 seconds at Tue Apr 21 14:02:48 UTC 2020
1 ms. Memory: 51200K Free: 26716K (52%)
ptolemy.util.test.WatchDog.cancel(): canceling Tue Apr 21 14:02:48 UTC 2020
------------------ testing $PTII/ptolemy/domains/de/test/auto/fsm_de_test.xml
auto.tcl: Setting watchdog for 200 seconds at Tue Apr 21 14:02:48 UTC 2020
7 ms. Memory: 51200K Free: 27129K (53%)
ptolemy.util.test.WatchDog.cancel(): canceling Tue Apr 21 14:02:48 UTC 2020
auto.tcl: Setting watchdog for 200 seconds at Tue Apr 21 14:02:48 UTC 2020
4 ms. Memory: 51200K Free: 25081K (49%)
ptolemy.util.test.WatchDog.cancel(): canceling Tue Apr 21 14:02:48 UTC 2020
------------------ testing $PTII/ptolemy/domains/de/test/auto/functionDependencyReconstruction.xml
auto.tcl: Setting watchdog for 200 seconds at Tue Apr 21 14:02:48 UTC 2020
3 ms. Memory: 51200K Free: 20974K (41%)
ptolemy.util.test.WatchDog.cancel(): canceling Tue Apr 21 14:02:48 UTC 2020
auto.tcl: Setting watchdog for 200 seconds at Tue Apr 21 14:02:48 UTC 2020
3 ms. Memory: 51200K Free: 18926K (37%)
ptolemy.util.test.WatchDog.cancel(): canceling Tue Apr 21 14:02:48 UTC 2020
------------------ testing $PTII/ptolemy/domains/de/test/auto/multirate.xml
auto.tcl: Setting watchdog for 200 seconds at Tue Apr 21 14:02:48 UTC 2020
3 ms. Memory: 51200K Free: 29543K (58%)
ptolemy.util.test.WatchDog.cancel(): canceling Tue Apr 21 14:02:48 UTC 2020
auto.tcl: Setting watchdog for 200 seconds at Tue Apr 21 14:02:48 UTC 2020
4 ms. Memory: 51200K Free: 28023K (55%)
ptolemy.util.test.WatchDog.cancel(): canceling Tue Apr 21 14:02:48 UTC 2020
------------------ testing $PTII/ptolemy/domains/de/test/auto/multirate2.xml
auto.tcl: Setting watchdog for 200 seconds at Tue Apr 21 14:02:48 UTC 2020
2 ms. Memory: 51200K Free: 29725K (58%)
ptolemy.util.test.WatchDog.cancel(): canceling Tue Apr 21 14:02:48 UTC 2020
auto.tcl: Setting watchdog for 200 seconds at Tue Apr 21 14:02:48 UTC 2020
2 ms. Memory: 51200K Free: 28205K (55%)
ptolemy.util.test.WatchDog.cancel(): canceling Tue Apr 21 14:02:48 UTC 2020
------------------ testing $PTII/ptolemy/domains/de/test/auto/realtime.xml
auto.tcl: Setting watchdog for 200 seconds at Tue Apr 21 14:02:48 UTC 2020
10001 ms. Memory: 51200K Free: 31979K (62%)
ptolemy.util.test.WatchDog.cancel(): canceling Tue Apr 21 14:02:58 UTC 2020
auto.tcl: Setting watchdog for 200 seconds at Tue Apr 21 14:02:58 UTC 2020
10003 ms. Memory: 51200K Free: 31274K (61%)
ptolemy.util.test.WatchDog.cancel(): canceling Tue Apr 21 14:03:08 UTC 2020
------------------ testing $PTII/ptolemy/domains/de/test/auto/relationGroup.xml
auto.tcl: Setting watchdog for 200 seconds at Tue Apr 21 14:03:08 UTC 2020
2 ms. Memory: 51200K Free: 33049K (65%)
ptolemy.util.test.WatchDog.cancel(): canceling Tue Apr 21 14:03:08 UTC 2020
auto.tcl: Setting watchdog for 200 seconds at Tue Apr 21 14:03:08 UTC 2020
1 ms. Memory: 51200K Free: 32537K (64%)
ptolemy.util.test.WatchDog.cancel(): canceling Tue Apr 21 14:03:08 UTC 2020
------------------ testing $PTII/ptolemy/domains/de/test/auto/relationGroup2.xml
auto.tcl: Setting watchdog for 200 seconds at Tue Apr 21 14:03:08 UTC 2020
1 ms. Memory: 51200K Free: 32891K (64%)
ptolemy.util.test.WatchDog.cancel(): canceling Tue Apr 21 14:03:08 UTC 2020
auto.tcl: Setting watchdog for 200 seconds at Tue Apr 21 14:03:08 UTC 2020
2 ms. Memory: 51200K Free: 32381K (63%)
ptolemy.util.test.WatchDog.cancel(): canceling Tue Apr 21 14:03:08 UTC 2020
------------------ testing $PTII/ptolemy/domains/de/test/auto/sortWithOpaquePorts.xml
auto.tcl: Setting watchdog for 200 seconds at Tue Apr 21 14:03:08 UTC 2020
1 ms. Memory: 51200K Free: 31855K (62%)
ptolemy.util.test.WatchDog.cancel(): canceling Tue Apr 21 14:03:08 UTC 2020
auto.tcl: Setting watchdog for 200 seconds at Tue Apr 21 14:03:08 UTC 2020
1 ms. Memory: 51200K Free: 30833K (60%)
ptolemy.util.test.WatchDog.cancel(): canceling Tue Apr 21 14:03:08 UTC 2020
------------------ testing $PTII/ptolemy/domains/de/test/auto/transferInputsandOutputs.xml
auto.tcl: Setting watchdog for 200 seconds at Tue Apr 21 14:03:08 UTC 2020
3 ms. Memory: 51200K Free: 29298K (57%)
ptolemy.util.test.WatchDog.cancel(): canceling Tue Apr 21 14:03:08 UTC 2020
auto.tcl: Setting watchdog for 200 seconds at Tue Apr 21 14:03:08 UTC 2020
2 ms. Memory: 51200K Free: 28275K (55%)
ptolemy.util.test.WatchDog.cancel(): canceling Tue Apr 21 14:03:08 UTC 2020
------------------ testing $PTII/ptolemy/domains/de/test/auto/triggerType.xml
auto.tcl: Setting watchdog for 200 seconds at Tue Apr 21 14:03:08 UTC 2020
1 ms. Memory: 51200K Free: 32322K (63%)
ptolemy.util.test.WatchDog.cancel(): canceling Tue Apr 21 14:03:08 UTC 2020
auto.tcl: Setting watchdog for 200 seconds at Tue Apr 21 14:03:08 UTC 2020
2 ms. Memory: 51200K Free: 31298K (61%)
ptolemy.util.test.WatchDog.cancel(): canceling Tue Apr 21 14:03:08 UTC 2020
04/21/20 02:03:08
Failed: 0  Total Tests: 192  ((Passed: 187, Newly Passed: 1)  Known Failed: 5) /home/travis/build/icyphy/ptII/ptolemy/domains/de/test
04/21/20 02:03:08
Failed: 0  Total Tests: 192  ((Passed: 187, Newly Passed: 1)  Known Failed: 5) /home/travis/build/icyphy/ptII/ptolemy/domains/de/test
----------------- testing (KnownFailure) /home/travis/build/icyphy/ptII/ptolemy/domains/de/test/auto/knownFailedTests/DESDFClockTest.xml
2013 ms. Memory: 51200K Free: 25207K (49%)
Known Failure: java.lang.reflect.InvocationTargetException
----------------- testing (KnownFailure) /home/travis/build/icyphy/ptII/ptolemy/domains/de/test/auto/knownFailedTests/DirectFeedback.xml
1 ms. Memory: 51200K Free: 21621K (42%)
Known Failure: java.lang.reflect.InvocationTargetException
----------------- testing (KnownFailure) /home/travis/build/icyphy/ptII/ptolemy/domains/de/test/auto/knownFailedTests/FSMSource.xml
10 ms. Memory: 51200K Free: 13415K (26%)
----------------- testing (KnownFailure) /home/travis/build/icyphy/ptII/ptolemy/domains/de/test/auto/knownFailedTests/HierarchicalModel.xml
3 ms. Memory: 51200K Free: 26418K (52%)
Known Failure: java.lang.reflect.InvocationTargetException
----------------- testing (KnownFailure) /home/travis/build/icyphy/ptII/ptolemy/domains/de/test/auto/knownFailedTests/dependencyLoop.xml
3 ms. Memory: 51200K Free: 11074K (22%)
Known Failure: java.lang.reflect.InvocationTargetException
----------------- testing (KnownFailure) /home/travis/build/icyphy/ptII/ptolemy/domains/de/test/auto/knownFailedTests/dependencyLoop2.xml
3 ms. Memory: 51200K Free: 24825K (48%)
Known Failure: java.lang.reflect.InvocationTargetException
No auto/linux-amd64/*.xml tests in /home/travis/build/icyphy/ptII/ptolemy/domains/de/test
AutoTests.java: About to close Vertx.
AutoTests.java: Vertx closed.

===========================================================================================
----------------- testing Tue Apr 21 14:03:10 UTC 2020 /home/travis/build/icyphy/ptII/ptolemy/domains/de/test/auto/ActorDepthCalculation_actorWithoutPorts.xml
----------------- Instantiating /home/travis/build/icyphy/ptII/ptolemy/domains/de/test/auto/ActorDepthCalculation_actorWithoutPorts.xml
1 ms. Memory: 51200K Free: 17929K (35%)
----------------- Invoking toplevel() on ptolemy.moml.MoMLSimpleApplication@332eed20
----------------- Done invoking toplevel() on ptolemy.moml.MoMLSimpleApplication@332eed20
reloadAllAccessors: .ActorDepthCalculation_actorWithoutPorts

===========================================================================================
----------------- testing Tue Apr 21 14:03:10 UTC 2020 /home/travis/build/icyphy/ptII/ptolemy/domains/de/test/auto/AssemblyLine.xml
----------------- Instantiating /home/travis/build/icyphy/ptII/ptolemy/domains/de/test/auto/AssemblyLine.xml
3 ms. Memory: 51200K Free: 10794K (21%)
----------------- Invoking toplevel() on ptolemy.moml.MoMLSimpleApplication@2f3014c4
----------------- Done invoking toplevel() on ptolemy.moml.MoMLSimpleApplication@2f3014c4
reloadAllAccessors: .AssemblyLine

===========================================================================================
----------------- testing Tue Apr 21 14:03:11 UTC 2020 /home/travis/build/icyphy/ptII/ptolemy/domains/de/test/auto/CQBug1.xml
----------------- Instantiating /home/travis/build/icyphy/ptII/ptolemy/domains/de/test/auto/CQBug1.xml
0 ms. Memory: 51200K Free: 7752K (15%)
----------------- Invoking toplevel() on ptolemy.moml.MoMLSimpleApplication@5b2079d
----------------- Done invoking toplevel() on ptolemy.moml.MoMLSimpleApplication@5b2079d
reloadAllAccessors: .CQBug1

===========================================================================================
----------------- testing Tue Apr 21 14:03:11 UTC 2020 /home/travis/build/icyphy/ptII/ptolemy/domains/de/test/auto/CancelFireAt.xml
----------------- Instantiating /home/travis/build/icyphy/ptII/ptolemy/domains/de/test/auto/CancelFireAt.xml
9 ms. Memory: 51200K Free: 34285K (67%)
----------------- Invoking toplevel() on ptolemy.moml.MoMLSimpleApplication@47208e3a
----------------- Done invoking toplevel() on ptolemy.moml.MoMLSimpleApplication@47208e3a
reloadAllAccessors: .CancelFireAt

===========================================================================================
----------------- testing Tue Apr 21 14:03:11 UTC 2020 /home/travis/build/icyphy/ptII/ptolemy/domains/de/test/auto/CausalityAndComposabilityAnalysis.xml
----------------- Instantiating /home/travis/build/icyphy/ptII/ptolemy/domains/de/test/auto/CausalityAndComposabilityAnalysis.xml
2 ms. Memory: 51200K Free: 30142K (59%)
----------------- Invoking toplevel() on ptolemy.moml.MoMLSimpleApplication@1b59bdbc
----------------- Done invoking toplevel() on ptolemy.moml.MoMLSimpleApplication@1b59bdbc
reloadAllAccessors: .CausalityAndComposabilityAnalysis

===========================================================================================
----------------- testing Tue Apr 21 14:03:11 UTC 2020 /home/travis/build/icyphy/ptII/ptolemy/domains/de/test/auto/CausalityInterface1.xml
----------------- Instantiating /home/travis/build/icyphy/ptII/ptolemy/domains/de/test/auto/CausalityInterface1.xml
5 ms. Memory: 51200K Free: 25014K (49%)
----------------- Invoking toplevel() on ptolemy.moml.MoMLSimpleApplication@51448c0e
----------------- Done invoking toplevel() on ptolemy.moml.MoMLSimpleApplication@51448c0e
reloadAllAccessors: .CausalityInterface1

===========================================================================================
----------------- testing Tue Apr 21 14:03:11 UTC 2020 /home/travis/build/icyphy/ptII/ptolemy/domains/de/test/auto/CausalityInterface15.xml
----------------- Instantiating /home/travis/build/icyphy/ptII/ptolemy/domains/de/test/auto/CausalityInterface15.xml
2 ms. Memory: 51200K Free: 19492K (38%)
----------------- Invoking toplevel() on ptolemy.moml.MoMLSimpleApplication@34a30088
----------------- Done invoking toplevel() on ptolemy.moml.MoMLSimpleApplication@34a30088
reloadAllAccessors: .CausalityInterface15

===========================================================================================
----------------- testing Tue Apr 21 14:03:11 UTC 2020 /home/travis/build/icyphy/ptII/ptolemy/domains/de/test/auto/CausalityInterface2.xml
----------------- Instantiating /home/travis/build/icyphy/ptII/ptolemy/domains/de/test/auto/CausalityInterface2.xml
1 ms. Memory: 51200K Free: 14814K (29%)
[...]
	at ptolemy.actor.Manager.run(Manager.java:1263)
	at ptolemy.actor.Manager$PtolemyRunThread.run(Manager.java:1933)
java.lang.RuntimeException: Execution failed
	at ptolemy.moml.MoMLSimpleApplication$UnloadThread.run(MoMLSimpleApplication.java:402)
Caused by: ptolemy.kernel.util.IllegalActionException: Actor is not ready to fire.  Perhaps UpSample.prefire() returned false? Try debugging the actor by selecting "Listen to Actor".  Also, for SDF check moml for tokenConsumptionRate on input.
  in .DESDFClockTest.Play Bell.Copy1:SDF Director and .DESDFClockTest.Play Bell.UpSample
	at ptolemy.actor.sched.StaticSchedulingDirector.fire(StaticSchedulingDirector.java:227)
	at ptolemy.domains.sdf.kernel.SDFDirector.fire(SDFDirector.java:500)
	at ptolemy.actor.CompositeActor.fire(CompositeActor.java:455)
	at ptolemy.domains.de.kernel.DEDirector._fire(DEDirector.java:1949)
	at ptolemy.domains.de.kernel.DEDirector.fire(DEDirector.java:502)
	at ptolemy.actor.CompositeActor.fire(CompositeActor.java:455)
	at ptolemy.actor.Manager.iterate(Manager.java:851)
	at ptolemy.actor.Manager.execute(Manager.java:369)
	at ptolemy.actor.Manager.run(Manager.java:1263)
	at ptolemy.actor.Manager$PtolemyRunThread.run(Manager.java:1933)
java.lang.reflect.InvocationTargetException
	at java.base/jdk.internal.reflect.NativeConstructorAccessorImpl.newInstance0(Native Method)
	at java.base/jdk.internal.reflect.NativeConstructorAccessorImpl.newInstance(NativeConstructorAccessorImpl.java:62)
	at java.base/jdk.internal.reflect.DelegatingConstructorAccessorImpl.newInstance(DelegatingConstructorAccessorImpl.java:45)
	at java.base/java.lang.reflect.Constructor.newInstance(Constructor.java:490)
	at ptolemy.util.test.junit.AutoKnownFailedTests.RunModel(AutoKnownFailedTests.java:105)
	at java.base/jdk.internal.reflect.NativeMethodAccessorImpl.invoke0(Native Method)
	at java.base/jdk.internal.reflect.NativeMethodAccessorImpl.invoke(NativeMethodAccessorImpl.java:62)
	at java.base/jdk.internal.reflect.DelegatingMethodAccessorImpl.invoke(DelegatingMethodAccessorImpl.java:43)
	at java.base/java.lang.reflect.Method.invoke(Method.java:566)
	at org.junit.runners.model.FrameworkMethod$1.runReflectiveCall(FrameworkMethod.java:44)
	at org.junit.internal.runners.model.ReflectiveCallable.run(ReflectiveCallable.java:15)
	at org.junit.runners.model.FrameworkMethod.invokeExplosively(FrameworkMethod.java:41)
	at junitparams.internal.InvokeParameterisedMethod.evaluate(InvokeParameterisedMethod.java:102)
	at org.junit.internal.runners.statements.FailOnTimeout$1.run(FailOnTimeout.java:28)
Caused by: ptolemy.kernel.util.IllegalActionException: Actor is not ready to fire.  Perhaps UpSample.prefire() returned false? Try debugging the actor by selecting "Listen to Actor".  Also, for SDF check moml for tokenConsumptionRate on input.
  in .DESDFClockTest.Play Bell.Copy1:SDF Director and .DESDFClockTest.Play Bell.UpSample
	at ptolemy.actor.sched.StaticSchedulingDirector.fire(StaticSchedulingDirector.java:227)
	at ptolemy.domains.sdf.kernel.SDFDirector.fire(SDFDirector.java:500)
	at ptolemy.actor.CompositeActor.fire(CompositeActor.java:455)
	at ptolemy.domains.de.kernel.DEDirector._fire(DEDirector.java:1949)
	at ptolemy.domains.de.kernel.DEDirector.fire(DEDirector.java:502)
	at ptolemy.actor.CompositeActor.fire(CompositeActor.java:455)
	at ptolemy.actor.Manager.iterate(Manager.java:851)
	at ptolemy.actor.Manager.execute(Manager.java:369)
	at ptolemy.actor.Manager.run(Manager.java:1263)
	at ptolemy.actor.Manager$PtolemyRunThread.run(Manager.java:1933)
java.lang.RuntimeException: Execution failed
	at ptolemy.moml.MoMLSimpleApplication$UnloadThread.run(MoMLSimpleApplication.java:402)
Caused by: ptolemy.kernel.util.IllegalActionException: Test fails in iteration 1.
Value was: 1.0. Should have been: 2.0
  in .DirectFeedback.Test
	at ptolemy.actor.lib.Test.fire(Test.java:268)
	at ptolemy.domains.de.kernel.DEDirector._fire(DEDirector.java:1949)
	at ptolemy.domains.de.kernel.DEDirector.fire(DEDirector.java:502)
	at ptolemy.actor.CompositeActor.fire(CompositeActor.java:455)
	at ptolemy.actor.Manager.iterate(Manager.java:851)
	at ptolemy.actor.Manager.execute(Manager.java:369)
	at ptolemy.actor.Manager.run(Manager.java:1263)
	at ptolemy.actor.Manager$PtolemyRunThread.run(Manager.java:1933)
java.lang.reflect.InvocationTargetException
	at java.base/jdk.internal.reflect.NativeConstructorAccessorImpl.newInstance0(Native Method)
	at java.base/jdk.internal.reflect.NativeConstructorAccessorImpl.newInstance(NativeConstructorAccessorImpl.java:62)
	at java.base/jdk.internal.reflect.DelegatingConstructorAccessorImpl.newInstance(DelegatingConstructorAccessorImpl.java:45)
	at java.base/java.lang.reflect.Constructor.newInstance(Constructor.java:490)
	at ptolemy.util.test.junit.AutoKnownFailedTests.RunModel(AutoKnownFailedTests.java:105)
	at java.base/jdk.internal.reflect.NativeMethodAccessorImpl.invoke0(Native Method)
	at java.base/jdk.internal.reflect.NativeMethodAccessorImpl.invoke(NativeMethodAccessorImpl.java:62)
	at java.base/jdk.internal.reflect.DelegatingMethodAccessorImpl.invoke(DelegatingMethodAccessorImpl.java:43)
	at java.base/java.lang.reflect.Method.invoke(Method.java:566)
	at org.junit.runners.model.FrameworkMethod$1.runReflectiveCall(FrameworkMethod.java:44)
	at org.junit.internal.runners.model.ReflectiveCallable.run(ReflectiveCallable.java:15)
	at org.junit.runners.model.FrameworkMethod.invokeExplosively(FrameworkMethod.java:41)
	at junitparams.internal.InvokeParameterisedMethod.evaluate(InvokeParameterisedMethod.java:102)
	at org.junit.internal.runners.statements.FailOnTimeout$1.run(FailOnTimeout.java:28)
Caused by: ptolemy.kernel.util.IllegalActionException: Test fails in iteration 1.
Value was: 1.0. Should have been: 2.0
  in .DirectFeedback.Test
	at ptolemy.actor.lib.Test.fire(Test.java:268)
	at ptolemy.domains.de.kernel.DEDirector._fire(DEDirector.java:1949)
	at ptolemy.domains.de.kernel.DEDirector.fire(DEDirector.java:502)
	at ptolemy.actor.CompositeActor.fire(CompositeActor.java:455)
	at ptolemy.actor.Manager.iterate(Manager.java:851)
	at ptolemy.actor.Manager.execute(Manager.java:369)
	at ptolemy.actor.Manager.run(Manager.java:1263)
	at ptolemy.actor.Manager$PtolemyRunThread.run(Manager.java:1933)
java.lang.RuntimeException: Execution failed
	at ptolemy.moml.MoMLSimpleApplication$UnloadThread.run(MoMLSimpleApplication.java:402)
Caused by: ptolemy.kernel.util.IllegalActionException: Found a zero delay loop containing .HierarchicalModel.A
  in .HierarchicalModel and .HierarchicalModel.A
	at ptolemy.actor.util.CausalityInterfaceForComposites._computeOutputPortDepth(CausalityInterfaceForComposites.java:759)
	at ptolemy.actor.util.CausalityInterfaceForComposites._computeInputDepth(CausalityInterfaceForComposites.java:696)
	at ptolemy.actor.util.CausalityInterfaceForComposites._computeOutputPortDepth(CausalityInterfaceForComposites.java:765)
	at ptolemy.actor.util.CausalityInterfaceForComposites._computeInputDepth(CausalityInterfaceForComposites.java:696)
	at ptolemy.actor.util.CausalityInterfaceForComposites._computeOutputPortDepth(CausalityInterfaceForComposites.java:765)
	at ptolemy.actor.util.CausalityInterfaceForComposites._computeInputDepth(CausalityInterfaceForComposites.java:696)
	at ptolemy.actor.util.CausalityInterfaceForComposites._computeActorDepth(CausalityInterfaceForComposites.java:532)
	at ptolemy.actor.util.CausalityInterfaceForComposites.checkForCycles(CausalityInterfaceForComposites.java:96)
	at ptolemy.domains.de.kernel.DEDirector.preinitialize(DEDirector.java:1338)
	at ptolemy.actor.CompositeActor.preinitialize(CompositeActor.java:1828)
	at ptolemy.actor.Manager.preinitializeAndResolveTypes(Manager.java:1040)
	at ptolemy.actor.Manager.initialize(Manager.java:710)
	at ptolemy.actor.Manager.execute(Manager.java:356)
	at ptolemy.actor.Manager.run(Manager.java:1263)
	at ptolemy.actor.Manager$PtolemyRunThread.run(Manager.java:1933)
java.lang.reflect.InvocationTargetException
	at java.base/jdk.internal.reflect.NativeConstructorAccessorImpl.newInstance0(Native Method)
	at java.base/jdk.internal.reflect.NativeConstructorAccessorImpl.newInstance(NativeConstructorAccessorImpl.java:62)
	at java.base/jdk.internal.reflect.DelegatingConstructorAccessorImpl.newInstance(DelegatingConstructorAccessorImpl.java:45)
	at java.base/java.lang.reflect.Constructor.newInstance(Constructor.java:490)
	at ptolemy.util.test.junit.AutoKnownFailedTests.RunModel(AutoKnownFailedTests.java:105)
	at java.base/jdk.internal.reflect.NativeMethodAccessorImpl.invoke0(Native Method)
	at java.base/jdk.internal.reflect.NativeMethodAccessorImpl.invoke(NativeMethodAccessorImpl.java:62)
	at java.base/jdk.internal.reflect.DelegatingMethodAccessorImpl.invoke(DelegatingMethodAccessorImpl.java:43)
	at java.base/java.lang.reflect.Method.invoke(Method.java:566)
	at org.junit.runners.model.FrameworkMethod$1.runReflectiveCall(FrameworkMethod.java:44)
	at org.junit.internal.runners.model.ReflectiveCallable.run(ReflectiveCallable.java:15)
	at org.junit.runners.model.FrameworkMethod.invokeExplosively(FrameworkMethod.java:41)
	at junitparams.internal.InvokeParameterisedMethod.evaluate(InvokeParameterisedMethod.java:102)
	at org.junit.internal.runners.statements.FailOnTimeout$1.run(FailOnTimeout.java:28)
Caused by: ptolemy.kernel.util.IllegalActionException: Found a zero delay loop containing .HierarchicalModel.A
  in .HierarchicalModel and .HierarchicalModel.A
	at ptolemy.actor.util.CausalityInterfaceForComposites._computeOutputPortDepth(CausalityInterfaceForComposites.java:759)
	at ptolemy.actor.util.CausalityInterfaceForComposites._computeInputDepth(CausalityInterfaceForComposites.java:696)
	at ptolemy.actor.util.CausalityInterfaceForComposites._computeOutputPortDepth(CausalityInterfaceForComposites.java:765)
	at ptolemy.actor.util.CausalityInterfaceForComposites._computeInputDepth(CausalityInterfaceForComposites.java:696)
	at ptolemy.actor.util.CausalityInterfaceForComposites._computeOutputPortDepth(CausalityInterfaceForComposites.java:765)
	at ptolemy.actor.util.CausalityInterfaceForComposites._computeInputDepth(CausalityInterfaceForComposites.java:696)
	at ptolemy.actor.util.CausalityInterfaceForComposites._computeActorDepth(CausalityInterfaceForComposites.java:532)
	at ptolemy.actor.util.CausalityInterfaceForComposites.checkForCycles(CausalityInterfaceForComposites.java:96)
	at ptolemy.domains.de.kernel.DEDirector.preinitialize(DEDirector.java:1338)
	at ptolemy.actor.CompositeActor.preinitialize(CompositeActor.java:1828)
	at ptolemy.actor.Manager.preinitializeAndResolveTypes(Manager.java:1040)
	at ptolemy.actor.Manager.initialize(Manager.java:710)
	at ptolemy.actor.Manager.execute(Manager.java:356)
	at ptolemy.actor.Manager.run(Manager.java:1263)
	at ptolemy.actor.Manager$PtolemyRunThread.run(Manager.java:1933)
java.lang.RuntimeException: Execution failed
	at ptolemy.moml.MoMLSimpleApplication$UnloadThread.run(MoMLSimpleApplication.java:402)
Caused by: ptolemy.kernel.util.IllegalActionException: Found a zero delay loop containing .dependencyLoop.original
  in .dependencyLoop and .dependencyLoop.original
	at ptolemy.actor.util.CausalityInterfaceForComposites._computeOutputPortDepth(CausalityInterfaceForComposites.java:759)
	at ptolemy.actor.util.CausalityInterfaceForComposites._computeInputDepth(CausalityInterfaceForComposites.java:696)
	at ptolemy.actor.util.CausalityInterfaceForComposites._computeOutputPortDepth(CausalityInterfaceForComposites.java:765)
	at ptolemy.actor.util.CausalityInterfaceForComposites._computeInputDepth(CausalityInterfaceForComposites.java:696)
	at ptolemy.actor.util.CausalityInterfaceForComposites._computeOutputPortDepth(CausalityInterfaceForComposites.java:765)
	at ptolemy.actor.util.CausalityInterfaceForComposites._computeInputDepth(CausalityInterfaceForComposites.java:696)
	at ptolemy.actor.util.CausalityInterfaceForComposites._computeActorDepth(CausalityInterfaceForComposites.java:532)
	at ptolemy.actor.util.CausalityInterfaceForComposites.checkForCycles(CausalityInterfaceForComposites.java:96)
	at ptolemy.domains.de.kernel.DEDirector.preinitialize(DEDirector.java:1338)
	at ptolemy.actor.CompositeActor.preinitialize(CompositeActor.java:1828)
	at ptolemy.actor.Manager.preinitializeAndResolveTypes(Manager.java:1040)
	at ptolemy.actor.Manager.initialize(Manager.java:710)
	at ptolemy.actor.Manager.execute(Manager.java:356)
	at ptolemy.actor.Manager.run(Manager.java:1263)
	at ptolemy.actor.Manager$PtolemyRunThread.run(Manager.java:1933)
java.lang.reflect.InvocationTargetException
	at java.base/jdk.internal.reflect.NativeConstructorAccessorImpl.newInstance0(Native Method)
	at java.base/jdk.internal.reflect.NativeConstructorAccessorImpl.newInstance(NativeConstructorAccessorImpl.java:62)
	at java.base/jdk.internal.reflect.DelegatingConstructorAccessorImpl.newInstance(DelegatingConstructorAccessorImpl.java:45)
	at java.base/java.lang.reflect.Constructor.newInstance(Constructor.java:490)
	at ptolemy.util.test.junit.AutoKnownFailedTests.RunModel(AutoKnownFailedTests.java:105)
	at java.base/jdk.internal.reflect.NativeMethodAccessorImpl.invoke0(Native Method)
	at java.base/jdk.internal.reflect.NativeMethodAccessorImpl.invoke(NativeMethodAccessorImpl.java:62)
	at java.base/jdk.internal.reflect.DelegatingMethodAccessorImpl.invoke(DelegatingMethodAccessorImpl.java:43)
	at java.base/java.lang.reflect.Method.invoke(Method.java:566)
	at org.junit.runners.model.FrameworkMethod$1.runReflectiveCall(FrameworkMethod.java:44)
	at org.junit.internal.runners.model.ReflectiveCallable.run(ReflectiveCallable.java:15)
	at org.junit.runners.model.FrameworkMethod.invokeExplosively(FrameworkMethod.java:41)
	at junitparams.internal.InvokeParameterisedMethod.evaluate(InvokeParameterisedMethod.java:102)
	at org.junit.internal.runners.statements.FailOnTimeout$1.run(FailOnTimeout.java:28)
Caused by: ptolemy.kernel.util.IllegalActionException: Found a zero delay loop containing .dependencyLoop.original
  in .dependencyLoop and .dependencyLoop.original
	at ptolemy.actor.util.CausalityInterfaceForComposites._computeOutputPortDepth(CausalityInterfaceForComposites.java:759)
	at ptolemy.actor.util.CausalityInterfaceForComposites._computeInputDepth(CausalityInterfaceForComposites.java:696)
	at ptolemy.actor.util.CausalityInterfaceForComposites._computeOutputPortDepth(CausalityInterfaceForComposites.java:765)
	at ptolemy.actor.util.CausalityInterfaceForComposites._computeInputDepth(CausalityInterfaceForComposites.java:696)
	at ptolemy.actor.util.CausalityInterfaceForComposites._computeOutputPortDepth(CausalityInterfaceForComposites.java:765)
	at ptolemy.actor.util.CausalityInterfaceForComposites._computeInputDepth(CausalityInterfaceForComposites.java:696)
	at ptolemy.actor.util.CausalityInterfaceForComposites._computeActorDepth(CausalityInterfaceForComposites.java:532)
	at ptolemy.actor.util.CausalityInterfaceForComposites.checkForCycles(CausalityInterfaceForComposites.java:96)
	at ptolemy.domains.de.kernel.DEDirector.preinitialize(DEDirector.java:1338)
	at ptolemy.actor.CompositeActor.preinitialize(CompositeActor.java:1828)
	at ptolemy.actor.Manager.preinitializeAndResolveTypes(Manager.java:1040)
	at ptolemy.actor.Manager.initialize(Manager.java:710)
	at ptolemy.actor.Manager.execute(Manager.java:356)
	at ptolemy.actor.Manager.run(Manager.java:1263)
	at ptolemy.actor.Manager$PtolemyRunThread.run(Manager.java:1933)
java.lang.RuntimeException: Execution failed
	at ptolemy.moml.MoMLSimpleApplication$UnloadThread.run(MoMLSimpleApplication.java:402)
Caused by: ptolemy.kernel.util.IllegalActionException: Found a zero delay loop containing .dependencyLoop2.original
  in .dependencyLoop2 and .dependencyLoop2.original
	at ptolemy.actor.util.CausalityInterfaceForComposites._computeOutputPortDepth(CausalityInterfaceForComposites.java:759)
	at ptolemy.actor.util.CausalityInterfaceForComposites._computeInputDepth(CausalityInterfaceForComposites.java:696)
	at ptolemy.actor.util.CausalityInterfaceForComposites._computeOutputPortDepth(CausalityInterfaceForComposites.java:765)
	at ptolemy.actor.util.CausalityInterfaceForComposites._computeInputDepth(CausalityInterfaceForComposites.java:696)
	at ptolemy.actor.util.CausalityInterfaceForComposites._computeOutputPortDepth(CausalityInterfaceForComposites.java:765)
	at ptolemy.actor.util.CausalityInterfaceForComposites._computeInputDepth(CausalityInterfaceForComposites.java:696)
	at ptolemy.actor.util.CausalityInterfaceForComposites._computeActorDepth(CausalityInterfaceForComposites.java:532)
	at ptolemy.actor.util.CausalityInterfaceForComposites.checkForCycles(CausalityInterfaceForComposites.java:96)
	at ptolemy.domains.de.kernel.DEDirector.preinitialize(DEDirector.java:1338)
	at ptolemy.actor.CompositeActor.preinitialize(CompositeActor.java:1828)
	at ptolemy.actor.Manager.preinitializeAndResolveTypes(Manager.java:1040)
	at ptolemy.actor.Manager.initialize(Manager.java:710)
	at ptolemy.actor.Manager.execute(Manager.java:356)
	at ptolemy.actor.Manager.run(Manager.java:1263)
	at ptolemy.actor.Manager$PtolemyRunThread.run(Manager.java:1933)
java.lang.reflect.InvocationTargetException
	at java.base/jdk.internal.reflect.NativeConstructorAccessorImpl.newInstance0(Native Method)
	at java.base/jdk.internal.reflect.NativeConstructorAccessorImpl.newInstance(NativeConstructorAccessorImpl.java:62)
	at java.base/jdk.internal.reflect.DelegatingConstructorAccessorImpl.newInstance(DelegatingConstructorAccessorImpl.java:45)
	at java.base/java.lang.reflect.Constructor.newInstance(Constructor.java:490)
	at ptolemy.util.test.junit.AutoKnownFailedTests.RunModel(AutoKnownFailedTests.java:105)
	at java.base/jdk.internal.reflect.NativeMethodAccessorImpl.invoke0(Native Method)
	at java.base/jdk.internal.reflect.NativeMethodAccessorImpl.invoke(NativeMethodAccessorImpl.java:62)
	at java.base/jdk.internal.reflect.DelegatingMethodAccessorImpl.invoke(DelegatingMethodAccessorImpl.java:43)
	at java.base/java.lang.reflect.Method.invoke(Method.java:566)
	at org.junit.runners.model.FrameworkMethod$1.runReflectiveCall(FrameworkMethod.java:44)
	at org.junit.internal.runners.model.ReflectiveCallable.run(ReflectiveCallable.java:15)
	at org.junit.runners.model.FrameworkMethod.invokeExplosively(FrameworkMethod.java:41)
	at junitparams.internal.InvokeParameterisedMethod.evaluate(InvokeParameterisedMethod.java:102)
	at org.junit.internal.runners.statements.FailOnTimeout$1.run(FailOnTimeout.java:28)
Caused by: ptolemy.kernel.util.IllegalActionException: Found a zero delay loop containing .dependencyLoop2.original
  in .dependencyLoop2 and .dependencyLoop2.original
	at ptolemy.actor.util.CausalityInterfaceForComposites._computeOutputPortDepth(CausalityInterfaceForComposites.java:759)
	at ptolemy.actor.util.CausalityInterfaceForComposites._computeInputDepth(CausalityInterfaceForComposites.java:696)
	at ptolemy.actor.util.CausalityInterfaceForComposites._computeOutputPortDepth(CausalityInterfaceForComposites.java:765)
	at ptolemy.actor.util.CausalityInterfaceForComposites._computeInputDepth(CausalityInterfaceForComposites.java:696)
	at ptolemy.actor.util.CausalityInterfaceForComposites._computeOutputPortDepth(CausalityInterfaceForComposites.java:765)
	at ptolemy.actor.util.CausalityInterfaceForComposites._computeInputDepth(CausalityInterfaceForComposites.java:696)
	at ptolemy.actor.util.CausalityInterfaceForComposites._computeActorDepth(CausalityInterfaceForComposites.java:532)
	at ptolemy.actor.util.CausalityInterfaceForComposites.checkForCycles(CausalityInterfaceForComposites.java:96)
	at ptolemy.domains.de.kernel.DEDirector.preinitialize(DEDirector.java:1338)
	at ptolemy.actor.CompositeActor.preinitialize(CompositeActor.java:1828)
	at ptolemy.actor.Manager.preinitializeAndResolveTypes(Manager.java:1040)
	at ptolemy.actor.Manager.initialize(Manager.java:710)
	at ptolemy.actor.Manager.execute(Manager.java:356)
	at ptolemy.actor.Manager.run(Manager.java:1263)
	at ptolemy.actor.Manager$PtolemyRunThread.run(Manager.java:1933)
]]></system-err>
</testsuite>
