<?xml version="1.0" encoding="UTF-8" ?>
<testsuite errors="0" failures="0" hostname="travis-job-3e34a9a0-60ff-4b0c-a7d3-8770017b416d" name="ptolemy.vergil.basic.export.test.junit.ExportModelJUnitTestBatch2" skipped="0" tests="50" time="1234.704" timestamp="2018-08-29T02:17:09">
  <properties>
[...]
</properties>
  <testcase classname="ptolemy.vergil.basic.export.test.junit.ExportModelJUnitTestBatch2" name="[0] ptolemy/actor/lib/jai/demo/AdaptiveMedian/AdaptiveMedian.xml (RunExportModel)" time="8.537" />
  <testcase classname="ptolemy.vergil.basic.export.test.junit.ExportModelJUnitTestBatch2" name="[1] ptolemy/actor/lib/jai/demo/ImageReconstruction/ImageReconstruction.xml (RunExportModel)" time="4.766" />
  <testcase classname="ptolemy.vergil.basic.export.test.junit.ExportModelJUnitTestBatch2" name="[2] ptolemy/actor/lib/jai/demo/VQSequenceDisplay/VQSequenceDisplay.xml (RunExportModel)" time="5.064" />
  <testcase classname="ptolemy.vergil.basic.export.test.junit.ExportModelJUnitTestBatch2" name="[3] ptolemy/actor/lib/javasound/demo/KarplusStrong/KarplusStrong.xml (RunExportModel)" time="3.484" />
  <testcase classname="ptolemy.vergil.basic.export.test.junit.ExportModelJUnitTestBatch2" name="[4] ptolemy/actor/lib/jjs/demo/Factorial/Factorial.xml (RunExportModel)" time="14.894" />
  <testcase classname="ptolemy.vergil.basic.export.test.junit.ExportModelJUnitTestBatch2" name="[5] ptolemy/actor/lib/jjs/demo/JavaScriptShell/JavaScriptShell.xml (RunExportModel)" time="9.177" />
  <testcase classname="ptolemy.vergil.basic.export.test.junit.ExportModelJUnitTestBatch2" name="[6] ptolemy/actor/lib/jjs/demo/ModelBuilder/ModelBuilder.xml (RunExportModel)" time="13.841" />
  <testcase classname="ptolemy.vergil.basic.export.test.junit.ExportModelJUnitTestBatch2" name="[7] ptolemy/actor/lib/jjs/modules/aprilTags/demo/AprilTags/AprilTags.xml (RunExportModel)" time="44.644" />
  <testcase classname="ptolemy.vergil.basic.export.test.junit.ExportModelJUnitTestBatch2" name="[8] ptolemy/actor/lib/jjs/modules/aprilTags/demo/Kubi/Kubi.xml (RunExportModel)" time="44.973" />
  <testcase classname="ptolemy.vergil.basic.export.test.junit.ExportModelJUnitTestBatch2" name="[9] ptolemy/actor/lib/jjs/modules/audio/demo/Audio/Audio.xml (RunExportModel)" time="8.176" />
  <testcase classname="ptolemy.vergil.basic.export.test.junit.ExportModelJUnitTestBatch2" name="[10] ptolemy/actor/lib/jjs/modules/audio/demo/Audio/AudioCapture.xml (RunExportModel)" time="9.221" />
  <testcase classname="ptolemy.vergil.basic.export.test.junit.ExportModelJUnitTestBatch2" name="[11] ptolemy/actor/lib/jjs/modules/audio/demo/Audio/AudioClipPlayer.xml (RunExportModel)" time="9.22" />
  <testcase classname="ptolemy.vergil.basic.export.test.junit.ExportModelJUnitTestBatch2" name="[12] ptolemy/actor/lib/jjs/modules/audio/demo/Audio/AudioRecorder.xml (RunExportModel)" time="10.965" />
  <testcase classname="ptolemy.vergil.basic.export.test.junit.ExportModelJUnitTestBatch2" name="[13] ptolemy/actor/lib/jjs/modules/audio/demo/Audio/AudioSynthesis.xml (RunExportModel)" time="9.808" />
  <testcase classname="ptolemy.vergil.basic.export.test.junit.ExportModelJUnitTestBatch2" name="[14] ptolemy/actor/lib/jjs/modules/audio/demo/Audio/SpeechSynthesis.xml (RunExportModel)" time="42.86" />
  <testcase classname="ptolemy.vergil.basic.export.test.junit.ExportModelJUnitTestBatch2" name="[15] ptolemy/actor/lib/jjs/modules/cameras/demo/Camera/Camera.xml (RunExportModel)" time="34.136" />
  <testcase classname="ptolemy.vergil.basic.export.test.junit.ExportModelJUnitTestBatch2" name="[16] ptolemy/actor/lib/jjs/modules/cameras/demo/Camera/CaptureOpenLoop.xml (RunExportModel)" time="33.013" />
  <testcase classname="ptolemy.vergil.basic.export.test.junit.ExportModelJUnitTestBatch2" name="[17] ptolemy/actor/lib/jjs/modules/cameras/demo/CameraWebSocket/CameraWebSocket.xml (RunExportModel)" time="38.056" />
  <testcase classname="ptolemy.vergil.basic.export.test.junit.ExportModelJUnitTestBatch2" name="[18] ptolemy/actor/lib/jjs/modules/cameras/demo/Foscam/Foscam.xml (RunExportModel)" time="40.171" />
  <testcase classname="ptolemy.vergil.basic.export.test.junit.ExportModelJUnitTestBatch2" name="[19] ptolemy/actor/lib/jjs/modules/computerVision/demo/ComputerVision/ComputerVision.xml (RunExportModel)" time="34.527" />
  <testcase classname="ptolemy.vergil.basic.export.test.junit.ExportModelJUnitTestBatch2" name="[20] ptolemy/actor/lib/jjs/modules/contextAware/demo/ContextAware/ContextAware.xml (RunExportModel)" time="9.068" />
  <testcase classname="ptolemy.vergil.basic.export.test.junit.ExportModelJUnitTestBatch2" name="[21] ptolemy/actor/lib/jjs/modules/crypto/demo/AsymmetricEncrypt/AsymmetricEncrypt.xml (RunExportModel)" time="28.802" />
  <testcase classname="ptolemy.vergil.basic.export.test.junit.ExportModelJUnitTestBatch2" name="[22] ptolemy/actor/lib/jjs/modules/crypto/demo/MessageDigest/MessageDigest.xml (RunExportModel)" time="22.224" />
  <testcase classname="ptolemy.vergil.basic.export.test.junit.ExportModelJUnitTestBatch2" name="[23] ptolemy/actor/lib/jjs/modules/crypto/demo/RandomBytes/RandomBytes.xml (RunExportModel)" time="13.806" />
  <testcase classname="ptolemy.vergil.basic.export.test.junit.ExportModelJUnitTestBatch2" name="[24] ptolemy/actor/lib/jjs/modules/crypto/demo/SymmetricEncrypt/SymmetricEncrypt.xml (RunExportModel)" time="17.509" />
  <testcase classname="ptolemy.vergil.basic.export.test.junit.ExportModelJUnitTestBatch2" name="[25] ptolemy/actor/lib/jjs/modules/discovery/demo/Discovery/Discovery.xml (RunExportModel)" time="8.213" />
  <testcase classname="ptolemy.vergil.basic.export.test.junit.ExportModelJUnitTestBatch2" name="[26] ptolemy/actor/lib/jjs/modules/discovery/demo/Discovery/DiscoveryJS.xml (RunExportModel)" time="17.287" />
  <testcase classname="ptolemy.vergil.basic.export.test.junit.ExportModelJUnitTestBatch2" name="[27] ptolemy/actor/lib/jjs/modules/discovery/demo/Discovery/PopulateSwarmboxMap.xml (RunExportModel)" time="36.853" />
  <testcase classname="ptolemy.vergil.basic.export.test.junit.ExportModelJUnitTestBatch2" name="[28] ptolemy/actor/lib/jjs/modules/discovery/demo/Discovery/PostSwarmboxDevices.xml (RunExportModel)" time="41.052" />
  <testcase classname="ptolemy.vergil.basic.export.test.junit.ExportModelJUnitTestBatch2" name="[29] ptolemy/actor/lib/jjs/modules/discovery/demo/Heartbeat/Heartbeat.xml (RunExportModel)" time="25.208" />
  <testcase classname="ptolemy.vergil.basic.export.test.junit.ExportModelJUnitTestBatch2" name="[30] ptolemy/actor/lib/jjs/modules/dsp/demo/AudioFFT/AudioFFT.xml (RunExportModel)" time="10.068" />
  <testcase classname="ptolemy.vergil.basic.export.test.junit.ExportModelJUnitTestBatch2" name="[31] ptolemy/actor/lib/jjs/modules/dsp/demo/AudioFFT/SinusoidFFT.xml (RunExportModel)" time="12.805" />
  <testcase classname="ptolemy.vergil.basic.export.test.junit.ExportModelJUnitTestBatch2" name="[32] ptolemy/actor/lib/jjs/modules/eventbus/demo/VertxBus/VertxBus.xml (RunExportModel)" time="23.405" />
  <testcase classname="ptolemy.vergil.basic.export.test.junit.ExportModelJUnitTestBatch2" name="[33] ptolemy/actor/lib/jjs/modules/eventbus/demo/VertxChat/VertxChat.xml (RunExportModel)" time="10.167" />
  <testcase classname="ptolemy.vergil.basic.export.test.junit.ExportModelJUnitTestBatch2" name="[34] ptolemy/actor/lib/jjs/modules/faceDetector/demo/FaceDetector/FaceDetector.xml (RunExportModel)" time="11.623" />
  <testcase classname="ptolemy.vergil.basic.export.test.junit.ExportModelJUnitTestBatch2" name="[35] ptolemy/actor/lib/jjs/modules/faceDetector/demo/FaceDetectorCamera/FaceDetectorCamera.xml (RunExportModel)" time="40.551" />
  <testcase classname="ptolemy.vergil.basic.export.test.junit.ExportModelJUnitTestBatch2" name="[36] ptolemy/actor/lib/jjs/modules/faceDetector/demo/OccupancyCount/OccupancyCount.xml (RunExportModel)" time="40.644" />
  <testcase classname="ptolemy.vergil.basic.export.test.junit.ExportModelJUnitTestBatch2" name="[37] ptolemy/actor/lib/jjs/modules/httpClient/demo/REST/REST.xml (RunExportModel)" time="8.251" />
  <testcase classname="ptolemy.vergil.basic.export.test.junit.ExportModelJUnitTestBatch2" name="[38] ptolemy/actor/lib/jjs/modules/httpClient/demo/REST/RESTSimple.xml (RunExportModel)" time="11.954" />
  <testcase classname="ptolemy.vergil.basic.export.test.junit.ExportModelJUnitTestBatch2" name="[39] ptolemy/actor/lib/jjs/modules/httpClient/demo/REST/Weather.xml (RunExportModel)" time="9.806" />
  <testcase classname="ptolemy.vergil.basic.export.test.junit.ExportModelJUnitTestBatch2" name="[40] ptolemy/actor/lib/jjs/modules/httpServer/demo/HttpServer/HttpServer.xml (RunExportModel)" time="39.783" />
  <testcase classname="ptolemy.vergil.basic.export.test.junit.ExportModelJUnitTestBatch2" name="[41] ptolemy/actor/lib/jjs/modules/httpServer/demo/KeyValueStoreClient/KeyValueStoreClient.xml (RunExportModel)" time="41.366" />
  <testcase classname="ptolemy.vergil.basic.export.test.junit.ExportModelJUnitTestBatch2" name="[42] ptolemy/actor/lib/jjs/modules/httpServer/demo/KeyValueStoreClient/KeyValueStoreServer.xml (RunExportModel)" time="44.618" />
  <testcase classname="ptolemy.vergil.basic.export.test.junit.ExportModelJUnitTestBatch2" name="[43] ptolemy/actor/lib/jjs/modules/httpServer/demo/KeyValueStoreClient/KeyValueStoreServerTerra.xml (RunExportModel)" time="45.278" />
  <testcase classname="ptolemy.vergil.basic.export.test.junit.ExportModelJUnitTestBatch2" name="[44] ptolemy/actor/lib/jjs/modules/httpServer/demo/WebServer/WebServer.xml (RunExportModel)" time="37.491" />
  <testcase classname="ptolemy.vergil.basic.export.test.junit.ExportModelJUnitTestBatch2" name="[45] ptolemy/actor/lib/jjs/modules/imageFilters/demo/ImageAnnotate/ImageAnnotate.xml (RunExportModel)" time="41.614" />
  <testcase classname="ptolemy.vergil.basic.export.test.junit.ExportModelJUnitTestBatch2" name="[46] ptolemy/actor/lib/jjs/modules/imageFilters/demo/ImageFilters/Annotate.xml (RunExportModel)" time="41.049" />
  <testcase classname="ptolemy.vergil.basic.export.test.junit.ExportModelJUnitTestBatch2" name="[47] ptolemy/actor/lib/jjs/modules/imageFilters/demo/ImageFilters/Average.xml (RunExportModel)" time="41.302" />
  <testcase classname="ptolemy.vergil.basic.export.test.junit.ExportModelJUnitTestBatch2" name="[48] ptolemy/actor/lib/jjs/modules/imageFilters/demo/ImageFilters/BicubicScale.xml (RunExportModel)" time="41.355" />
  <testcase classname="ptolemy.vergil.basic.export.test.junit.ExportModelJUnitTestBatch2" name="[49] ptolemy/actor/lib/jjs/modules/imageFilters/demo/ImageFilters/Block.xml (RunExportModel)" time="41.833" />
  <system-out><![CDATA[ExportModeJUnitTestBatch: There are 756 demos. Exporting demos: 151 to 200.
####### 1 Wed Aug 29 02:17:09 UTC 2018 $PTII/bin/ptinvoke ptolemy.vergil.basic.export.ExportModel -force htm -run -openComposites -timeOut 30000 -whiteBackground ptolemy/actor/lib/jai/demo/AdaptiveMedian/AdaptiveMedian.xml $PTII/ptolemy/actor/lib/jai/demo/AdaptiveMedian/AdaptiveMedian
Running .AdaptiveMedian
991 ms. Memory: 150528K Free: 57433K (38%)
Exported /home/travis/build/icyphy/ptII/ptolemy/actor/lib/jai/demo/AdaptiveMedian/AdaptiveMedian/index.html
8527 ms. Memory: 179200K Free: 140973K (79%)
####### 2 Wed Aug 29 02:17:18 UTC 2018 $PTII/bin/ptinvoke ptolemy.vergil.basic.export.ExportModel -force htm -run -openComposites -timeOut 30000 -whiteBackground ptolemy/actor/lib/jai/demo/ImageReconstruction/ImageReconstruction.xml $PTII/ptolemy/actor/lib/jai/demo/ImageReconstruction/ImageReconstruction
Running .ImageReconstruction
76 ms. Memory: 195584K Free: 163049K (83%)
Exported /home/travis/build/icyphy/ptII/ptolemy/actor/lib/jai/demo/ImageReconstruction/ImageReconstruction/index.html
4766 ms. Memory: 195584K Free: 124031K (63%)
####### 3 Wed Aug 29 02:17:23 UTC 2018 $PTII/bin/ptinvoke ptolemy.vergil.basic.export.ExportModel -force htm -run -openComposites -timeOut 30000 -whiteBackground ptolemy/actor/lib/jai/demo/VQSequenceDisplay/VQSequenceDisplay.xml $PTII/ptolemy/actor/lib/jai/demo/VQSequenceDisplay/VQSequenceDisplay
Running .VQSequenceDisplay
687 ms. Memory: 196096K Free: 88370K (45%)
Exported /home/travis/build/icyphy/ptII/ptolemy/actor/lib/jai/demo/VQSequenceDisplay/VQSequenceDisplay/index.html
5063 ms. Memory: 196096K Free: 51068K (26%)
####### 4 Wed Aug 29 02:17:28 UTC 2018 $PTII/bin/ptinvoke ptolemy.vergil.basic.export.ExportModel -force htm  -openComposites -timeOut 30000 -whiteBackground ptolemy/actor/lib/javasound/demo/KarplusStrong/KarplusStrong.xml $PTII/ptolemy/actor/lib/javasound/demo/KarplusStrong/KarplusStrong
Warning: not running ptolemy/actor/lib/javasound/demo/KarplusStrong/KarplusStrong.xml. See ptolemy/vergil/basic/export/test/junit/ExportModelJUnitTest.java
Exported /home/travis/build/icyphy/ptII/ptolemy/actor/lib/javasound/demo/KarplusStrong/KarplusStrong/index.html
3484 ms. Memory: 223744K Free: 60305K (27%)
####### 5 Wed Aug 29 02:17:31 UTC 2018 $PTII/bin/ptinvoke ptolemy.vergil.basic.export.ExportModel -force htm -run -openComposites -timeOut 30000 -whiteBackground ptolemy/actor/lib/jjs/demo/Factorial/Factorial.xml $PTII/ptolemy/actor/lib/jjs/demo/Factorial/Factorial
----------------- Wed Aug 29 02:17:31 UTC 2018 About to sleep for 5.0 seconds before running or rerunning.  Test is: /home/travis/build/icyphy/ptII/ptolemy/actor/lib/jjs/demo/Factorial/Factorial.xml
Done sleeping
Running .Factorial
1950 ms. Memory: 301568K Free: 72593K (24%)
Exported /home/travis/build/icyphy/ptII/ptolemy/actor/lib/jjs/demo/Factorial/Factorial/index.html
9893 ms. Memory: 360448K Free: 281702K (78%)
####### 6 Wed Aug 29 02:17:46 UTC 2018 $PTII/bin/ptinvoke ptolemy.vergil.basic.export.ExportModel -force htm -run -openComposites -timeOut 30000 -whiteBackground ptolemy/actor/lib/jjs/demo/JavaScriptShell/JavaScriptShell.xml $PTII/ptolemy/actor/lib/jjs/demo/JavaScriptShell/JavaScriptShell
----------------- Wed Aug 29 02:17:46 UTC 2018 About to sleep for 5.0 seconds before running or rerunning.  Test is: /home/travis/build/icyphy/ptII/ptolemy/actor/lib/jjs/demo/JavaScriptShell/JavaScriptShell.xml
Done sleeping
.JavaScriptShell.InteractiveShell invoked SwingUtilities.invokeAndWait()
Model ".JavaScriptShell" contains actors such cannot be run  as part of the export process from ExportModel or it has a WebExportParameters value that runBeforeExport set to false. To export run this model and export it, use vergil.
Exported /home/travis/build/icyphy/ptII/ptolemy/actor/lib/jjs/demo/JavaScriptShell/JavaScriptShell/index.html
4175 ms. Memory: 366080K Free: 277487K (76%)
####### 7 Wed Aug 29 02:17:55 UTC 2018 $PTII/bin/ptinvoke ptolemy.vergil.basic.export.ExportModel -force htm -run -openComposites -timeOut 30000 -whiteBackground ptolemy/actor/lib/jjs/demo/ModelBuilder/ModelBuilder.xml $PTII/ptolemy/actor/lib/jjs/demo/ModelBuilder/ModelBuilder
----------------- Wed Aug 29 02:17:55 UTC 2018 About to sleep for 5.0 seconds before running or rerunning.  Test is: /home/travis/build/icyphy/ptII/ptolemy/actor/lib/jjs/demo/ModelBuilder/ModelBuilder.xml
Done sleeping
Running .ModelBuilder
0
1
2
3
4
5
6
7
8
9
10
11
12
13
14
15
16
17
18
19
20
21
22
23
24
25
26
27
28
29
30
31
32
33
34
35
36
37
38
39
40
41
42
43
44
45
46
47
48
49
50
51
52
53
54
55
56
57
58
59
60
61
62
63
64
65
66
67
68
69
70
71
72
73
74
75
76
77
78
79
80
81
82
83
84
85
86
87
88
89
90
91
92
93
94
95
96
97
98
99
18 ms. Memory: 449536K Free: 140744K (31%)
2843 ms. Memory: 449536K Free: 131880K (29%)
Exported /home/travis/build/icyphy/ptII/ptolemy/actor/lib/jjs/demo/ModelBuilder/ModelBuilder/index.html
8840 ms. Memory: 449536K Free: 74630K (17%)
####### 8 Wed Aug 29 02:18:09 UTC 2018 $PTII/bin/ptinvoke ptolemy.vergil.basic.export.ExportModel -force htm -run -openComposites -timeOut 30000 -whiteBackground ptolemy/actor/lib/jjs/modules/aprilTags/demo/AprilTags/AprilTags.xml $PTII/ptolemy/actor/lib/jjs/modules/aprilTags/demo/AprilTags/AprilTags
----------------- Wed Aug 29 02:18:09 UTC 2018 About to sleep for 5.0 seconds before running or rerunning.  Test is: /home/travis/build/icyphy/ptII/ptolemy/actor/lib/jjs/modules/aprilTags/demo/AprilTags/AprilTags.xml
Done sleeping
JSAccessor: PT_NO_NET environment variable is set, so git pull and ptdoc are not being run.
No physical cameras found, using WebcamDummyDriver.
Running .AprilTags
ExportHTMLTimer went off after 30000 ms., calling getDirector().finish and getDirector().stopFire()
30052 ms. Memory: 1646080K Free: 148773K (9%)
Exported /home/travis/build/icyphy/ptII/ptolemy/actor/lib/jjs/modules/aprilTags/demo/AprilTags/AprilTags/index.html
39643 ms. Memory: 1646080K Free: 122079K (7%)
####### 9 Wed Aug 29 02:18:54 UTC 2018 $PTII/bin/ptinvoke ptolemy.vergil.basic.export.ExportModel -force htm -run -openComposites -timeOut 30000 -whiteBackground ptolemy/actor/lib/jjs/modules/aprilTags/demo/Kubi/Kubi.xml $PTII/ptolemy/actor/lib/jjs/modules/aprilTags/demo/Kubi/Kubi
----------------- Wed Aug 29 02:18:54 UTC 2018 About to sleep for 5.0 seconds before running or rerunning.  Test is: /home/travis/build/icyphy/ptII/ptolemy/actor/lib/jjs/modules/aprilTags/demo/Kubi/Kubi.xml
Done sleeping
Running .Kubi
Kubi: Kubi.js: Initializing... (Thread[AWT-EventQueue-0,6,main])
Kubi: Kubi.js: Handler added (Thread[AWT-EventQueue-0,6,main])
Kubi: Kubi.js: Connecting... (Thread[AWT-EventQueue-0,6,main])
Kubi2: Kubi.js: Initializing... (Thread[AWT-EventQueue-0,6,main])
Kubi2: Kubi.js: Handler added (Thread[AWT-EventQueue-0,6,main])
Kubi2: Kubi.js: Connecting... (Thread[AWT-EventQueue-0,6,main])
JavaScript: April is right by 111.5px (Thread[AWT-EventQueue-0,6,main])
JavaScript: Movement sent7.016609683894219 (Thread[AWT-EventQueue-0,6,main])
Kubi2: Kubi.js: issueCommand(): { face: [ { height: 111, width: 111, x: 13, y: 7 } ],
  pan: 7.016609683894219,
  panSpeed: '100',
  tilt: 7.4815557019095165,
  tiltSpeed: '100' } (Thread[AWT-EventQueue-0,6,main])
Kubi2: Proccessing command (Thread[AWT-EventQueue-0,6,main])
Kubi2: Got command object  (Thread[AWT-EventQueue-0,6,main])
Kubi2: Building URL... (Thread[AWT-EventQueue-0,6,main])
Kubi2: Making an HTTP request. (Thread[AWT-EventQueue-0,6,main])
ExportHTMLTimer went off after 30000 ms., calling getDirector().finish and getDirector().stopFire()
30093 ms. Memory: 1810432K Free: 1082451K (60%)
Exported /home/travis/build/icyphy/ptII/ptolemy/actor/lib/jjs/modules/aprilTags/demo/Kubi/Kubi/index.html
39973 ms. Memory: 1810432K Free: 1042264K (58%)
####### 10 Wed Aug 29 02:19:39 UTC 2018 $PTII/bin/ptinvoke ptolemy.vergil.basic.export.ExportModel -force htm  -openComposites -timeOut 30000 -whiteBackground ptolemy/actor/lib/jjs/modules/audio/demo/Audio/Audio.xml $PTII/ptolemy/actor/lib/jjs/modules/audio/demo/Audio/Audio
Warning: not running ptolemy/actor/lib/jjs/modules/audio/demo/Audio/Audio.xml. See ptolemy/vergil/basic/export/test/junit/ExportModelJUnitTest.java
----------------- Wed Aug 29 02:19:39 UTC 2018 About to sleep for 5.0 seconds before running or rerunning.  Test is: /home/travis/build/icyphy/ptII/ptolemy/actor/lib/jjs/modules/audio/demo/Audio/Audio.xml
Done sleeping
Exported /home/travis/build/icyphy/ptII/ptolemy/actor/lib/jjs/modules/audio/demo/Audio/Audio/index.html
3176 ms. Memory: 1810432K Free: 911653K (50%)
####### 11 Wed Aug 29 02:19:47 UTC 2018 $PTII/bin/ptinvoke ptolemy.vergil.basic.export.ExportModel -force htm  -openComposites -timeOut 30000 -whiteBackground ptolemy/actor/lib/jjs/modules/audio/demo/Audio/AudioCapture.xml $PTII/ptolemy/actor/lib/jjs/modules/audio/demo/Audio/AudioCapture
Warning: not running ptolemy/actor/lib/jjs/modules/audio/demo/Audio/AudioCapture.xml. See ptolemy/vergil/basic/export/test/junit/ExportModelJUnitTest.java
----------------- Wed Aug 29 02:19:47 UTC 2018 About to sleep for 5.0 seconds before running or rerunning.  Test is: /home/travis/build/icyphy/ptII/ptolemy/actor/lib/jjs/modules/audio/demo/Audio/AudioCapture.xml
Done sleeping
Exported /home/travis/build/icyphy/ptII/ptolemy/actor/lib/jjs/modules/audio/demo/Audio/AudioCapture/index.html
4221 ms. Memory: 1810432K Free: 551418K (30%)
####### 12 Wed Aug 29 02:19:56 UTC 2018 $PTII/bin/ptinvoke ptolemy.vergil.basic.export.ExportModel -force htm  -openComposites -timeOut 30000 -whiteBackground ptolemy/actor/lib/jjs/modules/audio/demo/Audio/AudioClipPlayer.xml $PTII/ptolemy/actor/lib/jjs/modules/audio/demo/Audio/AudioClipPlayer
Warning: not running ptolemy/actor/lib/jjs/modules/audio/demo/Audio/AudioClipPlayer.xml. See ptolemy/vergil/basic/export/test/junit/ExportModelJUnitTest.java
----------------- Wed Aug 29 02:19:56 UTC 2018 About to sleep for 5.0 seconds before running or rerunning.  Test is: /home/travis/build/icyphy/ptII/ptolemy/actor/lib/jjs/modules/audio/demo/Audio/AudioClipPlayer.xml
Done sleeping
Exported /home/travis/build/icyphy/ptII/ptolemy/actor/lib/jjs/modules/audio/demo/Audio/AudioClipPlayer/index.html
4220 ms. Memory: 1810432K Free: 267166K (15%)
####### 13 Wed Aug 29 02:20:05 UTC 2018 $PTII/bin/ptinvoke ptolemy.vergil.basic.export.ExportModel -force htm  -openComposites -timeOut 30000 -whiteBackground ptolemy/actor/lib/jjs/modules/audio/demo/Audio/AudioRecorder.xml $PTII/ptolemy/actor/lib/jjs/modules/audio/demo/Audio/AudioRecorder
Warning: not running ptolemy/actor/lib/jjs/modules/audio/demo/Audio/AudioRecorder.xml. See ptolemy/vergil/basic/export/test/junit/ExportModelJUnitTest.java
----------------- Wed Aug 29 02:20:05 UTC 2018 About to sleep for 5.0 seconds before running or rerunning.  Test is: /home/travis/build/icyphy/ptII/ptolemy/actor/lib/jjs/modules/audio/demo/Audio/AudioRecorder.xml
Done sleeping
Exported /home/travis/build/icyphy/ptII/ptolemy/actor/lib/jjs/modules/audio/demo/Audio/AudioRecorder/index.html
5965 ms. Memory: 1945600K Free: 1474633K (76%)
####### 14 Wed Aug 29 02:20:16 UTC 2018 $PTII/bin/ptinvoke ptolemy.vergil.basic.export.ExportModel -force htm  -openComposites -timeOut 30000 -whiteBackground ptolemy/actor/lib/jjs/modules/audio/demo/Audio/AudioSynthesis.xml $PTII/ptolemy/actor/lib/jjs/modules/audio/demo/Audio/AudioSynthesis
Warning: not running ptolemy/actor/lib/jjs/modules/audio/demo/Audio/AudioSynthesis.xml. See ptolemy/vergil/basic/export/test/junit/ExportModelJUnitTest.java
----------------- Wed Aug 29 02:20:16 UTC 2018 About to sleep for 5.0 seconds before running or rerunning.  Test is: /home/travis/build/icyphy/ptII/ptolemy/actor/lib/jjs/modules/audio/demo/Audio/AudioSynthesis.xml
Done sleeping
Exported /home/travis/build/icyphy/ptII/ptolemy/actor/lib/jjs/modules/audio/demo/Audio/AudioSynthesis/index.html
4806 ms. Memory: 1945600K Free: 1093718K (56%)
####### 15 Wed Aug 29 02:20:26 UTC 2018 $PTII/bin/ptinvoke ptolemy.vergil.basic.export.ExportModel -force htm -run -openComposites -timeOut 30000 -whiteBackground ptolemy/actor/lib/jjs/modules/audio/demo/Audio/SpeechSynthesis.xml $PTII/ptolemy/actor/lib/jjs/modules/audio/demo/Audio/SpeechSynthesis
----------------- Wed Aug 29 02:20:26 UTC 2018 About to sleep for 5.0 seconds before running or rerunning.  Test is: /home/travis/build/icyphy/ptII/ptolemy/actor/lib/jjs/modules/audio/demo/Audio/SpeechSynthesis.xml
Done sleeping
Running .SpeechSynthesis
ExportHTMLTimer went off after 30000 ms., calling getDirector().finish and getDirector().stopFire()
30037 ms. Memory: 1928704K Free: 472358K (24%)
Exported /home/travis/build/icyphy/ptII/ptolemy/actor/lib/jjs/modules/audio/demo/Audio/SpeechSynthesis/index.html
37859 ms. Memory: 1928704K Free: 441097K (23%)
####### 16 Wed Aug 29 02:21:09 UTC 2018 $PTII/bin/ptinvoke ptolemy.vergil.basic.export.ExportModel -force htm -run -openComposites -timeOut 30000 -whiteBackground ptolemy/actor/lib/jjs/modules/cameras/demo/Camera/Camera.xml $PTII/ptolemy/actor/lib/jjs/modules/cameras/demo/Camera/Camera
----------------- Wed Aug 29 02:21:09 UTC 2018 About to sleep for 5.0 seconds before running or rerunning.  Test is: /home/travis/build/icyphy/ptII/ptolemy/actor/lib/jjs/modules/cameras/demo/Camera/Camera.xml
Done sleeping
Running .Camera
23247 ms. Memory: 2034688K Free: 1494206K (73%)
Exported /home/travis/build/icyphy/ptII/ptolemy/actor/lib/jjs/modules/cameras/demo/Camera/Camera/index.html
29135 ms. Memory: 2034688K Free: 1464521K (72%)
####### 17 Wed Aug 29 02:21:43 UTC 2018 $PTII/bin/ptinvoke ptolemy.vergil.basic.export.ExportModel -force htm -run -openComposites -timeOut 30000 -whiteBackground ptolemy/actor/lib/jjs/modules/cameras/demo/Camera/CaptureOpenLoop.xml $PTII/ptolemy/actor/lib/jjs/modules/cameras/demo/Camera/CaptureOpenLoop
----------------- Wed Aug 29 02:21:43 UTC 2018 About to sleep for 5.0 seconds before running or rerunning.  Test is: /home/travis/build/icyphy/ptII/ptolemy/actor/lib/jjs/modules/cameras/demo/Camera/CaptureOpenLoop.xml
Done sleeping
Running .CaptureOpenLoop
22501 ms. Memory: 2121728K Free: 1024197K (48%)
Exported /home/travis/build/icyphy/ptII/ptolemy/actor/lib/jjs/modules/cameras/demo/Camera/CaptureOpenLoop/index.html
28013 ms. Memory: 2121728K Free: 999177K (47%)
####### 18 Wed Aug 29 02:22:16 UTC 2018 $PTII/bin/ptinvoke ptolemy.vergil.basic.export.ExportModel -force htm -run -openComposites -timeOut 30000 -whiteBackground ptolemy/actor/lib/jjs/modules/cameras/demo/CameraWebSocket/CameraWebSocket.xml $PTII/ptolemy/actor/lib/jjs/modules/cameras/demo/CameraWebSocket/CameraWebSocket
----------------- Wed Aug 29 02:22:16 UTC 2018 About to sleep for 5.0 seconds before running or rerunning.  Test is: /home/travis/build/icyphy/ptII/ptolemy/actor/lib/jjs/modules/cameras/demo/CameraWebSocket/CameraWebSocket.xml
Done sleeping
Running .CameraWebSocket
WebSocketClient: Connection failed. Will try again: Connection refused: localhost/127.0.0.1:8071
Connection refused (Thread[vert.x-eventloop-thread-2,6,main])
WebSocketClient: Connection failed. Will try again: Connection refused: localhost/127.0.0.1:8071
Connection refused (Thread[vert.x-eventloop-thread-2,6,main])
WebSocketClient: Connection failed. Will try again: Connection refused: localhost/127.0.0.1:8071
Connection refused (Thread[vert.x-eventloop-thread-2,6,main])
WebSocketClient: Connection failed. Will try again: Connection refused: localhost/127.0.0.1:8071
Connection refused (Thread[vert.x-eventloop-thread-2,6,main])
WebSocketClient: Connection failed. Will try again: Connection refused: localhost/127.0.0.1:8071
Connection refused (Thread[vert.x-eventloop-thread-2,6,main])
WebSocketClient: undefined: WebSocketClient.js: Error: Connection failed after 6 tries: Connection refused: localhost/127.0.0.1:8071
Connection refused (Thread[vert.x-eventloop-thread-2,6,main])
WebSocketClient: Connection closed because model is no longer running. (Thread[AWT-EventQueue-0,6,main])
WebSocketClient: undefined: WebSocketClient.js: Error: Unsent messages remain that were queued before the socket opened: [����JFIF��C		
 $.' ",#(7),01444'9=82<.342��C			2!!22222222222222222222222222222222222222222222222222����"��	
���}!1AQa"q2���#B��R��$3br�	
%&'()*456789:CDEFGHIJSTUVWXYZcdefghijstuvwxyz���������������������������������������������������������������������������	
���w!1AQaq"2�B����	#3R�br�
$4�%�&'()*56789:CDEFGHIJSTUVWXYZcdefghijstuvwxyz��������������������������������������������������������������������������?ˢ�+�7
(��
(��
(��
*/�E���Ԁ�iR�Zj�^��-QY�QE�Z(�ܿ���ЃO��)�Kt-QH���(��(��(��o+����U&�����O�~��Qf��[��`���I����
>�{�>��߳��Ùw+�V>�{�>��߳�}���}'��g�(�e�ĭ��'����b��6[Y�J���F+�s�zp���c����?��?�G�/����¾j�9�r�6O�j��/����£���(Y䷙c,�@��O�z�В��ת)S����L����һ���+�2&��+�>|(��(��(���п�3o���MvU��_�����&�*��X��(����
(��<��/K��M��pO�W�W���	���	����3o�>�^'d[��+�9�<A� ;����+N�<A� ;����([���U��5>/�~��|_x�*��]��������
(��
(��
+_�T׈�t���!�~挀��1�{��K��^$��_W���P���)II1�۟z���]	��/������]�r�5��WP^�H>�����>p���3��	���c���k
2�+�]C8L g���ǭtPMD��k=(���J�G��#���j6��R�,�\8ܩ�r9�v5��9_b��t=IBh�9��~���E&�y��xv�ɴ����Z,�����z_��l���"���������Soi�<�"���䑜�Mzg���֛oViM�aP�w8L�N��8�.�V!]$:���Gk�%��3]�1Γ�iB�=��F�异=�QDyZ��+{ua��1��	��7#&�������
�c��	m���s#${���i���#]6�[�����p�a�9�P�G����
�^�_�������V���-�~�-�,�_1	9�i׾�4�C{}`�ی�����	#�:�>�^��IFI�TfQ[+�]m���%���O08e'o�������z�k͝�K��8u�89��^���K��]�V�xG_KY�[L�b�;��RrG��Jkp
+�M#CMj?\\j?�,��Ki�h$uܱ�N�pW��:W4���$N0�F�{2��"��㸓����kY�^\Cmo��4�ym�'�U�4�<+������F[����)��i�02:�Ҳ����Vh:M���B��[T���Z�V�]˲2%�E(�d�+���t6�_�%�֬����u�a(U�L��͞��l��"���C6��/��e]T�����P�������IG�"��_N��l�m,�e�X�/�l�����K��I�{Qugi���I<~b������?�p�'���TV�1U������IG�"��_N��l�m,�e�X�/�l���햺f��kK������"�3@*:��Ԕ��A+E(��P	S�2��h�GƐZh�d�"�Z�����x�h�0�G���������[}.|�$q���y}�����6��^Myy6�63��@P'�Z�/�A6_��?�^�2��я6�W�!�^YG��O�����ў��V��]c2JR(�:2�֫\�c.��i}���J]L�m*���dHpxe�0#޴��6�.��;[�,����|c$a/��ŮЀ>���[8�=�4>��xB��U��#[�f��%�5�]�<Ï,�V!�a�#
��ZQ�?j.����x�J�I�;�/J��+��a�ZGe(�z6�Ӂ�W�x{I�╤��5BY�q;=��IiWP�w��_hE�[Q��{�?.,��;Nq���^\�b���[��������Y�����|[oq�-lLXG�?����;�����;�sym���5�sI�����@J>��n�����Et��V��)�[j�\�5bmF���!n�u1G�R�8yl��5�i[E�f$�o$��E]��u9������@�������66�I$7R����H�Eؑ�.�9��觖��#�w]�T�$g��n�IE�̭`J�EVc4t/������]�q���m��_�	�ʺ�|''�
(��9(�)�K���e�\�A��z_��l���"������׉�袊��@��(�P�����v�k��P�����v�k�����n��QEs�EPEPEP���!����k��7B��Ϳ��A5�WU����aEV�8QE�5�z_��l���"���B��!���*�`�5�0n��F���3^�c��Z1T�Ί�#$�KEW�s�Q@p��������3]�p��������3\��GNvW��+��
(��
(��
(��4t/������]�q���m��_�	�ʺ�|''�
(��9(��(��(��(��MC�BW_������MC�BW_�����z�#��+�E�vQ@Q@Q@�G����:2�S}���~�����j�]�4�号���������o���������E;��]�o��������>�{�?s����5^�.Õv,}���~�����h�}�������z(�Uر��������������?��?�U��9Wb�������Ə����������W����]�o������������1,��rI������(��QEQE��, ����JFIF��C		
 $.' ",#(7),01444'9=82<.342��C			2!!22222222222222222222222222222222222222222222222222����"��	
���}!1AQa"q2���#B��R��$3br�	
%&'()*456789:CDEFGHIJSTUVWXYZcdefghijstuvwxyz���������������������������������������������������������������������������	
���w!1AQaq"2�B����	#3R�br�
$4�%�&'()*56789:CDEFGHIJSTUVWXYZcdefghijstuvwxyz��������������������������������������������������������������������������?�h���&��x���4d���}�ƣ�e�,���g���_����h���&��x���4d���}�Ə��	�������5~���#���j$�G�A�簪��Ѫ�ӍH��y�ԃ�7�v
(�� (��(��(��(��(��(��(���袊������(�տ�'7��AJ����������_�`?�)�?�>/�y���(���9(��(��(�G�</�\iVsKg�I Gc��*	�V��п���"��W�o�������*�~g_�Ud�Yn���3���s��|�+��T�#�Ϗ�E�*�謿�1��_��0�}�O�Dt/���ȯ��Q����>?����ۢ��_������9�s��|�+��T�#�Ϗ�E�*���C�?e��?�g�ᨢ��?E
(��9�[�Bs��T���!9��?��U�v�җ�c�#��_ǟ��*[dY.�FVu{f����Wv"�������������c�<?������N���ϫ�_#��������������c�<?���>�S�������9z+��ȱ�����Pլm��U�k����Q<$�&�0U!&և�h������?�Uڥ��O��h��Wk��G���3�{�QX�QEQE�QZ��!�|Akap�,R��c 0��A���i���Ҏ�e=�:�DRRF@�lv�޺��R���ڟ{WN��%}����1����x�~�"��&�s8�
X�3��	��Ջ}��K�Y�čl�b� ���2:����T��]�>F�ڝ����~��j��������]�����̺4쓲�*Nq�����%�g� �-�it�K��/FDÀ	8l��z�#(�-4ު+�>7$�ͧ��fOg������o���F�;h���@
��@��d~��5�l.4���/�6�O�A�=�vB�9���s#J��i'���M�f��I4�"����=�E��Ih��ׂCFt�IPr��Մ"��۟E*��m���+Ú-����},�����a�YDM.Ӑ{/oCY;-��q��$y.o"��U`�K�<�A<b���gꬾ����N�_k~%j�׿��?��F��<+�\؋�t�Z����P�����ׅ/u�
�q��Ou|ڗ�ѫ(D�D[q�O�$�S��RT��.�x���2��74o�������*�2�M�Ӭ��.�h�ѣ���1בگ��W�v�h���@�H�'<�ɯ��қ�6�ѳ�^�:*��E��_�ϑ�~�ç�3�[}���r�v�����U�(����4U����I���8�1��TjgNp��@U�m8�A�~���N��g��w*1'q8#��t�Q�%R@ �de=U������+J�j�Rs��B�/���<Siuyq��BF�Y�" �ےO�����Z>{�麔�1�R�G�ܼ� ������+��&�(���S�k�gR��'�ug����[#��E�S�l4��˪���vD|Ԑ� ��V͆���x��b{O����Ԛ�q2���峍�H`	�8ȮF����<�yw���9�]rFv�ku���34�F_��'�K���R]9��b[�w\d�Rs����xcYҬ��,���eo����
H	�'��g�\&��!9��?��U��jJ�����MF���6m�:�p|1�BM�,wړX�<�e�-/�q�X�'8�Z�æ��<6WP�Տ��$��h��2�T�{g������W�����p���x�#�q]+��~V"1�G�x���K��������W�r��m�����8j��y������)������f�?�q=�������I<�g���O��^���q��{�_��a�8Sj{��#r�S���h6f�iwm����Nֲ���d�#BA� ��z����{��^�k{o�����e�U���JJ�c��TV4��	F\׳����C������;WZ��X�X�P�-���ڵ�Ȉ�m�[8�\��i���fӮ|O�Y�w�Or�i�m�cq��Y�.A�>U�T+/^������橕F�e(����0���8JI����Qkz���w�:>��]�[|��+ڨ�Ű+�:n����x[G��U��uY��y����_1N��Po;�*���#K��컶B��3�V��&��O���֯���f5%�t{ZIt����牦��:��|=���.e����>Y
d��&DGqyK-x<�A^3�r�Ii�h����+��H��[fp�|�#w_��'�)�&��O���֣�o�t�ȟ�ju0Y��Ȩ[K|Q���֩w::�I��f���wk$V���n�U)kkuNg�����;I�]݋3YBI=I�*��$�����?���M�N����\؜�3��t���d��<U'��n5J�n���n��\��Z�<�E{Q1�ϖ9�}+'E7�}���S�t�7X��ZM��o��T?�&��O���֣�o�t�ȟ�j+�9�Xr�6��4uv�}�w1h��������(�տ�'7��AJ����������_�`?�)�?�>/�y���*{?��������
贯���K�[pK�~^~�<g>ޕ�M7%c�Յ9E���4袊���
(��
�׿��?��F�)����-��+i߻n�lu��!^�9���0�H�k�p�5�U5iŠ�P�i���/�?�'�<��z����R�&�2h�o�O�x��?��b���9�צ.x�4V��'�<��z?�?�������2h���d�G�~Wvq��AI�������8��G��������*��}C	�>�����>��U������{�=����
?����8��T���O����}j��W�S$���S�S(����d�m���^�v�;���^{^�������iny���W���/���<c��Eg��x��|�����}����������G����1��"���g�>�W�����������hr���P1O��f'Z�����QE# ��(��(Y�����c��ϭ�CN���d�-�i;��'��_�MG�}�����?NN3��F���p�7�gER>�(��(��+��3�"����C5畣k��Vv�oos�$��ا9�=��.Wvrcp�MF=�H����mc�~����k������+Oh�3�.�u����tW��M����CO��mc�~�����]n���#��<���X�������G�$������4�
=������G��Ri�.4�9���v=2J�j������k��88I��Zy/�3�ϫ�_"�{��w�4}�/�����k�,�����}^���h��g�������w�4�x/�ܿ� �ϫ�_!�����=5PaF:�/0�G��hm'�����
/��tQE~�w�Q@Q@Q@Q@Q@Q@ޟ�]6�M�����B��QpHq�U��O4���������;��I��
Rri��G�G��y��Ͻ����U�i��y�|/�^wEO�������q=��/�}�?������K��{������(�Wp=���'��y��Ͻ����U�i��y�|/�^wE���������, ����JFIF��C		
 $.' ",#(7),01444'9=82<.342��C			2!!22222222222222222222222222222222222222222222222222����"��	
���}!1AQa"q2���#B��R��$3br�	
%&'()*456789:CDEFGHIJSTUVWXYZcdefghijstuvwxyz���������������������������������������������������������������������������	
���w!1AQaq"2�B����	#3R�br�
$4�%�&'()*56789:CDEFGHIJSTUVWXYZcdefghijstuvwxyz��������������������������������������������������������������������������?�*(���B�(��(��(��(��(��(��(��(��(��(��(��(��(��(��(��(��(��(��(��(��(��(��(��tI�J��n`3]e��l�,��Y������{`�V�������=�B'R0��h����?�{]�K����v��=�����k��J���g��gEv���i������_�&��C����u�}/�G��?�>�L�h����?�{]�K����v��=�����h�ҡ���i�M�����k�����?���������M�T<����3���o�C����u�}/�G�!�����������J���Y�q4Wr<�c�u�����M��i������_�&��WG�������En��E��>��w���ۼ�Lt���T��J��Jn�QL�(�����W����I㶹�7�����ꣵm�x�~)�];�ڮ�a��1l��Q�~˺3��Z�U#f��Zw>�-4�u;�S�W����\��]�6�=���V��3�;0��w�}��W�έ��Ō��W4w���������Ѵ�����3X����Ie,���4�X��0)��u6���5+O�iS��2�����c�ݷ�zX�<Fӥg%$�u����ˉ�v�"�����#h���{�ħ
�T��;S%����̭ϔfd^Pu ��9��xj�٣(�+I]DǢ�Ae5ŝ��{>�k�4�"����#��^�4��mBK9����#�P��9��G�k)���{�鹓Et������K}4ҭ���i�%�B��9���5�-���+�7����Ekj��)ʗr�p�<b��U�Oԫ�ܥ*+nk�V�:V���ra�9?��l�1u��z�:�{���M���	B"��G���q�
_W��>�]]��s�U��Pӯōի�r���-���_­_�WZ��~�{b�[�r�q���G$i�Z���8�=����-l'�u�җR[kB�`p˝��s�Җ�ޥk͝�K��8u�89��^���QWg�ҫN4�䴲ߩ�8���i���#^��x���/!ѧxlĆc�9
N[��yuo	&�>%,D����Q^���)m���[SյH�Ouyx�Cko,�
F����FG��^wyi5��ŝ���V�E�e$��#R2��:τ�֚o��"���[h���O D\��e���ZZ�tj�z޷��XH��i�Nnd�D9U�Q�9?�y�3��z]�ݗ���i�:֙������jyQ:�R���/z�4k�hz��KH�K�]C�������U#g\�ۈ��n�GZ��*,���,;�
�b?�~5��S	}�=��y�-�i�����O͎�k�Y��7Y�;(���D�
�B��o��A�g�x���|����u�^f9�5]P��d�ᏋRmEc��ZĀ�b[����9c���j7�SE���aw�i�z��G(ܨfM��@e�{g�՝?P��oᾱ��u	��Cm8�pA��=Wc��x�[h$Z.�td�Z�������.1��y�����=���^"ӯ��c��W?0��Y���}��2�:�䷗��Yp@׀Z�EJ���z�]�I�u�;A�/�l��R�������w��dEY%*��$�n���_i����.�oy��wo-���)�B�!*N
�ǽqtS�!�����y�{KT���/�j�e[X�o�@��C�9��Z�Gҵ�K����O�{�~{�[���u~�%�.C�*�ɯ2�������We^���m����{m�gKi�-&������P�ѭ�����戼�6*�����s��.��[���zv�{<��a�������"�P�w��+�R��=(��ZjZ����v;�>���o�m�#��e����i"������̐������pwv����]G4�X���m�(����c�|�m�;܈e�3�r��5��4��hh�I�{o����ܽ��*��>]��������x\��+������O���ޕ>]OIR��[�=��;������)�--����%����%Q�#��	A��5�z��umoP��yf��[���w�l~�N�p���s��+QQ@[���_��[��o�1�?�oׇ�|q�QE�QEQE=�����U�b�*�l���������W��|�=ܧ���QE鞰QE����\?���\�u�8���i���#ZGc�3��|�$QEQ�QEQEIo�1�?�o���|����u�^m���aEW�EPEP�_��o�]W��쫍�������We^�Y�K��r��^�EW�z�EP#��p����-r5�x��\?���\�i����e���QEGQEQE%��|����u�X��������xy��A�Q^HQ@Q@�����u_�+��6��?����1]�{9g�/S��~	z�Q^��Q@��?�������]��p����-r5�v>c1�y���AEUAEPEP��������A�W?m�P���κ*�������^
M>�5d����t�/-�I@C��H���w��O��7��?A������
ԯ��S���I3�XZ3��R��FW�#����o�������I����Eq�R��_R������~��zM�}���O��7��?µh���>�C�Q��m�"�ő����:(�i҅5h+S�
j�V
(��4
(��9ˇ����k�������m?�Z�kH�|�c��/�䂊(�8���, ����JFIF��C		
 $.' ",#(7),01444'9=82<.342��C			2!!22222222222222222222222222222222222222222222222222����"��	
���}!1AQa"q2���#B��R��$3br�	
%&'()*456789:CDEFGHIJSTUVWXYZcdefghijstuvwxyz���������������������������������������������������������������������������	
���w!1AQaq"2�B����	#3R�br�
$4�%�&'()*56789:CDEFGHIJSTUVWXYZcdefghijstuvwxyz��������������������������������������������������������������������������?�j(�����(��(��(��(��({[+��LV��\HqHc.@���ȫ�����?��º_���3\�כ�i^�\�\�O�#��T�3g�������?���Gu��j�
��_@QX�hK�M~���������?��³���$F*��H��k�
���_�3j���7��k��u�M��:��L͢�+��
(��
(��-ç�<K"�}I�
��&�������%�%�U���I��?�#�����Q���Q����W��s��_M��&����� Я.fXa1������Q�kO���#�5��BY�Ek*w����K,�g*\��;^������z��Ҕ��7���������n|/�Y�$�#D'h;�����Q�w�wm����p?�|�N�xƼ�zۚ�-O��kV�6��_�N�&������&������Z�G���Z�G����/�A�� �ɟ���g�*�_�֟���G�j�y���=ߩ߭���iO�k�v��f���6��ҽn���o���?����W���㿌{x?�Q\�XW��"���U��ɿ�3_@W��"���U��ɿ�3^�_�H��|(͢�+�<Т�(��(��(��	��g����kk�_�3��������^�����T���P�_�����W�Aj�+�����������Z��?�b|^Y��O���(���(���K�"�6�̍��\n�������������5zMz��_�3�>��
(��O +�?�-���?�5����O��w��k:�×�7��C�~g�QE�lQEV���;ox��I�y�����Аm��`�GU�ON�|�yR�B��lo���U�#͌��;I���7%t4�q�U��mB�M}Bk}��xlYˮD�Kۜ�{c��g�mgPm-mlćT1��|���O�ǵO+�±�[^�������5^�>.� v��19
�$��9_�*ޅ�]oI�ޝ��X<7R��R�8`q����N|�[�ό�����է��r�;��?���Wv�Ք!6R|�����\׍<7����a��?���$d��חF�H�M����e�j��BR�J����U�=.������ ��Qy�3��.pI�`95����:�铼�,�қo-��ʥ�6A���׬��K���0h���~��'�.ﮮ."��F�ӣ��	f��[*I�v�CX0�v���ϯ��y�}��+��.�	8Q���R��f7���2Z����I�W�^	��V���S}�k0���AS�������t���*�{Y�n%�6�`(�L��G���Q��zX/v��s�sZ*�����6f�Vnt��;�k<��a:����Z��DԬ-~�uj�Ðd�g�9 Wm������M���Ϭ�ȷw���ֺ��jf��Ս������泵_kZׇd}���ǉA��<�1����4��.���Ъ���{��K�}��V�ⴳ��}�a���*H\凸���Z������)�5{o���x�t�t�Ć�	dP�d�'���:Ws��s�L6�����H#��P�wV:�׶�w��˻�mm��y"���,x�S�zN���-SV�f�~l
K��1��i�^
2:�Ҹ�)ƢJ�\;{�<U����cM�5פ�ȿ�ˉ�De*Ac�WG��^ҵE�-6�>O�7+:�F\n�Al�N7c"����_[��������A��ŉ6���j-b@y�-�i{����Nqں�	��e��Ä�Q���6��]�G��������8⼾��%�#=���@j�b"�m��̫�t�J��d�ݩ��go�dy�+�a��36�v�J�^s�%K��=�<Y���˟6�$.��R��LT2F*:��kr�|W�]�VVw�3n���Cm;g���cd����w�����4�����[�w��b����.�*�Z������h�0�G��$�k������]7P�������?,�=CP���uN�[��@,��@׀Z�^�J�������=X������VZ>�iyic�\jk2Ȋ%��!*Hb�ֲ<{q��ǥ�:>�i{om5��k2Ƞ�))*H��?�誕v�V���>%�u-Z�Z����imZэ��λ�z���W�u�Cc�x����w!.���1���$��2�7daT����������5zMzf�C��>c�tj(r�N���r�^�#�N��<W�v�i,w6�t,�˱�m�7N���J�ޑ
+�Z~��M,{��/w<�b������8�*+�BǕ<ǝ8���W�ھ����4�Er׾����F�����;��Xyc���z��Cy������d��K��HD�ds$
�˟F��⺚��O��w��k*��	;�ge�Ԝ �m�����,&����BϪI�Z6��V�T�A�ߝ�o'<���(�$�[�rLk��j+ȝNs���w�{P�9��6�kn^�����$Eؑ�,	�r=My���jZ������[�����Ϗ�uCE�̭`n�EVb
(��
������?����%�#=���@jί����\o��O���
��w� 8����������_�����'���t�O=��+�>�+{D���d�V�["$�2%f �O����%��J����w��J�`���=t�cJU-Y�ME��ػ��Tӵh.�ͣ�vB;ʑ�}��͛���g�+3O�ޗ���i�$��tP8�oj��҇��~C�kޡO
����Ǎ��N�u�gn�
�ٳz?���ٳz?���Y�҇��~C�h�҇��~C�knZ=�?��������f����
�_C�^F�6t�yk��҇��~C�k��6�{"������ϊ�5F\���aZ���Ҽ��^���E�G�QEQEQE��/�����V-mxK�F{?���՝_��ќ���j��������@p�����-]Er�;��?���W���,O��?����{EW�}�QE��o�-?��W�כx[�FKO�����5�`?��������z~�(���<���ȷw���ֶ+�?�-���?�5��^��	��U��mEW�}�QEQEQES�[yD���Ƚ�?L��4��.�l�������5���H��y���B�^MW���+�
�4ࢊ*��(��(��(��(��(��(��(��(��(��(��(��(��(��(��(��(��(���, ����JFIF��C		
 $.' ",#(7),01444'9=82<.342��C			2!!22222222222222222222222222222222222222222222222222����"��	
���}!1AQa"q2���#B��R��$3br�	
%&'()*456789:CDEFGHIJSTUVWXYZcdefghijstuvwxyz���������������������������������������������������������������������������	
���w!1AQaq"2�B����	#3R�br�
$4�%�&'()*56789:CDEFGHIJSTUVWXYZcdefghijstuvwxyz��������������������������������������������������������������������������?΢�+�3
�5�=gN���Y��b�F�p}k��C���������V�����͊��N��@����y�}��G� z_�������������q�y�X���/���=�?���k��F�k�}���L�v��aی`Z��� ��;����!�7�V�*�6q4QEr��QEQEQEQEQEQEQEW���@s����+^y^��?���_-���kG�91��:�(���$+����0��k���k\W����_�����3�	�e�t8�(���d(��(����<�t�ʬ� ��2���EI���Q���W_�n+��f_Y�܎�R0H��&�vf��(��C
(��
��_�g�,�_�����O���4�W�$Et;��2�k��'���������S�\D!5t��g>VV�������/�Z�c������&���^2�v����l�?�"���?�����v_��G��l�_���ӌh]w=�(����⦩������3����oz�j������N�ptaZ�i�WN��׀I�"����'��s�ȿ�j?�'��?���֮~��?�0����>��C��`g����L����������`��?J��\��r��6��cV1��\^*�*|�yU��p��j�:���䤋����\�j���|�/��������	JX�)�-�����X�ᳩ��+�<����%�R���Z7*HQ���Z�����q�|���7���V������j�{��L�qSi�����G]�	M�����W�h�����y\�+�5��U��坟�Q��Sc�<�?��?�)���W����r4Q��坟���?�����&�_�:?��?������{�+y3%z���g=���akoi�\j�u��hu4��;%W1�+���֯�2�ڼ*=�5i�e^���E+����y�&�k�I��o��;Ʊg.��,Sns��⽋�%���U@���Ol�E�$h��p`��z��l�JX};��S�.�͕�ۘ��Қm��
�����A���}�Қ�ȫ�~4�����:��ep6�#�t�2����:���eeo�ܤW3�����FO=��]����~�;04�D[V��g��W,���B���� ��Qy�3��.pI�`95�����z��s��,�қ_-��ʥ�6A����޾�S�So��M�s��OҠ�C�O����n�����+�$km:8�@�aK��RO�:�`�,�����?����Z"�
IR�X`���9�G/����7��N�=U��9��|�/�����tO�zƩ��I���|ѕe�)��~��C�����I�����P�4�]BE�ϼ�?����*3�V���o�ۦ�5���BN+r�r�J��ʹ�r��2[=1���Y��ֱ��}������)�N@9�9��=�+�Z��Z���o?���F�ץM�����Mc�F�]�oY�$�o\~����J��;[�`�1G��ps�������`!�t����W��9��!��)k5�X�,P�yg@F:�1�=�b��-c�=n?��
e�w/�����I<�d֣������Ȟd��_f�G]�g�'z�s��K4�H�K��F�Y~VRA;E\��.����c��]ͽ��,�n��x�V�Y\*��I'�+&��f*�T�V�|�Y�d��&�K�$c�P@é��Vt�[����\��?��u����V���M�|���ş�|}ay�i�F������yq2Ȍ�C�,*�<{��׾����{���ouq�,Y�%�ʮC`�d.zW�׶|��J�����E�_A����=.��7+/eK�wD�v�u��[f��u�Ź}�e�y���ubU�϶{
飹��hVqOgekg�_M4*�A��a�W��<p���Ex��<h��j������N��K`���q����/�l��4��An�J����aY��[o
�~	m([�&��2�Hp�c/����޽2��⾣w�j����u	�h�
i�c8 ���u`��x�����s��?�0�{���%Ѵ�U�����om���ď�+��֧���m3Q�������?,�]KS��u)uR�[��@,���w���(�����=���S�u�wK��<3e��V���Z�ơr��,��Y����D[���?��*�/AѵK�{y��e{Y�EIH�IR@eA�Ƹ�+8`�\]��D�����z����c�x�$q�gV�o��ʣ*z��鷶>���V��,/�G�۵ֿ=Ҭ����0����!�쏕A����I�]O��z�[�m�+��È�$Y�Y��J��G�`�����G��;��a�"�0ب� �L��]���n��!ӵ+��"�\?��t��@?1�p6Ө�QQ��<׈�j߉�X_�cM�t	{��[/(�i"������|���u�G낸�������9�����ko01G���{3��|R7�?ZJ��ؗw��ӌ�u�ڦ�7ƭKX�Q�{;w��SQ�U,���7�Ͼs\6�ŴKbKh�'��*��J�k^��ή��@(>+����r�Զr1�G�h�<e���#���ݙ�&��%���F3�<�����T�R�^ukf���!����k��'�������ߴ�{+���)t�t�c���?��u��F]��O�t��.r����R������q׉�ޏ��s@�{]2�ȅ�22�H�b�YI�}~6��������K�;�H�_?���o���Z/�&��Y>-����KE��׏��_������w_��@ה�h��'����u����o���Z/�&�u���!�?�n���n��v��v3�@�A]8L��ʤ�����tar����ɫ/��2�����\(���|7� �?��B�"�X~��t����![�w���������~�E�A]����R��?ZJ����Of?

(�����(��:?��?�����'������������]?��Q_tv�Q@Q@Q@Q@O���'�u?�V�]��������+r.���4~��<�o�"Z(����+��?ZJV���I_W㗩���AETQE�a�e,i"��2�3O��m;�+����} ��b��Y�Ϥ��U�*��O�x���`���H?�أ�����b�=�O�x]���g�>�߱G�,�����*�{j����+����} ��b��Y�Ϥ��U�(��?���vW����A�~�`���H?�ثQ�3���dP�
��4�I�@���Q҆+�ָZ�uVz��V��Qb���oZ<���g�^�g����I�B7�?ZJ'4W���I�z	YX(����Q@Q@Q@Q@Q@Q@Q@Q@Q@Q@Q@Q@��, ����JFIF��C		
 $.' ",#(7),01444'9=82<.342��C			2!!22222222222222222222222222222222222222222222222222����"��	
���}!1AQa"q2���#B��R��$3br�	
%&'()*456789:CDEFGHIJSTUVWXYZcdefghijstuvwxyz���������������������������������������������������������������������������	
���w!1AQaq"2�B����	#3R�br�
$4�%�&'()*56789:CDEFGHIJSTUVWXYZcdefghijstuvwxyz��������������������������������������������������������������������������?㨢�����(������������:���x���Q������}W��+���k��������W��G���?��_3�(�g����~?��g�Q[�*�g�%�,N�vr��Z��4���O��׫N�'&Һ�q��2j�QJ���YJ��F)+t�QEQEQEQE��QE|1�Q@Q@Q@Q@���!y��?�������/?��A�T|~+������������V�j?��/���U�����=z?Ï�
(��4
(��
(��
(��=��(��=P��(�K������4��0�~��+QE�|`QEQEW�������?�#^�^_���b���$�Ѝ{��'�z�"�Q_Lz�EPEm�CF���Sg�]����4DQ�c ��v��m���L��h�:ō��a���bFB�2v�ޥ�'a7c���M��A�5���[�dY�s�,Sns��*ͧ�5[��R��;jBSh<�Q��xǾ)��QW����Bm_�8����6�v��h��w�7G=�ƾ-Ҩ����O�C�R��tmEBj�9��~���F�m�w�l��K�;���T_e���!ܫH�H�)r�c��-�@�L�ES��U�H��Vi|�1 m���N*��Ҷ���Զ�Q�?��(�?��*��-o�X�C1����0t�SJ��?������C��V�����C�e.�x9�j��+'m��԰Wk���;��k����k��8���m���s����Q�+���$����I�`(�L���
�G�1��N�#x�?��3���~�y%���f>m��@>�����;�O��7�6V� ��HJ�6 -����2��Zƙe����� ,�8�r@揫���|�jIT���6U����h���n9�������U��v��3��q��WC{��Mj��zk��O0H��������U����V����Mi��c�H��i�O���_O��УMN
ͥ}OSJ��ݣ����%KI�H�a�w�X�<u g${�k������Q]�xw��kxj��R]zT�|�Ɵf�I2F�;��zz���M�q,�C#F���H#� �ROa&��x��O�w{s��bR�M DQ�8��C��<'%����+P{���)��i@�����n�R�n鉣����G�Ł�Λ�̺�ڥ�ݲ���IF�ǂT�?��Y�����/c���ge��R��ʉ2B��j�>�@8ⰿ�`i_��{�|/�]��k�1X�����Ò���Eam�y#��[}4\1�l�m,�e�bU�>��]=�ޕ�x��v�qgiog���4A�5�<�v��^��{�}����?���h-��;����Eam�y#��[}4\1�l�m,�e�bU�>��]�-4��j����6�u㵬D-L�%G@~p?z��贫w<gt/�H��*}Fr?1G�����p����pK�xbӝJp��6����_��֥��f��l��	�w������j������,�H��\�P@d��j���Xy>U��oݝ���YO2�^�T�_�k����ƴ7vI��O�����њ��V��]ci%1��FX��:�y���^�4�>���";����Ym$�"C��,a���}���~�������������|�nJJ��$s
qi��v����뫪���#a}WN-v��_�R��G�f��5��Y����%αqr#�����5�<�$�C*�vFsֹ߷�����������������m+���%c���f��$�,^3�#Ӧ��M�-�����n�t�lT#��8���Ѵ-&ݝ�C�jW��V��S�E���8jG��r�;;��$�k9by�Mi��o��S��ks���<3�x����]���j<��Rϔs�B@Aד�q޼�P������[��k����PY�O-�s��|�������V��ӌ���N�o�A�Z�%��y�K�Z=�-��\)�4�*;@�[<���5Ӊm2Г�aBO�U�+xÔ�F�{qq���G�;�i����u=��EȒ4Eؑ�,	�r=Mpr]=���������k��d���7b��#0J�EU���U��[�.�����Q_HQEV�����+z�|K�.��?�]�����&s�����Q_Dy!EPEP�����UZ��������V���z/����>�(����(��(��+�kƫ�?�+�?���!?�W��>�oe��nm�}�#f�����D�������J�)ѝ­�Y���+��]�Z�R��_�lQT?��������(�������o�~�[�����?�_y~�|K�.��?�W���������+#\����<�7�ݟ��g�J��Q��r�K^�F��t�LȢ�+�<���(��(Q����*�Z���_��
�__��=�{��DQEnhQEQEQE$�6c�W�ƣ���2i�����6����?�G�������O�V�dP���8��O���F��������O�Q��i�=����E�;�����4����oh��_�t���6����?�X4Q��C��?�>�O���F��������O�Q��i�=����E�;�����4����oh��_�t���6����?�X4Q��C��?�>�O���D��$�n�r�8��(��pP������Et
(�����(��(��(��(��(��(��(��(��(��(��(��(��, ����JFIF��C		
 $.' ",#(7),01444'9=82<.342��C			2!!22222222222222222222222222222222222222222222222222����"��	
���}!1AQa"q2���#B��R��$3br�	
%&'()*456789:CDEFGHIJSTUVWXYZcdefghijstuvwxyz���������������������������������������������������������������������������	
���w!1AQaq"2�B����	#3R�br�
$4�%�&'()*56789:CDEFGHIJSTUVWXYZcdefghijstuvwxyz��������������������������������������������������������������������������?�j(����(��(��(��(��(��(��(��(��(��(��(��(��(��(��(��(��(��(��(��(��(��(��(��(��(��(��t_
_k�ouk-�"Hc"V`r=����ƕ�0����֯�?6?����4º��������&�+$���º��������&�{�g����B�ᑣb�	�&��M5�QHAEPEPEPEt�����|m���M�ϙ��`m��`�GU�j�@�'�g]?�ڦ�c�L1l��Q�|p��?)>����V1vas����|?�ZiR�sژ�"�m=ܺ�g����<��j�����t�ic�_���w����|���c=�U�^�s
����]�h�v���.*d$��9O�b�M�[���@�ItԮ���TāA'�oOz^��\��d�~������������8�V�~\u�]��n�ٵ�F�0�˴ܷ*:�w�בW<�Jn�ݝ����^�Q�Txuzoï��?�����N��e��M���HG�,�Q� Pp�&N:`�s[��$�v�V�3E#�6�FP��;��>#�撄��o���O���Et:0�S����W�s���a�y�yM.�����}J4�嶦!�G�����D1����1�Np����ߧʥ��gwӦ�J�������Q���`Կ��_�׸^xwė�-����؀��L��?���o&���e���P�RkyF�ڑ�E˱#����U�u:��Qh�����<V��{�
�g_��(�[c�U�g�1��W����~�{�C� )�N@�r@��ċy�=E{�����&�Z���;}v��)l|y���ug�A,(�c�89��^�{x��s�(�do���k5�xz5��-1ԁԏqX�ٚ���ߥ�
h����Q^ޞ�k1�r����̖;h�����6��N
��J��I��Y"{`�F����H#�b�De�������M������Akm��i���\��r@�kGC�����R�Zּa�_Y�Ѧ72M"��(��Ҽ�s��+�m,KG���Yx��:��u�i�>�/�$�1�M�D�$eJ��PI���ѵh���[H�K�]A�������U#g\�ۈ��n�GZ��+7���OO�S���!�iㄟT�ߛ#���rҟ7h'-���]��wI���y��l�6Q��͸U�8l�������3ڼv�5��k)�����>�t��j�v��� Yn�]bA��vn϶{WTum/R�+��^����S4!r��#x�s��>����Ʈ�涔Mo)�e��T��A����c%
��9/�����Щ�\O�Cf��-\<wR�/���sdzo#����M���mq��R~����ح��7�W���D�w\�PP2xu5b��X�R��=�ߟ�T!efI��oh�~�kwm�Ksu3[J���%)b������>�kyo����kiVEF�M�!��0��z��M�#���@�_�P�ǌª�ח�E4�ok�����T���n<������oX�my5Ho�	h�*�V�c{
>�o�zm�}J�|6�y�M:����n3o�`1���X�7d|�&�m7�A�~?�պO�I���i{v���EK�����I��G�����,�ki������-#����zz��\����iV�J|I��W�șXdg��}�wH�T��mGE
���|��i���|[oq�-lLXG�?����;�����;�sym}���5�sI�����@�|b7u�pς}�Q�IP��ġ��[j�\�5^]F���!n�u1G�R�8yl��5��[E�f$�o$��E\���J�lu�Z�%'ŗ~!���I!���G?hG.ďp|���5�E<��=��������z��#>�v*J(�>W{���+��+��(��(���/�ȟa�m?�cWC\����O�����1���˳�����θ�((���(����u���dַ���a�����k�L��E�?��%3��,�_�o�����f��M7�A�~?�պ��?Ɵ���j���肊(�B�(��(��(�+��+��(��(���/�ȟa�m?�cWC\����O�����1���˳�����θ�((���(����u���dַ���a�����k�L��E�?��%3��,�_�o�����f��M7�A�~?�պ��?Ɵ���j���肊(�B�(��(��(�+��+��(��(���/�ȟa�m?�cWC\����O�����1���˳�����θ�((���(ƾ�՞�y%Բή��Fp�������������_�&�+է��4��³I+%����NNk8��Z�&fD�\�����U�S�B2��U:�\-IU�
�wm&ߛAeQE�Q@Q@Q@WEWY�QEQE�^��>����Ʈ����ȟa�m?�cWC_�f�u�/͝q�PQE�PQE�j�����B���S�B2��U:���K�+�F/p��+�AEPEPEP��, ����JFIF��C		
 $.' ",#(7),01444'9=82<.342��C			2!!22222222222222222222222222222222222222222222222222����"��	
���}!1AQa"q2���#B��R��$3br�	
%&'()*456789:CDEFGHIJSTUVWXYZcdefghijstuvwxyz���������������������������������������������������������������������������	
���w!1AQaq"2�B����	#3R�br�
$4�%�&'()*56789:CDEFGHIJSTUVWXYZcdefghijstuvwxyz��������������������������������������������������������������������������?�(���P���Z�e���zP��#����?���k�������r�g�a�΢���?���k�������˰{Xw3���i3�H^<($��߅P�qkr�%-��(�PQEQEQEQEQEQEU�3�B1~?��J���F/���|H��:*(��O0(�����<���m�������<���m����z����
(��:B�(��(��(��(��(��|qI4�8���EQ�
��2��|n���&��WH�O�W�A$g:T�ٗ���s�~��)N�Dg{;�U$���Q̻���w�������G�Q��y�=����R��yw��b��������G�Q��y�=����R�9��=�;�Q�tdir�0F���QI���[ �C���4i"��è#9��[~�������5�|K�X�«֍Ώ�>��|��������_��o�~��*��{I�=�g�o��/����K�g�ϝ���_�4Q�'�=�;��������/�Q��e�>v���¬�G��p�p�V�ϲ��;����G�}�����ߥ�
�E�}��ñ�QE}1�Et>�m|M�"�I����7�$cf$�Gj���ox�d��uf�P��.�F9��3��i��J-�M�>����j3�l���ˮD�Kۜ�y�8�V^���[!!�|�d<�o����q�|g�h���EuO���1���s��*T����X��xĐk���[��r��Șp'��{�fg=EuO���1���s��*T����X���Ķ���\�[����>d^�N�1���E�Y��v�I��m/n�boe�q!uUE��#$��Z~��|G�>�p�$��Jm|�3*�P��8=9���c�����NO����e�O�������̗3;C�ƒ`K(���r	</lt5CJҴ�?uc��sy����S���A�g�Tb�������+U�e�+f
k�6"�:V���r#�.r*��×:�����g��}@�:���"/��x돘W�F�I;(����¢�^�7�}�;������u�*���u�2��/� ,�8�r@���]���5�ɢ�����R[kB�`p˝��s�ҋ
�z��76�-,3(�����'�}z�{�NW��C��Em7��䶚��V(s���u g$}+�P�~%a�)l�8��?�b�V��ơ�ji�;��s�X%�C$o���W��:Wuo%����.٠���}I~`�Ӵ��4u?o�4�z]���6�����@�����$
����/��m_��E��&��G���4�ʮ@F@�����M;!�Y��ş����k:n��>�&�E��\L�#)P��ʺM#Q�����:���ze�tZ�ڮVuT��n�F�[ ��ȯ��8�Χ�������	>�#���Uy�-�iO��N[�'8�ֺ�	�zM���Aq�YC�(uO�y�
�gV�7�����3ڼ��9Ü�|=�,�`��B;�@ؕW������Rs��kFOǣ��ln���M�kMn��d°*w���p�kMԮ�B�	���N��
i�3�={�9����}�����R�ǯ��j6э���dzobG����kS���>���or������j����֥.��^Kwy(����u��V��ނ�����CW�to�z�J�m.�t�˛���e�W̔�!*xe�p?Z��t��4�I�-/m�Z��G��dUi%����� �z��Շ���w���lm���ӆ��D�]S[�����-��fcD16�d��"�[z���6�">��x*K�i��u�Ot�q�x���$���a�#�Py5�Ex�2��R����zk�ѝ����?xn���+�-�X��h���b�� ��3��s��6��ۼ��Zv�}<��a�������"�P�w��VR�s&�t鯕�e�=�w���,/�1�����/|ke��$_�1�Two�������pwv������<�X�\�m�(����c�|�(��`�Uibc�JWn�Uk�is|iԵ��W����[��LQF-T����[>��q;���bKh�'��*��|K���[����oN�-�I��SƖ�<��>�ko�����G"�e�lH���z��[����K�E�1�˩nv����f��_B�s�\�QEI!EPEPEPEP��;�������o^Oq�H�ɹDD�s�X��u������\���&&}��:ʷt-+Q��yn�.��1�4,���2G^c���jta_�t4QE|��AEPEPEP�QE�'ʅQ@Q@Q@Q@Q@���b����g���_��������M�1�c���]����]����͊����S���+�Ϫ
(��
(��
(��<�(��>T(��(��(��(��(���������?�=u�*��\_���-\��o���������./��?��lW�o����}Q_>}PQEQEQE�QE}I�EPEPEPEPEP��&���������W�������Aj�~�_������x��Aq�a���sb�� �����袊��ꂊ(��(��(�8��+�O�?��, ����JFIF��C		
 $.' ",#(7),01444'9=82<.342��C			2!!22222222222222222222222222222222222222222222222222����"��	
���}!1AQa"q2���#B��R��$3br�	
%&'()*456789:CDEFGHIJSTUVWXYZcdefghijstuvwxyz���������������������������������������������������������������������������	
���w!1AQaq"2�B����	#3R�br�
$4�%�&'()*56789:CDEFGHIJSTUVWXYZcdefghijstuvwxyz��������������������������������������������������������������������������?���+�̂�(��(��(��(��U����4�5��|����I�6&e������s��Es{y�������Q�Y����Ѣ�o �fw�f���(�,���Eh�G��s3;�s�ǉ�����*������T*�J�jWeJ(��
(��
(��
(��
(��
(��
���>S��UMk�)��*��,OcF�(�!�"F2�:e�)�j�����b�j�����#X���7��0���ӻZ[��J�.�:_�[��x��Gڭ��_�خj���Ԫ���ȏ�>�K������*���Ͳ��z0�J)ǃ(E�ڿ�b�h���}:<�����gQ[�4����_Z}�:(���
(��
(��
(��
(��
���>S��UMk�)��*��,OcF�(�#?W��D����ŭ�_�=���k�T�/��Vq��(��2
(��
(��4譟
�0k�%�Ӯ^D�m��"#0�AG�X�-�/�SD�ŕ�����DRRFB�6;s�_�Ɣ���^�o�E������Q��q���3����ݸU���,�(�c9�����iW��GJ�^��|�A�8'�2:����\�}=O_�{^����d\~/����ߋ�?�]�x[[U���.$8\O�3��Q>��ǩG�=�R�dB��	�v=�,�/{?�_U���NO�"���~g�(�ȸ��_��
�[��ڬlt�q!����?�]S���IjVq�iu�GRp
O����U���NO�"���~g�(�ȸ��_��
ގ����JktK+H�����=��b��ܖͼ���`U`���	��✲\Sn�o���M�9_싏�����!��Ur��z��hZe����A=�1�D��AK�����f�OA��I.�"��P��K�p��Փʲ��u��~�}_v��JeU����8�+���z�Ř���F����G������KF����g�����:���"g�r?����+���\-,<���I���'Jܩ��;W��D����Ů��zM�����ZȗM"�ų�1���TԼ�#N�}��$6��\���8�r@�־��gy|a7f��g�Z-��tV�x3�2h몦�#Y4~h�]I+�;�J];�^!լ໱�Zky�� i�s��>�{W�<M�sZi��˒]�
+�o��-'�}"u��ab��ԁ����~�aR��N݄���(��?�z-b^^�K�J��8���I"�X�'q<�OQҹ	�{{�`�m�7_FRA�����]��o滢�NP��|yk�������khĥ��"-�$�*��P�>���b��Z��&��#��+���Tcf���U3����5mR�K�MbmR_�˲?ޤ��~�Oҵ���/�@��XOogc�<`�_3gT���q�XW��uʥh����i᮹S���:Lֶ�
�K���Wm<HZ]��4����rĩl�g�u:N��i��`7�v�Y�j/:U^=��~Q��O�bQNX��v�yX5��kt��m��$�)ޮ�x���e�i%_7��R���j�:���y��l%�Keiz�[D�(�hv�G@F�?�R���i:�m)�d��	S���7���y~
�����u�ibǊ�����훇����r��m������f��]��U���r�7�<�����}qyyq{{q�I<�wm^����MKW���M�����"��q�Rݗ��l,�W��i���ݶ�=���m*Ȩd��hH<2��T����i�6�k{o����F��dTi$���X�=�Vt�*/�oǷ�Dp�-;�t��a.����{&�P����7��
�b���6�+>��x(X_x��ݮu��Un�K����K2�2n�¨=j�u���^NkB8<4�-o�m�����
�7$_���GӼQ�h���h�����n���qP��x�^+��4+K������L��g�>H&g��m�s"�\��8j}_�=���k����,k�F�Z�蟟_3­WW����<Skqo{�M4È�D������̐�g<������P����~�[��k��YAd1<�u��O�+2��)d�Nw;�}W����,Kq��B�Z�%��y�K�Z>�	�V��A���o-�z�ךiĶ�hI�0�'�*�ׅ���O���n���J�{�;��?s���gu�M>�x.���ȹF��<e�1�G��
K������3���rc=S̑���RQF�g��t����N�2��:(��#=#���+��B�(��(��(��(��]��պ�u���^��Tqf�25��O��?��Z�����?��F�k��/��V|��(���c ��(��(N�(��O\�h���D�P��(��(��(��(��_�G��n�]��׃ğ�/�Y��L�_�=���k����O��?��Z�xK�E�՟+_�
(����(��(��Ӣ�+�S�:�(��Q>�(��(��(��(��+/R�x�T)��kR�u��O��5���<O�8���3��XX(����u]�Rр'=���'����J�E�-_S�|�!�S��?�ߕ\��oʾ��4�}�Ǖ�E;˓���Q���������_zW�m�.O�7�G�'���4�}�9_cF�(��X��׷�俐�?����/�?Ʊh�g�{�}�_׫_���ܗ��G����%����-oc;��>�X��׷�俐�?����/�?Ʊh��{�}���������%������o��!�5�E������V6�����/�?Ə�{�K��Z(���w_p}z����o��!�5�}r�S��`�����Es�s\F&���ս���R<�
(���(��(��(����, ����JFIF��C		
 $.' ",#(7),01444'9=82<.342��C			2!!22222222222222222222222222222222222222222222222222����"��	
���}!1AQa"q2���#B��R��$3br�	
%&'()*456789:CDEFGHIJSTUVWXYZcdefghijstuvwxyz���������������������������������������������������������������������������	
���w!1AQaq"2�B����	#3R�br�
$4�%�&'()*56789:CDEFGHIJSTUVWXYZcdefghijstuvwxyz��������������������������������������������������������������������������?樢���(��(��(��(��(��(��(��(��(��(��(�x|1�\A�Y�E��A�FGz�"z����T��g>���(����b�[_�������S�k.��{���M�&7.A�Fz�cI�KtT*ӛ�d�̆�(�4
(��
(��
(��
(��
(��
(��
(��
(��=kG��%��{G����T��X״����G�G���ߨW�x��Fk�������^,�������-a����e_�~��1h���>�(��(��4m�Q�y�yU��p���{�U�F�y籥*R�.X�tV泣[��i4/+1�.�1�{jâ�h֏<6
��N\��(����(��(��(��(�����@�����*�3���we�A!`�l�+ׄ�3G�,|A���:���Ʋ[���V@�#�[�\��@W��#'��WFSnK�&�2�g��ן��k�ç�✺,r�aM�i,T�X��}+����K�Ė���Qm�@d��<�1��ӆ�μ�8�|�i������7��!c�O�����+����=rb&K[�ԴQ�\0���ހ��޺1�����dHX��c��#���8�&�o���[K�(�ȟ2���4ы]?�.����Y��62��p0=k�������Soi�<�ꪋ��3�A�hxoJ�Z���S �Ky�Ft�������1xr7cZ5�����wV���3�#	A�8'>��WU�_X����y�K�����FK(���r	轱��M������\���ii�U$�w-���TХ=>[肵m>fe�]^�,֢�=)�Dd12G��MO����sie<�����h�Dؐ���?� ��VʤI5��f-��s@�38'=���a�����
�_��,�l�.;&�$�c��w�mj���76-9�u�'<�������|�vM����Y\���a�����
?�a�����
�G�5�c��b��n��b��\g4���/ �k{�ɒ�$@88=O*�)��z�;S�9����'�?���'�?ºF�\6�*�w�@#H�Jǥ,N&?hj0{��a�����
?�a�����
��N�WZO�6�ur��Mi�x$uܨ�;��^��+�����n��YI~WR�*���L}��G�xZ�;6��x��+@�K+�TQ$����k~�慦[��e���[E����S�"(]��H�q���������E]��tܵN���(�V̛8Q<9�K��6Zm�:����i�,`̓s�A����6�~Ox2�r�[k[mE���UX��[$m��x8ȭ��/��y�����O�:=?��
�ګ��������K�`�_�������6�nY�n9��������{VҬuO�.�en�V���W�T@��a|��q�{WErX�9�%�0|/��[Պ�Tk�l�,�7�R��oj�mr&���&�O��巍��S4{C(�A]�g�q\�Oe{s�]�wg1��#��
	S�g����|i�����Zt��j�?�rm�m�������Я������a�Y���?�j���Wڄچ�y5���4��E@�i�ce�����n��X�Z��ݮ�ys};�̲*y��D%O�n�S�fWN�4�B���N�]܏k2Ȫ�˶%I�0��k���¿����٫�3��mWv*�?y����6����|d�_U��^F@u��-��mՔI�|oe����!s�\\��F�K���,��ʰݑ�Pz��W��I%(�6�m4��a�ٓ�����)���g��M�m%����f��J"�����XM��gH�4}b�Q��-�S��O1N��Po;�+Z��y�:qqӦ���}JTm��h/�9���;���}�Yd��&��,<����<�$ֺ��<e<��I�=��@�d�"7e����>��[���z����U��W8�(�Kh�6��Qä�rKMKK��.��M�Z����Bݼ�b�1j��6p�{6}��tV/���Ė6��Os�U�+j؇UY��5�ICc����"�3���_���Ya���F?hޑ�lH���S\����$ד�b���k���O2F}��n�OEq�6���S�w��h�����h��Wj��� K����Av��?
>���B��ş�3^�?��M�2�g��ן��kW��OC*�3��Q�EW�EPE�zo���?��"��K�6�c���	;^�WE�_�{������r��,�Ɂ����Da1�ֲ�-���GEW���QEU{�F�tA�>��J�x}kZ
�b��3v�g����Y?�G�7�����5�4W�������Q�/���o>o��'��h������F�&�?�������_��wG��%��{G����T��X״�����O���y��?�f����^�^e����?�����z��U�g����(���(��M��]��qO�W�W������)������L�s/�%��^�%G/j����]S���#�.�y���dtQE~n}HQER��ZJU���[a��U��W�~��QE~�|`QE���}b���lq�ER0;S��,�����!'�V-��I�gѼ=�܍��K5�����I��ww=���ܾ���g��h��'�*���1K�QEI�QEWw��I�ګ]���� �޸J+ZU]7t�|FVI7k���c�?����Ɣ\�q��h���c���^wZ�.�����#y�q��>�޹sj�19Ҍnݿ4F5T���X����+�������+����|g�v+��sǹ�Eb��Oe�<�?��4�Oe�<�?��4gb���<{�TnT�ق��I8V/�$�_������Q]x��{I�X��Tc$cִ���F�d��h�J.-\��ұ���o����G�����������+��K��f���C�ұ���o����G�����������(���l?�(���= ��(��(��(��(��(��(��(��(��(��(��, ����JFIF��C		
 $.' ",#(7),01444'9=82<.342��C			2!!22222222222222222222222222222222222222222222222222����"��	
���}!1AQa"q2���#B��R��$3br�	
%&'()*456789:CDEFGHIJSTUVWXYZcdefghijstuvwxyz���������������������������������������������������������������������������	
���w!1AQaq"2�B����	#3R�br�
$4�%�&'()*56789:CDEFGHIJSTUVWXYZcdefghijstuvwxyz��������������������������������������������������������������������������?�j(����(��(��(��(��(��(��(��(��(��(��(��(��(��(��(���Ös��3I8i#V 0�HϥK����������+�a*�qs#�����E�������G�"�_�����_��uC����/e�=n?��
?���������S���讳�{/��q�}/�Q����������(��P�G'Eu�����[����E�������G��29:+���^��z��K��/e�=n?��
>�T9���Z�ޗ��y-#y������޲k	��\�kP��*(��(��(�����Z���B��m?�A����?��5���FAEUQEQEQEQE����]?��-s��)��j��do��~v\g�B=?�M�|��+��y�ޫ���dy�}�Ɲ[�Э|M��"�I���2ohH6��0H#��կ���
�D�e��͎�0�F]V8�s62tg�'�׻��ѡJ�{��D�J�Wm�9���&�ПD�mt�5��Z�x�,��"p��m�r<�U�/	�z�҅����q�r7��YոǾ3�5�Mg5oU�����Y��WT��c@���r*H?�r��,Ui��H5�}]1�Q�R��dL8����=�3���t��3�����m��m���RA�h���b�O�_�j��sin��C\,fT��z�;��zO��{T�ނ�稫�ZU�i{wm{{(���U8$���Mi�;C����]�̲�m)���̪YCd����ޮ�"�8�M�:�t��kA���	o��U���+���"iv���{z�[/�WXo1乼���U�S�.��Ix�|��h�8�T���:J�V��n��:l�]����.rR��n�S��7zu��7���gE`8�E����az��S�Q����ޞ�`�Wot��:�X�Z��clx�[=1���Z��Ƶ���������' �H֞ڞ���mw�"��_
�o��Il�
y��.v���J[
kz��76v,(�����'�}zԼE���5�����k��&X����1ԁ���+�!?����7�Z�֯�g�Ѭ��>��Z��
�e���)]AH�w�O̿w�¼���Z�������	)�NI}�PkƩ��V��W4�^�i�t˻�mm���<�s��<HsCѴ^�jڿ�t��`�4V�<��I�NUx(��Ҹd���:��8
��ƥ:���+��]����r���X�Y������Λ�jO�I��7�,��T>:���HԼ=�k�����u������U#.7d���@'��^=E:�4}�*Z��ח�{�'���=�,�`�jB;�@ؕW������Rs��k��]�5��"�S�^e¯�ոM�?(=����*��L���$�kۧh��7�s�?����ᗌmHG}����[�ҟ7���NqۭiI�X�}��͍�2^i�mi��@]̘V�C.�3�8��iڍޑ�Ca1���9��q���;�o&���m�v��h�������s��l<7�.��J��w���F6�.1�齉�W!�O���f��-��;����~Y�����jR�:��w��Y08^�Ukl�*8yB����t�����އ���v���K�-.�˫����U�S̔�hJ�b���ͧ-ޗ�iZ���]�H��,��$�bRT�2�#޳h��X�(K��w~}����Mr��W�X���-���ڵ�؈��Զq����w�2���$���_��V�6��F�Ie���vGʠ�k��9Dbی�����Ki�-&������P�ѭ�����戼�6*���>�W;{��zU��|G�jW��V�z��/U��q��L���_�Ԕ���}@;�>���o�m�#��e����i"������̐������pW7v����]G4�Y\��l$Q��#w^��'��+:yR��ܯ��^���[m�is|k�u��W��!n�u1E�R�8yl��5���[D�f$�m$��E]��p�5A��K~-��oXM
�Ɩ�2��&�in��{=��E���5ؑ���9���Q�mSU��Z3����a��[�kk������k��.���i;���.(P�
]�ڛEuC��Tc6��Z��Q��Sh�����;g÷�j7�jmhb����a�ϵϵ6�?�1?���Ǳ������3I0i#V 0�HϥM�ݟ������W���Z���B�׳EW�r���+2��(��(��(��(�o������k���������k���g�t4��EW8(��(��(��O��e��qO�*�V���k�\S�
�^�>dQEPQ@Q@Q@Q@ߊ�������9]��������9^6/����i��(�q�Q@Q@Q@Q@Q@�������/���[�_������?�#�l��z�o�����繯������Q�X������QEQ�Q@��E;_��O�%x�{W������?�\����?���g���QE��Q@Q@Q@Q@Q@Q@�������/���[�_�������6�u���f����8�q��^���^��?�~�)��[|�Fs�9�>��[_��iɧ]vK�>{�����?�-���EW	�QEy�������?�\���_��S������rW���d���՞��aEW�n��] (Thread[vert.x-eventloop-thread-2,6,main])
26017 ms. Memory: 2058240K Free: 664481K (32%)
Exported /home/travis/build/icyphy/ptII/ptolemy/actor/lib/jjs/modules/cameras/demo/CameraWebSocket/CameraWebSocket/index.html
33055 ms. Memory: 2058240K Free: 635531K (31%)
####### 19 Wed Aug 29 02:22:54 UTC 2018 $PTII/bin/ptinvoke ptolemy.vergil.basic.export.ExportModel -force htm -run -openComposites -timeOut 30000 -whiteBackground ptolemy/actor/lib/jjs/modules/cameras/demo/Foscam/Foscam.xml $PTII/ptolemy/actor/lib/jjs/modules/cameras/demo/Foscam/Foscam
----------------- Wed Aug 29 02:22:54 UTC 2018 About to sleep for 5.0 seconds before running or rerunning.  Test is: /home/travis/build/icyphy/ptII/ptolemy/actor/lib/jjs/modules/cameras/demo/Foscam/Foscam.xml
Done sleeping
Running .Foscam
Foscam2: snapshot.cgi?user=admin&pwd=&undefined= (Thread[AWT-EventQueue-0,6,main])
Foscam2: Making an HTTP request. (Thread[AWT-EventQueue-0,6,main])
ExportHTMLTimer went off after 30000 ms., calling getDirector().finish and getDirector().stopFire()
Foscam2: undefined.cgi?user=admin&pwd=&undefined= (Thread[AWT-EventQueue-0,6,main])
Foscam2: Making an HTTP request. (Thread[AWT-EventQueue-0,6,main])
30016 ms. Memory: 2023936K Free: 1562731K (77%)
Exported /home/travis/build/icyphy/ptII/ptolemy/actor/lib/jjs/modules/cameras/demo/Foscam/Foscam/index.html
35171 ms. Memory: 2023936K Free: 1529323K (76%)
####### 20 Wed Aug 29 02:23:34 UTC 2018 $PTII/bin/ptinvoke ptolemy.vergil.basic.export.ExportModel -force htm -run -openComposites -timeOut 30000 -whiteBackground ptolemy/actor/lib/jjs/modules/computerVision/demo/ComputerVision/ComputerVision.xml $PTII/ptolemy/actor/lib/jjs/modules/computerVision/demo/ComputerVision/ComputerVision
----------------- Wed Aug 29 02:23:34 UTC 2018 About to sleep for 5.0 seconds before running or rerunning.  Test is: /home/travis/build/icyphy/ptII/ptolemy/actor/lib/jjs/modules/computerVision/demo/ComputerVision/ComputerVision.xml
Done sleeping
Running .ComputerVision
Manager.initialize() finished: 14543 ms. Memory: 2125824K Free: 1187782K (56%)
16988 ms. Memory: 2125824K Free: 917390K (43%)
Exported /home/travis/build/icyphy/ptII/ptolemy/actor/lib/jjs/modules/computerVision/demo/ComputerVision/ComputerVision/index.html
29526 ms. Memory: 2125824K Free: 868653K (41%)
####### 21 Wed Aug 29 02:24:09 UTC 2018 $PTII/bin/ptinvoke ptolemy.vergil.basic.export.ExportModel -force htm  -openComposites -timeOut 30000 -whiteBackground ptolemy/actor/lib/jjs/modules/contextAware/demo/ContextAware/ContextAware.xml $PTII/ptolemy/actor/lib/jjs/modules/contextAware/demo/ContextAware/ContextAware
Warning: not running ptolemy/actor/lib/jjs/modules/contextAware/demo/ContextAware/ContextAware.xml. See ptolemy/vergil/basic/export/test/junit/ExportModelJUnitTest.java
----------------- Wed Aug 29 02:24:09 UTC 2018 About to sleep for 5.0 seconds before running or rerunning.  Test is: /home/travis/build/icyphy/ptII/ptolemy/actor/lib/jjs/modules/contextAware/demo/ContextAware/ContextAware.xml
Done sleeping
Exported /home/travis/build/icyphy/ptII/ptolemy/actor/lib/jjs/modules/contextAware/demo/ContextAware/ContextAware/index.html
4067 ms. Memory: 2121216K Free: 1740099K (82%)
####### 22 Wed Aug 29 02:24:18 UTC 2018 $PTII/bin/ptinvoke ptolemy.vergil.basic.export.ExportModel -force htm -run -openComposites -timeOut 30000 -whiteBackground ptolemy/actor/lib/jjs/modules/crypto/demo/AsymmetricEncrypt/AsymmetricEncrypt.xml $PTII/ptolemy/actor/lib/jjs/modules/crypto/demo/AsymmetricEncrypt/AsymmetricEncrypt
----------------- Wed Aug 29 02:24:18 UTC 2018 About to sleep for 5.0 seconds before running or rerunning.  Test is: /home/travis/build/icyphy/ptII/ptolemy/actor/lib/jjs/modules/crypto/demo/AsymmetricEncrypt/AsymmetricEncrypt.xml
Done sleeping
Running .AsymmetricEncrypt
Manager.initialize() finished: 10158 ms. Memory: 2121728K Free: 926897K (44%)
RandomBytes: [ 106 ] (Thread[AWT-EventQueue-0,6,main])
EncryptWithHash: ### it is a string: hello world! (Thread[AWT-EventQueue-0,6,main])
RandomBytes: [ -106, 91 ] (Thread[AWT-EventQueue-0,6,main])
EncryptWithHash: ### it is a string: bye world! (Thread[AWT-EventQueue-0,6,main])
RandomBytes: [ -97, -84, 55 ] (Thread[AWT-EventQueue-0,6,main])
RandomBytes: [ -111, 103, -52, -68 ] (Thread[AWT-EventQueue-0,6,main])
13240 ms. Memory: 2121728K Free: 827938K (39%)
Exported /home/travis/build/icyphy/ptII/ptolemy/actor/lib/jjs/modules/crypto/demo/AsymmetricEncrypt/AsymmetricEncrypt/index.html
23802 ms. Memory: 2121728K Free: 701035K (33%)
####### 23 Wed Aug 29 02:24:47 UTC 2018 $PTII/bin/ptinvoke ptolemy.vergil.basic.export.ExportModel -force htm -run -openComposites -timeOut 30000 -whiteBackground ptolemy/actor/lib/jjs/modules/crypto/demo/MessageDigest/MessageDigest.xml $PTII/ptolemy/actor/lib/jjs/modules/crypto/demo/MessageDigest/MessageDigest
----------------- Wed Aug 29 02:24:47 UTC 2018 About to sleep for 5.0 seconds before running or rerunning.  Test is: /home/travis/build/icyphy/ptII/ptolemy/actor/lib/jjs/modules/crypto/demo/MessageDigest/MessageDigest.xml
Done sleeping
Running .MessageDigest
RandomBytes: [ -58 ] (Thread[AWT-EventQueue-0,6,main])
EncryptWithHash: ### it is a string: hello world! (Thread[AWT-EventQueue-0,6,main])
EncryptWithHash: [ 104,
  101,
  108,
  108,
  111,
  32,
  119,
  111,
  114,
  108,
  100,
  33,
  117,
  9,
  -27,
  -67,
  -96,
  -57,
  98,
  -46,
  -70,
  -57,
  -7,
  13,
  117,
  -117,
  91,
  34,
  99,
  -6,
  1,
  -52,
  -68,
  84,
  42,
  -75,
  -29,
  -33,
  22,
  59,
  -32,
  -114,
  108,
  -87 ] (Thread[AWT-EventQueue-0,6,main])
DecryptWithHash: [ 104, 101, 108, 108, 111, 32, 119, 111, 114, 108, 100, 33 ] (Thread[AWT-EventQueue-0,6,main])
DecryptWithHash: [ 117,
  9,
  -27,
  -67,
  -96,
  -57,
  98,
  -46,
  -70,
  -57,
  -7,
  13,
  117,
  -117,
  91,
  34,
  99,
  -6,
  1,
  -52,
  -68,
  84,
  42,
  -75,
  -29,
  -33,
  22,
  59,
  -32,
  -114,
  108,
  -87 ] (Thread[AWT-EventQueue-0,6,main])
DecryptWithHash: [ 117,
  9,
  -27,
  -67,
  -96,
  -57,
  98,
  -46,
  -70,
  -57,
  -7,
  13,
  117,
  -117,
  91,
  34,
  99,
  -6,
  1,
  -52,
  -68,
  84,
  42,
  -75,
  -29,
  -33,
  22,
  59,
  -32,
  -114,
  108,
  -87 ] (Thread[AWT-EventQueue-0,6,main])
RandomBytes: [ 54, 5 ] (Thread[AWT-EventQueue-0,6,main])
EncryptWithHash: ### it is a string: bye world! (Thread[AWT-EventQueue-0,6,main])
EncryptWithHash: [ 98,
  121,
  101,
  32,
  119,
  111,
  114,
  108,
  100,
  33,
  87,
  -40,
  61,
  -97,
  47,
  -93,
  111,
  -126,
  41,
  -41,
  5,
  71,
  -116,
  -126,
  88,
  -110,
  -25,
  18,
  9,
  123,
  68,
  24,
  11,
  -64,
  -67,
  36,
  -65,
  21,
  -14,
  -69,
  -122,
  53 ] (Thread[AWT-EventQueue-0,6,main])
DecryptWithHash: [ 98, 121, 101, 32, 119, 111, 114, 108, 100, 33 ] (Thread[AWT-EventQueue-0,6,main])
DecryptWithHash: [ 87,
  -40,
  61,
  -97,
  47,
  -93,
  111,
  -126,
  41,
  -41,
  5,
  71,
  -116,
  -126,
  88,
  -110,
  -25,
  18,
  9,
  123,
  68,
  24,
  11,
  -64,
  -67,
  36,
  -65,
  21,
  -14,
  -69,
  -122,
  53 ] (Thread[AWT-EventQueue-0,6,main])
DecryptWithHash: [ 87,
  -40,
  61,
  -97,
  47,
  -93,
  111,
  -126,
  41,
  -41,
  5,
  71,
  -116,
  -126,
  88,
  -110,
  -25,
  18,
  9,
  123,
  68,
  24,
  11,
  -64,
  -67,
  36,
  -65,
  21,
  -14,
  -69,
  -122,
  53 ] (Thread[AWT-EventQueue-0,6,main])
RandomBytes: [ 78, 70, 110 ] (Thread[AWT-EventQueue-0,6,main])
RandomBytes: [ -35, 100, -94, 28 ] (Thread[AWT-EventQueue-0,6,main])
9204 ms. Memory: 2161664K Free: 1614576K (75%)
Exported /home/travis/build/icyphy/ptII/ptolemy/actor/lib/jjs/modules/crypto/demo/MessageDigest/MessageDigest/index.html
17224 ms. Memory: 2161664K Free: 1533469K (71%)
####### 24 Wed Aug 29 02:25:09 UTC 2018 $PTII/bin/ptinvoke ptolemy.vergil.basic.export.ExportModel -force htm -run -openComposites -timeOut 30000 -whiteBackground ptolemy/actor/lib/jjs/modules/crypto/demo/RandomBytes/RandomBytes.xml $PTII/ptolemy/actor/lib/jjs/modules/crypto/demo/RandomBytes/RandomBytes
----------------- Wed Aug 29 02:25:09 UTC 2018 About to sleep for 5.0 seconds before running or rerunning.  Test is: /home/travis/build/icyphy/ptII/ptolemy/actor/lib/jjs/modules/crypto/demo/RandomBytes/RandomBytes.xml
Done sleeping
Running .RandomBytes
RandomBytes: [ -82 ] (Thread[AWT-EventQueue-0,6,main])
RandomBytes: [ -47, 94 ] (Thread[AWT-EventQueue-0,6,main])
RandomBytes: [ 122, 104, 73 ] (Thread[AWT-EventQueue-0,6,main])
RandomBytes: [ 63, 100, 37, 86 ] (Thread[AWT-EventQueue-0,6,main])
4005 ms. Memory: 2161664K Free: 1086447K (50%)
Exported /home/travis/build/icyphy/ptII/ptolemy/actor/lib/jjs/modules/crypto/demo/RandomBytes/RandomBytes/index.html
8806 ms. Memory: 2161664K Free: 1057248K (49%)
####### 25 Wed Aug 29 02:25:23 UTC 2018 $PTII/bin/ptinvoke ptolemy.vergil.basic.export.ExportModel -force htm -run -openComposites -timeOut 30000 -whiteBackground ptolemy/actor/lib/jjs/modules/crypto/demo/SymmetricEncrypt/SymmetricEncrypt.xml $PTII/ptolemy/actor/lib/jjs/modules/crypto/demo/SymmetricEncrypt/SymmetricEncrypt
----------------- Wed Aug 29 02:25:23 UTC 2018 About to sleep for 5.0 seconds before running or rerunning.  Test is: /home/travis/build/icyphy/ptII/ptolemy/actor/lib/jjs/modules/crypto/demo/SymmetricEncrypt/SymmetricEncrypt.xml
Done sleeping
Running .SymmetricEncrypt
RandomBytes: [ 55 ] (Thread[AWT-EventQueue-0,6,main])
RandomBytes: [ 43, -110 ] (Thread[AWT-EventQueue-0,6,main])
RandomBytes: [ -58, -88, 101 ] (Thread[AWT-EventQueue-0,6,main])
RandomBytes: [ 10, 39, -80, 96 ] (Thread[AWT-EventQueue-0,6,main])
6624 ms. Memory: 2185728K Free: 1189186K (54%)
Exported /home/travis/build/icyphy/ptII/ptolemy/actor/lib/jjs/modules/crypto/demo/SymmetricEncrypt/SymmetricEncrypt/index.html
12509 ms. Memory: 2185728K Free: 1133081K (52%)
####### 26 Wed Aug 29 02:25:40 UTC 2018 $PTII/bin/ptinvoke ptolemy.vergil.basic.export.ExportModel -force htm  -openComposites -timeOut 30000 -whiteBackground ptolemy/actor/lib/jjs/modules/discovery/demo/Discovery/Discovery.xml $PTII/ptolemy/actor/lib/jjs/modules/discovery/demo/Discovery/Discovery
Warning: not running ptolemy/actor/lib/jjs/modules/discovery/demo/Discovery/Discovery.xml. See ptolemy/vergil/basic/export/test/junit/ExportModelJUnitTest.java
----------------- Wed Aug 29 02:25:40 UTC 2018 About to sleep for 5.0 seconds before running or rerunning.  Test is: /home/travis/build/icyphy/ptII/ptolemy/actor/lib/jjs/modules/discovery/demo/Discovery/Discovery.xml
Done sleeping
Exported /home/travis/build/icyphy/ptII/ptolemy/actor/lib/jjs/modules/discovery/demo/Discovery/Discovery/index.html
3213 ms. Memory: 2185728K Free: 961039K (44%)
####### 27 Wed Aug 29 02:25:48 UTC 2018 $PTII/bin/ptinvoke ptolemy.vergil.basic.export.ExportModel -force htm -run -openComposites -timeOut 30000 -whiteBackground ptolemy/actor/lib/jjs/modules/discovery/demo/Discovery/DiscoveryJS.xml $PTII/ptolemy/actor/lib/jjs/modules/discovery/demo/Discovery/DiscoveryJS
----------------- Wed Aug 29 02:25:48 UTC 2018 About to sleep for 5.0 seconds before running or rerunning.  Test is: /home/travis/build/icyphy/ptII/ptolemy/actor/lib/jjs/modules/discovery/demo/Discovery/DiscoveryJS.xml
Done sleeping
Running .DiscoveryJS
6915 ms. Memory: 2179584K Free: 663149K (30%)
Exported /home/travis/build/icyphy/ptII/ptolemy/actor/lib/jjs/modules/discovery/demo/Discovery/DiscoveryJS/index.html
12286 ms. Memory: 2179584K Free: 633557K (29%)
####### 28 Wed Aug 29 02:26:06 UTC 2018 $PTII/bin/ptinvoke ptolemy.vergil.basic.export.ExportModel -force htm -run -openComposites -timeOut 30000 -whiteBackground ptolemy/actor/lib/jjs/modules/discovery/demo/Discovery/PopulateSwarmboxMap.xml $PTII/ptolemy/actor/lib/jjs/modules/discovery/demo/Discovery/PopulateSwarmboxMap
----------------- Wed Aug 29 02:26:06 UTC 2018 About to sleep for 5.0 seconds before running or rerunning.  Test is: /home/travis/build/icyphy/ptII/ptolemy/actor/lib/jjs/modules/discovery/demo/Discovery/PopulateSwarmboxMap.xml
Done sleeping
Running .PopulateSwarmboxMap
Manager.initialize() finished: 10477 ms. Memory: 2198016K Free: 1303059K (59%)
REST: Making an HTTP request. (Thread[AWT-EventQueue-0,6,main])
20558 ms. Memory: 2198016K Free: 1265938K (58%)
Exported /home/travis/build/icyphy/ptII/ptolemy/actor/lib/jjs/modules/discovery/demo/Discovery/PopulateSwarmboxMap/index.html
31851 ms. Memory: 2198016K Free: 1161531K (53%)
####### 29 Wed Aug 29 02:26:43 UTC 2018 $PTII/bin/ptinvoke ptolemy.vergil.basic.export.ExportModel -force htm -run -openComposites -timeOut 30000 -whiteBackground ptolemy/actor/lib/jjs/modules/discovery/demo/Discovery/PostSwarmboxDevices.xml $PTII/ptolemy/actor/lib/jjs/modules/discovery/demo/Discovery/PostSwarmboxDevices
----------------- Wed Aug 29 02:26:43 UTC 2018 About to sleep for 5.0 seconds before running or rerunning.  Test is: /home/travis/build/icyphy/ptII/ptolemy/actor/lib/jjs/modules/discovery/demo/Discovery/PostSwarmboxDevices.xml
Done sleeping
Running .PostSwarmboxDevices
REST: Making an HTTP request. (Thread[AWT-EventQueue-0,6,main])
ExportHTMLTimer went off after 30000 ms., calling getDirector().finish and getDirector().stopFire()
30028 ms. Memory: 2195968K Free: 860981K (39%)
Exported /home/travis/build/icyphy/ptII/ptolemy/actor/lib/jjs/modules/discovery/demo/Discovery/PostSwarmboxDevices/index.html
36052 ms. Memory: 2195968K Free: 834110K (38%)
####### 30 Wed Aug 29 02:27:24 UTC 2018 $PTII/bin/ptinvoke ptolemy.vergil.basic.export.ExportModel -force htm -run -openComposites -timeOut 30000 -whiteBackground ptolemy/actor/lib/jjs/modules/discovery/demo/Heartbeat/Heartbeat.xml $PTII/ptolemy/actor/lib/jjs/modules/discovery/demo/Heartbeat/Heartbeat
----------------- Wed Aug 29 02:27:24 UTC 2018 About to sleep for 5.0 seconds before running or rerunning.  Test is: /home/travis/build/icyphy/ptII/ptolemy/actor/lib/jjs/modules/discovery/demo/Heartbeat/Heartbeat.xml
Done sleeping
Running .Heartbeat
Heartbeat: HeartBeat: pingMothership (Thread[AWT-EventQueue-0,6,main])
Heartbeat: Making an HTTP request. (Thread[AWT-EventQueue-0,6,main])
Heartbeat: Request problem: Unable to check in with server: Error: Search domain query failed. Original hostname: 'terra.eecs.berkeley.edu' failed to resolve 'terra.eecs.berkeley.edu.google.internal' after 2 queries  (Thread[AWT-EventQueue-0,6,main])
Heartbeat: HeartBeat: pingMothership (Thread[AWT-EventQueue-0,6,main])
Heartbeat: Making an HTTP request. (Thread[AWT-EventQueue-0,6,main])
Heartbeat: Request problem: Unable to check in with server: Error: Search domain query failed. Original hostname: 'terra.eecs.berkeley.edu' failed to resolve 'terra.eecs.berkeley.edu.google.internal' after 2 queries  (Thread[AWT-EventQueue-0,6,main])
Heartbeat: HeartBeat: pingMothership (Thread[AWT-EventQueue-0,6,main])
Heartbeat: Making an HTTP request. (Thread[AWT-EventQueue-0,6,main])
Heartbeat: Request problem: Unable to check in with server: Error: Search domain query failed. Original hostname: 'terra.eecs.berkeley.edu' failed to resolve 'terra.eecs.berkeley.edu.google.internal' after 2 queries  (Thread[AWT-EventQueue-0,6,main])
Heartbeat: HeartBeat: pingMothership (Thread[AWT-EventQueue-0,6,main])
Heartbeat: Making an HTTP request. (Thread[AWT-EventQueue-0,6,main])
Heartbeat: Request problem: Unable to check in with server: Error: Search domain query failed. Original hostname: 'terra.eecs.berkeley.edu' failed to resolve 'terra.eecs.berkeley.edu.google.internal' after 2 queries  (Thread[AWT-EventQueue-0,6,main])
Heartbeat: HeartBeat: pingMothership (Thread[AWT-EventQueue-0,6,main])
Heartbeat: Making an HTTP request. (Thread[AWT-EventQueue-0,6,main])
Heartbeat: Request problem: Unable to check in with server: Error: Search domain query failed. Original hostname: 'terra.eecs.berkeley.edu' failed to resolve 'terra.eecs.berkeley.edu.google.internal' after 2 queries  (Thread[AWT-EventQueue-0,6,main])
Heartbeat: HeartBeat: pingMothership (Thread[AWT-EventQueue-0,6,main])
Heartbeat: Making an HTTP request. (Thread[AWT-EventQueue-0,6,main])
Heartbeat: Request problem: Unable to check in with server: Error: Search domain query failed. Original hostname: 'terra.eecs.berkeley.edu' failed to resolve 'terra.eecs.berkeley.edu.google.internal' after 2 queries  (Thread[AWT-EventQueue-0,6,main])
Heartbeat: HeartBeat: pingMothership (Thread[AWT-EventQueue-0,6,main])
Heartbeat: Making an HTTP request. (Thread[AWT-EventQueue-0,6,main])
Heartbeat: Request problem: Unable to check in with server: Error: Search domain query failed. Original hostname: 'terra.eecs.berkeley.edu' failed to resolve 'terra.eecs.berkeley.edu.google.internal' after 2 queries  (Thread[AWT-EventQueue-0,6,main])
Heartbeat: HeartBeat: pingMothership (Thread[AWT-EventQueue-0,6,main])
Heartbeat: Making an HTTP request. (Thread[AWT-EventQueue-0,6,main])
Heartbeat: Request problem: Unable to check in with server: Error: Search domain query failed. Original hostname: 'terra.eecs.berkeley.edu' failed to resolve 'terra.eecs.berkeley.edu.google.internal' after 2 queries  (Thread[AWT-EventQueue-0,6,main])
Heartbeat: HeartBeat: pingMothership (Thread[AWT-EventQueue-0,6,main])
Heartbeat: Making an HTTP request. (Thread[AWT-EventQueue-0,6,main])
Heartbeat: Request problem: Unable to check in with server: Error: Search domain query failed. Original hostname: 'terra.eecs.berkeley.edu' failed to resolve 'terra.eecs.berkeley.edu.google.internal' after 2 queries  (Thread[AWT-EventQueue-0,6,main])
Heartbeat: HeartBeat: pingMothership (Thread[AWT-EventQueue-0,6,main])
Heartbeat: Making an HTTP request. (Thread[AWT-EventQueue-0,6,main])
14326 ms. Memory: 2236416K Free: 1301836K (58%)
Exported /home/travis/build/icyphy/ptII/ptolemy/actor/lib/jjs/modules/discovery/demo/Heartbeat/Heartbeat/index.html
20207 ms. Memory: 2236416K Free: 1277594K (57%)
####### 31 Wed Aug 29 02:27:49 UTC 2018 $PTII/bin/ptinvoke ptolemy.vergil.basic.export.ExportModel -force htm  -openComposites -timeOut 30000 -whiteBackground ptolemy/actor/lib/jjs/modules/dsp/demo/AudioFFT/AudioFFT.xml $PTII/ptolemy/actor/lib/jjs/modules/dsp/demo/AudioFFT/AudioFFT
Warning: not running ptolemy/actor/lib/jjs/modules/dsp/demo/AudioFFT/AudioFFT.xml. See ptolemy/vergil/basic/export/test/junit/ExportModelJUnitTest.java
----------------- Wed Aug 29 02:27:49 UTC 2018 About to sleep for 5.0 seconds before running or rerunning.  Test is: /home/travis/build/icyphy/ptII/ptolemy/actor/lib/jjs/modules/dsp/demo/AudioFFT/AudioFFT.xml
Done sleeping
Exported /home/travis/build/icyphy/ptII/ptolemy/actor/lib/jjs/modules/dsp/demo/AudioFFT/AudioFFT/index.html
5068 ms. Memory: 2236416K Free: 769835K (34%)
####### 32 Wed Aug 29 02:27:59 UTC 2018 $PTII/bin/ptinvoke ptolemy.vergil.basic.export.ExportModel -force htm -run -openComposites -timeOut 30000 -whiteBackground ptolemy/actor/lib/jjs/modules/dsp/demo/AudioFFT/SinusoidFFT.xml $PTII/ptolemy/actor/lib/jjs/modules/dsp/demo/AudioFFT/SinusoidFFT
----------------- Wed Aug 29 02:27:59 UTC 2018 About to sleep for 5.0 seconds before running or rerunning.  Test is: /home/travis/build/icyphy/ptII/ptolemy/actor/lib/jjs/modules/dsp/demo/AudioFFT/SinusoidFFT.xml
Done sleeping
Running .SinusoidFFT
2302 ms. Memory: 2234368K Free: 1327461K (59%)
Exported /home/travis/build/icyphy/ptII/ptolemy/actor/lib/jjs/modules/dsp/demo/AudioFFT/SinusoidFFT/index.html
7805 ms. Memory: 2234368K Free: 1250103K (56%)
####### 33 Wed Aug 29 02:28:12 UTC 2018 $PTII/bin/ptinvoke ptolemy.vergil.basic.export.ExportModel -force htm -run -openComposites -timeOut 30000 -whiteBackground ptolemy/actor/lib/jjs/modules/eventbus/demo/VertxBus/VertxBus.xml $PTII/ptolemy/actor/lib/jjs/modules/eventbus/demo/VertxBus/VertxBus
----------------- Wed Aug 29 02:28:12 UTC 2018 About to sleep for 5.0 seconds before running or rerunning.  Test is: /home/travis/build/icyphy/ptII/ptolemy/actor/lib/jjs/modules/eventbus/demo/VertxBus/VertxBus.xml
Done sleeping
Running .VertxBus
12943 ms. Memory: 2246144K Free: 1750601K (78%)
Exported /home/travis/build/icyphy/ptII/ptolemy/actor/lib/jjs/modules/eventbus/demo/VertxBus/VertxBus/index.html
18403 ms. Memory: 2246144K Free: 1723645K (77%)
####### 34 Wed Aug 29 02:28:35 UTC 2018 $PTII/bin/ptinvoke ptolemy.vergil.basic.export.ExportModel -force htm -run -openComposites -timeOut 30000 -whiteBackground ptolemy/actor/lib/jjs/modules/eventbus/demo/VertxChat/VertxChat.xml $PTII/ptolemy/actor/lib/jjs/modules/eventbus/demo/VertxChat/VertxChat
----------------- Wed Aug 29 02:28:35 UTC 2018 About to sleep for 5.0 seconds before running or rerunning.  Test is: /home/travis/build/icyphy/ptII/ptolemy/actor/lib/jjs/modules/eventbus/demo/VertxChat/VertxChat.xml
Done sleeping
.VertxChat.ThreadedComposite.InteractiveShell invoked SwingUtilities.invokeAndWait()
Model ".VertxChat" contains actors such cannot be run  as part of the export process from ExportModel or it has a WebExportParameters value that runBeforeExport set to false. To export run this model and export it, use vergil.
Exported /home/travis/build/icyphy/ptII/ptolemy/actor/lib/jjs/modules/eventbus/demo/VertxChat/VertxChat/index.html
5167 ms. Memory: 2246144K Free: 1193836K (53%)
####### 35 Wed Aug 29 02:28:45 UTC 2018 $PTII/bin/ptinvoke ptolemy.vergil.basic.export.ExportModel -force htm -run -openComposites -timeOut 30000 -whiteBackground ptolemy/actor/lib/jjs/modules/faceDetector/demo/FaceDetector/FaceDetector.xml $PTII/ptolemy/actor/lib/jjs/modules/faceDetector/demo/FaceDetector/FaceDetector
[...]
[atomic-processor-1] INFO com.github.sarxos.webcam.ds.cgt.WebcamOpenTask - Opening webcam Dummy Webcam 0
[atomic-processor-1] INFO com.github.sarxos.webcam.ds.cgt.WebcamCloseTask - Closing Dummy Webcam 0
WARNING: REST: Model stopped before executing actions (e.g. producing outputs) scheduled for execution at times [5.465, 5.0]
HttpClientHelper.java: Received an error for request 0: io.netty.channel.AbstractChannel$AnnotatedConnectException: Connection refused: localhost/127.0.0.1:8077
io.netty.channel.AbstractChannel$AnnotatedConnectException: Connection refused: localhost/127.0.0.1:8077
	at sun.nio.ch.SocketChannelImpl.checkConnect(Native Method)
	at sun.nio.ch.SocketChannelImpl.finishConnect(SocketChannelImpl.java:717)
	at io.netty.channel.socket.nio.NioSocketChannel.doFinishConnect(NioSocketChannel.java:325)
	at io.netty.channel.nio.AbstractNioChannel$AbstractNioUnsafe.finishConnect(AbstractNioChannel.java:340)
	at io.netty.channel.nio.NioEventLoop.processSelectedKey(NioEventLoop.java:633)
	at io.netty.channel.nio.NioEventLoop.processSelectedKeysOptimized(NioEventLoop.java:580)
	at io.netty.channel.nio.NioEventLoop.processSelectedKeys(NioEventLoop.java:497)
	at io.netty.channel.nio.NioEventLoop.run(NioEventLoop.java:459)
	at io.netty.util.concurrent.SingleThreadEventExecutor$5.run(SingleThreadEventExecutor.java:886)
	at io.netty.util.concurrent.FastThreadLocalRunnable.run(FastThreadLocalRunnable.java:30)
	at java.lang.Thread.run(Thread.java:748)
Caused by: java.net.ConnectException: Connection refused
	... 11 more
HttpClientHelper.java: Received an error for request 1: io.netty.channel.AbstractChannel$AnnotatedConnectException: Connection refused: localhost/127.0.0.1:8077
io.netty.channel.AbstractChannel$AnnotatedConnectException: Connection refused: localhost/127.0.0.1:8077
	at sun.nio.ch.SocketChannelImpl.checkConnect(Native Method)
	at sun.nio.ch.SocketChannelImpl.finishConnect(SocketChannelImpl.java:717)
	at io.netty.channel.socket.nio.NioSocketChannel.doFinishConnect(NioSocketChannel.java:325)
	at io.netty.channel.nio.AbstractNioChannel$AbstractNioUnsafe.finishConnect(AbstractNioChannel.java:340)
	at io.netty.channel.nio.NioEventLoop.processSelectedKey(NioEventLoop.java:633)
	at io.netty.channel.nio.NioEventLoop.processSelectedKeysOptimized(NioEventLoop.java:580)
	at io.netty.channel.nio.NioEventLoop.processSelectedKeys(NioEventLoop.java:497)
	at io.netty.channel.nio.NioEventLoop.run(NioEventLoop.java:459)
	at io.netty.util.concurrent.SingleThreadEventExecutor$5.run(SingleThreadEventExecutor.java:886)
	at io.netty.util.concurrent.FastThreadLocalRunnable.run(FastThreadLocalRunnable.java:30)
	at java.lang.Thread.run(Thread.java:748)
Caused by: java.net.ConnectException: Connection refused
	... 11 more
HttpClientHelper.java: Received an error for request 2: io.netty.channel.AbstractChannel$AnnotatedConnectException: Connection refused: localhost/127.0.0.1:8077
io.netty.channel.AbstractChannel$AnnotatedConnectException: Connection refused: localhost/127.0.0.1:8077
	at sun.nio.ch.SocketChannelImpl.checkConnect(Native Method)
	at sun.nio.ch.SocketChannelImpl.finishConnect(SocketChannelImpl.java:717)
	at io.netty.channel.socket.nio.NioSocketChannel.doFinishConnect(NioSocketChannel.java:325)
	at io.netty.channel.nio.AbstractNioChannel$AbstractNioUnsafe.finishConnect(AbstractNioChannel.java:340)
	at io.netty.channel.nio.NioEventLoop.processSelectedKey(NioEventLoop.java:633)
	at io.netty.channel.nio.NioEventLoop.processSelectedKeysOptimized(NioEventLoop.java:580)
	at io.netty.channel.nio.NioEventLoop.processSelectedKeys(NioEventLoop.java:497)
	at io.netty.channel.nio.NioEventLoop.run(NioEventLoop.java:459)
	at io.netty.util.concurrent.SingleThreadEventExecutor$5.run(SingleThreadEventExecutor.java:886)
	at io.netty.util.concurrent.FastThreadLocalRunnable.run(FastThreadLocalRunnable.java:30)
	at java.lang.Thread.run(Thread.java:748)
Caused by: java.net.ConnectException: Connection refused
	... 11 more
HttpClientHelper.java: Received an error for request 3: io.netty.channel.AbstractChannel$AnnotatedConnectException: Connection refused: localhost/127.0.0.1:8077
io.netty.channel.AbstractChannel$AnnotatedConnectException: Connection refused: localhost/127.0.0.1:8077
	at sun.nio.ch.SocketChannelImpl.checkConnect(Native Method)
	at sun.nio.ch.SocketChannelImpl.finishConnect(SocketChannelImpl.java:717)
	at io.netty.channel.socket.nio.NioSocketChannel.doFinishConnect(NioSocketChannel.java:325)
	at io.netty.channel.nio.AbstractNioChannel$AbstractNioUnsafe.finishConnect(AbstractNioChannel.java:340)
	at io.netty.channel.nio.NioEventLoop.processSelectedKey(NioEventLoop.java:633)
	at io.netty.channel.nio.NioEventLoop.processSelectedKeysOptimized(NioEventLoop.java:580)
	at io.netty.channel.nio.NioEventLoop.processSelectedKeys(NioEventLoop.java:497)
	at io.netty.channel.nio.NioEventLoop.run(NioEventLoop.java:459)
	at io.netty.util.concurrent.SingleThreadEventExecutor$5.run(SingleThreadEventExecutor.java:886)
	at io.netty.util.concurrent.FastThreadLocalRunnable.run(FastThreadLocalRunnable.java:30)
	at java.lang.Thread.run(Thread.java:748)
Caused by: java.net.ConnectException: Connection refused
	... 11 more
HttpClientHelper.java: Received an error for request 4: io.netty.channel.AbstractChannel$AnnotatedConnectException: Connection refused: localhost/127.0.0.1:8077
io.netty.channel.AbstractChannel$AnnotatedConnectException: Connection refused: localhost/127.0.0.1:8077
	at sun.nio.ch.SocketChannelImpl.checkConnect(Native Method)
	at sun.nio.ch.SocketChannelImpl.finishConnect(SocketChannelImpl.java:717)
	at io.netty.channel.socket.nio.NioSocketChannel.doFinishConnect(NioSocketChannel.java:325)
	at io.netty.channel.nio.AbstractNioChannel$AbstractNioUnsafe.finishConnect(AbstractNioChannel.java:340)
	at io.netty.channel.nio.NioEventLoop.processSelectedKey(NioEventLoop.java:633)
	at io.netty.channel.nio.NioEventLoop.processSelectedKeysOptimized(NioEventLoop.java:580)
	at io.netty.channel.nio.NioEventLoop.processSelectedKeys(NioEventLoop.java:497)
	at io.netty.channel.nio.NioEventLoop.run(NioEventLoop.java:459)
	at io.netty.util.concurrent.SingleThreadEventExecutor$5.run(SingleThreadEventExecutor.java:886)
	at io.netty.util.concurrent.FastThreadLocalRunnable.run(FastThreadLocalRunnable.java:30)
	at java.lang.Thread.run(Thread.java:748)
Caused by: java.net.ConnectException: Connection refused
	... 11 more
HttpClientHelper.java: Received an error for request 5: io.netty.channel.AbstractChannel$AnnotatedConnectException: Connection refused: localhost/127.0.0.1:8077
io.netty.channel.AbstractChannel$AnnotatedConnectException: Connection refused: localhost/127.0.0.1:8077
	at sun.nio.ch.SocketChannelImpl.checkConnect(Native Method)
	at sun.nio.ch.SocketChannelImpl.finishConnect(SocketChannelImpl.java:717)
	at io.netty.channel.socket.nio.NioSocketChannel.doFinishConnect(NioSocketChannel.java:325)
	at io.netty.channel.nio.AbstractNioChannel$AbstractNioUnsafe.finishConnect(AbstractNioChannel.java:340)
	at io.netty.channel.nio.NioEventLoop.processSelectedKey(NioEventLoop.java:633)
	at io.netty.channel.nio.NioEventLoop.processSelectedKeysOptimized(NioEventLoop.java:580)
	at io.netty.channel.nio.NioEventLoop.processSelectedKeys(NioEventLoop.java:497)
	at io.netty.channel.nio.NioEventLoop.run(NioEventLoop.java:459)
	at io.netty.util.concurrent.SingleThreadEventExecutor$5.run(SingleThreadEventExecutor.java:886)
	at io.netty.util.concurrent.FastThreadLocalRunnable.run(FastThreadLocalRunnable.java:30)
	at java.lang.Thread.run(Thread.java:748)
Caused by: java.net.ConnectException: Connection refused
	... 11 more
HttpClientHelper.java: Received an error for request 6: io.netty.channel.AbstractChannel$AnnotatedConnectException: Connection refused: localhost/127.0.0.1:8077
io.netty.channel.AbstractChannel$AnnotatedConnectException: Connection refused: localhost/127.0.0.1:8077
	at sun.nio.ch.SocketChannelImpl.checkConnect(Native Method)
	at sun.nio.ch.SocketChannelImpl.finishConnect(SocketChannelImpl.java:717)
	at io.netty.channel.socket.nio.NioSocketChannel.doFinishConnect(NioSocketChannel.java:325)
	at io.netty.channel.nio.AbstractNioChannel$AbstractNioUnsafe.finishConnect(AbstractNioChannel.java:340)
	at io.netty.channel.nio.NioEventLoop.processSelectedKey(NioEventLoop.java:633)
	at io.netty.channel.nio.NioEventLoop.processSelectedKeysOptimized(NioEventLoop.java:580)
	at io.netty.channel.nio.NioEventLoop.processSelectedKeys(NioEventLoop.java:497)
	at io.netty.channel.nio.NioEventLoop.run(NioEventLoop.java:459)
	at io.netty.util.concurrent.SingleThreadEventExecutor$5.run(SingleThreadEventExecutor.java:886)
	at io.netty.util.concurrent.FastThreadLocalRunnable.run(FastThreadLocalRunnable.java:30)
	at java.lang.Thread.run(Thread.java:748)
Caused by: java.net.ConnectException: Connection refused
	... 11 more
HttpClientHelper.java: Received an error for request 7: io.netty.channel.AbstractChannel$AnnotatedConnectException: Connection refused: localhost/127.0.0.1:8077
io.netty.channel.AbstractChannel$AnnotatedConnectException: Connection refused: localhost/127.0.0.1:8077
	at sun.nio.ch.SocketChannelImpl.checkConnect(Native Method)
	at sun.nio.ch.SocketChannelImpl.finishConnect(SocketChannelImpl.java:717)
	at io.netty.channel.socket.nio.NioSocketChannel.doFinishConnect(NioSocketChannel.java:325)
	at io.netty.channel.nio.AbstractNioChannel$AbstractNioUnsafe.finishConnect(AbstractNioChannel.java:340)
	at io.netty.channel.nio.NioEventLoop.processSelectedKey(NioEventLoop.java:633)
	at io.netty.channel.nio.NioEventLoop.processSelectedKeysOptimized(NioEventLoop.java:580)
	at io.netty.channel.nio.NioEventLoop.processSelectedKeys(NioEventLoop.java:497)
	at io.netty.channel.nio.NioEventLoop.run(NioEventLoop.java:459)
	at io.netty.util.concurrent.SingleThreadEventExecutor$5.run(SingleThreadEventExecutor.java:886)
	at io.netty.util.concurrent.FastThreadLocalRunnable.run(FastThreadLocalRunnable.java:30)
	at java.lang.Thread.run(Thread.java:748)
Caused by: java.net.ConnectException: Connection refused
	... 11 more
HttpClientHelper.java: Received an error for request 8: io.netty.channel.AbstractChannel$AnnotatedConnectException: Connection refused: localhost/127.0.0.1:8077
io.netty.channel.AbstractChannel$AnnotatedConnectException: Connection refused: localhost/127.0.0.1:8077
	at sun.nio.ch.SocketChannelImpl.checkConnect(Native Method)
	at sun.nio.ch.SocketChannelImpl.finishConnect(SocketChannelImpl.java:717)
	at io.netty.channel.socket.nio.NioSocketChannel.doFinishConnect(NioSocketChannel.java:325)
	at io.netty.channel.nio.AbstractNioChannel$AbstractNioUnsafe.finishConnect(AbstractNioChannel.java:340)
	at io.netty.channel.nio.NioEventLoop.processSelectedKey(NioEventLoop.java:633)
	at io.netty.channel.nio.NioEventLoop.processSelectedKeysOptimized(NioEventLoop.java:580)
	at io.netty.channel.nio.NioEventLoop.processSelectedKeys(NioEventLoop.java:497)
	at io.netty.channel.nio.NioEventLoop.run(NioEventLoop.java:459)
	at io.netty.util.concurrent.SingleThreadEventExecutor$5.run(SingleThreadEventExecutor.java:886)
	at io.netty.util.concurrent.FastThreadLocalRunnable.run(FastThreadLocalRunnable.java:30)
	at java.lang.Thread.run(Thread.java:748)
Caused by: java.net.ConnectException: Connection refused
	... 11 more
HttpClientHelper.java: Received an error for request 9: io.netty.channel.AbstractChannel$AnnotatedConnectException: Connection refused: localhost/127.0.0.1:8077
io.netty.channel.AbstractChannel$AnnotatedConnectException: Connection refused: localhost/127.0.0.1:8077
	at sun.nio.ch.SocketChannelImpl.checkConnect(Native Method)
	at sun.nio.ch.SocketChannelImpl.finishConnect(SocketChannelImpl.java:717)
	at io.netty.channel.socket.nio.NioSocketChannel.doFinishConnect(NioSocketChannel.java:325)
	at io.netty.channel.nio.AbstractNioChannel$AbstractNioUnsafe.finishConnect(AbstractNioChannel.java:340)
	at io.netty.channel.nio.NioEventLoop.processSelectedKey(NioEventLoop.java:633)
	at io.netty.channel.nio.NioEventLoop.processSelectedKeysOptimized(NioEventLoop.java:580)
	at io.netty.channel.nio.NioEventLoop.processSelectedKeys(NioEventLoop.java:497)
	at io.netty.channel.nio.NioEventLoop.run(NioEventLoop.java:459)
	at io.netty.util.concurrent.SingleThreadEventExecutor$5.run(SingleThreadEventExecutor.java:886)
	at io.netty.util.concurrent.FastThreadLocalRunnable.run(FastThreadLocalRunnable.java:30)
	at java.lang.Thread.run(Thread.java:748)
Caused by: java.net.ConnectException: Connection refused
	... 11 more
HttpClientHelper.java: Received an error for request 10: io.netty.channel.AbstractChannel$AnnotatedConnectException: Connection refused: localhost/127.0.0.1:8077
io.netty.channel.AbstractChannel$AnnotatedConnectException: Connection refused: localhost/127.0.0.1:8077
	at sun.nio.ch.SocketChannelImpl.checkConnect(Native Method)
	at sun.nio.ch.SocketChannelImpl.finishConnect(SocketChannelImpl.java:717)
	at io.netty.channel.socket.nio.NioSocketChannel.doFinishConnect(NioSocketChannel.java:325)
	at io.netty.channel.nio.AbstractNioChannel$AbstractNioUnsafe.finishConnect(AbstractNioChannel.java:340)
	at io.netty.channel.nio.NioEventLoop.processSelectedKey(NioEventLoop.java:633)
	at io.netty.channel.nio.NioEventLoop.processSelectedKeysOptimized(NioEventLoop.java:580)
	at io.netty.channel.nio.NioEventLoop.processSelectedKeys(NioEventLoop.java:497)
	at io.netty.channel.nio.NioEventLoop.run(NioEventLoop.java:459)
	at io.netty.util.concurrent.SingleThreadEventExecutor$5.run(SingleThreadEventExecutor.java:886)
	at io.netty.util.concurrent.FastThreadLocalRunnable.run(FastThreadLocalRunnable.java:30)
	at java.lang.Thread.run(Thread.java:748)
Caused by: java.net.ConnectException: Connection refused
	... 11 more
HttpClientHelper.java: Received an error for request 11: io.netty.channel.AbstractChannel$AnnotatedConnectException: Connection refused: localhost/127.0.0.1:8077
io.netty.channel.AbstractChannel$AnnotatedConnectException: Connection refused: localhost/127.0.0.1:8077
	at sun.nio.ch.SocketChannelImpl.checkConnect(Native Method)
	at sun.nio.ch.SocketChannelImpl.finishConnect(SocketChannelImpl.java:717)
	at io.netty.channel.socket.nio.NioSocketChannel.doFinishConnect(NioSocketChannel.java:325)
	at io.netty.channel.nio.AbstractNioChannel$AbstractNioUnsafe.finishConnect(AbstractNioChannel.java:340)
	at io.netty.channel.nio.NioEventLoop.processSelectedKey(NioEventLoop.java:633)
	at io.netty.channel.nio.NioEventLoop.processSelectedKeysOptimized(NioEventLoop.java:580)
	at io.netty.channel.nio.NioEventLoop.processSelectedKeys(NioEventLoop.java:497)
	at io.netty.channel.nio.NioEventLoop.run(NioEventLoop.java:459)
	at io.netty.util.concurrent.SingleThreadEventExecutor$5.run(SingleThreadEventExecutor.java:886)
	at io.netty.util.concurrent.FastThreadLocalRunnable.run(FastThreadLocalRunnable.java:30)
	at java.lang.Thread.run(Thread.java:748)
Caused by: java.net.ConnectException: Connection refused
	... 11 more
HttpClientHelper.java: Received an error for request 12: io.netty.channel.AbstractChannel$AnnotatedConnectException: Connection refused: localhost/127.0.0.1:8077
io.netty.channel.AbstractChannel$AnnotatedConnectException: Connection refused: localhost/127.0.0.1:8077
	at sun.nio.ch.SocketChannelImpl.checkConnect(Native Method)
	at sun.nio.ch.SocketChannelImpl.finishConnect(SocketChannelImpl.java:717)
	at io.netty.channel.socket.nio.NioSocketChannel.doFinishConnect(NioSocketChannel.java:325)
	at io.netty.channel.nio.AbstractNioChannel$AbstractNioUnsafe.finishConnect(AbstractNioChannel.java:340)
	at io.netty.channel.nio.NioEventLoop.processSelectedKey(NioEventLoop.java:633)
	at io.netty.channel.nio.NioEventLoop.processSelectedKeysOptimized(NioEventLoop.java:580)
	at io.netty.channel.nio.NioEventLoop.processSelectedKeys(NioEventLoop.java:497)
	at io.netty.channel.nio.NioEventLoop.run(NioEventLoop.java:459)
	at io.netty.util.concurrent.SingleThreadEventExecutor$5.run(SingleThreadEventExecutor.java:886)
	at io.netty.util.concurrent.FastThreadLocalRunnable.run(FastThreadLocalRunnable.java:30)
	at java.lang.Thread.run(Thread.java:748)
Caused by: java.net.ConnectException: Connection refused
	... 11 more
HttpClientHelper.java: Received an error for request 13: io.netty.channel.AbstractChannel$AnnotatedConnectException: Connection refused: localhost/127.0.0.1:8077
io.netty.channel.AbstractChannel$AnnotatedConnectException: Connection refused: localhost/127.0.0.1:8077
	at sun.nio.ch.SocketChannelImpl.checkConnect(Native Method)
	at sun.nio.ch.SocketChannelImpl.finishConnect(SocketChannelImpl.java:717)
	at io.netty.channel.socket.nio.NioSocketChannel.doFinishConnect(NioSocketChannel.java:325)
	at io.netty.channel.nio.AbstractNioChannel$AbstractNioUnsafe.finishConnect(AbstractNioChannel.java:340)
	at io.netty.channel.nio.NioEventLoop.processSelectedKey(NioEventLoop.java:633)
	at io.netty.channel.nio.NioEventLoop.processSelectedKeysOptimized(NioEventLoop.java:580)
	at io.netty.channel.nio.NioEventLoop.processSelectedKeys(NioEventLoop.java:497)
	at io.netty.channel.nio.NioEventLoop.run(NioEventLoop.java:459)
	at io.netty.util.concurrent.SingleThreadEventExecutor$5.run(SingleThreadEventExecutor.java:886)
	at io.netty.util.concurrent.FastThreadLocalRunnable.run(FastThreadLocalRunnable.java:30)
	at java.lang.Thread.run(Thread.java:748)
Caused by: java.net.ConnectException: Connection refused
	... 11 more
WARNING: Clock: Model stopped before executing actions (e.g. producing outputs) scheduled for execution at times [28.0]
WARNING: WebServer: Model stopped before executing actions (e.g. producing outputs) scheduled for execution at times [28.007, 22.008, 25.008000000000003]
WARNING: REST: Model stopped before executing actions (e.g. producing outputs) scheduled for execution at times [23.0]
WARNING: TestSpontaneous: Model stopped before executing actions (e.g. producing outputs) scheduled for execution at times [21.0]
[atomic-processor-1] INFO com.github.sarxos.webcam.ds.cgt.WebcamOpenTask - Opening webcam Dummy Webcam 0
WARNING: Invoking send() too late (probably in a callback), so Camera is not able to send the token {type="class ptolemy.data.AWTImageToken", width="640", height="480"} to the output image. Token is discarded.
[atomic-processor-1] INFO com.github.sarxos.webcam.ds.cgt.WebcamCloseTask - Closing Dummy Webcam 0
[atomic-processor-1] INFO com.github.sarxos.webcam.ds.cgt.WebcamOpenTask - Opening webcam Dummy Webcam 0
[atomic-processor-1] INFO com.github.sarxos.webcam.ds.cgt.WebcamCloseTask - Closing Dummy Webcam 0
[atomic-processor-1] INFO com.github.sarxos.webcam.ds.cgt.WebcamOpenTask - Opening webcam Dummy Webcam 0
[atomic-processor-1] INFO com.github.sarxos.webcam.ds.cgt.WebcamCloseTask - Closing Dummy Webcam 0
[atomic-processor-1] INFO com.github.sarxos.webcam.ds.cgt.WebcamOpenTask - Opening webcam Dummy Webcam 0
WARNING: Invoking send() too late (probably in a callback), so Camera is not able to send the token {type="class ptolemy.data.AWTImageToken", width="640", height="480"} to the output image. Token is discarded.
[atomic-processor-1] INFO com.github.sarxos.webcam.ds.cgt.WebcamCloseTask - Closing Dummy Webcam 0
[atomic-processor-1] INFO com.github.sarxos.webcam.ds.cgt.WebcamOpenTask - Opening webcam Dummy Webcam 0
[atomic-processor-1] INFO com.github.sarxos.webcam.ds.cgt.WebcamCloseTask - Closing Dummy Webcam 0
]]></system-err>
</testsuite>
