<?xml version="1.0" encoding="UTF-8" ?>
<testsuite errors="0" failures="0" hostname="travis-job-467a7755-0cf7-440e-9be0-20ebe0d925a3" name="ptolemy.domains.de.test.junit.JUnitTclTest" skipped="0" tests="101" time="131.012" timestamp="2018-09-22T02:14:12">
  <properties>
[...]
</properties>
  <testcase classname="ptolemy.util.test.junit.TclTests" name="[0] /home/travis/build/icyphy/ptII/ptolemy/domains/de/test/DependencyLoop.tcl (RunTclFile)" time="0.729" />
  <testcase classname="ptolemy.util.test.junit.TclTests" name="[1] /home/travis/build/icyphy/ptII/ptolemy/domains/de/test/RunDETestsAsQSS.tcl (RunTclFile)" time="90.035" />
  <testcase classname="ptolemy.util.test.junit.AutoKnownFailedTests" name="[0] /home/travis/build/icyphy/ptII/ptolemy/domains/de/test/auto/knownFailedTests/DESDFClockTest.xml (RunModel)" time="2.035" />
  <testcase classname="ptolemy.util.test.junit.AutoKnownFailedTests" name="[1] /home/travis/build/icyphy/ptII/ptolemy/domains/de/test/auto/knownFailedTests/DirectFeedback.xml (RunModel)" time="0.01" />
  <testcase classname="ptolemy.util.test.junit.AutoKnownFailedTests" name="[2] /home/travis/build/icyphy/ptII/ptolemy/domains/de/test/auto/knownFailedTests/FSMSource.xml (RunModel)" time="0.019" />
  <testcase classname="ptolemy.util.test.junit.AutoKnownFailedTests" name="[3] /home/travis/build/icyphy/ptII/ptolemy/domains/de/test/auto/knownFailedTests/HierarchicalModel.xml (RunModel)" time="0.043" />
  <testcase classname="ptolemy.util.test.junit.AutoKnownFailedTests" name="[4] /home/travis/build/icyphy/ptII/ptolemy/domains/de/test/auto/knownFailedTests/dependencyLoop.xml (RunModel)" time="0.046" />
  <testcase classname="ptolemy.util.test.junit.AutoKnownFailedTests" name="[5] /home/travis/build/icyphy/ptII/ptolemy/domains/de/test/auto/knownFailedTests/dependencyLoop2.xml (RunModel)" time="0.047" />
  <testcase classname="ptolemy.util.test.junit.AutoNameArchTests" name="[0] ThereAreNoAutoArchTests (RunModel)" time="0.003" />
  <testcase classname="ptolemy.util.test.junit.AutoTests" name="[0] /home/travis/build/icyphy/ptII/ptolemy/domains/de/test/auto/ActorDepthCalculation_actorWithoutPorts.xml (RunModel)" time="0.016" />
  <testcase classname="ptolemy.util.test.junit.AutoTests" name="[1] /home/travis/build/icyphy/ptII/ptolemy/domains/de/test/auto/AssemblyLine.xml (RunModel)" time="0.022" />
  <testcase classname="ptolemy.util.test.junit.AutoTests" name="[2] /home/travis/build/icyphy/ptII/ptolemy/domains/de/test/auto/CQBug1.xml (RunModel)" time="0.011" />
  <testcase classname="ptolemy.util.test.junit.AutoTests" name="[3] /home/travis/build/icyphy/ptII/ptolemy/domains/de/test/auto/CancelFireAt.xml (RunModel)" time="0.009" />
  <testcase classname="ptolemy.util.test.junit.AutoTests" name="[4] /home/travis/build/icyphy/ptII/ptolemy/domains/de/test/auto/CausalityAndComposabilityAnalysis.xml (RunModel)" time="0.018" />
  <testcase classname="ptolemy.util.test.junit.AutoTests" name="[5] /home/travis/build/icyphy/ptII/ptolemy/domains/de/test/auto/CausalityInterface1.xml (RunModel)" time="0.015" />
  <testcase classname="ptolemy.util.test.junit.AutoTests" name="[6] /home/travis/build/icyphy/ptII/ptolemy/domains/de/test/auto/CausalityInterface15.xml (RunModel)" time="0.016" />
  <testcase classname="ptolemy.util.test.junit.AutoTests" name="[7] /home/travis/build/icyphy/ptII/ptolemy/domains/de/test/auto/CausalityInterface2.xml (RunModel)" time="0.015" />
  <testcase classname="ptolemy.util.test.junit.AutoTests" name="[8] /home/travis/build/icyphy/ptII/ptolemy/domains/de/test/auto/CausalityInterface3.xml (RunModel)" time="0.017" />
  <testcase classname="ptolemy.util.test.junit.AutoTests" name="[9] /home/travis/build/icyphy/ptII/ptolemy/domains/de/test/auto/ClockDrift.xml (RunModel)" time="0.053" />
  <testcase classname="ptolemy.util.test.junit.AutoTests" name="[10] /home/travis/build/icyphy/ptII/ptolemy/domains/de/test/auto/ClockDriftAndValueChange.xml (RunModel)" time="0.034" />
  <testcase classname="ptolemy.util.test.junit.AutoTests" name="[11] /home/travis/build/icyphy/ptII/ptolemy/domains/de/test/auto/ClockDriftChange.xml (RunModel)" time="0.035" />
  <testcase classname="ptolemy.util.test.junit.AutoTests" name="[12] /home/travis/build/icyphy/ptII/ptolemy/domains/de/test/auto/ComposableCausalityAnalysis.xml (RunModel)" time="0.016" />
  <testcase classname="ptolemy.util.test.junit.AutoTests" name="[13] /home/travis/build/icyphy/ptII/ptolemy/domains/de/test/auto/DEFixedPointLimitation.xml (RunModel)" time="0.01" />
  <testcase classname="ptolemy.util.test.junit.AutoTests" name="[14] /home/travis/build/icyphy/ptII/ptolemy/domains/de/test/auto/DEScheduleTest.xml (RunModel)" time="0.036" />
  <testcase classname="ptolemy.util.test.junit.AutoTests" name="[15] /home/travis/build/icyphy/ptII/ptolemy/domains/de/test/auto/DEinDEwithStartTimes.xml (RunModel)" time="0.026" />
  <testcase classname="ptolemy.util.test.junit.AutoTests" name="[16] /home/travis/build/icyphy/ptII/ptolemy/domains/de/test/auto/DEinDEwithStartTimes2.xml (RunModel)" time="0.018" />
  <testcase classname="ptolemy.util.test.junit.AutoTests" name="[17] /home/travis/build/icyphy/ptII/ptolemy/domains/de/test/auto/DateDemo.xml (RunModel)" time="0.042" />
  <testcase classname="ptolemy.util.test.junit.AutoTests" name="[18] /home/travis/build/icyphy/ptII/ptolemy/domains/de/test/auto/DateToEvent.xml (RunModel)" time="2.049" />
  <testcase classname="ptolemy.util.test.junit.AutoTests" name="[19] /home/travis/build/icyphy/ptII/ptolemy/domains/de/test/auto/DepthTest1.xml (RunModel)" time="0.014" />
  <testcase classname="ptolemy.util.test.junit.AutoTests" name="[20] /home/travis/build/icyphy/ptII/ptolemy/domains/de/test/auto/DepthTest2.xml (RunModel)" time="0.026" />
  <testcase classname="ptolemy.util.test.junit.AutoTests" name="[21] /home/travis/build/icyphy/ptII/ptolemy/domains/de/test/auto/DepthTest3.xml (RunModel)" time="0.014" />
  <testcase classname="ptolemy.util.test.junit.AutoTests" name="[22] /home/travis/build/icyphy/ptII/ptolemy/domains/de/test/auto/DepthTest4.xml (RunModel)" time="0.013" />
  <testcase classname="ptolemy.util.test.junit.AutoTests" name="[23] /home/travis/build/icyphy/ptII/ptolemy/domains/de/test/auto/DepthTest5.xml (RunModel)" time="0.018" />
  <testcase classname="ptolemy.util.test.junit.AutoTests" name="[24] /home/travis/build/icyphy/ptII/ptolemy/domains/de/test/auto/DepthTest6.xml (RunModel)" time="0.012" />
  <testcase classname="ptolemy.util.test.junit.AutoTests" name="[25] /home/travis/build/icyphy/ptII/ptolemy/domains/de/test/auto/DepthTest7.xml (RunModel)" time="0.012" />
  <testcase classname="ptolemy.util.test.junit.AutoTests" name="[26] /home/travis/build/icyphy/ptII/ptolemy/domains/de/test/auto/EventToDate.xml (RunModel)" time="3.034" />
  <testcase classname="ptolemy.util.test.junit.AutoTests" name="[27] /home/travis/build/icyphy/ptII/ptolemy/domains/de/test/auto/FSM1.xml (RunModel)" time="0.03" />
  <testcase classname="ptolemy.util.test.junit.AutoTests" name="[28] /home/travis/build/icyphy/ptII/ptolemy/domains/de/test/auto/FSM7.xml (RunModel)" time="0.02" />
  <testcase classname="ptolemy.util.test.junit.AutoTests" name="[29] /home/travis/build/icyphy/ptII/ptolemy/domains/de/test/auto/Inspection.xml (RunModel)" time="0.025" />
  <testcase classname="ptolemy.util.test.junit.AutoTests" name="[30] /home/travis/build/icyphy/ptII/ptolemy/domains/de/test/auto/Iteration.xml (RunModel)" time="0.013" />
  <testcase classname="ptolemy.util.test.junit.AutoTests" name="[31] /home/travis/build/icyphy/ptII/ptolemy/domains/de/test/auto/LineFault.xml (RunModel)" time="0.387" />
  <testcase classname="ptolemy.util.test.junit.AutoTests" name="[32] /home/travis/build/icyphy/ptII/ptolemy/domains/de/test/auto/MergeModel1Add.xml (RunModel)" time="0.042" />
  <testcase classname="ptolemy.util.test.junit.AutoTests" name="[33] /home/travis/build/icyphy/ptII/ptolemy/domains/de/test/auto/MergeModel2Add.xml (RunModel)" time="0.04" />
  <testcase classname="ptolemy.util.test.junit.AutoTests" name="[34] /home/travis/build/icyphy/ptII/ptolemy/domains/de/test/auto/MergeModel3Add.xml (RunModel)" time="0.037" />
  <testcase classname="ptolemy.util.test.junit.AutoTests" name="[35] /home/travis/build/icyphy/ptII/ptolemy/domains/de/test/auto/MergeWithoutDiscard.xml (RunModel)" time="0.009" />
  <testcase classname="ptolemy.util.test.junit.AutoTests" name="[36] /home/travis/build/icyphy/ptII/ptolemy/domains/de/test/auto/Modal1.xml (RunModel)" time="0.027" />
  <testcase classname="ptolemy.util.test.junit.AutoTests" name="[37] /home/travis/build/icyphy/ptII/ptolemy/domains/de/test/auto/Modal2.xml (RunModel)" time="0.028" />
  <testcase classname="ptolemy.util.test.junit.AutoTests" name="[38] /home/travis/build/icyphy/ptII/ptolemy/domains/de/test/auto/Modal3.xml (RunModel)" time="0.027" />
  <testcase classname="ptolemy.util.test.junit.AutoTests" name="[39] /home/travis/build/icyphy/ptII/ptolemy/domains/de/test/auto/Modal4.xml (RunModel)" time="0.029" />
  <testcase classname="ptolemy.util.test.junit.AutoTests" name="[40] /home/travis/build/icyphy/ptII/ptolemy/domains/de/test/auto/Modal5.xml (RunModel)" time="0.03" />
  <testcase classname="ptolemy.util.test.junit.AutoTests" name="[41] /home/travis/build/icyphy/ptII/ptolemy/domains/de/test/auto/Modal6.xml (RunModel)" time="0.03" />
  <testcase classname="ptolemy.util.test.junit.AutoTests" name="[42] /home/travis/build/icyphy/ptII/ptolemy/domains/de/test/auto/Modal7.xml (RunModel)" time="0.034" />
  <testcase classname="ptolemy.util.test.junit.AutoTests" name="[43] /home/travis/build/icyphy/ptII/ptolemy/domains/de/test/auto/ModalModel.xml (RunModel)" time="0.17" />
  <testcase classname="ptolemy.util.test.junit.AutoTests" name="[44] /home/travis/build/icyphy/ptII/ptolemy/domains/de/test/auto/ModalSource.xml (RunModel)" time="0.018" />
  <testcase classname="ptolemy.util.test.junit.AutoTests" name="[45] /home/travis/build/icyphy/ptII/ptolemy/domains/de/test/auto/NonInterruptibleTimerZeroDelay.xml (RunModel)" time="0.011" />
  <testcase classname="ptolemy.util.test.junit.AutoTests" name="[46] /home/travis/build/icyphy/ptII/ptolemy/domains/de/test/auto/OpenQueueingNetwork.xml (RunModel)" time="2.505" />
  <testcase classname="ptolemy.util.test.junit.AutoTests" name="[47] /home/travis/build/icyphy/ptII/ptolemy/domains/de/test/auto/OpenQueuingNetwork.xml (RunModel)" time="0.311" />
  <testcase classname="ptolemy.util.test.junit.AutoTests" name="[48] /home/travis/build/icyphy/ptII/ptolemy/domains/de/test/auto/PeriodicSampler.xml (RunModel)" time="0.01" />
  <testcase classname="ptolemy.util.test.junit.AutoTests" name="[49] /home/travis/build/icyphy/ptII/ptolemy/domains/de/test/auto/PersistentIO.xml (RunModel)" time="0.026" />
  <testcase classname="ptolemy.util.test.junit.AutoTests" name="[50] /home/travis/build/icyphy/ptII/ptolemy/domains/de/test/auto/PortParameterResetOnInitialize.xml (RunModel)" time="0.011" />
  <testcase classname="ptolemy.util.test.junit.AutoTests" name="[51] /home/travis/build/icyphy/ptII/ptolemy/domains/de/test/auto/PortParameterUpdates.xml (RunModel)" time="0.015" />
  <testcase classname="ptolemy.util.test.junit.AutoTests" name="[52] /home/travis/build/icyphy/ptII/ptolemy/domains/de/test/auto/QueueAndServer.xml (RunModel)" time="0.024" />
  <testcase classname="ptolemy.util.test.junit.AutoTests" name="[53] /home/travis/build/icyphy/ptII/ptolemy/domains/de/test/auto/Records.xml (RunModel)" time="0.02" />
  <testcase classname="ptolemy.util.test.junit.AutoTests" name="[54] /home/travis/build/icyphy/ptII/ptolemy/domains/de/test/auto/ResetTransitionWithStartTime1.xml (RunModel)" time="0.023" />
  <testcase classname="ptolemy.util.test.junit.AutoTests" name="[55] /home/travis/build/icyphy/ptII/ptolemy/domains/de/test/auto/ResetTransitionWithStartTime2.xml (RunModel)" time="0.023" />
  <testcase classname="ptolemy.util.test.junit.AutoTests" name="[56] /home/travis/build/icyphy/ptII/ptolemy/domains/de/test/auto/ResetTransitionWithStartTime3.xml (RunModel)" time="0.02" />
  <testcase classname="ptolemy.util.test.junit.AutoTests" name="[57] /home/travis/build/icyphy/ptII/ptolemy/domains/de/test/auto/ResetTransitionWithStartTime4.xml (RunModel)" time="0.017" />
  <testcase classname="ptolemy.util.test.junit.AutoTests" name="[58] /home/travis/build/icyphy/ptII/ptolemy/domains/de/test/auto/ResettableTimer1.xml (RunModel)" time="0.01" />
  <testcase classname="ptolemy.util.test.junit.AutoTests" name="[59] /home/travis/build/icyphy/ptII/ptolemy/domains/de/test/auto/ResettableTimer2.xml (RunModel)" time="0.009" />
  <testcase classname="ptolemy.util.test.junit.AutoTests" name="[60] /home/travis/build/icyphy/ptII/ptolemy/domains/de/test/auto/ResettableTimer3.xml (RunModel)" time="0.008" />
  <testcase classname="ptolemy.util.test.junit.AutoTests" name="[61] /home/travis/build/icyphy/ptII/ptolemy/domains/de/test/auto/ResettableTimer4.xml (RunModel)" time="0.008" />
  <testcase classname="ptolemy.util.test.junit.AutoTests" name="[62] /home/travis/build/icyphy/ptII/ptolemy/domains/de/test/auto/ResettableTimer5.xml (RunModel)" time="0.01" />
  <testcase classname="ptolemy.util.test.junit.AutoTests" name="[63] /home/travis/build/icyphy/ptII/ptolemy/domains/de/test/auto/ResettableTimer6.xml (RunModel)" time="0.01" />
  <testcase classname="ptolemy.util.test.junit.AutoTests" name="[64] /home/travis/build/icyphy/ptII/ptolemy/domains/de/test/auto/ServerZeroDelay.xml (RunModel)" time="0.009" />
  <testcase classname="ptolemy.util.test.junit.AutoTests" name="[65] /home/travis/build/icyphy/ptII/ptolemy/domains/de/test/auto/SmartSender.xml (RunModel)" time="3.009" />
  <testcase classname="ptolemy.util.test.junit.AutoTests" name="[66] /home/travis/build/icyphy/ptII/ptolemy/domains/de/test/auto/ThreadedComposite.xml (RunModel)" time="0.156" />
  <testcase classname="ptolemy.util.test.junit.AutoTests" name="[67] /home/travis/build/icyphy/ptII/ptolemy/domains/de/test/auto/Time.xml (RunModel)" time="0.441" />
  <testcase classname="ptolemy.util.test.junit.AutoTests" name="[68] /home/travis/build/icyphy/ptII/ptolemy/domains/de/test/auto/TimeDelayZeroDelay.xml (RunModel)" time="0.011" />
  <testcase classname="ptolemy.util.test.junit.AutoTests" name="[69] /home/travis/build/icyphy/ptII/ptolemy/domains/de/test/auto/TimerZeroDelay.xml (RunModel)" time="0.01" />
  <testcase classname="ptolemy.util.test.junit.AutoTests" name="[70] /home/travis/build/icyphy/ptII/ptolemy/domains/de/test/auto/TimingParadox.xml (RunModel)" time="0.379" />
  <testcase classname="ptolemy.util.test.junit.AutoTests" name="[71] /home/travis/build/icyphy/ptII/ptolemy/domains/de/test/auto/TransferInputs.xml (RunModel)" time="0.012" />
  <testcase classname="ptolemy.util.test.junit.AutoTests" name="[72] /home/travis/build/icyphy/ptII/ptolemy/domains/de/test/auto/TransferOutputs2.xml (RunModel)" time="0.019" />
  <testcase classname="ptolemy.util.test.junit.AutoTests" name="[73] /home/travis/build/icyphy/ptII/ptolemy/domains/de/test/auto/Trilateration.xml (RunModel)" time="11.464" />
  <testcase classname="ptolemy.util.test.junit.AutoTests" name="[74] /home/travis/build/icyphy/ptII/ptolemy/domains/de/test/auto/TwoSigmaDelta.xml (RunModel)" time="2.274" />
  <testcase classname="ptolemy.util.test.junit.AutoTests" name="[75] /home/travis/build/icyphy/ptII/ptolemy/domains/de/test/auto/VariableDelay.xml (RunModel)" time="0.016" />
  <testcase classname="ptolemy.util.test.junit.AutoTests" name="[76] /home/travis/build/icyphy/ptII/ptolemy/domains/de/test/auto/VariableDelay2.xml (RunModel)" time="0.01" />
  <testcase classname="ptolemy.util.test.junit.AutoTests" name="[77] /home/travis/build/icyphy/ptII/ptolemy/domains/de/test/auto/VariableDelayZeroDelay.xml (RunModel)" time="0.009" />
  <testcase classname="ptolemy.util.test.junit.AutoTests" name="[78] /home/travis/build/icyphy/ptII/ptolemy/domains/de/test/auto/VariableDelayZeroDelay2.xml (RunModel)" time="0.014" />
  <testcase classname="ptolemy.util.test.junit.AutoTests" name="[79] /home/travis/build/icyphy/ptII/ptolemy/domains/de/test/auto/deInCt.xml (RunModel)" time="0.016" />
  <testcase classname="ptolemy.util.test.junit.AutoTests" name="[80] /home/travis/build/icyphy/ptII/ptolemy/domains/de/test/auto/deInCt2.xml (RunModel)" time="0.025" />
  <testcase classname="ptolemy.util.test.junit.AutoTests" name="[81] /home/travis/build/icyphy/ptII/ptolemy/domains/de/test/auto/dynamicCausalityInterface1.xml (RunModel)" time="0.019" />
  <testcase classname="ptolemy.util.test.junit.AutoTests" name="[82] /home/travis/build/icyphy/ptII/ptolemy/domains/de/test/auto/fsm_de_test.xml (RunModel)" time="0.033" />
  <testcase classname="ptolemy.util.test.junit.AutoTests" name="[83] /home/travis/build/icyphy/ptII/ptolemy/domains/de/test/auto/functionDependencyReconstruction.xml (RunModel)" time="0.043" />
  <testcase classname="ptolemy.util.test.junit.AutoTests" name="[84] /home/travis/build/icyphy/ptII/ptolemy/domains/de/test/auto/multirate.xml (RunModel)" time="0.016" />
  <testcase classname="ptolemy.util.test.junit.AutoTests" name="[85] /home/travis/build/icyphy/ptII/ptolemy/domains/de/test/auto/multirate2.xml (RunModel)" time="0.031" />
  <testcase classname="ptolemy.util.test.junit.AutoTests" name="[86] /home/travis/build/icyphy/ptII/ptolemy/domains/de/test/auto/realtime.xml (RunModel)" time="10.014" />
  <testcase classname="ptolemy.util.test.junit.AutoTests" name="[87] /home/travis/build/icyphy/ptII/ptolemy/domains/de/test/auto/relationGroup.xml (RunModel)" time="0.01" />
  <testcase classname="ptolemy.util.test.junit.AutoTests" name="[88] /home/travis/build/icyphy/ptII/ptolemy/domains/de/test/auto/relationGroup2.xml (RunModel)" time="0.006" />
  <testcase classname="ptolemy.util.test.junit.AutoTests" name="[89] /home/travis/build/icyphy/ptII/ptolemy/domains/de/test/auto/sortWithOpaquePorts.xml (RunModel)" time="0.006" />
  <testcase classname="ptolemy.util.test.junit.AutoTests" name="[90] /home/travis/build/icyphy/ptII/ptolemy/domains/de/test/auto/transferInputsandOutputs.xml (RunModel)" time="0.02" />
  <testcase classname="ptolemy.util.test.junit.AutoTests" name="[91] /home/travis/build/icyphy/ptII/ptolemy/domains/de/test/auto/triggerType.xml (RunModel)" time="0.008" />
  <system-out><![CDATA[/home/travis/build/icyphy/ptII/ptolemy/domains/de/test/DependencyLoop.tcl
testDefs.tcl: setting time out to 9000 seconds at Sat Sep 22 02:14:12 UTC 2018
15 ms. Memory: 116224K Free: 93958K (81%)
8 ms. Memory: 146944K Free: 135487K (92%)
/home/travis/build/icyphy/ptII/ptolemy/domains/de/test/RunDETestsAsQSS.tcl
Run the DE tests using ptolemy.domains.qss.test.QSSDirectorTest, which extends QSSDirector and prints a message in the constructors.
------------------ testing $PTII/ptolemy/domains/de/test/auto/knownFailedTests/dependencyLoop.xml (Known Failure) 
15 ms. Memory: 146944K Free: 132374K (90%)


==== $PTIIhome/travis/build/icyphy/ptII/ptolemy/domains/de/test/../../../../: Auto Automatic test in file $PTII/ptolemy/domains/de/test/auto/knownFailedTests/dependencyLoop.xml
==== Contents of test case:

	    # FIXME: we should use $relativeFilename here, but it
	    # might have backslashes under Windows, which causes no end
	    # of trouble.
	    createAndExecute $file
	    list {}
	
.... Test generated KNOWN error:
    while executing
ptolemy.kernel.util.IllegalActionException: Found a zero delay loop containing .dependencyLoop.original
  in .dependencyLoop and .dependencyLoop.original
	at ptolemy.actor.util.CausalityInterfaceForComposites._computeOutputPortDepth(CausalityInterfaceForComposites.java:759)
	at ptolemy.actor.util.CausalityInterfaceForComposites._computeInputDepth(CausalityInterfaceForComposites.java:696)
	at ptolemy.actor.util.CausalityInterfaceForComposites._computeOutputPortDepth(CausalityInterfaceForComposites.java:765)
	at ptolemy.actor.util.CausalityInterfaceForComposites._computeInputDepth(CausalityInterfaceForComposites.java:696)
	at ptolemy.actor.util.CausalityInterfaceForComposites._computeOutputPortDepth(CausalityInterfaceForComposites.java:765)
	at ptolemy.actor.util.CausalityInterfaceForComposites._computeInputDepth(CausalityInterfaceForComposites.java:696)
	at ptolemy.actor.util.CausalityInterfaceForComposites._computeActorDepth(CausalityInterfaceForComposites.java:532)
	at ptolemy.actor.util.CausalityInterfaceForComposites.checkForCycles(CausalityInterfaceForComposites.java:96)
	at ptolemy.domains.de.kernel.DEDirector.preinitialize(DEDirector.java:1338)
	at ptolemy.actor.CompositeActor.preinitialize(CompositeActor.java:1828)
	at ptolemy.actor.Manager.preinitializeAndResolveTypes(Manager.java:1040)
	at ptolemy.actor.Manager.initialize(Manager.java:710)
	at ptolemy.actor.Manager.execute(Manager.java:356)
	at ptolemy.actor.Manager.run(Manager.java:1263)
	at ptolemy.actor.Manager$PtolemyRunThread.run(Manager.java:1915)

    while executing
ptolemy.kernel.util.IllegalActionException: Found a zero delay loop containing .dependencyLoop.original
  in .dependencyLoop and .dependencyLoop.original
    while executing
"java::new ptolemy.moml.MoMLSimpleApplication $file
"
    (procedure "createAndExecute" line 2)
    invoked from within
"createAndExecute $file"
    ("uplevel" body line 5)
    invoked from within
"uplevel $contents_of_test"
------------------ testing $PTII/ptolemy/domains/de/test/auto/knownFailedTests/DESDFClockTest.xml (Known Failure) 
2083 ms. Memory: 146944K Free: 116577K (79%)


==== $PTIIhome/travis/build/icyphy/ptII/ptolemy/domains/de/test/../../../../: Auto Automatic test in file $PTII/ptolemy/domains/de/test/auto/knownFailedTests/DESDFClockTest.xml
==== Contents of test case:

	    # FIXME: we should use $relativeFilename here, but it
	    # might have backslashes under Windows, which causes no end
	    # of trouble.
	    createAndExecute $file
	    list {}
	
.... Test generated KNOWN error:
    while executing
ptolemy.kernel.util.IllegalActionException: Actor is not ready to fire.  Perhaps UpSample.prefire() returned false? Try debugging the actor by selecting "Listen to Actor".  Also, for SDF check moml for tokenConsumptionRate on input.
  in .DESDFClockTest.Play Bell.Copy1:SDF Director and .DESDFClockTest.Play Bell.UpSample
	at ptolemy.actor.sched.StaticSchedulingDirector.fire(StaticSchedulingDirector.java:227)
	at ptolemy.domains.sdf.kernel.SDFDirector.fire(SDFDirector.java:500)
	at ptolemy.actor.CompositeActor.fire(CompositeActor.java:455)
	at ptolemy.domains.de.kernel.DEDirector._fire(DEDirector.java:1949)
	at ptolemy.domains.de.kernel.DEDirector.fire(DEDirector.java:502)
	at ptolemy.actor.CompositeActor.fire(CompositeActor.java:455)
	at ptolemy.actor.Manager.iterate(Manager.java:851)
	at ptolemy.actor.Manager.execute(Manager.java:369)
	at ptolemy.actor.Manager.run(Manager.java:1263)
	at ptolemy.actor.Manager$PtolemyRunThread.run(Manager.java:1915)

    while executing
ptolemy.kernel.util.IllegalActionException: Actor is not ready to fire.  Perhaps UpSample.prefire() returned false? Try debugging the actor by selecting "Listen to Actor".  Also, for SDF check moml for tokenConsumptionRate on input.
  in .DESDFClockTest.Play Bell.Copy1:SDF Director and .DESDFClockTest.Play Bell.UpSample
    while executing
"java::new ptolemy.moml.MoMLSimpleApplication $file
"
    (procedure "createAndExecute" line 2)
    invoked from within
"createAndExecute $file"
    ("uplevel" body line 5)
    invoked from within
"uplevel $contents_of_test"
------------------ testing $PTII/ptolemy/domains/de/test/auto/knownFailedTests/FSMSource.xml (Known Failure) 
29 ms. Memory: 146944K Free: 107584K (73%)
!!!! Auto was marked as failing, but now passes
------------------ testing $PTII/ptolemy/domains/de/test/auto/knownFailedTests/dependencyLoop2.xml (Known Failure) 
7 ms. Memory: 146944K Free: 105709K (72%)


==== $PTIIhome/travis/build/icyphy/ptII/ptolemy/domains/de/test/../../../../: Auto Automatic test in file $PTII/ptolemy/domains/de/test/auto/knownFailedTests/dependencyLoop2.xml
==== Contents of test case:

	    # FIXME: we should use $relativeFilename here, but it
	    # might have backslashes under Windows, which causes no end
	    # of trouble.
	    createAndExecute $file
	    list {}
	
.... Test generated KNOWN error:
    while executing
ptolemy.kernel.util.IllegalActionException: Found a zero delay loop containing .dependencyLoop2.original
  in .dependencyLoop2 and .dependencyLoop2.original
	at ptolemy.actor.util.CausalityInterfaceForComposites._computeOutputPortDepth(CausalityInterfaceForComposites.java:759)
	at ptolemy.actor.util.CausalityInterfaceForComposites._computeInputDepth(CausalityInterfaceForComposites.java:696)
	at ptolemy.actor.util.CausalityInterfaceForComposites._computeOutputPortDepth(CausalityInterfaceForComposites.java:765)
	at ptolemy.actor.util.CausalityInterfaceForComposites._computeInputDepth(CausalityInterfaceForComposites.java:696)
	at ptolemy.actor.util.CausalityInterfaceForComposites._computeOutputPortDepth(CausalityInterfaceForComposites.java:765)
	at ptolemy.actor.util.CausalityInterfaceForComposites._computeInputDepth(CausalityInterfaceForComposites.java:696)
	at ptolemy.actor.util.CausalityInterfaceForComposites._computeActorDepth(CausalityInterfaceForComposites.java:532)
	at ptolemy.actor.util.CausalityInterfaceForComposites.checkForCycles(CausalityInterfaceForComposites.java:96)
	at ptolemy.domains.de.kernel.DEDirector.preinitialize(DEDirector.java:1338)
	at ptolemy.actor.CompositeActor.preinitialize(CompositeActor.java:1828)
	at ptolemy.actor.Manager.preinitializeAndResolveTypes(Manager.java:1040)
	at ptolemy.actor.Manager.initialize(Manager.java:710)
	at ptolemy.actor.Manager.execute(Manager.java:356)
	at ptolemy.actor.Manager.run(Manager.java:1263)
	at ptolemy.actor.Manager$PtolemyRunThread.run(Manager.java:1915)

    while executing
ptolemy.kernel.util.IllegalActionException: Found a zero delay loop containing .dependencyLoop2.original
  in .dependencyLoop2 and .dependencyLoop2.original
    while executing
"java::new ptolemy.moml.MoMLSimpleApplication $file
"
    (procedure "createAndExecute" line 2)
    invoked from within
"createAndExecute $file"
    ("uplevel" body line 5)
    invoked from within
"uplevel $contents_of_test"
------------------ testing $PTII/ptolemy/domains/de/test/auto/knownFailedTests/HierarchicalModel.xml (Known Failure) 
6 ms. Memory: 146944K Free: 83929K (57%)


==== $PTIIhome/travis/build/icyphy/ptII/ptolemy/domains/de/test/../../../../: Auto Automatic test in file $PTII/ptolemy/domains/de/test/auto/knownFailedTests/HierarchicalModel.xml
==== Contents of test case:

	    # FIXME: we should use $relativeFilename here, but it
	    # might have backslashes under Windows, which causes no end
	    # of trouble.
	    createAndExecute $file
	    list {}
	
.... Test generated KNOWN error:
    while executing
ptolemy.kernel.util.IllegalActionException: Found a zero delay loop containing .HierarchicalModel.A
  in .HierarchicalModel and .HierarchicalModel.A
	at ptolemy.actor.util.CausalityInterfaceForComposites._computeOutputPortDepth(CausalityInterfaceForComposites.java:759)
	at ptolemy.actor.util.CausalityInterfaceForComposites._computeInputDepth(CausalityInterfaceForComposites.java:696)
	at ptolemy.actor.util.CausalityInterfaceForComposites._computeOutputPortDepth(CausalityInterfaceForComposites.java:765)
	at ptolemy.actor.util.CausalityInterfaceForComposites._computeInputDepth(CausalityInterfaceForComposites.java:696)
	at ptolemy.actor.util.CausalityInterfaceForComposites._computeOutputPortDepth(CausalityInterfaceForComposites.java:765)
	at ptolemy.actor.util.CausalityInterfaceForComposites._computeInputDepth(CausalityInterfaceForComposites.java:696)
	at ptolemy.actor.util.CausalityInterfaceForComposites._computeActorDepth(CausalityInterfaceForComposites.java:532)
	at ptolemy.actor.util.CausalityInterfaceForComposites.checkForCycles(CausalityInterfaceForComposites.java:96)
	at ptolemy.domains.de.kernel.DEDirector.preinitialize(DEDirector.java:1338)
	at ptolemy.actor.CompositeActor.preinitialize(CompositeActor.java:1828)
	at ptolemy.actor.Manager.preinitializeAndResolveTypes(Manager.java:1040)
	at ptolemy.actor.Manager.initialize(Manager.java:710)
	at ptolemy.actor.Manager.execute(Manager.java:356)
	at ptolemy.actor.Manager.run(Manager.java:1263)
	at ptolemy.actor.Manager$PtolemyRunThread.run(Manager.java:1915)

    while executing
ptolemy.kernel.util.IllegalActionException: Found a zero delay loop containing .HierarchicalModel.A
  in .HierarchicalModel and .HierarchicalModel.A
    while executing
"java::new ptolemy.moml.MoMLSimpleApplication $file
"
    (procedure "createAndExecute" line 2)
    invoked from within
"createAndExecute $file"
    ("uplevel" body line 5)
    invoked from within
"uplevel $contents_of_test"
------------------ testing $PTII/ptolemy/domains/de/test/auto/knownFailedTests/DirectFeedback.xml (Known Failure) 
4 ms. Memory: 146944K Free: 141380K (96%)


==== $PTIIhome/travis/build/icyphy/ptII/ptolemy/domains/de/test/../../../../: Auto Automatic test in file $PTII/ptolemy/domains/de/test/auto/knownFailedTests/DirectFeedback.xml
==== Contents of test case:

	    # FIXME: we should use $relativeFilename here, but it
	    # might have backslashes under Windows, which causes no end
	    # of trouble.
	    createAndExecute $file
	    list {}
	
.... Test generated KNOWN error:
    while executing
ptolemy.kernel.util.IllegalActionException: Test fails in iteration 1.
Value was: 1.0. Should have been: 2.0
  in .DirectFeedback.Test
	at ptolemy.actor.lib.Test.fire(Test.java:268)
	at ptolemy.domains.de.kernel.DEDirector._fire(DEDirector.java:1949)
	at ptolemy.domains.de.kernel.DEDirector.fire(DEDirector.java:502)
	at ptolemy.actor.CompositeActor.fire(CompositeActor.java:455)
	at ptolemy.actor.Manager.iterate(Manager.java:851)
	at ptolemy.actor.Manager.execute(Manager.java:369)
	at ptolemy.actor.Manager.run(Manager.java:1263)
	at ptolemy.actor.Manager$PtolemyRunThread.run(Manager.java:1915)

    while executing
ptolemy.kernel.util.IllegalActionException: Test fails in iteration 1.
Value was: 1.0. Should have been: 2.0
  in .DirectFeedback.Test
    while executing
"java::new ptolemy.moml.MoMLSimpleApplication $file
"
    (procedure "createAndExecute" line 2)
    invoked from within
"createAndExecute $file"
    ("uplevel" body line 5)
    invoked from within
"uplevel $contents_of_test"
------------------ testing $PTII/ptolemy/domains/de/test/auto/ActorDepthCalculation_actorWithoutPorts.xml
auto.tcl: Setting watchdog for 200 seconds at Sat Sep 22 02:14:15 UTC 2018
5 ms. Memory: 146944K Free: 132342K (90%)
ptolemy.util.test.WatchDog.cancel(): canceling Sat Sep 22 02:14:15 UTC 2018
auto.tcl: Setting watchdog for 200 seconds at Sat Sep 22 02:14:15 UTC 2018
5 ms. Memory: 146944K Free: 131298K (89%)
ptolemy.util.test.WatchDog.cancel(): canceling Sat Sep 22 02:14:15 UTC 2018
------------------ testing $PTII/ptolemy/domains/de/test/auto/AssemblyLine.xml
auto.tcl: Setting watchdog for 200 seconds at Sat Sep 22 02:14:15 UTC 2018
24 ms. Memory: 208384K Free: 182799K (88%)
ptolemy.util.test.WatchDog.cancel(): canceling Sat Sep 22 02:14:16 UTC 2018
auto.tcl: Setting watchdog for 200 seconds at Sat Sep 22 02:14:16 UTC 2018
20 ms. Memory: 208384K Free: 182799K (88%)
ptolemy.util.test.WatchDog.cancel(): canceling Sat Sep 22 02:14:16 UTC 2018
------------------ testing $PTII/ptolemy/domains/de/test/auto/CQBug1.xml
auto.tcl: Setting watchdog for 200 seconds at Sat Sep 22 02:14:16 UTC 2018
3 ms. Memory: 208384K Free: 197687K (95%)
ptolemy.util.test.WatchDog.cancel(): canceling Sat Sep 22 02:14:16 UTC 2018
auto.tcl: Setting watchdog for 200 seconds at Sat Sep 22 02:14:16 UTC 2018
3 ms. Memory: 208384K Free: 197687K (95%)
ptolemy.util.test.WatchDog.cancel(): canceling Sat Sep 22 02:14:16 UTC 2018
------------------ testing $PTII/ptolemy/domains/de/test/auto/CancelFireAt.xml
auto.tcl: Setting watchdog for 200 seconds at Sat Sep 22 02:14:16 UTC 2018
4 ms. Memory: 208384K Free: 201413K (97%)
ptolemy.util.test.WatchDog.cancel(): canceling Sat Sep 22 02:14:16 UTC 2018
auto.tcl: Setting watchdog for 200 seconds at Sat Sep 22 02:14:16 UTC 2018
3 ms. Memory: 208384K Free: 199307K (96%)
ptolemy.util.test.WatchDog.cancel(): canceling Sat Sep 22 02:14:16 UTC 2018
------------------ testing $PTII/ptolemy/domains/de/test/auto/CausalityAndComposabilityAnalysis.xml
auto.tcl: Setting watchdog for 200 seconds at Sat Sep 22 02:14:16 UTC 2018
12 ms. Memory: 208384K Free: 196462K (94%)
ptolemy.util.test.WatchDog.cancel(): canceling Sat Sep 22 02:14:16 UTC 2018
auto.tcl: Setting watchdog for 200 seconds at Sat Sep 22 02:14:16 UTC 2018
13 ms. Memory: 208384K Free: 196462K (94%)
ptolemy.util.test.WatchDog.cancel(): canceling Sat Sep 22 02:14:16 UTC 2018
------------------ testing $PTII/ptolemy/domains/de/test/auto/CausalityInterface1.xml
auto.tcl: Setting watchdog for 200 seconds at Sat Sep 22 02:14:16 UTC 2018
15 ms. Memory: 208384K Free: 196397K (94%)
ptolemy.util.test.WatchDog.cancel(): canceling Sat Sep 22 02:14:16 UTC 2018
auto.tcl: Setting watchdog for 200 seconds at Sat Sep 22 02:14:16 UTC 2018
4 ms. Memory: 208384K Free: 196397K (94%)
ptolemy.util.test.WatchDog.cancel(): canceling Sat Sep 22 02:14:16 UTC 2018
------------------ testing $PTII/ptolemy/domains/de/test/auto/CausalityInterface15.xml
auto.tcl: Setting watchdog for 200 seconds at Sat Sep 22 02:14:16 UTC 2018
23 ms. Memory: 208384K Free: 196388K (94%)
ptolemy.util.test.WatchDog.cancel(): canceling Sat Sep 22 02:14:16 UTC 2018
auto.tcl: Setting watchdog for 200 seconds at Sat Sep 22 02:14:16 UTC 2018
12 ms. Memory: 208384K Free: 196388K (94%)
ptolemy.util.test.WatchDog.cancel(): canceling Sat Sep 22 02:14:16 UTC 2018
------------------ testing $PTII/ptolemy/domains/de/test/auto/CausalityInterface2.xml
auto.tcl: Setting watchdog for 200 seconds at Sat Sep 22 02:14:16 UTC 2018
3 ms. Memory: 208384K Free: 196372K (94%)
ptolemy.util.test.WatchDog.cancel(): canceling Sat Sep 22 02:14:16 UTC 2018
auto.tcl: Setting watchdog for 200 seconds at Sat Sep 22 02:14:16 UTC 2018
3 ms. Memory: 208384K Free: 196372K (94%)
ptolemy.util.test.WatchDog.cancel(): canceling Sat Sep 22 02:14:16 UTC 2018
------------------ testing $PTII/ptolemy/domains/de/test/auto/CausalityInterface3.xml
auto.tcl: Setting watchdog for 200 seconds at Sat Sep 22 02:14:16 UTC 2018
8 ms. Memory: 208384K Free: 196386K (94%)
ptolemy.util.test.WatchDog.cancel(): canceling Sat Sep 22 02:14:16 UTC 2018
auto.tcl: Setting watchdog for 200 seconds at Sat Sep 22 02:14:16 UTC 2018
7 ms. Memory: 208384K Free: 196386K (94%)
ptolemy.util.test.WatchDog.cancel(): canceling Sat Sep 22 02:14:16 UTC 2018
------------------ testing $PTII/ptolemy/domains/de/test/auto/ClockDrift.xml
auto.tcl: Setting watchdog for 200 seconds at Sat Sep 22 02:14:16 UTC 2018
113 ms. Memory: 208384K Free: 187598K (90%)
ptolemy.util.test.WatchDog.cancel(): canceling Sat Sep 22 02:14:17 UTC 2018
auto.tcl: Setting watchdog for 200 seconds at Sat Sep 22 02:14:17 UTC 2018
69 ms. Memory: 208384K Free: 185492K (89%)
ptolemy.util.test.WatchDog.cancel(): canceling Sat Sep 22 02:14:17 UTC 2018
------------------ testing $PTII/ptolemy/domains/de/test/auto/ClockDriftAndValueChange.xml
auto.tcl: Setting watchdog for 200 seconds at Sat Sep 22 02:14:17 UTC 2018
50 ms. Memory: 208384K Free: 187431K (90%)
ptolemy.util.test.WatchDog.cancel(): canceling Sat Sep 22 02:14:17 UTC 2018
auto.tcl: Setting watchdog for 200 seconds at Sat Sep 22 02:14:17 UTC 2018
23 ms. Memory: 208384K Free: 185325K (89%)
ptolemy.util.test.WatchDog.cancel(): canceling Sat Sep 22 02:14:17 UTC 2018
------------------ testing $PTII/ptolemy/domains/de/test/auto/ClockDriftChange.xml
auto.tcl: Setting watchdog for 200 seconds at Sat Sep 22 02:14:17 UTC 2018
30 ms. Memory: 208384K Free: 190759K (92%)
ptolemy.util.test.WatchDog.cancel(): canceling Sat Sep 22 02:14:17 UTC 2018
auto.tcl: Setting watchdog for 200 seconds at Sat Sep 22 02:14:17 UTC 2018
35 ms. Memory: 208384K Free: 188654K (91%)
ptolemy.util.test.WatchDog.cancel(): canceling Sat Sep 22 02:14:17 UTC 2018
------------------ testing $PTII/ptolemy/domains/de/test/auto/ComposableCausalityAnalysis.xml
auto.tcl: Setting watchdog for 200 seconds at Sat Sep 22 02:14:17 UTC 2018
2 ms. Memory: 208384K Free: 195994K (94%)
ptolemy.util.test.WatchDog.cancel(): canceling Sat Sep 22 02:14:17 UTC 2018
auto.tcl: Setting watchdog for 200 seconds at Sat Sep 22 02:14:17 UTC 2018
2 ms. Memory: 208384K Free: 193888K (93%)
ptolemy.util.test.WatchDog.cancel(): canceling Sat Sep 22 02:14:17 UTC 2018
------------------ testing $PTII/ptolemy/domains/de/test/auto/DEFixedPointLimitation.xml
auto.tcl: Setting watchdog for 200 seconds at Sat Sep 22 02:14:17 UTC 2018
2 ms. Memory: 208384K Free: 196074K (94%)
ptolemy.util.test.WatchDog.cancel(): canceling Sat Sep 22 02:14:17 UTC 2018
auto.tcl: Setting watchdog for 200 seconds at Sat Sep 22 02:14:17 UTC 2018
1 ms. Memory: 208384K Free: 196074K (94%)
ptolemy.util.test.WatchDog.cancel(): canceling Sat Sep 22 02:14:17 UTC 2018
------------------ testing $PTII/ptolemy/domains/de/test/auto/DEScheduleTest.xml
auto.tcl: Setting watchdog for 200 seconds at Sat Sep 22 02:14:17 UTC 2018
4 ms. Memory: 208384K Free: 198216K (95%)
ptolemy.util.test.WatchDog.cancel(): canceling Sat Sep 22 02:14:17 UTC 2018
auto.tcl: Setting watchdog for 200 seconds at Sat Sep 22 02:14:17 UTC 2018
6 ms. Memory: 208384K Free: 196110K (94%)
ptolemy.util.test.WatchDog.cancel(): canceling Sat Sep 22 02:14:17 UTC 2018
------------------ testing $PTII/ptolemy/domains/de/test/auto/DEinDEwithStartTimes.xml
auto.tcl: Setting watchdog for 200 seconds at Sat Sep 22 02:14:17 UTC 2018
4 ms. Memory: 208384K Free: 196417K (94%)
ptolemy.util.test.WatchDog.cancel(): canceling Sat Sep 22 02:14:17 UTC 2018
auto.tcl: Setting watchdog for 200 seconds at Sat Sep 22 02:14:17 UTC 2018
4 ms. Memory: 208384K Free: 194311K (93%)
ptolemy.util.test.WatchDog.cancel(): canceling Sat Sep 22 02:14:17 UTC 2018
------------------ testing $PTII/ptolemy/domains/de/test/auto/DEinDEwithStartTimes2.xml
auto.tcl: Setting watchdog for 200 seconds at Sat Sep 22 02:14:18 UTC 2018
5 ms. Memory: 208384K Free: 196059K (94%)
ptolemy.util.test.WatchDog.cancel(): canceling Sat Sep 22 02:14:18 UTC 2018
auto.tcl: Setting watchdog for 200 seconds at Sat Sep 22 02:14:18 UTC 2018
8 ms. Memory: 208384K Free: 193953K (93%)
ptolemy.util.test.WatchDog.cancel(): canceling Sat Sep 22 02:14:18 UTC 2018
------------------ testing $PTII/ptolemy/domains/de/test/auto/DateDemo.xml
auto.tcl: Setting watchdog for 200 seconds at Sat Sep 22 02:14:18 UTC 2018
11 ms. Memory: 208384K Free: 188471K (90%)
ptolemy.util.test.WatchDog.cancel(): canceling Sat Sep 22 02:14:18 UTC 2018
auto.tcl: Setting watchdog for 200 seconds at Sat Sep 22 02:14:18 UTC 2018
7 ms. Memory: 208384K Free: 186365K (89%)
ptolemy.util.test.WatchDog.cancel(): canceling Sat Sep 22 02:14:18 UTC 2018
------------------ testing $PTII/ptolemy/domains/de/test/auto/DateToEvent.xml
auto.tcl: Setting watchdog for 200 seconds at Sat Sep 22 02:14:18 UTC 2018
2009 ms. Memory: 208384K Free: 183176K (88%)
ptolemy.util.test.WatchDog.cancel(): canceling Sat Sep 22 02:14:20 UTC 2018
auto.tcl: Setting watchdog for 200 seconds at Sat Sep 22 02:14:20 UTC 2018
2005 ms. Memory: 208384K Free: 180718K (87%)
ptolemy.util.test.WatchDog.cancel(): canceling Sat Sep 22 02:14:22 UTC 2018
------------------ testing $PTII/ptolemy/domains/de/test/auto/DepthTest1.xml
auto.tcl: Setting watchdog for 200 seconds at Sat Sep 22 02:14:22 UTC 2018
3 ms. Memory: 208384K Free: 197744K (95%)
ptolemy.util.test.WatchDog.cancel(): canceling Sat Sep 22 02:14:22 UTC 2018
auto.tcl: Setting watchdog for 200 seconds at Sat Sep 22 02:14:22 UTC 2018
7 ms. Memory: 208384K Free: 197744K (95%)
ptolemy.util.test.WatchDog.cancel(): canceling Sat Sep 22 02:14:22 UTC 2018
------------------ testing $PTII/ptolemy/domains/de/test/auto/DepthTest2.xml
auto.tcl: Setting watchdog for 200 seconds at Sat Sep 22 02:14:22 UTC 2018
6 ms. Memory: 208384K Free: 193933K (93%)
ptolemy.util.test.WatchDog.cancel(): canceling Sat Sep 22 02:14:22 UTC 2018
auto.tcl: Setting watchdog for 200 seconds at Sat Sep 22 02:14:22 UTC 2018
6 ms. Memory: 208384K Free: 193933K (93%)
ptolemy.util.test.WatchDog.cancel(): canceling Sat Sep 22 02:14:22 UTC 2018
------------------ testing $PTII/ptolemy/domains/de/test/auto/DepthTest3.xml
auto.tcl: Setting watchdog for 200 seconds at Sat Sep 22 02:14:22 UTC 2018
3 ms. Memory: 208384K Free: 198077K (95%)
ptolemy.util.test.WatchDog.cancel(): canceling Sat Sep 22 02:14:22 UTC 2018
auto.tcl: Setting watchdog for 200 seconds at Sat Sep 22 02:14:22 UTC 2018
2 ms. Memory: 208384K Free: 198077K (95%)
ptolemy.util.test.WatchDog.cancel(): canceling Sat Sep 22 02:14:22 UTC 2018
------------------ testing $PTII/ptolemy/domains/de/test/auto/DepthTest4.xml
auto.tcl: Setting watchdog for 200 seconds at Sat Sep 22 02:14:22 UTC 2018
4 ms. Memory: 208384K Free: 196059K (94%)
ptolemy.util.test.WatchDog.cancel(): canceling Sat Sep 22 02:14:22 UTC 2018
auto.tcl: Setting watchdog for 200 seconds at Sat Sep 22 02:14:22 UTC 2018
3 ms. Memory: 208384K Free: 196059K (94%)
ptolemy.util.test.WatchDog.cancel(): canceling Sat Sep 22 02:14:22 UTC 2018
------------------ testing $PTII/ptolemy/domains/de/test/auto/DepthTest5.xml
auto.tcl: Setting watchdog for 200 seconds at Sat Sep 22 02:14:22 UTC 2018
4 ms. Memory: 208384K Free: 196006K (94%)
ptolemy.util.test.WatchDog.cancel(): canceling Sat Sep 22 02:14:22 UTC 2018
auto.tcl: Setting watchdog for 200 seconds at Sat Sep 22 02:14:22 UTC 2018
2 ms. Memory: 208384K Free: 196006K (94%)
ptolemy.util.test.WatchDog.cancel(): canceling Sat Sep 22 02:14:22 UTC 2018
------------------ testing $PTII/ptolemy/domains/de/test/auto/DepthTest6.xml
auto.tcl: Setting watchdog for 200 seconds at Sat Sep 22 02:14:22 UTC 2018
13 ms. Memory: 208384K Free: 196312K (94%)
ptolemy.util.test.WatchDog.cancel(): canceling Sat Sep 22 02:14:22 UTC 2018
auto.tcl: Setting watchdog for 200 seconds at Sat Sep 22 02:14:22 UTC 2018
3 ms. Memory: 208384K Free: 196312K (94%)
ptolemy.util.test.WatchDog.cancel(): canceling Sat Sep 22 02:14:22 UTC 2018
------------------ testing $PTII/ptolemy/domains/de/test/auto/DepthTest7.xml
auto.tcl: Setting watchdog for 200 seconds at Sat Sep 22 02:14:22 UTC 2018
3 ms. Memory: 208384K Free: 195963K (94%)
ptolemy.util.test.WatchDog.cancel(): canceling Sat Sep 22 02:14:22 UTC 2018
auto.tcl: Setting watchdog for 200 seconds at Sat Sep 22 02:14:22 UTC 2018
2 ms. Memory: 208384K Free: 195963K (94%)
ptolemy.util.test.WatchDog.cancel(): canceling Sat Sep 22 02:14:22 UTC 2018
------------------ testing $PTII/ptolemy/domains/de/test/auto/EventToDate.xml
auto.tcl: Setting watchdog for 200 seconds at Sat Sep 22 02:14:22 UTC 2018
3012 ms. Memory: 208384K Free: 185455K (89%)
ptolemy.util.test.WatchDog.cancel(): canceling Sat Sep 22 02:14:26 UTC 2018
auto.tcl: Setting watchdog for 200 seconds at Sat Sep 22 02:14:26 UTC 2018
3004 ms. Memory: 208384K Free: 185455K (89%)
ptolemy.util.test.WatchDog.cancel(): canceling Sat Sep 22 02:14:29 UTC 2018
------------------ testing $PTII/ptolemy/domains/de/test/auto/FSM1.xml
auto.tcl: Setting watchdog for 200 seconds at Sat Sep 22 02:14:29 UTC 2018
37 ms. Memory: 208384K Free: 189003K (91%)
ptolemy.util.test.WatchDog.cancel(): canceling Sat Sep 22 02:14:29 UTC 2018
auto.tcl: Setting watchdog for 200 seconds at Sat Sep 22 02:14:29 UTC 2018
27 ms. Memory: 208384K Free: 184791K (89%)
ptolemy.util.test.WatchDog.cancel(): canceling Sat Sep 22 02:14:29 UTC 2018
------------------ testing $PTII/ptolemy/domains/de/test/auto/FSM7.xml
auto.tcl: Setting watchdog for 200 seconds at Sat Sep 22 02:14:29 UTC 2018
29 ms. Memory: 208384K Free: 187102K (90%)
ptolemy.util.test.WatchDog.cancel(): canceling Sat Sep 22 02:14:29 UTC 2018
auto.tcl: Setting watchdog for 200 seconds at Sat Sep 22 02:14:29 UTC 2018
24 ms. Memory: 208384K Free: 184996K (89%)
ptolemy.util.test.WatchDog.cancel(): canceling Sat Sep 22 02:14:29 UTC 2018
------------------ testing $PTII/ptolemy/domains/de/test/auto/Inspection.xml
auto.tcl: Setting watchdog for 200 seconds at Sat Sep 22 02:14:29 UTC 2018
59 ms. Memory: 208384K Free: 188651K (91%)
ptolemy.util.test.WatchDog.cancel(): canceling Sat Sep 22 02:14:29 UTC 2018
auto.tcl: Setting watchdog for 200 seconds at Sat Sep 22 02:14:29 UTC 2018
37 ms. Memory: 208384K Free: 186545K (90%)
ptolemy.util.test.WatchDog.cancel(): canceling Sat Sep 22 02:14:29 UTC 2018
------------------ testing $PTII/ptolemy/domains/de/test/auto/Iteration.xml
auto.tcl: Setting watchdog for 200 seconds at Sat Sep 22 02:14:29 UTC 2018
12 ms. Memory: 208384K Free: 196107K (94%)
ptolemy.util.test.WatchDog.cancel(): canceling Sat Sep 22 02:14:29 UTC 2018
auto.tcl: Setting watchdog for 200 seconds at Sat Sep 22 02:14:29 UTC 2018
9 ms. Memory: 208384K Free: 194001K (93%)
ptolemy.util.test.WatchDog.cancel(): canceling Sat Sep 22 02:14:29 UTC 2018
------------------ testing $PTII/ptolemy/domains/de/test/auto/LineFault.xml
auto.tcl: Setting watchdog for 200 seconds at Sat Sep 22 02:14:29 UTC 2018
790 ms. Memory: 208384K Free: 194572K (93%)
ptolemy.util.test.WatchDog.cancel(): canceling Sat Sep 22 02:14:30 UTC 2018
auto.tcl: Setting watchdog for 200 seconds at Sat Sep 22 02:14:30 UTC 2018
616 ms. Memory: 208384K Free: 138925K (67%)
ptolemy.util.test.WatchDog.cancel(): canceling Sat Sep 22 02:14:31 UTC 2018
------------------ testing $PTII/ptolemy/domains/de/test/auto/MergeModel1Add.xml
auto.tcl: Setting watchdog for 200 seconds at Sat Sep 22 02:14:31 UTC 2018
27 ms. Memory: 331264K Free: 298768K (90%)
ptolemy.util.test.WatchDog.cancel(): canceling Sat Sep 22 02:14:31 UTC 2018
auto.tcl: Setting watchdog for 200 seconds at Sat Sep 22 02:14:31 UTC 2018
12 ms. Memory: 331264K Free: 298768K (90%)
ptolemy.util.test.WatchDog.cancel(): canceling Sat Sep 22 02:14:31 UTC 2018
------------------ testing $PTII/ptolemy/domains/de/test/auto/MergeModel2Add.xml
auto.tcl: Setting watchdog for 200 seconds at Sat Sep 22 02:14:31 UTC 2018
9 ms. Memory: 331264K Free: 304043K (92%)
ptolemy.util.test.WatchDog.cancel(): canceling Sat Sep 22 02:14:31 UTC 2018
auto.tcl: Setting watchdog for 200 seconds at Sat Sep 22 02:14:31 UTC 2018
13 ms. Memory: 331264K Free: 300128K (91%)
ptolemy.util.test.WatchDog.cancel(): canceling Sat Sep 22 02:14:31 UTC 2018
------------------ testing $PTII/ptolemy/domains/de/test/auto/MergeModel3Add.xml
auto.tcl: Setting watchdog for 200 seconds at Sat Sep 22 02:14:31 UTC 2018
10 ms. Memory: 331264K Free: 304047K (92%)
ptolemy.util.test.WatchDog.cancel(): canceling Sat Sep 22 02:14:31 UTC 2018
auto.tcl: Setting watchdog for 200 seconds at Sat Sep 22 02:14:31 UTC 2018
11 ms. Memory: 331264K Free: 300132K (91%)
ptolemy.util.test.WatchDog.cancel(): canceling Sat Sep 22 02:14:31 UTC 2018
------------------ testing $PTII/ptolemy/domains/de/test/auto/MergeWithoutDiscard.xml
auto.tcl: Setting watchdog for 200 seconds at Sat Sep 22 02:14:32 UTC 2018
2 ms. Memory: 331264K Free: 319998K (97%)
ptolemy.util.test.WatchDog.cancel(): canceling Sat Sep 22 02:14:32 UTC 2018
auto.tcl: Setting watchdog for 200 seconds at Sat Sep 22 02:14:32 UTC 2018
1 ms. Memory: 331264K Free: 316083K (95%)
ptolemy.util.test.WatchDog.cancel(): canceling Sat Sep 22 02:14:32 UTC 2018
------------------ testing $PTII/ptolemy/domains/de/test/auto/Modal1.xml
auto.tcl: Setting watchdog for 200 seconds at Sat Sep 22 02:14:32 UTC 2018
17 ms. Memory: 331264K Free: 309723K (93%)
ptolemy.util.test.WatchDog.cancel(): canceling Sat Sep 22 02:14:32 UTC 2018
auto.tcl: Setting watchdog for 200 seconds at Sat Sep 22 02:14:32 UTC 2018
25 ms. Memory: 331264K Free: 305800K (92%)
ptolemy.util.test.WatchDog.cancel(): canceling Sat Sep 22 02:14:32 UTC 2018
------------------ testing $PTII/ptolemy/domains/de/test/auto/Modal2.xml
auto.tcl: Setting watchdog for 200 seconds at Sat Sep 22 02:14:32 UTC 2018
15 ms. Memory: 331264K Free: 304673K (92%)
ptolemy.util.test.WatchDog.cancel(): canceling Sat Sep 22 02:14:32 UTC 2018
auto.tcl: Setting watchdog for 200 seconds at Sat Sep 22 02:14:32 UTC 2018
12 ms. Memory: 331264K Free: 300742K (91%)
ptolemy.util.test.WatchDog.cancel(): canceling Sat Sep 22 02:14:32 UTC 2018
------------------ testing $PTII/ptolemy/domains/de/test/auto/Modal3.xml
auto.tcl: Setting watchdog for 200 seconds at Sat Sep 22 02:14:32 UTC 2018
11 ms. Memory: 331264K Free: 309872K (94%)
ptolemy.util.test.WatchDog.cancel(): canceling Sat Sep 22 02:14:32 UTC 2018
auto.tcl: Setting watchdog for 200 seconds at Sat Sep 22 02:14:32 UTC 2018
11 ms. Memory: 331264K Free: 305940K (92%)
ptolemy.util.test.WatchDog.cancel(): canceling Sat Sep 22 02:14:32 UTC 2018
------------------ testing $PTII/ptolemy/domains/de/test/auto/Modal4.xml
auto.tcl: Setting watchdog for 200 seconds at Sat Sep 22 02:14:32 UTC 2018
23 ms. Memory: 331264K Free: 309608K (93%)
ptolemy.util.test.WatchDog.cancel(): canceling Sat Sep 22 02:14:32 UTC 2018
auto.tcl: Setting watchdog for 200 seconds at Sat Sep 22 02:14:32 UTC 2018
23 ms. Memory: 331264K Free: 305685K (92%)
ptolemy.util.test.WatchDog.cancel(): canceling Sat Sep 22 02:14:32 UTC 2018
------------------ testing $PTII/ptolemy/domains/de/test/auto/Modal5.xml
auto.tcl: Setting watchdog for 200 seconds at Sat Sep 22 02:14:32 UTC 2018
18 ms. Memory: 331264K Free: 309595K (93%)
ptolemy.util.test.WatchDog.cancel(): canceling Sat Sep 22 02:14:32 UTC 2018
auto.tcl: Setting watchdog for 200 seconds at Sat Sep 22 02:14:32 UTC 2018
16 ms. Memory: 331264K Free: 305672K (92%)
ptolemy.util.test.WatchDog.cancel(): canceling Sat Sep 22 02:14:32 UTC 2018
------------------ testing $PTII/ptolemy/domains/de/test/auto/Modal6.xml
auto.tcl: Setting watchdog for 200 seconds at Sat Sep 22 02:14:32 UTC 2018
12 ms. Memory: 331264K Free: 309592K (93%)
ptolemy.util.test.WatchDog.cancel(): canceling Sat Sep 22 02:14:32 UTC 2018
auto.tcl: Setting watchdog for 200 seconds at Sat Sep 22 02:14:32 UTC 2018
15 ms. Memory: 331264K Free: 305661K (92%)
ptolemy.util.test.WatchDog.cancel(): canceling Sat Sep 22 02:14:32 UTC 2018
------------------ testing $PTII/ptolemy/domains/de/test/auto/Modal7.xml
auto.tcl: Setting watchdog for 200 seconds at Sat Sep 22 02:14:32 UTC 2018
11 ms. Memory: 331264K Free: 309561K (93%)
ptolemy.util.test.WatchDog.cancel(): canceling Sat Sep 22 02:14:32 UTC 2018
auto.tcl: Setting watchdog for 200 seconds at Sat Sep 22 02:14:32 UTC 2018
11 ms. Memory: 331264K Free: 305646K (92%)
ptolemy.util.test.WatchDog.cancel(): canceling Sat Sep 22 02:14:32 UTC 2018
------------------ testing $PTII/ptolemy/domains/de/test/auto/ModalModel.xml
auto.tcl: Setting watchdog for 200 seconds at Sat Sep 22 02:14:32 UTC 2018
216 ms. Memory: 331264K Free: 248429K (75%)
ptolemy.util.test.WatchDog.cancel(): canceling Sat Sep 22 02:14:33 UTC 2018
auto.tcl: Setting watchdog for 200 seconds at Sat Sep 22 02:14:33 UTC 2018
224 ms. Memory: 331264K Free: 193496K (58%)
ptolemy.util.test.WatchDog.cancel(): canceling Sat Sep 22 02:14:33 UTC 2018
------------------ testing $PTII/ptolemy/domains/de/test/auto/ModalSource.xml
auto.tcl: Setting watchdog for 200 seconds at Sat Sep 22 02:14:33 UTC 2018
10 ms. Memory: 331264K Free: 316296K (95%)
ptolemy.util.test.WatchDog.cancel(): canceling Sat Sep 22 02:14:33 UTC 2018
auto.tcl: Setting watchdog for 200 seconds at Sat Sep 22 02:14:33 UTC 2018
7 ms. Memory: 331264K Free: 312788K (94%)
ptolemy.util.test.WatchDog.cancel(): canceling Sat Sep 22 02:14:33 UTC 2018
------------------ testing $PTII/ptolemy/domains/de/test/auto/NonInterruptibleTimerZeroDelay.xml
auto.tcl: Setting watchdog for 200 seconds at Sat Sep 22 02:14:33 UTC 2018
4 ms. Memory: 331264K Free: 320642K (97%)
ptolemy.util.test.WatchDog.cancel(): canceling Sat Sep 22 02:14:33 UTC 2018
auto.tcl: Setting watchdog for 200 seconds at Sat Sep 22 02:14:33 UTC 2018
3 ms. Memory: 331264K Free: 317118K (96%)
ptolemy.util.test.WatchDog.cancel(): canceling Sat Sep 22 02:14:33 UTC 2018
------------------ testing $PTII/ptolemy/domains/de/test/auto/OpenQueueingNetwork.xml
auto.tcl: Setting watchdog for 200 seconds at Sat Sep 22 02:14:33 UTC 2018
3625 ms. Memory: 317952K Free: 157213K (49%)
ptolemy.util.test.WatchDog.cancel(): canceling Sat Sep 22 02:14:37 UTC 2018
auto.tcl: Setting watchdog for 200 seconds at Sat Sep 22 02:14:37 UTC 2018
2766 ms. Memory: 287232K Free: 242624K (84%)
ptolemy.util.test.WatchDog.cancel(): canceling Sat Sep 22 02:14:40 UTC 2018
------------------ testing $PTII/ptolemy/domains/de/test/auto/OpenQueuingNetwork.xml
auto.tcl: Setting watchdog for 200 seconds at Sat Sep 22 02:14:40 UTC 2018
285 ms. Memory: 287232K Free: 190554K (66%)
ptolemy.util.test.WatchDog.cancel(): canceling Sat Sep 22 02:14:40 UTC 2018
auto.tcl: Setting watchdog for 200 seconds at Sat Sep 22 02:14:40 UTC 2018
283 ms. Memory: 287232K Free: 130261K (45%)
ptolemy.util.test.WatchDog.cancel(): canceling Sat Sep 22 02:14:40 UTC 2018
------------------ testing $PTII/ptolemy/domains/de/test/auto/PeriodicSampler.xml
auto.tcl: Setting watchdog for 200 seconds at Sat Sep 22 02:14:40 UTC 2018
5 ms. Memory: 289792K Free: 274624K (95%)
ptolemy.util.test.WatchDog.cancel(): canceling Sat Sep 22 02:14:40 UTC 2018
auto.tcl: Setting watchdog for 200 seconds at Sat Sep 22 02:14:40 UTC 2018
2 ms. Memory: 289792K Free: 274624K (95%)
ptolemy.util.test.WatchDog.cancel(): canceling Sat Sep 22 02:14:40 UTC 2018
------------------ testing $PTII/ptolemy/domains/de/test/auto/PersistentIO.xml
auto.tcl: Setting watchdog for 200 seconds at Sat Sep 22 02:14:40 UTC 2018
6 ms. Memory: 287232K Free: 266914K (93%)
ptolemy.util.test.WatchDog.cancel(): canceling Sat Sep 22 02:14:41 UTC 2018
auto.tcl: Setting watchdog for 200 seconds at Sat Sep 22 02:14:41 UTC 2018
4 ms. Memory: 287232K Free: 266914K (93%)
ptolemy.util.test.WatchDog.cancel(): canceling Sat Sep 22 02:14:41 UTC 2018
------------------ testing $PTII/ptolemy/domains/de/test/auto/PortParameterResetOnInitialize.xml
auto.tcl: Setting watchdog for 200 seconds at Sat Sep 22 02:14:41 UTC 2018
3 ms. Memory: 289280K Free: 274573K (95%)
ptolemy.util.test.WatchDog.cancel(): canceling Sat Sep 22 02:14:41 UTC 2018
auto.tcl: Setting watchdog for 200 seconds at Sat Sep 22 02:14:41 UTC 2018
2 ms. Memory: 289280K Free: 274573K (95%)
ptolemy.util.test.WatchDog.cancel(): canceling Sat Sep 22 02:14:41 UTC 2018
------------------ testing $PTII/ptolemy/domains/de/test/auto/PortParameterUpdates.xml
auto.tcl: Setting watchdog for 200 seconds at Sat Sep 22 02:14:41 UTC 2018
6 ms. Memory: 287232K Free: 272666K (95%)
ptolemy.util.test.WatchDog.cancel(): canceling Sat Sep 22 02:14:41 UTC 2018
auto.tcl: Setting watchdog for 200 seconds at Sat Sep 22 02:14:41 UTC 2018
9 ms. Memory: 287232K Free: 269667K (94%)
ptolemy.util.test.WatchDog.cancel(): canceling Sat Sep 22 02:14:41 UTC 2018
------------------ testing $PTII/ptolemy/domains/de/test/auto/QueueAndServer.xml
auto.tcl: Setting watchdog for 200 seconds at Sat Sep 22 02:14:41 UTC 2018
8 ms. Memory: 289280K Free: 273760K (95%)
ptolemy.util.test.WatchDog.cancel(): canceling Sat Sep 22 02:14:41 UTC 2018
auto.tcl: Setting watchdog for 200 seconds at Sat Sep 22 02:14:41 UTC 2018
7 ms. Memory: 289280K Free: 273760K (95%)
ptolemy.util.test.WatchDog.cancel(): canceling Sat Sep 22 02:14:41 UTC 2018
------------------ testing $PTII/ptolemy/domains/de/test/auto/Records.xml
auto.tcl: Setting watchdog for 200 seconds at Sat Sep 22 02:14:41 UTC 2018
5 ms. Memory: 287232K Free: 274519K (96%)
ptolemy.util.test.WatchDog.cancel(): canceling Sat Sep 22 02:14:41 UTC 2018
auto.tcl: Setting watchdog for 200 seconds at Sat Sep 22 02:14:41 UTC 2018
2 ms. Memory: 287232K Free: 274519K (96%)
ptolemy.util.test.WatchDog.cancel(): canceling Sat Sep 22 02:14:41 UTC 2018
------------------ testing $PTII/ptolemy/domains/de/test/auto/ResetTransitionWithStartTime1.xml
auto.tcl: Setting watchdog for 200 seconds at Sat Sep 22 02:14:41 UTC 2018
14 ms. Memory: 288768K Free: 273308K (95%)
ptolemy.util.test.WatchDog.cancel(): canceling Sat Sep 22 02:14:41 UTC 2018
auto.tcl: Setting watchdog for 200 seconds at Sat Sep 22 02:14:41 UTC 2018
10 ms. Memory: 288768K Free: 270316K (94%)
ptolemy.util.test.WatchDog.cancel(): canceling Sat Sep 22 02:14:41 UTC 2018
------------------ testing $PTII/ptolemy/domains/de/test/auto/ResetTransitionWithStartTime2.xml
auto.tcl: Setting watchdog for 200 seconds at Sat Sep 22 02:14:41 UTC 2018
10 ms. Memory: 287232K Free: 271747K (95%)
ptolemy.util.test.WatchDog.cancel(): canceling Sat Sep 22 02:14:41 UTC 2018
auto.tcl: Setting watchdog for 200 seconds at Sat Sep 22 02:14:41 UTC 2018
6 ms. Memory: 287232K Free: 268865K (94%)
ptolemy.util.test.WatchDog.cancel(): canceling Sat Sep 22 02:14:41 UTC 2018
------------------ testing $PTII/ptolemy/domains/de/test/auto/ResetTransitionWithStartTime3.xml
auto.tcl: Setting watchdog for 200 seconds at Sat Sep 22 02:14:41 UTC 2018
13 ms. Memory: 288768K Free: 273189K (95%)
ptolemy.util.test.WatchDog.cancel(): canceling Sat Sep 22 02:14:41 UTC 2018
auto.tcl: Setting watchdog for 200 seconds at Sat Sep 22 02:14:41 UTC 2018
7 ms. Memory: 288768K Free: 270307K (94%)
ptolemy.util.test.WatchDog.cancel(): canceling Sat Sep 22 02:14:41 UTC 2018
------------------ testing $PTII/ptolemy/domains/de/test/auto/ResetTransitionWithStartTime4.xml
auto.tcl: Setting watchdog for 200 seconds at Sat Sep 22 02:14:41 UTC 2018
4 ms. Memory: 287232K Free: 271660K (95%)
ptolemy.util.test.WatchDog.cancel(): canceling Sat Sep 22 02:14:41 UTC 2018
auto.tcl: Setting watchdog for 200 seconds at Sat Sep 22 02:14:41 UTC 2018
4 ms. Memory: 287232K Free: 271660K (95%)
ptolemy.util.test.WatchDog.cancel(): canceling Sat Sep 22 02:14:41 UTC 2018
------------------ testing $PTII/ptolemy/domains/de/test/auto/ResettableTimer1.xml
auto.tcl: Setting watchdog for 200 seconds at Sat Sep 22 02:14:41 UTC 2018
6 ms. Memory: 288768K Free: 276082K (96%)
ptolemy.util.test.WatchDog.cancel(): canceling Sat Sep 22 02:14:41 UTC 2018
auto.tcl: Setting watchdog for 200 seconds at Sat Sep 22 02:14:41 UTC 2018
2 ms. Memory: 288768K Free: 276082K (96%)
ptolemy.util.test.WatchDog.cancel(): canceling Sat Sep 22 02:14:41 UTC 2018
------------------ testing $PTII/ptolemy/domains/de/test/auto/ResettableTimer2.xml
auto.tcl: Setting watchdog for 200 seconds at Sat Sep 22 02:14:41 UTC 2018
2 ms. Memory: 287232K Free: 274689K (96%)
ptolemy.util.test.WatchDog.cancel(): canceling Sat Sep 22 02:14:41 UTC 2018
auto.tcl: Setting watchdog for 200 seconds at Sat Sep 22 02:14:41 UTC 2018
2 ms. Memory: 287232K Free: 274689K (96%)
ptolemy.util.test.WatchDog.cancel(): canceling Sat Sep 22 02:14:41 UTC 2018
------------------ testing $PTII/ptolemy/domains/de/test/auto/ResettableTimer3.xml
auto.tcl: Setting watchdog for 200 seconds at Sat Sep 22 02:14:41 UTC 2018
6 ms. Memory: 288256K Free: 275612K (96%)
ptolemy.util.test.WatchDog.cancel(): canceling Sat Sep 22 02:14:41 UTC 2018
auto.tcl: Setting watchdog for 200 seconds at Sat Sep 22 02:14:41 UTC 2018
0 ms. Memory: 288256K Free: 275612K (96%)
ptolemy.util.test.WatchDog.cancel(): canceling Sat Sep 22 02:14:41 UTC 2018
------------------ testing $PTII/ptolemy/domains/de/test/auto/ResettableTimer4.xml
auto.tcl: Setting watchdog for 200 seconds at Sat Sep 22 02:14:41 UTC 2018
1 ms. Memory: 287232K Free: 274702K (96%)
ptolemy.util.test.WatchDog.cancel(): canceling Sat Sep 22 02:14:41 UTC 2018
auto.tcl: Setting watchdog for 200 seconds at Sat Sep 22 02:14:41 UTC 2018
1 ms. Memory: 287232K Free: 274702K (96%)
ptolemy.util.test.WatchDog.cancel(): canceling Sat Sep 22 02:14:41 UTC 2018
------------------ testing $PTII/ptolemy/domains/de/test/auto/ResettableTimer5.xml
auto.tcl: Setting watchdog for 200 seconds at Sat Sep 22 02:14:41 UTC 2018
4 ms. Memory: 288256K Free: 273665K (95%)
ptolemy.util.test.WatchDog.cancel(): canceling Sat Sep 22 02:14:42 UTC 2018
auto.tcl: Setting watchdog for 200 seconds at Sat Sep 22 02:14:42 UTC 2018
1 ms. Memory: 288256K Free: 273665K (95%)
ptolemy.util.test.WatchDog.cancel(): canceling Sat Sep 22 02:14:42 UTC 2018
------------------ testing $PTII/ptolemy/domains/de/test/auto/ResettableTimer6.xml
auto.tcl: Setting watchdog for 200 seconds at Sat Sep 22 02:14:42 UTC 2018
2 ms. Memory: 287232K Free: 272490K (95%)
ptolemy.util.test.WatchDog.cancel(): canceling Sat Sep 22 02:14:42 UTC 2018
auto.tcl: Setting watchdog for 200 seconds at Sat Sep 22 02:14:42 UTC 2018
2 ms. Memory: 287232K Free: 272490K (95%)
ptolemy.util.test.WatchDog.cancel(): canceling Sat Sep 22 02:14:42 UTC 2018
------------------ testing $PTII/ptolemy/domains/de/test/auto/ServerZeroDelay.xml
auto.tcl: Setting watchdog for 200 seconds at Sat Sep 22 02:14:42 UTC 2018
6 ms. Memory: 288256K Free: 275664K (96%)
ptolemy.util.test.WatchDog.cancel(): canceling Sat Sep 22 02:14:42 UTC 2018
auto.tcl: Setting watchdog for 200 seconds at Sat Sep 22 02:14:42 UTC 2018
3 ms. Memory: 288256K Free: 275664K (96%)
ptolemy.util.test.WatchDog.cancel(): canceling Sat Sep 22 02:14:42 UTC 2018
------------------ testing $PTII/ptolemy/domains/de/test/auto/SmartSender.xml
auto.tcl: Setting watchdog for 200 seconds at Sat Sep 22 02:14:42 UTC 2018
3002 ms. Memory: 287232K Free: 272577K (95%)
ptolemy.util.test.WatchDog.cancel(): canceling Sat Sep 22 02:14:45 UTC 2018
auto.tcl: Setting watchdog for 200 seconds at Sat Sep 22 02:14:45 UTC 2018
3001 ms. Memory: 287232K Free: 272577K (95%)
ptolemy.util.test.WatchDog.cancel(): canceling Sat Sep 22 02:14:48 UTC 2018
------------------ testing $PTII/ptolemy/domains/de/test/auto/ThreadedComposite.xml
auto.tcl: Setting watchdog for 200 seconds at Sat Sep 22 02:14:48 UTC 2018
212 ms. Memory: 288256K Free: 252500K (88%)
ptolemy.util.test.WatchDog.cancel(): canceling Sat Sep 22 02:14:48 UTC 2018
auto.tcl: Setting watchdog for 200 seconds at Sat Sep 22 02:14:48 UTC 2018
150 ms. Memory: 288256K Free: 234386K (81%)
ptolemy.util.test.WatchDog.cancel(): canceling Sat Sep 22 02:14:48 UTC 2018
------------------ testing $PTII/ptolemy/domains/de/test/auto/Time.xml
auto.tcl: Setting watchdog for 200 seconds at Sat Sep 22 02:14:48 UTC 2018
665 ms. Memory: 287232K Free: 220752K (77%)
ptolemy.util.test.WatchDog.cancel(): canceling Sat Sep 22 02:14:49 UTC 2018
auto.tcl: Setting watchdog for 200 seconds at Sat Sep 22 02:14:49 UTC 2018
603 ms. Memory: 287232K Free: 165987K (58%)
ptolemy.util.test.WatchDog.cancel(): canceling Sat Sep 22 02:14:50 UTC 2018
------------------ testing $PTII/ptolemy/domains/de/test/auto/TimeDelayZeroDelay.xml
auto.tcl: Setting watchdog for 200 seconds at Sat Sep 22 02:14:50 UTC 2018
3 ms. Memory: 287744K Free: 275608K (96%)
ptolemy.util.test.WatchDog.cancel(): canceling Sat Sep 22 02:14:50 UTC 2018
auto.tcl: Setting watchdog for 200 seconds at Sat Sep 22 02:14:50 UTC 2018
2 ms. Memory: 287744K Free: 275608K (96%)
ptolemy.util.test.WatchDog.cancel(): canceling Sat Sep 22 02:14:50 UTC 2018
------------------ testing $PTII/ptolemy/domains/de/test/auto/TimerZeroDelay.xml
auto.tcl: Setting watchdog for 200 seconds at Sat Sep 22 02:14:50 UTC 2018
3 ms. Memory: 287232K Free: 275205K (96%)
ptolemy.util.test.WatchDog.cancel(): canceling Sat Sep 22 02:14:50 UTC 2018
auto.tcl: Setting watchdog for 200 seconds at Sat Sep 22 02:14:50 UTC 2018
2 ms. Memory: 287232K Free: 275205K (96%)
ptolemy.util.test.WatchDog.cancel(): canceling Sat Sep 22 02:14:50 UTC 2018
------------------ testing $PTII/ptolemy/domains/de/test/auto/TimingParadox.xml
auto.tcl: Setting watchdog for 200 seconds at Sat Sep 22 02:14:50 UTC 2018
375 ms. Memory: 287744K Free: 209521K (73%)
ptolemy.util.test.WatchDog.cancel(): canceling Sat Sep 22 02:14:50 UTC 2018
auto.tcl: Setting watchdog for 200 seconds at Sat Sep 22 02:14:50 UTC 2018
353 ms. Memory: 287744K Free: 173284K (60%)
ptolemy.util.test.WatchDog.cancel(): canceling Sat Sep 22 02:14:51 UTC 2018
------------------ testing $PTII/ptolemy/domains/de/test/auto/TransferInputs.xml
auto.tcl: Setting watchdog for 200 seconds at Sat Sep 22 02:14:51 UTC 2018
2 ms. Memory: 287744K Free: 274580K (95%)
ptolemy.util.test.WatchDog.cancel(): canceling Sat Sep 22 02:14:51 UTC 2018
auto.tcl: Setting watchdog for 200 seconds at Sat Sep 22 02:14:51 UTC 2018
2 ms. Memory: 287744K Free: 274580K (95%)
ptolemy.util.test.WatchDog.cancel(): canceling Sat Sep 22 02:14:51 UTC 2018
------------------ testing $PTII/ptolemy/domains/de/test/auto/TransferOutputs2.xml
auto.tcl: Setting watchdog for 200 seconds at Sat Sep 22 02:14:51 UTC 2018
4 ms. Memory: 287232K Free: 270511K (94%)
ptolemy.util.test.WatchDog.cancel(): canceling Sat Sep 22 02:14:51 UTC 2018
auto.tcl: Setting watchdog for 200 seconds at Sat Sep 22 02:14:51 UTC 2018
3 ms. Memory: 287232K Free: 267894K (93%)
ptolemy.util.test.WatchDog.cancel(): canceling Sat Sep 22 02:14:51 UTC 2018
------------------ testing $PTII/ptolemy/domains/de/test/auto/Trilateration.xml
auto.tcl: Setting watchdog for 200 seconds at Sat Sep 22 02:14:51 UTC 2018
13233 ms. Memory: 473088K Free: 295695K (63%)
ptolemy.util.test.WatchDog.cancel(): canceling Sat Sep 22 02:15:05 UTC 2018
auto.tcl: Setting watchdog for 200 seconds at Sat Sep 22 02:15:05 UTC 2018
10427 ms. Memory: 352256K Free: 255239K (72%)
ptolemy.util.test.WatchDog.cancel(): canceling Sat Sep 22 02:15:16 UTC 2018
------------------ testing $PTII/ptolemy/domains/de/test/auto/TwoSigmaDelta.xml
auto.tcl: Setting watchdog for 200 seconds at Sat Sep 22 02:15:16 UTC 2018
3018 ms. Memory: 339968K Free: 317673K (93%)
ptolemy.util.test.WatchDog.cancel(): canceling Sat Sep 22 02:15:19 UTC 2018
auto.tcl: Setting watchdog for 200 seconds at Sat Sep 22 02:15:19 UTC 2018
2135 ms. Memory: 339968K Free: 89174K (26%)
ptolemy.util.test.WatchDog.cancel(): canceling Sat Sep 22 02:15:21 UTC 2018
------------------ testing $PTII/ptolemy/domains/de/test/auto/VariableDelay.xml
auto.tcl: Setting watchdog for 200 seconds at Sat Sep 22 02:15:21 UTC 2018
3 ms. Memory: 337408K Free: 325575K (96%)
ptolemy.util.test.WatchDog.cancel(): canceling Sat Sep 22 02:15:21 UTC 2018
auto.tcl: Setting watchdog for 200 seconds at Sat Sep 22 02:15:21 UTC 2018
1 ms. Memory: 337408K Free: 321613K (95%)
ptolemy.util.test.WatchDog.cancel(): canceling Sat Sep 22 02:15:21 UTC 2018
------------------ testing $PTII/ptolemy/domains/de/test/auto/VariableDelay2.xml
auto.tcl: Setting watchdog for 200 seconds at Sat Sep 22 02:15:21 UTC 2018
7 ms. Memory: 339456K Free: 325470K (96%)
ptolemy.util.test.WatchDog.cancel(): canceling Sat Sep 22 02:15:21 UTC 2018
auto.tcl: Setting watchdog for 200 seconds at Sat Sep 22 02:15:21 UTC 2018
2 ms. Memory: 339456K Free: 321508K (95%)
ptolemy.util.test.WatchDog.cancel(): canceling Sat Sep 22 02:15:21 UTC 2018
------------------ testing $PTII/ptolemy/domains/de/test/auto/VariableDelayZeroDelay.xml
auto.tcl: Setting watchdog for 200 seconds at Sat Sep 22 02:15:21 UTC 2018
2 ms. Memory: 337408K Free: 323420K (96%)
ptolemy.util.test.WatchDog.cancel(): canceling Sat Sep 22 02:15:21 UTC 2018
auto.tcl: Setting watchdog for 200 seconds at Sat Sep 22 02:15:21 UTC 2018
2 ms. Memory: 337408K Free: 323420K (96%)
ptolemy.util.test.WatchDog.cancel(): canceling Sat Sep 22 02:15:21 UTC 2018
------------------ testing $PTII/ptolemy/domains/de/test/auto/VariableDelayZeroDelay2.xml
auto.tcl: Setting watchdog for 200 seconds at Sat Sep 22 02:15:21 UTC 2018
2 ms. Memory: 339456K Free: 325467K (96%)
ptolemy.util.test.WatchDog.cancel(): canceling Sat Sep 22 02:15:21 UTC 2018
auto.tcl: Setting watchdog for 200 seconds at Sat Sep 22 02:15:21 UTC 2018
2 ms. Memory: 339456K Free: 321521K (95%)
ptolemy.util.test.WatchDog.cancel(): canceling Sat Sep 22 02:15:21 UTC 2018
------------------ testing $PTII/ptolemy/domains/de/test/auto/deInCt.xml
auto.tcl: Setting watchdog for 200 seconds at Sat Sep 22 02:15:21 UTC 2018
0
1
1
1
1
0
0
0
0
1
1
1
0
0
1
1
1
0
0
0
1
1
1
0
0
1
1
1
0
0
0
0
0
1
1
1
1
0
0
0
0
8 ms. Memory: 337408K Free: 319454K (95%)
ptolemy.util.test.WatchDog.cancel(): canceling Sat Sep 22 02:15:21 UTC 2018
auto.tcl: Setting watchdog for 200 seconds at Sat Sep 22 02:15:21 UTC 2018
0
1
1
1
0
0
0
0
0
0
1
1
1
1
0
0
0
1
1
1
0
0
0
1
1
1
1
0
0
0
1
1
1
0
0
0
1
1
0
0
0
0
7 ms. Memory: 337408K Free: 319454K (95%)
ptolemy.util.test.WatchDog.cancel(): canceling Sat Sep 22 02:15:21 UTC 2018
------------------ testing $PTII/ptolemy/domains/de/test/auto/deInCt2.xml
auto.tcl: Setting watchdog for 200 seconds at Sat Sep 22 02:15:21 UTC 2018
0
1
1
1
0
0
1
1
1
0
0
1
1
1
0
0
1
1
1
0
0
1
1
1
0
0
1
1
1
0
0
1
1
1
0
0
1
1
1
0
0
0
8 ms. Memory: 338944K Free: 320986K (95%)
ptolemy.util.test.WatchDog.cancel(): canceling Sat Sep 22 02:15:22 UTC 2018
auto.tcl: Setting watchdog for 200 seconds at Sat Sep 22 02:15:22 UTC 2018
0
1
1
1
0
0
1
1
1
0
0
1
1
1
0
0
1
1
1
0
0
1
1
1
0
0
1
1
1
0
0
1
1
1
0
0
1
1
1
0
0
0
8 ms. Memory: 338944K Free: 320986K (95%)
ptolemy.util.test.WatchDog.cancel(): canceling Sat Sep 22 02:15:22 UTC 2018
------------------ testing $PTII/ptolemy/domains/de/test/auto/dynamicCausalityInterface1.xml
auto.tcl: Setting watchdog for 200 seconds at Sat Sep 22 02:15:22 UTC 2018
1 ms. Memory: 337408K Free: 315487K (94%)
ptolemy.util.test.WatchDog.cancel(): canceling Sat Sep 22 02:15:22 UTC 2018
auto.tcl: Setting watchdog for 200 seconds at Sat Sep 22 02:15:22 UTC 2018
1 ms. Memory: 337408K Free: 315487K (94%)
ptolemy.util.test.WatchDog.cancel(): canceling Sat Sep 22 02:15:22 UTC 2018
------------------ testing $PTII/ptolemy/domains/de/test/auto/fsm_de_test.xml
auto.tcl: Setting watchdog for 200 seconds at Sat Sep 22 02:15:22 UTC 2018
10 ms. Memory: 338944K Free: 316926K (94%)
ptolemy.util.test.WatchDog.cancel(): canceling Sat Sep 22 02:15:22 UTC 2018
auto.tcl: Setting watchdog for 200 seconds at Sat Sep 22 02:15:22 UTC 2018
9 ms. Memory: 338944K Free: 316926K (94%)
ptolemy.util.test.WatchDog.cancel(): canceling Sat Sep 22 02:15:22 UTC 2018
------------------ testing $PTII/ptolemy/domains/de/test/auto/functionDependencyReconstruction.xml
auto.tcl: Setting watchdog for 200 seconds at Sat Sep 22 02:15:22 UTC 2018
3 ms. Memory: 337408K Free: 311443K (92%)
ptolemy.util.test.WatchDog.cancel(): canceling Sat Sep 22 02:15:22 UTC 2018
auto.tcl: Setting watchdog for 200 seconds at Sat Sep 22 02:15:22 UTC 2018
3 ms. Memory: 337408K Free: 307481K (91%)
ptolemy.util.test.WatchDog.cancel(): canceling Sat Sep 22 02:15:22 UTC 2018
------------------ testing $PTII/ptolemy/domains/de/test/auto/multirate.xml
auto.tcl: Setting watchdog for 200 seconds at Sat Sep 22 02:15:22 UTC 2018
3 ms. Memory: 338432K Free: 320235K (95%)
ptolemy.util.test.WatchDog.cancel(): canceling Sat Sep 22 02:15:22 UTC 2018
auto.tcl: Setting watchdog for 200 seconds at Sat Sep 22 02:15:22 UTC 2018
6 ms. Memory: 338432K Free: 320231K (95%)
ptolemy.util.test.WatchDog.cancel(): canceling Sat Sep 22 02:15:22 UTC 2018
------------------ testing $PTII/ptolemy/domains/de/test/auto/multirate2.xml
auto.tcl: Setting watchdog for 200 seconds at Sat Sep 22 02:15:22 UTC 2018
5 ms. Memory: 337408K Free: 319416K (95%)
ptolemy.util.test.WatchDog.cancel(): canceling Sat Sep 22 02:15:22 UTC 2018
auto.tcl: Setting watchdog for 200 seconds at Sat Sep 22 02:15:22 UTC 2018
3 ms. Memory: 337408K Free: 319416K (95%)
ptolemy.util.test.WatchDog.cancel(): canceling Sat Sep 22 02:15:22 UTC 2018
------------------ testing $PTII/ptolemy/domains/de/test/auto/realtime.xml
auto.tcl: Setting watchdog for 200 seconds at Sat Sep 22 02:15:22 UTC 2018
10001 ms. Memory: 338432K Free: 324380K (96%)
ptolemy.util.test.WatchDog.cancel(): canceling Sat Sep 22 02:15:32 UTC 2018
auto.tcl: Setting watchdog for 200 seconds at Sat Sep 22 02:15:32 UTC 2018
10002 ms. Memory: 338432K Free: 320434K (95%)
ptolemy.util.test.WatchDog.cancel(): canceling Sat Sep 22 02:15:42 UTC 2018
------------------ testing $PTII/ptolemy/domains/de/test/auto/relationGroup.xml
auto.tcl: Setting watchdog for 200 seconds at Sat Sep 22 02:15:42 UTC 2018
2 ms. Memory: 337408K Free: 325946K (97%)
ptolemy.util.test.WatchDog.cancel(): canceling Sat Sep 22 02:15:42 UTC 2018
auto.tcl: Setting watchdog for 200 seconds at Sat Sep 22 02:15:42 UTC 2018
2 ms. Memory: 337408K Free: 325946K (97%)
ptolemy.util.test.WatchDog.cancel(): canceling Sat Sep 22 02:15:42 UTC 2018
------------------ testing $PTII/ptolemy/domains/de/test/auto/relationGroup2.xml
auto.tcl: Setting watchdog for 200 seconds at Sat Sep 22 02:15:42 UTC 2018
0 ms. Memory: 338432K Free: 324437K (96%)
ptolemy.util.test.WatchDog.cancel(): canceling Sat Sep 22 02:15:42 UTC 2018
auto.tcl: Setting watchdog for 200 seconds at Sat Sep 22 02:15:42 UTC 2018
1 ms. Memory: 338432K Free: 324437K (96%)
ptolemy.util.test.WatchDog.cancel(): canceling Sat Sep 22 02:15:42 UTC 2018
------------------ testing $PTII/ptolemy/domains/de/test/auto/sortWithOpaquePorts.xml
auto.tcl: Setting watchdog for 200 seconds at Sat Sep 22 02:15:42 UTC 2018
2 ms. Memory: 337408K Free: 323414K (96%)
ptolemy.util.test.WatchDog.cancel(): canceling Sat Sep 22 02:15:42 UTC 2018
auto.tcl: Setting watchdog for 200 seconds at Sat Sep 22 02:15:42 UTC 2018
2 ms. Memory: 337408K Free: 319460K (95%)
ptolemy.util.test.WatchDog.cancel(): canceling Sat Sep 22 02:15:42 UTC 2018
------------------ testing $PTII/ptolemy/domains/de/test/auto/transferInputsandOutputs.xml
auto.tcl: Setting watchdog for 200 seconds at Sat Sep 22 02:15:42 UTC 2018
4 ms. Memory: 337920K Free: 319951K (95%)
ptolemy.util.test.WatchDog.cancel(): canceling Sat Sep 22 02:15:42 UTC 2018
auto.tcl: Setting watchdog for 200 seconds at Sat Sep 22 02:15:42 UTC 2018
2 ms. Memory: 337920K Free: 319951K (95%)
ptolemy.util.test.WatchDog.cancel(): canceling Sat Sep 22 02:15:42 UTC 2018
------------------ testing $PTII/ptolemy/domains/de/test/auto/triggerType.xml
auto.tcl: Setting watchdog for 200 seconds at Sat Sep 22 02:15:42 UTC 2018
2 ms. Memory: 337408K Free: 323352K (96%)
ptolemy.util.test.WatchDog.cancel(): canceling Sat Sep 22 02:15:42 UTC 2018
auto.tcl: Setting watchdog for 200 seconds at Sat Sep 22 02:15:42 UTC 2018
2 ms. Memory: 337408K Free: 319390K (95%)
ptolemy.util.test.WatchDog.cancel(): canceling Sat Sep 22 02:15:42 UTC 2018
09/22/18 02:15:42
Failed: 0  Total Tests: 192  ((Passed: 187, Newly Passed: 1)  Known Failed: 5) /home/travis/build/icyphy/ptII/ptolemy/domains/de/test
09/22/18 02:15:42
Failed: 0  Total Tests: 192  ((Passed: 187, Newly Passed: 1)  Known Failed: 5) /home/travis/build/icyphy/ptII/ptolemy/domains/de/test
----------------- testing (KnownFailure) /home/travis/build/icyphy/ptII/ptolemy/domains/de/test/auto/knownFailedTests/DESDFClockTest.xml
2015 ms. Memory: 337920K Free: 313657K (93%)
Known Failure: java.lang.reflect.InvocationTargetException
----------------- testing (KnownFailure) /home/travis/build/icyphy/ptII/ptolemy/domains/de/test/auto/knownFailedTests/DirectFeedback.xml
1 ms. Memory: 337920K Free: 293177K (87%)
Known Failure: java.lang.reflect.InvocationTargetException
----------------- testing (KnownFailure) /home/travis/build/icyphy/ptII/ptolemy/domains/de/test/auto/knownFailedTests/FSMSource.xml
4 ms. Memory: 337920K Free: 267577K (79%)
----------------- testing (KnownFailure) /home/travis/build/icyphy/ptII/ptolemy/domains/de/test/auto/knownFailedTests/HierarchicalModel.xml
3 ms. Memory: 337920K Free: 241961K (72%)
Known Failure: java.lang.reflect.InvocationTargetException
----------------- testing (KnownFailure) /home/travis/build/icyphy/ptII/ptolemy/domains/de/test/auto/knownFailedTests/dependencyLoop.xml
3 ms. Memory: 337920K Free: 211224K (63%)
Known Failure: java.lang.reflect.InvocationTargetException
----------------- testing (KnownFailure) /home/travis/build/icyphy/ptII/ptolemy/domains/de/test/auto/knownFailedTests/dependencyLoop2.xml
4 ms. Memory: 337920K Free: 180488K (53%)
Known Failure: java.lang.reflect.InvocationTargetException
No auto/linux-amd64/*.xml tests in /home/travis/build/icyphy/ptII/ptolemy/domains/de/test
AutoTests.java: About to close Vertx.
AutoTests.java: Vertx closed.

===========================================================================================
----------------- testing Sat Sep 22 02:15:45 UTC 2018 /home/travis/build/icyphy/ptII/ptolemy/domains/de/test/auto/ActorDepthCalculation_actorWithoutPorts.xml
----------------- Instantiating /home/travis/build/icyphy/ptII/ptolemy/domains/de/test/auto/ActorDepthCalculation_actorWithoutPorts.xml
1 ms. Memory: 337920K Free: 154887K (46%)
----------------- Invoking toplevel() on ptolemy.moml.MoMLSimpleApplication@26ae6f5b
----------------- Done invoking toplevel() on ptolemy.moml.MoMLSimpleApplication@26ae6f5b
reloadAllAccessors: .ActorDepthCalculation_actorWithoutPorts

===========================================================================================
----------------- testing Sat Sep 22 02:15:45 UTC 2018 /home/travis/build/icyphy/ptII/ptolemy/domains/de/test/auto/AssemblyLine.xml
----------------- Instantiating /home/travis/build/icyphy/ptII/ptolemy/domains/de/test/auto/AssemblyLine.xml
2 ms. Memory: 337920K Free: 139511K (41%)
----------------- Invoking toplevel() on ptolemy.moml.MoMLSimpleApplication@114741a9
----------------- Done invoking toplevel() on ptolemy.moml.MoMLSimpleApplication@114741a9
reloadAllAccessors: .AssemblyLine

===========================================================================================
----------------- testing Sat Sep 22 02:15:45 UTC 2018 /home/travis/build/icyphy/ptII/ptolemy/domains/de/test/auto/CQBug1.xml
----------------- Instantiating /home/travis/build/icyphy/ptII/ptolemy/domains/de/test/auto/CQBug1.xml
1 ms. Memory: 337920K Free: 129271K (38%)
----------------- Invoking toplevel() on ptolemy.moml.MoMLSimpleApplication@37e673f
----------------- Done invoking toplevel() on ptolemy.moml.MoMLSimpleApplication@37e673f
reloadAllAccessors: .CQBug1

===========================================================================================
----------------- testing Sat Sep 22 02:15:45 UTC 2018 /home/travis/build/icyphy/ptII/ptolemy/domains/de/test/auto/CancelFireAt.xml
----------------- Instantiating /home/travis/build/icyphy/ptII/ptolemy/domains/de/test/auto/CancelFireAt.xml
1 ms. Memory: 337920K Free: 119031K (35%)
----------------- Invoking toplevel() on ptolemy.moml.MoMLSimpleApplication@686b21e7
----------------- Done invoking toplevel() on ptolemy.moml.MoMLSimpleApplication@686b21e7
reloadAllAccessors: .CancelFireAt

===========================================================================================
----------------- testing Sat Sep 22 02:15:45 UTC 2018 /home/travis/build/icyphy/ptII/ptolemy/domains/de/test/auto/CausalityAndComposabilityAnalysis.xml
----------------- Instantiating /home/travis/build/icyphy/ptII/ptolemy/domains/de/test/auto/CausalityAndComposabilityAnalysis.xml
1 ms. Memory: 337920K Free: 108791K (32%)
----------------- Invoking toplevel() on ptolemy.moml.MoMLSimpleApplication@4e541955
----------------- Done invoking toplevel() on ptolemy.moml.MoMLSimpleApplication@4e541955
reloadAllAccessors: .CausalityAndComposabilityAnalysis

===========================================================================================
----------------- testing Sat Sep 22 02:15:45 UTC 2018 /home/travis/build/icyphy/ptII/ptolemy/domains/de/test/auto/CausalityInterface1.xml
----------------- Instantiating /home/travis/build/icyphy/ptII/ptolemy/domains/de/test/auto/CausalityInterface1.xml
5 ms. Memory: 337920K Free: 98551K (29%)
----------------- Invoking toplevel() on ptolemy.moml.MoMLSimpleApplication@36f8a70a
----------------- Done invoking toplevel() on ptolemy.moml.MoMLSimpleApplication@36f8a70a
reloadAllAccessors: .CausalityInterface1

===========================================================================================
----------------- testing Sat Sep 22 02:15:45 UTC 2018 /home/travis/build/icyphy/ptII/ptolemy/domains/de/test/auto/CausalityInterface15.xml
----------------- Instantiating /home/travis/build/icyphy/ptII/ptolemy/domains/de/test/auto/CausalityInterface15.xml
1 ms. Memory: 337920K Free: 84365K (25%)
----------------- Invoking toplevel() on ptolemy.moml.MoMLSimpleApplication@1203f4fa
----------------- Done invoking toplevel() on ptolemy.moml.MoMLSimpleApplication@1203f4fa
reloadAllAccessors: .CausalityInterface15

[...]
java.lang.RuntimeException: Execution failed
	at ptolemy.moml.MoMLSimpleApplication$UnloadThread.run(MoMLSimpleApplication.java:402)
Caused by: ptolemy.kernel.util.IllegalActionException: Test fails in iteration 1.
Value was: 1.0. Should have been: 2.0
  in .DirectFeedback.Test
	at ptolemy.actor.lib.Test.fire(Test.java:268)
	at ptolemy.domains.de.kernel.DEDirector._fire(DEDirector.java:1949)
	at ptolemy.domains.de.kernel.DEDirector.fire(DEDirector.java:502)
	at ptolemy.actor.CompositeActor.fire(CompositeActor.java:455)
	at ptolemy.actor.Manager.iterate(Manager.java:851)
	at ptolemy.actor.Manager.execute(Manager.java:369)
	at ptolemy.actor.Manager.run(Manager.java:1263)
	at ptolemy.actor.Manager$PtolemyRunThread.run(Manager.java:1915)
java.lang.RuntimeException: Execution failed
	at ptolemy.moml.MoMLSimpleApplication$UnloadThread.run(MoMLSimpleApplication.java:402)
Caused by: ptolemy.kernel.util.IllegalActionException: Actor is not ready to fire.  Perhaps UpSample.prefire() returned false? Try debugging the actor by selecting "Listen to Actor".  Also, for SDF check moml for tokenConsumptionRate on input.
  in .DESDFClockTest.Play Bell.Copy1:SDF Director and .DESDFClockTest.Play Bell.UpSample
	at ptolemy.actor.sched.StaticSchedulingDirector.fire(StaticSchedulingDirector.java:227)
	at ptolemy.domains.sdf.kernel.SDFDirector.fire(SDFDirector.java:500)
	at ptolemy.actor.CompositeActor.fire(CompositeActor.java:455)
	at ptolemy.domains.de.kernel.DEDirector._fire(DEDirector.java:1949)
	at ptolemy.domains.de.kernel.DEDirector.fire(DEDirector.java:502)
	at ptolemy.actor.CompositeActor.fire(CompositeActor.java:455)
	at ptolemy.actor.Manager.iterate(Manager.java:851)
	at ptolemy.actor.Manager.execute(Manager.java:369)
	at ptolemy.actor.Manager.run(Manager.java:1263)
	at ptolemy.actor.Manager$PtolemyRunThread.run(Manager.java:1915)
java.lang.reflect.InvocationTargetException
	at sun.reflect.NativeConstructorAccessorImpl.newInstance0(Native Method)
	at sun.reflect.NativeConstructorAccessorImpl.newInstance(NativeConstructorAccessorImpl.java:62)
	at sun.reflect.DelegatingConstructorAccessorImpl.newInstance(DelegatingConstructorAccessorImpl.java:45)
	at java.lang.reflect.Constructor.newInstance(Constructor.java:423)
	at ptolemy.util.test.junit.AutoKnownFailedTests.RunModel(AutoKnownFailedTests.java:107)
	at sun.reflect.NativeMethodAccessorImpl.invoke0(Native Method)
	at sun.reflect.NativeMethodAccessorImpl.invoke(NativeMethodAccessorImpl.java:62)
	at sun.reflect.DelegatingMethodAccessorImpl.invoke(DelegatingMethodAccessorImpl.java:43)
	at java.lang.reflect.Method.invoke(Method.java:498)
	at org.junit.runners.model.FrameworkMethod$1.runReflectiveCall(FrameworkMethod.java:44)
	at org.junit.internal.runners.model.ReflectiveCallable.run(ReflectiveCallable.java:15)
	at org.junit.runners.model.FrameworkMethod.invokeExplosively(FrameworkMethod.java:41)
	at junitparams.internal.InvokeParameterisedMethod.evaluate(InvokeParameterisedMethod.java:102)
	at org.junit.internal.runners.statements.FailOnTimeout$1.run(FailOnTimeout.java:28)
Caused by: ptolemy.kernel.util.IllegalActionException: Actor is not ready to fire.  Perhaps UpSample.prefire() returned false? Try debugging the actor by selecting "Listen to Actor".  Also, for SDF check moml for tokenConsumptionRate on input.
  in .DESDFClockTest.Play Bell.Copy1:SDF Director and .DESDFClockTest.Play Bell.UpSample
	at ptolemy.actor.sched.StaticSchedulingDirector.fire(StaticSchedulingDirector.java:227)
	at ptolemy.domains.sdf.kernel.SDFDirector.fire(SDFDirector.java:500)
	at ptolemy.actor.CompositeActor.fire(CompositeActor.java:455)
	at ptolemy.domains.de.kernel.DEDirector._fire(DEDirector.java:1949)
	at ptolemy.domains.de.kernel.DEDirector.fire(DEDirector.java:502)
	at ptolemy.actor.CompositeActor.fire(CompositeActor.java:455)
	at ptolemy.actor.Manager.iterate(Manager.java:851)
	at ptolemy.actor.Manager.execute(Manager.java:369)
	at ptolemy.actor.Manager.run(Manager.java:1263)
	at ptolemy.actor.Manager$PtolemyRunThread.run(Manager.java:1915)
java.lang.RuntimeException: Execution failed
	at ptolemy.moml.MoMLSimpleApplication$UnloadThread.run(MoMLSimpleApplication.java:402)
Caused by: ptolemy.kernel.util.IllegalActionException: Test fails in iteration 1.
Value was: 1.0. Should have been: 2.0
  in .DirectFeedback.Test
	at ptolemy.actor.lib.Test.fire(Test.java:268)
	at ptolemy.domains.de.kernel.DEDirector._fire(DEDirector.java:1949)
	at ptolemy.domains.de.kernel.DEDirector.fire(DEDirector.java:502)
	at ptolemy.actor.CompositeActor.fire(CompositeActor.java:455)
	at ptolemy.actor.Manager.iterate(Manager.java:851)
	at ptolemy.actor.Manager.execute(Manager.java:369)
	at ptolemy.actor.Manager.run(Manager.java:1263)
	at ptolemy.actor.Manager$PtolemyRunThread.run(Manager.java:1915)
java.lang.reflect.InvocationTargetException
	at sun.reflect.NativeConstructorAccessorImpl.newInstance0(Native Method)
	at sun.reflect.NativeConstructorAccessorImpl.newInstance(NativeConstructorAccessorImpl.java:62)
	at sun.reflect.DelegatingConstructorAccessorImpl.newInstance(DelegatingConstructorAccessorImpl.java:45)
	at java.lang.reflect.Constructor.newInstance(Constructor.java:423)
	at ptolemy.util.test.junit.AutoKnownFailedTests.RunModel(AutoKnownFailedTests.java:107)
	at sun.reflect.NativeMethodAccessorImpl.invoke0(Native Method)
	at sun.reflect.NativeMethodAccessorImpl.invoke(NativeMethodAccessorImpl.java:62)
	at sun.reflect.DelegatingMethodAccessorImpl.invoke(DelegatingMethodAccessorImpl.java:43)
	at java.lang.reflect.Method.invoke(Method.java:498)
	at org.junit.runners.model.FrameworkMethod$1.runReflectiveCall(FrameworkMethod.java:44)
	at org.junit.internal.runners.model.ReflectiveCallable.run(ReflectiveCallable.java:15)
	at org.junit.runners.model.FrameworkMethod.invokeExplosively(FrameworkMethod.java:41)
	at junitparams.internal.InvokeParameterisedMethod.evaluate(InvokeParameterisedMethod.java:102)
	at org.junit.internal.runners.statements.FailOnTimeout$1.run(FailOnTimeout.java:28)
Caused by: ptolemy.kernel.util.IllegalActionException: Test fails in iteration 1.
Value was: 1.0. Should have been: 2.0
  in .DirectFeedback.Test
	at ptolemy.actor.lib.Test.fire(Test.java:268)
	at ptolemy.domains.de.kernel.DEDirector._fire(DEDirector.java:1949)
	at ptolemy.domains.de.kernel.DEDirector.fire(DEDirector.java:502)
	at ptolemy.actor.CompositeActor.fire(CompositeActor.java:455)
	at ptolemy.actor.Manager.iterate(Manager.java:851)
	at ptolemy.actor.Manager.execute(Manager.java:369)
	at ptolemy.actor.Manager.run(Manager.java:1263)
	at ptolemy.actor.Manager$PtolemyRunThread.run(Manager.java:1915)
java.lang.RuntimeException: Execution failed
	at ptolemy.moml.MoMLSimpleApplication$UnloadThread.run(MoMLSimpleApplication.java:402)
Caused by: ptolemy.kernel.util.IllegalActionException: Found a zero delay loop containing .HierarchicalModel.A
  in .HierarchicalModel and .HierarchicalModel.A
	at ptolemy.actor.util.CausalityInterfaceForComposites._computeOutputPortDepth(CausalityInterfaceForComposites.java:759)
	at ptolemy.actor.util.CausalityInterfaceForComposites._computeInputDepth(CausalityInterfaceForComposites.java:696)
	at ptolemy.actor.util.CausalityInterfaceForComposites._computeOutputPortDepth(CausalityInterfaceForComposites.java:765)
	at ptolemy.actor.util.CausalityInterfaceForComposites._computeInputDepth(CausalityInterfaceForComposites.java:696)
	at ptolemy.actor.util.CausalityInterfaceForComposites._computeOutputPortDepth(CausalityInterfaceForComposites.java:765)
	at ptolemy.actor.util.CausalityInterfaceForComposites._computeInputDepth(CausalityInterfaceForComposites.java:696)
	at ptolemy.actor.util.CausalityInterfaceForComposites._computeActorDepth(CausalityInterfaceForComposites.java:532)
	at ptolemy.actor.util.CausalityInterfaceForComposites.checkForCycles(CausalityInterfaceForComposites.java:96)
	at ptolemy.domains.de.kernel.DEDirector.preinitialize(DEDirector.java:1338)
	at ptolemy.actor.CompositeActor.preinitialize(CompositeActor.java:1828)
	at ptolemy.actor.Manager.preinitializeAndResolveTypes(Manager.java:1040)
	at ptolemy.actor.Manager.initialize(Manager.java:710)
	at ptolemy.actor.Manager.execute(Manager.java:356)
	at ptolemy.actor.Manager.run(Manager.java:1263)
	at ptolemy.actor.Manager$PtolemyRunThread.run(Manager.java:1915)
java.lang.reflect.InvocationTargetException
	at sun.reflect.NativeConstructorAccessorImpl.newInstance0(Native Method)
	at sun.reflect.NativeConstructorAccessorImpl.newInstance(NativeConstructorAccessorImpl.java:62)
	at sun.reflect.DelegatingConstructorAccessorImpl.newInstance(DelegatingConstructorAccessorImpl.java:45)
	at java.lang.reflect.Constructor.newInstance(Constructor.java:423)
	at ptolemy.util.test.junit.AutoKnownFailedTests.RunModel(AutoKnownFailedTests.java:107)
	at sun.reflect.NativeMethodAccessorImpl.invoke0(Native Method)
	at sun.reflect.NativeMethodAccessorImpl.invoke(NativeMethodAccessorImpl.java:62)
	at sun.reflect.DelegatingMethodAccessorImpl.invoke(DelegatingMethodAccessorImpl.java:43)
	at java.lang.reflect.Method.invoke(Method.java:498)
	at org.junit.runners.model.FrameworkMethod$1.runReflectiveCall(FrameworkMethod.java:44)
	at org.junit.internal.runners.model.ReflectiveCallable.run(ReflectiveCallable.java:15)
	at org.junit.runners.model.FrameworkMethod.invokeExplosively(FrameworkMethod.java:41)
	at junitparams.internal.InvokeParameterisedMethod.evaluate(InvokeParameterisedMethod.java:102)
	at org.junit.internal.runners.statements.FailOnTimeout$1.run(FailOnTimeout.java:28)
Caused by: ptolemy.kernel.util.IllegalActionException: Found a zero delay loop containing .HierarchicalModel.A
  in .HierarchicalModel and .HierarchicalModel.A
	at ptolemy.actor.util.CausalityInterfaceForComposites._computeOutputPortDepth(CausalityInterfaceForComposites.java:759)
	at ptolemy.actor.util.CausalityInterfaceForComposites._computeInputDepth(CausalityInterfaceForComposites.java:696)
	at ptolemy.actor.util.CausalityInterfaceForComposites._computeOutputPortDepth(CausalityInterfaceForComposites.java:765)
	at ptolemy.actor.util.CausalityInterfaceForComposites._computeInputDepth(CausalityInterfaceForComposites.java:696)
	at ptolemy.actor.util.CausalityInterfaceForComposites._computeOutputPortDepth(CausalityInterfaceForComposites.java:765)
	at ptolemy.actor.util.CausalityInterfaceForComposites._computeInputDepth(CausalityInterfaceForComposites.java:696)
	at ptolemy.actor.util.CausalityInterfaceForComposites._computeActorDepth(CausalityInterfaceForComposites.java:532)
	at ptolemy.actor.util.CausalityInterfaceForComposites.checkForCycles(CausalityInterfaceForComposites.java:96)
	at ptolemy.domains.de.kernel.DEDirector.preinitialize(DEDirector.java:1338)
	at ptolemy.actor.CompositeActor.preinitialize(CompositeActor.java:1828)
	at ptolemy.actor.Manager.preinitializeAndResolveTypes(Manager.java:1040)
	at ptolemy.actor.Manager.initialize(Manager.java:710)
	at ptolemy.actor.Manager.execute(Manager.java:356)
	at ptolemy.actor.Manager.run(Manager.java:1263)
	at ptolemy.actor.Manager$PtolemyRunThread.run(Manager.java:1915)
java.lang.RuntimeException: Execution failed
	at ptolemy.moml.MoMLSimpleApplication$UnloadThread.run(MoMLSimpleApplication.java:402)
Caused by: ptolemy.kernel.util.IllegalActionException: Found a zero delay loop containing .dependencyLoop.original
  in .dependencyLoop and .dependencyLoop.original
	at ptolemy.actor.util.CausalityInterfaceForComposites._computeOutputPortDepth(CausalityInterfaceForComposites.java:759)
	at ptolemy.actor.util.CausalityInterfaceForComposites._computeInputDepth(CausalityInterfaceForComposites.java:696)
	at ptolemy.actor.util.CausalityInterfaceForComposites._computeOutputPortDepth(CausalityInterfaceForComposites.java:765)
	at ptolemy.actor.util.CausalityInterfaceForComposites._computeInputDepth(CausalityInterfaceForComposites.java:696)
	at ptolemy.actor.util.CausalityInterfaceForComposites._computeOutputPortDepth(CausalityInterfaceForComposites.java:765)
	at ptolemy.actor.util.CausalityInterfaceForComposites._computeInputDepth(CausalityInterfaceForComposites.java:696)
	at ptolemy.actor.util.CausalityInterfaceForComposites._computeActorDepth(CausalityInterfaceForComposites.java:532)
	at ptolemy.actor.util.CausalityInterfaceForComposites.checkForCycles(CausalityInterfaceForComposites.java:96)
	at ptolemy.domains.de.kernel.DEDirector.preinitialize(DEDirector.java:1338)
	at ptolemy.actor.CompositeActor.preinitialize(CompositeActor.java:1828)
	at ptolemy.actor.Manager.preinitializeAndResolveTypes(Manager.java:1040)
	at ptolemy.actor.Manager.initialize(Manager.java:710)
	at ptolemy.actor.Manager.execute(Manager.java:356)
	at ptolemy.actor.Manager.run(Manager.java:1263)
	at ptolemy.actor.Manager$PtolemyRunThread.run(Manager.java:1915)
java.lang.reflect.InvocationTargetException
	at sun.reflect.NativeConstructorAccessorImpl.newInstance0(Native Method)
	at sun.reflect.NativeConstructorAccessorImpl.newInstance(NativeConstructorAccessorImpl.java:62)
	at sun.reflect.DelegatingConstructorAccessorImpl.newInstance(DelegatingConstructorAccessorImpl.java:45)
	at java.lang.reflect.Constructor.newInstance(Constructor.java:423)
	at ptolemy.util.test.junit.AutoKnownFailedTests.RunModel(AutoKnownFailedTests.java:107)
	at sun.reflect.NativeMethodAccessorImpl.invoke0(Native Method)
	at sun.reflect.NativeMethodAccessorImpl.invoke(NativeMethodAccessorImpl.java:62)
	at sun.reflect.DelegatingMethodAccessorImpl.invoke(DelegatingMethodAccessorImpl.java:43)
	at java.lang.reflect.Method.invoke(Method.java:498)
	at org.junit.runners.model.FrameworkMethod$1.runReflectiveCall(FrameworkMethod.java:44)
	at org.junit.internal.runners.model.ReflectiveCallable.run(ReflectiveCallable.java:15)
	at org.junit.runners.model.FrameworkMethod.invokeExplosively(FrameworkMethod.java:41)
	at junitparams.internal.InvokeParameterisedMethod.evaluate(InvokeParameterisedMethod.java:102)
	at org.junit.internal.runners.statements.FailOnTimeout$1.run(FailOnTimeout.java:28)
Caused by: ptolemy.kernel.util.IllegalActionException: Found a zero delay loop containing .dependencyLoop.original
  in .dependencyLoop and .dependencyLoop.original
	at ptolemy.actor.util.CausalityInterfaceForComposites._computeOutputPortDepth(CausalityInterfaceForComposites.java:759)
	at ptolemy.actor.util.CausalityInterfaceForComposites._computeInputDepth(CausalityInterfaceForComposites.java:696)
	at ptolemy.actor.util.CausalityInterfaceForComposites._computeOutputPortDepth(CausalityInterfaceForComposites.java:765)
	at ptolemy.actor.util.CausalityInterfaceForComposites._computeInputDepth(CausalityInterfaceForComposites.java:696)
	at ptolemy.actor.util.CausalityInterfaceForComposites._computeOutputPortDepth(CausalityInterfaceForComposites.java:765)
	at ptolemy.actor.util.CausalityInterfaceForComposites._computeInputDepth(CausalityInterfaceForComposites.java:696)
	at ptolemy.actor.util.CausalityInterfaceForComposites._computeActorDepth(CausalityInterfaceForComposites.java:532)
	at ptolemy.actor.util.CausalityInterfaceForComposites.checkForCycles(CausalityInterfaceForComposites.java:96)
	at ptolemy.domains.de.kernel.DEDirector.preinitialize(DEDirector.java:1338)
	at ptolemy.actor.CompositeActor.preinitialize(CompositeActor.java:1828)
	at ptolemy.actor.Manager.preinitializeAndResolveTypes(Manager.java:1040)
	at ptolemy.actor.Manager.initialize(Manager.java:710)
	at ptolemy.actor.Manager.execute(Manager.java:356)
	at ptolemy.actor.Manager.run(Manager.java:1263)
	at ptolemy.actor.Manager$PtolemyRunThread.run(Manager.java:1915)
java.lang.RuntimeException: Execution failed
	at ptolemy.moml.MoMLSimpleApplication$UnloadThread.run(MoMLSimpleApplication.java:402)
Caused by: ptolemy.kernel.util.IllegalActionException: Found a zero delay loop containing .dependencyLoop2.original
  in .dependencyLoop2 and .dependencyLoop2.original
	at ptolemy.actor.util.CausalityInterfaceForComposites._computeOutputPortDepth(CausalityInterfaceForComposites.java:759)
	at ptolemy.actor.util.CausalityInterfaceForComposites._computeInputDepth(CausalityInterfaceForComposites.java:696)
	at ptolemy.actor.util.CausalityInterfaceForComposites._computeOutputPortDepth(CausalityInterfaceForComposites.java:765)
	at ptolemy.actor.util.CausalityInterfaceForComposites._computeInputDepth(CausalityInterfaceForComposites.java:696)
	at ptolemy.actor.util.CausalityInterfaceForComposites._computeOutputPortDepth(CausalityInterfaceForComposites.java:765)
	at ptolemy.actor.util.CausalityInterfaceForComposites._computeInputDepth(CausalityInterfaceForComposites.java:696)
	at ptolemy.actor.util.CausalityInterfaceForComposites._computeActorDepth(CausalityInterfaceForComposites.java:532)
	at ptolemy.actor.util.CausalityInterfaceForComposites.checkForCycles(CausalityInterfaceForComposites.java:96)
	at ptolemy.domains.de.kernel.DEDirector.preinitialize(DEDirector.java:1338)
	at ptolemy.actor.CompositeActor.preinitialize(CompositeActor.java:1828)
	at ptolemy.actor.Manager.preinitializeAndResolveTypes(Manager.java:1040)
	at ptolemy.actor.Manager.initialize(Manager.java:710)
	at ptolemy.actor.Manager.execute(Manager.java:356)
	at ptolemy.actor.Manager.run(Manager.java:1263)
	at ptolemy.actor.Manager$PtolemyRunThread.run(Manager.java:1915)
java.lang.reflect.InvocationTargetException
	at sun.reflect.NativeConstructorAccessorImpl.newInstance0(Native Method)
	at sun.reflect.NativeConstructorAccessorImpl.newInstance(NativeConstructorAccessorImpl.java:62)
	at sun.reflect.DelegatingConstructorAccessorImpl.newInstance(DelegatingConstructorAccessorImpl.java:45)
	at java.lang.reflect.Constructor.newInstance(Constructor.java:423)
	at ptolemy.util.test.junit.AutoKnownFailedTests.RunModel(AutoKnownFailedTests.java:107)
	at sun.reflect.NativeMethodAccessorImpl.invoke0(Native Method)
	at sun.reflect.NativeMethodAccessorImpl.invoke(NativeMethodAccessorImpl.java:62)
	at sun.reflect.DelegatingMethodAccessorImpl.invoke(DelegatingMethodAccessorImpl.java:43)
	at java.lang.reflect.Method.invoke(Method.java:498)
	at org.junit.runners.model.FrameworkMethod$1.runReflectiveCall(FrameworkMethod.java:44)
	at org.junit.internal.runners.model.ReflectiveCallable.run(ReflectiveCallable.java:15)
	at org.junit.runners.model.FrameworkMethod.invokeExplosively(FrameworkMethod.java:41)
	at junitparams.internal.InvokeParameterisedMethod.evaluate(InvokeParameterisedMethod.java:102)
	at org.junit.internal.runners.statements.FailOnTimeout$1.run(FailOnTimeout.java:28)
Caused by: ptolemy.kernel.util.IllegalActionException: Found a zero delay loop containing .dependencyLoop2.original
  in .dependencyLoop2 and .dependencyLoop2.original
	at ptolemy.actor.util.CausalityInterfaceForComposites._computeOutputPortDepth(CausalityInterfaceForComposites.java:759)
	at ptolemy.actor.util.CausalityInterfaceForComposites._computeInputDepth(CausalityInterfaceForComposites.java:696)
	at ptolemy.actor.util.CausalityInterfaceForComposites._computeOutputPortDepth(CausalityInterfaceForComposites.java:765)
	at ptolemy.actor.util.CausalityInterfaceForComposites._computeInputDepth(CausalityInterfaceForComposites.java:696)
	at ptolemy.actor.util.CausalityInterfaceForComposites._computeOutputPortDepth(CausalityInterfaceForComposites.java:765)
	at ptolemy.actor.util.CausalityInterfaceForComposites._computeInputDepth(CausalityInterfaceForComposites.java:696)
	at ptolemy.actor.util.CausalityInterfaceForComposites._computeActorDepth(CausalityInterfaceForComposites.java:532)
	at ptolemy.actor.util.CausalityInterfaceForComposites.checkForCycles(CausalityInterfaceForComposites.java:96)
	at ptolemy.domains.de.kernel.DEDirector.preinitialize(DEDirector.java:1338)
	at ptolemy.actor.CompositeActor.preinitialize(CompositeActor.java:1828)
	at ptolemy.actor.Manager.preinitializeAndResolveTypes(Manager.java:1040)
	at ptolemy.actor.Manager.initialize(Manager.java:710)
	at ptolemy.actor.Manager.execute(Manager.java:356)
	at ptolemy.actor.Manager.run(Manager.java:1263)
	at ptolemy.actor.Manager$PtolemyRunThread.run(Manager.java:1915)
]]></system-err>
</testsuite>
