<?xml version="1.0" encoding="UTF-8" ?>
<testsuite errors="0" failures="0" hostname="travis-job-de8a2122-1293-479e-a1a2-77302b4cba35" name="ptolemy.actor.lib.hoc.test.junit.JUnitTclTest" skipped="0" tests="58" time="33.297" timestamp="2019-07-08T04:47:08">
  <properties>
[...]
</properties>
  <testcase classname="ptolemy.util.test.junit.TclTests" name="[0] /home/travis/build/icyphy/ptII/ptolemy/actor/lib/hoc/test/IterateOverArray.tcl (RunTclFile)" time="0.383" />
  <testcase classname="ptolemy.util.test.junit.AutoKnownFailedTests" name="[0] /home/travis/build/icyphy/ptII/ptolemy/actor/lib/hoc/test/auto/knownFailedTests/PreinitializeMustBeInvokedRunComposite.xml (RunModel)" time="0.498" />
  <testcase classname="ptolemy.util.test.junit.AutoNameArchTests" name="[0] ThereAreNoAutoArchTests (RunModel)" time="0.002" />
  <testcase classname="ptolemy.util.test.junit.AutoTests" name="[0] /home/travis/build/icyphy/ptII/ptolemy/actor/lib/hoc/test/auto/AllToAllMultiInstanceComposite.xml (RunModel)" time="0.501" />
  <testcase classname="ptolemy.util.test.junit.AutoTests" name="[1] /home/travis/build/icyphy/ptII/ptolemy/actor/lib/hoc/test/auto/ApplyFFTTest.xml (RunModel)" time="0.474" />
  <testcase classname="ptolemy.util.test.junit.AutoTests" name="[2] /home/travis/build/icyphy/ptII/ptolemy/actor/lib/hoc/test/auto/ApplyFunction.xml (RunModel)" time="0.049" />
  <testcase classname="ptolemy.util.test.junit.AutoTests" name="[3] /home/travis/build/icyphy/ptII/ptolemy/actor/lib/hoc/test/auto/BackgroundExecution.xml (RunModel)" time="0.742" />
  <testcase classname="ptolemy.util.test.junit.AutoTests" name="[4] /home/travis/build/icyphy/ptII/ptolemy/actor/lib/hoc/test/auto/Case.xml (RunModel)" time="0.061" />
  <testcase classname="ptolemy.util.test.junit.AutoTests" name="[5] /home/travis/build/icyphy/ptII/ptolemy/actor/lib/hoc/test/auto/Case1.xml (RunModel)" time="0.068" />
  <testcase classname="ptolemy.util.test.junit.AutoTests" name="[6] /home/travis/build/icyphy/ptII/ptolemy/actor/lib/hoc/test/auto/Case2.xml (RunModel)" time="0.136" />
  <testcase classname="ptolemy.util.test.junit.AutoTests" name="[7] /home/travis/build/icyphy/ptII/ptolemy/actor/lib/hoc/test/auto/Case3.xml (RunModel)" time="0.061" />
  <testcase classname="ptolemy.util.test.junit.AutoTests" name="[8] /home/travis/build/icyphy/ptII/ptolemy/actor/lib/hoc/test/auto/Case4.xml (RunModel)" time="0.089" />
  <testcase classname="ptolemy.util.test.junit.AutoTests" name="[9] /home/travis/build/icyphy/ptII/ptolemy/actor/lib/hoc/test/auto/Case5.xml (RunModel)" time="0.095" />
  <testcase classname="ptolemy.util.test.junit.AutoTests" name="[10] /home/travis/build/icyphy/ptII/ptolemy/actor/lib/hoc/test/auto/Case6.xml (RunModel)" time="0.099" />
  <testcase classname="ptolemy.util.test.junit.AutoTests" name="[11] /home/travis/build/icyphy/ptII/ptolemy/actor/lib/hoc/test/auto/CaseString2.xml (RunModel)" time="0.061" />
  <testcase classname="ptolemy.util.test.junit.AutoTests" name="[12] /home/travis/build/icyphy/ptII/ptolemy/actor/lib/hoc/test/auto/CatchUpComposite1.xml (RunModel)" time="0.087" />
  <testcase classname="ptolemy.util.test.junit.AutoTests" name="[13] /home/travis/build/icyphy/ptII/ptolemy/actor/lib/hoc/test/auto/CatchUpComposite2.xml (RunModel)" time="0.081" />
  <testcase classname="ptolemy.util.test.junit.AutoTests" name="[14] /home/travis/build/icyphy/ptII/ptolemy/actor/lib/hoc/test/auto/CatchUpComposite3.xml (RunModel)" time="0.061" />
  <testcase classname="ptolemy.util.test.junit.AutoTests" name="[15] /home/travis/build/icyphy/ptII/ptolemy/actor/lib/hoc/test/auto/CatchUpComposite4.xml (RunModel)" time="0.044" />
  <testcase classname="ptolemy.util.test.junit.AutoTests" name="[16] /home/travis/build/icyphy/ptII/ptolemy/actor/lib/hoc/test/auto/CatchUpComposite5.xml (RunModel)" time="0.055" />
  <testcase classname="ptolemy.util.test.junit.AutoTests" name="[17] /home/travis/build/icyphy/ptII/ptolemy/actor/lib/hoc/test/auto/CatchUpComposite6.xml (RunModel)" time="0.183" />
  <testcase classname="ptolemy.util.test.junit.AutoTests" name="[18] /home/travis/build/icyphy/ptII/ptolemy/actor/lib/hoc/test/auto/CatchUpComposite7.xml (RunModel)" time="0.075" />
  <testcase classname="ptolemy.util.test.junit.AutoTests" name="[19] /home/travis/build/icyphy/ptII/ptolemy/actor/lib/hoc/test/auto/ConcurrentExecutionTimeSDF.xml (RunModel)" time="1.047" />
  <testcase classname="ptolemy.util.test.junit.AutoTests" name="[20] /home/travis/build/icyphy/ptII/ptolemy/actor/lib/hoc/test/auto/ConcurrentSleep.xml (RunModel)" time="0.774" />
  <testcase classname="ptolemy.util.test.junit.AutoTests" name="[21] /home/travis/build/icyphy/ptII/ptolemy/actor/lib/hoc/test/auto/DEInPNInRunCompositeActor.xml (RunModel)" time="0.044" />
  <testcase classname="ptolemy.util.test.junit.AutoTests" name="[22] /home/travis/build/icyphy/ptII/ptolemy/actor/lib/hoc/test/auto/DFTSubSetTest.xml (RunModel)" time="0.316" />
  <testcase classname="ptolemy.util.test.junit.AutoTests" name="[23] /home/travis/build/icyphy/ptII/ptolemy/actor/lib/hoc/test/auto/HocDE.xml (RunModel)" time="0.181" />
  <testcase classname="ptolemy.util.test.junit.AutoTests" name="[24] /home/travis/build/icyphy/ptII/ptolemy/actor/lib/hoc/test/auto/IterateOverArray.xml (RunModel)" time="0.04" />
  <testcase classname="ptolemy.util.test.junit.AutoTests" name="[25] /home/travis/build/icyphy/ptII/ptolemy/actor/lib/hoc/test/auto/IterateOverArray10.xml (RunModel)" time="0.023" />
  <testcase classname="ptolemy.util.test.junit.AutoTests" name="[26] /home/travis/build/icyphy/ptII/ptolemy/actor/lib/hoc/test/auto/IterateOverArray11.xml (RunModel)" time="0.025" />
  <testcase classname="ptolemy.util.test.junit.AutoTests" name="[27] /home/travis/build/icyphy/ptII/ptolemy/actor/lib/hoc/test/auto/IterateOverArray12.xml (RunModel)" time="0.046" />
  <testcase classname="ptolemy.util.test.junit.AutoTests" name="[28] /home/travis/build/icyphy/ptII/ptolemy/actor/lib/hoc/test/auto/IterateOverArray13.xml (RunModel)" time="0.14" />
  <testcase classname="ptolemy.util.test.junit.AutoTests" name="[29] /home/travis/build/icyphy/ptII/ptolemy/actor/lib/hoc/test/auto/IterateOverArray14.xml (RunModel)" time="0.172" />
  <testcase classname="ptolemy.util.test.junit.AutoTests" name="[30] /home/travis/build/icyphy/ptII/ptolemy/actor/lib/hoc/test/auto/IterateOverArray2.xml (RunModel)" time="0.032" />
  <testcase classname="ptolemy.util.test.junit.AutoTests" name="[31] /home/travis/build/icyphy/ptII/ptolemy/actor/lib/hoc/test/auto/IterateOverArray3.xml (RunModel)" time="0.041" />
  <testcase classname="ptolemy.util.test.junit.AutoTests" name="[32] /home/travis/build/icyphy/ptII/ptolemy/actor/lib/hoc/test/auto/IterateOverArray4.xml (RunModel)" time="0.018" />
  <testcase classname="ptolemy.util.test.junit.AutoTests" name="[33] /home/travis/build/icyphy/ptII/ptolemy/actor/lib/hoc/test/auto/IterateOverArray5.xml (RunModel)" time="0.022" />
  <testcase classname="ptolemy.util.test.junit.AutoTests" name="[34] /home/travis/build/icyphy/ptII/ptolemy/actor/lib/hoc/test/auto/IterateOverArray6.xml (RunModel)" time="0.013" />
  <testcase classname="ptolemy.util.test.junit.AutoTests" name="[35] /home/travis/build/icyphy/ptII/ptolemy/actor/lib/hoc/test/auto/IterateOverArray7.xml (RunModel)" time="0.022" />
  <testcase classname="ptolemy.util.test.junit.AutoTests" name="[36] /home/travis/build/icyphy/ptII/ptolemy/actor/lib/hoc/test/auto/IterateOverArray8.xml (RunModel)" time="0.019" />
  <testcase classname="ptolemy.util.test.junit.AutoTests" name="[37] /home/travis/build/icyphy/ptII/ptolemy/actor/lib/hoc/test/auto/IterateOverArray9.xml (RunModel)" time="0.026" />
  <testcase classname="ptolemy.util.test.junit.AutoTests" name="[38] /home/travis/build/icyphy/ptII/ptolemy/actor/lib/hoc/test/auto/IterateOverArrayCoercedOutputType.xml (RunModel)" time="0.035" />
  <testcase classname="ptolemy.util.test.junit.AutoTests" name="[39] /home/travis/build/icyphy/ptII/ptolemy/actor/lib/hoc/test/auto/IterateOverArrayInferredOutputType.xml (RunModel)" time="0.029" />
  <testcase classname="ptolemy.util.test.junit.AutoTests" name="[40] /home/travis/build/icyphy/ptII/ptolemy/actor/lib/hoc/test/auto/MobileFunctionTest.xml (RunModel)" time="0.021" />
  <testcase classname="ptolemy.util.test.junit.AutoTests" name="[41] /home/travis/build/icyphy/ptII/ptolemy/actor/lib/hoc/test/auto/MobileModelTest.xml (RunModel)" time="0.182" />
  <testcase classname="ptolemy.util.test.junit.AutoTests" name="[42] /home/travis/build/icyphy/ptII/ptolemy/actor/lib/hoc/test/auto/ModelReference.xml (RunModel)" time="0.071" />
  <testcase classname="ptolemy.util.test.junit.AutoTests" name="[43] /home/travis/build/icyphy/ptII/ptolemy/actor/lib/hoc/test/auto/ModelReference3.xml (RunModel)" time="0.05" />
  <testcase classname="ptolemy.util.test.junit.AutoTests" name="[44] /home/travis/build/icyphy/ptII/ptolemy/actor/lib/hoc/test/auto/ModelReference4.xml (RunModel)" time="10.046" />
  <testcase classname="ptolemy.util.test.junit.AutoTests" name="[45] /home/travis/build/icyphy/ptII/ptolemy/actor/lib/hoc/test/auto/MultiInstanceComposite.xml (RunModel)" time="0.055" />
  <testcase classname="ptolemy.util.test.junit.AutoTests" name="[46] /home/travis/build/icyphy/ptII/ptolemy/actor/lib/hoc/test/auto/MultiInstanceComposite2.xml (RunModel)" time="0.036" />
  <testcase classname="ptolemy.util.test.junit.AutoTests" name="[47] /home/travis/build/icyphy/ptII/ptolemy/actor/lib/hoc/test/auto/MulticoreExecution.xml (RunModel)" time="1.07" />
  <testcase classname="ptolemy.util.test.junit.AutoTests" name="[48] /home/travis/build/icyphy/ptII/ptolemy/actor/lib/hoc/test/auto/ParallelExecution.xml (RunModel)" time="0.955" />
  <testcase classname="ptolemy.util.test.junit.AutoTests" name="[49] /home/travis/build/icyphy/ptII/ptolemy/actor/lib/hoc/test/auto/RunCompositeActor.xml (RunModel)" time="0.024" />
  <testcase classname="ptolemy.util.test.junit.AutoTests" name="[50] /home/travis/build/icyphy/ptII/ptolemy/actor/lib/hoc/test/auto/RunCompositeActor2.xml (RunModel)" time="0.022" />
  <testcase classname="ptolemy.util.test.junit.AutoTests" name="[51] /home/travis/build/icyphy/ptII/ptolemy/actor/lib/hoc/test/auto/RunCompositeActor3.xml (RunModel)" time="0.019" />
  <testcase classname="ptolemy.util.test.junit.AutoTests" name="[52] /home/travis/build/icyphy/ptII/ptolemy/actor/lib/hoc/test/auto/RunCompositeActor4.xml (RunModel)" time="0.024" />
  <testcase classname="ptolemy.util.test.junit.AutoTests" name="[53] /home/travis/build/icyphy/ptII/ptolemy/actor/lib/hoc/test/auto/RunCompositeIterateOverArray.xml (RunModel)" time="0.048" />
  <testcase classname="ptolemy.util.test.junit.AutoTests" name="[54] /home/travis/build/icyphy/ptII/ptolemy/actor/lib/hoc/test/auto/ThreadedJS.xml (RunModel)" time="12.793" />
  <system-out><![CDATA[/home/travis/build/icyphy/ptII/ptolemy/actor/lib/hoc/test/IterateOverArray.tcl
testDefs.tcl: setting time out to 9000 seconds at Mon Jul 08 04:47:08 UTC 2019
07/08/19 04:47:08
Failed: 0  Total Tests: 2  ((Passed: 2, Newly Passed: 0)  Known Failed: 0) /home/travis/build/icyphy/ptII/ptolemy/actor/lib/hoc/test
----------------- testing (KnownFailure) /home/travis/build/icyphy/ptII/ptolemy/actor/lib/hoc/test/auto/knownFailedTests/PreinitializeMustBeInvokedRunComposite.xml
165 ms. Memory: 120832K Free: 108827K (90%)
Known Failure: java.lang.reflect.InvocationTargetException
No auto/linux-amd64/*.xml tests in /home/travis/build/icyphy/ptII/ptolemy/actor/lib/hoc/test
AutoTests.java: About to close Vertx.
AutoTests.java: Vertx closed.

===========================================================================================
----------------- testing Mon Jul 08 04:47:09 UTC 2019 /home/travis/build/icyphy/ptII/ptolemy/actor/lib/hoc/test/auto/AllToAllMultiInstanceComposite.xml
----------------- Instantiating /home/travis/build/icyphy/ptII/ptolemy/actor/lib/hoc/test/auto/AllToAllMultiInstanceComposite.xml
249 ms. Memory: 160768K Free: 124205K (77%)
----------------- Invoking toplevel() on ptolemy.moml.MoMLSimpleApplication@107413c6
----------------- Done invoking toplevel() on ptolemy.moml.MoMLSimpleApplication@107413c6
reloadAllAccessors: .AllToAllMultiInstanceComposite

===========================================================================================
----------------- testing Mon Jul 08 04:47:09 UTC 2019 /home/travis/build/icyphy/ptII/ptolemy/actor/lib/hoc/test/auto/ApplyFFTTest.xml
----------------- Instantiating /home/travis/build/icyphy/ptII/ptolemy/actor/lib/hoc/test/auto/ApplyFFTTest.xml
174 ms. Memory: 160768K Free: 131086K (82%)
----------------- Invoking toplevel() on ptolemy.moml.MoMLSimpleApplication@3a51a2a
----------------- Done invoking toplevel() on ptolemy.moml.MoMLSimpleApplication@3a51a2a
reloadAllAccessors: .ApplyFFTTest

===========================================================================================
----------------- testing Mon Jul 08 04:47:10 UTC 2019 /home/travis/build/icyphy/ptII/ptolemy/actor/lib/hoc/test/auto/ApplyFunction.xml
----------------- Instantiating /home/travis/build/icyphy/ptII/ptolemy/actor/lib/hoc/test/auto/ApplyFunction.xml
6 ms. Memory: 160768K Free: 127734K (79%)
----------------- Invoking toplevel() on ptolemy.moml.MoMLSimpleApplication@6503f27a
----------------- Done invoking toplevel() on ptolemy.moml.MoMLSimpleApplication@6503f27a
reloadAllAccessors: .ApplyFunction

===========================================================================================
----------------- testing Mon Jul 08 04:47:10 UTC 2019 /home/travis/build/icyphy/ptII/ptolemy/actor/lib/hoc/test/auto/BackgroundExecution.xml
----------------- Instantiating /home/travis/build/icyphy/ptII/ptolemy/actor/lib/hoc/test/auto/BackgroundExecution.xml
635 ms. Memory: 160768K Free: 120574K (75%)
----------------- Invoking toplevel() on ptolemy.moml.MoMLSimpleApplication@354728f7
----------------- Done invoking toplevel() on ptolemy.moml.MoMLSimpleApplication@354728f7
reloadAllAccessors: .BackgroundExecution

===========================================================================================
----------------- testing Mon Jul 08 04:47:11 UTC 2019 /home/travis/build/icyphy/ptII/ptolemy/actor/lib/hoc/test/auto/Case.xml
----------------- Instantiating /home/travis/build/icyphy/ptII/ptolemy/actor/lib/hoc/test/auto/Case.xml
16 ms. Memory: 160768K Free: 113093K (70%)
----------------- Invoking toplevel() on ptolemy.moml.MoMLSimpleApplication@1e6f07d1
----------------- Done invoking toplevel() on ptolemy.moml.MoMLSimpleApplication@1e6f07d1
reloadAllAccessors: .Case

===========================================================================================
----------------- testing Mon Jul 08 04:47:11 UTC 2019 /home/travis/build/icyphy/ptII/ptolemy/actor/lib/hoc/test/auto/Case1.xml
----------------- Instantiating /home/travis/build/icyphy/ptII/ptolemy/actor/lib/hoc/test/auto/Case1.xml
21 ms. Memory: 160768K Free: 106943K (67%)
----------------- Invoking toplevel() on ptolemy.moml.MoMLSimpleApplication@7f64af9c
----------------- Done invoking toplevel() on ptolemy.moml.MoMLSimpleApplication@7f64af9c
reloadAllAccessors: .Case1

===========================================================================================
----------------- testing Mon Jul 08 04:47:11 UTC 2019 /home/travis/build/icyphy/ptII/ptolemy/actor/lib/hoc/test/auto/Case2.xml
----------------- Instantiating /home/travis/build/icyphy/ptII/ptolemy/actor/lib/hoc/test/auto/Case2.xml
50 ms. Memory: 160768K Free: 137834K (86%)
----------------- Invoking toplevel() on ptolemy.moml.MoMLSimpleApplication@3de429
----------------- Done invoking toplevel() on ptolemy.moml.MoMLSimpleApplication@3de429
reloadAllAccessors: .Case2

===========================================================================================
----------------- testing Mon Jul 08 04:47:11 UTC 2019 /home/travis/build/icyphy/ptII/ptolemy/actor/lib/hoc/test/auto/Case3.xml
----------------- Instantiating /home/travis/build/icyphy/ptII/ptolemy/actor/lib/hoc/test/auto/Case3.xml
15 ms. Memory: 160768K Free: 131690K (82%)
----------------- Invoking toplevel() on ptolemy.moml.MoMLSimpleApplication@4aebb8a2
----------------- Done invoking toplevel() on ptolemy.moml.MoMLSimpleApplication@4aebb8a2
reloadAllAccessors: .Case3

===========================================================================================
----------------- testing Mon Jul 08 04:47:11 UTC 2019 /home/travis/build/icyphy/ptII/ptolemy/actor/lib/hoc/test/auto/Case4.xml
----------------- Instantiating /home/travis/build/icyphy/ptII/ptolemy/actor/lib/hoc/test/auto/Case4.xml
21 ms. Memory: 160768K Free: 124029K (77%)
----------------- Invoking toplevel() on ptolemy.moml.MoMLSimpleApplication@69254457
----------------- Done invoking toplevel() on ptolemy.moml.MoMLSimpleApplication@69254457
reloadAllAccessors: .Case4

===========================================================================================
----------------- testing Mon Jul 08 04:47:11 UTC 2019 /home/travis/build/icyphy/ptII/ptolemy/actor/lib/hoc/test/auto/Case5.xml
----------------- Instantiating /home/travis/build/icyphy/ptII/ptolemy/actor/lib/hoc/test/auto/Case5.xml
54 ms. Memory: 160768K Free: 117354K (73%)
----------------- Invoking toplevel() on ptolemy.moml.MoMLSimpleApplication@5f125115
----------------- Done invoking toplevel() on ptolemy.moml.MoMLSimpleApplication@5f125115
reloadAllAccessors: .junk

===========================================================================================
----------------- testing Mon Jul 08 04:47:11 UTC 2019 /home/travis/build/icyphy/ptII/ptolemy/actor/lib/hoc/test/auto/Case6.xml
----------------- Instantiating /home/travis/build/icyphy/ptII/ptolemy/actor/lib/hoc/test/auto/Case6.xml
47 ms. Memory: 160768K Free: 105066K (65%)
----------------- Invoking toplevel() on ptolemy.moml.MoMLSimpleApplication@22219913
----------------- Done invoking toplevel() on ptolemy.moml.MoMLSimpleApplication@22219913
reloadAllAccessors: .Case6

===========================================================================================
----------------- testing Mon Jul 08 04:47:11 UTC 2019 /home/travis/build/icyphy/ptII/ptolemy/actor/lib/hoc/test/auto/CaseString2.xml
----------------- Instantiating /home/travis/build/icyphy/ptII/ptolemy/actor/lib/hoc/test/auto/CaseString2.xml
18 ms. Memory: 160768K Free: 97405K (61%)
----------------- Invoking toplevel() on ptolemy.moml.MoMLSimpleApplication@b9e7d7d
----------------- Done invoking toplevel() on ptolemy.moml.MoMLSimpleApplication@b9e7d7d
reloadAllAccessors: .CaseString2

===========================================================================================
----------------- testing Mon Jul 08 04:47:11 UTC 2019 /home/travis/build/icyphy/ptII/ptolemy/actor/lib/hoc/test/auto/CatchUpComposite1.xml
----------------- Instantiating /home/travis/build/icyphy/ptII/ptolemy/actor/lib/hoc/test/auto/CatchUpComposite1.xml
34 ms. Memory: 160768K Free: 88211K (55%)
----------------- Invoking toplevel() on ptolemy.moml.MoMLSimpleApplication@3d1b2b45
----------------- Done invoking toplevel() on ptolemy.moml.MoMLSimpleApplication@3d1b2b45
reloadAllAccessors: .CatchUpComposite1

===========================================================================================
----------------- testing Mon Jul 08 04:47:11 UTC 2019 /home/travis/build/icyphy/ptII/ptolemy/actor/lib/hoc/test/auto/CatchUpComposite2.xml
----------------- Instantiating /home/travis/build/icyphy/ptII/ptolemy/actor/lib/hoc/test/auto/CatchUpComposite2.xml
17 ms. Memory: 160768K Free: 79939K (50%)
----------------- Invoking toplevel() on ptolemy.moml.MoMLSimpleApplication@513fe4ac
----------------- Done invoking toplevel() on ptolemy.moml.MoMLSimpleApplication@513fe4ac
reloadAllAccessors: .CatchUpComposite2

===========================================================================================
----------------- testing Mon Jul 08 04:47:12 UTC 2019 /home/travis/build/icyphy/ptII/ptolemy/actor/lib/hoc/test/auto/CatchUpComposite3.xml
----------------- Instantiating /home/travis/build/icyphy/ptII/ptolemy/actor/lib/hoc/test/auto/CatchUpComposite3.xml
15 ms. Memory: 160768K Free: 141673K (88%)
----------------- Invoking toplevel() on ptolemy.moml.MoMLSimpleApplication@5449d7be
----------------- Done invoking toplevel() on ptolemy.moml.MoMLSimpleApplication@5449d7be
reloadAllAccessors: .CatchUpComposite3

===========================================================================================
----------------- testing Mon Jul 08 04:47:12 UTC 2019 /home/travis/build/icyphy/ptII/ptolemy/actor/lib/hoc/test/auto/CatchUpComposite4.xml
----------------- Instantiating /home/travis/build/icyphy/ptII/ptolemy/actor/lib/hoc/test/auto/CatchUpComposite4.xml
11 ms. Memory: 160768K Free: 132975K (83%)
----------------- Invoking toplevel() on ptolemy.moml.MoMLSimpleApplication@78912847
----------------- Done invoking toplevel() on ptolemy.moml.MoMLSimpleApplication@78912847
reloadAllAccessors: .CatchUpComposite4

===========================================================================================
----------------- testing Mon Jul 08 04:47:12 UTC 2019 /home/travis/build/icyphy/ptII/ptolemy/actor/lib/hoc/test/auto/CatchUpComposite5.xml
----------------- Instantiating /home/travis/build/icyphy/ptII/ptolemy/actor/lib/hoc/test/auto/CatchUpComposite5.xml
14 ms. Memory: 160768K Free: 125293K (78%)
----------------- Invoking toplevel() on ptolemy.moml.MoMLSimpleApplication@643029f3
----------------- Done invoking toplevel() on ptolemy.moml.MoMLSimpleApplication@643029f3
reloadAllAccessors: .CatchUpComposite5

===========================================================================================
----------------- testing Mon Jul 08 04:47:12 UTC 2019 /home/travis/build/icyphy/ptII/ptolemy/actor/lib/hoc/test/auto/CatchUpComposite6.xml
----------------- Instantiating /home/travis/build/icyphy/ptII/ptolemy/actor/lib/hoc/test/auto/CatchUpComposite6.xml
WARNING: The execution aspects in this model can influence the timing of actors by delaying the 
execution, potentially changing the behavior. There is no guarantee that actors fire at the 
time they request to be fired. 
Use Ptides for deterministic DE behavior that is not influenced by execution aspects. 

97 ms. Memory: 160768K Free: 110957K (69%)
----------------- Invoking toplevel() on ptolemy.moml.MoMLSimpleApplication@6dde1b08
----------------- Done invoking toplevel() on ptolemy.moml.MoMLSimpleApplication@6dde1b08
reloadAllAccessors: .CatchUpComposite6

===========================================================================================
----------------- testing Mon Jul 08 04:47:12 UTC 2019 /home/travis/build/icyphy/ptII/ptolemy/actor/lib/hoc/test/auto/CatchUpComposite7.xml
----------------- Instantiating /home/travis/build/icyphy/ptII/ptolemy/actor/lib/hoc/test/auto/CatchUpComposite7.xml
WARNING: The execution aspects in this model can influence the timing of actors by delaying the 
execution, potentially changing the behavior. There is no guarantee that actors fire at the 
time they request to be fired. 
Use Ptides for deterministic DE behavior that is not influenced by execution aspects. 

22 ms. Memory: 160768K Free: 97135K (60%)
----------------- Invoking toplevel() on ptolemy.moml.MoMLSimpleApplication@615f325a
----------------- Done invoking toplevel() on ptolemy.moml.MoMLSimpleApplication@615f325a
reloadAllAccessors: .CatchUpComposite7

===========================================================================================
----------------- testing Mon Jul 08 04:47:12 UTC 2019 /home/travis/build/icyphy/ptII/ptolemy/actor/lib/hoc/test/auto/ConcurrentExecutionTimeSDF.xml
----------------- Instantiating /home/travis/build/icyphy/ptII/ptolemy/actor/lib/hoc/test/auto/ConcurrentExecutionTimeSDF.xml
Fired ExecutionTime: 40400000
Fired ExecutionTime: 40400000
Fired ExecutionTime: 40400000
Fired ExecutionTime: 40400000
Fired ExecutionTime: 40400000
Fired ExecutionTime: 40400000
Fired ExecutionTime: 40400000
Fired ExecutionTime: 40400000
Fired ExecutionTime: 40400000
Fired ExecutionTime: 40400000
Fired ExecutionTime: 40400000
Fired ExecutionTime: 40400000
Fired ExecutionTime: 40400000
Fired ExecutionTime: 40400000
Fired ExecutionTime: 40400000
Fired ExecutionTime: 40400000
Fired ExecutionTime: 40400000
Fired ExecutionTime: 40400000
Fired ExecutionTime: 40400000
Fired ExecutionTime: 40400000
1019 ms. Memory: 160768K Free: 89967K (56%)
----------------- Invoking toplevel() on ptolemy.moml.MoMLSimpleApplication@21ed1b7c
----------------- Done invoking toplevel() on ptolemy.moml.MoMLSimpleApplication@21ed1b7c
reloadAllAccessors: .ConcurrentExecutionTimeSDF

===========================================================================================
----------------- testing Mon Jul 08 04:47:13 UTC 2019 /home/travis/build/icyphy/ptII/ptolemy/actor/lib/hoc/test/auto/ConcurrentSleep.xml
----------------- Instantiating /home/travis/build/icyphy/ptII/ptolemy/actor/lib/hoc/test/auto/ConcurrentSleep.xml
732 ms. Memory: 160768K Free: 78703K (49%)
----------------- Invoking toplevel() on ptolemy.moml.MoMLSimpleApplication@7ae3d06b
----------------- Done invoking toplevel() on ptolemy.moml.MoMLSimpleApplication@7ae3d06b
reloadAllAccessors: .ConcurrentSleep

===========================================================================================
----------------- testing Mon Jul 08 04:47:14 UTC 2019 /home/travis/build/icyphy/ptII/ptolemy/actor/lib/hoc/test/auto/DEInPNInRunCompositeActor.xml
----------------- Instantiating /home/travis/build/icyphy/ptII/ptolemy/actor/lib/hoc/test/auto/DEInPNInRunCompositeActor.xml
15 ms. Memory: 160768K Free: 72559K (45%)
----------------- Invoking toplevel() on ptolemy.moml.MoMLSimpleApplication@314ae08e
----------------- Done invoking toplevel() on ptolemy.moml.MoMLSimpleApplication@314ae08e
reloadAllAccessors: .DEInPNInRunCompositeActor

===========================================================================================
----------------- testing Mon Jul 08 04:47:14 UTC 2019 /home/travis/build/icyphy/ptII/ptolemy/actor/lib/hoc/test/auto/DFTSubSetTest.xml
----------------- Instantiating /home/travis/build/icyphy/ptII/ptolemy/actor/lib/hoc/test/auto/DFTSubSetTest.xml
191 ms. Memory: 193536K Free: 155575K (80%)
----------------- Invoking toplevel() on ptolemy.moml.MoMLSimpleApplication@3dcf96bc
----------------- Done invoking toplevel() on ptolemy.moml.MoMLSimpleApplication@3dcf96bc
reloadAllAccessors: .DFTSubSetTest

===========================================================================================
----------------- testing Mon Jul 08 04:47:14 UTC 2019 /home/travis/build/icyphy/ptII/ptolemy/actor/lib/hoc/test/auto/HocDE.xml
----------------- Instantiating /home/travis/build/icyphy/ptII/ptolemy/actor/lib/hoc/test/auto/HocDE.xml
132 ms. Memory: 193536K Free: 130332K (67%)
----------------- Invoking toplevel() on ptolemy.moml.MoMLSimpleApplication@3b9b6925
----------------- Done invoking toplevel() on ptolemy.moml.MoMLSimpleApplication@3b9b6925
reloadAllAccessors: .HocDE

===========================================================================================
----------------- testing Mon Jul 08 04:47:14 UTC 2019 /home/travis/build/icyphy/ptII/ptolemy/actor/lib/hoc/test/auto/IterateOverArray.xml
----------------- Instantiating /home/travis/build/icyphy/ptII/ptolemy/actor/lib/hoc/test/auto/IterateOverArray.xml
6 ms. Memory: 193536K Free: 125722K (65%)
----------------- Invoking toplevel() on ptolemy.moml.MoMLSimpleApplication@761f0463
----------------- Done invoking toplevel() on ptolemy.moml.MoMLSimpleApplication@761f0463
reloadAllAccessors: .IterateOverArray

===========================================================================================
----------------- testing Mon Jul 08 04:47:14 UTC 2019 /home/travis/build/icyphy/ptII/ptolemy/actor/lib/hoc/test/auto/IterateOverArray10.xml
----------------- Instantiating /home/travis/build/icyphy/ptII/ptolemy/actor/lib/hoc/test/auto/IterateOverArray10.xml
7 ms. Memory: 193536K Free: 122140K (63%)
----------------- Invoking toplevel() on ptolemy.moml.MoMLSimpleApplication@27cece47
----------------- Done invoking toplevel() on ptolemy.moml.MoMLSimpleApplication@27cece47
reloadAllAccessors: .IterateOverArray10

===========================================================================================
----------------- testing Mon Jul 08 04:47:14 UTC 2019 /home/travis/build/icyphy/ptII/ptolemy/actor/lib/hoc/test/auto/IterateOverArray11.xml
----------------- Instantiating /home/travis/build/icyphy/ptII/ptolemy/actor/lib/hoc/test/auto/IterateOverArray11.xml
6 ms. Memory: 193536K Free: 118554K (61%)
----------------- Invoking toplevel() on ptolemy.moml.MoMLSimpleApplication@507bd079
----------------- Done invoking toplevel() on ptolemy.moml.MoMLSimpleApplication@507bd079
reloadAllAccessors: .IterateOverArray11

===========================================================================================
----------------- testing Mon Jul 08 04:47:14 UTC 2019 /home/travis/build/icyphy/ptII/ptolemy/actor/lib/hoc/test/auto/IterateOverArray12.xml
----------------- Instantiating /home/travis/build/icyphy/ptII/ptolemy/actor/lib/hoc/test/auto/IterateOverArray12.xml
18 ms. Memory: 193536K Free: 111900K (58%)
----------------- Invoking toplevel() on ptolemy.moml.MoMLSimpleApplication@759ba4f6
----------------- Done invoking toplevel() on ptolemy.moml.MoMLSimpleApplication@759ba4f6
reloadAllAccessors: .IterateOverArray12

===========================================================================================
----------------- testing Mon Jul 08 04:47:14 UTC 2019 /home/travis/build/icyphy/ptII/ptolemy/actor/lib/hoc/test/auto/IterateOverArray13.xml
----------------- Instantiating /home/travis/build/icyphy/ptII/ptolemy/actor/lib/hoc/test/auto/IterateOverArray13.xml
78 ms. Memory: 193536K Free: 85786K (44%)
----------------- Invoking toplevel() on ptolemy.moml.MoMLSimpleApplication@1daf677c
----------------- Done invoking toplevel() on ptolemy.moml.MoMLSimpleApplication@1daf677c
reloadAllAccessors: .IterateOverArray13

===========================================================================================
----------------- testing Mon Jul 08 04:47:15 UTC 2019 /home/travis/build/icyphy/ptII/ptolemy/actor/lib/hoc/test/auto/IterateOverArray14.xml
----------------- Instantiating /home/travis/build/icyphy/ptII/ptolemy/actor/lib/hoc/test/auto/IterateOverArray14.xml
68 ms. Memory: 193536K Free: 162182K (84%)
----------------- Invoking toplevel() on ptolemy.moml.MoMLSimpleApplication@52da3b2f
----------------- Done invoking toplevel() on ptolemy.moml.MoMLSimpleApplication@52da3b2f
reloadAllAccessors: .IterateOverArray14

===========================================================================================
----------------- testing Mon Jul 08 04:47:15 UTC 2019 /home/travis/build/icyphy/ptII/ptolemy/actor/lib/hoc/test/auto/IterateOverArray2.xml
----------------- Instantiating /home/travis/build/icyphy/ptII/ptolemy/actor/lib/hoc/test/auto/IterateOverArray2.xml
9 ms. Memory: 193536K Free: 157576K (81%)
----------------- Invoking toplevel() on ptolemy.moml.MoMLSimpleApplication@e130e59
----------------- Done invoking toplevel() on ptolemy.moml.MoMLSimpleApplication@e130e59
reloadAllAccessors: .IterateOverArray2

===========================================================================================
----------------- testing Mon Jul 08 04:47:15 UTC 2019 /home/travis/build/icyphy/ptII/ptolemy/actor/lib/hoc/test/auto/IterateOverArray3.xml
----------------- Instantiating /home/travis/build/icyphy/ptII/ptolemy/actor/lib/hoc/test/auto/IterateOverArray3.xml
7 ms. Memory: 193536K Free: 151432K (78%)
----------------- Invoking toplevel() on ptolemy.moml.MoMLSimpleApplication@4e234f03
----------------- Done invoking toplevel() on ptolemy.moml.MoMLSimpleApplication@4e234f03
reloadAllAccessors: .IterateOverArray3

===========================================================================================
----------------- testing Mon Jul 08 04:47:15 UTC 2019 /home/travis/build/icyphy/ptII/ptolemy/actor/lib/hoc/test/auto/IterateOverArray4.xml
----------------- Instantiating /home/travis/build/icyphy/ptII/ptolemy/actor/lib/hoc/test/auto/IterateOverArray4.xml
4 ms. Memory: 193536K Free: 147336K (76%)
----------------- Invoking toplevel() on ptolemy.moml.MoMLSimpleApplication@7816ded5
----------------- Done invoking toplevel() on ptolemy.moml.MoMLSimpleApplication@7816ded5
reloadAllAccessors: .IterateOverArray4

===========================================================================================
----------------- testing Mon Jul 08 04:47:15 UTC 2019 /home/travis/build/icyphy/ptII/ptolemy/actor/lib/hoc/test/auto/IterateOverArray5.xml
----------------- Instantiating /home/travis/build/icyphy/ptII/ptolemy/actor/lib/hoc/test/auto/IterateOverArray5.xml
4 ms. Memory: 193536K Free: 143240K (74%)
----------------- Invoking toplevel() on ptolemy.moml.MoMLSimpleApplication@54f002e
----------------- Done invoking toplevel() on ptolemy.moml.MoMLSimpleApplication@54f002e
reloadAllAccessors: .IterateOverArray5

===========================================================================================
----------------- testing Mon Jul 08 04:47:15 UTC 2019 /home/travis/build/icyphy/ptII/ptolemy/actor/lib/hoc/test/auto/IterateOverArray6.xml
----------------- Instantiating /home/travis/build/icyphy/ptII/ptolemy/actor/lib/hoc/test/auto/IterateOverArray6.xml
2 ms. Memory: 193536K Free: 139654K (72%)
----------------- Invoking toplevel() on ptolemy.moml.MoMLSimpleApplication@7477e019
----------------- Done invoking toplevel() on ptolemy.moml.MoMLSimpleApplication@7477e019
reloadAllAccessors: .IterateOverArray6

===========================================================================================
----------------- testing Mon Jul 08 04:47:15 UTC 2019 /home/travis/build/icyphy/ptII/ptolemy/actor/lib/hoc/test/auto/IterateOverArray7.xml
----------------- Instantiating /home/travis/build/icyphy/ptII/ptolemy/actor/lib/hoc/test/auto/IterateOverArray7.xml
5 ms. Memory: 193536K Free: 135048K (70%)
----------------- Invoking toplevel() on ptolemy.moml.MoMLSimpleApplication@e63b6b5
----------------- Done invoking toplevel() on ptolemy.moml.MoMLSimpleApplication@e63b6b5
reloadAllAccessors: .IterateOverArray7

===========================================================================================
----------------- testing Mon Jul 08 04:47:15 UTC 2019 /home/travis/build/icyphy/ptII/ptolemy/actor/lib/hoc/test/auto/IterateOverArray8.xml
----------------- Instantiating /home/travis/build/icyphy/ptII/ptolemy/actor/lib/hoc/test/auto/IterateOverArray8.xml
4 ms. Memory: 193536K Free: 130952K (68%)
----------------- Invoking toplevel() on ptolemy.moml.MoMLSimpleApplication@1ad9cecb
----------------- Done invoking toplevel() on ptolemy.moml.MoMLSimpleApplication@1ad9cecb
reloadAllAccessors: .IterateOverArray8

===========================================================================================
----------------- testing Mon Jul 08 04:47:15 UTC 2019 /home/travis/build/icyphy/ptII/ptolemy/actor/lib/hoc/test/auto/IterateOverArray9.xml
----------------- Instantiating /home/travis/build/icyphy/ptII/ptolemy/actor/lib/hoc/test/auto/IterateOverArray9.xml
7 ms. Memory: 193536K Free: 126856K (66%)
----------------- Invoking toplevel() on ptolemy.moml.MoMLSimpleApplication@16e15ee2
----------------- Done invoking toplevel() on ptolemy.moml.MoMLSimpleApplication@16e15ee2
reloadAllAccessors: .IterateOverArray9

===========================================================================================
----------------- testing Mon Jul 08 04:47:15 UTC 2019 /home/travis/build/icyphy/ptII/ptolemy/actor/lib/hoc/test/auto/IterateOverArrayCoercedOutputType.xml
----------------- Instantiating /home/travis/build/icyphy/ptII/ptolemy/actor/lib/hoc/test/auto/IterateOverArrayCoercedOutputType.xml
7 ms. Memory: 193536K Free: 121736K (63%)
----------------- Invoking toplevel() on ptolemy.moml.MoMLSimpleApplication@2e6c3db8
----------------- Done invoking toplevel() on ptolemy.moml.MoMLSimpleApplication@2e6c3db8
reloadAllAccessors: .IterateOverArrayCoercedOutputType

===========================================================================================
----------------- testing Mon Jul 08 04:47:15 UTC 2019 /home/travis/build/icyphy/ptII/ptolemy/actor/lib/hoc/test/auto/IterateOverArrayInferredOutputType.xml
----------------- Instantiating /home/travis/build/icyphy/ptII/ptolemy/actor/lib/hoc/test/auto/IterateOverArrayInferredOutputType.xml
8 ms. Memory: 193536K Free: 117126K (61%)
----------------- Invoking toplevel() on ptolemy.moml.MoMLSimpleApplication@4cb37f34
----------------- Done invoking toplevel() on ptolemy.moml.MoMLSimpleApplication@4cb37f34
reloadAllAccessors: .IterateOverArrayInferredOutputType

===========================================================================================
----------------- testing Mon Jul 08 04:47:15 UTC 2019 /home/travis/build/icyphy/ptII/ptolemy/actor/lib/hoc/test/auto/MobileFunctionTest.xml
----------------- Instantiating /home/travis/build/icyphy/ptII/ptolemy/actor/lib/hoc/test/auto/MobileFunctionTest.xml
5 ms. Memory: 193536K Free: 113016K (58%)
----------------- Invoking toplevel() on ptolemy.moml.MoMLSimpleApplication@3a36d14f
----------------- Done invoking toplevel() on ptolemy.moml.MoMLSimpleApplication@3a36d14f
reloadAllAccessors: .MobileFunctionTest

===========================================================================================
----------------- testing Mon Jul 08 04:47:15 UTC 2019 /home/travis/build/icyphy/ptII/ptolemy/actor/lib/hoc/test/auto/MobileModelTest.xml
----------------- Instantiating /home/travis/build/icyphy/ptII/ptolemy/actor/lib/hoc/test/auto/MobileModelTest.xml
137 ms. Memory: 193536K Free: 92040K (48%)
----------------- Invoking toplevel() on ptolemy.moml.MoMLSimpleApplication@2cb170d9
----------------- Done invoking toplevel() on ptolemy.moml.MoMLSimpleApplication@2cb170d9
reloadAllAccessors: .MobileModelTest

===========================================================================================
----------------- testing Mon Jul 08 04:47:16 UTC 2019 /home/travis/build/icyphy/ptII/ptolemy/actor/lib/hoc/test/auto/ModelReference.xml
----------------- Instantiating /home/travis/build/icyphy/ptII/ptolemy/actor/lib/hoc/test/auto/ModelReference.xml
2 ms. Memory: 193536K Free: 85382K (44%)
4 ms. Memory: 193536K Free: 84872K (44%)
2 ms. Memory: 193536K Free: 83848K (43%)
1 ms. Memory: 193536K Free: 83304K (43%)
1 ms. Memory: 193536K Free: 82296K (43%)
1 ms. Memory: 193536K Free: 81286K (42%)
2 ms. Memory: 193536K Free: 80776K (42%)
1 ms. Memory: 193536K Free: 79752K (41%)
2 ms. Memory: 193536K Free: 79224K (41%)
1 ms. Memory: 193536K Free: 78208K (40%)
38 ms. Memory: 193536K Free: 78208K (40%)
----------------- Invoking toplevel() on ptolemy.moml.MoMLSimpleApplication@a2fb8ed
----------------- Done invoking toplevel() on ptolemy.moml.MoMLSimpleApplication@a2fb8ed
reloadAllAccessors: .ModelReference

===========================================================================================
----------------- testing Mon Jul 08 04:47:16 UTC 2019 /home/travis/build/icyphy/ptII/ptolemy/actor/lib/hoc/test/auto/ModelReference3.xml
----------------- Instantiating /home/travis/build/icyphy/ptII/ptolemy/actor/lib/hoc/test/auto/ModelReference3.xml
2 ms. Memory: 193536K Free: 73094K (38%)
2 ms. Memory: 193536K Free: 72584K (38%)
2 ms. Memory: 193536K Free: 71560K (37%)
2 ms. Memory: 193536K Free: 71046K (37%)
2 ms. Memory: 193536K Free: 70008K (36%)
1 ms. Memory: 193536K Free: 68984K (36%)
1 ms. Memory: 193536K Free: 68488K (35%)
5 ms. Memory: 193536K Free: 67464K (35%)
13 ms. Memory: 193536K Free: 178841K (92%)
2 ms. Memory: 193536K Free: 178191K (92%)
36 ms. Memory: 193536K Free: 178191K (92%)
----------------- Invoking toplevel() on ptolemy.moml.MoMLSimpleApplication@260912a0
----------------- Done invoking toplevel() on ptolemy.moml.MoMLSimpleApplication@260912a0
reloadAllAccessors: .ModelReference3

===========================================================================================
----------------- testing Mon Jul 08 04:47:16 UTC 2019 /home/travis/build/icyphy/ptII/ptolemy/actor/lib/hoc/test/auto/ModelReference4.xml
----------------- Instantiating /home/travis/build/icyphy/ptII/ptolemy/actor/lib/hoc/test/auto/ModelReference4.xml
6 ms. Memory: 193536K Free: 172902K (89%)
6 ms. Memory: 193536K Free: 171382K (89%)
2 ms. Memory: 193536K Free: 170358K (88%)
7 ms. Memory: 193536K Free: 168814K (87%)
2 ms. Memory: 193536K Free: 167782K (87%)
9 ms. Memory: 193536K Free: 166766K (86%)
3 ms. Memory: 193536K Free: 165238K (85%)
2 ms. Memory: 193536K Free: 164214K (85%)
2 ms. Memory: 193536K Free: 162670K (84%)
3 ms. Memory: 193536K Free: 161638K (84%)
10021 ms. Memory: 193536K Free: 161638K (84%)
----------------- Invoking toplevel() on ptolemy.moml.MoMLSimpleApplication@313cbbb8
----------------- Done invoking toplevel() on ptolemy.moml.MoMLSimpleApplication@313cbbb8
reloadAllAccessors: .ModelReference4

===========================================================================================
----------------- testing Mon Jul 08 04:47:26 UTC 2019 /home/travis/build/icyphy/ptII/ptolemy/actor/lib/hoc/test/auto/MultiInstanceComposite.xml
----------------- Instantiating /home/travis/build/icyphy/ptII/ptolemy/actor/lib/hoc/test/auto/MultiInstanceComposite.xml
26 ms. Memory: 193536K Free: 142710K (74%)
----------------- Invoking toplevel() on ptolemy.moml.MoMLSimpleApplication@1f549e1a
----------------- Done invoking toplevel() on ptolemy.moml.MoMLSimpleApplication@1f549e1a
reloadAllAccessors: .MultiInstanceComposite

===========================================================================================
----------------- testing Mon Jul 08 04:47:26 UTC 2019 /home/travis/build/icyphy/ptII/ptolemy/actor/lib/hoc/test/auto/MultiInstanceComposite2.xml
----------------- Instantiating /home/travis/build/icyphy/ptII/ptolemy/actor/lib/hoc/test/auto/MultiInstanceComposite2.xml
18 ms. Memory: 193536K Free: 131446K (68%)
----------------- Invoking toplevel() on ptolemy.moml.MoMLSimpleApplication@2de2e82a
----------------- Done invoking toplevel() on ptolemy.moml.MoMLSimpleApplication@2de2e82a
reloadAllAccessors: .MultiInstanceComposite2

===========================================================================================
----------------- testing Mon Jul 08 04:47:26 UTC 2019 /home/travis/build/icyphy/ptII/ptolemy/actor/lib/hoc/test/auto/MulticoreExecution.xml
----------------- Instantiating /home/travis/build/icyphy/ptII/ptolemy/actor/lib/hoc/test/auto/MulticoreExecution.xml
Fired ExecutionTime: 8800000
Fired ExecutionTime: 9200000
Fired ExecutionTime: 68000000
Fired ExecutionTime: 66800000
Fired ExecutionTime: 66000000
Fired ExecutionTime: 66400000
Fired ExecutionTime: 66000000
Fired ExecutionTime: 65600000
Fired ExecutionTime: 104400000
Fired ExecutionTime: 104000000
Fired ExecutionTime: 130400000
Fired ExecutionTime: 129600000
Fired ExecutionTime: 130800000
Fired ExecutionTime: 124400000
Fired ExecutionTime: 79200000
Fired ExecutionTime: 74800000
Fired ExecutionTime: 111200000
Fired ExecutionTime: 88800000
Fired ExecutionTime: 116400000
Fired ExecutionTime: 121600000
1043 ms. Memory: 193536K Free: 122230K (63%)
----------------- Invoking toplevel() on ptolemy.moml.MoMLSimpleApplication@2816311a
----------------- Done invoking toplevel() on ptolemy.moml.MoMLSimpleApplication@2816311a
reloadAllAccessors: .MulticoreExecution

===========================================================================================
----------------- testing Mon Jul 08 04:47:27 UTC 2019 /home/travis/build/icyphy/ptII/ptolemy/actor/lib/hoc/test/auto/ParallelExecution.xml
----------------- Instantiating /home/travis/build/icyphy/ptII/ptolemy/actor/lib/hoc/test/auto/ParallelExecution.xml
929 ms. Memory: 193536K Free: 114548K (59%)
----------------- Invoking toplevel() on ptolemy.moml.MoMLSimpleApplication@5717ef55
----------------- Done invoking toplevel() on ptolemy.moml.MoMLSimpleApplication@5717ef55
reloadAllAccessors: .ParallelExecution

===========================================================================================
----------------- testing Mon Jul 08 04:47:28 UTC 2019 /home/travis/build/icyphy/ptII/ptolemy/actor/lib/hoc/test/auto/RunCompositeActor.xml
----------------- Instantiating /home/travis/build/icyphy/ptII/ptolemy/actor/lib/hoc/test/auto/RunCompositeActor.xml
10 ms. Memory: 193536K Free: 107366K (55%)
----------------- Invoking toplevel() on ptolemy.moml.MoMLSimpleApplication@232d93f4
----------------- Done invoking toplevel() on ptolemy.moml.MoMLSimpleApplication@232d93f4
reloadAllAccessors: .RunCompositeActor

===========================================================================================
----------------- testing Mon Jul 08 04:47:28 UTC 2019 /home/travis/build/icyphy/ptII/ptolemy/actor/lib/hoc/test/auto/RunCompositeActor2.xml
----------------- Instantiating /home/travis/build/icyphy/ptII/ptolemy/actor/lib/hoc/test/auto/RunCompositeActor2.xml
7 ms. Memory: 193536K Free: 101230K (52%)
----------------- Invoking toplevel() on ptolemy.moml.MoMLSimpleApplication@67ff3436
----------------- Done invoking toplevel() on ptolemy.moml.MoMLSimpleApplication@67ff3436
reloadAllAccessors: .RunCompositeActor2

===========================================================================================
----------------- testing Mon Jul 08 04:47:28 UTC 2019 /home/travis/build/icyphy/ptII/ptolemy/actor/lib/hoc/test/auto/RunCompositeActor3.xml
----------------- Instantiating /home/travis/build/icyphy/ptII/ptolemy/actor/lib/hoc/test/auto/RunCompositeActor3.xml
4 ms. Memory: 193536K Free: 96102K (50%)
----------------- Invoking toplevel() on ptolemy.moml.MoMLSimpleApplication@6daa9a69
----------------- Done invoking toplevel() on ptolemy.moml.MoMLSimpleApplication@6daa9a69
reloadAllAccessors: .RunCompositeActor3

===========================================================================================
----------------- testing Mon Jul 08 04:47:28 UTC 2019 /home/travis/build/icyphy/ptII/ptolemy/actor/lib/hoc/test/auto/RunCompositeActor4.xml
----------------- Instantiating /home/travis/build/icyphy/ptII/ptolemy/actor/lib/hoc/test/auto/RunCompositeActor4.xml
11 ms. Memory: 193536K Free: 88438K (46%)
----------------- Invoking toplevel() on ptolemy.moml.MoMLSimpleApplication@2b2a8eaa
----------------- Done invoking toplevel() on ptolemy.moml.MoMLSimpleApplication@2b2a8eaa
reloadAllAccessors: .RunCompositeActor4

===========================================================================================
----------------- testing Mon Jul 08 04:47:28 UTC 2019 /home/travis/build/icyphy/ptII/ptolemy/actor/lib/hoc/test/auto/RunCompositeIterateOverArray.xml
----------------- Instantiating /home/travis/build/icyphy/ptII/ptolemy/actor/lib/hoc/test/auto/RunCompositeIterateOverArray.xml
5 ms. Memory: 193536K Free: 81780K (42%)
----------------- Invoking toplevel() on ptolemy.moml.MoMLSimpleApplication@6f3279f
----------------- Done invoking toplevel() on ptolemy.moml.MoMLSimpleApplication@6f3279f
reloadAllAccessors: .RunCompositeIterateOverArray

===========================================================================================
----------------- testing Mon Jul 08 04:47:28 UTC 2019 /home/travis/build/icyphy/ptII/ptolemy/actor/lib/hoc/test/auto/ThreadedJS.xml
----------------- Instantiating /home/travis/build/icyphy/ptII/ptolemy/actor/lib/hoc/test/auto/ThreadedJS.xml
5665 ms. Memory: 279552K Free: 82798K (30%)
----------------- Invoking toplevel() on ptolemy.moml.MoMLSimpleApplication@e0ad1c1
----------------- Done invoking toplevel() on ptolemy.moml.MoMLSimpleApplication@e0ad1c1
reloadAllAccessors: .ThreadedJS
AutoTests.java: About to close Vertx.
AutoTests.java: Vertx closed.
]]></system-out>
  <system-err><![CDATA[java.lang.RuntimeException: Execution failed
	at ptolemy.moml.MoMLSimpleApplication$UnloadThread.run(MoMLSimpleApplication.java:402)
Caused by: ptolemy.kernel.util.IllegalActionException: initialize() was called after wrapup() was called but preinitialize() was not called after wrapup().
	at ptolemy.actor.lib.hoc.test.PreinitializeMustBeInvoked.initialize(PreinitializeMustBeInvoked.java:78)
	at ptolemy.actor.Director.initialize(Director.java:938)
	at ptolemy.actor.Director.initialize(Director.java:907)
	at ptolemy.actor.sched.StaticSchedulingDirector.initialize(StaticSchedulingDirector.java:159)
	at ptolemy.domains.sdf.kernel.SDFDirector.initialize(SDFDirector.java:544)
	at ptolemy.actor.CompositeActor.initialize(CompositeActor.java:935)
	at ptolemy.actor.lib.hoc.LifeCycleManager._executeInsideModel(LifeCycleManager.java:339)
	at ptolemy.actor.lib.hoc.RunCompositeActor.fire(RunCompositeActor.java:205)
	at ptolemy.actor.CompositeActor.iterate(CompositeActor.java:1146)
	at ptolemy.actor.sched.StaticSchedulingDirector.fire(StaticSchedulingDirector.java:216)
	at ptolemy.domains.sdf.kernel.SDFDirector.fire(SDFDirector.java:500)
	at ptolemy.actor.CompositeActor.fire(CompositeActor.java:455)
	at ptolemy.actor.Manager.iterate(Manager.java:851)
	at ptolemy.actor.Manager.execute(Manager.java:369)
	at ptolemy.actor.Manager.run(Manager.java:1263)
	at ptolemy.actor.Manager$PtolemyRunThread.run(Manager.java:1915)
java.lang.reflect.InvocationTargetException
	at java.base/jdk.internal.reflect.NativeConstructorAccessorImpl.newInstance0(Native Method)
	at java.base/jdk.internal.reflect.NativeConstructorAccessorImpl.newInstance(NativeConstructorAccessorImpl.java:62)
	at java.base/jdk.internal.reflect.DelegatingConstructorAccessorImpl.newInstance(DelegatingConstructorAccessorImpl.java:45)
	at java.base/java.lang.reflect.Constructor.newInstance(Constructor.java:490)
	at ptolemy.util.test.junit.AutoKnownFailedTests.RunModel(AutoKnownFailedTests.java:105)
	at java.base/jdk.internal.reflect.NativeMethodAccessorImpl.invoke0(Native Method)
	at java.base/jdk.internal.reflect.NativeMethodAccessorImpl.invoke(NativeMethodAccessorImpl.java:62)
	at java.base/jdk.internal.reflect.DelegatingMethodAccessorImpl.invoke(DelegatingMethodAccessorImpl.java:43)
	at java.base/java.lang.reflect.Method.invoke(Method.java:566)
	at org.junit.runners.model.FrameworkMethod$1.runReflectiveCall(FrameworkMethod.java:44)
	at org.junit.internal.runners.model.ReflectiveCallable.run(ReflectiveCallable.java:15)
	at org.junit.runners.model.FrameworkMethod.invokeExplosively(FrameworkMethod.java:41)
	at junitparams.internal.InvokeParameterisedMethod.evaluate(InvokeParameterisedMethod.java:102)
	at org.junit.internal.runners.statements.FailOnTimeout$1.run(FailOnTimeout.java:28)
Caused by: ptolemy.kernel.util.IllegalActionException: initialize() was called after wrapup() was called but preinitialize() was not called after wrapup().
	at ptolemy.actor.lib.hoc.test.PreinitializeMustBeInvoked.initialize(PreinitializeMustBeInvoked.java:78)
	at ptolemy.actor.Director.initialize(Director.java:938)
	at ptolemy.actor.Director.initialize(Director.java:907)
	at ptolemy.actor.sched.StaticSchedulingDirector.initialize(StaticSchedulingDirector.java:159)
	at ptolemy.domains.sdf.kernel.SDFDirector.initialize(SDFDirector.java:544)
	at ptolemy.actor.CompositeActor.initialize(CompositeActor.java:935)
	at ptolemy.actor.lib.hoc.LifeCycleManager._executeInsideModel(LifeCycleManager.java:339)
	at ptolemy.actor.lib.hoc.RunCompositeActor.fire(RunCompositeActor.java:205)
	at ptolemy.actor.CompositeActor.iterate(CompositeActor.java:1146)
	at ptolemy.actor.sched.StaticSchedulingDirector.fire(StaticSchedulingDirector.java:216)
	at ptolemy.domains.sdf.kernel.SDFDirector.fire(SDFDirector.java:500)
	at ptolemy.actor.CompositeActor.fire(CompositeActor.java:455)
	at ptolemy.actor.Manager.iterate(Manager.java:851)
	at ptolemy.actor.Manager.execute(Manager.java:369)
	at ptolemy.actor.Manager.run(Manager.java:1263)
	at ptolemy.actor.Manager$PtolemyRunThread.run(Manager.java:1915)
Warning: Nashorn engine is planned to be removed from a future JDK release
Warning: Nashorn engine is planned to be removed from a future JDK release
Warning: Nashorn engine is planned to be removed from a future JDK release
Warning: Nashorn engine is planned to be removed from a future JDK release
Warning: Nashorn engine is planned to be removed from a future JDK release
Warning: Nashorn engine is planned to be removed from a future JDK release
Warning: Nashorn engine is planned to be removed from a future JDK release
Warning: Nashorn engine is planned to be removed from a future JDK release
]]></system-err>
</testsuite>
