<?xml version="1.0" encoding="UTF-8" ?>
<testsuite errors="0" failures="0" hostname="travis-job-c0a8e28c-6374-4d99-a9c9-a1b8235c8bec" name="ptolemy.domains.continuous.test.junit.JUnitTclTest" skipped="0" tests="156" time="77.979" timestamp="2019-06-23T05:10:56">
  <properties>
[...]
</properties>
  <testcase classname="ptolemy.util.test.junit.TclTests" name="[0] ThereAreNoTclTests (RunTclFile)" time="0.021" />
  <testcase classname="ptolemy.util.test.junit.AutoKnownFailedTests" name="[0] ThereAreNoKnowFailedTests (RunModel)" time="0.002" />
  <testcase classname="ptolemy.util.test.junit.AutoNameArchTests" name="[0] ThereAreNoAutoArchTests (RunModel)" time="0.02" />
  <testcase classname="ptolemy.util.test.junit.AutoTests" name="[0] /home/travis/build/icyphy/ptII/ptolemy/domains/continuous/test/auto/BouncingBall.xml (RunModel)" time="3.361" />
  <testcase classname="ptolemy.util.test.junit.AutoTests" name="[1] /home/travis/build/icyphy/ptII/ptolemy/domains/continuous/test/auto/BouncingBallWithoutGR.xml (RunModel)" time="0.833" />
  <testcase classname="ptolemy.util.test.junit.AutoTests" name="[2] /home/travis/build/icyphy/ptII/ptolemy/domains/continuous/test/auto/Brownian.xml (RunModel)" time="0.075" />
  <testcase classname="ptolemy.util.test.junit.AutoTests" name="[3] /home/travis/build/icyphy/ptII/ptolemy/domains/continuous/test/auto/CarTracking.xml (RunModel)" time="4.8" />
  <testcase classname="ptolemy.util.test.junit.AutoTests" name="[4] /home/travis/build/icyphy/ptII/ptolemy/domains/continuous/test/auto/CartPendulum.xml (RunModel)" time="0.553" />
  <testcase classname="ptolemy.util.test.junit.AutoTests" name="[5] /home/travis/build/icyphy/ptII/ptolemy/domains/continuous/test/auto/CausalityInterface10.xml (RunModel)" time="0.053" />
  <testcase classname="ptolemy.util.test.junit.AutoTests" name="[6] /home/travis/build/icyphy/ptII/ptolemy/domains/continuous/test/auto/CausalityInterface11.xml (RunModel)" time="0.026" />
  <testcase classname="ptolemy.util.test.junit.AutoTests" name="[7] /home/travis/build/icyphy/ptII/ptolemy/domains/continuous/test/auto/CausalityInterface12.xml (RunModel)" time="0.048" />
  <testcase classname="ptolemy.util.test.junit.AutoTests" name="[8] /home/travis/build/icyphy/ptII/ptolemy/domains/continuous/test/auto/CausalityInterface13.xml (RunModel)" time="0.045" />
  <testcase classname="ptolemy.util.test.junit.AutoTests" name="[9] /home/travis/build/icyphy/ptII/ptolemy/domains/continuous/test/auto/CausalityInterface14.xml (RunModel)" time="0.028" />
  <testcase classname="ptolemy.util.test.junit.AutoTests" name="[10] /home/travis/build/icyphy/ptII/ptolemy/domains/continuous/test/auto/CausalityInterface4.xml (RunModel)" time="0.053" />
  <testcase classname="ptolemy.util.test.junit.AutoTests" name="[11] /home/travis/build/icyphy/ptII/ptolemy/domains/continuous/test/auto/CausalityInterface5.xml (RunModel)" time="0.038" />
  <testcase classname="ptolemy.util.test.junit.AutoTests" name="[12] /home/travis/build/icyphy/ptII/ptolemy/domains/continuous/test/auto/CausalityInterface6.xml (RunModel)" time="0.032" />
  <testcase classname="ptolemy.util.test.junit.AutoTests" name="[13] /home/travis/build/icyphy/ptII/ptolemy/domains/continuous/test/auto/CausalityInterface7.xml (RunModel)" time="0.041" />
  <testcase classname="ptolemy.util.test.junit.AutoTests" name="[14] /home/travis/build/icyphy/ptII/ptolemy/domains/continuous/test/auto/CausalityInterface8.xml (RunModel)" time="0.043" />
  <testcase classname="ptolemy.util.test.junit.AutoTests" name="[15] /home/travis/build/icyphy/ptII/ptolemy/domains/continuous/test/auto/CausalityInterface9.xml (RunModel)" time="0.053" />
  <testcase classname="ptolemy.util.test.junit.AutoTests" name="[16] /home/travis/build/icyphy/ptII/ptolemy/domains/continuous/test/auto/CausalityInterfaceFeedback1.xml (RunModel)" time="0.04" />
  <testcase classname="ptolemy.util.test.junit.AutoTests" name="[17] /home/travis/build/icyphy/ptII/ptolemy/domains/continuous/test/auto/CausalityInterfaceFeedback2.xml (RunModel)" time="0.021" />
  <testcase classname="ptolemy.util.test.junit.AutoTests" name="[18] /home/travis/build/icyphy/ptII/ptolemy/domains/continuous/test/auto/CompareWithCurrentTime.xml (RunModel)" time="0.016" />
  <testcase classname="ptolemy.util.test.junit.AutoTests" name="[19] /home/travis/build/icyphy/ptII/ptolemy/domains/continuous/test/auto/ComparedClocks.xml (RunModel)" time="0.056" />
  <testcase classname="ptolemy.util.test.junit.AutoTests" name="[20] /home/travis/build/icyphy/ptII/ptolemy/domains/continuous/test/auto/ContinuousAOCClone.xml (RunModel)" time="2.901" />
  <testcase classname="ptolemy.util.test.junit.AutoTests" name="[21] /home/travis/build/icyphy/ptII/ptolemy/domains/continuous/test/auto/ContinuousClock.xml (RunModel)" time="0.105" />
  <testcase classname="ptolemy.util.test.junit.AutoTests" name="[22] /home/travis/build/icyphy/ptII/ptolemy/domains/continuous/test/auto/ContinuousInContinuous.xml (RunModel)" time="0.102" />
  <testcase classname="ptolemy.util.test.junit.AutoTests" name="[23] /home/travis/build/icyphy/ptII/ptolemy/domains/continuous/test/auto/ContinuousInContinuousInContinuous.xml (RunModel)" time="0.026" />
  <testcase classname="ptolemy.util.test.junit.AutoTests" name="[24] /home/travis/build/icyphy/ptII/ptolemy/domains/continuous/test/auto/ContinuousInDE.xml (RunModel)" time="0.132" />
  <testcase classname="ptolemy.util.test.junit.AutoTests" name="[25] /home/travis/build/icyphy/ptII/ptolemy/domains/continuous/test/auto/ContinuousInDE2.xml (RunModel)" time="0.062" />
  <testcase classname="ptolemy.util.test.junit.AutoTests" name="[26] /home/travis/build/icyphy/ptII/ptolemy/domains/continuous/test/auto/ContinuousInDE3.xml (RunModel)" time="0.061" />
  <testcase classname="ptolemy.util.test.junit.AutoTests" name="[27] /home/travis/build/icyphy/ptII/ptolemy/domains/continuous/test/auto/ContinuousInDE4.xml (RunModel)" time="0.038" />
  <testcase classname="ptolemy.util.test.junit.AutoTests" name="[28] /home/travis/build/icyphy/ptII/ptolemy/domains/continuous/test/auto/ContinuousInDEDifferentRefinements.xml (RunModel)" time="0.136" />
  <testcase classname="ptolemy.util.test.junit.AutoTests" name="[29] /home/travis/build/icyphy/ptII/ptolemy/domains/continuous/test/auto/ContinuousInDEDifferentRefinementsPreemptive.xml (RunModel)" time="0.131" />
  <testcase classname="ptolemy.util.test.junit.AutoTests" name="[30] /home/travis/build/icyphy/ptII/ptolemy/domains/continuous/test/auto/ContinuousInDEInContinuous2.xml (RunModel)" time="0.064" />
  <testcase classname="ptolemy.util.test.junit.AutoTests" name="[31] /home/travis/build/icyphy/ptII/ptolemy/domains/continuous/test/auto/ContinuousInDEInContinuous3.xml (RunModel)" time="0.066" />
  <testcase classname="ptolemy.util.test.junit.AutoTests" name="[32] /home/travis/build/icyphy/ptII/ptolemy/domains/continuous/test/auto/ContinuousInDEInput.xml (RunModel)" time="0.041" />
  <testcase classname="ptolemy.util.test.junit.AutoTests" name="[33] /home/travis/build/icyphy/ptII/ptolemy/domains/continuous/test/auto/ContinuousInDEInput2.xml (RunModel)" time="0.038" />
  <testcase classname="ptolemy.util.test.junit.AutoTests" name="[34] /home/travis/build/icyphy/ptII/ptolemy/domains/continuous/test/auto/ContinuousInDEInput3.xml (RunModel)" time="0.035" />
  <testcase classname="ptolemy.util.test.junit.AutoTests" name="[35] /home/travis/build/icyphy/ptII/ptolemy/domains/continuous/test/auto/ContinuousInDESharingRefinement.xml (RunModel)" time="0.219" />
  <testcase classname="ptolemy.util.test.junit.AutoTests" name="[36] /home/travis/build/icyphy/ptII/ptolemy/domains/continuous/test/auto/ContinuousInDEwithNoPorts.xml (RunModel)" time="0.021" />
  <testcase classname="ptolemy.util.test.junit.AutoTests" name="[37] /home/travis/build/icyphy/ptII/ptolemy/domains/continuous/test/auto/ContinuousInsideDE.xml (RunModel)" time="0.086" />
  <testcase classname="ptolemy.util.test.junit.AutoTests" name="[38] /home/travis/build/icyphy/ptII/ptolemy/domains/continuous/test/auto/ContinuousMerge1.xml (RunModel)" time="0.017" />
  <testcase classname="ptolemy.util.test.junit.AutoTests" name="[39] /home/travis/build/icyphy/ptII/ptolemy/domains/continuous/test/auto/ContinuousMerge2.xml (RunModel)" time="0.058" />
  <testcase classname="ptolemy.util.test.junit.AutoTests" name="[40] /home/travis/build/icyphy/ptII/ptolemy/domains/continuous/test/auto/ContinuousMerge3.xml (RunModel)" time="0.074" />
  <testcase classname="ptolemy.util.test.junit.AutoTests" name="[41] /home/travis/build/icyphy/ptII/ptolemy/domains/continuous/test/auto/ContinuousWithinContinuous.xml (RunModel)" time="0.062" />
  <testcase classname="ptolemy.util.test.junit.AutoTests" name="[42] /home/travis/build/icyphy/ptII/ptolemy/domains/continuous/test/auto/ContinuousWithinContinuous2.xml (RunModel)" time="0.093" />
  <testcase classname="ptolemy.util.test.junit.AutoTests" name="[43] /home/travis/build/icyphy/ptII/ptolemy/domains/continuous/test/auto/ContinuousWithinContinuous3.xml (RunModel)" time="0.033" />
  <testcase classname="ptolemy.util.test.junit.AutoTests" name="[44] /home/travis/build/icyphy/ptII/ptolemy/domains/continuous/test/auto/ContinuousWithinContinuous4.xml (RunModel)" time="0.108" />
  <testcase classname="ptolemy.util.test.junit.AutoTests" name="[45] /home/travis/build/icyphy/ptII/ptolemy/domains/continuous/test/auto/ContinuousWithinContinuous5.xml (RunModel)" time="0.036" />
  <testcase classname="ptolemy.util.test.junit.AutoTests" name="[46] /home/travis/build/icyphy/ptII/ptolemy/domains/continuous/test/auto/ContinuousWithinContinuous6.xml (RunModel)" time="0.034" />
  <testcase classname="ptolemy.util.test.junit.AutoTests" name="[47] /home/travis/build/icyphy/ptII/ptolemy/domains/continuous/test/auto/ContinuousWithinContinuous7.xml (RunModel)" time="0.078" />
  <testcase classname="ptolemy.util.test.junit.AutoTests" name="[48] /home/travis/build/icyphy/ptII/ptolemy/domains/continuous/test/auto/DCMotor.xml (RunModel)" time="15.387" />
  <testcase classname="ptolemy.util.test.junit.AutoTests" name="[49] /home/travis/build/icyphy/ptII/ptolemy/domains/continuous/test/auto/DEInContinuous.xml (RunModel)" time="0.024" />
  <testcase classname="ptolemy.util.test.junit.AutoTests" name="[50] /home/travis/build/icyphy/ptII/ptolemy/domains/continuous/test/auto/DEinContinuous2.xml (RunModel)" time="0.024" />
  <testcase classname="ptolemy.util.test.junit.AutoTests" name="[51] /home/travis/build/icyphy/ptII/ptolemy/domains/continuous/test/auto/Derivative.xml (RunModel)" time="0.175" />
  <testcase classname="ptolemy.util.test.junit.AutoTests" name="[52] /home/travis/build/icyphy/ptII/ptolemy/domains/continuous/test/auto/Derivative1.xml (RunModel)" time="0.04" />
  <testcase classname="ptolemy.util.test.junit.AutoTests" name="[53] /home/travis/build/icyphy/ptII/ptolemy/domains/continuous/test/auto/DiscreteClock.xml (RunModel)" time="0.012" />
  <testcase classname="ptolemy.util.test.junit.AutoTests" name="[54] /home/travis/build/icyphy/ptII/ptolemy/domains/continuous/test/auto/EfficiencyCurve.xml (RunModel)" time="0.087" />
  <testcase classname="ptolemy.util.test.junit.AutoTests" name="[55] /home/travis/build/icyphy/ptII/ptolemy/domains/continuous/test/auto/ExponentialResponse.xml (RunModel)" time="0.118" />
  <testcase classname="ptolemy.util.test.junit.AutoTests" name="[56] /home/travis/build/icyphy/ptII/ptolemy/domains/continuous/test/auto/ExponentialResponseRK45.xml (RunModel)" time="0.052" />
  <testcase classname="ptolemy.util.test.junit.AutoTests" name="[57] /home/travis/build/icyphy/ptII/ptolemy/domains/continuous/test/auto/Friction.xml (RunModel)" time="1.536" />
  <testcase classname="ptolemy.util.test.junit.AutoTests" name="[58] /home/travis/build/icyphy/ptII/ptolemy/domains/continuous/test/auto/FurutaPendulum.xml (RunModel)" time="3.415" />
  <testcase classname="ptolemy.util.test.junit.AutoTests" name="[59] /home/travis/build/icyphy/ptII/ptolemy/domains/continuous/test/auto/HierarchicalExecution.xml (RunModel)" time="2.329" />
  <testcase classname="ptolemy.util.test.junit.AutoTests" name="[60] /home/travis/build/icyphy/ptII/ptolemy/domains/continuous/test/auto/HybridPlant.xml (RunModel)" time="0.569" />
  <testcase classname="ptolemy.util.test.junit.AutoTests" name="[61] /home/travis/build/icyphy/ptII/ptolemy/domains/continuous/test/auto/Hysteresis.xml (RunModel)" time="0.182" />
  <testcase classname="ptolemy.util.test.junit.AutoTests" name="[62] /home/travis/build/icyphy/ptII/ptolemy/domains/continuous/test/auto/HysteresisWithRandomDelay.xml (RunModel)" time="0.233" />
  <testcase classname="ptolemy.util.test.junit.AutoTests" name="[63] /home/travis/build/icyphy/ptII/ptolemy/domains/continuous/test/auto/HysteresisWithRandomLosses.xml (RunModel)" time="2.385" />
  <testcase classname="ptolemy.util.test.junit.AutoTests" name="[64] /home/travis/build/icyphy/ptII/ptolemy/domains/continuous/test/auto/ImmediateTransitions.xml (RunModel)" time="0.045" />
  <testcase classname="ptolemy.util.test.junit.AutoTests" name="[65] /home/travis/build/icyphy/ptII/ptolemy/domains/continuous/test/auto/ImpulseFeedback.xml (RunModel)" time="0.019" />
  <testcase classname="ptolemy.util.test.junit.AutoTests" name="[66] /home/travis/build/icyphy/ptII/ptolemy/domains/continuous/test/auto/ImpulseFeedback2.xml (RunModel)" time="0.022" />
  <testcase classname="ptolemy.util.test.junit.AutoTests" name="[67] /home/travis/build/icyphy/ptII/ptolemy/domains/continuous/test/auto/IncreasingRatePoisson.xml (RunModel)" time="0.736" />
  <testcase classname="ptolemy.util.test.junit.AutoTests" name="[68] /home/travis/build/icyphy/ptII/ptolemy/domains/continuous/test/auto/InitialStateFeedback.xml (RunModel)" time="0.02" />
  <testcase classname="ptolemy.util.test.junit.AutoTests" name="[69] /home/travis/build/icyphy/ptII/ptolemy/domains/continuous/test/auto/Integration.xml (RunModel)" time="0.01" />
  <testcase classname="ptolemy.util.test.junit.AutoTests" name="[70] /home/travis/build/icyphy/ptII/ptolemy/domains/continuous/test/auto/Integration2.xml (RunModel)" time="0.093" />
  <testcase classname="ptolemy.util.test.junit.AutoTests" name="[71] /home/travis/build/icyphy/ptII/ptolemy/domains/continuous/test/auto/Integration3.xml (RunModel)" time="0.015" />
  <testcase classname="ptolemy.util.test.junit.AutoTests" name="[72] /home/travis/build/icyphy/ptII/ptolemy/domains/continuous/test/auto/Integration5.xml (RunModel)" time="0.01" />
  <testcase classname="ptolemy.util.test.junit.AutoTests" name="[73] /home/travis/build/icyphy/ptII/ptolemy/domains/continuous/test/auto/IntegratorImpulse.xml (RunModel)" time="0.011" />
  <testcase classname="ptolemy.util.test.junit.AutoTests" name="[74] /home/travis/build/icyphy/ptII/ptolemy/domains/continuous/test/auto/IntegratorImpulse2.xml (RunModel)" time="0.018" />
  <testcase classname="ptolemy.util.test.junit.AutoTests" name="[75] /home/travis/build/icyphy/ptII/ptolemy/domains/continuous/test/auto/LevelCrossing1.xml (RunModel)" time="0.012" />
  <testcase classname="ptolemy.util.test.junit.AutoTests" name="[76] /home/travis/build/icyphy/ptII/ptolemy/domains/continuous/test/auto/LevelCrossing2.xml (RunModel)" time="0.011" />
  <testcase classname="ptolemy.util.test.junit.AutoTests" name="[77] /home/travis/build/icyphy/ptII/ptolemy/domains/continuous/test/auto/LevelCrossing3.xml (RunModel)" time="0.02" />
  <testcase classname="ptolemy.util.test.junit.AutoTests" name="[78] /home/travis/build/icyphy/ptII/ptolemy/domains/continuous/test/auto/LevelCrossing4.xml (RunModel)" time="0.016" />
  <testcase classname="ptolemy.util.test.junit.AutoTests" name="[79] /home/travis/build/icyphy/ptII/ptolemy/domains/continuous/test/auto/LevelCrossing5.xml (RunModel)" time="0.012" />
  <testcase classname="ptolemy.util.test.junit.AutoTests" name="[80] /home/travis/build/icyphy/ptII/ptolemy/domains/continuous/test/auto/LevelCrossing6.xml (RunModel)" time="0.012" />
  <testcase classname="ptolemy.util.test.junit.AutoTests" name="[81] /home/travis/build/icyphy/ptII/ptolemy/domains/continuous/test/auto/LevelCrossingDetector.xml (RunModel)" time="0.044" />
  <testcase classname="ptolemy.util.test.junit.AutoTests" name="[82] /home/travis/build/icyphy/ptII/ptolemy/domains/continuous/test/auto/LevelCrossingDetectorDetectingDirections.xml (RunModel)" time="0.086" />
  <testcase classname="ptolemy.util.test.junit.AutoTests" name="[83] /home/travis/build/icyphy/ptII/ptolemy/domains/continuous/test/auto/LevelCrossingDetectorDetectsGlitches.xml (RunModel)" time="0.056" />
  <testcase classname="ptolemy.util.test.junit.AutoTests" name="[84] /home/travis/build/icyphy/ptII/ptolemy/domains/continuous/test/auto/LevelCrossingNoInitialOuput.xml (RunModel)" time="0.015" />
  <testcase classname="ptolemy.util.test.junit.AutoTests" name="[85] /home/travis/build/icyphy/ptII/ptolemy/domains/continuous/test/auto/LinearStateSpaceExample.xml (RunModel)" time="0.064" />
  <testcase classname="ptolemy.util.test.junit.AutoTests" name="[86] /home/travis/build/icyphy/ptII/ptolemy/domains/continuous/test/auto/Lorenz.xml (RunModel)" time="4.09" />
  <testcase classname="ptolemy.util.test.junit.AutoTests" name="[87] /home/travis/build/icyphy/ptII/ptolemy/domains/continuous/test/auto/LorenzDifferentialSystem.xml (RunModel)" time="0.988" />
  <testcase classname="ptolemy.util.test.junit.AutoTests" name="[88] /home/travis/build/icyphy/ptII/ptolemy/domains/continuous/test/auto/LorenzDifferentialSystemWithInput.xml (RunModel)" time="1.368" />
  <testcase classname="ptolemy.util.test.junit.AutoTests" name="[89] /home/travis/build/icyphy/ptII/ptolemy/domains/continuous/test/auto/LorenzDifferentialSystemWithTime.xml (RunModel)" time="0.763" />
  <testcase classname="ptolemy.util.test.junit.AutoTests" name="[90] /home/travis/build/icyphy/ptII/ptolemy/domains/continuous/test/auto/Microsteps.xml (RunModel)" time="0.026" />
  <testcase classname="ptolemy.util.test.junit.AutoTests" name="[91] /home/travis/build/icyphy/ptII/ptolemy/domains/continuous/test/auto/Modal1.xml (RunModel)" time="0.053" />
  <testcase classname="ptolemy.util.test.junit.AutoTests" name="[92] /home/travis/build/icyphy/ptII/ptolemy/domains/continuous/test/auto/Modal2.xml (RunModel)" time="0.055" />
  <testcase classname="ptolemy.util.test.junit.AutoTests" name="[93] /home/travis/build/icyphy/ptII/ptolemy/domains/continuous/test/auto/ModalTransitionGuardWithReset.xml (RunModel)" time="0.024" />
  <testcase classname="ptolemy.util.test.junit.AutoTests" name="[94] /home/travis/build/icyphy/ptII/ptolemy/domains/continuous/test/auto/ModalTransitionGuardWithResetUsingPreemptiveTransition.xml (RunModel)" time="0.025" />
  <testcase classname="ptolemy.util.test.junit.AutoTests" name="[95] /home/travis/build/icyphy/ptII/ptolemy/domains/continuous/test/auto/ModalTransitionGuardWithResetUsingPreemptiveTransition2.xml (RunModel)" time="0.037" />
  <testcase classname="ptolemy.util.test.junit.AutoTests" name="[96] /home/travis/build/icyphy/ptII/ptolemy/domains/continuous/test/auto/ModalTransitionGuardWithResetUsingPreemptiveTransition3.xml (RunModel)" time="0.04" />
  <testcase classname="ptolemy.util.test.junit.AutoTests" name="[97] /home/travis/build/icyphy/ptII/ptolemy/domains/continuous/test/auto/NewtonsCradle.xml (RunModel)" time="0.825" />
  <testcase classname="ptolemy.util.test.junit.AutoTests" name="[98] /home/travis/build/icyphy/ptII/ptolemy/domains/continuous/test/auto/NewtonsCradleAnimated.xml (RunModel)" time="1.251" />
  <testcase classname="ptolemy.util.test.junit.AutoTests" name="[99] /home/travis/build/icyphy/ptII/ptolemy/domains/continuous/test/auto/NewtonsCradleComplicated.xml (RunModel)" time="0.924" />
  <testcase classname="ptolemy.util.test.junit.AutoTests" name="[100] /home/travis/build/icyphy/ptII/ptolemy/domains/continuous/test/auto/NewtonsCradleNondeterministic.xml (RunModel)" time="0.67" />
  <testcase classname="ptolemy.util.test.junit.AutoTests" name="[101] /home/travis/build/icyphy/ptII/ptolemy/domains/continuous/test/auto/NewtonsCradlePerfectlyInelastic1.xml (RunModel)" time="1.185" />
  <testcase classname="ptolemy.util.test.junit.AutoTests" name="[102] /home/travis/build/icyphy/ptII/ptolemy/domains/continuous/test/auto/Noise.xml (RunModel)" time="0.185" />
  <testcase classname="ptolemy.util.test.junit.AutoTests" name="[103] /home/travis/build/icyphy/ptII/ptolemy/domains/continuous/test/auto/NoiseSpectrum.xml (RunModel)" time="0.883" />
  <testcase classname="ptolemy.util.test.junit.AutoTests" name="[104] /home/travis/build/icyphy/ptII/ptolemy/domains/continuous/test/auto/ParameterizedNewtonsCradleAnimated.xml (RunModel)" time="0.328" />
  <testcase classname="ptolemy.util.test.junit.AutoTests" name="[105] /home/travis/build/icyphy/ptII/ptolemy/domains/continuous/test/auto/ParameterizedNewtonsCradleAnimatedNondeterministic.xml (RunModel)" time="1.19" />
  <testcase classname="ptolemy.util.test.junit.AutoTests" name="[106] /home/travis/build/icyphy/ptII/ptolemy/domains/continuous/test/auto/Pendulum3D.xml (RunModel)" time="0.173" />
  <testcase classname="ptolemy.util.test.junit.AutoTests" name="[107] /home/travis/build/icyphy/ptII/ptolemy/domains/continuous/test/auto/PeriodicSampler.xml (RunModel)" time="0.011" />
  <testcase classname="ptolemy.util.test.junit.AutoTests" name="[108] /home/travis/build/icyphy/ptII/ptolemy/domains/continuous/test/auto/PeriodicSampler1.xml (RunModel)" time="0.044" />
  <testcase classname="ptolemy.util.test.junit.AutoTests" name="[109] /home/travis/build/icyphy/ptII/ptolemy/domains/continuous/test/auto/PeriodicSampler2.xml (RunModel)" time="0.1" />
  <testcase classname="ptolemy.util.test.junit.AutoTests" name="[110] /home/travis/build/icyphy/ptII/ptolemy/domains/continuous/test/auto/Poisson.xml (RunModel)" time="0.422" />
  <testcase classname="ptolemy.util.test.junit.AutoTests" name="[111] /home/travis/build/icyphy/ptII/ptolemy/domains/continuous/test/auto/PoissonClock.xml (RunModel)" time="0.021" />
  <testcase classname="ptolemy.util.test.junit.AutoTests" name="[112] /home/travis/build/icyphy/ptII/ptolemy/domains/continuous/test/auto/PoissonClock2.xml (RunModel)" time="0.013" />
  <testcase classname="ptolemy.util.test.junit.AutoTests" name="[113] /home/travis/build/icyphy/ptII/ptolemy/domains/continuous/test/auto/PortParameterHierarchy.xml (RunModel)" time="0.024" />
  <testcase classname="ptolemy.util.test.junit.AutoTests" name="[114] /home/travis/build/icyphy/ptII/ptolemy/domains/continuous/test/auto/RandomHybridPlant.xml (RunModel)" time="0.553" />
  <testcase classname="ptolemy.util.test.junit.AutoTests" name="[115] /home/travis/build/icyphy/ptII/ptolemy/domains/continuous/test/auto/ResetTransitionWithStartTime1.xml (RunModel)" time="0.028" />
  <testcase classname="ptolemy.util.test.junit.AutoTests" name="[116] /home/travis/build/icyphy/ptII/ptolemy/domains/continuous/test/auto/ResetTransitionWithStartTime2.xml (RunModel)" time="0.043" />
  <testcase classname="ptolemy.util.test.junit.AutoTests" name="[117] /home/travis/build/icyphy/ptII/ptolemy/domains/continuous/test/auto/ResetTransitionWithStartTime3.xml (RunModel)" time="0.044" />
  <testcase classname="ptolemy.util.test.junit.AutoTests" name="[118] /home/travis/build/icyphy/ptII/ptolemy/domains/continuous/test/auto/ResetTransitionWithStartTime4.xml (RunModel)" time="0.031" />
  <testcase classname="ptolemy.util.test.junit.AutoTests" name="[119] /home/travis/build/icyphy/ptII/ptolemy/domains/continuous/test/auto/ResetTransitionWithStartTime5.xml (RunModel)" time="0.042" />
  <testcase classname="ptolemy.util.test.junit.AutoTests" name="[120] /home/travis/build/icyphy/ptII/ptolemy/domains/continuous/test/auto/ResetTransitionWithStartTime6.xml (RunModel)" time="0.035" />
  <testcase classname="ptolemy.util.test.junit.AutoTests" name="[121] /home/travis/build/icyphy/ptII/ptolemy/domains/continuous/test/auto/SRinContinuous.xml (RunModel)" time="0.021" />
  <testcase classname="ptolemy.util.test.junit.AutoTests" name="[122] /home/travis/build/icyphy/ptII/ptolemy/domains/continuous/test/auto/SampledClocks.xml (RunModel)" time="0.032" />
  <testcase classname="ptolemy.util.test.junit.AutoTests" name="[123] /home/travis/build/icyphy/ptII/ptolemy/domains/continuous/test/auto/Satellite.xml (RunModel)" time="0.844" />
  <testcase classname="ptolemy.util.test.junit.AutoTests" name="[124] /home/travis/build/icyphy/ptII/ptolemy/domains/continuous/test/auto/SigmaDelta.xml (RunModel)" time="2.428" />
  <testcase classname="ptolemy.util.test.junit.AutoTests" name="[125] /home/travis/build/icyphy/ptII/ptolemy/domains/continuous/test/auto/SingleRefinement.xml (RunModel)" time="0.468" />
  <testcase classname="ptolemy.util.test.junit.AutoTests" name="[126] /home/travis/build/icyphy/ptII/ptolemy/domains/continuous/test/auto/SinuBouncingBall.xml (RunModel)" time="0.927" />
  <testcase classname="ptolemy.util.test.junit.AutoTests" name="[127] /home/travis/build/icyphy/ptII/ptolemy/domains/continuous/test/auto/Sinusoid.xml (RunModel)" time="0.012" />
  <testcase classname="ptolemy.util.test.junit.AutoTests" name="[128] /home/travis/build/icyphy/ptII/ptolemy/domains/continuous/test/auto/SinusoidInNoise.xml (RunModel)" time="0.984" />
  <testcase classname="ptolemy.util.test.junit.AutoTests" name="[129] /home/travis/build/icyphy/ptII/ptolemy/domains/continuous/test/auto/SinusoidRK45.xml (RunModel)" time="0.014" />
  <testcase classname="ptolemy.util.test.junit.AutoTests" name="[130] /home/travis/build/icyphy/ptII/ptolemy/domains/continuous/test/auto/SinusoidWithMultipleImpulses.xml (RunModel)" time="0.014" />
  <testcase classname="ptolemy.util.test.junit.AutoTests" name="[131] /home/travis/build/icyphy/ptII/ptolemy/domains/continuous/test/auto/SquareWave.xml (RunModel)" time="0.202" />
  <testcase classname="ptolemy.util.test.junit.AutoTests" name="[132] /home/travis/build/icyphy/ptII/ptolemy/domains/continuous/test/auto/Starmac.xml (RunModel)" time="3.333" />
  <testcase classname="ptolemy.util.test.junit.AutoTests" name="[133] /home/travis/build/icyphy/ptII/ptolemy/domains/continuous/test/auto/StaticUnits.xml (RunModel)" time="2.59" />
  <testcase classname="ptolemy.util.test.junit.AutoTests" name="[134] /home/travis/build/icyphy/ptII/ptolemy/domains/continuous/test/auto/StickyMasses.xml (RunModel)" time="0.202" />
  <testcase classname="ptolemy.util.test.junit.AutoTests" name="[135] /home/travis/build/icyphy/ptII/ptolemy/domains/continuous/test/auto/StopTime.xml (RunModel)" time="0.071" />
  <testcase classname="ptolemy.util.test.junit.AutoTests" name="[136] /home/travis/build/icyphy/ptII/ptolemy/domains/continuous/test/auto/StopTime2.xml (RunModel)" time="0.059" />
  <testcase classname="ptolemy.util.test.junit.AutoTests" name="[137] /home/travis/build/icyphy/ptII/ptolemy/domains/continuous/test/auto/Switch.xml (RunModel)" time="0.067" />
  <testcase classname="ptolemy.util.test.junit.AutoTests" name="[138] /home/travis/build/icyphy/ptII/ptolemy/domains/continuous/test/auto/Thermostat.xml (RunModel)" time="0.223" />
  <testcase classname="ptolemy.util.test.junit.AutoTests" name="[139] /home/travis/build/icyphy/ptII/ptolemy/domains/continuous/test/auto/TimeDelay.xml (RunModel)" time="0.014" />
  <testcase classname="ptolemy.util.test.junit.AutoTests" name="[140] /home/travis/build/icyphy/ptII/ptolemy/domains/continuous/test/auto/TimeDelay2.xml (RunModel)" time="0.026" />
  <testcase classname="ptolemy.util.test.junit.AutoTests" name="[141] /home/travis/build/icyphy/ptII/ptolemy/domains/continuous/test/auto/TimeDelay3.xml (RunModel)" time="0.017" />
  <testcase classname="ptolemy.util.test.junit.AutoTests" name="[142] /home/travis/build/icyphy/ptII/ptolemy/domains/continuous/test/auto/TransferAbsentToInside.xml (RunModel)" time="0.103" />
  <testcase classname="ptolemy.util.test.junit.AutoTests" name="[143] /home/travis/build/icyphy/ptII/ptolemy/domains/continuous/test/auto/Transmission.xml (RunModel)" time="0.8" />
  <testcase classname="ptolemy.util.test.junit.AutoTests" name="[144] /home/travis/build/icyphy/ptII/ptolemy/domains/continuous/test/auto/TriggeredContinuousClock.xml (RunModel)" time="0.061" />
  <testcase classname="ptolemy.util.test.junit.AutoTests" name="[145] /home/travis/build/icyphy/ptII/ptolemy/domains/continuous/test/auto/TwoMachineInfiniteBusControl.xml (RunModel)" time="2.816" />
  <testcase classname="ptolemy.util.test.junit.AutoTests" name="[146] /home/travis/build/icyphy/ptII/ptolemy/domains/continuous/test/auto/V2V.xml (RunModel)" time="0.858" />
  <testcase classname="ptolemy.util.test.junit.AutoTests" name="[147] /home/travis/build/icyphy/ptII/ptolemy/domains/continuous/test/auto/hierarchicalModalModel.xml (RunModel)" time="0.028" />
  <testcase classname="ptolemy.util.test.junit.AutoTests" name="[148] /home/travis/build/icyphy/ptII/ptolemy/domains/continuous/test/auto/hierarchicalModalModel1.xml (RunModel)" time="0.048" />
  <testcase classname="ptolemy.util.test.junit.AutoTests" name="[149] /home/travis/build/icyphy/ptII/ptolemy/domains/continuous/test/auto/hierarchicalModalModel2.xml (RunModel)" time="0.026" />
  <testcase classname="ptolemy.util.test.junit.AutoTests" name="[150] /home/travis/build/icyphy/ptII/ptolemy/domains/continuous/test/auto/hierarchicalModalModel3.xml (RunModel)" time="0.022" />
  <testcase classname="ptolemy.util.test.junit.AutoTests" name="[151] /home/travis/build/icyphy/ptII/ptolemy/domains/continuous/test/auto/hierarchicalModalModel4.xml (RunModel)" time="0.024" />
  <testcase classname="ptolemy.util.test.junit.AutoTests" name="[152] /home/travis/build/icyphy/ptII/ptolemy/domains/continuous/test/auto/junk.xml (RunModel)" time="0.161" />
  <system-out><![CDATA[No tcl tests in /home/travis/build/icyphy/ptII/ptolemy/domains/continuous/test
No auto/knownFailedTests/*.xml tests in /home/travis/build/icyphy/ptII/ptolemy/domains/continuous/test
No auto/linux-amd64/*.xml tests in /home/travis/build/icyphy/ptII/ptolemy/domains/continuous/test
AutoTests.java: About to close Vertx.
AutoTests.java: Vertx closed.

===========================================================================================
----------------- testing Sun Jun 23 05:10:56 UTC 2019 /home/travis/build/icyphy/ptII/ptolemy/domains/continuous/test/auto/BouncingBall.xml
----------------- Instantiating /home/travis/build/icyphy/ptII/ptolemy/domains/continuous/test/auto/BouncingBall.xml
2628 ms. Memory: 205824K Free: 184126K (89%)
----------------- Invoking toplevel() on ptolemy.moml.MoMLSimpleApplication@2906d40e
----------------- Done invoking toplevel() on ptolemy.moml.MoMLSimpleApplication@2906d40e
reloadAllAccessors: .BouncingBall

===========================================================================================
----------------- testing Sun Jun 23 05:11:00 UTC 2019 /home/travis/build/icyphy/ptII/ptolemy/domains/continuous/test/auto/BouncingBallWithoutGR.xml
----------------- Instantiating /home/travis/build/icyphy/ptII/ptolemy/domains/continuous/test/auto/BouncingBallWithoutGR.xml
760 ms. Memory: 205824K Free: 121921K (59%)
----------------- Invoking toplevel() on ptolemy.moml.MoMLSimpleApplication@45b3aca1
----------------- Done invoking toplevel() on ptolemy.moml.MoMLSimpleApplication@45b3aca1
reloadAllAccessors: .BouncingBallWithoutGR

===========================================================================================
----------------- testing Sun Jun 23 05:11:00 UTC 2019 /home/travis/build/icyphy/ptII/ptolemy/domains/continuous/test/auto/Brownian.xml
----------------- Instantiating /home/travis/build/icyphy/ptII/ptolemy/domains/continuous/test/auto/Brownian.xml
24 ms. Memory: 205824K Free: 113219K (55%)
----------------- Invoking toplevel() on ptolemy.moml.MoMLSimpleApplication@507d0c96
----------------- Done invoking toplevel() on ptolemy.moml.MoMLSimpleApplication@507d0c96
reloadAllAccessors: .Brownian

===========================================================================================
----------------- testing Sun Jun 23 05:11:00 UTC 2019 /home/travis/build/icyphy/ptII/ptolemy/domains/continuous/test/auto/CarTracking.xml
----------------- Instantiating /home/travis/build/icyphy/ptII/ptolemy/domains/continuous/test/auto/CarTracking.xml
4251 ms. Memory: 307200K Free: 206001K (67%)
----------------- Invoking toplevel() on ptolemy.moml.MoMLSimpleApplication@2f24d63a
----------------- Done invoking toplevel() on ptolemy.moml.MoMLSimpleApplication@2f24d63a
reloadAllAccessors: .CarTracking

===========================================================================================
----------------- testing Sun Jun 23 05:11:05 UTC 2019 /home/travis/build/icyphy/ptII/ptolemy/domains/continuous/test/auto/CartPendulum.xml
----------------- Instantiating /home/travis/build/icyphy/ptII/ptolemy/domains/continuous/test/auto/CartPendulum.xml
421 ms. Memory: 307200K Free: 115385K (38%)
----------------- Invoking toplevel() on ptolemy.moml.MoMLSimpleApplication@6259d56f
----------------- Done invoking toplevel() on ptolemy.moml.MoMLSimpleApplication@6259d56f
reloadAllAccessors: .CartPendulum

===========================================================================================
----------------- testing Sun Jun 23 05:11:06 UTC 2019 /home/travis/build/icyphy/ptII/ptolemy/domains/continuous/test/auto/CausalityInterface10.xml
----------------- Instantiating /home/travis/build/icyphy/ptII/ptolemy/domains/continuous/test/auto/CausalityInterface10.xml
7 ms. Memory: 307200K Free: 285989K (93%)
----------------- Invoking toplevel() on ptolemy.moml.MoMLSimpleApplication@59874a3d
----------------- Done invoking toplevel() on ptolemy.moml.MoMLSimpleApplication@59874a3d
reloadAllAccessors: .CausalityInterface10

===========================================================================================
----------------- testing Sun Jun 23 05:11:06 UTC 2019 /home/travis/build/icyphy/ptII/ptolemy/domains/continuous/test/auto/CausalityInterface11.xml
----------------- Instantiating /home/travis/build/icyphy/ptII/ptolemy/domains/continuous/test/auto/CausalityInterface11.xml
5 ms. Memory: 307200K Free: 279847K (91%)
----------------- Invoking toplevel() on ptolemy.moml.MoMLSimpleApplication@6ce2d130
----------------- Done invoking toplevel() on ptolemy.moml.MoMLSimpleApplication@6ce2d130
reloadAllAccessors: .CausalityInterface11

===========================================================================================
----------------- testing Sun Jun 23 05:11:06 UTC 2019 /home/travis/build/icyphy/ptII/ptolemy/domains/continuous/test/auto/CausalityInterface12.xml
----------------- Instantiating /home/travis/build/icyphy/ptII/ptolemy/domains/continuous/test/auto/CausalityInterface12.xml
11 ms. Memory: 307200K Free: 273703K (89%)
----------------- Invoking toplevel() on ptolemy.moml.MoMLSimpleApplication@5b42d887
----------------- Done invoking toplevel() on ptolemy.moml.MoMLSimpleApplication@5b42d887
reloadAllAccessors: .CausalityInterface12

===========================================================================================
----------------- testing Sun Jun 23 05:11:06 UTC 2019 /home/travis/build/icyphy/ptII/ptolemy/domains/continuous/test/auto/CausalityInterface13.xml
----------------- Instantiating /home/travis/build/icyphy/ptII/ptolemy/domains/continuous/test/auto/CausalityInterface13.xml
7 ms. Memory: 307200K Free: 267559K (87%)
----------------- Invoking toplevel() on ptolemy.moml.MoMLSimpleApplication@7a1175c
----------------- Done invoking toplevel() on ptolemy.moml.MoMLSimpleApplication@7a1175c
reloadAllAccessors: .CausalityInterface13

===========================================================================================
----------------- testing Sun Jun 23 05:11:06 UTC 2019 /home/travis/build/icyphy/ptII/ptolemy/domains/continuous/test/auto/CausalityInterface14.xml
----------------- Instantiating /home/travis/build/icyphy/ptII/ptolemy/domains/continuous/test/auto/CausalityInterface14.xml
7 ms. Memory: 307200K Free: 261911K (85%)
----------------- Invoking toplevel() on ptolemy.moml.MoMLSimpleApplication@4b3a6c41
----------------- Done invoking toplevel() on ptolemy.moml.MoMLSimpleApplication@4b3a6c41
reloadAllAccessors: .CausalityInterface14

===========================================================================================
----------------- testing Sun Jun 23 05:11:06 UTC 2019 /home/travis/build/icyphy/ptII/ptolemy/domains/continuous/test/auto/CausalityInterface4.xml
----------------- Instantiating /home/travis/build/icyphy/ptII/ptolemy/domains/continuous/test/auto/CausalityInterface4.xml
6 ms. Memory: 307200K Free: 255271K (83%)
----------------- Invoking toplevel() on ptolemy.moml.MoMLSimpleApplication@7bd5f1bf
----------------- Done invoking toplevel() on ptolemy.moml.MoMLSimpleApplication@7bd5f1bf
reloadAllAccessors: .CausalityInterface4

===========================================================================================
----------------- testing Sun Jun 23 05:11:06 UTC 2019 /home/travis/build/icyphy/ptII/ptolemy/domains/continuous/test/auto/CausalityInterface5.xml
----------------- Instantiating /home/travis/build/icyphy/ptII/ptolemy/domains/continuous/test/auto/CausalityInterface5.xml
7 ms. Memory: 307200K Free: 247079K (80%)
----------------- Invoking toplevel() on ptolemy.moml.MoMLSimpleApplication@f2ce9f
----------------- Done invoking toplevel() on ptolemy.moml.MoMLSimpleApplication@f2ce9f
reloadAllAccessors: .CausalityInterface5

===========================================================================================
----------------- testing Sun Jun 23 05:11:06 UTC 2019 /home/travis/build/icyphy/ptII/ptolemy/domains/continuous/test/auto/CausalityInterface6.xml
----------------- Instantiating /home/travis/build/icyphy/ptII/ptolemy/domains/continuous/test/auto/CausalityInterface6.xml
6 ms. Memory: 307200K Free: 241445K (79%)
----------------- Invoking toplevel() on ptolemy.moml.MoMLSimpleApplication@72a30521
----------------- Done invoking toplevel() on ptolemy.moml.MoMLSimpleApplication@72a30521
reloadAllAccessors: .CausalityInterface6

===========================================================================================
----------------- testing Sun Jun 23 05:11:06 UTC 2019 /home/travis/build/icyphy/ptII/ptolemy/domains/continuous/test/auto/CausalityInterface7.xml
----------------- Instantiating /home/travis/build/icyphy/ptII/ptolemy/domains/continuous/test/auto/CausalityInterface7.xml
9 ms. Memory: 307200K Free: 233253K (76%)
----------------- Invoking toplevel() on ptolemy.moml.MoMLSimpleApplication@4147ca03
----------------- Done invoking toplevel() on ptolemy.moml.MoMLSimpleApplication@4147ca03
reloadAllAccessors: .CausalityInterface7

===========================================================================================
----------------- testing Sun Jun 23 05:11:06 UTC 2019 /home/travis/build/icyphy/ptII/ptolemy/domains/continuous/test/auto/CausalityInterface8.xml
----------------- Instantiating /home/travis/build/icyphy/ptII/ptolemy/domains/continuous/test/auto/CausalityInterface8.xml
7 ms. Memory: 307200K Free: 224037K (73%)
----------------- Invoking toplevel() on ptolemy.moml.MoMLSimpleApplication@15ba42b0
----------------- Done invoking toplevel() on ptolemy.moml.MoMLSimpleApplication@15ba42b0
reloadAllAccessors: .CausalityInterface8

===========================================================================================
----------------- testing Sun Jun 23 05:11:06 UTC 2019 /home/travis/build/icyphy/ptII/ptolemy/domains/continuous/test/auto/CausalityInterface9.xml
----------------- Instantiating /home/travis/build/icyphy/ptII/ptolemy/domains/continuous/test/auto/CausalityInterface9.xml
10 ms. Memory: 307200K Free: 212773K (69%)
----------------- Invoking toplevel() on ptolemy.moml.MoMLSimpleApplication@65d86d7f
----------------- Done invoking toplevel() on ptolemy.moml.MoMLSimpleApplication@65d86d7f
reloadAllAccessors: .CausalityInterface9

===========================================================================================
----------------- testing Sun Jun 23 05:11:06 UTC 2019 /home/travis/build/icyphy/ptII/ptolemy/domains/continuous/test/auto/CausalityInterfaceFeedback1.xml
----------------- Instantiating /home/travis/build/icyphy/ptII/ptolemy/domains/continuous/test/auto/CausalityInterfaceFeedback1.xml
7 ms. Memory: 307200K Free: 206119K (67%)
----------------- Invoking toplevel() on ptolemy.moml.MoMLSimpleApplication@4684dcd7
----------------- Done invoking toplevel() on ptolemy.moml.MoMLSimpleApplication@4684dcd7
reloadAllAccessors: .CausalityInterfaceFeedback1

===========================================================================================
----------------- testing Sun Jun 23 05:11:06 UTC 2019 /home/travis/build/icyphy/ptII/ptolemy/domains/continuous/test/auto/CausalityInterfaceFeedback2.xml
----------------- Instantiating /home/travis/build/icyphy/ptII/ptolemy/domains/continuous/test/auto/CausalityInterfaceFeedback2.xml
3 ms. Memory: 307200K Free: 199447K (65%)
----------------- Invoking toplevel() on ptolemy.moml.MoMLSimpleApplication@5ea3a942
----------------- Done invoking toplevel() on ptolemy.moml.MoMLSimpleApplication@5ea3a942
reloadAllAccessors: .CausalityInterfaceFeedback2

===========================================================================================
----------------- testing Sun Jun 23 05:11:06 UTC 2019 /home/travis/build/icyphy/ptII/ptolemy/domains/continuous/test/auto/CompareWithCurrentTime.xml
----------------- Instantiating /home/travis/build/icyphy/ptII/ptolemy/domains/continuous/test/auto/CompareWithCurrentTime.xml
2 ms. Memory: 307200K Free: 195365K (64%)
----------------- Invoking toplevel() on ptolemy.moml.MoMLSimpleApplication@9c0a6a6
----------------- Done invoking toplevel() on ptolemy.moml.MoMLSimpleApplication@9c0a6a6
reloadAllAccessors: .CompareWithCurrentTime

===========================================================================================
----------------- testing Sun Jun 23 05:11:06 UTC 2019 /home/travis/build/icyphy/ptII/ptolemy/domains/continuous/test/auto/ComparedClocks.xml
----------------- Instantiating /home/travis/build/icyphy/ptII/ptolemy/domains/continuous/test/auto/ComparedClocks.xml
5 ms. Memory: 307200K Free: 179991K (59%)
----------------- Invoking toplevel() on ptolemy.moml.MoMLSimpleApplication@79131271
----------------- Done invoking toplevel() on ptolemy.moml.MoMLSimpleApplication@79131271
reloadAllAccessors: .ComparedClocks

===========================================================================================
----------------- testing Sun Jun 23 05:11:06 UTC 2019 /home/travis/build/icyphy/ptII/ptolemy/domains/continuous/test/auto/ContinuousAOCClone.xml
----------------- Instantiating /home/travis/build/icyphy/ptII/ptolemy/domains/continuous/test/auto/ContinuousAOCClone.xml
2716 ms. Memory: 307200K Free: 209558K (68%)
----------------- Invoking toplevel() on ptolemy.moml.MoMLSimpleApplication@3a87c59d
----------------- Done invoking toplevel() on ptolemy.moml.MoMLSimpleApplication@3a87c59d
reloadAllAccessors: .ContinuousAOCClone

===========================================================================================
----------------- testing Sun Jun 23 05:11:09 UTC 2019 /home/travis/build/icyphy/ptII/ptolemy/domains/continuous/test/auto/ContinuousClock.xml
----------------- Instantiating /home/travis/build/icyphy/ptII/ptolemy/domains/continuous/test/auto/ContinuousClock.xml
35 ms. Memory: 307200K Free: 188054K (61%)
----------------- Invoking toplevel() on ptolemy.moml.MoMLSimpleApplication@304e3ae3
----------------- Done invoking toplevel() on ptolemy.moml.MoMLSimpleApplication@304e3ae3
reloadAllAccessors: .ContinuousClock

===========================================================================================
----------------- testing Sun Jun 23 05:11:09 UTC 2019 /home/travis/build/icyphy/ptII/ptolemy/domains/continuous/test/auto/ContinuousInContinuous.xml
----------------- Instantiating /home/travis/build/icyphy/ptII/ptolemy/domains/continuous/test/auto/ContinuousInContinuous.xml
47 ms. Memory: 307200K Free: 164487K (54%)
----------------- Invoking toplevel() on ptolemy.moml.MoMLSimpleApplication@764abc9f
----------------- Done invoking toplevel() on ptolemy.moml.MoMLSimpleApplication@764abc9f
reloadAllAccessors: .ContinuousInContinuous

===========================================================================================
----------------- testing Sun Jun 23 05:11:10 UTC 2019 /home/travis/build/icyphy/ptII/ptolemy/domains/continuous/test/auto/ContinuousInContinuousInContinuous.xml
----------------- Instantiating /home/travis/build/icyphy/ptII/ptolemy/domains/continuous/test/auto/ContinuousInContinuousInContinuous.xml
7 ms. Memory: 307200K Free: 156824K (51%)
----------------- Invoking toplevel() on ptolemy.moml.MoMLSimpleApplication@16fb3d1b
----------------- Done invoking toplevel() on ptolemy.moml.MoMLSimpleApplication@16fb3d1b
reloadAllAccessors: .ContinuousInContinuousInContinuous

===========================================================================================
----------------- testing Sun Jun 23 05:11:10 UTC 2019 /home/travis/build/icyphy/ptII/ptolemy/domains/continuous/test/auto/ContinuousInDE.xml
----------------- Instantiating /home/travis/build/icyphy/ptII/ptolemy/domains/continuous/test/auto/ContinuousInDE.xml
106 ms. Memory: 307200K Free: 146070K (48%)
----------------- Invoking toplevel() on ptolemy.moml.MoMLSimpleApplication@3c0ecd5a
----------------- Done invoking toplevel() on ptolemy.moml.MoMLSimpleApplication@3c0ecd5a
reloadAllAccessors: .ContinuousInDE

===========================================================================================
----------------- testing Sun Jun 23 05:11:10 UTC 2019 /home/travis/build/icyphy/ptII/ptolemy/domains/continuous/test/auto/ContinuousInDE2.xml
----------------- Instantiating /home/travis/build/icyphy/ptII/ptolemy/domains/continuous/test/auto/ContinuousInDE2.xml
45 ms. Memory: 307200K Free: 136344K (44%)
----------------- Invoking toplevel() on ptolemy.moml.MoMLSimpleApplication@4527d545
----------------- Done invoking toplevel() on ptolemy.moml.MoMLSimpleApplication@4527d545
reloadAllAccessors: .ContinuousInDE2

===========================================================================================
----------------- testing Sun Jun 23 05:11:10 UTC 2019 /home/travis/build/icyphy/ptII/ptolemy/domains/continuous/test/auto/ContinuousInDE3.xml
----------------- Instantiating /home/travis/build/icyphy/ptII/ptolemy/domains/continuous/test/auto/ContinuousInDE3.xml
39 ms. Memory: 307200K Free: 126614K (41%)
----------------- Invoking toplevel() on ptolemy.moml.MoMLSimpleApplication@45c92821
----------------- Done invoking toplevel() on ptolemy.moml.MoMLSimpleApplication@45c92821
reloadAllAccessors: .ContinuousInDE3

===========================================================================================
----------------- testing Sun Jun 23 05:11:10 UTC 2019 /home/travis/build/icyphy/ptII/ptolemy/domains/continuous/test/auto/ContinuousInDE4.xml
----------------- Instantiating /home/travis/build/icyphy/ptII/ptolemy/domains/continuous/test/auto/ContinuousInDE4.xml
16 ms. Memory: 307200K Free: 120470K (39%)
----------------- Invoking toplevel() on ptolemy.moml.MoMLSimpleApplication@e8689d1
----------------- Done invoking toplevel() on ptolemy.moml.MoMLSimpleApplication@e8689d1
reloadAllAccessors: .ContinuousInDE4

===========================================================================================
----------------- testing Sun Jun 23 05:11:10 UTC 2019 /home/travis/build/icyphy/ptII/ptolemy/domains/continuous/test/auto/ContinuousInDEDifferentRefinements.xml
----------------- Instantiating /home/travis/build/icyphy/ptII/ptolemy/domains/continuous/test/auto/ContinuousInDEDifferentRefinements.xml
75 ms. Memory: 368640K Free: 333929K (91%)
----------------- Invoking toplevel() on ptolemy.moml.MoMLSimpleApplication@58a70a60
----------------- Done invoking toplevel() on ptolemy.moml.MoMLSimpleApplication@58a70a60
reloadAllAccessors: .ContinuousInDEDifferentRefinements

===========================================================================================
----------------- testing Sun Jun 23 05:11:10 UTC 2019 /home/travis/build/icyphy/ptII/ptolemy/domains/continuous/test/auto/ContinuousInDEDifferentRefinementsPreemptive.xml
----------------- Instantiating /home/travis/build/icyphy/ptII/ptolemy/domains/continuous/test/auto/ContinuousInDEDifferentRefinementsPreemptive.xml
79 ms. Memory: 368640K Free: 303209K (82%)
----------------- Invoking toplevel() on ptolemy.moml.MoMLSimpleApplication@5b644b87
----------------- Done invoking toplevel() on ptolemy.moml.MoMLSimpleApplication@5b644b87
reloadAllAccessors: .ContinuousInDEDifferentRefinementsPreemptive

===========================================================================================
----------------- testing Sun Jun 23 05:11:10 UTC 2019 /home/travis/build/icyphy/ptII/ptolemy/domains/continuous/test/auto/ContinuousInDEInContinuous2.xml
----------------- Instantiating /home/travis/build/icyphy/ptII/ptolemy/domains/continuous/test/auto/ContinuousInDEInContinuous2.xml
37 ms. Memory: 368640K Free: 291945K (79%)
----------------- Invoking toplevel() on ptolemy.moml.MoMLSimpleApplication@333e4555
----------------- Done invoking toplevel() on ptolemy.moml.MoMLSimpleApplication@333e4555
reloadAllAccessors: .ContinuousInDEInContinuous2

===========================================================================================
----------------- testing Sun Jun 23 05:11:10 UTC 2019 /home/travis/build/icyphy/ptII/ptolemy/domains/continuous/test/auto/ContinuousInDEInContinuous3.xml
----------------- Instantiating /home/travis/build/icyphy/ptII/ptolemy/domains/continuous/test/auto/ContinuousInDEInContinuous3.xml
39 ms. Memory: 368640K Free: 279657K (76%)
----------------- Invoking toplevel() on ptolemy.moml.MoMLSimpleApplication@3335a474
----------------- Done invoking toplevel() on ptolemy.moml.MoMLSimpleApplication@3335a474
reloadAllAccessors: .ContinuousInDEInContinuous3

===========================================================================================
----------------- testing Sun Jun 23 05:11:10 UTC 2019 /home/travis/build/icyphy/ptII/ptolemy/domains/continuous/test/auto/ContinuousInDEInput.xml
----------------- Instantiating /home/travis/build/icyphy/ptII/ptolemy/domains/continuous/test/auto/ContinuousInDEInput.xml
21 ms. Memory: 368640K Free: 272489K (74%)
----------------- Invoking toplevel() on ptolemy.moml.MoMLSimpleApplication@31ed12b8
----------------- Done invoking toplevel() on ptolemy.moml.MoMLSimpleApplication@31ed12b8
reloadAllAccessors: .ContinuousInDEInput

===========================================================================================
----------------- testing Sun Jun 23 05:11:10 UTC 2019 /home/travis/build/icyphy/ptII/ptolemy/domains/continuous/test/auto/ContinuousInDEInput2.xml
----------------- Instantiating /home/travis/build/icyphy/ptII/ptolemy/domains/continuous/test/auto/ContinuousInDEInput2.xml
17 ms. Memory: 368640K Free: 264807K (72%)
----------------- Invoking toplevel() on ptolemy.moml.MoMLSimpleApplication@3b7339d6
----------------- Done invoking toplevel() on ptolemy.moml.MoMLSimpleApplication@3b7339d6
reloadAllAccessors: .ContinuousInDEInput2

===========================================================================================
----------------- testing Sun Jun 23 05:11:10 UTC 2019 /home/travis/build/icyphy/ptII/ptolemy/domains/continuous/test/auto/ContinuousInDEInput3.xml
----------------- Instantiating /home/travis/build/icyphy/ptII/ptolemy/domains/continuous/test/auto/ContinuousInDEInput3.xml
14 ms. Memory: 368640K Free: 257639K (70%)
----------------- Invoking toplevel() on ptolemy.moml.MoMLSimpleApplication@293ce3ce
----------------- Done invoking toplevel() on ptolemy.moml.MoMLSimpleApplication@293ce3ce
reloadAllAccessors: .ContinuousInDEInput3

===========================================================================================
----------------- testing Sun Jun 23 05:11:10 UTC 2019 /home/travis/build/icyphy/ptII/ptolemy/domains/continuous/test/auto/ContinuousInDESharingRefinement.xml
----------------- Instantiating /home/travis/build/icyphy/ptII/ptolemy/domains/continuous/test/auto/ContinuousInDESharingRefinement.xml
187 ms. Memory: 368640K Free: 162921K (44%)
----------------- Invoking toplevel() on ptolemy.moml.MoMLSimpleApplication@668dd5b9
----------------- Done invoking toplevel() on ptolemy.moml.MoMLSimpleApplication@668dd5b9
reloadAllAccessors: .ContinuousInDESharingRefinement

===========================================================================================
----------------- testing Sun Jun 23 05:11:11 UTC 2019 /home/travis/build/icyphy/ptII/ptolemy/domains/continuous/test/auto/ContinuousInDEwithNoPorts.xml
----------------- Instantiating /home/travis/build/icyphy/ptII/ptolemy/domains/continuous/test/auto/ContinuousInDEwithNoPorts.xml
5 ms. Memory: 368640K Free: 158825K (43%)
----------------- Invoking toplevel() on ptolemy.moml.MoMLSimpleApplication@48a07bb1
----------------- Done invoking toplevel() on ptolemy.moml.MoMLSimpleApplication@48a07bb1
reloadAllAccessors: .ContinuousInDEwithNoPorts

===========================================================================================
----------------- testing Sun Jun 23 05:11:11 UTC 2019 /home/travis/build/icyphy/ptII/ptolemy/domains/continuous/test/auto/ContinuousInsideDE.xml
----------------- Instantiating /home/travis/build/icyphy/ptII/ptolemy/domains/continuous/test/auto/ContinuousInsideDE.xml
44 ms. Memory: 368640K Free: 147047K (40%)
----------------- Invoking toplevel() on ptolemy.moml.MoMLSimpleApplication@7969fad0
----------------- Done invoking toplevel() on ptolemy.moml.MoMLSimpleApplication@7969fad0
reloadAllAccessors: .ContinuousInsideDE

===========================================================================================
----------------- testing Sun Jun 23 05:11:11 UTC 2019 /home/travis/build/icyphy/ptII/ptolemy/domains/continuous/test/auto/ContinuousMerge1.xml
----------------- Instantiating /home/travis/build/icyphy/ptII/ptolemy/domains/continuous/test/auto/ContinuousMerge1.xml
3 ms. Memory: 368640K Free: 142441K (39%)
----------------- Invoking toplevel() on ptolemy.moml.MoMLSimpleApplication@2cc3d848
----------------- Done invoking toplevel() on ptolemy.moml.MoMLSimpleApplication@2cc3d848
reloadAllAccessors: .ContinuousMerge1

===========================================================================================
----------------- testing Sun Jun 23 05:11:11 UTC 2019 /home/travis/build/icyphy/ptII/ptolemy/domains/continuous/test/auto/ContinuousMerge2.xml
----------------- Instantiating /home/travis/build/icyphy/ptII/ptolemy/domains/continuous/test/auto/ContinuousMerge2.xml
16 ms. Memory: 368640K Free: 352335K (96%)
----------------- Invoking toplevel() on ptolemy.moml.MoMLSimpleApplication@7e6923fd
----------------- Done invoking toplevel() on ptolemy.moml.MoMLSimpleApplication@7e6923fd
reloadAllAccessors: .ContinuousMerge2

===========================================================================================
----------------- testing Sun Jun 23 05:11:11 UTC 2019 /home/travis/build/icyphy/ptII/ptolemy/domains/continuous/test/auto/ContinuousMerge3.xml
----------------- Instantiating /home/travis/build/icyphy/ptII/ptolemy/domains/continuous/test/auto/ContinuousMerge3.xml
50 ms. Memory: 368640K Free: 341581K (93%)
----------------- Invoking toplevel() on ptolemy.moml.MoMLSimpleApplication@402530ee
----------------- Done invoking toplevel() on ptolemy.moml.MoMLSimpleApplication@402530ee
reloadAllAccessors: .ContinuousMerge3

===========================================================================================
----------------- testing Sun Jun 23 05:11:11 UTC 2019 /home/travis/build/icyphy/ptII/ptolemy/domains/continuous/test/auto/ContinuousWithinContinuous.xml
----------------- Instantiating /home/travis/build/icyphy/ptII/ptolemy/domains/continuous/test/auto/ContinuousWithinContinuous.xml
43 ms. Memory: 368640K Free: 332879K (90%)
----------------- Invoking toplevel() on ptolemy.moml.MoMLSimpleApplication@4e2963b6
----------------- Done invoking toplevel() on ptolemy.moml.MoMLSimpleApplication@4e2963b6
reloadAllAccessors: .ContinuousWithinContinuous

===========================================================================================
----------------- testing Sun Jun 23 05:11:11 UTC 2019 /home/travis/build/icyphy/ptII/ptolemy/domains/continuous/test/auto/ContinuousWithinContinuous2.xml
----------------- Instantiating /home/travis/build/icyphy/ptII/ptolemy/domains/continuous/test/auto/ContinuousWithinContinuous2.xml
81 ms. Memory: 368640K Free: 322639K (88%)
----------------- Invoking toplevel() on ptolemy.moml.MoMLSimpleApplication@560d713b
----------------- Done invoking toplevel() on ptolemy.moml.MoMLSimpleApplication@560d713b
reloadAllAccessors: .ContinuousWithinContinuous2

===========================================================================================
----------------- testing Sun Jun 23 05:11:11 UTC 2019 /home/travis/build/icyphy/ptII/ptolemy/domains/continuous/test/auto/ContinuousWithinContinuous3.xml
----------------- Instantiating /home/travis/build/icyphy/ptII/ptolemy/domains/continuous/test/auto/ContinuousWithinContinuous3.xml
15 ms. Memory: 368640K Free: 315471K (86%)
----------------- Invoking toplevel() on ptolemy.moml.MoMLSimpleApplication@4741dd95
----------------- Done invoking toplevel() on ptolemy.moml.MoMLSimpleApplication@4741dd95
reloadAllAccessors: .ContinuousWithinContinuous3

===========================================================================================
----------------- testing Sun Jun 23 05:11:11 UTC 2019 /home/travis/build/icyphy/ptII/ptolemy/domains/continuous/test/auto/ContinuousWithinContinuous4.xml
----------------- Instantiating /home/travis/build/icyphy/ptII/ptolemy/domains/continuous/test/auto/ContinuousWithinContinuous4.xml
92 ms. Memory: 368640K Free: 303693K (82%)
----------------- Invoking toplevel() on ptolemy.moml.MoMLSimpleApplication@744f5927
----------------- Done invoking toplevel() on ptolemy.moml.MoMLSimpleApplication@744f5927
reloadAllAccessors: .ContinuousWithinContinuous4

===========================================================================================
----------------- testing Sun Jun 23 05:11:11 UTC 2019 /home/travis/build/icyphy/ptII/ptolemy/domains/continuous/test/auto/ContinuousWithinContinuous5.xml
----------------- Instantiating /home/travis/build/icyphy/ptII/ptolemy/domains/continuous/test/auto/ContinuousWithinContinuous5.xml
13 ms. Memory: 368640K Free: 296525K (80%)
----------------- Invoking toplevel() on ptolemy.moml.MoMLSimpleApplication@23a2f2de
----------------- Done invoking toplevel() on ptolemy.moml.MoMLSimpleApplication@23a2f2de
reloadAllAccessors: .ContinuousWithinContinuous5

===========================================================================================
----------------- testing Sun Jun 23 05:11:11 UTC 2019 /home/travis/build/icyphy/ptII/ptolemy/domains/continuous/test/auto/ContinuousWithinContinuous6.xml
----------------- Instantiating /home/travis/build/icyphy/ptII/ptolemy/domains/continuous/test/auto/ContinuousWithinContinuous6.xml
12 ms. Memory: 368640K Free: 289871K (79%)
----------------- Invoking toplevel() on ptolemy.moml.MoMLSimpleApplication@2df937da
----------------- Done invoking toplevel() on ptolemy.moml.MoMLSimpleApplication@2df937da
reloadAllAccessors: .ContinuousWithinContinuous6

===========================================================================================
----------------- testing Sun Jun 23 05:11:11 UTC 2019 /home/travis/build/icyphy/ptII/ptolemy/domains/continuous/test/auto/ContinuousWithinContinuous7.xml
----------------- Instantiating /home/travis/build/icyphy/ptII/ptolemy/domains/continuous/test/auto/ContinuousWithinContinuous7.xml
63 ms. Memory: 368640K Free: 279117K (76%)
----------------- Invoking toplevel() on ptolemy.moml.MoMLSimpleApplication@5e95a168
----------------- Done invoking toplevel() on ptolemy.moml.MoMLSimpleApplication@5e95a168
reloadAllAccessors: .ContinuousWithinContinuous7

===========================================================================================
----------------- testing Sun Jun 23 05:11:11 UTC 2019 /home/travis/build/icyphy/ptII/ptolemy/domains/continuous/test/auto/DCMotor.xml
----------------- Instantiating /home/travis/build/icyphy/ptII/ptolemy/domains/continuous/test/auto/DCMotor.xml
15289 ms. Memory: 368640K Free: 303807K (82%)
----------------- Invoking toplevel() on ptolemy.moml.MoMLSimpleApplication@75ea2198
----------------- Done invoking toplevel() on ptolemy.moml.MoMLSimpleApplication@75ea2198
reloadAllAccessors: .DCMotor

===========================================================================================
----------------- testing Sun Jun 23 05:11:27 UTC 2019 /home/travis/build/icyphy/ptII/ptolemy/domains/continuous/test/auto/DEInContinuous.xml
----------------- Instantiating /home/travis/build/icyphy/ptII/ptolemy/domains/continuous/test/auto/DEInContinuous.xml
7 ms. Memory: 368640K Free: 297663K (81%)
----------------- Invoking toplevel() on ptolemy.moml.MoMLSimpleApplication@b502226
----------------- Done invoking toplevel() on ptolemy.moml.MoMLSimpleApplication@b502226
reloadAllAccessors: .DEInContinuous

===========================================================================================
----------------- testing Sun Jun 23 05:11:27 UTC 2019 /home/travis/build/icyphy/ptII/ptolemy/domains/continuous/test/auto/DEinContinuous2.xml
----------------- Instantiating /home/travis/build/icyphy/ptII/ptolemy/domains/continuous/test/auto/DEinContinuous2.xml
6 ms. Memory: 368640K Free: 289967K (79%)
----------------- Invoking toplevel() on ptolemy.moml.MoMLSimpleApplication@d1e01a3
----------------- Done invoking toplevel() on ptolemy.moml.MoMLSimpleApplication@d1e01a3
reloadAllAccessors: .DEinContinuous2

===========================================================================================
----------------- testing Sun Jun 23 05:11:27 UTC 2019 /home/travis/build/icyphy/ptII/ptolemy/domains/continuous/test/auto/Derivative.xml
----------------- Instantiating /home/travis/build/icyphy/ptII/ptolemy/domains/continuous/test/auto/Derivative.xml
132 ms. Memory: 368640K Free: 260799K (71%)
----------------- Invoking toplevel() on ptolemy.moml.MoMLSimpleApplication@601096d6
----------------- Done invoking toplevel() on ptolemy.moml.MoMLSimpleApplication@601096d6
reloadAllAccessors: .Derivative2

===========================================================================================
----------------- testing Sun Jun 23 05:11:27 UTC 2019 /home/travis/build/icyphy/ptII/ptolemy/domains/continuous/test/auto/Derivative1.xml
----------------- Instantiating /home/travis/build/icyphy/ptII/ptolemy/domains/continuous/test/auto/Derivative1.xml
15 ms. Memory: 368640K Free: 246463K (67%)
----------------- Invoking toplevel() on ptolemy.moml.MoMLSimpleApplication@580ce90f
----------------- Done invoking toplevel() on ptolemy.moml.MoMLSimpleApplication@580ce90f
reloadAllAccessors: .Derivative1

===========================================================================================
----------------- testing Sun Jun 23 05:11:27 UTC 2019 /home/travis/build/icyphy/ptII/ptolemy/domains/continuous/test/auto/DiscreteClock.xml
----------------- Instantiating /home/travis/build/icyphy/ptII/ptolemy/domains/continuous/test/auto/DiscreteClock.xml
4 ms. Memory: 368640K Free: 241343K (65%)
----------------- Invoking toplevel() on ptolemy.moml.MoMLSimpleApplication@31f6b8d2
----------------- Done invoking toplevel() on ptolemy.moml.MoMLSimpleApplication@31f6b8d2
reloadAllAccessors: .DiscreteClock

===========================================================================================
----------------- testing Sun Jun 23 05:11:27 UTC 2019 /home/travis/build/icyphy/ptII/ptolemy/domains/continuous/test/auto/EfficiencyCurve.xml
----------------- Instantiating /home/travis/build/icyphy/ptII/ptolemy/domains/continuous/test/auto/EfficiencyCurve.xml
63 ms. Memory: 368640K Free: 232637K (63%)
----------------- Invoking toplevel() on ptolemy.moml.MoMLSimpleApplication@7d08741
----------------- Done invoking toplevel() on ptolemy.moml.MoMLSimpleApplication@7d08741
reloadAllAccessors: .EfficiencyCurve

===========================================================================================
----------------- testing Sun Jun 23 05:11:27 UTC 2019 /home/travis/build/icyphy/ptII/ptolemy/domains/continuous/test/auto/ExponentialResponse.xml
----------------- Instantiating /home/travis/build/icyphy/ptII/ptolemy/domains/continuous/test/auto/ExponentialResponse.xml
106 ms. Memory: 368640K Free: 217791K (59%)
----------------- Invoking toplevel() on ptolemy.moml.MoMLSimpleApplication@6268a695
----------------- Done invoking toplevel() on ptolemy.moml.MoMLSimpleApplication@6268a695
reloadAllAccessors: .ExponentialResponse

===========================================================================================
----------------- testing Sun Jun 23 05:11:27 UTC 2019 /home/travis/build/icyphy/ptII/ptolemy/domains/continuous/test/auto/ExponentialResponseRK45.xml
----------------- Instantiating /home/travis/build/icyphy/ptII/ptolemy/domains/continuous/test/auto/ExponentialResponseRK45.xml
27 ms. Memory: 368640K Free: 211133K (57%)
----------------- Invoking toplevel() on ptolemy.moml.MoMLSimpleApplication@7d12b60d
----------------- Done invoking toplevel() on ptolemy.moml.MoMLSimpleApplication@7d12b60d
reloadAllAccessors: .ExponentialResponseRK45

===========================================================================================
----------------- testing Sun Jun 23 05:11:27 UTC 2019 /home/travis/build/icyphy/ptII/ptolemy/domains/continuous/test/auto/Friction.xml
----------------- Instantiating /home/travis/build/icyphy/ptII/ptolemy/domains/continuous/test/auto/Friction.xml
1425 ms. Memory: 368640K Free: 231048K (63%)
----------------- Invoking toplevel() on ptolemy.moml.MoMLSimpleApplication@586b0ad3
----------------- Done invoking toplevel() on ptolemy.moml.MoMLSimpleApplication@586b0ad3
reloadAllAccessors: .Friction

===========================================================================================
----------------- testing Sun Jun 23 05:11:29 UTC 2019 /home/travis/build/icyphy/ptII/ptolemy/domains/continuous/test/auto/FurutaPendulum.xml
----------------- Instantiating /home/travis/build/icyphy/ptII/ptolemy/domains/continuous/test/auto/FurutaPendulum.xml
3267 ms. Memory: 368640K Free: 179947K (49%)
----------------- Invoking toplevel() on ptolemy.moml.MoMLSimpleApplication@52203b7f
----------------- Done invoking toplevel() on ptolemy.moml.MoMLSimpleApplication@52203b7f
reloadAllAccessors: .FurutaPendulum

===========================================================================================
----------------- testing Sun Jun 23 05:11:32 UTC 2019 /home/travis/build/icyphy/ptII/ptolemy/domains/continuous/test/auto/HierarchicalExecution.xml
----------------- Instantiating /home/travis/build/icyphy/ptII/ptolemy/domains/continuous/test/auto/HierarchicalExecution.xml
1881 ms. Memory: 368640K Free: 337181K (91%)
----------------- Invoking toplevel() on ptolemy.moml.MoMLSimpleApplication@60e77680
----------------- Done invoking toplevel() on ptolemy.moml.MoMLSimpleApplication@60e77680
reloadAllAccessors: .HierarchicalExecution

===========================================================================================
----------------- testing Sun Jun 23 05:11:35 UTC 2019 /home/travis/build/icyphy/ptII/ptolemy/domains/continuous/test/auto/HybridPlant.xml
----------------- Instantiating /home/travis/build/icyphy/ptII/ptolemy/domains/continuous/test/auto/HybridPlant.xml
502 ms. Memory: 368640K Free: 293149K (80%)
----------------- Invoking toplevel() on ptolemy.moml.MoMLSimpleApplication@402d5423
----------------- Done invoking toplevel() on ptolemy.moml.MoMLSimpleApplication@402d5423
reloadAllAccessors: .HybridPlant

===========================================================================================
----------------- testing Sun Jun 23 05:11:35 UTC 2019 /home/travis/build/icyphy/ptII/ptolemy/domains/continuous/test/auto/Hysteresis.xml
----------------- Instantiating /home/travis/build/icyphy/ptII/ptolemy/domains/continuous/test/auto/Hysteresis.xml
131 ms. Memory: 368640K Free: 231180K (63%)
----------------- Invoking toplevel() on ptolemy.moml.MoMLSimpleApplication@b9208e
----------------- Done invoking toplevel() on ptolemy.moml.MoMLSimpleApplication@b9208e
reloadAllAccessors: .Hysteresis

===========================================================================================
----------------- testing Sun Jun 23 05:11:35 UTC 2019 /home/travis/build/icyphy/ptII/ptolemy/domains/continuous/test/auto/HysteresisWithRandomDelay.xml
----------------- Instantiating /home/travis/build/icyphy/ptII/ptolemy/domains/continuous/test/auto/HysteresisWithRandomDelay.xml
183 ms. Memory: 368640K Free: 160029K (43%)
----------------- Invoking toplevel() on ptolemy.moml.MoMLSimpleApplication@2296bb7c
----------------- Done invoking toplevel() on ptolemy.moml.MoMLSimpleApplication@2296bb7c
reloadAllAccessors: .HysteresisWithRandomDelay

===========================================================================================
----------------- testing Sun Jun 23 05:11:36 UTC 2019 /home/travis/build/icyphy/ptII/ptolemy/domains/continuous/test/auto/HysteresisWithRandomLosses.xml
----------------- Instantiating /home/travis/build/icyphy/ptII/ptolemy/domains/continuous/test/auto/HysteresisWithRandomLosses.xml
2307 ms. Memory: 368640K Free: 299170K (81%)
----------------- Invoking toplevel() on ptolemy.moml.MoMLSimpleApplication@25f37c21
----------------- Done invoking toplevel() on ptolemy.moml.MoMLSimpleApplication@25f37c21
reloadAllAccessors: .HysteresisWithRandomLosses

===========================================================================================
----------------- testing Sun Jun 23 05:11:38 UTC 2019 /home/travis/build/icyphy/ptII/ptolemy/domains/continuous/test/auto/ImmediateTransitions.xml
----------------- Instantiating /home/travis/build/icyphy/ptII/ptolemy/domains/continuous/test/auto/ImmediateTransitions.xml
13 ms. Memory: 368640K Free: 288402K (78%)
----------------- Invoking toplevel() on ptolemy.moml.MoMLSimpleApplication@71c4159c
----------------- Done invoking toplevel() on ptolemy.moml.MoMLSimpleApplication@71c4159c
reloadAllAccessors: .ImmediateTransitions

===========================================================================================
----------------- testing Sun Jun 23 05:11:38 UTC 2019 /home/travis/build/icyphy/ptII/ptolemy/domains/continuous/test/auto/ImpulseFeedback.xml
----------------- Instantiating /home/travis/build/icyphy/ptII/ptolemy/domains/continuous/test/auto/ImpulseFeedback.xml
8 ms. Memory: 368640K Free: 282786K (77%)
----------------- Invoking toplevel() on ptolemy.moml.MoMLSimpleApplication@40ce6658
----------------- Done invoking toplevel() on ptolemy.moml.MoMLSimpleApplication@40ce6658
reloadAllAccessors: .ImpulseFeedback

===========================================================================================
----------------- testing Sun Jun 23 05:11:38 UTC 2019 /home/travis/build/icyphy/ptII/ptolemy/domains/continuous/test/auto/ImpulseFeedback2.xml
----------------- Instantiating /home/travis/build/icyphy/ptII/ptolemy/domains/continuous/test/auto/ImpulseFeedback2.xml
6 ms. Memory: 368640K Free: 277152K (75%)
----------------- Invoking toplevel() on ptolemy.moml.MoMLSimpleApplication@64ee542b
----------------- Done invoking toplevel() on ptolemy.moml.MoMLSimpleApplication@64ee542b
reloadAllAccessors: .ImpulseFeedback2

===========================================================================================
----------------- testing Sun Jun 23 05:11:38 UTC 2019 /home/travis/build/icyphy/ptII/ptolemy/domains/continuous/test/auto/IncreasingRatePoisson.xml
----------------- Instantiating /home/travis/build/icyphy/ptII/ptolemy/domains/continuous/test/auto/IncreasingRatePoisson.xml
713 ms. Memory: 368640K Free: 188254K (51%)
----------------- Invoking toplevel() on ptolemy.moml.MoMLSimpleApplication@38d3b303
----------------- Done invoking toplevel() on ptolemy.moml.MoMLSimpleApplication@38d3b303
reloadAllAccessors: .IncreasingRatePoisson

===========================================================================================
----------------- testing Sun Jun 23 05:11:39 UTC 2019 /home/travis/build/icyphy/ptII/ptolemy/domains/continuous/test/auto/InitialStateFeedback.xml
----------------- Instantiating /home/travis/build/icyphy/ptII/ptolemy/domains/continuous/test/auto/InitialStateFeedback.xml
7 ms. Memory: 368640K Free: 183644K (50%)
----------------- Invoking toplevel() on ptolemy.moml.MoMLSimpleApplication@6c1a6d01
----------------- Done invoking toplevel() on ptolemy.moml.MoMLSimpleApplication@6c1a6d01
reloadAllAccessors: .InitialStateFeedback

===========================================================================================
----------------- testing Sun Jun 23 05:11:39 UTC 2019 /home/travis/build/icyphy/ptII/ptolemy/domains/continuous/test/auto/Integration.xml
----------------- Instantiating /home/travis/build/icyphy/ptII/ptolemy/domains/continuous/test/auto/Integration.xml
1 ms. Memory: 368640K Free: 179548K (49%)
----------------- Invoking toplevel() on ptolemy.moml.MoMLSimpleApplication@79cbea99
----------------- Done invoking toplevel() on ptolemy.moml.MoMLSimpleApplication@79cbea99
reloadAllAccessors: .Integration

===========================================================================================
----------------- testing Sun Jun 23 05:11:39 UTC 2019 /home/travis/build/icyphy/ptII/ptolemy/domains/continuous/test/auto/Integration2.xml
----------------- Instantiating /home/travis/build/icyphy/ptII/ptolemy/domains/continuous/test/auto/Integration2.xml
80 ms. Memory: 368640K Free: 165726K (45%)
----------------- Invoking toplevel() on ptolemy.moml.MoMLSimpleApplication@56337c89
----------------- Done invoking toplevel() on ptolemy.moml.MoMLSimpleApplication@56337c89
reloadAllAccessors: .Integration2

===========================================================================================
----------------- testing Sun Jun 23 05:11:39 UTC 2019 /home/travis/build/icyphy/ptII/ptolemy/domains/continuous/test/auto/Integration3.xml
----------------- Instantiating /home/travis/build/icyphy/ptII/ptolemy/domains/continuous/test/auto/Integration3.xml
2 ms. Memory: 368640K Free: 161116K (44%)
----------------- Invoking toplevel() on ptolemy.moml.MoMLSimpleApplication@635e9e35
----------------- Done invoking toplevel() on ptolemy.moml.MoMLSimpleApplication@635e9e35
reloadAllAccessors: .Integration3

===========================================================================================
----------------- testing Sun Jun 23 05:11:39 UTC 2019 /home/travis/build/icyphy/ptII/ptolemy/domains/continuous/test/auto/Integration5.xml
----------------- Instantiating /home/travis/build/icyphy/ptII/ptolemy/domains/continuous/test/auto/Integration5.xml
2 ms. Memory: 368640K Free: 157020K (43%)
----------------- Invoking toplevel() on ptolemy.moml.MoMLSimpleApplication@c9e7c15
----------------- Done invoking toplevel() on ptolemy.moml.MoMLSimpleApplication@c9e7c15
reloadAllAccessors: .Integration5

===========================================================================================
----------------- testing Sun Jun 23 05:11:39 UTC 2019 /home/travis/build/icyphy/ptII/ptolemy/domains/continuous/test/auto/IntegratorImpulse.xml
----------------- Instantiating /home/travis/build/icyphy/ptII/ptolemy/domains/continuous/test/auto/IntegratorImpulse.xml
2 ms. Memory: 368640K Free: 152917K (41%)
----------------- Invoking toplevel() on ptolemy.moml.MoMLSimpleApplication@7585080f
----------------- Done invoking toplevel() on ptolemy.moml.MoMLSimpleApplication@7585080f
reloadAllAccessors: .IntegratorImpulse

===========================================================================================
----------------- testing Sun Jun 23 05:11:39 UTC 2019 /home/travis/build/icyphy/ptII/ptolemy/domains/continuous/test/auto/IntegratorImpulse2.xml
----------------- Instantiating /home/travis/build/icyphy/ptII/ptolemy/domains/continuous/test/auto/IntegratorImpulse2.xml
4 ms. Memory: 368640K Free: 148318K (40%)
----------------- Invoking toplevel() on ptolemy.moml.MoMLSimpleApplication@5b34eae
----------------- Done invoking toplevel() on ptolemy.moml.MoMLSimpleApplication@5b34eae
reloadAllAccessors: .IntegratorImpulse2

===========================================================================================
----------------- testing Sun Jun 23 05:11:39 UTC 2019 /home/travis/build/icyphy/ptII/ptolemy/domains/continuous/test/auto/LevelCrossing1.xml
----------------- Instantiating /home/travis/build/icyphy/ptII/ptolemy/domains/continuous/test/auto/LevelCrossing1.xml
2 ms. Memory: 368640K Free: 143198K (39%)
----------------- Invoking toplevel() on ptolemy.moml.MoMLSimpleApplication@659f0105
----------------- Done invoking toplevel() on ptolemy.moml.MoMLSimpleApplication@659f0105
reloadAllAccessors: .LevelCrossing1

===========================================================================================
----------------- testing Sun Jun 23 05:11:39 UTC 2019 /home/travis/build/icyphy/ptII/ptolemy/domains/continuous/test/auto/LevelCrossing2.xml
----------------- Instantiating /home/travis/build/icyphy/ptII/ptolemy/domains/continuous/test/auto/LevelCrossing2.xml
2 ms. Memory: 368640K Free: 138078K (37%)
----------------- Invoking toplevel() on ptolemy.moml.MoMLSimpleApplication@64895039
----------------- Done invoking toplevel() on ptolemy.moml.MoMLSimpleApplication@64895039
reloadAllAccessors: .LevelCrossing2

===========================================================================================
----------------- testing Sun Jun 23 05:11:39 UTC 2019 /home/travis/build/icyphy/ptII/ptolemy/domains/continuous/test/auto/LevelCrossing3.xml
----------------- Instantiating /home/travis/build/icyphy/ptII/ptolemy/domains/continuous/test/auto/LevelCrossing3.xml
11 ms. Memory: 368640K Free: 353560K (96%)
----------------- Invoking toplevel() on ptolemy.moml.MoMLSimpleApplication@37fabd34
----------------- Done invoking toplevel() on ptolemy.moml.MoMLSimpleApplication@37fabd34
reloadAllAccessors: .LevelCrossing3

===========================================================================================
----------------- testing Sun Jun 23 05:11:39 UTC 2019 /home/travis/build/icyphy/ptII/ptolemy/domains/continuous/test/auto/LevelCrossing4.xml
----------------- Instantiating /home/travis/build/icyphy/ptII/ptolemy/domains/continuous/test/auto/LevelCrossing4.xml
6 ms. Memory: 368640K Free: 347912K (94%)
----------------- Invoking toplevel() on ptolemy.moml.MoMLSimpleApplication@65005ede
----------------- Done invoking toplevel() on ptolemy.moml.MoMLSimpleApplication@65005ede
reloadAllAccessors: .LevelCrossing4

===========================================================================================
----------------- testing Sun Jun 23 05:11:39 UTC 2019 /home/travis/build/icyphy/ptII/ptolemy/domains/continuous/test/auto/LevelCrossing5.xml
----------------- Instantiating /home/travis/build/icyphy/ptII/ptolemy/domains/continuous/test/auto/LevelCrossing5.xml
3 ms. Memory: 368640K Free: 342792K (93%)
----------------- Invoking toplevel() on ptolemy.moml.MoMLSimpleApplication@52e4244c
----------------- Done invoking toplevel() on ptolemy.moml.MoMLSimpleApplication@52e4244c
reloadAllAccessors: .LevelCrossing5

===========================================================================================
[...]
4 ms. Memory: 368640K Free: 187245K (51%)
----------------- Invoking toplevel() on ptolemy.moml.MoMLSimpleApplication@7fa2967a
----------------- Done invoking toplevel() on ptolemy.moml.MoMLSimpleApplication@7fa2967a
reloadAllAccessors: .SRinContinuous

===========================================================================================
----------------- testing Sun Jun 23 05:11:56 UTC 2019 /home/travis/build/icyphy/ptII/ptolemy/domains/continuous/test/auto/SampledClocks.xml
----------------- Instantiating /home/travis/build/icyphy/ptII/ptolemy/domains/continuous/test/auto/SampledClocks.xml
6 ms. Memory: 368640K Free: 174447K (47%)
----------------- Invoking toplevel() on ptolemy.moml.MoMLSimpleApplication@15424cda
----------------- Done invoking toplevel() on ptolemy.moml.MoMLSimpleApplication@15424cda
reloadAllAccessors: .SampledClocks

===========================================================================================
----------------- testing Sun Jun 23 05:11:56 UTC 2019 /home/travis/build/icyphy/ptII/ptolemy/domains/continuous/test/auto/Satellite.xml
----------------- Instantiating /home/travis/build/icyphy/ptII/ptolemy/domains/continuous/test/auto/Satellite.xml
820 ms. Memory: 368640K Free: 206278K (56%)
----------------- Invoking toplevel() on ptolemy.moml.MoMLSimpleApplication@6bc977db
----------------- Done invoking toplevel() on ptolemy.moml.MoMLSimpleApplication@6bc977db
reloadAllAccessors: .Satellite

===========================================================================================
----------------- testing Sun Jun 23 05:11:57 UTC 2019 /home/travis/build/icyphy/ptII/ptolemy/domains/continuous/test/auto/SigmaDelta.xml
----------------- Instantiating /home/travis/build/icyphy/ptII/ptolemy/domains/continuous/test/auto/SigmaDelta.xml
2236 ms. Memory: 368640K Free: 164463K (45%)
----------------- Invoking toplevel() on ptolemy.moml.MoMLSimpleApplication@217c4b7a
----------------- Done invoking toplevel() on ptolemy.moml.MoMLSimpleApplication@217c4b7a
reloadAllAccessors: .SigmaDelta

===========================================================================================
----------------- testing Sun Jun 23 05:11:59 UTC 2019 /home/travis/build/icyphy/ptII/ptolemy/domains/continuous/test/auto/SingleRefinement.xml
----------------- Instantiating /home/travis/build/icyphy/ptII/ptolemy/domains/continuous/test/auto/SingleRefinement.xml
342 ms. Memory: 442368K Free: 275097K (62%)
----------------- Invoking toplevel() on ptolemy.moml.MoMLSimpleApplication@20980f02
----------------- Done invoking toplevel() on ptolemy.moml.MoMLSimpleApplication@20980f02
reloadAllAccessors: .SingleRefinement

===========================================================================================
----------------- testing Sun Jun 23 05:12:00 UTC 2019 /home/travis/build/icyphy/ptII/ptolemy/domains/continuous/test/auto/SinuBouncingBall.xml
----------------- Instantiating /home/travis/build/icyphy/ptII/ptolemy/domains/continuous/test/auto/SinuBouncingBall.xml
851 ms. Memory: 442368K Free: 327128K (74%)
----------------- Invoking toplevel() on ptolemy.moml.MoMLSimpleApplication@21e5049
----------------- Done invoking toplevel() on ptolemy.moml.MoMLSimpleApplication@21e5049
reloadAllAccessors: .SinuBouncingBall

===========================================================================================
----------------- testing Sun Jun 23 05:12:01 UTC 2019 /home/travis/build/icyphy/ptII/ptolemy/domains/continuous/test/auto/Sinusoid.xml
----------------- Instantiating /home/travis/build/icyphy/ptII/ptolemy/domains/continuous/test/auto/Sinusoid.xml
5 ms. Memory: 442368K Free: 322504K (73%)
----------------- Invoking toplevel() on ptolemy.moml.MoMLSimpleApplication@576221d6
----------------- Done invoking toplevel() on ptolemy.moml.MoMLSimpleApplication@576221d6
reloadAllAccessors: .Sinusoid

===========================================================================================
----------------- testing Sun Jun 23 05:12:01 UTC 2019 /home/travis/build/icyphy/ptII/ptolemy/domains/continuous/test/auto/SinusoidInNoise.xml
----------------- Instantiating /home/travis/build/icyphy/ptII/ptolemy/domains/continuous/test/auto/SinusoidInNoise.xml
941 ms. Memory: 442368K Free: 187864K (42%)
----------------- Invoking toplevel() on ptolemy.moml.MoMLSimpleApplication@58135974
----------------- Done invoking toplevel() on ptolemy.moml.MoMLSimpleApplication@58135974
reloadAllAccessors: .SinusoidInNoise

===========================================================================================
----------------- testing Sun Jun 23 05:12:02 UTC 2019 /home/travis/build/icyphy/ptII/ptolemy/domains/continuous/test/auto/SinusoidRK45.xml
----------------- Instantiating /home/travis/build/icyphy/ptII/ptolemy/domains/continuous/test/auto/SinusoidRK45.xml
3 ms. Memory: 442368K Free: 183768K (42%)
----------------- Invoking toplevel() on ptolemy.moml.MoMLSimpleApplication@6964b44e
----------------- Done invoking toplevel() on ptolemy.moml.MoMLSimpleApplication@6964b44e
reloadAllAccessors: .SinusoidRK45

===========================================================================================
----------------- testing Sun Jun 23 05:12:02 UTC 2019 /home/travis/build/icyphy/ptII/ptolemy/domains/continuous/test/auto/SinusoidWithMultipleImpulses.xml
----------------- Instantiating /home/travis/build/icyphy/ptII/ptolemy/domains/continuous/test/auto/SinusoidWithMultipleImpulses.xml
3 ms. Memory: 442368K Free: 179158K (40%)
----------------- Invoking toplevel() on ptolemy.moml.MoMLSimpleApplication@14b4b644
----------------- Done invoking toplevel() on ptolemy.moml.MoMLSimpleApplication@14b4b644
reloadAllAccessors: .SinusoidWithMultipleImpulses

===========================================================================================
----------------- testing Sun Jun 23 05:12:02 UTC 2019 /home/travis/build/icyphy/ptII/ptolemy/domains/continuous/test/auto/SquareWave.xml
----------------- Instantiating /home/travis/build/icyphy/ptII/ptolemy/domains/continuous/test/auto/SquareWave.xml
162 ms. Memory: 442368K Free: 416306K (94%)
----------------- Invoking toplevel() on ptolemy.moml.MoMLSimpleApplication@2fff140e
----------------- Done invoking toplevel() on ptolemy.moml.MoMLSimpleApplication@2fff140e
reloadAllAccessors: .SquareWave

===========================================================================================
----------------- testing Sun Jun 23 05:12:02 UTC 2019 /home/travis/build/icyphy/ptII/ptolemy/domains/continuous/test/auto/Starmac.xml
----------------- Instantiating /home/travis/build/icyphy/ptII/ptolemy/domains/continuous/test/auto/Starmac.xml
3046 ms. Memory: 442368K Free: 365815K (83%)
----------------- Invoking toplevel() on ptolemy.moml.MoMLSimpleApplication@1155619b
----------------- Done invoking toplevel() on ptolemy.moml.MoMLSimpleApplication@1155619b
reloadAllAccessors: .Starmac

===========================================================================================
----------------- testing Sun Jun 23 05:12:05 UTC 2019 /home/travis/build/icyphy/ptII/ptolemy/domains/continuous/test/auto/StaticUnits.xml
----------------- Instantiating /home/travis/build/icyphy/ptII/ptolemy/domains/continuous/test/auto/StaticUnits.xml
2070 ms. Memory: 442368K Free: 172790K (39%)
----------------- Invoking toplevel() on ptolemy.moml.MoMLSimpleApplication@35d752bb
----------------- Done invoking toplevel() on ptolemy.moml.MoMLSimpleApplication@35d752bb
reloadAllAccessors: .StaticUnits

===========================================================================================
----------------- testing Sun Jun 23 05:12:08 UTC 2019 /home/travis/build/icyphy/ptII/ptolemy/domains/continuous/test/auto/StickyMasses.xml
----------------- Instantiating /home/travis/build/icyphy/ptII/ptolemy/domains/continuous/test/auto/StickyMasses.xml
137 ms. Memory: 442368K Free: 382556K (86%)
----------------- Invoking toplevel() on ptolemy.moml.MoMLSimpleApplication@7c4cdbd1
----------------- Done invoking toplevel() on ptolemy.moml.MoMLSimpleApplication@7c4cdbd1
reloadAllAccessors: .StickyMasses

===========================================================================================
----------------- testing Sun Jun 23 05:12:08 UTC 2019 /home/travis/build/icyphy/ptII/ptolemy/domains/continuous/test/auto/StopTime.xml
----------------- Instantiating /home/travis/build/icyphy/ptII/ptolemy/domains/continuous/test/auto/StopTime.xml
51 ms. Memory: 442368K Free: 357980K (81%)
----------------- Invoking toplevel() on ptolemy.moml.MoMLSimpleApplication@6ead83a6
----------------- Done invoking toplevel() on ptolemy.moml.MoMLSimpleApplication@6ead83a6
reloadAllAccessors: .StopTime

===========================================================================================
----------------- testing Sun Jun 23 05:12:08 UTC 2019 /home/travis/build/icyphy/ptII/ptolemy/domains/continuous/test/auto/StopTime2.xml
----------------- Instantiating /home/travis/build/icyphy/ptII/ptolemy/domains/continuous/test/auto/StopTime2.xml
39 ms. Memory: 442368K Free: 335980K (76%)
----------------- Invoking toplevel() on ptolemy.moml.MoMLSimpleApplication@1b0096ec
----------------- Done invoking toplevel() on ptolemy.moml.MoMLSimpleApplication@1b0096ec
reloadAllAccessors: .StopTime2

===========================================================================================
----------------- testing Sun Jun 23 05:12:08 UTC 2019 /home/travis/build/icyphy/ptII/ptolemy/domains/continuous/test/auto/Switch.xml
----------------- Instantiating /home/travis/build/icyphy/ptII/ptolemy/domains/continuous/test/auto/Switch.xml
41 ms. Memory: 442368K Free: 311404K (70%)
----------------- Invoking toplevel() on ptolemy.moml.MoMLSimpleApplication@ec1b9af
----------------- Done invoking toplevel() on ptolemy.moml.MoMLSimpleApplication@ec1b9af
reloadAllAccessors: .Switch

===========================================================================================
----------------- testing Sun Jun 23 05:12:08 UTC 2019 /home/travis/build/icyphy/ptII/ptolemy/domains/continuous/test/auto/Thermostat.xml
----------------- Instantiating /home/travis/build/icyphy/ptII/ptolemy/domains/continuous/test/auto/Thermostat.xml
194 ms. Memory: 442368K Free: 239204K (54%)
----------------- Invoking toplevel() on ptolemy.moml.MoMLSimpleApplication@1e0a5cfc
----------------- Done invoking toplevel() on ptolemy.moml.MoMLSimpleApplication@1e0a5cfc
reloadAllAccessors: .Thermostat

===========================================================================================
----------------- testing Sun Jun 23 05:12:08 UTC 2019 /home/travis/build/icyphy/ptII/ptolemy/domains/continuous/test/auto/TimeDelay.xml
----------------- Instantiating /home/travis/build/icyphy/ptII/ptolemy/domains/continuous/test/auto/TimeDelay.xml
6 ms. Memory: 442368K Free: 234604K (53%)
----------------- Invoking toplevel() on ptolemy.moml.MoMLSimpleApplication@7ef49888
----------------- Done invoking toplevel() on ptolemy.moml.MoMLSimpleApplication@7ef49888
reloadAllAccessors: .TimeDelay

===========================================================================================
----------------- testing Sun Jun 23 05:12:08 UTC 2019 /home/travis/build/icyphy/ptII/ptolemy/domains/continuous/test/auto/TimeDelay2.xml
----------------- Instantiating /home/travis/build/icyphy/ptII/ptolemy/domains/continuous/test/auto/TimeDelay2.xml
7 ms. Memory: 442368K Free: 224874K (51%)
----------------- Invoking toplevel() on ptolemy.moml.MoMLSimpleApplication@70cbcab6
----------------- Done invoking toplevel() on ptolemy.moml.MoMLSimpleApplication@70cbcab6
reloadAllAccessors: .TimeDelay2

===========================================================================================
----------------- testing Sun Jun 23 05:12:08 UTC 2019 /home/travis/build/icyphy/ptII/ptolemy/domains/continuous/test/auto/TimeDelay3.xml
----------------- Instantiating /home/travis/build/icyphy/ptII/ptolemy/domains/continuous/test/auto/TimeDelay3.xml
6 ms. Memory: 442368K Free: 220268K (50%)
----------------- Invoking toplevel() on ptolemy.moml.MoMLSimpleApplication@3f6b43a2
----------------- Done invoking toplevel() on ptolemy.moml.MoMLSimpleApplication@3f6b43a2
reloadAllAccessors: .TimeDelay3

===========================================================================================
----------------- testing Sun Jun 23 05:12:08 UTC 2019 /home/travis/build/icyphy/ptII/ptolemy/domains/continuous/test/auto/TransferAbsentToInside.xml
----------------- Instantiating /home/travis/build/icyphy/ptII/ptolemy/domains/continuous/test/auto/TransferAbsentToInside.xml
27 ms. Memory: 442368K Free: 168540K (38%)
----------------- Invoking toplevel() on ptolemy.moml.MoMLSimpleApplication@4e3d51e0
----------------- Done invoking toplevel() on ptolemy.moml.MoMLSimpleApplication@4e3d51e0
reloadAllAccessors: .TransferAbsentToInside

===========================================================================================
----------------- testing Sun Jun 23 05:12:09 UTC 2019 /home/travis/build/icyphy/ptII/ptolemy/domains/continuous/test/auto/Transmission.xml
----------------- Instantiating /home/travis/build/icyphy/ptII/ptolemy/domains/continuous/test/auto/Transmission.xml
750 ms. Memory: 442368K Free: 197191K (45%)
----------------- Invoking toplevel() on ptolemy.moml.MoMLSimpleApplication@5b09798b
----------------- Done invoking toplevel() on ptolemy.moml.MoMLSimpleApplication@5b09798b
reloadAllAccessors: .Transmission

===========================================================================================
----------------- testing Sun Jun 23 05:12:09 UTC 2019 /home/travis/build/icyphy/ptII/ptolemy/domains/continuous/test/auto/TriggeredContinuousClock.xml
----------------- Instantiating /home/travis/build/icyphy/ptII/ptolemy/domains/continuous/test/auto/TriggeredContinuousClock.xml
34 ms. Memory: 442368K Free: 168040K (38%)
----------------- Invoking toplevel() on ptolemy.moml.MoMLSimpleApplication@37d0116f
----------------- Done invoking toplevel() on ptolemy.moml.MoMLSimpleApplication@37d0116f
reloadAllAccessors: .TriggeredContinuousClock

===========================================================================================
----------------- testing Sun Jun 23 05:12:09 UTC 2019 /home/travis/build/icyphy/ptII/ptolemy/domains/continuous/test/auto/TwoMachineInfiniteBusControl.xml
----------------- Instantiating /home/travis/build/icyphy/ptII/ptolemy/domains/continuous/test/auto/TwoMachineInfiniteBusControl.xml
2673 ms. Memory: 442368K Free: 367110K (83%)
----------------- Invoking toplevel() on ptolemy.moml.MoMLSimpleApplication@242a6c1b
----------------- Done invoking toplevel() on ptolemy.moml.MoMLSimpleApplication@242a6c1b
reloadAllAccessors: .TwoMachineInfiniteBusControl

===========================================================================================
----------------- testing Sun Jun 23 05:12:12 UTC 2019 /home/travis/build/icyphy/ptII/ptolemy/domains/continuous/test/auto/V2V.xml
----------------- Instantiating /home/travis/build/icyphy/ptII/ptolemy/domains/continuous/test/auto/V2V.xml
778 ms. Memory: 442368K Free: 180734K (41%)
----------------- Invoking toplevel() on ptolemy.moml.MoMLSimpleApplication@45dc0ec
----------------- Done invoking toplevel() on ptolemy.moml.MoMLSimpleApplication@45dc0ec
reloadAllAccessors: .V2V

===========================================================================================
----------------- testing Sun Jun 23 05:12:13 UTC 2019 /home/travis/build/icyphy/ptII/ptolemy/domains/continuous/test/auto/hierarchicalModalModel.xml
----------------- Instantiating /home/travis/build/icyphy/ptII/ptolemy/domains/continuous/test/auto/hierarchicalModalModel.xml
6 ms. Memory: 442368K Free: 166926K (38%)
----------------- Invoking toplevel() on ptolemy.moml.MoMLSimpleApplication@58f717d9
----------------- Done invoking toplevel() on ptolemy.moml.MoMLSimpleApplication@58f717d9
reloadAllAccessors: .hierarchicalModalModel

===========================================================================================
----------------- testing Sun Jun 23 05:12:13 UTC 2019 /home/travis/build/icyphy/ptII/ptolemy/domains/continuous/test/auto/hierarchicalModalModel1.xml
----------------- Instantiating /home/travis/build/icyphy/ptII/ptolemy/domains/continuous/test/auto/hierarchicalModalModel1.xml
8 ms. Memory: 442368K Free: 412160K (93%)
----------------- Invoking toplevel() on ptolemy.moml.MoMLSimpleApplication@2fba4e1d
----------------- Done invoking toplevel() on ptolemy.moml.MoMLSimpleApplication@2fba4e1d
reloadAllAccessors: .hierarchicalModalModel1

===========================================================================================
----------------- testing Sun Jun 23 05:12:13 UTC 2019 /home/travis/build/icyphy/ptII/ptolemy/domains/continuous/test/auto/hierarchicalModalModel2.xml
----------------- Instantiating /home/travis/build/icyphy/ptII/ptolemy/domains/continuous/test/auto/hierarchicalModalModel2.xml
6 ms. Memory: 442368K Free: 399857K (90%)
----------------- Invoking toplevel() on ptolemy.moml.MoMLSimpleApplication@4d6eacc1
----------------- Done invoking toplevel() on ptolemy.moml.MoMLSimpleApplication@4d6eacc1
reloadAllAccessors: .hierarchicalModalModel2

===========================================================================================
----------------- testing Sun Jun 23 05:12:13 UTC 2019 /home/travis/build/icyphy/ptII/ptolemy/domains/continuous/test/auto/hierarchicalModalModel3.xml
----------------- Instantiating /home/travis/build/icyphy/ptII/ptolemy/domains/continuous/test/auto/hierarchicalModalModel3.xml
5 ms. Memory: 442368K Free: 389122K (88%)
----------------- Invoking toplevel() on ptolemy.moml.MoMLSimpleApplication@58468624
----------------- Done invoking toplevel() on ptolemy.moml.MoMLSimpleApplication@58468624
reloadAllAccessors: .hierarchicalModalModel3

===========================================================================================
----------------- testing Sun Jun 23 05:12:13 UTC 2019 /home/travis/build/icyphy/ptII/ptolemy/domains/continuous/test/auto/hierarchicalModalModel4.xml
----------------- Instantiating /home/travis/build/icyphy/ptII/ptolemy/domains/continuous/test/auto/hierarchicalModalModel4.xml
5 ms. Memory: 442368K Free: 377344K (85%)
----------------- Invoking toplevel() on ptolemy.moml.MoMLSimpleApplication@ebb29b1
----------------- Done invoking toplevel() on ptolemy.moml.MoMLSimpleApplication@ebb29b1
reloadAllAccessors: .hierarchicalModalModel4

===========================================================================================
----------------- testing Sun Jun 23 05:12:13 UTC 2019 /home/travis/build/icyphy/ptII/ptolemy/domains/continuous/test/auto/junk.xml
----------------- Instantiating /home/travis/build/icyphy/ptII/ptolemy/domains/continuous/test/auto/junk.xml
138 ms. Memory: 442368K Free: 349186K (79%)
----------------- Invoking toplevel() on ptolemy.moml.MoMLSimpleApplication@25f32901
----------------- Done invoking toplevel() on ptolemy.moml.MoMLSimpleApplication@25f32901
reloadAllAccessors: .junk
AutoTests.java: About to close Vertx.
AutoTests.java: Vertx closed.
]]></system-out>
  <system-err><![CDATA[Warning: '.HysteresisWithRandomDelay.NonStrictTest' The test produced only 221 tokens, yet the correctValues parameter was expecting 222 tokens.
Warning: '.HysteresisWithRandomDelay.NonStrictTest2' The test produced only 220 tokens, yet the correctValues parameter was expecting 221 tokens.
Warning: '.HysteresisWithRandomDelay.NonStrictTest3' The test produced only 27 tokens, yet the correctValues parameter was expecting 30 tokens.
Warning: '.IncreasingRatePoisson.NonStrictTest' The test produced only 398 tokens, yet the correctValues parameter was expecting 402 tokens.
Warning: '.Poisson.NonStrictTest' The test produced only 389 tokens, yet the correctValues parameter was expecting 430 tokens.
]]></system-err>
</testsuite>
