<?xml version="1.0" encoding="UTF-8" ?>
<testsuite errors="0" failures="0" hostname="travis-job-f2bb92d9-790d-4410-9bd3-40fb5eaeb182" name="ptolemy.domains.sdf.test.junit.JUnitTclTest" skipped="0" tests="66" time="20.795" timestamp="2019-10-05T06:10:07">
  <properties>
[...]
</properties>
  <testcase classname="ptolemy.util.test.junit.TclTests" name="[0] /home/travis/build/icyphy/ptII/ptolemy/domains/sdf/test/SDFSchedulerErrors.tcl (RunTclFile)" time="1.049" />
  <testcase classname="ptolemy.util.test.junit.TclTests" name="[1] /home/travis/build/icyphy/ptII/ptolemy/domains/sdf/test/composition.tcl (RunTclFile)" time="0.16" />
  <testcase classname="ptolemy.util.test.junit.TclTests" name="[2] /home/travis/build/icyphy/ptII/ptolemy/domains/sdf/test/cycle.tcl (RunTclFile)" time="0.092" />
  <testcase classname="ptolemy.util.test.junit.AutoKnownFailedTests" name="[0] ThereAreNoKnowFailedTests (RunModel)" time="0.008" />
  <testcase classname="ptolemy.util.test.junit.AutoNameArchTests" name="[0] ThereAreNoAutoArchTests (RunModel)" time="0.003" />
  <testcase classname="ptolemy.util.test.junit.AutoTests" name="[0] /home/travis/build/icyphy/ptII/ptolemy/domains/sdf/test/auto/Array.xml (RunModel)" time="0.318" />
  <testcase classname="ptolemy.util.test.junit.AutoTests" name="[1] /home/travis/build/icyphy/ptII/ptolemy/domains/sdf/test/auto/Butterfly.xml (RunModel)" time="0.153" />
  <testcase classname="ptolemy.util.test.junit.AutoTests" name="[2] /home/travis/build/icyphy/ptII/ptolemy/domains/sdf/test/auto/Expression.xml (RunModel)" time="0.141" />
  <testcase classname="ptolemy.util.test.junit.AutoTests" name="[3] /home/travis/build/icyphy/ptII/ptolemy/domains/sdf/test/auto/Eye.xml (RunModel)" time="0.271" />
  <testcase classname="ptolemy.util.test.junit.AutoTests" name="[4] /home/travis/build/icyphy/ptII/ptolemy/domains/sdf/test/auto/FixFIR.xml (RunModel)" time="0.437" />
  <testcase classname="ptolemy.util.test.junit.AutoTests" name="[5] /home/travis/build/icyphy/ptII/ptolemy/domains/sdf/test/auto/FixPoint.xml (RunModel)" time="0.036" />
  <testcase classname="ptolemy.util.test.junit.AutoTests" name="[6] /home/travis/build/icyphy/ptII/ptolemy/domains/sdf/test/auto/Gravitation.xml (RunModel)" time="3.32" />
  <testcase classname="ptolemy.util.test.junit.AutoTests" name="[7] /home/travis/build/icyphy/ptII/ptolemy/domains/sdf/test/auto/GravitationWithCollisionDetection.xml (RunModel)" time="6.513" />
  <testcase classname="ptolemy.util.test.junit.AutoTests" name="[8] /home/travis/build/icyphy/ptII/ptolemy/domains/sdf/test/auto/HDF.xml (RunModel)" time="0.106" />
  <testcase classname="ptolemy.util.test.junit.AutoTests" name="[9] /home/travis/build/icyphy/ptII/ptolemy/domains/sdf/test/auto/HDFwithTransientStates.xml (RunModel)" time="0.106" />
  <testcase classname="ptolemy.util.test.junit.AutoTests" name="[10] /home/travis/build/icyphy/ptII/ptolemy/domains/sdf/test/auto/HTVQ.xml (RunModel)" time="0.897" />
  <testcase classname="ptolemy.util.test.junit.AutoTests" name="[11] /home/travis/build/icyphy/ptII/ptolemy/domains/sdf/test/auto/InferInitProduction.xml (RunModel)" time="0.026" />
  <testcase classname="ptolemy.util.test.junit.AutoTests" name="[12] /home/travis/build/icyphy/ptII/ptolemy/domains/sdf/test/auto/InferInitProductionDeeper.xml (RunModel)" time="0.022" />
  <testcase classname="ptolemy.util.test.junit.AutoTests" name="[13] /home/travis/build/icyphy/ptII/ptolemy/domains/sdf/test/auto/LMSAdaptive.xml (RunModel)" time="0.064" />
  <testcase classname="ptolemy.util.test.junit.AutoTests" name="[14] /home/travis/build/icyphy/ptII/ptolemy/domains/sdf/test/auto/LogisticMap.xml (RunModel)" time="0.468" />
  <testcase classname="ptolemy.util.test.junit.AutoTests" name="[15] /home/travis/build/icyphy/ptII/ptolemy/domains/sdf/test/auto/MaximumEntropySpectrum.xml (RunModel)" time="0.266" />
  <testcase classname="ptolemy.util.test.junit.AutoTests" name="[16] /home/travis/build/icyphy/ptII/ptolemy/domains/sdf/test/auto/MultirateSDF.xml (RunModel)" time="0.058" />
  <testcase classname="ptolemy.util.test.junit.AutoTests" name="[17] /home/travis/build/icyphy/ptII/ptolemy/domains/sdf/test/auto/MultirateSDFwithTransientStates.xml (RunModel)" time="0.073" />
  <testcase classname="ptolemy.util.test.junit.AutoTests" name="[18] /home/travis/build/icyphy/ptII/ptolemy/domains/sdf/test/auto/NoisySinewave.xml (RunModel)" time="0.059" />
  <testcase classname="ptolemy.util.test.junit.AutoTests" name="[19] /home/travis/build/icyphy/ptII/ptolemy/domains/sdf/test/auto/Objects.xml (RunModel)" time="0.038" />
  <testcase classname="ptolemy.util.test.junit.AutoTests" name="[20] /home/travis/build/icyphy/ptII/ptolemy/domains/sdf/test/auto/OrthogonalCom.xml (RunModel)" time="0.044" />
  <testcase classname="ptolemy.util.test.junit.AutoTests" name="[21] /home/travis/build/icyphy/ptII/ptolemy/domains/sdf/test/auto/RijndaelEncryption.xml (RunModel)" time="0.55" />
  <testcase classname="ptolemy.util.test.junit.AutoTests" name="[22] /home/travis/build/icyphy/ptII/ptolemy/domains/sdf/test/auto/SDFEmptyIterations.xml (RunModel)" time="0.016" />
  <testcase classname="ptolemy.util.test.junit.AutoTests" name="[23] /home/travis/build/icyphy/ptII/ptolemy/domains/sdf/test/auto/Spectrum.xml (RunModel)" time="0.083" />
  <testcase classname="ptolemy.util.test.junit.AutoTests" name="[24] /home/travis/build/icyphy/ptII/ptolemy/domains/sdf/test/auto/de_inside_sdf.xml (RunModel)" time="0.026" />
  <testcase classname="ptolemy.util.test.junit.AutoTests" name="[25] /home/travis/build/icyphy/ptII/ptolemy/domains/sdf/test/auto/disconnectedHierarchicalSDF.xml (RunModel)" time="0.023" />
  <testcase classname="ptolemy.util.test.junit.AutoTests" name="[26] /home/travis/build/icyphy/ptII/ptolemy/domains/sdf/test/auto/disconnectedSDF.xml (RunModel)" time="0.02" />
  <testcase classname="ptolemy.util.test.junit.AutoTests" name="[27] /home/travis/build/icyphy/ptII/ptolemy/domains/sdf/test/auto/emptyRefinement.xml (RunModel)" time="0.023" />
  <testcase classname="ptolemy.util.test.junit.AutoTests" name="[28] /home/travis/build/icyphy/ptII/ptolemy/domains/sdf/test/auto/filePortParameter.xml (RunModel)" time="0.066" />
  <testcase classname="ptolemy.util.test.junit.AutoTests" name="[29] /home/travis/build/icyphy/ptII/ptolemy/domains/sdf/test/auto/inferRelationWidth1.xml (RunModel)" time="0.018" />
  <testcase classname="ptolemy.util.test.junit.AutoTests" name="[30] /home/travis/build/icyphy/ptII/ptolemy/domains/sdf/test/auto/initProductionInference.xml (RunModel)" time="0.026" />
  <testcase classname="ptolemy.util.test.junit.AutoTests" name="[31] /home/travis/build/icyphy/ptII/ptolemy/domains/sdf/test/auto/relationGroup.xml (RunModel)" time="0.019" />
  <testcase classname="ptolemy.util.test.junit.AutoTests" name="[32] /home/travis/build/icyphy/ptII/ptolemy/domains/sdf/test/auto/relationGroup10.xml (RunModel)" time="0.014" />
  <testcase classname="ptolemy.util.test.junit.AutoTests" name="[33] /home/travis/build/icyphy/ptII/ptolemy/domains/sdf/test/auto/relationGroup11.xml (RunModel)" time="0.015" />
  <testcase classname="ptolemy.util.test.junit.AutoTests" name="[34] /home/travis/build/icyphy/ptII/ptolemy/domains/sdf/test/auto/relationGroup12.xml (RunModel)" time="0.016" />
  <testcase classname="ptolemy.util.test.junit.AutoTests" name="[35] /home/travis/build/icyphy/ptII/ptolemy/domains/sdf/test/auto/relationGroup13.xml (RunModel)" time="0.022" />
  <testcase classname="ptolemy.util.test.junit.AutoTests" name="[36] /home/travis/build/icyphy/ptII/ptolemy/domains/sdf/test/auto/relationGroup14.xml (RunModel)" time="0.016" />
  <testcase classname="ptolemy.util.test.junit.AutoTests" name="[37] /home/travis/build/icyphy/ptII/ptolemy/domains/sdf/test/auto/relationGroup15.xml (RunModel)" time="0.015" />
  <testcase classname="ptolemy.util.test.junit.AutoTests" name="[38] /home/travis/build/icyphy/ptII/ptolemy/domains/sdf/test/auto/relationGroup2.xml (RunModel)" time="0.01" />
  <testcase classname="ptolemy.util.test.junit.AutoTests" name="[39] /home/travis/build/icyphy/ptII/ptolemy/domains/sdf/test/auto/relationGroup3.xml (RunModel)" time="0.016" />
  <testcase classname="ptolemy.util.test.junit.AutoTests" name="[40] /home/travis/build/icyphy/ptII/ptolemy/domains/sdf/test/auto/relationGroup4.xml (RunModel)" time="0.019" />
  <testcase classname="ptolemy.util.test.junit.AutoTests" name="[41] /home/travis/build/icyphy/ptII/ptolemy/domains/sdf/test/auto/relationGroup5.xml (RunModel)" time="0.017" />
  <testcase classname="ptolemy.util.test.junit.AutoTests" name="[42] /home/travis/build/icyphy/ptII/ptolemy/domains/sdf/test/auto/relationGroup6.xml (RunModel)" time="0.012" />
  <testcase classname="ptolemy.util.test.junit.AutoTests" name="[43] /home/travis/build/icyphy/ptII/ptolemy/domains/sdf/test/auto/relationGroup7.xml (RunModel)" time="0.012" />
  <testcase classname="ptolemy.util.test.junit.AutoTests" name="[44] /home/travis/build/icyphy/ptII/ptolemy/domains/sdf/test/auto/relationGroup8.xml (RunModel)" time="0.017" />
  <testcase classname="ptolemy.util.test.junit.AutoTests" name="[45] /home/travis/build/icyphy/ptII/ptolemy/domains/sdf/test/auto/relationGroup9.xml (RunModel)" time="0.013" />
  <testcase classname="ptolemy.util.test.junit.AutoTests" name="[46] /home/travis/build/icyphy/ptII/ptolemy/domains/sdf/test/auto/sdf_inside_de.xml (RunModel)" time="0.047" />
  <testcase classname="ptolemy.util.test.junit.AutoTests" name="[47] /home/travis/build/icyphy/ptII/ptolemy/domains/sdf/test/auto/sdf_inside_pn.xml (RunModel)" time="0.055" />
  <testcase classname="ptolemy.util.test.junit.AutoTests" name="[48] /home/travis/build/icyphy/ptII/ptolemy/domains/sdf/test/auto/sdf_sdf1.xml (RunModel)" time="0.02" />
  <testcase classname="ptolemy.util.test.junit.AutoTests" name="[49] /home/travis/build/icyphy/ptII/ptolemy/domains/sdf/test/auto/test1.xml (RunModel)" time="0.014" />
  <testcase classname="ptolemy.util.test.junit.AutoTests" name="[50] /home/travis/build/icyphy/ptII/ptolemy/domains/sdf/test/auto/time1.xml (RunModel)" time="0.01" />
  <testcase classname="ptolemy.util.test.junit.AutoTests" name="[51] /home/travis/build/icyphy/ptII/ptolemy/domains/sdf/test/auto/time2.xml (RunModel)" time="0.008" />
  <testcase classname="ptolemy.util.test.junit.AutoTests" name="[52] /home/travis/build/icyphy/ptII/ptolemy/domains/sdf/test/auto/time3.xml (RunModel)" time="0.018" />
  <testcase classname="ptolemy.util.test.junit.AutoTests" name="[53] /home/travis/build/icyphy/ptII/ptolemy/domains/sdf/test/auto/time4.xml (RunModel)" time="0.018" />
  <testcase classname="ptolemy.util.test.junit.AutoTests" name="[54] /home/travis/build/icyphy/ptII/ptolemy/domains/sdf/test/auto/time5.xml (RunModel)" time="4.008" />
  <testcase classname="ptolemy.util.test.junit.AutoTests" name="[55] /home/travis/build/icyphy/ptII/ptolemy/domains/sdf/test/auto/typeSystem_Const_Integer_smallest_Type.xml (RunModel)" time="0.044" />
  <testcase classname="ptolemy.util.test.junit.AutoTests" name="[56] /home/travis/build/icyphy/ptII/ptolemy/domains/sdf/test/auto/typeSystem_declared_Inports_OutportTypeException.xml (RunModel)" time="0.021" />
  <testcase classname="ptolemy.util.test.junit.AutoTests" name="[57] /home/travis/build/icyphy/ptII/ptolemy/domains/sdf/test/auto/typeSystem_oneDeclaredInportType_wrongTypeOutport.xml (RunModel)" time="0.025" />
  <testcase classname="ptolemy.util.test.junit.AutoTests" name="[58] /home/travis/build/icyphy/ptII/ptolemy/domains/sdf/test/auto/width.xml (RunModel)" time="0.011" />
  <testcase classname="ptolemy.util.test.junit.AutoTests" name="[59] /home/travis/build/icyphy/ptII/ptolemy/domains/sdf/test/auto/width2.xml (RunModel)" time="0.036" />
  <testcase classname="ptolemy.util.test.junit.AutoTests" name="[60] /home/travis/build/icyphy/ptII/ptolemy/domains/sdf/test/auto/width3.xml (RunModel)" time="0.037" />
  <system-out><![CDATA[/home/travis/build/icyphy/ptII/ptolemy/domains/sdf/test/SDFSchedulerErrors.tcl
testDefs.tcl: setting time out to 9000 seconds at Sat Oct 05 06:10:07 UTC 2019
94 ms. Memory: 120832K Free: 82374K (68%)
18 ms. Memory: 120832K Free: 74696K (62%)
7 ms. Memory: 120832K Free: 68552K (57%)
9 ms. Memory: 120832K Free: 65480K (54%)
/home/travis/build/icyphy/ptII/ptolemy/domains/sdf/test/composition.tcl
30 ms. Memory: 120832K Free: 61384K (51%)
7 ms. Memory: 120832K Free: 59336K (49%)
/home/travis/build/icyphy/ptII/ptolemy/domains/sdf/test/cycle.tcl
.Toplevel.Director Preinitializing ...
Invoking preinitialize():  .Toplevel.Actor1
Invoking preinitialize():  .Toplevel.Actor2
Invoking preinitialize():  .Toplevel.Delay
.Toplevel.Director Finished preinitialize().
### Schedule:
Execute Schedule{
Fire Actor ptolemy.domains.sdf.kernel.test.SDFTestDelay {.Toplevel.Actor1}
Fire Actor ptolemy.domains.sdf.kernel.test.SDFTestDelay {.Toplevel.Actor2}
Fire Actor ptolemy.domains.sdf.lib.SampleDelay {.Toplevel.Delay}
}
### End schedule
Called initialize().
Invoking initialize():  .Toplevel.Actor1
Initializing actor: .Toplevel.Actor1.
Invoking initialize():  .Toplevel.Actor2
Initializing actor: .Toplevel.Actor2.
Invoking initialize():  .Toplevel.Delay
Initializing actor: .Toplevel.Delay.
Director: Called prefire().
-- Setting current time to 0.0
Director prefire returns true.
The actor .Toplevel.Actor1 will be iterated.
The actor .Toplevel.Actor1 was iterated.
The actor .Toplevel.Actor2 will be iterated.
The actor .Toplevel.Actor2 was iterated.
The actor .Toplevel.Delay will be iterated.
The actor .Toplevel.Delay was iterated.
Director: Called postfire().
Postfire returns: true
Director: Called prefire().
-- Setting current time to 0.0
Director prefire returns true.
The actor .Toplevel.Actor1 will be iterated.
The actor .Toplevel.Actor1 was iterated.
The actor .Toplevel.Actor2 will be iterated.
The actor .Toplevel.Actor2 was iterated.
The actor .Toplevel.Delay will be iterated.
The actor .Toplevel.Delay was iterated.
Director: Called postfire().
Postfire returns: true
Director: Called prefire().
-- Setting current time to 0.0
Director prefire returns true.
The actor .Toplevel.Actor1 will be iterated.
The actor .Toplevel.Actor1 was iterated.
The actor .Toplevel.Actor2 will be iterated.
The actor .Toplevel.Actor2 was iterated.
The actor .Toplevel.Delay will be iterated.
The actor .Toplevel.Delay was iterated.
Director: Called postfire().
Postfire returns: true
Director: Called prefire().
-- Setting current time to 0.0
Director prefire returns true.
The actor .Toplevel.Actor1 will be iterated.
The actor .Toplevel.Actor1 was iterated.
The actor .Toplevel.Actor2 will be iterated.
The actor .Toplevel.Actor2 was iterated.
The actor .Toplevel.Delay will be iterated.
The actor .Toplevel.Delay was iterated.
Director: Called postfire().
Postfire returns: true
Director: Called prefire().
-- Setting current time to 0.0
Director prefire returns true.
The actor .Toplevel.Actor1 will be iterated.
The actor .Toplevel.Actor1 was iterated.
The actor .Toplevel.Actor2 will be iterated.
The actor .Toplevel.Actor2 was iterated.
The actor .Toplevel.Delay will be iterated.
The actor .Toplevel.Delay was iterated.
Director: Called postfire().
Postfire returns: true
Director: Called prefire().
-- Setting current time to 0.0
Director prefire returns true.
The actor .Toplevel.Actor1 will be iterated.
The actor .Toplevel.Actor1 was iterated.
The actor .Toplevel.Actor2 will be iterated.
The actor .Toplevel.Actor2 was iterated.
The actor .Toplevel.Delay will be iterated.
The actor .Toplevel.Delay was iterated.
Reached specified number of iterations: 6
Director: Called wrapup().
44 ms. Memory: 120832K Free: 56774K (47%)
10/05/19 06:10:08
Failed: 0  Total Tests: 8  ((Passed: 8, Newly Passed: 0)  Known Failed: 0) /home/travis/build/icyphy/ptII/ptolemy/domains/sdf/test
No auto/knownFailedTests/*.xml tests in /home/travis/build/icyphy/ptII/ptolemy/domains/sdf/test
No auto/linux-amd64/*.xml tests in /home/travis/build/icyphy/ptII/ptolemy/domains/sdf/test
AutoTests.java: About to close Vertx.
AutoTests.java: Vertx closed.

===========================================================================================
----------------- testing Sat Oct 05 06:10:09 UTC 2019 /home/travis/build/icyphy/ptII/ptolemy/domains/sdf/test/auto/Array.xml
----------------- Instantiating /home/travis/build/icyphy/ptII/ptolemy/domains/sdf/test/auto/Array.xml
55 ms. Memory: 120832K Free: 97451K (81%)
----------------- Invoking toplevel() on ptolemy.moml.MoMLSimpleApplication@32d92e6f
----------------- Done invoking toplevel() on ptolemy.moml.MoMLSimpleApplication@32d92e6f
reloadAllAccessors: .Array

===========================================================================================
----------------- testing Sat Oct 05 06:10:09 UTC 2019 /home/travis/build/icyphy/ptII/ptolemy/domains/sdf/test/auto/Butterfly.xml
----------------- Instantiating /home/travis/build/icyphy/ptII/ptolemy/domains/sdf/test/auto/Butterfly.xml
89 ms. Memory: 120832K Free: 91755K (76%)
----------------- Invoking toplevel() on ptolemy.moml.MoMLSimpleApplication@2e8c69d7
----------------- Done invoking toplevel() on ptolemy.moml.MoMLSimpleApplication@2e8c69d7
reloadAllAccessors: .Butterfly

===========================================================================================
----------------- testing Sat Oct 05 06:10:09 UTC 2019 /home/travis/build/icyphy/ptII/ptolemy/domains/sdf/test/auto/Expression.xml
----------------- Instantiating /home/travis/build/icyphy/ptII/ptolemy/domains/sdf/test/auto/Expression.xml
87 ms. Memory: 120832K Free: 106624K (88%)
----------------- Invoking toplevel() on ptolemy.moml.MoMLSimpleApplication@408b6878
----------------- Done invoking toplevel() on ptolemy.moml.MoMLSimpleApplication@408b6878
reloadAllAccessors: .Expression

===========================================================================================
----------------- testing Sat Oct 05 06:10:09 UTC 2019 /home/travis/build/icyphy/ptII/ptolemy/domains/sdf/test/auto/Eye.xml
----------------- Instantiating /home/travis/build/icyphy/ptII/ptolemy/domains/sdf/test/auto/Eye.xml
154 ms. Memory: 120832K Free: 82046K (68%)
----------------- Invoking toplevel() on ptolemy.moml.MoMLSimpleApplication@6d58a909
----------------- Done invoking toplevel() on ptolemy.moml.MoMLSimpleApplication@6d58a909
reloadAllAccessors: .Eye

===========================================================================================
----------------- testing Sat Oct 05 06:10:10 UTC 2019 /home/travis/build/icyphy/ptII/ptolemy/domains/sdf/test/auto/FixFIR.xml
----------------- Instantiating /home/travis/build/icyphy/ptII/ptolemy/domains/sdf/test/auto/FixFIR.xml
205 ms. Memory: 120832K Free: 81240K (67%)
----------------- Invoking toplevel() on ptolemy.moml.MoMLSimpleApplication@4e140738
----------------- Done invoking toplevel() on ptolemy.moml.MoMLSimpleApplication@4e140738
reloadAllAccessors: .FixFIR

===========================================================================================
----------------- testing Sat Oct 05 06:10:10 UTC 2019 /home/travis/build/icyphy/ptII/ptolemy/domains/sdf/test/auto/FixPoint.xml
----------------- Instantiating /home/travis/build/icyphy/ptII/ptolemy/domains/sdf/test/auto/FixPoint.xml
14 ms. Memory: 120832K Free: 77122K (64%)
----------------- Invoking toplevel() on ptolemy.moml.MoMLSimpleApplication@5a42fbf6
----------------- Done invoking toplevel() on ptolemy.moml.MoMLSimpleApplication@5a42fbf6
reloadAllAccessors: .FixPoint

===========================================================================================
----------------- testing Sat Oct 05 06:10:10 UTC 2019 /home/travis/build/icyphy/ptII/ptolemy/domains/sdf/test/auto/Gravitation.xml
----------------- Instantiating /home/travis/build/icyphy/ptII/ptolemy/domains/sdf/test/auto/Gravitation.xml
3218 ms. Memory: 147456K Free: 97726K (66%)
----------------- Invoking toplevel() on ptolemy.moml.MoMLSimpleApplication@c8d4d84
----------------- Done invoking toplevel() on ptolemy.moml.MoMLSimpleApplication@c8d4d84
reloadAllAccessors: .Gravitation

===========================================================================================
----------------- testing Sat Oct 05 06:10:13 UTC 2019 /home/travis/build/icyphy/ptII/ptolemy/domains/sdf/test/auto/GravitationWithCollisionDetection.xml
----------------- Instantiating /home/travis/build/icyphy/ptII/ptolemy/domains/sdf/test/auto/GravitationWithCollisionDetection.xml
6352 ms. Memory: 323584K Free: 290333K (90%)
----------------- Invoking toplevel() on ptolemy.moml.MoMLSimpleApplication@5bdbad79
----------------- Done invoking toplevel() on ptolemy.moml.MoMLSimpleApplication@5bdbad79
reloadAllAccessors: .GravitationWithCollisionDetection

===========================================================================================
----------------- testing Sat Oct 05 06:10:20 UTC 2019 /home/travis/build/icyphy/ptII/ptolemy/domains/sdf/test/auto/HDF.xml
----------------- Instantiating /home/travis/build/icyphy/ptII/ptolemy/domains/sdf/test/auto/HDF.xml
40 ms. Memory: 323584K Free: 275004K (85%)
----------------- Invoking toplevel() on ptolemy.moml.MoMLSimpleApplication@53669d48
----------------- Done invoking toplevel() on ptolemy.moml.MoMLSimpleApplication@53669d48
reloadAllAccessors: .HDF

===========================================================================================
----------------- testing Sat Oct 05 06:10:20 UTC 2019 /home/travis/build/icyphy/ptII/ptolemy/domains/sdf/test/auto/HDFwithTransientStates.xml
----------------- Instantiating /home/travis/build/icyphy/ptII/ptolemy/domains/sdf/test/auto/HDFwithTransientStates.xml
31 ms. Memory: 323584K Free: 256062K (79%)
----------------- Invoking toplevel() on ptolemy.moml.MoMLSimpleApplication@3acdd767
----------------- Done invoking toplevel() on ptolemy.moml.MoMLSimpleApplication@3acdd767
reloadAllAccessors: .HDFwithTransientStates

===========================================================================================
----------------- testing Sat Oct 05 06:10:20 UTC 2019 /home/travis/build/icyphy/ptII/ptolemy/domains/sdf/test/auto/HTVQ.xml
----------------- Instantiating /home/travis/build/icyphy/ptII/ptolemy/domains/sdf/test/auto/HTVQ.xml
842 ms. Memory: 323584K Free: 278351K (86%)
----------------- Invoking toplevel() on ptolemy.moml.MoMLSimpleApplication@16a02d3f
----------------- Done invoking toplevel() on ptolemy.moml.MoMLSimpleApplication@16a02d3f
reloadAllAccessors: .HTVQ

===========================================================================================
----------------- testing Sat Oct 05 06:10:21 UTC 2019 /home/travis/build/icyphy/ptII/ptolemy/domains/sdf/test/auto/InferInitProduction.xml
----------------- Instantiating /home/travis/build/icyphy/ptII/ptolemy/domains/sdf/test/auto/InferInitProduction.xml
4 ms. Memory: 323584K Free: 272802K (84%)
----------------- Invoking toplevel() on ptolemy.moml.MoMLSimpleApplication@6d9173e7
----------------- Done invoking toplevel() on ptolemy.moml.MoMLSimpleApplication@6d9173e7
reloadAllAccessors: .InferInitProduction

===========================================================================================
----------------- testing Sat Oct 05 06:10:21 UTC 2019 /home/travis/build/icyphy/ptII/ptolemy/domains/sdf/test/auto/InferInitProductionDeeper.xml
----------------- Instantiating /home/travis/build/icyphy/ptII/ptolemy/domains/sdf/test/auto/InferInitProductionDeeper.xml
4 ms. Memory: 323584K Free: 267186K (83%)
----------------- Invoking toplevel() on ptolemy.moml.MoMLSimpleApplication@459bfa36
----------------- Done invoking toplevel() on ptolemy.moml.MoMLSimpleApplication@459bfa36
reloadAllAccessors: .InferInitProductionDeeper

===========================================================================================
----------------- testing Sat Oct 05 06:10:21 UTC 2019 /home/travis/build/icyphy/ptII/ptolemy/domains/sdf/test/auto/LMSAdaptive.xml
----------------- Instantiating /home/travis/build/icyphy/ptII/ptolemy/domains/sdf/test/auto/LMSAdaptive.xml
18 ms. Memory: 323584K Free: 257456K (80%)
----------------- Invoking toplevel() on ptolemy.moml.MoMLSimpleApplication@deb4788
----------------- Done invoking toplevel() on ptolemy.moml.MoMLSimpleApplication@deb4788
reloadAllAccessors: .LMSAdaptive

===========================================================================================
----------------- testing Sat Oct 05 06:10:21 UTC 2019 /home/travis/build/icyphy/ptII/ptolemy/domains/sdf/test/auto/LogisticMap.xml
----------------- Instantiating /home/travis/build/icyphy/ptII/ptolemy/domains/sdf/test/auto/LogisticMap.xml
436 ms. Memory: 323584K Free: 251826K (78%)
----------------- Invoking toplevel() on ptolemy.moml.MoMLSimpleApplication@5c20fc43
----------------- Done invoking toplevel() on ptolemy.moml.MoMLSimpleApplication@5c20fc43
reloadAllAccessors: .LogisticMap

===========================================================================================
----------------- testing Sat Oct 05 06:10:22 UTC 2019 /home/travis/build/icyphy/ptII/ptolemy/domains/sdf/test/auto/MaximumEntropySpectrum.xml
----------------- Instantiating /home/travis/build/icyphy/ptII/ptolemy/domains/sdf/test/auto/MaximumEntropySpectrum.xml
67 ms. Memory: 323584K Free: 190386K (59%)
----------------- Invoking toplevel() on ptolemy.moml.MoMLSimpleApplication@25626e23
----------------- Done invoking toplevel() on ptolemy.moml.MoMLSimpleApplication@25626e23
reloadAllAccessors: .MaximumEntropySpectrum

===========================================================================================
----------------- testing Sat Oct 05 06:10:22 UTC 2019 /home/travis/build/icyphy/ptII/ptolemy/domains/sdf/test/auto/MultirateSDF.xml
----------------- Instantiating /home/travis/build/icyphy/ptII/ptolemy/domains/sdf/test/auto/MultirateSDF.xml
15 ms. Memory: 323584K Free: 176050K (54%)
----------------- Invoking toplevel() on ptolemy.moml.MoMLSimpleApplication@43b9085
----------------- Done invoking toplevel() on ptolemy.moml.MoMLSimpleApplication@43b9085
reloadAllAccessors: .MultirateSDF

===========================================================================================
----------------- testing Sat Oct 05 06:10:22 UTC 2019 /home/travis/build/icyphy/ptII/ptolemy/domains/sdf/test/auto/MultirateSDFwithTransientStates.xml
----------------- Instantiating /home/travis/build/icyphy/ptII/ptolemy/domains/sdf/test/auto/MultirateSDFwithTransientStates.xml
27 ms. Memory: 323584K Free: 156594K (48%)
----------------- Invoking toplevel() on ptolemy.moml.MoMLSimpleApplication@77da11f0
----------------- Done invoking toplevel() on ptolemy.moml.MoMLSimpleApplication@77da11f0
reloadAllAccessors: .MultirateSDFwithTransientStates

===========================================================================================
----------------- testing Sat Oct 05 06:10:22 UTC 2019 /home/travis/build/icyphy/ptII/ptolemy/domains/sdf/test/auto/NoisySinewave.xml
----------------- Instantiating /home/travis/build/icyphy/ptII/ptolemy/domains/sdf/test/auto/NoisySinewave.xml
14 ms. Memory: 323584K Free: 140210K (43%)
----------------- Invoking toplevel() on ptolemy.moml.MoMLSimpleApplication@2beefc63
----------------- Done invoking toplevel() on ptolemy.moml.MoMLSimpleApplication@2beefc63
reloadAllAccessors: .NoisySinewave

===========================================================================================
----------------- testing Sat Oct 05 06:10:22 UTC 2019 /home/travis/build/icyphy/ptII/ptolemy/domains/sdf/test/auto/Objects.xml
----------------- Instantiating /home/travis/build/icyphy/ptII/ptolemy/domains/sdf/test/auto/Objects.xml
2 ms. Memory: 323584K Free: 131504K (41%)
----------------- Invoking toplevel() on ptolemy.moml.MoMLSimpleApplication@20525313
----------------- Done invoking toplevel() on ptolemy.moml.MoMLSimpleApplication@20525313
reloadAllAccessors: .Objects

===========================================================================================
----------------- testing Sat Oct 05 06:10:22 UTC 2019 /home/travis/build/icyphy/ptII/ptolemy/domains/sdf/test/auto/OrthogonalCom.xml
----------------- Instantiating /home/travis/build/icyphy/ptII/ptolemy/domains/sdf/test/auto/OrthogonalCom.xml
6 ms. Memory: 323584K Free: 123826K (38%)
----------------- Invoking toplevel() on ptolemy.moml.MoMLSimpleApplication@2d295126
----------------- Done invoking toplevel() on ptolemy.moml.MoMLSimpleApplication@2d295126
reloadAllAccessors: .OrthogonalCom

===========================================================================================
----------------- testing Sat Oct 05 06:10:22 UTC 2019 /home/travis/build/icyphy/ptII/ptolemy/domains/sdf/test/auto/RijndaelEncryption.xml
----------------- Instantiating /home/travis/build/icyphy/ptII/ptolemy/domains/sdf/test/auto/RijndaelEncryption.xml
260 ms. Memory: 323584K Free: 167976K (52%)
----------------- Invoking toplevel() on ptolemy.moml.MoMLSimpleApplication@34821950
----------------- Done invoking toplevel() on ptolemy.moml.MoMLSimpleApplication@34821950
reloadAllAccessors: .RijndaelEncryption

===========================================================================================
----------------- testing Sat Oct 05 06:10:23 UTC 2019 /home/travis/build/icyphy/ptII/ptolemy/domains/sdf/test/auto/SDFEmptyIterations.xml
----------------- Instantiating /home/travis/build/icyphy/ptII/ptolemy/domains/sdf/test/auto/SDFEmptyIterations.xml
4 ms. Memory: 323584K Free: 163352K (50%)
----------------- Invoking toplevel() on ptolemy.moml.MoMLSimpleApplication@3fbf63a6
----------------- Done invoking toplevel() on ptolemy.moml.MoMLSimpleApplication@3fbf63a6
reloadAllAccessors: .SDFEmptyIterations

===========================================================================================
----------------- testing Sat Oct 05 06:10:23 UTC 2019 /home/travis/build/icyphy/ptII/ptolemy/domains/sdf/test/auto/Spectrum.xml
----------------- Instantiating /home/travis/build/icyphy/ptII/ptolemy/domains/sdf/test/auto/Spectrum.xml
22 ms. Memory: 323584K Free: 138790K (43%)
----------------- Invoking toplevel() on ptolemy.moml.MoMLSimpleApplication@40773112
----------------- Done invoking toplevel() on ptolemy.moml.MoMLSimpleApplication@40773112
reloadAllAccessors: .Spectrum

===========================================================================================
----------------- testing Sat Oct 05 06:10:23 UTC 2019 /home/travis/build/icyphy/ptII/ptolemy/domains/sdf/test/auto/de_inside_sdf.xml
----------------- Instantiating /home/travis/build/icyphy/ptII/ptolemy/domains/sdf/test/auto/de_inside_sdf.xml
5 ms. Memory: 323584K Free: 133640K (41%)
----------------- Invoking toplevel() on ptolemy.moml.MoMLSimpleApplication@2c9a2a65
----------------- Done invoking toplevel() on ptolemy.moml.MoMLSimpleApplication@2c9a2a65
reloadAllAccessors: .de_inside_sdf

===========================================================================================
----------------- testing Sat Oct 05 06:10:23 UTC 2019 /home/travis/build/icyphy/ptII/ptolemy/domains/sdf/test/auto/disconnectedHierarchicalSDF.xml
----------------- Instantiating /home/travis/build/icyphy/ptII/ptolemy/domains/sdf/test/auto/disconnectedHierarchicalSDF.xml
4 ms. Memory: 323584K Free: 127512K (39%)
----------------- Invoking toplevel() on ptolemy.moml.MoMLSimpleApplication@2cb687c
----------------- Done invoking toplevel() on ptolemy.moml.MoMLSimpleApplication@2cb687c
reloadAllAccessors: .disconnectedHierarchicalSDF

===========================================================================================
----------------- testing Sat Oct 05 06:10:23 UTC 2019 /home/travis/build/icyphy/ptII/ptolemy/domains/sdf/test/auto/disconnectedSDF.xml
----------------- Instantiating /home/travis/build/icyphy/ptII/ptolemy/domains/sdf/test/auto/disconnectedSDF.xml
2 ms. Memory: 323584K Free: 123424K (38%)
----------------- Invoking toplevel() on ptolemy.moml.MoMLSimpleApplication@3572bb0a
----------------- Done invoking toplevel() on ptolemy.moml.MoMLSimpleApplication@3572bb0a
reloadAllAccessors: .disconnectedSDF

===========================================================================================
----------------- testing Sat Oct 05 06:10:23 UTC 2019 /home/travis/build/icyphy/ptII/ptolemy/domains/sdf/test/auto/emptyRefinement.xml
----------------- Instantiating /home/travis/build/icyphy/ptII/ptolemy/domains/sdf/test/auto/emptyRefinement.xml
8 ms. Memory: 323584K Free: 118824K (37%)
----------------- Invoking toplevel() on ptolemy.moml.MoMLSimpleApplication@15e5393e
----------------- Done invoking toplevel() on ptolemy.moml.MoMLSimpleApplication@15e5393e
reloadAllAccessors: .emptyRefinement

===========================================================================================
----------------- testing Sat Oct 05 06:10:23 UTC 2019 /home/travis/build/icyphy/ptII/ptolemy/domains/sdf/test/auto/filePortParameter.xml
----------------- Instantiating /home/travis/build/icyphy/ptII/ptolemy/domains/sdf/test/auto/filePortParameter.xml
20 ms. Memory: 389120K Free: 367740K (95%)
----------------- Invoking toplevel() on ptolemy.moml.MoMLSimpleApplication@62a899c5
----------------- Done invoking toplevel() on ptolemy.moml.MoMLSimpleApplication@62a899c5
reloadAllAccessors: .filePortParameter

===========================================================================================
----------------- testing Sat Oct 05 06:10:23 UTC 2019 /home/travis/build/icyphy/ptII/ptolemy/domains/sdf/test/auto/inferRelationWidth1.xml
----------------- Instantiating /home/travis/build/icyphy/ptII/ptolemy/domains/sdf/test/auto/inferRelationWidth1.xml
3 ms. Memory: 389120K Free: 364668K (94%)
----------------- Invoking toplevel() on ptolemy.moml.MoMLSimpleApplication@76f5b156
----------------- Done invoking toplevel() on ptolemy.moml.MoMLSimpleApplication@76f5b156
reloadAllAccessors: .inferRelationWidth1

===========================================================================================
----------------- testing Sat Oct 05 06:10:23 UTC 2019 /home/travis/build/icyphy/ptII/ptolemy/domains/sdf/test/auto/initProductionInference.xml
----------------- Instantiating /home/travis/build/icyphy/ptII/ptolemy/domains/sdf/test/auto/initProductionInference.xml
10 ms. Memory: 389120K Free: 360558K (93%)
----------------- Invoking toplevel() on ptolemy.moml.MoMLSimpleApplication@261eff4a
----------------- Done invoking toplevel() on ptolemy.moml.MoMLSimpleApplication@261eff4a
reloadAllAccessors: .initProductionInference

===========================================================================================
----------------- testing Sat Oct 05 06:10:23 UTC 2019 /home/travis/build/icyphy/ptII/ptolemy/domains/sdf/test/auto/relationGroup.xml
----------------- Instantiating /home/travis/build/icyphy/ptII/ptolemy/domains/sdf/test/auto/relationGroup.xml
3 ms. Memory: 389120K Free: 356990K (92%)
----------------- Invoking toplevel() on ptolemy.moml.MoMLSimpleApplication@23dc04b6
----------------- Done invoking toplevel() on ptolemy.moml.MoMLSimpleApplication@23dc04b6
reloadAllAccessors: .relationGroup

===========================================================================================
----------------- testing Sat Oct 05 06:10:23 UTC 2019 /home/travis/build/icyphy/ptII/ptolemy/domains/sdf/test/auto/relationGroup10.xml
----------------- Instantiating /home/travis/build/icyphy/ptII/ptolemy/domains/sdf/test/auto/relationGroup10.xml
3 ms. Memory: 389120K Free: 353404K (91%)
----------------- Invoking toplevel() on ptolemy.moml.MoMLSimpleApplication@32b6bdf7
----------------- Done invoking toplevel() on ptolemy.moml.MoMLSimpleApplication@32b6bdf7
reloadAllAccessors: .relationGroup10

===========================================================================================
----------------- testing Sat Oct 05 06:10:23 UTC 2019 /home/travis/build/icyphy/ptII/ptolemy/domains/sdf/test/auto/relationGroup11.xml
----------------- Instantiating /home/travis/build/icyphy/ptII/ptolemy/domains/sdf/test/auto/relationGroup11.xml
2 ms. Memory: 389120K Free: 349822K (90%)
----------------- Invoking toplevel() on ptolemy.moml.MoMLSimpleApplication@11e5bbb7
----------------- Done invoking toplevel() on ptolemy.moml.MoMLSimpleApplication@11e5bbb7
reloadAllAccessors: .relationGroup11

===========================================================================================
----------------- testing Sat Oct 05 06:10:23 UTC 2019 /home/travis/build/icyphy/ptII/ptolemy/domains/sdf/test/auto/relationGroup12.xml
----------------- Instantiating /home/travis/build/icyphy/ptII/ptolemy/domains/sdf/test/auto/relationGroup12.xml
3 ms. Memory: 389120K Free: 346236K (89%)
----------------- Invoking toplevel() on ptolemy.moml.MoMLSimpleApplication@2c1197ab
----------------- Done invoking toplevel() on ptolemy.moml.MoMLSimpleApplication@2c1197ab
reloadAllAccessors: .relationGroup12

===========================================================================================
----------------- testing Sat Oct 05 06:10:23 UTC 2019 /home/travis/build/icyphy/ptII/ptolemy/domains/sdf/test/auto/relationGroup13.xml
----------------- Instantiating /home/travis/build/icyphy/ptII/ptolemy/domains/sdf/test/auto/relationGroup13.xml
12 ms. Memory: 389120K Free: 341630K (88%)
----------------- Invoking toplevel() on ptolemy.moml.MoMLSimpleApplication@4e4af1d2
----------------- Done invoking toplevel() on ptolemy.moml.MoMLSimpleApplication@4e4af1d2
reloadAllAccessors: .relationGroup13

===========================================================================================
----------------- testing Sat Oct 05 06:10:23 UTC 2019 /home/travis/build/icyphy/ptII/ptolemy/domains/sdf/test/auto/relationGroup14.xml
----------------- Instantiating /home/travis/build/icyphy/ptII/ptolemy/domains/sdf/test/auto/relationGroup14.xml
4 ms. Memory: 389120K Free: 337020K (87%)
----------------- Invoking toplevel() on ptolemy.moml.MoMLSimpleApplication@58e1212d
----------------- Done invoking toplevel() on ptolemy.moml.MoMLSimpleApplication@58e1212d
reloadAllAccessors: .relationGroup14

===========================================================================================
----------------- testing Sat Oct 05 06:10:23 UTC 2019 /home/travis/build/icyphy/ptII/ptolemy/domains/sdf/test/auto/relationGroup15.xml
----------------- Instantiating /home/travis/build/icyphy/ptII/ptolemy/domains/sdf/test/auto/relationGroup15.xml
3 ms. Memory: 389120K Free: 333438K (86%)
----------------- Invoking toplevel() on ptolemy.moml.MoMLSimpleApplication@203da618
----------------- Done invoking toplevel() on ptolemy.moml.MoMLSimpleApplication@203da618
reloadAllAccessors: .relationGroup15

===========================================================================================
----------------- testing Sat Oct 05 06:10:23 UTC 2019 /home/travis/build/icyphy/ptII/ptolemy/domains/sdf/test/auto/relationGroup2.xml
----------------- Instantiating /home/travis/build/icyphy/ptII/ptolemy/domains/sdf/test/auto/relationGroup2.xml
2 ms. Memory: 389120K Free: 330366K (85%)
----------------- Invoking toplevel() on ptolemy.moml.MoMLSimpleApplication@120034bc
----------------- Done invoking toplevel() on ptolemy.moml.MoMLSimpleApplication@120034bc
reloadAllAccessors: .relationGroup2

===========================================================================================
----------------- testing Sat Oct 05 06:10:23 UTC 2019 /home/travis/build/icyphy/ptII/ptolemy/domains/sdf/test/auto/relationGroup3.xml
----------------- Instantiating /home/travis/build/icyphy/ptII/ptolemy/domains/sdf/test/auto/relationGroup3.xml
2 ms. Memory: 389120K Free: 327294K (84%)
----------------- Invoking toplevel() on ptolemy.moml.MoMLSimpleApplication@10e048e9
----------------- Done invoking toplevel() on ptolemy.moml.MoMLSimpleApplication@10e048e9
reloadAllAccessors: .relationGroup3

===========================================================================================
----------------- testing Sat Oct 05 06:10:23 UTC 2019 /home/travis/build/icyphy/ptII/ptolemy/domains/sdf/test/auto/relationGroup4.xml
----------------- Instantiating /home/travis/build/icyphy/ptII/ptolemy/domains/sdf/test/auto/relationGroup4.xml
9 ms. Memory: 389120K Free: 322684K (83%)
----------------- Invoking toplevel() on ptolemy.moml.MoMLSimpleApplication@257fe71e
----------------- Done invoking toplevel() on ptolemy.moml.MoMLSimpleApplication@257fe71e
reloadAllAccessors: .relationGroup4

===========================================================================================
----------------- testing Sat Oct 05 06:10:23 UTC 2019 /home/travis/build/icyphy/ptII/ptolemy/domains/sdf/test/auto/relationGroup5.xml
----------------- Instantiating /home/travis/build/icyphy/ptII/ptolemy/domains/sdf/test/auto/relationGroup5.xml
4 ms. Memory: 389120K Free: 318558K (82%)
----------------- Invoking toplevel() on ptolemy.moml.MoMLSimpleApplication@4875ad4e
----------------- Done invoking toplevel() on ptolemy.moml.MoMLSimpleApplication@4875ad4e
reloadAllAccessors: .relationGroup5

===========================================================================================
----------------- testing Sat Oct 05 06:10:23 UTC 2019 /home/travis/build/icyphy/ptII/ptolemy/domains/sdf/test/auto/relationGroup6.xml
----------------- Instantiating /home/travis/build/icyphy/ptII/ptolemy/domains/sdf/test/auto/relationGroup6.xml
3 ms. Memory: 389120K Free: 313982K (81%)
----------------- Invoking toplevel() on ptolemy.moml.MoMLSimpleApplication@cdc0761
----------------- Done invoking toplevel() on ptolemy.moml.MoMLSimpleApplication@cdc0761
reloadAllAccessors: .relationGroup6

===========================================================================================
----------------- testing Sat Oct 05 06:10:23 UTC 2019 /home/travis/build/icyphy/ptII/ptolemy/domains/sdf/test/auto/relationGroup7.xml
----------------- Instantiating /home/travis/build/icyphy/ptII/ptolemy/domains/sdf/test/auto/relationGroup7.xml
1 ms. Memory: 389120K Free: 310910K (80%)
----------------- Invoking toplevel() on ptolemy.moml.MoMLSimpleApplication@50f342da
----------------- Done invoking toplevel() on ptolemy.moml.MoMLSimpleApplication@50f342da
reloadAllAccessors: .relationGroup7

===========================================================================================
----------------- testing Sat Oct 05 06:10:23 UTC 2019 /home/travis/build/icyphy/ptII/ptolemy/domains/sdf/test/auto/relationGroup8.xml
----------------- Instantiating /home/travis/build/icyphy/ptII/ptolemy/domains/sdf/test/auto/relationGroup8.xml
2 ms. Memory: 389120K Free: 307838K (79%)
----------------- Invoking toplevel() on ptolemy.moml.MoMLSimpleApplication@fc26291
----------------- Done invoking toplevel() on ptolemy.moml.MoMLSimpleApplication@fc26291
reloadAllAccessors: .relationGroup8

===========================================================================================
----------------- testing Sat Oct 05 06:10:23 UTC 2019 /home/travis/build/icyphy/ptII/ptolemy/domains/sdf/test/auto/relationGroup9.xml
----------------- Instantiating /home/travis/build/icyphy/ptII/ptolemy/domains/sdf/test/auto/relationGroup9.xml
4 ms. Memory: 389120K Free: 303228K (78%)
----------------- Invoking toplevel() on ptolemy.moml.MoMLSimpleApplication@4921bd3f
----------------- Done invoking toplevel() on ptolemy.moml.MoMLSimpleApplication@4921bd3f
reloadAllAccessors: .relationGroup9

===========================================================================================
----------------- testing Sat Oct 05 06:10:23 UTC 2019 /home/travis/build/icyphy/ptII/ptolemy/domains/sdf/test/auto/sdf_inside_de.xml
----------------- Instantiating /home/travis/build/icyphy/ptII/ptolemy/domains/sdf/test/auto/sdf_inside_de.xml
20 ms. Memory: 389120K Free: 294526K (76%)
----------------- Invoking toplevel() on ptolemy.moml.MoMLSimpleApplication@5b7343c8
----------------- Done invoking toplevel() on ptolemy.moml.MoMLSimpleApplication@5b7343c8
reloadAllAccessors: .sdf_inside_de

===========================================================================================
----------------- testing Sat Oct 05 06:10:23 UTC 2019 /home/travis/build/icyphy/ptII/ptolemy/domains/sdf/test/auto/sdf_inside_pn.xml
----------------- Instantiating /home/travis/build/icyphy/ptII/ptolemy/domains/sdf/test/auto/sdf_inside_pn.xml
36 ms. Memory: 389120K Free: 285310K (73%)
----------------- Invoking toplevel() on ptolemy.moml.MoMLSimpleApplication@61678096
----------------- Done invoking toplevel() on ptolemy.moml.MoMLSimpleApplication@61678096
reloadAllAccessors: .sdf_inside_pn

===========================================================================================
----------------- testing Sat Oct 05 06:10:23 UTC 2019 /home/travis/build/icyphy/ptII/ptolemy/domains/sdf/test/auto/sdf_sdf1.xml
----------------- Instantiating /home/travis/build/icyphy/ptII/ptolemy/domains/sdf/test/auto/sdf_sdf1.xml
3 ms. Memory: 389120K Free: 279646K (72%)
----------------- Invoking toplevel() on ptolemy.moml.MoMLSimpleApplication@5712a8ea
----------------- Done invoking toplevel() on ptolemy.moml.MoMLSimpleApplication@5712a8ea
reloadAllAccessors: .sdf_sdf1

===========================================================================================
----------------- testing Sat Oct 05 06:10:23 UTC 2019 /home/travis/build/icyphy/ptII/ptolemy/domains/sdf/test/auto/test1.xml
----------------- Instantiating /home/travis/build/icyphy/ptII/ptolemy/domains/sdf/test/auto/test1.xml
3 ms. Memory: 389120K Free: 274556K (71%)
----------------- Invoking toplevel() on ptolemy.moml.MoMLSimpleApplication@70a0c7c5
----------------- Done invoking toplevel() on ptolemy.moml.MoMLSimpleApplication@70a0c7c5
reloadAllAccessors: .test1

===========================================================================================
----------------- testing Sat Oct 05 06:10:23 UTC 2019 /home/travis/build/icyphy/ptII/ptolemy/domains/sdf/test/auto/time1.xml
----------------- Instantiating /home/travis/build/icyphy/ptII/ptolemy/domains/sdf/test/auto/time1.xml
2 ms. Memory: 389120K Free: 270974K (70%)
----------------- Invoking toplevel() on ptolemy.moml.MoMLSimpleApplication@3a017e43
----------------- Done invoking toplevel() on ptolemy.moml.MoMLSimpleApplication@3a017e43
reloadAllAccessors: .time1

===========================================================================================
----------------- testing Sat Oct 05 06:10:23 UTC 2019 /home/travis/build/icyphy/ptII/ptolemy/domains/sdf/test/auto/time2.xml
----------------- Instantiating /home/travis/build/icyphy/ptII/ptolemy/domains/sdf/test/auto/time2.xml
2 ms. Memory: 389120K Free: 267388K (69%)
----------------- Invoking toplevel() on ptolemy.moml.MoMLSimpleApplication@3a855aba
----------------- Done invoking toplevel() on ptolemy.moml.MoMLSimpleApplication@3a855aba
reloadAllAccessors: .time2

===========================================================================================
----------------- testing Sat Oct 05 06:10:23 UTC 2019 /home/travis/build/icyphy/ptII/ptolemy/domains/sdf/test/auto/time3.xml
----------------- Instantiating /home/travis/build/icyphy/ptII/ptolemy/domains/sdf/test/auto/time3.xml
6 ms. Memory: 389120K Free: 262268K (67%)
----------------- Invoking toplevel() on ptolemy.moml.MoMLSimpleApplication@6a172999
----------------- Done invoking toplevel() on ptolemy.moml.MoMLSimpleApplication@6a172999
reloadAllAccessors: .time3

===========================================================================================
----------------- testing Sat Oct 05 06:10:23 UTC 2019 /home/travis/build/icyphy/ptII/ptolemy/domains/sdf/test/auto/time4.xml
----------------- Instantiating /home/travis/build/icyphy/ptII/ptolemy/domains/sdf/test/auto/time4.xml
6 ms. Memory: 389120K Free: 256638K (66%)
----------------- Invoking toplevel() on ptolemy.moml.MoMLSimpleApplication@a8edf38
----------------- Done invoking toplevel() on ptolemy.moml.MoMLSimpleApplication@a8edf38
reloadAllAccessors: .time4

===========================================================================================
----------------- testing Sat Oct 05 06:10:23 UTC 2019 /home/travis/build/icyphy/ptII/ptolemy/domains/sdf/test/auto/time5.xml
----------------- Instantiating /home/travis/build/icyphy/ptII/ptolemy/domains/sdf/test/auto/time5.xml
4001 ms. Memory: 389120K Free: 253052K (65%)
----------------- Invoking toplevel() on ptolemy.moml.MoMLSimpleApplication@27948ab3
----------------- Done invoking toplevel() on ptolemy.moml.MoMLSimpleApplication@27948ab3
reloadAllAccessors: .time5

===========================================================================================
----------------- testing Sat Oct 05 06:10:27 UTC 2019 /home/travis/build/icyphy/ptII/ptolemy/domains/sdf/test/auto/typeSystem_Const_Integer_smallest_Type.xml
----------------- Instantiating /home/travis/build/icyphy/ptII/ptolemy/domains/sdf/test/auto/typeSystem_Const_Integer_smallest_Type.xml
8 ms. Memory: 389120K Free: 248446K (64%)
----------------- Invoking toplevel() on ptolemy.moml.MoMLSimpleApplication@6b73624e
----------------- Done invoking toplevel() on ptolemy.moml.MoMLSimpleApplication@6b73624e
reloadAllAccessors: .typeSystem_Const_Integer_smallest_Type

===========================================================================================
----------------- testing Sat Oct 05 06:10:28 UTC 2019 /home/travis/build/icyphy/ptII/ptolemy/domains/sdf/test/auto/typeSystem_declared_Inports_OutportTypeException.xml
----------------- Instantiating /home/travis/build/icyphy/ptII/ptolemy/domains/sdf/test/auto/typeSystem_declared_Inports_OutportTypeException.xml
.typeSystem_declared_Inports_OutportTypeException.TestExceptionAttribute: initialize() was not invoked, but wrapup() was.  This is unusual, but not always a problem.  For example, exporting JNLP will do this.
6 ms. Memory: 389120K Free: 244350K (63%)
----------------- Invoking toplevel() on ptolemy.moml.MoMLSimpleApplication@4f53c5d7
----------------- Done invoking toplevel() on ptolemy.moml.MoMLSimpleApplication@4f53c5d7
reloadAllAccessors: .typeSystem_declared_Inports_OutportTypeException

===========================================================================================
----------------- testing Sat Oct 05 06:10:28 UTC 2019 /home/travis/build/icyphy/ptII/ptolemy/domains/sdf/test/auto/typeSystem_oneDeclaredInportType_wrongTypeOutport.xml
----------------- Instantiating /home/travis/build/icyphy/ptII/ptolemy/domains/sdf/test/auto/typeSystem_oneDeclaredInportType_wrongTypeOutport.xml
2 ms. Memory: 389120K Free: 240254K (62%)
----------------- Invoking toplevel() on ptolemy.moml.MoMLSimpleApplication@4c0a196c
----------------- Done invoking toplevel() on ptolemy.moml.MoMLSimpleApplication@4c0a196c
reloadAllAccessors: .typeSystem_oneDeclaredInportType_wrongTypeOutport

===========================================================================================
----------------- testing Sat Oct 05 06:10:28 UTC 2019 /home/travis/build/icyphy/ptII/ptolemy/domains/sdf/test/auto/width.xml
----------------- Instantiating /home/travis/build/icyphy/ptII/ptolemy/domains/sdf/test/auto/width.xml
2 ms. Memory: 389120K Free: 236668K (61%)
----------------- Invoking toplevel() on ptolemy.moml.MoMLSimpleApplication@518dc105
----------------- Done invoking toplevel() on ptolemy.moml.MoMLSimpleApplication@518dc105
reloadAllAccessors: .width

===========================================================================================
----------------- testing Sat Oct 05 06:10:28 UTC 2019 /home/travis/build/icyphy/ptII/ptolemy/domains/sdf/test/auto/width2.xml
----------------- Instantiating /home/travis/build/icyphy/ptII/ptolemy/domains/sdf/test/auto/width2.xml
29 ms. Memory: 389120K Free: 231548K (60%)
----------------- Invoking toplevel() on ptolemy.moml.MoMLSimpleApplication@3456f248
----------------- Done invoking toplevel() on ptolemy.moml.MoMLSimpleApplication@3456f248
reloadAllAccessors: .width2

===========================================================================================
----------------- testing Sat Oct 05 06:10:28 UTC 2019 /home/travis/build/icyphy/ptII/ptolemy/domains/sdf/test/auto/width3.xml
----------------- Instantiating /home/travis/build/icyphy/ptII/ptolemy/domains/sdf/test/auto/width3.xml
27 ms. Memory: 389120K Free: 226428K (58%)
----------------- Invoking toplevel() on ptolemy.moml.MoMLSimpleApplication@d13b9a0
----------------- Done invoking toplevel() on ptolemy.moml.MoMLSimpleApplication@d13b9a0
reloadAllAccessors: .width3
AutoTests.java: About to close Vertx.
AutoTests.java: Vertx closed.
]]></system-out>
  <system-err><![CDATA[java.lang.RuntimeException: Execution failed
	at ptolemy.moml.MoMLSimpleApplication$UnloadThread.run(MoMLSimpleApplication.java:402)
Caused by: ptolemy.actor.sched.NotSchedulableException: No solution exists for the balance equations.
Graph is not consistent under the SDF domain detected on external port .rateConsistency.actor.port2
  in .rateConsistency.SDF Director.Scheduler
	at ptolemy.domains.sdf.kernel.SDFScheduler._propagatePort(SDFScheduler.java:1425)
	at ptolemy.domains.sdf.kernel.SDFScheduler._solveBalanceEquations(SDFScheduler.java:710)
	at ptolemy.domains.sdf.kernel.SDFScheduler._getSchedule(SDFScheduler.java:566)
	at ptolemy.actor.sched.Scheduler.getSchedule(Scheduler.java:189)
	at ptolemy.domains.sdf.kernel.SDFDirector.createSchedule(SDFDirector.java:408)
	at ptolemy.domains.sdf.kernel.SDFDirector.preinitialize(SDFDirector.java:764)
	at ptolemy.actor.CompositeActor.preinitialize(CompositeActor.java:1828)
	at ptolemy.actor.Manager.preinitializeAndResolveTypes(Manager.java:1040)
	at ptolemy.actor.Manager.initialize(Manager.java:710)
	at ptolemy.actor.Manager.execute(Manager.java:356)
	at ptolemy.actor.Manager.run(Manager.java:1263)
	at ptolemy.actor.Manager$PtolemyRunThread.run(Manager.java:1933)
java.lang.RuntimeException: Execution failed
	at ptolemy.moml.MoMLSimpleApplication$UnloadThread.run(MoMLSimpleApplication.java:402)
Caused by: ptolemy.kernel.util.IllegalActionException: Failed to compute schedule:
  in .badRateChanges.typed composite actor.SDF Director
Because:
The SDF rate parameter may change. This is not allowed in SDF models that will be run through the code generator.  If you don't care about code generation, then you might consider setting the allowRateChanges parameter of the SDF director to false.
  in .badRateChanges.typed composite actor.Repeat.output.tokenProductionRate
	at ptolemy.domains.sdf.kernel.SDFDirector.createSchedule(SDFDirector.java:418)
	at ptolemy.domains.sdf.kernel.SDFDirector.preinitialize(SDFDirector.java:764)
	at ptolemy.actor.CompositeActor.preinitialize(CompositeActor.java:1828)
	at ptolemy.actor.Director.preinitialize(Director.java:1302)
	at ptolemy.actor.Director.preinitialize(Director.java:1257)
	at ptolemy.domains.sdf.kernel.SDFDirector.preinitialize(SDFDirector.java:763)
	at ptolemy.actor.CompositeActor.preinitialize(CompositeActor.java:1828)
	at ptolemy.actor.Manager.preinitializeAndResolveTypes(Manager.java:1040)
	at ptolemy.actor.Manager.initialize(Manager.java:710)
	at ptolemy.actor.Manager.execute(Manager.java:356)
	at ptolemy.actor.Manager.run(Manager.java:1263)
	at ptolemy.actor.Manager$PtolemyRunThread.run(Manager.java:1933)
Caused by: ptolemy.kernel.util.IllegalActionException: The SDF rate parameter may change. This is not allowed in SDF models that will be run through the code generator.  If you don't care about code generation, then you might consider setting the allowRateChanges parameter of the SDF director to false.
  in .badRateChanges.typed composite actor.Repeat.output.tokenProductionRate
	at ptolemy.domains.sdf.kernel.SDFScheduler._assertDynamicRateVariable(SDFScheduler.java:931)
	at ptolemy.domains.sdf.kernel.SDFScheduler._checkDynamicRateVariables(SDFScheduler.java:339)
	at ptolemy.domains.sdf.kernel.SDFScheduler._getSchedule(SDFScheduler.java:527)
	at ptolemy.actor.sched.Scheduler.getSchedule(Scheduler.java:189)
	at ptolemy.domains.sdf.kernel.SDFDirector.createSchedule(SDFDirector.java:408)
	... 11 more
java.lang.RuntimeException: Execution failed
	at ptolemy.moml.MoMLSimpleApplication$UnloadThread.run(MoMLSimpleApplication.java:402)
Caused by: ptolemy.kernel.util.IllegalActionException: Failed to compute schedule:
  in .badRateChanges2.typed composite actor.SDF Director
Because:
The SDF rate parameter may change. This is not allowed in SDF models that will be run through the code generator.  If you don't care about code generation, then you might consider setting the allowRateChanges parameter of the SDF director to false.
  in .badRateChanges2.typed composite actor.Repeat.output.tokenProductionRate
	at ptolemy.domains.sdf.kernel.SDFDirector.createSchedule(SDFDirector.java:418)
	at ptolemy.domains.sdf.kernel.SDFDirector.preinitialize(SDFDirector.java:764)
	at ptolemy.actor.CompositeActor.preinitialize(CompositeActor.java:1828)
	at ptolemy.actor.Director.preinitialize(Director.java:1302)
	at ptolemy.actor.Director.preinitialize(Director.java:1257)
	at ptolemy.domains.sdf.kernel.SDFDirector.preinitialize(SDFDirector.java:763)
	at ptolemy.actor.CompositeActor.preinitialize(CompositeActor.java:1828)
	at ptolemy.actor.Manager.preinitializeAndResolveTypes(Manager.java:1040)
	at ptolemy.actor.Manager.initialize(Manager.java:710)
	at ptolemy.actor.Manager.execute(Manager.java:356)
	at ptolemy.actor.Manager.run(Manager.java:1263)
	at ptolemy.actor.Manager$PtolemyRunThread.run(Manager.java:1933)
Caused by: ptolemy.kernel.util.IllegalActionException: The SDF rate parameter may change. This is not allowed in SDF models that will be run through the code generator.  If you don't care about code generation, then you might consider setting the allowRateChanges parameter of the SDF director to false.
  in .badRateChanges2.typed composite actor.Repeat.output.tokenProductionRate
	at ptolemy.domains.sdf.kernel.SDFScheduler._assertDynamicRateVariable(SDFScheduler.java:931)
	at ptolemy.domains.sdf.kernel.SDFScheduler._checkDynamicRateVariables(SDFScheduler.java:339)
	at ptolemy.domains.sdf.kernel.SDFScheduler._getSchedule(SDFScheduler.java:527)
	at ptolemy.actor.sched.Scheduler.getSchedule(Scheduler.java:189)
	at ptolemy.domains.sdf.kernel.SDFDirector.createSchedule(SDFDirector.java:408)
	... 11 more
java.lang.RuntimeException: Execution failed
	at ptolemy.moml.MoMLSimpleApplication$UnloadThread.run(MoMLSimpleApplication.java:402)
Caused by: ptolemy.actor.sched.NotSchedulableException: Actors remain that cannot be scheduled!

There are several possible reasons:
* SDF Graphs with feedback loops should have an actor with a delay in the loop, such as a SampleDelay.
* The SDF director has an "allowDisconnectedGraphs"parameter, which, when true, permits disconnected SDF graphs.
* The token consumption rate and production rates might be mismatched.
Usually, actors produce one token or consume one token on a port.  To produce or consume multiple tokens per firing, add a "tokenConsumptionRate" or "tokenProductionRate" parameter to the appropriate port.
Unscheduled actors:
.partiallyConnected.Const2 
Scheduled actors:
.partiallyConnected.Const 
  in .partiallyConnected.SDF Director.Scheduler
	at ptolemy.domains.sdf.kernel.SDFScheduler._scheduleConnectedActors(SDFScheduler.java:1828)
	at ptolemy.domains.sdf.kernel.SDFScheduler._getSchedule(SDFScheduler.java:587)
	at ptolemy.actor.sched.Scheduler.getSchedule(Scheduler.java:189)
	at ptolemy.domains.sdf.kernel.SDFDirector.createSchedule(SDFDirector.java:408)
	at ptolemy.domains.sdf.kernel.SDFDirector.preinitialize(SDFDirector.java:764)
	at ptolemy.actor.CompositeActor.preinitialize(CompositeActor.java:1828)
	at ptolemy.actor.Manager.preinitializeAndResolveTypes(Manager.java:1040)
	at ptolemy.actor.Manager.initialize(Manager.java:710)
	at ptolemy.actor.Manager.execute(Manager.java:356)
	at ptolemy.actor.Manager.run(Manager.java:1263)
	at ptolemy.actor.Manager$PtolemyRunThread.run(Manager.java:1933)
]]></system-err>
</testsuite>
