<?xml version="1.0" encoding="UTF-8" ?>
<testsuite errors="0" failures="0" hostname="travis-job-d018913a-fa5c-4dd0-a147-ad8280e4328e" name="ptolemy.domains.sdf.test.junit.JUnitTclTest" skipped="0" tests="66" time="21.781" timestamp="2019-10-13T06:38:44">
  <properties>
[...]
</properties>
  <testcase classname="ptolemy.util.test.junit.TclTests" name="[0] /home/travis/build/icyphy/ptII/ptolemy/domains/sdf/test/SDFSchedulerErrors.tcl (RunTclFile)" time="0.999" />
  <testcase classname="ptolemy.util.test.junit.TclTests" name="[1] /home/travis/build/icyphy/ptII/ptolemy/domains/sdf/test/composition.tcl (RunTclFile)" time="0.18" />
  <testcase classname="ptolemy.util.test.junit.TclTests" name="[2] /home/travis/build/icyphy/ptII/ptolemy/domains/sdf/test/cycle.tcl (RunTclFile)" time="0.073" />
  <testcase classname="ptolemy.util.test.junit.AutoKnownFailedTests" name="[0] ThereAreNoKnowFailedTests (RunModel)" time="0.007" />
  <testcase classname="ptolemy.util.test.junit.AutoNameArchTests" name="[0] ThereAreNoAutoArchTests (RunModel)" time="0.007" />
  <testcase classname="ptolemy.util.test.junit.AutoTests" name="[0] /home/travis/build/icyphy/ptII/ptolemy/domains/sdf/test/auto/Array.xml (RunModel)" time="0.315" />
  <testcase classname="ptolemy.util.test.junit.AutoTests" name="[1] /home/travis/build/icyphy/ptII/ptolemy/domains/sdf/test/auto/Butterfly.xml (RunModel)" time="0.197" />
  <testcase classname="ptolemy.util.test.junit.AutoTests" name="[2] /home/travis/build/icyphy/ptII/ptolemy/domains/sdf/test/auto/Expression.xml (RunModel)" time="0.156" />
  <testcase classname="ptolemy.util.test.junit.AutoTests" name="[3] /home/travis/build/icyphy/ptII/ptolemy/domains/sdf/test/auto/Eye.xml (RunModel)" time="0.343" />
  <testcase classname="ptolemy.util.test.junit.AutoTests" name="[4] /home/travis/build/icyphy/ptII/ptolemy/domains/sdf/test/auto/FixFIR.xml (RunModel)" time="0.397" />
  <testcase classname="ptolemy.util.test.junit.AutoTests" name="[5] /home/travis/build/icyphy/ptII/ptolemy/domains/sdf/test/auto/FixPoint.xml (RunModel)" time="0.049" />
  <testcase classname="ptolemy.util.test.junit.AutoTests" name="[6] /home/travis/build/icyphy/ptII/ptolemy/domains/sdf/test/auto/Gravitation.xml (RunModel)" time="3.38" />
  <testcase classname="ptolemy.util.test.junit.AutoTests" name="[7] /home/travis/build/icyphy/ptII/ptolemy/domains/sdf/test/auto/GravitationWithCollisionDetection.xml (RunModel)" time="6.96" />
  <testcase classname="ptolemy.util.test.junit.AutoTests" name="[8] /home/travis/build/icyphy/ptII/ptolemy/domains/sdf/test/auto/HDF.xml (RunModel)" time="0.123" />
  <testcase classname="ptolemy.util.test.junit.AutoTests" name="[9] /home/travis/build/icyphy/ptII/ptolemy/domains/sdf/test/auto/HDFwithTransientStates.xml (RunModel)" time="0.102" />
  <testcase classname="ptolemy.util.test.junit.AutoTests" name="[10] /home/travis/build/icyphy/ptII/ptolemy/domains/sdf/test/auto/HTVQ.xml (RunModel)" time="0.955" />
  <testcase classname="ptolemy.util.test.junit.AutoTests" name="[11] /home/travis/build/icyphy/ptII/ptolemy/domains/sdf/test/auto/InferInitProduction.xml (RunModel)" time="0.041" />
  <testcase classname="ptolemy.util.test.junit.AutoTests" name="[12] /home/travis/build/icyphy/ptII/ptolemy/domains/sdf/test/auto/InferInitProductionDeeper.xml (RunModel)" time="0.024" />
  <testcase classname="ptolemy.util.test.junit.AutoTests" name="[13] /home/travis/build/icyphy/ptII/ptolemy/domains/sdf/test/auto/LMSAdaptive.xml (RunModel)" time="0.113" />
  <testcase classname="ptolemy.util.test.junit.AutoTests" name="[14] /home/travis/build/icyphy/ptII/ptolemy/domains/sdf/test/auto/LogisticMap.xml (RunModel)" time="0.479" />
  <testcase classname="ptolemy.util.test.junit.AutoTests" name="[15] /home/travis/build/icyphy/ptII/ptolemy/domains/sdf/test/auto/MaximumEntropySpectrum.xml (RunModel)" time="0.336" />
  <testcase classname="ptolemy.util.test.junit.AutoTests" name="[16] /home/travis/build/icyphy/ptII/ptolemy/domains/sdf/test/auto/MultirateSDF.xml (RunModel)" time="0.068" />
  <testcase classname="ptolemy.util.test.junit.AutoTests" name="[17] /home/travis/build/icyphy/ptII/ptolemy/domains/sdf/test/auto/MultirateSDFwithTransientStates.xml (RunModel)" time="0.092" />
  <testcase classname="ptolemy.util.test.junit.AutoTests" name="[18] /home/travis/build/icyphy/ptII/ptolemy/domains/sdf/test/auto/NoisySinewave.xml (RunModel)" time="0.068" />
  <testcase classname="ptolemy.util.test.junit.AutoTests" name="[19] /home/travis/build/icyphy/ptII/ptolemy/domains/sdf/test/auto/Objects.xml (RunModel)" time="0.047" />
  <testcase classname="ptolemy.util.test.junit.AutoTests" name="[20] /home/travis/build/icyphy/ptII/ptolemy/domains/sdf/test/auto/OrthogonalCom.xml (RunModel)" time="0.042" />
  <testcase classname="ptolemy.util.test.junit.AutoTests" name="[21] /home/travis/build/icyphy/ptII/ptolemy/domains/sdf/test/auto/RijndaelEncryption.xml (RunModel)" time="0.597" />
  <testcase classname="ptolemy.util.test.junit.AutoTests" name="[22] /home/travis/build/icyphy/ptII/ptolemy/domains/sdf/test/auto/SDFEmptyIterations.xml (RunModel)" time="0.02" />
  <testcase classname="ptolemy.util.test.junit.AutoTests" name="[23] /home/travis/build/icyphy/ptII/ptolemy/domains/sdf/test/auto/Spectrum.xml (RunModel)" time="0.085" />
  <testcase classname="ptolemy.util.test.junit.AutoTests" name="[24] /home/travis/build/icyphy/ptII/ptolemy/domains/sdf/test/auto/de_inside_sdf.xml (RunModel)" time="0.024" />
  <testcase classname="ptolemy.util.test.junit.AutoTests" name="[25] /home/travis/build/icyphy/ptII/ptolemy/domains/sdf/test/auto/disconnectedHierarchicalSDF.xml (RunModel)" time="0.023" />
  <testcase classname="ptolemy.util.test.junit.AutoTests" name="[26] /home/travis/build/icyphy/ptII/ptolemy/domains/sdf/test/auto/disconnectedSDF.xml (RunModel)" time="0.018" />
  <testcase classname="ptolemy.util.test.junit.AutoTests" name="[27] /home/travis/build/icyphy/ptII/ptolemy/domains/sdf/test/auto/emptyRefinement.xml (RunModel)" time="0.02" />
  <testcase classname="ptolemy.util.test.junit.AutoTests" name="[28] /home/travis/build/icyphy/ptII/ptolemy/domains/sdf/test/auto/filePortParameter.xml (RunModel)" time="0.068" />
  <testcase classname="ptolemy.util.test.junit.AutoTests" name="[29] /home/travis/build/icyphy/ptII/ptolemy/domains/sdf/test/auto/inferRelationWidth1.xml (RunModel)" time="0.015" />
  <testcase classname="ptolemy.util.test.junit.AutoTests" name="[30] /home/travis/build/icyphy/ptII/ptolemy/domains/sdf/test/auto/initProductionInference.xml (RunModel)" time="0.017" />
  <testcase classname="ptolemy.util.test.junit.AutoTests" name="[31] /home/travis/build/icyphy/ptII/ptolemy/domains/sdf/test/auto/relationGroup.xml (RunModel)" time="0.019" />
  <testcase classname="ptolemy.util.test.junit.AutoTests" name="[32] /home/travis/build/icyphy/ptII/ptolemy/domains/sdf/test/auto/relationGroup10.xml (RunModel)" time="0.018" />
  <testcase classname="ptolemy.util.test.junit.AutoTests" name="[33] /home/travis/build/icyphy/ptII/ptolemy/domains/sdf/test/auto/relationGroup11.xml (RunModel)" time="0.017" />
  <testcase classname="ptolemy.util.test.junit.AutoTests" name="[34] /home/travis/build/icyphy/ptII/ptolemy/domains/sdf/test/auto/relationGroup12.xml (RunModel)" time="0.015" />
  <testcase classname="ptolemy.util.test.junit.AutoTests" name="[35] /home/travis/build/icyphy/ptII/ptolemy/domains/sdf/test/auto/relationGroup13.xml (RunModel)" time="0.017" />
  <testcase classname="ptolemy.util.test.junit.AutoTests" name="[36] /home/travis/build/icyphy/ptII/ptolemy/domains/sdf/test/auto/relationGroup14.xml (RunModel)" time="0.016" />
  <testcase classname="ptolemy.util.test.junit.AutoTests" name="[37] /home/travis/build/icyphy/ptII/ptolemy/domains/sdf/test/auto/relationGroup15.xml (RunModel)" time="0.01" />
  <testcase classname="ptolemy.util.test.junit.AutoTests" name="[38] /home/travis/build/icyphy/ptII/ptolemy/domains/sdf/test/auto/relationGroup2.xml (RunModel)" time="0.011" />
  <testcase classname="ptolemy.util.test.junit.AutoTests" name="[39] /home/travis/build/icyphy/ptII/ptolemy/domains/sdf/test/auto/relationGroup3.xml (RunModel)" time="0.016" />
  <testcase classname="ptolemy.util.test.junit.AutoTests" name="[40] /home/travis/build/icyphy/ptII/ptolemy/domains/sdf/test/auto/relationGroup4.xml (RunModel)" time="0.014" />
  <testcase classname="ptolemy.util.test.junit.AutoTests" name="[41] /home/travis/build/icyphy/ptII/ptolemy/domains/sdf/test/auto/relationGroup5.xml (RunModel)" time="0.013" />
  <testcase classname="ptolemy.util.test.junit.AutoTests" name="[42] /home/travis/build/icyphy/ptII/ptolemy/domains/sdf/test/auto/relationGroup6.xml (RunModel)" time="0.011" />
  <testcase classname="ptolemy.util.test.junit.AutoTests" name="[43] /home/travis/build/icyphy/ptII/ptolemy/domains/sdf/test/auto/relationGroup7.xml (RunModel)" time="0.03" />
  <testcase classname="ptolemy.util.test.junit.AutoTests" name="[44] /home/travis/build/icyphy/ptII/ptolemy/domains/sdf/test/auto/relationGroup8.xml (RunModel)" time="0.016" />
  <testcase classname="ptolemy.util.test.junit.AutoTests" name="[45] /home/travis/build/icyphy/ptII/ptolemy/domains/sdf/test/auto/relationGroup9.xml (RunModel)" time="0.013" />
  <testcase classname="ptolemy.util.test.junit.AutoTests" name="[46] /home/travis/build/icyphy/ptII/ptolemy/domains/sdf/test/auto/sdf_inside_de.xml (RunModel)" time="0.033" />
  <testcase classname="ptolemy.util.test.junit.AutoTests" name="[47] /home/travis/build/icyphy/ptII/ptolemy/domains/sdf/test/auto/sdf_inside_pn.xml (RunModel)" time="0.057" />
  <testcase classname="ptolemy.util.test.junit.AutoTests" name="[48] /home/travis/build/icyphy/ptII/ptolemy/domains/sdf/test/auto/sdf_sdf1.xml (RunModel)" time="0.022" />
  <testcase classname="ptolemy.util.test.junit.AutoTests" name="[49] /home/travis/build/icyphy/ptII/ptolemy/domains/sdf/test/auto/test1.xml (RunModel)" time="0.014" />
  <testcase classname="ptolemy.util.test.junit.AutoTests" name="[50] /home/travis/build/icyphy/ptII/ptolemy/domains/sdf/test/auto/time1.xml (RunModel)" time="0.011" />
  <testcase classname="ptolemy.util.test.junit.AutoTests" name="[51] /home/travis/build/icyphy/ptII/ptolemy/domains/sdf/test/auto/time2.xml (RunModel)" time="0.011" />
  <testcase classname="ptolemy.util.test.junit.AutoTests" name="[52] /home/travis/build/icyphy/ptII/ptolemy/domains/sdf/test/auto/time3.xml (RunModel)" time="0.021" />
  <testcase classname="ptolemy.util.test.junit.AutoTests" name="[53] /home/travis/build/icyphy/ptII/ptolemy/domains/sdf/test/auto/time4.xml (RunModel)" time="0.017" />
  <testcase classname="ptolemy.util.test.junit.AutoTests" name="[54] /home/travis/build/icyphy/ptII/ptolemy/domains/sdf/test/auto/time5.xml (RunModel)" time="4.009" />
  <testcase classname="ptolemy.util.test.junit.AutoTests" name="[55] /home/travis/build/icyphy/ptII/ptolemy/domains/sdf/test/auto/typeSystem_Const_Integer_smallest_Type.xml (RunModel)" time="0.03" />
  <testcase classname="ptolemy.util.test.junit.AutoTests" name="[56] /home/travis/build/icyphy/ptII/ptolemy/domains/sdf/test/auto/typeSystem_declared_Inports_OutportTypeException.xml (RunModel)" time="0.02" />
  <testcase classname="ptolemy.util.test.junit.AutoTests" name="[57] /home/travis/build/icyphy/ptII/ptolemy/domains/sdf/test/auto/typeSystem_oneDeclaredInportType_wrongTypeOutport.xml (RunModel)" time="0.015" />
  <testcase classname="ptolemy.util.test.junit.AutoTests" name="[58] /home/travis/build/icyphy/ptII/ptolemy/domains/sdf/test/auto/width.xml (RunModel)" time="0.012" />
  <testcase classname="ptolemy.util.test.junit.AutoTests" name="[59] /home/travis/build/icyphy/ptII/ptolemy/domains/sdf/test/auto/width2.xml (RunModel)" time="0.036" />
  <testcase classname="ptolemy.util.test.junit.AutoTests" name="[60] /home/travis/build/icyphy/ptII/ptolemy/domains/sdf/test/auto/width3.xml (RunModel)" time="0.045" />
  <system-out><![CDATA[/home/travis/build/icyphy/ptII/ptolemy/domains/sdf/test/SDFSchedulerErrors.tcl
testDefs.tcl: setting time out to 9000 seconds at Sun Oct 13 06:38:44 UTC 2019
90 ms. Memory: 120832K Free: 82370K (68%)
21 ms. Memory: 120832K Free: 74692K (62%)
11 ms. Memory: 120832K Free: 68548K (57%)
6 ms. Memory: 120832K Free: 65476K (54%)
/home/travis/build/icyphy/ptII/ptolemy/domains/sdf/test/composition.tcl
46 ms. Memory: 120832K Free: 61380K (51%)
8 ms. Memory: 120832K Free: 59332K (49%)
/home/travis/build/icyphy/ptII/ptolemy/domains/sdf/test/cycle.tcl
.Toplevel.Director Preinitializing ...
Invoking preinitialize():  .Toplevel.Actor1
Invoking preinitialize():  .Toplevel.Actor2
Invoking preinitialize():  .Toplevel.Delay
.Toplevel.Director Finished preinitialize().
### Schedule:
Execute Schedule{
Fire Actor ptolemy.domains.sdf.kernel.test.SDFTestDelay {.Toplevel.Actor1}
Fire Actor ptolemy.domains.sdf.kernel.test.SDFTestDelay {.Toplevel.Actor2}
Fire Actor ptolemy.domains.sdf.lib.SampleDelay {.Toplevel.Delay}
}
### End schedule
Called initialize().
Invoking initialize():  .Toplevel.Actor1
Initializing actor: .Toplevel.Actor1.
Invoking initialize():  .Toplevel.Actor2
Initializing actor: .Toplevel.Actor2.
Invoking initialize():  .Toplevel.Delay
Initializing actor: .Toplevel.Delay.
Director: Called prefire().
-- Setting current time to 0.0
Director prefire returns true.
The actor .Toplevel.Actor1 will be iterated.
The actor .Toplevel.Actor1 was iterated.
The actor .Toplevel.Actor2 will be iterated.
The actor .Toplevel.Actor2 was iterated.
The actor .Toplevel.Delay will be iterated.
The actor .Toplevel.Delay was iterated.
Director: Called postfire().
Postfire returns: true
Director: Called prefire().
-- Setting current time to 0.0
Director prefire returns true.
The actor .Toplevel.Actor1 will be iterated.
The actor .Toplevel.Actor1 was iterated.
The actor .Toplevel.Actor2 will be iterated.
The actor .Toplevel.Actor2 was iterated.
The actor .Toplevel.Delay will be iterated.
The actor .Toplevel.Delay was iterated.
Director: Called postfire().
Postfire returns: true
Director: Called prefire().
-- Setting current time to 0.0
Director prefire returns true.
The actor .Toplevel.Actor1 will be iterated.
The actor .Toplevel.Actor1 was iterated.
The actor .Toplevel.Actor2 will be iterated.
The actor .Toplevel.Actor2 was iterated.
The actor .Toplevel.Delay will be iterated.
The actor .Toplevel.Delay was iterated.
Director: Called postfire().
Postfire returns: true
Director: Called prefire().
-- Setting current time to 0.0
Director prefire returns true.
The actor .Toplevel.Actor1 will be iterated.
The actor .Toplevel.Actor1 was iterated.
The actor .Toplevel.Actor2 will be iterated.
The actor .Toplevel.Actor2 was iterated.
The actor .Toplevel.Delay will be iterated.
The actor .Toplevel.Delay was iterated.
Director: Called postfire().
Postfire returns: true
Director: Called prefire().
-- Setting current time to 0.0
Director prefire returns true.
The actor .Toplevel.Actor1 will be iterated.
The actor .Toplevel.Actor1 was iterated.
The actor .Toplevel.Actor2 will be iterated.
The actor .Toplevel.Actor2 was iterated.
The actor .Toplevel.Delay will be iterated.
The actor .Toplevel.Delay was iterated.
Director: Called postfire().
Postfire returns: true
Director: Called prefire().
-- Setting current time to 0.0
Director prefire returns true.
The actor .Toplevel.Actor1 will be iterated.
The actor .Toplevel.Actor1 was iterated.
The actor .Toplevel.Actor2 will be iterated.
The actor .Toplevel.Actor2 was iterated.
The actor .Toplevel.Delay will be iterated.
The actor .Toplevel.Delay was iterated.
Reached specified number of iterations: 6
Director: Called wrapup().
24 ms. Memory: 120832K Free: 56770K (47%)
10/13/19 06:38:45
Failed: 0  Total Tests: 8  ((Passed: 8, Newly Passed: 0)  Known Failed: 0) /home/travis/build/icyphy/ptII/ptolemy/domains/sdf/test
No auto/knownFailedTests/*.xml tests in /home/travis/build/icyphy/ptII/ptolemy/domains/sdf/test
No auto/linux-amd64/*.xml tests in /home/travis/build/icyphy/ptII/ptolemy/domains/sdf/test
AutoTests.java: About to close Vertx.
AutoTests.java: Vertx closed.

===========================================================================================
----------------- testing Sun Oct 13 06:38:46 UTC 2019 /home/travis/build/icyphy/ptII/ptolemy/domains/sdf/test/auto/Array.xml
----------------- Instantiating /home/travis/build/icyphy/ptII/ptolemy/domains/sdf/test/auto/Array.xml
63 ms. Memory: 120832K Free: 106786K (88%)
----------------- Invoking toplevel() on ptolemy.moml.MoMLSimpleApplication@7a0c56af
----------------- Done invoking toplevel() on ptolemy.moml.MoMLSimpleApplication@7a0c56af
reloadAllAccessors: .Array

===========================================================================================
----------------- testing Sun Oct 13 06:38:46 UTC 2019 /home/travis/build/icyphy/ptII/ptolemy/domains/sdf/test/auto/Butterfly.xml
----------------- Instantiating /home/travis/build/icyphy/ptII/ptolemy/domains/sdf/test/auto/Butterfly.xml
135 ms. Memory: 120832K Free: 100503K (83%)
----------------- Invoking toplevel() on ptolemy.moml.MoMLSimpleApplication@6305e859
----------------- Done invoking toplevel() on ptolemy.moml.MoMLSimpleApplication@6305e859
reloadAllAccessors: .Butterfly

===========================================================================================
----------------- testing Sun Oct 13 06:38:46 UTC 2019 /home/travis/build/icyphy/ptII/ptolemy/domains/sdf/test/auto/Expression.xml
----------------- Instantiating /home/travis/build/icyphy/ptII/ptolemy/domains/sdf/test/auto/Expression.xml
95 ms. Memory: 120832K Free: 95896K (79%)
----------------- Invoking toplevel() on ptolemy.moml.MoMLSimpleApplication@3ae83bf8
----------------- Done invoking toplevel() on ptolemy.moml.MoMLSimpleApplication@3ae83bf8
reloadAllAccessors: .Expression

===========================================================================================
----------------- testing Sun Oct 13 06:38:46 UTC 2019 /home/travis/build/icyphy/ptII/ptolemy/domains/sdf/test/auto/Eye.xml
----------------- Instantiating /home/travis/build/icyphy/ptII/ptolemy/domains/sdf/test/auto/Eye.xml
195 ms. Memory: 145408K Free: 127412K (88%)
----------------- Invoking toplevel() on ptolemy.moml.MoMLSimpleApplication@7de15669
----------------- Done invoking toplevel() on ptolemy.moml.MoMLSimpleApplication@7de15669
reloadAllAccessors: .Eye

===========================================================================================
----------------- testing Sun Oct 13 06:38:47 UTC 2019 /home/travis/build/icyphy/ptII/ptolemy/domains/sdf/test/auto/FixFIR.xml
----------------- Instantiating /home/travis/build/icyphy/ptII/ptolemy/domains/sdf/test/auto/FixFIR.xml
185 ms. Memory: 145408K Free: 94953K (65%)
----------------- Invoking toplevel() on ptolemy.moml.MoMLSimpleApplication@1f17612d
----------------- Done invoking toplevel() on ptolemy.moml.MoMLSimpleApplication@1f17612d
reloadAllAccessors: .FixFIR

===========================================================================================
----------------- testing Sun Oct 13 06:38:47 UTC 2019 /home/travis/build/icyphy/ptII/ptolemy/domains/sdf/test/auto/FixPoint.xml
----------------- Instantiating /home/travis/build/icyphy/ptII/ptolemy/domains/sdf/test/auto/FixPoint.xml
15 ms. Memory: 145408K Free: 91307K (63%)
----------------- Invoking toplevel() on ptolemy.moml.MoMLSimpleApplication@65fda23e
----------------- Done invoking toplevel() on ptolemy.moml.MoMLSimpleApplication@65fda23e
reloadAllAccessors: .FixPoint

===========================================================================================
----------------- testing Sun Oct 13 06:38:47 UTC 2019 /home/travis/build/icyphy/ptII/ptolemy/domains/sdf/test/auto/Gravitation.xml
----------------- Instantiating /home/travis/build/icyphy/ptII/ptolemy/domains/sdf/test/auto/Gravitation.xml
3242 ms. Memory: 145408K Free: 89195K (61%)
----------------- Invoking toplevel() on ptolemy.moml.MoMLSimpleApplication@65860a94
----------------- Done invoking toplevel() on ptolemy.moml.MoMLSimpleApplication@65860a94
reloadAllAccessors: .Gravitation

===========================================================================================
----------------- testing Sun Oct 13 06:38:50 UTC 2019 /home/travis/build/icyphy/ptII/ptolemy/domains/sdf/test/auto/GravitationWithCollisionDetection.xml
----------------- Instantiating /home/travis/build/icyphy/ptII/ptolemy/domains/sdf/test/auto/GravitationWithCollisionDetection.xml
6751 ms. Memory: 366592K Free: 312889K (85%)
----------------- Invoking toplevel() on ptolemy.moml.MoMLSimpleApplication@357da8a8
----------------- Done invoking toplevel() on ptolemy.moml.MoMLSimpleApplication@357da8a8
reloadAllAccessors: .GravitationWithCollisionDetection

===========================================================================================
----------------- testing Sun Oct 13 06:38:57 UTC 2019 /home/travis/build/icyphy/ptII/ptolemy/domains/sdf/test/auto/HDF.xml
----------------- Instantiating /home/travis/build/icyphy/ptII/ptolemy/domains/sdf/test/auto/HDF.xml
51 ms. Memory: 366592K Free: 297033K (81%)
----------------- Invoking toplevel() on ptolemy.moml.MoMLSimpleApplication@252ad455
----------------- Done invoking toplevel() on ptolemy.moml.MoMLSimpleApplication@252ad455
reloadAllAccessors: .HDF

===========================================================================================
----------------- testing Sun Oct 13 06:38:57 UTC 2019 /home/travis/build/icyphy/ptII/ptolemy/domains/sdf/test/auto/HDFwithTransientStates.xml
----------------- Instantiating /home/travis/build/icyphy/ptII/ptolemy/domains/sdf/test/auto/HDFwithTransientStates.xml
32 ms. Memory: 366592K Free: 278087K (76%)
----------------- Invoking toplevel() on ptolemy.moml.MoMLSimpleApplication@72dd5c8a
----------------- Done invoking toplevel() on ptolemy.moml.MoMLSimpleApplication@72dd5c8a
reloadAllAccessors: .HDFwithTransientStates

===========================================================================================
----------------- testing Sun Oct 13 06:38:58 UTC 2019 /home/travis/build/icyphy/ptII/ptolemy/domains/sdf/test/auto/HTVQ.xml
----------------- Instantiating /home/travis/build/icyphy/ptII/ptolemy/domains/sdf/test/auto/HTVQ.xml
909 ms. Memory: 366592K Free: 325997K (89%)
----------------- Invoking toplevel() on ptolemy.moml.MoMLSimpleApplication@590f53cc
----------------- Done invoking toplevel() on ptolemy.moml.MoMLSimpleApplication@590f53cc
reloadAllAccessors: .HTVQ

===========================================================================================
----------------- testing Sun Oct 13 06:38:59 UTC 2019 /home/travis/build/icyphy/ptII/ptolemy/domains/sdf/test/auto/InferInitProduction.xml
----------------- Instantiating /home/travis/build/icyphy/ptII/ptolemy/domains/sdf/test/auto/InferInitProduction.xml
8 ms. Memory: 366592K Free: 319938K (87%)
----------------- Invoking toplevel() on ptolemy.moml.MoMLSimpleApplication@6962a45c
----------------- Done invoking toplevel() on ptolemy.moml.MoMLSimpleApplication@6962a45c
reloadAllAccessors: .InferInitProduction

===========================================================================================
----------------- testing Sun Oct 13 06:38:59 UTC 2019 /home/travis/build/icyphy/ptII/ptolemy/domains/sdf/test/auto/InferInitProductionDeeper.xml
----------------- Instantiating /home/travis/build/icyphy/ptII/ptolemy/domains/sdf/test/auto/InferInitProductionDeeper.xml
4 ms. Memory: 366592K Free: 314322K (86%)
----------------- Invoking toplevel() on ptolemy.moml.MoMLSimpleApplication@20b2fef1
----------------- Done invoking toplevel() on ptolemy.moml.MoMLSimpleApplication@20b2fef1
reloadAllAccessors: .InferInitProductionDeeper

===========================================================================================
----------------- testing Sun Oct 13 06:38:59 UTC 2019 /home/travis/build/icyphy/ptII/ptolemy/domains/sdf/test/auto/LMSAdaptive.xml
----------------- Instantiating /home/travis/build/icyphy/ptII/ptolemy/domains/sdf/test/auto/LMSAdaptive.xml
18 ms. Memory: 366592K Free: 305106K (83%)
----------------- Invoking toplevel() on ptolemy.moml.MoMLSimpleApplication@3d12ee77
----------------- Done invoking toplevel() on ptolemy.moml.MoMLSimpleApplication@3d12ee77
reloadAllAccessors: .LMSAdaptive

===========================================================================================
----------------- testing Sun Oct 13 06:38:59 UTC 2019 /home/travis/build/icyphy/ptII/ptolemy/domains/sdf/test/auto/LogisticMap.xml
----------------- Instantiating /home/travis/build/icyphy/ptII/ptolemy/domains/sdf/test/auto/LogisticMap.xml
442 ms. Memory: 366592K Free: 298962K (82%)
----------------- Invoking toplevel() on ptolemy.moml.MoMLSimpleApplication@9eb45c8
----------------- Done invoking toplevel() on ptolemy.moml.MoMLSimpleApplication@9eb45c8
reloadAllAccessors: .LogisticMap

===========================================================================================
----------------- testing Sun Oct 13 06:38:59 UTC 2019 /home/travis/build/icyphy/ptII/ptolemy/domains/sdf/test/auto/MaximumEntropySpectrum.xml
----------------- Instantiating /home/travis/build/icyphy/ptII/ptolemy/domains/sdf/test/auto/MaximumEntropySpectrum.xml
90 ms. Memory: 366592K Free: 237522K (65%)
----------------- Invoking toplevel() on ptolemy.moml.MoMLSimpleApplication@4fb54a32
----------------- Done invoking toplevel() on ptolemy.moml.MoMLSimpleApplication@4fb54a32
reloadAllAccessors: .MaximumEntropySpectrum

===========================================================================================
----------------- testing Sun Oct 13 06:39:00 UTC 2019 /home/travis/build/icyphy/ptII/ptolemy/domains/sdf/test/auto/MultirateSDF.xml
----------------- Instantiating /home/travis/build/icyphy/ptII/ptolemy/domains/sdf/test/auto/MultirateSDF.xml
22 ms. Memory: 366592K Free: 222658K (61%)
----------------- Invoking toplevel() on ptolemy.moml.MoMLSimpleApplication@2c397a4d
----------------- Done invoking toplevel() on ptolemy.moml.MoMLSimpleApplication@2c397a4d
reloadAllAccessors: .MultirateSDF

===========================================================================================
----------------- testing Sun Oct 13 06:39:00 UTC 2019 /home/travis/build/icyphy/ptII/ptolemy/domains/sdf/test/auto/MultirateSDFwithTransientStates.xml
----------------- Instantiating /home/travis/build/icyphy/ptII/ptolemy/domains/sdf/test/auto/MultirateSDFwithTransientStates.xml
25 ms. Memory: 366592K Free: 204234K (56%)
----------------- Invoking toplevel() on ptolemy.moml.MoMLSimpleApplication@acef65
----------------- Done invoking toplevel() on ptolemy.moml.MoMLSimpleApplication@acef65
reloadAllAccessors: .MultirateSDFwithTransientStates

===========================================================================================
----------------- testing Sun Oct 13 06:39:00 UTC 2019 /home/travis/build/icyphy/ptII/ptolemy/domains/sdf/test/auto/NoisySinewave.xml
----------------- Instantiating /home/travis/build/icyphy/ptII/ptolemy/domains/sdf/test/auto/NoisySinewave.xml
15 ms. Memory: 366592K Free: 188370K (51%)
----------------- Invoking toplevel() on ptolemy.moml.MoMLSimpleApplication@5edbe60e
----------------- Done invoking toplevel() on ptolemy.moml.MoMLSimpleApplication@5edbe60e
reloadAllAccessors: .NoisySinewave

===========================================================================================
----------------- testing Sun Oct 13 06:39:00 UTC 2019 /home/travis/build/icyphy/ptII/ptolemy/domains/sdf/test/auto/Objects.xml
----------------- Instantiating /home/travis/build/icyphy/ptII/ptolemy/domains/sdf/test/auto/Objects.xml
5 ms. Memory: 366592K Free: 179664K (49%)
----------------- Invoking toplevel() on ptolemy.moml.MoMLSimpleApplication@16542fb
----------------- Done invoking toplevel() on ptolemy.moml.MoMLSimpleApplication@16542fb
reloadAllAccessors: .Objects

===========================================================================================
----------------- testing Sun Oct 13 06:39:00 UTC 2019 /home/travis/build/icyphy/ptII/ptolemy/domains/sdf/test/auto/OrthogonalCom.xml
----------------- Instantiating /home/travis/build/icyphy/ptII/ptolemy/domains/sdf/test/auto/OrthogonalCom.xml
6 ms. Memory: 366592K Free: 171986K (47%)
----------------- Invoking toplevel() on ptolemy.moml.MoMLSimpleApplication@58095ef8
----------------- Done invoking toplevel() on ptolemy.moml.MoMLSimpleApplication@58095ef8
reloadAllAccessors: .OrthogonalCom

===========================================================================================
----------------- testing Sun Oct 13 06:39:00 UTC 2019 /home/travis/build/icyphy/ptII/ptolemy/domains/sdf/test/auto/RijndaelEncryption.xml
----------------- Instantiating /home/travis/build/icyphy/ptII/ptolemy/domains/sdf/test/auto/RijndaelEncryption.xml
287 ms. Memory: 366592K Free: 241335K (66%)
----------------- Invoking toplevel() on ptolemy.moml.MoMLSimpleApplication@2d4476d5
----------------- Done invoking toplevel() on ptolemy.moml.MoMLSimpleApplication@2d4476d5
reloadAllAccessors: .RijndaelEncryption

===========================================================================================
----------------- testing Sun Oct 13 06:39:00 UTC 2019 /home/travis/build/icyphy/ptII/ptolemy/domains/sdf/test/auto/SDFEmptyIterations.xml
----------------- Instantiating /home/travis/build/icyphy/ptII/ptolemy/domains/sdf/test/auto/SDFEmptyIterations.xml
9 ms. Memory: 366592K Free: 236711K (65%)
----------------- Invoking toplevel() on ptolemy.moml.MoMLSimpleApplication@43be76e3
----------------- Done invoking toplevel() on ptolemy.moml.MoMLSimpleApplication@43be76e3
reloadAllAccessors: .SDFEmptyIterations

===========================================================================================
----------------- testing Sun Oct 13 06:39:00 UTC 2019 /home/travis/build/icyphy/ptII/ptolemy/domains/sdf/test/auto/Spectrum.xml
----------------- Instantiating /home/travis/build/icyphy/ptII/ptolemy/domains/sdf/test/auto/Spectrum.xml
29 ms. Memory: 366592K Free: 212149K (58%)
----------------- Invoking toplevel() on ptolemy.moml.MoMLSimpleApplication@104e0c1c
----------------- Done invoking toplevel() on ptolemy.moml.MoMLSimpleApplication@104e0c1c
reloadAllAccessors: .Spectrum

===========================================================================================
----------------- testing Sun Oct 13 06:39:01 UTC 2019 /home/travis/build/icyphy/ptII/ptolemy/domains/sdf/test/auto/de_inside_sdf.xml
----------------- Instantiating /home/travis/build/icyphy/ptII/ptolemy/domains/sdf/test/auto/de_inside_sdf.xml
8 ms. Memory: 366592K Free: 206999K (56%)
----------------- Invoking toplevel() on ptolemy.moml.MoMLSimpleApplication@5070164d
----------------- Done invoking toplevel() on ptolemy.moml.MoMLSimpleApplication@5070164d
reloadAllAccessors: .de_inside_sdf

===========================================================================================
----------------- testing Sun Oct 13 06:39:01 UTC 2019 /home/travis/build/icyphy/ptII/ptolemy/domains/sdf/test/auto/disconnectedHierarchicalSDF.xml
----------------- Instantiating /home/travis/build/icyphy/ptII/ptolemy/domains/sdf/test/auto/disconnectedHierarchicalSDF.xml
5 ms. Memory: 366592K Free: 200871K (55%)
----------------- Invoking toplevel() on ptolemy.moml.MoMLSimpleApplication@53d0bf13
----------------- Done invoking toplevel() on ptolemy.moml.MoMLSimpleApplication@53d0bf13
reloadAllAccessors: .disconnectedHierarchicalSDF

===========================================================================================
----------------- testing Sun Oct 13 06:39:01 UTC 2019 /home/travis/build/icyphy/ptII/ptolemy/domains/sdf/test/auto/disconnectedSDF.xml
----------------- Instantiating /home/travis/build/icyphy/ptII/ptolemy/domains/sdf/test/auto/disconnectedSDF.xml
2 ms. Memory: 366592K Free: 197303K (54%)
----------------- Invoking toplevel() on ptolemy.moml.MoMLSimpleApplication@101e021
----------------- Done invoking toplevel() on ptolemy.moml.MoMLSimpleApplication@101e021
reloadAllAccessors: .disconnectedSDF

===========================================================================================
----------------- testing Sun Oct 13 06:39:01 UTC 2019 /home/travis/build/icyphy/ptII/ptolemy/domains/sdf/test/auto/emptyRefinement.xml
----------------- Instantiating /home/travis/build/icyphy/ptII/ptolemy/domains/sdf/test/auto/emptyRefinement.xml
3 ms. Memory: 366592K Free: 192693K (53%)
----------------- Invoking toplevel() on ptolemy.moml.MoMLSimpleApplication@daf2b2b
----------------- Done invoking toplevel() on ptolemy.moml.MoMLSimpleApplication@daf2b2b
reloadAllAccessors: .emptyRefinement

===========================================================================================
----------------- testing Sun Oct 13 06:39:01 UTC 2019 /home/travis/build/icyphy/ptII/ptolemy/domains/sdf/test/auto/filePortParameter.xml
----------------- Instantiating /home/travis/build/icyphy/ptII/ptolemy/domains/sdf/test/auto/filePortParameter.xml
18 ms. Memory: 366592K Free: 185525K (51%)
----------------- Invoking toplevel() on ptolemy.moml.MoMLSimpleApplication@6897039b
----------------- Done invoking toplevel() on ptolemy.moml.MoMLSimpleApplication@6897039b
reloadAllAccessors: .filePortParameter

===========================================================================================
----------------- testing Sun Oct 13 06:39:01 UTC 2019 /home/travis/build/icyphy/ptII/ptolemy/domains/sdf/test/auto/inferRelationWidth1.xml
----------------- Instantiating /home/travis/build/icyphy/ptII/ptolemy/domains/sdf/test/auto/inferRelationWidth1.xml
2 ms. Memory: 366592K Free: 182453K (50%)
----------------- Invoking toplevel() on ptolemy.moml.MoMLSimpleApplication@42c61097
----------------- Done invoking toplevel() on ptolemy.moml.MoMLSimpleApplication@42c61097
reloadAllAccessors: .inferRelationWidth1

===========================================================================================
----------------- testing Sun Oct 13 06:39:01 UTC 2019 /home/travis/build/icyphy/ptII/ptolemy/domains/sdf/test/auto/initProductionInference.xml
----------------- Instantiating /home/travis/build/icyphy/ptII/ptolemy/domains/sdf/test/auto/initProductionInference.xml
3 ms. Memory: 366592K Free: 178871K (49%)
----------------- Invoking toplevel() on ptolemy.moml.MoMLSimpleApplication@3b3ee867
----------------- Done invoking toplevel() on ptolemy.moml.MoMLSimpleApplication@3b3ee867
reloadAllAccessors: .initProductionInference

===========================================================================================
----------------- testing Sun Oct 13 06:39:01 UTC 2019 /home/travis/build/icyphy/ptII/ptolemy/domains/sdf/test/auto/relationGroup.xml
----------------- Instantiating /home/travis/build/icyphy/ptII/ptolemy/domains/sdf/test/auto/relationGroup.xml
2 ms. Memory: 366592K Free: 175285K (48%)
----------------- Invoking toplevel() on ptolemy.moml.MoMLSimpleApplication@22347d1c
----------------- Done invoking toplevel() on ptolemy.moml.MoMLSimpleApplication@22347d1c
reloadAllAccessors: .relationGroup

===========================================================================================
----------------- testing Sun Oct 13 06:39:01 UTC 2019 /home/travis/build/icyphy/ptII/ptolemy/domains/sdf/test/auto/relationGroup10.xml
----------------- Instantiating /home/travis/build/icyphy/ptII/ptolemy/domains/sdf/test/auto/relationGroup10.xml
4 ms. Memory: 366592K Free: 171703K (47%)
----------------- Invoking toplevel() on ptolemy.moml.MoMLSimpleApplication@72a99dbb
----------------- Done invoking toplevel() on ptolemy.moml.MoMLSimpleApplication@72a99dbb
reloadAllAccessors: .relationGroup10

===========================================================================================
----------------- testing Sun Oct 13 06:39:01 UTC 2019 /home/travis/build/icyphy/ptII/ptolemy/domains/sdf/test/auto/relationGroup11.xml
----------------- Instantiating /home/travis/build/icyphy/ptII/ptolemy/domains/sdf/test/auto/relationGroup11.xml
3 ms. Memory: 366592K Free: 168117K (46%)
----------------- Invoking toplevel() on ptolemy.moml.MoMLSimpleApplication@50337cde
----------------- Done invoking toplevel() on ptolemy.moml.MoMLSimpleApplication@50337cde
reloadAllAccessors: .relationGroup11

===========================================================================================
----------------- testing Sun Oct 13 06:39:01 UTC 2019 /home/travis/build/icyphy/ptII/ptolemy/domains/sdf/test/auto/relationGroup12.xml
----------------- Instantiating /home/travis/build/icyphy/ptII/ptolemy/domains/sdf/test/auto/relationGroup12.xml
3 ms. Memory: 366592K Free: 164021K (45%)
----------------- Invoking toplevel() on ptolemy.moml.MoMLSimpleApplication@286f1c8f
----------------- Done invoking toplevel() on ptolemy.moml.MoMLSimpleApplication@286f1c8f
reloadAllAccessors: .relationGroup12

===========================================================================================
----------------- testing Sun Oct 13 06:39:01 UTC 2019 /home/travis/build/icyphy/ptII/ptolemy/domains/sdf/test/auto/relationGroup13.xml
----------------- Instantiating /home/travis/build/icyphy/ptII/ptolemy/domains/sdf/test/auto/relationGroup13.xml
6 ms. Memory: 366592K Free: 159415K (43%)
----------------- Invoking toplevel() on ptolemy.moml.MoMLSimpleApplication@4e4af1d2
----------------- Done invoking toplevel() on ptolemy.moml.MoMLSimpleApplication@4e4af1d2
reloadAllAccessors: .relationGroup13

===========================================================================================
----------------- testing Sun Oct 13 06:39:01 UTC 2019 /home/travis/build/icyphy/ptII/ptolemy/domains/sdf/test/auto/relationGroup14.xml
----------------- Instantiating /home/travis/build/icyphy/ptII/ptolemy/domains/sdf/test/auto/relationGroup14.xml
3 ms. Memory: 366592K Free: 154805K (42%)
----------------- Invoking toplevel() on ptolemy.moml.MoMLSimpleApplication@57b4a0f7
----------------- Done invoking toplevel() on ptolemy.moml.MoMLSimpleApplication@57b4a0f7
reloadAllAccessors: .relationGroup14

===========================================================================================
----------------- testing Sun Oct 13 06:39:01 UTC 2019 /home/travis/build/icyphy/ptII/ptolemy/domains/sdf/test/auto/relationGroup15.xml
----------------- Instantiating /home/travis/build/icyphy/ptII/ptolemy/domains/sdf/test/auto/relationGroup15.xml
1 ms. Memory: 366592K Free: 151223K (41%)
----------------- Invoking toplevel() on ptolemy.moml.MoMLSimpleApplication@670cc6df
----------------- Done invoking toplevel() on ptolemy.moml.MoMLSimpleApplication@670cc6df
reloadAllAccessors: .relationGroup15

===========================================================================================
----------------- testing Sun Oct 13 06:39:01 UTC 2019 /home/travis/build/icyphy/ptII/ptolemy/domains/sdf/test/auto/relationGroup2.xml
----------------- Instantiating /home/travis/build/icyphy/ptII/ptolemy/domains/sdf/test/auto/relationGroup2.xml
1 ms. Memory: 366592K Free: 148151K (40%)
----------------- Invoking toplevel() on ptolemy.moml.MoMLSimpleApplication@1fa1983f
----------------- Done invoking toplevel() on ptolemy.moml.MoMLSimpleApplication@1fa1983f
reloadAllAccessors: .relationGroup2

===========================================================================================
----------------- testing Sun Oct 13 06:39:01 UTC 2019 /home/travis/build/icyphy/ptII/ptolemy/domains/sdf/test/auto/relationGroup3.xml
----------------- Instantiating /home/travis/build/icyphy/ptII/ptolemy/domains/sdf/test/auto/relationGroup3.xml
1 ms. Memory: 366592K Free: 145079K (40%)
----------------- Invoking toplevel() on ptolemy.moml.MoMLSimpleApplication@5b975554
----------------- Done invoking toplevel() on ptolemy.moml.MoMLSimpleApplication@5b975554
reloadAllAccessors: .relationGroup3

===========================================================================================
----------------- testing Sun Oct 13 06:39:01 UTC 2019 /home/travis/build/icyphy/ptII/ptolemy/domains/sdf/test/auto/relationGroup4.xml
----------------- Instantiating /home/travis/build/icyphy/ptII/ptolemy/domains/sdf/test/auto/relationGroup4.xml
6 ms. Memory: 366592K Free: 141458K (39%)
----------------- Invoking toplevel() on ptolemy.moml.MoMLSimpleApplication@1aff5d44
----------------- Done invoking toplevel() on ptolemy.moml.MoMLSimpleApplication@1aff5d44
reloadAllAccessors: .relationGroup4

===========================================================================================
----------------- testing Sun Oct 13 06:39:01 UTC 2019 /home/travis/build/icyphy/ptII/ptolemy/domains/sdf/test/auto/relationGroup5.xml
----------------- Instantiating /home/travis/build/icyphy/ptII/ptolemy/domains/sdf/test/auto/relationGroup5.xml
2 ms. Memory: 366592K Free: 136887K (37%)
----------------- Invoking toplevel() on ptolemy.moml.MoMLSimpleApplication@53a3e0f1
----------------- Done invoking toplevel() on ptolemy.moml.MoMLSimpleApplication@53a3e0f1
reloadAllAccessors: .relationGroup5

===========================================================================================
----------------- testing Sun Oct 13 06:39:01 UTC 2019 /home/travis/build/icyphy/ptII/ptolemy/domains/sdf/test/auto/relationGroup6.xml
----------------- Instantiating /home/travis/build/icyphy/ptII/ptolemy/domains/sdf/test/auto/relationGroup6.xml
3 ms. Memory: 366592K Free: 132277K (36%)
----------------- Invoking toplevel() on ptolemy.moml.MoMLSimpleApplication@5a103578
----------------- Done invoking toplevel() on ptolemy.moml.MoMLSimpleApplication@5a103578
reloadAllAccessors: .relationGroup6

===========================================================================================
----------------- testing Sun Oct 13 06:39:01 UTC 2019 /home/travis/build/icyphy/ptII/ptolemy/domains/sdf/test/auto/relationGroup7.xml
----------------- Instantiating /home/travis/build/icyphy/ptII/ptolemy/domains/sdf/test/auto/relationGroup7.xml
2 ms. Memory: 366592K Free: 346371K (94%)
----------------- Invoking toplevel() on ptolemy.moml.MoMLSimpleApplication@6ec96d19
----------------- Done invoking toplevel() on ptolemy.moml.MoMLSimpleApplication@6ec96d19
reloadAllAccessors: .relationGroup7

===========================================================================================
----------------- testing Sun Oct 13 06:39:01 UTC 2019 /home/travis/build/icyphy/ptII/ptolemy/domains/sdf/test/auto/relationGroup8.xml
----------------- Instantiating /home/travis/build/icyphy/ptII/ptolemy/domains/sdf/test/auto/relationGroup8.xml
1 ms. Memory: 366592K Free: 343299K (94%)
----------------- Invoking toplevel() on ptolemy.moml.MoMLSimpleApplication@354acf1d
----------------- Done invoking toplevel() on ptolemy.moml.MoMLSimpleApplication@354acf1d
reloadAllAccessors: .relationGroup8

===========================================================================================
----------------- testing Sun Oct 13 06:39:01 UTC 2019 /home/travis/build/icyphy/ptII/ptolemy/domains/sdf/test/auto/relationGroup9.xml
----------------- Instantiating /home/travis/build/icyphy/ptII/ptolemy/domains/sdf/test/auto/relationGroup9.xml
3 ms. Memory: 366592K Free: 338689K (92%)
----------------- Invoking toplevel() on ptolemy.moml.MoMLSimpleApplication@6400db79
----------------- Done invoking toplevel() on ptolemy.moml.MoMLSimpleApplication@6400db79
reloadAllAccessors: .relationGroup9

===========================================================================================
----------------- testing Sun Oct 13 06:39:01 UTC 2019 /home/travis/build/icyphy/ptII/ptolemy/domains/sdf/test/auto/sdf_inside_de.xml
----------------- Instantiating /home/travis/build/icyphy/ptII/ptolemy/domains/sdf/test/auto/sdf_inside_de.xml
10 ms. Memory: 366592K Free: 329987K (90%)
----------------- Invoking toplevel() on ptolemy.moml.MoMLSimpleApplication@6607204
----------------- Done invoking toplevel() on ptolemy.moml.MoMLSimpleApplication@6607204
reloadAllAccessors: .sdf_inside_de

===========================================================================================
----------------- testing Sun Oct 13 06:39:01 UTC 2019 /home/travis/build/icyphy/ptII/ptolemy/domains/sdf/test/auto/sdf_inside_pn.xml
----------------- Instantiating /home/travis/build/icyphy/ptII/ptolemy/domains/sdf/test/auto/sdf_inside_pn.xml
29 ms. Memory: 366592K Free: 321281K (88%)
----------------- Invoking toplevel() on ptolemy.moml.MoMLSimpleApplication@41e266b6
----------------- Done invoking toplevel() on ptolemy.moml.MoMLSimpleApplication@41e266b6
reloadAllAccessors: .sdf_inside_pn

===========================================================================================
----------------- testing Sun Oct 13 06:39:01 UTC 2019 /home/travis/build/icyphy/ptII/ptolemy/domains/sdf/test/auto/sdf_sdf1.xml
----------------- Instantiating /home/travis/build/icyphy/ptII/ptolemy/domains/sdf/test/auto/sdf_sdf1.xml
4 ms. Memory: 366592K Free: 315651K (86%)
----------------- Invoking toplevel() on ptolemy.moml.MoMLSimpleApplication@472f375e
----------------- Done invoking toplevel() on ptolemy.moml.MoMLSimpleApplication@472f375e
reloadAllAccessors: .sdf_sdf1

===========================================================================================
----------------- testing Sun Oct 13 06:39:01 UTC 2019 /home/travis/build/icyphy/ptII/ptolemy/domains/sdf/test/auto/test1.xml
----------------- Instantiating /home/travis/build/icyphy/ptII/ptolemy/domains/sdf/test/auto/test1.xml
3 ms. Memory: 366592K Free: 310531K (85%)
----------------- Invoking toplevel() on ptolemy.moml.MoMLSimpleApplication@510d95a7
----------------- Done invoking toplevel() on ptolemy.moml.MoMLSimpleApplication@510d95a7
reloadAllAccessors: .test1

===========================================================================================
----------------- testing Sun Oct 13 06:39:01 UTC 2019 /home/travis/build/icyphy/ptII/ptolemy/domains/sdf/test/auto/time1.xml
----------------- Instantiating /home/travis/build/icyphy/ptII/ptolemy/domains/sdf/test/auto/time1.xml
3 ms. Memory: 366592K Free: 306945K (84%)
----------------- Invoking toplevel() on ptolemy.moml.MoMLSimpleApplication@55a09edc
----------------- Done invoking toplevel() on ptolemy.moml.MoMLSimpleApplication@55a09edc
reloadAllAccessors: .time1

===========================================================================================
----------------- testing Sun Oct 13 06:39:01 UTC 2019 /home/travis/build/icyphy/ptII/ptolemy/domains/sdf/test/auto/time2.xml
----------------- Instantiating /home/travis/build/icyphy/ptII/ptolemy/domains/sdf/test/auto/time2.xml
2 ms. Memory: 366592K Free: 303363K (83%)
----------------- Invoking toplevel() on ptolemy.moml.MoMLSimpleApplication@37ae7f60
----------------- Done invoking toplevel() on ptolemy.moml.MoMLSimpleApplication@37ae7f60
reloadAllAccessors: .time2

===========================================================================================
----------------- testing Sun Oct 13 06:39:01 UTC 2019 /home/travis/build/icyphy/ptII/ptolemy/domains/sdf/test/auto/time3.xml
----------------- Instantiating /home/travis/build/icyphy/ptII/ptolemy/domains/sdf/test/auto/time3.xml
5 ms. Memory: 366592K Free: 298243K (81%)
----------------- Invoking toplevel() on ptolemy.moml.MoMLSimpleApplication@15b13df8
----------------- Done invoking toplevel() on ptolemy.moml.MoMLSimpleApplication@15b13df8
reloadAllAccessors: .time3

===========================================================================================
----------------- testing Sun Oct 13 06:39:01 UTC 2019 /home/travis/build/icyphy/ptII/ptolemy/domains/sdf/test/auto/time4.xml
----------------- Instantiating /home/travis/build/icyphy/ptII/ptolemy/domains/sdf/test/auto/time4.xml
5 ms. Memory: 366592K Free: 292595K (80%)
----------------- Invoking toplevel() on ptolemy.moml.MoMLSimpleApplication@28a4913a
----------------- Done invoking toplevel() on ptolemy.moml.MoMLSimpleApplication@28a4913a
reloadAllAccessors: .time4

===========================================================================================
----------------- testing Sun Oct 13 06:39:01 UTC 2019 /home/travis/build/icyphy/ptII/ptolemy/domains/sdf/test/auto/time5.xml
----------------- Instantiating /home/travis/build/icyphy/ptII/ptolemy/domains/sdf/test/auto/time5.xml
4003 ms. Memory: 366592K Free: 289027K (79%)
----------------- Invoking toplevel() on ptolemy.moml.MoMLSimpleApplication@33865a0f
----------------- Done invoking toplevel() on ptolemy.moml.MoMLSimpleApplication@33865a0f
reloadAllAccessors: .time5

===========================================================================================
----------------- testing Sun Oct 13 06:39:05 UTC 2019 /home/travis/build/icyphy/ptII/ptolemy/domains/sdf/test/auto/typeSystem_Const_Integer_smallest_Type.xml
----------------- Instantiating /home/travis/build/icyphy/ptII/ptolemy/domains/sdf/test/auto/typeSystem_Const_Integer_smallest_Type.xml
8 ms. Memory: 366592K Free: 284417K (78%)
----------------- Invoking toplevel() on ptolemy.moml.MoMLSimpleApplication@210ee6ea
----------------- Done invoking toplevel() on ptolemy.moml.MoMLSimpleApplication@210ee6ea
reloadAllAccessors: .typeSystem_Const_Integer_smallest_Type

===========================================================================================
----------------- testing Sun Oct 13 06:39:05 UTC 2019 /home/travis/build/icyphy/ptII/ptolemy/domains/sdf/test/auto/typeSystem_declared_Inports_OutportTypeException.xml
----------------- Instantiating /home/travis/build/icyphy/ptII/ptolemy/domains/sdf/test/auto/typeSystem_declared_Inports_OutportTypeException.xml
.typeSystem_declared_Inports_OutportTypeException.TestExceptionAttribute: initialize() was not invoked, but wrapup() was.  This is unusual, but not always a problem.  For example, exporting JNLP will do this.
5 ms. Memory: 366592K Free: 280321K (76%)
----------------- Invoking toplevel() on ptolemy.moml.MoMLSimpleApplication@8c82778
----------------- Done invoking toplevel() on ptolemy.moml.MoMLSimpleApplication@8c82778
reloadAllAccessors: .typeSystem_declared_Inports_OutportTypeException

===========================================================================================
----------------- testing Sun Oct 13 06:39:05 UTC 2019 /home/travis/build/icyphy/ptII/ptolemy/domains/sdf/test/auto/typeSystem_oneDeclaredInportType_wrongTypeOutport.xml
----------------- Instantiating /home/travis/build/icyphy/ptII/ptolemy/domains/sdf/test/auto/typeSystem_oneDeclaredInportType_wrongTypeOutport.xml
4 ms. Memory: 366592K Free: 276225K (75%)
----------------- Invoking toplevel() on ptolemy.moml.MoMLSimpleApplication@356a8a11
----------------- Done invoking toplevel() on ptolemy.moml.MoMLSimpleApplication@356a8a11
reloadAllAccessors: .typeSystem_oneDeclaredInportType_wrongTypeOutport

===========================================================================================
----------------- testing Sun Oct 13 06:39:05 UTC 2019 /home/travis/build/icyphy/ptII/ptolemy/domains/sdf/test/auto/width.xml
----------------- Instantiating /home/travis/build/icyphy/ptII/ptolemy/domains/sdf/test/auto/width.xml
2 ms. Memory: 366592K Free: 272643K (74%)
----------------- Invoking toplevel() on ptolemy.moml.MoMLSimpleApplication@1c10fa7c
----------------- Done invoking toplevel() on ptolemy.moml.MoMLSimpleApplication@1c10fa7c
reloadAllAccessors: .width

===========================================================================================
----------------- testing Sun Oct 13 06:39:05 UTC 2019 /home/travis/build/icyphy/ptII/ptolemy/domains/sdf/test/auto/width2.xml
----------------- Instantiating /home/travis/build/icyphy/ptII/ptolemy/domains/sdf/test/auto/width2.xml
26 ms. Memory: 366592K Free: 268033K (73%)
----------------- Invoking toplevel() on ptolemy.moml.MoMLSimpleApplication@37b95c11
----------------- Done invoking toplevel() on ptolemy.moml.MoMLSimpleApplication@37b95c11
reloadAllAccessors: .width2

===========================================================================================
----------------- testing Sun Oct 13 06:39:05 UTC 2019 /home/travis/build/icyphy/ptII/ptolemy/domains/sdf/test/auto/width3.xml
----------------- Instantiating /home/travis/build/icyphy/ptII/ptolemy/domains/sdf/test/auto/width3.xml
34 ms. Memory: 366592K Free: 262913K (72%)
----------------- Invoking toplevel() on ptolemy.moml.MoMLSimpleApplication@1af0d280
----------------- Done invoking toplevel() on ptolemy.moml.MoMLSimpleApplication@1af0d280
reloadAllAccessors: .width3
AutoTests.java: About to close Vertx.
AutoTests.java: Vertx closed.
]]></system-out>
  <system-err><![CDATA[java.lang.RuntimeException: Execution failed
	at ptolemy.moml.MoMLSimpleApplication$UnloadThread.run(MoMLSimpleApplication.java:402)
Caused by: ptolemy.actor.sched.NotSchedulableException: No solution exists for the balance equations.
Graph is not consistent under the SDF domain detected on external port .rateConsistency.actor.port2
  in .rateConsistency.SDF Director.Scheduler
	at ptolemy.domains.sdf.kernel.SDFScheduler._propagatePort(SDFScheduler.java:1425)
	at ptolemy.domains.sdf.kernel.SDFScheduler._solveBalanceEquations(SDFScheduler.java:710)
	at ptolemy.domains.sdf.kernel.SDFScheduler._getSchedule(SDFScheduler.java:566)
	at ptolemy.actor.sched.Scheduler.getSchedule(Scheduler.java:189)
	at ptolemy.domains.sdf.kernel.SDFDirector.createSchedule(SDFDirector.java:408)
	at ptolemy.domains.sdf.kernel.SDFDirector.preinitialize(SDFDirector.java:764)
	at ptolemy.actor.CompositeActor.preinitialize(CompositeActor.java:1828)
	at ptolemy.actor.Manager.preinitializeAndResolveTypes(Manager.java:1040)
	at ptolemy.actor.Manager.initialize(Manager.java:710)
	at ptolemy.actor.Manager.execute(Manager.java:356)
	at ptolemy.actor.Manager.run(Manager.java:1263)
	at ptolemy.actor.Manager$PtolemyRunThread.run(Manager.java:1933)
java.lang.RuntimeException: Execution failed
	at ptolemy.moml.MoMLSimpleApplication$UnloadThread.run(MoMLSimpleApplication.java:402)
Caused by: ptolemy.kernel.util.IllegalActionException: Failed to compute schedule:
  in .badRateChanges.typed composite actor.SDF Director
Because:
The SDF rate parameter may change. This is not allowed in SDF models that will be run through the code generator.  If you don't care about code generation, then you might consider setting the allowRateChanges parameter of the SDF director to false.
  in .badRateChanges.typed composite actor.Repeat.output.tokenProductionRate
	at ptolemy.domains.sdf.kernel.SDFDirector.createSchedule(SDFDirector.java:418)
	at ptolemy.domains.sdf.kernel.SDFDirector.preinitialize(SDFDirector.java:764)
	at ptolemy.actor.CompositeActor.preinitialize(CompositeActor.java:1828)
	at ptolemy.actor.Director.preinitialize(Director.java:1302)
	at ptolemy.actor.Director.preinitialize(Director.java:1257)
	at ptolemy.domains.sdf.kernel.SDFDirector.preinitialize(SDFDirector.java:763)
	at ptolemy.actor.CompositeActor.preinitialize(CompositeActor.java:1828)
	at ptolemy.actor.Manager.preinitializeAndResolveTypes(Manager.java:1040)
	at ptolemy.actor.Manager.initialize(Manager.java:710)
	at ptolemy.actor.Manager.execute(Manager.java:356)
	at ptolemy.actor.Manager.run(Manager.java:1263)
	at ptolemy.actor.Manager$PtolemyRunThread.run(Manager.java:1933)
Caused by: ptolemy.kernel.util.IllegalActionException: The SDF rate parameter may change. This is not allowed in SDF models that will be run through the code generator.  If you don't care about code generation, then you might consider setting the allowRateChanges parameter of the SDF director to false.
  in .badRateChanges.typed composite actor.Repeat.output.tokenProductionRate
	at ptolemy.domains.sdf.kernel.SDFScheduler._assertDynamicRateVariable(SDFScheduler.java:931)
	at ptolemy.domains.sdf.kernel.SDFScheduler._checkDynamicRateVariables(SDFScheduler.java:339)
	at ptolemy.domains.sdf.kernel.SDFScheduler._getSchedule(SDFScheduler.java:527)
	at ptolemy.actor.sched.Scheduler.getSchedule(Scheduler.java:189)
	at ptolemy.domains.sdf.kernel.SDFDirector.createSchedule(SDFDirector.java:408)
	... 11 more
java.lang.RuntimeException: Execution failed
	at ptolemy.moml.MoMLSimpleApplication$UnloadThread.run(MoMLSimpleApplication.java:402)
Caused by: ptolemy.kernel.util.IllegalActionException: Failed to compute schedule:
  in .badRateChanges2.typed composite actor.SDF Director
Because:
The SDF rate parameter may change. This is not allowed in SDF models that will be run through the code generator.  If you don't care about code generation, then you might consider setting the allowRateChanges parameter of the SDF director to false.
  in .badRateChanges2.typed composite actor.Repeat.output.tokenProductionRate
	at ptolemy.domains.sdf.kernel.SDFDirector.createSchedule(SDFDirector.java:418)
	at ptolemy.domains.sdf.kernel.SDFDirector.preinitialize(SDFDirector.java:764)
	at ptolemy.actor.CompositeActor.preinitialize(CompositeActor.java:1828)
	at ptolemy.actor.Director.preinitialize(Director.java:1302)
	at ptolemy.actor.Director.preinitialize(Director.java:1257)
	at ptolemy.domains.sdf.kernel.SDFDirector.preinitialize(SDFDirector.java:763)
	at ptolemy.actor.CompositeActor.preinitialize(CompositeActor.java:1828)
	at ptolemy.actor.Manager.preinitializeAndResolveTypes(Manager.java:1040)
	at ptolemy.actor.Manager.initialize(Manager.java:710)
	at ptolemy.actor.Manager.execute(Manager.java:356)
	at ptolemy.actor.Manager.run(Manager.java:1263)
	at ptolemy.actor.Manager$PtolemyRunThread.run(Manager.java:1933)
Caused by: ptolemy.kernel.util.IllegalActionException: The SDF rate parameter may change. This is not allowed in SDF models that will be run through the code generator.  If you don't care about code generation, then you might consider setting the allowRateChanges parameter of the SDF director to false.
  in .badRateChanges2.typed composite actor.Repeat.output.tokenProductionRate
	at ptolemy.domains.sdf.kernel.SDFScheduler._assertDynamicRateVariable(SDFScheduler.java:931)
	at ptolemy.domains.sdf.kernel.SDFScheduler._checkDynamicRateVariables(SDFScheduler.java:339)
	at ptolemy.domains.sdf.kernel.SDFScheduler._getSchedule(SDFScheduler.java:527)
	at ptolemy.actor.sched.Scheduler.getSchedule(Scheduler.java:189)
	at ptolemy.domains.sdf.kernel.SDFDirector.createSchedule(SDFDirector.java:408)
	... 11 more
java.lang.RuntimeException: Execution failed
	at ptolemy.moml.MoMLSimpleApplication$UnloadThread.run(MoMLSimpleApplication.java:402)
Caused by: ptolemy.actor.sched.NotSchedulableException: Actors remain that cannot be scheduled!

There are several possible reasons:
* SDF Graphs with feedback loops should have an actor with a delay in the loop, such as a SampleDelay.
* The SDF director has an "allowDisconnectedGraphs"parameter, which, when true, permits disconnected SDF graphs.
* The token consumption rate and production rates might be mismatched.
Usually, actors produce one token or consume one token on a port.  To produce or consume multiple tokens per firing, add a "tokenConsumptionRate" or "tokenProductionRate" parameter to the appropriate port.
Unscheduled actors:
.partiallyConnected.Const2 
Scheduled actors:
.partiallyConnected.Const 
  in .partiallyConnected.SDF Director.Scheduler
	at ptolemy.domains.sdf.kernel.SDFScheduler._scheduleConnectedActors(SDFScheduler.java:1828)
	at ptolemy.domains.sdf.kernel.SDFScheduler._getSchedule(SDFScheduler.java:587)
	at ptolemy.actor.sched.Scheduler.getSchedule(Scheduler.java:189)
	at ptolemy.domains.sdf.kernel.SDFDirector.createSchedule(SDFDirector.java:408)
	at ptolemy.domains.sdf.kernel.SDFDirector.preinitialize(SDFDirector.java:764)
	at ptolemy.actor.CompositeActor.preinitialize(CompositeActor.java:1828)
	at ptolemy.actor.Manager.preinitializeAndResolveTypes(Manager.java:1040)
	at ptolemy.actor.Manager.initialize(Manager.java:710)
	at ptolemy.actor.Manager.execute(Manager.java:356)
	at ptolemy.actor.Manager.run(Manager.java:1263)
	at ptolemy.actor.Manager$PtolemyRunThread.run(Manager.java:1933)
]]></system-err>
</testsuite>
