<?xml version="1.0" encoding="UTF-8" ?>
<testsuite errors="0" failures="0" hostname="travis-job-7843533d-9779-4bd7-8e01-ad93cbc0d3a9" name="ptolemy.domains.continuous.test.junit.JUnitTclTest" skipped="0" tests="155" time="72.883" timestamp="2018-06-04T01:12:18">
  <properties>
[...]
</properties>
  <testcase classname="ptolemy.util.test.junit.TclTests" name="[0] ThereAreNoTclTests (RunTclFile)" time="0.001" />
  <testcase classname="ptolemy.util.test.junit.AutoKnownFailedTests" name="[0] ThereAreNoKnowFailedTests (RunModel)" time="0.001" />
  <testcase classname="ptolemy.util.test.junit.AutoNameArchTests" name="[0] ThereAreNoAutoArchTests (RunModel)" time="0.001" />
  <testcase classname="ptolemy.util.test.junit.AutoTests" name="[0] /home/travis/build/icyphy/ptII/ptolemy/domains/continuous/test/auto/BouncingBall.xml (RunModel)" time="2.8" />
  <testcase classname="ptolemy.util.test.junit.AutoTests" name="[1] /home/travis/build/icyphy/ptII/ptolemy/domains/continuous/test/auto/BouncingBallWithoutGR.xml (RunModel)" time="0.766" />
  <testcase classname="ptolemy.util.test.junit.AutoTests" name="[2] /home/travis/build/icyphy/ptII/ptolemy/domains/continuous/test/auto/Brownian.xml (RunModel)" time="0.124" />
  <testcase classname="ptolemy.util.test.junit.AutoTests" name="[3] /home/travis/build/icyphy/ptII/ptolemy/domains/continuous/test/auto/CarTracking.xml (RunModel)" time="3.646" />
  <testcase classname="ptolemy.util.test.junit.AutoTests" name="[4] /home/travis/build/icyphy/ptII/ptolemy/domains/continuous/test/auto/CartPendulum.xml (RunModel)" time="0.585" />
  <testcase classname="ptolemy.util.test.junit.AutoTests" name="[5] /home/travis/build/icyphy/ptII/ptolemy/domains/continuous/test/auto/CausalityInterface10.xml (RunModel)" time="0.055" />
  <testcase classname="ptolemy.util.test.junit.AutoTests" name="[6] /home/travis/build/icyphy/ptII/ptolemy/domains/continuous/test/auto/CausalityInterface11.xml (RunModel)" time="0.038" />
  <testcase classname="ptolemy.util.test.junit.AutoTests" name="[7] /home/travis/build/icyphy/ptII/ptolemy/domains/continuous/test/auto/CausalityInterface12.xml (RunModel)" time="0.034" />
  <testcase classname="ptolemy.util.test.junit.AutoTests" name="[8] /home/travis/build/icyphy/ptII/ptolemy/domains/continuous/test/auto/CausalityInterface13.xml (RunModel)" time="0.039" />
  <testcase classname="ptolemy.util.test.junit.AutoTests" name="[9] /home/travis/build/icyphy/ptII/ptolemy/domains/continuous/test/auto/CausalityInterface14.xml (RunModel)" time="0.03" />
  <testcase classname="ptolemy.util.test.junit.AutoTests" name="[10] /home/travis/build/icyphy/ptII/ptolemy/domains/continuous/test/auto/CausalityInterface4.xml (RunModel)" time="0.041" />
  <testcase classname="ptolemy.util.test.junit.AutoTests" name="[11] /home/travis/build/icyphy/ptII/ptolemy/domains/continuous/test/auto/CausalityInterface5.xml (RunModel)" time="0.049" />
  <testcase classname="ptolemy.util.test.junit.AutoTests" name="[12] /home/travis/build/icyphy/ptII/ptolemy/domains/continuous/test/auto/CausalityInterface6.xml (RunModel)" time="0.032" />
  <testcase classname="ptolemy.util.test.junit.AutoTests" name="[13] /home/travis/build/icyphy/ptII/ptolemy/domains/continuous/test/auto/CausalityInterface7.xml (RunModel)" time="0.048" />
  <testcase classname="ptolemy.util.test.junit.AutoTests" name="[14] /home/travis/build/icyphy/ptII/ptolemy/domains/continuous/test/auto/CausalityInterface8.xml (RunModel)" time="0.038" />
  <testcase classname="ptolemy.util.test.junit.AutoTests" name="[15] /home/travis/build/icyphy/ptII/ptolemy/domains/continuous/test/auto/CausalityInterface9.xml (RunModel)" time="0.051" />
  <testcase classname="ptolemy.util.test.junit.AutoTests" name="[16] /home/travis/build/icyphy/ptII/ptolemy/domains/continuous/test/auto/CausalityInterfaceFeedback1.xml (RunModel)" time="0.029" />
  <testcase classname="ptolemy.util.test.junit.AutoTests" name="[17] /home/travis/build/icyphy/ptII/ptolemy/domains/continuous/test/auto/CausalityInterfaceFeedback2.xml (RunModel)" time="0.043" />
  <testcase classname="ptolemy.util.test.junit.AutoTests" name="[18] /home/travis/build/icyphy/ptII/ptolemy/domains/continuous/test/auto/CompareWithCurrentTime.xml (RunModel)" time="0.027" />
  <testcase classname="ptolemy.util.test.junit.AutoTests" name="[19] /home/travis/build/icyphy/ptII/ptolemy/domains/continuous/test/auto/ComparedClocks.xml (RunModel)" time="0.078" />
  <testcase classname="ptolemy.util.test.junit.AutoTests" name="[20] /home/travis/build/icyphy/ptII/ptolemy/domains/continuous/test/auto/ContinuousAOCClone.xml (RunModel)" time="2.661" />
  <testcase classname="ptolemy.util.test.junit.AutoTests" name="[21] /home/travis/build/icyphy/ptII/ptolemy/domains/continuous/test/auto/ContinuousClock.xml (RunModel)" time="0.109" />
  <testcase classname="ptolemy.util.test.junit.AutoTests" name="[22] /home/travis/build/icyphy/ptII/ptolemy/domains/continuous/test/auto/ContinuousInContinuous.xml (RunModel)" time="0.087" />
  <testcase classname="ptolemy.util.test.junit.AutoTests" name="[23] /home/travis/build/icyphy/ptII/ptolemy/domains/continuous/test/auto/ContinuousInContinuousInContinuous.xml (RunModel)" time="0.028" />
  <testcase classname="ptolemy.util.test.junit.AutoTests" name="[24] /home/travis/build/icyphy/ptII/ptolemy/domains/continuous/test/auto/ContinuousInDE.xml (RunModel)" time="0.136" />
  <testcase classname="ptolemy.util.test.junit.AutoTests" name="[25] /home/travis/build/icyphy/ptII/ptolemy/domains/continuous/test/auto/ContinuousInDE2.xml (RunModel)" time="0.058" />
  <testcase classname="ptolemy.util.test.junit.AutoTests" name="[26] /home/travis/build/icyphy/ptII/ptolemy/domains/continuous/test/auto/ContinuousInDE3.xml (RunModel)" time="0.052" />
  <testcase classname="ptolemy.util.test.junit.AutoTests" name="[27] /home/travis/build/icyphy/ptII/ptolemy/domains/continuous/test/auto/ContinuousInDE4.xml (RunModel)" time="0.033" />
  <testcase classname="ptolemy.util.test.junit.AutoTests" name="[28] /home/travis/build/icyphy/ptII/ptolemy/domains/continuous/test/auto/ContinuousInDEDifferentRefinements.xml (RunModel)" time="0.111" />
  <testcase classname="ptolemy.util.test.junit.AutoTests" name="[29] /home/travis/build/icyphy/ptII/ptolemy/domains/continuous/test/auto/ContinuousInDEDifferentRefinementsPreemptive.xml (RunModel)" time="0.077" />
  <testcase classname="ptolemy.util.test.junit.AutoTests" name="[30] /home/travis/build/icyphy/ptII/ptolemy/domains/continuous/test/auto/ContinuousInDEInContinuous2.xml (RunModel)" time="0.062" />
  <testcase classname="ptolemy.util.test.junit.AutoTests" name="[31] /home/travis/build/icyphy/ptII/ptolemy/domains/continuous/test/auto/ContinuousInDEInContinuous3.xml (RunModel)" time="0.058" />
  <testcase classname="ptolemy.util.test.junit.AutoTests" name="[32] /home/travis/build/icyphy/ptII/ptolemy/domains/continuous/test/auto/ContinuousInDEInput.xml (RunModel)" time="0.039" />
  <testcase classname="ptolemy.util.test.junit.AutoTests" name="[33] /home/travis/build/icyphy/ptII/ptolemy/domains/continuous/test/auto/ContinuousInDEInput2.xml (RunModel)" time="0.04" />
  <testcase classname="ptolemy.util.test.junit.AutoTests" name="[34] /home/travis/build/icyphy/ptII/ptolemy/domains/continuous/test/auto/ContinuousInDEInput3.xml (RunModel)" time="0.036" />
  <testcase classname="ptolemy.util.test.junit.AutoTests" name="[35] /home/travis/build/icyphy/ptII/ptolemy/domains/continuous/test/auto/ContinuousInDESharingRefinement.xml (RunModel)" time="0.162" />
  <testcase classname="ptolemy.util.test.junit.AutoTests" name="[36] /home/travis/build/icyphy/ptII/ptolemy/domains/continuous/test/auto/ContinuousInDEwithNoPorts.xml (RunModel)" time="0.021" />
  <testcase classname="ptolemy.util.test.junit.AutoTests" name="[37] /home/travis/build/icyphy/ptII/ptolemy/domains/continuous/test/auto/ContinuousInsideDE.xml (RunModel)" time="0.081" />
  <testcase classname="ptolemy.util.test.junit.AutoTests" name="[38] /home/travis/build/icyphy/ptII/ptolemy/domains/continuous/test/auto/ContinuousMerge1.xml (RunModel)" time="0.014" />
  <testcase classname="ptolemy.util.test.junit.AutoTests" name="[39] /home/travis/build/icyphy/ptII/ptolemy/domains/continuous/test/auto/ContinuousMerge2.xml (RunModel)" time="0.046" />
  <testcase classname="ptolemy.util.test.junit.AutoTests" name="[40] /home/travis/build/icyphy/ptII/ptolemy/domains/continuous/test/auto/ContinuousMerge3.xml (RunModel)" time="0.066" />
  <testcase classname="ptolemy.util.test.junit.AutoTests" name="[41] /home/travis/build/icyphy/ptII/ptolemy/domains/continuous/test/auto/ContinuousWithinContinuous.xml (RunModel)" time="0.056" />
  <testcase classname="ptolemy.util.test.junit.AutoTests" name="[42] /home/travis/build/icyphy/ptII/ptolemy/domains/continuous/test/auto/ContinuousWithinContinuous2.xml (RunModel)" time="0.076" />
  <testcase classname="ptolemy.util.test.junit.AutoTests" name="[43] /home/travis/build/icyphy/ptII/ptolemy/domains/continuous/test/auto/ContinuousWithinContinuous3.xml (RunModel)" time="0.033" />
  <testcase classname="ptolemy.util.test.junit.AutoTests" name="[44] /home/travis/build/icyphy/ptII/ptolemy/domains/continuous/test/auto/ContinuousWithinContinuous4.xml (RunModel)" time="0.083" />
  <testcase classname="ptolemy.util.test.junit.AutoTests" name="[45] /home/travis/build/icyphy/ptII/ptolemy/domains/continuous/test/auto/ContinuousWithinContinuous5.xml (RunModel)" time="0.031" />
  <testcase classname="ptolemy.util.test.junit.AutoTests" name="[46] /home/travis/build/icyphy/ptII/ptolemy/domains/continuous/test/auto/ContinuousWithinContinuous6.xml (RunModel)" time="0.038" />
  <testcase classname="ptolemy.util.test.junit.AutoTests" name="[47] /home/travis/build/icyphy/ptII/ptolemy/domains/continuous/test/auto/ContinuousWithinContinuous7.xml (RunModel)" time="0.066" />
  <testcase classname="ptolemy.util.test.junit.AutoTests" name="[48] /home/travis/build/icyphy/ptII/ptolemy/domains/continuous/test/auto/DCMotor.xml (RunModel)" time="13.358" />
  <testcase classname="ptolemy.util.test.junit.AutoTests" name="[49] /home/travis/build/icyphy/ptII/ptolemy/domains/continuous/test/auto/DEInContinuous.xml (RunModel)" time="0.041" />
  <testcase classname="ptolemy.util.test.junit.AutoTests" name="[50] /home/travis/build/icyphy/ptII/ptolemy/domains/continuous/test/auto/DEinContinuous2.xml (RunModel)" time="0.029" />
  <testcase classname="ptolemy.util.test.junit.AutoTests" name="[51] /home/travis/build/icyphy/ptII/ptolemy/domains/continuous/test/auto/Derivative.xml (RunModel)" time="0.187" />
  <testcase classname="ptolemy.util.test.junit.AutoTests" name="[52] /home/travis/build/icyphy/ptII/ptolemy/domains/continuous/test/auto/Derivative1.xml (RunModel)" time="0.055" />
  <testcase classname="ptolemy.util.test.junit.AutoTests" name="[53] /home/travis/build/icyphy/ptII/ptolemy/domains/continuous/test/auto/DiscreteClock.xml (RunModel)" time="0.021" />
  <testcase classname="ptolemy.util.test.junit.AutoTests" name="[54] /home/travis/build/icyphy/ptII/ptolemy/domains/continuous/test/auto/EfficiencyCurve.xml (RunModel)" time="0.094" />
  <testcase classname="ptolemy.util.test.junit.AutoTests" name="[55] /home/travis/build/icyphy/ptII/ptolemy/domains/continuous/test/auto/ExponentialResponse.xml (RunModel)" time="0.114" />
  <testcase classname="ptolemy.util.test.junit.AutoTests" name="[56] /home/travis/build/icyphy/ptII/ptolemy/domains/continuous/test/auto/ExponentialResponseRK45.xml (RunModel)" time="0.035" />
  <testcase classname="ptolemy.util.test.junit.AutoTests" name="[57] /home/travis/build/icyphy/ptII/ptolemy/domains/continuous/test/auto/Friction.xml (RunModel)" time="1.392" />
  <testcase classname="ptolemy.util.test.junit.AutoTests" name="[58] /home/travis/build/icyphy/ptII/ptolemy/domains/continuous/test/auto/FurutaPendulum.xml (RunModel)" time="3.616" />
  <testcase classname="ptolemy.util.test.junit.AutoTests" name="[59] /home/travis/build/icyphy/ptII/ptolemy/domains/continuous/test/auto/HierarchicalExecution.xml (RunModel)" time="2.035" />
  <testcase classname="ptolemy.util.test.junit.AutoTests" name="[60] /home/travis/build/icyphy/ptII/ptolemy/domains/continuous/test/auto/HybridPlant.xml (RunModel)" time="0.518" />
  <testcase classname="ptolemy.util.test.junit.AutoTests" name="[61] /home/travis/build/icyphy/ptII/ptolemy/domains/continuous/test/auto/Hysteresis.xml (RunModel)" time="0.199" />
  <testcase classname="ptolemy.util.test.junit.AutoTests" name="[62] /home/travis/build/icyphy/ptII/ptolemy/domains/continuous/test/auto/HysteresisWithRandomDelay.xml (RunModel)" time="0.218" />
  <testcase classname="ptolemy.util.test.junit.AutoTests" name="[63] /home/travis/build/icyphy/ptII/ptolemy/domains/continuous/test/auto/HysteresisWithRandomLosses.xml (RunModel)" time="2.272" />
  <testcase classname="ptolemy.util.test.junit.AutoTests" name="[64] /home/travis/build/icyphy/ptII/ptolemy/domains/continuous/test/auto/ImmediateTransitions.xml (RunModel)" time="0.026" />
  <testcase classname="ptolemy.util.test.junit.AutoTests" name="[65] /home/travis/build/icyphy/ptII/ptolemy/domains/continuous/test/auto/ImpulseFeedback.xml (RunModel)" time="0.028" />
  <testcase classname="ptolemy.util.test.junit.AutoTests" name="[66] /home/travis/build/icyphy/ptII/ptolemy/domains/continuous/test/auto/ImpulseFeedback2.xml (RunModel)" time="0.02" />
  <testcase classname="ptolemy.util.test.junit.AutoTests" name="[67] /home/travis/build/icyphy/ptII/ptolemy/domains/continuous/test/auto/IncreasingRatePoisson.xml (RunModel)" time="0.692" />
  <testcase classname="ptolemy.util.test.junit.AutoTests" name="[68] /home/travis/build/icyphy/ptII/ptolemy/domains/continuous/test/auto/InitialStateFeedback.xml (RunModel)" time="0.014" />
  <testcase classname="ptolemy.util.test.junit.AutoTests" name="[69] /home/travis/build/icyphy/ptII/ptolemy/domains/continuous/test/auto/Integration.xml (RunModel)" time="0.014" />
  <testcase classname="ptolemy.util.test.junit.AutoTests" name="[70] /home/travis/build/icyphy/ptII/ptolemy/domains/continuous/test/auto/Integration2.xml (RunModel)" time="0.088" />
  <testcase classname="ptolemy.util.test.junit.AutoTests" name="[71] /home/travis/build/icyphy/ptII/ptolemy/domains/continuous/test/auto/Integration3.xml (RunModel)" time="0.013" />
  <testcase classname="ptolemy.util.test.junit.AutoTests" name="[72] /home/travis/build/icyphy/ptII/ptolemy/domains/continuous/test/auto/Integration5.xml (RunModel)" time="0.023" />
  <testcase classname="ptolemy.util.test.junit.AutoTests" name="[73] /home/travis/build/icyphy/ptII/ptolemy/domains/continuous/test/auto/IntegratorImpulse.xml (RunModel)" time="0.011" />
  <testcase classname="ptolemy.util.test.junit.AutoTests" name="[74] /home/travis/build/icyphy/ptII/ptolemy/domains/continuous/test/auto/IntegratorImpulse2.xml (RunModel)" time="0.013" />
  <testcase classname="ptolemy.util.test.junit.AutoTests" name="[75] /home/travis/build/icyphy/ptII/ptolemy/domains/continuous/test/auto/LevelCrossing1.xml (RunModel)" time="0.012" />
  <testcase classname="ptolemy.util.test.junit.AutoTests" name="[76] /home/travis/build/icyphy/ptII/ptolemy/domains/continuous/test/auto/LevelCrossing2.xml (RunModel)" time="0.014" />
  <testcase classname="ptolemy.util.test.junit.AutoTests" name="[77] /home/travis/build/icyphy/ptII/ptolemy/domains/continuous/test/auto/LevelCrossing3.xml (RunModel)" time="0.013" />
  <testcase classname="ptolemy.util.test.junit.AutoTests" name="[78] /home/travis/build/icyphy/ptII/ptolemy/domains/continuous/test/auto/LevelCrossing4.xml (RunModel)" time="0.013" />
  <testcase classname="ptolemy.util.test.junit.AutoTests" name="[79] /home/travis/build/icyphy/ptII/ptolemy/domains/continuous/test/auto/LevelCrossing5.xml (RunModel)" time="0.013" />
  <testcase classname="ptolemy.util.test.junit.AutoTests" name="[80] /home/travis/build/icyphy/ptII/ptolemy/domains/continuous/test/auto/LevelCrossing6.xml (RunModel)" time="0.013" />
  <testcase classname="ptolemy.util.test.junit.AutoTests" name="[81] /home/travis/build/icyphy/ptII/ptolemy/domains/continuous/test/auto/LevelCrossingDetector.xml (RunModel)" time="0.044" />
  <testcase classname="ptolemy.util.test.junit.AutoTests" name="[82] /home/travis/build/icyphy/ptII/ptolemy/domains/continuous/test/auto/LevelCrossingDetectorDetectingDirections.xml (RunModel)" time="0.082" />
  <testcase classname="ptolemy.util.test.junit.AutoTests" name="[83] /home/travis/build/icyphy/ptII/ptolemy/domains/continuous/test/auto/LevelCrossingDetectorDetectsGlitches.xml (RunModel)" time="0.065" />
  <testcase classname="ptolemy.util.test.junit.AutoTests" name="[84] /home/travis/build/icyphy/ptII/ptolemy/domains/continuous/test/auto/LevelCrossingNoInitialOuput.xml (RunModel)" time="0.013" />
  <testcase classname="ptolemy.util.test.junit.AutoTests" name="[85] /home/travis/build/icyphy/ptII/ptolemy/domains/continuous/test/auto/LinearStateSpaceExample.xml (RunModel)" time="0.04" />
  <testcase classname="ptolemy.util.test.junit.AutoTests" name="[86] /home/travis/build/icyphy/ptII/ptolemy/domains/continuous/test/auto/Lorenz.xml (RunModel)" time="4.383" />
  <testcase classname="ptolemy.util.test.junit.AutoTests" name="[87] /home/travis/build/icyphy/ptII/ptolemy/domains/continuous/test/auto/LorenzDifferentialSystem.xml (RunModel)" time="1.242" />
  <testcase classname="ptolemy.util.test.junit.AutoTests" name="[88] /home/travis/build/icyphy/ptII/ptolemy/domains/continuous/test/auto/LorenzDifferentialSystemWithInput.xml (RunModel)" time="1.438" />
  <testcase classname="ptolemy.util.test.junit.AutoTests" name="[89] /home/travis/build/icyphy/ptII/ptolemy/domains/continuous/test/auto/LorenzDifferentialSystemWithTime.xml (RunModel)" time="0.773" />
  <testcase classname="ptolemy.util.test.junit.AutoTests" name="[90] /home/travis/build/icyphy/ptII/ptolemy/domains/continuous/test/auto/Microsteps.xml (RunModel)" time="0.02" />
  <testcase classname="ptolemy.util.test.junit.AutoTests" name="[91] /home/travis/build/icyphy/ptII/ptolemy/domains/continuous/test/auto/Modal1.xml (RunModel)" time="0.033" />
  <testcase classname="ptolemy.util.test.junit.AutoTests" name="[92] /home/travis/build/icyphy/ptII/ptolemy/domains/continuous/test/auto/Modal2.xml (RunModel)" time="0.034" />
  <testcase classname="ptolemy.util.test.junit.AutoTests" name="[93] /home/travis/build/icyphy/ptII/ptolemy/domains/continuous/test/auto/ModalTransitionGuardWithReset.xml (RunModel)" time="0.025" />
  <testcase classname="ptolemy.util.test.junit.AutoTests" name="[94] /home/travis/build/icyphy/ptII/ptolemy/domains/continuous/test/auto/ModalTransitionGuardWithResetUsingPreemptiveTransition.xml (RunModel)" time="0.026" />
  <testcase classname="ptolemy.util.test.junit.AutoTests" name="[95] /home/travis/build/icyphy/ptII/ptolemy/domains/continuous/test/auto/ModalTransitionGuardWithResetUsingPreemptiveTransition2.xml (RunModel)" time="0.025" />
  <testcase classname="ptolemy.util.test.junit.AutoTests" name="[96] /home/travis/build/icyphy/ptII/ptolemy/domains/continuous/test/auto/ModalTransitionGuardWithResetUsingPreemptiveTransition3.xml (RunModel)" time="0.025" />
  <testcase classname="ptolemy.util.test.junit.AutoTests" name="[97] /home/travis/build/icyphy/ptII/ptolemy/domains/continuous/test/auto/NewtonsCradle.xml (RunModel)" time="0.733" />
  <testcase classname="ptolemy.util.test.junit.AutoTests" name="[98] /home/travis/build/icyphy/ptII/ptolemy/domains/continuous/test/auto/NewtonsCradleAnimated.xml (RunModel)" time="1.267" />
  <testcase classname="ptolemy.util.test.junit.AutoTests" name="[99] /home/travis/build/icyphy/ptII/ptolemy/domains/continuous/test/auto/NewtonsCradleComplicated.xml (RunModel)" time="0.913" />
  <testcase classname="ptolemy.util.test.junit.AutoTests" name="[100] /home/travis/build/icyphy/ptII/ptolemy/domains/continuous/test/auto/NewtonsCradleNondeterministic.xml (RunModel)" time="0.772" />
  <testcase classname="ptolemy.util.test.junit.AutoTests" name="[101] /home/travis/build/icyphy/ptII/ptolemy/domains/continuous/test/auto/NewtonsCradlePerfectlyInelastic1.xml (RunModel)" time="1.241" />
  <testcase classname="ptolemy.util.test.junit.AutoTests" name="[102] /home/travis/build/icyphy/ptII/ptolemy/domains/continuous/test/auto/Noise.xml (RunModel)" time="0.185" />
  <testcase classname="ptolemy.util.test.junit.AutoTests" name="[103] /home/travis/build/icyphy/ptII/ptolemy/domains/continuous/test/auto/NoiseSpectrum.xml (RunModel)" time="0.763" />
  <testcase classname="ptolemy.util.test.junit.AutoTests" name="[104] /home/travis/build/icyphy/ptII/ptolemy/domains/continuous/test/auto/ParameterizedNewtonsCradleAnimated.xml (RunModel)" time="0.363" />
  <testcase classname="ptolemy.util.test.junit.AutoTests" name="[105] /home/travis/build/icyphy/ptII/ptolemy/domains/continuous/test/auto/ParameterizedNewtonsCradleAnimatedNondeterministic.xml (RunModel)" time="1.124" />
  <testcase classname="ptolemy.util.test.junit.AutoTests" name="[106] /home/travis/build/icyphy/ptII/ptolemy/domains/continuous/test/auto/Pendulum3D.xml (RunModel)" time="0.169" />
  <testcase classname="ptolemy.util.test.junit.AutoTests" name="[107] /home/travis/build/icyphy/ptII/ptolemy/domains/continuous/test/auto/PeriodicSampler.xml (RunModel)" time="0.011" />
  <testcase classname="ptolemy.util.test.junit.AutoTests" name="[108] /home/travis/build/icyphy/ptII/ptolemy/domains/continuous/test/auto/PeriodicSampler1.xml (RunModel)" time="0.041" />
  <testcase classname="ptolemy.util.test.junit.AutoTests" name="[109] /home/travis/build/icyphy/ptII/ptolemy/domains/continuous/test/auto/PeriodicSampler2.xml (RunModel)" time="0.065" />
  <testcase classname="ptolemy.util.test.junit.AutoTests" name="[110] /home/travis/build/icyphy/ptII/ptolemy/domains/continuous/test/auto/Poisson.xml (RunModel)" time="0.481" />
  <testcase classname="ptolemy.util.test.junit.AutoTests" name="[111] /home/travis/build/icyphy/ptII/ptolemy/domains/continuous/test/auto/PoissonClock.xml (RunModel)" time="0.009" />
  <testcase classname="ptolemy.util.test.junit.AutoTests" name="[112] /home/travis/build/icyphy/ptII/ptolemy/domains/continuous/test/auto/PoissonClock2.xml (RunModel)" time="0.015" />
  <testcase classname="ptolemy.util.test.junit.AutoTests" name="[113] /home/travis/build/icyphy/ptII/ptolemy/domains/continuous/test/auto/PortParameterHierarchy.xml (RunModel)" time="0.018" />
  <testcase classname="ptolemy.util.test.junit.AutoTests" name="[114] /home/travis/build/icyphy/ptII/ptolemy/domains/continuous/test/auto/RandomHybridPlant.xml (RunModel)" time="0.515" />
  <testcase classname="ptolemy.util.test.junit.AutoTests" name="[115] /home/travis/build/icyphy/ptII/ptolemy/domains/continuous/test/auto/ResetTransitionWithStartTime1.xml (RunModel)" time="0.045" />
  <testcase classname="ptolemy.util.test.junit.AutoTests" name="[116] /home/travis/build/icyphy/ptII/ptolemy/domains/continuous/test/auto/ResetTransitionWithStartTime2.xml (RunModel)" time="0.05" />
  <testcase classname="ptolemy.util.test.junit.AutoTests" name="[117] /home/travis/build/icyphy/ptII/ptolemy/domains/continuous/test/auto/ResetTransitionWithStartTime3.xml (RunModel)" time="0.038" />
  <testcase classname="ptolemy.util.test.junit.AutoTests" name="[118] /home/travis/build/icyphy/ptII/ptolemy/domains/continuous/test/auto/ResetTransitionWithStartTime4.xml (RunModel)" time="0.023" />
  <testcase classname="ptolemy.util.test.junit.AutoTests" name="[119] /home/travis/build/icyphy/ptII/ptolemy/domains/continuous/test/auto/ResetTransitionWithStartTime5.xml (RunModel)" time="0.031" />
  <testcase classname="ptolemy.util.test.junit.AutoTests" name="[120] /home/travis/build/icyphy/ptII/ptolemy/domains/continuous/test/auto/ResetTransitionWithStartTime6.xml (RunModel)" time="0.027" />
  <testcase classname="ptolemy.util.test.junit.AutoTests" name="[121] /home/travis/build/icyphy/ptII/ptolemy/domains/continuous/test/auto/SRinContinuous.xml (RunModel)" time="0.028" />
  <testcase classname="ptolemy.util.test.junit.AutoTests" name="[122] /home/travis/build/icyphy/ptII/ptolemy/domains/continuous/test/auto/SampledClocks.xml (RunModel)" time="0.029" />
  <testcase classname="ptolemy.util.test.junit.AutoTests" name="[123] /home/travis/build/icyphy/ptII/ptolemy/domains/continuous/test/auto/Satellite.xml (RunModel)" time="0.776" />
  <testcase classname="ptolemy.util.test.junit.AutoTests" name="[124] /home/travis/build/icyphy/ptII/ptolemy/domains/continuous/test/auto/SigmaDelta.xml (RunModel)" time="2.245" />
  <testcase classname="ptolemy.util.test.junit.AutoTests" name="[125] /home/travis/build/icyphy/ptII/ptolemy/domains/continuous/test/auto/SinuBouncingBall.xml (RunModel)" time="0.747" />
  <testcase classname="ptolemy.util.test.junit.AutoTests" name="[126] /home/travis/build/icyphy/ptII/ptolemy/domains/continuous/test/auto/Sinusoid.xml (RunModel)" time="0.013" />
  <testcase classname="ptolemy.util.test.junit.AutoTests" name="[127] /home/travis/build/icyphy/ptII/ptolemy/domains/continuous/test/auto/SinusoidInNoise.xml (RunModel)" time="0.936" />
  <testcase classname="ptolemy.util.test.junit.AutoTests" name="[128] /home/travis/build/icyphy/ptII/ptolemy/domains/continuous/test/auto/SinusoidRK45.xml (RunModel)" time="0.011" />
  <testcase classname="ptolemy.util.test.junit.AutoTests" name="[129] /home/travis/build/icyphy/ptII/ptolemy/domains/continuous/test/auto/SinusoidWithMultipleImpulses.xml (RunModel)" time="0.01" />
  <testcase classname="ptolemy.util.test.junit.AutoTests" name="[130] /home/travis/build/icyphy/ptII/ptolemy/domains/continuous/test/auto/SquareWave.xml (RunModel)" time="0.195" />
  <testcase classname="ptolemy.util.test.junit.AutoTests" name="[131] /home/travis/build/icyphy/ptII/ptolemy/domains/continuous/test/auto/Starmac.xml (RunModel)" time="3.376" />
  <testcase classname="ptolemy.util.test.junit.AutoTests" name="[132] /home/travis/build/icyphy/ptII/ptolemy/domains/continuous/test/auto/StaticUnits.xml (RunModel)" time="2.438" />
  <testcase classname="ptolemy.util.test.junit.AutoTests" name="[133] /home/travis/build/icyphy/ptII/ptolemy/domains/continuous/test/auto/StickyMasses.xml (RunModel)" time="0.17" />
  <testcase classname="ptolemy.util.test.junit.AutoTests" name="[134] /home/travis/build/icyphy/ptII/ptolemy/domains/continuous/test/auto/StopTime.xml (RunModel)" time="0.078" />
  <testcase classname="ptolemy.util.test.junit.AutoTests" name="[135] /home/travis/build/icyphy/ptII/ptolemy/domains/continuous/test/auto/StopTime2.xml (RunModel)" time="0.051" />
  <testcase classname="ptolemy.util.test.junit.AutoTests" name="[136] /home/travis/build/icyphy/ptII/ptolemy/domains/continuous/test/auto/Switch.xml (RunModel)" time="0.062" />
  <testcase classname="ptolemy.util.test.junit.AutoTests" name="[137] /home/travis/build/icyphy/ptII/ptolemy/domains/continuous/test/auto/Thermostat.xml (RunModel)" time="0.231" />
  <testcase classname="ptolemy.util.test.junit.AutoTests" name="[138] /home/travis/build/icyphy/ptII/ptolemy/domains/continuous/test/auto/TimeDelay.xml (RunModel)" time="0.013" />
  <testcase classname="ptolemy.util.test.junit.AutoTests" name="[139] /home/travis/build/icyphy/ptII/ptolemy/domains/continuous/test/auto/TimeDelay2.xml (RunModel)" time="0.019" />
  <testcase classname="ptolemy.util.test.junit.AutoTests" name="[140] /home/travis/build/icyphy/ptII/ptolemy/domains/continuous/test/auto/TimeDelay3.xml (RunModel)" time="0.014" />
  <testcase classname="ptolemy.util.test.junit.AutoTests" name="[141] /home/travis/build/icyphy/ptII/ptolemy/domains/continuous/test/auto/TransferAbsentToInside.xml (RunModel)" time="0.191" />
  <testcase classname="ptolemy.util.test.junit.AutoTests" name="[142] /home/travis/build/icyphy/ptII/ptolemy/domains/continuous/test/auto/Transmission.xml (RunModel)" time="0.87" />
  <testcase classname="ptolemy.util.test.junit.AutoTests" name="[143] /home/travis/build/icyphy/ptII/ptolemy/domains/continuous/test/auto/TriggeredContinuousClock.xml (RunModel)" time="0.074" />
  <testcase classname="ptolemy.util.test.junit.AutoTests" name="[144] /home/travis/build/icyphy/ptII/ptolemy/domains/continuous/test/auto/TwoMachineInfiniteBusControl.xml (RunModel)" time="3.043" />
  <testcase classname="ptolemy.util.test.junit.AutoTests" name="[145] /home/travis/build/icyphy/ptII/ptolemy/domains/continuous/test/auto/V2V.xml (RunModel)" time="0.814" />
  <testcase classname="ptolemy.util.test.junit.AutoTests" name="[146] /home/travis/build/icyphy/ptII/ptolemy/domains/continuous/test/auto/hierarchicalModalModel.xml (RunModel)" time="0.039" />
  <testcase classname="ptolemy.util.test.junit.AutoTests" name="[147] /home/travis/build/icyphy/ptII/ptolemy/domains/continuous/test/auto/hierarchicalModalModel1.xml (RunModel)" time="0.037" />
  <testcase classname="ptolemy.util.test.junit.AutoTests" name="[148] /home/travis/build/icyphy/ptII/ptolemy/domains/continuous/test/auto/hierarchicalModalModel2.xml (RunModel)" time="0.034" />
  <testcase classname="ptolemy.util.test.junit.AutoTests" name="[149] /home/travis/build/icyphy/ptII/ptolemy/domains/continuous/test/auto/hierarchicalModalModel3.xml (RunModel)" time="0.024" />
  <testcase classname="ptolemy.util.test.junit.AutoTests" name="[150] /home/travis/build/icyphy/ptII/ptolemy/domains/continuous/test/auto/hierarchicalModalModel4.xml (RunModel)" time="0.036" />
  <testcase classname="ptolemy.util.test.junit.AutoTests" name="[151] /home/travis/build/icyphy/ptII/ptolemy/domains/continuous/test/auto/junk.xml (RunModel)" time="0.167" />
  <system-out><![CDATA[No tcl tests in /home/travis/build/icyphy/ptII/ptolemy/domains/continuous/test
No auto/knownFailedTests/*.xml tests in /home/travis/build/icyphy/ptII/ptolemy/domains/continuous/test
No auto/linux-amd64/*.xml tests in /home/travis/build/icyphy/ptII/ptolemy/domains/continuous/test
AutoTests.java: About to close Vertx.
AutoTests.java: Vertx closed.

===========================================================================================
----------------- testing Mon Jun 04 01:12:19 UTC 2018 /home/travis/build/icyphy/ptII/ptolemy/domains/continuous/test/auto/BouncingBall.xml
----------------- Instantiating /home/travis/build/icyphy/ptII/ptolemy/domains/continuous/test/auto/BouncingBall.xml
2287 ms. Memory: 331776K Free: 254798K (77%)
----------------- Invoking toplevel() on ptolemy.moml.MoMLSimpleApplication@74461dce
----------------- Done invoking toplevel() on ptolemy.moml.MoMLSimpleApplication@74461dce
reloadAllAccessors: .BouncingBall

===========================================================================================
----------------- testing Mon Jun 04 01:12:22 UTC 2018 /home/travis/build/icyphy/ptII/ptolemy/domains/continuous/test/auto/BouncingBallWithoutGR.xml
----------------- Instantiating /home/travis/build/icyphy/ptII/ptolemy/domains/continuous/test/auto/BouncingBallWithoutGR.xml
693 ms. Memory: 331776K Free: 310193K (93%)
----------------- Invoking toplevel() on ptolemy.moml.MoMLSimpleApplication@56430dd1
----------------- Done invoking toplevel() on ptolemy.moml.MoMLSimpleApplication@56430dd1
reloadAllAccessors: .BouncingBallWithoutGR

===========================================================================================
----------------- testing Mon Jun 04 01:12:22 UTC 2018 /home/travis/build/icyphy/ptII/ptolemy/domains/continuous/test/auto/Brownian.xml
----------------- Instantiating /home/travis/build/icyphy/ptII/ptolemy/domains/continuous/test/auto/Brownian.xml
27 ms. Memory: 331776K Free: 296283K (89%)
----------------- Invoking toplevel() on ptolemy.moml.MoMLSimpleApplication@33e3b80a
----------------- Done invoking toplevel() on ptolemy.moml.MoMLSimpleApplication@33e3b80a
reloadAllAccessors: .Brownian

===========================================================================================
----------------- testing Mon Jun 04 01:12:23 UTC 2018 /home/travis/build/icyphy/ptII/ptolemy/domains/continuous/test/auto/CarTracking.xml
----------------- Instantiating /home/travis/build/icyphy/ptII/ptolemy/domains/continuous/test/auto/CarTracking.xml
3204 ms. Memory: 578048K Free: 442468K (77%)
----------------- Invoking toplevel() on ptolemy.moml.MoMLSimpleApplication@40b6e7fc
----------------- Done invoking toplevel() on ptolemy.moml.MoMLSimpleApplication@40b6e7fc
reloadAllAccessors: .CarTracking

===========================================================================================
----------------- testing Mon Jun 04 01:12:26 UTC 2018 /home/travis/build/icyphy/ptII/ptolemy/domains/continuous/test/auto/CartPendulum.xml
----------------- Instantiating /home/travis/build/icyphy/ptII/ptolemy/domains/continuous/test/auto/CartPendulum.xml
419 ms. Memory: 578048K Free: 331225K (57%)
----------------- Invoking toplevel() on ptolemy.moml.MoMLSimpleApplication@573a06c5
----------------- Done invoking toplevel() on ptolemy.moml.MoMLSimpleApplication@573a06c5
reloadAllAccessors: .CartPendulum

===========================================================================================
----------------- testing Mon Jun 04 01:12:27 UTC 2018 /home/travis/build/icyphy/ptII/ptolemy/domains/continuous/test/auto/CausalityInterface10.xml
----------------- Instantiating /home/travis/build/icyphy/ptII/ptolemy/domains/continuous/test/auto/CausalityInterface10.xml
13 ms. Memory: 578048K Free: 318117K (55%)
----------------- Invoking toplevel() on ptolemy.moml.MoMLSimpleApplication@7589950b
----------------- Done invoking toplevel() on ptolemy.moml.MoMLSimpleApplication@7589950b
reloadAllAccessors: .CausalityInterface10

===========================================================================================
----------------- testing Mon Jun 04 01:12:27 UTC 2018 /home/travis/build/icyphy/ptII/ptolemy/domains/continuous/test/auto/CausalityInterface11.xml
----------------- Instantiating /home/travis/build/icyphy/ptII/ptolemy/domains/continuous/test/auto/CausalityInterface11.xml
10 ms. Memory: 578048K Free: 308287K (53%)
----------------- Invoking toplevel() on ptolemy.moml.MoMLSimpleApplication@5af9c602
----------------- Done invoking toplevel() on ptolemy.moml.MoMLSimpleApplication@5af9c602
reloadAllAccessors: .CausalityInterface11

===========================================================================================
----------------- testing Mon Jun 04 01:12:27 UTC 2018 /home/travis/build/icyphy/ptII/ptolemy/domains/continuous/test/auto/CausalityInterface12.xml
----------------- Instantiating /home/travis/build/icyphy/ptII/ptolemy/domains/continuous/test/auto/CausalityInterface12.xml
10 ms. Memory: 578048K Free: 298441K (52%)
----------------- Invoking toplevel() on ptolemy.moml.MoMLSimpleApplication@40e7b1af
----------------- Done invoking toplevel() on ptolemy.moml.MoMLSimpleApplication@40e7b1af
reloadAllAccessors: .CausalityInterface12

===========================================================================================
----------------- testing Mon Jun 04 01:12:27 UTC 2018 /home/travis/build/icyphy/ptII/ptolemy/domains/continuous/test/auto/CausalityInterface13.xml
----------------- Instantiating /home/travis/build/icyphy/ptII/ptolemy/domains/continuous/test/auto/CausalityInterface13.xml
6 ms. Memory: 578048K Free: 285435K (49%)
----------------- Invoking toplevel() on ptolemy.moml.MoMLSimpleApplication@6f8adb4f
----------------- Done invoking toplevel() on ptolemy.moml.MoMLSimpleApplication@6f8adb4f
reloadAllAccessors: .CausalityInterface13

===========================================================================================
----------------- testing Mon Jun 04 01:12:27 UTC 2018 /home/travis/build/icyphy/ptII/ptolemy/domains/continuous/test/auto/CausalityInterface14.xml
----------------- Instantiating /home/travis/build/icyphy/ptII/ptolemy/domains/continuous/test/auto/CausalityInterface14.xml
3 ms. Memory: 578048K Free: 275589K (48%)
----------------- Invoking toplevel() on ptolemy.moml.MoMLSimpleApplication@3ba70446
----------------- Done invoking toplevel() on ptolemy.moml.MoMLSimpleApplication@3ba70446
reloadAllAccessors: .CausalityInterface14

===========================================================================================
----------------- testing Mon Jun 04 01:12:27 UTC 2018 /home/travis/build/icyphy/ptII/ptolemy/domains/continuous/test/auto/CausalityInterface4.xml
----------------- Instantiating /home/travis/build/icyphy/ptII/ptolemy/domains/continuous/test/auto/CausalityInterface4.xml
3 ms. Memory: 578048K Free: 265742K (46%)
----------------- Invoking toplevel() on ptolemy.moml.MoMLSimpleApplication@2cb3a44
----------------- Done invoking toplevel() on ptolemy.moml.MoMLSimpleApplication@2cb3a44
reloadAllAccessors: .CausalityInterface4

===========================================================================================
----------------- testing Mon Jun 04 01:12:27 UTC 2018 /home/travis/build/icyphy/ptII/ptolemy/domains/continuous/test/auto/CausalityInterface5.xml
----------------- Instantiating /home/travis/build/icyphy/ptII/ptolemy/domains/continuous/test/auto/CausalityInterface5.xml
8 ms. Memory: 578048K Free: 252619K (44%)
----------------- Invoking toplevel() on ptolemy.moml.MoMLSimpleApplication@46ce51a1
----------------- Done invoking toplevel() on ptolemy.moml.MoMLSimpleApplication@46ce51a1
reloadAllAccessors: .CausalityInterface5

===========================================================================================
----------------- testing Mon Jun 04 01:12:27 UTC 2018 /home/travis/build/icyphy/ptII/ptolemy/domains/continuous/test/auto/CausalityInterface6.xml
----------------- Instantiating /home/travis/build/icyphy/ptII/ptolemy/domains/continuous/test/auto/CausalityInterface6.xml
6 ms. Memory: 578048K Free: 239614K (41%)
----------------- Invoking toplevel() on ptolemy.moml.MoMLSimpleApplication@474b56b5
----------------- Done invoking toplevel() on ptolemy.moml.MoMLSimpleApplication@474b56b5
reloadAllAccessors: .CausalityInterface6

===========================================================================================
----------------- testing Mon Jun 04 01:12:27 UTC 2018 /home/travis/build/icyphy/ptII/ptolemy/domains/continuous/test/auto/CausalityInterface7.xml
----------------- Instantiating /home/travis/build/icyphy/ptII/ptolemy/domains/continuous/test/auto/CausalityInterface7.xml
12 ms. Memory: 578048K Free: 226491K (39%)
----------------- Invoking toplevel() on ptolemy.moml.MoMLSimpleApplication@bf9ca97
----------------- Done invoking toplevel() on ptolemy.moml.MoMLSimpleApplication@bf9ca97
reloadAllAccessors: .CausalityInterface7

===========================================================================================
----------------- testing Mon Jun 04 01:12:27 UTC 2018 /home/travis/build/icyphy/ptII/ptolemy/domains/continuous/test/auto/CausalityInterface8.xml
----------------- Instantiating /home/travis/build/icyphy/ptII/ptolemy/domains/continuous/test/auto/CausalityInterface8.xml
11 ms. Memory: 578048K Free: 213375K (37%)
----------------- Invoking toplevel() on ptolemy.moml.MoMLSimpleApplication@5e39f155
----------------- Done invoking toplevel() on ptolemy.moml.MoMLSimpleApplication@5e39f155
reloadAllAccessors: .CausalityInterface8

===========================================================================================
----------------- testing Mon Jun 04 01:12:27 UTC 2018 /home/travis/build/icyphy/ptII/ptolemy/domains/continuous/test/auto/CausalityInterface9.xml
----------------- Instantiating /home/travis/build/icyphy/ptII/ptolemy/domains/continuous/test/auto/CausalityInterface9.xml
12 ms. Memory: 578048K Free: 196959K (34%)
----------------- Invoking toplevel() on ptolemy.moml.MoMLSimpleApplication@6dfd4ed2
----------------- Done invoking toplevel() on ptolemy.moml.MoMLSimpleApplication@6dfd4ed2
reloadAllAccessors: .CausalityInterface9

===========================================================================================
----------------- testing Mon Jun 04 01:12:27 UTC 2018 /home/travis/build/icyphy/ptII/ptolemy/domains/continuous/test/auto/CausalityInterfaceFeedback1.xml
----------------- Instantiating /home/travis/build/icyphy/ptII/ptolemy/domains/continuous/test/auto/CausalityInterfaceFeedback1.xml
5 ms. Memory: 578048K Free: 183953K (32%)
----------------- Invoking toplevel() on ptolemy.moml.MoMLSimpleApplication@cde9ee9
----------------- Done invoking toplevel() on ptolemy.moml.MoMLSimpleApplication@cde9ee9
reloadAllAccessors: .CausalityInterfaceFeedback1

===========================================================================================
----------------- testing Mon Jun 04 01:12:27 UTC 2018 /home/travis/build/icyphy/ptII/ptolemy/domains/continuous/test/auto/CausalityInterfaceFeedback2.xml
----------------- Instantiating /home/travis/build/icyphy/ptII/ptolemy/domains/continuous/test/auto/CausalityInterfaceFeedback2.xml
4 ms. Memory: 578048K Free: 174107K (30%)
----------------- Invoking toplevel() on ptolemy.moml.MoMLSimpleApplication@4ab71eb8
----------------- Done invoking toplevel() on ptolemy.moml.MoMLSimpleApplication@4ab71eb8
reloadAllAccessors: .CausalityInterfaceFeedback2

===========================================================================================
----------------- testing Mon Jun 04 01:12:27 UTC 2018 /home/travis/build/icyphy/ptII/ptolemy/domains/continuous/test/auto/CompareWithCurrentTime.xml
----------------- Instantiating /home/travis/build/icyphy/ptII/ptolemy/domains/continuous/test/auto/CompareWithCurrentTime.xml
3 ms. Memory: 578048K Free: 167553K (29%)
----------------- Invoking toplevel() on ptolemy.moml.MoMLSimpleApplication@589c0561
----------------- Done invoking toplevel() on ptolemy.moml.MoMLSimpleApplication@589c0561
reloadAllAccessors: .CompareWithCurrentTime

===========================================================================================
----------------- testing Mon Jun 04 01:12:27 UTC 2018 /home/travis/build/icyphy/ptII/ptolemy/domains/continuous/test/auto/ComparedClocks.xml
----------------- Instantiating /home/travis/build/icyphy/ptII/ptolemy/domains/continuous/test/auto/ComparedClocks.xml
8 ms. Memory: 578048K Free: 147860K (26%)
----------------- Invoking toplevel() on ptolemy.moml.MoMLSimpleApplication@2a8d0355
----------------- Done invoking toplevel() on ptolemy.moml.MoMLSimpleApplication@2a8d0355
reloadAllAccessors: .ComparedClocks

===========================================================================================
----------------- testing Mon Jun 04 01:12:27 UTC 2018 /home/travis/build/icyphy/ptII/ptolemy/domains/continuous/test/auto/ContinuousAOCClone.xml
----------------- Instantiating /home/travis/build/icyphy/ptII/ptolemy/domains/continuous/test/auto/ContinuousAOCClone.xml
2467 ms. Memory: 872448K Free: 377593K (43%)
----------------- Invoking toplevel() on ptolemy.moml.MoMLSimpleApplication@3fdf18b9
----------------- Done invoking toplevel() on ptolemy.moml.MoMLSimpleApplication@3fdf18b9
reloadAllAccessors: .ContinuousAOCClone

===========================================================================================
----------------- testing Mon Jun 04 01:12:30 UTC 2018 /home/travis/build/icyphy/ptII/ptolemy/domains/continuous/test/auto/ContinuousClock.xml
----------------- Instantiating /home/travis/build/icyphy/ptII/ptolemy/domains/continuous/test/auto/ContinuousClock.xml
30 ms. Memory: 872448K Free: 344384K (39%)
----------------- Invoking toplevel() on ptolemy.moml.MoMLSimpleApplication@59f35439
----------------- Done invoking toplevel() on ptolemy.moml.MoMLSimpleApplication@59f35439
reloadAllAccessors: .ContinuousClock

===========================================================================================
----------------- testing Mon Jun 04 01:12:30 UTC 2018 /home/travis/build/icyphy/ptII/ptolemy/domains/continuous/test/auto/ContinuousInContinuous.xml
----------------- Instantiating /home/travis/build/icyphy/ptII/ptolemy/domains/continuous/test/auto/ContinuousInContinuous.xml
40 ms. Memory: 872448K Free: 312931K (36%)
----------------- Invoking toplevel() on ptolemy.moml.MoMLSimpleApplication@509b1695
----------------- Done invoking toplevel() on ptolemy.moml.MoMLSimpleApplication@509b1695
reloadAllAccessors: .ContinuousInContinuous

===========================================================================================
----------------- testing Mon Jun 04 01:12:30 UTC 2018 /home/travis/build/icyphy/ptII/ptolemy/domains/continuous/test/auto/ContinuousInContinuousInContinuous.xml
----------------- Instantiating /home/travis/build/icyphy/ptII/ptolemy/domains/continuous/test/auto/ContinuousInContinuousInContinuous.xml
6 ms. Memory: 872448K Free: 297197K (34%)
----------------- Invoking toplevel() on ptolemy.moml.MoMLSimpleApplication@1ef080b3
----------------- Done invoking toplevel() on ptolemy.moml.MoMLSimpleApplication@1ef080b3
reloadAllAccessors: .ContinuousInContinuousInContinuous

===========================================================================================
----------------- testing Mon Jun 04 01:12:30 UTC 2018 /home/travis/build/icyphy/ptII/ptolemy/domains/continuous/test/auto/ContinuousInDE.xml
----------------- Instantiating /home/travis/build/icyphy/ptII/ptolemy/domains/continuous/test/auto/ContinuousInDE.xml
109 ms. Memory: 872448K Free: 281478K (32%)
----------------- Invoking toplevel() on ptolemy.moml.MoMLSimpleApplication@5595086b
----------------- Done invoking toplevel() on ptolemy.moml.MoMLSimpleApplication@5595086b
reloadAllAccessors: .ContinuousInDE

===========================================================================================
----------------- testing Mon Jun 04 01:12:30 UTC 2018 /home/travis/build/icyphy/ptII/ptolemy/domains/continuous/test/auto/ContinuousInDE2.xml
----------------- Instantiating /home/travis/build/icyphy/ptII/ptolemy/domains/continuous/test/auto/ContinuousInDE2.xml
36 ms. Memory: 872448K Free: 262336K (30%)
----------------- Invoking toplevel() on ptolemy.moml.MoMLSimpleApplication@62276a4a
----------------- Done invoking toplevel() on ptolemy.moml.MoMLSimpleApplication@62276a4a
reloadAllAccessors: .ContinuousInDE2

===========================================================================================
----------------- testing Mon Jun 04 01:12:31 UTC 2018 /home/travis/build/icyphy/ptII/ptolemy/domains/continuous/test/auto/ContinuousInDE3.xml
----------------- Instantiating /home/travis/build/icyphy/ptII/ptolemy/domains/continuous/test/auto/ContinuousInDE3.xml
36 ms. Memory: 872448K Free: 246617K (28%)
----------------- Invoking toplevel() on ptolemy.moml.MoMLSimpleApplication@77b1ba28
----------------- Done invoking toplevel() on ptolemy.moml.MoMLSimpleApplication@77b1ba28
reloadAllAccessors: .ContinuousInDE3

===========================================================================================
----------------- testing Mon Jun 04 01:12:31 UTC 2018 /home/travis/build/icyphy/ptII/ptolemy/domains/continuous/test/auto/ContinuousInDE4.xml
----------------- Instantiating /home/travis/build/icyphy/ptII/ptolemy/domains/continuous/test/auto/ContinuousInDE4.xml
11 ms. Memory: 872448K Free: 236138K (27%)
----------------- Invoking toplevel() on ptolemy.moml.MoMLSimpleApplication@a974b3b
----------------- Done invoking toplevel() on ptolemy.moml.MoMLSimpleApplication@a974b3b
reloadAllAccessors: .ContinuousInDE4

===========================================================================================
----------------- testing Mon Jun 04 01:12:31 UTC 2018 /home/travis/build/icyphy/ptII/ptolemy/domains/continuous/test/auto/ContinuousInDEDifferentRefinements.xml
----------------- Instantiating /home/travis/build/icyphy/ptII/ptolemy/domains/continuous/test/auto/ContinuousInDEDifferentRefinements.xml
57 ms. Memory: 872448K Free: 199414K (23%)
----------------- Invoking toplevel() on ptolemy.moml.MoMLSimpleApplication@28c6c250
----------------- Done invoking toplevel() on ptolemy.moml.MoMLSimpleApplication@28c6c250
reloadAllAccessors: .ContinuousInDEDifferentRefinements

===========================================================================================
----------------- testing Mon Jun 04 01:12:31 UTC 2018 /home/travis/build/icyphy/ptII/ptolemy/domains/continuous/test/auto/ContinuousInDEDifferentRefinementsPreemptive.xml
----------------- Instantiating /home/travis/build/icyphy/ptII/ptolemy/domains/continuous/test/auto/ContinuousInDEDifferentRefinementsPreemptive.xml
37 ms. Memory: 872448K Free: 159257K (18%)
----------------- Invoking toplevel() on ptolemy.moml.MoMLSimpleApplication@1af7c67a
----------------- Done invoking toplevel() on ptolemy.moml.MoMLSimpleApplication@1af7c67a
reloadAllAccessors: .ContinuousInDEDifferentRefinementsPreemptive

===========================================================================================
----------------- testing Mon Jun 04 01:12:31 UTC 2018 /home/travis/build/icyphy/ptII/ptolemy/domains/continuous/test/auto/ContinuousInDEInContinuous2.xml
----------------- Instantiating /home/travis/build/icyphy/ptII/ptolemy/domains/continuous/test/auto/ContinuousInDEInContinuous2.xml
37 ms. Memory: 872448K Free: 143538K (16%)
----------------- Invoking toplevel() on ptolemy.moml.MoMLSimpleApplication@221965f9
----------------- Done invoking toplevel() on ptolemy.moml.MoMLSimpleApplication@221965f9
reloadAllAccessors: .ContinuousInDEInContinuous2

===========================================================================================
----------------- testing Mon Jun 04 01:12:31 UTC 2018 /home/travis/build/icyphy/ptII/ptolemy/domains/continuous/test/auto/ContinuousInDEInContinuous3.xml
----------------- Instantiating /home/travis/build/icyphy/ptII/ptolemy/domains/continuous/test/auto/ContinuousInDEInContinuous3.xml
32 ms. Memory: 872448K Free: 122580K (14%)
----------------- Invoking toplevel() on ptolemy.moml.MoMLSimpleApplication@1962eb97
----------------- Done invoking toplevel() on ptolemy.moml.MoMLSimpleApplication@1962eb97
reloadAllAccessors: .ContinuousInDEInContinuous3

===========================================================================================
----------------- testing Mon Jun 04 01:12:31 UTC 2018 /home/travis/build/icyphy/ptII/ptolemy/domains/continuous/test/auto/ContinuousInDEInput.xml
----------------- Instantiating /home/travis/build/icyphy/ptII/ptolemy/domains/continuous/test/auto/ContinuousInDEInput.xml
16 ms. Memory: 872448K Free: 112101K (13%)
----------------- Invoking toplevel() on ptolemy.moml.MoMLSimpleApplication@63f60017
----------------- Done invoking toplevel() on ptolemy.moml.MoMLSimpleApplication@63f60017
reloadAllAccessors: .ContinuousInDEInput

===========================================================================================
----------------- testing Mon Jun 04 01:12:31 UTC 2018 /home/travis/build/icyphy/ptII/ptolemy/domains/continuous/test/auto/ContinuousInDEInput2.xml
----------------- Instantiating /home/travis/build/icyphy/ptII/ptolemy/domains/continuous/test/auto/ContinuousInDEInput2.xml
17 ms. Memory: 872448K Free: 98197K (11%)
----------------- Invoking toplevel() on ptolemy.moml.MoMLSimpleApplication@2e8caaf7
----------------- Done invoking toplevel() on ptolemy.moml.MoMLSimpleApplication@2e8caaf7
reloadAllAccessors: .ContinuousInDEInput2

===========================================================================================
----------------- testing Mon Jun 04 01:12:31 UTC 2018 /home/travis/build/icyphy/ptII/ptolemy/domains/continuous/test/auto/ContinuousInDEInput3.xml
----------------- Instantiating /home/travis/build/icyphy/ptII/ptolemy/domains/continuous/test/auto/ContinuousInDEInput3.xml
15 ms. Memory: 872448K Free: 87718K (10%)
----------------- Invoking toplevel() on ptolemy.moml.MoMLSimpleApplication@219e62a
----------------- Done invoking toplevel() on ptolemy.moml.MoMLSimpleApplication@219e62a
reloadAllAccessors: .ContinuousInDEInput3

===========================================================================================
----------------- testing Mon Jun 04 01:12:31 UTC 2018 /home/travis/build/icyphy/ptII/ptolemy/domains/continuous/test/auto/ContinuousInDESharingRefinement.xml
----------------- Instantiating /home/travis/build/icyphy/ptII/ptolemy/domains/continuous/test/auto/ContinuousInDESharingRefinement.xml
132 ms. Memory: 872960K Free: 775276K (89%)
----------------- Invoking toplevel() on ptolemy.moml.MoMLSimpleApplication@19df7a1b
----------------- Done invoking toplevel() on ptolemy.moml.MoMLSimpleApplication@19df7a1b
reloadAllAccessors: .ContinuousInDESharingRefinement

===========================================================================================
----------------- testing Mon Jun 04 01:12:31 UTC 2018 /home/travis/build/icyphy/ptII/ptolemy/domains/continuous/test/auto/ContinuousInDEwithNoPorts.xml
----------------- Instantiating /home/travis/build/icyphy/ptII/ptolemy/domains/continuous/test/auto/ContinuousInDEwithNoPorts.xml
5 ms. Memory: 872960K Free: 762443K (87%)
----------------- Invoking toplevel() on ptolemy.moml.MoMLSimpleApplication@1c5bb95c
----------------- Done invoking toplevel() on ptolemy.moml.MoMLSimpleApplication@1c5bb95c
reloadAllAccessors: .ContinuousInDEwithNoPorts

===========================================================================================
----------------- testing Mon Jun 04 01:12:31 UTC 2018 /home/travis/build/icyphy/ptII/ptolemy/domains/continuous/test/auto/ContinuousInsideDE.xml
----------------- Instantiating /home/travis/build/icyphy/ptII/ptolemy/domains/continuous/test/auto/ContinuousInsideDE.xml
43 ms. Memory: 872960K Free: 742779K (85%)
----------------- Invoking toplevel() on ptolemy.moml.MoMLSimpleApplication@582a00ad
----------------- Done invoking toplevel() on ptolemy.moml.MoMLSimpleApplication@582a00ad
reloadAllAccessors: .ContinuousInsideDE

===========================================================================================
----------------- testing Mon Jun 04 01:12:31 UTC 2018 /home/travis/build/icyphy/ptII/ptolemy/domains/continuous/test/auto/ContinuousMerge1.xml
----------------- Instantiating /home/travis/build/icyphy/ptII/ptolemy/domains/continuous/test/auto/ContinuousMerge1.xml
2 ms. Memory: 872960K Free: 732619K (84%)
----------------- Invoking toplevel() on ptolemy.moml.MoMLSimpleApplication@78704968
----------------- Done invoking toplevel() on ptolemy.moml.MoMLSimpleApplication@78704968
reloadAllAccessors: .ContinuousMerge1

===========================================================================================
----------------- testing Mon Jun 04 01:12:31 UTC 2018 /home/travis/build/icyphy/ptII/ptolemy/domains/continuous/test/auto/ContinuousMerge2.xml
----------------- Instantiating /home/travis/build/icyphy/ptII/ptolemy/domains/continuous/test/auto/ContinuousMerge2.xml
12 ms. Memory: 872960K Free: 716720K (82%)
----------------- Invoking toplevel() on ptolemy.moml.MoMLSimpleApplication@27cc1c74
----------------- Done invoking toplevel() on ptolemy.moml.MoMLSimpleApplication@27cc1c74
reloadAllAccessors: .ContinuousMerge2

===========================================================================================
----------------- testing Mon Jun 04 01:12:31 UTC 2018 /home/travis/build/icyphy/ptII/ptolemy/domains/continuous/test/auto/ContinuousMerge3.xml
----------------- Instantiating /home/travis/build/icyphy/ptII/ptolemy/domains/continuous/test/auto/ContinuousMerge3.xml
38 ms. Memory: 872960K Free: 700986K (80%)
----------------- Invoking toplevel() on ptolemy.moml.MoMLSimpleApplication@691efcac
----------------- Done invoking toplevel() on ptolemy.moml.MoMLSimpleApplication@691efcac
reloadAllAccessors: .ContinuousMerge3

===========================================================================================
----------------- testing Mon Jun 04 01:12:31 UTC 2018 /home/travis/build/icyphy/ptII/ptolemy/domains/continuous/test/auto/ContinuousWithinContinuous.xml
----------------- Instantiating /home/travis/build/icyphy/ptII/ptolemy/domains/continuous/test/auto/ContinuousWithinContinuous.xml
33 ms. Memory: 872960K Free: 682950K (78%)
----------------- Invoking toplevel() on ptolemy.moml.MoMLSimpleApplication@7c90862c
----------------- Done invoking toplevel() on ptolemy.moml.MoMLSimpleApplication@7c90862c
reloadAllAccessors: .ContinuousWithinContinuous

===========================================================================================
----------------- testing Mon Jun 04 01:12:32 UTC 2018 /home/travis/build/icyphy/ptII/ptolemy/domains/continuous/test/auto/ContinuousWithinContinuous2.xml
----------------- Instantiating /home/travis/build/icyphy/ptII/ptolemy/domains/continuous/test/auto/ContinuousWithinContinuous2.xml
59 ms. Memory: 872960K Free: 671161K (77%)
----------------- Invoking toplevel() on ptolemy.moml.MoMLSimpleApplication@5b3dccce
----------------- Done invoking toplevel() on ptolemy.moml.MoMLSimpleApplication@5b3dccce
reloadAllAccessors: .ContinuousWithinContinuous2

===========================================================================================
----------------- testing Mon Jun 04 01:12:32 UTC 2018 /home/travis/build/icyphy/ptII/ptolemy/domains/continuous/test/auto/ContinuousWithinContinuous3.xml
----------------- Instantiating /home/travis/build/icyphy/ptII/ptolemy/domains/continuous/test/auto/ContinuousWithinContinuous3.xml
15 ms. Memory: 872960K Free: 659356K (76%)
----------------- Invoking toplevel() on ptolemy.moml.MoMLSimpleApplication@15d11e6d
----------------- Done invoking toplevel() on ptolemy.moml.MoMLSimpleApplication@15d11e6d
reloadAllAccessors: .ContinuousWithinContinuous3

===========================================================================================
----------------- testing Mon Jun 04 01:12:32 UTC 2018 /home/travis/build/icyphy/ptII/ptolemy/domains/continuous/test/auto/ContinuousWithinContinuous4.xml
----------------- Instantiating /home/travis/build/icyphy/ptII/ptolemy/domains/continuous/test/auto/ContinuousWithinContinuous4.xml
62 ms. Memory: 872960K Free: 637391K (73%)
----------------- Invoking toplevel() on ptolemy.moml.MoMLSimpleApplication@5dd6c901
----------------- Done invoking toplevel() on ptolemy.moml.MoMLSimpleApplication@5dd6c901
reloadAllAccessors: .ContinuousWithinContinuous4

===========================================================================================
----------------- testing Mon Jun 04 01:12:32 UTC 2018 /home/travis/build/icyphy/ptII/ptolemy/domains/continuous/test/auto/ContinuousWithinContinuous5.xml
----------------- Instantiating /home/travis/build/icyphy/ptII/ptolemy/domains/continuous/test/auto/ContinuousWithinContinuous5.xml
12 ms. Memory: 872960K Free: 625603K (72%)
----------------- Invoking toplevel() on ptolemy.moml.MoMLSimpleApplication@714fa1a4
----------------- Done invoking toplevel() on ptolemy.moml.MoMLSimpleApplication@714fa1a4
reloadAllAccessors: .ContinuousWithinContinuous5

===========================================================================================
----------------- testing Mon Jun 04 01:12:32 UTC 2018 /home/travis/build/icyphy/ptII/ptolemy/domains/continuous/test/auto/ContinuousWithinContinuous6.xml
----------------- Instantiating /home/travis/build/icyphy/ptII/ptolemy/domains/continuous/test/auto/ContinuousWithinContinuous6.xml
11 ms. Memory: 872960K Free: 613814K (70%)
----------------- Invoking toplevel() on ptolemy.moml.MoMLSimpleApplication@5c970e1
----------------- Done invoking toplevel() on ptolemy.moml.MoMLSimpleApplication@5c970e1
reloadAllAccessors: .ContinuousWithinContinuous6

===========================================================================================
----------------- testing Mon Jun 04 01:12:32 UTC 2018 /home/travis/build/icyphy/ptII/ptolemy/domains/continuous/test/auto/ContinuousWithinContinuous7.xml
----------------- Instantiating /home/travis/build/icyphy/ptII/ptolemy/domains/continuous/test/auto/ContinuousWithinContinuous7.xml
52 ms. Memory: 872960K Free: 599724K (69%)
----------------- Invoking toplevel() on ptolemy.moml.MoMLSimpleApplication@219249c7
----------------- Done invoking toplevel() on ptolemy.moml.MoMLSimpleApplication@219249c7
reloadAllAccessors: .ContinuousWithinContinuous7

===========================================================================================
----------------- testing Mon Jun 04 01:12:32 UTC 2018 /home/travis/build/icyphy/ptII/ptolemy/domains/continuous/test/auto/DCMotor.xml
----------------- Instantiating /home/travis/build/icyphy/ptII/ptolemy/domains/continuous/test/auto/DCMotor.xml
13260 ms. Memory: 697344K Free: 672905K (96%)
----------------- Invoking toplevel() on ptolemy.moml.MoMLSimpleApplication@71e94fde
----------------- Done invoking toplevel() on ptolemy.moml.MoMLSimpleApplication@71e94fde
reloadAllAccessors: .DCMotor

===========================================================================================
----------------- testing Mon Jun 04 01:12:45 UTC 2018 /home/travis/build/icyphy/ptII/ptolemy/domains/continuous/test/auto/DEInContinuous.xml
----------------- Instantiating /home/travis/build/icyphy/ptII/ptolemy/domains/continuous/test/auto/DEInContinuous.xml
20 ms. Memory: 697344K Free: 657568K (94%)
----------------- Invoking toplevel() on ptolemy.moml.MoMLSimpleApplication@a3524f3
----------------- Done invoking toplevel() on ptolemy.moml.MoMLSimpleApplication@a3524f3
reloadAllAccessors: .DEInContinuous

===========================================================================================
----------------- testing Mon Jun 04 01:12:45 UTC 2018 /home/travis/build/icyphy/ptII/ptolemy/domains/continuous/test/auto/DEinContinuous2.xml
----------------- Instantiating /home/travis/build/icyphy/ptII/ptolemy/domains/continuous/test/auto/DEinContinuous2.xml
6 ms. Memory: 697344K Free: 637842K (91%)
----------------- Invoking toplevel() on ptolemy.moml.MoMLSimpleApplication@3d6d60a3
----------------- Done invoking toplevel() on ptolemy.moml.MoMLSimpleApplication@3d6d60a3
reloadAllAccessors: .DEinContinuous2

===========================================================================================
----------------- testing Mon Jun 04 01:12:45 UTC 2018 /home/travis/build/icyphy/ptII/ptolemy/domains/continuous/test/auto/Derivative.xml
----------------- Instantiating /home/travis/build/icyphy/ptII/ptolemy/domains/continuous/test/auto/Derivative.xml
131 ms. Memory: 697344K Free: 593377K (85%)
----------------- Invoking toplevel() on ptolemy.moml.MoMLSimpleApplication@5a14f93c
----------------- Done invoking toplevel() on ptolemy.moml.MoMLSimpleApplication@5a14f93c
reloadAllAccessors: .Derivative2

===========================================================================================
----------------- testing Mon Jun 04 01:12:46 UTC 2018 /home/travis/build/icyphy/ptII/ptolemy/domains/continuous/test/auto/Derivative1.xml
----------------- Instantiating /home/travis/build/icyphy/ptII/ptolemy/domains/continuous/test/auto/Derivative1.xml
24 ms. Memory: 697344K Free: 574899K (82%)
----------------- Invoking toplevel() on ptolemy.moml.MoMLSimpleApplication@3b3ef795
----------------- Done invoking toplevel() on ptolemy.moml.MoMLSimpleApplication@3b3ef795
reloadAllAccessors: .Derivative1

===========================================================================================
----------------- testing Mon Jun 04 01:12:46 UTC 2018 /home/travis/build/icyphy/ptII/ptolemy/domains/continuous/test/auto/DiscreteClock.xml
----------------- Instantiating /home/travis/build/icyphy/ptII/ptolemy/domains/continuous/test/auto/DiscreteClock.xml
5 ms. Memory: 697344K Free: 561348K (80%)
----------------- Invoking toplevel() on ptolemy.moml.MoMLSimpleApplication@5bd998e9
----------------- Done invoking toplevel() on ptolemy.moml.MoMLSimpleApplication@5bd998e9
reloadAllAccessors: .DiscreteClock

===========================================================================================
----------------- testing Mon Jun 04 01:12:46 UTC 2018 /home/travis/build/icyphy/ptII/ptolemy/domains/continuous/test/auto/EfficiencyCurve.xml
----------------- Instantiating /home/travis/build/icyphy/ptII/ptolemy/domains/continuous/test/auto/EfficiencyCurve.xml
53 ms. Memory: 697344K Free: 547798K (79%)
----------------- Invoking toplevel() on ptolemy.moml.MoMLSimpleApplication@1f5640d9
----------------- Done invoking toplevel() on ptolemy.moml.MoMLSimpleApplication@1f5640d9
reloadAllAccessors: .EfficiencyCurve

===========================================================================================
----------------- testing Mon Jun 04 01:12:46 UTC 2018 /home/travis/build/icyphy/ptII/ptolemy/domains/continuous/test/auto/ExponentialResponse.xml
----------------- Instantiating /home/travis/build/icyphy/ptII/ptolemy/domains/continuous/test/auto/ExponentialResponse.xml
103 ms. Memory: 697344K Free: 523160K (75%)
----------------- Invoking toplevel() on ptolemy.moml.MoMLSimpleApplication@af172d9
----------------- Done invoking toplevel() on ptolemy.moml.MoMLSimpleApplication@af172d9
reloadAllAccessors: .ExponentialResponse

===========================================================================================
----------------- testing Mon Jun 04 01:12:46 UTC 2018 /home/travis/build/icyphy/ptII/ptolemy/domains/continuous/test/auto/ExponentialResponseRK45.xml
----------------- Instantiating /home/travis/build/icyphy/ptII/ptolemy/domains/continuous/test/auto/ExponentialResponseRK45.xml
26 ms. Memory: 697344K Free: 509610K (73%)
----------------- Invoking toplevel() on ptolemy.moml.MoMLSimpleApplication@610c2c70
----------------- Done invoking toplevel() on ptolemy.moml.MoMLSimpleApplication@610c2c70
reloadAllAccessors: .ExponentialResponseRK45

===========================================================================================
----------------- testing Mon Jun 04 01:12:46 UTC 2018 /home/travis/build/icyphy/ptII/ptolemy/domains/continuous/test/auto/Friction.xml
----------------- Instantiating /home/travis/build/icyphy/ptII/ptolemy/domains/continuous/test/auto/Friction.xml
1304 ms. Memory: 674816K Free: 633833K (94%)
----------------- Invoking toplevel() on ptolemy.moml.MoMLSimpleApplication@504e8b3a
----------------- Done invoking toplevel() on ptolemy.moml.MoMLSimpleApplication@504e8b3a
reloadAllAccessors: .Friction

===========================================================================================
----------------- testing Mon Jun 04 01:12:47 UTC 2018 /home/travis/build/icyphy/ptII/ptolemy/domains/continuous/test/auto/FurutaPendulum.xml
----------------- Instantiating /home/travis/build/icyphy/ptII/ptolemy/domains/continuous/test/auto/FurutaPendulum.xml
3451 ms. Memory: 674816K Free: 120170K (18%)
----------------- Invoking toplevel() on ptolemy.moml.MoMLSimpleApplication@152e73b
----------------- Done invoking toplevel() on ptolemy.moml.MoMLSimpleApplication@152e73b
reloadAllAccessors: .FurutaPendulum

===========================================================================================
----------------- testing Mon Jun 04 01:12:51 UTC 2018 /home/travis/build/icyphy/ptII/ptolemy/domains/continuous/test/auto/HierarchicalExecution.xml
----------------- Instantiating /home/travis/build/icyphy/ptII/ptolemy/domains/continuous/test/auto/HierarchicalExecution.xml
1748 ms. Memory: 646656K Free: 373346K (58%)
----------------- Invoking toplevel() on ptolemy.moml.MoMLSimpleApplication@7d5f3cc3
----------------- Done invoking toplevel() on ptolemy.moml.MoMLSimpleApplication@7d5f3cc3
reloadAllAccessors: .HierarchicalExecution

===========================================================================================
----------------- testing Mon Jun 04 01:12:53 UTC 2018 /home/travis/build/icyphy/ptII/ptolemy/domains/continuous/test/auto/HybridPlant.xml
----------------- Instantiating /home/travis/build/icyphy/ptII/ptolemy/domains/continuous/test/auto/HybridPlant.xml
452 ms. Memory: 646656K Free: 95761K (15%)
----------------- Invoking toplevel() on ptolemy.moml.MoMLSimpleApplication@d9dafb4
----------------- Done invoking toplevel() on ptolemy.moml.MoMLSimpleApplication@d9dafb4
reloadAllAccessors: .HybridPlant

===========================================================================================
----------------- testing Mon Jun 04 01:12:53 UTC 2018 /home/travis/build/icyphy/ptII/ptolemy/domains/continuous/test/auto/Hysteresis.xml
----------------- Instantiating /home/travis/build/icyphy/ptII/ptolemy/domains/continuous/test/auto/Hysteresis.xml
165 ms. Memory: 620032K Free: 562169K (91%)
----------------- Invoking toplevel() on ptolemy.moml.MoMLSimpleApplication@5d82e906
----------------- Done invoking toplevel() on ptolemy.moml.MoMLSimpleApplication@5d82e906
reloadAllAccessors: .Hysteresis

===========================================================================================
----------------- testing Mon Jun 04 01:12:54 UTC 2018 /home/travis/build/icyphy/ptII/ptolemy/domains/continuous/test/auto/HysteresisWithRandomDelay.xml
----------------- Instantiating /home/travis/build/icyphy/ptII/ptolemy/domains/continuous/test/auto/HysteresisWithRandomDelay.xml
160 ms. Memory: 620032K Free: 480864K (78%)
----------------- Invoking toplevel() on ptolemy.moml.MoMLSimpleApplication@42eb115f
----------------- Done invoking toplevel() on ptolemy.moml.MoMLSimpleApplication@42eb115f
reloadAllAccessors: .HysteresisWithRandomDelay

===========================================================================================
----------------- testing Mon Jun 04 01:12:54 UTC 2018 /home/travis/build/icyphy/ptII/ptolemy/domains/continuous/test/auto/HysteresisWithRandomLosses.xml
----------------- Instantiating /home/travis/build/icyphy/ptII/ptolemy/domains/continuous/test/auto/HysteresisWithRandomLosses.xml
2212 ms. Memory: 591872K Free: 201780K (34%)
----------------- Invoking toplevel() on ptolemy.moml.MoMLSimpleApplication@43eb2622
----------------- Done invoking toplevel() on ptolemy.moml.MoMLSimpleApplication@43eb2622
reloadAllAccessors: .HysteresisWithRandomLosses

===========================================================================================
----------------- testing Mon Jun 04 01:12:56 UTC 2018 /home/travis/build/icyphy/ptII/ptolemy/domains/continuous/test/auto/ImmediateTransitions.xml
----------------- Instantiating /home/travis/build/icyphy/ptII/ptolemy/domains/continuous/test/auto/ImmediateTransitions.xml
8 ms. Memory: 591872K Free: 186272K (31%)
----------------- Invoking toplevel() on ptolemy.moml.MoMLSimpleApplication@1c54fdeb
----------------- Done invoking toplevel() on ptolemy.moml.MoMLSimpleApplication@1c54fdeb
reloadAllAccessors: .ImmediateTransitions

===========================================================================================
----------------- testing Mon Jun 04 01:12:56 UTC 2018 /home/travis/build/icyphy/ptII/ptolemy/domains/continuous/test/auto/ImpulseFeedback.xml
----------------- Instantiating /home/travis/build/icyphy/ptII/ptolemy/domains/continuous/test/auto/ImpulseFeedback.xml
12 ms. Memory: 591872K Free: 177767K (30%)
----------------- Invoking toplevel() on ptolemy.moml.MoMLSimpleApplication@3ed32c2c
----------------- Done invoking toplevel() on ptolemy.moml.MoMLSimpleApplication@3ed32c2c
reloadAllAccessors: .ImpulseFeedback

===========================================================================================
----------------- testing Mon Jun 04 01:12:56 UTC 2018 /home/travis/build/icyphy/ptII/ptolemy/domains/continuous/test/auto/ImpulseFeedback2.xml
----------------- Instantiating /home/travis/build/icyphy/ptII/ptolemy/domains/continuous/test/auto/ImpulseFeedback2.xml
7 ms. Memory: 591872K Free: 169285K (29%)
----------------- Invoking toplevel() on ptolemy.moml.MoMLSimpleApplication@732c5082
----------------- Done invoking toplevel() on ptolemy.moml.MoMLSimpleApplication@732c5082
reloadAllAccessors: .ImpulseFeedback2

===========================================================================================
----------------- testing Mon Jun 04 01:12:56 UTC 2018 /home/travis/build/icyphy/ptII/ptolemy/domains/continuous/test/auto/IncreasingRatePoisson.xml
----------------- Instantiating /home/travis/build/icyphy/ptII/ptolemy/domains/continuous/test/auto/IncreasingRatePoisson.xml
665 ms. Memory: 565760K Free: 316494K (56%)
----------------- Invoking toplevel() on ptolemy.moml.MoMLSimpleApplication@347d7c79
----------------- Done invoking toplevel() on ptolemy.moml.MoMLSimpleApplication@347d7c79
reloadAllAccessors: .IncreasingRatePoisson

===========================================================================================
----------------- testing Mon Jun 04 01:12:57 UTC 2018 /home/travis/build/icyphy/ptII/ptolemy/domains/continuous/test/auto/InitialStateFeedback.xml
----------------- Instantiating /home/travis/build/icyphy/ptII/ptolemy/domains/continuous/test/auto/InitialStateFeedback.xml
4 ms. Memory: 565760K Free: 307011K (54%)
----------------- Invoking toplevel() on ptolemy.moml.MoMLSimpleApplication@6f8b335e
----------------- Done invoking toplevel() on ptolemy.moml.MoMLSimpleApplication@6f8b335e
reloadAllAccessors: .InitialStateFeedback

===========================================================================================
----------------- testing Mon Jun 04 01:12:57 UTC 2018 /home/travis/build/icyphy/ptII/ptolemy/domains/continuous/test/auto/Integration.xml
----------------- Instantiating /home/travis/build/icyphy/ptII/ptolemy/domains/continuous/test/auto/Integration.xml
6 ms. Memory: 565760K Free: 298952K (53%)
----------------- Invoking toplevel() on ptolemy.moml.MoMLSimpleApplication@417fd85b
----------------- Done invoking toplevel() on ptolemy.moml.MoMLSimpleApplication@417fd85b
reloadAllAccessors: .Integration

===========================================================================================
----------------- testing Mon Jun 04 01:12:57 UTC 2018 /home/travis/build/icyphy/ptII/ptolemy/domains/continuous/test/auto/Integration2.xml
----------------- Instantiating /home/travis/build/icyphy/ptII/ptolemy/domains/continuous/test/auto/Integration2.xml
75 ms. Memory: 565760K Free: 281057K (50%)
----------------- Invoking toplevel() on ptolemy.moml.MoMLSimpleApplication@216024a6
----------------- Done invoking toplevel() on ptolemy.moml.MoMLSimpleApplication@216024a6
reloadAllAccessors: .Integration2

===========================================================================================
----------------- testing Mon Jun 04 01:12:57 UTC 2018 /home/travis/build/icyphy/ptII/ptolemy/domains/continuous/test/auto/Integration3.xml
----------------- Instantiating /home/travis/build/icyphy/ptII/ptolemy/domains/continuous/test/auto/Integration3.xml
1 ms. Memory: 565760K Free: 272993K (48%)
----------------- Invoking toplevel() on ptolemy.moml.MoMLSimpleApplication@1904b509
----------------- Done invoking toplevel() on ptolemy.moml.MoMLSimpleApplication@1904b509
reloadAllAccessors: .Integration3

===========================================================================================
----------------- testing Mon Jun 04 01:12:57 UTC 2018 /home/travis/build/icyphy/ptII/ptolemy/domains/continuous/test/auto/Integration5.xml
----------------- Instantiating /home/travis/build/icyphy/ptII/ptolemy/domains/continuous/test/auto/Integration5.xml
2 ms. Memory: 565760K Free: 264793K (47%)
----------------- Invoking toplevel() on ptolemy.moml.MoMLSimpleApplication@3901401d
----------------- Done invoking toplevel() on ptolemy.moml.MoMLSimpleApplication@3901401d
reloadAllAccessors: .Integration5

===========================================================================================
----------------- testing Mon Jun 04 01:12:57 UTC 2018 /home/travis/build/icyphy/ptII/ptolemy/domains/continuous/test/auto/IntegratorImpulse.xml
----------------- Instantiating /home/travis/build/icyphy/ptII/ptolemy/domains/continuous/test/auto/IntegratorImpulse.xml
2 ms. Memory: 565760K Free: 256741K (45%)
----------------- Invoking toplevel() on ptolemy.moml.MoMLSimpleApplication@5fdb40ac
----------------- Done invoking toplevel() on ptolemy.moml.MoMLSimpleApplication@5fdb40ac
reloadAllAccessors: .IntegratorImpulse

===========================================================================================
----------------- testing Mon Jun 04 01:12:57 UTC 2018 /home/travis/build/icyphy/ptII/ptolemy/domains/continuous/test/auto/IntegratorImpulse2.xml
----------------- Instantiating /home/travis/build/icyphy/ptII/ptolemy/domains/continuous/test/auto/IntegratorImpulse2.xml
4 ms. Memory: 565760K Free: 248526K (44%)
----------------- Invoking toplevel() on ptolemy.moml.MoMLSimpleApplication@3a7f1c18
----------------- Done invoking toplevel() on ptolemy.moml.MoMLSimpleApplication@3a7f1c18
reloadAllAccessors: .IntegratorImpulse2

===========================================================================================
----------------- testing Mon Jun 04 01:12:57 UTC 2018 /home/travis/build/icyphy/ptII/ptolemy/domains/continuous/test/auto/LevelCrossing1.xml
----------------- Instantiating /home/travis/build/icyphy/ptII/ptolemy/domains/continuous/test/auto/LevelCrossing1.xml
2 ms. Memory: 565760K Free: 240466K (43%)
----------------- Invoking toplevel() on ptolemy.moml.MoMLSimpleApplication@7152fceb
----------------- Done invoking toplevel() on ptolemy.moml.MoMLSimpleApplication@7152fceb
reloadAllAccessors: .LevelCrossing1

===========================================================================================
----------------- testing Mon Jun 04 01:12:57 UTC 2018 /home/travis/build/icyphy/ptII/ptolemy/domains/continuous/test/auto/LevelCrossing2.xml
----------------- Instantiating /home/travis/build/icyphy/ptII/ptolemy/domains/continuous/test/auto/LevelCrossing2.xml
3 ms. Memory: 565760K Free: 232251K (41%)
----------------- Invoking toplevel() on ptolemy.moml.MoMLSimpleApplication@63d33d3c
----------------- Done invoking toplevel() on ptolemy.moml.MoMLSimpleApplication@63d33d3c
reloadAllAccessors: .LevelCrossing2

===========================================================================================
----------------- testing Mon Jun 04 01:12:57 UTC 2018 /home/travis/build/icyphy/ptII/ptolemy/domains/continuous/test/auto/LevelCrossing3.xml
----------------- Instantiating /home/travis/build/icyphy/ptII/ptolemy/domains/continuous/test/auto/LevelCrossing3.xml
2 ms. Memory: 565760K Free: 224192K (40%)
----------------- Invoking toplevel() on ptolemy.moml.MoMLSimpleApplication@4429b552
----------------- Done invoking toplevel() on ptolemy.moml.MoMLSimpleApplication@4429b552
reloadAllAccessors: .LevelCrossing3

===========================================================================================
----------------- testing Mon Jun 04 01:12:57 UTC 2018 /home/travis/build/icyphy/ptII/ptolemy/domains/continuous/test/auto/LevelCrossing4.xml
----------------- Instantiating /home/travis/build/icyphy/ptII/ptolemy/domains/continuous/test/auto/LevelCrossing4.xml
3 ms. Memory: 565760K Free: 215977K (38%)
----------------- Invoking toplevel() on ptolemy.moml.MoMLSimpleApplication@7ea535ce
----------------- Done invoking toplevel() on ptolemy.moml.MoMLSimpleApplication@7ea535ce
reloadAllAccessors: .LevelCrossing4

===========================================================================================
----------------- testing Mon Jun 04 01:12:57 UTC 2018 /home/travis/build/icyphy/ptII/ptolemy/domains/continuous/test/auto/LevelCrossing5.xml
----------------- Instantiating /home/travis/build/icyphy/ptII/ptolemy/domains/continuous/test/auto/LevelCrossing5.xml
3 ms. Memory: 565760K Free: 207917K (37%)
----------------- Invoking toplevel() on ptolemy.moml.MoMLSimpleApplication@4241079b
----------------- Done invoking toplevel() on ptolemy.moml.MoMLSimpleApplication@4241079b
reloadAllAccessors: .LevelCrossing5

===========================================================================================
----------------- testing Mon Jun 04 01:12:57 UTC 2018 /home/travis/build/icyphy/ptII/ptolemy/domains/continuous/test/auto/LevelCrossing6.xml
----------------- Instantiating /home/travis/build/icyphy/ptII/ptolemy/domains/continuous/test/auto/LevelCrossing6.xml
[...]
----------------- Invoking toplevel() on ptolemy.moml.MoMLSimpleApplication@19829ef2
----------------- Done invoking toplevel() on ptolemy.moml.MoMLSimpleApplication@19829ef2
reloadAllAccessors: .ResetTransitionWithStartTime5

===========================================================================================
----------------- testing Mon Jun 04 01:13:14 UTC 2018 /home/travis/build/icyphy/ptII/ptolemy/domains/continuous/test/auto/ResetTransitionWithStartTime6.xml
----------------- Instantiating /home/travis/build/icyphy/ptII/ptolemy/domains/continuous/test/auto/ResetTransitionWithStartTime6.xml
10 ms. Memory: 475648K Free: 266950K (56%)
----------------- Invoking toplevel() on ptolemy.moml.MoMLSimpleApplication@7d535634
----------------- Done invoking toplevel() on ptolemy.moml.MoMLSimpleApplication@7d535634
reloadAllAccessors: .ResetTransitionWithStartTime6

===========================================================================================
----------------- testing Mon Jun 04 01:13:14 UTC 2018 /home/travis/build/icyphy/ptII/ptolemy/domains/continuous/test/auto/SRinContinuous.xml
----------------- Instantiating /home/travis/build/icyphy/ptII/ptolemy/domains/continuous/test/auto/SRinContinuous.xml
7 ms. Memory: 475648K Free: 255549K (54%)
----------------- Invoking toplevel() on ptolemy.moml.MoMLSimpleApplication@1d8a9180
----------------- Done invoking toplevel() on ptolemy.moml.MoMLSimpleApplication@1d8a9180
reloadAllAccessors: .SRinContinuous

===========================================================================================
----------------- testing Mon Jun 04 01:13:14 UTC 2018 /home/travis/build/icyphy/ptII/ptolemy/domains/continuous/test/auto/SampledClocks.xml
----------------- Instantiating /home/travis/build/icyphy/ptII/ptolemy/domains/continuous/test/auto/SampledClocks.xml
8 ms. Memory: 475648K Free: 244099K (51%)
----------------- Invoking toplevel() on ptolemy.moml.MoMLSimpleApplication@d7fd31b
----------------- Done invoking toplevel() on ptolemy.moml.MoMLSimpleApplication@d7fd31b
reloadAllAccessors: .SampledClocks

===========================================================================================
----------------- testing Mon Jun 04 01:13:14 UTC 2018 /home/travis/build/icyphy/ptII/ptolemy/domains/continuous/test/auto/Satellite.xml
----------------- Instantiating /home/travis/build/icyphy/ptII/ptolemy/domains/continuous/test/auto/Satellite.xml
755 ms. Memory: 475648K Free: 59465K (13%)
----------------- Invoking toplevel() on ptolemy.moml.MoMLSimpleApplication@6bb93e33
----------------- Done invoking toplevel() on ptolemy.moml.MoMLSimpleApplication@6bb93e33
reloadAllAccessors: .Satellite

===========================================================================================
----------------- testing Mon Jun 04 01:13:15 UTC 2018 /home/travis/build/icyphy/ptII/ptolemy/domains/continuous/test/auto/SigmaDelta.xml
----------------- Instantiating /home/travis/build/icyphy/ptII/ptolemy/domains/continuous/test/auto/SigmaDelta.xml
2121 ms. Memory: 459776K Free: 64763K (14%)
----------------- Invoking toplevel() on ptolemy.moml.MoMLSimpleApplication@e427542
----------------- Done invoking toplevel() on ptolemy.moml.MoMLSimpleApplication@e427542
reloadAllAccessors: .SigmaDelta

===========================================================================================
----------------- testing Mon Jun 04 01:13:18 UTC 2018 /home/travis/build/icyphy/ptII/ptolemy/domains/continuous/test/auto/SinuBouncingBall.xml
----------------- Instantiating /home/travis/build/icyphy/ptII/ptolemy/domains/continuous/test/auto/SinuBouncingBall.xml
653 ms. Memory: 445952K Free: 192094K (43%)
----------------- Invoking toplevel() on ptolemy.moml.MoMLSimpleApplication@15e28d97
----------------- Done invoking toplevel() on ptolemy.moml.MoMLSimpleApplication@15e28d97
reloadAllAccessors: .SinuBouncingBall

===========================================================================================
----------------- testing Mon Jun 04 01:13:18 UTC 2018 /home/travis/build/icyphy/ptII/ptolemy/domains/continuous/test/auto/Sinusoid.xml
----------------- Instantiating /home/travis/build/icyphy/ptII/ptolemy/domains/continuous/test/auto/Sinusoid.xml
5 ms. Memory: 445952K Free: 183923K (41%)
----------------- Invoking toplevel() on ptolemy.moml.MoMLSimpleApplication@15844ce1
----------------- Done invoking toplevel() on ptolemy.moml.MoMLSimpleApplication@15844ce1
reloadAllAccessors: .Sinusoid

===========================================================================================
----------------- testing Mon Jun 04 01:13:18 UTC 2018 /home/travis/build/icyphy/ptII/ptolemy/domains/continuous/test/auto/SinusoidInNoise.xml
----------------- Instantiating /home/travis/build/icyphy/ptII/ptolemy/domains/continuous/test/auto/SinusoidInNoise.xml
898 ms. Memory: 425984K Free: 317500K (75%)
----------------- Invoking toplevel() on ptolemy.moml.MoMLSimpleApplication@682a0c39
----------------- Done invoking toplevel() on ptolemy.moml.MoMLSimpleApplication@682a0c39
reloadAllAccessors: .SinusoidInNoise

===========================================================================================
----------------- testing Mon Jun 04 01:13:19 UTC 2018 /home/travis/build/icyphy/ptII/ptolemy/domains/continuous/test/auto/SinusoidRK45.xml
----------------- Instantiating /home/travis/build/icyphy/ptII/ptolemy/domains/continuous/test/auto/SinusoidRK45.xml
3 ms. Memory: 425984K Free: 308423K (72%)
----------------- Invoking toplevel() on ptolemy.moml.MoMLSimpleApplication@68f2a91f
----------------- Done invoking toplevel() on ptolemy.moml.MoMLSimpleApplication@68f2a91f
reloadAllAccessors: .SinusoidRK45

===========================================================================================
----------------- testing Mon Jun 04 01:13:19 UTC 2018 /home/travis/build/icyphy/ptII/ptolemy/domains/continuous/test/auto/SinusoidWithMultipleImpulses.xml
----------------- Instantiating /home/travis/build/icyphy/ptII/ptolemy/domains/continuous/test/auto/SinusoidWithMultipleImpulses.xml
3 ms. Memory: 425984K Free: 300667K (71%)
----------------- Invoking toplevel() on ptolemy.moml.MoMLSimpleApplication@1c905e78
----------------- Done invoking toplevel() on ptolemy.moml.MoMLSimpleApplication@1c905e78
reloadAllAccessors: .SinusoidWithMultipleImpulses

===========================================================================================
----------------- testing Mon Jun 04 01:13:19 UTC 2018 /home/travis/build/icyphy/ptII/ptolemy/domains/continuous/test/auto/SquareWave.xml
----------------- Instantiating /home/travis/build/icyphy/ptII/ptolemy/domains/continuous/test/auto/SquareWave.xml
162 ms. Memory: 425984K Free: 272278K (64%)
----------------- Invoking toplevel() on ptolemy.moml.MoMLSimpleApplication@72f78f9f
----------------- Done invoking toplevel() on ptolemy.moml.MoMLSimpleApplication@72f78f9f
reloadAllAccessors: .SquareWave

===========================================================================================
----------------- testing Mon Jun 04 01:13:19 UTC 2018 /home/travis/build/icyphy/ptII/ptolemy/domains/continuous/test/auto/Starmac.xml
----------------- Instantiating /home/travis/build/icyphy/ptII/ptolemy/domains/continuous/test/auto/Starmac.xml
3069 ms. Memory: 413184K Free: 234035K (57%)
----------------- Invoking toplevel() on ptolemy.moml.MoMLSimpleApplication@37206379
----------------- Done invoking toplevel() on ptolemy.moml.MoMLSimpleApplication@37206379
reloadAllAccessors: .Starmac

===========================================================================================
----------------- testing Mon Jun 04 01:13:23 UTC 2018 /home/travis/build/icyphy/ptII/ptolemy/domains/continuous/test/auto/StaticUnits.xml
----------------- Instantiating /home/travis/build/icyphy/ptII/ptolemy/domains/continuous/test/auto/StaticUnits.xml
2053 ms. Memory: 398336K Free: 92925K (23%)
----------------- Invoking toplevel() on ptolemy.moml.MoMLSimpleApplication@61da103
----------------- Done invoking toplevel() on ptolemy.moml.MoMLSimpleApplication@61da103
reloadAllAccessors: .StaticUnits

===========================================================================================
----------------- testing Mon Jun 04 01:13:25 UTC 2018 /home/travis/build/icyphy/ptII/ptolemy/domains/continuous/test/auto/StickyMasses.xml
----------------- Instantiating /home/travis/build/icyphy/ptII/ptolemy/domains/continuous/test/auto/StickyMasses.xml
118 ms. Memory: 398336K Free: 35253K (9%)
----------------- Invoking toplevel() on ptolemy.moml.MoMLSimpleApplication@5758ceca
----------------- Done invoking toplevel() on ptolemy.moml.MoMLSimpleApplication@5758ceca
reloadAllAccessors: .StickyMasses

===========================================================================================
----------------- testing Mon Jun 04 01:13:25 UTC 2018 /home/travis/build/icyphy/ptII/ptolemy/domains/continuous/test/auto/StopTime.xml
----------------- Instantiating /home/travis/build/icyphy/ptII/ptolemy/domains/continuous/test/auto/StopTime.xml
55 ms. Memory: 379904K Free: 301266K (79%)
----------------- Invoking toplevel() on ptolemy.moml.MoMLSimpleApplication@26e8efcc
----------------- Done invoking toplevel() on ptolemy.moml.MoMLSimpleApplication@26e8efcc
reloadAllAccessors: .StopTime

===========================================================================================
----------------- testing Mon Jun 04 01:13:25 UTC 2018 /home/travis/build/icyphy/ptII/ptolemy/domains/continuous/test/auto/StopTime2.xml
----------------- Instantiating /home/travis/build/icyphy/ptII/ptolemy/domains/continuous/test/auto/StopTime2.xml
30 ms. Memory: 379904K Free: 273499K (72%)
----------------- Invoking toplevel() on ptolemy.moml.MoMLSimpleApplication@77797a3c
----------------- Done invoking toplevel() on ptolemy.moml.MoMLSimpleApplication@77797a3c
reloadAllAccessors: .StopTime2

===========================================================================================
----------------- testing Mon Jun 04 01:13:26 UTC 2018 /home/travis/build/icyphy/ptII/ptolemy/domains/continuous/test/auto/Switch.xml
----------------- Instantiating /home/travis/build/icyphy/ptII/ptolemy/domains/continuous/test/auto/Switch.xml
38 ms. Memory: 379904K Free: 244610K (64%)
----------------- Invoking toplevel() on ptolemy.moml.MoMLSimpleApplication@5c3bd92e
----------------- Done invoking toplevel() on ptolemy.moml.MoMLSimpleApplication@5c3bd92e
reloadAllAccessors: .Switch

===========================================================================================
----------------- testing Mon Jun 04 01:13:26 UTC 2018 /home/travis/build/icyphy/ptII/ptolemy/domains/continuous/test/auto/Thermostat.xml
----------------- Instantiating /home/travis/build/icyphy/ptII/ptolemy/domains/continuous/test/auto/Thermostat.xml
207 ms. Memory: 379904K Free: 167737K (44%)
----------------- Invoking toplevel() on ptolemy.moml.MoMLSimpleApplication@fed62aa
----------------- Done invoking toplevel() on ptolemy.moml.MoMLSimpleApplication@fed62aa
reloadAllAccessors: .Thermostat

===========================================================================================
----------------- testing Mon Jun 04 01:13:26 UTC 2018 /home/travis/build/icyphy/ptII/ptolemy/domains/continuous/test/auto/TimeDelay.xml
----------------- Instantiating /home/travis/build/icyphy/ptII/ptolemy/domains/continuous/test/auto/TimeDelay.xml
6 ms. Memory: 379904K Free: 160810K (42%)
----------------- Invoking toplevel() on ptolemy.moml.MoMLSimpleApplication@384aac8d
----------------- Done invoking toplevel() on ptolemy.moml.MoMLSimpleApplication@384aac8d
reloadAllAccessors: .TimeDelay

===========================================================================================
----------------- testing Mon Jun 04 01:13:26 UTC 2018 /home/travis/build/icyphy/ptII/ptolemy/domains/continuous/test/auto/TimeDelay2.xml
----------------- Instantiating /home/travis/build/icyphy/ptII/ptolemy/domains/continuous/test/auto/TimeDelay2.xml
8 ms. Memory: 379904K Free: 151908K (40%)
----------------- Invoking toplevel() on ptolemy.moml.MoMLSimpleApplication@177fdb47
----------------- Done invoking toplevel() on ptolemy.moml.MoMLSimpleApplication@177fdb47
reloadAllAccessors: .TimeDelay2

===========================================================================================
----------------- testing Mon Jun 04 01:13:26 UTC 2018 /home/travis/build/icyphy/ptII/ptolemy/domains/continuous/test/auto/TimeDelay3.xml
----------------- Instantiating /home/travis/build/icyphy/ptII/ptolemy/domains/continuous/test/auto/TimeDelay3.xml
6 ms. Memory: 379904K Free: 144987K (38%)
----------------- Invoking toplevel() on ptolemy.moml.MoMLSimpleApplication@593133da
----------------- Done invoking toplevel() on ptolemy.moml.MoMLSimpleApplication@593133da
reloadAllAccessors: .TimeDelay3

===========================================================================================
----------------- testing Mon Jun 04 01:13:26 UTC 2018 /home/travis/build/icyphy/ptII/ptolemy/domains/continuous/test/auto/TransferAbsentToInside.xml
----------------- Instantiating /home/travis/build/icyphy/ptII/ptolemy/domains/continuous/test/auto/TransferAbsentToInside.xml
60 ms. Memory: 379904K Free: 86096K (23%)
----------------- Invoking toplevel() on ptolemy.moml.MoMLSimpleApplication@6d9c4a33
----------------- Done invoking toplevel() on ptolemy.moml.MoMLSimpleApplication@6d9c4a33
reloadAllAccessors: .TransferAbsentToInside

===========================================================================================
----------------- testing Mon Jun 04 01:13:26 UTC 2018 /home/travis/build/icyphy/ptII/ptolemy/domains/continuous/test/auto/Transmission.xml
----------------- Instantiating /home/travis/build/icyphy/ptII/ptolemy/domains/continuous/test/auto/Transmission.xml
788 ms. Memory: 374272K Free: 141904K (38%)
----------------- Invoking toplevel() on ptolemy.moml.MoMLSimpleApplication@7518315a
----------------- Done invoking toplevel() on ptolemy.moml.MoMLSimpleApplication@7518315a
reloadAllAccessors: .Transmission

===========================================================================================
----------------- testing Mon Jun 04 01:13:27 UTC 2018 /home/travis/build/icyphy/ptII/ptolemy/domains/continuous/test/auto/TriggeredContinuousClock.xml
----------------- Instantiating /home/travis/build/icyphy/ptII/ptolemy/domains/continuous/test/auto/TriggeredContinuousClock.xml
32 ms. Memory: 374272K Free: 106872K (29%)
----------------- Invoking toplevel() on ptolemy.moml.MoMLSimpleApplication@409e9bff
----------------- Done invoking toplevel() on ptolemy.moml.MoMLSimpleApplication@409e9bff
reloadAllAccessors: .TriggeredContinuousClock

===========================================================================================
----------------- testing Mon Jun 04 01:13:27 UTC 2018 /home/travis/build/icyphy/ptII/ptolemy/domains/continuous/test/auto/TwoMachineInfiniteBusControl.xml
----------------- Instantiating /home/travis/build/icyphy/ptII/ptolemy/domains/continuous/test/auto/TwoMachineInfiniteBusControl.xml
2901 ms. Memory: 342016K Free: 44991K (13%)
----------------- Invoking toplevel() on ptolemy.moml.MoMLSimpleApplication@3b4d6f0
----------------- Done invoking toplevel() on ptolemy.moml.MoMLSimpleApplication@3b4d6f0
reloadAllAccessors: .TwoMachineInfiniteBusControl

===========================================================================================
----------------- testing Mon Jun 04 01:13:30 UTC 2018 /home/travis/build/icyphy/ptII/ptolemy/domains/continuous/test/auto/V2V.xml
----------------- Instantiating /home/travis/build/icyphy/ptII/ptolemy/domains/continuous/test/auto/V2V.xml
717 ms. Memory: 331264K Free: 98218K (30%)
----------------- Invoking toplevel() on ptolemy.moml.MoMLSimpleApplication@10e29bef
----------------- Done invoking toplevel() on ptolemy.moml.MoMLSimpleApplication@10e29bef
reloadAllAccessors: .V2V

===========================================================================================
----------------- testing Mon Jun 04 01:13:31 UTC 2018 /home/travis/build/icyphy/ptII/ptolemy/domains/continuous/test/auto/hierarchicalModalModel.xml
----------------- Instantiating /home/travis/build/icyphy/ptII/ptolemy/domains/continuous/test/auto/hierarchicalModalModel.xml
13 ms. Memory: 331264K Free: 80942K (24%)
----------------- Invoking toplevel() on ptolemy.moml.MoMLSimpleApplication@3a44e11
----------------- Done invoking toplevel() on ptolemy.moml.MoMLSimpleApplication@3a44e11
reloadAllAccessors: .hierarchicalModalModel

===========================================================================================
----------------- testing Mon Jun 04 01:13:31 UTC 2018 /home/travis/build/icyphy/ptII/ptolemy/domains/continuous/test/auto/hierarchicalModalModel1.xml
----------------- Instantiating /home/travis/build/icyphy/ptII/ptolemy/domains/continuous/test/auto/hierarchicalModalModel1.xml
10 ms. Memory: 331264K Free: 63725K (19%)
----------------- Invoking toplevel() on ptolemy.moml.MoMLSimpleApplication@746094ed
----------------- Done invoking toplevel() on ptolemy.moml.MoMLSimpleApplication@746094ed
reloadAllAccessors: .hierarchicalModalModel1

===========================================================================================
----------------- testing Mon Jun 04 01:13:31 UTC 2018 /home/travis/build/icyphy/ptII/ptolemy/domains/continuous/test/auto/hierarchicalModalModel2.xml
----------------- Instantiating /home/travis/build/icyphy/ptII/ptolemy/domains/continuous/test/auto/hierarchicalModalModel2.xml
6 ms. Memory: 331264K Free: 48943K (15%)
----------------- Invoking toplevel() on ptolemy.moml.MoMLSimpleApplication@60770d48
----------------- Done invoking toplevel() on ptolemy.moml.MoMLSimpleApplication@60770d48
reloadAllAccessors: .hierarchicalModalModel2

===========================================================================================
----------------- testing Mon Jun 04 01:13:31 UTC 2018 /home/travis/build/icyphy/ptII/ptolemy/domains/continuous/test/auto/hierarchicalModalModel3.xml
----------------- Instantiating /home/travis/build/icyphy/ptII/ptolemy/domains/continuous/test/auto/hierarchicalModalModel3.xml
5 ms. Memory: 331264K Free: 36753K (11%)
----------------- Invoking toplevel() on ptolemy.moml.MoMLSimpleApplication@6c9e4879
----------------- Done invoking toplevel() on ptolemy.moml.MoMLSimpleApplication@6c9e4879
reloadAllAccessors: .hierarchicalModalModel3

===========================================================================================
----------------- testing Mon Jun 04 01:13:31 UTC 2018 /home/travis/build/icyphy/ptII/ptolemy/domains/continuous/test/auto/hierarchicalModalModel4.xml
----------------- Instantiating /home/travis/build/icyphy/ptII/ptolemy/domains/continuous/test/auto/hierarchicalModalModel4.xml
8 ms. Memory: 331264K Free: 22035K (7%)
----------------- Invoking toplevel() on ptolemy.moml.MoMLSimpleApplication@682642a7
----------------- Done invoking toplevel() on ptolemy.moml.MoMLSimpleApplication@682642a7
reloadAllAccessors: .hierarchicalModalModel4

===========================================================================================
----------------- testing Mon Jun 04 01:13:31 UTC 2018 /home/travis/build/icyphy/ptII/ptolemy/domains/continuous/test/auto/junk.xml
----------------- Instantiating /home/travis/build/icyphy/ptII/ptolemy/domains/continuous/test/auto/junk.xml
142 ms. Memory: 320512K Free: 228748K (71%)
----------------- Invoking toplevel() on ptolemy.moml.MoMLSimpleApplication@7429159e
----------------- Done invoking toplevel() on ptolemy.moml.MoMLSimpleApplication@7429159e
reloadAllAccessors: .junk
AutoTests.java: About to close Vertx.
AutoTests.java: Vertx closed.
]]></system-out>
  <system-err><![CDATA[Warning: '.HysteresisWithRandomDelay.NonStrictTest3' The test produced only 27 tokens, yet the correctValues parameter was expecting 30 tokens.
]]></system-err>
</testsuite>
