<?xml version="1.0" encoding="UTF-8" ?>
<testsuite errors="0" failures="0" hostname="travis-job-cc241375-0b6f-4be1-b3dd-a17ad0da9f9c" name="ptolemy.domains.continuous.test.junit.JUnitTclTest" skipped="0" tests="156" time="73.697" timestamp="2018-12-09T02:58:34">
  <properties>
[...]
</properties>
  <testcase classname="ptolemy.util.test.junit.TclTests" name="[0] ThereAreNoTclTests (RunTclFile)" time="0.001" />
  <testcase classname="ptolemy.util.test.junit.AutoKnownFailedTests" name="[0] ThereAreNoKnowFailedTests (RunModel)" time="0.001" />
  <testcase classname="ptolemy.util.test.junit.AutoNameArchTests" name="[0] ThereAreNoAutoArchTests (RunModel)" time="0.0" />
  <testcase classname="ptolemy.util.test.junit.AutoTests" name="[0] /home/travis/build/icyphy/ptII/ptolemy/domains/continuous/test/auto/BouncingBall.xml (RunModel)" time="2.818" />
  <testcase classname="ptolemy.util.test.junit.AutoTests" name="[1] /home/travis/build/icyphy/ptII/ptolemy/domains/continuous/test/auto/BouncingBallWithoutGR.xml (RunModel)" time="0.884" />
  <testcase classname="ptolemy.util.test.junit.AutoTests" name="[2] /home/travis/build/icyphy/ptII/ptolemy/domains/continuous/test/auto/Brownian.xml (RunModel)" time="0.103" />
  <testcase classname="ptolemy.util.test.junit.AutoTests" name="[3] /home/travis/build/icyphy/ptII/ptolemy/domains/continuous/test/auto/CarTracking.xml (RunModel)" time="3.942" />
  <testcase classname="ptolemy.util.test.junit.AutoTests" name="[4] /home/travis/build/icyphy/ptII/ptolemy/domains/continuous/test/auto/CartPendulum.xml (RunModel)" time="0.575" />
  <testcase classname="ptolemy.util.test.junit.AutoTests" name="[5] /home/travis/build/icyphy/ptII/ptolemy/domains/continuous/test/auto/CausalityInterface10.xml (RunModel)" time="0.046" />
  <testcase classname="ptolemy.util.test.junit.AutoTests" name="[6] /home/travis/build/icyphy/ptII/ptolemy/domains/continuous/test/auto/CausalityInterface11.xml (RunModel)" time="0.032" />
  <testcase classname="ptolemy.util.test.junit.AutoTests" name="[7] /home/travis/build/icyphy/ptII/ptolemy/domains/continuous/test/auto/CausalityInterface12.xml (RunModel)" time="0.031" />
  <testcase classname="ptolemy.util.test.junit.AutoTests" name="[8] /home/travis/build/icyphy/ptII/ptolemy/domains/continuous/test/auto/CausalityInterface13.xml (RunModel)" time="0.036" />
  <testcase classname="ptolemy.util.test.junit.AutoTests" name="[9] /home/travis/build/icyphy/ptII/ptolemy/domains/continuous/test/auto/CausalityInterface14.xml (RunModel)" time="0.034" />
  <testcase classname="ptolemy.util.test.junit.AutoTests" name="[10] /home/travis/build/icyphy/ptII/ptolemy/domains/continuous/test/auto/CausalityInterface4.xml (RunModel)" time="0.039" />
  <testcase classname="ptolemy.util.test.junit.AutoTests" name="[11] /home/travis/build/icyphy/ptII/ptolemy/domains/continuous/test/auto/CausalityInterface5.xml (RunModel)" time="0.044" />
  <testcase classname="ptolemy.util.test.junit.AutoTests" name="[12] /home/travis/build/icyphy/ptII/ptolemy/domains/continuous/test/auto/CausalityInterface6.xml (RunModel)" time="0.037" />
  <testcase classname="ptolemy.util.test.junit.AutoTests" name="[13] /home/travis/build/icyphy/ptII/ptolemy/domains/continuous/test/auto/CausalityInterface7.xml (RunModel)" time="0.05" />
  <testcase classname="ptolemy.util.test.junit.AutoTests" name="[14] /home/travis/build/icyphy/ptII/ptolemy/domains/continuous/test/auto/CausalityInterface8.xml (RunModel)" time="0.04" />
  <testcase classname="ptolemy.util.test.junit.AutoTests" name="[15] /home/travis/build/icyphy/ptII/ptolemy/domains/continuous/test/auto/CausalityInterface9.xml (RunModel)" time="0.037" />
  <testcase classname="ptolemy.util.test.junit.AutoTests" name="[16] /home/travis/build/icyphy/ptII/ptolemy/domains/continuous/test/auto/CausalityInterfaceFeedback1.xml (RunModel)" time="0.029" />
  <testcase classname="ptolemy.util.test.junit.AutoTests" name="[17] /home/travis/build/icyphy/ptII/ptolemy/domains/continuous/test/auto/CausalityInterfaceFeedback2.xml (RunModel)" time="0.041" />
  <testcase classname="ptolemy.util.test.junit.AutoTests" name="[18] /home/travis/build/icyphy/ptII/ptolemy/domains/continuous/test/auto/CompareWithCurrentTime.xml (RunModel)" time="0.038" />
  <testcase classname="ptolemy.util.test.junit.AutoTests" name="[19] /home/travis/build/icyphy/ptII/ptolemy/domains/continuous/test/auto/ComparedClocks.xml (RunModel)" time="0.087" />
  <testcase classname="ptolemy.util.test.junit.AutoTests" name="[20] /home/travis/build/icyphy/ptII/ptolemy/domains/continuous/test/auto/ContinuousAOCClone.xml (RunModel)" time="2.753" />
  <testcase classname="ptolemy.util.test.junit.AutoTests" name="[21] /home/travis/build/icyphy/ptII/ptolemy/domains/continuous/test/auto/ContinuousClock.xml (RunModel)" time="0.101" />
  <testcase classname="ptolemy.util.test.junit.AutoTests" name="[22] /home/travis/build/icyphy/ptII/ptolemy/domains/continuous/test/auto/ContinuousInContinuous.xml (RunModel)" time="0.084" />
  <testcase classname="ptolemy.util.test.junit.AutoTests" name="[23] /home/travis/build/icyphy/ptII/ptolemy/domains/continuous/test/auto/ContinuousInContinuousInContinuous.xml (RunModel)" time="0.027" />
  <testcase classname="ptolemy.util.test.junit.AutoTests" name="[24] /home/travis/build/icyphy/ptII/ptolemy/domains/continuous/test/auto/ContinuousInDE.xml (RunModel)" time="0.121" />
  <testcase classname="ptolemy.util.test.junit.AutoTests" name="[25] /home/travis/build/icyphy/ptII/ptolemy/domains/continuous/test/auto/ContinuousInDE2.xml (RunModel)" time="0.054" />
  <testcase classname="ptolemy.util.test.junit.AutoTests" name="[26] /home/travis/build/icyphy/ptII/ptolemy/domains/continuous/test/auto/ContinuousInDE3.xml (RunModel)" time="0.053" />
  <testcase classname="ptolemy.util.test.junit.AutoTests" name="[27] /home/travis/build/icyphy/ptII/ptolemy/domains/continuous/test/auto/ContinuousInDE4.xml (RunModel)" time="0.045" />
  <testcase classname="ptolemy.util.test.junit.AutoTests" name="[28] /home/travis/build/icyphy/ptII/ptolemy/domains/continuous/test/auto/ContinuousInDEDifferentRefinements.xml (RunModel)" time="0.114" />
  <testcase classname="ptolemy.util.test.junit.AutoTests" name="[29] /home/travis/build/icyphy/ptII/ptolemy/domains/continuous/test/auto/ContinuousInDEDifferentRefinementsPreemptive.xml (RunModel)" time="0.09" />
  <testcase classname="ptolemy.util.test.junit.AutoTests" name="[30] /home/travis/build/icyphy/ptII/ptolemy/domains/continuous/test/auto/ContinuousInDEInContinuous2.xml (RunModel)" time="0.059" />
  <testcase classname="ptolemy.util.test.junit.AutoTests" name="[31] /home/travis/build/icyphy/ptII/ptolemy/domains/continuous/test/auto/ContinuousInDEInContinuous3.xml (RunModel)" time="0.096" />
  <testcase classname="ptolemy.util.test.junit.AutoTests" name="[32] /home/travis/build/icyphy/ptII/ptolemy/domains/continuous/test/auto/ContinuousInDEInput.xml (RunModel)" time="0.043" />
  <testcase classname="ptolemy.util.test.junit.AutoTests" name="[33] /home/travis/build/icyphy/ptII/ptolemy/domains/continuous/test/auto/ContinuousInDEInput2.xml (RunModel)" time="0.03" />
  <testcase classname="ptolemy.util.test.junit.AutoTests" name="[34] /home/travis/build/icyphy/ptII/ptolemy/domains/continuous/test/auto/ContinuousInDEInput3.xml (RunModel)" time="0.025" />
  <testcase classname="ptolemy.util.test.junit.AutoTests" name="[35] /home/travis/build/icyphy/ptII/ptolemy/domains/continuous/test/auto/ContinuousInDESharingRefinement.xml (RunModel)" time="0.174" />
  <testcase classname="ptolemy.util.test.junit.AutoTests" name="[36] /home/travis/build/icyphy/ptII/ptolemy/domains/continuous/test/auto/ContinuousInDEwithNoPorts.xml (RunModel)" time="0.02" />
  <testcase classname="ptolemy.util.test.junit.AutoTests" name="[37] /home/travis/build/icyphy/ptII/ptolemy/domains/continuous/test/auto/ContinuousInsideDE.xml (RunModel)" time="0.087" />
  <testcase classname="ptolemy.util.test.junit.AutoTests" name="[38] /home/travis/build/icyphy/ptII/ptolemy/domains/continuous/test/auto/ContinuousMerge1.xml (RunModel)" time="0.016" />
  <testcase classname="ptolemy.util.test.junit.AutoTests" name="[39] /home/travis/build/icyphy/ptII/ptolemy/domains/continuous/test/auto/ContinuousMerge2.xml (RunModel)" time="0.053" />
  <testcase classname="ptolemy.util.test.junit.AutoTests" name="[40] /home/travis/build/icyphy/ptII/ptolemy/domains/continuous/test/auto/ContinuousMerge3.xml (RunModel)" time="0.073" />
  <testcase classname="ptolemy.util.test.junit.AutoTests" name="[41] /home/travis/build/icyphy/ptII/ptolemy/domains/continuous/test/auto/ContinuousWithinContinuous.xml (RunModel)" time="0.066" />
  <testcase classname="ptolemy.util.test.junit.AutoTests" name="[42] /home/travis/build/icyphy/ptII/ptolemy/domains/continuous/test/auto/ContinuousWithinContinuous2.xml (RunModel)" time="0.083" />
  <testcase classname="ptolemy.util.test.junit.AutoTests" name="[43] /home/travis/build/icyphy/ptII/ptolemy/domains/continuous/test/auto/ContinuousWithinContinuous3.xml (RunModel)" time="0.028" />
  <testcase classname="ptolemy.util.test.junit.AutoTests" name="[44] /home/travis/build/icyphy/ptII/ptolemy/domains/continuous/test/auto/ContinuousWithinContinuous4.xml (RunModel)" time="0.083" />
  <testcase classname="ptolemy.util.test.junit.AutoTests" name="[45] /home/travis/build/icyphy/ptII/ptolemy/domains/continuous/test/auto/ContinuousWithinContinuous5.xml (RunModel)" time="0.028" />
  <testcase classname="ptolemy.util.test.junit.AutoTests" name="[46] /home/travis/build/icyphy/ptII/ptolemy/domains/continuous/test/auto/ContinuousWithinContinuous6.xml (RunModel)" time="0.03" />
  <testcase classname="ptolemy.util.test.junit.AutoTests" name="[47] /home/travis/build/icyphy/ptII/ptolemy/domains/continuous/test/auto/ContinuousWithinContinuous7.xml (RunModel)" time="0.075" />
  <testcase classname="ptolemy.util.test.junit.AutoTests" name="[48] /home/travis/build/icyphy/ptII/ptolemy/domains/continuous/test/auto/DCMotor.xml (RunModel)" time="13.94" />
  <testcase classname="ptolemy.util.test.junit.AutoTests" name="[49] /home/travis/build/icyphy/ptII/ptolemy/domains/continuous/test/auto/DEInContinuous.xml (RunModel)" time="0.035" />
  <testcase classname="ptolemy.util.test.junit.AutoTests" name="[50] /home/travis/build/icyphy/ptII/ptolemy/domains/continuous/test/auto/DEinContinuous2.xml (RunModel)" time="0.023" />
  <testcase classname="ptolemy.util.test.junit.AutoTests" name="[51] /home/travis/build/icyphy/ptII/ptolemy/domains/continuous/test/auto/Derivative.xml (RunModel)" time="0.179" />
  <testcase classname="ptolemy.util.test.junit.AutoTests" name="[52] /home/travis/build/icyphy/ptII/ptolemy/domains/continuous/test/auto/Derivative1.xml (RunModel)" time="0.048" />
  <testcase classname="ptolemy.util.test.junit.AutoTests" name="[53] /home/travis/build/icyphy/ptII/ptolemy/domains/continuous/test/auto/DiscreteClock.xml (RunModel)" time="0.015" />
  <testcase classname="ptolemy.util.test.junit.AutoTests" name="[54] /home/travis/build/icyphy/ptII/ptolemy/domains/continuous/test/auto/EfficiencyCurve.xml (RunModel)" time="0.125" />
  <testcase classname="ptolemy.util.test.junit.AutoTests" name="[55] /home/travis/build/icyphy/ptII/ptolemy/domains/continuous/test/auto/ExponentialResponse.xml (RunModel)" time="0.113" />
  <testcase classname="ptolemy.util.test.junit.AutoTests" name="[56] /home/travis/build/icyphy/ptII/ptolemy/domains/continuous/test/auto/ExponentialResponseRK45.xml (RunModel)" time="0.034" />
  <testcase classname="ptolemy.util.test.junit.AutoTests" name="[57] /home/travis/build/icyphy/ptII/ptolemy/domains/continuous/test/auto/Friction.xml (RunModel)" time="1.443" />
  <testcase classname="ptolemy.util.test.junit.AutoTests" name="[58] /home/travis/build/icyphy/ptII/ptolemy/domains/continuous/test/auto/FurutaPendulum.xml (RunModel)" time="3.482" />
  <testcase classname="ptolemy.util.test.junit.AutoTests" name="[59] /home/travis/build/icyphy/ptII/ptolemy/domains/continuous/test/auto/HierarchicalExecution.xml (RunModel)" time="1.939" />
  <testcase classname="ptolemy.util.test.junit.AutoTests" name="[60] /home/travis/build/icyphy/ptII/ptolemy/domains/continuous/test/auto/HybridPlant.xml (RunModel)" time="0.532" />
  <testcase classname="ptolemy.util.test.junit.AutoTests" name="[61] /home/travis/build/icyphy/ptII/ptolemy/domains/continuous/test/auto/Hysteresis.xml (RunModel)" time="0.161" />
  <testcase classname="ptolemy.util.test.junit.AutoTests" name="[62] /home/travis/build/icyphy/ptII/ptolemy/domains/continuous/test/auto/HysteresisWithRandomDelay.xml (RunModel)" time="0.195" />
  <testcase classname="ptolemy.util.test.junit.AutoTests" name="[63] /home/travis/build/icyphy/ptII/ptolemy/domains/continuous/test/auto/HysteresisWithRandomLosses.xml (RunModel)" time="2.24" />
  <testcase classname="ptolemy.util.test.junit.AutoTests" name="[64] /home/travis/build/icyphy/ptII/ptolemy/domains/continuous/test/auto/ImmediateTransitions.xml (RunModel)" time="0.03" />
  <testcase classname="ptolemy.util.test.junit.AutoTests" name="[65] /home/travis/build/icyphy/ptII/ptolemy/domains/continuous/test/auto/ImpulseFeedback.xml (RunModel)" time="0.032" />
  <testcase classname="ptolemy.util.test.junit.AutoTests" name="[66] /home/travis/build/icyphy/ptII/ptolemy/domains/continuous/test/auto/ImpulseFeedback2.xml (RunModel)" time="0.017" />
  <testcase classname="ptolemy.util.test.junit.AutoTests" name="[67] /home/travis/build/icyphy/ptII/ptolemy/domains/continuous/test/auto/IncreasingRatePoisson.xml (RunModel)" time="0.691" />
  <testcase classname="ptolemy.util.test.junit.AutoTests" name="[68] /home/travis/build/icyphy/ptII/ptolemy/domains/continuous/test/auto/InitialStateFeedback.xml (RunModel)" time="0.014" />
  <testcase classname="ptolemy.util.test.junit.AutoTests" name="[69] /home/travis/build/icyphy/ptII/ptolemy/domains/continuous/test/auto/Integration.xml (RunModel)" time="0.023" />
  <testcase classname="ptolemy.util.test.junit.AutoTests" name="[70] /home/travis/build/icyphy/ptII/ptolemy/domains/continuous/test/auto/Integration2.xml (RunModel)" time="0.087" />
  <testcase classname="ptolemy.util.test.junit.AutoTests" name="[71] /home/travis/build/icyphy/ptII/ptolemy/domains/continuous/test/auto/Integration3.xml (RunModel)" time="0.013" />
  <testcase classname="ptolemy.util.test.junit.AutoTests" name="[72] /home/travis/build/icyphy/ptII/ptolemy/domains/continuous/test/auto/Integration5.xml (RunModel)" time="0.027" />
  <testcase classname="ptolemy.util.test.junit.AutoTests" name="[73] /home/travis/build/icyphy/ptII/ptolemy/domains/continuous/test/auto/IntegratorImpulse.xml (RunModel)" time="0.01" />
  <testcase classname="ptolemy.util.test.junit.AutoTests" name="[74] /home/travis/build/icyphy/ptII/ptolemy/domains/continuous/test/auto/IntegratorImpulse2.xml (RunModel)" time="0.012" />
  <testcase classname="ptolemy.util.test.junit.AutoTests" name="[75] /home/travis/build/icyphy/ptII/ptolemy/domains/continuous/test/auto/LevelCrossing1.xml (RunModel)" time="0.012" />
  <testcase classname="ptolemy.util.test.junit.AutoTests" name="[76] /home/travis/build/icyphy/ptII/ptolemy/domains/continuous/test/auto/LevelCrossing2.xml (RunModel)" time="0.012" />
  <testcase classname="ptolemy.util.test.junit.AutoTests" name="[77] /home/travis/build/icyphy/ptII/ptolemy/domains/continuous/test/auto/LevelCrossing3.xml (RunModel)" time="0.012" />
  <testcase classname="ptolemy.util.test.junit.AutoTests" name="[78] /home/travis/build/icyphy/ptII/ptolemy/domains/continuous/test/auto/LevelCrossing4.xml (RunModel)" time="0.012" />
  <testcase classname="ptolemy.util.test.junit.AutoTests" name="[79] /home/travis/build/icyphy/ptII/ptolemy/domains/continuous/test/auto/LevelCrossing5.xml (RunModel)" time="0.013" />
  <testcase classname="ptolemy.util.test.junit.AutoTests" name="[80] /home/travis/build/icyphy/ptII/ptolemy/domains/continuous/test/auto/LevelCrossing6.xml (RunModel)" time="0.013" />
  <testcase classname="ptolemy.util.test.junit.AutoTests" name="[81] /home/travis/build/icyphy/ptII/ptolemy/domains/continuous/test/auto/LevelCrossingDetector.xml (RunModel)" time="0.056" />
  <testcase classname="ptolemy.util.test.junit.AutoTests" name="[82] /home/travis/build/icyphy/ptII/ptolemy/domains/continuous/test/auto/LevelCrossingDetectorDetectingDirections.xml (RunModel)" time="0.08" />
  <testcase classname="ptolemy.util.test.junit.AutoTests" name="[83] /home/travis/build/icyphy/ptII/ptolemy/domains/continuous/test/auto/LevelCrossingDetectorDetectsGlitches.xml (RunModel)" time="0.062" />
  <testcase classname="ptolemy.util.test.junit.AutoTests" name="[84] /home/travis/build/icyphy/ptII/ptolemy/domains/continuous/test/auto/LevelCrossingNoInitialOuput.xml (RunModel)" time="0.012" />
  <testcase classname="ptolemy.util.test.junit.AutoTests" name="[85] /home/travis/build/icyphy/ptII/ptolemy/domains/continuous/test/auto/LinearStateSpaceExample.xml (RunModel)" time="0.044" />
  <testcase classname="ptolemy.util.test.junit.AutoTests" name="[86] /home/travis/build/icyphy/ptII/ptolemy/domains/continuous/test/auto/Lorenz.xml (RunModel)" time="4.647" />
  <testcase classname="ptolemy.util.test.junit.AutoTests" name="[87] /home/travis/build/icyphy/ptII/ptolemy/domains/continuous/test/auto/LorenzDifferentialSystem.xml (RunModel)" time="1.108" />
  <testcase classname="ptolemy.util.test.junit.AutoTests" name="[88] /home/travis/build/icyphy/ptII/ptolemy/domains/continuous/test/auto/LorenzDifferentialSystemWithInput.xml (RunModel)" time="1.317" />
  <testcase classname="ptolemy.util.test.junit.AutoTests" name="[89] /home/travis/build/icyphy/ptII/ptolemy/domains/continuous/test/auto/LorenzDifferentialSystemWithTime.xml (RunModel)" time="0.766" />
  <testcase classname="ptolemy.util.test.junit.AutoTests" name="[90] /home/travis/build/icyphy/ptII/ptolemy/domains/continuous/test/auto/Microsteps.xml (RunModel)" time="0.033" />
  <testcase classname="ptolemy.util.test.junit.AutoTests" name="[91] /home/travis/build/icyphy/ptII/ptolemy/domains/continuous/test/auto/Modal1.xml (RunModel)" time="0.039" />
  <testcase classname="ptolemy.util.test.junit.AutoTests" name="[92] /home/travis/build/icyphy/ptII/ptolemy/domains/continuous/test/auto/Modal2.xml (RunModel)" time="0.035" />
  <testcase classname="ptolemy.util.test.junit.AutoTests" name="[93] /home/travis/build/icyphy/ptII/ptolemy/domains/continuous/test/auto/ModalTransitionGuardWithReset.xml (RunModel)" time="0.027" />
  <testcase classname="ptolemy.util.test.junit.AutoTests" name="[94] /home/travis/build/icyphy/ptII/ptolemy/domains/continuous/test/auto/ModalTransitionGuardWithResetUsingPreemptiveTransition.xml (RunModel)" time="0.022" />
  <testcase classname="ptolemy.util.test.junit.AutoTests" name="[95] /home/travis/build/icyphy/ptII/ptolemy/domains/continuous/test/auto/ModalTransitionGuardWithResetUsingPreemptiveTransition2.xml (RunModel)" time="0.026" />
  <testcase classname="ptolemy.util.test.junit.AutoTests" name="[96] /home/travis/build/icyphy/ptII/ptolemy/domains/continuous/test/auto/ModalTransitionGuardWithResetUsingPreemptiveTransition3.xml (RunModel)" time="0.023" />
  <testcase classname="ptolemy.util.test.junit.AutoTests" name="[97] /home/travis/build/icyphy/ptII/ptolemy/domains/continuous/test/auto/NewtonsCradle.xml (RunModel)" time="0.77" />
  <testcase classname="ptolemy.util.test.junit.AutoTests" name="[98] /home/travis/build/icyphy/ptII/ptolemy/domains/continuous/test/auto/NewtonsCradleAnimated.xml (RunModel)" time="1.232" />
  <testcase classname="ptolemy.util.test.junit.AutoTests" name="[99] /home/travis/build/icyphy/ptII/ptolemy/domains/continuous/test/auto/NewtonsCradleComplicated.xml (RunModel)" time="0.83" />
  <testcase classname="ptolemy.util.test.junit.AutoTests" name="[100] /home/travis/build/icyphy/ptII/ptolemy/domains/continuous/test/auto/NewtonsCradleNondeterministic.xml (RunModel)" time="0.602" />
  <testcase classname="ptolemy.util.test.junit.AutoTests" name="[101] /home/travis/build/icyphy/ptII/ptolemy/domains/continuous/test/auto/NewtonsCradlePerfectlyInelastic1.xml (RunModel)" time="1.159" />
  <testcase classname="ptolemy.util.test.junit.AutoTests" name="[102] /home/travis/build/icyphy/ptII/ptolemy/domains/continuous/test/auto/Noise.xml (RunModel)" time="0.164" />
  <testcase classname="ptolemy.util.test.junit.AutoTests" name="[103] /home/travis/build/icyphy/ptII/ptolemy/domains/continuous/test/auto/NoiseSpectrum.xml (RunModel)" time="0.749" />
  <testcase classname="ptolemy.util.test.junit.AutoTests" name="[104] /home/travis/build/icyphy/ptII/ptolemy/domains/continuous/test/auto/ParameterizedNewtonsCradleAnimated.xml (RunModel)" time="0.342" />
  <testcase classname="ptolemy.util.test.junit.AutoTests" name="[105] /home/travis/build/icyphy/ptII/ptolemy/domains/continuous/test/auto/ParameterizedNewtonsCradleAnimatedNondeterministic.xml (RunModel)" time="1.109" />
  <testcase classname="ptolemy.util.test.junit.AutoTests" name="[106] /home/travis/build/icyphy/ptII/ptolemy/domains/continuous/test/auto/Pendulum3D.xml (RunModel)" time="0.171" />
  <testcase classname="ptolemy.util.test.junit.AutoTests" name="[107] /home/travis/build/icyphy/ptII/ptolemy/domains/continuous/test/auto/PeriodicSampler.xml (RunModel)" time="0.009" />
  <testcase classname="ptolemy.util.test.junit.AutoTests" name="[108] /home/travis/build/icyphy/ptII/ptolemy/domains/continuous/test/auto/PeriodicSampler1.xml (RunModel)" time="0.045" />
  <testcase classname="ptolemy.util.test.junit.AutoTests" name="[109] /home/travis/build/icyphy/ptII/ptolemy/domains/continuous/test/auto/PeriodicSampler2.xml (RunModel)" time="0.093" />
  <testcase classname="ptolemy.util.test.junit.AutoTests" name="[110] /home/travis/build/icyphy/ptII/ptolemy/domains/continuous/test/auto/Poisson.xml (RunModel)" time="0.403" />
  <testcase classname="ptolemy.util.test.junit.AutoTests" name="[111] /home/travis/build/icyphy/ptII/ptolemy/domains/continuous/test/auto/PoissonClock.xml (RunModel)" time="0.012" />
  <testcase classname="ptolemy.util.test.junit.AutoTests" name="[112] /home/travis/build/icyphy/ptII/ptolemy/domains/continuous/test/auto/PoissonClock2.xml (RunModel)" time="0.012" />
  <testcase classname="ptolemy.util.test.junit.AutoTests" name="[113] /home/travis/build/icyphy/ptII/ptolemy/domains/continuous/test/auto/PortParameterHierarchy.xml (RunModel)" time="0.02" />
  <testcase classname="ptolemy.util.test.junit.AutoTests" name="[114] /home/travis/build/icyphy/ptII/ptolemy/domains/continuous/test/auto/RandomHybridPlant.xml (RunModel)" time="0.512" />
  <testcase classname="ptolemy.util.test.junit.AutoTests" name="[115] /home/travis/build/icyphy/ptII/ptolemy/domains/continuous/test/auto/ResetTransitionWithStartTime1.xml (RunModel)" time="0.034" />
  <testcase classname="ptolemy.util.test.junit.AutoTests" name="[116] /home/travis/build/icyphy/ptII/ptolemy/domains/continuous/test/auto/ResetTransitionWithStartTime2.xml (RunModel)" time="0.04" />
  <testcase classname="ptolemy.util.test.junit.AutoTests" name="[117] /home/travis/build/icyphy/ptII/ptolemy/domains/continuous/test/auto/ResetTransitionWithStartTime3.xml (RunModel)" time="0.038" />
  <testcase classname="ptolemy.util.test.junit.AutoTests" name="[118] /home/travis/build/icyphy/ptII/ptolemy/domains/continuous/test/auto/ResetTransitionWithStartTime4.xml (RunModel)" time="0.025" />
  <testcase classname="ptolemy.util.test.junit.AutoTests" name="[119] /home/travis/build/icyphy/ptII/ptolemy/domains/continuous/test/auto/ResetTransitionWithStartTime5.xml (RunModel)" time="0.037" />
  <testcase classname="ptolemy.util.test.junit.AutoTests" name="[120] /home/travis/build/icyphy/ptII/ptolemy/domains/continuous/test/auto/ResetTransitionWithStartTime6.xml (RunModel)" time="0.035" />
  <testcase classname="ptolemy.util.test.junit.AutoTests" name="[121] /home/travis/build/icyphy/ptII/ptolemy/domains/continuous/test/auto/SRinContinuous.xml (RunModel)" time="0.029" />
  <testcase classname="ptolemy.util.test.junit.AutoTests" name="[122] /home/travis/build/icyphy/ptII/ptolemy/domains/continuous/test/auto/SampledClocks.xml (RunModel)" time="0.024" />
  <testcase classname="ptolemy.util.test.junit.AutoTests" name="[123] /home/travis/build/icyphy/ptII/ptolemy/domains/continuous/test/auto/Satellite.xml (RunModel)" time="0.873" />
  <testcase classname="ptolemy.util.test.junit.AutoTests" name="[124] /home/travis/build/icyphy/ptII/ptolemy/domains/continuous/test/auto/SigmaDelta.xml (RunModel)" time="2.405" />
  <testcase classname="ptolemy.util.test.junit.AutoTests" name="[125] /home/travis/build/icyphy/ptII/ptolemy/domains/continuous/test/auto/SingleRefinement.xml (RunModel)" time="0.442" />
  <testcase classname="ptolemy.util.test.junit.AutoTests" name="[126] /home/travis/build/icyphy/ptII/ptolemy/domains/continuous/test/auto/SinuBouncingBall.xml (RunModel)" time="0.804" />
  <testcase classname="ptolemy.util.test.junit.AutoTests" name="[127] /home/travis/build/icyphy/ptII/ptolemy/domains/continuous/test/auto/Sinusoid.xml (RunModel)" time="0.015" />
  <testcase classname="ptolemy.util.test.junit.AutoTests" name="[128] /home/travis/build/icyphy/ptII/ptolemy/domains/continuous/test/auto/SinusoidInNoise.xml (RunModel)" time="0.931" />
  <testcase classname="ptolemy.util.test.junit.AutoTests" name="[129] /home/travis/build/icyphy/ptII/ptolemy/domains/continuous/test/auto/SinusoidRK45.xml (RunModel)" time="0.008" />
  <testcase classname="ptolemy.util.test.junit.AutoTests" name="[130] /home/travis/build/icyphy/ptII/ptolemy/domains/continuous/test/auto/SinusoidWithMultipleImpulses.xml (RunModel)" time="0.014" />
  <testcase classname="ptolemy.util.test.junit.AutoTests" name="[131] /home/travis/build/icyphy/ptII/ptolemy/domains/continuous/test/auto/SquareWave.xml (RunModel)" time="0.181" />
  <testcase classname="ptolemy.util.test.junit.AutoTests" name="[132] /home/travis/build/icyphy/ptII/ptolemy/domains/continuous/test/auto/Starmac.xml (RunModel)" time="3.48" />
  <testcase classname="ptolemy.util.test.junit.AutoTests" name="[133] /home/travis/build/icyphy/ptII/ptolemy/domains/continuous/test/auto/StaticUnits.xml (RunModel)" time="2.405" />
  <testcase classname="ptolemy.util.test.junit.AutoTests" name="[134] /home/travis/build/icyphy/ptII/ptolemy/domains/continuous/test/auto/StickyMasses.xml (RunModel)" time="0.181" />
  <testcase classname="ptolemy.util.test.junit.AutoTests" name="[135] /home/travis/build/icyphy/ptII/ptolemy/domains/continuous/test/auto/StopTime.xml (RunModel)" time="0.07" />
  <testcase classname="ptolemy.util.test.junit.AutoTests" name="[136] /home/travis/build/icyphy/ptII/ptolemy/domains/continuous/test/auto/StopTime2.xml (RunModel)" time="0.061" />
  <testcase classname="ptolemy.util.test.junit.AutoTests" name="[137] /home/travis/build/icyphy/ptII/ptolemy/domains/continuous/test/auto/Switch.xml (RunModel)" time="0.075" />
  <testcase classname="ptolemy.util.test.junit.AutoTests" name="[138] /home/travis/build/icyphy/ptII/ptolemy/domains/continuous/test/auto/Thermostat.xml (RunModel)" time="0.18" />
  <testcase classname="ptolemy.util.test.junit.AutoTests" name="[139] /home/travis/build/icyphy/ptII/ptolemy/domains/continuous/test/auto/TimeDelay.xml (RunModel)" time="0.013" />
  <testcase classname="ptolemy.util.test.junit.AutoTests" name="[140] /home/travis/build/icyphy/ptII/ptolemy/domains/continuous/test/auto/TimeDelay2.xml (RunModel)" time="0.016" />
  <testcase classname="ptolemy.util.test.junit.AutoTests" name="[141] /home/travis/build/icyphy/ptII/ptolemy/domains/continuous/test/auto/TimeDelay3.xml (RunModel)" time="0.014" />
  <testcase classname="ptolemy.util.test.junit.AutoTests" name="[142] /home/travis/build/icyphy/ptII/ptolemy/domains/continuous/test/auto/TransferAbsentToInside.xml (RunModel)" time="0.116" />
  <testcase classname="ptolemy.util.test.junit.AutoTests" name="[143] /home/travis/build/icyphy/ptII/ptolemy/domains/continuous/test/auto/Transmission.xml (RunModel)" time="0.721" />
  <testcase classname="ptolemy.util.test.junit.AutoTests" name="[144] /home/travis/build/icyphy/ptII/ptolemy/domains/continuous/test/auto/TriggeredContinuousClock.xml (RunModel)" time="0.061" />
  <testcase classname="ptolemy.util.test.junit.AutoTests" name="[145] /home/travis/build/icyphy/ptII/ptolemy/domains/continuous/test/auto/TwoMachineInfiniteBusControl.xml (RunModel)" time="2.879" />
  <testcase classname="ptolemy.util.test.junit.AutoTests" name="[146] /home/travis/build/icyphy/ptII/ptolemy/domains/continuous/test/auto/V2V.xml (RunModel)" time="0.812" />
  <testcase classname="ptolemy.util.test.junit.AutoTests" name="[147] /home/travis/build/icyphy/ptII/ptolemy/domains/continuous/test/auto/hierarchicalModalModel.xml (RunModel)" time="0.033" />
  <testcase classname="ptolemy.util.test.junit.AutoTests" name="[148] /home/travis/build/icyphy/ptII/ptolemy/domains/continuous/test/auto/hierarchicalModalModel1.xml (RunModel)" time="0.032" />
  <testcase classname="ptolemy.util.test.junit.AutoTests" name="[149] /home/travis/build/icyphy/ptII/ptolemy/domains/continuous/test/auto/hierarchicalModalModel2.xml (RunModel)" time="0.026" />
  <testcase classname="ptolemy.util.test.junit.AutoTests" name="[150] /home/travis/build/icyphy/ptII/ptolemy/domains/continuous/test/auto/hierarchicalModalModel3.xml (RunModel)" time="0.025" />
  <testcase classname="ptolemy.util.test.junit.AutoTests" name="[151] /home/travis/build/icyphy/ptII/ptolemy/domains/continuous/test/auto/hierarchicalModalModel4.xml (RunModel)" time="0.03" />
  <testcase classname="ptolemy.util.test.junit.AutoTests" name="[152] /home/travis/build/icyphy/ptII/ptolemy/domains/continuous/test/auto/junk.xml (RunModel)" time="0.141" />
  <system-out><![CDATA[No tcl tests in /home/travis/build/icyphy/ptII/ptolemy/domains/continuous/test
No auto/knownFailedTests/*.xml tests in /home/travis/build/icyphy/ptII/ptolemy/domains/continuous/test
No auto/linux-amd64/*.xml tests in /home/travis/build/icyphy/ptII/ptolemy/domains/continuous/test
AutoTests.java: About to close Vertx.
AutoTests.java: Vertx closed.

===========================================================================================
----------------- testing Sun Dec 09 02:58:35 UTC 2018 /home/travis/build/icyphy/ptII/ptolemy/domains/continuous/test/auto/BouncingBall.xml
----------------- Instantiating /home/travis/build/icyphy/ptII/ptolemy/domains/continuous/test/auto/BouncingBall.xml
2311 ms. Memory: 331776K Free: 255147K (77%)
----------------- Invoking toplevel() on ptolemy.moml.MoMLSimpleApplication@779831d4
----------------- Done invoking toplevel() on ptolemy.moml.MoMLSimpleApplication@779831d4
reloadAllAccessors: .BouncingBall

===========================================================================================
----------------- testing Sun Dec 09 02:58:38 UTC 2018 /home/travis/build/icyphy/ptII/ptolemy/domains/continuous/test/auto/BouncingBallWithoutGR.xml
----------------- Instantiating /home/travis/build/icyphy/ptII/ptolemy/domains/continuous/test/auto/BouncingBallWithoutGR.xml
750 ms. Memory: 331776K Free: 309942K (93%)
----------------- Invoking toplevel() on ptolemy.moml.MoMLSimpleApplication@7df11ca3
----------------- Done invoking toplevel() on ptolemy.moml.MoMLSimpleApplication@7df11ca3
reloadAllAccessors: .BouncingBallWithoutGR

===========================================================================================
----------------- testing Sun Dec 09 02:58:38 UTC 2018 /home/travis/build/icyphy/ptII/ptolemy/domains/continuous/test/auto/Brownian.xml
----------------- Instantiating /home/travis/build/icyphy/ptII/ptolemy/domains/continuous/test/auto/Brownian.xml
41 ms. Memory: 331776K Free: 296020K (89%)
----------------- Invoking toplevel() on ptolemy.moml.MoMLSimpleApplication@4d7d0ef9
----------------- Done invoking toplevel() on ptolemy.moml.MoMLSimpleApplication@4d7d0ef9
reloadAllAccessors: .Brownian

===========================================================================================
----------------- testing Sun Dec 09 02:58:39 UTC 2018 /home/travis/build/icyphy/ptII/ptolemy/domains/continuous/test/auto/CarTracking.xml
----------------- Instantiating /home/travis/build/icyphy/ptII/ptolemy/domains/continuous/test/auto/CarTracking.xml
3561 ms. Memory: 578048K Free: 441569K (76%)
----------------- Invoking toplevel() on ptolemy.moml.MoMLSimpleApplication@21fd0a42
----------------- Done invoking toplevel() on ptolemy.moml.MoMLSimpleApplication@21fd0a42
reloadAllAccessors: .CarTracking

===========================================================================================
----------------- testing Sun Dec 09 02:58:43 UTC 2018 /home/travis/build/icyphy/ptII/ptolemy/domains/continuous/test/auto/CartPendulum.xml
----------------- Instantiating /home/travis/build/icyphy/ptII/ptolemy/domains/continuous/test/auto/CartPendulum.xml
431 ms. Memory: 578048K Free: 336917K (58%)
----------------- Invoking toplevel() on ptolemy.moml.MoMLSimpleApplication@7e4b3c2c
----------------- Done invoking toplevel() on ptolemy.moml.MoMLSimpleApplication@7e4b3c2c
reloadAllAccessors: .CartPendulum

===========================================================================================
----------------- testing Sun Dec 09 02:58:43 UTC 2018 /home/travis/build/icyphy/ptII/ptolemy/domains/continuous/test/auto/CausalityInterface10.xml
----------------- Instantiating /home/travis/build/icyphy/ptII/ptolemy/domains/continuous/test/auto/CausalityInterface10.xml
9 ms. Memory: 578048K Free: 320501K (55%)
----------------- Invoking toplevel() on ptolemy.moml.MoMLSimpleApplication@24e7976a
----------------- Done invoking toplevel() on ptolemy.moml.MoMLSimpleApplication@24e7976a
reloadAllAccessors: .CausalityInterface10

===========================================================================================
----------------- testing Sun Dec 09 02:58:43 UTC 2018 /home/travis/build/icyphy/ptII/ptolemy/domains/continuous/test/auto/CausalityInterface11.xml
----------------- Instantiating /home/travis/build/icyphy/ptII/ptolemy/domains/continuous/test/auto/CausalityInterface11.xml
4 ms. Memory: 578048K Free: 310654K (54%)
----------------- Invoking toplevel() on ptolemy.moml.MoMLSimpleApplication@c1091fc
----------------- Done invoking toplevel() on ptolemy.moml.MoMLSimpleApplication@c1091fc
reloadAllAccessors: .CausalityInterface11

===========================================================================================
----------------- testing Sun Dec 09 02:58:43 UTC 2018 /home/travis/build/icyphy/ptII/ptolemy/domains/continuous/test/auto/CausalityInterface12.xml
----------------- Instantiating /home/travis/build/icyphy/ptII/ptolemy/domains/continuous/test/auto/CausalityInterface12.xml
5 ms. Memory: 578048K Free: 300808K (52%)
----------------- Invoking toplevel() on ptolemy.moml.MoMLSimpleApplication@5d8de8f1
----------------- Done invoking toplevel() on ptolemy.moml.MoMLSimpleApplication@5d8de8f1
reloadAllAccessors: .CausalityInterface12

===========================================================================================
----------------- testing Sun Dec 09 02:58:43 UTC 2018 /home/travis/build/icyphy/ptII/ptolemy/domains/continuous/test/auto/CausalityInterface13.xml
----------------- Instantiating /home/travis/build/icyphy/ptII/ptolemy/domains/continuous/test/auto/CausalityInterface13.xml
9 ms. Memory: 578048K Free: 287774K (50%)
----------------- Invoking toplevel() on ptolemy.moml.MoMLSimpleApplication@ce0c5d8
----------------- Done invoking toplevel() on ptolemy.moml.MoMLSimpleApplication@ce0c5d8
reloadAllAccessors: .CausalityInterface13

===========================================================================================
----------------- testing Sun Dec 09 02:58:43 UTC 2018 /home/travis/build/icyphy/ptII/ptolemy/domains/continuous/test/auto/CausalityInterface14.xml
----------------- Instantiating /home/travis/build/icyphy/ptII/ptolemy/domains/continuous/test/auto/CausalityInterface14.xml
3 ms. Memory: 578048K Free: 277943K (48%)
----------------- Invoking toplevel() on ptolemy.moml.MoMLSimpleApplication@7e94fe74
----------------- Done invoking toplevel() on ptolemy.moml.MoMLSimpleApplication@7e94fe74
reloadAllAccessors: .CausalityInterface14

===========================================================================================
----------------- testing Sun Dec 09 02:58:43 UTC 2018 /home/travis/build/icyphy/ptII/ptolemy/domains/continuous/test/auto/CausalityInterface4.xml
----------------- Instantiating /home/travis/build/icyphy/ptII/ptolemy/domains/continuous/test/auto/CausalityInterface4.xml
3 ms. Memory: 578048K Free: 268097K (46%)
----------------- Invoking toplevel() on ptolemy.moml.MoMLSimpleApplication@778dddc1
----------------- Done invoking toplevel() on ptolemy.moml.MoMLSimpleApplication@778dddc1
reloadAllAccessors: .CausalityInterface4

===========================================================================================
----------------- testing Sun Dec 09 02:58:43 UTC 2018 /home/travis/build/icyphy/ptII/ptolemy/domains/continuous/test/auto/CausalityInterface5.xml
----------------- Instantiating /home/travis/build/icyphy/ptII/ptolemy/domains/continuous/test/auto/CausalityInterface5.xml
7 ms. Memory: 578048K Free: 254981K (44%)
----------------- Invoking toplevel() on ptolemy.moml.MoMLSimpleApplication@7213e88a
----------------- Done invoking toplevel() on ptolemy.moml.MoMLSimpleApplication@7213e88a
reloadAllAccessors: .CausalityInterface5

===========================================================================================
----------------- testing Sun Dec 09 02:58:43 UTC 2018 /home/travis/build/icyphy/ptII/ptolemy/domains/continuous/test/auto/CausalityInterface6.xml
----------------- Instantiating /home/travis/build/icyphy/ptII/ptolemy/domains/continuous/test/auto/CausalityInterface6.xml
15 ms. Memory: 578048K Free: 241939K (42%)
----------------- Invoking toplevel() on ptolemy.moml.MoMLSimpleApplication@51a0c7de
----------------- Done invoking toplevel() on ptolemy.moml.MoMLSimpleApplication@51a0c7de
reloadAllAccessors: .CausalityInterface6

===========================================================================================
----------------- testing Sun Dec 09 02:58:43 UTC 2018 /home/travis/build/icyphy/ptII/ptolemy/domains/continuous/test/auto/CausalityInterface7.xml
----------------- Instantiating /home/travis/build/icyphy/ptII/ptolemy/domains/continuous/test/auto/CausalityInterface7.xml
14 ms. Memory: 578048K Free: 228816K (40%)
----------------- Invoking toplevel() on ptolemy.moml.MoMLSimpleApplication@bf9ca97
----------------- Done invoking toplevel() on ptolemy.moml.MoMLSimpleApplication@bf9ca97
reloadAllAccessors: .CausalityInterface7

===========================================================================================
----------------- testing Sun Dec 09 02:58:43 UTC 2018 /home/travis/build/icyphy/ptII/ptolemy/domains/continuous/test/auto/CausalityInterface8.xml
----------------- Instantiating /home/travis/build/icyphy/ptII/ptolemy/domains/continuous/test/auto/CausalityInterface8.xml
11 ms. Memory: 578048K Free: 215700K (37%)
----------------- Invoking toplevel() on ptolemy.moml.MoMLSimpleApplication@5e39f155
----------------- Done invoking toplevel() on ptolemy.moml.MoMLSimpleApplication@5e39f155
reloadAllAccessors: .CausalityInterface8

===========================================================================================
----------------- testing Sun Dec 09 02:58:43 UTC 2018 /home/travis/build/icyphy/ptII/ptolemy/domains/continuous/test/auto/CausalityInterface9.xml
----------------- Instantiating /home/travis/build/icyphy/ptII/ptolemy/domains/continuous/test/auto/CausalityInterface9.xml
5 ms. Memory: 578048K Free: 199300K (34%)
----------------- Invoking toplevel() on ptolemy.moml.MoMLSimpleApplication@6dfd4ed2
----------------- Done invoking toplevel() on ptolemy.moml.MoMLSimpleApplication@6dfd4ed2
reloadAllAccessors: .CausalityInterface9

===========================================================================================
----------------- testing Sun Dec 09 02:58:44 UTC 2018 /home/travis/build/icyphy/ptII/ptolemy/domains/continuous/test/auto/CausalityInterfaceFeedback1.xml
----------------- Instantiating /home/travis/build/icyphy/ptII/ptolemy/domains/continuous/test/auto/CausalityInterfaceFeedback1.xml
6 ms. Memory: 578048K Free: 186257K (32%)
----------------- Invoking toplevel() on ptolemy.moml.MoMLSimpleApplication@5e6dbae0
----------------- Done invoking toplevel() on ptolemy.moml.MoMLSimpleApplication@5e6dbae0
reloadAllAccessors: .CausalityInterfaceFeedback1

===========================================================================================
----------------- testing Sun Dec 09 02:58:44 UTC 2018 /home/travis/build/icyphy/ptII/ptolemy/domains/continuous/test/auto/CausalityInterfaceFeedback2.xml
----------------- Instantiating /home/travis/build/icyphy/ptII/ptolemy/domains/continuous/test/auto/CausalityInterfaceFeedback2.xml
6 ms. Memory: 578048K Free: 176427K (31%)
----------------- Invoking toplevel() on ptolemy.moml.MoMLSimpleApplication@7af200bc
----------------- Done invoking toplevel() on ptolemy.moml.MoMLSimpleApplication@7af200bc
reloadAllAccessors: .CausalityInterfaceFeedback2

===========================================================================================
----------------- testing Sun Dec 09 02:58:44 UTC 2018 /home/travis/build/icyphy/ptII/ptolemy/domains/continuous/test/auto/CompareWithCurrentTime.xml
----------------- Instantiating /home/travis/build/icyphy/ptII/ptolemy/domains/continuous/test/auto/CompareWithCurrentTime.xml
7 ms. Memory: 578048K Free: 169873K (29%)
----------------- Invoking toplevel() on ptolemy.moml.MoMLSimpleApplication@3ed1bcde
----------------- Done invoking toplevel() on ptolemy.moml.MoMLSimpleApplication@3ed1bcde
reloadAllAccessors: .CompareWithCurrentTime

===========================================================================================
----------------- testing Sun Dec 09 02:58:44 UTC 2018 /home/travis/build/icyphy/ptII/ptolemy/domains/continuous/test/auto/ComparedClocks.xml
----------------- Instantiating /home/travis/build/icyphy/ptII/ptolemy/domains/continuous/test/auto/ComparedClocks.xml
8 ms. Memory: 578048K Free: 150180K (26%)
----------------- Invoking toplevel() on ptolemy.moml.MoMLSimpleApplication@8d73520
----------------- Done invoking toplevel() on ptolemy.moml.MoMLSimpleApplication@8d73520
reloadAllAccessors: .ComparedClocks

===========================================================================================
----------------- testing Sun Dec 09 02:58:44 UTC 2018 /home/travis/build/icyphy/ptII/ptolemy/domains/continuous/test/auto/ContinuousAOCClone.xml
----------------- Instantiating /home/travis/build/icyphy/ptII/ptolemy/domains/continuous/test/auto/ContinuousAOCClone.xml
2507 ms. Memory: 872960K Free: 415516K (48%)
----------------- Invoking toplevel() on ptolemy.moml.MoMLSimpleApplication@4b7a1937
----------------- Done invoking toplevel() on ptolemy.moml.MoMLSimpleApplication@4b7a1937
reloadAllAccessors: .ContinuousAOCClone

===========================================================================================
----------------- testing Sun Dec 09 02:58:46 UTC 2018 /home/travis/build/icyphy/ptII/ptolemy/domains/continuous/test/auto/ContinuousClock.xml
----------------- Instantiating /home/travis/build/icyphy/ptII/ptolemy/domains/continuous/test/auto/ContinuousClock.xml
39 ms. Memory: 872960K Free: 382242K (44%)
----------------- Invoking toplevel() on ptolemy.moml.MoMLSimpleApplication@6f1d26f3
----------------- Done invoking toplevel() on ptolemy.moml.MoMLSimpleApplication@6f1d26f3
reloadAllAccessors: .ContinuousClock

===========================================================================================
----------------- testing Sun Dec 09 02:58:47 UTC 2018 /home/travis/build/icyphy/ptII/ptolemy/domains/continuous/test/auto/ContinuousInContinuous.xml
----------------- Instantiating /home/travis/build/icyphy/ptII/ptolemy/domains/continuous/test/auto/ContinuousInContinuous.xml
42 ms. Memory: 872960K Free: 350773K (40%)
----------------- Invoking toplevel() on ptolemy.moml.MoMLSimpleApplication@588a8b07
----------------- Done invoking toplevel() on ptolemy.moml.MoMLSimpleApplication@588a8b07
reloadAllAccessors: .ContinuousInContinuous

===========================================================================================
----------------- testing Sun Dec 09 02:58:47 UTC 2018 /home/travis/build/icyphy/ptII/ptolemy/domains/continuous/test/auto/ContinuousInContinuousInContinuous.xml
----------------- Instantiating /home/travis/build/icyphy/ptII/ptolemy/domains/continuous/test/auto/ContinuousInContinuousInContinuous.xml
7 ms. Memory: 872960K Free: 335039K (38%)
----------------- Invoking toplevel() on ptolemy.moml.MoMLSimpleApplication@749661e1
----------------- Done invoking toplevel() on ptolemy.moml.MoMLSimpleApplication@749661e1
reloadAllAccessors: .ContinuousInContinuousInContinuous

===========================================================================================
----------------- testing Sun Dec 09 02:58:47 UTC 2018 /home/travis/build/icyphy/ptII/ptolemy/domains/continuous/test/auto/ContinuousInDE.xml
----------------- Instantiating /home/travis/build/icyphy/ptII/ptolemy/domains/continuous/test/auto/ContinuousInDE.xml
97 ms. Memory: 872960K Free: 319320K (37%)
----------------- Invoking toplevel() on ptolemy.moml.MoMLSimpleApplication@650725d5
----------------- Done invoking toplevel() on ptolemy.moml.MoMLSimpleApplication@650725d5
reloadAllAccessors: .ContinuousInDE

===========================================================================================
----------------- testing Sun Dec 09 02:58:47 UTC 2018 /home/travis/build/icyphy/ptII/ptolemy/domains/continuous/test/auto/ContinuousInDE2.xml
----------------- Instantiating /home/travis/build/icyphy/ptII/ptolemy/domains/continuous/test/auto/ContinuousInDE2.xml
36 ms. Memory: 872960K Free: 300137K (34%)
----------------- Invoking toplevel() on ptolemy.moml.MoMLSimpleApplication@6adf2fb8
----------------- Done invoking toplevel() on ptolemy.moml.MoMLSimpleApplication@6adf2fb8
reloadAllAccessors: .ContinuousInDE2

===========================================================================================
----------------- testing Sun Dec 09 02:58:47 UTC 2018 /home/travis/build/icyphy/ptII/ptolemy/domains/continuous/test/auto/ContinuousInDE3.xml
----------------- Instantiating /home/travis/build/icyphy/ptII/ptolemy/domains/continuous/test/auto/ContinuousInDE3.xml
35 ms. Memory: 872960K Free: 284419K (33%)
----------------- Invoking toplevel() on ptolemy.moml.MoMLSimpleApplication@50f35f08
----------------- Done invoking toplevel() on ptolemy.moml.MoMLSimpleApplication@50f35f08
reloadAllAccessors: .ContinuousInDE3

===========================================================================================
----------------- testing Sun Dec 09 02:58:47 UTC 2018 /home/travis/build/icyphy/ptII/ptolemy/domains/continuous/test/auto/ContinuousInDE4.xml
----------------- Instantiating /home/travis/build/icyphy/ptII/ptolemy/domains/continuous/test/auto/ContinuousInDE4.xml
28 ms. Memory: 872960K Free: 273940K (31%)
----------------- Invoking toplevel() on ptolemy.moml.MoMLSimpleApplication@55d7de2c
----------------- Done invoking toplevel() on ptolemy.moml.MoMLSimpleApplication@55d7de2c
reloadAllAccessors: .ContinuousInDE4

===========================================================================================
----------------- testing Sun Dec 09 02:58:47 UTC 2018 /home/travis/build/icyphy/ptII/ptolemy/domains/continuous/test/auto/ContinuousInDEDifferentRefinements.xml
----------------- Instantiating /home/travis/build/icyphy/ptII/ptolemy/domains/continuous/test/auto/ContinuousInDEDifferentRefinements.xml
55 ms. Memory: 872960K Free: 237199K (27%)
----------------- Invoking toplevel() on ptolemy.moml.MoMLSimpleApplication@4e2be688
----------------- Done invoking toplevel() on ptolemy.moml.MoMLSimpleApplication@4e2be688
reloadAllAccessors: .ContinuousInDEDifferentRefinements

===========================================================================================
----------------- testing Sun Dec 09 02:58:47 UTC 2018 /home/travis/build/icyphy/ptII/ptolemy/domains/continuous/test/auto/ContinuousInDEDifferentRefinementsPreemptive.xml
----------------- Instantiating /home/travis/build/icyphy/ptII/ptolemy/domains/continuous/test/auto/ContinuousInDEDifferentRefinementsPreemptive.xml
45 ms. Memory: 872960K Free: 197018K (23%)
----------------- Invoking toplevel() on ptolemy.moml.MoMLSimpleApplication@645a633b
----------------- Done invoking toplevel() on ptolemy.moml.MoMLSimpleApplication@645a633b
reloadAllAccessors: .ContinuousInDEDifferentRefinementsPreemptive

===========================================================================================
----------------- testing Sun Dec 09 02:58:47 UTC 2018 /home/travis/build/icyphy/ptII/ptolemy/domains/continuous/test/auto/ContinuousInDEInContinuous2.xml
----------------- Instantiating /home/travis/build/icyphy/ptII/ptolemy/domains/continuous/test/auto/ContinuousInDEInContinuous2.xml
37 ms. Memory: 872960K Free: 181292K (21%)
----------------- Invoking toplevel() on ptolemy.moml.MoMLSimpleApplication@74bd0498
----------------- Done invoking toplevel() on ptolemy.moml.MoMLSimpleApplication@74bd0498
reloadAllAccessors: .ContinuousInDEInContinuous2

===========================================================================================
----------------- testing Sun Dec 09 02:58:47 UTC 2018 /home/travis/build/icyphy/ptII/ptolemy/domains/continuous/test/auto/ContinuousInDEInContinuous3.xml
----------------- Instantiating /home/travis/build/icyphy/ptII/ptolemy/domains/continuous/test/auto/ContinuousInDEInContinuous3.xml
42 ms. Memory: 872960K Free: 160318K (18%)
----------------- Invoking toplevel() on ptolemy.moml.MoMLSimpleApplication@3ea7c3c9
----------------- Done invoking toplevel() on ptolemy.moml.MoMLSimpleApplication@3ea7c3c9
reloadAllAccessors: .ContinuousInDEInContinuous3

===========================================================================================
----------------- testing Sun Dec 09 02:58:47 UTC 2018 /home/travis/build/icyphy/ptII/ptolemy/domains/continuous/test/auto/ContinuousInDEInput.xml
----------------- Instantiating /home/travis/build/icyphy/ptII/ptolemy/domains/continuous/test/auto/ContinuousInDEInput.xml
24 ms. Memory: 872960K Free: 149839K (17%)
----------------- Invoking toplevel() on ptolemy.moml.MoMLSimpleApplication@29219ac4
----------------- Done invoking toplevel() on ptolemy.moml.MoMLSimpleApplication@29219ac4
reloadAllAccessors: .ContinuousInDEInput

===========================================================================================
----------------- testing Sun Dec 09 02:58:47 UTC 2018 /home/travis/build/icyphy/ptII/ptolemy/domains/continuous/test/auto/ContinuousInDEInput2.xml
----------------- Instantiating /home/travis/build/icyphy/ptII/ptolemy/domains/continuous/test/auto/ContinuousInDEInput2.xml
10 ms. Memory: 872960K Free: 139360K (16%)
----------------- Invoking toplevel() on ptolemy.moml.MoMLSimpleApplication@59bf89f7
----------------- Done invoking toplevel() on ptolemy.moml.MoMLSimpleApplication@59bf89f7
reloadAllAccessors: .ContinuousInDEInput2

===========================================================================================
----------------- testing Sun Dec 09 02:58:47 UTC 2018 /home/travis/build/icyphy/ptII/ptolemy/domains/continuous/test/auto/ContinuousInDEInput3.xml
----------------- Instantiating /home/travis/build/icyphy/ptII/ptolemy/domains/continuous/test/auto/ContinuousInDEInput3.xml
11 ms. Memory: 872960K Free: 125416K (14%)
----------------- Invoking toplevel() on ptolemy.moml.MoMLSimpleApplication@54db64b2
----------------- Done invoking toplevel() on ptolemy.moml.MoMLSimpleApplication@54db64b2
reloadAllAccessors: .ContinuousInDEInput3

===========================================================================================
----------------- testing Sun Dec 09 02:58:47 UTC 2018 /home/travis/build/icyphy/ptII/ptolemy/domains/continuous/test/auto/ContinuousInDESharingRefinement.xml
----------------- Instantiating /home/travis/build/icyphy/ptII/ptolemy/domains/continuous/test/auto/ContinuousInDESharingRefinement.xml
146 ms. Memory: 830464K Free: 771518K (93%)
----------------- Invoking toplevel() on ptolemy.moml.MoMLSimpleApplication@79f6a9b5
----------------- Done invoking toplevel() on ptolemy.moml.MoMLSimpleApplication@79f6a9b5
reloadAllAccessors: .ContinuousInDESharingRefinement

===========================================================================================
----------------- testing Sun Dec 09 02:58:48 UTC 2018 /home/travis/build/icyphy/ptII/ptolemy/domains/continuous/test/auto/ContinuousInDEwithNoPorts.xml
----------------- Instantiating /home/travis/build/icyphy/ptII/ptolemy/domains/continuous/test/auto/ContinuousInDEwithNoPorts.xml
6 ms. Memory: 830464K Free: 759271K (91%)
----------------- Invoking toplevel() on ptolemy.moml.MoMLSimpleApplication@4da2c49f
----------------- Done invoking toplevel() on ptolemy.moml.MoMLSimpleApplication@4da2c49f
reloadAllAccessors: .ContinuousInDEwithNoPorts

===========================================================================================
----------------- testing Sun Dec 09 02:58:48 UTC 2018 /home/travis/build/icyphy/ptII/ptolemy/domains/continuous/test/auto/ContinuousInsideDE.xml
----------------- Instantiating /home/travis/build/icyphy/ptII/ptolemy/domains/continuous/test/auto/ContinuousInsideDE.xml
50 ms. Memory: 830464K Free: 740557K (89%)
----------------- Invoking toplevel() on ptolemy.moml.MoMLSimpleApplication@615331b7
----------------- Done invoking toplevel() on ptolemy.moml.MoMLSimpleApplication@615331b7
reloadAllAccessors: .ContinuousInsideDE

===========================================================================================
----------------- testing Sun Dec 09 02:58:48 UTC 2018 /home/travis/build/icyphy/ptII/ptolemy/domains/continuous/test/auto/ContinuousMerge1.xml
----------------- Instantiating /home/travis/build/icyphy/ptII/ptolemy/domains/continuous/test/auto/ContinuousMerge1.xml
3 ms. Memory: 830464K Free: 730854K (88%)
----------------- Invoking toplevel() on ptolemy.moml.MoMLSimpleApplication@7bbaa25e
----------------- Done invoking toplevel() on ptolemy.moml.MoMLSimpleApplication@7bbaa25e
reloadAllAccessors: .ContinuousMerge1

===========================================================================================
----------------- testing Sun Dec 09 02:58:48 UTC 2018 /home/travis/build/icyphy/ptII/ptolemy/domains/continuous/test/auto/ContinuousMerge2.xml
----------------- Instantiating /home/travis/build/icyphy/ptII/ptolemy/domains/continuous/test/auto/ContinuousMerge2.xml
15 ms. Memory: 830464K Free: 715696K (86%)
----------------- Invoking toplevel() on ptolemy.moml.MoMLSimpleApplication@61d30388
----------------- Done invoking toplevel() on ptolemy.moml.MoMLSimpleApplication@61d30388
reloadAllAccessors: .ContinuousMerge2

===========================================================================================
----------------- testing Sun Dec 09 02:58:48 UTC 2018 /home/travis/build/icyphy/ptII/ptolemy/domains/continuous/test/auto/ContinuousMerge3.xml
----------------- Instantiating /home/travis/build/icyphy/ptII/ptolemy/domains/continuous/test/auto/ContinuousMerge3.xml
46 ms. Memory: 830464K Free: 700724K (84%)
----------------- Invoking toplevel() on ptolemy.moml.MoMLSimpleApplication@3509a435
----------------- Done invoking toplevel() on ptolemy.moml.MoMLSimpleApplication@3509a435
reloadAllAccessors: .ContinuousMerge3

===========================================================================================
----------------- testing Sun Dec 09 02:58:48 UTC 2018 /home/travis/build/icyphy/ptII/ptolemy/domains/continuous/test/auto/ContinuousWithinContinuous.xml
----------------- Instantiating /home/travis/build/icyphy/ptII/ptolemy/domains/continuous/test/auto/ContinuousWithinContinuous.xml
44 ms. Memory: 830464K Free: 683536K (82%)
----------------- Invoking toplevel() on ptolemy.moml.MoMLSimpleApplication@1e27b548
----------------- Done invoking toplevel() on ptolemy.moml.MoMLSimpleApplication@1e27b548
reloadAllAccessors: .ContinuousWithinContinuous

===========================================================================================
----------------- testing Sun Dec 09 02:58:48 UTC 2018 /home/travis/build/icyphy/ptII/ptolemy/domains/continuous/test/auto/ContinuousWithinContinuous2.xml
----------------- Instantiating /home/travis/build/icyphy/ptII/ptolemy/domains/continuous/test/auto/ContinuousWithinContinuous2.xml
69 ms. Memory: 830464K Free: 664823K (80%)
----------------- Invoking toplevel() on ptolemy.moml.MoMLSimpleApplication@78c56924
----------------- Done invoking toplevel() on ptolemy.moml.MoMLSimpleApplication@78c56924
reloadAllAccessors: .ContinuousWithinContinuous2

===========================================================================================
----------------- testing Sun Dec 09 02:58:48 UTC 2018 /home/travis/build/icyphy/ptII/ptolemy/domains/continuous/test/auto/ContinuousWithinContinuous3.xml
----------------- Instantiating /home/travis/build/icyphy/ptII/ptolemy/domains/continuous/test/auto/ContinuousWithinContinuous3.xml
12 ms. Memory: 830464K Free: 653594K (79%)
----------------- Invoking toplevel() on ptolemy.moml.MoMLSimpleApplication@40af1d8f
----------------- Done invoking toplevel() on ptolemy.moml.MoMLSimpleApplication@40af1d8f
reloadAllAccessors: .ContinuousWithinContinuous3

===========================================================================================
----------------- testing Sun Dec 09 02:58:48 UTC 2018 /home/travis/build/icyphy/ptII/ptolemy/domains/continuous/test/auto/ContinuousWithinContinuous4.xml
----------------- Instantiating /home/travis/build/icyphy/ptII/ptolemy/domains/continuous/test/auto/ContinuousWithinContinuous4.xml
71 ms. Memory: 830464K Free: 632648K (76%)
----------------- Invoking toplevel() on ptolemy.moml.MoMLSimpleApplication@2e4e52b1
----------------- Done invoking toplevel() on ptolemy.moml.MoMLSimpleApplication@2e4e52b1
reloadAllAccessors: .ContinuousWithinContinuous4

===========================================================================================
----------------- testing Sun Dec 09 02:58:48 UTC 2018 /home/travis/build/icyphy/ptII/ptolemy/domains/continuous/test/auto/ContinuousWithinContinuous5.xml
----------------- Instantiating /home/travis/build/icyphy/ptII/ptolemy/domains/continuous/test/auto/ContinuousWithinContinuous5.xml
13 ms. Memory: 830464K Free: 621419K (75%)
----------------- Invoking toplevel() on ptolemy.moml.MoMLSimpleApplication@42545320
----------------- Done invoking toplevel() on ptolemy.moml.MoMLSimpleApplication@42545320
reloadAllAccessors: .ContinuousWithinContinuous5

===========================================================================================
----------------- testing Sun Dec 09 02:58:48 UTC 2018 /home/travis/build/icyphy/ptII/ptolemy/domains/continuous/test/auto/ContinuousWithinContinuous6.xml
----------------- Instantiating /home/travis/build/icyphy/ptII/ptolemy/domains/continuous/test/auto/ContinuousWithinContinuous6.xml
15 ms. Memory: 830464K Free: 607974K (73%)
----------------- Invoking toplevel() on ptolemy.moml.MoMLSimpleApplication@6b8b49ff
----------------- Done invoking toplevel() on ptolemy.moml.MoMLSimpleApplication@6b8b49ff
reloadAllAccessors: .ContinuousWithinContinuous6

===========================================================================================
----------------- testing Sun Dec 09 02:58:48 UTC 2018 /home/travis/build/icyphy/ptII/ptolemy/domains/continuous/test/auto/ContinuousWithinContinuous7.xml
----------------- Instantiating /home/travis/build/icyphy/ptII/ptolemy/domains/continuous/test/auto/ContinuousWithinContinuous7.xml
61 ms. Memory: 830464K Free: 592987K (71%)
----------------- Invoking toplevel() on ptolemy.moml.MoMLSimpleApplication@156ce1fd
----------------- Done invoking toplevel() on ptolemy.moml.MoMLSimpleApplication@156ce1fd
reloadAllAccessors: .ContinuousWithinContinuous7

===========================================================================================
----------------- testing Sun Dec 09 02:58:48 UTC 2018 /home/travis/build/icyphy/ptII/ptolemy/domains/continuous/test/auto/DCMotor.xml
----------------- Instantiating /home/travis/build/icyphy/ptII/ptolemy/domains/continuous/test/auto/DCMotor.xml
13853 ms. Memory: 668160K Free: 517000K (77%)
----------------- Invoking toplevel() on ptolemy.moml.MoMLSimpleApplication@6077748e
----------------- Done invoking toplevel() on ptolemy.moml.MoMLSimpleApplication@6077748e
reloadAllAccessors: .DCMotor

===========================================================================================
----------------- testing Sun Dec 09 02:59:02 UTC 2018 /home/travis/build/icyphy/ptII/ptolemy/domains/continuous/test/auto/DEInContinuous.xml
----------------- Instantiating /home/travis/build/icyphy/ptII/ptolemy/domains/continuous/test/auto/DEInContinuous.xml
18 ms. Memory: 668160K Free: 502376K (75%)
----------------- Invoking toplevel() on ptolemy.moml.MoMLSimpleApplication@5e3d4a85
----------------- Done invoking toplevel() on ptolemy.moml.MoMLSimpleApplication@5e3d4a85
reloadAllAccessors: .DEInContinuous

===========================================================================================
----------------- testing Sun Dec 09 02:59:02 UTC 2018 /home/travis/build/icyphy/ptII/ptolemy/domains/continuous/test/auto/DEinContinuous2.xml
----------------- Instantiating /home/travis/build/icyphy/ptII/ptolemy/domains/continuous/test/auto/DEinContinuous2.xml
5 ms. Memory: 668160K Free: 483570K (72%)
----------------- Invoking toplevel() on ptolemy.moml.MoMLSimpleApplication@14e354a2
----------------- Done invoking toplevel() on ptolemy.moml.MoMLSimpleApplication@14e354a2
reloadAllAccessors: .DEinContinuous2

===========================================================================================
----------------- testing Sun Dec 09 02:59:02 UTC 2018 /home/travis/build/icyphy/ptII/ptolemy/domains/continuous/test/auto/Derivative.xml
----------------- Instantiating /home/travis/build/icyphy/ptII/ptolemy/domains/continuous/test/auto/Derivative.xml
133 ms. Memory: 668160K Free: 441235K (66%)
----------------- Invoking toplevel() on ptolemy.moml.MoMLSimpleApplication@429b3879
----------------- Done invoking toplevel() on ptolemy.moml.MoMLSimpleApplication@429b3879
reloadAllAccessors: .Derivative2

===========================================================================================
----------------- testing Sun Dec 09 02:59:03 UTC 2018 /home/travis/build/icyphy/ptII/ptolemy/domains/continuous/test/auto/Derivative1.xml
----------------- Instantiating /home/travis/build/icyphy/ptII/ptolemy/domains/continuous/test/auto/Derivative1.xml
23 ms. Memory: 668160K Free: 423624K (63%)
----------------- Invoking toplevel() on ptolemy.moml.MoMLSimpleApplication@b8c7ffd
----------------- Done invoking toplevel() on ptolemy.moml.MoMLSimpleApplication@b8c7ffd
reloadAllAccessors: .Derivative1

===========================================================================================
----------------- testing Sun Dec 09 02:59:03 UTC 2018 /home/travis/build/icyphy/ptII/ptolemy/domains/continuous/test/auto/DiscreteClock.xml
----------------- Instantiating /home/travis/build/icyphy/ptII/ptolemy/domains/continuous/test/auto/DiscreteClock.xml
6 ms. Memory: 668160K Free: 410702K (61%)
----------------- Invoking toplevel() on ptolemy.moml.MoMLSimpleApplication@14b50c4e
----------------- Done invoking toplevel() on ptolemy.moml.MoMLSimpleApplication@14b50c4e
reloadAllAccessors: .DiscreteClock

===========================================================================================
----------------- testing Sun Dec 09 02:59:03 UTC 2018 /home/travis/build/icyphy/ptII/ptolemy/domains/continuous/test/auto/EfficiencyCurve.xml
----------------- Instantiating /home/travis/build/icyphy/ptII/ptolemy/domains/continuous/test/auto/EfficiencyCurve.xml
73 ms. Memory: 668160K Free: 397780K (60%)
----------------- Invoking toplevel() on ptolemy.moml.MoMLSimpleApplication@5f85866a
----------------- Done invoking toplevel() on ptolemy.moml.MoMLSimpleApplication@5f85866a
reloadAllAccessors: .EfficiencyCurve

===========================================================================================
----------------- testing Sun Dec 09 02:59:03 UTC 2018 /home/travis/build/icyphy/ptII/ptolemy/domains/continuous/test/auto/ExponentialResponse.xml
----------------- Instantiating /home/travis/build/icyphy/ptII/ptolemy/domains/continuous/test/auto/ExponentialResponse.xml
103 ms. Memory: 668160K Free: 374309K (56%)
----------------- Invoking toplevel() on ptolemy.moml.MoMLSimpleApplication@74eb9b7
----------------- Done invoking toplevel() on ptolemy.moml.MoMLSimpleApplication@74eb9b7
reloadAllAccessors: .ExponentialResponse

===========================================================================================
----------------- testing Sun Dec 09 02:59:03 UTC 2018 /home/travis/build/icyphy/ptII/ptolemy/domains/continuous/test/auto/ExponentialResponseRK45.xml
----------------- Instantiating /home/travis/build/icyphy/ptII/ptolemy/domains/continuous/test/auto/ExponentialResponseRK45.xml
25 ms. Memory: 668160K Free: 361387K (54%)
----------------- Invoking toplevel() on ptolemy.moml.MoMLSimpleApplication@b1b6898
----------------- Done invoking toplevel() on ptolemy.moml.MoMLSimpleApplication@b1b6898
reloadAllAccessors: .ExponentialResponseRK45

===========================================================================================
----------------- testing Sun Dec 09 02:59:03 UTC 2018 /home/travis/build/icyphy/ptII/ptolemy/domains/continuous/test/auto/Friction.xml
----------------- Instantiating /home/travis/build/icyphy/ptII/ptolemy/domains/continuous/test/auto/Friction.xml
1342 ms. Memory: 647168K Free: 464845K (72%)
----------------- Invoking toplevel() on ptolemy.moml.MoMLSimpleApplication@6d7aaf5
----------------- Done invoking toplevel() on ptolemy.moml.MoMLSimpleApplication@6d7aaf5
reloadAllAccessors: .Friction

===========================================================================================
----------------- testing Sun Dec 09 02:59:04 UTC 2018 /home/travis/build/icyphy/ptII/ptolemy/domains/continuous/test/auto/FurutaPendulum.xml
----------------- Instantiating /home/travis/build/icyphy/ptII/ptolemy/domains/continuous/test/auto/FurutaPendulum.xml
3322 ms. Memory: 617472K Free: 492106K (80%)
----------------- Invoking toplevel() on ptolemy.moml.MoMLSimpleApplication@b149aa9
----------------- Done invoking toplevel() on ptolemy.moml.MoMLSimpleApplication@b149aa9
reloadAllAccessors: .FurutaPendulum

===========================================================================================
----------------- testing Sun Dec 09 02:59:08 UTC 2018 /home/travis/build/icyphy/ptII/ptolemy/domains/continuous/test/auto/HierarchicalExecution.xml
----------------- Instantiating /home/travis/build/icyphy/ptII/ptolemy/domains/continuous/test/auto/HierarchicalExecution.xml
1695 ms. Memory: 617472K Free: 186791K (30%)
----------------- Invoking toplevel() on ptolemy.moml.MoMLSimpleApplication@9faf9ce
----------------- Done invoking toplevel() on ptolemy.moml.MoMLSimpleApplication@9faf9ce
reloadAllAccessors: .HierarchicalExecution

===========================================================================================
----------------- testing Sun Dec 09 02:59:10 UTC 2018 /home/travis/build/icyphy/ptII/ptolemy/domains/continuous/test/auto/HybridPlant.xml
----------------- Instantiating /home/travis/build/icyphy/ptII/ptolemy/domains/continuous/test/auto/HybridPlant.xml
470 ms. Memory: 589824K Free: 417095K (71%)
----------------- Invoking toplevel() on ptolemy.moml.MoMLSimpleApplication@2a7157f5
----------------- Done invoking toplevel() on ptolemy.moml.MoMLSimpleApplication@2a7157f5
reloadAllAccessors: .HybridPlant

===========================================================================================
----------------- testing Sun Dec 09 02:59:10 UTC 2018 /home/travis/build/icyphy/ptII/ptolemy/domains/continuous/test/auto/Hysteresis.xml
----------------- Instantiating /home/travis/build/icyphy/ptII/ptolemy/domains/continuous/test/auto/Hysteresis.xml
131 ms. Memory: 589824K Free: 351034K (60%)
----------------- Invoking toplevel() on ptolemy.moml.MoMLSimpleApplication@73179db2
----------------- Done invoking toplevel() on ptolemy.moml.MoMLSimpleApplication@73179db2
reloadAllAccessors: .Hysteresis

===========================================================================================
----------------- testing Sun Dec 09 02:59:10 UTC 2018 /home/travis/build/icyphy/ptII/ptolemy/domains/continuous/test/auto/HysteresisWithRandomDelay.xml
----------------- Instantiating /home/travis/build/icyphy/ptII/ptolemy/domains/continuous/test/auto/HysteresisWithRandomDelay.xml
149 ms. Memory: 589824K Free: 271092K (46%)
----------------- Invoking toplevel() on ptolemy.moml.MoMLSimpleApplication@60927717
----------------- Done invoking toplevel() on ptolemy.moml.MoMLSimpleApplication@60927717
reloadAllAccessors: .HysteresisWithRandomDelay

===========================================================================================
----------------- testing Sun Dec 09 02:59:11 UTC 2018 /home/travis/build/icyphy/ptII/ptolemy/domains/continuous/test/auto/HysteresisWithRandomLosses.xml
----------------- Instantiating /home/travis/build/icyphy/ptII/ptolemy/domains/continuous/test/auto/HysteresisWithRandomLosses.xml
2165 ms. Memory: 543232K Free: 445870K (82%)
----------------- Invoking toplevel() on ptolemy.moml.MoMLSimpleApplication@5574b1c8
----------------- Done invoking toplevel() on ptolemy.moml.MoMLSimpleApplication@5574b1c8
reloadAllAccessors: .HysteresisWithRandomLosses

===========================================================================================
----------------- testing Sun Dec 09 02:59:13 UTC 2018 /home/travis/build/icyphy/ptII/ptolemy/domains/continuous/test/auto/ImmediateTransitions.xml
----------------- Instantiating /home/travis/build/icyphy/ptII/ptolemy/domains/continuous/test/auto/ImmediateTransitions.xml
9 ms. Memory: 543232K Free: 428038K (79%)
----------------- Invoking toplevel() on ptolemy.moml.MoMLSimpleApplication@1c3e450e
----------------- Done invoking toplevel() on ptolemy.moml.MoMLSimpleApplication@1c3e450e
reloadAllAccessors: .ImmediateTransitions

===========================================================================================
----------------- testing Sun Dec 09 02:59:13 UTC 2018 /home/travis/build/icyphy/ptII/ptolemy/domains/continuous/test/auto/ImpulseFeedback.xml
----------------- Instantiating /home/travis/build/icyphy/ptII/ptolemy/domains/continuous/test/auto/ImpulseFeedback.xml
14 ms. Memory: 543232K Free: 417979K (77%)
----------------- Invoking toplevel() on ptolemy.moml.MoMLSimpleApplication@3ed32c2c
----------------- Done invoking toplevel() on ptolemy.moml.MoMLSimpleApplication@3ed32c2c
reloadAllAccessors: .ImpulseFeedback

===========================================================================================
----------------- testing Sun Dec 09 02:59:13 UTC 2018 /home/travis/build/icyphy/ptII/ptolemy/domains/continuous/test/auto/ImpulseFeedback2.xml
----------------- Instantiating /home/travis/build/icyphy/ptII/ptolemy/domains/continuous/test/auto/ImpulseFeedback2.xml
5 ms. Memory: 543232K Free: 407918K (75%)
----------------- Invoking toplevel() on ptolemy.moml.MoMLSimpleApplication@732c5082
----------------- Done invoking toplevel() on ptolemy.moml.MoMLSimpleApplication@732c5082
reloadAllAccessors: .ImpulseFeedback2

===========================================================================================
----------------- testing Sun Dec 09 02:59:13 UTC 2018 /home/travis/build/icyphy/ptII/ptolemy/domains/continuous/test/auto/IncreasingRatePoisson.xml
----------------- Instantiating /home/travis/build/icyphy/ptII/ptolemy/domains/continuous/test/auto/IncreasingRatePoisson.xml
662 ms. Memory: 543232K Free: 92091K (17%)
----------------- Invoking toplevel() on ptolemy.moml.MoMLSimpleApplication@347d7c79
----------------- Done invoking toplevel() on ptolemy.moml.MoMLSimpleApplication@347d7c79
reloadAllAccessors: .IncreasingRatePoisson

===========================================================================================
----------------- testing Sun Dec 09 02:59:14 UTC 2018 /home/travis/build/icyphy/ptII/ptolemy/domains/continuous/test/auto/InitialStateFeedback.xml
----------------- Instantiating /home/travis/build/icyphy/ptII/ptolemy/domains/continuous/test/auto/InitialStateFeedback.xml
3 ms. Memory: 543232K Free: 85118K (16%)
----------------- Invoking toplevel() on ptolemy.moml.MoMLSimpleApplication@5535bf41
----------------- Done invoking toplevel() on ptolemy.moml.MoMLSimpleApplication@5535bf41
reloadAllAccessors: .InitialStateFeedback

===========================================================================================
----------------- testing Sun Dec 09 02:59:14 UTC 2018 /home/travis/build/icyphy/ptII/ptolemy/domains/continuous/test/auto/Integration.xml
----------------- Instantiating /home/travis/build/icyphy/ptII/ptolemy/domains/continuous/test/auto/Integration.xml
6 ms. Memory: 543232K Free: 78136K (14%)
----------------- Invoking toplevel() on ptolemy.moml.MoMLSimpleApplication@38c950ac
----------------- Done invoking toplevel() on ptolemy.moml.MoMLSimpleApplication@38c950ac
reloadAllAccessors: .Integration

===========================================================================================
----------------- testing Sun Dec 09 02:59:14 UTC 2018 /home/travis/build/icyphy/ptII/ptolemy/domains/continuous/test/auto/Integration2.xml
----------------- Instantiating /home/travis/build/icyphy/ptII/ptolemy/domains/continuous/test/auto/Integration2.xml
77 ms. Memory: 543232K Free: 59691K (11%)
----------------- Invoking toplevel() on ptolemy.moml.MoMLSimpleApplication@216024a6
----------------- Done invoking toplevel() on ptolemy.moml.MoMLSimpleApplication@216024a6
reloadAllAccessors: .Integration2

===========================================================================================
----------------- testing Sun Dec 09 02:59:14 UTC 2018 /home/travis/build/icyphy/ptII/ptolemy/domains/continuous/test/auto/Integration3.xml
----------------- Instantiating /home/travis/build/icyphy/ptII/ptolemy/domains/continuous/test/auto/Integration3.xml
2 ms. Memory: 521728K Free: 490177K (94%)
----------------- Invoking toplevel() on ptolemy.moml.MoMLSimpleApplication@7c9936e2
----------------- Done invoking toplevel() on ptolemy.moml.MoMLSimpleApplication@7c9936e2
reloadAllAccessors: .Integration3

===========================================================================================
----------------- testing Sun Dec 09 02:59:14 UTC 2018 /home/travis/build/icyphy/ptII/ptolemy/domains/continuous/test/auto/Integration5.xml
----------------- Instantiating /home/travis/build/icyphy/ptII/ptolemy/domains/continuous/test/auto/Integration5.xml
5 ms. Memory: 521728K Free: 483463K (93%)
----------------- Invoking toplevel() on ptolemy.moml.MoMLSimpleApplication@28242917
----------------- Done invoking toplevel() on ptolemy.moml.MoMLSimpleApplication@28242917
reloadAllAccessors: .Integration5

===========================================================================================
----------------- testing Sun Dec 09 02:59:14 UTC 2018 /home/travis/build/icyphy/ptII/ptolemy/domains/continuous/test/auto/IntegratorImpulse.xml
----------------- Instantiating /home/travis/build/icyphy/ptII/ptolemy/domains/continuous/test/auto/IntegratorImpulse.xml
2 ms. Memory: 521728K Free: 476749K (91%)
----------------- Invoking toplevel() on ptolemy.moml.MoMLSimpleApplication@78ded2fb
----------------- Done invoking toplevel() on ptolemy.moml.MoMLSimpleApplication@78ded2fb
reloadAllAccessors: .IntegratorImpulse

===========================================================================================
----------------- testing Sun Dec 09 02:59:14 UTC 2018 /home/travis/build/icyphy/ptII/ptolemy/domains/continuous/test/auto/IntegratorImpulse2.xml
----------------- Instantiating /home/travis/build/icyphy/ptII/ptolemy/domains/continuous/test/auto/IntegratorImpulse2.xml
4 ms. Memory: 521728K Free: 467099K (90%)
----------------- Invoking toplevel() on ptolemy.moml.MoMLSimpleApplication@33cd3b84
----------------- Done invoking toplevel() on ptolemy.moml.MoMLSimpleApplication@33cd3b84
reloadAllAccessors: .IntegratorImpulse2

===========================================================================================
----------------- testing Sun Dec 09 02:59:14 UTC 2018 /home/travis/build/icyphy/ptII/ptolemy/domains/continuous/test/auto/LevelCrossing1.xml
----------------- Instantiating /home/travis/build/icyphy/ptII/ptolemy/domains/continuous/test/auto/LevelCrossing1.xml
2 ms. Memory: 521728K Free: 457449K (88%)
----------------- Invoking toplevel() on ptolemy.moml.MoMLSimpleApplication@7212b83d
----------------- Done invoking toplevel() on ptolemy.moml.MoMLSimpleApplication@7212b83d
reloadAllAccessors: .LevelCrossing1

===========================================================================================
----------------- testing Sun Dec 09 02:59:14 UTC 2018 /home/travis/build/icyphy/ptII/ptolemy/domains/continuous/test/auto/LevelCrossing2.xml
----------------- Instantiating /home/travis/build/icyphy/ptII/ptolemy/domains/continuous/test/auto/LevelCrossing2.xml
3 ms. Memory: 521728K Free: 447799K (86%)
----------------- Invoking toplevel() on ptolemy.moml.MoMLSimpleApplication@4429b552
----------------- Done invoking toplevel() on ptolemy.moml.MoMLSimpleApplication@4429b552
reloadAllAccessors: .LevelCrossing2

===========================================================================================
----------------- testing Sun Dec 09 02:59:14 UTC 2018 /home/travis/build/icyphy/ptII/ptolemy/domains/continuous/test/auto/LevelCrossing3.xml
----------------- Instantiating /home/travis/build/icyphy/ptII/ptolemy/domains/continuous/test/auto/LevelCrossing3.xml
2 ms. Memory: 521728K Free: 438142K (84%)
----------------- Invoking toplevel() on ptolemy.moml.MoMLSimpleApplication@5723d8d8
----------------- Done invoking toplevel() on ptolemy.moml.MoMLSimpleApplication@5723d8d8
reloadAllAccessors: .LevelCrossing3

===========================================================================================
----------------- testing Sun Dec 09 02:59:14 UTC 2018 /home/travis/build/icyphy/ptII/ptolemy/domains/continuous/test/auto/LevelCrossing4.xml
----------------- Instantiating /home/travis/build/icyphy/ptII/ptolemy/domains/continuous/test/auto/LevelCrossing4.xml
2 ms. Memory: 521728K Free: 428476K (82%)
----------------- Invoking toplevel() on ptolemy.moml.MoMLSimpleApplication@14e2b3be
----------------- Done invoking toplevel() on ptolemy.moml.MoMLSimpleApplication@14e2b3be
reloadAllAccessors: .LevelCrossing4

===========================================================================================
----------------- testing Sun Dec 09 02:59:14 UTC 2018 /home/travis/build/icyphy/ptII/ptolemy/domains/continuous/test/auto/LevelCrossing5.xml
----------------- Instantiating /home/travis/build/icyphy/ptII/ptolemy/domains/continuous/test/auto/LevelCrossing5.xml
3 ms. Memory: 521728K Free: 418818K (80%)
----------------- Invoking toplevel() on ptolemy.moml.MoMLSimpleApplication@73df70af
----------------- Done invoking toplevel() on ptolemy.moml.MoMLSimpleApplication@73df70af
reloadAllAccessors: .LevelCrossing5

===========================================================================================
[...]
6 ms. Memory: 334336K Free: 192460K (58%)
----------------- Invoking toplevel() on ptolemy.moml.MoMLSimpleApplication@1a0d132b
----------------- Done invoking toplevel() on ptolemy.moml.MoMLSimpleApplication@1a0d132b
reloadAllAccessors: .SRinContinuous

===========================================================================================
----------------- testing Sun Dec 09 02:59:31 UTC 2018 /home/travis/build/icyphy/ptII/ptolemy/domains/continuous/test/auto/SampledClocks.xml
----------------- Instantiating /home/travis/build/icyphy/ptII/ptolemy/domains/continuous/test/auto/SampledClocks.xml
3 ms. Memory: 334336K Free: 181387K (54%)
----------------- Invoking toplevel() on ptolemy.moml.MoMLSimpleApplication@1a361d6a
----------------- Done invoking toplevel() on ptolemy.moml.MoMLSimpleApplication@1a361d6a
reloadAllAccessors: .SampledClocks

===========================================================================================
----------------- testing Sun Dec 09 02:59:31 UTC 2018 /home/travis/build/icyphy/ptII/ptolemy/domains/continuous/test/auto/Satellite.xml
----------------- Instantiating /home/travis/build/icyphy/ptII/ptolemy/domains/continuous/test/auto/Satellite.xml
850 ms. Memory: 330752K Free: 248817K (75%)
----------------- Invoking toplevel() on ptolemy.moml.MoMLSimpleApplication@14a8795d
----------------- Done invoking toplevel() on ptolemy.moml.MoMLSimpleApplication@14a8795d
reloadAllAccessors: .Satellite

===========================================================================================
----------------- testing Sun Dec 09 02:59:32 UTC 2018 /home/travis/build/icyphy/ptII/ptolemy/domains/continuous/test/auto/SigmaDelta.xml
----------------- Instantiating /home/travis/build/icyphy/ptII/ptolemy/domains/continuous/test/auto/SigmaDelta.xml
2271 ms. Memory: 390656K Free: 168497K (43%)
----------------- Invoking toplevel() on ptolemy.moml.MoMLSimpleApplication@836aada
----------------- Done invoking toplevel() on ptolemy.moml.MoMLSimpleApplication@836aada
reloadAllAccessors: .SigmaDelta

===========================================================================================
----------------- testing Sun Dec 09 02:59:34 UTC 2018 /home/travis/build/icyphy/ptII/ptolemy/domains/continuous/test/auto/SingleRefinement.xml
----------------- Instantiating /home/travis/build/icyphy/ptII/ptolemy/domains/continuous/test/auto/SingleRefinement.xml
341 ms. Memory: 460288K Free: 351331K (76%)
----------------- Invoking toplevel() on ptolemy.moml.MoMLSimpleApplication@b52302f
----------------- Done invoking toplevel() on ptolemy.moml.MoMLSimpleApplication@b52302f
reloadAllAccessors: .SingleRefinement

===========================================================================================
----------------- testing Sun Dec 09 02:59:35 UTC 2018 /home/travis/build/icyphy/ptII/ptolemy/domains/continuous/test/auto/SinuBouncingBall.xml
----------------- Instantiating /home/travis/build/icyphy/ptII/ptolemy/domains/continuous/test/auto/SinuBouncingBall.xml
726 ms. Memory: 460288K Free: 126445K (27%)
----------------- Invoking toplevel() on ptolemy.moml.MoMLSimpleApplication@7d8ef65b
----------------- Done invoking toplevel() on ptolemy.moml.MoMLSimpleApplication@7d8ef65b
reloadAllAccessors: .SinuBouncingBall

===========================================================================================
----------------- testing Sun Dec 09 02:59:35 UTC 2018 /home/travis/build/icyphy/ptII/ptolemy/domains/continuous/test/auto/Sinusoid.xml
----------------- Instantiating /home/travis/build/icyphy/ptII/ptolemy/domains/continuous/test/auto/Sinusoid.xml
4 ms. Memory: 460288K Free: 120487K (26%)
----------------- Invoking toplevel() on ptolemy.moml.MoMLSimpleApplication@5d7dfe4c
----------------- Done invoking toplevel() on ptolemy.moml.MoMLSimpleApplication@5d7dfe4c
reloadAllAccessors: .Sinusoid

===========================================================================================
----------------- testing Sun Dec 09 02:59:35 UTC 2018 /home/travis/build/icyphy/ptII/ptolemy/domains/continuous/test/auto/SinusoidInNoise.xml
----------------- Instantiating /home/travis/build/icyphy/ptII/ptolemy/domains/continuous/test/auto/SinusoidInNoise.xml
893 ms. Memory: 443392K Free: 276405K (62%)
----------------- Invoking toplevel() on ptolemy.moml.MoMLSimpleApplication@12937614
----------------- Done invoking toplevel() on ptolemy.moml.MoMLSimpleApplication@12937614
reloadAllAccessors: .SinusoidInNoise

===========================================================================================
----------------- testing Sun Dec 09 02:59:36 UTC 2018 /home/travis/build/icyphy/ptII/ptolemy/domains/continuous/test/auto/SinusoidRK45.xml
----------------- Instantiating /home/travis/build/icyphy/ptII/ptolemy/domains/continuous/test/auto/SinusoidRK45.xml
1 ms. Memory: 443392K Free: 268712K (61%)
----------------- Invoking toplevel() on ptolemy.moml.MoMLSimpleApplication@37cf022d
----------------- Done invoking toplevel() on ptolemy.moml.MoMLSimpleApplication@37cf022d
reloadAllAccessors: .SinusoidRK45

===========================================================================================
----------------- testing Sun Dec 09 02:59:36 UTC 2018 /home/travis/build/icyphy/ptII/ptolemy/domains/continuous/test/auto/SinusoidWithMultipleImpulses.xml
----------------- Instantiating /home/travis/build/icyphy/ptII/ptolemy/domains/continuous/test/auto/SinusoidWithMultipleImpulses.xml
2 ms. Memory: 443392K Free: 262340K (59%)
----------------- Invoking toplevel() on ptolemy.moml.MoMLSimpleApplication@34c43529
----------------- Done invoking toplevel() on ptolemy.moml.MoMLSimpleApplication@34c43529
reloadAllAccessors: .SinusoidWithMultipleImpulses

===========================================================================================
----------------- testing Sun Dec 09 02:59:36 UTC 2018 /home/travis/build/icyphy/ptII/ptolemy/domains/continuous/test/auto/SquareWave.xml
----------------- Instantiating /home/travis/build/icyphy/ptII/ptolemy/domains/continuous/test/auto/SquareWave.xml
147 ms. Memory: 443392K Free: 234331K (53%)
----------------- Invoking toplevel() on ptolemy.moml.MoMLSimpleApplication@193f4504
----------------- Done invoking toplevel() on ptolemy.moml.MoMLSimpleApplication@193f4504
reloadAllAccessors: .SquareWave

===========================================================================================
----------------- testing Sun Dec 09 02:59:37 UTC 2018 /home/travis/build/icyphy/ptII/ptolemy/domains/continuous/test/auto/Starmac.xml
----------------- Instantiating /home/travis/build/icyphy/ptII/ptolemy/domains/continuous/test/auto/Starmac.xml
3064 ms. Memory: 536576K Free: 313481K (58%)
----------------- Invoking toplevel() on ptolemy.moml.MoMLSimpleApplication@56472bd2
----------------- Done invoking toplevel() on ptolemy.moml.MoMLSimpleApplication@56472bd2
reloadAllAccessors: .Starmac

===========================================================================================
----------------- testing Sun Dec 09 02:59:40 UTC 2018 /home/travis/build/icyphy/ptII/ptolemy/domains/continuous/test/auto/StaticUnits.xml
----------------- Instantiating /home/travis/build/icyphy/ptII/ptolemy/domains/continuous/test/auto/StaticUnits.xml
2059 ms. Memory: 515584K Free: 269136K (52%)
----------------- Invoking toplevel() on ptolemy.moml.MoMLSimpleApplication@2e33d74b
----------------- Done invoking toplevel() on ptolemy.moml.MoMLSimpleApplication@2e33d74b
reloadAllAccessors: .StaticUnits

===========================================================================================
----------------- testing Sun Dec 09 02:59:42 UTC 2018 /home/travis/build/icyphy/ptII/ptolemy/domains/continuous/test/auto/StickyMasses.xml
----------------- Instantiating /home/travis/build/icyphy/ptII/ptolemy/domains/continuous/test/auto/StickyMasses.xml
127 ms. Memory: 515584K Free: 210330K (41%)
----------------- Invoking toplevel() on ptolemy.moml.MoMLSimpleApplication@4152bc22
----------------- Done invoking toplevel() on ptolemy.moml.MoMLSimpleApplication@4152bc22
reloadAllAccessors: .StickyMasses

===========================================================================================
----------------- testing Sun Dec 09 02:59:43 UTC 2018 /home/travis/build/icyphy/ptII/ptolemy/domains/continuous/test/auto/StopTime.xml
----------------- Instantiating /home/travis/build/icyphy/ptII/ptolemy/domains/continuous/test/auto/StopTime.xml
45 ms. Memory: 515584K Free: 181375K (35%)
----------------- Invoking toplevel() on ptolemy.moml.MoMLSimpleApplication@38ed3b3d
----------------- Done invoking toplevel() on ptolemy.moml.MoMLSimpleApplication@38ed3b3d
reloadAllAccessors: .StopTime

===========================================================================================
----------------- testing Sun Dec 09 02:59:43 UTC 2018 /home/travis/build/icyphy/ptII/ptolemy/domains/continuous/test/auto/StopTime2.xml
----------------- Instantiating /home/travis/build/icyphy/ptII/ptolemy/domains/continuous/test/auto/StopTime2.xml
34 ms. Memory: 515584K Free: 156684K (30%)
----------------- Invoking toplevel() on ptolemy.moml.MoMLSimpleApplication@2e5a3263
----------------- Done invoking toplevel() on ptolemy.moml.MoMLSimpleApplication@2e5a3263
reloadAllAccessors: .StopTime2

===========================================================================================
----------------- testing Sun Dec 09 02:59:43 UTC 2018 /home/travis/build/icyphy/ptII/ptolemy/domains/continuous/test/auto/Switch.xml
----------------- Instantiating /home/travis/build/icyphy/ptII/ptolemy/domains/continuous/test/auto/Switch.xml
47 ms. Memory: 515584K Free: 127769K (25%)
----------------- Invoking toplevel() on ptolemy.moml.MoMLSimpleApplication@6b249336
----------------- Done invoking toplevel() on ptolemy.moml.MoMLSimpleApplication@6b249336
reloadAllAccessors: .Switch

===========================================================================================
----------------- testing Sun Dec 09 02:59:43 UTC 2018 /home/travis/build/icyphy/ptII/ptolemy/domains/continuous/test/auto/Thermostat.xml
----------------- Instantiating /home/travis/build/icyphy/ptII/ptolemy/domains/continuous/test/auto/Thermostat.xml
157 ms. Memory: 515584K Free: 51306K (10%)
----------------- Invoking toplevel() on ptolemy.moml.MoMLSimpleApplication@37b26b1b
----------------- Done invoking toplevel() on ptolemy.moml.MoMLSimpleApplication@37b26b1b
reloadAllAccessors: .Thermostat

===========================================================================================
----------------- testing Sun Dec 09 02:59:43 UTC 2018 /home/travis/build/icyphy/ptII/ptolemy/domains/continuous/test/auto/TimeDelay.xml
----------------- Instantiating /home/travis/build/icyphy/ptII/ptolemy/domains/continuous/test/auto/TimeDelay.xml
6 ms. Memory: 515584K Free: 43887K (9%)
----------------- Invoking toplevel() on ptolemy.moml.MoMLSimpleApplication@76a36ebf
----------------- Done invoking toplevel() on ptolemy.moml.MoMLSimpleApplication@76a36ebf
reloadAllAccessors: .TimeDelay

===========================================================================================
----------------- testing Sun Dec 09 02:59:43 UTC 2018 /home/travis/build/icyphy/ptII/ptolemy/domains/continuous/test/auto/TimeDelay2.xml
----------------- Instantiating /home/travis/build/icyphy/ptII/ptolemy/domains/continuous/test/auto/TimeDelay2.xml
7 ms. Memory: 515584K Free: 36467K (7%)
----------------- Invoking toplevel() on ptolemy.moml.MoMLSimpleApplication@86df0f9
----------------- Done invoking toplevel() on ptolemy.moml.MoMLSimpleApplication@86df0f9
reloadAllAccessors: .TimeDelay2

===========================================================================================
----------------- testing Sun Dec 09 02:59:43 UTC 2018 /home/travis/build/icyphy/ptII/ptolemy/domains/continuous/test/auto/TimeDelay3.xml
----------------- Instantiating /home/travis/build/icyphy/ptII/ptolemy/domains/continuous/test/auto/TimeDelay3.xml
3 ms. Memory: 515584K Free: 29095K (6%)
----------------- Invoking toplevel() on ptolemy.moml.MoMLSimpleApplication@5cb5e99
----------------- Done invoking toplevel() on ptolemy.moml.MoMLSimpleApplication@5cb5e99
reloadAllAccessors: .TimeDelay3

===========================================================================================
----------------- testing Sun Dec 09 02:59:43 UTC 2018 /home/travis/build/icyphy/ptII/ptolemy/domains/continuous/test/auto/TransferAbsentToInside.xml
----------------- Instantiating /home/travis/build/icyphy/ptII/ptolemy/domains/continuous/test/auto/TransferAbsentToInside.xml
27 ms. Memory: 491520K Free: 375438K (76%)
----------------- Invoking toplevel() on ptolemy.moml.MoMLSimpleApplication@6f2f8fe1
----------------- Done invoking toplevel() on ptolemy.moml.MoMLSimpleApplication@6f2f8fe1
reloadAllAccessors: .TransferAbsentToInside

===========================================================================================
----------------- testing Sun Dec 09 02:59:43 UTC 2018 /home/travis/build/icyphy/ptII/ptolemy/domains/continuous/test/auto/Transmission.xml
----------------- Instantiating /home/travis/build/icyphy/ptII/ptolemy/domains/continuous/test/auto/Transmission.xml
691 ms. Memory: 491520K Free: 136181K (28%)
----------------- Invoking toplevel() on ptolemy.moml.MoMLSimpleApplication@7e8ecb1e
----------------- Done invoking toplevel() on ptolemy.moml.MoMLSimpleApplication@7e8ecb1e
reloadAllAccessors: .Transmission

===========================================================================================
----------------- testing Sun Dec 09 02:59:44 UTC 2018 /home/travis/build/icyphy/ptII/ptolemy/domains/continuous/test/auto/TriggeredContinuousClock.xml
----------------- Instantiating /home/travis/build/icyphy/ptII/ptolemy/domains/continuous/test/auto/TriggeredContinuousClock.xml
32 ms. Memory: 491520K Free: 102365K (21%)
----------------- Invoking toplevel() on ptolemy.moml.MoMLSimpleApplication@7b255811
----------------- Done invoking toplevel() on ptolemy.moml.MoMLSimpleApplication@7b255811
reloadAllAccessors: .TriggeredContinuousClock

===========================================================================================
----------------- testing Sun Dec 09 02:59:44 UTC 2018 /home/travis/build/icyphy/ptII/ptolemy/domains/continuous/test/auto/TwoMachineInfiniteBusControl.xml
----------------- Instantiating /home/travis/build/icyphy/ptII/ptolemy/domains/continuous/test/auto/TwoMachineInfiniteBusControl.xml
2753 ms. Memory: 454144K Free: 282976K (62%)
----------------- Invoking toplevel() on ptolemy.moml.MoMLSimpleApplication@7d6798b6
----------------- Done invoking toplevel() on ptolemy.moml.MoMLSimpleApplication@7d6798b6
reloadAllAccessors: .TwoMachineInfiniteBusControl

===========================================================================================
----------------- testing Sun Dec 09 02:59:47 UTC 2018 /home/travis/build/icyphy/ptII/ptolemy/domains/continuous/test/auto/V2V.xml
----------------- Instantiating /home/travis/build/icyphy/ptII/ptolemy/domains/continuous/test/auto/V2V.xml
709 ms. Memory: 454144K Free: 86173K (19%)
----------------- Invoking toplevel() on ptolemy.moml.MoMLSimpleApplication@2362c1e7
----------------- Done invoking toplevel() on ptolemy.moml.MoMLSimpleApplication@2362c1e7
reloadAllAccessors: .V2V

===========================================================================================
----------------- testing Sun Dec 09 02:59:48 UTC 2018 /home/travis/build/icyphy/ptII/ptolemy/domains/continuous/test/auto/hierarchicalModalModel.xml
----------------- Instantiating /home/travis/build/icyphy/ptII/ptolemy/domains/continuous/test/auto/hierarchicalModalModel.xml
8 ms. Memory: 454144K Free: 67821K (15%)
----------------- Invoking toplevel() on ptolemy.moml.MoMLSimpleApplication@41644265
----------------- Done invoking toplevel() on ptolemy.moml.MoMLSimpleApplication@41644265
reloadAllAccessors: .hierarchicalModalModel

===========================================================================================
----------------- testing Sun Dec 09 02:59:48 UTC 2018 /home/travis/build/icyphy/ptII/ptolemy/domains/continuous/test/auto/hierarchicalModalModel1.xml
----------------- Instantiating /home/travis/build/icyphy/ptII/ptolemy/domains/continuous/test/auto/hierarchicalModalModel1.xml
7 ms. Memory: 454144K Free: 49453K (11%)
----------------- Invoking toplevel() on ptolemy.moml.MoMLSimpleApplication@690c058c
----------------- Done invoking toplevel() on ptolemy.moml.MoMLSimpleApplication@690c058c
reloadAllAccessors: .hierarchicalModalModel1

===========================================================================================
----------------- testing Sun Dec 09 02:59:48 UTC 2018 /home/travis/build/icyphy/ptII/ptolemy/domains/continuous/test/auto/hierarchicalModalModel2.xml
----------------- Instantiating /home/travis/build/icyphy/ptII/ptolemy/domains/continuous/test/auto/hierarchicalModalModel2.xml
6 ms. Memory: 454144K Free: 33579K (7%)
----------------- Invoking toplevel() on ptolemy.moml.MoMLSimpleApplication@2f891e10
----------------- Done invoking toplevel() on ptolemy.moml.MoMLSimpleApplication@2f891e10
reloadAllAccessors: .hierarchicalModalModel2

===========================================================================================
----------------- testing Sun Dec 09 02:59:48 UTC 2018 /home/travis/build/icyphy/ptII/ptolemy/domains/continuous/test/auto/hierarchicalModalModel3.xml
----------------- Instantiating /home/travis/build/icyphy/ptII/ptolemy/domains/continuous/test/auto/hierarchicalModalModel3.xml
5 ms. Memory: 454144K Free: 20140K (4%)
----------------- Invoking toplevel() on ptolemy.moml.MoMLSimpleApplication@28db685d
----------------- Done invoking toplevel() on ptolemy.moml.MoMLSimpleApplication@28db685d
reloadAllAccessors: .hierarchicalModalModel3

===========================================================================================
----------------- testing Sun Dec 09 02:59:48 UTC 2018 /home/travis/build/icyphy/ptII/ptolemy/domains/continuous/test/auto/hierarchicalModalModel4.xml
----------------- Instantiating /home/travis/build/icyphy/ptII/ptolemy/domains/continuous/test/auto/hierarchicalModalModel4.xml
5 ms. Memory: 437760K Free: 360294K (82%)
----------------- Invoking toplevel() on ptolemy.moml.MoMLSimpleApplication@143289bb
----------------- Done invoking toplevel() on ptolemy.moml.MoMLSimpleApplication@143289bb
reloadAllAccessors: .hierarchicalModalModel4

===========================================================================================
----------------- testing Sun Dec 09 02:59:48 UTC 2018 /home/travis/build/icyphy/ptII/ptolemy/domains/continuous/test/auto/junk.xml
----------------- Instantiating /home/travis/build/icyphy/ptII/ptolemy/domains/continuous/test/auto/junk.xml
124 ms. Memory: 437760K Free: 326068K (74%)
----------------- Invoking toplevel() on ptolemy.moml.MoMLSimpleApplication@27ae2ccf
----------------- Done invoking toplevel() on ptolemy.moml.MoMLSimpleApplication@27ae2ccf
reloadAllAccessors: .junk
AutoTests.java: About to close Vertx.
AutoTests.java: Vertx closed.
]]></system-out>
  <system-err><![CDATA[Warning: '.HysteresisWithRandomDelay.NonStrictTest' The test produced only 221 tokens, yet the correctValues parameter was expecting 222 tokens.
Warning: '.HysteresisWithRandomDelay.NonStrictTest2' The test produced only 220 tokens, yet the correctValues parameter was expecting 221 tokens.
Warning: '.HysteresisWithRandomDelay.NonStrictTest3' The test produced only 22 tokens, yet the correctValues parameter was expecting 30 tokens.
Warning: '.IncreasingRatePoisson.NonStrictTest' The test produced only 385 tokens, yet the correctValues parameter was expecting 402 tokens.
Warning: '.Poisson.NonStrictTest' The test produced only 381 tokens, yet the correctValues parameter was expecting 430 tokens.
]]></system-err>
</testsuite>
