<?xml version="1.0" encoding="UTF-8" ?>
<testsuite errors="0" failures="0" hostname="travis-job-1e94cfe7-3d10-449d-8487-63823c96e684" name="ptolemy.actor.lib.hoc.test.junit.JUnitTclTest" skipped="0" tests="58" time="34.939" timestamp="2019-07-13T04:52:10">
  <properties>
[...]
</properties>
  <testcase classname="ptolemy.util.test.junit.TclTests" name="[0] /home/travis/build/icyphy/ptII/ptolemy/actor/lib/hoc/test/IterateOverArray.tcl (RunTclFile)" time="0.486" />
  <testcase classname="ptolemy.util.test.junit.AutoKnownFailedTests" name="[0] /home/travis/build/icyphy/ptII/ptolemy/actor/lib/hoc/test/auto/knownFailedTests/PreinitializeMustBeInvokedRunComposite.xml (RunModel)" time="0.522" />
  <testcase classname="ptolemy.util.test.junit.AutoNameArchTests" name="[0] ThereAreNoAutoArchTests (RunModel)" time="0.002" />
  <testcase classname="ptolemy.util.test.junit.AutoTests" name="[0] /home/travis/build/icyphy/ptII/ptolemy/actor/lib/hoc/test/auto/AllToAllMultiInstanceComposite.xml (RunModel)" time="0.467" />
  <testcase classname="ptolemy.util.test.junit.AutoTests" name="[1] /home/travis/build/icyphy/ptII/ptolemy/actor/lib/hoc/test/auto/ApplyFFTTest.xml (RunModel)" time="0.335" />
  <testcase classname="ptolemy.util.test.junit.AutoTests" name="[2] /home/travis/build/icyphy/ptII/ptolemy/actor/lib/hoc/test/auto/ApplyFunction.xml (RunModel)" time="0.029" />
  <testcase classname="ptolemy.util.test.junit.AutoTests" name="[3] /home/travis/build/icyphy/ptII/ptolemy/actor/lib/hoc/test/auto/BackgroundExecution.xml (RunModel)" time="0.761" />
  <testcase classname="ptolemy.util.test.junit.AutoTests" name="[4] /home/travis/build/icyphy/ptII/ptolemy/actor/lib/hoc/test/auto/Case.xml (RunModel)" time="0.11" />
  <testcase classname="ptolemy.util.test.junit.AutoTests" name="[5] /home/travis/build/icyphy/ptII/ptolemy/actor/lib/hoc/test/auto/Case1.xml (RunModel)" time="0.089" />
  <testcase classname="ptolemy.util.test.junit.AutoTests" name="[6] /home/travis/build/icyphy/ptII/ptolemy/actor/lib/hoc/test/auto/Case2.xml (RunModel)" time="0.168" />
  <testcase classname="ptolemy.util.test.junit.AutoTests" name="[7] /home/travis/build/icyphy/ptII/ptolemy/actor/lib/hoc/test/auto/Case3.xml (RunModel)" time="0.05" />
  <testcase classname="ptolemy.util.test.junit.AutoTests" name="[8] /home/travis/build/icyphy/ptII/ptolemy/actor/lib/hoc/test/auto/Case4.xml (RunModel)" time="0.076" />
  <testcase classname="ptolemy.util.test.junit.AutoTests" name="[9] /home/travis/build/icyphy/ptII/ptolemy/actor/lib/hoc/test/auto/Case5.xml (RunModel)" time="0.069" />
  <testcase classname="ptolemy.util.test.junit.AutoTests" name="[10] /home/travis/build/icyphy/ptII/ptolemy/actor/lib/hoc/test/auto/Case6.xml (RunModel)" time="0.086" />
  <testcase classname="ptolemy.util.test.junit.AutoTests" name="[11] /home/travis/build/icyphy/ptII/ptolemy/actor/lib/hoc/test/auto/CaseString2.xml (RunModel)" time="0.063" />
  <testcase classname="ptolemy.util.test.junit.AutoTests" name="[12] /home/travis/build/icyphy/ptII/ptolemy/actor/lib/hoc/test/auto/CatchUpComposite1.xml (RunModel)" time="0.076" />
  <testcase classname="ptolemy.util.test.junit.AutoTests" name="[13] /home/travis/build/icyphy/ptII/ptolemy/actor/lib/hoc/test/auto/CatchUpComposite2.xml (RunModel)" time="0.048" />
  <testcase classname="ptolemy.util.test.junit.AutoTests" name="[14] /home/travis/build/icyphy/ptII/ptolemy/actor/lib/hoc/test/auto/CatchUpComposite3.xml (RunModel)" time="0.089" />
  <testcase classname="ptolemy.util.test.junit.AutoTests" name="[15] /home/travis/build/icyphy/ptII/ptolemy/actor/lib/hoc/test/auto/CatchUpComposite4.xml (RunModel)" time="0.077" />
  <testcase classname="ptolemy.util.test.junit.AutoTests" name="[16] /home/travis/build/icyphy/ptII/ptolemy/actor/lib/hoc/test/auto/CatchUpComposite5.xml (RunModel)" time="0.037" />
  <testcase classname="ptolemy.util.test.junit.AutoTests" name="[17] /home/travis/build/icyphy/ptII/ptolemy/actor/lib/hoc/test/auto/CatchUpComposite6.xml (RunModel)" time="0.163" />
  <testcase classname="ptolemy.util.test.junit.AutoTests" name="[18] /home/travis/build/icyphy/ptII/ptolemy/actor/lib/hoc/test/auto/CatchUpComposite7.xml (RunModel)" time="0.134" />
  <testcase classname="ptolemy.util.test.junit.AutoTests" name="[19] /home/travis/build/icyphy/ptII/ptolemy/actor/lib/hoc/test/auto/ConcurrentExecutionTimeSDF.xml (RunModel)" time="0.956" />
  <testcase classname="ptolemy.util.test.junit.AutoTests" name="[20] /home/travis/build/icyphy/ptII/ptolemy/actor/lib/hoc/test/auto/ConcurrentSleep.xml (RunModel)" time="0.778" />
  <testcase classname="ptolemy.util.test.junit.AutoTests" name="[21] /home/travis/build/icyphy/ptII/ptolemy/actor/lib/hoc/test/auto/DEInPNInRunCompositeActor.xml (RunModel)" time="0.035" />
  <testcase classname="ptolemy.util.test.junit.AutoTests" name="[22] /home/travis/build/icyphy/ptII/ptolemy/actor/lib/hoc/test/auto/DFTSubSetTest.xml (RunModel)" time="0.38" />
  <testcase classname="ptolemy.util.test.junit.AutoTests" name="[23] /home/travis/build/icyphy/ptII/ptolemy/actor/lib/hoc/test/auto/HocDE.xml (RunModel)" time="0.215" />
  <testcase classname="ptolemy.util.test.junit.AutoTests" name="[24] /home/travis/build/icyphy/ptII/ptolemy/actor/lib/hoc/test/auto/IterateOverArray.xml (RunModel)" time="0.031" />
  <testcase classname="ptolemy.util.test.junit.AutoTests" name="[25] /home/travis/build/icyphy/ptII/ptolemy/actor/lib/hoc/test/auto/IterateOverArray10.xml (RunModel)" time="0.036" />
  <testcase classname="ptolemy.util.test.junit.AutoTests" name="[26] /home/travis/build/icyphy/ptII/ptolemy/actor/lib/hoc/test/auto/IterateOverArray11.xml (RunModel)" time="0.027" />
  <testcase classname="ptolemy.util.test.junit.AutoTests" name="[27] /home/travis/build/icyphy/ptII/ptolemy/actor/lib/hoc/test/auto/IterateOverArray12.xml (RunModel)" time="0.045" />
  <testcase classname="ptolemy.util.test.junit.AutoTests" name="[28] /home/travis/build/icyphy/ptII/ptolemy/actor/lib/hoc/test/auto/IterateOverArray13.xml (RunModel)" time="0.171" />
  <testcase classname="ptolemy.util.test.junit.AutoTests" name="[29] /home/travis/build/icyphy/ptII/ptolemy/actor/lib/hoc/test/auto/IterateOverArray14.xml (RunModel)" time="0.191" />
  <testcase classname="ptolemy.util.test.junit.AutoTests" name="[30] /home/travis/build/icyphy/ptII/ptolemy/actor/lib/hoc/test/auto/IterateOverArray2.xml (RunModel)" time="0.038" />
  <testcase classname="ptolemy.util.test.junit.AutoTests" name="[31] /home/travis/build/icyphy/ptII/ptolemy/actor/lib/hoc/test/auto/IterateOverArray3.xml (RunModel)" time="0.052" />
  <testcase classname="ptolemy.util.test.junit.AutoTests" name="[32] /home/travis/build/icyphy/ptII/ptolemy/actor/lib/hoc/test/auto/IterateOverArray4.xml (RunModel)" time="0.025" />
  <testcase classname="ptolemy.util.test.junit.AutoTests" name="[33] /home/travis/build/icyphy/ptII/ptolemy/actor/lib/hoc/test/auto/IterateOverArray5.xml (RunModel)" time="0.023" />
  <testcase classname="ptolemy.util.test.junit.AutoTests" name="[34] /home/travis/build/icyphy/ptII/ptolemy/actor/lib/hoc/test/auto/IterateOverArray6.xml (RunModel)" time="0.017" />
  <testcase classname="ptolemy.util.test.junit.AutoTests" name="[35] /home/travis/build/icyphy/ptII/ptolemy/actor/lib/hoc/test/auto/IterateOverArray7.xml (RunModel)" time="0.025" />
  <testcase classname="ptolemy.util.test.junit.AutoTests" name="[36] /home/travis/build/icyphy/ptII/ptolemy/actor/lib/hoc/test/auto/IterateOverArray8.xml (RunModel)" time="0.02" />
  <testcase classname="ptolemy.util.test.junit.AutoTests" name="[37] /home/travis/build/icyphy/ptII/ptolemy/actor/lib/hoc/test/auto/IterateOverArray9.xml (RunModel)" time="0.035" />
  <testcase classname="ptolemy.util.test.junit.AutoTests" name="[38] /home/travis/build/icyphy/ptII/ptolemy/actor/lib/hoc/test/auto/IterateOverArrayCoercedOutputType.xml (RunModel)" time="0.041" />
  <testcase classname="ptolemy.util.test.junit.AutoTests" name="[39] /home/travis/build/icyphy/ptII/ptolemy/actor/lib/hoc/test/auto/IterateOverArrayInferredOutputType.xml (RunModel)" time="0.028" />
  <testcase classname="ptolemy.util.test.junit.AutoTests" name="[40] /home/travis/build/icyphy/ptII/ptolemy/actor/lib/hoc/test/auto/MobileFunctionTest.xml (RunModel)" time="0.023" />
  <testcase classname="ptolemy.util.test.junit.AutoTests" name="[41] /home/travis/build/icyphy/ptII/ptolemy/actor/lib/hoc/test/auto/MobileModelTest.xml (RunModel)" time="0.218" />
  <testcase classname="ptolemy.util.test.junit.AutoTests" name="[42] /home/travis/build/icyphy/ptII/ptolemy/actor/lib/hoc/test/auto/ModelReference.xml (RunModel)" time="0.075" />
  <testcase classname="ptolemy.util.test.junit.AutoTests" name="[43] /home/travis/build/icyphy/ptII/ptolemy/actor/lib/hoc/test/auto/ModelReference3.xml (RunModel)" time="0.049" />
  <testcase classname="ptolemy.util.test.junit.AutoTests" name="[44] /home/travis/build/icyphy/ptII/ptolemy/actor/lib/hoc/test/auto/ModelReference4.xml (RunModel)" time="10.032" />
  <testcase classname="ptolemy.util.test.junit.AutoTests" name="[45] /home/travis/build/icyphy/ptII/ptolemy/actor/lib/hoc/test/auto/MultiInstanceComposite.xml (RunModel)" time="0.055" />
  <testcase classname="ptolemy.util.test.junit.AutoTests" name="[46] /home/travis/build/icyphy/ptII/ptolemy/actor/lib/hoc/test/auto/MultiInstanceComposite2.xml (RunModel)" time="0.032" />
  <testcase classname="ptolemy.util.test.junit.AutoTests" name="[47] /home/travis/build/icyphy/ptII/ptolemy/actor/lib/hoc/test/auto/MulticoreExecution.xml (RunModel)" time="1.103" />
  <testcase classname="ptolemy.util.test.junit.AutoTests" name="[48] /home/travis/build/icyphy/ptII/ptolemy/actor/lib/hoc/test/auto/ParallelExecution.xml (RunModel)" time="0.97" />
  <testcase classname="ptolemy.util.test.junit.AutoTests" name="[49] /home/travis/build/icyphy/ptII/ptolemy/actor/lib/hoc/test/auto/RunCompositeActor.xml (RunModel)" time="0.027" />
  <testcase classname="ptolemy.util.test.junit.AutoTests" name="[50] /home/travis/build/icyphy/ptII/ptolemy/actor/lib/hoc/test/auto/RunCompositeActor2.xml (RunModel)" time="0.025" />
  <testcase classname="ptolemy.util.test.junit.AutoTests" name="[51] /home/travis/build/icyphy/ptII/ptolemy/actor/lib/hoc/test/auto/RunCompositeActor3.xml (RunModel)" time="0.018" />
  <testcase classname="ptolemy.util.test.junit.AutoTests" name="[52] /home/travis/build/icyphy/ptII/ptolemy/actor/lib/hoc/test/auto/RunCompositeActor4.xml (RunModel)" time="0.027" />
  <testcase classname="ptolemy.util.test.junit.AutoTests" name="[53] /home/travis/build/icyphy/ptII/ptolemy/actor/lib/hoc/test/auto/RunCompositeIterateOverArray.xml (RunModel)" time="0.046" />
  <testcase classname="ptolemy.util.test.junit.AutoTests" name="[54] /home/travis/build/icyphy/ptII/ptolemy/actor/lib/hoc/test/auto/ThreadedJS.xml (RunModel)" time="14.344" />
  <system-out><![CDATA[/home/travis/build/icyphy/ptII/ptolemy/actor/lib/hoc/test/IterateOverArray.tcl
testDefs.tcl: setting time out to 9000 seconds at Sat Jul 13 04:52:10 UTC 2019
07/13/19 04:52:11
Failed: 0  Total Tests: 2  ((Passed: 2, Newly Passed: 0)  Known Failed: 0) /home/travis/build/icyphy/ptII/ptolemy/actor/lib/hoc/test
----------------- testing (KnownFailure) /home/travis/build/icyphy/ptII/ptolemy/actor/lib/hoc/test/auto/knownFailedTests/PreinitializeMustBeInvokedRunComposite.xml
150 ms. Memory: 120832K Free: 78787K (65%)
Known Failure: java.lang.reflect.InvocationTargetException
No auto/linux-amd64/*.xml tests in /home/travis/build/icyphy/ptII/ptolemy/actor/lib/hoc/test
AutoTests.java: About to close Vertx.
AutoTests.java: Vertx closed.

===========================================================================================
----------------- testing Sat Jul 13 04:52:11 UTC 2019 /home/travis/build/icyphy/ptII/ptolemy/actor/lib/hoc/test/auto/AllToAllMultiInstanceComposite.xml
----------------- Instantiating /home/travis/build/icyphy/ptII/ptolemy/actor/lib/hoc/test/auto/AllToAllMultiInstanceComposite.xml
201 ms. Memory: 120832K Free: 92733K (77%)
----------------- Invoking toplevel() on ptolemy.moml.MoMLSimpleApplication@12ceddeb
----------------- Done invoking toplevel() on ptolemy.moml.MoMLSimpleApplication@12ceddeb
reloadAllAccessors: .AllToAllMultiInstanceComposite

===========================================================================================
----------------- testing Sat Jul 13 04:52:12 UTC 2019 /home/travis/build/icyphy/ptII/ptolemy/actor/lib/hoc/test/auto/ApplyFFTTest.xml
----------------- Instantiating /home/travis/build/icyphy/ptII/ptolemy/actor/lib/hoc/test/auto/ApplyFFTTest.xml
114 ms. Memory: 120832K Free: 95606K (79%)
----------------- Invoking toplevel() on ptolemy.moml.MoMLSimpleApplication@55b75e61
----------------- Done invoking toplevel() on ptolemy.moml.MoMLSimpleApplication@55b75e61
reloadAllAccessors: .ApplyFFTTest

===========================================================================================
----------------- testing Sat Jul 13 04:52:12 UTC 2019 /home/travis/build/icyphy/ptII/ptolemy/actor/lib/hoc/test/auto/ApplyFunction.xml
----------------- Instantiating /home/travis/build/icyphy/ptII/ptolemy/actor/lib/hoc/test/auto/ApplyFunction.xml
6 ms. Memory: 120832K Free: 92281K (76%)
----------------- Invoking toplevel() on ptolemy.moml.MoMLSimpleApplication@4d67fec6
----------------- Done invoking toplevel() on ptolemy.moml.MoMLSimpleApplication@4d67fec6
reloadAllAccessors: .ApplyFunction

===========================================================================================
----------------- testing Sat Jul 13 04:52:12 UTC 2019 /home/travis/build/icyphy/ptII/ptolemy/actor/lib/hoc/test/auto/BackgroundExecution.xml
----------------- Instantiating /home/travis/build/icyphy/ptII/ptolemy/actor/lib/hoc/test/auto/BackgroundExecution.xml
642 ms. Memory: 120832K Free: 85143K (70%)
----------------- Invoking toplevel() on ptolemy.moml.MoMLSimpleApplication@16b3fc02
----------------- Done invoking toplevel() on ptolemy.moml.MoMLSimpleApplication@16b3fc02
reloadAllAccessors: .BackgroundExecution

===========================================================================================
----------------- testing Sat Jul 13 04:52:13 UTC 2019 /home/travis/build/icyphy/ptII/ptolemy/actor/lib/hoc/test/auto/Case.xml
----------------- Instantiating /home/travis/build/icyphy/ptII/ptolemy/actor/lib/hoc/test/auto/Case.xml
33 ms. Memory: 120832K Free: 77975K (65%)
----------------- Invoking toplevel() on ptolemy.moml.MoMLSimpleApplication@15c9d767
----------------- Done invoking toplevel() on ptolemy.moml.MoMLSimpleApplication@15c9d767
reloadAllAccessors: .Case

===========================================================================================
----------------- testing Sat Jul 13 04:52:13 UTC 2019 /home/travis/build/icyphy/ptII/ptolemy/actor/lib/hoc/test/auto/Case1.xml
----------------- Instantiating /home/travis/build/icyphy/ptII/ptolemy/actor/lib/hoc/test/auto/Case1.xml
25 ms. Memory: 120832K Free: 102229K (85%)
----------------- Invoking toplevel() on ptolemy.moml.MoMLSimpleApplication@543627ee
----------------- Done invoking toplevel() on ptolemy.moml.MoMLSimpleApplication@543627ee
reloadAllAccessors: .Case1

===========================================================================================
----------------- testing Sat Jul 13 04:52:13 UTC 2019 /home/travis/build/icyphy/ptII/ptolemy/actor/lib/hoc/test/auto/Case2.xml
----------------- Instantiating /home/travis/build/icyphy/ptII/ptolemy/actor/lib/hoc/test/auto/Case2.xml
73 ms. Memory: 120832K Free: 91741K (76%)
----------------- Invoking toplevel() on ptolemy.moml.MoMLSimpleApplication@3bff5b46
----------------- Done invoking toplevel() on ptolemy.moml.MoMLSimpleApplication@3bff5b46
reloadAllAccessors: .Case2

===========================================================================================
----------------- testing Sat Jul 13 04:52:13 UTC 2019 /home/travis/build/icyphy/ptII/ptolemy/actor/lib/hoc/test/auto/Case3.xml
----------------- Instantiating /home/travis/build/icyphy/ptII/ptolemy/actor/lib/hoc/test/auto/Case3.xml
8 ms. Memory: 120832K Free: 85543K (71%)
----------------- Invoking toplevel() on ptolemy.moml.MoMLSimpleApplication@28dbb57a
----------------- Done invoking toplevel() on ptolemy.moml.MoMLSimpleApplication@28dbb57a
reloadAllAccessors: .Case3

===========================================================================================
----------------- testing Sat Jul 13 04:52:13 UTC 2019 /home/travis/build/icyphy/ptII/ptolemy/actor/lib/hoc/test/auto/Case4.xml
----------------- Instantiating /home/travis/build/icyphy/ptII/ptolemy/actor/lib/hoc/test/auto/Case4.xml
23 ms. Memory: 120832K Free: 77683K (64%)
----------------- Invoking toplevel() on ptolemy.moml.MoMLSimpleApplication@4c1525c5
----------------- Done invoking toplevel() on ptolemy.moml.MoMLSimpleApplication@4c1525c5
reloadAllAccessors: .Case4

===========================================================================================
----------------- testing Sat Jul 13 04:52:14 UTC 2019 /home/travis/build/icyphy/ptII/ptolemy/actor/lib/hoc/test/auto/Case5.xml
----------------- Instantiating /home/travis/build/icyphy/ptII/ptolemy/actor/lib/hoc/test/auto/Case5.xml
49 ms. Memory: 120832K Free: 71555K (59%)
----------------- Invoking toplevel() on ptolemy.moml.MoMLSimpleApplication@5ab4bae9
----------------- Done invoking toplevel() on ptolemy.moml.MoMLSimpleApplication@5ab4bae9
reloadAllAccessors: .junk

===========================================================================================
----------------- testing Sat Jul 13 04:52:14 UTC 2019 /home/travis/build/icyphy/ptII/ptolemy/actor/lib/hoc/test/auto/Case6.xml
----------------- Instantiating /home/travis/build/icyphy/ptII/ptolemy/actor/lib/hoc/test/auto/Case6.xml
43 ms. Memory: 120832K Free: 103930K (86%)
----------------- Invoking toplevel() on ptolemy.moml.MoMLSimpleApplication@7e3757fe
----------------- Done invoking toplevel() on ptolemy.moml.MoMLSimpleApplication@7e3757fe
reloadAllAccessors: .Case6

===========================================================================================
----------------- testing Sat Jul 13 04:52:14 UTC 2019 /home/travis/build/icyphy/ptII/ptolemy/actor/lib/hoc/test/auto/CaseString2.xml
----------------- Instantiating /home/travis/build/icyphy/ptII/ptolemy/actor/lib/hoc/test/auto/CaseString2.xml
18 ms. Memory: 120832K Free: 96207K (80%)
----------------- Invoking toplevel() on ptolemy.moml.MoMLSimpleApplication@e123ea2
----------------- Done invoking toplevel() on ptolemy.moml.MoMLSimpleApplication@e123ea2
reloadAllAccessors: .CaseString2

===========================================================================================
----------------- testing Sat Jul 13 04:52:14 UTC 2019 /home/travis/build/icyphy/ptII/ptolemy/actor/lib/hoc/test/auto/CatchUpComposite1.xml
----------------- Instantiating /home/travis/build/icyphy/ptII/ptolemy/actor/lib/hoc/test/auto/CatchUpComposite1.xml
24 ms. Memory: 120832K Free: 87348K (72%)
----------------- Invoking toplevel() on ptolemy.moml.MoMLSimpleApplication@208d85c9
----------------- Done invoking toplevel() on ptolemy.moml.MoMLSimpleApplication@208d85c9
reloadAllAccessors: .CatchUpComposite1

===========================================================================================
----------------- testing Sat Jul 13 04:52:14 UTC 2019 /home/travis/build/icyphy/ptII/ptolemy/actor/lib/hoc/test/auto/CatchUpComposite2.xml
----------------- Instantiating /home/travis/build/icyphy/ptII/ptolemy/actor/lib/hoc/test/auto/CatchUpComposite2.xml
17 ms. Memory: 120832K Free: 78760K (65%)
----------------- Invoking toplevel() on ptolemy.moml.MoMLSimpleApplication@750d7644
----------------- Done invoking toplevel() on ptolemy.moml.MoMLSimpleApplication@750d7644
reloadAllAccessors: .CatchUpComposite2

===========================================================================================
----------------- testing Sat Jul 13 04:52:14 UTC 2019 /home/travis/build/icyphy/ptII/ptolemy/actor/lib/hoc/test/auto/CatchUpComposite3.xml
----------------- Instantiating /home/travis/build/icyphy/ptII/ptolemy/actor/lib/hoc/test/auto/CatchUpComposite3.xml
34 ms. Memory: 120832K Free: 70213K (58%)
----------------- Invoking toplevel() on ptolemy.moml.MoMLSimpleApplication@277c33f2
----------------- Done invoking toplevel() on ptolemy.moml.MoMLSimpleApplication@277c33f2
reloadAllAccessors: .CatchUpComposite3

===========================================================================================
----------------- testing Sat Jul 13 04:52:14 UTC 2019 /home/travis/build/icyphy/ptII/ptolemy/actor/lib/hoc/test/auto/CatchUpComposite4.xml
----------------- Instantiating /home/travis/build/icyphy/ptII/ptolemy/actor/lib/hoc/test/auto/CatchUpComposite4.xml
18 ms. Memory: 120832K Free: 62377K (52%)
----------------- Invoking toplevel() on ptolemy.moml.MoMLSimpleApplication@464e3782
----------------- Done invoking toplevel() on ptolemy.moml.MoMLSimpleApplication@464e3782
reloadAllAccessors: .CatchUpComposite4

===========================================================================================
----------------- testing Sat Jul 13 04:52:14 UTC 2019 /home/travis/build/icyphy/ptII/ptolemy/actor/lib/hoc/test/auto/CatchUpComposite5.xml
----------------- Instantiating /home/travis/build/icyphy/ptII/ptolemy/actor/lib/hoc/test/auto/CatchUpComposite5.xml
8 ms. Memory: 120832K Free: 54846K (45%)
----------------- Invoking toplevel() on ptolemy.moml.MoMLSimpleApplication@305325a
----------------- Done invoking toplevel() on ptolemy.moml.MoMLSimpleApplication@305325a
reloadAllAccessors: .CatchUpComposite5

===========================================================================================
----------------- testing Sat Jul 13 04:52:14 UTC 2019 /home/travis/build/icyphy/ptII/ptolemy/actor/lib/hoc/test/auto/CatchUpComposite6.xml
----------------- Instantiating /home/travis/build/icyphy/ptII/ptolemy/actor/lib/hoc/test/auto/CatchUpComposite6.xml
WARNING: The execution aspects in this model can influence the timing of actors by delaying the 
execution, potentially changing the behavior. There is no guarantee that actors fire at the 
time they request to be fired. 
Use Ptides for deterministic DE behavior that is not influenced by execution aspects. 

85 ms. Memory: 120832K Free: 93459K (77%)
----------------- Invoking toplevel() on ptolemy.moml.MoMLSimpleApplication@2df167b3
----------------- Done invoking toplevel() on ptolemy.moml.MoMLSimpleApplication@2df167b3
reloadAllAccessors: .CatchUpComposite6

===========================================================================================
----------------- testing Sat Jul 13 04:52:14 UTC 2019 /home/travis/build/icyphy/ptII/ptolemy/actor/lib/hoc/test/auto/CatchUpComposite7.xml
----------------- Instantiating /home/travis/build/icyphy/ptII/ptolemy/actor/lib/hoc/test/auto/CatchUpComposite7.xml
WARNING: The execution aspects in this model can influence the timing of actors by delaying the 
execution, potentially changing the behavior. There is no guarantee that actors fire at the 
time they request to be fired. 
Use Ptides for deterministic DE behavior that is not influenced by execution aspects. 

50 ms. Memory: 120832K Free: 79394K (66%)
----------------- Invoking toplevel() on ptolemy.moml.MoMLSimpleApplication@1a974609
----------------- Done invoking toplevel() on ptolemy.moml.MoMLSimpleApplication@1a974609
reloadAllAccessors: .CatchUpComposite7

===========================================================================================
----------------- testing Sat Jul 13 04:52:14 UTC 2019 /home/travis/build/icyphy/ptII/ptolemy/actor/lib/hoc/test/auto/ConcurrentExecutionTimeSDF.xml
----------------- Instantiating /home/travis/build/icyphy/ptII/ptolemy/actor/lib/hoc/test/auto/ConcurrentExecutionTimeSDF.xml
Fired ExecutionTime: 40400000
Fired ExecutionTime: 40400000
Fired ExecutionTime: 40400000
Fired ExecutionTime: 40400000
Fired ExecutionTime: 40400000
Fired ExecutionTime: 40400000
Fired ExecutionTime: 40400000
Fired ExecutionTime: 40400000
Fired ExecutionTime: 40400000
Fired ExecutionTime: 40400000
Fired ExecutionTime: 40400000
Fired ExecutionTime: 40400000
Fired ExecutionTime: 40400000
Fired ExecutionTime: 40400000
Fired ExecutionTime: 40400000
Fired ExecutionTime: 40400000
Fired ExecutionTime: 40400000
Fired ExecutionTime: 40400000
Fired ExecutionTime: 40400000
Fired ExecutionTime: 40400000
916 ms. Memory: 120832K Free: 72601K (60%)
----------------- Invoking toplevel() on ptolemy.moml.MoMLSimpleApplication@637fbfba
----------------- Done invoking toplevel() on ptolemy.moml.MoMLSimpleApplication@637fbfba
reloadAllAccessors: .ConcurrentExecutionTimeSDF

===========================================================================================
----------------- testing Sat Jul 13 04:52:15 UTC 2019 /home/travis/build/icyphy/ptII/ptolemy/actor/lib/hoc/test/auto/ConcurrentSleep.xml
----------------- Instantiating /home/travis/build/icyphy/ptII/ptolemy/actor/lib/hoc/test/auto/ConcurrentSleep.xml
731 ms. Memory: 120832K Free: 61986K (51%)
----------------- Invoking toplevel() on ptolemy.moml.MoMLSimpleApplication@2b0a5b31
----------------- Done invoking toplevel() on ptolemy.moml.MoMLSimpleApplication@2b0a5b31
reloadAllAccessors: .ConcurrentSleep

===========================================================================================
----------------- testing Sat Jul 13 04:52:16 UTC 2019 /home/travis/build/icyphy/ptII/ptolemy/actor/lib/hoc/test/auto/DEInPNInRunCompositeActor.xml
----------------- Instantiating /home/travis/build/icyphy/ptII/ptolemy/actor/lib/hoc/test/auto/DEInPNInRunCompositeActor.xml
11 ms. Memory: 120832K Free: 56595K (47%)
----------------- Invoking toplevel() on ptolemy.moml.MoMLSimpleApplication@7bf84b21
----------------- Done invoking toplevel() on ptolemy.moml.MoMLSimpleApplication@7bf84b21
reloadAllAccessors: .DEInPNInRunCompositeActor

===========================================================================================
----------------- testing Sat Jul 13 04:52:16 UTC 2019 /home/travis/build/icyphy/ptII/ptolemy/actor/lib/hoc/test/auto/DFTSubSetTest.xml
----------------- Instantiating /home/travis/build/icyphy/ptII/ptolemy/actor/lib/hoc/test/auto/DFTSubSetTest.xml
234 ms. Memory: 120832K Free: 70262K (58%)
----------------- Invoking toplevel() on ptolemy.moml.MoMLSimpleApplication@7f33f8ac
----------------- Done invoking toplevel() on ptolemy.moml.MoMLSimpleApplication@7f33f8ac
reloadAllAccessors: .DFTSubSetTest

===========================================================================================
----------------- testing Sat Jul 13 04:52:17 UTC 2019 /home/travis/build/icyphy/ptII/ptolemy/actor/lib/hoc/test/auto/HocDE.xml
----------------- Instantiating /home/travis/build/icyphy/ptII/ptolemy/actor/lib/hoc/test/auto/HocDE.xml
157 ms. Memory: 120832K Free: 103883K (86%)
----------------- Invoking toplevel() on ptolemy.moml.MoMLSimpleApplication@3acc62df
----------------- Done invoking toplevel() on ptolemy.moml.MoMLSimpleApplication@3acc62df
reloadAllAccessors: .HocDE

===========================================================================================
----------------- testing Sat Jul 13 04:52:17 UTC 2019 /home/travis/build/icyphy/ptII/ptolemy/actor/lib/hoc/test/auto/IterateOverArray.xml
----------------- Instantiating /home/travis/build/icyphy/ptII/ptolemy/actor/lib/hoc/test/auto/IterateOverArray.xml
9 ms. Memory: 120832K Free: 99371K (82%)
----------------- Invoking toplevel() on ptolemy.moml.MoMLSimpleApplication@73ac29d7
----------------- Done invoking toplevel() on ptolemy.moml.MoMLSimpleApplication@73ac29d7
reloadAllAccessors: .IterateOverArray

===========================================================================================
----------------- testing Sat Jul 13 04:52:17 UTC 2019 /home/travis/build/icyphy/ptII/ptolemy/actor/lib/hoc/test/auto/IterateOverArray10.xml
----------------- Instantiating /home/travis/build/icyphy/ptII/ptolemy/actor/lib/hoc/test/auto/IterateOverArray10.xml
2 ms. Memory: 120832K Free: 96285K (80%)
----------------- Invoking toplevel() on ptolemy.moml.MoMLSimpleApplication@711e3287
----------------- Done invoking toplevel() on ptolemy.moml.MoMLSimpleApplication@711e3287
reloadAllAccessors: .IterateOverArray10

===========================================================================================
----------------- testing Sat Jul 13 04:52:17 UTC 2019 /home/travis/build/icyphy/ptII/ptolemy/actor/lib/hoc/test/auto/IterateOverArray11.xml
----------------- Instantiating /home/travis/build/icyphy/ptII/ptolemy/actor/lib/hoc/test/auto/IterateOverArray11.xml
5 ms. Memory: 120832K Free: 91732K (76%)
----------------- Invoking toplevel() on ptolemy.moml.MoMLSimpleApplication@725a4bbc
----------------- Done invoking toplevel() on ptolemy.moml.MoMLSimpleApplication@725a4bbc
reloadAllAccessors: .IterateOverArray11

===========================================================================================
----------------- testing Sat Jul 13 04:52:17 UTC 2019 /home/travis/build/icyphy/ptII/ptolemy/actor/lib/hoc/test/auto/IterateOverArray12.xml
----------------- Instantiating /home/travis/build/icyphy/ptII/ptolemy/actor/lib/hoc/test/auto/IterateOverArray12.xml
18 ms. Memory: 120832K Free: 85642K (71%)
----------------- Invoking toplevel() on ptolemy.moml.MoMLSimpleApplication@5f799909
----------------- Done invoking toplevel() on ptolemy.moml.MoMLSimpleApplication@5f799909
reloadAllAccessors: .IterateOverArray12

===========================================================================================
----------------- testing Sat Jul 13 04:52:17 UTC 2019 /home/travis/build/icyphy/ptII/ptolemy/actor/lib/hoc/test/auto/IterateOverArray13.xml
----------------- Instantiating /home/travis/build/icyphy/ptII/ptolemy/actor/lib/hoc/test/auto/IterateOverArray13.xml
83 ms. Memory: 120832K Free: 56363K (47%)
----------------- Invoking toplevel() on ptolemy.moml.MoMLSimpleApplication@4895832f
----------------- Done invoking toplevel() on ptolemy.moml.MoMLSimpleApplication@4895832f
reloadAllAccessors: .IterateOverArray13

===========================================================================================
----------------- testing Sat Jul 13 04:52:17 UTC 2019 /home/travis/build/icyphy/ptII/ptolemy/actor/lib/hoc/test/auto/IterateOverArray14.xml
----------------- Instantiating /home/travis/build/icyphy/ptII/ptolemy/actor/lib/hoc/test/auto/IterateOverArray14.xml
81 ms. Memory: 150528K Free: 114981K (76%)
----------------- Invoking toplevel() on ptolemy.moml.MoMLSimpleApplication@110f46dd
----------------- Done invoking toplevel() on ptolemy.moml.MoMLSimpleApplication@110f46dd
reloadAllAccessors: .IterateOverArray14

===========================================================================================
----------------- testing Sat Jul 13 04:52:17 UTC 2019 /home/travis/build/icyphy/ptII/ptolemy/actor/lib/hoc/test/auto/IterateOverArray2.xml
----------------- Instantiating /home/travis/build/icyphy/ptII/ptolemy/actor/lib/hoc/test/auto/IterateOverArray2.xml
11 ms. Memory: 150528K Free: 110375K (73%)
----------------- Invoking toplevel() on ptolemy.moml.MoMLSimpleApplication@79e54d4
----------------- Done invoking toplevel() on ptolemy.moml.MoMLSimpleApplication@79e54d4
reloadAllAccessors: .IterateOverArray2

===========================================================================================
----------------- testing Sat Jul 13 04:52:17 UTC 2019 /home/travis/build/icyphy/ptII/ptolemy/actor/lib/hoc/test/auto/IterateOverArray3.xml
----------------- Instantiating /home/travis/build/icyphy/ptII/ptolemy/actor/lib/hoc/test/auto/IterateOverArray3.xml
19 ms. Memory: 150528K Free: 104231K (69%)
----------------- Invoking toplevel() on ptolemy.moml.MoMLSimpleApplication@6f53ff5
----------------- Done invoking toplevel() on ptolemy.moml.MoMLSimpleApplication@6f53ff5
reloadAllAccessors: .IterateOverArray3

===========================================================================================
----------------- testing Sat Jul 13 04:52:17 UTC 2019 /home/travis/build/icyphy/ptII/ptolemy/actor/lib/hoc/test/auto/IterateOverArray4.xml
----------------- Instantiating /home/travis/build/icyphy/ptII/ptolemy/actor/lib/hoc/test/auto/IterateOverArray4.xml
4 ms. Memory: 150528K Free: 100135K (67%)
----------------- Invoking toplevel() on ptolemy.moml.MoMLSimpleApplication@aa0240c
----------------- Done invoking toplevel() on ptolemy.moml.MoMLSimpleApplication@aa0240c
reloadAllAccessors: .IterateOverArray4

===========================================================================================
----------------- testing Sat Jul 13 04:52:17 UTC 2019 /home/travis/build/icyphy/ptII/ptolemy/actor/lib/hoc/test/auto/IterateOverArray5.xml
----------------- Instantiating /home/travis/build/icyphy/ptII/ptolemy/actor/lib/hoc/test/auto/IterateOverArray5.xml
4 ms. Memory: 150528K Free: 96039K (64%)
----------------- Invoking toplevel() on ptolemy.moml.MoMLSimpleApplication@4a264222
----------------- Done invoking toplevel() on ptolemy.moml.MoMLSimpleApplication@4a264222
reloadAllAccessors: .IterateOverArray5

===========================================================================================
----------------- testing Sat Jul 13 04:52:18 UTC 2019 /home/travis/build/icyphy/ptII/ptolemy/actor/lib/hoc/test/auto/IterateOverArray6.xml
----------------- Instantiating /home/travis/build/icyphy/ptII/ptolemy/actor/lib/hoc/test/auto/IterateOverArray6.xml
3 ms. Memory: 150528K Free: 92453K (61%)
----------------- Invoking toplevel() on ptolemy.moml.MoMLSimpleApplication@3af7aca8
----------------- Done invoking toplevel() on ptolemy.moml.MoMLSimpleApplication@3af7aca8
reloadAllAccessors: .IterateOverArray6

===========================================================================================
----------------- testing Sat Jul 13 04:52:18 UTC 2019 /home/travis/build/icyphy/ptII/ptolemy/actor/lib/hoc/test/auto/IterateOverArray7.xml
----------------- Instantiating /home/travis/build/icyphy/ptII/ptolemy/actor/lib/hoc/test/auto/IterateOverArray7.xml
4 ms. Memory: 150528K Free: 87847K (58%)
----------------- Invoking toplevel() on ptolemy.moml.MoMLSimpleApplication@1315b699
----------------- Done invoking toplevel() on ptolemy.moml.MoMLSimpleApplication@1315b699
reloadAllAccessors: .IterateOverArray7

===========================================================================================
----------------- testing Sat Jul 13 04:52:18 UTC 2019 /home/travis/build/icyphy/ptII/ptolemy/actor/lib/hoc/test/auto/IterateOverArray8.xml
----------------- Instantiating /home/travis/build/icyphy/ptII/ptolemy/actor/lib/hoc/test/auto/IterateOverArray8.xml
4 ms. Memory: 150528K Free: 83751K (56%)
----------------- Invoking toplevel() on ptolemy.moml.MoMLSimpleApplication@701f138
----------------- Done invoking toplevel() on ptolemy.moml.MoMLSimpleApplication@701f138
reloadAllAccessors: .IterateOverArray8

===========================================================================================
----------------- testing Sat Jul 13 04:52:18 UTC 2019 /home/travis/build/icyphy/ptII/ptolemy/actor/lib/hoc/test/auto/IterateOverArray9.xml
----------------- Instantiating /home/travis/build/icyphy/ptII/ptolemy/actor/lib/hoc/test/auto/IterateOverArray9.xml
8 ms. Memory: 150528K Free: 79655K (53%)
----------------- Invoking toplevel() on ptolemy.moml.MoMLSimpleApplication@bb2eed2
----------------- Done invoking toplevel() on ptolemy.moml.MoMLSimpleApplication@bb2eed2
reloadAllAccessors: .IterateOverArray9

===========================================================================================
----------------- testing Sat Jul 13 04:52:18 UTC 2019 /home/travis/build/icyphy/ptII/ptolemy/actor/lib/hoc/test/auto/IterateOverArrayCoercedOutputType.xml
----------------- Instantiating /home/travis/build/icyphy/ptII/ptolemy/actor/lib/hoc/test/auto/IterateOverArrayCoercedOutputType.xml
8 ms. Memory: 150528K Free: 74535K (50%)
----------------- Invoking toplevel() on ptolemy.moml.MoMLSimpleApplication@64b5f7b3
----------------- Done invoking toplevel() on ptolemy.moml.MoMLSimpleApplication@64b5f7b3
reloadAllAccessors: .IterateOverArrayCoercedOutputType

===========================================================================================
----------------- testing Sat Jul 13 04:52:18 UTC 2019 /home/travis/build/icyphy/ptII/ptolemy/actor/lib/hoc/test/auto/IterateOverArrayInferredOutputType.xml
----------------- Instantiating /home/travis/build/icyphy/ptII/ptolemy/actor/lib/hoc/test/auto/IterateOverArrayInferredOutputType.xml
12 ms. Memory: 150528K Free: 69925K (46%)
----------------- Invoking toplevel() on ptolemy.moml.MoMLSimpleApplication@5a120fc9
----------------- Done invoking toplevel() on ptolemy.moml.MoMLSimpleApplication@5a120fc9
reloadAllAccessors: .IterateOverArrayInferredOutputType

===========================================================================================
----------------- testing Sat Jul 13 04:52:18 UTC 2019 /home/travis/build/icyphy/ptII/ptolemy/actor/lib/hoc/test/auto/MobileFunctionTest.xml
----------------- Instantiating /home/travis/build/icyphy/ptII/ptolemy/actor/lib/hoc/test/auto/MobileFunctionTest.xml
4 ms. Memory: 150528K Free: 65319K (43%)
----------------- Invoking toplevel() on ptolemy.moml.MoMLSimpleApplication@5dc4e7f4
----------------- Done invoking toplevel() on ptolemy.moml.MoMLSimpleApplication@5dc4e7f4
reloadAllAccessors: .MobileFunctionTest

===========================================================================================
----------------- testing Sat Jul 13 04:52:18 UTC 2019 /home/travis/build/icyphy/ptII/ptolemy/actor/lib/hoc/test/auto/MobileModelTest.xml
----------------- Instantiating /home/travis/build/icyphy/ptII/ptolemy/actor/lib/hoc/test/auto/MobileModelTest.xml
186 ms. Memory: 150528K Free: 124316K (83%)
----------------- Invoking toplevel() on ptolemy.moml.MoMLSimpleApplication@4d76d3d0
----------------- Done invoking toplevel() on ptolemy.moml.MoMLSimpleApplication@4d76d3d0
reloadAllAccessors: .MobileModelTest

===========================================================================================
----------------- testing Sat Jul 13 04:52:18 UTC 2019 /home/travis/build/icyphy/ptII/ptolemy/actor/lib/hoc/test/auto/ModelReference.xml
----------------- Instantiating /home/travis/build/icyphy/ptII/ptolemy/actor/lib/hoc/test/auto/ModelReference.xml
3 ms. Memory: 150528K Free: 117590K (78%)
2 ms. Memory: 150528K Free: 116987K (78%)
2 ms. Memory: 150528K Free: 116017K (77%)
2 ms. Memory: 150528K Free: 115430K (77%)
1 ms. Memory: 150528K Free: 114520K (76%)
1 ms. Memory: 150528K Free: 113456K (75%)
2 ms. Memory: 150528K Free: 112945K (75%)
3 ms. Memory: 150528K Free: 111921K (74%)
4 ms. Memory: 150528K Free: 111334K (74%)
2 ms. Memory: 150528K Free: 110424K (73%)
40 ms. Memory: 150528K Free: 110424K (73%)
----------------- Invoking toplevel() on ptolemy.moml.MoMLSimpleApplication@595ac05
----------------- Done invoking toplevel() on ptolemy.moml.MoMLSimpleApplication@595ac05
reloadAllAccessors: .ModelReference

===========================================================================================
----------------- testing Sat Jul 13 04:52:18 UTC 2019 /home/travis/build/icyphy/ptII/ptolemy/actor/lib/hoc/test/auto/ModelReference3.xml
----------------- Instantiating /home/travis/build/icyphy/ptII/ptolemy/actor/lib/hoc/test/auto/ModelReference3.xml
2 ms. Memory: 150528K Free: 105777K (70%)
3 ms. Memory: 150528K Free: 105302K (70%)
2 ms. Memory: 150528K Free: 104304K (69%)
4 ms. Memory: 150528K Free: 103729K (69%)
2 ms. Memory: 150528K Free: 102697K (68%)
2 ms. Memory: 150528K Free: 101681K (68%)
4 ms. Memory: 150528K Free: 101206K (67%)
3 ms. Memory: 150528K Free: 100208K (67%)
4 ms. Memory: 150528K Free: 99633K (66%)
2 ms. Memory: 150528K Free: 98601K (66%)
35 ms. Memory: 150528K Free: 98601K (66%)
----------------- Invoking toplevel() on ptolemy.moml.MoMLSimpleApplication@53c1495a
----------------- Done invoking toplevel() on ptolemy.moml.MoMLSimpleApplication@53c1495a
reloadAllAccessors: .ModelReference3

===========================================================================================
----------------- testing Sat Jul 13 04:52:18 UTC 2019 /home/travis/build/icyphy/ptII/ptolemy/actor/lib/hoc/test/auto/ModelReference4.xml
----------------- Instantiating /home/travis/build/icyphy/ptII/ptolemy/actor/lib/hoc/test/auto/ModelReference4.xml
2 ms. Memory: 150528K Free: 94069K (62%)
2 ms. Memory: 150528K Free: 92465K (61%)
2 ms. Memory: 150528K Free: 91441K (61%)
3 ms. Memory: 150528K Free: 90417K (60%)
2 ms. Memory: 150528K Free: 88957K (59%)
4 ms. Memory: 150528K Free: 88347K (59%)
3 ms. Memory: 150528K Free: 86872K (58%)
2 ms. Memory: 150528K Free: 85848K (57%)
2 ms. Memory: 150528K Free: 84259K (56%)
2 ms. Memory: 150528K Free: 83235K (55%)
10022 ms. Memory: 150528K Free: 83235K (55%)
----------------- Invoking toplevel() on ptolemy.moml.MoMLSimpleApplication@74d6062a
----------------- Done invoking toplevel() on ptolemy.moml.MoMLSimpleApplication@74d6062a
reloadAllAccessors: .ModelReference4

===========================================================================================
----------------- testing Sat Jul 13 04:52:28 UTC 2019 /home/travis/build/icyphy/ptII/ptolemy/actor/lib/hoc/test/auto/MultiInstanceComposite.xml
----------------- Instantiating /home/travis/build/icyphy/ptII/ptolemy/actor/lib/hoc/test/auto/MultiInstanceComposite.xml
25 ms. Memory: 150528K Free: 64382K (43%)
----------------- Invoking toplevel() on ptolemy.moml.MoMLSimpleApplication@2441daff
----------------- Done invoking toplevel() on ptolemy.moml.MoMLSimpleApplication@2441daff
reloadAllAccessors: .MultiInstanceComposite

===========================================================================================
----------------- testing Sat Jul 13 04:52:28 UTC 2019 /home/travis/build/icyphy/ptII/ptolemy/actor/lib/hoc/test/auto/MultiInstanceComposite2.xml
----------------- Instantiating /home/travis/build/icyphy/ptII/ptolemy/actor/lib/hoc/test/auto/MultiInstanceComposite2.xml
15 ms. Memory: 150528K Free: 53056K (35%)
----------------- Invoking toplevel() on ptolemy.moml.MoMLSimpleApplication@a896ce8
----------------- Done invoking toplevel() on ptolemy.moml.MoMLSimpleApplication@a896ce8
reloadAllAccessors: .MultiInstanceComposite2

===========================================================================================
----------------- testing Sat Jul 13 04:52:28 UTC 2019 /home/travis/build/icyphy/ptII/ptolemy/actor/lib/hoc/test/auto/MulticoreExecution.xml
----------------- Instantiating /home/travis/build/icyphy/ptII/ptolemy/actor/lib/hoc/test/auto/MulticoreExecution.xml
Fired ExecutionTime: 2400000
Fired ExecutionTime: 2400000
Fired ExecutionTime: 12800000
Fired ExecutionTime: 18800000
Fired ExecutionTime: 91600000
Fired ExecutionTime: 90400000
Fired ExecutionTime: 92000000
Fired ExecutionTime: 91600000
Fired ExecutionTime: 91200000
Fired ExecutionTime: 89200000
Fired ExecutionTime: 81600000
Fired ExecutionTime: 92400000
Fired ExecutionTime: 63200000
Fired ExecutionTime: 88400000
Fired ExecutionTime: 78400000
Fired ExecutionTime: 71200000
Fired ExecutionTime: 53200000
Fired ExecutionTime: 70000000
Fired ExecutionTime: 55600000
Fired ExecutionTime: 52000000
1076 ms. Memory: 150528K Free: 131355K (87%)
----------------- Invoking toplevel() on ptolemy.moml.MoMLSimpleApplication@1273c1c5
----------------- Done invoking toplevel() on ptolemy.moml.MoMLSimpleApplication@1273c1c5
reloadAllAccessors: .MulticoreExecution

===========================================================================================
----------------- testing Sat Jul 13 04:52:29 UTC 2019 /home/travis/build/icyphy/ptII/ptolemy/actor/lib/hoc/test/auto/ParallelExecution.xml
----------------- Instantiating /home/travis/build/icyphy/ptII/ptolemy/actor/lib/hoc/test/auto/ParallelExecution.xml
921 ms. Memory: 150528K Free: 123675K (82%)
----------------- Invoking toplevel() on ptolemy.moml.MoMLSimpleApplication@3b4b769c
----------------- Done invoking toplevel() on ptolemy.moml.MoMLSimpleApplication@3b4b769c
reloadAllAccessors: .ParallelExecution

===========================================================================================
----------------- testing Sat Jul 13 04:52:30 UTC 2019 /home/travis/build/icyphy/ptII/ptolemy/actor/lib/hoc/test/auto/RunCompositeActor.xml
----------------- Instantiating /home/travis/build/icyphy/ptII/ptolemy/actor/lib/hoc/test/auto/RunCompositeActor.xml
9 ms. Memory: 150528K Free: 116509K (77%)
----------------- Invoking toplevel() on ptolemy.moml.MoMLSimpleApplication@7399d3d4
----------------- Done invoking toplevel() on ptolemy.moml.MoMLSimpleApplication@7399d3d4
reloadAllAccessors: .RunCompositeActor

===========================================================================================
----------------- testing Sat Jul 13 04:52:30 UTC 2019 /home/travis/build/icyphy/ptII/ptolemy/actor/lib/hoc/test/auto/RunCompositeActor2.xml
----------------- Instantiating /home/travis/build/icyphy/ptII/ptolemy/actor/lib/hoc/test/auto/RunCompositeActor2.xml
8 ms. Memory: 150528K Free: 110365K (73%)
----------------- Invoking toplevel() on ptolemy.moml.MoMLSimpleApplication@3d4a0ee2
----------------- Done invoking toplevel() on ptolemy.moml.MoMLSimpleApplication@3d4a0ee2
reloadAllAccessors: .RunCompositeActor2

===========================================================================================
----------------- testing Sat Jul 13 04:52:30 UTC 2019 /home/travis/build/icyphy/ptII/ptolemy/actor/lib/hoc/test/auto/RunCompositeActor3.xml
----------------- Instantiating /home/travis/build/icyphy/ptII/ptolemy/actor/lib/hoc/test/auto/RunCompositeActor3.xml
4 ms. Memory: 150528K Free: 104717K (70%)
----------------- Invoking toplevel() on ptolemy.moml.MoMLSimpleApplication@6ab232b9
----------------- Done invoking toplevel() on ptolemy.moml.MoMLSimpleApplication@6ab232b9
reloadAllAccessors: .RunCompositeActor3

===========================================================================================
----------------- testing Sat Jul 13 04:52:30 UTC 2019 /home/travis/build/icyphy/ptII/ptolemy/actor/lib/hoc/test/auto/RunCompositeActor4.xml
----------------- Instantiating /home/travis/build/icyphy/ptII/ptolemy/actor/lib/hoc/test/auto/RunCompositeActor4.xml
12 ms. Memory: 150528K Free: 96525K (64%)
----------------- Invoking toplevel() on ptolemy.moml.MoMLSimpleApplication@105cc15c
----------------- Done invoking toplevel() on ptolemy.moml.MoMLSimpleApplication@105cc15c
reloadAllAccessors: .RunCompositeActor4

===========================================================================================
----------------- testing Sat Jul 13 04:52:30 UTC 2019 /home/travis/build/icyphy/ptII/ptolemy/actor/lib/hoc/test/auto/RunCompositeIterateOverArray.xml
----------------- Instantiating /home/travis/build/icyphy/ptII/ptolemy/actor/lib/hoc/test/auto/RunCompositeIterateOverArray.xml
5 ms. Memory: 150528K Free: 90395K (60%)
----------------- Invoking toplevel() on ptolemy.moml.MoMLSimpleApplication@35fb141f
----------------- Done invoking toplevel() on ptolemy.moml.MoMLSimpleApplication@35fb141f
reloadAllAccessors: .RunCompositeIterateOverArray

===========================================================================================
----------------- testing Sat Jul 13 04:52:30 UTC 2019 /home/travis/build/icyphy/ptII/ptolemy/actor/lib/hoc/test/auto/ThreadedJS.xml
----------------- Instantiating /home/travis/build/icyphy/ptII/ptolemy/actor/lib/hoc/test/auto/ThreadedJS.xml
6489 ms. Memory: 218112K Free: 90842K (42%)
----------------- Invoking toplevel() on ptolemy.moml.MoMLSimpleApplication@9cec73b
----------------- Done invoking toplevel() on ptolemy.moml.MoMLSimpleApplication@9cec73b
reloadAllAccessors: .ThreadedJS
AutoTests.java: About to close Vertx.
AutoTests.java: Vertx closed.
]]></system-out>
  <system-err><![CDATA[java.lang.RuntimeException: Execution failed
	at ptolemy.moml.MoMLSimpleApplication$UnloadThread.run(MoMLSimpleApplication.java:402)
Caused by: ptolemy.kernel.util.IllegalActionException: initialize() was called after wrapup() was called but preinitialize() was not called after wrapup().
	at ptolemy.actor.lib.hoc.test.PreinitializeMustBeInvoked.initialize(PreinitializeMustBeInvoked.java:78)
	at ptolemy.actor.Director.initialize(Director.java:938)
	at ptolemy.actor.Director.initialize(Director.java:907)
	at ptolemy.actor.sched.StaticSchedulingDirector.initialize(StaticSchedulingDirector.java:159)
	at ptolemy.domains.sdf.kernel.SDFDirector.initialize(SDFDirector.java:544)
	at ptolemy.actor.CompositeActor.initialize(CompositeActor.java:935)
	at ptolemy.actor.lib.hoc.LifeCycleManager._executeInsideModel(LifeCycleManager.java:339)
	at ptolemy.actor.lib.hoc.RunCompositeActor.fire(RunCompositeActor.java:205)
	at ptolemy.actor.CompositeActor.iterate(CompositeActor.java:1146)
	at ptolemy.actor.sched.StaticSchedulingDirector.fire(StaticSchedulingDirector.java:216)
	at ptolemy.domains.sdf.kernel.SDFDirector.fire(SDFDirector.java:500)
	at ptolemy.actor.CompositeActor.fire(CompositeActor.java:455)
	at ptolemy.actor.Manager.iterate(Manager.java:851)
	at ptolemy.actor.Manager.execute(Manager.java:369)
	at ptolemy.actor.Manager.run(Manager.java:1263)
	at ptolemy.actor.Manager$PtolemyRunThread.run(Manager.java:1915)
java.lang.reflect.InvocationTargetException
	at java.base/jdk.internal.reflect.NativeConstructorAccessorImpl.newInstance0(Native Method)
	at java.base/jdk.internal.reflect.NativeConstructorAccessorImpl.newInstance(NativeConstructorAccessorImpl.java:62)
	at java.base/jdk.internal.reflect.DelegatingConstructorAccessorImpl.newInstance(DelegatingConstructorAccessorImpl.java:45)
	at java.base/java.lang.reflect.Constructor.newInstance(Constructor.java:490)
	at ptolemy.util.test.junit.AutoKnownFailedTests.RunModel(AutoKnownFailedTests.java:105)
	at java.base/jdk.internal.reflect.NativeMethodAccessorImpl.invoke0(Native Method)
	at java.base/jdk.internal.reflect.NativeMethodAccessorImpl.invoke(NativeMethodAccessorImpl.java:62)
	at java.base/jdk.internal.reflect.DelegatingMethodAccessorImpl.invoke(DelegatingMethodAccessorImpl.java:43)
	at java.base/java.lang.reflect.Method.invoke(Method.java:566)
	at org.junit.runners.model.FrameworkMethod$1.runReflectiveCall(FrameworkMethod.java:44)
	at org.junit.internal.runners.model.ReflectiveCallable.run(ReflectiveCallable.java:15)
	at org.junit.runners.model.FrameworkMethod.invokeExplosively(FrameworkMethod.java:41)
	at junitparams.internal.InvokeParameterisedMethod.evaluate(InvokeParameterisedMethod.java:102)
	at org.junit.internal.runners.statements.FailOnTimeout$1.run(FailOnTimeout.java:28)
Caused by: ptolemy.kernel.util.IllegalActionException: initialize() was called after wrapup() was called but preinitialize() was not called after wrapup().
	at ptolemy.actor.lib.hoc.test.PreinitializeMustBeInvoked.initialize(PreinitializeMustBeInvoked.java:78)
	at ptolemy.actor.Director.initialize(Director.java:938)
	at ptolemy.actor.Director.initialize(Director.java:907)
	at ptolemy.actor.sched.StaticSchedulingDirector.initialize(StaticSchedulingDirector.java:159)
	at ptolemy.domains.sdf.kernel.SDFDirector.initialize(SDFDirector.java:544)
	at ptolemy.actor.CompositeActor.initialize(CompositeActor.java:935)
	at ptolemy.actor.lib.hoc.LifeCycleManager._executeInsideModel(LifeCycleManager.java:339)
	at ptolemy.actor.lib.hoc.RunCompositeActor.fire(RunCompositeActor.java:205)
	at ptolemy.actor.CompositeActor.iterate(CompositeActor.java:1146)
	at ptolemy.actor.sched.StaticSchedulingDirector.fire(StaticSchedulingDirector.java:216)
	at ptolemy.domains.sdf.kernel.SDFDirector.fire(SDFDirector.java:500)
	at ptolemy.actor.CompositeActor.fire(CompositeActor.java:455)
	at ptolemy.actor.Manager.iterate(Manager.java:851)
	at ptolemy.actor.Manager.execute(Manager.java:369)
	at ptolemy.actor.Manager.run(Manager.java:1263)
	at ptolemy.actor.Manager$PtolemyRunThread.run(Manager.java:1915)
Warning: Nashorn engine is planned to be removed from a future JDK release
Warning: Nashorn engine is planned to be removed from a future JDK release
Warning: Nashorn engine is planned to be removed from a future JDK release
Warning: Nashorn engine is planned to be removed from a future JDK release
Warning: Nashorn engine is planned to be removed from a future JDK release
Warning: Nashorn engine is planned to be removed from a future JDK release
Warning: Nashorn engine is planned to be removed from a future JDK release
Warning: Nashorn engine is planned to be removed from a future JDK release
]]></system-err>
</testsuite>
