<?xml version="1.0" encoding="UTF-8" ?>
<testsuite errors="0" failures="0" hostname="travis-job-ead28e89-b6f2-440a-998a-f3988a993908" name="ptolemy.domains.de.test.junit.JUnitTclTest" skipped="0" tests="101" time="126.583" timestamp="2019-05-11T04:17:00">
  <properties>
[...]
</properties>
  <testcase classname="ptolemy.util.test.junit.TclTests" name="[0] /home/travis/build/icyphy/ptII/ptolemy/domains/de/test/DependencyLoop.tcl (RunTclFile)" time="0.744" />
  <testcase classname="ptolemy.util.test.junit.TclTests" name="[1] /home/travis/build/icyphy/ptII/ptolemy/domains/de/test/RunDETestsAsQSS.tcl (RunTclFile)" time="86.417" />
  <testcase classname="ptolemy.util.test.junit.AutoKnownFailedTests" name="[0] /home/travis/build/icyphy/ptII/ptolemy/domains/de/test/auto/knownFailedTests/DESDFClockTest.xml (RunModel)" time="2.036" />
  <testcase classname="ptolemy.util.test.junit.AutoKnownFailedTests" name="[1] /home/travis/build/icyphy/ptII/ptolemy/domains/de/test/auto/knownFailedTests/DirectFeedback.xml (RunModel)" time="0.016" />
  <testcase classname="ptolemy.util.test.junit.AutoKnownFailedTests" name="[2] /home/travis/build/icyphy/ptII/ptolemy/domains/de/test/auto/knownFailedTests/FSMSource.xml (RunModel)" time="0.044" />
  <testcase classname="ptolemy.util.test.junit.AutoKnownFailedTests" name="[3] /home/travis/build/icyphy/ptII/ptolemy/domains/de/test/auto/knownFailedTests/HierarchicalModel.xml (RunModel)" time="0.056" />
  <testcase classname="ptolemy.util.test.junit.AutoKnownFailedTests" name="[4] /home/travis/build/icyphy/ptII/ptolemy/domains/de/test/auto/knownFailedTests/dependencyLoop.xml (RunModel)" time="0.037" />
  <testcase classname="ptolemy.util.test.junit.AutoKnownFailedTests" name="[5] /home/travis/build/icyphy/ptII/ptolemy/domains/de/test/auto/knownFailedTests/dependencyLoop2.xml (RunModel)" time="0.051" />
  <testcase classname="ptolemy.util.test.junit.AutoNameArchTests" name="[0] ThereAreNoAutoArchTests (RunModel)" time="0.0" />
  <testcase classname="ptolemy.util.test.junit.AutoTests" name="[0] /home/travis/build/icyphy/ptII/ptolemy/domains/de/test/auto/ActorDepthCalculation_actorWithoutPorts.xml (RunModel)" time="0.02" />
  <testcase classname="ptolemy.util.test.junit.AutoTests" name="[1] /home/travis/build/icyphy/ptII/ptolemy/domains/de/test/auto/AssemblyLine.xml (RunModel)" time="0.018" />
  <testcase classname="ptolemy.util.test.junit.AutoTests" name="[2] /home/travis/build/icyphy/ptII/ptolemy/domains/de/test/auto/CQBug1.xml (RunModel)" time="0.01" />
  <testcase classname="ptolemy.util.test.junit.AutoTests" name="[3] /home/travis/build/icyphy/ptII/ptolemy/domains/de/test/auto/CancelFireAt.xml (RunModel)" time="0.015" />
  <testcase classname="ptolemy.util.test.junit.AutoTests" name="[4] /home/travis/build/icyphy/ptII/ptolemy/domains/de/test/auto/CausalityAndComposabilityAnalysis.xml (RunModel)" time="0.01" />
  <testcase classname="ptolemy.util.test.junit.AutoTests" name="[5] /home/travis/build/icyphy/ptII/ptolemy/domains/de/test/auto/CausalityInterface1.xml (RunModel)" time="0.013" />
  <testcase classname="ptolemy.util.test.junit.AutoTests" name="[6] /home/travis/build/icyphy/ptII/ptolemy/domains/de/test/auto/CausalityInterface15.xml (RunModel)" time="0.012" />
  <testcase classname="ptolemy.util.test.junit.AutoTests" name="[7] /home/travis/build/icyphy/ptII/ptolemy/domains/de/test/auto/CausalityInterface2.xml (RunModel)" time="0.009" />
  <testcase classname="ptolemy.util.test.junit.AutoTests" name="[8] /home/travis/build/icyphy/ptII/ptolemy/domains/de/test/auto/CausalityInterface3.xml (RunModel)" time="0.01" />
  <testcase classname="ptolemy.util.test.junit.AutoTests" name="[9] /home/travis/build/icyphy/ptII/ptolemy/domains/de/test/auto/ClockDrift.xml (RunModel)" time="0.032" />
  <testcase classname="ptolemy.util.test.junit.AutoTests" name="[10] /home/travis/build/icyphy/ptII/ptolemy/domains/de/test/auto/ClockDriftAndValueChange.xml (RunModel)" time="0.03" />
  <testcase classname="ptolemy.util.test.junit.AutoTests" name="[11] /home/travis/build/icyphy/ptII/ptolemy/domains/de/test/auto/ClockDriftChange.xml (RunModel)" time="0.027" />
  <testcase classname="ptolemy.util.test.junit.AutoTests" name="[12] /home/travis/build/icyphy/ptII/ptolemy/domains/de/test/auto/ComposableCausalityAnalysis.xml (RunModel)" time="0.015" />
  <testcase classname="ptolemy.util.test.junit.AutoTests" name="[13] /home/travis/build/icyphy/ptII/ptolemy/domains/de/test/auto/DEFixedPointLimitation.xml (RunModel)" time="0.012" />
  <testcase classname="ptolemy.util.test.junit.AutoTests" name="[14] /home/travis/build/icyphy/ptII/ptolemy/domains/de/test/auto/DEScheduleTest.xml (RunModel)" time="0.01" />
  <testcase classname="ptolemy.util.test.junit.AutoTests" name="[15] /home/travis/build/icyphy/ptII/ptolemy/domains/de/test/auto/DEinDEwithStartTimes.xml (RunModel)" time="0.013" />
  <testcase classname="ptolemy.util.test.junit.AutoTests" name="[16] /home/travis/build/icyphy/ptII/ptolemy/domains/de/test/auto/DEinDEwithStartTimes2.xml (RunModel)" time="0.026" />
  <testcase classname="ptolemy.util.test.junit.AutoTests" name="[17] /home/travis/build/icyphy/ptII/ptolemy/domains/de/test/auto/DateDemo.xml (RunModel)" time="0.031" />
  <testcase classname="ptolemy.util.test.junit.AutoTests" name="[18] /home/travis/build/icyphy/ptII/ptolemy/domains/de/test/auto/DateToEvent.xml (RunModel)" time="2.04" />
  <testcase classname="ptolemy.util.test.junit.AutoTests" name="[19] /home/travis/build/icyphy/ptII/ptolemy/domains/de/test/auto/DepthTest1.xml (RunModel)" time="0.009" />
  <testcase classname="ptolemy.util.test.junit.AutoTests" name="[20] /home/travis/build/icyphy/ptII/ptolemy/domains/de/test/auto/DepthTest2.xml (RunModel)" time="0.018" />
  <testcase classname="ptolemy.util.test.junit.AutoTests" name="[21] /home/travis/build/icyphy/ptII/ptolemy/domains/de/test/auto/DepthTest3.xml (RunModel)" time="0.006" />
  <testcase classname="ptolemy.util.test.junit.AutoTests" name="[22] /home/travis/build/icyphy/ptII/ptolemy/domains/de/test/auto/DepthTest4.xml (RunModel)" time="0.012" />
  <testcase classname="ptolemy.util.test.junit.AutoTests" name="[23] /home/travis/build/icyphy/ptII/ptolemy/domains/de/test/auto/DepthTest5.xml (RunModel)" time="0.012" />
  <testcase classname="ptolemy.util.test.junit.AutoTests" name="[24] /home/travis/build/icyphy/ptII/ptolemy/domains/de/test/auto/DepthTest6.xml (RunModel)" time="0.012" />
  <testcase classname="ptolemy.util.test.junit.AutoTests" name="[25] /home/travis/build/icyphy/ptII/ptolemy/domains/de/test/auto/DepthTest7.xml (RunModel)" time="0.01" />
  <testcase classname="ptolemy.util.test.junit.AutoTests" name="[26] /home/travis/build/icyphy/ptII/ptolemy/domains/de/test/auto/EventToDate.xml (RunModel)" time="3.032" />
  <testcase classname="ptolemy.util.test.junit.AutoTests" name="[27] /home/travis/build/icyphy/ptII/ptolemy/domains/de/test/auto/FSM1.xml (RunModel)" time="0.035" />
  <testcase classname="ptolemy.util.test.junit.AutoTests" name="[28] /home/travis/build/icyphy/ptII/ptolemy/domains/de/test/auto/FSM7.xml (RunModel)" time="0.041" />
  <testcase classname="ptolemy.util.test.junit.AutoTests" name="[29] /home/travis/build/icyphy/ptII/ptolemy/domains/de/test/auto/Inspection.xml (RunModel)" time="0.047" />
  <testcase classname="ptolemy.util.test.junit.AutoTests" name="[30] /home/travis/build/icyphy/ptII/ptolemy/domains/de/test/auto/Iteration.xml (RunModel)" time="0.027" />
  <testcase classname="ptolemy.util.test.junit.AutoTests" name="[31] /home/travis/build/icyphy/ptII/ptolemy/domains/de/test/auto/LineFault.xml (RunModel)" time="0.535" />
  <testcase classname="ptolemy.util.test.junit.AutoTests" name="[32] /home/travis/build/icyphy/ptII/ptolemy/domains/de/test/auto/MergeModel1Add.xml (RunModel)" time="0.041" />
  <testcase classname="ptolemy.util.test.junit.AutoTests" name="[33] /home/travis/build/icyphy/ptII/ptolemy/domains/de/test/auto/MergeModel2Add.xml (RunModel)" time="0.037" />
  <testcase classname="ptolemy.util.test.junit.AutoTests" name="[34] /home/travis/build/icyphy/ptII/ptolemy/domains/de/test/auto/MergeModel3Add.xml (RunModel)" time="0.032" />
  <testcase classname="ptolemy.util.test.junit.AutoTests" name="[35] /home/travis/build/icyphy/ptII/ptolemy/domains/de/test/auto/MergeWithoutDiscard.xml (RunModel)" time="0.01" />
  <testcase classname="ptolemy.util.test.junit.AutoTests" name="[36] /home/travis/build/icyphy/ptII/ptolemy/domains/de/test/auto/Modal1.xml (RunModel)" time="0.037" />
  <testcase classname="ptolemy.util.test.junit.AutoTests" name="[37] /home/travis/build/icyphy/ptII/ptolemy/domains/de/test/auto/Modal2.xml (RunModel)" time="0.03" />
  <testcase classname="ptolemy.util.test.junit.AutoTests" name="[38] /home/travis/build/icyphy/ptII/ptolemy/domains/de/test/auto/Modal3.xml (RunModel)" time="0.027" />
  <testcase classname="ptolemy.util.test.junit.AutoTests" name="[39] /home/travis/build/icyphy/ptII/ptolemy/domains/de/test/auto/Modal4.xml (RunModel)" time="0.029" />
  <testcase classname="ptolemy.util.test.junit.AutoTests" name="[40] /home/travis/build/icyphy/ptII/ptolemy/domains/de/test/auto/Modal5.xml (RunModel)" time="0.026" />
  <testcase classname="ptolemy.util.test.junit.AutoTests" name="[41] /home/travis/build/icyphy/ptII/ptolemy/domains/de/test/auto/Modal6.xml (RunModel)" time="0.026" />
  <testcase classname="ptolemy.util.test.junit.AutoTests" name="[42] /home/travis/build/icyphy/ptII/ptolemy/domains/de/test/auto/Modal7.xml (RunModel)" time="0.026" />
  <testcase classname="ptolemy.util.test.junit.AutoTests" name="[43] /home/travis/build/icyphy/ptII/ptolemy/domains/de/test/auto/ModalModel.xml (RunModel)" time="0.143" />
  <testcase classname="ptolemy.util.test.junit.AutoTests" name="[44] /home/travis/build/icyphy/ptII/ptolemy/domains/de/test/auto/ModalSource.xml (RunModel)" time="0.017" />
  <testcase classname="ptolemy.util.test.junit.AutoTests" name="[45] /home/travis/build/icyphy/ptII/ptolemy/domains/de/test/auto/NonInterruptibleTimerZeroDelay.xml (RunModel)" time="0.008" />
  <testcase classname="ptolemy.util.test.junit.AutoTests" name="[46] /home/travis/build/icyphy/ptII/ptolemy/domains/de/test/auto/OpenQueueingNetwork.xml (RunModel)" time="2.243" />
  <testcase classname="ptolemy.util.test.junit.AutoTests" name="[47] /home/travis/build/icyphy/ptII/ptolemy/domains/de/test/auto/OpenQueuingNetwork.xml (RunModel)" time="0.255" />
  <testcase classname="ptolemy.util.test.junit.AutoTests" name="[48] /home/travis/build/icyphy/ptII/ptolemy/domains/de/test/auto/PeriodicSampler.xml (RunModel)" time="0.011" />
  <testcase classname="ptolemy.util.test.junit.AutoTests" name="[49] /home/travis/build/icyphy/ptII/ptolemy/domains/de/test/auto/PersistentIO.xml (RunModel)" time="0.021" />
  <testcase classname="ptolemy.util.test.junit.AutoTests" name="[50] /home/travis/build/icyphy/ptII/ptolemy/domains/de/test/auto/PortParameterResetOnInitialize.xml (RunModel)" time="0.01" />
  <testcase classname="ptolemy.util.test.junit.AutoTests" name="[51] /home/travis/build/icyphy/ptII/ptolemy/domains/de/test/auto/PortParameterUpdates.xml (RunModel)" time="0.014" />
  <testcase classname="ptolemy.util.test.junit.AutoTests" name="[52] /home/travis/build/icyphy/ptII/ptolemy/domains/de/test/auto/QueueAndServer.xml (RunModel)" time="0.022" />
  <testcase classname="ptolemy.util.test.junit.AutoTests" name="[53] /home/travis/build/icyphy/ptII/ptolemy/domains/de/test/auto/Records.xml (RunModel)" time="0.018" />
  <testcase classname="ptolemy.util.test.junit.AutoTests" name="[54] /home/travis/build/icyphy/ptII/ptolemy/domains/de/test/auto/ResetTransitionWithStartTime1.xml (RunModel)" time="0.018" />
  <testcase classname="ptolemy.util.test.junit.AutoTests" name="[55] /home/travis/build/icyphy/ptII/ptolemy/domains/de/test/auto/ResetTransitionWithStartTime2.xml (RunModel)" time="0.017" />
  <testcase classname="ptolemy.util.test.junit.AutoTests" name="[56] /home/travis/build/icyphy/ptII/ptolemy/domains/de/test/auto/ResetTransitionWithStartTime3.xml (RunModel)" time="0.02" />
  <testcase classname="ptolemy.util.test.junit.AutoTests" name="[57] /home/travis/build/icyphy/ptII/ptolemy/domains/de/test/auto/ResetTransitionWithStartTime4.xml (RunModel)" time="0.018" />
  <testcase classname="ptolemy.util.test.junit.AutoTests" name="[58] /home/travis/build/icyphy/ptII/ptolemy/domains/de/test/auto/ResettableTimer1.xml (RunModel)" time="0.009" />
  <testcase classname="ptolemy.util.test.junit.AutoTests" name="[59] /home/travis/build/icyphy/ptII/ptolemy/domains/de/test/auto/ResettableTimer2.xml (RunModel)" time="0.008" />
  <testcase classname="ptolemy.util.test.junit.AutoTests" name="[60] /home/travis/build/icyphy/ptII/ptolemy/domains/de/test/auto/ResettableTimer3.xml (RunModel)" time="0.009" />
  <testcase classname="ptolemy.util.test.junit.AutoTests" name="[61] /home/travis/build/icyphy/ptII/ptolemy/domains/de/test/auto/ResettableTimer4.xml (RunModel)" time="0.01" />
  <testcase classname="ptolemy.util.test.junit.AutoTests" name="[62] /home/travis/build/icyphy/ptII/ptolemy/domains/de/test/auto/ResettableTimer5.xml (RunModel)" time="0.009" />
  <testcase classname="ptolemy.util.test.junit.AutoTests" name="[63] /home/travis/build/icyphy/ptII/ptolemy/domains/de/test/auto/ResettableTimer6.xml (RunModel)" time="0.017" />
  <testcase classname="ptolemy.util.test.junit.AutoTests" name="[64] /home/travis/build/icyphy/ptII/ptolemy/domains/de/test/auto/ServerZeroDelay.xml (RunModel)" time="0.011" />
  <testcase classname="ptolemy.util.test.junit.AutoTests" name="[65] /home/travis/build/icyphy/ptII/ptolemy/domains/de/test/auto/SmartSender.xml (RunModel)" time="3.008" />
  <testcase classname="ptolemy.util.test.junit.AutoTests" name="[66] /home/travis/build/icyphy/ptII/ptolemy/domains/de/test/auto/ThreadedComposite.xml (RunModel)" time="0.132" />
  <testcase classname="ptolemy.util.test.junit.AutoTests" name="[67] /home/travis/build/icyphy/ptII/ptolemy/domains/de/test/auto/Time.xml (RunModel)" time="0.406" />
  <testcase classname="ptolemy.util.test.junit.AutoTests" name="[68] /home/travis/build/icyphy/ptII/ptolemy/domains/de/test/auto/TimeDelayZeroDelay.xml (RunModel)" time="0.011" />
  <testcase classname="ptolemy.util.test.junit.AutoTests" name="[69] /home/travis/build/icyphy/ptII/ptolemy/domains/de/test/auto/TimerZeroDelay.xml (RunModel)" time="0.014" />
  <testcase classname="ptolemy.util.test.junit.AutoTests" name="[70] /home/travis/build/icyphy/ptII/ptolemy/domains/de/test/auto/TimingParadox.xml (RunModel)" time="0.342" />
  <testcase classname="ptolemy.util.test.junit.AutoTests" name="[71] /home/travis/build/icyphy/ptII/ptolemy/domains/de/test/auto/TransferInputs.xml (RunModel)" time="0.009" />
  <testcase classname="ptolemy.util.test.junit.AutoTests" name="[72] /home/travis/build/icyphy/ptII/ptolemy/domains/de/test/auto/TransferOutputs2.xml (RunModel)" time="0.017" />
  <testcase classname="ptolemy.util.test.junit.AutoTests" name="[73] /home/travis/build/icyphy/ptII/ptolemy/domains/de/test/auto/Trilateration.xml (RunModel)" time="11.326" />
  <testcase classname="ptolemy.util.test.junit.AutoTests" name="[74] /home/travis/build/icyphy/ptII/ptolemy/domains/de/test/auto/TwoSigmaDelta.xml (RunModel)" time="2.032" />
  <testcase classname="ptolemy.util.test.junit.AutoTests" name="[75] /home/travis/build/icyphy/ptII/ptolemy/domains/de/test/auto/VariableDelay.xml (RunModel)" time="0.017" />
  <testcase classname="ptolemy.util.test.junit.AutoTests" name="[76] /home/travis/build/icyphy/ptII/ptolemy/domains/de/test/auto/VariableDelay2.xml (RunModel)" time="0.008" />
  <testcase classname="ptolemy.util.test.junit.AutoTests" name="[77] /home/travis/build/icyphy/ptII/ptolemy/domains/de/test/auto/VariableDelayZeroDelay.xml (RunModel)" time="0.01" />
  <testcase classname="ptolemy.util.test.junit.AutoTests" name="[78] /home/travis/build/icyphy/ptII/ptolemy/domains/de/test/auto/VariableDelayZeroDelay2.xml (RunModel)" time="0.024" />
  <testcase classname="ptolemy.util.test.junit.AutoTests" name="[79] /home/travis/build/icyphy/ptII/ptolemy/domains/de/test/auto/deInCt.xml (RunModel)" time="0.016" />
  <testcase classname="ptolemy.util.test.junit.AutoTests" name="[80] /home/travis/build/icyphy/ptII/ptolemy/domains/de/test/auto/deInCt2.xml (RunModel)" time="0.021" />
  <testcase classname="ptolemy.util.test.junit.AutoTests" name="[81] /home/travis/build/icyphy/ptII/ptolemy/domains/de/test/auto/dynamicCausalityInterface1.xml (RunModel)" time="0.017" />
  <testcase classname="ptolemy.util.test.junit.AutoTests" name="[82] /home/travis/build/icyphy/ptII/ptolemy/domains/de/test/auto/fsm_de_test.xml (RunModel)" time="0.027" />
  <testcase classname="ptolemy.util.test.junit.AutoTests" name="[83] /home/travis/build/icyphy/ptII/ptolemy/domains/de/test/auto/functionDependencyReconstruction.xml (RunModel)" time="0.029" />
  <testcase classname="ptolemy.util.test.junit.AutoTests" name="[84] /home/travis/build/icyphy/ptII/ptolemy/domains/de/test/auto/multirate.xml (RunModel)" time="0.017" />
  <testcase classname="ptolemy.util.test.junit.AutoTests" name="[85] /home/travis/build/icyphy/ptII/ptolemy/domains/de/test/auto/multirate2.xml (RunModel)" time="0.014" />
  <testcase classname="ptolemy.util.test.junit.AutoTests" name="[86] /home/travis/build/icyphy/ptII/ptolemy/domains/de/test/auto/realtime.xml (RunModel)" time="10.01" />
  <testcase classname="ptolemy.util.test.junit.AutoTests" name="[87] /home/travis/build/icyphy/ptII/ptolemy/domains/de/test/auto/relationGroup.xml (RunModel)" time="0.007" />
  <testcase classname="ptolemy.util.test.junit.AutoTests" name="[88] /home/travis/build/icyphy/ptII/ptolemy/domains/de/test/auto/relationGroup2.xml (RunModel)" time="0.006" />
  <testcase classname="ptolemy.util.test.junit.AutoTests" name="[89] /home/travis/build/icyphy/ptII/ptolemy/domains/de/test/auto/sortWithOpaquePorts.xml (RunModel)" time="0.006" />
  <testcase classname="ptolemy.util.test.junit.AutoTests" name="[90] /home/travis/build/icyphy/ptII/ptolemy/domains/de/test/auto/transferInputsandOutputs.xml (RunModel)" time="0.011" />
  <testcase classname="ptolemy.util.test.junit.AutoTests" name="[91] /home/travis/build/icyphy/ptII/ptolemy/domains/de/test/auto/triggerType.xml (RunModel)" time="0.006" />
  <system-out><![CDATA[/home/travis/build/icyphy/ptII/ptolemy/domains/de/test/DependencyLoop.tcl
testDefs.tcl: setting time out to 9000 seconds at Sat May 11 04:17:00 UTC 2019
15 ms. Memory: 116224K Free: 97654K (84%)
28 ms. Memory: 146944K Free: 142435K (97%)
/home/travis/build/icyphy/ptII/ptolemy/domains/de/test/RunDETestsAsQSS.tcl
Run the DE tests using ptolemy.domains.qss.test.QSSDirectorTest, which extends QSSDirector and prints a message in the constructors.
------------------ testing $PTII/ptolemy/domains/de/test/auto/knownFailedTests/dependencyLoop.xml (Known Failure) 
7 ms. Memory: 146944K Free: 136962K (93%)


==== $PTIIhome/travis/build/icyphy/ptII/ptolemy/domains/de/test/../../../../: Auto Automatic test in file $PTII/ptolemy/domains/de/test/auto/knownFailedTests/dependencyLoop.xml
==== Contents of test case:

	    # FIXME: we should use $relativeFilename here, but it
	    # might have backslashes under Windows, which causes no end
	    # of trouble.
	    createAndExecute $file
	    list {}
	
.... Test generated KNOWN error:
    while executing
ptolemy.kernel.util.IllegalActionException: Found a zero delay loop containing .dependencyLoop.original
  in .dependencyLoop and .dependencyLoop.original
	at ptolemy.actor.util.CausalityInterfaceForComposites._computeOutputPortDepth(CausalityInterfaceForComposites.java:759)
	at ptolemy.actor.util.CausalityInterfaceForComposites._computeInputDepth(CausalityInterfaceForComposites.java:696)
	at ptolemy.actor.util.CausalityInterfaceForComposites._computeOutputPortDepth(CausalityInterfaceForComposites.java:765)
	at ptolemy.actor.util.CausalityInterfaceForComposites._computeInputDepth(CausalityInterfaceForComposites.java:696)
	at ptolemy.actor.util.CausalityInterfaceForComposites._computeOutputPortDepth(CausalityInterfaceForComposites.java:765)
	at ptolemy.actor.util.CausalityInterfaceForComposites._computeInputDepth(CausalityInterfaceForComposites.java:696)
	at ptolemy.actor.util.CausalityInterfaceForComposites._computeActorDepth(CausalityInterfaceForComposites.java:532)
	at ptolemy.actor.util.CausalityInterfaceForComposites.checkForCycles(CausalityInterfaceForComposites.java:96)
	at ptolemy.domains.de.kernel.DEDirector.preinitialize(DEDirector.java:1338)
	at ptolemy.actor.CompositeActor.preinitialize(CompositeActor.java:1828)
	at ptolemy.actor.Manager.preinitializeAndResolveTypes(Manager.java:1040)
	at ptolemy.actor.Manager.initialize(Manager.java:710)
	at ptolemy.actor.Manager.execute(Manager.java:356)
	at ptolemy.actor.Manager.run(Manager.java:1263)
	at ptolemy.actor.Manager$PtolemyRunThread.run(Manager.java:1915)

    while executing
ptolemy.kernel.util.IllegalActionException: Found a zero delay loop containing .dependencyLoop.original
  in .dependencyLoop and .dependencyLoop.original
    while executing
"java::new ptolemy.moml.MoMLSimpleApplication $file
"
    (procedure "createAndExecute" line 2)
    invoked from within
"createAndExecute $file"
    ("uplevel" body line 5)
    invoked from within
"uplevel $contents_of_test"
------------------ testing $PTII/ptolemy/domains/de/test/auto/knownFailedTests/DESDFClockTest.xml (Known Failure) 
2073 ms. Memory: 146944K Free: 121403K (83%)


==== $PTIIhome/travis/build/icyphy/ptII/ptolemy/domains/de/test/../../../../: Auto Automatic test in file $PTII/ptolemy/domains/de/test/auto/knownFailedTests/DESDFClockTest.xml
==== Contents of test case:

	    # FIXME: we should use $relativeFilename here, but it
	    # might have backslashes under Windows, which causes no end
	    # of trouble.
	    createAndExecute $file
	    list {}
	
.... Test generated KNOWN error:
    while executing
ptolemy.kernel.util.IllegalActionException: Actor is not ready to fire.  Perhaps UpSample.prefire() returned false? Try debugging the actor by selecting "Listen to Actor".  Also, for SDF check moml for tokenConsumptionRate on input.
  in .DESDFClockTest.Play Bell.Copy1:SDF Director and .DESDFClockTest.Play Bell.UpSample
	at ptolemy.actor.sched.StaticSchedulingDirector.fire(StaticSchedulingDirector.java:227)
	at ptolemy.domains.sdf.kernel.SDFDirector.fire(SDFDirector.java:500)
	at ptolemy.actor.CompositeActor.fire(CompositeActor.java:455)
	at ptolemy.domains.de.kernel.DEDirector._fire(DEDirector.java:1949)
	at ptolemy.domains.de.kernel.DEDirector.fire(DEDirector.java:502)
	at ptolemy.actor.CompositeActor.fire(CompositeActor.java:455)
	at ptolemy.actor.Manager.iterate(Manager.java:851)
	at ptolemy.actor.Manager.execute(Manager.java:369)
	at ptolemy.actor.Manager.run(Manager.java:1263)
	at ptolemy.actor.Manager$PtolemyRunThread.run(Manager.java:1915)

    while executing
ptolemy.kernel.util.IllegalActionException: Actor is not ready to fire.  Perhaps UpSample.prefire() returned false? Try debugging the actor by selecting "Listen to Actor".  Also, for SDF check moml for tokenConsumptionRate on input.
  in .DESDFClockTest.Play Bell.Copy1:SDF Director and .DESDFClockTest.Play Bell.UpSample
    while executing
"java::new ptolemy.moml.MoMLSimpleApplication $file
"
    (procedure "createAndExecute" line 2)
    invoked from within
"createAndExecute $file"
    ("uplevel" body line 5)
    invoked from within
"uplevel $contents_of_test"
------------------ testing $PTII/ptolemy/domains/de/test/auto/knownFailedTests/FSMSource.xml (Known Failure) 
21 ms. Memory: 146944K Free: 112555K (77%)
!!!! Auto was marked as failing, but now passes
------------------ testing $PTII/ptolemy/domains/de/test/auto/knownFailedTests/dependencyLoop2.xml (Known Failure) 
6 ms. Memory: 146944K Free: 110672K (75%)


==== $PTIIhome/travis/build/icyphy/ptII/ptolemy/domains/de/test/../../../../: Auto Automatic test in file $PTII/ptolemy/domains/de/test/auto/knownFailedTests/dependencyLoop2.xml
==== Contents of test case:

	    # FIXME: we should use $relativeFilename here, but it
	    # might have backslashes under Windows, which causes no end
	    # of trouble.
	    createAndExecute $file
	    list {}
	
.... Test generated KNOWN error:
    while executing
ptolemy.kernel.util.IllegalActionException: Found a zero delay loop containing .dependencyLoop2.original
  in .dependencyLoop2 and .dependencyLoop2.original
	at ptolemy.actor.util.CausalityInterfaceForComposites._computeOutputPortDepth(CausalityInterfaceForComposites.java:759)
	at ptolemy.actor.util.CausalityInterfaceForComposites._computeInputDepth(CausalityInterfaceForComposites.java:696)
	at ptolemy.actor.util.CausalityInterfaceForComposites._computeOutputPortDepth(CausalityInterfaceForComposites.java:765)
	at ptolemy.actor.util.CausalityInterfaceForComposites._computeInputDepth(CausalityInterfaceForComposites.java:696)
	at ptolemy.actor.util.CausalityInterfaceForComposites._computeOutputPortDepth(CausalityInterfaceForComposites.java:765)
	at ptolemy.actor.util.CausalityInterfaceForComposites._computeInputDepth(CausalityInterfaceForComposites.java:696)
	at ptolemy.actor.util.CausalityInterfaceForComposites._computeActorDepth(CausalityInterfaceForComposites.java:532)
	at ptolemy.actor.util.CausalityInterfaceForComposites.checkForCycles(CausalityInterfaceForComposites.java:96)
	at ptolemy.domains.de.kernel.DEDirector.preinitialize(DEDirector.java:1338)
	at ptolemy.actor.CompositeActor.preinitialize(CompositeActor.java:1828)
	at ptolemy.actor.Manager.preinitializeAndResolveTypes(Manager.java:1040)
	at ptolemy.actor.Manager.initialize(Manager.java:710)
	at ptolemy.actor.Manager.execute(Manager.java:356)
	at ptolemy.actor.Manager.run(Manager.java:1263)
	at ptolemy.actor.Manager$PtolemyRunThread.run(Manager.java:1915)

    while executing
ptolemy.kernel.util.IllegalActionException: Found a zero delay loop containing .dependencyLoop2.original
  in .dependencyLoop2 and .dependencyLoop2.original
    while executing
"java::new ptolemy.moml.MoMLSimpleApplication $file
"
    (procedure "createAndExecute" line 2)
    invoked from within
"createAndExecute $file"
    ("uplevel" body line 5)
    invoked from within
"uplevel $contents_of_test"
------------------ testing $PTII/ptolemy/domains/de/test/auto/knownFailedTests/HierarchicalModel.xml (Known Failure) 
9 ms. Memory: 146944K Free: 90569K (62%)


==== $PTIIhome/travis/build/icyphy/ptII/ptolemy/domains/de/test/../../../../: Auto Automatic test in file $PTII/ptolemy/domains/de/test/auto/knownFailedTests/HierarchicalModel.xml
==== Contents of test case:

	    # FIXME: we should use $relativeFilename here, but it
	    # might have backslashes under Windows, which causes no end
	    # of trouble.
	    createAndExecute $file
	    list {}
	
.... Test generated KNOWN error:
    while executing
ptolemy.kernel.util.IllegalActionException: Found a zero delay loop containing .HierarchicalModel.A
  in .HierarchicalModel and .HierarchicalModel.A
	at ptolemy.actor.util.CausalityInterfaceForComposites._computeOutputPortDepth(CausalityInterfaceForComposites.java:759)
	at ptolemy.actor.util.CausalityInterfaceForComposites._computeInputDepth(CausalityInterfaceForComposites.java:696)
	at ptolemy.actor.util.CausalityInterfaceForComposites._computeOutputPortDepth(CausalityInterfaceForComposites.java:765)
	at ptolemy.actor.util.CausalityInterfaceForComposites._computeInputDepth(CausalityInterfaceForComposites.java:696)
	at ptolemy.actor.util.CausalityInterfaceForComposites._computeOutputPortDepth(CausalityInterfaceForComposites.java:765)
	at ptolemy.actor.util.CausalityInterfaceForComposites._computeInputDepth(CausalityInterfaceForComposites.java:696)
	at ptolemy.actor.util.CausalityInterfaceForComposites._computeActorDepth(CausalityInterfaceForComposites.java:532)
	at ptolemy.actor.util.CausalityInterfaceForComposites.checkForCycles(CausalityInterfaceForComposites.java:96)
	at ptolemy.domains.de.kernel.DEDirector.preinitialize(DEDirector.java:1338)
	at ptolemy.actor.CompositeActor.preinitialize(CompositeActor.java:1828)
	at ptolemy.actor.Manager.preinitializeAndResolveTypes(Manager.java:1040)
	at ptolemy.actor.Manager.initialize(Manager.java:710)
	at ptolemy.actor.Manager.execute(Manager.java:356)
	at ptolemy.actor.Manager.run(Manager.java:1263)
	at ptolemy.actor.Manager$PtolemyRunThread.run(Manager.java:1915)

    while executing
ptolemy.kernel.util.IllegalActionException: Found a zero delay loop containing .HierarchicalModel.A
  in .HierarchicalModel and .HierarchicalModel.A
    while executing
"java::new ptolemy.moml.MoMLSimpleApplication $file
"
    (procedure "createAndExecute" line 2)
    invoked from within
"createAndExecute $file"
    ("uplevel" body line 5)
    invoked from within
"uplevel $contents_of_test"
------------------ testing $PTII/ptolemy/domains/de/test/auto/knownFailedTests/DirectFeedback.xml (Known Failure) 
5 ms. Memory: 146944K Free: 86463K (59%)


==== $PTIIhome/travis/build/icyphy/ptII/ptolemy/domains/de/test/../../../../: Auto Automatic test in file $PTII/ptolemy/domains/de/test/auto/knownFailedTests/DirectFeedback.xml
==== Contents of test case:

	    # FIXME: we should use $relativeFilename here, but it
	    # might have backslashes under Windows, which causes no end
	    # of trouble.
	    createAndExecute $file
	    list {}
	
.... Test generated KNOWN error:
    while executing
ptolemy.kernel.util.IllegalActionException: Test fails in iteration 1.
Value was: 1.0. Should have been: 2.0
  in .DirectFeedback.Test
	at ptolemy.actor.lib.Test.fire(Test.java:268)
	at ptolemy.domains.de.kernel.DEDirector._fire(DEDirector.java:1949)
	at ptolemy.domains.de.kernel.DEDirector.fire(DEDirector.java:502)
	at ptolemy.actor.CompositeActor.fire(CompositeActor.java:455)
	at ptolemy.actor.Manager.iterate(Manager.java:851)
	at ptolemy.actor.Manager.execute(Manager.java:369)
	at ptolemy.actor.Manager.run(Manager.java:1263)
	at ptolemy.actor.Manager$PtolemyRunThread.run(Manager.java:1915)

    while executing
ptolemy.kernel.util.IllegalActionException: Test fails in iteration 1.
Value was: 1.0. Should have been: 2.0
  in .DirectFeedback.Test
    while executing
"java::new ptolemy.moml.MoMLSimpleApplication $file
"
    (procedure "createAndExecute" line 2)
    invoked from within
"createAndExecute $file"
    ("uplevel" body line 5)
    invoked from within
"uplevel $contents_of_test"
------------------ testing $PTII/ptolemy/domains/de/test/auto/ActorDepthCalculation_actorWithoutPorts.xml
auto.tcl: Setting watchdog for 200 seconds at Sat May 11 04:17:04 UTC 2019
8 ms. Memory: 146944K Free: 138680K (94%)
ptolemy.util.test.WatchDog.cancel(): canceling Sat May 11 04:17:04 UTC 2019
auto.tcl: Setting watchdog for 200 seconds at Sat May 11 04:17:04 UTC 2019
6 ms. Memory: 146944K Free: 137660K (94%)
ptolemy.util.test.WatchDog.cancel(): canceling Sat May 11 04:17:04 UTC 2019
------------------ testing $PTII/ptolemy/domains/de/test/auto/AssemblyLine.xml
auto.tcl: Setting watchdog for 200 seconds at Sat May 11 04:17:04 UTC 2019
19 ms. Memory: 208384K Free: 183395K (88%)
ptolemy.util.test.WatchDog.cancel(): canceling Sat May 11 04:17:04 UTC 2019
auto.tcl: Setting watchdog for 200 seconds at Sat May 11 04:17:04 UTC 2019
8 ms. Memory: 208384K Free: 183395K (88%)
ptolemy.util.test.WatchDog.cancel(): canceling Sat May 11 04:17:04 UTC 2019
------------------ testing $PTII/ptolemy/domains/de/test/auto/CQBug1.xml
auto.tcl: Setting watchdog for 200 seconds at Sat May 11 04:17:04 UTC 2019
3 ms. Memory: 208384K Free: 197901K (95%)
ptolemy.util.test.WatchDog.cancel(): canceling Sat May 11 04:17:04 UTC 2019
auto.tcl: Setting watchdog for 200 seconds at Sat May 11 04:17:04 UTC 2019
1 ms. Memory: 208384K Free: 197901K (95%)
ptolemy.util.test.WatchDog.cancel(): canceling Sat May 11 04:17:04 UTC 2019
------------------ testing $PTII/ptolemy/domains/de/test/auto/CancelFireAt.xml
auto.tcl: Setting watchdog for 200 seconds at Sat May 11 04:17:04 UTC 2019
4 ms. Memory: 208384K Free: 201561K (97%)
ptolemy.util.test.WatchDog.cancel(): canceling Sat May 11 04:17:04 UTC 2019
auto.tcl: Setting watchdog for 200 seconds at Sat May 11 04:17:04 UTC 2019
3 ms. Memory: 208384K Free: 199519K (96%)
ptolemy.util.test.WatchDog.cancel(): canceling Sat May 11 04:17:04 UTC 2019
------------------ testing $PTII/ptolemy/domains/de/test/auto/CausalityAndComposabilityAnalysis.xml
auto.tcl: Setting watchdog for 200 seconds at Sat May 11 04:17:04 UTC 2019
8 ms. Memory: 208384K Free: 199116K (96%)
ptolemy.util.test.WatchDog.cancel(): canceling Sat May 11 04:17:04 UTC 2019
auto.tcl: Setting watchdog for 200 seconds at Sat May 11 04:17:04 UTC 2019
9 ms. Memory: 208384K Free: 196555K (94%)
ptolemy.util.test.WatchDog.cancel(): canceling Sat May 11 04:17:04 UTC 2019
------------------ testing $PTII/ptolemy/domains/de/test/auto/CausalityInterface1.xml
auto.tcl: Setting watchdog for 200 seconds at Sat May 11 04:17:05 UTC 2019
18 ms. Memory: 208384K Free: 196493K (94%)
ptolemy.util.test.WatchDog.cancel(): canceling Sat May 11 04:17:05 UTC 2019
auto.tcl: Setting watchdog for 200 seconds at Sat May 11 04:17:05 UTC 2019
4 ms. Memory: 208384K Free: 196493K (94%)
ptolemy.util.test.WatchDog.cancel(): canceling Sat May 11 04:17:05 UTC 2019
------------------ testing $PTII/ptolemy/domains/de/test/auto/CausalityInterface15.xml
auto.tcl: Setting watchdog for 200 seconds at Sat May 11 04:17:05 UTC 2019
8 ms. Memory: 208384K Free: 196451K (94%)
ptolemy.util.test.WatchDog.cancel(): canceling Sat May 11 04:17:05 UTC 2019
auto.tcl: Setting watchdog for 200 seconds at Sat May 11 04:17:05 UTC 2019
6 ms. Memory: 208384K Free: 196451K (94%)
ptolemy.util.test.WatchDog.cancel(): canceling Sat May 11 04:17:05 UTC 2019
------------------ testing $PTII/ptolemy/domains/de/test/auto/CausalityInterface2.xml
auto.tcl: Setting watchdog for 200 seconds at Sat May 11 04:17:05 UTC 2019
4 ms. Memory: 208384K Free: 196466K (94%)
ptolemy.util.test.WatchDog.cancel(): canceling Sat May 11 04:17:05 UTC 2019
auto.tcl: Setting watchdog for 200 seconds at Sat May 11 04:17:05 UTC 2019
3 ms. Memory: 208384K Free: 196466K (94%)
ptolemy.util.test.WatchDog.cancel(): canceling Sat May 11 04:17:05 UTC 2019
------------------ testing $PTII/ptolemy/domains/de/test/auto/CausalityInterface3.xml
auto.tcl: Setting watchdog for 200 seconds at Sat May 11 04:17:05 UTC 2019
3 ms. Memory: 208384K Free: 196997K (95%)
ptolemy.util.test.WatchDog.cancel(): canceling Sat May 11 04:17:05 UTC 2019
auto.tcl: Setting watchdog for 200 seconds at Sat May 11 04:17:05 UTC 2019
3 ms. Memory: 208384K Free: 196478K (94%)
ptolemy.util.test.WatchDog.cancel(): canceling Sat May 11 04:17:05 UTC 2019
------------------ testing $PTII/ptolemy/domains/de/test/auto/ClockDrift.xml
auto.tcl: Setting watchdog for 200 seconds at Sat May 11 04:17:05 UTC 2019
60 ms. Memory: 208384K Free: 187885K (90%)
ptolemy.util.test.WatchDog.cancel(): canceling Sat May 11 04:17:05 UTC 2019
auto.tcl: Setting watchdog for 200 seconds at Sat May 11 04:17:05 UTC 2019
55 ms. Memory: 208384K Free: 185843K (89%)
ptolemy.util.test.WatchDog.cancel(): canceling Sat May 11 04:17:05 UTC 2019
------------------ testing $PTII/ptolemy/domains/de/test/auto/ClockDriftAndValueChange.xml
auto.tcl: Setting watchdog for 200 seconds at Sat May 11 04:17:05 UTC 2019
34 ms. Memory: 208384K Free: 189760K (91%)
ptolemy.util.test.WatchDog.cancel(): canceling Sat May 11 04:17:05 UTC 2019
auto.tcl: Setting watchdog for 200 seconds at Sat May 11 04:17:05 UTC 2019
35 ms. Memory: 208384K Free: 185677K (89%)
ptolemy.util.test.WatchDog.cancel(): canceling Sat May 11 04:17:05 UTC 2019
------------------ testing $PTII/ptolemy/domains/de/test/auto/ClockDriftChange.xml
auto.tcl: Setting watchdog for 200 seconds at Sat May 11 04:17:05 UTC 2019
35 ms. Memory: 208384K Free: 190985K (92%)
ptolemy.util.test.WatchDog.cancel(): canceling Sat May 11 04:17:05 UTC 2019
auto.tcl: Setting watchdog for 200 seconds at Sat May 11 04:17:05 UTC 2019
28 ms. Memory: 208384K Free: 188943K (91%)
ptolemy.util.test.WatchDog.cancel(): canceling Sat May 11 04:17:05 UTC 2019
------------------ testing $PTII/ptolemy/domains/de/test/auto/ComposableCausalityAnalysis.xml
auto.tcl: Setting watchdog for 200 seconds at Sat May 11 04:17:06 UTC 2019
3 ms. Memory: 208384K Free: 196335K (94%)
ptolemy.util.test.WatchDog.cancel(): canceling Sat May 11 04:17:06 UTC 2019
auto.tcl: Setting watchdog for 200 seconds at Sat May 11 04:17:06 UTC 2019
1 ms. Memory: 208384K Free: 194293K (93%)
ptolemy.util.test.WatchDog.cancel(): canceling Sat May 11 04:17:06 UTC 2019
------------------ testing $PTII/ptolemy/domains/de/test/auto/DEFixedPointLimitation.xml
auto.tcl: Setting watchdog for 200 seconds at Sat May 11 04:17:06 UTC 2019
3 ms. Memory: 208384K Free: 198457K (95%)
ptolemy.util.test.WatchDog.cancel(): canceling Sat May 11 04:17:06 UTC 2019
auto.tcl: Setting watchdog for 200 seconds at Sat May 11 04:17:06 UTC 2019
2 ms. Memory: 208384K Free: 196415K (94%)
ptolemy.util.test.WatchDog.cancel(): canceling Sat May 11 04:17:06 UTC 2019
------------------ testing $PTII/ptolemy/domains/de/test/auto/DEScheduleTest.xml
auto.tcl: Setting watchdog for 200 seconds at Sat May 11 04:17:06 UTC 2019
3 ms. Memory: 208384K Free: 198493K (95%)
ptolemy.util.test.WatchDog.cancel(): canceling Sat May 11 04:17:06 UTC 2019
auto.tcl: Setting watchdog for 200 seconds at Sat May 11 04:17:06 UTC 2019
6 ms. Memory: 208384K Free: 196451K (94%)
ptolemy.util.test.WatchDog.cancel(): canceling Sat May 11 04:17:06 UTC 2019
------------------ testing $PTII/ptolemy/domains/de/test/auto/DEinDEwithStartTimes.xml
auto.tcl: Setting watchdog for 200 seconds at Sat May 11 04:17:06 UTC 2019
3 ms. Memory: 208384K Free: 196420K (94%)
ptolemy.util.test.WatchDog.cancel(): canceling Sat May 11 04:17:06 UTC 2019
auto.tcl: Setting watchdog for 200 seconds at Sat May 11 04:17:06 UTC 2019
3 ms. Memory: 208384K Free: 196420K (94%)
ptolemy.util.test.WatchDog.cancel(): canceling Sat May 11 04:17:06 UTC 2019
------------------ testing $PTII/ptolemy/domains/de/test/auto/DEinDEwithStartTimes2.xml
auto.tcl: Setting watchdog for 200 seconds at Sat May 11 04:17:06 UTC 2019
5 ms. Memory: 208384K Free: 196400K (94%)
ptolemy.util.test.WatchDog.cancel(): canceling Sat May 11 04:17:06 UTC 2019
auto.tcl: Setting watchdog for 200 seconds at Sat May 11 04:17:06 UTC 2019
4 ms. Memory: 208384K Free: 194358K (93%)
ptolemy.util.test.WatchDog.cancel(): canceling Sat May 11 04:17:06 UTC 2019
------------------ testing $PTII/ptolemy/domains/de/test/auto/DateDemo.xml
auto.tcl: Setting watchdog for 200 seconds at Sat May 11 04:17:06 UTC 2019
12 ms. Memory: 208384K Free: 189019K (91%)
ptolemy.util.test.WatchDog.cancel(): canceling Sat May 11 04:17:06 UTC 2019
auto.tcl: Setting watchdog for 200 seconds at Sat May 11 04:17:06 UTC 2019
10 ms. Memory: 208384K Free: 186977K (90%)
ptolemy.util.test.WatchDog.cancel(): canceling Sat May 11 04:17:06 UTC 2019
------------------ testing $PTII/ptolemy/domains/de/test/auto/DateToEvent.xml
auto.tcl: Setting watchdog for 200 seconds at Sat May 11 04:17:06 UTC 2019
2010 ms. Memory: 208384K Free: 183884K (88%)
ptolemy.util.test.WatchDog.cancel(): canceling Sat May 11 04:17:08 UTC 2019
auto.tcl: Setting watchdog for 200 seconds at Sat May 11 04:17:08 UTC 2019
2004 ms. Memory: 208384K Free: 183884K (88%)
ptolemy.util.test.WatchDog.cancel(): canceling Sat May 11 04:17:10 UTC 2019
------------------ testing $PTII/ptolemy/domains/de/test/auto/DepthTest1.xml
auto.tcl: Setting watchdog for 200 seconds at Sat May 11 04:17:10 UTC 2019
3 ms. Memory: 208384K Free: 198540K (95%)
ptolemy.util.test.WatchDog.cancel(): canceling Sat May 11 04:17:10 UTC 2019
auto.tcl: Setting watchdog for 200 seconds at Sat May 11 04:17:10 UTC 2019
1 ms. Memory: 208384K Free: 198540K (95%)
ptolemy.util.test.WatchDog.cancel(): canceling Sat May 11 04:17:10 UTC 2019
------------------ testing $PTII/ptolemy/domains/de/test/auto/DepthTest2.xml
auto.tcl: Setting watchdog for 200 seconds at Sat May 11 04:17:10 UTC 2019
4 ms. Memory: 208384K Free: 194370K (93%)
ptolemy.util.test.WatchDog.cancel(): canceling Sat May 11 04:17:10 UTC 2019
auto.tcl: Setting watchdog for 200 seconds at Sat May 11 04:17:10 UTC 2019
3 ms. Memory: 208384K Free: 194370K (93%)
ptolemy.util.test.WatchDog.cancel(): canceling Sat May 11 04:17:10 UTC 2019
------------------ testing $PTII/ptolemy/domains/de/test/auto/DepthTest3.xml
auto.tcl: Setting watchdog for 200 seconds at Sat May 11 04:17:10 UTC 2019
6 ms. Memory: 208384K Free: 198355K (95%)
ptolemy.util.test.WatchDog.cancel(): canceling Sat May 11 04:17:10 UTC 2019
auto.tcl: Setting watchdog for 200 seconds at Sat May 11 04:17:10 UTC 2019
2 ms. Memory: 208384K Free: 198355K (95%)
ptolemy.util.test.WatchDog.cancel(): canceling Sat May 11 04:17:10 UTC 2019
------------------ testing $PTII/ptolemy/domains/de/test/auto/DepthTest4.xml
auto.tcl: Setting watchdog for 200 seconds at Sat May 11 04:17:10 UTC 2019
5 ms. Memory: 208384K Free: 196400K (94%)
ptolemy.util.test.WatchDog.cancel(): canceling Sat May 11 04:17:10 UTC 2019
auto.tcl: Setting watchdog for 200 seconds at Sat May 11 04:17:10 UTC 2019
5 ms. Memory: 208384K Free: 196400K (94%)
ptolemy.util.test.WatchDog.cancel(): canceling Sat May 11 04:17:10 UTC 2019
------------------ testing $PTII/ptolemy/domains/de/test/auto/DepthTest5.xml
auto.tcl: Setting watchdog for 200 seconds at Sat May 11 04:17:10 UTC 2019
3 ms. Memory: 208384K Free: 196867K (94%)
ptolemy.util.test.WatchDog.cancel(): canceling Sat May 11 04:17:11 UTC 2019
auto.tcl: Setting watchdog for 200 seconds at Sat May 11 04:17:11 UTC 2019
2 ms. Memory: 208384K Free: 196867K (94%)
ptolemy.util.test.WatchDog.cancel(): canceling Sat May 11 04:17:11 UTC 2019
------------------ testing $PTII/ptolemy/domains/de/test/auto/DepthTest6.xml
auto.tcl: Setting watchdog for 200 seconds at Sat May 11 04:17:11 UTC 2019
6 ms. Memory: 208384K Free: 196324K (94%)
ptolemy.util.test.WatchDog.cancel(): canceling Sat May 11 04:17:11 UTC 2019
auto.tcl: Setting watchdog for 200 seconds at Sat May 11 04:17:11 UTC 2019
3 ms. Memory: 208384K Free: 196324K (94%)
ptolemy.util.test.WatchDog.cancel(): canceling Sat May 11 04:17:11 UTC 2019
------------------ testing $PTII/ptolemy/domains/de/test/auto/DepthTest7.xml
auto.tcl: Setting watchdog for 200 seconds at Sat May 11 04:17:11 UTC 2019
3 ms. Memory: 208384K Free: 196305K (94%)
ptolemy.util.test.WatchDog.cancel(): canceling Sat May 11 04:17:11 UTC 2019
auto.tcl: Setting watchdog for 200 seconds at Sat May 11 04:17:11 UTC 2019
3 ms. Memory: 208384K Free: 196305K (94%)
ptolemy.util.test.WatchDog.cancel(): canceling Sat May 11 04:17:11 UTC 2019
------------------ testing $PTII/ptolemy/domains/de/test/auto/EventToDate.xml
auto.tcl: Setting watchdog for 200 seconds at Sat May 11 04:17:11 UTC 2019
3008 ms. Memory: 208384K Free: 183659K (88%)
ptolemy.util.test.WatchDog.cancel(): canceling Sat May 11 04:17:14 UTC 2019
auto.tcl: Setting watchdog for 200 seconds at Sat May 11 04:17:14 UTC 2019
3003 ms. Memory: 208384K Free: 183659K (88%)
ptolemy.util.test.WatchDog.cancel(): canceling Sat May 11 04:17:17 UTC 2019
------------------ testing $PTII/ptolemy/domains/de/test/auto/FSM1.xml
auto.tcl: Setting watchdog for 200 seconds at Sat May 11 04:17:17 UTC 2019
28 ms. Memory: 208384K Free: 189474K (91%)
ptolemy.util.test.WatchDog.cancel(): canceling Sat May 11 04:17:17 UTC 2019
auto.tcl: Setting watchdog for 200 seconds at Sat May 11 04:17:17 UTC 2019
23 ms. Memory: 208384K Free: 185390K (89%)
ptolemy.util.test.WatchDog.cancel(): canceling Sat May 11 04:17:17 UTC 2019
------------------ testing $PTII/ptolemy/domains/de/test/auto/FSM7.xml
auto.tcl: Setting watchdog for 200 seconds at Sat May 11 04:17:17 UTC 2019
23 ms. Memory: 208384K Free: 189677K (91%)
ptolemy.util.test.WatchDog.cancel(): canceling Sat May 11 04:17:17 UTC 2019
auto.tcl: Setting watchdog for 200 seconds at Sat May 11 04:17:17 UTC 2019
17 ms. Memory: 208384K Free: 185593K (89%)
ptolemy.util.test.WatchDog.cancel(): canceling Sat May 11 04:17:17 UTC 2019
------------------ testing $PTII/ptolemy/domains/de/test/auto/Inspection.xml
auto.tcl: Setting watchdog for 200 seconds at Sat May 11 04:17:17 UTC 2019
46 ms. Memory: 208384K Free: 188849K (91%)
ptolemy.util.test.WatchDog.cancel(): canceling Sat May 11 04:17:17 UTC 2019
auto.tcl: Setting watchdog for 200 seconds at Sat May 11 04:17:17 UTC 2019
17 ms. Memory: 208384K Free: 186807K (90%)
ptolemy.util.test.WatchDog.cancel(): canceling Sat May 11 04:17:17 UTC 2019
------------------ testing $PTII/ptolemy/domains/de/test/auto/Iteration.xml
auto.tcl: Setting watchdog for 200 seconds at Sat May 11 04:17:17 UTC 2019
8 ms. Memory: 208384K Free: 196112K (94%)
ptolemy.util.test.WatchDog.cancel(): canceling Sat May 11 04:17:17 UTC 2019
auto.tcl: Setting watchdog for 200 seconds at Sat May 11 04:17:17 UTC 2019
6 ms. Memory: 208384K Free: 194070K (93%)
ptolemy.util.test.WatchDog.cancel(): canceling Sat May 11 04:17:17 UTC 2019
------------------ testing $PTII/ptolemy/domains/de/test/auto/LineFault.xml
auto.tcl: Setting watchdog for 200 seconds at Sat May 11 04:17:17 UTC 2019
770 ms. Memory: 208384K Free: 199871K (96%)
ptolemy.util.test.WatchDog.cancel(): canceling Sat May 11 04:17:18 UTC 2019
auto.tcl: Setting watchdog for 200 seconds at Sat May 11 04:17:18 UTC 2019
564 ms. Memory: 208384K Free: 142433K (68%)
ptolemy.util.test.WatchDog.cancel(): canceling Sat May 11 04:17:19 UTC 2019
------------------ testing $PTII/ptolemy/domains/de/test/auto/MergeModel1Add.xml
auto.tcl: Setting watchdog for 200 seconds at Sat May 11 04:17:19 UTC 2019
18 ms. Memory: 331264K Free: 300783K (91%)
ptolemy.util.test.WatchDog.cancel(): canceling Sat May 11 04:17:19 UTC 2019
auto.tcl: Setting watchdog for 200 seconds at Sat May 11 04:17:19 UTC 2019
14 ms. Memory: 331264K Free: 300783K (91%)
ptolemy.util.test.WatchDog.cancel(): canceling Sat May 11 04:17:19 UTC 2019
------------------ testing $PTII/ptolemy/domains/de/test/auto/MergeModel2Add.xml
auto.tcl: Setting watchdog for 200 seconds at Sat May 11 04:17:19 UTC 2019
10 ms. Memory: 331264K Free: 305722K (92%)
ptolemy.util.test.WatchDog.cancel(): canceling Sat May 11 04:17:19 UTC 2019
auto.tcl: Setting watchdog for 200 seconds at Sat May 11 04:17:19 UTC 2019
11 ms. Memory: 331264K Free: 302154K (91%)
ptolemy.util.test.WatchDog.cancel(): canceling Sat May 11 04:17:19 UTC 2019
------------------ testing $PTII/ptolemy/domains/de/test/auto/MergeModel3Add.xml
auto.tcl: Setting watchdog for 200 seconds at Sat May 11 04:17:19 UTC 2019
11 ms. Memory: 331264K Free: 305701K (92%)
ptolemy.util.test.WatchDog.cancel(): canceling Sat May 11 04:17:19 UTC 2019
auto.tcl: Setting watchdog for 200 seconds at Sat May 11 04:17:19 UTC 2019
9 ms. Memory: 331264K Free: 302132K (91%)
ptolemy.util.test.WatchDog.cancel(): canceling Sat May 11 04:17:19 UTC 2019
------------------ testing $PTII/ptolemy/domains/de/test/auto/MergeWithoutDiscard.xml
auto.tcl: Setting watchdog for 200 seconds at Sat May 11 04:17:20 UTC 2019
2 ms. Memory: 331264K Free: 317111K (96%)
ptolemy.util.test.WatchDog.cancel(): canceling Sat May 11 04:17:20 UTC 2019
auto.tcl: Setting watchdog for 200 seconds at Sat May 11 04:17:20 UTC 2019
1 ms. Memory: 331264K Free: 317111K (96%)
ptolemy.util.test.WatchDog.cancel(): canceling Sat May 11 04:17:20 UTC 2019
------------------ testing $PTII/ptolemy/domains/de/test/auto/Modal1.xml
auto.tcl: Setting watchdog for 200 seconds at Sat May 11 04:17:20 UTC 2019
20 ms. Memory: 331264K Free: 310707K (94%)
ptolemy.util.test.WatchDog.cancel(): canceling Sat May 11 04:17:20 UTC 2019
auto.tcl: Setting watchdog for 200 seconds at Sat May 11 04:17:20 UTC 2019
23 ms. Memory: 331264K Free: 307138K (93%)
ptolemy.util.test.WatchDog.cancel(): canceling Sat May 11 04:17:20 UTC 2019
------------------ testing $PTII/ptolemy/domains/de/test/auto/Modal2.xml
auto.tcl: Setting watchdog for 200 seconds at Sat May 11 04:17:20 UTC 2019
19 ms. Memory: 331264K Free: 305677K (92%)
ptolemy.util.test.WatchDog.cancel(): canceling Sat May 11 04:17:20 UTC 2019
auto.tcl: Setting watchdog for 200 seconds at Sat May 11 04:17:20 UTC 2019
23 ms. Memory: 331264K Free: 302108K (91%)
ptolemy.util.test.WatchDog.cancel(): canceling Sat May 11 04:17:20 UTC 2019
------------------ testing $PTII/ptolemy/domains/de/test/auto/Modal3.xml
auto.tcl: Setting watchdog for 200 seconds at Sat May 11 04:17:20 UTC 2019
16 ms. Memory: 331264K Free: 311254K (94%)
ptolemy.util.test.WatchDog.cancel(): canceling Sat May 11 04:17:20 UTC 2019
auto.tcl: Setting watchdog for 200 seconds at Sat May 11 04:17:20 UTC 2019
12 ms. Memory: 331264K Free: 307010K (93%)
ptolemy.util.test.WatchDog.cancel(): canceling Sat May 11 04:17:20 UTC 2019
------------------ testing $PTII/ptolemy/domains/de/test/auto/Modal4.xml
auto.tcl: Setting watchdog for 200 seconds at Sat May 11 04:17:20 UTC 2019
25 ms. Memory: 331264K Free: 310592K (94%)
ptolemy.util.test.WatchDog.cancel(): canceling Sat May 11 04:17:20 UTC 2019
auto.tcl: Setting watchdog for 200 seconds at Sat May 11 04:17:20 UTC 2019
16 ms. Memory: 331264K Free: 307024K (93%)
ptolemy.util.test.WatchDog.cancel(): canceling Sat May 11 04:17:20 UTC 2019
------------------ testing $PTII/ptolemy/domains/de/test/auto/Modal5.xml
auto.tcl: Setting watchdog for 200 seconds at Sat May 11 04:17:20 UTC 2019
17 ms. Memory: 331264K Free: 310580K (94%)
ptolemy.util.test.WatchDog.cancel(): canceling Sat May 11 04:17:20 UTC 2019
auto.tcl: Setting watchdog for 200 seconds at Sat May 11 04:17:20 UTC 2019
12 ms. Memory: 331264K Free: 307011K (93%)
ptolemy.util.test.WatchDog.cancel(): canceling Sat May 11 04:17:20 UTC 2019
------------------ testing $PTII/ptolemy/domains/de/test/auto/Modal6.xml
auto.tcl: Setting watchdog for 200 seconds at Sat May 11 04:17:20 UTC 2019
13 ms. Memory: 331264K Free: 310577K (94%)
ptolemy.util.test.WatchDog.cancel(): canceling Sat May 11 04:17:20 UTC 2019
auto.tcl: Setting watchdog for 200 seconds at Sat May 11 04:17:20 UTC 2019
15 ms. Memory: 331264K Free: 307008K (93%)
ptolemy.util.test.WatchDog.cancel(): canceling Sat May 11 04:17:20 UTC 2019
------------------ testing $PTII/ptolemy/domains/de/test/auto/Modal7.xml
auto.tcl: Setting watchdog for 200 seconds at Sat May 11 04:17:20 UTC 2019
14 ms. Memory: 331264K Free: 307009K (93%)
ptolemy.util.test.WatchDog.cancel(): canceling Sat May 11 04:17:20 UTC 2019
auto.tcl: Setting watchdog for 200 seconds at Sat May 11 04:17:20 UTC 2019
10 ms. Memory: 331264K Free: 303440K (92%)
ptolemy.util.test.WatchDog.cancel(): canceling Sat May 11 04:17:20 UTC 2019
------------------ testing $PTII/ptolemy/domains/de/test/auto/ModalModel.xml
auto.tcl: Setting watchdog for 200 seconds at Sat May 11 04:17:20 UTC 2019
169 ms. Memory: 331264K Free: 248229K (75%)
ptolemy.util.test.WatchDog.cancel(): canceling Sat May 11 04:17:21 UTC 2019
auto.tcl: Setting watchdog for 200 seconds at Sat May 11 04:17:21 UTC 2019
176 ms. Memory: 331264K Free: 191129K (58%)
ptolemy.util.test.WatchDog.cancel(): canceling Sat May 11 04:17:21 UTC 2019
------------------ testing $PTII/ptolemy/domains/de/test/auto/ModalSource.xml
auto.tcl: Setting watchdog for 200 seconds at Sat May 11 04:17:21 UTC 2019
6 ms. Memory: 331264K Free: 316842K (96%)
ptolemy.util.test.WatchDog.cancel(): canceling Sat May 11 04:17:21 UTC 2019
auto.tcl: Setting watchdog for 200 seconds at Sat May 11 04:17:21 UTC 2019
6 ms. Memory: 331264K Free: 313566K (95%)
ptolemy.util.test.WatchDog.cancel(): canceling Sat May 11 04:17:21 UTC 2019
------------------ testing $PTII/ptolemy/domains/de/test/auto/NonInterruptibleTimerZeroDelay.xml
auto.tcl: Setting watchdog for 200 seconds at Sat May 11 04:17:21 UTC 2019
3 ms. Memory: 331264K Free: 321218K (97%)
ptolemy.util.test.WatchDog.cancel(): canceling Sat May 11 04:17:21 UTC 2019
auto.tcl: Setting watchdog for 200 seconds at Sat May 11 04:17:21 UTC 2019
2 ms. Memory: 331264K Free: 317934K (96%)
ptolemy.util.test.WatchDog.cancel(): canceling Sat May 11 04:17:21 UTC 2019
------------------ testing $PTII/ptolemy/domains/de/test/auto/OpenQueueingNetwork.xml
auto.tcl: Setting watchdog for 200 seconds at Sat May 11 04:17:21 UTC 2019
2712 ms. Memory: 573952K Free: 437496K (76%)
ptolemy.util.test.WatchDog.cancel(): canceling Sat May 11 04:17:24 UTC 2019
auto.tcl: Setting watchdog for 200 seconds at Sat May 11 04:17:24 UTC 2019
2002 ms. Memory: 574464K Free: 382110K (67%)
ptolemy.util.test.WatchDog.cancel(): canceling Sat May 11 04:17:26 UTC 2019
------------------ testing $PTII/ptolemy/domains/de/test/auto/OpenQueuingNetwork.xml
auto.tcl: Setting watchdog for 200 seconds at Sat May 11 04:17:26 UTC 2019
218 ms. Memory: 1064960K Free: 965094K (91%)
ptolemy.util.test.WatchDog.cancel(): canceling Sat May 11 04:17:26 UTC 2019
auto.tcl: Setting watchdog for 200 seconds at Sat May 11 04:17:26 UTC 2019
214 ms. Memory: 1064960K Free: 908716K (85%)
ptolemy.util.test.WatchDog.cancel(): canceling Sat May 11 04:17:26 UTC 2019
------------------ testing $PTII/ptolemy/domains/de/test/auto/PeriodicSampler.xml
auto.tcl: Setting watchdog for 200 seconds at Sat May 11 04:17:26 UTC 2019
3 ms. Memory: 1065472K Free: 1039446K (98%)
ptolemy.util.test.WatchDog.cancel(): canceling Sat May 11 04:17:26 UTC 2019
auto.tcl: Setting watchdog for 200 seconds at Sat May 11 04:17:26 UTC 2019
2 ms. Memory: 1065472K Free: 1039446K (98%)
ptolemy.util.test.WatchDog.cancel(): canceling Sat May 11 04:17:26 UTC 2019
------------------ testing $PTII/ptolemy/domains/de/test/auto/PersistentIO.xml
auto.tcl: Setting watchdog for 200 seconds at Sat May 11 04:17:27 UTC 2019
5 ms. Memory: 1065472K Free: 1030215K (97%)
ptolemy.util.test.WatchDog.cancel(): canceling Sat May 11 04:17:27 UTC 2019
auto.tcl: Setting watchdog for 200 seconds at Sat May 11 04:17:27 UTC 2019
3 ms. Memory: 1065472K Free: 1030215K (97%)
ptolemy.util.test.WatchDog.cancel(): canceling Sat May 11 04:17:27 UTC 2019
------------------ testing $PTII/ptolemy/domains/de/test/auto/PortParameterResetOnInitialize.xml
auto.tcl: Setting watchdog for 200 seconds at Sat May 11 04:17:27 UTC 2019
2 ms. Memory: 1065472K Free: 1030076K (97%)
ptolemy.util.test.WatchDog.cancel(): canceling Sat May 11 04:17:27 UTC 2019
auto.tcl: Setting watchdog for 200 seconds at Sat May 11 04:17:27 UTC 2019
1 ms. Memory: 1065472K Free: 1030076K (97%)
ptolemy.util.test.WatchDog.cancel(): canceling Sat May 11 04:17:27 UTC 2019
------------------ testing $PTII/ptolemy/domains/de/test/auto/PortParameterUpdates.xml
auto.tcl: Setting watchdog for 200 seconds at Sat May 11 04:17:27 UTC 2019
10 ms. Memory: 1065472K Free: 1029070K (97%)
ptolemy.util.test.WatchDog.cancel(): canceling Sat May 11 04:17:27 UTC 2019
auto.tcl: Setting watchdog for 200 seconds at Sat May 11 04:17:27 UTC 2019
3 ms. Memory: 1065472K Free: 1029070K (97%)
ptolemy.util.test.WatchDog.cancel(): canceling Sat May 11 04:17:27 UTC 2019
------------------ testing $PTII/ptolemy/domains/de/test/auto/QueueAndServer.xml
auto.tcl: Setting watchdog for 200 seconds at Sat May 11 04:17:27 UTC 2019
10 ms. Memory: 1065472K Free: 1029033K (97%)
ptolemy.util.test.WatchDog.cancel(): canceling Sat May 11 04:17:27 UTC 2019
auto.tcl: Setting watchdog for 200 seconds at Sat May 11 04:17:27 UTC 2019
6 ms. Memory: 1065472K Free: 1029033K (97%)
ptolemy.util.test.WatchDog.cancel(): canceling Sat May 11 04:17:27 UTC 2019
------------------ testing $PTII/ptolemy/domains/de/test/auto/Records.xml
auto.tcl: Setting watchdog for 200 seconds at Sat May 11 04:17:27 UTC 2019
12 ms. Memory: 1065472K Free: 1038796K (97%)
ptolemy.util.test.WatchDog.cancel(): canceling Sat May 11 04:17:27 UTC 2019
auto.tcl: Setting watchdog for 200 seconds at Sat May 11 04:17:27 UTC 2019
2 ms. Memory: 1065472K Free: 1038796K (97%)
ptolemy.util.test.WatchDog.cancel(): canceling Sat May 11 04:17:27 UTC 2019
------------------ testing $PTII/ptolemy/domains/de/test/auto/ResetTransitionWithStartTime1.xml
auto.tcl: Setting watchdog for 200 seconds at Sat May 11 04:17:27 UTC 2019
9 ms. Memory: 1065472K Free: 1039961K (98%)
ptolemy.util.test.WatchDog.cancel(): canceling Sat May 11 04:17:27 UTC 2019
auto.tcl: Setting watchdog for 200 seconds at Sat May 11 04:17:27 UTC 2019
5 ms. Memory: 1065472K Free: 1038821K (97%)
ptolemy.util.test.WatchDog.cancel(): canceling Sat May 11 04:17:27 UTC 2019
------------------ testing $PTII/ptolemy/domains/de/test/auto/ResetTransitionWithStartTime2.xml
auto.tcl: Setting watchdog for 200 seconds at Sat May 11 04:17:27 UTC 2019
4 ms. Memory: 1064448K Free: 1038928K (98%)
ptolemy.util.test.WatchDog.cancel(): canceling Sat May 11 04:17:27 UTC 2019
auto.tcl: Setting watchdog for 200 seconds at Sat May 11 04:17:27 UTC 2019
6 ms. Memory: 1064448K Free: 1038928K (98%)
ptolemy.util.test.WatchDog.cancel(): canceling Sat May 11 04:17:27 UTC 2019
------------------ testing $PTII/ptolemy/domains/de/test/auto/ResetTransitionWithStartTime3.xml
auto.tcl: Setting watchdog for 200 seconds at Sat May 11 04:17:27 UTC 2019
6 ms. Memory: 1064960K Free: 1038299K (97%)
ptolemy.util.test.WatchDog.cancel(): canceling Sat May 11 04:17:27 UTC 2019
auto.tcl: Setting watchdog for 200 seconds at Sat May 11 04:17:27 UTC 2019
5 ms. Memory: 1064960K Free: 1038299K (97%)
ptolemy.util.test.WatchDog.cancel(): canceling Sat May 11 04:17:27 UTC 2019
------------------ testing $PTII/ptolemy/domains/de/test/auto/ResetTransitionWithStartTime4.xml
auto.tcl: Setting watchdog for 200 seconds at Sat May 11 04:17:27 UTC 2019
3 ms. Memory: 1064960K Free: 1038298K (97%)
ptolemy.util.test.WatchDog.cancel(): canceling Sat May 11 04:17:27 UTC 2019
auto.tcl: Setting watchdog for 200 seconds at Sat May 11 04:17:27 UTC 2019
3 ms. Memory: 1064960K Free: 1038298K (97%)
ptolemy.util.test.WatchDog.cancel(): canceling Sat May 11 04:17:27 UTC 2019
------------------ testing $PTII/ptolemy/domains/de/test/auto/ResettableTimer1.xml
auto.tcl: Setting watchdog for 200 seconds at Sat May 11 04:17:27 UTC 2019
3 ms. Memory: 1064960K Free: 1038294K (97%)
ptolemy.util.test.WatchDog.cancel(): canceling Sat May 11 04:17:27 UTC 2019
auto.tcl: Setting watchdog for 200 seconds at Sat May 11 04:17:27 UTC 2019
2 ms. Memory: 1064960K Free: 1038294K (97%)
ptolemy.util.test.WatchDog.cancel(): canceling Sat May 11 04:17:27 UTC 2019
------------------ testing $PTII/ptolemy/domains/de/test/auto/ResettableTimer2.xml
auto.tcl: Setting watchdog for 200 seconds at Sat May 11 04:17:27 UTC 2019
2 ms. Memory: 1064960K Free: 1039492K (98%)
ptolemy.util.test.WatchDog.cancel(): canceling Sat May 11 04:17:27 UTC 2019
auto.tcl: Setting watchdog for 200 seconds at Sat May 11 04:17:27 UTC 2019
2 ms. Memory: 1064960K Free: 1039492K (98%)
ptolemy.util.test.WatchDog.cancel(): canceling Sat May 11 04:17:27 UTC 2019
------------------ testing $PTII/ptolemy/domains/de/test/auto/ResettableTimer3.xml
auto.tcl: Setting watchdog for 200 seconds at Sat May 11 04:17:27 UTC 2019
1 ms. Memory: 1064960K Free: 1038351K (98%)
ptolemy.util.test.WatchDog.cancel(): canceling Sat May 11 04:17:27 UTC 2019
auto.tcl: Setting watchdog for 200 seconds at Sat May 11 04:17:27 UTC 2019
1 ms. Memory: 1064960K Free: 1038351K (98%)
ptolemy.util.test.WatchDog.cancel(): canceling Sat May 11 04:17:27 UTC 2019
------------------ testing $PTII/ptolemy/domains/de/test/auto/ResettableTimer4.xml
auto.tcl: Setting watchdog for 200 seconds at Sat May 11 04:17:27 UTC 2019
1 ms. Memory: 1063936K Free: 1037340K (98%)
ptolemy.util.test.WatchDog.cancel(): canceling Sat May 11 04:17:27 UTC 2019
auto.tcl: Setting watchdog for 200 seconds at Sat May 11 04:17:27 UTC 2019
1 ms. Memory: 1063936K Free: 1037340K (98%)
ptolemy.util.test.WatchDog.cancel(): canceling Sat May 11 04:17:27 UTC 2019
------------------ testing $PTII/ptolemy/domains/de/test/auto/ResettableTimer5.xml
auto.tcl: Setting watchdog for 200 seconds at Sat May 11 04:17:27 UTC 2019
1 ms. Memory: 1064448K Free: 1037850K (98%)
ptolemy.util.test.WatchDog.cancel(): canceling Sat May 11 04:17:27 UTC 2019
auto.tcl: Setting watchdog for 200 seconds at Sat May 11 04:17:27 UTC 2019
1 ms. Memory: 1064448K Free: 1037850K (98%)
ptolemy.util.test.WatchDog.cancel(): canceling Sat May 11 04:17:27 UTC 2019
------------------ testing $PTII/ptolemy/domains/de/test/auto/ResettableTimer6.xml
auto.tcl: Setting watchdog for 200 seconds at Sat May 11 04:17:27 UTC 2019
1 ms. Memory: 1064448K Free: 1037799K (97%)
ptolemy.util.test.WatchDog.cancel(): canceling Sat May 11 04:17:28 UTC 2019
auto.tcl: Setting watchdog for 200 seconds at Sat May 11 04:17:28 UTC 2019
1 ms. Memory: 1064448K Free: 1037799K (97%)
ptolemy.util.test.WatchDog.cancel(): canceling Sat May 11 04:17:28 UTC 2019
------------------ testing $PTII/ptolemy/domains/de/test/auto/ServerZeroDelay.xml
auto.tcl: Setting watchdog for 200 seconds at Sat May 11 04:17:28 UTC 2019
3 ms. Memory: 1064448K Free: 1038930K (98%)
ptolemy.util.test.WatchDog.cancel(): canceling Sat May 11 04:17:28 UTC 2019
auto.tcl: Setting watchdog for 200 seconds at Sat May 11 04:17:28 UTC 2019
2 ms. Memory: 1064448K Free: 1038930K (98%)
ptolemy.util.test.WatchDog.cancel(): canceling Sat May 11 04:17:28 UTC 2019
------------------ testing $PTII/ptolemy/domains/de/test/auto/SmartSender.xml
auto.tcl: Setting watchdog for 200 seconds at Sat May 11 04:17:28 UTC 2019
3002 ms. Memory: 1064448K Free: 1038925K (98%)
ptolemy.util.test.WatchDog.cancel(): canceling Sat May 11 04:17:31 UTC 2019
auto.tcl: Setting watchdog for 200 seconds at Sat May 11 04:17:31 UTC 2019
3001 ms. Memory: 1064448K Free: 1038925K (98%)
ptolemy.util.test.WatchDog.cancel(): canceling Sat May 11 04:17:34 UTC 2019
------------------ testing $PTII/ptolemy/domains/de/test/auto/ThreadedComposite.xml
auto.tcl: Setting watchdog for 200 seconds at Sat May 11 04:17:34 UTC 2019
196 ms. Memory: 1064448K Free: 997056K (94%)
ptolemy.util.test.WatchDog.cancel(): canceling Sat May 11 04:17:34 UTC 2019
auto.tcl: Setting watchdog for 200 seconds at Sat May 11 04:17:34 UTC 2019
97 ms. Memory: 1064448K Free: 977416K (92%)
ptolemy.util.test.WatchDog.cancel(): canceling Sat May 11 04:17:34 UTC 2019
------------------ testing $PTII/ptolemy/domains/de/test/auto/Time.xml
auto.tcl: Setting watchdog for 200 seconds at Sat May 11 04:17:34 UTC 2019
501 ms. Memory: 1064448K Free: 988410K (93%)
ptolemy.util.test.WatchDog.cancel(): canceling Sat May 11 04:17:35 UTC 2019
auto.tcl: Setting watchdog for 200 seconds at Sat May 11 04:17:35 UTC 2019
476 ms. Memory: 1064448K Free: 943283K (89%)
ptolemy.util.test.WatchDog.cancel(): canceling Sat May 11 04:17:35 UTC 2019
------------------ testing $PTII/ptolemy/domains/de/test/auto/TimeDelayZeroDelay.xml
auto.tcl: Setting watchdog for 200 seconds at Sat May 11 04:17:35 UTC 2019
2 ms. Memory: 1064448K Free: 1037708K (97%)
ptolemy.util.test.WatchDog.cancel(): canceling Sat May 11 04:17:35 UTC 2019
auto.tcl: Setting watchdog for 200 seconds at Sat May 11 04:17:35 UTC 2019
2 ms. Memory: 1064448K Free: 1037708K (97%)
ptolemy.util.test.WatchDog.cancel(): canceling Sat May 11 04:17:35 UTC 2019
------------------ testing $PTII/ptolemy/domains/de/test/auto/TimerZeroDelay.xml
auto.tcl: Setting watchdog for 200 seconds at Sat May 11 04:17:35 UTC 2019
2 ms. Memory: 1063424K Free: 1037867K (98%)
ptolemy.util.test.WatchDog.cancel(): canceling Sat May 11 04:17:35 UTC 2019
auto.tcl: Setting watchdog for 200 seconds at Sat May 11 04:17:35 UTC 2019
1 ms. Memory: 1063424K Free: 1037867K (98%)
ptolemy.util.test.WatchDog.cancel(): canceling Sat May 11 04:17:35 UTC 2019
------------------ testing $PTII/ptolemy/domains/de/test/auto/TimingParadox.xml
auto.tcl: Setting watchdog for 200 seconds at Sat May 11 04:17:35 UTC 2019
394 ms. Memory: 1063936K Free: 973910K (92%)
ptolemy.util.test.WatchDog.cancel(): canceling Sat May 11 04:17:36 UTC 2019
auto.tcl: Setting watchdog for 200 seconds at Sat May 11 04:17:36 UTC 2019
346 ms. Memory: 1063936K Free: 940066K (88%)
ptolemy.util.test.WatchDog.cancel(): canceling Sat May 11 04:17:36 UTC 2019
------------------ testing $PTII/ptolemy/domains/de/test/auto/TransferInputs.xml
auto.tcl: Setting watchdog for 200 seconds at Sat May 11 04:17:36 UTC 2019
1 ms. Memory: 1063424K Free: 1036840K (98%)
ptolemy.util.test.WatchDog.cancel(): canceling Sat May 11 04:17:36 UTC 2019
auto.tcl: Setting watchdog for 200 seconds at Sat May 11 04:17:36 UTC 2019
2 ms. Memory: 1063424K Free: 1036840K (98%)
ptolemy.util.test.WatchDog.cancel(): canceling Sat May 11 04:17:36 UTC 2019
------------------ testing $PTII/ptolemy/domains/de/test/auto/TransferOutputs2.xml
auto.tcl: Setting watchdog for 200 seconds at Sat May 11 04:17:36 UTC 2019
3 ms. Memory: 1063936K Free: 1038453K (98%)
ptolemy.util.test.WatchDog.cancel(): canceling Sat May 11 04:17:36 UTC 2019
auto.tcl: Setting watchdog for 200 seconds at Sat May 11 04:17:36 UTC 2019
3 ms. Memory: 1063936K Free: 1038453K (98%)
ptolemy.util.test.WatchDog.cancel(): canceling Sat May 11 04:17:36 UTC 2019
------------------ testing $PTII/ptolemy/domains/de/test/auto/Trilateration.xml
auto.tcl: Setting watchdog for 200 seconds at Sat May 11 04:17:36 UTC 2019
13719 ms. Memory: 976384K Free: 943217K (97%)
ptolemy.util.test.WatchDog.cancel(): canceling Sat May 11 04:17:51 UTC 2019
auto.tcl: Setting watchdog for 200 seconds at Sat May 11 04:17:51 UTC 2019
10401 ms. Memory: 849408K Free: 779523K (92%)
ptolemy.util.test.WatchDog.cancel(): canceling Sat May 11 04:18:01 UTC 2019
------------------ testing $PTII/ptolemy/domains/de/test/auto/TwoSigmaDelta.xml
auto.tcl: Setting watchdog for 200 seconds at Sat May 11 04:18:01 UTC 2019
2714 ms. Memory: 853504K Free: 533977K (63%)
ptolemy.util.test.WatchDog.cancel(): canceling Sat May 11 04:18:04 UTC 2019
auto.tcl: Setting watchdog for 200 seconds at Sat May 11 04:18:04 UTC 2019
2045 ms. Memory: 853504K Free: 296151K (35%)
ptolemy.util.test.WatchDog.cancel(): canceling Sat May 11 04:18:06 UTC 2019
------------------ testing $PTII/ptolemy/domains/de/test/auto/VariableDelay.xml
auto.tcl: Setting watchdog for 200 seconds at Sat May 11 04:18:06 UTC 2019
2 ms. Memory: 849920K Free: 826114K (97%)
ptolemy.util.test.WatchDog.cancel(): canceling Sat May 11 04:18:06 UTC 2019
auto.tcl: Setting watchdog for 200 seconds at Sat May 11 04:18:06 UTC 2019
1 ms. Memory: 849920K Free: 826114K (97%)
ptolemy.util.test.WatchDog.cancel(): canceling Sat May 11 04:18:06 UTC 2019
------------------ testing $PTII/ptolemy/domains/de/test/auto/VariableDelay2.xml
auto.tcl: Setting watchdog for 200 seconds at Sat May 11 04:18:06 UTC 2019
1 ms. Memory: 849408K Free: 826119K (97%)
ptolemy.util.test.WatchDog.cancel(): canceling Sat May 11 04:18:06 UTC 2019
auto.tcl: Setting watchdog for 200 seconds at Sat May 11 04:18:06 UTC 2019
1 ms. Memory: 849408K Free: 826119K (97%)
ptolemy.util.test.WatchDog.cancel(): canceling Sat May 11 04:18:06 UTC 2019
------------------ testing $PTII/ptolemy/domains/de/test/auto/VariableDelayZeroDelay.xml
auto.tcl: Setting watchdog for 200 seconds at Sat May 11 04:18:06 UTC 2019
2 ms. Memory: 849408K Free: 826118K (97%)
ptolemy.util.test.WatchDog.cancel(): canceling Sat May 11 04:18:06 UTC 2019
auto.tcl: Setting watchdog for 200 seconds at Sat May 11 04:18:06 UTC 2019
2 ms. Memory: 849408K Free: 826118K (97%)
ptolemy.util.test.WatchDog.cancel(): canceling Sat May 11 04:18:06 UTC 2019
------------------ testing $PTII/ptolemy/domains/de/test/auto/VariableDelayZeroDelay2.xml
auto.tcl: Setting watchdog for 200 seconds at Sat May 11 04:18:07 UTC 2019
2 ms. Memory: 852480K Free: 821508K (96%)
ptolemy.util.test.WatchDog.cancel(): canceling Sat May 11 04:18:07 UTC 2019
auto.tcl: Setting watchdog for 200 seconds at Sat May 11 04:18:07 UTC 2019
2 ms. Memory: 852480K Free: 821508K (96%)
ptolemy.util.test.WatchDog.cancel(): canceling Sat May 11 04:18:07 UTC 2019
------------------ testing $PTII/ptolemy/domains/de/test/auto/deInCt.xml
auto.tcl: Setting watchdog for 200 seconds at Sat May 11 04:18:07 UTC 2019
0
1
1
1
0
0
0
1
1
1
1
0
0
0
1
1
1
1
1
1
0
0
0
0
0
1
1
1
1
12 ms. Memory: 849408K Free: 818329K (96%)
ptolemy.util.test.WatchDog.cancel(): canceling Sat May 11 04:18:07 UTC 2019
auto.tcl: Setting watchdog for 200 seconds at Sat May 11 04:18:07 UTC 2019
0
1
1
1
1
0
0
0
1
1
1
0
0
0
0
1
1
1
1
1
0
0
0
0
1
1
1
1
1
1
8 ms. Memory: 849408K Free: 818329K (96%)
ptolemy.util.test.WatchDog.cancel(): canceling Sat May 11 04:18:07 UTC 2019
------------------ testing $PTII/ptolemy/domains/de/test/auto/deInCt2.xml
auto.tcl: Setting watchdog for 200 seconds at Sat May 11 04:18:07 UTC 2019
0
1
1
1
0
0
1
1
1
0
0
1
1
1
0
0
1
1
1
0
0
1
1
1
0
0
1
1
1
0
0
1
1
1
0
0
1
1
1
0
0
0
14 ms. Memory: 852480K Free: 821401K (96%)
ptolemy.util.test.WatchDog.cancel(): canceling Sat May 11 04:18:07 UTC 2019
auto.tcl: Setting watchdog for 200 seconds at Sat May 11 04:18:07 UTC 2019
0
1
1
1
0
0
1
1
1
0
0
1
1
1
0
0
1
1
1
0
0
1
1
1
0
0
1
1
1
0
0
1
1
1
0
0
1
1
1
0
0
0
8 ms. Memory: 852480K Free: 821401K (96%)
ptolemy.util.test.WatchDog.cancel(): canceling Sat May 11 04:18:07 UTC 2019
------------------ testing $PTII/ptolemy/domains/de/test/auto/dynamicCausalityInterface1.xml
auto.tcl: Setting watchdog for 200 seconds at Sat May 11 04:18:07 UTC 2019
1 ms. Memory: 849408K Free: 826108K (97%)
ptolemy.util.test.WatchDog.cancel(): canceling Sat May 11 04:18:07 UTC 2019
auto.tcl: Setting watchdog for 200 seconds at Sat May 11 04:18:07 UTC 2019
0 ms. Memory: 849408K Free: 826108K (97%)
ptolemy.util.test.WatchDog.cancel(): canceling Sat May 11 04:18:07 UTC 2019
------------------ testing $PTII/ptolemy/domains/de/test/auto/fsm_de_test.xml
auto.tcl: Setting watchdog for 200 seconds at Sat May 11 04:18:07 UTC 2019
5 ms. Memory: 851968K Free: 820882K (96%)
ptolemy.util.test.WatchDog.cancel(): canceling Sat May 11 04:18:07 UTC 2019
auto.tcl: Setting watchdog for 200 seconds at Sat May 11 04:18:07 UTC 2019
4 ms. Memory: 851968K Free: 820882K (96%)
ptolemy.util.test.WatchDog.cancel(): canceling Sat May 11 04:18:07 UTC 2019
------------------ testing $PTII/ptolemy/domains/de/test/auto/functionDependencyReconstruction.xml
auto.tcl: Setting watchdog for 200 seconds at Sat May 11 04:18:07 UTC 2019
4 ms. Memory: 849408K Free: 807214K (95%)
ptolemy.util.test.WatchDog.cancel(): canceling Sat May 11 04:18:07 UTC 2019
auto.tcl: Setting watchdog for 200 seconds at Sat May 11 04:18:07 UTC 2019
3 ms. Memory: 849408K Free: 807214K (95%)
ptolemy.util.test.WatchDog.cancel(): canceling Sat May 11 04:18:07 UTC 2019
------------------ testing $PTII/ptolemy/domains/de/test/auto/multirate.xml
auto.tcl: Setting watchdog for 200 seconds at Sat May 11 04:18:07 UTC 2019
7 ms. Memory: 851456K Free: 820133K (96%)
ptolemy.util.test.WatchDog.cancel(): canceling Sat May 11 04:18:07 UTC 2019
auto.tcl: Setting watchdog for 200 seconds at Sat May 11 04:18:07 UTC 2019
3 ms. Memory: 851456K Free: 820133K (96%)
ptolemy.util.test.WatchDog.cancel(): canceling Sat May 11 04:18:07 UTC 2019
------------------ testing $PTII/ptolemy/domains/de/test/auto/multirate2.xml
auto.tcl: Setting watchdog for 200 seconds at Sat May 11 04:18:07 UTC 2019
3 ms. Memory: 849408K Free: 818272K (96%)
ptolemy.util.test.WatchDog.cancel(): canceling Sat May 11 04:18:07 UTC 2019
auto.tcl: Setting watchdog for 200 seconds at Sat May 11 04:18:07 UTC 2019
2 ms. Memory: 849408K Free: 818272K (96%)
ptolemy.util.test.WatchDog.cancel(): canceling Sat May 11 04:18:07 UTC 2019
------------------ testing $PTII/ptolemy/domains/de/test/auto/realtime.xml
auto.tcl: Setting watchdog for 200 seconds at Sat May 11 04:18:07 UTC 2019
10001 ms. Memory: 851456K Free: 827999K (97%)
ptolemy.util.test.WatchDog.cancel(): canceling Sat May 11 04:18:17 UTC 2019
auto.tcl: Setting watchdog for 200 seconds at Sat May 11 04:18:17 UTC 2019
10001 ms. Memory: 851456K Free: 827999K (97%)
ptolemy.util.test.WatchDog.cancel(): canceling Sat May 11 04:18:27 UTC 2019
------------------ testing $PTII/ptolemy/domains/de/test/auto/relationGroup.xml
auto.tcl: Setting watchdog for 200 seconds at Sat May 11 04:18:27 UTC 2019
1 ms. Memory: 849408K Free: 826080K (97%)
ptolemy.util.test.WatchDog.cancel(): canceling Sat May 11 04:18:27 UTC 2019
auto.tcl: Setting watchdog for 200 seconds at Sat May 11 04:18:27 UTC 2019
1 ms. Memory: 849408K Free: 826080K (97%)
ptolemy.util.test.WatchDog.cancel(): canceling Sat May 11 04:18:27 UTC 2019
------------------ testing $PTII/ptolemy/domains/de/test/auto/relationGroup2.xml
auto.tcl: Setting watchdog for 200 seconds at Sat May 11 04:18:27 UTC 2019
1 ms. Memory: 850944K Free: 827643K (97%)
ptolemy.util.test.WatchDog.cancel(): canceling Sat May 11 04:18:27 UTC 2019
auto.tcl: Setting watchdog for 200 seconds at Sat May 11 04:18:27 UTC 2019
1 ms. Memory: 850944K Free: 827643K (97%)
ptolemy.util.test.WatchDog.cancel(): canceling Sat May 11 04:18:27 UTC 2019
------------------ testing $PTII/ptolemy/domains/de/test/auto/sortWithOpaquePorts.xml
auto.tcl: Setting watchdog for 200 seconds at Sat May 11 04:18:27 UTC 2019
1 ms. Memory: 849408K Free: 818428K (96%)
ptolemy.util.test.WatchDog.cancel(): canceling Sat May 11 04:18:27 UTC 2019
auto.tcl: Setting watchdog for 200 seconds at Sat May 11 04:18:27 UTC 2019
1 ms. Memory: 849408K Free: 818428K (96%)
ptolemy.util.test.WatchDog.cancel(): canceling Sat May 11 04:18:27 UTC 2019
------------------ testing $PTII/ptolemy/domains/de/test/auto/transferInputsandOutputs.xml
auto.tcl: Setting watchdog for 200 seconds at Sat May 11 04:18:27 UTC 2019
2 ms. Memory: 850944K Free: 819950K (96%)
ptolemy.util.test.WatchDog.cancel(): canceling Sat May 11 04:18:27 UTC 2019
auto.tcl: Setting watchdog for 200 seconds at Sat May 11 04:18:27 UTC 2019
1 ms. Memory: 850944K Free: 819950K (96%)
ptolemy.util.test.WatchDog.cancel(): canceling Sat May 11 04:18:27 UTC 2019
------------------ testing $PTII/ptolemy/domains/de/test/auto/triggerType.xml
auto.tcl: Setting watchdog for 200 seconds at Sat May 11 04:18:27 UTC 2019
4 ms. Memory: 849408K Free: 818365K (96%)
ptolemy.util.test.WatchDog.cancel(): canceling Sat May 11 04:18:27 UTC 2019
auto.tcl: Setting watchdog for 200 seconds at Sat May 11 04:18:27 UTC 2019
1 ms. Memory: 849408K Free: 818365K (96%)
ptolemy.util.test.WatchDog.cancel(): canceling Sat May 11 04:18:27 UTC 2019
05/11/19 04:18:27
Failed: 0  Total Tests: 192  ((Passed: 187, Newly Passed: 1)  Known Failed: 5) /home/travis/build/icyphy/ptII/ptolemy/domains/de/test
05/11/19 04:18:27
Failed: 0  Total Tests: 192  ((Passed: 187, Newly Passed: 1)  Known Failed: 5) /home/travis/build/icyphy/ptII/ptolemy/domains/de/test
----------------- testing (KnownFailure) /home/travis/build/icyphy/ptII/ptolemy/domains/de/test/auto/knownFailedTests/DESDFClockTest.xml
2010 ms. Memory: 850432K Free: 803979K (95%)
Known Failure: java.lang.reflect.InvocationTargetException
----------------- testing (KnownFailure) /home/travis/build/icyphy/ptII/ptolemy/domains/de/test/auto/knownFailedTests/DirectFeedback.xml
1 ms. Memory: 850432K Free: 742538K (87%)
Known Failure: java.lang.reflect.InvocationTargetException
----------------- testing (KnownFailure) /home/travis/build/icyphy/ptII/ptolemy/domains/de/test/auto/knownFailedTests/FSMSource.xml
15 ms. Memory: 850432K Free: 681098K (80%)
----------------- testing (KnownFailure) /home/travis/build/icyphy/ptII/ptolemy/domains/de/test/auto/knownFailedTests/HierarchicalModel.xml
3 ms. Memory: 850432K Free: 635002K (75%)
Known Failure: java.lang.reflect.InvocationTargetException
----------------- testing (KnownFailure) /home/travis/build/icyphy/ptII/ptolemy/domains/de/test/auto/knownFailedTests/dependencyLoop.xml
2 ms. Memory: 850432K Free: 573562K (67%)
Known Failure: java.lang.reflect.InvocationTargetException
----------------- testing (KnownFailure) /home/travis/build/icyphy/ptII/ptolemy/domains/de/test/auto/knownFailedTests/dependencyLoop2.xml
5 ms. Memory: 850432K Free: 512121K (60%)
Known Failure: java.lang.reflect.InvocationTargetException
No auto/linux-amd64/*.xml tests in /home/travis/build/icyphy/ptII/ptolemy/domains/de/test
AutoTests.java: About to close Vertx.
AutoTests.java: Vertx closed.

===========================================================================================
----------------- testing Sat May 11 04:18:30 UTC 2019 /home/travis/build/icyphy/ptII/ptolemy/domains/de/test/auto/ActorDepthCalculation_actorWithoutPorts.xml
----------------- Instantiating /home/travis/build/icyphy/ptII/ptolemy/domains/de/test/auto/ActorDepthCalculation_actorWithoutPorts.xml
2 ms. Memory: 850432K Free: 435321K (51%)
----------------- Invoking toplevel() on ptolemy.moml.MoMLSimpleApplication@5b53d38c
----------------- Done invoking toplevel() on ptolemy.moml.MoMLSimpleApplication@5b53d38c
reloadAllAccessors: .ActorDepthCalculation_actorWithoutPorts

===========================================================================================
----------------- testing Sat May 11 04:18:30 UTC 2019 /home/travis/build/icyphy/ptII/ptolemy/domains/de/test/auto/AssemblyLine.xml
----------------- Instantiating /home/travis/build/icyphy/ptII/ptolemy/domains/de/test/auto/AssemblyLine.xml
2 ms. Memory: 850432K Free: 404601K (48%)
----------------- Invoking toplevel() on ptolemy.moml.MoMLSimpleApplication@108608de
----------------- Done invoking toplevel() on ptolemy.moml.MoMLSimpleApplication@108608de
reloadAllAccessors: .AssemblyLine

===========================================================================================
----------------- testing Sat May 11 04:18:30 UTC 2019 /home/travis/build/icyphy/ptII/ptolemy/domains/de/test/auto/CQBug1.xml
----------------- Instantiating /home/travis/build/icyphy/ptII/ptolemy/domains/de/test/auto/CQBug1.xml
1 ms. Memory: 850432K Free: 373881K (44%)
----------------- Invoking toplevel() on ptolemy.moml.MoMLSimpleApplication@77af451c
----------------- Done invoking toplevel() on ptolemy.moml.MoMLSimpleApplication@77af451c
reloadAllAccessors: .CQBug1

===========================================================================================
----------------- testing Sat May 11 04:18:30 UTC 2019 /home/travis/build/icyphy/ptII/ptolemy/domains/de/test/auto/CancelFireAt.xml
----------------- Instantiating /home/travis/build/icyphy/ptII/ptolemy/domains/de/test/auto/CancelFireAt.xml
2 ms. Memory: 850432K Free: 343161K (40%)
----------------- Invoking toplevel() on ptolemy.moml.MoMLSimpleApplication@25281066
----------------- Done invoking toplevel() on ptolemy.moml.MoMLSimpleApplication@25281066
reloadAllAccessors: .CancelFireAt

===========================================================================================
----------------- testing Sat May 11 04:18:30 UTC 2019 /home/travis/build/icyphy/ptII/ptolemy/domains/de/test/auto/CausalityAndComposabilityAnalysis.xml
----------------- Instantiating /home/travis/build/icyphy/ptII/ptolemy/domains/de/test/auto/CausalityAndComposabilityAnalysis.xml
1 ms. Memory: 850432K Free: 312441K (37%)
----------------- Invoking toplevel() on ptolemy.moml.MoMLSimpleApplication@22fc828d
----------------- Done invoking toplevel() on ptolemy.moml.MoMLSimpleApplication@22fc828d
reloadAllAccessors: .CausalityAndComposabilityAnalysis

===========================================================================================
----------------- testing Sat May 11 04:18:30 UTC 2019 /home/travis/build/icyphy/ptII/ptolemy/domains/de/test/auto/CausalityInterface1.xml
----------------- Instantiating /home/travis/build/icyphy/ptII/ptolemy/domains/de/test/auto/CausalityInterface1.xml
3 ms. Memory: 850432K Free: 281721K (33%)
----------------- Invoking toplevel() on ptolemy.moml.MoMLSimpleApplication@38ddd1a2
----------------- Done invoking toplevel() on ptolemy.moml.MoMLSimpleApplication@38ddd1a2
reloadAllAccessors: .CausalityInterface1

===========================================================================================
----------------- testing Sat May 11 04:18:30 UTC 2019 /home/travis/build/icyphy/ptII/ptolemy/domains/de/test/auto/CausalityInterface15.xml
----------------- Instantiating /home/travis/build/icyphy/ptII/ptolemy/domains/de/test/auto/CausalityInterface15.xml
1 ms. Memory: 850432K Free: 251001K (30%)
----------------- Invoking toplevel() on ptolemy.moml.MoMLSimpleApplication@177a0a94
----------------- Done invoking toplevel() on ptolemy.moml.MoMLSimpleApplication@177a0a94
[...]
java.lang.RuntimeException: Execution failed
	at ptolemy.moml.MoMLSimpleApplication$UnloadThread.run(MoMLSimpleApplication.java:402)
Caused by: ptolemy.kernel.util.IllegalActionException: Test fails in iteration 1.
Value was: 1.0. Should have been: 2.0
  in .DirectFeedback.Test
	at ptolemy.actor.lib.Test.fire(Test.java:268)
	at ptolemy.domains.de.kernel.DEDirector._fire(DEDirector.java:1949)
	at ptolemy.domains.de.kernel.DEDirector.fire(DEDirector.java:502)
	at ptolemy.actor.CompositeActor.fire(CompositeActor.java:455)
	at ptolemy.actor.Manager.iterate(Manager.java:851)
	at ptolemy.actor.Manager.execute(Manager.java:369)
	at ptolemy.actor.Manager.run(Manager.java:1263)
	at ptolemy.actor.Manager$PtolemyRunThread.run(Manager.java:1915)
java.lang.RuntimeException: Execution failed
	at ptolemy.moml.MoMLSimpleApplication$UnloadThread.run(MoMLSimpleApplication.java:402)
Caused by: ptolemy.kernel.util.IllegalActionException: Actor is not ready to fire.  Perhaps UpSample.prefire() returned false? Try debugging the actor by selecting "Listen to Actor".  Also, for SDF check moml for tokenConsumptionRate on input.
  in .DESDFClockTest.Play Bell.Copy1:SDF Director and .DESDFClockTest.Play Bell.UpSample
	at ptolemy.actor.sched.StaticSchedulingDirector.fire(StaticSchedulingDirector.java:227)
	at ptolemy.domains.sdf.kernel.SDFDirector.fire(SDFDirector.java:500)
	at ptolemy.actor.CompositeActor.fire(CompositeActor.java:455)
	at ptolemy.domains.de.kernel.DEDirector._fire(DEDirector.java:1949)
	at ptolemy.domains.de.kernel.DEDirector.fire(DEDirector.java:502)
	at ptolemy.actor.CompositeActor.fire(CompositeActor.java:455)
	at ptolemy.actor.Manager.iterate(Manager.java:851)
	at ptolemy.actor.Manager.execute(Manager.java:369)
	at ptolemy.actor.Manager.run(Manager.java:1263)
	at ptolemy.actor.Manager$PtolemyRunThread.run(Manager.java:1915)
java.lang.reflect.InvocationTargetException
	at sun.reflect.NativeConstructorAccessorImpl.newInstance0(Native Method)
	at sun.reflect.NativeConstructorAccessorImpl.newInstance(NativeConstructorAccessorImpl.java:62)
	at sun.reflect.DelegatingConstructorAccessorImpl.newInstance(DelegatingConstructorAccessorImpl.java:45)
	at java.lang.reflect.Constructor.newInstance(Constructor.java:423)
	at ptolemy.util.test.junit.AutoKnownFailedTests.RunModel(AutoKnownFailedTests.java:105)
	at sun.reflect.NativeMethodAccessorImpl.invoke0(Native Method)
	at sun.reflect.NativeMethodAccessorImpl.invoke(NativeMethodAccessorImpl.java:62)
	at sun.reflect.DelegatingMethodAccessorImpl.invoke(DelegatingMethodAccessorImpl.java:43)
	at java.lang.reflect.Method.invoke(Method.java:498)
	at org.junit.runners.model.FrameworkMethod$1.runReflectiveCall(FrameworkMethod.java:44)
	at org.junit.internal.runners.model.ReflectiveCallable.run(ReflectiveCallable.java:15)
	at org.junit.runners.model.FrameworkMethod.invokeExplosively(FrameworkMethod.java:41)
	at junitparams.internal.InvokeParameterisedMethod.evaluate(InvokeParameterisedMethod.java:102)
	at org.junit.internal.runners.statements.FailOnTimeout$1.run(FailOnTimeout.java:28)
Caused by: ptolemy.kernel.util.IllegalActionException: Actor is not ready to fire.  Perhaps UpSample.prefire() returned false? Try debugging the actor by selecting "Listen to Actor".  Also, for SDF check moml for tokenConsumptionRate on input.
  in .DESDFClockTest.Play Bell.Copy1:SDF Director and .DESDFClockTest.Play Bell.UpSample
	at ptolemy.actor.sched.StaticSchedulingDirector.fire(StaticSchedulingDirector.java:227)
	at ptolemy.domains.sdf.kernel.SDFDirector.fire(SDFDirector.java:500)
	at ptolemy.actor.CompositeActor.fire(CompositeActor.java:455)
	at ptolemy.domains.de.kernel.DEDirector._fire(DEDirector.java:1949)
	at ptolemy.domains.de.kernel.DEDirector.fire(DEDirector.java:502)
	at ptolemy.actor.CompositeActor.fire(CompositeActor.java:455)
	at ptolemy.actor.Manager.iterate(Manager.java:851)
	at ptolemy.actor.Manager.execute(Manager.java:369)
	at ptolemy.actor.Manager.run(Manager.java:1263)
	at ptolemy.actor.Manager$PtolemyRunThread.run(Manager.java:1915)
java.lang.RuntimeException: Execution failed
	at ptolemy.moml.MoMLSimpleApplication$UnloadThread.run(MoMLSimpleApplication.java:402)
Caused by: ptolemy.kernel.util.IllegalActionException: Test fails in iteration 1.
Value was: 1.0. Should have been: 2.0
  in .DirectFeedback.Test
	at ptolemy.actor.lib.Test.fire(Test.java:268)
	at ptolemy.domains.de.kernel.DEDirector._fire(DEDirector.java:1949)
	at ptolemy.domains.de.kernel.DEDirector.fire(DEDirector.java:502)
	at ptolemy.actor.CompositeActor.fire(CompositeActor.java:455)
	at ptolemy.actor.Manager.iterate(Manager.java:851)
	at ptolemy.actor.Manager.execute(Manager.java:369)
	at ptolemy.actor.Manager.run(Manager.java:1263)
	at ptolemy.actor.Manager$PtolemyRunThread.run(Manager.java:1915)
java.lang.reflect.InvocationTargetException
	at sun.reflect.NativeConstructorAccessorImpl.newInstance0(Native Method)
	at sun.reflect.NativeConstructorAccessorImpl.newInstance(NativeConstructorAccessorImpl.java:62)
	at sun.reflect.DelegatingConstructorAccessorImpl.newInstance(DelegatingConstructorAccessorImpl.java:45)
	at java.lang.reflect.Constructor.newInstance(Constructor.java:423)
	at ptolemy.util.test.junit.AutoKnownFailedTests.RunModel(AutoKnownFailedTests.java:105)
	at sun.reflect.NativeMethodAccessorImpl.invoke0(Native Method)
	at sun.reflect.NativeMethodAccessorImpl.invoke(NativeMethodAccessorImpl.java:62)
	at sun.reflect.DelegatingMethodAccessorImpl.invoke(DelegatingMethodAccessorImpl.java:43)
	at java.lang.reflect.Method.invoke(Method.java:498)
	at org.junit.runners.model.FrameworkMethod$1.runReflectiveCall(FrameworkMethod.java:44)
	at org.junit.internal.runners.model.ReflectiveCallable.run(ReflectiveCallable.java:15)
	at org.junit.runners.model.FrameworkMethod.invokeExplosively(FrameworkMethod.java:41)
	at junitparams.internal.InvokeParameterisedMethod.evaluate(InvokeParameterisedMethod.java:102)
	at org.junit.internal.runners.statements.FailOnTimeout$1.run(FailOnTimeout.java:28)
Caused by: ptolemy.kernel.util.IllegalActionException: Test fails in iteration 1.
Value was: 1.0. Should have been: 2.0
  in .DirectFeedback.Test
	at ptolemy.actor.lib.Test.fire(Test.java:268)
	at ptolemy.domains.de.kernel.DEDirector._fire(DEDirector.java:1949)
	at ptolemy.domains.de.kernel.DEDirector.fire(DEDirector.java:502)
	at ptolemy.actor.CompositeActor.fire(CompositeActor.java:455)
	at ptolemy.actor.Manager.iterate(Manager.java:851)
	at ptolemy.actor.Manager.execute(Manager.java:369)
	at ptolemy.actor.Manager.run(Manager.java:1263)
	at ptolemy.actor.Manager$PtolemyRunThread.run(Manager.java:1915)
java.lang.RuntimeException: Execution failed
	at ptolemy.moml.MoMLSimpleApplication$UnloadThread.run(MoMLSimpleApplication.java:402)
Caused by: ptolemy.kernel.util.IllegalActionException: Found a zero delay loop containing .HierarchicalModel.A
  in .HierarchicalModel and .HierarchicalModel.A
	at ptolemy.actor.util.CausalityInterfaceForComposites._computeOutputPortDepth(CausalityInterfaceForComposites.java:759)
	at ptolemy.actor.util.CausalityInterfaceForComposites._computeInputDepth(CausalityInterfaceForComposites.java:696)
	at ptolemy.actor.util.CausalityInterfaceForComposites._computeOutputPortDepth(CausalityInterfaceForComposites.java:765)
	at ptolemy.actor.util.CausalityInterfaceForComposites._computeInputDepth(CausalityInterfaceForComposites.java:696)
	at ptolemy.actor.util.CausalityInterfaceForComposites._computeOutputPortDepth(CausalityInterfaceForComposites.java:765)
	at ptolemy.actor.util.CausalityInterfaceForComposites._computeInputDepth(CausalityInterfaceForComposites.java:696)
	at ptolemy.actor.util.CausalityInterfaceForComposites._computeActorDepth(CausalityInterfaceForComposites.java:532)
	at ptolemy.actor.util.CausalityInterfaceForComposites.checkForCycles(CausalityInterfaceForComposites.java:96)
	at ptolemy.domains.de.kernel.DEDirector.preinitialize(DEDirector.java:1338)
	at ptolemy.actor.CompositeActor.preinitialize(CompositeActor.java:1828)
	at ptolemy.actor.Manager.preinitializeAndResolveTypes(Manager.java:1040)
	at ptolemy.actor.Manager.initialize(Manager.java:710)
	at ptolemy.actor.Manager.execute(Manager.java:356)
	at ptolemy.actor.Manager.run(Manager.java:1263)
	at ptolemy.actor.Manager$PtolemyRunThread.run(Manager.java:1915)
java.lang.reflect.InvocationTargetException
	at sun.reflect.NativeConstructorAccessorImpl.newInstance0(Native Method)
	at sun.reflect.NativeConstructorAccessorImpl.newInstance(NativeConstructorAccessorImpl.java:62)
	at sun.reflect.DelegatingConstructorAccessorImpl.newInstance(DelegatingConstructorAccessorImpl.java:45)
	at java.lang.reflect.Constructor.newInstance(Constructor.java:423)
	at ptolemy.util.test.junit.AutoKnownFailedTests.RunModel(AutoKnownFailedTests.java:105)
	at sun.reflect.NativeMethodAccessorImpl.invoke0(Native Method)
	at sun.reflect.NativeMethodAccessorImpl.invoke(NativeMethodAccessorImpl.java:62)
	at sun.reflect.DelegatingMethodAccessorImpl.invoke(DelegatingMethodAccessorImpl.java:43)
	at java.lang.reflect.Method.invoke(Method.java:498)
	at org.junit.runners.model.FrameworkMethod$1.runReflectiveCall(FrameworkMethod.java:44)
	at org.junit.internal.runners.model.ReflectiveCallable.run(ReflectiveCallable.java:15)
	at org.junit.runners.model.FrameworkMethod.invokeExplosively(FrameworkMethod.java:41)
	at junitparams.internal.InvokeParameterisedMethod.evaluate(InvokeParameterisedMethod.java:102)
	at org.junit.internal.runners.statements.FailOnTimeout$1.run(FailOnTimeout.java:28)
Caused by: ptolemy.kernel.util.IllegalActionException: Found a zero delay loop containing .HierarchicalModel.A
  in .HierarchicalModel and .HierarchicalModel.A
	at ptolemy.actor.util.CausalityInterfaceForComposites._computeOutputPortDepth(CausalityInterfaceForComposites.java:759)
	at ptolemy.actor.util.CausalityInterfaceForComposites._computeInputDepth(CausalityInterfaceForComposites.java:696)
	at ptolemy.actor.util.CausalityInterfaceForComposites._computeOutputPortDepth(CausalityInterfaceForComposites.java:765)
	at ptolemy.actor.util.CausalityInterfaceForComposites._computeInputDepth(CausalityInterfaceForComposites.java:696)
	at ptolemy.actor.util.CausalityInterfaceForComposites._computeOutputPortDepth(CausalityInterfaceForComposites.java:765)
	at ptolemy.actor.util.CausalityInterfaceForComposites._computeInputDepth(CausalityInterfaceForComposites.java:696)
	at ptolemy.actor.util.CausalityInterfaceForComposites._computeActorDepth(CausalityInterfaceForComposites.java:532)
	at ptolemy.actor.util.CausalityInterfaceForComposites.checkForCycles(CausalityInterfaceForComposites.java:96)
	at ptolemy.domains.de.kernel.DEDirector.preinitialize(DEDirector.java:1338)
	at ptolemy.actor.CompositeActor.preinitialize(CompositeActor.java:1828)
	at ptolemy.actor.Manager.preinitializeAndResolveTypes(Manager.java:1040)
	at ptolemy.actor.Manager.initialize(Manager.java:710)
	at ptolemy.actor.Manager.execute(Manager.java:356)
	at ptolemy.actor.Manager.run(Manager.java:1263)
	at ptolemy.actor.Manager$PtolemyRunThread.run(Manager.java:1915)
java.lang.RuntimeException: Execution failed
	at ptolemy.moml.MoMLSimpleApplication$UnloadThread.run(MoMLSimpleApplication.java:402)
Caused by: ptolemy.kernel.util.IllegalActionException: Found a zero delay loop containing .dependencyLoop.original
  in .dependencyLoop and .dependencyLoop.original
	at ptolemy.actor.util.CausalityInterfaceForComposites._computeOutputPortDepth(CausalityInterfaceForComposites.java:759)
	at ptolemy.actor.util.CausalityInterfaceForComposites._computeInputDepth(CausalityInterfaceForComposites.java:696)
	at ptolemy.actor.util.CausalityInterfaceForComposites._computeOutputPortDepth(CausalityInterfaceForComposites.java:765)
	at ptolemy.actor.util.CausalityInterfaceForComposites._computeInputDepth(CausalityInterfaceForComposites.java:696)
	at ptolemy.actor.util.CausalityInterfaceForComposites._computeOutputPortDepth(CausalityInterfaceForComposites.java:765)
	at ptolemy.actor.util.CausalityInterfaceForComposites._computeInputDepth(CausalityInterfaceForComposites.java:696)
	at ptolemy.actor.util.CausalityInterfaceForComposites._computeActorDepth(CausalityInterfaceForComposites.java:532)
	at ptolemy.actor.util.CausalityInterfaceForComposites.checkForCycles(CausalityInterfaceForComposites.java:96)
	at ptolemy.domains.de.kernel.DEDirector.preinitialize(DEDirector.java:1338)
	at ptolemy.actor.CompositeActor.preinitialize(CompositeActor.java:1828)
	at ptolemy.actor.Manager.preinitializeAndResolveTypes(Manager.java:1040)
	at ptolemy.actor.Manager.initialize(Manager.java:710)
	at ptolemy.actor.Manager.execute(Manager.java:356)
	at ptolemy.actor.Manager.run(Manager.java:1263)
	at ptolemy.actor.Manager$PtolemyRunThread.run(Manager.java:1915)
java.lang.reflect.InvocationTargetException
	at sun.reflect.NativeConstructorAccessorImpl.newInstance0(Native Method)
	at sun.reflect.NativeConstructorAccessorImpl.newInstance(NativeConstructorAccessorImpl.java:62)
	at sun.reflect.DelegatingConstructorAccessorImpl.newInstance(DelegatingConstructorAccessorImpl.java:45)
	at java.lang.reflect.Constructor.newInstance(Constructor.java:423)
	at ptolemy.util.test.junit.AutoKnownFailedTests.RunModel(AutoKnownFailedTests.java:105)
	at sun.reflect.NativeMethodAccessorImpl.invoke0(Native Method)
	at sun.reflect.NativeMethodAccessorImpl.invoke(NativeMethodAccessorImpl.java:62)
	at sun.reflect.DelegatingMethodAccessorImpl.invoke(DelegatingMethodAccessorImpl.java:43)
	at java.lang.reflect.Method.invoke(Method.java:498)
	at org.junit.runners.model.FrameworkMethod$1.runReflectiveCall(FrameworkMethod.java:44)
	at org.junit.internal.runners.model.ReflectiveCallable.run(ReflectiveCallable.java:15)
	at org.junit.runners.model.FrameworkMethod.invokeExplosively(FrameworkMethod.java:41)
	at junitparams.internal.InvokeParameterisedMethod.evaluate(InvokeParameterisedMethod.java:102)
	at org.junit.internal.runners.statements.FailOnTimeout$1.run(FailOnTimeout.java:28)
Caused by: ptolemy.kernel.util.IllegalActionException: Found a zero delay loop containing .dependencyLoop.original
  in .dependencyLoop and .dependencyLoop.original
	at ptolemy.actor.util.CausalityInterfaceForComposites._computeOutputPortDepth(CausalityInterfaceForComposites.java:759)
	at ptolemy.actor.util.CausalityInterfaceForComposites._computeInputDepth(CausalityInterfaceForComposites.java:696)
	at ptolemy.actor.util.CausalityInterfaceForComposites._computeOutputPortDepth(CausalityInterfaceForComposites.java:765)
	at ptolemy.actor.util.CausalityInterfaceForComposites._computeInputDepth(CausalityInterfaceForComposites.java:696)
	at ptolemy.actor.util.CausalityInterfaceForComposites._computeOutputPortDepth(CausalityInterfaceForComposites.java:765)
	at ptolemy.actor.util.CausalityInterfaceForComposites._computeInputDepth(CausalityInterfaceForComposites.java:696)
	at ptolemy.actor.util.CausalityInterfaceForComposites._computeActorDepth(CausalityInterfaceForComposites.java:532)
	at ptolemy.actor.util.CausalityInterfaceForComposites.checkForCycles(CausalityInterfaceForComposites.java:96)
	at ptolemy.domains.de.kernel.DEDirector.preinitialize(DEDirector.java:1338)
	at ptolemy.actor.CompositeActor.preinitialize(CompositeActor.java:1828)
	at ptolemy.actor.Manager.preinitializeAndResolveTypes(Manager.java:1040)
	at ptolemy.actor.Manager.initialize(Manager.java:710)
	at ptolemy.actor.Manager.execute(Manager.java:356)
	at ptolemy.actor.Manager.run(Manager.java:1263)
	at ptolemy.actor.Manager$PtolemyRunThread.run(Manager.java:1915)
java.lang.RuntimeException: Execution failed
	at ptolemy.moml.MoMLSimpleApplication$UnloadThread.run(MoMLSimpleApplication.java:402)
Caused by: ptolemy.kernel.util.IllegalActionException: Found a zero delay loop containing .dependencyLoop2.original
  in .dependencyLoop2 and .dependencyLoop2.original
	at ptolemy.actor.util.CausalityInterfaceForComposites._computeOutputPortDepth(CausalityInterfaceForComposites.java:759)
	at ptolemy.actor.util.CausalityInterfaceForComposites._computeInputDepth(CausalityInterfaceForComposites.java:696)
	at ptolemy.actor.util.CausalityInterfaceForComposites._computeOutputPortDepth(CausalityInterfaceForComposites.java:765)
	at ptolemy.actor.util.CausalityInterfaceForComposites._computeInputDepth(CausalityInterfaceForComposites.java:696)
	at ptolemy.actor.util.CausalityInterfaceForComposites._computeOutputPortDepth(CausalityInterfaceForComposites.java:765)
	at ptolemy.actor.util.CausalityInterfaceForComposites._computeInputDepth(CausalityInterfaceForComposites.java:696)
	at ptolemy.actor.util.CausalityInterfaceForComposites._computeActorDepth(CausalityInterfaceForComposites.java:532)
	at ptolemy.actor.util.CausalityInterfaceForComposites.checkForCycles(CausalityInterfaceForComposites.java:96)
	at ptolemy.domains.de.kernel.DEDirector.preinitialize(DEDirector.java:1338)
	at ptolemy.actor.CompositeActor.preinitialize(CompositeActor.java:1828)
	at ptolemy.actor.Manager.preinitializeAndResolveTypes(Manager.java:1040)
	at ptolemy.actor.Manager.initialize(Manager.java:710)
	at ptolemy.actor.Manager.execute(Manager.java:356)
	at ptolemy.actor.Manager.run(Manager.java:1263)
	at ptolemy.actor.Manager$PtolemyRunThread.run(Manager.java:1915)
java.lang.reflect.InvocationTargetException
	at sun.reflect.NativeConstructorAccessorImpl.newInstance0(Native Method)
	at sun.reflect.NativeConstructorAccessorImpl.newInstance(NativeConstructorAccessorImpl.java:62)
	at sun.reflect.DelegatingConstructorAccessorImpl.newInstance(DelegatingConstructorAccessorImpl.java:45)
	at java.lang.reflect.Constructor.newInstance(Constructor.java:423)
	at ptolemy.util.test.junit.AutoKnownFailedTests.RunModel(AutoKnownFailedTests.java:105)
	at sun.reflect.NativeMethodAccessorImpl.invoke0(Native Method)
	at sun.reflect.NativeMethodAccessorImpl.invoke(NativeMethodAccessorImpl.java:62)
	at sun.reflect.DelegatingMethodAccessorImpl.invoke(DelegatingMethodAccessorImpl.java:43)
	at java.lang.reflect.Method.invoke(Method.java:498)
	at org.junit.runners.model.FrameworkMethod$1.runReflectiveCall(FrameworkMethod.java:44)
	at org.junit.internal.runners.model.ReflectiveCallable.run(ReflectiveCallable.java:15)
	at org.junit.runners.model.FrameworkMethod.invokeExplosively(FrameworkMethod.java:41)
	at junitparams.internal.InvokeParameterisedMethod.evaluate(InvokeParameterisedMethod.java:102)
	at org.junit.internal.runners.statements.FailOnTimeout$1.run(FailOnTimeout.java:28)
Caused by: ptolemy.kernel.util.IllegalActionException: Found a zero delay loop containing .dependencyLoop2.original
  in .dependencyLoop2 and .dependencyLoop2.original
	at ptolemy.actor.util.CausalityInterfaceForComposites._computeOutputPortDepth(CausalityInterfaceForComposites.java:759)
	at ptolemy.actor.util.CausalityInterfaceForComposites._computeInputDepth(CausalityInterfaceForComposites.java:696)
	at ptolemy.actor.util.CausalityInterfaceForComposites._computeOutputPortDepth(CausalityInterfaceForComposites.java:765)
	at ptolemy.actor.util.CausalityInterfaceForComposites._computeInputDepth(CausalityInterfaceForComposites.java:696)
	at ptolemy.actor.util.CausalityInterfaceForComposites._computeOutputPortDepth(CausalityInterfaceForComposites.java:765)
	at ptolemy.actor.util.CausalityInterfaceForComposites._computeInputDepth(CausalityInterfaceForComposites.java:696)
	at ptolemy.actor.util.CausalityInterfaceForComposites._computeActorDepth(CausalityInterfaceForComposites.java:532)
	at ptolemy.actor.util.CausalityInterfaceForComposites.checkForCycles(CausalityInterfaceForComposites.java:96)
	at ptolemy.domains.de.kernel.DEDirector.preinitialize(DEDirector.java:1338)
	at ptolemy.actor.CompositeActor.preinitialize(CompositeActor.java:1828)
	at ptolemy.actor.Manager.preinitializeAndResolveTypes(Manager.java:1040)
	at ptolemy.actor.Manager.initialize(Manager.java:710)
	at ptolemy.actor.Manager.execute(Manager.java:356)
	at ptolemy.actor.Manager.run(Manager.java:1263)
	at ptolemy.actor.Manager$PtolemyRunThread.run(Manager.java:1915)
]]></system-err>
</testsuite>
