<?xml version="1.0" encoding="UTF-8" ?>
<testsuite errors="0" failures="0" hostname="travis-job-0382472e-1d4c-4a3e-9c3a-f080e9f22360" name="ptolemy.domains.continuous.test.junit.JUnitTclTest" skipped="0" tests="156" time="76.79" timestamp="2019-11-06T22:03:54">
  <properties>
[...]
</properties>
  <testcase classname="ptolemy.util.test.junit.TclTests" name="[0] ThereAreNoTclTests (RunTclFile)" time="0.01" />
  <testcase classname="ptolemy.util.test.junit.AutoKnownFailedTests" name="[0] ThereAreNoKnowFailedTests (RunModel)" time="0.006" />
  <testcase classname="ptolemy.util.test.junit.AutoNameArchTests" name="[0] ThereAreNoAutoArchTests (RunModel)" time="0.024" />
  <testcase classname="ptolemy.util.test.junit.AutoTests" name="[0] /home/travis/build/icyphy/ptII/ptolemy/domains/continuous/test/auto/BouncingBall.xml (RunModel)" time="3.082" />
  <testcase classname="ptolemy.util.test.junit.AutoTests" name="[1] /home/travis/build/icyphy/ptII/ptolemy/domains/continuous/test/auto/BouncingBallWithoutGR.xml (RunModel)" time="0.901" />
  <testcase classname="ptolemy.util.test.junit.AutoTests" name="[2] /home/travis/build/icyphy/ptII/ptolemy/domains/continuous/test/auto/Brownian.xml (RunModel)" time="0.149" />
  <testcase classname="ptolemy.util.test.junit.AutoTests" name="[3] /home/travis/build/icyphy/ptII/ptolemy/domains/continuous/test/auto/CarTracking.xml (RunModel)" time="3.962" />
  <testcase classname="ptolemy.util.test.junit.AutoTests" name="[4] /home/travis/build/icyphy/ptII/ptolemy/domains/continuous/test/auto/CartPendulum.xml (RunModel)" time="0.581" />
  <testcase classname="ptolemy.util.test.junit.AutoTests" name="[5] /home/travis/build/icyphy/ptII/ptolemy/domains/continuous/test/auto/CausalityInterface10.xml (RunModel)" time="0.063" />
  <testcase classname="ptolemy.util.test.junit.AutoTests" name="[6] /home/travis/build/icyphy/ptII/ptolemy/domains/continuous/test/auto/CausalityInterface11.xml (RunModel)" time="0.038" />
  <testcase classname="ptolemy.util.test.junit.AutoTests" name="[7] /home/travis/build/icyphy/ptII/ptolemy/domains/continuous/test/auto/CausalityInterface12.xml (RunModel)" time="0.044" />
  <testcase classname="ptolemy.util.test.junit.AutoTests" name="[8] /home/travis/build/icyphy/ptII/ptolemy/domains/continuous/test/auto/CausalityInterface13.xml (RunModel)" time="0.029" />
  <testcase classname="ptolemy.util.test.junit.AutoTests" name="[9] /home/travis/build/icyphy/ptII/ptolemy/domains/continuous/test/auto/CausalityInterface14.xml (RunModel)" time="0.036" />
  <testcase classname="ptolemy.util.test.junit.AutoTests" name="[10] /home/travis/build/icyphy/ptII/ptolemy/domains/continuous/test/auto/CausalityInterface4.xml (RunModel)" time="0.067" />
  <testcase classname="ptolemy.util.test.junit.AutoTests" name="[11] /home/travis/build/icyphy/ptII/ptolemy/domains/continuous/test/auto/CausalityInterface5.xml (RunModel)" time="0.043" />
  <testcase classname="ptolemy.util.test.junit.AutoTests" name="[12] /home/travis/build/icyphy/ptII/ptolemy/domains/continuous/test/auto/CausalityInterface6.xml (RunModel)" time="0.022" />
  <testcase classname="ptolemy.util.test.junit.AutoTests" name="[13] /home/travis/build/icyphy/ptII/ptolemy/domains/continuous/test/auto/CausalityInterface7.xml (RunModel)" time="0.044" />
  <testcase classname="ptolemy.util.test.junit.AutoTests" name="[14] /home/travis/build/icyphy/ptII/ptolemy/domains/continuous/test/auto/CausalityInterface8.xml (RunModel)" time="0.034" />
  <testcase classname="ptolemy.util.test.junit.AutoTests" name="[15] /home/travis/build/icyphy/ptII/ptolemy/domains/continuous/test/auto/CausalityInterface9.xml (RunModel)" time="0.049" />
  <testcase classname="ptolemy.util.test.junit.AutoTests" name="[16] /home/travis/build/icyphy/ptII/ptolemy/domains/continuous/test/auto/CausalityInterfaceFeedback1.xml (RunModel)" time="0.035" />
  <testcase classname="ptolemy.util.test.junit.AutoTests" name="[17] /home/travis/build/icyphy/ptII/ptolemy/domains/continuous/test/auto/CausalityInterfaceFeedback2.xml (RunModel)" time="0.033" />
  <testcase classname="ptolemy.util.test.junit.AutoTests" name="[18] /home/travis/build/icyphy/ptII/ptolemy/domains/continuous/test/auto/CompareWithCurrentTime.xml (RunModel)" time="0.023" />
  <testcase classname="ptolemy.util.test.junit.AutoTests" name="[19] /home/travis/build/icyphy/ptII/ptolemy/domains/continuous/test/auto/ComparedClocks.xml (RunModel)" time="0.075" />
  <testcase classname="ptolemy.util.test.junit.AutoTests" name="[20] /home/travis/build/icyphy/ptII/ptolemy/domains/continuous/test/auto/ContinuousAOCClone.xml (RunModel)" time="2.671" />
  <testcase classname="ptolemy.util.test.junit.AutoTests" name="[21] /home/travis/build/icyphy/ptII/ptolemy/domains/continuous/test/auto/ContinuousClock.xml (RunModel)" time="0.099" />
  <testcase classname="ptolemy.util.test.junit.AutoTests" name="[22] /home/travis/build/icyphy/ptII/ptolemy/domains/continuous/test/auto/ContinuousInContinuous.xml (RunModel)" time="0.087" />
  <testcase classname="ptolemy.util.test.junit.AutoTests" name="[23] /home/travis/build/icyphy/ptII/ptolemy/domains/continuous/test/auto/ContinuousInContinuousInContinuous.xml (RunModel)" time="0.022" />
  <testcase classname="ptolemy.util.test.junit.AutoTests" name="[24] /home/travis/build/icyphy/ptII/ptolemy/domains/continuous/test/auto/ContinuousInDE.xml (RunModel)" time="0.137" />
  <testcase classname="ptolemy.util.test.junit.AutoTests" name="[25] /home/travis/build/icyphy/ptII/ptolemy/domains/continuous/test/auto/ContinuousInDE2.xml (RunModel)" time="0.056" />
  <testcase classname="ptolemy.util.test.junit.AutoTests" name="[26] /home/travis/build/icyphy/ptII/ptolemy/domains/continuous/test/auto/ContinuousInDE3.xml (RunModel)" time="0.056" />
  <testcase classname="ptolemy.util.test.junit.AutoTests" name="[27] /home/travis/build/icyphy/ptII/ptolemy/domains/continuous/test/auto/ContinuousInDE4.xml (RunModel)" time="0.039" />
  <testcase classname="ptolemy.util.test.junit.AutoTests" name="[28] /home/travis/build/icyphy/ptII/ptolemy/domains/continuous/test/auto/ContinuousInDEDifferentRefinements.xml (RunModel)" time="0.09" />
  <testcase classname="ptolemy.util.test.junit.AutoTests" name="[29] /home/travis/build/icyphy/ptII/ptolemy/domains/continuous/test/auto/ContinuousInDEDifferentRefinementsPreemptive.xml (RunModel)" time="0.078" />
  <testcase classname="ptolemy.util.test.junit.AutoTests" name="[30] /home/travis/build/icyphy/ptII/ptolemy/domains/continuous/test/auto/ContinuousInDEInContinuous2.xml (RunModel)" time="0.055" />
  <testcase classname="ptolemy.util.test.junit.AutoTests" name="[31] /home/travis/build/icyphy/ptII/ptolemy/domains/continuous/test/auto/ContinuousInDEInContinuous3.xml (RunModel)" time="0.07" />
  <testcase classname="ptolemy.util.test.junit.AutoTests" name="[32] /home/travis/build/icyphy/ptII/ptolemy/domains/continuous/test/auto/ContinuousInDEInput.xml (RunModel)" time="0.044" />
  <testcase classname="ptolemy.util.test.junit.AutoTests" name="[33] /home/travis/build/icyphy/ptII/ptolemy/domains/continuous/test/auto/ContinuousInDEInput2.xml (RunModel)" time="0.046" />
  <testcase classname="ptolemy.util.test.junit.AutoTests" name="[34] /home/travis/build/icyphy/ptII/ptolemy/domains/continuous/test/auto/ContinuousInDEInput3.xml (RunModel)" time="0.038" />
  <testcase classname="ptolemy.util.test.junit.AutoTests" name="[35] /home/travis/build/icyphy/ptII/ptolemy/domains/continuous/test/auto/ContinuousInDESharingRefinement.xml (RunModel)" time="0.187" />
  <testcase classname="ptolemy.util.test.junit.AutoTests" name="[36] /home/travis/build/icyphy/ptII/ptolemy/domains/continuous/test/auto/ContinuousInDEwithNoPorts.xml (RunModel)" time="0.019" />
  <testcase classname="ptolemy.util.test.junit.AutoTests" name="[37] /home/travis/build/icyphy/ptII/ptolemy/domains/continuous/test/auto/ContinuousInsideDE.xml (RunModel)" time="0.067" />
  <testcase classname="ptolemy.util.test.junit.AutoTests" name="[38] /home/travis/build/icyphy/ptII/ptolemy/domains/continuous/test/auto/ContinuousMerge1.xml (RunModel)" time="0.02" />
  <testcase classname="ptolemy.util.test.junit.AutoTests" name="[39] /home/travis/build/icyphy/ptII/ptolemy/domains/continuous/test/auto/ContinuousMerge2.xml (RunModel)" time="0.047" />
  <testcase classname="ptolemy.util.test.junit.AutoTests" name="[40] /home/travis/build/icyphy/ptII/ptolemy/domains/continuous/test/auto/ContinuousMerge3.xml (RunModel)" time="0.089" />
  <testcase classname="ptolemy.util.test.junit.AutoTests" name="[41] /home/travis/build/icyphy/ptII/ptolemy/domains/continuous/test/auto/ContinuousWithinContinuous.xml (RunModel)" time="0.053" />
  <testcase classname="ptolemy.util.test.junit.AutoTests" name="[42] /home/travis/build/icyphy/ptII/ptolemy/domains/continuous/test/auto/ContinuousWithinContinuous2.xml (RunModel)" time="0.075" />
  <testcase classname="ptolemy.util.test.junit.AutoTests" name="[43] /home/travis/build/icyphy/ptII/ptolemy/domains/continuous/test/auto/ContinuousWithinContinuous3.xml (RunModel)" time="0.033" />
  <testcase classname="ptolemy.util.test.junit.AutoTests" name="[44] /home/travis/build/icyphy/ptII/ptolemy/domains/continuous/test/auto/ContinuousWithinContinuous4.xml (RunModel)" time="0.081" />
  <testcase classname="ptolemy.util.test.junit.AutoTests" name="[45] /home/travis/build/icyphy/ptII/ptolemy/domains/continuous/test/auto/ContinuousWithinContinuous5.xml (RunModel)" time="0.029" />
  <testcase classname="ptolemy.util.test.junit.AutoTests" name="[46] /home/travis/build/icyphy/ptII/ptolemy/domains/continuous/test/auto/ContinuousWithinContinuous6.xml (RunModel)" time="0.029" />
  <testcase classname="ptolemy.util.test.junit.AutoTests" name="[47] /home/travis/build/icyphy/ptII/ptolemy/domains/continuous/test/auto/ContinuousWithinContinuous7.xml (RunModel)" time="0.077" />
  <testcase classname="ptolemy.util.test.junit.AutoTests" name="[48] /home/travis/build/icyphy/ptII/ptolemy/domains/continuous/test/auto/DCMotor.xml (RunModel)" time="13.198" />
  <testcase classname="ptolemy.util.test.junit.AutoTests" name="[49] /home/travis/build/icyphy/ptII/ptolemy/domains/continuous/test/auto/DEInContinuous.xml (RunModel)" time="0.05" />
  <testcase classname="ptolemy.util.test.junit.AutoTests" name="[50] /home/travis/build/icyphy/ptII/ptolemy/domains/continuous/test/auto/DEinContinuous2.xml (RunModel)" time="0.041" />
  <testcase classname="ptolemy.util.test.junit.AutoTests" name="[51] /home/travis/build/icyphy/ptII/ptolemy/domains/continuous/test/auto/Derivative.xml (RunModel)" time="0.213" />
  <testcase classname="ptolemy.util.test.junit.AutoTests" name="[52] /home/travis/build/icyphy/ptII/ptolemy/domains/continuous/test/auto/Derivative1.xml (RunModel)" time="0.06" />
  <testcase classname="ptolemy.util.test.junit.AutoTests" name="[53] /home/travis/build/icyphy/ptII/ptolemy/domains/continuous/test/auto/DiscreteClock.xml (RunModel)" time="0.017" />
  <testcase classname="ptolemy.util.test.junit.AutoTests" name="[54] /home/travis/build/icyphy/ptII/ptolemy/domains/continuous/test/auto/EfficiencyCurve.xml (RunModel)" time="0.1" />
  <testcase classname="ptolemy.util.test.junit.AutoTests" name="[55] /home/travis/build/icyphy/ptII/ptolemy/domains/continuous/test/auto/ExponentialResponse.xml (RunModel)" time="0.12" />
  <testcase classname="ptolemy.util.test.junit.AutoTests" name="[56] /home/travis/build/icyphy/ptII/ptolemy/domains/continuous/test/auto/ExponentialResponseRK45.xml (RunModel)" time="0.034" />
  <testcase classname="ptolemy.util.test.junit.AutoTests" name="[57] /home/travis/build/icyphy/ptII/ptolemy/domains/continuous/test/auto/Friction.xml (RunModel)" time="1.657" />
  <testcase classname="ptolemy.util.test.junit.AutoTests" name="[58] /home/travis/build/icyphy/ptII/ptolemy/domains/continuous/test/auto/FurutaPendulum.xml (RunModel)" time="3.672" />
  <testcase classname="ptolemy.util.test.junit.AutoTests" name="[59] /home/travis/build/icyphy/ptII/ptolemy/domains/continuous/test/auto/HierarchicalExecution.xml (RunModel)" time="2.613" />
  <testcase classname="ptolemy.util.test.junit.AutoTests" name="[60] /home/travis/build/icyphy/ptII/ptolemy/domains/continuous/test/auto/HybridPlant.xml (RunModel)" time="0.606" />
  <testcase classname="ptolemy.util.test.junit.AutoTests" name="[61] /home/travis/build/icyphy/ptII/ptolemy/domains/continuous/test/auto/Hysteresis.xml (RunModel)" time="0.195" />
  <testcase classname="ptolemy.util.test.junit.AutoTests" name="[62] /home/travis/build/icyphy/ptII/ptolemy/domains/continuous/test/auto/HysteresisWithRandomDelay.xml (RunModel)" time="0.221" />
  <testcase classname="ptolemy.util.test.junit.AutoTests" name="[63] /home/travis/build/icyphy/ptII/ptolemy/domains/continuous/test/auto/HysteresisWithRandomLosses.xml (RunModel)" time="2.518" />
  <testcase classname="ptolemy.util.test.junit.AutoTests" name="[64] /home/travis/build/icyphy/ptII/ptolemy/domains/continuous/test/auto/ImmediateTransitions.xml (RunModel)" time="0.034" />
  <testcase classname="ptolemy.util.test.junit.AutoTests" name="[65] /home/travis/build/icyphy/ptII/ptolemy/domains/continuous/test/auto/ImpulseFeedback.xml (RunModel)" time="0.024" />
  <testcase classname="ptolemy.util.test.junit.AutoTests" name="[66] /home/travis/build/icyphy/ptII/ptolemy/domains/continuous/test/auto/ImpulseFeedback2.xml (RunModel)" time="0.018" />
  <testcase classname="ptolemy.util.test.junit.AutoTests" name="[67] /home/travis/build/icyphy/ptII/ptolemy/domains/continuous/test/auto/IncreasingRatePoisson.xml (RunModel)" time="0.777" />
  <testcase classname="ptolemy.util.test.junit.AutoTests" name="[68] /home/travis/build/icyphy/ptII/ptolemy/domains/continuous/test/auto/InitialStateFeedback.xml (RunModel)" time="0.019" />
  <testcase classname="ptolemy.util.test.junit.AutoTests" name="[69] /home/travis/build/icyphy/ptII/ptolemy/domains/continuous/test/auto/Integration.xml (RunModel)" time="0.012" />
  <testcase classname="ptolemy.util.test.junit.AutoTests" name="[70] /home/travis/build/icyphy/ptII/ptolemy/domains/continuous/test/auto/Integration2.xml (RunModel)" time="0.104" />
  <testcase classname="ptolemy.util.test.junit.AutoTests" name="[71] /home/travis/build/icyphy/ptII/ptolemy/domains/continuous/test/auto/Integration3.xml (RunModel)" time="0.013" />
  <testcase classname="ptolemy.util.test.junit.AutoTests" name="[72] /home/travis/build/icyphy/ptII/ptolemy/domains/continuous/test/auto/Integration5.xml (RunModel)" time="0.013" />
  <testcase classname="ptolemy.util.test.junit.AutoTests" name="[73] /home/travis/build/icyphy/ptII/ptolemy/domains/continuous/test/auto/IntegratorImpulse.xml (RunModel)" time="0.015" />
  <testcase classname="ptolemy.util.test.junit.AutoTests" name="[74] /home/travis/build/icyphy/ptII/ptolemy/domains/continuous/test/auto/IntegratorImpulse2.xml (RunModel)" time="0.012" />
  <testcase classname="ptolemy.util.test.junit.AutoTests" name="[75] /home/travis/build/icyphy/ptII/ptolemy/domains/continuous/test/auto/LevelCrossing1.xml (RunModel)" time="0.012" />
  <testcase classname="ptolemy.util.test.junit.AutoTests" name="[76] /home/travis/build/icyphy/ptII/ptolemy/domains/continuous/test/auto/LevelCrossing2.xml (RunModel)" time="0.014" />
  <testcase classname="ptolemy.util.test.junit.AutoTests" name="[77] /home/travis/build/icyphy/ptII/ptolemy/domains/continuous/test/auto/LevelCrossing3.xml (RunModel)" time="0.016" />
  <testcase classname="ptolemy.util.test.junit.AutoTests" name="[78] /home/travis/build/icyphy/ptII/ptolemy/domains/continuous/test/auto/LevelCrossing4.xml (RunModel)" time="0.016" />
  <testcase classname="ptolemy.util.test.junit.AutoTests" name="[79] /home/travis/build/icyphy/ptII/ptolemy/domains/continuous/test/auto/LevelCrossing5.xml (RunModel)" time="0.013" />
  <testcase classname="ptolemy.util.test.junit.AutoTests" name="[80] /home/travis/build/icyphy/ptII/ptolemy/domains/continuous/test/auto/LevelCrossing6.xml (RunModel)" time="0.013" />
  <testcase classname="ptolemy.util.test.junit.AutoTests" name="[81] /home/travis/build/icyphy/ptII/ptolemy/domains/continuous/test/auto/LevelCrossingDetector.xml (RunModel)" time="0.037" />
  <testcase classname="ptolemy.util.test.junit.AutoTests" name="[82] /home/travis/build/icyphy/ptII/ptolemy/domains/continuous/test/auto/LevelCrossingDetectorDetectingDirections.xml (RunModel)" time="0.088" />
  <testcase classname="ptolemy.util.test.junit.AutoTests" name="[83] /home/travis/build/icyphy/ptII/ptolemy/domains/continuous/test/auto/LevelCrossingDetectorDetectsGlitches.xml (RunModel)" time="0.062" />
  <testcase classname="ptolemy.util.test.junit.AutoTests" name="[84] /home/travis/build/icyphy/ptII/ptolemy/domains/continuous/test/auto/LevelCrossingNoInitialOuput.xml (RunModel)" time="0.013" />
  <testcase classname="ptolemy.util.test.junit.AutoTests" name="[85] /home/travis/build/icyphy/ptII/ptolemy/domains/continuous/test/auto/LinearStateSpaceExample.xml (RunModel)" time="0.058" />
  <testcase classname="ptolemy.util.test.junit.AutoTests" name="[86] /home/travis/build/icyphy/ptII/ptolemy/domains/continuous/test/auto/Lorenz.xml (RunModel)" time="4.15" />
  <testcase classname="ptolemy.util.test.junit.AutoTests" name="[87] /home/travis/build/icyphy/ptII/ptolemy/domains/continuous/test/auto/LorenzDifferentialSystem.xml (RunModel)" time="1.025" />
  <testcase classname="ptolemy.util.test.junit.AutoTests" name="[88] /home/travis/build/icyphy/ptII/ptolemy/domains/continuous/test/auto/LorenzDifferentialSystemWithInput.xml (RunModel)" time="1.374" />
  <testcase classname="ptolemy.util.test.junit.AutoTests" name="[89] /home/travis/build/icyphy/ptII/ptolemy/domains/continuous/test/auto/LorenzDifferentialSystemWithTime.xml (RunModel)" time="0.885" />
  <testcase classname="ptolemy.util.test.junit.AutoTests" name="[90] /home/travis/build/icyphy/ptII/ptolemy/domains/continuous/test/auto/Microsteps.xml (RunModel)" time="0.043" />
  <testcase classname="ptolemy.util.test.junit.AutoTests" name="[91] /home/travis/build/icyphy/ptII/ptolemy/domains/continuous/test/auto/Modal1.xml (RunModel)" time="0.041" />
  <testcase classname="ptolemy.util.test.junit.AutoTests" name="[92] /home/travis/build/icyphy/ptII/ptolemy/domains/continuous/test/auto/Modal2.xml (RunModel)" time="0.052" />
  <testcase classname="ptolemy.util.test.junit.AutoTests" name="[93] /home/travis/build/icyphy/ptII/ptolemy/domains/continuous/test/auto/ModalTransitionGuardWithReset.xml (RunModel)" time="0.027" />
  <testcase classname="ptolemy.util.test.junit.AutoTests" name="[94] /home/travis/build/icyphy/ptII/ptolemy/domains/continuous/test/auto/ModalTransitionGuardWithResetUsingPreemptiveTransition.xml (RunModel)" time="0.033" />
  <testcase classname="ptolemy.util.test.junit.AutoTests" name="[95] /home/travis/build/icyphy/ptII/ptolemy/domains/continuous/test/auto/ModalTransitionGuardWithResetUsingPreemptiveTransition2.xml (RunModel)" time="0.03" />
  <testcase classname="ptolemy.util.test.junit.AutoTests" name="[96] /home/travis/build/icyphy/ptII/ptolemy/domains/continuous/test/auto/ModalTransitionGuardWithResetUsingPreemptiveTransition3.xml (RunModel)" time="0.025" />
  <testcase classname="ptolemy.util.test.junit.AutoTests" name="[97] /home/travis/build/icyphy/ptII/ptolemy/domains/continuous/test/auto/NewtonsCradle.xml (RunModel)" time="0.815" />
  <testcase classname="ptolemy.util.test.junit.AutoTests" name="[98] /home/travis/build/icyphy/ptII/ptolemy/domains/continuous/test/auto/NewtonsCradleAnimated.xml (RunModel)" time="1.37" />
  <testcase classname="ptolemy.util.test.junit.AutoTests" name="[99] /home/travis/build/icyphy/ptII/ptolemy/domains/continuous/test/auto/NewtonsCradleComplicated.xml (RunModel)" time="0.995" />
  <testcase classname="ptolemy.util.test.junit.AutoTests" name="[100] /home/travis/build/icyphy/ptII/ptolemy/domains/continuous/test/auto/NewtonsCradleNondeterministic.xml (RunModel)" time="0.64" />
  <testcase classname="ptolemy.util.test.junit.AutoTests" name="[101] /home/travis/build/icyphy/ptII/ptolemy/domains/continuous/test/auto/NewtonsCradlePerfectlyInelastic1.xml (RunModel)" time="1.338" />
  <testcase classname="ptolemy.util.test.junit.AutoTests" name="[102] /home/travis/build/icyphy/ptII/ptolemy/domains/continuous/test/auto/Noise.xml (RunModel)" time="0.186" />
  <testcase classname="ptolemy.util.test.junit.AutoTests" name="[103] /home/travis/build/icyphy/ptII/ptolemy/domains/continuous/test/auto/NoiseSpectrum.xml (RunModel)" time="0.845" />
  <testcase classname="ptolemy.util.test.junit.AutoTests" name="[104] /home/travis/build/icyphy/ptII/ptolemy/domains/continuous/test/auto/ParameterizedNewtonsCradleAnimated.xml (RunModel)" time="0.373" />
  <testcase classname="ptolemy.util.test.junit.AutoTests" name="[105] /home/travis/build/icyphy/ptII/ptolemy/domains/continuous/test/auto/ParameterizedNewtonsCradleAnimatedNondeterministic.xml (RunModel)" time="1.226" />
  <testcase classname="ptolemy.util.test.junit.AutoTests" name="[106] /home/travis/build/icyphy/ptII/ptolemy/domains/continuous/test/auto/Pendulum3D.xml (RunModel)" time="0.178" />
  <testcase classname="ptolemy.util.test.junit.AutoTests" name="[107] /home/travis/build/icyphy/ptII/ptolemy/domains/continuous/test/auto/PeriodicSampler.xml (RunModel)" time="0.016" />
  <testcase classname="ptolemy.util.test.junit.AutoTests" name="[108] /home/travis/build/icyphy/ptII/ptolemy/domains/continuous/test/auto/PeriodicSampler1.xml (RunModel)" time="0.043" />
  <testcase classname="ptolemy.util.test.junit.AutoTests" name="[109] /home/travis/build/icyphy/ptII/ptolemy/domains/continuous/test/auto/PeriodicSampler2.xml (RunModel)" time="0.077" />
  <testcase classname="ptolemy.util.test.junit.AutoTests" name="[110] /home/travis/build/icyphy/ptII/ptolemy/domains/continuous/test/auto/Poisson.xml (RunModel)" time="0.479" />
  <testcase classname="ptolemy.util.test.junit.AutoTests" name="[111] /home/travis/build/icyphy/ptII/ptolemy/domains/continuous/test/auto/PoissonClock.xml (RunModel)" time="0.013" />
  <testcase classname="ptolemy.util.test.junit.AutoTests" name="[112] /home/travis/build/icyphy/ptII/ptolemy/domains/continuous/test/auto/PoissonClock2.xml (RunModel)" time="0.019" />
  <testcase classname="ptolemy.util.test.junit.AutoTests" name="[113] /home/travis/build/icyphy/ptII/ptolemy/domains/continuous/test/auto/PortParameterHierarchy.xml (RunModel)" time="0.028" />
  <testcase classname="ptolemy.util.test.junit.AutoTests" name="[114] /home/travis/build/icyphy/ptII/ptolemy/domains/continuous/test/auto/RandomHybridPlant.xml (RunModel)" time="0.546" />
  <testcase classname="ptolemy.util.test.junit.AutoTests" name="[115] /home/travis/build/icyphy/ptII/ptolemy/domains/continuous/test/auto/ResetTransitionWithStartTime1.xml (RunModel)" time="0.03" />
  <testcase classname="ptolemy.util.test.junit.AutoTests" name="[116] /home/travis/build/icyphy/ptII/ptolemy/domains/continuous/test/auto/ResetTransitionWithStartTime2.xml (RunModel)" time="0.032" />
  <testcase classname="ptolemy.util.test.junit.AutoTests" name="[117] /home/travis/build/icyphy/ptII/ptolemy/domains/continuous/test/auto/ResetTransitionWithStartTime3.xml (RunModel)" time="0.03" />
  <testcase classname="ptolemy.util.test.junit.AutoTests" name="[118] /home/travis/build/icyphy/ptII/ptolemy/domains/continuous/test/auto/ResetTransitionWithStartTime4.xml (RunModel)" time="0.023" />
  <testcase classname="ptolemy.util.test.junit.AutoTests" name="[119] /home/travis/build/icyphy/ptII/ptolemy/domains/continuous/test/auto/ResetTransitionWithStartTime5.xml (RunModel)" time="0.032" />
  <testcase classname="ptolemy.util.test.junit.AutoTests" name="[120] /home/travis/build/icyphy/ptII/ptolemy/domains/continuous/test/auto/ResetTransitionWithStartTime6.xml (RunModel)" time="0.022" />
  <testcase classname="ptolemy.util.test.junit.AutoTests" name="[121] /home/travis/build/icyphy/ptII/ptolemy/domains/continuous/test/auto/SRinContinuous.xml (RunModel)" time="0.021" />
  <testcase classname="ptolemy.util.test.junit.AutoTests" name="[122] /home/travis/build/icyphy/ptII/ptolemy/domains/continuous/test/auto/SampledClocks.xml (RunModel)" time="0.03" />
  <testcase classname="ptolemy.util.test.junit.AutoTests" name="[123] /home/travis/build/icyphy/ptII/ptolemy/domains/continuous/test/auto/Satellite.xml (RunModel)" time="0.902" />
  <testcase classname="ptolemy.util.test.junit.AutoTests" name="[124] /home/travis/build/icyphy/ptII/ptolemy/domains/continuous/test/auto/SigmaDelta.xml (RunModel)" time="2.695" />
  <testcase classname="ptolemy.util.test.junit.AutoTests" name="[125] /home/travis/build/icyphy/ptII/ptolemy/domains/continuous/test/auto/SingleRefinement.xml (RunModel)" time="0.441" />
  <testcase classname="ptolemy.util.test.junit.AutoTests" name="[126] /home/travis/build/icyphy/ptII/ptolemy/domains/continuous/test/auto/SinuBouncingBall.xml (RunModel)" time="0.877" />
  <testcase classname="ptolemy.util.test.junit.AutoTests" name="[127] /home/travis/build/icyphy/ptII/ptolemy/domains/continuous/test/auto/Sinusoid.xml (RunModel)" time="0.011" />
  <testcase classname="ptolemy.util.test.junit.AutoTests" name="[128] /home/travis/build/icyphy/ptII/ptolemy/domains/continuous/test/auto/SinusoidInNoise.xml (RunModel)" time="1.062" />
  <testcase classname="ptolemy.util.test.junit.AutoTests" name="[129] /home/travis/build/icyphy/ptII/ptolemy/domains/continuous/test/auto/SinusoidRK45.xml (RunModel)" time="0.012" />
  <testcase classname="ptolemy.util.test.junit.AutoTests" name="[130] /home/travis/build/icyphy/ptII/ptolemy/domains/continuous/test/auto/SinusoidWithMultipleImpulses.xml (RunModel)" time="0.011" />
  <testcase classname="ptolemy.util.test.junit.AutoTests" name="[131] /home/travis/build/icyphy/ptII/ptolemy/domains/continuous/test/auto/SquareWave.xml (RunModel)" time="0.212" />
  <testcase classname="ptolemy.util.test.junit.AutoTests" name="[132] /home/travis/build/icyphy/ptII/ptolemy/domains/continuous/test/auto/Starmac.xml (RunModel)" time="3.406" />
  <testcase classname="ptolemy.util.test.junit.AutoTests" name="[133] /home/travis/build/icyphy/ptII/ptolemy/domains/continuous/test/auto/StaticUnits.xml (RunModel)" time="2.776" />
  <testcase classname="ptolemy.util.test.junit.AutoTests" name="[134] /home/travis/build/icyphy/ptII/ptolemy/domains/continuous/test/auto/StickyMasses.xml (RunModel)" time="0.204" />
  <testcase classname="ptolemy.util.test.junit.AutoTests" name="[135] /home/travis/build/icyphy/ptII/ptolemy/domains/continuous/test/auto/StopTime.xml (RunModel)" time="0.081" />
  <testcase classname="ptolemy.util.test.junit.AutoTests" name="[136] /home/travis/build/icyphy/ptII/ptolemy/domains/continuous/test/auto/StopTime2.xml (RunModel)" time="0.051" />
  <testcase classname="ptolemy.util.test.junit.AutoTests" name="[137] /home/travis/build/icyphy/ptII/ptolemy/domains/continuous/test/auto/Switch.xml (RunModel)" time="0.058" />
  <testcase classname="ptolemy.util.test.junit.AutoTests" name="[138] /home/travis/build/icyphy/ptII/ptolemy/domains/continuous/test/auto/Thermostat.xml (RunModel)" time="0.202" />
  <testcase classname="ptolemy.util.test.junit.AutoTests" name="[139] /home/travis/build/icyphy/ptII/ptolemy/domains/continuous/test/auto/TimeDelay.xml (RunModel)" time="0.013" />
  <testcase classname="ptolemy.util.test.junit.AutoTests" name="[140] /home/travis/build/icyphy/ptII/ptolemy/domains/continuous/test/auto/TimeDelay2.xml (RunModel)" time="0.023" />
  <testcase classname="ptolemy.util.test.junit.AutoTests" name="[141] /home/travis/build/icyphy/ptII/ptolemy/domains/continuous/test/auto/TimeDelay3.xml (RunModel)" time="0.012" />
  <testcase classname="ptolemy.util.test.junit.AutoTests" name="[142] /home/travis/build/icyphy/ptII/ptolemy/domains/continuous/test/auto/TransferAbsentToInside.xml (RunModel)" time="0.12" />
  <testcase classname="ptolemy.util.test.junit.AutoTests" name="[143] /home/travis/build/icyphy/ptII/ptolemy/domains/continuous/test/auto/Transmission.xml (RunModel)" time="0.863" />
  <testcase classname="ptolemy.util.test.junit.AutoTests" name="[144] /home/travis/build/icyphy/ptII/ptolemy/domains/continuous/test/auto/TriggeredContinuousClock.xml (RunModel)" time="0.068" />
  <testcase classname="ptolemy.util.test.junit.AutoTests" name="[145] /home/travis/build/icyphy/ptII/ptolemy/domains/continuous/test/auto/TwoMachineInfiniteBusControl.xml (RunModel)" time="3.074" />
  <testcase classname="ptolemy.util.test.junit.AutoTests" name="[146] /home/travis/build/icyphy/ptII/ptolemy/domains/continuous/test/auto/V2V.xml (RunModel)" time="0.89" />
  <testcase classname="ptolemy.util.test.junit.AutoTests" name="[147] /home/travis/build/icyphy/ptII/ptolemy/domains/continuous/test/auto/hierarchicalModalModel.xml (RunModel)" time="0.032" />
  <testcase classname="ptolemy.util.test.junit.AutoTests" name="[148] /home/travis/build/icyphy/ptII/ptolemy/domains/continuous/test/auto/hierarchicalModalModel1.xml (RunModel)" time="0.029" />
  <testcase classname="ptolemy.util.test.junit.AutoTests" name="[149] /home/travis/build/icyphy/ptII/ptolemy/domains/continuous/test/auto/hierarchicalModalModel2.xml (RunModel)" time="0.035" />
  <testcase classname="ptolemy.util.test.junit.AutoTests" name="[150] /home/travis/build/icyphy/ptII/ptolemy/domains/continuous/test/auto/hierarchicalModalModel3.xml (RunModel)" time="0.025" />
  <testcase classname="ptolemy.util.test.junit.AutoTests" name="[151] /home/travis/build/icyphy/ptII/ptolemy/domains/continuous/test/auto/hierarchicalModalModel4.xml (RunModel)" time="0.024" />
  <testcase classname="ptolemy.util.test.junit.AutoTests" name="[152] /home/travis/build/icyphy/ptII/ptolemy/domains/continuous/test/auto/junk.xml (RunModel)" time="0.152" />
  <system-out><![CDATA[No tcl tests in /home/travis/build/icyphy/ptII/ptolemy/domains/continuous/test
No auto/knownFailedTests/*.xml tests in /home/travis/build/icyphy/ptII/ptolemy/domains/continuous/test
No auto/linux-amd64/*.xml tests in /home/travis/build/icyphy/ptII/ptolemy/domains/continuous/test
AutoTests.java: About to close Vertx.
AutoTests.java: Vertx closed.

===========================================================================================
----------------- testing Wed Nov 06 22:03:55 UTC 2019 /home/travis/build/icyphy/ptII/ptolemy/domains/continuous/test/auto/BouncingBall.xml
----------------- Instantiating /home/travis/build/icyphy/ptII/ptolemy/domains/continuous/test/auto/BouncingBall.xml
2386 ms. Memory: 120832K Free: 73570K (61%)
----------------- Invoking toplevel() on ptolemy.moml.MoMLSimpleApplication@5a20bfcf
----------------- Done invoking toplevel() on ptolemy.moml.MoMLSimpleApplication@5a20bfcf
reloadAllAccessors: .BouncingBall

===========================================================================================
----------------- testing Wed Nov 06 22:03:58 UTC 2019 /home/travis/build/icyphy/ptII/ptolemy/domains/continuous/test/auto/BouncingBallWithoutGR.xml
----------------- Instantiating /home/travis/build/icyphy/ptII/ptolemy/domains/continuous/test/auto/BouncingBallWithoutGR.xml
796 ms. Memory: 145408K Free: 54105K (37%)
----------------- Invoking toplevel() on ptolemy.moml.MoMLSimpleApplication@3f73647
----------------- Done invoking toplevel() on ptolemy.moml.MoMLSimpleApplication@3f73647
reloadAllAccessors: .BouncingBallWithoutGR

===========================================================================================
----------------- testing Wed Nov 06 22:03:59 UTC 2019 /home/travis/build/icyphy/ptII/ptolemy/domains/continuous/test/auto/Brownian.xml
----------------- Instantiating /home/travis/build/icyphy/ptII/ptolemy/domains/continuous/test/auto/Brownian.xml
40 ms. Memory: 145408K Free: 129913K (89%)
----------------- Invoking toplevel() on ptolemy.moml.MoMLSimpleApplication@2e46144a
----------------- Done invoking toplevel() on ptolemy.moml.MoMLSimpleApplication@2e46144a
reloadAllAccessors: .Brownian

===========================================================================================
----------------- testing Wed Nov 06 22:03:59 UTC 2019 /home/travis/build/icyphy/ptII/ptolemy/domains/continuous/test/auto/CarTracking.xml
----------------- Instantiating /home/travis/build/icyphy/ptII/ptolemy/domains/continuous/test/auto/CarTracking.xml
3449 ms. Memory: 210944K Free: 128407K (61%)
----------------- Invoking toplevel() on ptolemy.moml.MoMLSimpleApplication@7644c575
----------------- Done invoking toplevel() on ptolemy.moml.MoMLSimpleApplication@7644c575
reloadAllAccessors: .CarTracking

===========================================================================================
----------------- testing Wed Nov 06 22:04:03 UTC 2019 /home/travis/build/icyphy/ptII/ptolemy/domains/continuous/test/auto/CartPendulum.xml
----------------- Instantiating /home/travis/build/icyphy/ptII/ptolemy/domains/continuous/test/auto/CartPendulum.xml
410 ms. Memory: 210944K Free: 159319K (76%)
----------------- Invoking toplevel() on ptolemy.moml.MoMLSimpleApplication@12cf00ea
----------------- Done invoking toplevel() on ptolemy.moml.MoMLSimpleApplication@12cf00ea
reloadAllAccessors: .CartPendulum

===========================================================================================
----------------- testing Wed Nov 06 22:04:03 UTC 2019 /home/travis/build/icyphy/ptII/ptolemy/domains/continuous/test/auto/CausalityInterface10.xml
----------------- Instantiating /home/travis/build/icyphy/ptII/ptolemy/domains/continuous/test/auto/CausalityInterface10.xml
14 ms. Memory: 210944K Free: 148085K (70%)
----------------- Invoking toplevel() on ptolemy.moml.MoMLSimpleApplication@28174c9
----------------- Done invoking toplevel() on ptolemy.moml.MoMLSimpleApplication@28174c9
reloadAllAccessors: .CausalityInterface10

===========================================================================================
----------------- testing Wed Nov 06 22:04:03 UTC 2019 /home/travis/build/icyphy/ptII/ptolemy/domains/continuous/test/auto/CausalityInterface11.xml
----------------- Instantiating /home/travis/build/icyphy/ptII/ptolemy/domains/continuous/test/auto/CausalityInterface11.xml
12 ms. Memory: 210944K Free: 142455K (68%)
----------------- Invoking toplevel() on ptolemy.moml.MoMLSimpleApplication@7b4e9460
----------------- Done invoking toplevel() on ptolemy.moml.MoMLSimpleApplication@7b4e9460
reloadAllAccessors: .CausalityInterface11

===========================================================================================
----------------- testing Wed Nov 06 22:04:03 UTC 2019 /home/travis/build/icyphy/ptII/ptolemy/domains/continuous/test/auto/CausalityInterface12.xml
----------------- Instantiating /home/travis/build/icyphy/ptII/ptolemy/domains/continuous/test/auto/CausalityInterface12.xml
10 ms. Memory: 210944K Free: 136311K (65%)
----------------- Invoking toplevel() on ptolemy.moml.MoMLSimpleApplication@30ebfca6
----------------- Done invoking toplevel() on ptolemy.moml.MoMLSimpleApplication@30ebfca6
reloadAllAccessors: .CausalityInterface12

===========================================================================================
----------------- testing Wed Nov 06 22:04:03 UTC 2019 /home/travis/build/icyphy/ptII/ptolemy/domains/continuous/test/auto/CausalityInterface13.xml
----------------- Instantiating /home/travis/build/icyphy/ptII/ptolemy/domains/continuous/test/auto/CausalityInterface13.xml
7 ms. Memory: 210944K Free: 130167K (62%)
----------------- Invoking toplevel() on ptolemy.moml.MoMLSimpleApplication@68957851
----------------- Done invoking toplevel() on ptolemy.moml.MoMLSimpleApplication@68957851
reloadAllAccessors: .CausalityInterface13

===========================================================================================
----------------- testing Wed Nov 06 22:04:03 UTC 2019 /home/travis/build/icyphy/ptII/ptolemy/domains/continuous/test/auto/CausalityInterface14.xml
----------------- Instantiating /home/travis/build/icyphy/ptII/ptolemy/domains/continuous/test/auto/CausalityInterface14.xml
15 ms. Memory: 210944K Free: 124533K (59%)
----------------- Invoking toplevel() on ptolemy.moml.MoMLSimpleApplication@542890e2
----------------- Done invoking toplevel() on ptolemy.moml.MoMLSimpleApplication@542890e2
reloadAllAccessors: .CausalityInterface14

===========================================================================================
----------------- testing Wed Nov 06 22:04:03 UTC 2019 /home/travis/build/icyphy/ptII/ptolemy/domains/continuous/test/auto/CausalityInterface4.xml
----------------- Instantiating /home/travis/build/icyphy/ptII/ptolemy/domains/continuous/test/auto/CausalityInterface4.xml
4 ms. Memory: 210944K Free: 117879K (56%)
----------------- Invoking toplevel() on ptolemy.moml.MoMLSimpleApplication@2da8cc60
----------------- Done invoking toplevel() on ptolemy.moml.MoMLSimpleApplication@2da8cc60
reloadAllAccessors: .CausalityInterface4

===========================================================================================
----------------- testing Wed Nov 06 22:04:04 UTC 2019 /home/travis/build/icyphy/ptII/ptolemy/domains/continuous/test/auto/CausalityInterface5.xml
----------------- Instantiating /home/travis/build/icyphy/ptII/ptolemy/domains/continuous/test/auto/CausalityInterface5.xml
7 ms. Memory: 210944K Free: 109687K (52%)
----------------- Invoking toplevel() on ptolemy.moml.MoMLSimpleApplication@2933f5f9
----------------- Done invoking toplevel() on ptolemy.moml.MoMLSimpleApplication@2933f5f9
reloadAllAccessors: .CausalityInterface5

===========================================================================================
----------------- testing Wed Nov 06 22:04:04 UTC 2019 /home/travis/build/icyphy/ptII/ptolemy/domains/continuous/test/auto/CausalityInterface6.xml
----------------- Instantiating /home/travis/build/icyphy/ptII/ptolemy/domains/continuous/test/auto/CausalityInterface6.xml
7 ms. Memory: 210944K Free: 104039K (49%)
----------------- Invoking toplevel() on ptolemy.moml.MoMLSimpleApplication@4fccd3c3
----------------- Done invoking toplevel() on ptolemy.moml.MoMLSimpleApplication@4fccd3c3
reloadAllAccessors: .CausalityInterface6

===========================================================================================
----------------- testing Wed Nov 06 22:04:04 UTC 2019 /home/travis/build/icyphy/ptII/ptolemy/domains/continuous/test/auto/CausalityInterface7.xml
----------------- Instantiating /home/travis/build/icyphy/ptII/ptolemy/domains/continuous/test/auto/CausalityInterface7.xml
10 ms. Memory: 210944K Free: 95351K (45%)
----------------- Invoking toplevel() on ptolemy.moml.MoMLSimpleApplication@736a5c36
----------------- Done invoking toplevel() on ptolemy.moml.MoMLSimpleApplication@736a5c36
reloadAllAccessors: .CausalityInterface7

===========================================================================================
----------------- testing Wed Nov 06 22:04:04 UTC 2019 /home/travis/build/icyphy/ptII/ptolemy/domains/continuous/test/auto/CausalityInterface8.xml
----------------- Instantiating /home/travis/build/icyphy/ptII/ptolemy/domains/continuous/test/auto/CausalityInterface8.xml
4 ms. Memory: 210944K Free: 86645K (41%)
----------------- Invoking toplevel() on ptolemy.moml.MoMLSimpleApplication@46269b7d
----------------- Done invoking toplevel() on ptolemy.moml.MoMLSimpleApplication@46269b7d
reloadAllAccessors: .CausalityInterface8

===========================================================================================
----------------- testing Wed Nov 06 22:04:04 UTC 2019 /home/travis/build/icyphy/ptII/ptolemy/domains/continuous/test/auto/CausalityInterface9.xml
----------------- Instantiating /home/travis/build/icyphy/ptII/ptolemy/domains/continuous/test/auto/CausalityInterface9.xml
12 ms. Memory: 210944K Free: 75895K (36%)
----------------- Invoking toplevel() on ptolemy.moml.MoMLSimpleApplication@3ec8c1d
----------------- Done invoking toplevel() on ptolemy.moml.MoMLSimpleApplication@3ec8c1d
reloadAllAccessors: .CausalityInterface9

===========================================================================================
----------------- testing Wed Nov 06 22:04:04 UTC 2019 /home/travis/build/icyphy/ptII/ptolemy/domains/continuous/test/auto/CausalityInterfaceFeedback1.xml
----------------- Instantiating /home/travis/build/icyphy/ptII/ptolemy/domains/continuous/test/auto/CausalityInterfaceFeedback1.xml
5 ms. Memory: 210944K Free: 193603K (92%)
----------------- Invoking toplevel() on ptolemy.moml.MoMLSimpleApplication@7d5f5635
----------------- Done invoking toplevel() on ptolemy.moml.MoMLSimpleApplication@7d5f5635
reloadAllAccessors: .CausalityInterfaceFeedback1

===========================================================================================
----------------- testing Wed Nov 06 22:04:04 UTC 2019 /home/travis/build/icyphy/ptII/ptolemy/domains/continuous/test/auto/CausalityInterfaceFeedback2.xml
----------------- Instantiating /home/travis/build/icyphy/ptII/ptolemy/domains/continuous/test/auto/CausalityInterfaceFeedback2.xml
6 ms. Memory: 210944K Free: 186963K (89%)
----------------- Invoking toplevel() on ptolemy.moml.MoMLSimpleApplication@ba36ed5
----------------- Done invoking toplevel() on ptolemy.moml.MoMLSimpleApplication@ba36ed5
reloadAllAccessors: .CausalityInterfaceFeedback2

===========================================================================================
----------------- testing Wed Nov 06 22:04:04 UTC 2019 /home/travis/build/icyphy/ptII/ptolemy/domains/continuous/test/auto/CompareWithCurrentTime.xml
----------------- Instantiating /home/travis/build/icyphy/ptII/ptolemy/domains/continuous/test/auto/CompareWithCurrentTime.xml
3 ms. Memory: 210944K Free: 182867K (87%)
----------------- Invoking toplevel() on ptolemy.moml.MoMLSimpleApplication@353c7b23
----------------- Done invoking toplevel() on ptolemy.moml.MoMLSimpleApplication@353c7b23
reloadAllAccessors: .CompareWithCurrentTime

===========================================================================================
----------------- testing Wed Nov 06 22:04:04 UTC 2019 /home/travis/build/icyphy/ptII/ptolemy/domains/continuous/test/auto/ComparedClocks.xml
----------------- Instantiating /home/travis/build/icyphy/ptII/ptolemy/domains/continuous/test/auto/ComparedClocks.xml
10 ms. Memory: 210944K Free: 167507K (79%)
----------------- Invoking toplevel() on ptolemy.moml.MoMLSimpleApplication@28cf1a64
----------------- Done invoking toplevel() on ptolemy.moml.MoMLSimpleApplication@28cf1a64
reloadAllAccessors: .ComparedClocks

===========================================================================================
----------------- testing Wed Nov 06 22:04:04 UTC 2019 /home/travis/build/icyphy/ptII/ptolemy/domains/continuous/test/auto/ContinuousAOCClone.xml
----------------- Instantiating /home/travis/build/icyphy/ptII/ptolemy/domains/continuous/test/auto/ContinuousAOCClone.xml
2525 ms. Memory: 253952K Free: 178903K (70%)
----------------- Invoking toplevel() on ptolemy.moml.MoMLSimpleApplication@e1b1cb3
----------------- Done invoking toplevel() on ptolemy.moml.MoMLSimpleApplication@e1b1cb3
reloadAllAccessors: .ContinuousAOCClone

===========================================================================================
----------------- testing Wed Nov 06 22:04:07 UTC 2019 /home/travis/build/icyphy/ptII/ptolemy/domains/continuous/test/auto/ContinuousClock.xml
----------------- Instantiating /home/travis/build/icyphy/ptII/ptolemy/domains/continuous/test/auto/ContinuousClock.xml
30 ms. Memory: 253952K Free: 156879K (62%)
----------------- Invoking toplevel() on ptolemy.moml.MoMLSimpleApplication@1812c6b8
----------------- Done invoking toplevel() on ptolemy.moml.MoMLSimpleApplication@1812c6b8
reloadAllAccessors: .ContinuousClock

===========================================================================================
----------------- testing Wed Nov 06 22:04:07 UTC 2019 /home/travis/build/icyphy/ptII/ptolemy/domains/continuous/test/auto/ContinuousInContinuous.xml
----------------- Instantiating /home/travis/build/icyphy/ptII/ptolemy/domains/continuous/test/auto/ContinuousInContinuous.xml
41 ms. Memory: 253952K Free: 133319K (52%)
----------------- Invoking toplevel() on ptolemy.moml.MoMLSimpleApplication@27f78844
----------------- Done invoking toplevel() on ptolemy.moml.MoMLSimpleApplication@27f78844
reloadAllAccessors: .ContinuousInContinuous

===========================================================================================
----------------- testing Wed Nov 06 22:04:07 UTC 2019 /home/travis/build/icyphy/ptII/ptolemy/domains/continuous/test/auto/ContinuousInContinuousInContinuous.xml
----------------- Instantiating /home/travis/build/icyphy/ptII/ptolemy/domains/continuous/test/auto/ContinuousInContinuousInContinuous.xml
6 ms. Memory: 253952K Free: 125141K (49%)
----------------- Invoking toplevel() on ptolemy.moml.MoMLSimpleApplication@cfdcd96
----------------- Done invoking toplevel() on ptolemy.moml.MoMLSimpleApplication@cfdcd96
reloadAllAccessors: .ContinuousInContinuousInContinuous

===========================================================================================
----------------- testing Wed Nov 06 22:04:07 UTC 2019 /home/travis/build/icyphy/ptII/ptolemy/domains/continuous/test/auto/ContinuousInDE.xml
----------------- Instantiating /home/travis/build/icyphy/ptII/ptolemy/domains/continuous/test/auto/ContinuousInDE.xml
115 ms. Memory: 253952K Free: 114391K (45%)
----------------- Invoking toplevel() on ptolemy.moml.MoMLSimpleApplication@3de2a89a
----------------- Done invoking toplevel() on ptolemy.moml.MoMLSimpleApplication@3de2a89a
reloadAllAccessors: .ContinuousInDE

===========================================================================================
----------------- testing Wed Nov 06 22:04:07 UTC 2019 /home/travis/build/icyphy/ptII/ptolemy/domains/continuous/test/auto/ContinuousInDE2.xml
----------------- Instantiating /home/travis/build/icyphy/ptII/ptolemy/domains/continuous/test/auto/ContinuousInDE2.xml
40 ms. Memory: 253952K Free: 104661K (41%)
----------------- Invoking toplevel() on ptolemy.moml.MoMLSimpleApplication@707b70c1
----------------- Done invoking toplevel() on ptolemy.moml.MoMLSimpleApplication@707b70c1
reloadAllAccessors: .ContinuousInDE2

===========================================================================================
----------------- testing Wed Nov 06 22:04:07 UTC 2019 /home/travis/build/icyphy/ptII/ptolemy/domains/continuous/test/auto/ContinuousInDE3.xml
----------------- Instantiating /home/travis/build/icyphy/ptII/ptolemy/domains/continuous/test/auto/ContinuousInDE3.xml
38 ms. Memory: 253952K Free: 94935K (37%)
----------------- Invoking toplevel() on ptolemy.moml.MoMLSimpleApplication@47b05a24
----------------- Done invoking toplevel() on ptolemy.moml.MoMLSimpleApplication@47b05a24
reloadAllAccessors: .ContinuousInDE3

===========================================================================================
----------------- testing Wed Nov 06 22:04:07 UTC 2019 /home/travis/build/icyphy/ptII/ptolemy/domains/continuous/test/auto/ContinuousInDE4.xml
----------------- Instantiating /home/travis/build/icyphy/ptII/ptolemy/domains/continuous/test/auto/ContinuousInDE4.xml
20 ms. Memory: 253952K Free: 238998K (94%)
----------------- Invoking toplevel() on ptolemy.moml.MoMLSimpleApplication@410fc9d0
----------------- Done invoking toplevel() on ptolemy.moml.MoMLSimpleApplication@410fc9d0
reloadAllAccessors: .ContinuousInDE4

===========================================================================================
----------------- testing Wed Nov 06 22:04:07 UTC 2019 /home/travis/build/icyphy/ptII/ptolemy/domains/continuous/test/auto/ContinuousInDEDifferentRefinements.xml
----------------- Instantiating /home/travis/build/icyphy/ptII/ptolemy/domains/continuous/test/auto/ContinuousInDEDifferentRefinements.xml
56 ms. Memory: 253952K Free: 207557K (82%)
----------------- Invoking toplevel() on ptolemy.moml.MoMLSimpleApplication@65148bea
----------------- Done invoking toplevel() on ptolemy.moml.MoMLSimpleApplication@65148bea
reloadAllAccessors: .ContinuousInDEDifferentRefinements

===========================================================================================
----------------- testing Wed Nov 06 22:04:07 UTC 2019 /home/travis/build/icyphy/ptII/ptolemy/domains/continuous/test/auto/ContinuousInDEDifferentRefinementsPreemptive.xml
----------------- Instantiating /home/travis/build/icyphy/ptII/ptolemy/domains/continuous/test/auto/ContinuousInDEDifferentRefinementsPreemptive.xml
42 ms. Memory: 253952K Free: 176821K (70%)
----------------- Invoking toplevel() on ptolemy.moml.MoMLSimpleApplication@e6e2571
----------------- Done invoking toplevel() on ptolemy.moml.MoMLSimpleApplication@e6e2571
reloadAllAccessors: .ContinuousInDEDifferentRefinementsPreemptive

===========================================================================================
----------------- testing Wed Nov 06 22:04:07 UTC 2019 /home/travis/build/icyphy/ptII/ptolemy/domains/continuous/test/auto/ContinuousInDEInContinuous2.xml
----------------- Instantiating /home/travis/build/icyphy/ptII/ptolemy/domains/continuous/test/auto/ContinuousInDEInContinuous2.xml
36 ms. Memory: 253952K Free: 165588K (65%)
----------------- Invoking toplevel() on ptolemy.moml.MoMLSimpleApplication@f630d3b
----------------- Done invoking toplevel() on ptolemy.moml.MoMLSimpleApplication@f630d3b
reloadAllAccessors: .ContinuousInDEInContinuous2

===========================================================================================
----------------- testing Wed Nov 06 22:04:07 UTC 2019 /home/travis/build/icyphy/ptII/ptolemy/domains/continuous/test/auto/ContinuousInDEInContinuous3.xml
----------------- Instantiating /home/travis/build/icyphy/ptII/ptolemy/domains/continuous/test/auto/ContinuousInDEInContinuous3.xml
40 ms. Memory: 253952K Free: 153300K (60%)
----------------- Invoking toplevel() on ptolemy.moml.MoMLSimpleApplication@692b7ea8
----------------- Done invoking toplevel() on ptolemy.moml.MoMLSimpleApplication@692b7ea8
reloadAllAccessors: .ContinuousInDEInContinuous3

===========================================================================================
----------------- testing Wed Nov 06 22:04:07 UTC 2019 /home/travis/build/icyphy/ptII/ptolemy/domains/continuous/test/auto/ContinuousInDEInput.xml
----------------- Instantiating /home/travis/build/icyphy/ptII/ptolemy/domains/continuous/test/auto/ContinuousInDEInput.xml
21 ms. Memory: 253952K Free: 146132K (58%)
----------------- Invoking toplevel() on ptolemy.moml.MoMLSimpleApplication@59981344
----------------- Done invoking toplevel() on ptolemy.moml.MoMLSimpleApplication@59981344
reloadAllAccessors: .ContinuousInDEInput

===========================================================================================
----------------- testing Wed Nov 06 22:04:07 UTC 2019 /home/travis/build/icyphy/ptII/ptolemy/domains/continuous/test/auto/ContinuousInDEInput2.xml
----------------- Instantiating /home/travis/build/icyphy/ptII/ptolemy/domains/continuous/test/auto/ContinuousInDEInput2.xml
21 ms. Memory: 253952K Free: 138964K (55%)
----------------- Invoking toplevel() on ptolemy.moml.MoMLSimpleApplication@333d6762
----------------- Done invoking toplevel() on ptolemy.moml.MoMLSimpleApplication@333d6762
reloadAllAccessors: .ContinuousInDEInput2

===========================================================================================
----------------- testing Wed Nov 06 22:04:08 UTC 2019 /home/travis/build/icyphy/ptII/ptolemy/domains/continuous/test/auto/ContinuousInDEInput3.xml
----------------- Instantiating /home/travis/build/icyphy/ptII/ptolemy/domains/continuous/test/auto/ContinuousInDEInput3.xml
21 ms. Memory: 253952K Free: 131796K (52%)
----------------- Invoking toplevel() on ptolemy.moml.MoMLSimpleApplication@193df9ed
----------------- Done invoking toplevel() on ptolemy.moml.MoMLSimpleApplication@193df9ed
reloadAllAccessors: .ContinuousInDEInput3

===========================================================================================
----------------- testing Wed Nov 06 22:04:08 UTC 2019 /home/travis/build/icyphy/ptII/ptolemy/domains/continuous/test/auto/ContinuousInDESharingRefinement.xml
----------------- Instantiating /home/travis/build/icyphy/ptII/ptolemy/domains/continuous/test/auto/ContinuousInDESharingRefinement.xml
162 ms. Memory: 253952K Free: 188976K (74%)
----------------- Invoking toplevel() on ptolemy.moml.MoMLSimpleApplication@16ee63bc
----------------- Done invoking toplevel() on ptolemy.moml.MoMLSimpleApplication@16ee63bc
reloadAllAccessors: .ContinuousInDESharingRefinement

===========================================================================================
----------------- testing Wed Nov 06 22:04:08 UTC 2019 /home/travis/build/icyphy/ptII/ptolemy/domains/continuous/test/auto/ContinuousInDEwithNoPorts.xml
----------------- Instantiating /home/travis/build/icyphy/ptII/ptolemy/domains/continuous/test/auto/ContinuousInDEwithNoPorts.xml
2 ms. Memory: 253952K Free: 184352K (73%)
----------------- Invoking toplevel() on ptolemy.moml.MoMLSimpleApplication@64b96ad4
----------------- Done invoking toplevel() on ptolemy.moml.MoMLSimpleApplication@64b96ad4
reloadAllAccessors: .ContinuousInDEwithNoPorts

===========================================================================================
----------------- testing Wed Nov 06 22:04:08 UTC 2019 /home/travis/build/icyphy/ptII/ptolemy/domains/continuous/test/auto/ContinuousInsideDE.xml
----------------- Instantiating /home/travis/build/icyphy/ptII/ptolemy/domains/continuous/test/auto/ContinuousInsideDE.xml
37 ms. Memory: 253952K Free: 173102K (68%)
----------------- Invoking toplevel() on ptolemy.moml.MoMLSimpleApplication@7576a160
----------------- Done invoking toplevel() on ptolemy.moml.MoMLSimpleApplication@7576a160
reloadAllAccessors: .ContinuousInsideDE

===========================================================================================
----------------- testing Wed Nov 06 22:04:08 UTC 2019 /home/travis/build/icyphy/ptII/ptolemy/domains/continuous/test/auto/ContinuousMerge1.xml
----------------- Instantiating /home/travis/build/icyphy/ptII/ptolemy/domains/continuous/test/auto/ContinuousMerge1.xml
2 ms. Memory: 253952K Free: 168496K (66%)
----------------- Invoking toplevel() on ptolemy.moml.MoMLSimpleApplication@58c35cc6
----------------- Done invoking toplevel() on ptolemy.moml.MoMLSimpleApplication@58c35cc6
reloadAllAccessors: .ContinuousMerge1

===========================================================================================
----------------- testing Wed Nov 06 22:04:08 UTC 2019 /home/travis/build/icyphy/ptII/ptolemy/domains/continuous/test/auto/ContinuousMerge2.xml
----------------- Instantiating /home/travis/build/icyphy/ptII/ptolemy/domains/continuous/test/auto/ContinuousMerge2.xml
16 ms. Memory: 253952K Free: 157742K (62%)
----------------- Invoking toplevel() on ptolemy.moml.MoMLSimpleApplication@58f696d8
----------------- Done invoking toplevel() on ptolemy.moml.MoMLSimpleApplication@58f696d8
reloadAllAccessors: .ContinuousMerge2

===========================================================================================
----------------- testing Wed Nov 06 22:04:08 UTC 2019 /home/travis/build/icyphy/ptII/ptolemy/domains/continuous/test/auto/ContinuousMerge3.xml
----------------- Instantiating /home/travis/build/icyphy/ptII/ptolemy/domains/continuous/test/auto/ContinuousMerge3.xml
43 ms. Memory: 253952K Free: 146992K (58%)
----------------- Invoking toplevel() on ptolemy.moml.MoMLSimpleApplication@8001a93
----------------- Done invoking toplevel() on ptolemy.moml.MoMLSimpleApplication@8001a93
reloadAllAccessors: .ContinuousMerge3

===========================================================================================
----------------- testing Wed Nov 06 22:04:08 UTC 2019 /home/travis/build/icyphy/ptII/ptolemy/domains/continuous/test/auto/ContinuousWithinContinuous.xml
----------------- Instantiating /home/travis/build/icyphy/ptII/ptolemy/domains/continuous/test/auto/ContinuousWithinContinuous.xml
36 ms. Memory: 253952K Free: 137776K (54%)
----------------- Invoking toplevel() on ptolemy.moml.MoMLSimpleApplication@660bb6ba
----------------- Done invoking toplevel() on ptolemy.moml.MoMLSimpleApplication@660bb6ba
reloadAllAccessors: .ContinuousWithinContinuous

===========================================================================================
----------------- testing Wed Nov 06 22:04:08 UTC 2019 /home/travis/build/icyphy/ptII/ptolemy/domains/continuous/test/auto/ContinuousWithinContinuous2.xml
----------------- Instantiating /home/travis/build/icyphy/ptII/ptolemy/domains/continuous/test/auto/ContinuousWithinContinuous2.xml
63 ms. Memory: 253952K Free: 126512K (50%)
----------------- Invoking toplevel() on ptolemy.moml.MoMLSimpleApplication@520aa833
----------------- Done invoking toplevel() on ptolemy.moml.MoMLSimpleApplication@520aa833
reloadAllAccessors: .ContinuousWithinContinuous2

===========================================================================================
----------------- testing Wed Nov 06 22:04:08 UTC 2019 /home/travis/build/icyphy/ptII/ptolemy/domains/continuous/test/auto/ContinuousWithinContinuous3.xml
----------------- Instantiating /home/travis/build/icyphy/ptII/ptolemy/domains/continuous/test/auto/ContinuousWithinContinuous3.xml
15 ms. Memory: 253952K Free: 119854K (47%)
----------------- Invoking toplevel() on ptolemy.moml.MoMLSimpleApplication@1551ae0a
----------------- Done invoking toplevel() on ptolemy.moml.MoMLSimpleApplication@1551ae0a
reloadAllAccessors: .ContinuousWithinContinuous3

===========================================================================================
----------------- testing Wed Nov 06 22:04:08 UTC 2019 /home/travis/build/icyphy/ptII/ptolemy/domains/continuous/test/auto/ContinuousWithinContinuous4.xml
----------------- Instantiating /home/travis/build/icyphy/ptII/ptolemy/domains/continuous/test/auto/ContinuousWithinContinuous4.xml
66 ms. Memory: 253952K Free: 107566K (42%)
----------------- Invoking toplevel() on ptolemy.moml.MoMLSimpleApplication@759efda5
----------------- Done invoking toplevel() on ptolemy.moml.MoMLSimpleApplication@759efda5
reloadAllAccessors: .ContinuousWithinContinuous4

===========================================================================================
----------------- testing Wed Nov 06 22:04:08 UTC 2019 /home/travis/build/icyphy/ptII/ptolemy/domains/continuous/test/auto/ContinuousWithinContinuous5.xml
----------------- Instantiating /home/travis/build/icyphy/ptII/ptolemy/domains/continuous/test/auto/ContinuousWithinContinuous5.xml
13 ms. Memory: 253952K Free: 100398K (40%)
----------------- Invoking toplevel() on ptolemy.moml.MoMLSimpleApplication@287e6f6e
----------------- Done invoking toplevel() on ptolemy.moml.MoMLSimpleApplication@287e6f6e
reloadAllAccessors: .ContinuousWithinContinuous5

===========================================================================================
----------------- testing Wed Nov 06 22:04:08 UTC 2019 /home/travis/build/icyphy/ptII/ptolemy/domains/continuous/test/auto/ContinuousWithinContinuous6.xml
----------------- Instantiating /home/travis/build/icyphy/ptII/ptolemy/domains/continuous/test/auto/ContinuousWithinContinuous6.xml
11 ms. Memory: 253952K Free: 93230K (37%)
----------------- Invoking toplevel() on ptolemy.moml.MoMLSimpleApplication@11b25bcf
----------------- Done invoking toplevel() on ptolemy.moml.MoMLSimpleApplication@11b25bcf
reloadAllAccessors: .ContinuousWithinContinuous6

===========================================================================================
----------------- testing Wed Nov 06 22:04:08 UTC 2019 /home/travis/build/icyphy/ptII/ptolemy/domains/continuous/test/auto/ContinuousWithinContinuous7.xml
----------------- Instantiating /home/travis/build/icyphy/ptII/ptolemy/domains/continuous/test/auto/ContinuousWithinContinuous7.xml
56 ms. Memory: 253952K Free: 232879K (92%)
----------------- Invoking toplevel() on ptolemy.moml.MoMLSimpleApplication@7c8d3e77
----------------- Done invoking toplevel() on ptolemy.moml.MoMLSimpleApplication@7c8d3e77
reloadAllAccessors: .ContinuousWithinContinuous7

===========================================================================================
----------------- testing Wed Nov 06 22:04:08 UTC 2019 /home/travis/build/icyphy/ptII/ptolemy/domains/continuous/test/auto/DCMotor.xml
----------------- Instantiating /home/travis/build/icyphy/ptII/ptolemy/domains/continuous/test/auto/DCMotor.xml
13106 ms. Memory: 253952K Free: 153544K (60%)
----------------- Invoking toplevel() on ptolemy.moml.MoMLSimpleApplication@53e15129
----------------- Done invoking toplevel() on ptolemy.moml.MoMLSimpleApplication@53e15129
reloadAllAccessors: .DCMotor

===========================================================================================
----------------- testing Wed Nov 06 22:04:22 UTC 2019 /home/travis/build/icyphy/ptII/ptolemy/domains/continuous/test/auto/DEInContinuous.xml
----------------- Instantiating /home/travis/build/icyphy/ptII/ptolemy/domains/continuous/test/auto/DEInContinuous.xml
30 ms. Memory: 253952K Free: 147400K (58%)
----------------- Invoking toplevel() on ptolemy.moml.MoMLSimpleApplication@1e35d799
----------------- Done invoking toplevel() on ptolemy.moml.MoMLSimpleApplication@1e35d799
reloadAllAccessors: .DEInContinuous

===========================================================================================
----------------- testing Wed Nov 06 22:04:22 UTC 2019 /home/travis/build/icyphy/ptII/ptolemy/domains/continuous/test/auto/DEinContinuous2.xml
----------------- Instantiating /home/travis/build/icyphy/ptII/ptolemy/domains/continuous/test/auto/DEinContinuous2.xml
9 ms. Memory: 253952K Free: 139208K (55%)
----------------- Invoking toplevel() on ptolemy.moml.MoMLSimpleApplication@7b3dd6d3
----------------- Done invoking toplevel() on ptolemy.moml.MoMLSimpleApplication@7b3dd6d3
reloadAllAccessors: .DEinContinuous2

===========================================================================================
----------------- testing Wed Nov 06 22:04:22 UTC 2019 /home/travis/build/icyphy/ptII/ptolemy/domains/continuous/test/auto/Derivative.xml
----------------- Instantiating /home/travis/build/icyphy/ptII/ptolemy/domains/continuous/test/auto/Derivative.xml
163 ms. Memory: 253952K Free: 110022K (43%)
----------------- Invoking toplevel() on ptolemy.moml.MoMLSimpleApplication@3df6e4f1
----------------- Done invoking toplevel() on ptolemy.moml.MoMLSimpleApplication@3df6e4f1
reloadAllAccessors: .Derivative2

===========================================================================================
----------------- testing Wed Nov 06 22:04:22 UTC 2019 /home/travis/build/icyphy/ptII/ptolemy/domains/continuous/test/auto/Derivative1.xml
----------------- Instantiating /home/travis/build/icyphy/ptII/ptolemy/domains/continuous/test/auto/Derivative1.xml
28 ms. Memory: 253952K Free: 95686K (38%)
----------------- Invoking toplevel() on ptolemy.moml.MoMLSimpleApplication@5e1eb93d
----------------- Done invoking toplevel() on ptolemy.moml.MoMLSimpleApplication@5e1eb93d
reloadAllAccessors: .Derivative1

===========================================================================================
----------------- testing Wed Nov 06 22:04:22 UTC 2019 /home/travis/build/icyphy/ptII/ptolemy/domains/continuous/test/auto/DiscreteClock.xml
----------------- Instantiating /home/travis/build/icyphy/ptII/ptolemy/domains/continuous/test/auto/DiscreteClock.xml
4 ms. Memory: 253952K Free: 90566K (36%)
----------------- Invoking toplevel() on ptolemy.moml.MoMLSimpleApplication@7ed29ab1
----------------- Done invoking toplevel() on ptolemy.moml.MoMLSimpleApplication@7ed29ab1
reloadAllAccessors: .DiscreteClock

===========================================================================================
----------------- testing Wed Nov 06 22:04:22 UTC 2019 /home/travis/build/icyphy/ptII/ptolemy/domains/continuous/test/auto/EfficiencyCurve.xml
----------------- Instantiating /home/travis/build/icyphy/ptII/ptolemy/domains/continuous/test/auto/EfficiencyCurve.xml
50 ms. Memory: 253952K Free: 232059K (91%)
----------------- Invoking toplevel() on ptolemy.moml.MoMLSimpleApplication@61d91db4
----------------- Done invoking toplevel() on ptolemy.moml.MoMLSimpleApplication@61d91db4
reloadAllAccessors: .EfficiencyCurve

===========================================================================================
----------------- testing Wed Nov 06 22:04:22 UTC 2019 /home/travis/build/icyphy/ptII/ptolemy/domains/continuous/test/auto/ExponentialResponse.xml
----------------- Instantiating /home/travis/build/icyphy/ptII/ptolemy/domains/continuous/test/auto/ExponentialResponse.xml
100 ms. Memory: 253952K Free: 216187K (85%)
----------------- Invoking toplevel() on ptolemy.moml.MoMLSimpleApplication@824eb80
----------------- Done invoking toplevel() on ptolemy.moml.MoMLSimpleApplication@824eb80
reloadAllAccessors: .ExponentialResponse

===========================================================================================
----------------- testing Wed Nov 06 22:04:22 UTC 2019 /home/travis/build/icyphy/ptII/ptolemy/domains/continuous/test/auto/ExponentialResponseRK45.xml
----------------- Instantiating /home/travis/build/icyphy/ptII/ptolemy/domains/continuous/test/auto/ExponentialResponseRK45.xml
26 ms. Memory: 253952K Free: 209533K (83%)
----------------- Invoking toplevel() on ptolemy.moml.MoMLSimpleApplication@47a073f0
----------------- Done invoking toplevel() on ptolemy.moml.MoMLSimpleApplication@47a073f0
reloadAllAccessors: .ExponentialResponseRK45

===========================================================================================
----------------- testing Wed Nov 06 22:04:22 UTC 2019 /home/travis/build/icyphy/ptII/ptolemy/domains/continuous/test/auto/Friction.xml
----------------- Instantiating /home/travis/build/icyphy/ptII/ptolemy/domains/continuous/test/auto/Friction.xml
1520 ms. Memory: 253952K Free: 230117K (91%)
----------------- Invoking toplevel() on ptolemy.moml.MoMLSimpleApplication@2c6d280d
----------------- Done invoking toplevel() on ptolemy.moml.MoMLSimpleApplication@2c6d280d
reloadAllAccessors: .Friction

===========================================================================================
----------------- testing Wed Nov 06 22:04:24 UTC 2019 /home/travis/build/icyphy/ptII/ptolemy/domains/continuous/test/auto/FurutaPendulum.xml
----------------- Instantiating /home/travis/build/icyphy/ptII/ptolemy/domains/continuous/test/auto/FurutaPendulum.xml
3516 ms. Memory: 253952K Free: 160585K (63%)
----------------- Invoking toplevel() on ptolemy.moml.MoMLSimpleApplication@45f2de3c
----------------- Done invoking toplevel() on ptolemy.moml.MoMLSimpleApplication@45f2de3c
reloadAllAccessors: .FurutaPendulum

===========================================================================================
----------------- testing Wed Nov 06 22:04:28 UTC 2019 /home/travis/build/icyphy/ptII/ptolemy/domains/continuous/test/auto/HierarchicalExecution.xml
----------------- Instantiating /home/travis/build/icyphy/ptII/ptolemy/domains/continuous/test/auto/HierarchicalExecution.xml
2054 ms. Memory: 305152K Free: 248768K (82%)
----------------- Invoking toplevel() on ptolemy.moml.MoMLSimpleApplication@9188b32
----------------- Done invoking toplevel() on ptolemy.moml.MoMLSimpleApplication@9188b32
reloadAllAccessors: .HierarchicalExecution

===========================================================================================
----------------- testing Wed Nov 06 22:04:30 UTC 2019 /home/travis/build/icyphy/ptII/ptolemy/domains/continuous/test/auto/HybridPlant.xml
----------------- Instantiating /home/travis/build/icyphy/ptII/ptolemy/domains/continuous/test/auto/HybridPlant.xml
545 ms. Memory: 305152K Free: 164798K (54%)
----------------- Invoking toplevel() on ptolemy.moml.MoMLSimpleApplication@44ae4719
----------------- Done invoking toplevel() on ptolemy.moml.MoMLSimpleApplication@44ae4719
reloadAllAccessors: .HybridPlant

===========================================================================================
----------------- testing Wed Nov 06 22:04:31 UTC 2019 /home/travis/build/icyphy/ptII/ptolemy/domains/continuous/test/auto/Hysteresis.xml
----------------- Instantiating /home/travis/build/icyphy/ptII/ptolemy/domains/continuous/test/auto/Hysteresis.xml
149 ms. Memory: 305152K Free: 283053K (93%)
----------------- Invoking toplevel() on ptolemy.moml.MoMLSimpleApplication@5a344fdb
----------------- Done invoking toplevel() on ptolemy.moml.MoMLSimpleApplication@5a344fdb
reloadAllAccessors: .Hysteresis

===========================================================================================
----------------- testing Wed Nov 06 22:04:31 UTC 2019 /home/travis/build/icyphy/ptII/ptolemy/domains/continuous/test/auto/HysteresisWithRandomDelay.xml
----------------- Instantiating /home/travis/build/icyphy/ptII/ptolemy/domains/continuous/test/auto/HysteresisWithRandomDelay.xml
172 ms. Memory: 305152K Free: 210877K (69%)
----------------- Invoking toplevel() on ptolemy.moml.MoMLSimpleApplication@86f013d
----------------- Done invoking toplevel() on ptolemy.moml.MoMLSimpleApplication@86f013d
reloadAllAccessors: .HysteresisWithRandomDelay

===========================================================================================
----------------- testing Wed Nov 06 22:04:31 UTC 2019 /home/travis/build/icyphy/ptII/ptolemy/domains/continuous/test/auto/HysteresisWithRandomLosses.xml
----------------- Instantiating /home/travis/build/icyphy/ptII/ptolemy/domains/continuous/test/auto/HysteresisWithRandomLosses.xml
2431 ms. Memory: 305152K Free: 192626K (63%)
----------------- Invoking toplevel() on ptolemy.moml.MoMLSimpleApplication@5308d86d
----------------- Done invoking toplevel() on ptolemy.moml.MoMLSimpleApplication@5308d86d
reloadAllAccessors: .HysteresisWithRandomLosses

===========================================================================================
----------------- testing Wed Nov 06 22:04:34 UTC 2019 /home/travis/build/icyphy/ptII/ptolemy/domains/continuous/test/auto/ImmediateTransitions.xml
----------------- Instantiating /home/travis/build/icyphy/ptII/ptolemy/domains/continuous/test/auto/ImmediateTransitions.xml
11 ms. Memory: 305152K Free: 181890K (60%)
----------------- Invoking toplevel() on ptolemy.moml.MoMLSimpleApplication@8f3b433
----------------- Done invoking toplevel() on ptolemy.moml.MoMLSimpleApplication@8f3b433
reloadAllAccessors: .ImmediateTransitions

===========================================================================================
----------------- testing Wed Nov 06 22:04:34 UTC 2019 /home/travis/build/icyphy/ptII/ptolemy/domains/continuous/test/auto/ImpulseFeedback.xml
----------------- Instantiating /home/travis/build/icyphy/ptII/ptolemy/domains/continuous/test/auto/ImpulseFeedback.xml
9 ms. Memory: 305152K Free: 175746K (58%)
----------------- Invoking toplevel() on ptolemy.moml.MoMLSimpleApplication@7f397d81
----------------- Done invoking toplevel() on ptolemy.moml.MoMLSimpleApplication@7f397d81
reloadAllAccessors: .ImpulseFeedback

===========================================================================================
----------------- testing Wed Nov 06 22:04:34 UTC 2019 /home/travis/build/icyphy/ptII/ptolemy/domains/continuous/test/auto/ImpulseFeedback2.xml
----------------- Instantiating /home/travis/build/icyphy/ptII/ptolemy/domains/continuous/test/auto/ImpulseFeedback2.xml
6 ms. Memory: 305152K Free: 170112K (56%)
----------------- Invoking toplevel() on ptolemy.moml.MoMLSimpleApplication@41237894
----------------- Done invoking toplevel() on ptolemy.moml.MoMLSimpleApplication@41237894
reloadAllAccessors: .ImpulseFeedback2

===========================================================================================
----------------- testing Wed Nov 06 22:04:34 UTC 2019 /home/travis/build/icyphy/ptII/ptolemy/domains/continuous/test/auto/IncreasingRatePoisson.xml
----------------- Instantiating /home/travis/build/icyphy/ptII/ptolemy/domains/continuous/test/auto/IncreasingRatePoisson.xml
747 ms. Memory: 305152K Free: 219317K (72%)
----------------- Invoking toplevel() on ptolemy.moml.MoMLSimpleApplication@dc430ac
----------------- Done invoking toplevel() on ptolemy.moml.MoMLSimpleApplication@dc430ac
reloadAllAccessors: .IncreasingRatePoisson

===========================================================================================
----------------- testing Wed Nov 06 22:04:35 UTC 2019 /home/travis/build/icyphy/ptII/ptolemy/domains/continuous/test/auto/InitialStateFeedback.xml
----------------- Instantiating /home/travis/build/icyphy/ptII/ptolemy/domains/continuous/test/auto/InitialStateFeedback.xml
4 ms. Memory: 305152K Free: 214707K (70%)
----------------- Invoking toplevel() on ptolemy.moml.MoMLSimpleApplication@7caa46bb
----------------- Done invoking toplevel() on ptolemy.moml.MoMLSimpleApplication@7caa46bb
reloadAllAccessors: .InitialStateFeedback

===========================================================================================
----------------- testing Wed Nov 06 22:04:35 UTC 2019 /home/travis/build/icyphy/ptII/ptolemy/domains/continuous/test/auto/Integration.xml
----------------- Instantiating /home/travis/build/icyphy/ptII/ptolemy/domains/continuous/test/auto/Integration.xml
1 ms. Memory: 305152K Free: 210611K (69%)
----------------- Invoking toplevel() on ptolemy.moml.MoMLSimpleApplication@10e97072
----------------- Done invoking toplevel() on ptolemy.moml.MoMLSimpleApplication@10e97072
reloadAllAccessors: .Integration

===========================================================================================
----------------- testing Wed Nov 06 22:04:35 UTC 2019 /home/travis/build/icyphy/ptII/ptolemy/domains/continuous/test/auto/Integration2.xml
----------------- Instantiating /home/travis/build/icyphy/ptII/ptolemy/domains/continuous/test/auto/Integration2.xml
85 ms. Memory: 305152K Free: 196275K (64%)
----------------- Invoking toplevel() on ptolemy.moml.MoMLSimpleApplication@7004738a
----------------- Done invoking toplevel() on ptolemy.moml.MoMLSimpleApplication@7004738a
reloadAllAccessors: .Integration2

===========================================================================================
----------------- testing Wed Nov 06 22:04:35 UTC 2019 /home/travis/build/icyphy/ptII/ptolemy/domains/continuous/test/auto/Integration3.xml
----------------- Instantiating /home/travis/build/icyphy/ptII/ptolemy/domains/continuous/test/auto/Integration3.xml
3 ms. Memory: 305152K Free: 191669K (63%)
----------------- Invoking toplevel() on ptolemy.moml.MoMLSimpleApplication@f900d2a
----------------- Done invoking toplevel() on ptolemy.moml.MoMLSimpleApplication@f900d2a
reloadAllAccessors: .Integration3

===========================================================================================
----------------- testing Wed Nov 06 22:04:35 UTC 2019 /home/travis/build/icyphy/ptII/ptolemy/domains/continuous/test/auto/Integration5.xml
----------------- Instantiating /home/travis/build/icyphy/ptII/ptolemy/domains/continuous/test/auto/Integration5.xml
3 ms. Memory: 305152K Free: 187573K (61%)
----------------- Invoking toplevel() on ptolemy.moml.MoMLSimpleApplication@12fc485
----------------- Done invoking toplevel() on ptolemy.moml.MoMLSimpleApplication@12fc485
reloadAllAccessors: .Integration5

===========================================================================================
----------------- testing Wed Nov 06 22:04:35 UTC 2019 /home/travis/build/icyphy/ptII/ptolemy/domains/continuous/test/auto/IntegratorImpulse.xml
----------------- Instantiating /home/travis/build/icyphy/ptII/ptolemy/domains/continuous/test/auto/IntegratorImpulse.xml
2 ms. Memory: 305152K Free: 183477K (60%)
----------------- Invoking toplevel() on ptolemy.moml.MoMLSimpleApplication@f1b248e
----------------- Done invoking toplevel() on ptolemy.moml.MoMLSimpleApplication@f1b248e
reloadAllAccessors: .IntegratorImpulse

===========================================================================================
----------------- testing Wed Nov 06 22:04:35 UTC 2019 /home/travis/build/icyphy/ptII/ptolemy/domains/continuous/test/auto/IntegratorImpulse2.xml
----------------- Instantiating /home/travis/build/icyphy/ptII/ptolemy/domains/continuous/test/auto/IntegratorImpulse2.xml
4 ms. Memory: 305152K Free: 178837K (59%)
----------------- Invoking toplevel() on ptolemy.moml.MoMLSimpleApplication@443a2744
----------------- Done invoking toplevel() on ptolemy.moml.MoMLSimpleApplication@443a2744
reloadAllAccessors: .IntegratorImpulse2

===========================================================================================
----------------- testing Wed Nov 06 22:04:35 UTC 2019 /home/travis/build/icyphy/ptII/ptolemy/domains/continuous/test/auto/LevelCrossing1.xml
----------------- Instantiating /home/travis/build/icyphy/ptII/ptolemy/domains/continuous/test/auto/LevelCrossing1.xml
3 ms. Memory: 305152K Free: 173747K (57%)
----------------- Invoking toplevel() on ptolemy.moml.MoMLSimpleApplication@61008e8c
----------------- Done invoking toplevel() on ptolemy.moml.MoMLSimpleApplication@61008e8c
reloadAllAccessors: .LevelCrossing1

===========================================================================================
----------------- testing Wed Nov 06 22:04:35 UTC 2019 /home/travis/build/icyphy/ptII/ptolemy/domains/continuous/test/auto/LevelCrossing2.xml
----------------- Instantiating /home/travis/build/icyphy/ptII/ptolemy/domains/continuous/test/auto/LevelCrossing2.xml
3 ms. Memory: 305152K Free: 168621K (55%)
----------------- Invoking toplevel() on ptolemy.moml.MoMLSimpleApplication@25fe1532
----------------- Done invoking toplevel() on ptolemy.moml.MoMLSimpleApplication@25fe1532
reloadAllAccessors: .LevelCrossing2

===========================================================================================
----------------- testing Wed Nov 06 22:04:35 UTC 2019 /home/travis/build/icyphy/ptII/ptolemy/domains/continuous/test/auto/LevelCrossing3.xml
----------------- Instantiating /home/travis/build/icyphy/ptII/ptolemy/domains/continuous/test/auto/LevelCrossing3.xml
3 ms. Memory: 305152K Free: 163507K (54%)
----------------- Invoking toplevel() on ptolemy.moml.MoMLSimpleApplication@6869c6ff
----------------- Done invoking toplevel() on ptolemy.moml.MoMLSimpleApplication@6869c6ff
reloadAllAccessors: .LevelCrossing3

===========================================================================================
----------------- testing Wed Nov 06 22:04:35 UTC 2019 /home/travis/build/icyphy/ptII/ptolemy/domains/continuous/test/auto/LevelCrossing4.xml
----------------- Instantiating /home/travis/build/icyphy/ptII/ptolemy/domains/continuous/test/auto/LevelCrossing4.xml
3 ms. Memory: 305152K Free: 158373K (52%)
----------------- Invoking toplevel() on ptolemy.moml.MoMLSimpleApplication@6f6f3388
----------------- Done invoking toplevel() on ptolemy.moml.MoMLSimpleApplication@6f6f3388
reloadAllAccessors: .LevelCrossing4

===========================================================================================
----------------- testing Wed Nov 06 22:04:35 UTC 2019 /home/travis/build/icyphy/ptII/ptolemy/domains/continuous/test/auto/LevelCrossing5.xml
----------------- Instantiating /home/travis/build/icyphy/ptII/ptolemy/domains/continuous/test/auto/LevelCrossing5.xml
3 ms. Memory: 305152K Free: 153267K (50%)
----------------- Invoking toplevel() on ptolemy.moml.MoMLSimpleApplication@6f25537b
----------------- Done invoking toplevel() on ptolemy.moml.MoMLSimpleApplication@6f25537b
reloadAllAccessors: .LevelCrossing5

===========================================================================================
[...]
----------------- Instantiating /home/travis/build/icyphy/ptII/ptolemy/domains/continuous/test/auto/SRinContinuous.xml
4 ms. Memory: 305152K Free: 180214K (59%)
----------------- Invoking toplevel() on ptolemy.moml.MoMLSimpleApplication@115fa722
----------------- Done invoking toplevel() on ptolemy.moml.MoMLSimpleApplication@115fa722
reloadAllAccessors: .SRinContinuous

===========================================================================================
----------------- testing Wed Nov 06 22:04:52 UTC 2019 /home/travis/build/icyphy/ptII/ptolemy/domains/continuous/test/auto/SampledClocks.xml
----------------- Instantiating /home/travis/build/icyphy/ptII/ptolemy/domains/continuous/test/auto/SampledClocks.xml
6 ms. Memory: 305152K Free: 167416K (55%)
----------------- Invoking toplevel() on ptolemy.moml.MoMLSimpleApplication@52b665b9
----------------- Done invoking toplevel() on ptolemy.moml.MoMLSimpleApplication@52b665b9
reloadAllAccessors: .SampledClocks

===========================================================================================
----------------- testing Wed Nov 06 22:04:52 UTC 2019 /home/travis/build/icyphy/ptII/ptolemy/domains/continuous/test/auto/Satellite.xml
----------------- Instantiating /home/travis/build/icyphy/ptII/ptolemy/domains/continuous/test/auto/Satellite.xml
886 ms. Memory: 305152K Free: 156240K (51%)
----------------- Invoking toplevel() on ptolemy.moml.MoMLSimpleApplication@706ea173
----------------- Done invoking toplevel() on ptolemy.moml.MoMLSimpleApplication@706ea173
reloadAllAccessors: .Satellite

===========================================================================================
----------------- testing Wed Nov 06 22:04:53 UTC 2019 /home/travis/build/icyphy/ptII/ptolemy/domains/continuous/test/auto/SigmaDelta.xml
----------------- Instantiating /home/travis/build/icyphy/ptII/ptolemy/domains/continuous/test/auto/SigmaDelta.xml
2547 ms. Memory: 305152K Free: 249645K (82%)
----------------- Invoking toplevel() on ptolemy.moml.MoMLSimpleApplication@3fff226
----------------- Done invoking toplevel() on ptolemy.moml.MoMLSimpleApplication@3fff226
reloadAllAccessors: .SigmaDelta

===========================================================================================
----------------- testing Wed Nov 06 22:04:56 UTC 2019 /home/travis/build/icyphy/ptII/ptolemy/domains/continuous/test/auto/SingleRefinement.xml
----------------- Instantiating /home/travis/build/icyphy/ptII/ptolemy/domains/continuous/test/auto/SingleRefinement.xml
332 ms. Memory: 305152K Free: 247085K (81%)
----------------- Invoking toplevel() on ptolemy.moml.MoMLSimpleApplication@78734cbf
----------------- Done invoking toplevel() on ptolemy.moml.MoMLSimpleApplication@78734cbf
reloadAllAccessors: .SingleRefinement

===========================================================================================
----------------- testing Wed Nov 06 22:04:56 UTC 2019 /home/travis/build/icyphy/ptII/ptolemy/domains/continuous/test/auto/SinuBouncingBall.xml
----------------- Instantiating /home/travis/build/icyphy/ptII/ptolemy/domains/continuous/test/auto/SinuBouncingBall.xml
797 ms. Memory: 305152K Free: 210968K (69%)
----------------- Invoking toplevel() on ptolemy.moml.MoMLSimpleApplication@4f348428
----------------- Done invoking toplevel() on ptolemy.moml.MoMLSimpleApplication@4f348428
reloadAllAccessors: .SinuBouncingBall

===========================================================================================
----------------- testing Wed Nov 06 22:04:57 UTC 2019 /home/travis/build/icyphy/ptII/ptolemy/domains/continuous/test/auto/Sinusoid.xml
----------------- Instantiating /home/travis/build/icyphy/ptII/ptolemy/domains/continuous/test/auto/Sinusoid.xml
5 ms. Memory: 305152K Free: 206362K (68%)
----------------- Invoking toplevel() on ptolemy.moml.MoMLSimpleApplication@64f00e55
----------------- Done invoking toplevel() on ptolemy.moml.MoMLSimpleApplication@64f00e55
reloadAllAccessors: .Sinusoid

===========================================================================================
----------------- testing Wed Nov 06 22:04:57 UTC 2019 /home/travis/build/icyphy/ptII/ptolemy/domains/continuous/test/auto/SinusoidInNoise.xml
----------------- Instantiating /home/travis/build/icyphy/ptII/ptolemy/domains/continuous/test/auto/SinusoidInNoise.xml
1021 ms. Memory: 305152K Free: 250469K (82%)
----------------- Invoking toplevel() on ptolemy.moml.MoMLSimpleApplication@164f7eb0
----------------- Done invoking toplevel() on ptolemy.moml.MoMLSimpleApplication@164f7eb0
reloadAllAccessors: .SinusoidInNoise

===========================================================================================
----------------- testing Wed Nov 06 22:04:58 UTC 2019 /home/travis/build/icyphy/ptII/ptolemy/domains/continuous/test/auto/SinusoidRK45.xml
----------------- Instantiating /home/travis/build/icyphy/ptII/ptolemy/domains/continuous/test/auto/SinusoidRK45.xml
2 ms. Memory: 305152K Free: 245863K (81%)
----------------- Invoking toplevel() on ptolemy.moml.MoMLSimpleApplication@331dda45
----------------- Done invoking toplevel() on ptolemy.moml.MoMLSimpleApplication@331dda45
reloadAllAccessors: .SinusoidRK45

===========================================================================================
----------------- testing Wed Nov 06 22:04:58 UTC 2019 /home/travis/build/icyphy/ptII/ptolemy/domains/continuous/test/auto/SinusoidWithMultipleImpulses.xml
----------------- Instantiating /home/travis/build/icyphy/ptII/ptolemy/domains/continuous/test/auto/SinusoidWithMultipleImpulses.xml
3 ms. Memory: 305152K Free: 241253K (79%)
----------------- Invoking toplevel() on ptolemy.moml.MoMLSimpleApplication@649f480d
----------------- Done invoking toplevel() on ptolemy.moml.MoMLSimpleApplication@649f480d
reloadAllAccessors: .SinusoidWithMultipleImpulses

===========================================================================================
----------------- testing Wed Nov 06 22:04:58 UTC 2019 /home/travis/build/icyphy/ptII/ptolemy/domains/continuous/test/auto/SquareWave.xml
----------------- Instantiating /home/travis/build/icyphy/ptII/ptolemy/domains/continuous/test/auto/SquareWave.xml
174 ms. Memory: 305152K Free: 214119K (70%)
----------------- Invoking toplevel() on ptolemy.moml.MoMLSimpleApplication@4ffe4877
----------------- Done invoking toplevel() on ptolemy.moml.MoMLSimpleApplication@4ffe4877
reloadAllAccessors: .SquareWave

===========================================================================================
----------------- testing Wed Nov 06 22:04:59 UTC 2019 /home/travis/build/icyphy/ptII/ptolemy/domains/continuous/test/auto/Starmac.xml
----------------- Instantiating /home/travis/build/icyphy/ptII/ptolemy/domains/continuous/test/auto/Starmac.xml
3071 ms. Memory: 305152K Free: 261399K (86%)
----------------- Invoking toplevel() on ptolemy.moml.MoMLSimpleApplication@7a3ba23b
----------------- Done invoking toplevel() on ptolemy.moml.MoMLSimpleApplication@7a3ba23b
reloadAllAccessors: .Starmac

===========================================================================================
----------------- testing Wed Nov 06 22:05:02 UTC 2019 /home/travis/build/icyphy/ptII/ptolemy/domains/continuous/test/auto/StaticUnits.xml
----------------- Instantiating /home/travis/build/icyphy/ptII/ptolemy/domains/continuous/test/auto/StaticUnits.xml
2114 ms. Memory: 305152K Free: 169149K (55%)
----------------- Invoking toplevel() on ptolemy.moml.MoMLSimpleApplication@72c565b5
----------------- Done invoking toplevel() on ptolemy.moml.MoMLSimpleApplication@72c565b5
reloadAllAccessors: .StaticUnits

===========================================================================================
----------------- testing Wed Nov 06 22:05:05 UTC 2019 /home/travis/build/icyphy/ptII/ptolemy/domains/continuous/test/auto/StickyMasses.xml
----------------- Instantiating /home/travis/build/icyphy/ptII/ptolemy/domains/continuous/test/auto/StickyMasses.xml
152 ms. Memory: 305152K Free: 119997K (39%)
----------------- Invoking toplevel() on ptolemy.moml.MoMLSimpleApplication@948240e
----------------- Done invoking toplevel() on ptolemy.moml.MoMLSimpleApplication@948240e
reloadAllAccessors: .StickyMasses

===========================================================================================
----------------- testing Wed Nov 06 22:05:05 UTC 2019 /home/travis/build/icyphy/ptII/ptolemy/domains/continuous/test/auto/StopTime.xml
----------------- Instantiating /home/travis/build/icyphy/ptII/ptolemy/domains/continuous/test/auto/StopTime.xml
59 ms. Memory: 305152K Free: 272061K (89%)
----------------- Invoking toplevel() on ptolemy.moml.MoMLSimpleApplication@447ff2d6
----------------- Done invoking toplevel() on ptolemy.moml.MoMLSimpleApplication@447ff2d6
reloadAllAccessors: .StopTime

===========================================================================================
----------------- testing Wed Nov 06 22:05:05 UTC 2019 /home/travis/build/icyphy/ptII/ptolemy/domains/continuous/test/auto/StopTime2.xml
----------------- Instantiating /home/travis/build/icyphy/ptII/ptolemy/domains/continuous/test/auto/StopTime2.xml
32 ms. Memory: 305152K Free: 249533K (82%)
----------------- Invoking toplevel() on ptolemy.moml.MoMLSimpleApplication@1c0d271c
----------------- Done invoking toplevel() on ptolemy.moml.MoMLSimpleApplication@1c0d271c
reloadAllAccessors: .StopTime2

===========================================================================================
----------------- testing Wed Nov 06 22:05:05 UTC 2019 /home/travis/build/icyphy/ptII/ptolemy/domains/continuous/test/auto/Switch.xml
----------------- Instantiating /home/travis/build/icyphy/ptII/ptolemy/domains/continuous/test/auto/Switch.xml
39 ms. Memory: 305152K Free: 224428K (74%)
----------------- Invoking toplevel() on ptolemy.moml.MoMLSimpleApplication@2688ac40
----------------- Done invoking toplevel() on ptolemy.moml.MoMLSimpleApplication@2688ac40
reloadAllAccessors: .Switch

===========================================================================================
----------------- testing Wed Nov 06 22:05:05 UTC 2019 /home/travis/build/icyphy/ptII/ptolemy/domains/continuous/test/auto/Thermostat.xml
----------------- Instantiating /home/travis/build/icyphy/ptII/ptolemy/domains/continuous/test/auto/Thermostat.xml
179 ms. Memory: 305152K Free: 152253K (50%)
----------------- Invoking toplevel() on ptolemy.moml.MoMLSimpleApplication@463c849b
----------------- Done invoking toplevel() on ptolemy.moml.MoMLSimpleApplication@463c849b
reloadAllAccessors: .Thermostat

===========================================================================================
----------------- testing Wed Nov 06 22:05:05 UTC 2019 /home/travis/build/icyphy/ptII/ptolemy/domains/continuous/test/auto/TimeDelay.xml
----------------- Instantiating /home/travis/build/icyphy/ptII/ptolemy/domains/continuous/test/auto/TimeDelay.xml
5 ms. Memory: 305152K Free: 147612K (48%)
----------------- Invoking toplevel() on ptolemy.moml.MoMLSimpleApplication@33d45d2b
----------------- Done invoking toplevel() on ptolemy.moml.MoMLSimpleApplication@33d45d2b
reloadAllAccessors: .TimeDelay

===========================================================================================
----------------- testing Wed Nov 06 22:05:05 UTC 2019 /home/travis/build/icyphy/ptII/ptolemy/domains/continuous/test/auto/TimeDelay2.xml
----------------- Instantiating /home/travis/build/icyphy/ptII/ptolemy/domains/continuous/test/auto/TimeDelay2.xml
7 ms. Memory: 305152K Free: 137403K (45%)
----------------- Invoking toplevel() on ptolemy.moml.MoMLSimpleApplication@bd86a3c
----------------- Done invoking toplevel() on ptolemy.moml.MoMLSimpleApplication@bd86a3c
reloadAllAccessors: .TimeDelay2

===========================================================================================
----------------- testing Wed Nov 06 22:05:05 UTC 2019 /home/travis/build/icyphy/ptII/ptolemy/domains/continuous/test/auto/TimeDelay3.xml
----------------- Instantiating /home/travis/build/icyphy/ptII/ptolemy/domains/continuous/test/auto/TimeDelay3.xml
5 ms. Memory: 305152K Free: 132795K (44%)
----------------- Invoking toplevel() on ptolemy.moml.MoMLSimpleApplication@26156bc
----------------- Done invoking toplevel() on ptolemy.moml.MoMLSimpleApplication@26156bc
reloadAllAccessors: .TimeDelay3

===========================================================================================
----------------- testing Wed Nov 06 22:05:05 UTC 2019 /home/travis/build/icyphy/ptII/ptolemy/domains/continuous/test/auto/TransferAbsentToInside.xml
----------------- Instantiating /home/travis/build/icyphy/ptII/ptolemy/domains/continuous/test/auto/TransferAbsentToInside.xml
31 ms. Memory: 305152K Free: 254640K (83%)
----------------- Invoking toplevel() on ptolemy.moml.MoMLSimpleApplication@12f44a2a
----------------- Done invoking toplevel() on ptolemy.moml.MoMLSimpleApplication@12f44a2a
reloadAllAccessors: .TransferAbsentToInside

===========================================================================================
----------------- testing Wed Nov 06 22:05:06 UTC 2019 /home/travis/build/icyphy/ptII/ptolemy/domains/continuous/test/auto/Transmission.xml
----------------- Instantiating /home/travis/build/icyphy/ptII/ptolemy/domains/continuous/test/auto/Transmission.xml
833 ms. Memory: 305152K Free: 200841K (66%)
----------------- Invoking toplevel() on ptolemy.moml.MoMLSimpleApplication@76919f4
----------------- Done invoking toplevel() on ptolemy.moml.MoMLSimpleApplication@76919f4
reloadAllAccessors: .Transmission

===========================================================================================
----------------- testing Wed Nov 06 22:05:06 UTC 2019 /home/travis/build/icyphy/ptII/ptolemy/domains/continuous/test/auto/TriggeredContinuousClock.xml
----------------- Instantiating /home/travis/build/icyphy/ptII/ptolemy/domains/continuous/test/auto/TriggeredContinuousClock.xml
37 ms. Memory: 305152K Free: 171145K (56%)
----------------- Invoking toplevel() on ptolemy.moml.MoMLSimpleApplication@4b700f8d
----------------- Done invoking toplevel() on ptolemy.moml.MoMLSimpleApplication@4b700f8d
reloadAllAccessors: .TriggeredContinuousClock

===========================================================================================
----------------- testing Wed Nov 06 22:05:06 UTC 2019 /home/travis/build/icyphy/ptII/ptolemy/domains/continuous/test/auto/TwoMachineInfiniteBusControl.xml
----------------- Instantiating /home/travis/build/icyphy/ptII/ptolemy/domains/continuous/test/auto/TwoMachineInfiniteBusControl.xml
2950 ms. Memory: 305152K Free: 280694K (92%)
----------------- Invoking toplevel() on ptolemy.moml.MoMLSimpleApplication@6a050ae4
----------------- Done invoking toplevel() on ptolemy.moml.MoMLSimpleApplication@6a050ae4
reloadAllAccessors: .TwoMachineInfiniteBusControl

===========================================================================================
----------------- testing Wed Nov 06 22:05:10 UTC 2019 /home/travis/build/icyphy/ptII/ptolemy/domains/continuous/test/auto/V2V.xml
----------------- Instantiating /home/travis/build/icyphy/ptII/ptolemy/domains/continuous/test/auto/V2V.xml
817 ms. Memory: 305152K Free: 268399K (88%)
----------------- Invoking toplevel() on ptolemy.moml.MoMLSimpleApplication@569b30eb
----------------- Done invoking toplevel() on ptolemy.moml.MoMLSimpleApplication@569b30eb
reloadAllAccessors: .V2V

===========================================================================================
----------------- testing Wed Nov 06 22:05:10 UTC 2019 /home/travis/build/icyphy/ptII/ptolemy/domains/continuous/test/auto/hierarchicalModalModel.xml
----------------- Instantiating /home/travis/build/icyphy/ptII/ptolemy/domains/continuous/test/auto/hierarchicalModalModel.xml
9 ms. Memory: 305152K Free: 254063K (83%)
----------------- Invoking toplevel() on ptolemy.moml.MoMLSimpleApplication@42eb3777
----------------- Done invoking toplevel() on ptolemy.moml.MoMLSimpleApplication@42eb3777
reloadAllAccessors: .hierarchicalModalModel

===========================================================================================
----------------- testing Wed Nov 06 22:05:10 UTC 2019 /home/travis/build/icyphy/ptII/ptolemy/domains/continuous/test/auto/hierarchicalModalModel1.xml
----------------- Instantiating /home/travis/build/icyphy/ptII/ptolemy/domains/continuous/test/auto/hierarchicalModalModel1.xml
8 ms. Memory: 305152K Free: 239727K (79%)
----------------- Invoking toplevel() on ptolemy.moml.MoMLSimpleApplication@178bd885
----------------- Done invoking toplevel() on ptolemy.moml.MoMLSimpleApplication@178bd885
reloadAllAccessors: .hierarchicalModalModel1

===========================================================================================
----------------- testing Wed Nov 06 22:05:11 UTC 2019 /home/travis/build/icyphy/ptII/ptolemy/domains/continuous/test/auto/hierarchicalModalModel2.xml
----------------- Instantiating /home/travis/build/icyphy/ptII/ptolemy/domains/continuous/test/auto/hierarchicalModalModel2.xml
6 ms. Memory: 305152K Free: 227439K (75%)
----------------- Invoking toplevel() on ptolemy.moml.MoMLSimpleApplication@537ab3b8
----------------- Done invoking toplevel() on ptolemy.moml.MoMLSimpleApplication@537ab3b8
reloadAllAccessors: .hierarchicalModalModel2

===========================================================================================
----------------- testing Wed Nov 06 22:05:11 UTC 2019 /home/travis/build/icyphy/ptII/ptolemy/domains/continuous/test/auto/hierarchicalModalModel3.xml
----------------- Instantiating /home/travis/build/icyphy/ptII/ptolemy/domains/continuous/test/auto/hierarchicalModalModel3.xml
8 ms. Memory: 305152K Free: 216685K (71%)
----------------- Invoking toplevel() on ptolemy.moml.MoMLSimpleApplication@3a6b8816
----------------- Done invoking toplevel() on ptolemy.moml.MoMLSimpleApplication@3a6b8816
reloadAllAccessors: .hierarchicalModalModel3

===========================================================================================
----------------- testing Wed Nov 06 22:05:11 UTC 2019 /home/travis/build/icyphy/ptII/ptolemy/domains/continuous/test/auto/hierarchicalModalModel4.xml
----------------- Instantiating /home/travis/build/icyphy/ptII/ptolemy/domains/continuous/test/auto/hierarchicalModalModel4.xml
5 ms. Memory: 305152K Free: 204911K (67%)
----------------- Invoking toplevel() on ptolemy.moml.MoMLSimpleApplication@bee0ca4
----------------- Done invoking toplevel() on ptolemy.moml.MoMLSimpleApplication@bee0ca4
reloadAllAccessors: .hierarchicalModalModel4

===========================================================================================
----------------- testing Wed Nov 06 22:05:11 UTC 2019 /home/travis/build/icyphy/ptII/ptolemy/domains/continuous/test/auto/junk.xml
----------------- Instantiating /home/travis/build/icyphy/ptII/ptolemy/domains/continuous/test/auto/junk.xml
138 ms. Memory: 305152K Free: 179311K (59%)
----------------- Invoking toplevel() on ptolemy.moml.MoMLSimpleApplication@5834a02e
----------------- Done invoking toplevel() on ptolemy.moml.MoMLSimpleApplication@5834a02e
reloadAllAccessors: .junk
AutoTests.java: About to close Vertx.
AutoTests.java: Vertx closed.
]]></system-out>
  <system-err><![CDATA[Warning: '.HysteresisWithRandomDelay.NonStrictTest' The test produced only 221 tokens, yet the correctValues parameter was expecting 222 tokens.
Warning: '.HysteresisWithRandomDelay.NonStrictTest2' The test produced only 220 tokens, yet the correctValues parameter was expecting 221 tokens.
Warning: '.HysteresisWithRandomDelay.NonStrictTest3' The test produced only 26 tokens, yet the correctValues parameter was expecting 30 tokens.
Warning: '.Poisson.NonStrictTest' The test produced only 399 tokens, yet the correctValues parameter was expecting 430 tokens.
]]></system-err>
</testsuite>
