<?xml version="1.0" encoding="UTF-8" ?>
<testsuite errors="0" failures="0" hostname="travis-job-a8cc80a0-fbe0-4c18-b724-1b6cb56fdba1" name="ptolemy.cg.kernel.generic.accessor.test.junit.JUnitTclTest" skipped="0" tests="9" time="111.39" timestamp="2019-03-03T03:38:49">
  <properties>
[...]
</properties>
  <testcase classname="ptolemy.util.test.junit.TclTests" name="[0] /home/travis/build/icyphy/ptII/ptolemy/cg/kernel/generic/accessor/test/AccessorSSHCodeGenerator.tcl (RunTclFile)" time="38.894" />
  <testcase classname="ptolemy.util.test.junit.AutoKnownFailedTests" name="[0] ThereAreNoKnowFailedTests (RunModel)" time="0.003" />
  <testcase classname="ptolemy.util.test.junit.AutoNameArchTests" name="[0] ThereAreNoAutoArchTests (RunModel)" time="0.022" />
  <testcase classname="ptolemy.util.test.junit.AutoTests" name="[0] /home/travis/build/icyphy/ptII/ptolemy/cg/kernel/generic/accessor/test/auto/AccessorStatusTest.xml (RunModel)" time="25.501" />
  <testcase classname="ptolemy.util.test.junit.AutoTests" name="[1] /home/travis/build/icyphy/ptII/ptolemy/cg/kernel/generic/accessor/test/auto/RampJSDisplay.xml (RunModel)" time="10.053" />
  <testcase classname="ptolemy.util.test.junit.AutoTests" name="[2] /home/travis/build/icyphy/ptII/ptolemy/cg/kernel/generic/accessor/test/auto/RampJSInspect.xml (RunModel)" time="11.664" />
  <testcase classname="ptolemy.util.test.junit.AutoTests" name="[3] /home/travis/build/icyphy/ptII/ptolemy/cg/kernel/generic/accessor/test/auto/RampJSTest.xml (RunModel)" time="9.845" />
  <testcase classname="ptolemy.util.test.junit.AutoTests" name="[4] /home/travis/build/icyphy/ptII/ptolemy/cg/kernel/generic/accessor/test/auto/RampJSTextDisplay.xml (RunModel)" time="12.328" />
  <testcase classname="ptolemy.util.test.junit.AutoTests" name="[5] /home/travis/build/icyphy/ptII/ptolemy/cg/kernel/generic/accessor/test/auto/TestComposite.xml (RunModel)" time="2.747" />
  <system-out><![CDATA[/home/travis/build/icyphy/ptII/ptolemy/cg/kernel/generic/accessor/test/AccessorSSHCodeGenerator.tcl
testDefs.tcl: setting time out to 9000 seconds at Sun Mar 03 03:38:49 UTC 2019
JSAccessor: found node
RunnableCodeGenerator: run command: (cd /home/travis/build/icyphy/ptII/org/terraswarm/accessor/accessors/web/cg; /home/travis/build/icyphy/ptII/ptolemy/cg/kernel/generic/accessor/accessorInvokeSSH localhost /home/travis/build/icyphy/ptII/org/terraswarm/accessor/accessors/web/cg/top.js   npmInstall  )
In "/home/travis/build/icyphy/ptII/org/terraswarm/accessor/accessors/web/cg", about to execute:
    /home/travis/build/icyphy/ptII/ptolemy/cg/kernel/generic/accessor/accessorInvok
eSSH localhost
/home/travis/build/icyphy/ptII/org/terraswarm/accessor/accessors/web/cg/top.js
npmInstall
/home/travis/build/icyphy/ptII/ptolemy/cg/kernel/generic/accessor/accessorInvokeSSH: Note that the timeout defaults to 15000
### accessorInvokeSSH: Creating cg/node_modules and cg/top on localhost
### accessorInvokeSSH: Running npm install @terraswarm/accessors pm2 
### accessorInvokeSSH:   Ignore messages like: 'npm WARN enoent ENOENT: no such file or directory, open cg/top/package.json'
/home/travis/pthla/certi-tools/share/scripts:/home/travis/.rvm/gems/ruby-2.4.1/bin:/home/travis/.rvm/gems/ruby-2.4.1@global/bin:/home/travis/.rvm/rubies/ruby-2.4.1/bin:/home/travis/.rvm/bin:/home/travis/.nvm/versions/node/v7.10.1/bin:./node_modules/.bin:/home/travis/build/icyphy/ptII/bin:/home/travis/pthla/certi-tools/bin:/home/travis/bin:/home/travis/.local/bin:/opt/pyenv/shims:/home/travis/.phpenv/shims:/home/travis/perl5/perlbrew/bin:/home/travis/.kiex/elixirs/elixir-1.4.5/bin:/home/travis/.kiex/bin:/home/travis/gopath/bin:/home/travis/.gimme/versions/go1.7.4.linux.amd64/bin:/usr/local/phantomjs/bin:/usr/local/phantomjs:/usr/local/neo4j-3.2.7/bin:/usr/local/maven-3.5.2/bin:/usr/local/cmake-3.9.2/bin:/usr/local/clang-5.0.0/bin:/usr/local/sbin:/usr/local/bin:/usr/sbin:/usr/bin:/sbin:/bin:/home/travis/.phpenv/bin:/opt/pyenv/bin:/home/travis/.yarn/bin
/usr/local/bin/npm
/home/travis/cg
├─┬ @terraswarm/accessors@0.0.25 
│ ├── @accessors-hosts/common@0.1.0 
│ ├── @accessors-modules/local-storage@0.1.1 
│ ├─┬ express@4.16.4 
│ │ ├─┬ accepts@1.3.5 
│ │ │ ├─┬ mime-types@2.1.22 
│ │ │ │ └── mime-db@1.38.0 
│ │ │ └── negotiator@0.6.1 
│ │ ├── array-flatten@1.1.1 
│ │ ├─┬ body-parser@1.18.3 
│ │ │ ├── bytes@3.0.0 
│ │ │ ├── http-errors@1.6.3 
│ │ │ └── raw-body@2.3.3 
│ │ ├── content-disposition@0.5.2 
│ │ ├── content-type@1.0.4 
│ │ ├── cookie@0.3.1 
│ │ ├── cookie-signature@1.0.6 
│ │ ├── depd@1.1.2 
│ │ ├── encodeurl@1.0.2 
│ │ ├── escape-html@1.0.3 
│ │ ├── etag@1.8.1 
│ │ ├─┬ finalhandler@1.1.1 
│ │ │ └── unpipe@1.0.0 
│ │ ├── fresh@0.5.2 
│ │ ├── merge-descriptors@1.0.1 
│ │ ├── methods@1.1.2 
│ │ ├─┬ on-finished@2.3.0 
│ │ │ └── ee-first@1.1.1 
│ │ ├── parseurl@1.3.2 
│ │ ├── path-to-regexp@0.1.7 
│ │ ├─┬ proxy-addr@2.0.4 
│ │ │ ├── forwarded@0.1.2 
│ │ │ └── ipaddr.js@1.8.0 
│ │ ├── qs@6.5.2 
│ │ ├── range-parser@1.2.0 
│ │ ├─┬ send@0.16.2 
│ │ │ ├── destroy@1.0.4 
│ │ │ └── mime@1.4.1 
│ │ ├── serve-static@1.13.2 
│ │ ├── setprototypeof@1.1.0 
│ │ ├── statuses@1.4.0 
│ │ ├─┬ type-is@1.6.16 
│ │ │ └── media-typer@0.3.0 
│ │ ├── utils-merge@1.0.1 
│ │ └── vary@1.1.2 
│ ├─┬ helmet@3.15.1 
│ │ ├── depd@2.0.0 
│ │ ├── dns-prefetch-control@0.1.0 
│ │ ├── dont-sniff-mimetype@1.0.0 
│ │ ├── expect-ct@0.1.1 
│ │ ├── feature-policy@0.2.0 
│ │ ├── frameguard@3.0.0 
│ │ ├── helmet-crossdomain@0.3.0 
│ │ ├─┬ helmet-csp@2.7.1 
│ │ │ ├── camelize@1.0.0 
│ │ │ ├── content-security-policy-builder@2.0.0 
│ │ │ ├── dasherize@2.0.0 
│ │ │ └── platform@1.3.5 
│ │ ├── hide-powered-by@1.0.0 
│ │ ├── hpkp@2.0.0 
│ │ ├── hsts@2.1.0 
│ │ ├── ienoopen@1.0.0 
│ │ ├── nocache@2.0.0 
│ │ ├── referrer-policy@1.1.0 
│ │ └── x-xss-protection@1.1.0 
│ ├─┬ node-localstorage@1.3.1 
│ │ └─┬ write-file-atomic@1.3.4 
│ │   ├── imurmurhash@0.1.4 
│ │   └── slide@1.1.6 
│ └─┬ portscanner@2.2.0 
│   └─┬ is-number-like@1.0.8 
│     └── lodash.isfinite@3.3.2 
└─┬ pm2@3.3.1 
  ├─┬ @pm2/agent@0.5.23 
  │ └─┬ ws@5.2.2 
  │   └── async-limiter@1.0.0 
  ├─┬ @pm2/io@3.1.1 
  │ ├─┬ @pm2/agent-node@1.1.7 
  │ │ ├─┬ debug@3.2.6 
  │ │ │ └── ms@2.1.1 
  │ │ ├─┬ proxy-agent@3.0.3 
  │ │ │ ├─┬ agent-base@4.2.1 
  │ │ │ │ └─┬ es6-promisify@5.0.0 
  │ │ │ │   └── es6-promise@4.2.6 
  │ │ │ ├─┬ debug@3.2.6 
  │ │ │ │ └── ms@2.1.1 
  │ │ │ ├─┬ http-proxy-agent@2.1.0 
  │ │ │ │ └── debug@3.1.0 
  │ │ │ ├─┬ https-proxy-agent@2.2.1 
  │ │ │ │ └─┬ debug@3.2.6 
  │ │ │ │   └── ms@2.1.1 
  │ │ │ ├─┬ lru-cache@4.1.5 
  │ │ │ │ ├── pseudomap@1.0.2 
  │ │ │ │ └── yallist@2.1.2 
  │ │ │ ├─┬ pac-proxy-agent@3.0.0 
  │ │ │ │ ├─┬ debug@3.2.6 
  │ │ │ │ │ └── ms@2.1.1 
  │ │ │ │ ├─┬ get-uri@2.0.3 
  │ │ │ │ │ ├─┬ data-uri-to-buffer@2.0.0 
  │ │ │ │ │ │ └── @types/node@8.10.42 
  │ │ │ │ │ ├─┬ debug@4.1.1 
  │ │ │ │ │ │ └── ms@2.1.1 
  │ │ │ │ │ ├── file-uri-to-path@1.0.0 
  │ │ │ │ │ ├─┬ ftp@0.3.10 
  │ │ │ │ │ │ ├─┬ readable-stream@1.1.14 
  │ │ │ │ │ │ │ ├── isarray@0.0.1 
  │ │ │ │ │ │ │ └── string_decoder@0.10.31 
  │ │ │ │ │ │ └── xregexp@2.0.0 
  │ │ │ │ │ └─┬ readable-stream@3.2.0 
  │ │ │ │ │   └── string_decoder@1.2.0 
  │ │ │ │ └─┬ pac-resolver@3.0.0 
  │ │ │ │   ├── co@4.6.0 
  │ │ │ │   ├─┬ degenerator@1.0.4 
  │ │ │ │   │ ├── ast-types@0.12.2 
  │ │ │ │   │ ├─┬ escodegen@1.11.1 
  │ │ │ │   │ │ ├── estraverse@4.2.0 
  │ │ │ │   │ │ ├── esutils@2.0.2 
  │ │ │ │   │ │ └─┬ optionator@0.8.2 
  │ │ │ │   │ │   ├── deep-is@0.1.3 
  │ │ │ │   │ │   ├── fast-levenshtein@2.0.6 
  │ │ │ │   │ │   ├── levn@0.3.0 
  │ │ │ │   │ │   ├── prelude-ls@1.1.2 
  │ │ │ │   │ │   ├── type-check@0.3.2 
  │ │ │ │   │ │   └── wordwrap@1.0.0 
  │ │ │ │   │ └── esprima@3.1.3 
  │ │ │ │   ├── ip@1.1.5 
  │ │ │ │   ├── netmask@1.0.6 
  │ │ │ │   └── thunkify@2.1.2 
  │ │ │ ├── proxy-from-env@1.0.0 
  │ │ │ └─┬ socks-proxy-agent@4.0.1 
  │ │ │   └─┬ socks@2.2.3 
  │ │ │     └── smart-buffer@4.0.2 
  │ │ └── ws@6.1.4 
  │ ├─┬ @pm2/legacy-tracing@1.4.2 
  │ │ ├─┬ @pm2/continuation-local-storage@3.2.3 
  │ │ │ ├── async-listener@0.6.10 
  │ │ │ └── emitter-listener@1.1.2 
  │ │ ├── extend@3.0.2 
  │ │ ├── is@3.3.0 
  │ │ ├── lodash.isequal@4.5.0 
  │ │ ├── lodash.merge@4.6.1 
  │ │ └── uuid@3.3.2 
  │ ├─┬ debug@3.1.0 
  │ │ └── ms@2.0.0 
  │ ├── event-loop-inspector@1.2.2 
  │ ├── semver@5.5.0 
  │ ├── shimmer@1.2.1 
  │ ├── signal-exit@3.0.2 
  │ └── tslib@1.9.3 
  ├─┬ @pm2/js-api@0.5.50 
  │ ├─┬ axios@0.16.2 
  │ │ ├─┬ follow-redirects@1.7.0 
  │ │ │ └─┬ debug@3.2.6 
  │ │ │   └── ms@2.1.1 
  │ │ └── is-buffer@1.1.6 
  │ ├── debug@2.6.9 
  │ ├── eventemitter2@4.1.2 
  │ └─┬ ws@3.3.3 
  │   └── ultron@1.1.1 
  ├─┬ async@2.6.2 
  │ └── lodash@4.17.11 
  ├── blessed@0.1.81 
  ├─┬ chalk@2.4.2 
  │ ├─┬ ansi-styles@3.2.1 
  │ │ └─┬ color-convert@1.9.3 
  │ │   └── color-name@1.1.3 
  │ ├── escape-string-regexp@1.0.5 
  │ └─┬ supports-color@5.5.0 
  │   └── has-flag@3.0.0 
  ├─┬ chokidar@2.1.2 
  │ ├─┬ anymatch@2.0.0 
  │ │ ├─┬ micromatch@3.1.10 
  │ │ │ ├── arr-diff@4.0.0 
  │ │ │ ├─┬ define-property@2.0.2 
  │ │ │ │ └─┬ is-descriptor@1.0.2 
  │ │ │ │   ├── is-accessor-descriptor@1.0.0 
  │ │ │ │   └── is-data-descriptor@1.0.0 
  │ │ │ ├─┬ extend-shallow@3.0.2 
  │ │ │ │ ├── assign-symbols@1.0.0 
  │ │ │ │ └─┬ is-extendable@1.0.1 
  │ │ │ │   └── is-plain-object@2.0.4 
  │ │ │ ├─┬ extglob@2.0.4 
  │ │ │ │ ├─┬ define-property@1.0.0 
  │ │ │ │ │ └─┬ is-descriptor@1.0.2 
  │ │ │ │ │   ├── is-accessor-descriptor@1.0.0 
  │ │ │ │ │   └── is-data-descriptor@1.0.0 
  │ │ │ │ ├─┬ expand-brackets@2.1.4 
  │ │ │ │ │ ├── define-property@0.2.5 
  │ │ │ │ │ ├── extend-shallow@2.0.1 
  │ │ │ │ │ └── posix-character-classes@0.1.1 
  │ │ │ │ └── extend-shallow@2.0.1 
  │ │ │ ├── fragment-cache@0.2.1 
  │ │ │ ├── kind-of@6.0.2 
  │ │ │ ├─┬ nanomatch@1.2.13 
  │ │ │ │ └── is-windows@1.0.2 
  │ │ │ ├── object.pick@1.3.0 
  │ │ │ └── regex-not@1.0.2 
  │ │ └─┬ normalize-path@2.1.1 
  │ │   └── remove-trailing-separator@1.1.0 
  │ ├── async-each@1.0.1 
  │ ├─┬ braces@2.3.2 
  │ │ ├── arr-flatten@1.1.0 
  │ │ ├── array-unique@0.3.2 
  │ │ ├─┬ extend-shallow@2.0.1 
  │ │ │ └── is-extendable@0.1.1 
  │ │ ├─┬ fill-range@4.0.0 
  │ │ │ ├── extend-shallow@2.0.1 
  │ │ │ ├─┬ is-number@3.0.0 
  │ │ │ │ └── kind-of@3.2.2 
  │ │ │ ├── repeat-string@1.6.1 
  │ │ │ └── to-regex-range@2.1.1 
  │ │ ├── isobject@3.0.1 
  │ │ ├── repeat-element@1.1.3 
  │ │ ├─┬ snapdragon@0.8.2 
  │ │ │ ├─┬ base@0.11.2 
  │ │ │ │ ├─┬ cache-base@1.0.1 
  │ │ │ │ │ ├─┬ collection-visit@1.0.0 
  │ │ │ │ │ │ ├── map-visit@1.0.0 
  │ │ │ │ │ │ └── object-visit@1.0.1 
  │ │ │ │ │ ├── get-value@2.0.6 
  │ │ │ │ │ ├─┬ has-value@1.0.0 
  │ │ │ │ │ │ └─┬ has-values@1.0.0 
  │ │ │ │ │ │   └── kind-of@4.0.0 
  │ │ │ │ │ ├─┬ set-value@2.0.0 
  │ │ │ │ │ │ └── extend-shallow@2.0.1 
  │ │ │ │ │ ├─┬ to-object-path@0.3.0 
  │ │ │ │ │ │ └── kind-of@3.2.2 
  │ │ │ │ │ ├─┬ union-value@1.0.0 
  │ │ │ │ │ │ └─┬ set-value@0.4.3 
  │ │ │ │ │ │   └── extend-shallow@2.0.1 
  │ │ │ │ │ └─┬ unset-value@1.0.0 
  │ │ │ │ │   └─┬ has-value@0.3.1 
  │ │ │ │ │     ├── has-values@0.1.4 
  │ │ │ │ │     └─┬ isobject@2.1.0 
  │ │ │ │ │       └── isarray@1.0.0 
  │ │ │ │ ├─┬ class-utils@0.3.6 
  │ │ │ │ │ ├── arr-union@3.1.0 
  │ │ │ │ │ ├── define-property@0.2.5 
  │ │ │ │ │ └─┬ static-extend@0.1.2 
  │ │ │ │ │   ├── define-property@0.2.5 
  │ │ │ │ │   └─┬ object-copy@0.1.0 
  │ │ │ │ │     ├── copy-descriptor@0.1.1 
  │ │ │ │ │     ├── define-property@0.2.5 
  │ │ │ │ │     └── kind-of@3.2.2 
  │ │ │ │ ├── component-emitter@1.2.1 
  │ │ │ │ ├─┬ define-property@1.0.0 
  │ │ │ │ │ └─┬ is-descriptor@1.0.2 
  │ │ │ │ │   ├── is-accessor-descriptor@1.0.0 
  │ │ │ │ │   └── is-data-descriptor@1.0.0 
  │ │ │ │ ├─┬ mixin-deep@1.3.1 
  │ │ │ │ │ ├── for-in@1.0.2 
  │ │ │ │ │ └── is-extendable@1.0.1 
  │ │ │ │ └── pascalcase@0.1.1 
  │ │ │ ├─┬ define-property@0.2.5 
  │ │ │ │ └─┬ is-descriptor@0.1.6 
  │ │ │ │   ├─┬ is-accessor-descriptor@0.1.6 
  │ │ │ │   │ └── kind-of@3.2.2 
  │ │ │ │   ├─┬ is-data-descriptor@0.1.4 
  │ │ │ │   │ └── kind-of@3.2.2 
  │ │ │ │   └── kind-of@5.1.0 
  │ │ │ ├── extend-shallow@2.0.1 
  │ │ │ ├── map-cache@0.2.2 
  │ │ │ ├── source-map@0.5.7 
  │ │ │ ├─┬ source-map-resolve@0.5.2 
  │ │ │ │ ├── atob@2.1.2 
  │ │ │ │ ├── decode-uri-component@0.2.0 
  │ │ │ │ ├── resolve-url@0.2.1 
  │ │ │ │ ├── source-map-url@0.4.0 
  │ │ │ │ └── urix@0.1.0 
  │ │ │ └── use@3.1.1 
  │ │ ├─┬ snapdragon-node@2.1.1 
  │ │ │ ├─┬ define-property@1.0.0 
  │ │ │ │ └─┬ is-descriptor@1.0.2 
  │ │ │ │   ├── is-accessor-descriptor@1.0.0 
  │ │ │ │   └── is-data-descriptor@1.0.0 
  │ │ │ └─┬ snapdragon-util@3.0.1 
  │ │ │   └── kind-of@3.2.2 
  │ │ ├── split-string@3.1.0 
  │ │ └─┬ to-regex@3.0.2 
  │ │   └─┬ safe-regex@1.1.0 
  │ │     └── ret@0.1.15 
  │ ├─┬ glob-parent@3.1.0 
  │ │ ├── is-glob@3.1.0 
  │ │ └── path-dirname@1.0.2 
  │ ├── inherits@2.0.3 
  │ ├─┬ is-binary-path@1.0.1 
  │ │ └── binary-extensions@1.13.0 
  │ ├─┬ is-glob@4.0.0 
  │ │ └── is-extglob@2.1.1 
  │ ├── normalize-path@3.0.0 
  │ ├── path-is-absolute@1.0.1 
  │ ├─┬ readdirp@2.2.1 
  │ │ ├── graceful-fs@4.1.15 
  │ │ └─┬ readable-stream@2.3.6 
  │ │   ├── core-util-is@1.0.2 
  │ │   ├── isarray@1.0.0 
  │ │   ├── process-nextick-args@2.0.0 
  │ │   ├── string_decoder@1.1.1 
  │ │   └── util-deprecate@1.0.2 
  │ └── upath@1.1.0 
  ├─┬ cli-table-redemption@1.0.1 
  │ └─┬ chalk@1.1.3 
  │   ├── ansi-styles@2.2.1 
  │   ├─┬ has-ansi@2.0.0 
  │   │ └── ansi-regex@2.1.1 
  │   ├── strip-ansi@3.0.1 
  │   └── supports-color@2.0.0 
  ├── commander@2.15.1 
  ├─┬ cron@1.6.0 
  │ └── moment-timezone@0.5.23 
  ├── date-fns@1.30.1 
  ├─┬ debug@3.2.6 
  │ └── ms@2.1.1 
  ├── eventemitter2@5.0.1 
  ├── fclone@1.0.11 
  ├── gkt@1.0.0 
  ├─┬ mkdirp@0.5.1 
  │ └── minimist@0.0.8 
  ├── moment@2.24.0 
  ├─┬ needle@2.2.4 
  │ ├─┬ iconv-lite@0.4.23 
  │ │ └── safer-buffer@2.1.2 
  │ └── sax@1.2.4 
  ├─┬ nssocket@0.6.0 
  │ ├── eventemitter2@0.4.14 
  │ └── lazy@1.0.11 
  ├─┬ pidusage@2.0.17 
  │ └── safe-buffer@5.1.2 
  ├─┬ pm2-axon@3.3.0 
  │ ├── amp@0.3.1 
  │ ├── amp-message@0.1.2 
  │ ├─┬ debug@3.2.6 
  │ │ └── ms@2.1.1 
  │ └── escape-regexp@0.0.1 
  ├─┬ pm2-axon-rpc@0.5.1 
  │ └─┬ debug@3.2.6 
  │   └── ms@2.1.1 
  ├─┬ pm2-deploy@0.4.0 
  │ └── tv4@1.3.0 
  ├─┬ pm2-multimeter@0.1.2 
  │ └── charm@0.1.2 
  ├─┬ promptly@2.2.0 
  │ └─┬ read@1.0.7 
  │   └── mute-stream@0.0.8 
  ├── semver@5.6.0 
  ├─┬ shelljs@0.8.3 
  │ ├─┬ glob@7.1.3 
  │ │ ├── fs.realpath@1.0.0 
  │ │ ├─┬ inflight@1.0.6 
  │ │ │ └── wrappy@1.0.2 
  │ │ ├─┬ minimatch@3.0.4 
  │ │ │ └─┬ brace-expansion@1.1.11 
  │ │ │   ├── balanced-match@1.0.0 
  │ │ │   └── concat-map@0.0.1 
  │ │ └── once@1.4.0 
  │ ├── interpret@1.2.0 
  │ └─┬ rechoir@0.6.2 
  │   └─┬ resolve@1.10.0 
  │     └── path-parse@1.0.6 
  ├─┬ source-map-support@0.5.10 
  │ ├── buffer-from@1.1.1 
  │ └── source-map@0.6.1 
  ├── sprintf-js@1.1.1 
  ├── v8-compile-cache@2.0.2 
  ├─┬ vizion@2.0.2 
  │ ├── async@2.6.1 
  │ ├── git-node-fs@1.0.0 
  │ ├── ini@1.3.5 
  │ ├─┬ js-git@0.7.8 
  │ │ ├── bodec@0.1.0 
  │ │ ├── culvert@0.1.2 
  │ │ ├── git-sha1@0.1.2 
  │ │ └── pako@0.2.9 
  │ ├── lodash.findindex@4.6.0 
  │ ├── lodash.foreach@4.5.0 
  │ ├── lodash.get@4.4.2 
  │ └── lodash.last@3.0.0 
  └─┬ yamljs@0.3.0 
    └─┬ argparse@1.0.10 
      └── sprintf-js@1.0.3 

npm WARN optional SKIPPING OPTIONAL DEPENDENCY: fsevents@^1.2.7 (node_modules/chokidar/node_modules/fsevents):
npm WARN notsup SKIPPING OPTIONAL DEPENDENCY: Unsupported platform for fsevents@1.2.7: wanted {"os":"darwin","arch":"any"} (current: {"os":"linux","arch":"x64"})
npm WARN enoent ENOENT: no such file or directory, open '/home/travis/cg/package.json'
npm WARN cg No description
npm WARN cg No repository field.
npm WARN cg No README data
npm WARN cg No license field.
### accessorInvokeSSH: Running npm update @terraswarm/accessors pm2 
### accessorInvokeSSH: Creating cg/top/invoke.js
### accessorInvokeSSH: Copying the accessor to cg/top
### accessorInvokeSSH: Creating the runit.sh command in cg/top
### accessorInvokeSSH: Invoking cg/top/runit.sh   on localhost
Running top.js *once* for 15000 ms.
commonHost.js: processCommandLineArguments(): Setting timeout to stop after 15000 ms.
commonHost.js: processCommandLineArguments(): Maximum time reached. Calling stopAllAccessors().
commonHost.js: invoking wrapup() for accessor: top
All initialized accessors have wrapped up. Terminating.
### accessorInvokeSSH: ssh cg/top/runit.sh returned.
All Done
03/03/19 03:39:28
Failed: 0  Total Tests: 2  ((Passed: 2, Newly Passed: 0)  Known Failed: 0) /home/travis/build/icyphy/ptII/ptolemy/cg/kernel/generic/accessor/test
No auto/knownFailedTests/*.xml tests in /home/travis/build/icyphy/ptII/ptolemy/cg/kernel/generic/accessor/test
No auto/linux-amd64/*.xml tests in /home/travis/build/icyphy/ptII/ptolemy/cg/kernel/generic/accessor/test
AutoTests.java: About to close Vertx.
AutoTests.java: Vertx closed.

===========================================================================================
----------------- testing Sun Mar 03 03:39:28 UTC 2019 /home/travis/build/icyphy/ptII/ptolemy/cg/kernel/generic/accessor/test/auto/AccessorStatusTest.xml
----------------- Instantiating /home/travis/build/icyphy/ptII/ptolemy/cg/kernel/generic/accessor/test/auto/AccessorStatusTest.xml
JSAccessor: PT_NO_NET environment variable is set, so git pull and ptdoc are not being run.
TextDisplayHelper: [ { utilization: 0,
    startMonitoringTime: 1551584386022,
    initialize: { count: 0, utilization: 0, latestStart: 0, latestEnd: 0 },
    react: { count: 0, utilization: 0, latestStart: 0, latestEnd: 0 },
    wrapup: { count: 0, utilization: 0, latestStart: 0, latestEnd: 0 },
    accessorName: 'monitor',
    currentMonitoringTime: 1551584387040,
    containedAccessors: [] },
  { utilization: 0.0010070493454179255,
    startMonitoringTime: 1551584386052,
    initialize: { count: 0, utilization: 0, latestStart: 0, latestEnd: 0 },
    react: 
     { count: 1,
       utilization: 0.0010070493454179255,
       latestStart: 1551584387013,
       latestEnd: 1551584387014 },
    wrapup: { count: 0, utilization: 0, latestStart: 0, latestEnd: 0 },
    accessorName: 'TestSpontaneous2',
    currentMonitoringTime: 1551584387045,
    containedAccessors: [] },
  { utilization: 0,
    startMonitoringTime: 1551584386066,
    initialize: { count: 0, utilization: 0, latestStart: 0, latestEnd: 0 },
    react: { count: 0, utilization: 0, latestStart: 0, latestEnd: 0 },
    wrapup: { count: 0, utilization: 0, latestStart: 0, latestEnd: 0 },
    accessorName: 'TextDisplay',
    currentMonitoringTime: 1551584387053,
    containedAccessors: [] },
  { utilization: 0.002049180327868852,
    startMonitoringTime: 1551584386083,
    initialize: { count: 0, utilization: 0, latestStart: 0, latestEnd: 0 },
    react: 
     { count: 1,
       utilization: 0.002049180327868852,
       latestStart: 1551584387030,
       latestEnd: 1551584387032 },
    wrapup: { count: 0, utilization: 0, latestStart: 0, latestEnd: 0 },
    accessorName: 'TestSpontaneous',
    currentMonitoringTime: 1551584387059,
    containedAccessors: [] },
  { utilization: 0,
    startMonitoringTime: 1551584386095,
    initialize: { count: 0, utilization: 0, latestStart: 0, latestEnd: 0 },
    react: { count: 0, utilization: 0, latestStart: 0, latestEnd: 0 },
    wrapup: { count: 0, utilization: 0, latestStart: 0, latestEnd: 0 },
    accessorName: 'JavaScriptRamp',
    currentMonitoringTime: 1551584387065,
    containedAccessors: [] },
  { utilization: 0.003134796238244514,
    startMonitoringTime: 1551584386113,
    initialize: { count: 0, utilization: 0, latestStart: 0, latestEnd: 0 },
    react: 
     { count: 1,
       utilization: 0.003134796238244514,
       latestStart: 1551584386142,
       latestEnd: 1551584386145 },
    wrapup: { count: 0, utilization: 0, latestStart: 0, latestEnd: 0 },
    accessorName: 'AccessorStatus',
    currentMonitoringTime: 1551584387070,
    containedAccessors: [] },
  { utilization: 0,
    startMonitoringTime: 1551584386127,
    initialize: { count: 0, utilization: 0, latestStart: 0, latestEnd: 0 },
    react: { count: 0, utilization: 0, latestStart: 0, latestEnd: 0 },
    wrapup: { count: 0, utilization: 0, latestStart: 0, latestEnd: 0 },
    accessorName: 'status',
    currentMonitoringTime: 1551584387075,
    containedAccessors: [] } ]
TextDisplayHelper: [ { accessorClass: 'https://accessors.org/utilities/TextDisplay.js',
    accessorName: 'monitor',
    initialized: true },
  { accessorClass: 'https://accessors.org/test/TestSpontaneous.js',
    accessorName: 'TestSpontaneous2',
    initialized: true },
  { accessorClass: 'https://accessors.org/utilities/TextDisplay.js',
    accessorName: 'TextDisplay',
    initialized: true },
  { accessorClass: 'https://accessors.org/test/TestSpontaneous.js',
    accessorName: 'TestSpontaneous',
    initialized: true },
  { accessorClass: 'JavaScript',
    accessorName: 'JavaScriptRamp',
    initialized: true },
  { accessorClass: 'https://accessors.org/trusted/AccessorStatus.js',
    accessorName: 'AccessorStatus',
    initialized: true },
  { accessorClass: 'https://accessors.org/utilities/TextDisplay.js',
    accessorName: 'status',
    initialized: true } ]
TextDisplayHelper: 1
TextDisplayHelper: [ { utilization: 0.12164216928535225,
    startMonitoringTime: 1551584386022,
    initialize: { count: 0, utilization: 0, latestStart: 0, latestEnd: 0 },
    react: 
     { count: 1,
       utilization: 0.12164216928535225,
       latestStart: 1551584387193,
       latestEnd: 1551584387433 },
    wrapup: { count: 0, utilization: 0, latestStart: 0, latestEnd: 0 },
    accessorName: 'monitor',
    currentMonitoringTime: 1551584387995,
    containedAccessors: [] },
  { utilization: 0.0004993718919031156,
    startMonitoringTime: 1551584386052,
    initialize: { count: 0, utilization: 0, latestStart: 0, latestEnd: 0 },
    react: 
     { count: 2,
       utilization: 0.0004993718919031156,
       latestStart: 1551584387992,
       latestEnd: 1551584387992 },
    wrapup: { count: 0, utilization: 0, latestStart: 0, latestEnd: 0 },
    accessorName: 'TestSpontaneous2',
    currentMonitoringTime: 1551584387996,
    containedAccessors: [] },
  { utilization: 0.016580310880829015,
    startMonitoringTime: 1551584386066,
    initialize: { count: 0, utilization: 0, latestStart: 0, latestEnd: 0 },
    react: 
     { count: 1,
       utilization: 0.016580310880829015,
       latestStart: 1551584387555,
       latestEnd: 1551584387587 },
    wrapup: { count: 0, utilization: 0, latestStart: 0, latestEnd: 0 },
    accessorName: 'TextDisplay',
    currentMonitoringTime: 1551584387996,
    containedAccessors: [] },
  { utilization: 0.0010176201628192259,
    startMonitoringTime: 1551584386083,
    initialize: { count: 0, utilization: 0, latestStart: 0, latestEnd: 0 },
    react: 
     { count: 2,
       utilization: 0.0010176201628192259,
       latestStart: 1551584387994,
       latestEnd: 1551584387994 },
    wrapup: { count: 0, utilization: 0, latestStart: 0, latestEnd: 0 },
    accessorName: 'TestSpontaneous',
    currentMonitoringTime: 1551584387998,
    containedAccessors: [] },
  { utilization: 0.0068313189700472945,
    startMonitoringTime: 1551584386095,
    initialize: { count: 0, utilization: 0, latestStart: 0, latestEnd: 0 },
    react: 
     { count: 1,
       utilization: 0.0068313189700472945,
       latestStart: 1551584387167,
       latestEnd: 1551584387180 },
    wrapup: { count: 0, utilization: 0, latestStart: 0, latestEnd: 0 },
    accessorName: 'JavaScriptRamp',
    currentMonitoringTime: 1551584387998,
    containedAccessors: [] },
  { utilization: 0.018080760063427265,
    startMonitoringTime: 1551584386113,
    initialize: { count: 0, utilization: 0, latestStart: 0, latestEnd: 0 },
    react: 
     { count: 2,
       utilization: 0.018080760063427265,
       latestStart: 1551584387123,
       latestEnd: 1551584387157 },
    wrapup: { count: 0, utilization: 0, latestStart: 0, latestEnd: 0 },
    accessorName: 'AccessorStatus',
    currentMonitoringTime: 1551584387999,
    containedAccessors: [] },
  { utilization: 0.0405766150560598,
    startMonitoringTime: 1551584386127,
    initialize: { count: 0, utilization: 0, latestStart: 0, latestEnd: 0 },
    react: 
     { count: 1,
       utilization: 0.0405766150560598,
       latestStart: 1551584387467,
       latestEnd: 1551584387543 },
    wrapup: { count: 0, utilization: 0, latestStart: 0, latestEnd: 0 },
    accessorName: 'status',
    currentMonitoringTime: 1551584388000,
    containedAccessors: [] } ]
TextDisplayHelper: [ { accessorClass: 'https://accessors.org/utilities/TextDisplay.js',
    accessorName: 'monitor',
    initialized: true },
  { accessorClass: 'https://accessors.org/test/TestSpontaneous.js',
    accessorName: 'TestSpontaneous2',
    initialized: true },
  { accessorClass: 'https://accessors.org/utilities/TextDisplay.js',
    accessorName: 'TextDisplay',
    initialized: true },
  { accessorClass: 'https://accessors.org/test/TestSpontaneous.js',
    accessorName: 'TestSpontaneous',
    initialized: true },
  { accessorClass: 'JavaScript',
    accessorName: 'JavaScriptRamp',
    initialized: true },
  { accessorClass: 'https://accessors.org/trusted/AccessorStatus.js',
    accessorName: 'AccessorStatus',
    initialized: true },
  { accessorClass: 'https://accessors.org/utilities/TextDisplay.js',
    accessorName: 'status',
    initialized: true } ]
TextDisplayHelper: 2
TextDisplayHelper: [ { utilization: 0.07760333138009154,
    startMonitoringTime: 1551584386022,
    initialize: { count: 0, utilization: 0, latestStart: 0, latestEnd: 0 },
    react: 
     { count: 2,
       utilization: 0.07760333138009154,
       latestStart: 1551584388029,
       latestEnd: 1551584388088 },
    wrapup: { count: 0, utilization: 0, latestStart: 0, latestEnd: 0 },
    accessorName: 'monitor',
    currentMonitoringTime: 1551584388994,
    containedAccessors: [] },
  { utilization: 0.00032951750690205585,
    startMonitoringTime: 1551584386052,
    initialize: { count: 0, utilization: 0, latestStart: 0, latestEnd: 0 },
    react: 
     { count: 3,
       utilization: 0.00032951750690205585,
       latestStart: 1551584388992,
       latestEnd: 1551584388992 },
    wrapup: { count: 0, utilization: 0, latestStart: 0, latestEnd: 0 },
    accessorName: 'TestSpontaneous2',
    currentMonitoringTime: 1551584388994,
    containedAccessors: [] },
  { utilization: 0.008954457940485291,
    startMonitoringTime: 1551584386066,
    initialize: { count: 0, utilization: 0, latestStart: 0, latestEnd: 0 },
    react: 
     { count: 2,
       utilization: 0.008954457940485291,
       latestStart: 1551584388136,
       latestEnd: 1551584388137 },
    wrapup: { count: 0, utilization: 0, latestStart: 0, latestEnd: 0 },
    accessorName: 'TextDisplay',
    currentMonitoringTime: 1551584388994,
    containedAccessors: [] },
  { utilization: 0.0006682722100163369,
    startMonitoringTime: 1551584386083,
    initialize: { count: 0, utilization: 0, latestStart: 0, latestEnd: 0 },
    react: 
     { count: 3,
       utilization: 0.0006682722100163369,
       latestStart: 1551584388993,
       latestEnd: 1551584388993 },
    wrapup: { count: 0, utilization: 0, latestStart: 0, latestEnd: 0 },
    accessorName: 'TestSpontaneous',
    currentMonitoringTime: 1551584388994,
    containedAccessors: [] },
  { utilization: 0.0029016837124875177,
    startMonitoringTime: 1551584386095,
    initialize: { count: 0, utilization: 0, latestStart: 0, latestEnd: 0 },
    react: 
     { count: 2,
       utilization: 0.0029016837124875177,
       latestStart: 1551584388027,
       latestEnd: 1551584388028 },
    wrapup: { count: 0, utilization: 0, latestStart: 0, latestEnd: 0 },
    accessorName: 'JavaScriptRamp',
    currentMonitoringTime: 1551584388994,
    containedAccessors: [] },
  { utilization: 0.009328814129197524,
    startMonitoringTime: 1551584386113,
    initialize: { count: 0, utilization: 0, latestStart: 0, latestEnd: 0 },
    react: 
     { count: 3,
       utilization: 0.009328814129197524,
       latestStart: 1551584388018,
       latestEnd: 1551584388026 },
    wrapup: { count: 0, utilization: 0, latestStart: 0, latestEnd: 0 },
    accessorName: 'AccessorStatus',
    currentMonitoringTime: 1551584388994,
    containedAccessors: [] },
  { utilization: 0.03573647956727613,
    startMonitoringTime: 1551584386127,
    initialize: { count: 0, utilization: 0, latestStart: 0, latestEnd: 0 },
    react: 
     { count: 2,
       utilization: 0.03573647956727613,
       latestStart: 1551584388090,
       latestEnd: 1551584388135 },
    wrapup: { count: 0, utilization: 0, latestStart: 0, latestEnd: 0 },
    accessorName: 'status',
    currentMonitoringTime: 1551584388994,
    containedAccessors: [] } ]
TextDisplayHelper: [ { accessorClass: 'https://accessors.org/utilities/TextDisplay.js',
    accessorName: 'monitor',
    initialized: true },
  { accessorClass: 'https://accessors.org/test/TestSpontaneous.js',
    accessorName: 'TestSpontaneous2',
    initialized: true },
  { accessorClass: 'https://accessors.org/utilities/TextDisplay.js',
    accessorName: 'TextDisplay',
    initialized: true },
  { accessorClass: 'https://accessors.org/test/TestSpontaneous.js',
    accessorName: 'TestSpontaneous',
    initialized: true },
  { accessorClass: 'JavaScript',
    accessorName: 'JavaScriptRamp',
    initialized: true },
  { accessorClass: 'https://accessors.org/trusted/AccessorStatus.js',
    accessorName: 'AccessorStatus',
    initialized: true },
  { accessorClass: 'https://accessors.org/utilities/TextDisplay.js',
    accessorName: 'status',
    initialized: true } ]
TextDisplayHelper: 3
TextDisplayHelper: [ { utilization: 0.05447707948407683,
    startMonitoringTime: 1551584386022,
    initialize: { count: 0, utilization: 0, latestStart: 0, latestEnd: 0 },
    react: 
     { count: 3,
       utilization: 0.05447707948407683,
       latestStart: 1551584389013,
       latestEnd: 1551584389069 },
    wrapup: { count: 0, utilization: 0, latestStart: 0, latestEnd: 0 },
    accessorName: 'monitor',
    currentMonitoringTime: 1551584389993,
    containedAccessors: [] },
  { utilization: 0.0002459460447555329,
    startMonitoringTime: 1551584386052,
    initialize: { count: 0, utilization: 0, latestStart: 0, latestEnd: 0 },
    react: 
     { count: 4,
       utilization: 0.0002459460447555329,
       latestStart: 1551584389991,
       latestEnd: 1551584389991 },
    wrapup: { count: 0, utilization: 0, latestStart: 0, latestEnd: 0 },
    accessorName: 'TestSpontaneous2',
    currentMonitoringTime: 1551584389993,
    containedAccessors: [] },
  { utilization: 0.004977000864462704,
    startMonitoringTime: 1551584386066,
    initialize: { count: 0, utilization: 0, latestStart: 0, latestEnd: 0 },
    react: 
     { count: 3,
       utilization: 0.004977000864462704,
       latestStart: 1551584389089,
       latestEnd: 1551584389090 },
    wrapup: { count: 0, utilization: 0, latestStart: 0, latestEnd: 0 },
    accessorName: 'TextDisplay',
    currentMonitoringTime: 1551584389993,
    containedAccessors: [] },
  { utilization: 0.0007531130770198313,
    startMonitoringTime: 1551584386083,
    initialize: { count: 0, utilization: 0, latestStart: 0, latestEnd: 0 },
    react: 
     { count: 4,
       utilization: 0.0007531130770198313,
       latestStart: 1551584389992,
       latestEnd: 1551584389993 },
    wrapup: { count: 0, utilization: 0, latestStart: 0, latestEnd: 0 },
    accessorName: 'TestSpontaneous',
    currentMonitoringTime: 1551584389993,
    containedAccessors: [] },
  { utilization: 0.0016950383729772691,
    startMonitoringTime: 1551584386095,
    initialize: { count: 0, utilization: 0, latestStart: 0, latestEnd: 0 },
    react: 
     { count: 3,
       utilization: 0.0016950383729772691,
       latestStart: 1551584389011,
       latestEnd: 1551584389012 },
    wrapup: { count: 0, utilization: 0, latestStart: 0, latestEnd: 0 },
    accessorName: 'JavaScriptRamp',
    currentMonitoringTime: 1551584389994,
    containedAccessors: [] },
  { utilization: 0.007432625980199656,
    startMonitoringTime: 1551584386113,
    initialize: { count: 0, utilization: 0, latestStart: 0, latestEnd: 0 },
    react: 
     { count: 4,
       utilization: 0.007432625980199656,
       latestStart: 1551584389000,
       latestEnd: 1551584389011 },
    wrapup: { count: 0, utilization: 0, latestStart: 0, latestEnd: 0 },
    accessorName: 'AccessorStatus',
    currentMonitoringTime: 1551584389994,
    containedAccessors: [] },
  { utilization: 0.023211494949855305,
    startMonitoringTime: 1551584386127,
    initialize: { count: 0, utilization: 0, latestStart: 0, latestEnd: 0 },
    react: 
     { count: 3,
       utilization: 0.023211494949855305,
       latestStart: 1551584389070,
       latestEnd: 1551584389088 },
    wrapup: { count: 0, utilization: 0, latestStart: 0, latestEnd: 0 },
    accessorName: 'status',
    currentMonitoringTime: 1551584389994,
    containedAccessors: [] } ]
TextDisplayHelper: [ { accessorClass: 'https://accessors.org/utilities/TextDisplay.js',
    accessorName: 'monitor',
    initialized: true },
  { accessorClass: 'https://accessors.org/test/TestSpontaneous.js',
    accessorName: 'TestSpontaneous2',
    initialized: true },
  { accessorClass: 'https://accessors.org/utilities/TextDisplay.js',
    accessorName: 'TextDisplay',
    initialized: true },
  { accessorClass: 'https://accessors.org/test/TestSpontaneous.js',
    accessorName: 'TestSpontaneous',
    initialized: true },
  { accessorClass: 'JavaScript',
    accessorName: 'JavaScriptRamp',
    initialized: true },
  { accessorClass: 'https://accessors.org/trusted/AccessorStatus.js',
    accessorName: 'AccessorStatus',
    initialized: true },
  { accessorClass: 'https://accessors.org/utilities/TextDisplay.js',
    accessorName: 'status',
    initialized: true } ]
TextDisplayHelper: 4
TextDisplayHelper: [ { utilization: 0.03982133169508892,
    startMonitoringTime: 1551584386022,
    initialize: { count: 0, utilization: 0, latestStart: 0, latestEnd: 0 },
    react: 
     { count: 4,
       utilization: 0.03982133169508892,
       latestStart: 1551584390005,
       latestEnd: 1551584390037 },
    wrapup: { count: 0, utilization: 0, latestStart: 0, latestEnd: 0 },
    accessorName: 'monitor',
    currentMonitoringTime: 1551584390994,
    containedAccessors: [] },
  { utilization: 0.0003983774727422186,
    startMonitoringTime: 1551584386052,
    initialize: { count: 0, utilization: 0, latestStart: 0, latestEnd: 0 },
    react: 
     { count: 5,
       utilization: 0.0003983774727422186,
       latestStart: 1551584390992,
       latestEnd: 1551584390993 },
    wrapup: { count: 0, utilization: 0, latestStart: 0, latestEnd: 0 },
    accessorName: 'TestSpontaneous2',
    currentMonitoringTime: 1551584390994,
    containedAccessors: [] },
  { utilization: 0.004676496371299496,
    startMonitoringTime: 1551584386066,
    initialize: { count: 0, utilization: 0, latestStart: 0, latestEnd: 0 },
    react: 
     { count: 4,
       utilization: 0.004676496371299496,
       latestStart: 1551584390056,
       latestEnd: 1551584390064 },
    wrapup: { count: 0, utilization: 0, latestStart: 0, latestEnd: 0 },
    accessorName: 'TextDisplay',
    currentMonitoringTime: 1551584390995,
    containedAccessors: [] },
  { utilization: 0.0005996074386372511,
    startMonitoringTime: 1551584386083,
    initialize: { count: 0, utilization: 0, latestStart: 0, latestEnd: 0 },
    react: 
     { count: 5,
       utilization: 0.0005996074386372511,
       latestStart: 1551584390994,
       latestEnd: 1551584390994 },
    wrapup: { count: 0, utilization: 0, latestStart: 0, latestEnd: 0 },
    accessorName: 'TestSpontaneous',
    currentMonitoringTime: 1551584390995,
    containedAccessors: [] },
  { utilization: 0.0012131483538723865,
    startMonitoringTime: 1551584386095,
    initialize: { count: 0, utilization: 0, latestStart: 0, latestEnd: 0 },
    react: 
     { count: 4,
       utilization: 0.0012131483538723865,
       latestStart: 1551584390003,
       latestEnd: 1551584390004 },
    wrapup: { count: 0, utilization: 0, latestStart: 0, latestEnd: 0 },
    accessorName: 'JavaScriptRamp',
    currentMonitoringTime: 1551584390995,
    containedAccessors: [] },
  { utilization: 0.005231411325403237,
    startMonitoringTime: 1551584386113,
    initialize: { count: 0, utilization: 0, latestStart: 0, latestEnd: 0 },
    react: 
     { count: 5,
       utilization: 0.005231411325403237,
       latestStart: 1551584389999,
       latestEnd: 1551584390003 },
    wrapup: { count: 0, utilization: 0, latestStart: 0, latestEnd: 0 },
    accessorName: 'AccessorStatus',
    currentMonitoringTime: 1551584390995,
    containedAccessors: [] },
  { utilization: 0.017610771681701224,
    startMonitoringTime: 1551584386127,
    initialize: { count: 0, utilization: 0, latestStart: 0, latestEnd: 0 },
    react: 
     { count: 4,
       utilization: 0.017610771681701224,
       latestStart: 1551584390038,
       latestEnd: 1551584390055 },
    wrapup: { count: 0, utilization: 0, latestStart: 0, latestEnd: 0 },
    accessorName: 'status',
    currentMonitoringTime: 1551584390995,
    containedAccessors: [] } ]
TextDisplayHelper: [ { accessorClass: 'https://accessors.org/utilities/TextDisplay.js',
    accessorName: 'monitor',
    initialized: true },
  { accessorClass: 'https://accessors.org/test/TestSpontaneous.js',
    accessorName: 'TestSpontaneous2',
    initialized: true },
  { accessorClass: 'https://accessors.org/utilities/TextDisplay.js',
    accessorName: 'TextDisplay',
    initialized: true },
  { accessorClass: 'https://accessors.org/test/TestSpontaneous.js',
    accessorName: 'TestSpontaneous',
    initialized: true },
  { accessorClass: 'JavaScript',
    accessorName: 'JavaScriptRamp',
    initialized: true },
  { accessorClass: 'https://accessors.org/trusted/AccessorStatus.js',
    accessorName: 'AccessorStatus',
    initialized: true },
  { accessorClass: 'https://accessors.org/utilities/TextDisplay.js',
    accessorName: 'status',
    initialized: true } ]
TextDisplayHelper: 5
AccessorStatus: *** Final monitoring information: (Thread[AccessorStatusTest,1,main])
AccessorStatus: { utilization: 0.03699973631250624,
  startMonitoringTime: 1551584386022,
  initialize: { count: 0, utilization: 0, latestStart: 0, latestEnd: 0 },
  react: 
   { count: 5,
     utilization: 0.03641516889239712,
     latestStart: 1551584391006,
     latestEnd: 1551584391033 },
  wrapup: 
   { count: 2,
     utilization: 0.0005845674201091193,
     latestStart: 1551584391049,
     latestEnd: 1551584391052 },
  accessorName: 'monitor',
  currentMonitoringTime: 1551584391154,
  containedAccessors: [] } (Thread[AccessorStatusTest,1,main])
AccessorStatus: { utilization: 0.0013298441016830727,
  startMonitoringTime: 1551584386052,
  initialize: { count: 0, utilization: 0, latestStart: 0, latestEnd: 0 },
  react: 
   { count: 5,
     utilization: 0.00037564562840063017,
     latestStart: 1551584390992,
     latestEnd: 1551584390993 },
  wrapup: 
   { count: 2,
     utilization: 0.0009541984732824426,
     latestStart: 1551584391058,
     latestEnd: 1551584391063 },
  accessorName: 'TestSpontaneous2',
  currentMonitoringTime: 1551584391292,
  containedAccessors: [] } (Thread[AccessorStatusTest,1,main])
AccessorStatus: { utilization: 0.004505063211493419,
  startMonitoringTime: 1551584386066,
  initialize: { count: 0, utilization: 0, latestStart: 0, latestEnd: 0 },
  react: 
   { count: 5,
     utilization: 0.003934721006170225,
     latestStart: 1551584391043,
     latestEnd: 1551584391045 },
  wrapup: 
   { count: 2,
     utilization: 0.0005703422053231939,
     latestStart: 1551584391068,
     latestEnd: 1551584391071 },
  accessorName: 'TextDisplay',
  currentMonitoringTime: 1551584391326,
  containedAccessors: [] } (Thread[AccessorStatusTest,1,main])
AccessorStatus: { utilization: 0.00173704819693109,
  startMonitoringTime: 1551584386083,
  initialize: { count: 0, utilization: 0, latestStart: 0, latestEnd: 0 },
  react: 
   { count: 5,
     utilization: 0.0005996074386372511,
     latestStart: 1551584390994,
     latestEnd: 1551584390994 },
  wrapup: 
   { count: 2,
     utilization: 0.001137440758293839,
     latestStart: 1551584391083,
     latestEnd: 1551584391089 },
  accessorName: 'TestSpontaneous',
  currentMonitoringTime: 1551584391358,
  containedAccessors: [] } (Thread[AccessorStatusTest,1,main])
AccessorStatus: { utilization: 0.0016535269368804916,
  startMonitoringTime: 1551584386095,
  initialize: { count: 0, utilization: 0, latestStart: 0, latestEnd: 0 },
  react: 
   { count: 5,
     utilization: 0.0010860973927155587,
     latestStart: 1551584391005,
     latestEnd: 1551584391006 },
  wrapup: 
   { count: 2,
     utilization: 0.0005674295441649329,
     latestStart: 1551584391112,
     latestEnd: 1551584391115 },
  accessorName: 'JavaScriptRamp',
  currentMonitoringTime: 1551584391382,
  containedAccessors: [] } (Thread[AccessorStatusTest,1,main])
AccessorStatus: { utilization: 0.058334940610186424,
  startMonitoringTime: 1551584386113,
  initialize: { count: 0, utilization: 0, latestStart: 0, latestEnd: 0 },
  react: 
   { count: 6,
     utilization: 0.004968921375790796,
     latestStart: 1551584390999,
     latestEnd: 1551584391005 },
  wrapup: 
   { count: 1,
     utilization: 0.05336601923439563,
     latestStart: 1551584391133,
     latestEnd: 0 },
  accessorName: 'AccessorStatus',
  currentMonitoringTime: 1551584391416,
  containedAccessors: [] } (Thread[AccessorStatusTest,1,main])
AccessorStatus: { utilization: 0.014697332424463699,
  startMonitoringTime: 1551584386127,
  initialize: { count: 0, utilization: 0, latestStart: 0, latestEnd: 0 },
  react: 
   { count: 5,
     utilization: 0.014697332424463699,
     latestStart: 1551584391034,
     latestEnd: 1551584391043 },
  wrapup: { count: 0, utilization: 0, latestStart: 0, latestEnd: 0 },
  accessorName: 'status',
  currentMonitoringTime: 1551584391446,
  containedAccessors: [] } (Thread[AccessorStatusTest,1,main])
13722 ms. Memory: 802304K Free: 566113K (71%)
----------------- Invoking toplevel() on ptolemy.moml.MoMLSimpleApplication@6b6edb0d
----------------- Done invoking toplevel() on ptolemy.moml.MoMLSimpleApplication@6b6edb0d
reloadAllAccessors: .AccessorStatusTest
This is the first time that the reloadAllAccessors method has been invoked in this JVM, so the the accessors repo will be checked out or updated and JSDoc invoked. Note that running the tests may end up invoking a new JVM for each directory, so the repo may be checked out or updated and JSDoc invoked more than once when the tests are run.
-------------- Reloaded accessors, but skipping rerun for now. Sun Mar 03 03:39:54 UTC 2019 /home/travis/build/icyphy/ptII/ptolemy/cg/kernel/generic/accessor/test/auto/AccessorStatusTest.xml

===========================================================================================
----------------- testing Sun Mar 03 03:39:54 UTC 2019 /home/travis/build/icyphy/ptII/ptolemy/cg/kernel/generic/accessor/test/auto/RampJSDisplay.xml
----------------- Instantiating /home/travis/build/icyphy/ptII/ptolemy/cg/kernel/generic/accessor/test/auto/RampJSDisplay.xml
TextDisplayHelper: 1
TextDisplayHelper: 2
TextDisplayHelper: 3
TextDisplayHelper: 4
TextDisplayHelper: 5
7819 ms. Memory: 1089024K Free: 676681K (62%)
----------------- Invoking toplevel() on ptolemy.moml.MoMLSimpleApplication@fcf97f8
----------------- Done invoking toplevel() on ptolemy.moml.MoMLSimpleApplication@fcf97f8
reloadAllAccessors: .RampJSDisplay
-------------- Reloaded accessors, but skipping rerun for now. Sun Mar 03 03:40:04 UTC 2019 /home/travis/build/icyphy/ptII/ptolemy/cg/kernel/generic/accessor/test/auto/RampJSDisplay.xml

===========================================================================================
----------------- testing Sun Mar 03 03:40:04 UTC 2019 /home/travis/build/icyphy/ptII/ptolemy/cg/kernel/generic/accessor/test/auto/RampJSInspect.xml
----------------- Instantiating /home/travis/build/icyphy/ptII/ptolemy/cg/kernel/generic/accessor/test/auto/RampJSInspect.xml
8175 ms. Memory: 1360896K Free: 972993K (71%)
----------------- Invoking toplevel() on ptolemy.moml.MoMLSimpleApplication@3cf45a1e
----------------- Done invoking toplevel() on ptolemy.moml.MoMLSimpleApplication@3cf45a1e
reloadAllAccessors: .RampJSInspect
-------------- Reloaded accessors, but skipping rerun for now. Sun Mar 03 03:40:15 UTC 2019 /home/travis/build/icyphy/ptII/ptolemy/cg/kernel/generic/accessor/test/auto/RampJSInspect.xml

===========================================================================================
----------------- testing Sun Mar 03 03:40:15 UTC 2019 /home/travis/build/icyphy/ptII/ptolemy/cg/kernel/generic/accessor/test/auto/RampJSTest.xml
----------------- Instantiating /home/travis/build/icyphy/ptII/ptolemy/cg/kernel/generic/accessor/test/auto/RampJSTest.xml
7294 ms. Memory: 1370624K Free: 495995K (36%)
----------------- Invoking toplevel() on ptolemy.moml.MoMLSimpleApplication@167752a6
----------------- Done invoking toplevel() on ptolemy.moml.MoMLSimpleApplication@167752a6
reloadAllAccessors: .RampJSTest
-------------- Reloaded accessors, but skipping rerun for now. Sun Mar 03 03:40:25 UTC 2019 /home/travis/build/icyphy/ptII/ptolemy/cg/kernel/generic/accessor/test/auto/RampJSTest.xml

===========================================================================================
----------------- testing Sun Mar 03 03:40:25 UTC 2019 /home/travis/build/icyphy/ptII/ptolemy/cg/kernel/generic/accessor/test/auto/RampJSTextDisplay.xml
----------------- Instantiating /home/travis/build/icyphy/ptII/ptolemy/cg/kernel/generic/accessor/test/auto/RampJSTextDisplay.xml
TextDisplayHelper: 1
TextDisplayHelper: 2
TextDisplayHelper: 3
TextDisplayHelper: 4
TextDisplayHelper: 5
8586 ms. Memory: 1710080K Free: 1458012K (85%)
----------------- Invoking toplevel() on ptolemy.moml.MoMLSimpleApplication@30c697a6
----------------- Done invoking toplevel() on ptolemy.moml.MoMLSimpleApplication@30c697a6
reloadAllAccessors: .RampJSTextDisplay
-------------- Reloaded accessors, but skipping rerun for now. Sun Mar 03 03:40:37 UTC 2019 /home/travis/build/icyphy/ptII/ptolemy/cg/kernel/generic/accessor/test/auto/RampJSTextDisplay.xml

===========================================================================================
----------------- testing Sun Mar 03 03:40:37 UTC 2019 /home/travis/build/icyphy/ptII/ptolemy/cg/kernel/generic/accessor/test/auto/TestComposite.xml
----------------- Instantiating /home/travis/build/icyphy/ptII/ptolemy/cg/kernel/generic/accessor/test/auto/TestComposite.xml
1341 ms. Memory: 1710080K Free: 484103K (28%)
----------------- Invoking toplevel() on ptolemy.moml.MoMLSimpleApplication@1f1ed5d5
----------------- Done invoking toplevel() on ptolemy.moml.MoMLSimpleApplication@1f1ed5d5
reloadAllAccessors: .TestComposite
-------------- Reloaded accessors, but skipping rerun for now. Sun Mar 03 03:40:40 UTC 2019 /home/travis/build/icyphy/ptII/ptolemy/cg/kernel/generic/accessor/test/auto/TestComposite.xml
AutoTests.java: About to close Vertx.
AutoTests.java: Vertx closed.
]]></system-out>
  <system-err><![CDATA[WARNING: TestSpontaneous2: Model stopped before executing actions (e.g. producing outputs) scheduled for execution at times [6.0]
WARNING: TestSpontaneous: Model stopped before executing actions (e.g. producing outputs) scheduled for execution at times [6.0]
WARNING: AccessorStatus: Model stopped before executing actions (e.g. producing outputs) scheduled for execution at times [6.0]
WARNING: TestSpontaneous: Model stopped before executing actions (e.g. producing outputs) scheduled for execution at times [6.0]
WARNING: TestSpontaneous: Model stopped before executing actions (e.g. producing outputs) scheduled for execution at times [5.0]
WARNING: TestSpontaneous: Model stopped before executing actions (e.g. producing outputs) scheduled for execution at times [5.0]
WARNING: TestSpontaneous: Model stopped before executing actions (e.g. producing outputs) scheduled for execution at times [6.0]
]]></system-err>
</testsuite>
