<?xml version="1.0" encoding="UTF-8" ?>
<testsuite errors="0" failures="0" hostname="travis-job-6b1be4c7-7750-4c6d-9d3e-b9c0dabdf6c1" name="ptolemy.domains.sdf.test.junit.JUnitTclTest" skipped="0" tests="66" time="23.799" timestamp="2019-10-10T19:15:39">
  <properties>
[...]
</properties>
  <testcase classname="ptolemy.util.test.junit.TclTests" name="[0] /home/travis/build/icyphy/ptII/ptolemy/domains/sdf/test/SDFSchedulerErrors.tcl (RunTclFile)" time="1.269" />
  <testcase classname="ptolemy.util.test.junit.TclTests" name="[1] /home/travis/build/icyphy/ptII/ptolemy/domains/sdf/test/composition.tcl (RunTclFile)" time="0.198" />
  <testcase classname="ptolemy.util.test.junit.TclTests" name="[2] /home/travis/build/icyphy/ptII/ptolemy/domains/sdf/test/cycle.tcl (RunTclFile)" time="0.103" />
  <testcase classname="ptolemy.util.test.junit.AutoKnownFailedTests" name="[0] ThereAreNoKnowFailedTests (RunModel)" time="0.001" />
  <testcase classname="ptolemy.util.test.junit.AutoNameArchTests" name="[0] ThereAreNoAutoArchTests (RunModel)" time="0.002" />
  <testcase classname="ptolemy.util.test.junit.AutoTests" name="[0] /home/travis/build/icyphy/ptII/ptolemy/domains/sdf/test/auto/Array.xml (RunModel)" time="0.393" />
  <testcase classname="ptolemy.util.test.junit.AutoTests" name="[1] /home/travis/build/icyphy/ptII/ptolemy/domains/sdf/test/auto/Butterfly.xml (RunModel)" time="0.164" />
  <testcase classname="ptolemy.util.test.junit.AutoTests" name="[2] /home/travis/build/icyphy/ptII/ptolemy/domains/sdf/test/auto/Expression.xml (RunModel)" time="0.129" />
  <testcase classname="ptolemy.util.test.junit.AutoTests" name="[3] /home/travis/build/icyphy/ptII/ptolemy/domains/sdf/test/auto/Eye.xml (RunModel)" time="0.427" />
  <testcase classname="ptolemy.util.test.junit.AutoTests" name="[4] /home/travis/build/icyphy/ptII/ptolemy/domains/sdf/test/auto/FixFIR.xml (RunModel)" time="0.357" />
  <testcase classname="ptolemy.util.test.junit.AutoTests" name="[5] /home/travis/build/icyphy/ptII/ptolemy/domains/sdf/test/auto/FixPoint.xml (RunModel)" time="0.053" />
  <testcase classname="ptolemy.util.test.junit.AutoTests" name="[6] /home/travis/build/icyphy/ptII/ptolemy/domains/sdf/test/auto/Gravitation.xml (RunModel)" time="3.396" />
  <testcase classname="ptolemy.util.test.junit.AutoTests" name="[7] /home/travis/build/icyphy/ptII/ptolemy/domains/sdf/test/auto/GravitationWithCollisionDetection.xml (RunModel)" time="7.988" />
  <testcase classname="ptolemy.util.test.junit.AutoTests" name="[8] /home/travis/build/icyphy/ptII/ptolemy/domains/sdf/test/auto/HDF.xml (RunModel)" time="0.171" />
  <testcase classname="ptolemy.util.test.junit.AutoTests" name="[9] /home/travis/build/icyphy/ptII/ptolemy/domains/sdf/test/auto/HDFwithTransientStates.xml (RunModel)" time="0.155" />
  <testcase classname="ptolemy.util.test.junit.AutoTests" name="[10] /home/travis/build/icyphy/ptII/ptolemy/domains/sdf/test/auto/HTVQ.xml (RunModel)" time="1.03" />
  <testcase classname="ptolemy.util.test.junit.AutoTests" name="[11] /home/travis/build/icyphy/ptII/ptolemy/domains/sdf/test/auto/InferInitProduction.xml (RunModel)" time="0.036" />
  <testcase classname="ptolemy.util.test.junit.AutoTests" name="[12] /home/travis/build/icyphy/ptII/ptolemy/domains/sdf/test/auto/InferInitProductionDeeper.xml (RunModel)" time="0.028" />
  <testcase classname="ptolemy.util.test.junit.AutoTests" name="[13] /home/travis/build/icyphy/ptII/ptolemy/domains/sdf/test/auto/LMSAdaptive.xml (RunModel)" time="0.102" />
  <testcase classname="ptolemy.util.test.junit.AutoTests" name="[14] /home/travis/build/icyphy/ptII/ptolemy/domains/sdf/test/auto/LogisticMap.xml (RunModel)" time="0.481" />
  <testcase classname="ptolemy.util.test.junit.AutoTests" name="[15] /home/travis/build/icyphy/ptII/ptolemy/domains/sdf/test/auto/MaximumEntropySpectrum.xml (RunModel)" time="0.341" />
  <testcase classname="ptolemy.util.test.junit.AutoTests" name="[16] /home/travis/build/icyphy/ptII/ptolemy/domains/sdf/test/auto/MultirateSDF.xml (RunModel)" time="0.096" />
  <testcase classname="ptolemy.util.test.junit.AutoTests" name="[17] /home/travis/build/icyphy/ptII/ptolemy/domains/sdf/test/auto/MultirateSDFwithTransientStates.xml (RunModel)" time="0.077" />
  <testcase classname="ptolemy.util.test.junit.AutoTests" name="[18] /home/travis/build/icyphy/ptII/ptolemy/domains/sdf/test/auto/NoisySinewave.xml (RunModel)" time="0.083" />
  <testcase classname="ptolemy.util.test.junit.AutoTests" name="[19] /home/travis/build/icyphy/ptII/ptolemy/domains/sdf/test/auto/Objects.xml (RunModel)" time="0.054" />
  <testcase classname="ptolemy.util.test.junit.AutoTests" name="[20] /home/travis/build/icyphy/ptII/ptolemy/domains/sdf/test/auto/OrthogonalCom.xml (RunModel)" time="0.047" />
  <testcase classname="ptolemy.util.test.junit.AutoTests" name="[21] /home/travis/build/icyphy/ptII/ptolemy/domains/sdf/test/auto/RijndaelEncryption.xml (RunModel)" time="0.728" />
  <testcase classname="ptolemy.util.test.junit.AutoTests" name="[22] /home/travis/build/icyphy/ptII/ptolemy/domains/sdf/test/auto/SDFEmptyIterations.xml (RunModel)" time="0.017" />
  <testcase classname="ptolemy.util.test.junit.AutoTests" name="[23] /home/travis/build/icyphy/ptII/ptolemy/domains/sdf/test/auto/Spectrum.xml (RunModel)" time="0.1" />
  <testcase classname="ptolemy.util.test.junit.AutoTests" name="[24] /home/travis/build/icyphy/ptII/ptolemy/domains/sdf/test/auto/de_inside_sdf.xml (RunModel)" time="0.028" />
  <testcase classname="ptolemy.util.test.junit.AutoTests" name="[25] /home/travis/build/icyphy/ptII/ptolemy/domains/sdf/test/auto/disconnectedHierarchicalSDF.xml (RunModel)" time="0.025" />
  <testcase classname="ptolemy.util.test.junit.AutoTests" name="[26] /home/travis/build/icyphy/ptII/ptolemy/domains/sdf/test/auto/disconnectedSDF.xml (RunModel)" time="0.016" />
  <testcase classname="ptolemy.util.test.junit.AutoTests" name="[27] /home/travis/build/icyphy/ptII/ptolemy/domains/sdf/test/auto/emptyRefinement.xml (RunModel)" time="0.019" />
  <testcase classname="ptolemy.util.test.junit.AutoTests" name="[28] /home/travis/build/icyphy/ptII/ptolemy/domains/sdf/test/auto/filePortParameter.xml (RunModel)" time="0.082" />
  <testcase classname="ptolemy.util.test.junit.AutoTests" name="[29] /home/travis/build/icyphy/ptII/ptolemy/domains/sdf/test/auto/inferRelationWidth1.xml (RunModel)" time="0.016" />
  <testcase classname="ptolemy.util.test.junit.AutoTests" name="[30] /home/travis/build/icyphy/ptII/ptolemy/domains/sdf/test/auto/initProductionInference.xml (RunModel)" time="0.023" />
  <testcase classname="ptolemy.util.test.junit.AutoTests" name="[31] /home/travis/build/icyphy/ptII/ptolemy/domains/sdf/test/auto/relationGroup.xml (RunModel)" time="0.023" />
  <testcase classname="ptolemy.util.test.junit.AutoTests" name="[32] /home/travis/build/icyphy/ptII/ptolemy/domains/sdf/test/auto/relationGroup10.xml (RunModel)" time="0.02" />
  <testcase classname="ptolemy.util.test.junit.AutoTests" name="[33] /home/travis/build/icyphy/ptII/ptolemy/domains/sdf/test/auto/relationGroup11.xml (RunModel)" time="0.017" />
  <testcase classname="ptolemy.util.test.junit.AutoTests" name="[34] /home/travis/build/icyphy/ptII/ptolemy/domains/sdf/test/auto/relationGroup12.xml (RunModel)" time="0.016" />
  <testcase classname="ptolemy.util.test.junit.AutoTests" name="[35] /home/travis/build/icyphy/ptII/ptolemy/domains/sdf/test/auto/relationGroup13.xml (RunModel)" time="0.02" />
  <testcase classname="ptolemy.util.test.junit.AutoTests" name="[36] /home/travis/build/icyphy/ptII/ptolemy/domains/sdf/test/auto/relationGroup14.xml (RunModel)" time="0.018" />
  <testcase classname="ptolemy.util.test.junit.AutoTests" name="[37] /home/travis/build/icyphy/ptII/ptolemy/domains/sdf/test/auto/relationGroup15.xml (RunModel)" time="0.016" />
  <testcase classname="ptolemy.util.test.junit.AutoTests" name="[38] /home/travis/build/icyphy/ptII/ptolemy/domains/sdf/test/auto/relationGroup2.xml (RunModel)" time="0.013" />
  <testcase classname="ptolemy.util.test.junit.AutoTests" name="[39] /home/travis/build/icyphy/ptII/ptolemy/domains/sdf/test/auto/relationGroup3.xml (RunModel)" time="0.015" />
  <testcase classname="ptolemy.util.test.junit.AutoTests" name="[40] /home/travis/build/icyphy/ptII/ptolemy/domains/sdf/test/auto/relationGroup4.xml (RunModel)" time="0.018" />
  <testcase classname="ptolemy.util.test.junit.AutoTests" name="[41] /home/travis/build/icyphy/ptII/ptolemy/domains/sdf/test/auto/relationGroup5.xml (RunModel)" time="0.016" />
  <testcase classname="ptolemy.util.test.junit.AutoTests" name="[42] /home/travis/build/icyphy/ptII/ptolemy/domains/sdf/test/auto/relationGroup6.xml (RunModel)" time="0.013" />
  <testcase classname="ptolemy.util.test.junit.AutoTests" name="[43] /home/travis/build/icyphy/ptII/ptolemy/domains/sdf/test/auto/relationGroup7.xml (RunModel)" time="0.01" />
  <testcase classname="ptolemy.util.test.junit.AutoTests" name="[44] /home/travis/build/icyphy/ptII/ptolemy/domains/sdf/test/auto/relationGroup8.xml (RunModel)" time="0.017" />
  <testcase classname="ptolemy.util.test.junit.AutoTests" name="[45] /home/travis/build/icyphy/ptII/ptolemy/domains/sdf/test/auto/relationGroup9.xml (RunModel)" time="0.017" />
  <testcase classname="ptolemy.util.test.junit.AutoTests" name="[46] /home/travis/build/icyphy/ptII/ptolemy/domains/sdf/test/auto/sdf_inside_de.xml (RunModel)" time="0.057" />
  <testcase classname="ptolemy.util.test.junit.AutoTests" name="[47] /home/travis/build/icyphy/ptII/ptolemy/domains/sdf/test/auto/sdf_inside_pn.xml (RunModel)" time="0.074" />
  <testcase classname="ptolemy.util.test.junit.AutoTests" name="[48] /home/travis/build/icyphy/ptII/ptolemy/domains/sdf/test/auto/sdf_sdf1.xml (RunModel)" time="0.032" />
  <testcase classname="ptolemy.util.test.junit.AutoTests" name="[49] /home/travis/build/icyphy/ptII/ptolemy/domains/sdf/test/auto/test1.xml (RunModel)" time="0.021" />
  <testcase classname="ptolemy.util.test.junit.AutoTests" name="[50] /home/travis/build/icyphy/ptII/ptolemy/domains/sdf/test/auto/time1.xml (RunModel)" time="0.014" />
  <testcase classname="ptolemy.util.test.junit.AutoTests" name="[51] /home/travis/build/icyphy/ptII/ptolemy/domains/sdf/test/auto/time2.xml (RunModel)" time="0.028" />
  <testcase classname="ptolemy.util.test.junit.AutoTests" name="[52] /home/travis/build/icyphy/ptII/ptolemy/domains/sdf/test/auto/time3.xml (RunModel)" time="0.031" />
  <testcase classname="ptolemy.util.test.junit.AutoTests" name="[53] /home/travis/build/icyphy/ptII/ptolemy/domains/sdf/test/auto/time4.xml (RunModel)" time="0.024" />
  <testcase classname="ptolemy.util.test.junit.AutoTests" name="[54] /home/travis/build/icyphy/ptII/ptolemy/domains/sdf/test/auto/time5.xml (RunModel)" time="4.016" />
  <testcase classname="ptolemy.util.test.junit.AutoTests" name="[55] /home/travis/build/icyphy/ptII/ptolemy/domains/sdf/test/auto/typeSystem_Const_Integer_smallest_Type.xml (RunModel)" time="0.045" />
  <testcase classname="ptolemy.util.test.junit.AutoTests" name="[56] /home/travis/build/icyphy/ptII/ptolemy/domains/sdf/test/auto/typeSystem_declared_Inports_OutportTypeException.xml (RunModel)" time="0.021" />
  <testcase classname="ptolemy.util.test.junit.AutoTests" name="[57] /home/travis/build/icyphy/ptII/ptolemy/domains/sdf/test/auto/typeSystem_oneDeclaredInportType_wrongTypeOutport.xml (RunModel)" time="0.016" />
  <testcase classname="ptolemy.util.test.junit.AutoTests" name="[58] /home/travis/build/icyphy/ptII/ptolemy/domains/sdf/test/auto/width.xml (RunModel)" time="0.016" />
  <testcase classname="ptolemy.util.test.junit.AutoTests" name="[59] /home/travis/build/icyphy/ptII/ptolemy/domains/sdf/test/auto/width2.xml (RunModel)" time="0.054" />
  <testcase classname="ptolemy.util.test.junit.AutoTests" name="[60] /home/travis/build/icyphy/ptII/ptolemy/domains/sdf/test/auto/width3.xml (RunModel)" time="0.053" />
  <system-out><![CDATA[/home/travis/build/icyphy/ptII/ptolemy/domains/sdf/test/SDFSchedulerErrors.tcl
testDefs.tcl: setting time out to 9000 seconds at Thu Oct 10 19:15:39 UTC 2019
88 ms. Memory: 120832K Free: 82358K (68%)
22 ms. Memory: 120832K Free: 74680K (62%)
19 ms. Memory: 120832K Free: 68015K (56%)
6 ms. Memory: 120832K Free: 64950K (54%)
/home/travis/build/icyphy/ptII/ptolemy/domains/sdf/test/composition.tcl
35 ms. Memory: 120832K Free: 61368K (51%)
10 ms. Memory: 120832K Free: 59320K (49%)
/home/travis/build/icyphy/ptII/ptolemy/domains/sdf/test/cycle.tcl
.Toplevel.Director Preinitializing ...
Invoking preinitialize():  .Toplevel.Actor1
Invoking preinitialize():  .Toplevel.Actor2
Invoking preinitialize():  .Toplevel.Delay
.Toplevel.Director Finished preinitialize().
### Schedule:
Execute Schedule{
Fire Actor ptolemy.domains.sdf.kernel.test.SDFTestDelay {.Toplevel.Actor1}
Fire Actor ptolemy.domains.sdf.kernel.test.SDFTestDelay {.Toplevel.Actor2}
Fire Actor ptolemy.domains.sdf.lib.SampleDelay {.Toplevel.Delay}
}
### End schedule
Called initialize().
Invoking initialize():  .Toplevel.Actor1
Initializing actor: .Toplevel.Actor1.
Invoking initialize():  .Toplevel.Actor2
Initializing actor: .Toplevel.Actor2.
Invoking initialize():  .Toplevel.Delay
Initializing actor: .Toplevel.Delay.
Director: Called prefire().
-- Setting current time to 0.0
Director prefire returns true.
The actor .Toplevel.Actor1 will be iterated.
The actor .Toplevel.Actor1 was iterated.
The actor .Toplevel.Actor2 will be iterated.
The actor .Toplevel.Actor2 was iterated.
The actor .Toplevel.Delay will be iterated.
The actor .Toplevel.Delay was iterated.
Director: Called postfire().
Postfire returns: true
Director: Called prefire().
-- Setting current time to 0.0
Director prefire returns true.
The actor .Toplevel.Actor1 will be iterated.
The actor .Toplevel.Actor1 was iterated.
The actor .Toplevel.Actor2 will be iterated.
The actor .Toplevel.Actor2 was iterated.
The actor .Toplevel.Delay will be iterated.
The actor .Toplevel.Delay was iterated.
Director: Called postfire().
Postfire returns: true
Director: Called prefire().
-- Setting current time to 0.0
Director prefire returns true.
The actor .Toplevel.Actor1 will be iterated.
The actor .Toplevel.Actor1 was iterated.
The actor .Toplevel.Actor2 will be iterated.
The actor .Toplevel.Actor2 was iterated.
The actor .Toplevel.Delay will be iterated.
The actor .Toplevel.Delay was iterated.
Director: Called postfire().
Postfire returns: true
Director: Called prefire().
-- Setting current time to 0.0
Director prefire returns true.
The actor .Toplevel.Actor1 will be iterated.
The actor .Toplevel.Actor1 was iterated.
The actor .Toplevel.Actor2 will be iterated.
The actor .Toplevel.Actor2 was iterated.
The actor .Toplevel.Delay will be iterated.
The actor .Toplevel.Delay was iterated.
Director: Called postfire().
Postfire returns: true
Director: Called prefire().
-- Setting current time to 0.0
Director prefire returns true.
The actor .Toplevel.Actor1 will be iterated.
The actor .Toplevel.Actor1 was iterated.
The actor .Toplevel.Actor2 will be iterated.
The actor .Toplevel.Actor2 was iterated.
The actor .Toplevel.Delay will be iterated.
The actor .Toplevel.Delay was iterated.
Director: Called postfire().
Postfire returns: true
Director: Called prefire().
-- Setting current time to 0.0
Director prefire returns true.
The actor .Toplevel.Actor1 will be iterated.
The actor .Toplevel.Actor1 was iterated.
The actor .Toplevel.Actor2 will be iterated.
The actor .Toplevel.Actor2 was iterated.
The actor .Toplevel.Delay will be iterated.
The actor .Toplevel.Delay was iterated.
Reached specified number of iterations: 6
Director: Called wrapup().
68 ms. Memory: 120832K Free: 56248K (47%)
10/10/19 07:15:41
Failed: 0  Total Tests: 8  ((Passed: 8, Newly Passed: 0)  Known Failed: 0) /home/travis/build/icyphy/ptII/ptolemy/domains/sdf/test
No auto/knownFailedTests/*.xml tests in /home/travis/build/icyphy/ptII/ptolemy/domains/sdf/test
No auto/linux-amd64/*.xml tests in /home/travis/build/icyphy/ptII/ptolemy/domains/sdf/test
AutoTests.java: About to close Vertx.
AutoTests.java: Vertx closed.

===========================================================================================
----------------- testing Thu Oct 10 19:15:41 UTC 2019 /home/travis/build/icyphy/ptII/ptolemy/domains/sdf/test/auto/Array.xml
----------------- Instantiating /home/travis/build/icyphy/ptII/ptolemy/domains/sdf/test/auto/Array.xml
38 ms. Memory: 120832K Free: 101722K (84%)
----------------- Invoking toplevel() on ptolemy.moml.MoMLSimpleApplication@419d4e7d
----------------- Done invoking toplevel() on ptolemy.moml.MoMLSimpleApplication@419d4e7d
reloadAllAccessors: .Array

===========================================================================================
----------------- testing Thu Oct 10 19:15:41 UTC 2019 /home/travis/build/icyphy/ptII/ptolemy/domains/sdf/test/auto/Butterfly.xml
----------------- Instantiating /home/travis/build/icyphy/ptII/ptolemy/domains/sdf/test/auto/Butterfly.xml
106 ms. Memory: 120832K Free: 96283K (80%)
----------------- Invoking toplevel() on ptolemy.moml.MoMLSimpleApplication@622a63ca
----------------- Done invoking toplevel() on ptolemy.moml.MoMLSimpleApplication@622a63ca
reloadAllAccessors: .Butterfly

===========================================================================================
----------------- testing Thu Oct 10 19:15:42 UTC 2019 /home/travis/build/icyphy/ptII/ptolemy/domains/sdf/test/auto/Expression.xml
----------------- Instantiating /home/travis/build/icyphy/ptII/ptolemy/domains/sdf/test/auto/Expression.xml
95 ms. Memory: 120832K Free: 91601K (76%)
----------------- Invoking toplevel() on ptolemy.moml.MoMLSimpleApplication@ccdbfc
----------------- Done invoking toplevel() on ptolemy.moml.MoMLSimpleApplication@ccdbfc
reloadAllAccessors: .Expression

===========================================================================================
----------------- testing Thu Oct 10 19:15:42 UTC 2019 /home/travis/build/icyphy/ptII/ptolemy/domains/sdf/test/auto/Eye.xml
----------------- Instantiating /home/travis/build/icyphy/ptII/ptolemy/domains/sdf/test/auto/Eye.xml
235 ms. Memory: 120832K Free: 92422K (76%)
----------------- Invoking toplevel() on ptolemy.moml.MoMLSimpleApplication@1b964a37
----------------- Done invoking toplevel() on ptolemy.moml.MoMLSimpleApplication@1b964a37
reloadAllAccessors: .Eye

===========================================================================================
----------------- testing Thu Oct 10 19:15:42 UTC 2019 /home/travis/build/icyphy/ptII/ptolemy/domains/sdf/test/auto/FixFIR.xml
----------------- Instantiating /home/travis/build/icyphy/ptII/ptolemy/domains/sdf/test/auto/FixFIR.xml
173 ms. Memory: 152576K Free: 128797K (84%)
----------------- Invoking toplevel() on ptolemy.moml.MoMLSimpleApplication@36b5b7ca
----------------- Done invoking toplevel() on ptolemy.moml.MoMLSimpleApplication@36b5b7ca
reloadAllAccessors: .FixFIR

===========================================================================================
----------------- testing Thu Oct 10 19:15:43 UTC 2019 /home/travis/build/icyphy/ptII/ptolemy/domains/sdf/test/auto/FixPoint.xml
----------------- Instantiating /home/travis/build/icyphy/ptII/ptolemy/domains/sdf/test/auto/FixPoint.xml
17 ms. Memory: 152576K Free: 124168K (81%)
----------------- Invoking toplevel() on ptolemy.moml.MoMLSimpleApplication@c68801f
----------------- Done invoking toplevel() on ptolemy.moml.MoMLSimpleApplication@c68801f
reloadAllAccessors: .FixPoint

===========================================================================================
----------------- testing Thu Oct 10 19:15:43 UTC 2019 /home/travis/build/icyphy/ptII/ptolemy/domains/sdf/test/auto/Gravitation.xml
----------------- Instantiating /home/travis/build/icyphy/ptII/ptolemy/domains/sdf/test/auto/Gravitation.xml
3260 ms. Memory: 152576K Free: 66490K (44%)
----------------- Invoking toplevel() on ptolemy.moml.MoMLSimpleApplication@62c7b037
----------------- Done invoking toplevel() on ptolemy.moml.MoMLSimpleApplication@62c7b037
reloadAllAccessors: .Gravitation

===========================================================================================
----------------- testing Thu Oct 10 19:15:46 UTC 2019 /home/travis/build/icyphy/ptII/ptolemy/domains/sdf/test/auto/GravitationWithCollisionDetection.xml
----------------- Instantiating /home/travis/build/icyphy/ptII/ptolemy/domains/sdf/test/auto/GravitationWithCollisionDetection.xml
7833 ms. Memory: 337920K Free: 160538K (48%)
----------------- Invoking toplevel() on ptolemy.moml.MoMLSimpleApplication@5bcb2b80
----------------- Done invoking toplevel() on ptolemy.moml.MoMLSimpleApplication@5bcb2b80
reloadAllAccessors: .GravitationWithCollisionDetection

===========================================================================================
----------------- testing Thu Oct 10 19:15:54 UTC 2019 /home/travis/build/icyphy/ptII/ptolemy/domains/sdf/test/auto/HDF.xml
----------------- Instantiating /home/travis/build/icyphy/ptII/ptolemy/domains/sdf/test/auto/HDF.xml
57 ms. Memory: 337920K Free: 144682K (43%)
----------------- Invoking toplevel() on ptolemy.moml.MoMLSimpleApplication@62966310
----------------- Done invoking toplevel() on ptolemy.moml.MoMLSimpleApplication@62966310
reloadAllAccessors: .HDF

===========================================================================================
----------------- testing Thu Oct 10 19:15:54 UTC 2019 /home/travis/build/icyphy/ptII/ptolemy/domains/sdf/test/auto/HDFwithTransientStates.xml
----------------- Instantiating /home/travis/build/icyphy/ptII/ptolemy/domains/sdf/test/auto/HDFwithTransientStates.xml
47 ms. Memory: 337920K Free: 322213K (95%)
----------------- Invoking toplevel() on ptolemy.moml.MoMLSimpleApplication@24d7dfc7
----------------- Done invoking toplevel() on ptolemy.moml.MoMLSimpleApplication@24d7dfc7
reloadAllAccessors: .HDFwithTransientStates

===========================================================================================
----------------- testing Thu Oct 10 19:15:54 UTC 2019 /home/travis/build/icyphy/ptII/ptolemy/domains/sdf/test/auto/HTVQ.xml
----------------- Instantiating /home/travis/build/icyphy/ptII/ptolemy/domains/sdf/test/auto/HTVQ.xml
976 ms. Memory: 337920K Free: 161143K (48%)
----------------- Invoking toplevel() on ptolemy.moml.MoMLSimpleApplication@4be4cbd3
----------------- Done invoking toplevel() on ptolemy.moml.MoMLSimpleApplication@4be4cbd3
reloadAllAccessors: .HTVQ

===========================================================================================
----------------- testing Thu Oct 10 19:15:55 UTC 2019 /home/travis/build/icyphy/ptII/ptolemy/domains/sdf/test/auto/InferInitProduction.xml
----------------- Instantiating /home/travis/build/icyphy/ptII/ptolemy/domains/sdf/test/auto/InferInitProduction.xml
7 ms. Memory: 337920K Free: 155613K (46%)
----------------- Invoking toplevel() on ptolemy.moml.MoMLSimpleApplication@633d90cb
----------------- Done invoking toplevel() on ptolemy.moml.MoMLSimpleApplication@633d90cb
reloadAllAccessors: .InferInitProduction

===========================================================================================
----------------- testing Thu Oct 10 19:15:55 UTC 2019 /home/travis/build/icyphy/ptII/ptolemy/domains/sdf/test/auto/InferInitProductionDeeper.xml
----------------- Instantiating /home/travis/build/icyphy/ptII/ptolemy/domains/sdf/test/auto/InferInitProductionDeeper.xml
6 ms. Memory: 337920K Free: 150493K (45%)
----------------- Invoking toplevel() on ptolemy.moml.MoMLSimpleApplication@1e3c6645
----------------- Done invoking toplevel() on ptolemy.moml.MoMLSimpleApplication@1e3c6645
reloadAllAccessors: .InferInitProductionDeeper

===========================================================================================
----------------- testing Thu Oct 10 19:15:55 UTC 2019 /home/travis/build/icyphy/ptII/ptolemy/domains/sdf/test/auto/LMSAdaptive.xml
----------------- Instantiating /home/travis/build/icyphy/ptII/ptolemy/domains/sdf/test/auto/LMSAdaptive.xml
16 ms. Memory: 337920K Free: 140763K (42%)
----------------- Invoking toplevel() on ptolemy.moml.MoMLSimpleApplication@6883efce
----------------- Done invoking toplevel() on ptolemy.moml.MoMLSimpleApplication@6883efce
reloadAllAccessors: .LMSAdaptive

===========================================================================================
----------------- testing Thu Oct 10 19:15:56 UTC 2019 /home/travis/build/icyphy/ptII/ptolemy/domains/sdf/test/auto/LogisticMap.xml
----------------- Instantiating /home/travis/build/icyphy/ptII/ptolemy/domains/sdf/test/auto/LogisticMap.xml
444 ms. Memory: 337920K Free: 135133K (40%)
----------------- Invoking toplevel() on ptolemy.moml.MoMLSimpleApplication@4cee29f9
----------------- Done invoking toplevel() on ptolemy.moml.MoMLSimpleApplication@4cee29f9
reloadAllAccessors: .LogisticMap

===========================================================================================
----------------- testing Thu Oct 10 19:15:56 UTC 2019 /home/travis/build/icyphy/ptII/ptolemy/domains/sdf/test/auto/MaximumEntropySpectrum.xml
----------------- Instantiating /home/travis/build/icyphy/ptII/ptolemy/domains/sdf/test/auto/MaximumEntropySpectrum.xml
97 ms. Memory: 337920K Free: 275183K (81%)
----------------- Invoking toplevel() on ptolemy.moml.MoMLSimpleApplication@6988e561
----------------- Done invoking toplevel() on ptolemy.moml.MoMLSimpleApplication@6988e561
reloadAllAccessors: .MaximumEntropySpectrum

===========================================================================================
----------------- testing Thu Oct 10 19:15:56 UTC 2019 /home/travis/build/icyphy/ptII/ptolemy/domains/sdf/test/auto/MultirateSDF.xml
----------------- Instantiating /home/travis/build/icyphy/ptII/ptolemy/domains/sdf/test/auto/MultirateSDF.xml
36 ms. Memory: 337920K Free: 260847K (77%)
----------------- Invoking toplevel() on ptolemy.moml.MoMLSimpleApplication@5597d835
----------------- Done invoking toplevel() on ptolemy.moml.MoMLSimpleApplication@5597d835
reloadAllAccessors: .MultirateSDF

===========================================================================================
----------------- testing Thu Oct 10 19:15:56 UTC 2019 /home/travis/build/icyphy/ptII/ptolemy/domains/sdf/test/auto/MultirateSDFwithTransientStates.xml
----------------- Instantiating /home/travis/build/icyphy/ptII/ptolemy/domains/sdf/test/auto/MultirateSDFwithTransientStates.xml
23 ms. Memory: 337920K Free: 241887K (72%)
----------------- Invoking toplevel() on ptolemy.moml.MoMLSimpleApplication@5ff9bcdf
----------------- Done invoking toplevel() on ptolemy.moml.MoMLSimpleApplication@5ff9bcdf
reloadAllAccessors: .MultirateSDFwithTransientStates

===========================================================================================
----------------- testing Thu Oct 10 19:15:57 UTC 2019 /home/travis/build/icyphy/ptII/ptolemy/domains/sdf/test/auto/NoisySinewave.xml
----------------- Instantiating /home/travis/build/icyphy/ptII/ptolemy/domains/sdf/test/auto/NoisySinewave.xml
19 ms. Memory: 337920K Free: 225517K (67%)
----------------- Invoking toplevel() on ptolemy.moml.MoMLSimpleApplication@8b29d75
----------------- Done invoking toplevel() on ptolemy.moml.MoMLSimpleApplication@8b29d75
reloadAllAccessors: .NoisySinewave

===========================================================================================
----------------- testing Thu Oct 10 19:15:57 UTC 2019 /home/travis/build/icyphy/ptII/ptolemy/domains/sdf/test/auto/Objects.xml
----------------- Instantiating /home/travis/build/icyphy/ptII/ptolemy/domains/sdf/test/auto/Objects.xml
6 ms. Memory: 337920K Free: 217325K (64%)
----------------- Invoking toplevel() on ptolemy.moml.MoMLSimpleApplication@63b30899
----------------- Done invoking toplevel() on ptolemy.moml.MoMLSimpleApplication@63b30899
reloadAllAccessors: .Objects

===========================================================================================
----------------- testing Thu Oct 10 19:15:57 UTC 2019 /home/travis/build/icyphy/ptII/ptolemy/domains/sdf/test/auto/OrthogonalCom.xml
----------------- Instantiating /home/travis/build/icyphy/ptII/ptolemy/domains/sdf/test/auto/OrthogonalCom.xml
7 ms. Memory: 337920K Free: 209647K (62%)
----------------- Invoking toplevel() on ptolemy.moml.MoMLSimpleApplication@4a016819
----------------- Done invoking toplevel() on ptolemy.moml.MoMLSimpleApplication@4a016819
reloadAllAccessors: .OrthogonalCom

===========================================================================================
----------------- testing Thu Oct 10 19:15:57 UTC 2019 /home/travis/build/icyphy/ptII/ptolemy/domains/sdf/test/auto/RijndaelEncryption.xml
----------------- Instantiating /home/travis/build/icyphy/ptII/ptolemy/domains/sdf/test/auto/RijndaelEncryption.xml
387 ms. Memory: 337920K Free: 263509K (78%)
----------------- Invoking toplevel() on ptolemy.moml.MoMLSimpleApplication@1e20788
----------------- Done invoking toplevel() on ptolemy.moml.MoMLSimpleApplication@1e20788
reloadAllAccessors: .RijndaelEncryption

===========================================================================================
----------------- testing Thu Oct 10 19:15:57 UTC 2019 /home/travis/build/icyphy/ptII/ptolemy/domains/sdf/test/auto/SDFEmptyIterations.xml
----------------- Instantiating /home/travis/build/icyphy/ptII/ptolemy/domains/sdf/test/auto/SDFEmptyIterations.xml
5 ms. Memory: 337920K Free: 258885K (77%)
----------------- Invoking toplevel() on ptolemy.moml.MoMLSimpleApplication@3081b6e9
----------------- Done invoking toplevel() on ptolemy.moml.MoMLSimpleApplication@3081b6e9
reloadAllAccessors: .SDFEmptyIterations

===========================================================================================
----------------- testing Thu Oct 10 19:15:57 UTC 2019 /home/travis/build/icyphy/ptII/ptolemy/domains/sdf/test/auto/Spectrum.xml
----------------- Instantiating /home/travis/build/icyphy/ptII/ptolemy/domains/sdf/test/auto/Spectrum.xml
25 ms. Memory: 337920K Free: 234323K (69%)
----------------- Invoking toplevel() on ptolemy.moml.MoMLSimpleApplication@69ad0580
----------------- Done invoking toplevel() on ptolemy.moml.MoMLSimpleApplication@69ad0580
reloadAllAccessors: .Spectrum

===========================================================================================
----------------- testing Thu Oct 10 19:15:58 UTC 2019 /home/travis/build/icyphy/ptII/ptolemy/domains/sdf/test/auto/de_inside_sdf.xml
----------------- Instantiating /home/travis/build/icyphy/ptII/ptolemy/domains/sdf/test/auto/de_inside_sdf.xml
7 ms. Memory: 337920K Free: 229173K (68%)
----------------- Invoking toplevel() on ptolemy.moml.MoMLSimpleApplication@1897903f
----------------- Done invoking toplevel() on ptolemy.moml.MoMLSimpleApplication@1897903f
reloadAllAccessors: .de_inside_sdf

===========================================================================================
----------------- testing Thu Oct 10 19:15:58 UTC 2019 /home/travis/build/icyphy/ptII/ptolemy/domains/sdf/test/auto/disconnectedHierarchicalSDF.xml
----------------- Instantiating /home/travis/build/icyphy/ptII/ptolemy/domains/sdf/test/auto/disconnectedHierarchicalSDF.xml
6 ms. Memory: 337920K Free: 223045K (66%)
----------------- Invoking toplevel() on ptolemy.moml.MoMLSimpleApplication@55c6f6a3
----------------- Done invoking toplevel() on ptolemy.moml.MoMLSimpleApplication@55c6f6a3
reloadAllAccessors: .disconnectedHierarchicalSDF

===========================================================================================
----------------- testing Thu Oct 10 19:15:58 UTC 2019 /home/travis/build/icyphy/ptII/ptolemy/domains/sdf/test/auto/disconnectedSDF.xml
----------------- Instantiating /home/travis/build/icyphy/ptII/ptolemy/domains/sdf/test/auto/disconnectedSDF.xml
3 ms. Memory: 337920K Free: 218963K (65%)
----------------- Invoking toplevel() on ptolemy.moml.MoMLSimpleApplication@4794cb5c
----------------- Done invoking toplevel() on ptolemy.moml.MoMLSimpleApplication@4794cb5c
reloadAllAccessors: .disconnectedSDF

===========================================================================================
----------------- testing Thu Oct 10 19:15:58 UTC 2019 /home/travis/build/icyphy/ptII/ptolemy/domains/sdf/test/auto/emptyRefinement.xml
----------------- Instantiating /home/travis/build/icyphy/ptII/ptolemy/domains/sdf/test/auto/emptyRefinement.xml
4 ms. Memory: 337920K Free: 214357K (63%)
----------------- Invoking toplevel() on ptolemy.moml.MoMLSimpleApplication@4576f132
----------------- Done invoking toplevel() on ptolemy.moml.MoMLSimpleApplication@4576f132
reloadAllAccessors: .emptyRefinement

===========================================================================================
----------------- testing Thu Oct 10 19:15:58 UTC 2019 /home/travis/build/icyphy/ptII/ptolemy/domains/sdf/test/auto/filePortParameter.xml
----------------- Instantiating /home/travis/build/icyphy/ptII/ptolemy/domains/sdf/test/auto/filePortParameter.xml
31 ms. Memory: 337920K Free: 207189K (61%)
----------------- Invoking toplevel() on ptolemy.moml.MoMLSimpleApplication@3eb5023e
----------------- Done invoking toplevel() on ptolemy.moml.MoMLSimpleApplication@3eb5023e
reloadAllAccessors: .filePortParameter

===========================================================================================
----------------- testing Thu Oct 10 19:15:58 UTC 2019 /home/travis/build/icyphy/ptII/ptolemy/domains/sdf/test/auto/inferRelationWidth1.xml
----------------- Instantiating /home/travis/build/icyphy/ptII/ptolemy/domains/sdf/test/auto/inferRelationWidth1.xml
2 ms. Memory: 337920K Free: 204117K (60%)
----------------- Invoking toplevel() on ptolemy.moml.MoMLSimpleApplication@2f92eed8
----------------- Done invoking toplevel() on ptolemy.moml.MoMLSimpleApplication@2f92eed8
reloadAllAccessors: .inferRelationWidth1

===========================================================================================
----------------- testing Thu Oct 10 19:15:58 UTC 2019 /home/travis/build/icyphy/ptII/ptolemy/domains/sdf/test/auto/initProductionInference.xml
----------------- Instantiating /home/travis/build/icyphy/ptII/ptolemy/domains/sdf/test/auto/initProductionInference.xml
3 ms. Memory: 337920K Free: 200021K (59%)
----------------- Invoking toplevel() on ptolemy.moml.MoMLSimpleApplication@1bf222eb
----------------- Done invoking toplevel() on ptolemy.moml.MoMLSimpleApplication@1bf222eb
reloadAllAccessors: .initProductionInference

===========================================================================================
----------------- testing Thu Oct 10 19:15:58 UTC 2019 /home/travis/build/icyphy/ptII/ptolemy/domains/sdf/test/auto/relationGroup.xml
----------------- Instantiating /home/travis/build/icyphy/ptII/ptolemy/domains/sdf/test/auto/relationGroup.xml
3 ms. Memory: 337920K Free: 196435K (58%)
----------------- Invoking toplevel() on ptolemy.moml.MoMLSimpleApplication@74029379
----------------- Done invoking toplevel() on ptolemy.moml.MoMLSimpleApplication@74029379
reloadAllAccessors: .relationGroup

===========================================================================================
----------------- testing Thu Oct 10 19:15:58 UTC 2019 /home/travis/build/icyphy/ptII/ptolemy/domains/sdf/test/auto/relationGroup10.xml
----------------- Instantiating /home/travis/build/icyphy/ptII/ptolemy/domains/sdf/test/auto/relationGroup10.xml
4 ms. Memory: 337920K Free: 192853K (57%)
----------------- Invoking toplevel() on ptolemy.moml.MoMLSimpleApplication@34f0123a
----------------- Done invoking toplevel() on ptolemy.moml.MoMLSimpleApplication@34f0123a
reloadAllAccessors: .relationGroup10

===========================================================================================
----------------- testing Thu Oct 10 19:15:58 UTC 2019 /home/travis/build/icyphy/ptII/ptolemy/domains/sdf/test/auto/relationGroup11.xml
----------------- Instantiating /home/travis/build/icyphy/ptII/ptolemy/domains/sdf/test/auto/relationGroup11.xml
3 ms. Memory: 337920K Free: 189267K (56%)
----------------- Invoking toplevel() on ptolemy.moml.MoMLSimpleApplication@74222742
----------------- Done invoking toplevel() on ptolemy.moml.MoMLSimpleApplication@74222742
reloadAllAccessors: .relationGroup11

===========================================================================================
----------------- testing Thu Oct 10 19:15:58 UTC 2019 /home/travis/build/icyphy/ptII/ptolemy/domains/sdf/test/auto/relationGroup12.xml
----------------- Instantiating /home/travis/build/icyphy/ptII/ptolemy/domains/sdf/test/auto/relationGroup12.xml
3 ms. Memory: 337920K Free: 185171K (55%)
----------------- Invoking toplevel() on ptolemy.moml.MoMLSimpleApplication@bcfe5d2
----------------- Done invoking toplevel() on ptolemy.moml.MoMLSimpleApplication@bcfe5d2
reloadAllAccessors: .relationGroup12

===========================================================================================
----------------- testing Thu Oct 10 19:15:58 UTC 2019 /home/travis/build/icyphy/ptII/ptolemy/domains/sdf/test/auto/relationGroup13.xml
----------------- Instantiating /home/travis/build/icyphy/ptII/ptolemy/domains/sdf/test/auto/relationGroup13.xml
9 ms. Memory: 337920K Free: 180565K (53%)
----------------- Invoking toplevel() on ptolemy.moml.MoMLSimpleApplication@23d69b43
----------------- Done invoking toplevel() on ptolemy.moml.MoMLSimpleApplication@23d69b43
reloadAllAccessors: .relationGroup13

===========================================================================================
----------------- testing Thu Oct 10 19:15:58 UTC 2019 /home/travis/build/icyphy/ptII/ptolemy/domains/sdf/test/auto/relationGroup14.xml
----------------- Instantiating /home/travis/build/icyphy/ptII/ptolemy/domains/sdf/test/auto/relationGroup14.xml
3 ms. Memory: 337920K Free: 175955K (52%)
----------------- Invoking toplevel() on ptolemy.moml.MoMLSimpleApplication@25053eb4
----------------- Done invoking toplevel() on ptolemy.moml.MoMLSimpleApplication@25053eb4
reloadAllAccessors: .relationGroup14

===========================================================================================
----------------- testing Thu Oct 10 19:15:58 UTC 2019 /home/travis/build/icyphy/ptII/ptolemy/domains/sdf/test/auto/relationGroup15.xml
----------------- Instantiating /home/travis/build/icyphy/ptII/ptolemy/domains/sdf/test/auto/relationGroup15.xml
2 ms. Memory: 337920K Free: 172373K (51%)
----------------- Invoking toplevel() on ptolemy.moml.MoMLSimpleApplication@1ab7516b
----------------- Done invoking toplevel() on ptolemy.moml.MoMLSimpleApplication@1ab7516b
reloadAllAccessors: .relationGroup15

===========================================================================================
----------------- testing Thu Oct 10 19:15:58 UTC 2019 /home/travis/build/icyphy/ptII/ptolemy/domains/sdf/test/auto/relationGroup2.xml
----------------- Instantiating /home/travis/build/icyphy/ptII/ptolemy/domains/sdf/test/auto/relationGroup2.xml
3 ms. Memory: 337920K Free: 169301K (50%)
----------------- Invoking toplevel() on ptolemy.moml.MoMLSimpleApplication@6dd4736c
----------------- Done invoking toplevel() on ptolemy.moml.MoMLSimpleApplication@6dd4736c
reloadAllAccessors: .relationGroup2

===========================================================================================
----------------- testing Thu Oct 10 19:15:58 UTC 2019 /home/travis/build/icyphy/ptII/ptolemy/domains/sdf/test/auto/relationGroup3.xml
----------------- Instantiating /home/travis/build/icyphy/ptII/ptolemy/domains/sdf/test/auto/relationGroup3.xml
2 ms. Memory: 337920K Free: 166229K (49%)
----------------- Invoking toplevel() on ptolemy.moml.MoMLSimpleApplication@2a5457c8
----------------- Done invoking toplevel() on ptolemy.moml.MoMLSimpleApplication@2a5457c8
reloadAllAccessors: .relationGroup3

===========================================================================================
----------------- testing Thu Oct 10 19:15:58 UTC 2019 /home/travis/build/icyphy/ptII/ptolemy/domains/sdf/test/auto/relationGroup4.xml
----------------- Instantiating /home/travis/build/icyphy/ptII/ptolemy/domains/sdf/test/auto/relationGroup4.xml
8 ms. Memory: 337920K Free: 162613K (48%)
----------------- Invoking toplevel() on ptolemy.moml.MoMLSimpleApplication@525fe573
----------------- Done invoking toplevel() on ptolemy.moml.MoMLSimpleApplication@525fe573
reloadAllAccessors: .relationGroup4

===========================================================================================
----------------- testing Thu Oct 10 19:15:58 UTC 2019 /home/travis/build/icyphy/ptII/ptolemy/domains/sdf/test/auto/relationGroup5.xml
----------------- Instantiating /home/travis/build/icyphy/ptII/ptolemy/domains/sdf/test/auto/relationGroup5.xml
3 ms. Memory: 337920K Free: 158037K (47%)
----------------- Invoking toplevel() on ptolemy.moml.MoMLSimpleApplication@7c795e44
----------------- Done invoking toplevel() on ptolemy.moml.MoMLSimpleApplication@7c795e44
reloadAllAccessors: .relationGroup5

===========================================================================================
----------------- testing Thu Oct 10 19:15:58 UTC 2019 /home/travis/build/icyphy/ptII/ptolemy/domains/sdf/test/auto/relationGroup6.xml
----------------- Instantiating /home/travis/build/icyphy/ptII/ptolemy/domains/sdf/test/auto/relationGroup6.xml
2 ms. Memory: 337920K Free: 153941K (46%)
----------------- Invoking toplevel() on ptolemy.moml.MoMLSimpleApplication@b6bff6
----------------- Done invoking toplevel() on ptolemy.moml.MoMLSimpleApplication@b6bff6
reloadAllAccessors: .relationGroup6

===========================================================================================
----------------- testing Thu Oct 10 19:15:58 UTC 2019 /home/travis/build/icyphy/ptII/ptolemy/domains/sdf/test/auto/relationGroup7.xml
----------------- Instantiating /home/travis/build/icyphy/ptII/ptolemy/domains/sdf/test/auto/relationGroup7.xml
2 ms. Memory: 337920K Free: 150355K (44%)
----------------- Invoking toplevel() on ptolemy.moml.MoMLSimpleApplication@28923d49
----------------- Done invoking toplevel() on ptolemy.moml.MoMLSimpleApplication@28923d49
reloadAllAccessors: .relationGroup7

===========================================================================================
----------------- testing Thu Oct 10 19:15:58 UTC 2019 /home/travis/build/icyphy/ptII/ptolemy/domains/sdf/test/auto/relationGroup8.xml
----------------- Instantiating /home/travis/build/icyphy/ptII/ptolemy/domains/sdf/test/auto/relationGroup8.xml
2 ms. Memory: 337920K Free: 147283K (44%)
----------------- Invoking toplevel() on ptolemy.moml.MoMLSimpleApplication@7799414b
----------------- Done invoking toplevel() on ptolemy.moml.MoMLSimpleApplication@7799414b
reloadAllAccessors: .relationGroup8

===========================================================================================
----------------- testing Thu Oct 10 19:15:58 UTC 2019 /home/travis/build/icyphy/ptII/ptolemy/domains/sdf/test/auto/relationGroup9.xml
----------------- Instantiating /home/travis/build/icyphy/ptII/ptolemy/domains/sdf/test/auto/relationGroup9.xml
3 ms. Memory: 337920K Free: 143173K (42%)
----------------- Invoking toplevel() on ptolemy.moml.MoMLSimpleApplication@363a31a3
----------------- Done invoking toplevel() on ptolemy.moml.MoMLSimpleApplication@363a31a3
reloadAllAccessors: .relationGroup9

===========================================================================================
----------------- testing Thu Oct 10 19:15:58 UTC 2019 /home/travis/build/icyphy/ptII/ptolemy/domains/sdf/test/auto/sdf_inside_de.xml
----------------- Instantiating /home/travis/build/icyphy/ptII/ptolemy/domains/sdf/test/auto/sdf_inside_de.xml
25 ms. Memory: 337920K Free: 133971K (40%)
----------------- Invoking toplevel() on ptolemy.moml.MoMLSimpleApplication@5434e0d4
----------------- Done invoking toplevel() on ptolemy.moml.MoMLSimpleApplication@5434e0d4
reloadAllAccessors: .sdf_inside_de

===========================================================================================
----------------- testing Thu Oct 10 19:15:58 UTC 2019 /home/travis/build/icyphy/ptII/ptolemy/domains/sdf/test/auto/sdf_inside_pn.xml
----------------- Instantiating /home/travis/build/icyphy/ptII/ptolemy/domains/sdf/test/auto/sdf_inside_pn.xml
38 ms. Memory: 337920K Free: 125269K (37%)
----------------- Invoking toplevel() on ptolemy.moml.MoMLSimpleApplication@1d105a94
----------------- Done invoking toplevel() on ptolemy.moml.MoMLSimpleApplication@1d105a94
reloadAllAccessors: .sdf_inside_pn

===========================================================================================
----------------- testing Thu Oct 10 19:15:58 UTC 2019 /home/travis/build/icyphy/ptII/ptolemy/domains/sdf/test/auto/sdf_sdf1.xml
----------------- Instantiating /home/travis/build/icyphy/ptII/ptolemy/domains/sdf/test/auto/sdf_sdf1.xml
5 ms. Memory: 337920K Free: 321108K (95%)
----------------- Invoking toplevel() on ptolemy.moml.MoMLSimpleApplication@1d6eedc6
----------------- Done invoking toplevel() on ptolemy.moml.MoMLSimpleApplication@1d6eedc6
reloadAllAccessors: .sdf_sdf1

===========================================================================================
----------------- testing Thu Oct 10 19:15:58 UTC 2019 /home/travis/build/icyphy/ptII/ptolemy/domains/sdf/test/auto/test1.xml
----------------- Instantiating /home/travis/build/icyphy/ptII/ptolemy/domains/sdf/test/auto/test1.xml
5 ms. Memory: 337920K Free: 315988K (94%)
----------------- Invoking toplevel() on ptolemy.moml.MoMLSimpleApplication@43117647
----------------- Done invoking toplevel() on ptolemy.moml.MoMLSimpleApplication@43117647
reloadAllAccessors: .test1

===========================================================================================
----------------- testing Thu Oct 10 19:15:58 UTC 2019 /home/travis/build/icyphy/ptII/ptolemy/domains/sdf/test/auto/time1.xml
----------------- Instantiating /home/travis/build/icyphy/ptII/ptolemy/domains/sdf/test/auto/time1.xml
3 ms. Memory: 337920K Free: 312402K (92%)
----------------- Invoking toplevel() on ptolemy.moml.MoMLSimpleApplication@93c3a8c
----------------- Done invoking toplevel() on ptolemy.moml.MoMLSimpleApplication@93c3a8c
reloadAllAccessors: .time1

===========================================================================================
----------------- testing Thu Oct 10 19:15:58 UTC 2019 /home/travis/build/icyphy/ptII/ptolemy/domains/sdf/test/auto/time2.xml
----------------- Instantiating /home/travis/build/icyphy/ptII/ptolemy/domains/sdf/test/auto/time2.xml
3 ms. Memory: 337920K Free: 308820K (91%)
----------------- Invoking toplevel() on ptolemy.moml.MoMLSimpleApplication@169cdf06
----------------- Done invoking toplevel() on ptolemy.moml.MoMLSimpleApplication@169cdf06
reloadAllAccessors: .time2

===========================================================================================
----------------- testing Thu Oct 10 19:15:58 UTC 2019 /home/travis/build/icyphy/ptII/ptolemy/domains/sdf/test/auto/time3.xml
----------------- Instantiating /home/travis/build/icyphy/ptII/ptolemy/domains/sdf/test/auto/time3.xml
8 ms. Memory: 337920K Free: 303700K (90%)
----------------- Invoking toplevel() on ptolemy.moml.MoMLSimpleApplication@66cd10aa
----------------- Done invoking toplevel() on ptolemy.moml.MoMLSimpleApplication@66cd10aa
reloadAllAccessors: .time3

===========================================================================================
----------------- testing Thu Oct 10 19:15:58 UTC 2019 /home/travis/build/icyphy/ptII/ptolemy/domains/sdf/test/auto/time4.xml
----------------- Instantiating /home/travis/build/icyphy/ptII/ptolemy/domains/sdf/test/auto/time4.xml
8 ms. Memory: 337920K Free: 298066K (88%)
----------------- Invoking toplevel() on ptolemy.moml.MoMLSimpleApplication@5811639b
----------------- Done invoking toplevel() on ptolemy.moml.MoMLSimpleApplication@5811639b
reloadAllAccessors: .time4

===========================================================================================
----------------- testing Thu Oct 10 19:15:58 UTC 2019 /home/travis/build/icyphy/ptII/ptolemy/domains/sdf/test/auto/time5.xml
----------------- Instantiating /home/travis/build/icyphy/ptII/ptolemy/domains/sdf/test/auto/time5.xml
4001 ms. Memory: 337920K Free: 294484K (87%)
----------------- Invoking toplevel() on ptolemy.moml.MoMLSimpleApplication@343a087d
----------------- Done invoking toplevel() on ptolemy.moml.MoMLSimpleApplication@343a087d
reloadAllAccessors: .time5

===========================================================================================
----------------- testing Thu Oct 10 19:16:02 UTC 2019 /home/travis/build/icyphy/ptII/ptolemy/domains/sdf/test/auto/typeSystem_Const_Integer_smallest_Type.xml
----------------- Instantiating /home/travis/build/icyphy/ptII/ptolemy/domains/sdf/test/auto/typeSystem_Const_Integer_smallest_Type.xml
7 ms. Memory: 337920K Free: 289874K (86%)
----------------- Invoking toplevel() on ptolemy.moml.MoMLSimpleApplication@47650ad0
----------------- Done invoking toplevel() on ptolemy.moml.MoMLSimpleApplication@47650ad0
reloadAllAccessors: .typeSystem_Const_Integer_smallest_Type

===========================================================================================
----------------- testing Thu Oct 10 19:16:02 UTC 2019 /home/travis/build/icyphy/ptII/ptolemy/domains/sdf/test/auto/typeSystem_declared_Inports_OutportTypeException.xml
----------------- Instantiating /home/travis/build/icyphy/ptII/ptolemy/domains/sdf/test/auto/typeSystem_declared_Inports_OutportTypeException.xml
.typeSystem_declared_Inports_OutportTypeException.TestExceptionAttribute: initialize() was not invoked, but wrapup() was.  This is unusual, but not always a problem.  For example, exporting JNLP will do this.
6 ms. Memory: 337920K Free: 285778K (85%)
----------------- Invoking toplevel() on ptolemy.moml.MoMLSimpleApplication@441b6feb
----------------- Done invoking toplevel() on ptolemy.moml.MoMLSimpleApplication@441b6feb
reloadAllAccessors: .typeSystem_declared_Inports_OutportTypeException

===========================================================================================
----------------- testing Thu Oct 10 19:16:02 UTC 2019 /home/travis/build/icyphy/ptII/ptolemy/domains/sdf/test/auto/typeSystem_oneDeclaredInportType_wrongTypeOutport.xml
----------------- Instantiating /home/travis/build/icyphy/ptII/ptolemy/domains/sdf/test/auto/typeSystem_oneDeclaredInportType_wrongTypeOutport.xml
4 ms. Memory: 337920K Free: 281682K (83%)
----------------- Invoking toplevel() on ptolemy.moml.MoMLSimpleApplication@30bf7b29
----------------- Done invoking toplevel() on ptolemy.moml.MoMLSimpleApplication@30bf7b29
reloadAllAccessors: .typeSystem_oneDeclaredInportType_wrongTypeOutport

===========================================================================================
----------------- testing Thu Oct 10 19:16:03 UTC 2019 /home/travis/build/icyphy/ptII/ptolemy/domains/sdf/test/auto/width.xml
----------------- Instantiating /home/travis/build/icyphy/ptII/ptolemy/domains/sdf/test/auto/width.xml
6 ms. Memory: 337920K Free: 278100K (82%)
----------------- Invoking toplevel() on ptolemy.moml.MoMLSimpleApplication@63e6c69b
----------------- Done invoking toplevel() on ptolemy.moml.MoMLSimpleApplication@63e6c69b
reloadAllAccessors: .width

===========================================================================================
----------------- testing Thu Oct 10 19:16:03 UTC 2019 /home/travis/build/icyphy/ptII/ptolemy/domains/sdf/test/auto/width2.xml
----------------- Instantiating /home/travis/build/icyphy/ptII/ptolemy/domains/sdf/test/auto/width2.xml
40 ms. Memory: 337920K Free: 273490K (81%)
----------------- Invoking toplevel() on ptolemy.moml.MoMLSimpleApplication@4f29260
----------------- Done invoking toplevel() on ptolemy.moml.MoMLSimpleApplication@4f29260
reloadAllAccessors: .width2

===========================================================================================
----------------- testing Thu Oct 10 19:16:03 UTC 2019 /home/travis/build/icyphy/ptII/ptolemy/domains/sdf/test/auto/width3.xml
----------------- Instantiating /home/travis/build/icyphy/ptII/ptolemy/domains/sdf/test/auto/width3.xml
39 ms. Memory: 337920K Free: 268370K (79%)
----------------- Invoking toplevel() on ptolemy.moml.MoMLSimpleApplication@7aac6733
----------------- Done invoking toplevel() on ptolemy.moml.MoMLSimpleApplication@7aac6733
reloadAllAccessors: .width3
AutoTests.java: About to close Vertx.
AutoTests.java: Vertx closed.
]]></system-out>
  <system-err><![CDATA[java.lang.RuntimeException: Execution failed
	at ptolemy.moml.MoMLSimpleApplication$UnloadThread.run(MoMLSimpleApplication.java:402)
Caused by: ptolemy.actor.sched.NotSchedulableException: No solution exists for the balance equations.
Graph is not consistent under the SDF domain detected on external port .rateConsistency.actor.port2
  in .rateConsistency.SDF Director.Scheduler
	at ptolemy.domains.sdf.kernel.SDFScheduler._propagatePort(SDFScheduler.java:1425)
	at ptolemy.domains.sdf.kernel.SDFScheduler._solveBalanceEquations(SDFScheduler.java:710)
	at ptolemy.domains.sdf.kernel.SDFScheduler._getSchedule(SDFScheduler.java:566)
	at ptolemy.actor.sched.Scheduler.getSchedule(Scheduler.java:189)
	at ptolemy.domains.sdf.kernel.SDFDirector.createSchedule(SDFDirector.java:408)
	at ptolemy.domains.sdf.kernel.SDFDirector.preinitialize(SDFDirector.java:764)
	at ptolemy.actor.CompositeActor.preinitialize(CompositeActor.java:1828)
	at ptolemy.actor.Manager.preinitializeAndResolveTypes(Manager.java:1040)
	at ptolemy.actor.Manager.initialize(Manager.java:710)
	at ptolemy.actor.Manager.execute(Manager.java:356)
	at ptolemy.actor.Manager.run(Manager.java:1263)
	at ptolemy.actor.Manager$PtolemyRunThread.run(Manager.java:1933)
java.lang.RuntimeException: Execution failed
	at ptolemy.moml.MoMLSimpleApplication$UnloadThread.run(MoMLSimpleApplication.java:402)
Caused by: ptolemy.kernel.util.IllegalActionException: Failed to compute schedule:
  in .badRateChanges.typed composite actor.SDF Director
Because:
The SDF rate parameter may change. This is not allowed in SDF models that will be run through the code generator.  If you don't care about code generation, then you might consider setting the allowRateChanges parameter of the SDF director to false.
  in .badRateChanges.typed composite actor.Repeat.output.tokenProductionRate
	at ptolemy.domains.sdf.kernel.SDFDirector.createSchedule(SDFDirector.java:418)
	at ptolemy.domains.sdf.kernel.SDFDirector.preinitialize(SDFDirector.java:764)
	at ptolemy.actor.CompositeActor.preinitialize(CompositeActor.java:1828)
	at ptolemy.actor.Director.preinitialize(Director.java:1302)
	at ptolemy.actor.Director.preinitialize(Director.java:1257)
	at ptolemy.domains.sdf.kernel.SDFDirector.preinitialize(SDFDirector.java:763)
	at ptolemy.actor.CompositeActor.preinitialize(CompositeActor.java:1828)
	at ptolemy.actor.Manager.preinitializeAndResolveTypes(Manager.java:1040)
	at ptolemy.actor.Manager.initialize(Manager.java:710)
	at ptolemy.actor.Manager.execute(Manager.java:356)
	at ptolemy.actor.Manager.run(Manager.java:1263)
	at ptolemy.actor.Manager$PtolemyRunThread.run(Manager.java:1933)
Caused by: ptolemy.kernel.util.IllegalActionException: The SDF rate parameter may change. This is not allowed in SDF models that will be run through the code generator.  If you don't care about code generation, then you might consider setting the allowRateChanges parameter of the SDF director to false.
  in .badRateChanges.typed composite actor.Repeat.output.tokenProductionRate
	at ptolemy.domains.sdf.kernel.SDFScheduler._assertDynamicRateVariable(SDFScheduler.java:931)
	at ptolemy.domains.sdf.kernel.SDFScheduler._checkDynamicRateVariables(SDFScheduler.java:339)
	at ptolemy.domains.sdf.kernel.SDFScheduler._getSchedule(SDFScheduler.java:527)
	at ptolemy.actor.sched.Scheduler.getSchedule(Scheduler.java:189)
	at ptolemy.domains.sdf.kernel.SDFDirector.createSchedule(SDFDirector.java:408)
	... 11 more
java.lang.RuntimeException: Execution failed
	at ptolemy.moml.MoMLSimpleApplication$UnloadThread.run(MoMLSimpleApplication.java:402)
Caused by: ptolemy.kernel.util.IllegalActionException: Failed to compute schedule:
  in .badRateChanges2.typed composite actor.SDF Director
Because:
The SDF rate parameter may change. This is not allowed in SDF models that will be run through the code generator.  If you don't care about code generation, then you might consider setting the allowRateChanges parameter of the SDF director to false.
  in .badRateChanges2.typed composite actor.Repeat.output.tokenProductionRate
	at ptolemy.domains.sdf.kernel.SDFDirector.createSchedule(SDFDirector.java:418)
	at ptolemy.domains.sdf.kernel.SDFDirector.preinitialize(SDFDirector.java:764)
	at ptolemy.actor.CompositeActor.preinitialize(CompositeActor.java:1828)
	at ptolemy.actor.Director.preinitialize(Director.java:1302)
	at ptolemy.actor.Director.preinitialize(Director.java:1257)
	at ptolemy.domains.sdf.kernel.SDFDirector.preinitialize(SDFDirector.java:763)
	at ptolemy.actor.CompositeActor.preinitialize(CompositeActor.java:1828)
	at ptolemy.actor.Manager.preinitializeAndResolveTypes(Manager.java:1040)
	at ptolemy.actor.Manager.initialize(Manager.java:710)
	at ptolemy.actor.Manager.execute(Manager.java:356)
	at ptolemy.actor.Manager.run(Manager.java:1263)
	at ptolemy.actor.Manager$PtolemyRunThread.run(Manager.java:1933)
Caused by: ptolemy.kernel.util.IllegalActionException: The SDF rate parameter may change. This is not allowed in SDF models that will be run through the code generator.  If you don't care about code generation, then you might consider setting the allowRateChanges parameter of the SDF director to false.
  in .badRateChanges2.typed composite actor.Repeat.output.tokenProductionRate
	at ptolemy.domains.sdf.kernel.SDFScheduler._assertDynamicRateVariable(SDFScheduler.java:931)
	at ptolemy.domains.sdf.kernel.SDFScheduler._checkDynamicRateVariables(SDFScheduler.java:339)
	at ptolemy.domains.sdf.kernel.SDFScheduler._getSchedule(SDFScheduler.java:527)
	at ptolemy.actor.sched.Scheduler.getSchedule(Scheduler.java:189)
	at ptolemy.domains.sdf.kernel.SDFDirector.createSchedule(SDFDirector.java:408)
	... 11 more
java.lang.RuntimeException: Execution failed
	at ptolemy.moml.MoMLSimpleApplication$UnloadThread.run(MoMLSimpleApplication.java:402)
Caused by: ptolemy.actor.sched.NotSchedulableException: Actors remain that cannot be scheduled!

There are several possible reasons:
* SDF Graphs with feedback loops should have an actor with a delay in the loop, such as a SampleDelay.
* The SDF director has an "allowDisconnectedGraphs"parameter, which, when true, permits disconnected SDF graphs.
* The token consumption rate and production rates might be mismatched.
Usually, actors produce one token or consume one token on a port.  To produce or consume multiple tokens per firing, add a "tokenConsumptionRate" or "tokenProductionRate" parameter to the appropriate port.
Unscheduled actors:
.partiallyConnected.Const2 
Scheduled actors:
.partiallyConnected.Const 
  in .partiallyConnected.SDF Director.Scheduler
	at ptolemy.domains.sdf.kernel.SDFScheduler._scheduleConnectedActors(SDFScheduler.java:1828)
	at ptolemy.domains.sdf.kernel.SDFScheduler._getSchedule(SDFScheduler.java:587)
	at ptolemy.actor.sched.Scheduler.getSchedule(Scheduler.java:189)
	at ptolemy.domains.sdf.kernel.SDFDirector.createSchedule(SDFDirector.java:408)
	at ptolemy.domains.sdf.kernel.SDFDirector.preinitialize(SDFDirector.java:764)
	at ptolemy.actor.CompositeActor.preinitialize(CompositeActor.java:1828)
	at ptolemy.actor.Manager.preinitializeAndResolveTypes(Manager.java:1040)
	at ptolemy.actor.Manager.initialize(Manager.java:710)
	at ptolemy.actor.Manager.execute(Manager.java:356)
	at ptolemy.actor.Manager.run(Manager.java:1263)
	at ptolemy.actor.Manager$PtolemyRunThread.run(Manager.java:1933)
]]></system-err>
</testsuite>
