<?xml version="1.0" encoding="UTF-8" ?>
<testsuite errors="0" failures="0" hostname="travis-job-5548e1e6-5456-42a8-a890-81b01ad26ccd" name="ptolemy.actor.lib.hoc.test.junit.JUnitTclTest" skipped="0" tests="58" time="23.832" timestamp="2019-02-07T03:25:35">
  <properties>
[...]
</properties>
  <testcase classname="ptolemy.util.test.junit.TclTests" name="[0] /home/travis/build/icyphy/ptII/ptolemy/actor/lib/hoc/test/IterateOverArray.tcl (RunTclFile)" time="0.298" />
  <testcase classname="ptolemy.util.test.junit.AutoKnownFailedTests" name="[0] /home/travis/build/icyphy/ptII/ptolemy/actor/lib/hoc/test/auto/knownFailedTests/PreinitializeMustBeInvokedRunComposite.xml (RunModel)" time="0.218" />
  <testcase classname="ptolemy.util.test.junit.AutoNameArchTests" name="[0] ThereAreNoAutoArchTests (RunModel)" time="0.0" />
  <testcase classname="ptolemy.util.test.junit.AutoTests" name="[0] /home/travis/build/icyphy/ptII/ptolemy/actor/lib/hoc/test/auto/AllToAllMultiInstanceComposite.xml (RunModel)" time="0.258" />
  <testcase classname="ptolemy.util.test.junit.AutoTests" name="[1] /home/travis/build/icyphy/ptII/ptolemy/actor/lib/hoc/test/auto/ApplyFFTTest.xml (RunModel)" time="0.272" />
  <testcase classname="ptolemy.util.test.junit.AutoTests" name="[2] /home/travis/build/icyphy/ptII/ptolemy/actor/lib/hoc/test/auto/ApplyFunction.xml (RunModel)" time="0.022" />
  <testcase classname="ptolemy.util.test.junit.AutoTests" name="[3] /home/travis/build/icyphy/ptII/ptolemy/actor/lib/hoc/test/auto/BackgroundExecution.xml (RunModel)" time="0.706" />
  <testcase classname="ptolemy.util.test.junit.AutoTests" name="[4] /home/travis/build/icyphy/ptII/ptolemy/actor/lib/hoc/test/auto/Case.xml (RunModel)" time="0.051" />
  <testcase classname="ptolemy.util.test.junit.AutoTests" name="[5] /home/travis/build/icyphy/ptII/ptolemy/actor/lib/hoc/test/auto/Case1.xml (RunModel)" time="0.078" />
  <testcase classname="ptolemy.util.test.junit.AutoTests" name="[6] /home/travis/build/icyphy/ptII/ptolemy/actor/lib/hoc/test/auto/Case2.xml (RunModel)" time="0.063" />
  <testcase classname="ptolemy.util.test.junit.AutoTests" name="[7] /home/travis/build/icyphy/ptII/ptolemy/actor/lib/hoc/test/auto/Case3.xml (RunModel)" time="0.051" />
  <testcase classname="ptolemy.util.test.junit.AutoTests" name="[8] /home/travis/build/icyphy/ptII/ptolemy/actor/lib/hoc/test/auto/Case4.xml (RunModel)" time="0.064" />
  <testcase classname="ptolemy.util.test.junit.AutoTests" name="[9] /home/travis/build/icyphy/ptII/ptolemy/actor/lib/hoc/test/auto/Case5.xml (RunModel)" time="0.087" />
  <testcase classname="ptolemy.util.test.junit.AutoTests" name="[10] /home/travis/build/icyphy/ptII/ptolemy/actor/lib/hoc/test/auto/Case6.xml (RunModel)" time="0.072" />
  <testcase classname="ptolemy.util.test.junit.AutoTests" name="[11] /home/travis/build/icyphy/ptII/ptolemy/actor/lib/hoc/test/auto/CaseString2.xml (RunModel)" time="0.054" />
  <testcase classname="ptolemy.util.test.junit.AutoTests" name="[12] /home/travis/build/icyphy/ptII/ptolemy/actor/lib/hoc/test/auto/CatchUpComposite1.xml (RunModel)" time="0.104" />
  <testcase classname="ptolemy.util.test.junit.AutoTests" name="[13] /home/travis/build/icyphy/ptII/ptolemy/actor/lib/hoc/test/auto/CatchUpComposite2.xml (RunModel)" time="0.073" />
  <testcase classname="ptolemy.util.test.junit.AutoTests" name="[14] /home/travis/build/icyphy/ptII/ptolemy/actor/lib/hoc/test/auto/CatchUpComposite3.xml (RunModel)" time="0.061" />
  <testcase classname="ptolemy.util.test.junit.AutoTests" name="[15] /home/travis/build/icyphy/ptII/ptolemy/actor/lib/hoc/test/auto/CatchUpComposite4.xml (RunModel)" time="0.064" />
  <testcase classname="ptolemy.util.test.junit.AutoTests" name="[16] /home/travis/build/icyphy/ptII/ptolemy/actor/lib/hoc/test/auto/CatchUpComposite5.xml (RunModel)" time="0.04" />
  <testcase classname="ptolemy.util.test.junit.AutoTests" name="[17] /home/travis/build/icyphy/ptII/ptolemy/actor/lib/hoc/test/auto/CatchUpComposite6.xml (RunModel)" time="0.157" />
  <testcase classname="ptolemy.util.test.junit.AutoTests" name="[18] /home/travis/build/icyphy/ptII/ptolemy/actor/lib/hoc/test/auto/CatchUpComposite7.xml (RunModel)" time="0.094" />
  <testcase classname="ptolemy.util.test.junit.AutoTests" name="[19] /home/travis/build/icyphy/ptII/ptolemy/actor/lib/hoc/test/auto/ConcurrentExecutionTimeSDF.xml (RunModel)" time="1.298" />
  <testcase classname="ptolemy.util.test.junit.AutoTests" name="[20] /home/travis/build/icyphy/ptII/ptolemy/actor/lib/hoc/test/auto/ConcurrentSleep.xml (RunModel)" time="0.79" />
  <testcase classname="ptolemy.util.test.junit.AutoTests" name="[21] /home/travis/build/icyphy/ptII/ptolemy/actor/lib/hoc/test/auto/DEInPNInRunCompositeActor.xml (RunModel)" time="0.04" />
  <testcase classname="ptolemy.util.test.junit.AutoTests" name="[22] /home/travis/build/icyphy/ptII/ptolemy/actor/lib/hoc/test/auto/DFTSubSetTest.xml (RunModel)" time="0.301" />
  <testcase classname="ptolemy.util.test.junit.AutoTests" name="[23] /home/travis/build/icyphy/ptII/ptolemy/actor/lib/hoc/test/auto/HocDE.xml (RunModel)" time="0.166" />
  <testcase classname="ptolemy.util.test.junit.AutoTests" name="[24] /home/travis/build/icyphy/ptII/ptolemy/actor/lib/hoc/test/auto/IterateOverArray.xml (RunModel)" time="0.025" />
  <testcase classname="ptolemy.util.test.junit.AutoTests" name="[25] /home/travis/build/icyphy/ptII/ptolemy/actor/lib/hoc/test/auto/IterateOverArray10.xml (RunModel)" time="0.019" />
  <testcase classname="ptolemy.util.test.junit.AutoTests" name="[26] /home/travis/build/icyphy/ptII/ptolemy/actor/lib/hoc/test/auto/IterateOverArray11.xml (RunModel)" time="0.041" />
  <testcase classname="ptolemy.util.test.junit.AutoTests" name="[27] /home/travis/build/icyphy/ptII/ptolemy/actor/lib/hoc/test/auto/IterateOverArray12.xml (RunModel)" time="0.043" />
  <testcase classname="ptolemy.util.test.junit.AutoTests" name="[28] /home/travis/build/icyphy/ptII/ptolemy/actor/lib/hoc/test/auto/IterateOverArray13.xml (RunModel)" time="0.111" />
  <testcase classname="ptolemy.util.test.junit.AutoTests" name="[29] /home/travis/build/icyphy/ptII/ptolemy/actor/lib/hoc/test/auto/IterateOverArray14.xml (RunModel)" time="0.167" />
  <testcase classname="ptolemy.util.test.junit.AutoTests" name="[30] /home/travis/build/icyphy/ptII/ptolemy/actor/lib/hoc/test/auto/IterateOverArray2.xml (RunModel)" time="0.036" />
  <testcase classname="ptolemy.util.test.junit.AutoTests" name="[31] /home/travis/build/icyphy/ptII/ptolemy/actor/lib/hoc/test/auto/IterateOverArray3.xml (RunModel)" time="0.035" />
  <testcase classname="ptolemy.util.test.junit.AutoTests" name="[32] /home/travis/build/icyphy/ptII/ptolemy/actor/lib/hoc/test/auto/IterateOverArray4.xml (RunModel)" time="0.026" />
  <testcase classname="ptolemy.util.test.junit.AutoTests" name="[33] /home/travis/build/icyphy/ptII/ptolemy/actor/lib/hoc/test/auto/IterateOverArray5.xml (RunModel)" time="0.021" />
  <testcase classname="ptolemy.util.test.junit.AutoTests" name="[34] /home/travis/build/icyphy/ptII/ptolemy/actor/lib/hoc/test/auto/IterateOverArray6.xml (RunModel)" time="0.016" />
  <testcase classname="ptolemy.util.test.junit.AutoTests" name="[35] /home/travis/build/icyphy/ptII/ptolemy/actor/lib/hoc/test/auto/IterateOverArray7.xml (RunModel)" time="0.019" />
  <testcase classname="ptolemy.util.test.junit.AutoTests" name="[36] /home/travis/build/icyphy/ptII/ptolemy/actor/lib/hoc/test/auto/IterateOverArray8.xml (RunModel)" time="0.025" />
  <testcase classname="ptolemy.util.test.junit.AutoTests" name="[37] /home/travis/build/icyphy/ptII/ptolemy/actor/lib/hoc/test/auto/IterateOverArray9.xml (RunModel)" time="0.027" />
  <testcase classname="ptolemy.util.test.junit.AutoTests" name="[38] /home/travis/build/icyphy/ptII/ptolemy/actor/lib/hoc/test/auto/IterateOverArrayCoercedOutputType.xml (RunModel)" time="0.037" />
  <testcase classname="ptolemy.util.test.junit.AutoTests" name="[39] /home/travis/build/icyphy/ptII/ptolemy/actor/lib/hoc/test/auto/IterateOverArrayInferredOutputType.xml (RunModel)" time="0.043" />
  <testcase classname="ptolemy.util.test.junit.AutoTests" name="[40] /home/travis/build/icyphy/ptII/ptolemy/actor/lib/hoc/test/auto/MobileFunctionTest.xml (RunModel)" time="0.026" />
  <testcase classname="ptolemy.util.test.junit.AutoTests" name="[41] /home/travis/build/icyphy/ptII/ptolemy/actor/lib/hoc/test/auto/MobileModelTest.xml (RunModel)" time="0.129" />
  <testcase classname="ptolemy.util.test.junit.AutoTests" name="[42] /home/travis/build/icyphy/ptII/ptolemy/actor/lib/hoc/test/auto/ModelReference.xml (RunModel)" time="0.066" />
  <testcase classname="ptolemy.util.test.junit.AutoTests" name="[43] /home/travis/build/icyphy/ptII/ptolemy/actor/lib/hoc/test/auto/ModelReference3.xml (RunModel)" time="0.053" />
  <testcase classname="ptolemy.util.test.junit.AutoTests" name="[44] /home/travis/build/icyphy/ptII/ptolemy/actor/lib/hoc/test/auto/ModelReference4.xml (RunModel)" time="10.043" />
  <testcase classname="ptolemy.util.test.junit.AutoTests" name="[45] /home/travis/build/icyphy/ptII/ptolemy/actor/lib/hoc/test/auto/MultiInstanceComposite.xml (RunModel)" time="0.054" />
  <testcase classname="ptolemy.util.test.junit.AutoTests" name="[46] /home/travis/build/icyphy/ptII/ptolemy/actor/lib/hoc/test/auto/MultiInstanceComposite2.xml (RunModel)" time="0.031" />
  <testcase classname="ptolemy.util.test.junit.AutoTests" name="[47] /home/travis/build/icyphy/ptII/ptolemy/actor/lib/hoc/test/auto/MulticoreExecution.xml (RunModel)" time="1.17" />
  <testcase classname="ptolemy.util.test.junit.AutoTests" name="[48] /home/travis/build/icyphy/ptII/ptolemy/actor/lib/hoc/test/auto/ParallelExecution.xml (RunModel)" time="0.956" />
  <testcase classname="ptolemy.util.test.junit.AutoTests" name="[49] /home/travis/build/icyphy/ptII/ptolemy/actor/lib/hoc/test/auto/RunCompositeActor.xml (RunModel)" time="0.024" />
  <testcase classname="ptolemy.util.test.junit.AutoTests" name="[50] /home/travis/build/icyphy/ptII/ptolemy/actor/lib/hoc/test/auto/RunCompositeActor2.xml (RunModel)" time="0.023" />
  <testcase classname="ptolemy.util.test.junit.AutoTests" name="[51] /home/travis/build/icyphy/ptII/ptolemy/actor/lib/hoc/test/auto/RunCompositeActor3.xml (RunModel)" time="0.022" />
  <testcase classname="ptolemy.util.test.junit.AutoTests" name="[52] /home/travis/build/icyphy/ptII/ptolemy/actor/lib/hoc/test/auto/RunCompositeActor4.xml (RunModel)" time="0.049" />
  <testcase classname="ptolemy.util.test.junit.AutoTests" name="[53] /home/travis/build/icyphy/ptII/ptolemy/actor/lib/hoc/test/auto/RunCompositeIterateOverArray.xml (RunModel)" time="0.053" />
  <testcase classname="ptolemy.util.test.junit.AutoTests" name="[54] /home/travis/build/icyphy/ptII/ptolemy/actor/lib/hoc/test/auto/ThreadedJS.xml (RunModel)" time="4.471" />
  <system-out><![CDATA[/home/travis/build/icyphy/ptII/ptolemy/actor/lib/hoc/test/IterateOverArray.tcl
testDefs.tcl: setting time out to 9000 seconds at Thu Feb 07 03:25:35 UTC 2019
02/07/19 03:25:35
Failed: 0  Total Tests: 2  ((Passed: 2, Newly Passed: 0)  Known Failed: 0) /home/travis/build/icyphy/ptII/ptolemy/actor/lib/hoc/test
----------------- testing (KnownFailure) /home/travis/build/icyphy/ptII/ptolemy/actor/lib/hoc/test/auto/knownFailedTests/PreinitializeMustBeInvokedRunComposite.xml
34 ms. Memory: 116224K Free: 106893K (92%)
Known Failure: java.lang.reflect.InvocationTargetException
No auto/linux-amd64/*.xml tests in /home/travis/build/icyphy/ptII/ptolemy/actor/lib/hoc/test
AutoTests.java: About to close Vertx.
AutoTests.java: Vertx closed.

===========================================================================================
----------------- testing Thu Feb 07 03:25:36 UTC 2019 /home/travis/build/icyphy/ptII/ptolemy/actor/lib/hoc/test/auto/AllToAllMultiInstanceComposite.xml
----------------- Instantiating /home/travis/build/icyphy/ptII/ptolemy/actor/lib/hoc/test/auto/AllToAllMultiInstanceComposite.xml
101 ms. Memory: 146944K Free: 120892K (82%)
----------------- Invoking toplevel() on ptolemy.moml.MoMLSimpleApplication@34b48b6c
----------------- Done invoking toplevel() on ptolemy.moml.MoMLSimpleApplication@34b48b6c
reloadAllAccessors: .AllToAllMultiInstanceComposite

===========================================================================================
----------------- testing Thu Feb 07 03:25:36 UTC 2019 /home/travis/build/icyphy/ptII/ptolemy/actor/lib/hoc/test/auto/ApplyFFTTest.xml
----------------- Instantiating /home/travis/build/icyphy/ptII/ptolemy/actor/lib/hoc/test/auto/ApplyFFTTest.xml
95 ms. Memory: 146944K Free: 100576K (68%)
----------------- Invoking toplevel() on ptolemy.moml.MoMLSimpleApplication@170fe0ef
----------------- Done invoking toplevel() on ptolemy.moml.MoMLSimpleApplication@170fe0ef
reloadAllAccessors: .ApplyFFTTest

===========================================================================================
----------------- testing Thu Feb 07 03:25:36 UTC 2019 /home/travis/build/icyphy/ptII/ptolemy/actor/lib/hoc/test/auto/ApplyFunction.xml
----------------- Instantiating /home/travis/build/icyphy/ptII/ptolemy/actor/lib/hoc/test/auto/ApplyFunction.xml
5 ms. Memory: 146944K Free: 97179K (66%)
----------------- Invoking toplevel() on ptolemy.moml.MoMLSimpleApplication@50bc3b58
----------------- Done invoking toplevel() on ptolemy.moml.MoMLSimpleApplication@50bc3b58
reloadAllAccessors: .ApplyFunction

===========================================================================================
----------------- testing Thu Feb 07 03:25:36 UTC 2019 /home/travis/build/icyphy/ptII/ptolemy/actor/lib/hoc/test/auto/BackgroundExecution.xml
----------------- Instantiating /home/travis/build/icyphy/ptII/ptolemy/actor/lib/hoc/test/auto/BackgroundExecution.xml
621 ms. Memory: 146944K Free: 89477K (61%)
----------------- Invoking toplevel() on ptolemy.moml.MoMLSimpleApplication@2c86bd9d
----------------- Done invoking toplevel() on ptolemy.moml.MoMLSimpleApplication@2c86bd9d
reloadAllAccessors: .BackgroundExecution

===========================================================================================
----------------- testing Thu Feb 07 03:25:37 UTC 2019 /home/travis/build/icyphy/ptII/ptolemy/actor/lib/hoc/test/auto/Case.xml
----------------- Instantiating /home/travis/build/icyphy/ptII/ptolemy/actor/lib/hoc/test/auto/Case.xml
16 ms. Memory: 146944K Free: 80956K (55%)
----------------- Invoking toplevel() on ptolemy.moml.MoMLSimpleApplication@73e5be9e
----------------- Done invoking toplevel() on ptolemy.moml.MoMLSimpleApplication@73e5be9e
reloadAllAccessors: .Case

===========================================================================================
----------------- testing Thu Feb 07 03:25:37 UTC 2019 /home/travis/build/icyphy/ptII/ptolemy/actor/lib/hoc/test/auto/Case1.xml
----------------- Instantiating /home/travis/build/icyphy/ptII/ptolemy/actor/lib/hoc/test/auto/Case1.xml
19 ms. Memory: 146944K Free: 135929K (93%)
----------------- Invoking toplevel() on ptolemy.moml.MoMLSimpleApplication@3b61a2d0
----------------- Done invoking toplevel() on ptolemy.moml.MoMLSimpleApplication@3b61a2d0
reloadAllAccessors: .Case1

===========================================================================================
----------------- testing Thu Feb 07 03:25:37 UTC 2019 /home/travis/build/icyphy/ptII/ptolemy/actor/lib/hoc/test/auto/Case2.xml
----------------- Instantiating /home/travis/build/icyphy/ptII/ptolemy/actor/lib/hoc/test/auto/Case2.xml
26 ms. Memory: 146944K Free: 124436K (85%)
----------------- Invoking toplevel() on ptolemy.moml.MoMLSimpleApplication@12495898
----------------- Done invoking toplevel() on ptolemy.moml.MoMLSimpleApplication@12495898
reloadAllAccessors: .Case2

===========================================================================================
----------------- testing Thu Feb 07 03:25:37 UTC 2019 /home/travis/build/icyphy/ptII/ptolemy/actor/lib/hoc/test/auto/Case3.xml
----------------- Instantiating /home/travis/build/icyphy/ptII/ptolemy/actor/lib/hoc/test/auto/Case3.xml
10 ms. Memory: 146944K Free: 118108K (80%)
----------------- Invoking toplevel() on ptolemy.moml.MoMLSimpleApplication@66fe1eee
----------------- Done invoking toplevel() on ptolemy.moml.MoMLSimpleApplication@66fe1eee
reloadAllAccessors: .Case3

===========================================================================================
----------------- testing Thu Feb 07 03:25:37 UTC 2019 /home/travis/build/icyphy/ptII/ptolemy/actor/lib/hoc/test/auto/Case4.xml
----------------- Instantiating /home/travis/build/icyphy/ptII/ptolemy/actor/lib/hoc/test/auto/Case4.xml
18 ms. Memory: 146944K Free: 109443K (74%)
----------------- Invoking toplevel() on ptolemy.moml.MoMLSimpleApplication@4050cf66
----------------- Done invoking toplevel() on ptolemy.moml.MoMLSimpleApplication@4050cf66
reloadAllAccessors: .Case4

===========================================================================================
----------------- testing Thu Feb 07 03:25:38 UTC 2019 /home/travis/build/icyphy/ptII/ptolemy/actor/lib/hoc/test/auto/Case5.xml
----------------- Instantiating /home/travis/build/icyphy/ptII/ptolemy/actor/lib/hoc/test/auto/Case5.xml
60 ms. Memory: 146944K Free: 102793K (70%)
----------------- Invoking toplevel() on ptolemy.moml.MoMLSimpleApplication@7f968efc
----------------- Done invoking toplevel() on ptolemy.moml.MoMLSimpleApplication@7f968efc
reloadAllAccessors: .junk

===========================================================================================
----------------- testing Thu Feb 07 03:25:38 UTC 2019 /home/travis/build/icyphy/ptII/ptolemy/actor/lib/hoc/test/auto/Case6.xml
----------------- Instantiating /home/travis/build/icyphy/ptII/ptolemy/actor/lib/hoc/test/auto/Case6.xml
34 ms. Memory: 146944K Free: 89141K (61%)
----------------- Invoking toplevel() on ptolemy.moml.MoMLSimpleApplication@107de0d6
----------------- Done invoking toplevel() on ptolemy.moml.MoMLSimpleApplication@107de0d6
reloadAllAccessors: .Case6

===========================================================================================
----------------- testing Thu Feb 07 03:25:38 UTC 2019 /home/travis/build/icyphy/ptII/ptolemy/actor/lib/hoc/test/auto/CaseString2.xml
----------------- Instantiating /home/travis/build/icyphy/ptII/ptolemy/actor/lib/hoc/test/auto/CaseString2.xml
16 ms. Memory: 146944K Free: 81278K (55%)
----------------- Invoking toplevel() on ptolemy.moml.MoMLSimpleApplication@5b357fc6
----------------- Done invoking toplevel() on ptolemy.moml.MoMLSimpleApplication@5b357fc6
reloadAllAccessors: .CaseString2

===========================================================================================
----------------- testing Thu Feb 07 03:25:38 UTC 2019 /home/travis/build/icyphy/ptII/ptolemy/actor/lib/hoc/test/auto/CatchUpComposite1.xml
----------------- Instantiating /home/travis/build/icyphy/ptII/ptolemy/actor/lib/hoc/test/auto/CatchUpComposite1.xml
26 ms. Memory: 208384K Free: 194146K (93%)
----------------- Invoking toplevel() on ptolemy.moml.MoMLSimpleApplication@2034a7c9
----------------- Done invoking toplevel() on ptolemy.moml.MoMLSimpleApplication@2034a7c9
reloadAllAccessors: .CatchUpComposite1

===========================================================================================
----------------- testing Thu Feb 07 03:25:38 UTC 2019 /home/travis/build/icyphy/ptII/ptolemy/actor/lib/hoc/test/auto/CatchUpComposite2.xml
----------------- Instantiating /home/travis/build/icyphy/ptII/ptolemy/actor/lib/hoc/test/auto/CatchUpComposite2.xml
18 ms. Memory: 208384K Free: 184245K (88%)
----------------- Invoking toplevel() on ptolemy.moml.MoMLSimpleApplication@3703357d
----------------- Done invoking toplevel() on ptolemy.moml.MoMLSimpleApplication@3703357d
reloadAllAccessors: .CatchUpComposite2

===========================================================================================
----------------- testing Thu Feb 07 03:25:38 UTC 2019 /home/travis/build/icyphy/ptII/ptolemy/actor/lib/hoc/test/auto/CatchUpComposite3.xml
----------------- Instantiating /home/travis/build/icyphy/ptII/ptolemy/actor/lib/hoc/test/auto/CatchUpComposite3.xml
5 ms. Memory: 208384K Free: 174401K (84%)
----------------- Invoking toplevel() on ptolemy.moml.MoMLSimpleApplication@475f5a53
----------------- Done invoking toplevel() on ptolemy.moml.MoMLSimpleApplication@475f5a53
reloadAllAccessors: .CatchUpComposite3

===========================================================================================
----------------- testing Thu Feb 07 03:25:38 UTC 2019 /home/travis/build/icyphy/ptII/ptolemy/actor/lib/hoc/test/auto/CatchUpComposite4.xml
----------------- Instantiating /home/travis/build/icyphy/ptII/ptolemy/actor/lib/hoc/test/auto/CatchUpComposite4.xml
19 ms. Memory: 208384K Free: 164501K (79%)
----------------- Invoking toplevel() on ptolemy.moml.MoMLSimpleApplication@1cc7710a
----------------- Done invoking toplevel() on ptolemy.moml.MoMLSimpleApplication@1cc7710a
reloadAllAccessors: .CatchUpComposite4

===========================================================================================
----------------- testing Thu Feb 07 03:25:38 UTC 2019 /home/travis/build/icyphy/ptII/ptolemy/actor/lib/hoc/test/auto/CatchUpComposite5.xml
----------------- Instantiating /home/travis/build/icyphy/ptII/ptolemy/actor/lib/hoc/test/auto/CatchUpComposite5.xml
15 ms. Memory: 208384K Free: 155490K (75%)
----------------- Invoking toplevel() on ptolemy.moml.MoMLSimpleApplication@15e2bea7
----------------- Done invoking toplevel() on ptolemy.moml.MoMLSimpleApplication@15e2bea7
reloadAllAccessors: .CatchUpComposite5

===========================================================================================
----------------- testing Thu Feb 07 03:25:38 UTC 2019 /home/travis/build/icyphy/ptII/ptolemy/actor/lib/hoc/test/auto/CatchUpComposite6.xml
----------------- Instantiating /home/travis/build/icyphy/ptII/ptolemy/actor/lib/hoc/test/auto/CatchUpComposite6.xml
WARNING: The execution aspects in this model can influence the timing of actors by delaying the 
execution, potentially changing the behavior. There is no guarantee that actors fire at the 
time they request to be fired. 
Use Ptides for deterministic DE behavior that is not influenced by execution aspects. 

88 ms. Memory: 208384K Free: 138222K (66%)
----------------- Invoking toplevel() on ptolemy.moml.MoMLSimpleApplication@697270d3
----------------- Done invoking toplevel() on ptolemy.moml.MoMLSimpleApplication@697270d3
reloadAllAccessors: .CatchUpComposite6

===========================================================================================
----------------- testing Thu Feb 07 03:25:38 UTC 2019 /home/travis/build/icyphy/ptII/ptolemy/actor/lib/hoc/test/auto/CatchUpComposite7.xml
----------------- Instantiating /home/travis/build/icyphy/ptII/ptolemy/actor/lib/hoc/test/auto/CatchUpComposite7.xml
WARNING: The execution aspects in this model can influence the timing of actors by delaying the 
execution, potentially changing the behavior. There is no guarantee that actors fire at the 
time they request to be fired. 
Use Ptides for deterministic DE behavior that is not influenced by execution aspects. 

38 ms. Memory: 208384K Free: 121731K (58%)
----------------- Invoking toplevel() on ptolemy.moml.MoMLSimpleApplication@269416ae
----------------- Done invoking toplevel() on ptolemy.moml.MoMLSimpleApplication@269416ae
reloadAllAccessors: .CatchUpComposite7

===========================================================================================
----------------- testing Thu Feb 07 03:25:38 UTC 2019 /home/travis/build/icyphy/ptII/ptolemy/actor/lib/hoc/test/auto/ConcurrentExecutionTimeSDF.xml
----------------- Instantiating /home/travis/build/icyphy/ptII/ptolemy/actor/lib/hoc/test/auto/ConcurrentExecutionTimeSDF.xml
Fired ExecutionTime: 40400000
Fired ExecutionTime: 40400000
Fired ExecutionTime: 40400000
Fired ExecutionTime: 40400000
Fired ExecutionTime: 40400000
Fired ExecutionTime: 40400000
Fired ExecutionTime: 40400000
Fired ExecutionTime: 40400000
Fired ExecutionTime: 40400000
Fired ExecutionTime: 40400000
Fired ExecutionTime: 40400000
Fired ExecutionTime: 40400000
Fired ExecutionTime: 40400000
Fired ExecutionTime: 40400000
Fired ExecutionTime: 40400000
Fired ExecutionTime: 40400000
Fired ExecutionTime: 40400000
Fired ExecutionTime: 40400000
Fired ExecutionTime: 40400000
Fired ExecutionTime: 40400000
1272 ms. Memory: 208384K Free: 113539K (54%)
----------------- Invoking toplevel() on ptolemy.moml.MoMLSimpleApplication@1908434
----------------- Done invoking toplevel() on ptolemy.moml.MoMLSimpleApplication@1908434
reloadAllAccessors: .ConcurrentExecutionTimeSDF

===========================================================================================
----------------- testing Thu Feb 07 03:25:40 UTC 2019 /home/travis/build/icyphy/ptII/ptolemy/actor/lib/hoc/test/auto/ConcurrentSleep.xml
----------------- Instantiating /home/travis/build/icyphy/ptII/ptolemy/actor/lib/hoc/test/auto/ConcurrentSleep.xml
746 ms. Memory: 208384K Free: 99580K (48%)
----------------- Invoking toplevel() on ptolemy.moml.MoMLSimpleApplication@44a785e1
----------------- Done invoking toplevel() on ptolemy.moml.MoMLSimpleApplication@44a785e1
reloadAllAccessors: .ConcurrentSleep

===========================================================================================
----------------- testing Thu Feb 07 03:25:40 UTC 2019 /home/travis/build/icyphy/ptII/ptolemy/actor/lib/hoc/test/auto/DEInPNInRunCompositeActor.xml
----------------- Instantiating /home/travis/build/icyphy/ptII/ptolemy/actor/lib/hoc/test/auto/DEInPNInRunCompositeActor.xml
14 ms. Memory: 208384K Free: 91351K (44%)
----------------- Invoking toplevel() on ptolemy.moml.MoMLSimpleApplication@3b5c61e9
----------------- Done invoking toplevel() on ptolemy.moml.MoMLSimpleApplication@3b5c61e9
reloadAllAccessors: .DEInPNInRunCompositeActor

===========================================================================================
----------------- testing Thu Feb 07 03:25:40 UTC 2019 /home/travis/build/icyphy/ptII/ptolemy/actor/lib/hoc/test/auto/DFTSubSetTest.xml
----------------- Instantiating /home/travis/build/icyphy/ptII/ptolemy/actor/lib/hoc/test/auto/DFTSubSetTest.xml
162 ms. Memory: 208384K Free: 167911K (81%)
----------------- Invoking toplevel() on ptolemy.moml.MoMLSimpleApplication@5f3191d8
----------------- Done invoking toplevel() on ptolemy.moml.MoMLSimpleApplication@5f3191d8
reloadAllAccessors: .DFTSubSetTest

===========================================================================================
----------------- testing Thu Feb 07 03:25:41 UTC 2019 /home/travis/build/icyphy/ptII/ptolemy/actor/lib/hoc/test/auto/HocDE.xml
----------------- Instantiating /home/travis/build/icyphy/ptII/ptolemy/actor/lib/hoc/test/auto/HocDE.xml
134 ms. Memory: 208384K Free: 141056K (68%)
----------------- Invoking toplevel() on ptolemy.moml.MoMLSimpleApplication@50e8ebdd
----------------- Done invoking toplevel() on ptolemy.moml.MoMLSimpleApplication@50e8ebdd
reloadAllAccessors: .HocDE

===========================================================================================
----------------- testing Thu Feb 07 03:25:41 UTC 2019 /home/travis/build/icyphy/ptII/ptolemy/actor/lib/hoc/test/auto/IterateOverArray.xml
----------------- Instantiating /home/travis/build/icyphy/ptII/ptolemy/actor/lib/hoc/test/auto/IterateOverArray.xml
5 ms. Memory: 208384K Free: 135501K (65%)
----------------- Invoking toplevel() on ptolemy.moml.MoMLSimpleApplication@37c2b2e5
----------------- Done invoking toplevel() on ptolemy.moml.MoMLSimpleApplication@37c2b2e5
reloadAllAccessors: .IterateOverArray

===========================================================================================
----------------- testing Thu Feb 07 03:25:41 UTC 2019 /home/travis/build/icyphy/ptII/ptolemy/actor/lib/hoc/test/auto/IterateOverArray10.xml
----------------- Instantiating /home/travis/build/icyphy/ptII/ptolemy/actor/lib/hoc/test/auto/IterateOverArray10.xml
2 ms. Memory: 208384K Free: 131389K (63%)
----------------- Invoking toplevel() on ptolemy.moml.MoMLSimpleApplication@6ab5a53a
----------------- Done invoking toplevel() on ptolemy.moml.MoMLSimpleApplication@6ab5a53a
reloadAllAccessors: .IterateOverArray10

===========================================================================================
----------------- testing Thu Feb 07 03:25:41 UTC 2019 /home/travis/build/icyphy/ptII/ptolemy/actor/lib/hoc/test/auto/IterateOverArray11.xml
----------------- Instantiating /home/travis/build/icyphy/ptII/ptolemy/actor/lib/hoc/test/auto/IterateOverArray11.xml
7 ms. Memory: 208384K Free: 125898K (60%)
----------------- Invoking toplevel() on ptolemy.moml.MoMLSimpleApplication@13d77368
----------------- Done invoking toplevel() on ptolemy.moml.MoMLSimpleApplication@13d77368
reloadAllAccessors: .IterateOverArray11

===========================================================================================
----------------- testing Thu Feb 07 03:25:41 UTC 2019 /home/travis/build/icyphy/ptII/ptolemy/actor/lib/hoc/test/auto/IterateOverArray12.xml
----------------- Instantiating /home/travis/build/icyphy/ptII/ptolemy/actor/lib/hoc/test/auto/IterateOverArray12.xml
18 ms. Memory: 208384K Free: 119345K (57%)
----------------- Invoking toplevel() on ptolemy.moml.MoMLSimpleApplication@6c1cf385
----------------- Done invoking toplevel() on ptolemy.moml.MoMLSimpleApplication@6c1cf385
reloadAllAccessors: .IterateOverArray12

===========================================================================================
----------------- testing Thu Feb 07 03:25:41 UTC 2019 /home/travis/build/icyphy/ptII/ptolemy/actor/lib/hoc/test/auto/IterateOverArray13.xml
----------------- Instantiating /home/travis/build/icyphy/ptII/ptolemy/actor/lib/hoc/test/auto/IterateOverArray13.xml
52 ms. Memory: 208384K Free: 91687K (44%)
----------------- Invoking toplevel() on ptolemy.moml.MoMLSimpleApplication@6e935bb0
----------------- Done invoking toplevel() on ptolemy.moml.MoMLSimpleApplication@6e935bb0
reloadAllAccessors: .IterateOverArray13

===========================================================================================
----------------- testing Thu Feb 07 03:25:41 UTC 2019 /home/travis/build/icyphy/ptII/ptolemy/actor/lib/hoc/test/auto/IterateOverArray14.xml
----------------- Instantiating /home/travis/build/icyphy/ptII/ptolemy/actor/lib/hoc/test/auto/IterateOverArray14.xml
68 ms. Memory: 332288K Free: 301882K (91%)
----------------- Invoking toplevel() on ptolemy.moml.MoMLSimpleApplication@5d615d0
----------------- Done invoking toplevel() on ptolemy.moml.MoMLSimpleApplication@5d615d0
reloadAllAccessors: .IterateOverArray14

===========================================================================================
----------------- testing Thu Feb 07 03:25:41 UTC 2019 /home/travis/build/icyphy/ptII/ptolemy/actor/lib/hoc/test/auto/IterateOverArray2.xml
----------------- Instantiating /home/travis/build/icyphy/ptII/ptolemy/actor/lib/hoc/test/auto/IterateOverArray2.xml
12 ms. Memory: 332288K Free: 294548K (89%)
----------------- Invoking toplevel() on ptolemy.moml.MoMLSimpleApplication@37417bf4
----------------- Done invoking toplevel() on ptolemy.moml.MoMLSimpleApplication@37417bf4
reloadAllAccessors: .IterateOverArray2

===========================================================================================
----------------- testing Thu Feb 07 03:25:41 UTC 2019 /home/travis/build/icyphy/ptII/ptolemy/actor/lib/hoc/test/auto/IterateOverArray3.xml
----------------- Instantiating /home/travis/build/icyphy/ptII/ptolemy/actor/lib/hoc/test/auto/IterateOverArray3.xml
7 ms. Memory: 332288K Free: 288008K (87%)
----------------- Invoking toplevel() on ptolemy.moml.MoMLSimpleApplication@54a0554d
----------------- Done invoking toplevel() on ptolemy.moml.MoMLSimpleApplication@54a0554d
reloadAllAccessors: .IterateOverArray3

===========================================================================================
----------------- testing Thu Feb 07 03:25:41 UTC 2019 /home/travis/build/icyphy/ptII/ptolemy/actor/lib/hoc/test/auto/IterateOverArray4.xml
----------------- Instantiating /home/travis/build/icyphy/ptII/ptolemy/actor/lib/hoc/test/auto/IterateOverArray4.xml
4 ms. Memory: 332288K Free: 282325K (85%)
----------------- Invoking toplevel() on ptolemy.moml.MoMLSimpleApplication@1f1274d9
----------------- Done invoking toplevel() on ptolemy.moml.MoMLSimpleApplication@1f1274d9
reloadAllAccessors: .IterateOverArray4

===========================================================================================
----------------- testing Thu Feb 07 03:25:41 UTC 2019 /home/travis/build/icyphy/ptII/ptolemy/actor/lib/hoc/test/auto/IterateOverArray5.xml
----------------- Instantiating /home/travis/build/icyphy/ptII/ptolemy/actor/lib/hoc/test/auto/IterateOverArray5.xml
3 ms. Memory: 332288K Free: 277420K (83%)
----------------- Invoking toplevel() on ptolemy.moml.MoMLSimpleApplication@10a653e6
----------------- Done invoking toplevel() on ptolemy.moml.MoMLSimpleApplication@10a653e6
reloadAllAccessors: .IterateOverArray5

===========================================================================================
----------------- testing Thu Feb 07 03:25:41 UTC 2019 /home/travis/build/icyphy/ptII/ptolemy/actor/lib/hoc/test/auto/IterateOverArray6.xml
----------------- Instantiating /home/travis/build/icyphy/ptII/ptolemy/actor/lib/hoc/test/auto/IterateOverArray6.xml
3 ms. Memory: 332288K Free: 271738K (82%)
----------------- Invoking toplevel() on ptolemy.moml.MoMLSimpleApplication@2029b25d
----------------- Done invoking toplevel() on ptolemy.moml.MoMLSimpleApplication@2029b25d
reloadAllAccessors: .IterateOverArray6

===========================================================================================
----------------- testing Thu Feb 07 03:25:42 UTC 2019 /home/travis/build/icyphy/ptII/ptolemy/actor/lib/hoc/test/auto/IterateOverArray7.xml
----------------- Instantiating /home/travis/build/icyphy/ptII/ptolemy/actor/lib/hoc/test/auto/IterateOverArray7.xml
3 ms. Memory: 332288K Free: 266833K (80%)
----------------- Invoking toplevel() on ptolemy.moml.MoMLSimpleApplication@61ef7bff
----------------- Done invoking toplevel() on ptolemy.moml.MoMLSimpleApplication@61ef7bff
reloadAllAccessors: .IterateOverArray7

===========================================================================================
----------------- testing Thu Feb 07 03:25:42 UTC 2019 /home/travis/build/icyphy/ptII/ptolemy/actor/lib/hoc/test/auto/IterateOverArray8.xml
----------------- Instantiating /home/travis/build/icyphy/ptII/ptolemy/actor/lib/hoc/test/auto/IterateOverArray8.xml
4 ms. Memory: 332288K Free: 261928K (79%)
----------------- Invoking toplevel() on ptolemy.moml.MoMLSimpleApplication@7fb4ecc9
----------------- Done invoking toplevel() on ptolemy.moml.MoMLSimpleApplication@7fb4ecc9
reloadAllAccessors: .IterateOverArray8

===========================================================================================
----------------- testing Thu Feb 07 03:25:42 UTC 2019 /home/travis/build/icyphy/ptII/ptolemy/actor/lib/hoc/test/auto/IterateOverArray9.xml
----------------- Instantiating /home/travis/build/icyphy/ptII/ptolemy/actor/lib/hoc/test/auto/IterateOverArray9.xml
10 ms. Memory: 332288K Free: 256246K (77%)
----------------- Invoking toplevel() on ptolemy.moml.MoMLSimpleApplication@133db60
----------------- Done invoking toplevel() on ptolemy.moml.MoMLSimpleApplication@133db60
reloadAllAccessors: .IterateOverArray9

===========================================================================================
----------------- testing Thu Feb 07 03:25:42 UTC 2019 /home/travis/build/icyphy/ptII/ptolemy/actor/lib/hoc/test/auto/IterateOverArrayCoercedOutputType.xml
----------------- Instantiating /home/travis/build/icyphy/ptII/ptolemy/actor/lib/hoc/test/auto/IterateOverArrayCoercedOutputType.xml
4 ms. Memory: 332288K Free: 249706K (75%)
----------------- Invoking toplevel() on ptolemy.moml.MoMLSimpleApplication@ca96886
----------------- Done invoking toplevel() on ptolemy.moml.MoMLSimpleApplication@ca96886
reloadAllAccessors: .IterateOverArrayCoercedOutputType

===========================================================================================
----------------- testing Thu Feb 07 03:25:42 UTC 2019 /home/travis/build/icyphy/ptII/ptolemy/actor/lib/hoc/test/auto/IterateOverArrayInferredOutputType.xml
----------------- Instantiating /home/travis/build/icyphy/ptII/ptolemy/actor/lib/hoc/test/auto/IterateOverArrayInferredOutputType.xml
12 ms. Memory: 332288K Free: 242388K (73%)
----------------- Invoking toplevel() on ptolemy.moml.MoMLSimpleApplication@2331d691
----------------- Done invoking toplevel() on ptolemy.moml.MoMLSimpleApplication@2331d691
reloadAllAccessors: .IterateOverArrayInferredOutputType

===========================================================================================
----------------- testing Thu Feb 07 03:25:42 UTC 2019 /home/travis/build/icyphy/ptII/ptolemy/actor/lib/hoc/test/auto/MobileFunctionTest.xml
----------------- Instantiating /home/travis/build/icyphy/ptII/ptolemy/actor/lib/hoc/test/auto/MobileFunctionTest.xml
6 ms. Memory: 332288K Free: 237484K (71%)
----------------- Invoking toplevel() on ptolemy.moml.MoMLSimpleApplication@488086c6
----------------- Done invoking toplevel() on ptolemy.moml.MoMLSimpleApplication@488086c6
reloadAllAccessors: .MobileFunctionTest

===========================================================================================
----------------- testing Thu Feb 07 03:25:42 UTC 2019 /home/travis/build/icyphy/ptII/ptolemy/actor/lib/hoc/test/auto/MobileModelTest.xml
----------------- Instantiating /home/travis/build/icyphy/ptII/ptolemy/actor/lib/hoc/test/auto/MobileModelTest.xml
87 ms. Memory: 332288K Free: 215422K (65%)
----------------- Invoking toplevel() on ptolemy.moml.MoMLSimpleApplication@68126dab
----------------- Done invoking toplevel() on ptolemy.moml.MoMLSimpleApplication@68126dab
reloadAllAccessors: .MobileModelTest

===========================================================================================
----------------- testing Thu Feb 07 03:25:42 UTC 2019 /home/travis/build/icyphy/ptII/ptolemy/actor/lib/hoc/test/auto/ModelReference.xml
----------------- Instantiating /home/travis/build/icyphy/ptII/ptolemy/actor/lib/hoc/test/auto/ModelReference.xml
4 ms. Memory: 332288K Free: 207223K (62%)
1 ms. Memory: 332288K Free: 207223K (62%)
2 ms. Memory: 332288K Free: 205572K (62%)
2 ms. Memory: 332288K Free: 205572K (62%)
2 ms. Memory: 332288K Free: 203937K (61%)
2 ms. Memory: 332288K Free: 203937K (61%)
1 ms. Memory: 332288K Free: 202302K (61%)
3 ms. Memory: 332288K Free: 202302K (61%)
1 ms. Memory: 332288K Free: 200667K (60%)
4 ms. Memory: 332288K Free: 200667K (60%)
33 ms. Memory: 332288K Free: 200667K (60%)
----------------- Invoking toplevel() on ptolemy.moml.MoMLSimpleApplication@82b337f
----------------- Done invoking toplevel() on ptolemy.moml.MoMLSimpleApplication@82b337f
reloadAllAccessors: .ModelReference

===========================================================================================
----------------- testing Thu Feb 07 03:25:42 UTC 2019 /home/travis/build/icyphy/ptII/ptolemy/actor/lib/hoc/test/auto/ModelReference3.xml
----------------- Instantiating /home/travis/build/icyphy/ptII/ptolemy/actor/lib/hoc/test/auto/ModelReference3.xml
1 ms. Memory: 332288K Free: 195762K (59%)
3 ms. Memory: 332288K Free: 194111K (58%)
1 ms. Memory: 332288K Free: 194111K (58%)
2 ms. Memory: 332288K Free: 192468K (58%)
1 ms. Memory: 332288K Free: 192468K (58%)
2 ms. Memory: 332288K Free: 190817K (57%)
2 ms. Memory: 332288K Free: 190817K (57%)
4 ms. Memory: 332288K Free: 189166K (57%)
1 ms. Memory: 332288K Free: 189166K (57%)
3 ms. Memory: 332288K Free: 187531K (56%)
32 ms. Memory: 332288K Free: 187531K (56%)
----------------- Invoking toplevel() on ptolemy.moml.MoMLSimpleApplication@184d82a7
----------------- Done invoking toplevel() on ptolemy.moml.MoMLSimpleApplication@184d82a7
reloadAllAccessors: .ModelReference3

===========================================================================================
----------------- testing Thu Feb 07 03:25:42 UTC 2019 /home/travis/build/icyphy/ptII/ptolemy/actor/lib/hoc/test/auto/ModelReference4.xml
----------------- Instantiating /home/travis/build/icyphy/ptII/ptolemy/actor/lib/hoc/test/auto/ModelReference4.xml
4 ms. Memory: 332288K Free: 180206K (54%)
3 ms. Memory: 332288K Free: 178571K (54%)
4 ms. Memory: 332288K Free: 176936K (53%)
2 ms. Memory: 332288K Free: 175301K (53%)
4 ms. Memory: 332288K Free: 172015K (52%)
2 ms. Memory: 332288K Free: 170380K (51%)
7 ms. Memory: 332288K Free: 168745K (51%)
2 ms. Memory: 332288K Free: 167110K (50%)
6 ms. Memory: 332288K Free: 165475K (50%)
2 ms. Memory: 332288K Free: 163840K (49%)
10026 ms. Memory: 332288K Free: 163840K (49%)
----------------- Invoking toplevel() on ptolemy.moml.MoMLSimpleApplication@391be922
----------------- Done invoking toplevel() on ptolemy.moml.MoMLSimpleApplication@391be922
reloadAllAccessors: .ModelReference4

===========================================================================================
----------------- testing Thu Feb 07 03:25:52 UTC 2019 /home/travis/build/icyphy/ptII/ptolemy/actor/lib/hoc/test/auto/MultiInstanceComposite.xml
----------------- Instantiating /home/travis/build/icyphy/ptII/ptolemy/actor/lib/hoc/test/auto/MultiInstanceComposite.xml
32 ms. Memory: 332288K Free: 147386K (44%)
----------------- Invoking toplevel() on ptolemy.moml.MoMLSimpleApplication@6b7fe92a
----------------- Done invoking toplevel() on ptolemy.moml.MoMLSimpleApplication@6b7fe92a
reloadAllAccessors: .MultiInstanceComposite

===========================================================================================
----------------- testing Thu Feb 07 03:25:52 UTC 2019 /home/travis/build/icyphy/ptII/ptolemy/actor/lib/hoc/test/auto/MultiInstanceComposite2.xml
----------------- Instantiating /home/travis/build/icyphy/ptII/ptolemy/actor/lib/hoc/test/auto/MultiInstanceComposite2.xml
12 ms. Memory: 332288K Free: 133465K (40%)
----------------- Invoking toplevel() on ptolemy.moml.MoMLSimpleApplication@347e963c
----------------- Done invoking toplevel() on ptolemy.moml.MoMLSimpleApplication@347e963c
reloadAllAccessors: .MultiInstanceComposite2

===========================================================================================
----------------- testing Thu Feb 07 03:25:52 UTC 2019 /home/travis/build/icyphy/ptII/ptolemy/actor/lib/hoc/test/auto/MulticoreExecution.xml
----------------- Instantiating /home/travis/build/icyphy/ptII/ptolemy/actor/lib/hoc/test/auto/MulticoreExecution.xml
Fired ExecutionTime: 1600000
Fired ExecutionTime: 4400000
Fired ExecutionTime: 4400000
Fired ExecutionTime: 2000000
Fired ExecutionTime: 2800000
Fired ExecutionTime: 3200000
Fired ExecutionTime: 3200000
Fired ExecutionTime: 3200000
Fired ExecutionTime: 4800000
Fired ExecutionTime: 2000000
Fired ExecutionTime: 2800000
Fired ExecutionTime: 3600000
Fired ExecutionTime: 2400000
Fired ExecutionTime: 4400000
Fired ExecutionTime: 2800000
Fired ExecutionTime: 2800000
Fired ExecutionTime: 3200000
Fired ExecutionTime: 2400000
Fired ExecutionTime: 50800000
Fired ExecutionTime: 58000000
1145 ms. Memory: 332288K Free: 120353K (36%)
----------------- Invoking toplevel() on ptolemy.moml.MoMLSimpleApplication@7a5f43
----------------- Done invoking toplevel() on ptolemy.moml.MoMLSimpleApplication@7a5f43
reloadAllAccessors: .MulticoreExecution

===========================================================================================
----------------- testing Thu Feb 07 03:25:53 UTC 2019 /home/travis/build/icyphy/ptII/ptolemy/actor/lib/hoc/test/auto/ParallelExecution.xml
----------------- Instantiating /home/travis/build/icyphy/ptII/ptolemy/actor/lib/hoc/test/auto/ParallelExecution.xml
913 ms. Memory: 332288K Free: 108098K (33%)
----------------- Invoking toplevel() on ptolemy.moml.MoMLSimpleApplication@6ccc6435
----------------- Done invoking toplevel() on ptolemy.moml.MoMLSimpleApplication@6ccc6435
reloadAllAccessors: .ParallelExecution

===========================================================================================
----------------- testing Thu Feb 07 03:25:54 UTC 2019 /home/travis/build/icyphy/ptII/ptolemy/actor/lib/hoc/test/auto/RunCompositeActor.xml
----------------- Instantiating /home/travis/build/icyphy/ptII/ptolemy/actor/lib/hoc/test/auto/RunCompositeActor.xml
6 ms. Memory: 332288K Free: 99907K (30%)
----------------- Invoking toplevel() on ptolemy.moml.MoMLSimpleApplication@716a3238
----------------- Done invoking toplevel() on ptolemy.moml.MoMLSimpleApplication@716a3238
reloadAllAccessors: .RunCompositeActor

===========================================================================================
----------------- testing Thu Feb 07 03:25:54 UTC 2019 /home/travis/build/icyphy/ptII/ptolemy/actor/lib/hoc/test/auto/RunCompositeActor2.xml
----------------- Instantiating /home/travis/build/icyphy/ptII/ptolemy/actor/lib/hoc/test/auto/RunCompositeActor2.xml
4 ms. Memory: 332288K Free: 93351K (28%)
----------------- Invoking toplevel() on ptolemy.moml.MoMLSimpleApplication@60a2f150
----------------- Done invoking toplevel() on ptolemy.moml.MoMLSimpleApplication@60a2f150
reloadAllAccessors: .RunCompositeActor2

===========================================================================================
----------------- testing Thu Feb 07 03:25:54 UTC 2019 /home/travis/build/icyphy/ptII/ptolemy/actor/lib/hoc/test/auto/RunCompositeActor3.xml
----------------- Instantiating /home/travis/build/icyphy/ptII/ptolemy/actor/lib/hoc/test/auto/RunCompositeActor3.xml
4 ms. Memory: 332288K Free: 86034K (26%)
----------------- Invoking toplevel() on ptolemy.moml.MoMLSimpleApplication@3d10be25
----------------- Done invoking toplevel() on ptolemy.moml.MoMLSimpleApplication@3d10be25
reloadAllAccessors: .RunCompositeActor3

===========================================================================================
----------------- testing Thu Feb 07 03:25:54 UTC 2019 /home/travis/build/icyphy/ptII/ptolemy/actor/lib/hoc/test/auto/RunCompositeActor4.xml
----------------- Instantiating /home/travis/build/icyphy/ptII/ptolemy/actor/lib/hoc/test/auto/RunCompositeActor4.xml
27 ms. Memory: 332800K Free: 322997K (97%)
----------------- Invoking toplevel() on ptolemy.moml.MoMLSimpleApplication@1c0fda3a
----------------- Done invoking toplevel() on ptolemy.moml.MoMLSimpleApplication@1c0fda3a
reloadAllAccessors: .RunCompositeActor4

===========================================================================================
----------------- testing Thu Feb 07 03:25:54 UTC 2019 /home/travis/build/icyphy/ptII/ptolemy/actor/lib/hoc/test/auto/RunCompositeIterateOverArray.xml
----------------- Instantiating /home/travis/build/icyphy/ptII/ptolemy/actor/lib/hoc/test/auto/RunCompositeIterateOverArray.xml
11 ms. Memory: 332800K Free: 312380K (94%)
----------------- Invoking toplevel() on ptolemy.moml.MoMLSimpleApplication@7586f320
----------------- Done invoking toplevel() on ptolemy.moml.MoMLSimpleApplication@7586f320
reloadAllAccessors: .RunCompositeIterateOverArray

===========================================================================================
----------------- testing Thu Feb 07 03:25:54 UTC 2019 /home/travis/build/icyphy/ptII/ptolemy/actor/lib/hoc/test/auto/ThreadedJS.xml
----------------- Instantiating /home/travis/build/icyphy/ptII/ptolemy/actor/lib/hoc/test/auto/ThreadedJS.xml
1612 ms. Memory: 539136K Free: 160859K (30%)
----------------- Invoking toplevel() on ptolemy.moml.MoMLSimpleApplication@40b42769
----------------- Done invoking toplevel() on ptolemy.moml.MoMLSimpleApplication@40b42769
reloadAllAccessors: .ThreadedJS
AutoTests.java: About to close Vertx.
AutoTests.java: Vertx closed.
]]></system-out>
  <system-err><![CDATA[java.lang.RuntimeException: Execution failed
	at ptolemy.moml.MoMLSimpleApplication$UnloadThread.run(MoMLSimpleApplication.java:402)
Caused by: ptolemy.kernel.util.IllegalActionException: initialize() was called after wrapup() was called but preinitialize() was not called after wrapup().
	at ptolemy.actor.lib.hoc.test.PreinitializeMustBeInvoked.initialize(PreinitializeMustBeInvoked.java:78)
	at ptolemy.actor.Director.initialize(Director.java:938)
	at ptolemy.actor.Director.initialize(Director.java:907)
	at ptolemy.actor.sched.StaticSchedulingDirector.initialize(StaticSchedulingDirector.java:159)
	at ptolemy.domains.sdf.kernel.SDFDirector.initialize(SDFDirector.java:544)
	at ptolemy.actor.CompositeActor.initialize(CompositeActor.java:935)
	at ptolemy.actor.lib.hoc.LifeCycleManager._executeInsideModel(LifeCycleManager.java:339)
	at ptolemy.actor.lib.hoc.RunCompositeActor.fire(RunCompositeActor.java:205)
	at ptolemy.actor.CompositeActor.iterate(CompositeActor.java:1146)
	at ptolemy.actor.sched.StaticSchedulingDirector.fire(StaticSchedulingDirector.java:216)
	at ptolemy.domains.sdf.kernel.SDFDirector.fire(SDFDirector.java:500)
	at ptolemy.actor.CompositeActor.fire(CompositeActor.java:455)
	at ptolemy.actor.Manager.iterate(Manager.java:851)
	at ptolemy.actor.Manager.execute(Manager.java:369)
	at ptolemy.actor.Manager.run(Manager.java:1263)
	at ptolemy.actor.Manager$PtolemyRunThread.run(Manager.java:1915)
java.lang.reflect.InvocationTargetException
	at sun.reflect.NativeConstructorAccessorImpl.newInstance0(Native Method)
	at sun.reflect.NativeConstructorAccessorImpl.newInstance(NativeConstructorAccessorImpl.java:62)
	at sun.reflect.DelegatingConstructorAccessorImpl.newInstance(DelegatingConstructorAccessorImpl.java:45)
	at java.lang.reflect.Constructor.newInstance(Constructor.java:423)
	at ptolemy.util.test.junit.AutoKnownFailedTests.RunModel(AutoKnownFailedTests.java:105)
	at sun.reflect.NativeMethodAccessorImpl.invoke0(Native Method)
	at sun.reflect.NativeMethodAccessorImpl.invoke(NativeMethodAccessorImpl.java:62)
	at sun.reflect.DelegatingMethodAccessorImpl.invoke(DelegatingMethodAccessorImpl.java:43)
	at java.lang.reflect.Method.invoke(Method.java:498)
	at org.junit.runners.model.FrameworkMethod$1.runReflectiveCall(FrameworkMethod.java:44)
	at org.junit.internal.runners.model.ReflectiveCallable.run(ReflectiveCallable.java:15)
	at org.junit.runners.model.FrameworkMethod.invokeExplosively(FrameworkMethod.java:41)
	at junitparams.internal.InvokeParameterisedMethod.evaluate(InvokeParameterisedMethod.java:102)
	at org.junit.internal.runners.statements.FailOnTimeout$1.run(FailOnTimeout.java:28)
Caused by: ptolemy.kernel.util.IllegalActionException: initialize() was called after wrapup() was called but preinitialize() was not called after wrapup().
	at ptolemy.actor.lib.hoc.test.PreinitializeMustBeInvoked.initialize(PreinitializeMustBeInvoked.java:78)
	at ptolemy.actor.Director.initialize(Director.java:938)
	at ptolemy.actor.Director.initialize(Director.java:907)
	at ptolemy.actor.sched.StaticSchedulingDirector.initialize(StaticSchedulingDirector.java:159)
	at ptolemy.domains.sdf.kernel.SDFDirector.initialize(SDFDirector.java:544)
	at ptolemy.actor.CompositeActor.initialize(CompositeActor.java:935)
	at ptolemy.actor.lib.hoc.LifeCycleManager._executeInsideModel(LifeCycleManager.java:339)
	at ptolemy.actor.lib.hoc.RunCompositeActor.fire(RunCompositeActor.java:205)
	at ptolemy.actor.CompositeActor.iterate(CompositeActor.java:1146)
	at ptolemy.actor.sched.StaticSchedulingDirector.fire(StaticSchedulingDirector.java:216)
	at ptolemy.domains.sdf.kernel.SDFDirector.fire(SDFDirector.java:500)
	at ptolemy.actor.CompositeActor.fire(CompositeActor.java:455)
	at ptolemy.actor.Manager.iterate(Manager.java:851)
	at ptolemy.actor.Manager.execute(Manager.java:369)
	at ptolemy.actor.Manager.run(Manager.java:1263)
	at ptolemy.actor.Manager$PtolemyRunThread.run(Manager.java:1915)
]]></system-err>
</testsuite>
