<?xml version="1.0" encoding="UTF-8" ?>
<testsuite errors="0" failures="0" hostname="travis-job-284a058f-dd9d-420d-ba06-7728a97cfbda" name="ptolemy.actor.lib.hoc.test.junit.JUnitTclTest" skipped="0" tests="58" time="31.278" timestamp="2021-06-27T17:21:10">
  <properties>
[...]
</properties>
  <testcase classname="ptolemy.util.test.junit.TclTests" name="[0] /home/travis/build/icyphy/ptII/ptolemy/actor/lib/hoc/test/IterateOverArray.tcl (RunTclFile)" time="0.331" />
  <testcase classname="ptolemy.util.test.junit.AutoKnownFailedTests" name="[0] /home/travis/build/icyphy/ptII/ptolemy/actor/lib/hoc/test/auto/knownFailedTests/PreinitializeMustBeInvokedRunComposite.xml (RunModel)" time="0.404" />
  <testcase classname="ptolemy.util.test.junit.AutoNameArchTests" name="[0] ThereAreNoAutoArchTests (RunModel)" time="0.005" />
  <testcase classname="ptolemy.util.test.junit.AutoTests" name="[0] /home/travis/build/icyphy/ptII/ptolemy/actor/lib/hoc/test/auto/AllToAllMultiInstanceComposite.xml (RunModel)" time="0.427" />
  <testcase classname="ptolemy.util.test.junit.AutoTests" name="[1] /home/travis/build/icyphy/ptII/ptolemy/actor/lib/hoc/test/auto/ApplyFFTTest.xml (RunModel)" time="0.343" />
  <testcase classname="ptolemy.util.test.junit.AutoTests" name="[2] /home/travis/build/icyphy/ptII/ptolemy/actor/lib/hoc/test/auto/ApplyFunction.xml (RunModel)" time="0.026" />
  <testcase classname="ptolemy.util.test.junit.AutoTests" name="[3] /home/travis/build/icyphy/ptII/ptolemy/actor/lib/hoc/test/auto/BackgroundExecution.xml (RunModel)" time="0.711" />
  <testcase classname="ptolemy.util.test.junit.AutoTests" name="[4] /home/travis/build/icyphy/ptII/ptolemy/actor/lib/hoc/test/auto/Case.xml (RunModel)" time="0.075" />
  <testcase classname="ptolemy.util.test.junit.AutoTests" name="[5] /home/travis/build/icyphy/ptII/ptolemy/actor/lib/hoc/test/auto/Case1.xml (RunModel)" time="0.049" />
  <testcase classname="ptolemy.util.test.junit.AutoTests" name="[6] /home/travis/build/icyphy/ptII/ptolemy/actor/lib/hoc/test/auto/Case2.xml (RunModel)" time="0.098" />
  <testcase classname="ptolemy.util.test.junit.AutoTests" name="[7] /home/travis/build/icyphy/ptII/ptolemy/actor/lib/hoc/test/auto/Case3.xml (RunModel)" time="0.035" />
  <testcase classname="ptolemy.util.test.junit.AutoTests" name="[8] /home/travis/build/icyphy/ptII/ptolemy/actor/lib/hoc/test/auto/Case4.xml (RunModel)" time="0.059" />
  <testcase classname="ptolemy.util.test.junit.AutoTests" name="[9] /home/travis/build/icyphy/ptII/ptolemy/actor/lib/hoc/test/auto/Case5.xml (RunModel)" time="0.072" />
  <testcase classname="ptolemy.util.test.junit.AutoTests" name="[10] /home/travis/build/icyphy/ptII/ptolemy/actor/lib/hoc/test/auto/Case6.xml (RunModel)" time="0.108" />
  <testcase classname="ptolemy.util.test.junit.AutoTests" name="[11] /home/travis/build/icyphy/ptII/ptolemy/actor/lib/hoc/test/auto/CaseString2.xml (RunModel)" time="0.037" />
  <testcase classname="ptolemy.util.test.junit.AutoTests" name="[12] /home/travis/build/icyphy/ptII/ptolemy/actor/lib/hoc/test/auto/CatchUpComposite1.xml (RunModel)" time="0.083" />
  <testcase classname="ptolemy.util.test.junit.AutoTests" name="[13] /home/travis/build/icyphy/ptII/ptolemy/actor/lib/hoc/test/auto/CatchUpComposite2.xml (RunModel)" time="0.038" />
  <testcase classname="ptolemy.util.test.junit.AutoTests" name="[14] /home/travis/build/icyphy/ptII/ptolemy/actor/lib/hoc/test/auto/CatchUpComposite3.xml (RunModel)" time="0.039" />
  <testcase classname="ptolemy.util.test.junit.AutoTests" name="[15] /home/travis/build/icyphy/ptII/ptolemy/actor/lib/hoc/test/auto/CatchUpComposite4.xml (RunModel)" time="0.046" />
  <testcase classname="ptolemy.util.test.junit.AutoTests" name="[16] /home/travis/build/icyphy/ptII/ptolemy/actor/lib/hoc/test/auto/CatchUpComposite5.xml (RunModel)" time="0.032" />
  <testcase classname="ptolemy.util.test.junit.AutoTests" name="[17] /home/travis/build/icyphy/ptII/ptolemy/actor/lib/hoc/test/auto/CatchUpComposite6.xml (RunModel)" time="0.135" />
  <testcase classname="ptolemy.util.test.junit.AutoTests" name="[18] /home/travis/build/icyphy/ptII/ptolemy/actor/lib/hoc/test/auto/CatchUpComposite7.xml (RunModel)" time="0.065" />
  <testcase classname="ptolemy.util.test.junit.AutoTests" name="[19] /home/travis/build/icyphy/ptII/ptolemy/actor/lib/hoc/test/auto/ConcurrentExecutionTimeSDF.xml (RunModel)" time="1.871" />
  <testcase classname="ptolemy.util.test.junit.AutoTests" name="[20] /home/travis/build/icyphy/ptII/ptolemy/actor/lib/hoc/test/auto/ConcurrentSleep.xml (RunModel)" time="0.763" />
  <testcase classname="ptolemy.util.test.junit.AutoTests" name="[21] /home/travis/build/icyphy/ptII/ptolemy/actor/lib/hoc/test/auto/DEInPNInRunCompositeActor.xml (RunModel)" time="0.03" />
  <testcase classname="ptolemy.util.test.junit.AutoTests" name="[22] /home/travis/build/icyphy/ptII/ptolemy/actor/lib/hoc/test/auto/DFTSubSetTest.xml (RunModel)" time="0.251" />
  <testcase classname="ptolemy.util.test.junit.AutoTests" name="[23] /home/travis/build/icyphy/ptII/ptolemy/actor/lib/hoc/test/auto/HocDE.xml (RunModel)" time="0.162" />
  <testcase classname="ptolemy.util.test.junit.AutoTests" name="[24] /home/travis/build/icyphy/ptII/ptolemy/actor/lib/hoc/test/auto/IterateOverArray.xml (RunModel)" time="0.035" />
  <testcase classname="ptolemy.util.test.junit.AutoTests" name="[25] /home/travis/build/icyphy/ptII/ptolemy/actor/lib/hoc/test/auto/IterateOverArray10.xml (RunModel)" time="0.018" />
  <testcase classname="ptolemy.util.test.junit.AutoTests" name="[26] /home/travis/build/icyphy/ptII/ptolemy/actor/lib/hoc/test/auto/IterateOverArray11.xml (RunModel)" time="0.022" />
  <testcase classname="ptolemy.util.test.junit.AutoTests" name="[27] /home/travis/build/icyphy/ptII/ptolemy/actor/lib/hoc/test/auto/IterateOverArray12.xml (RunModel)" time="0.033" />
  <testcase classname="ptolemy.util.test.junit.AutoTests" name="[28] /home/travis/build/icyphy/ptII/ptolemy/actor/lib/hoc/test/auto/IterateOverArray13.xml (RunModel)" time="0.147" />
  <testcase classname="ptolemy.util.test.junit.AutoTests" name="[29] /home/travis/build/icyphy/ptII/ptolemy/actor/lib/hoc/test/auto/IterateOverArray14.xml (RunModel)" time="0.149" />
  <testcase classname="ptolemy.util.test.junit.AutoTests" name="[30] /home/travis/build/icyphy/ptII/ptolemy/actor/lib/hoc/test/auto/IterateOverArray2.xml (RunModel)" time="0.027" />
  <testcase classname="ptolemy.util.test.junit.AutoTests" name="[31] /home/travis/build/icyphy/ptII/ptolemy/actor/lib/hoc/test/auto/IterateOverArray3.xml (RunModel)" time="0.042" />
  <testcase classname="ptolemy.util.test.junit.AutoTests" name="[32] /home/travis/build/icyphy/ptII/ptolemy/actor/lib/hoc/test/auto/IterateOverArray4.xml (RunModel)" time="0.021" />
  <testcase classname="ptolemy.util.test.junit.AutoTests" name="[33] /home/travis/build/icyphy/ptII/ptolemy/actor/lib/hoc/test/auto/IterateOverArray5.xml (RunModel)" time="0.016" />
  <testcase classname="ptolemy.util.test.junit.AutoTests" name="[34] /home/travis/build/icyphy/ptII/ptolemy/actor/lib/hoc/test/auto/IterateOverArray6.xml (RunModel)" time="0.016" />
  <testcase classname="ptolemy.util.test.junit.AutoTests" name="[35] /home/travis/build/icyphy/ptII/ptolemy/actor/lib/hoc/test/auto/IterateOverArray7.xml (RunModel)" time="0.02" />
  <testcase classname="ptolemy.util.test.junit.AutoTests" name="[36] /home/travis/build/icyphy/ptII/ptolemy/actor/lib/hoc/test/auto/IterateOverArray8.xml (RunModel)" time="0.017" />
  <testcase classname="ptolemy.util.test.junit.AutoTests" name="[37] /home/travis/build/icyphy/ptII/ptolemy/actor/lib/hoc/test/auto/IterateOverArray9.xml (RunModel)" time="0.018" />
  <testcase classname="ptolemy.util.test.junit.AutoTests" name="[38] /home/travis/build/icyphy/ptII/ptolemy/actor/lib/hoc/test/auto/IterateOverArrayCoercedOutputType.xml (RunModel)" time="0.039" />
  <testcase classname="ptolemy.util.test.junit.AutoTests" name="[39] /home/travis/build/icyphy/ptII/ptolemy/actor/lib/hoc/test/auto/IterateOverArrayInferredOutputType.xml (RunModel)" time="0.02" />
  <testcase classname="ptolemy.util.test.junit.AutoTests" name="[40] /home/travis/build/icyphy/ptII/ptolemy/actor/lib/hoc/test/auto/MobileFunctionTest.xml (RunModel)" time="0.018" />
  <testcase classname="ptolemy.util.test.junit.AutoTests" name="[41] /home/travis/build/icyphy/ptII/ptolemy/actor/lib/hoc/test/auto/MobileModelTest.xml (RunModel)" time="0.164" />
  <testcase classname="ptolemy.util.test.junit.AutoTests" name="[42] /home/travis/build/icyphy/ptII/ptolemy/actor/lib/hoc/test/auto/ModelReference.xml (RunModel)" time="0.052" />
  <testcase classname="ptolemy.util.test.junit.AutoTests" name="[43] /home/travis/build/icyphy/ptII/ptolemy/actor/lib/hoc/test/auto/ModelReference3.xml (RunModel)" time="0.054" />
  <testcase classname="ptolemy.util.test.junit.AutoTests" name="[44] /home/travis/build/icyphy/ptII/ptolemy/actor/lib/hoc/test/auto/ModelReference4.xml (RunModel)" time="10.026" />
  <testcase classname="ptolemy.util.test.junit.AutoTests" name="[45] /home/travis/build/icyphy/ptII/ptolemy/actor/lib/hoc/test/auto/MultiInstanceComposite.xml (RunModel)" time="0.058" />
  <testcase classname="ptolemy.util.test.junit.AutoTests" name="[46] /home/travis/build/icyphy/ptII/ptolemy/actor/lib/hoc/test/auto/MultiInstanceComposite2.xml (RunModel)" time="0.033" />
  <testcase classname="ptolemy.util.test.junit.AutoTests" name="[47] /home/travis/build/icyphy/ptII/ptolemy/actor/lib/hoc/test/auto/MulticoreExecution.xml (RunModel)" time="1.081" />
  <testcase classname="ptolemy.util.test.junit.AutoTests" name="[48] /home/travis/build/icyphy/ptII/ptolemy/actor/lib/hoc/test/auto/ParallelExecution.xml (RunModel)" time="0.936" />
  <testcase classname="ptolemy.util.test.junit.AutoTests" name="[49] /home/travis/build/icyphy/ptII/ptolemy/actor/lib/hoc/test/auto/RunCompositeActor.xml (RunModel)" time="0.022" />
  <testcase classname="ptolemy.util.test.junit.AutoTests" name="[50] /home/travis/build/icyphy/ptII/ptolemy/actor/lib/hoc/test/auto/RunCompositeActor2.xml (RunModel)" time="0.021" />
  <testcase classname="ptolemy.util.test.junit.AutoTests" name="[51] /home/travis/build/icyphy/ptII/ptolemy/actor/lib/hoc/test/auto/RunCompositeActor3.xml (RunModel)" time="0.017" />
  <testcase classname="ptolemy.util.test.junit.AutoTests" name="[52] /home/travis/build/icyphy/ptII/ptolemy/actor/lib/hoc/test/auto/RunCompositeActor4.xml (RunModel)" time="0.022" />
  <testcase classname="ptolemy.util.test.junit.AutoTests" name="[53] /home/travis/build/icyphy/ptII/ptolemy/actor/lib/hoc/test/auto/RunCompositeIterateOverArray.xml (RunModel)" time="0.018" />
  <testcase classname="ptolemy.util.test.junit.AutoTests" name="[54] /home/travis/build/icyphy/ptII/ptolemy/actor/lib/hoc/test/auto/ThreadedJS.xml (RunModel)" time="11.251" />
  <system-out><![CDATA[/home/travis/build/icyphy/ptII/ptolemy/actor/lib/hoc/test/IterateOverArray.tcl
testDefs.tcl: setting time out to 9000 seconds at Sun Jun 27 17:21:10 UTC 2021
06/27/21 05:21:10
Failed: 0  Total Tests: 2  ((Passed: 2, Newly Passed: 0)  Known Failed: 0) /home/travis/build/icyphy/ptII/ptolemy/actor/lib/hoc/test
----------------- testing (KnownFailure) /home/travis/build/icyphy/ptII/ptolemy/actor/lib/hoc/test/auto/knownFailedTests/PreinitializeMustBeInvokedRunComposite.xml
99 ms. Memory: 129024K Free: 85959K (67%)
Known Failure: java.lang.reflect.InvocationTargetException
No auto/linux-amd64/*.xml tests in /home/travis/build/icyphy/ptII/ptolemy/actor/lib/hoc/test
AutoTests.java: About to close Vertx.
AutoTests.java: Vertx closed.

===========================================================================================
----------------- testing Sun Jun 27 17:21:11 UTC 2021 /home/travis/build/icyphy/ptII/ptolemy/actor/lib/hoc/test/auto/AllToAllMultiInstanceComposite.xml
----------------- Instantiating /home/travis/build/icyphy/ptII/ptolemy/actor/lib/hoc/test/auto/AllToAllMultiInstanceComposite.xml
265 ms. Memory: 129024K Free: 109189K (85%)
----------------- Invoking toplevel() on ptolemy.moml.MoMLSimpleApplication@5bce5998
----------------- Done invoking toplevel() on ptolemy.moml.MoMLSimpleApplication@5bce5998
reloadAllAccessors: .AllToAllMultiInstanceComposite

===========================================================================================
----------------- testing Sun Jun 27 17:21:12 UTC 2021 /home/travis/build/icyphy/ptII/ptolemy/actor/lib/hoc/test/auto/ApplyFFTTest.xml
----------------- Instantiating /home/travis/build/icyphy/ptII/ptolemy/actor/lib/hoc/test/auto/ApplyFFTTest.xml
159 ms. Memory: 129024K Free: 90690K (70%)
----------------- Invoking toplevel() on ptolemy.moml.MoMLSimpleApplication@b033dc6
----------------- Done invoking toplevel() on ptolemy.moml.MoMLSimpleApplication@b033dc6
reloadAllAccessors: .ApplyFFTTest

===========================================================================================
----------------- testing Sun Jun 27 17:21:12 UTC 2021 /home/travis/build/icyphy/ptII/ptolemy/actor/lib/hoc/test/auto/ApplyFunction.xml
----------------- Instantiating /home/travis/build/icyphy/ptII/ptolemy/actor/lib/hoc/test/auto/ApplyFunction.xml
4 ms. Memory: 129024K Free: 87618K (68%)
----------------- Invoking toplevel() on ptolemy.moml.MoMLSimpleApplication@eab6a7c
----------------- Done invoking toplevel() on ptolemy.moml.MoMLSimpleApplication@eab6a7c
reloadAllAccessors: .ApplyFunction

===========================================================================================
----------------- testing Sun Jun 27 17:21:12 UTC 2021 /home/travis/build/icyphy/ptII/ptolemy/actor/lib/hoc/test/auto/BackgroundExecution.xml
----------------- Instantiating /home/travis/build/icyphy/ptII/ptolemy/actor/lib/hoc/test/auto/BackgroundExecution.xml
621 ms. Memory: 129024K Free: 110650K (86%)
----------------- Invoking toplevel() on ptolemy.moml.MoMLSimpleApplication@51c17b09
----------------- Done invoking toplevel() on ptolemy.moml.MoMLSimpleApplication@51c17b09
reloadAllAccessors: .BackgroundExecution

===========================================================================================
----------------- testing Sun Jun 27 17:21:13 UTC 2021 /home/travis/build/icyphy/ptII/ptolemy/actor/lib/hoc/test/auto/Case.xml
----------------- Instantiating /home/travis/build/icyphy/ptII/ptolemy/actor/lib/hoc/test/auto/Case.xml
34 ms. Memory: 129024K Free: 103195K (80%)
----------------- Invoking toplevel() on ptolemy.moml.MoMLSimpleApplication@89ece1e
----------------- Done invoking toplevel() on ptolemy.moml.MoMLSimpleApplication@89ece1e
reloadAllAccessors: .Case

===========================================================================================
----------------- testing Sun Jun 27 17:21:13 UTC 2021 /home/travis/build/icyphy/ptII/ptolemy/actor/lib/hoc/test/auto/Case1.xml
----------------- Instantiating /home/travis/build/icyphy/ptII/ptolemy/actor/lib/hoc/test/auto/Case1.xml
8 ms. Memory: 129024K Free: 96858K (75%)
----------------- Invoking toplevel() on ptolemy.moml.MoMLSimpleApplication@7fcef8a1
----------------- Done invoking toplevel() on ptolemy.moml.MoMLSimpleApplication@7fcef8a1
reloadAllAccessors: .Case1

===========================================================================================
----------------- testing Sun Jun 27 17:21:13 UTC 2021 /home/travis/build/icyphy/ptII/ptolemy/actor/lib/hoc/test/auto/Case2.xml
----------------- Instantiating /home/travis/build/icyphy/ptII/ptolemy/actor/lib/hoc/test/auto/Case2.xml
41 ms. Memory: 129024K Free: 86527K (67%)
----------------- Invoking toplevel() on ptolemy.moml.MoMLSimpleApplication@3fa3f850
----------------- Done invoking toplevel() on ptolemy.moml.MoMLSimpleApplication@3fa3f850
reloadAllAccessors: .Case2

===========================================================================================
----------------- testing Sun Jun 27 17:21:13 UTC 2021 /home/travis/build/icyphy/ptII/ptolemy/actor/lib/hoc/test/auto/Case3.xml
----------------- Instantiating /home/travis/build/icyphy/ptII/ptolemy/actor/lib/hoc/test/auto/Case3.xml
6 ms. Memory: 129024K Free: 80502K (62%)
----------------- Invoking toplevel() on ptolemy.moml.MoMLSimpleApplication@1352b643
----------------- Done invoking toplevel() on ptolemy.moml.MoMLSimpleApplication@1352b643
reloadAllAccessors: .Case3

===========================================================================================
----------------- testing Sun Jun 27 17:21:13 UTC 2021 /home/travis/build/icyphy/ptII/ptolemy/actor/lib/hoc/test/auto/Case4.xml
----------------- Instantiating /home/travis/build/icyphy/ptII/ptolemy/actor/lib/hoc/test/auto/Case4.xml
11 ms. Memory: 129024K Free: 72993K (57%)
----------------- Invoking toplevel() on ptolemy.moml.MoMLSimpleApplication@ba426f2
----------------- Done invoking toplevel() on ptolemy.moml.MoMLSimpleApplication@ba426f2
reloadAllAccessors: .Case4

===========================================================================================
----------------- testing Sun Jun 27 17:21:13 UTC 2021 /home/travis/build/icyphy/ptII/ptolemy/actor/lib/hoc/test/auto/Case5.xml
----------------- Instantiating /home/travis/build/icyphy/ptII/ptolemy/actor/lib/hoc/test/auto/Case5.xml
44 ms. Memory: 129024K Free: 110235K (85%)
----------------- Invoking toplevel() on ptolemy.moml.MoMLSimpleApplication@2c958f09
----------------- Done invoking toplevel() on ptolemy.moml.MoMLSimpleApplication@2c958f09
reloadAllAccessors: .junk

===========================================================================================
----------------- testing Sun Jun 27 17:21:13 UTC 2021 /home/travis/build/icyphy/ptII/ptolemy/actor/lib/hoc/test/auto/Case6.xml
----------------- Instantiating /home/travis/build/icyphy/ptII/ptolemy/actor/lib/hoc/test/auto/Case6.xml
41 ms. Memory: 129024K Free: 98346K (76%)
----------------- Invoking toplevel() on ptolemy.moml.MoMLSimpleApplication@644cc244
----------------- Done invoking toplevel() on ptolemy.moml.MoMLSimpleApplication@644cc244
reloadAllAccessors: .Case6

===========================================================================================
----------------- testing Sun Jun 27 17:21:13 UTC 2021 /home/travis/build/icyphy/ptII/ptolemy/actor/lib/hoc/test/auto/CaseString2.xml
----------------- Instantiating /home/travis/build/icyphy/ptII/ptolemy/actor/lib/hoc/test/auto/CaseString2.xml
9 ms. Memory: 129024K Free: 90777K (70%)
----------------- Invoking toplevel() on ptolemy.moml.MoMLSimpleApplication@70ffede7
----------------- Done invoking toplevel() on ptolemy.moml.MoMLSimpleApplication@70ffede7
reloadAllAccessors: .CaseString2

===========================================================================================
----------------- testing Sun Jun 27 17:21:13 UTC 2021 /home/travis/build/icyphy/ptII/ptolemy/actor/lib/hoc/test/auto/CatchUpComposite1.xml
----------------- Instantiating /home/travis/build/icyphy/ptII/ptolemy/actor/lib/hoc/test/auto/CatchUpComposite1.xml
32 ms. Memory: 129024K Free: 81962K (64%)
----------------- Invoking toplevel() on ptolemy.moml.MoMLSimpleApplication@4d6c5e28
----------------- Done invoking toplevel() on ptolemy.moml.MoMLSimpleApplication@4d6c5e28
reloadAllAccessors: .CatchUpComposite1

===========================================================================================
----------------- testing Sun Jun 27 17:21:13 UTC 2021 /home/travis/build/icyphy/ptII/ptolemy/actor/lib/hoc/test/auto/CatchUpComposite2.xml
----------------- Instantiating /home/travis/build/icyphy/ptII/ptolemy/actor/lib/hoc/test/auto/CatchUpComposite2.xml
9 ms. Memory: 129024K Free: 73748K (57%)
----------------- Invoking toplevel() on ptolemy.moml.MoMLSimpleApplication@5f527228
----------------- Done invoking toplevel() on ptolemy.moml.MoMLSimpleApplication@5f527228
reloadAllAccessors: .CatchUpComposite2

===========================================================================================
----------------- testing Sun Jun 27 17:21:13 UTC 2021 /home/travis/build/icyphy/ptII/ptolemy/actor/lib/hoc/test/auto/CatchUpComposite3.xml
----------------- Instantiating /home/travis/build/icyphy/ptII/ptolemy/actor/lib/hoc/test/auto/CatchUpComposite3.xml
13 ms. Memory: 129024K Free: 64925K (50%)
----------------- Invoking toplevel() on ptolemy.moml.MoMLSimpleApplication@1d4b6dde
----------------- Done invoking toplevel() on ptolemy.moml.MoMLSimpleApplication@1d4b6dde
reloadAllAccessors: .CatchUpComposite3

===========================================================================================
----------------- testing Sun Jun 27 17:21:13 UTC 2021 /home/travis/build/icyphy/ptII/ptolemy/actor/lib/hoc/test/auto/CatchUpComposite4.xml
----------------- Instantiating /home/travis/build/icyphy/ptII/ptolemy/actor/lib/hoc/test/auto/CatchUpComposite4.xml
20 ms. Memory: 129024K Free: 112510K (87%)
----------------- Invoking toplevel() on ptolemy.moml.MoMLSimpleApplication@4c37b732
----------------- Done invoking toplevel() on ptolemy.moml.MoMLSimpleApplication@4c37b732
reloadAllAccessors: .CatchUpComposite4

===========================================================================================
----------------- testing Sun Jun 27 17:21:13 UTC 2021 /home/travis/build/icyphy/ptII/ptolemy/actor/lib/hoc/test/auto/CatchUpComposite5.xml
----------------- Instantiating /home/travis/build/icyphy/ptII/ptolemy/actor/lib/hoc/test/auto/CatchUpComposite5.xml
7 ms. Memory: 129024K Free: 104729K (81%)
----------------- Invoking toplevel() on ptolemy.moml.MoMLSimpleApplication@50d1af26
----------------- Done invoking toplevel() on ptolemy.moml.MoMLSimpleApplication@50d1af26
reloadAllAccessors: .CatchUpComposite5

===========================================================================================
----------------- testing Sun Jun 27 17:21:14 UTC 2021 /home/travis/build/icyphy/ptII/ptolemy/actor/lib/hoc/test/auto/CatchUpComposite6.xml
----------------- Instantiating /home/travis/build/icyphy/ptII/ptolemy/actor/lib/hoc/test/auto/CatchUpComposite6.xml
WARNING: The execution aspects in this model can influence the timing of actors by delaying the 
execution, potentially changing the behavior. There is no guarantee that actors fire at the 
time they request to be fired. 
Use Ptides for deterministic DE behavior that is not influenced by execution aspects. 

60 ms. Memory: 129024K Free: 89982K (70%)
----------------- Invoking toplevel() on ptolemy.moml.MoMLSimpleApplication@48354be1
----------------- Done invoking toplevel() on ptolemy.moml.MoMLSimpleApplication@48354be1
reloadAllAccessors: .CatchUpComposite6

===========================================================================================
----------------- testing Sun Jun 27 17:21:14 UTC 2021 /home/travis/build/icyphy/ptII/ptolemy/actor/lib/hoc/test/auto/CatchUpComposite7.xml
----------------- Instantiating /home/travis/build/icyphy/ptII/ptolemy/actor/lib/hoc/test/auto/CatchUpComposite7.xml
WARNING: The execution aspects in this model can influence the timing of actors by delaying the 
execution, potentially changing the behavior. There is no guarantee that actors fire at the 
time they request to be fired. 
Use Ptides for deterministic DE behavior that is not influenced by execution aspects. 

24 ms. Memory: 129024K Free: 76260K (59%)
----------------- Invoking toplevel() on ptolemy.moml.MoMLSimpleApplication@2b96c3f
----------------- Done invoking toplevel() on ptolemy.moml.MoMLSimpleApplication@2b96c3f
reloadAllAccessors: .CatchUpComposite7

===========================================================================================
----------------- testing Sun Jun 27 17:21:14 UTC 2021 /home/travis/build/icyphy/ptII/ptolemy/actor/lib/hoc/test/auto/ConcurrentExecutionTimeSDF.xml
----------------- Instantiating /home/travis/build/icyphy/ptII/ptolemy/actor/lib/hoc/test/auto/ConcurrentExecutionTimeSDF.xml
Fired ExecutionTime: 40400000
Fired ExecutionTime: 40400000
Fired ExecutionTime: 40400000
Fired ExecutionTime: 40400000
Fired ExecutionTime: 40400000
Fired ExecutionTime: 40400000
Fired ExecutionTime: 40400000
Fired ExecutionTime: 40400000
Fired ExecutionTime: 40400000
Fired ExecutionTime: 40400000
Fired ExecutionTime: 40400000
Fired ExecutionTime: 40400000
Fired ExecutionTime: 40400000
Fired ExecutionTime: 40400000
Fired ExecutionTime: 40400000
Fired ExecutionTime: 40400000
Fired ExecutionTime: 40400000
Fired ExecutionTime: 40400000
Fired ExecutionTime: 40400000
Fired ExecutionTime: 40400000
1856 ms. Memory: 129024K Free: 69502K (54%)
----------------- Invoking toplevel() on ptolemy.moml.MoMLSimpleApplication@51ea9c22
----------------- Done invoking toplevel() on ptolemy.moml.MoMLSimpleApplication@51ea9c22
reloadAllAccessors: .ConcurrentExecutionTimeSDF

===========================================================================================
----------------- testing Sun Jun 27 17:21:16 UTC 2021 /home/travis/build/icyphy/ptII/ptolemy/actor/lib/hoc/test/auto/ConcurrentSleep.xml
----------------- Instantiating /home/travis/build/icyphy/ptII/ptolemy/actor/lib/hoc/test/auto/ConcurrentSleep.xml
724 ms. Memory: 129024K Free: 58852K (46%)
----------------- Invoking toplevel() on ptolemy.moml.MoMLSimpleApplication@1d363512
----------------- Done invoking toplevel() on ptolemy.moml.MoMLSimpleApplication@1d363512
reloadAllAccessors: .ConcurrentSleep

===========================================================================================
----------------- testing Sun Jun 27 17:21:16 UTC 2021 /home/travis/build/icyphy/ptII/ptolemy/actor/lib/hoc/test/auto/DEInPNInRunCompositeActor.xml
----------------- Instantiating /home/travis/build/icyphy/ptII/ptolemy/actor/lib/hoc/test/auto/DEInPNInRunCompositeActor.xml
9 ms. Memory: 129024K Free: 53529K (41%)
----------------- Invoking toplevel() on ptolemy.moml.MoMLSimpleApplication@ebc6378
----------------- Done invoking toplevel() on ptolemy.moml.MoMLSimpleApplication@ebc6378
reloadAllAccessors: .DEInPNInRunCompositeActor

===========================================================================================
----------------- testing Sun Jun 27 17:21:16 UTC 2021 /home/travis/build/icyphy/ptII/ptolemy/actor/lib/hoc/test/auto/DFTSubSetTest.xml
----------------- Instantiating /home/travis/build/icyphy/ptII/ptolemy/actor/lib/hoc/test/auto/DFTSubSetTest.xml
167 ms. Memory: 129024K Free: 71905K (56%)
----------------- Invoking toplevel() on ptolemy.moml.MoMLSimpleApplication@271dc024
----------------- Done invoking toplevel() on ptolemy.moml.MoMLSimpleApplication@271dc024
reloadAllAccessors: .DFTSubSetTest

===========================================================================================
----------------- testing Sun Jun 27 17:21:17 UTC 2021 /home/travis/build/icyphy/ptII/ptolemy/actor/lib/hoc/test/auto/HocDE.xml
----------------- Instantiating /home/travis/build/icyphy/ptII/ptolemy/actor/lib/hoc/test/auto/HocDE.xml
131 ms. Memory: 129024K Free: 112461K (87%)
----------------- Invoking toplevel() on ptolemy.moml.MoMLSimpleApplication@40e15eab
----------------- Done invoking toplevel() on ptolemy.moml.MoMLSimpleApplication@40e15eab
reloadAllAccessors: .HocDE

===========================================================================================
----------------- testing Sun Jun 27 17:21:17 UTC 2021 /home/travis/build/icyphy/ptII/ptolemy/actor/lib/hoc/test/auto/IterateOverArray.xml
----------------- Instantiating /home/travis/build/icyphy/ptII/ptolemy/actor/lib/hoc/test/auto/IterateOverArray.xml
5 ms. Memory: 129024K Free: 107745K (84%)
----------------- Invoking toplevel() on ptolemy.moml.MoMLSimpleApplication@37036aff
----------------- Done invoking toplevel() on ptolemy.moml.MoMLSimpleApplication@37036aff
reloadAllAccessors: .IterateOverArray

===========================================================================================
----------------- testing Sun Jun 27 17:21:17 UTC 2021 /home/travis/build/icyphy/ptII/ptolemy/actor/lib/hoc/test/auto/IterateOverArray10.xml
----------------- Instantiating /home/travis/build/icyphy/ptII/ptolemy/actor/lib/hoc/test/auto/IterateOverArray10.xml
3 ms. Memory: 129024K Free: 104188K (81%)
----------------- Invoking toplevel() on ptolemy.moml.MoMLSimpleApplication@3487c334
----------------- Done invoking toplevel() on ptolemy.moml.MoMLSimpleApplication@3487c334
reloadAllAccessors: .IterateOverArray10

===========================================================================================
----------------- testing Sun Jun 27 17:21:17 UTC 2021 /home/travis/build/icyphy/ptII/ptolemy/actor/lib/hoc/test/auto/IterateOverArray11.xml
----------------- Instantiating /home/travis/build/icyphy/ptII/ptolemy/actor/lib/hoc/test/auto/IterateOverArray11.xml
5 ms. Memory: 129024K Free: 100084K (78%)
----------------- Invoking toplevel() on ptolemy.moml.MoMLSimpleApplication@68f39df4
----------------- Done invoking toplevel() on ptolemy.moml.MoMLSimpleApplication@68f39df4
reloadAllAccessors: .IterateOverArray11

===========================================================================================
----------------- testing Sun Jun 27 17:21:17 UTC 2021 /home/travis/build/icyphy/ptII/ptolemy/actor/lib/hoc/test/auto/IterateOverArray12.xml
----------------- Instantiating /home/travis/build/icyphy/ptII/ptolemy/actor/lib/hoc/test/auto/IterateOverArray12.xml
15 ms. Memory: 129024K Free: 93948K (73%)
----------------- Invoking toplevel() on ptolemy.moml.MoMLSimpleApplication@2ec3c34
----------------- Done invoking toplevel() on ptolemy.moml.MoMLSimpleApplication@2ec3c34
reloadAllAccessors: .IterateOverArray12

===========================================================================================
----------------- testing Sun Jun 27 17:21:17 UTC 2021 /home/travis/build/icyphy/ptII/ptolemy/actor/lib/hoc/test/auto/IterateOverArray13.xml
----------------- Instantiating /home/travis/build/icyphy/ptII/ptolemy/actor/lib/hoc/test/auto/IterateOverArray13.xml
62 ms. Memory: 129024K Free: 64737K (50%)
----------------- Invoking toplevel() on ptolemy.moml.MoMLSimpleApplication@246d0b60
----------------- Done invoking toplevel() on ptolemy.moml.MoMLSimpleApplication@246d0b60
reloadAllAccessors: .IterateOverArray13

===========================================================================================
----------------- testing Sun Jun 27 17:21:17 UTC 2021 /home/travis/build/icyphy/ptII/ptolemy/actor/lib/hoc/test/auto/IterateOverArray14.xml
----------------- Instantiating /home/travis/build/icyphy/ptII/ptolemy/actor/lib/hoc/test/auto/IterateOverArray14.xml
54 ms. Memory: 129024K Free: 101713K (79%)
----------------- Invoking toplevel() on ptolemy.moml.MoMLSimpleApplication@6a0fdf36
----------------- Done invoking toplevel() on ptolemy.moml.MoMLSimpleApplication@6a0fdf36
reloadAllAccessors: .IterateOverArray14

===========================================================================================
----------------- testing Sun Jun 27 17:21:17 UTC 2021 /home/travis/build/icyphy/ptII/ptolemy/actor/lib/hoc/test/auto/IterateOverArray2.xml
----------------- Instantiating /home/travis/build/icyphy/ptII/ptolemy/actor/lib/hoc/test/auto/IterateOverArray2.xml
9 ms. Memory: 129024K Free: 97102K (75%)
----------------- Invoking toplevel() on ptolemy.moml.MoMLSimpleApplication@5b5d0b6c
----------------- Done invoking toplevel() on ptolemy.moml.MoMLSimpleApplication@5b5d0b6c
reloadAllAccessors: .IterateOverArray2

===========================================================================================
----------------- testing Sun Jun 27 17:21:17 UTC 2021 /home/travis/build/icyphy/ptII/ptolemy/actor/lib/hoc/test/auto/IterateOverArray3.xml
----------------- Instantiating /home/travis/build/icyphy/ptII/ptolemy/actor/lib/hoc/test/auto/IterateOverArray3.xml
17 ms. Memory: 129024K Free: 91451K (71%)
----------------- Invoking toplevel() on ptolemy.moml.MoMLSimpleApplication@45a6cf2a
----------------- Done invoking toplevel() on ptolemy.moml.MoMLSimpleApplication@45a6cf2a
reloadAllAccessors: .IterateOverArray3

===========================================================================================
----------------- testing Sun Jun 27 17:21:17 UTC 2021 /home/travis/build/icyphy/ptII/ptolemy/actor/lib/hoc/test/auto/IterateOverArray4.xml
----------------- Instantiating /home/travis/build/icyphy/ptII/ptolemy/actor/lib/hoc/test/auto/IterateOverArray4.xml
7 ms. Memory: 129024K Free: 87377K (68%)
----------------- Invoking toplevel() on ptolemy.moml.MoMLSimpleApplication@2c958286
----------------- Done invoking toplevel() on ptolemy.moml.MoMLSimpleApplication@2c958286
reloadAllAccessors: .IterateOverArray4

===========================================================================================
----------------- testing Sun Jun 27 17:21:17 UTC 2021 /home/travis/build/icyphy/ptII/ptolemy/actor/lib/hoc/test/auto/IterateOverArray5.xml
----------------- Instantiating /home/travis/build/icyphy/ptII/ptolemy/actor/lib/hoc/test/auto/IterateOverArray5.xml
4 ms. Memory: 129024K Free: 83280K (65%)
----------------- Invoking toplevel() on ptolemy.moml.MoMLSimpleApplication@4f9469a8
----------------- Done invoking toplevel() on ptolemy.moml.MoMLSimpleApplication@4f9469a8
reloadAllAccessors: .IterateOverArray5

===========================================================================================
----------------- testing Sun Jun 27 17:21:17 UTC 2021 /home/travis/build/icyphy/ptII/ptolemy/actor/lib/hoc/test/auto/IterateOverArray6.xml
----------------- Instantiating /home/travis/build/icyphy/ptII/ptolemy/actor/lib/hoc/test/auto/IterateOverArray6.xml
2 ms. Memory: 129024K Free: 79710K (62%)
----------------- Invoking toplevel() on ptolemy.moml.MoMLSimpleApplication@4ae0aaa0
----------------- Done invoking toplevel() on ptolemy.moml.MoMLSimpleApplication@4ae0aaa0
reloadAllAccessors: .IterateOverArray6

===========================================================================================
----------------- testing Sun Jun 27 17:21:17 UTC 2021 /home/travis/build/icyphy/ptII/ptolemy/actor/lib/hoc/test/auto/IterateOverArray7.xml
----------------- Instantiating /home/travis/build/icyphy/ptII/ptolemy/actor/lib/hoc/test/auto/IterateOverArray7.xml
4 ms. Memory: 129024K Free: 75089K (58%)
----------------- Invoking toplevel() on ptolemy.moml.MoMLSimpleApplication@7dae0a19
----------------- Done invoking toplevel() on ptolemy.moml.MoMLSimpleApplication@7dae0a19
reloadAllAccessors: .IterateOverArray7

===========================================================================================
----------------- testing Sun Jun 27 17:21:17 UTC 2021 /home/travis/build/icyphy/ptII/ptolemy/actor/lib/hoc/test/auto/IterateOverArray8.xml
----------------- Instantiating /home/travis/build/icyphy/ptII/ptolemy/actor/lib/hoc/test/auto/IterateOverArray8.xml
3 ms. Memory: 129024K Free: 70993K (55%)
----------------- Invoking toplevel() on ptolemy.moml.MoMLSimpleApplication@66aa2b11
----------------- Done invoking toplevel() on ptolemy.moml.MoMLSimpleApplication@66aa2b11
reloadAllAccessors: .IterateOverArray8

===========================================================================================
----------------- testing Sun Jun 27 17:21:17 UTC 2021 /home/travis/build/icyphy/ptII/ptolemy/actor/lib/hoc/test/auto/IterateOverArray9.xml
----------------- Instantiating /home/travis/build/icyphy/ptII/ptolemy/actor/lib/hoc/test/auto/IterateOverArray9.xml
2 ms. Memory: 129024K Free: 66897K (52%)
----------------- Invoking toplevel() on ptolemy.moml.MoMLSimpleApplication@13e8d36d
----------------- Done invoking toplevel() on ptolemy.moml.MoMLSimpleApplication@13e8d36d
reloadAllAccessors: .IterateOverArray9

===========================================================================================
----------------- testing Sun Jun 27 17:21:17 UTC 2021 /home/travis/build/icyphy/ptII/ptolemy/actor/lib/hoc/test/auto/IterateOverArrayCoercedOutputType.xml
----------------- Instantiating /home/travis/build/icyphy/ptII/ptolemy/actor/lib/hoc/test/auto/IterateOverArrayCoercedOutputType.xml
7 ms. Memory: 129024K Free: 61777K (48%)
----------------- Invoking toplevel() on ptolemy.moml.MoMLSimpleApplication@6dc1c224
----------------- Done invoking toplevel() on ptolemy.moml.MoMLSimpleApplication@6dc1c224
reloadAllAccessors: .IterateOverArrayCoercedOutputType

===========================================================================================
----------------- testing Sun Jun 27 17:21:17 UTC 2021 /home/travis/build/icyphy/ptII/ptolemy/actor/lib/hoc/test/auto/IterateOverArrayInferredOutputType.xml
----------------- Instantiating /home/travis/build/icyphy/ptII/ptolemy/actor/lib/hoc/test/auto/IterateOverArrayInferredOutputType.xml
6 ms. Memory: 129024K Free: 57178K (44%)
----------------- Invoking toplevel() on ptolemy.moml.MoMLSimpleApplication@39b1a97c
----------------- Done invoking toplevel() on ptolemy.moml.MoMLSimpleApplication@39b1a97c
reloadAllAccessors: .IterateOverArrayInferredOutputType

===========================================================================================
----------------- testing Sun Jun 27 17:21:17 UTC 2021 /home/travis/build/icyphy/ptII/ptolemy/actor/lib/hoc/test/auto/MobileFunctionTest.xml
----------------- Instantiating /home/travis/build/icyphy/ptII/ptolemy/actor/lib/hoc/test/auto/MobileFunctionTest.xml
3 ms. Memory: 129024K Free: 53070K (41%)
----------------- Invoking toplevel() on ptolemy.moml.MoMLSimpleApplication@9ad5458
----------------- Done invoking toplevel() on ptolemy.moml.MoMLSimpleApplication@9ad5458
reloadAllAccessors: .MobileFunctionTest

===========================================================================================
----------------- testing Sun Jun 27 17:21:17 UTC 2021 /home/travis/build/icyphy/ptII/ptolemy/actor/lib/hoc/test/auto/MobileModelTest.xml
----------------- Instantiating /home/travis/build/icyphy/ptII/ptolemy/actor/lib/hoc/test/auto/MobileModelTest.xml
140 ms. Memory: 155648K Free: 132395K (85%)
----------------- Invoking toplevel() on ptolemy.moml.MoMLSimpleApplication@58f36cc4
----------------- Done invoking toplevel() on ptolemy.moml.MoMLSimpleApplication@58f36cc4
reloadAllAccessors: .MobileModelTest

===========================================================================================
----------------- testing Sun Jun 27 17:21:18 UTC 2021 /home/travis/build/icyphy/ptII/ptolemy/actor/lib/hoc/test/auto/ModelReference.xml
----------------- Instantiating /home/travis/build/icyphy/ptII/ptolemy/actor/lib/hoc/test/auto/ModelReference.xml
2 ms. Memory: 155648K Free: 125767K (81%)
2 ms. Memory: 155648K Free: 125194K (80%)
2 ms. Memory: 155648K Free: 124162K (80%)
3 ms. Memory: 155648K Free: 123146K (79%)
1 ms. Memory: 155648K Free: 122671K (79%)
2 ms. Memory: 155648K Free: 121677K (78%)
2 ms. Memory: 155648K Free: 121098K (78%)
3 ms. Memory: 155648K Free: 120066K (77%)
1 ms. Memory: 155648K Free: 119050K (76%)
1 ms. Memory: 155648K Free: 118575K (76%)
30 ms. Memory: 155648K Free: 118575K (76%)
----------------- Invoking toplevel() on ptolemy.moml.MoMLSimpleApplication@603f79b2
----------------- Done invoking toplevel() on ptolemy.moml.MoMLSimpleApplication@603f79b2
reloadAllAccessors: .ModelReference

===========================================================================================
----------------- testing Sun Jun 27 17:21:18 UTC 2021 /home/travis/build/icyphy/ptII/ptolemy/actor/lib/hoc/test/auto/ModelReference3.xml
----------------- Instantiating /home/travis/build/icyphy/ptII/ptolemy/actor/lib/hoc/test/auto/ModelReference3.xml
2 ms. Memory: 155648K Free: 113946K (73%)
2 ms. Memory: 155648K Free: 113495K (73%)
1 ms. Memory: 155648K Free: 112447K (72%)
1 ms. Memory: 155648K Free: 111890K (72%)
1 ms. Memory: 155648K Free: 110888K (71%)
2 ms. Memory: 155648K Free: 109864K (71%)
1 ms. Memory: 155648K Free: 109397K (70%)
1 ms. Memory: 155648K Free: 108351K (70%)
2 ms. Memory: 155648K Free: 107794K (69%)
1 ms. Memory: 155648K Free: 106792K (69%)
22 ms. Memory: 155648K Free: 106792K (69%)
----------------- Invoking toplevel() on ptolemy.moml.MoMLSimpleApplication@16f0cec7
----------------- Done invoking toplevel() on ptolemy.moml.MoMLSimpleApplication@16f0cec7
reloadAllAccessors: .ModelReference3

===========================================================================================
----------------- testing Sun Jun 27 17:21:18 UTC 2021 /home/travis/build/icyphy/ptII/ptolemy/actor/lib/hoc/test/auto/ModelReference4.xml
----------------- Instantiating /home/travis/build/icyphy/ptII/ptolemy/actor/lib/hoc/test/auto/ModelReference4.xml
2 ms. Memory: 155648K Free: 102143K (66%)
2 ms. Memory: 155648K Free: 100618K (65%)
2 ms. Memory: 155648K Free: 99602K (64%)
2 ms. Memory: 155648K Free: 98087K (63%)
2 ms. Memory: 155648K Free: 96530K (62%)
2 ms. Memory: 155648K Free: 95498K (61%)
2 ms. Memory: 155648K Free: 94005K (60%)
2 ms. Memory: 155648K Free: 92959K (60%)
2 ms. Memory: 155648K Free: 92005K (59%)
2 ms. Memory: 155648K Free: 90378K (58%)
10017 ms. Memory: 155648K Free: 90378K (58%)
----------------- Invoking toplevel() on ptolemy.moml.MoMLSimpleApplication@1a9b3e84
----------------- Done invoking toplevel() on ptolemy.moml.MoMLSimpleApplication@1a9b3e84
reloadAllAccessors: .ModelReference4

===========================================================================================
----------------- testing Sun Jun 27 17:21:28 UTC 2021 /home/travis/build/icyphy/ptII/ptolemy/actor/lib/hoc/test/auto/MultiInstanceComposite.xml
----------------- Instantiating /home/travis/build/icyphy/ptII/ptolemy/actor/lib/hoc/test/auto/MultiInstanceComposite.xml
32 ms. Memory: 155648K Free: 71525K (46%)
----------------- Invoking toplevel() on ptolemy.moml.MoMLSimpleApplication@48f53ff0
----------------- Done invoking toplevel() on ptolemy.moml.MoMLSimpleApplication@48f53ff0
reloadAllAccessors: .MultiInstanceComposite

===========================================================================================
----------------- testing Sun Jun 27 17:21:28 UTC 2021 /home/travis/build/icyphy/ptII/ptolemy/actor/lib/hoc/test/auto/MultiInstanceComposite2.xml
----------------- Instantiating /home/travis/build/icyphy/ptII/ptolemy/actor/lib/hoc/test/auto/MultiInstanceComposite2.xml
18 ms. Memory: 155648K Free: 60231K (39%)
----------------- Invoking toplevel() on ptolemy.moml.MoMLSimpleApplication@773d1330
----------------- Done invoking toplevel() on ptolemy.moml.MoMLSimpleApplication@773d1330
reloadAllAccessors: .MultiInstanceComposite2

===========================================================================================
----------------- testing Sun Jun 27 17:21:28 UTC 2021 /home/travis/build/icyphy/ptII/ptolemy/actor/lib/hoc/test/auto/MulticoreExecution.xml
----------------- Instantiating /home/travis/build/icyphy/ptII/ptolemy/actor/lib/hoc/test/auto/MulticoreExecution.xml
Fired ExecutionTime: 3600000
Fired ExecutionTime: 2400000
Fired ExecutionTime: 29200000
Fired ExecutionTime: 60800000
Fired ExecutionTime: 47200000
Fired ExecutionTime: 52800000
Fired ExecutionTime: 58800000
Fired ExecutionTime: 71600000
Fired ExecutionTime: 80000000
Fired ExecutionTime: 70800000
Fired ExecutionTime: 120000000
Fired ExecutionTime: 57600000
Fired ExecutionTime: 72800000
Fired ExecutionTime: 67600000
Fired ExecutionTime: 58400000
Fired ExecutionTime: 117600000
Fired ExecutionTime: 58800000
Fired ExecutionTime: 110400000
Fired ExecutionTime: 65600000
Fired ExecutionTime: 60800000
1066 ms. Memory: 155648K Free: 51023K (33%)
----------------- Invoking toplevel() on ptolemy.moml.MoMLSimpleApplication@31eeec94
----------------- Done invoking toplevel() on ptolemy.moml.MoMLSimpleApplication@31eeec94
reloadAllAccessors: .MulticoreExecution

===========================================================================================
----------------- testing Sun Jun 27 17:21:29 UTC 2021 /home/travis/build/icyphy/ptII/ptolemy/actor/lib/hoc/test/auto/ParallelExecution.xml
----------------- Instantiating /home/travis/build/icyphy/ptII/ptolemy/actor/lib/hoc/test/auto/ParallelExecution.xml
917 ms. Memory: 155648K Free: 133242K (86%)
----------------- Invoking toplevel() on ptolemy.moml.MoMLSimpleApplication@394c7f30
----------------- Done invoking toplevel() on ptolemy.moml.MoMLSimpleApplication@394c7f30
reloadAllAccessors: .ParallelExecution

===========================================================================================
----------------- testing Sun Jun 27 17:21:30 UTC 2021 /home/travis/build/icyphy/ptII/ptolemy/actor/lib/hoc/test/auto/RunCompositeActor.xml
----------------- Instantiating /home/travis/build/icyphy/ptII/ptolemy/actor/lib/hoc/test/auto/RunCompositeActor.xml
7 ms. Memory: 155648K Free: 126074K (81%)
----------------- Invoking toplevel() on ptolemy.moml.MoMLSimpleApplication@1186b195
----------------- Done invoking toplevel() on ptolemy.moml.MoMLSimpleApplication@1186b195
reloadAllAccessors: .RunCompositeActor

===========================================================================================
----------------- testing Sun Jun 27 17:21:30 UTC 2021 /home/travis/build/icyphy/ptII/ptolemy/actor/lib/hoc/test/auto/RunCompositeActor2.xml
----------------- Instantiating /home/travis/build/icyphy/ptII/ptolemy/actor/lib/hoc/test/auto/RunCompositeActor2.xml
7 ms. Memory: 155648K Free: 119930K (77%)
----------------- Invoking toplevel() on ptolemy.moml.MoMLSimpleApplication@3dcd836
----------------- Done invoking toplevel() on ptolemy.moml.MoMLSimpleApplication@3dcd836
reloadAllAccessors: .RunCompositeActor2

===========================================================================================
----------------- testing Sun Jun 27 17:21:30 UTC 2021 /home/travis/build/icyphy/ptII/ptolemy/actor/lib/hoc/test/auto/RunCompositeActor3.xml
----------------- Instantiating /home/travis/build/icyphy/ptII/ptolemy/actor/lib/hoc/test/auto/RunCompositeActor3.xml
3 ms. Memory: 155648K Free: 114337K (73%)
----------------- Invoking toplevel() on ptolemy.moml.MoMLSimpleApplication@403184ac
----------------- Done invoking toplevel() on ptolemy.moml.MoMLSimpleApplication@403184ac
reloadAllAccessors: .RunCompositeActor3

===========================================================================================
----------------- testing Sun Jun 27 17:21:30 UTC 2021 /home/travis/build/icyphy/ptII/ptolemy/actor/lib/hoc/test/auto/RunCompositeActor4.xml
----------------- Instantiating /home/travis/build/icyphy/ptII/ptolemy/actor/lib/hoc/test/auto/RunCompositeActor4.xml
10 ms. Memory: 155648K Free: 106129K (68%)
----------------- Invoking toplevel() on ptolemy.moml.MoMLSimpleApplication@40b9ad3c
----------------- Done invoking toplevel() on ptolemy.moml.MoMLSimpleApplication@40b9ad3c
reloadAllAccessors: .RunCompositeActor4

===========================================================================================
----------------- testing Sun Jun 27 17:21:30 UTC 2021 /home/travis/build/icyphy/ptII/ptolemy/actor/lib/hoc/test/auto/RunCompositeIterateOverArray.xml
----------------- Instantiating /home/travis/build/icyphy/ptII/ptolemy/actor/lib/hoc/test/auto/RunCompositeIterateOverArray.xml
3 ms. Memory: 155648K Free: 100444K (65%)
----------------- Invoking toplevel() on ptolemy.moml.MoMLSimpleApplication@5b07622c
----------------- Done invoking toplevel() on ptolemy.moml.MoMLSimpleApplication@5b07622c
reloadAllAccessors: .RunCompositeIterateOverArray

===========================================================================================
----------------- testing Sun Jun 27 17:21:30 UTC 2021 /home/travis/build/icyphy/ptII/ptolemy/actor/lib/hoc/test/auto/ThreadedJS.xml
----------------- Instantiating /home/travis/build/icyphy/ptII/ptolemy/actor/lib/hoc/test/auto/ThreadedJS.xml
5192 ms. Memory: 225280K Free: 80324K (36%)
----------------- Invoking toplevel() on ptolemy.moml.MoMLSimpleApplication@646b8e1c
----------------- Done invoking toplevel() on ptolemy.moml.MoMLSimpleApplication@646b8e1c
reloadAllAccessors: .ThreadedJS
AutoTests.java: About to close Vertx.
AutoTests.java: Vertx closed.
]]></system-out>
  <system-err><![CDATA[java.lang.RuntimeException: Execution failed
	at ptolemy.moml.MoMLSimpleApplication$UnloadThread.run(MoMLSimpleApplication.java:402)
Caused by: ptolemy.kernel.util.IllegalActionException: initialize() was called after wrapup() was called but preinitialize() was not called after wrapup().
	at ptolemy.actor.lib.hoc.test.PreinitializeMustBeInvoked.initialize(PreinitializeMustBeInvoked.java:78)
	at ptolemy.actor.Director.initialize(Director.java:938)
	at ptolemy.actor.Director.initialize(Director.java:907)
	at ptolemy.actor.sched.StaticSchedulingDirector.initialize(StaticSchedulingDirector.java:159)
	at ptolemy.domains.sdf.kernel.SDFDirector.initialize(SDFDirector.java:544)
	at ptolemy.actor.CompositeActor.initialize(CompositeActor.java:935)
	at ptolemy.actor.lib.hoc.LifeCycleManager._executeInsideModel(LifeCycleManager.java:339)
	at ptolemy.actor.lib.hoc.RunCompositeActor.fire(RunCompositeActor.java:205)
	at ptolemy.actor.CompositeActor.iterate(CompositeActor.java:1146)
	at ptolemy.actor.sched.StaticSchedulingDirector.fire(StaticSchedulingDirector.java:216)
	at ptolemy.domains.sdf.kernel.SDFDirector.fire(SDFDirector.java:500)
	at ptolemy.actor.CompositeActor.fire(CompositeActor.java:455)
	at ptolemy.actor.Manager.iterate(Manager.java:851)
	at ptolemy.actor.Manager.execute(Manager.java:369)
	at ptolemy.actor.Manager.run(Manager.java:1263)
	at ptolemy.actor.Manager$PtolemyRunThread.run(Manager.java:1933)
java.lang.reflect.InvocationTargetException
	at java.base/jdk.internal.reflect.NativeConstructorAccessorImpl.newInstance0(Native Method)
	at java.base/jdk.internal.reflect.NativeConstructorAccessorImpl.newInstance(NativeConstructorAccessorImpl.java:62)
	at java.base/jdk.internal.reflect.DelegatingConstructorAccessorImpl.newInstance(DelegatingConstructorAccessorImpl.java:45)
	at java.base/java.lang.reflect.Constructor.newInstance(Constructor.java:490)
	at ptolemy.util.test.junit.AutoKnownFailedTests.RunModel(AutoKnownFailedTests.java:105)
	at java.base/jdk.internal.reflect.NativeMethodAccessorImpl.invoke0(Native Method)
	at java.base/jdk.internal.reflect.NativeMethodAccessorImpl.invoke(NativeMethodAccessorImpl.java:62)
	at java.base/jdk.internal.reflect.DelegatingMethodAccessorImpl.invoke(DelegatingMethodAccessorImpl.java:43)
	at java.base/java.lang.reflect.Method.invoke(Method.java:566)
	at org.junit.runners.model.FrameworkMethod$1.runReflectiveCall(FrameworkMethod.java:44)
	at org.junit.internal.runners.model.ReflectiveCallable.run(ReflectiveCallable.java:15)
	at org.junit.runners.model.FrameworkMethod.invokeExplosively(FrameworkMethod.java:41)
	at junitparams.internal.InvokeParameterisedMethod.evaluate(InvokeParameterisedMethod.java:102)
	at org.junit.internal.runners.statements.FailOnTimeout$1.run(FailOnTimeout.java:28)
Caused by: ptolemy.kernel.util.IllegalActionException: initialize() was called after wrapup() was called but preinitialize() was not called after wrapup().
	at ptolemy.actor.lib.hoc.test.PreinitializeMustBeInvoked.initialize(PreinitializeMustBeInvoked.java:78)
	at ptolemy.actor.Director.initialize(Director.java:938)
	at ptolemy.actor.Director.initialize(Director.java:907)
	at ptolemy.actor.sched.StaticSchedulingDirector.initialize(StaticSchedulingDirector.java:159)
	at ptolemy.domains.sdf.kernel.SDFDirector.initialize(SDFDirector.java:544)
	at ptolemy.actor.CompositeActor.initialize(CompositeActor.java:935)
	at ptolemy.actor.lib.hoc.LifeCycleManager._executeInsideModel(LifeCycleManager.java:339)
	at ptolemy.actor.lib.hoc.RunCompositeActor.fire(RunCompositeActor.java:205)
	at ptolemy.actor.CompositeActor.iterate(CompositeActor.java:1146)
	at ptolemy.actor.sched.StaticSchedulingDirector.fire(StaticSchedulingDirector.java:216)
	at ptolemy.domains.sdf.kernel.SDFDirector.fire(SDFDirector.java:500)
	at ptolemy.actor.CompositeActor.fire(CompositeActor.java:455)
	at ptolemy.actor.Manager.iterate(Manager.java:851)
	at ptolemy.actor.Manager.execute(Manager.java:369)
	at ptolemy.actor.Manager.run(Manager.java:1263)
	at ptolemy.actor.Manager$PtolemyRunThread.run(Manager.java:1933)
Warning: Nashorn engine is planned to be removed from a future JDK release
Warning: Nashorn engine is planned to be removed from a future JDK release
Warning: Nashorn engine is planned to be removed from a future JDK release
Warning: Nashorn engine is planned to be removed from a future JDK release
Warning: Nashorn engine is planned to be removed from a future JDK release
Warning: Nashorn engine is planned to be removed from a future JDK release
Warning: Nashorn engine is planned to be removed from a future JDK release
Warning: Nashorn engine is planned to be removed from a future JDK release
]]></system-err>
</testsuite>
