<?xml version="1.0" encoding="UTF-8" ?>
<testsuite errors="0" failures="0" hostname="travis-job-e4c0bd0f-3805-409a-8a52-b0f8865d3737" name="ptolemy.domains.de.test.junit.JUnitTclTest" skipped="0" tests="101" time="132.107" timestamp="2019-09-12T05:35:59">
  <properties>
[...]
</properties>
  <testcase classname="ptolemy.util.test.junit.TclTests" name="[0] /home/travis/build/icyphy/ptII/ptolemy/domains/de/test/DependencyLoop.tcl (RunTclFile)" time="1.009" />
  <testcase classname="ptolemy.util.test.junit.TclTests" name="[1] /home/travis/build/icyphy/ptII/ptolemy/domains/de/test/RunDETestsAsQSS.tcl (RunTclFile)" time="89.419" />
  <testcase classname="ptolemy.util.test.junit.AutoKnownFailedTests" name="[0] /home/travis/build/icyphy/ptII/ptolemy/domains/de/test/auto/knownFailedTests/DESDFClockTest.xml (RunModel)" time="2.037" />
  <testcase classname="ptolemy.util.test.junit.AutoKnownFailedTests" name="[1] /home/travis/build/icyphy/ptII/ptolemy/domains/de/test/auto/knownFailedTests/DirectFeedback.xml (RunModel)" time="0.028" />
  <testcase classname="ptolemy.util.test.junit.AutoKnownFailedTests" name="[2] /home/travis/build/icyphy/ptII/ptolemy/domains/de/test/auto/knownFailedTests/FSMSource.xml (RunModel)" time="0.033" />
  <testcase classname="ptolemy.util.test.junit.AutoKnownFailedTests" name="[3] /home/travis/build/icyphy/ptII/ptolemy/domains/de/test/auto/knownFailedTests/HierarchicalModel.xml (RunModel)" time="0.038" />
  <testcase classname="ptolemy.util.test.junit.AutoKnownFailedTests" name="[4] /home/travis/build/icyphy/ptII/ptolemy/domains/de/test/auto/knownFailedTests/dependencyLoop.xml (RunModel)" time="0.043" />
  <testcase classname="ptolemy.util.test.junit.AutoKnownFailedTests" name="[5] /home/travis/build/icyphy/ptII/ptolemy/domains/de/test/auto/knownFailedTests/dependencyLoop2.xml (RunModel)" time="0.045" />
  <testcase classname="ptolemy.util.test.junit.AutoNameArchTests" name="[0] ThereAreNoAutoArchTests (RunModel)" time="0.002" />
  <testcase classname="ptolemy.util.test.junit.AutoTests" name="[0] /home/travis/build/icyphy/ptII/ptolemy/domains/de/test/auto/ActorDepthCalculation_actorWithoutPorts.xml (RunModel)" time="0.022" />
  <testcase classname="ptolemy.util.test.junit.AutoTests" name="[1] /home/travis/build/icyphy/ptII/ptolemy/domains/de/test/auto/AssemblyLine.xml (RunModel)" time="0.028" />
  <testcase classname="ptolemy.util.test.junit.AutoTests" name="[2] /home/travis/build/icyphy/ptII/ptolemy/domains/de/test/auto/CQBug1.xml (RunModel)" time="0.012" />
  <testcase classname="ptolemy.util.test.junit.AutoTests" name="[3] /home/travis/build/icyphy/ptII/ptolemy/domains/de/test/auto/CancelFireAt.xml (RunModel)" time="0.006" />
  <testcase classname="ptolemy.util.test.junit.AutoTests" name="[4] /home/travis/build/icyphy/ptII/ptolemy/domains/de/test/auto/CausalityAndComposabilityAnalysis.xml (RunModel)" time="0.014" />
  <testcase classname="ptolemy.util.test.junit.AutoTests" name="[5] /home/travis/build/icyphy/ptII/ptolemy/domains/de/test/auto/CausalityInterface1.xml (RunModel)" time="0.014" />
  <testcase classname="ptolemy.util.test.junit.AutoTests" name="[6] /home/travis/build/icyphy/ptII/ptolemy/domains/de/test/auto/CausalityInterface15.xml (RunModel)" time="0.016" />
  <testcase classname="ptolemy.util.test.junit.AutoTests" name="[7] /home/travis/build/icyphy/ptII/ptolemy/domains/de/test/auto/CausalityInterface2.xml (RunModel)" time="0.015" />
  <testcase classname="ptolemy.util.test.junit.AutoTests" name="[8] /home/travis/build/icyphy/ptII/ptolemy/domains/de/test/auto/CausalityInterface3.xml (RunModel)" time="0.023" />
  <testcase classname="ptolemy.util.test.junit.AutoTests" name="[9] /home/travis/build/icyphy/ptII/ptolemy/domains/de/test/auto/ClockDrift.xml (RunModel)" time="0.041" />
  <testcase classname="ptolemy.util.test.junit.AutoTests" name="[10] /home/travis/build/icyphy/ptII/ptolemy/domains/de/test/auto/ClockDriftAndValueChange.xml (RunModel)" time="0.035" />
  <testcase classname="ptolemy.util.test.junit.AutoTests" name="[11] /home/travis/build/icyphy/ptII/ptolemy/domains/de/test/auto/ClockDriftChange.xml (RunModel)" time="0.032" />
  <testcase classname="ptolemy.util.test.junit.AutoTests" name="[12] /home/travis/build/icyphy/ptII/ptolemy/domains/de/test/auto/ComposableCausalityAnalysis.xml (RunModel)" time="0.018" />
  <testcase classname="ptolemy.util.test.junit.AutoTests" name="[13] /home/travis/build/icyphy/ptII/ptolemy/domains/de/test/auto/DEFixedPointLimitation.xml (RunModel)" time="0.008" />
  <testcase classname="ptolemy.util.test.junit.AutoTests" name="[14] /home/travis/build/icyphy/ptII/ptolemy/domains/de/test/auto/DEScheduleTest.xml (RunModel)" time="0.014" />
  <testcase classname="ptolemy.util.test.junit.AutoTests" name="[15] /home/travis/build/icyphy/ptII/ptolemy/domains/de/test/auto/DEinDEwithStartTimes.xml (RunModel)" time="0.024" />
  <testcase classname="ptolemy.util.test.junit.AutoTests" name="[16] /home/travis/build/icyphy/ptII/ptolemy/domains/de/test/auto/DEinDEwithStartTimes2.xml (RunModel)" time="0.018" />
  <testcase classname="ptolemy.util.test.junit.AutoTests" name="[17] /home/travis/build/icyphy/ptII/ptolemy/domains/de/test/auto/DateDemo.xml (RunModel)" time="0.046" />
  <testcase classname="ptolemy.util.test.junit.AutoTests" name="[18] /home/travis/build/icyphy/ptII/ptolemy/domains/de/test/auto/DateToEvent.xml (RunModel)" time="2.049" />
  <testcase classname="ptolemy.util.test.junit.AutoTests" name="[19] /home/travis/build/icyphy/ptII/ptolemy/domains/de/test/auto/DepthTest1.xml (RunModel)" time="0.011" />
  <testcase classname="ptolemy.util.test.junit.AutoTests" name="[20] /home/travis/build/icyphy/ptII/ptolemy/domains/de/test/auto/DepthTest2.xml (RunModel)" time="0.02" />
  <testcase classname="ptolemy.util.test.junit.AutoTests" name="[21] /home/travis/build/icyphy/ptII/ptolemy/domains/de/test/auto/DepthTest3.xml (RunModel)" time="0.008" />
  <testcase classname="ptolemy.util.test.junit.AutoTests" name="[22] /home/travis/build/icyphy/ptII/ptolemy/domains/de/test/auto/DepthTest4.xml (RunModel)" time="0.022" />
  <testcase classname="ptolemy.util.test.junit.AutoTests" name="[23] /home/travis/build/icyphy/ptII/ptolemy/domains/de/test/auto/DepthTest5.xml (RunModel)" time="0.022" />
  <testcase classname="ptolemy.util.test.junit.AutoTests" name="[24] /home/travis/build/icyphy/ptII/ptolemy/domains/de/test/auto/DepthTest6.xml (RunModel)" time="0.014" />
  <testcase classname="ptolemy.util.test.junit.AutoTests" name="[25] /home/travis/build/icyphy/ptII/ptolemy/domains/de/test/auto/DepthTest7.xml (RunModel)" time="0.01" />
  <testcase classname="ptolemy.util.test.junit.AutoTests" name="[26] /home/travis/build/icyphy/ptII/ptolemy/domains/de/test/auto/EventToDate.xml (RunModel)" time="3.051" />
  <testcase classname="ptolemy.util.test.junit.AutoTests" name="[27] /home/travis/build/icyphy/ptII/ptolemy/domains/de/test/auto/FSM1.xml (RunModel)" time="0.043" />
  <testcase classname="ptolemy.util.test.junit.AutoTests" name="[28] /home/travis/build/icyphy/ptII/ptolemy/domains/de/test/auto/FSM7.xml (RunModel)" time="0.045" />
  <testcase classname="ptolemy.util.test.junit.AutoTests" name="[29] /home/travis/build/icyphy/ptII/ptolemy/domains/de/test/auto/Inspection.xml (RunModel)" time="0.04" />
  <testcase classname="ptolemy.util.test.junit.AutoTests" name="[30] /home/travis/build/icyphy/ptII/ptolemy/domains/de/test/auto/Iteration.xml (RunModel)" time="0.027" />
  <testcase classname="ptolemy.util.test.junit.AutoTests" name="[31] /home/travis/build/icyphy/ptII/ptolemy/domains/de/test/auto/LineFault.xml (RunModel)" time="0.687" />
  <testcase classname="ptolemy.util.test.junit.AutoTests" name="[32] /home/travis/build/icyphy/ptII/ptolemy/domains/de/test/auto/MergeModel1Add.xml (RunModel)" time="0.057" />
  <testcase classname="ptolemy.util.test.junit.AutoTests" name="[33] /home/travis/build/icyphy/ptII/ptolemy/domains/de/test/auto/MergeModel2Add.xml (RunModel)" time="0.041" />
  <testcase classname="ptolemy.util.test.junit.AutoTests" name="[34] /home/travis/build/icyphy/ptII/ptolemy/domains/de/test/auto/MergeModel3Add.xml (RunModel)" time="0.051" />
  <testcase classname="ptolemy.util.test.junit.AutoTests" name="[35] /home/travis/build/icyphy/ptII/ptolemy/domains/de/test/auto/MergeWithoutDiscard.xml (RunModel)" time="0.018" />
  <testcase classname="ptolemy.util.test.junit.AutoTests" name="[36] /home/travis/build/icyphy/ptII/ptolemy/domains/de/test/auto/Modal1.xml (RunModel)" time="0.039" />
  <testcase classname="ptolemy.util.test.junit.AutoTests" name="[37] /home/travis/build/icyphy/ptII/ptolemy/domains/de/test/auto/Modal2.xml (RunModel)" time="0.033" />
  <testcase classname="ptolemy.util.test.junit.AutoTests" name="[38] /home/travis/build/icyphy/ptII/ptolemy/domains/de/test/auto/Modal3.xml (RunModel)" time="0.039" />
  <testcase classname="ptolemy.util.test.junit.AutoTests" name="[39] /home/travis/build/icyphy/ptII/ptolemy/domains/de/test/auto/Modal4.xml (RunModel)" time="0.034" />
  <testcase classname="ptolemy.util.test.junit.AutoTests" name="[40] /home/travis/build/icyphy/ptII/ptolemy/domains/de/test/auto/Modal5.xml (RunModel)" time="0.028" />
  <testcase classname="ptolemy.util.test.junit.AutoTests" name="[41] /home/travis/build/icyphy/ptII/ptolemy/domains/de/test/auto/Modal6.xml (RunModel)" time="0.037" />
  <testcase classname="ptolemy.util.test.junit.AutoTests" name="[42] /home/travis/build/icyphy/ptII/ptolemy/domains/de/test/auto/Modal7.xml (RunModel)" time="0.03" />
  <testcase classname="ptolemy.util.test.junit.AutoTests" name="[43] /home/travis/build/icyphy/ptII/ptolemy/domains/de/test/auto/ModalModel.xml (RunModel)" time="0.19" />
  <testcase classname="ptolemy.util.test.junit.AutoTests" name="[44] /home/travis/build/icyphy/ptII/ptolemy/domains/de/test/auto/ModalSource.xml (RunModel)" time="0.029" />
  <testcase classname="ptolemy.util.test.junit.AutoTests" name="[45] /home/travis/build/icyphy/ptII/ptolemy/domains/de/test/auto/NonInterruptibleTimerZeroDelay.xml (RunModel)" time="0.008" />
  <testcase classname="ptolemy.util.test.junit.AutoTests" name="[46] /home/travis/build/icyphy/ptII/ptolemy/domains/de/test/auto/OpenQueueingNetwork.xml (RunModel)" time="2.711" />
  <testcase classname="ptolemy.util.test.junit.AutoTests" name="[47] /home/travis/build/icyphy/ptII/ptolemy/domains/de/test/auto/OpenQueuingNetwork.xml (RunModel)" time="0.293" />
  <testcase classname="ptolemy.util.test.junit.AutoTests" name="[48] /home/travis/build/icyphy/ptII/ptolemy/domains/de/test/auto/PeriodicSampler.xml (RunModel)" time="0.011" />
  <testcase classname="ptolemy.util.test.junit.AutoTests" name="[49] /home/travis/build/icyphy/ptII/ptolemy/domains/de/test/auto/PersistentIO.xml (RunModel)" time="0.022" />
  <testcase classname="ptolemy.util.test.junit.AutoTests" name="[50] /home/travis/build/icyphy/ptII/ptolemy/domains/de/test/auto/PortParameterResetOnInitialize.xml (RunModel)" time="0.009" />
  <testcase classname="ptolemy.util.test.junit.AutoTests" name="[51] /home/travis/build/icyphy/ptII/ptolemy/domains/de/test/auto/PortParameterUpdates.xml (RunModel)" time="0.019" />
  <testcase classname="ptolemy.util.test.junit.AutoTests" name="[52] /home/travis/build/icyphy/ptII/ptolemy/domains/de/test/auto/QueueAndServer.xml (RunModel)" time="0.018" />
  <testcase classname="ptolemy.util.test.junit.AutoTests" name="[53] /home/travis/build/icyphy/ptII/ptolemy/domains/de/test/auto/Records.xml (RunModel)" time="0.017" />
  <testcase classname="ptolemy.util.test.junit.AutoTests" name="[54] /home/travis/build/icyphy/ptII/ptolemy/domains/de/test/auto/ResetTransitionWithStartTime1.xml (RunModel)" time="0.02" />
  <testcase classname="ptolemy.util.test.junit.AutoTests" name="[55] /home/travis/build/icyphy/ptII/ptolemy/domains/de/test/auto/ResetTransitionWithStartTime2.xml (RunModel)" time="0.019" />
  <testcase classname="ptolemy.util.test.junit.AutoTests" name="[56] /home/travis/build/icyphy/ptII/ptolemy/domains/de/test/auto/ResetTransitionWithStartTime3.xml (RunModel)" time="0.017" />
  <testcase classname="ptolemy.util.test.junit.AutoTests" name="[57] /home/travis/build/icyphy/ptII/ptolemy/domains/de/test/auto/ResetTransitionWithStartTime4.xml (RunModel)" time="0.016" />
  <testcase classname="ptolemy.util.test.junit.AutoTests" name="[58] /home/travis/build/icyphy/ptII/ptolemy/domains/de/test/auto/ResettableTimer1.xml (RunModel)" time="0.009" />
  <testcase classname="ptolemy.util.test.junit.AutoTests" name="[59] /home/travis/build/icyphy/ptII/ptolemy/domains/de/test/auto/ResettableTimer2.xml (RunModel)" time="0.008" />
  <testcase classname="ptolemy.util.test.junit.AutoTests" name="[60] /home/travis/build/icyphy/ptII/ptolemy/domains/de/test/auto/ResettableTimer3.xml (RunModel)" time="0.01" />
  <testcase classname="ptolemy.util.test.junit.AutoTests" name="[61] /home/travis/build/icyphy/ptII/ptolemy/domains/de/test/auto/ResettableTimer4.xml (RunModel)" time="0.01" />
  <testcase classname="ptolemy.util.test.junit.AutoTests" name="[62] /home/travis/build/icyphy/ptII/ptolemy/domains/de/test/auto/ResettableTimer5.xml (RunModel)" time="0.009" />
  <testcase classname="ptolemy.util.test.junit.AutoTests" name="[63] /home/travis/build/icyphy/ptII/ptolemy/domains/de/test/auto/ResettableTimer6.xml (RunModel)" time="0.017" />
  <testcase classname="ptolemy.util.test.junit.AutoTests" name="[64] /home/travis/build/icyphy/ptII/ptolemy/domains/de/test/auto/ServerZeroDelay.xml (RunModel)" time="0.009" />
  <testcase classname="ptolemy.util.test.junit.AutoTests" name="[65] /home/travis/build/icyphy/ptII/ptolemy/domains/de/test/auto/SmartSender.xml (RunModel)" time="3.01" />
  <testcase classname="ptolemy.util.test.junit.AutoTests" name="[66] /home/travis/build/icyphy/ptII/ptolemy/domains/de/test/auto/ThreadedComposite.xml (RunModel)" time="0.189" />
  <testcase classname="ptolemy.util.test.junit.AutoTests" name="[67] /home/travis/build/icyphy/ptII/ptolemy/domains/de/test/auto/Time.xml (RunModel)" time="0.453" />
  <testcase classname="ptolemy.util.test.junit.AutoTests" name="[68] /home/travis/build/icyphy/ptII/ptolemy/domains/de/test/auto/TimeDelayZeroDelay.xml (RunModel)" time="0.017" />
  <testcase classname="ptolemy.util.test.junit.AutoTests" name="[69] /home/travis/build/icyphy/ptII/ptolemy/domains/de/test/auto/TimerZeroDelay.xml (RunModel)" time="0.011" />
  <testcase classname="ptolemy.util.test.junit.AutoTests" name="[70] /home/travis/build/icyphy/ptII/ptolemy/domains/de/test/auto/TimingParadox.xml (RunModel)" time="0.395" />
  <testcase classname="ptolemy.util.test.junit.AutoTests" name="[71] /home/travis/build/icyphy/ptII/ptolemy/domains/de/test/auto/TransferInputs.xml (RunModel)" time="0.02" />
  <testcase classname="ptolemy.util.test.junit.AutoTests" name="[72] /home/travis/build/icyphy/ptII/ptolemy/domains/de/test/auto/TransferOutputs2.xml (RunModel)" time="0.014" />
  <testcase classname="ptolemy.util.test.junit.AutoTests" name="[73] /home/travis/build/icyphy/ptII/ptolemy/domains/de/test/auto/Trilateration.xml (RunModel)" time="12.376" />
  <testcase classname="ptolemy.util.test.junit.AutoTests" name="[74] /home/travis/build/icyphy/ptII/ptolemy/domains/de/test/auto/TwoSigmaDelta.xml (RunModel)" time="2.054" />
  <testcase classname="ptolemy.util.test.junit.AutoTests" name="[75] /home/travis/build/icyphy/ptII/ptolemy/domains/de/test/auto/VariableDelay.xml (RunModel)" time="0.018" />
  <testcase classname="ptolemy.util.test.junit.AutoTests" name="[76] /home/travis/build/icyphy/ptII/ptolemy/domains/de/test/auto/VariableDelay2.xml (RunModel)" time="0.008" />
  <testcase classname="ptolemy.util.test.junit.AutoTests" name="[77] /home/travis/build/icyphy/ptII/ptolemy/domains/de/test/auto/VariableDelayZeroDelay.xml (RunModel)" time="0.01" />
  <testcase classname="ptolemy.util.test.junit.AutoTests" name="[78] /home/travis/build/icyphy/ptII/ptolemy/domains/de/test/auto/VariableDelayZeroDelay2.xml (RunModel)" time="0.009" />
  <testcase classname="ptolemy.util.test.junit.AutoTests" name="[79] /home/travis/build/icyphy/ptII/ptolemy/domains/de/test/auto/deInCt.xml (RunModel)" time="0.018" />
  <testcase classname="ptolemy.util.test.junit.AutoTests" name="[80] /home/travis/build/icyphy/ptII/ptolemy/domains/de/test/auto/deInCt2.xml (RunModel)" time="0.015" />
  <testcase classname="ptolemy.util.test.junit.AutoTests" name="[81] /home/travis/build/icyphy/ptII/ptolemy/domains/de/test/auto/dynamicCausalityInterface1.xml (RunModel)" time="0.016" />
  <testcase classname="ptolemy.util.test.junit.AutoTests" name="[82] /home/travis/build/icyphy/ptII/ptolemy/domains/de/test/auto/fsm_de_test.xml (RunModel)" time="0.022" />
  <testcase classname="ptolemy.util.test.junit.AutoTests" name="[83] /home/travis/build/icyphy/ptII/ptolemy/domains/de/test/auto/functionDependencyReconstruction.xml (RunModel)" time="0.031" />
  <testcase classname="ptolemy.util.test.junit.AutoTests" name="[84] /home/travis/build/icyphy/ptII/ptolemy/domains/de/test/auto/multirate.xml (RunModel)" time="0.014" />
  <testcase classname="ptolemy.util.test.junit.AutoTests" name="[85] /home/travis/build/icyphy/ptII/ptolemy/domains/de/test/auto/multirate2.xml (RunModel)" time="0.013" />
  <testcase classname="ptolemy.util.test.junit.AutoTests" name="[86] /home/travis/build/icyphy/ptII/ptolemy/domains/de/test/auto/realtime.xml (RunModel)" time="10.01" />
  <testcase classname="ptolemy.util.test.junit.AutoTests" name="[87] /home/travis/build/icyphy/ptII/ptolemy/domains/de/test/auto/relationGroup.xml (RunModel)" time="0.015" />
  <testcase classname="ptolemy.util.test.junit.AutoTests" name="[88] /home/travis/build/icyphy/ptII/ptolemy/domains/de/test/auto/relationGroup2.xml (RunModel)" time="0.014" />
  <testcase classname="ptolemy.util.test.junit.AutoTests" name="[89] /home/travis/build/icyphy/ptII/ptolemy/domains/de/test/auto/sortWithOpaquePorts.xml (RunModel)" time="0.013" />
  <testcase classname="ptolemy.util.test.junit.AutoTests" name="[90] /home/travis/build/icyphy/ptII/ptolemy/domains/de/test/auto/transferInputsandOutputs.xml (RunModel)" time="0.017" />
  <testcase classname="ptolemy.util.test.junit.AutoTests" name="[91] /home/travis/build/icyphy/ptII/ptolemy/domains/de/test/auto/triggerType.xml (RunModel)" time="0.009" />
  <system-out><![CDATA[/home/travis/build/icyphy/ptII/ptolemy/domains/de/test/DependencyLoop.tcl
testDefs.tcl: setting time out to 9000 seconds at Thu Sep 12 05:36:00 UTC 2019
76 ms. Memory: 120832K Free: 72134K (60%)
22 ms. Memory: 120832K Free: 54711K (45%)
/home/travis/build/icyphy/ptII/ptolemy/domains/de/test/RunDETestsAsQSS.tcl
Run the DE tests using ptolemy.domains.qss.test.QSSDirectorTest, which extends QSSDirector and prints a message in the constructors.
------------------ testing $PTII/ptolemy/domains/de/test/auto/knownFailedTests/DirectFeedback.xml (Known Failure) 
47 ms. Memory: 120832K Free: 49096K (41%)


==== $PTIIhome/travis/build/icyphy/ptII/ptolemy/domains/de/test/../../../../: Auto Automatic test in file $PTII/ptolemy/domains/de/test/auto/knownFailedTests/DirectFeedback.xml
==== Contents of test case:

	    # FIXME: we should use $relativeFilename here, but it
	    # might have backslashes under Windows, which causes no end
	    # of trouble.
	    createAndExecute $file
	    list {}
	
.... Test generated KNOWN error:
    while executing
ptolemy.kernel.util.IllegalActionException: Test fails in iteration 1.
Value was: 1.0. Should have been: 2.0
  in .DirectFeedback.Test
	at ptolemy.actor.lib.Test.fire(Test.java:268)
	at ptolemy.domains.de.kernel.DEDirector._fire(DEDirector.java:1949)
	at ptolemy.domains.de.kernel.DEDirector.fire(DEDirector.java:502)
	at ptolemy.actor.CompositeActor.fire(CompositeActor.java:455)
	at ptolemy.actor.Manager.iterate(Manager.java:851)
	at ptolemy.actor.Manager.execute(Manager.java:369)
	at ptolemy.actor.Manager.run(Manager.java:1263)
	at ptolemy.actor.Manager$PtolemyRunThread.run(Manager.java:1933)

    while executing
ptolemy.kernel.util.IllegalActionException: Test fails in iteration 1.
Value was: 1.0. Should have been: 2.0
  in .DirectFeedback.Test
    while executing
"java::new ptolemy.moml.MoMLSimpleApplication $file
"
    (procedure "createAndExecute" line 2)
    invoked from within
"createAndExecute $file"
    ("uplevel" body line 5)
    invoked from within
"uplevel $contents_of_test"
------------------ testing $PTII/ptolemy/domains/de/test/auto/knownFailedTests/dependencyLoop.xml (Known Failure) 
21 ms. Memory: 120832K Free: 46024K (38%)


==== $PTIIhome/travis/build/icyphy/ptII/ptolemy/domains/de/test/../../../../: Auto Automatic test in file $PTII/ptolemy/domains/de/test/auto/knownFailedTests/dependencyLoop.xml
==== Contents of test case:

	    # FIXME: we should use $relativeFilename here, but it
	    # might have backslashes under Windows, which causes no end
	    # of trouble.
	    createAndExecute $file
	    list {}
	
.... Test generated KNOWN error:
    while executing
ptolemy.kernel.util.IllegalActionException: Found a zero delay loop containing .dependencyLoop.original
  in .dependencyLoop and .dependencyLoop.original
	at ptolemy.actor.util.CausalityInterfaceForComposites._computeOutputPortDepth(CausalityInterfaceForComposites.java:759)
	at ptolemy.actor.util.CausalityInterfaceForComposites._computeInputDepth(CausalityInterfaceForComposites.java:696)
	at ptolemy.actor.util.CausalityInterfaceForComposites._computeOutputPortDepth(CausalityInterfaceForComposites.java:765)
	at ptolemy.actor.util.CausalityInterfaceForComposites._computeInputDepth(CausalityInterfaceForComposites.java:696)
	at ptolemy.actor.util.CausalityInterfaceForComposites._computeOutputPortDepth(CausalityInterfaceForComposites.java:765)
	at ptolemy.actor.util.CausalityInterfaceForComposites._computeInputDepth(CausalityInterfaceForComposites.java:696)
	at ptolemy.actor.util.CausalityInterfaceForComposites._computeActorDepth(CausalityInterfaceForComposites.java:532)
	at ptolemy.actor.util.CausalityInterfaceForComposites.checkForCycles(CausalityInterfaceForComposites.java:96)
	at ptolemy.domains.de.kernel.DEDirector.preinitialize(DEDirector.java:1338)
	at ptolemy.actor.CompositeActor.preinitialize(CompositeActor.java:1828)
	at ptolemy.actor.Manager.preinitializeAndResolveTypes(Manager.java:1040)
	at ptolemy.actor.Manager.initialize(Manager.java:710)
	at ptolemy.actor.Manager.execute(Manager.java:356)
	at ptolemy.actor.Manager.run(Manager.java:1263)
	at ptolemy.actor.Manager$PtolemyRunThread.run(Manager.java:1933)

    while executing
ptolemy.kernel.util.IllegalActionException: Found a zero delay loop containing .dependencyLoop.original
  in .dependencyLoop and .dependencyLoop.original
    while executing
"java::new ptolemy.moml.MoMLSimpleApplication $file
"
    (procedure "createAndExecute" line 2)
    invoked from within
"createAndExecute $file"
    ("uplevel" body line 5)
    invoked from within
"uplevel $contents_of_test"
------------------ testing $PTII/ptolemy/domains/de/test/auto/knownFailedTests/FSMSource.xml (Known Failure) 
42 ms. Memory: 120832K Free: 99419K (82%)
!!!! Auto was marked as failing, but now passes
------------------ testing $PTII/ptolemy/domains/de/test/auto/knownFailedTests/HierarchicalModel.xml (Known Failure) 
9 ms. Memory: 120832K Free: 82003K (68%)


==== $PTIIhome/travis/build/icyphy/ptII/ptolemy/domains/de/test/../../../../: Auto Automatic test in file $PTII/ptolemy/domains/de/test/auto/knownFailedTests/HierarchicalModel.xml
==== Contents of test case:

	    # FIXME: we should use $relativeFilename here, but it
	    # might have backslashes under Windows, which causes no end
	    # of trouble.
	    createAndExecute $file
	    list {}
	
.... Test generated KNOWN error:
    while executing
ptolemy.kernel.util.IllegalActionException: Found a zero delay loop containing .HierarchicalModel.A
  in .HierarchicalModel and .HierarchicalModel.A
	at ptolemy.actor.util.CausalityInterfaceForComposites._computeOutputPortDepth(CausalityInterfaceForComposites.java:759)
	at ptolemy.actor.util.CausalityInterfaceForComposites._computeInputDepth(CausalityInterfaceForComposites.java:696)
	at ptolemy.actor.util.CausalityInterfaceForComposites._computeOutputPortDepth(CausalityInterfaceForComposites.java:765)
	at ptolemy.actor.util.CausalityInterfaceForComposites._computeInputDepth(CausalityInterfaceForComposites.java:696)
	at ptolemy.actor.util.CausalityInterfaceForComposites._computeOutputPortDepth(CausalityInterfaceForComposites.java:765)
	at ptolemy.actor.util.CausalityInterfaceForComposites._computeInputDepth(CausalityInterfaceForComposites.java:696)
	at ptolemy.actor.util.CausalityInterfaceForComposites._computeActorDepth(CausalityInterfaceForComposites.java:532)
	at ptolemy.actor.util.CausalityInterfaceForComposites.checkForCycles(CausalityInterfaceForComposites.java:96)
	at ptolemy.domains.de.kernel.DEDirector.preinitialize(DEDirector.java:1338)
	at ptolemy.actor.CompositeActor.preinitialize(CompositeActor.java:1828)
	at ptolemy.actor.Manager.preinitializeAndResolveTypes(Manager.java:1040)
	at ptolemy.actor.Manager.initialize(Manager.java:710)
	at ptolemy.actor.Manager.execute(Manager.java:356)
	at ptolemy.actor.Manager.run(Manager.java:1263)
	at ptolemy.actor.Manager$PtolemyRunThread.run(Manager.java:1933)

    while executing
ptolemy.kernel.util.IllegalActionException: Found a zero delay loop containing .HierarchicalModel.A
  in .HierarchicalModel and .HierarchicalModel.A
    while executing
"java::new ptolemy.moml.MoMLSimpleApplication $file
"
    (procedure "createAndExecute" line 2)
    invoked from within
"createAndExecute $file"
    ("uplevel" body line 5)
    invoked from within
"uplevel $contents_of_test"
------------------ testing $PTII/ptolemy/domains/de/test/auto/knownFailedTests/dependencyLoop2.xml (Known Failure) 
30 ms. Memory: 120832K Free: 106449K (88%)


==== $PTIIhome/travis/build/icyphy/ptII/ptolemy/domains/de/test/../../../../: Auto Automatic test in file $PTII/ptolemy/domains/de/test/auto/knownFailedTests/dependencyLoop2.xml
==== Contents of test case:

	    # FIXME: we should use $relativeFilename here, but it
	    # might have backslashes under Windows, which causes no end
	    # of trouble.
	    createAndExecute $file
	    list {}
	
.... Test generated KNOWN error:
    while executing
ptolemy.kernel.util.IllegalActionException: Found a zero delay loop containing .dependencyLoop2.original
  in .dependencyLoop2 and .dependencyLoop2.original
	at ptolemy.actor.util.CausalityInterfaceForComposites._computeOutputPortDepth(CausalityInterfaceForComposites.java:759)
	at ptolemy.actor.util.CausalityInterfaceForComposites._computeInputDepth(CausalityInterfaceForComposites.java:696)
	at ptolemy.actor.util.CausalityInterfaceForComposites._computeOutputPortDepth(CausalityInterfaceForComposites.java:765)
	at ptolemy.actor.util.CausalityInterfaceForComposites._computeInputDepth(CausalityInterfaceForComposites.java:696)
	at ptolemy.actor.util.CausalityInterfaceForComposites._computeOutputPortDepth(CausalityInterfaceForComposites.java:765)
	at ptolemy.actor.util.CausalityInterfaceForComposites._computeInputDepth(CausalityInterfaceForComposites.java:696)
	at ptolemy.actor.util.CausalityInterfaceForComposites._computeActorDepth(CausalityInterfaceForComposites.java:532)
	at ptolemy.actor.util.CausalityInterfaceForComposites.checkForCycles(CausalityInterfaceForComposites.java:96)
	at ptolemy.domains.de.kernel.DEDirector.preinitialize(DEDirector.java:1338)
	at ptolemy.actor.CompositeActor.preinitialize(CompositeActor.java:1828)
	at ptolemy.actor.Manager.preinitializeAndResolveTypes(Manager.java:1040)
	at ptolemy.actor.Manager.initialize(Manager.java:710)
	at ptolemy.actor.Manager.execute(Manager.java:356)
	at ptolemy.actor.Manager.run(Manager.java:1263)
	at ptolemy.actor.Manager$PtolemyRunThread.run(Manager.java:1933)

    while executing
ptolemy.kernel.util.IllegalActionException: Found a zero delay loop containing .dependencyLoop2.original
  in .dependencyLoop2 and .dependencyLoop2.original
    while executing
"java::new ptolemy.moml.MoMLSimpleApplication $file
"
    (procedure "createAndExecute" line 2)
    invoked from within
"createAndExecute $file"
    ("uplevel" body line 5)
    invoked from within
"uplevel $contents_of_test"
------------------ testing $PTII/ptolemy/domains/de/test/auto/knownFailedTests/DESDFClockTest.xml (Known Failure) 
2069 ms. Memory: 120832K Free: 93381K (77%)


==== $PTIIhome/travis/build/icyphy/ptII/ptolemy/domains/de/test/../../../../: Auto Automatic test in file $PTII/ptolemy/domains/de/test/auto/knownFailedTests/DESDFClockTest.xml
==== Contents of test case:

	    # FIXME: we should use $relativeFilename here, but it
	    # might have backslashes under Windows, which causes no end
	    # of trouble.
	    createAndExecute $file
	    list {}
	
.... Test generated KNOWN error:
    while executing
ptolemy.kernel.util.IllegalActionException: Actor is not ready to fire.  Perhaps UpSample.prefire() returned false? Try debugging the actor by selecting "Listen to Actor".  Also, for SDF check moml for tokenConsumptionRate on input.
  in .DESDFClockTest.Play Bell.Copy1:SDF Director and .DESDFClockTest.Play Bell.UpSample
	at ptolemy.actor.sched.StaticSchedulingDirector.fire(StaticSchedulingDirector.java:227)
	at ptolemy.domains.sdf.kernel.SDFDirector.fire(SDFDirector.java:500)
	at ptolemy.actor.CompositeActor.fire(CompositeActor.java:455)
	at ptolemy.domains.de.kernel.DEDirector._fire(DEDirector.java:1949)
	at ptolemy.domains.de.kernel.DEDirector.fire(DEDirector.java:502)
	at ptolemy.actor.CompositeActor.fire(CompositeActor.java:455)
	at ptolemy.actor.Manager.iterate(Manager.java:851)
	at ptolemy.actor.Manager.execute(Manager.java:369)
	at ptolemy.actor.Manager.run(Manager.java:1263)
	at ptolemy.actor.Manager$PtolemyRunThread.run(Manager.java:1933)

    while executing
ptolemy.kernel.util.IllegalActionException: Actor is not ready to fire.  Perhaps UpSample.prefire() returned false? Try debugging the actor by selecting "Listen to Actor".  Also, for SDF check moml for tokenConsumptionRate on input.
  in .DESDFClockTest.Play Bell.Copy1:SDF Director and .DESDFClockTest.Play Bell.UpSample
    while executing
"java::new ptolemy.moml.MoMLSimpleApplication $file
"
    (procedure "createAndExecute" line 2)
    invoked from within
"createAndExecute $file"
    ("uplevel" body line 5)
    invoked from within
"uplevel $contents_of_test"
------------------ testing $PTII/ptolemy/domains/de/test/auto/ActorDepthCalculation_actorWithoutPorts.xml
auto.tcl: Setting watchdog for 200 seconds at Thu Sep 12 05:36:03 UTC 2019
4 ms. Memory: 120832K Free: 86175K (71%)
ptolemy.util.test.WatchDog.cancel(): canceling Thu Sep 12 05:36:03 UTC 2019
auto.tcl: Setting watchdog for 200 seconds at Thu Sep 12 05:36:03 UTC 2019
5 ms. Memory: 120832K Free: 84522K (70%)
ptolemy.util.test.WatchDog.cancel(): canceling Thu Sep 12 05:36:03 UTC 2019
------------------ testing $PTII/ptolemy/domains/de/test/auto/AssemblyLine.xml
auto.tcl: Setting watchdog for 200 seconds at Thu Sep 12 05:36:04 UTC 2019
29 ms. Memory: 48128K Free: 26014K (54%)
ptolemy.util.test.WatchDog.cancel(): canceling Thu Sep 12 05:36:04 UTC 2019
auto.tcl: Setting watchdog for 200 seconds at Thu Sep 12 05:36:04 UTC 2019
15 ms. Memory: 48128K Free: 24876K (52%)
ptolemy.util.test.WatchDog.cancel(): canceling Thu Sep 12 05:36:04 UTC 2019
------------------ testing $PTII/ptolemy/domains/de/test/auto/CQBug1.xml
auto.tcl: Setting watchdog for 200 seconds at Thu Sep 12 05:36:04 UTC 2019
2 ms. Memory: 48128K Free: 31885K (66%)
ptolemy.util.test.WatchDog.cancel(): canceling Thu Sep 12 05:36:04 UTC 2019
auto.tcl: Setting watchdog for 200 seconds at Thu Sep 12 05:36:04 UTC 2019
2 ms. Memory: 48128K Free: 31407K (65%)
ptolemy.util.test.WatchDog.cancel(): canceling Thu Sep 12 05:36:04 UTC 2019
------------------ testing $PTII/ptolemy/domains/de/test/auto/CancelFireAt.xml
auto.tcl: Setting watchdog for 200 seconds at Thu Sep 12 05:36:04 UTC 2019
2 ms. Memory: 48128K Free: 32739K (68%)
ptolemy.util.test.WatchDog.cancel(): canceling Thu Sep 12 05:36:04 UTC 2019
auto.tcl: Setting watchdog for 200 seconds at Thu Sep 12 05:36:04 UTC 2019
2 ms. Memory: 48128K Free: 32308K (67%)
ptolemy.util.test.WatchDog.cancel(): canceling Thu Sep 12 05:36:04 UTC 2019
------------------ testing $PTII/ptolemy/domains/de/test/auto/CausalityAndComposabilityAnalysis.xml
auto.tcl: Setting watchdog for 200 seconds at Thu Sep 12 05:36:04 UTC 2019
16 ms. Memory: 48128K Free: 30998K (64%)
ptolemy.util.test.WatchDog.cancel(): canceling Thu Sep 12 05:36:04 UTC 2019
auto.tcl: Setting watchdog for 200 seconds at Thu Sep 12 05:36:04 UTC 2019
5 ms. Memory: 48128K Free: 30136K (63%)
ptolemy.util.test.WatchDog.cancel(): canceling Thu Sep 12 05:36:04 UTC 2019
------------------ testing $PTII/ptolemy/domains/de/test/auto/CausalityInterface1.xml
auto.tcl: Setting watchdog for 200 seconds at Thu Sep 12 05:36:04 UTC 2019
37 ms. Memory: 48128K Free: 29421K (61%)
ptolemy.util.test.WatchDog.cancel(): canceling Thu Sep 12 05:36:04 UTC 2019
auto.tcl: Setting watchdog for 200 seconds at Thu Sep 12 05:36:04 UTC 2019
4 ms. Memory: 48128K Free: 28445K (59%)
ptolemy.util.test.WatchDog.cancel(): canceling Thu Sep 12 05:36:04 UTC 2019
------------------ testing $PTII/ptolemy/domains/de/test/auto/CausalityInterface15.xml
auto.tcl: Setting watchdog for 200 seconds at Thu Sep 12 05:36:04 UTC 2019
9 ms. Memory: 48128K Free: 29459K (61%)
ptolemy.util.test.WatchDog.cancel(): canceling Thu Sep 12 05:36:04 UTC 2019
auto.tcl: Setting watchdog for 200 seconds at Thu Sep 12 05:36:04 UTC 2019
7 ms. Memory: 48128K Free: 28408K (59%)
ptolemy.util.test.WatchDog.cancel(): canceling Thu Sep 12 05:36:04 UTC 2019
------------------ testing $PTII/ptolemy/domains/de/test/auto/CausalityInterface2.xml
auto.tcl: Setting watchdog for 200 seconds at Thu Sep 12 05:36:04 UTC 2019
4 ms. Memory: 48128K Free: 29966K (62%)
ptolemy.util.test.WatchDog.cancel(): canceling Thu Sep 12 05:36:05 UTC 2019
auto.tcl: Setting watchdog for 200 seconds at Thu Sep 12 05:36:05 UTC 2019
3 ms. Memory: 48128K Free: 29297K (61%)
ptolemy.util.test.WatchDog.cancel(): canceling Thu Sep 12 05:36:05 UTC 2019
------------------ testing $PTII/ptolemy/domains/de/test/auto/CausalityInterface3.xml
auto.tcl: Setting watchdog for 200 seconds at Thu Sep 12 05:36:05 UTC 2019
3 ms. Memory: 48128K Free: 29524K (61%)
ptolemy.util.test.WatchDog.cancel(): canceling Thu Sep 12 05:36:05 UTC 2019
auto.tcl: Setting watchdog for 200 seconds at Thu Sep 12 05:36:05 UTC 2019
3 ms. Memory: 48128K Free: 28738K (60%)
ptolemy.util.test.WatchDog.cancel(): canceling Thu Sep 12 05:36:05 UTC 2019
------------------ testing $PTII/ptolemy/domains/de/test/auto/ClockDrift.xml
auto.tcl: Setting watchdog for 200 seconds at Thu Sep 12 05:36:05 UTC 2019
82 ms. Memory: 48128K Free: 22109K (46%)
ptolemy.util.test.WatchDog.cancel(): canceling Thu Sep 12 05:36:05 UTC 2019
auto.tcl: Setting watchdog for 200 seconds at Thu Sep 12 05:36:05 UTC 2019
35 ms. Memory: 48128K Free: 19095K (40%)
ptolemy.util.test.WatchDog.cancel(): canceling Thu Sep 12 05:36:05 UTC 2019
------------------ testing $PTII/ptolemy/domains/de/test/auto/ClockDriftAndValueChange.xml
auto.tcl: Setting watchdog for 200 seconds at Thu Sep 12 05:36:05 UTC 2019
37 ms. Memory: 48128K Free: 22181K (46%)
ptolemy.util.test.WatchDog.cancel(): canceling Thu Sep 12 05:36:05 UTC 2019
auto.tcl: Setting watchdog for 200 seconds at Thu Sep 12 05:36:05 UTC 2019
25 ms. Memory: 48128K Free: 19347K (40%)
ptolemy.util.test.WatchDog.cancel(): canceling Thu Sep 12 05:36:05 UTC 2019
------------------ testing $PTII/ptolemy/domains/de/test/auto/ClockDriftChange.xml
auto.tcl: Setting watchdog for 200 seconds at Thu Sep 12 05:36:05 UTC 2019
24 ms. Memory: 48128K Free: 23973K (50%)
ptolemy.util.test.WatchDog.cancel(): canceling Thu Sep 12 05:36:05 UTC 2019
auto.tcl: Setting watchdog for 200 seconds at Thu Sep 12 05:36:05 UTC 2019
14 ms. Memory: 48128K Free: 21394K (44%)
ptolemy.util.test.WatchDog.cancel(): canceling Thu Sep 12 05:36:05 UTC 2019
------------------ testing $PTII/ptolemy/domains/de/test/auto/ComposableCausalityAnalysis.xml
auto.tcl: Setting watchdog for 200 seconds at Thu Sep 12 05:36:05 UTC 2019
3 ms. Memory: 48128K Free: 28830K (60%)
ptolemy.util.test.WatchDog.cancel(): canceling Thu Sep 12 05:36:05 UTC 2019
auto.tcl: Setting watchdog for 200 seconds at Thu Sep 12 05:36:05 UTC 2019
5 ms. Memory: 48128K Free: 27822K (58%)
ptolemy.util.test.WatchDog.cancel(): canceling Thu Sep 12 05:36:05 UTC 2019
------------------ testing $PTII/ptolemy/domains/de/test/auto/DEFixedPointLimitation.xml
auto.tcl: Setting watchdog for 200 seconds at Thu Sep 12 05:36:05 UTC 2019
4 ms. Memory: 48128K Free: 30201K (63%)
ptolemy.util.test.WatchDog.cancel(): canceling Thu Sep 12 05:36:05 UTC 2019
auto.tcl: Setting watchdog for 200 seconds at Thu Sep 12 05:36:05 UTC 2019
1 ms. Memory: 48128K Free: 29290K (61%)
ptolemy.util.test.WatchDog.cancel(): canceling Thu Sep 12 05:36:05 UTC 2019
------------------ testing $PTII/ptolemy/domains/de/test/auto/DEScheduleTest.xml
auto.tcl: Setting watchdog for 200 seconds at Thu Sep 12 05:36:05 UTC 2019
4 ms. Memory: 48128K Free: 30515K (63%)
ptolemy.util.test.WatchDog.cancel(): canceling Thu Sep 12 05:36:05 UTC 2019
auto.tcl: Setting watchdog for 200 seconds at Thu Sep 12 05:36:05 UTC 2019
2 ms. Memory: 48128K Free: 29739K (62%)
ptolemy.util.test.WatchDog.cancel(): canceling Thu Sep 12 05:36:05 UTC 2019
------------------ testing $PTII/ptolemy/domains/de/test/auto/DEinDEwithStartTimes.xml
auto.tcl: Setting watchdog for 200 seconds at Thu Sep 12 05:36:05 UTC 2019
7 ms. Memory: 48128K Free: 28666K (60%)
ptolemy.util.test.WatchDog.cancel(): canceling Thu Sep 12 05:36:05 UTC 2019
auto.tcl: Setting watchdog for 200 seconds at Thu Sep 12 05:36:05 UTC 2019
2 ms. Memory: 48128K Free: 27642K (57%)
ptolemy.util.test.WatchDog.cancel(): canceling Thu Sep 12 05:36:05 UTC 2019
------------------ testing $PTII/ptolemy/domains/de/test/auto/DEinDEwithStartTimes2.xml
auto.tcl: Setting watchdog for 200 seconds at Thu Sep 12 05:36:05 UTC 2019
7 ms. Memory: 48128K Free: 27844K (58%)
ptolemy.util.test.WatchDog.cancel(): canceling Thu Sep 12 05:36:05 UTC 2019
auto.tcl: Setting watchdog for 200 seconds at Thu Sep 12 05:36:05 UTC 2019
7 ms. Memory: 48128K Free: 26769K (56%)
ptolemy.util.test.WatchDog.cancel(): canceling Thu Sep 12 05:36:05 UTC 2019
------------------ testing $PTII/ptolemy/domains/de/test/auto/DateDemo.xml
auto.tcl: Setting watchdog for 200 seconds at Thu Sep 12 05:36:06 UTC 2019
12 ms. Memory: 48128K Free: 22239K (46%)
ptolemy.util.test.WatchDog.cancel(): canceling Thu Sep 12 05:36:06 UTC 2019
auto.tcl: Setting watchdog for 200 seconds at Thu Sep 12 05:36:06 UTC 2019
7 ms. Memory: 48128K Free: 20672K (43%)
ptolemy.util.test.WatchDog.cancel(): canceling Thu Sep 12 05:36:06 UTC 2019
------------------ testing $PTII/ptolemy/domains/de/test/auto/DateToEvent.xml
auto.tcl: Setting watchdog for 200 seconds at Thu Sep 12 05:36:06 UTC 2019
2016 ms. Memory: 48128K Free: 18161K (38%)
ptolemy.util.test.WatchDog.cancel(): canceling Thu Sep 12 05:36:08 UTC 2019
auto.tcl: Setting watchdog for 200 seconds at Thu Sep 12 05:36:08 UTC 2019
2006 ms. Memory: 48128K Free: 17308K (36%)
ptolemy.util.test.WatchDog.cancel(): canceling Thu Sep 12 05:36:10 UTC 2019
------------------ testing $PTII/ptolemy/domains/de/test/auto/DepthTest1.xml
auto.tcl: Setting watchdog for 200 seconds at Thu Sep 12 05:36:10 UTC 2019
3 ms. Memory: 48128K Free: 31310K (65%)
ptolemy.util.test.WatchDog.cancel(): canceling Thu Sep 12 05:36:10 UTC 2019
auto.tcl: Setting watchdog for 200 seconds at Thu Sep 12 05:36:10 UTC 2019
3 ms. Memory: 48128K Free: 30888K (64%)
ptolemy.util.test.WatchDog.cancel(): canceling Thu Sep 12 05:36:10 UTC 2019
------------------ testing $PTII/ptolemy/domains/de/test/auto/DepthTest2.xml
auto.tcl: Setting watchdog for 200 seconds at Thu Sep 12 05:36:10 UTC 2019
4 ms. Memory: 48128K Free: 28139K (58%)
ptolemy.util.test.WatchDog.cancel(): canceling Thu Sep 12 05:36:10 UTC 2019
auto.tcl: Setting watchdog for 200 seconds at Thu Sep 12 05:36:10 UTC 2019
3 ms. Memory: 48128K Free: 27693K (58%)
ptolemy.util.test.WatchDog.cancel(): canceling Thu Sep 12 05:36:10 UTC 2019
------------------ testing $PTII/ptolemy/domains/de/test/auto/DepthTest3.xml
auto.tcl: Setting watchdog for 200 seconds at Thu Sep 12 05:36:10 UTC 2019
4 ms. Memory: 48128K Free: 31640K (66%)
ptolemy.util.test.WatchDog.cancel(): canceling Thu Sep 12 05:36:10 UTC 2019
auto.tcl: Setting watchdog for 200 seconds at Thu Sep 12 05:36:10 UTC 2019
2 ms. Memory: 48128K Free: 31218K (65%)
ptolemy.util.test.WatchDog.cancel(): canceling Thu Sep 12 05:36:10 UTC 2019
------------------ testing $PTII/ptolemy/domains/de/test/auto/DepthTest4.xml
auto.tcl: Setting watchdog for 200 seconds at Thu Sep 12 05:36:10 UTC 2019
6 ms. Memory: 48128K Free: 29989K (62%)
ptolemy.util.test.WatchDog.cancel(): canceling Thu Sep 12 05:36:10 UTC 2019
auto.tcl: Setting watchdog for 200 seconds at Thu Sep 12 05:36:10 UTC 2019
3 ms. Memory: 48128K Free: 29251K (61%)
ptolemy.util.test.WatchDog.cancel(): canceling Thu Sep 12 05:36:10 UTC 2019
------------------ testing $PTII/ptolemy/domains/de/test/auto/DepthTest5.xml
auto.tcl: Setting watchdog for 200 seconds at Thu Sep 12 05:36:10 UTC 2019
4 ms. Memory: 48128K Free: 29346K (61%)
ptolemy.util.test.WatchDog.cancel(): canceling Thu Sep 12 05:36:10 UTC 2019
auto.tcl: Setting watchdog for 200 seconds at Thu Sep 12 05:36:10 UTC 2019
2 ms. Memory: 48128K Free: 28600K (59%)
ptolemy.util.test.WatchDog.cancel(): canceling Thu Sep 12 05:36:10 UTC 2019
------------------ testing $PTII/ptolemy/domains/de/test/auto/DepthTest6.xml
auto.tcl: Setting watchdog for 200 seconds at Thu Sep 12 05:36:10 UTC 2019
3 ms. Memory: 48128K Free: 29069K (60%)
ptolemy.util.test.WatchDog.cancel(): canceling Thu Sep 12 05:36:10 UTC 2019
auto.tcl: Setting watchdog for 200 seconds at Thu Sep 12 05:36:10 UTC 2019
3 ms. Memory: 48128K Free: 28606K (59%)
ptolemy.util.test.WatchDog.cancel(): canceling Thu Sep 12 05:36:10 UTC 2019
------------------ testing $PTII/ptolemy/domains/de/test/auto/DepthTest7.xml
auto.tcl: Setting watchdog for 200 seconds at Thu Sep 12 05:36:10 UTC 2019
2 ms. Memory: 48128K Free: 29914K (62%)
ptolemy.util.test.WatchDog.cancel(): canceling Thu Sep 12 05:36:10 UTC 2019
auto.tcl: Setting watchdog for 200 seconds at Thu Sep 12 05:36:10 UTC 2019
3 ms. Memory: 48128K Free: 29160K (61%)
ptolemy.util.test.WatchDog.cancel(): canceling Thu Sep 12 05:36:10 UTC 2019
------------------ testing $PTII/ptolemy/domains/de/test/auto/EventToDate.xml
auto.tcl: Setting watchdog for 200 seconds at Thu Sep 12 05:36:10 UTC 2019
3009 ms. Memory: 48128K Free: 20469K (43%)
ptolemy.util.test.WatchDog.cancel(): canceling Thu Sep 12 05:36:13 UTC 2019
auto.tcl: Setting watchdog for 200 seconds at Thu Sep 12 05:36:13 UTC 2019
3004 ms. Memory: 48128K Free: 19995K (42%)
ptolemy.util.test.WatchDog.cancel(): canceling Thu Sep 12 05:36:16 UTC 2019
------------------ testing $PTII/ptolemy/domains/de/test/auto/FSM1.xml
auto.tcl: Setting watchdog for 200 seconds at Thu Sep 12 05:36:16 UTC 2019
42 ms. Memory: 48128K Free: 21906K (46%)
ptolemy.util.test.WatchDog.cancel(): canceling Thu Sep 12 05:36:17 UTC 2019
auto.tcl: Setting watchdog for 200 seconds at Thu Sep 12 05:36:17 UTC 2019
21 ms. Memory: 48128K Free: 18647K (39%)
ptolemy.util.test.WatchDog.cancel(): canceling Thu Sep 12 05:36:17 UTC 2019
------------------ testing $PTII/ptolemy/domains/de/test/auto/FSM7.xml
auto.tcl: Setting watchdog for 200 seconds at Thu Sep 12 05:36:17 UTC 2019
28 ms. Memory: 48128K Free: 21590K (45%)
ptolemy.util.test.WatchDog.cancel(): canceling Thu Sep 12 05:36:17 UTC 2019
auto.tcl: Setting watchdog for 200 seconds at Thu Sep 12 05:36:17 UTC 2019
23 ms. Memory: 48128K Free: 18462K (38%)
ptolemy.util.test.WatchDog.cancel(): canceling Thu Sep 12 05:36:17 UTC 2019
------------------ testing $PTII/ptolemy/domains/de/test/auto/Inspection.xml
auto.tcl: Setting watchdog for 200 seconds at Thu Sep 12 05:36:17 UTC 2019
32 ms. Memory: 48128K Free: 21621K (45%)
ptolemy.util.test.WatchDog.cancel(): canceling Thu Sep 12 05:36:17 UTC 2019
auto.tcl: Setting watchdog for 200 seconds at Thu Sep 12 05:36:17 UTC 2019
32 ms. Memory: 48128K Free: 19896K (41%)
ptolemy.util.test.WatchDog.cancel(): canceling Thu Sep 12 05:36:17 UTC 2019
------------------ testing $PTII/ptolemy/domains/de/test/auto/Iteration.xml
auto.tcl: Setting watchdog for 200 seconds at Thu Sep 12 05:36:17 UTC 2019
8 ms. Memory: 48128K Free: 27365K (57%)
ptolemy.util.test.WatchDog.cancel(): canceling Thu Sep 12 05:36:17 UTC 2019
auto.tcl: Setting watchdog for 200 seconds at Thu Sep 12 05:36:17 UTC 2019
5 ms. Memory: 48128K Free: 25957K (54%)
ptolemy.util.test.WatchDog.cancel(): canceling Thu Sep 12 05:36:17 UTC 2019
------------------ testing $PTII/ptolemy/domains/de/test/auto/LineFault.xml
auto.tcl: Setting watchdog for 200 seconds at Thu Sep 12 05:36:17 UTC 2019
725 ms. Memory: 48128K Free: 30397K (63%)
ptolemy.util.test.WatchDog.cancel(): canceling Thu Sep 12 05:36:18 UTC 2019
auto.tcl: Setting watchdog for 200 seconds at Thu Sep 12 05:36:18 UTC 2019
653 ms. Memory: 62464K Free: 32815K (53%)
ptolemy.util.test.WatchDog.cancel(): canceling Thu Sep 12 05:36:19 UTC 2019
------------------ testing $PTII/ptolemy/domains/de/test/auto/MergeModel1Add.xml
auto.tcl: Setting watchdog for 200 seconds at Thu Sep 12 05:36:19 UTC 2019
15 ms. Memory: 55296K Free: 20517K (37%)
ptolemy.util.test.WatchDog.cancel(): canceling Thu Sep 12 05:36:19 UTC 2019
auto.tcl: Setting watchdog for 200 seconds at Thu Sep 12 05:36:19 UTC 2019
10 ms. Memory: 55296K Free: 18816K (34%)
ptolemy.util.test.WatchDog.cancel(): canceling Thu Sep 12 05:36:19 UTC 2019
------------------ testing $PTII/ptolemy/domains/de/test/auto/MergeModel2Add.xml
auto.tcl: Setting watchdog for 200 seconds at Thu Sep 12 05:36:19 UTC 2019
13 ms. Memory: 51200K Free: 18466K (36%)
ptolemy.util.test.WatchDog.cancel(): canceling Thu Sep 12 05:36:19 UTC 2019
auto.tcl: Setting watchdog for 200 seconds at Thu Sep 12 05:36:19 UTC 2019
10 ms. Memory: 51200K Free: 16950K (33%)
ptolemy.util.test.WatchDog.cancel(): canceling Thu Sep 12 05:36:19 UTC 2019
------------------ testing $PTII/ptolemy/domains/de/test/auto/MergeModel3Add.xml
auto.tcl: Setting watchdog for 200 seconds at Thu Sep 12 05:36:19 UTC 2019
9 ms. Memory: 51200K Free: 18513K (36%)
ptolemy.util.test.WatchDog.cancel(): canceling Thu Sep 12 05:36:19 UTC 2019
auto.tcl: Setting watchdog for 200 seconds at Thu Sep 12 05:36:19 UTC 2019
10 ms. Memory: 51200K Free: 17081K (33%)
ptolemy.util.test.WatchDog.cancel(): canceling Thu Sep 12 05:36:19 UTC 2019
------------------ testing $PTII/ptolemy/domains/de/test/auto/MergeWithoutDiscard.xml
auto.tcl: Setting watchdog for 200 seconds at Thu Sep 12 05:36:19 UTC 2019
3 ms. Memory: 51200K Free: 32847K (64%)
ptolemy.util.test.WatchDog.cancel(): canceling Thu Sep 12 05:36:19 UTC 2019
auto.tcl: Setting watchdog for 200 seconds at Thu Sep 12 05:36:19 UTC 2019
1 ms. Memory: 51200K Free: 32408K (63%)
ptolemy.util.test.WatchDog.cancel(): canceling Thu Sep 12 05:36:19 UTC 2019
------------------ testing $PTII/ptolemy/domains/de/test/auto/Modal1.xml
auto.tcl: Setting watchdog for 200 seconds at Thu Sep 12 05:36:19 UTC 2019
14 ms. Memory: 51200K Free: 25458K (50%)
ptolemy.util.test.WatchDog.cancel(): canceling Thu Sep 12 05:36:19 UTC 2019
auto.tcl: Setting watchdog for 200 seconds at Thu Sep 12 05:36:19 UTC 2019
18 ms. Memory: 51200K Free: 21945K (43%)
ptolemy.util.test.WatchDog.cancel(): canceling Thu Sep 12 05:36:19 UTC 2019
------------------ testing $PTII/ptolemy/domains/de/test/auto/Modal2.xml
auto.tcl: Setting watchdog for 200 seconds at Thu Sep 12 05:36:19 UTC 2019
12 ms. Memory: 51200K Free: 25336K (49%)
ptolemy.util.test.WatchDog.cancel(): canceling Thu Sep 12 05:36:19 UTC 2019
auto.tcl: Setting watchdog for 200 seconds at Thu Sep 12 05:36:19 UTC 2019
21 ms. Memory: 51200K Free: 21847K (43%)
ptolemy.util.test.WatchDog.cancel(): canceling Thu Sep 12 05:36:19 UTC 2019
------------------ testing $PTII/ptolemy/domains/de/test/auto/Modal3.xml
auto.tcl: Setting watchdog for 200 seconds at Thu Sep 12 05:36:19 UTC 2019
11 ms. Memory: 51200K Free: 25073K (49%)
ptolemy.util.test.WatchDog.cancel(): canceling Thu Sep 12 05:36:19 UTC 2019
auto.tcl: Setting watchdog for 200 seconds at Thu Sep 12 05:36:19 UTC 2019
12 ms. Memory: 51200K Free: 21831K (43%)
ptolemy.util.test.WatchDog.cancel(): canceling Thu Sep 12 05:36:19 UTC 2019
------------------ testing $PTII/ptolemy/domains/de/test/auto/Modal4.xml
auto.tcl: Setting watchdog for 200 seconds at Thu Sep 12 05:36:19 UTC 2019
13 ms. Memory: 48128K Free: 20998K (44%)
ptolemy.util.test.WatchDog.cancel(): canceling Thu Sep 12 05:36:19 UTC 2019
auto.tcl: Setting watchdog for 200 seconds at Thu Sep 12 05:36:19 UTC 2019
12 ms. Memory: 48128K Free: 17139K (36%)
ptolemy.util.test.WatchDog.cancel(): canceling Thu Sep 12 05:36:19 UTC 2019
------------------ testing $PTII/ptolemy/domains/de/test/auto/Modal5.xml
auto.tcl: Setting watchdog for 200 seconds at Thu Sep 12 05:36:19 UTC 2019
12 ms. Memory: 48128K Free: 20970K (44%)
ptolemy.util.test.WatchDog.cancel(): canceling Thu Sep 12 05:36:20 UTC 2019
auto.tcl: Setting watchdog for 200 seconds at Thu Sep 12 05:36:20 UTC 2019
14 ms. Memory: 48128K Free: 17345K (36%)
ptolemy.util.test.WatchDog.cancel(): canceling Thu Sep 12 05:36:20 UTC 2019
------------------ testing $PTII/ptolemy/domains/de/test/auto/Modal6.xml
auto.tcl: Setting watchdog for 200 seconds at Thu Sep 12 05:36:20 UTC 2019
11 ms. Memory: 48128K Free: 21740K (45%)
ptolemy.util.test.WatchDog.cancel(): canceling Thu Sep 12 05:36:20 UTC 2019
auto.tcl: Setting watchdog for 200 seconds at Thu Sep 12 05:36:20 UTC 2019
14 ms. Memory: 48128K Free: 18147K (38%)
ptolemy.util.test.WatchDog.cancel(): canceling Thu Sep 12 05:36:20 UTC 2019
------------------ testing $PTII/ptolemy/domains/de/test/auto/Modal7.xml
auto.tcl: Setting watchdog for 200 seconds at Thu Sep 12 05:36:20 UTC 2019
10 ms. Memory: 48128K Free: 20747K (43%)
ptolemy.util.test.WatchDog.cancel(): canceling Thu Sep 12 05:36:20 UTC 2019
auto.tcl: Setting watchdog for 200 seconds at Thu Sep 12 05:36:20 UTC 2019
11 ms. Memory: 48128K Free: 17414K (36%)
ptolemy.util.test.WatchDog.cancel(): canceling Thu Sep 12 05:36:20 UTC 2019
------------------ testing $PTII/ptolemy/domains/de/test/auto/ModalModel.xml
auto.tcl: Setting watchdog for 200 seconds at Thu Sep 12 05:36:20 UTC 2019
163 ms. Memory: 48128K Free: 32622K (68%)
ptolemy.util.test.WatchDog.cancel(): canceling Thu Sep 12 05:36:20 UTC 2019
auto.tcl: Setting watchdog for 200 seconds at Thu Sep 12 05:36:20 UTC 2019
189 ms. Memory: 61440K Free: 38227K (62%)
ptolemy.util.test.WatchDog.cancel(): canceling Thu Sep 12 05:36:20 UTC 2019
------------------ testing $PTII/ptolemy/domains/de/test/auto/ModalSource.xml
auto.tcl: Setting watchdog for 200 seconds at Thu Sep 12 05:36:20 UTC 2019
11 ms. Memory: 51200K Free: 28888K (56%)
ptolemy.util.test.WatchDog.cancel(): canceling Thu Sep 12 05:36:20 UTC 2019
auto.tcl: Setting watchdog for 200 seconds at Thu Sep 12 05:36:20 UTC 2019
6 ms. Memory: 51200K Free: 26926K (53%)
ptolemy.util.test.WatchDog.cancel(): canceling Thu Sep 12 05:36:20 UTC 2019
------------------ testing $PTII/ptolemy/domains/de/test/auto/NonInterruptibleTimerZeroDelay.xml
auto.tcl: Setting watchdog for 200 seconds at Thu Sep 12 05:36:20 UTC 2019
3 ms. Memory: 48128K Free: 30773K (64%)
ptolemy.util.test.WatchDog.cancel(): canceling Thu Sep 12 05:36:20 UTC 2019
auto.tcl: Setting watchdog for 200 seconds at Thu Sep 12 05:36:20 UTC 2019
2 ms. Memory: 48128K Free: 30081K (63%)
ptolemy.util.test.WatchDog.cancel(): canceling Thu Sep 12 05:36:20 UTC 2019
------------------ testing $PTII/ptolemy/domains/de/test/auto/OpenQueueingNetwork.xml
auto.tcl: Setting watchdog for 200 seconds at Thu Sep 12 05:36:20 UTC 2019
2999 ms. Memory: 134144K Free: 66278K (49%)
ptolemy.util.test.WatchDog.cancel(): canceling Thu Sep 12 05:36:24 UTC 2019
auto.tcl: Setting watchdog for 200 seconds at Thu Sep 12 05:36:24 UTC 2019
2730 ms. Memory: 134144K Free: 53415K (40%)
ptolemy.util.test.WatchDog.cancel(): canceling Thu Sep 12 05:36:26 UTC 2019
------------------ testing $PTII/ptolemy/domains/de/test/auto/OpenQueuingNetwork.xml
auto.tcl: Setting watchdog for 200 seconds at Thu Sep 12 05:36:26 UTC 2019
258 ms. Memory: 55296K Free: 26277K (48%)
ptolemy.util.test.WatchDog.cancel(): canceling Thu Sep 12 05:36:27 UTC 2019
auto.tcl: Setting watchdog for 200 seconds at Thu Sep 12 05:36:27 UTC 2019
248 ms. Memory: 66560K Free: 17045K (26%)
ptolemy.util.test.WatchDog.cancel(): canceling Thu Sep 12 05:36:27 UTC 2019
------------------ testing $PTII/ptolemy/domains/de/test/auto/PeriodicSampler.xml
auto.tcl: Setting watchdog for 200 seconds at Thu Sep 12 05:36:27 UTC 2019
3 ms. Memory: 51200K Free: 33009K (64%)
ptolemy.util.test.WatchDog.cancel(): canceling Thu Sep 12 05:36:27 UTC 2019
auto.tcl: Setting watchdog for 200 seconds at Thu Sep 12 05:36:27 UTC 2019
2 ms. Memory: 51200K Free: 32500K (63%)
ptolemy.util.test.WatchDog.cancel(): canceling Thu Sep 12 05:36:27 UTC 2019
------------------ testing $PTII/ptolemy/domains/de/test/auto/PersistentIO.xml
auto.tcl: Setting watchdog for 200 seconds at Thu Sep 12 05:36:27 UTC 2019
14 ms. Memory: 48128K Free: 24876K (52%)
ptolemy.util.test.WatchDog.cancel(): canceling Thu Sep 12 05:36:27 UTC 2019
auto.tcl: Setting watchdog for 200 seconds at Thu Sep 12 05:36:27 UTC 2019
4 ms. Memory: 48128K Free: 23405K (49%)
ptolemy.util.test.WatchDog.cancel(): canceling Thu Sep 12 05:36:27 UTC 2019
------------------ testing $PTII/ptolemy/domains/de/test/auto/PortParameterResetOnInitialize.xml
auto.tcl: Setting watchdog for 200 seconds at Thu Sep 12 05:36:27 UTC 2019
8 ms. Memory: 48128K Free: 29830K (62%)
ptolemy.util.test.WatchDog.cancel(): canceling Thu Sep 12 05:36:27 UTC 2019
auto.tcl: Setting watchdog for 200 seconds at Thu Sep 12 05:36:27 UTC 2019
2 ms. Memory: 48128K Free: 29363K (61%)
ptolemy.util.test.WatchDog.cancel(): canceling Thu Sep 12 05:36:27 UTC 2019
------------------ testing $PTII/ptolemy/domains/de/test/auto/PortParameterUpdates.xml
auto.tcl: Setting watchdog for 200 seconds at Thu Sep 12 05:36:27 UTC 2019
9 ms. Memory: 48128K Free: 28190K (59%)
ptolemy.util.test.WatchDog.cancel(): canceling Thu Sep 12 05:36:27 UTC 2019
auto.tcl: Setting watchdog for 200 seconds at Thu Sep 12 05:36:27 UTC 2019
3 ms. Memory: 48128K Free: 26959K (56%)
ptolemy.util.test.WatchDog.cancel(): canceling Thu Sep 12 05:36:27 UTC 2019
------------------ testing $PTII/ptolemy/domains/de/test/auto/QueueAndServer.xml
auto.tcl: Setting watchdog for 200 seconds at Thu Sep 12 05:36:27 UTC 2019
7 ms. Memory: 48128K Free: 26863K (56%)
ptolemy.util.test.WatchDog.cancel(): canceling Thu Sep 12 05:36:27 UTC 2019
auto.tcl: Setting watchdog for 200 seconds at Thu Sep 12 05:36:27 UTC 2019
6 ms. Memory: 48128K Free: 25440K (53%)
ptolemy.util.test.WatchDog.cancel(): canceling Thu Sep 12 05:36:27 UTC 2019
------------------ testing $PTII/ptolemy/domains/de/test/auto/Records.xml
auto.tcl: Setting watchdog for 200 seconds at Thu Sep 12 05:36:27 UTC 2019
3 ms. Memory: 48128K Free: 29392K (61%)
ptolemy.util.test.WatchDog.cancel(): canceling Thu Sep 12 05:36:27 UTC 2019
auto.tcl: Setting watchdog for 200 seconds at Thu Sep 12 05:36:27 UTC 2019
2 ms. Memory: 48128K Free: 28897K (60%)
ptolemy.util.test.WatchDog.cancel(): canceling Thu Sep 12 05:36:27 UTC 2019
------------------ testing $PTII/ptolemy/domains/de/test/auto/ResetTransitionWithStartTime1.xml
auto.tcl: Setting watchdog for 200 seconds at Thu Sep 12 05:36:27 UTC 2019
6 ms. Memory: 48128K Free: 26347K (55%)
ptolemy.util.test.WatchDog.cancel(): canceling Thu Sep 12 05:36:27 UTC 2019
auto.tcl: Setting watchdog for 200 seconds at Thu Sep 12 05:36:27 UTC 2019
6 ms. Memory: 48128K Free: 24299K (50%)
ptolemy.util.test.WatchDog.cancel(): canceling Thu Sep 12 05:36:27 UTC 2019
------------------ testing $PTII/ptolemy/domains/de/test/auto/ResetTransitionWithStartTime2.xml
auto.tcl: Setting watchdog for 200 seconds at Thu Sep 12 05:36:28 UTC 2019
5 ms. Memory: 48128K Free: 26301K (55%)
ptolemy.util.test.WatchDog.cancel(): canceling Thu Sep 12 05:36:28 UTC 2019
auto.tcl: Setting watchdog for 200 seconds at Thu Sep 12 05:36:28 UTC 2019
6 ms. Memory: 48128K Free: 23770K (49%)
ptolemy.util.test.WatchDog.cancel(): canceling Thu Sep 12 05:36:28 UTC 2019
------------------ testing $PTII/ptolemy/domains/de/test/auto/ResetTransitionWithStartTime3.xml
auto.tcl: Setting watchdog for 200 seconds at Thu Sep 12 05:36:28 UTC 2019
10 ms. Memory: 48128K Free: 26300K (55%)
ptolemy.util.test.WatchDog.cancel(): canceling Thu Sep 12 05:36:28 UTC 2019
auto.tcl: Setting watchdog for 200 seconds at Thu Sep 12 05:36:28 UTC 2019
8 ms. Memory: 48128K Free: 23799K (49%)
ptolemy.util.test.WatchDog.cancel(): canceling Thu Sep 12 05:36:28 UTC 2019
------------------ testing $PTII/ptolemy/domains/de/test/auto/ResetTransitionWithStartTime4.xml
auto.tcl: Setting watchdog for 200 seconds at Thu Sep 12 05:36:28 UTC 2019
7 ms. Memory: 48128K Free: 26788K (56%)
ptolemy.util.test.WatchDog.cancel(): canceling Thu Sep 12 05:36:28 UTC 2019
auto.tcl: Setting watchdog for 200 seconds at Thu Sep 12 05:36:28 UTC 2019
3 ms. Memory: 48128K Free: 25373K (53%)
ptolemy.util.test.WatchDog.cancel(): canceling Thu Sep 12 05:36:28 UTC 2019
------------------ testing $PTII/ptolemy/domains/de/test/auto/ResettableTimer1.xml
auto.tcl: Setting watchdog for 200 seconds at Thu Sep 12 05:36:28 UTC 2019
5 ms. Memory: 48128K Free: 30546K (63%)
ptolemy.util.test.WatchDog.cancel(): canceling Thu Sep 12 05:36:28 UTC 2019
auto.tcl: Setting watchdog for 200 seconds at Thu Sep 12 05:36:28 UTC 2019
2 ms. Memory: 48128K Free: 29894K (62%)
ptolemy.util.test.WatchDog.cancel(): canceling Thu Sep 12 05:36:28 UTC 2019
------------------ testing $PTII/ptolemy/domains/de/test/auto/ResettableTimer2.xml
auto.tcl: Setting watchdog for 200 seconds at Thu Sep 12 05:36:28 UTC 2019
3 ms. Memory: 48128K Free: 30602K (64%)
ptolemy.util.test.WatchDog.cancel(): canceling Thu Sep 12 05:36:28 UTC 2019
auto.tcl: Setting watchdog for 200 seconds at Thu Sep 12 05:36:28 UTC 2019
2 ms. Memory: 48128K Free: 29529K (61%)
ptolemy.util.test.WatchDog.cancel(): canceling Thu Sep 12 05:36:28 UTC 2019
------------------ testing $PTII/ptolemy/domains/de/test/auto/ResettableTimer3.xml
auto.tcl: Setting watchdog for 200 seconds at Thu Sep 12 05:36:28 UTC 2019
1 ms. Memory: 48128K Free: 30474K (63%)
ptolemy.util.test.WatchDog.cancel(): canceling Thu Sep 12 05:36:28 UTC 2019
auto.tcl: Setting watchdog for 200 seconds at Thu Sep 12 05:36:28 UTC 2019
1 ms. Memory: 48128K Free: 30432K (63%)
ptolemy.util.test.WatchDog.cancel(): canceling Thu Sep 12 05:36:28 UTC 2019
------------------ testing $PTII/ptolemy/domains/de/test/auto/ResettableTimer4.xml
auto.tcl: Setting watchdog for 200 seconds at Thu Sep 12 05:36:28 UTC 2019
1 ms. Memory: 48128K Free: 30465K (63%)
ptolemy.util.test.WatchDog.cancel(): canceling Thu Sep 12 05:36:28 UTC 2019
auto.tcl: Setting watchdog for 200 seconds at Thu Sep 12 05:36:28 UTC 2019
1 ms. Memory: 48128K Free: 29975K (62%)
ptolemy.util.test.WatchDog.cancel(): canceling Thu Sep 12 05:36:28 UTC 2019
------------------ testing $PTII/ptolemy/domains/de/test/auto/ResettableTimer5.xml
auto.tcl: Setting watchdog for 200 seconds at Thu Sep 12 05:36:28 UTC 2019
1 ms. Memory: 48128K Free: 29916K (62%)
ptolemy.util.test.WatchDog.cancel(): canceling Thu Sep 12 05:36:28 UTC 2019
auto.tcl: Setting watchdog for 200 seconds at Thu Sep 12 05:36:28 UTC 2019
2 ms. Memory: 48128K Free: 29448K (61%)
ptolemy.util.test.WatchDog.cancel(): canceling Thu Sep 12 05:36:28 UTC 2019
------------------ testing $PTII/ptolemy/domains/de/test/auto/ResettableTimer6.xml
auto.tcl: Setting watchdog for 200 seconds at Thu Sep 12 05:36:28 UTC 2019
1 ms. Memory: 48128K Free: 29890K (62%)
ptolemy.util.test.WatchDog.cancel(): canceling Thu Sep 12 05:36:28 UTC 2019
auto.tcl: Setting watchdog for 200 seconds at Thu Sep 12 05:36:28 UTC 2019
2 ms. Memory: 48128K Free: 29431K (61%)
ptolemy.util.test.WatchDog.cancel(): canceling Thu Sep 12 05:36:28 UTC 2019
------------------ testing $PTII/ptolemy/domains/de/test/auto/ServerZeroDelay.xml
auto.tcl: Setting watchdog for 200 seconds at Thu Sep 12 05:36:28 UTC 2019
6 ms. Memory: 48128K Free: 30426K (63%)
ptolemy.util.test.WatchDog.cancel(): canceling Thu Sep 12 05:36:28 UTC 2019
auto.tcl: Setting watchdog for 200 seconds at Thu Sep 12 05:36:28 UTC 2019
2 ms. Memory: 48128K Free: 29484K (61%)
ptolemy.util.test.WatchDog.cancel(): canceling Thu Sep 12 05:36:28 UTC 2019
------------------ testing $PTII/ptolemy/domains/de/test/auto/SmartSender.xml
auto.tcl: Setting watchdog for 200 seconds at Thu Sep 12 05:36:28 UTC 2019
3002 ms. Memory: 48128K Free: 30480K (63%)
ptolemy.util.test.WatchDog.cancel(): canceling Thu Sep 12 05:36:31 UTC 2019
auto.tcl: Setting watchdog for 200 seconds at Thu Sep 12 05:36:31 UTC 2019
3002 ms. Memory: 48128K Free: 29946K (62%)
ptolemy.util.test.WatchDog.cancel(): canceling Thu Sep 12 05:36:34 UTC 2019
------------------ testing $PTII/ptolemy/domains/de/test/auto/ThreadedComposite.xml
auto.tcl: Setting watchdog for 200 seconds at Thu Sep 12 05:36:34 UTC 2019
264 ms. Memory: 48128K Free: 7906K (16%)
ptolemy.util.test.WatchDog.cancel(): canceling Thu Sep 12 05:36:35 UTC 2019
auto.tcl: Setting watchdog for 200 seconds at Thu Sep 12 05:36:35 UTC 2019
181 ms. Memory: 48128K Free: 18197K (38%)
ptolemy.util.test.WatchDog.cancel(): canceling Thu Sep 12 05:36:35 UTC 2019
------------------ testing $PTII/ptolemy/domains/de/test/auto/Time.xml
auto.tcl: Setting watchdog for 200 seconds at Thu Sep 12 05:36:35 UTC 2019
516 ms. Memory: 48128K Free: 29204K (61%)
ptolemy.util.test.WatchDog.cancel(): canceling Thu Sep 12 05:36:35 UTC 2019
auto.tcl: Setting watchdog for 200 seconds at Thu Sep 12 05:36:35 UTC 2019
529 ms. Memory: 48128K Free: 27217K (57%)
ptolemy.util.test.WatchDog.cancel(): canceling Thu Sep 12 05:36:36 UTC 2019
------------------ testing $PTII/ptolemy/domains/de/test/auto/TimeDelayZeroDelay.xml
auto.tcl: Setting watchdog for 200 seconds at Thu Sep 12 05:36:36 UTC 2019
2 ms. Memory: 48128K Free: 30846K (64%)
ptolemy.util.test.WatchDog.cancel(): canceling Thu Sep 12 05:36:36 UTC 2019
auto.tcl: Setting watchdog for 200 seconds at Thu Sep 12 05:36:36 UTC 2019
2 ms. Memory: 48128K Free: 29967K (62%)
ptolemy.util.test.WatchDog.cancel(): canceling Thu Sep 12 05:36:36 UTC 2019
------------------ testing $PTII/ptolemy/domains/de/test/auto/TimerZeroDelay.xml
auto.tcl: Setting watchdog for 200 seconds at Thu Sep 12 05:36:36 UTC 2019
4 ms. Memory: 48128K Free: 30836K (64%)
ptolemy.util.test.WatchDog.cancel(): canceling Thu Sep 12 05:36:36 UTC 2019
auto.tcl: Setting watchdog for 200 seconds at Thu Sep 12 05:36:36 UTC 2019
2 ms. Memory: 48128K Free: 29996K (62%)
ptolemy.util.test.WatchDog.cancel(): canceling Thu Sep 12 05:36:36 UTC 2019
------------------ testing $PTII/ptolemy/domains/de/test/auto/TimingParadox.xml
auto.tcl: Setting watchdog for 200 seconds at Thu Sep 12 05:36:36 UTC 2019
397 ms. Memory: 48128K Free: 12419K (26%)
ptolemy.util.test.WatchDog.cancel(): canceling Thu Sep 12 05:36:37 UTC 2019
auto.tcl: Setting watchdog for 200 seconds at Thu Sep 12 05:36:37 UTC 2019
380 ms. Memory: 58368K Free: 34380K (59%)
ptolemy.util.test.WatchDog.cancel(): canceling Thu Sep 12 05:36:37 UTC 2019
------------------ testing $PTII/ptolemy/domains/de/test/auto/TransferInputs.xml
auto.tcl: Setting watchdog for 200 seconds at Thu Sep 12 05:36:37 UTC 2019
2 ms. Memory: 51200K Free: 31931K (62%)
ptolemy.util.test.WatchDog.cancel(): canceling Thu Sep 12 05:36:37 UTC 2019
auto.tcl: Setting watchdog for 200 seconds at Thu Sep 12 05:36:37 UTC 2019
5 ms. Memory: 51200K Free: 31060K (61%)
ptolemy.util.test.WatchDog.cancel(): canceling Thu Sep 12 05:36:37 UTC 2019
------------------ testing $PTII/ptolemy/domains/de/test/auto/TransferOutputs2.xml
auto.tcl: Setting watchdog for 200 seconds at Thu Sep 12 05:36:37 UTC 2019
2 ms. Memory: 51200K Free: 29373K (57%)
ptolemy.util.test.WatchDog.cancel(): canceling Thu Sep 12 05:36:37 UTC 2019
auto.tcl: Setting watchdog for 200 seconds at Thu Sep 12 05:36:37 UTC 2019
3 ms. Memory: 51200K Free: 27975K (55%)
ptolemy.util.test.WatchDog.cancel(): canceling Thu Sep 12 05:36:37 UTC 2019
------------------ testing $PTII/ptolemy/domains/de/test/auto/Trilateration.xml
auto.tcl: Setting watchdog for 200 seconds at Thu Sep 12 05:36:37 UTC 2019
14190 ms. Memory: 342016K Free: 119375K (35%)
ptolemy.util.test.WatchDog.cancel(): canceling Thu Sep 12 05:36:53 UTC 2019
auto.tcl: Setting watchdog for 200 seconds at Thu Sep 12 05:36:53 UTC 2019
10860 ms. Memory: 342016K Free: 125795K (37%)
ptolemy.util.test.WatchDog.cancel(): canceling Thu Sep 12 05:37:03 UTC 2019
------------------ testing $PTII/ptolemy/domains/de/test/auto/TwoSigmaDelta.xml
auto.tcl: Setting watchdog for 200 seconds at Thu Sep 12 05:37:04 UTC 2019
2723 ms. Memory: 89088K Free: 18329K (21%)
ptolemy.util.test.WatchDog.cancel(): canceling Thu Sep 12 05:37:06 UTC 2019
auto.tcl: Setting watchdog for 200 seconds at Thu Sep 12 05:37:06 UTC 2019
2262 ms. Memory: 89088K Free: 14718K (17%)
ptolemy.util.test.WatchDog.cancel(): canceling Thu Sep 12 05:37:09 UTC 2019
------------------ testing $PTII/ptolemy/domains/de/test/auto/VariableDelay.xml
auto.tcl: Setting watchdog for 200 seconds at Thu Sep 12 05:37:09 UTC 2019
2 ms. Memory: 55296K Free: 36518K (66%)
ptolemy.util.test.WatchDog.cancel(): canceling Thu Sep 12 05:37:09 UTC 2019
auto.tcl: Setting watchdog for 200 seconds at Thu Sep 12 05:37:09 UTC 2019
2 ms. Memory: 55296K Free: 35478K (64%)
ptolemy.util.test.WatchDog.cancel(): canceling Thu Sep 12 05:37:09 UTC 2019
------------------ testing $PTII/ptolemy/domains/de/test/auto/VariableDelay2.xml
auto.tcl: Setting watchdog for 200 seconds at Thu Sep 12 05:37:09 UTC 2019
8 ms. Memory: 48128K Free: 29749K (62%)
ptolemy.util.test.WatchDog.cancel(): canceling Thu Sep 12 05:37:09 UTC 2019
auto.tcl: Setting watchdog for 200 seconds at Thu Sep 12 05:37:09 UTC 2019
2 ms. Memory: 48128K Free: 29253K (61%)
ptolemy.util.test.WatchDog.cancel(): canceling Thu Sep 12 05:37:09 UTC 2019
------------------ testing $PTII/ptolemy/domains/de/test/auto/VariableDelayZeroDelay.xml
auto.tcl: Setting watchdog for 200 seconds at Thu Sep 12 05:37:09 UTC 2019
2 ms. Memory: 48128K Free: 30276K (63%)
ptolemy.util.test.WatchDog.cancel(): canceling Thu Sep 12 05:37:09 UTC 2019
auto.tcl: Setting watchdog for 200 seconds at Thu Sep 12 05:37:09 UTC 2019
2 ms. Memory: 48128K Free: 29797K (62%)
ptolemy.util.test.WatchDog.cancel(): canceling Thu Sep 12 05:37:09 UTC 2019
------------------ testing $PTII/ptolemy/domains/de/test/auto/VariableDelayZeroDelay2.xml
auto.tcl: Setting watchdog for 200 seconds at Thu Sep 12 05:37:09 UTC 2019
2 ms. Memory: 48128K Free: 30275K (63%)
ptolemy.util.test.WatchDog.cancel(): canceling Thu Sep 12 05:37:09 UTC 2019
auto.tcl: Setting watchdog for 200 seconds at Thu Sep 12 05:37:09 UTC 2019
2 ms. Memory: 48128K Free: 29308K (61%)
ptolemy.util.test.WatchDog.cancel(): canceling Thu Sep 12 05:37:09 UTC 2019
------------------ testing $PTII/ptolemy/domains/de/test/auto/deInCt.xml
auto.tcl: Setting watchdog for 200 seconds at Thu Sep 12 05:37:09 UTC 2019
0
1
1
1
0
0
0
1
1
1
0
0
0
0
1
1
1
1
1
1
0
0
1
1
1
0
0
0
1
1
1
1
0
0
0
0
14 ms. Memory: 48128K Free: 29248K (61%)
ptolemy.util.test.WatchDog.cancel(): canceling Thu Sep 12 05:37:09 UTC 2019
auto.tcl: Setting watchdog for 200 seconds at Thu Sep 12 05:37:09 UTC 2019
0
1
1
1
0
0
0
1
1
1
0
0
0
1
1
1
1
0
0
0
1
1
1
1
1
0
0
1
1
1
1
1
8 ms. Memory: 48128K Free: 27728K (58%)
ptolemy.util.test.WatchDog.cancel(): canceling Thu Sep 12 05:37:09 UTC 2019
------------------ testing $PTII/ptolemy/domains/de/test/auto/deInCt2.xml
auto.tcl: Setting watchdog for 200 seconds at Thu Sep 12 05:37:09 UTC 2019
0
1
1
1
0
0
1
1
1
0
0
1
1
1
0
0
1
1
1
0
0
1
1
1
0
0
1
1
1
0
0
1
1
1
0
0
1
1
1
0
0
0
14 ms. Memory: 48128K Free: 29250K (61%)
ptolemy.util.test.WatchDog.cancel(): canceling Thu Sep 12 05:37:09 UTC 2019
auto.tcl: Setting watchdog for 200 seconds at Thu Sep 12 05:37:09 UTC 2019
0
1
1
1
0
0
1
1
1
0
0
1
1
1
0
0
1
1
1
0
0
1
1
1
0
0
1
1
1
0
0
1
1
1
0
0
1
1
1
0
0
0
8 ms. Memory: 48128K Free: 27740K (58%)
ptolemy.util.test.WatchDog.cancel(): canceling Thu Sep 12 05:37:09 UTC 2019
------------------ testing $PTII/ptolemy/domains/de/test/auto/dynamicCausalityInterface1.xml
auto.tcl: Setting watchdog for 200 seconds at Thu Sep 12 05:37:09 UTC 2019
2 ms. Memory: 48128K Free: 24621K (51%)
ptolemy.util.test.WatchDog.cancel(): canceling Thu Sep 12 05:37:09 UTC 2019
auto.tcl: Setting watchdog for 200 seconds at Thu Sep 12 05:37:09 UTC 2019
1 ms. Memory: 48128K Free: 24142K (50%)
ptolemy.util.test.WatchDog.cancel(): canceling Thu Sep 12 05:37:09 UTC 2019
------------------ testing $PTII/ptolemy/domains/de/test/auto/fsm_de_test.xml
auto.tcl: Setting watchdog for 200 seconds at Thu Sep 12 05:37:09 UTC 2019
7 ms. Memory: 48128K Free: 25047K (52%)
ptolemy.util.test.WatchDog.cancel(): canceling Thu Sep 12 05:37:09 UTC 2019
auto.tcl: Setting watchdog for 200 seconds at Thu Sep 12 05:37:09 UTC 2019
6 ms. Memory: 48128K Free: 23050K (48%)
ptolemy.util.test.WatchDog.cancel(): canceling Thu Sep 12 05:37:09 UTC 2019
------------------ testing $PTII/ptolemy/domains/de/test/auto/functionDependencyReconstruction.xml
auto.tcl: Setting watchdog for 200 seconds at Thu Sep 12 05:37:09 UTC 2019
9 ms. Memory: 48128K Free: 18893K (39%)
ptolemy.util.test.WatchDog.cancel(): canceling Thu Sep 12 05:37:09 UTC 2019
auto.tcl: Setting watchdog for 200 seconds at Thu Sep 12 05:37:09 UTC 2019
2 ms. Memory: 48128K Free: 16888K (35%)
ptolemy.util.test.WatchDog.cancel(): canceling Thu Sep 12 05:37:09 UTC 2019
------------------ testing $PTII/ptolemy/domains/de/test/auto/multirate.xml
auto.tcl: Setting watchdog for 200 seconds at Thu Sep 12 05:37:09 UTC 2019
5 ms. Memory: 48128K Free: 27463K (57%)
ptolemy.util.test.WatchDog.cancel(): canceling Thu Sep 12 05:37:09 UTC 2019
auto.tcl: Setting watchdog for 200 seconds at Thu Sep 12 05:37:09 UTC 2019
3 ms. Memory: 48128K Free: 26002K (54%)
ptolemy.util.test.WatchDog.cancel(): canceling Thu Sep 12 05:37:09 UTC 2019
------------------ testing $PTII/ptolemy/domains/de/test/auto/multirate2.xml
auto.tcl: Setting watchdog for 200 seconds at Thu Sep 12 05:37:10 UTC 2019
3 ms. Memory: 48128K Free: 27872K (58%)
ptolemy.util.test.WatchDog.cancel(): canceling Thu Sep 12 05:37:10 UTC 2019
auto.tcl: Setting watchdog for 200 seconds at Thu Sep 12 05:37:10 UTC 2019
4 ms. Memory: 48128K Free: 26198K (54%)
ptolemy.util.test.WatchDog.cancel(): canceling Thu Sep 12 05:37:10 UTC 2019
------------------ testing $PTII/ptolemy/domains/de/test/auto/realtime.xml
auto.tcl: Setting watchdog for 200 seconds at Thu Sep 12 05:37:10 UTC 2019
10001 ms. Memory: 48128K Free: 29909K (62%)
ptolemy.util.test.WatchDog.cancel(): canceling Thu Sep 12 05:37:20 UTC 2019
auto.tcl: Setting watchdog for 200 seconds at Thu Sep 12 05:37:20 UTC 2019
10002 ms. Memory: 48128K Free: 29193K (61%)
ptolemy.util.test.WatchDog.cancel(): canceling Thu Sep 12 05:37:30 UTC 2019
------------------ testing $PTII/ptolemy/domains/de/test/auto/relationGroup.xml
auto.tcl: Setting watchdog for 200 seconds at Thu Sep 12 05:37:30 UTC 2019
9 ms. Memory: 48128K Free: 31008K (64%)
ptolemy.util.test.WatchDog.cancel(): canceling Thu Sep 12 05:37:30 UTC 2019
auto.tcl: Setting watchdog for 200 seconds at Thu Sep 12 05:37:30 UTC 2019
2 ms. Memory: 48128K Free: 30275K (63%)
ptolemy.util.test.WatchDog.cancel(): canceling Thu Sep 12 05:37:30 UTC 2019
------------------ testing $PTII/ptolemy/domains/de/test/auto/relationGroup2.xml
auto.tcl: Setting watchdog for 200 seconds at Thu Sep 12 05:37:30 UTC 2019
1 ms. Memory: 48128K Free: 30986K (64%)
ptolemy.util.test.WatchDog.cancel(): canceling Thu Sep 12 05:37:30 UTC 2019
auto.tcl: Setting watchdog for 200 seconds at Thu Sep 12 05:37:30 UTC 2019
1 ms. Memory: 48128K Free: 30301K (63%)
ptolemy.util.test.WatchDog.cancel(): canceling Thu Sep 12 05:37:30 UTC 2019
------------------ testing $PTII/ptolemy/domains/de/test/auto/sortWithOpaquePorts.xml
auto.tcl: Setting watchdog for 200 seconds at Thu Sep 12 05:37:30 UTC 2019
1 ms. Memory: 48128K Free: 30301K (63%)
ptolemy.util.test.WatchDog.cancel(): canceling Thu Sep 12 05:37:30 UTC 2019
auto.tcl: Setting watchdog for 200 seconds at Thu Sep 12 05:37:30 UTC 2019
2 ms. Memory: 48128K Free: 28817K (60%)
ptolemy.util.test.WatchDog.cancel(): canceling Thu Sep 12 05:37:30 UTC 2019
------------------ testing $PTII/ptolemy/domains/de/test/auto/transferInputsandOutputs.xml
auto.tcl: Setting watchdog for 200 seconds at Thu Sep 12 05:37:30 UTC 2019
2 ms. Memory: 48128K Free: 27216K (57%)
ptolemy.util.test.WatchDog.cancel(): canceling Thu Sep 12 05:37:30 UTC 2019
auto.tcl: Setting watchdog for 200 seconds at Thu Sep 12 05:37:30 UTC 2019
1 ms. Memory: 48128K Free: 26251K (55%)
ptolemy.util.test.WatchDog.cancel(): canceling Thu Sep 12 05:37:30 UTC 2019
------------------ testing $PTII/ptolemy/domains/de/test/auto/triggerType.xml
auto.tcl: Setting watchdog for 200 seconds at Thu Sep 12 05:37:30 UTC 2019
1 ms. Memory: 48128K Free: 30242K (63%)
ptolemy.util.test.WatchDog.cancel(): canceling Thu Sep 12 05:37:30 UTC 2019
auto.tcl: Setting watchdog for 200 seconds at Thu Sep 12 05:37:30 UTC 2019
2 ms. Memory: 48128K Free: 29225K (61%)
ptolemy.util.test.WatchDog.cancel(): canceling Thu Sep 12 05:37:30 UTC 2019
09/12/19 05:37:30
Failed: 0  Total Tests: 192  ((Passed: 187, Newly Passed: 1)  Known Failed: 5) /home/travis/build/icyphy/ptII/ptolemy/domains/de/test
09/12/19 05:37:30
Failed: 0  Total Tests: 192  ((Passed: 187, Newly Passed: 1)  Known Failed: 5) /home/travis/build/icyphy/ptII/ptolemy/domains/de/test
----------------- testing (KnownFailure) /home/travis/build/icyphy/ptII/ptolemy/domains/de/test/auto/knownFailedTests/DESDFClockTest.xml
2011 ms. Memory: 48128K Free: 23126K (48%)
Known Failure: java.lang.reflect.InvocationTargetException
----------------- testing (KnownFailure) /home/travis/build/icyphy/ptII/ptolemy/domains/de/test/auto/knownFailedTests/DirectFeedback.xml
2 ms. Memory: 48128K Free: 19540K (41%)
Known Failure: java.lang.reflect.InvocationTargetException
----------------- testing (KnownFailure) /home/travis/build/icyphy/ptII/ptolemy/domains/de/test/auto/knownFailedTests/FSMSource.xml
7 ms. Memory: 48128K Free: 11862K (25%)
----------------- testing (KnownFailure) /home/travis/build/icyphy/ptII/ptolemy/domains/de/test/auto/knownFailedTests/HierarchicalModel.xml
2 ms. Memory: 48128K Free: 23073K (48%)
Known Failure: java.lang.reflect.InvocationTargetException
----------------- testing (KnownFailure) /home/travis/build/icyphy/ptII/ptolemy/domains/de/test/auto/knownFailedTests/dependencyLoop.xml
3 ms. Memory: 48128K Free: 7724K (16%)
Known Failure: java.lang.reflect.InvocationTargetException
----------------- testing (KnownFailure) /home/travis/build/icyphy/ptII/ptolemy/domains/de/test/auto/knownFailedTests/dependencyLoop2.xml
7 ms. Memory: 48128K Free: 19657K (41%)
Known Failure: java.lang.reflect.InvocationTargetException
No auto/linux-amd64/*.xml tests in /home/travis/build/icyphy/ptII/ptolemy/domains/de/test
AutoTests.java: About to close Vertx.
AutoTests.java: Vertx closed.

===========================================================================================
----------------- testing Thu Sep 12 05:37:32 UTC 2019 /home/travis/build/icyphy/ptII/ptolemy/domains/de/test/auto/ActorDepthCalculation_actorWithoutPorts.xml
----------------- Instantiating /home/travis/build/icyphy/ptII/ptolemy/domains/de/test/auto/ActorDepthCalculation_actorWithoutPorts.xml
2 ms. Memory: 48128K Free: 13193K (27%)
----------------- Invoking toplevel() on ptolemy.moml.MoMLSimpleApplication@8714e15
----------------- Done invoking toplevel() on ptolemy.moml.MoMLSimpleApplication@8714e15
reloadAllAccessors: .ActorDepthCalculation_actorWithoutPorts

===========================================================================================
----------------- testing Thu Sep 12 05:37:32 UTC 2019 /home/travis/build/icyphy/ptII/ptolemy/domains/de/test/auto/AssemblyLine.xml
----------------- Instantiating /home/travis/build/icyphy/ptII/ptolemy/domains/de/test/auto/AssemblyLine.xml
3 ms. Memory: 48128K Free: 32708K (68%)
----------------- Invoking toplevel() on ptolemy.moml.MoMLSimpleApplication@76f82d5
----------------- Done invoking toplevel() on ptolemy.moml.MoMLSimpleApplication@76f82d5
reloadAllAccessors: .AssemblyLine

===========================================================================================
----------------- testing Thu Sep 12 05:37:32 UTC 2019 /home/travis/build/icyphy/ptII/ptolemy/domains/de/test/auto/CQBug1.xml
----------------- Instantiating /home/travis/build/icyphy/ptII/ptolemy/domains/de/test/auto/CQBug1.xml
1 ms. Memory: 48128K Free: 29650K (62%)
----------------- Invoking toplevel() on ptolemy.moml.MoMLSimpleApplication@3186b651
----------------- Done invoking toplevel() on ptolemy.moml.MoMLSimpleApplication@3186b651
reloadAllAccessors: .CQBug1

===========================================================================================
----------------- testing Thu Sep 12 05:37:32 UTC 2019 /home/travis/build/icyphy/ptII/ptolemy/domains/de/test/auto/CancelFireAt.xml
----------------- Instantiating /home/travis/build/icyphy/ptII/ptolemy/domains/de/test/auto/CancelFireAt.xml
1 ms. Memory: 48128K Free: 27015K (56%)
----------------- Invoking toplevel() on ptolemy.moml.MoMLSimpleApplication@50278825
----------------- Done invoking toplevel() on ptolemy.moml.MoMLSimpleApplication@50278825
reloadAllAccessors: .CancelFireAt

===========================================================================================
----------------- testing Thu Sep 12 05:37:32 UTC 2019 /home/travis/build/icyphy/ptII/ptolemy/domains/de/test/auto/CausalityAndComposabilityAnalysis.xml
----------------- Instantiating /home/travis/build/icyphy/ptII/ptolemy/domains/de/test/auto/CausalityAndComposabilityAnalysis.xml
1 ms. Memory: 48128K Free: 22750K (47%)
----------------- Invoking toplevel() on ptolemy.moml.MoMLSimpleApplication@5401cef1
----------------- Done invoking toplevel() on ptolemy.moml.MoMLSimpleApplication@5401cef1
reloadAllAccessors: .CausalityAndComposabilityAnalysis

===========================================================================================
----------------- testing Thu Sep 12 05:37:32 UTC 2019 /home/travis/build/icyphy/ptII/ptolemy/domains/de/test/auto/CausalityInterface1.xml
----------------- Instantiating /home/travis/build/icyphy/ptII/ptolemy/domains/de/test/auto/CausalityInterface1.xml
5 ms. Memory: 48128K Free: 17823K (37%)
----------------- Invoking toplevel() on ptolemy.moml.MoMLSimpleApplication@e5a10fd
----------------- Done invoking toplevel() on ptolemy.moml.MoMLSimpleApplication@e5a10fd
reloadAllAccessors: .CausalityInterface1

===========================================================================================
----------------- testing Thu Sep 12 05:37:32 UTC 2019 /home/travis/build/icyphy/ptII/ptolemy/domains/de/test/auto/CausalityInterface15.xml
----------------- Instantiating /home/travis/build/icyphy/ptII/ptolemy/domains/de/test/auto/CausalityInterface15.xml
2 ms. Memory: 48128K Free: 12677K (26%)
----------------- Invoking toplevel() on ptolemy.moml.MoMLSimpleApplication@68603a3d
----------------- Done invoking toplevel() on ptolemy.moml.MoMLSimpleApplication@68603a3d
reloadAllAccessors: .CausalityInterface15

===========================================================================================
----------------- testing Thu Sep 12 05:37:32 UTC 2019 /home/travis/build/icyphy/ptII/ptolemy/domains/de/test/auto/CausalityInterface2.xml
----------------- Instantiating /home/travis/build/icyphy/ptII/ptolemy/domains/de/test/auto/CausalityInterface2.xml
1 ms. Memory: 48128K Free: 8124K (17%)
[...]
	at ptolemy.actor.Manager.run(Manager.java:1263)
	at ptolemy.actor.Manager$PtolemyRunThread.run(Manager.java:1933)
java.lang.RuntimeException: Execution failed
	at ptolemy.moml.MoMLSimpleApplication$UnloadThread.run(MoMLSimpleApplication.java:402)
Caused by: ptolemy.kernel.util.IllegalActionException: Actor is not ready to fire.  Perhaps UpSample.prefire() returned false? Try debugging the actor by selecting "Listen to Actor".  Also, for SDF check moml for tokenConsumptionRate on input.
  in .DESDFClockTest.Play Bell.Copy1:SDF Director and .DESDFClockTest.Play Bell.UpSample
	at ptolemy.actor.sched.StaticSchedulingDirector.fire(StaticSchedulingDirector.java:227)
	at ptolemy.domains.sdf.kernel.SDFDirector.fire(SDFDirector.java:500)
	at ptolemy.actor.CompositeActor.fire(CompositeActor.java:455)
	at ptolemy.domains.de.kernel.DEDirector._fire(DEDirector.java:1949)
	at ptolemy.domains.de.kernel.DEDirector.fire(DEDirector.java:502)
	at ptolemy.actor.CompositeActor.fire(CompositeActor.java:455)
	at ptolemy.actor.Manager.iterate(Manager.java:851)
	at ptolemy.actor.Manager.execute(Manager.java:369)
	at ptolemy.actor.Manager.run(Manager.java:1263)
	at ptolemy.actor.Manager$PtolemyRunThread.run(Manager.java:1933)
java.lang.reflect.InvocationTargetException
	at java.base/jdk.internal.reflect.NativeConstructorAccessorImpl.newInstance0(Native Method)
	at java.base/jdk.internal.reflect.NativeConstructorAccessorImpl.newInstance(NativeConstructorAccessorImpl.java:62)
	at java.base/jdk.internal.reflect.DelegatingConstructorAccessorImpl.newInstance(DelegatingConstructorAccessorImpl.java:45)
	at java.base/java.lang.reflect.Constructor.newInstance(Constructor.java:490)
	at ptolemy.util.test.junit.AutoKnownFailedTests.RunModel(AutoKnownFailedTests.java:105)
	at java.base/jdk.internal.reflect.NativeMethodAccessorImpl.invoke0(Native Method)
	at java.base/jdk.internal.reflect.NativeMethodAccessorImpl.invoke(NativeMethodAccessorImpl.java:62)
	at java.base/jdk.internal.reflect.DelegatingMethodAccessorImpl.invoke(DelegatingMethodAccessorImpl.java:43)
	at java.base/java.lang.reflect.Method.invoke(Method.java:566)
	at org.junit.runners.model.FrameworkMethod$1.runReflectiveCall(FrameworkMethod.java:44)
	at org.junit.internal.runners.model.ReflectiveCallable.run(ReflectiveCallable.java:15)
	at org.junit.runners.model.FrameworkMethod.invokeExplosively(FrameworkMethod.java:41)
	at junitparams.internal.InvokeParameterisedMethod.evaluate(InvokeParameterisedMethod.java:102)
	at org.junit.internal.runners.statements.FailOnTimeout$1.run(FailOnTimeout.java:28)
Caused by: ptolemy.kernel.util.IllegalActionException: Actor is not ready to fire.  Perhaps UpSample.prefire() returned false? Try debugging the actor by selecting "Listen to Actor".  Also, for SDF check moml for tokenConsumptionRate on input.
  in .DESDFClockTest.Play Bell.Copy1:SDF Director and .DESDFClockTest.Play Bell.UpSample
	at ptolemy.actor.sched.StaticSchedulingDirector.fire(StaticSchedulingDirector.java:227)
	at ptolemy.domains.sdf.kernel.SDFDirector.fire(SDFDirector.java:500)
	at ptolemy.actor.CompositeActor.fire(CompositeActor.java:455)
	at ptolemy.domains.de.kernel.DEDirector._fire(DEDirector.java:1949)
	at ptolemy.domains.de.kernel.DEDirector.fire(DEDirector.java:502)
	at ptolemy.actor.CompositeActor.fire(CompositeActor.java:455)
	at ptolemy.actor.Manager.iterate(Manager.java:851)
	at ptolemy.actor.Manager.execute(Manager.java:369)
	at ptolemy.actor.Manager.run(Manager.java:1263)
	at ptolemy.actor.Manager$PtolemyRunThread.run(Manager.java:1933)
java.lang.RuntimeException: Execution failed
	at ptolemy.moml.MoMLSimpleApplication$UnloadThread.run(MoMLSimpleApplication.java:402)
Caused by: ptolemy.kernel.util.IllegalActionException: Test fails in iteration 1.
Value was: 1.0. Should have been: 2.0
  in .DirectFeedback.Test
	at ptolemy.actor.lib.Test.fire(Test.java:268)
	at ptolemy.domains.de.kernel.DEDirector._fire(DEDirector.java:1949)
	at ptolemy.domains.de.kernel.DEDirector.fire(DEDirector.java:502)
	at ptolemy.actor.CompositeActor.fire(CompositeActor.java:455)
	at ptolemy.actor.Manager.iterate(Manager.java:851)
	at ptolemy.actor.Manager.execute(Manager.java:369)
	at ptolemy.actor.Manager.run(Manager.java:1263)
	at ptolemy.actor.Manager$PtolemyRunThread.run(Manager.java:1933)
java.lang.reflect.InvocationTargetException
	at java.base/jdk.internal.reflect.NativeConstructorAccessorImpl.newInstance0(Native Method)
	at java.base/jdk.internal.reflect.NativeConstructorAccessorImpl.newInstance(NativeConstructorAccessorImpl.java:62)
	at java.base/jdk.internal.reflect.DelegatingConstructorAccessorImpl.newInstance(DelegatingConstructorAccessorImpl.java:45)
	at java.base/java.lang.reflect.Constructor.newInstance(Constructor.java:490)
	at ptolemy.util.test.junit.AutoKnownFailedTests.RunModel(AutoKnownFailedTests.java:105)
	at java.base/jdk.internal.reflect.NativeMethodAccessorImpl.invoke0(Native Method)
	at java.base/jdk.internal.reflect.NativeMethodAccessorImpl.invoke(NativeMethodAccessorImpl.java:62)
	at java.base/jdk.internal.reflect.DelegatingMethodAccessorImpl.invoke(DelegatingMethodAccessorImpl.java:43)
	at java.base/java.lang.reflect.Method.invoke(Method.java:566)
	at org.junit.runners.model.FrameworkMethod$1.runReflectiveCall(FrameworkMethod.java:44)
	at org.junit.internal.runners.model.ReflectiveCallable.run(ReflectiveCallable.java:15)
	at org.junit.runners.model.FrameworkMethod.invokeExplosively(FrameworkMethod.java:41)
	at junitparams.internal.InvokeParameterisedMethod.evaluate(InvokeParameterisedMethod.java:102)
	at org.junit.internal.runners.statements.FailOnTimeout$1.run(FailOnTimeout.java:28)
Caused by: ptolemy.kernel.util.IllegalActionException: Test fails in iteration 1.
Value was: 1.0. Should have been: 2.0
  in .DirectFeedback.Test
	at ptolemy.actor.lib.Test.fire(Test.java:268)
	at ptolemy.domains.de.kernel.DEDirector._fire(DEDirector.java:1949)
	at ptolemy.domains.de.kernel.DEDirector.fire(DEDirector.java:502)
	at ptolemy.actor.CompositeActor.fire(CompositeActor.java:455)
	at ptolemy.actor.Manager.iterate(Manager.java:851)
	at ptolemy.actor.Manager.execute(Manager.java:369)
	at ptolemy.actor.Manager.run(Manager.java:1263)
	at ptolemy.actor.Manager$PtolemyRunThread.run(Manager.java:1933)
java.lang.RuntimeException: Execution failed
	at ptolemy.moml.MoMLSimpleApplication$UnloadThread.run(MoMLSimpleApplication.java:402)
Caused by: ptolemy.kernel.util.IllegalActionException: Found a zero delay loop containing .HierarchicalModel.A
  in .HierarchicalModel and .HierarchicalModel.A
	at ptolemy.actor.util.CausalityInterfaceForComposites._computeOutputPortDepth(CausalityInterfaceForComposites.java:759)
	at ptolemy.actor.util.CausalityInterfaceForComposites._computeInputDepth(CausalityInterfaceForComposites.java:696)
	at ptolemy.actor.util.CausalityInterfaceForComposites._computeOutputPortDepth(CausalityInterfaceForComposites.java:765)
	at ptolemy.actor.util.CausalityInterfaceForComposites._computeInputDepth(CausalityInterfaceForComposites.java:696)
	at ptolemy.actor.util.CausalityInterfaceForComposites._computeOutputPortDepth(CausalityInterfaceForComposites.java:765)
	at ptolemy.actor.util.CausalityInterfaceForComposites._computeInputDepth(CausalityInterfaceForComposites.java:696)
	at ptolemy.actor.util.CausalityInterfaceForComposites._computeActorDepth(CausalityInterfaceForComposites.java:532)
	at ptolemy.actor.util.CausalityInterfaceForComposites.checkForCycles(CausalityInterfaceForComposites.java:96)
	at ptolemy.domains.de.kernel.DEDirector.preinitialize(DEDirector.java:1338)
	at ptolemy.actor.CompositeActor.preinitialize(CompositeActor.java:1828)
	at ptolemy.actor.Manager.preinitializeAndResolveTypes(Manager.java:1040)
	at ptolemy.actor.Manager.initialize(Manager.java:710)
	at ptolemy.actor.Manager.execute(Manager.java:356)
	at ptolemy.actor.Manager.run(Manager.java:1263)
	at ptolemy.actor.Manager$PtolemyRunThread.run(Manager.java:1933)
java.lang.reflect.InvocationTargetException
	at java.base/jdk.internal.reflect.NativeConstructorAccessorImpl.newInstance0(Native Method)
	at java.base/jdk.internal.reflect.NativeConstructorAccessorImpl.newInstance(NativeConstructorAccessorImpl.java:62)
	at java.base/jdk.internal.reflect.DelegatingConstructorAccessorImpl.newInstance(DelegatingConstructorAccessorImpl.java:45)
	at java.base/java.lang.reflect.Constructor.newInstance(Constructor.java:490)
	at ptolemy.util.test.junit.AutoKnownFailedTests.RunModel(AutoKnownFailedTests.java:105)
	at java.base/jdk.internal.reflect.NativeMethodAccessorImpl.invoke0(Native Method)
	at java.base/jdk.internal.reflect.NativeMethodAccessorImpl.invoke(NativeMethodAccessorImpl.java:62)
	at java.base/jdk.internal.reflect.DelegatingMethodAccessorImpl.invoke(DelegatingMethodAccessorImpl.java:43)
	at java.base/java.lang.reflect.Method.invoke(Method.java:566)
	at org.junit.runners.model.FrameworkMethod$1.runReflectiveCall(FrameworkMethod.java:44)
	at org.junit.internal.runners.model.ReflectiveCallable.run(ReflectiveCallable.java:15)
	at org.junit.runners.model.FrameworkMethod.invokeExplosively(FrameworkMethod.java:41)
	at junitparams.internal.InvokeParameterisedMethod.evaluate(InvokeParameterisedMethod.java:102)
	at org.junit.internal.runners.statements.FailOnTimeout$1.run(FailOnTimeout.java:28)
Caused by: ptolemy.kernel.util.IllegalActionException: Found a zero delay loop containing .HierarchicalModel.A
  in .HierarchicalModel and .HierarchicalModel.A
	at ptolemy.actor.util.CausalityInterfaceForComposites._computeOutputPortDepth(CausalityInterfaceForComposites.java:759)
	at ptolemy.actor.util.CausalityInterfaceForComposites._computeInputDepth(CausalityInterfaceForComposites.java:696)
	at ptolemy.actor.util.CausalityInterfaceForComposites._computeOutputPortDepth(CausalityInterfaceForComposites.java:765)
	at ptolemy.actor.util.CausalityInterfaceForComposites._computeInputDepth(CausalityInterfaceForComposites.java:696)
	at ptolemy.actor.util.CausalityInterfaceForComposites._computeOutputPortDepth(CausalityInterfaceForComposites.java:765)
	at ptolemy.actor.util.CausalityInterfaceForComposites._computeInputDepth(CausalityInterfaceForComposites.java:696)
	at ptolemy.actor.util.CausalityInterfaceForComposites._computeActorDepth(CausalityInterfaceForComposites.java:532)
	at ptolemy.actor.util.CausalityInterfaceForComposites.checkForCycles(CausalityInterfaceForComposites.java:96)
	at ptolemy.domains.de.kernel.DEDirector.preinitialize(DEDirector.java:1338)
	at ptolemy.actor.CompositeActor.preinitialize(CompositeActor.java:1828)
	at ptolemy.actor.Manager.preinitializeAndResolveTypes(Manager.java:1040)
	at ptolemy.actor.Manager.initialize(Manager.java:710)
	at ptolemy.actor.Manager.execute(Manager.java:356)
	at ptolemy.actor.Manager.run(Manager.java:1263)
	at ptolemy.actor.Manager$PtolemyRunThread.run(Manager.java:1933)
java.lang.RuntimeException: Execution failed
	at ptolemy.moml.MoMLSimpleApplication$UnloadThread.run(MoMLSimpleApplication.java:402)
Caused by: ptolemy.kernel.util.IllegalActionException: Found a zero delay loop containing .dependencyLoop.original
  in .dependencyLoop and .dependencyLoop.original
	at ptolemy.actor.util.CausalityInterfaceForComposites._computeOutputPortDepth(CausalityInterfaceForComposites.java:759)
	at ptolemy.actor.util.CausalityInterfaceForComposites._computeInputDepth(CausalityInterfaceForComposites.java:696)
	at ptolemy.actor.util.CausalityInterfaceForComposites._computeOutputPortDepth(CausalityInterfaceForComposites.java:765)
	at ptolemy.actor.util.CausalityInterfaceForComposites._computeInputDepth(CausalityInterfaceForComposites.java:696)
	at ptolemy.actor.util.CausalityInterfaceForComposites._computeOutputPortDepth(CausalityInterfaceForComposites.java:765)
	at ptolemy.actor.util.CausalityInterfaceForComposites._computeInputDepth(CausalityInterfaceForComposites.java:696)
	at ptolemy.actor.util.CausalityInterfaceForComposites._computeActorDepth(CausalityInterfaceForComposites.java:532)
	at ptolemy.actor.util.CausalityInterfaceForComposites.checkForCycles(CausalityInterfaceForComposites.java:96)
	at ptolemy.domains.de.kernel.DEDirector.preinitialize(DEDirector.java:1338)
	at ptolemy.actor.CompositeActor.preinitialize(CompositeActor.java:1828)
	at ptolemy.actor.Manager.preinitializeAndResolveTypes(Manager.java:1040)
	at ptolemy.actor.Manager.initialize(Manager.java:710)
	at ptolemy.actor.Manager.execute(Manager.java:356)
	at ptolemy.actor.Manager.run(Manager.java:1263)
	at ptolemy.actor.Manager$PtolemyRunThread.run(Manager.java:1933)
java.lang.reflect.InvocationTargetException
	at java.base/jdk.internal.reflect.NativeConstructorAccessorImpl.newInstance0(Native Method)
	at java.base/jdk.internal.reflect.NativeConstructorAccessorImpl.newInstance(NativeConstructorAccessorImpl.java:62)
	at java.base/jdk.internal.reflect.DelegatingConstructorAccessorImpl.newInstance(DelegatingConstructorAccessorImpl.java:45)
	at java.base/java.lang.reflect.Constructor.newInstance(Constructor.java:490)
	at ptolemy.util.test.junit.AutoKnownFailedTests.RunModel(AutoKnownFailedTests.java:105)
	at java.base/jdk.internal.reflect.NativeMethodAccessorImpl.invoke0(Native Method)
	at java.base/jdk.internal.reflect.NativeMethodAccessorImpl.invoke(NativeMethodAccessorImpl.java:62)
	at java.base/jdk.internal.reflect.DelegatingMethodAccessorImpl.invoke(DelegatingMethodAccessorImpl.java:43)
	at java.base/java.lang.reflect.Method.invoke(Method.java:566)
	at org.junit.runners.model.FrameworkMethod$1.runReflectiveCall(FrameworkMethod.java:44)
	at org.junit.internal.runners.model.ReflectiveCallable.run(ReflectiveCallable.java:15)
	at org.junit.runners.model.FrameworkMethod.invokeExplosively(FrameworkMethod.java:41)
	at junitparams.internal.InvokeParameterisedMethod.evaluate(InvokeParameterisedMethod.java:102)
	at org.junit.internal.runners.statements.FailOnTimeout$1.run(FailOnTimeout.java:28)
Caused by: ptolemy.kernel.util.IllegalActionException: Found a zero delay loop containing .dependencyLoop.original
  in .dependencyLoop and .dependencyLoop.original
	at ptolemy.actor.util.CausalityInterfaceForComposites._computeOutputPortDepth(CausalityInterfaceForComposites.java:759)
	at ptolemy.actor.util.CausalityInterfaceForComposites._computeInputDepth(CausalityInterfaceForComposites.java:696)
	at ptolemy.actor.util.CausalityInterfaceForComposites._computeOutputPortDepth(CausalityInterfaceForComposites.java:765)
	at ptolemy.actor.util.CausalityInterfaceForComposites._computeInputDepth(CausalityInterfaceForComposites.java:696)
	at ptolemy.actor.util.CausalityInterfaceForComposites._computeOutputPortDepth(CausalityInterfaceForComposites.java:765)
	at ptolemy.actor.util.CausalityInterfaceForComposites._computeInputDepth(CausalityInterfaceForComposites.java:696)
	at ptolemy.actor.util.CausalityInterfaceForComposites._computeActorDepth(CausalityInterfaceForComposites.java:532)
	at ptolemy.actor.util.CausalityInterfaceForComposites.checkForCycles(CausalityInterfaceForComposites.java:96)
	at ptolemy.domains.de.kernel.DEDirector.preinitialize(DEDirector.java:1338)
	at ptolemy.actor.CompositeActor.preinitialize(CompositeActor.java:1828)
	at ptolemy.actor.Manager.preinitializeAndResolveTypes(Manager.java:1040)
	at ptolemy.actor.Manager.initialize(Manager.java:710)
	at ptolemy.actor.Manager.execute(Manager.java:356)
	at ptolemy.actor.Manager.run(Manager.java:1263)
	at ptolemy.actor.Manager$PtolemyRunThread.run(Manager.java:1933)
java.lang.RuntimeException: Execution failed
	at ptolemy.moml.MoMLSimpleApplication$UnloadThread.run(MoMLSimpleApplication.java:402)
Caused by: ptolemy.kernel.util.IllegalActionException: Found a zero delay loop containing .dependencyLoop2.original
  in .dependencyLoop2 and .dependencyLoop2.original
	at ptolemy.actor.util.CausalityInterfaceForComposites._computeOutputPortDepth(CausalityInterfaceForComposites.java:759)
	at ptolemy.actor.util.CausalityInterfaceForComposites._computeInputDepth(CausalityInterfaceForComposites.java:696)
	at ptolemy.actor.util.CausalityInterfaceForComposites._computeOutputPortDepth(CausalityInterfaceForComposites.java:765)
	at ptolemy.actor.util.CausalityInterfaceForComposites._computeInputDepth(CausalityInterfaceForComposites.java:696)
	at ptolemy.actor.util.CausalityInterfaceForComposites._computeOutputPortDepth(CausalityInterfaceForComposites.java:765)
	at ptolemy.actor.util.CausalityInterfaceForComposites._computeInputDepth(CausalityInterfaceForComposites.java:696)
	at ptolemy.actor.util.CausalityInterfaceForComposites._computeActorDepth(CausalityInterfaceForComposites.java:532)
	at ptolemy.actor.util.CausalityInterfaceForComposites.checkForCycles(CausalityInterfaceForComposites.java:96)
	at ptolemy.domains.de.kernel.DEDirector.preinitialize(DEDirector.java:1338)
	at ptolemy.actor.CompositeActor.preinitialize(CompositeActor.java:1828)
	at ptolemy.actor.Manager.preinitializeAndResolveTypes(Manager.java:1040)
	at ptolemy.actor.Manager.initialize(Manager.java:710)
	at ptolemy.actor.Manager.execute(Manager.java:356)
	at ptolemy.actor.Manager.run(Manager.java:1263)
	at ptolemy.actor.Manager$PtolemyRunThread.run(Manager.java:1933)
java.lang.reflect.InvocationTargetException
	at java.base/jdk.internal.reflect.NativeConstructorAccessorImpl.newInstance0(Native Method)
	at java.base/jdk.internal.reflect.NativeConstructorAccessorImpl.newInstance(NativeConstructorAccessorImpl.java:62)
	at java.base/jdk.internal.reflect.DelegatingConstructorAccessorImpl.newInstance(DelegatingConstructorAccessorImpl.java:45)
	at java.base/java.lang.reflect.Constructor.newInstance(Constructor.java:490)
	at ptolemy.util.test.junit.AutoKnownFailedTests.RunModel(AutoKnownFailedTests.java:105)
	at java.base/jdk.internal.reflect.NativeMethodAccessorImpl.invoke0(Native Method)
	at java.base/jdk.internal.reflect.NativeMethodAccessorImpl.invoke(NativeMethodAccessorImpl.java:62)
	at java.base/jdk.internal.reflect.DelegatingMethodAccessorImpl.invoke(DelegatingMethodAccessorImpl.java:43)
	at java.base/java.lang.reflect.Method.invoke(Method.java:566)
	at org.junit.runners.model.FrameworkMethod$1.runReflectiveCall(FrameworkMethod.java:44)
	at org.junit.internal.runners.model.ReflectiveCallable.run(ReflectiveCallable.java:15)
	at org.junit.runners.model.FrameworkMethod.invokeExplosively(FrameworkMethod.java:41)
	at junitparams.internal.InvokeParameterisedMethod.evaluate(InvokeParameterisedMethod.java:102)
	at org.junit.internal.runners.statements.FailOnTimeout$1.run(FailOnTimeout.java:28)
Caused by: ptolemy.kernel.util.IllegalActionException: Found a zero delay loop containing .dependencyLoop2.original
  in .dependencyLoop2 and .dependencyLoop2.original
	at ptolemy.actor.util.CausalityInterfaceForComposites._computeOutputPortDepth(CausalityInterfaceForComposites.java:759)
	at ptolemy.actor.util.CausalityInterfaceForComposites._computeInputDepth(CausalityInterfaceForComposites.java:696)
	at ptolemy.actor.util.CausalityInterfaceForComposites._computeOutputPortDepth(CausalityInterfaceForComposites.java:765)
	at ptolemy.actor.util.CausalityInterfaceForComposites._computeInputDepth(CausalityInterfaceForComposites.java:696)
	at ptolemy.actor.util.CausalityInterfaceForComposites._computeOutputPortDepth(CausalityInterfaceForComposites.java:765)
	at ptolemy.actor.util.CausalityInterfaceForComposites._computeInputDepth(CausalityInterfaceForComposites.java:696)
	at ptolemy.actor.util.CausalityInterfaceForComposites._computeActorDepth(CausalityInterfaceForComposites.java:532)
	at ptolemy.actor.util.CausalityInterfaceForComposites.checkForCycles(CausalityInterfaceForComposites.java:96)
	at ptolemy.domains.de.kernel.DEDirector.preinitialize(DEDirector.java:1338)
	at ptolemy.actor.CompositeActor.preinitialize(CompositeActor.java:1828)
	at ptolemy.actor.Manager.preinitializeAndResolveTypes(Manager.java:1040)
	at ptolemy.actor.Manager.initialize(Manager.java:710)
	at ptolemy.actor.Manager.execute(Manager.java:356)
	at ptolemy.actor.Manager.run(Manager.java:1263)
	at ptolemy.actor.Manager$PtolemyRunThread.run(Manager.java:1933)
]]></system-err>
</testsuite>
