<?xml version="1.0" encoding="UTF-8" ?>
<testsuite errors="0" failures="0" hostname="travis-job-c2b0946c-e40b-4c43-a338-f4596def1ad5" name="ptolemy.domains.modal.test.junit.JUnitTclTest" skipped="0" tests="148" time="10.924" timestamp="2019-11-03T06:15:14">
  <properties>
[...]
</properties>
  <testcase classname="ptolemy.util.test.junit.TclTests" name="[0] /home/travis/build/icyphy/ptII/ptolemy/domains/modal/test/SystemLevelType.tcl (RunTclFile)" time="1.944" />
  <testcase classname="ptolemy.util.test.junit.AutoKnownFailedTests" name="[0] /home/travis/build/icyphy/ptII/ptolemy/domains/modal/test/auto/knownFailedTests/CannotAnalysisWithPreemption.xml (RunModel)" time="0.212" />
  <testcase classname="ptolemy.util.test.junit.AutoNameArchTests" name="[0] ThereAreNoAutoArchTests (RunModel)" time="0.012" />
  <testcase classname="ptolemy.util.test.junit.AutoTests" name="[0] /home/travis/build/icyphy/ptII/ptolemy/domains/modal/test/auto/ABPTest.xml (RunModel)" time="0.883" />
  <testcase classname="ptolemy.util.test.junit.AutoTests" name="[1] /home/travis/build/icyphy/ptII/ptolemy/domains/modal/test/auto/ABROFlat.xml (RunModel)" time="0.101" />
  <testcase classname="ptolemy.util.test.junit.AutoTests" name="[2] /home/travis/build/icyphy/ptII/ptolemy/domains/modal/test/auto/ABROFlat2.xml (RunModel)" time="0.068" />
  <testcase classname="ptolemy.util.test.junit.AutoTests" name="[3] /home/travis/build/icyphy/ptII/ptolemy/domains/modal/test/auto/ABRO_present_hmm.xml (RunModel)" time="0.137" />
  <testcase classname="ptolemy.util.test.junit.AutoTests" name="[4] /home/travis/build/icyphy/ptII/ptolemy/domains/modal/test/auto/AMICoderExample.xml (RunModel)" time="0.098" />
  <testcase classname="ptolemy.util.test.junit.AutoTests" name="[5] /home/travis/build/icyphy/ptII/ptolemy/domains/modal/test/auto/AbsentToPresent.xml (RunModel)" time="0.028" />
  <testcase classname="ptolemy.util.test.junit.AutoTests" name="[6] /home/travis/build/icyphy/ptII/ptolemy/domains/modal/test/auto/Blending.xml (RunModel)" time="0.297" />
  <testcase classname="ptolemy.util.test.junit.AutoTests" name="[7] /home/travis/build/icyphy/ptII/ptolemy/domains/modal/test/auto/Broadcast.xml (RunModel)" time="0.044" />
  <testcase classname="ptolemy.util.test.junit.AutoTests" name="[8] /home/travis/build/icyphy/ptII/ptolemy/domains/modal/test/auto/BroadcastHierarchy.xml (RunModel)" time="0.07" />
  <testcase classname="ptolemy.util.test.junit.AutoTests" name="[9] /home/travis/build/icyphy/ptII/ptolemy/domains/modal/test/auto/BroadcastHierarchy2.xml (RunModel)" time="0.109" />
  <testcase classname="ptolemy.util.test.junit.AutoTests" name="[10] /home/travis/build/icyphy/ptII/ptolemy/domains/modal/test/auto/BroadcastHierarchy3.xml (RunModel)" time="0.097" />
  <testcase classname="ptolemy.util.test.junit.AutoTests" name="[11] /home/travis/build/icyphy/ptII/ptolemy/domains/modal/test/auto/BroadcastHierarchy4.xml (RunModel)" time="0.106" />
  <testcase classname="ptolemy.util.test.junit.AutoTests" name="[12] /home/travis/build/icyphy/ptII/ptolemy/domains/modal/test/auto/CannotAnalysisWithPreemption2.xml (RunModel)" time="0.036" />
  <testcase classname="ptolemy.util.test.junit.AutoTests" name="[13] /home/travis/build/icyphy/ptII/ptolemy/domains/modal/test/auto/CannotAnalysisWithPreemption3.xml (RunModel)" time="0.042" />
  <testcase classname="ptolemy.util.test.junit.AutoTests" name="[14] /home/travis/build/icyphy/ptII/ptolemy/domains/modal/test/auto/CannotProduce.xml (RunModel)" time="0.034" />
  <testcase classname="ptolemy.util.test.junit.AutoTests" name="[15] /home/travis/build/icyphy/ptII/ptolemy/domains/modal/test/auto/CannotProduceModal.xml (RunModel)" time="0.055" />
  <testcase classname="ptolemy.util.test.junit.AutoTests" name="[16] /home/travis/build/icyphy/ptII/ptolemy/domains/modal/test/auto/Case.xml (RunModel)" time="0.069" />
  <testcase classname="ptolemy.util.test.junit.AutoTests" name="[17] /home/travis/build/icyphy/ptII/ptolemy/domains/modal/test/auto/Case1.xml (RunModel)" time="0.03" />
  <testcase classname="ptolemy.util.test.junit.AutoTests" name="[18] /home/travis/build/icyphy/ptII/ptolemy/domains/modal/test/auto/Case2.xml (RunModel)" time="0.065" />
  <testcase classname="ptolemy.util.test.junit.AutoTests" name="[19] /home/travis/build/icyphy/ptII/ptolemy/domains/modal/test/auto/CausalityInterface1.xml (RunModel)" time="0.041" />
  <testcase classname="ptolemy.util.test.junit.AutoTests" name="[20] /home/travis/build/icyphy/ptII/ptolemy/domains/modal/test/auto/CausalityInterface10.xml (RunModel)" time="0.06" />
  <testcase classname="ptolemy.util.test.junit.AutoTests" name="[21] /home/travis/build/icyphy/ptII/ptolemy/domains/modal/test/auto/CausalityInterface11.xml (RunModel)" time="0.066" />
  <testcase classname="ptolemy.util.test.junit.AutoTests" name="[22] /home/travis/build/icyphy/ptII/ptolemy/domains/modal/test/auto/CausalityInterface12.xml (RunModel)" time="0.047" />
  <testcase classname="ptolemy.util.test.junit.AutoTests" name="[23] /home/travis/build/icyphy/ptII/ptolemy/domains/modal/test/auto/CausalityInterface13.xml (RunModel)" time="0.062" />
  <testcase classname="ptolemy.util.test.junit.AutoTests" name="[24] /home/travis/build/icyphy/ptII/ptolemy/domains/modal/test/auto/CausalityInterface14.xml (RunModel)" time="0.062" />
  <testcase classname="ptolemy.util.test.junit.AutoTests" name="[25] /home/travis/build/icyphy/ptII/ptolemy/domains/modal/test/auto/CausalityInterface2.xml (RunModel)" time="0.05" />
  <testcase classname="ptolemy.util.test.junit.AutoTests" name="[26] /home/travis/build/icyphy/ptII/ptolemy/domains/modal/test/auto/CausalityInterface3.xml (RunModel)" time="0.029" />
  <testcase classname="ptolemy.util.test.junit.AutoTests" name="[27] /home/travis/build/icyphy/ptII/ptolemy/domains/modal/test/auto/CausalityInterface4.xml (RunModel)" time="0.023" />
  <testcase classname="ptolemy.util.test.junit.AutoTests" name="[28] /home/travis/build/icyphy/ptII/ptolemy/domains/modal/test/auto/CausalityInterface5.xml (RunModel)" time="0.03" />
  <testcase classname="ptolemy.util.test.junit.AutoTests" name="[29] /home/travis/build/icyphy/ptII/ptolemy/domains/modal/test/auto/CausalityInterface6.xml (RunModel)" time="0.032" />
  <testcase classname="ptolemy.util.test.junit.AutoTests" name="[30] /home/travis/build/icyphy/ptII/ptolemy/domains/modal/test/auto/CausalityInterface7.xml (RunModel)" time="0.034" />
  <testcase classname="ptolemy.util.test.junit.AutoTests" name="[31] /home/travis/build/icyphy/ptII/ptolemy/domains/modal/test/auto/CausalityInterface8.xml (RunModel)" time="0.029" />
  <testcase classname="ptolemy.util.test.junit.AutoTests" name="[32] /home/travis/build/icyphy/ptII/ptolemy/domains/modal/test/auto/CausalityInterface9.xml (RunModel)" time="0.038" />
  <testcase classname="ptolemy.util.test.junit.AutoTests" name="[33] /home/travis/build/icyphy/ptII/ptolemy/domains/modal/test/auto/ChainedTransitions.xml (RunModel)" time="0.177" />
  <testcase classname="ptolemy.util.test.junit.AutoTests" name="[34] /home/travis/build/icyphy/ptII/ptolemy/domains/modal/test/auto/CycleOfImmediateTransitionsFSM.xml (RunModel)" time="0.025" />
  <testcase classname="ptolemy.util.test.junit.AutoTests" name="[35] /home/travis/build/icyphy/ptII/ptolemy/domains/modal/test/auto/CycleOfImmediateTransitionsModal.xml (RunModel)" time="0.024" />
  <testcase classname="ptolemy.util.test.junit.AutoTests" name="[36] /home/travis/build/icyphy/ptII/ptolemy/domains/modal/test/auto/CycleOfImmediateTransitionsModal2.xml (RunModel)" time="0.036" />
  <testcase classname="ptolemy.util.test.junit.AutoTests" name="[37] /home/travis/build/icyphy/ptII/ptolemy/domains/modal/test/auto/CycleOfImmediateTransitionsModal3.xml (RunModel)" time="0.108" />
  <testcase classname="ptolemy.util.test.junit.AutoTests" name="[38] /home/travis/build/icyphy/ptII/ptolemy/domains/modal/test/auto/DeepModal1.xml (RunModel)" time="0.054" />
  <testcase classname="ptolemy.util.test.junit.AutoTests" name="[39] /home/travis/build/icyphy/ptII/ptolemy/domains/modal/test/auto/DeepModal2.xml (RunModel)" time="0.059" />
  <testcase classname="ptolemy.util.test.junit.AutoTests" name="[40] /home/travis/build/icyphy/ptII/ptolemy/domains/modal/test/auto/DeepModal3.xml (RunModel)" time="0.065" />
  <testcase classname="ptolemy.util.test.junit.AutoTests" name="[41] /home/travis/build/icyphy/ptII/ptolemy/domains/modal/test/auto/DeepModal4.xml (RunModel)" time="0.067" />
  <testcase classname="ptolemy.util.test.junit.AutoTests" name="[42] /home/travis/build/icyphy/ptII/ptolemy/domains/modal/test/auto/Default1.xml (RunModel)" time="0.019" />
  <testcase classname="ptolemy.util.test.junit.AutoTests" name="[43] /home/travis/build/icyphy/ptII/ptolemy/domains/modal/test/auto/Default2.xml (RunModel)" time="0.025" />
  <testcase classname="ptolemy.util.test.junit.AutoTests" name="[44] /home/travis/build/icyphy/ptII/ptolemy/domains/modal/test/auto/Default3.xml (RunModel)" time="0.022" />
  <testcase classname="ptolemy.util.test.junit.AutoTests" name="[45] /home/travis/build/icyphy/ptII/ptolemy/domains/modal/test/auto/Default4.xml (RunModel)" time="0.033" />
  <testcase classname="ptolemy.util.test.junit.AutoTests" name="[46] /home/travis/build/icyphy/ptII/ptolemy/domains/modal/test/auto/Default5.xml (RunModel)" time="0.04" />
  <testcase classname="ptolemy.util.test.junit.AutoTests" name="[47] /home/travis/build/icyphy/ptII/ptolemy/domains/modal/test/auto/EmptyGuard.xml (RunModel)" time="0.038" />
  <testcase classname="ptolemy.util.test.junit.AutoTests" name="[48] /home/travis/build/icyphy/ptII/ptolemy/domains/modal/test/auto/ErrorTransition1.xml (RunModel)" time="0.034" />
  <testcase classname="ptolemy.util.test.junit.AutoTests" name="[49] /home/travis/build/icyphy/ptII/ptolemy/domains/modal/test/auto/ErrorTransition10.xml (RunModel)" time="0.048" />
  <testcase classname="ptolemy.util.test.junit.AutoTests" name="[50] /home/travis/build/icyphy/ptII/ptolemy/domains/modal/test/auto/ErrorTransition11.xml (RunModel)" time="0.036" />
  <testcase classname="ptolemy.util.test.junit.AutoTests" name="[51] /home/travis/build/icyphy/ptII/ptolemy/domains/modal/test/auto/ErrorTransition2.xml (RunModel)" time="0.024" />
  <testcase classname="ptolemy.util.test.junit.AutoTests" name="[52] /home/travis/build/icyphy/ptII/ptolemy/domains/modal/test/auto/ErrorTransition3.xml (RunModel)" time="0.038" />
  <testcase classname="ptolemy.util.test.junit.AutoTests" name="[53] /home/travis/build/icyphy/ptII/ptolemy/domains/modal/test/auto/ErrorTransition4.xml (RunModel)" time="0.043" />
  <testcase classname="ptolemy.util.test.junit.AutoTests" name="[54] /home/travis/build/icyphy/ptII/ptolemy/domains/modal/test/auto/ErrorTransition5.xml (RunModel)" time="0.028" />
  <testcase classname="ptolemy.util.test.junit.AutoTests" name="[55] /home/travis/build/icyphy/ptII/ptolemy/domains/modal/test/auto/ErrorTransition6.xml (RunModel)" time="0.032" />
  <testcase classname="ptolemy.util.test.junit.AutoTests" name="[56] /home/travis/build/icyphy/ptII/ptolemy/domains/modal/test/auto/ErrorTransition7.xml (RunModel)" time="0.043" />
  <testcase classname="ptolemy.util.test.junit.AutoTests" name="[57] /home/travis/build/icyphy/ptII/ptolemy/domains/modal/test/auto/ErrorTransition8.xml (RunModel)" time="0.049" />
  <testcase classname="ptolemy.util.test.junit.AutoTests" name="[58] /home/travis/build/icyphy/ptII/ptolemy/domains/modal/test/auto/ErrorTransition9.xml (RunModel)" time="0.073" />
  <testcase classname="ptolemy.util.test.junit.AutoTests" name="[59] /home/travis/build/icyphy/ptII/ptolemy/domains/modal/test/auto/ExtendedFSM.xml (RunModel)" time="0.021" />
  <testcase classname="ptolemy.util.test.junit.AutoTests" name="[60] /home/travis/build/icyphy/ptII/ptolemy/domains/modal/test/auto/FinalStates.xml (RunModel)" time="0.024" />
  <testcase classname="ptolemy.util.test.junit.AutoTests" name="[61] /home/travis/build/icyphy/ptII/ptolemy/domains/modal/test/auto/FixedPointFSM.xml (RunModel)" time="0.047" />
  <testcase classname="ptolemy.util.test.junit.AutoTests" name="[62] /home/travis/build/icyphy/ptII/ptolemy/domains/modal/test/auto/FixedPointIterationFSMActor.xml (RunModel)" time="0.026" />
  <testcase classname="ptolemy.util.test.junit.AutoTests" name="[63] /home/travis/build/icyphy/ptII/ptolemy/domains/modal/test/auto/FixedPointIterationFSMActor2.xml (RunModel)" time="0.04" />
  <testcase classname="ptolemy.util.test.junit.AutoTests" name="[64] /home/travis/build/icyphy/ptII/ptolemy/domains/modal/test/auto/ForbiddenInstantanousLoop.xml (RunModel)" time="0.03" />
  <testcase classname="ptolemy.util.test.junit.AutoTests" name="[65] /home/travis/build/icyphy/ptII/ptolemy/domains/modal/test/auto/FunctionDependencyOfFSMActorTest.xml (RunModel)" time="0.034" />
  <testcase classname="ptolemy.util.test.junit.AutoTests" name="[66] /home/travis/build/icyphy/ptII/ptolemy/domains/modal/test/auto/GuardExpression.xml (RunModel)" time="0.014" />
  <testcase classname="ptolemy.util.test.junit.AutoTests" name="[67] /home/travis/build/icyphy/ptII/ptolemy/domains/modal/test/auto/GuardNotEvaluated.xml (RunModel)" time="0.029" />
  <testcase classname="ptolemy.util.test.junit.AutoTests" name="[68] /home/travis/build/icyphy/ptII/ptolemy/domains/modal/test/auto/GuardNotEvaluated2.xml (RunModel)" time="0.024" />
  <testcase classname="ptolemy.util.test.junit.AutoTests" name="[69] /home/travis/build/icyphy/ptII/ptolemy/domains/modal/test/auto/GuardOnAbsent.xml (RunModel)" time="0.019" />
  <testcase classname="ptolemy.util.test.junit.AutoTests" name="[70] /home/travis/build/icyphy/ptII/ptolemy/domains/modal/test/auto/HierarchicalFSMTypeInference.xml (RunModel)" time="0.023" />
  <testcase classname="ptolemy.util.test.junit.AutoTests" name="[71] /home/travis/build/icyphy/ptII/ptolemy/domains/modal/test/auto/Hysteresis.xml (RunModel)" time="0.067" />
  <testcase classname="ptolemy.util.test.junit.AutoTests" name="[72] /home/travis/build/icyphy/ptII/ptolemy/domains/modal/test/auto/HysteresisWithDefault.xml (RunModel)" time="0.06" />
  <testcase classname="ptolemy.util.test.junit.AutoTests" name="[73] /home/travis/build/icyphy/ptII/ptolemy/domains/modal/test/auto/HysteresisWithDefault2.xml (RunModel)" time="0.063" />
  <testcase classname="ptolemy.util.test.junit.AutoTests" name="[74] /home/travis/build/icyphy/ptII/ptolemy/domains/modal/test/auto/ImmediateNonConstructiveness.xml (RunModel)" time="0.016" />
  <testcase classname="ptolemy.util.test.junit.AutoTests" name="[75] /home/travis/build/icyphy/ptII/ptolemy/domains/modal/test/auto/ImmediateNonConstructiveness2.xml (RunModel)" time="0.015" />
  <testcase classname="ptolemy.util.test.junit.AutoTests" name="[76] /home/travis/build/icyphy/ptII/ptolemy/domains/modal/test/auto/ImmediateTransitionReset.xml (RunModel)" time="0.029" />
  <testcase classname="ptolemy.util.test.junit.AutoTests" name="[77] /home/travis/build/icyphy/ptII/ptolemy/domains/modal/test/auto/ImmediateTransitions1.xml (RunModel)" time="0.012" />
  <testcase classname="ptolemy.util.test.junit.AutoTests" name="[78] /home/travis/build/icyphy/ptII/ptolemy/domains/modal/test/auto/ImmediateTransitionsInstantaneousCommunication.xml (RunModel)" time="0.033" />
  <testcase classname="ptolemy.util.test.junit.AutoTests" name="[79] /home/travis/build/icyphy/ptII/ptolemy/domains/modal/test/auto/InitialImmediateTransition.xml (RunModel)" time="0.014" />
  <testcase classname="ptolemy.util.test.junit.AutoTests" name="[80] /home/travis/build/icyphy/ptII/ptolemy/domains/modal/test/auto/InitialOutputs.xml (RunModel)" time="0.016" />
  <testcase classname="ptolemy.util.test.junit.AutoTests" name="[81] /home/travis/build/icyphy/ptII/ptolemy/domains/modal/test/auto/InitialStateTransition1.xml (RunModel)" time="0.018" />
  <testcase classname="ptolemy.util.test.junit.AutoTests" name="[82] /home/travis/build/icyphy/ptII/ptolemy/domains/modal/test/auto/InitialStateTransition2.xml (RunModel)" time="0.019" />
  <testcase classname="ptolemy.util.test.junit.AutoTests" name="[83] /home/travis/build/icyphy/ptII/ptolemy/domains/modal/test/auto/InitialStateTransition3.xml (RunModel)" time="0.023" />
  <testcase classname="ptolemy.util.test.junit.AutoTests" name="[84] /home/travis/build/icyphy/ptII/ptolemy/domains/modal/test/auto/InitialStateTransition4.xml (RunModel)" time="0.029" />
  <testcase classname="ptolemy.util.test.junit.AutoTests" name="[85] /home/travis/build/icyphy/ptII/ptolemy/domains/modal/test/auto/MalformedGuardExpressionNotCaught.xml (RunModel)" time="0.027" />
  <testcase classname="ptolemy.util.test.junit.AutoTests" name="[86] /home/travis/build/icyphy/ptII/ptolemy/domains/modal/test/auto/ModalBSC.xml (RunModel)" time="0.093" />
  <testcase classname="ptolemy.util.test.junit.AutoTests" name="[87] /home/travis/build/icyphy/ptII/ptolemy/domains/modal/test/auto/ModalClocks.xml (RunModel)" time="0.077" />
  <testcase classname="ptolemy.util.test.junit.AutoTests" name="[88] /home/travis/build/icyphy/ptII/ptolemy/domains/modal/test/auto/ModalDelay.xml (RunModel)" time="0.038" />
  <testcase classname="ptolemy.util.test.junit.AutoTests" name="[89] /home/travis/build/icyphy/ptII/ptolemy/domains/modal/test/auto/ModalDelay2.xml (RunModel)" time="0.043" />
  <testcase classname="ptolemy.util.test.junit.AutoTests" name="[90] /home/travis/build/icyphy/ptII/ptolemy/domains/modal/test/auto/ModalModelFromMemo.xml (RunModel)" time="0.051" />
  <testcase classname="ptolemy.util.test.junit.AutoTests" name="[91] /home/travis/build/icyphy/ptII/ptolemy/domains/modal/test/auto/ModalModelWithMultirateTransient.xml (RunModel)" time="0.045" />
  <testcase classname="ptolemy.util.test.junit.AutoTests" name="[92] /home/travis/build/icyphy/ptII/ptolemy/domains/modal/test/auto/ModalModelWithReset.xml (RunModel)" time="0.079" />
  <testcase classname="ptolemy.util.test.junit.AutoTests" name="[93] /home/travis/build/icyphy/ptII/ptolemy/domains/modal/test/auto/MouseClickFSM.xml (RunModel)" time="0.053" />
  <testcase classname="ptolemy.util.test.junit.AutoTests" name="[94] /home/travis/build/icyphy/ptII/ptolemy/domains/modal/test/auto/MouseClickFSMModal.xml (RunModel)" time="0.037" />
  <testcase classname="ptolemy.util.test.junit.AutoTests" name="[95] /home/travis/build/icyphy/ptII/ptolemy/domains/modal/test/auto/NonStrictFSM_FeedbackLoop.xml (RunModel)" time="0.047" />
  <testcase classname="ptolemy.util.test.junit.AutoTests" name="[96] /home/travis/build/icyphy/ptII/ptolemy/domains/modal/test/auto/NonStrictFSM_FeedbackLoop_Refinement.xml (RunModel)" time="0.08" />
  <testcase classname="ptolemy.util.test.junit.AutoTests" name="[97] /home/travis/build/icyphy/ptII/ptolemy/domains/modal/test/auto/NonStrictFSM_FeedbackLoop_preemptive.xml (RunModel)" time="0.038" />
  <testcase classname="ptolemy.util.test.junit.AutoTests" name="[98] /home/travis/build/icyphy/ptII/ptolemy/domains/modal/test/auto/NormalTermination.xml (RunModel)" time="0.041" />
  <testcase classname="ptolemy.util.test.junit.AutoTests" name="[99] /home/travis/build/icyphy/ptII/ptolemy/domains/modal/test/auto/Pong.xml (RunModel)" time="0.053" />
  <testcase classname="ptolemy.util.test.junit.AutoTests" name="[100] /home/travis/build/icyphy/ptII/ptolemy/domains/modal/test/auto/Pong_test.xml (RunModel)" time="0.125" />
  <testcase classname="ptolemy.util.test.junit.AutoTests" name="[101] /home/travis/build/icyphy/ptII/ptolemy/domains/modal/test/auto/PreemptionHierarchy.xml (RunModel)" time="0.046" />
  <testcase classname="ptolemy.util.test.junit.AutoTests" name="[102] /home/travis/build/icyphy/ptII/ptolemy/domains/modal/test/auto/PreemptionHierarchy2.xml (RunModel)" time="0.044" />
  <testcase classname="ptolemy.util.test.junit.AutoTests" name="[103] /home/travis/build/icyphy/ptII/ptolemy/domains/modal/test/auto/PreemptiveTransition.xml (RunModel)" time="0.023" />
  <testcase classname="ptolemy.util.test.junit.AutoTests" name="[104] /home/travis/build/icyphy/ptII/ptolemy/domains/modal/test/auto/Priorities.xml (RunModel)" time="0.082" />
  <testcase classname="ptolemy.util.test.junit.AutoTests" name="[105] /home/travis/build/icyphy/ptII/ptolemy/domains/modal/test/auto/ResetFinal.xml (RunModel)" time="0.036" />
  <testcase classname="ptolemy.util.test.junit.AutoTests" name="[106] /home/travis/build/icyphy/ptII/ptolemy/domains/modal/test/auto/ResetFinal2.xml (RunModel)" time="0.027" />
  <testcase classname="ptolemy.util.test.junit.AutoTests" name="[107] /home/travis/build/icyphy/ptII/ptolemy/domains/modal/test/auto/ResetTransitionWithStartTime.xml (RunModel)" time="0.029" />
  <testcase classname="ptolemy.util.test.junit.AutoTests" name="[108] /home/travis/build/icyphy/ptII/ptolemy/domains/modal/test/auto/SDF-FSMComposite.xml (RunModel)" time="0.023" />
  <testcase classname="ptolemy.util.test.junit.AutoTests" name="[109] /home/travis/build/icyphy/ptII/ptolemy/domains/modal/test/auto/SeeminglyNondeterminate.xml (RunModel)" time="0.061" />
  <testcase classname="ptolemy.util.test.junit.AutoTests" name="[110] /home/travis/build/icyphy/ptII/ptolemy/domains/modal/test/auto/SeeminglyNondeterminate2.xml (RunModel)" time="0.067" />
  <testcase classname="ptolemy.util.test.junit.AutoTests" name="[111] /home/travis/build/icyphy/ptII/ptolemy/domains/modal/test/auto/SpontaneousFSM.xml (RunModel)" time="0.064" />
  <testcase classname="ptolemy.util.test.junit.AutoTests" name="[112] /home/travis/build/icyphy/ptII/ptolemy/domains/modal/test/auto/SpontaneousFSM2.xml (RunModel)" time="0.031" />
  <testcase classname="ptolemy.util.test.junit.AutoTests" name="[113] /home/travis/build/icyphy/ptII/ptolemy/domains/modal/test/auto/SpontaneousFSM3.xml (RunModel)" time="0.033" />
  <testcase classname="ptolemy.util.test.junit.AutoTests" name="[114] /home/travis/build/icyphy/ptII/ptolemy/domains/modal/test/auto/SpontaneousFSM4.xml (RunModel)" time="0.043" />
  <testcase classname="ptolemy.util.test.junit.AutoTests" name="[115] /home/travis/build/icyphy/ptII/ptolemy/domains/modal/test/auto/StateTrackerTest.xml (RunModel)" time="0.071" />
  <testcase classname="ptolemy.util.test.junit.AutoTests" name="[116] /home/travis/build/icyphy/ptII/ptolemy/domains/modal/test/auto/StrongImmediateTransition.xml (RunModel)" time="0.018" />
  <testcase classname="ptolemy.util.test.junit.AutoTests" name="[117] /home/travis/build/icyphy/ptII/ptolemy/domains/modal/test/auto/SustainHierarchy.xml (RunModel)" time="0.027" />
  <testcase classname="ptolemy.util.test.junit.AutoTests" name="[118] /home/travis/build/icyphy/ptII/ptolemy/domains/modal/test/auto/TerminationTransition1.xml (RunModel)" time="0.016" />
  <testcase classname="ptolemy.util.test.junit.AutoTests" name="[119] /home/travis/build/icyphy/ptII/ptolemy/domains/modal/test/auto/TerminationTransition2.xml (RunModel)" time="0.025" />
  <testcase classname="ptolemy.util.test.junit.AutoTests" name="[120] /home/travis/build/icyphy/ptII/ptolemy/domains/modal/test/auto/TerminationTransition3.xml (RunModel)" time="0.021" />
  <testcase classname="ptolemy.util.test.junit.AutoTests" name="[121] /home/travis/build/icyphy/ptII/ptolemy/domains/modal/test/auto/TerminationTransition4.xml (RunModel)" time="0.031" />
  <testcase classname="ptolemy.util.test.junit.AutoTests" name="[122] /home/travis/build/icyphy/ptII/ptolemy/domains/modal/test/auto/TerminationTransition5.xml (RunModel)" time="0.031" />
  <testcase classname="ptolemy.util.test.junit.AutoTests" name="[123] /home/travis/build/icyphy/ptII/ptolemy/domains/modal/test/auto/TerminationTransition6.xml (RunModel)" time="0.02" />
  <testcase classname="ptolemy.util.test.junit.AutoTests" name="[124] /home/travis/build/icyphy/ptII/ptolemy/domains/modal/test/auto/TerminationTransition7.xml (RunModel)" time="0.019" />
  <testcase classname="ptolemy.util.test.junit.AutoTests" name="[125] /home/travis/build/icyphy/ptII/ptolemy/domains/modal/test/auto/TerminationTransition8.xml (RunModel)" time="0.036" />
  <testcase classname="ptolemy.util.test.junit.AutoTests" name="[126] /home/travis/build/icyphy/ptII/ptolemy/domains/modal/test/auto/Thermostat_NoHysteresis.xml (RunModel)" time="0.052" />
  <testcase classname="ptolemy.util.test.junit.AutoTests" name="[127] /home/travis/build/icyphy/ptII/ptolemy/domains/modal/test/auto/TimedFSM.xml (RunModel)" time="0.033" />
  <testcase classname="ptolemy.util.test.junit.AutoTests" name="[128] /home/travis/build/icyphy/ptII/ptolemy/domains/modal/test/auto/Timeout1.xml (RunModel)" time="0.013" />
  <testcase classname="ptolemy.util.test.junit.AutoTests" name="[129] /home/travis/build/icyphy/ptII/ptolemy/domains/modal/test/auto/Timeout2.xml (RunModel)" time="0.019" />
  <testcase classname="ptolemy.util.test.junit.AutoTests" name="[130] /home/travis/build/icyphy/ptII/ptolemy/domains/modal/test/auto/Timeout3.xml (RunModel)" time="0.02" />
  <testcase classname="ptolemy.util.test.junit.AutoTests" name="[131] /home/travis/build/icyphy/ptII/ptolemy/domains/modal/test/auto/Timeout4.xml (RunModel)" time="0.012" />
  <testcase classname="ptolemy.util.test.junit.AutoTests" name="[132] /home/travis/build/icyphy/ptII/ptolemy/domains/modal/test/auto/TransientstateModelAdvanced.xml (RunModel)" time="0.026" />
  <testcase classname="ptolemy.util.test.junit.AutoTests" name="[133] /home/travis/build/icyphy/ptII/ptolemy/domains/modal/test/auto/TransientstateModelAdvanced2.xml (RunModel)" time="0.028" />
  <testcase classname="ptolemy.util.test.junit.AutoTests" name="[134] /home/travis/build/icyphy/ptII/ptolemy/domains/modal/test/auto/TransitionRefinements.xml (RunModel)" time="0.023" />
  <testcase classname="ptolemy.util.test.junit.AutoTests" name="[135] /home/travis/build/icyphy/ptII/ptolemy/domains/modal/test/auto/TwoRefinements1.xml (RunModel)" time="0.023" />
  <testcase classname="ptolemy.util.test.junit.AutoTests" name="[136] /home/travis/build/icyphy/ptII/ptolemy/domains/modal/test/auto/TwoRefinements2.xml (RunModel)" time="0.022" />
  <testcase classname="ptolemy.util.test.junit.AutoTests" name="[137] /home/travis/build/icyphy/ptII/ptolemy/domains/modal/test/auto/WeakImmediateTransition.xml (RunModel)" time="0.021" />
  <testcase classname="ptolemy.util.test.junit.AutoTests" name="[138] /home/travis/build/icyphy/ptII/ptolemy/domains/modal/test/auto/booleanSelect.xml (RunModel)" time="0.081" />
  <testcase classname="ptolemy.util.test.junit.AutoTests" name="[139] /home/travis/build/icyphy/ptII/ptolemy/domains/modal/test/auto/modalChangingParams.xml (RunModel)" time="0.379" />
  <testcase classname="ptolemy.util.test.junit.AutoTests" name="[140] /home/travis/build/icyphy/ptII/ptolemy/domains/modal/test/auto/modalModel.xml (RunModel)" time="0.029" />
  <testcase classname="ptolemy.util.test.junit.AutoTests" name="[141] /home/travis/build/icyphy/ptII/ptolemy/domains/modal/test/auto/modalModel2.xml (RunModel)" time="0.04" />
  <testcase classname="ptolemy.util.test.junit.AutoTests" name="[142] /home/travis/build/icyphy/ptII/ptolemy/domains/modal/test/auto/modalModel3.xml (RunModel)" time="0.046" />
  <testcase classname="ptolemy.util.test.junit.AutoTests" name="[143] /home/travis/build/icyphy/ptII/ptolemy/domains/modal/test/auto/model1.xml (RunModel)" time="0.023" />
  <testcase classname="ptolemy.util.test.junit.AutoTests" name="[144] /home/travis/build/icyphy/ptII/ptolemy/domains/modal/test/auto/test-direct-in-out.xml (RunModel)" time="0.025" />
  <system-out><![CDATA[/home/travis/build/icyphy/ptII/ptolemy/domains/modal/test/SystemLevelType.tcl
testDefs.tcl: setting time out to 9000 seconds at Sun Nov 03 06:15:14 UTC 2019
11/03/19 06:15:16
Failed: 0  Total Tests: 1  ((Passed: 1, Newly Passed: 0)  Known Failed: 0) /home/travis/build/icyphy/ptII/ptolemy/domains/modal/test
----------------- testing (KnownFailure) /home/travis/build/icyphy/ptII/ptolemy/domains/modal/test/auto/knownFailedTests/CannotAnalysisWithPreemption.xml
98 ms. Memory: 149504K Free: 77674K (52%)
Known Failure: java.lang.reflect.InvocationTargetException
No auto/linux-amd64/*.xml tests in /home/travis/build/icyphy/ptII/ptolemy/domains/modal/test
AutoTests.java: About to close Vertx.
AutoTests.java: Vertx closed.

===========================================================================================
----------------- testing Sun Nov 03 06:15:16 UTC 2019 /home/travis/build/icyphy/ptII/ptolemy/domains/modal/test/auto/ABPTest.xml
----------------- Instantiating /home/travis/build/icyphy/ptII/ptolemy/domains/modal/test/auto/ABPTest.xml
392 ms. Memory: 149504K Free: 106448K (71%)
----------------- Invoking toplevel() on ptolemy.moml.MoMLSimpleApplication@652529a1
----------------- Done invoking toplevel() on ptolemy.moml.MoMLSimpleApplication@652529a1
reloadAllAccessors: .ABPTest

===========================================================================================
----------------- testing Sun Nov 03 06:15:17 UTC 2019 /home/travis/build/icyphy/ptII/ptolemy/domains/modal/test/auto/ABROFlat.xml
----------------- Instantiating /home/travis/build/icyphy/ptII/ptolemy/domains/modal/test/auto/ABROFlat.xml
35 ms. Memory: 149504K Free: 90420K (60%)
----------------- Invoking toplevel() on ptolemy.moml.MoMLSimpleApplication@18086648
----------------- Done invoking toplevel() on ptolemy.moml.MoMLSimpleApplication@18086648
reloadAllAccessors: .ABROFlat

===========================================================================================
----------------- testing Sun Nov 03 06:15:17 UTC 2019 /home/travis/build/icyphy/ptII/ptolemy/domains/modal/test/auto/ABROFlat2.xml
----------------- Instantiating /home/travis/build/icyphy/ptII/ptolemy/domains/modal/test/auto/ABROFlat2.xml
27 ms. Memory: 149504K Free: 74060K (50%)
----------------- Invoking toplevel() on ptolemy.moml.MoMLSimpleApplication@5c368cf5
----------------- Done invoking toplevel() on ptolemy.moml.MoMLSimpleApplication@5c368cf5
reloadAllAccessors: .ABROFlat2

===========================================================================================
----------------- testing Sun Nov 03 06:15:17 UTC 2019 /home/travis/build/icyphy/ptII/ptolemy/domains/modal/test/auto/ABRO_present_hmm.xml
----------------- Instantiating /home/travis/build/icyphy/ptII/ptolemy/domains/modal/test/auto/ABRO_present_hmm.xml
42 ms. Memory: 149504K Free: 129856K (87%)
----------------- Invoking toplevel() on ptolemy.moml.MoMLSimpleApplication@7fc6c716
----------------- Done invoking toplevel() on ptolemy.moml.MoMLSimpleApplication@7fc6c716
reloadAllAccessors: .ABRO_present_hmm

===========================================================================================
----------------- testing Sun Nov 03 06:15:18 UTC 2019 /home/travis/build/icyphy/ptII/ptolemy/domains/modal/test/auto/AMICoderExample.xml
----------------- Instantiating /home/travis/build/icyphy/ptII/ptolemy/domains/modal/test/auto/AMICoderExample.xml
54 ms. Memory: 149504K Free: 119316K (80%)
----------------- Invoking toplevel() on ptolemy.moml.MoMLSimpleApplication@6edffa91
----------------- Done invoking toplevel() on ptolemy.moml.MoMLSimpleApplication@6edffa91
reloadAllAccessors: .AMICoderExample

===========================================================================================
----------------- testing Sun Nov 03 06:15:18 UTC 2019 /home/travis/build/icyphy/ptII/ptolemy/domains/modal/test/auto/AbsentToPresent.xml
----------------- Instantiating /home/travis/build/icyphy/ptII/ptolemy/domains/modal/test/auto/AbsentToPresent.xml
8 ms. Memory: 149504K Free: 114662K (77%)
----------------- Invoking toplevel() on ptolemy.moml.MoMLSimpleApplication@28b6aaa0
----------------- Done invoking toplevel() on ptolemy.moml.MoMLSimpleApplication@28b6aaa0
reloadAllAccessors: .AbsentToPresent

===========================================================================================
----------------- testing Sun Nov 03 06:15:18 UTC 2019 /home/travis/build/icyphy/ptII/ptolemy/domains/modal/test/auto/Blending.xml
----------------- Instantiating /home/travis/build/icyphy/ptII/ptolemy/domains/modal/test/auto/Blending.xml
172 ms. Memory: 149504K Free: 69606K (47%)
----------------- Invoking toplevel() on ptolemy.moml.MoMLSimpleApplication@61d0a80a
----------------- Done invoking toplevel() on ptolemy.moml.MoMLSimpleApplication@61d0a80a
reloadAllAccessors: .Blending

===========================================================================================
----------------- testing Sun Nov 03 06:15:18 UTC 2019 /home/travis/build/icyphy/ptII/ptolemy/domains/modal/test/auto/Broadcast.xml
----------------- Instantiating /home/travis/build/icyphy/ptII/ptolemy/domains/modal/test/auto/Broadcast.xml
5 ms. Memory: 149504K Free: 59970K (40%)
----------------- Invoking toplevel() on ptolemy.moml.MoMLSimpleApplication@7ce6816c
----------------- Done invoking toplevel() on ptolemy.moml.MoMLSimpleApplication@7ce6816c
reloadAllAccessors: .Broadcast

===========================================================================================
----------------- testing Sun Nov 03 06:15:18 UTC 2019 /home/travis/build/icyphy/ptII/ptolemy/domains/modal/test/auto/BroadcastHierarchy.xml
----------------- Instantiating /home/travis/build/icyphy/ptII/ptolemy/domains/modal/test/auto/BroadcastHierarchy.xml
20 ms. Memory: 190464K Free: 171169K (90%)
----------------- Invoking toplevel() on ptolemy.moml.MoMLSimpleApplication@336c15c8
----------------- Done invoking toplevel() on ptolemy.moml.MoMLSimpleApplication@336c15c8
reloadAllAccessors: .BroadcastHierarchy

===========================================================================================
----------------- testing Sun Nov 03 06:15:18 UTC 2019 /home/travis/build/icyphy/ptII/ptolemy/domains/modal/test/auto/BroadcastHierarchy2.xml
----------------- Instantiating /home/travis/build/icyphy/ptII/ptolemy/domains/modal/test/auto/BroadcastHierarchy2.xml
16 ms. Memory: 190464K Free: 143245K (75%)
----------------- Invoking toplevel() on ptolemy.moml.MoMLSimpleApplication@2a7afa69
----------------- Done invoking toplevel() on ptolemy.moml.MoMLSimpleApplication@2a7afa69
reloadAllAccessors: .BroadcastHierarchy2

===========================================================================================
----------------- testing Sun Nov 03 06:15:18 UTC 2019 /home/travis/build/icyphy/ptII/ptolemy/domains/modal/test/auto/BroadcastHierarchy3.xml
----------------- Instantiating /home/travis/build/icyphy/ptII/ptolemy/domains/modal/test/auto/BroadcastHierarchy3.xml
25 ms. Memory: 190464K Free: 123322K (65%)
----------------- Invoking toplevel() on ptolemy.moml.MoMLSimpleApplication@74095ceb
----------------- Done invoking toplevel() on ptolemy.moml.MoMLSimpleApplication@74095ceb
reloadAllAccessors: .BroadcastHierarchy3

===========================================================================================
----------------- testing Sun Nov 03 06:15:18 UTC 2019 /home/travis/build/icyphy/ptII/ptolemy/domains/modal/test/auto/BroadcastHierarchy4.xml
----------------- Instantiating /home/travis/build/icyphy/ptII/ptolemy/domains/modal/test/auto/BroadcastHierarchy4.xml
22 ms. Memory: 190464K Free: 98745K (52%)
----------------- Invoking toplevel() on ptolemy.moml.MoMLSimpleApplication@6d51f469
----------------- Done invoking toplevel() on ptolemy.moml.MoMLSimpleApplication@6d51f469
reloadAllAccessors: .BroadcastHierarchy4

===========================================================================================
----------------- testing Sun Nov 03 06:15:18 UTC 2019 /home/travis/build/icyphy/ptII/ptolemy/domains/modal/test/auto/CannotAnalysisWithPreemption2.xml
----------------- Instantiating /home/travis/build/icyphy/ptII/ptolemy/domains/modal/test/auto/CannotAnalysisWithPreemption2.xml
4 ms. Memory: 190464K Free: 92028K (48%)
----------------- Invoking toplevel() on ptolemy.moml.MoMLSimpleApplication@51dd6aa4
----------------- Done invoking toplevel() on ptolemy.moml.MoMLSimpleApplication@51dd6aa4
reloadAllAccessors: .CannotAnalysisWithPreemption2

===========================================================================================
----------------- testing Sun Nov 03 06:15:19 UTC 2019 /home/travis/build/icyphy/ptII/ptolemy/domains/modal/test/auto/CannotAnalysisWithPreemption3.xml
----------------- Instantiating /home/travis/build/icyphy/ptII/ptolemy/domains/modal/test/auto/CannotAnalysisWithPreemption3.xml
6 ms. Memory: 190464K Free: 81804K (43%)
----------------- Invoking toplevel() on ptolemy.moml.MoMLSimpleApplication@361115
----------------- Done invoking toplevel() on ptolemy.moml.MoMLSimpleApplication@361115
reloadAllAccessors: .CannotAnalysisWithPreemption3

===========================================================================================
----------------- testing Sun Nov 03 06:15:19 UTC 2019 /home/travis/build/icyphy/ptII/ptolemy/domains/modal/test/auto/CannotProduce.xml
----------------- Instantiating /home/travis/build/icyphy/ptII/ptolemy/domains/modal/test/auto/CannotProduce.xml
11 ms. Memory: 190464K Free: 75179K (39%)
----------------- Invoking toplevel() on ptolemy.moml.MoMLSimpleApplication@1a6cffc2
----------------- Done invoking toplevel() on ptolemy.moml.MoMLSimpleApplication@1a6cffc2
reloadAllAccessors: .CannotProduce

===========================================================================================
----------------- testing Sun Nov 03 06:15:19 UTC 2019 /home/travis/build/icyphy/ptII/ptolemy/domains/modal/test/auto/CannotProduceModal.xml
----------------- Instantiating /home/travis/build/icyphy/ptII/ptolemy/domains/modal/test/auto/CannotProduceModal.xml
9 ms. Memory: 190464K Free: 167888K (88%)
----------------- Invoking toplevel() on ptolemy.moml.MoMLSimpleApplication@36d14e6b
----------------- Done invoking toplevel() on ptolemy.moml.MoMLSimpleApplication@36d14e6b
reloadAllAccessors: .CannotProduceModal

===========================================================================================
----------------- testing Sun Nov 03 06:15:19 UTC 2019 /home/travis/build/icyphy/ptII/ptolemy/domains/modal/test/auto/Case.xml
----------------- Instantiating /home/travis/build/icyphy/ptII/ptolemy/domains/modal/test/auto/Case.xml
21 ms. Memory: 190464K Free: 156638K (82%)
----------------- Invoking toplevel() on ptolemy.moml.MoMLSimpleApplication@413505cb
----------------- Done invoking toplevel() on ptolemy.moml.MoMLSimpleApplication@413505cb
reloadAllAccessors: .Case

===========================================================================================
----------------- testing Sun Nov 03 06:15:19 UTC 2019 /home/travis/build/icyphy/ptII/ptolemy/domains/modal/test/auto/Case1.xml
----------------- Instantiating /home/travis/build/icyphy/ptII/ptolemy/domains/modal/test/auto/Case1.xml
13 ms. Memory: 190464K Free: 149470K (78%)
----------------- Invoking toplevel() on ptolemy.moml.MoMLSimpleApplication@2b8ba505
----------------- Done invoking toplevel() on ptolemy.moml.MoMLSimpleApplication@2b8ba505
reloadAllAccessors: .Case1

===========================================================================================
----------------- testing Sun Nov 03 06:15:19 UTC 2019 /home/travis/build/icyphy/ptII/ptolemy/domains/modal/test/auto/Case2.xml
----------------- Instantiating /home/travis/build/icyphy/ptII/ptolemy/domains/modal/test/auto/Case2.xml
21 ms. Memory: 190464K Free: 138720K (73%)
----------------- Invoking toplevel() on ptolemy.moml.MoMLSimpleApplication@3591e876
----------------- Done invoking toplevel() on ptolemy.moml.MoMLSimpleApplication@3591e876
reloadAllAccessors: .Case2

===========================================================================================
----------------- testing Sun Nov 03 06:15:19 UTC 2019 /home/travis/build/icyphy/ptII/ptolemy/domains/modal/test/auto/CausalityInterface1.xml
----------------- Instantiating /home/travis/build/icyphy/ptII/ptolemy/domains/modal/test/auto/CausalityInterface1.xml
5 ms. Memory: 190464K Free: 133600K (70%)
----------------- Invoking toplevel() on ptolemy.moml.MoMLSimpleApplication@4408befd
----------------- Done invoking toplevel() on ptolemy.moml.MoMLSimpleApplication@4408befd
reloadAllAccessors: .CausalityInterface1

===========================================================================================
----------------- testing Sun Nov 03 06:15:19 UTC 2019 /home/travis/build/icyphy/ptII/ptolemy/domains/modal/test/auto/CausalityInterface10.xml
----------------- Instantiating /home/travis/build/icyphy/ptII/ptolemy/domains/modal/test/auto/CausalityInterface10.xml
18 ms. Memory: 190464K Free: 120288K (63%)
----------------- Invoking toplevel() on ptolemy.moml.MoMLSimpleApplication@280c5d5a
----------------- Done invoking toplevel() on ptolemy.moml.MoMLSimpleApplication@280c5d5a
reloadAllAccessors: .CausalityInterface10

===========================================================================================
----------------- testing Sun Nov 03 06:15:19 UTC 2019 /home/travis/build/icyphy/ptII/ptolemy/domains/modal/test/auto/CausalityInterface11.xml
----------------- Instantiating /home/travis/build/icyphy/ptII/ptolemy/domains/modal/test/auto/CausalityInterface11.xml
9 ms. Memory: 190464K Free: 106432K (56%)
----------------- Invoking toplevel() on ptolemy.moml.MoMLSimpleApplication@4c9b97b2
----------------- Done invoking toplevel() on ptolemy.moml.MoMLSimpleApplication@4c9b97b2
reloadAllAccessors: .CausalityInterface11

===========================================================================================
----------------- testing Sun Nov 03 06:15:19 UTC 2019 /home/travis/build/icyphy/ptII/ptolemy/domains/modal/test/auto/CausalityInterface12.xml
----------------- Instantiating /home/travis/build/icyphy/ptII/ptolemy/domains/modal/test/auto/CausalityInterface12.xml
9 ms. Memory: 190464K Free: 93120K (49%)
----------------- Invoking toplevel() on ptolemy.moml.MoMLSimpleApplication@1f932da4
----------------- Done invoking toplevel() on ptolemy.moml.MoMLSimpleApplication@1f932da4
reloadAllAccessors: .CausalityInterface12

===========================================================================================
----------------- testing Sun Nov 03 06:15:19 UTC 2019 /home/travis/build/icyphy/ptII/ptolemy/domains/modal/test/auto/CausalityInterface13.xml
----------------- Instantiating /home/travis/build/icyphy/ptII/ptolemy/domains/modal/test/auto/CausalityInterface13.xml
15 ms. Memory: 190464K Free: 79328K (42%)
----------------- Invoking toplevel() on ptolemy.moml.MoMLSimpleApplication@5af3be38
----------------- Done invoking toplevel() on ptolemy.moml.MoMLSimpleApplication@5af3be38
reloadAllAccessors: .CausalityInterface13

===========================================================================================
----------------- testing Sun Nov 03 06:15:19 UTC 2019 /home/travis/build/icyphy/ptII/ptolemy/domains/modal/test/auto/CausalityInterface14.xml
----------------- Instantiating /home/travis/build/icyphy/ptII/ptolemy/domains/modal/test/auto/CausalityInterface14.xml
8 ms. Memory: 190464K Free: 65472K (34%)
----------------- Invoking toplevel() on ptolemy.moml.MoMLSimpleApplication@3d9c1eb0
----------------- Done invoking toplevel() on ptolemy.moml.MoMLSimpleApplication@3d9c1eb0
reloadAllAccessors: .CausalityInterface14

===========================================================================================
----------------- testing Sun Nov 03 06:15:19 UTC 2019 /home/travis/build/icyphy/ptII/ptolemy/domains/modal/test/auto/CausalityInterface2.xml
----------------- Instantiating /home/travis/build/icyphy/ptII/ptolemy/domains/modal/test/auto/CausalityInterface2.xml
9 ms. Memory: 190464K Free: 167866K (88%)
----------------- Invoking toplevel() on ptolemy.moml.MoMLSimpleApplication@665babd7
----------------- Done invoking toplevel() on ptolemy.moml.MoMLSimpleApplication@665babd7
reloadAllAccessors: .CausalityInterface2

===========================================================================================
----------------- testing Sun Nov 03 06:15:19 UTC 2019 /home/travis/build/icyphy/ptII/ptolemy/domains/modal/test/auto/CausalityInterface3.xml
----------------- Instantiating /home/travis/build/icyphy/ptII/ptolemy/domains/modal/test/auto/CausalityInterface3.xml
3 ms. Memory: 190464K Free: 161265K (85%)
----------------- Invoking toplevel() on ptolemy.moml.MoMLSimpleApplication@55e8022e
----------------- Done invoking toplevel() on ptolemy.moml.MoMLSimpleApplication@55e8022e
reloadAllAccessors: .CausalityInterface3

===========================================================================================
----------------- testing Sun Nov 03 06:15:19 UTC 2019 /home/travis/build/icyphy/ptII/ptolemy/domains/modal/test/auto/CausalityInterface4.xml
----------------- Instantiating /home/travis/build/icyphy/ptII/ptolemy/domains/modal/test/auto/CausalityInterface4.xml
6 ms. Memory: 190464K Free: 154593K (81%)
----------------- Invoking toplevel() on ptolemy.moml.MoMLSimpleApplication@1a5266b1
----------------- Done invoking toplevel() on ptolemy.moml.MoMLSimpleApplication@1a5266b1
reloadAllAccessors: .CausalityInterface4

===========================================================================================
----------------- testing Sun Nov 03 06:15:19 UTC 2019 /home/travis/build/icyphy/ptII/ptolemy/domains/modal/test/auto/CausalityInterface5.xml
----------------- Instantiating /home/travis/build/icyphy/ptII/ptolemy/domains/modal/test/auto/CausalityInterface5.xml
4 ms. Memory: 190464K Free: 146385K (77%)
----------------- Invoking toplevel() on ptolemy.moml.MoMLSimpleApplication@5f9cd54b
----------------- Done invoking toplevel() on ptolemy.moml.MoMLSimpleApplication@5f9cd54b
reloadAllAccessors: .CausalityInterface5

===========================================================================================
----------------- testing Sun Nov 03 06:15:19 UTC 2019 /home/travis/build/icyphy/ptII/ptolemy/domains/modal/test/auto/CausalityInterface6.xml
----------------- Instantiating /home/travis/build/icyphy/ptII/ptolemy/domains/modal/test/auto/CausalityInterface6.xml
4 ms. Memory: 190464K Free: 138209K (73%)
----------------- Invoking toplevel() on ptolemy.moml.MoMLSimpleApplication@518f9410
----------------- Done invoking toplevel() on ptolemy.moml.MoMLSimpleApplication@518f9410
reloadAllAccessors: .CausalityInterface6

===========================================================================================
----------------- testing Sun Nov 03 06:15:19 UTC 2019 /home/travis/build/icyphy/ptII/ptolemy/domains/modal/test/auto/CausalityInterface7.xml
----------------- Instantiating /home/travis/build/icyphy/ptII/ptolemy/domains/modal/test/auto/CausalityInterface7.xml
6 ms. Memory: 190464K Free: 130017K (68%)
----------------- Invoking toplevel() on ptolemy.moml.MoMLSimpleApplication@2ed68a49
----------------- Done invoking toplevel() on ptolemy.moml.MoMLSimpleApplication@2ed68a49
reloadAllAccessors: .CausalityInterface7

===========================================================================================
----------------- testing Sun Nov 03 06:15:19 UTC 2019 /home/travis/build/icyphy/ptII/ptolemy/domains/modal/test/auto/CausalityInterface8.xml
----------------- Instantiating /home/travis/build/icyphy/ptII/ptolemy/domains/modal/test/auto/CausalityInterface8.xml
4 ms. Memory: 190464K Free: 121329K (64%)
----------------- Invoking toplevel() on ptolemy.moml.MoMLSimpleApplication@6d576e07
----------------- Done invoking toplevel() on ptolemy.moml.MoMLSimpleApplication@6d576e07
reloadAllAccessors: .CausalityInterface8

===========================================================================================
----------------- testing Sun Nov 03 06:15:19 UTC 2019 /home/travis/build/icyphy/ptII/ptolemy/domains/modal/test/auto/CausalityInterface9.xml
----------------- Instantiating /home/travis/build/icyphy/ptII/ptolemy/domains/modal/test/auto/CausalityInterface9.xml
5 ms. Memory: 190464K Free: 112113K (59%)
----------------- Invoking toplevel() on ptolemy.moml.MoMLSimpleApplication@2477e945
----------------- Done invoking toplevel() on ptolemy.moml.MoMLSimpleApplication@2477e945
reloadAllAccessors: .CausalityInterface9

===========================================================================================
----------------- testing Sun Nov 03 06:15:19 UTC 2019 /home/travis/build/icyphy/ptII/ptolemy/domains/modal/test/auto/ChainedTransitions.xml
----------------- Instantiating /home/travis/build/icyphy/ptII/ptolemy/domains/modal/test/auto/ChainedTransitions.xml
111 ms. Memory: 190464K Free: 87023K (46%)
----------------- Invoking toplevel() on ptolemy.moml.MoMLSimpleApplication@2ea24b62
----------------- Done invoking toplevel() on ptolemy.moml.MoMLSimpleApplication@2ea24b62
reloadAllAccessors: .ChainedTransitions

===========================================================================================
----------------- testing Sun Nov 03 06:15:20 UTC 2019 /home/travis/build/icyphy/ptII/ptolemy/domains/modal/test/auto/CycleOfImmediateTransitionsFSM.xml
----------------- Instantiating /home/travis/build/icyphy/ptII/ptolemy/domains/modal/test/auto/CycleOfImmediateTransitionsFSM.xml
4 ms. Memory: 190464K Free: 81393K (43%)
----------------- Invoking toplevel() on ptolemy.moml.MoMLSimpleApplication@7d32982d
----------------- Done invoking toplevel() on ptolemy.moml.MoMLSimpleApplication@7d32982d
reloadAllAccessors: .CycleOfImmediateTransitionsFSM

===========================================================================================
----------------- testing Sun Nov 03 06:15:20 UTC 2019 /home/travis/build/icyphy/ptII/ptolemy/domains/modal/test/auto/CycleOfImmediateTransitionsModal.xml
----------------- Instantiating /home/travis/build/icyphy/ptII/ptolemy/domains/modal/test/auto/CycleOfImmediateTransitionsModal.xml
3 ms. Memory: 190464K Free: 75249K (40%)
----------------- Invoking toplevel() on ptolemy.moml.MoMLSimpleApplication@421e04ad
----------------- Done invoking toplevel() on ptolemy.moml.MoMLSimpleApplication@421e04ad
reloadAllAccessors: .CycleOfImmediateTransitionsModal

===========================================================================================
----------------- testing Sun Nov 03 06:15:20 UTC 2019 /home/travis/build/icyphy/ptII/ptolemy/domains/modal/test/auto/CycleOfImmediateTransitionsModal2.xml
----------------- Instantiating /home/travis/build/icyphy/ptII/ptolemy/domains/modal/test/auto/CycleOfImmediateTransitionsModal2.xml
7 ms. Memory: 190464K Free: 69105K (36%)
----------------- Invoking toplevel() on ptolemy.moml.MoMLSimpleApplication@23bb4dbd
----------------- Done invoking toplevel() on ptolemy.moml.MoMLSimpleApplication@23bb4dbd
reloadAllAccessors: .CycleOfImmediateTransitionsModal2

===========================================================================================
----------------- testing Sun Nov 03 06:15:20 UTC 2019 /home/travis/build/icyphy/ptII/ptolemy/domains/modal/test/auto/CycleOfImmediateTransitionsModal3.xml
----------------- Instantiating /home/travis/build/icyphy/ptII/ptolemy/domains/modal/test/auto/CycleOfImmediateTransitionsModal3.xml
15 ms. Memory: 190464K Free: 154556K (81%)
----------------- Invoking toplevel() on ptolemy.moml.MoMLSimpleApplication@282ae886
----------------- Done invoking toplevel() on ptolemy.moml.MoMLSimpleApplication@282ae886
reloadAllAccessors: .CycleOfImmediateTransitionsModal3

===========================================================================================
----------------- testing Sun Nov 03 06:15:20 UTC 2019 /home/travis/build/icyphy/ptII/ptolemy/domains/modal/test/auto/DeepModal1.xml
----------------- Instantiating /home/travis/build/icyphy/ptII/ptolemy/domains/modal/test/auto/DeepModal1.xml
32 ms. Memory: 190464K Free: 140700K (74%)
----------------- Invoking toplevel() on ptolemy.moml.MoMLSimpleApplication@827b8ce
----------------- Done invoking toplevel() on ptolemy.moml.MoMLSimpleApplication@827b8ce
reloadAllAccessors: .DeepModal1

===========================================================================================
----------------- testing Sun Nov 03 06:15:20 UTC 2019 /home/travis/build/icyphy/ptII/ptolemy/domains/modal/test/auto/DeepModal2.xml
----------------- Instantiating /home/travis/build/icyphy/ptII/ptolemy/domains/modal/test/auto/DeepModal2.xml
27 ms. Memory: 190464K Free: 121788K (64%)
----------------- Invoking toplevel() on ptolemy.moml.MoMLSimpleApplication@11f5d1e7
----------------- Done invoking toplevel() on ptolemy.moml.MoMLSimpleApplication@11f5d1e7
reloadAllAccessors: .DeepModal2

===========================================================================================
----------------- testing Sun Nov 03 06:15:20 UTC 2019 /home/travis/build/icyphy/ptII/ptolemy/domains/modal/test/auto/DeepModal3.xml
----------------- Instantiating /home/travis/build/icyphy/ptII/ptolemy/domains/modal/test/auto/DeepModal3.xml
28 ms. Memory: 190464K Free: 102842K (54%)
----------------- Invoking toplevel() on ptolemy.moml.MoMLSimpleApplication@55301e73
----------------- Done invoking toplevel() on ptolemy.moml.MoMLSimpleApplication@55301e73
reloadAllAccessors: .DeepModal3

===========================================================================================
----------------- testing Sun Nov 03 06:15:20 UTC 2019 /home/travis/build/icyphy/ptII/ptolemy/domains/modal/test/auto/DeepModal4.xml
----------------- Instantiating /home/travis/build/icyphy/ptII/ptolemy/domains/modal/test/auto/DeepModal4.xml
36 ms. Memory: 190464K Free: 83372K (44%)
----------------- Invoking toplevel() on ptolemy.moml.MoMLSimpleApplication@3d6be263
----------------- Done invoking toplevel() on ptolemy.moml.MoMLSimpleApplication@3d6be263
reloadAllAccessors: .DeepModal4

===========================================================================================
----------------- testing Sun Nov 03 06:15:20 UTC 2019 /home/travis/build/icyphy/ptII/ptolemy/domains/modal/test/auto/Default1.xml
----------------- Instantiating /home/travis/build/icyphy/ptII/ptolemy/domains/modal/test/auto/Default1.xml
2 ms. Memory: 190464K Free: 77242K (41%)
----------------- Invoking toplevel() on ptolemy.moml.MoMLSimpleApplication@18aea01b
----------------- Done invoking toplevel() on ptolemy.moml.MoMLSimpleApplication@18aea01b
reloadAllAccessors: .Default1

===========================================================================================
----------------- testing Sun Nov 03 06:15:20 UTC 2019 /home/travis/build/icyphy/ptII/ptolemy/domains/modal/test/auto/Default2.xml
----------------- Instantiating /home/travis/build/icyphy/ptII/ptolemy/domains/modal/test/auto/Default2.xml
14 ms. Memory: 190464K Free: 71612K (38%)
----------------- Invoking toplevel() on ptolemy.moml.MoMLSimpleApplication@10ccbc2b
----------------- Done invoking toplevel() on ptolemy.moml.MoMLSimpleApplication@10ccbc2b
reloadAllAccessors: .Default2

===========================================================================================
----------------- testing Sun Nov 03 06:15:20 UTC 2019 /home/travis/build/icyphy/ptII/ptolemy/domains/modal/test/auto/Default3.xml
----------------- Instantiating /home/travis/build/icyphy/ptII/ptolemy/domains/modal/test/auto/Default3.xml
6 ms. Memory: 190464K Free: 64954K (34%)
----------------- Invoking toplevel() on ptolemy.moml.MoMLSimpleApplication@56af2d98
----------------- Done invoking toplevel() on ptolemy.moml.MoMLSimpleApplication@56af2d98
reloadAllAccessors: .Default3

===========================================================================================
----------------- testing Sun Nov 03 06:15:20 UTC 2019 /home/travis/build/icyphy/ptII/ptolemy/domains/modal/test/auto/Default4.xml
----------------- Instantiating /home/travis/build/icyphy/ptII/ptolemy/domains/modal/test/auto/Default4.xml
6 ms. Memory: 235520K Free: 211869K (90%)
----------------- Invoking toplevel() on ptolemy.moml.MoMLSimpleApplication@71145e09
----------------- Done invoking toplevel() on ptolemy.moml.MoMLSimpleApplication@71145e09
reloadAllAccessors: .Default4

===========================================================================================
----------------- testing Sun Nov 03 06:15:20 UTC 2019 /home/travis/build/icyphy/ptII/ptolemy/domains/modal/test/auto/Default5.xml
----------------- Instantiating /home/travis/build/icyphy/ptII/ptolemy/domains/modal/test/auto/Default5.xml
7 ms. Memory: 235520K Free: 203663K (86%)
----------------- Invoking toplevel() on ptolemy.moml.MoMLSimpleApplication@5662addc
----------------- Done invoking toplevel() on ptolemy.moml.MoMLSimpleApplication@5662addc
reloadAllAccessors: .Default5

===========================================================================================
----------------- testing Sun Nov 03 06:15:20 UTC 2019 /home/travis/build/icyphy/ptII/ptolemy/domains/modal/test/auto/EmptyGuard.xml
----------------- Instantiating /home/travis/build/icyphy/ptII/ptolemy/domains/modal/test/auto/EmptyGuard.xml
10 ms. Memory: 235520K Free: 195999K (83%)
----------------- Invoking toplevel() on ptolemy.moml.MoMLSimpleApplication@6e7fd06a
----------------- Done invoking toplevel() on ptolemy.moml.MoMLSimpleApplication@6e7fd06a
reloadAllAccessors: .EmptyGuard

===========================================================================================
----------------- testing Sun Nov 03 06:15:20 UTC 2019 /home/travis/build/icyphy/ptII/ptolemy/domains/modal/test/auto/ErrorTransition1.xml
----------------- Instantiating /home/travis/build/icyphy/ptII/ptolemy/domains/modal/test/auto/ErrorTransition1.xml
10 ms. Memory: 235520K Free: 187293K (80%)
----------------- Invoking toplevel() on ptolemy.moml.MoMLSimpleApplication@7f424d01
----------------- Done invoking toplevel() on ptolemy.moml.MoMLSimpleApplication@7f424d01
reloadAllAccessors: .ErrorTransition1

===========================================================================================
----------------- testing Sun Nov 03 06:15:20 UTC 2019 /home/travis/build/icyphy/ptII/ptolemy/domains/modal/test/auto/ErrorTransition10.xml
----------------- Instantiating /home/travis/build/icyphy/ptII/ptolemy/domains/modal/test/auto/ErrorTransition10.xml
16 ms. Memory: 235520K Free: 173967K (74%)
----------------- Invoking toplevel() on ptolemy.moml.MoMLSimpleApplication@49f88fe8
----------------- Done invoking toplevel() on ptolemy.moml.MoMLSimpleApplication@49f88fe8
reloadAllAccessors: .ErrorTransition10

===========================================================================================
----------------- testing Sun Nov 03 06:15:20 UTC 2019 /home/travis/build/icyphy/ptII/ptolemy/domains/modal/test/auto/ErrorTransition11.xml
----------------- Instantiating /home/travis/build/icyphy/ptII/ptolemy/domains/modal/test/auto/ErrorTransition11.xml
4 ms. Memory: 235520K Free: 162717K (69%)
----------------- Invoking toplevel() on ptolemy.moml.MoMLSimpleApplication@34c1705c
----------------- Done invoking toplevel() on ptolemy.moml.MoMLSimpleApplication@34c1705c
reloadAllAccessors: .ErrorTransition11

===========================================================================================
----------------- testing Sun Nov 03 06:15:20 UTC 2019 /home/travis/build/icyphy/ptII/ptolemy/domains/modal/test/auto/ErrorTransition2.xml
----------------- Instantiating /home/travis/build/icyphy/ptII/ptolemy/domains/modal/test/auto/ErrorTransition2.xml
6 ms. Memory: 235520K Free: 153501K (65%)
----------------- Invoking toplevel() on ptolemy.moml.MoMLSimpleApplication@6f8a9bdf
----------------- Done invoking toplevel() on ptolemy.moml.MoMLSimpleApplication@6f8a9bdf
reloadAllAccessors: .ErrorTransition2

===========================================================================================
----------------- testing Sun Nov 03 06:15:20 UTC 2019 /home/travis/build/icyphy/ptII/ptolemy/domains/modal/test/auto/ErrorTransition3.xml
----------------- Instantiating /home/travis/build/icyphy/ptII/ptolemy/domains/modal/test/auto/ErrorTransition3.xml
19 ms. Memory: 235520K Free: 143775K (61%)
----------------- Invoking toplevel() on ptolemy.moml.MoMLSimpleApplication@343c9192
----------------- Done invoking toplevel() on ptolemy.moml.MoMLSimpleApplication@343c9192
reloadAllAccessors: .ErrorTransition3

===========================================================================================
----------------- testing Sun Nov 03 06:15:20 UTC 2019 /home/travis/build/icyphy/ptII/ptolemy/domains/modal/test/auto/ErrorTransition4.xml
----------------- Instantiating /home/travis/build/icyphy/ptII/ptolemy/domains/modal/test/auto/ErrorTransition4.xml
11 ms. Memory: 235520K Free: 132511K (56%)
----------------- Invoking toplevel() on ptolemy.moml.MoMLSimpleApplication@38dfe875
----------------- Done invoking toplevel() on ptolemy.moml.MoMLSimpleApplication@38dfe875
reloadAllAccessors: .ErrorTransition4

===========================================================================================
----------------- testing Sun Nov 03 06:15:21 UTC 2019 /home/travis/build/icyphy/ptII/ptolemy/domains/modal/test/auto/ErrorTransition5.xml
----------------- Instantiating /home/travis/build/icyphy/ptII/ptolemy/domains/modal/test/auto/ErrorTransition5.xml
9 ms. Memory: 235520K Free: 122271K (52%)
----------------- Invoking toplevel() on ptolemy.moml.MoMLSimpleApplication@6e4f7cb3
----------------- Done invoking toplevel() on ptolemy.moml.MoMLSimpleApplication@6e4f7cb3
reloadAllAccessors: .ErrorTransition5

===========================================================================================
----------------- testing Sun Nov 03 06:15:21 UTC 2019 /home/travis/build/icyphy/ptII/ptolemy/domains/modal/test/auto/ErrorTransition6.xml
----------------- Instantiating /home/travis/build/icyphy/ptII/ptolemy/domains/modal/test/auto/ErrorTransition6.xml
9 ms. Memory: 235520K Free: 111007K (47%)
----------------- Invoking toplevel() on ptolemy.moml.MoMLSimpleApplication@72241ad2
----------------- Done invoking toplevel() on ptolemy.moml.MoMLSimpleApplication@72241ad2
reloadAllAccessors: .ErrorTransition6

===========================================================================================
----------------- testing Sun Nov 03 06:15:21 UTC 2019 /home/travis/build/icyphy/ptII/ptolemy/domains/modal/test/auto/ErrorTransition7.xml
----------------- Instantiating /home/travis/build/icyphy/ptII/ptolemy/domains/modal/test/auto/ErrorTransition7.xml
15 ms. Memory: 235520K Free: 98719K (42%)
----------------- Invoking toplevel() on ptolemy.moml.MoMLSimpleApplication@a58ca61
----------------- Done invoking toplevel() on ptolemy.moml.MoMLSimpleApplication@a58ca61
reloadAllAccessors: .ErrorTransition7

===========================================================================================
----------------- testing Sun Nov 03 06:15:21 UTC 2019 /home/travis/build/icyphy/ptII/ptolemy/domains/modal/test/auto/ErrorTransition8.xml
----------------- Instantiating /home/travis/build/icyphy/ptII/ptolemy/domains/modal/test/auto/ErrorTransition8.xml
25 ms. Memory: 235520K Free: 85407K (36%)
----------------- Invoking toplevel() on ptolemy.moml.MoMLSimpleApplication@6959f522
----------------- Done invoking toplevel() on ptolemy.moml.MoMLSimpleApplication@6959f522
reloadAllAccessors: .ErrorTransition8

===========================================================================================
----------------- testing Sun Nov 03 06:15:21 UTC 2019 /home/travis/build/icyphy/ptII/ptolemy/domains/modal/test/auto/ErrorTransition9.xml
----------------- Instantiating /home/travis/build/icyphy/ptII/ptolemy/domains/modal/test/auto/ErrorTransition9.xml
21 ms. Memory: 235520K Free: 207796K (88%)
----------------- Invoking toplevel() on ptolemy.moml.MoMLSimpleApplication@519e5a81
----------------- Done invoking toplevel() on ptolemy.moml.MoMLSimpleApplication@519e5a81
reloadAllAccessors: .ErrorTransition9

===========================================================================================
----------------- testing Sun Nov 03 06:15:21 UTC 2019 /home/travis/build/icyphy/ptII/ptolemy/domains/modal/test/auto/ExtendedFSM.xml
----------------- Instantiating /home/travis/build/icyphy/ptII/ptolemy/domains/modal/test/auto/ExtendedFSM.xml
7 ms. Memory: 235520K Free: 199076K (85%)
----------------- Invoking toplevel() on ptolemy.moml.MoMLSimpleApplication@1325073d
----------------- Done invoking toplevel() on ptolemy.moml.MoMLSimpleApplication@1325073d
reloadAllAccessors: .ExtendedFSM

===========================================================================================
----------------- testing Sun Nov 03 06:15:21 UTC 2019 /home/travis/build/icyphy/ptII/ptolemy/domains/modal/test/auto/FinalStates.xml
----------------- Instantiating /home/travis/build/icyphy/ptII/ptolemy/domains/modal/test/auto/FinalStates.xml
5 ms. Memory: 235520K Free: 190868K (81%)
----------------- Invoking toplevel() on ptolemy.moml.MoMLSimpleApplication@18f2044
----------------- Done invoking toplevel() on ptolemy.moml.MoMLSimpleApplication@18f2044
reloadAllAccessors: .FinalStates

===========================================================================================
----------------- testing Sun Nov 03 06:15:21 UTC 2019 /home/travis/build/icyphy/ptII/ptolemy/domains/modal/test/auto/FixedPointFSM.xml
----------------- Instantiating /home/travis/build/icyphy/ptII/ptolemy/domains/modal/test/auto/FixedPointFSM.xml
23 ms. Memory: 235520K Free: 176052K (75%)
----------------- Invoking toplevel() on ptolemy.moml.MoMLSimpleApplication@305e444a
----------------- Done invoking toplevel() on ptolemy.moml.MoMLSimpleApplication@305e444a
reloadAllAccessors: .FixedPointFSM

===========================================================================================
----------------- testing Sun Nov 03 06:15:21 UTC 2019 /home/travis/build/icyphy/ptII/ptolemy/domains/modal/test/auto/FixedPointIterationFSMActor.xml
----------------- Instantiating /home/travis/build/icyphy/ptII/ptolemy/domains/modal/test/auto/FixedPointIterationFSMActor.xml
8 ms. Memory: 235520K Free: 165812K (70%)
----------------- Invoking toplevel() on ptolemy.moml.MoMLSimpleApplication@6676fa3e
----------------- Done invoking toplevel() on ptolemy.moml.MoMLSimpleApplication@6676fa3e
reloadAllAccessors: .FixedPointIterationFSMActor

===========================================================================================
----------------- testing Sun Nov 03 06:15:21 UTC 2019 /home/travis/build/icyphy/ptII/ptolemy/domains/modal/test/auto/FixedPointIterationFSMActor2.xml
----------------- Instantiating /home/travis/build/icyphy/ptII/ptolemy/domains/modal/test/auto/FixedPointIterationFSMActor2.xml
12 ms. Memory: 235520K Free: 154028K (65%)
----------------- Invoking toplevel() on ptolemy.moml.MoMLSimpleApplication@2b45e1df
----------------- Done invoking toplevel() on ptolemy.moml.MoMLSimpleApplication@2b45e1df
reloadAllAccessors: .FixedPointIterationFSMActor2

===========================================================================================
----------------- testing Sun Nov 03 06:15:21 UTC 2019 /home/travis/build/icyphy/ptII/ptolemy/domains/modal/test/auto/ForbiddenInstantanousLoop.xml
----------------- Instantiating /home/travis/build/icyphy/ptII/ptolemy/domains/modal/test/auto/ForbiddenInstantanousLoop.xml
5 ms. Memory: 235520K Free: 141732K (60%)
----------------- Invoking toplevel() on ptolemy.moml.MoMLSimpleApplication@63e0d19c
----------------- Done invoking toplevel() on ptolemy.moml.MoMLSimpleApplication@63e0d19c
reloadAllAccessors: .ForbiddenInstantanousLoop

===========================================================================================
----------------- testing Sun Nov 03 06:15:21 UTC 2019 /home/travis/build/icyphy/ptII/ptolemy/domains/modal/test/auto/FunctionDependencyOfFSMActorTest.xml
----------------- Instantiating /home/travis/build/icyphy/ptII/ptolemy/domains/modal/test/auto/FunctionDependencyOfFSMActorTest.xml
16 ms. Memory: 235520K Free: 134564K (57%)
----------------- Invoking toplevel() on ptolemy.moml.MoMLSimpleApplication@334ac75d
----------------- Done invoking toplevel() on ptolemy.moml.MoMLSimpleApplication@334ac75d
reloadAllAccessors: .FunctionDependencyOfFSMActorTest

===========================================================================================
----------------- testing Sun Nov 03 06:15:21 UTC 2019 /home/travis/build/icyphy/ptII/ptolemy/domains/modal/test/auto/GuardExpression.xml
----------------- Instantiating /home/travis/build/icyphy/ptII/ptolemy/domains/modal/test/auto/GuardExpression.xml
2 ms. Memory: 235520K Free: 129458K (55%)
----------------- Invoking toplevel() on ptolemy.moml.MoMLSimpleApplication@2d77bbe
----------------- Done invoking toplevel() on ptolemy.moml.MoMLSimpleApplication@2d77bbe
reloadAllAccessors: .GuardExpression

===========================================================================================
----------------- testing Sun Nov 03 06:15:21 UTC 2019 /home/travis/build/icyphy/ptII/ptolemy/domains/modal/test/auto/GuardNotEvaluated.xml
----------------- Instantiating /home/travis/build/icyphy/ptII/ptolemy/domains/modal/test/auto/GuardNotEvaluated.xml
6 ms. Memory: 235520K Free: 120756K (51%)
----------------- Invoking toplevel() on ptolemy.moml.MoMLSimpleApplication@6a5fb89f
----------------- Done invoking toplevel() on ptolemy.moml.MoMLSimpleApplication@6a5fb89f
reloadAllAccessors: .GuardNotEvaluated

===========================================================================================
----------------- testing Sun Nov 03 06:15:21 UTC 2019 /home/travis/build/icyphy/ptII/ptolemy/domains/modal/test/auto/GuardNotEvaluated2.xml
----------------- Instantiating /home/travis/build/icyphy/ptII/ptolemy/domains/modal/test/auto/GuardNotEvaluated2.xml
8 ms. Memory: 235520K Free: 111026K (47%)
----------------- Invoking toplevel() on ptolemy.moml.MoMLSimpleApplication@95558ea
----------------- Done invoking toplevel() on ptolemy.moml.MoMLSimpleApplication@95558ea
reloadAllAccessors: .GuardNotEvaluated2

===========================================================================================
----------------- testing Sun Nov 03 06:15:21 UTC 2019 /home/travis/build/icyphy/ptII/ptolemy/domains/modal/test/auto/GuardOnAbsent.xml
----------------- Instantiating /home/travis/build/icyphy/ptII/ptolemy/domains/modal/test/auto/GuardOnAbsent.xml
6 ms. Memory: 235520K Free: 103348K (44%)
----------------- Invoking toplevel() on ptolemy.moml.MoMLSimpleApplication@1184a573
----------------- Done invoking toplevel() on ptolemy.moml.MoMLSimpleApplication@1184a573
reloadAllAccessors: .GuardOnAbsent

===========================================================================================
----------------- testing Sun Nov 03 06:15:21 UTC 2019 /home/travis/build/icyphy/ptII/ptolemy/domains/modal/test/auto/HierarchicalFSMTypeInference.xml
----------------- Instantiating /home/travis/build/icyphy/ptII/ptolemy/domains/modal/test/auto/HierarchicalFSMTypeInference.xml
2 ms. Memory: 235520K Free: 93108K (40%)
----------------- Invoking toplevel() on ptolemy.moml.MoMLSimpleApplication@7271005e
----------------- Done invoking toplevel() on ptolemy.moml.MoMLSimpleApplication@7271005e
reloadAllAccessors: .HierarchicalFSMTypeInference

===========================================================================================
----------------- testing Sun Nov 03 06:15:21 UTC 2019 /home/travis/build/icyphy/ptII/ptolemy/domains/modal/test/auto/Hysteresis.xml
----------------- Instantiating /home/travis/build/icyphy/ptII/ptolemy/domains/modal/test/auto/Hysteresis.xml
28 ms. Memory: 235520K Free: 214924K (91%)
----------------- Invoking toplevel() on ptolemy.moml.MoMLSimpleApplication@3b9bdbed
----------------- Done invoking toplevel() on ptolemy.moml.MoMLSimpleApplication@3b9bdbed
reloadAllAccessors: .Hysteresis

===========================================================================================
----------------- testing Sun Nov 03 06:15:21 UTC 2019 /home/travis/build/icyphy/ptII/ptolemy/domains/modal/test/auto/HysteresisWithDefault.xml
----------------- Instantiating /home/travis/build/icyphy/ptII/ptolemy/domains/modal/test/auto/HysteresisWithDefault.xml
36 ms. Memory: 235520K Free: 191868K (81%)
----------------- Invoking toplevel() on ptolemy.moml.MoMLSimpleApplication@1b855e26
----------------- Done invoking toplevel() on ptolemy.moml.MoMLSimpleApplication@1b855e26
reloadAllAccessors: .HysteresisWithDefault

===========================================================================================
----------------- testing Sun Nov 03 06:15:21 UTC 2019 /home/travis/build/icyphy/ptII/ptolemy/domains/modal/test/auto/HysteresisWithDefault2.xml
----------------- Instantiating /home/travis/build/icyphy/ptII/ptolemy/domains/modal/test/auto/HysteresisWithDefault2.xml
39 ms. Memory: 235520K Free: 162181K (69%)
----------------- Invoking toplevel() on ptolemy.moml.MoMLSimpleApplication@3e440670
----------------- Done invoking toplevel() on ptolemy.moml.MoMLSimpleApplication@3e440670
reloadAllAccessors: .HysteresisWithDefault2

===========================================================================================
----------------- testing Sun Nov 03 06:15:21 UTC 2019 /home/travis/build/icyphy/ptII/ptolemy/domains/modal/test/auto/ImmediateNonConstructiveness.xml
----------------- Instantiating /home/travis/build/icyphy/ptII/ptolemy/domains/modal/test/auto/ImmediateNonConstructiveness.xml
2 ms. Memory: 235520K Free: 155004K (66%)
----------------- Invoking toplevel() on ptolemy.moml.MoMLSimpleApplication@12eb4936
----------------- Done invoking toplevel() on ptolemy.moml.MoMLSimpleApplication@12eb4936
reloadAllAccessors: .ImmediateNonConstructiveness

===========================================================================================
----------------- testing Sun Nov 03 06:15:21 UTC 2019 /home/travis/build/icyphy/ptII/ptolemy/domains/modal/test/auto/ImmediateNonConstructiveness2.xml
----------------- Instantiating /home/travis/build/icyphy/ptII/ptolemy/domains/modal/test/auto/ImmediateNonConstructiveness2.xml
2 ms. Memory: 235520K Free: 148364K (63%)
----------------- Invoking toplevel() on ptolemy.moml.MoMLSimpleApplication@54ddf12
----------------- Done invoking toplevel() on ptolemy.moml.MoMLSimpleApplication@54ddf12
reloadAllAccessors: .ImmediateNonConstructiveness2

===========================================================================================
----------------- testing Sun Nov 03 06:15:21 UTC 2019 /home/travis/build/icyphy/ptII/ptolemy/domains/modal/test/auto/ImmediateTransitionReset.xml
----------------- Instantiating /home/travis/build/icyphy/ptII/ptolemy/domains/modal/test/auto/ImmediateTransitionReset.xml
5 ms. Memory: 235520K Free: 136586K (58%)
----------------- Invoking toplevel() on ptolemy.moml.MoMLSimpleApplication@6180f383
----------------- Done invoking toplevel() on ptolemy.moml.MoMLSimpleApplication@6180f383
reloadAllAccessors: .ImmediateTransitionReset

===========================================================================================
----------------- testing Sun Nov 03 06:15:21 UTC 2019 /home/travis/build/icyphy/ptII/ptolemy/domains/modal/test/auto/ImmediateTransitions1.xml
----------------- Instantiating /home/travis/build/icyphy/ptII/ptolemy/domains/modal/test/auto/ImmediateTransitions1.xml
1 ms. Memory: 235520K Free: 131466K (56%)
----------------- Invoking toplevel() on ptolemy.moml.MoMLSimpleApplication@37b71aeb
----------------- Done invoking toplevel() on ptolemy.moml.MoMLSimpleApplication@37b71aeb
reloadAllAccessors: .ImmediateTransitions1

===========================================================================================
----------------- testing Sun Nov 03 06:15:21 UTC 2019 /home/travis/build/icyphy/ptII/ptolemy/domains/modal/test/auto/ImmediateTransitionsInstantaneousCommunication.xml
----------------- Instantiating /home/travis/build/icyphy/ptII/ptolemy/domains/modal/test/auto/ImmediateTransitionsInstantaneousCommunication.xml
4 ms. Memory: 235520K Free: 119164K (51%)
----------------- Invoking toplevel() on ptolemy.moml.MoMLSimpleApplication@4c6a7798
----------------- Done invoking toplevel() on ptolemy.moml.MoMLSimpleApplication@4c6a7798
reloadAllAccessors: .ImmediateTransitionsInstantaneousCommunication

===========================================================================================
----------------- testing Sun Nov 03 06:15:21 UTC 2019 /home/travis/build/icyphy/ptII/ptolemy/domains/modal/test/auto/InitialImmediateTransition.xml
----------------- Instantiating /home/travis/build/icyphy/ptII/ptolemy/domains/modal/test/auto/InitialImmediateTransition.xml
2 ms. Memory: 235520K Free: 112004K (48%)
----------------- Invoking toplevel() on ptolemy.moml.MoMLSimpleApplication@7a37d295
----------------- Done invoking toplevel() on ptolemy.moml.MoMLSimpleApplication@7a37d295
reloadAllAccessors: .InitialImmediateTransition

===========================================================================================
----------------- testing Sun Nov 03 06:15:21 UTC 2019 /home/travis/build/icyphy/ptII/ptolemy/domains/modal/test/auto/InitialOutputs.xml
----------------- Instantiating /home/travis/build/icyphy/ptII/ptolemy/domains/modal/test/auto/InitialOutputs.xml
3 ms. Memory: 235520K Free: 105356K (45%)
----------------- Invoking toplevel() on ptolemy.moml.MoMLSimpleApplication@2a015259
----------------- Done invoking toplevel() on ptolemy.moml.MoMLSimpleApplication@2a015259
reloadAllAccessors: .InitialOutputs

===========================================================================================
----------------- testing Sun Nov 03 06:15:21 UTC 2019 /home/travis/build/icyphy/ptII/ptolemy/domains/modal/test/auto/InitialStateTransition1.xml
----------------- Instantiating /home/travis/build/icyphy/ptII/ptolemy/domains/modal/test/auto/InitialStateTransition1.xml
3 ms. Memory: 235520K Free: 98188K (42%)
----------------- Invoking toplevel() on ptolemy.moml.MoMLSimpleApplication@64a1b4b0
----------------- Done invoking toplevel() on ptolemy.moml.MoMLSimpleApplication@64a1b4b0
reloadAllAccessors: .InitialStateTransition1

===========================================================================================
----------------- testing Sun Nov 03 06:15:21 UTC 2019 /home/travis/build/icyphy/ptII/ptolemy/domains/modal/test/auto/InitialStateTransition2.xml
----------------- Instantiating /home/travis/build/icyphy/ptII/ptolemy/domains/modal/test/auto/InitialStateTransition2.xml
.InitialStateTransition2.TestExceptionAttributeNonConstructive: initialize() was not invoked, but wrapup() was.  This is unusual, but not always a problem.  For example, exporting JNLP will do this.
1 ms. Memory: 235520K Free: 91020K (39%)
----------------- Invoking toplevel() on ptolemy.moml.MoMLSimpleApplication@778f9489
----------------- Done invoking toplevel() on ptolemy.moml.MoMLSimpleApplication@778f9489
reloadAllAccessors: .InitialStateTransition2

===========================================================================================
----------------- testing Sun Nov 03 06:15:22 UTC 2019 /home/travis/build/icyphy/ptII/ptolemy/domains/modal/test/auto/InitialStateTransition3.xml
----------------- Instantiating /home/travis/build/icyphy/ptII/ptolemy/domains/modal/test/auto/InitialStateTransition3.xml
4 ms. Memory: 235520K Free: 82314K (35%)
----------------- Invoking toplevel() on ptolemy.moml.MoMLSimpleApplication@45fad8d3
----------------- Done invoking toplevel() on ptolemy.moml.MoMLSimpleApplication@45fad8d3
reloadAllAccessors: .InitialStateTransition3

===========================================================================================
----------------- testing Sun Nov 03 06:15:22 UTC 2019 /home/travis/build/icyphy/ptII/ptolemy/domains/modal/test/auto/InitialStateTransition4.xml
----------------- Instantiating /home/travis/build/icyphy/ptII/ptolemy/domains/modal/test/auto/InitialStateTransition4.xml
4 ms. Memory: 235520K Free: 207756K (88%)
----------------- Invoking toplevel() on ptolemy.moml.MoMLSimpleApplication@70eb72f3
----------------- Done invoking toplevel() on ptolemy.moml.MoMLSimpleApplication@70eb72f3
[...]
reloadAllAccessors: .TerminationTransition3

===========================================================================================
----------------- testing Sun Nov 03 06:15:23 UTC 2019 /home/travis/build/icyphy/ptII/ptolemy/domains/modal/test/auto/TerminationTransition4.xml
----------------- Instantiating /home/travis/build/icyphy/ptII/ptolemy/domains/modal/test/auto/TerminationTransition4.xml
6 ms. Memory: 282624K Free: 132593K (47%)
----------------- Invoking toplevel() on ptolemy.moml.MoMLSimpleApplication@213463c4
----------------- Done invoking toplevel() on ptolemy.moml.MoMLSimpleApplication@213463c4
reloadAllAccessors: .TerminationTransition4

===========================================================================================
----------------- testing Sun Nov 03 06:15:23 UTC 2019 /home/travis/build/icyphy/ptII/ptolemy/domains/modal/test/auto/TerminationTransition5.xml
----------------- Instantiating /home/travis/build/icyphy/ptII/ptolemy/domains/modal/test/auto/TerminationTransition5.xml
3 ms. Memory: 282624K Free: 118767K (42%)
----------------- Invoking toplevel() on ptolemy.moml.MoMLSimpleApplication@899d51b
----------------- Done invoking toplevel() on ptolemy.moml.MoMLSimpleApplication@899d51b
reloadAllAccessors: .TerminationTransition5

===========================================================================================
----------------- testing Sun Nov 03 06:15:23 UTC 2019 /home/travis/build/icyphy/ptII/ptolemy/domains/modal/test/auto/TerminationTransition6.xml
----------------- Instantiating /home/travis/build/icyphy/ptII/ptolemy/domains/modal/test/auto/TerminationTransition6.xml
1 ms. Memory: 282624K Free: 110065K (39%)
----------------- Invoking toplevel() on ptolemy.moml.MoMLSimpleApplication@48c5f88f
----------------- Done invoking toplevel() on ptolemy.moml.MoMLSimpleApplication@48c5f88f
reloadAllAccessors: .TerminationTransition6

===========================================================================================
----------------- testing Sun Nov 03 06:15:23 UTC 2019 /home/travis/build/icyphy/ptII/ptolemy/domains/modal/test/auto/TerminationTransition7.xml
----------------- Instantiating /home/travis/build/icyphy/ptII/ptolemy/domains/modal/test/auto/TerminationTransition7.xml
2 ms. Memory: 282624K Free: 100849K (36%)
----------------- Invoking toplevel() on ptolemy.moml.MoMLSimpleApplication@bbdb6ae
----------------- Done invoking toplevel() on ptolemy.moml.MoMLSimpleApplication@bbdb6ae
reloadAllAccessors: .TerminationTransition7

===========================================================================================
----------------- testing Sun Nov 03 06:15:24 UTC 2019 /home/travis/build/icyphy/ptII/ptolemy/domains/modal/test/auto/TerminationTransition8.xml
----------------- Instantiating /home/travis/build/icyphy/ptII/ptolemy/domains/modal/test/auto/TerminationTransition8.xml
2 ms. Memory: 282624K Free: 255413K (90%)
----------------- Invoking toplevel() on ptolemy.moml.MoMLSimpleApplication@40a41430
----------------- Done invoking toplevel() on ptolemy.moml.MoMLSimpleApplication@40a41430
reloadAllAccessors: .TerminationTransition8

===========================================================================================
----------------- testing Sun Nov 03 06:15:24 UTC 2019 /home/travis/build/icyphy/ptII/ptolemy/domains/modal/test/auto/Thermostat_NoHysteresis.xml
----------------- Instantiating /home/travis/build/icyphy/ptII/ptolemy/domains/modal/test/auto/Thermostat_NoHysteresis.xml
23 ms. Memory: 282624K Free: 230618K (82%)
----------------- Invoking toplevel() on ptolemy.moml.MoMLSimpleApplication@6d5655f8
----------------- Done invoking toplevel() on ptolemy.moml.MoMLSimpleApplication@6d5655f8
reloadAllAccessors: .Thermostat_NoHysteresis

===========================================================================================
----------------- testing Sun Nov 03 06:15:24 UTC 2019 /home/travis/build/icyphy/ptII/ptolemy/domains/modal/test/auto/TimedFSM.xml
----------------- Instantiating /home/travis/build/icyphy/ptII/ptolemy/domains/modal/test/auto/TimedFSM.xml
7 ms. Memory: 282624K Free: 218840K (77%)
----------------- Invoking toplevel() on ptolemy.moml.MoMLSimpleApplication@7477bcbb
----------------- Done invoking toplevel() on ptolemy.moml.MoMLSimpleApplication@7477bcbb
reloadAllAccessors: .TimedFSM

===========================================================================================
----------------- testing Sun Nov 03 06:15:24 UTC 2019 /home/travis/build/icyphy/ptII/ptolemy/domains/modal/test/auto/Timeout1.xml
----------------- Instantiating /home/travis/build/icyphy/ptII/ptolemy/domains/modal/test/auto/Timeout1.xml
3 ms. Memory: 282624K Free: 213210K (75%)
----------------- Invoking toplevel() on ptolemy.moml.MoMLSimpleApplication@43cfcd3f
----------------- Done invoking toplevel() on ptolemy.moml.MoMLSimpleApplication@43cfcd3f
reloadAllAccessors: .Timeout1

===========================================================================================
----------------- testing Sun Nov 03 06:15:24 UTC 2019 /home/travis/build/icyphy/ptII/ptolemy/domains/modal/test/auto/Timeout2.xml
----------------- Instantiating /home/travis/build/icyphy/ptII/ptolemy/domains/modal/test/auto/Timeout2.xml
7 ms. Memory: 282624K Free: 204490K (72%)
----------------- Invoking toplevel() on ptolemy.moml.MoMLSimpleApplication@446ff5cb
----------------- Done invoking toplevel() on ptolemy.moml.MoMLSimpleApplication@446ff5cb
reloadAllAccessors: .Timeout2

===========================================================================================
----------------- testing Sun Nov 03 06:15:24 UTC 2019 /home/travis/build/icyphy/ptII/ptolemy/domains/modal/test/auto/Timeout3.xml
----------------- Instantiating /home/travis/build/icyphy/ptII/ptolemy/domains/modal/test/auto/Timeout3.xml
2 ms. Memory: 282624K Free: 199370K (71%)
----------------- Invoking toplevel() on ptolemy.moml.MoMLSimpleApplication@7aabb81e
----------------- Done invoking toplevel() on ptolemy.moml.MoMLSimpleApplication@7aabb81e
reloadAllAccessors: .Timeout3

===========================================================================================
----------------- testing Sun Nov 03 06:15:24 UTC 2019 /home/travis/build/icyphy/ptII/ptolemy/domains/modal/test/auto/Timeout4.xml
----------------- Instantiating /home/travis/build/icyphy/ptII/ptolemy/domains/modal/test/auto/Timeout4.xml
2 ms. Memory: 282624K Free: 194250K (69%)
----------------- Invoking toplevel() on ptolemy.moml.MoMLSimpleApplication@6231cc95
----------------- Done invoking toplevel() on ptolemy.moml.MoMLSimpleApplication@6231cc95
reloadAllAccessors: .Timeout4

===========================================================================================
----------------- testing Sun Nov 03 06:15:24 UTC 2019 /home/travis/build/icyphy/ptII/ptolemy/domains/modal/test/auto/TransientstateModelAdvanced.xml
----------------- Instantiating /home/travis/build/icyphy/ptII/ptolemy/domains/modal/test/auto/TransientstateModelAdvanced.xml
3 ms. Memory: 282624K Free: 181962K (64%)
----------------- Invoking toplevel() on ptolemy.moml.MoMLSimpleApplication@5b42ad5d
----------------- Done invoking toplevel() on ptolemy.moml.MoMLSimpleApplication@5b42ad5d
reloadAllAccessors: .TransientstateModelAdvanced

===========================================================================================
----------------- testing Sun Nov 03 06:15:24 UTC 2019 /home/travis/build/icyphy/ptII/ptolemy/domains/modal/test/auto/TransientstateModelAdvanced2.xml
----------------- Instantiating /home/travis/build/icyphy/ptII/ptolemy/domains/modal/test/auto/TransientstateModelAdvanced2.xml
3 ms. Memory: 282624K Free: 167626K (59%)
----------------- Invoking toplevel() on ptolemy.moml.MoMLSimpleApplication@5f794d63
----------------- Done invoking toplevel() on ptolemy.moml.MoMLSimpleApplication@5f794d63
reloadAllAccessors: .transientstatemodelAdvanced

===========================================================================================
----------------- testing Sun Nov 03 06:15:24 UTC 2019 /home/travis/build/icyphy/ptII/ptolemy/domains/modal/test/auto/TransitionRefinements.xml
----------------- Instantiating /home/travis/build/icyphy/ptII/ptolemy/domains/modal/test/auto/TransitionRefinements.xml
6 ms. Memory: 282624K Free: 157914K (56%)
----------------- Invoking toplevel() on ptolemy.moml.MoMLSimpleApplication@5b520d8d
----------------- Done invoking toplevel() on ptolemy.moml.MoMLSimpleApplication@5b520d8d
reloadAllAccessors: .TransitionRefinements

===========================================================================================
----------------- testing Sun Nov 03 06:15:24 UTC 2019 /home/travis/build/icyphy/ptII/ptolemy/domains/modal/test/auto/TwoRefinements1.xml
----------------- Instantiating /home/travis/build/icyphy/ptII/ptolemy/domains/modal/test/auto/TwoRefinements1.xml
3 ms. Memory: 282624K Free: 148184K (52%)
----------------- Invoking toplevel() on ptolemy.moml.MoMLSimpleApplication@29bb5a53
----------------- Done invoking toplevel() on ptolemy.moml.MoMLSimpleApplication@29bb5a53
reloadAllAccessors: .TwoRefinements1

===========================================================================================
----------------- testing Sun Nov 03 06:15:24 UTC 2019 /home/travis/build/icyphy/ptII/ptolemy/domains/modal/test/auto/TwoRefinements2.xml
----------------- Instantiating /home/travis/build/icyphy/ptII/ptolemy/domains/modal/test/auto/TwoRefinements2.xml
2 ms. Memory: 282624K Free: 137944K (49%)
----------------- Invoking toplevel() on ptolemy.moml.MoMLSimpleApplication@40f368c0
----------------- Done invoking toplevel() on ptolemy.moml.MoMLSimpleApplication@40f368c0
reloadAllAccessors: .TwoRefinements2

===========================================================================================
----------------- testing Sun Nov 03 06:15:24 UTC 2019 /home/travis/build/icyphy/ptII/ptolemy/domains/modal/test/auto/WeakImmediateTransition.xml
----------------- Instantiating /home/travis/build/icyphy/ptII/ptolemy/domains/modal/test/auto/WeakImmediateTransition.xml
3 ms. Memory: 282624K Free: 129242K (46%)
----------------- Invoking toplevel() on ptolemy.moml.MoMLSimpleApplication@29af3531
----------------- Done invoking toplevel() on ptolemy.moml.MoMLSimpleApplication@29af3531
reloadAllAccessors: .WeakImmediateTransition

===========================================================================================
----------------- testing Sun Nov 03 06:15:24 UTC 2019 /home/travis/build/icyphy/ptII/ptolemy/domains/modal/test/auto/booleanSelect.xml
----------------- Instantiating /home/travis/build/icyphy/ptII/ptolemy/domains/modal/test/auto/booleanSelect.xml
38 ms. Memory: 282624K Free: 111320K (39%)
----------------- Invoking toplevel() on ptolemy.moml.MoMLSimpleApplication@6ebcced5
----------------- Done invoking toplevel() on ptolemy.moml.MoMLSimpleApplication@6ebcced5
reloadAllAccessors: .booleanSelect

===========================================================================================
----------------- testing Sun Nov 03 06:15:24 UTC 2019 /home/travis/build/icyphy/ptII/ptolemy/domains/modal/test/auto/modalChangingParams.xml
----------------- Instantiating /home/travis/build/icyphy/ptII/ptolemy/domains/modal/test/auto/modalChangingParams.xml
0
1
0
2
4
6
8
7
0
2
4
6
8
13
0
2
4
6
8
19
0
2
4
6
8
25
0
2
4
6
8
31
0
2
4
6
8
37
0
2
4
6
8
43
0
2
4
6
8
49
0
2
4
6
8
55
0
2
4
6
8
61
0
2
4
6
8
67
0
2
4
6
8
73
0
2
4
6
8
79
0
2
4
6
8
85
0
2
4
6
8
91
0
2
4
6
8
97
0
2
4
6
8
103
0
2
4
6
8
109
0
2
4
6
8
115
0
2
4
6
8
121
0
2
4
6
8
127
0
2
4
6
8
133
0
2
4
6
8
139
0
2
4
6
8
145
0
2
4
6
8
151
0
2
4
6
8
157
0
2
4
6
8
163
0
2
4
6
8
169
0
2
4
6
8
175
0
2
4
6
8
181
0
2
4
6
8
187
0
2
4
6
8
193
0
2
4
6
8
199
0
2
4
6
8
205
0
2
4
6
8
211
0
2
4
6
8
217
0
2
4
6
8
223
0
2
4
6
8
229
0
2
4
6
8
235
0
2
4
6
8
241
0
2
4
6
8
247
0
2
4
6
8
253
0
2
4
6
8
259
0
2
4
6
8
265
0
2
4
6
8
271
0
2
4
6
8
277
0
2
4
6
8
283
0
2
4
6
8
289
0
2
4
6
8
295
0
2
4
6
8
301
0
2
4
6
8
307
0
2
4
6
8
313
0
2
4
6
8
319
0
2
4
6
8
325
0
2
4
6
8
331
0
2
4
6
8
337
0
2
4
6
8
343
0
2
4
6
8
349
0
2
4
6
8
355
0
2
4
6
8
361
0
2
4
6
8
367
0
2
4
6
8
373
0
2
4
6
8
379
0
2
4
6
8
385
0
2
4
6
8
391
0
2
4
6
8
397
0
2
4
6
8
403
0
2
4
6
8
409
0
2
4
6
8
415
0
2
4
6
8
421
0
2
4
6
8
427
0
2
4
6
8
433
0
2
4
6
8
439
0
2
4
6
8
445
0
2
4
6
8
451
0
2
4
6
8
457
0
2
4
6
8
463
0
2
4
6
8
469
0
2
4
6
8
475
0
2
4
6
8
481
0
2
4
6
8
487
0
2
4
6
8
493
0
2
4
6
8
499
0
2
4
6
8
505
0
2
4
6
8
511
0
2
4
6
8
517
0
2
4
6
8
523
0
2
4
6
8
529
0
2
4
6
8
535
0
2
4
6
8
541
0
2
4
6
8
547
0
2
4
6
8
553
0
2
4
6
8
559
0
2
4
6
8
565
0
2
4
6
8
571
0
2
4
6
8
577
0
2
4
6
8
583
0
2
4
6
8
589
0
2
4
6
8
595
0
2
4
6
8
601
0
2
4
6
8
607
0
2
4
6
8
613
0
2
4
6
8
619
0
2
4
6
8
625
0
2
4
6
8
631
0
2
4
6
8
637
0
2
4
6
8
643
0
2
4
6
8
649
0
2
4
6
8
655
0
2
4
6
8
661
0
2
4
6
8
667
0
2
4
6
8
673
0
2
4
6
8
679
0
2
4
6
8
685
0
2
4
6
8
691
0
2
4
6
8
697
0
2
4
6
8
703
0
2
4
6
8
709
0
2
4
6
8
715
0
2
4
6
8
721
0
2
4
6
8
727
0
2
4
6
8
733
0
2
4
6
8
739
0
2
4
6
8
745
0
2
4
6
8
751
0
2
4
6
8
757
0
2
4
6
8
763
0
2
4
6
8
769
0
2
4
6
8
775
0
2
4
6
8
781
0
2
4
6
8
787
0
2
4
6
8
793
0
2
4
6
8
799
0
2
4
6
8
805
0
2
4
6
8
811
0
2
4
6
8
817
0
2
4
6
8
823
0
2
4
6
8
829
0
2
4
6
8
835
0
2
4
6
8
841
0
2
4
6
8
847
0
2
4
6
8
853
0
2
4
6
8
859
0
2
4
6
8
865
0
2
4
6
8
871
0
2
4
6
8
877
0
2
4
6
8
883
0
2
4
6
8
889
0
2
4
6
8
895
0
2
4
6
8
901
0
2
4
6
8
907
0
2
4
6
8
913
0
2
4
6
8
919
0
2
4
6
8
925
0
2
4
6
8
931
0
2
4
6
8
937
0
2
4
6
8
943
0
2
4
6
8
949
0
2
4
6
8
955
0
2
4
6
8
961
0
2
4
6
8
967
0
2
4
6
8
973
0
2
4
6
8
979
0
2
4
6
8
985
0
2
4
6
8
991
0
2
4
6
8
997
0
2
350 ms. Memory: 358400K Free: 237098K (66%)
----------------- Invoking toplevel() on ptolemy.moml.MoMLSimpleApplication@33866a23
----------------- Done invoking toplevel() on ptolemy.moml.MoMLSimpleApplication@33866a23
reloadAllAccessors: .modalChangingParams

===========================================================================================
----------------- testing Sun Nov 03 06:15:24 UTC 2019 /home/travis/build/icyphy/ptII/ptolemy/domains/modal/test/auto/modalModel.xml
----------------- Instantiating /home/travis/build/icyphy/ptII/ptolemy/domains/modal/test/auto/modalModel.xml
11 ms. Memory: 358400K Free: 227774K (64%)
----------------- Invoking toplevel() on ptolemy.moml.MoMLSimpleApplication@68d604ec
----------------- Done invoking toplevel() on ptolemy.moml.MoMLSimpleApplication@68d604ec
reloadAllAccessors: .modalModel

===========================================================================================
----------------- testing Sun Nov 03 06:15:24 UTC 2019 /home/travis/build/icyphy/ptII/ptolemy/domains/modal/test/auto/modalModel2.xml
----------------- Instantiating /home/travis/build/icyphy/ptII/ptolemy/domains/modal/test/auto/modalModel2.xml
16 ms. Memory: 358400K Free: 217024K (61%)
----------------- Invoking toplevel() on ptolemy.moml.MoMLSimpleApplication@6c5dafa8
----------------- Done invoking toplevel() on ptolemy.moml.MoMLSimpleApplication@6c5dafa8
reloadAllAccessors: .modalModel2

===========================================================================================
----------------- testing Sun Nov 03 06:15:24 UTC 2019 /home/travis/build/icyphy/ptII/ptolemy/domains/modal/test/auto/modalModel3.xml
----------------- Instantiating /home/travis/build/icyphy/ptII/ptolemy/domains/modal/test/auto/modalModel3.xml
0	0	0
1	0	1
4	2	2
7	4	3
10	6	4
5	0	5
8	2	6
11	4	7
14	6	8
9	0	9
12	2	10
15	4	11
18	6	12
13	0	13
16	2	14
20 ms. Memory: 358400K Free: 202160K (56%)
----------------- Invoking toplevel() on ptolemy.moml.MoMLSimpleApplication@66bd27f8
----------------- Done invoking toplevel() on ptolemy.moml.MoMLSimpleApplication@66bd27f8
reloadAllAccessors: .modalModel3

===========================================================================================
----------------- testing Sun Nov 03 06:15:24 UTC 2019 /home/travis/build/icyphy/ptII/ptolemy/domains/modal/test/auto/model1.xml
----------------- Instantiating /home/travis/build/icyphy/ptII/ptolemy/domains/modal/test/auto/model1.xml
14 ms. Memory: 358400K Free: 196016K (55%)
----------------- Invoking toplevel() on ptolemy.moml.MoMLSimpleApplication@39a08548
----------------- Done invoking toplevel() on ptolemy.moml.MoMLSimpleApplication@39a08548
reloadAllAccessors: .model1

===========================================================================================
----------------- testing Sun Nov 03 06:15:24 UTC 2019 /home/travis/build/icyphy/ptII/ptolemy/domains/modal/test/auto/test-direct-in-out.xml
----------------- Instantiating /home/travis/build/icyphy/ptII/ptolemy/domains/modal/test/auto/test-direct-in-out.xml
5 ms. Memory: 358400K Free: 188352K (53%)
----------------- Invoking toplevel() on ptolemy.moml.MoMLSimpleApplication@601d6908
----------------- Done invoking toplevel() on ptolemy.moml.MoMLSimpleApplication@601d6908
reloadAllAccessors: .test-direct-in-out
AutoTests.java: About to close Vertx.
AutoTests.java: Vertx closed.
]]></system-out>
  <system-err><![CDATA[java.lang.RuntimeException: Execution failed
	at ptolemy.moml.MoMLSimpleApplication$UnloadThread.run(MoMLSimpleApplication.java:402)
Caused by: ptolemy.kernel.util.IllegalActionException: Unknown inputs remain. Possible causality loop:
L_model_1893289564i

  in .CannotAnalysisWithPreemption.model_1893289564_region_1 and .CannotAnalysisWithPreemption.model_1893289564_region_1.L_model_1893289564i
	at ptolemy.actor.sched.FixedPointDirector.postfire(FixedPointDirector.java:515)
	at ptolemy.domains.sr.kernel.SRDirector.postfire(SRDirector.java:417)
	at ptolemy.actor.CompositeActor.postfire(CompositeActor.java:1668)
	at ptolemy.actor.Manager.iterate(Manager.java:852)
	at ptolemy.actor.Manager.execute(Manager.java:369)
	at ptolemy.actor.Manager.run(Manager.java:1263)
	at ptolemy.actor.Manager$PtolemyRunThread.run(Manager.java:1933)
java.lang.reflect.InvocationTargetException
	at java.base/jdk.internal.reflect.NativeConstructorAccessorImpl.newInstance0(Native Method)
	at java.base/jdk.internal.reflect.NativeConstructorAccessorImpl.newInstance(NativeConstructorAccessorImpl.java:62)
	at java.base/jdk.internal.reflect.DelegatingConstructorAccessorImpl.newInstance(DelegatingConstructorAccessorImpl.java:45)
	at java.base/java.lang.reflect.Constructor.newInstance(Constructor.java:490)
	at ptolemy.util.test.junit.AutoKnownFailedTests.RunModel(AutoKnownFailedTests.java:105)
	at java.base/jdk.internal.reflect.NativeMethodAccessorImpl.invoke0(Native Method)
	at java.base/jdk.internal.reflect.NativeMethodAccessorImpl.invoke(NativeMethodAccessorImpl.java:62)
	at java.base/jdk.internal.reflect.DelegatingMethodAccessorImpl.invoke(DelegatingMethodAccessorImpl.java:43)
	at java.base/java.lang.reflect.Method.invoke(Method.java:566)
	at org.junit.runners.model.FrameworkMethod$1.runReflectiveCall(FrameworkMethod.java:44)
	at org.junit.internal.runners.model.ReflectiveCallable.run(ReflectiveCallable.java:15)
	at org.junit.runners.model.FrameworkMethod.invokeExplosively(FrameworkMethod.java:41)
	at junitparams.internal.InvokeParameterisedMethod.evaluate(InvokeParameterisedMethod.java:102)
	at org.junit.internal.runners.statements.FailOnTimeout$1.run(FailOnTimeout.java:28)
Caused by: ptolemy.kernel.util.IllegalActionException: Unknown inputs remain. Possible causality loop:
L_model_1893289564i

  in .CannotAnalysisWithPreemption.model_1893289564_region_1 and .CannotAnalysisWithPreemption.model_1893289564_region_1.L_model_1893289564i
	at ptolemy.actor.sched.FixedPointDirector.postfire(FixedPointDirector.java:515)
	at ptolemy.domains.sr.kernel.SRDirector.postfire(SRDirector.java:417)
	at ptolemy.actor.CompositeActor.postfire(CompositeActor.java:1668)
	at ptolemy.actor.Manager.iterate(Manager.java:852)
	at ptolemy.actor.Manager.execute(Manager.java:369)
	at ptolemy.actor.Manager.run(Manager.java:1263)
	at ptolemy.actor.Manager$PtolemyRunThread.run(Manager.java:1933)
]]></system-err>
</testsuite>
