<?xml version="1.0" encoding="UTF-8" ?>
<testsuite errors="0" failures="0" hostname="travis-job-bff72630-ab46-4f64-a1d0-6b6c5a517cce" name="ptolemy.domains.de.test.junit.JUnitTclTest" skipped="0" tests="101" time="128.624" timestamp="2018-12-22T03:46:14">
  <properties>
[...]
</properties>
  <testcase classname="ptolemy.util.test.junit.TclTests" name="[0] /home/travis/build/icyphy/ptII/ptolemy/domains/de/test/DependencyLoop.tcl (RunTclFile)" time="0.773" />
  <testcase classname="ptolemy.util.test.junit.TclTests" name="[1] /home/travis/build/icyphy/ptII/ptolemy/domains/de/test/RunDETestsAsQSS.tcl (RunTclFile)" time="88.012" />
  <testcase classname="ptolemy.util.test.junit.AutoKnownFailedTests" name="[0] /home/travis/build/icyphy/ptII/ptolemy/domains/de/test/auto/knownFailedTests/DESDFClockTest.xml (RunModel)" time="2.031" />
  <testcase classname="ptolemy.util.test.junit.AutoKnownFailedTests" name="[1] /home/travis/build/icyphy/ptII/ptolemy/domains/de/test/auto/knownFailedTests/DirectFeedback.xml (RunModel)" time="0.018" />
  <testcase classname="ptolemy.util.test.junit.AutoKnownFailedTests" name="[2] /home/travis/build/icyphy/ptII/ptolemy/domains/de/test/auto/knownFailedTests/FSMSource.xml (RunModel)" time="0.019" />
  <testcase classname="ptolemy.util.test.junit.AutoKnownFailedTests" name="[3] /home/travis/build/icyphy/ptII/ptolemy/domains/de/test/auto/knownFailedTests/HierarchicalModel.xml (RunModel)" time="0.044" />
  <testcase classname="ptolemy.util.test.junit.AutoKnownFailedTests" name="[4] /home/travis/build/icyphy/ptII/ptolemy/domains/de/test/auto/knownFailedTests/dependencyLoop.xml (RunModel)" time="0.031" />
  <testcase classname="ptolemy.util.test.junit.AutoKnownFailedTests" name="[5] /home/travis/build/icyphy/ptII/ptolemy/domains/de/test/auto/knownFailedTests/dependencyLoop2.xml (RunModel)" time="0.035" />
  <testcase classname="ptolemy.util.test.junit.AutoNameArchTests" name="[0] ThereAreNoAutoArchTests (RunModel)" time="0.001" />
  <testcase classname="ptolemy.util.test.junit.AutoTests" name="[0] /home/travis/build/icyphy/ptII/ptolemy/domains/de/test/auto/ActorDepthCalculation_actorWithoutPorts.xml (RunModel)" time="0.014" />
  <testcase classname="ptolemy.util.test.junit.AutoTests" name="[1] /home/travis/build/icyphy/ptII/ptolemy/domains/de/test/auto/AssemblyLine.xml (RunModel)" time="0.022" />
  <testcase classname="ptolemy.util.test.junit.AutoTests" name="[2] /home/travis/build/icyphy/ptII/ptolemy/domains/de/test/auto/CQBug1.xml (RunModel)" time="0.011" />
  <testcase classname="ptolemy.util.test.junit.AutoTests" name="[3] /home/travis/build/icyphy/ptII/ptolemy/domains/de/test/auto/CancelFireAt.xml (RunModel)" time="0.007" />
  <testcase classname="ptolemy.util.test.junit.AutoTests" name="[4] /home/travis/build/icyphy/ptII/ptolemy/domains/de/test/auto/CausalityAndComposabilityAnalysis.xml (RunModel)" time="0.013" />
  <testcase classname="ptolemy.util.test.junit.AutoTests" name="[5] /home/travis/build/icyphy/ptII/ptolemy/domains/de/test/auto/CausalityInterface1.xml (RunModel)" time="0.013" />
  <testcase classname="ptolemy.util.test.junit.AutoTests" name="[6] /home/travis/build/icyphy/ptII/ptolemy/domains/de/test/auto/CausalityInterface15.xml (RunModel)" time="0.012" />
  <testcase classname="ptolemy.util.test.junit.AutoTests" name="[7] /home/travis/build/icyphy/ptII/ptolemy/domains/de/test/auto/CausalityInterface2.xml (RunModel)" time="0.012" />
  <testcase classname="ptolemy.util.test.junit.AutoTests" name="[8] /home/travis/build/icyphy/ptII/ptolemy/domains/de/test/auto/CausalityInterface3.xml (RunModel)" time="0.015" />
  <testcase classname="ptolemy.util.test.junit.AutoTests" name="[9] /home/travis/build/icyphy/ptII/ptolemy/domains/de/test/auto/ClockDrift.xml (RunModel)" time="0.053" />
  <testcase classname="ptolemy.util.test.junit.AutoTests" name="[10] /home/travis/build/icyphy/ptII/ptolemy/domains/de/test/auto/ClockDriftAndValueChange.xml (RunModel)" time="0.033" />
  <testcase classname="ptolemy.util.test.junit.AutoTests" name="[11] /home/travis/build/icyphy/ptII/ptolemy/domains/de/test/auto/ClockDriftChange.xml (RunModel)" time="0.03" />
  <testcase classname="ptolemy.util.test.junit.AutoTests" name="[12] /home/travis/build/icyphy/ptII/ptolemy/domains/de/test/auto/ComposableCausalityAnalysis.xml (RunModel)" time="0.013" />
  <testcase classname="ptolemy.util.test.junit.AutoTests" name="[13] /home/travis/build/icyphy/ptII/ptolemy/domains/de/test/auto/DEFixedPointLimitation.xml (RunModel)" time="0.013" />
  <testcase classname="ptolemy.util.test.junit.AutoTests" name="[14] /home/travis/build/icyphy/ptII/ptolemy/domains/de/test/auto/DEScheduleTest.xml (RunModel)" time="0.023" />
  <testcase classname="ptolemy.util.test.junit.AutoTests" name="[15] /home/travis/build/icyphy/ptII/ptolemy/domains/de/test/auto/DEinDEwithStartTimes.xml (RunModel)" time="0.015" />
  <testcase classname="ptolemy.util.test.junit.AutoTests" name="[16] /home/travis/build/icyphy/ptII/ptolemy/domains/de/test/auto/DEinDEwithStartTimes2.xml (RunModel)" time="0.014" />
  <testcase classname="ptolemy.util.test.junit.AutoTests" name="[17] /home/travis/build/icyphy/ptII/ptolemy/domains/de/test/auto/DateDemo.xml (RunModel)" time="0.029" />
  <testcase classname="ptolemy.util.test.junit.AutoTests" name="[18] /home/travis/build/icyphy/ptII/ptolemy/domains/de/test/auto/DateToEvent.xml (RunModel)" time="2.044" />
  <testcase classname="ptolemy.util.test.junit.AutoTests" name="[19] /home/travis/build/icyphy/ptII/ptolemy/domains/de/test/auto/DepthTest1.xml (RunModel)" time="0.007" />
  <testcase classname="ptolemy.util.test.junit.AutoTests" name="[20] /home/travis/build/icyphy/ptII/ptolemy/domains/de/test/auto/DepthTest2.xml (RunModel)" time="0.016" />
  <testcase classname="ptolemy.util.test.junit.AutoTests" name="[21] /home/travis/build/icyphy/ptII/ptolemy/domains/de/test/auto/DepthTest3.xml (RunModel)" time="0.007" />
  <testcase classname="ptolemy.util.test.junit.AutoTests" name="[22] /home/travis/build/icyphy/ptII/ptolemy/domains/de/test/auto/DepthTest4.xml (RunModel)" time="0.012" />
  <testcase classname="ptolemy.util.test.junit.AutoTests" name="[23] /home/travis/build/icyphy/ptII/ptolemy/domains/de/test/auto/DepthTest5.xml (RunModel)" time="0.012" />
  <testcase classname="ptolemy.util.test.junit.AutoTests" name="[24] /home/travis/build/icyphy/ptII/ptolemy/domains/de/test/auto/DepthTest6.xml (RunModel)" time="0.014" />
  <testcase classname="ptolemy.util.test.junit.AutoTests" name="[25] /home/travis/build/icyphy/ptII/ptolemy/domains/de/test/auto/DepthTest7.xml (RunModel)" time="0.011" />
  <testcase classname="ptolemy.util.test.junit.AutoTests" name="[26] /home/travis/build/icyphy/ptII/ptolemy/domains/de/test/auto/EventToDate.xml (RunModel)" time="3.033" />
  <testcase classname="ptolemy.util.test.junit.AutoTests" name="[27] /home/travis/build/icyphy/ptII/ptolemy/domains/de/test/auto/FSM1.xml (RunModel)" time="0.029" />
  <testcase classname="ptolemy.util.test.junit.AutoTests" name="[28] /home/travis/build/icyphy/ptII/ptolemy/domains/de/test/auto/FSM7.xml (RunModel)" time="0.026" />
  <testcase classname="ptolemy.util.test.junit.AutoTests" name="[29] /home/travis/build/icyphy/ptII/ptolemy/domains/de/test/auto/Inspection.xml (RunModel)" time="0.035" />
  <testcase classname="ptolemy.util.test.junit.AutoTests" name="[30] /home/travis/build/icyphy/ptII/ptolemy/domains/de/test/auto/Iteration.xml (RunModel)" time="0.016" />
  <testcase classname="ptolemy.util.test.junit.AutoTests" name="[31] /home/travis/build/icyphy/ptII/ptolemy/domains/de/test/auto/LineFault.xml (RunModel)" time="0.541" />
  <testcase classname="ptolemy.util.test.junit.AutoTests" name="[32] /home/travis/build/icyphy/ptII/ptolemy/domains/de/test/auto/MergeModel1Add.xml (RunModel)" time="0.035" />
  <testcase classname="ptolemy.util.test.junit.AutoTests" name="[33] /home/travis/build/icyphy/ptII/ptolemy/domains/de/test/auto/MergeModel2Add.xml (RunModel)" time="0.034" />
  <testcase classname="ptolemy.util.test.junit.AutoTests" name="[34] /home/travis/build/icyphy/ptII/ptolemy/domains/de/test/auto/MergeModel3Add.xml (RunModel)" time="0.036" />
  <testcase classname="ptolemy.util.test.junit.AutoTests" name="[35] /home/travis/build/icyphy/ptII/ptolemy/domains/de/test/auto/MergeWithoutDiscard.xml (RunModel)" time="0.009" />
  <testcase classname="ptolemy.util.test.junit.AutoTests" name="[36] /home/travis/build/icyphy/ptII/ptolemy/domains/de/test/auto/Modal1.xml (RunModel)" time="0.027" />
  <testcase classname="ptolemy.util.test.junit.AutoTests" name="[37] /home/travis/build/icyphy/ptII/ptolemy/domains/de/test/auto/Modal2.xml (RunModel)" time="0.028" />
  <testcase classname="ptolemy.util.test.junit.AutoTests" name="[38] /home/travis/build/icyphy/ptII/ptolemy/domains/de/test/auto/Modal3.xml (RunModel)" time="0.025" />
  <testcase classname="ptolemy.util.test.junit.AutoTests" name="[39] /home/travis/build/icyphy/ptII/ptolemy/domains/de/test/auto/Modal4.xml (RunModel)" time="0.032" />
  <testcase classname="ptolemy.util.test.junit.AutoTests" name="[40] /home/travis/build/icyphy/ptII/ptolemy/domains/de/test/auto/Modal5.xml (RunModel)" time="0.024" />
  <testcase classname="ptolemy.util.test.junit.AutoTests" name="[41] /home/travis/build/icyphy/ptII/ptolemy/domains/de/test/auto/Modal6.xml (RunModel)" time="0.025" />
  <testcase classname="ptolemy.util.test.junit.AutoTests" name="[42] /home/travis/build/icyphy/ptII/ptolemy/domains/de/test/auto/Modal7.xml (RunModel)" time="0.027" />
  <testcase classname="ptolemy.util.test.junit.AutoTests" name="[43] /home/travis/build/icyphy/ptII/ptolemy/domains/de/test/auto/ModalModel.xml (RunModel)" time="0.155" />
  <testcase classname="ptolemy.util.test.junit.AutoTests" name="[44] /home/travis/build/icyphy/ptII/ptolemy/domains/de/test/auto/ModalSource.xml (RunModel)" time="0.015" />
  <testcase classname="ptolemy.util.test.junit.AutoTests" name="[45] /home/travis/build/icyphy/ptII/ptolemy/domains/de/test/auto/NonInterruptibleTimerZeroDelay.xml (RunModel)" time="0.01" />
  <testcase classname="ptolemy.util.test.junit.AutoTests" name="[46] /home/travis/build/icyphy/ptII/ptolemy/domains/de/test/auto/OpenQueueingNetwork.xml (RunModel)" time="2.162" />
  <testcase classname="ptolemy.util.test.junit.AutoTests" name="[47] /home/travis/build/icyphy/ptII/ptolemy/domains/de/test/auto/OpenQueuingNetwork.xml (RunModel)" time="0.284" />
  <testcase classname="ptolemy.util.test.junit.AutoTests" name="[48] /home/travis/build/icyphy/ptII/ptolemy/domains/de/test/auto/PeriodicSampler.xml (RunModel)" time="0.008" />
  <testcase classname="ptolemy.util.test.junit.AutoTests" name="[49] /home/travis/build/icyphy/ptII/ptolemy/domains/de/test/auto/PersistentIO.xml (RunModel)" time="0.019" />
  <testcase classname="ptolemy.util.test.junit.AutoTests" name="[50] /home/travis/build/icyphy/ptII/ptolemy/domains/de/test/auto/PortParameterResetOnInitialize.xml (RunModel)" time="0.009" />
  <testcase classname="ptolemy.util.test.junit.AutoTests" name="[51] /home/travis/build/icyphy/ptII/ptolemy/domains/de/test/auto/PortParameterUpdates.xml (RunModel)" time="0.017" />
  <testcase classname="ptolemy.util.test.junit.AutoTests" name="[52] /home/travis/build/icyphy/ptII/ptolemy/domains/de/test/auto/QueueAndServer.xml (RunModel)" time="0.022" />
  <testcase classname="ptolemy.util.test.junit.AutoTests" name="[53] /home/travis/build/icyphy/ptII/ptolemy/domains/de/test/auto/Records.xml (RunModel)" time="0.017" />
  <testcase classname="ptolemy.util.test.junit.AutoTests" name="[54] /home/travis/build/icyphy/ptII/ptolemy/domains/de/test/auto/ResetTransitionWithStartTime1.xml (RunModel)" time="0.017" />
  <testcase classname="ptolemy.util.test.junit.AutoTests" name="[55] /home/travis/build/icyphy/ptII/ptolemy/domains/de/test/auto/ResetTransitionWithStartTime2.xml (RunModel)" time="0.016" />
  <testcase classname="ptolemy.util.test.junit.AutoTests" name="[56] /home/travis/build/icyphy/ptII/ptolemy/domains/de/test/auto/ResetTransitionWithStartTime3.xml (RunModel)" time="0.017" />
  <testcase classname="ptolemy.util.test.junit.AutoTests" name="[57] /home/travis/build/icyphy/ptII/ptolemy/domains/de/test/auto/ResetTransitionWithStartTime4.xml (RunModel)" time="0.021" />
  <testcase classname="ptolemy.util.test.junit.AutoTests" name="[58] /home/travis/build/icyphy/ptII/ptolemy/domains/de/test/auto/ResettableTimer1.xml (RunModel)" time="0.01" />
  <testcase classname="ptolemy.util.test.junit.AutoTests" name="[59] /home/travis/build/icyphy/ptII/ptolemy/domains/de/test/auto/ResettableTimer2.xml (RunModel)" time="0.011" />
  <testcase classname="ptolemy.util.test.junit.AutoTests" name="[60] /home/travis/build/icyphy/ptII/ptolemy/domains/de/test/auto/ResettableTimer3.xml (RunModel)" time="0.011" />
  <testcase classname="ptolemy.util.test.junit.AutoTests" name="[61] /home/travis/build/icyphy/ptII/ptolemy/domains/de/test/auto/ResettableTimer4.xml (RunModel)" time="0.015" />
  <testcase classname="ptolemy.util.test.junit.AutoTests" name="[62] /home/travis/build/icyphy/ptII/ptolemy/domains/de/test/auto/ResettableTimer5.xml (RunModel)" time="0.009" />
  <testcase classname="ptolemy.util.test.junit.AutoTests" name="[63] /home/travis/build/icyphy/ptII/ptolemy/domains/de/test/auto/ResettableTimer6.xml (RunModel)" time="0.04" />
  <testcase classname="ptolemy.util.test.junit.AutoTests" name="[64] /home/travis/build/icyphy/ptII/ptolemy/domains/de/test/auto/ServerZeroDelay.xml (RunModel)" time="0.018" />
  <testcase classname="ptolemy.util.test.junit.AutoTests" name="[65] /home/travis/build/icyphy/ptII/ptolemy/domains/de/test/auto/SmartSender.xml (RunModel)" time="3.008" />
  <testcase classname="ptolemy.util.test.junit.AutoTests" name="[66] /home/travis/build/icyphy/ptII/ptolemy/domains/de/test/auto/ThreadedComposite.xml (RunModel)" time="0.136" />
  <testcase classname="ptolemy.util.test.junit.AutoTests" name="[67] /home/travis/build/icyphy/ptII/ptolemy/domains/de/test/auto/Time.xml (RunModel)" time="0.428" />
  <testcase classname="ptolemy.util.test.junit.AutoTests" name="[68] /home/travis/build/icyphy/ptII/ptolemy/domains/de/test/auto/TimeDelayZeroDelay.xml (RunModel)" time="0.015" />
  <testcase classname="ptolemy.util.test.junit.AutoTests" name="[69] /home/travis/build/icyphy/ptII/ptolemy/domains/de/test/auto/TimerZeroDelay.xml (RunModel)" time="0.009" />
  <testcase classname="ptolemy.util.test.junit.AutoTests" name="[70] /home/travis/build/icyphy/ptII/ptolemy/domains/de/test/auto/TimingParadox.xml (RunModel)" time="0.377" />
  <testcase classname="ptolemy.util.test.junit.AutoTests" name="[71] /home/travis/build/icyphy/ptII/ptolemy/domains/de/test/auto/TransferInputs.xml (RunModel)" time="0.008" />
  <testcase classname="ptolemy.util.test.junit.AutoTests" name="[72] /home/travis/build/icyphy/ptII/ptolemy/domains/de/test/auto/TransferOutputs2.xml (RunModel)" time="0.015" />
  <testcase classname="ptolemy.util.test.junit.AutoTests" name="[73] /home/travis/build/icyphy/ptII/ptolemy/domains/de/test/auto/Trilateration.xml (RunModel)" time="11.87" />
  <testcase classname="ptolemy.util.test.junit.AutoTests" name="[74] /home/travis/build/icyphy/ptII/ptolemy/domains/de/test/auto/TwoSigmaDelta.xml (RunModel)" time="1.957" />
  <testcase classname="ptolemy.util.test.junit.AutoTests" name="[75] /home/travis/build/icyphy/ptII/ptolemy/domains/de/test/auto/VariableDelay.xml (RunModel)" time="0.013" />
  <testcase classname="ptolemy.util.test.junit.AutoTests" name="[76] /home/travis/build/icyphy/ptII/ptolemy/domains/de/test/auto/VariableDelay2.xml (RunModel)" time="0.007" />
  <testcase classname="ptolemy.util.test.junit.AutoTests" name="[77] /home/travis/build/icyphy/ptII/ptolemy/domains/de/test/auto/VariableDelayZeroDelay.xml (RunModel)" time="0.011" />
  <testcase classname="ptolemy.util.test.junit.AutoTests" name="[78] /home/travis/build/icyphy/ptII/ptolemy/domains/de/test/auto/VariableDelayZeroDelay2.xml (RunModel)" time="0.014" />
  <testcase classname="ptolemy.util.test.junit.AutoTests" name="[79] /home/travis/build/icyphy/ptII/ptolemy/domains/de/test/auto/deInCt.xml (RunModel)" time="0.015" />
  <testcase classname="ptolemy.util.test.junit.AutoTests" name="[80] /home/travis/build/icyphy/ptII/ptolemy/domains/de/test/auto/deInCt2.xml (RunModel)" time="0.011" />
  <testcase classname="ptolemy.util.test.junit.AutoTests" name="[81] /home/travis/build/icyphy/ptII/ptolemy/domains/de/test/auto/dynamicCausalityInterface1.xml (RunModel)" time="0.016" />
  <testcase classname="ptolemy.util.test.junit.AutoTests" name="[82] /home/travis/build/icyphy/ptII/ptolemy/domains/de/test/auto/fsm_de_test.xml (RunModel)" time="0.023" />
  <testcase classname="ptolemy.util.test.junit.AutoTests" name="[83] /home/travis/build/icyphy/ptII/ptolemy/domains/de/test/auto/functionDependencyReconstruction.xml (RunModel)" time="0.03" />
  <testcase classname="ptolemy.util.test.junit.AutoTests" name="[84] /home/travis/build/icyphy/ptII/ptolemy/domains/de/test/auto/multirate.xml (RunModel)" time="0.014" />
  <testcase classname="ptolemy.util.test.junit.AutoTests" name="[85] /home/travis/build/icyphy/ptII/ptolemy/domains/de/test/auto/multirate2.xml (RunModel)" time="0.014" />
  <testcase classname="ptolemy.util.test.junit.AutoTests" name="[86] /home/travis/build/icyphy/ptII/ptolemy/domains/de/test/auto/realtime.xml (RunModel)" time="10.009" />
  <testcase classname="ptolemy.util.test.junit.AutoTests" name="[87] /home/travis/build/icyphy/ptII/ptolemy/domains/de/test/auto/relationGroup.xml (RunModel)" time="0.007" />
  <testcase classname="ptolemy.util.test.junit.AutoTests" name="[88] /home/travis/build/icyphy/ptII/ptolemy/domains/de/test/auto/relationGroup2.xml (RunModel)" time="0.006" />
  <testcase classname="ptolemy.util.test.junit.AutoTests" name="[89] /home/travis/build/icyphy/ptII/ptolemy/domains/de/test/auto/sortWithOpaquePorts.xml (RunModel)" time="0.008" />
  <testcase classname="ptolemy.util.test.junit.AutoTests" name="[90] /home/travis/build/icyphy/ptII/ptolemy/domains/de/test/auto/transferInputsandOutputs.xml (RunModel)" time="0.012" />
  <testcase classname="ptolemy.util.test.junit.AutoTests" name="[91] /home/travis/build/icyphy/ptII/ptolemy/domains/de/test/auto/triggerType.xml (RunModel)" time="0.008" />
  <system-out><![CDATA[/home/travis/build/icyphy/ptII/ptolemy/domains/de/test/DependencyLoop.tcl
testDefs.tcl: setting time out to 9000 seconds at Sat Dec 22 03:46:14 UTC 2018
18 ms. Memory: 116224K Free: 93464K (80%)
6 ms. Memory: 146944K Free: 136702K (93%)
/home/travis/build/icyphy/ptII/ptolemy/domains/de/test/RunDETestsAsQSS.tcl
Run the DE tests using ptolemy.domains.qss.test.QSSDirectorTest, which extends QSSDirector and prints a message in the constructors.
------------------ testing $PTII/ptolemy/domains/de/test/auto/knownFailedTests/dependencyLoop.xml (Known Failure) 
7 ms. Memory: 146944K Free: 133590K (91%)


==== $PTIIhome/travis/build/icyphy/ptII/ptolemy/domains/de/test/../../../../: Auto Automatic test in file $PTII/ptolemy/domains/de/test/auto/knownFailedTests/dependencyLoop.xml
==== Contents of test case:

	    # FIXME: we should use $relativeFilename here, but it
	    # might have backslashes under Windows, which causes no end
	    # of trouble.
	    createAndExecute $file
	    list {}
	
.... Test generated KNOWN error:
    while executing
ptolemy.kernel.util.IllegalActionException: Found a zero delay loop containing .dependencyLoop.original
  in .dependencyLoop and .dependencyLoop.original
	at ptolemy.actor.util.CausalityInterfaceForComposites._computeOutputPortDepth(CausalityInterfaceForComposites.java:759)
	at ptolemy.actor.util.CausalityInterfaceForComposites._computeInputDepth(CausalityInterfaceForComposites.java:696)
	at ptolemy.actor.util.CausalityInterfaceForComposites._computeOutputPortDepth(CausalityInterfaceForComposites.java:765)
	at ptolemy.actor.util.CausalityInterfaceForComposites._computeInputDepth(CausalityInterfaceForComposites.java:696)
	at ptolemy.actor.util.CausalityInterfaceForComposites._computeOutputPortDepth(CausalityInterfaceForComposites.java:765)
	at ptolemy.actor.util.CausalityInterfaceForComposites._computeInputDepth(CausalityInterfaceForComposites.java:696)
	at ptolemy.actor.util.CausalityInterfaceForComposites._computeActorDepth(CausalityInterfaceForComposites.java:532)
	at ptolemy.actor.util.CausalityInterfaceForComposites.checkForCycles(CausalityInterfaceForComposites.java:96)
	at ptolemy.domains.de.kernel.DEDirector.preinitialize(DEDirector.java:1338)
	at ptolemy.actor.CompositeActor.preinitialize(CompositeActor.java:1828)
	at ptolemy.actor.Manager.preinitializeAndResolveTypes(Manager.java:1040)
	at ptolemy.actor.Manager.initialize(Manager.java:710)
	at ptolemy.actor.Manager.execute(Manager.java:356)
	at ptolemy.actor.Manager.run(Manager.java:1263)
	at ptolemy.actor.Manager$PtolemyRunThread.run(Manager.java:1915)

    while executing
ptolemy.kernel.util.IllegalActionException: Found a zero delay loop containing .dependencyLoop.original
  in .dependencyLoop and .dependencyLoop.original
    while executing
"java::new ptolemy.moml.MoMLSimpleApplication $file
"
    (procedure "createAndExecute" line 2)
    invoked from within
"createAndExecute $file"
    ("uplevel" body line 5)
    invoked from within
"uplevel $contents_of_test"
------------------ testing $PTII/ptolemy/domains/de/test/auto/knownFailedTests/DESDFClockTest.xml (Known Failure) 
2046 ms. Memory: 146944K Free: 117796K (80%)


==== $PTIIhome/travis/build/icyphy/ptII/ptolemy/domains/de/test/../../../../: Auto Automatic test in file $PTII/ptolemy/domains/de/test/auto/knownFailedTests/DESDFClockTest.xml
==== Contents of test case:

	    # FIXME: we should use $relativeFilename here, but it
	    # might have backslashes under Windows, which causes no end
	    # of trouble.
	    createAndExecute $file
	    list {}
	
.... Test generated KNOWN error:
    while executing
ptolemy.kernel.util.IllegalActionException: Actor is not ready to fire.  Perhaps UpSample.prefire() returned false? Try debugging the actor by selecting "Listen to Actor".  Also, for SDF check moml for tokenConsumptionRate on input.
  in .DESDFClockTest.Play Bell.Copy1:SDF Director and .DESDFClockTest.Play Bell.UpSample
	at ptolemy.actor.sched.StaticSchedulingDirector.fire(StaticSchedulingDirector.java:227)
	at ptolemy.domains.sdf.kernel.SDFDirector.fire(SDFDirector.java:500)
	at ptolemy.actor.CompositeActor.fire(CompositeActor.java:455)
	at ptolemy.domains.de.kernel.DEDirector._fire(DEDirector.java:1949)
	at ptolemy.domains.de.kernel.DEDirector.fire(DEDirector.java:502)
	at ptolemy.actor.CompositeActor.fire(CompositeActor.java:455)
	at ptolemy.actor.Manager.iterate(Manager.java:851)
	at ptolemy.actor.Manager.execute(Manager.java:369)
	at ptolemy.actor.Manager.run(Manager.java:1263)
	at ptolemy.actor.Manager$PtolemyRunThread.run(Manager.java:1915)

    while executing
ptolemy.kernel.util.IllegalActionException: Actor is not ready to fire.  Perhaps UpSample.prefire() returned false? Try debugging the actor by selecting "Listen to Actor".  Also, for SDF check moml for tokenConsumptionRate on input.
  in .DESDFClockTest.Play Bell.Copy1:SDF Director and .DESDFClockTest.Play Bell.UpSample
    while executing
"java::new ptolemy.moml.MoMLSimpleApplication $file
"
    (procedure "createAndExecute" line 2)
    invoked from within
"createAndExecute $file"
    ("uplevel" body line 5)
    invoked from within
"uplevel $contents_of_test"
------------------ testing $PTII/ptolemy/domains/de/test/auto/knownFailedTests/FSMSource.xml (Known Failure) 
20 ms. Memory: 146944K Free: 108860K (74%)
!!!! Auto was marked as failing, but now passes
------------------ testing $PTII/ptolemy/domains/de/test/auto/knownFailedTests/dependencyLoop2.xml (Known Failure) 
6 ms. Memory: 146944K Free: 106976K (73%)


==== $PTIIhome/travis/build/icyphy/ptII/ptolemy/domains/de/test/../../../../: Auto Automatic test in file $PTII/ptolemy/domains/de/test/auto/knownFailedTests/dependencyLoop2.xml
==== Contents of test case:

	    # FIXME: we should use $relativeFilename here, but it
	    # might have backslashes under Windows, which causes no end
	    # of trouble.
	    createAndExecute $file
	    list {}
	
.... Test generated KNOWN error:
    while executing
ptolemy.kernel.util.IllegalActionException: Found a zero delay loop containing .dependencyLoop2.original
  in .dependencyLoop2 and .dependencyLoop2.original
	at ptolemy.actor.util.CausalityInterfaceForComposites._computeOutputPortDepth(CausalityInterfaceForComposites.java:759)
	at ptolemy.actor.util.CausalityInterfaceForComposites._computeInputDepth(CausalityInterfaceForComposites.java:696)
	at ptolemy.actor.util.CausalityInterfaceForComposites._computeOutputPortDepth(CausalityInterfaceForComposites.java:765)
	at ptolemy.actor.util.CausalityInterfaceForComposites._computeInputDepth(CausalityInterfaceForComposites.java:696)
	at ptolemy.actor.util.CausalityInterfaceForComposites._computeOutputPortDepth(CausalityInterfaceForComposites.java:765)
	at ptolemy.actor.util.CausalityInterfaceForComposites._computeInputDepth(CausalityInterfaceForComposites.java:696)
	at ptolemy.actor.util.CausalityInterfaceForComposites._computeActorDepth(CausalityInterfaceForComposites.java:532)
	at ptolemy.actor.util.CausalityInterfaceForComposites.checkForCycles(CausalityInterfaceForComposites.java:96)
	at ptolemy.domains.de.kernel.DEDirector.preinitialize(DEDirector.java:1338)
	at ptolemy.actor.CompositeActor.preinitialize(CompositeActor.java:1828)
	at ptolemy.actor.Manager.preinitializeAndResolveTypes(Manager.java:1040)
	at ptolemy.actor.Manager.initialize(Manager.java:710)
	at ptolemy.actor.Manager.execute(Manager.java:356)
	at ptolemy.actor.Manager.run(Manager.java:1263)
	at ptolemy.actor.Manager$PtolemyRunThread.run(Manager.java:1915)

    while executing
ptolemy.kernel.util.IllegalActionException: Found a zero delay loop containing .dependencyLoop2.original
  in .dependencyLoop2 and .dependencyLoop2.original
    while executing
"java::new ptolemy.moml.MoMLSimpleApplication $file
"
    (procedure "createAndExecute" line 2)
    invoked from within
"createAndExecute $file"
    ("uplevel" body line 5)
    invoked from within
"uplevel $contents_of_test"
------------------ testing $PTII/ptolemy/domains/de/test/auto/knownFailedTests/HierarchicalModel.xml (Known Failure) 
5 ms. Memory: 146944K Free: 85413K (58%)


==== $PTIIhome/travis/build/icyphy/ptII/ptolemy/domains/de/test/../../../../: Auto Automatic test in file $PTII/ptolemy/domains/de/test/auto/knownFailedTests/HierarchicalModel.xml
==== Contents of test case:

	    # FIXME: we should use $relativeFilename here, but it
	    # might have backslashes under Windows, which causes no end
	    # of trouble.
	    createAndExecute $file
	    list {}
	
.... Test generated KNOWN error:
    while executing
ptolemy.kernel.util.IllegalActionException: Found a zero delay loop containing .HierarchicalModel.A
  in .HierarchicalModel and .HierarchicalModel.A
	at ptolemy.actor.util.CausalityInterfaceForComposites._computeOutputPortDepth(CausalityInterfaceForComposites.java:759)
	at ptolemy.actor.util.CausalityInterfaceForComposites._computeInputDepth(CausalityInterfaceForComposites.java:696)
	at ptolemy.actor.util.CausalityInterfaceForComposites._computeOutputPortDepth(CausalityInterfaceForComposites.java:765)
	at ptolemy.actor.util.CausalityInterfaceForComposites._computeInputDepth(CausalityInterfaceForComposites.java:696)
	at ptolemy.actor.util.CausalityInterfaceForComposites._computeOutputPortDepth(CausalityInterfaceForComposites.java:765)
	at ptolemy.actor.util.CausalityInterfaceForComposites._computeInputDepth(CausalityInterfaceForComposites.java:696)
	at ptolemy.actor.util.CausalityInterfaceForComposites._computeActorDepth(CausalityInterfaceForComposites.java:532)
	at ptolemy.actor.util.CausalityInterfaceForComposites.checkForCycles(CausalityInterfaceForComposites.java:96)
	at ptolemy.domains.de.kernel.DEDirector.preinitialize(DEDirector.java:1338)
	at ptolemy.actor.CompositeActor.preinitialize(CompositeActor.java:1828)
	at ptolemy.actor.Manager.preinitializeAndResolveTypes(Manager.java:1040)
	at ptolemy.actor.Manager.initialize(Manager.java:710)
	at ptolemy.actor.Manager.execute(Manager.java:356)
	at ptolemy.actor.Manager.run(Manager.java:1263)
	at ptolemy.actor.Manager$PtolemyRunThread.run(Manager.java:1915)

    while executing
ptolemy.kernel.util.IllegalActionException: Found a zero delay loop containing .HierarchicalModel.A
  in .HierarchicalModel and .HierarchicalModel.A
    while executing
"java::new ptolemy.moml.MoMLSimpleApplication $file
"
    (procedure "createAndExecute" line 2)
    invoked from within
"createAndExecute $file"
    ("uplevel" body line 5)
    invoked from within
"uplevel $contents_of_test"
------------------ testing $PTII/ptolemy/domains/de/test/auto/knownFailedTests/DirectFeedback.xml (Known Failure) 
21 ms. Memory: 146944K Free: 142498K (97%)


==== $PTIIhome/travis/build/icyphy/ptII/ptolemy/domains/de/test/../../../../: Auto Automatic test in file $PTII/ptolemy/domains/de/test/auto/knownFailedTests/DirectFeedback.xml
==== Contents of test case:

	    # FIXME: we should use $relativeFilename here, but it
	    # might have backslashes under Windows, which causes no end
	    # of trouble.
	    createAndExecute $file
	    list {}
	
.... Test generated KNOWN error:
    while executing
ptolemy.kernel.util.IllegalActionException: Test fails in iteration 1.
Value was: 1.0. Should have been: 2.0
  in .DirectFeedback.Test
	at ptolemy.actor.lib.Test.fire(Test.java:268)
	at ptolemy.domains.de.kernel.DEDirector._fire(DEDirector.java:1949)
	at ptolemy.domains.de.kernel.DEDirector.fire(DEDirector.java:502)
	at ptolemy.actor.CompositeActor.fire(CompositeActor.java:455)
	at ptolemy.actor.Manager.iterate(Manager.java:851)
	at ptolemy.actor.Manager.execute(Manager.java:369)
	at ptolemy.actor.Manager.run(Manager.java:1263)
	at ptolemy.actor.Manager$PtolemyRunThread.run(Manager.java:1915)

    while executing
ptolemy.kernel.util.IllegalActionException: Test fails in iteration 1.
Value was: 1.0. Should have been: 2.0
  in .DirectFeedback.Test
    while executing
"java::new ptolemy.moml.MoMLSimpleApplication $file
"
    (procedure "createAndExecute" line 2)
    invoked from within
"createAndExecute $file"
    ("uplevel" body line 5)
    invoked from within
"uplevel $contents_of_test"
------------------ testing $PTII/ptolemy/domains/de/test/auto/ActorDepthCalculation_actorWithoutPorts.xml
auto.tcl: Setting watchdog for 200 seconds at Sat Dec 22 03:46:17 UTC 2018
4 ms. Memory: 146944K Free: 133577K (91%)
ptolemy.util.test.WatchDog.cancel(): canceling Sat Dec 22 03:46:17 UTC 2018
auto.tcl: Setting watchdog for 200 seconds at Sat Dec 22 03:46:17 UTC 2018
3 ms. Memory: 146944K Free: 132545K (90%)
ptolemy.util.test.WatchDog.cancel(): canceling Sat Dec 22 03:46:17 UTC 2018
------------------ testing $PTII/ptolemy/domains/de/test/auto/AssemblyLine.xml
auto.tcl: Setting watchdog for 200 seconds at Sat Dec 22 03:46:18 UTC 2018
15 ms. Memory: 208384K Free: 181586K (87%)
ptolemy.util.test.WatchDog.cancel(): canceling Sat Dec 22 03:46:18 UTC 2018
auto.tcl: Setting watchdog for 200 seconds at Sat Dec 22 03:46:18 UTC 2018
11 ms. Memory: 208384K Free: 181586K (87%)
ptolemy.util.test.WatchDog.cancel(): canceling Sat Dec 22 03:46:18 UTC 2018
------------------ testing $PTII/ptolemy/domains/de/test/auto/CQBug1.xml
auto.tcl: Setting watchdog for 200 seconds at Sat Dec 22 03:46:18 UTC 2018
4 ms. Memory: 208384K Free: 196465K (94%)
ptolemy.util.test.WatchDog.cancel(): canceling Sat Dec 22 03:46:18 UTC 2018
auto.tcl: Setting watchdog for 200 seconds at Sat Dec 22 03:46:18 UTC 2018
2 ms. Memory: 208384K Free: 196465K (94%)
ptolemy.util.test.WatchDog.cancel(): canceling Sat Dec 22 03:46:18 UTC 2018
------------------ testing $PTII/ptolemy/domains/de/test/auto/CancelFireAt.xml
auto.tcl: Setting watchdog for 200 seconds at Sat Dec 22 03:46:18 UTC 2018
9 ms. Memory: 208384K Free: 201416K (97%)
ptolemy.util.test.WatchDog.cancel(): canceling Sat Dec 22 03:46:18 UTC 2018
auto.tcl: Setting watchdog for 200 seconds at Sat Dec 22 03:46:18 UTC 2018
4 ms. Memory: 208384K Free: 199314K (96%)
ptolemy.util.test.WatchDog.cancel(): canceling Sat Dec 22 03:46:18 UTC 2018
------------------ testing $PTII/ptolemy/domains/de/test/auto/CausalityAndComposabilityAnalysis.xml
auto.tcl: Setting watchdog for 200 seconds at Sat Dec 22 03:46:18 UTC 2018
9 ms. Memory: 208384K Free: 196473K (94%)
ptolemy.util.test.WatchDog.cancel(): canceling Sat Dec 22 03:46:18 UTC 2018
auto.tcl: Setting watchdog for 200 seconds at Sat Dec 22 03:46:18 UTC 2018
6 ms. Memory: 208384K Free: 196473K (94%)
ptolemy.util.test.WatchDog.cancel(): canceling Sat Dec 22 03:46:18 UTC 2018
------------------ testing $PTII/ptolemy/domains/de/test/auto/CausalityInterface1.xml
auto.tcl: Setting watchdog for 200 seconds at Sat Dec 22 03:46:18 UTC 2018
21 ms. Memory: 208384K Free: 196409K (94%)
ptolemy.util.test.WatchDog.cancel(): canceling Sat Dec 22 03:46:18 UTC 2018
auto.tcl: Setting watchdog for 200 seconds at Sat Dec 22 03:46:18 UTC 2018
9 ms. Memory: 208384K Free: 196409K (94%)
ptolemy.util.test.WatchDog.cancel(): canceling Sat Dec 22 03:46:18 UTC 2018
------------------ testing $PTII/ptolemy/domains/de/test/auto/CausalityInterface15.xml
auto.tcl: Setting watchdog for 200 seconds at Sat Dec 22 03:46:18 UTC 2018
18 ms. Memory: 208384K Free: 196399K (94%)
ptolemy.util.test.WatchDog.cancel(): canceling Sat Dec 22 03:46:18 UTC 2018
auto.tcl: Setting watchdog for 200 seconds at Sat Dec 22 03:46:18 UTC 2018
8 ms. Memory: 208384K Free: 196399K (94%)
ptolemy.util.test.WatchDog.cancel(): canceling Sat Dec 22 03:46:18 UTC 2018
------------------ testing $PTII/ptolemy/domains/de/test/auto/CausalityInterface2.xml
auto.tcl: Setting watchdog for 200 seconds at Sat Dec 22 03:46:18 UTC 2018
7 ms. Memory: 208384K Free: 196383K (94%)
ptolemy.util.test.WatchDog.cancel(): canceling Sat Dec 22 03:46:18 UTC 2018
auto.tcl: Setting watchdog for 200 seconds at Sat Dec 22 03:46:18 UTC 2018
3 ms. Memory: 208384K Free: 196383K (94%)
ptolemy.util.test.WatchDog.cancel(): canceling Sat Dec 22 03:46:18 UTC 2018
------------------ testing $PTII/ptolemy/domains/de/test/auto/CausalityInterface3.xml
auto.tcl: Setting watchdog for 200 seconds at Sat Dec 22 03:46:18 UTC 2018
8 ms. Memory: 208384K Free: 196396K (94%)
ptolemy.util.test.WatchDog.cancel(): canceling Sat Dec 22 03:46:19 UTC 2018
auto.tcl: Setting watchdog for 200 seconds at Sat Dec 22 03:46:19 UTC 2018
3 ms. Memory: 208384K Free: 196396K (94%)
ptolemy.util.test.WatchDog.cancel(): canceling Sat Dec 22 03:46:19 UTC 2018
------------------ testing $PTII/ptolemy/domains/de/test/auto/ClockDrift.xml
auto.tcl: Setting watchdog for 200 seconds at Sat Dec 22 03:46:19 UTC 2018
98 ms. Memory: 208384K Free: 187622K (90%)
ptolemy.util.test.WatchDog.cancel(): canceling Sat Dec 22 03:46:19 UTC 2018
auto.tcl: Setting watchdog for 200 seconds at Sat Dec 22 03:46:19 UTC 2018
63 ms. Memory: 208384K Free: 185520K (89%)
ptolemy.util.test.WatchDog.cancel(): canceling Sat Dec 22 03:46:19 UTC 2018
------------------ testing $PTII/ptolemy/domains/de/test/auto/ClockDriftAndValueChange.xml
auto.tcl: Setting watchdog for 200 seconds at Sat Dec 22 03:46:19 UTC 2018
50 ms. Memory: 208384K Free: 187455K (90%)
ptolemy.util.test.WatchDog.cancel(): canceling Sat Dec 22 03:46:19 UTC 2018
auto.tcl: Setting watchdog for 200 seconds at Sat Dec 22 03:46:19 UTC 2018
33 ms. Memory: 208384K Free: 185353K (89%)
ptolemy.util.test.WatchDog.cancel(): canceling Sat Dec 22 03:46:19 UTC 2018
------------------ testing $PTII/ptolemy/domains/de/test/auto/ClockDriftChange.xml
auto.tcl: Setting watchdog for 200 seconds at Sat Dec 22 03:46:19 UTC 2018
30 ms. Memory: 208384K Free: 190779K (92%)
ptolemy.util.test.WatchDog.cancel(): canceling Sat Dec 22 03:46:19 UTC 2018
auto.tcl: Setting watchdog for 200 seconds at Sat Dec 22 03:46:19 UTC 2018
32 ms. Memory: 208384K Free: 188677K (91%)
ptolemy.util.test.WatchDog.cancel(): canceling Sat Dec 22 03:46:19 UTC 2018
------------------ testing $PTII/ptolemy/domains/de/test/auto/ComposableCausalityAnalysis.xml
auto.tcl: Setting watchdog for 200 seconds at Sat Dec 22 03:46:19 UTC 2018
6 ms. Memory: 208384K Free: 196250K (94%)
ptolemy.util.test.WatchDog.cancel(): canceling Sat Dec 22 03:46:19 UTC 2018
auto.tcl: Setting watchdog for 200 seconds at Sat Dec 22 03:46:19 UTC 2018
1 ms. Memory: 208384K Free: 194148K (93%)
ptolemy.util.test.WatchDog.cancel(): canceling Sat Dec 22 03:46:19 UTC 2018
------------------ testing $PTII/ptolemy/domains/de/test/auto/DEFixedPointLimitation.xml
auto.tcl: Setting watchdog for 200 seconds at Sat Dec 22 03:46:19 UTC 2018
1 ms. Memory: 208384K Free: 196331K (94%)
ptolemy.util.test.WatchDog.cancel(): canceling Sat Dec 22 03:46:19 UTC 2018
auto.tcl: Setting watchdog for 200 seconds at Sat Dec 22 03:46:19 UTC 2018
1 ms. Memory: 208384K Free: 196331K (94%)
ptolemy.util.test.WatchDog.cancel(): canceling Sat Dec 22 03:46:19 UTC 2018
------------------ testing $PTII/ptolemy/domains/de/test/auto/DEScheduleTest.xml
auto.tcl: Setting watchdog for 200 seconds at Sat Dec 22 03:46:19 UTC 2018
12 ms. Memory: 208384K Free: 198468K (95%)
ptolemy.util.test.WatchDog.cancel(): canceling Sat Dec 22 03:46:19 UTC 2018
auto.tcl: Setting watchdog for 200 seconds at Sat Dec 22 03:46:19 UTC 2018
7 ms. Memory: 208384K Free: 196366K (94%)
ptolemy.util.test.WatchDog.cancel(): canceling Sat Dec 22 03:46:19 UTC 2018
------------------ testing $PTII/ptolemy/domains/de/test/auto/DEinDEwithStartTimes.xml
auto.tcl: Setting watchdog for 200 seconds at Sat Dec 22 03:46:19 UTC 2018
5 ms. Memory: 208384K Free: 196336K (94%)
ptolemy.util.test.WatchDog.cancel(): canceling Sat Dec 22 03:46:20 UTC 2018
auto.tcl: Setting watchdog for 200 seconds at Sat Dec 22 03:46:20 UTC 2018
3 ms. Memory: 208384K Free: 194234K (93%)
ptolemy.util.test.WatchDog.cancel(): canceling Sat Dec 22 03:46:20 UTC 2018
------------------ testing $PTII/ptolemy/domains/de/test/auto/DEinDEwithStartTimes2.xml
auto.tcl: Setting watchdog for 200 seconds at Sat Dec 22 03:46:20 UTC 2018
5 ms. Memory: 208384K Free: 196314K (94%)
ptolemy.util.test.WatchDog.cancel(): canceling Sat Dec 22 03:46:20 UTC 2018
auto.tcl: Setting watchdog for 200 seconds at Sat Dec 22 03:46:20 UTC 2018
4 ms. Memory: 208384K Free: 194212K (93%)
ptolemy.util.test.WatchDog.cancel(): canceling Sat Dec 22 03:46:20 UTC 2018
------------------ testing $PTII/ptolemy/domains/de/test/auto/DateDemo.xml
auto.tcl: Setting watchdog for 200 seconds at Sat Dec 22 03:46:20 UTC 2018
11 ms. Memory: 208384K Free: 188747K (91%)
ptolemy.util.test.WatchDog.cancel(): canceling Sat Dec 22 03:46:20 UTC 2018
auto.tcl: Setting watchdog for 200 seconds at Sat Dec 22 03:46:20 UTC 2018
5 ms. Memory: 208384K Free: 186645K (90%)
ptolemy.util.test.WatchDog.cancel(): canceling Sat Dec 22 03:46:20 UTC 2018
------------------ testing $PTII/ptolemy/domains/de/test/auto/DateToEvent.xml
auto.tcl: Setting watchdog for 200 seconds at Sat Dec 22 03:46:20 UTC 2018
2012 ms. Memory: 208384K Free: 183455K (88%)
ptolemy.util.test.WatchDog.cancel(): canceling Sat Dec 22 03:46:22 UTC 2018
auto.tcl: Setting watchdog for 200 seconds at Sat Dec 22 03:46:22 UTC 2018
2007 ms. Memory: 208384K Free: 180998K (87%)
ptolemy.util.test.WatchDog.cancel(): canceling Sat Dec 22 03:46:24 UTC 2018
------------------ testing $PTII/ptolemy/domains/de/test/auto/DepthTest1.xml
auto.tcl: Setting watchdog for 200 seconds at Sat Dec 22 03:46:24 UTC 2018
2 ms. Memory: 208384K Free: 197672K (95%)
ptolemy.util.test.WatchDog.cancel(): canceling Sat Dec 22 03:46:24 UTC 2018
auto.tcl: Setting watchdog for 200 seconds at Sat Dec 22 03:46:24 UTC 2018
1 ms. Memory: 208384K Free: 197672K (95%)
ptolemy.util.test.WatchDog.cancel(): canceling Sat Dec 22 03:46:24 UTC 2018
------------------ testing $PTII/ptolemy/domains/de/test/auto/DepthTest2.xml
auto.tcl: Setting watchdog for 200 seconds at Sat Dec 22 03:46:24 UTC 2018
11 ms. Memory: 208384K Free: 194206K (93%)
ptolemy.util.test.WatchDog.cancel(): canceling Sat Dec 22 03:46:24 UTC 2018
auto.tcl: Setting watchdog for 200 seconds at Sat Dec 22 03:46:24 UTC 2018
5 ms. Memory: 208384K Free: 194206K (93%)
ptolemy.util.test.WatchDog.cancel(): canceling Sat Dec 22 03:46:24 UTC 2018
------------------ testing $PTII/ptolemy/domains/de/test/auto/DepthTest3.xml
auto.tcl: Setting watchdog for 200 seconds at Sat Dec 22 03:46:24 UTC 2018
9 ms. Memory: 208384K Free: 198006K (95%)
ptolemy.util.test.WatchDog.cancel(): canceling Sat Dec 22 03:46:24 UTC 2018
auto.tcl: Setting watchdog for 200 seconds at Sat Dec 22 03:46:24 UTC 2018
1 ms. Memory: 208384K Free: 198006K (95%)
ptolemy.util.test.WatchDog.cancel(): canceling Sat Dec 22 03:46:24 UTC 2018
------------------ testing $PTII/ptolemy/domains/de/test/auto/DepthTest4.xml
auto.tcl: Setting watchdog for 200 seconds at Sat Dec 22 03:46:24 UTC 2018
3 ms. Memory: 208384K Free: 195991K (94%)
ptolemy.util.test.WatchDog.cancel(): canceling Sat Dec 22 03:46:24 UTC 2018
auto.tcl: Setting watchdog for 200 seconds at Sat Dec 22 03:46:24 UTC 2018
2 ms. Memory: 208384K Free: 195991K (94%)
ptolemy.util.test.WatchDog.cancel(): canceling Sat Dec 22 03:46:24 UTC 2018
------------------ testing $PTII/ptolemy/domains/de/test/auto/DepthTest5.xml
auto.tcl: Setting watchdog for 200 seconds at Sat Dec 22 03:46:24 UTC 2018
7 ms. Memory: 208384K Free: 196275K (94%)
ptolemy.util.test.WatchDog.cancel(): canceling Sat Dec 22 03:46:24 UTC 2018
auto.tcl: Setting watchdog for 200 seconds at Sat Dec 22 03:46:24 UTC 2018
2 ms. Memory: 208384K Free: 196275K (94%)
ptolemy.util.test.WatchDog.cancel(): canceling Sat Dec 22 03:46:24 UTC 2018
------------------ testing $PTII/ptolemy/domains/de/test/auto/DepthTest6.xml
auto.tcl: Setting watchdog for 200 seconds at Sat Dec 22 03:46:24 UTC 2018
4 ms. Memory: 208384K Free: 196250K (94%)
ptolemy.util.test.WatchDog.cancel(): canceling Sat Dec 22 03:46:24 UTC 2018
auto.tcl: Setting watchdog for 200 seconds at Sat Dec 22 03:46:24 UTC 2018
2 ms. Memory: 208384K Free: 196250K (94%)
ptolemy.util.test.WatchDog.cancel(): canceling Sat Dec 22 03:46:24 UTC 2018
------------------ testing $PTII/ptolemy/domains/de/test/auto/DepthTest7.xml
auto.tcl: Setting watchdog for 200 seconds at Sat Dec 22 03:46:24 UTC 2018
2 ms. Memory: 208384K Free: 194666K (93%)
ptolemy.util.test.WatchDog.cancel(): canceling Sat Dec 22 03:46:24 UTC 2018
auto.tcl: Setting watchdog for 200 seconds at Sat Dec 22 03:46:24 UTC 2018
3 ms. Memory: 208384K Free: 194666K (93%)
ptolemy.util.test.WatchDog.cancel(): canceling Sat Dec 22 03:46:24 UTC 2018
------------------ testing $PTII/ptolemy/domains/de/test/auto/EventToDate.xml
auto.tcl: Setting watchdog for 200 seconds at Sat Dec 22 03:46:24 UTC 2018
3006 ms. Memory: 208384K Free: 185407K (89%)
ptolemy.util.test.WatchDog.cancel(): canceling Sat Dec 22 03:46:27 UTC 2018
auto.tcl: Setting watchdog for 200 seconds at Sat Dec 22 03:46:27 UTC 2018
3003 ms. Memory: 208384K Free: 185407K (89%)
ptolemy.util.test.WatchDog.cancel(): canceling Sat Dec 22 03:46:30 UTC 2018
------------------ testing $PTII/ptolemy/domains/de/test/auto/FSM1.xml
auto.tcl: Setting watchdog for 200 seconds at Sat Dec 22 03:46:30 UTC 2018
34 ms. Memory: 208384K Free: 188943K (91%)
ptolemy.util.test.WatchDog.cancel(): canceling Sat Dec 22 03:46:31 UTC 2018
auto.tcl: Setting watchdog for 200 seconds at Sat Dec 22 03:46:31 UTC 2018
12 ms. Memory: 208384K Free: 184739K (89%)
ptolemy.util.test.WatchDog.cancel(): canceling Sat Dec 22 03:46:31 UTC 2018
------------------ testing $PTII/ptolemy/domains/de/test/auto/FSM7.xml
auto.tcl: Setting watchdog for 200 seconds at Sat Dec 22 03:46:31 UTC 2018
24 ms. Memory: 208384K Free: 187042K (90%)
ptolemy.util.test.WatchDog.cancel(): canceling Sat Dec 22 03:46:31 UTC 2018
auto.tcl: Setting watchdog for 200 seconds at Sat Dec 22 03:46:31 UTC 2018
22 ms. Memory: 208384K Free: 184940K (89%)
ptolemy.util.test.WatchDog.cancel(): canceling Sat Dec 22 03:46:31 UTC 2018
------------------ testing $PTII/ptolemy/domains/de/test/auto/Inspection.xml
auto.tcl: Setting watchdog for 200 seconds at Sat Dec 22 03:46:31 UTC 2018
42 ms. Memory: 208384K Free: 186135K (89%)
ptolemy.util.test.WatchDog.cancel(): canceling Sat Dec 22 03:46:31 UTC 2018
auto.tcl: Setting watchdog for 200 seconds at Sat Dec 22 03:46:31 UTC 2018
32 ms. Memory: 208384K Free: 184033K (88%)
ptolemy.util.test.WatchDog.cancel(): canceling Sat Dec 22 03:46:31 UTC 2018
------------------ testing $PTII/ptolemy/domains/de/test/auto/Iteration.xml
auto.tcl: Setting watchdog for 200 seconds at Sat Dec 22 03:46:31 UTC 2018
24 ms. Memory: 208384K Free: 195698K (94%)
ptolemy.util.test.WatchDog.cancel(): canceling Sat Dec 22 03:46:31 UTC 2018
auto.tcl: Setting watchdog for 200 seconds at Sat Dec 22 03:46:31 UTC 2018
8 ms. Memory: 208384K Free: 193596K (93%)
ptolemy.util.test.WatchDog.cancel(): canceling Sat Dec 22 03:46:31 UTC 2018
------------------ testing $PTII/ptolemy/domains/de/test/auto/LineFault.xml
auto.tcl: Setting watchdog for 200 seconds at Sat Dec 22 03:46:31 UTC 2018
807 ms. Memory: 208384K Free: 195845K (94%)
ptolemy.util.test.WatchDog.cancel(): canceling Sat Dec 22 03:46:32 UTC 2018
auto.tcl: Setting watchdog for 200 seconds at Sat Dec 22 03:46:32 UTC 2018
653 ms. Memory: 208384K Free: 138460K (66%)
ptolemy.util.test.WatchDog.cancel(): canceling Sat Dec 22 03:46:33 UTC 2018
------------------ testing $PTII/ptolemy/domains/de/test/auto/MergeModel1Add.xml
auto.tcl: Setting watchdog for 200 seconds at Sat Dec 22 03:46:33 UTC 2018
29 ms. Memory: 331264K Free: 298521K (90%)
ptolemy.util.test.WatchDog.cancel(): canceling Sat Dec 22 03:46:33 UTC 2018
auto.tcl: Setting watchdog for 200 seconds at Sat Dec 22 03:46:33 UTC 2018
14 ms. Memory: 331264K Free: 298521K (90%)
ptolemy.util.test.WatchDog.cancel(): canceling Sat Dec 22 03:46:33 UTC 2018
------------------ testing $PTII/ptolemy/domains/de/test/auto/MergeModel2Add.xml
auto.tcl: Setting watchdog for 200 seconds at Sat Dec 22 03:46:33 UTC 2018
14 ms. Memory: 331264K Free: 303806K (92%)
ptolemy.util.test.WatchDog.cancel(): canceling Sat Dec 22 03:46:33 UTC 2018
auto.tcl: Setting watchdog for 200 seconds at Sat Dec 22 03:46:33 UTC 2018
15 ms. Memory: 331264K Free: 299859K (91%)
ptolemy.util.test.WatchDog.cancel(): canceling Sat Dec 22 03:46:33 UTC 2018
------------------ testing $PTII/ptolemy/domains/de/test/auto/MergeModel3Add.xml
auto.tcl: Setting watchdog for 200 seconds at Sat Dec 22 03:46:33 UTC 2018
12 ms. Memory: 331264K Free: 303817K (92%)
ptolemy.util.test.WatchDog.cancel(): canceling Sat Dec 22 03:46:33 UTC 2018
auto.tcl: Setting watchdog for 200 seconds at Sat Dec 22 03:46:33 UTC 2018
9 ms. Memory: 331264K Free: 299870K (91%)
ptolemy.util.test.WatchDog.cancel(): canceling Sat Dec 22 03:46:33 UTC 2018
------------------ testing $PTII/ptolemy/domains/de/test/auto/MergeWithoutDiscard.xml
auto.tcl: Setting watchdog for 200 seconds at Sat Dec 22 03:46:33 UTC 2018
4 ms. Memory: 331264K Free: 319602K (96%)
ptolemy.util.test.WatchDog.cancel(): canceling Sat Dec 22 03:46:33 UTC 2018
auto.tcl: Setting watchdog for 200 seconds at Sat Dec 22 03:46:33 UTC 2018
1 ms. Memory: 331264K Free: 315655K (95%)
ptolemy.util.test.WatchDog.cancel(): canceling Sat Dec 22 03:46:33 UTC 2018
------------------ testing $PTII/ptolemy/domains/de/test/auto/Modal1.xml
auto.tcl: Setting watchdog for 200 seconds at Sat Dec 22 03:46:33 UTC 2018
22 ms. Memory: 331264K Free: 309549K (93%)
ptolemy.util.test.WatchDog.cancel(): canceling Sat Dec 22 03:46:33 UTC 2018
auto.tcl: Setting watchdog for 200 seconds at Sat Dec 22 03:46:33 UTC 2018
24 ms. Memory: 331264K Free: 305601K (92%)
ptolemy.util.test.WatchDog.cancel(): canceling Sat Dec 22 03:46:33 UTC 2018
------------------ testing $PTII/ptolemy/domains/de/test/auto/Modal2.xml
auto.tcl: Setting watchdog for 200 seconds at Sat Dec 22 03:46:33 UTC 2018
16 ms. Memory: 331264K Free: 309430K (93%)
ptolemy.util.test.WatchDog.cancel(): canceling Sat Dec 22 03:46:34 UTC 2018
auto.tcl: Setting watchdog for 200 seconds at Sat Dec 22 03:46:34 UTC 2018
20 ms. Memory: 331264K Free: 305482K (92%)
ptolemy.util.test.WatchDog.cancel(): canceling Sat Dec 22 03:46:34 UTC 2018
------------------ testing $PTII/ptolemy/domains/de/test/auto/Modal3.xml
auto.tcl: Setting watchdog for 200 seconds at Sat Dec 22 03:46:34 UTC 2018
17 ms. Memory: 331264K Free: 309706K (93%)
ptolemy.util.test.WatchDog.cancel(): canceling Sat Dec 22 03:46:34 UTC 2018
auto.tcl: Setting watchdog for 200 seconds at Sat Dec 22 03:46:34 UTC 2018
14 ms. Memory: 331264K Free: 305473K (92%)
ptolemy.util.test.WatchDog.cancel(): canceling Sat Dec 22 03:46:34 UTC 2018
------------------ testing $PTII/ptolemy/domains/de/test/auto/Modal4.xml
auto.tcl: Setting watchdog for 200 seconds at Sat Dec 22 03:46:34 UTC 2018
27 ms. Memory: 331264K Free: 309433K (93%)
ptolemy.util.test.WatchDog.cancel(): canceling Sat Dec 22 03:46:34 UTC 2018
auto.tcl: Setting watchdog for 200 seconds at Sat Dec 22 03:46:34 UTC 2018
18 ms. Memory: 331264K Free: 305486K (92%)
ptolemy.util.test.WatchDog.cancel(): canceling Sat Dec 22 03:46:34 UTC 2018
------------------ testing $PTII/ptolemy/domains/de/test/auto/Modal5.xml
auto.tcl: Setting watchdog for 200 seconds at Sat Dec 22 03:46:34 UTC 2018
31 ms. Memory: 331264K Free: 309421K (93%)
ptolemy.util.test.WatchDog.cancel(): canceling Sat Dec 22 03:46:34 UTC 2018
auto.tcl: Setting watchdog for 200 seconds at Sat Dec 22 03:46:34 UTC 2018
15 ms. Memory: 331264K Free: 305474K (92%)
ptolemy.util.test.WatchDog.cancel(): canceling Sat Dec 22 03:46:34 UTC 2018
------------------ testing $PTII/ptolemy/domains/de/test/auto/Modal6.xml
auto.tcl: Setting watchdog for 200 seconds at Sat Dec 22 03:46:34 UTC 2018
14 ms. Memory: 331264K Free: 309418K (93%)
ptolemy.util.test.WatchDog.cancel(): canceling Sat Dec 22 03:46:34 UTC 2018
auto.tcl: Setting watchdog for 200 seconds at Sat Dec 22 03:46:34 UTC 2018
16 ms. Memory: 331264K Free: 305471K (92%)
ptolemy.util.test.WatchDog.cancel(): canceling Sat Dec 22 03:46:34 UTC 2018
------------------ testing $PTII/ptolemy/domains/de/test/auto/Modal7.xml
auto.tcl: Setting watchdog for 200 seconds at Sat Dec 22 03:46:34 UTC 2018
15 ms. Memory: 331264K Free: 309418K (93%)
ptolemy.util.test.WatchDog.cancel(): canceling Sat Dec 22 03:46:34 UTC 2018
auto.tcl: Setting watchdog for 200 seconds at Sat Dec 22 03:46:34 UTC 2018
10 ms. Memory: 331264K Free: 305471K (92%)
ptolemy.util.test.WatchDog.cancel(): canceling Sat Dec 22 03:46:34 UTC 2018
------------------ testing $PTII/ptolemy/domains/de/test/auto/ModalModel.xml
auto.tcl: Setting watchdog for 200 seconds at Sat Dec 22 03:46:34 UTC 2018
217 ms. Memory: 331264K Free: 245935K (74%)
ptolemy.util.test.WatchDog.cancel(): canceling Sat Dec 22 03:46:34 UTC 2018
auto.tcl: Setting watchdog for 200 seconds at Sat Dec 22 03:46:34 UTC 2018
185 ms. Memory: 331264K Free: 190563K (58%)
ptolemy.util.test.WatchDog.cancel(): canceling Sat Dec 22 03:46:35 UTC 2018
------------------ testing $PTII/ptolemy/domains/de/test/auto/ModalSource.xml
auto.tcl: Setting watchdog for 200 seconds at Sat Dec 22 03:46:35 UTC 2018
10 ms. Memory: 331264K Free: 316188K (95%)
ptolemy.util.test.WatchDog.cancel(): canceling Sat Dec 22 03:46:35 UTC 2018
auto.tcl: Setting watchdog for 200 seconds at Sat Dec 22 03:46:35 UTC 2018
6 ms. Memory: 331264K Free: 312656K (94%)
ptolemy.util.test.WatchDog.cancel(): canceling Sat Dec 22 03:46:35 UTC 2018
------------------ testing $PTII/ptolemy/domains/de/test/auto/NonInterruptibleTimerZeroDelay.xml
auto.tcl: Setting watchdog for 200 seconds at Sat Dec 22 03:46:35 UTC 2018
3 ms. Memory: 331264K Free: 320556K (97%)
ptolemy.util.test.WatchDog.cancel(): canceling Sat Dec 22 03:46:35 UTC 2018
auto.tcl: Setting watchdog for 200 seconds at Sat Dec 22 03:46:35 UTC 2018
2 ms. Memory: 331264K Free: 317025K (96%)
ptolemy.util.test.WatchDog.cancel(): canceling Sat Dec 22 03:46:35 UTC 2018
------------------ testing $PTII/ptolemy/domains/de/test/auto/OpenQueueingNetwork.xml
auto.tcl: Setting watchdog for 200 seconds at Sat Dec 22 03:46:35 UTC 2018
2957 ms. Memory: 317952K Free: 153025K (48%)
ptolemy.util.test.WatchDog.cancel(): canceling Sat Dec 22 03:46:38 UTC 2018
auto.tcl: Setting watchdog for 200 seconds at Sat Dec 22 03:46:38 UTC 2018
2345 ms. Memory: 287232K Free: 220401K (77%)
ptolemy.util.test.WatchDog.cancel(): canceling Sat Dec 22 03:46:40 UTC 2018
------------------ testing $PTII/ptolemy/domains/de/test/auto/OpenQueuingNetwork.xml
auto.tcl: Setting watchdog for 200 seconds at Sat Dec 22 03:46:40 UTC 2018
238 ms. Memory: 287232K Free: 187305K (65%)
ptolemy.util.test.WatchDog.cancel(): canceling Sat Dec 22 03:46:41 UTC 2018
auto.tcl: Setting watchdog for 200 seconds at Sat Dec 22 03:46:41 UTC 2018
213 ms. Memory: 287232K Free: 130238K (45%)
ptolemy.util.test.WatchDog.cancel(): canceling Sat Dec 22 03:46:41 UTC 2018
------------------ testing $PTII/ptolemy/domains/de/test/auto/PeriodicSampler.xml
auto.tcl: Setting watchdog for 200 seconds at Sat Dec 22 03:46:41 UTC 2018
3 ms. Memory: 289792K Free: 274534K (95%)
ptolemy.util.test.WatchDog.cancel(): canceling Sat Dec 22 03:46:41 UTC 2018
auto.tcl: Setting watchdog for 200 seconds at Sat Dec 22 03:46:41 UTC 2018
1 ms. Memory: 289792K Free: 274534K (95%)
ptolemy.util.test.WatchDog.cancel(): canceling Sat Dec 22 03:46:41 UTC 2018
------------------ testing $PTII/ptolemy/domains/de/test/auto/PersistentIO.xml
auto.tcl: Setting watchdog for 200 seconds at Sat Dec 22 03:46:41 UTC 2018
8 ms. Memory: 287232K Free: 266772K (93%)
ptolemy.util.test.WatchDog.cancel(): canceling Sat Dec 22 03:46:41 UTC 2018
auto.tcl: Setting watchdog for 200 seconds at Sat Dec 22 03:46:41 UTC 2018
3 ms. Memory: 287232K Free: 266772K (93%)
ptolemy.util.test.WatchDog.cancel(): canceling Sat Dec 22 03:46:41 UTC 2018
------------------ testing $PTII/ptolemy/domains/de/test/auto/PortParameterResetOnInitialize.xml
auto.tcl: Setting watchdog for 200 seconds at Sat Dec 22 03:46:41 UTC 2018
3 ms. Memory: 289280K Free: 274382K (95%)
ptolemy.util.test.WatchDog.cancel(): canceling Sat Dec 22 03:46:41 UTC 2018
auto.tcl: Setting watchdog for 200 seconds at Sat Dec 22 03:46:41 UTC 2018
2 ms. Memory: 289280K Free: 274382K (95%)
ptolemy.util.test.WatchDog.cancel(): canceling Sat Dec 22 03:46:41 UTC 2018
------------------ testing $PTII/ptolemy/domains/de/test/auto/PortParameterUpdates.xml
auto.tcl: Setting watchdog for 200 seconds at Sat Dec 22 03:46:41 UTC 2018
2 ms. Memory: 287232K Free: 272468K (95%)
ptolemy.util.test.WatchDog.cancel(): canceling Sat Dec 22 03:46:41 UTC 2018
auto.tcl: Setting watchdog for 200 seconds at Sat Dec 22 03:46:41 UTC 2018
3 ms. Memory: 287232K Free: 269575K (94%)
ptolemy.util.test.WatchDog.cancel(): canceling Sat Dec 22 03:46:41 UTC 2018
------------------ testing $PTII/ptolemy/domains/de/test/auto/QueueAndServer.xml
auto.tcl: Setting watchdog for 200 seconds at Sat Dec 22 03:46:41 UTC 2018
19 ms. Memory: 289280K Free: 273644K (95%)
ptolemy.util.test.WatchDog.cancel(): canceling Sat Dec 22 03:46:41 UTC 2018
auto.tcl: Setting watchdog for 200 seconds at Sat Dec 22 03:46:41 UTC 2018
6 ms. Memory: 289280K Free: 273644K (95%)
ptolemy.util.test.WatchDog.cancel(): canceling Sat Dec 22 03:46:41 UTC 2018
------------------ testing $PTII/ptolemy/domains/de/test/auto/Records.xml
auto.tcl: Setting watchdog for 200 seconds at Sat Dec 22 03:46:41 UTC 2018
12 ms. Memory: 287232K Free: 274432K (96%)
ptolemy.util.test.WatchDog.cancel(): canceling Sat Dec 22 03:46:41 UTC 2018
auto.tcl: Setting watchdog for 200 seconds at Sat Dec 22 03:46:41 UTC 2018
2 ms. Memory: 287232K Free: 274432K (96%)
ptolemy.util.test.WatchDog.cancel(): canceling Sat Dec 22 03:46:41 UTC 2018
------------------ testing $PTII/ptolemy/domains/de/test/auto/ResetTransitionWithStartTime1.xml
auto.tcl: Setting watchdog for 200 seconds at Sat Dec 22 03:46:41 UTC 2018
11 ms. Memory: 288768K Free: 273101K (95%)
ptolemy.util.test.WatchDog.cancel(): canceling Sat Dec 22 03:46:41 UTC 2018
auto.tcl: Setting watchdog for 200 seconds at Sat Dec 22 03:46:41 UTC 2018
5 ms. Memory: 288768K Free: 270208K (94%)
ptolemy.util.test.WatchDog.cancel(): canceling Sat Dec 22 03:46:41 UTC 2018
------------------ testing $PTII/ptolemy/domains/de/test/auto/ResetTransitionWithStartTime2.xml
auto.tcl: Setting watchdog for 200 seconds at Sat Dec 22 03:46:42 UTC 2018
5 ms. Memory: 287232K Free: 271649K (95%)
ptolemy.util.test.WatchDog.cancel(): canceling Sat Dec 22 03:46:42 UTC 2018
auto.tcl: Setting watchdog for 200 seconds at Sat Dec 22 03:46:42 UTC 2018
6 ms. Memory: 287232K Free: 268741K (94%)
ptolemy.util.test.WatchDog.cancel(): canceling Sat Dec 22 03:46:42 UTC 2018
------------------ testing $PTII/ptolemy/domains/de/test/auto/ResetTransitionWithStartTime3.xml
auto.tcl: Setting watchdog for 200 seconds at Sat Dec 22 03:46:42 UTC 2018
4 ms. Memory: 288768K Free: 273083K (95%)
ptolemy.util.test.WatchDog.cancel(): canceling Sat Dec 22 03:46:42 UTC 2018
auto.tcl: Setting watchdog for 200 seconds at Sat Dec 22 03:46:42 UTC 2018
5 ms. Memory: 288768K Free: 270174K (94%)
ptolemy.util.test.WatchDog.cancel(): canceling Sat Dec 22 03:46:42 UTC 2018
------------------ testing $PTII/ptolemy/domains/de/test/auto/ResetTransitionWithStartTime4.xml
auto.tcl: Setting watchdog for 200 seconds at Sat Dec 22 03:46:42 UTC 2018
4 ms. Memory: 287232K Free: 271553K (95%)
ptolemy.util.test.WatchDog.cancel(): canceling Sat Dec 22 03:46:42 UTC 2018
auto.tcl: Setting watchdog for 200 seconds at Sat Dec 22 03:46:42 UTC 2018
3 ms. Memory: 287232K Free: 271553K (95%)
ptolemy.util.test.WatchDog.cancel(): canceling Sat Dec 22 03:46:42 UTC 2018
------------------ testing $PTII/ptolemy/domains/de/test/auto/ResettableTimer1.xml
auto.tcl: Setting watchdog for 200 seconds at Sat Dec 22 03:46:42 UTC 2018
2 ms. Memory: 288768K Free: 275977K (96%)
ptolemy.util.test.WatchDog.cancel(): canceling Sat Dec 22 03:46:42 UTC 2018
auto.tcl: Setting watchdog for 200 seconds at Sat Dec 22 03:46:42 UTC 2018
1 ms. Memory: 288768K Free: 275977K (96%)
ptolemy.util.test.WatchDog.cancel(): canceling Sat Dec 22 03:46:42 UTC 2018
------------------ testing $PTII/ptolemy/domains/de/test/auto/ResettableTimer2.xml
auto.tcl: Setting watchdog for 200 seconds at Sat Dec 22 03:46:42 UTC 2018
2 ms. Memory: 287232K Free: 274600K (96%)
ptolemy.util.test.WatchDog.cancel(): canceling Sat Dec 22 03:46:42 UTC 2018
auto.tcl: Setting watchdog for 200 seconds at Sat Dec 22 03:46:42 UTC 2018
3 ms. Memory: 287232K Free: 274600K (96%)
ptolemy.util.test.WatchDog.cancel(): canceling Sat Dec 22 03:46:42 UTC 2018
------------------ testing $PTII/ptolemy/domains/de/test/auto/ResettableTimer3.xml
auto.tcl: Setting watchdog for 200 seconds at Sat Dec 22 03:46:42 UTC 2018
1 ms. Memory: 288256K Free: 275531K (96%)
ptolemy.util.test.WatchDog.cancel(): canceling Sat Dec 22 03:46:42 UTC 2018
auto.tcl: Setting watchdog for 200 seconds at Sat Dec 22 03:46:42 UTC 2018
1 ms. Memory: 288256K Free: 275531K (96%)
ptolemy.util.test.WatchDog.cancel(): canceling Sat Dec 22 03:46:42 UTC 2018
------------------ testing $PTII/ptolemy/domains/de/test/auto/ResettableTimer4.xml
auto.tcl: Setting watchdog for 200 seconds at Sat Dec 22 03:46:42 UTC 2018
2 ms. Memory: 287232K Free: 274621K (96%)
ptolemy.util.test.WatchDog.cancel(): canceling Sat Dec 22 03:46:42 UTC 2018
auto.tcl: Setting watchdog for 200 seconds at Sat Dec 22 03:46:42 UTC 2018
1 ms. Memory: 287232K Free: 274621K (96%)
ptolemy.util.test.WatchDog.cancel(): canceling Sat Dec 22 03:46:42 UTC 2018
------------------ testing $PTII/ptolemy/domains/de/test/auto/ResettableTimer5.xml
auto.tcl: Setting watchdog for 200 seconds at Sat Dec 22 03:46:42 UTC 2018
2 ms. Memory: 288256K Free: 273475K (95%)
ptolemy.util.test.WatchDog.cancel(): canceling Sat Dec 22 03:46:42 UTC 2018
auto.tcl: Setting watchdog for 200 seconds at Sat Dec 22 03:46:42 UTC 2018
1 ms. Memory: 288256K Free: 273475K (95%)
ptolemy.util.test.WatchDog.cancel(): canceling Sat Dec 22 03:46:42 UTC 2018
------------------ testing $PTII/ptolemy/domains/de/test/auto/ResettableTimer6.xml
auto.tcl: Setting watchdog for 200 seconds at Sat Dec 22 03:46:42 UTC 2018
2 ms. Memory: 287232K Free: 274467K (96%)
ptolemy.util.test.WatchDog.cancel(): canceling Sat Dec 22 03:46:42 UTC 2018
auto.tcl: Setting watchdog for 200 seconds at Sat Dec 22 03:46:42 UTC 2018
1 ms. Memory: 287232K Free: 274467K (96%)
ptolemy.util.test.WatchDog.cancel(): canceling Sat Dec 22 03:46:42 UTC 2018
------------------ testing $PTII/ptolemy/domains/de/test/auto/ServerZeroDelay.xml
auto.tcl: Setting watchdog for 200 seconds at Sat Dec 22 03:46:42 UTC 2018
2 ms. Memory: 288256K Free: 275575K (96%)
ptolemy.util.test.WatchDog.cancel(): canceling Sat Dec 22 03:46:42 UTC 2018
auto.tcl: Setting watchdog for 200 seconds at Sat Dec 22 03:46:42 UTC 2018
2 ms. Memory: 288256K Free: 275575K (96%)
ptolemy.util.test.WatchDog.cancel(): canceling Sat Dec 22 03:46:42 UTC 2018
------------------ testing $PTII/ptolemy/domains/de/test/auto/SmartSender.xml
auto.tcl: Setting watchdog for 200 seconds at Sat Dec 22 03:46:42 UTC 2018
3001 ms. Memory: 287232K Free: 274546K (96%)
ptolemy.util.test.WatchDog.cancel(): canceling Sat Dec 22 03:46:45 UTC 2018
auto.tcl: Setting watchdog for 200 seconds at Sat Dec 22 03:46:45 UTC 2018
3002 ms. Memory: 287232K Free: 274546K (96%)
ptolemy.util.test.WatchDog.cancel(): canceling Sat Dec 22 03:46:48 UTC 2018
------------------ testing $PTII/ptolemy/domains/de/test/auto/ThreadedComposite.xml
auto.tcl: Setting watchdog for 200 seconds at Sat Dec 22 03:46:48 UTC 2018
157 ms. Memory: 288256K Free: 252381K (88%)
ptolemy.util.test.WatchDog.cancel(): canceling Sat Dec 22 03:46:48 UTC 2018
auto.tcl: Setting watchdog for 200 seconds at Sat Dec 22 03:46:48 UTC 2018
125 ms. Memory: 288256K Free: 234246K (81%)
ptolemy.util.test.WatchDog.cancel(): canceling Sat Dec 22 03:46:48 UTC 2018
------------------ testing $PTII/ptolemy/domains/de/test/auto/Time.xml
auto.tcl: Setting watchdog for 200 seconds at Sat Dec 22 03:46:48 UTC 2018
499 ms. Memory: 287232K Free: 220654K (77%)
ptolemy.util.test.WatchDog.cancel(): canceling Sat Dec 22 03:46:49 UTC 2018
auto.tcl: Setting watchdog for 200 seconds at Sat Dec 22 03:46:49 UTC 2018
492 ms. Memory: 287232K Free: 165695K (58%)
ptolemy.util.test.WatchDog.cancel(): canceling Sat Dec 22 03:46:50 UTC 2018
------------------ testing $PTII/ptolemy/domains/de/test/auto/TimeDelayZeroDelay.xml
auto.tcl: Setting watchdog for 200 seconds at Sat Dec 22 03:46:50 UTC 2018
2 ms. Memory: 287744K Free: 275506K (96%)
ptolemy.util.test.WatchDog.cancel(): canceling Sat Dec 22 03:46:50 UTC 2018
auto.tcl: Setting watchdog for 200 seconds at Sat Dec 22 03:46:50 UTC 2018
2 ms. Memory: 287744K Free: 275506K (96%)
ptolemy.util.test.WatchDog.cancel(): canceling Sat Dec 22 03:46:50 UTC 2018
------------------ testing $PTII/ptolemy/domains/de/test/auto/TimerZeroDelay.xml
auto.tcl: Setting watchdog for 200 seconds at Sat Dec 22 03:46:50 UTC 2018
3 ms. Memory: 287232K Free: 275103K (96%)
ptolemy.util.test.WatchDog.cancel(): canceling Sat Dec 22 03:46:50 UTC 2018
auto.tcl: Setting watchdog for 200 seconds at Sat Dec 22 03:46:50 UTC 2018
2 ms. Memory: 287232K Free: 275103K (96%)
ptolemy.util.test.WatchDog.cancel(): canceling Sat Dec 22 03:46:50 UTC 2018
------------------ testing $PTII/ptolemy/domains/de/test/auto/TimingParadox.xml
auto.tcl: Setting watchdog for 200 seconds at Sat Dec 22 03:46:50 UTC 2018
373 ms. Memory: 287744K Free: 207262K (72%)
ptolemy.util.test.WatchDog.cancel(): canceling Sat Dec 22 03:46:50 UTC 2018
auto.tcl: Setting watchdog for 200 seconds at Sat Dec 22 03:46:50 UTC 2018
347 ms. Memory: 287744K Free: 170915K (59%)
ptolemy.util.test.WatchDog.cancel(): canceling Sat Dec 22 03:46:51 UTC 2018
------------------ testing $PTII/ptolemy/domains/de/test/auto/TransferInputs.xml
auto.tcl: Setting watchdog for 200 seconds at Sat Dec 22 03:46:51 UTC 2018
2 ms. Memory: 287744K Free: 274515K (95%)
ptolemy.util.test.WatchDog.cancel(): canceling Sat Dec 22 03:46:51 UTC 2018
auto.tcl: Setting watchdog for 200 seconds at Sat Dec 22 03:46:51 UTC 2018
1 ms. Memory: 287744K Free: 274515K (95%)
ptolemy.util.test.WatchDog.cancel(): canceling Sat Dec 22 03:46:51 UTC 2018
------------------ testing $PTII/ptolemy/domains/de/test/auto/TransferOutputs2.xml
auto.tcl: Setting watchdog for 200 seconds at Sat Dec 22 03:46:51 UTC 2018
3 ms. Memory: 287232K Free: 270452K (94%)
ptolemy.util.test.WatchDog.cancel(): canceling Sat Dec 22 03:46:51 UTC 2018
auto.tcl: Setting watchdog for 200 seconds at Sat Dec 22 03:46:51 UTC 2018
2 ms. Memory: 287232K Free: 267850K (93%)
ptolemy.util.test.WatchDog.cancel(): canceling Sat Dec 22 03:46:51 UTC 2018
------------------ testing $PTII/ptolemy/domains/de/test/auto/Trilateration.xml
auto.tcl: Setting watchdog for 200 seconds at Sat Dec 22 03:46:51 UTC 2018
13864 ms. Memory: 473088K Free: 223118K (47%)
ptolemy.util.test.WatchDog.cancel(): canceling Sat Dec 22 03:47:06 UTC 2018
auto.tcl: Setting watchdog for 200 seconds at Sat Dec 22 03:47:06 UTC 2018
10903 ms. Memory: 352256K Free: 176790K (50%)
ptolemy.util.test.WatchDog.cancel(): canceling Sat Dec 22 03:47:16 UTC 2018
------------------ testing $PTII/ptolemy/domains/de/test/auto/TwoSigmaDelta.xml
auto.tcl: Setting watchdog for 200 seconds at Sat Dec 22 03:47:17 UTC 2018
2786 ms. Memory: 339968K Free: 298083K (88%)
ptolemy.util.test.WatchDog.cancel(): canceling Sat Dec 22 03:47:19 UTC 2018
auto.tcl: Setting watchdog for 200 seconds at Sat Dec 22 03:47:19 UTC 2018
2012 ms. Memory: 339968K Free: 66433K (20%)
ptolemy.util.test.WatchDog.cancel(): canceling Sat Dec 22 03:47:21 UTC 2018
------------------ testing $PTII/ptolemy/domains/de/test/auto/VariableDelay.xml
auto.tcl: Setting watchdog for 200 seconds at Sat Dec 22 03:47:22 UTC 2018
5 ms. Memory: 337408K Free: 325627K (97%)
ptolemy.util.test.WatchDog.cancel(): canceling Sat Dec 22 03:47:22 UTC 2018
auto.tcl: Setting watchdog for 200 seconds at Sat Dec 22 03:47:22 UTC 2018
2 ms. Memory: 337408K Free: 321797K (95%)
ptolemy.util.test.WatchDog.cancel(): canceling Sat Dec 22 03:47:22 UTC 2018
------------------ testing $PTII/ptolemy/domains/de/test/auto/VariableDelay2.xml
auto.tcl: Setting watchdog for 200 seconds at Sat Dec 22 03:47:22 UTC 2018
7 ms. Memory: 339456K Free: 328085K (97%)
ptolemy.util.test.WatchDog.cancel(): canceling Sat Dec 22 03:47:22 UTC 2018
auto.tcl: Setting watchdog for 200 seconds at Sat Dec 22 03:47:22 UTC 2018
2 ms. Memory: 339456K Free: 324263K (96%)
ptolemy.util.test.WatchDog.cancel(): canceling Sat Dec 22 03:47:22 UTC 2018
------------------ testing $PTII/ptolemy/domains/de/test/auto/VariableDelayZeroDelay.xml
auto.tcl: Setting watchdog for 200 seconds at Sat Dec 22 03:47:22 UTC 2018
2 ms. Memory: 337408K Free: 323476K (96%)
ptolemy.util.test.WatchDog.cancel(): canceling Sat Dec 22 03:47:22 UTC 2018
auto.tcl: Setting watchdog for 200 seconds at Sat Dec 22 03:47:22 UTC 2018
2 ms. Memory: 337408K Free: 319646K (95%)
ptolemy.util.test.WatchDog.cancel(): canceling Sat Dec 22 03:47:22 UTC 2018
------------------ testing $PTII/ptolemy/domains/de/test/auto/VariableDelayZeroDelay2.xml
auto.tcl: Setting watchdog for 200 seconds at Sat Dec 22 03:47:22 UTC 2018
2 ms. Memory: 339456K Free: 325522K (96%)
ptolemy.util.test.WatchDog.cancel(): canceling Sat Dec 22 03:47:22 UTC 2018
auto.tcl: Setting watchdog for 200 seconds at Sat Dec 22 03:47:22 UTC 2018
2 ms. Memory: 339456K Free: 321692K (95%)
ptolemy.util.test.WatchDog.cancel(): canceling Sat Dec 22 03:47:22 UTC 2018
------------------ testing $PTII/ptolemy/domains/de/test/auto/deInCt.xml
auto.tcl: Setting watchdog for 200 seconds at Sat Dec 22 03:47:22 UTC 2018
0
1
1
1
1
0
0
0
1
1
1
0
0
0
1
1
1
0
0
0
0
1
1
1
1
0
0
1
1
1
1
0
0
0
0
1
1
0
0
0
1
1
1
1
9 ms. Memory: 337408K Free: 319653K (95%)
ptolemy.util.test.WatchDog.cancel(): canceling Sat Dec 22 03:47:22 UTC 2018
auto.tcl: Setting watchdog for 200 seconds at Sat Dec 22 03:47:22 UTC 2018
0
1
1
1
1
1
1
0
0
1
1
1
0
0
0
1
1
1
1
0
0
0
0
1
1
1
1
1
0
0
0
0
5 ms. Memory: 337408K Free: 319653K (95%)
ptolemy.util.test.WatchDog.cancel(): canceling Sat Dec 22 03:47:22 UTC 2018
------------------ testing $PTII/ptolemy/domains/de/test/auto/deInCt2.xml
auto.tcl: Setting watchdog for 200 seconds at Sat Dec 22 03:47:22 UTC 2018
0
1
1
1
0
0
1
1
1
0
0
1
1
1
0
0
1
1
1
0
0
1
1
1
0
0
1
1
1
0
0
1
1
1
0
0
1
1
1
0
0
0
14 ms. Memory: 338944K Free: 321189K (95%)
ptolemy.util.test.WatchDog.cancel(): canceling Sat Dec 22 03:47:22 UTC 2018
auto.tcl: Setting watchdog for 200 seconds at Sat Dec 22 03:47:22 UTC 2018
0
1
1
1
0
0
1
1
1
0
0
1
1
1
0
0
1
1
1
0
0
1
1
1
0
0
1
1
1
0
0
1
1
1
0
0
1
1
1
0
0
0
5 ms. Memory: 338944K Free: 321189K (95%)
ptolemy.util.test.WatchDog.cancel(): canceling Sat Dec 22 03:47:22 UTC 2018
------------------ testing $PTII/ptolemy/domains/de/test/auto/dynamicCausalityInterface1.xml
auto.tcl: Setting watchdog for 200 seconds at Sat Dec 22 03:47:22 UTC 2018
1 ms. Memory: 337408K Free: 318382K (94%)
ptolemy.util.test.WatchDog.cancel(): canceling Sat Dec 22 03:47:22 UTC 2018
auto.tcl: Setting watchdog for 200 seconds at Sat Dec 22 03:47:22 UTC 2018
1 ms. Memory: 337408K Free: 318382K (94%)
ptolemy.util.test.WatchDog.cancel(): canceling Sat Dec 22 03:47:22 UTC 2018
------------------ testing $PTII/ptolemy/domains/de/test/auto/fsm_de_test.xml
auto.tcl: Setting watchdog for 200 seconds at Sat Dec 22 03:47:22 UTC 2018
14 ms. Memory: 338944K Free: 317261K (94%)
ptolemy.util.test.WatchDog.cancel(): canceling Sat Dec 22 03:47:22 UTC 2018
auto.tcl: Setting watchdog for 200 seconds at Sat Dec 22 03:47:22 UTC 2018
6 ms. Memory: 338944K Free: 317261K (94%)
ptolemy.util.test.WatchDog.cancel(): canceling Sat Dec 22 03:47:22 UTC 2018
------------------ testing $PTII/ptolemy/domains/de/test/auto/functionDependencyReconstruction.xml
auto.tcl: Setting watchdog for 200 seconds at Sat Dec 22 03:47:22 UTC 2018
2 ms. Memory: 337408K Free: 308055K (91%)
ptolemy.util.test.WatchDog.cancel(): canceling Sat Dec 22 03:47:22 UTC 2018
auto.tcl: Setting watchdog for 200 seconds at Sat Dec 22 03:47:22 UTC 2018
2 ms. Memory: 337408K Free: 308055K (91%)
ptolemy.util.test.WatchDog.cancel(): canceling Sat Dec 22 03:47:22 UTC 2018
------------------ testing $PTII/ptolemy/domains/de/test/auto/multirate.xml
auto.tcl: Setting watchdog for 200 seconds at Sat Dec 22 03:47:22 UTC 2018
2 ms. Memory: 338432K Free: 322990K (95%)
ptolemy.util.test.WatchDog.cancel(): canceling Sat Dec 22 03:47:22 UTC 2018
auto.tcl: Setting watchdog for 200 seconds at Sat Dec 22 03:47:22 UTC 2018
2 ms. Memory: 338432K Free: 322990K (95%)
ptolemy.util.test.WatchDog.cancel(): canceling Sat Dec 22 03:47:22 UTC 2018
------------------ testing $PTII/ptolemy/domains/de/test/auto/multirate2.xml
auto.tcl: Setting watchdog for 200 seconds at Sat Dec 22 03:47:22 UTC 2018
3 ms. Memory: 337408K Free: 319584K (95%)
ptolemy.util.test.WatchDog.cancel(): canceling Sat Dec 22 03:47:22 UTC 2018
auto.tcl: Setting watchdog for 200 seconds at Sat Dec 22 03:47:22 UTC 2018
2 ms. Memory: 337408K Free: 319584K (95%)
ptolemy.util.test.WatchDog.cancel(): canceling Sat Dec 22 03:47:22 UTC 2018
------------------ testing $PTII/ptolemy/domains/de/test/auto/realtime.xml
auto.tcl: Setting watchdog for 200 seconds at Sat Dec 22 03:47:22 UTC 2018
10001 ms. Memory: 338432K Free: 320603K (95%)
ptolemy.util.test.WatchDog.cancel(): canceling Sat Dec 22 03:47:32 UTC 2018
auto.tcl: Setting watchdog for 200 seconds at Sat Dec 22 03:47:32 UTC 2018
10001 ms. Memory: 338432K Free: 320603K (95%)
ptolemy.util.test.WatchDog.cancel(): canceling Sat Dec 22 03:47:42 UTC 2018
------------------ testing $PTII/ptolemy/domains/de/test/auto/relationGroup.xml
auto.tcl: Setting watchdog for 200 seconds at Sat Dec 22 03:47:42 UTC 2018
1 ms. Memory: 337408K Free: 323438K (96%)
ptolemy.util.test.WatchDog.cancel(): canceling Sat Dec 22 03:47:42 UTC 2018
auto.tcl: Setting watchdog for 200 seconds at Sat Dec 22 03:47:42 UTC 2018
2 ms. Memory: 337408K Free: 323438K (96%)
ptolemy.util.test.WatchDog.cancel(): canceling Sat Dec 22 03:47:42 UTC 2018
------------------ testing $PTII/ptolemy/domains/de/test/auto/relationGroup2.xml
auto.tcl: Setting watchdog for 200 seconds at Sat Dec 22 03:47:42 UTC 2018
1 ms. Memory: 338432K Free: 324489K (96%)
ptolemy.util.test.WatchDog.cancel(): canceling Sat Dec 22 03:47:42 UTC 2018
auto.tcl: Setting watchdog for 200 seconds at Sat Dec 22 03:47:42 UTC 2018
1 ms. Memory: 338432K Free: 324489K (96%)
ptolemy.util.test.WatchDog.cancel(): canceling Sat Dec 22 03:47:42 UTC 2018
------------------ testing $PTII/ptolemy/domains/de/test/auto/sortWithOpaquePorts.xml
auto.tcl: Setting watchdog for 200 seconds at Sat Dec 22 03:47:42 UTC 2018
1 ms. Memory: 337408K Free: 323465K (96%)
ptolemy.util.test.WatchDog.cancel(): canceling Sat Dec 22 03:47:43 UTC 2018
auto.tcl: Setting watchdog for 200 seconds at Sat Dec 22 03:47:43 UTC 2018
2 ms. Memory: 337408K Free: 319635K (95%)
ptolemy.util.test.WatchDog.cancel(): canceling Sat Dec 22 03:47:43 UTC 2018
------------------ testing $PTII/ptolemy/domains/de/test/auto/transferInputsandOutputs.xml
auto.tcl: Setting watchdog for 200 seconds at Sat Dec 22 03:47:43 UTC 2018
2 ms. Memory: 337920K Free: 320150K (95%)
ptolemy.util.test.WatchDog.cancel(): canceling Sat Dec 22 03:47:43 UTC 2018
auto.tcl: Setting watchdog for 200 seconds at Sat Dec 22 03:47:43 UTC 2018
2 ms. Memory: 337920K Free: 320150K (95%)
ptolemy.util.test.WatchDog.cancel(): canceling Sat Dec 22 03:47:43 UTC 2018
------------------ testing $PTII/ptolemy/domains/de/test/auto/triggerType.xml
auto.tcl: Setting watchdog for 200 seconds at Sat Dec 22 03:47:43 UTC 2018
1 ms. Memory: 337408K Free: 323403K (96%)
ptolemy.util.test.WatchDog.cancel(): canceling Sat Dec 22 03:47:43 UTC 2018
auto.tcl: Setting watchdog for 200 seconds at Sat Dec 22 03:47:43 UTC 2018
2 ms. Memory: 337408K Free: 319588K (95%)
ptolemy.util.test.WatchDog.cancel(): canceling Sat Dec 22 03:47:43 UTC 2018
12/22/18 03:47:43
Failed: 0  Total Tests: 192  ((Passed: 187, Newly Passed: 1)  Known Failed: 5) /home/travis/build/icyphy/ptII/ptolemy/domains/de/test
12/22/18 03:47:43
Failed: 0  Total Tests: 192  ((Passed: 187, Newly Passed: 1)  Known Failed: 5) /home/travis/build/icyphy/ptII/ptolemy/domains/de/test
----------------- testing (KnownFailure) /home/travis/build/icyphy/ptII/ptolemy/domains/de/test/auto/knownFailedTests/DESDFClockTest.xml
2009 ms. Memory: 337920K Free: 313708K (93%)
Known Failure: java.lang.reflect.InvocationTargetException
----------------- testing (KnownFailure) /home/travis/build/icyphy/ptII/ptolemy/domains/de/test/auto/knownFailedTests/DirectFeedback.xml
2 ms. Memory: 337920K Free: 293228K (87%)
Known Failure: java.lang.reflect.InvocationTargetException
----------------- testing (KnownFailure) /home/travis/build/icyphy/ptII/ptolemy/domains/de/test/auto/knownFailedTests/FSMSource.xml
5 ms. Memory: 337920K Free: 267612K (79%)
----------------- testing (KnownFailure) /home/travis/build/icyphy/ptII/ptolemy/domains/de/test/auto/knownFailedTests/HierarchicalModel.xml
2 ms. Memory: 337920K Free: 241980K (72%)
Known Failure: java.lang.reflect.InvocationTargetException
----------------- testing (KnownFailure) /home/travis/build/icyphy/ptII/ptolemy/domains/de/test/auto/knownFailedTests/dependencyLoop.xml
1 ms. Memory: 337920K Free: 211243K (63%)
Known Failure: java.lang.reflect.InvocationTargetException
----------------- testing (KnownFailure) /home/travis/build/icyphy/ptII/ptolemy/domains/de/test/auto/knownFailedTests/dependencyLoop2.xml
3 ms. Memory: 337920K Free: 180507K (53%)
Known Failure: java.lang.reflect.InvocationTargetException
No auto/linux-amd64/*.xml tests in /home/travis/build/icyphy/ptII/ptolemy/domains/de/test
AutoTests.java: About to close Vertx.
AutoTests.java: Vertx closed.

===========================================================================================
----------------- testing Sat Dec 22 03:47:45 UTC 2018 /home/travis/build/icyphy/ptII/ptolemy/domains/de/test/auto/ActorDepthCalculation_actorWithoutPorts.xml
----------------- Instantiating /home/travis/build/icyphy/ptII/ptolemy/domains/de/test/auto/ActorDepthCalculation_actorWithoutPorts.xml
1 ms. Memory: 337920K Free: 154907K (46%)
----------------- Invoking toplevel() on ptolemy.moml.MoMLSimpleApplication@66157474
----------------- Done invoking toplevel() on ptolemy.moml.MoMLSimpleApplication@66157474
reloadAllAccessors: .ActorDepthCalculation_actorWithoutPorts

===========================================================================================
----------------- testing Sat Dec 22 03:47:45 UTC 2018 /home/travis/build/icyphy/ptII/ptolemy/domains/de/test/auto/AssemblyLine.xml
----------------- Instantiating /home/travis/build/icyphy/ptII/ptolemy/domains/de/test/auto/AssemblyLine.xml
2 ms. Memory: 337920K Free: 139546K (41%)
----------------- Invoking toplevel() on ptolemy.moml.MoMLSimpleApplication@6d500058
----------------- Done invoking toplevel() on ptolemy.moml.MoMLSimpleApplication@6d500058
reloadAllAccessors: .AssemblyLine

===========================================================================================
----------------- testing Sat Dec 22 03:47:45 UTC 2018 /home/travis/build/icyphy/ptII/ptolemy/domains/de/test/auto/CQBug1.xml
----------------- Instantiating /home/travis/build/icyphy/ptII/ptolemy/domains/de/test/auto/CQBug1.xml
0 ms. Memory: 337920K Free: 129306K (38%)
----------------- Invoking toplevel() on ptolemy.moml.MoMLSimpleApplication@7ae68ca
----------------- Done invoking toplevel() on ptolemy.moml.MoMLSimpleApplication@7ae68ca
reloadAllAccessors: .CQBug1

===========================================================================================
----------------- testing Sat Dec 22 03:47:45 UTC 2018 /home/travis/build/icyphy/ptII/ptolemy/domains/de/test/auto/CancelFireAt.xml
----------------- Instantiating /home/travis/build/icyphy/ptII/ptolemy/domains/de/test/auto/CancelFireAt.xml
1 ms. Memory: 337920K Free: 119066K (35%)
----------------- Invoking toplevel() on ptolemy.moml.MoMLSimpleApplication@73754903
----------------- Done invoking toplevel() on ptolemy.moml.MoMLSimpleApplication@73754903
reloadAllAccessors: .CancelFireAt

===========================================================================================
----------------- testing Sat Dec 22 03:47:45 UTC 2018 /home/travis/build/icyphy/ptII/ptolemy/domains/de/test/auto/CausalityAndComposabilityAnalysis.xml
----------------- Instantiating /home/travis/build/icyphy/ptII/ptolemy/domains/de/test/auto/CausalityAndComposabilityAnalysis.xml
1 ms. Memory: 337920K Free: 108826K (32%)
----------------- Invoking toplevel() on ptolemy.moml.MoMLSimpleApplication@320b2403
----------------- Done invoking toplevel() on ptolemy.moml.MoMLSimpleApplication@320b2403
reloadAllAccessors: .CausalityAndComposabilityAnalysis

===========================================================================================
----------------- testing Sat Dec 22 03:47:45 UTC 2018 /home/travis/build/icyphy/ptII/ptolemy/domains/de/test/auto/CausalityInterface1.xml
----------------- Instantiating /home/travis/build/icyphy/ptII/ptolemy/domains/de/test/auto/CausalityInterface1.xml
5 ms. Memory: 337920K Free: 98586K (29%)
----------------- Invoking toplevel() on ptolemy.moml.MoMLSimpleApplication@21301332
----------------- Done invoking toplevel() on ptolemy.moml.MoMLSimpleApplication@21301332
reloadAllAccessors: .CausalityInterface1

===========================================================================================
----------------- testing Sat Dec 22 03:47:45 UTC 2018 /home/travis/build/icyphy/ptII/ptolemy/domains/de/test/auto/CausalityInterface15.xml
----------------- Instantiating /home/travis/build/icyphy/ptII/ptolemy/domains/de/test/auto/CausalityInterface15.xml
2 ms. Memory: 337920K Free: 84532K (25%)
----------------- Invoking toplevel() on ptolemy.moml.MoMLSimpleApplication@5552a188
----------------- Done invoking toplevel() on ptolemy.moml.MoMLSimpleApplication@5552a188
reloadAllAccessors: .CausalityInterface15

[...]
java.lang.RuntimeException: Execution failed
	at ptolemy.moml.MoMLSimpleApplication$UnloadThread.run(MoMLSimpleApplication.java:402)
Caused by: ptolemy.kernel.util.IllegalActionException: Test fails in iteration 1.
Value was: 1.0. Should have been: 2.0
  in .DirectFeedback.Test
	at ptolemy.actor.lib.Test.fire(Test.java:268)
	at ptolemy.domains.de.kernel.DEDirector._fire(DEDirector.java:1949)
	at ptolemy.domains.de.kernel.DEDirector.fire(DEDirector.java:502)
	at ptolemy.actor.CompositeActor.fire(CompositeActor.java:455)
	at ptolemy.actor.Manager.iterate(Manager.java:851)
	at ptolemy.actor.Manager.execute(Manager.java:369)
	at ptolemy.actor.Manager.run(Manager.java:1263)
	at ptolemy.actor.Manager$PtolemyRunThread.run(Manager.java:1915)
java.lang.RuntimeException: Execution failed
	at ptolemy.moml.MoMLSimpleApplication$UnloadThread.run(MoMLSimpleApplication.java:402)
Caused by: ptolemy.kernel.util.IllegalActionException: Actor is not ready to fire.  Perhaps UpSample.prefire() returned false? Try debugging the actor by selecting "Listen to Actor".  Also, for SDF check moml for tokenConsumptionRate on input.
  in .DESDFClockTest.Play Bell.Copy1:SDF Director and .DESDFClockTest.Play Bell.UpSample
	at ptolemy.actor.sched.StaticSchedulingDirector.fire(StaticSchedulingDirector.java:227)
	at ptolemy.domains.sdf.kernel.SDFDirector.fire(SDFDirector.java:500)
	at ptolemy.actor.CompositeActor.fire(CompositeActor.java:455)
	at ptolemy.domains.de.kernel.DEDirector._fire(DEDirector.java:1949)
	at ptolemy.domains.de.kernel.DEDirector.fire(DEDirector.java:502)
	at ptolemy.actor.CompositeActor.fire(CompositeActor.java:455)
	at ptolemy.actor.Manager.iterate(Manager.java:851)
	at ptolemy.actor.Manager.execute(Manager.java:369)
	at ptolemy.actor.Manager.run(Manager.java:1263)
	at ptolemy.actor.Manager$PtolemyRunThread.run(Manager.java:1915)
java.lang.reflect.InvocationTargetException
	at sun.reflect.NativeConstructorAccessorImpl.newInstance0(Native Method)
	at sun.reflect.NativeConstructorAccessorImpl.newInstance(NativeConstructorAccessorImpl.java:62)
	at sun.reflect.DelegatingConstructorAccessorImpl.newInstance(DelegatingConstructorAccessorImpl.java:45)
	at java.lang.reflect.Constructor.newInstance(Constructor.java:423)
	at ptolemy.util.test.junit.AutoKnownFailedTests.RunModel(AutoKnownFailedTests.java:105)
	at sun.reflect.NativeMethodAccessorImpl.invoke0(Native Method)
	at sun.reflect.NativeMethodAccessorImpl.invoke(NativeMethodAccessorImpl.java:62)
	at sun.reflect.DelegatingMethodAccessorImpl.invoke(DelegatingMethodAccessorImpl.java:43)
	at java.lang.reflect.Method.invoke(Method.java:498)
	at org.junit.runners.model.FrameworkMethod$1.runReflectiveCall(FrameworkMethod.java:44)
	at org.junit.internal.runners.model.ReflectiveCallable.run(ReflectiveCallable.java:15)
	at org.junit.runners.model.FrameworkMethod.invokeExplosively(FrameworkMethod.java:41)
	at junitparams.internal.InvokeParameterisedMethod.evaluate(InvokeParameterisedMethod.java:102)
	at org.junit.internal.runners.statements.FailOnTimeout$1.run(FailOnTimeout.java:28)
Caused by: ptolemy.kernel.util.IllegalActionException: Actor is not ready to fire.  Perhaps UpSample.prefire() returned false? Try debugging the actor by selecting "Listen to Actor".  Also, for SDF check moml for tokenConsumptionRate on input.
  in .DESDFClockTest.Play Bell.Copy1:SDF Director and .DESDFClockTest.Play Bell.UpSample
	at ptolemy.actor.sched.StaticSchedulingDirector.fire(StaticSchedulingDirector.java:227)
	at ptolemy.domains.sdf.kernel.SDFDirector.fire(SDFDirector.java:500)
	at ptolemy.actor.CompositeActor.fire(CompositeActor.java:455)
	at ptolemy.domains.de.kernel.DEDirector._fire(DEDirector.java:1949)
	at ptolemy.domains.de.kernel.DEDirector.fire(DEDirector.java:502)
	at ptolemy.actor.CompositeActor.fire(CompositeActor.java:455)
	at ptolemy.actor.Manager.iterate(Manager.java:851)
	at ptolemy.actor.Manager.execute(Manager.java:369)
	at ptolemy.actor.Manager.run(Manager.java:1263)
	at ptolemy.actor.Manager$PtolemyRunThread.run(Manager.java:1915)
java.lang.RuntimeException: Execution failed
	at ptolemy.moml.MoMLSimpleApplication$UnloadThread.run(MoMLSimpleApplication.java:402)
Caused by: ptolemy.kernel.util.IllegalActionException: Test fails in iteration 1.
Value was: 1.0. Should have been: 2.0
  in .DirectFeedback.Test
	at ptolemy.actor.lib.Test.fire(Test.java:268)
	at ptolemy.domains.de.kernel.DEDirector._fire(DEDirector.java:1949)
	at ptolemy.domains.de.kernel.DEDirector.fire(DEDirector.java:502)
	at ptolemy.actor.CompositeActor.fire(CompositeActor.java:455)
	at ptolemy.actor.Manager.iterate(Manager.java:851)
	at ptolemy.actor.Manager.execute(Manager.java:369)
	at ptolemy.actor.Manager.run(Manager.java:1263)
	at ptolemy.actor.Manager$PtolemyRunThread.run(Manager.java:1915)
java.lang.reflect.InvocationTargetException
	at sun.reflect.NativeConstructorAccessorImpl.newInstance0(Native Method)
	at sun.reflect.NativeConstructorAccessorImpl.newInstance(NativeConstructorAccessorImpl.java:62)
	at sun.reflect.DelegatingConstructorAccessorImpl.newInstance(DelegatingConstructorAccessorImpl.java:45)
	at java.lang.reflect.Constructor.newInstance(Constructor.java:423)
	at ptolemy.util.test.junit.AutoKnownFailedTests.RunModel(AutoKnownFailedTests.java:105)
	at sun.reflect.NativeMethodAccessorImpl.invoke0(Native Method)
	at sun.reflect.NativeMethodAccessorImpl.invoke(NativeMethodAccessorImpl.java:62)
	at sun.reflect.DelegatingMethodAccessorImpl.invoke(DelegatingMethodAccessorImpl.java:43)
	at java.lang.reflect.Method.invoke(Method.java:498)
	at org.junit.runners.model.FrameworkMethod$1.runReflectiveCall(FrameworkMethod.java:44)
	at org.junit.internal.runners.model.ReflectiveCallable.run(ReflectiveCallable.java:15)
	at org.junit.runners.model.FrameworkMethod.invokeExplosively(FrameworkMethod.java:41)
	at junitparams.internal.InvokeParameterisedMethod.evaluate(InvokeParameterisedMethod.java:102)
	at org.junit.internal.runners.statements.FailOnTimeout$1.run(FailOnTimeout.java:28)
Caused by: ptolemy.kernel.util.IllegalActionException: Test fails in iteration 1.
Value was: 1.0. Should have been: 2.0
  in .DirectFeedback.Test
	at ptolemy.actor.lib.Test.fire(Test.java:268)
	at ptolemy.domains.de.kernel.DEDirector._fire(DEDirector.java:1949)
	at ptolemy.domains.de.kernel.DEDirector.fire(DEDirector.java:502)
	at ptolemy.actor.CompositeActor.fire(CompositeActor.java:455)
	at ptolemy.actor.Manager.iterate(Manager.java:851)
	at ptolemy.actor.Manager.execute(Manager.java:369)
	at ptolemy.actor.Manager.run(Manager.java:1263)
	at ptolemy.actor.Manager$PtolemyRunThread.run(Manager.java:1915)
java.lang.RuntimeException: Execution failed
	at ptolemy.moml.MoMLSimpleApplication$UnloadThread.run(MoMLSimpleApplication.java:402)
Caused by: ptolemy.kernel.util.IllegalActionException: Found a zero delay loop containing .HierarchicalModel.A
  in .HierarchicalModel and .HierarchicalModel.A
	at ptolemy.actor.util.CausalityInterfaceForComposites._computeOutputPortDepth(CausalityInterfaceForComposites.java:759)
	at ptolemy.actor.util.CausalityInterfaceForComposites._computeInputDepth(CausalityInterfaceForComposites.java:696)
	at ptolemy.actor.util.CausalityInterfaceForComposites._computeOutputPortDepth(CausalityInterfaceForComposites.java:765)
	at ptolemy.actor.util.CausalityInterfaceForComposites._computeInputDepth(CausalityInterfaceForComposites.java:696)
	at ptolemy.actor.util.CausalityInterfaceForComposites._computeOutputPortDepth(CausalityInterfaceForComposites.java:765)
	at ptolemy.actor.util.CausalityInterfaceForComposites._computeInputDepth(CausalityInterfaceForComposites.java:696)
	at ptolemy.actor.util.CausalityInterfaceForComposites._computeActorDepth(CausalityInterfaceForComposites.java:532)
	at ptolemy.actor.util.CausalityInterfaceForComposites.checkForCycles(CausalityInterfaceForComposites.java:96)
	at ptolemy.domains.de.kernel.DEDirector.preinitialize(DEDirector.java:1338)
	at ptolemy.actor.CompositeActor.preinitialize(CompositeActor.java:1828)
	at ptolemy.actor.Manager.preinitializeAndResolveTypes(Manager.java:1040)
	at ptolemy.actor.Manager.initialize(Manager.java:710)
	at ptolemy.actor.Manager.execute(Manager.java:356)
	at ptolemy.actor.Manager.run(Manager.java:1263)
	at ptolemy.actor.Manager$PtolemyRunThread.run(Manager.java:1915)
java.lang.reflect.InvocationTargetException
	at sun.reflect.NativeConstructorAccessorImpl.newInstance0(Native Method)
	at sun.reflect.NativeConstructorAccessorImpl.newInstance(NativeConstructorAccessorImpl.java:62)
	at sun.reflect.DelegatingConstructorAccessorImpl.newInstance(DelegatingConstructorAccessorImpl.java:45)
	at java.lang.reflect.Constructor.newInstance(Constructor.java:423)
	at ptolemy.util.test.junit.AutoKnownFailedTests.RunModel(AutoKnownFailedTests.java:105)
	at sun.reflect.NativeMethodAccessorImpl.invoke0(Native Method)
	at sun.reflect.NativeMethodAccessorImpl.invoke(NativeMethodAccessorImpl.java:62)
	at sun.reflect.DelegatingMethodAccessorImpl.invoke(DelegatingMethodAccessorImpl.java:43)
	at java.lang.reflect.Method.invoke(Method.java:498)
	at org.junit.runners.model.FrameworkMethod$1.runReflectiveCall(FrameworkMethod.java:44)
	at org.junit.internal.runners.model.ReflectiveCallable.run(ReflectiveCallable.java:15)
	at org.junit.runners.model.FrameworkMethod.invokeExplosively(FrameworkMethod.java:41)
	at junitparams.internal.InvokeParameterisedMethod.evaluate(InvokeParameterisedMethod.java:102)
	at org.junit.internal.runners.statements.FailOnTimeout$1.run(FailOnTimeout.java:28)
Caused by: ptolemy.kernel.util.IllegalActionException: Found a zero delay loop containing .HierarchicalModel.A
  in .HierarchicalModel and .HierarchicalModel.A
	at ptolemy.actor.util.CausalityInterfaceForComposites._computeOutputPortDepth(CausalityInterfaceForComposites.java:759)
	at ptolemy.actor.util.CausalityInterfaceForComposites._computeInputDepth(CausalityInterfaceForComposites.java:696)
	at ptolemy.actor.util.CausalityInterfaceForComposites._computeOutputPortDepth(CausalityInterfaceForComposites.java:765)
	at ptolemy.actor.util.CausalityInterfaceForComposites._computeInputDepth(CausalityInterfaceForComposites.java:696)
	at ptolemy.actor.util.CausalityInterfaceForComposites._computeOutputPortDepth(CausalityInterfaceForComposites.java:765)
	at ptolemy.actor.util.CausalityInterfaceForComposites._computeInputDepth(CausalityInterfaceForComposites.java:696)
	at ptolemy.actor.util.CausalityInterfaceForComposites._computeActorDepth(CausalityInterfaceForComposites.java:532)
	at ptolemy.actor.util.CausalityInterfaceForComposites.checkForCycles(CausalityInterfaceForComposites.java:96)
	at ptolemy.domains.de.kernel.DEDirector.preinitialize(DEDirector.java:1338)
	at ptolemy.actor.CompositeActor.preinitialize(CompositeActor.java:1828)
	at ptolemy.actor.Manager.preinitializeAndResolveTypes(Manager.java:1040)
	at ptolemy.actor.Manager.initialize(Manager.java:710)
	at ptolemy.actor.Manager.execute(Manager.java:356)
	at ptolemy.actor.Manager.run(Manager.java:1263)
	at ptolemy.actor.Manager$PtolemyRunThread.run(Manager.java:1915)
java.lang.RuntimeException: Execution failed
	at ptolemy.moml.MoMLSimpleApplication$UnloadThread.run(MoMLSimpleApplication.java:402)
Caused by: ptolemy.kernel.util.IllegalActionException: Found a zero delay loop containing .dependencyLoop.original
  in .dependencyLoop and .dependencyLoop.original
	at ptolemy.actor.util.CausalityInterfaceForComposites._computeOutputPortDepth(CausalityInterfaceForComposites.java:759)
	at ptolemy.actor.util.CausalityInterfaceForComposites._computeInputDepth(CausalityInterfaceForComposites.java:696)
	at ptolemy.actor.util.CausalityInterfaceForComposites._computeOutputPortDepth(CausalityInterfaceForComposites.java:765)
	at ptolemy.actor.util.CausalityInterfaceForComposites._computeInputDepth(CausalityInterfaceForComposites.java:696)
	at ptolemy.actor.util.CausalityInterfaceForComposites._computeOutputPortDepth(CausalityInterfaceForComposites.java:765)
	at ptolemy.actor.util.CausalityInterfaceForComposites._computeInputDepth(CausalityInterfaceForComposites.java:696)
	at ptolemy.actor.util.CausalityInterfaceForComposites._computeActorDepth(CausalityInterfaceForComposites.java:532)
	at ptolemy.actor.util.CausalityInterfaceForComposites.checkForCycles(CausalityInterfaceForComposites.java:96)
	at ptolemy.domains.de.kernel.DEDirector.preinitialize(DEDirector.java:1338)
	at ptolemy.actor.CompositeActor.preinitialize(CompositeActor.java:1828)
	at ptolemy.actor.Manager.preinitializeAndResolveTypes(Manager.java:1040)
	at ptolemy.actor.Manager.initialize(Manager.java:710)
	at ptolemy.actor.Manager.execute(Manager.java:356)
	at ptolemy.actor.Manager.run(Manager.java:1263)
	at ptolemy.actor.Manager$PtolemyRunThread.run(Manager.java:1915)
java.lang.reflect.InvocationTargetException
	at sun.reflect.NativeConstructorAccessorImpl.newInstance0(Native Method)
	at sun.reflect.NativeConstructorAccessorImpl.newInstance(NativeConstructorAccessorImpl.java:62)
	at sun.reflect.DelegatingConstructorAccessorImpl.newInstance(DelegatingConstructorAccessorImpl.java:45)
	at java.lang.reflect.Constructor.newInstance(Constructor.java:423)
	at ptolemy.util.test.junit.AutoKnownFailedTests.RunModel(AutoKnownFailedTests.java:105)
	at sun.reflect.NativeMethodAccessorImpl.invoke0(Native Method)
	at sun.reflect.NativeMethodAccessorImpl.invoke(NativeMethodAccessorImpl.java:62)
	at sun.reflect.DelegatingMethodAccessorImpl.invoke(DelegatingMethodAccessorImpl.java:43)
	at java.lang.reflect.Method.invoke(Method.java:498)
	at org.junit.runners.model.FrameworkMethod$1.runReflectiveCall(FrameworkMethod.java:44)
	at org.junit.internal.runners.model.ReflectiveCallable.run(ReflectiveCallable.java:15)
	at org.junit.runners.model.FrameworkMethod.invokeExplosively(FrameworkMethod.java:41)
	at junitparams.internal.InvokeParameterisedMethod.evaluate(InvokeParameterisedMethod.java:102)
	at org.junit.internal.runners.statements.FailOnTimeout$1.run(FailOnTimeout.java:28)
Caused by: ptolemy.kernel.util.IllegalActionException: Found a zero delay loop containing .dependencyLoop.original
  in .dependencyLoop and .dependencyLoop.original
	at ptolemy.actor.util.CausalityInterfaceForComposites._computeOutputPortDepth(CausalityInterfaceForComposites.java:759)
	at ptolemy.actor.util.CausalityInterfaceForComposites._computeInputDepth(CausalityInterfaceForComposites.java:696)
	at ptolemy.actor.util.CausalityInterfaceForComposites._computeOutputPortDepth(CausalityInterfaceForComposites.java:765)
	at ptolemy.actor.util.CausalityInterfaceForComposites._computeInputDepth(CausalityInterfaceForComposites.java:696)
	at ptolemy.actor.util.CausalityInterfaceForComposites._computeOutputPortDepth(CausalityInterfaceForComposites.java:765)
	at ptolemy.actor.util.CausalityInterfaceForComposites._computeInputDepth(CausalityInterfaceForComposites.java:696)
	at ptolemy.actor.util.CausalityInterfaceForComposites._computeActorDepth(CausalityInterfaceForComposites.java:532)
	at ptolemy.actor.util.CausalityInterfaceForComposites.checkForCycles(CausalityInterfaceForComposites.java:96)
	at ptolemy.domains.de.kernel.DEDirector.preinitialize(DEDirector.java:1338)
	at ptolemy.actor.CompositeActor.preinitialize(CompositeActor.java:1828)
	at ptolemy.actor.Manager.preinitializeAndResolveTypes(Manager.java:1040)
	at ptolemy.actor.Manager.initialize(Manager.java:710)
	at ptolemy.actor.Manager.execute(Manager.java:356)
	at ptolemy.actor.Manager.run(Manager.java:1263)
	at ptolemy.actor.Manager$PtolemyRunThread.run(Manager.java:1915)
java.lang.RuntimeException: Execution failed
	at ptolemy.moml.MoMLSimpleApplication$UnloadThread.run(MoMLSimpleApplication.java:402)
Caused by: ptolemy.kernel.util.IllegalActionException: Found a zero delay loop containing .dependencyLoop2.original
  in .dependencyLoop2 and .dependencyLoop2.original
	at ptolemy.actor.util.CausalityInterfaceForComposites._computeOutputPortDepth(CausalityInterfaceForComposites.java:759)
	at ptolemy.actor.util.CausalityInterfaceForComposites._computeInputDepth(CausalityInterfaceForComposites.java:696)
	at ptolemy.actor.util.CausalityInterfaceForComposites._computeOutputPortDepth(CausalityInterfaceForComposites.java:765)
	at ptolemy.actor.util.CausalityInterfaceForComposites._computeInputDepth(CausalityInterfaceForComposites.java:696)
	at ptolemy.actor.util.CausalityInterfaceForComposites._computeOutputPortDepth(CausalityInterfaceForComposites.java:765)
	at ptolemy.actor.util.CausalityInterfaceForComposites._computeInputDepth(CausalityInterfaceForComposites.java:696)
	at ptolemy.actor.util.CausalityInterfaceForComposites._computeActorDepth(CausalityInterfaceForComposites.java:532)
	at ptolemy.actor.util.CausalityInterfaceForComposites.checkForCycles(CausalityInterfaceForComposites.java:96)
	at ptolemy.domains.de.kernel.DEDirector.preinitialize(DEDirector.java:1338)
	at ptolemy.actor.CompositeActor.preinitialize(CompositeActor.java:1828)
	at ptolemy.actor.Manager.preinitializeAndResolveTypes(Manager.java:1040)
	at ptolemy.actor.Manager.initialize(Manager.java:710)
	at ptolemy.actor.Manager.execute(Manager.java:356)
	at ptolemy.actor.Manager.run(Manager.java:1263)
	at ptolemy.actor.Manager$PtolemyRunThread.run(Manager.java:1915)
java.lang.reflect.InvocationTargetException
	at sun.reflect.NativeConstructorAccessorImpl.newInstance0(Native Method)
	at sun.reflect.NativeConstructorAccessorImpl.newInstance(NativeConstructorAccessorImpl.java:62)
	at sun.reflect.DelegatingConstructorAccessorImpl.newInstance(DelegatingConstructorAccessorImpl.java:45)
	at java.lang.reflect.Constructor.newInstance(Constructor.java:423)
	at ptolemy.util.test.junit.AutoKnownFailedTests.RunModel(AutoKnownFailedTests.java:105)
	at sun.reflect.NativeMethodAccessorImpl.invoke0(Native Method)
	at sun.reflect.NativeMethodAccessorImpl.invoke(NativeMethodAccessorImpl.java:62)
	at sun.reflect.DelegatingMethodAccessorImpl.invoke(DelegatingMethodAccessorImpl.java:43)
	at java.lang.reflect.Method.invoke(Method.java:498)
	at org.junit.runners.model.FrameworkMethod$1.runReflectiveCall(FrameworkMethod.java:44)
	at org.junit.internal.runners.model.ReflectiveCallable.run(ReflectiveCallable.java:15)
	at org.junit.runners.model.FrameworkMethod.invokeExplosively(FrameworkMethod.java:41)
	at junitparams.internal.InvokeParameterisedMethod.evaluate(InvokeParameterisedMethod.java:102)
	at org.junit.internal.runners.statements.FailOnTimeout$1.run(FailOnTimeout.java:28)
Caused by: ptolemy.kernel.util.IllegalActionException: Found a zero delay loop containing .dependencyLoop2.original
  in .dependencyLoop2 and .dependencyLoop2.original
	at ptolemy.actor.util.CausalityInterfaceForComposites._computeOutputPortDepth(CausalityInterfaceForComposites.java:759)
	at ptolemy.actor.util.CausalityInterfaceForComposites._computeInputDepth(CausalityInterfaceForComposites.java:696)
	at ptolemy.actor.util.CausalityInterfaceForComposites._computeOutputPortDepth(CausalityInterfaceForComposites.java:765)
	at ptolemy.actor.util.CausalityInterfaceForComposites._computeInputDepth(CausalityInterfaceForComposites.java:696)
	at ptolemy.actor.util.CausalityInterfaceForComposites._computeOutputPortDepth(CausalityInterfaceForComposites.java:765)
	at ptolemy.actor.util.CausalityInterfaceForComposites._computeInputDepth(CausalityInterfaceForComposites.java:696)
	at ptolemy.actor.util.CausalityInterfaceForComposites._computeActorDepth(CausalityInterfaceForComposites.java:532)
	at ptolemy.actor.util.CausalityInterfaceForComposites.checkForCycles(CausalityInterfaceForComposites.java:96)
	at ptolemy.domains.de.kernel.DEDirector.preinitialize(DEDirector.java:1338)
	at ptolemy.actor.CompositeActor.preinitialize(CompositeActor.java:1828)
	at ptolemy.actor.Manager.preinitializeAndResolveTypes(Manager.java:1040)
	at ptolemy.actor.Manager.initialize(Manager.java:710)
	at ptolemy.actor.Manager.execute(Manager.java:356)
	at ptolemy.actor.Manager.run(Manager.java:1263)
	at ptolemy.actor.Manager$PtolemyRunThread.run(Manager.java:1915)
]]></system-err>
</testsuite>
