<?xml version="1.0" encoding="UTF-8" ?>
<testsuite errors="0" failures="0" hostname="travis-job-81b76df4-1dd5-4b9b-9935-577b2337c72e" name="ptolemy.domains.de.test.junit.JUnitTclTest" skipped="0" tests="101" time="132.756" timestamp="2019-09-23T05:41:30">
  <properties>
[...]
</properties>
  <testcase classname="ptolemy.util.test.junit.TclTests" name="[0] /home/travis/build/icyphy/ptII/ptolemy/domains/de/test/DependencyLoop.tcl (RunTclFile)" time="1.211" />
  <testcase classname="ptolemy.util.test.junit.TclTests" name="[1] /home/travis/build/icyphy/ptII/ptolemy/domains/de/test/RunDETestsAsQSS.tcl (RunTclFile)" time="89.643" />
  <testcase classname="ptolemy.util.test.junit.AutoKnownFailedTests" name="[0] /home/travis/build/icyphy/ptII/ptolemy/domains/de/test/auto/knownFailedTests/DESDFClockTest.xml (RunModel)" time="2.067" />
  <testcase classname="ptolemy.util.test.junit.AutoKnownFailedTests" name="[1] /home/travis/build/icyphy/ptII/ptolemy/domains/de/test/auto/knownFailedTests/DirectFeedback.xml (RunModel)" time="0.026" />
  <testcase classname="ptolemy.util.test.junit.AutoKnownFailedTests" name="[2] /home/travis/build/icyphy/ptII/ptolemy/domains/de/test/auto/knownFailedTests/FSMSource.xml (RunModel)" time="0.034" />
  <testcase classname="ptolemy.util.test.junit.AutoKnownFailedTests" name="[3] /home/travis/build/icyphy/ptII/ptolemy/domains/de/test/auto/knownFailedTests/HierarchicalModel.xml (RunModel)" time="0.049" />
  <testcase classname="ptolemy.util.test.junit.AutoKnownFailedTests" name="[4] /home/travis/build/icyphy/ptII/ptolemy/domains/de/test/auto/knownFailedTests/dependencyLoop.xml (RunModel)" time="0.052" />
  <testcase classname="ptolemy.util.test.junit.AutoKnownFailedTests" name="[5] /home/travis/build/icyphy/ptII/ptolemy/domains/de/test/auto/knownFailedTests/dependencyLoop2.xml (RunModel)" time="0.046" />
  <testcase classname="ptolemy.util.test.junit.AutoNameArchTests" name="[0] ThereAreNoAutoArchTests (RunModel)" time="0.002" />
  <testcase classname="ptolemy.util.test.junit.AutoTests" name="[0] /home/travis/build/icyphy/ptII/ptolemy/domains/de/test/auto/ActorDepthCalculation_actorWithoutPorts.xml (RunModel)" time="0.024" />
  <testcase classname="ptolemy.util.test.junit.AutoTests" name="[1] /home/travis/build/icyphy/ptII/ptolemy/domains/de/test/auto/AssemblyLine.xml (RunModel)" time="0.027" />
  <testcase classname="ptolemy.util.test.junit.AutoTests" name="[2] /home/travis/build/icyphy/ptII/ptolemy/domains/de/test/auto/CQBug1.xml (RunModel)" time="0.014" />
  <testcase classname="ptolemy.util.test.junit.AutoTests" name="[3] /home/travis/build/icyphy/ptII/ptolemy/domains/de/test/auto/CancelFireAt.xml (RunModel)" time="0.016" />
  <testcase classname="ptolemy.util.test.junit.AutoTests" name="[4] /home/travis/build/icyphy/ptII/ptolemy/domains/de/test/auto/CausalityAndComposabilityAnalysis.xml (RunModel)" time="0.01" />
  <testcase classname="ptolemy.util.test.junit.AutoTests" name="[5] /home/travis/build/icyphy/ptII/ptolemy/domains/de/test/auto/CausalityInterface1.xml (RunModel)" time="0.013" />
  <testcase classname="ptolemy.util.test.junit.AutoTests" name="[6] /home/travis/build/icyphy/ptII/ptolemy/domains/de/test/auto/CausalityInterface15.xml (RunModel)" time="0.015" />
  <testcase classname="ptolemy.util.test.junit.AutoTests" name="[7] /home/travis/build/icyphy/ptII/ptolemy/domains/de/test/auto/CausalityInterface2.xml (RunModel)" time="0.014" />
  <testcase classname="ptolemy.util.test.junit.AutoTests" name="[8] /home/travis/build/icyphy/ptII/ptolemy/domains/de/test/auto/CausalityInterface3.xml (RunModel)" time="0.013" />
  <testcase classname="ptolemy.util.test.junit.AutoTests" name="[9] /home/travis/build/icyphy/ptII/ptolemy/domains/de/test/auto/ClockDrift.xml (RunModel)" time="0.034" />
  <testcase classname="ptolemy.util.test.junit.AutoTests" name="[10] /home/travis/build/icyphy/ptII/ptolemy/domains/de/test/auto/ClockDriftAndValueChange.xml (RunModel)" time="0.035" />
  <testcase classname="ptolemy.util.test.junit.AutoTests" name="[11] /home/travis/build/icyphy/ptII/ptolemy/domains/de/test/auto/ClockDriftChange.xml (RunModel)" time="0.03" />
  <testcase classname="ptolemy.util.test.junit.AutoTests" name="[12] /home/travis/build/icyphy/ptII/ptolemy/domains/de/test/auto/ComposableCausalityAnalysis.xml (RunModel)" time="0.019" />
  <testcase classname="ptolemy.util.test.junit.AutoTests" name="[13] /home/travis/build/icyphy/ptII/ptolemy/domains/de/test/auto/DEFixedPointLimitation.xml (RunModel)" time="0.01" />
  <testcase classname="ptolemy.util.test.junit.AutoTests" name="[14] /home/travis/build/icyphy/ptII/ptolemy/domains/de/test/auto/DEScheduleTest.xml (RunModel)" time="0.037" />
  <testcase classname="ptolemy.util.test.junit.AutoTests" name="[15] /home/travis/build/icyphy/ptII/ptolemy/domains/de/test/auto/DEinDEwithStartTimes.xml (RunModel)" time="0.037" />
  <testcase classname="ptolemy.util.test.junit.AutoTests" name="[16] /home/travis/build/icyphy/ptII/ptolemy/domains/de/test/auto/DEinDEwithStartTimes2.xml (RunModel)" time="0.045" />
  <testcase classname="ptolemy.util.test.junit.AutoTests" name="[17] /home/travis/build/icyphy/ptII/ptolemy/domains/de/test/auto/DateDemo.xml (RunModel)" time="0.07" />
  <testcase classname="ptolemy.util.test.junit.AutoTests" name="[18] /home/travis/build/icyphy/ptII/ptolemy/domains/de/test/auto/DateToEvent.xml (RunModel)" time="2.05" />
  <testcase classname="ptolemy.util.test.junit.AutoTests" name="[19] /home/travis/build/icyphy/ptII/ptolemy/domains/de/test/auto/DepthTest1.xml (RunModel)" time="0.02" />
  <testcase classname="ptolemy.util.test.junit.AutoTests" name="[20] /home/travis/build/icyphy/ptII/ptolemy/domains/de/test/auto/DepthTest2.xml (RunModel)" time="0.025" />
  <testcase classname="ptolemy.util.test.junit.AutoTests" name="[21] /home/travis/build/icyphy/ptII/ptolemy/domains/de/test/auto/DepthTest3.xml (RunModel)" time="0.011" />
  <testcase classname="ptolemy.util.test.junit.AutoTests" name="[22] /home/travis/build/icyphy/ptII/ptolemy/domains/de/test/auto/DepthTest4.xml (RunModel)" time="0.027" />
  <testcase classname="ptolemy.util.test.junit.AutoTests" name="[23] /home/travis/build/icyphy/ptII/ptolemy/domains/de/test/auto/DepthTest5.xml (RunModel)" time="0.016" />
  <testcase classname="ptolemy.util.test.junit.AutoTests" name="[24] /home/travis/build/icyphy/ptII/ptolemy/domains/de/test/auto/DepthTest6.xml (RunModel)" time="0.013" />
  <testcase classname="ptolemy.util.test.junit.AutoTests" name="[25] /home/travis/build/icyphy/ptII/ptolemy/domains/de/test/auto/DepthTest7.xml (RunModel)" time="0.015" />
  <testcase classname="ptolemy.util.test.junit.AutoTests" name="[26] /home/travis/build/icyphy/ptII/ptolemy/domains/de/test/auto/EventToDate.xml (RunModel)" time="3.054" />
  <testcase classname="ptolemy.util.test.junit.AutoTests" name="[27] /home/travis/build/icyphy/ptII/ptolemy/domains/de/test/auto/FSM1.xml (RunModel)" time="0.038" />
  <testcase classname="ptolemy.util.test.junit.AutoTests" name="[28] /home/travis/build/icyphy/ptII/ptolemy/domains/de/test/auto/FSM7.xml (RunModel)" time="0.056" />
  <testcase classname="ptolemy.util.test.junit.AutoTests" name="[29] /home/travis/build/icyphy/ptII/ptolemy/domains/de/test/auto/Inspection.xml (RunModel)" time="0.046" />
  <testcase classname="ptolemy.util.test.junit.AutoTests" name="[30] /home/travis/build/icyphy/ptII/ptolemy/domains/de/test/auto/Iteration.xml (RunModel)" time="0.024" />
  <testcase classname="ptolemy.util.test.junit.AutoTests" name="[31] /home/travis/build/icyphy/ptII/ptolemy/domains/de/test/auto/LineFault.xml (RunModel)" time="0.632" />
  <testcase classname="ptolemy.util.test.junit.AutoTests" name="[32] /home/travis/build/icyphy/ptII/ptolemy/domains/de/test/auto/MergeModel1Add.xml (RunModel)" time="0.056" />
  <testcase classname="ptolemy.util.test.junit.AutoTests" name="[33] /home/travis/build/icyphy/ptII/ptolemy/domains/de/test/auto/MergeModel2Add.xml (RunModel)" time="0.04" />
  <testcase classname="ptolemy.util.test.junit.AutoTests" name="[34] /home/travis/build/icyphy/ptII/ptolemy/domains/de/test/auto/MergeModel3Add.xml (RunModel)" time="0.051" />
  <testcase classname="ptolemy.util.test.junit.AutoTests" name="[35] /home/travis/build/icyphy/ptII/ptolemy/domains/de/test/auto/MergeWithoutDiscard.xml (RunModel)" time="0.014" />
  <testcase classname="ptolemy.util.test.junit.AutoTests" name="[36] /home/travis/build/icyphy/ptII/ptolemy/domains/de/test/auto/Modal1.xml (RunModel)" time="0.026" />
  <testcase classname="ptolemy.util.test.junit.AutoTests" name="[37] /home/travis/build/icyphy/ptII/ptolemy/domains/de/test/auto/Modal2.xml (RunModel)" time="0.037" />
  <testcase classname="ptolemy.util.test.junit.AutoTests" name="[38] /home/travis/build/icyphy/ptII/ptolemy/domains/de/test/auto/Modal3.xml (RunModel)" time="0.029" />
  <testcase classname="ptolemy.util.test.junit.AutoTests" name="[39] /home/travis/build/icyphy/ptII/ptolemy/domains/de/test/auto/Modal4.xml (RunModel)" time="0.042" />
  <testcase classname="ptolemy.util.test.junit.AutoTests" name="[40] /home/travis/build/icyphy/ptII/ptolemy/domains/de/test/auto/Modal5.xml (RunModel)" time="0.032" />
  <testcase classname="ptolemy.util.test.junit.AutoTests" name="[41] /home/travis/build/icyphy/ptII/ptolemy/domains/de/test/auto/Modal6.xml (RunModel)" time="0.037" />
  <testcase classname="ptolemy.util.test.junit.AutoTests" name="[42] /home/travis/build/icyphy/ptII/ptolemy/domains/de/test/auto/Modal7.xml (RunModel)" time="0.03" />
  <testcase classname="ptolemy.util.test.junit.AutoTests" name="[43] /home/travis/build/icyphy/ptII/ptolemy/domains/de/test/auto/ModalModel.xml (RunModel)" time="0.175" />
  <testcase classname="ptolemy.util.test.junit.AutoTests" name="[44] /home/travis/build/icyphy/ptII/ptolemy/domains/de/test/auto/ModalSource.xml (RunModel)" time="0.028" />
  <testcase classname="ptolemy.util.test.junit.AutoTests" name="[45] /home/travis/build/icyphy/ptII/ptolemy/domains/de/test/auto/NonInterruptibleTimerZeroDelay.xml (RunModel)" time="0.01" />
  <testcase classname="ptolemy.util.test.junit.AutoTests" name="[46] /home/travis/build/icyphy/ptII/ptolemy/domains/de/test/auto/OpenQueueingNetwork.xml (RunModel)" time="2.7" />
  <testcase classname="ptolemy.util.test.junit.AutoTests" name="[47] /home/travis/build/icyphy/ptII/ptolemy/domains/de/test/auto/OpenQueuingNetwork.xml (RunModel)" time="0.311" />
  <testcase classname="ptolemy.util.test.junit.AutoTests" name="[48] /home/travis/build/icyphy/ptII/ptolemy/domains/de/test/auto/PeriodicSampler.xml (RunModel)" time="0.011" />
  <testcase classname="ptolemy.util.test.junit.AutoTests" name="[49] /home/travis/build/icyphy/ptII/ptolemy/domains/de/test/auto/PersistentIO.xml (RunModel)" time="0.023" />
  <testcase classname="ptolemy.util.test.junit.AutoTests" name="[50] /home/travis/build/icyphy/ptII/ptolemy/domains/de/test/auto/PortParameterResetOnInitialize.xml (RunModel)" time="0.01" />
  <testcase classname="ptolemy.util.test.junit.AutoTests" name="[51] /home/travis/build/icyphy/ptII/ptolemy/domains/de/test/auto/PortParameterUpdates.xml (RunModel)" time="0.016" />
  <testcase classname="ptolemy.util.test.junit.AutoTests" name="[52] /home/travis/build/icyphy/ptII/ptolemy/domains/de/test/auto/QueueAndServer.xml (RunModel)" time="0.02" />
  <testcase classname="ptolemy.util.test.junit.AutoTests" name="[53] /home/travis/build/icyphy/ptII/ptolemy/domains/de/test/auto/Records.xml (RunModel)" time="0.018" />
  <testcase classname="ptolemy.util.test.junit.AutoTests" name="[54] /home/travis/build/icyphy/ptII/ptolemy/domains/de/test/auto/ResetTransitionWithStartTime1.xml (RunModel)" time="0.026" />
  <testcase classname="ptolemy.util.test.junit.AutoTests" name="[55] /home/travis/build/icyphy/ptII/ptolemy/domains/de/test/auto/ResetTransitionWithStartTime2.xml (RunModel)" time="0.025" />
  <testcase classname="ptolemy.util.test.junit.AutoTests" name="[56] /home/travis/build/icyphy/ptII/ptolemy/domains/de/test/auto/ResetTransitionWithStartTime3.xml (RunModel)" time="0.021" />
  <testcase classname="ptolemy.util.test.junit.AutoTests" name="[57] /home/travis/build/icyphy/ptII/ptolemy/domains/de/test/auto/ResetTransitionWithStartTime4.xml (RunModel)" time="0.02" />
  <testcase classname="ptolemy.util.test.junit.AutoTests" name="[58] /home/travis/build/icyphy/ptII/ptolemy/domains/de/test/auto/ResettableTimer1.xml (RunModel)" time="0.011" />
  <testcase classname="ptolemy.util.test.junit.AutoTests" name="[59] /home/travis/build/icyphy/ptII/ptolemy/domains/de/test/auto/ResettableTimer2.xml (RunModel)" time="0.011" />
  <testcase classname="ptolemy.util.test.junit.AutoTests" name="[60] /home/travis/build/icyphy/ptII/ptolemy/domains/de/test/auto/ResettableTimer3.xml (RunModel)" time="0.009" />
  <testcase classname="ptolemy.util.test.junit.AutoTests" name="[61] /home/travis/build/icyphy/ptII/ptolemy/domains/de/test/auto/ResettableTimer4.xml (RunModel)" time="0.012" />
  <testcase classname="ptolemy.util.test.junit.AutoTests" name="[62] /home/travis/build/icyphy/ptII/ptolemy/domains/de/test/auto/ResettableTimer5.xml (RunModel)" time="0.01" />
  <testcase classname="ptolemy.util.test.junit.AutoTests" name="[63] /home/travis/build/icyphy/ptII/ptolemy/domains/de/test/auto/ResettableTimer6.xml (RunModel)" time="0.018" />
  <testcase classname="ptolemy.util.test.junit.AutoTests" name="[64] /home/travis/build/icyphy/ptII/ptolemy/domains/de/test/auto/ServerZeroDelay.xml (RunModel)" time="0.01" />
  <testcase classname="ptolemy.util.test.junit.AutoTests" name="[65] /home/travis/build/icyphy/ptII/ptolemy/domains/de/test/auto/SmartSender.xml (RunModel)" time="3.009" />
  <testcase classname="ptolemy.util.test.junit.AutoTests" name="[66] /home/travis/build/icyphy/ptII/ptolemy/domains/de/test/auto/ThreadedComposite.xml (RunModel)" time="0.116" />
  <testcase classname="ptolemy.util.test.junit.AutoTests" name="[67] /home/travis/build/icyphy/ptII/ptolemy/domains/de/test/auto/Time.xml (RunModel)" time="0.435" />
  <testcase classname="ptolemy.util.test.junit.AutoTests" name="[68] /home/travis/build/icyphy/ptII/ptolemy/domains/de/test/auto/TimeDelayZeroDelay.xml (RunModel)" time="0.011" />
  <testcase classname="ptolemy.util.test.junit.AutoTests" name="[69] /home/travis/build/icyphy/ptII/ptolemy/domains/de/test/auto/TimerZeroDelay.xml (RunModel)" time="0.01" />
  <testcase classname="ptolemy.util.test.junit.AutoTests" name="[70] /home/travis/build/icyphy/ptII/ptolemy/domains/de/test/auto/TimingParadox.xml (RunModel)" time="0.382" />
  <testcase classname="ptolemy.util.test.junit.AutoTests" name="[71] /home/travis/build/icyphy/ptII/ptolemy/domains/de/test/auto/TransferInputs.xml (RunModel)" time="0.014" />
  <testcase classname="ptolemy.util.test.junit.AutoTests" name="[72] /home/travis/build/icyphy/ptII/ptolemy/domains/de/test/auto/TransferOutputs2.xml (RunModel)" time="0.017" />
  <testcase classname="ptolemy.util.test.junit.AutoTests" name="[73] /home/travis/build/icyphy/ptII/ptolemy/domains/de/test/auto/Trilateration.xml (RunModel)" time="12.223" />
  <testcase classname="ptolemy.util.test.junit.AutoTests" name="[74] /home/travis/build/icyphy/ptII/ptolemy/domains/de/test/auto/TwoSigmaDelta.xml (RunModel)" time="2.422" />
  <testcase classname="ptolemy.util.test.junit.AutoTests" name="[75] /home/travis/build/icyphy/ptII/ptolemy/domains/de/test/auto/VariableDelay.xml (RunModel)" time="0.023" />
  <testcase classname="ptolemy.util.test.junit.AutoTests" name="[76] /home/travis/build/icyphy/ptII/ptolemy/domains/de/test/auto/VariableDelay2.xml (RunModel)" time="0.01" />
  <testcase classname="ptolemy.util.test.junit.AutoTests" name="[77] /home/travis/build/icyphy/ptII/ptolemy/domains/de/test/auto/VariableDelayZeroDelay.xml (RunModel)" time="0.013" />
  <testcase classname="ptolemy.util.test.junit.AutoTests" name="[78] /home/travis/build/icyphy/ptII/ptolemy/domains/de/test/auto/VariableDelayZeroDelay2.xml (RunModel)" time="0.01" />
  <testcase classname="ptolemy.util.test.junit.AutoTests" name="[79] /home/travis/build/icyphy/ptII/ptolemy/domains/de/test/auto/deInCt.xml (RunModel)" time="0.021" />
  <testcase classname="ptolemy.util.test.junit.AutoTests" name="[80] /home/travis/build/icyphy/ptII/ptolemy/domains/de/test/auto/deInCt2.xml (RunModel)" time="0.017" />
  <testcase classname="ptolemy.util.test.junit.AutoTests" name="[81] /home/travis/build/icyphy/ptII/ptolemy/domains/de/test/auto/dynamicCausalityInterface1.xml (RunModel)" time="0.018" />
  <testcase classname="ptolemy.util.test.junit.AutoTests" name="[82] /home/travis/build/icyphy/ptII/ptolemy/domains/de/test/auto/fsm_de_test.xml (RunModel)" time="0.023" />
  <testcase classname="ptolemy.util.test.junit.AutoTests" name="[83] /home/travis/build/icyphy/ptII/ptolemy/domains/de/test/auto/functionDependencyReconstruction.xml (RunModel)" time="0.029" />
  <testcase classname="ptolemy.util.test.junit.AutoTests" name="[84] /home/travis/build/icyphy/ptII/ptolemy/domains/de/test/auto/multirate.xml (RunModel)" time="0.015" />
  <testcase classname="ptolemy.util.test.junit.AutoTests" name="[85] /home/travis/build/icyphy/ptII/ptolemy/domains/de/test/auto/multirate2.xml (RunModel)" time="0.014" />
  <testcase classname="ptolemy.util.test.junit.AutoTests" name="[86] /home/travis/build/icyphy/ptII/ptolemy/domains/de/test/auto/realtime.xml (RunModel)" time="10.01" />
  <testcase classname="ptolemy.util.test.junit.AutoTests" name="[87] /home/travis/build/icyphy/ptII/ptolemy/domains/de/test/auto/relationGroup.xml (RunModel)" time="0.015" />
  <testcase classname="ptolemy.util.test.junit.AutoTests" name="[88] /home/travis/build/icyphy/ptII/ptolemy/domains/de/test/auto/relationGroup2.xml (RunModel)" time="0.007" />
  <testcase classname="ptolemy.util.test.junit.AutoTests" name="[89] /home/travis/build/icyphy/ptII/ptolemy/domains/de/test/auto/sortWithOpaquePorts.xml (RunModel)" time="0.009" />
  <testcase classname="ptolemy.util.test.junit.AutoTests" name="[90] /home/travis/build/icyphy/ptII/ptolemy/domains/de/test/auto/transferInputsandOutputs.xml (RunModel)" time="0.019" />
  <testcase classname="ptolemy.util.test.junit.AutoTests" name="[91] /home/travis/build/icyphy/ptII/ptolemy/domains/de/test/auto/triggerType.xml (RunModel)" time="0.008" />
  <system-out><![CDATA[/home/travis/build/icyphy/ptII/ptolemy/domains/de/test/DependencyLoop.tcl
testDefs.tcl: setting time out to 9000 seconds at Mon Sep 23 05:41:31 UTC 2019
66 ms. Memory: 120832K Free: 72129K (60%)
41 ms. Memory: 120832K Free: 54707K (45%)
/home/travis/build/icyphy/ptII/ptolemy/domains/de/test/RunDETestsAsQSS.tcl
Run the DE tests using ptolemy.domains.qss.test.QSSDirectorTest, which extends QSSDirector and prints a message in the constructors.
------------------ testing $PTII/ptolemy/domains/de/test/auto/knownFailedTests/DirectFeedback.xml (Known Failure) 
47 ms. Memory: 120832K Free: 48577K (40%)


==== $PTIIhome/travis/build/icyphy/ptII/ptolemy/domains/de/test/../../../../: Auto Automatic test in file $PTII/ptolemy/domains/de/test/auto/knownFailedTests/DirectFeedback.xml
==== Contents of test case:

	    # FIXME: we should use $relativeFilename here, but it
	    # might have backslashes under Windows, which causes no end
	    # of trouble.
	    createAndExecute $file
	    list {}
	
.... Test generated KNOWN error:
    while executing
ptolemy.kernel.util.IllegalActionException: Test fails in iteration 1.
Value was: 1.0. Should have been: 2.0
  in .DirectFeedback.Test
	at ptolemy.actor.lib.Test.fire(Test.java:268)
	at ptolemy.domains.de.kernel.DEDirector._fire(DEDirector.java:1949)
	at ptolemy.domains.de.kernel.DEDirector.fire(DEDirector.java:502)
	at ptolemy.actor.CompositeActor.fire(CompositeActor.java:455)
	at ptolemy.actor.Manager.iterate(Manager.java:851)
	at ptolemy.actor.Manager.execute(Manager.java:369)
	at ptolemy.actor.Manager.run(Manager.java:1263)
	at ptolemy.actor.Manager$PtolemyRunThread.run(Manager.java:1933)

    while executing
ptolemy.kernel.util.IllegalActionException: Test fails in iteration 1.
Value was: 1.0. Should have been: 2.0
  in .DirectFeedback.Test
    while executing
"java::new ptolemy.moml.MoMLSimpleApplication $file
"
    (procedure "createAndExecute" line 2)
    invoked from within
"createAndExecute $file"
    ("uplevel" body line 5)
    invoked from within
"uplevel $contents_of_test"
------------------ testing $PTII/ptolemy/domains/de/test/auto/knownFailedTests/dependencyLoop.xml (Known Failure) 
38 ms. Memory: 120832K Free: 108119K (89%)


==== $PTIIhome/travis/build/icyphy/ptII/ptolemy/domains/de/test/../../../../: Auto Automatic test in file $PTII/ptolemy/domains/de/test/auto/knownFailedTests/dependencyLoop.xml
==== Contents of test case:

	    # FIXME: we should use $relativeFilename here, but it
	    # might have backslashes under Windows, which causes no end
	    # of trouble.
	    createAndExecute $file
	    list {}
	
.... Test generated KNOWN error:
    while executing
ptolemy.kernel.util.IllegalActionException: Found a zero delay loop containing .dependencyLoop.original
  in .dependencyLoop and .dependencyLoop.original
	at ptolemy.actor.util.CausalityInterfaceForComposites._computeOutputPortDepth(CausalityInterfaceForComposites.java:759)
	at ptolemy.actor.util.CausalityInterfaceForComposites._computeInputDepth(CausalityInterfaceForComposites.java:696)
	at ptolemy.actor.util.CausalityInterfaceForComposites._computeOutputPortDepth(CausalityInterfaceForComposites.java:765)
	at ptolemy.actor.util.CausalityInterfaceForComposites._computeInputDepth(CausalityInterfaceForComposites.java:696)
	at ptolemy.actor.util.CausalityInterfaceForComposites._computeOutputPortDepth(CausalityInterfaceForComposites.java:765)
	at ptolemy.actor.util.CausalityInterfaceForComposites._computeInputDepth(CausalityInterfaceForComposites.java:696)
	at ptolemy.actor.util.CausalityInterfaceForComposites._computeActorDepth(CausalityInterfaceForComposites.java:532)
	at ptolemy.actor.util.CausalityInterfaceForComposites.checkForCycles(CausalityInterfaceForComposites.java:96)
	at ptolemy.domains.de.kernel.DEDirector.preinitialize(DEDirector.java:1338)
	at ptolemy.actor.CompositeActor.preinitialize(CompositeActor.java:1828)
	at ptolemy.actor.Manager.preinitializeAndResolveTypes(Manager.java:1040)
	at ptolemy.actor.Manager.initialize(Manager.java:710)
	at ptolemy.actor.Manager.execute(Manager.java:356)
	at ptolemy.actor.Manager.run(Manager.java:1263)
	at ptolemy.actor.Manager$PtolemyRunThread.run(Manager.java:1933)

    while executing
ptolemy.kernel.util.IllegalActionException: Found a zero delay loop containing .dependencyLoop.original
  in .dependencyLoop and .dependencyLoop.original
    while executing
"java::new ptolemy.moml.MoMLSimpleApplication $file
"
    (procedure "createAndExecute" line 2)
    invoked from within
"createAndExecute $file"
    ("uplevel" body line 5)
    invoked from within
"uplevel $contents_of_test"
------------------ testing $PTII/ptolemy/domains/de/test/auto/knownFailedTests/FSMSource.xml (Known Failure) 
71 ms. Memory: 120832K Free: 98978K (82%)
!!!! Auto was marked as failing, but now passes
------------------ testing $PTII/ptolemy/domains/de/test/auto/knownFailedTests/HierarchicalModel.xml (Known Failure) 
5 ms. Memory: 120832K Free: 81547K (67%)


==== $PTIIhome/travis/build/icyphy/ptII/ptolemy/domains/de/test/../../../../: Auto Automatic test in file $PTII/ptolemy/domains/de/test/auto/knownFailedTests/HierarchicalModel.xml
==== Contents of test case:

	    # FIXME: we should use $relativeFilename here, but it
	    # might have backslashes under Windows, which causes no end
	    # of trouble.
	    createAndExecute $file
	    list {}
	
.... Test generated KNOWN error:
    while executing
ptolemy.kernel.util.IllegalActionException: Found a zero delay loop containing .HierarchicalModel.A
  in .HierarchicalModel and .HierarchicalModel.A
	at ptolemy.actor.util.CausalityInterfaceForComposites._computeOutputPortDepth(CausalityInterfaceForComposites.java:759)
	at ptolemy.actor.util.CausalityInterfaceForComposites._computeInputDepth(CausalityInterfaceForComposites.java:696)
	at ptolemy.actor.util.CausalityInterfaceForComposites._computeOutputPortDepth(CausalityInterfaceForComposites.java:765)
	at ptolemy.actor.util.CausalityInterfaceForComposites._computeInputDepth(CausalityInterfaceForComposites.java:696)
	at ptolemy.actor.util.CausalityInterfaceForComposites._computeOutputPortDepth(CausalityInterfaceForComposites.java:765)
	at ptolemy.actor.util.CausalityInterfaceForComposites._computeInputDepth(CausalityInterfaceForComposites.java:696)
	at ptolemy.actor.util.CausalityInterfaceForComposites._computeActorDepth(CausalityInterfaceForComposites.java:532)
	at ptolemy.actor.util.CausalityInterfaceForComposites.checkForCycles(CausalityInterfaceForComposites.java:96)
	at ptolemy.domains.de.kernel.DEDirector.preinitialize(DEDirector.java:1338)
	at ptolemy.actor.CompositeActor.preinitialize(CompositeActor.java:1828)
	at ptolemy.actor.Manager.preinitializeAndResolveTypes(Manager.java:1040)
	at ptolemy.actor.Manager.initialize(Manager.java:710)
	at ptolemy.actor.Manager.execute(Manager.java:356)
	at ptolemy.actor.Manager.run(Manager.java:1263)
	at ptolemy.actor.Manager$PtolemyRunThread.run(Manager.java:1933)

    while executing
ptolemy.kernel.util.IllegalActionException: Found a zero delay loop containing .HierarchicalModel.A
  in .HierarchicalModel and .HierarchicalModel.A
    while executing
"java::new ptolemy.moml.MoMLSimpleApplication $file
"
    (procedure "createAndExecute" line 2)
    invoked from within
"createAndExecute $file"
    ("uplevel" body line 5)
    invoked from within
"uplevel $contents_of_test"
------------------ testing $PTII/ptolemy/domains/de/test/auto/knownFailedTests/dependencyLoop2.xml (Known Failure) 
25 ms. Memory: 120832K Free: 106498K (88%)


==== $PTIIhome/travis/build/icyphy/ptII/ptolemy/domains/de/test/../../../../: Auto Automatic test in file $PTII/ptolemy/domains/de/test/auto/knownFailedTests/dependencyLoop2.xml
==== Contents of test case:

	    # FIXME: we should use $relativeFilename here, but it
	    # might have backslashes under Windows, which causes no end
	    # of trouble.
	    createAndExecute $file
	    list {}
	
.... Test generated KNOWN error:
    while executing
ptolemy.kernel.util.IllegalActionException: Found a zero delay loop containing .dependencyLoop2.original
  in .dependencyLoop2 and .dependencyLoop2.original
	at ptolemy.actor.util.CausalityInterfaceForComposites._computeOutputPortDepth(CausalityInterfaceForComposites.java:759)
	at ptolemy.actor.util.CausalityInterfaceForComposites._computeInputDepth(CausalityInterfaceForComposites.java:696)
	at ptolemy.actor.util.CausalityInterfaceForComposites._computeOutputPortDepth(CausalityInterfaceForComposites.java:765)
	at ptolemy.actor.util.CausalityInterfaceForComposites._computeInputDepth(CausalityInterfaceForComposites.java:696)
	at ptolemy.actor.util.CausalityInterfaceForComposites._computeOutputPortDepth(CausalityInterfaceForComposites.java:765)
	at ptolemy.actor.util.CausalityInterfaceForComposites._computeInputDepth(CausalityInterfaceForComposites.java:696)
	at ptolemy.actor.util.CausalityInterfaceForComposites._computeActorDepth(CausalityInterfaceForComposites.java:532)
	at ptolemy.actor.util.CausalityInterfaceForComposites.checkForCycles(CausalityInterfaceForComposites.java:96)
	at ptolemy.domains.de.kernel.DEDirector.preinitialize(DEDirector.java:1338)
	at ptolemy.actor.CompositeActor.preinitialize(CompositeActor.java:1828)
	at ptolemy.actor.Manager.preinitializeAndResolveTypes(Manager.java:1040)
	at ptolemy.actor.Manager.initialize(Manager.java:710)
	at ptolemy.actor.Manager.execute(Manager.java:356)
	at ptolemy.actor.Manager.run(Manager.java:1263)
	at ptolemy.actor.Manager$PtolemyRunThread.run(Manager.java:1933)

    while executing
ptolemy.kernel.util.IllegalActionException: Found a zero delay loop containing .dependencyLoop2.original
  in .dependencyLoop2 and .dependencyLoop2.original
    while executing
"java::new ptolemy.moml.MoMLSimpleApplication $file
"
    (procedure "createAndExecute" line 2)
    invoked from within
"createAndExecute $file"
    ("uplevel" body line 5)
    invoked from within
"uplevel $contents_of_test"
------------------ testing $PTII/ptolemy/domains/de/test/auto/knownFailedTests/DESDFClockTest.xml (Known Failure) 
2056 ms. Memory: 120832K Free: 93319K (77%)


==== $PTIIhome/travis/build/icyphy/ptII/ptolemy/domains/de/test/../../../../: Auto Automatic test in file $PTII/ptolemy/domains/de/test/auto/knownFailedTests/DESDFClockTest.xml
==== Contents of test case:

	    # FIXME: we should use $relativeFilename here, but it
	    # might have backslashes under Windows, which causes no end
	    # of trouble.
	    createAndExecute $file
	    list {}
	
.... Test generated KNOWN error:
    while executing
ptolemy.kernel.util.IllegalActionException: Actor is not ready to fire.  Perhaps UpSample.prefire() returned false? Try debugging the actor by selecting "Listen to Actor".  Also, for SDF check moml for tokenConsumptionRate on input.
  in .DESDFClockTest.Play Bell.Copy1:SDF Director and .DESDFClockTest.Play Bell.UpSample
	at ptolemy.actor.sched.StaticSchedulingDirector.fire(StaticSchedulingDirector.java:227)
	at ptolemy.domains.sdf.kernel.SDFDirector.fire(SDFDirector.java:500)
	at ptolemy.actor.CompositeActor.fire(CompositeActor.java:455)
	at ptolemy.domains.de.kernel.DEDirector._fire(DEDirector.java:1949)
	at ptolemy.domains.de.kernel.DEDirector.fire(DEDirector.java:502)
	at ptolemy.actor.CompositeActor.fire(CompositeActor.java:455)
	at ptolemy.actor.Manager.iterate(Manager.java:851)
	at ptolemy.actor.Manager.execute(Manager.java:369)
	at ptolemy.actor.Manager.run(Manager.java:1263)
	at ptolemy.actor.Manager$PtolemyRunThread.run(Manager.java:1933)

    while executing
ptolemy.kernel.util.IllegalActionException: Actor is not ready to fire.  Perhaps UpSample.prefire() returned false? Try debugging the actor by selecting "Listen to Actor".  Also, for SDF check moml for tokenConsumptionRate on input.
  in .DESDFClockTest.Play Bell.Copy1:SDF Director and .DESDFClockTest.Play Bell.UpSample
    while executing
"java::new ptolemy.moml.MoMLSimpleApplication $file
"
    (procedure "createAndExecute" line 2)
    invoked from within
"createAndExecute $file"
    ("uplevel" body line 5)
    invoked from within
"uplevel $contents_of_test"
------------------ testing $PTII/ptolemy/domains/de/test/auto/ActorDepthCalculation_actorWithoutPorts.xml
auto.tcl: Setting watchdog for 200 seconds at Mon Sep 23 05:41:35 UTC 2019
4 ms. Memory: 120832K Free: 86105K (71%)
ptolemy.util.test.WatchDog.cancel(): canceling Mon Sep 23 05:41:35 UTC 2019
auto.tcl: Setting watchdog for 200 seconds at Mon Sep 23 05:41:35 UTC 2019
8 ms. Memory: 120832K Free: 84815K (70%)
ptolemy.util.test.WatchDog.cancel(): canceling Mon Sep 23 05:41:35 UTC 2019
------------------ testing $PTII/ptolemy/domains/de/test/auto/AssemblyLine.xml
auto.tcl: Setting watchdog for 200 seconds at Mon Sep 23 05:41:35 UTC 2019
11 ms. Memory: 48128K Free: 26034K (54%)
ptolemy.util.test.WatchDog.cancel(): canceling Mon Sep 23 05:41:35 UTC 2019
auto.tcl: Setting watchdog for 200 seconds at Mon Sep 23 05:41:35 UTC 2019
10 ms. Memory: 48128K Free: 25315K (53%)
ptolemy.util.test.WatchDog.cancel(): canceling Mon Sep 23 05:41:35 UTC 2019
------------------ testing $PTII/ptolemy/domains/de/test/auto/CQBug1.xml
auto.tcl: Setting watchdog for 200 seconds at Mon Sep 23 05:41:35 UTC 2019
2 ms. Memory: 48128K Free: 31496K (65%)
ptolemy.util.test.WatchDog.cancel(): canceling Mon Sep 23 05:41:35 UTC 2019
auto.tcl: Setting watchdog for 200 seconds at Mon Sep 23 05:41:35 UTC 2019
2 ms. Memory: 48128K Free: 31066K (65%)
ptolemy.util.test.WatchDog.cancel(): canceling Mon Sep 23 05:41:35 UTC 2019
------------------ testing $PTII/ptolemy/domains/de/test/auto/CancelFireAt.xml
auto.tcl: Setting watchdog for 200 seconds at Mon Sep 23 05:41:35 UTC 2019
5 ms. Memory: 45056K Free: 29626K (66%)
ptolemy.util.test.WatchDog.cancel(): canceling Mon Sep 23 05:41:35 UTC 2019
auto.tcl: Setting watchdog for 200 seconds at Mon Sep 23 05:41:35 UTC 2019
2 ms. Memory: 45056K Free: 29195K (65%)
ptolemy.util.test.WatchDog.cancel(): canceling Mon Sep 23 05:41:35 UTC 2019
------------------ testing $PTII/ptolemy/domains/de/test/auto/CausalityAndComposabilityAnalysis.xml
auto.tcl: Setting watchdog for 200 seconds at Mon Sep 23 05:41:36 UTC 2019
11 ms. Memory: 45056K Free: 27920K (62%)
ptolemy.util.test.WatchDog.cancel(): canceling Mon Sep 23 05:41:36 UTC 2019
auto.tcl: Setting watchdog for 200 seconds at Mon Sep 23 05:41:36 UTC 2019
5 ms. Memory: 45056K Free: 27091K (60%)
ptolemy.util.test.WatchDog.cancel(): canceling Mon Sep 23 05:41:36 UTC 2019
------------------ testing $PTII/ptolemy/domains/de/test/auto/CausalityInterface1.xml
auto.tcl: Setting watchdog for 200 seconds at Mon Sep 23 05:41:36 UTC 2019
41 ms. Memory: 45056K Free: 26363K (59%)
ptolemy.util.test.WatchDog.cancel(): canceling Mon Sep 23 05:41:36 UTC 2019
auto.tcl: Setting watchdog for 200 seconds at Mon Sep 23 05:41:36 UTC 2019
5 ms. Memory: 45056K Free: 25382K (56%)
ptolemy.util.test.WatchDog.cancel(): canceling Mon Sep 23 05:41:36 UTC 2019
------------------ testing $PTII/ptolemy/domains/de/test/auto/CausalityInterface15.xml
auto.tcl: Setting watchdog for 200 seconds at Mon Sep 23 05:41:36 UTC 2019
11 ms. Memory: 45056K Free: 26037K (58%)
ptolemy.util.test.WatchDog.cancel(): canceling Mon Sep 23 05:41:36 UTC 2019
auto.tcl: Setting watchdog for 200 seconds at Mon Sep 23 05:41:36 UTC 2019
5 ms. Memory: 45056K Free: 25350K (56%)
ptolemy.util.test.WatchDog.cancel(): canceling Mon Sep 23 05:41:36 UTC 2019
------------------ testing $PTII/ptolemy/domains/de/test/auto/CausalityInterface2.xml
auto.tcl: Setting watchdog for 200 seconds at Mon Sep 23 05:41:36 UTC 2019
5 ms. Memory: 45056K Free: 26995K (60%)
ptolemy.util.test.WatchDog.cancel(): canceling Mon Sep 23 05:41:36 UTC 2019
auto.tcl: Setting watchdog for 200 seconds at Mon Sep 23 05:41:36 UTC 2019
3 ms. Memory: 45056K Free: 26253K (58%)
ptolemy.util.test.WatchDog.cancel(): canceling Mon Sep 23 05:41:36 UTC 2019
------------------ testing $PTII/ptolemy/domains/de/test/auto/CausalityInterface3.xml
auto.tcl: Setting watchdog for 200 seconds at Mon Sep 23 05:41:36 UTC 2019
5 ms. Memory: 45056K Free: 26456K (59%)
ptolemy.util.test.WatchDog.cancel(): canceling Mon Sep 23 05:41:36 UTC 2019
auto.tcl: Setting watchdog for 200 seconds at Mon Sep 23 05:41:36 UTC 2019
6 ms. Memory: 45056K Free: 25659K (57%)
ptolemy.util.test.WatchDog.cancel(): canceling Mon Sep 23 05:41:36 UTC 2019
------------------ testing $PTII/ptolemy/domains/de/test/auto/ClockDrift.xml
auto.tcl: Setting watchdog for 200 seconds at Mon Sep 23 05:41:36 UTC 2019
91 ms. Memory: 45056K Free: 19051K (42%)
ptolemy.util.test.WatchDog.cancel(): canceling Mon Sep 23 05:41:36 UTC 2019
auto.tcl: Setting watchdog for 200 seconds at Mon Sep 23 05:41:36 UTC 2019
50 ms. Memory: 45056K Free: 16033K (36%)
ptolemy.util.test.WatchDog.cancel(): canceling Mon Sep 23 05:41:36 UTC 2019
------------------ testing $PTII/ptolemy/domains/de/test/auto/ClockDriftAndValueChange.xml
auto.tcl: Setting watchdog for 200 seconds at Mon Sep 23 05:41:36 UTC 2019
55 ms. Memory: 45056K Free: 19128K (42%)
ptolemy.util.test.WatchDog.cancel(): canceling Mon Sep 23 05:41:36 UTC 2019
auto.tcl: Setting watchdog for 200 seconds at Mon Sep 23 05:41:36 UTC 2019
38 ms. Memory: 45056K Free: 16273K (36%)
ptolemy.util.test.WatchDog.cancel(): canceling Mon Sep 23 05:41:36 UTC 2019
------------------ testing $PTII/ptolemy/domains/de/test/auto/ClockDriftChange.xml
auto.tcl: Setting watchdog for 200 seconds at Mon Sep 23 05:41:37 UTC 2019
25 ms. Memory: 45056K Free: 21166K (47%)
ptolemy.util.test.WatchDog.cancel(): canceling Mon Sep 23 05:41:37 UTC 2019
auto.tcl: Setting watchdog for 200 seconds at Mon Sep 23 05:41:37 UTC 2019
19 ms. Memory: 45056K Free: 18609K (41%)
ptolemy.util.test.WatchDog.cancel(): canceling Mon Sep 23 05:41:37 UTC 2019
------------------ testing $PTII/ptolemy/domains/de/test/auto/ComposableCausalityAnalysis.xml
auto.tcl: Setting watchdog for 200 seconds at Mon Sep 23 05:41:37 UTC 2019
2 ms. Memory: 45056K Free: 25740K (57%)
ptolemy.util.test.WatchDog.cancel(): canceling Mon Sep 23 05:41:37 UTC 2019
auto.tcl: Setting watchdog for 200 seconds at Mon Sep 23 05:41:37 UTC 2019
1 ms. Memory: 45056K Free: 24504K (54%)
ptolemy.util.test.WatchDog.cancel(): canceling Mon Sep 23 05:41:37 UTC 2019
------------------ testing $PTII/ptolemy/domains/de/test/auto/DEFixedPointLimitation.xml
auto.tcl: Setting watchdog for 200 seconds at Mon Sep 23 05:41:37 UTC 2019
5 ms. Memory: 45056K Free: 27129K (60%)
ptolemy.util.test.WatchDog.cancel(): canceling Mon Sep 23 05:41:37 UTC 2019
auto.tcl: Setting watchdog for 200 seconds at Mon Sep 23 05:41:37 UTC 2019
2 ms. Memory: 45056K Free: 26252K (58%)
ptolemy.util.test.WatchDog.cancel(): canceling Mon Sep 23 05:41:37 UTC 2019
------------------ testing $PTII/ptolemy/domains/de/test/auto/DEScheduleTest.xml
auto.tcl: Setting watchdog for 200 seconds at Mon Sep 23 05:41:37 UTC 2019
11 ms. Memory: 45056K Free: 27393K (61%)
ptolemy.util.test.WatchDog.cancel(): canceling Mon Sep 23 05:41:37 UTC 2019
auto.tcl: Setting watchdog for 200 seconds at Mon Sep 23 05:41:37 UTC 2019
3 ms. Memory: 45056K Free: 26666K (59%)
ptolemy.util.test.WatchDog.cancel(): canceling Mon Sep 23 05:41:37 UTC 2019
------------------ testing $PTII/ptolemy/domains/de/test/auto/DEinDEwithStartTimes.xml
auto.tcl: Setting watchdog for 200 seconds at Mon Sep 23 05:41:37 UTC 2019
5 ms. Memory: 45056K Free: 25667K (57%)
ptolemy.util.test.WatchDog.cancel(): canceling Mon Sep 23 05:41:37 UTC 2019
auto.tcl: Setting watchdog for 200 seconds at Mon Sep 23 05:41:37 UTC 2019
4 ms. Memory: 45056K Free: 24568K (55%)
ptolemy.util.test.WatchDog.cancel(): canceling Mon Sep 23 05:41:37 UTC 2019
------------------ testing $PTII/ptolemy/domains/de/test/auto/DEinDEwithStartTimes2.xml
auto.tcl: Setting watchdog for 200 seconds at Mon Sep 23 05:41:37 UTC 2019
8 ms. Memory: 45056K Free: 24897K (55%)
ptolemy.util.test.WatchDog.cancel(): canceling Mon Sep 23 05:41:37 UTC 2019
auto.tcl: Setting watchdog for 200 seconds at Mon Sep 23 05:41:37 UTC 2019
4 ms. Memory: 45056K Free: 23521K (52%)
ptolemy.util.test.WatchDog.cancel(): canceling Mon Sep 23 05:41:37 UTC 2019
------------------ testing $PTII/ptolemy/domains/de/test/auto/DateDemo.xml
auto.tcl: Setting watchdog for 200 seconds at Mon Sep 23 05:41:37 UTC 2019
21 ms. Memory: 45056K Free: 19174K (43%)
ptolemy.util.test.WatchDog.cancel(): canceling Mon Sep 23 05:41:37 UTC 2019
auto.tcl: Setting watchdog for 200 seconds at Mon Sep 23 05:41:37 UTC 2019
5 ms. Memory: 45056K Free: 17650K (39%)
ptolemy.util.test.WatchDog.cancel(): canceling Mon Sep 23 05:41:37 UTC 2019
------------------ testing $PTII/ptolemy/domains/de/test/auto/DateToEvent.xml
auto.tcl: Setting watchdog for 200 seconds at Mon Sep 23 05:41:37 UTC 2019
2017 ms. Memory: 45056K Free: 15086K (33%)
ptolemy.util.test.WatchDog.cancel(): canceling Mon Sep 23 05:41:39 UTC 2019
auto.tcl: Setting watchdog for 200 seconds at Mon Sep 23 05:41:39 UTC 2019
2004 ms. Memory: 45056K Free: 14117K (31%)
ptolemy.util.test.WatchDog.cancel(): canceling Mon Sep 23 05:41:41 UTC 2019
------------------ testing $PTII/ptolemy/domains/de/test/auto/DepthTest1.xml
auto.tcl: Setting watchdog for 200 seconds at Mon Sep 23 05:41:41 UTC 2019
7 ms. Memory: 45056K Free: 28391K (63%)
ptolemy.util.test.WatchDog.cancel(): canceling Mon Sep 23 05:41:41 UTC 2019
auto.tcl: Setting watchdog for 200 seconds at Mon Sep 23 05:41:41 UTC 2019
2 ms. Memory: 45056K Free: 27831K (62%)
ptolemy.util.test.WatchDog.cancel(): canceling Mon Sep 23 05:41:41 UTC 2019
------------------ testing $PTII/ptolemy/domains/de/test/auto/DepthTest2.xml
auto.tcl: Setting watchdog for 200 seconds at Mon Sep 23 05:41:41 UTC 2019
6 ms. Memory: 45056K Free: 25042K (56%)
ptolemy.util.test.WatchDog.cancel(): canceling Mon Sep 23 05:41:41 UTC 2019
auto.tcl: Setting watchdog for 200 seconds at Mon Sep 23 05:41:41 UTC 2019
2 ms. Memory: 45056K Free: 24639K (55%)
ptolemy.util.test.WatchDog.cancel(): canceling Mon Sep 23 05:41:41 UTC 2019
------------------ testing $PTII/ptolemy/domains/de/test/auto/DepthTest3.xml
auto.tcl: Setting watchdog for 200 seconds at Mon Sep 23 05:41:41 UTC 2019
5 ms. Memory: 45056K Free: 28561K (63%)
ptolemy.util.test.WatchDog.cancel(): canceling Mon Sep 23 05:41:41 UTC 2019
auto.tcl: Setting watchdog for 200 seconds at Mon Sep 23 05:41:41 UTC 2019
2 ms. Memory: 45056K Free: 28171K (63%)
ptolemy.util.test.WatchDog.cancel(): canceling Mon Sep 23 05:41:41 UTC 2019
------------------ testing $PTII/ptolemy/domains/de/test/auto/DepthTest4.xml
auto.tcl: Setting watchdog for 200 seconds at Mon Sep 23 05:41:42 UTC 2019
11 ms. Memory: 45056K Free: 26919K (60%)
ptolemy.util.test.WatchDog.cancel(): canceling Mon Sep 23 05:41:42 UTC 2019
auto.tcl: Setting watchdog for 200 seconds at Mon Sep 23 05:41:42 UTC 2019
2 ms. Memory: 45056K Free: 26185K (58%)
ptolemy.util.test.WatchDog.cancel(): canceling Mon Sep 23 05:41:42 UTC 2019
------------------ testing $PTII/ptolemy/domains/de/test/auto/DepthTest5.xml
auto.tcl: Setting watchdog for 200 seconds at Mon Sep 23 05:41:42 UTC 2019
4 ms. Memory: 45056K Free: 26072K (58%)
ptolemy.util.test.WatchDog.cancel(): canceling Mon Sep 23 05:41:42 UTC 2019
auto.tcl: Setting watchdog for 200 seconds at Mon Sep 23 05:41:42 UTC 2019
4 ms. Memory: 45056K Free: 25693K (57%)
ptolemy.util.test.WatchDog.cancel(): canceling Mon Sep 23 05:41:42 UTC 2019
------------------ testing $PTII/ptolemy/domains/de/test/auto/DepthTest6.xml
auto.tcl: Setting watchdog for 200 seconds at Mon Sep 23 05:41:42 UTC 2019
4 ms. Memory: 45056K Free: 26050K (58%)
ptolemy.util.test.WatchDog.cancel(): canceling Mon Sep 23 05:41:42 UTC 2019
auto.tcl: Setting watchdog for 200 seconds at Mon Sep 23 05:41:42 UTC 2019
3 ms. Memory: 45056K Free: 25646K (57%)
ptolemy.util.test.WatchDog.cancel(): canceling Mon Sep 23 05:41:42 UTC 2019
------------------ testing $PTII/ptolemy/domains/de/test/auto/DepthTest7.xml
auto.tcl: Setting watchdog for 200 seconds at Mon Sep 23 05:41:42 UTC 2019
2 ms. Memory: 45056K Free: 26843K (60%)
ptolemy.util.test.WatchDog.cancel(): canceling Mon Sep 23 05:41:42 UTC 2019
auto.tcl: Setting watchdog for 200 seconds at Mon Sep 23 05:41:42 UTC 2019
2 ms. Memory: 45056K Free: 26101K (58%)
ptolemy.util.test.WatchDog.cancel(): canceling Mon Sep 23 05:41:42 UTC 2019
------------------ testing $PTII/ptolemy/domains/de/test/auto/EventToDate.xml
auto.tcl: Setting watchdog for 200 seconds at Mon Sep 23 05:41:42 UTC 2019
3009 ms. Memory: 45056K Free: 17650K (39%)
ptolemy.util.test.WatchDog.cancel(): canceling Mon Sep 23 05:41:45 UTC 2019
auto.tcl: Setting watchdog for 200 seconds at Mon Sep 23 05:41:45 UTC 2019
3004 ms. Memory: 45056K Free: 16944K (38%)
ptolemy.util.test.WatchDog.cancel(): canceling Mon Sep 23 05:41:48 UTC 2019
------------------ testing $PTII/ptolemy/domains/de/test/auto/FSM1.xml
auto.tcl: Setting watchdog for 200 seconds at Mon Sep 23 05:41:48 UTC 2019
40 ms. Memory: 45056K Free: 18848K (42%)
ptolemy.util.test.WatchDog.cancel(): canceling Mon Sep 23 05:41:48 UTC 2019
auto.tcl: Setting watchdog for 200 seconds at Mon Sep 23 05:41:48 UTC 2019
34 ms. Memory: 45056K Free: 15598K (35%)
ptolemy.util.test.WatchDog.cancel(): canceling Mon Sep 23 05:41:48 UTC 2019
------------------ testing $PTII/ptolemy/domains/de/test/auto/FSM7.xml
auto.tcl: Setting watchdog for 200 seconds at Mon Sep 23 05:41:48 UTC 2019
19 ms. Memory: 45056K Free: 18555K (41%)
ptolemy.util.test.WatchDog.cancel(): canceling Mon Sep 23 05:41:48 UTC 2019
auto.tcl: Setting watchdog for 200 seconds at Mon Sep 23 05:41:48 UTC 2019
18 ms. Memory: 45056K Free: 15170K (34%)
ptolemy.util.test.WatchDog.cancel(): canceling Mon Sep 23 05:41:48 UTC 2019
------------------ testing $PTII/ptolemy/domains/de/test/auto/Inspection.xml
auto.tcl: Setting watchdog for 200 seconds at Mon Sep 23 05:41:48 UTC 2019
46 ms. Memory: 45056K Free: 18605K (41%)
ptolemy.util.test.WatchDog.cancel(): canceling Mon Sep 23 05:41:48 UTC 2019
auto.tcl: Setting watchdog for 200 seconds at Mon Sep 23 05:41:48 UTC 2019
37 ms. Memory: 45056K Free: 16854K (37%)
ptolemy.util.test.WatchDog.cancel(): canceling Mon Sep 23 05:41:48 UTC 2019
------------------ testing $PTII/ptolemy/domains/de/test/auto/Iteration.xml
auto.tcl: Setting watchdog for 200 seconds at Mon Sep 23 05:41:48 UTC 2019
7 ms. Memory: 45056K Free: 24354K (54%)
ptolemy.util.test.WatchDog.cancel(): canceling Mon Sep 23 05:41:48 UTC 2019
auto.tcl: Setting watchdog for 200 seconds at Mon Sep 23 05:41:48 UTC 2019
7 ms. Memory: 45056K Free: 22893K (51%)
ptolemy.util.test.WatchDog.cancel(): canceling Mon Sep 23 05:41:48 UTC 2019
------------------ testing $PTII/ptolemy/domains/de/test/auto/LineFault.xml
auto.tcl: Setting watchdog for 200 seconds at Mon Sep 23 05:41:49 UTC 2019
681 ms. Memory: 45056K Free: 12295K (27%)
ptolemy.util.test.WatchDog.cancel(): canceling Mon Sep 23 05:41:49 UTC 2019
auto.tcl: Setting watchdog for 200 seconds at Mon Sep 23 05:41:49 UTC 2019
587 ms. Memory: 54272K Free: 25816K (48%)
ptolemy.util.test.WatchDog.cancel(): canceling Mon Sep 23 05:41:50 UTC 2019
------------------ testing $PTII/ptolemy/domains/de/test/auto/MergeModel1Add.xml
auto.tcl: Setting watchdog for 200 seconds at Mon Sep 23 05:41:50 UTC 2019
30 ms. Memory: 51200K Free: 16438K (32%)
ptolemy.util.test.WatchDog.cancel(): canceling Mon Sep 23 05:41:50 UTC 2019
auto.tcl: Setting watchdog for 200 seconds at Mon Sep 23 05:41:50 UTC 2019
14 ms. Memory: 51200K Free: 14819K (29%)
ptolemy.util.test.WatchDog.cancel(): canceling Mon Sep 23 05:41:50 UTC 2019
------------------ testing $PTII/ptolemy/domains/de/test/auto/MergeModel2Add.xml
auto.tcl: Setting watchdog for 200 seconds at Mon Sep 23 05:41:50 UTC 2019
7 ms. Memory: 51200K Free: 18245K (36%)
ptolemy.util.test.WatchDog.cancel(): canceling Mon Sep 23 05:41:50 UTC 2019
auto.tcl: Setting watchdog for 200 seconds at Mon Sep 23 05:41:50 UTC 2019
8 ms. Memory: 51200K Free: 16525K (32%)
ptolemy.util.test.WatchDog.cancel(): canceling Mon Sep 23 05:41:50 UTC 2019
------------------ testing $PTII/ptolemy/domains/de/test/auto/MergeModel3Add.xml
auto.tcl: Setting watchdog for 200 seconds at Mon Sep 23 05:41:50 UTC 2019
7 ms. Memory: 51200K Free: 18492K (36%)
ptolemy.util.test.WatchDog.cancel(): canceling Mon Sep 23 05:41:50 UTC 2019
auto.tcl: Setting watchdog for 200 seconds at Mon Sep 23 05:41:50 UTC 2019
6 ms. Memory: 51200K Free: 16955K (33%)
ptolemy.util.test.WatchDog.cancel(): canceling Mon Sep 23 05:41:50 UTC 2019
------------------ testing $PTII/ptolemy/domains/de/test/auto/MergeWithoutDiscard.xml
auto.tcl: Setting watchdog for 200 seconds at Mon Sep 23 05:41:51 UTC 2019
2 ms. Memory: 48128K Free: 30008K (62%)
ptolemy.util.test.WatchDog.cancel(): canceling Mon Sep 23 05:41:51 UTC 2019
auto.tcl: Setting watchdog for 200 seconds at Mon Sep 23 05:41:51 UTC 2019
1 ms. Memory: 48128K Free: 29594K (61%)
ptolemy.util.test.WatchDog.cancel(): canceling Mon Sep 23 05:41:51 UTC 2019
------------------ testing $PTII/ptolemy/domains/de/test/auto/Modal1.xml
auto.tcl: Setting watchdog for 200 seconds at Mon Sep 23 05:41:51 UTC 2019
20 ms. Memory: 48128K Free: 21937K (46%)
ptolemy.util.test.WatchDog.cancel(): canceling Mon Sep 23 05:41:51 UTC 2019
auto.tcl: Setting watchdog for 200 seconds at Mon Sep 23 05:41:51 UTC 2019
26 ms. Memory: 48128K Free: 18503K (38%)
ptolemy.util.test.WatchDog.cancel(): canceling Mon Sep 23 05:41:51 UTC 2019
------------------ testing $PTII/ptolemy/domains/de/test/auto/Modal2.xml
auto.tcl: Setting watchdog for 200 seconds at Mon Sep 23 05:41:51 UTC 2019
16 ms. Memory: 48128K Free: 22033K (46%)
ptolemy.util.test.WatchDog.cancel(): canceling Mon Sep 23 05:41:51 UTC 2019
auto.tcl: Setting watchdog for 200 seconds at Mon Sep 23 05:41:51 UTC 2019
14 ms. Memory: 48128K Free: 18793K (39%)
ptolemy.util.test.WatchDog.cancel(): canceling Mon Sep 23 05:41:51 UTC 2019
------------------ testing $PTII/ptolemy/domains/de/test/auto/Modal3.xml
auto.tcl: Setting watchdog for 200 seconds at Mon Sep 23 05:41:51 UTC 2019
16 ms. Memory: 48128K Free: 22001K (46%)
ptolemy.util.test.WatchDog.cancel(): canceling Mon Sep 23 05:41:51 UTC 2019
auto.tcl: Setting watchdog for 200 seconds at Mon Sep 23 05:41:51 UTC 2019
14 ms. Memory: 48128K Free: 18439K (38%)
ptolemy.util.test.WatchDog.cancel(): canceling Mon Sep 23 05:41:51 UTC 2019
------------------ testing $PTII/ptolemy/domains/de/test/auto/Modal4.xml
auto.tcl: Setting watchdog for 200 seconds at Mon Sep 23 05:41:51 UTC 2019
13 ms. Memory: 48128K Free: 21004K (44%)
ptolemy.util.test.WatchDog.cancel(): canceling Mon Sep 23 05:41:51 UTC 2019
auto.tcl: Setting watchdog for 200 seconds at Mon Sep 23 05:41:51 UTC 2019
15 ms. Memory: 48128K Free: 17136K (36%)
ptolemy.util.test.WatchDog.cancel(): canceling Mon Sep 23 05:41:51 UTC 2019
------------------ testing $PTII/ptolemy/domains/de/test/auto/Modal5.xml
auto.tcl: Setting watchdog for 200 seconds at Mon Sep 23 05:41:51 UTC 2019
15 ms. Memory: 48128K Free: 20987K (44%)
ptolemy.util.test.WatchDog.cancel(): canceling Mon Sep 23 05:41:51 UTC 2019
auto.tcl: Setting watchdog for 200 seconds at Mon Sep 23 05:41:51 UTC 2019
18 ms. Memory: 48128K Free: 17127K (36%)
ptolemy.util.test.WatchDog.cancel(): canceling Mon Sep 23 05:41:51 UTC 2019
------------------ testing $PTII/ptolemy/domains/de/test/auto/Modal6.xml
auto.tcl: Setting watchdog for 200 seconds at Mon Sep 23 05:41:51 UTC 2019
12 ms. Memory: 48128K Free: 21742K (45%)
ptolemy.util.test.WatchDog.cancel(): canceling Mon Sep 23 05:41:51 UTC 2019
auto.tcl: Setting watchdog for 200 seconds at Mon Sep 23 05:41:51 UTC 2019
13 ms. Memory: 48128K Free: 17800K (37%)
ptolemy.util.test.WatchDog.cancel(): canceling Mon Sep 23 05:41:51 UTC 2019
------------------ testing $PTII/ptolemy/domains/de/test/auto/Modal7.xml
auto.tcl: Setting watchdog for 200 seconds at Mon Sep 23 05:41:51 UTC 2019
16 ms. Memory: 48128K Free: 20743K (43%)
ptolemy.util.test.WatchDog.cancel(): canceling Mon Sep 23 05:41:51 UTC 2019
auto.tcl: Setting watchdog for 200 seconds at Mon Sep 23 05:41:51 UTC 2019
12 ms. Memory: 48128K Free: 17137K (36%)
ptolemy.util.test.WatchDog.cancel(): canceling Mon Sep 23 05:41:51 UTC 2019
------------------ testing $PTII/ptolemy/domains/de/test/auto/ModalModel.xml
auto.tcl: Setting watchdog for 200 seconds at Mon Sep 23 05:41:51 UTC 2019
199 ms. Memory: 58368K Free: 41334K (71%)
ptolemy.util.test.WatchDog.cancel(): canceling Mon Sep 23 05:41:52 UTC 2019
auto.tcl: Setting watchdog for 200 seconds at Mon Sep 23 05:41:52 UTC 2019
193 ms. Memory: 58368K Free: 37298K (64%)
ptolemy.util.test.WatchDog.cancel(): canceling Mon Sep 23 05:41:52 UTC 2019
------------------ testing $PTII/ptolemy/domains/de/test/auto/ModalSource.xml
auto.tcl: Setting watchdog for 200 seconds at Mon Sep 23 05:41:52 UTC 2019
14 ms. Memory: 51200K Free: 28868K (56%)
ptolemy.util.test.WatchDog.cancel(): canceling Mon Sep 23 05:41:52 UTC 2019
auto.tcl: Setting watchdog for 200 seconds at Mon Sep 23 05:41:52 UTC 2019
5 ms. Memory: 51200K Free: 26936K (53%)
ptolemy.util.test.WatchDog.cancel(): canceling Mon Sep 23 05:41:52 UTC 2019
------------------ testing $PTII/ptolemy/domains/de/test/auto/NonInterruptibleTimerZeroDelay.xml
auto.tcl: Setting watchdog for 200 seconds at Mon Sep 23 05:41:52 UTC 2019
3 ms. Memory: 48128K Free: 30768K (64%)
ptolemy.util.test.WatchDog.cancel(): canceling Mon Sep 23 05:41:52 UTC 2019
auto.tcl: Setting watchdog for 200 seconds at Mon Sep 23 05:41:52 UTC 2019
2 ms. Memory: 48128K Free: 30063K (62%)
ptolemy.util.test.WatchDog.cancel(): canceling Mon Sep 23 05:41:52 UTC 2019
------------------ testing $PTII/ptolemy/domains/de/test/auto/OpenQueueingNetwork.xml
auto.tcl: Setting watchdog for 200 seconds at Mon Sep 23 05:41:52 UTC 2019
3095 ms. Memory: 150528K Free: 125660K (83%)
ptolemy.util.test.WatchDog.cancel(): canceling Mon Sep 23 05:41:55 UTC 2019
auto.tcl: Setting watchdog for 200 seconds at Mon Sep 23 05:41:55 UTC 2019
2532 ms. Memory: 181248K Free: 158404K (87%)
ptolemy.util.test.WatchDog.cancel(): canceling Mon Sep 23 05:41:58 UTC 2019
------------------ testing $PTII/ptolemy/domains/de/test/auto/OpenQueuingNetwork.xml
auto.tcl: Setting watchdog for 200 seconds at Mon Sep 23 05:41:58 UTC 2019
241 ms. Memory: 55296K Free: 26509K (48%)
ptolemy.util.test.WatchDog.cancel(): canceling Mon Sep 23 05:41:58 UTC 2019
auto.tcl: Setting watchdog for 200 seconds at Mon Sep 23 05:41:58 UTC 2019
237 ms. Memory: 55296K Free: 35901K (65%)
ptolemy.util.test.WatchDog.cancel(): canceling Mon Sep 23 05:41:58 UTC 2019
------------------ testing $PTII/ptolemy/domains/de/test/auto/PeriodicSampler.xml
auto.tcl: Setting watchdog for 200 seconds at Mon Sep 23 05:41:59 UTC 2019
3 ms. Memory: 48128K Free: 29925K (62%)
ptolemy.util.test.WatchDog.cancel(): canceling Mon Sep 23 05:41:59 UTC 2019
auto.tcl: Setting watchdog for 200 seconds at Mon Sep 23 05:41:59 UTC 2019
2 ms. Memory: 48128K Free: 29417K (61%)
ptolemy.util.test.WatchDog.cancel(): canceling Mon Sep 23 05:41:59 UTC 2019
------------------ testing $PTII/ptolemy/domains/de/test/auto/PersistentIO.xml
auto.tcl: Setting watchdog for 200 seconds at Mon Sep 23 05:41:59 UTC 2019
6 ms. Memory: 48128K Free: 24849K (52%)
ptolemy.util.test.WatchDog.cancel(): canceling Mon Sep 23 05:41:59 UTC 2019
auto.tcl: Setting watchdog for 200 seconds at Mon Sep 23 05:41:59 UTC 2019
5 ms. Memory: 48128K Free: 23353K (49%)
ptolemy.util.test.WatchDog.cancel(): canceling Mon Sep 23 05:41:59 UTC 2019
------------------ testing $PTII/ptolemy/domains/de/test/auto/PortParameterResetOnInitialize.xml
auto.tcl: Setting watchdog for 200 seconds at Mon Sep 23 05:41:59 UTC 2019
2 ms. Memory: 48128K Free: 29839K (62%)
ptolemy.util.test.WatchDog.cancel(): canceling Mon Sep 23 05:41:59 UTC 2019
auto.tcl: Setting watchdog for 200 seconds at Mon Sep 23 05:41:59 UTC 2019
2 ms. Memory: 48128K Free: 29365K (61%)
ptolemy.util.test.WatchDog.cancel(): canceling Mon Sep 23 05:41:59 UTC 2019
------------------ testing $PTII/ptolemy/domains/de/test/auto/PortParameterUpdates.xml
auto.tcl: Setting watchdog for 200 seconds at Mon Sep 23 05:41:59 UTC 2019
5 ms. Memory: 48128K Free: 28178K (59%)
ptolemy.util.test.WatchDog.cancel(): canceling Mon Sep 23 05:41:59 UTC 2019
auto.tcl: Setting watchdog for 200 seconds at Mon Sep 23 05:41:59 UTC 2019
4 ms. Memory: 48128K Free: 26962K (56%)
ptolemy.util.test.WatchDog.cancel(): canceling Mon Sep 23 05:41:59 UTC 2019
------------------ testing $PTII/ptolemy/domains/de/test/auto/QueueAndServer.xml
auto.tcl: Setting watchdog for 200 seconds at Mon Sep 23 05:41:59 UTC 2019
6 ms. Memory: 48128K Free: 26851K (56%)
ptolemy.util.test.WatchDog.cancel(): canceling Mon Sep 23 05:41:59 UTC 2019
auto.tcl: Setting watchdog for 200 seconds at Mon Sep 23 05:41:59 UTC 2019
7 ms. Memory: 48128K Free: 25397K (53%)
ptolemy.util.test.WatchDog.cancel(): canceling Mon Sep 23 05:41:59 UTC 2019
------------------ testing $PTII/ptolemy/domains/de/test/auto/Records.xml
auto.tcl: Setting watchdog for 200 seconds at Mon Sep 23 05:41:59 UTC 2019
5 ms. Memory: 48128K Free: 29376K (61%)
ptolemy.util.test.WatchDog.cancel(): canceling Mon Sep 23 05:41:59 UTC 2019
auto.tcl: Setting watchdog for 200 seconds at Mon Sep 23 05:41:59 UTC 2019
3 ms. Memory: 48128K Free: 28885K (60%)
ptolemy.util.test.WatchDog.cancel(): canceling Mon Sep 23 05:41:59 UTC 2019
------------------ testing $PTII/ptolemy/domains/de/test/auto/ResetTransitionWithStartTime1.xml
auto.tcl: Setting watchdog for 200 seconds at Mon Sep 23 05:41:59 UTC 2019
6 ms. Memory: 48128K Free: 26455K (55%)
ptolemy.util.test.WatchDog.cancel(): canceling Mon Sep 23 05:41:59 UTC 2019
auto.tcl: Setting watchdog for 200 seconds at Mon Sep 23 05:41:59 UTC 2019
7 ms. Memory: 48128K Free: 24286K (50%)
ptolemy.util.test.WatchDog.cancel(): canceling Mon Sep 23 05:41:59 UTC 2019
------------------ testing $PTII/ptolemy/domains/de/test/auto/ResetTransitionWithStartTime2.xml
auto.tcl: Setting watchdog for 200 seconds at Mon Sep 23 05:41:59 UTC 2019
5 ms. Memory: 48128K Free: 26290K (55%)
ptolemy.util.test.WatchDog.cancel(): canceling Mon Sep 23 05:41:59 UTC 2019
auto.tcl: Setting watchdog for 200 seconds at Mon Sep 23 05:41:59 UTC 2019
4 ms. Memory: 48128K Free: 23734K (49%)
ptolemy.util.test.WatchDog.cancel(): canceling Mon Sep 23 05:41:59 UTC 2019
------------------ testing $PTII/ptolemy/domains/de/test/auto/ResetTransitionWithStartTime3.xml
auto.tcl: Setting watchdog for 200 seconds at Mon Sep 23 05:41:59 UTC 2019
20 ms. Memory: 48128K Free: 26288K (55%)
ptolemy.util.test.WatchDog.cancel(): canceling Mon Sep 23 05:41:59 UTC 2019
auto.tcl: Setting watchdog for 200 seconds at Mon Sep 23 05:41:59 UTC 2019
8 ms. Memory: 48128K Free: 24240K (50%)
ptolemy.util.test.WatchDog.cancel(): canceling Mon Sep 23 05:41:59 UTC 2019
------------------ testing $PTII/ptolemy/domains/de/test/auto/ResetTransitionWithStartTime4.xml
auto.tcl: Setting watchdog for 200 seconds at Mon Sep 23 05:41:59 UTC 2019
8 ms. Memory: 48128K Free: 26777K (56%)
ptolemy.util.test.WatchDog.cancel(): canceling Mon Sep 23 05:41:59 UTC 2019
auto.tcl: Setting watchdog for 200 seconds at Mon Sep 23 05:41:59 UTC 2019
5 ms. Memory: 48128K Free: 25323K (53%)
ptolemy.util.test.WatchDog.cancel(): canceling Mon Sep 23 05:41:59 UTC 2019
------------------ testing $PTII/ptolemy/domains/de/test/auto/ResettableTimer1.xml
auto.tcl: Setting watchdog for 200 seconds at Mon Sep 23 05:41:59 UTC 2019
3 ms. Memory: 48128K Free: 30769K (64%)
ptolemy.util.test.WatchDog.cancel(): canceling Mon Sep 23 05:41:59 UTC 2019
auto.tcl: Setting watchdog for 200 seconds at Mon Sep 23 05:41:59 UTC 2019
2 ms. Memory: 48128K Free: 29905K (62%)
ptolemy.util.test.WatchDog.cancel(): canceling Mon Sep 23 05:41:59 UTC 2019
------------------ testing $PTII/ptolemy/domains/de/test/auto/ResettableTimer2.xml
auto.tcl: Setting watchdog for 200 seconds at Mon Sep 23 05:41:59 UTC 2019
2 ms. Memory: 48128K Free: 30809K (64%)
ptolemy.util.test.WatchDog.cancel(): canceling Mon Sep 23 05:41:59 UTC 2019
auto.tcl: Setting watchdog for 200 seconds at Mon Sep 23 05:41:59 UTC 2019
3 ms. Memory: 48128K Free: 29931K (62%)
ptolemy.util.test.WatchDog.cancel(): canceling Mon Sep 23 05:41:59 UTC 2019
------------------ testing $PTII/ptolemy/domains/de/test/auto/ResettableTimer3.xml
auto.tcl: Setting watchdog for 200 seconds at Mon Sep 23 05:41:59 UTC 2019
3 ms. Memory: 48128K Free: 30441K (63%)
ptolemy.util.test.WatchDog.cancel(): canceling Mon Sep 23 05:41:59 UTC 2019
auto.tcl: Setting watchdog for 200 seconds at Mon Sep 23 05:41:59 UTC 2019
1 ms. Memory: 48128K Free: 30421K (63%)
ptolemy.util.test.WatchDog.cancel(): canceling Mon Sep 23 05:41:59 UTC 2019
------------------ testing $PTII/ptolemy/domains/de/test/auto/ResettableTimer4.xml
auto.tcl: Setting watchdog for 200 seconds at Mon Sep 23 05:41:59 UTC 2019
1 ms. Memory: 48128K Free: 30456K (63%)
ptolemy.util.test.WatchDog.cancel(): canceling Mon Sep 23 05:41:59 UTC 2019
auto.tcl: Setting watchdog for 200 seconds at Mon Sep 23 05:41:59 UTC 2019
1 ms. Memory: 48128K Free: 29960K (62%)
ptolemy.util.test.WatchDog.cancel(): canceling Mon Sep 23 05:41:59 UTC 2019
------------------ testing $PTII/ptolemy/domains/de/test/auto/ResettableTimer5.xml
auto.tcl: Setting watchdog for 200 seconds at Mon Sep 23 05:42:00 UTC 2019
2 ms. Memory: 48128K Free: 29905K (62%)
ptolemy.util.test.WatchDog.cancel(): canceling Mon Sep 23 05:42:00 UTC 2019
auto.tcl: Setting watchdog for 200 seconds at Mon Sep 23 05:42:00 UTC 2019
2 ms. Memory: 48128K Free: 29429K (61%)
ptolemy.util.test.WatchDog.cancel(): canceling Mon Sep 23 05:42:00 UTC 2019
------------------ testing $PTII/ptolemy/domains/de/test/auto/ResettableTimer6.xml
auto.tcl: Setting watchdog for 200 seconds at Mon Sep 23 05:42:00 UTC 2019
2 ms. Memory: 48128K Free: 29895K (62%)
ptolemy.util.test.WatchDog.cancel(): canceling Mon Sep 23 05:42:00 UTC 2019
auto.tcl: Setting watchdog for 200 seconds at Mon Sep 23 05:42:00 UTC 2019
2 ms. Memory: 48128K Free: 29399K (61%)
ptolemy.util.test.WatchDog.cancel(): canceling Mon Sep 23 05:42:00 UTC 2019
------------------ testing $PTII/ptolemy/domains/de/test/auto/ServerZeroDelay.xml
auto.tcl: Setting watchdog for 200 seconds at Mon Sep 23 05:42:00 UTC 2019
3 ms. Memory: 48128K Free: 30415K (63%)
ptolemy.util.test.WatchDog.cancel(): canceling Mon Sep 23 05:42:00 UTC 2019
auto.tcl: Setting watchdog for 200 seconds at Mon Sep 23 05:42:00 UTC 2019
2 ms. Memory: 48128K Free: 29430K (61%)
ptolemy.util.test.WatchDog.cancel(): canceling Mon Sep 23 05:42:00 UTC 2019
------------------ testing $PTII/ptolemy/domains/de/test/auto/SmartSender.xml
auto.tcl: Setting watchdog for 200 seconds at Mon Sep 23 05:42:00 UTC 2019
3002 ms. Memory: 48128K Free: 30431K (63%)
ptolemy.util.test.WatchDog.cancel(): canceling Mon Sep 23 05:42:03 UTC 2019
auto.tcl: Setting watchdog for 200 seconds at Mon Sep 23 05:42:03 UTC 2019
3002 ms. Memory: 48128K Free: 29935K (62%)
ptolemy.util.test.WatchDog.cancel(): canceling Mon Sep 23 05:42:06 UTC 2019
------------------ testing $PTII/ptolemy/domains/de/test/auto/ThreadedComposite.xml
auto.tcl: Setting watchdog for 200 seconds at Mon Sep 23 05:42:06 UTC 2019
451 ms. Memory: 48128K Free: 8405K (17%)
ptolemy.util.test.WatchDog.cancel(): canceling Mon Sep 23 05:42:06 UTC 2019
auto.tcl: Setting watchdog for 200 seconds at Mon Sep 23 05:42:06 UTC 2019
189 ms. Memory: 48128K Free: 20286K (42%)
ptolemy.util.test.WatchDog.cancel(): canceling Mon Sep 23 05:42:06 UTC 2019
------------------ testing $PTII/ptolemy/domains/de/test/auto/Time.xml
auto.tcl: Setting watchdog for 200 seconds at Mon Sep 23 05:42:07 UTC 2019
525 ms. Memory: 48128K Free: 33657K (70%)
ptolemy.util.test.WatchDog.cancel(): canceling Mon Sep 23 05:42:07 UTC 2019
auto.tcl: Setting watchdog for 200 seconds at Mon Sep 23 05:42:07 UTC 2019
497 ms. Memory: 66560K Free: 28502K (43%)
ptolemy.util.test.WatchDog.cancel(): canceling Mon Sep 23 05:42:08 UTC 2019
------------------ testing $PTII/ptolemy/domains/de/test/auto/TimeDelayZeroDelay.xml
auto.tcl: Setting watchdog for 200 seconds at Mon Sep 23 05:42:08 UTC 2019
3 ms. Memory: 51200K Free: 33411K (65%)
ptolemy.util.test.WatchDog.cancel(): canceling Mon Sep 23 05:42:08 UTC 2019
auto.tcl: Setting watchdog for 200 seconds at Mon Sep 23 05:42:08 UTC 2019
3 ms. Memory: 51200K Free: 32560K (64%)
ptolemy.util.test.WatchDog.cancel(): canceling Mon Sep 23 05:42:08 UTC 2019
------------------ testing $PTII/ptolemy/domains/de/test/auto/TimerZeroDelay.xml
auto.tcl: Setting watchdog for 200 seconds at Mon Sep 23 05:42:08 UTC 2019
5 ms. Memory: 51200K Free: 33902K (66%)
ptolemy.util.test.WatchDog.cancel(): canceling Mon Sep 23 05:42:08 UTC 2019
auto.tcl: Setting watchdog for 200 seconds at Mon Sep 23 05:42:08 UTC 2019
2 ms. Memory: 51200K Free: 33462K (65%)
ptolemy.util.test.WatchDog.cancel(): canceling Mon Sep 23 05:42:08 UTC 2019
------------------ testing $PTII/ptolemy/domains/de/test/auto/TimingParadox.xml
auto.tcl: Setting watchdog for 200 seconds at Mon Sep 23 05:42:08 UTC 2019
386 ms. Memory: 48128K Free: 16916K (35%)
ptolemy.util.test.WatchDog.cancel(): canceling Mon Sep 23 05:42:08 UTC 2019
auto.tcl: Setting watchdog for 200 seconds at Mon Sep 23 05:42:08 UTC 2019
398 ms. Memory: 48128K Free: 31873K (66%)
ptolemy.util.test.WatchDog.cancel(): canceling Mon Sep 23 05:42:09 UTC 2019
------------------ testing $PTII/ptolemy/domains/de/test/auto/TransferInputs.xml
auto.tcl: Setting watchdog for 200 seconds at Mon Sep 23 05:42:09 UTC 2019
1 ms. Memory: 48128K Free: 28850K (60%)
ptolemy.util.test.WatchDog.cancel(): canceling Mon Sep 23 05:42:09 UTC 2019
auto.tcl: Setting watchdog for 200 seconds at Mon Sep 23 05:42:09 UTC 2019
2 ms. Memory: 48128K Free: 27984K (58%)
ptolemy.util.test.WatchDog.cancel(): canceling Mon Sep 23 05:42:09 UTC 2019
------------------ testing $PTII/ptolemy/domains/de/test/auto/TransferOutputs2.xml
auto.tcl: Setting watchdog for 200 seconds at Mon Sep 23 05:42:09 UTC 2019
3 ms. Memory: 48128K Free: 26292K (55%)
ptolemy.util.test.WatchDog.cancel(): canceling Mon Sep 23 05:42:09 UTC 2019
auto.tcl: Setting watchdog for 200 seconds at Mon Sep 23 05:42:09 UTC 2019
3 ms. Memory: 48128K Free: 24883K (52%)
ptolemy.util.test.WatchDog.cancel(): canceling Mon Sep 23 05:42:09 UTC 2019
------------------ testing $PTII/ptolemy/domains/de/test/auto/Trilateration.xml
auto.tcl: Setting watchdog for 200 seconds at Mon Sep 23 05:42:09 UTC 2019
13779 ms. Memory: 487424K Free: 413859K (85%)
ptolemy.util.test.WatchDog.cancel(): canceling Mon Sep 23 05:42:24 UTC 2019
auto.tcl: Setting watchdog for 200 seconds at Mon Sep 23 05:42:24 UTC 2019
11054 ms. Memory: 487424K Free: 383107K (79%)
ptolemy.util.test.WatchDog.cancel(): canceling Mon Sep 23 05:42:35 UTC 2019
------------------ testing $PTII/ptolemy/domains/de/test/auto/TwoSigmaDelta.xml
auto.tcl: Setting watchdog for 200 seconds at Mon Sep 23 05:42:35 UTC 2019
2788 ms. Memory: 86016K Free: 57671K (67%)
ptolemy.util.test.WatchDog.cancel(): canceling Mon Sep 23 05:42:38 UTC 2019
auto.tcl: Setting watchdog for 200 seconds at Mon Sep 23 05:42:38 UTC 2019
2142 ms. Memory: 86016K Free: 46962K (55%)
ptolemy.util.test.WatchDog.cancel(): canceling Mon Sep 23 05:42:40 UTC 2019
------------------ testing $PTII/ptolemy/domains/de/test/auto/VariableDelay.xml
auto.tcl: Setting watchdog for 200 seconds at Mon Sep 23 05:42:40 UTC 2019
2 ms. Memory: 51200K Free: 32395K (63%)
ptolemy.util.test.WatchDog.cancel(): canceling Mon Sep 23 05:42:40 UTC 2019
auto.tcl: Setting watchdog for 200 seconds at Mon Sep 23 05:42:40 UTC 2019
2 ms. Memory: 51200K Free: 31401K (61%)
ptolemy.util.test.WatchDog.cancel(): canceling Mon Sep 23 05:42:40 UTC 2019
------------------ testing $PTII/ptolemy/domains/de/test/auto/VariableDelay2.xml
auto.tcl: Setting watchdog for 200 seconds at Mon Sep 23 05:42:40 UTC 2019
10 ms. Memory: 51200K Free: 32794K (64%)
ptolemy.util.test.WatchDog.cancel(): canceling Mon Sep 23 05:42:40 UTC 2019
auto.tcl: Setting watchdog for 200 seconds at Mon Sep 23 05:42:40 UTC 2019
2 ms. Memory: 51200K Free: 32314K (63%)
ptolemy.util.test.WatchDog.cancel(): canceling Mon Sep 23 05:42:40 UTC 2019
------------------ testing $PTII/ptolemy/domains/de/test/auto/VariableDelayZeroDelay.xml
auto.tcl: Setting watchdog for 200 seconds at Mon Sep 23 05:42:40 UTC 2019
2 ms. Memory: 51200K Free: 33337K (65%)
ptolemy.util.test.WatchDog.cancel(): canceling Mon Sep 23 05:42:40 UTC 2019
auto.tcl: Setting watchdog for 200 seconds at Mon Sep 23 05:42:40 UTC 2019
2 ms. Memory: 51200K Free: 32793K (64%)
ptolemy.util.test.WatchDog.cancel(): canceling Mon Sep 23 05:42:40 UTC 2019
------------------ testing $PTII/ptolemy/domains/de/test/auto/VariableDelayZeroDelay2.xml
auto.tcl: Setting watchdog for 200 seconds at Mon Sep 23 05:42:40 UTC 2019
2 ms. Memory: 51200K Free: 33336K (65%)
ptolemy.util.test.WatchDog.cancel(): canceling Mon Sep 23 05:42:40 UTC 2019
auto.tcl: Setting watchdog for 200 seconds at Mon Sep 23 05:42:40 UTC 2019
2 ms. Memory: 51200K Free: 32312K (63%)
ptolemy.util.test.WatchDog.cancel(): canceling Mon Sep 23 05:42:40 UTC 2019
------------------ testing $PTII/ptolemy/domains/de/test/auto/deInCt.xml
auto.tcl: Setting watchdog for 200 seconds at Mon Sep 23 05:42:40 UTC 2019
0
1
1
1
0
0
0
0
1
1
1
0
0
0
1
1
1
1
0
0
0
1
1
1
1
0
0
0
1
1
1
1
0
0
0
0
14 ms. Memory: 51200K Free: 32309K (63%)
ptolemy.util.test.WatchDog.cancel(): canceling Mon Sep 23 05:42:40 UTC 2019
auto.tcl: Setting watchdog for 200 seconds at Mon Sep 23 05:42:40 UTC 2019
0
1
1
1
1
0
0
0
0
0
0
0
0
0
1
1
1
1
0
0
0
0
9 ms. Memory: 51200K Free: 30771K (60%)
ptolemy.util.test.WatchDog.cancel(): canceling Mon Sep 23 05:42:40 UTC 2019
------------------ testing $PTII/ptolemy/domains/de/test/auto/deInCt2.xml
auto.tcl: Setting watchdog for 200 seconds at Mon Sep 23 05:42:41 UTC 2019
0
1
1
1
0
0
1
1
1
0
0
1
1
1
0
0
1
1
1
0
0
1
1
1
0
0
1
1
1
0
0
1
1
1
0
0
1
1
1
0
0
0
11 ms. Memory: 48128K Free: 29240K (61%)
ptolemy.util.test.WatchDog.cancel(): canceling Mon Sep 23 05:42:41 UTC 2019
auto.tcl: Setting watchdog for 200 seconds at Mon Sep 23 05:42:41 UTC 2019
0
1
1
1
0
0
1
1
1
0
0
1
1
1
0
0
1
1
1
0
0
1
1
1
0
0
1
1
1
0
0
1
1
1
0
0
1
1
1
0
0
0
10 ms. Memory: 48128K Free: 27696K (58%)
ptolemy.util.test.WatchDog.cancel(): canceling Mon Sep 23 05:42:41 UTC 2019
------------------ testing $PTII/ptolemy/domains/de/test/auto/dynamicCausalityInterface1.xml
auto.tcl: Setting watchdog for 200 seconds at Mon Sep 23 05:42:41 UTC 2019
2 ms. Memory: 48128K Free: 25138K (52%)
ptolemy.util.test.WatchDog.cancel(): canceling Mon Sep 23 05:42:41 UTC 2019
auto.tcl: Setting watchdog for 200 seconds at Mon Sep 23 05:42:41 UTC 2019
1 ms. Memory: 48128K Free: 24641K (51%)
ptolemy.util.test.WatchDog.cancel(): canceling Mon Sep 23 05:42:41 UTC 2019
------------------ testing $PTII/ptolemy/domains/de/test/auto/fsm_de_test.xml
auto.tcl: Setting watchdog for 200 seconds at Mon Sep 23 05:42:41 UTC 2019
6 ms. Memory: 48128K Free: 25037K (52%)
ptolemy.util.test.WatchDog.cancel(): canceling Mon Sep 23 05:42:41 UTC 2019
auto.tcl: Setting watchdog for 200 seconds at Mon Sep 23 05:42:41 UTC 2019
5 ms. Memory: 48128K Free: 22989K (48%)
ptolemy.util.test.WatchDog.cancel(): canceling Mon Sep 23 05:42:41 UTC 2019
------------------ testing $PTII/ptolemy/domains/de/test/auto/functionDependencyReconstruction.xml
auto.tcl: Setting watchdog for 200 seconds at Mon Sep 23 05:42:41 UTC 2019
3 ms. Memory: 48128K Free: 18882K (39%)
ptolemy.util.test.WatchDog.cancel(): canceling Mon Sep 23 05:42:41 UTC 2019
auto.tcl: Setting watchdog for 200 seconds at Mon Sep 23 05:42:41 UTC 2019
2 ms. Memory: 48128K Free: 16845K (35%)
ptolemy.util.test.WatchDog.cancel(): canceling Mon Sep 23 05:42:41 UTC 2019
------------------ testing $PTII/ptolemy/domains/de/test/auto/multirate.xml
auto.tcl: Setting watchdog for 200 seconds at Mon Sep 23 05:42:41 UTC 2019
4 ms. Memory: 48128K Free: 27698K (58%)
ptolemy.util.test.WatchDog.cancel(): canceling Mon Sep 23 05:42:41 UTC 2019
auto.tcl: Setting watchdog for 200 seconds at Mon Sep 23 05:42:41 UTC 2019
2 ms. Memory: 48128K Free: 25994K (54%)
ptolemy.util.test.WatchDog.cancel(): canceling Mon Sep 23 05:42:41 UTC 2019
------------------ testing $PTII/ptolemy/domains/de/test/auto/multirate2.xml
auto.tcl: Setting watchdog for 200 seconds at Mon Sep 23 05:42:41 UTC 2019
4 ms. Memory: 48128K Free: 27854K (58%)
ptolemy.util.test.WatchDog.cancel(): canceling Mon Sep 23 05:42:41 UTC 2019
auto.tcl: Setting watchdog for 200 seconds at Mon Sep 23 05:42:41 UTC 2019
3 ms. Memory: 48128K Free: 26144K (54%)
ptolemy.util.test.WatchDog.cancel(): canceling Mon Sep 23 05:42:41 UTC 2019
------------------ testing $PTII/ptolemy/domains/de/test/auto/realtime.xml
auto.tcl: Setting watchdog for 200 seconds at Mon Sep 23 05:42:41 UTC 2019
10001 ms. Memory: 48128K Free: 29835K (62%)
ptolemy.util.test.WatchDog.cancel(): canceling Mon Sep 23 05:42:51 UTC 2019
auto.tcl: Setting watchdog for 200 seconds at Mon Sep 23 05:42:51 UTC 2019
10001 ms. Memory: 48128K Free: 29183K (61%)
ptolemy.util.test.WatchDog.cancel(): canceling Mon Sep 23 05:43:01 UTC 2019
------------------ testing $PTII/ptolemy/domains/de/test/auto/relationGroup.xml
auto.tcl: Setting watchdog for 200 seconds at Mon Sep 23 05:43:01 UTC 2019
7 ms. Memory: 48128K Free: 30987K (64%)
ptolemy.util.test.WatchDog.cancel(): canceling Mon Sep 23 05:43:01 UTC 2019
auto.tcl: Setting watchdog for 200 seconds at Mon Sep 23 05:43:01 UTC 2019
2 ms. Memory: 48128K Free: 30262K (63%)
ptolemy.util.test.WatchDog.cancel(): canceling Mon Sep 23 05:43:01 UTC 2019
------------------ testing $PTII/ptolemy/domains/de/test/auto/relationGroup2.xml
auto.tcl: Setting watchdog for 200 seconds at Mon Sep 23 05:43:01 UTC 2019
2 ms. Memory: 48128K Free: 31044K (65%)
ptolemy.util.test.WatchDog.cancel(): canceling Mon Sep 23 05:43:01 UTC 2019
auto.tcl: Setting watchdog for 200 seconds at Mon Sep 23 05:43:01 UTC 2019
2 ms. Memory: 48128K Free: 30288K (63%)
ptolemy.util.test.WatchDog.cancel(): canceling Mon Sep 23 05:43:01 UTC 2019
------------------ testing $PTII/ptolemy/domains/de/test/auto/sortWithOpaquePorts.xml
auto.tcl: Setting watchdog for 200 seconds at Mon Sep 23 05:43:01 UTC 2019
1 ms. Memory: 48128K Free: 29691K (62%)
ptolemy.util.test.WatchDog.cancel(): canceling Mon Sep 23 05:43:01 UTC 2019
auto.tcl: Setting watchdog for 200 seconds at Mon Sep 23 05:43:01 UTC 2019
2 ms. Memory: 48128K Free: 28782K (60%)
ptolemy.util.test.WatchDog.cancel(): canceling Mon Sep 23 05:43:01 UTC 2019
------------------ testing $PTII/ptolemy/domains/de/test/auto/transferInputsandOutputs.xml
auto.tcl: Setting watchdog for 200 seconds at Mon Sep 23 05:43:01 UTC 2019
2 ms. Memory: 48128K Free: 27204K (57%)
ptolemy.util.test.WatchDog.cancel(): canceling Mon Sep 23 05:43:01 UTC 2019
auto.tcl: Setting watchdog for 200 seconds at Mon Sep 23 05:43:01 UTC 2019
2 ms. Memory: 48128K Free: 26211K (54%)
ptolemy.util.test.WatchDog.cancel(): canceling Mon Sep 23 05:43:01 UTC 2019
------------------ testing $PTII/ptolemy/domains/de/test/auto/triggerType.xml
auto.tcl: Setting watchdog for 200 seconds at Mon Sep 23 05:43:01 UTC 2019
4 ms. Memory: 48128K Free: 30229K (63%)
ptolemy.util.test.WatchDog.cancel(): canceling Mon Sep 23 05:43:01 UTC 2019
auto.tcl: Setting watchdog for 200 seconds at Mon Sep 23 05:43:01 UTC 2019
2 ms. Memory: 48128K Free: 29267K (61%)
ptolemy.util.test.WatchDog.cancel(): canceling Mon Sep 23 05:43:01 UTC 2019
09/23/19 05:43:01
Failed: 0  Total Tests: 192  ((Passed: 187, Newly Passed: 1)  Known Failed: 5) /home/travis/build/icyphy/ptII/ptolemy/domains/de/test
09/23/19 05:43:01
Failed: 0  Total Tests: 192  ((Passed: 187, Newly Passed: 1)  Known Failed: 5) /home/travis/build/icyphy/ptII/ptolemy/domains/de/test
----------------- testing (KnownFailure) /home/travis/build/icyphy/ptII/ptolemy/domains/de/test/auto/knownFailedTests/DESDFClockTest.xml
2023 ms. Memory: 48128K Free: 23624K (49%)
Known Failure: java.lang.reflect.InvocationTargetException
----------------- testing (KnownFailure) /home/travis/build/icyphy/ptII/ptolemy/domains/de/test/auto/knownFailedTests/DirectFeedback.xml
1 ms. Memory: 48128K Free: 19528K (41%)
Known Failure: java.lang.reflect.InvocationTargetException
----------------- testing (KnownFailure) /home/travis/build/icyphy/ptII/ptolemy/domains/de/test/auto/knownFailedTests/FSMSource.xml
18 ms. Memory: 48128K Free: 11850K (25%)
----------------- testing (KnownFailure) /home/travis/build/icyphy/ptII/ptolemy/domains/de/test/auto/knownFailedTests/HierarchicalModel.xml
4 ms. Memory: 48128K Free: 21543K (45%)
Known Failure: java.lang.reflect.InvocationTargetException
----------------- testing (KnownFailure) /home/travis/build/icyphy/ptII/ptolemy/domains/de/test/auto/knownFailedTests/dependencyLoop.xml
7 ms. Memory: 48128K Free: 31941K (66%)
Known Failure: java.lang.reflect.InvocationTargetException
----------------- testing (KnownFailure) /home/travis/build/icyphy/ptII/ptolemy/domains/de/test/auto/knownFailedTests/dependencyLoop2.xml
7 ms. Memory: 48128K Free: 16323K (34%)
Known Failure: java.lang.reflect.InvocationTargetException
No auto/linux-amd64/*.xml tests in /home/travis/build/icyphy/ptII/ptolemy/domains/de/test
AutoTests.java: About to close Vertx.
AutoTests.java: Vertx closed.

===========================================================================================
----------------- testing Mon Sep 23 05:43:04 UTC 2019 /home/travis/build/icyphy/ptII/ptolemy/domains/de/test/auto/ActorDepthCalculation_actorWithoutPorts.xml
----------------- Instantiating /home/travis/build/icyphy/ptII/ptolemy/domains/de/test/auto/ActorDepthCalculation_actorWithoutPorts.xml
1 ms. Memory: 48128K Free: 9804K (20%)
----------------- Invoking toplevel() on ptolemy.moml.MoMLSimpleApplication@417caa54
----------------- Done invoking toplevel() on ptolemy.moml.MoMLSimpleApplication@417caa54
reloadAllAccessors: .ActorDepthCalculation_actorWithoutPorts

===========================================================================================
----------------- testing Mon Sep 23 05:43:04 UTC 2019 /home/travis/build/icyphy/ptII/ptolemy/domains/de/test/auto/AssemblyLine.xml
----------------- Instantiating /home/travis/build/icyphy/ptII/ptolemy/domains/de/test/auto/AssemblyLine.xml
2 ms. Memory: 48128K Free: 27877K (58%)
----------------- Invoking toplevel() on ptolemy.moml.MoMLSimpleApplication@577dfa0
----------------- Done invoking toplevel() on ptolemy.moml.MoMLSimpleApplication@577dfa0
reloadAllAccessors: .AssemblyLine

===========================================================================================
----------------- testing Mon Sep 23 05:43:04 UTC 2019 /home/travis/build/icyphy/ptII/ptolemy/domains/de/test/auto/CQBug1.xml
----------------- Instantiating /home/travis/build/icyphy/ptII/ptolemy/domains/de/test/auto/CQBug1.xml
1 ms. Memory: 48128K Free: 24787K (52%)
----------------- Invoking toplevel() on ptolemy.moml.MoMLSimpleApplication@df10fe1
----------------- Done invoking toplevel() on ptolemy.moml.MoMLSimpleApplication@df10fe1
reloadAllAccessors: .CQBug1

===========================================================================================
----------------- testing Mon Sep 23 05:43:04 UTC 2019 /home/travis/build/icyphy/ptII/ptolemy/domains/de/test/auto/CancelFireAt.xml
----------------- Instantiating /home/travis/build/icyphy/ptII/ptolemy/domains/de/test/auto/CancelFireAt.xml
1 ms. Memory: 48128K Free: 22451K (47%)
----------------- Invoking toplevel() on ptolemy.moml.MoMLSimpleApplication@501c5aba
----------------- Done invoking toplevel() on ptolemy.moml.MoMLSimpleApplication@501c5aba
reloadAllAccessors: .CancelFireAt

===========================================================================================
----------------- testing Mon Sep 23 05:43:04 UTC 2019 /home/travis/build/icyphy/ptII/ptolemy/domains/de/test/auto/CausalityAndComposabilityAnalysis.xml
----------------- Instantiating /home/travis/build/icyphy/ptII/ptolemy/domains/de/test/auto/CausalityAndComposabilityAnalysis.xml
2 ms. Memory: 48128K Free: 18115K (38%)
----------------- Invoking toplevel() on ptolemy.moml.MoMLSimpleApplication@b9c1cd7
----------------- Done invoking toplevel() on ptolemy.moml.MoMLSimpleApplication@b9c1cd7
reloadAllAccessors: .CausalityAndComposabilityAnalysis

===========================================================================================
----------------- testing Mon Sep 23 05:43:04 UTC 2019 /home/travis/build/icyphy/ptII/ptolemy/domains/de/test/auto/CausalityInterface1.xml
----------------- Instantiating /home/travis/build/icyphy/ptII/ptolemy/domains/de/test/auto/CausalityInterface1.xml
4 ms. Memory: 48128K Free: 13009K (27%)
----------------- Invoking toplevel() on ptolemy.moml.MoMLSimpleApplication@33eca0fa
----------------- Done invoking toplevel() on ptolemy.moml.MoMLSimpleApplication@33eca0fa
reloadAllAccessors: .CausalityInterface1

===========================================================================================
----------------- testing Mon Sep 23 05:43:04 UTC 2019 /home/travis/build/icyphy/ptII/ptolemy/domains/de/test/auto/CausalityInterface15.xml
----------------- Instantiating /home/travis/build/icyphy/ptII/ptolemy/domains/de/test/auto/CausalityInterface15.xml
3 ms. Memory: 48128K Free: 33540K (70%)
----------------- Invoking toplevel() on ptolemy.moml.MoMLSimpleApplication@2fe9dff8
----------------- Done invoking toplevel() on ptolemy.moml.MoMLSimpleApplication@2fe9dff8
reloadAllAccessors: .CausalityInterface15

===========================================================================================
----------------- testing Mon Sep 23 05:43:04 UTC 2019 /home/travis/build/icyphy/ptII/ptolemy/domains/de/test/auto/CausalityInterface2.xml
----------------- Instantiating /home/travis/build/icyphy/ptII/ptolemy/domains/de/test/auto/CausalityInterface2.xml
1 ms. Memory: 48128K Free: 28848K (60%)
----------------- Invoking toplevel() on ptolemy.moml.MoMLSimpleApplication@3aa8c74d
[...]
	at ptolemy.actor.Manager.run(Manager.java:1263)
	at ptolemy.actor.Manager$PtolemyRunThread.run(Manager.java:1933)
java.lang.RuntimeException: Execution failed
	at ptolemy.moml.MoMLSimpleApplication$UnloadThread.run(MoMLSimpleApplication.java:402)
Caused by: ptolemy.kernel.util.IllegalActionException: Actor is not ready to fire.  Perhaps UpSample.prefire() returned false? Try debugging the actor by selecting "Listen to Actor".  Also, for SDF check moml for tokenConsumptionRate on input.
  in .DESDFClockTest.Play Bell.Copy1:SDF Director and .DESDFClockTest.Play Bell.UpSample
	at ptolemy.actor.sched.StaticSchedulingDirector.fire(StaticSchedulingDirector.java:227)
	at ptolemy.domains.sdf.kernel.SDFDirector.fire(SDFDirector.java:500)
	at ptolemy.actor.CompositeActor.fire(CompositeActor.java:455)
	at ptolemy.domains.de.kernel.DEDirector._fire(DEDirector.java:1949)
	at ptolemy.domains.de.kernel.DEDirector.fire(DEDirector.java:502)
	at ptolemy.actor.CompositeActor.fire(CompositeActor.java:455)
	at ptolemy.actor.Manager.iterate(Manager.java:851)
	at ptolemy.actor.Manager.execute(Manager.java:369)
	at ptolemy.actor.Manager.run(Manager.java:1263)
	at ptolemy.actor.Manager$PtolemyRunThread.run(Manager.java:1933)
java.lang.reflect.InvocationTargetException
	at java.base/jdk.internal.reflect.NativeConstructorAccessorImpl.newInstance0(Native Method)
	at java.base/jdk.internal.reflect.NativeConstructorAccessorImpl.newInstance(NativeConstructorAccessorImpl.java:62)
	at java.base/jdk.internal.reflect.DelegatingConstructorAccessorImpl.newInstance(DelegatingConstructorAccessorImpl.java:45)
	at java.base/java.lang.reflect.Constructor.newInstance(Constructor.java:490)
	at ptolemy.util.test.junit.AutoKnownFailedTests.RunModel(AutoKnownFailedTests.java:105)
	at java.base/jdk.internal.reflect.NativeMethodAccessorImpl.invoke0(Native Method)
	at java.base/jdk.internal.reflect.NativeMethodAccessorImpl.invoke(NativeMethodAccessorImpl.java:62)
	at java.base/jdk.internal.reflect.DelegatingMethodAccessorImpl.invoke(DelegatingMethodAccessorImpl.java:43)
	at java.base/java.lang.reflect.Method.invoke(Method.java:566)
	at org.junit.runners.model.FrameworkMethod$1.runReflectiveCall(FrameworkMethod.java:44)
	at org.junit.internal.runners.model.ReflectiveCallable.run(ReflectiveCallable.java:15)
	at org.junit.runners.model.FrameworkMethod.invokeExplosively(FrameworkMethod.java:41)
	at junitparams.internal.InvokeParameterisedMethod.evaluate(InvokeParameterisedMethod.java:102)
	at org.junit.internal.runners.statements.FailOnTimeout$1.run(FailOnTimeout.java:28)
Caused by: ptolemy.kernel.util.IllegalActionException: Actor is not ready to fire.  Perhaps UpSample.prefire() returned false? Try debugging the actor by selecting "Listen to Actor".  Also, for SDF check moml for tokenConsumptionRate on input.
  in .DESDFClockTest.Play Bell.Copy1:SDF Director and .DESDFClockTest.Play Bell.UpSample
	at ptolemy.actor.sched.StaticSchedulingDirector.fire(StaticSchedulingDirector.java:227)
	at ptolemy.domains.sdf.kernel.SDFDirector.fire(SDFDirector.java:500)
	at ptolemy.actor.CompositeActor.fire(CompositeActor.java:455)
	at ptolemy.domains.de.kernel.DEDirector._fire(DEDirector.java:1949)
	at ptolemy.domains.de.kernel.DEDirector.fire(DEDirector.java:502)
	at ptolemy.actor.CompositeActor.fire(CompositeActor.java:455)
	at ptolemy.actor.Manager.iterate(Manager.java:851)
	at ptolemy.actor.Manager.execute(Manager.java:369)
	at ptolemy.actor.Manager.run(Manager.java:1263)
	at ptolemy.actor.Manager$PtolemyRunThread.run(Manager.java:1933)
java.lang.RuntimeException: Execution failed
	at ptolemy.moml.MoMLSimpleApplication$UnloadThread.run(MoMLSimpleApplication.java:402)
Caused by: ptolemy.kernel.util.IllegalActionException: Test fails in iteration 1.
Value was: 1.0. Should have been: 2.0
  in .DirectFeedback.Test
	at ptolemy.actor.lib.Test.fire(Test.java:268)
	at ptolemy.domains.de.kernel.DEDirector._fire(DEDirector.java:1949)
	at ptolemy.domains.de.kernel.DEDirector.fire(DEDirector.java:502)
	at ptolemy.actor.CompositeActor.fire(CompositeActor.java:455)
	at ptolemy.actor.Manager.iterate(Manager.java:851)
	at ptolemy.actor.Manager.execute(Manager.java:369)
	at ptolemy.actor.Manager.run(Manager.java:1263)
	at ptolemy.actor.Manager$PtolemyRunThread.run(Manager.java:1933)
java.lang.reflect.InvocationTargetException
	at java.base/jdk.internal.reflect.NativeConstructorAccessorImpl.newInstance0(Native Method)
	at java.base/jdk.internal.reflect.NativeConstructorAccessorImpl.newInstance(NativeConstructorAccessorImpl.java:62)
	at java.base/jdk.internal.reflect.DelegatingConstructorAccessorImpl.newInstance(DelegatingConstructorAccessorImpl.java:45)
	at java.base/java.lang.reflect.Constructor.newInstance(Constructor.java:490)
	at ptolemy.util.test.junit.AutoKnownFailedTests.RunModel(AutoKnownFailedTests.java:105)
	at java.base/jdk.internal.reflect.NativeMethodAccessorImpl.invoke0(Native Method)
	at java.base/jdk.internal.reflect.NativeMethodAccessorImpl.invoke(NativeMethodAccessorImpl.java:62)
	at java.base/jdk.internal.reflect.DelegatingMethodAccessorImpl.invoke(DelegatingMethodAccessorImpl.java:43)
	at java.base/java.lang.reflect.Method.invoke(Method.java:566)
	at org.junit.runners.model.FrameworkMethod$1.runReflectiveCall(FrameworkMethod.java:44)
	at org.junit.internal.runners.model.ReflectiveCallable.run(ReflectiveCallable.java:15)
	at org.junit.runners.model.FrameworkMethod.invokeExplosively(FrameworkMethod.java:41)
	at junitparams.internal.InvokeParameterisedMethod.evaluate(InvokeParameterisedMethod.java:102)
	at org.junit.internal.runners.statements.FailOnTimeout$1.run(FailOnTimeout.java:28)
Caused by: ptolemy.kernel.util.IllegalActionException: Test fails in iteration 1.
Value was: 1.0. Should have been: 2.0
  in .DirectFeedback.Test
	at ptolemy.actor.lib.Test.fire(Test.java:268)
	at ptolemy.domains.de.kernel.DEDirector._fire(DEDirector.java:1949)
	at ptolemy.domains.de.kernel.DEDirector.fire(DEDirector.java:502)
	at ptolemy.actor.CompositeActor.fire(CompositeActor.java:455)
	at ptolemy.actor.Manager.iterate(Manager.java:851)
	at ptolemy.actor.Manager.execute(Manager.java:369)
	at ptolemy.actor.Manager.run(Manager.java:1263)
	at ptolemy.actor.Manager$PtolemyRunThread.run(Manager.java:1933)
java.lang.RuntimeException: Execution failed
	at ptolemy.moml.MoMLSimpleApplication$UnloadThread.run(MoMLSimpleApplication.java:402)
Caused by: ptolemy.kernel.util.IllegalActionException: Found a zero delay loop containing .HierarchicalModel.A
  in .HierarchicalModel and .HierarchicalModel.A
	at ptolemy.actor.util.CausalityInterfaceForComposites._computeOutputPortDepth(CausalityInterfaceForComposites.java:759)
	at ptolemy.actor.util.CausalityInterfaceForComposites._computeInputDepth(CausalityInterfaceForComposites.java:696)
	at ptolemy.actor.util.CausalityInterfaceForComposites._computeOutputPortDepth(CausalityInterfaceForComposites.java:765)
	at ptolemy.actor.util.CausalityInterfaceForComposites._computeInputDepth(CausalityInterfaceForComposites.java:696)
	at ptolemy.actor.util.CausalityInterfaceForComposites._computeOutputPortDepth(CausalityInterfaceForComposites.java:765)
	at ptolemy.actor.util.CausalityInterfaceForComposites._computeInputDepth(CausalityInterfaceForComposites.java:696)
	at ptolemy.actor.util.CausalityInterfaceForComposites._computeActorDepth(CausalityInterfaceForComposites.java:532)
	at ptolemy.actor.util.CausalityInterfaceForComposites.checkForCycles(CausalityInterfaceForComposites.java:96)
	at ptolemy.domains.de.kernel.DEDirector.preinitialize(DEDirector.java:1338)
	at ptolemy.actor.CompositeActor.preinitialize(CompositeActor.java:1828)
	at ptolemy.actor.Manager.preinitializeAndResolveTypes(Manager.java:1040)
	at ptolemy.actor.Manager.initialize(Manager.java:710)
	at ptolemy.actor.Manager.execute(Manager.java:356)
	at ptolemy.actor.Manager.run(Manager.java:1263)
	at ptolemy.actor.Manager$PtolemyRunThread.run(Manager.java:1933)
java.lang.reflect.InvocationTargetException
	at java.base/jdk.internal.reflect.NativeConstructorAccessorImpl.newInstance0(Native Method)
	at java.base/jdk.internal.reflect.NativeConstructorAccessorImpl.newInstance(NativeConstructorAccessorImpl.java:62)
	at java.base/jdk.internal.reflect.DelegatingConstructorAccessorImpl.newInstance(DelegatingConstructorAccessorImpl.java:45)
	at java.base/java.lang.reflect.Constructor.newInstance(Constructor.java:490)
	at ptolemy.util.test.junit.AutoKnownFailedTests.RunModel(AutoKnownFailedTests.java:105)
	at java.base/jdk.internal.reflect.NativeMethodAccessorImpl.invoke0(Native Method)
	at java.base/jdk.internal.reflect.NativeMethodAccessorImpl.invoke(NativeMethodAccessorImpl.java:62)
	at java.base/jdk.internal.reflect.DelegatingMethodAccessorImpl.invoke(DelegatingMethodAccessorImpl.java:43)
	at java.base/java.lang.reflect.Method.invoke(Method.java:566)
	at org.junit.runners.model.FrameworkMethod$1.runReflectiveCall(FrameworkMethod.java:44)
	at org.junit.internal.runners.model.ReflectiveCallable.run(ReflectiveCallable.java:15)
	at org.junit.runners.model.FrameworkMethod.invokeExplosively(FrameworkMethod.java:41)
	at junitparams.internal.InvokeParameterisedMethod.evaluate(InvokeParameterisedMethod.java:102)
	at org.junit.internal.runners.statements.FailOnTimeout$1.run(FailOnTimeout.java:28)
Caused by: ptolemy.kernel.util.IllegalActionException: Found a zero delay loop containing .HierarchicalModel.A
  in .HierarchicalModel and .HierarchicalModel.A
	at ptolemy.actor.util.CausalityInterfaceForComposites._computeOutputPortDepth(CausalityInterfaceForComposites.java:759)
	at ptolemy.actor.util.CausalityInterfaceForComposites._computeInputDepth(CausalityInterfaceForComposites.java:696)
	at ptolemy.actor.util.CausalityInterfaceForComposites._computeOutputPortDepth(CausalityInterfaceForComposites.java:765)
	at ptolemy.actor.util.CausalityInterfaceForComposites._computeInputDepth(CausalityInterfaceForComposites.java:696)
	at ptolemy.actor.util.CausalityInterfaceForComposites._computeOutputPortDepth(CausalityInterfaceForComposites.java:765)
	at ptolemy.actor.util.CausalityInterfaceForComposites._computeInputDepth(CausalityInterfaceForComposites.java:696)
	at ptolemy.actor.util.CausalityInterfaceForComposites._computeActorDepth(CausalityInterfaceForComposites.java:532)
	at ptolemy.actor.util.CausalityInterfaceForComposites.checkForCycles(CausalityInterfaceForComposites.java:96)
	at ptolemy.domains.de.kernel.DEDirector.preinitialize(DEDirector.java:1338)
	at ptolemy.actor.CompositeActor.preinitialize(CompositeActor.java:1828)
	at ptolemy.actor.Manager.preinitializeAndResolveTypes(Manager.java:1040)
	at ptolemy.actor.Manager.initialize(Manager.java:710)
	at ptolemy.actor.Manager.execute(Manager.java:356)
	at ptolemy.actor.Manager.run(Manager.java:1263)
	at ptolemy.actor.Manager$PtolemyRunThread.run(Manager.java:1933)
java.lang.RuntimeException: Execution failed
	at ptolemy.moml.MoMLSimpleApplication$UnloadThread.run(MoMLSimpleApplication.java:402)
Caused by: ptolemy.kernel.util.IllegalActionException: Found a zero delay loop containing .dependencyLoop.original
  in .dependencyLoop and .dependencyLoop.original
	at ptolemy.actor.util.CausalityInterfaceForComposites._computeOutputPortDepth(CausalityInterfaceForComposites.java:759)
	at ptolemy.actor.util.CausalityInterfaceForComposites._computeInputDepth(CausalityInterfaceForComposites.java:696)
	at ptolemy.actor.util.CausalityInterfaceForComposites._computeOutputPortDepth(CausalityInterfaceForComposites.java:765)
	at ptolemy.actor.util.CausalityInterfaceForComposites._computeInputDepth(CausalityInterfaceForComposites.java:696)
	at ptolemy.actor.util.CausalityInterfaceForComposites._computeOutputPortDepth(CausalityInterfaceForComposites.java:765)
	at ptolemy.actor.util.CausalityInterfaceForComposites._computeInputDepth(CausalityInterfaceForComposites.java:696)
	at ptolemy.actor.util.CausalityInterfaceForComposites._computeActorDepth(CausalityInterfaceForComposites.java:532)
	at ptolemy.actor.util.CausalityInterfaceForComposites.checkForCycles(CausalityInterfaceForComposites.java:96)
	at ptolemy.domains.de.kernel.DEDirector.preinitialize(DEDirector.java:1338)
	at ptolemy.actor.CompositeActor.preinitialize(CompositeActor.java:1828)
	at ptolemy.actor.Manager.preinitializeAndResolveTypes(Manager.java:1040)
	at ptolemy.actor.Manager.initialize(Manager.java:710)
	at ptolemy.actor.Manager.execute(Manager.java:356)
	at ptolemy.actor.Manager.run(Manager.java:1263)
	at ptolemy.actor.Manager$PtolemyRunThread.run(Manager.java:1933)
java.lang.reflect.InvocationTargetException
	at java.base/jdk.internal.reflect.NativeConstructorAccessorImpl.newInstance0(Native Method)
	at java.base/jdk.internal.reflect.NativeConstructorAccessorImpl.newInstance(NativeConstructorAccessorImpl.java:62)
	at java.base/jdk.internal.reflect.DelegatingConstructorAccessorImpl.newInstance(DelegatingConstructorAccessorImpl.java:45)
	at java.base/java.lang.reflect.Constructor.newInstance(Constructor.java:490)
	at ptolemy.util.test.junit.AutoKnownFailedTests.RunModel(AutoKnownFailedTests.java:105)
	at java.base/jdk.internal.reflect.NativeMethodAccessorImpl.invoke0(Native Method)
	at java.base/jdk.internal.reflect.NativeMethodAccessorImpl.invoke(NativeMethodAccessorImpl.java:62)
	at java.base/jdk.internal.reflect.DelegatingMethodAccessorImpl.invoke(DelegatingMethodAccessorImpl.java:43)
	at java.base/java.lang.reflect.Method.invoke(Method.java:566)
	at org.junit.runners.model.FrameworkMethod$1.runReflectiveCall(FrameworkMethod.java:44)
	at org.junit.internal.runners.model.ReflectiveCallable.run(ReflectiveCallable.java:15)
	at org.junit.runners.model.FrameworkMethod.invokeExplosively(FrameworkMethod.java:41)
	at junitparams.internal.InvokeParameterisedMethod.evaluate(InvokeParameterisedMethod.java:102)
	at org.junit.internal.runners.statements.FailOnTimeout$1.run(FailOnTimeout.java:28)
Caused by: ptolemy.kernel.util.IllegalActionException: Found a zero delay loop containing .dependencyLoop.original
  in .dependencyLoop and .dependencyLoop.original
	at ptolemy.actor.util.CausalityInterfaceForComposites._computeOutputPortDepth(CausalityInterfaceForComposites.java:759)
	at ptolemy.actor.util.CausalityInterfaceForComposites._computeInputDepth(CausalityInterfaceForComposites.java:696)
	at ptolemy.actor.util.CausalityInterfaceForComposites._computeOutputPortDepth(CausalityInterfaceForComposites.java:765)
	at ptolemy.actor.util.CausalityInterfaceForComposites._computeInputDepth(CausalityInterfaceForComposites.java:696)
	at ptolemy.actor.util.CausalityInterfaceForComposites._computeOutputPortDepth(CausalityInterfaceForComposites.java:765)
	at ptolemy.actor.util.CausalityInterfaceForComposites._computeInputDepth(CausalityInterfaceForComposites.java:696)
	at ptolemy.actor.util.CausalityInterfaceForComposites._computeActorDepth(CausalityInterfaceForComposites.java:532)
	at ptolemy.actor.util.CausalityInterfaceForComposites.checkForCycles(CausalityInterfaceForComposites.java:96)
	at ptolemy.domains.de.kernel.DEDirector.preinitialize(DEDirector.java:1338)
	at ptolemy.actor.CompositeActor.preinitialize(CompositeActor.java:1828)
	at ptolemy.actor.Manager.preinitializeAndResolveTypes(Manager.java:1040)
	at ptolemy.actor.Manager.initialize(Manager.java:710)
	at ptolemy.actor.Manager.execute(Manager.java:356)
	at ptolemy.actor.Manager.run(Manager.java:1263)
	at ptolemy.actor.Manager$PtolemyRunThread.run(Manager.java:1933)
java.lang.RuntimeException: Execution failed
	at ptolemy.moml.MoMLSimpleApplication$UnloadThread.run(MoMLSimpleApplication.java:402)
Caused by: ptolemy.kernel.util.IllegalActionException: Found a zero delay loop containing .dependencyLoop2.original
  in .dependencyLoop2 and .dependencyLoop2.original
	at ptolemy.actor.util.CausalityInterfaceForComposites._computeOutputPortDepth(CausalityInterfaceForComposites.java:759)
	at ptolemy.actor.util.CausalityInterfaceForComposites._computeInputDepth(CausalityInterfaceForComposites.java:696)
	at ptolemy.actor.util.CausalityInterfaceForComposites._computeOutputPortDepth(CausalityInterfaceForComposites.java:765)
	at ptolemy.actor.util.CausalityInterfaceForComposites._computeInputDepth(CausalityInterfaceForComposites.java:696)
	at ptolemy.actor.util.CausalityInterfaceForComposites._computeOutputPortDepth(CausalityInterfaceForComposites.java:765)
	at ptolemy.actor.util.CausalityInterfaceForComposites._computeInputDepth(CausalityInterfaceForComposites.java:696)
	at ptolemy.actor.util.CausalityInterfaceForComposites._computeActorDepth(CausalityInterfaceForComposites.java:532)
	at ptolemy.actor.util.CausalityInterfaceForComposites.checkForCycles(CausalityInterfaceForComposites.java:96)
	at ptolemy.domains.de.kernel.DEDirector.preinitialize(DEDirector.java:1338)
	at ptolemy.actor.CompositeActor.preinitialize(CompositeActor.java:1828)
	at ptolemy.actor.Manager.preinitializeAndResolveTypes(Manager.java:1040)
	at ptolemy.actor.Manager.initialize(Manager.java:710)
	at ptolemy.actor.Manager.execute(Manager.java:356)
	at ptolemy.actor.Manager.run(Manager.java:1263)
	at ptolemy.actor.Manager$PtolemyRunThread.run(Manager.java:1933)
java.lang.reflect.InvocationTargetException
	at java.base/jdk.internal.reflect.NativeConstructorAccessorImpl.newInstance0(Native Method)
	at java.base/jdk.internal.reflect.NativeConstructorAccessorImpl.newInstance(NativeConstructorAccessorImpl.java:62)
	at java.base/jdk.internal.reflect.DelegatingConstructorAccessorImpl.newInstance(DelegatingConstructorAccessorImpl.java:45)
	at java.base/java.lang.reflect.Constructor.newInstance(Constructor.java:490)
	at ptolemy.util.test.junit.AutoKnownFailedTests.RunModel(AutoKnownFailedTests.java:105)
	at java.base/jdk.internal.reflect.NativeMethodAccessorImpl.invoke0(Native Method)
	at java.base/jdk.internal.reflect.NativeMethodAccessorImpl.invoke(NativeMethodAccessorImpl.java:62)
	at java.base/jdk.internal.reflect.DelegatingMethodAccessorImpl.invoke(DelegatingMethodAccessorImpl.java:43)
	at java.base/java.lang.reflect.Method.invoke(Method.java:566)
	at org.junit.runners.model.FrameworkMethod$1.runReflectiveCall(FrameworkMethod.java:44)
	at org.junit.internal.runners.model.ReflectiveCallable.run(ReflectiveCallable.java:15)
	at org.junit.runners.model.FrameworkMethod.invokeExplosively(FrameworkMethod.java:41)
	at junitparams.internal.InvokeParameterisedMethod.evaluate(InvokeParameterisedMethod.java:102)
	at org.junit.internal.runners.statements.FailOnTimeout$1.run(FailOnTimeout.java:28)
Caused by: ptolemy.kernel.util.IllegalActionException: Found a zero delay loop containing .dependencyLoop2.original
  in .dependencyLoop2 and .dependencyLoop2.original
	at ptolemy.actor.util.CausalityInterfaceForComposites._computeOutputPortDepth(CausalityInterfaceForComposites.java:759)
	at ptolemy.actor.util.CausalityInterfaceForComposites._computeInputDepth(CausalityInterfaceForComposites.java:696)
	at ptolemy.actor.util.CausalityInterfaceForComposites._computeOutputPortDepth(CausalityInterfaceForComposites.java:765)
	at ptolemy.actor.util.CausalityInterfaceForComposites._computeInputDepth(CausalityInterfaceForComposites.java:696)
	at ptolemy.actor.util.CausalityInterfaceForComposites._computeOutputPortDepth(CausalityInterfaceForComposites.java:765)
	at ptolemy.actor.util.CausalityInterfaceForComposites._computeInputDepth(CausalityInterfaceForComposites.java:696)
	at ptolemy.actor.util.CausalityInterfaceForComposites._computeActorDepth(CausalityInterfaceForComposites.java:532)
	at ptolemy.actor.util.CausalityInterfaceForComposites.checkForCycles(CausalityInterfaceForComposites.java:96)
	at ptolemy.domains.de.kernel.DEDirector.preinitialize(DEDirector.java:1338)
	at ptolemy.actor.CompositeActor.preinitialize(CompositeActor.java:1828)
	at ptolemy.actor.Manager.preinitializeAndResolveTypes(Manager.java:1040)
	at ptolemy.actor.Manager.initialize(Manager.java:710)
	at ptolemy.actor.Manager.execute(Manager.java:356)
	at ptolemy.actor.Manager.run(Manager.java:1263)
	at ptolemy.actor.Manager$PtolemyRunThread.run(Manager.java:1933)
]]></system-err>
</testsuite>
