<?xml version="1.0" encoding="UTF-8" ?>
<testsuite errors="0" failures="0" hostname="travis-job-fb6d286a-0e75-4d98-8b3d-ac44021160dc" name="ptolemy.domains.sdf.lib.test.junit.JUnitTclTest" skipped="0" tests="82" time="9.326" timestamp="2019-07-13T16:34:28">
  <properties>
[...]
</properties>
  <testcase classname="ptolemy.util.test.junit.TclTests" name="[0] /home/travis/build/icyphy/ptII/ptolemy/domains/sdf/lib/test/ArrayToSequence.tcl (RunTclFile)" time="0.679" />
  <testcase classname="ptolemy.util.test.junit.TclTests" name="[1] /home/travis/build/icyphy/ptII/ptolemy/domains/sdf/lib/test/BitsToInt.tcl (RunTclFile)" time="0.068" />
  <testcase classname="ptolemy.util.test.junit.TclTests" name="[2] /home/travis/build/icyphy/ptII/ptolemy/domains/sdf/lib/test/DelayLine.tcl (RunTclFile)" time="0.065" />
  <testcase classname="ptolemy.util.test.junit.TclTests" name="[3] /home/travis/build/icyphy/ptII/ptolemy/domains/sdf/lib/test/FFT.tcl (RunTclFile)" time="0.034" />
  <testcase classname="ptolemy.util.test.junit.TclTests" name="[4] /home/travis/build/icyphy/ptII/ptolemy/domains/sdf/lib/test/FIR.tcl (RunTclFile)" time="0.208" />
  <testcase classname="ptolemy.util.test.junit.TclTests" name="[5] /home/travis/build/icyphy/ptII/ptolemy/domains/sdf/lib/test/IntToBits.tcl (RunTclFile)" time="0.056" />
  <testcase classname="ptolemy.util.test.junit.TclTests" name="[6] /home/travis/build/icyphy/ptII/ptolemy/domains/sdf/lib/test/MaximumEntropySpectrum.tcl (RunTclFile)" time="0.422" />
  <testcase classname="ptolemy.util.test.junit.TclTests" name="[7] /home/travis/build/icyphy/ptII/ptolemy/domains/sdf/lib/test/Repeat.tcl (RunTclFile)" time="0.02" />
  <testcase classname="ptolemy.util.test.junit.TclTests" name="[8] /home/travis/build/icyphy/ptII/ptolemy/domains/sdf/lib/test/SampleDelay.tcl (RunTclFile)" time="0.057" />
  <testcase classname="ptolemy.util.test.junit.TclTests" name="[9] /home/travis/build/icyphy/ptII/ptolemy/domains/sdf/lib/test/SequenceToArray.tcl (RunTclFile)" time="0.052" />
  <testcase classname="ptolemy.util.test.junit.AutoKnownFailedTests" name="[0] ThereAreNoKnowFailedTests (RunModel)" time="0.011" />
  <testcase classname="ptolemy.util.test.junit.AutoNameArchTests" name="[0] ThereAreNoAutoArchTests (RunModel)" time="0.001" />
  <testcase classname="ptolemy.util.test.junit.AutoTests" name="[0] /home/travis/build/icyphy/ptII/ptolemy/domains/sdf/lib/test/auto/ArrayToSequence.xml (RunModel)" time="0.282" />
  <testcase classname="ptolemy.util.test.junit.AutoTests" name="[1] /home/travis/build/icyphy/ptII/ptolemy/domains/sdf/lib/test/auto/ArrayToSequenceTest.xml (RunModel)" time="0.052" />
  <testcase classname="ptolemy.util.test.junit.AutoTests" name="[2] /home/travis/build/icyphy/ptII/ptolemy/domains/sdf/lib/test/auto/Autocorrelation.xml (RunModel)" time="0.043" />
  <testcase classname="ptolemy.util.test.junit.AutoTests" name="[3] /home/travis/build/icyphy/ptII/ptolemy/domains/sdf/lib/test/auto/Autocorrelation2.xml (RunModel)" time="0.045" />
  <testcase classname="ptolemy.util.test.junit.AutoTests" name="[4] /home/travis/build/icyphy/ptII/ptolemy/domains/sdf/lib/test/auto/Autocorrelation3.xml (RunModel)" time="0.024" />
  <testcase classname="ptolemy.util.test.junit.AutoTests" name="[5] /home/travis/build/icyphy/ptII/ptolemy/domains/sdf/lib/test/auto/Autocorrelation4.xml (RunModel)" time="0.063" />
  <testcase classname="ptolemy.util.test.junit.AutoTests" name="[6] /home/travis/build/icyphy/ptII/ptolemy/domains/sdf/lib/test/auto/Autocorrelation5.xml (RunModel)" time="0.09" />
  <testcase classname="ptolemy.util.test.junit.AutoTests" name="[7] /home/travis/build/icyphy/ptII/ptolemy/domains/sdf/lib/test/auto/BitsToInt.xml (RunModel)" time="0.038" />
  <testcase classname="ptolemy.util.test.junit.AutoTests" name="[8] /home/travis/build/icyphy/ptII/ptolemy/domains/sdf/lib/test/auto/BooleanJoin.xml (RunModel)" time="0.067" />
  <testcase classname="ptolemy.util.test.junit.AutoTests" name="[9] /home/travis/build/icyphy/ptII/ptolemy/domains/sdf/lib/test/auto/BootstrapSampleDelay.xml (RunModel)" time="0.058" />
  <testcase classname="ptolemy.util.test.junit.AutoTests" name="[10] /home/travis/build/icyphy/ptII/ptolemy/domains/sdf/lib/test/auto/Chop.xml (RunModel)" time="0.038" />
  <testcase classname="ptolemy.util.test.junit.AutoTests" name="[11] /home/travis/build/icyphy/ptII/ptolemy/domains/sdf/lib/test/auto/Chop2.xml (RunModel)" time="0.052" />
  <testcase classname="ptolemy.util.test.junit.AutoTests" name="[12] /home/travis/build/icyphy/ptII/ptolemy/domains/sdf/lib/test/auto/ComplexJoin.xml (RunModel)" time="0.064" />
  <testcase classname="ptolemy.util.test.junit.AutoTests" name="[13] /home/travis/build/icyphy/ptII/ptolemy/domains/sdf/lib/test/auto/CountTrues.xml (RunModel)" time="0.032" />
  <testcase classname="ptolemy.util.test.junit.AutoTests" name="[14] /home/travis/build/icyphy/ptII/ptolemy/domains/sdf/lib/test/auto/DelayLine.xml (RunModel)" time="0.048" />
  <testcase classname="ptolemy.util.test.junit.AutoTests" name="[15] /home/travis/build/icyphy/ptII/ptolemy/domains/sdf/lib/test/auto/DotProduct.xml (RunModel)" time="0.025" />
  <testcase classname="ptolemy.util.test.junit.AutoTests" name="[16] /home/travis/build/icyphy/ptII/ptolemy/domains/sdf/lib/test/auto/DotProductMatrix.xml (RunModel)" time="0.026" />
  <testcase classname="ptolemy.util.test.junit.AutoTests" name="[17] /home/travis/build/icyphy/ptII/ptolemy/domains/sdf/lib/test/auto/DownSample1.xml (RunModel)" time="0.036" />
  <testcase classname="ptolemy.util.test.junit.AutoTests" name="[18] /home/travis/build/icyphy/ptII/ptolemy/domains/sdf/lib/test/auto/DynamicRateChange.xml (RunModel)" time="0.046" />
  <testcase classname="ptolemy.util.test.junit.AutoTests" name="[19] /home/travis/build/icyphy/ptII/ptolemy/domains/sdf/lib/test/auto/DynamicRates.xml (RunModel)" time="0.054" />
  <testcase classname="ptolemy.util.test.junit.AutoTests" name="[20] /home/travis/build/icyphy/ptII/ptolemy/domains/sdf/lib/test/auto/FFT1.xml (RunModel)" time="0.056" />
  <testcase classname="ptolemy.util.test.junit.AutoTests" name="[21] /home/travis/build/icyphy/ptII/ptolemy/domains/sdf/lib/test/auto/FIR1.xml (RunModel)" time="0.062" />
  <testcase classname="ptolemy.util.test.junit.AutoTests" name="[22] /home/travis/build/icyphy/ptII/ptolemy/domains/sdf/lib/test/auto/FIR2.xml (RunModel)" time="0.031" />
  <testcase classname="ptolemy.util.test.junit.AutoTests" name="[23] /home/travis/build/icyphy/ptII/ptolemy/domains/sdf/lib/test/auto/FIR4.xml (RunModel)" time="0.06" />
  <testcase classname="ptolemy.util.test.junit.AutoTests" name="[24] /home/travis/build/icyphy/ptII/ptolemy/domains/sdf/lib/test/auto/FixJoin.xml (RunModel)" time="0.025" />
  <testcase classname="ptolemy.util.test.junit.AutoTests" name="[25] /home/travis/build/icyphy/ptII/ptolemy/domains/sdf/lib/test/auto/IntJoin1.xml (RunModel)" time="0.027" />
  <testcase classname="ptolemy.util.test.junit.AutoTests" name="[26] /home/travis/build/icyphy/ptII/ptolemy/domains/sdf/lib/test/auto/IntJoin2.xml (RunModel)" time="0.023" />
  <testcase classname="ptolemy.util.test.junit.AutoTests" name="[27] /home/travis/build/icyphy/ptII/ptolemy/domains/sdf/lib/test/auto/IntJoin3.xml (RunModel)" time="0.033" />
  <testcase classname="ptolemy.util.test.junit.AutoTests" name="[28] /home/travis/build/icyphy/ptII/ptolemy/domains/sdf/lib/test/auto/IntJoin4.xml (RunModel)" time="0.027" />
  <testcase classname="ptolemy.util.test.junit.AutoTests" name="[29] /home/travis/build/icyphy/ptII/ptolemy/domains/sdf/lib/test/auto/IntJoin5.xml (RunModel)" time="0.04" />
  <testcase classname="ptolemy.util.test.junit.AutoTests" name="[30] /home/travis/build/icyphy/ptII/ptolemy/domains/sdf/lib/test/auto/IntToBits.xml (RunModel)" time="0.022" />
  <testcase classname="ptolemy.util.test.junit.AutoTests" name="[31] /home/travis/build/icyphy/ptII/ptolemy/domains/sdf/lib/test/auto/LMSAdaptive.xml (RunModel)" time="0.081" />
  <testcase classname="ptolemy.util.test.junit.AutoTests" name="[32] /home/travis/build/icyphy/ptII/ptolemy/domains/sdf/lib/test/auto/LMSAdaptiveFIR.xml (RunModel)" time="0.429" />
  <testcase classname="ptolemy.util.test.junit.AutoTests" name="[33] /home/travis/build/icyphy/ptII/ptolemy/domains/sdf/lib/test/auto/LMSAdaptiveFIR2.xml (RunModel)" time="0.432" />
  <testcase classname="ptolemy.util.test.junit.AutoTests" name="[34] /home/travis/build/icyphy/ptII/ptolemy/domains/sdf/lib/test/auto/LongJoin.xml (RunModel)" time="0.047" />
  <testcase classname="ptolemy.util.test.junit.AutoTests" name="[35] /home/travis/build/icyphy/ptII/ptolemy/domains/sdf/lib/test/auto/Matrix1.xml (RunModel)" time="0.044" />
  <testcase classname="ptolemy.util.test.junit.AutoTests" name="[36] /home/travis/build/icyphy/ptII/ptolemy/domains/sdf/lib/test/auto/Matrix2.xml (RunModel)" time="0.029" />
  <testcase classname="ptolemy.util.test.junit.AutoTests" name="[37] /home/travis/build/icyphy/ptII/ptolemy/domains/sdf/lib/test/auto/MatrixJoin1.xml (RunModel)" time="0.025" />
  <testcase classname="ptolemy.util.test.junit.AutoTests" name="[38] /home/travis/build/icyphy/ptII/ptolemy/domains/sdf/lib/test/auto/MatrixJoin2.xml (RunModel)" time="0.02" />
  <testcase classname="ptolemy.util.test.junit.AutoTests" name="[39] /home/travis/build/icyphy/ptII/ptolemy/domains/sdf/lib/test/auto/MatrixJoin3.xml (RunModel)" time="0.025" />
  <testcase classname="ptolemy.util.test.junit.AutoTests" name="[40] /home/travis/build/icyphy/ptII/ptolemy/domains/sdf/lib/test/auto/MatrixJoin4.xml (RunModel)" time="0.023" />
  <testcase classname="ptolemy.util.test.junit.AutoTests" name="[41] /home/travis/build/icyphy/ptII/ptolemy/domains/sdf/lib/test/auto/MatrixJoin5.xml (RunModel)" time="0.02" />
  <testcase classname="ptolemy.util.test.junit.AutoTests" name="[42] /home/travis/build/icyphy/ptII/ptolemy/domains/sdf/lib/test/auto/MatrixSplit1.xml (RunModel)" time="0.027" />
  <testcase classname="ptolemy.util.test.junit.AutoTests" name="[43] /home/travis/build/icyphy/ptII/ptolemy/domains/sdf/lib/test/auto/MatrixSplit10.xml (RunModel)" time="0.019" />
  <testcase classname="ptolemy.util.test.junit.AutoTests" name="[44] /home/travis/build/icyphy/ptII/ptolemy/domains/sdf/lib/test/auto/MatrixSplit11.xml (RunModel)" time="0.014" />
  <testcase classname="ptolemy.util.test.junit.AutoTests" name="[45] /home/travis/build/icyphy/ptII/ptolemy/domains/sdf/lib/test/auto/MatrixSplit12.xml (RunModel)" time="0.018" />
  <testcase classname="ptolemy.util.test.junit.AutoTests" name="[46] /home/travis/build/icyphy/ptII/ptolemy/domains/sdf/lib/test/auto/MatrixSplit13.xml (RunModel)" time="0.031" />
  <testcase classname="ptolemy.util.test.junit.AutoTests" name="[47] /home/travis/build/icyphy/ptII/ptolemy/domains/sdf/lib/test/auto/MatrixSplit14.xml (RunModel)" time="0.025" />
  <testcase classname="ptolemy.util.test.junit.AutoTests" name="[48] /home/travis/build/icyphy/ptII/ptolemy/domains/sdf/lib/test/auto/MatrixSplit2.xml (RunModel)" time="0.015" />
  <testcase classname="ptolemy.util.test.junit.AutoTests" name="[49] /home/travis/build/icyphy/ptII/ptolemy/domains/sdf/lib/test/auto/MatrixSplit3.xml (RunModel)" time="0.014" />
  <testcase classname="ptolemy.util.test.junit.AutoTests" name="[50] /home/travis/build/icyphy/ptII/ptolemy/domains/sdf/lib/test/auto/MatrixSplit4.xml (RunModel)" time="0.015" />
  <testcase classname="ptolemy.util.test.junit.AutoTests" name="[51] /home/travis/build/icyphy/ptII/ptolemy/domains/sdf/lib/test/auto/MatrixSplit5.xml (RunModel)" time="0.029" />
  <testcase classname="ptolemy.util.test.junit.AutoTests" name="[52] /home/travis/build/icyphy/ptII/ptolemy/domains/sdf/lib/test/auto/MatrixSplit6.xml (RunModel)" time="0.034" />
  <testcase classname="ptolemy.util.test.junit.AutoTests" name="[53] /home/travis/build/icyphy/ptII/ptolemy/domains/sdf/lib/test/auto/MatrixSplit7.xml (RunModel)" time="0.015" />
  <testcase classname="ptolemy.util.test.junit.AutoTests" name="[54] /home/travis/build/icyphy/ptII/ptolemy/domains/sdf/lib/test/auto/MatrixSplit8.xml (RunModel)" time="0.019" />
  <testcase classname="ptolemy.util.test.junit.AutoTests" name="[55] /home/travis/build/icyphy/ptII/ptolemy/domains/sdf/lib/test/auto/MatrixSplit9.xml (RunModel)" time="0.029" />
  <testcase classname="ptolemy.util.test.junit.AutoTests" name="[56] /home/travis/build/icyphy/ptII/ptolemy/domains/sdf/lib/test/auto/MatrixToSequence.xml (RunModel)" time="0.031" />
  <testcase classname="ptolemy.util.test.junit.AutoTests" name="[57] /home/travis/build/icyphy/ptII/ptolemy/domains/sdf/lib/test/auto/MaximumEntropySpectrum.xml (RunModel)" time="0.073" />
  <testcase classname="ptolemy.util.test.junit.AutoTests" name="[58] /home/travis/build/icyphy/ptII/ptolemy/domains/sdf/lib/test/auto/SampleDelayConversion.xml (RunModel)" time="0.012" />
  <testcase classname="ptolemy.util.test.junit.AutoTests" name="[59] /home/travis/build/icyphy/ptII/ptolemy/domains/sdf/lib/test/auto/SequenceToArray.xml (RunModel)" time="0.049" />
  <testcase classname="ptolemy.util.test.junit.AutoTests" name="[60] /home/travis/build/icyphy/ptII/ptolemy/domains/sdf/lib/test/auto/SequenceToMatrix.xml (RunModel)" time="3.457" />
  <testcase classname="ptolemy.util.test.junit.AutoTests" name="[61] /home/travis/build/icyphy/ptII/ptolemy/domains/sdf/lib/test/auto/SmoothedPeriodogram.xml (RunModel)" time="0.064" />
  <testcase classname="ptolemy.util.test.junit.AutoTests" name="[62] /home/travis/build/icyphy/ptII/ptolemy/domains/sdf/lib/test/auto/UpDownSample1.xml (RunModel)" time="0.015" />
  <testcase classname="ptolemy.util.test.junit.AutoTests" name="[63] /home/travis/build/icyphy/ptII/ptolemy/domains/sdf/lib/test/auto/UpSample1.xml (RunModel)" time="0.012" />
  <testcase classname="ptolemy.util.test.junit.AutoTests" name="[64] /home/travis/build/icyphy/ptII/ptolemy/domains/sdf/lib/test/auto/VariableFIR.xml (RunModel)" time="0.018" />
  <testcase classname="ptolemy.util.test.junit.AutoTests" name="[65] /home/travis/build/icyphy/ptII/ptolemy/domains/sdf/lib/test/auto/VariableFIR2.xml (RunModel)" time="0.04" />
  <testcase classname="ptolemy.util.test.junit.AutoTests" name="[66] /home/travis/build/icyphy/ptII/ptolemy/domains/sdf/lib/test/auto/VariableLattice.xml (RunModel)" time="0.032" />
  <testcase classname="ptolemy.util.test.junit.AutoTests" name="[67] /home/travis/build/icyphy/ptII/ptolemy/domains/sdf/lib/test/auto/VariableLattice2.xml (RunModel)" time="0.031" />
  <testcase classname="ptolemy.util.test.junit.AutoTests" name="[68] /home/travis/build/icyphy/ptII/ptolemy/domains/sdf/lib/test/auto/VariableRecursiveLattice.xml (RunModel)" time="0.025" />
  <testcase classname="ptolemy.util.test.junit.AutoTests" name="[69] /home/travis/build/icyphy/ptII/ptolemy/domains/sdf/lib/test/auto/VariableRecursiveLattice2.xml (RunModel)" time="0.018" />
  <system-out><![CDATA[/home/travis/build/icyphy/ptII/ptolemy/domains/sdf/lib/test/ArrayToSequence.tcl
testDefs.tcl: setting time out to 9000 seconds at Sat Jul 13 16:34:28 UTC 2019
106 ms. Memory: 120832K Free: 86435K (72%)
24 ms. Memory: 120832K Free: 84418K (70%)
21 ms. Memory: 120832K Free: 82339K (68%)
23 ms. Memory: 120832K Free: 81346K (67%)
/home/travis/build/icyphy/ptII/ptolemy/domains/sdf/lib/test/BitsToInt.tcl
15 ms. Memory: 120832K Free: 79283K (66%)
17 ms. Memory: 120832K Free: 77250K (64%)
/home/travis/build/icyphy/ptII/ptolemy/domains/sdf/lib/test/DelayLine.tcl
24 ms. Memory: 120832K Free: 75716K (63%)
/home/travis/build/icyphy/ptII/ptolemy/domains/sdf/lib/test/FFT.tcl
12 ms. Memory: 120832K Free: 74163K (61%)
/home/travis/build/icyphy/ptII/ptolemy/domains/sdf/lib/test/FIR.tcl
23 ms. Memory: 120832K Free: 72123K (60%)
77 ms. Memory: 120832K Free: 68034K (56%)
ptolemy.kernel.util.IllegalActionException: multiplyReverse method not supported between ptolemy.data.FixToken 'fix(-0.0625,6,2)' and ptolemy.data.IntToken '1' because the types are incomparable.
  in .top.FIRclone
Because:
multiplyReverse method not supported between ptolemy.data.FixToken 'fix(-0.0625,6,2)' and ptolemy.data.IntToken '1' because the types are incomparable.
39 ms. Memory: 120832K Free: 65476K (54%)
/home/travis/build/icyphy/ptII/ptolemy/domains/sdf/lib/test/IntToBits.tcl
22 ms. Memory: 120832K Free: 63938K (53%)
11 ms. Memory: 120832K Free: 62404K (52%)
/home/travis/build/icyphy/ptII/ptolemy/domains/sdf/lib/test/MaximumEntropySpectrum.tcl
/home/travis/build/icyphy/ptII/ptolemy/domains/sdf/lib/test/Repeat.tcl
7 ms. Memory: 120832K Free: 102537K (85%)
/home/travis/build/icyphy/ptII/ptolemy/domains/sdf/lib/test/SampleDelay.tcl
4 ms. Memory: 120832K Free: 100495K (83%)
11 ms. Memory: 120832K Free: 99487K (82%)
4 ms. Memory: 120832K Free: 98963K (82%)
3 ms. Memory: 120832K Free: 97909K (81%)
7 ms. Memory: 120832K Free: 97402K (81%)
2 ms. Memory: 120832K Free: 96893K (80%)
/home/travis/build/icyphy/ptII/ptolemy/domains/sdf/lib/test/SequenceToArray.tcl
5 ms. Memory: 120832K Free: 95369K (79%)
5 ms. Memory: 120832K Free: 94383K (78%)
5 ms. Memory: 120832K Free: 92805K (77%)
5 ms. Memory: 120832K Free: 91757K (76%)
07/13/19 04:34:30
Failed: 0  Total Tests: 41  ((Passed: 41, Newly Passed: 0)  Known Failed: 0) /home/travis/build/icyphy/ptII/ptolemy/domains/sdf/lib/test
No auto/knownFailedTests/*.xml tests in /home/travis/build/icyphy/ptII/ptolemy/domains/sdf/lib/test
No auto/linux-amd64/*.xml tests in /home/travis/build/icyphy/ptII/ptolemy/domains/sdf/lib/test
AutoTests.java: About to close Vertx.
AutoTests.java: Vertx closed.

===========================================================================================
----------------- testing Sat Jul 13 16:34:30 UTC 2019 /home/travis/build/icyphy/ptII/ptolemy/domains/sdf/lib/test/auto/ArrayToSequence.xml
----------------- Instantiating /home/travis/build/icyphy/ptII/ptolemy/domains/sdf/lib/test/auto/ArrayToSequence.xml
48 ms. Memory: 120832K Free: 85375K (71%)
----------------- Invoking toplevel() on ptolemy.moml.MoMLSimpleApplication@9cb70fb
----------------- Done invoking toplevel() on ptolemy.moml.MoMLSimpleApplication@9cb70fb
reloadAllAccessors: .ArrayToSequence

===========================================================================================
----------------- testing Sat Jul 13 16:34:30 UTC 2019 /home/travis/build/icyphy/ptII/ptolemy/domains/sdf/lib/test/auto/ArrayToSequenceTest.xml
----------------- Instantiating /home/travis/build/icyphy/ptII/ptolemy/domains/sdf/lib/test/auto/ArrayToSequenceTest.xml
14 ms. Memory: 120832K Free: 79512K (66%)
----------------- Invoking toplevel() on ptolemy.moml.MoMLSimpleApplication@2477f039
----------------- Done invoking toplevel() on ptolemy.moml.MoMLSimpleApplication@2477f039
reloadAllAccessors: .ArrayToSequenceTest

===========================================================================================
----------------- testing Sat Jul 13 16:34:30 UTC 2019 /home/travis/build/icyphy/ptII/ptolemy/domains/sdf/lib/test/auto/Autocorrelation.xml
----------------- Instantiating /home/travis/build/icyphy/ptII/ptolemy/domains/sdf/lib/test/auto/Autocorrelation.xml
6 ms. Memory: 120832K Free: 75114K (62%)
----------------- Invoking toplevel() on ptolemy.moml.MoMLSimpleApplication@7a2a0d4d
----------------- Done invoking toplevel() on ptolemy.moml.MoMLSimpleApplication@7a2a0d4d
reloadAllAccessors: .Autocorrelation

===========================================================================================
----------------- testing Sat Jul 13 16:34:30 UTC 2019 /home/travis/build/icyphy/ptII/ptolemy/domains/sdf/lib/test/auto/Autocorrelation2.xml
----------------- Instantiating /home/travis/build/icyphy/ptII/ptolemy/domains/sdf/lib/test/auto/Autocorrelation2.xml
4 ms. Memory: 120832K Free: 102314K (85%)
----------------- Invoking toplevel() on ptolemy.moml.MoMLSimpleApplication@1eeccb04
----------------- Done invoking toplevel() on ptolemy.moml.MoMLSimpleApplication@1eeccb04
reloadAllAccessors: .Autocorrelation2

===========================================================================================
----------------- testing Sat Jul 13 16:34:30 UTC 2019 /home/travis/build/icyphy/ptII/ptolemy/domains/sdf/lib/test/auto/Autocorrelation3.xml
----------------- Instantiating /home/travis/build/icyphy/ptII/ptolemy/domains/sdf/lib/test/auto/Autocorrelation3.xml
6 ms. Memory: 120832K Free: 98153K (81%)
----------------- Invoking toplevel() on ptolemy.moml.MoMLSimpleApplication@19f6371d
----------------- Done invoking toplevel() on ptolemy.moml.MoMLSimpleApplication@19f6371d
reloadAllAccessors: .Autocorrelation3

===========================================================================================
----------------- testing Sat Jul 13 16:34:30 UTC 2019 /home/travis/build/icyphy/ptII/ptolemy/domains/sdf/lib/test/auto/Autocorrelation4.xml
----------------- Instantiating /home/travis/build/icyphy/ptII/ptolemy/domains/sdf/lib/test/auto/Autocorrelation4.xml
5 ms. Memory: 120832K Free: 94049K (78%)
----------------- Invoking toplevel() on ptolemy.moml.MoMLSimpleApplication@1318a4bb
----------------- Done invoking toplevel() on ptolemy.moml.MoMLSimpleApplication@1318a4bb
reloadAllAccessors: .Autocorrelation4

===========================================================================================
----------------- testing Sat Jul 13 16:34:30 UTC 2019 /home/travis/build/icyphy/ptII/ptolemy/domains/sdf/lib/test/auto/Autocorrelation5.xml
----------------- Instantiating /home/travis/build/icyphy/ptII/ptolemy/domains/sdf/lib/test/auto/Autocorrelation5.xml
44 ms. Memory: 120832K Free: 87205K (72%)
----------------- Invoking toplevel() on ptolemy.moml.MoMLSimpleApplication@5928c322
----------------- Done invoking toplevel() on ptolemy.moml.MoMLSimpleApplication@5928c322
reloadAllAccessors: .Autocorrelation5

===========================================================================================
----------------- testing Sat Jul 13 16:34:31 UTC 2019 /home/travis/build/icyphy/ptII/ptolemy/domains/sdf/lib/test/auto/BitsToInt.xml
----------------- Instantiating /home/travis/build/icyphy/ptII/ptolemy/domains/sdf/lib/test/auto/BitsToInt.xml
6 ms. Memory: 120832K Free: 83801K (69%)
----------------- Invoking toplevel() on ptolemy.moml.MoMLSimpleApplication@43a3a7bd
----------------- Done invoking toplevel() on ptolemy.moml.MoMLSimpleApplication@43a3a7bd
reloadAllAccessors: .BitsToInt

===========================================================================================
----------------- testing Sat Jul 13 16:34:31 UTC 2019 /home/travis/build/icyphy/ptII/ptolemy/domains/sdf/lib/test/auto/BooleanJoin.xml
----------------- Instantiating /home/travis/build/icyphy/ptII/ptolemy/domains/sdf/lib/test/auto/BooleanJoin.xml
9 ms. Memory: 120832K Free: 79681K (66%)
----------------- Invoking toplevel() on ptolemy.moml.MoMLSimpleApplication@13e4d4d3
----------------- Done invoking toplevel() on ptolemy.moml.MoMLSimpleApplication@13e4d4d3
reloadAllAccessors: .BooleanJoin

===========================================================================================
----------------- testing Sat Jul 13 16:34:31 UTC 2019 /home/travis/build/icyphy/ptII/ptolemy/domains/sdf/lib/test/auto/BootstrapSampleDelay.xml
----------------- Instantiating /home/travis/build/icyphy/ptII/ptolemy/domains/sdf/lib/test/auto/BootstrapSampleDelay.xml
15 ms. Memory: 120832K Free: 75639K (63%)
----------------- Invoking toplevel() on ptolemy.moml.MoMLSimpleApplication@1ada600
----------------- Done invoking toplevel() on ptolemy.moml.MoMLSimpleApplication@1ada600
reloadAllAccessors: .BootstrapSampleDelay

===========================================================================================
----------------- testing Sat Jul 13 16:34:31 UTC 2019 /home/travis/build/icyphy/ptII/ptolemy/domains/sdf/lib/test/auto/Chop.xml
----------------- Instantiating /home/travis/build/icyphy/ptII/ptolemy/domains/sdf/lib/test/auto/Chop.xml
5 ms. Memory: 120832K Free: 68772K (57%)
----------------- Invoking toplevel() on ptolemy.moml.MoMLSimpleApplication@6fb2ce00
----------------- Done invoking toplevel() on ptolemy.moml.MoMLSimpleApplication@6fb2ce00
reloadAllAccessors: .Chop

===========================================================================================
----------------- testing Sat Jul 13 16:34:31 UTC 2019 /home/travis/build/icyphy/ptII/ptolemy/domains/sdf/lib/test/auto/Chop2.xml
----------------- Instantiating /home/travis/build/icyphy/ptII/ptolemy/domains/sdf/lib/test/auto/Chop2.xml
4 ms. Memory: 120832K Free: 62922K (52%)
----------------- Invoking toplevel() on ptolemy.moml.MoMLSimpleApplication@47f38ab1
----------------- Done invoking toplevel() on ptolemy.moml.MoMLSimpleApplication@47f38ab1
reloadAllAccessors: .Chop2

===========================================================================================
----------------- testing Sat Jul 13 16:34:31 UTC 2019 /home/travis/build/icyphy/ptII/ptolemy/domains/sdf/lib/test/auto/ComplexJoin.xml
----------------- Instantiating /home/travis/build/icyphy/ptII/ptolemy/domains/sdf/lib/test/auto/ComplexJoin.xml
7 ms. Memory: 120832K Free: 101906K (84%)
----------------- Invoking toplevel() on ptolemy.moml.MoMLSimpleApplication@150b4d9e
----------------- Done invoking toplevel() on ptolemy.moml.MoMLSimpleApplication@150b4d9e
reloadAllAccessors: .ComplexJoin

===========================================================================================
----------------- testing Sat Jul 13 16:34:31 UTC 2019 /home/travis/build/icyphy/ptII/ptolemy/domains/sdf/lib/test/auto/CountTrues.xml
----------------- Instantiating /home/travis/build/icyphy/ptII/ptolemy/domains/sdf/lib/test/auto/CountTrues.xml
7 ms. Memory: 120832K Free: 98171K (81%)
----------------- Invoking toplevel() on ptolemy.moml.MoMLSimpleApplication@4462a8e7
----------------- Done invoking toplevel() on ptolemy.moml.MoMLSimpleApplication@4462a8e7
reloadAllAccessors: .CountTrues

===========================================================================================
----------------- testing Sat Jul 13 16:34:31 UTC 2019 /home/travis/build/icyphy/ptII/ptolemy/domains/sdf/lib/test/auto/DelayLine.xml
----------------- Instantiating /home/travis/build/icyphy/ptII/ptolemy/domains/sdf/lib/test/auto/DelayLine.xml
7 ms. Memory: 120832K Free: 93045K (77%)
----------------- Invoking toplevel() on ptolemy.moml.MoMLSimpleApplication@540ab07c
----------------- Done invoking toplevel() on ptolemy.moml.MoMLSimpleApplication@540ab07c
reloadAllAccessors: .DelayLine

===========================================================================================
----------------- testing Sat Jul 13 16:34:31 UTC 2019 /home/travis/build/icyphy/ptII/ptolemy/domains/sdf/lib/test/auto/DotProduct.xml
----------------- Instantiating /home/travis/build/icyphy/ptII/ptolemy/domains/sdf/lib/test/auto/DotProduct.xml
8 ms. Memory: 120832K Free: 89469K (74%)
----------------- Invoking toplevel() on ptolemy.moml.MoMLSimpleApplication@2700f982
----------------- Done invoking toplevel() on ptolemy.moml.MoMLSimpleApplication@2700f982
reloadAllAccessors: .DotProduct

===========================================================================================
----------------- testing Sat Jul 13 16:34:31 UTC 2019 /home/travis/build/icyphy/ptII/ptolemy/domains/sdf/lib/test/auto/DotProductMatrix.xml
----------------- Instantiating /home/travis/build/icyphy/ptII/ptolemy/domains/sdf/lib/test/auto/DotProductMatrix.xml
5 ms. Memory: 120832K Free: 86907K (72%)
----------------- Invoking toplevel() on ptolemy.moml.MoMLSimpleApplication@729a4ff
----------------- Done invoking toplevel() on ptolemy.moml.MoMLSimpleApplication@729a4ff
reloadAllAccessors: .DotProductMatrix

===========================================================================================
----------------- testing Sat Jul 13 16:34:31 UTC 2019 /home/travis/build/icyphy/ptII/ptolemy/domains/sdf/lib/test/auto/DownSample1.xml
----------------- Instantiating /home/travis/build/icyphy/ptII/ptolemy/domains/sdf/lib/test/auto/DownSample1.xml
11 ms. Memory: 120832K Free: 83325K (69%)
----------------- Invoking toplevel() on ptolemy.moml.MoMLSimpleApplication@7983814d
----------------- Done invoking toplevel() on ptolemy.moml.MoMLSimpleApplication@7983814d
reloadAllAccessors: .DownSample1

===========================================================================================
----------------- testing Sat Jul 13 16:34:31 UTC 2019 /home/travis/build/icyphy/ptII/ptolemy/domains/sdf/lib/test/auto/DynamicRateChange.xml
----------------- Instantiating /home/travis/build/icyphy/ptII/ptolemy/domains/sdf/lib/test/auto/DynamicRateChange.xml
19 ms. Memory: 120832K Free: 77677K (64%)
----------------- Invoking toplevel() on ptolemy.moml.MoMLSimpleApplication@70f8006f
----------------- Done invoking toplevel() on ptolemy.moml.MoMLSimpleApplication@70f8006f
reloadAllAccessors: .DynamicRateChange

===========================================================================================
----------------- testing Sat Jul 13 16:34:31 UTC 2019 /home/travis/build/icyphy/ptII/ptolemy/domains/sdf/lib/test/auto/DynamicRates.xml
----------------- Instantiating /home/travis/build/icyphy/ptII/ptolemy/domains/sdf/lib/test/auto/DynamicRates.xml
18 ms. Memory: 120832K Free: 72571K (60%)
----------------- Invoking toplevel() on ptolemy.moml.MoMLSimpleApplication@6478daae
----------------- Done invoking toplevel() on ptolemy.moml.MoMLSimpleApplication@6478daae
reloadAllAccessors: .DynamicRates

===========================================================================================
----------------- testing Sat Jul 13 16:34:31 UTC 2019 /home/travis/build/icyphy/ptII/ptolemy/domains/sdf/lib/test/auto/FFT1.xml
----------------- Instantiating /home/travis/build/icyphy/ptII/ptolemy/domains/sdf/lib/test/auto/FFT1.xml
11 ms. Memory: 120832K Free: 67451K (56%)
----------------- Invoking toplevel() on ptolemy.moml.MoMLSimpleApplication@6532a310
----------------- Done invoking toplevel() on ptolemy.moml.MoMLSimpleApplication@6532a310
reloadAllAccessors: .FFT1

===========================================================================================
----------------- testing Sat Jul 13 16:34:31 UTC 2019 /home/travis/build/icyphy/ptII/ptolemy/domains/sdf/lib/test/auto/FIR1.xml
----------------- Instantiating /home/travis/build/icyphy/ptII/ptolemy/domains/sdf/lib/test/auto/FIR1.xml
21 ms. Memory: 120832K Free: 60283K (50%)
----------------- Invoking toplevel() on ptolemy.moml.MoMLSimpleApplication@20c0e23d
----------------- Done invoking toplevel() on ptolemy.moml.MoMLSimpleApplication@20c0e23d
reloadAllAccessors: .FIR1

===========================================================================================
----------------- testing Sat Jul 13 16:34:31 UTC 2019 /home/travis/build/icyphy/ptII/ptolemy/domains/sdf/lib/test/auto/FIR2.xml
----------------- Instantiating /home/travis/build/icyphy/ptII/ptolemy/domains/sdf/lib/test/auto/FIR2.xml
2 ms. Memory: 120832K Free: 56701K (47%)
----------------- Invoking toplevel() on ptolemy.moml.MoMLSimpleApplication@4d97d252
----------------- Done invoking toplevel() on ptolemy.moml.MoMLSimpleApplication@4d97d252
reloadAllAccessors: .FIR2

===========================================================================================
----------------- testing Sat Jul 13 16:34:31 UTC 2019 /home/travis/build/icyphy/ptII/ptolemy/domains/sdf/lib/test/auto/FIR4.xml
----------------- Instantiating /home/travis/build/icyphy/ptII/ptolemy/domains/sdf/lib/test/auto/FIR4.xml
4 ms. Memory: 120832K Free: 103748K (86%)
----------------- Invoking toplevel() on ptolemy.moml.MoMLSimpleApplication@6ec4ffc1
----------------- Done invoking toplevel() on ptolemy.moml.MoMLSimpleApplication@6ec4ffc1
reloadAllAccessors: .FIR4

===========================================================================================
----------------- testing Sat Jul 13 16:34:31 UTC 2019 /home/travis/build/icyphy/ptII/ptolemy/domains/sdf/lib/test/auto/FixJoin.xml
----------------- Instantiating /home/travis/build/icyphy/ptII/ptolemy/domains/sdf/lib/test/auto/FixJoin.xml
3 ms. Memory: 120832K Free: 98989K (82%)
----------------- Invoking toplevel() on ptolemy.moml.MoMLSimpleApplication@60aa2794
----------------- Done invoking toplevel() on ptolemy.moml.MoMLSimpleApplication@60aa2794
reloadAllAccessors: .FixJoin

===========================================================================================
----------------- testing Sat Jul 13 16:34:31 UTC 2019 /home/travis/build/icyphy/ptII/ptolemy/domains/sdf/lib/test/auto/IntJoin1.xml
----------------- Instantiating /home/travis/build/icyphy/ptII/ptolemy/domains/sdf/lib/test/auto/IntJoin1.xml
5 ms. Memory: 120832K Free: 94275K (78%)
----------------- Invoking toplevel() on ptolemy.moml.MoMLSimpleApplication@1cbf4d32
----------------- Done invoking toplevel() on ptolemy.moml.MoMLSimpleApplication@1cbf4d32
reloadAllAccessors: .IntJoin1

===========================================================================================
----------------- testing Sat Jul 13 16:34:31 UTC 2019 /home/travis/build/icyphy/ptII/ptolemy/domains/sdf/lib/test/auto/IntJoin2.xml
----------------- Instantiating /home/travis/build/icyphy/ptII/ptolemy/domains/sdf/lib/test/auto/IntJoin2.xml
5 ms. Memory: 120832K Free: 89795K (74%)
----------------- Invoking toplevel() on ptolemy.moml.MoMLSimpleApplication@57513509
----------------- Done invoking toplevel() on ptolemy.moml.MoMLSimpleApplication@57513509
reloadAllAccessors: .IntJoin2

===========================================================================================
----------------- testing Sat Jul 13 16:34:31 UTC 2019 /home/travis/build/icyphy/ptII/ptolemy/domains/sdf/lib/test/auto/IntJoin3.xml
----------------- Instantiating /home/travis/build/icyphy/ptII/ptolemy/domains/sdf/lib/test/auto/IntJoin3.xml
6 ms. Memory: 120832K Free: 85669K (71%)
----------------- Invoking toplevel() on ptolemy.moml.MoMLSimpleApplication@2fe34516
----------------- Done invoking toplevel() on ptolemy.moml.MoMLSimpleApplication@2fe34516
reloadAllAccessors: .IntJoin3

===========================================================================================
----------------- testing Sat Jul 13 16:34:31 UTC 2019 /home/travis/build/icyphy/ptII/ptolemy/domains/sdf/lib/test/auto/IntJoin4.xml
----------------- Instantiating /home/travis/build/icyphy/ptII/ptolemy/domains/sdf/lib/test/auto/IntJoin4.xml
4 ms. Memory: 120832K Free: 81220K (67%)
----------------- Invoking toplevel() on ptolemy.moml.MoMLSimpleApplication@2af9a516
----------------- Done invoking toplevel() on ptolemy.moml.MoMLSimpleApplication@2af9a516
reloadAllAccessors: .IntJoin4

===========================================================================================
----------------- testing Sat Jul 13 16:34:31 UTC 2019 /home/travis/build/icyphy/ptII/ptolemy/domains/sdf/lib/test/auto/IntJoin5.xml
----------------- Instantiating /home/travis/build/icyphy/ptII/ptolemy/domains/sdf/lib/test/auto/IntJoin5.xml
3 ms. Memory: 120832K Free: 76867K (64%)
----------------- Invoking toplevel() on ptolemy.moml.MoMLSimpleApplication@1203a54d
----------------- Done invoking toplevel() on ptolemy.moml.MoMLSimpleApplication@1203a54d
reloadAllAccessors: .IntJoin5

===========================================================================================
----------------- testing Sat Jul 13 16:34:32 UTC 2019 /home/travis/build/icyphy/ptII/ptolemy/domains/sdf/lib/test/auto/IntToBits.xml
----------------- Instantiating /home/travis/build/icyphy/ptII/ptolemy/domains/sdf/lib/test/auto/IntToBits.xml
8 ms. Memory: 120832K Free: 73397K (61%)
----------------- Invoking toplevel() on ptolemy.moml.MoMLSimpleApplication@12b23196
----------------- Done invoking toplevel() on ptolemy.moml.MoMLSimpleApplication@12b23196
reloadAllAccessors: .IntToBits

===========================================================================================
----------------- testing Sat Jul 13 16:34:32 UTC 2019 /home/travis/build/icyphy/ptII/ptolemy/domains/sdf/lib/test/auto/LMSAdaptive.xml
----------------- Instantiating /home/travis/build/icyphy/ptII/ptolemy/domains/sdf/lib/test/auto/LMSAdaptive.xml
26 ms. Memory: 120832K Free: 65189K (54%)
----------------- Invoking toplevel() on ptolemy.moml.MoMLSimpleApplication@5c2b8e77
----------------- Done invoking toplevel() on ptolemy.moml.MoMLSimpleApplication@5c2b8e77
reloadAllAccessors: .LMSAdaptive

===========================================================================================
----------------- testing Sat Jul 13 16:34:32 UTC 2019 /home/travis/build/icyphy/ptII/ptolemy/domains/sdf/lib/test/auto/LMSAdaptiveFIR.xml
----------------- Instantiating /home/travis/build/icyphy/ptII/ptolemy/domains/sdf/lib/test/auto/LMSAdaptiveFIR.xml
321 ms. Memory: 120832K Free: 87655K (73%)
----------------- Invoking toplevel() on ptolemy.moml.MoMLSimpleApplication@34a632
----------------- Done invoking toplevel() on ptolemy.moml.MoMLSimpleApplication@34a632
reloadAllAccessors: .LMSAdaptiveFIR

===========================================================================================
----------------- testing Sat Jul 13 16:34:32 UTC 2019 /home/travis/build/icyphy/ptII/ptolemy/domains/sdf/lib/test/auto/LMSAdaptiveFIR2.xml
----------------- Instantiating /home/travis/build/icyphy/ptII/ptolemy/domains/sdf/lib/test/auto/LMSAdaptiveFIR2.xml
347 ms. Memory: 145408K Free: 112751K (78%)
----------------- Invoking toplevel() on ptolemy.moml.MoMLSimpleApplication@60144b74
----------------- Done invoking toplevel() on ptolemy.moml.MoMLSimpleApplication@60144b74
reloadAllAccessors: .LMSAdaptiveFIR2

===========================================================================================
----------------- testing Sat Jul 13 16:34:32 UTC 2019 /home/travis/build/icyphy/ptII/ptolemy/domains/sdf/lib/test/auto/LongJoin.xml
----------------- Instantiating /home/travis/build/icyphy/ptII/ptolemy/domains/sdf/lib/test/auto/LongJoin.xml
3 ms. Memory: 145408K Free: 107675K (74%)
----------------- Invoking toplevel() on ptolemy.moml.MoMLSimpleApplication@3c22de90
----------------- Done invoking toplevel() on ptolemy.moml.MoMLSimpleApplication@3c22de90
reloadAllAccessors: .LongJoin

===========================================================================================
----------------- testing Sat Jul 13 16:34:33 UTC 2019 /home/travis/build/icyphy/ptII/ptolemy/domains/sdf/lib/test/auto/Matrix1.xml
----------------- Instantiating /home/travis/build/icyphy/ptII/ptolemy/domains/sdf/lib/test/auto/Matrix1.xml
3 ms. Memory: 145408K Free: 104079K (72%)
----------------- Invoking toplevel() on ptolemy.moml.MoMLSimpleApplication@346e0793
----------------- Done invoking toplevel() on ptolemy.moml.MoMLSimpleApplication@346e0793
reloadAllAccessors: .Matrix1

===========================================================================================
----------------- testing Sat Jul 13 16:34:33 UTC 2019 /home/travis/build/icyphy/ptII/ptolemy/domains/sdf/lib/test/auto/Matrix2.xml
----------------- Instantiating /home/travis/build/icyphy/ptII/ptolemy/domains/sdf/lib/test/auto/Matrix2.xml
4 ms. Memory: 145408K Free: 99983K (69%)
----------------- Invoking toplevel() on ptolemy.moml.MoMLSimpleApplication@391b926b
----------------- Done invoking toplevel() on ptolemy.moml.MoMLSimpleApplication@391b926b
reloadAllAccessors: .Matrix2

===========================================================================================
----------------- testing Sat Jul 13 16:34:33 UTC 2019 /home/travis/build/icyphy/ptII/ptolemy/domains/sdf/lib/test/auto/MatrixJoin1.xml
----------------- Instantiating /home/travis/build/icyphy/ptII/ptolemy/domains/sdf/lib/test/auto/MatrixJoin1.xml
2 ms. Memory: 145408K Free: 95379K (66%)
----------------- Invoking toplevel() on ptolemy.moml.MoMLSimpleApplication@4722d34e
----------------- Done invoking toplevel() on ptolemy.moml.MoMLSimpleApplication@4722d34e
reloadAllAccessors: .MatrixJoin1

===========================================================================================
----------------- testing Sat Jul 13 16:34:33 UTC 2019 /home/travis/build/icyphy/ptII/ptolemy/domains/sdf/lib/test/auto/MatrixJoin2.xml
----------------- Instantiating /home/travis/build/icyphy/ptII/ptolemy/domains/sdf/lib/test/auto/MatrixJoin2.xml
3 ms. Memory: 145408K Free: 90729K (62%)
----------------- Invoking toplevel() on ptolemy.moml.MoMLSimpleApplication@3df86ebe
----------------- Done invoking toplevel() on ptolemy.moml.MoMLSimpleApplication@3df86ebe
reloadAllAccessors: .MatrixJoin2

===========================================================================================
----------------- testing Sat Jul 13 16:34:33 UTC 2019 /home/travis/build/icyphy/ptII/ptolemy/domains/sdf/lib/test/auto/MatrixJoin3.xml
----------------- Instantiating /home/travis/build/icyphy/ptII/ptolemy/domains/sdf/lib/test/auto/MatrixJoin3.xml
7 ms. Memory: 145408K Free: 86179K (59%)
----------------- Invoking toplevel() on ptolemy.moml.MoMLSimpleApplication@95e9ba1
----------------- Done invoking toplevel() on ptolemy.moml.MoMLSimpleApplication@95e9ba1
reloadAllAccessors: .MatrixJoin3

===========================================================================================
----------------- testing Sat Jul 13 16:34:33 UTC 2019 /home/travis/build/icyphy/ptII/ptolemy/domains/sdf/lib/test/auto/MatrixJoin4.xml
----------------- Instantiating /home/travis/build/icyphy/ptII/ptolemy/domains/sdf/lib/test/auto/MatrixJoin4.xml
2 ms. Memory: 145408K Free: 82059K (56%)
----------------- Invoking toplevel() on ptolemy.moml.MoMLSimpleApplication@667ab23c
----------------- Done invoking toplevel() on ptolemy.moml.MoMLSimpleApplication@667ab23c
reloadAllAccessors: .MatrixJoin4

===========================================================================================
----------------- testing Sat Jul 13 16:34:33 UTC 2019 /home/travis/build/icyphy/ptII/ptolemy/domains/sdf/lib/test/auto/MatrixJoin5.xml
----------------- Instantiating /home/travis/build/icyphy/ptII/ptolemy/domains/sdf/lib/test/auto/MatrixJoin5.xml
3 ms. Memory: 145408K Free: 78001K (54%)
----------------- Invoking toplevel() on ptolemy.moml.MoMLSimpleApplication@40d2b272
----------------- Done invoking toplevel() on ptolemy.moml.MoMLSimpleApplication@40d2b272
reloadAllAccessors: .MatrixJoin5

===========================================================================================
----------------- testing Sat Jul 13 16:34:33 UTC 2019 /home/travis/build/icyphy/ptII/ptolemy/domains/sdf/lib/test/auto/MatrixSplit1.xml
----------------- Instantiating /home/travis/build/icyphy/ptII/ptolemy/domains/sdf/lib/test/auto/MatrixSplit1.xml
2 ms. Memory: 145408K Free: 72815K (50%)
----------------- Invoking toplevel() on ptolemy.moml.MoMLSimpleApplication@7da3a3d0
----------------- Done invoking toplevel() on ptolemy.moml.MoMLSimpleApplication@7da3a3d0
reloadAllAccessors: .MatrixSplit1

===========================================================================================
----------------- testing Sat Jul 13 16:34:33 UTC 2019 /home/travis/build/icyphy/ptII/ptolemy/domains/sdf/lib/test/auto/MatrixSplit10.xml
----------------- Instantiating /home/travis/build/icyphy/ptII/ptolemy/domains/sdf/lib/test/auto/MatrixSplit10.xml
3 ms. Memory: 145408K Free: 69233K (48%)
----------------- Invoking toplevel() on ptolemy.moml.MoMLSimpleApplication@721b183d
----------------- Done invoking toplevel() on ptolemy.moml.MoMLSimpleApplication@721b183d
reloadAllAccessors: .MatrixSplit10

===========================================================================================
----------------- testing Sat Jul 13 16:34:33 UTC 2019 /home/travis/build/icyphy/ptII/ptolemy/domains/sdf/lib/test/auto/MatrixSplit11.xml
----------------- Instantiating /home/travis/build/icyphy/ptII/ptolemy/domains/sdf/lib/test/auto/MatrixSplit11.xml
2 ms. Memory: 145408K Free: 65683K (45%)
----------------- Invoking toplevel() on ptolemy.moml.MoMLSimpleApplication@55fe3e42
----------------- Done invoking toplevel() on ptolemy.moml.MoMLSimpleApplication@55fe3e42
reloadAllAccessors: .MatrixSplit11

===========================================================================================
----------------- testing Sat Jul 13 16:34:33 UTC 2019 /home/travis/build/icyphy/ptII/ptolemy/domains/sdf/lib/test/auto/MatrixSplit12.xml
----------------- Instantiating /home/travis/build/icyphy/ptII/ptolemy/domains/sdf/lib/test/auto/MatrixSplit12.xml
2 ms. Memory: 145408K Free: 62049K (43%)
----------------- Invoking toplevel() on ptolemy.moml.MoMLSimpleApplication@743d6d7b
----------------- Done invoking toplevel() on ptolemy.moml.MoMLSimpleApplication@743d6d7b
reloadAllAccessors: .MatrixSplit12

===========================================================================================
----------------- testing Sat Jul 13 16:34:33 UTC 2019 /home/travis/build/icyphy/ptII/ptolemy/domains/sdf/lib/test/auto/MatrixSplit13.xml
----------------- Instantiating /home/travis/build/icyphy/ptII/ptolemy/domains/sdf/lib/test/auto/MatrixSplit13.xml
3 ms. Memory: 145408K Free: 58545K (40%)
----------------- Invoking toplevel() on ptolemy.moml.MoMLSimpleApplication@122c3735
----------------- Done invoking toplevel() on ptolemy.moml.MoMLSimpleApplication@122c3735
reloadAllAccessors: .MatrixSplit13

===========================================================================================
----------------- testing Sat Jul 13 16:34:33 UTC 2019 /home/travis/build/icyphy/ptII/ptolemy/domains/sdf/lib/test/auto/MatrixSplit14.xml
----------------- Instantiating /home/travis/build/icyphy/ptII/ptolemy/domains/sdf/lib/test/auto/MatrixSplit14.xml
2 ms. Memory: 145408K Free: 127257K (88%)
----------------- Invoking toplevel() on ptolemy.moml.MoMLSimpleApplication@4443d85a
----------------- Done invoking toplevel() on ptolemy.moml.MoMLSimpleApplication@4443d85a
reloadAllAccessors: .MatrixSplit14

===========================================================================================
----------------- testing Sat Jul 13 16:34:33 UTC 2019 /home/travis/build/icyphy/ptII/ptolemy/domains/sdf/lib/test/auto/MatrixSplit2.xml
----------------- Instantiating /home/travis/build/icyphy/ptII/ptolemy/domains/sdf/lib/test/auto/MatrixSplit2.xml
2 ms. Memory: 145408K Free: 123677K (85%)
----------------- Invoking toplevel() on ptolemy.moml.MoMLSimpleApplication@5c881c1a
----------------- Done invoking toplevel() on ptolemy.moml.MoMLSimpleApplication@5c881c1a
reloadAllAccessors: .MatrixSplit2

===========================================================================================
----------------- testing Sat Jul 13 16:34:33 UTC 2019 /home/travis/build/icyphy/ptII/ptolemy/domains/sdf/lib/test/auto/MatrixSplit3.xml
----------------- Instantiating /home/travis/build/icyphy/ptII/ptolemy/domains/sdf/lib/test/auto/MatrixSplit3.xml
2 ms. Memory: 145408K Free: 120111K (83%)
----------------- Invoking toplevel() on ptolemy.moml.MoMLSimpleApplication@1bcfbc96
----------------- Done invoking toplevel() on ptolemy.moml.MoMLSimpleApplication@1bcfbc96
reloadAllAccessors: .MatrixSplit3

===========================================================================================
----------------- testing Sat Jul 13 16:34:33 UTC 2019 /home/travis/build/icyphy/ptII/ptolemy/domains/sdf/lib/test/auto/MatrixSplit4.xml
----------------- Instantiating /home/travis/build/icyphy/ptII/ptolemy/domains/sdf/lib/test/auto/MatrixSplit4.xml
2 ms. Memory: 145408K Free: 116525K (80%)
----------------- Invoking toplevel() on ptolemy.moml.MoMLSimpleApplication@115eda4c
----------------- Done invoking toplevel() on ptolemy.moml.MoMLSimpleApplication@115eda4c
reloadAllAccessors: .MatrixSplit4

===========================================================================================
----------------- testing Sat Jul 13 16:34:33 UTC 2019 /home/travis/build/icyphy/ptII/ptolemy/domains/sdf/lib/test/auto/MatrixSplit5.xml
----------------- Instantiating /home/travis/build/icyphy/ptII/ptolemy/domains/sdf/lib/test/auto/MatrixSplit5.xml
11 ms. Memory: 145408K Free: 112913K (78%)
----------------- Invoking toplevel() on ptolemy.moml.MoMLSimpleApplication@32a54393
----------------- Done invoking toplevel() on ptolemy.moml.MoMLSimpleApplication@32a54393
reloadAllAccessors: .MatrixSplit5

===========================================================================================
----------------- testing Sat Jul 13 16:34:33 UTC 2019 /home/travis/build/icyphy/ptII/ptolemy/domains/sdf/lib/test/auto/MatrixSplit6.xml
----------------- Instantiating /home/travis/build/icyphy/ptII/ptolemy/domains/sdf/lib/test/auto/MatrixSplit6.xml
2 ms. Memory: 145408K Free: 109341K (75%)
----------------- Invoking toplevel() on ptolemy.moml.MoMLSimpleApplication@63ee01f6
----------------- Done invoking toplevel() on ptolemy.moml.MoMLSimpleApplication@63ee01f6
reloadAllAccessors: .MatrixSplit6

===========================================================================================
----------------- testing Sat Jul 13 16:34:33 UTC 2019 /home/travis/build/icyphy/ptII/ptolemy/domains/sdf/lib/test/auto/MatrixSplit7.xml
----------------- Instantiating /home/travis/build/icyphy/ptII/ptolemy/domains/sdf/lib/test/auto/MatrixSplit7.xml
2 ms. Memory: 145408K Free: 105775K (73%)
----------------- Invoking toplevel() on ptolemy.moml.MoMLSimpleApplication@131f032c
----------------- Done invoking toplevel() on ptolemy.moml.MoMLSimpleApplication@131f032c
reloadAllAccessors: .MatrixSplit7

===========================================================================================
----------------- testing Sat Jul 13 16:34:33 UTC 2019 /home/travis/build/icyphy/ptII/ptolemy/domains/sdf/lib/test/auto/MatrixSplit8.xml
----------------- Instantiating /home/travis/build/icyphy/ptII/ptolemy/domains/sdf/lib/test/auto/MatrixSplit8.xml
2 ms. Memory: 145408K Free: 102689K (71%)
----------------- Invoking toplevel() on ptolemy.moml.MoMLSimpleApplication@78cadc7e
----------------- Done invoking toplevel() on ptolemy.moml.MoMLSimpleApplication@78cadc7e
reloadAllAccessors: .MatrixSplit8

===========================================================================================
----------------- testing Sat Jul 13 16:34:33 UTC 2019 /home/travis/build/icyphy/ptII/ptolemy/domains/sdf/lib/test/auto/MatrixSplit9.xml
----------------- Instantiating /home/travis/build/icyphy/ptII/ptolemy/domains/sdf/lib/test/auto/MatrixSplit9.xml
6 ms. Memory: 145408K Free: 99100K (68%)
----------------- Invoking toplevel() on ptolemy.moml.MoMLSimpleApplication@52efb0d1
----------------- Done invoking toplevel() on ptolemy.moml.MoMLSimpleApplication@52efb0d1
reloadAllAccessors: .MatrixSplit9

===========================================================================================
----------------- testing Sat Jul 13 16:34:33 UTC 2019 /home/travis/build/icyphy/ptII/ptolemy/domains/sdf/lib/test/auto/MatrixToSequence.xml
----------------- Instantiating /home/travis/build/icyphy/ptII/ptolemy/domains/sdf/lib/test/auto/MatrixToSequence.xml
4 ms. Memory: 145408K Free: 89391K (61%)
----------------- Invoking toplevel() on ptolemy.moml.MoMLSimpleApplication@544289ef
----------------- Done invoking toplevel() on ptolemy.moml.MoMLSimpleApplication@544289ef
reloadAllAccessors: .MatrixToSequence

===========================================================================================
----------------- testing Sat Jul 13 16:34:33 UTC 2019 /home/travis/build/icyphy/ptII/ptolemy/domains/sdf/lib/test/auto/MaximumEntropySpectrum.xml
----------------- Instantiating /home/travis/build/icyphy/ptII/ptolemy/domains/sdf/lib/test/auto/MaximumEntropySpectrum.xml
11 ms. Memory: 145408K Free: 68419K (47%)
----------------- Invoking toplevel() on ptolemy.moml.MoMLSimpleApplication@13480d36
----------------- Done invoking toplevel() on ptolemy.moml.MoMLSimpleApplication@13480d36
reloadAllAccessors: .MaximumEntropySpectrum

===========================================================================================
----------------- testing Sat Jul 13 16:34:33 UTC 2019 /home/travis/build/icyphy/ptII/ptolemy/domains/sdf/lib/test/auto/SampleDelayConversion.xml
----------------- Instantiating /home/travis/build/icyphy/ptII/ptolemy/domains/sdf/lib/test/auto/SampleDelayConversion.xml
2 ms. Memory: 145408K Free: 64301K (44%)
----------------- Invoking toplevel() on ptolemy.moml.MoMLSimpleApplication@4c1b2ac3
----------------- Done invoking toplevel() on ptolemy.moml.MoMLSimpleApplication@4c1b2ac3
reloadAllAccessors: .SampleDelayConversion

===========================================================================================
----------------- testing Sat Jul 13 16:34:33 UTC 2019 /home/travis/build/icyphy/ptII/ptolemy/domains/sdf/lib/test/auto/SequenceToArray.xml
----------------- Instantiating /home/travis/build/icyphy/ptII/ptolemy/domains/sdf/lib/test/auto/SequenceToArray.xml
7 ms. Memory: 145408K Free: 126800K (87%)
----------------- Invoking toplevel() on ptolemy.moml.MoMLSimpleApplication@3107b612
----------------- Done invoking toplevel() on ptolemy.moml.MoMLSimpleApplication@3107b612
reloadAllAccessors: .SequenceToArray

===========================================================================================
----------------- testing Sat Jul 13 16:34:33 UTC 2019 /home/travis/build/icyphy/ptII/ptolemy/domains/sdf/lib/test/auto/SequenceToMatrix.xml
----------------- Instantiating /home/travis/build/icyphy/ptII/ptolemy/domains/sdf/lib/test/auto/SequenceToMatrix.xml
3440 ms. Memory: 145408K Free: 76834K (53%)
----------------- Invoking toplevel() on ptolemy.moml.MoMLSimpleApplication@430bfe3f
----------------- Done invoking toplevel() on ptolemy.moml.MoMLSimpleApplication@430bfe3f
reloadAllAccessors: .SequenceToMatrix

===========================================================================================
----------------- testing Sat Jul 13 16:34:37 UTC 2019 /home/travis/build/icyphy/ptII/ptolemy/domains/sdf/lib/test/auto/SmoothedPeriodogram.xml
----------------- Instantiating /home/travis/build/icyphy/ptII/ptolemy/domains/sdf/lib/test/auto/SmoothedPeriodogram.xml
7 ms. Memory: 145408K Free: 60960K (42%)
----------------- Invoking toplevel() on ptolemy.moml.MoMLSimpleApplication@59890e7e
----------------- Done invoking toplevel() on ptolemy.moml.MoMLSimpleApplication@59890e7e
reloadAllAccessors: .SmoothedPeriodogram

===========================================================================================
----------------- testing Sat Jul 13 16:34:37 UTC 2019 /home/travis/build/icyphy/ptII/ptolemy/domains/sdf/lib/test/auto/UpDownSample1.xml
----------------- Instantiating /home/travis/build/icyphy/ptII/ptolemy/domains/sdf/lib/test/auto/UpDownSample1.xml
3 ms. Memory: 145408K Free: 56354K (39%)
----------------- Invoking toplevel() on ptolemy.moml.MoMLSimpleApplication@e73530e
----------------- Done invoking toplevel() on ptolemy.moml.MoMLSimpleApplication@e73530e
reloadAllAccessors: .UpDownSample1

===========================================================================================
----------------- testing Sat Jul 13 16:34:37 UTC 2019 /home/travis/build/icyphy/ptII/ptolemy/domains/sdf/lib/test/auto/UpSample1.xml
----------------- Instantiating /home/travis/build/icyphy/ptII/ptolemy/domains/sdf/lib/test/auto/UpSample1.xml
2 ms. Memory: 145408K Free: 52768K (36%)
----------------- Invoking toplevel() on ptolemy.moml.MoMLSimpleApplication@2b840071
----------------- Done invoking toplevel() on ptolemy.moml.MoMLSimpleApplication@2b840071
reloadAllAccessors: .UpSample1

===========================================================================================
----------------- testing Sat Jul 13 16:34:37 UTC 2019 /home/travis/build/icyphy/ptII/ptolemy/domains/sdf/lib/test/auto/VariableFIR.xml
----------------- Instantiating /home/travis/build/icyphy/ptII/ptolemy/domains/sdf/lib/test/auto/VariableFIR.xml
3 ms. Memory: 145408K Free: 47648K (33%)
----------------- Invoking toplevel() on ptolemy.moml.MoMLSimpleApplication@633d973c
----------------- Done invoking toplevel() on ptolemy.moml.MoMLSimpleApplication@633d973c
reloadAllAccessors: .VariableFIR

===========================================================================================
----------------- testing Sat Jul 13 16:34:37 UTC 2019 /home/travis/build/icyphy/ptII/ptolemy/domains/sdf/lib/test/auto/VariableFIR2.xml
----------------- Instantiating /home/travis/build/icyphy/ptII/ptolemy/domains/sdf/lib/test/auto/VariableFIR2.xml
3 ms. Memory: 175104K Free: 157498K (90%)
----------------- Invoking toplevel() on ptolemy.moml.MoMLSimpleApplication@48972dbc
----------------- Done invoking toplevel() on ptolemy.moml.MoMLSimpleApplication@48972dbc
reloadAllAccessors: .VariableFIR2

===========================================================================================
----------------- testing Sat Jul 13 16:34:37 UTC 2019 /home/travis/build/icyphy/ptII/ptolemy/domains/sdf/lib/test/auto/VariableLattice.xml
----------------- Instantiating /home/travis/build/icyphy/ptII/ptolemy/domains/sdf/lib/test/auto/VariableLattice.xml
5 ms. Memory: 175104K Free: 150840K (86%)
----------------- Invoking toplevel() on ptolemy.moml.MoMLSimpleApplication@17f0c6a
----------------- Done invoking toplevel() on ptolemy.moml.MoMLSimpleApplication@17f0c6a
reloadAllAccessors: .VariableLattice

===========================================================================================
----------------- testing Sat Jul 13 16:34:37 UTC 2019 /home/travis/build/icyphy/ptII/ptolemy/domains/sdf/lib/test/auto/VariableLattice2.xml
----------------- Instantiating /home/travis/build/icyphy/ptII/ptolemy/domains/sdf/lib/test/auto/VariableLattice2.xml
1.0
-1.999999602036
1.9099998677481
-0.9099996420674
0.205
0.0
0.0
1.0
-0.25
-0.5
0.0
0.0
0.0
0.0
9 ms. Memory: 175104K Free: 146234K (84%)
----------------- Invoking toplevel() on ptolemy.moml.MoMLSimpleApplication@4f9ec0b6
----------------- Done invoking toplevel() on ptolemy.moml.MoMLSimpleApplication@4f9ec0b6
reloadAllAccessors: .VariableLattice2

===========================================================================================
----------------- testing Sat Jul 13 16:34:37 UTC 2019 /home/travis/build/icyphy/ptII/ptolemy/domains/sdf/lib/test/auto/VariableRecursiveLattice.xml
----------------- Instantiating /home/travis/build/icyphy/ptII/ptolemy/domains/sdf/lib/test/auto/VariableRecursiveLattice.xml
7 ms. Memory: 175104K Free: 141624K (81%)
----------------- Invoking toplevel() on ptolemy.moml.MoMLSimpleApplication@1a51ab62
----------------- Done invoking toplevel() on ptolemy.moml.MoMLSimpleApplication@1a51ab62
reloadAllAccessors: .VariableRecursiveLattice

===========================================================================================
----------------- testing Sat Jul 13 16:34:37 UTC 2019 /home/travis/build/icyphy/ptII/ptolemy/domains/sdf/lib/test/auto/VariableRecursiveLattice2.xml
----------------- Instantiating /home/travis/build/icyphy/ptII/ptolemy/domains/sdf/lib/test/auto/VariableRecursiveLattice2.xml
3 ms. Memory: 175104K Free: 137528K (79%)
----------------- Invoking toplevel() on ptolemy.moml.MoMLSimpleApplication@123744ba
----------------- Done invoking toplevel() on ptolemy.moml.MoMLSimpleApplication@123744ba
reloadAllAccessors: .VariableRecursiveLattice2
AutoTests.java: About to close Vertx.
AutoTests.java: Vertx closed.
]]></system-out>
  <system-err><![CDATA[]]></system-err>
</testsuite>
