<?xml version="1.0" encoding="UTF-8" ?>
<testsuite errors="0" failures="0" hostname="travis-job-ef6ec945-4023-4e14-b3ab-d3bd2dd9344b" name="ptolemy.domains.continuous.test.junit.JUnitTclTest" skipped="0" tests="155" time="82.53" timestamp="2018-08-18T01:54:28">
  <properties>
[...]
</properties>
  <testcase classname="ptolemy.util.test.junit.TclTests" name="[0] ThereAreNoTclTests (RunTclFile)" time="0.001" />
  <testcase classname="ptolemy.util.test.junit.AutoKnownFailedTests" name="[0] ThereAreNoKnowFailedTests (RunModel)" time="0.001" />
  <testcase classname="ptolemy.util.test.junit.AutoNameArchTests" name="[0] ThereAreNoAutoArchTests (RunModel)" time="0.0" />
  <testcase classname="ptolemy.util.test.junit.AutoTests" name="[0] /home/travis/build/icyphy/ptII/ptolemy/domains/continuous/test/auto/BouncingBall.xml (RunModel)" time="3.239" />
  <testcase classname="ptolemy.util.test.junit.AutoTests" name="[1] /home/travis/build/icyphy/ptII/ptolemy/domains/continuous/test/auto/BouncingBallWithoutGR.xml (RunModel)" time="1.194" />
  <testcase classname="ptolemy.util.test.junit.AutoTests" name="[2] /home/travis/build/icyphy/ptII/ptolemy/domains/continuous/test/auto/Brownian.xml (RunModel)" time="0.143" />
  <testcase classname="ptolemy.util.test.junit.AutoTests" name="[3] /home/travis/build/icyphy/ptII/ptolemy/domains/continuous/test/auto/CarTracking.xml (RunModel)" time="4.213" />
  <testcase classname="ptolemy.util.test.junit.AutoTests" name="[4] /home/travis/build/icyphy/ptII/ptolemy/domains/continuous/test/auto/CartPendulum.xml (RunModel)" time="0.502" />
  <testcase classname="ptolemy.util.test.junit.AutoTests" name="[5] /home/travis/build/icyphy/ptII/ptolemy/domains/continuous/test/auto/CausalityInterface10.xml (RunModel)" time="0.061" />
  <testcase classname="ptolemy.util.test.junit.AutoTests" name="[6] /home/travis/build/icyphy/ptII/ptolemy/domains/continuous/test/auto/CausalityInterface11.xml (RunModel)" time="0.042" />
  <testcase classname="ptolemy.util.test.junit.AutoTests" name="[7] /home/travis/build/icyphy/ptII/ptolemy/domains/continuous/test/auto/CausalityInterface12.xml (RunModel)" time="0.055" />
  <testcase classname="ptolemy.util.test.junit.AutoTests" name="[8] /home/travis/build/icyphy/ptII/ptolemy/domains/continuous/test/auto/CausalityInterface13.xml (RunModel)" time="0.045" />
  <testcase classname="ptolemy.util.test.junit.AutoTests" name="[9] /home/travis/build/icyphy/ptII/ptolemy/domains/continuous/test/auto/CausalityInterface14.xml (RunModel)" time="0.028" />
  <testcase classname="ptolemy.util.test.junit.AutoTests" name="[10] /home/travis/build/icyphy/ptII/ptolemy/domains/continuous/test/auto/CausalityInterface4.xml (RunModel)" time="0.047" />
  <testcase classname="ptolemy.util.test.junit.AutoTests" name="[11] /home/travis/build/icyphy/ptII/ptolemy/domains/continuous/test/auto/CausalityInterface5.xml (RunModel)" time="0.058" />
  <testcase classname="ptolemy.util.test.junit.AutoTests" name="[12] /home/travis/build/icyphy/ptII/ptolemy/domains/continuous/test/auto/CausalityInterface6.xml (RunModel)" time="0.035" />
  <testcase classname="ptolemy.util.test.junit.AutoTests" name="[13] /home/travis/build/icyphy/ptII/ptolemy/domains/continuous/test/auto/CausalityInterface7.xml (RunModel)" time="0.052" />
  <testcase classname="ptolemy.util.test.junit.AutoTests" name="[14] /home/travis/build/icyphy/ptII/ptolemy/domains/continuous/test/auto/CausalityInterface8.xml (RunModel)" time="0.048" />
  <testcase classname="ptolemy.util.test.junit.AutoTests" name="[15] /home/travis/build/icyphy/ptII/ptolemy/domains/continuous/test/auto/CausalityInterface9.xml (RunModel)" time="0.064" />
  <testcase classname="ptolemy.util.test.junit.AutoTests" name="[16] /home/travis/build/icyphy/ptII/ptolemy/domains/continuous/test/auto/CausalityInterfaceFeedback1.xml (RunModel)" time="0.035" />
  <testcase classname="ptolemy.util.test.junit.AutoTests" name="[17] /home/travis/build/icyphy/ptII/ptolemy/domains/continuous/test/auto/CausalityInterfaceFeedback2.xml (RunModel)" time="0.033" />
  <testcase classname="ptolemy.util.test.junit.AutoTests" name="[18] /home/travis/build/icyphy/ptII/ptolemy/domains/continuous/test/auto/CompareWithCurrentTime.xml (RunModel)" time="0.027" />
  <testcase classname="ptolemy.util.test.junit.AutoTests" name="[19] /home/travis/build/icyphy/ptII/ptolemy/domains/continuous/test/auto/ComparedClocks.xml (RunModel)" time="0.089" />
  <testcase classname="ptolemy.util.test.junit.AutoTests" name="[20] /home/travis/build/icyphy/ptII/ptolemy/domains/continuous/test/auto/ContinuousAOCClone.xml (RunModel)" time="2.623" />
  <testcase classname="ptolemy.util.test.junit.AutoTests" name="[21] /home/travis/build/icyphy/ptII/ptolemy/domains/continuous/test/auto/ContinuousClock.xml (RunModel)" time="0.119" />
  <testcase classname="ptolemy.util.test.junit.AutoTests" name="[22] /home/travis/build/icyphy/ptII/ptolemy/domains/continuous/test/auto/ContinuousInContinuous.xml (RunModel)" time="0.111" />
  <testcase classname="ptolemy.util.test.junit.AutoTests" name="[23] /home/travis/build/icyphy/ptII/ptolemy/domains/continuous/test/auto/ContinuousInContinuousInContinuous.xml (RunModel)" time="0.031" />
  <testcase classname="ptolemy.util.test.junit.AutoTests" name="[24] /home/travis/build/icyphy/ptII/ptolemy/domains/continuous/test/auto/ContinuousInDE.xml (RunModel)" time="0.169" />
  <testcase classname="ptolemy.util.test.junit.AutoTests" name="[25] /home/travis/build/icyphy/ptII/ptolemy/domains/continuous/test/auto/ContinuousInDE2.xml (RunModel)" time="0.061" />
  <testcase classname="ptolemy.util.test.junit.AutoTests" name="[26] /home/travis/build/icyphy/ptII/ptolemy/domains/continuous/test/auto/ContinuousInDE3.xml (RunModel)" time="0.071" />
  <testcase classname="ptolemy.util.test.junit.AutoTests" name="[27] /home/travis/build/icyphy/ptII/ptolemy/domains/continuous/test/auto/ContinuousInDE4.xml (RunModel)" time="0.03" />
  <testcase classname="ptolemy.util.test.junit.AutoTests" name="[28] /home/travis/build/icyphy/ptII/ptolemy/domains/continuous/test/auto/ContinuousInDEDifferentRefinements.xml (RunModel)" time="0.133" />
  <testcase classname="ptolemy.util.test.junit.AutoTests" name="[29] /home/travis/build/icyphy/ptII/ptolemy/domains/continuous/test/auto/ContinuousInDEDifferentRefinementsPreemptive.xml (RunModel)" time="0.095" />
  <testcase classname="ptolemy.util.test.junit.AutoTests" name="[30] /home/travis/build/icyphy/ptII/ptolemy/domains/continuous/test/auto/ContinuousInDEInContinuous2.xml (RunModel)" time="0.07" />
  <testcase classname="ptolemy.util.test.junit.AutoTests" name="[31] /home/travis/build/icyphy/ptII/ptolemy/domains/continuous/test/auto/ContinuousInDEInContinuous3.xml (RunModel)" time="0.07" />
  <testcase classname="ptolemy.util.test.junit.AutoTests" name="[32] /home/travis/build/icyphy/ptII/ptolemy/domains/continuous/test/auto/ContinuousInDEInput.xml (RunModel)" time="0.053" />
  <testcase classname="ptolemy.util.test.junit.AutoTests" name="[33] /home/travis/build/icyphy/ptII/ptolemy/domains/continuous/test/auto/ContinuousInDEInput2.xml (RunModel)" time="0.041" />
  <testcase classname="ptolemy.util.test.junit.AutoTests" name="[34] /home/travis/build/icyphy/ptII/ptolemy/domains/continuous/test/auto/ContinuousInDEInput3.xml (RunModel)" time="0.032" />
  <testcase classname="ptolemy.util.test.junit.AutoTests" name="[35] /home/travis/build/icyphy/ptII/ptolemy/domains/continuous/test/auto/ContinuousInDESharingRefinement.xml (RunModel)" time="0.21" />
  <testcase classname="ptolemy.util.test.junit.AutoTests" name="[36] /home/travis/build/icyphy/ptII/ptolemy/domains/continuous/test/auto/ContinuousInDEwithNoPorts.xml (RunModel)" time="0.024" />
  <testcase classname="ptolemy.util.test.junit.AutoTests" name="[37] /home/travis/build/icyphy/ptII/ptolemy/domains/continuous/test/auto/ContinuousInsideDE.xml (RunModel)" time="0.1" />
  <testcase classname="ptolemy.util.test.junit.AutoTests" name="[38] /home/travis/build/icyphy/ptII/ptolemy/domains/continuous/test/auto/ContinuousMerge1.xml (RunModel)" time="0.013" />
  <testcase classname="ptolemy.util.test.junit.AutoTests" name="[39] /home/travis/build/icyphy/ptII/ptolemy/domains/continuous/test/auto/ContinuousMerge2.xml (RunModel)" time="0.065" />
  <testcase classname="ptolemy.util.test.junit.AutoTests" name="[40] /home/travis/build/icyphy/ptII/ptolemy/domains/continuous/test/auto/ContinuousMerge3.xml (RunModel)" time="0.086" />
  <testcase classname="ptolemy.util.test.junit.AutoTests" name="[41] /home/travis/build/icyphy/ptII/ptolemy/domains/continuous/test/auto/ContinuousWithinContinuous.xml (RunModel)" time="0.075" />
  <testcase classname="ptolemy.util.test.junit.AutoTests" name="[42] /home/travis/build/icyphy/ptII/ptolemy/domains/continuous/test/auto/ContinuousWithinContinuous2.xml (RunModel)" time="0.113" />
  <testcase classname="ptolemy.util.test.junit.AutoTests" name="[43] /home/travis/build/icyphy/ptII/ptolemy/domains/continuous/test/auto/ContinuousWithinContinuous3.xml (RunModel)" time="0.038" />
  <testcase classname="ptolemy.util.test.junit.AutoTests" name="[44] /home/travis/build/icyphy/ptII/ptolemy/domains/continuous/test/auto/ContinuousWithinContinuous4.xml (RunModel)" time="0.116" />
  <testcase classname="ptolemy.util.test.junit.AutoTests" name="[45] /home/travis/build/icyphy/ptII/ptolemy/domains/continuous/test/auto/ContinuousWithinContinuous5.xml (RunModel)" time="0.038" />
  <testcase classname="ptolemy.util.test.junit.AutoTests" name="[46] /home/travis/build/icyphy/ptII/ptolemy/domains/continuous/test/auto/ContinuousWithinContinuous6.xml (RunModel)" time="0.05" />
  <testcase classname="ptolemy.util.test.junit.AutoTests" name="[47] /home/travis/build/icyphy/ptII/ptolemy/domains/continuous/test/auto/ContinuousWithinContinuous7.xml (RunModel)" time="0.098" />
  <testcase classname="ptolemy.util.test.junit.AutoTests" name="[48] /home/travis/build/icyphy/ptII/ptolemy/domains/continuous/test/auto/DCMotor.xml (RunModel)" time="15.816" />
  <testcase classname="ptolemy.util.test.junit.AutoTests" name="[49] /home/travis/build/icyphy/ptII/ptolemy/domains/continuous/test/auto/DEInContinuous.xml (RunModel)" time="0.021" />
  <testcase classname="ptolemy.util.test.junit.AutoTests" name="[50] /home/travis/build/icyphy/ptII/ptolemy/domains/continuous/test/auto/DEinContinuous2.xml (RunModel)" time="0.033" />
  <testcase classname="ptolemy.util.test.junit.AutoTests" name="[51] /home/travis/build/icyphy/ptII/ptolemy/domains/continuous/test/auto/Derivative.xml (RunModel)" time="0.23" />
  <testcase classname="ptolemy.util.test.junit.AutoTests" name="[52] /home/travis/build/icyphy/ptII/ptolemy/domains/continuous/test/auto/Derivative1.xml (RunModel)" time="0.055" />
  <testcase classname="ptolemy.util.test.junit.AutoTests" name="[53] /home/travis/build/icyphy/ptII/ptolemy/domains/continuous/test/auto/DiscreteClock.xml (RunModel)" time="0.014" />
  <testcase classname="ptolemy.util.test.junit.AutoTests" name="[54] /home/travis/build/icyphy/ptII/ptolemy/domains/continuous/test/auto/EfficiencyCurve.xml (RunModel)" time="0.119" />
  <testcase classname="ptolemy.util.test.junit.AutoTests" name="[55] /home/travis/build/icyphy/ptII/ptolemy/domains/continuous/test/auto/ExponentialResponse.xml (RunModel)" time="0.126" />
  <testcase classname="ptolemy.util.test.junit.AutoTests" name="[56] /home/travis/build/icyphy/ptII/ptolemy/domains/continuous/test/auto/ExponentialResponseRK45.xml (RunModel)" time="0.038" />
  <testcase classname="ptolemy.util.test.junit.AutoTests" name="[57] /home/travis/build/icyphy/ptII/ptolemy/domains/continuous/test/auto/Friction.xml (RunModel)" time="1.634" />
  <testcase classname="ptolemy.util.test.junit.AutoTests" name="[58] /home/travis/build/icyphy/ptII/ptolemy/domains/continuous/test/auto/FurutaPendulum.xml (RunModel)" time="3.245" />
  <testcase classname="ptolemy.util.test.junit.AutoTests" name="[59] /home/travis/build/icyphy/ptII/ptolemy/domains/continuous/test/auto/HierarchicalExecution.xml (RunModel)" time="2.766" />
  <testcase classname="ptolemy.util.test.junit.AutoTests" name="[60] /home/travis/build/icyphy/ptII/ptolemy/domains/continuous/test/auto/HybridPlant.xml (RunModel)" time="0.69" />
  <testcase classname="ptolemy.util.test.junit.AutoTests" name="[61] /home/travis/build/icyphy/ptII/ptolemy/domains/continuous/test/auto/Hysteresis.xml (RunModel)" time="0.207" />
  <testcase classname="ptolemy.util.test.junit.AutoTests" name="[62] /home/travis/build/icyphy/ptII/ptolemy/domains/continuous/test/auto/HysteresisWithRandomDelay.xml (RunModel)" time="0.266" />
  <testcase classname="ptolemy.util.test.junit.AutoTests" name="[63] /home/travis/build/icyphy/ptII/ptolemy/domains/continuous/test/auto/HysteresisWithRandomLosses.xml (RunModel)" time="2.698" />
  <testcase classname="ptolemy.util.test.junit.AutoTests" name="[64] /home/travis/build/icyphy/ptII/ptolemy/domains/continuous/test/auto/ImmediateTransitions.xml (RunModel)" time="0.03" />
  <testcase classname="ptolemy.util.test.junit.AutoTests" name="[65] /home/travis/build/icyphy/ptII/ptolemy/domains/continuous/test/auto/ImpulseFeedback.xml (RunModel)" time="0.028" />
  <testcase classname="ptolemy.util.test.junit.AutoTests" name="[66] /home/travis/build/icyphy/ptII/ptolemy/domains/continuous/test/auto/ImpulseFeedback2.xml (RunModel)" time="0.017" />
  <testcase classname="ptolemy.util.test.junit.AutoTests" name="[67] /home/travis/build/icyphy/ptII/ptolemy/domains/continuous/test/auto/IncreasingRatePoisson.xml (RunModel)" time="0.851" />
  <testcase classname="ptolemy.util.test.junit.AutoTests" name="[68] /home/travis/build/icyphy/ptII/ptolemy/domains/continuous/test/auto/InitialStateFeedback.xml (RunModel)" time="0.019" />
  <testcase classname="ptolemy.util.test.junit.AutoTests" name="[69] /home/travis/build/icyphy/ptII/ptolemy/domains/continuous/test/auto/Integration.xml (RunModel)" time="0.023" />
  <testcase classname="ptolemy.util.test.junit.AutoTests" name="[70] /home/travis/build/icyphy/ptII/ptolemy/domains/continuous/test/auto/Integration2.xml (RunModel)" time="0.099" />
  <testcase classname="ptolemy.util.test.junit.AutoTests" name="[71] /home/travis/build/icyphy/ptII/ptolemy/domains/continuous/test/auto/Integration3.xml (RunModel)" time="0.013" />
  <testcase classname="ptolemy.util.test.junit.AutoTests" name="[72] /home/travis/build/icyphy/ptII/ptolemy/domains/continuous/test/auto/Integration5.xml (RunModel)" time="0.034" />
  <testcase classname="ptolemy.util.test.junit.AutoTests" name="[73] /home/travis/build/icyphy/ptII/ptolemy/domains/continuous/test/auto/IntegratorImpulse.xml (RunModel)" time="0.011" />
  <testcase classname="ptolemy.util.test.junit.AutoTests" name="[74] /home/travis/build/icyphy/ptII/ptolemy/domains/continuous/test/auto/IntegratorImpulse2.xml (RunModel)" time="0.012" />
  <testcase classname="ptolemy.util.test.junit.AutoTests" name="[75] /home/travis/build/icyphy/ptII/ptolemy/domains/continuous/test/auto/LevelCrossing1.xml (RunModel)" time="0.013" />
  <testcase classname="ptolemy.util.test.junit.AutoTests" name="[76] /home/travis/build/icyphy/ptII/ptolemy/domains/continuous/test/auto/LevelCrossing2.xml (RunModel)" time="0.013" />
  <testcase classname="ptolemy.util.test.junit.AutoTests" name="[77] /home/travis/build/icyphy/ptII/ptolemy/domains/continuous/test/auto/LevelCrossing3.xml (RunModel)" time="0.021" />
  <testcase classname="ptolemy.util.test.junit.AutoTests" name="[78] /home/travis/build/icyphy/ptII/ptolemy/domains/continuous/test/auto/LevelCrossing4.xml (RunModel)" time="0.022" />
  <testcase classname="ptolemy.util.test.junit.AutoTests" name="[79] /home/travis/build/icyphy/ptII/ptolemy/domains/continuous/test/auto/LevelCrossing5.xml (RunModel)" time="0.014" />
  <testcase classname="ptolemy.util.test.junit.AutoTests" name="[80] /home/travis/build/icyphy/ptII/ptolemy/domains/continuous/test/auto/LevelCrossing6.xml (RunModel)" time="0.016" />
  <testcase classname="ptolemy.util.test.junit.AutoTests" name="[81] /home/travis/build/icyphy/ptII/ptolemy/domains/continuous/test/auto/LevelCrossingDetector.xml (RunModel)" time="0.055" />
  <testcase classname="ptolemy.util.test.junit.AutoTests" name="[82] /home/travis/build/icyphy/ptII/ptolemy/domains/continuous/test/auto/LevelCrossingDetectorDetectingDirections.xml (RunModel)" time="0.095" />
  <testcase classname="ptolemy.util.test.junit.AutoTests" name="[83] /home/travis/build/icyphy/ptII/ptolemy/domains/continuous/test/auto/LevelCrossingDetectorDetectsGlitches.xml (RunModel)" time="0.072" />
  <testcase classname="ptolemy.util.test.junit.AutoTests" name="[84] /home/travis/build/icyphy/ptII/ptolemy/domains/continuous/test/auto/LevelCrossingNoInitialOuput.xml (RunModel)" time="0.013" />
  <testcase classname="ptolemy.util.test.junit.AutoTests" name="[85] /home/travis/build/icyphy/ptII/ptolemy/domains/continuous/test/auto/LinearStateSpaceExample.xml (RunModel)" time="0.036" />
  <testcase classname="ptolemy.util.test.junit.AutoTests" name="[86] /home/travis/build/icyphy/ptII/ptolemy/domains/continuous/test/auto/Lorenz.xml (RunModel)" time="5.187" />
  <testcase classname="ptolemy.util.test.junit.AutoTests" name="[87] /home/travis/build/icyphy/ptII/ptolemy/domains/continuous/test/auto/LorenzDifferentialSystem.xml (RunModel)" time="1.019" />
  <testcase classname="ptolemy.util.test.junit.AutoTests" name="[88] /home/travis/build/icyphy/ptII/ptolemy/domains/continuous/test/auto/LorenzDifferentialSystemWithInput.xml (RunModel)" time="1.693" />
  <testcase classname="ptolemy.util.test.junit.AutoTests" name="[89] /home/travis/build/icyphy/ptII/ptolemy/domains/continuous/test/auto/LorenzDifferentialSystemWithTime.xml (RunModel)" time="0.975" />
  <testcase classname="ptolemy.util.test.junit.AutoTests" name="[90] /home/travis/build/icyphy/ptII/ptolemy/domains/continuous/test/auto/Microsteps.xml (RunModel)" time="0.028" />
  <testcase classname="ptolemy.util.test.junit.AutoTests" name="[91] /home/travis/build/icyphy/ptII/ptolemy/domains/continuous/test/auto/Modal1.xml (RunModel)" time="0.054" />
  <testcase classname="ptolemy.util.test.junit.AutoTests" name="[92] /home/travis/build/icyphy/ptII/ptolemy/domains/continuous/test/auto/Modal2.xml (RunModel)" time="0.054" />
  <testcase classname="ptolemy.util.test.junit.AutoTests" name="[93] /home/travis/build/icyphy/ptII/ptolemy/domains/continuous/test/auto/ModalTransitionGuardWithReset.xml (RunModel)" time="0.031" />
  <testcase classname="ptolemy.util.test.junit.AutoTests" name="[94] /home/travis/build/icyphy/ptII/ptolemy/domains/continuous/test/auto/ModalTransitionGuardWithResetUsingPreemptiveTransition.xml (RunModel)" time="0.035" />
  <testcase classname="ptolemy.util.test.junit.AutoTests" name="[95] /home/travis/build/icyphy/ptII/ptolemy/domains/continuous/test/auto/ModalTransitionGuardWithResetUsingPreemptiveTransition2.xml (RunModel)" time="0.033" />
  <testcase classname="ptolemy.util.test.junit.AutoTests" name="[96] /home/travis/build/icyphy/ptII/ptolemy/domains/continuous/test/auto/ModalTransitionGuardWithResetUsingPreemptiveTransition3.xml (RunModel)" time="0.035" />
  <testcase classname="ptolemy.util.test.junit.AutoTests" name="[97] /home/travis/build/icyphy/ptII/ptolemy/domains/continuous/test/auto/NewtonsCradle.xml (RunModel)" time="0.869" />
  <testcase classname="ptolemy.util.test.junit.AutoTests" name="[98] /home/travis/build/icyphy/ptII/ptolemy/domains/continuous/test/auto/NewtonsCradleAnimated.xml (RunModel)" time="1.255" />
  <testcase classname="ptolemy.util.test.junit.AutoTests" name="[99] /home/travis/build/icyphy/ptII/ptolemy/domains/continuous/test/auto/NewtonsCradleComplicated.xml (RunModel)" time="1.045" />
  <testcase classname="ptolemy.util.test.junit.AutoTests" name="[100] /home/travis/build/icyphy/ptII/ptolemy/domains/continuous/test/auto/NewtonsCradleNondeterministic.xml (RunModel)" time="0.707" />
  <testcase classname="ptolemy.util.test.junit.AutoTests" name="[101] /home/travis/build/icyphy/ptII/ptolemy/domains/continuous/test/auto/NewtonsCradlePerfectlyInelastic1.xml (RunModel)" time="1.261" />
  <testcase classname="ptolemy.util.test.junit.AutoTests" name="[102] /home/travis/build/icyphy/ptII/ptolemy/domains/continuous/test/auto/Noise.xml (RunModel)" time="0.233" />
  <testcase classname="ptolemy.util.test.junit.AutoTests" name="[103] /home/travis/build/icyphy/ptII/ptolemy/domains/continuous/test/auto/NoiseSpectrum.xml (RunModel)" time="0.869" />
  <testcase classname="ptolemy.util.test.junit.AutoTests" name="[104] /home/travis/build/icyphy/ptII/ptolemy/domains/continuous/test/auto/ParameterizedNewtonsCradleAnimated.xml (RunModel)" time="0.419" />
  <testcase classname="ptolemy.util.test.junit.AutoTests" name="[105] /home/travis/build/icyphy/ptII/ptolemy/domains/continuous/test/auto/ParameterizedNewtonsCradleAnimatedNondeterministic.xml (RunModel)" time="1.229" />
  <testcase classname="ptolemy.util.test.junit.AutoTests" name="[106] /home/travis/build/icyphy/ptII/ptolemy/domains/continuous/test/auto/Pendulum3D.xml (RunModel)" time="0.196" />
  <testcase classname="ptolemy.util.test.junit.AutoTests" name="[107] /home/travis/build/icyphy/ptII/ptolemy/domains/continuous/test/auto/PeriodicSampler.xml (RunModel)" time="0.011" />
  <testcase classname="ptolemy.util.test.junit.AutoTests" name="[108] /home/travis/build/icyphy/ptII/ptolemy/domains/continuous/test/auto/PeriodicSampler1.xml (RunModel)" time="0.066" />
  <testcase classname="ptolemy.util.test.junit.AutoTests" name="[109] /home/travis/build/icyphy/ptII/ptolemy/domains/continuous/test/auto/PeriodicSampler2.xml (RunModel)" time="0.09" />
  <testcase classname="ptolemy.util.test.junit.AutoTests" name="[110] /home/travis/build/icyphy/ptII/ptolemy/domains/continuous/test/auto/Poisson.xml (RunModel)" time="0.496" />
  <testcase classname="ptolemy.util.test.junit.AutoTests" name="[111] /home/travis/build/icyphy/ptII/ptolemy/domains/continuous/test/auto/PoissonClock.xml (RunModel)" time="0.01" />
  <testcase classname="ptolemy.util.test.junit.AutoTests" name="[112] /home/travis/build/icyphy/ptII/ptolemy/domains/continuous/test/auto/PoissonClock2.xml (RunModel)" time="0.013" />
  <testcase classname="ptolemy.util.test.junit.AutoTests" name="[113] /home/travis/build/icyphy/ptII/ptolemy/domains/continuous/test/auto/PortParameterHierarchy.xml (RunModel)" time="0.018" />
  <testcase classname="ptolemy.util.test.junit.AutoTests" name="[114] /home/travis/build/icyphy/ptII/ptolemy/domains/continuous/test/auto/RandomHybridPlant.xml (RunModel)" time="0.623" />
  <testcase classname="ptolemy.util.test.junit.AutoTests" name="[115] /home/travis/build/icyphy/ptII/ptolemy/domains/continuous/test/auto/ResetTransitionWithStartTime1.xml (RunModel)" time="0.036" />
  <testcase classname="ptolemy.util.test.junit.AutoTests" name="[116] /home/travis/build/icyphy/ptII/ptolemy/domains/continuous/test/auto/ResetTransitionWithStartTime2.xml (RunModel)" time="0.053" />
  <testcase classname="ptolemy.util.test.junit.AutoTests" name="[117] /home/travis/build/icyphy/ptII/ptolemy/domains/continuous/test/auto/ResetTransitionWithStartTime3.xml (RunModel)" time="0.049" />
  <testcase classname="ptolemy.util.test.junit.AutoTests" name="[118] /home/travis/build/icyphy/ptII/ptolemy/domains/continuous/test/auto/ResetTransitionWithStartTime4.xml (RunModel)" time="0.028" />
  <testcase classname="ptolemy.util.test.junit.AutoTests" name="[119] /home/travis/build/icyphy/ptII/ptolemy/domains/continuous/test/auto/ResetTransitionWithStartTime5.xml (RunModel)" time="0.04" />
  <testcase classname="ptolemy.util.test.junit.AutoTests" name="[120] /home/travis/build/icyphy/ptII/ptolemy/domains/continuous/test/auto/ResetTransitionWithStartTime6.xml (RunModel)" time="0.049" />
  <testcase classname="ptolemy.util.test.junit.AutoTests" name="[121] /home/travis/build/icyphy/ptII/ptolemy/domains/continuous/test/auto/SRinContinuous.xml (RunModel)" time="0.024" />
  <testcase classname="ptolemy.util.test.junit.AutoTests" name="[122] /home/travis/build/icyphy/ptII/ptolemy/domains/continuous/test/auto/SampledClocks.xml (RunModel)" time="0.029" />
  <testcase classname="ptolemy.util.test.junit.AutoTests" name="[123] /home/travis/build/icyphy/ptII/ptolemy/domains/continuous/test/auto/Satellite.xml (RunModel)" time="1.057" />
  <testcase classname="ptolemy.util.test.junit.AutoTests" name="[124] /home/travis/build/icyphy/ptII/ptolemy/domains/continuous/test/auto/SigmaDelta.xml (RunModel)" time="2.995" />
  <testcase classname="ptolemy.util.test.junit.AutoTests" name="[125] /home/travis/build/icyphy/ptII/ptolemy/domains/continuous/test/auto/SinuBouncingBall.xml (RunModel)" time="0.93" />
  <testcase classname="ptolemy.util.test.junit.AutoTests" name="[126] /home/travis/build/icyphy/ptII/ptolemy/domains/continuous/test/auto/Sinusoid.xml (RunModel)" time="0.021" />
  <testcase classname="ptolemy.util.test.junit.AutoTests" name="[127] /home/travis/build/icyphy/ptII/ptolemy/domains/continuous/test/auto/SinusoidInNoise.xml (RunModel)" time="0.976" />
  <testcase classname="ptolemy.util.test.junit.AutoTests" name="[128] /home/travis/build/icyphy/ptII/ptolemy/domains/continuous/test/auto/SinusoidRK45.xml (RunModel)" time="0.011" />
  <testcase classname="ptolemy.util.test.junit.AutoTests" name="[129] /home/travis/build/icyphy/ptII/ptolemy/domains/continuous/test/auto/SinusoidWithMultipleImpulses.xml (RunModel)" time="0.011" />
  <testcase classname="ptolemy.util.test.junit.AutoTests" name="[130] /home/travis/build/icyphy/ptII/ptolemy/domains/continuous/test/auto/SquareWave.xml (RunModel)" time="0.16" />
  <testcase classname="ptolemy.util.test.junit.AutoTests" name="[131] /home/travis/build/icyphy/ptII/ptolemy/domains/continuous/test/auto/Starmac.xml (RunModel)" time="3.553" />
  <testcase classname="ptolemy.util.test.junit.AutoTests" name="[132] /home/travis/build/icyphy/ptII/ptolemy/domains/continuous/test/auto/StaticUnits.xml (RunModel)" time="2.914" />
  <testcase classname="ptolemy.util.test.junit.AutoTests" name="[133] /home/travis/build/icyphy/ptII/ptolemy/domains/continuous/test/auto/StickyMasses.xml (RunModel)" time="0.204" />
  <testcase classname="ptolemy.util.test.junit.AutoTests" name="[134] /home/travis/build/icyphy/ptII/ptolemy/domains/continuous/test/auto/StopTime.xml (RunModel)" time="0.083" />
  <testcase classname="ptolemy.util.test.junit.AutoTests" name="[135] /home/travis/build/icyphy/ptII/ptolemy/domains/continuous/test/auto/StopTime2.xml (RunModel)" time="0.072" />
  <testcase classname="ptolemy.util.test.junit.AutoTests" name="[136] /home/travis/build/icyphy/ptII/ptolemy/domains/continuous/test/auto/Switch.xml (RunModel)" time="0.085" />
  <testcase classname="ptolemy.util.test.junit.AutoTests" name="[137] /home/travis/build/icyphy/ptII/ptolemy/domains/continuous/test/auto/Thermostat.xml (RunModel)" time="0.254" />
  <testcase classname="ptolemy.util.test.junit.AutoTests" name="[138] /home/travis/build/icyphy/ptII/ptolemy/domains/continuous/test/auto/TimeDelay.xml (RunModel)" time="0.012" />
  <testcase classname="ptolemy.util.test.junit.AutoTests" name="[139] /home/travis/build/icyphy/ptII/ptolemy/domains/continuous/test/auto/TimeDelay2.xml (RunModel)" time="0.017" />
  <testcase classname="ptolemy.util.test.junit.AutoTests" name="[140] /home/travis/build/icyphy/ptII/ptolemy/domains/continuous/test/auto/TimeDelay3.xml (RunModel)" time="0.012" />
  <testcase classname="ptolemy.util.test.junit.AutoTests" name="[141] /home/travis/build/icyphy/ptII/ptolemy/domains/continuous/test/auto/TransferAbsentToInside.xml (RunModel)" time="0.126" />
  <testcase classname="ptolemy.util.test.junit.AutoTests" name="[142] /home/travis/build/icyphy/ptII/ptolemy/domains/continuous/test/auto/Transmission.xml (RunModel)" time="0.918" />
  <testcase classname="ptolemy.util.test.junit.AutoTests" name="[143] /home/travis/build/icyphy/ptII/ptolemy/domains/continuous/test/auto/TriggeredContinuousClock.xml (RunModel)" time="0.082" />
  <testcase classname="ptolemy.util.test.junit.AutoTests" name="[144] /home/travis/build/icyphy/ptII/ptolemy/domains/continuous/test/auto/TwoMachineInfiniteBusControl.xml (RunModel)" time="2.639" />
  <testcase classname="ptolemy.util.test.junit.AutoTests" name="[145] /home/travis/build/icyphy/ptII/ptolemy/domains/continuous/test/auto/V2V.xml (RunModel)" time="1.009" />
  <testcase classname="ptolemy.util.test.junit.AutoTests" name="[146] /home/travis/build/icyphy/ptII/ptolemy/domains/continuous/test/auto/hierarchicalModalModel.xml (RunModel)" time="0.037" />
  <testcase classname="ptolemy.util.test.junit.AutoTests" name="[147] /home/travis/build/icyphy/ptII/ptolemy/domains/continuous/test/auto/hierarchicalModalModel1.xml (RunModel)" time="0.036" />
  <testcase classname="ptolemy.util.test.junit.AutoTests" name="[148] /home/travis/build/icyphy/ptII/ptolemy/domains/continuous/test/auto/hierarchicalModalModel2.xml (RunModel)" time="0.052" />
  <testcase classname="ptolemy.util.test.junit.AutoTests" name="[149] /home/travis/build/icyphy/ptII/ptolemy/domains/continuous/test/auto/hierarchicalModalModel3.xml (RunModel)" time="0.028" />
  <testcase classname="ptolemy.util.test.junit.AutoTests" name="[150] /home/travis/build/icyphy/ptII/ptolemy/domains/continuous/test/auto/hierarchicalModalModel4.xml (RunModel)" time="0.034" />
  <testcase classname="ptolemy.util.test.junit.AutoTests" name="[151] /home/travis/build/icyphy/ptII/ptolemy/domains/continuous/test/auto/junk.xml (RunModel)" time="0.145" />
  <system-out><![CDATA[No tcl tests in /home/travis/build/icyphy/ptII/ptolemy/domains/continuous/test
No auto/knownFailedTests/*.xml tests in /home/travis/build/icyphy/ptII/ptolemy/domains/continuous/test
No auto/linux-amd64/*.xml tests in /home/travis/build/icyphy/ptII/ptolemy/domains/continuous/test
AutoTests.java: About to close Vertx.
AutoTests.java: Vertx closed.

===========================================================================================
----------------- testing Sat Aug 18 01:54:29 UTC 2018 /home/travis/build/icyphy/ptII/ptolemy/domains/continuous/test/auto/BouncingBall.xml
----------------- Instantiating /home/travis/build/icyphy/ptII/ptolemy/domains/continuous/test/auto/BouncingBall.xml
2745 ms. Memory: 332288K Free: 322728K (97%)
----------------- Invoking toplevel() on ptolemy.moml.MoMLSimpleApplication@4393cce4
----------------- Done invoking toplevel() on ptolemy.moml.MoMLSimpleApplication@4393cce4
reloadAllAccessors: .BouncingBall

===========================================================================================
----------------- testing Sat Aug 18 01:54:32 UTC 2018 /home/travis/build/icyphy/ptII/ptolemy/domains/continuous/test/auto/BouncingBallWithoutGR.xml
----------------- Instantiating /home/travis/build/icyphy/ptII/ptolemy/domains/continuous/test/auto/BouncingBallWithoutGR.xml
1000 ms. Memory: 332288K Free: 130334K (39%)
----------------- Invoking toplevel() on ptolemy.moml.MoMLSimpleApplication@2abd6446
----------------- Done invoking toplevel() on ptolemy.moml.MoMLSimpleApplication@2abd6446
reloadAllAccessors: .BouncingBallWithoutGR

===========================================================================================
----------------- testing Sat Aug 18 01:54:33 UTC 2018 /home/travis/build/icyphy/ptII/ptolemy/domains/continuous/test/auto/Brownian.xml
----------------- Instantiating /home/travis/build/icyphy/ptII/ptolemy/domains/continuous/test/auto/Brownian.xml
52 ms. Memory: 332288K Free: 118071K (36%)
----------------- Invoking toplevel() on ptolemy.moml.MoMLSimpleApplication@4b0635e2
----------------- Done invoking toplevel() on ptolemy.moml.MoMLSimpleApplication@4b0635e2
reloadAllAccessors: .Brownian

===========================================================================================
----------------- testing Sat Aug 18 01:54:33 UTC 2018 /home/travis/build/icyphy/ptII/ptolemy/domains/continuous/test/auto/CarTracking.xml
----------------- Instantiating /home/travis/build/icyphy/ptII/ptolemy/domains/continuous/test/auto/CarTracking.xml
3748 ms. Memory: 479744K Free: 320929K (67%)
----------------- Invoking toplevel() on ptolemy.moml.MoMLSimpleApplication@320d2250
----------------- Done invoking toplevel() on ptolemy.moml.MoMLSimpleApplication@320d2250
reloadAllAccessors: .CarTracking

===========================================================================================
----------------- testing Sat Aug 18 01:54:37 UTC 2018 /home/travis/build/icyphy/ptII/ptolemy/domains/continuous/test/auto/CartPendulum.xml
----------------- Instantiating /home/travis/build/icyphy/ptII/ptolemy/domains/continuous/test/auto/CartPendulum.xml
336 ms. Memory: 479744K Free: 208801K (44%)
----------------- Invoking toplevel() on ptolemy.moml.MoMLSimpleApplication@676e27da
----------------- Done invoking toplevel() on ptolemy.moml.MoMLSimpleApplication@676e27da
reloadAllAccessors: .CartPendulum

===========================================================================================
----------------- testing Sat Aug 18 01:54:38 UTC 2018 /home/travis/build/icyphy/ptII/ptolemy/domains/continuous/test/auto/CausalityInterface10.xml
----------------- Instantiating /home/travis/build/icyphy/ptII/ptolemy/domains/continuous/test/auto/CausalityInterface10.xml
17 ms. Memory: 479744K Free: 193085K (40%)
----------------- Invoking toplevel() on ptolemy.moml.MoMLSimpleApplication@5f26b7af
----------------- Done invoking toplevel() on ptolemy.moml.MoMLSimpleApplication@5f26b7af
reloadAllAccessors: .CausalityInterface10

===========================================================================================
----------------- testing Sat Aug 18 01:54:38 UTC 2018 /home/travis/build/icyphy/ptII/ptolemy/domains/continuous/test/auto/CausalityInterface11.xml
----------------- Instantiating /home/travis/build/icyphy/ptII/ptolemy/domains/continuous/test/auto/CausalityInterface11.xml
10 ms. Memory: 479744K Free: 181288K (38%)
----------------- Invoking toplevel() on ptolemy.moml.MoMLSimpleApplication@5f695677
----------------- Done invoking toplevel() on ptolemy.moml.MoMLSimpleApplication@5f695677
reloadAllAccessors: .CausalityInterface11

===========================================================================================
----------------- testing Sat Aug 18 01:54:38 UTC 2018 /home/travis/build/icyphy/ptII/ptolemy/domains/continuous/test/auto/CausalityInterface12.xml
----------------- Instantiating /home/travis/build/icyphy/ptII/ptolemy/domains/continuous/test/auto/CausalityInterface12.xml
20 ms. Memory: 479744K Free: 169490K (35%)
----------------- Invoking toplevel() on ptolemy.moml.MoMLSimpleApplication@6f5c03a2
----------------- Done invoking toplevel() on ptolemy.moml.MoMLSimpleApplication@6f5c03a2
reloadAllAccessors: .CausalityInterface12

===========================================================================================
----------------- testing Sat Aug 18 01:54:38 UTC 2018 /home/travis/build/icyphy/ptII/ptolemy/domains/continuous/test/auto/CausalityInterface13.xml
----------------- Instantiating /home/travis/build/icyphy/ptII/ptolemy/domains/continuous/test/auto/CausalityInterface13.xml
7 ms. Memory: 479744K Free: 157693K (33%)
----------------- Invoking toplevel() on ptolemy.moml.MoMLSimpleApplication@1318a1a3
----------------- Done invoking toplevel() on ptolemy.moml.MoMLSimpleApplication@1318a1a3
reloadAllAccessors: .CausalityInterface13

===========================================================================================
----------------- testing Sat Aug 18 01:54:38 UTC 2018 /home/travis/build/icyphy/ptII/ptolemy/domains/continuous/test/auto/CausalityInterface14.xml
----------------- Instantiating /home/travis/build/icyphy/ptII/ptolemy/domains/continuous/test/auto/CausalityInterface14.xml
4 ms. Memory: 479744K Free: 141997K (30%)
----------------- Invoking toplevel() on ptolemy.moml.MoMLSimpleApplication@45521e10
----------------- Done invoking toplevel() on ptolemy.moml.MoMLSimpleApplication@45521e10
reloadAllAccessors: .CausalityInterface14

===========================================================================================
----------------- testing Sat Aug 18 01:54:38 UTC 2018 /home/travis/build/icyphy/ptII/ptolemy/domains/continuous/test/auto/CausalityInterface4.xml
----------------- Instantiating /home/travis/build/icyphy/ptII/ptolemy/domains/continuous/test/auto/CausalityInterface4.xml
8 ms. Memory: 479744K Free: 130200K (27%)
----------------- Invoking toplevel() on ptolemy.moml.MoMLSimpleApplication@63f482da
----------------- Done invoking toplevel() on ptolemy.moml.MoMLSimpleApplication@63f482da
reloadAllAccessors: .CausalityInterface4

===========================================================================================
----------------- testing Sat Aug 18 01:54:38 UTC 2018 /home/travis/build/icyphy/ptII/ptolemy/domains/continuous/test/auto/CausalityInterface5.xml
----------------- Instantiating /home/travis/build/icyphy/ptII/ptolemy/domains/continuous/test/auto/CausalityInterface5.xml
13 ms. Memory: 479744K Free: 118411K (25%)
----------------- Invoking toplevel() on ptolemy.moml.MoMLSimpleApplication@76fbeb36
----------------- Done invoking toplevel() on ptolemy.moml.MoMLSimpleApplication@76fbeb36
reloadAllAccessors: .CausalityInterface5

===========================================================================================
----------------- testing Sat Aug 18 01:54:38 UTC 2018 /home/travis/build/icyphy/ptII/ptolemy/domains/continuous/test/auto/CausalityInterface6.xml
----------------- Instantiating /home/travis/build/icyphy/ptII/ptolemy/domains/continuous/test/auto/CausalityInterface6.xml
5 ms. Memory: 479744K Free: 106630K (22%)
----------------- Invoking toplevel() on ptolemy.moml.MoMLSimpleApplication@6c13de0c
----------------- Done invoking toplevel() on ptolemy.moml.MoMLSimpleApplication@6c13de0c
reloadAllAccessors: .CausalityInterface6

===========================================================================================
----------------- testing Sat Aug 18 01:54:38 UTC 2018 /home/travis/build/icyphy/ptII/ptolemy/domains/continuous/test/auto/CausalityInterface7.xml
----------------- Instantiating /home/travis/build/icyphy/ptII/ptolemy/domains/continuous/test/auto/CausalityInterface7.xml
12 ms. Memory: 479744K Free: 94848K (20%)
----------------- Invoking toplevel() on ptolemy.moml.MoMLSimpleApplication@435fde61
----------------- Done invoking toplevel() on ptolemy.moml.MoMLSimpleApplication@435fde61
reloadAllAccessors: .CausalityInterface7

===========================================================================================
----------------- testing Sat Aug 18 01:54:38 UTC 2018 /home/travis/build/icyphy/ptII/ptolemy/domains/continuous/test/auto/CausalityInterface8.xml
----------------- Instantiating /home/travis/build/icyphy/ptII/ptolemy/domains/continuous/test/auto/CausalityInterface8.xml
11 ms. Memory: 456192K Free: 444875K (98%)
----------------- Invoking toplevel() on ptolemy.moml.MoMLSimpleApplication@62969b21
----------------- Done invoking toplevel() on ptolemy.moml.MoMLSimpleApplication@62969b21
reloadAllAccessors: .CausalityInterface8

===========================================================================================
----------------- testing Sat Aug 18 01:54:38 UTC 2018 /home/travis/build/icyphy/ptII/ptolemy/domains/continuous/test/auto/CausalityInterface9.xml
----------------- Instantiating /home/travis/build/icyphy/ptII/ptolemy/domains/continuous/test/auto/CausalityInterface9.xml
11 ms. Memory: 456192K Free: 425325K (93%)
----------------- Invoking toplevel() on ptolemy.moml.MoMLSimpleApplication@5fbca3bb
----------------- Done invoking toplevel() on ptolemy.moml.MoMLSimpleApplication@5fbca3bb
reloadAllAccessors: .CausalityInterface9

===========================================================================================
----------------- testing Sat Aug 18 01:54:39 UTC 2018 /home/travis/build/icyphy/ptII/ptolemy/domains/continuous/test/auto/CausalityInterfaceFeedback1.xml
----------------- Instantiating /home/travis/build/icyphy/ptII/ptolemy/domains/continuous/test/auto/CausalityInterfaceFeedback1.xml
3 ms. Memory: 456192K Free: 415331K (91%)
----------------- Invoking toplevel() on ptolemy.moml.MoMLSimpleApplication@3e9910f
----------------- Done invoking toplevel() on ptolemy.moml.MoMLSimpleApplication@3e9910f
reloadAllAccessors: .CausalityInterfaceFeedback1

===========================================================================================
----------------- testing Sat Aug 18 01:54:39 UTC 2018 /home/travis/build/icyphy/ptII/ptolemy/domains/continuous/test/auto/CausalityInterfaceFeedback2.xml
----------------- Instantiating /home/travis/build/icyphy/ptII/ptolemy/domains/continuous/test/auto/CausalityInterfaceFeedback2.xml
3 ms. Memory: 456192K Free: 405321K (89%)
----------------- Invoking toplevel() on ptolemy.moml.MoMLSimpleApplication@44b71f
----------------- Done invoking toplevel() on ptolemy.moml.MoMLSimpleApplication@44b71f
reloadAllAccessors: .CausalityInterfaceFeedback2

===========================================================================================
----------------- testing Sat Aug 18 01:54:39 UTC 2018 /home/travis/build/icyphy/ptII/ptolemy/domains/continuous/test/auto/CompareWithCurrentTime.xml
----------------- Instantiating /home/travis/build/icyphy/ptII/ptolemy/domains/continuous/test/auto/CompareWithCurrentTime.xml
3 ms. Memory: 456192K Free: 395328K (87%)
----------------- Invoking toplevel() on ptolemy.moml.MoMLSimpleApplication@7533b352
----------------- Done invoking toplevel() on ptolemy.moml.MoMLSimpleApplication@7533b352
reloadAllAccessors: .CompareWithCurrentTime

===========================================================================================
----------------- testing Sat Aug 18 01:54:39 UTC 2018 /home/travis/build/icyphy/ptII/ptolemy/domains/continuous/test/auto/ComparedClocks.xml
----------------- Instantiating /home/travis/build/icyphy/ptII/ptolemy/domains/continuous/test/auto/ComparedClocks.xml
7 ms. Memory: 456192K Free: 375299K (82%)
----------------- Invoking toplevel() on ptolemy.moml.MoMLSimpleApplication@2069b38a
----------------- Done invoking toplevel() on ptolemy.moml.MoMLSimpleApplication@2069b38a
reloadAllAccessors: .ComparedClocks

===========================================================================================
----------------- testing Sat Aug 18 01:54:39 UTC 2018 /home/travis/build/icyphy/ptII/ptolemy/domains/continuous/test/auto/ContinuousAOCClone.xml
----------------- Instantiating /home/travis/build/icyphy/ptII/ptolemy/domains/continuous/test/auto/ContinuousAOCClone.xml
2380 ms. Memory: 444416K Free: 211389K (48%)
----------------- Invoking toplevel() on ptolemy.moml.MoMLSimpleApplication@3ee72dfb
----------------- Done invoking toplevel() on ptolemy.moml.MoMLSimpleApplication@3ee72dfb
reloadAllAccessors: .ContinuousAOCClone

===========================================================================================
----------------- testing Sat Aug 18 01:54:41 UTC 2018 /home/travis/build/icyphy/ptII/ptolemy/domains/continuous/test/auto/ContinuousClock.xml
----------------- Instantiating /home/travis/build/icyphy/ptII/ptolemy/domains/continuous/test/auto/ContinuousClock.xml
31 ms. Memory: 444416K Free: 184678K (42%)
----------------- Invoking toplevel() on ptolemy.moml.MoMLSimpleApplication@46e0c0d8
----------------- Done invoking toplevel() on ptolemy.moml.MoMLSimpleApplication@46e0c0d8
reloadAllAccessors: .ContinuousClock

===========================================================================================
----------------- testing Sat Aug 18 01:54:41 UTC 2018 /home/travis/build/icyphy/ptII/ptolemy/domains/continuous/test/auto/ContinuousInContinuous.xml
----------------- Instantiating /home/travis/build/icyphy/ptII/ptolemy/domains/continuous/test/auto/ContinuousInContinuous.xml
57 ms. Memory: 444416K Free: 156148K (35%)
----------------- Invoking toplevel() on ptolemy.moml.MoMLSimpleApplication@1798fc3e
----------------- Done invoking toplevel() on ptolemy.moml.MoMLSimpleApplication@1798fc3e
reloadAllAccessors: .ContinuousInContinuous

===========================================================================================
----------------- testing Sat Aug 18 01:54:42 UTC 2018 /home/travis/build/icyphy/ptII/ptolemy/domains/continuous/test/auto/ContinuousInContinuousInContinuous.xml
----------------- Instantiating /home/travis/build/icyphy/ptII/ptolemy/domains/continuous/test/auto/ContinuousInContinuousInContinuous.xml
7 ms. Memory: 444416K Free: 147168K (33%)
----------------- Invoking toplevel() on ptolemy.moml.MoMLSimpleApplication@31f92147
----------------- Done invoking toplevel() on ptolemy.moml.MoMLSimpleApplication@31f92147
reloadAllAccessors: .ContinuousInContinuousInContinuous

===========================================================================================
----------------- testing Sat Aug 18 01:54:42 UTC 2018 /home/travis/build/icyphy/ptII/ptolemy/domains/continuous/test/auto/ContinuousInDE.xml
----------------- Instantiating /home/travis/build/icyphy/ptII/ptolemy/domains/continuous/test/auto/ContinuousInDE.xml
140 ms. Memory: 444416K Free: 133081K (30%)
----------------- Invoking toplevel() on ptolemy.moml.MoMLSimpleApplication@412e09f7
----------------- Done invoking toplevel() on ptolemy.moml.MoMLSimpleApplication@412e09f7
reloadAllAccessors: .ContinuousInDE

===========================================================================================
----------------- testing Sat Aug 18 01:54:42 UTC 2018 /home/travis/build/icyphy/ptII/ptolemy/domains/continuous/test/auto/ContinuousInDE2.xml
----------------- Instantiating /home/travis/build/icyphy/ptII/ptolemy/domains/continuous/test/auto/ContinuousInDE2.xml
48 ms. Memory: 444416K Free: 120538K (27%)
----------------- Invoking toplevel() on ptolemy.moml.MoMLSimpleApplication@7bd2ea80
----------------- Done invoking toplevel() on ptolemy.moml.MoMLSimpleApplication@7bd2ea80
reloadAllAccessors: .ContinuousInDE2

===========================================================================================
----------------- testing Sat Aug 18 01:54:42 UTC 2018 /home/travis/build/icyphy/ptII/ptolemy/domains/continuous/test/auto/ContinuousInDE3.xml
----------------- Instantiating /home/travis/build/icyphy/ptII/ptolemy/domains/continuous/test/auto/ContinuousInDE3.xml
49 ms. Memory: 444416K Free: 106435K (24%)
----------------- Invoking toplevel() on ptolemy.moml.MoMLSimpleApplication@64eff695
----------------- Done invoking toplevel() on ptolemy.moml.MoMLSimpleApplication@64eff695
reloadAllAccessors: .ContinuousInDE3

===========================================================================================
----------------- testing Sat Aug 18 01:54:42 UTC 2018 /home/travis/build/icyphy/ptII/ptolemy/domains/continuous/test/auto/ContinuousInDE4.xml
----------------- Instantiating /home/travis/build/icyphy/ptII/ptolemy/domains/continuous/test/auto/ContinuousInDE4.xml
14 ms. Memory: 444416K Free: 97472K (22%)
----------------- Invoking toplevel() on ptolemy.moml.MoMLSimpleApplication@1e55a4c9
----------------- Done invoking toplevel() on ptolemy.moml.MoMLSimpleApplication@1e55a4c9
reloadAllAccessors: .ContinuousInDE4

===========================================================================================
----------------- testing Sat Aug 18 01:54:42 UTC 2018 /home/travis/build/icyphy/ptII/ptolemy/domains/continuous/test/auto/ContinuousInDEDifferentRefinements.xml
----------------- Instantiating /home/travis/build/icyphy/ptII/ptolemy/domains/continuous/test/auto/ContinuousInDEDifferentRefinements.xml
77 ms. Memory: 423424K Free: 398064K (94%)
----------------- Invoking toplevel() on ptolemy.moml.MoMLSimpleApplication@171ee606
----------------- Done invoking toplevel() on ptolemy.moml.MoMLSimpleApplication@171ee606
reloadAllAccessors: .ContinuousInDEDifferentRefinements

===========================================================================================
----------------- testing Sat Aug 18 01:54:42 UTC 2018 /home/travis/build/icyphy/ptII/ptolemy/domains/continuous/test/auto/ContinuousInDEDifferentRefinementsPreemptive.xml
----------------- Instantiating /home/travis/build/icyphy/ptII/ptolemy/domains/continuous/test/auto/ContinuousInDEDifferentRefinementsPreemptive.xml
50 ms. Memory: 423424K Free: 361719K (85%)
----------------- Invoking toplevel() on ptolemy.moml.MoMLSimpleApplication@182d4c2f
----------------- Done invoking toplevel() on ptolemy.moml.MoMLSimpleApplication@182d4c2f
reloadAllAccessors: .ContinuousInDEDifferentRefinementsPreemptive

===========================================================================================
----------------- testing Sat Aug 18 01:54:42 UTC 2018 /home/travis/build/icyphy/ptII/ptolemy/domains/continuous/test/auto/ContinuousInDEInContinuous2.xml
----------------- Instantiating /home/travis/build/icyphy/ptII/ptolemy/domains/continuous/test/auto/ContinuousInDEInContinuous2.xml
42 ms. Memory: 423424K Free: 345310K (82%)
----------------- Invoking toplevel() on ptolemy.moml.MoMLSimpleApplication@4c6f2507
----------------- Done invoking toplevel() on ptolemy.moml.MoMLSimpleApplication@4c6f2507
reloadAllAccessors: .ContinuousInDEInContinuous2

===========================================================================================
----------------- testing Sat Aug 18 01:54:42 UTC 2018 /home/travis/build/icyphy/ptII/ptolemy/domains/continuous/test/auto/ContinuousInDEInContinuous3.xml
----------------- Instantiating /home/travis/build/icyphy/ptII/ptolemy/domains/continuous/test/auto/ContinuousInDEInContinuous3.xml
43 ms. Memory: 423424K Free: 328885K (78%)
----------------- Invoking toplevel() on ptolemy.moml.MoMLSimpleApplication@17b6b02e
----------------- Done invoking toplevel() on ptolemy.moml.MoMLSimpleApplication@17b6b02e
reloadAllAccessors: .ContinuousInDEInContinuous3

===========================================================================================
----------------- testing Sat Aug 18 01:54:42 UTC 2018 /home/travis/build/icyphy/ptII/ptolemy/domains/continuous/test/auto/ContinuousInDEInput.xml
----------------- Instantiating /home/travis/build/icyphy/ptII/ptolemy/domains/continuous/test/auto/ContinuousInDEInput.xml
29 ms. Memory: 423424K Free: 319314K (75%)
----------------- Invoking toplevel() on ptolemy.moml.MoMLSimpleApplication@4a160761
----------------- Done invoking toplevel() on ptolemy.moml.MoMLSimpleApplication@4a160761
reloadAllAccessors: .ContinuousInDEInput

===========================================================================================
----------------- testing Sat Aug 18 01:54:42 UTC 2018 /home/travis/build/icyphy/ptII/ptolemy/domains/continuous/test/auto/ContinuousInDEInput2.xml
----------------- Instantiating /home/travis/build/icyphy/ptII/ptolemy/domains/continuous/test/auto/ContinuousInDEInput2.xml
19 ms. Memory: 423424K Free: 310761K (73%)
----------------- Invoking toplevel() on ptolemy.moml.MoMLSimpleApplication@7846369b
----------------- Done invoking toplevel() on ptolemy.moml.MoMLSimpleApplication@7846369b
reloadAllAccessors: .ContinuousInDEInput2

===========================================================================================
----------------- testing Sat Aug 18 01:54:42 UTC 2018 /home/travis/build/icyphy/ptII/ptolemy/domains/continuous/test/auto/ContinuousInDEInput3.xml
----------------- Instantiating /home/travis/build/icyphy/ptII/ptolemy/domains/continuous/test/auto/ContinuousInDEInput3.xml
16 ms. Memory: 423424K Free: 299467K (71%)
----------------- Invoking toplevel() on ptolemy.moml.MoMLSimpleApplication@109486c5
----------------- Done invoking toplevel() on ptolemy.moml.MoMLSimpleApplication@109486c5
reloadAllAccessors: .ContinuousInDEInput3

===========================================================================================
----------------- testing Sat Aug 18 01:54:42 UTC 2018 /home/travis/build/icyphy/ptII/ptolemy/domains/continuous/test/auto/ContinuousInDESharingRefinement.xml
----------------- Instantiating /home/travis/build/icyphy/ptII/ptolemy/domains/continuous/test/auto/ContinuousInDESharingRefinement.xml
182 ms. Memory: 423424K Free: 200560K (47%)
----------------- Invoking toplevel() on ptolemy.moml.MoMLSimpleApplication@537413cc
----------------- Done invoking toplevel() on ptolemy.moml.MoMLSimpleApplication@537413cc
reloadAllAccessors: .ContinuousInDESharingRefinement

===========================================================================================
----------------- testing Sat Aug 18 01:54:43 UTC 2018 /home/travis/build/icyphy/ptII/ptolemy/domains/continuous/test/auto/ContinuousInDEwithNoPorts.xml
----------------- Instantiating /home/travis/build/icyphy/ptII/ptolemy/domains/continuous/test/auto/ContinuousInDEwithNoPorts.xml
7 ms. Memory: 423424K Free: 194397K (46%)
----------------- Invoking toplevel() on ptolemy.moml.MoMLSimpleApplication@3f4dc140
----------------- Done invoking toplevel() on ptolemy.moml.MoMLSimpleApplication@3f4dc140
reloadAllAccessors: .ContinuousInDEwithNoPorts

===========================================================================================
----------------- testing Sat Aug 18 01:54:43 UTC 2018 /home/travis/build/icyphy/ptII/ptolemy/domains/continuous/test/auto/ContinuousInsideDE.xml
----------------- Instantiating /home/travis/build/icyphy/ptII/ptolemy/domains/continuous/test/auto/ContinuousInsideDE.xml
57 ms. Memory: 423424K Free: 179676K (42%)
----------------- Invoking toplevel() on ptolemy.moml.MoMLSimpleApplication@1e457122
----------------- Done invoking toplevel() on ptolemy.moml.MoMLSimpleApplication@1e457122
reloadAllAccessors: .ContinuousInsideDE

===========================================================================================
----------------- testing Sat Aug 18 01:54:43 UTC 2018 /home/travis/build/icyphy/ptII/ptolemy/domains/continuous/test/auto/ContinuousMerge1.xml
----------------- Instantiating /home/travis/build/icyphy/ptII/ptolemy/domains/continuous/test/auto/ContinuousMerge1.xml
3 ms. Memory: 423424K Free: 174537K (41%)
----------------- Invoking toplevel() on ptolemy.moml.MoMLSimpleApplication@69a6867f
----------------- Done invoking toplevel() on ptolemy.moml.MoMLSimpleApplication@69a6867f
reloadAllAccessors: .ContinuousMerge1

===========================================================================================
----------------- testing Sat Aug 18 01:54:43 UTC 2018 /home/travis/build/icyphy/ptII/ptolemy/domains/continuous/test/auto/ContinuousMerge2.xml
----------------- Instantiating /home/travis/build/icyphy/ptII/ptolemy/domains/continuous/test/auto/ContinuousMerge2.xml
14 ms. Memory: 423424K Free: 159804K (38%)
----------------- Invoking toplevel() on ptolemy.moml.MoMLSimpleApplication@60913c4d
----------------- Done invoking toplevel() on ptolemy.moml.MoMLSimpleApplication@60913c4d
reloadAllAccessors: .ContinuousMerge2

===========================================================================================
----------------- testing Sat Aug 18 01:54:43 UTC 2018 /home/travis/build/icyphy/ptII/ptolemy/domains/continuous/test/auto/ContinuousMerge3.xml
----------------- Instantiating /home/travis/build/icyphy/ptII/ptolemy/domains/continuous/test/auto/ContinuousMerge3.xml
61 ms. Memory: 423424K Free: 146811K (35%)
----------------- Invoking toplevel() on ptolemy.moml.MoMLSimpleApplication@27da38ad
----------------- Done invoking toplevel() on ptolemy.moml.MoMLSimpleApplication@27da38ad
reloadAllAccessors: .ContinuousMerge3

===========================================================================================
----------------- testing Sat Aug 18 01:54:43 UTC 2018 /home/travis/build/icyphy/ptII/ptolemy/domains/continuous/test/auto/ContinuousWithinContinuous.xml
----------------- Instantiating /home/travis/build/icyphy/ptII/ptolemy/domains/continuous/test/auto/ContinuousWithinContinuous.xml
50 ms. Memory: 423424K Free: 135462K (32%)
----------------- Invoking toplevel() on ptolemy.moml.MoMLSimpleApplication@48817599
----------------- Done invoking toplevel() on ptolemy.moml.MoMLSimpleApplication@48817599
reloadAllAccessors: .ContinuousWithinContinuous

===========================================================================================
----------------- testing Sat Aug 18 01:54:43 UTC 2018 /home/travis/build/icyphy/ptII/ptolemy/domains/continuous/test/auto/ContinuousWithinContinuous2.xml
----------------- Instantiating /home/travis/build/icyphy/ptII/ptolemy/domains/continuous/test/auto/ContinuousWithinContinuous2.xml
96 ms. Memory: 423424K Free: 121785K (29%)
----------------- Invoking toplevel() on ptolemy.moml.MoMLSimpleApplication@1c46e241
----------------- Done invoking toplevel() on ptolemy.moml.MoMLSimpleApplication@1c46e241
reloadAllAccessors: .ContinuousWithinContinuous2

===========================================================================================
----------------- testing Sat Aug 18 01:54:43 UTC 2018 /home/travis/build/icyphy/ptII/ptolemy/domains/continuous/test/auto/ContinuousWithinContinuous3.xml
----------------- Instantiating /home/travis/build/icyphy/ptII/ptolemy/domains/continuous/test/auto/ContinuousWithinContinuous3.xml
17 ms. Memory: 423424K Free: 112175K (26%)
----------------- Invoking toplevel() on ptolemy.moml.MoMLSimpleApplication@3f286e10
----------------- Done invoking toplevel() on ptolemy.moml.MoMLSimpleApplication@3f286e10
reloadAllAccessors: .ContinuousWithinContinuous3

===========================================================================================
----------------- testing Sat Aug 18 01:54:43 UTC 2018 /home/travis/build/icyphy/ptII/ptolemy/domains/continuous/test/auto/ContinuousWithinContinuous4.xml
----------------- Instantiating /home/travis/build/icyphy/ptII/ptolemy/domains/continuous/test/auto/ContinuousWithinContinuous4.xml
96 ms. Memory: 423424K Free: 95775K (23%)
----------------- Invoking toplevel() on ptolemy.moml.MoMLSimpleApplication@283f7d7f
----------------- Done invoking toplevel() on ptolemy.moml.MoMLSimpleApplication@283f7d7f
reloadAllAccessors: .ContinuousWithinContinuous4

===========================================================================================
----------------- testing Sat Aug 18 01:54:43 UTC 2018 /home/travis/build/icyphy/ptII/ptolemy/domains/continuous/test/auto/ContinuousWithinContinuous5.xml
----------------- Instantiating /home/travis/build/icyphy/ptII/ptolemy/domains/continuous/test/auto/ContinuousWithinContinuous5.xml
18 ms. Memory: 423424K Free: 84473K (20%)
----------------- Invoking toplevel() on ptolemy.moml.MoMLSimpleApplication@33139a53
----------------- Done invoking toplevel() on ptolemy.moml.MoMLSimpleApplication@33139a53
reloadAllAccessors: .ContinuousWithinContinuous5

===========================================================================================
----------------- testing Sat Aug 18 01:54:43 UTC 2018 /home/travis/build/icyphy/ptII/ptolemy/domains/continuous/test/auto/ContinuousWithinContinuous6.xml
----------------- Instantiating /home/travis/build/icyphy/ptII/ptolemy/domains/continuous/test/auto/ContinuousWithinContinuous6.xml
16 ms. Memory: 423424K Free: 74911K (18%)
----------------- Invoking toplevel() on ptolemy.moml.MoMLSimpleApplication@388c5306
----------------- Done invoking toplevel() on ptolemy.moml.MoMLSimpleApplication@388c5306
reloadAllAccessors: .ContinuousWithinContinuous6

===========================================================================================
----------------- testing Sat Aug 18 01:54:43 UTC 2018 /home/travis/build/icyphy/ptII/ptolemy/domains/continuous/test/auto/ContinuousWithinContinuous7.xml
----------------- Instantiating /home/travis/build/icyphy/ptII/ptolemy/domains/continuous/test/auto/ContinuousWithinContinuous7.xml
84 ms. Memory: 407552K Free: 387306K (95%)
----------------- Invoking toplevel() on ptolemy.moml.MoMLSimpleApplication@4bc42788
----------------- Done invoking toplevel() on ptolemy.moml.MoMLSimpleApplication@4bc42788
reloadAllAccessors: .ContinuousWithinContinuous7

===========================================================================================
----------------- testing Sat Aug 18 01:54:44 UTC 2018 /home/travis/build/icyphy/ptII/ptolemy/domains/continuous/test/auto/DCMotor.xml
----------------- Instantiating /home/travis/build/icyphy/ptII/ptolemy/domains/continuous/test/auto/DCMotor.xml
15711 ms. Memory: 264704K Free: 213773K (81%)
----------------- Invoking toplevel() on ptolemy.moml.MoMLSimpleApplication@9949740
----------------- Done invoking toplevel() on ptolemy.moml.MoMLSimpleApplication@9949740
reloadAllAccessors: .DCMotor

===========================================================================================
----------------- testing Sat Aug 18 01:54:59 UTC 2018 /home/travis/build/icyphy/ptII/ptolemy/domains/continuous/test/auto/DEInContinuous.xml
----------------- Instantiating /home/travis/build/icyphy/ptII/ptolemy/domains/continuous/test/auto/DEInContinuous.xml
8 ms. Memory: 264704K Free: 201303K (76%)
----------------- Invoking toplevel() on ptolemy.moml.MoMLSimpleApplication@2087ebfd
----------------- Done invoking toplevel() on ptolemy.moml.MoMLSimpleApplication@2087ebfd
reloadAllAccessors: .DEInContinuous

===========================================================================================
----------------- testing Sat Aug 18 01:54:59 UTC 2018 /home/travis/build/icyphy/ptII/ptolemy/domains/continuous/test/auto/DEinContinuous2.xml
----------------- Instantiating /home/travis/build/icyphy/ptII/ptolemy/domains/continuous/test/auto/DEinContinuous2.xml
8 ms. Memory: 264704K Free: 189465K (72%)
----------------- Invoking toplevel() on ptolemy.moml.MoMLSimpleApplication@3c344dae
----------------- Done invoking toplevel() on ptolemy.moml.MoMLSimpleApplication@3c344dae
reloadAllAccessors: .DEinContinuous2

===========================================================================================
----------------- testing Sat Aug 18 01:54:59 UTC 2018 /home/travis/build/icyphy/ptII/ptolemy/domains/continuous/test/auto/Derivative.xml
----------------- Instantiating /home/travis/build/icyphy/ptII/ptolemy/domains/continuous/test/auto/Derivative.xml
172 ms. Memory: 264704K Free: 151946K (57%)
----------------- Invoking toplevel() on ptolemy.moml.MoMLSimpleApplication@34fc860d
----------------- Done invoking toplevel() on ptolemy.moml.MoMLSimpleApplication@34fc860d
reloadAllAccessors: .Derivative2

===========================================================================================
----------------- testing Sat Aug 18 01:55:00 UTC 2018 /home/travis/build/icyphy/ptII/ptolemy/domains/continuous/test/auto/Derivative1.xml
----------------- Instantiating /home/travis/build/icyphy/ptII/ptolemy/domains/continuous/test/auto/Derivative1.xml
21 ms. Memory: 264704K Free: 132502K (50%)
----------------- Invoking toplevel() on ptolemy.moml.MoMLSimpleApplication@276f9476
----------------- Done invoking toplevel() on ptolemy.moml.MoMLSimpleApplication@276f9476
reloadAllAccessors: .Derivative1

===========================================================================================
----------------- testing Sat Aug 18 01:55:00 UTC 2018 /home/travis/build/icyphy/ptII/ptolemy/domains/continuous/test/auto/DiscreteClock.xml
----------------- Instantiating /home/travis/build/icyphy/ptII/ptolemy/domains/continuous/test/auto/DiscreteClock.xml
4 ms. Memory: 264704K Free: 120939K (46%)
----------------- Invoking toplevel() on ptolemy.moml.MoMLSimpleApplication@3a228ba7
----------------- Done invoking toplevel() on ptolemy.moml.MoMLSimpleApplication@3a228ba7
reloadAllAccessors: .DiscreteClock

===========================================================================================
----------------- testing Sat Aug 18 01:55:00 UTC 2018 /home/travis/build/icyphy/ptII/ptolemy/domains/continuous/test/auto/EfficiencyCurve.xml
----------------- Instantiating /home/travis/build/icyphy/ptII/ptolemy/domains/continuous/test/auto/EfficiencyCurve.xml
95 ms. Memory: 264704K Free: 105178K (40%)
----------------- Invoking toplevel() on ptolemy.moml.MoMLSimpleApplication@29831cfd
----------------- Done invoking toplevel() on ptolemy.moml.MoMLSimpleApplication@29831cfd
reloadAllAccessors: .EfficiencyCurve

===========================================================================================
----------------- testing Sat Aug 18 01:55:00 UTC 2018 /home/travis/build/icyphy/ptII/ptolemy/domains/continuous/test/auto/ExponentialResponse.xml
----------------- Instantiating /home/travis/build/icyphy/ptII/ptolemy/domains/continuous/test/auto/ExponentialResponse.xml
111 ms. Memory: 264704K Free: 86024K (32%)
----------------- Invoking toplevel() on ptolemy.moml.MoMLSimpleApplication@1421cbd4
----------------- Done invoking toplevel() on ptolemy.moml.MoMLSimpleApplication@1421cbd4
reloadAllAccessors: .ExponentialResponse

===========================================================================================
----------------- testing Sat Aug 18 01:55:00 UTC 2018 /home/travis/build/icyphy/ptII/ptolemy/domains/continuous/test/auto/ExponentialResponseRK45.xml
----------------- Instantiating /home/travis/build/icyphy/ptII/ptolemy/domains/continuous/test/auto/ExponentialResponseRK45.xml
27 ms. Memory: 264704K Free: 77870K (29%)
----------------- Invoking toplevel() on ptolemy.moml.MoMLSimpleApplication@3bd8741
----------------- Done invoking toplevel() on ptolemy.moml.MoMLSimpleApplication@3bd8741
reloadAllAccessors: .ExponentialResponseRK45

===========================================================================================
----------------- testing Sat Aug 18 01:55:00 UTC 2018 /home/travis/build/icyphy/ptII/ptolemy/domains/continuous/test/auto/Friction.xml
----------------- Instantiating /home/travis/build/icyphy/ptII/ptolemy/domains/continuous/test/auto/Friction.xml
1520 ms. Memory: 243200K Free: 137512K (57%)
----------------- Invoking toplevel() on ptolemy.moml.MoMLSimpleApplication@788a1502
----------------- Done invoking toplevel() on ptolemy.moml.MoMLSimpleApplication@788a1502
reloadAllAccessors: .Friction

===========================================================================================
----------------- testing Sat Aug 18 01:55:02 UTC 2018 /home/travis/build/icyphy/ptII/ptolemy/domains/continuous/test/auto/FurutaPendulum.xml
----------------- Instantiating /home/travis/build/icyphy/ptII/ptolemy/domains/continuous/test/auto/FurutaPendulum.xml
3063 ms. Memory: 224256K Free: 85903K (38%)
----------------- Invoking toplevel() on ptolemy.moml.MoMLSimpleApplication@78f8123b
----------------- Done invoking toplevel() on ptolemy.moml.MoMLSimpleApplication@78f8123b
reloadAllAccessors: .FurutaPendulum

===========================================================================================
----------------- testing Sat Aug 18 01:55:05 UTC 2018 /home/travis/build/icyphy/ptII/ptolemy/domains/continuous/test/auto/HierarchicalExecution.xml
----------------- Instantiating /home/travis/build/icyphy/ptII/ptolemy/domains/continuous/test/auto/HierarchicalExecution.xml
2357 ms. Memory: 256512K Free: 83595K (33%)
----------------- Invoking toplevel() on ptolemy.moml.MoMLSimpleApplication@27f9bf82
----------------- Done invoking toplevel() on ptolemy.moml.MoMLSimpleApplication@27f9bf82
reloadAllAccessors: .HierarchicalExecution

===========================================================================================
----------------- testing Sat Aug 18 01:55:08 UTC 2018 /home/travis/build/icyphy/ptII/ptolemy/domains/continuous/test/auto/HybridPlant.xml
----------------- Instantiating /home/travis/build/icyphy/ptII/ptolemy/domains/continuous/test/auto/HybridPlant.xml
597 ms. Memory: 349696K Free: 280960K (80%)
----------------- Invoking toplevel() on ptolemy.moml.MoMLSimpleApplication@4c43afd2
----------------- Done invoking toplevel() on ptolemy.moml.MoMLSimpleApplication@4c43afd2
reloadAllAccessors: .HybridPlant

===========================================================================================
----------------- testing Sat Aug 18 01:55:08 UTC 2018 /home/travis/build/icyphy/ptII/ptolemy/domains/continuous/test/auto/Hysteresis.xml
----------------- Instantiating /home/travis/build/icyphy/ptII/ptolemy/domains/continuous/test/auto/Hysteresis.xml
167 ms. Memory: 349696K Free: 214367K (61%)
----------------- Invoking toplevel() on ptolemy.moml.MoMLSimpleApplication@74605d4a
----------------- Done invoking toplevel() on ptolemy.moml.MoMLSimpleApplication@74605d4a
reloadAllAccessors: .Hysteresis

===========================================================================================
----------------- testing Sat Aug 18 01:55:09 UTC 2018 /home/travis/build/icyphy/ptII/ptolemy/domains/continuous/test/auto/HysteresisWithRandomDelay.xml
----------------- Instantiating /home/travis/build/icyphy/ptII/ptolemy/domains/continuous/test/auto/HysteresisWithRandomDelay.xml
206 ms. Memory: 349696K Free: 135442K (39%)
----------------- Invoking toplevel() on ptolemy.moml.MoMLSimpleApplication@46763fe1
----------------- Done invoking toplevel() on ptolemy.moml.MoMLSimpleApplication@46763fe1
reloadAllAccessors: .HysteresisWithRandomDelay

===========================================================================================
----------------- testing Sat Aug 18 01:55:09 UTC 2018 /home/travis/build/icyphy/ptII/ptolemy/domains/continuous/test/auto/HysteresisWithRandomLosses.xml
----------------- Instantiating /home/travis/build/icyphy/ptII/ptolemy/domains/continuous/test/auto/HysteresisWithRandomLosses.xml
2614 ms. Memory: 500736K Free: 124709K (25%)
----------------- Invoking toplevel() on ptolemy.moml.MoMLSimpleApplication@3a1a852a
----------------- Done invoking toplevel() on ptolemy.moml.MoMLSimpleApplication@3a1a852a
reloadAllAccessors: .HysteresisWithRandomLosses

===========================================================================================
----------------- testing Sat Aug 18 01:55:12 UTC 2018 /home/travis/build/icyphy/ptII/ptolemy/domains/continuous/test/auto/ImmediateTransitions.xml
----------------- Instantiating /home/travis/build/icyphy/ptII/ptolemy/domains/continuous/test/auto/ImmediateTransitions.xml
9 ms. Memory: 500736K Free: 108655K (22%)
----------------- Invoking toplevel() on ptolemy.moml.MoMLSimpleApplication@9fd3d07
----------------- Done invoking toplevel() on ptolemy.moml.MoMLSimpleApplication@9fd3d07
reloadAllAccessors: .ImmediateTransitions

===========================================================================================
----------------- testing Sat Aug 18 01:55:12 UTC 2018 /home/travis/build/icyphy/ptII/ptolemy/domains/continuous/test/auto/ImpulseFeedback.xml
----------------- Instantiating /home/travis/build/icyphy/ptII/ptolemy/domains/continuous/test/auto/ImpulseFeedback.xml
9 ms. Memory: 500736K Free: 95214K (19%)
----------------- Invoking toplevel() on ptolemy.moml.MoMLSimpleApplication@4df384b3
----------------- Done invoking toplevel() on ptolemy.moml.MoMLSimpleApplication@4df384b3
reloadAllAccessors: .ImpulseFeedback

===========================================================================================
----------------- testing Sat Aug 18 01:55:12 UTC 2018 /home/travis/build/icyphy/ptII/ptolemy/domains/continuous/test/auto/ImpulseFeedback2.xml
----------------- Instantiating /home/travis/build/icyphy/ptII/ptolemy/domains/continuous/test/auto/ImpulseFeedback2.xml
6 ms. Memory: 500736K Free: 81791K (16%)
----------------- Invoking toplevel() on ptolemy.moml.MoMLSimpleApplication@24057802
----------------- Done invoking toplevel() on ptolemy.moml.MoMLSimpleApplication@24057802
reloadAllAccessors: .ImpulseFeedback2

===========================================================================================
----------------- testing Sat Aug 18 01:55:12 UTC 2018 /home/travis/build/icyphy/ptII/ptolemy/domains/continuous/test/auto/IncreasingRatePoisson.xml
----------------- Instantiating /home/travis/build/icyphy/ptII/ptolemy/domains/continuous/test/auto/IncreasingRatePoisson.xml
821 ms. Memory: 486912K Free: 156661K (32%)
----------------- Invoking toplevel() on ptolemy.moml.MoMLSimpleApplication@6a85ec43
----------------- Done invoking toplevel() on ptolemy.moml.MoMLSimpleApplication@6a85ec43
reloadAllAccessors: .IncreasingRatePoisson

===========================================================================================
----------------- testing Sat Aug 18 01:55:12 UTC 2018 /home/travis/build/icyphy/ptII/ptolemy/domains/continuous/test/auto/InitialStateFeedback.xml
----------------- Instantiating /home/travis/build/icyphy/ptII/ptolemy/domains/continuous/test/auto/InitialStateFeedback.xml
4 ms. Memory: 486912K Free: 145699K (30%)
----------------- Invoking toplevel() on ptolemy.moml.MoMLSimpleApplication@5a532b41
----------------- Done invoking toplevel() on ptolemy.moml.MoMLSimpleApplication@5a532b41
reloadAllAccessors: .InitialStateFeedback

===========================================================================================
----------------- testing Sat Aug 18 01:55:12 UTC 2018 /home/travis/build/icyphy/ptII/ptolemy/domains/continuous/test/auto/Integration.xml
----------------- Instantiating /home/travis/build/icyphy/ptII/ptolemy/domains/continuous/test/auto/Integration.xml
7 ms. Memory: 486912K Free: 139498K (29%)
----------------- Invoking toplevel() on ptolemy.moml.MoMLSimpleApplication@53e8508b
----------------- Done invoking toplevel() on ptolemy.moml.MoMLSimpleApplication@53e8508b
reloadAllAccessors: .Integration

===========================================================================================
----------------- testing Sat Aug 18 01:55:13 UTC 2018 /home/travis/build/icyphy/ptII/ptolemy/domains/continuous/test/auto/Integration2.xml
----------------- Instantiating /home/travis/build/icyphy/ptII/ptolemy/domains/continuous/test/auto/Integration2.xml
88 ms. Memory: 486912K Free: 119952K (25%)
----------------- Invoking toplevel() on ptolemy.moml.MoMLSimpleApplication@2547a2f1
----------------- Done invoking toplevel() on ptolemy.moml.MoMLSimpleApplication@2547a2f1
reloadAllAccessors: .Integration2

===========================================================================================
----------------- testing Sat Aug 18 01:55:13 UTC 2018 /home/travis/build/icyphy/ptII/ptolemy/domains/continuous/test/auto/Integration3.xml
----------------- Instantiating /home/travis/build/icyphy/ptII/ptolemy/domains/continuous/test/auto/Integration3.xml
2 ms. Memory: 486912K Free: 111069K (23%)
----------------- Invoking toplevel() on ptolemy.moml.MoMLSimpleApplication@7c5c99b5
----------------- Done invoking toplevel() on ptolemy.moml.MoMLSimpleApplication@7c5c99b5
reloadAllAccessors: .Integration3

===========================================================================================
----------------- testing Sat Aug 18 01:55:13 UTC 2018 /home/travis/build/icyphy/ptII/ptolemy/domains/continuous/test/auto/Integration5.xml
----------------- Instantiating /home/travis/build/icyphy/ptII/ptolemy/domains/continuous/test/auto/Integration5.xml
3 ms. Memory: 486912K Free: 102202K (21%)
----------------- Invoking toplevel() on ptolemy.moml.MoMLSimpleApplication@3d78a450
----------------- Done invoking toplevel() on ptolemy.moml.MoMLSimpleApplication@3d78a450
reloadAllAccessors: .Integration5

===========================================================================================
----------------- testing Sat Aug 18 01:55:13 UTC 2018 /home/travis/build/icyphy/ptII/ptolemy/domains/continuous/test/auto/IntegratorImpulse.xml
----------------- Instantiating /home/travis/build/icyphy/ptII/ptolemy/domains/continuous/test/auto/IntegratorImpulse.xml
2 ms. Memory: 486912K Free: 93336K (19%)
----------------- Invoking toplevel() on ptolemy.moml.MoMLSimpleApplication@4caf50de
----------------- Done invoking toplevel() on ptolemy.moml.MoMLSimpleApplication@4caf50de
reloadAllAccessors: .IntegratorImpulse

===========================================================================================
----------------- testing Sat Aug 18 01:55:13 UTC 2018 /home/travis/build/icyphy/ptII/ptolemy/domains/continuous/test/auto/IntegratorImpulse2.xml
----------------- Instantiating /home/travis/build/icyphy/ptII/ptolemy/domains/continuous/test/auto/IntegratorImpulse2.xml
4 ms. Memory: 486912K Free: 84562K (17%)
----------------- Invoking toplevel() on ptolemy.moml.MoMLSimpleApplication@5afc0b35
----------------- Done invoking toplevel() on ptolemy.moml.MoMLSimpleApplication@5afc0b35
reloadAllAccessors: .IntegratorImpulse2

===========================================================================================
----------------- testing Sat Aug 18 01:55:13 UTC 2018 /home/travis/build/icyphy/ptII/ptolemy/domains/continuous/test/auto/LevelCrossing1.xml
----------------- Instantiating /home/travis/build/icyphy/ptII/ptolemy/domains/continuous/test/auto/LevelCrossing1.xml
2 ms. Memory: 486912K Free: 75680K (16%)
----------------- Invoking toplevel() on ptolemy.moml.MoMLSimpleApplication@52b737db
----------------- Done invoking toplevel() on ptolemy.moml.MoMLSimpleApplication@52b737db
reloadAllAccessors: .LevelCrossing1

===========================================================================================
----------------- testing Sat Aug 18 01:55:13 UTC 2018 /home/travis/build/icyphy/ptII/ptolemy/domains/continuous/test/auto/LevelCrossing2.xml
----------------- Instantiating /home/travis/build/icyphy/ptII/ptolemy/domains/continuous/test/auto/LevelCrossing2.xml
4 ms. Memory: 486912K Free: 66797K (14%)
----------------- Invoking toplevel() on ptolemy.moml.MoMLSimpleApplication@7070167f
----------------- Done invoking toplevel() on ptolemy.moml.MoMLSimpleApplication@7070167f
reloadAllAccessors: .LevelCrossing2

===========================================================================================
----------------- testing Sat Aug 18 01:55:13 UTC 2018 /home/travis/build/icyphy/ptII/ptolemy/domains/continuous/test/auto/LevelCrossing3.xml
----------------- Instantiating /home/travis/build/icyphy/ptII/ptolemy/domains/continuous/test/auto/LevelCrossing3.xml
3 ms. Memory: 486912K Free: 57914K (12%)
----------------- Invoking toplevel() on ptolemy.moml.MoMLSimpleApplication@44ca8ac
----------------- Done invoking toplevel() on ptolemy.moml.MoMLSimpleApplication@44ca8ac
reloadAllAccessors: .LevelCrossing3

===========================================================================================
----------------- testing Sat Aug 18 01:55:13 UTC 2018 /home/travis/build/icyphy/ptII/ptolemy/domains/continuous/test/auto/LevelCrossing4.xml
----------------- Instantiating /home/travis/build/icyphy/ptII/ptolemy/domains/continuous/test/auto/LevelCrossing4.xml
3 ms. Memory: 462848K Free: 425948K (92%)
----------------- Invoking toplevel() on ptolemy.moml.MoMLSimpleApplication@1d957a81
----------------- Done invoking toplevel() on ptolemy.moml.MoMLSimpleApplication@1d957a81
reloadAllAccessors: .LevelCrossing4

===========================================================================================
----------------- testing Sat Aug 18 01:55:13 UTC 2018 /home/travis/build/icyphy/ptII/ptolemy/domains/continuous/test/auto/LevelCrossing5.xml
----------------- Instantiating /home/travis/build/icyphy/ptII/ptolemy/domains/continuous/test/auto/LevelCrossing5.xml
4 ms. Memory: 462848K Free: 417405K (90%)
----------------- Invoking toplevel() on ptolemy.moml.MoMLSimpleApplication@4160a43
----------------- Done invoking toplevel() on ptolemy.moml.MoMLSimpleApplication@4160a43
reloadAllAccessors: .LevelCrossing5

===========================================================================================
----------------- testing Sat Aug 18 01:55:13 UTC 2018 /home/travis/build/icyphy/ptII/ptolemy/domains/continuous/test/auto/LevelCrossing6.xml
----------------- Instantiating /home/travis/build/icyphy/ptII/ptolemy/domains/continuous/test/auto/LevelCrossing6.xml
3 ms. Memory: 462848K Free: 408860K (88%)
[...]
reloadAllAccessors: .ResetTransitionWithStartTime5

===========================================================================================
----------------- testing Sat Aug 18 01:55:32 UTC 2018 /home/travis/build/icyphy/ptII/ptolemy/domains/continuous/test/auto/ResetTransitionWithStartTime6.xml
----------------- Instantiating /home/travis/build/icyphy/ptII/ptolemy/domains/continuous/test/auto/ResetTransitionWithStartTime6.xml
20 ms. Memory: 529920K Free: 167644K (32%)
----------------- Invoking toplevel() on ptolemy.moml.MoMLSimpleApplication@428272fb
----------------- Done invoking toplevel() on ptolemy.moml.MoMLSimpleApplication@428272fb
reloadAllAccessors: .ResetTransitionWithStartTime6

===========================================================================================
----------------- testing Sat Aug 18 01:55:32 UTC 2018 /home/travis/build/icyphy/ptII/ptolemy/domains/continuous/test/auto/SRinContinuous.xml
----------------- Instantiating /home/travis/build/icyphy/ptII/ptolemy/domains/continuous/test/auto/SRinContinuous.xml
4 ms. Memory: 529920K Free: 157719K (30%)
----------------- Invoking toplevel() on ptolemy.moml.MoMLSimpleApplication@3696c054
----------------- Done invoking toplevel() on ptolemy.moml.MoMLSimpleApplication@3696c054
reloadAllAccessors: .SRinContinuous

===========================================================================================
----------------- testing Sat Aug 18 01:55:32 UTC 2018 /home/travis/build/icyphy/ptII/ptolemy/domains/continuous/test/auto/SampledClocks.xml
----------------- Instantiating /home/travis/build/icyphy/ptII/ptolemy/domains/continuous/test/auto/SampledClocks.xml
5 ms. Memory: 529920K Free: 145618K (27%)
----------------- Invoking toplevel() on ptolemy.moml.MoMLSimpleApplication@4ace47a1
----------------- Done invoking toplevel() on ptolemy.moml.MoMLSimpleApplication@4ace47a1
reloadAllAccessors: .SampledClocks

===========================================================================================
----------------- testing Sat Aug 18 01:55:32 UTC 2018 /home/travis/build/icyphy/ptII/ptolemy/domains/continuous/test/auto/Satellite.xml
----------------- Instantiating /home/travis/build/icyphy/ptII/ptolemy/domains/continuous/test/auto/Satellite.xml
1026 ms. Memory: 516096K Free: 396523K (77%)
----------------- Invoking toplevel() on ptolemy.moml.MoMLSimpleApplication@2c9c789d
----------------- Done invoking toplevel() on ptolemy.moml.MoMLSimpleApplication@2c9c789d
reloadAllAccessors: .Satellite

===========================================================================================
----------------- testing Sat Aug 18 01:55:33 UTC 2018 /home/travis/build/icyphy/ptII/ptolemy/domains/continuous/test/auto/SigmaDelta.xml
----------------- Instantiating /home/travis/build/icyphy/ptII/ptolemy/domains/continuous/test/auto/SigmaDelta.xml
2889 ms. Memory: 516096K Free: 25632K (5%)
----------------- Invoking toplevel() on ptolemy.moml.MoMLSimpleApplication@3d3adcda
----------------- Done invoking toplevel() on ptolemy.moml.MoMLSimpleApplication@3d3adcda
reloadAllAccessors: .SigmaDelta

===========================================================================================
----------------- testing Sat Aug 18 01:55:36 UTC 2018 /home/travis/build/icyphy/ptII/ptolemy/domains/continuous/test/auto/SinuBouncingBall.xml
----------------- Instantiating /home/travis/build/icyphy/ptII/ptolemy/domains/continuous/test/auto/SinuBouncingBall.xml
784 ms. Memory: 489472K Free: 204884K (42%)
----------------- Invoking toplevel() on ptolemy.moml.MoMLSimpleApplication@633b889a
----------------- Done invoking toplevel() on ptolemy.moml.MoMLSimpleApplication@633b889a
reloadAllAccessors: .SinuBouncingBall

===========================================================================================
----------------- testing Sat Aug 18 01:55:37 UTC 2018 /home/travis/build/icyphy/ptII/ptolemy/domains/continuous/test/auto/Sinusoid.xml
----------------- Instantiating /home/travis/build/icyphy/ptII/ptolemy/domains/continuous/test/auto/Sinusoid.xml
4 ms. Memory: 489472K Free: 198554K (41%)
----------------- Invoking toplevel() on ptolemy.moml.MoMLSimpleApplication@45afd76
----------------- Done invoking toplevel() on ptolemy.moml.MoMLSimpleApplication@45afd76
reloadAllAccessors: .Sinusoid

===========================================================================================
----------------- testing Sat Aug 18 01:55:37 UTC 2018 /home/travis/build/icyphy/ptII/ptolemy/domains/continuous/test/auto/SinusoidInNoise.xml
----------------- Instantiating /home/travis/build/icyphy/ptII/ptolemy/domains/continuous/test/auto/SinusoidInNoise.xml
939 ms. Memory: 477184K Free: 395185K (83%)
----------------- Invoking toplevel() on ptolemy.moml.MoMLSimpleApplication@ba41a56
----------------- Done invoking toplevel() on ptolemy.moml.MoMLSimpleApplication@ba41a56
reloadAllAccessors: .SinusoidInNoise

===========================================================================================
----------------- testing Sat Aug 18 01:55:38 UTC 2018 /home/travis/build/icyphy/ptII/ptolemy/domains/continuous/test/auto/SinusoidRK45.xml
----------------- Instantiating /home/travis/build/icyphy/ptII/ptolemy/domains/continuous/test/auto/SinusoidRK45.xml
2 ms. Memory: 477184K Free: 387640K (81%)
----------------- Invoking toplevel() on ptolemy.moml.MoMLSimpleApplication@6c9ab0b7
----------------- Done invoking toplevel() on ptolemy.moml.MoMLSimpleApplication@6c9ab0b7
reloadAllAccessors: .SinusoidRK45

===========================================================================================
----------------- testing Sat Aug 18 01:55:38 UTC 2018 /home/travis/build/icyphy/ptII/ptolemy/domains/continuous/test/auto/SinusoidWithMultipleImpulses.xml
----------------- Instantiating /home/travis/build/icyphy/ptII/ptolemy/domains/continuous/test/auto/SinusoidWithMultipleImpulses.xml
2 ms. Memory: 477184K Free: 378948K (79%)
----------------- Invoking toplevel() on ptolemy.moml.MoMLSimpleApplication@23dfbbe9
----------------- Done invoking toplevel() on ptolemy.moml.MoMLSimpleApplication@23dfbbe9
reloadAllAccessors: .SinusoidWithMultipleImpulses

===========================================================================================
----------------- testing Sat Aug 18 01:55:38 UTC 2018 /home/travis/build/icyphy/ptII/ptolemy/domains/continuous/test/auto/SquareWave.xml
----------------- Instantiating /home/travis/build/icyphy/ptII/ptolemy/domains/continuous/test/auto/SquareWave.xml
136 ms. Memory: 477184K Free: 349439K (73%)
----------------- Invoking toplevel() on ptolemy.moml.MoMLSimpleApplication@28cec0da
----------------- Done invoking toplevel() on ptolemy.moml.MoMLSimpleApplication@28cec0da
reloadAllAccessors: .SquareWave

===========================================================================================
----------------- testing Sat Aug 18 01:55:38 UTC 2018 /home/travis/build/icyphy/ptII/ptolemy/domains/continuous/test/auto/Starmac.xml
----------------- Instantiating /home/travis/build/icyphy/ptII/ptolemy/domains/continuous/test/auto/Starmac.xml
3100 ms. Memory: 457216K Free: 344970K (75%)
----------------- Invoking toplevel() on ptolemy.moml.MoMLSimpleApplication@587c0251
----------------- Done invoking toplevel() on ptolemy.moml.MoMLSimpleApplication@587c0251
reloadAllAccessors: .Starmac

===========================================================================================
----------------- testing Sat Aug 18 01:55:42 UTC 2018 /home/travis/build/icyphy/ptII/ptolemy/domains/continuous/test/auto/StaticUnits.xml
----------------- Instantiating /home/travis/build/icyphy/ptII/ptolemy/domains/continuous/test/auto/StaticUnits.xml
2517 ms. Memory: 440320K Free: 212306K (48%)
----------------- Invoking toplevel() on ptolemy.moml.MoMLSimpleApplication@54172adb
----------------- Done invoking toplevel() on ptolemy.moml.MoMLSimpleApplication@54172adb
reloadAllAccessors: .StaticUnits

===========================================================================================
----------------- testing Sat Aug 18 01:55:45 UTC 2018 /home/travis/build/icyphy/ptII/ptolemy/domains/continuous/test/auto/StickyMasses.xml
----------------- Instantiating /home/travis/build/icyphy/ptII/ptolemy/domains/continuous/test/auto/StickyMasses.xml
136 ms. Memory: 440320K Free: 154342K (35%)
----------------- Invoking toplevel() on ptolemy.moml.MoMLSimpleApplication@40dd3338
----------------- Done invoking toplevel() on ptolemy.moml.MoMLSimpleApplication@40dd3338
reloadAllAccessors: .StickyMasses

===========================================================================================
----------------- testing Sat Aug 18 01:55:45 UTC 2018 /home/travis/build/icyphy/ptII/ptolemy/domains/continuous/test/auto/StopTime.xml
----------------- Instantiating /home/travis/build/icyphy/ptII/ptolemy/domains/continuous/test/auto/StopTime.xml
57 ms. Memory: 440320K Free: 126772K (29%)
----------------- Invoking toplevel() on ptolemy.moml.MoMLSimpleApplication@4423e4a4
----------------- Done invoking toplevel() on ptolemy.moml.MoMLSimpleApplication@4423e4a4
reloadAllAccessors: .StopTime

===========================================================================================
----------------- testing Sat Aug 18 01:55:45 UTC 2018 /home/travis/build/icyphy/ptII/ptolemy/domains/continuous/test/auto/StopTime2.xml
----------------- Instantiating /home/travis/build/icyphy/ptII/ptolemy/domains/continuous/test/auto/StopTime2.xml
44 ms. Memory: 440320K Free: 100928K (23%)
----------------- Invoking toplevel() on ptolemy.moml.MoMLSimpleApplication@5b0efdac
----------------- Done invoking toplevel() on ptolemy.moml.MoMLSimpleApplication@5b0efdac
reloadAllAccessors: .StopTime2

===========================================================================================
----------------- testing Sat Aug 18 01:55:45 UTC 2018 /home/travis/build/icyphy/ptII/ptolemy/domains/continuous/test/auto/Switch.xml
----------------- Instantiating /home/travis/build/icyphy/ptII/ptolemy/domains/continuous/test/auto/Switch.xml
59 ms. Memory: 440320K Free: 73351K (17%)
----------------- Invoking toplevel() on ptolemy.moml.MoMLSimpleApplication@5fc40b9c
----------------- Done invoking toplevel() on ptolemy.moml.MoMLSimpleApplication@5fc40b9c
reloadAllAccessors: .Switch

===========================================================================================
----------------- testing Sat Aug 18 01:55:45 UTC 2018 /home/travis/build/icyphy/ptII/ptolemy/domains/continuous/test/auto/Thermostat.xml
----------------- Instantiating /home/travis/build/icyphy/ptII/ptolemy/domains/continuous/test/auto/Thermostat.xml
225 ms. Memory: 419840K Free: 330984K (79%)
----------------- Invoking toplevel() on ptolemy.moml.MoMLSimpleApplication@5cc52078
----------------- Done invoking toplevel() on ptolemy.moml.MoMLSimpleApplication@5cc52078
reloadAllAccessors: .Thermostat

===========================================================================================
----------------- testing Sat Aug 18 01:55:45 UTC 2018 /home/travis/build/icyphy/ptII/ptolemy/domains/continuous/test/auto/TimeDelay.xml
----------------- Instantiating /home/travis/build/icyphy/ptII/ptolemy/domains/continuous/test/auto/TimeDelay.xml
4 ms. Memory: 419840K Free: 322293K (77%)
----------------- Invoking toplevel() on ptolemy.moml.MoMLSimpleApplication@54c00448
----------------- Done invoking toplevel() on ptolemy.moml.MoMLSimpleApplication@54c00448
reloadAllAccessors: .TimeDelay

===========================================================================================
----------------- testing Sat Aug 18 01:55:45 UTC 2018 /home/travis/build/icyphy/ptII/ptolemy/domains/continuous/test/auto/TimeDelay2.xml
----------------- Instantiating /home/travis/build/icyphy/ptII/ptolemy/domains/continuous/test/auto/TimeDelay2.xml
9 ms. Memory: 419840K Free: 314549K (75%)
----------------- Invoking toplevel() on ptolemy.moml.MoMLSimpleApplication@1c0ef518
----------------- Done invoking toplevel() on ptolemy.moml.MoMLSimpleApplication@1c0ef518
reloadAllAccessors: .TimeDelay2

===========================================================================================
----------------- testing Sat Aug 18 01:55:45 UTC 2018 /home/travis/build/icyphy/ptII/ptolemy/domains/continuous/test/auto/TimeDelay3.xml
----------------- Instantiating /home/travis/build/icyphy/ptII/ptolemy/domains/continuous/test/auto/TimeDelay3.xml
5 ms. Memory: 419840K Free: 306863K (73%)
----------------- Invoking toplevel() on ptolemy.moml.MoMLSimpleApplication@4fdc5d15
----------------- Done invoking toplevel() on ptolemy.moml.MoMLSimpleApplication@4fdc5d15
reloadAllAccessors: .TimeDelay3

===========================================================================================
----------------- testing Sat Aug 18 01:55:45 UTC 2018 /home/travis/build/icyphy/ptII/ptolemy/domains/continuous/test/auto/TransferAbsentToInside.xml
----------------- Instantiating /home/travis/build/icyphy/ptII/ptolemy/domains/continuous/test/auto/TransferAbsentToInside.xml
30 ms. Memory: 419840K Free: 249312K (59%)
----------------- Invoking toplevel() on ptolemy.moml.MoMLSimpleApplication@24665ecd
----------------- Done invoking toplevel() on ptolemy.moml.MoMLSimpleApplication@24665ecd
reloadAllAccessors: .TransferAbsentToInside

===========================================================================================
----------------- testing Sat Aug 18 01:55:46 UTC 2018 /home/travis/build/icyphy/ptII/ptolemy/domains/continuous/test/auto/Transmission.xml
----------------- Instantiating /home/travis/build/icyphy/ptII/ptolemy/domains/continuous/test/auto/Transmission.xml
881 ms. Memory: 419840K Free: 8535K (2%)
----------------- Invoking toplevel() on ptolemy.moml.MoMLSimpleApplication@5cf8ae76
----------------- Done invoking toplevel() on ptolemy.moml.MoMLSimpleApplication@5cf8ae76
reloadAllAccessors: .Transmission

===========================================================================================
----------------- testing Sat Aug 18 01:55:47 UTC 2018 /home/travis/build/icyphy/ptII/ptolemy/domains/continuous/test/auto/TriggeredContinuousClock.xml
----------------- Instantiating /home/travis/build/icyphy/ptII/ptolemy/domains/continuous/test/auto/TriggeredContinuousClock.xml
39 ms. Memory: 411648K Free: 305502K (74%)
----------------- Invoking toplevel() on ptolemy.moml.MoMLSimpleApplication@1241e6d3
----------------- Done invoking toplevel() on ptolemy.moml.MoMLSimpleApplication@1241e6d3
reloadAllAccessors: .TriggeredContinuousClock

===========================================================================================
----------------- testing Sat Aug 18 01:55:47 UTC 2018 /home/travis/build/icyphy/ptII/ptolemy/domains/continuous/test/auto/TwoMachineInfiniteBusControl.xml
----------------- Instantiating /home/travis/build/icyphy/ptII/ptolemy/domains/continuous/test/auto/TwoMachineInfiniteBusControl.xml
2459 ms. Memory: 392192K Free: 50893K (13%)
----------------- Invoking toplevel() on ptolemy.moml.MoMLSimpleApplication@2ccd835c
----------------- Done invoking toplevel() on ptolemy.moml.MoMLSimpleApplication@2ccd835c
reloadAllAccessors: .TwoMachineInfiniteBusControl

===========================================================================================
----------------- testing Sat Aug 18 01:55:49 UTC 2018 /home/travis/build/icyphy/ptII/ptolemy/domains/continuous/test/auto/V2V.xml
----------------- Instantiating /home/travis/build/icyphy/ptII/ptolemy/domains/continuous/test/auto/V2V.xml
908 ms. Memory: 344576K Free: 180682K (52%)
----------------- Invoking toplevel() on ptolemy.moml.MoMLSimpleApplication@66e45088
----------------- Done invoking toplevel() on ptolemy.moml.MoMLSimpleApplication@66e45088
reloadAllAccessors: .V2V

===========================================================================================
----------------- testing Sat Aug 18 01:55:50 UTC 2018 /home/travis/build/icyphy/ptII/ptolemy/domains/continuous/test/auto/hierarchicalModalModel.xml
----------------- Instantiating /home/travis/build/icyphy/ptII/ptolemy/domains/continuous/test/auto/hierarchicalModalModel.xml
8 ms. Memory: 344576K Free: 162093K (47%)
----------------- Invoking toplevel() on ptolemy.moml.MoMLSimpleApplication@620e7aa9
----------------- Done invoking toplevel() on ptolemy.moml.MoMLSimpleApplication@620e7aa9
reloadAllAccessors: .hierarchicalModalModel

===========================================================================================
----------------- testing Sat Aug 18 01:55:50 UTC 2018 /home/travis/build/icyphy/ptII/ptolemy/domains/continuous/test/auto/hierarchicalModalModel1.xml
----------------- Instantiating /home/travis/build/icyphy/ptII/ptolemy/domains/continuous/test/auto/hierarchicalModalModel1.xml
10 ms. Memory: 344576K Free: 143365K (42%)
----------------- Invoking toplevel() on ptolemy.moml.MoMLSimpleApplication@30b96aec
----------------- Done invoking toplevel() on ptolemy.moml.MoMLSimpleApplication@30b96aec
reloadAllAccessors: .hierarchicalModalModel1

===========================================================================================
----------------- testing Sat Aug 18 01:55:50 UTC 2018 /home/travis/build/icyphy/ptII/ptolemy/domains/continuous/test/auto/hierarchicalModalModel2.xml
----------------- Instantiating /home/travis/build/icyphy/ptII/ptolemy/domains/continuous/test/auto/hierarchicalModalModel2.xml
15 ms. Memory: 344576K Free: 127608K (37%)
----------------- Invoking toplevel() on ptolemy.moml.MoMLSimpleApplication@20b003a0
----------------- Done invoking toplevel() on ptolemy.moml.MoMLSimpleApplication@20b003a0
reloadAllAccessors: .hierarchicalModalModel2

===========================================================================================
----------------- testing Sat Aug 18 01:55:50 UTC 2018 /home/travis/build/icyphy/ptII/ptolemy/domains/continuous/test/auto/hierarchicalModalModel3.xml
----------------- Instantiating /home/travis/build/icyphy/ptII/ptolemy/domains/continuous/test/auto/hierarchicalModalModel3.xml
6 ms. Memory: 344576K Free: 114794K (33%)
----------------- Invoking toplevel() on ptolemy.moml.MoMLSimpleApplication@51f625ab
----------------- Done invoking toplevel() on ptolemy.moml.MoMLSimpleApplication@51f625ab
reloadAllAccessors: .hierarchicalModalModel3

===========================================================================================
----------------- testing Sat Aug 18 01:55:50 UTC 2018 /home/travis/build/icyphy/ptII/ptolemy/domains/continuous/test/auto/hierarchicalModalModel4.xml
----------------- Instantiating /home/travis/build/icyphy/ptII/ptolemy/domains/continuous/test/auto/hierarchicalModalModel4.xml
8 ms. Memory: 344576K Free: 99040K (29%)
----------------- Invoking toplevel() on ptolemy.moml.MoMLSimpleApplication@2077f5b3
----------------- Done invoking toplevel() on ptolemy.moml.MoMLSimpleApplication@2077f5b3
reloadAllAccessors: .hierarchicalModalModel4

===========================================================================================
----------------- testing Sat Aug 18 01:55:50 UTC 2018 /home/travis/build/icyphy/ptII/ptolemy/domains/continuous/test/auto/junk.xml
----------------- Instantiating /home/travis/build/icyphy/ptII/ptolemy/domains/continuous/test/auto/junk.xml
127 ms. Memory: 344576K Free: 68541K (20%)
----------------- Invoking toplevel() on ptolemy.moml.MoMLSimpleApplication@74b1631
----------------- Done invoking toplevel() on ptolemy.moml.MoMLSimpleApplication@74b1631
reloadAllAccessors: .junk
AutoTests.java: About to close Vertx.
AutoTests.java: Vertx closed.
]]></system-out>
  <system-err><![CDATA[Warning: '.HysteresisWithRandomDelay.NonStrictTest3' The test produced only 28 tokens, yet the correctValues parameter was expecting 30 tokens.
Warning: '.Poisson.NonStrictTest' The test produced only 382 tokens, yet the correctValues parameter was expecting 430 tokens.
]]></system-err>
</testsuite>
