<?xml version="1.0" encoding="UTF-8" ?>
<testsuite errors="0" failures="0" hostname="travis-job-72677aea-13ae-4a64-9078-a97f4cfaa6b5" name="ptolemy.domains.modal.test.junit.JUnitTclTest" skipped="0" tests="148" time="11.149" timestamp="2019-06-10T04:35:22">
  <properties>
[...]
</properties>
  <testcase classname="ptolemy.util.test.junit.TclTests" name="[0] /home/travis/build/icyphy/ptII/ptolemy/domains/modal/test/SystemLevelType.tcl (RunTclFile)" time="2.089" />
  <testcase classname="ptolemy.util.test.junit.AutoKnownFailedTests" name="[0] /home/travis/build/icyphy/ptII/ptolemy/domains/modal/test/auto/knownFailedTests/CannotAnalysisWithPreemption.xml (RunModel)" time="0.177" />
  <testcase classname="ptolemy.util.test.junit.AutoNameArchTests" name="[0] ThereAreNoAutoArchTests (RunModel)" time="0.006" />
  <testcase classname="ptolemy.util.test.junit.AutoTests" name="[0] /home/travis/build/icyphy/ptII/ptolemy/domains/modal/test/auto/ABPTest.xml (RunModel)" time="0.747" />
  <testcase classname="ptolemy.util.test.junit.AutoTests" name="[1] /home/travis/build/icyphy/ptII/ptolemy/domains/modal/test/auto/ABROFlat.xml (RunModel)" time="0.094" />
  <testcase classname="ptolemy.util.test.junit.AutoTests" name="[2] /home/travis/build/icyphy/ptII/ptolemy/domains/modal/test/auto/ABROFlat2.xml (RunModel)" time="0.091" />
  <testcase classname="ptolemy.util.test.junit.AutoTests" name="[3] /home/travis/build/icyphy/ptII/ptolemy/domains/modal/test/auto/ABRO_present_hmm.xml (RunModel)" time="0.2" />
  <testcase classname="ptolemy.util.test.junit.AutoTests" name="[4] /home/travis/build/icyphy/ptII/ptolemy/domains/modal/test/auto/AMICoderExample.xml (RunModel)" time="0.075" />
  <testcase classname="ptolemy.util.test.junit.AutoTests" name="[5] /home/travis/build/icyphy/ptII/ptolemy/domains/modal/test/auto/AbsentToPresent.xml (RunModel)" time="0.042" />
  <testcase classname="ptolemy.util.test.junit.AutoTests" name="[6] /home/travis/build/icyphy/ptII/ptolemy/domains/modal/test/auto/Blending.xml (RunModel)" time="0.345" />
  <testcase classname="ptolemy.util.test.junit.AutoTests" name="[7] /home/travis/build/icyphy/ptII/ptolemy/domains/modal/test/auto/Broadcast.xml (RunModel)" time="0.055" />
  <testcase classname="ptolemy.util.test.junit.AutoTests" name="[8] /home/travis/build/icyphy/ptII/ptolemy/domains/modal/test/auto/BroadcastHierarchy.xml (RunModel)" time="0.081" />
  <testcase classname="ptolemy.util.test.junit.AutoTests" name="[9] /home/travis/build/icyphy/ptII/ptolemy/domains/modal/test/auto/BroadcastHierarchy2.xml (RunModel)" time="0.143" />
  <testcase classname="ptolemy.util.test.junit.AutoTests" name="[10] /home/travis/build/icyphy/ptII/ptolemy/domains/modal/test/auto/BroadcastHierarchy3.xml (RunModel)" time="0.091" />
  <testcase classname="ptolemy.util.test.junit.AutoTests" name="[11] /home/travis/build/icyphy/ptII/ptolemy/domains/modal/test/auto/BroadcastHierarchy4.xml (RunModel)" time="0.132" />
  <testcase classname="ptolemy.util.test.junit.AutoTests" name="[12] /home/travis/build/icyphy/ptII/ptolemy/domains/modal/test/auto/CannotAnalysisWithPreemption2.xml (RunModel)" time="0.035" />
  <testcase classname="ptolemy.util.test.junit.AutoTests" name="[13] /home/travis/build/icyphy/ptII/ptolemy/domains/modal/test/auto/CannotAnalysisWithPreemption3.xml (RunModel)" time="0.038" />
  <testcase classname="ptolemy.util.test.junit.AutoTests" name="[14] /home/travis/build/icyphy/ptII/ptolemy/domains/modal/test/auto/CannotProduce.xml (RunModel)" time="0.034" />
  <testcase classname="ptolemy.util.test.junit.AutoTests" name="[15] /home/travis/build/icyphy/ptII/ptolemy/domains/modal/test/auto/CannotProduceModal.xml (RunModel)" time="0.041" />
  <testcase classname="ptolemy.util.test.junit.AutoTests" name="[16] /home/travis/build/icyphy/ptII/ptolemy/domains/modal/test/auto/Case.xml (RunModel)" time="0.066" />
  <testcase classname="ptolemy.util.test.junit.AutoTests" name="[17] /home/travis/build/icyphy/ptII/ptolemy/domains/modal/test/auto/Case1.xml (RunModel)" time="0.045" />
  <testcase classname="ptolemy.util.test.junit.AutoTests" name="[18] /home/travis/build/icyphy/ptII/ptolemy/domains/modal/test/auto/Case2.xml (RunModel)" time="0.065" />
  <testcase classname="ptolemy.util.test.junit.AutoTests" name="[19] /home/travis/build/icyphy/ptII/ptolemy/domains/modal/test/auto/CausalityInterface1.xml (RunModel)" time="0.033" />
  <testcase classname="ptolemy.util.test.junit.AutoTests" name="[20] /home/travis/build/icyphy/ptII/ptolemy/domains/modal/test/auto/CausalityInterface10.xml (RunModel)" time="0.043" />
  <testcase classname="ptolemy.util.test.junit.AutoTests" name="[21] /home/travis/build/icyphy/ptII/ptolemy/domains/modal/test/auto/CausalityInterface11.xml (RunModel)" time="0.061" />
  <testcase classname="ptolemy.util.test.junit.AutoTests" name="[22] /home/travis/build/icyphy/ptII/ptolemy/domains/modal/test/auto/CausalityInterface12.xml (RunModel)" time="0.052" />
  <testcase classname="ptolemy.util.test.junit.AutoTests" name="[23] /home/travis/build/icyphy/ptII/ptolemy/domains/modal/test/auto/CausalityInterface13.xml (RunModel)" time="0.073" />
  <testcase classname="ptolemy.util.test.junit.AutoTests" name="[24] /home/travis/build/icyphy/ptII/ptolemy/domains/modal/test/auto/CausalityInterface14.xml (RunModel)" time="0.054" />
  <testcase classname="ptolemy.util.test.junit.AutoTests" name="[25] /home/travis/build/icyphy/ptII/ptolemy/domains/modal/test/auto/CausalityInterface2.xml (RunModel)" time="0.03" />
  <testcase classname="ptolemy.util.test.junit.AutoTests" name="[26] /home/travis/build/icyphy/ptII/ptolemy/domains/modal/test/auto/CausalityInterface3.xml (RunModel)" time="0.03" />
  <testcase classname="ptolemy.util.test.junit.AutoTests" name="[27] /home/travis/build/icyphy/ptII/ptolemy/domains/modal/test/auto/CausalityInterface4.xml (RunModel)" time="0.031" />
  <testcase classname="ptolemy.util.test.junit.AutoTests" name="[28] /home/travis/build/icyphy/ptII/ptolemy/domains/modal/test/auto/CausalityInterface5.xml (RunModel)" time="0.032" />
  <testcase classname="ptolemy.util.test.junit.AutoTests" name="[29] /home/travis/build/icyphy/ptII/ptolemy/domains/modal/test/auto/CausalityInterface6.xml (RunModel)" time="0.036" />
  <testcase classname="ptolemy.util.test.junit.AutoTests" name="[30] /home/travis/build/icyphy/ptII/ptolemy/domains/modal/test/auto/CausalityInterface7.xml (RunModel)" time="0.042" />
  <testcase classname="ptolemy.util.test.junit.AutoTests" name="[31] /home/travis/build/icyphy/ptII/ptolemy/domains/modal/test/auto/CausalityInterface8.xml (RunModel)" time="0.061" />
  <testcase classname="ptolemy.util.test.junit.AutoTests" name="[32] /home/travis/build/icyphy/ptII/ptolemy/domains/modal/test/auto/CausalityInterface9.xml (RunModel)" time="0.045" />
  <testcase classname="ptolemy.util.test.junit.AutoTests" name="[33] /home/travis/build/icyphy/ptII/ptolemy/domains/modal/test/auto/ChainedTransitions.xml (RunModel)" time="0.169" />
  <testcase classname="ptolemy.util.test.junit.AutoTests" name="[34] /home/travis/build/icyphy/ptII/ptolemy/domains/modal/test/auto/CycleOfImmediateTransitionsFSM.xml (RunModel)" time="0.026" />
  <testcase classname="ptolemy.util.test.junit.AutoTests" name="[35] /home/travis/build/icyphy/ptII/ptolemy/domains/modal/test/auto/CycleOfImmediateTransitionsModal.xml (RunModel)" time="0.027" />
  <testcase classname="ptolemy.util.test.junit.AutoTests" name="[36] /home/travis/build/icyphy/ptII/ptolemy/domains/modal/test/auto/CycleOfImmediateTransitionsModal2.xml (RunModel)" time="0.031" />
  <testcase classname="ptolemy.util.test.junit.AutoTests" name="[37] /home/travis/build/icyphy/ptII/ptolemy/domains/modal/test/auto/CycleOfImmediateTransitionsModal3.xml (RunModel)" time="0.07" />
  <testcase classname="ptolemy.util.test.junit.AutoTests" name="[38] /home/travis/build/icyphy/ptII/ptolemy/domains/modal/test/auto/DeepModal1.xml (RunModel)" time="0.064" />
  <testcase classname="ptolemy.util.test.junit.AutoTests" name="[39] /home/travis/build/icyphy/ptII/ptolemy/domains/modal/test/auto/DeepModal2.xml (RunModel)" time="0.081" />
  <testcase classname="ptolemy.util.test.junit.AutoTests" name="[40] /home/travis/build/icyphy/ptII/ptolemy/domains/modal/test/auto/DeepModal3.xml (RunModel)" time="0.085" />
  <testcase classname="ptolemy.util.test.junit.AutoTests" name="[41] /home/travis/build/icyphy/ptII/ptolemy/domains/modal/test/auto/DeepModal4.xml (RunModel)" time="0.093" />
  <testcase classname="ptolemy.util.test.junit.AutoTests" name="[42] /home/travis/build/icyphy/ptII/ptolemy/domains/modal/test/auto/Default1.xml (RunModel)" time="0.018" />
  <testcase classname="ptolemy.util.test.junit.AutoTests" name="[43] /home/travis/build/icyphy/ptII/ptolemy/domains/modal/test/auto/Default2.xml (RunModel)" time="0.019" />
  <testcase classname="ptolemy.util.test.junit.AutoTests" name="[44] /home/travis/build/icyphy/ptII/ptolemy/domains/modal/test/auto/Default3.xml (RunModel)" time="0.016" />
  <testcase classname="ptolemy.util.test.junit.AutoTests" name="[45] /home/travis/build/icyphy/ptII/ptolemy/domains/modal/test/auto/Default4.xml (RunModel)" time="0.016" />
  <testcase classname="ptolemy.util.test.junit.AutoTests" name="[46] /home/travis/build/icyphy/ptII/ptolemy/domains/modal/test/auto/Default5.xml (RunModel)" time="0.033" />
  <testcase classname="ptolemy.util.test.junit.AutoTests" name="[47] /home/travis/build/icyphy/ptII/ptolemy/domains/modal/test/auto/EmptyGuard.xml (RunModel)" time="0.032" />
  <testcase classname="ptolemy.util.test.junit.AutoTests" name="[48] /home/travis/build/icyphy/ptII/ptolemy/domains/modal/test/auto/ErrorTransition1.xml (RunModel)" time="0.04" />
  <testcase classname="ptolemy.util.test.junit.AutoTests" name="[49] /home/travis/build/icyphy/ptII/ptolemy/domains/modal/test/auto/ErrorTransition10.xml (RunModel)" time="0.047" />
  <testcase classname="ptolemy.util.test.junit.AutoTests" name="[50] /home/travis/build/icyphy/ptII/ptolemy/domains/modal/test/auto/ErrorTransition11.xml (RunModel)" time="0.04" />
  <testcase classname="ptolemy.util.test.junit.AutoTests" name="[51] /home/travis/build/icyphy/ptII/ptolemy/domains/modal/test/auto/ErrorTransition2.xml (RunModel)" time="0.031" />
  <testcase classname="ptolemy.util.test.junit.AutoTests" name="[52] /home/travis/build/icyphy/ptII/ptolemy/domains/modal/test/auto/ErrorTransition3.xml (RunModel)" time="0.041" />
  <testcase classname="ptolemy.util.test.junit.AutoTests" name="[53] /home/travis/build/icyphy/ptII/ptolemy/domains/modal/test/auto/ErrorTransition4.xml (RunModel)" time="0.051" />
  <testcase classname="ptolemy.util.test.junit.AutoTests" name="[54] /home/travis/build/icyphy/ptII/ptolemy/domains/modal/test/auto/ErrorTransition5.xml (RunModel)" time="0.031" />
  <testcase classname="ptolemy.util.test.junit.AutoTests" name="[55] /home/travis/build/icyphy/ptII/ptolemy/domains/modal/test/auto/ErrorTransition6.xml (RunModel)" time="0.032" />
  <testcase classname="ptolemy.util.test.junit.AutoTests" name="[56] /home/travis/build/icyphy/ptII/ptolemy/domains/modal/test/auto/ErrorTransition7.xml (RunModel)" time="0.041" />
  <testcase classname="ptolemy.util.test.junit.AutoTests" name="[57] /home/travis/build/icyphy/ptII/ptolemy/domains/modal/test/auto/ErrorTransition8.xml (RunModel)" time="0.059" />
  <testcase classname="ptolemy.util.test.junit.AutoTests" name="[58] /home/travis/build/icyphy/ptII/ptolemy/domains/modal/test/auto/ErrorTransition9.xml (RunModel)" time="0.037" />
  <testcase classname="ptolemy.util.test.junit.AutoTests" name="[59] /home/travis/build/icyphy/ptII/ptolemy/domains/modal/test/auto/ExtendedFSM.xml (RunModel)" time="0.027" />
  <testcase classname="ptolemy.util.test.junit.AutoTests" name="[60] /home/travis/build/icyphy/ptII/ptolemy/domains/modal/test/auto/FinalStates.xml (RunModel)" time="0.034" />
  <testcase classname="ptolemy.util.test.junit.AutoTests" name="[61] /home/travis/build/icyphy/ptII/ptolemy/domains/modal/test/auto/FixedPointFSM.xml (RunModel)" time="0.057" />
  <testcase classname="ptolemy.util.test.junit.AutoTests" name="[62] /home/travis/build/icyphy/ptII/ptolemy/domains/modal/test/auto/FixedPointIterationFSMActor.xml (RunModel)" time="0.048" />
  <testcase classname="ptolemy.util.test.junit.AutoTests" name="[63] /home/travis/build/icyphy/ptII/ptolemy/domains/modal/test/auto/FixedPointIterationFSMActor2.xml (RunModel)" time="0.038" />
  <testcase classname="ptolemy.util.test.junit.AutoTests" name="[64] /home/travis/build/icyphy/ptII/ptolemy/domains/modal/test/auto/ForbiddenInstantanousLoop.xml (RunModel)" time="0.033" />
  <testcase classname="ptolemy.util.test.junit.AutoTests" name="[65] /home/travis/build/icyphy/ptII/ptolemy/domains/modal/test/auto/FunctionDependencyOfFSMActorTest.xml (RunModel)" time="0.026" />
  <testcase classname="ptolemy.util.test.junit.AutoTests" name="[66] /home/travis/build/icyphy/ptII/ptolemy/domains/modal/test/auto/GuardExpression.xml (RunModel)" time="0.018" />
  <testcase classname="ptolemy.util.test.junit.AutoTests" name="[67] /home/travis/build/icyphy/ptII/ptolemy/domains/modal/test/auto/GuardNotEvaluated.xml (RunModel)" time="0.031" />
  <testcase classname="ptolemy.util.test.junit.AutoTests" name="[68] /home/travis/build/icyphy/ptII/ptolemy/domains/modal/test/auto/GuardNotEvaluated2.xml (RunModel)" time="0.027" />
  <testcase classname="ptolemy.util.test.junit.AutoTests" name="[69] /home/travis/build/icyphy/ptII/ptolemy/domains/modal/test/auto/GuardOnAbsent.xml (RunModel)" time="0.03" />
  <testcase classname="ptolemy.util.test.junit.AutoTests" name="[70] /home/travis/build/icyphy/ptII/ptolemy/domains/modal/test/auto/HierarchicalFSMTypeInference.xml (RunModel)" time="0.037" />
  <testcase classname="ptolemy.util.test.junit.AutoTests" name="[71] /home/travis/build/icyphy/ptII/ptolemy/domains/modal/test/auto/Hysteresis.xml (RunModel)" time="0.049" />
  <testcase classname="ptolemy.util.test.junit.AutoTests" name="[72] /home/travis/build/icyphy/ptII/ptolemy/domains/modal/test/auto/HysteresisWithDefault.xml (RunModel)" time="0.07" />
  <testcase classname="ptolemy.util.test.junit.AutoTests" name="[73] /home/travis/build/icyphy/ptII/ptolemy/domains/modal/test/auto/HysteresisWithDefault2.xml (RunModel)" time="0.077" />
  <testcase classname="ptolemy.util.test.junit.AutoTests" name="[74] /home/travis/build/icyphy/ptII/ptolemy/domains/modal/test/auto/ImmediateNonConstructiveness.xml (RunModel)" time="0.019" />
  <testcase classname="ptolemy.util.test.junit.AutoTests" name="[75] /home/travis/build/icyphy/ptII/ptolemy/domains/modal/test/auto/ImmediateNonConstructiveness2.xml (RunModel)" time="0.02" />
  <testcase classname="ptolemy.util.test.junit.AutoTests" name="[76] /home/travis/build/icyphy/ptII/ptolemy/domains/modal/test/auto/ImmediateTransitionReset.xml (RunModel)" time="0.038" />
  <testcase classname="ptolemy.util.test.junit.AutoTests" name="[77] /home/travis/build/icyphy/ptII/ptolemy/domains/modal/test/auto/ImmediateTransitions1.xml (RunModel)" time="0.013" />
  <testcase classname="ptolemy.util.test.junit.AutoTests" name="[78] /home/travis/build/icyphy/ptII/ptolemy/domains/modal/test/auto/ImmediateTransitionsInstantaneousCommunication.xml (RunModel)" time="0.045" />
  <testcase classname="ptolemy.util.test.junit.AutoTests" name="[79] /home/travis/build/icyphy/ptII/ptolemy/domains/modal/test/auto/InitialImmediateTransition.xml (RunModel)" time="0.016" />
  <testcase classname="ptolemy.util.test.junit.AutoTests" name="[80] /home/travis/build/icyphy/ptII/ptolemy/domains/modal/test/auto/InitialOutputs.xml (RunModel)" time="0.016" />
  <testcase classname="ptolemy.util.test.junit.AutoTests" name="[81] /home/travis/build/icyphy/ptII/ptolemy/domains/modal/test/auto/InitialStateTransition1.xml (RunModel)" time="0.027" />
  <testcase classname="ptolemy.util.test.junit.AutoTests" name="[82] /home/travis/build/icyphy/ptII/ptolemy/domains/modal/test/auto/InitialStateTransition2.xml (RunModel)" time="0.025" />
  <testcase classname="ptolemy.util.test.junit.AutoTests" name="[83] /home/travis/build/icyphy/ptII/ptolemy/domains/modal/test/auto/InitialStateTransition3.xml (RunModel)" time="0.028" />
  <testcase classname="ptolemy.util.test.junit.AutoTests" name="[84] /home/travis/build/icyphy/ptII/ptolemy/domains/modal/test/auto/InitialStateTransition4.xml (RunModel)" time="0.027" />
  <testcase classname="ptolemy.util.test.junit.AutoTests" name="[85] /home/travis/build/icyphy/ptII/ptolemy/domains/modal/test/auto/MalformedGuardExpressionNotCaught.xml (RunModel)" time="0.025" />
  <testcase classname="ptolemy.util.test.junit.AutoTests" name="[86] /home/travis/build/icyphy/ptII/ptolemy/domains/modal/test/auto/ModalBSC.xml (RunModel)" time="0.107" />
  <testcase classname="ptolemy.util.test.junit.AutoTests" name="[87] /home/travis/build/icyphy/ptII/ptolemy/domains/modal/test/auto/ModalClocks.xml (RunModel)" time="0.087" />
  <testcase classname="ptolemy.util.test.junit.AutoTests" name="[88] /home/travis/build/icyphy/ptII/ptolemy/domains/modal/test/auto/ModalDelay.xml (RunModel)" time="0.038" />
  <testcase classname="ptolemy.util.test.junit.AutoTests" name="[89] /home/travis/build/icyphy/ptII/ptolemy/domains/modal/test/auto/ModalDelay2.xml (RunModel)" time="0.045" />
  <testcase classname="ptolemy.util.test.junit.AutoTests" name="[90] /home/travis/build/icyphy/ptII/ptolemy/domains/modal/test/auto/ModalModelFromMemo.xml (RunModel)" time="0.053" />
  <testcase classname="ptolemy.util.test.junit.AutoTests" name="[91] /home/travis/build/icyphy/ptII/ptolemy/domains/modal/test/auto/ModalModelWithMultirateTransient.xml (RunModel)" time="0.052" />
  <testcase classname="ptolemy.util.test.junit.AutoTests" name="[92] /home/travis/build/icyphy/ptII/ptolemy/domains/modal/test/auto/ModalModelWithReset.xml (RunModel)" time="0.056" />
  <testcase classname="ptolemy.util.test.junit.AutoTests" name="[93] /home/travis/build/icyphy/ptII/ptolemy/domains/modal/test/auto/MouseClickFSM.xml (RunModel)" time="0.051" />
  <testcase classname="ptolemy.util.test.junit.AutoTests" name="[94] /home/travis/build/icyphy/ptII/ptolemy/domains/modal/test/auto/MouseClickFSMModal.xml (RunModel)" time="0.042" />
  <testcase classname="ptolemy.util.test.junit.AutoTests" name="[95] /home/travis/build/icyphy/ptII/ptolemy/domains/modal/test/auto/NonStrictFSM_FeedbackLoop.xml (RunModel)" time="0.054" />
  <testcase classname="ptolemy.util.test.junit.AutoTests" name="[96] /home/travis/build/icyphy/ptII/ptolemy/domains/modal/test/auto/NonStrictFSM_FeedbackLoop_Refinement.xml (RunModel)" time="0.076" />
  <testcase classname="ptolemy.util.test.junit.AutoTests" name="[97] /home/travis/build/icyphy/ptII/ptolemy/domains/modal/test/auto/NonStrictFSM_FeedbackLoop_preemptive.xml (RunModel)" time="0.046" />
  <testcase classname="ptolemy.util.test.junit.AutoTests" name="[98] /home/travis/build/icyphy/ptII/ptolemy/domains/modal/test/auto/NormalTermination.xml (RunModel)" time="0.041" />
  <testcase classname="ptolemy.util.test.junit.AutoTests" name="[99] /home/travis/build/icyphy/ptII/ptolemy/domains/modal/test/auto/Pong.xml (RunModel)" time="0.058" />
  <testcase classname="ptolemy.util.test.junit.AutoTests" name="[100] /home/travis/build/icyphy/ptII/ptolemy/domains/modal/test/auto/Pong_test.xml (RunModel)" time="0.12" />
  <testcase classname="ptolemy.util.test.junit.AutoTests" name="[101] /home/travis/build/icyphy/ptII/ptolemy/domains/modal/test/auto/PreemptionHierarchy.xml (RunModel)" time="0.024" />
  <testcase classname="ptolemy.util.test.junit.AutoTests" name="[102] /home/travis/build/icyphy/ptII/ptolemy/domains/modal/test/auto/PreemptionHierarchy2.xml (RunModel)" time="0.033" />
  <testcase classname="ptolemy.util.test.junit.AutoTests" name="[103] /home/travis/build/icyphy/ptII/ptolemy/domains/modal/test/auto/PreemptiveTransition.xml (RunModel)" time="0.023" />
  <testcase classname="ptolemy.util.test.junit.AutoTests" name="[104] /home/travis/build/icyphy/ptII/ptolemy/domains/modal/test/auto/Priorities.xml (RunModel)" time="0.091" />
  <testcase classname="ptolemy.util.test.junit.AutoTests" name="[105] /home/travis/build/icyphy/ptII/ptolemy/domains/modal/test/auto/ResetFinal.xml (RunModel)" time="0.046" />
  <testcase classname="ptolemy.util.test.junit.AutoTests" name="[106] /home/travis/build/icyphy/ptII/ptolemy/domains/modal/test/auto/ResetFinal2.xml (RunModel)" time="0.032" />
  <testcase classname="ptolemy.util.test.junit.AutoTests" name="[107] /home/travis/build/icyphy/ptII/ptolemy/domains/modal/test/auto/ResetTransitionWithStartTime.xml (RunModel)" time="0.033" />
  <testcase classname="ptolemy.util.test.junit.AutoTests" name="[108] /home/travis/build/icyphy/ptII/ptolemy/domains/modal/test/auto/SDF-FSMComposite.xml (RunModel)" time="0.022" />
  <testcase classname="ptolemy.util.test.junit.AutoTests" name="[109] /home/travis/build/icyphy/ptII/ptolemy/domains/modal/test/auto/SeeminglyNondeterminate.xml (RunModel)" time="0.076" />
  <testcase classname="ptolemy.util.test.junit.AutoTests" name="[110] /home/travis/build/icyphy/ptII/ptolemy/domains/modal/test/auto/SeeminglyNondeterminate2.xml (RunModel)" time="0.069" />
  <testcase classname="ptolemy.util.test.junit.AutoTests" name="[111] /home/travis/build/icyphy/ptII/ptolemy/domains/modal/test/auto/SpontaneousFSM.xml (RunModel)" time="0.042" />
  <testcase classname="ptolemy.util.test.junit.AutoTests" name="[112] /home/travis/build/icyphy/ptII/ptolemy/domains/modal/test/auto/SpontaneousFSM2.xml (RunModel)" time="0.032" />
  <testcase classname="ptolemy.util.test.junit.AutoTests" name="[113] /home/travis/build/icyphy/ptII/ptolemy/domains/modal/test/auto/SpontaneousFSM3.xml (RunModel)" time="0.043" />
  <testcase classname="ptolemy.util.test.junit.AutoTests" name="[114] /home/travis/build/icyphy/ptII/ptolemy/domains/modal/test/auto/SpontaneousFSM4.xml (RunModel)" time="0.044" />
  <testcase classname="ptolemy.util.test.junit.AutoTests" name="[115] /home/travis/build/icyphy/ptII/ptolemy/domains/modal/test/auto/StateTrackerTest.xml (RunModel)" time="0.052" />
  <testcase classname="ptolemy.util.test.junit.AutoTests" name="[116] /home/travis/build/icyphy/ptII/ptolemy/domains/modal/test/auto/StrongImmediateTransition.xml (RunModel)" time="0.042" />
  <testcase classname="ptolemy.util.test.junit.AutoTests" name="[117] /home/travis/build/icyphy/ptII/ptolemy/domains/modal/test/auto/SustainHierarchy.xml (RunModel)" time="0.038" />
  <testcase classname="ptolemy.util.test.junit.AutoTests" name="[118] /home/travis/build/icyphy/ptII/ptolemy/domains/modal/test/auto/TerminationTransition1.xml (RunModel)" time="0.026" />
  <testcase classname="ptolemy.util.test.junit.AutoTests" name="[119] /home/travis/build/icyphy/ptII/ptolemy/domains/modal/test/auto/TerminationTransition2.xml (RunModel)" time="0.032" />
  <testcase classname="ptolemy.util.test.junit.AutoTests" name="[120] /home/travis/build/icyphy/ptII/ptolemy/domains/modal/test/auto/TerminationTransition3.xml (RunModel)" time="0.028" />
  <testcase classname="ptolemy.util.test.junit.AutoTests" name="[121] /home/travis/build/icyphy/ptII/ptolemy/domains/modal/test/auto/TerminationTransition4.xml (RunModel)" time="0.043" />
  <testcase classname="ptolemy.util.test.junit.AutoTests" name="[122] /home/travis/build/icyphy/ptII/ptolemy/domains/modal/test/auto/TerminationTransition5.xml (RunModel)" time="0.035" />
  <testcase classname="ptolemy.util.test.junit.AutoTests" name="[123] /home/travis/build/icyphy/ptII/ptolemy/domains/modal/test/auto/TerminationTransition6.xml (RunModel)" time="0.025" />
  <testcase classname="ptolemy.util.test.junit.AutoTests" name="[124] /home/travis/build/icyphy/ptII/ptolemy/domains/modal/test/auto/TerminationTransition7.xml (RunModel)" time="0.025" />
  <testcase classname="ptolemy.util.test.junit.AutoTests" name="[125] /home/travis/build/icyphy/ptII/ptolemy/domains/modal/test/auto/TerminationTransition8.xml (RunModel)" time="0.028" />
  <testcase classname="ptolemy.util.test.junit.AutoTests" name="[126] /home/travis/build/icyphy/ptII/ptolemy/domains/modal/test/auto/Thermostat_NoHysteresis.xml (RunModel)" time="0.071" />
  <testcase classname="ptolemy.util.test.junit.AutoTests" name="[127] /home/travis/build/icyphy/ptII/ptolemy/domains/modal/test/auto/TimedFSM.xml (RunModel)" time="0.038" />
  <testcase classname="ptolemy.util.test.junit.AutoTests" name="[128] /home/travis/build/icyphy/ptII/ptolemy/domains/modal/test/auto/Timeout1.xml (RunModel)" time="0.023" />
  <testcase classname="ptolemy.util.test.junit.AutoTests" name="[129] /home/travis/build/icyphy/ptII/ptolemy/domains/modal/test/auto/Timeout2.xml (RunModel)" time="0.019" />
  <testcase classname="ptolemy.util.test.junit.AutoTests" name="[130] /home/travis/build/icyphy/ptII/ptolemy/domains/modal/test/auto/Timeout3.xml (RunModel)" time="0.015" />
  <testcase classname="ptolemy.util.test.junit.AutoTests" name="[131] /home/travis/build/icyphy/ptII/ptolemy/domains/modal/test/auto/Timeout4.xml (RunModel)" time="0.012" />
  <testcase classname="ptolemy.util.test.junit.AutoTests" name="[132] /home/travis/build/icyphy/ptII/ptolemy/domains/modal/test/auto/TransientstateModelAdvanced.xml (RunModel)" time="0.026" />
  <testcase classname="ptolemy.util.test.junit.AutoTests" name="[133] /home/travis/build/icyphy/ptII/ptolemy/domains/modal/test/auto/TransientstateModelAdvanced2.xml (RunModel)" time="0.041" />
  <testcase classname="ptolemy.util.test.junit.AutoTests" name="[134] /home/travis/build/icyphy/ptII/ptolemy/domains/modal/test/auto/TransitionRefinements.xml (RunModel)" time="0.036" />
  <testcase classname="ptolemy.util.test.junit.AutoTests" name="[135] /home/travis/build/icyphy/ptII/ptolemy/domains/modal/test/auto/TwoRefinements1.xml (RunModel)" time="0.032" />
  <testcase classname="ptolemy.util.test.junit.AutoTests" name="[136] /home/travis/build/icyphy/ptII/ptolemy/domains/modal/test/auto/TwoRefinements2.xml (RunModel)" time="0.031" />
  <testcase classname="ptolemy.util.test.junit.AutoTests" name="[137] /home/travis/build/icyphy/ptII/ptolemy/domains/modal/test/auto/WeakImmediateTransition.xml (RunModel)" time="0.032" />
  <testcase classname="ptolemy.util.test.junit.AutoTests" name="[138] /home/travis/build/icyphy/ptII/ptolemy/domains/modal/test/auto/booleanSelect.xml (RunModel)" time="0.112" />
  <testcase classname="ptolemy.util.test.junit.AutoTests" name="[139] /home/travis/build/icyphy/ptII/ptolemy/domains/modal/test/auto/modalChangingParams.xml (RunModel)" time="0.23" />
  <testcase classname="ptolemy.util.test.junit.AutoTests" name="[140] /home/travis/build/icyphy/ptII/ptolemy/domains/modal/test/auto/modalModel.xml (RunModel)" time="0.024" />
  <testcase classname="ptolemy.util.test.junit.AutoTests" name="[141] /home/travis/build/icyphy/ptII/ptolemy/domains/modal/test/auto/modalModel2.xml (RunModel)" time="0.037" />
  <testcase classname="ptolemy.util.test.junit.AutoTests" name="[142] /home/travis/build/icyphy/ptII/ptolemy/domains/modal/test/auto/modalModel3.xml (RunModel)" time="0.04" />
  <testcase classname="ptolemy.util.test.junit.AutoTests" name="[143] /home/travis/build/icyphy/ptII/ptolemy/domains/modal/test/auto/model1.xml (RunModel)" time="0.021" />
  <testcase classname="ptolemy.util.test.junit.AutoTests" name="[144] /home/travis/build/icyphy/ptII/ptolemy/domains/modal/test/auto/test-direct-in-out.xml (RunModel)" time="0.025" />
  <system-out><![CDATA[/home/travis/build/icyphy/ptII/ptolemy/domains/modal/test/SystemLevelType.tcl
testDefs.tcl: setting time out to 9000 seconds at Mon Jun 10 04:35:22 UTC 2019
06/10/19 04:35:24
Failed: 0  Total Tests: 1  ((Passed: 1, Newly Passed: 0)  Known Failed: 0) /home/travis/build/icyphy/ptII/ptolemy/domains/modal/test
----------------- testing (KnownFailure) /home/travis/build/icyphy/ptII/ptolemy/domains/modal/test/auto/knownFailedTests/CannotAnalysisWithPreemption.xml
46 ms. Memory: 208384K Free: 80056K (38%)
Known Failure: java.lang.reflect.InvocationTargetException
No auto/linux-amd64/*.xml tests in /home/travis/build/icyphy/ptII/ptolemy/domains/modal/test
AutoTests.java: About to close Vertx.
AutoTests.java: Vertx closed.

===========================================================================================
----------------- testing Mon Jun 10 04:35:25 UTC 2019 /home/travis/build/icyphy/ptII/ptolemy/domains/modal/test/auto/ABPTest.xml
----------------- Instantiating /home/travis/build/icyphy/ptII/ptolemy/domains/modal/test/auto/ABPTest.xml
449 ms. Memory: 332288K Free: 310541K (93%)
----------------- Invoking toplevel() on ptolemy.moml.MoMLSimpleApplication@487dadc8
----------------- Done invoking toplevel() on ptolemy.moml.MoMLSimpleApplication@487dadc8
reloadAllAccessors: .ABPTest

===========================================================================================
----------------- testing Mon Jun 10 04:35:26 UTC 2019 /home/travis/build/icyphy/ptII/ptolemy/domains/modal/test/auto/ABROFlat.xml
----------------- Instantiating /home/travis/build/icyphy/ptII/ptolemy/domains/modal/test/auto/ABROFlat.xml
24 ms. Memory: 332288K Free: 288642K (87%)
----------------- Invoking toplevel() on ptolemy.moml.MoMLSimpleApplication@476d43b2
----------------- Done invoking toplevel() on ptolemy.moml.MoMLSimpleApplication@476d43b2
reloadAllAccessors: .ABROFlat

===========================================================================================
----------------- testing Mon Jun 10 04:35:26 UTC 2019 /home/travis/build/icyphy/ptII/ptolemy/domains/modal/test/auto/ABROFlat2.xml
----------------- Instantiating /home/travis/build/icyphy/ptII/ptolemy/domains/modal/test/auto/ABROFlat2.xml
24 ms. Memory: 332288K Free: 270730K (81%)
----------------- Invoking toplevel() on ptolemy.moml.MoMLSimpleApplication@15b879bb
----------------- Done invoking toplevel() on ptolemy.moml.MoMLSimpleApplication@15b879bb
reloadAllAccessors: .ABROFlat2

===========================================================================================
----------------- testing Mon Jun 10 04:35:26 UTC 2019 /home/travis/build/icyphy/ptII/ptolemy/domains/modal/test/auto/ABRO_present_hmm.xml
----------------- Instantiating /home/travis/build/icyphy/ptII/ptolemy/domains/modal/test/auto/ABRO_present_hmm.xml
34 ms. Memory: 332288K Free: 239794K (72%)
----------------- Invoking toplevel() on ptolemy.moml.MoMLSimpleApplication@7fa54d2c
----------------- Done invoking toplevel() on ptolemy.moml.MoMLSimpleApplication@7fa54d2c
reloadAllAccessors: .ABRO_present_hmm

===========================================================================================
----------------- testing Mon Jun 10 04:35:26 UTC 2019 /home/travis/build/icyphy/ptII/ptolemy/domains/modal/test/auto/AMICoderExample.xml
----------------- Instantiating /home/travis/build/icyphy/ptII/ptolemy/domains/modal/test/auto/AMICoderExample.xml
29 ms. Memory: 332288K Free: 228397K (69%)
----------------- Invoking toplevel() on ptolemy.moml.MoMLSimpleApplication@418bab4a
----------------- Done invoking toplevel() on ptolemy.moml.MoMLSimpleApplication@418bab4a
reloadAllAccessors: .AMICoderExample

===========================================================================================
----------------- testing Mon Jun 10 04:35:26 UTC 2019 /home/travis/build/icyphy/ptII/ptolemy/domains/modal/test/auto/AbsentToPresent.xml
----------------- Instantiating /home/travis/build/icyphy/ptII/ptolemy/domains/modal/test/auto/AbsentToPresent.xml
13 ms. Memory: 332288K Free: 220238K (66%)
----------------- Invoking toplevel() on ptolemy.moml.MoMLSimpleApplication@39b618ed
----------------- Done invoking toplevel() on ptolemy.moml.MoMLSimpleApplication@39b618ed
reloadAllAccessors: .AbsentToPresent

===========================================================================================
----------------- testing Mon Jun 10 04:35:26 UTC 2019 /home/travis/build/icyphy/ptII/ptolemy/domains/modal/test/auto/Blending.xml
----------------- Instantiating /home/travis/build/icyphy/ptII/ptolemy/domains/modal/test/auto/Blending.xml
199 ms. Memory: 332288K Free: 171393K (52%)
----------------- Invoking toplevel() on ptolemy.moml.MoMLSimpleApplication@5430a0e2
----------------- Done invoking toplevel() on ptolemy.moml.MoMLSimpleApplication@5430a0e2
reloadAllAccessors: .Blending

===========================================================================================
----------------- testing Mon Jun 10 04:35:27 UTC 2019 /home/travis/build/icyphy/ptII/ptolemy/domains/modal/test/auto/Broadcast.xml
----------------- Instantiating /home/travis/build/icyphy/ptII/ptolemy/domains/modal/test/auto/Broadcast.xml
10 ms. Memory: 332288K Free: 159986K (48%)
----------------- Invoking toplevel() on ptolemy.moml.MoMLSimpleApplication@3a08fdeb
----------------- Done invoking toplevel() on ptolemy.moml.MoMLSimpleApplication@3a08fdeb
reloadAllAccessors: .Broadcast

===========================================================================================
----------------- testing Mon Jun 10 04:35:27 UTC 2019 /home/travis/build/icyphy/ptII/ptolemy/domains/modal/test/auto/BroadcastHierarchy.xml
----------------- Instantiating /home/travis/build/icyphy/ptII/ptolemy/domains/modal/test/auto/BroadcastHierarchy.xml
21 ms. Memory: 332288K Free: 143704K (43%)
----------------- Invoking toplevel() on ptolemy.moml.MoMLSimpleApplication@70c6b2a7
----------------- Done invoking toplevel() on ptolemy.moml.MoMLSimpleApplication@70c6b2a7
reloadAllAccessors: .BroadcastHierarchy

===========================================================================================
----------------- testing Mon Jun 10 04:35:27 UTC 2019 /home/travis/build/icyphy/ptII/ptolemy/domains/modal/test/auto/BroadcastHierarchy2.xml
----------------- Instantiating /home/travis/build/icyphy/ptII/ptolemy/domains/modal/test/auto/BroadcastHierarchy2.xml
30 ms. Memory: 332288K Free: 109511K (33%)
----------------- Invoking toplevel() on ptolemy.moml.MoMLSimpleApplication@8d102f2
----------------- Done invoking toplevel() on ptolemy.moml.MoMLSimpleApplication@8d102f2
reloadAllAccessors: .BroadcastHierarchy2

===========================================================================================
----------------- testing Mon Jun 10 04:35:27 UTC 2019 /home/travis/build/icyphy/ptII/ptolemy/domains/modal/test/auto/BroadcastHierarchy3.xml
----------------- Instantiating /home/travis/build/icyphy/ptII/ptolemy/domains/modal/test/auto/BroadcastHierarchy3.xml
16 ms. Memory: 332288K Free: 81815K (25%)
----------------- Invoking toplevel() on ptolemy.moml.MoMLSimpleApplication@5c31e4de
----------------- Done invoking toplevel() on ptolemy.moml.MoMLSimpleApplication@5c31e4de
reloadAllAccessors: .BroadcastHierarchy3

===========================================================================================
----------------- testing Mon Jun 10 04:35:27 UTC 2019 /home/travis/build/icyphy/ptII/ptolemy/domains/modal/test/auto/BroadcastHierarchy4.xml
----------------- Instantiating /home/travis/build/icyphy/ptII/ptolemy/domains/modal/test/auto/BroadcastHierarchy4.xml
23 ms. Memory: 333824K Free: 300216K (90%)
----------------- Invoking toplevel() on ptolemy.moml.MoMLSimpleApplication@7f9a9890
----------------- Done invoking toplevel() on ptolemy.moml.MoMLSimpleApplication@7f9a9890
reloadAllAccessors: .BroadcastHierarchy4

===========================================================================================
----------------- testing Mon Jun 10 04:35:27 UTC 2019 /home/travis/build/icyphy/ptII/ptolemy/domains/modal/test/auto/CannotAnalysisWithPreemption2.xml
----------------- Instantiating /home/travis/build/icyphy/ptII/ptolemy/domains/modal/test/auto/CannotAnalysisWithPreemption2.xml
3 ms. Memory: 333824K Free: 289493K (87%)
----------------- Invoking toplevel() on ptolemy.moml.MoMLSimpleApplication@6c8b77e6
----------------- Done invoking toplevel() on ptolemy.moml.MoMLSimpleApplication@6c8b77e6
reloadAllAccessors: .CannotAnalysisWithPreemption2

===========================================================================================
----------------- testing Mon Jun 10 04:35:27 UTC 2019 /home/travis/build/icyphy/ptII/ptolemy/domains/modal/test/auto/CannotAnalysisWithPreemption3.xml
----------------- Instantiating /home/travis/build/icyphy/ptII/ptolemy/domains/modal/test/auto/CannotAnalysisWithPreemption3.xml
5 ms. Memory: 333824K Free: 278502K (83%)
----------------- Invoking toplevel() on ptolemy.moml.MoMLSimpleApplication@27c213ec
----------------- Done invoking toplevel() on ptolemy.moml.MoMLSimpleApplication@27c213ec
reloadAllAccessors: .CannotAnalysisWithPreemption3

===========================================================================================
----------------- testing Mon Jun 10 04:35:27 UTC 2019 /home/travis/build/icyphy/ptII/ptolemy/domains/modal/test/auto/CannotProduce.xml
----------------- Instantiating /home/travis/build/icyphy/ptII/ptolemy/domains/modal/test/auto/CannotProduce.xml
13 ms. Memory: 333824K Free: 271176K (81%)
----------------- Invoking toplevel() on ptolemy.moml.MoMLSimpleApplication@3ede5aec
----------------- Done invoking toplevel() on ptolemy.moml.MoMLSimpleApplication@3ede5aec
reloadAllAccessors: .CannotProduce

===========================================================================================
----------------- testing Mon Jun 10 04:35:27 UTC 2019 /home/travis/build/icyphy/ptII/ptolemy/domains/modal/test/auto/CannotProduceModal.xml
----------------- Instantiating /home/travis/build/icyphy/ptII/ptolemy/domains/modal/test/auto/CannotProduceModal.xml
14 ms. Memory: 333824K Free: 260452K (78%)
----------------- Invoking toplevel() on ptolemy.moml.MoMLSimpleApplication@10559751
----------------- Done invoking toplevel() on ptolemy.moml.MoMLSimpleApplication@10559751
reloadAllAccessors: .CannotProduceModal

===========================================================================================
----------------- testing Mon Jun 10 04:35:27 UTC 2019 /home/travis/build/icyphy/ptII/ptolemy/domains/modal/test/auto/Case.xml
----------------- Instantiating /home/travis/build/icyphy/ptII/ptolemy/domains/modal/test/auto/Case.xml
30 ms. Memory: 333824K Free: 248240K (74%)
----------------- Invoking toplevel() on ptolemy.moml.MoMLSimpleApplication@1df6d041
----------------- Done invoking toplevel() on ptolemy.moml.MoMLSimpleApplication@1df6d041
reloadAllAccessors: .Case

===========================================================================================
----------------- testing Mon Jun 10 04:35:27 UTC 2019 /home/travis/build/icyphy/ptII/ptolemy/domains/modal/test/auto/Case1.xml
----------------- Instantiating /home/travis/build/icyphy/ptII/ptolemy/domains/modal/test/auto/Case1.xml
15 ms. Memory: 333824K Free: 239692K (72%)
----------------- Invoking toplevel() on ptolemy.moml.MoMLSimpleApplication@9644523
----------------- Done invoking toplevel() on ptolemy.moml.MoMLSimpleApplication@9644523
reloadAllAccessors: .Case1

===========================================================================================
----------------- testing Mon Jun 10 04:35:27 UTC 2019 /home/travis/build/icyphy/ptII/ptolemy/domains/modal/test/auto/Case2.xml
----------------- Instantiating /home/travis/build/icyphy/ptII/ptolemy/domains/modal/test/auto/Case2.xml
29 ms. Memory: 333824K Free: 225305K (67%)
----------------- Invoking toplevel() on ptolemy.moml.MoMLSimpleApplication@7ab55c62
----------------- Done invoking toplevel() on ptolemy.moml.MoMLSimpleApplication@7ab55c62
reloadAllAccessors: .Case2

===========================================================================================
----------------- testing Mon Jun 10 04:35:27 UTC 2019 /home/travis/build/icyphy/ptII/ptolemy/domains/modal/test/auto/CausalityInterface1.xml
----------------- Instantiating /home/travis/build/icyphy/ptII/ptolemy/domains/modal/test/auto/CausalityInterface1.xml
5 ms. Memory: 333824K Free: 219200K (66%)
----------------- Invoking toplevel() on ptolemy.moml.MoMLSimpleApplication@76e752a0
----------------- Done invoking toplevel() on ptolemy.moml.MoMLSimpleApplication@76e752a0
reloadAllAccessors: .CausalityInterface1

===========================================================================================
----------------- testing Mon Jun 10 04:35:27 UTC 2019 /home/travis/build/icyphy/ptII/ptolemy/domains/modal/test/auto/CausalityInterface10.xml
----------------- Instantiating /home/travis/build/icyphy/ptII/ptolemy/domains/modal/test/auto/CausalityInterface10.xml
7 ms. Memory: 333824K Free: 203324K (61%)
----------------- Invoking toplevel() on ptolemy.moml.MoMLSimpleApplication@1ac7e95a
----------------- Done invoking toplevel() on ptolemy.moml.MoMLSimpleApplication@1ac7e95a
reloadAllAccessors: .CausalityInterface10

===========================================================================================
----------------- testing Mon Jun 10 04:35:27 UTC 2019 /home/travis/build/icyphy/ptII/ptolemy/domains/modal/test/auto/CausalityInterface11.xml
----------------- Instantiating /home/travis/build/icyphy/ptII/ptolemy/domains/modal/test/auto/CausalityInterface11.xml
12 ms. Memory: 333824K Free: 186495K (56%)
----------------- Invoking toplevel() on ptolemy.moml.MoMLSimpleApplication@3b6777fd
----------------- Done invoking toplevel() on ptolemy.moml.MoMLSimpleApplication@3b6777fd
reloadAllAccessors: .CausalityInterface11

===========================================================================================
----------------- testing Mon Jun 10 04:35:28 UTC 2019 /home/travis/build/icyphy/ptII/ptolemy/domains/modal/test/auto/CausalityInterface12.xml
----------------- Instantiating /home/travis/build/icyphy/ptII/ptolemy/domains/modal/test/auto/CausalityInterface12.xml
7 ms. Memory: 333824K Free: 171841K (51%)
----------------- Invoking toplevel() on ptolemy.moml.MoMLSimpleApplication@54a10a2a
----------------- Done invoking toplevel() on ptolemy.moml.MoMLSimpleApplication@54a10a2a
reloadAllAccessors: .CausalityInterface12

===========================================================================================
----------------- testing Mon Jun 10 04:35:28 UTC 2019 /home/travis/build/icyphy/ptII/ptolemy/domains/modal/test/auto/CausalityInterface13.xml
----------------- Instantiating /home/travis/build/icyphy/ptII/ptolemy/domains/modal/test/auto/CausalityInterface13.xml
17 ms. Memory: 333824K Free: 155966K (47%)
----------------- Invoking toplevel() on ptolemy.moml.MoMLSimpleApplication@1e695c08
----------------- Done invoking toplevel() on ptolemy.moml.MoMLSimpleApplication@1e695c08
reloadAllAccessors: .CausalityInterface13

===========================================================================================
----------------- testing Mon Jun 10 04:35:28 UTC 2019 /home/travis/build/icyphy/ptII/ptolemy/domains/modal/test/auto/CausalityInterface14.xml
----------------- Instantiating /home/travis/build/icyphy/ptII/ptolemy/domains/modal/test/auto/CausalityInterface14.xml
9 ms. Memory: 333824K Free: 137916K (41%)
----------------- Invoking toplevel() on ptolemy.moml.MoMLSimpleApplication@5aa86ec7
----------------- Done invoking toplevel() on ptolemy.moml.MoMLSimpleApplication@5aa86ec7
reloadAllAccessors: .CausalityInterface14

===========================================================================================
----------------- testing Mon Jun 10 04:35:28 UTC 2019 /home/travis/build/icyphy/ptII/ptolemy/domains/modal/test/auto/CausalityInterface2.xml
----------------- Instantiating /home/travis/build/icyphy/ptII/ptolemy/domains/modal/test/auto/CausalityInterface2.xml
6 ms. Memory: 333824K Free: 130589K (39%)
----------------- Invoking toplevel() on ptolemy.moml.MoMLSimpleApplication@196e5238
----------------- Done invoking toplevel() on ptolemy.moml.MoMLSimpleApplication@196e5238
reloadAllAccessors: .CausalityInterface2

===========================================================================================
----------------- testing Mon Jun 10 04:35:28 UTC 2019 /home/travis/build/icyphy/ptII/ptolemy/domains/modal/test/auto/CausalityInterface3.xml
----------------- Instantiating /home/travis/build/icyphy/ptII/ptolemy/domains/modal/test/auto/CausalityInterface3.xml
5 ms. Memory: 333824K Free: 123262K (37%)
----------------- Invoking toplevel() on ptolemy.moml.MoMLSimpleApplication@19fe2039
----------------- Done invoking toplevel() on ptolemy.moml.MoMLSimpleApplication@19fe2039
reloadAllAccessors: .CausalityInterface3

===========================================================================================
----------------- testing Mon Jun 10 04:35:28 UTC 2019 /home/travis/build/icyphy/ptII/ptolemy/domains/modal/test/auto/CausalityInterface4.xml
----------------- Instantiating /home/travis/build/icyphy/ptII/ptolemy/domains/modal/test/auto/CausalityInterface4.xml
4 ms. Memory: 333824K Free: 113759K (34%)
----------------- Invoking toplevel() on ptolemy.moml.MoMLSimpleApplication@65e1edd0
----------------- Done invoking toplevel() on ptolemy.moml.MoMLSimpleApplication@65e1edd0
reloadAllAccessors: .CausalityInterface4

===========================================================================================
----------------- testing Mon Jun 10 04:35:28 UTC 2019 /home/travis/build/icyphy/ptII/ptolemy/domains/modal/test/auto/CausalityInterface5.xml
----------------- Instantiating /home/travis/build/icyphy/ptII/ptolemy/domains/modal/test/auto/CausalityInterface5.xml
5 ms. Memory: 333824K Free: 103926K (31%)
----------------- Invoking toplevel() on ptolemy.moml.MoMLSimpleApplication@6fe0f610
----------------- Done invoking toplevel() on ptolemy.moml.MoMLSimpleApplication@6fe0f610
reloadAllAccessors: .CausalityInterface5

===========================================================================================
----------------- testing Mon Jun 10 04:35:28 UTC 2019 /home/travis/build/icyphy/ptII/ptolemy/domains/modal/test/auto/CausalityInterface6.xml
----------------- Instantiating /home/travis/build/icyphy/ptII/ptolemy/domains/modal/test/auto/CausalityInterface6.xml
8 ms. Memory: 333824K Free: 91981K (28%)
----------------- Invoking toplevel() on ptolemy.moml.MoMLSimpleApplication@6095620
----------------- Done invoking toplevel() on ptolemy.moml.MoMLSimpleApplication@6095620
reloadAllAccessors: .CausalityInterface6

===========================================================================================
----------------- testing Mon Jun 10 04:35:28 UTC 2019 /home/travis/build/icyphy/ptII/ptolemy/domains/modal/test/auto/CausalityInterface7.xml
----------------- Instantiating /home/travis/build/icyphy/ptII/ptolemy/domains/modal/test/auto/CausalityInterface7.xml
8 ms. Memory: 333824K Free: 82213K (25%)
----------------- Invoking toplevel() on ptolemy.moml.MoMLSimpleApplication@610e4cd1
----------------- Done invoking toplevel() on ptolemy.moml.MoMLSimpleApplication@610e4cd1
reloadAllAccessors: .CausalityInterface7

===========================================================================================
----------------- testing Mon Jun 10 04:35:28 UTC 2019 /home/travis/build/icyphy/ptII/ptolemy/domains/modal/test/auto/CausalityInterface8.xml
----------------- Instantiating /home/travis/build/icyphy/ptII/ptolemy/domains/modal/test/auto/CausalityInterface8.xml
7 ms. Memory: 577536K Free: 558976K (97%)
----------------- Invoking toplevel() on ptolemy.moml.MoMLSimpleApplication@6f0c9290
----------------- Done invoking toplevel() on ptolemy.moml.MoMLSimpleApplication@6f0c9290
reloadAllAccessors: .CausalityInterface8

===========================================================================================
----------------- testing Mon Jun 10 04:35:28 UTC 2019 /home/travis/build/icyphy/ptII/ptolemy/domains/modal/test/auto/CausalityInterface9.xml
----------------- Instantiating /home/travis/build/icyphy/ptII/ptolemy/domains/modal/test/auto/CausalityInterface9.xml
7 ms. Memory: 577536K Free: 542570K (94%)
----------------- Invoking toplevel() on ptolemy.moml.MoMLSimpleApplication@7e8fb8ae
----------------- Done invoking toplevel() on ptolemy.moml.MoMLSimpleApplication@7e8fb8ae
reloadAllAccessors: .CausalityInterface9

===========================================================================================
----------------- testing Mon Jun 10 04:35:28 UTC 2019 /home/travis/build/icyphy/ptII/ptolemy/domains/modal/test/auto/ChainedTransitions.xml
----------------- Instantiating /home/travis/build/icyphy/ptII/ptolemy/domains/modal/test/auto/ChainedTransitions.xml
111 ms. Memory: 577536K Free: 513294K (89%)
----------------- Invoking toplevel() on ptolemy.moml.MoMLSimpleApplication@5592fde4
----------------- Done invoking toplevel() on ptolemy.moml.MoMLSimpleApplication@5592fde4
reloadAllAccessors: .ChainedTransitions

===========================================================================================
----------------- testing Mon Jun 10 04:35:28 UTC 2019 /home/travis/build/icyphy/ptII/ptolemy/domains/modal/test/auto/CycleOfImmediateTransitionsFSM.xml
----------------- Instantiating /home/travis/build/icyphy/ptII/ptolemy/domains/modal/test/auto/CycleOfImmediateTransitionsFSM.xml
4 ms. Memory: 577536K Free: 503535K (87%)
----------------- Invoking toplevel() on ptolemy.moml.MoMLSimpleApplication@779c17d8
----------------- Done invoking toplevel() on ptolemy.moml.MoMLSimpleApplication@779c17d8
reloadAllAccessors: .CycleOfImmediateTransitionsFSM

===========================================================================================
----------------- testing Mon Jun 10 04:35:28 UTC 2019 /home/travis/build/icyphy/ptII/ptolemy/domains/modal/test/auto/CycleOfImmediateTransitionsModal.xml
----------------- Instantiating /home/travis/build/icyphy/ptII/ptolemy/domains/modal/test/auto/CycleOfImmediateTransitionsModal.xml
3 ms. Memory: 577536K Free: 493777K (85%)
----------------- Invoking toplevel() on ptolemy.moml.MoMLSimpleApplication@3c451502
----------------- Done invoking toplevel() on ptolemy.moml.MoMLSimpleApplication@3c451502
reloadAllAccessors: .CycleOfImmediateTransitionsModal

===========================================================================================
----------------- testing Mon Jun 10 04:35:28 UTC 2019 /home/travis/build/icyphy/ptII/ptolemy/domains/modal/test/auto/CycleOfImmediateTransitionsModal2.xml
----------------- Instantiating /home/travis/build/icyphy/ptII/ptolemy/domains/modal/test/auto/CycleOfImmediateTransitionsModal2.xml
3 ms. Memory: 577536K Free: 480993K (83%)
----------------- Invoking toplevel() on ptolemy.moml.MoMLSimpleApplication@3daf1411
----------------- Done invoking toplevel() on ptolemy.moml.MoMLSimpleApplication@3daf1411
reloadAllAccessors: .CycleOfImmediateTransitionsModal2

===========================================================================================
----------------- testing Mon Jun 10 04:35:28 UTC 2019 /home/travis/build/icyphy/ptII/ptolemy/domains/modal/test/auto/CycleOfImmediateTransitionsModal3.xml
----------------- Instantiating /home/travis/build/icyphy/ptII/ptolemy/domains/modal/test/auto/CycleOfImmediateTransitionsModal3.xml
10 ms. Memory: 577536K Free: 451716K (78%)
----------------- Invoking toplevel() on ptolemy.moml.MoMLSimpleApplication@592e2272
----------------- Done invoking toplevel() on ptolemy.moml.MoMLSimpleApplication@592e2272
reloadAllAccessors: .CycleOfImmediateTransitionsModal3

===========================================================================================
----------------- testing Mon Jun 10 04:35:28 UTC 2019 /home/travis/build/icyphy/ptII/ptolemy/domains/modal/test/auto/DeepModal1.xml
----------------- Instantiating /home/travis/build/icyphy/ptII/ptolemy/domains/modal/test/auto/DeepModal1.xml
37 ms. Memory: 577536K Free: 435452K (75%)
----------------- Invoking toplevel() on ptolemy.moml.MoMLSimpleApplication@62fc21f0
----------------- Done invoking toplevel() on ptolemy.moml.MoMLSimpleApplication@62fc21f0
reloadAllAccessors: .DeepModal1

===========================================================================================
----------------- testing Mon Jun 10 04:35:28 UTC 2019 /home/travis/build/icyphy/ptII/ptolemy/domains/modal/test/auto/DeepModal2.xml
----------------- Instantiating /home/travis/build/icyphy/ptII/ptolemy/domains/modal/test/auto/DeepModal2.xml
33 ms. Memory: 577536K Free: 412681K (71%)
----------------- Invoking toplevel() on ptolemy.moml.MoMLSimpleApplication@7be2ec0d
----------------- Done invoking toplevel() on ptolemy.moml.MoMLSimpleApplication@7be2ec0d
reloadAllAccessors: .DeepModal2

===========================================================================================
----------------- testing Mon Jun 10 04:35:29 UTC 2019 /home/travis/build/icyphy/ptII/ptolemy/domains/modal/test/auto/DeepModal3.xml
----------------- Instantiating /home/travis/build/icyphy/ptII/ptolemy/domains/modal/test/auto/DeepModal3.xml
31 ms. Memory: 577536K Free: 386885K (67%)
----------------- Invoking toplevel() on ptolemy.moml.MoMLSimpleApplication@292ffd1f
----------------- Done invoking toplevel() on ptolemy.moml.MoMLSimpleApplication@292ffd1f
reloadAllAccessors: .DeepModal3

===========================================================================================
----------------- testing Mon Jun 10 04:35:29 UTC 2019 /home/travis/build/icyphy/ptII/ptolemy/domains/modal/test/auto/DeepModal4.xml
----------------- Instantiating /home/travis/build/icyphy/ptII/ptolemy/domains/modal/test/auto/DeepModal4.xml
33 ms. Memory: 577536K Free: 364115K (63%)
----------------- Invoking toplevel() on ptolemy.moml.MoMLSimpleApplication@7954e901
----------------- Done invoking toplevel() on ptolemy.moml.MoMLSimpleApplication@7954e901
reloadAllAccessors: .DeepModal4

===========================================================================================
----------------- testing Mon Jun 10 04:35:29 UTC 2019 /home/travis/build/icyphy/ptII/ptolemy/domains/modal/test/auto/Default1.xml
----------------- Instantiating /home/travis/build/icyphy/ptII/ptolemy/domains/modal/test/auto/Default1.xml
2 ms. Memory: 577536K Free: 354356K (61%)
----------------- Invoking toplevel() on ptolemy.moml.MoMLSimpleApplication@1bec10da
----------------- Done invoking toplevel() on ptolemy.moml.MoMLSimpleApplication@1bec10da
reloadAllAccessors: .Default1

===========================================================================================
----------------- testing Mon Jun 10 04:35:29 UTC 2019 /home/travis/build/icyphy/ptII/ptolemy/domains/modal/test/auto/Default2.xml
----------------- Instantiating /home/travis/build/icyphy/ptII/ptolemy/domains/modal/test/auto/Default2.xml
7 ms. Memory: 577536K Free: 344597K (60%)
----------------- Invoking toplevel() on ptolemy.moml.MoMLSimpleApplication@610207ed
----------------- Done invoking toplevel() on ptolemy.moml.MoMLSimpleApplication@610207ed
reloadAllAccessors: .Default2

===========================================================================================
----------------- testing Mon Jun 10 04:35:29 UTC 2019 /home/travis/build/icyphy/ptII/ptolemy/domains/modal/test/auto/Default3.xml
----------------- Instantiating /home/travis/build/icyphy/ptII/ptolemy/domains/modal/test/auto/Default3.xml
2 ms. Memory: 577536K Free: 331813K (57%)
----------------- Invoking toplevel() on ptolemy.moml.MoMLSimpleApplication@44febc2c
----------------- Done invoking toplevel() on ptolemy.moml.MoMLSimpleApplication@44febc2c
reloadAllAccessors: .Default3

===========================================================================================
----------------- testing Mon Jun 10 04:35:29 UTC 2019 /home/travis/build/icyphy/ptII/ptolemy/domains/modal/test/auto/Default4.xml
----------------- Instantiating /home/travis/build/icyphy/ptII/ptolemy/domains/modal/test/auto/Default4.xml
2 ms. Memory: 577536K Free: 322055K (56%)
----------------- Invoking toplevel() on ptolemy.moml.MoMLSimpleApplication@104d3cc4
----------------- Done invoking toplevel() on ptolemy.moml.MoMLSimpleApplication@104d3cc4
reloadAllAccessors: .Default4

===========================================================================================
----------------- testing Mon Jun 10 04:35:29 UTC 2019 /home/travis/build/icyphy/ptII/ptolemy/domains/modal/test/auto/Default5.xml
----------------- Instantiating /home/travis/build/icyphy/ptII/ptolemy/domains/modal/test/auto/Default5.xml
8 ms. Memory: 577536K Free: 309043K (54%)
----------------- Invoking toplevel() on ptolemy.moml.MoMLSimpleApplication@1138b476
----------------- Done invoking toplevel() on ptolemy.moml.MoMLSimpleApplication@1138b476
reloadAllAccessors: .Default5

===========================================================================================
----------------- testing Mon Jun 10 04:35:29 UTC 2019 /home/travis/build/icyphy/ptII/ptolemy/domains/modal/test/auto/EmptyGuard.xml
----------------- Instantiating /home/travis/build/icyphy/ptII/ptolemy/domains/modal/test/auto/EmptyGuard.xml
8 ms. Memory: 577536K Free: 299284K (52%)
----------------- Invoking toplevel() on ptolemy.moml.MoMLSimpleApplication@39063bba
----------------- Done invoking toplevel() on ptolemy.moml.MoMLSimpleApplication@39063bba
reloadAllAccessors: .EmptyGuard

===========================================================================================
----------------- testing Mon Jun 10 04:35:29 UTC 2019 /home/travis/build/icyphy/ptII/ptolemy/domains/modal/test/auto/ErrorTransition1.xml
----------------- Instantiating /home/travis/build/icyphy/ptII/ptolemy/domains/modal/test/auto/ErrorTransition1.xml
8 ms. Memory: 577536K Free: 283248K (49%)
----------------- Invoking toplevel() on ptolemy.moml.MoMLSimpleApplication@6e8baf83
----------------- Done invoking toplevel() on ptolemy.moml.MoMLSimpleApplication@6e8baf83
reloadAllAccessors: .ErrorTransition1

===========================================================================================
----------------- testing Mon Jun 10 04:35:29 UTC 2019 /home/travis/build/icyphy/ptII/ptolemy/domains/modal/test/auto/ErrorTransition10.xml
----------------- Instantiating /home/travis/build/icyphy/ptII/ptolemy/domains/modal/test/auto/ErrorTransition10.xml
13 ms. Memory: 577536K Free: 266983K (46%)
----------------- Invoking toplevel() on ptolemy.moml.MoMLSimpleApplication@4b9eb7e2
----------------- Done invoking toplevel() on ptolemy.moml.MoMLSimpleApplication@4b9eb7e2
reloadAllAccessors: .ErrorTransition10

===========================================================================================
----------------- testing Mon Jun 10 04:35:29 UTC 2019 /home/travis/build/icyphy/ptII/ptolemy/domains/modal/test/auto/ErrorTransition11.xml
----------------- Instantiating /home/travis/build/icyphy/ptII/ptolemy/domains/modal/test/auto/ErrorTransition11.xml
6 ms. Memory: 577536K Free: 250718K (43%)
----------------- Invoking toplevel() on ptolemy.moml.MoMLSimpleApplication@6f688793
----------------- Done invoking toplevel() on ptolemy.moml.MoMLSimpleApplication@6f688793
reloadAllAccessors: .ErrorTransition11

===========================================================================================
----------------- testing Mon Jun 10 04:35:29 UTC 2019 /home/travis/build/icyphy/ptII/ptolemy/domains/modal/test/auto/ErrorTransition2.xml
----------------- Instantiating /home/travis/build/icyphy/ptII/ptolemy/domains/modal/test/auto/ErrorTransition2.xml
7 ms. Memory: 577536K Free: 237707K (41%)
----------------- Invoking toplevel() on ptolemy.moml.MoMLSimpleApplication@283b37c5
----------------- Done invoking toplevel() on ptolemy.moml.MoMLSimpleApplication@283b37c5
reloadAllAccessors: .ErrorTransition2

===========================================================================================
----------------- testing Mon Jun 10 04:35:29 UTC 2019 /home/travis/build/icyphy/ptII/ptolemy/domains/modal/test/auto/ErrorTransition3.xml
----------------- Instantiating /home/travis/build/icyphy/ptII/ptolemy/domains/modal/test/auto/ErrorTransition3.xml
13 ms. Memory: 577536K Free: 221669K (38%)
----------------- Invoking toplevel() on ptolemy.moml.MoMLSimpleApplication@73ce4cfa
----------------- Done invoking toplevel() on ptolemy.moml.MoMLSimpleApplication@73ce4cfa
reloadAllAccessors: .ErrorTransition3

===========================================================================================
----------------- testing Mon Jun 10 04:35:29 UTC 2019 /home/travis/build/icyphy/ptII/ptolemy/domains/modal/test/auto/ErrorTransition4.xml
----------------- Instantiating /home/travis/build/icyphy/ptII/ptolemy/domains/modal/test/auto/ErrorTransition4.xml
13 ms. Memory: 577536K Free: 208658K (36%)
----------------- Invoking toplevel() on ptolemy.moml.MoMLSimpleApplication@24e21e2d
----------------- Done invoking toplevel() on ptolemy.moml.MoMLSimpleApplication@24e21e2d
reloadAllAccessors: .ErrorTransition4

===========================================================================================
----------------- testing Mon Jun 10 04:35:29 UTC 2019 /home/travis/build/icyphy/ptII/ptolemy/domains/modal/test/auto/ErrorTransition5.xml
----------------- Instantiating /home/travis/build/icyphy/ptII/ptolemy/domains/modal/test/auto/ErrorTransition5.xml
8 ms. Memory: 577536K Free: 195646K (34%)
----------------- Invoking toplevel() on ptolemy.moml.MoMLSimpleApplication@9984029
----------------- Done invoking toplevel() on ptolemy.moml.MoMLSimpleApplication@9984029
reloadAllAccessors: .ErrorTransition5

===========================================================================================
----------------- testing Mon Jun 10 04:35:29 UTC 2019 /home/travis/build/icyphy/ptII/ptolemy/domains/modal/test/auto/ErrorTransition6.xml
----------------- Instantiating /home/travis/build/icyphy/ptII/ptolemy/domains/modal/test/auto/ErrorTransition6.xml
8 ms. Memory: 577536K Free: 179609K (31%)
----------------- Invoking toplevel() on ptolemy.moml.MoMLSimpleApplication@2c7c9552
----------------- Done invoking toplevel() on ptolemy.moml.MoMLSimpleApplication@2c7c9552
reloadAllAccessors: .ErrorTransition6

===========================================================================================
----------------- testing Mon Jun 10 04:35:29 UTC 2019 /home/travis/build/icyphy/ptII/ptolemy/domains/modal/test/auto/ErrorTransition7.xml
----------------- Instantiating /home/travis/build/icyphy/ptII/ptolemy/domains/modal/test/auto/ErrorTransition7.xml
10 ms. Memory: 577536K Free: 163345K (28%)
----------------- Invoking toplevel() on ptolemy.moml.MoMLSimpleApplication@69ca579d
----------------- Done invoking toplevel() on ptolemy.moml.MoMLSimpleApplication@69ca579d
reloadAllAccessors: .ErrorTransition7

===========================================================================================
----------------- testing Mon Jun 10 04:35:29 UTC 2019 /home/travis/build/icyphy/ptII/ptolemy/domains/modal/test/auto/ErrorTransition8.xml
----------------- Instantiating /home/travis/build/icyphy/ptII/ptolemy/domains/modal/test/auto/ErrorTransition8.xml
28 ms. Memory: 577536K Free: 147080K (25%)
----------------- Invoking toplevel() on ptolemy.moml.MoMLSimpleApplication@4be1fd1a
----------------- Done invoking toplevel() on ptolemy.moml.MoMLSimpleApplication@4be1fd1a
reloadAllAccessors: .ErrorTransition8

===========================================================================================
----------------- testing Mon Jun 10 04:35:29 UTC 2019 /home/travis/build/icyphy/ptII/ptolemy/domains/modal/test/auto/ErrorTransition9.xml
----------------- Instantiating /home/travis/build/icyphy/ptII/ptolemy/domains/modal/test/auto/ErrorTransition9.xml
8 ms. Memory: 577536K Free: 130815K (23%)
----------------- Invoking toplevel() on ptolemy.moml.MoMLSimpleApplication@43e9fdbe
----------------- Done invoking toplevel() on ptolemy.moml.MoMLSimpleApplication@43e9fdbe
reloadAllAccessors: .ErrorTransition9

===========================================================================================
----------------- testing Mon Jun 10 04:35:29 UTC 2019 /home/travis/build/icyphy/ptII/ptolemy/domains/modal/test/auto/ExtendedFSM.xml
----------------- Instantiating /home/travis/build/icyphy/ptII/ptolemy/domains/modal/test/auto/ExtendedFSM.xml
9 ms. Memory: 577536K Free: 118031K (20%)
----------------- Invoking toplevel() on ptolemy.moml.MoMLSimpleApplication@39b667e6
----------------- Done invoking toplevel() on ptolemy.moml.MoMLSimpleApplication@39b667e6
reloadAllAccessors: .ExtendedFSM

===========================================================================================
----------------- testing Mon Jun 10 04:35:29 UTC 2019 /home/travis/build/icyphy/ptII/ptolemy/domains/modal/test/auto/FinalStates.xml
----------------- Instantiating /home/travis/build/icyphy/ptII/ptolemy/domains/modal/test/auto/FinalStates.xml
15 ms. Memory: 577536K Free: 108272K (19%)
----------------- Invoking toplevel() on ptolemy.moml.MoMLSimpleApplication@68d0d423
----------------- Done invoking toplevel() on ptolemy.moml.MoMLSimpleApplication@68d0d423
reloadAllAccessors: .FinalStates

===========================================================================================
----------------- testing Mon Jun 10 04:35:29 UTC 2019 /home/travis/build/icyphy/ptII/ptolemy/domains/modal/test/auto/FixedPointFSM.xml
----------------- Instantiating /home/travis/build/icyphy/ptII/ptolemy/domains/modal/test/auto/FixedPointFSM.xml
25 ms. Memory: 577536K Free: 88755K (15%)
----------------- Invoking toplevel() on ptolemy.moml.MoMLSimpleApplication@55d3c689
----------------- Done invoking toplevel() on ptolemy.moml.MoMLSimpleApplication@55d3c689
reloadAllAccessors: .FixedPointFSM

===========================================================================================
----------------- testing Mon Jun 10 04:35:30 UTC 2019 /home/travis/build/icyphy/ptII/ptolemy/domains/modal/test/auto/FixedPointIterationFSMActor.xml
----------------- Instantiating /home/travis/build/icyphy/ptII/ptolemy/domains/modal/test/auto/FixedPointIterationFSMActor.xml
20 ms. Memory: 578048K Free: 564352K (98%)
----------------- Invoking toplevel() on ptolemy.moml.MoMLSimpleApplication@4af698a6
----------------- Done invoking toplevel() on ptolemy.moml.MoMLSimpleApplication@4af698a6
reloadAllAccessors: .FixedPointIterationFSMActor

===========================================================================================
----------------- testing Mon Jun 10 04:35:30 UTC 2019 /home/travis/build/icyphy/ptII/ptolemy/domains/modal/test/auto/FixedPointIterationFSMActor2.xml
----------------- Instantiating /home/travis/build/icyphy/ptII/ptolemy/domains/modal/test/auto/FixedPointIterationFSMActor2.xml
14 ms. Memory: 578048K Free: 545625K (94%)
----------------- Invoking toplevel() on ptolemy.moml.MoMLSimpleApplication@44df839d
----------------- Done invoking toplevel() on ptolemy.moml.MoMLSimpleApplication@44df839d
reloadAllAccessors: .FixedPointIterationFSMActor2

===========================================================================================
----------------- testing Mon Jun 10 04:35:30 UTC 2019 /home/travis/build/icyphy/ptII/ptolemy/domains/modal/test/auto/ForbiddenInstantanousLoop.xml
----------------- Instantiating /home/travis/build/icyphy/ptII/ptolemy/domains/modal/test/auto/ForbiddenInstantanousLoop.xml
4 ms. Memory: 578048K Free: 530987K (92%)
----------------- Invoking toplevel() on ptolemy.moml.MoMLSimpleApplication@1f14bb28
----------------- Done invoking toplevel() on ptolemy.moml.MoMLSimpleApplication@1f14bb28
reloadAllAccessors: .ForbiddenInstantanousLoop

===========================================================================================
----------------- testing Mon Jun 10 04:35:30 UTC 2019 /home/travis/build/icyphy/ptII/ptolemy/domains/modal/test/auto/FunctionDependencyOfFSMActorTest.xml
----------------- Instantiating /home/travis/build/icyphy/ptII/ptolemy/domains/modal/test/auto/FunctionDependencyOfFSMActorTest.xml
9 ms. Memory: 578048K Free: 521543K (90%)
----------------- Invoking toplevel() on ptolemy.moml.MoMLSimpleApplication@5a6bd7b6
----------------- Done invoking toplevel() on ptolemy.moml.MoMLSimpleApplication@5a6bd7b6
reloadAllAccessors: .FunctionDependencyOfFSMActorTest

===========================================================================================
----------------- testing Mon Jun 10 04:35:30 UTC 2019 /home/travis/build/icyphy/ptII/ptolemy/domains/modal/test/auto/GuardExpression.xml
----------------- Instantiating /home/travis/build/icyphy/ptII/ptolemy/domains/modal/test/auto/GuardExpression.xml
3 ms. Memory: 578048K Free: 514223K (89%)
----------------- Invoking toplevel() on ptolemy.moml.MoMLSimpleApplication@5a08dc20
----------------- Done invoking toplevel() on ptolemy.moml.MoMLSimpleApplication@5a08dc20
reloadAllAccessors: .GuardExpression

===========================================================================================
----------------- testing Mon Jun 10 04:35:30 UTC 2019 /home/travis/build/icyphy/ptII/ptolemy/domains/modal/test/auto/GuardNotEvaluated.xml
----------------- Instantiating /home/travis/build/icyphy/ptII/ptolemy/domains/modal/test/auto/GuardNotEvaluated.xml
7 ms. Memory: 578048K Free: 504465K (87%)
----------------- Invoking toplevel() on ptolemy.moml.MoMLSimpleApplication@6ec254c1
----------------- Done invoking toplevel() on ptolemy.moml.MoMLSimpleApplication@6ec254c1
reloadAllAccessors: .GuardNotEvaluated

===========================================================================================
----------------- testing Mon Jun 10 04:35:30 UTC 2019 /home/travis/build/icyphy/ptII/ptolemy/domains/modal/test/auto/GuardNotEvaluated2.xml
----------------- Instantiating /home/travis/build/icyphy/ptII/ptolemy/domains/modal/test/auto/GuardNotEvaluated2.xml
8 ms. Memory: 578048K Free: 492581K (85%)
----------------- Invoking toplevel() on ptolemy.moml.MoMLSimpleApplication@33943906
----------------- Done invoking toplevel() on ptolemy.moml.MoMLSimpleApplication@33943906
reloadAllAccessors: .GuardNotEvaluated2

===========================================================================================
----------------- testing Mon Jun 10 04:35:30 UTC 2019 /home/travis/build/icyphy/ptII/ptolemy/domains/modal/test/auto/GuardOnAbsent.xml
----------------- Instantiating /home/travis/build/icyphy/ptII/ptolemy/domains/modal/test/auto/GuardOnAbsent.xml
10 ms. Memory: 578048K Free: 482822K (84%)
----------------- Invoking toplevel() on ptolemy.moml.MoMLSimpleApplication@2f265b70
----------------- Done invoking toplevel() on ptolemy.moml.MoMLSimpleApplication@2f265b70
reloadAllAccessors: .GuardOnAbsent

===========================================================================================
----------------- testing Mon Jun 10 04:35:30 UTC 2019 /home/travis/build/icyphy/ptII/ptolemy/domains/modal/test/auto/HierarchicalFSMTypeInference.xml
----------------- Instantiating /home/travis/build/icyphy/ptII/ptolemy/domains/modal/test/auto/HierarchicalFSMTypeInference.xml
7 ms. Memory: 578048K Free: 468184K (81%)
----------------- Invoking toplevel() on ptolemy.moml.MoMLSimpleApplication@7a7e0056
----------------- Done invoking toplevel() on ptolemy.moml.MoMLSimpleApplication@7a7e0056
reloadAllAccessors: .HierarchicalFSMTypeInference

===========================================================================================
----------------- testing Mon Jun 10 04:35:30 UTC 2019 /home/travis/build/icyphy/ptII/ptolemy/domains/modal/test/auto/Hysteresis.xml
----------------- Instantiating /home/travis/build/icyphy/ptII/ptolemy/domains/modal/test/auto/Hysteresis.xml
16 ms. Memory: 578048K Free: 448980K (78%)
----------------- Invoking toplevel() on ptolemy.moml.MoMLSimpleApplication@4dec43a8
----------------- Done invoking toplevel() on ptolemy.moml.MoMLSimpleApplication@4dec43a8
reloadAllAccessors: .Hysteresis

===========================================================================================
----------------- testing Mon Jun 10 04:35:30 UTC 2019 /home/travis/build/icyphy/ptII/ptolemy/domains/modal/test/auto/HysteresisWithDefault.xml
----------------- Instantiating /home/travis/build/icyphy/ptII/ptolemy/domains/modal/test/auto/HysteresisWithDefault.xml
36 ms. Memory: 578048K Free: 422144K (73%)
----------------- Invoking toplevel() on ptolemy.moml.MoMLSimpleApplication@65890414
----------------- Done invoking toplevel() on ptolemy.moml.MoMLSimpleApplication@65890414
reloadAllAccessors: .HysteresisWithDefault

===========================================================================================
----------------- testing Mon Jun 10 04:35:30 UTC 2019 /home/travis/build/icyphy/ptII/ptolemy/domains/modal/test/auto/HysteresisWithDefault2.xml
----------------- Instantiating /home/travis/build/icyphy/ptII/ptolemy/domains/modal/test/auto/HysteresisWithDefault2.xml
42 ms. Memory: 578048K Free: 388302K (67%)
----------------- Invoking toplevel() on ptolemy.moml.MoMLSimpleApplication@2c7e54a2
----------------- Done invoking toplevel() on ptolemy.moml.MoMLSimpleApplication@2c7e54a2
reloadAllAccessors: .HysteresisWithDefault2

===========================================================================================
----------------- testing Mon Jun 10 04:35:30 UTC 2019 /home/travis/build/icyphy/ptII/ptolemy/domains/modal/test/auto/ImmediateNonConstructiveness.xml
----------------- Instantiating /home/travis/build/icyphy/ptII/ptolemy/domains/modal/test/auto/ImmediateNonConstructiveness.xml
3 ms. Memory: 578048K Free: 378543K (65%)
----------------- Invoking toplevel() on ptolemy.moml.MoMLSimpleApplication@4c7dcf16
----------------- Done invoking toplevel() on ptolemy.moml.MoMLSimpleApplication@4c7dcf16
reloadAllAccessors: .ImmediateNonConstructiveness

===========================================================================================
----------------- testing Mon Jun 10 04:35:30 UTC 2019 /home/travis/build/icyphy/ptII/ptolemy/domains/modal/test/auto/ImmediateNonConstructiveness2.xml
----------------- Instantiating /home/travis/build/icyphy/ptII/ptolemy/domains/modal/test/auto/ImmediateNonConstructiveness2.xml
2 ms. Memory: 578048K Free: 368784K (64%)
----------------- Invoking toplevel() on ptolemy.moml.MoMLSimpleApplication@1c01b22e
----------------- Done invoking toplevel() on ptolemy.moml.MoMLSimpleApplication@1c01b22e
reloadAllAccessors: .ImmediateNonConstructiveness2

===========================================================================================
----------------- testing Mon Jun 10 04:35:30 UTC 2019 /home/travis/build/icyphy/ptII/ptolemy/domains/modal/test/auto/ImmediateTransitionReset.xml
----------------- Instantiating /home/travis/build/icyphy/ptII/ptolemy/domains/modal/test/auto/ImmediateTransitionReset.xml
9 ms. Memory: 578048K Free: 352021K (61%)
----------------- Invoking toplevel() on ptolemy.moml.MoMLSimpleApplication@1cce89c9
----------------- Done invoking toplevel() on ptolemy.moml.MoMLSimpleApplication@1cce89c9
reloadAllAccessors: .ImmediateTransitionReset

===========================================================================================
----------------- testing Mon Jun 10 04:35:30 UTC 2019 /home/travis/build/icyphy/ptII/ptolemy/domains/modal/test/auto/ImmediateTransitions1.xml
----------------- Instantiating /home/travis/build/icyphy/ptII/ptolemy/domains/modal/test/auto/ImmediateTransitions1.xml
2 ms. Memory: 578048K Free: 344702K (60%)
----------------- Invoking toplevel() on ptolemy.moml.MoMLSimpleApplication@654ceb02
----------------- Done invoking toplevel() on ptolemy.moml.MoMLSimpleApplication@654ceb02
reloadAllAccessors: .ImmediateTransitions1

===========================================================================================
----------------- testing Mon Jun 10 04:35:30 UTC 2019 /home/travis/build/icyphy/ptII/ptolemy/domains/modal/test/auto/ImmediateTransitionsInstantaneousCommunication.xml
----------------- Instantiating /home/travis/build/icyphy/ptII/ptolemy/domains/modal/test/auto/ImmediateTransitionsInstantaneousCommunication.xml
4 ms. Memory: 578048K Free: 330064K (57%)
----------------- Invoking toplevel() on ptolemy.moml.MoMLSimpleApplication@6fb2b0bb
----------------- Done invoking toplevel() on ptolemy.moml.MoMLSimpleApplication@6fb2b0bb
reloadAllAccessors: .ImmediateTransitionsInstantaneousCommunication

===========================================================================================
----------------- testing Mon Jun 10 04:35:30 UTC 2019 /home/travis/build/icyphy/ptII/ptolemy/domains/modal/test/auto/InitialImmediateTransition.xml
----------------- Instantiating /home/travis/build/icyphy/ptII/ptolemy/domains/modal/test/auto/InitialImmediateTransition.xml
4 ms. Memory: 578048K Free: 318180K (55%)
----------------- Invoking toplevel() on ptolemy.moml.MoMLSimpleApplication@20de81b9
----------------- Done invoking toplevel() on ptolemy.moml.MoMLSimpleApplication@20de81b9
reloadAllAccessors: .InitialImmediateTransition

===========================================================================================
----------------- testing Mon Jun 10 04:35:30 UTC 2019 /home/travis/build/icyphy/ptII/ptolemy/domains/modal/test/auto/InitialOutputs.xml
----------------- Instantiating /home/travis/build/icyphy/ptII/ptolemy/domains/modal/test/auto/InitialOutputs.xml
3 ms. Memory: 578048K Free: 308421K (53%)
----------------- Invoking toplevel() on ptolemy.moml.MoMLSimpleApplication@6000de78
----------------- Done invoking toplevel() on ptolemy.moml.MoMLSimpleApplication@6000de78
reloadAllAccessors: .InitialOutputs

===========================================================================================
----------------- testing Mon Jun 10 04:35:30 UTC 2019 /home/travis/build/icyphy/ptII/ptolemy/domains/modal/test/auto/InitialStateTransition1.xml
----------------- Instantiating /home/travis/build/icyphy/ptII/ptolemy/domains/modal/test/auto/InitialStateTransition1.xml
3 ms. Memory: 578048K Free: 296537K (51%)
----------------- Invoking toplevel() on ptolemy.moml.MoMLSimpleApplication@61ca7a45
----------------- Done invoking toplevel() on ptolemy.moml.MoMLSimpleApplication@61ca7a45
reloadAllAccessors: .InitialStateTransition1

===========================================================================================
----------------- testing Mon Jun 10 04:35:30 UTC 2019 /home/travis/build/icyphy/ptII/ptolemy/domains/modal/test/auto/InitialStateTransition2.xml
----------------- Instantiating /home/travis/build/icyphy/ptII/ptolemy/domains/modal/test/auto/InitialStateTransition2.xml
.InitialStateTransition2.TestExceptionAttributeNonConstructive: initialize() was not invoked, but wrapup() was.  This is unusual, but not always a problem.  For example, exporting JNLP will do this.
2 ms. Memory: 578048K Free: 286778K (50%)
----------------- Invoking toplevel() on ptolemy.moml.MoMLSimpleApplication@18042377
----------------- Done invoking toplevel() on ptolemy.moml.MoMLSimpleApplication@18042377
reloadAllAccessors: .InitialStateTransition2

===========================================================================================
----------------- testing Mon Jun 10 04:35:30 UTC 2019 /home/travis/build/icyphy/ptII/ptolemy/domains/modal/test/auto/InitialStateTransition3.xml
----------------- Instantiating /home/travis/build/icyphy/ptII/ptolemy/domains/modal/test/auto/InitialStateTransition3.xml
5 ms. Memory: 578048K Free: 274580K (48%)
----------------- Invoking toplevel() on ptolemy.moml.MoMLSimpleApplication@5320e4fe
----------------- Done invoking toplevel() on ptolemy.moml.MoMLSimpleApplication@5320e4fe
reloadAllAccessors: .InitialStateTransition3

===========================================================================================
----------------- testing Mon Jun 10 04:35:30 UTC 2019 /home/travis/build/icyphy/ptII/ptolemy/domains/modal/test/auto/InitialStateTransition4.xml
----------------- Instantiating /home/travis/build/icyphy/ptII/ptolemy/domains/modal/test/auto/InitialStateTransition4.xml
5 ms. Memory: 578048K Free: 260256K (45%)
----------------- Invoking toplevel() on ptolemy.moml.MoMLSimpleApplication@124e862a
[...]
----------------- Done invoking toplevel() on ptolemy.moml.MoMLSimpleApplication@29d1bb2a
reloadAllAccessors: .TerminationTransition3

===========================================================================================
----------------- testing Mon Jun 10 04:35:32 UTC 2019 /home/travis/build/icyphy/ptII/ptolemy/domains/modal/test/auto/TerminationTransition4.xml
----------------- Instantiating /home/travis/build/icyphy/ptII/ptolemy/domains/modal/test/auto/TerminationTransition4.xml
7 ms. Memory: 870912K Free: 200072K (23%)
----------------- Invoking toplevel() on ptolemy.moml.MoMLSimpleApplication@321621a2
----------------- Done invoking toplevel() on ptolemy.moml.MoMLSimpleApplication@321621a2
reloadAllAccessors: .TerminationTransition4

===========================================================================================
----------------- testing Mon Jun 10 04:35:32 UTC 2019 /home/travis/build/icyphy/ptII/ptolemy/domains/modal/test/auto/TerminationTransition5.xml
----------------- Instantiating /home/travis/build/icyphy/ptII/ptolemy/domains/modal/test/auto/TerminationTransition5.xml
3 ms. Memory: 870912K Free: 179250K (21%)
----------------- Invoking toplevel() on ptolemy.moml.MoMLSimpleApplication@456d85d5
----------------- Done invoking toplevel() on ptolemy.moml.MoMLSimpleApplication@456d85d5
reloadAllAccessors: .TerminationTransition5

===========================================================================================
----------------- testing Mon Jun 10 04:35:32 UTC 2019 /home/travis/build/icyphy/ptII/ptolemy/domains/modal/test/auto/TerminationTransition6.xml
----------------- Instantiating /home/travis/build/icyphy/ptII/ptolemy/domains/modal/test/auto/TerminationTransition6.xml
2 ms. Memory: 870912K Free: 163634K (19%)
----------------- Invoking toplevel() on ptolemy.moml.MoMLSimpleApplication@cca8475
----------------- Done invoking toplevel() on ptolemy.moml.MoMLSimpleApplication@cca8475
reloadAllAccessors: .TerminationTransition6

===========================================================================================
----------------- testing Mon Jun 10 04:35:32 UTC 2019 /home/travis/build/icyphy/ptII/ptolemy/domains/modal/test/auto/TerminationTransition7.xml
----------------- Instantiating /home/travis/build/icyphy/ptII/ptolemy/domains/modal/test/auto/TerminationTransition7.xml
3 ms. Memory: 870912K Free: 145479K (17%)
----------------- Invoking toplevel() on ptolemy.moml.MoMLSimpleApplication@7d22ab4c
----------------- Done invoking toplevel() on ptolemy.moml.MoMLSimpleApplication@7d22ab4c
reloadAllAccessors: .TerminationTransition7

===========================================================================================
----------------- testing Mon Jun 10 04:35:32 UTC 2019 /home/travis/build/icyphy/ptII/ptolemy/domains/modal/test/auto/TerminationTransition8.xml
----------------- Instantiating /home/travis/build/icyphy/ptII/ptolemy/domains/modal/test/auto/TerminationTransition8.xml
3 ms. Memory: 870912K Free: 129855K (15%)
----------------- Invoking toplevel() on ptolemy.moml.MoMLSimpleApplication@2856ca48
----------------- Done invoking toplevel() on ptolemy.moml.MoMLSimpleApplication@2856ca48
reloadAllAccessors: .TerminationTransition8

===========================================================================================
----------------- testing Mon Jun 10 04:35:32 UTC 2019 /home/travis/build/icyphy/ptII/ptolemy/domains/modal/test/auto/Thermostat_NoHysteresis.xml
----------------- Instantiating /home/travis/build/icyphy/ptII/ptolemy/domains/modal/test/auto/Thermostat_NoHysteresis.xml
31 ms. Memory: 870912K Free: 98606K (11%)
----------------- Invoking toplevel() on ptolemy.moml.MoMLSimpleApplication@248c67d1
----------------- Done invoking toplevel() on ptolemy.moml.MoMLSimpleApplication@248c67d1
reloadAllAccessors: .Thermostat_NoHysteresis

===========================================================================================
----------------- testing Mon Jun 10 04:35:33 UTC 2019 /home/travis/build/icyphy/ptII/ptolemy/domains/modal/test/auto/TimedFSM.xml
----------------- Instantiating /home/travis/build/icyphy/ptII/ptolemy/domains/modal/test/auto/TimedFSM.xml
10 ms. Memory: 870912K Free: 80459K (9%)
----------------- Invoking toplevel() on ptolemy.moml.MoMLSimpleApplication@fbe6b84
----------------- Done invoking toplevel() on ptolemy.moml.MoMLSimpleApplication@fbe6b84
reloadAllAccessors: .TimedFSM

===========================================================================================
----------------- testing Mon Jun 10 04:35:33 UTC 2019 /home/travis/build/icyphy/ptII/ptolemy/domains/modal/test/auto/Timeout1.xml
----------------- Instantiating /home/travis/build/icyphy/ptII/ptolemy/domains/modal/test/auto/Timeout1.xml
3 ms. Memory: 870912K Free: 851769K (98%)
----------------- Invoking toplevel() on ptolemy.moml.MoMLSimpleApplication@5ef19645
----------------- Done invoking toplevel() on ptolemy.moml.MoMLSimpleApplication@5ef19645
reloadAllAccessors: .Timeout1

===========================================================================================
----------------- testing Mon Jun 10 04:35:33 UTC 2019 /home/travis/build/icyphy/ptII/ptolemy/domains/modal/test/auto/Timeout2.xml
----------------- Instantiating /home/travis/build/icyphy/ptII/ptolemy/domains/modal/test/auto/Timeout2.xml
5 ms. Memory: 870912K Free: 834301K (96%)
----------------- Invoking toplevel() on ptolemy.moml.MoMLSimpleApplication@6a80d7ee
----------------- Done invoking toplevel() on ptolemy.moml.MoMLSimpleApplication@6a80d7ee
reloadAllAccessors: .Timeout2

===========================================================================================
----------------- testing Mon Jun 10 04:35:33 UTC 2019 /home/travis/build/icyphy/ptII/ptolemy/domains/modal/test/auto/Timeout3.xml
----------------- Instantiating /home/travis/build/icyphy/ptII/ptolemy/domains/modal/test/auto/Timeout3.xml
3 ms. Memory: 870912K Free: 823890K (95%)
----------------- Invoking toplevel() on ptolemy.moml.MoMLSimpleApplication@7d0ab699
----------------- Done invoking toplevel() on ptolemy.moml.MoMLSimpleApplication@7d0ab699
reloadAllAccessors: .Timeout3

===========================================================================================
----------------- testing Mon Jun 10 04:35:33 UTC 2019 /home/travis/build/icyphy/ptII/ptolemy/domains/modal/test/auto/Timeout4.xml
----------------- Instantiating /home/travis/build/icyphy/ptII/ptolemy/domains/modal/test/auto/Timeout4.xml
3 ms. Memory: 870912K Free: 811481K (93%)
----------------- Invoking toplevel() on ptolemy.moml.MoMLSimpleApplication@794f4fee
----------------- Done invoking toplevel() on ptolemy.moml.MoMLSimpleApplication@794f4fee
reloadAllAccessors: .Timeout4

===========================================================================================
----------------- testing Mon Jun 10 04:35:33 UTC 2019 /home/travis/build/icyphy/ptII/ptolemy/domains/modal/test/auto/TransientstateModelAdvanced.xml
----------------- Instantiating /home/travis/build/icyphy/ptII/ptolemy/domains/modal/test/auto/TransientstateModelAdvanced.xml
3 ms. Memory: 870912K Free: 790643K (91%)
----------------- Invoking toplevel() on ptolemy.moml.MoMLSimpleApplication@44f708cf
----------------- Done invoking toplevel() on ptolemy.moml.MoMLSimpleApplication@44f708cf
reloadAllAccessors: .TransientstateModelAdvanced

===========================================================================================
----------------- testing Mon Jun 10 04:35:33 UTC 2019 /home/travis/build/icyphy/ptII/ptolemy/domains/modal/test/auto/TransientstateModelAdvanced2.xml
----------------- Instantiating /home/travis/build/icyphy/ptII/ptolemy/domains/modal/test/auto/TransientstateModelAdvanced2.xml
5 ms. Memory: 870912K Free: 767970K (88%)
----------------- Invoking toplevel() on ptolemy.moml.MoMLSimpleApplication@12704476
----------------- Done invoking toplevel() on ptolemy.moml.MoMLSimpleApplication@12704476
reloadAllAccessors: .transientstatemodelAdvanced

===========================================================================================
----------------- testing Mon Jun 10 04:35:33 UTC 2019 /home/travis/build/icyphy/ptII/ptolemy/domains/modal/test/auto/TransitionRefinements.xml
----------------- Instantiating /home/travis/build/icyphy/ptII/ptolemy/domains/modal/test/auto/TransitionRefinements.xml
14 ms. Memory: 870912K Free: 752338K (86%)
----------------- Invoking toplevel() on ptolemy.moml.MoMLSimpleApplication@32ac5a89
----------------- Done invoking toplevel() on ptolemy.moml.MoMLSimpleApplication@32ac5a89
reloadAllAccessors: .TransitionRefinements

===========================================================================================
----------------- testing Mon Jun 10 04:35:33 UTC 2019 /home/travis/build/icyphy/ptII/ptolemy/domains/modal/test/auto/TwoRefinements1.xml
----------------- Instantiating /home/travis/build/icyphy/ptII/ptolemy/domains/modal/test/auto/TwoRefinements1.xml
5 ms. Memory: 870912K Free: 734869K (84%)
----------------- Invoking toplevel() on ptolemy.moml.MoMLSimpleApplication@45edba3
----------------- Done invoking toplevel() on ptolemy.moml.MoMLSimpleApplication@45edba3
reloadAllAccessors: .TwoRefinements1

===========================================================================================
----------------- testing Mon Jun 10 04:35:33 UTC 2019 /home/travis/build/icyphy/ptII/ptolemy/domains/modal/test/auto/TwoRefinements2.xml
----------------- Instantiating /home/travis/build/icyphy/ptII/ptolemy/domains/modal/test/auto/TwoRefinements2.xml
3 ms. Memory: 870912K Free: 719237K (83%)
----------------- Invoking toplevel() on ptolemy.moml.MoMLSimpleApplication@6902765
----------------- Done invoking toplevel() on ptolemy.moml.MoMLSimpleApplication@6902765
reloadAllAccessors: .TwoRefinements2

===========================================================================================
----------------- testing Mon Jun 10 04:35:33 UTC 2019 /home/travis/build/icyphy/ptII/ptolemy/domains/modal/test/auto/WeakImmediateTransition.xml
----------------- Instantiating /home/travis/build/icyphy/ptII/ptolemy/domains/modal/test/auto/WeakImmediateTransition.xml
4 ms. Memory: 870912K Free: 701776K (81%)
----------------- Invoking toplevel() on ptolemy.moml.MoMLSimpleApplication@5d268bda
----------------- Done invoking toplevel() on ptolemy.moml.MoMLSimpleApplication@5d268bda
reloadAllAccessors: .WeakImmediateTransition

===========================================================================================
----------------- testing Mon Jun 10 04:35:33 UTC 2019 /home/travis/build/icyphy/ptII/ptolemy/domains/modal/test/auto/booleanSelect.xml
----------------- Instantiating /home/travis/build/icyphy/ptII/ptolemy/domains/modal/test/auto/booleanSelect.xml
69 ms. Memory: 870912K Free: 675702K (78%)
----------------- Invoking toplevel() on ptolemy.moml.MoMLSimpleApplication@bca322a
----------------- Done invoking toplevel() on ptolemy.moml.MoMLSimpleApplication@bca322a
reloadAllAccessors: .booleanSelect

===========================================================================================
----------------- testing Mon Jun 10 04:35:33 UTC 2019 /home/travis/build/icyphy/ptII/ptolemy/domains/modal/test/auto/modalChangingParams.xml
----------------- Instantiating /home/travis/build/icyphy/ptII/ptolemy/domains/modal/test/auto/modalChangingParams.xml
0
1
0
2
4
6
8
7
0
2
4
6
8
13
0
2
4
6
8
19
0
2
4
6
8
25
0
2
4
6
8
31
0
2
4
6
8
37
0
2
4
6
8
43
0
2
4
6
8
49
0
2
4
6
8
55
0
2
4
6
8
61
0
2
4
6
8
67
0
2
4
6
8
73
0
2
4
6
8
79
0
2
4
6
8
85
0
2
4
6
8
91
0
2
4
6
8
97
0
2
4
6
8
103
0
2
4
6
8
109
0
2
4
6
8
115
0
2
4
6
8
121
0
2
4
6
8
127
0
2
4
6
8
133
0
2
4
6
8
139
0
2
4
6
8
145
0
2
4
6
8
151
0
2
4
6
8
157
0
2
4
6
8
163
0
2
4
6
8
169
0
2
4
6
8
175
0
2
4
6
8
181
0
2
4
6
8
187
0
2
4
6
8
193
0
2
4
6
8
199
0
2
4
6
8
205
0
2
4
6
8
211
0
2
4
6
8
217
0
2
4
6
8
223
0
2
4
6
8
229
0
2
4
6
8
235
0
2
4
6
8
241
0
2
4
6
8
247
0
2
4
6
8
253
0
2
4
6
8
259
0
2
4
6
8
265
0
2
4
6
8
271
0
2
4
6
8
277
0
2
4
6
8
283
0
2
4
6
8
289
0
2
4
6
8
295
0
2
4
6
8
301
0
2
4
6
8
307
0
2
4
6
8
313
0
2
4
6
8
319
0
2
4
6
8
325
0
2
4
6
8
331
0
2
4
6
8
337
0
2
4
6
8
343
0
2
4
6
8
349
0
2
4
6
8
355
0
2
4
6
8
361
0
2
4
6
8
367
0
2
4
6
8
373
0
2
4
6
8
379
0
2
4
6
8
385
0
2
4
6
8
391
0
2
4
6
8
397
0
2
4
6
8
403
0
2
4
6
8
409
0
2
4
6
8
415
0
2
4
6
8
421
0
2
4
6
8
427
0
2
4
6
8
433
0
2
4
6
8
439
0
2
4
6
8
445
0
2
4
6
8
451
0
2
4
6
8
457
0
2
4
6
8
463
0
2
4
6
8
469
0
2
4
6
8
475
0
2
4
6
8
481
0
2
4
6
8
487
0
2
4
6
8
493
0
2
4
6
8
499
0
2
4
6
8
505
0
2
4
6
8
511
0
2
4
6
8
517
0
2
4
6
8
523
0
2
4
6
8
529
0
2
4
6
8
535
0
2
4
6
8
541
0
2
4
6
8
547
0
2
4
6
8
553
0
2
4
6
8
559
0
2
4
6
8
565
0
2
4
6
8
571
0
2
4
6
8
577
0
2
4
6
8
583
0
2
4
6
8
589
0
2
4
6
8
595
0
2
4
6
8
601
0
2
4
6
8
607
0
2
4
6
8
613
0
2
4
6
8
619
0
2
4
6
8
625
0
2
4
6
8
631
0
2
4
6
8
637
0
2
4
6
8
643
0
2
4
6
8
649
0
2
4
6
8
655
0
2
4
6
8
661
0
2
4
6
8
667
0
2
4
6
8
673
0
2
4
6
8
679
0
2
4
6
8
685
0
2
4
6
8
691
0
2
4
6
8
697
0
2
4
6
8
703
0
2
4
6
8
709
0
2
4
6
8
715
0
2
4
6
8
721
0
2
4
6
8
727
0
2
4
6
8
733
0
2
4
6
8
739
0
2
4
6
8
745
0
2
4
6
8
751
0
2
4
6
8
757
0
2
4
6
8
763
0
2
4
6
8
769
0
2
4
6
8
775
0
2
4
6
8
781
0
2
4
6
8
787
0
2
4
6
8
793
0
2
4
6
8
799
0
2
4
6
8
805
0
2
4
6
8
811
0
2
4
6
8
817
0
2
4
6
8
823
0
2
4
6
8
829
0
2
4
6
8
835
0
2
4
6
8
841
0
2
4
6
8
847
0
2
4
6
8
853
0
2
4
6
8
859
0
2
4
6
8
865
0
2
4
6
8
871
0
2
4
6
8
877
0
2
4
6
8
883
0
2
4
6
8
889
0
2
4
6
8
895
0
2
4
6
8
901
0
2
4
6
8
907
0
2
4
6
8
913
0
2
4
6
8
919
0
2
4
6
8
925
0
2
4
6
8
931
0
2
4
6
8
937
0
2
4
6
8
943
0
2
4
6
8
949
0
2
4
6
8
955
0
2
4
6
8
961
0
2
4
6
8
967
0
2
4
6
8
973
0
2
4
6
8
979
0
2
4
6
8
985
0
2
4
6
8
991
0
2
4
6
8
997
0
2
192 ms. Memory: 870912K Free: 553950K (64%)
----------------- Invoking toplevel() on ptolemy.moml.MoMLSimpleApplication@103eb201
----------------- Done invoking toplevel() on ptolemy.moml.MoMLSimpleApplication@103eb201
reloadAllAccessors: .modalChangingParams

===========================================================================================
----------------- testing Mon Jun 10 04:35:33 UTC 2019 /home/travis/build/icyphy/ptII/ptolemy/domains/modal/test/auto/modalModel.xml
----------------- Instantiating /home/travis/build/icyphy/ptII/ptolemy/domains/modal/test/auto/modalModel.xml
6 ms. Memory: 870912K Free: 538318K (62%)
----------------- Invoking toplevel() on ptolemy.moml.MoMLSimpleApplication@1b8675d4
----------------- Done invoking toplevel() on ptolemy.moml.MoMLSimpleApplication@1b8675d4
reloadAllAccessors: .modalModel

===========================================================================================
----------------- testing Mon Jun 10 04:35:33 UTC 2019 /home/travis/build/icyphy/ptII/ptolemy/domains/modal/test/auto/modalModel2.xml
----------------- Instantiating /home/travis/build/icyphy/ptII/ptolemy/domains/modal/test/auto/modalModel2.xml
12 ms. Memory: 870912K Free: 520850K (60%)
----------------- Invoking toplevel() on ptolemy.moml.MoMLSimpleApplication@49b7229e
----------------- Done invoking toplevel() on ptolemy.moml.MoMLSimpleApplication@49b7229e
reloadAllAccessors: .modalModel2

===========================================================================================
----------------- testing Mon Jun 10 04:35:33 UTC 2019 /home/travis/build/icyphy/ptII/ptolemy/domains/modal/test/auto/modalModel3.xml
----------------- Instantiating /home/travis/build/icyphy/ptII/ptolemy/domains/modal/test/auto/modalModel3.xml
0	0	0
3	2	1
6	4	2
9	6	3
4	0	4
7	2	5
10	4	6
13	6	7
8	0	8
11	2	9
14	4	10
17	6	11
12	0	12
15	2	13
18	4	14
14 ms. Memory: 870912K Free: 505217K (58%)
----------------- Invoking toplevel() on ptolemy.moml.MoMLSimpleApplication@40cfab73
----------------- Done invoking toplevel() on ptolemy.moml.MoMLSimpleApplication@40cfab73
reloadAllAccessors: .modalModel3

===========================================================================================
----------------- testing Mon Jun 10 04:35:33 UTC 2019 /home/travis/build/icyphy/ptII/ptolemy/domains/modal/test/auto/model1.xml
----------------- Instantiating /home/travis/build/icyphy/ptII/ptolemy/domains/modal/test/auto/model1.xml
11 ms. Memory: 870912K Free: 492971K (57%)
----------------- Invoking toplevel() on ptolemy.moml.MoMLSimpleApplication@6becbcd2
----------------- Done invoking toplevel() on ptolemy.moml.MoMLSimpleApplication@6becbcd2
reloadAllAccessors: .model1

===========================================================================================
----------------- testing Mon Jun 10 04:35:33 UTC 2019 /home/travis/build/icyphy/ptII/ptolemy/domains/modal/test/auto/test-direct-in-out.xml
----------------- Instantiating /home/travis/build/icyphy/ptII/ptolemy/domains/modal/test/auto/test-direct-in-out.xml
7 ms. Memory: 870912K Free: 477339K (55%)
----------------- Invoking toplevel() on ptolemy.moml.MoMLSimpleApplication@2eded5b1
----------------- Done invoking toplevel() on ptolemy.moml.MoMLSimpleApplication@2eded5b1
reloadAllAccessors: .test-direct-in-out
AutoTests.java: About to close Vertx.
AutoTests.java: Vertx closed.
]]></system-out>
  <system-err><![CDATA[java.lang.RuntimeException: Execution failed
	at ptolemy.moml.MoMLSimpleApplication$UnloadThread.run(MoMLSimpleApplication.java:402)
Caused by: ptolemy.kernel.util.IllegalActionException: Unknown inputs remain. Possible causality loop:
L_model_1893289564i

  in .CannotAnalysisWithPreemption.model_1893289564_region_1 and .CannotAnalysisWithPreemption.model_1893289564_region_1.L_model_1893289564i
	at ptolemy.actor.sched.FixedPointDirector.postfire(FixedPointDirector.java:515)
	at ptolemy.domains.sr.kernel.SRDirector.postfire(SRDirector.java:417)
	at ptolemy.actor.CompositeActor.postfire(CompositeActor.java:1668)
	at ptolemy.actor.Manager.iterate(Manager.java:852)
	at ptolemy.actor.Manager.execute(Manager.java:369)
	at ptolemy.actor.Manager.run(Manager.java:1263)
	at ptolemy.actor.Manager$PtolemyRunThread.run(Manager.java:1915)
java.lang.reflect.InvocationTargetException
	at sun.reflect.NativeConstructorAccessorImpl.newInstance0(Native Method)
	at sun.reflect.NativeConstructorAccessorImpl.newInstance(NativeConstructorAccessorImpl.java:62)
	at sun.reflect.DelegatingConstructorAccessorImpl.newInstance(DelegatingConstructorAccessorImpl.java:45)
	at java.lang.reflect.Constructor.newInstance(Constructor.java:423)
	at ptolemy.util.test.junit.AutoKnownFailedTests.RunModel(AutoKnownFailedTests.java:105)
	at sun.reflect.NativeMethodAccessorImpl.invoke0(Native Method)
	at sun.reflect.NativeMethodAccessorImpl.invoke(NativeMethodAccessorImpl.java:62)
	at sun.reflect.DelegatingMethodAccessorImpl.invoke(DelegatingMethodAccessorImpl.java:43)
	at java.lang.reflect.Method.invoke(Method.java:498)
	at org.junit.runners.model.FrameworkMethod$1.runReflectiveCall(FrameworkMethod.java:44)
	at org.junit.internal.runners.model.ReflectiveCallable.run(ReflectiveCallable.java:15)
	at org.junit.runners.model.FrameworkMethod.invokeExplosively(FrameworkMethod.java:41)
	at junitparams.internal.InvokeParameterisedMethod.evaluate(InvokeParameterisedMethod.java:102)
	at org.junit.internal.runners.statements.FailOnTimeout$1.run(FailOnTimeout.java:28)
Caused by: ptolemy.kernel.util.IllegalActionException: Unknown inputs remain. Possible causality loop:
L_model_1893289564i

  in .CannotAnalysisWithPreemption.model_1893289564_region_1 and .CannotAnalysisWithPreemption.model_1893289564_region_1.L_model_1893289564i
	at ptolemy.actor.sched.FixedPointDirector.postfire(FixedPointDirector.java:515)
	at ptolemy.domains.sr.kernel.SRDirector.postfire(SRDirector.java:417)
	at ptolemy.actor.CompositeActor.postfire(CompositeActor.java:1668)
	at ptolemy.actor.Manager.iterate(Manager.java:852)
	at ptolemy.actor.Manager.execute(Manager.java:369)
	at ptolemy.actor.Manager.run(Manager.java:1263)
	at ptolemy.actor.Manager$PtolemyRunThread.run(Manager.java:1915)
]]></system-err>
</testsuite>
