<?xml version="1.0" encoding="UTF-8" ?>
<testsuite errors="0" failures="0" hostname="travis-job-236143b5-d738-406a-a8c1-3aa4725c522a" name="ptolemy.domains.continuous.test.junit.JUnitTclTest" skipped="0" tests="156" time="79.369" timestamp="2019-12-09T18:21:00">
  <properties>
[...]
</properties>
  <testcase classname="ptolemy.util.test.junit.TclTests" name="[0] ThereAreNoTclTests (RunTclFile)" time="0.021" />
  <testcase classname="ptolemy.util.test.junit.AutoKnownFailedTests" name="[0] ThereAreNoKnowFailedTests (RunModel)" time="0.006" />
  <testcase classname="ptolemy.util.test.junit.AutoNameArchTests" name="[0] ThereAreNoAutoArchTests (RunModel)" time="0.021" />
  <testcase classname="ptolemy.util.test.junit.AutoTests" name="[0] /home/travis/build/icyphy/ptII/ptolemy/domains/continuous/test/auto/BouncingBall.xml (RunModel)" time="3.192" />
  <testcase classname="ptolemy.util.test.junit.AutoTests" name="[1] /home/travis/build/icyphy/ptII/ptolemy/domains/continuous/test/auto/BouncingBallWithoutGR.xml (RunModel)" time="0.929" />
  <testcase classname="ptolemy.util.test.junit.AutoTests" name="[2] /home/travis/build/icyphy/ptII/ptolemy/domains/continuous/test/auto/Brownian.xml (RunModel)" time="0.11" />
  <testcase classname="ptolemy.util.test.junit.AutoTests" name="[3] /home/travis/build/icyphy/ptII/ptolemy/domains/continuous/test/auto/CarTracking.xml (RunModel)" time="4.19" />
  <testcase classname="ptolemy.util.test.junit.AutoTests" name="[4] /home/travis/build/icyphy/ptII/ptolemy/domains/continuous/test/auto/CartPendulum.xml (RunModel)" time="0.479" />
  <testcase classname="ptolemy.util.test.junit.AutoTests" name="[5] /home/travis/build/icyphy/ptII/ptolemy/domains/continuous/test/auto/CausalityInterface10.xml (RunModel)" time="0.043" />
  <testcase classname="ptolemy.util.test.junit.AutoTests" name="[6] /home/travis/build/icyphy/ptII/ptolemy/domains/continuous/test/auto/CausalityInterface11.xml (RunModel)" time="0.027" />
  <testcase classname="ptolemy.util.test.junit.AutoTests" name="[7] /home/travis/build/icyphy/ptII/ptolemy/domains/continuous/test/auto/CausalityInterface12.xml (RunModel)" time="0.022" />
  <testcase classname="ptolemy.util.test.junit.AutoTests" name="[8] /home/travis/build/icyphy/ptII/ptolemy/domains/continuous/test/auto/CausalityInterface13.xml (RunModel)" time="0.029" />
  <testcase classname="ptolemy.util.test.junit.AutoTests" name="[9] /home/travis/build/icyphy/ptII/ptolemy/domains/continuous/test/auto/CausalityInterface14.xml (RunModel)" time="0.025" />
  <testcase classname="ptolemy.util.test.junit.AutoTests" name="[10] /home/travis/build/icyphy/ptII/ptolemy/domains/continuous/test/auto/CausalityInterface4.xml (RunModel)" time="0.027" />
  <testcase classname="ptolemy.util.test.junit.AutoTests" name="[11] /home/travis/build/icyphy/ptII/ptolemy/domains/continuous/test/auto/CausalityInterface5.xml (RunModel)" time="0.037" />
  <testcase classname="ptolemy.util.test.junit.AutoTests" name="[12] /home/travis/build/icyphy/ptII/ptolemy/domains/continuous/test/auto/CausalityInterface6.xml (RunModel)" time="0.023" />
  <testcase classname="ptolemy.util.test.junit.AutoTests" name="[13] /home/travis/build/icyphy/ptII/ptolemy/domains/continuous/test/auto/CausalityInterface7.xml (RunModel)" time="0.038" />
  <testcase classname="ptolemy.util.test.junit.AutoTests" name="[14] /home/travis/build/icyphy/ptII/ptolemy/domains/continuous/test/auto/CausalityInterface8.xml (RunModel)" time="0.034" />
  <testcase classname="ptolemy.util.test.junit.AutoTests" name="[15] /home/travis/build/icyphy/ptII/ptolemy/domains/continuous/test/auto/CausalityInterface9.xml (RunModel)" time="0.049" />
  <testcase classname="ptolemy.util.test.junit.AutoTests" name="[16] /home/travis/build/icyphy/ptII/ptolemy/domains/continuous/test/auto/CausalityInterfaceFeedback1.xml (RunModel)" time="0.031" />
  <testcase classname="ptolemy.util.test.junit.AutoTests" name="[17] /home/travis/build/icyphy/ptII/ptolemy/domains/continuous/test/auto/CausalityInterfaceFeedback2.xml (RunModel)" time="0.036" />
  <testcase classname="ptolemy.util.test.junit.AutoTests" name="[18] /home/travis/build/icyphy/ptII/ptolemy/domains/continuous/test/auto/CompareWithCurrentTime.xml (RunModel)" time="0.017" />
  <testcase classname="ptolemy.util.test.junit.AutoTests" name="[19] /home/travis/build/icyphy/ptII/ptolemy/domains/continuous/test/auto/ComparedClocks.xml (RunModel)" time="0.077" />
  <testcase classname="ptolemy.util.test.junit.AutoTests" name="[20] /home/travis/build/icyphy/ptII/ptolemy/domains/continuous/test/auto/ContinuousAOCClone.xml (RunModel)" time="2.834" />
  <testcase classname="ptolemy.util.test.junit.AutoTests" name="[21] /home/travis/build/icyphy/ptII/ptolemy/domains/continuous/test/auto/ContinuousClock.xml (RunModel)" time="0.091" />
  <testcase classname="ptolemy.util.test.junit.AutoTests" name="[22] /home/travis/build/icyphy/ptII/ptolemy/domains/continuous/test/auto/ContinuousInContinuous.xml (RunModel)" time="0.084" />
  <testcase classname="ptolemy.util.test.junit.AutoTests" name="[23] /home/travis/build/icyphy/ptII/ptolemy/domains/continuous/test/auto/ContinuousInContinuousInContinuous.xml (RunModel)" time="0.022" />
  <testcase classname="ptolemy.util.test.junit.AutoTests" name="[24] /home/travis/build/icyphy/ptII/ptolemy/domains/continuous/test/auto/ContinuousInDE.xml (RunModel)" time="0.109" />
  <testcase classname="ptolemy.util.test.junit.AutoTests" name="[25] /home/travis/build/icyphy/ptII/ptolemy/domains/continuous/test/auto/ContinuousInDE2.xml (RunModel)" time="0.062" />
  <testcase classname="ptolemy.util.test.junit.AutoTests" name="[26] /home/travis/build/icyphy/ptII/ptolemy/domains/continuous/test/auto/ContinuousInDE3.xml (RunModel)" time="0.063" />
  <testcase classname="ptolemy.util.test.junit.AutoTests" name="[27] /home/travis/build/icyphy/ptII/ptolemy/domains/continuous/test/auto/ContinuousInDE4.xml (RunModel)" time="0.03" />
  <testcase classname="ptolemy.util.test.junit.AutoTests" name="[28] /home/travis/build/icyphy/ptII/ptolemy/domains/continuous/test/auto/ContinuousInDEDifferentRefinements.xml (RunModel)" time="0.101" />
  <testcase classname="ptolemy.util.test.junit.AutoTests" name="[29] /home/travis/build/icyphy/ptII/ptolemy/domains/continuous/test/auto/ContinuousInDEDifferentRefinementsPreemptive.xml (RunModel)" time="0.085" />
  <testcase classname="ptolemy.util.test.junit.AutoTests" name="[30] /home/travis/build/icyphy/ptII/ptolemy/domains/continuous/test/auto/ContinuousInDEInContinuous2.xml (RunModel)" time="0.06" />
  <testcase classname="ptolemy.util.test.junit.AutoTests" name="[31] /home/travis/build/icyphy/ptII/ptolemy/domains/continuous/test/auto/ContinuousInDEInContinuous3.xml (RunModel)" time="0.061" />
  <testcase classname="ptolemy.util.test.junit.AutoTests" name="[32] /home/travis/build/icyphy/ptII/ptolemy/domains/continuous/test/auto/ContinuousInDEInput.xml (RunModel)" time="0.035" />
  <testcase classname="ptolemy.util.test.junit.AutoTests" name="[33] /home/travis/build/icyphy/ptII/ptolemy/domains/continuous/test/auto/ContinuousInDEInput2.xml (RunModel)" time="0.035" />
  <testcase classname="ptolemy.util.test.junit.AutoTests" name="[34] /home/travis/build/icyphy/ptII/ptolemy/domains/continuous/test/auto/ContinuousInDEInput3.xml (RunModel)" time="0.033" />
  <testcase classname="ptolemy.util.test.junit.AutoTests" name="[35] /home/travis/build/icyphy/ptII/ptolemy/domains/continuous/test/auto/ContinuousInDESharingRefinement.xml (RunModel)" time="0.182" />
  <testcase classname="ptolemy.util.test.junit.AutoTests" name="[36] /home/travis/build/icyphy/ptII/ptolemy/domains/continuous/test/auto/ContinuousInDEwithNoPorts.xml (RunModel)" time="0.019" />
  <testcase classname="ptolemy.util.test.junit.AutoTests" name="[37] /home/travis/build/icyphy/ptII/ptolemy/domains/continuous/test/auto/ContinuousInsideDE.xml (RunModel)" time="0.091" />
  <testcase classname="ptolemy.util.test.junit.AutoTests" name="[38] /home/travis/build/icyphy/ptII/ptolemy/domains/continuous/test/auto/ContinuousMerge1.xml (RunModel)" time="0.018" />
  <testcase classname="ptolemy.util.test.junit.AutoTests" name="[39] /home/travis/build/icyphy/ptII/ptolemy/domains/continuous/test/auto/ContinuousMerge2.xml (RunModel)" time="0.046" />
  <testcase classname="ptolemy.util.test.junit.AutoTests" name="[40] /home/travis/build/icyphy/ptII/ptolemy/domains/continuous/test/auto/ContinuousMerge3.xml (RunModel)" time="0.074" />
  <testcase classname="ptolemy.util.test.junit.AutoTests" name="[41] /home/travis/build/icyphy/ptII/ptolemy/domains/continuous/test/auto/ContinuousWithinContinuous.xml (RunModel)" time="0.057" />
  <testcase classname="ptolemy.util.test.junit.AutoTests" name="[42] /home/travis/build/icyphy/ptII/ptolemy/domains/continuous/test/auto/ContinuousWithinContinuous2.xml (RunModel)" time="0.084" />
  <testcase classname="ptolemy.util.test.junit.AutoTests" name="[43] /home/travis/build/icyphy/ptII/ptolemy/domains/continuous/test/auto/ContinuousWithinContinuous3.xml (RunModel)" time="0.024" />
  <testcase classname="ptolemy.util.test.junit.AutoTests" name="[44] /home/travis/build/icyphy/ptII/ptolemy/domains/continuous/test/auto/ContinuousWithinContinuous4.xml (RunModel)" time="0.079" />
  <testcase classname="ptolemy.util.test.junit.AutoTests" name="[45] /home/travis/build/icyphy/ptII/ptolemy/domains/continuous/test/auto/ContinuousWithinContinuous5.xml (RunModel)" time="0.036" />
  <testcase classname="ptolemy.util.test.junit.AutoTests" name="[46] /home/travis/build/icyphy/ptII/ptolemy/domains/continuous/test/auto/ContinuousWithinContinuous6.xml (RunModel)" time="0.025" />
  <testcase classname="ptolemy.util.test.junit.AutoTests" name="[47] /home/travis/build/icyphy/ptII/ptolemy/domains/continuous/test/auto/ContinuousWithinContinuous7.xml (RunModel)" time="0.069" />
  <testcase classname="ptolemy.util.test.junit.AutoTests" name="[48] /home/travis/build/icyphy/ptII/ptolemy/domains/continuous/test/auto/DCMotor.xml (RunModel)" time="16.035" />
  <testcase classname="ptolemy.util.test.junit.AutoTests" name="[49] /home/travis/build/icyphy/ptII/ptolemy/domains/continuous/test/auto/DEInContinuous.xml (RunModel)" time="0.04" />
  <testcase classname="ptolemy.util.test.junit.AutoTests" name="[50] /home/travis/build/icyphy/ptII/ptolemy/domains/continuous/test/auto/DEinContinuous2.xml (RunModel)" time="0.029" />
  <testcase classname="ptolemy.util.test.junit.AutoTests" name="[51] /home/travis/build/icyphy/ptII/ptolemy/domains/continuous/test/auto/Derivative.xml (RunModel)" time="0.222" />
  <testcase classname="ptolemy.util.test.junit.AutoTests" name="[52] /home/travis/build/icyphy/ptII/ptolemy/domains/continuous/test/auto/Derivative1.xml (RunModel)" time="0.057" />
  <testcase classname="ptolemy.util.test.junit.AutoTests" name="[53] /home/travis/build/icyphy/ptII/ptolemy/domains/continuous/test/auto/DiscreteClock.xml (RunModel)" time="0.015" />
  <testcase classname="ptolemy.util.test.junit.AutoTests" name="[54] /home/travis/build/icyphy/ptII/ptolemy/domains/continuous/test/auto/EfficiencyCurve.xml (RunModel)" time="0.106" />
  <testcase classname="ptolemy.util.test.junit.AutoTests" name="[55] /home/travis/build/icyphy/ptII/ptolemy/domains/continuous/test/auto/ExponentialResponse.xml (RunModel)" time="0.148" />
  <testcase classname="ptolemy.util.test.junit.AutoTests" name="[56] /home/travis/build/icyphy/ptII/ptolemy/domains/continuous/test/auto/ExponentialResponseRK45.xml (RunModel)" time="0.043" />
  <testcase classname="ptolemy.util.test.junit.AutoTests" name="[57] /home/travis/build/icyphy/ptII/ptolemy/domains/continuous/test/auto/Friction.xml (RunModel)" time="1.82" />
  <testcase classname="ptolemy.util.test.junit.AutoTests" name="[58] /home/travis/build/icyphy/ptII/ptolemy/domains/continuous/test/auto/FurutaPendulum.xml (RunModel)" time="3.74" />
  <testcase classname="ptolemy.util.test.junit.AutoTests" name="[59] /home/travis/build/icyphy/ptII/ptolemy/domains/continuous/test/auto/HierarchicalExecution.xml (RunModel)" time="2.362" />
  <testcase classname="ptolemy.util.test.junit.AutoTests" name="[60] /home/travis/build/icyphy/ptII/ptolemy/domains/continuous/test/auto/HybridPlant.xml (RunModel)" time="0.617" />
  <testcase classname="ptolemy.util.test.junit.AutoTests" name="[61] /home/travis/build/icyphy/ptII/ptolemy/domains/continuous/test/auto/Hysteresis.xml (RunModel)" time="0.214" />
  <testcase classname="ptolemy.util.test.junit.AutoTests" name="[62] /home/travis/build/icyphy/ptII/ptolemy/domains/continuous/test/auto/HysteresisWithRandomDelay.xml (RunModel)" time="0.23" />
  <testcase classname="ptolemy.util.test.junit.AutoTests" name="[63] /home/travis/build/icyphy/ptII/ptolemy/domains/continuous/test/auto/HysteresisWithRandomLosses.xml (RunModel)" time="2.516" />
  <testcase classname="ptolemy.util.test.junit.AutoTests" name="[64] /home/travis/build/icyphy/ptII/ptolemy/domains/continuous/test/auto/ImmediateTransitions.xml (RunModel)" time="0.035" />
  <testcase classname="ptolemy.util.test.junit.AutoTests" name="[65] /home/travis/build/icyphy/ptII/ptolemy/domains/continuous/test/auto/ImpulseFeedback.xml (RunModel)" time="0.02" />
  <testcase classname="ptolemy.util.test.junit.AutoTests" name="[66] /home/travis/build/icyphy/ptII/ptolemy/domains/continuous/test/auto/ImpulseFeedback2.xml (RunModel)" time="0.023" />
  <testcase classname="ptolemy.util.test.junit.AutoTests" name="[67] /home/travis/build/icyphy/ptII/ptolemy/domains/continuous/test/auto/IncreasingRatePoisson.xml (RunModel)" time="0.755" />
  <testcase classname="ptolemy.util.test.junit.AutoTests" name="[68] /home/travis/build/icyphy/ptII/ptolemy/domains/continuous/test/auto/InitialStateFeedback.xml (RunModel)" time="0.015" />
  <testcase classname="ptolemy.util.test.junit.AutoTests" name="[69] /home/travis/build/icyphy/ptII/ptolemy/domains/continuous/test/auto/Integration.xml (RunModel)" time="0.012" />
  <testcase classname="ptolemy.util.test.junit.AutoTests" name="[70] /home/travis/build/icyphy/ptII/ptolemy/domains/continuous/test/auto/Integration2.xml (RunModel)" time="0.096" />
  <testcase classname="ptolemy.util.test.junit.AutoTests" name="[71] /home/travis/build/icyphy/ptII/ptolemy/domains/continuous/test/auto/Integration3.xml (RunModel)" time="0.012" />
  <testcase classname="ptolemy.util.test.junit.AutoTests" name="[72] /home/travis/build/icyphy/ptII/ptolemy/domains/continuous/test/auto/Integration5.xml (RunModel)" time="0.012" />
  <testcase classname="ptolemy.util.test.junit.AutoTests" name="[73] /home/travis/build/icyphy/ptII/ptolemy/domains/continuous/test/auto/IntegratorImpulse.xml (RunModel)" time="0.008" />
  <testcase classname="ptolemy.util.test.junit.AutoTests" name="[74] /home/travis/build/icyphy/ptII/ptolemy/domains/continuous/test/auto/IntegratorImpulse2.xml (RunModel)" time="0.017" />
  <testcase classname="ptolemy.util.test.junit.AutoTests" name="[75] /home/travis/build/icyphy/ptII/ptolemy/domains/continuous/test/auto/LevelCrossing1.xml (RunModel)" time="0.01" />
  <testcase classname="ptolemy.util.test.junit.AutoTests" name="[76] /home/travis/build/icyphy/ptII/ptolemy/domains/continuous/test/auto/LevelCrossing2.xml (RunModel)" time="0.016" />
  <testcase classname="ptolemy.util.test.junit.AutoTests" name="[77] /home/travis/build/icyphy/ptII/ptolemy/domains/continuous/test/auto/LevelCrossing3.xml (RunModel)" time="0.013" />
  <testcase classname="ptolemy.util.test.junit.AutoTests" name="[78] /home/travis/build/icyphy/ptII/ptolemy/domains/continuous/test/auto/LevelCrossing4.xml (RunModel)" time="0.011" />
  <testcase classname="ptolemy.util.test.junit.AutoTests" name="[79] /home/travis/build/icyphy/ptII/ptolemy/domains/continuous/test/auto/LevelCrossing5.xml (RunModel)" time="0.017" />
  <testcase classname="ptolemy.util.test.junit.AutoTests" name="[80] /home/travis/build/icyphy/ptII/ptolemy/domains/continuous/test/auto/LevelCrossing6.xml (RunModel)" time="0.011" />
  <testcase classname="ptolemy.util.test.junit.AutoTests" name="[81] /home/travis/build/icyphy/ptII/ptolemy/domains/continuous/test/auto/LevelCrossingDetector.xml (RunModel)" time="0.036" />
  <testcase classname="ptolemy.util.test.junit.AutoTests" name="[82] /home/travis/build/icyphy/ptII/ptolemy/domains/continuous/test/auto/LevelCrossingDetectorDetectingDirections.xml (RunModel)" time="0.103" />
  <testcase classname="ptolemy.util.test.junit.AutoTests" name="[83] /home/travis/build/icyphy/ptII/ptolemy/domains/continuous/test/auto/LevelCrossingDetectorDetectsGlitches.xml (RunModel)" time="0.06" />
  <testcase classname="ptolemy.util.test.junit.AutoTests" name="[84] /home/travis/build/icyphy/ptII/ptolemy/domains/continuous/test/auto/LevelCrossingNoInitialOuput.xml (RunModel)" time="0.014" />
  <testcase classname="ptolemy.util.test.junit.AutoTests" name="[85] /home/travis/build/icyphy/ptII/ptolemy/domains/continuous/test/auto/LinearStateSpaceExample.xml (RunModel)" time="0.045" />
  <testcase classname="ptolemy.util.test.junit.AutoTests" name="[86] /home/travis/build/icyphy/ptII/ptolemy/domains/continuous/test/auto/Lorenz.xml (RunModel)" time="4.398" />
  <testcase classname="ptolemy.util.test.junit.AutoTests" name="[87] /home/travis/build/icyphy/ptII/ptolemy/domains/continuous/test/auto/LorenzDifferentialSystem.xml (RunModel)" time="1.045" />
  <testcase classname="ptolemy.util.test.junit.AutoTests" name="[88] /home/travis/build/icyphy/ptII/ptolemy/domains/continuous/test/auto/LorenzDifferentialSystemWithInput.xml (RunModel)" time="1.364" />
  <testcase classname="ptolemy.util.test.junit.AutoTests" name="[89] /home/travis/build/icyphy/ptII/ptolemy/domains/continuous/test/auto/LorenzDifferentialSystemWithTime.xml (RunModel)" time="0.741" />
  <testcase classname="ptolemy.util.test.junit.AutoTests" name="[90] /home/travis/build/icyphy/ptII/ptolemy/domains/continuous/test/auto/Microsteps.xml (RunModel)" time="0.027" />
  <testcase classname="ptolemy.util.test.junit.AutoTests" name="[91] /home/travis/build/icyphy/ptII/ptolemy/domains/continuous/test/auto/Modal1.xml (RunModel)" time="0.034" />
  <testcase classname="ptolemy.util.test.junit.AutoTests" name="[92] /home/travis/build/icyphy/ptII/ptolemy/domains/continuous/test/auto/Modal2.xml (RunModel)" time="0.053" />
  <testcase classname="ptolemy.util.test.junit.AutoTests" name="[93] /home/travis/build/icyphy/ptII/ptolemy/domains/continuous/test/auto/ModalTransitionGuardWithReset.xml (RunModel)" time="0.031" />
  <testcase classname="ptolemy.util.test.junit.AutoTests" name="[94] /home/travis/build/icyphy/ptII/ptolemy/domains/continuous/test/auto/ModalTransitionGuardWithResetUsingPreemptiveTransition.xml (RunModel)" time="0.029" />
  <testcase classname="ptolemy.util.test.junit.AutoTests" name="[95] /home/travis/build/icyphy/ptII/ptolemy/domains/continuous/test/auto/ModalTransitionGuardWithResetUsingPreemptiveTransition2.xml (RunModel)" time="0.024" />
  <testcase classname="ptolemy.util.test.junit.AutoTests" name="[96] /home/travis/build/icyphy/ptII/ptolemy/domains/continuous/test/auto/ModalTransitionGuardWithResetUsingPreemptiveTransition3.xml (RunModel)" time="0.029" />
  <testcase classname="ptolemy.util.test.junit.AutoTests" name="[97] /home/travis/build/icyphy/ptII/ptolemy/domains/continuous/test/auto/NewtonsCradle.xml (RunModel)" time="0.825" />
  <testcase classname="ptolemy.util.test.junit.AutoTests" name="[98] /home/travis/build/icyphy/ptII/ptolemy/domains/continuous/test/auto/NewtonsCradleAnimated.xml (RunModel)" time="1.409" />
  <testcase classname="ptolemy.util.test.junit.AutoTests" name="[99] /home/travis/build/icyphy/ptII/ptolemy/domains/continuous/test/auto/NewtonsCradleComplicated.xml (RunModel)" time="1.048" />
  <testcase classname="ptolemy.util.test.junit.AutoTests" name="[100] /home/travis/build/icyphy/ptII/ptolemy/domains/continuous/test/auto/NewtonsCradleNondeterministic.xml (RunModel)" time="0.734" />
  <testcase classname="ptolemy.util.test.junit.AutoTests" name="[101] /home/travis/build/icyphy/ptII/ptolemy/domains/continuous/test/auto/NewtonsCradlePerfectlyInelastic1.xml (RunModel)" time="1.24" />
  <testcase classname="ptolemy.util.test.junit.AutoTests" name="[102] /home/travis/build/icyphy/ptII/ptolemy/domains/continuous/test/auto/Noise.xml (RunModel)" time="0.207" />
  <testcase classname="ptolemy.util.test.junit.AutoTests" name="[103] /home/travis/build/icyphy/ptII/ptolemy/domains/continuous/test/auto/NoiseSpectrum.xml (RunModel)" time="0.857" />
  <testcase classname="ptolemy.util.test.junit.AutoTests" name="[104] /home/travis/build/icyphy/ptII/ptolemy/domains/continuous/test/auto/ParameterizedNewtonsCradleAnimated.xml (RunModel)" time="0.356" />
  <testcase classname="ptolemy.util.test.junit.AutoTests" name="[105] /home/travis/build/icyphy/ptII/ptolemy/domains/continuous/test/auto/ParameterizedNewtonsCradleAnimatedNondeterministic.xml (RunModel)" time="1.165" />
  <testcase classname="ptolemy.util.test.junit.AutoTests" name="[106] /home/travis/build/icyphy/ptII/ptolemy/domains/continuous/test/auto/Pendulum3D.xml (RunModel)" time="0.165" />
  <testcase classname="ptolemy.util.test.junit.AutoTests" name="[107] /home/travis/build/icyphy/ptII/ptolemy/domains/continuous/test/auto/PeriodicSampler.xml (RunModel)" time="0.011" />
  <testcase classname="ptolemy.util.test.junit.AutoTests" name="[108] /home/travis/build/icyphy/ptII/ptolemy/domains/continuous/test/auto/PeriodicSampler1.xml (RunModel)" time="0.039" />
  <testcase classname="ptolemy.util.test.junit.AutoTests" name="[109] /home/travis/build/icyphy/ptII/ptolemy/domains/continuous/test/auto/PeriodicSampler2.xml (RunModel)" time="0.072" />
  <testcase classname="ptolemy.util.test.junit.AutoTests" name="[110] /home/travis/build/icyphy/ptII/ptolemy/domains/continuous/test/auto/Poisson.xml (RunModel)" time="0.459" />
  <testcase classname="ptolemy.util.test.junit.AutoTests" name="[111] /home/travis/build/icyphy/ptII/ptolemy/domains/continuous/test/auto/PoissonClock.xml (RunModel)" time="0.028" />
  <testcase classname="ptolemy.util.test.junit.AutoTests" name="[112] /home/travis/build/icyphy/ptII/ptolemy/domains/continuous/test/auto/PoissonClock2.xml (RunModel)" time="0.018" />
  <testcase classname="ptolemy.util.test.junit.AutoTests" name="[113] /home/travis/build/icyphy/ptII/ptolemy/domains/continuous/test/auto/PortParameterHierarchy.xml (RunModel)" time="0.03" />
  <testcase classname="ptolemy.util.test.junit.AutoTests" name="[114] /home/travis/build/icyphy/ptII/ptolemy/domains/continuous/test/auto/RandomHybridPlant.xml (RunModel)" time="0.569" />
  <testcase classname="ptolemy.util.test.junit.AutoTests" name="[115] /home/travis/build/icyphy/ptII/ptolemy/domains/continuous/test/auto/ResetTransitionWithStartTime1.xml (RunModel)" time="0.033" />
  <testcase classname="ptolemy.util.test.junit.AutoTests" name="[116] /home/travis/build/icyphy/ptII/ptolemy/domains/continuous/test/auto/ResetTransitionWithStartTime2.xml (RunModel)" time="0.042" />
  <testcase classname="ptolemy.util.test.junit.AutoTests" name="[117] /home/travis/build/icyphy/ptII/ptolemy/domains/continuous/test/auto/ResetTransitionWithStartTime3.xml (RunModel)" time="0.035" />
  <testcase classname="ptolemy.util.test.junit.AutoTests" name="[118] /home/travis/build/icyphy/ptII/ptolemy/domains/continuous/test/auto/ResetTransitionWithStartTime4.xml (RunModel)" time="0.027" />
  <testcase classname="ptolemy.util.test.junit.AutoTests" name="[119] /home/travis/build/icyphy/ptII/ptolemy/domains/continuous/test/auto/ResetTransitionWithStartTime5.xml (RunModel)" time="0.036" />
  <testcase classname="ptolemy.util.test.junit.AutoTests" name="[120] /home/travis/build/icyphy/ptII/ptolemy/domains/continuous/test/auto/ResetTransitionWithStartTime6.xml (RunModel)" time="0.033" />
  <testcase classname="ptolemy.util.test.junit.AutoTests" name="[121] /home/travis/build/icyphy/ptII/ptolemy/domains/continuous/test/auto/SRinContinuous.xml (RunModel)" time="0.024" />
  <testcase classname="ptolemy.util.test.junit.AutoTests" name="[122] /home/travis/build/icyphy/ptII/ptolemy/domains/continuous/test/auto/SampledClocks.xml (RunModel)" time="0.029" />
  <testcase classname="ptolemy.util.test.junit.AutoTests" name="[123] /home/travis/build/icyphy/ptII/ptolemy/domains/continuous/test/auto/Satellite.xml (RunModel)" time="0.766" />
  <testcase classname="ptolemy.util.test.junit.AutoTests" name="[124] /home/travis/build/icyphy/ptII/ptolemy/domains/continuous/test/auto/SigmaDelta.xml (RunModel)" time="2.52" />
  <testcase classname="ptolemy.util.test.junit.AutoTests" name="[125] /home/travis/build/icyphy/ptII/ptolemy/domains/continuous/test/auto/SingleRefinement.xml (RunModel)" time="0.433" />
  <testcase classname="ptolemy.util.test.junit.AutoTests" name="[126] /home/travis/build/icyphy/ptII/ptolemy/domains/continuous/test/auto/SinuBouncingBall.xml (RunModel)" time="0.873" />
  <testcase classname="ptolemy.util.test.junit.AutoTests" name="[127] /home/travis/build/icyphy/ptII/ptolemy/domains/continuous/test/auto/Sinusoid.xml (RunModel)" time="0.02" />
  <testcase classname="ptolemy.util.test.junit.AutoTests" name="[128] /home/travis/build/icyphy/ptII/ptolemy/domains/continuous/test/auto/SinusoidInNoise.xml (RunModel)" time="1.035" />
  <testcase classname="ptolemy.util.test.junit.AutoTests" name="[129] /home/travis/build/icyphy/ptII/ptolemy/domains/continuous/test/auto/SinusoidRK45.xml (RunModel)" time="0.016" />
  <testcase classname="ptolemy.util.test.junit.AutoTests" name="[130] /home/travis/build/icyphy/ptII/ptolemy/domains/continuous/test/auto/SinusoidWithMultipleImpulses.xml (RunModel)" time="0.012" />
  <testcase classname="ptolemy.util.test.junit.AutoTests" name="[131] /home/travis/build/icyphy/ptII/ptolemy/domains/continuous/test/auto/SquareWave.xml (RunModel)" time="0.208" />
  <testcase classname="ptolemy.util.test.junit.AutoTests" name="[132] /home/travis/build/icyphy/ptII/ptolemy/domains/continuous/test/auto/Starmac.xml (RunModel)" time="3.501" />
  <testcase classname="ptolemy.util.test.junit.AutoTests" name="[133] /home/travis/build/icyphy/ptII/ptolemy/domains/continuous/test/auto/StaticUnits.xml (RunModel)" time="2.772" />
  <testcase classname="ptolemy.util.test.junit.AutoTests" name="[134] /home/travis/build/icyphy/ptII/ptolemy/domains/continuous/test/auto/StickyMasses.xml (RunModel)" time="0.163" />
  <testcase classname="ptolemy.util.test.junit.AutoTests" name="[135] /home/travis/build/icyphy/ptII/ptolemy/domains/continuous/test/auto/StopTime.xml (RunModel)" time="0.074" />
  <testcase classname="ptolemy.util.test.junit.AutoTests" name="[136] /home/travis/build/icyphy/ptII/ptolemy/domains/continuous/test/auto/StopTime2.xml (RunModel)" time="0.055" />
  <testcase classname="ptolemy.util.test.junit.AutoTests" name="[137] /home/travis/build/icyphy/ptII/ptolemy/domains/continuous/test/auto/Switch.xml (RunModel)" time="0.062" />
  <testcase classname="ptolemy.util.test.junit.AutoTests" name="[138] /home/travis/build/icyphy/ptII/ptolemy/domains/continuous/test/auto/Thermostat.xml (RunModel)" time="0.209" />
  <testcase classname="ptolemy.util.test.junit.AutoTests" name="[139] /home/travis/build/icyphy/ptII/ptolemy/domains/continuous/test/auto/TimeDelay.xml (RunModel)" time="0.013" />
  <testcase classname="ptolemy.util.test.junit.AutoTests" name="[140] /home/travis/build/icyphy/ptII/ptolemy/domains/continuous/test/auto/TimeDelay2.xml (RunModel)" time="0.023" />
  <testcase classname="ptolemy.util.test.junit.AutoTests" name="[141] /home/travis/build/icyphy/ptII/ptolemy/domains/continuous/test/auto/TimeDelay3.xml (RunModel)" time="0.009" />
  <testcase classname="ptolemy.util.test.junit.AutoTests" name="[142] /home/travis/build/icyphy/ptII/ptolemy/domains/continuous/test/auto/TransferAbsentToInside.xml (RunModel)" time="0.101" />
  <testcase classname="ptolemy.util.test.junit.AutoTests" name="[143] /home/travis/build/icyphy/ptII/ptolemy/domains/continuous/test/auto/Transmission.xml (RunModel)" time="0.784" />
  <testcase classname="ptolemy.util.test.junit.AutoTests" name="[144] /home/travis/build/icyphy/ptII/ptolemy/domains/continuous/test/auto/TriggeredContinuousClock.xml (RunModel)" time="0.064" />
  <testcase classname="ptolemy.util.test.junit.AutoTests" name="[145] /home/travis/build/icyphy/ptII/ptolemy/domains/continuous/test/auto/TwoMachineInfiniteBusControl.xml (RunModel)" time="2.783" />
  <testcase classname="ptolemy.util.test.junit.AutoTests" name="[146] /home/travis/build/icyphy/ptII/ptolemy/domains/continuous/test/auto/V2V.xml (RunModel)" time="0.903" />
  <testcase classname="ptolemy.util.test.junit.AutoTests" name="[147] /home/travis/build/icyphy/ptII/ptolemy/domains/continuous/test/auto/hierarchicalModalModel.xml (RunModel)" time="0.03" />
  <testcase classname="ptolemy.util.test.junit.AutoTests" name="[148] /home/travis/build/icyphy/ptII/ptolemy/domains/continuous/test/auto/hierarchicalModalModel1.xml (RunModel)" time="0.029" />
  <testcase classname="ptolemy.util.test.junit.AutoTests" name="[149] /home/travis/build/icyphy/ptII/ptolemy/domains/continuous/test/auto/hierarchicalModalModel2.xml (RunModel)" time="0.034" />
  <testcase classname="ptolemy.util.test.junit.AutoTests" name="[150] /home/travis/build/icyphy/ptII/ptolemy/domains/continuous/test/auto/hierarchicalModalModel3.xml (RunModel)" time="0.02" />
  <testcase classname="ptolemy.util.test.junit.AutoTests" name="[151] /home/travis/build/icyphy/ptII/ptolemy/domains/continuous/test/auto/hierarchicalModalModel4.xml (RunModel)" time="0.023" />
  <testcase classname="ptolemy.util.test.junit.AutoTests" name="[152] /home/travis/build/icyphy/ptII/ptolemy/domains/continuous/test/auto/junk.xml (RunModel)" time="0.152" />
  <system-out><![CDATA[No tcl tests in /home/travis/build/icyphy/ptII/ptolemy/domains/continuous/test
No auto/knownFailedTests/*.xml tests in /home/travis/build/icyphy/ptII/ptolemy/domains/continuous/test
No auto/linux-amd64/*.xml tests in /home/travis/build/icyphy/ptII/ptolemy/domains/continuous/test
AutoTests.java: About to close Vertx.
AutoTests.java: Vertx closed.

===========================================================================================
----------------- testing Mon Dec 09 18:21:01 UTC 2019 /home/travis/build/icyphy/ptII/ptolemy/domains/continuous/test/auto/BouncingBall.xml
----------------- Instantiating /home/travis/build/icyphy/ptII/ptolemy/domains/continuous/test/auto/BouncingBall.xml
2409 ms. Memory: 145408K Free: 75507K (52%)
----------------- Invoking toplevel() on ptolemy.moml.MoMLSimpleApplication@23def2ec
----------------- Done invoking toplevel() on ptolemy.moml.MoMLSimpleApplication@23def2ec
reloadAllAccessors: .BouncingBall

===========================================================================================
----------------- testing Mon Dec 09 18:21:04 UTC 2019 /home/travis/build/icyphy/ptII/ptolemy/domains/continuous/test/auto/BouncingBallWithoutGR.xml
----------------- Instantiating /home/travis/build/icyphy/ptII/ptolemy/domains/continuous/test/auto/BouncingBallWithoutGR.xml
824 ms. Memory: 145408K Free: 62688K (43%)
----------------- Invoking toplevel() on ptolemy.moml.MoMLSimpleApplication@5da0b63
----------------- Done invoking toplevel() on ptolemy.moml.MoMLSimpleApplication@5da0b63
reloadAllAccessors: .BouncingBallWithoutGR

===========================================================================================
----------------- testing Mon Dec 09 18:21:05 UTC 2019 /home/travis/build/icyphy/ptII/ptolemy/domains/continuous/test/auto/Brownian.xml
----------------- Instantiating /home/travis/build/icyphy/ptII/ptolemy/domains/continuous/test/auto/Brownian.xml
34 ms. Memory: 145408K Free: 53472K (37%)
----------------- Invoking toplevel() on ptolemy.moml.MoMLSimpleApplication@307a6659
----------------- Done invoking toplevel() on ptolemy.moml.MoMLSimpleApplication@307a6659
reloadAllAccessors: .Brownian

===========================================================================================
----------------- testing Mon Dec 09 18:21:05 UTC 2019 /home/travis/build/icyphy/ptII/ptolemy/domains/continuous/test/auto/CarTracking.xml
----------------- Instantiating /home/travis/build/icyphy/ptII/ptolemy/domains/continuous/test/auto/CarTracking.xml
3672 ms. Memory: 210944K Free: 136980K (65%)
----------------- Invoking toplevel() on ptolemy.moml.MoMLSimpleApplication@5eb09f49
----------------- Done invoking toplevel() on ptolemy.moml.MoMLSimpleApplication@5eb09f49
reloadAllAccessors: .CarTracking

===========================================================================================
----------------- testing Mon Dec 09 18:21:09 UTC 2019 /home/travis/build/icyphy/ptII/ptolemy/domains/continuous/test/auto/CartPendulum.xml
----------------- Instantiating /home/travis/build/icyphy/ptII/ptolemy/domains/continuous/test/auto/CartPendulum.xml
373 ms. Memory: 210944K Free: 165893K (79%)
----------------- Invoking toplevel() on ptolemy.moml.MoMLSimpleApplication@82e8745
----------------- Done invoking toplevel() on ptolemy.moml.MoMLSimpleApplication@82e8745
reloadAllAccessors: .CartPendulum

===========================================================================================
----------------- testing Mon Dec 09 18:21:10 UTC 2019 /home/travis/build/icyphy/ptII/ptolemy/domains/continuous/test/auto/CausalityInterface10.xml
----------------- Instantiating /home/travis/build/icyphy/ptII/ptolemy/domains/continuous/test/auto/CausalityInterface10.xml
9 ms. Memory: 210944K Free: 155139K (74%)
----------------- Invoking toplevel() on ptolemy.moml.MoMLSimpleApplication@f503491
----------------- Done invoking toplevel() on ptolemy.moml.MoMLSimpleApplication@f503491
reloadAllAccessors: .CausalityInterface10

===========================================================================================
----------------- testing Mon Dec 09 18:21:10 UTC 2019 /home/travis/build/icyphy/ptII/ptolemy/domains/continuous/test/auto/CausalityInterface11.xml
----------------- Instantiating /home/travis/build/icyphy/ptII/ptolemy/domains/continuous/test/auto/CausalityInterface11.xml
4 ms. Memory: 210944K Free: 148981K (71%)
----------------- Invoking toplevel() on ptolemy.moml.MoMLSimpleApplication@1d344433
----------------- Done invoking toplevel() on ptolemy.moml.MoMLSimpleApplication@1d344433
reloadAllAccessors: .CausalityInterface11

===========================================================================================
----------------- testing Mon Dec 09 18:21:10 UTC 2019 /home/travis/build/icyphy/ptII/ptolemy/domains/continuous/test/auto/CausalityInterface12.xml
----------------- Instantiating /home/travis/build/icyphy/ptII/ptolemy/domains/continuous/test/auto/CausalityInterface12.xml
4 ms. Memory: 210944K Free: 142851K (68%)
----------------- Invoking toplevel() on ptolemy.moml.MoMLSimpleApplication@21def57e
----------------- Done invoking toplevel() on ptolemy.moml.MoMLSimpleApplication@21def57e
reloadAllAccessors: .CausalityInterface12

===========================================================================================
----------------- testing Mon Dec 09 18:21:10 UTC 2019 /home/travis/build/icyphy/ptII/ptolemy/domains/continuous/test/auto/CausalityInterface13.xml
----------------- Instantiating /home/travis/build/icyphy/ptII/ptolemy/domains/continuous/test/auto/CausalityInterface13.xml
4 ms. Memory: 210944K Free: 136707K (65%)
----------------- Invoking toplevel() on ptolemy.moml.MoMLSimpleApplication@c476acc
----------------- Done invoking toplevel() on ptolemy.moml.MoMLSimpleApplication@c476acc
reloadAllAccessors: .CausalityInterface13

===========================================================================================
----------------- testing Mon Dec 09 18:21:10 UTC 2019 /home/travis/build/icyphy/ptII/ptolemy/domains/continuous/test/auto/CausalityInterface14.xml
----------------- Instantiating /home/travis/build/icyphy/ptII/ptolemy/domains/continuous/test/auto/CausalityInterface14.xml
5 ms. Memory: 210944K Free: 131077K (62%)
----------------- Invoking toplevel() on ptolemy.moml.MoMLSimpleApplication@6e2c528f
----------------- Done invoking toplevel() on ptolemy.moml.MoMLSimpleApplication@6e2c528f
reloadAllAccessors: .CausalityInterface14

===========================================================================================
----------------- testing Mon Dec 09 18:21:10 UTC 2019 /home/travis/build/icyphy/ptII/ptolemy/domains/continuous/test/auto/CausalityInterface4.xml
----------------- Instantiating /home/travis/build/icyphy/ptII/ptolemy/domains/continuous/test/auto/CausalityInterface4.xml
5 ms. Memory: 210944K Free: 124405K (59%)
----------------- Invoking toplevel() on ptolemy.moml.MoMLSimpleApplication@3305265b
----------------- Done invoking toplevel() on ptolemy.moml.MoMLSimpleApplication@3305265b
reloadAllAccessors: .CausalityInterface4

===========================================================================================
----------------- testing Mon Dec 09 18:21:10 UTC 2019 /home/travis/build/icyphy/ptII/ptolemy/domains/continuous/test/auto/CausalityInterface5.xml
----------------- Instantiating /home/travis/build/icyphy/ptII/ptolemy/domains/continuous/test/auto/CausalityInterface5.xml
8 ms. Memory: 210944K Free: 116227K (55%)
----------------- Invoking toplevel() on ptolemy.moml.MoMLSimpleApplication@18d6aa0b
----------------- Done invoking toplevel() on ptolemy.moml.MoMLSimpleApplication@18d6aa0b
reloadAllAccessors: .CausalityInterface5

===========================================================================================
----------------- testing Mon Dec 09 18:21:10 UTC 2019 /home/travis/build/icyphy/ptII/ptolemy/domains/continuous/test/auto/CausalityInterface6.xml
----------------- Instantiating /home/travis/build/icyphy/ptII/ptolemy/domains/continuous/test/auto/CausalityInterface6.xml
4 ms. Memory: 210944K Free: 111107K (53%)
----------------- Invoking toplevel() on ptolemy.moml.MoMLSimpleApplication@140a6d2a
----------------- Done invoking toplevel() on ptolemy.moml.MoMLSimpleApplication@140a6d2a
reloadAllAccessors: .CausalityInterface6

===========================================================================================
----------------- testing Mon Dec 09 18:21:10 UTC 2019 /home/travis/build/icyphy/ptII/ptolemy/domains/continuous/test/auto/CausalityInterface7.xml
----------------- Instantiating /home/travis/build/icyphy/ptII/ptolemy/domains/continuous/test/auto/CausalityInterface7.xml
11 ms. Memory: 210944K Free: 102405K (49%)
----------------- Invoking toplevel() on ptolemy.moml.MoMLSimpleApplication@512f4ddd
----------------- Done invoking toplevel() on ptolemy.moml.MoMLSimpleApplication@512f4ddd
reloadAllAccessors: .CausalityInterface7

===========================================================================================
----------------- testing Mon Dec 09 18:21:10 UTC 2019 /home/travis/build/icyphy/ptII/ptolemy/domains/continuous/test/auto/CausalityInterface8.xml
----------------- Instantiating /home/travis/build/icyphy/ptII/ptolemy/domains/continuous/test/auto/CausalityInterface8.xml
4 ms. Memory: 210944K Free: 93189K (44%)
----------------- Invoking toplevel() on ptolemy.moml.MoMLSimpleApplication@6a269c5e
----------------- Done invoking toplevel() on ptolemy.moml.MoMLSimpleApplication@6a269c5e
reloadAllAccessors: .CausalityInterface8

===========================================================================================
----------------- testing Mon Dec 09 18:21:10 UTC 2019 /home/travis/build/icyphy/ptII/ptolemy/domains/continuous/test/auto/CausalityInterface9.xml
----------------- Instantiating /home/travis/build/icyphy/ptII/ptolemy/domains/continuous/test/auto/CausalityInterface9.xml
12 ms. Memory: 210944K Free: 82435K (39%)
----------------- Invoking toplevel() on ptolemy.moml.MoMLSimpleApplication@3f327291
----------------- Done invoking toplevel() on ptolemy.moml.MoMLSimpleApplication@3f327291
reloadAllAccessors: .CausalityInterface9

===========================================================================================
----------------- testing Mon Dec 09 18:21:10 UTC 2019 /home/travis/build/icyphy/ptII/ptolemy/domains/continuous/test/auto/CausalityInterfaceFeedback1.xml
----------------- Instantiating /home/travis/build/icyphy/ptII/ptolemy/domains/continuous/test/auto/CausalityInterfaceFeedback1.xml
6 ms. Memory: 210944K Free: 75781K (36%)
----------------- Invoking toplevel() on ptolemy.moml.MoMLSimpleApplication@4376f390
----------------- Done invoking toplevel() on ptolemy.moml.MoMLSimpleApplication@4376f390
reloadAllAccessors: .CausalityInterfaceFeedback1

===========================================================================================
----------------- testing Mon Dec 09 18:21:10 UTC 2019 /home/travis/build/icyphy/ptII/ptolemy/domains/continuous/test/auto/CausalityInterfaceFeedback2.xml
----------------- Instantiating /home/travis/build/icyphy/ptII/ptolemy/domains/continuous/test/auto/CausalityInterfaceFeedback2.xml
4 ms. Memory: 210944K Free: 193459K (92%)
----------------- Invoking toplevel() on ptolemy.moml.MoMLSimpleApplication@3d2db92a
----------------- Done invoking toplevel() on ptolemy.moml.MoMLSimpleApplication@3d2db92a
reloadAllAccessors: .CausalityInterfaceFeedback2

===========================================================================================
----------------- testing Mon Dec 09 18:21:10 UTC 2019 /home/travis/build/icyphy/ptII/ptolemy/domains/continuous/test/auto/CompareWithCurrentTime.xml
----------------- Instantiating /home/travis/build/icyphy/ptII/ptolemy/domains/continuous/test/auto/CompareWithCurrentTime.xml
3 ms. Memory: 210944K Free: 189377K (90%)
----------------- Invoking toplevel() on ptolemy.moml.MoMLSimpleApplication@12d0047e
----------------- Done invoking toplevel() on ptolemy.moml.MoMLSimpleApplication@12d0047e
reloadAllAccessors: .CompareWithCurrentTime

===========================================================================================
----------------- testing Mon Dec 09 18:21:10 UTC 2019 /home/travis/build/icyphy/ptII/ptolemy/domains/continuous/test/auto/ComparedClocks.xml
----------------- Instantiating /home/travis/build/icyphy/ptII/ptolemy/domains/continuous/test/auto/ComparedClocks.xml
8 ms. Memory: 210944K Free: 174003K (82%)
----------------- Invoking toplevel() on ptolemy.moml.MoMLSimpleApplication@12825345
----------------- Done invoking toplevel() on ptolemy.moml.MoMLSimpleApplication@12825345
reloadAllAccessors: .ComparedClocks

===========================================================================================
----------------- testing Mon Dec 09 18:21:10 UTC 2019 /home/travis/build/icyphy/ptII/ptolemy/domains/continuous/test/auto/ContinuousAOCClone.xml
----------------- Instantiating /home/travis/build/icyphy/ptII/ptolemy/domains/continuous/test/auto/ContinuousAOCClone.xml
2619 ms. Memory: 253952K Free: 164971K (65%)
----------------- Invoking toplevel() on ptolemy.moml.MoMLSimpleApplication@67a6ed15
----------------- Done invoking toplevel() on ptolemy.moml.MoMLSimpleApplication@67a6ed15
reloadAllAccessors: .ContinuousAOCClone

===========================================================================================
----------------- testing Mon Dec 09 18:21:13 UTC 2019 /home/travis/build/icyphy/ptII/ptolemy/domains/continuous/test/auto/ContinuousClock.xml
----------------- Instantiating /home/travis/build/icyphy/ptII/ptolemy/domains/continuous/test/auto/ContinuousClock.xml
33 ms. Memory: 253952K Free: 143467K (56%)
----------------- Invoking toplevel() on ptolemy.moml.MoMLSimpleApplication@3a626a99
----------------- Done invoking toplevel() on ptolemy.moml.MoMLSimpleApplication@3a626a99
reloadAllAccessors: .ContinuousClock

===========================================================================================
----------------- testing Mon Dec 09 18:21:13 UTC 2019 /home/travis/build/icyphy/ptII/ptolemy/domains/continuous/test/auto/ContinuousInContinuous.xml
----------------- Instantiating /home/travis/build/icyphy/ptII/ptolemy/domains/continuous/test/auto/ContinuousInContinuous.xml
41 ms. Memory: 253952K Free: 119915K (47%)
----------------- Invoking toplevel() on ptolemy.moml.MoMLSimpleApplication@719b25b4
----------------- Done invoking toplevel() on ptolemy.moml.MoMLSimpleApplication@719b25b4
reloadAllAccessors: .ContinuousInContinuous

===========================================================================================
----------------- testing Mon Dec 09 18:21:13 UTC 2019 /home/travis/build/icyphy/ptII/ptolemy/domains/continuous/test/auto/ContinuousInContinuousInContinuous.xml
----------------- Instantiating /home/travis/build/icyphy/ptII/ptolemy/domains/continuous/test/auto/ContinuousInContinuousInContinuous.xml
5 ms. Memory: 253952K Free: 112233K (44%)
----------------- Invoking toplevel() on ptolemy.moml.MoMLSimpleApplication@8781e68
----------------- Done invoking toplevel() on ptolemy.moml.MoMLSimpleApplication@8781e68
reloadAllAccessors: .ContinuousInContinuousInContinuous

===========================================================================================
----------------- testing Mon Dec 09 18:21:13 UTC 2019 /home/travis/build/icyphy/ptII/ptolemy/domains/continuous/test/auto/ContinuousInDE.xml
----------------- Instantiating /home/travis/build/icyphy/ptII/ptolemy/domains/continuous/test/auto/ContinuousInDE.xml
90 ms. Memory: 253952K Free: 101993K (40%)
----------------- Invoking toplevel() on ptolemy.moml.MoMLSimpleApplication@c360a7a
----------------- Done invoking toplevel() on ptolemy.moml.MoMLSimpleApplication@c360a7a
reloadAllAccessors: .ContinuousInDE

===========================================================================================
----------------- testing Mon Dec 09 18:21:13 UTC 2019 /home/travis/build/icyphy/ptII/ptolemy/domains/continuous/test/auto/ContinuousInDE2.xml
----------------- Instantiating /home/travis/build/icyphy/ptII/ptolemy/domains/continuous/test/auto/ContinuousInDE2.xml
39 ms. Memory: 253952K Free: 92267K (36%)
----------------- Invoking toplevel() on ptolemy.moml.MoMLSimpleApplication@4089df46
----------------- Done invoking toplevel() on ptolemy.moml.MoMLSimpleApplication@4089df46
reloadAllAccessors: .ContinuousInDE2

===========================================================================================
----------------- testing Mon Dec 09 18:21:13 UTC 2019 /home/travis/build/icyphy/ptII/ptolemy/domains/continuous/test/auto/ContinuousInDE3.xml
----------------- Instantiating /home/travis/build/icyphy/ptII/ptolemy/domains/continuous/test/auto/ContinuousInDE3.xml
40 ms. Memory: 253952K Free: 233065K (92%)
----------------- Invoking toplevel() on ptolemy.moml.MoMLSimpleApplication@176ef084
----------------- Done invoking toplevel() on ptolemy.moml.MoMLSimpleApplication@176ef084
reloadAllAccessors: .ContinuousInDE3

===========================================================================================
----------------- testing Mon Dec 09 18:21:13 UTC 2019 /home/travis/build/icyphy/ptII/ptolemy/domains/continuous/test/auto/ContinuousInDE4.xml
----------------- Instantiating /home/travis/build/icyphy/ptII/ptolemy/domains/continuous/test/auto/ContinuousInDE4.xml
13 ms. Memory: 253952K Free: 226921K (89%)
----------------- Invoking toplevel() on ptolemy.moml.MoMLSimpleApplication@1ace10d1
----------------- Done invoking toplevel() on ptolemy.moml.MoMLSimpleApplication@1ace10d1
reloadAllAccessors: .ContinuousInDE4

===========================================================================================
----------------- testing Mon Dec 09 18:21:13 UTC 2019 /home/travis/build/icyphy/ptII/ptolemy/domains/continuous/test/auto/ContinuousInDEDifferentRefinements.xml
----------------- Instantiating /home/travis/build/icyphy/ptII/ptolemy/domains/continuous/test/auto/ContinuousInDEDifferentRefinements.xml
59 ms. Memory: 253952K Free: 195691K (77%)
----------------- Invoking toplevel() on ptolemy.moml.MoMLSimpleApplication@5a19695a
----------------- Done invoking toplevel() on ptolemy.moml.MoMLSimpleApplication@5a19695a
reloadAllAccessors: .ContinuousInDEDifferentRefinements

===========================================================================================
----------------- testing Mon Dec 09 18:21:14 UTC 2019 /home/travis/build/icyphy/ptII/ptolemy/domains/continuous/test/auto/ContinuousInDEDifferentRefinementsPreemptive.xml
----------------- Instantiating /home/travis/build/icyphy/ptII/ptolemy/domains/continuous/test/auto/ContinuousInDEDifferentRefinementsPreemptive.xml
45 ms. Memory: 253952K Free: 164971K (65%)
----------------- Invoking toplevel() on ptolemy.moml.MoMLSimpleApplication@1449997d
----------------- Done invoking toplevel() on ptolemy.moml.MoMLSimpleApplication@1449997d
reloadAllAccessors: .ContinuousInDEDifferentRefinementsPreemptive

===========================================================================================
----------------- testing Mon Dec 09 18:21:14 UTC 2019 /home/travis/build/icyphy/ptII/ptolemy/domains/continuous/test/auto/ContinuousInDEInContinuous2.xml
----------------- Instantiating /home/travis/build/icyphy/ptII/ptolemy/domains/continuous/test/auto/ContinuousInDEInContinuous2.xml
39 ms. Memory: 253952K Free: 153707K (61%)
----------------- Invoking toplevel() on ptolemy.moml.MoMLSimpleApplication@4a5707c7
----------------- Done invoking toplevel() on ptolemy.moml.MoMLSimpleApplication@4a5707c7
reloadAllAccessors: .ContinuousInDEInContinuous2

===========================================================================================
----------------- testing Mon Dec 09 18:21:14 UTC 2019 /home/travis/build/icyphy/ptII/ptolemy/domains/continuous/test/auto/ContinuousInDEInContinuous3.xml
----------------- Instantiating /home/travis/build/icyphy/ptII/ptolemy/domains/continuous/test/auto/ContinuousInDEInContinuous3.xml
36 ms. Memory: 253952K Free: 141419K (56%)
----------------- Invoking toplevel() on ptolemy.moml.MoMLSimpleApplication@673ccc97
----------------- Done invoking toplevel() on ptolemy.moml.MoMLSimpleApplication@673ccc97
reloadAllAccessors: .ContinuousInDEInContinuous3

===========================================================================================
----------------- testing Mon Dec 09 18:21:14 UTC 2019 /home/travis/build/icyphy/ptII/ptolemy/domains/continuous/test/auto/ContinuousInDEInput.xml
----------------- Instantiating /home/travis/build/icyphy/ptII/ptolemy/domains/continuous/test/auto/ContinuousInDEInput.xml
18 ms. Memory: 253952K Free: 134251K (53%)
----------------- Invoking toplevel() on ptolemy.moml.MoMLSimpleApplication@5a95c5c5
----------------- Done invoking toplevel() on ptolemy.moml.MoMLSimpleApplication@5a95c5c5
reloadAllAccessors: .ContinuousInDEInput

===========================================================================================
----------------- testing Mon Dec 09 18:21:14 UTC 2019 /home/travis/build/icyphy/ptII/ptolemy/domains/continuous/test/auto/ContinuousInDEInput2.xml
----------------- Instantiating /home/travis/build/icyphy/ptII/ptolemy/domains/continuous/test/auto/ContinuousInDEInput2.xml
15 ms. Memory: 253952K Free: 127083K (50%)
----------------- Invoking toplevel() on ptolemy.moml.MoMLSimpleApplication@65f19f87
----------------- Done invoking toplevel() on ptolemy.moml.MoMLSimpleApplication@65f19f87
reloadAllAccessors: .ContinuousInDEInput2

===========================================================================================
----------------- testing Mon Dec 09 18:21:14 UTC 2019 /home/travis/build/icyphy/ptII/ptolemy/domains/continuous/test/auto/ContinuousInDEInput3.xml
----------------- Instantiating /home/travis/build/icyphy/ptII/ptolemy/domains/continuous/test/auto/ContinuousInDEInput3.xml
16 ms. Memory: 253952K Free: 119915K (47%)
----------------- Invoking toplevel() on ptolemy.moml.MoMLSimpleApplication@7c69c0bf
----------------- Done invoking toplevel() on ptolemy.moml.MoMLSimpleApplication@7c69c0bf
reloadAllAccessors: .ContinuousInDEInput3

===========================================================================================
----------------- testing Mon Dec 09 18:21:14 UTC 2019 /home/travis/build/icyphy/ptII/ptolemy/domains/continuous/test/auto/ContinuousInDESharingRefinement.xml
----------------- Instantiating /home/travis/build/icyphy/ptII/ptolemy/domains/continuous/test/auto/ContinuousInDESharingRefinement.xml
153 ms. Memory: 253952K Free: 175846K (69%)
----------------- Invoking toplevel() on ptolemy.moml.MoMLSimpleApplication@c527356
----------------- Done invoking toplevel() on ptolemy.moml.MoMLSimpleApplication@c527356
reloadAllAccessors: .ContinuousInDESharingRefinement

===========================================================================================
----------------- testing Mon Dec 09 18:21:14 UTC 2019 /home/travis/build/icyphy/ptII/ptolemy/domains/continuous/test/auto/ContinuousInDEwithNoPorts.xml
----------------- Instantiating /home/travis/build/icyphy/ptII/ptolemy/domains/continuous/test/auto/ContinuousInDEwithNoPorts.xml
4 ms. Memory: 253952K Free: 171233K (67%)
----------------- Invoking toplevel() on ptolemy.moml.MoMLSimpleApplication@51cbbfe8
----------------- Done invoking toplevel() on ptolemy.moml.MoMLSimpleApplication@51cbbfe8
reloadAllAccessors: .ContinuousInDEwithNoPorts

===========================================================================================
----------------- testing Mon Dec 09 18:21:14 UTC 2019 /home/travis/build/icyphy/ptII/ptolemy/domains/continuous/test/auto/ContinuousInsideDE.xml
----------------- Instantiating /home/travis/build/icyphy/ptII/ptolemy/domains/continuous/test/auto/ContinuousInsideDE.xml
41 ms. Memory: 253952K Free: 159969K (63%)
----------------- Invoking toplevel() on ptolemy.moml.MoMLSimpleApplication@7576a160
----------------- Done invoking toplevel() on ptolemy.moml.MoMLSimpleApplication@7576a160
reloadAllAccessors: .ContinuousInsideDE

===========================================================================================
----------------- testing Mon Dec 09 18:21:14 UTC 2019 /home/travis/build/icyphy/ptII/ptolemy/domains/continuous/test/auto/ContinuousMerge1.xml
----------------- Instantiating /home/travis/build/icyphy/ptII/ptolemy/domains/continuous/test/auto/ContinuousMerge1.xml
3 ms. Memory: 253952K Free: 155329K (61%)
----------------- Invoking toplevel() on ptolemy.moml.MoMLSimpleApplication@4e2eb34a
----------------- Done invoking toplevel() on ptolemy.moml.MoMLSimpleApplication@4e2eb34a
reloadAllAccessors: .ContinuousMerge1

===========================================================================================
----------------- testing Mon Dec 09 18:21:14 UTC 2019 /home/travis/build/icyphy/ptII/ptolemy/domains/continuous/test/auto/ContinuousMerge2.xml
----------------- Instantiating /home/travis/build/icyphy/ptII/ptolemy/domains/continuous/test/auto/ContinuousMerge2.xml
15 ms. Memory: 253952K Free: 145119K (57%)
----------------- Invoking toplevel() on ptolemy.moml.MoMLSimpleApplication@6e01475b
----------------- Done invoking toplevel() on ptolemy.moml.MoMLSimpleApplication@6e01475b
reloadAllAccessors: .ContinuousMerge2

===========================================================================================
----------------- testing Mon Dec 09 18:21:14 UTC 2019 /home/travis/build/icyphy/ptII/ptolemy/domains/continuous/test/auto/ContinuousMerge3.xml
----------------- Instantiating /home/travis/build/icyphy/ptII/ptolemy/domains/continuous/test/auto/ContinuousMerge3.xml
48 ms. Memory: 253952K Free: 134369K (53%)
----------------- Invoking toplevel() on ptolemy.moml.MoMLSimpleApplication@7f09bb62
----------------- Done invoking toplevel() on ptolemy.moml.MoMLSimpleApplication@7f09bb62
reloadAllAccessors: .ContinuousMerge3

===========================================================================================
----------------- testing Mon Dec 09 18:21:14 UTC 2019 /home/travis/build/icyphy/ptII/ptolemy/domains/continuous/test/auto/ContinuousWithinContinuous.xml
----------------- Instantiating /home/travis/build/icyphy/ptII/ptolemy/domains/continuous/test/auto/ContinuousWithinContinuous.xml
42 ms. Memory: 253952K Free: 124639K (49%)
----------------- Invoking toplevel() on ptolemy.moml.MoMLSimpleApplication@2a7b3e62
----------------- Done invoking toplevel() on ptolemy.moml.MoMLSimpleApplication@2a7b3e62
reloadAllAccessors: .ContinuousWithinContinuous

===========================================================================================
----------------- testing Mon Dec 09 18:21:14 UTC 2019 /home/travis/build/icyphy/ptII/ptolemy/domains/continuous/test/auto/ContinuousWithinContinuous2.xml
----------------- Instantiating /home/travis/build/icyphy/ptII/ptolemy/domains/continuous/test/auto/ContinuousWithinContinuous2.xml
71 ms. Memory: 253952K Free: 113889K (45%)
----------------- Invoking toplevel() on ptolemy.moml.MoMLSimpleApplication@293ff75b
----------------- Done invoking toplevel() on ptolemy.moml.MoMLSimpleApplication@293ff75b
reloadAllAccessors: .ContinuousWithinContinuous2

===========================================================================================
----------------- testing Mon Dec 09 18:21:14 UTC 2019 /home/travis/build/icyphy/ptII/ptolemy/domains/continuous/test/auto/ContinuousWithinContinuous3.xml
----------------- Instantiating /home/travis/build/icyphy/ptII/ptolemy/domains/continuous/test/auto/ContinuousWithinContinuous3.xml
11 ms. Memory: 253952K Free: 106721K (42%)
----------------- Invoking toplevel() on ptolemy.moml.MoMLSimpleApplication@78ae143b
----------------- Done invoking toplevel() on ptolemy.moml.MoMLSimpleApplication@78ae143b
reloadAllAccessors: .ContinuousWithinContinuous3

===========================================================================================
----------------- testing Mon Dec 09 18:21:15 UTC 2019 /home/travis/build/icyphy/ptII/ptolemy/domains/continuous/test/auto/ContinuousWithinContinuous4.xml
----------------- Instantiating /home/travis/build/icyphy/ptII/ptolemy/domains/continuous/test/auto/ContinuousWithinContinuous4.xml
67 ms. Memory: 253952K Free: 94433K (37%)
----------------- Invoking toplevel() on ptolemy.moml.MoMLSimpleApplication@3071555e
----------------- Done invoking toplevel() on ptolemy.moml.MoMLSimpleApplication@3071555e
reloadAllAccessors: .ContinuousWithinContinuous4

===========================================================================================
----------------- testing Mon Dec 09 18:21:15 UTC 2019 /home/travis/build/icyphy/ptII/ptolemy/domains/continuous/test/auto/ContinuousWithinContinuous5.xml
----------------- Instantiating /home/travis/build/icyphy/ptII/ptolemy/domains/continuous/test/auto/ContinuousWithinContinuous5.xml
17 ms. Memory: 253952K Free: 238028K (94%)
----------------- Invoking toplevel() on ptolemy.moml.MoMLSimpleApplication@78fea79
----------------- Done invoking toplevel() on ptolemy.moml.MoMLSimpleApplication@78fea79
reloadAllAccessors: .ContinuousWithinContinuous5

===========================================================================================
----------------- testing Mon Dec 09 18:21:15 UTC 2019 /home/travis/build/icyphy/ptII/ptolemy/domains/continuous/test/auto/ContinuousWithinContinuous6.xml
----------------- Instantiating /home/travis/build/icyphy/ptII/ptolemy/domains/continuous/test/auto/ContinuousWithinContinuous6.xml
11 ms. Memory: 253952K Free: 230346K (91%)
----------------- Invoking toplevel() on ptolemy.moml.MoMLSimpleApplication@5504efd2
----------------- Done invoking toplevel() on ptolemy.moml.MoMLSimpleApplication@5504efd2
reloadAllAccessors: .ContinuousWithinContinuous6

===========================================================================================
----------------- testing Mon Dec 09 18:21:15 UTC 2019 /home/travis/build/icyphy/ptII/ptolemy/domains/continuous/test/auto/ContinuousWithinContinuous7.xml
----------------- Instantiating /home/travis/build/icyphy/ptII/ptolemy/domains/continuous/test/auto/ContinuousWithinContinuous7.xml
58 ms. Memory: 253952K Free: 219082K (86%)
----------------- Invoking toplevel() on ptolemy.moml.MoMLSimpleApplication@30a48962
----------------- Done invoking toplevel() on ptolemy.moml.MoMLSimpleApplication@30a48962
reloadAllAccessors: .ContinuousWithinContinuous7

===========================================================================================
----------------- testing Mon Dec 09 18:21:15 UTC 2019 /home/travis/build/icyphy/ptII/ptolemy/domains/continuous/test/auto/DCMotor.xml
----------------- Instantiating /home/travis/build/icyphy/ptII/ptolemy/domains/continuous/test/auto/DCMotor.xml
15963 ms. Memory: 253952K Free: 193843K (76%)
----------------- Invoking toplevel() on ptolemy.moml.MoMLSimpleApplication@5ce00005
----------------- Done invoking toplevel() on ptolemy.moml.MoMLSimpleApplication@5ce00005
reloadAllAccessors: .DCMotor

===========================================================================================
----------------- testing Mon Dec 09 18:21:31 UTC 2019 /home/travis/build/icyphy/ptII/ptolemy/domains/continuous/test/auto/DEInContinuous.xml
----------------- Instantiating /home/travis/build/icyphy/ptII/ptolemy/domains/continuous/test/auto/DEInContinuous.xml
21 ms. Memory: 253952K Free: 187713K (74%)
----------------- Invoking toplevel() on ptolemy.moml.MoMLSimpleApplication@21c76cb2
----------------- Done invoking toplevel() on ptolemy.moml.MoMLSimpleApplication@21c76cb2
reloadAllAccessors: .DEInContinuous

===========================================================================================
----------------- testing Mon Dec 09 18:21:31 UTC 2019 /home/travis/build/icyphy/ptII/ptolemy/domains/continuous/test/auto/DEinContinuous2.xml
----------------- Instantiating /home/travis/build/icyphy/ptII/ptolemy/domains/continuous/test/auto/DEinContinuous2.xml
6 ms. Memory: 253952K Free: 180035K (71%)
----------------- Invoking toplevel() on ptolemy.moml.MoMLSimpleApplication@3bc4ce3e
----------------- Done invoking toplevel() on ptolemy.moml.MoMLSimpleApplication@3bc4ce3e
reloadAllAccessors: .DEinContinuous2

===========================================================================================
----------------- testing Mon Dec 09 18:21:31 UTC 2019 /home/travis/build/icyphy/ptII/ptolemy/domains/continuous/test/auto/Derivative.xml
----------------- Instantiating /home/travis/build/icyphy/ptII/ptolemy/domains/continuous/test/auto/Derivative.xml
182 ms. Memory: 253952K Free: 150339K (59%)
----------------- Invoking toplevel() on ptolemy.moml.MoMLSimpleApplication@6707670d
----------------- Done invoking toplevel() on ptolemy.moml.MoMLSimpleApplication@6707670d
reloadAllAccessors: .Derivative2

===========================================================================================
----------------- testing Mon Dec 09 18:21:31 UTC 2019 /home/travis/build/icyphy/ptII/ptolemy/domains/continuous/test/auto/Derivative1.xml
----------------- Instantiating /home/travis/build/icyphy/ptII/ptolemy/domains/continuous/test/auto/Derivative1.xml
30 ms. Memory: 253952K Free: 136003K (54%)
----------------- Invoking toplevel() on ptolemy.moml.MoMLSimpleApplication@57c80560
----------------- Done invoking toplevel() on ptolemy.moml.MoMLSimpleApplication@57c80560
reloadAllAccessors: .Derivative1

===========================================================================================
----------------- testing Mon Dec 09 18:21:31 UTC 2019 /home/travis/build/icyphy/ptII/ptolemy/domains/continuous/test/auto/DiscreteClock.xml
----------------- Instantiating /home/travis/build/icyphy/ptII/ptolemy/domains/continuous/test/auto/DiscreteClock.xml
4 ms. Memory: 253952K Free: 130883K (52%)
----------------- Invoking toplevel() on ptolemy.moml.MoMLSimpleApplication@19f7554a
----------------- Done invoking toplevel() on ptolemy.moml.MoMLSimpleApplication@19f7554a
reloadAllAccessors: .DiscreteClock

===========================================================================================
----------------- testing Mon Dec 09 18:21:31 UTC 2019 /home/travis/build/icyphy/ptII/ptolemy/domains/continuous/test/auto/EfficiencyCurve.xml
----------------- Instantiating /home/travis/build/icyphy/ptII/ptolemy/domains/continuous/test/auto/EfficiencyCurve.xml
62 ms. Memory: 253952K Free: 121667K (48%)
----------------- Invoking toplevel() on ptolemy.moml.MoMLSimpleApplication@6542e48c
----------------- Done invoking toplevel() on ptolemy.moml.MoMLSimpleApplication@6542e48c
reloadAllAccessors: .EfficiencyCurve

===========================================================================================
----------------- testing Mon Dec 09 18:21:31 UTC 2019 /home/travis/build/icyphy/ptII/ptolemy/domains/continuous/test/auto/ExponentialResponse.xml
----------------- Instantiating /home/travis/build/icyphy/ptII/ptolemy/domains/continuous/test/auto/ExponentialResponse.xml
137 ms. Memory: 253952K Free: 105793K (42%)
----------------- Invoking toplevel() on ptolemy.moml.MoMLSimpleApplication@74b4554c
----------------- Done invoking toplevel() on ptolemy.moml.MoMLSimpleApplication@74b4554c
reloadAllAccessors: .ExponentialResponse

===========================================================================================
----------------- testing Mon Dec 09 18:21:31 UTC 2019 /home/travis/build/icyphy/ptII/ptolemy/domains/continuous/test/auto/ExponentialResponseRK45.xml
----------------- Instantiating /home/travis/build/icyphy/ptII/ptolemy/domains/continuous/test/auto/ExponentialResponseRK45.xml
29 ms. Memory: 253952K Free: 99139K (39%)
----------------- Invoking toplevel() on ptolemy.moml.MoMLSimpleApplication@48ccb78d
----------------- Done invoking toplevel() on ptolemy.moml.MoMLSimpleApplication@48ccb78d
reloadAllAccessors: .ExponentialResponseRK45

===========================================================================================
----------------- testing Mon Dec 09 18:21:31 UTC 2019 /home/travis/build/icyphy/ptII/ptolemy/domains/continuous/test/auto/Friction.xml
----------------- Instantiating /home/travis/build/icyphy/ptII/ptolemy/domains/continuous/test/auto/Friction.xml
1696 ms. Memory: 253952K Free: 117444K (46%)
----------------- Invoking toplevel() on ptolemy.moml.MoMLSimpleApplication@4385264
----------------- Done invoking toplevel() on ptolemy.moml.MoMLSimpleApplication@4385264
reloadAllAccessors: .Friction

===========================================================================================
----------------- testing Mon Dec 09 18:21:33 UTC 2019 /home/travis/build/icyphy/ptII/ptolemy/domains/continuous/test/auto/FurutaPendulum.xml
----------------- Instantiating /home/travis/build/icyphy/ptII/ptolemy/domains/continuous/test/auto/FurutaPendulum.xml
3578 ms. Memory: 253952K Free: 188122K (74%)
----------------- Invoking toplevel() on ptolemy.moml.MoMLSimpleApplication@76a6e362
----------------- Done invoking toplevel() on ptolemy.moml.MoMLSimpleApplication@76a6e362
reloadAllAccessors: .FurutaPendulum

===========================================================================================
----------------- testing Mon Dec 09 18:21:37 UTC 2019 /home/travis/build/icyphy/ptII/ptolemy/domains/continuous/test/auto/HierarchicalExecution.xml
----------------- Instantiating /home/travis/build/icyphy/ptII/ptolemy/domains/continuous/test/auto/HierarchicalExecution.xml
1921 ms. Memory: 253952K Free: 202720K (80%)
----------------- Invoking toplevel() on ptolemy.moml.MoMLSimpleApplication@5213e9df
----------------- Done invoking toplevel() on ptolemy.moml.MoMLSimpleApplication@5213e9df
reloadAllAccessors: .HierarchicalExecution

===========================================================================================
----------------- testing Mon Dec 09 18:21:39 UTC 2019 /home/travis/build/icyphy/ptII/ptolemy/domains/continuous/test/auto/HybridPlant.xml
----------------- Instantiating /home/travis/build/icyphy/ptII/ptolemy/domains/continuous/test/auto/HybridPlant.xml
545 ms. Memory: 253952K Free: 237924K (94%)
----------------- Invoking toplevel() on ptolemy.moml.MoMLSimpleApplication@68cde843
----------------- Done invoking toplevel() on ptolemy.moml.MoMLSimpleApplication@68cde843
reloadAllAccessors: .HybridPlant

===========================================================================================
----------------- testing Mon Dec 09 18:21:40 UTC 2019 /home/travis/build/icyphy/ptII/ptolemy/domains/continuous/test/auto/Hysteresis.xml
----------------- Instantiating /home/travis/build/icyphy/ptII/ptolemy/domains/continuous/test/auto/Hysteresis.xml
163 ms. Memory: 253952K Free: 175974K (69%)
----------------- Invoking toplevel() on ptolemy.moml.MoMLSimpleApplication@29938b9a
----------------- Done invoking toplevel() on ptolemy.moml.MoMLSimpleApplication@29938b9a
reloadAllAccessors: .Hysteresis

===========================================================================================
----------------- testing Mon Dec 09 18:21:40 UTC 2019 /home/travis/build/icyphy/ptII/ptolemy/domains/continuous/test/auto/HysteresisWithRandomDelay.xml
----------------- Instantiating /home/travis/build/icyphy/ptII/ptolemy/domains/continuous/test/auto/HysteresisWithRandomDelay.xml
182 ms. Memory: 253952K Free: 104294K (41%)
----------------- Invoking toplevel() on ptolemy.moml.MoMLSimpleApplication@7488c9b5
----------------- Done invoking toplevel() on ptolemy.moml.MoMLSimpleApplication@7488c9b5
reloadAllAccessors: .HysteresisWithRandomDelay

===========================================================================================
----------------- testing Mon Dec 09 18:21:40 UTC 2019 /home/travis/build/icyphy/ptII/ptolemy/domains/continuous/test/auto/HysteresisWithRandomLosses.xml
----------------- Instantiating /home/travis/build/icyphy/ptII/ptolemy/domains/continuous/test/auto/HysteresisWithRandomLosses.xml
2431 ms. Memory: 253952K Free: 115157K (45%)
----------------- Invoking toplevel() on ptolemy.moml.MoMLSimpleApplication@13e30752
----------------- Done invoking toplevel() on ptolemy.moml.MoMLSimpleApplication@13e30752
reloadAllAccessors: .HysteresisWithRandomLosses

===========================================================================================
----------------- testing Mon Dec 09 18:21:43 UTC 2019 /home/travis/build/icyphy/ptII/ptolemy/domains/continuous/test/auto/ImmediateTransitions.xml
----------------- Instantiating /home/travis/build/icyphy/ptII/ptolemy/domains/continuous/test/auto/ImmediateTransitions.xml
9 ms. Memory: 253952K Free: 104373K (41%)
----------------- Invoking toplevel() on ptolemy.moml.MoMLSimpleApplication@6b9917d9
----------------- Done invoking toplevel() on ptolemy.moml.MoMLSimpleApplication@6b9917d9
reloadAllAccessors: .ImmediateTransitions

===========================================================================================
----------------- testing Mon Dec 09 18:21:43 UTC 2019 /home/travis/build/icyphy/ptII/ptolemy/domains/continuous/test/auto/ImpulseFeedback.xml
----------------- Instantiating /home/travis/build/icyphy/ptII/ptolemy/domains/continuous/test/auto/ImpulseFeedback.xml
7 ms. Memory: 253952K Free: 98773K (39%)
----------------- Invoking toplevel() on ptolemy.moml.MoMLSimpleApplication@29b745be
----------------- Done invoking toplevel() on ptolemy.moml.MoMLSimpleApplication@29b745be
reloadAllAccessors: .ImpulseFeedback

===========================================================================================
----------------- testing Mon Dec 09 18:21:43 UTC 2019 /home/travis/build/icyphy/ptII/ptolemy/domains/continuous/test/auto/ImpulseFeedback2.xml
----------------- Instantiating /home/travis/build/icyphy/ptII/ptolemy/domains/continuous/test/auto/ImpulseFeedback2.xml
6 ms. Memory: 253952K Free: 93139K (37%)
----------------- Invoking toplevel() on ptolemy.moml.MoMLSimpleApplication@473c2ef0
----------------- Done invoking toplevel() on ptolemy.moml.MoMLSimpleApplication@473c2ef0
reloadAllAccessors: .ImpulseFeedback2

===========================================================================================
----------------- testing Mon Dec 09 18:21:43 UTC 2019 /home/travis/build/icyphy/ptII/ptolemy/domains/continuous/test/auto/IncreasingRatePoisson.xml
----------------- Instantiating /home/travis/build/icyphy/ptII/ptolemy/domains/continuous/test/auto/IncreasingRatePoisson.xml
733 ms. Memory: 253952K Free: 231072K (91%)
----------------- Invoking toplevel() on ptolemy.moml.MoMLSimpleApplication@73fd40bd
----------------- Done invoking toplevel() on ptolemy.moml.MoMLSimpleApplication@73fd40bd
reloadAllAccessors: .IncreasingRatePoisson

===========================================================================================
----------------- testing Mon Dec 09 18:21:44 UTC 2019 /home/travis/build/icyphy/ptII/ptolemy/domains/continuous/test/auto/InitialStateFeedback.xml
----------------- Instantiating /home/travis/build/icyphy/ptII/ptolemy/domains/continuous/test/auto/InitialStateFeedback.xml
4 ms. Memory: 253952K Free: 226480K (89%)
----------------- Invoking toplevel() on ptolemy.moml.MoMLSimpleApplication@233bf103
----------------- Done invoking toplevel() on ptolemy.moml.MoMLSimpleApplication@233bf103
reloadAllAccessors: .InitialStateFeedback

===========================================================================================
----------------- testing Mon Dec 09 18:21:44 UTC 2019 /home/travis/build/icyphy/ptII/ptolemy/domains/continuous/test/auto/Integration.xml
----------------- Instantiating /home/travis/build/icyphy/ptII/ptolemy/domains/continuous/test/auto/Integration.xml
4 ms. Memory: 253952K Free: 222384K (88%)
----------------- Invoking toplevel() on ptolemy.moml.MoMLSimpleApplication@47d36c8f
----------------- Done invoking toplevel() on ptolemy.moml.MoMLSimpleApplication@47d36c8f
reloadAllAccessors: .Integration

===========================================================================================
----------------- testing Mon Dec 09 18:21:44 UTC 2019 /home/travis/build/icyphy/ptII/ptolemy/domains/continuous/test/auto/Integration2.xml
----------------- Instantiating /home/travis/build/icyphy/ptII/ptolemy/domains/continuous/test/auto/Integration2.xml
87 ms. Memory: 253952K Free: 208048K (82%)
----------------- Invoking toplevel() on ptolemy.moml.MoMLSimpleApplication@699cbf6
----------------- Done invoking toplevel() on ptolemy.moml.MoMLSimpleApplication@699cbf6
reloadAllAccessors: .Integration2

===========================================================================================
----------------- testing Mon Dec 09 18:21:44 UTC 2019 /home/travis/build/icyphy/ptII/ptolemy/domains/continuous/test/auto/Integration3.xml
----------------- Instantiating /home/travis/build/icyphy/ptII/ptolemy/domains/continuous/test/auto/Integration3.xml
2 ms. Memory: 253952K Free: 203438K (80%)
----------------- Invoking toplevel() on ptolemy.moml.MoMLSimpleApplication@24674978
----------------- Done invoking toplevel() on ptolemy.moml.MoMLSimpleApplication@24674978
reloadAllAccessors: .Integration3

===========================================================================================
----------------- testing Mon Dec 09 18:21:44 UTC 2019 /home/travis/build/icyphy/ptII/ptolemy/domains/continuous/test/auto/Integration5.xml
----------------- Instantiating /home/travis/build/icyphy/ptII/ptolemy/domains/continuous/test/auto/Integration5.xml
2 ms. Memory: 253952K Free: 199342K (78%)
----------------- Invoking toplevel() on ptolemy.moml.MoMLSimpleApplication@263393f6
----------------- Done invoking toplevel() on ptolemy.moml.MoMLSimpleApplication@263393f6
reloadAllAccessors: .Integration5

===========================================================================================
----------------- testing Mon Dec 09 18:21:44 UTC 2019 /home/travis/build/icyphy/ptII/ptolemy/domains/continuous/test/auto/IntegratorImpulse.xml
----------------- Instantiating /home/travis/build/icyphy/ptII/ptolemy/domains/continuous/test/auto/IntegratorImpulse.xml
1 ms. Memory: 253952K Free: 195232K (77%)
----------------- Invoking toplevel() on ptolemy.moml.MoMLSimpleApplication@215f779a
----------------- Done invoking toplevel() on ptolemy.moml.MoMLSimpleApplication@215f779a
reloadAllAccessors: .IntegratorImpulse

===========================================================================================
----------------- testing Mon Dec 09 18:21:44 UTC 2019 /home/travis/build/icyphy/ptII/ptolemy/domains/continuous/test/auto/IntegratorImpulse2.xml
----------------- Instantiating /home/travis/build/icyphy/ptII/ptolemy/domains/continuous/test/auto/IntegratorImpulse2.xml
4 ms. Memory: 253952K Free: 190640K (75%)
----------------- Invoking toplevel() on ptolemy.moml.MoMLSimpleApplication@7deba879
----------------- Done invoking toplevel() on ptolemy.moml.MoMLSimpleApplication@7deba879
reloadAllAccessors: .IntegratorImpulse2

===========================================================================================
----------------- testing Mon Dec 09 18:21:44 UTC 2019 /home/travis/build/icyphy/ptII/ptolemy/domains/continuous/test/auto/LevelCrossing1.xml
----------------- Instantiating /home/travis/build/icyphy/ptII/ptolemy/domains/continuous/test/auto/LevelCrossing1.xml
2 ms. Memory: 253952K Free: 185520K (73%)
----------------- Invoking toplevel() on ptolemy.moml.MoMLSimpleApplication@61909e82
----------------- Done invoking toplevel() on ptolemy.moml.MoMLSimpleApplication@61909e82
reloadAllAccessors: .LevelCrossing1

===========================================================================================
----------------- testing Mon Dec 09 18:21:44 UTC 2019 /home/travis/build/icyphy/ptII/ptolemy/domains/continuous/test/auto/LevelCrossing2.xml
----------------- Instantiating /home/travis/build/icyphy/ptII/ptolemy/domains/continuous/test/auto/LevelCrossing2.xml
7 ms. Memory: 253952K Free: 180400K (71%)
----------------- Invoking toplevel() on ptolemy.moml.MoMLSimpleApplication@1f7b2a71
----------------- Done invoking toplevel() on ptolemy.moml.MoMLSimpleApplication@1f7b2a71
reloadAllAccessors: .LevelCrossing2

===========================================================================================
----------------- testing Mon Dec 09 18:21:44 UTC 2019 /home/travis/build/icyphy/ptII/ptolemy/domains/continuous/test/auto/LevelCrossing3.xml
----------------- Instantiating /home/travis/build/icyphy/ptII/ptolemy/domains/continuous/test/auto/LevelCrossing3.xml
2 ms. Memory: 253952K Free: 175280K (69%)
----------------- Invoking toplevel() on ptolemy.moml.MoMLSimpleApplication@2cb455a0
----------------- Done invoking toplevel() on ptolemy.moml.MoMLSimpleApplication@2cb455a0
reloadAllAccessors: .LevelCrossing3

===========================================================================================
----------------- testing Mon Dec 09 18:21:44 UTC 2019 /home/travis/build/icyphy/ptII/ptolemy/domains/continuous/test/auto/LevelCrossing4.xml
----------------- Instantiating /home/travis/build/icyphy/ptII/ptolemy/domains/continuous/test/auto/LevelCrossing4.xml
3 ms. Memory: 253952K Free: 170160K (67%)
----------------- Invoking toplevel() on ptolemy.moml.MoMLSimpleApplication@36f48b4d
----------------- Done invoking toplevel() on ptolemy.moml.MoMLSimpleApplication@36f48b4d
reloadAllAccessors: .LevelCrossing4

===========================================================================================
----------------- testing Mon Dec 09 18:21:44 UTC 2019 /home/travis/build/icyphy/ptII/ptolemy/domains/continuous/test/auto/LevelCrossing5.xml
----------------- Instantiating /home/travis/build/icyphy/ptII/ptolemy/domains/continuous/test/auto/LevelCrossing5.xml
3 ms. Memory: 253952K Free: 165040K (65%)
----------------- Invoking toplevel() on ptolemy.moml.MoMLSimpleApplication@2dc1a06c
----------------- Done invoking toplevel() on ptolemy.moml.MoMLSimpleApplication@2dc1a06c
reloadAllAccessors: .LevelCrossing5

===========================================================================================
[...]
----------------- Instantiating /home/travis/build/icyphy/ptII/ptolemy/domains/continuous/test/auto/SRinContinuous.xml
4 ms. Memory: 253952K Free: 150932K (59%)
----------------- Invoking toplevel() on ptolemy.moml.MoMLSimpleApplication@586d37dc
----------------- Done invoking toplevel() on ptolemy.moml.MoMLSimpleApplication@586d37dc
reloadAllAccessors: .SRinContinuous

===========================================================================================
----------------- testing Mon Dec 09 18:22:02 UTC 2019 /home/travis/build/icyphy/ptII/ptolemy/domains/continuous/test/auto/SampledClocks.xml
----------------- Instantiating /home/travis/build/icyphy/ptII/ptolemy/domains/continuous/test/auto/SampledClocks.xml
4 ms. Memory: 253952K Free: 138130K (54%)
----------------- Invoking toplevel() on ptolemy.moml.MoMLSimpleApplication@35506f35
----------------- Done invoking toplevel() on ptolemy.moml.MoMLSimpleApplication@35506f35
reloadAllAccessors: .SampledClocks

===========================================================================================
----------------- testing Mon Dec 09 18:22:02 UTC 2019 /home/travis/build/icyphy/ptII/ptolemy/domains/continuous/test/auto/Satellite.xml
----------------- Instantiating /home/travis/build/icyphy/ptII/ptolemy/domains/continuous/test/auto/Satellite.xml
748 ms. Memory: 253952K Free: 88048K (35%)
----------------- Invoking toplevel() on ptolemy.moml.MoMLSimpleApplication@40a3fe5f
----------------- Done invoking toplevel() on ptolemy.moml.MoMLSimpleApplication@40a3fe5f
reloadAllAccessors: .Satellite

===========================================================================================
----------------- testing Mon Dec 09 18:22:02 UTC 2019 /home/travis/build/icyphy/ptII/ptolemy/domains/continuous/test/auto/SigmaDelta.xml
----------------- Instantiating /home/travis/build/icyphy/ptII/ptolemy/domains/continuous/test/auto/SigmaDelta.xml
2395 ms. Memory: 253952K Free: 128105K (50%)
----------------- Invoking toplevel() on ptolemy.moml.MoMLSimpleApplication@537c051e
----------------- Done invoking toplevel() on ptolemy.moml.MoMLSimpleApplication@537c051e
reloadAllAccessors: .SigmaDelta

===========================================================================================
----------------- testing Mon Dec 09 18:22:05 UTC 2019 /home/travis/build/icyphy/ptII/ptolemy/domains/continuous/test/auto/SingleRefinement.xml
----------------- Instantiating /home/travis/build/icyphy/ptII/ptolemy/domains/continuous/test/auto/SingleRefinement.xml
313 ms. Memory: 253952K Free: 93856K (37%)
----------------- Invoking toplevel() on ptolemy.moml.MoMLSimpleApplication@2bf32d1c
----------------- Done invoking toplevel() on ptolemy.moml.MoMLSimpleApplication@2bf32d1c
reloadAllAccessors: .SingleRefinement

===========================================================================================
----------------- testing Mon Dec 09 18:22:05 UTC 2019 /home/travis/build/icyphy/ptII/ptolemy/domains/continuous/test/auto/SinuBouncingBall.xml
----------------- Instantiating /home/travis/build/icyphy/ptII/ptolemy/domains/continuous/test/auto/SinuBouncingBall.xml
805 ms. Memory: 253952K Free: 178593K (70%)
----------------- Invoking toplevel() on ptolemy.moml.MoMLSimpleApplication@29dc23ea
----------------- Done invoking toplevel() on ptolemy.moml.MoMLSimpleApplication@29dc23ea
reloadAllAccessors: .SinuBouncingBall

===========================================================================================
----------------- testing Mon Dec 09 18:22:06 UTC 2019 /home/travis/build/icyphy/ptII/ptolemy/domains/continuous/test/auto/Sinusoid.xml
----------------- Instantiating /home/travis/build/icyphy/ptII/ptolemy/domains/continuous/test/auto/Sinusoid.xml
4 ms. Memory: 253952K Free: 173969K (69%)
----------------- Invoking toplevel() on ptolemy.moml.MoMLSimpleApplication@791f7a1e
----------------- Done invoking toplevel() on ptolemy.moml.MoMLSimpleApplication@791f7a1e
reloadAllAccessors: .Sinusoid

===========================================================================================
----------------- testing Mon Dec 09 18:22:06 UTC 2019 /home/travis/build/icyphy/ptII/ptolemy/domains/continuous/test/auto/SinusoidInNoise.xml
----------------- Instantiating /home/travis/build/icyphy/ptII/ptolemy/domains/continuous/test/auto/SinusoidInNoise.xml
994 ms. Memory: 253952K Free: 189070K (74%)
----------------- Invoking toplevel() on ptolemy.moml.MoMLSimpleApplication@3de7b4e0
----------------- Done invoking toplevel() on ptolemy.moml.MoMLSimpleApplication@3de7b4e0
reloadAllAccessors: .SinusoidInNoise

===========================================================================================
----------------- testing Mon Dec 09 18:22:07 UTC 2019 /home/travis/build/icyphy/ptII/ptolemy/domains/continuous/test/auto/SinusoidRK45.xml
----------------- Instantiating /home/travis/build/icyphy/ptII/ptolemy/domains/continuous/test/auto/SinusoidRK45.xml
2 ms. Memory: 253952K Free: 184464K (73%)
----------------- Invoking toplevel() on ptolemy.moml.MoMLSimpleApplication@4461e0ca
----------------- Done invoking toplevel() on ptolemy.moml.MoMLSimpleApplication@4461e0ca
reloadAllAccessors: .SinusoidRK45

===========================================================================================
----------------- testing Mon Dec 09 18:22:07 UTC 2019 /home/travis/build/icyphy/ptII/ptolemy/domains/continuous/test/auto/SinusoidWithMultipleImpulses.xml
----------------- Instantiating /home/travis/build/icyphy/ptII/ptolemy/domains/continuous/test/auto/SinusoidWithMultipleImpulses.xml
3 ms. Memory: 253952K Free: 179854K (71%)
----------------- Invoking toplevel() on ptolemy.moml.MoMLSimpleApplication@31ab8ce
----------------- Done invoking toplevel() on ptolemy.moml.MoMLSimpleApplication@31ab8ce
reloadAllAccessors: .SinusoidWithMultipleImpulses

===========================================================================================
----------------- testing Mon Dec 09 18:22:07 UTC 2019 /home/travis/build/icyphy/ptII/ptolemy/domains/continuous/test/auto/SquareWave.xml
----------------- Instantiating /home/travis/build/icyphy/ptII/ptolemy/domains/continuous/test/auto/SquareWave.xml
174 ms. Memory: 253952K Free: 152720K (60%)
----------------- Invoking toplevel() on ptolemy.moml.MoMLSimpleApplication@395fb905
----------------- Done invoking toplevel() on ptolemy.moml.MoMLSimpleApplication@395fb905
reloadAllAccessors: .SquareWave

===========================================================================================
----------------- testing Mon Dec 09 18:22:08 UTC 2019 /home/travis/build/icyphy/ptII/ptolemy/domains/continuous/test/auto/Starmac.xml
----------------- Instantiating /home/travis/build/icyphy/ptII/ptolemy/domains/continuous/test/auto/Starmac.xml
3081 ms. Memory: 253952K Free: 135446K (53%)
----------------- Invoking toplevel() on ptolemy.moml.MoMLSimpleApplication@23d159f4
----------------- Done invoking toplevel() on ptolemy.moml.MoMLSimpleApplication@23d159f4
reloadAllAccessors: .Starmac

===========================================================================================
----------------- testing Mon Dec 09 18:22:11 UTC 2019 /home/travis/build/icyphy/ptII/ptolemy/domains/continuous/test/auto/StaticUnits.xml
----------------- Instantiating /home/travis/build/icyphy/ptII/ptolemy/domains/continuous/test/auto/StaticUnits.xml
2171 ms. Memory: 305152K Free: 158543K (52%)
----------------- Invoking toplevel() on ptolemy.moml.MoMLSimpleApplication@127b8539
----------------- Done invoking toplevel() on ptolemy.moml.MoMLSimpleApplication@127b8539
reloadAllAccessors: .StaticUnits

===========================================================================================
----------------- testing Mon Dec 09 18:22:14 UTC 2019 /home/travis/build/icyphy/ptII/ptolemy/domains/continuous/test/auto/StickyMasses.xml
----------------- Instantiating /home/travis/build/icyphy/ptII/ptolemy/domains/continuous/test/auto/StickyMasses.xml
116 ms. Memory: 305152K Free: 109391K (36%)
----------------- Invoking toplevel() on ptolemy.moml.MoMLSimpleApplication@43194734
----------------- Done invoking toplevel() on ptolemy.moml.MoMLSimpleApplication@43194734
reloadAllAccessors: .StickyMasses

===========================================================================================
----------------- testing Mon Dec 09 18:22:14 UTC 2019 /home/travis/build/icyphy/ptII/ptolemy/domains/continuous/test/auto/StopTime.xml
----------------- Instantiating /home/travis/build/icyphy/ptII/ptolemy/domains/continuous/test/auto/StopTime.xml
44 ms. Memory: 305152K Free: 262479K (86%)
----------------- Invoking toplevel() on ptolemy.moml.MoMLSimpleApplication@73a53a1d
----------------- Done invoking toplevel() on ptolemy.moml.MoMLSimpleApplication@73a53a1d
reloadAllAccessors: .StopTime

===========================================================================================
----------------- testing Mon Dec 09 18:22:14 UTC 2019 /home/travis/build/icyphy/ptII/ptolemy/domains/continuous/test/auto/StopTime2.xml
----------------- Instantiating /home/travis/build/icyphy/ptII/ptolemy/domains/continuous/test/auto/StopTime2.xml
32 ms. Memory: 305152K Free: 240461K (79%)
----------------- Invoking toplevel() on ptolemy.moml.MoMLSimpleApplication@29cf73f2
----------------- Done invoking toplevel() on ptolemy.moml.MoMLSimpleApplication@29cf73f2
reloadAllAccessors: .StopTime2

===========================================================================================
----------------- testing Mon Dec 09 18:22:14 UTC 2019 /home/travis/build/icyphy/ptII/ptolemy/domains/continuous/test/auto/Switch.xml
----------------- Instantiating /home/travis/build/icyphy/ptII/ptolemy/domains/continuous/test/auto/Switch.xml
41 ms. Memory: 305152K Free: 215885K (71%)
----------------- Invoking toplevel() on ptolemy.moml.MoMLSimpleApplication@1716402a
----------------- Done invoking toplevel() on ptolemy.moml.MoMLSimpleApplication@1716402a
reloadAllAccessors: .Switch

===========================================================================================
----------------- testing Mon Dec 09 18:22:14 UTC 2019 /home/travis/build/icyphy/ptII/ptolemy/domains/continuous/test/auto/Thermostat.xml
----------------- Instantiating /home/travis/build/icyphy/ptII/ptolemy/domains/continuous/test/auto/Thermostat.xml
187 ms. Memory: 305152K Free: 143695K (47%)
----------------- Invoking toplevel() on ptolemy.moml.MoMLSimpleApplication@6a0dd510
----------------- Done invoking toplevel() on ptolemy.moml.MoMLSimpleApplication@6a0dd510
reloadAllAccessors: .Thermostat

===========================================================================================
----------------- testing Mon Dec 09 18:22:14 UTC 2019 /home/travis/build/icyphy/ptII/ptolemy/domains/continuous/test/auto/TimeDelay.xml
----------------- Instantiating /home/travis/build/icyphy/ptII/ptolemy/domains/continuous/test/auto/TimeDelay.xml
5 ms. Memory: 305152K Free: 139079K (46%)
----------------- Invoking toplevel() on ptolemy.moml.MoMLSimpleApplication@158bd3f2
----------------- Done invoking toplevel() on ptolemy.moml.MoMLSimpleApplication@158bd3f2
reloadAllAccessors: .TimeDelay

===========================================================================================
----------------- testing Mon Dec 09 18:22:14 UTC 2019 /home/travis/build/icyphy/ptII/ptolemy/domains/continuous/test/auto/TimeDelay2.xml
----------------- Instantiating /home/travis/build/icyphy/ptII/ptolemy/domains/continuous/test/auto/TimeDelay2.xml
7 ms. Memory: 305152K Free: 129359K (42%)
----------------- Invoking toplevel() on ptolemy.moml.MoMLSimpleApplication@64984886
----------------- Done invoking toplevel() on ptolemy.moml.MoMLSimpleApplication@64984886
reloadAllAccessors: .TimeDelay2

===========================================================================================
----------------- testing Mon Dec 09 18:22:14 UTC 2019 /home/travis/build/icyphy/ptII/ptolemy/domains/continuous/test/auto/TimeDelay3.xml
----------------- Instantiating /home/travis/build/icyphy/ptII/ptolemy/domains/continuous/test/auto/TimeDelay3.xml
2 ms. Memory: 305152K Free: 124719K (41%)
----------------- Invoking toplevel() on ptolemy.moml.MoMLSimpleApplication@396794db
----------------- Done invoking toplevel() on ptolemy.moml.MoMLSimpleApplication@396794db
reloadAllAccessors: .TimeDelay3

===========================================================================================
----------------- testing Mon Dec 09 18:22:14 UTC 2019 /home/travis/build/icyphy/ptII/ptolemy/domains/continuous/test/auto/TransferAbsentToInside.xml
----------------- Instantiating /home/travis/build/icyphy/ptII/ptolemy/domains/continuous/test/auto/TransferAbsentToInside.xml
27 ms. Memory: 305152K Free: 248141K (81%)
----------------- Invoking toplevel() on ptolemy.moml.MoMLSimpleApplication@6f9bc729
----------------- Done invoking toplevel() on ptolemy.moml.MoMLSimpleApplication@6f9bc729
reloadAllAccessors: .TransferAbsentToInside

===========================================================================================
----------------- testing Mon Dec 09 18:22:15 UTC 2019 /home/travis/build/icyphy/ptII/ptolemy/domains/continuous/test/auto/Transmission.xml
----------------- Instantiating /home/travis/build/icyphy/ptII/ptolemy/domains/continuous/test/auto/Transmission.xml
756 ms. Memory: 305152K Free: 193871K (64%)
----------------- Invoking toplevel() on ptolemy.moml.MoMLSimpleApplication@12fab194
----------------- Done invoking toplevel() on ptolemy.moml.MoMLSimpleApplication@12fab194
reloadAllAccessors: .Transmission

===========================================================================================
----------------- testing Mon Dec 09 18:22:15 UTC 2019 /home/travis/build/icyphy/ptII/ptolemy/domains/continuous/test/auto/TriggeredContinuousClock.xml
----------------- Instantiating /home/travis/build/icyphy/ptII/ptolemy/domains/continuous/test/auto/TriggeredContinuousClock.xml
35 ms. Memory: 305152K Free: 164679K (54%)
----------------- Invoking toplevel() on ptolemy.moml.MoMLSimpleApplication@4f900363
----------------- Done invoking toplevel() on ptolemy.moml.MoMLSimpleApplication@4f900363
reloadAllAccessors: .TriggeredContinuousClock

===========================================================================================
----------------- testing Mon Dec 09 18:22:15 UTC 2019 /home/travis/build/icyphy/ptII/ptolemy/domains/continuous/test/auto/TwoMachineInfiniteBusControl.xml
----------------- Instantiating /home/travis/build/icyphy/ptII/ptolemy/domains/continuous/test/auto/TwoMachineInfiniteBusControl.xml
2670 ms. Memory: 305152K Free: 113487K (37%)
----------------- Invoking toplevel() on ptolemy.moml.MoMLSimpleApplication@4e56f445
----------------- Done invoking toplevel() on ptolemy.moml.MoMLSimpleApplication@4e56f445
reloadAllAccessors: .TwoMachineInfiniteBusControl

===========================================================================================
----------------- testing Mon Dec 09 18:22:18 UTC 2019 /home/travis/build/icyphy/ptII/ptolemy/domains/continuous/test/auto/V2V.xml
----------------- Instantiating /home/travis/build/icyphy/ptII/ptolemy/domains/continuous/test/auto/V2V.xml
798 ms. Memory: 305152K Free: 278847K (91%)
----------------- Invoking toplevel() on ptolemy.moml.MoMLSimpleApplication@7a70bacb
----------------- Done invoking toplevel() on ptolemy.moml.MoMLSimpleApplication@7a70bacb
reloadAllAccessors: .V2V

===========================================================================================
----------------- testing Mon Dec 09 18:22:19 UTC 2019 /home/travis/build/icyphy/ptII/ptolemy/domains/continuous/test/auto/hierarchicalModalModel.xml
----------------- Instantiating /home/travis/build/icyphy/ptII/ptolemy/domains/continuous/test/auto/hierarchicalModalModel.xml
7 ms. Memory: 305152K Free: 264511K (87%)
----------------- Invoking toplevel() on ptolemy.moml.MoMLSimpleApplication@4d000e2
----------------- Done invoking toplevel() on ptolemy.moml.MoMLSimpleApplication@4d000e2
reloadAllAccessors: .hierarchicalModalModel

===========================================================================================
----------------- testing Mon Dec 09 18:22:19 UTC 2019 /home/travis/build/icyphy/ptII/ptolemy/domains/continuous/test/auto/hierarchicalModalModel1.xml
----------------- Instantiating /home/travis/build/icyphy/ptII/ptolemy/domains/continuous/test/auto/hierarchicalModalModel1.xml
8 ms. Memory: 305152K Free: 250189K (82%)
----------------- Invoking toplevel() on ptolemy.moml.MoMLSimpleApplication@775eb529
----------------- Done invoking toplevel() on ptolemy.moml.MoMLSimpleApplication@775eb529
reloadAllAccessors: .hierarchicalModalModel1

===========================================================================================
----------------- testing Mon Dec 09 18:22:19 UTC 2019 /home/travis/build/icyphy/ptII/ptolemy/domains/continuous/test/auto/hierarchicalModalModel2.xml
----------------- Instantiating /home/travis/build/icyphy/ptII/ptolemy/domains/continuous/test/auto/hierarchicalModalModel2.xml
6 ms. Memory: 305152K Free: 237887K (78%)
----------------- Invoking toplevel() on ptolemy.moml.MoMLSimpleApplication@1c84e67
----------------- Done invoking toplevel() on ptolemy.moml.MoMLSimpleApplication@1c84e67
reloadAllAccessors: .hierarchicalModalModel2

===========================================================================================
----------------- testing Mon Dec 09 18:22:19 UTC 2019 /home/travis/build/icyphy/ptII/ptolemy/domains/continuous/test/auto/hierarchicalModalModel3.xml
----------------- Instantiating /home/travis/build/icyphy/ptII/ptolemy/domains/continuous/test/auto/hierarchicalModalModel3.xml
6 ms. Memory: 305152K Free: 227151K (74%)
----------------- Invoking toplevel() on ptolemy.moml.MoMLSimpleApplication@76366385
----------------- Done invoking toplevel() on ptolemy.moml.MoMLSimpleApplication@76366385
reloadAllAccessors: .hierarchicalModalModel3

===========================================================================================
----------------- testing Mon Dec 09 18:22:19 UTC 2019 /home/travis/build/icyphy/ptII/ptolemy/domains/continuous/test/auto/hierarchicalModalModel4.xml
----------------- Instantiating /home/travis/build/icyphy/ptII/ptolemy/domains/continuous/test/auto/hierarchicalModalModel4.xml
4 ms. Memory: 305152K Free: 215373K (71%)
----------------- Invoking toplevel() on ptolemy.moml.MoMLSimpleApplication@2ee4a46f
----------------- Done invoking toplevel() on ptolemy.moml.MoMLSimpleApplication@2ee4a46f
reloadAllAccessors: .hierarchicalModalModel4

===========================================================================================
----------------- testing Mon Dec 09 18:22:19 UTC 2019 /home/travis/build/icyphy/ptII/ptolemy/domains/continuous/test/auto/junk.xml
----------------- Instantiating /home/travis/build/icyphy/ptII/ptolemy/domains/continuous/test/auto/junk.xml
138 ms. Memory: 305152K Free: 190797K (63%)
----------------- Invoking toplevel() on ptolemy.moml.MoMLSimpleApplication@2b9485e8
----------------- Done invoking toplevel() on ptolemy.moml.MoMLSimpleApplication@2b9485e8
reloadAllAccessors: .junk
AutoTests.java: About to close Vertx.
AutoTests.java: Vertx closed.
]]></system-out>
  <system-err><![CDATA[Warning: '.HysteresisWithRandomDelay.NonStrictTest' The test produced only 221 tokens, yet the correctValues parameter was expecting 222 tokens.
Warning: '.HysteresisWithRandomDelay.NonStrictTest2' The test produced only 220 tokens, yet the correctValues parameter was expecting 221 tokens.
Warning: '.HysteresisWithRandomDelay.NonStrictTest3' The test produced only 23 tokens, yet the correctValues parameter was expecting 30 tokens.
Warning: '.Poisson.NonStrictTest' The test produced only 402 tokens, yet the correctValues parameter was expecting 430 tokens.
]]></system-err>
</testsuite>
