<?xml version="1.0" encoding="UTF-8" ?>
<testsuite errors="0" failures="0" hostname="travis-job-db6e5650-6ca9-4acd-b777-3f7ae17ab381" name="ptolemy.domains.de.test.junit.JUnitTclTest" skipped="0" tests="101" time="125.613" timestamp="2019-03-15T03:46:04">
  <properties>
[...]
</properties>
  <testcase classname="ptolemy.util.test.junit.TclTests" name="[0] /home/travis/build/icyphy/ptII/ptolemy/domains/de/test/DependencyLoop.tcl (RunTclFile)" time="0.802" />
  <testcase classname="ptolemy.util.test.junit.TclTests" name="[1] /home/travis/build/icyphy/ptII/ptolemy/domains/de/test/RunDETestsAsQSS.tcl (RunTclFile)" time="85.808" />
  <testcase classname="ptolemy.util.test.junit.AutoKnownFailedTests" name="[0] /home/travis/build/icyphy/ptII/ptolemy/domains/de/test/auto/knownFailedTests/DESDFClockTest.xml (RunModel)" time="2.041" />
  <testcase classname="ptolemy.util.test.junit.AutoKnownFailedTests" name="[1] /home/travis/build/icyphy/ptII/ptolemy/domains/de/test/auto/knownFailedTests/DirectFeedback.xml (RunModel)" time="0.011" />
  <testcase classname="ptolemy.util.test.junit.AutoKnownFailedTests" name="[2] /home/travis/build/icyphy/ptII/ptolemy/domains/de/test/auto/knownFailedTests/FSMSource.xml (RunModel)" time="0.021" />
  <testcase classname="ptolemy.util.test.junit.AutoKnownFailedTests" name="[3] /home/travis/build/icyphy/ptII/ptolemy/domains/de/test/auto/knownFailedTests/HierarchicalModel.xml (RunModel)" time="0.037" />
  <testcase classname="ptolemy.util.test.junit.AutoKnownFailedTests" name="[4] /home/travis/build/icyphy/ptII/ptolemy/domains/de/test/auto/knownFailedTests/dependencyLoop.xml (RunModel)" time="0.043" />
  <testcase classname="ptolemy.util.test.junit.AutoKnownFailedTests" name="[5] /home/travis/build/icyphy/ptII/ptolemy/domains/de/test/auto/knownFailedTests/dependencyLoop2.xml (RunModel)" time="0.04" />
  <testcase classname="ptolemy.util.test.junit.AutoNameArchTests" name="[0] ThereAreNoAutoArchTests (RunModel)" time="0.005" />
  <testcase classname="ptolemy.util.test.junit.AutoTests" name="[0] /home/travis/build/icyphy/ptII/ptolemy/domains/de/test/auto/ActorDepthCalculation_actorWithoutPorts.xml (RunModel)" time="0.018" />
  <testcase classname="ptolemy.util.test.junit.AutoTests" name="[1] /home/travis/build/icyphy/ptII/ptolemy/domains/de/test/auto/AssemblyLine.xml (RunModel)" time="0.016" />
  <testcase classname="ptolemy.util.test.junit.AutoTests" name="[2] /home/travis/build/icyphy/ptII/ptolemy/domains/de/test/auto/CQBug1.xml (RunModel)" time="0.011" />
  <testcase classname="ptolemy.util.test.junit.AutoTests" name="[3] /home/travis/build/icyphy/ptII/ptolemy/domains/de/test/auto/CancelFireAt.xml (RunModel)" time="0.011" />
  <testcase classname="ptolemy.util.test.junit.AutoTests" name="[4] /home/travis/build/icyphy/ptII/ptolemy/domains/de/test/auto/CausalityAndComposabilityAnalysis.xml (RunModel)" time="0.008" />
  <testcase classname="ptolemy.util.test.junit.AutoTests" name="[5] /home/travis/build/icyphy/ptII/ptolemy/domains/de/test/auto/CausalityInterface1.xml (RunModel)" time="0.012" />
  <testcase classname="ptolemy.util.test.junit.AutoTests" name="[6] /home/travis/build/icyphy/ptII/ptolemy/domains/de/test/auto/CausalityInterface15.xml (RunModel)" time="0.014" />
  <testcase classname="ptolemy.util.test.junit.AutoTests" name="[7] /home/travis/build/icyphy/ptII/ptolemy/domains/de/test/auto/CausalityInterface2.xml (RunModel)" time="0.011" />
  <testcase classname="ptolemy.util.test.junit.AutoTests" name="[8] /home/travis/build/icyphy/ptII/ptolemy/domains/de/test/auto/CausalityInterface3.xml (RunModel)" time="0.016" />
  <testcase classname="ptolemy.util.test.junit.AutoTests" name="[9] /home/travis/build/icyphy/ptII/ptolemy/domains/de/test/auto/ClockDrift.xml (RunModel)" time="0.032" />
  <testcase classname="ptolemy.util.test.junit.AutoTests" name="[10] /home/travis/build/icyphy/ptII/ptolemy/domains/de/test/auto/ClockDriftAndValueChange.xml (RunModel)" time="0.035" />
  <testcase classname="ptolemy.util.test.junit.AutoTests" name="[11] /home/travis/build/icyphy/ptII/ptolemy/domains/de/test/auto/ClockDriftChange.xml (RunModel)" time="0.03" />
  <testcase classname="ptolemy.util.test.junit.AutoTests" name="[12] /home/travis/build/icyphy/ptII/ptolemy/domains/de/test/auto/ComposableCausalityAnalysis.xml (RunModel)" time="0.011" />
  <testcase classname="ptolemy.util.test.junit.AutoTests" name="[13] /home/travis/build/icyphy/ptII/ptolemy/domains/de/test/auto/DEFixedPointLimitation.xml (RunModel)" time="0.009" />
  <testcase classname="ptolemy.util.test.junit.AutoTests" name="[14] /home/travis/build/icyphy/ptII/ptolemy/domains/de/test/auto/DEScheduleTest.xml (RunModel)" time="0.029" />
  <testcase classname="ptolemy.util.test.junit.AutoTests" name="[15] /home/travis/build/icyphy/ptII/ptolemy/domains/de/test/auto/DEinDEwithStartTimes.xml (RunModel)" time="0.01" />
  <testcase classname="ptolemy.util.test.junit.AutoTests" name="[16] /home/travis/build/icyphy/ptII/ptolemy/domains/de/test/auto/DEinDEwithStartTimes2.xml (RunModel)" time="0.01" />
  <testcase classname="ptolemy.util.test.junit.AutoTests" name="[17] /home/travis/build/icyphy/ptII/ptolemy/domains/de/test/auto/DateDemo.xml (RunModel)" time="0.023" />
  <testcase classname="ptolemy.util.test.junit.AutoTests" name="[18] /home/travis/build/icyphy/ptII/ptolemy/domains/de/test/auto/DateToEvent.xml (RunModel)" time="2.039" />
  <testcase classname="ptolemy.util.test.junit.AutoTests" name="[19] /home/travis/build/icyphy/ptII/ptolemy/domains/de/test/auto/DepthTest1.xml (RunModel)" time="0.012" />
  <testcase classname="ptolemy.util.test.junit.AutoTests" name="[20] /home/travis/build/icyphy/ptII/ptolemy/domains/de/test/auto/DepthTest2.xml (RunModel)" time="0.02" />
  <testcase classname="ptolemy.util.test.junit.AutoTests" name="[21] /home/travis/build/icyphy/ptII/ptolemy/domains/de/test/auto/DepthTest3.xml (RunModel)" time="0.012" />
  <testcase classname="ptolemy.util.test.junit.AutoTests" name="[22] /home/travis/build/icyphy/ptII/ptolemy/domains/de/test/auto/DepthTest4.xml (RunModel)" time="0.01" />
  <testcase classname="ptolemy.util.test.junit.AutoTests" name="[23] /home/travis/build/icyphy/ptII/ptolemy/domains/de/test/auto/DepthTest5.xml (RunModel)" time="0.016" />
  <testcase classname="ptolemy.util.test.junit.AutoTests" name="[24] /home/travis/build/icyphy/ptII/ptolemy/domains/de/test/auto/DepthTest6.xml (RunModel)" time="0.012" />
  <testcase classname="ptolemy.util.test.junit.AutoTests" name="[25] /home/travis/build/icyphy/ptII/ptolemy/domains/de/test/auto/DepthTest7.xml (RunModel)" time="0.015" />
  <testcase classname="ptolemy.util.test.junit.AutoTests" name="[26] /home/travis/build/icyphy/ptII/ptolemy/domains/de/test/auto/EventToDate.xml (RunModel)" time="3.033" />
  <testcase classname="ptolemy.util.test.junit.AutoTests" name="[27] /home/travis/build/icyphy/ptII/ptolemy/domains/de/test/auto/FSM1.xml (RunModel)" time="0.027" />
  <testcase classname="ptolemy.util.test.junit.AutoTests" name="[28] /home/travis/build/icyphy/ptII/ptolemy/domains/de/test/auto/FSM7.xml (RunModel)" time="0.033" />
  <testcase classname="ptolemy.util.test.junit.AutoTests" name="[29] /home/travis/build/icyphy/ptII/ptolemy/domains/de/test/auto/Inspection.xml (RunModel)" time="0.036" />
  <testcase classname="ptolemy.util.test.junit.AutoTests" name="[30] /home/travis/build/icyphy/ptII/ptolemy/domains/de/test/auto/Iteration.xml (RunModel)" time="0.021" />
  <testcase classname="ptolemy.util.test.junit.AutoTests" name="[31] /home/travis/build/icyphy/ptII/ptolemy/domains/de/test/auto/LineFault.xml (RunModel)" time="0.518" />
  <testcase classname="ptolemy.util.test.junit.AutoTests" name="[32] /home/travis/build/icyphy/ptII/ptolemy/domains/de/test/auto/MergeModel1Add.xml (RunModel)" time="0.039" />
  <testcase classname="ptolemy.util.test.junit.AutoTests" name="[33] /home/travis/build/icyphy/ptII/ptolemy/domains/de/test/auto/MergeModel2Add.xml (RunModel)" time="0.031" />
  <testcase classname="ptolemy.util.test.junit.AutoTests" name="[34] /home/travis/build/icyphy/ptII/ptolemy/domains/de/test/auto/MergeModel3Add.xml (RunModel)" time="0.037" />
  <testcase classname="ptolemy.util.test.junit.AutoTests" name="[35] /home/travis/build/icyphy/ptII/ptolemy/domains/de/test/auto/MergeWithoutDiscard.xml (RunModel)" time="0.01" />
  <testcase classname="ptolemy.util.test.junit.AutoTests" name="[36] /home/travis/build/icyphy/ptII/ptolemy/domains/de/test/auto/Modal1.xml (RunModel)" time="0.024" />
  <testcase classname="ptolemy.util.test.junit.AutoTests" name="[37] /home/travis/build/icyphy/ptII/ptolemy/domains/de/test/auto/Modal2.xml (RunModel)" time="0.033" />
  <testcase classname="ptolemy.util.test.junit.AutoTests" name="[38] /home/travis/build/icyphy/ptII/ptolemy/domains/de/test/auto/Modal3.xml (RunModel)" time="0.035" />
  <testcase classname="ptolemy.util.test.junit.AutoTests" name="[39] /home/travis/build/icyphy/ptII/ptolemy/domains/de/test/auto/Modal4.xml (RunModel)" time="0.028" />
  <testcase classname="ptolemy.util.test.junit.AutoTests" name="[40] /home/travis/build/icyphy/ptII/ptolemy/domains/de/test/auto/Modal5.xml (RunModel)" time="0.024" />
  <testcase classname="ptolemy.util.test.junit.AutoTests" name="[41] /home/travis/build/icyphy/ptII/ptolemy/domains/de/test/auto/Modal6.xml (RunModel)" time="0.026" />
  <testcase classname="ptolemy.util.test.junit.AutoTests" name="[42] /home/travis/build/icyphy/ptII/ptolemy/domains/de/test/auto/Modal7.xml (RunModel)" time="0.023" />
  <testcase classname="ptolemy.util.test.junit.AutoTests" name="[43] /home/travis/build/icyphy/ptII/ptolemy/domains/de/test/auto/ModalModel.xml (RunModel)" time="0.126" />
  <testcase classname="ptolemy.util.test.junit.AutoTests" name="[44] /home/travis/build/icyphy/ptII/ptolemy/domains/de/test/auto/ModalSource.xml (RunModel)" time="0.015" />
  <testcase classname="ptolemy.util.test.junit.AutoTests" name="[45] /home/travis/build/icyphy/ptII/ptolemy/domains/de/test/auto/NonInterruptibleTimerZeroDelay.xml (RunModel)" time="0.008" />
  <testcase classname="ptolemy.util.test.junit.AutoTests" name="[46] /home/travis/build/icyphy/ptII/ptolemy/domains/de/test/auto/OpenQueueingNetwork.xml (RunModel)" time="2.099" />
  <testcase classname="ptolemy.util.test.junit.AutoTests" name="[47] /home/travis/build/icyphy/ptII/ptolemy/domains/de/test/auto/OpenQueuingNetwork.xml (RunModel)" time="0.256" />
  <testcase classname="ptolemy.util.test.junit.AutoTests" name="[48] /home/travis/build/icyphy/ptII/ptolemy/domains/de/test/auto/PeriodicSampler.xml (RunModel)" time="0.007" />
  <testcase classname="ptolemy.util.test.junit.AutoTests" name="[49] /home/travis/build/icyphy/ptII/ptolemy/domains/de/test/auto/PersistentIO.xml (RunModel)" time="0.022" />
  <testcase classname="ptolemy.util.test.junit.AutoTests" name="[50] /home/travis/build/icyphy/ptII/ptolemy/domains/de/test/auto/PortParameterResetOnInitialize.xml (RunModel)" time="0.008" />
  <testcase classname="ptolemy.util.test.junit.AutoTests" name="[51] /home/travis/build/icyphy/ptII/ptolemy/domains/de/test/auto/PortParameterUpdates.xml (RunModel)" time="0.014" />
  <testcase classname="ptolemy.util.test.junit.AutoTests" name="[52] /home/travis/build/icyphy/ptII/ptolemy/domains/de/test/auto/QueueAndServer.xml (RunModel)" time="0.019" />
  <testcase classname="ptolemy.util.test.junit.AutoTests" name="[53] /home/travis/build/icyphy/ptII/ptolemy/domains/de/test/auto/Records.xml (RunModel)" time="0.013" />
  <testcase classname="ptolemy.util.test.junit.AutoTests" name="[54] /home/travis/build/icyphy/ptII/ptolemy/domains/de/test/auto/ResetTransitionWithStartTime1.xml (RunModel)" time="0.02" />
  <testcase classname="ptolemy.util.test.junit.AutoTests" name="[55] /home/travis/build/icyphy/ptII/ptolemy/domains/de/test/auto/ResetTransitionWithStartTime2.xml (RunModel)" time="0.019" />
  <testcase classname="ptolemy.util.test.junit.AutoTests" name="[56] /home/travis/build/icyphy/ptII/ptolemy/domains/de/test/auto/ResetTransitionWithStartTime3.xml (RunModel)" time="0.018" />
  <testcase classname="ptolemy.util.test.junit.AutoTests" name="[57] /home/travis/build/icyphy/ptII/ptolemy/domains/de/test/auto/ResetTransitionWithStartTime4.xml (RunModel)" time="0.018" />
  <testcase classname="ptolemy.util.test.junit.AutoTests" name="[58] /home/travis/build/icyphy/ptII/ptolemy/domains/de/test/auto/ResettableTimer1.xml (RunModel)" time="0.013" />
  <testcase classname="ptolemy.util.test.junit.AutoTests" name="[59] /home/travis/build/icyphy/ptII/ptolemy/domains/de/test/auto/ResettableTimer2.xml (RunModel)" time="0.008" />
  <testcase classname="ptolemy.util.test.junit.AutoTests" name="[60] /home/travis/build/icyphy/ptII/ptolemy/domains/de/test/auto/ResettableTimer3.xml (RunModel)" time="0.007" />
  <testcase classname="ptolemy.util.test.junit.AutoTests" name="[61] /home/travis/build/icyphy/ptII/ptolemy/domains/de/test/auto/ResettableTimer4.xml (RunModel)" time="0.011" />
  <testcase classname="ptolemy.util.test.junit.AutoTests" name="[62] /home/travis/build/icyphy/ptII/ptolemy/domains/de/test/auto/ResettableTimer5.xml (RunModel)" time="0.008" />
  <testcase classname="ptolemy.util.test.junit.AutoTests" name="[63] /home/travis/build/icyphy/ptII/ptolemy/domains/de/test/auto/ResettableTimer6.xml (RunModel)" time="0.021" />
  <testcase classname="ptolemy.util.test.junit.AutoTests" name="[64] /home/travis/build/icyphy/ptII/ptolemy/domains/de/test/auto/ServerZeroDelay.xml (RunModel)" time="0.01" />
  <testcase classname="ptolemy.util.test.junit.AutoTests" name="[65] /home/travis/build/icyphy/ptII/ptolemy/domains/de/test/auto/SmartSender.xml (RunModel)" time="3.008" />
  <testcase classname="ptolemy.util.test.junit.AutoTests" name="[66] /home/travis/build/icyphy/ptII/ptolemy/domains/de/test/auto/ThreadedComposite.xml (RunModel)" time="0.155" />
  <testcase classname="ptolemy.util.test.junit.AutoTests" name="[67] /home/travis/build/icyphy/ptII/ptolemy/domains/de/test/auto/Time.xml (RunModel)" time="0.391" />
  <testcase classname="ptolemy.util.test.junit.AutoTests" name="[68] /home/travis/build/icyphy/ptII/ptolemy/domains/de/test/auto/TimeDelayZeroDelay.xml (RunModel)" time="0.009" />
  <testcase classname="ptolemy.util.test.junit.AutoTests" name="[69] /home/travis/build/icyphy/ptII/ptolemy/domains/de/test/auto/TimerZeroDelay.xml (RunModel)" time="0.009" />
  <testcase classname="ptolemy.util.test.junit.AutoTests" name="[70] /home/travis/build/icyphy/ptII/ptolemy/domains/de/test/auto/TimingParadox.xml (RunModel)" time="0.33" />
  <testcase classname="ptolemy.util.test.junit.AutoTests" name="[71] /home/travis/build/icyphy/ptII/ptolemy/domains/de/test/auto/TransferInputs.xml (RunModel)" time="0.019" />
  <testcase classname="ptolemy.util.test.junit.AutoTests" name="[72] /home/travis/build/icyphy/ptII/ptolemy/domains/de/test/auto/TransferOutputs2.xml (RunModel)" time="0.014" />
  <testcase classname="ptolemy.util.test.junit.AutoTests" name="[73] /home/travis/build/icyphy/ptII/ptolemy/domains/de/test/auto/Trilateration.xml (RunModel)" time="11.282" />
  <testcase classname="ptolemy.util.test.junit.AutoTests" name="[74] /home/travis/build/icyphy/ptII/ptolemy/domains/de/test/auto/TwoSigmaDelta.xml (RunModel)" time="1.919" />
  <testcase classname="ptolemy.util.test.junit.AutoTests" name="[75] /home/travis/build/icyphy/ptII/ptolemy/domains/de/test/auto/VariableDelay.xml (RunModel)" time="0.007" />
  <testcase classname="ptolemy.util.test.junit.AutoTests" name="[76] /home/travis/build/icyphy/ptII/ptolemy/domains/de/test/auto/VariableDelay2.xml (RunModel)" time="0.006" />
  <testcase classname="ptolemy.util.test.junit.AutoTests" name="[77] /home/travis/build/icyphy/ptII/ptolemy/domains/de/test/auto/VariableDelayZeroDelay.xml (RunModel)" time="0.01" />
  <testcase classname="ptolemy.util.test.junit.AutoTests" name="[78] /home/travis/build/icyphy/ptII/ptolemy/domains/de/test/auto/VariableDelayZeroDelay2.xml (RunModel)" time="0.009" />
  <testcase classname="ptolemy.util.test.junit.AutoTests" name="[79] /home/travis/build/icyphy/ptII/ptolemy/domains/de/test/auto/deInCt.xml (RunModel)" time="0.014" />
  <testcase classname="ptolemy.util.test.junit.AutoTests" name="[80] /home/travis/build/icyphy/ptII/ptolemy/domains/de/test/auto/deInCt2.xml (RunModel)" time="0.016" />
  <testcase classname="ptolemy.util.test.junit.AutoTests" name="[81] /home/travis/build/icyphy/ptII/ptolemy/domains/de/test/auto/dynamicCausalityInterface1.xml (RunModel)" time="0.017" />
  <testcase classname="ptolemy.util.test.junit.AutoTests" name="[82] /home/travis/build/icyphy/ptII/ptolemy/domains/de/test/auto/fsm_de_test.xml (RunModel)" time="0.047" />
  <testcase classname="ptolemy.util.test.junit.AutoTests" name="[83] /home/travis/build/icyphy/ptII/ptolemy/domains/de/test/auto/functionDependencyReconstruction.xml (RunModel)" time="0.029" />
  <testcase classname="ptolemy.util.test.junit.AutoTests" name="[84] /home/travis/build/icyphy/ptII/ptolemy/domains/de/test/auto/multirate.xml (RunModel)" time="0.016" />
  <testcase classname="ptolemy.util.test.junit.AutoTests" name="[85] /home/travis/build/icyphy/ptII/ptolemy/domains/de/test/auto/multirate2.xml (RunModel)" time="0.017" />
  <testcase classname="ptolemy.util.test.junit.AutoTests" name="[86] /home/travis/build/icyphy/ptII/ptolemy/domains/de/test/auto/realtime.xml (RunModel)" time="10.009" />
  <testcase classname="ptolemy.util.test.junit.AutoTests" name="[87] /home/travis/build/icyphy/ptII/ptolemy/domains/de/test/auto/relationGroup.xml (RunModel)" time="0.007" />
  <testcase classname="ptolemy.util.test.junit.AutoTests" name="[88] /home/travis/build/icyphy/ptII/ptolemy/domains/de/test/auto/relationGroup2.xml (RunModel)" time="0.005" />
  <testcase classname="ptolemy.util.test.junit.AutoTests" name="[89] /home/travis/build/icyphy/ptII/ptolemy/domains/de/test/auto/sortWithOpaquePorts.xml (RunModel)" time="0.005" />
  <testcase classname="ptolemy.util.test.junit.AutoTests" name="[90] /home/travis/build/icyphy/ptII/ptolemy/domains/de/test/auto/transferInputsandOutputs.xml (RunModel)" time="0.009" />
  <testcase classname="ptolemy.util.test.junit.AutoTests" name="[91] /home/travis/build/icyphy/ptII/ptolemy/domains/de/test/auto/triggerType.xml (RunModel)" time="0.008" />
  <system-out><![CDATA[/home/travis/build/icyphy/ptII/ptolemy/domains/de/test/DependencyLoop.tcl
testDefs.tcl: setting time out to 9000 seconds at Fri Mar 15 03:46:04 UTC 2019
14 ms. Memory: 116224K Free: 97627K (84%)
32 ms. Memory: 146944K Free: 141186K (96%)
/home/travis/build/icyphy/ptII/ptolemy/domains/de/test/RunDETestsAsQSS.tcl
Run the DE tests using ptolemy.domains.qss.test.QSSDirectorTest, which extends QSSDirector and prints a message in the constructors.
------------------ testing $PTII/ptolemy/domains/de/test/auto/knownFailedTests/dependencyLoop.xml (Known Failure) 
6 ms. Memory: 146944K Free: 136941K (93%)


==== $PTIIhome/travis/build/icyphy/ptII/ptolemy/domains/de/test/../../../../: Auto Automatic test in file $PTII/ptolemy/domains/de/test/auto/knownFailedTests/dependencyLoop.xml
==== Contents of test case:

	    # FIXME: we should use $relativeFilename here, but it
	    # might have backslashes under Windows, which causes no end
	    # of trouble.
	    createAndExecute $file
	    list {}
	
.... Test generated KNOWN error:
    while executing
ptolemy.kernel.util.IllegalActionException: Found a zero delay loop containing .dependencyLoop.original
  in .dependencyLoop and .dependencyLoop.original
	at ptolemy.actor.util.CausalityInterfaceForComposites._computeOutputPortDepth(CausalityInterfaceForComposites.java:759)
	at ptolemy.actor.util.CausalityInterfaceForComposites._computeInputDepth(CausalityInterfaceForComposites.java:696)
	at ptolemy.actor.util.CausalityInterfaceForComposites._computeOutputPortDepth(CausalityInterfaceForComposites.java:765)
	at ptolemy.actor.util.CausalityInterfaceForComposites._computeInputDepth(CausalityInterfaceForComposites.java:696)
	at ptolemy.actor.util.CausalityInterfaceForComposites._computeOutputPortDepth(CausalityInterfaceForComposites.java:765)
	at ptolemy.actor.util.CausalityInterfaceForComposites._computeInputDepth(CausalityInterfaceForComposites.java:696)
	at ptolemy.actor.util.CausalityInterfaceForComposites._computeActorDepth(CausalityInterfaceForComposites.java:532)
	at ptolemy.actor.util.CausalityInterfaceForComposites.checkForCycles(CausalityInterfaceForComposites.java:96)
	at ptolemy.domains.de.kernel.DEDirector.preinitialize(DEDirector.java:1338)
	at ptolemy.actor.CompositeActor.preinitialize(CompositeActor.java:1828)
	at ptolemy.actor.Manager.preinitializeAndResolveTypes(Manager.java:1040)
	at ptolemy.actor.Manager.initialize(Manager.java:710)
	at ptolemy.actor.Manager.execute(Manager.java:356)
	at ptolemy.actor.Manager.run(Manager.java:1263)
	at ptolemy.actor.Manager$PtolemyRunThread.run(Manager.java:1915)

    while executing
ptolemy.kernel.util.IllegalActionException: Found a zero delay loop containing .dependencyLoop.original
  in .dependencyLoop and .dependencyLoop.original
    while executing
"java::new ptolemy.moml.MoMLSimpleApplication $file
"
    (procedure "createAndExecute" line 2)
    invoked from within
"createAndExecute $file"
    ("uplevel" body line 5)
    invoked from within
"uplevel $contents_of_test"
------------------ testing $PTII/ptolemy/domains/de/test/auto/knownFailedTests/DESDFClockTest.xml (Known Failure) 
2081 ms. Memory: 146944K Free: 121379K (83%)


==== $PTIIhome/travis/build/icyphy/ptII/ptolemy/domains/de/test/../../../../: Auto Automatic test in file $PTII/ptolemy/domains/de/test/auto/knownFailedTests/DESDFClockTest.xml
==== Contents of test case:

	    # FIXME: we should use $relativeFilename here, but it
	    # might have backslashes under Windows, which causes no end
	    # of trouble.
	    createAndExecute $file
	    list {}
	
.... Test generated KNOWN error:
    while executing
ptolemy.kernel.util.IllegalActionException: Actor is not ready to fire.  Perhaps UpSample.prefire() returned false? Try debugging the actor by selecting "Listen to Actor".  Also, for SDF check moml for tokenConsumptionRate on input.
  in .DESDFClockTest.Play Bell.Copy1:SDF Director and .DESDFClockTest.Play Bell.UpSample
	at ptolemy.actor.sched.StaticSchedulingDirector.fire(StaticSchedulingDirector.java:227)
	at ptolemy.domains.sdf.kernel.SDFDirector.fire(SDFDirector.java:500)
	at ptolemy.actor.CompositeActor.fire(CompositeActor.java:455)
	at ptolemy.domains.de.kernel.DEDirector._fire(DEDirector.java:1949)
	at ptolemy.domains.de.kernel.DEDirector.fire(DEDirector.java:502)
	at ptolemy.actor.CompositeActor.fire(CompositeActor.java:455)
	at ptolemy.actor.Manager.iterate(Manager.java:851)
	at ptolemy.actor.Manager.execute(Manager.java:369)
	at ptolemy.actor.Manager.run(Manager.java:1263)
	at ptolemy.actor.Manager$PtolemyRunThread.run(Manager.java:1915)

    while executing
ptolemy.kernel.util.IllegalActionException: Actor is not ready to fire.  Perhaps UpSample.prefire() returned false? Try debugging the actor by selecting "Listen to Actor".  Also, for SDF check moml for tokenConsumptionRate on input.
  in .DESDFClockTest.Play Bell.Copy1:SDF Director and .DESDFClockTest.Play Bell.UpSample
    while executing
"java::new ptolemy.moml.MoMLSimpleApplication $file
"
    (procedure "createAndExecute" line 2)
    invoked from within
"createAndExecute $file"
    ("uplevel" body line 5)
    invoked from within
"uplevel $contents_of_test"
------------------ testing $PTII/ptolemy/domains/de/test/auto/knownFailedTests/FSMSource.xml (Known Failure) 
32 ms. Memory: 146944K Free: 112521K (77%)
!!!! Auto was marked as failing, but now passes
------------------ testing $PTII/ptolemy/domains/de/test/auto/knownFailedTests/dependencyLoop2.xml (Known Failure) 
11 ms. Memory: 146944K Free: 110638K (75%)


==== $PTIIhome/travis/build/icyphy/ptII/ptolemy/domains/de/test/../../../../: Auto Automatic test in file $PTII/ptolemy/domains/de/test/auto/knownFailedTests/dependencyLoop2.xml
==== Contents of test case:

	    # FIXME: we should use $relativeFilename here, but it
	    # might have backslashes under Windows, which causes no end
	    # of trouble.
	    createAndExecute $file
	    list {}
	
.... Test generated KNOWN error:
    while executing
ptolemy.kernel.util.IllegalActionException: Found a zero delay loop containing .dependencyLoop2.original
  in .dependencyLoop2 and .dependencyLoop2.original
	at ptolemy.actor.util.CausalityInterfaceForComposites._computeOutputPortDepth(CausalityInterfaceForComposites.java:759)
	at ptolemy.actor.util.CausalityInterfaceForComposites._computeInputDepth(CausalityInterfaceForComposites.java:696)
	at ptolemy.actor.util.CausalityInterfaceForComposites._computeOutputPortDepth(CausalityInterfaceForComposites.java:765)
	at ptolemy.actor.util.CausalityInterfaceForComposites._computeInputDepth(CausalityInterfaceForComposites.java:696)
	at ptolemy.actor.util.CausalityInterfaceForComposites._computeOutputPortDepth(CausalityInterfaceForComposites.java:765)
	at ptolemy.actor.util.CausalityInterfaceForComposites._computeInputDepth(CausalityInterfaceForComposites.java:696)
	at ptolemy.actor.util.CausalityInterfaceForComposites._computeActorDepth(CausalityInterfaceForComposites.java:532)
	at ptolemy.actor.util.CausalityInterfaceForComposites.checkForCycles(CausalityInterfaceForComposites.java:96)
	at ptolemy.domains.de.kernel.DEDirector.preinitialize(DEDirector.java:1338)
	at ptolemy.actor.CompositeActor.preinitialize(CompositeActor.java:1828)
	at ptolemy.actor.Manager.preinitializeAndResolveTypes(Manager.java:1040)
	at ptolemy.actor.Manager.initialize(Manager.java:710)
	at ptolemy.actor.Manager.execute(Manager.java:356)
	at ptolemy.actor.Manager.run(Manager.java:1263)
	at ptolemy.actor.Manager$PtolemyRunThread.run(Manager.java:1915)

    while executing
ptolemy.kernel.util.IllegalActionException: Found a zero delay loop containing .dependencyLoop2.original
  in .dependencyLoop2 and .dependencyLoop2.original
    while executing
"java::new ptolemy.moml.MoMLSimpleApplication $file
"
    (procedure "createAndExecute" line 2)
    invoked from within
"createAndExecute $file"
    ("uplevel" body line 5)
    invoked from within
"uplevel $contents_of_test"
------------------ testing $PTII/ptolemy/domains/de/test/auto/knownFailedTests/HierarchicalModel.xml (Known Failure) 
5 ms. Memory: 146944K Free: 90495K (62%)


==== $PTIIhome/travis/build/icyphy/ptII/ptolemy/domains/de/test/../../../../: Auto Automatic test in file $PTII/ptolemy/domains/de/test/auto/knownFailedTests/HierarchicalModel.xml
==== Contents of test case:

	    # FIXME: we should use $relativeFilename here, but it
	    # might have backslashes under Windows, which causes no end
	    # of trouble.
	    createAndExecute $file
	    list {}
	
.... Test generated KNOWN error:
    while executing
ptolemy.kernel.util.IllegalActionException: Found a zero delay loop containing .HierarchicalModel.A
  in .HierarchicalModel and .HierarchicalModel.A
	at ptolemy.actor.util.CausalityInterfaceForComposites._computeOutputPortDepth(CausalityInterfaceForComposites.java:759)
	at ptolemy.actor.util.CausalityInterfaceForComposites._computeInputDepth(CausalityInterfaceForComposites.java:696)
	at ptolemy.actor.util.CausalityInterfaceForComposites._computeOutputPortDepth(CausalityInterfaceForComposites.java:765)
	at ptolemy.actor.util.CausalityInterfaceForComposites._computeInputDepth(CausalityInterfaceForComposites.java:696)
	at ptolemy.actor.util.CausalityInterfaceForComposites._computeOutputPortDepth(CausalityInterfaceForComposites.java:765)
	at ptolemy.actor.util.CausalityInterfaceForComposites._computeInputDepth(CausalityInterfaceForComposites.java:696)
	at ptolemy.actor.util.CausalityInterfaceForComposites._computeActorDepth(CausalityInterfaceForComposites.java:532)
	at ptolemy.actor.util.CausalityInterfaceForComposites.checkForCycles(CausalityInterfaceForComposites.java:96)
	at ptolemy.domains.de.kernel.DEDirector.preinitialize(DEDirector.java:1338)
	at ptolemy.actor.CompositeActor.preinitialize(CompositeActor.java:1828)
	at ptolemy.actor.Manager.preinitializeAndResolveTypes(Manager.java:1040)
	at ptolemy.actor.Manager.initialize(Manager.java:710)
	at ptolemy.actor.Manager.execute(Manager.java:356)
	at ptolemy.actor.Manager.run(Manager.java:1263)
	at ptolemy.actor.Manager$PtolemyRunThread.run(Manager.java:1915)

    while executing
ptolemy.kernel.util.IllegalActionException: Found a zero delay loop containing .HierarchicalModel.A
  in .HierarchicalModel and .HierarchicalModel.A
    while executing
"java::new ptolemy.moml.MoMLSimpleApplication $file
"
    (procedure "createAndExecute" line 2)
    invoked from within
"createAndExecute $file"
    ("uplevel" body line 5)
    invoked from within
"uplevel $contents_of_test"
------------------ testing $PTII/ptolemy/domains/de/test/auto/knownFailedTests/DirectFeedback.xml (Known Failure) 
8 ms. Memory: 146944K Free: 86386K (59%)


==== $PTIIhome/travis/build/icyphy/ptII/ptolemy/domains/de/test/../../../../: Auto Automatic test in file $PTII/ptolemy/domains/de/test/auto/knownFailedTests/DirectFeedback.xml
==== Contents of test case:

	    # FIXME: we should use $relativeFilename here, but it
	    # might have backslashes under Windows, which causes no end
	    # of trouble.
	    createAndExecute $file
	    list {}
	
.... Test generated KNOWN error:
    while executing
ptolemy.kernel.util.IllegalActionException: Test fails in iteration 1.
Value was: 1.0. Should have been: 2.0
  in .DirectFeedback.Test
	at ptolemy.actor.lib.Test.fire(Test.java:268)
	at ptolemy.domains.de.kernel.DEDirector._fire(DEDirector.java:1949)
	at ptolemy.domains.de.kernel.DEDirector.fire(DEDirector.java:502)
	at ptolemy.actor.CompositeActor.fire(CompositeActor.java:455)
	at ptolemy.actor.Manager.iterate(Manager.java:851)
	at ptolemy.actor.Manager.execute(Manager.java:369)
	at ptolemy.actor.Manager.run(Manager.java:1263)
	at ptolemy.actor.Manager$PtolemyRunThread.run(Manager.java:1915)

    while executing
ptolemy.kernel.util.IllegalActionException: Test fails in iteration 1.
Value was: 1.0. Should have been: 2.0
  in .DirectFeedback.Test
    while executing
"java::new ptolemy.moml.MoMLSimpleApplication $file
"
    (procedure "createAndExecute" line 2)
    invoked from within
"createAndExecute $file"
    ("uplevel" body line 5)
    invoked from within
"uplevel $contents_of_test"
------------------ testing $PTII/ptolemy/domains/de/test/auto/ActorDepthCalculation_actorWithoutPorts.xml
auto.tcl: Setting watchdog for 200 seconds at Fri Mar 15 03:46:07 UTC 2019
5 ms. Memory: 146944K Free: 138984K (95%)
ptolemy.util.test.WatchDog.cancel(): canceling Fri Mar 15 03:46:07 UTC 2019
auto.tcl: Setting watchdog for 200 seconds at Fri Mar 15 03:46:07 UTC 2019
4 ms. Memory: 146944K Free: 137703K (94%)
ptolemy.util.test.WatchDog.cancel(): canceling Fri Mar 15 03:46:07 UTC 2019
------------------ testing $PTII/ptolemy/domains/de/test/auto/AssemblyLine.xml
auto.tcl: Setting watchdog for 200 seconds at Fri Mar 15 03:46:08 UTC 2019
27 ms. Memory: 208384K Free: 183390K (88%)
ptolemy.util.test.WatchDog.cancel(): canceling Fri Mar 15 03:46:08 UTC 2019
auto.tcl: Setting watchdog for 200 seconds at Fri Mar 15 03:46:08 UTC 2019
10 ms. Memory: 208384K Free: 183390K (88%)
ptolemy.util.test.WatchDog.cancel(): canceling Fri Mar 15 03:46:08 UTC 2019
------------------ testing $PTII/ptolemy/domains/de/test/auto/CQBug1.xml
auto.tcl: Setting watchdog for 200 seconds at Fri Mar 15 03:46:08 UTC 2019
3 ms. Memory: 208384K Free: 197899K (95%)
ptolemy.util.test.WatchDog.cancel(): canceling Fri Mar 15 03:46:08 UTC 2019
auto.tcl: Setting watchdog for 200 seconds at Fri Mar 15 03:46:08 UTC 2019
2 ms. Memory: 208384K Free: 197899K (95%)
ptolemy.util.test.WatchDog.cancel(): canceling Fri Mar 15 03:46:08 UTC 2019
------------------ testing $PTII/ptolemy/domains/de/test/auto/CancelFireAt.xml
auto.tcl: Setting watchdog for 200 seconds at Fri Mar 15 03:46:08 UTC 2019
4 ms. Memory: 208384K Free: 201562K (97%)
ptolemy.util.test.WatchDog.cancel(): canceling Fri Mar 15 03:46:08 UTC 2019
auto.tcl: Setting watchdog for 200 seconds at Fri Mar 15 03:46:08 UTC 2019
4 ms. Memory: 208384K Free: 199520K (96%)
ptolemy.util.test.WatchDog.cancel(): canceling Fri Mar 15 03:46:08 UTC 2019
------------------ testing $PTII/ptolemy/domains/de/test/auto/CausalityAndComposabilityAnalysis.xml
auto.tcl: Setting watchdog for 200 seconds at Fri Mar 15 03:46:08 UTC 2019
11 ms. Memory: 208384K Free: 198598K (95%)
ptolemy.util.test.WatchDog.cancel(): canceling Fri Mar 15 03:46:08 UTC 2019
auto.tcl: Setting watchdog for 200 seconds at Fri Mar 15 03:46:08 UTC 2019
5 ms. Memory: 208384K Free: 196556K (94%)
ptolemy.util.test.WatchDog.cancel(): canceling Fri Mar 15 03:46:08 UTC 2019
------------------ testing $PTII/ptolemy/domains/de/test/auto/CausalityInterface1.xml
auto.tcl: Setting watchdog for 200 seconds at Fri Mar 15 03:46:08 UTC 2019
14 ms. Memory: 208384K Free: 196494K (94%)
ptolemy.util.test.WatchDog.cancel(): canceling Fri Mar 15 03:46:08 UTC 2019
auto.tcl: Setting watchdog for 200 seconds at Fri Mar 15 03:46:08 UTC 2019
3 ms. Memory: 208384K Free: 196494K (94%)
ptolemy.util.test.WatchDog.cancel(): canceling Fri Mar 15 03:46:08 UTC 2019
------------------ testing $PTII/ptolemy/domains/de/test/auto/CausalityInterface15.xml
auto.tcl: Setting watchdog for 200 seconds at Fri Mar 15 03:46:08 UTC 2019
7 ms. Memory: 208384K Free: 196452K (94%)
ptolemy.util.test.WatchDog.cancel(): canceling Fri Mar 15 03:46:08 UTC 2019
auto.tcl: Setting watchdog for 200 seconds at Fri Mar 15 03:46:08 UTC 2019
6 ms. Memory: 208384K Free: 196452K (94%)
ptolemy.util.test.WatchDog.cancel(): canceling Fri Mar 15 03:46:08 UTC 2019
------------------ testing $PTII/ptolemy/domains/de/test/auto/CausalityInterface2.xml
auto.tcl: Setting watchdog for 200 seconds at Fri Mar 15 03:46:08 UTC 2019
4 ms. Memory: 208384K Free: 196988K (95%)
ptolemy.util.test.WatchDog.cancel(): canceling Fri Mar 15 03:46:08 UTC 2019
auto.tcl: Setting watchdog for 200 seconds at Fri Mar 15 03:46:08 UTC 2019
7 ms. Memory: 208384K Free: 196988K (95%)
ptolemy.util.test.WatchDog.cancel(): canceling Fri Mar 15 03:46:08 UTC 2019
------------------ testing $PTII/ptolemy/domains/de/test/auto/CausalityInterface3.xml
auto.tcl: Setting watchdog for 200 seconds at Fri Mar 15 03:46:08 UTC 2019
5 ms. Memory: 208384K Free: 196482K (94%)
ptolemy.util.test.WatchDog.cancel(): canceling Fri Mar 15 03:46:09 UTC 2019
auto.tcl: Setting watchdog for 200 seconds at Fri Mar 15 03:46:09 UTC 2019
7 ms. Memory: 208384K Free: 196482K (94%)
ptolemy.util.test.WatchDog.cancel(): canceling Fri Mar 15 03:46:09 UTC 2019
------------------ testing $PTII/ptolemy/domains/de/test/auto/ClockDrift.xml
auto.tcl: Setting watchdog for 200 seconds at Fri Mar 15 03:46:09 UTC 2019
57 ms. Memory: 208384K Free: 187886K (90%)
ptolemy.util.test.WatchDog.cancel(): canceling Fri Mar 15 03:46:09 UTC 2019
auto.tcl: Setting watchdog for 200 seconds at Fri Mar 15 03:46:09 UTC 2019
37 ms. Memory: 208384K Free: 185844K (89%)
ptolemy.util.test.WatchDog.cancel(): canceling Fri Mar 15 03:46:09 UTC 2019
------------------ testing $PTII/ptolemy/domains/de/test/auto/ClockDriftAndValueChange.xml
auto.tcl: Setting watchdog for 200 seconds at Fri Mar 15 03:46:09 UTC 2019
35 ms. Memory: 208384K Free: 189766K (91%)
ptolemy.util.test.WatchDog.cancel(): canceling Fri Mar 15 03:46:09 UTC 2019
auto.tcl: Setting watchdog for 200 seconds at Fri Mar 15 03:46:09 UTC 2019
34 ms. Memory: 208384K Free: 185681K (89%)
ptolemy.util.test.WatchDog.cancel(): canceling Fri Mar 15 03:46:09 UTC 2019
------------------ testing $PTII/ptolemy/domains/de/test/auto/ClockDriftChange.xml
auto.tcl: Setting watchdog for 200 seconds at Fri Mar 15 03:46:09 UTC 2019
40 ms. Memory: 208384K Free: 190991K (92%)
ptolemy.util.test.WatchDog.cancel(): canceling Fri Mar 15 03:46:09 UTC 2019
auto.tcl: Setting watchdog for 200 seconds at Fri Mar 15 03:46:09 UTC 2019
37 ms. Memory: 208384K Free: 188948K (91%)
ptolemy.util.test.WatchDog.cancel(): canceling Fri Mar 15 03:46:09 UTC 2019
------------------ testing $PTII/ptolemy/domains/de/test/auto/ComposableCausalityAnalysis.xml
auto.tcl: Setting watchdog for 200 seconds at Fri Mar 15 03:46:09 UTC 2019
9 ms. Memory: 208384K Free: 196338K (94%)
ptolemy.util.test.WatchDog.cancel(): canceling Fri Mar 15 03:46:09 UTC 2019
auto.tcl: Setting watchdog for 200 seconds at Fri Mar 15 03:46:09 UTC 2019
1 ms. Memory: 208384K Free: 194296K (93%)
ptolemy.util.test.WatchDog.cancel(): canceling Fri Mar 15 03:46:09 UTC 2019
------------------ testing $PTII/ptolemy/domains/de/test/auto/DEFixedPointLimitation.xml
auto.tcl: Setting watchdog for 200 seconds at Fri Mar 15 03:46:09 UTC 2019
3 ms. Memory: 208384K Free: 198461K (95%)
ptolemy.util.test.WatchDog.cancel(): canceling Fri Mar 15 03:46:09 UTC 2019
auto.tcl: Setting watchdog for 200 seconds at Fri Mar 15 03:46:09 UTC 2019
2 ms. Memory: 208384K Free: 196419K (94%)
ptolemy.util.test.WatchDog.cancel(): canceling Fri Mar 15 03:46:09 UTC 2019
------------------ testing $PTII/ptolemy/domains/de/test/auto/DEScheduleTest.xml
auto.tcl: Setting watchdog for 200 seconds at Fri Mar 15 03:46:09 UTC 2019
6 ms. Memory: 208384K Free: 198497K (95%)
ptolemy.util.test.WatchDog.cancel(): canceling Fri Mar 15 03:46:09 UTC 2019
auto.tcl: Setting watchdog for 200 seconds at Fri Mar 15 03:46:09 UTC 2019
4 ms. Memory: 208384K Free: 196454K (94%)
ptolemy.util.test.WatchDog.cancel(): canceling Fri Mar 15 03:46:09 UTC 2019
------------------ testing $PTII/ptolemy/domains/de/test/auto/DEinDEwithStartTimes.xml
auto.tcl: Setting watchdog for 200 seconds at Fri Mar 15 03:46:09 UTC 2019
5 ms. Memory: 208384K Free: 196424K (94%)
ptolemy.util.test.WatchDog.cancel(): canceling Fri Mar 15 03:46:09 UTC 2019
auto.tcl: Setting watchdog for 200 seconds at Fri Mar 15 03:46:09 UTC 2019
5 ms. Memory: 208384K Free: 196424K (94%)
ptolemy.util.test.WatchDog.cancel(): canceling Fri Mar 15 03:46:09 UTC 2019
------------------ testing $PTII/ptolemy/domains/de/test/auto/DEinDEwithStartTimes2.xml
auto.tcl: Setting watchdog for 200 seconds at Fri Mar 15 03:46:09 UTC 2019
8 ms. Memory: 208384K Free: 196404K (94%)
ptolemy.util.test.WatchDog.cancel(): canceling Fri Mar 15 03:46:10 UTC 2019
auto.tcl: Setting watchdog for 200 seconds at Fri Mar 15 03:46:10 UTC 2019
4 ms. Memory: 208384K Free: 194361K (93%)
ptolemy.util.test.WatchDog.cancel(): canceling Fri Mar 15 03:46:10 UTC 2019
------------------ testing $PTII/ptolemy/domains/de/test/auto/DateDemo.xml
auto.tcl: Setting watchdog for 200 seconds at Fri Mar 15 03:46:10 UTC 2019
16 ms. Memory: 208384K Free: 189022K (91%)
ptolemy.util.test.WatchDog.cancel(): canceling Fri Mar 15 03:46:10 UTC 2019
auto.tcl: Setting watchdog for 200 seconds at Fri Mar 15 03:46:10 UTC 2019
6 ms. Memory: 208384K Free: 186979K (90%)
ptolemy.util.test.WatchDog.cancel(): canceling Fri Mar 15 03:46:10 UTC 2019
------------------ testing $PTII/ptolemy/domains/de/test/auto/DateToEvent.xml
auto.tcl: Setting watchdog for 200 seconds at Fri Mar 15 03:46:10 UTC 2019
2021 ms. Memory: 208384K Free: 183885K (88%)
ptolemy.util.test.WatchDog.cancel(): canceling Fri Mar 15 03:46:12 UTC 2019
auto.tcl: Setting watchdog for 200 seconds at Fri Mar 15 03:46:12 UTC 2019
2003 ms. Memory: 208384K Free: 181428K (87%)
ptolemy.util.test.WatchDog.cancel(): canceling Fri Mar 15 03:46:14 UTC 2019
------------------ testing $PTII/ptolemy/domains/de/test/auto/DepthTest1.xml
auto.tcl: Setting watchdog for 200 seconds at Fri Mar 15 03:46:14 UTC 2019
7 ms. Memory: 208384K Free: 198023K (95%)
ptolemy.util.test.WatchDog.cancel(): canceling Fri Mar 15 03:46:14 UTC 2019
auto.tcl: Setting watchdog for 200 seconds at Fri Mar 15 03:46:14 UTC 2019
4 ms. Memory: 208384K Free: 198023K (95%)
ptolemy.util.test.WatchDog.cancel(): canceling Fri Mar 15 03:46:14 UTC 2019
------------------ testing $PTII/ptolemy/domains/de/test/auto/DepthTest2.xml
auto.tcl: Setting watchdog for 200 seconds at Fri Mar 15 03:46:14 UTC 2019
4 ms. Memory: 208384K Free: 194372K (93%)
ptolemy.util.test.WatchDog.cancel(): canceling Fri Mar 15 03:46:14 UTC 2019
auto.tcl: Setting watchdog for 200 seconds at Fri Mar 15 03:46:14 UTC 2019
2 ms. Memory: 208384K Free: 194372K (93%)
ptolemy.util.test.WatchDog.cancel(): canceling Fri Mar 15 03:46:14 UTC 2019
------------------ testing $PTII/ptolemy/domains/de/test/auto/DepthTest3.xml
auto.tcl: Setting watchdog for 200 seconds at Fri Mar 15 03:46:14 UTC 2019
2 ms. Memory: 208384K Free: 198877K (95%)
ptolemy.util.test.WatchDog.cancel(): canceling Fri Mar 15 03:46:14 UTC 2019
auto.tcl: Setting watchdog for 200 seconds at Fri Mar 15 03:46:14 UTC 2019
2 ms. Memory: 208384K Free: 198877K (95%)
ptolemy.util.test.WatchDog.cancel(): canceling Fri Mar 15 03:46:14 UTC 2019
------------------ testing $PTII/ptolemy/domains/de/test/auto/DepthTest4.xml
auto.tcl: Setting watchdog for 200 seconds at Fri Mar 15 03:46:14 UTC 2019
6 ms. Memory: 208384K Free: 196923K (95%)
ptolemy.util.test.WatchDog.cancel(): canceling Fri Mar 15 03:46:14 UTC 2019
auto.tcl: Setting watchdog for 200 seconds at Fri Mar 15 03:46:14 UTC 2019
3 ms. Memory: 208384K Free: 196923K (95%)
ptolemy.util.test.WatchDog.cancel(): canceling Fri Mar 15 03:46:14 UTC 2019
------------------ testing $PTII/ptolemy/domains/de/test/auto/DepthTest5.xml
auto.tcl: Setting watchdog for 200 seconds at Fri Mar 15 03:46:14 UTC 2019
5 ms. Memory: 208384K Free: 196351K (94%)
ptolemy.util.test.WatchDog.cancel(): canceling Fri Mar 15 03:46:14 UTC 2019
auto.tcl: Setting watchdog for 200 seconds at Fri Mar 15 03:46:14 UTC 2019
2 ms. Memory: 208384K Free: 196351K (94%)
ptolemy.util.test.WatchDog.cancel(): canceling Fri Mar 15 03:46:14 UTC 2019
------------------ testing $PTII/ptolemy/domains/de/test/auto/DepthTest6.xml
auto.tcl: Setting watchdog for 200 seconds at Fri Mar 15 03:46:14 UTC 2019
6 ms. Memory: 208384K Free: 196327K (94%)
ptolemy.util.test.WatchDog.cancel(): canceling Fri Mar 15 03:46:14 UTC 2019
auto.tcl: Setting watchdog for 200 seconds at Fri Mar 15 03:46:14 UTC 2019
3 ms. Memory: 208384K Free: 196327K (94%)
ptolemy.util.test.WatchDog.cancel(): canceling Fri Mar 15 03:46:14 UTC 2019
------------------ testing $PTII/ptolemy/domains/de/test/auto/DepthTest7.xml
auto.tcl: Setting watchdog for 200 seconds at Fri Mar 15 03:46:14 UTC 2019
3 ms. Memory: 208384K Free: 196308K (94%)
ptolemy.util.test.WatchDog.cancel(): canceling Fri Mar 15 03:46:14 UTC 2019
auto.tcl: Setting watchdog for 200 seconds at Fri Mar 15 03:46:14 UTC 2019
3 ms. Memory: 208384K Free: 196308K (94%)
ptolemy.util.test.WatchDog.cancel(): canceling Fri Mar 15 03:46:14 UTC 2019
------------------ testing $PTII/ptolemy/domains/de/test/auto/EventToDate.xml
auto.tcl: Setting watchdog for 200 seconds at Fri Mar 15 03:46:14 UTC 2019
3006 ms. Memory: 208384K Free: 186110K (89%)
ptolemy.util.test.WatchDog.cancel(): canceling Fri Mar 15 03:46:17 UTC 2019
auto.tcl: Setting watchdog for 200 seconds at Fri Mar 15 03:46:17 UTC 2019
3005 ms. Memory: 208384K Free: 186110K (89%)
ptolemy.util.test.WatchDog.cancel(): canceling Fri Mar 15 03:46:20 UTC 2019
------------------ testing $PTII/ptolemy/domains/de/test/auto/FSM1.xml
auto.tcl: Setting watchdog for 200 seconds at Fri Mar 15 03:46:21 UTC 2019
30 ms. Memory: 208384K Free: 189476K (91%)
ptolemy.util.test.WatchDog.cancel(): canceling Fri Mar 15 03:46:21 UTC 2019
auto.tcl: Setting watchdog for 200 seconds at Fri Mar 15 03:46:21 UTC 2019
21 ms. Memory: 208384K Free: 185391K (89%)
ptolemy.util.test.WatchDog.cancel(): canceling Fri Mar 15 03:46:21 UTC 2019
------------------ testing $PTII/ptolemy/domains/de/test/auto/FSM7.xml
auto.tcl: Setting watchdog for 200 seconds at Fri Mar 15 03:46:21 UTC 2019
13 ms. Memory: 208384K Free: 189679K (91%)
ptolemy.util.test.WatchDog.cancel(): canceling Fri Mar 15 03:46:21 UTC 2019
auto.tcl: Setting watchdog for 200 seconds at Fri Mar 15 03:46:21 UTC 2019
13 ms. Memory: 208384K Free: 185594K (89%)
ptolemy.util.test.WatchDog.cancel(): canceling Fri Mar 15 03:46:21 UTC 2019
------------------ testing $PTII/ptolemy/domains/de/test/auto/Inspection.xml
auto.tcl: Setting watchdog for 200 seconds at Fri Mar 15 03:46:21 UTC 2019
36 ms. Memory: 208384K Free: 189371K (91%)
ptolemy.util.test.WatchDog.cancel(): canceling Fri Mar 15 03:46:21 UTC 2019
auto.tcl: Setting watchdog for 200 seconds at Fri Mar 15 03:46:21 UTC 2019
19 ms. Memory: 208384K Free: 187328K (90%)
ptolemy.util.test.WatchDog.cancel(): canceling Fri Mar 15 03:46:21 UTC 2019
------------------ testing $PTII/ptolemy/domains/de/test/auto/Iteration.xml
auto.tcl: Setting watchdog for 200 seconds at Fri Mar 15 03:46:21 UTC 2019
11 ms. Memory: 208384K Free: 196635K (94%)
ptolemy.util.test.WatchDog.cancel(): canceling Fri Mar 15 03:46:21 UTC 2019
auto.tcl: Setting watchdog for 200 seconds at Fri Mar 15 03:46:21 UTC 2019
7 ms. Memory: 208384K Free: 194593K (93%)
ptolemy.util.test.WatchDog.cancel(): canceling Fri Mar 15 03:46:21 UTC 2019
------------------ testing $PTII/ptolemy/domains/de/test/auto/LineFault.xml
auto.tcl: Setting watchdog for 200 seconds at Fri Mar 15 03:46:21 UTC 2019
781 ms. Memory: 208384K Free: 200410K (96%)
ptolemy.util.test.WatchDog.cancel(): canceling Fri Mar 15 03:46:22 UTC 2019
auto.tcl: Setting watchdog for 200 seconds at Fri Mar 15 03:46:22 UTC 2019
607 ms. Memory: 208384K Free: 142960K (69%)
ptolemy.util.test.WatchDog.cancel(): canceling Fri Mar 15 03:46:23 UTC 2019
------------------ testing $PTII/ptolemy/domains/de/test/auto/MergeModel1Add.xml
auto.tcl: Setting watchdog for 200 seconds at Fri Mar 15 03:46:23 UTC 2019
29 ms. Memory: 331264K Free: 300784K (91%)
ptolemy.util.test.WatchDog.cancel(): canceling Fri Mar 15 03:46:23 UTC 2019
auto.tcl: Setting watchdog for 200 seconds at Fri Mar 15 03:46:23 UTC 2019
17 ms. Memory: 331264K Free: 300784K (91%)
ptolemy.util.test.WatchDog.cancel(): canceling Fri Mar 15 03:46:23 UTC 2019
------------------ testing $PTII/ptolemy/domains/de/test/auto/MergeModel2Add.xml
auto.tcl: Setting watchdog for 200 seconds at Fri Mar 15 03:46:23 UTC 2019
12 ms. Memory: 331264K Free: 305723K (92%)
ptolemy.util.test.WatchDog.cancel(): canceling Fri Mar 15 03:46:23 UTC 2019
auto.tcl: Setting watchdog for 200 seconds at Fri Mar 15 03:46:23 UTC 2019
13 ms. Memory: 331264K Free: 302154K (91%)
ptolemy.util.test.WatchDog.cancel(): canceling Fri Mar 15 03:46:23 UTC 2019
------------------ testing $PTII/ptolemy/domains/de/test/auto/MergeModel3Add.xml
auto.tcl: Setting watchdog for 200 seconds at Fri Mar 15 03:46:23 UTC 2019
14 ms. Memory: 331264K Free: 305702K (92%)
ptolemy.util.test.WatchDog.cancel(): canceling Fri Mar 15 03:46:23 UTC 2019
auto.tcl: Setting watchdog for 200 seconds at Fri Mar 15 03:46:23 UTC 2019
6 ms. Memory: 331264K Free: 302132K (91%)
ptolemy.util.test.WatchDog.cancel(): canceling Fri Mar 15 03:46:23 UTC 2019
------------------ testing $PTII/ptolemy/domains/de/test/auto/MergeWithoutDiscard.xml
auto.tcl: Setting watchdog for 200 seconds at Fri Mar 15 03:46:23 UTC 2019
4 ms. Memory: 331264K Free: 316439K (96%)
ptolemy.util.test.WatchDog.cancel(): canceling Fri Mar 15 03:46:23 UTC 2019
auto.tcl: Setting watchdog for 200 seconds at Fri Mar 15 03:46:23 UTC 2019
2 ms. Memory: 331264K Free: 316439K (96%)
ptolemy.util.test.WatchDog.cancel(): canceling Fri Mar 15 03:46:23 UTC 2019
------------------ testing $PTII/ptolemy/domains/de/test/auto/Modal1.xml
auto.tcl: Setting watchdog for 200 seconds at Fri Mar 15 03:46:23 UTC 2019
21 ms. Memory: 331264K Free: 310710K (94%)
ptolemy.util.test.WatchDog.cancel(): canceling Fri Mar 15 03:46:23 UTC 2019
auto.tcl: Setting watchdog for 200 seconds at Fri Mar 15 03:46:23 UTC 2019
14 ms. Memory: 331264K Free: 307140K (93%)
ptolemy.util.test.WatchDog.cancel(): canceling Fri Mar 15 03:46:23 UTC 2019
------------------ testing $PTII/ptolemy/domains/de/test/auto/Modal2.xml
auto.tcl: Setting watchdog for 200 seconds at Fri Mar 15 03:46:23 UTC 2019
11 ms. Memory: 331264K Free: 310599K (94%)
ptolemy.util.test.WatchDog.cancel(): canceling Fri Mar 15 03:46:23 UTC 2019
auto.tcl: Setting watchdog for 200 seconds at Fri Mar 15 03:46:23 UTC 2019
12 ms. Memory: 331264K Free: 307029K (93%)
ptolemy.util.test.WatchDog.cancel(): canceling Fri Mar 15 03:46:23 UTC 2019
------------------ testing $PTII/ptolemy/domains/de/test/auto/Modal3.xml
auto.tcl: Setting watchdog for 200 seconds at Fri Mar 15 03:46:23 UTC 2019
15 ms. Memory: 331264K Free: 311047K (94%)
ptolemy.util.test.WatchDog.cancel(): canceling Fri Mar 15 03:46:23 UTC 2019
auto.tcl: Setting watchdog for 200 seconds at Fri Mar 15 03:46:23 UTC 2019
10 ms. Memory: 331264K Free: 306803K (93%)
ptolemy.util.test.WatchDog.cancel(): canceling Fri Mar 15 03:46:23 UTC 2019
------------------ testing $PTII/ptolemy/domains/de/test/auto/Modal4.xml
auto.tcl: Setting watchdog for 200 seconds at Fri Mar 15 03:46:24 UTC 2019
24 ms. Memory: 331264K Free: 310385K (94%)
ptolemy.util.test.WatchDog.cancel(): canceling Fri Mar 15 03:46:24 UTC 2019
auto.tcl: Setting watchdog for 200 seconds at Fri Mar 15 03:46:24 UTC 2019
21 ms. Memory: 331264K Free: 306815K (93%)
ptolemy.util.test.WatchDog.cancel(): canceling Fri Mar 15 03:46:24 UTC 2019
------------------ testing $PTII/ptolemy/domains/de/test/auto/Modal5.xml
auto.tcl: Setting watchdog for 200 seconds at Fri Mar 15 03:46:24 UTC 2019
16 ms. Memory: 331264K Free: 310371K (94%)
ptolemy.util.test.WatchDog.cancel(): canceling Fri Mar 15 03:46:24 UTC 2019
auto.tcl: Setting watchdog for 200 seconds at Fri Mar 15 03:46:24 UTC 2019
13 ms. Memory: 331264K Free: 306801K (93%)
ptolemy.util.test.WatchDog.cancel(): canceling Fri Mar 15 03:46:24 UTC 2019
------------------ testing $PTII/ptolemy/domains/de/test/auto/Modal6.xml
auto.tcl: Setting watchdog for 200 seconds at Fri Mar 15 03:46:24 UTC 2019
13 ms. Memory: 331264K Free: 310368K (94%)
ptolemy.util.test.WatchDog.cancel(): canceling Fri Mar 15 03:46:24 UTC 2019
auto.tcl: Setting watchdog for 200 seconds at Fri Mar 15 03:46:24 UTC 2019
11 ms. Memory: 331264K Free: 306799K (93%)
ptolemy.util.test.WatchDog.cancel(): canceling Fri Mar 15 03:46:24 UTC 2019
------------------ testing $PTII/ptolemy/domains/de/test/auto/Modal7.xml
auto.tcl: Setting watchdog for 200 seconds at Fri Mar 15 03:46:24 UTC 2019
20 ms. Memory: 331264K Free: 306799K (93%)
ptolemy.util.test.WatchDog.cancel(): canceling Fri Mar 15 03:46:24 UTC 2019
auto.tcl: Setting watchdog for 200 seconds at Fri Mar 15 03:46:24 UTC 2019
10 ms. Memory: 331264K Free: 303230K (92%)
ptolemy.util.test.WatchDog.cancel(): canceling Fri Mar 15 03:46:24 UTC 2019
------------------ testing $PTII/ptolemy/domains/de/test/auto/ModalModel.xml
auto.tcl: Setting watchdog for 200 seconds at Fri Mar 15 03:46:24 UTC 2019
194 ms. Memory: 331264K Free: 248018K (75%)
ptolemy.util.test.WatchDog.cancel(): canceling Fri Mar 15 03:46:24 UTC 2019
auto.tcl: Setting watchdog for 200 seconds at Fri Mar 15 03:46:24 UTC 2019
188 ms. Memory: 331264K Free: 190906K (58%)
ptolemy.util.test.WatchDog.cancel(): canceling Fri Mar 15 03:46:24 UTC 2019
------------------ testing $PTII/ptolemy/domains/de/test/auto/ModalSource.xml
auto.tcl: Setting watchdog for 200 seconds at Fri Mar 15 03:46:25 UTC 2019
10 ms. Memory: 331264K Free: 316650K (96%)
ptolemy.util.test.WatchDog.cancel(): canceling Fri Mar 15 03:46:25 UTC 2019
auto.tcl: Setting watchdog for 200 seconds at Fri Mar 15 03:46:25 UTC 2019
6 ms. Memory: 331264K Free: 313381K (95%)
ptolemy.util.test.WatchDog.cancel(): canceling Fri Mar 15 03:46:25 UTC 2019
------------------ testing $PTII/ptolemy/domains/de/test/auto/NonInterruptibleTimerZeroDelay.xml
auto.tcl: Setting watchdog for 200 seconds at Fri Mar 15 03:46:25 UTC 2019
5 ms. Memory: 331264K Free: 321010K (97%)
ptolemy.util.test.WatchDog.cancel(): canceling Fri Mar 15 03:46:25 UTC 2019
auto.tcl: Setting watchdog for 200 seconds at Fri Mar 15 03:46:25 UTC 2019
2 ms. Memory: 331264K Free: 317741K (96%)
ptolemy.util.test.WatchDog.cancel(): canceling Fri Mar 15 03:46:25 UTC 2019
------------------ testing $PTII/ptolemy/domains/de/test/auto/OpenQueueingNetwork.xml
auto.tcl: Setting watchdog for 200 seconds at Fri Mar 15 03:46:25 UTC 2019
2714 ms. Memory: 317952K Free: 142442K (45%)
ptolemy.util.test.WatchDog.cancel(): canceling Fri Mar 15 03:46:28 UTC 2019
auto.tcl: Setting watchdog for 200 seconds at Fri Mar 15 03:46:28 UTC 2019
2360 ms. Memory: 287232K Free: 203348K (71%)
ptolemy.util.test.WatchDog.cancel(): canceling Fri Mar 15 03:46:30 UTC 2019
------------------ testing $PTII/ptolemy/domains/de/test/auto/OpenQueuingNetwork.xml
auto.tcl: Setting watchdog for 200 seconds at Fri Mar 15 03:46:30 UTC 2019
237 ms. Memory: 287232K Free: 179822K (63%)
ptolemy.util.test.WatchDog.cancel(): canceling Fri Mar 15 03:46:30 UTC 2019
auto.tcl: Setting watchdog for 200 seconds at Fri Mar 15 03:46:30 UTC 2019
240 ms. Memory: 287232K Free: 117828K (41%)
ptolemy.util.test.WatchDog.cancel(): canceling Fri Mar 15 03:46:31 UTC 2019
------------------ testing $PTII/ptolemy/domains/de/test/auto/PeriodicSampler.xml
auto.tcl: Setting watchdog for 200 seconds at Fri Mar 15 03:46:31 UTC 2019
3 ms. Memory: 289792K Free: 279790K (97%)
ptolemy.util.test.WatchDog.cancel(): canceling Fri Mar 15 03:46:31 UTC 2019
auto.tcl: Setting watchdog for 200 seconds at Fri Mar 15 03:46:31 UTC 2019
2 ms. Memory: 289792K Free: 276982K (96%)
ptolemy.util.test.WatchDog.cancel(): canceling Fri Mar 15 03:46:31 UTC 2019
------------------ testing $PTII/ptolemy/domains/de/test/auto/PersistentIO.xml
auto.tcl: Setting watchdog for 200 seconds at Fri Mar 15 03:46:31 UTC 2019
4 ms. Memory: 287232K Free: 269406K (94%)
ptolemy.util.test.WatchDog.cancel(): canceling Fri Mar 15 03:46:31 UTC 2019
auto.tcl: Setting watchdog for 200 seconds at Fri Mar 15 03:46:31 UTC 2019
4 ms. Memory: 287232K Free: 269406K (94%)
ptolemy.util.test.WatchDog.cancel(): canceling Fri Mar 15 03:46:31 UTC 2019
------------------ testing $PTII/ptolemy/domains/de/test/auto/PortParameterResetOnInitialize.xml
auto.tcl: Setting watchdog for 200 seconds at Fri Mar 15 03:46:31 UTC 2019
3 ms. Memory: 289280K Free: 274718K (95%)
ptolemy.util.test.WatchDog.cancel(): canceling Fri Mar 15 03:46:31 UTC 2019
auto.tcl: Setting watchdog for 200 seconds at Fri Mar 15 03:46:31 UTC 2019
1 ms. Memory: 289280K Free: 274718K (95%)
ptolemy.util.test.WatchDog.cancel(): canceling Fri Mar 15 03:46:31 UTC 2019
------------------ testing $PTII/ptolemy/domains/de/test/auto/PortParameterUpdates.xml
auto.tcl: Setting watchdog for 200 seconds at Fri Mar 15 03:46:31 UTC 2019
4 ms. Memory: 287232K Free: 275016K (96%)
ptolemy.util.test.WatchDog.cancel(): canceling Fri Mar 15 03:46:31 UTC 2019
auto.tcl: Setting watchdog for 200 seconds at Fri Mar 15 03:46:31 UTC 2019
3 ms. Memory: 287232K Free: 272208K (95%)
ptolemy.util.test.WatchDog.cancel(): canceling Fri Mar 15 03:46:31 UTC 2019
------------------ testing $PTII/ptolemy/domains/de/test/auto/QueueAndServer.xml
auto.tcl: Setting watchdog for 200 seconds at Fri Mar 15 03:46:31 UTC 2019
19 ms. Memory: 289280K Free: 274064K (95%)
ptolemy.util.test.WatchDog.cancel(): canceling Fri Mar 15 03:46:31 UTC 2019
auto.tcl: Setting watchdog for 200 seconds at Fri Mar 15 03:46:31 UTC 2019
6 ms. Memory: 289280K Free: 274064K (95%)
ptolemy.util.test.WatchDog.cancel(): canceling Fri Mar 15 03:46:31 UTC 2019
------------------ testing $PTII/ptolemy/domains/de/test/auto/Records.xml
auto.tcl: Setting watchdog for 200 seconds at Fri Mar 15 03:46:31 UTC 2019
11 ms. Memory: 287232K Free: 274767K (96%)
ptolemy.util.test.WatchDog.cancel(): canceling Fri Mar 15 03:46:31 UTC 2019
auto.tcl: Setting watchdog for 200 seconds at Fri Mar 15 03:46:31 UTC 2019
1 ms. Memory: 287232K Free: 274767K (96%)
ptolemy.util.test.WatchDog.cancel(): canceling Fri Mar 15 03:46:31 UTC 2019
------------------ testing $PTII/ptolemy/domains/de/test/auto/ResetTransitionWithStartTime1.xml
auto.tcl: Setting watchdog for 200 seconds at Fri Mar 15 03:46:31 UTC 2019
12 ms. Memory: 288768K Free: 273519K (95%)
ptolemy.util.test.WatchDog.cancel(): canceling Fri Mar 15 03:46:31 UTC 2019
auto.tcl: Setting watchdog for 200 seconds at Fri Mar 15 03:46:31 UTC 2019
6 ms. Memory: 288768K Free: 270711K (94%)
ptolemy.util.test.WatchDog.cancel(): canceling Fri Mar 15 03:46:31 UTC 2019
------------------ testing $PTII/ptolemy/domains/de/test/auto/ResetTransitionWithStartTime2.xml
auto.tcl: Setting watchdog for 200 seconds at Fri Mar 15 03:46:31 UTC 2019
5 ms. Memory: 287232K Free: 272130K (95%)
ptolemy.util.test.WatchDog.cancel(): canceling Fri Mar 15 03:46:31 UTC 2019
auto.tcl: Setting watchdog for 200 seconds at Fri Mar 15 03:46:31 UTC 2019
5 ms. Memory: 287232K Free: 269322K (94%)
ptolemy.util.test.WatchDog.cancel(): canceling Fri Mar 15 03:46:31 UTC 2019
------------------ testing $PTII/ptolemy/domains/de/test/auto/ResetTransitionWithStartTime3.xml
auto.tcl: Setting watchdog for 200 seconds at Fri Mar 15 03:46:31 UTC 2019
9 ms. Memory: 288768K Free: 273665K (95%)
ptolemy.util.test.WatchDog.cancel(): canceling Fri Mar 15 03:46:31 UTC 2019
auto.tcl: Setting watchdog for 200 seconds at Fri Mar 15 03:46:31 UTC 2019
5 ms. Memory: 288768K Free: 270857K (94%)
ptolemy.util.test.WatchDog.cancel(): canceling Fri Mar 15 03:46:31 UTC 2019
------------------ testing $PTII/ptolemy/domains/de/test/auto/ResetTransitionWithStartTime4.xml
auto.tcl: Setting watchdog for 200 seconds at Fri Mar 15 03:46:31 UTC 2019
4 ms. Memory: 287232K Free: 269915K (94%)
ptolemy.util.test.WatchDog.cancel(): canceling Fri Mar 15 03:46:31 UTC 2019
auto.tcl: Setting watchdog for 200 seconds at Fri Mar 15 03:46:31 UTC 2019
4 ms. Memory: 287232K Free: 269915K (94%)
ptolemy.util.test.WatchDog.cancel(): canceling Fri Mar 15 03:46:31 UTC 2019
------------------ testing $PTII/ptolemy/domains/de/test/auto/ResettableTimer1.xml
auto.tcl: Setting watchdog for 200 seconds at Fri Mar 15 03:46:31 UTC 2019
2 ms. Memory: 288768K Free: 276312K (96%)
ptolemy.util.test.WatchDog.cancel(): canceling Fri Mar 15 03:46:31 UTC 2019
auto.tcl: Setting watchdog for 200 seconds at Fri Mar 15 03:46:31 UTC 2019
2 ms. Memory: 288768K Free: 276312K (96%)
ptolemy.util.test.WatchDog.cancel(): canceling Fri Mar 15 03:46:31 UTC 2019
------------------ testing $PTII/ptolemy/domains/de/test/auto/ResettableTimer2.xml
auto.tcl: Setting watchdog for 200 seconds at Fri Mar 15 03:46:31 UTC 2019
2 ms. Memory: 287232K Free: 274990K (96%)
ptolemy.util.test.WatchDog.cancel(): canceling Fri Mar 15 03:46:31 UTC 2019
auto.tcl: Setting watchdog for 200 seconds at Fri Mar 15 03:46:31 UTC 2019
2 ms. Memory: 287232K Free: 274990K (96%)
ptolemy.util.test.WatchDog.cancel(): canceling Fri Mar 15 03:46:31 UTC 2019
------------------ testing $PTII/ptolemy/domains/de/test/auto/ResettableTimer3.xml
auto.tcl: Setting watchdog for 200 seconds at Fri Mar 15 03:46:31 UTC 2019
1 ms. Memory: 288256K Free: 273799K (95%)
ptolemy.util.test.WatchDog.cancel(): canceling Fri Mar 15 03:46:31 UTC 2019
auto.tcl: Setting watchdog for 200 seconds at Fri Mar 15 03:46:31 UTC 2019
1 ms. Memory: 288256K Free: 273799K (95%)
ptolemy.util.test.WatchDog.cancel(): canceling Fri Mar 15 03:46:31 UTC 2019
------------------ testing $PTII/ptolemy/domains/de/test/auto/ResettableTimer4.xml
auto.tcl: Setting watchdog for 200 seconds at Fri Mar 15 03:46:31 UTC 2019
1 ms. Memory: 287232K Free: 275002K (96%)
ptolemy.util.test.WatchDog.cancel(): canceling Fri Mar 15 03:46:31 UTC 2019
auto.tcl: Setting watchdog for 200 seconds at Fri Mar 15 03:46:31 UTC 2019
2 ms. Memory: 287232K Free: 275002K (96%)
ptolemy.util.test.WatchDog.cancel(): canceling Fri Mar 15 03:46:31 UTC 2019
------------------ testing $PTII/ptolemy/domains/de/test/auto/ResettableTimer5.xml
auto.tcl: Setting watchdog for 200 seconds at Fri Mar 15 03:46:32 UTC 2019
1 ms. Memory: 288256K Free: 273810K (95%)
ptolemy.util.test.WatchDog.cancel(): canceling Fri Mar 15 03:46:32 UTC 2019
auto.tcl: Setting watchdog for 200 seconds at Fri Mar 15 03:46:32 UTC 2019
1 ms. Memory: 288256K Free: 273810K (95%)
ptolemy.util.test.WatchDog.cancel(): canceling Fri Mar 15 03:46:32 UTC 2019
------------------ testing $PTII/ptolemy/domains/de/test/auto/ResettableTimer6.xml
auto.tcl: Setting watchdog for 200 seconds at Fri Mar 15 03:46:32 UTC 2019
2 ms. Memory: 287232K Free: 274794K (96%)
ptolemy.util.test.WatchDog.cancel(): canceling Fri Mar 15 03:46:32 UTC 2019
auto.tcl: Setting watchdog for 200 seconds at Fri Mar 15 03:46:32 UTC 2019
1 ms. Memory: 287232K Free: 274794K (96%)
ptolemy.util.test.WatchDog.cancel(): canceling Fri Mar 15 03:46:32 UTC 2019
------------------ testing $PTII/ptolemy/domains/de/test/auto/ServerZeroDelay.xml
auto.tcl: Setting watchdog for 200 seconds at Fri Mar 15 03:46:32 UTC 2019
4 ms. Memory: 288256K Free: 275947K (96%)
ptolemy.util.test.WatchDog.cancel(): canceling Fri Mar 15 03:46:32 UTC 2019
auto.tcl: Setting watchdog for 200 seconds at Fri Mar 15 03:46:32 UTC 2019
2 ms. Memory: 288256K Free: 275947K (96%)
ptolemy.util.test.WatchDog.cancel(): canceling Fri Mar 15 03:46:32 UTC 2019
------------------ testing $PTII/ptolemy/domains/de/test/auto/SmartSender.xml
auto.tcl: Setting watchdog for 200 seconds at Fri Mar 15 03:46:32 UTC 2019
3002 ms. Memory: 287232K Free: 272861K (95%)
ptolemy.util.test.WatchDog.cancel(): canceling Fri Mar 15 03:46:35 UTC 2019
auto.tcl: Setting watchdog for 200 seconds at Fri Mar 15 03:46:35 UTC 2019
3001 ms. Memory: 287232K Free: 272861K (95%)
ptolemy.util.test.WatchDog.cancel(): canceling Fri Mar 15 03:46:38 UTC 2019
------------------ testing $PTII/ptolemy/domains/de/test/auto/ThreadedComposite.xml
auto.tcl: Setting watchdog for 200 seconds at Fri Mar 15 03:46:38 UTC 2019
228 ms. Memory: 288256K Free: 252945K (88%)
ptolemy.util.test.WatchDog.cancel(): canceling Fri Mar 15 03:46:38 UTC 2019
auto.tcl: Setting watchdog for 200 seconds at Fri Mar 15 03:46:38 UTC 2019
187 ms. Memory: 288256K Free: 234980K (82%)
ptolemy.util.test.WatchDog.cancel(): canceling Fri Mar 15 03:46:38 UTC 2019
------------------ testing $PTII/ptolemy/domains/de/test/auto/Time.xml
auto.tcl: Setting watchdog for 200 seconds at Fri Mar 15 03:46:38 UTC 2019
484 ms. Memory: 287232K Free: 218932K (76%)
ptolemy.util.test.WatchDog.cancel(): canceling Fri Mar 15 03:46:39 UTC 2019
auto.tcl: Setting watchdog for 200 seconds at Fri Mar 15 03:46:39 UTC 2019
526 ms. Memory: 287232K Free: 162772K (57%)
ptolemy.util.test.WatchDog.cancel(): canceling Fri Mar 15 03:46:39 UTC 2019
------------------ testing $PTII/ptolemy/domains/de/test/auto/TimeDelayZeroDelay.xml
auto.tcl: Setting watchdog for 200 seconds at Fri Mar 15 03:46:39 UTC 2019
2 ms. Memory: 287744K Free: 275811K (96%)
ptolemy.util.test.WatchDog.cancel(): canceling Fri Mar 15 03:46:39 UTC 2019
auto.tcl: Setting watchdog for 200 seconds at Fri Mar 15 03:46:39 UTC 2019
2 ms. Memory: 287744K Free: 275811K (96%)
ptolemy.util.test.WatchDog.cancel(): canceling Fri Mar 15 03:46:39 UTC 2019
------------------ testing $PTII/ptolemy/domains/de/test/auto/TimerZeroDelay.xml
auto.tcl: Setting watchdog for 200 seconds at Fri Mar 15 03:46:39 UTC 2019
5 ms. Memory: 287232K Free: 275427K (96%)
ptolemy.util.test.WatchDog.cancel(): canceling Fri Mar 15 03:46:39 UTC 2019
auto.tcl: Setting watchdog for 200 seconds at Fri Mar 15 03:46:39 UTC 2019
1 ms. Memory: 287232K Free: 275427K (96%)
ptolemy.util.test.WatchDog.cancel(): canceling Fri Mar 15 03:46:39 UTC 2019
------------------ testing $PTII/ptolemy/domains/de/test/auto/TimingParadox.xml
auto.tcl: Setting watchdog for 200 seconds at Fri Mar 15 03:46:39 UTC 2019
397 ms. Memory: 287744K Free: 208282K (72%)
ptolemy.util.test.WatchDog.cancel(): canceling Fri Mar 15 03:46:40 UTC 2019
auto.tcl: Setting watchdog for 200 seconds at Fri Mar 15 03:46:40 UTC 2019
319 ms. Memory: 287744K Free: 170245K (59%)
ptolemy.util.test.WatchDog.cancel(): canceling Fri Mar 15 03:46:40 UTC 2019
------------------ testing $PTII/ptolemy/domains/de/test/auto/TransferInputs.xml
auto.tcl: Setting watchdog for 200 seconds at Fri Mar 15 03:46:40 UTC 2019
2 ms. Memory: 287744K Free: 274861K (96%)
ptolemy.util.test.WatchDog.cancel(): canceling Fri Mar 15 03:46:40 UTC 2019
auto.tcl: Setting watchdog for 200 seconds at Fri Mar 15 03:46:40 UTC 2019
2 ms. Memory: 287744K Free: 274861K (96%)
ptolemy.util.test.WatchDog.cancel(): canceling Fri Mar 15 03:46:40 UTC 2019
------------------ testing $PTII/ptolemy/domains/de/test/auto/TransferOutputs2.xml
auto.tcl: Setting watchdog for 200 seconds at Fri Mar 15 03:46:40 UTC 2019
4 ms. Memory: 287232K Free: 270835K (94%)
ptolemy.util.test.WatchDog.cancel(): canceling Fri Mar 15 03:46:40 UTC 2019
auto.tcl: Setting watchdog for 200 seconds at Fri Mar 15 03:46:40 UTC 2019
3 ms. Memory: 287232K Free: 268280K (93%)
ptolemy.util.test.WatchDog.cancel(): canceling Fri Mar 15 03:46:40 UTC 2019
------------------ testing $PTII/ptolemy/domains/de/test/auto/Trilateration.xml
auto.tcl: Setting watchdog for 200 seconds at Fri Mar 15 03:46:40 UTC 2019
12560 ms. Memory: 473088K Free: 244448K (52%)
ptolemy.util.test.WatchDog.cancel(): canceling Fri Mar 15 03:46:54 UTC 2019
auto.tcl: Setting watchdog for 200 seconds at Fri Mar 15 03:46:54 UTC 2019
10469 ms. Memory: 352256K Free: 187478K (53%)
ptolemy.util.test.WatchDog.cancel(): canceling Fri Mar 15 03:47:04 UTC 2019
------------------ testing $PTII/ptolemy/domains/de/test/auto/TwoSigmaDelta.xml
auto.tcl: Setting watchdog for 200 seconds at Fri Mar 15 03:47:05 UTC 2019
2631 ms. Memory: 339968K Free: 312873K (92%)
ptolemy.util.test.WatchDog.cancel(): canceling Fri Mar 15 03:47:07 UTC 2019
auto.tcl: Setting watchdog for 200 seconds at Fri Mar 15 03:47:07 UTC 2019
2094 ms. Memory: 339968K Free: 68441K (20%)
ptolemy.util.test.WatchDog.cancel(): canceling Fri Mar 15 03:47:09 UTC 2019
------------------ testing $PTII/ptolemy/domains/de/test/auto/VariableDelay.xml
auto.tcl: Setting watchdog for 200 seconds at Fri Mar 15 03:47:10 UTC 2019
3 ms. Memory: 337408K Free: 325808K (97%)
ptolemy.util.test.WatchDog.cancel(): canceling Fri Mar 15 03:47:10 UTC 2019
auto.tcl: Setting watchdog for 200 seconds at Fri Mar 15 03:47:10 UTC 2019
2 ms. Memory: 337408K Free: 321884K (95%)
ptolemy.util.test.WatchDog.cancel(): canceling Fri Mar 15 03:47:10 UTC 2019
------------------ testing $PTII/ptolemy/domains/de/test/auto/VariableDelay2.xml
auto.tcl: Setting watchdog for 200 seconds at Fri Mar 15 03:47:10 UTC 2019
3 ms. Memory: 339456K Free: 328268K (97%)
ptolemy.util.test.WatchDog.cancel(): canceling Fri Mar 15 03:47:10 UTC 2019
auto.tcl: Setting watchdog for 200 seconds at Fri Mar 15 03:47:10 UTC 2019
2 ms. Memory: 339456K Free: 324344K (96%)
ptolemy.util.test.WatchDog.cancel(): canceling Fri Mar 15 03:47:10 UTC 2019
------------------ testing $PTII/ptolemy/domains/de/test/auto/VariableDelayZeroDelay.xml
auto.tcl: Setting watchdog for 200 seconds at Fri Mar 15 03:47:10 UTC 2019
2 ms. Memory: 337408K Free: 323658K (96%)
ptolemy.util.test.WatchDog.cancel(): canceling Fri Mar 15 03:47:10 UTC 2019
auto.tcl: Setting watchdog for 200 seconds at Fri Mar 15 03:47:10 UTC 2019
2 ms. Memory: 337408K Free: 323652K (96%)
ptolemy.util.test.WatchDog.cancel(): canceling Fri Mar 15 03:47:10 UTC 2019
------------------ testing $PTII/ptolemy/domains/de/test/auto/VariableDelayZeroDelay2.xml
auto.tcl: Setting watchdog for 200 seconds at Fri Mar 15 03:47:10 UTC 2019
2 ms. Memory: 339456K Free: 328265K (97%)
ptolemy.util.test.WatchDog.cancel(): canceling Fri Mar 15 03:47:10 UTC 2019
auto.tcl: Setting watchdog for 200 seconds at Fri Mar 15 03:47:10 UTC 2019
2 ms. Memory: 339456K Free: 324341K (96%)
ptolemy.util.test.WatchDog.cancel(): canceling Fri Mar 15 03:47:10 UTC 2019
------------------ testing $PTII/ptolemy/domains/de/test/auto/deInCt.xml
auto.tcl: Setting watchdog for 200 seconds at Fri Mar 15 03:47:10 UTC 2019
0
1
1
1
1
1
1
0
0
0
1
1
1
0
0
0
1
1
1
0
0
1
1
1
1
0
0
0
0
1
1
1
0
0
0
0
9 ms. Memory: 337408K Free: 323648K (96%)
ptolemy.util.test.WatchDog.cancel(): canceling Fri Mar 15 03:47:10 UTC 2019
auto.tcl: Setting watchdog for 200 seconds at Fri Mar 15 03:47:10 UTC 2019
0
1
1
1
0
0
0
1
1
1
0
0
0
0
1
1
1
1
0
0
0
0
0
0
1
1
1
0
0
0
0
1
1
1
1
4 ms. Memory: 337408K Free: 319724K (95%)
ptolemy.util.test.WatchDog.cancel(): canceling Fri Mar 15 03:47:10 UTC 2019
------------------ testing $PTII/ptolemy/domains/de/test/auto/deInCt2.xml
auto.tcl: Setting watchdog for 200 seconds at Fri Mar 15 03:47:10 UTC 2019
0
1
1
1
0
0
1
1
1
0
0
1
1
1
0
0
1
1
1
0
0
1
1
1
0
0
1
1
1
0
0
1
1
1
0
0
1
1
1
0
0
0
13 ms. Memory: 338944K Free: 327743K (97%)
ptolemy.util.test.WatchDog.cancel(): canceling Fri Mar 15 03:47:10 UTC 2019
auto.tcl: Setting watchdog for 200 seconds at Fri Mar 15 03:47:10 UTC 2019
0
1
1
1
0
0
1
1
1
0
0
1
1
1
0
0
1
1
1
0
0
1
1
1
0
0
1
1
1
0
0
1
1
1
0
0
1
1
1
0
0
0
5 ms. Memory: 338944K Free: 323826K (96%)
ptolemy.util.test.WatchDog.cancel(): canceling Fri Mar 15 03:47:10 UTC 2019
------------------ testing $PTII/ptolemy/domains/de/test/auto/dynamicCausalityInterface1.xml
auto.tcl: Setting watchdog for 200 seconds at Fri Mar 15 03:47:10 UTC 2019
1 ms. Memory: 337408K Free: 318384K (94%)
ptolemy.util.test.WatchDog.cancel(): canceling Fri Mar 15 03:47:10 UTC 2019
auto.tcl: Setting watchdog for 200 seconds at Fri Mar 15 03:47:10 UTC 2019
1 ms. Memory: 337408K Free: 318384K (94%)
ptolemy.util.test.WatchDog.cancel(): canceling Fri Mar 15 03:47:10 UTC 2019
------------------ testing $PTII/ptolemy/domains/de/test/auto/fsm_de_test.xml
auto.tcl: Setting watchdog for 200 seconds at Fri Mar 15 03:47:10 UTC 2019
15 ms. Memory: 338944K Free: 321155K (95%)
ptolemy.util.test.WatchDog.cancel(): canceling Fri Mar 15 03:47:10 UTC 2019
auto.tcl: Setting watchdog for 200 seconds at Fri Mar 15 03:47:10 UTC 2019
4 ms. Memory: 338944K Free: 317230K (94%)
ptolemy.util.test.WatchDog.cancel(): canceling Fri Mar 15 03:47:10 UTC 2019
------------------ testing $PTII/ptolemy/domains/de/test/auto/functionDependencyReconstruction.xml
auto.tcl: Setting watchdog for 200 seconds at Fri Mar 15 03:47:10 UTC 2019
6 ms. Memory: 337408K Free: 311777K (92%)
ptolemy.util.test.WatchDog.cancel(): canceling Fri Mar 15 03:47:10 UTC 2019
auto.tcl: Setting watchdog for 200 seconds at Fri Mar 15 03:47:10 UTC 2019
3 ms. Memory: 337408K Free: 307853K (91%)
ptolemy.util.test.WatchDog.cancel(): canceling Fri Mar 15 03:47:10 UTC 2019
------------------ testing $PTII/ptolemy/domains/de/test/auto/multirate.xml
auto.tcl: Setting watchdog for 200 seconds at Fri Mar 15 03:47:10 UTC 2019
3 ms. Memory: 338432K Free: 323068K (95%)
ptolemy.util.test.WatchDog.cancel(): canceling Fri Mar 15 03:47:10 UTC 2019
auto.tcl: Setting watchdog for 200 seconds at Fri Mar 15 03:47:10 UTC 2019
2 ms. Memory: 338432K Free: 323062K (95%)
ptolemy.util.test.WatchDog.cancel(): canceling Fri Mar 15 03:47:10 UTC 2019
------------------ testing $PTII/ptolemy/domains/de/test/auto/multirate2.xml
auto.tcl: Setting watchdog for 200 seconds at Fri Mar 15 03:47:10 UTC 2019
5 ms. Memory: 337408K Free: 322240K (96%)
ptolemy.util.test.WatchDog.cancel(): canceling Fri Mar 15 03:47:10 UTC 2019
auto.tcl: Setting watchdog for 200 seconds at Fri Mar 15 03:47:10 UTC 2019
3 ms. Memory: 337408K Free: 322240K (96%)
ptolemy.util.test.WatchDog.cancel(): canceling Fri Mar 15 03:47:10 UTC 2019
------------------ testing $PTII/ptolemy/domains/de/test/auto/realtime.xml
auto.tcl: Setting watchdog for 200 seconds at Fri Mar 15 03:47:10 UTC 2019
10002 ms. Memory: 338432K Free: 324612K (96%)
ptolemy.util.test.WatchDog.cancel(): canceling Fri Mar 15 03:47:20 UTC 2019
auto.tcl: Setting watchdog for 200 seconds at Fri Mar 15 03:47:20 UTC 2019
10001 ms. Memory: 338432K Free: 320704K (95%)
ptolemy.util.test.WatchDog.cancel(): canceling Fri Mar 15 03:47:30 UTC 2019
------------------ testing $PTII/ptolemy/domains/de/test/auto/relationGroup.xml
auto.tcl: Setting watchdog for 200 seconds at Fri Mar 15 03:47:30 UTC 2019
1 ms. Memory: 337408K Free: 326180K (97%)
ptolemy.util.test.WatchDog.cancel(): canceling Fri Mar 15 03:47:30 UTC 2019
auto.tcl: Setting watchdog for 200 seconds at Fri Mar 15 03:47:30 UTC 2019
1 ms. Memory: 337408K Free: 326180K (97%)
ptolemy.util.test.WatchDog.cancel(): canceling Fri Mar 15 03:47:30 UTC 2019
------------------ testing $PTII/ptolemy/domains/de/test/auto/relationGroup2.xml
auto.tcl: Setting watchdog for 200 seconds at Fri Mar 15 03:47:30 UTC 2019
1 ms. Memory: 338432K Free: 324671K (96%)
ptolemy.util.test.WatchDog.cancel(): canceling Fri Mar 15 03:47:30 UTC 2019
auto.tcl: Setting watchdog for 200 seconds at Fri Mar 15 03:47:30 UTC 2019
2 ms. Memory: 338432K Free: 324671K (96%)
ptolemy.util.test.WatchDog.cancel(): canceling Fri Mar 15 03:47:30 UTC 2019
------------------ testing $PTII/ptolemy/domains/de/test/auto/sortWithOpaquePorts.xml
auto.tcl: Setting watchdog for 200 seconds at Fri Mar 15 03:47:30 UTC 2019
2 ms. Memory: 337408K Free: 323647K (96%)
ptolemy.util.test.WatchDog.cancel(): canceling Fri Mar 15 03:47:30 UTC 2019
auto.tcl: Setting watchdog for 200 seconds at Fri Mar 15 03:47:30 UTC 2019
2 ms. Memory: 337408K Free: 319739K (95%)
ptolemy.util.test.WatchDog.cancel(): canceling Fri Mar 15 03:47:30 UTC 2019
------------------ testing $PTII/ptolemy/domains/de/test/auto/transferInputsandOutputs.xml
auto.tcl: Setting watchdog for 200 seconds at Fri Mar 15 03:47:30 UTC 2019
2 ms. Memory: 337920K Free: 320222K (95%)
ptolemy.util.test.WatchDog.cancel(): canceling Fri Mar 15 03:47:30 UTC 2019
auto.tcl: Setting watchdog for 200 seconds at Fri Mar 15 03:47:30 UTC 2019
2 ms. Memory: 337920K Free: 320222K (95%)
ptolemy.util.test.WatchDog.cancel(): canceling Fri Mar 15 03:47:30 UTC 2019
------------------ testing $PTII/ptolemy/domains/de/test/auto/triggerType.xml
auto.tcl: Setting watchdog for 200 seconds at Fri Mar 15 03:47:31 UTC 2019
1 ms. Memory: 337408K Free: 323585K (96%)
ptolemy.util.test.WatchDog.cancel(): canceling Fri Mar 15 03:47:31 UTC 2019
auto.tcl: Setting watchdog for 200 seconds at Fri Mar 15 03:47:31 UTC 2019
2 ms. Memory: 337408K Free: 319661K (95%)
ptolemy.util.test.WatchDog.cancel(): canceling Fri Mar 15 03:47:31 UTC 2019
03/15/19 03:47:31
Failed: 0  Total Tests: 192  ((Passed: 187, Newly Passed: 1)  Known Failed: 5) /home/travis/build/icyphy/ptII/ptolemy/domains/de/test
03/15/19 03:47:31
Failed: 0  Total Tests: 192  ((Passed: 187, Newly Passed: 1)  Known Failed: 5) /home/travis/build/icyphy/ptII/ptolemy/domains/de/test
----------------- testing (KnownFailure) /home/travis/build/icyphy/ptII/ptolemy/domains/de/test/auto/knownFailedTests/DESDFClockTest.xml
2020 ms. Memory: 337920K Free: 313896K (93%)
Known Failure: java.lang.reflect.InvocationTargetException
----------------- testing (KnownFailure) /home/travis/build/icyphy/ptII/ptolemy/domains/de/test/auto/knownFailedTests/DirectFeedback.xml
2 ms. Memory: 337920K Free: 293416K (87%)
Known Failure: java.lang.reflect.InvocationTargetException
----------------- testing (KnownFailure) /home/travis/build/icyphy/ptII/ptolemy/domains/de/test/auto/knownFailedTests/FSMSource.xml
5 ms. Memory: 337920K Free: 272936K (81%)
----------------- testing (KnownFailure) /home/travis/build/icyphy/ptII/ptolemy/domains/de/test/auto/knownFailedTests/HierarchicalModel.xml
2 ms. Memory: 337920K Free: 247311K (73%)
Known Failure: java.lang.reflect.InvocationTargetException
----------------- testing (KnownFailure) /home/travis/build/icyphy/ptII/ptolemy/domains/de/test/auto/knownFailedTests/dependencyLoop.xml
1 ms. Memory: 337920K Free: 216575K (64%)
Known Failure: java.lang.reflect.InvocationTargetException
----------------- testing (KnownFailure) /home/travis/build/icyphy/ptII/ptolemy/domains/de/test/auto/knownFailedTests/dependencyLoop2.xml
4 ms. Memory: 337920K Free: 185839K (55%)
Known Failure: java.lang.reflect.InvocationTargetException
No auto/linux-amd64/*.xml tests in /home/travis/build/icyphy/ptII/ptolemy/domains/de/test
AutoTests.java: About to close Vertx.
AutoTests.java: Vertx closed.

===========================================================================================
----------------- testing Fri Mar 15 03:47:33 UTC 2019 /home/travis/build/icyphy/ptII/ptolemy/domains/de/test/auto/ActorDepthCalculation_actorWithoutPorts.xml
----------------- Instantiating /home/travis/build/icyphy/ptII/ptolemy/domains/de/test/auto/ActorDepthCalculation_actorWithoutPorts.xml
2 ms. Memory: 337920K Free: 160238K (47%)
----------------- Invoking toplevel() on ptolemy.moml.MoMLSimpleApplication@4df848f9
----------------- Done invoking toplevel() on ptolemy.moml.MoMLSimpleApplication@4df848f9
reloadAllAccessors: .ActorDepthCalculation_actorWithoutPorts

===========================================================================================
----------------- testing Fri Mar 15 03:47:33 UTC 2019 /home/travis/build/icyphy/ptII/ptolemy/domains/de/test/auto/AssemblyLine.xml
----------------- Instantiating /home/travis/build/icyphy/ptII/ptolemy/domains/de/test/auto/AssemblyLine.xml
2 ms. Memory: 337920K Free: 144870K (43%)
----------------- Invoking toplevel() on ptolemy.moml.MoMLSimpleApplication@3bf53df
----------------- Done invoking toplevel() on ptolemy.moml.MoMLSimpleApplication@3bf53df
reloadAllAccessors: .AssemblyLine

===========================================================================================
----------------- testing Fri Mar 15 03:47:33 UTC 2019 /home/travis/build/icyphy/ptII/ptolemy/domains/de/test/auto/CQBug1.xml
----------------- Instantiating /home/travis/build/icyphy/ptII/ptolemy/domains/de/test/auto/CQBug1.xml
0 ms. Memory: 337920K Free: 134630K (40%)
----------------- Invoking toplevel() on ptolemy.moml.MoMLSimpleApplication@7b42c024
----------------- Done invoking toplevel() on ptolemy.moml.MoMLSimpleApplication@7b42c024
reloadAllAccessors: .CQBug1

===========================================================================================
----------------- testing Fri Mar 15 03:47:33 UTC 2019 /home/travis/build/icyphy/ptII/ptolemy/domains/de/test/auto/CancelFireAt.xml
----------------- Instantiating /home/travis/build/icyphy/ptII/ptolemy/domains/de/test/auto/CancelFireAt.xml
1 ms. Memory: 337920K Free: 124390K (37%)
----------------- Invoking toplevel() on ptolemy.moml.MoMLSimpleApplication@1078f127
----------------- Done invoking toplevel() on ptolemy.moml.MoMLSimpleApplication@1078f127
reloadAllAccessors: .CancelFireAt

===========================================================================================
----------------- testing Fri Mar 15 03:47:33 UTC 2019 /home/travis/build/icyphy/ptII/ptolemy/domains/de/test/auto/CausalityAndComposabilityAnalysis.xml
----------------- Instantiating /home/travis/build/icyphy/ptII/ptolemy/domains/de/test/auto/CausalityAndComposabilityAnalysis.xml
1 ms. Memory: 337920K Free: 114150K (34%)
----------------- Invoking toplevel() on ptolemy.moml.MoMLSimpleApplication@abf2f5e
----------------- Done invoking toplevel() on ptolemy.moml.MoMLSimpleApplication@abf2f5e
reloadAllAccessors: .CausalityAndComposabilityAnalysis

===========================================================================================
----------------- testing Fri Mar 15 03:47:33 UTC 2019 /home/travis/build/icyphy/ptII/ptolemy/domains/de/test/auto/CausalityInterface1.xml
----------------- Instantiating /home/travis/build/icyphy/ptII/ptolemy/domains/de/test/auto/CausalityInterface1.xml
5 ms. Memory: 337920K Free: 103910K (31%)
----------------- Invoking toplevel() on ptolemy.moml.MoMLSimpleApplication@60c37845
----------------- Done invoking toplevel() on ptolemy.moml.MoMLSimpleApplication@60c37845
reloadAllAccessors: .CausalityInterface1

===========================================================================================
----------------- testing Fri Mar 15 03:47:33 UTC 2019 /home/travis/build/icyphy/ptII/ptolemy/domains/de/test/auto/CausalityInterface15.xml
----------------- Instantiating /home/travis/build/icyphy/ptII/ptolemy/domains/de/test/auto/CausalityInterface15.xml
2 ms. Memory: 337920K Free: 89762K (27%)
----------------- Invoking toplevel() on ptolemy.moml.MoMLSimpleApplication@69c30746
----------------- Done invoking toplevel() on ptolemy.moml.MoMLSimpleApplication@69c30746
reloadAllAccessors: .CausalityInterface15

[...]
java.lang.RuntimeException: Execution failed
	at ptolemy.moml.MoMLSimpleApplication$UnloadThread.run(MoMLSimpleApplication.java:402)
Caused by: ptolemy.kernel.util.IllegalActionException: Test fails in iteration 1.
Value was: 1.0. Should have been: 2.0
  in .DirectFeedback.Test
	at ptolemy.actor.lib.Test.fire(Test.java:268)
	at ptolemy.domains.de.kernel.DEDirector._fire(DEDirector.java:1949)
	at ptolemy.domains.de.kernel.DEDirector.fire(DEDirector.java:502)
	at ptolemy.actor.CompositeActor.fire(CompositeActor.java:455)
	at ptolemy.actor.Manager.iterate(Manager.java:851)
	at ptolemy.actor.Manager.execute(Manager.java:369)
	at ptolemy.actor.Manager.run(Manager.java:1263)
	at ptolemy.actor.Manager$PtolemyRunThread.run(Manager.java:1915)
java.lang.RuntimeException: Execution failed
	at ptolemy.moml.MoMLSimpleApplication$UnloadThread.run(MoMLSimpleApplication.java:402)
Caused by: ptolemy.kernel.util.IllegalActionException: Actor is not ready to fire.  Perhaps UpSample.prefire() returned false? Try debugging the actor by selecting "Listen to Actor".  Also, for SDF check moml for tokenConsumptionRate on input.
  in .DESDFClockTest.Play Bell.Copy1:SDF Director and .DESDFClockTest.Play Bell.UpSample
	at ptolemy.actor.sched.StaticSchedulingDirector.fire(StaticSchedulingDirector.java:227)
	at ptolemy.domains.sdf.kernel.SDFDirector.fire(SDFDirector.java:500)
	at ptolemy.actor.CompositeActor.fire(CompositeActor.java:455)
	at ptolemy.domains.de.kernel.DEDirector._fire(DEDirector.java:1949)
	at ptolemy.domains.de.kernel.DEDirector.fire(DEDirector.java:502)
	at ptolemy.actor.CompositeActor.fire(CompositeActor.java:455)
	at ptolemy.actor.Manager.iterate(Manager.java:851)
	at ptolemy.actor.Manager.execute(Manager.java:369)
	at ptolemy.actor.Manager.run(Manager.java:1263)
	at ptolemy.actor.Manager$PtolemyRunThread.run(Manager.java:1915)
java.lang.reflect.InvocationTargetException
	at sun.reflect.NativeConstructorAccessorImpl.newInstance0(Native Method)
	at sun.reflect.NativeConstructorAccessorImpl.newInstance(NativeConstructorAccessorImpl.java:62)
	at sun.reflect.DelegatingConstructorAccessorImpl.newInstance(DelegatingConstructorAccessorImpl.java:45)
	at java.lang.reflect.Constructor.newInstance(Constructor.java:423)
	at ptolemy.util.test.junit.AutoKnownFailedTests.RunModel(AutoKnownFailedTests.java:105)
	at sun.reflect.NativeMethodAccessorImpl.invoke0(Native Method)
	at sun.reflect.NativeMethodAccessorImpl.invoke(NativeMethodAccessorImpl.java:62)
	at sun.reflect.DelegatingMethodAccessorImpl.invoke(DelegatingMethodAccessorImpl.java:43)
	at java.lang.reflect.Method.invoke(Method.java:498)
	at org.junit.runners.model.FrameworkMethod$1.runReflectiveCall(FrameworkMethod.java:44)
	at org.junit.internal.runners.model.ReflectiveCallable.run(ReflectiveCallable.java:15)
	at org.junit.runners.model.FrameworkMethod.invokeExplosively(FrameworkMethod.java:41)
	at junitparams.internal.InvokeParameterisedMethod.evaluate(InvokeParameterisedMethod.java:102)
	at org.junit.internal.runners.statements.FailOnTimeout$1.run(FailOnTimeout.java:28)
Caused by: ptolemy.kernel.util.IllegalActionException: Actor is not ready to fire.  Perhaps UpSample.prefire() returned false? Try debugging the actor by selecting "Listen to Actor".  Also, for SDF check moml for tokenConsumptionRate on input.
  in .DESDFClockTest.Play Bell.Copy1:SDF Director and .DESDFClockTest.Play Bell.UpSample
	at ptolemy.actor.sched.StaticSchedulingDirector.fire(StaticSchedulingDirector.java:227)
	at ptolemy.domains.sdf.kernel.SDFDirector.fire(SDFDirector.java:500)
	at ptolemy.actor.CompositeActor.fire(CompositeActor.java:455)
	at ptolemy.domains.de.kernel.DEDirector._fire(DEDirector.java:1949)
	at ptolemy.domains.de.kernel.DEDirector.fire(DEDirector.java:502)
	at ptolemy.actor.CompositeActor.fire(CompositeActor.java:455)
	at ptolemy.actor.Manager.iterate(Manager.java:851)
	at ptolemy.actor.Manager.execute(Manager.java:369)
	at ptolemy.actor.Manager.run(Manager.java:1263)
	at ptolemy.actor.Manager$PtolemyRunThread.run(Manager.java:1915)
java.lang.RuntimeException: Execution failed
	at ptolemy.moml.MoMLSimpleApplication$UnloadThread.run(MoMLSimpleApplication.java:402)
Caused by: ptolemy.kernel.util.IllegalActionException: Test fails in iteration 1.
Value was: 1.0. Should have been: 2.0
  in .DirectFeedback.Test
	at ptolemy.actor.lib.Test.fire(Test.java:268)
	at ptolemy.domains.de.kernel.DEDirector._fire(DEDirector.java:1949)
	at ptolemy.domains.de.kernel.DEDirector.fire(DEDirector.java:502)
	at ptolemy.actor.CompositeActor.fire(CompositeActor.java:455)
	at ptolemy.actor.Manager.iterate(Manager.java:851)
	at ptolemy.actor.Manager.execute(Manager.java:369)
	at ptolemy.actor.Manager.run(Manager.java:1263)
	at ptolemy.actor.Manager$PtolemyRunThread.run(Manager.java:1915)
java.lang.reflect.InvocationTargetException
	at sun.reflect.NativeConstructorAccessorImpl.newInstance0(Native Method)
	at sun.reflect.NativeConstructorAccessorImpl.newInstance(NativeConstructorAccessorImpl.java:62)
	at sun.reflect.DelegatingConstructorAccessorImpl.newInstance(DelegatingConstructorAccessorImpl.java:45)
	at java.lang.reflect.Constructor.newInstance(Constructor.java:423)
	at ptolemy.util.test.junit.AutoKnownFailedTests.RunModel(AutoKnownFailedTests.java:105)
	at sun.reflect.NativeMethodAccessorImpl.invoke0(Native Method)
	at sun.reflect.NativeMethodAccessorImpl.invoke(NativeMethodAccessorImpl.java:62)
	at sun.reflect.DelegatingMethodAccessorImpl.invoke(DelegatingMethodAccessorImpl.java:43)
	at java.lang.reflect.Method.invoke(Method.java:498)
	at org.junit.runners.model.FrameworkMethod$1.runReflectiveCall(FrameworkMethod.java:44)
	at org.junit.internal.runners.model.ReflectiveCallable.run(ReflectiveCallable.java:15)
	at org.junit.runners.model.FrameworkMethod.invokeExplosively(FrameworkMethod.java:41)
	at junitparams.internal.InvokeParameterisedMethod.evaluate(InvokeParameterisedMethod.java:102)
	at org.junit.internal.runners.statements.FailOnTimeout$1.run(FailOnTimeout.java:28)
Caused by: ptolemy.kernel.util.IllegalActionException: Test fails in iteration 1.
Value was: 1.0. Should have been: 2.0
  in .DirectFeedback.Test
	at ptolemy.actor.lib.Test.fire(Test.java:268)
	at ptolemy.domains.de.kernel.DEDirector._fire(DEDirector.java:1949)
	at ptolemy.domains.de.kernel.DEDirector.fire(DEDirector.java:502)
	at ptolemy.actor.CompositeActor.fire(CompositeActor.java:455)
	at ptolemy.actor.Manager.iterate(Manager.java:851)
	at ptolemy.actor.Manager.execute(Manager.java:369)
	at ptolemy.actor.Manager.run(Manager.java:1263)
	at ptolemy.actor.Manager$PtolemyRunThread.run(Manager.java:1915)
java.lang.RuntimeException: Execution failed
	at ptolemy.moml.MoMLSimpleApplication$UnloadThread.run(MoMLSimpleApplication.java:402)
Caused by: ptolemy.kernel.util.IllegalActionException: Found a zero delay loop containing .HierarchicalModel.A
  in .HierarchicalModel and .HierarchicalModel.A
	at ptolemy.actor.util.CausalityInterfaceForComposites._computeOutputPortDepth(CausalityInterfaceForComposites.java:759)
	at ptolemy.actor.util.CausalityInterfaceForComposites._computeInputDepth(CausalityInterfaceForComposites.java:696)
	at ptolemy.actor.util.CausalityInterfaceForComposites._computeOutputPortDepth(CausalityInterfaceForComposites.java:765)
	at ptolemy.actor.util.CausalityInterfaceForComposites._computeInputDepth(CausalityInterfaceForComposites.java:696)
	at ptolemy.actor.util.CausalityInterfaceForComposites._computeOutputPortDepth(CausalityInterfaceForComposites.java:765)
	at ptolemy.actor.util.CausalityInterfaceForComposites._computeInputDepth(CausalityInterfaceForComposites.java:696)
	at ptolemy.actor.util.CausalityInterfaceForComposites._computeActorDepth(CausalityInterfaceForComposites.java:532)
	at ptolemy.actor.util.CausalityInterfaceForComposites.checkForCycles(CausalityInterfaceForComposites.java:96)
	at ptolemy.domains.de.kernel.DEDirector.preinitialize(DEDirector.java:1338)
	at ptolemy.actor.CompositeActor.preinitialize(CompositeActor.java:1828)
	at ptolemy.actor.Manager.preinitializeAndResolveTypes(Manager.java:1040)
	at ptolemy.actor.Manager.initialize(Manager.java:710)
	at ptolemy.actor.Manager.execute(Manager.java:356)
	at ptolemy.actor.Manager.run(Manager.java:1263)
	at ptolemy.actor.Manager$PtolemyRunThread.run(Manager.java:1915)
java.lang.reflect.InvocationTargetException
	at sun.reflect.NativeConstructorAccessorImpl.newInstance0(Native Method)
	at sun.reflect.NativeConstructorAccessorImpl.newInstance(NativeConstructorAccessorImpl.java:62)
	at sun.reflect.DelegatingConstructorAccessorImpl.newInstance(DelegatingConstructorAccessorImpl.java:45)
	at java.lang.reflect.Constructor.newInstance(Constructor.java:423)
	at ptolemy.util.test.junit.AutoKnownFailedTests.RunModel(AutoKnownFailedTests.java:105)
	at sun.reflect.NativeMethodAccessorImpl.invoke0(Native Method)
	at sun.reflect.NativeMethodAccessorImpl.invoke(NativeMethodAccessorImpl.java:62)
	at sun.reflect.DelegatingMethodAccessorImpl.invoke(DelegatingMethodAccessorImpl.java:43)
	at java.lang.reflect.Method.invoke(Method.java:498)
	at org.junit.runners.model.FrameworkMethod$1.runReflectiveCall(FrameworkMethod.java:44)
	at org.junit.internal.runners.model.ReflectiveCallable.run(ReflectiveCallable.java:15)
	at org.junit.runners.model.FrameworkMethod.invokeExplosively(FrameworkMethod.java:41)
	at junitparams.internal.InvokeParameterisedMethod.evaluate(InvokeParameterisedMethod.java:102)
	at org.junit.internal.runners.statements.FailOnTimeout$1.run(FailOnTimeout.java:28)
Caused by: ptolemy.kernel.util.IllegalActionException: Found a zero delay loop containing .HierarchicalModel.A
  in .HierarchicalModel and .HierarchicalModel.A
	at ptolemy.actor.util.CausalityInterfaceForComposites._computeOutputPortDepth(CausalityInterfaceForComposites.java:759)
	at ptolemy.actor.util.CausalityInterfaceForComposites._computeInputDepth(CausalityInterfaceForComposites.java:696)
	at ptolemy.actor.util.CausalityInterfaceForComposites._computeOutputPortDepth(CausalityInterfaceForComposites.java:765)
	at ptolemy.actor.util.CausalityInterfaceForComposites._computeInputDepth(CausalityInterfaceForComposites.java:696)
	at ptolemy.actor.util.CausalityInterfaceForComposites._computeOutputPortDepth(CausalityInterfaceForComposites.java:765)
	at ptolemy.actor.util.CausalityInterfaceForComposites._computeInputDepth(CausalityInterfaceForComposites.java:696)
	at ptolemy.actor.util.CausalityInterfaceForComposites._computeActorDepth(CausalityInterfaceForComposites.java:532)
	at ptolemy.actor.util.CausalityInterfaceForComposites.checkForCycles(CausalityInterfaceForComposites.java:96)
	at ptolemy.domains.de.kernel.DEDirector.preinitialize(DEDirector.java:1338)
	at ptolemy.actor.CompositeActor.preinitialize(CompositeActor.java:1828)
	at ptolemy.actor.Manager.preinitializeAndResolveTypes(Manager.java:1040)
	at ptolemy.actor.Manager.initialize(Manager.java:710)
	at ptolemy.actor.Manager.execute(Manager.java:356)
	at ptolemy.actor.Manager.run(Manager.java:1263)
	at ptolemy.actor.Manager$PtolemyRunThread.run(Manager.java:1915)
java.lang.RuntimeException: Execution failed
	at ptolemy.moml.MoMLSimpleApplication$UnloadThread.run(MoMLSimpleApplication.java:402)
Caused by: ptolemy.kernel.util.IllegalActionException: Found a zero delay loop containing .dependencyLoop.original
  in .dependencyLoop and .dependencyLoop.original
	at ptolemy.actor.util.CausalityInterfaceForComposites._computeOutputPortDepth(CausalityInterfaceForComposites.java:759)
	at ptolemy.actor.util.CausalityInterfaceForComposites._computeInputDepth(CausalityInterfaceForComposites.java:696)
	at ptolemy.actor.util.CausalityInterfaceForComposites._computeOutputPortDepth(CausalityInterfaceForComposites.java:765)
	at ptolemy.actor.util.CausalityInterfaceForComposites._computeInputDepth(CausalityInterfaceForComposites.java:696)
	at ptolemy.actor.util.CausalityInterfaceForComposites._computeOutputPortDepth(CausalityInterfaceForComposites.java:765)
	at ptolemy.actor.util.CausalityInterfaceForComposites._computeInputDepth(CausalityInterfaceForComposites.java:696)
	at ptolemy.actor.util.CausalityInterfaceForComposites._computeActorDepth(CausalityInterfaceForComposites.java:532)
	at ptolemy.actor.util.CausalityInterfaceForComposites.checkForCycles(CausalityInterfaceForComposites.java:96)
	at ptolemy.domains.de.kernel.DEDirector.preinitialize(DEDirector.java:1338)
	at ptolemy.actor.CompositeActor.preinitialize(CompositeActor.java:1828)
	at ptolemy.actor.Manager.preinitializeAndResolveTypes(Manager.java:1040)
	at ptolemy.actor.Manager.initialize(Manager.java:710)
	at ptolemy.actor.Manager.execute(Manager.java:356)
	at ptolemy.actor.Manager.run(Manager.java:1263)
	at ptolemy.actor.Manager$PtolemyRunThread.run(Manager.java:1915)
java.lang.reflect.InvocationTargetException
	at sun.reflect.NativeConstructorAccessorImpl.newInstance0(Native Method)
	at sun.reflect.NativeConstructorAccessorImpl.newInstance(NativeConstructorAccessorImpl.java:62)
	at sun.reflect.DelegatingConstructorAccessorImpl.newInstance(DelegatingConstructorAccessorImpl.java:45)
	at java.lang.reflect.Constructor.newInstance(Constructor.java:423)
	at ptolemy.util.test.junit.AutoKnownFailedTests.RunModel(AutoKnownFailedTests.java:105)
	at sun.reflect.NativeMethodAccessorImpl.invoke0(Native Method)
	at sun.reflect.NativeMethodAccessorImpl.invoke(NativeMethodAccessorImpl.java:62)
	at sun.reflect.DelegatingMethodAccessorImpl.invoke(DelegatingMethodAccessorImpl.java:43)
	at java.lang.reflect.Method.invoke(Method.java:498)
	at org.junit.runners.model.FrameworkMethod$1.runReflectiveCall(FrameworkMethod.java:44)
	at org.junit.internal.runners.model.ReflectiveCallable.run(ReflectiveCallable.java:15)
	at org.junit.runners.model.FrameworkMethod.invokeExplosively(FrameworkMethod.java:41)
	at junitparams.internal.InvokeParameterisedMethod.evaluate(InvokeParameterisedMethod.java:102)
	at org.junit.internal.runners.statements.FailOnTimeout$1.run(FailOnTimeout.java:28)
Caused by: ptolemy.kernel.util.IllegalActionException: Found a zero delay loop containing .dependencyLoop.original
  in .dependencyLoop and .dependencyLoop.original
	at ptolemy.actor.util.CausalityInterfaceForComposites._computeOutputPortDepth(CausalityInterfaceForComposites.java:759)
	at ptolemy.actor.util.CausalityInterfaceForComposites._computeInputDepth(CausalityInterfaceForComposites.java:696)
	at ptolemy.actor.util.CausalityInterfaceForComposites._computeOutputPortDepth(CausalityInterfaceForComposites.java:765)
	at ptolemy.actor.util.CausalityInterfaceForComposites._computeInputDepth(CausalityInterfaceForComposites.java:696)
	at ptolemy.actor.util.CausalityInterfaceForComposites._computeOutputPortDepth(CausalityInterfaceForComposites.java:765)
	at ptolemy.actor.util.CausalityInterfaceForComposites._computeInputDepth(CausalityInterfaceForComposites.java:696)
	at ptolemy.actor.util.CausalityInterfaceForComposites._computeActorDepth(CausalityInterfaceForComposites.java:532)
	at ptolemy.actor.util.CausalityInterfaceForComposites.checkForCycles(CausalityInterfaceForComposites.java:96)
	at ptolemy.domains.de.kernel.DEDirector.preinitialize(DEDirector.java:1338)
	at ptolemy.actor.CompositeActor.preinitialize(CompositeActor.java:1828)
	at ptolemy.actor.Manager.preinitializeAndResolveTypes(Manager.java:1040)
	at ptolemy.actor.Manager.initialize(Manager.java:710)
	at ptolemy.actor.Manager.execute(Manager.java:356)
	at ptolemy.actor.Manager.run(Manager.java:1263)
	at ptolemy.actor.Manager$PtolemyRunThread.run(Manager.java:1915)
java.lang.RuntimeException: Execution failed
	at ptolemy.moml.MoMLSimpleApplication$UnloadThread.run(MoMLSimpleApplication.java:402)
Caused by: ptolemy.kernel.util.IllegalActionException: Found a zero delay loop containing .dependencyLoop2.original
  in .dependencyLoop2 and .dependencyLoop2.original
	at ptolemy.actor.util.CausalityInterfaceForComposites._computeOutputPortDepth(CausalityInterfaceForComposites.java:759)
	at ptolemy.actor.util.CausalityInterfaceForComposites._computeInputDepth(CausalityInterfaceForComposites.java:696)
	at ptolemy.actor.util.CausalityInterfaceForComposites._computeOutputPortDepth(CausalityInterfaceForComposites.java:765)
	at ptolemy.actor.util.CausalityInterfaceForComposites._computeInputDepth(CausalityInterfaceForComposites.java:696)
	at ptolemy.actor.util.CausalityInterfaceForComposites._computeOutputPortDepth(CausalityInterfaceForComposites.java:765)
	at ptolemy.actor.util.CausalityInterfaceForComposites._computeInputDepth(CausalityInterfaceForComposites.java:696)
	at ptolemy.actor.util.CausalityInterfaceForComposites._computeActorDepth(CausalityInterfaceForComposites.java:532)
	at ptolemy.actor.util.CausalityInterfaceForComposites.checkForCycles(CausalityInterfaceForComposites.java:96)
	at ptolemy.domains.de.kernel.DEDirector.preinitialize(DEDirector.java:1338)
	at ptolemy.actor.CompositeActor.preinitialize(CompositeActor.java:1828)
	at ptolemy.actor.Manager.preinitializeAndResolveTypes(Manager.java:1040)
	at ptolemy.actor.Manager.initialize(Manager.java:710)
	at ptolemy.actor.Manager.execute(Manager.java:356)
	at ptolemy.actor.Manager.run(Manager.java:1263)
	at ptolemy.actor.Manager$PtolemyRunThread.run(Manager.java:1915)
java.lang.reflect.InvocationTargetException
	at sun.reflect.NativeConstructorAccessorImpl.newInstance0(Native Method)
	at sun.reflect.NativeConstructorAccessorImpl.newInstance(NativeConstructorAccessorImpl.java:62)
	at sun.reflect.DelegatingConstructorAccessorImpl.newInstance(DelegatingConstructorAccessorImpl.java:45)
	at java.lang.reflect.Constructor.newInstance(Constructor.java:423)
	at ptolemy.util.test.junit.AutoKnownFailedTests.RunModel(AutoKnownFailedTests.java:105)
	at sun.reflect.NativeMethodAccessorImpl.invoke0(Native Method)
	at sun.reflect.NativeMethodAccessorImpl.invoke(NativeMethodAccessorImpl.java:62)
	at sun.reflect.DelegatingMethodAccessorImpl.invoke(DelegatingMethodAccessorImpl.java:43)
	at java.lang.reflect.Method.invoke(Method.java:498)
	at org.junit.runners.model.FrameworkMethod$1.runReflectiveCall(FrameworkMethod.java:44)
	at org.junit.internal.runners.model.ReflectiveCallable.run(ReflectiveCallable.java:15)
	at org.junit.runners.model.FrameworkMethod.invokeExplosively(FrameworkMethod.java:41)
	at junitparams.internal.InvokeParameterisedMethod.evaluate(InvokeParameterisedMethod.java:102)
	at org.junit.internal.runners.statements.FailOnTimeout$1.run(FailOnTimeout.java:28)
Caused by: ptolemy.kernel.util.IllegalActionException: Found a zero delay loop containing .dependencyLoop2.original
  in .dependencyLoop2 and .dependencyLoop2.original
	at ptolemy.actor.util.CausalityInterfaceForComposites._computeOutputPortDepth(CausalityInterfaceForComposites.java:759)
	at ptolemy.actor.util.CausalityInterfaceForComposites._computeInputDepth(CausalityInterfaceForComposites.java:696)
	at ptolemy.actor.util.CausalityInterfaceForComposites._computeOutputPortDepth(CausalityInterfaceForComposites.java:765)
	at ptolemy.actor.util.CausalityInterfaceForComposites._computeInputDepth(CausalityInterfaceForComposites.java:696)
	at ptolemy.actor.util.CausalityInterfaceForComposites._computeOutputPortDepth(CausalityInterfaceForComposites.java:765)
	at ptolemy.actor.util.CausalityInterfaceForComposites._computeInputDepth(CausalityInterfaceForComposites.java:696)
	at ptolemy.actor.util.CausalityInterfaceForComposites._computeActorDepth(CausalityInterfaceForComposites.java:532)
	at ptolemy.actor.util.CausalityInterfaceForComposites.checkForCycles(CausalityInterfaceForComposites.java:96)
	at ptolemy.domains.de.kernel.DEDirector.preinitialize(DEDirector.java:1338)
	at ptolemy.actor.CompositeActor.preinitialize(CompositeActor.java:1828)
	at ptolemy.actor.Manager.preinitializeAndResolveTypes(Manager.java:1040)
	at ptolemy.actor.Manager.initialize(Manager.java:710)
	at ptolemy.actor.Manager.execute(Manager.java:356)
	at ptolemy.actor.Manager.run(Manager.java:1263)
	at ptolemy.actor.Manager$PtolemyRunThread.run(Manager.java:1915)
]]></system-err>
</testsuite>
