<?xml version="1.0" encoding="UTF-8" ?>
<testsuite errors="0" failures="0" hostname="travis-job-774b8a51-f28b-4d86-9425-6b86df04e661" name="ptolemy.domains.modal.test.junit.JUnitTclTest" skipped="0" tests="148" time="10.187" timestamp="2019-05-02T04:14:44">
  <properties>
[...]
</properties>
  <testcase classname="ptolemy.util.test.junit.TclTests" name="[0] /home/travis/build/icyphy/ptII/ptolemy/domains/modal/test/SystemLevelType.tcl (RunTclFile)" time="1.797" />
  <testcase classname="ptolemy.util.test.junit.AutoKnownFailedTests" name="[0] /home/travis/build/icyphy/ptII/ptolemy/domains/modal/test/auto/knownFailedTests/CannotAnalysisWithPreemption.xml (RunModel)" time="0.118" />
  <testcase classname="ptolemy.util.test.junit.AutoNameArchTests" name="[0] ThereAreNoAutoArchTests (RunModel)" time="0.012" />
  <testcase classname="ptolemy.util.test.junit.AutoTests" name="[0] /home/travis/build/icyphy/ptII/ptolemy/domains/modal/test/auto/ABPTest.xml (RunModel)" time="0.699" />
  <testcase classname="ptolemy.util.test.junit.AutoTests" name="[1] /home/travis/build/icyphy/ptII/ptolemy/domains/modal/test/auto/ABROFlat.xml (RunModel)" time="0.088" />
  <testcase classname="ptolemy.util.test.junit.AutoTests" name="[2] /home/travis/build/icyphy/ptII/ptolemy/domains/modal/test/auto/ABROFlat2.xml (RunModel)" time="0.079" />
  <testcase classname="ptolemy.util.test.junit.AutoTests" name="[3] /home/travis/build/icyphy/ptII/ptolemy/domains/modal/test/auto/ABRO_present_hmm.xml (RunModel)" time="0.168" />
  <testcase classname="ptolemy.util.test.junit.AutoTests" name="[4] /home/travis/build/icyphy/ptII/ptolemy/domains/modal/test/auto/AMICoderExample.xml (RunModel)" time="0.074" />
  <testcase classname="ptolemy.util.test.junit.AutoTests" name="[5] /home/travis/build/icyphy/ptII/ptolemy/domains/modal/test/auto/AbsentToPresent.xml (RunModel)" time="0.027" />
  <testcase classname="ptolemy.util.test.junit.AutoTests" name="[6] /home/travis/build/icyphy/ptII/ptolemy/domains/modal/test/auto/Blending.xml (RunModel)" time="0.284" />
  <testcase classname="ptolemy.util.test.junit.AutoTests" name="[7] /home/travis/build/icyphy/ptII/ptolemy/domains/modal/test/auto/Broadcast.xml (RunModel)" time="0.047" />
  <testcase classname="ptolemy.util.test.junit.AutoTests" name="[8] /home/travis/build/icyphy/ptII/ptolemy/domains/modal/test/auto/BroadcastHierarchy.xml (RunModel)" time="0.077" />
  <testcase classname="ptolemy.util.test.junit.AutoTests" name="[9] /home/travis/build/icyphy/ptII/ptolemy/domains/modal/test/auto/BroadcastHierarchy2.xml (RunModel)" time="0.124" />
  <testcase classname="ptolemy.util.test.junit.AutoTests" name="[10] /home/travis/build/icyphy/ptII/ptolemy/domains/modal/test/auto/BroadcastHierarchy3.xml (RunModel)" time="0.09" />
  <testcase classname="ptolemy.util.test.junit.AutoTests" name="[11] /home/travis/build/icyphy/ptII/ptolemy/domains/modal/test/auto/BroadcastHierarchy4.xml (RunModel)" time="0.117" />
  <testcase classname="ptolemy.util.test.junit.AutoTests" name="[12] /home/travis/build/icyphy/ptII/ptolemy/domains/modal/test/auto/CannotAnalysisWithPreemption2.xml (RunModel)" time="0.035" />
  <testcase classname="ptolemy.util.test.junit.AutoTests" name="[13] /home/travis/build/icyphy/ptII/ptolemy/domains/modal/test/auto/CannotAnalysisWithPreemption3.xml (RunModel)" time="0.07" />
  <testcase classname="ptolemy.util.test.junit.AutoTests" name="[14] /home/travis/build/icyphy/ptII/ptolemy/domains/modal/test/auto/CannotProduce.xml (RunModel)" time="0.033" />
  <testcase classname="ptolemy.util.test.junit.AutoTests" name="[15] /home/travis/build/icyphy/ptII/ptolemy/domains/modal/test/auto/CannotProduceModal.xml (RunModel)" time="0.046" />
  <testcase classname="ptolemy.util.test.junit.AutoTests" name="[16] /home/travis/build/icyphy/ptII/ptolemy/domains/modal/test/auto/Case.xml (RunModel)" time="0.078" />
  <testcase classname="ptolemy.util.test.junit.AutoTests" name="[17] /home/travis/build/icyphy/ptII/ptolemy/domains/modal/test/auto/Case1.xml (RunModel)" time="0.028" />
  <testcase classname="ptolemy.util.test.junit.AutoTests" name="[18] /home/travis/build/icyphy/ptII/ptolemy/domains/modal/test/auto/Case2.xml (RunModel)" time="0.054" />
  <testcase classname="ptolemy.util.test.junit.AutoTests" name="[19] /home/travis/build/icyphy/ptII/ptolemy/domains/modal/test/auto/CausalityInterface1.xml (RunModel)" time="0.027" />
  <testcase classname="ptolemy.util.test.junit.AutoTests" name="[20] /home/travis/build/icyphy/ptII/ptolemy/domains/modal/test/auto/CausalityInterface10.xml (RunModel)" time="0.061" />
  <testcase classname="ptolemy.util.test.junit.AutoTests" name="[21] /home/travis/build/icyphy/ptII/ptolemy/domains/modal/test/auto/CausalityInterface11.xml (RunModel)" time="0.048" />
  <testcase classname="ptolemy.util.test.junit.AutoTests" name="[22] /home/travis/build/icyphy/ptII/ptolemy/domains/modal/test/auto/CausalityInterface12.xml (RunModel)" time="0.045" />
  <testcase classname="ptolemy.util.test.junit.AutoTests" name="[23] /home/travis/build/icyphy/ptII/ptolemy/domains/modal/test/auto/CausalityInterface13.xml (RunModel)" time="0.047" />
  <testcase classname="ptolemy.util.test.junit.AutoTests" name="[24] /home/travis/build/icyphy/ptII/ptolemy/domains/modal/test/auto/CausalityInterface14.xml (RunModel)" time="0.044" />
  <testcase classname="ptolemy.util.test.junit.AutoTests" name="[25] /home/travis/build/icyphy/ptII/ptolemy/domains/modal/test/auto/CausalityInterface2.xml (RunModel)" time="0.032" />
  <testcase classname="ptolemy.util.test.junit.AutoTests" name="[26] /home/travis/build/icyphy/ptII/ptolemy/domains/modal/test/auto/CausalityInterface3.xml (RunModel)" time="0.03" />
  <testcase classname="ptolemy.util.test.junit.AutoTests" name="[27] /home/travis/build/icyphy/ptII/ptolemy/domains/modal/test/auto/CausalityInterface4.xml (RunModel)" time="0.03" />
  <testcase classname="ptolemy.util.test.junit.AutoTests" name="[28] /home/travis/build/icyphy/ptII/ptolemy/domains/modal/test/auto/CausalityInterface5.xml (RunModel)" time="0.03" />
  <testcase classname="ptolemy.util.test.junit.AutoTests" name="[29] /home/travis/build/icyphy/ptII/ptolemy/domains/modal/test/auto/CausalityInterface6.xml (RunModel)" time="0.035" />
  <testcase classname="ptolemy.util.test.junit.AutoTests" name="[30] /home/travis/build/icyphy/ptII/ptolemy/domains/modal/test/auto/CausalityInterface7.xml (RunModel)" time="0.06" />
  <testcase classname="ptolemy.util.test.junit.AutoTests" name="[31] /home/travis/build/icyphy/ptII/ptolemy/domains/modal/test/auto/CausalityInterface8.xml (RunModel)" time="0.054" />
  <testcase classname="ptolemy.util.test.junit.AutoTests" name="[32] /home/travis/build/icyphy/ptII/ptolemy/domains/modal/test/auto/CausalityInterface9.xml (RunModel)" time="0.039" />
  <testcase classname="ptolemy.util.test.junit.AutoTests" name="[33] /home/travis/build/icyphy/ptII/ptolemy/domains/modal/test/auto/ChainedTransitions.xml (RunModel)" time="0.154" />
  <testcase classname="ptolemy.util.test.junit.AutoTests" name="[34] /home/travis/build/icyphy/ptII/ptolemy/domains/modal/test/auto/CycleOfImmediateTransitionsFSM.xml (RunModel)" time="0.024" />
  <testcase classname="ptolemy.util.test.junit.AutoTests" name="[35] /home/travis/build/icyphy/ptII/ptolemy/domains/modal/test/auto/CycleOfImmediateTransitionsModal.xml (RunModel)" time="0.029" />
  <testcase classname="ptolemy.util.test.junit.AutoTests" name="[36] /home/travis/build/icyphy/ptII/ptolemy/domains/modal/test/auto/CycleOfImmediateTransitionsModal2.xml (RunModel)" time="0.031" />
  <testcase classname="ptolemy.util.test.junit.AutoTests" name="[37] /home/travis/build/icyphy/ptII/ptolemy/domains/modal/test/auto/CycleOfImmediateTransitionsModal3.xml (RunModel)" time="0.059" />
  <testcase classname="ptolemy.util.test.junit.AutoTests" name="[38] /home/travis/build/icyphy/ptII/ptolemy/domains/modal/test/auto/DeepModal1.xml (RunModel)" time="0.044" />
  <testcase classname="ptolemy.util.test.junit.AutoTests" name="[39] /home/travis/build/icyphy/ptII/ptolemy/domains/modal/test/auto/DeepModal2.xml (RunModel)" time="0.067" />
  <testcase classname="ptolemy.util.test.junit.AutoTests" name="[40] /home/travis/build/icyphy/ptII/ptolemy/domains/modal/test/auto/DeepModal3.xml (RunModel)" time="0.058" />
  <testcase classname="ptolemy.util.test.junit.AutoTests" name="[41] /home/travis/build/icyphy/ptII/ptolemy/domains/modal/test/auto/DeepModal4.xml (RunModel)" time="0.083" />
  <testcase classname="ptolemy.util.test.junit.AutoTests" name="[42] /home/travis/build/icyphy/ptII/ptolemy/domains/modal/test/auto/Default1.xml (RunModel)" time="0.027" />
  <testcase classname="ptolemy.util.test.junit.AutoTests" name="[43] /home/travis/build/icyphy/ptII/ptolemy/domains/modal/test/auto/Default2.xml (RunModel)" time="0.018" />
  <testcase classname="ptolemy.util.test.junit.AutoTests" name="[44] /home/travis/build/icyphy/ptII/ptolemy/domains/modal/test/auto/Default3.xml (RunModel)" time="0.024" />
  <testcase classname="ptolemy.util.test.junit.AutoTests" name="[45] /home/travis/build/icyphy/ptII/ptolemy/domains/modal/test/auto/Default4.xml (RunModel)" time="0.027" />
  <testcase classname="ptolemy.util.test.junit.AutoTests" name="[46] /home/travis/build/icyphy/ptII/ptolemy/domains/modal/test/auto/Default5.xml (RunModel)" time="0.031" />
  <testcase classname="ptolemy.util.test.junit.AutoTests" name="[47] /home/travis/build/icyphy/ptII/ptolemy/domains/modal/test/auto/EmptyGuard.xml (RunModel)" time="0.027" />
  <testcase classname="ptolemy.util.test.junit.AutoTests" name="[48] /home/travis/build/icyphy/ptII/ptolemy/domains/modal/test/auto/ErrorTransition1.xml (RunModel)" time="0.033" />
  <testcase classname="ptolemy.util.test.junit.AutoTests" name="[49] /home/travis/build/icyphy/ptII/ptolemy/domains/modal/test/auto/ErrorTransition10.xml (RunModel)" time="0.042" />
  <testcase classname="ptolemy.util.test.junit.AutoTests" name="[50] /home/travis/build/icyphy/ptII/ptolemy/domains/modal/test/auto/ErrorTransition11.xml (RunModel)" time="0.031" />
  <testcase classname="ptolemy.util.test.junit.AutoTests" name="[51] /home/travis/build/icyphy/ptII/ptolemy/domains/modal/test/auto/ErrorTransition2.xml (RunModel)" time="0.022" />
  <testcase classname="ptolemy.util.test.junit.AutoTests" name="[52] /home/travis/build/icyphy/ptII/ptolemy/domains/modal/test/auto/ErrorTransition3.xml (RunModel)" time="0.028" />
  <testcase classname="ptolemy.util.test.junit.AutoTests" name="[53] /home/travis/build/icyphy/ptII/ptolemy/domains/modal/test/auto/ErrorTransition4.xml (RunModel)" time="0.034" />
  <testcase classname="ptolemy.util.test.junit.AutoTests" name="[54] /home/travis/build/icyphy/ptII/ptolemy/domains/modal/test/auto/ErrorTransition5.xml (RunModel)" time="0.025" />
  <testcase classname="ptolemy.util.test.junit.AutoTests" name="[55] /home/travis/build/icyphy/ptII/ptolemy/domains/modal/test/auto/ErrorTransition6.xml (RunModel)" time="0.032" />
  <testcase classname="ptolemy.util.test.junit.AutoTests" name="[56] /home/travis/build/icyphy/ptII/ptolemy/domains/modal/test/auto/ErrorTransition7.xml (RunModel)" time="0.043" />
  <testcase classname="ptolemy.util.test.junit.AutoTests" name="[57] /home/travis/build/icyphy/ptII/ptolemy/domains/modal/test/auto/ErrorTransition8.xml (RunModel)" time="0.072" />
  <testcase classname="ptolemy.util.test.junit.AutoTests" name="[58] /home/travis/build/icyphy/ptII/ptolemy/domains/modal/test/auto/ErrorTransition9.xml (RunModel)" time="0.041" />
  <testcase classname="ptolemy.util.test.junit.AutoTests" name="[59] /home/travis/build/icyphy/ptII/ptolemy/domains/modal/test/auto/ExtendedFSM.xml (RunModel)" time="0.02" />
  <testcase classname="ptolemy.util.test.junit.AutoTests" name="[60] /home/travis/build/icyphy/ptII/ptolemy/domains/modal/test/auto/FinalStates.xml (RunModel)" time="0.024" />
  <testcase classname="ptolemy.util.test.junit.AutoTests" name="[61] /home/travis/build/icyphy/ptII/ptolemy/domains/modal/test/auto/FixedPointFSM.xml (RunModel)" time="0.047" />
  <testcase classname="ptolemy.util.test.junit.AutoTests" name="[62] /home/travis/build/icyphy/ptII/ptolemy/domains/modal/test/auto/FixedPointIterationFSMActor.xml (RunModel)" time="0.035" />
  <testcase classname="ptolemy.util.test.junit.AutoTests" name="[63] /home/travis/build/icyphy/ptII/ptolemy/domains/modal/test/auto/FixedPointIterationFSMActor2.xml (RunModel)" time="0.041" />
  <testcase classname="ptolemy.util.test.junit.AutoTests" name="[64] /home/travis/build/icyphy/ptII/ptolemy/domains/modal/test/auto/ForbiddenInstantanousLoop.xml (RunModel)" time="0.036" />
  <testcase classname="ptolemy.util.test.junit.AutoTests" name="[65] /home/travis/build/icyphy/ptII/ptolemy/domains/modal/test/auto/FunctionDependencyOfFSMActorTest.xml (RunModel)" time="0.032" />
  <testcase classname="ptolemy.util.test.junit.AutoTests" name="[66] /home/travis/build/icyphy/ptII/ptolemy/domains/modal/test/auto/GuardExpression.xml (RunModel)" time="0.017" />
  <testcase classname="ptolemy.util.test.junit.AutoTests" name="[67] /home/travis/build/icyphy/ptII/ptolemy/domains/modal/test/auto/GuardNotEvaluated.xml (RunModel)" time="0.028" />
  <testcase classname="ptolemy.util.test.junit.AutoTests" name="[68] /home/travis/build/icyphy/ptII/ptolemy/domains/modal/test/auto/GuardNotEvaluated2.xml (RunModel)" time="0.025" />
  <testcase classname="ptolemy.util.test.junit.AutoTests" name="[69] /home/travis/build/icyphy/ptII/ptolemy/domains/modal/test/auto/GuardOnAbsent.xml (RunModel)" time="0.025" />
  <testcase classname="ptolemy.util.test.junit.AutoTests" name="[70] /home/travis/build/icyphy/ptII/ptolemy/domains/modal/test/auto/HierarchicalFSMTypeInference.xml (RunModel)" time="0.027" />
  <testcase classname="ptolemy.util.test.junit.AutoTests" name="[71] /home/travis/build/icyphy/ptII/ptolemy/domains/modal/test/auto/Hysteresis.xml (RunModel)" time="0.04" />
  <testcase classname="ptolemy.util.test.junit.AutoTests" name="[72] /home/travis/build/icyphy/ptII/ptolemy/domains/modal/test/auto/HysteresisWithDefault.xml (RunModel)" time="0.067" />
  <testcase classname="ptolemy.util.test.junit.AutoTests" name="[73] /home/travis/build/icyphy/ptII/ptolemy/domains/modal/test/auto/HysteresisWithDefault2.xml (RunModel)" time="0.072" />
  <testcase classname="ptolemy.util.test.junit.AutoTests" name="[74] /home/travis/build/icyphy/ptII/ptolemy/domains/modal/test/auto/ImmediateNonConstructiveness.xml (RunModel)" time="0.019" />
  <testcase classname="ptolemy.util.test.junit.AutoTests" name="[75] /home/travis/build/icyphy/ptII/ptolemy/domains/modal/test/auto/ImmediateNonConstructiveness2.xml (RunModel)" time="0.023" />
  <testcase classname="ptolemy.util.test.junit.AutoTests" name="[76] /home/travis/build/icyphy/ptII/ptolemy/domains/modal/test/auto/ImmediateTransitionReset.xml (RunModel)" time="0.033" />
  <testcase classname="ptolemy.util.test.junit.AutoTests" name="[77] /home/travis/build/icyphy/ptII/ptolemy/domains/modal/test/auto/ImmediateTransitions1.xml (RunModel)" time="0.012" />
  <testcase classname="ptolemy.util.test.junit.AutoTests" name="[78] /home/travis/build/icyphy/ptII/ptolemy/domains/modal/test/auto/ImmediateTransitionsInstantaneousCommunication.xml (RunModel)" time="0.035" />
  <testcase classname="ptolemy.util.test.junit.AutoTests" name="[79] /home/travis/build/icyphy/ptII/ptolemy/domains/modal/test/auto/InitialImmediateTransition.xml (RunModel)" time="0.015" />
  <testcase classname="ptolemy.util.test.junit.AutoTests" name="[80] /home/travis/build/icyphy/ptII/ptolemy/domains/modal/test/auto/InitialOutputs.xml (RunModel)" time="0.016" />
  <testcase classname="ptolemy.util.test.junit.AutoTests" name="[81] /home/travis/build/icyphy/ptII/ptolemy/domains/modal/test/auto/InitialStateTransition1.xml (RunModel)" time="0.019" />
  <testcase classname="ptolemy.util.test.junit.AutoTests" name="[82] /home/travis/build/icyphy/ptII/ptolemy/domains/modal/test/auto/InitialStateTransition2.xml (RunModel)" time="0.018" />
  <testcase classname="ptolemy.util.test.junit.AutoTests" name="[83] /home/travis/build/icyphy/ptII/ptolemy/domains/modal/test/auto/InitialStateTransition3.xml (RunModel)" time="0.024" />
  <testcase classname="ptolemy.util.test.junit.AutoTests" name="[84] /home/travis/build/icyphy/ptII/ptolemy/domains/modal/test/auto/InitialStateTransition4.xml (RunModel)" time="0.024" />
  <testcase classname="ptolemy.util.test.junit.AutoTests" name="[85] /home/travis/build/icyphy/ptII/ptolemy/domains/modal/test/auto/MalformedGuardExpressionNotCaught.xml (RunModel)" time="0.018" />
  <testcase classname="ptolemy.util.test.junit.AutoTests" name="[86] /home/travis/build/icyphy/ptII/ptolemy/domains/modal/test/auto/ModalBSC.xml (RunModel)" time="0.092" />
  <testcase classname="ptolemy.util.test.junit.AutoTests" name="[87] /home/travis/build/icyphy/ptII/ptolemy/domains/modal/test/auto/ModalClocks.xml (RunModel)" time="0.084" />
  <testcase classname="ptolemy.util.test.junit.AutoTests" name="[88] /home/travis/build/icyphy/ptII/ptolemy/domains/modal/test/auto/ModalDelay.xml (RunModel)" time="0.048" />
  <testcase classname="ptolemy.util.test.junit.AutoTests" name="[89] /home/travis/build/icyphy/ptII/ptolemy/domains/modal/test/auto/ModalDelay2.xml (RunModel)" time="0.047" />
  <testcase classname="ptolemy.util.test.junit.AutoTests" name="[90] /home/travis/build/icyphy/ptII/ptolemy/domains/modal/test/auto/ModalModelFromMemo.xml (RunModel)" time="0.066" />
  <testcase classname="ptolemy.util.test.junit.AutoTests" name="[91] /home/travis/build/icyphy/ptII/ptolemy/domains/modal/test/auto/ModalModelWithMultirateTransient.xml (RunModel)" time="0.046" />
  <testcase classname="ptolemy.util.test.junit.AutoTests" name="[92] /home/travis/build/icyphy/ptII/ptolemy/domains/modal/test/auto/ModalModelWithReset.xml (RunModel)" time="0.051" />
  <testcase classname="ptolemy.util.test.junit.AutoTests" name="[93] /home/travis/build/icyphy/ptII/ptolemy/domains/modal/test/auto/MouseClickFSM.xml (RunModel)" time="0.035" />
  <testcase classname="ptolemy.util.test.junit.AutoTests" name="[94] /home/travis/build/icyphy/ptII/ptolemy/domains/modal/test/auto/MouseClickFSMModal.xml (RunModel)" time="0.027" />
  <testcase classname="ptolemy.util.test.junit.AutoTests" name="[95] /home/travis/build/icyphy/ptII/ptolemy/domains/modal/test/auto/NonStrictFSM_FeedbackLoop.xml (RunModel)" time="0.051" />
  <testcase classname="ptolemy.util.test.junit.AutoTests" name="[96] /home/travis/build/icyphy/ptII/ptolemy/domains/modal/test/auto/NonStrictFSM_FeedbackLoop_Refinement.xml (RunModel)" time="0.06" />
  <testcase classname="ptolemy.util.test.junit.AutoTests" name="[97] /home/travis/build/icyphy/ptII/ptolemy/domains/modal/test/auto/NonStrictFSM_FeedbackLoop_preemptive.xml (RunModel)" time="0.038" />
  <testcase classname="ptolemy.util.test.junit.AutoTests" name="[98] /home/travis/build/icyphy/ptII/ptolemy/domains/modal/test/auto/NormalTermination.xml (RunModel)" time="0.056" />
  <testcase classname="ptolemy.util.test.junit.AutoTests" name="[99] /home/travis/build/icyphy/ptII/ptolemy/domains/modal/test/auto/Pong.xml (RunModel)" time="0.077" />
  <testcase classname="ptolemy.util.test.junit.AutoTests" name="[100] /home/travis/build/icyphy/ptII/ptolemy/domains/modal/test/auto/Pong_test.xml (RunModel)" time="0.1" />
  <testcase classname="ptolemy.util.test.junit.AutoTests" name="[101] /home/travis/build/icyphy/ptII/ptolemy/domains/modal/test/auto/PreemptionHierarchy.xml (RunModel)" time="0.024" />
  <testcase classname="ptolemy.util.test.junit.AutoTests" name="[102] /home/travis/build/icyphy/ptII/ptolemy/domains/modal/test/auto/PreemptionHierarchy2.xml (RunModel)" time="0.029" />
  <testcase classname="ptolemy.util.test.junit.AutoTests" name="[103] /home/travis/build/icyphy/ptII/ptolemy/domains/modal/test/auto/PreemptiveTransition.xml (RunModel)" time="0.022" />
  <testcase classname="ptolemy.util.test.junit.AutoTests" name="[104] /home/travis/build/icyphy/ptII/ptolemy/domains/modal/test/auto/Priorities.xml (RunModel)" time="0.074" />
  <testcase classname="ptolemy.util.test.junit.AutoTests" name="[105] /home/travis/build/icyphy/ptII/ptolemy/domains/modal/test/auto/ResetFinal.xml (RunModel)" time="0.038" />
  <testcase classname="ptolemy.util.test.junit.AutoTests" name="[106] /home/travis/build/icyphy/ptII/ptolemy/domains/modal/test/auto/ResetFinal2.xml (RunModel)" time="0.027" />
  <testcase classname="ptolemy.util.test.junit.AutoTests" name="[107] /home/travis/build/icyphy/ptII/ptolemy/domains/modal/test/auto/ResetTransitionWithStartTime.xml (RunModel)" time="0.029" />
  <testcase classname="ptolemy.util.test.junit.AutoTests" name="[108] /home/travis/build/icyphy/ptII/ptolemy/domains/modal/test/auto/SDF-FSMComposite.xml (RunModel)" time="0.019" />
  <testcase classname="ptolemy.util.test.junit.AutoTests" name="[109] /home/travis/build/icyphy/ptII/ptolemy/domains/modal/test/auto/SeeminglyNondeterminate.xml (RunModel)" time="0.067" />
  <testcase classname="ptolemy.util.test.junit.AutoTests" name="[110] /home/travis/build/icyphy/ptII/ptolemy/domains/modal/test/auto/SeeminglyNondeterminate2.xml (RunModel)" time="0.062" />
  <testcase classname="ptolemy.util.test.junit.AutoTests" name="[111] /home/travis/build/icyphy/ptII/ptolemy/domains/modal/test/auto/SpontaneousFSM.xml (RunModel)" time="0.055" />
  <testcase classname="ptolemy.util.test.junit.AutoTests" name="[112] /home/travis/build/icyphy/ptII/ptolemy/domains/modal/test/auto/SpontaneousFSM2.xml (RunModel)" time="0.036" />
  <testcase classname="ptolemy.util.test.junit.AutoTests" name="[113] /home/travis/build/icyphy/ptII/ptolemy/domains/modal/test/auto/SpontaneousFSM3.xml (RunModel)" time="0.039" />
  <testcase classname="ptolemy.util.test.junit.AutoTests" name="[114] /home/travis/build/icyphy/ptII/ptolemy/domains/modal/test/auto/SpontaneousFSM4.xml (RunModel)" time="0.041" />
  <testcase classname="ptolemy.util.test.junit.AutoTests" name="[115] /home/travis/build/icyphy/ptII/ptolemy/domains/modal/test/auto/StateTrackerTest.xml (RunModel)" time="0.043" />
  <testcase classname="ptolemy.util.test.junit.AutoTests" name="[116] /home/travis/build/icyphy/ptII/ptolemy/domains/modal/test/auto/StrongImmediateTransition.xml (RunModel)" time="0.056" />
  <testcase classname="ptolemy.util.test.junit.AutoTests" name="[117] /home/travis/build/icyphy/ptII/ptolemy/domains/modal/test/auto/SustainHierarchy.xml (RunModel)" time="0.075" />
  <testcase classname="ptolemy.util.test.junit.AutoTests" name="[118] /home/travis/build/icyphy/ptII/ptolemy/domains/modal/test/auto/TerminationTransition1.xml (RunModel)" time="0.047" />
  <testcase classname="ptolemy.util.test.junit.AutoTests" name="[119] /home/travis/build/icyphy/ptII/ptolemy/domains/modal/test/auto/TerminationTransition2.xml (RunModel)" time="0.029" />
  <testcase classname="ptolemy.util.test.junit.AutoTests" name="[120] /home/travis/build/icyphy/ptII/ptolemy/domains/modal/test/auto/TerminationTransition3.xml (RunModel)" time="0.024" />
  <testcase classname="ptolemy.util.test.junit.AutoTests" name="[121] /home/travis/build/icyphy/ptII/ptolemy/domains/modal/test/auto/TerminationTransition4.xml (RunModel)" time="0.039" />
  <testcase classname="ptolemy.util.test.junit.AutoTests" name="[122] /home/travis/build/icyphy/ptII/ptolemy/domains/modal/test/auto/TerminationTransition5.xml (RunModel)" time="0.032" />
  <testcase classname="ptolemy.util.test.junit.AutoTests" name="[123] /home/travis/build/icyphy/ptII/ptolemy/domains/modal/test/auto/TerminationTransition6.xml (RunModel)" time="0.023" />
  <testcase classname="ptolemy.util.test.junit.AutoTests" name="[124] /home/travis/build/icyphy/ptII/ptolemy/domains/modal/test/auto/TerminationTransition7.xml (RunModel)" time="0.026" />
  <testcase classname="ptolemy.util.test.junit.AutoTests" name="[125] /home/travis/build/icyphy/ptII/ptolemy/domains/modal/test/auto/TerminationTransition8.xml (RunModel)" time="0.022" />
  <testcase classname="ptolemy.util.test.junit.AutoTests" name="[126] /home/travis/build/icyphy/ptII/ptolemy/domains/modal/test/auto/Thermostat_NoHysteresis.xml (RunModel)" time="0.054" />
  <testcase classname="ptolemy.util.test.junit.AutoTests" name="[127] /home/travis/build/icyphy/ptII/ptolemy/domains/modal/test/auto/TimedFSM.xml (RunModel)" time="0.034" />
  <testcase classname="ptolemy.util.test.junit.AutoTests" name="[128] /home/travis/build/icyphy/ptII/ptolemy/domains/modal/test/auto/Timeout1.xml (RunModel)" time="0.014" />
  <testcase classname="ptolemy.util.test.junit.AutoTests" name="[129] /home/travis/build/icyphy/ptII/ptolemy/domains/modal/test/auto/Timeout2.xml (RunModel)" time="0.044" />
  <testcase classname="ptolemy.util.test.junit.AutoTests" name="[130] /home/travis/build/icyphy/ptII/ptolemy/domains/modal/test/auto/Timeout3.xml (RunModel)" time="0.014" />
  <testcase classname="ptolemy.util.test.junit.AutoTests" name="[131] /home/travis/build/icyphy/ptII/ptolemy/domains/modal/test/auto/Timeout4.xml (RunModel)" time="0.013" />
  <testcase classname="ptolemy.util.test.junit.AutoTests" name="[132] /home/travis/build/icyphy/ptII/ptolemy/domains/modal/test/auto/TransientstateModelAdvanced.xml (RunModel)" time="0.026" />
  <testcase classname="ptolemy.util.test.junit.AutoTests" name="[133] /home/travis/build/icyphy/ptII/ptolemy/domains/modal/test/auto/TransientstateModelAdvanced2.xml (RunModel)" time="0.029" />
  <testcase classname="ptolemy.util.test.junit.AutoTests" name="[134] /home/travis/build/icyphy/ptII/ptolemy/domains/modal/test/auto/TransitionRefinements.xml (RunModel)" time="0.021" />
  <testcase classname="ptolemy.util.test.junit.AutoTests" name="[135] /home/travis/build/icyphy/ptII/ptolemy/domains/modal/test/auto/TwoRefinements1.xml (RunModel)" time="0.032" />
  <testcase classname="ptolemy.util.test.junit.AutoTests" name="[136] /home/travis/build/icyphy/ptII/ptolemy/domains/modal/test/auto/TwoRefinements2.xml (RunModel)" time="0.024" />
  <testcase classname="ptolemy.util.test.junit.AutoTests" name="[137] /home/travis/build/icyphy/ptII/ptolemy/domains/modal/test/auto/WeakImmediateTransition.xml (RunModel)" time="0.029" />
  <testcase classname="ptolemy.util.test.junit.AutoTests" name="[138] /home/travis/build/icyphy/ptII/ptolemy/domains/modal/test/auto/booleanSelect.xml (RunModel)" time="0.072" />
  <testcase classname="ptolemy.util.test.junit.AutoTests" name="[139] /home/travis/build/icyphy/ptII/ptolemy/domains/modal/test/auto/modalChangingParams.xml (RunModel)" time="0.249" />
  <testcase classname="ptolemy.util.test.junit.AutoTests" name="[140] /home/travis/build/icyphy/ptII/ptolemy/domains/modal/test/auto/modalModel.xml (RunModel)" time="0.021" />
  <testcase classname="ptolemy.util.test.junit.AutoTests" name="[141] /home/travis/build/icyphy/ptII/ptolemy/domains/modal/test/auto/modalModel2.xml (RunModel)" time="0.034" />
  <testcase classname="ptolemy.util.test.junit.AutoTests" name="[142] /home/travis/build/icyphy/ptII/ptolemy/domains/modal/test/auto/modalModel3.xml (RunModel)" time="0.037" />
  <testcase classname="ptolemy.util.test.junit.AutoTests" name="[143] /home/travis/build/icyphy/ptII/ptolemy/domains/modal/test/auto/model1.xml (RunModel)" time="0.02" />
  <testcase classname="ptolemy.util.test.junit.AutoTests" name="[144] /home/travis/build/icyphy/ptII/ptolemy/domains/modal/test/auto/test-direct-in-out.xml (RunModel)" time="0.026" />
  <system-out><![CDATA[/home/travis/build/icyphy/ptII/ptolemy/domains/modal/test/SystemLevelType.tcl
testDefs.tcl: setting time out to 9000 seconds at Thu May 02 04:14:44 UTC 2019
05/02/19 04:14:46
Failed: 0  Total Tests: 1  ((Passed: 1, Newly Passed: 0)  Known Failed: 0) /home/travis/build/icyphy/ptII/ptolemy/domains/modal/test
----------------- testing (KnownFailure) /home/travis/build/icyphy/ptII/ptolemy/domains/modal/test/auto/knownFailedTests/CannotAnalysisWithPreemption.xml
30 ms. Memory: 208384K Free: 80703K (39%)
Known Failure: java.lang.reflect.InvocationTargetException
No auto/linux-amd64/*.xml tests in /home/travis/build/icyphy/ptII/ptolemy/domains/modal/test
AutoTests.java: About to close Vertx.
AutoTests.java: Vertx closed.

===========================================================================================
----------------- testing Thu May 02 04:14:46 UTC 2019 /home/travis/build/icyphy/ptII/ptolemy/domains/modal/test/auto/ABPTest.xml
----------------- Instantiating /home/travis/build/icyphy/ptII/ptolemy/domains/modal/test/auto/ABPTest.xml
306 ms. Memory: 331776K Free: 314417K (95%)
----------------- Invoking toplevel() on ptolemy.moml.MoMLSimpleApplication@152089f9
----------------- Done invoking toplevel() on ptolemy.moml.MoMLSimpleApplication@152089f9
reloadAllAccessors: .ABPTest

===========================================================================================
----------------- testing Thu May 02 04:14:47 UTC 2019 /home/travis/build/icyphy/ptII/ptolemy/domains/modal/test/auto/ABROFlat.xml
----------------- Instantiating /home/travis/build/icyphy/ptII/ptolemy/domains/modal/test/auto/ABROFlat.xml
21 ms. Memory: 331776K Free: 293295K (88%)
----------------- Invoking toplevel() on ptolemy.moml.MoMLSimpleApplication@45acfe06
----------------- Done invoking toplevel() on ptolemy.moml.MoMLSimpleApplication@45acfe06
reloadAllAccessors: .ABROFlat

===========================================================================================
----------------- testing Thu May 02 04:14:47 UTC 2019 /home/travis/build/icyphy/ptII/ptolemy/domains/modal/test/auto/ABROFlat2.xml
----------------- Instantiating /home/travis/build/icyphy/ptII/ptolemy/domains/modal/test/auto/ABROFlat2.xml
25 ms. Memory: 331776K Free: 274888K (83%)
----------------- Invoking toplevel() on ptolemy.moml.MoMLSimpleApplication@3e0d4680
----------------- Done invoking toplevel() on ptolemy.moml.MoMLSimpleApplication@3e0d4680
reloadAllAccessors: .ABROFlat2

===========================================================================================
----------------- testing Thu May 02 04:14:47 UTC 2019 /home/travis/build/icyphy/ptII/ptolemy/domains/modal/test/auto/ABRO_present_hmm.xml
----------------- Instantiating /home/travis/build/icyphy/ptII/ptolemy/domains/modal/test/auto/ABRO_present_hmm.xml
42 ms. Memory: 331776K Free: 244230K (74%)
----------------- Invoking toplevel() on ptolemy.moml.MoMLSimpleApplication@276761a1
----------------- Done invoking toplevel() on ptolemy.moml.MoMLSimpleApplication@276761a1
reloadAllAccessors: .ABRO_present_hmm

===========================================================================================
----------------- testing Thu May 02 04:14:48 UTC 2019 /home/travis/build/icyphy/ptII/ptolemy/domains/modal/test/auto/AMICoderExample.xml
----------------- Instantiating /home/travis/build/icyphy/ptII/ptolemy/domains/modal/test/auto/AMICoderExample.xml
20 ms. Memory: 331776K Free: 234418K (71%)
----------------- Invoking toplevel() on ptolemy.moml.MoMLSimpleApplication@60cd6f08
----------------- Done invoking toplevel() on ptolemy.moml.MoMLSimpleApplication@60cd6f08
reloadAllAccessors: .AMICoderExample

===========================================================================================
----------------- testing Thu May 02 04:14:48 UTC 2019 /home/travis/build/icyphy/ptII/ptolemy/domains/modal/test/auto/AbsentToPresent.xml
----------------- Instantiating /home/travis/build/icyphy/ptII/ptolemy/domains/modal/test/auto/AbsentToPresent.xml
6 ms. Memory: 331776K Free: 226244K (68%)
----------------- Invoking toplevel() on ptolemy.moml.MoMLSimpleApplication@1307d6e7
----------------- Done invoking toplevel() on ptolemy.moml.MoMLSimpleApplication@1307d6e7
reloadAllAccessors: .AbsentToPresent

===========================================================================================
----------------- testing Thu May 02 04:14:48 UTC 2019 /home/travis/build/icyphy/ptII/ptolemy/domains/modal/test/auto/Blending.xml
----------------- Instantiating /home/travis/build/icyphy/ptII/ptolemy/domains/modal/test/auto/Blending.xml
159 ms. Memory: 331776K Free: 172346K (52%)
----------------- Invoking toplevel() on ptolemy.moml.MoMLSimpleApplication@2f822599
----------------- Done invoking toplevel() on ptolemy.moml.MoMLSimpleApplication@2f822599
reloadAllAccessors: .Blending

===========================================================================================
----------------- testing Thu May 02 04:14:48 UTC 2019 /home/travis/build/icyphy/ptII/ptolemy/domains/modal/test/auto/Broadcast.xml
----------------- Instantiating /home/travis/build/icyphy/ptII/ptolemy/domains/modal/test/auto/Broadcast.xml
15 ms. Memory: 331776K Free: 161331K (49%)
----------------- Invoking toplevel() on ptolemy.moml.MoMLSimpleApplication@70f7f9c7
----------------- Done invoking toplevel() on ptolemy.moml.MoMLSimpleApplication@70f7f9c7
reloadAllAccessors: .Broadcast

===========================================================================================
----------------- testing Thu May 02 04:14:48 UTC 2019 /home/travis/build/icyphy/ptII/ptolemy/domains/modal/test/auto/BroadcastHierarchy.xml
----------------- Instantiating /home/travis/build/icyphy/ptII/ptolemy/domains/modal/test/auto/BroadcastHierarchy.xml
20 ms. Memory: 331776K Free: 144222K (43%)
----------------- Invoking toplevel() on ptolemy.moml.MoMLSimpleApplication@216c5c3d
----------------- Done invoking toplevel() on ptolemy.moml.MoMLSimpleApplication@216c5c3d
reloadAllAccessors: .BroadcastHierarchy

===========================================================================================
----------------- testing Thu May 02 04:14:48 UTC 2019 /home/travis/build/icyphy/ptII/ptolemy/domains/modal/test/auto/BroadcastHierarchy2.xml
----------------- Instantiating /home/travis/build/icyphy/ptII/ptolemy/domains/modal/test/auto/BroadcastHierarchy2.xml
22 ms. Memory: 331776K Free: 111199K (34%)
----------------- Invoking toplevel() on ptolemy.moml.MoMLSimpleApplication@6c13f638
----------------- Done invoking toplevel() on ptolemy.moml.MoMLSimpleApplication@6c13f638
reloadAllAccessors: .BroadcastHierarchy2

===========================================================================================
----------------- testing Thu May 02 04:14:48 UTC 2019 /home/travis/build/icyphy/ptII/ptolemy/domains/modal/test/auto/BroadcastHierarchy3.xml
----------------- Instantiating /home/travis/build/icyphy/ptII/ptolemy/domains/modal/test/auto/BroadcastHierarchy3.xml
20 ms. Memory: 331776K Free: 83448K (25%)
----------------- Invoking toplevel() on ptolemy.moml.MoMLSimpleApplication@56c49935
----------------- Done invoking toplevel() on ptolemy.moml.MoMLSimpleApplication@56c49935
reloadAllAccessors: .BroadcastHierarchy3

===========================================================================================
----------------- testing Thu May 02 04:14:48 UTC 2019 /home/travis/build/icyphy/ptII/ptolemy/domains/modal/test/auto/BroadcastHierarchy4.xml
----------------- Instantiating /home/travis/build/icyphy/ptII/ptolemy/domains/modal/test/auto/BroadcastHierarchy4.xml
21 ms. Memory: 333824K Free: 300755K (90%)
----------------- Invoking toplevel() on ptolemy.moml.MoMLSimpleApplication@831cd4d
----------------- Done invoking toplevel() on ptolemy.moml.MoMLSimpleApplication@831cd4d
reloadAllAccessors: .BroadcastHierarchy4

===========================================================================================
----------------- testing Thu May 02 04:14:48 UTC 2019 /home/travis/build/icyphy/ptII/ptolemy/domains/modal/test/auto/CannotAnalysisWithPreemption2.xml
----------------- Instantiating /home/travis/build/icyphy/ptII/ptolemy/domains/modal/test/auto/CannotAnalysisWithPreemption2.xml
8 ms. Memory: 333824K Free: 289813K (87%)
----------------- Invoking toplevel() on ptolemy.moml.MoMLSimpleApplication@1dc1f85b
----------------- Done invoking toplevel() on ptolemy.moml.MoMLSimpleApplication@1dc1f85b
reloadAllAccessors: .CannotAnalysisWithPreemption2

===========================================================================================
----------------- testing Thu May 02 04:14:48 UTC 2019 /home/travis/build/icyphy/ptII/ptolemy/domains/modal/test/auto/CannotAnalysisWithPreemption3.xml
----------------- Instantiating /home/travis/build/icyphy/ptII/ptolemy/domains/modal/test/auto/CannotAnalysisWithPreemption3.xml
6 ms. Memory: 333824K Free: 277563K (83%)
----------------- Invoking toplevel() on ptolemy.moml.MoMLSimpleApplication@165d5b94
----------------- Done invoking toplevel() on ptolemy.moml.MoMLSimpleApplication@165d5b94
reloadAllAccessors: .CannotAnalysisWithPreemption3

===========================================================================================
----------------- testing Thu May 02 04:14:48 UTC 2019 /home/travis/build/icyphy/ptII/ptolemy/domains/modal/test/auto/CannotProduce.xml
----------------- Instantiating /home/travis/build/icyphy/ptII/ptolemy/domains/modal/test/auto/CannotProduce.xml
12 ms. Memory: 333824K Free: 270227K (81%)
----------------- Invoking toplevel() on ptolemy.moml.MoMLSimpleApplication@1e068527
----------------- Done invoking toplevel() on ptolemy.moml.MoMLSimpleApplication@1e068527
reloadAllAccessors: .CannotProduce

===========================================================================================
----------------- testing Thu May 02 04:14:49 UTC 2019 /home/travis/build/icyphy/ptII/ptolemy/domains/modal/test/auto/CannotProduceModal.xml
----------------- Instantiating /home/travis/build/icyphy/ptII/ptolemy/domains/modal/test/auto/CannotProduceModal.xml
8 ms. Memory: 333824K Free: 259453K (78%)
----------------- Invoking toplevel() on ptolemy.moml.MoMLSimpleApplication@5b9c3975
----------------- Done invoking toplevel() on ptolemy.moml.MoMLSimpleApplication@5b9c3975
reloadAllAccessors: .CannotProduceModal

===========================================================================================
----------------- testing Thu May 02 04:14:49 UTC 2019 /home/travis/build/icyphy/ptII/ptolemy/domains/modal/test/auto/Case.xml
----------------- Instantiating /home/travis/build/icyphy/ptII/ptolemy/domains/modal/test/auto/Case.xml
36 ms. Memory: 333824K Free: 247187K (74%)
----------------- Invoking toplevel() on ptolemy.moml.MoMLSimpleApplication@64034f58
----------------- Done invoking toplevel() on ptolemy.moml.MoMLSimpleApplication@64034f58
reloadAllAccessors: .Case

===========================================================================================
----------------- testing Thu May 02 04:14:49 UTC 2019 /home/travis/build/icyphy/ptII/ptolemy/domains/modal/test/auto/Case1.xml
----------------- Instantiating /home/travis/build/icyphy/ptII/ptolemy/domains/modal/test/auto/Case1.xml
5 ms. Memory: 333824K Free: 238625K (71%)
----------------- Invoking toplevel() on ptolemy.moml.MoMLSimpleApplication@2deb39c6
----------------- Done invoking toplevel() on ptolemy.moml.MoMLSimpleApplication@2deb39c6
reloadAllAccessors: .Case1

===========================================================================================
----------------- testing Thu May 02 04:14:49 UTC 2019 /home/travis/build/icyphy/ptII/ptolemy/domains/modal/test/auto/Case2.xml
----------------- Instantiating /home/travis/build/icyphy/ptII/ptolemy/domains/modal/test/auto/Case2.xml
20 ms. Memory: 333824K Free: 224195K (67%)
----------------- Invoking toplevel() on ptolemy.moml.MoMLSimpleApplication@3c3c7866
----------------- Done invoking toplevel() on ptolemy.moml.MoMLSimpleApplication@3c3c7866
reloadAllAccessors: .Case2

===========================================================================================
----------------- testing Thu May 02 04:14:49 UTC 2019 /home/travis/build/icyphy/ptII/ptolemy/domains/modal/test/auto/CausalityInterface1.xml
----------------- Instantiating /home/travis/build/icyphy/ptII/ptolemy/domains/modal/test/auto/CausalityInterface1.xml
3 ms. Memory: 333824K Free: 218086K (65%)
----------------- Invoking toplevel() on ptolemy.moml.MoMLSimpleApplication@61e7d49d
----------------- Done invoking toplevel() on ptolemy.moml.MoMLSimpleApplication@61e7d49d
reloadAllAccessors: .CausalityInterface1

===========================================================================================
----------------- testing Thu May 02 04:14:49 UTC 2019 /home/travis/build/icyphy/ptII/ptolemy/domains/modal/test/auto/CausalityInterface10.xml
----------------- Instantiating /home/travis/build/icyphy/ptII/ptolemy/domains/modal/test/auto/CausalityInterface10.xml
6 ms. Memory: 333824K Free: 202165K (61%)
----------------- Invoking toplevel() on ptolemy.moml.MoMLSimpleApplication@129ee7bd
----------------- Done invoking toplevel() on ptolemy.moml.MoMLSimpleApplication@129ee7bd
reloadAllAccessors: .CausalityInterface10

===========================================================================================
----------------- testing Thu May 02 04:14:49 UTC 2019 /home/travis/build/icyphy/ptII/ptolemy/domains/modal/test/auto/CausalityInterface11.xml
----------------- Instantiating /home/travis/build/icyphy/ptII/ptolemy/domains/modal/test/auto/CausalityInterface11.xml
5 ms. Memory: 333824K Free: 185313K (56%)
----------------- Invoking toplevel() on ptolemy.moml.MoMLSimpleApplication@5e4f52cf
----------------- Done invoking toplevel() on ptolemy.moml.MoMLSimpleApplication@5e4f52cf
reloadAllAccessors: .CausalityInterface11

===========================================================================================
----------------- testing Thu May 02 04:14:49 UTC 2019 /home/travis/build/icyphy/ptII/ptolemy/domains/modal/test/auto/CausalityInterface12.xml
----------------- Instantiating /home/travis/build/icyphy/ptII/ptolemy/domains/modal/test/auto/CausalityInterface12.xml
6 ms. Memory: 333824K Free: 170650K (51%)
----------------- Invoking toplevel() on ptolemy.moml.MoMLSimpleApplication@305e88ec
----------------- Done invoking toplevel() on ptolemy.moml.MoMLSimpleApplication@305e88ec
reloadAllAccessors: .CausalityInterface12

===========================================================================================
----------------- testing Thu May 02 04:14:49 UTC 2019 /home/travis/build/icyphy/ptII/ptolemy/domains/modal/test/auto/CausalityInterface13.xml
----------------- Instantiating /home/travis/build/icyphy/ptII/ptolemy/domains/modal/test/auto/CausalityInterface13.xml
7 ms. Memory: 333824K Free: 154728K (46%)
----------------- Invoking toplevel() on ptolemy.moml.MoMLSimpleApplication@1f5a5e46
----------------- Done invoking toplevel() on ptolemy.moml.MoMLSimpleApplication@1f5a5e46
reloadAllAccessors: .CausalityInterface13

===========================================================================================
----------------- testing Thu May 02 04:14:49 UTC 2019 /home/travis/build/icyphy/ptII/ptolemy/domains/modal/test/auto/CausalityInterface14.xml
----------------- Instantiating /home/travis/build/icyphy/ptII/ptolemy/domains/modal/test/auto/CausalityInterface14.xml
5 ms. Memory: 333824K Free: 135400K (41%)
----------------- Invoking toplevel() on ptolemy.moml.MoMLSimpleApplication@7d355ca4
----------------- Done invoking toplevel() on ptolemy.moml.MoMLSimpleApplication@7d355ca4
reloadAllAccessors: .CausalityInterface14

===========================================================================================
----------------- testing Thu May 02 04:14:49 UTC 2019 /home/travis/build/icyphy/ptII/ptolemy/domains/modal/test/auto/CausalityInterface2.xml
----------------- Instantiating /home/travis/build/icyphy/ptII/ptolemy/domains/modal/test/auto/CausalityInterface2.xml
9 ms. Memory: 333824K Free: 128065K (38%)
----------------- Invoking toplevel() on ptolemy.moml.MoMLSimpleApplication@648c19c0
----------------- Done invoking toplevel() on ptolemy.moml.MoMLSimpleApplication@648c19c0
reloadAllAccessors: .CausalityInterface2

===========================================================================================
----------------- testing Thu May 02 04:14:49 UTC 2019 /home/travis/build/icyphy/ptII/ptolemy/domains/modal/test/auto/CausalityInterface3.xml
----------------- Instantiating /home/travis/build/icyphy/ptII/ptolemy/domains/modal/test/auto/CausalityInterface3.xml
4 ms. Memory: 333824K Free: 118533K (36%)
----------------- Invoking toplevel() on ptolemy.moml.MoMLSimpleApplication@3416b870
----------------- Done invoking toplevel() on ptolemy.moml.MoMLSimpleApplication@3416b870
reloadAllAccessors: .CausalityInterface3

===========================================================================================
----------------- testing Thu May 02 04:14:49 UTC 2019 /home/travis/build/icyphy/ptII/ptolemy/domains/modal/test/auto/CausalityInterface4.xml
----------------- Instantiating /home/travis/build/icyphy/ptII/ptolemy/domains/modal/test/auto/CausalityInterface4.xml
5 ms. Memory: 333824K Free: 111182K (33%)
----------------- Invoking toplevel() on ptolemy.moml.MoMLSimpleApplication@2f0f5590
----------------- Done invoking toplevel() on ptolemy.moml.MoMLSimpleApplication@2f0f5590
reloadAllAccessors: .CausalityInterface4

===========================================================================================
----------------- testing Thu May 02 04:14:49 UTC 2019 /home/travis/build/icyphy/ptII/ptolemy/domains/modal/test/auto/CausalityInterface5.xml
----------------- Instantiating /home/travis/build/icyphy/ptII/ptolemy/domains/modal/test/auto/CausalityInterface5.xml
5 ms. Memory: 333824K Free: 101377K (30%)
----------------- Invoking toplevel() on ptolemy.moml.MoMLSimpleApplication@b63607e
----------------- Done invoking toplevel() on ptolemy.moml.MoMLSimpleApplication@b63607e
reloadAllAccessors: .CausalityInterface5

===========================================================================================
----------------- testing Thu May 02 04:14:49 UTC 2019 /home/travis/build/icyphy/ptII/ptolemy/domains/modal/test/auto/CausalityInterface6.xml
----------------- Instantiating /home/travis/build/icyphy/ptII/ptolemy/domains/modal/test/auto/CausalityInterface6.xml
5 ms. Memory: 333824K Free: 89393K (27%)
----------------- Invoking toplevel() on ptolemy.moml.MoMLSimpleApplication@1051a5e4
----------------- Done invoking toplevel() on ptolemy.moml.MoMLSimpleApplication@1051a5e4
reloadAllAccessors: .CausalityInterface6

===========================================================================================
----------------- testing Thu May 02 04:14:49 UTC 2019 /home/travis/build/icyphy/ptII/ptolemy/domains/modal/test/auto/CausalityInterface7.xml
----------------- Instantiating /home/travis/build/icyphy/ptII/ptolemy/domains/modal/test/auto/CausalityInterface7.xml
7 ms. Memory: 333824K Free: 79604K (24%)
----------------- Invoking toplevel() on ptolemy.moml.MoMLSimpleApplication@2dc9fb5f
----------------- Done invoking toplevel() on ptolemy.moml.MoMLSimpleApplication@2dc9fb5f
reloadAllAccessors: .CausalityInterface7

===========================================================================================
----------------- testing Thu May 02 04:14:49 UTC 2019 /home/travis/build/icyphy/ptII/ptolemy/domains/modal/test/auto/CausalityInterface8.xml
----------------- Instantiating /home/travis/build/icyphy/ptII/ptolemy/domains/modal/test/auto/CausalityInterface8.xml
6 ms. Memory: 576512K Free: 555344K (96%)
----------------- Invoking toplevel() on ptolemy.moml.MoMLSimpleApplication@598dfc24
----------------- Done invoking toplevel() on ptolemy.moml.MoMLSimpleApplication@598dfc24
reloadAllAccessors: .CausalityInterface8

===========================================================================================
----------------- testing Thu May 02 04:14:49 UTC 2019 /home/travis/build/icyphy/ptII/ptolemy/domains/modal/test/auto/CausalityInterface9.xml
----------------- Instantiating /home/travis/build/icyphy/ptII/ptolemy/domains/modal/test/auto/CausalityInterface9.xml
9 ms. Memory: 576512K Free: 539880K (94%)
----------------- Invoking toplevel() on ptolemy.moml.MoMLSimpleApplication@3de55d0b
----------------- Done invoking toplevel() on ptolemy.moml.MoMLSimpleApplication@3de55d0b
reloadAllAccessors: .CausalityInterface9

===========================================================================================
----------------- testing Thu May 02 04:14:49 UTC 2019 /home/travis/build/icyphy/ptII/ptolemy/domains/modal/test/auto/ChainedTransitions.xml
----------------- Instantiating /home/travis/build/icyphy/ptII/ptolemy/domains/modal/test/auto/ChainedTransitions.xml
95 ms. Memory: 576512K Free: 510569K (89%)
----------------- Invoking toplevel() on ptolemy.moml.MoMLSimpleApplication@1bfc4934
----------------- Done invoking toplevel() on ptolemy.moml.MoMLSimpleApplication@1bfc4934
reloadAllAccessors: .ChainedTransitions

===========================================================================================
----------------- testing Thu May 02 04:14:50 UTC 2019 /home/travis/build/icyphy/ptII/ptolemy/domains/modal/test/auto/CycleOfImmediateTransitionsFSM.xml
----------------- Instantiating /home/travis/build/icyphy/ptII/ptolemy/domains/modal/test/auto/CycleOfImmediateTransitionsFSM.xml
3 ms. Memory: 576512K Free: 500799K (87%)
----------------- Invoking toplevel() on ptolemy.moml.MoMLSimpleApplication@77186994
----------------- Done invoking toplevel() on ptolemy.moml.MoMLSimpleApplication@77186994
reloadAllAccessors: .CycleOfImmediateTransitionsFSM

===========================================================================================
----------------- testing Thu May 02 04:14:50 UTC 2019 /home/travis/build/icyphy/ptII/ptolemy/domains/modal/test/auto/CycleOfImmediateTransitionsModal.xml
----------------- Instantiating /home/travis/build/icyphy/ptII/ptolemy/domains/modal/test/auto/CycleOfImmediateTransitionsModal.xml
4 ms. Memory: 576512K Free: 491029K (85%)
----------------- Invoking toplevel() on ptolemy.moml.MoMLSimpleApplication@59788eb7
----------------- Done invoking toplevel() on ptolemy.moml.MoMLSimpleApplication@59788eb7
reloadAllAccessors: .CycleOfImmediateTransitionsModal

===========================================================================================
----------------- testing Thu May 02 04:14:50 UTC 2019 /home/travis/build/icyphy/ptII/ptolemy/domains/modal/test/auto/CycleOfImmediateTransitionsModal2.xml
----------------- Instantiating /home/travis/build/icyphy/ptII/ptolemy/domains/modal/test/auto/CycleOfImmediateTransitionsModal2.xml
4 ms. Memory: 576512K Free: 478263K (83%)
----------------- Invoking toplevel() on ptolemy.moml.MoMLSimpleApplication@8622a3
----------------- Done invoking toplevel() on ptolemy.moml.MoMLSimpleApplication@8622a3
reloadAllAccessors: .CycleOfImmediateTransitionsModal2

===========================================================================================
----------------- testing Thu May 02 04:14:50 UTC 2019 /home/travis/build/icyphy/ptII/ptolemy/domains/modal/test/auto/CycleOfImmediateTransitionsModal3.xml
----------------- Instantiating /home/travis/build/icyphy/ptII/ptolemy/domains/modal/test/auto/CycleOfImmediateTransitionsModal3.xml
6 ms. Memory: 576512K Free: 451426K (78%)
----------------- Invoking toplevel() on ptolemy.moml.MoMLSimpleApplication@2321e313
----------------- Done invoking toplevel() on ptolemy.moml.MoMLSimpleApplication@2321e313
reloadAllAccessors: .CycleOfImmediateTransitionsModal3

===========================================================================================
----------------- testing Thu May 02 04:14:50 UTC 2019 /home/travis/build/icyphy/ptII/ptolemy/domains/modal/test/auto/DeepModal1.xml
----------------- Instantiating /home/travis/build/icyphy/ptII/ptolemy/domains/modal/test/auto/DeepModal1.xml
15 ms. Memory: 576512K Free: 436778K (76%)
----------------- Invoking toplevel() on ptolemy.moml.MoMLSimpleApplication@78bdf6ac
----------------- Done invoking toplevel() on ptolemy.moml.MoMLSimpleApplication@78bdf6ac
reloadAllAccessors: .DeepModal1

===========================================================================================
----------------- testing Thu May 02 04:14:50 UTC 2019 /home/travis/build/icyphy/ptII/ptolemy/domains/modal/test/auto/DeepModal2.xml
----------------- Instantiating /home/travis/build/icyphy/ptII/ptolemy/domains/modal/test/auto/DeepModal2.xml
27 ms. Memory: 576512K Free: 414827K (72%)
----------------- Invoking toplevel() on ptolemy.moml.MoMLSimpleApplication@55005d75
----------------- Done invoking toplevel() on ptolemy.moml.MoMLSimpleApplication@55005d75
reloadAllAccessors: .DeepModal2

===========================================================================================
----------------- testing Thu May 02 04:14:50 UTC 2019 /home/travis/build/icyphy/ptII/ptolemy/domains/modal/test/auto/DeepModal3.xml
----------------- Instantiating /home/travis/build/icyphy/ptII/ptolemy/domains/modal/test/auto/DeepModal3.xml
19 ms. Memory: 576512K Free: 389864K (68%)
----------------- Invoking toplevel() on ptolemy.moml.MoMLSimpleApplication@39625c73
----------------- Done invoking toplevel() on ptolemy.moml.MoMLSimpleApplication@39625c73
reloadAllAccessors: .DeepModal3

===========================================================================================
----------------- testing Thu May 02 04:14:50 UTC 2019 /home/travis/build/icyphy/ptII/ptolemy/domains/modal/test/auto/DeepModal4.xml
----------------- Instantiating /home/travis/build/icyphy/ptII/ptolemy/domains/modal/test/auto/DeepModal4.xml
36 ms. Memory: 576512K Free: 367889K (64%)
----------------- Invoking toplevel() on ptolemy.moml.MoMLSimpleApplication@1045aff3
----------------- Done invoking toplevel() on ptolemy.moml.MoMLSimpleApplication@1045aff3
reloadAllAccessors: .DeepModal4

===========================================================================================
----------------- testing Thu May 02 04:14:50 UTC 2019 /home/travis/build/icyphy/ptII/ptolemy/domains/modal/test/auto/Default1.xml
----------------- Instantiating /home/travis/build/icyphy/ptII/ptolemy/domains/modal/test/auto/Default1.xml
2 ms. Memory: 576512K Free: 358119K (62%)
----------------- Invoking toplevel() on ptolemy.moml.MoMLSimpleApplication@32dfdaa0
----------------- Done invoking toplevel() on ptolemy.moml.MoMLSimpleApplication@32dfdaa0
reloadAllAccessors: .Default1

===========================================================================================
----------------- testing Thu May 02 04:14:50 UTC 2019 /home/travis/build/icyphy/ptII/ptolemy/domains/modal/test/auto/Default2.xml
----------------- Instantiating /home/travis/build/icyphy/ptII/ptolemy/domains/modal/test/auto/Default2.xml
2 ms. Memory: 576512K Free: 350815K (61%)
----------------- Invoking toplevel() on ptolemy.moml.MoMLSimpleApplication@3715de25
----------------- Done invoking toplevel() on ptolemy.moml.MoMLSimpleApplication@3715de25
reloadAllAccessors: .Default2

===========================================================================================
----------------- testing Thu May 02 04:14:50 UTC 2019 /home/travis/build/icyphy/ptII/ptolemy/domains/modal/test/auto/Default3.xml
----------------- Instantiating /home/travis/build/icyphy/ptII/ptolemy/domains/modal/test/auto/Default3.xml
4 ms. Memory: 576512K Free: 338025K (59%)
----------------- Invoking toplevel() on ptolemy.moml.MoMLSimpleApplication@7373833d
----------------- Done invoking toplevel() on ptolemy.moml.MoMLSimpleApplication@7373833d
reloadAllAccessors: .Default3

===========================================================================================
----------------- testing Thu May 02 04:14:50 UTC 2019 /home/travis/build/icyphy/ptII/ptolemy/domains/modal/test/auto/Default4.xml
----------------- Instantiating /home/travis/build/icyphy/ptII/ptolemy/domains/modal/test/auto/Default4.xml
5 ms. Memory: 576512K Free: 328254K (57%)
----------------- Invoking toplevel() on ptolemy.moml.MoMLSimpleApplication@720b25fb
----------------- Done invoking toplevel() on ptolemy.moml.MoMLSimpleApplication@720b25fb
reloadAllAccessors: .Default4

===========================================================================================
----------------- testing Thu May 02 04:14:50 UTC 2019 /home/travis/build/icyphy/ptII/ptolemy/domains/modal/test/auto/Default5.xml
----------------- Instantiating /home/travis/build/icyphy/ptII/ptolemy/domains/modal/test/auto/Default5.xml
12 ms. Memory: 576512K Free: 318500K (55%)
----------------- Invoking toplevel() on ptolemy.moml.MoMLSimpleApplication@9e14591
----------------- Done invoking toplevel() on ptolemy.moml.MoMLSimpleApplication@9e14591
reloadAllAccessors: .Default5

===========================================================================================
----------------- testing Thu May 02 04:14:50 UTC 2019 /home/travis/build/icyphy/ptII/ptolemy/domains/modal/test/auto/EmptyGuard.xml
----------------- Instantiating /home/travis/build/icyphy/ptII/ptolemy/domains/modal/test/auto/EmptyGuard.xml
9 ms. Memory: 576512K Free: 308754K (54%)
----------------- Invoking toplevel() on ptolemy.moml.MoMLSimpleApplication@7d2c59a
----------------- Done invoking toplevel() on ptolemy.moml.MoMLSimpleApplication@7d2c59a
reloadAllAccessors: .EmptyGuard

===========================================================================================
----------------- testing Thu May 02 04:14:50 UTC 2019 /home/travis/build/icyphy/ptII/ptolemy/domains/modal/test/auto/ErrorTransition1.xml
----------------- Instantiating /home/travis/build/icyphy/ptII/ptolemy/domains/modal/test/auto/ErrorTransition1.xml
6 ms. Memory: 576512K Free: 295995K (51%)
----------------- Invoking toplevel() on ptolemy.moml.MoMLSimpleApplication@1ad2b8ec
----------------- Done invoking toplevel() on ptolemy.moml.MoMLSimpleApplication@1ad2b8ec
reloadAllAccessors: .ErrorTransition1

===========================================================================================
----------------- testing Thu May 02 04:14:50 UTC 2019 /home/travis/build/icyphy/ptII/ptolemy/domains/modal/test/auto/ErrorTransition10.xml
----------------- Instantiating /home/travis/build/icyphy/ptII/ptolemy/domains/modal/test/auto/ErrorTransition10.xml
12 ms. Memory: 576512K Free: 278905K (48%)
----------------- Invoking toplevel() on ptolemy.moml.MoMLSimpleApplication@4c9c3b3d
----------------- Done invoking toplevel() on ptolemy.moml.MoMLSimpleApplication@4c9c3b3d
reloadAllAccessors: .ErrorTransition10

===========================================================================================
----------------- testing Thu May 02 04:14:50 UTC 2019 /home/travis/build/icyphy/ptII/ptolemy/domains/modal/test/auto/ErrorTransition11.xml
----------------- Instantiating /home/travis/build/icyphy/ptII/ptolemy/domains/modal/test/auto/ErrorTransition11.xml
5 ms. Memory: 576512K Free: 264266K (46%)
----------------- Invoking toplevel() on ptolemy.moml.MoMLSimpleApplication@94054b1
----------------- Done invoking toplevel() on ptolemy.moml.MoMLSimpleApplication@94054b1
reloadAllAccessors: .ErrorTransition11

===========================================================================================
----------------- testing Thu May 02 04:14:50 UTC 2019 /home/travis/build/icyphy/ptII/ptolemy/domains/modal/test/auto/ErrorTransition2.xml
----------------- Instantiating /home/travis/build/icyphy/ptII/ptolemy/domains/modal/test/auto/ErrorTransition2.xml
4 ms. Memory: 576512K Free: 254512K (44%)
----------------- Invoking toplevel() on ptolemy.moml.MoMLSimpleApplication@1e38eee5
----------------- Done invoking toplevel() on ptolemy.moml.MoMLSimpleApplication@1e38eee5
reloadAllAccessors: .ErrorTransition2

===========================================================================================
----------------- testing Thu May 02 04:14:50 UTC 2019 /home/travis/build/icyphy/ptII/ptolemy/domains/modal/test/auto/ErrorTransition3.xml
----------------- Instantiating /home/travis/build/icyphy/ptII/ptolemy/domains/modal/test/auto/ErrorTransition3.xml
6 ms. Memory: 576512K Free: 239287K (42%)
----------------- Invoking toplevel() on ptolemy.moml.MoMLSimpleApplication@47fa43b7
----------------- Done invoking toplevel() on ptolemy.moml.MoMLSimpleApplication@47fa43b7
reloadAllAccessors: .ErrorTransition3

===========================================================================================
----------------- testing Thu May 02 04:14:50 UTC 2019 /home/travis/build/icyphy/ptII/ptolemy/domains/modal/test/auto/ErrorTransition4.xml
----------------- Instantiating /home/travis/build/icyphy/ptII/ptolemy/domains/modal/test/auto/ErrorTransition4.xml
11 ms. Memory: 576512K Free: 227098K (39%)
----------------- Invoking toplevel() on ptolemy.moml.MoMLSimpleApplication@211598dc
----------------- Done invoking toplevel() on ptolemy.moml.MoMLSimpleApplication@211598dc
reloadAllAccessors: .ErrorTransition4

===========================================================================================
----------------- testing Thu May 02 04:14:50 UTC 2019 /home/travis/build/icyphy/ptII/ptolemy/domains/modal/test/auto/ErrorTransition5.xml
----------------- Instantiating /home/travis/build/icyphy/ptII/ptolemy/domains/modal/test/auto/ErrorTransition5.xml
6 ms. Memory: 576512K Free: 214908K (37%)
----------------- Invoking toplevel() on ptolemy.moml.MoMLSimpleApplication@6b1e20e5
----------------- Done invoking toplevel() on ptolemy.moml.MoMLSimpleApplication@6b1e20e5
reloadAllAccessors: .ErrorTransition5

===========================================================================================
----------------- testing Thu May 02 04:14:50 UTC 2019 /home/travis/build/icyphy/ptII/ptolemy/domains/modal/test/auto/ErrorTransition6.xml
----------------- Instantiating /home/travis/build/icyphy/ptII/ptolemy/domains/modal/test/auto/ErrorTransition6.xml
7 ms. Memory: 576512K Free: 199684K (35%)
----------------- Invoking toplevel() on ptolemy.moml.MoMLSimpleApplication@4708d77b
----------------- Done invoking toplevel() on ptolemy.moml.MoMLSimpleApplication@4708d77b
reloadAllAccessors: .ErrorTransition6

===========================================================================================
----------------- testing Thu May 02 04:14:50 UTC 2019 /home/travis/build/icyphy/ptII/ptolemy/domains/modal/test/auto/ErrorTransition7.xml
----------------- Instantiating /home/travis/build/icyphy/ptII/ptolemy/domains/modal/test/auto/ErrorTransition7.xml
15 ms. Memory: 576512K Free: 182609K (32%)
----------------- Invoking toplevel() on ptolemy.moml.MoMLSimpleApplication@43f16ef1
----------------- Done invoking toplevel() on ptolemy.moml.MoMLSimpleApplication@43f16ef1
reloadAllAccessors: .ErrorTransition7

===========================================================================================
----------------- testing Thu May 02 04:14:50 UTC 2019 /home/travis/build/icyphy/ptII/ptolemy/domains/modal/test/auto/ErrorTransition8.xml
----------------- Instantiating /home/travis/build/icyphy/ptII/ptolemy/domains/modal/test/auto/ErrorTransition8.xml
45 ms. Memory: 576512K Free: 165535K (29%)
----------------- Invoking toplevel() on ptolemy.moml.MoMLSimpleApplication@762b2cf1
----------------- Done invoking toplevel() on ptolemy.moml.MoMLSimpleApplication@762b2cf1
reloadAllAccessors: .ErrorTransition8

===========================================================================================
----------------- testing Thu May 02 04:14:51 UTC 2019 /home/travis/build/icyphy/ptII/ptolemy/domains/modal/test/auto/ErrorTransition9.xml
----------------- Instantiating /home/travis/build/icyphy/ptII/ptolemy/domains/modal/test/auto/ErrorTransition9.xml
17 ms. Memory: 576512K Free: 148461K (26%)
----------------- Invoking toplevel() on ptolemy.moml.MoMLSimpleApplication@616d9954
----------------- Done invoking toplevel() on ptolemy.moml.MoMLSimpleApplication@616d9954
reloadAllAccessors: .ErrorTransition9

===========================================================================================
----------------- testing Thu May 02 04:14:51 UTC 2019 /home/travis/build/icyphy/ptII/ptolemy/domains/modal/test/auto/ExtendedFSM.xml
----------------- Instantiating /home/travis/build/icyphy/ptII/ptolemy/domains/modal/test/auto/ExtendedFSM.xml
5 ms. Memory: 576512K Free: 135687K (24%)
----------------- Invoking toplevel() on ptolemy.moml.MoMLSimpleApplication@22ef32bf
----------------- Done invoking toplevel() on ptolemy.moml.MoMLSimpleApplication@22ef32bf
reloadAllAccessors: .ExtendedFSM

===========================================================================================
----------------- testing Thu May 02 04:14:51 UTC 2019 /home/travis/build/icyphy/ptII/ptolemy/domains/modal/test/auto/FinalStates.xml
----------------- Instantiating /home/travis/build/icyphy/ptII/ptolemy/domains/modal/test/auto/FinalStates.xml
7 ms. Memory: 576512K Free: 125933K (22%)
----------------- Invoking toplevel() on ptolemy.moml.MoMLSimpleApplication@b23529
----------------- Done invoking toplevel() on ptolemy.moml.MoMLSimpleApplication@b23529
reloadAllAccessors: .FinalStates

===========================================================================================
----------------- testing Thu May 02 04:14:51 UTC 2019 /home/travis/build/icyphy/ptII/ptolemy/domains/modal/test/auto/FixedPointFSM.xml
----------------- Instantiating /home/travis/build/icyphy/ptII/ptolemy/domains/modal/test/auto/FixedPointFSM.xml
20 ms. Memory: 576512K Free: 108850K (19%)
----------------- Invoking toplevel() on ptolemy.moml.MoMLSimpleApplication@1ea15b52
----------------- Done invoking toplevel() on ptolemy.moml.MoMLSimpleApplication@1ea15b52
reloadAllAccessors: .FixedPointFSM

===========================================================================================
----------------- testing Thu May 02 04:14:51 UTC 2019 /home/travis/build/icyphy/ptII/ptolemy/domains/modal/test/auto/FixedPointIterationFSMActor.xml
----------------- Instantiating /home/travis/build/icyphy/ptII/ptolemy/domains/modal/test/auto/FixedPointIterationFSMActor.xml
7 ms. Memory: 576512K Free: 96653K (17%)
----------------- Invoking toplevel() on ptolemy.moml.MoMLSimpleApplication@3e5ff5ef
----------------- Done invoking toplevel() on ptolemy.moml.MoMLSimpleApplication@3e5ff5ef
reloadAllAccessors: .FixedPointIterationFSMActor

===========================================================================================
----------------- testing Thu May 02 04:14:51 UTC 2019 /home/travis/build/icyphy/ptII/ptolemy/domains/modal/test/auto/FixedPointIterationFSMActor2.xml
----------------- Instantiating /home/travis/build/icyphy/ptII/ptolemy/domains/modal/test/auto/FixedPointIterationFSMActor2.xml
16 ms. Memory: 576512K Free: 79468K (14%)
----------------- Invoking toplevel() on ptolemy.moml.MoMLSimpleApplication@4d4f63db
----------------- Done invoking toplevel() on ptolemy.moml.MoMLSimpleApplication@4d4f63db
reloadAllAccessors: .FixedPointIterationFSMActor2

===========================================================================================
----------------- testing Thu May 02 04:14:51 UTC 2019 /home/travis/build/icyphy/ptII/ptolemy/domains/modal/test/auto/ForbiddenInstantanousLoop.xml
----------------- Instantiating /home/travis/build/icyphy/ptII/ptolemy/domains/modal/test/auto/ForbiddenInstantanousLoop.xml
5 ms. Memory: 577024K Free: 550729K (95%)
----------------- Invoking toplevel() on ptolemy.moml.MoMLSimpleApplication@4ae3809f
----------------- Done invoking toplevel() on ptolemy.moml.MoMLSimpleApplication@4ae3809f
reloadAllAccessors: .ForbiddenInstantanousLoop

===========================================================================================
----------------- testing Thu May 02 04:14:51 UTC 2019 /home/travis/build/icyphy/ptII/ptolemy/domains/modal/test/auto/FunctionDependencyOfFSMActorTest.xml
----------------- Instantiating /home/travis/build/icyphy/ptII/ptolemy/domains/modal/test/auto/FunctionDependencyOfFSMActorTest.xml
15 ms. Memory: 577024K Free: 538840K (93%)
----------------- Invoking toplevel() on ptolemy.moml.MoMLSimpleApplication@6aafc40c
----------------- Done invoking toplevel() on ptolemy.moml.MoMLSimpleApplication@6aafc40c
reloadAllAccessors: .FunctionDependencyOfFSMActorTest

===========================================================================================
----------------- testing Thu May 02 04:14:51 UTC 2019 /home/travis/build/icyphy/ptII/ptolemy/domains/modal/test/auto/GuardExpression.xml
----------------- Instantiating /home/travis/build/icyphy/ptII/ptolemy/domains/modal/test/auto/GuardExpression.xml
2 ms. Memory: 577024K Free: 529094K (92%)
----------------- Invoking toplevel() on ptolemy.moml.MoMLSimpleApplication@6bf8218
----------------- Done invoking toplevel() on ptolemy.moml.MoMLSimpleApplication@6bf8218
reloadAllAccessors: .GuardExpression

===========================================================================================
----------------- testing Thu May 02 04:14:51 UTC 2019 /home/travis/build/icyphy/ptII/ptolemy/domains/modal/test/auto/GuardNotEvaluated.xml
----------------- Instantiating /home/travis/build/icyphy/ptII/ptolemy/domains/modal/test/auto/GuardNotEvaluated.xml
6 ms. Memory: 577024K Free: 513951K (89%)
----------------- Invoking toplevel() on ptolemy.moml.MoMLSimpleApplication@7ee1dcd6
----------------- Done invoking toplevel() on ptolemy.moml.MoMLSimpleApplication@7ee1dcd6
reloadAllAccessors: .GuardNotEvaluated

===========================================================================================
----------------- testing Thu May 02 04:14:51 UTC 2019 /home/travis/build/icyphy/ptII/ptolemy/domains/modal/test/auto/GuardNotEvaluated2.xml
----------------- Instantiating /home/travis/build/icyphy/ptII/ptolemy/domains/modal/test/auto/GuardNotEvaluated2.xml
7 ms. Memory: 577024K Free: 500934K (87%)
----------------- Invoking toplevel() on ptolemy.moml.MoMLSimpleApplication@4553b400
----------------- Done invoking toplevel() on ptolemy.moml.MoMLSimpleApplication@4553b400
reloadAllAccessors: .GuardNotEvaluated2

===========================================================================================
----------------- testing Thu May 02 04:14:51 UTC 2019 /home/travis/build/icyphy/ptII/ptolemy/domains/modal/test/auto/GuardOnAbsent.xml
----------------- Instantiating /home/travis/build/icyphy/ptII/ptolemy/domains/modal/test/auto/GuardOnAbsent.xml
10 ms. Memory: 577024K Free: 491188K (85%)
----------------- Invoking toplevel() on ptolemy.moml.MoMLSimpleApplication@46b35d2d
----------------- Done invoking toplevel() on ptolemy.moml.MoMLSimpleApplication@46b35d2d
reloadAllAccessors: .GuardOnAbsent

===========================================================================================
----------------- testing Thu May 02 04:14:51 UTC 2019 /home/travis/build/icyphy/ptII/ptolemy/domains/modal/test/auto/HierarchicalFSMTypeInference.xml
----------------- Instantiating /home/travis/build/icyphy/ptII/ptolemy/domains/modal/test/auto/HierarchicalFSMTypeInference.xml
2 ms. Memory: 577024K Free: 472783K (82%)
----------------- Invoking toplevel() on ptolemy.moml.MoMLSimpleApplication@12fc26d3
----------------- Done invoking toplevel() on ptolemy.moml.MoMLSimpleApplication@12fc26d3
reloadAllAccessors: .HierarchicalFSMTypeInference

===========================================================================================
----------------- testing Thu May 02 04:14:51 UTC 2019 /home/travis/build/icyphy/ptII/ptolemy/domains/modal/test/auto/Hysteresis.xml
----------------- Instantiating /home/travis/build/icyphy/ptII/ptolemy/domains/modal/test/auto/Hysteresis.xml
11 ms. Memory: 577024K Free: 453266K (79%)
----------------- Invoking toplevel() on ptolemy.moml.MoMLSimpleApplication@6cfd56e0
----------------- Done invoking toplevel() on ptolemy.moml.MoMLSimpleApplication@6cfd56e0
reloadAllAccessors: .Hysteresis

===========================================================================================
----------------- testing Thu May 02 04:14:51 UTC 2019 /home/travis/build/icyphy/ptII/ptolemy/domains/modal/test/auto/HysteresisWithDefault.xml
----------------- Instantiating /home/travis/build/icyphy/ptII/ptolemy/domains/modal/test/auto/HysteresisWithDefault.xml
34 ms. Memory: 577024K Free: 427249K (74%)
----------------- Invoking toplevel() on ptolemy.moml.MoMLSimpleApplication@3b1df9a4
----------------- Done invoking toplevel() on ptolemy.moml.MoMLSimpleApplication@3b1df9a4
reloadAllAccessors: .HysteresisWithDefault

===========================================================================================
----------------- testing Thu May 02 04:14:51 UTC 2019 /home/travis/build/icyphy/ptII/ptolemy/domains/modal/test/auto/HysteresisWithDefault2.xml
----------------- Instantiating /home/travis/build/icyphy/ptII/ptolemy/domains/modal/test/auto/HysteresisWithDefault2.xml
44 ms. Memory: 577024K Free: 392589K (68%)
----------------- Invoking toplevel() on ptolemy.moml.MoMLSimpleApplication@bbf9906
----------------- Done invoking toplevel() on ptolemy.moml.MoMLSimpleApplication@bbf9906
reloadAllAccessors: .HysteresisWithDefault2

===========================================================================================
----------------- testing Thu May 02 04:14:51 UTC 2019 /home/travis/build/icyphy/ptII/ptolemy/domains/modal/test/auto/ImmediateNonConstructiveness.xml
----------------- Instantiating /home/travis/build/icyphy/ptII/ptolemy/domains/modal/test/auto/ImmediateNonConstructiveness.xml
3 ms. Memory: 577024K Free: 382843K (66%)
----------------- Invoking toplevel() on ptolemy.moml.MoMLSimpleApplication@6b45ef6c
----------------- Done invoking toplevel() on ptolemy.moml.MoMLSimpleApplication@6b45ef6c
reloadAllAccessors: .ImmediateNonConstructiveness

===========================================================================================
----------------- testing Thu May 02 04:14:51 UTC 2019 /home/travis/build/icyphy/ptII/ptolemy/domains/modal/test/auto/ImmediateNonConstructiveness2.xml
----------------- Instantiating /home/travis/build/icyphy/ptII/ptolemy/domains/modal/test/auto/ImmediateNonConstructiveness2.xml
5 ms. Memory: 577024K Free: 370946K (64%)
----------------- Invoking toplevel() on ptolemy.moml.MoMLSimpleApplication@132f6a01
----------------- Done invoking toplevel() on ptolemy.moml.MoMLSimpleApplication@132f6a01
reloadAllAccessors: .ImmediateNonConstructiveness2

===========================================================================================
----------------- testing Thu May 02 04:14:51 UTC 2019 /home/travis/build/icyphy/ptII/ptolemy/domains/modal/test/auto/ImmediateTransitionReset.xml
----------------- Instantiating /home/travis/build/icyphy/ptII/ptolemy/domains/modal/test/auto/ImmediateTransitionReset.xml
5 ms. Memory: 577024K Free: 354684K (61%)
----------------- Invoking toplevel() on ptolemy.moml.MoMLSimpleApplication@5cc1e0bd
----------------- Done invoking toplevel() on ptolemy.moml.MoMLSimpleApplication@5cc1e0bd
reloadAllAccessors: .ImmediateTransitionReset

===========================================================================================
----------------- testing Thu May 02 04:14:51 UTC 2019 /home/travis/build/icyphy/ptII/ptolemy/domains/modal/test/auto/ImmediateTransitions1.xml
----------------- Instantiating /home/travis/build/icyphy/ptII/ptolemy/domains/modal/test/auto/ImmediateTransitions1.xml
2 ms. Memory: 577024K Free: 344929K (60%)
----------------- Invoking toplevel() on ptolemy.moml.MoMLSimpleApplication@245ed081
----------------- Done invoking toplevel() on ptolemy.moml.MoMLSimpleApplication@245ed081
reloadAllAccessors: .ImmediateTransitions1

===========================================================================================
----------------- testing Thu May 02 04:14:51 UTC 2019 /home/travis/build/icyphy/ptII/ptolemy/domains/modal/test/auto/ImmediateTransitionsInstantaneousCommunication.xml
----------------- Instantiating /home/travis/build/icyphy/ptII/ptolemy/domains/modal/test/auto/ImmediateTransitionsInstantaneousCommunication.xml
3 ms. Memory: 577024K Free: 326540K (57%)
----------------- Invoking toplevel() on ptolemy.moml.MoMLSimpleApplication@23b7e33e
----------------- Done invoking toplevel() on ptolemy.moml.MoMLSimpleApplication@23b7e33e
reloadAllAccessors: .ImmediateTransitionsInstantaneousCommunication

===========================================================================================
----------------- testing Thu May 02 04:14:51 UTC 2019 /home/travis/build/icyphy/ptII/ptolemy/domains/modal/test/auto/InitialImmediateTransition.xml
----------------- Instantiating /home/travis/build/icyphy/ptII/ptolemy/domains/modal/test/auto/InitialImmediateTransition.xml
3 ms. Memory: 577024K Free: 316786K (55%)
----------------- Invoking toplevel() on ptolemy.moml.MoMLSimpleApplication@4933e450
----------------- Done invoking toplevel() on ptolemy.moml.MoMLSimpleApplication@4933e450
reloadAllAccessors: .InitialImmediateTransition

===========================================================================================
----------------- testing Thu May 02 04:14:51 UTC 2019 /home/travis/build/icyphy/ptII/ptolemy/domains/modal/test/auto/InitialOutputs.xml
----------------- Instantiating /home/travis/build/icyphy/ptII/ptolemy/domains/modal/test/auto/InitialOutputs.xml
4 ms. Memory: 577024K Free: 307031K (53%)
----------------- Invoking toplevel() on ptolemy.moml.MoMLSimpleApplication@771550b4
----------------- Done invoking toplevel() on ptolemy.moml.MoMLSimpleApplication@771550b4
reloadAllAccessors: .InitialOutputs

===========================================================================================
----------------- testing Thu May 02 04:14:51 UTC 2019 /home/travis/build/icyphy/ptII/ptolemy/domains/modal/test/auto/InitialStateTransition1.xml
----------------- Instantiating /home/travis/build/icyphy/ptII/ptolemy/domains/modal/test/auto/InitialStateTransition1.xml
2 ms. Memory: 577024K Free: 291872K (51%)
----------------- Invoking toplevel() on ptolemy.moml.MoMLSimpleApplication@704ad64a
----------------- Done invoking toplevel() on ptolemy.moml.MoMLSimpleApplication@704ad64a
reloadAllAccessors: .InitialStateTransition1

===========================================================================================
----------------- testing Thu May 02 04:14:51 UTC 2019 /home/travis/build/icyphy/ptII/ptolemy/domains/modal/test/auto/InitialStateTransition2.xml
----------------- Instantiating /home/travis/build/icyphy/ptII/ptolemy/domains/modal/test/auto/InitialStateTransition2.xml
.InitialStateTransition2.TestExceptionAttributeNonConstructive: initialize() was not invoked, but wrapup() was.  This is unusual, but not always a problem.  For example, exporting JNLP will do this.
1 ms. Memory: 577024K Free: 278872K (48%)
----------------- Invoking toplevel() on ptolemy.moml.MoMLSimpleApplication@490f34c3
----------------- Done invoking toplevel() on ptolemy.moml.MoMLSimpleApplication@490f34c3
reloadAllAccessors: .InitialStateTransition2

===========================================================================================
----------------- testing Thu May 02 04:14:51 UTC 2019 /home/travis/build/icyphy/ptII/ptolemy/domains/modal/test/auto/InitialStateTransition3.xml
----------------- Instantiating /home/travis/build/icyphy/ptII/ptolemy/domains/modal/test/auto/InitialStateTransition3.xml
2 ms. Memory: 577024K Free: 263729K (46%)
----------------- Invoking toplevel() on ptolemy.moml.MoMLSimpleApplication@4636284b
----------------- Done invoking toplevel() on ptolemy.moml.MoMLSimpleApplication@4636284b
reloadAllAccessors: .InitialStateTransition3

===========================================================================================
----------------- testing Thu May 02 04:14:51 UTC 2019 /home/travis/build/icyphy/ptII/ptolemy/domains/modal/test/auto/InitialStateTransition4.xml
----------------- Instantiating /home/travis/build/icyphy/ptII/ptolemy/domains/modal/test/auto/InitialStateTransition4.xml
3 ms. Memory: 577024K Free: 250728K (43%)
----------------- Invoking toplevel() on ptolemy.moml.MoMLSimpleApplication@3d30eae6
----------------- Done invoking toplevel() on ptolemy.moml.MoMLSimpleApplication@3d30eae6
[...]
----------------- Done invoking toplevel() on ptolemy.moml.MoMLSimpleApplication@1e40703
reloadAllAccessors: .TerminationTransition3

===========================================================================================
----------------- testing Thu May 02 04:14:53 UTC 2019 /home/travis/build/icyphy/ptII/ptolemy/domains/modal/test/auto/TerminationTransition4.xml
----------------- Instantiating /home/travis/build/icyphy/ptII/ptolemy/domains/modal/test/auto/TerminationTransition4.xml
4 ms. Memory: 868864K Free: 216722K (25%)
----------------- Invoking toplevel() on ptolemy.moml.MoMLSimpleApplication@44a9350f
----------------- Done invoking toplevel() on ptolemy.moml.MoMLSimpleApplication@44a9350f
reloadAllAccessors: .TerminationTransition4

===========================================================================================
----------------- testing Thu May 02 04:14:53 UTC 2019 /home/travis/build/icyphy/ptII/ptolemy/domains/modal/test/auto/TerminationTransition5.xml
----------------- Instantiating /home/travis/build/icyphy/ptII/ptolemy/domains/modal/test/auto/TerminationTransition5.xml
3 ms. Memory: 868864K Free: 194758K (22%)
----------------- Invoking toplevel() on ptolemy.moml.MoMLSimpleApplication@5f05a31d
----------------- Done invoking toplevel() on ptolemy.moml.MoMLSimpleApplication@5f05a31d
reloadAllAccessors: .TerminationTransition5

===========================================================================================
----------------- testing Thu May 02 04:14:53 UTC 2019 /home/travis/build/icyphy/ptII/ptolemy/domains/modal/test/auto/TerminationTransition6.xml
----------------- Instantiating /home/travis/build/icyphy/ptII/ptolemy/domains/modal/test/auto/TerminationTransition6.xml
2 ms. Memory: 868864K Free: 179175K (21%)
----------------- Invoking toplevel() on ptolemy.moml.MoMLSimpleApplication@2e6a985d
----------------- Done invoking toplevel() on ptolemy.moml.MoMLSimpleApplication@2e6a985d
reloadAllAccessors: .TerminationTransition6

===========================================================================================
----------------- testing Thu May 02 04:14:53 UTC 2019 /home/travis/build/icyphy/ptII/ptolemy/domains/modal/test/auto/TerminationTransition7.xml
----------------- Instantiating /home/travis/build/icyphy/ptII/ptolemy/domains/modal/test/auto/TerminationTransition7.xml
3 ms. Memory: 868864K Free: 163592K (19%)
----------------- Invoking toplevel() on ptolemy.moml.MoMLSimpleApplication@1b4fb46b
----------------- Done invoking toplevel() on ptolemy.moml.MoMLSimpleApplication@1b4fb46b
reloadAllAccessors: .TerminationTransition7

===========================================================================================
----------------- testing Thu May 02 04:14:53 UTC 2019 /home/travis/build/icyphy/ptII/ptolemy/domains/modal/test/auto/TerminationTransition8.xml
----------------- Instantiating /home/travis/build/icyphy/ptII/ptolemy/domains/modal/test/auto/TerminationTransition8.xml
3 ms. Memory: 868864K Free: 145522K (17%)
----------------- Invoking toplevel() on ptolemy.moml.MoMLSimpleApplication@281891fa
----------------- Done invoking toplevel() on ptolemy.moml.MoMLSimpleApplication@281891fa
reloadAllAccessors: .TerminationTransition8

===========================================================================================
----------------- testing Thu May 02 04:14:53 UTC 2019 /home/travis/build/icyphy/ptII/ptolemy/domains/modal/test/auto/Thermostat_NoHysteresis.xml
----------------- Instantiating /home/travis/build/icyphy/ptII/ptolemy/domains/modal/test/auto/Thermostat_NoHysteresis.xml
23 ms. Memory: 868864K Free: 114324K (13%)
----------------- Invoking toplevel() on ptolemy.moml.MoMLSimpleApplication@2a28e96
----------------- Done invoking toplevel() on ptolemy.moml.MoMLSimpleApplication@2a28e96
reloadAllAccessors: .Thermostat_NoHysteresis

===========================================================================================
----------------- testing Thu May 02 04:14:53 UTC 2019 /home/travis/build/icyphy/ptII/ptolemy/domains/modal/test/auto/TimedFSM.xml
----------------- Instantiating /home/travis/build/icyphy/ptII/ptolemy/domains/modal/test/auto/TimedFSM.xml
7 ms. Memory: 868864K Free: 98733K (11%)
----------------- Invoking toplevel() on ptolemy.moml.MoMLSimpleApplication@734e191a
----------------- Done invoking toplevel() on ptolemy.moml.MoMLSimpleApplication@734e191a
reloadAllAccessors: .TimedFSM

===========================================================================================
----------------- testing Thu May 02 04:14:54 UTC 2019 /home/travis/build/icyphy/ptII/ptolemy/domains/modal/test/auto/Timeout1.xml
----------------- Instantiating /home/travis/build/icyphy/ptII/ptolemy/domains/modal/test/auto/Timeout1.xml
3 ms. Memory: 868864K Free: 88466K (10%)
----------------- Invoking toplevel() on ptolemy.moml.MoMLSimpleApplication@33e12818
----------------- Done invoking toplevel() on ptolemy.moml.MoMLSimpleApplication@33e12818
reloadAllAccessors: .Timeout1

===========================================================================================
----------------- testing Thu May 02 04:14:54 UTC 2019 /home/travis/build/icyphy/ptII/ptolemy/domains/modal/test/auto/Timeout2.xml
----------------- Instantiating /home/travis/build/icyphy/ptII/ptolemy/domains/modal/test/auto/Timeout2.xml
20 ms. Memory: 869376K Free: 855663K (98%)
----------------- Invoking toplevel() on ptolemy.moml.MoMLSimpleApplication@5d8acdfc
----------------- Done invoking toplevel() on ptolemy.moml.MoMLSimpleApplication@5d8acdfc
reloadAllAccessors: .Timeout2

===========================================================================================
----------------- testing Thu May 02 04:14:54 UTC 2019 /home/travis/build/icyphy/ptII/ptolemy/domains/modal/test/auto/Timeout3.xml
----------------- Instantiating /home/travis/build/icyphy/ptII/ptolemy/domains/modal/test/auto/Timeout3.xml
2 ms. Memory: 869376K Free: 844063K (97%)
----------------- Invoking toplevel() on ptolemy.moml.MoMLSimpleApplication@72f59169
----------------- Done invoking toplevel() on ptolemy.moml.MoMLSimpleApplication@72f59169
reloadAllAccessors: .Timeout3

===========================================================================================
----------------- testing Thu May 02 04:14:54 UTC 2019 /home/travis/build/icyphy/ptII/ptolemy/domains/modal/test/auto/Timeout4.xml
----------------- Instantiating /home/travis/build/icyphy/ptII/ptolemy/domains/modal/test/auto/Timeout4.xml
2 ms. Memory: 869376K Free: 836170K (96%)
----------------- Invoking toplevel() on ptolemy.moml.MoMLSimpleApplication@1a67b258
----------------- Done invoking toplevel() on ptolemy.moml.MoMLSimpleApplication@1a67b258
reloadAllAccessors: .Timeout4

===========================================================================================
----------------- testing Thu May 02 04:14:54 UTC 2019 /home/travis/build/icyphy/ptII/ptolemy/domains/modal/test/auto/TransientstateModelAdvanced.xml
----------------- Instantiating /home/travis/build/icyphy/ptII/ptolemy/domains/modal/test/auto/TransientstateModelAdvanced.xml
3 ms. Memory: 869376K Free: 818751K (94%)
----------------- Invoking toplevel() on ptolemy.moml.MoMLSimpleApplication@283617cb
----------------- Done invoking toplevel() on ptolemy.moml.MoMLSimpleApplication@283617cb
reloadAllAccessors: .TransientstateModelAdvanced

===========================================================================================
----------------- testing Thu May 02 04:14:54 UTC 2019 /home/travis/build/icyphy/ptII/ptolemy/domains/modal/test/auto/TransientstateModelAdvanced2.xml
----------------- Instantiating /home/travis/build/icyphy/ptII/ptolemy/domains/modal/test/auto/TransientstateModelAdvanced2.xml
3 ms. Memory: 869376K Free: 799258K (92%)
----------------- Invoking toplevel() on ptolemy.moml.MoMLSimpleApplication@5750aba5
----------------- Done invoking toplevel() on ptolemy.moml.MoMLSimpleApplication@5750aba5
reloadAllAccessors: .transientstatemodelAdvanced

===========================================================================================
----------------- testing Thu May 02 04:14:54 UTC 2019 /home/travis/build/icyphy/ptII/ptolemy/domains/modal/test/auto/TransitionRefinements.xml
----------------- Instantiating /home/travis/build/icyphy/ptII/ptolemy/domains/modal/test/auto/TransitionRefinements.xml
6 ms. Memory: 869376K Free: 785733K (90%)
----------------- Invoking toplevel() on ptolemy.moml.MoMLSimpleApplication@6a5fa592
----------------- Done invoking toplevel() on ptolemy.moml.MoMLSimpleApplication@6a5fa592
reloadAllAccessors: .TransitionRefinements

===========================================================================================
----------------- testing Thu May 02 04:14:54 UTC 2019 /home/travis/build/icyphy/ptII/ptolemy/domains/modal/test/auto/TwoRefinements1.xml
----------------- Instantiating /home/travis/build/icyphy/ptII/ptolemy/domains/modal/test/auto/TwoRefinements1.xml
3 ms. Memory: 869376K Free: 770142K (89%)
----------------- Invoking toplevel() on ptolemy.moml.MoMLSimpleApplication@4cf344b7
----------------- Done invoking toplevel() on ptolemy.moml.MoMLSimpleApplication@4cf344b7
reloadAllAccessors: .TwoRefinements1

===========================================================================================
----------------- testing Thu May 02 04:14:54 UTC 2019 /home/travis/build/icyphy/ptII/ptolemy/domains/modal/test/auto/TwoRefinements2.xml
----------------- Instantiating /home/travis/build/icyphy/ptII/ptolemy/domains/modal/test/auto/TwoRefinements2.xml
3 ms. Memory: 869376K Free: 752724K (87%)
----------------- Invoking toplevel() on ptolemy.moml.MoMLSimpleApplication@10a65ec5
----------------- Done invoking toplevel() on ptolemy.moml.MoMLSimpleApplication@10a65ec5
reloadAllAccessors: .TwoRefinements2

===========================================================================================
----------------- testing Thu May 02 04:14:54 UTC 2019 /home/travis/build/icyphy/ptII/ptolemy/domains/modal/test/auto/WeakImmediateTransition.xml
----------------- Instantiating /home/travis/build/icyphy/ptII/ptolemy/domains/modal/test/auto/WeakImmediateTransition.xml
4 ms. Memory: 869376K Free: 741027K (85%)
----------------- Invoking toplevel() on ptolemy.moml.MoMLSimpleApplication@26f16b3f
----------------- Done invoking toplevel() on ptolemy.moml.MoMLSimpleApplication@26f16b3f
reloadAllAccessors: .WeakImmediateTransition

===========================================================================================
----------------- testing Thu May 02 04:14:54 UTC 2019 /home/travis/build/icyphy/ptII/ptolemy/domains/modal/test/auto/booleanSelect.xml
----------------- Instantiating /home/travis/build/icyphy/ptII/ptolemy/domains/modal/test/auto/booleanSelect.xml
33 ms. Memory: 869376K Free: 719691K (83%)
----------------- Invoking toplevel() on ptolemy.moml.MoMLSimpleApplication@7d24d95b
----------------- Done invoking toplevel() on ptolemy.moml.MoMLSimpleApplication@7d24d95b
reloadAllAccessors: .booleanSelect

===========================================================================================
----------------- testing Thu May 02 04:14:54 UTC 2019 /home/travis/build/icyphy/ptII/ptolemy/domains/modal/test/auto/modalChangingParams.xml
----------------- Instantiating /home/travis/build/icyphy/ptII/ptolemy/domains/modal/test/auto/modalChangingParams.xml
0
1
0
2
4
6
8
7
0
2
4
6
8
13
0
2
4
6
8
19
0
2
4
6
8
25
0
2
4
6
8
31
0
2
4
6
8
37
0
2
4
6
8
43
0
2
4
6
8
49
0
2
4
6
8
55
0
2
4
6
8
61
0
2
4
6
8
67
0
2
4
6
8
73
0
2
4
6
8
79
0
2
4
6
8
85
0
2
4
6
8
91
0
2
4
6
8
97
0
2
4
6
8
103
0
2
4
6
8
109
0
2
4
6
8
115
0
2
4
6
8
121
0
2
4
6
8
127
0
2
4
6
8
133
0
2
4
6
8
139
0
2
4
6
8
145
0
2
4
6
8
151
0
2
4
6
8
157
0
2
4
6
8
163
0
2
4
6
8
169
0
2
4
6
8
175
0
2
4
6
8
181
0
2
4
6
8
187
0
2
4
6
8
193
0
2
4
6
8
199
0
2
4
6
8
205
0
2
4
6
8
211
0
2
4
6
8
217
0
2
4
6
8
223
0
2
4
6
8
229
0
2
4
6
8
235
0
2
4
6
8
241
0
2
4
6
8
247
0
2
4
6
8
253
0
2
4
6
8
259
0
2
4
6
8
265
0
2
4
6
8
271
0
2
4
6
8
277
0
2
4
6
8
283
0
2
4
6
8
289
0
2
4
6
8
295
0
2
4
6
8
301
0
2
4
6
8
307
0
2
4
6
8
313
0
2
4
6
8
319
0
2
4
6
8
325
0
2
4
6
8
331
0
2
4
6
8
337
0
2
4
6
8
343
0
2
4
6
8
349
0
2
4
6
8
355
0
2
4
6
8
361
0
2
4
6
8
367
0
2
4
6
8
373
0
2
4
6
8
379
0
2
4
6
8
385
0
2
4
6
8
391
0
2
4
6
8
397
0
2
4
6
8
403
0
2
4
6
8
409
0
2
4
6
8
415
0
2
4
6
8
421
0
2
4
6
8
427
0
2
4
6
8
433
0
2
4
6
8
439
0
2
4
6
8
445
0
2
4
6
8
451
0
2
4
6
8
457
0
2
4
6
8
463
0
2
4
6
8
469
0
2
4
6
8
475
0
2
4
6
8
481
0
2
4
6
8
487
0
2
4
6
8
493
0
2
4
6
8
499
0
2
4
6
8
505
0
2
4
6
8
511
0
2
4
6
8
517
0
2
4
6
8
523
0
2
4
6
8
529
0
2
4
6
8
535
0
2
4
6
8
541
0
2
4
6
8
547
0
2
4
6
8
553
0
2
4
6
8
559
0
2
4
6
8
565
0
2
4
6
8
571
0
2
4
6
8
577
0
2
4
6
8
583
0
2
4
6
8
589
0
2
4
6
8
595
0
2
4
6
8
601
0
2
4
6
8
607
0
2
4
6
8
613
0
2
4
6
8
619
0
2
4
6
8
625
0
2
4
6
8
631
0
2
4
6
8
637
0
2
4
6
8
643
0
2
4
6
8
649
0
2
4
6
8
655
0
2
4
6
8
661
0
2
4
6
8
667
0
2
4
6
8
673
0
2
4
6
8
679
0
2
4
6
8
685
0
2
4
6
8
691
0
2
4
6
8
697
0
2
4
6
8
703
0
2
4
6
8
709
0
2
4
6
8
715
0
2
4
6
8
721
0
2
4
6
8
727
0
2
4
6
8
733
0
2
4
6
8
739
0
2
4
6
8
745
0
2
4
6
8
751
0
2
4
6
8
757
0
2
4
6
8
763
0
2
4
6
8
769
0
2
4
6
8
775
0
2
4
6
8
781
0
2
4
6
8
787
0
2
4
6
8
793
0
2
4
6
8
799
0
2
4
6
8
805
0
2
4
6
8
811
0
2
4
6
8
817
0
2
4
6
8
823
0
2
4
6
8
829
0
2
4
6
8
835
0
2
4
6
8
841
0
2
4
6
8
847
0
2
4
6
8
853
0
2
4
6
8
859
0
2
4
6
8
865
0
2
4
6
8
871
0
2
4
6
8
877
0
2
4
6
8
883
0
2
4
6
8
889
0
2
4
6
8
895
0
2
4
6
8
901
0
2
4
6
8
907
0
2
4
6
8
913
0
2
4
6
8
919
0
2
4
6
8
925
0
2
4
6
8
931
0
2
4
6
8
937
0
2
4
6
8
943
0
2
4
6
8
949
0
2
4
6
8
955
0
2
4
6
8
961
0
2
4
6
8
967
0
2
4
6
8
973
0
2
4
6
8
979
0
2
4
6
8
985
0
2
4
6
8
991
0
2
4
6
8
997
0
2
222 ms. Memory: 869376K Free: 602629K (69%)
----------------- Invoking toplevel() on ptolemy.moml.MoMLSimpleApplication@2a9c78f4
----------------- Done invoking toplevel() on ptolemy.moml.MoMLSimpleApplication@2a9c78f4
reloadAllAccessors: .modalChangingParams

===========================================================================================
----------------- testing Thu May 02 04:14:54 UTC 2019 /home/travis/build/icyphy/ptII/ptolemy/domains/modal/test/auto/modalModel.xml
----------------- Instantiating /home/travis/build/icyphy/ptII/ptolemy/domains/modal/test/auto/modalModel.xml
4 ms. Memory: 869376K Free: 589105K (68%)
----------------- Invoking toplevel() on ptolemy.moml.MoMLSimpleApplication@866019d
----------------- Done invoking toplevel() on ptolemy.moml.MoMLSimpleApplication@866019d
reloadAllAccessors: .modalModel

===========================================================================================
----------------- testing Thu May 02 04:14:54 UTC 2019 /home/travis/build/icyphy/ptII/ptolemy/domains/modal/test/auto/modalModel2.xml
----------------- Instantiating /home/travis/build/icyphy/ptII/ptolemy/domains/modal/test/auto/modalModel2.xml
10 ms. Memory: 869376K Free: 577407K (66%)
----------------- Invoking toplevel() on ptolemy.moml.MoMLSimpleApplication@7e68f0e4
----------------- Done invoking toplevel() on ptolemy.moml.MoMLSimpleApplication@7e68f0e4
reloadAllAccessors: .modalModel2

===========================================================================================
----------------- testing Thu May 02 04:14:54 UTC 2019 /home/travis/build/icyphy/ptII/ptolemy/domains/modal/test/auto/modalModel3.xml
----------------- Instantiating /home/travis/build/icyphy/ptII/ptolemy/domains/modal/test/auto/modalModel3.xml
0	0	0
3	2	1
6	4	2
9	6	3
4	0	4
7	2	5
10	4	6
13	6	7
8	0	8
11	2	9
14	4	10
17	6	11
12	0	12
15	2	13
18	4	14
12 ms. Memory: 869376K Free: 556103K (64%)
----------------- Invoking toplevel() on ptolemy.moml.MoMLSimpleApplication@b537c72
----------------- Done invoking toplevel() on ptolemy.moml.MoMLSimpleApplication@b537c72
reloadAllAccessors: .modalModel3

===========================================================================================
----------------- testing Thu May 02 04:14:54 UTC 2019 /home/travis/build/icyphy/ptII/ptolemy/domains/modal/test/auto/model1.xml
----------------- Instantiating /home/travis/build/icyphy/ptII/ptolemy/domains/modal/test/auto/model1.xml
12 ms. Memory: 869376K Free: 548315K (63%)
----------------- Invoking toplevel() on ptolemy.moml.MoMLSimpleApplication@51979cf0
----------------- Done invoking toplevel() on ptolemy.moml.MoMLSimpleApplication@51979cf0
reloadAllAccessors: .model1

===========================================================================================
----------------- testing Thu May 02 04:14:54 UTC 2019 /home/travis/build/icyphy/ptII/ptolemy/domains/modal/test/auto/test-direct-in-out.xml
----------------- Instantiating /home/travis/build/icyphy/ptII/ptolemy/domains/modal/test/auto/test-direct-in-out.xml
7 ms. Memory: 869376K Free: 534799K (62%)
----------------- Invoking toplevel() on ptolemy.moml.MoMLSimpleApplication@4971851c
----------------- Done invoking toplevel() on ptolemy.moml.MoMLSimpleApplication@4971851c
reloadAllAccessors: .test-direct-in-out
AutoTests.java: About to close Vertx.
AutoTests.java: Vertx closed.
]]></system-out>
  <system-err><![CDATA[java.lang.RuntimeException: Execution failed
	at ptolemy.moml.MoMLSimpleApplication$UnloadThread.run(MoMLSimpleApplication.java:402)
Caused by: ptolemy.kernel.util.IllegalActionException: Unknown inputs remain. Possible causality loop:
L_model_1893289564i

  in .CannotAnalysisWithPreemption.model_1893289564_region_1 and .CannotAnalysisWithPreemption.model_1893289564_region_1.L_model_1893289564i
	at ptolemy.actor.sched.FixedPointDirector.postfire(FixedPointDirector.java:515)
	at ptolemy.domains.sr.kernel.SRDirector.postfire(SRDirector.java:417)
	at ptolemy.actor.CompositeActor.postfire(CompositeActor.java:1668)
	at ptolemy.actor.Manager.iterate(Manager.java:852)
	at ptolemy.actor.Manager.execute(Manager.java:369)
	at ptolemy.actor.Manager.run(Manager.java:1263)
	at ptolemy.actor.Manager$PtolemyRunThread.run(Manager.java:1915)
java.lang.reflect.InvocationTargetException
	at sun.reflect.NativeConstructorAccessorImpl.newInstance0(Native Method)
	at sun.reflect.NativeConstructorAccessorImpl.newInstance(NativeConstructorAccessorImpl.java:62)
	at sun.reflect.DelegatingConstructorAccessorImpl.newInstance(DelegatingConstructorAccessorImpl.java:45)
	at java.lang.reflect.Constructor.newInstance(Constructor.java:423)
	at ptolemy.util.test.junit.AutoKnownFailedTests.RunModel(AutoKnownFailedTests.java:105)
	at sun.reflect.NativeMethodAccessorImpl.invoke0(Native Method)
	at sun.reflect.NativeMethodAccessorImpl.invoke(NativeMethodAccessorImpl.java:62)
	at sun.reflect.DelegatingMethodAccessorImpl.invoke(DelegatingMethodAccessorImpl.java:43)
	at java.lang.reflect.Method.invoke(Method.java:498)
	at org.junit.runners.model.FrameworkMethod$1.runReflectiveCall(FrameworkMethod.java:44)
	at org.junit.internal.runners.model.ReflectiveCallable.run(ReflectiveCallable.java:15)
	at org.junit.runners.model.FrameworkMethod.invokeExplosively(FrameworkMethod.java:41)
	at junitparams.internal.InvokeParameterisedMethod.evaluate(InvokeParameterisedMethod.java:102)
	at org.junit.internal.runners.statements.FailOnTimeout$1.run(FailOnTimeout.java:28)
Caused by: ptolemy.kernel.util.IllegalActionException: Unknown inputs remain. Possible causality loop:
L_model_1893289564i

  in .CannotAnalysisWithPreemption.model_1893289564_region_1 and .CannotAnalysisWithPreemption.model_1893289564_region_1.L_model_1893289564i
	at ptolemy.actor.sched.FixedPointDirector.postfire(FixedPointDirector.java:515)
	at ptolemy.domains.sr.kernel.SRDirector.postfire(SRDirector.java:417)
	at ptolemy.actor.CompositeActor.postfire(CompositeActor.java:1668)
	at ptolemy.actor.Manager.iterate(Manager.java:852)
	at ptolemy.actor.Manager.execute(Manager.java:369)
	at ptolemy.actor.Manager.run(Manager.java:1263)
	at ptolemy.actor.Manager$PtolemyRunThread.run(Manager.java:1915)
]]></system-err>
</testsuite>
