<?xml version="1.0" encoding="UTF-8" ?>
<testsuite errors="0" failures="0" hostname="travis-job-4511e24d-9b96-4003-a422-c79c5882aa5b" name="ptolemy.actor.lib.hoc.test.junit.JUnitTclTest" skipped="0" tests="58" time="35.431" timestamp="2019-07-18T04:48:06">
  <properties>
[...]
</properties>
  <testcase classname="ptolemy.util.test.junit.TclTests" name="[0] /home/travis/build/icyphy/ptII/ptolemy/actor/lib/hoc/test/IterateOverArray.tcl (RunTclFile)" time="0.326" />
  <testcase classname="ptolemy.util.test.junit.AutoKnownFailedTests" name="[0] /home/travis/build/icyphy/ptII/ptolemy/actor/lib/hoc/test/auto/knownFailedTests/PreinitializeMustBeInvokedRunComposite.xml (RunModel)" time="0.463" />
  <testcase classname="ptolemy.util.test.junit.AutoNameArchTests" name="[0] ThereAreNoAutoArchTests (RunModel)" time="0.002" />
  <testcase classname="ptolemy.util.test.junit.AutoTests" name="[0] /home/travis/build/icyphy/ptII/ptolemy/actor/lib/hoc/test/auto/AllToAllMultiInstanceComposite.xml (RunModel)" time="0.578" />
  <testcase classname="ptolemy.util.test.junit.AutoTests" name="[1] /home/travis/build/icyphy/ptII/ptolemy/actor/lib/hoc/test/auto/ApplyFFTTest.xml (RunModel)" time="0.425" />
  <testcase classname="ptolemy.util.test.junit.AutoTests" name="[2] /home/travis/build/icyphy/ptII/ptolemy/actor/lib/hoc/test/auto/ApplyFunction.xml (RunModel)" time="0.057" />
  <testcase classname="ptolemy.util.test.junit.AutoTests" name="[3] /home/travis/build/icyphy/ptII/ptolemy/actor/lib/hoc/test/auto/BackgroundExecution.xml (RunModel)" time="0.751" />
  <testcase classname="ptolemy.util.test.junit.AutoTests" name="[4] /home/travis/build/icyphy/ptII/ptolemy/actor/lib/hoc/test/auto/Case.xml (RunModel)" time="0.11" />
  <testcase classname="ptolemy.util.test.junit.AutoTests" name="[5] /home/travis/build/icyphy/ptII/ptolemy/actor/lib/hoc/test/auto/Case1.xml (RunModel)" time="0.086" />
  <testcase classname="ptolemy.util.test.junit.AutoTests" name="[6] /home/travis/build/icyphy/ptII/ptolemy/actor/lib/hoc/test/auto/Case2.xml (RunModel)" time="0.079" />
  <testcase classname="ptolemy.util.test.junit.AutoTests" name="[7] /home/travis/build/icyphy/ptII/ptolemy/actor/lib/hoc/test/auto/Case3.xml (RunModel)" time="0.059" />
  <testcase classname="ptolemy.util.test.junit.AutoTests" name="[8] /home/travis/build/icyphy/ptII/ptolemy/actor/lib/hoc/test/auto/Case4.xml (RunModel)" time="0.086" />
  <testcase classname="ptolemy.util.test.junit.AutoTests" name="[9] /home/travis/build/icyphy/ptII/ptolemy/actor/lib/hoc/test/auto/Case5.xml (RunModel)" time="0.062" />
  <testcase classname="ptolemy.util.test.junit.AutoTests" name="[10] /home/travis/build/icyphy/ptII/ptolemy/actor/lib/hoc/test/auto/Case6.xml (RunModel)" time="0.114" />
  <testcase classname="ptolemy.util.test.junit.AutoTests" name="[11] /home/travis/build/icyphy/ptII/ptolemy/actor/lib/hoc/test/auto/CaseString2.xml (RunModel)" time="0.076" />
  <testcase classname="ptolemy.util.test.junit.AutoTests" name="[12] /home/travis/build/icyphy/ptII/ptolemy/actor/lib/hoc/test/auto/CatchUpComposite1.xml (RunModel)" time="0.101" />
  <testcase classname="ptolemy.util.test.junit.AutoTests" name="[13] /home/travis/build/icyphy/ptII/ptolemy/actor/lib/hoc/test/auto/CatchUpComposite2.xml (RunModel)" time="0.08" />
  <testcase classname="ptolemy.util.test.junit.AutoTests" name="[14] /home/travis/build/icyphy/ptII/ptolemy/actor/lib/hoc/test/auto/CatchUpComposite3.xml (RunModel)" time="0.068" />
  <testcase classname="ptolemy.util.test.junit.AutoTests" name="[15] /home/travis/build/icyphy/ptII/ptolemy/actor/lib/hoc/test/auto/CatchUpComposite4.xml (RunModel)" time="0.074" />
  <testcase classname="ptolemy.util.test.junit.AutoTests" name="[16] /home/travis/build/icyphy/ptII/ptolemy/actor/lib/hoc/test/auto/CatchUpComposite5.xml (RunModel)" time="0.062" />
  <testcase classname="ptolemy.util.test.junit.AutoTests" name="[17] /home/travis/build/icyphy/ptII/ptolemy/actor/lib/hoc/test/auto/CatchUpComposite6.xml (RunModel)" time="0.167" />
  <testcase classname="ptolemy.util.test.junit.AutoTests" name="[18] /home/travis/build/icyphy/ptII/ptolemy/actor/lib/hoc/test/auto/CatchUpComposite7.xml (RunModel)" time="0.074" />
  <testcase classname="ptolemy.util.test.junit.AutoTests" name="[19] /home/travis/build/icyphy/ptII/ptolemy/actor/lib/hoc/test/auto/ConcurrentExecutionTimeSDF.xml (RunModel)" time="1.561" />
  <testcase classname="ptolemy.util.test.junit.AutoTests" name="[20] /home/travis/build/icyphy/ptII/ptolemy/actor/lib/hoc/test/auto/ConcurrentSleep.xml (RunModel)" time="0.778" />
  <testcase classname="ptolemy.util.test.junit.AutoTests" name="[21] /home/travis/build/icyphy/ptII/ptolemy/actor/lib/hoc/test/auto/DEInPNInRunCompositeActor.xml (RunModel)" time="0.036" />
  <testcase classname="ptolemy.util.test.junit.AutoTests" name="[22] /home/travis/build/icyphy/ptII/ptolemy/actor/lib/hoc/test/auto/DFTSubSetTest.xml (RunModel)" time="0.246" />
  <testcase classname="ptolemy.util.test.junit.AutoTests" name="[23] /home/travis/build/icyphy/ptII/ptolemy/actor/lib/hoc/test/auto/HocDE.xml (RunModel)" time="0.157" />
  <testcase classname="ptolemy.util.test.junit.AutoTests" name="[24] /home/travis/build/icyphy/ptII/ptolemy/actor/lib/hoc/test/auto/IterateOverArray.xml (RunModel)" time="0.041" />
  <testcase classname="ptolemy.util.test.junit.AutoTests" name="[25] /home/travis/build/icyphy/ptII/ptolemy/actor/lib/hoc/test/auto/IterateOverArray10.xml (RunModel)" time="0.028" />
  <testcase classname="ptolemy.util.test.junit.AutoTests" name="[26] /home/travis/build/icyphy/ptII/ptolemy/actor/lib/hoc/test/auto/IterateOverArray11.xml (RunModel)" time="0.025" />
  <testcase classname="ptolemy.util.test.junit.AutoTests" name="[27] /home/travis/build/icyphy/ptII/ptolemy/actor/lib/hoc/test/auto/IterateOverArray12.xml (RunModel)" time="0.035" />
  <testcase classname="ptolemy.util.test.junit.AutoTests" name="[28] /home/travis/build/icyphy/ptII/ptolemy/actor/lib/hoc/test/auto/IterateOverArray13.xml (RunModel)" time="0.148" />
  <testcase classname="ptolemy.util.test.junit.AutoTests" name="[29] /home/travis/build/icyphy/ptII/ptolemy/actor/lib/hoc/test/auto/IterateOverArray14.xml (RunModel)" time="0.154" />
  <testcase classname="ptolemy.util.test.junit.AutoTests" name="[30] /home/travis/build/icyphy/ptII/ptolemy/actor/lib/hoc/test/auto/IterateOverArray2.xml (RunModel)" time="0.03" />
  <testcase classname="ptolemy.util.test.junit.AutoTests" name="[31] /home/travis/build/icyphy/ptII/ptolemy/actor/lib/hoc/test/auto/IterateOverArray3.xml (RunModel)" time="0.053" />
  <testcase classname="ptolemy.util.test.junit.AutoTests" name="[32] /home/travis/build/icyphy/ptII/ptolemy/actor/lib/hoc/test/auto/IterateOverArray4.xml (RunModel)" time="0.029" />
  <testcase classname="ptolemy.util.test.junit.AutoTests" name="[33] /home/travis/build/icyphy/ptII/ptolemy/actor/lib/hoc/test/auto/IterateOverArray5.xml (RunModel)" time="0.027" />
  <testcase classname="ptolemy.util.test.junit.AutoTests" name="[34] /home/travis/build/icyphy/ptII/ptolemy/actor/lib/hoc/test/auto/IterateOverArray6.xml (RunModel)" time="0.021" />
  <testcase classname="ptolemy.util.test.junit.AutoTests" name="[35] /home/travis/build/icyphy/ptII/ptolemy/actor/lib/hoc/test/auto/IterateOverArray7.xml (RunModel)" time="0.032" />
  <testcase classname="ptolemy.util.test.junit.AutoTests" name="[36] /home/travis/build/icyphy/ptII/ptolemy/actor/lib/hoc/test/auto/IterateOverArray8.xml (RunModel)" time="0.025" />
  <testcase classname="ptolemy.util.test.junit.AutoTests" name="[37] /home/travis/build/icyphy/ptII/ptolemy/actor/lib/hoc/test/auto/IterateOverArray9.xml (RunModel)" time="0.031" />
  <testcase classname="ptolemy.util.test.junit.AutoTests" name="[38] /home/travis/build/icyphy/ptII/ptolemy/actor/lib/hoc/test/auto/IterateOverArrayCoercedOutputType.xml (RunModel)" time="0.043" />
  <testcase classname="ptolemy.util.test.junit.AutoTests" name="[39] /home/travis/build/icyphy/ptII/ptolemy/actor/lib/hoc/test/auto/IterateOverArrayInferredOutputType.xml (RunModel)" time="0.05" />
  <testcase classname="ptolemy.util.test.junit.AutoTests" name="[40] /home/travis/build/icyphy/ptII/ptolemy/actor/lib/hoc/test/auto/MobileFunctionTest.xml (RunModel)" time="0.033" />
  <testcase classname="ptolemy.util.test.junit.AutoTests" name="[41] /home/travis/build/icyphy/ptII/ptolemy/actor/lib/hoc/test/auto/MobileModelTest.xml (RunModel)" time="0.216" />
  <testcase classname="ptolemy.util.test.junit.AutoTests" name="[42] /home/travis/build/icyphy/ptII/ptolemy/actor/lib/hoc/test/auto/ModelReference.xml (RunModel)" time="0.067" />
  <testcase classname="ptolemy.util.test.junit.AutoTests" name="[43] /home/travis/build/icyphy/ptII/ptolemy/actor/lib/hoc/test/auto/ModelReference3.xml (RunModel)" time="0.057" />
  <testcase classname="ptolemy.util.test.junit.AutoTests" name="[44] /home/travis/build/icyphy/ptII/ptolemy/actor/lib/hoc/test/auto/ModelReference4.xml (RunModel)" time="10.05" />
  <testcase classname="ptolemy.util.test.junit.AutoTests" name="[45] /home/travis/build/icyphy/ptII/ptolemy/actor/lib/hoc/test/auto/MultiInstanceComposite.xml (RunModel)" time="0.071" />
  <testcase classname="ptolemy.util.test.junit.AutoTests" name="[46] /home/travis/build/icyphy/ptII/ptolemy/actor/lib/hoc/test/auto/MultiInstanceComposite2.xml (RunModel)" time="0.055" />
  <testcase classname="ptolemy.util.test.junit.AutoTests" name="[47] /home/travis/build/icyphy/ptII/ptolemy/actor/lib/hoc/test/auto/MulticoreExecution.xml (RunModel)" time="1.08" />
  <testcase classname="ptolemy.util.test.junit.AutoTests" name="[48] /home/travis/build/icyphy/ptII/ptolemy/actor/lib/hoc/test/auto/ParallelExecution.xml (RunModel)" time="0.959" />
  <testcase classname="ptolemy.util.test.junit.AutoTests" name="[49] /home/travis/build/icyphy/ptII/ptolemy/actor/lib/hoc/test/auto/RunCompositeActor.xml (RunModel)" time="0.025" />
  <testcase classname="ptolemy.util.test.junit.AutoTests" name="[50] /home/travis/build/icyphy/ptII/ptolemy/actor/lib/hoc/test/auto/RunCompositeActor2.xml (RunModel)" time="0.028" />
  <testcase classname="ptolemy.util.test.junit.AutoTests" name="[51] /home/travis/build/icyphy/ptII/ptolemy/actor/lib/hoc/test/auto/RunCompositeActor3.xml (RunModel)" time="0.021" />
  <testcase classname="ptolemy.util.test.junit.AutoTests" name="[52] /home/travis/build/icyphy/ptII/ptolemy/actor/lib/hoc/test/auto/RunCompositeActor4.xml (RunModel)" time="0.037" />
  <testcase classname="ptolemy.util.test.junit.AutoTests" name="[53] /home/travis/build/icyphy/ptII/ptolemy/actor/lib/hoc/test/auto/RunCompositeIterateOverArray.xml (RunModel)" time="0.053" />
  <testcase classname="ptolemy.util.test.junit.AutoTests" name="[54] /home/travis/build/icyphy/ptII/ptolemy/actor/lib/hoc/test/auto/ThreadedJS.xml (RunModel)" time="14.404" />
  <system-out><![CDATA[/home/travis/build/icyphy/ptII/ptolemy/actor/lib/hoc/test/IterateOverArray.tcl
testDefs.tcl: setting time out to 9000 seconds at Thu Jul 18 04:48:06 UTC 2019
07/18/19 04:48:06
Failed: 0  Total Tests: 2  ((Passed: 2, Newly Passed: 0)  Known Failed: 0) /home/travis/build/icyphy/ptII/ptolemy/actor/lib/hoc/test
----------------- testing (KnownFailure) /home/travis/build/icyphy/ptII/ptolemy/actor/lib/hoc/test/auto/knownFailedTests/PreinitializeMustBeInvokedRunComposite.xml
97 ms. Memory: 120832K Free: 79300K (66%)
Known Failure: java.lang.reflect.InvocationTargetException
No auto/linux-amd64/*.xml tests in /home/travis/build/icyphy/ptII/ptolemy/actor/lib/hoc/test
AutoTests.java: About to close Vertx.
AutoTests.java: Vertx closed.

===========================================================================================
----------------- testing Thu Jul 18 04:48:07 UTC 2019 /home/travis/build/icyphy/ptII/ptolemy/actor/lib/hoc/test/auto/AllToAllMultiInstanceComposite.xml
----------------- Instantiating /home/travis/build/icyphy/ptII/ptolemy/actor/lib/hoc/test/auto/AllToAllMultiInstanceComposite.xml
233 ms. Memory: 120832K Free: 100654K (83%)
----------------- Invoking toplevel() on ptolemy.moml.MoMLSimpleApplication@3e579a8f
----------------- Done invoking toplevel() on ptolemy.moml.MoMLSimpleApplication@3e579a8f
reloadAllAccessors: .AllToAllMultiInstanceComposite

===========================================================================================
----------------- testing Thu Jul 18 04:48:08 UTC 2019 /home/travis/build/icyphy/ptII/ptolemy/actor/lib/hoc/test/auto/ApplyFFTTest.xml
----------------- Instantiating /home/travis/build/icyphy/ptII/ptolemy/actor/lib/hoc/test/auto/ApplyFFTTest.xml
147 ms. Memory: 120832K Free: 81605K (68%)
----------------- Invoking toplevel() on ptolemy.moml.MoMLSimpleApplication@78690004
----------------- Done invoking toplevel() on ptolemy.moml.MoMLSimpleApplication@78690004
reloadAllAccessors: .ApplyFFTTest

===========================================================================================
----------------- testing Thu Jul 18 04:48:08 UTC 2019 /home/travis/build/icyphy/ptII/ptolemy/actor/lib/hoc/test/auto/ApplyFunction.xml
----------------- Instantiating /home/travis/build/icyphy/ptII/ptolemy/actor/lib/hoc/test/auto/ApplyFunction.xml
13 ms. Memory: 120832K Free: 78485K (65%)
----------------- Invoking toplevel() on ptolemy.moml.MoMLSimpleApplication@4d67fec6
----------------- Done invoking toplevel() on ptolemy.moml.MoMLSimpleApplication@4d67fec6
reloadAllAccessors: .ApplyFunction

===========================================================================================
----------------- testing Thu Jul 18 04:48:08 UTC 2019 /home/travis/build/icyphy/ptII/ptolemy/actor/lib/hoc/test/auto/BackgroundExecution.xml
----------------- Instantiating /home/travis/build/icyphy/ptII/ptolemy/actor/lib/hoc/test/auto/BackgroundExecution.xml
624 ms. Memory: 120832K Free: 100414K (83%)
----------------- Invoking toplevel() on ptolemy.moml.MoMLSimpleApplication@16b3fc02
----------------- Done invoking toplevel() on ptolemy.moml.MoMLSimpleApplication@16b3fc02
reloadAllAccessors: .BackgroundExecution

===========================================================================================
----------------- testing Thu Jul 18 04:48:09 UTC 2019 /home/travis/build/icyphy/ptII/ptolemy/actor/lib/hoc/test/auto/Case.xml
----------------- Instantiating /home/travis/build/icyphy/ptII/ptolemy/actor/lib/hoc/test/auto/Case.xml
30 ms. Memory: 120832K Free: 92699K (77%)
----------------- Invoking toplevel() on ptolemy.moml.MoMLSimpleApplication@18a41007
----------------- Done invoking toplevel() on ptolemy.moml.MoMLSimpleApplication@18a41007
reloadAllAccessors: .Case

===========================================================================================
----------------- testing Thu Jul 18 04:48:09 UTC 2019 /home/travis/build/icyphy/ptII/ptolemy/actor/lib/hoc/test/auto/Case1.xml
----------------- Instantiating /home/travis/build/icyphy/ptII/ptolemy/actor/lib/hoc/test/auto/Case1.xml
25 ms. Memory: 120832K Free: 86282K (71%)
----------------- Invoking toplevel() on ptolemy.moml.MoMLSimpleApplication@64674f7a
----------------- Done invoking toplevel() on ptolemy.moml.MoMLSimpleApplication@64674f7a
reloadAllAccessors: .Case1

===========================================================================================
----------------- testing Thu Jul 18 04:48:09 UTC 2019 /home/travis/build/icyphy/ptII/ptolemy/actor/lib/hoc/test/auto/Case2.xml
----------------- Instantiating /home/travis/build/icyphy/ptII/ptolemy/actor/lib/hoc/test/auto/Case2.xml
38 ms. Memory: 120832K Free: 75825K (63%)
----------------- Invoking toplevel() on ptolemy.moml.MoMLSimpleApplication@3bff5b46
----------------- Done invoking toplevel() on ptolemy.moml.MoMLSimpleApplication@3bff5b46
reloadAllAccessors: .Case2

===========================================================================================
----------------- testing Thu Jul 18 04:48:09 UTC 2019 /home/travis/build/icyphy/ptII/ptolemy/actor/lib/hoc/test/auto/Case3.xml
----------------- Instantiating /home/travis/build/icyphy/ptII/ptolemy/actor/lib/hoc/test/auto/Case3.xml
13 ms. Memory: 120832K Free: 69890K (58%)
----------------- Invoking toplevel() on ptolemy.moml.MoMLSimpleApplication@4b071a23
----------------- Done invoking toplevel() on ptolemy.moml.MoMLSimpleApplication@4b071a23
reloadAllAccessors: .Case3

===========================================================================================
----------------- testing Thu Jul 18 04:48:09 UTC 2019 /home/travis/build/icyphy/ptII/ptolemy/actor/lib/hoc/test/auto/Case4.xml
----------------- Instantiating /home/travis/build/icyphy/ptII/ptolemy/actor/lib/hoc/test/auto/Case4.xml
30 ms. Memory: 154624K Free: 136367K (88%)
----------------- Invoking toplevel() on ptolemy.moml.MoMLSimpleApplication@7855fee1
----------------- Done invoking toplevel() on ptolemy.moml.MoMLSimpleApplication@7855fee1
reloadAllAccessors: .Case4

===========================================================================================
----------------- testing Thu Jul 18 04:48:09 UTC 2019 /home/travis/build/icyphy/ptII/ptolemy/actor/lib/hoc/test/auto/Case5.xml
----------------- Instantiating /home/travis/build/icyphy/ptII/ptolemy/actor/lib/hoc/test/auto/Case5.xml
27 ms. Memory: 154624K Free: 129930K (84%)
----------------- Invoking toplevel() on ptolemy.moml.MoMLSimpleApplication@2c71ed40
----------------- Done invoking toplevel() on ptolemy.moml.MoMLSimpleApplication@2c71ed40
reloadAllAccessors: .junk

===========================================================================================
----------------- testing Thu Jul 18 04:48:09 UTC 2019 /home/travis/build/icyphy/ptII/ptolemy/actor/lib/hoc/test/auto/Case6.xml
----------------- Instantiating /home/travis/build/icyphy/ptII/ptolemy/actor/lib/hoc/test/auto/Case6.xml
53 ms. Memory: 154624K Free: 117997K (76%)
----------------- Invoking toplevel() on ptolemy.moml.MoMLSimpleApplication@5b00234d
----------------- Done invoking toplevel() on ptolemy.moml.MoMLSimpleApplication@5b00234d
reloadAllAccessors: .Case6

===========================================================================================
----------------- testing Thu Jul 18 04:48:09 UTC 2019 /home/travis/build/icyphy/ptII/ptolemy/actor/lib/hoc/test/auto/CaseString2.xml
----------------- Instantiating /home/travis/build/icyphy/ptII/ptolemy/actor/lib/hoc/test/auto/CaseString2.xml
25 ms. Memory: 154624K Free: 110466K (71%)
----------------- Invoking toplevel() on ptolemy.moml.MoMLSimpleApplication@151dc48
----------------- Done invoking toplevel() on ptolemy.moml.MoMLSimpleApplication@151dc48
reloadAllAccessors: .CaseString2

===========================================================================================
----------------- testing Thu Jul 18 04:48:09 UTC 2019 /home/travis/build/icyphy/ptII/ptolemy/actor/lib/hoc/test/auto/CatchUpComposite1.xml
----------------- Instantiating /home/travis/build/icyphy/ptII/ptolemy/actor/lib/hoc/test/auto/CatchUpComposite1.xml
36 ms. Memory: 154624K Free: 101258K (65%)
----------------- Invoking toplevel() on ptolemy.moml.MoMLSimpleApplication@48d218ca
----------------- Done invoking toplevel() on ptolemy.moml.MoMLSimpleApplication@48d218ca
reloadAllAccessors: .CatchUpComposite1

===========================================================================================
----------------- testing Thu Jul 18 04:48:10 UTC 2019 /home/travis/build/icyphy/ptII/ptolemy/actor/lib/hoc/test/auto/CatchUpComposite2.xml
----------------- Instantiating /home/travis/build/icyphy/ptII/ptolemy/actor/lib/hoc/test/auto/CatchUpComposite2.xml
19 ms. Memory: 154624K Free: 93399K (60%)
----------------- Invoking toplevel() on ptolemy.moml.MoMLSimpleApplication@74b853eb
----------------- Done invoking toplevel() on ptolemy.moml.MoMLSimpleApplication@74b853eb
reloadAllAccessors: .CatchUpComposite2

===========================================================================================
----------------- testing Thu Jul 18 04:48:10 UTC 2019 /home/travis/build/icyphy/ptII/ptolemy/actor/lib/hoc/test/auto/CatchUpComposite3.xml
----------------- Instantiating /home/travis/build/icyphy/ptII/ptolemy/actor/lib/hoc/test/auto/CatchUpComposite3.xml
15 ms. Memory: 154624K Free: 137662K (89%)
----------------- Invoking toplevel() on ptolemy.moml.MoMLSimpleApplication@19c1cbb8
----------------- Done invoking toplevel() on ptolemy.moml.MoMLSimpleApplication@19c1cbb8
reloadAllAccessors: .CatchUpComposite3

===========================================================================================
----------------- testing Thu Jul 18 04:48:10 UTC 2019 /home/travis/build/icyphy/ptII/ptolemy/actor/lib/hoc/test/auto/CatchUpComposite4.xml
----------------- Instantiating /home/travis/build/icyphy/ptII/ptolemy/actor/lib/hoc/test/auto/CatchUpComposite4.xml
23 ms. Memory: 154624K Free: 129586K (84%)
----------------- Invoking toplevel() on ptolemy.moml.MoMLSimpleApplication@74dfd7ba
----------------- Done invoking toplevel() on ptolemy.moml.MoMLSimpleApplication@74dfd7ba
reloadAllAccessors: .CatchUpComposite4

===========================================================================================
----------------- testing Thu Jul 18 04:48:10 UTC 2019 /home/travis/build/icyphy/ptII/ptolemy/actor/lib/hoc/test/auto/CatchUpComposite5.xml
----------------- Instantiating /home/travis/build/icyphy/ptII/ptolemy/actor/lib/hoc/test/auto/CatchUpComposite5.xml
11 ms. Memory: 154624K Free: 121870K (79%)
----------------- Invoking toplevel() on ptolemy.moml.MoMLSimpleApplication@3be6ae1
----------------- Done invoking toplevel() on ptolemy.moml.MoMLSimpleApplication@3be6ae1
reloadAllAccessors: .CatchUpComposite5

===========================================================================================
----------------- testing Thu Jul 18 04:48:10 UTC 2019 /home/travis/build/icyphy/ptII/ptolemy/actor/lib/hoc/test/auto/CatchUpComposite6.xml
----------------- Instantiating /home/travis/build/icyphy/ptII/ptolemy/actor/lib/hoc/test/auto/CatchUpComposite6.xml
WARNING: The execution aspects in this model can influence the timing of actors by delaying the 
execution, potentially changing the behavior. There is no guarantee that actors fire at the 
time they request to be fired. 
Use Ptides for deterministic DE behavior that is not influenced by execution aspects. 

76 ms. Memory: 154624K Free: 107104K (69%)
----------------- Invoking toplevel() on ptolemy.moml.MoMLSimpleApplication@37865d71
----------------- Done invoking toplevel() on ptolemy.moml.MoMLSimpleApplication@37865d71
reloadAllAccessors: .CatchUpComposite6

===========================================================================================
----------------- testing Thu Jul 18 04:48:10 UTC 2019 /home/travis/build/icyphy/ptII/ptolemy/actor/lib/hoc/test/auto/CatchUpComposite7.xml
----------------- Instantiating /home/travis/build/icyphy/ptII/ptolemy/actor/lib/hoc/test/auto/CatchUpComposite7.xml
WARNING: The execution aspects in this model can influence the timing of actors by delaying the 
execution, potentially changing the behavior. There is no guarantee that actors fire at the 
time they request to be fired. 
Use Ptides for deterministic DE behavior that is not influenced by execution aspects. 

25 ms. Memory: 154624K Free: 93198K (60%)
----------------- Invoking toplevel() on ptolemy.moml.MoMLSimpleApplication@31636ea1
----------------- Done invoking toplevel() on ptolemy.moml.MoMLSimpleApplication@31636ea1
reloadAllAccessors: .CatchUpComposite7

===========================================================================================
----------------- testing Thu Jul 18 04:48:10 UTC 2019 /home/travis/build/icyphy/ptII/ptolemy/actor/lib/hoc/test/auto/ConcurrentExecutionTimeSDF.xml
----------------- Instantiating /home/travis/build/icyphy/ptII/ptolemy/actor/lib/hoc/test/auto/ConcurrentExecutionTimeSDF.xml
Fired ExecutionTime: 40400000
Fired ExecutionTime: 40400000
Fired ExecutionTime: 40400000
Fired ExecutionTime: 40400000
Fired ExecutionTime: 40400000
Fired ExecutionTime: 40400000
Fired ExecutionTime: 40400000
Fired ExecutionTime: 40400000
Fired ExecutionTime: 40400000
Fired ExecutionTime: 40400000
Fired ExecutionTime: 40400000
Fired ExecutionTime: 40400000
Fired ExecutionTime: 40400000
Fired ExecutionTime: 40400000
Fired ExecutionTime: 40400000
Fired ExecutionTime: 40400000
Fired ExecutionTime: 40400000
Fired ExecutionTime: 40400000
Fired ExecutionTime: 40400000
Fired ExecutionTime: 40400000
1538 ms. Memory: 154624K Free: 86462K (56%)
----------------- Invoking toplevel() on ptolemy.moml.MoMLSimpleApplication@96819f1
----------------- Done invoking toplevel() on ptolemy.moml.MoMLSimpleApplication@96819f1
reloadAllAccessors: .ConcurrentExecutionTimeSDF

===========================================================================================
----------------- testing Thu Jul 18 04:48:12 UTC 2019 /home/travis/build/icyphy/ptII/ptolemy/actor/lib/hoc/test/auto/ConcurrentSleep.xml
----------------- Instantiating /home/travis/build/icyphy/ptII/ptolemy/actor/lib/hoc/test/auto/ConcurrentSleep.xml
736 ms. Memory: 154624K Free: 76222K (49%)
----------------- Invoking toplevel() on ptolemy.moml.MoMLSimpleApplication@22a4ca87
----------------- Done invoking toplevel() on ptolemy.moml.MoMLSimpleApplication@22a4ca87
reloadAllAccessors: .ConcurrentSleep

===========================================================================================
----------------- testing Thu Jul 18 04:48:12 UTC 2019 /home/travis/build/icyphy/ptII/ptolemy/actor/lib/hoc/test/auto/DEInPNInRunCompositeActor.xml
----------------- Instantiating /home/travis/build/icyphy/ptII/ptolemy/actor/lib/hoc/test/auto/DEInPNInRunCompositeActor.xml
13 ms. Memory: 154624K Free: 134864K (87%)
----------------- Invoking toplevel() on ptolemy.moml.MoMLSimpleApplication@20ecf275
----------------- Done invoking toplevel() on ptolemy.moml.MoMLSimpleApplication@20ecf275
reloadAllAccessors: .DEInPNInRunCompositeActor

===========================================================================================
----------------- testing Thu Jul 18 04:48:12 UTC 2019 /home/travis/build/icyphy/ptII/ptolemy/actor/lib/hoc/test/auto/DFTSubSetTest.xml
----------------- Instantiating /home/travis/build/icyphy/ptII/ptolemy/actor/lib/hoc/test/auto/DFTSubSetTest.xml
152 ms. Memory: 154624K Free: 91856K (59%)
----------------- Invoking toplevel() on ptolemy.moml.MoMLSimpleApplication@64d3a848
----------------- Done invoking toplevel() on ptolemy.moml.MoMLSimpleApplication@64d3a848
reloadAllAccessors: .DFTSubSetTest

===========================================================================================
----------------- testing Thu Jul 18 04:48:13 UTC 2019 /home/travis/build/icyphy/ptII/ptolemy/actor/lib/hoc/test/auto/HocDE.xml
----------------- Instantiating /home/travis/build/icyphy/ptII/ptolemy/actor/lib/hoc/test/auto/HocDE.xml
115 ms. Memory: 154624K Free: 67280K (44%)
----------------- Invoking toplevel() on ptolemy.moml.MoMLSimpleApplication@34004fad
----------------- Done invoking toplevel() on ptolemy.moml.MoMLSimpleApplication@34004fad
reloadAllAccessors: .HocDE

===========================================================================================
----------------- testing Thu Jul 18 04:48:13 UTC 2019 /home/travis/build/icyphy/ptII/ptolemy/actor/lib/hoc/test/auto/IterateOverArray.xml
----------------- Instantiating /home/travis/build/icyphy/ptII/ptolemy/actor/lib/hoc/test/auto/IterateOverArray.xml
6 ms. Memory: 154624K Free: 139045K (90%)
----------------- Invoking toplevel() on ptolemy.moml.MoMLSimpleApplication@11874dc2
----------------- Done invoking toplevel() on ptolemy.moml.MoMLSimpleApplication@11874dc2
reloadAllAccessors: .IterateOverArray

===========================================================================================
----------------- testing Thu Jul 18 04:48:13 UTC 2019 /home/travis/build/icyphy/ptII/ptolemy/actor/lib/hoc/test/auto/IterateOverArray10.xml
----------------- Instantiating /home/travis/build/icyphy/ptII/ptolemy/actor/lib/hoc/test/auto/IterateOverArray10.xml
8 ms. Memory: 154624K Free: 134955K (87%)
----------------- Invoking toplevel() on ptolemy.moml.MoMLSimpleApplication@715202ae
----------------- Done invoking toplevel() on ptolemy.moml.MoMLSimpleApplication@715202ae
reloadAllAccessors: .IterateOverArray10

===========================================================================================
----------------- testing Thu Jul 18 04:48:13 UTC 2019 /home/travis/build/icyphy/ptII/ptolemy/actor/lib/hoc/test/auto/IterateOverArray11.xml
----------------- Instantiating /home/travis/build/icyphy/ptII/ptolemy/actor/lib/hoc/test/auto/IterateOverArray11.xml
5 ms. Memory: 154624K Free: 130859K (85%)
----------------- Invoking toplevel() on ptolemy.moml.MoMLSimpleApplication@2e4bf031
----------------- Done invoking toplevel() on ptolemy.moml.MoMLSimpleApplication@2e4bf031
reloadAllAccessors: .IterateOverArray11

===========================================================================================
----------------- testing Thu Jul 18 04:48:13 UTC 2019 /home/travis/build/icyphy/ptII/ptolemy/actor/lib/hoc/test/auto/IterateOverArray12.xml
----------------- Instantiating /home/travis/build/icyphy/ptII/ptolemy/actor/lib/hoc/test/auto/IterateOverArray12.xml
15 ms. Memory: 154624K Free: 124715K (81%)
----------------- Invoking toplevel() on ptolemy.moml.MoMLSimpleApplication@7a357c4d
----------------- Done invoking toplevel() on ptolemy.moml.MoMLSimpleApplication@7a357c4d
reloadAllAccessors: .IterateOverArray12

===========================================================================================
----------------- testing Thu Jul 18 04:48:13 UTC 2019 /home/travis/build/icyphy/ptII/ptolemy/actor/lib/hoc/test/auto/IterateOverArray13.xml
----------------- Instantiating /home/travis/build/icyphy/ptII/ptolemy/actor/lib/hoc/test/auto/IterateOverArray13.xml
80 ms. Memory: 154624K Free: 95533K (62%)
----------------- Invoking toplevel() on ptolemy.moml.MoMLSimpleApplication@3ec40a9d
----------------- Done invoking toplevel() on ptolemy.moml.MoMLSimpleApplication@3ec40a9d
reloadAllAccessors: .IterateOverArray13

===========================================================================================
----------------- testing Thu Jul 18 04:48:13 UTC 2019 /home/travis/build/icyphy/ptII/ptolemy/actor/lib/hoc/test/auto/IterateOverArray14.xml
----------------- Instantiating /home/travis/build/icyphy/ptII/ptolemy/actor/lib/hoc/test/auto/IterateOverArray14.xml
72 ms. Memory: 154624K Free: 63789K (41%)
----------------- Invoking toplevel() on ptolemy.moml.MoMLSimpleApplication@1921f64c
----------------- Done invoking toplevel() on ptolemy.moml.MoMLSimpleApplication@1921f64c
reloadAllAccessors: .IterateOverArray14

===========================================================================================
----------------- testing Thu Jul 18 04:48:13 UTC 2019 /home/travis/build/icyphy/ptII/ptolemy/actor/lib/hoc/test/auto/IterateOverArray2.xml
----------------- Instantiating /home/travis/build/icyphy/ptII/ptolemy/actor/lib/hoc/test/auto/IterateOverArray2.xml
10 ms. Memory: 154624K Free: 59179K (38%)
----------------- Invoking toplevel() on ptolemy.moml.MoMLSimpleApplication@11fba9c0
----------------- Done invoking toplevel() on ptolemy.moml.MoMLSimpleApplication@11fba9c0
reloadAllAccessors: .IterateOverArray2

===========================================================================================
----------------- testing Thu Jul 18 04:48:13 UTC 2019 /home/travis/build/icyphy/ptII/ptolemy/actor/lib/hoc/test/auto/IterateOverArray3.xml
----------------- Instantiating /home/travis/build/icyphy/ptII/ptolemy/actor/lib/hoc/test/auto/IterateOverArray3.xml
17 ms. Memory: 154624K Free: 135792K (88%)
----------------- Invoking toplevel() on ptolemy.moml.MoMLSimpleApplication@6d996cbf
----------------- Done invoking toplevel() on ptolemy.moml.MoMLSimpleApplication@6d996cbf
reloadAllAccessors: .IterateOverArray3

===========================================================================================
----------------- testing Thu Jul 18 04:48:13 UTC 2019 /home/travis/build/icyphy/ptII/ptolemy/actor/lib/hoc/test/auto/IterateOverArray4.xml
----------------- Instantiating /home/travis/build/icyphy/ptII/ptolemy/actor/lib/hoc/test/auto/IterateOverArray4.xml
6 ms. Memory: 154624K Free: 131696K (85%)
----------------- Invoking toplevel() on ptolemy.moml.MoMLSimpleApplication@5ade8eee
----------------- Done invoking toplevel() on ptolemy.moml.MoMLSimpleApplication@5ade8eee
reloadAllAccessors: .IterateOverArray4

===========================================================================================
----------------- testing Thu Jul 18 04:48:13 UTC 2019 /home/travis/build/icyphy/ptII/ptolemy/actor/lib/hoc/test/auto/IterateOverArray5.xml
----------------- Instantiating /home/travis/build/icyphy/ptII/ptolemy/actor/lib/hoc/test/auto/IterateOverArray5.xml
5 ms. Memory: 154624K Free: 127600K (83%)
----------------- Invoking toplevel() on ptolemy.moml.MoMLSimpleApplication@7c0b00d7
----------------- Done invoking toplevel() on ptolemy.moml.MoMLSimpleApplication@7c0b00d7
reloadAllAccessors: .IterateOverArray5

===========================================================================================
----------------- testing Thu Jul 18 04:48:13 UTC 2019 /home/travis/build/icyphy/ptII/ptolemy/actor/lib/hoc/test/auto/IterateOverArray6.xml
----------------- Instantiating /home/travis/build/icyphy/ptII/ptolemy/actor/lib/hoc/test/auto/IterateOverArray6.xml
3 ms. Memory: 154624K Free: 124018K (80%)
----------------- Invoking toplevel() on ptolemy.moml.MoMLSimpleApplication@4d69f074
----------------- Done invoking toplevel() on ptolemy.moml.MoMLSimpleApplication@4d69f074
reloadAllAccessors: .IterateOverArray6

===========================================================================================
----------------- testing Thu Jul 18 04:48:13 UTC 2019 /home/travis/build/icyphy/ptII/ptolemy/actor/lib/hoc/test/auto/IterateOverArray7.xml
----------------- Instantiating /home/travis/build/icyphy/ptII/ptolemy/actor/lib/hoc/test/auto/IterateOverArray7.xml
10 ms. Memory: 154624K Free: 119408K (77%)
----------------- Invoking toplevel() on ptolemy.moml.MoMLSimpleApplication@3ca5fb20
----------------- Done invoking toplevel() on ptolemy.moml.MoMLSimpleApplication@3ca5fb20
reloadAllAccessors: .IterateOverArray7

===========================================================================================
----------------- testing Thu Jul 18 04:48:14 UTC 2019 /home/travis/build/icyphy/ptII/ptolemy/actor/lib/hoc/test/auto/IterateOverArray8.xml
----------------- Instantiating /home/travis/build/icyphy/ptII/ptolemy/actor/lib/hoc/test/auto/IterateOverArray8.xml
4 ms. Memory: 154624K Free: 115312K (75%)
----------------- Invoking toplevel() on ptolemy.moml.MoMLSimpleApplication@4bc15633
----------------- Done invoking toplevel() on ptolemy.moml.MoMLSimpleApplication@4bc15633
reloadAllAccessors: .IterateOverArray8

===========================================================================================
----------------- testing Thu Jul 18 04:48:14 UTC 2019 /home/travis/build/icyphy/ptII/ptolemy/actor/lib/hoc/test/auto/IterateOverArray9.xml
----------------- Instantiating /home/travis/build/icyphy/ptII/ptolemy/actor/lib/hoc/test/auto/IterateOverArray9.xml
7 ms. Memory: 154624K Free: 111216K (72%)
----------------- Invoking toplevel() on ptolemy.moml.MoMLSimpleApplication@4b548336
----------------- Done invoking toplevel() on ptolemy.moml.MoMLSimpleApplication@4b548336
reloadAllAccessors: .IterateOverArray9

===========================================================================================
----------------- testing Thu Jul 18 04:48:14 UTC 2019 /home/travis/build/icyphy/ptII/ptolemy/actor/lib/hoc/test/auto/IterateOverArrayCoercedOutputType.xml
----------------- Instantiating /home/travis/build/icyphy/ptII/ptolemy/actor/lib/hoc/test/auto/IterateOverArrayCoercedOutputType.xml
7 ms. Memory: 154624K Free: 106096K (69%)
----------------- Invoking toplevel() on ptolemy.moml.MoMLSimpleApplication@ea01503
----------------- Done invoking toplevel() on ptolemy.moml.MoMLSimpleApplication@ea01503
reloadAllAccessors: .IterateOverArrayCoercedOutputType

===========================================================================================
----------------- testing Thu Jul 18 04:48:14 UTC 2019 /home/travis/build/icyphy/ptII/ptolemy/actor/lib/hoc/test/auto/IterateOverArrayInferredOutputType.xml
----------------- Instantiating /home/travis/build/icyphy/ptII/ptolemy/actor/lib/hoc/test/auto/IterateOverArrayInferredOutputType.xml
14 ms. Memory: 154624K Free: 101490K (66%)
----------------- Invoking toplevel() on ptolemy.moml.MoMLSimpleApplication@59ffd621
----------------- Done invoking toplevel() on ptolemy.moml.MoMLSimpleApplication@59ffd621
reloadAllAccessors: .IterateOverArrayInferredOutputType

===========================================================================================
----------------- testing Thu Jul 18 04:48:14 UTC 2019 /home/travis/build/icyphy/ptII/ptolemy/actor/lib/hoc/test/auto/MobileFunctionTest.xml
----------------- Instantiating /home/travis/build/icyphy/ptII/ptolemy/actor/lib/hoc/test/auto/MobileFunctionTest.xml
5 ms. Memory: 154624K Free: 97394K (63%)
----------------- Invoking toplevel() on ptolemy.moml.MoMLSimpleApplication@7a87ef
----------------- Done invoking toplevel() on ptolemy.moml.MoMLSimpleApplication@7a87ef
reloadAllAccessors: .MobileFunctionTest

===========================================================================================
----------------- testing Thu Jul 18 04:48:14 UTC 2019 /home/travis/build/icyphy/ptII/ptolemy/actor/lib/hoc/test/auto/MobileModelTest.xml
----------------- Instantiating /home/travis/build/icyphy/ptII/ptolemy/actor/lib/hoc/test/auto/MobileModelTest.xml
171 ms. Memory: 154624K Free: 76386K (49%)
----------------- Invoking toplevel() on ptolemy.moml.MoMLSimpleApplication@2212c0ab
----------------- Done invoking toplevel() on ptolemy.moml.MoMLSimpleApplication@2212c0ab
reloadAllAccessors: .MobileModelTest

===========================================================================================
----------------- testing Thu Jul 18 04:48:14 UTC 2019 /home/travis/build/icyphy/ptII/ptolemy/actor/lib/hoc/test/auto/ModelReference.xml
----------------- Instantiating /home/travis/build/icyphy/ptII/ptolemy/actor/lib/hoc/test/auto/ModelReference.xml
5 ms. Memory: 154624K Free: 69746K (45%)
5 ms. Memory: 154624K Free: 69202K (45%)
3 ms. Memory: 154624K Free: 68194K (44%)
2 ms. Memory: 154624K Free: 67170K (43%)
1 ms. Memory: 154624K Free: 66674K (43%)
3 ms. Memory: 154624K Free: 65650K (42%)
4 ms. Memory: 154624K Free: 65106K (42%)
1 ms. Memory: 154624K Free: 64098K (41%)
4 ms. Memory: 154624K Free: 63074K (41%)
2 ms. Memory: 154624K Free: 62578K (40%)
39 ms. Memory: 154624K Free: 62578K (40%)
----------------- Invoking toplevel() on ptolemy.moml.MoMLSimpleApplication@4ea486ca
----------------- Done invoking toplevel() on ptolemy.moml.MoMLSimpleApplication@4ea486ca
reloadAllAccessors: .ModelReference

===========================================================================================
----------------- testing Thu Jul 18 04:48:14 UTC 2019 /home/travis/build/icyphy/ptII/ptolemy/actor/lib/hoc/test/auto/ModelReference3.xml
----------------- Instantiating /home/travis/build/icyphy/ptII/ptolemy/actor/lib/hoc/test/auto/ModelReference3.xml
1 ms. Memory: 154624K Free: 57968K (37%)
4 ms. Memory: 154624K Free: 57458K (37%)
1 ms. Memory: 154624K Free: 56434K (36%)
3 ms. Memory: 154624K Free: 55920K (36%)
3 ms. Memory: 154624K Free: 54882K (35%)
2 ms. Memory: 154624K Free: 53858K (35%)
3 ms. Memory: 154624K Free: 53362K (35%)
3 ms. Memory: 154624K Free: 52338K (34%)
2 ms. Memory: 154624K Free: 51818K (34%)
11 ms. Memory: 154624K Free: 139851K (90%)
44 ms. Memory: 154624K Free: 139851K (90%)
----------------- Invoking toplevel() on ptolemy.moml.MoMLSimpleApplication@6af9d52e
----------------- Done invoking toplevel() on ptolemy.moml.MoMLSimpleApplication@6af9d52e
reloadAllAccessors: .ModelReference3

===========================================================================================
----------------- testing Thu Jul 18 04:48:14 UTC 2019 /home/travis/build/icyphy/ptII/ptolemy/actor/lib/hoc/test/auto/ModelReference4.xml
----------------- Instantiating /home/travis/build/icyphy/ptII/ptolemy/actor/lib/hoc/test/auto/ModelReference4.xml
2 ms. Memory: 154624K Free: 134572K (87%)
3 ms. Memory: 154624K Free: 133052K (86%)
2 ms. Memory: 154624K Free: 132028K (85%)
2 ms. Memory: 154624K Free: 130484K (84%)
3 ms. Memory: 154624K Free: 129452K (84%)
2 ms. Memory: 154624K Free: 127932K (83%)
7 ms. Memory: 154624K Free: 126388K (82%)
2 ms. Memory: 154624K Free: 125356K (81%)
3 ms. Memory: 154624K Free: 123836K (80%)
2 ms. Memory: 154624K Free: 122812K (79%)
10022 ms. Memory: 154624K Free: 122812K (79%)
----------------- Invoking toplevel() on ptolemy.moml.MoMLSimpleApplication@2385c179
----------------- Done invoking toplevel() on ptolemy.moml.MoMLSimpleApplication@2385c179
reloadAllAccessors: .ModelReference4

===========================================================================================
----------------- testing Thu Jul 18 04:48:24 UTC 2019 /home/travis/build/icyphy/ptII/ptolemy/actor/lib/hoc/test/auto/MultiInstanceComposite.xml
----------------- Instantiating /home/travis/build/icyphy/ptII/ptolemy/actor/lib/hoc/test/auto/MultiInstanceComposite.xml
34 ms. Memory: 154624K Free: 103866K (67%)
----------------- Invoking toplevel() on ptolemy.moml.MoMLSimpleApplication@44b5d1
----------------- Done invoking toplevel() on ptolemy.moml.MoMLSimpleApplication@44b5d1
reloadAllAccessors: .MultiInstanceComposite

===========================================================================================
----------------- testing Thu Jul 18 04:48:24 UTC 2019 /home/travis/build/icyphy/ptII/ptolemy/actor/lib/hoc/test/auto/MultiInstanceComposite2.xml
----------------- Instantiating /home/travis/build/icyphy/ptII/ptolemy/actor/lib/hoc/test/auto/MultiInstanceComposite2.xml
32 ms. Memory: 154624K Free: 92602K (60%)
----------------- Invoking toplevel() on ptolemy.moml.MoMLSimpleApplication@624befd6
----------------- Done invoking toplevel() on ptolemy.moml.MoMLSimpleApplication@624befd6
reloadAllAccessors: .MultiInstanceComposite2

===========================================================================================
----------------- testing Thu Jul 18 04:48:24 UTC 2019 /home/travis/build/icyphy/ptII/ptolemy/actor/lib/hoc/test/auto/MulticoreExecution.xml
----------------- Instantiating /home/travis/build/icyphy/ptII/ptolemy/actor/lib/hoc/test/auto/MulticoreExecution.xml
Fired ExecutionTime: 16400000
Fired ExecutionTime: 22800000
Fired ExecutionTime: 51600000
Fired ExecutionTime: 74400000
Fired ExecutionTime: 65600000
Fired ExecutionTime: 66400000
Fired ExecutionTime: 62400000
Fired ExecutionTime: 60400000
Fired ExecutionTime: 64000000
Fired ExecutionTime: 62800000
Fired ExecutionTime: 69200000
Fired ExecutionTime: 67600000
Fired ExecutionTime: 68400000
Fired ExecutionTime: 69600000
Fired ExecutionTime: 64000000
Fired ExecutionTime: 66800000
Fired ExecutionTime: 66400000
Fired ExecutionTime: 65200000
Fired ExecutionTime: 65200000
Fired ExecutionTime: 60400000
1058 ms. Memory: 154624K Free: 83386K (54%)
----------------- Invoking toplevel() on ptolemy.moml.MoMLSimpleApplication@7f4ac4b
----------------- Done invoking toplevel() on ptolemy.moml.MoMLSimpleApplication@7f4ac4b
reloadAllAccessors: .MulticoreExecution

===========================================================================================
----------------- testing Thu Jul 18 04:48:25 UTC 2019 /home/travis/build/icyphy/ptII/ptolemy/actor/lib/hoc/test/auto/ParallelExecution.xml
----------------- Instantiating /home/travis/build/icyphy/ptII/ptolemy/actor/lib/hoc/test/auto/ParallelExecution.xml
927 ms. Memory: 154624K Free: 75708K (49%)
----------------- Invoking toplevel() on ptolemy.moml.MoMLSimpleApplication@7f6e0845
----------------- Done invoking toplevel() on ptolemy.moml.MoMLSimpleApplication@7f6e0845
reloadAllAccessors: .ParallelExecution

===========================================================================================
----------------- testing Thu Jul 18 04:48:26 UTC 2019 /home/travis/build/icyphy/ptII/ptolemy/actor/lib/hoc/test/auto/RunCompositeActor.xml
----------------- Instantiating /home/travis/build/icyphy/ptII/ptolemy/actor/lib/hoc/test/auto/RunCompositeActor.xml
8 ms. Memory: 154624K Free: 68540K (44%)
----------------- Invoking toplevel() on ptolemy.moml.MoMLSimpleApplication@ded1fdf
----------------- Done invoking toplevel() on ptolemy.moml.MoMLSimpleApplication@ded1fdf
reloadAllAccessors: .RunCompositeActor

===========================================================================================
----------------- testing Thu Jul 18 04:48:26 UTC 2019 /home/travis/build/icyphy/ptII/ptolemy/actor/lib/hoc/test/auto/RunCompositeActor2.xml
----------------- Instantiating /home/travis/build/icyphy/ptII/ptolemy/actor/lib/hoc/test/auto/RunCompositeActor2.xml
11 ms. Memory: 154624K Free: 62396K (40%)
----------------- Invoking toplevel() on ptolemy.moml.MoMLSimpleApplication@33612db0
----------------- Done invoking toplevel() on ptolemy.moml.MoMLSimpleApplication@33612db0
reloadAllAccessors: .RunCompositeActor2

===========================================================================================
----------------- testing Thu Jul 18 04:48:26 UTC 2019 /home/travis/build/icyphy/ptII/ptolemy/actor/lib/hoc/test/auto/RunCompositeActor3.xml
----------------- Instantiating /home/travis/build/icyphy/ptII/ptolemy/actor/lib/hoc/test/auto/RunCompositeActor3.xml
4 ms. Memory: 154624K Free: 56748K (37%)
----------------- Invoking toplevel() on ptolemy.moml.MoMLSimpleApplication@3d5c0c55
----------------- Done invoking toplevel() on ptolemy.moml.MoMLSimpleApplication@3d5c0c55
reloadAllAccessors: .RunCompositeActor3

===========================================================================================
----------------- testing Thu Jul 18 04:48:26 UTC 2019 /home/travis/build/icyphy/ptII/ptolemy/actor/lib/hoc/test/auto/RunCompositeActor4.xml
----------------- Instantiating /home/travis/build/icyphy/ptII/ptolemy/actor/lib/hoc/test/auto/RunCompositeActor4.xml
21 ms. Memory: 154624K Free: 137887K (89%)
----------------- Invoking toplevel() on ptolemy.moml.MoMLSimpleApplication@3c3c02ee
----------------- Done invoking toplevel() on ptolemy.moml.MoMLSimpleApplication@3c3c02ee
reloadAllAccessors: .RunCompositeActor4

===========================================================================================
----------------- testing Thu Jul 18 04:48:26 UTC 2019 /home/travis/build/icyphy/ptII/ptolemy/actor/lib/hoc/test/auto/RunCompositeIterateOverArray.xml
----------------- Instantiating /home/travis/build/icyphy/ptII/ptolemy/actor/lib/hoc/test/auto/RunCompositeIterateOverArray.xml
5 ms. Memory: 154624K Free: 132012K (85%)
----------------- Invoking toplevel() on ptolemy.moml.MoMLSimpleApplication@5dda940
----------------- Done invoking toplevel() on ptolemy.moml.MoMLSimpleApplication@5dda940
reloadAllAccessors: .RunCompositeIterateOverArray

===========================================================================================
----------------- testing Thu Jul 18 04:48:26 UTC 2019 /home/travis/build/icyphy/ptII/ptolemy/actor/lib/hoc/test/auto/ThreadedJS.xml
----------------- Instantiating /home/travis/build/icyphy/ptII/ptolemy/actor/lib/hoc/test/auto/ThreadedJS.xml
6787 ms. Memory: 269312K Free: 167368K (62%)
----------------- Invoking toplevel() on ptolemy.moml.MoMLSimpleApplication@cd4e735
----------------- Done invoking toplevel() on ptolemy.moml.MoMLSimpleApplication@cd4e735
reloadAllAccessors: .ThreadedJS
AutoTests.java: About to close Vertx.
AutoTests.java: Vertx closed.
]]></system-out>
  <system-err><![CDATA[java.lang.RuntimeException: Execution failed
	at ptolemy.moml.MoMLSimpleApplication$UnloadThread.run(MoMLSimpleApplication.java:402)
Caused by: ptolemy.kernel.util.IllegalActionException: initialize() was called after wrapup() was called but preinitialize() was not called after wrapup().
	at ptolemy.actor.lib.hoc.test.PreinitializeMustBeInvoked.initialize(PreinitializeMustBeInvoked.java:78)
	at ptolemy.actor.Director.initialize(Director.java:938)
	at ptolemy.actor.Director.initialize(Director.java:907)
	at ptolemy.actor.sched.StaticSchedulingDirector.initialize(StaticSchedulingDirector.java:159)
	at ptolemy.domains.sdf.kernel.SDFDirector.initialize(SDFDirector.java:544)
	at ptolemy.actor.CompositeActor.initialize(CompositeActor.java:935)
	at ptolemy.actor.lib.hoc.LifeCycleManager._executeInsideModel(LifeCycleManager.java:339)
	at ptolemy.actor.lib.hoc.RunCompositeActor.fire(RunCompositeActor.java:205)
	at ptolemy.actor.CompositeActor.iterate(CompositeActor.java:1146)
	at ptolemy.actor.sched.StaticSchedulingDirector.fire(StaticSchedulingDirector.java:216)
	at ptolemy.domains.sdf.kernel.SDFDirector.fire(SDFDirector.java:500)
	at ptolemy.actor.CompositeActor.fire(CompositeActor.java:455)
	at ptolemy.actor.Manager.iterate(Manager.java:851)
	at ptolemy.actor.Manager.execute(Manager.java:369)
	at ptolemy.actor.Manager.run(Manager.java:1263)
	at ptolemy.actor.Manager$PtolemyRunThread.run(Manager.java:1933)
java.lang.reflect.InvocationTargetException
	at java.base/jdk.internal.reflect.NativeConstructorAccessorImpl.newInstance0(Native Method)
	at java.base/jdk.internal.reflect.NativeConstructorAccessorImpl.newInstance(NativeConstructorAccessorImpl.java:62)
	at java.base/jdk.internal.reflect.DelegatingConstructorAccessorImpl.newInstance(DelegatingConstructorAccessorImpl.java:45)
	at java.base/java.lang.reflect.Constructor.newInstance(Constructor.java:490)
	at ptolemy.util.test.junit.AutoKnownFailedTests.RunModel(AutoKnownFailedTests.java:105)
	at java.base/jdk.internal.reflect.NativeMethodAccessorImpl.invoke0(Native Method)
	at java.base/jdk.internal.reflect.NativeMethodAccessorImpl.invoke(NativeMethodAccessorImpl.java:62)
	at java.base/jdk.internal.reflect.DelegatingMethodAccessorImpl.invoke(DelegatingMethodAccessorImpl.java:43)
	at java.base/java.lang.reflect.Method.invoke(Method.java:566)
	at org.junit.runners.model.FrameworkMethod$1.runReflectiveCall(FrameworkMethod.java:44)
	at org.junit.internal.runners.model.ReflectiveCallable.run(ReflectiveCallable.java:15)
	at org.junit.runners.model.FrameworkMethod.invokeExplosively(FrameworkMethod.java:41)
	at junitparams.internal.InvokeParameterisedMethod.evaluate(InvokeParameterisedMethod.java:102)
	at org.junit.internal.runners.statements.FailOnTimeout$1.run(FailOnTimeout.java:28)
Caused by: ptolemy.kernel.util.IllegalActionException: initialize() was called after wrapup() was called but preinitialize() was not called after wrapup().
	at ptolemy.actor.lib.hoc.test.PreinitializeMustBeInvoked.initialize(PreinitializeMustBeInvoked.java:78)
	at ptolemy.actor.Director.initialize(Director.java:938)
	at ptolemy.actor.Director.initialize(Director.java:907)
	at ptolemy.actor.sched.StaticSchedulingDirector.initialize(StaticSchedulingDirector.java:159)
	at ptolemy.domains.sdf.kernel.SDFDirector.initialize(SDFDirector.java:544)
	at ptolemy.actor.CompositeActor.initialize(CompositeActor.java:935)
	at ptolemy.actor.lib.hoc.LifeCycleManager._executeInsideModel(LifeCycleManager.java:339)
	at ptolemy.actor.lib.hoc.RunCompositeActor.fire(RunCompositeActor.java:205)
	at ptolemy.actor.CompositeActor.iterate(CompositeActor.java:1146)
	at ptolemy.actor.sched.StaticSchedulingDirector.fire(StaticSchedulingDirector.java:216)
	at ptolemy.domains.sdf.kernel.SDFDirector.fire(SDFDirector.java:500)
	at ptolemy.actor.CompositeActor.fire(CompositeActor.java:455)
	at ptolemy.actor.Manager.iterate(Manager.java:851)
	at ptolemy.actor.Manager.execute(Manager.java:369)
	at ptolemy.actor.Manager.run(Manager.java:1263)
	at ptolemy.actor.Manager$PtolemyRunThread.run(Manager.java:1933)
Warning: Nashorn engine is planned to be removed from a future JDK release
Warning: Nashorn engine is planned to be removed from a future JDK release
Warning: Nashorn engine is planned to be removed from a future JDK release
Warning: Nashorn engine is planned to be removed from a future JDK release
Warning: Nashorn engine is planned to be removed from a future JDK release
Warning: Nashorn engine is planned to be removed from a future JDK release
Warning: Nashorn engine is planned to be removed from a future JDK release
Warning: Nashorn engine is planned to be removed from a future JDK release
]]></system-err>
</testsuite>
