<?xml version="1.0" encoding="UTF-8" ?>
<testsuite errors="0" failures="0" hostname="travis-job-fcf96c45-8151-4341-aa03-2947ce2790dd" name="ptolemy.domains.sdf.test.junit.JUnitTclTest" skipped="0" tests="66" time="20.449" timestamp="2020-10-02T16:17:26">
  <properties>
[...]
</properties>
  <testcase classname="ptolemy.util.test.junit.TclTests" name="[0] /home/travis/build/icyphy/ptII/ptolemy/domains/sdf/test/SDFSchedulerErrors.tcl (RunTclFile)" time="0.914" />
  <testcase classname="ptolemy.util.test.junit.TclTests" name="[1] /home/travis/build/icyphy/ptII/ptolemy/domains/sdf/test/composition.tcl (RunTclFile)" time="0.235" />
  <testcase classname="ptolemy.util.test.junit.TclTests" name="[2] /home/travis/build/icyphy/ptII/ptolemy/domains/sdf/test/cycle.tcl (RunTclFile)" time="0.079" />
  <testcase classname="ptolemy.util.test.junit.AutoKnownFailedTests" name="[0] ThereAreNoKnowFailedTests (RunModel)" time="0.001" />
  <testcase classname="ptolemy.util.test.junit.AutoNameArchTests" name="[0] ThereAreNoAutoArchTests (RunModel)" time="0.001" />
  <testcase classname="ptolemy.util.test.junit.AutoTests" name="[0] /home/travis/build/icyphy/ptII/ptolemy/domains/sdf/test/auto/Array.xml (RunModel)" time="0.329" />
  <testcase classname="ptolemy.util.test.junit.AutoTests" name="[1] /home/travis/build/icyphy/ptII/ptolemy/domains/sdf/test/auto/Butterfly.xml (RunModel)" time="0.147" />
  <testcase classname="ptolemy.util.test.junit.AutoTests" name="[2] /home/travis/build/icyphy/ptII/ptolemy/domains/sdf/test/auto/Expression.xml (RunModel)" time="0.071" />
  <testcase classname="ptolemy.util.test.junit.AutoTests" name="[3] /home/travis/build/icyphy/ptII/ptolemy/domains/sdf/test/auto/Eye.xml (RunModel)" time="0.323" />
  <testcase classname="ptolemy.util.test.junit.AutoTests" name="[4] /home/travis/build/icyphy/ptII/ptolemy/domains/sdf/test/auto/FixFIR.xml (RunModel)" time="0.427" />
  <testcase classname="ptolemy.util.test.junit.AutoTests" name="[5] /home/travis/build/icyphy/ptII/ptolemy/domains/sdf/test/auto/FixPoint.xml (RunModel)" time="0.025" />
  <testcase classname="ptolemy.util.test.junit.AutoTests" name="[6] /home/travis/build/icyphy/ptII/ptolemy/domains/sdf/test/auto/Gravitation.xml (RunModel)" time="3.235" />
  <testcase classname="ptolemy.util.test.junit.AutoTests" name="[7] /home/travis/build/icyphy/ptII/ptolemy/domains/sdf/test/auto/GravitationWithCollisionDetection.xml (RunModel)" time="6.33" />
  <testcase classname="ptolemy.util.test.junit.AutoTests" name="[8] /home/travis/build/icyphy/ptII/ptolemy/domains/sdf/test/auto/HDF.xml (RunModel)" time="0.088" />
  <testcase classname="ptolemy.util.test.junit.AutoTests" name="[9] /home/travis/build/icyphy/ptII/ptolemy/domains/sdf/test/auto/HDFwithTransientStates.xml (RunModel)" time="0.109" />
  <testcase classname="ptolemy.util.test.junit.AutoTests" name="[10] /home/travis/build/icyphy/ptII/ptolemy/domains/sdf/test/auto/HTVQ.xml (RunModel)" time="0.791" />
  <testcase classname="ptolemy.util.test.junit.AutoTests" name="[11] /home/travis/build/icyphy/ptII/ptolemy/domains/sdf/test/auto/InferInitProduction.xml (RunModel)" time="0.035" />
  <testcase classname="ptolemy.util.test.junit.AutoTests" name="[12] /home/travis/build/icyphy/ptII/ptolemy/domains/sdf/test/auto/InferInitProductionDeeper.xml (RunModel)" time="0.025" />
  <testcase classname="ptolemy.util.test.junit.AutoTests" name="[13] /home/travis/build/icyphy/ptII/ptolemy/domains/sdf/test/auto/LMSAdaptive.xml (RunModel)" time="0.073" />
  <testcase classname="ptolemy.util.test.junit.AutoTests" name="[14] /home/travis/build/icyphy/ptII/ptolemy/domains/sdf/test/auto/LogisticMap.xml (RunModel)" time="0.473" />
  <testcase classname="ptolemy.util.test.junit.AutoTests" name="[15] /home/travis/build/icyphy/ptII/ptolemy/domains/sdf/test/auto/MaximumEntropySpectrum.xml (RunModel)" time="0.314" />
  <testcase classname="ptolemy.util.test.junit.AutoTests" name="[16] /home/travis/build/icyphy/ptII/ptolemy/domains/sdf/test/auto/MultirateSDF.xml (RunModel)" time="0.066" />
  <testcase classname="ptolemy.util.test.junit.AutoTests" name="[17] /home/travis/build/icyphy/ptII/ptolemy/domains/sdf/test/auto/MultirateSDFwithTransientStates.xml (RunModel)" time="0.092" />
  <testcase classname="ptolemy.util.test.junit.AutoTests" name="[18] /home/travis/build/icyphy/ptII/ptolemy/domains/sdf/test/auto/NoisySinewave.xml (RunModel)" time="0.083" />
  <testcase classname="ptolemy.util.test.junit.AutoTests" name="[19] /home/travis/build/icyphy/ptII/ptolemy/domains/sdf/test/auto/Objects.xml (RunModel)" time="0.05" />
  <testcase classname="ptolemy.util.test.junit.AutoTests" name="[20] /home/travis/build/icyphy/ptII/ptolemy/domains/sdf/test/auto/OrthogonalCom.xml (RunModel)" time="0.049" />
  <testcase classname="ptolemy.util.test.junit.AutoTests" name="[21] /home/travis/build/icyphy/ptII/ptolemy/domains/sdf/test/auto/RijndaelEncryption.xml (RunModel)" time="0.65" />
  <testcase classname="ptolemy.util.test.junit.AutoTests" name="[22] /home/travis/build/icyphy/ptII/ptolemy/domains/sdf/test/auto/SDFEmptyIterations.xml (RunModel)" time="0.019" />
  <testcase classname="ptolemy.util.test.junit.AutoTests" name="[23] /home/travis/build/icyphy/ptII/ptolemy/domains/sdf/test/auto/Spectrum.xml (RunModel)" time="0.096" />
  <testcase classname="ptolemy.util.test.junit.AutoTests" name="[24] /home/travis/build/icyphy/ptII/ptolemy/domains/sdf/test/auto/de_inside_sdf.xml (RunModel)" time="0.023" />
  <testcase classname="ptolemy.util.test.junit.AutoTests" name="[25] /home/travis/build/icyphy/ptII/ptolemy/domains/sdf/test/auto/disconnectedHierarchicalSDF.xml (RunModel)" time="0.028" />
  <testcase classname="ptolemy.util.test.junit.AutoTests" name="[26] /home/travis/build/icyphy/ptII/ptolemy/domains/sdf/test/auto/disconnectedSDF.xml (RunModel)" time="0.02" />
  <testcase classname="ptolemy.util.test.junit.AutoTests" name="[27] /home/travis/build/icyphy/ptII/ptolemy/domains/sdf/test/auto/emptyRefinement.xml (RunModel)" time="0.021" />
  <testcase classname="ptolemy.util.test.junit.AutoTests" name="[28] /home/travis/build/icyphy/ptII/ptolemy/domains/sdf/test/auto/filePortParameter.xml (RunModel)" time="0.045" />
  <testcase classname="ptolemy.util.test.junit.AutoTests" name="[29] /home/travis/build/icyphy/ptII/ptolemy/domains/sdf/test/auto/inferRelationWidth1.xml (RunModel)" time="0.017" />
  <testcase classname="ptolemy.util.test.junit.AutoTests" name="[30] /home/travis/build/icyphy/ptII/ptolemy/domains/sdf/test/auto/initProductionInference.xml (RunModel)" time="0.021" />
  <testcase classname="ptolemy.util.test.junit.AutoTests" name="[31] /home/travis/build/icyphy/ptII/ptolemy/domains/sdf/test/auto/relationGroup.xml (RunModel)" time="0.021" />
  <testcase classname="ptolemy.util.test.junit.AutoTests" name="[32] /home/travis/build/icyphy/ptII/ptolemy/domains/sdf/test/auto/relationGroup10.xml (RunModel)" time="0.013" />
  <testcase classname="ptolemy.util.test.junit.AutoTests" name="[33] /home/travis/build/icyphy/ptII/ptolemy/domains/sdf/test/auto/relationGroup11.xml (RunModel)" time="0.015" />
  <testcase classname="ptolemy.util.test.junit.AutoTests" name="[34] /home/travis/build/icyphy/ptII/ptolemy/domains/sdf/test/auto/relationGroup12.xml (RunModel)" time="0.015" />
  <testcase classname="ptolemy.util.test.junit.AutoTests" name="[35] /home/travis/build/icyphy/ptII/ptolemy/domains/sdf/test/auto/relationGroup13.xml (RunModel)" time="0.02" />
  <testcase classname="ptolemy.util.test.junit.AutoTests" name="[36] /home/travis/build/icyphy/ptII/ptolemy/domains/sdf/test/auto/relationGroup14.xml (RunModel)" time="0.014" />
  <testcase classname="ptolemy.util.test.junit.AutoTests" name="[37] /home/travis/build/icyphy/ptII/ptolemy/domains/sdf/test/auto/relationGroup15.xml (RunModel)" time="0.013" />
  <testcase classname="ptolemy.util.test.junit.AutoTests" name="[38] /home/travis/build/icyphy/ptII/ptolemy/domains/sdf/test/auto/relationGroup2.xml (RunModel)" time="0.011" />
  <testcase classname="ptolemy.util.test.junit.AutoTests" name="[39] /home/travis/build/icyphy/ptII/ptolemy/domains/sdf/test/auto/relationGroup3.xml (RunModel)" time="0.009" />
  <testcase classname="ptolemy.util.test.junit.AutoTests" name="[40] /home/travis/build/icyphy/ptII/ptolemy/domains/sdf/test/auto/relationGroup4.xml (RunModel)" time="0.02" />
  <testcase classname="ptolemy.util.test.junit.AutoTests" name="[41] /home/travis/build/icyphy/ptII/ptolemy/domains/sdf/test/auto/relationGroup5.xml (RunModel)" time="0.014" />
  <testcase classname="ptolemy.util.test.junit.AutoTests" name="[42] /home/travis/build/icyphy/ptII/ptolemy/domains/sdf/test/auto/relationGroup6.xml (RunModel)" time="0.012" />
  <testcase classname="ptolemy.util.test.junit.AutoTests" name="[43] /home/travis/build/icyphy/ptII/ptolemy/domains/sdf/test/auto/relationGroup7.xml (RunModel)" time="0.01" />
  <testcase classname="ptolemy.util.test.junit.AutoTests" name="[44] /home/travis/build/icyphy/ptII/ptolemy/domains/sdf/test/auto/relationGroup8.xml (RunModel)" time="0.016" />
  <testcase classname="ptolemy.util.test.junit.AutoTests" name="[45] /home/travis/build/icyphy/ptII/ptolemy/domains/sdf/test/auto/relationGroup9.xml (RunModel)" time="0.011" />
  <testcase classname="ptolemy.util.test.junit.AutoTests" name="[46] /home/travis/build/icyphy/ptII/ptolemy/domains/sdf/test/auto/sdf_inside_de.xml (RunModel)" time="0.042" />
  <testcase classname="ptolemy.util.test.junit.AutoTests" name="[47] /home/travis/build/icyphy/ptII/ptolemy/domains/sdf/test/auto/sdf_inside_pn.xml (RunModel)" time="0.055" />
  <testcase classname="ptolemy.util.test.junit.AutoTests" name="[48] /home/travis/build/icyphy/ptII/ptolemy/domains/sdf/test/auto/sdf_sdf1.xml (RunModel)" time="0.019" />
  <testcase classname="ptolemy.util.test.junit.AutoTests" name="[49] /home/travis/build/icyphy/ptII/ptolemy/domains/sdf/test/auto/test1.xml (RunModel)" time="0.015" />
  <testcase classname="ptolemy.util.test.junit.AutoTests" name="[50] /home/travis/build/icyphy/ptII/ptolemy/domains/sdf/test/auto/time1.xml (RunModel)" time="0.012" />
  <testcase classname="ptolemy.util.test.junit.AutoTests" name="[51] /home/travis/build/icyphy/ptII/ptolemy/domains/sdf/test/auto/time2.xml (RunModel)" time="0.011" />
  <testcase classname="ptolemy.util.test.junit.AutoTests" name="[52] /home/travis/build/icyphy/ptII/ptolemy/domains/sdf/test/auto/time3.xml (RunModel)" time="0.021" />
  <testcase classname="ptolemy.util.test.junit.AutoTests" name="[53] /home/travis/build/icyphy/ptII/ptolemy/domains/sdf/test/auto/time4.xml (RunModel)" time="0.019" />
  <testcase classname="ptolemy.util.test.junit.AutoTests" name="[54] /home/travis/build/icyphy/ptII/ptolemy/domains/sdf/test/auto/time5.xml (RunModel)" time="4.009" />
  <testcase classname="ptolemy.util.test.junit.AutoTests" name="[55] /home/travis/build/icyphy/ptII/ptolemy/domains/sdf/test/auto/typeSystem_Const_Integer_smallest_Type.xml (RunModel)" time="0.026" />
  <testcase classname="ptolemy.util.test.junit.AutoTests" name="[56] /home/travis/build/icyphy/ptII/ptolemy/domains/sdf/test/auto/typeSystem_declared_Inports_OutportTypeException.xml (RunModel)" time="0.018" />
  <testcase classname="ptolemy.util.test.junit.AutoTests" name="[57] /home/travis/build/icyphy/ptII/ptolemy/domains/sdf/test/auto/typeSystem_oneDeclaredInportType_wrongTypeOutport.xml (RunModel)" time="0.016" />
  <testcase classname="ptolemy.util.test.junit.AutoTests" name="[58] /home/travis/build/icyphy/ptII/ptolemy/domains/sdf/test/auto/width.xml (RunModel)" time="0.012" />
  <testcase classname="ptolemy.util.test.junit.AutoTests" name="[59] /home/travis/build/icyphy/ptII/ptolemy/domains/sdf/test/auto/width2.xml (RunModel)" time="0.044" />
  <testcase classname="ptolemy.util.test.junit.AutoTests" name="[60] /home/travis/build/icyphy/ptII/ptolemy/domains/sdf/test/auto/width3.xml (RunModel)" time="0.037" />
  <system-out><![CDATA[/home/travis/build/icyphy/ptII/ptolemy/domains/sdf/test/SDFSchedulerErrors.tcl
testDefs.tcl: setting time out to 9000 seconds at Fri Oct 02 16:17:26 UTC 2020
78 ms. Memory: 129024K Free: 89031K (69%)
8 ms. Memory: 129024K Free: 81342K (63%)
9 ms. Memory: 129024K Free: 75190K (58%)
13 ms. Memory: 129024K Free: 72133K (56%)
/home/travis/build/icyphy/ptII/ptolemy/domains/sdf/test/composition.tcl
35 ms. Memory: 129024K Free: 68037K (53%)
9 ms. Memory: 129024K Free: 65989K (51%)
/home/travis/build/icyphy/ptII/ptolemy/domains/sdf/test/cycle.tcl
.Toplevel.Director Preinitializing ...
Invoking preinitialize():  .Toplevel.Actor1
Invoking preinitialize():  .Toplevel.Actor2
Invoking preinitialize():  .Toplevel.Delay
.Toplevel.Director Finished preinitialize().
### Schedule:
Execute Schedule{
Fire Actor ptolemy.domains.sdf.kernel.test.SDFTestDelay {.Toplevel.Actor1}
Fire Actor ptolemy.domains.sdf.kernel.test.SDFTestDelay {.Toplevel.Actor2}
Fire Actor ptolemy.domains.sdf.lib.SampleDelay {.Toplevel.Delay}
}
### End schedule
Called initialize().
Invoking initialize():  .Toplevel.Actor1
Initializing actor: .Toplevel.Actor1.
Invoking initialize():  .Toplevel.Actor2
Initializing actor: .Toplevel.Actor2.
Invoking initialize():  .Toplevel.Delay
Initializing actor: .Toplevel.Delay.
Director: Called prefire().
-- Setting current time to 0.0
Director prefire returns true.
The actor .Toplevel.Actor1 will be iterated.
The actor .Toplevel.Actor1 was iterated.
The actor .Toplevel.Actor2 will be iterated.
The actor .Toplevel.Actor2 was iterated.
The actor .Toplevel.Delay will be iterated.
The actor .Toplevel.Delay was iterated.
Director: Called postfire().
Postfire returns: true
Director: Called prefire().
-- Setting current time to 0.0
Director prefire returns true.
The actor .Toplevel.Actor1 will be iterated.
The actor .Toplevel.Actor1 was iterated.
The actor .Toplevel.Actor2 will be iterated.
The actor .Toplevel.Actor2 was iterated.
The actor .Toplevel.Delay will be iterated.
The actor .Toplevel.Delay was iterated.
Director: Called postfire().
Postfire returns: true
Director: Called prefire().
-- Setting current time to 0.0
Director prefire returns true.
The actor .Toplevel.Actor1 will be iterated.
The actor .Toplevel.Actor1 was iterated.
The actor .Toplevel.Actor2 will be iterated.
The actor .Toplevel.Actor2 was iterated.
The actor .Toplevel.Delay will be iterated.
The actor .Toplevel.Delay was iterated.
Director: Called postfire().
Postfire returns: true
Director: Called prefire().
-- Setting current time to 0.0
Director prefire returns true.
The actor .Toplevel.Actor1 will be iterated.
The actor .Toplevel.Actor1 was iterated.
The actor .Toplevel.Actor2 will be iterated.
The actor .Toplevel.Actor2 was iterated.
The actor .Toplevel.Delay will be iterated.
The actor .Toplevel.Delay was iterated.
Director: Called postfire().
Postfire returns: true
Director: Called prefire().
-- Setting current time to 0.0
Director prefire returns true.
The actor .Toplevel.Actor1 will be iterated.
The actor .Toplevel.Actor1 was iterated.
The actor .Toplevel.Actor2 will be iterated.
The actor .Toplevel.Actor2 was iterated.
The actor .Toplevel.Delay will be iterated.
The actor .Toplevel.Delay was iterated.
Director: Called postfire().
Postfire returns: true
Director: Called prefire().
-- Setting current time to 0.0
Director prefire returns true.
The actor .Toplevel.Actor1 will be iterated.
The actor .Toplevel.Actor1 was iterated.
The actor .Toplevel.Actor2 will be iterated.
The actor .Toplevel.Actor2 was iterated.
The actor .Toplevel.Delay will be iterated.
The actor .Toplevel.Delay was iterated.
Reached specified number of iterations: 6
Director: Called wrapup().
37 ms. Memory: 129024K Free: 62917K (49%)
10/02/20 04:17:27
Failed: 0  Total Tests: 8  ((Passed: 8, Newly Passed: 0)  Known Failed: 0) /home/travis/build/icyphy/ptII/ptolemy/domains/sdf/test
No auto/knownFailedTests/*.xml tests in /home/travis/build/icyphy/ptII/ptolemy/domains/sdf/test
No auto/linux-amd64/*.xml tests in /home/travis/build/icyphy/ptII/ptolemy/domains/sdf/test
AutoTests.java: About to close Vertx.
AutoTests.java: Vertx closed.

===========================================================================================
----------------- testing Fri Oct 02 16:17:28 UTC 2020 /home/travis/build/icyphy/ptII/ptolemy/domains/sdf/test/auto/Array.xml
----------------- Instantiating /home/travis/build/icyphy/ptII/ptolemy/domains/sdf/test/auto/Array.xml
57 ms. Memory: 129024K Free: 110132K (85%)
----------------- Invoking toplevel() on ptolemy.moml.MoMLSimpleApplication@3bd1ff6b
----------------- Done invoking toplevel() on ptolemy.moml.MoMLSimpleApplication@3bd1ff6b
reloadAllAccessors: .Array

===========================================================================================
----------------- testing Fri Oct 02 16:17:28 UTC 2020 /home/travis/build/icyphy/ptII/ptolemy/domains/sdf/test/auto/Butterfly.xml
----------------- Instantiating /home/travis/build/icyphy/ptII/ptolemy/domains/sdf/test/auto/Butterfly.xml
76 ms. Memory: 129024K Free: 104010K (81%)
----------------- Invoking toplevel() on ptolemy.moml.MoMLSimpleApplication@5e3190fe
----------------- Done invoking toplevel() on ptolemy.moml.MoMLSimpleApplication@5e3190fe
reloadAllAccessors: .Butterfly

===========================================================================================
----------------- testing Fri Oct 02 16:17:28 UTC 2020 /home/travis/build/icyphy/ptII/ptolemy/domains/sdf/test/auto/Expression.xml
----------------- Instantiating /home/travis/build/icyphy/ptII/ptolemy/domains/sdf/test/auto/Expression.xml
49 ms. Memory: 129024K Free: 99512K (77%)
----------------- Invoking toplevel() on ptolemy.moml.MoMLSimpleApplication@649aef40
----------------- Done invoking toplevel() on ptolemy.moml.MoMLSimpleApplication@649aef40
reloadAllAccessors: .Expression

===========================================================================================
----------------- testing Fri Oct 02 16:17:28 UTC 2020 /home/travis/build/icyphy/ptII/ptolemy/domains/sdf/test/auto/Eye.xml
----------------- Instantiating /home/travis/build/icyphy/ptII/ptolemy/domains/sdf/test/auto/Eye.xml
187 ms. Memory: 129024K Free: 75352K (58%)
----------------- Invoking toplevel() on ptolemy.moml.MoMLSimpleApplication@655b2bab
----------------- Done invoking toplevel() on ptolemy.moml.MoMLSimpleApplication@655b2bab
reloadAllAccessors: .Eye

===========================================================================================
----------------- testing Fri Oct 02 16:17:28 UTC 2020 /home/travis/build/icyphy/ptII/ptolemy/domains/sdf/test/auto/FixFIR.xml
----------------- Instantiating /home/travis/build/icyphy/ptII/ptolemy/domains/sdf/test/auto/FixFIR.xml
186 ms. Memory: 129024K Free: 99624K (77%)
----------------- Invoking toplevel() on ptolemy.moml.MoMLSimpleApplication@2cd2cc57
----------------- Done invoking toplevel() on ptolemy.moml.MoMLSimpleApplication@2cd2cc57
reloadAllAccessors: .FixFIR

===========================================================================================
----------------- testing Fri Oct 02 16:17:29 UTC 2020 /home/travis/build/icyphy/ptII/ptolemy/domains/sdf/test/auto/FixPoint.xml
----------------- Instantiating /home/travis/build/icyphy/ptII/ptolemy/domains/sdf/test/auto/FixPoint.xml
8 ms. Memory: 129024K Free: 95528K (74%)
----------------- Invoking toplevel() on ptolemy.moml.MoMLSimpleApplication@711f60cf
----------------- Done invoking toplevel() on ptolemy.moml.MoMLSimpleApplication@711f60cf
reloadAllAccessors: .FixPoint

===========================================================================================
----------------- testing Fri Oct 02 16:17:29 UTC 2020 /home/travis/build/icyphy/ptII/ptolemy/domains/sdf/test/auto/Gravitation.xml
----------------- Instantiating /home/travis/build/icyphy/ptII/ptolemy/domains/sdf/test/auto/Gravitation.xml
3174 ms. Memory: 155648K Free: 91945K (59%)
----------------- Invoking toplevel() on ptolemy.moml.MoMLSimpleApplication@2484edda
----------------- Done invoking toplevel() on ptolemy.moml.MoMLSimpleApplication@2484edda
reloadAllAccessors: .Gravitation

===========================================================================================
----------------- testing Fri Oct 02 16:17:32 UTC 2020 /home/travis/build/icyphy/ptII/ptolemy/domains/sdf/test/auto/GravitationWithCollisionDetection.xml
----------------- Instantiating /home/travis/build/icyphy/ptII/ptolemy/domains/sdf/test/auto/GravitationWithCollisionDetection.xml
6209 ms. Memory: 284672K Free: 214204K (75%)
----------------- Invoking toplevel() on ptolemy.moml.MoMLSimpleApplication@7d326f23
----------------- Done invoking toplevel() on ptolemy.moml.MoMLSimpleApplication@7d326f23
reloadAllAccessors: .GravitationWithCollisionDetection

===========================================================================================
----------------- testing Fri Oct 02 16:17:38 UTC 2020 /home/travis/build/icyphy/ptII/ptolemy/domains/sdf/test/auto/HDF.xml
----------------- Instantiating /home/travis/build/icyphy/ptII/ptolemy/domains/sdf/test/auto/HDF.xml
37 ms. Memory: 284672K Free: 198300K (70%)
----------------- Invoking toplevel() on ptolemy.moml.MoMLSimpleApplication@7d531534
----------------- Done invoking toplevel() on ptolemy.moml.MoMLSimpleApplication@7d531534
reloadAllAccessors: .HDF

===========================================================================================
----------------- testing Fri Oct 02 16:17:39 UTC 2020 /home/travis/build/icyphy/ptII/ptolemy/domains/sdf/test/auto/HDFwithTransientStates.xml
----------------- Instantiating /home/travis/build/icyphy/ptII/ptolemy/domains/sdf/test/auto/HDFwithTransientStates.xml
32 ms. Memory: 284672K Free: 179388K (63%)
----------------- Invoking toplevel() on ptolemy.moml.MoMLSimpleApplication@42c7d97d
----------------- Done invoking toplevel() on ptolemy.moml.MoMLSimpleApplication@42c7d97d
reloadAllAccessors: .HDFwithTransientStates

===========================================================================================
----------------- testing Fri Oct 02 16:17:39 UTC 2020 /home/travis/build/icyphy/ptII/ptolemy/domains/sdf/test/auto/HTVQ.xml
----------------- Instantiating /home/travis/build/icyphy/ptII/ptolemy/domains/sdf/test/auto/HTVQ.xml
756 ms. Memory: 342016K Free: 234917K (69%)
----------------- Invoking toplevel() on ptolemy.moml.MoMLSimpleApplication@3b2cf83b
----------------- Done invoking toplevel() on ptolemy.moml.MoMLSimpleApplication@3b2cf83b
reloadAllAccessors: .HTVQ

===========================================================================================
----------------- testing Fri Oct 02 16:17:39 UTC 2020 /home/travis/build/icyphy/ptII/ptolemy/domains/sdf/test/auto/InferInitProduction.xml
----------------- Instantiating /home/travis/build/icyphy/ptII/ptolemy/domains/sdf/test/auto/InferInitProduction.xml
11 ms. Memory: 342016K Free: 229385K (67%)
----------------- Invoking toplevel() on ptolemy.moml.MoMLSimpleApplication@2d681efb
----------------- Done invoking toplevel() on ptolemy.moml.MoMLSimpleApplication@2d681efb
reloadAllAccessors: .InferInitProduction

===========================================================================================
----------------- testing Fri Oct 02 16:17:39 UTC 2020 /home/travis/build/icyphy/ptII/ptolemy/domains/sdf/test/auto/InferInitProductionDeeper.xml
----------------- Instantiating /home/travis/build/icyphy/ptII/ptolemy/domains/sdf/test/auto/InferInitProductionDeeper.xml
5 ms. Memory: 342016K Free: 223736K (65%)
----------------- Invoking toplevel() on ptolemy.moml.MoMLSimpleApplication@22963306
----------------- Done invoking toplevel() on ptolemy.moml.MoMLSimpleApplication@22963306
reloadAllAccessors: .InferInitProductionDeeper

===========================================================================================
----------------- testing Fri Oct 02 16:17:39 UTC 2020 /home/travis/build/icyphy/ptII/ptolemy/domains/sdf/test/auto/LMSAdaptive.xml
----------------- Instantiating /home/travis/build/icyphy/ptII/ptolemy/domains/sdf/test/auto/LMSAdaptive.xml
11 ms. Memory: 342016K Free: 214025K (63%)
----------------- Invoking toplevel() on ptolemy.moml.MoMLSimpleApplication@1f67651a
----------------- Done invoking toplevel() on ptolemy.moml.MoMLSimpleApplication@1f67651a
reloadAllAccessors: .LMSAdaptive

===========================================================================================
----------------- testing Fri Oct 02 16:17:40 UTC 2020 /home/travis/build/icyphy/ptII/ptolemy/domains/sdf/test/auto/LogisticMap.xml
----------------- Instantiating /home/travis/build/icyphy/ptII/ptolemy/domains/sdf/test/auto/LogisticMap.xml
441 ms. Memory: 342016K Free: 208391K (61%)
----------------- Invoking toplevel() on ptolemy.moml.MoMLSimpleApplication@63eb7afa
----------------- Done invoking toplevel() on ptolemy.moml.MoMLSimpleApplication@63eb7afa
reloadAllAccessors: .LogisticMap

===========================================================================================
----------------- testing Fri Oct 02 16:17:40 UTC 2020 /home/travis/build/icyphy/ptII/ptolemy/domains/sdf/test/auto/MaximumEntropySpectrum.xml
----------------- Instantiating /home/travis/build/icyphy/ptII/ptolemy/domains/sdf/test/auto/MaximumEntropySpectrum.xml
78 ms. Memory: 342016K Free: 147465K (43%)
----------------- Invoking toplevel() on ptolemy.moml.MoMLSimpleApplication@10533411
----------------- Done invoking toplevel() on ptolemy.moml.MoMLSimpleApplication@10533411
reloadAllAccessors: .MaximumEntropySpectrum

===========================================================================================
----------------- testing Fri Oct 02 16:17:40 UTC 2020 /home/travis/build/icyphy/ptII/ptolemy/domains/sdf/test/auto/MultirateSDF.xml
----------------- Instantiating /home/travis/build/icyphy/ptII/ptolemy/domains/sdf/test/auto/MultirateSDF.xml
16 ms. Memory: 342016K Free: 132600K (39%)
----------------- Invoking toplevel() on ptolemy.moml.MoMLSimpleApplication@339b2a1f
----------------- Done invoking toplevel() on ptolemy.moml.MoMLSimpleApplication@339b2a1f
reloadAllAccessors: .MultirateSDF

===========================================================================================
----------------- testing Fri Oct 02 16:17:40 UTC 2020 /home/travis/build/icyphy/ptII/ptolemy/domains/sdf/test/auto/MultirateSDFwithTransientStates.xml
----------------- Instantiating /home/travis/build/icyphy/ptII/ptolemy/domains/sdf/test/auto/MultirateSDFwithTransientStates.xml
17 ms. Memory: 342016K Free: 315671K (92%)
----------------- Invoking toplevel() on ptolemy.moml.MoMLSimpleApplication@34a0bbd
----------------- Done invoking toplevel() on ptolemy.moml.MoMLSimpleApplication@34a0bbd
reloadAllAccessors: .MultirateSDFwithTransientStates

===========================================================================================
----------------- testing Fri Oct 02 16:17:41 UTC 2020 /home/travis/build/icyphy/ptII/ptolemy/domains/sdf/test/auto/NoisySinewave.xml
----------------- Instantiating /home/travis/build/icyphy/ptII/ptolemy/domains/sdf/test/auto/NoisySinewave.xml
14 ms. Memory: 342016K Free: 296247K (87%)
----------------- Invoking toplevel() on ptolemy.moml.MoMLSimpleApplication@1d61b7d1
----------------- Done invoking toplevel() on ptolemy.moml.MoMLSimpleApplication@1d61b7d1
reloadAllAccessors: .NoisySinewave

===========================================================================================
----------------- testing Fri Oct 02 16:17:41 UTC 2020 /home/travis/build/icyphy/ptII/ptolemy/domains/sdf/test/auto/Objects.xml
----------------- Instantiating /home/travis/build/icyphy/ptII/ptolemy/domains/sdf/test/auto/Objects.xml
3 ms. Memory: 342016K Free: 288055K (84%)
----------------- Invoking toplevel() on ptolemy.moml.MoMLSimpleApplication@2abcf4d8
----------------- Done invoking toplevel() on ptolemy.moml.MoMLSimpleApplication@2abcf4d8
reloadAllAccessors: .Objects

===========================================================================================
----------------- testing Fri Oct 02 16:17:41 UTC 2020 /home/travis/build/icyphy/ptII/ptolemy/domains/sdf/test/auto/OrthogonalCom.xml
----------------- Instantiating /home/travis/build/icyphy/ptII/ptolemy/domains/sdf/test/auto/OrthogonalCom.xml
9 ms. Memory: 342016K Free: 280377K (82%)
----------------- Invoking toplevel() on ptolemy.moml.MoMLSimpleApplication@3df4b2df
----------------- Done invoking toplevel() on ptolemy.moml.MoMLSimpleApplication@3df4b2df
reloadAllAccessors: .OrthogonalCom

===========================================================================================
----------------- testing Fri Oct 02 16:17:41 UTC 2020 /home/travis/build/icyphy/ptII/ptolemy/domains/sdf/test/auto/RijndaelEncryption.xml
----------------- Instantiating /home/travis/build/icyphy/ptII/ptolemy/domains/sdf/test/auto/RijndaelEncryption.xml
348 ms. Memory: 342016K Free: 134455K (39%)
----------------- Invoking toplevel() on ptolemy.moml.MoMLSimpleApplication@4742fcc7
----------------- Done invoking toplevel() on ptolemy.moml.MoMLSimpleApplication@4742fcc7
reloadAllAccessors: .RijndaelEncryption

===========================================================================================
----------------- testing Fri Oct 02 16:17:41 UTC 2020 /home/travis/build/icyphy/ptII/ptolemy/domains/sdf/test/auto/SDFEmptyIterations.xml
----------------- Instantiating /home/travis/build/icyphy/ptII/ptolemy/domains/sdf/test/auto/SDFEmptyIterations.xml
5 ms. Memory: 342016K Free: 130345K (38%)
----------------- Invoking toplevel() on ptolemy.moml.MoMLSimpleApplication@306dc0
----------------- Done invoking toplevel() on ptolemy.moml.MoMLSimpleApplication@306dc0
reloadAllAccessors: .SDFEmptyIterations

===========================================================================================
----------------- testing Fri Oct 02 16:17:41 UTC 2020 /home/travis/build/icyphy/ptII/ptolemy/domains/sdf/test/auto/Spectrum.xml
----------------- Instantiating /home/travis/build/icyphy/ptII/ptolemy/domains/sdf/test/auto/Spectrum.xml
31 ms. Memory: 342016K Free: 311590K (91%)
----------------- Invoking toplevel() on ptolemy.moml.MoMLSimpleApplication@5aeb47d8
----------------- Done invoking toplevel() on ptolemy.moml.MoMLSimpleApplication@5aeb47d8
reloadAllAccessors: .Spectrum

===========================================================================================
----------------- testing Fri Oct 02 16:17:41 UTC 2020 /home/travis/build/icyphy/ptII/ptolemy/domains/sdf/test/auto/de_inside_sdf.xml
----------------- Instantiating /home/travis/build/icyphy/ptII/ptolemy/domains/sdf/test/auto/de_inside_sdf.xml
8 ms. Memory: 342016K Free: 306470K (90%)
----------------- Invoking toplevel() on ptolemy.moml.MoMLSimpleApplication@6c08f953
----------------- Done invoking toplevel() on ptolemy.moml.MoMLSimpleApplication@6c08f953
reloadAllAccessors: .de_inside_sdf

===========================================================================================
----------------- testing Fri Oct 02 16:17:41 UTC 2020 /home/travis/build/icyphy/ptII/ptolemy/domains/sdf/test/auto/disconnectedHierarchicalSDF.xml
----------------- Instantiating /home/travis/build/icyphy/ptII/ptolemy/domains/sdf/test/auto/disconnectedHierarchicalSDF.xml
5 ms. Memory: 342016K Free: 300326K (88%)
----------------- Invoking toplevel() on ptolemy.moml.MoMLSimpleApplication@298c4c9a
----------------- Done invoking toplevel() on ptolemy.moml.MoMLSimpleApplication@298c4c9a
reloadAllAccessors: .disconnectedHierarchicalSDF

===========================================================================================
----------------- testing Fri Oct 02 16:17:42 UTC 2020 /home/travis/build/icyphy/ptII/ptolemy/domains/sdf/test/auto/disconnectedSDF.xml
----------------- Instantiating /home/travis/build/icyphy/ptII/ptolemy/domains/sdf/test/auto/disconnectedSDF.xml
3 ms. Memory: 342016K Free: 296230K (87%)
----------------- Invoking toplevel() on ptolemy.moml.MoMLSimpleApplication@3698279e
----------------- Done invoking toplevel() on ptolemy.moml.MoMLSimpleApplication@3698279e
reloadAllAccessors: .disconnectedSDF

===========================================================================================
----------------- testing Fri Oct 02 16:17:42 UTC 2020 /home/travis/build/icyphy/ptII/ptolemy/domains/sdf/test/auto/emptyRefinement.xml
----------------- Instantiating /home/travis/build/icyphy/ptII/ptolemy/domains/sdf/test/auto/emptyRefinement.xml
3 ms. Memory: 342016K Free: 291620K (85%)
----------------- Invoking toplevel() on ptolemy.moml.MoMLSimpleApplication@454fdc93
----------------- Done invoking toplevel() on ptolemy.moml.MoMLSimpleApplication@454fdc93
reloadAllAccessors: .emptyRefinement

===========================================================================================
----------------- testing Fri Oct 02 16:17:42 UTC 2020 /home/travis/build/icyphy/ptII/ptolemy/domains/sdf/test/auto/filePortParameter.xml
----------------- Instantiating /home/travis/build/icyphy/ptII/ptolemy/domains/sdf/test/auto/filePortParameter.xml
16 ms. Memory: 342016K Free: 284452K (83%)
----------------- Invoking toplevel() on ptolemy.moml.MoMLSimpleApplication@6b351c2f
----------------- Done invoking toplevel() on ptolemy.moml.MoMLSimpleApplication@6b351c2f
reloadAllAccessors: .filePortParameter

===========================================================================================
----------------- testing Fri Oct 02 16:17:42 UTC 2020 /home/travis/build/icyphy/ptII/ptolemy/domains/sdf/test/auto/inferRelationWidth1.xml
----------------- Instantiating /home/travis/build/icyphy/ptII/ptolemy/domains/sdf/test/auto/inferRelationWidth1.xml
3 ms. Memory: 342016K Free: 281380K (82%)
----------------- Invoking toplevel() on ptolemy.moml.MoMLSimpleApplication@6f84bc56
----------------- Done invoking toplevel() on ptolemy.moml.MoMLSimpleApplication@6f84bc56
reloadAllAccessors: .inferRelationWidth1

===========================================================================================
----------------- testing Fri Oct 02 16:17:42 UTC 2020 /home/travis/build/icyphy/ptII/ptolemy/domains/sdf/test/auto/initProductionInference.xml
----------------- Instantiating /home/travis/build/icyphy/ptII/ptolemy/domains/sdf/test/auto/initProductionInference.xml
8 ms. Memory: 342016K Free: 277798K (81%)
----------------- Invoking toplevel() on ptolemy.moml.MoMLSimpleApplication@73f0c665
----------------- Done invoking toplevel() on ptolemy.moml.MoMLSimpleApplication@73f0c665
reloadAllAccessors: .initProductionInference

===========================================================================================
----------------- testing Fri Oct 02 16:17:42 UTC 2020 /home/travis/build/icyphy/ptII/ptolemy/domains/sdf/test/auto/relationGroup.xml
----------------- Instantiating /home/travis/build/icyphy/ptII/ptolemy/domains/sdf/test/auto/relationGroup.xml
3 ms. Memory: 342016K Free: 274212K (80%)
----------------- Invoking toplevel() on ptolemy.moml.MoMLSimpleApplication@e30d594
----------------- Done invoking toplevel() on ptolemy.moml.MoMLSimpleApplication@e30d594
reloadAllAccessors: .relationGroup

===========================================================================================
----------------- testing Fri Oct 02 16:17:42 UTC 2020 /home/travis/build/icyphy/ptII/ptolemy/domains/sdf/test/auto/relationGroup10.xml
----------------- Instantiating /home/travis/build/icyphy/ptII/ptolemy/domains/sdf/test/auto/relationGroup10.xml
2 ms. Memory: 342016K Free: 270630K (79%)
----------------- Invoking toplevel() on ptolemy.moml.MoMLSimpleApplication@377ae972
----------------- Done invoking toplevel() on ptolemy.moml.MoMLSimpleApplication@377ae972
reloadAllAccessors: .relationGroup10

===========================================================================================
----------------- testing Fri Oct 02 16:17:42 UTC 2020 /home/travis/build/icyphy/ptII/ptolemy/domains/sdf/test/auto/relationGroup11.xml
----------------- Instantiating /home/travis/build/icyphy/ptII/ptolemy/domains/sdf/test/auto/relationGroup11.xml
2 ms. Memory: 342016K Free: 267044K (78%)
----------------- Invoking toplevel() on ptolemy.moml.MoMLSimpleApplication@3ae09315
----------------- Done invoking toplevel() on ptolemy.moml.MoMLSimpleApplication@3ae09315
reloadAllAccessors: .relationGroup11

===========================================================================================
----------------- testing Fri Oct 02 16:17:42 UTC 2020 /home/travis/build/icyphy/ptII/ptolemy/domains/sdf/test/auto/relationGroup12.xml
----------------- Instantiating /home/travis/build/icyphy/ptII/ptolemy/domains/sdf/test/auto/relationGroup12.xml
2 ms. Memory: 342016K Free: 263462K (77%)
----------------- Invoking toplevel() on ptolemy.moml.MoMLSimpleApplication@18a6ba22
----------------- Done invoking toplevel() on ptolemy.moml.MoMLSimpleApplication@18a6ba22
reloadAllAccessors: .relationGroup12

===========================================================================================
----------------- testing Fri Oct 02 16:17:42 UTC 2020 /home/travis/build/icyphy/ptII/ptolemy/domains/sdf/test/auto/relationGroup13.xml
----------------- Instantiating /home/travis/build/icyphy/ptII/ptolemy/domains/sdf/test/auto/relationGroup13.xml
12 ms. Memory: 342016K Free: 258852K (76%)
----------------- Invoking toplevel() on ptolemy.moml.MoMLSimpleApplication@627e067c
----------------- Done invoking toplevel() on ptolemy.moml.MoMLSimpleApplication@627e067c
reloadAllAccessors: .relationGroup13

===========================================================================================
----------------- testing Fri Oct 02 16:17:42 UTC 2020 /home/travis/build/icyphy/ptII/ptolemy/domains/sdf/test/auto/relationGroup14.xml
----------------- Instantiating /home/travis/build/icyphy/ptII/ptolemy/domains/sdf/test/auto/relationGroup14.xml
3 ms. Memory: 342016K Free: 254246K (74%)
----------------- Invoking toplevel() on ptolemy.moml.MoMLSimpleApplication@49b1d537
----------------- Done invoking toplevel() on ptolemy.moml.MoMLSimpleApplication@49b1d537
reloadAllAccessors: .relationGroup14

===========================================================================================
----------------- testing Fri Oct 02 16:17:42 UTC 2020 /home/travis/build/icyphy/ptII/ptolemy/domains/sdf/test/auto/relationGroup15.xml
----------------- Instantiating /home/travis/build/icyphy/ptII/ptolemy/domains/sdf/test/auto/relationGroup15.xml
2 ms. Memory: 342016K Free: 250660K (73%)
----------------- Invoking toplevel() on ptolemy.moml.MoMLSimpleApplication@7d0f1cdc
----------------- Done invoking toplevel() on ptolemy.moml.MoMLSimpleApplication@7d0f1cdc
reloadAllAccessors: .relationGroup15

===========================================================================================
----------------- testing Fri Oct 02 16:17:42 UTC 2020 /home/travis/build/icyphy/ptII/ptolemy/domains/sdf/test/auto/relationGroup2.xml
----------------- Instantiating /home/travis/build/icyphy/ptII/ptolemy/domains/sdf/test/auto/relationGroup2.xml
2 ms. Memory: 342016K Free: 247588K (72%)
----------------- Invoking toplevel() on ptolemy.moml.MoMLSimpleApplication@56433312
----------------- Done invoking toplevel() on ptolemy.moml.MoMLSimpleApplication@56433312
reloadAllAccessors: .relationGroup2

===========================================================================================
----------------- testing Fri Oct 02 16:17:42 UTC 2020 /home/travis/build/icyphy/ptII/ptolemy/domains/sdf/test/auto/relationGroup3.xml
----------------- Instantiating /home/travis/build/icyphy/ptII/ptolemy/domains/sdf/test/auto/relationGroup3.xml
2 ms. Memory: 342016K Free: 244516K (71%)
----------------- Invoking toplevel() on ptolemy.moml.MoMLSimpleApplication@403136c6
----------------- Done invoking toplevel() on ptolemy.moml.MoMLSimpleApplication@403136c6
reloadAllAccessors: .relationGroup3

===========================================================================================
----------------- testing Fri Oct 02 16:17:42 UTC 2020 /home/travis/build/icyphy/ptII/ptolemy/domains/sdf/test/auto/relationGroup4.xml
----------------- Instantiating /home/travis/build/icyphy/ptII/ptolemy/domains/sdf/test/auto/relationGroup4.xml
7 ms. Memory: 342016K Free: 239910K (70%)
----------------- Invoking toplevel() on ptolemy.moml.MoMLSimpleApplication@6d6c92ce
----------------- Done invoking toplevel() on ptolemy.moml.MoMLSimpleApplication@6d6c92ce
reloadAllAccessors: .relationGroup4

===========================================================================================
----------------- testing Fri Oct 02 16:17:42 UTC 2020 /home/travis/build/icyphy/ptII/ptolemy/domains/sdf/test/auto/relationGroup5.xml
----------------- Instantiating /home/travis/build/icyphy/ptII/ptolemy/domains/sdf/test/auto/relationGroup5.xml
3 ms. Memory: 342016K Free: 235814K (69%)
----------------- Invoking toplevel() on ptolemy.moml.MoMLSimpleApplication@f10b896
----------------- Done invoking toplevel() on ptolemy.moml.MoMLSimpleApplication@f10b896
reloadAllAccessors: .relationGroup5

===========================================================================================
----------------- testing Fri Oct 02 16:17:42 UTC 2020 /home/travis/build/icyphy/ptII/ptolemy/domains/sdf/test/auto/relationGroup6.xml
----------------- Instantiating /home/travis/build/icyphy/ptII/ptolemy/domains/sdf/test/auto/relationGroup6.xml
4 ms. Memory: 342016K Free: 231718K (68%)
----------------- Invoking toplevel() on ptolemy.moml.MoMLSimpleApplication@27812af3
----------------- Done invoking toplevel() on ptolemy.moml.MoMLSimpleApplication@27812af3
reloadAllAccessors: .relationGroup6

===========================================================================================
----------------- testing Fri Oct 02 16:17:42 UTC 2020 /home/travis/build/icyphy/ptII/ptolemy/domains/sdf/test/auto/relationGroup7.xml
----------------- Instantiating /home/travis/build/icyphy/ptII/ptolemy/domains/sdf/test/auto/relationGroup7.xml
2 ms. Memory: 342016K Free: 228646K (67%)
----------------- Invoking toplevel() on ptolemy.moml.MoMLSimpleApplication@45922f6
----------------- Done invoking toplevel() on ptolemy.moml.MoMLSimpleApplication@45922f6
reloadAllAccessors: .relationGroup7

===========================================================================================
----------------- testing Fri Oct 02 16:17:42 UTC 2020 /home/travis/build/icyphy/ptII/ptolemy/domains/sdf/test/auto/relationGroup8.xml
----------------- Instantiating /home/travis/build/icyphy/ptII/ptolemy/domains/sdf/test/auto/relationGroup8.xml
2 ms. Memory: 342016K Free: 225574K (66%)
----------------- Invoking toplevel() on ptolemy.moml.MoMLSimpleApplication@3b9c1e14
----------------- Done invoking toplevel() on ptolemy.moml.MoMLSimpleApplication@3b9c1e14
reloadAllAccessors: .relationGroup8

===========================================================================================
----------------- testing Fri Oct 02 16:17:42 UTC 2020 /home/travis/build/icyphy/ptII/ptolemy/domains/sdf/test/auto/relationGroup9.xml
----------------- Instantiating /home/travis/build/icyphy/ptII/ptolemy/domains/sdf/test/auto/relationGroup9.xml
3 ms. Memory: 342016K Free: 220964K (65%)
----------------- Invoking toplevel() on ptolemy.moml.MoMLSimpleApplication@59b60ca8
----------------- Done invoking toplevel() on ptolemy.moml.MoMLSimpleApplication@59b60ca8
reloadAllAccessors: .relationGroup9

===========================================================================================
----------------- testing Fri Oct 02 16:17:42 UTC 2020 /home/travis/build/icyphy/ptII/ptolemy/domains/sdf/test/auto/sdf_inside_de.xml
----------------- Instantiating /home/travis/build/icyphy/ptII/ptolemy/domains/sdf/test/auto/sdf_inside_de.xml
13 ms. Memory: 342016K Free: 212262K (62%)
----------------- Invoking toplevel() on ptolemy.moml.MoMLSimpleApplication@5b3e1dae
----------------- Done invoking toplevel() on ptolemy.moml.MoMLSimpleApplication@5b3e1dae
reloadAllAccessors: .sdf_inside_de

===========================================================================================
----------------- testing Fri Oct 02 16:17:42 UTC 2020 /home/travis/build/icyphy/ptII/ptolemy/domains/sdf/test/auto/sdf_inside_pn.xml
----------------- Instantiating /home/travis/build/icyphy/ptII/ptolemy/domains/sdf/test/auto/sdf_inside_pn.xml
28 ms. Memory: 342016K Free: 203556K (60%)
----------------- Invoking toplevel() on ptolemy.moml.MoMLSimpleApplication@6dd47f34
----------------- Done invoking toplevel() on ptolemy.moml.MoMLSimpleApplication@6dd47f34
reloadAllAccessors: .sdf_inside_pn

===========================================================================================
----------------- testing Fri Oct 02 16:17:42 UTC 2020 /home/travis/build/icyphy/ptII/ptolemy/domains/sdf/test/auto/sdf_sdf1.xml
----------------- Instantiating /home/travis/build/icyphy/ptII/ptolemy/domains/sdf/test/auto/sdf_sdf1.xml
4 ms. Memory: 342016K Free: 197926K (58%)
----------------- Invoking toplevel() on ptolemy.moml.MoMLSimpleApplication@bc1cc8a
----------------- Done invoking toplevel() on ptolemy.moml.MoMLSimpleApplication@bc1cc8a
reloadAllAccessors: .sdf_sdf1

===========================================================================================
----------------- testing Fri Oct 02 16:17:42 UTC 2020 /home/travis/build/icyphy/ptII/ptolemy/domains/sdf/test/auto/test1.xml
----------------- Instantiating /home/travis/build/icyphy/ptII/ptolemy/domains/sdf/test/auto/test1.xml
3 ms. Memory: 342016K Free: 192806K (56%)
----------------- Invoking toplevel() on ptolemy.moml.MoMLSimpleApplication@67df66fa
----------------- Done invoking toplevel() on ptolemy.moml.MoMLSimpleApplication@67df66fa
reloadAllAccessors: .test1

===========================================================================================
----------------- testing Fri Oct 02 16:17:42 UTC 2020 /home/travis/build/icyphy/ptII/ptolemy/domains/sdf/test/auto/time1.xml
----------------- Instantiating /home/travis/build/icyphy/ptII/ptolemy/domains/sdf/test/auto/time1.xml
2 ms. Memory: 342016K Free: 189220K (55%)
----------------- Invoking toplevel() on ptolemy.moml.MoMLSimpleApplication@341639f8
----------------- Done invoking toplevel() on ptolemy.moml.MoMLSimpleApplication@341639f8
reloadAllAccessors: .time1

===========================================================================================
----------------- testing Fri Oct 02 16:17:42 UTC 2020 /home/travis/build/icyphy/ptII/ptolemy/domains/sdf/test/auto/time2.xml
----------------- Instantiating /home/travis/build/icyphy/ptII/ptolemy/domains/sdf/test/auto/time2.xml
2 ms. Memory: 342016K Free: 185638K (54%)
----------------- Invoking toplevel() on ptolemy.moml.MoMLSimpleApplication@53ac933
----------------- Done invoking toplevel() on ptolemy.moml.MoMLSimpleApplication@53ac933
reloadAllAccessors: .time2

===========================================================================================
----------------- testing Fri Oct 02 16:17:42 UTC 2020 /home/travis/build/icyphy/ptII/ptolemy/domains/sdf/test/auto/time3.xml
----------------- Instantiating /home/travis/build/icyphy/ptII/ptolemy/domains/sdf/test/auto/time3.xml
6 ms. Memory: 342016K Free: 180518K (53%)
----------------- Invoking toplevel() on ptolemy.moml.MoMLSimpleApplication@7c03c461
----------------- Done invoking toplevel() on ptolemy.moml.MoMLSimpleApplication@7c03c461
reloadAllAccessors: .time3

===========================================================================================
----------------- testing Fri Oct 02 16:17:42 UTC 2020 /home/travis/build/icyphy/ptII/ptolemy/domains/sdf/test/auto/time4.xml
----------------- Instantiating /home/travis/build/icyphy/ptII/ptolemy/domains/sdf/test/auto/time4.xml
6 ms. Memory: 342016K Free: 174870K (51%)
----------------- Invoking toplevel() on ptolemy.moml.MoMLSimpleApplication@8f4c3b4
----------------- Done invoking toplevel() on ptolemy.moml.MoMLSimpleApplication@8f4c3b4
reloadAllAccessors: .time4

===========================================================================================
----------------- testing Fri Oct 02 16:17:42 UTC 2020 /home/travis/build/icyphy/ptII/ptolemy/domains/sdf/test/auto/time5.xml
----------------- Instantiating /home/travis/build/icyphy/ptII/ptolemy/domains/sdf/test/auto/time5.xml
4003 ms. Memory: 342016K Free: 171302K (50%)
----------------- Invoking toplevel() on ptolemy.moml.MoMLSimpleApplication@64c8f6be
----------------- Done invoking toplevel() on ptolemy.moml.MoMLSimpleApplication@64c8f6be
reloadAllAccessors: .time5

===========================================================================================
----------------- testing Fri Oct 02 16:17:46 UTC 2020 /home/travis/build/icyphy/ptII/ptolemy/domains/sdf/test/auto/typeSystem_Const_Integer_smallest_Type.xml
----------------- Instantiating /home/travis/build/icyphy/ptII/ptolemy/domains/sdf/test/auto/typeSystem_Const_Integer_smallest_Type.xml
6 ms. Memory: 342016K Free: 166692K (49%)
----------------- Invoking toplevel() on ptolemy.moml.MoMLSimpleApplication@3cf357a6
----------------- Done invoking toplevel() on ptolemy.moml.MoMLSimpleApplication@3cf357a6
reloadAllAccessors: .typeSystem_Const_Integer_smallest_Type

===========================================================================================
----------------- testing Fri Oct 02 16:17:46 UTC 2020 /home/travis/build/icyphy/ptII/ptolemy/domains/sdf/test/auto/typeSystem_declared_Inports_OutportTypeException.xml
----------------- Instantiating /home/travis/build/icyphy/ptII/ptolemy/domains/sdf/test/auto/typeSystem_declared_Inports_OutportTypeException.xml
.typeSystem_declared_Inports_OutportTypeException.TestExceptionAttribute: initialize() was not invoked, but wrapup() was.  This is unusual, but not always a problem.  For example, exporting JNLP will do this.
5 ms. Memory: 342016K Free: 162596K (48%)
----------------- Invoking toplevel() on ptolemy.moml.MoMLSimpleApplication@5ff7b59d
----------------- Done invoking toplevel() on ptolemy.moml.MoMLSimpleApplication@5ff7b59d
reloadAllAccessors: .typeSystem_declared_Inports_OutportTypeException

===========================================================================================
----------------- testing Fri Oct 02 16:17:46 UTC 2020 /home/travis/build/icyphy/ptII/ptolemy/domains/sdf/test/auto/typeSystem_oneDeclaredInportType_wrongTypeOutport.xml
----------------- Instantiating /home/travis/build/icyphy/ptII/ptolemy/domains/sdf/test/auto/typeSystem_oneDeclaredInportType_wrongTypeOutport.xml
3 ms. Memory: 342016K Free: 158500K (46%)
----------------- Invoking toplevel() on ptolemy.moml.MoMLSimpleApplication@5f44fd5a
----------------- Done invoking toplevel() on ptolemy.moml.MoMLSimpleApplication@5f44fd5a
reloadAllAccessors: .typeSystem_oneDeclaredInportType_wrongTypeOutport

===========================================================================================
----------------- testing Fri Oct 02 16:17:46 UTC 2020 /home/travis/build/icyphy/ptII/ptolemy/domains/sdf/test/auto/width.xml
----------------- Instantiating /home/travis/build/icyphy/ptII/ptolemy/domains/sdf/test/auto/width.xml
2 ms. Memory: 342016K Free: 154918K (45%)
----------------- Invoking toplevel() on ptolemy.moml.MoMLSimpleApplication@384389be
----------------- Done invoking toplevel() on ptolemy.moml.MoMLSimpleApplication@384389be
reloadAllAccessors: .width

===========================================================================================
----------------- testing Fri Oct 02 16:17:46 UTC 2020 /home/travis/build/icyphy/ptII/ptolemy/domains/sdf/test/auto/width2.xml
----------------- Instantiating /home/travis/build/icyphy/ptII/ptolemy/domains/sdf/test/auto/width2.xml
34 ms. Memory: 342016K Free: 149798K (44%)
----------------- Invoking toplevel() on ptolemy.moml.MoMLSimpleApplication@374d3a8d
----------------- Done invoking toplevel() on ptolemy.moml.MoMLSimpleApplication@374d3a8d
reloadAllAccessors: .width2

===========================================================================================
----------------- testing Fri Oct 02 16:17:46 UTC 2020 /home/travis/build/icyphy/ptII/ptolemy/domains/sdf/test/auto/width3.xml
----------------- Instantiating /home/travis/build/icyphy/ptII/ptolemy/domains/sdf/test/auto/width3.xml
24 ms. Memory: 342016K Free: 144678K (42%)
----------------- Invoking toplevel() on ptolemy.moml.MoMLSimpleApplication@2c94f4cc
----------------- Done invoking toplevel() on ptolemy.moml.MoMLSimpleApplication@2c94f4cc
reloadAllAccessors: .width3
AutoTests.java: About to close Vertx.
AutoTests.java: Vertx closed.
]]></system-out>
  <system-err><![CDATA[java.lang.RuntimeException: Execution failed
	at ptolemy.moml.MoMLSimpleApplication$UnloadThread.run(MoMLSimpleApplication.java:402)
Caused by: ptolemy.actor.sched.NotSchedulableException: No solution exists for the balance equations.
Graph is not consistent under the SDF domain detected on external port .rateConsistency.actor.port2
  in .rateConsistency.SDF Director.Scheduler
	at ptolemy.domains.sdf.kernel.SDFScheduler._propagatePort(SDFScheduler.java:1425)
	at ptolemy.domains.sdf.kernel.SDFScheduler._solveBalanceEquations(SDFScheduler.java:710)
	at ptolemy.domains.sdf.kernel.SDFScheduler._getSchedule(SDFScheduler.java:566)
	at ptolemy.actor.sched.Scheduler.getSchedule(Scheduler.java:189)
	at ptolemy.domains.sdf.kernel.SDFDirector.createSchedule(SDFDirector.java:408)
	at ptolemy.domains.sdf.kernel.SDFDirector.preinitialize(SDFDirector.java:764)
	at ptolemy.actor.CompositeActor.preinitialize(CompositeActor.java:1828)
	at ptolemy.actor.Manager.preinitializeAndResolveTypes(Manager.java:1040)
	at ptolemy.actor.Manager.initialize(Manager.java:710)
	at ptolemy.actor.Manager.execute(Manager.java:356)
	at ptolemy.actor.Manager.run(Manager.java:1263)
	at ptolemy.actor.Manager$PtolemyRunThread.run(Manager.java:1933)
java.lang.RuntimeException: Execution failed
	at ptolemy.moml.MoMLSimpleApplication$UnloadThread.run(MoMLSimpleApplication.java:402)
Caused by: ptolemy.kernel.util.IllegalActionException: Failed to compute schedule:
  in .badRateChanges.typed composite actor.SDF Director
Because:
The SDF rate parameter may change. This is not allowed in SDF models that will be run through the code generator.  If you don't care about code generation, then you might consider setting the allowRateChanges parameter of the SDF director to false.
  in .badRateChanges.typed composite actor.Repeat.output.tokenProductionRate
	at ptolemy.domains.sdf.kernel.SDFDirector.createSchedule(SDFDirector.java:418)
	at ptolemy.domains.sdf.kernel.SDFDirector.preinitialize(SDFDirector.java:764)
	at ptolemy.actor.CompositeActor.preinitialize(CompositeActor.java:1828)
	at ptolemy.actor.Director.preinitialize(Director.java:1302)
	at ptolemy.actor.Director.preinitialize(Director.java:1257)
	at ptolemy.domains.sdf.kernel.SDFDirector.preinitialize(SDFDirector.java:763)
	at ptolemy.actor.CompositeActor.preinitialize(CompositeActor.java:1828)
	at ptolemy.actor.Manager.preinitializeAndResolveTypes(Manager.java:1040)
	at ptolemy.actor.Manager.initialize(Manager.java:710)
	at ptolemy.actor.Manager.execute(Manager.java:356)
	at ptolemy.actor.Manager.run(Manager.java:1263)
	at ptolemy.actor.Manager$PtolemyRunThread.run(Manager.java:1933)
Caused by: ptolemy.kernel.util.IllegalActionException: The SDF rate parameter may change. This is not allowed in SDF models that will be run through the code generator.  If you don't care about code generation, then you might consider setting the allowRateChanges parameter of the SDF director to false.
  in .badRateChanges.typed composite actor.Repeat.output.tokenProductionRate
	at ptolemy.domains.sdf.kernel.SDFScheduler._assertDynamicRateVariable(SDFScheduler.java:931)
	at ptolemy.domains.sdf.kernel.SDFScheduler._checkDynamicRateVariables(SDFScheduler.java:339)
	at ptolemy.domains.sdf.kernel.SDFScheduler._getSchedule(SDFScheduler.java:527)
	at ptolemy.actor.sched.Scheduler.getSchedule(Scheduler.java:189)
	at ptolemy.domains.sdf.kernel.SDFDirector.createSchedule(SDFDirector.java:408)
	... 11 more
java.lang.RuntimeException: Execution failed
	at ptolemy.moml.MoMLSimpleApplication$UnloadThread.run(MoMLSimpleApplication.java:402)
Caused by: ptolemy.kernel.util.IllegalActionException: Failed to compute schedule:
  in .badRateChanges2.typed composite actor.SDF Director
Because:
The SDF rate parameter may change. This is not allowed in SDF models that will be run through the code generator.  If you don't care about code generation, then you might consider setting the allowRateChanges parameter of the SDF director to false.
  in .badRateChanges2.typed composite actor.Repeat.output.tokenProductionRate
	at ptolemy.domains.sdf.kernel.SDFDirector.createSchedule(SDFDirector.java:418)
	at ptolemy.domains.sdf.kernel.SDFDirector.preinitialize(SDFDirector.java:764)
	at ptolemy.actor.CompositeActor.preinitialize(CompositeActor.java:1828)
	at ptolemy.actor.Director.preinitialize(Director.java:1302)
	at ptolemy.actor.Director.preinitialize(Director.java:1257)
	at ptolemy.domains.sdf.kernel.SDFDirector.preinitialize(SDFDirector.java:763)
	at ptolemy.actor.CompositeActor.preinitialize(CompositeActor.java:1828)
	at ptolemy.actor.Manager.preinitializeAndResolveTypes(Manager.java:1040)
	at ptolemy.actor.Manager.initialize(Manager.java:710)
	at ptolemy.actor.Manager.execute(Manager.java:356)
	at ptolemy.actor.Manager.run(Manager.java:1263)
	at ptolemy.actor.Manager$PtolemyRunThread.run(Manager.java:1933)
Caused by: ptolemy.kernel.util.IllegalActionException: The SDF rate parameter may change. This is not allowed in SDF models that will be run through the code generator.  If you don't care about code generation, then you might consider setting the allowRateChanges parameter of the SDF director to false.
  in .badRateChanges2.typed composite actor.Repeat.output.tokenProductionRate
	at ptolemy.domains.sdf.kernel.SDFScheduler._assertDynamicRateVariable(SDFScheduler.java:931)
	at ptolemy.domains.sdf.kernel.SDFScheduler._checkDynamicRateVariables(SDFScheduler.java:339)
	at ptolemy.domains.sdf.kernel.SDFScheduler._getSchedule(SDFScheduler.java:527)
	at ptolemy.actor.sched.Scheduler.getSchedule(Scheduler.java:189)
	at ptolemy.domains.sdf.kernel.SDFDirector.createSchedule(SDFDirector.java:408)
	... 11 more
java.lang.RuntimeException: Execution failed
	at ptolemy.moml.MoMLSimpleApplication$UnloadThread.run(MoMLSimpleApplication.java:402)
Caused by: ptolemy.actor.sched.NotSchedulableException: Actors remain that cannot be scheduled!

There are several possible reasons:
* SDF Graphs with feedback loops should have an actor with a delay in the loop, such as a SampleDelay.
* The SDF director has an "allowDisconnectedGraphs"parameter, which, when true, permits disconnected SDF graphs.
* The token consumption rate and production rates might be mismatched.
Usually, actors produce one token or consume one token on a port.  To produce or consume multiple tokens per firing, add a "tokenConsumptionRate" or "tokenProductionRate" parameter to the appropriate port.
Unscheduled actors:
.partiallyConnected.Const2 
Scheduled actors:
.partiallyConnected.Const 
  in .partiallyConnected.SDF Director.Scheduler
	at ptolemy.domains.sdf.kernel.SDFScheduler._scheduleConnectedActors(SDFScheduler.java:1828)
	at ptolemy.domains.sdf.kernel.SDFScheduler._getSchedule(SDFScheduler.java:587)
	at ptolemy.actor.sched.Scheduler.getSchedule(Scheduler.java:189)
	at ptolemy.domains.sdf.kernel.SDFDirector.createSchedule(SDFDirector.java:408)
	at ptolemy.domains.sdf.kernel.SDFDirector.preinitialize(SDFDirector.java:764)
	at ptolemy.actor.CompositeActor.preinitialize(CompositeActor.java:1828)
	at ptolemy.actor.Manager.preinitializeAndResolveTypes(Manager.java:1040)
	at ptolemy.actor.Manager.initialize(Manager.java:710)
	at ptolemy.actor.Manager.execute(Manager.java:356)
	at ptolemy.actor.Manager.run(Manager.java:1263)
	at ptolemy.actor.Manager$PtolemyRunThread.run(Manager.java:1933)
]]></system-err>
</testsuite>
