<?xml version="1.0" encoding="UTF-8" ?>
<testsuite errors="0" failures="0" hostname="travis-job-d7c6a23c-a6d8-4867-b75e-6a5a88ef8500" name="ptolemy.domains.continuous.test.junit.JUnitTclTest" skipped="0" tests="156" time="70.282" timestamp="2020-09-24T16:08:44">
  <properties>
[...]
</properties>
  <testcase classname="ptolemy.util.test.junit.TclTests" name="[0] ThereAreNoTclTests (RunTclFile)" time="0.008" />
  <testcase classname="ptolemy.util.test.junit.AutoKnownFailedTests" name="[0] ThereAreNoKnowFailedTests (RunModel)" time="0.005" />
  <testcase classname="ptolemy.util.test.junit.AutoNameArchTests" name="[0] ThereAreNoAutoArchTests (RunModel)" time="0.01" />
  <testcase classname="ptolemy.util.test.junit.AutoTests" name="[0] /home/travis/build/icyphy/ptII/ptolemy/domains/continuous/test/auto/BouncingBall.xml (RunModel)" time="2.976" />
  <testcase classname="ptolemy.util.test.junit.AutoTests" name="[1] /home/travis/build/icyphy/ptII/ptolemy/domains/continuous/test/auto/BouncingBallWithoutGR.xml (RunModel)" time="0.945" />
  <testcase classname="ptolemy.util.test.junit.AutoTests" name="[2] /home/travis/build/icyphy/ptII/ptolemy/domains/continuous/test/auto/Brownian.xml (RunModel)" time="0.103" />
  <testcase classname="ptolemy.util.test.junit.AutoTests" name="[3] /home/travis/build/icyphy/ptII/ptolemy/domains/continuous/test/auto/CarTracking.xml (RunModel)" time="3.781" />
  <testcase classname="ptolemy.util.test.junit.AutoTests" name="[4] /home/travis/build/icyphy/ptII/ptolemy/domains/continuous/test/auto/CartPendulum.xml (RunModel)" time="0.476" />
  <testcase classname="ptolemy.util.test.junit.AutoTests" name="[5] /home/travis/build/icyphy/ptII/ptolemy/domains/continuous/test/auto/CausalityInterface10.xml (RunModel)" time="0.061" />
  <testcase classname="ptolemy.util.test.junit.AutoTests" name="[6] /home/travis/build/icyphy/ptII/ptolemy/domains/continuous/test/auto/CausalityInterface11.xml (RunModel)" time="0.031" />
  <testcase classname="ptolemy.util.test.junit.AutoTests" name="[7] /home/travis/build/icyphy/ptII/ptolemy/domains/continuous/test/auto/CausalityInterface12.xml (RunModel)" time="0.038" />
  <testcase classname="ptolemy.util.test.junit.AutoTests" name="[8] /home/travis/build/icyphy/ptII/ptolemy/domains/continuous/test/auto/CausalityInterface13.xml (RunModel)" time="0.035" />
  <testcase classname="ptolemy.util.test.junit.AutoTests" name="[9] /home/travis/build/icyphy/ptII/ptolemy/domains/continuous/test/auto/CausalityInterface14.xml (RunModel)" time="0.024" />
  <testcase classname="ptolemy.util.test.junit.AutoTests" name="[10] /home/travis/build/icyphy/ptII/ptolemy/domains/continuous/test/auto/CausalityInterface4.xml (RunModel)" time="0.024" />
  <testcase classname="ptolemy.util.test.junit.AutoTests" name="[11] /home/travis/build/icyphy/ptII/ptolemy/domains/continuous/test/auto/CausalityInterface5.xml (RunModel)" time="0.027" />
  <testcase classname="ptolemy.util.test.junit.AutoTests" name="[12] /home/travis/build/icyphy/ptII/ptolemy/domains/continuous/test/auto/CausalityInterface6.xml (RunModel)" time="0.026" />
  <testcase classname="ptolemy.util.test.junit.AutoTests" name="[13] /home/travis/build/icyphy/ptII/ptolemy/domains/continuous/test/auto/CausalityInterface7.xml (RunModel)" time="0.042" />
  <testcase classname="ptolemy.util.test.junit.AutoTests" name="[14] /home/travis/build/icyphy/ptII/ptolemy/domains/continuous/test/auto/CausalityInterface8.xml (RunModel)" time="0.036" />
  <testcase classname="ptolemy.util.test.junit.AutoTests" name="[15] /home/travis/build/icyphy/ptII/ptolemy/domains/continuous/test/auto/CausalityInterface9.xml (RunModel)" time="0.054" />
  <testcase classname="ptolemy.util.test.junit.AutoTests" name="[16] /home/travis/build/icyphy/ptII/ptolemy/domains/continuous/test/auto/CausalityInterfaceFeedback1.xml (RunModel)" time="0.029" />
  <testcase classname="ptolemy.util.test.junit.AutoTests" name="[17] /home/travis/build/icyphy/ptII/ptolemy/domains/continuous/test/auto/CausalityInterfaceFeedback2.xml (RunModel)" time="0.034" />
  <testcase classname="ptolemy.util.test.junit.AutoTests" name="[18] /home/travis/build/icyphy/ptII/ptolemy/domains/continuous/test/auto/CompareWithCurrentTime.xml (RunModel)" time="0.017" />
  <testcase classname="ptolemy.util.test.junit.AutoTests" name="[19] /home/travis/build/icyphy/ptII/ptolemy/domains/continuous/test/auto/ComparedClocks.xml (RunModel)" time="0.072" />
  <testcase classname="ptolemy.util.test.junit.AutoTests" name="[20] /home/travis/build/icyphy/ptII/ptolemy/domains/continuous/test/auto/ContinuousAOCClone.xml (RunModel)" time="2.41" />
  <testcase classname="ptolemy.util.test.junit.AutoTests" name="[21] /home/travis/build/icyphy/ptII/ptolemy/domains/continuous/test/auto/ContinuousClock.xml (RunModel)" time="0.111" />
  <testcase classname="ptolemy.util.test.junit.AutoTests" name="[22] /home/travis/build/icyphy/ptII/ptolemy/domains/continuous/test/auto/ContinuousInContinuous.xml (RunModel)" time="0.088" />
  <testcase classname="ptolemy.util.test.junit.AutoTests" name="[23] /home/travis/build/icyphy/ptII/ptolemy/domains/continuous/test/auto/ContinuousInContinuousInContinuous.xml (RunModel)" time="0.02" />
  <testcase classname="ptolemy.util.test.junit.AutoTests" name="[24] /home/travis/build/icyphy/ptII/ptolemy/domains/continuous/test/auto/ContinuousInDE.xml (RunModel)" time="0.113" />
  <testcase classname="ptolemy.util.test.junit.AutoTests" name="[25] /home/travis/build/icyphy/ptII/ptolemy/domains/continuous/test/auto/ContinuousInDE2.xml (RunModel)" time="0.058" />
  <testcase classname="ptolemy.util.test.junit.AutoTests" name="[26] /home/travis/build/icyphy/ptII/ptolemy/domains/continuous/test/auto/ContinuousInDE3.xml (RunModel)" time="0.042" />
  <testcase classname="ptolemy.util.test.junit.AutoTests" name="[27] /home/travis/build/icyphy/ptII/ptolemy/domains/continuous/test/auto/ContinuousInDE4.xml (RunModel)" time="0.037" />
  <testcase classname="ptolemy.util.test.junit.AutoTests" name="[28] /home/travis/build/icyphy/ptII/ptolemy/domains/continuous/test/auto/ContinuousInDEDifferentRefinements.xml (RunModel)" time="0.108" />
  <testcase classname="ptolemy.util.test.junit.AutoTests" name="[29] /home/travis/build/icyphy/ptII/ptolemy/domains/continuous/test/auto/ContinuousInDEDifferentRefinementsPreemptive.xml (RunModel)" time="0.096" />
  <testcase classname="ptolemy.util.test.junit.AutoTests" name="[30] /home/travis/build/icyphy/ptII/ptolemy/domains/continuous/test/auto/ContinuousInDEInContinuous2.xml (RunModel)" time="0.063" />
  <testcase classname="ptolemy.util.test.junit.AutoTests" name="[31] /home/travis/build/icyphy/ptII/ptolemy/domains/continuous/test/auto/ContinuousInDEInContinuous3.xml (RunModel)" time="0.061" />
  <testcase classname="ptolemy.util.test.junit.AutoTests" name="[32] /home/travis/build/icyphy/ptII/ptolemy/domains/continuous/test/auto/ContinuousInDEInput.xml (RunModel)" time="0.034" />
  <testcase classname="ptolemy.util.test.junit.AutoTests" name="[33] /home/travis/build/icyphy/ptII/ptolemy/domains/continuous/test/auto/ContinuousInDEInput2.xml (RunModel)" time="0.036" />
  <testcase classname="ptolemy.util.test.junit.AutoTests" name="[34] /home/travis/build/icyphy/ptII/ptolemy/domains/continuous/test/auto/ContinuousInDEInput3.xml (RunModel)" time="0.031" />
  <testcase classname="ptolemy.util.test.junit.AutoTests" name="[35] /home/travis/build/icyphy/ptII/ptolemy/domains/continuous/test/auto/ContinuousInDESharingRefinement.xml (RunModel)" time="0.181" />
  <testcase classname="ptolemy.util.test.junit.AutoTests" name="[36] /home/travis/build/icyphy/ptII/ptolemy/domains/continuous/test/auto/ContinuousInDEwithNoPorts.xml (RunModel)" time="0.019" />
  <testcase classname="ptolemy.util.test.junit.AutoTests" name="[37] /home/travis/build/icyphy/ptII/ptolemy/domains/continuous/test/auto/ContinuousInsideDE.xml (RunModel)" time="0.071" />
  <testcase classname="ptolemy.util.test.junit.AutoTests" name="[38] /home/travis/build/icyphy/ptII/ptolemy/domains/continuous/test/auto/ContinuousMerge1.xml (RunModel)" time="0.015" />
  <testcase classname="ptolemy.util.test.junit.AutoTests" name="[39] /home/travis/build/icyphy/ptII/ptolemy/domains/continuous/test/auto/ContinuousMerge2.xml (RunModel)" time="0.037" />
  <testcase classname="ptolemy.util.test.junit.AutoTests" name="[40] /home/travis/build/icyphy/ptII/ptolemy/domains/continuous/test/auto/ContinuousMerge3.xml (RunModel)" time="0.063" />
  <testcase classname="ptolemy.util.test.junit.AutoTests" name="[41] /home/travis/build/icyphy/ptII/ptolemy/domains/continuous/test/auto/ContinuousWithinContinuous.xml (RunModel)" time="0.055" />
  <testcase classname="ptolemy.util.test.junit.AutoTests" name="[42] /home/travis/build/icyphy/ptII/ptolemy/domains/continuous/test/auto/ContinuousWithinContinuous2.xml (RunModel)" time="0.075" />
  <testcase classname="ptolemy.util.test.junit.AutoTests" name="[43] /home/travis/build/icyphy/ptII/ptolemy/domains/continuous/test/auto/ContinuousWithinContinuous3.xml (RunModel)" time="0.032" />
  <testcase classname="ptolemy.util.test.junit.AutoTests" name="[44] /home/travis/build/icyphy/ptII/ptolemy/domains/continuous/test/auto/ContinuousWithinContinuous4.xml (RunModel)" time="0.071" />
  <testcase classname="ptolemy.util.test.junit.AutoTests" name="[45] /home/travis/build/icyphy/ptII/ptolemy/domains/continuous/test/auto/ContinuousWithinContinuous5.xml (RunModel)" time="0.03" />
  <testcase classname="ptolemy.util.test.junit.AutoTests" name="[46] /home/travis/build/icyphy/ptII/ptolemy/domains/continuous/test/auto/ContinuousWithinContinuous6.xml (RunModel)" time="0.03" />
  <testcase classname="ptolemy.util.test.junit.AutoTests" name="[47] /home/travis/build/icyphy/ptII/ptolemy/domains/continuous/test/auto/ContinuousWithinContinuous7.xml (RunModel)" time="0.074" />
  <testcase classname="ptolemy.util.test.junit.AutoTests" name="[48] /home/travis/build/icyphy/ptII/ptolemy/domains/continuous/test/auto/DCMotor.xml (RunModel)" time="14.097" />
  <testcase classname="ptolemy.util.test.junit.AutoTests" name="[49] /home/travis/build/icyphy/ptII/ptolemy/domains/continuous/test/auto/DEInContinuous.xml (RunModel)" time="0.031" />
  <testcase classname="ptolemy.util.test.junit.AutoTests" name="[50] /home/travis/build/icyphy/ptII/ptolemy/domains/continuous/test/auto/DEinContinuous2.xml (RunModel)" time="0.026" />
  <testcase classname="ptolemy.util.test.junit.AutoTests" name="[51] /home/travis/build/icyphy/ptII/ptolemy/domains/continuous/test/auto/Derivative.xml (RunModel)" time="0.184" />
  <testcase classname="ptolemy.util.test.junit.AutoTests" name="[52] /home/travis/build/icyphy/ptII/ptolemy/domains/continuous/test/auto/Derivative1.xml (RunModel)" time="0.048" />
  <testcase classname="ptolemy.util.test.junit.AutoTests" name="[53] /home/travis/build/icyphy/ptII/ptolemy/domains/continuous/test/auto/DiscreteClock.xml (RunModel)" time="0.013" />
  <testcase classname="ptolemy.util.test.junit.AutoTests" name="[54] /home/travis/build/icyphy/ptII/ptolemy/domains/continuous/test/auto/EfficiencyCurve.xml (RunModel)" time="0.11" />
  <testcase classname="ptolemy.util.test.junit.AutoTests" name="[55] /home/travis/build/icyphy/ptII/ptolemy/domains/continuous/test/auto/ExponentialResponse.xml (RunModel)" time="0.114" />
  <testcase classname="ptolemy.util.test.junit.AutoTests" name="[56] /home/travis/build/icyphy/ptII/ptolemy/domains/continuous/test/auto/ExponentialResponseRK45.xml (RunModel)" time="0.032" />
  <testcase classname="ptolemy.util.test.junit.AutoTests" name="[57] /home/travis/build/icyphy/ptII/ptolemy/domains/continuous/test/auto/Friction.xml (RunModel)" time="1.529" />
  <testcase classname="ptolemy.util.test.junit.AutoTests" name="[58] /home/travis/build/icyphy/ptII/ptolemy/domains/continuous/test/auto/FurutaPendulum.xml (RunModel)" time="2.952" />
  <testcase classname="ptolemy.util.test.junit.AutoTests" name="[59] /home/travis/build/icyphy/ptII/ptolemy/domains/continuous/test/auto/HierarchicalExecution.xml (RunModel)" time="1.844" />
  <testcase classname="ptolemy.util.test.junit.AutoTests" name="[60] /home/travis/build/icyphy/ptII/ptolemy/domains/continuous/test/auto/HybridPlant.xml (RunModel)" time="0.594" />
  <testcase classname="ptolemy.util.test.junit.AutoTests" name="[61] /home/travis/build/icyphy/ptII/ptolemy/domains/continuous/test/auto/Hysteresis.xml (RunModel)" time="0.165" />
  <testcase classname="ptolemy.util.test.junit.AutoTests" name="[62] /home/travis/build/icyphy/ptII/ptolemy/domains/continuous/test/auto/HysteresisWithRandomDelay.xml (RunModel)" time="0.192" />
  <testcase classname="ptolemy.util.test.junit.AutoTests" name="[63] /home/travis/build/icyphy/ptII/ptolemy/domains/continuous/test/auto/HysteresisWithRandomLosses.xml (RunModel)" time="2.321" />
  <testcase classname="ptolemy.util.test.junit.AutoTests" name="[64] /home/travis/build/icyphy/ptII/ptolemy/domains/continuous/test/auto/ImmediateTransitions.xml (RunModel)" time="0.038" />
  <testcase classname="ptolemy.util.test.junit.AutoTests" name="[65] /home/travis/build/icyphy/ptII/ptolemy/domains/continuous/test/auto/ImpulseFeedback.xml (RunModel)" time="0.024" />
  <testcase classname="ptolemy.util.test.junit.AutoTests" name="[66] /home/travis/build/icyphy/ptII/ptolemy/domains/continuous/test/auto/ImpulseFeedback2.xml (RunModel)" time="0.017" />
  <testcase classname="ptolemy.util.test.junit.AutoTests" name="[67] /home/travis/build/icyphy/ptII/ptolemy/domains/continuous/test/auto/IncreasingRatePoisson.xml (RunModel)" time="0.718" />
  <testcase classname="ptolemy.util.test.junit.AutoTests" name="[68] /home/travis/build/icyphy/ptII/ptolemy/domains/continuous/test/auto/InitialStateFeedback.xml (RunModel)" time="0.015" />
  <testcase classname="ptolemy.util.test.junit.AutoTests" name="[69] /home/travis/build/icyphy/ptII/ptolemy/domains/continuous/test/auto/Integration.xml (RunModel)" time="0.008" />
  <testcase classname="ptolemy.util.test.junit.AutoTests" name="[70] /home/travis/build/icyphy/ptII/ptolemy/domains/continuous/test/auto/Integration2.xml (RunModel)" time="0.08" />
  <testcase classname="ptolemy.util.test.junit.AutoTests" name="[71] /home/travis/build/icyphy/ptII/ptolemy/domains/continuous/test/auto/Integration3.xml (RunModel)" time="0.02" />
  <testcase classname="ptolemy.util.test.junit.AutoTests" name="[72] /home/travis/build/icyphy/ptII/ptolemy/domains/continuous/test/auto/Integration5.xml (RunModel)" time="0.01" />
  <testcase classname="ptolemy.util.test.junit.AutoTests" name="[73] /home/travis/build/icyphy/ptII/ptolemy/domains/continuous/test/auto/IntegratorImpulse.xml (RunModel)" time="0.009" />
  <testcase classname="ptolemy.util.test.junit.AutoTests" name="[74] /home/travis/build/icyphy/ptII/ptolemy/domains/continuous/test/auto/IntegratorImpulse2.xml (RunModel)" time="0.015" />
  <testcase classname="ptolemy.util.test.junit.AutoTests" name="[75] /home/travis/build/icyphy/ptII/ptolemy/domains/continuous/test/auto/LevelCrossing1.xml (RunModel)" time="0.012" />
  <testcase classname="ptolemy.util.test.junit.AutoTests" name="[76] /home/travis/build/icyphy/ptII/ptolemy/domains/continuous/test/auto/LevelCrossing2.xml (RunModel)" time="0.013" />
  <testcase classname="ptolemy.util.test.junit.AutoTests" name="[77] /home/travis/build/icyphy/ptII/ptolemy/domains/continuous/test/auto/LevelCrossing3.xml (RunModel)" time="0.014" />
  <testcase classname="ptolemy.util.test.junit.AutoTests" name="[78] /home/travis/build/icyphy/ptII/ptolemy/domains/continuous/test/auto/LevelCrossing4.xml (RunModel)" time="0.015" />
  <testcase classname="ptolemy.util.test.junit.AutoTests" name="[79] /home/travis/build/icyphy/ptII/ptolemy/domains/continuous/test/auto/LevelCrossing5.xml (RunModel)" time="0.017" />
  <testcase classname="ptolemy.util.test.junit.AutoTests" name="[80] /home/travis/build/icyphy/ptII/ptolemy/domains/continuous/test/auto/LevelCrossing6.xml (RunModel)" time="0.014" />
  <testcase classname="ptolemy.util.test.junit.AutoTests" name="[81] /home/travis/build/icyphy/ptII/ptolemy/domains/continuous/test/auto/LevelCrossingDetector.xml (RunModel)" time="0.034" />
  <testcase classname="ptolemy.util.test.junit.AutoTests" name="[82] /home/travis/build/icyphy/ptII/ptolemy/domains/continuous/test/auto/LevelCrossingDetectorDetectingDirections.xml (RunModel)" time="0.092" />
  <testcase classname="ptolemy.util.test.junit.AutoTests" name="[83] /home/travis/build/icyphy/ptII/ptolemy/domains/continuous/test/auto/LevelCrossingDetectorDetectsGlitches.xml (RunModel)" time="0.064" />
  <testcase classname="ptolemy.util.test.junit.AutoTests" name="[84] /home/travis/build/icyphy/ptII/ptolemy/domains/continuous/test/auto/LevelCrossingNoInitialOuput.xml (RunModel)" time="0.013" />
  <testcase classname="ptolemy.util.test.junit.AutoTests" name="[85] /home/travis/build/icyphy/ptII/ptolemy/domains/continuous/test/auto/LinearStateSpaceExample.xml (RunModel)" time="0.078" />
  <testcase classname="ptolemy.util.test.junit.AutoTests" name="[86] /home/travis/build/icyphy/ptII/ptolemy/domains/continuous/test/auto/Lorenz.xml (RunModel)" time="3.644" />
  <testcase classname="ptolemy.util.test.junit.AutoTests" name="[87] /home/travis/build/icyphy/ptII/ptolemy/domains/continuous/test/auto/LorenzDifferentialSystem.xml (RunModel)" time="0.766" />
  <testcase classname="ptolemy.util.test.junit.AutoTests" name="[88] /home/travis/build/icyphy/ptII/ptolemy/domains/continuous/test/auto/LorenzDifferentialSystemWithInput.xml (RunModel)" time="1.112" />
  <testcase classname="ptolemy.util.test.junit.AutoTests" name="[89] /home/travis/build/icyphy/ptII/ptolemy/domains/continuous/test/auto/LorenzDifferentialSystemWithTime.xml (RunModel)" time="0.613" />
  <testcase classname="ptolemy.util.test.junit.AutoTests" name="[90] /home/travis/build/icyphy/ptII/ptolemy/domains/continuous/test/auto/Microsteps.xml (RunModel)" time="0.027" />
  <testcase classname="ptolemy.util.test.junit.AutoTests" name="[91] /home/travis/build/icyphy/ptII/ptolemy/domains/continuous/test/auto/Modal1.xml (RunModel)" time="0.035" />
  <testcase classname="ptolemy.util.test.junit.AutoTests" name="[92] /home/travis/build/icyphy/ptII/ptolemy/domains/continuous/test/auto/Modal2.xml (RunModel)" time="0.048" />
  <testcase classname="ptolemy.util.test.junit.AutoTests" name="[93] /home/travis/build/icyphy/ptII/ptolemy/domains/continuous/test/auto/ModalTransitionGuardWithReset.xml (RunModel)" time="0.031" />
  <testcase classname="ptolemy.util.test.junit.AutoTests" name="[94] /home/travis/build/icyphy/ptII/ptolemy/domains/continuous/test/auto/ModalTransitionGuardWithResetUsingPreemptiveTransition.xml (RunModel)" time="0.027" />
  <testcase classname="ptolemy.util.test.junit.AutoTests" name="[95] /home/travis/build/icyphy/ptII/ptolemy/domains/continuous/test/auto/ModalTransitionGuardWithResetUsingPreemptiveTransition2.xml (RunModel)" time="0.034" />
  <testcase classname="ptolemy.util.test.junit.AutoTests" name="[96] /home/travis/build/icyphy/ptII/ptolemy/domains/continuous/test/auto/ModalTransitionGuardWithResetUsingPreemptiveTransition3.xml (RunModel)" time="0.027" />
  <testcase classname="ptolemy.util.test.junit.AutoTests" name="[97] /home/travis/build/icyphy/ptII/ptolemy/domains/continuous/test/auto/NewtonsCradle.xml (RunModel)" time="0.767" />
  <testcase classname="ptolemy.util.test.junit.AutoTests" name="[98] /home/travis/build/icyphy/ptII/ptolemy/domains/continuous/test/auto/NewtonsCradleAnimated.xml (RunModel)" time="1.214" />
  <testcase classname="ptolemy.util.test.junit.AutoTests" name="[99] /home/travis/build/icyphy/ptII/ptolemy/domains/continuous/test/auto/NewtonsCradleComplicated.xml (RunModel)" time="0.941" />
  <testcase classname="ptolemy.util.test.junit.AutoTests" name="[100] /home/travis/build/icyphy/ptII/ptolemy/domains/continuous/test/auto/NewtonsCradleNondeterministic.xml (RunModel)" time="0.605" />
  <testcase classname="ptolemy.util.test.junit.AutoTests" name="[101] /home/travis/build/icyphy/ptII/ptolemy/domains/continuous/test/auto/NewtonsCradlePerfectlyInelastic1.xml (RunModel)" time="1.081" />
  <testcase classname="ptolemy.util.test.junit.AutoTests" name="[102] /home/travis/build/icyphy/ptII/ptolemy/domains/continuous/test/auto/Noise.xml (RunModel)" time="0.202" />
  <testcase classname="ptolemy.util.test.junit.AutoTests" name="[103] /home/travis/build/icyphy/ptII/ptolemy/domains/continuous/test/auto/NoiseSpectrum.xml (RunModel)" time="0.589" />
  <testcase classname="ptolemy.util.test.junit.AutoTests" name="[104] /home/travis/build/icyphy/ptII/ptolemy/domains/continuous/test/auto/ParameterizedNewtonsCradleAnimated.xml (RunModel)" time="0.321" />
  <testcase classname="ptolemy.util.test.junit.AutoTests" name="[105] /home/travis/build/icyphy/ptII/ptolemy/domains/continuous/test/auto/ParameterizedNewtonsCradleAnimatedNondeterministic.xml (RunModel)" time="1.06" />
  <testcase classname="ptolemy.util.test.junit.AutoTests" name="[106] /home/travis/build/icyphy/ptII/ptolemy/domains/continuous/test/auto/Pendulum3D.xml (RunModel)" time="0.156" />
  <testcase classname="ptolemy.util.test.junit.AutoTests" name="[107] /home/travis/build/icyphy/ptII/ptolemy/domains/continuous/test/auto/PeriodicSampler.xml (RunModel)" time="0.011" />
  <testcase classname="ptolemy.util.test.junit.AutoTests" name="[108] /home/travis/build/icyphy/ptII/ptolemy/domains/continuous/test/auto/PeriodicSampler1.xml (RunModel)" time="0.041" />
  <testcase classname="ptolemy.util.test.junit.AutoTests" name="[109] /home/travis/build/icyphy/ptII/ptolemy/domains/continuous/test/auto/PeriodicSampler2.xml (RunModel)" time="0.078" />
  <testcase classname="ptolemy.util.test.junit.AutoTests" name="[110] /home/travis/build/icyphy/ptII/ptolemy/domains/continuous/test/auto/Poisson.xml (RunModel)" time="0.433" />
  <testcase classname="ptolemy.util.test.junit.AutoTests" name="[111] /home/travis/build/icyphy/ptII/ptolemy/domains/continuous/test/auto/PoissonClock.xml (RunModel)" time="0.016" />
  <testcase classname="ptolemy.util.test.junit.AutoTests" name="[112] /home/travis/build/icyphy/ptII/ptolemy/domains/continuous/test/auto/PoissonClock2.xml (RunModel)" time="0.015" />
  <testcase classname="ptolemy.util.test.junit.AutoTests" name="[113] /home/travis/build/icyphy/ptII/ptolemy/domains/continuous/test/auto/PortParameterHierarchy.xml (RunModel)" time="0.022" />
  <testcase classname="ptolemy.util.test.junit.AutoTests" name="[114] /home/travis/build/icyphy/ptII/ptolemy/domains/continuous/test/auto/RandomHybridPlant.xml (RunModel)" time="0.558" />
  <testcase classname="ptolemy.util.test.junit.AutoTests" name="[115] /home/travis/build/icyphy/ptII/ptolemy/domains/continuous/test/auto/ResetTransitionWithStartTime1.xml (RunModel)" time="0.024" />
  <testcase classname="ptolemy.util.test.junit.AutoTests" name="[116] /home/travis/build/icyphy/ptII/ptolemy/domains/continuous/test/auto/ResetTransitionWithStartTime2.xml (RunModel)" time="0.033" />
  <testcase classname="ptolemy.util.test.junit.AutoTests" name="[117] /home/travis/build/icyphy/ptII/ptolemy/domains/continuous/test/auto/ResetTransitionWithStartTime3.xml (RunModel)" time="0.038" />
  <testcase classname="ptolemy.util.test.junit.AutoTests" name="[118] /home/travis/build/icyphy/ptII/ptolemy/domains/continuous/test/auto/ResetTransitionWithStartTime4.xml (RunModel)" time="0.032" />
  <testcase classname="ptolemy.util.test.junit.AutoTests" name="[119] /home/travis/build/icyphy/ptII/ptolemy/domains/continuous/test/auto/ResetTransitionWithStartTime5.xml (RunModel)" time="0.035" />
  <testcase classname="ptolemy.util.test.junit.AutoTests" name="[120] /home/travis/build/icyphy/ptII/ptolemy/domains/continuous/test/auto/ResetTransitionWithStartTime6.xml (RunModel)" time="0.027" />
  <testcase classname="ptolemy.util.test.junit.AutoTests" name="[121] /home/travis/build/icyphy/ptII/ptolemy/domains/continuous/test/auto/SRinContinuous.xml (RunModel)" time="0.023" />
  <testcase classname="ptolemy.util.test.junit.AutoTests" name="[122] /home/travis/build/icyphy/ptII/ptolemy/domains/continuous/test/auto/SampledClocks.xml (RunModel)" time="0.033" />
  <testcase classname="ptolemy.util.test.junit.AutoTests" name="[123] /home/travis/build/icyphy/ptII/ptolemy/domains/continuous/test/auto/Satellite.xml (RunModel)" time="0.714" />
  <testcase classname="ptolemy.util.test.junit.AutoTests" name="[124] /home/travis/build/icyphy/ptII/ptolemy/domains/continuous/test/auto/SigmaDelta.xml (RunModel)" time="2.064" />
  <testcase classname="ptolemy.util.test.junit.AutoTests" name="[125] /home/travis/build/icyphy/ptII/ptolemy/domains/continuous/test/auto/SingleRefinement.xml (RunModel)" time="0.396" />
  <testcase classname="ptolemy.util.test.junit.AutoTests" name="[126] /home/travis/build/icyphy/ptII/ptolemy/domains/continuous/test/auto/SinuBouncingBall.xml (RunModel)" time="0.785" />
  <testcase classname="ptolemy.util.test.junit.AutoTests" name="[127] /home/travis/build/icyphy/ptII/ptolemy/domains/continuous/test/auto/Sinusoid.xml (RunModel)" time="0.017" />
  <testcase classname="ptolemy.util.test.junit.AutoTests" name="[128] /home/travis/build/icyphy/ptII/ptolemy/domains/continuous/test/auto/SinusoidInNoise.xml (RunModel)" time="0.828" />
  <testcase classname="ptolemy.util.test.junit.AutoTests" name="[129] /home/travis/build/icyphy/ptII/ptolemy/domains/continuous/test/auto/SinusoidRK45.xml (RunModel)" time="0.016" />
  <testcase classname="ptolemy.util.test.junit.AutoTests" name="[130] /home/travis/build/icyphy/ptII/ptolemy/domains/continuous/test/auto/SinusoidWithMultipleImpulses.xml (RunModel)" time="0.013" />
  <testcase classname="ptolemy.util.test.junit.AutoTests" name="[131] /home/travis/build/icyphy/ptII/ptolemy/domains/continuous/test/auto/SquareWave.xml (RunModel)" time="0.168" />
  <testcase classname="ptolemy.util.test.junit.AutoTests" name="[132] /home/travis/build/icyphy/ptII/ptolemy/domains/continuous/test/auto/Starmac.xml (RunModel)" time="3.359" />
  <testcase classname="ptolemy.util.test.junit.AutoTests" name="[133] /home/travis/build/icyphy/ptII/ptolemy/domains/continuous/test/auto/StaticUnits.xml (RunModel)" time="2.184" />
  <testcase classname="ptolemy.util.test.junit.AutoTests" name="[134] /home/travis/build/icyphy/ptII/ptolemy/domains/continuous/test/auto/StickyMasses.xml (RunModel)" time="0.188" />
  <testcase classname="ptolemy.util.test.junit.AutoTests" name="[135] /home/travis/build/icyphy/ptII/ptolemy/domains/continuous/test/auto/StopTime.xml (RunModel)" time="0.062" />
  <testcase classname="ptolemy.util.test.junit.AutoTests" name="[136] /home/travis/build/icyphy/ptII/ptolemy/domains/continuous/test/auto/StopTime2.xml (RunModel)" time="0.074" />
  <testcase classname="ptolemy.util.test.junit.AutoTests" name="[137] /home/travis/build/icyphy/ptII/ptolemy/domains/continuous/test/auto/Switch.xml (RunModel)" time="0.057" />
  <testcase classname="ptolemy.util.test.junit.AutoTests" name="[138] /home/travis/build/icyphy/ptII/ptolemy/domains/continuous/test/auto/Thermostat.xml (RunModel)" time="0.228" />
  <testcase classname="ptolemy.util.test.junit.AutoTests" name="[139] /home/travis/build/icyphy/ptII/ptolemy/domains/continuous/test/auto/TimeDelay.xml (RunModel)" time="0.013" />
  <testcase classname="ptolemy.util.test.junit.AutoTests" name="[140] /home/travis/build/icyphy/ptII/ptolemy/domains/continuous/test/auto/TimeDelay2.xml (RunModel)" time="0.024" />
  <testcase classname="ptolemy.util.test.junit.AutoTests" name="[141] /home/travis/build/icyphy/ptII/ptolemy/domains/continuous/test/auto/TimeDelay3.xml (RunModel)" time="0.01" />
  <testcase classname="ptolemy.util.test.junit.AutoTests" name="[142] /home/travis/build/icyphy/ptII/ptolemy/domains/continuous/test/auto/TransferAbsentToInside.xml (RunModel)" time="0.127" />
  <testcase classname="ptolemy.util.test.junit.AutoTests" name="[143] /home/travis/build/icyphy/ptII/ptolemy/domains/continuous/test/auto/Transmission.xml (RunModel)" time="0.835" />
  <testcase classname="ptolemy.util.test.junit.AutoTests" name="[144] /home/travis/build/icyphy/ptII/ptolemy/domains/continuous/test/auto/TriggeredContinuousClock.xml (RunModel)" time="0.062" />
  <testcase classname="ptolemy.util.test.junit.AutoTests" name="[145] /home/travis/build/icyphy/ptII/ptolemy/domains/continuous/test/auto/TwoMachineInfiniteBusControl.xml (RunModel)" time="2.71" />
  <testcase classname="ptolemy.util.test.junit.AutoTests" name="[146] /home/travis/build/icyphy/ptII/ptolemy/domains/continuous/test/auto/V2V.xml (RunModel)" time="0.946" />
  <testcase classname="ptolemy.util.test.junit.AutoTests" name="[147] /home/travis/build/icyphy/ptII/ptolemy/domains/continuous/test/auto/hierarchicalModalModel.xml (RunModel)" time="0.037" />
  <testcase classname="ptolemy.util.test.junit.AutoTests" name="[148] /home/travis/build/icyphy/ptII/ptolemy/domains/continuous/test/auto/hierarchicalModalModel1.xml (RunModel)" time="0.029" />
  <testcase classname="ptolemy.util.test.junit.AutoTests" name="[149] /home/travis/build/icyphy/ptII/ptolemy/domains/continuous/test/auto/hierarchicalModalModel2.xml (RunModel)" time="0.025" />
  <testcase classname="ptolemy.util.test.junit.AutoTests" name="[150] /home/travis/build/icyphy/ptII/ptolemy/domains/continuous/test/auto/hierarchicalModalModel3.xml (RunModel)" time="0.026" />
  <testcase classname="ptolemy.util.test.junit.AutoTests" name="[151] /home/travis/build/icyphy/ptII/ptolemy/domains/continuous/test/auto/hierarchicalModalModel4.xml (RunModel)" time="0.023" />
  <testcase classname="ptolemy.util.test.junit.AutoTests" name="[152] /home/travis/build/icyphy/ptII/ptolemy/domains/continuous/test/auto/junk.xml (RunModel)" time="0.13" />
  <system-out><![CDATA[No tcl tests in /home/travis/build/icyphy/ptII/ptolemy/domains/continuous/test
No auto/knownFailedTests/*.xml tests in /home/travis/build/icyphy/ptII/ptolemy/domains/continuous/test
No auto/linux-amd64/*.xml tests in /home/travis/build/icyphy/ptII/ptolemy/domains/continuous/test
AutoTests.java: About to close Vertx.
AutoTests.java: Vertx closed.

===========================================================================================
----------------- testing Thu Sep 24 16:08:45 UTC 2020 /home/travis/build/icyphy/ptII/ptolemy/domains/continuous/test/auto/BouncingBall.xml
----------------- Instantiating /home/travis/build/icyphy/ptII/ptolemy/domains/continuous/test/auto/BouncingBall.xml
2342 ms. Memory: 155648K Free: 102144K (66%)
----------------- Invoking toplevel() on ptolemy.moml.MoMLSimpleApplication@34cb5e90
----------------- Done invoking toplevel() on ptolemy.moml.MoMLSimpleApplication@34cb5e90
reloadAllAccessors: .BouncingBall

===========================================================================================
----------------- testing Thu Sep 24 16:08:48 UTC 2020 /home/travis/build/icyphy/ptII/ptolemy/domains/continuous/test/auto/BouncingBallWithoutGR.xml
----------------- Instantiating /home/travis/build/icyphy/ptII/ptolemy/domains/continuous/test/auto/BouncingBallWithoutGR.xml
780 ms. Memory: 155648K Free: 99979K (64%)
----------------- Invoking toplevel() on ptolemy.moml.MoMLSimpleApplication@3bc47196
----------------- Done invoking toplevel() on ptolemy.moml.MoMLSimpleApplication@3bc47196
reloadAllAccessors: .BouncingBallWithoutGR

===========================================================================================
----------------- testing Thu Sep 24 16:08:49 UTC 2020 /home/travis/build/icyphy/ptII/ptolemy/domains/continuous/test/auto/Brownian.xml
----------------- Instantiating /home/travis/build/icyphy/ptII/ptolemy/domains/continuous/test/auto/Brownian.xml
31 ms. Memory: 155648K Free: 91273K (59%)
----------------- Invoking toplevel() on ptolemy.moml.MoMLSimpleApplication@3706054b
----------------- Done invoking toplevel() on ptolemy.moml.MoMLSimpleApplication@3706054b
reloadAllAccessors: .Brownian

===========================================================================================
----------------- testing Thu Sep 24 16:08:49 UTC 2020 /home/travis/build/icyphy/ptII/ptolemy/domains/continuous/test/auto/CarTracking.xml
----------------- Instantiating /home/travis/build/icyphy/ptII/ptolemy/domains/continuous/test/auto/CarTracking.xml
3398 ms. Memory: 225280K Free: 175395K (78%)
----------------- Invoking toplevel() on ptolemy.moml.MoMLSimpleApplication@530e7b62
----------------- Done invoking toplevel() on ptolemy.moml.MoMLSimpleApplication@530e7b62
reloadAllAccessors: .CarTracking

===========================================================================================
----------------- testing Thu Sep 24 16:08:52 UTC 2020 /home/travis/build/icyphy/ptII/ptolemy/domains/continuous/test/auto/CartPendulum.xml
----------------- Instantiating /home/travis/build/icyphy/ptII/ptolemy/domains/continuous/test/auto/CartPendulum.xml
343 ms. Memory: 225280K Free: 80677K (36%)
----------------- Invoking toplevel() on ptolemy.moml.MoMLSimpleApplication@41aaccd1
----------------- Done invoking toplevel() on ptolemy.moml.MoMLSimpleApplication@41aaccd1
reloadAllAccessors: .CartPendulum

===========================================================================================
----------------- testing Thu Sep 24 16:08:53 UTC 2020 /home/travis/build/icyphy/ptII/ptolemy/domains/continuous/test/auto/CausalityInterface10.xml
----------------- Instantiating /home/travis/build/icyphy/ptII/ptolemy/domains/continuous/test/auto/CausalityInterface10.xml
9 ms. Memory: 225280K Free: 203713K (90%)
----------------- Invoking toplevel() on ptolemy.moml.MoMLSimpleApplication@570e2a09
----------------- Done invoking toplevel() on ptolemy.moml.MoMLSimpleApplication@570e2a09
reloadAllAccessors: .CausalityInterface10

===========================================================================================
----------------- testing Thu Sep 24 16:08:53 UTC 2020 /home/travis/build/icyphy/ptII/ptolemy/domains/continuous/test/auto/CausalityInterface11.xml
----------------- Instantiating /home/travis/build/icyphy/ptII/ptolemy/domains/continuous/test/auto/CausalityInterface11.xml
8 ms. Memory: 225280K Free: 197555K (88%)
----------------- Invoking toplevel() on ptolemy.moml.MoMLSimpleApplication@1b69bfa5
----------------- Done invoking toplevel() on ptolemy.moml.MoMLSimpleApplication@1b69bfa5
reloadAllAccessors: .CausalityInterface11

===========================================================================================
----------------- testing Thu Sep 24 16:08:53 UTC 2020 /home/travis/build/icyphy/ptII/ptolemy/domains/continuous/test/auto/CausalityInterface12.xml
----------------- Instantiating /home/travis/build/icyphy/ptII/ptolemy/domains/continuous/test/auto/CausalityInterface12.xml
11 ms. Memory: 225280K Free: 191425K (85%)
----------------- Invoking toplevel() on ptolemy.moml.MoMLSimpleApplication@7c4a6dd4
----------------- Done invoking toplevel() on ptolemy.moml.MoMLSimpleApplication@7c4a6dd4
reloadAllAccessors: .CausalityInterface12

===========================================================================================
----------------- testing Thu Sep 24 16:08:53 UTC 2020 /home/travis/build/icyphy/ptII/ptolemy/domains/continuous/test/auto/CausalityInterface13.xml
----------------- Instantiating /home/travis/build/icyphy/ptII/ptolemy/domains/continuous/test/auto/CausalityInterface13.xml
7 ms. Memory: 225280K Free: 185251K (82%)
----------------- Invoking toplevel() on ptolemy.moml.MoMLSimpleApplication@4bec941b
----------------- Done invoking toplevel() on ptolemy.moml.MoMLSimpleApplication@4bec941b
reloadAllAccessors: .CausalityInterface13

===========================================================================================
----------------- testing Thu Sep 24 16:08:53 UTC 2020 /home/travis/build/icyphy/ptII/ptolemy/domains/continuous/test/auto/CausalityInterface14.xml
----------------- Instantiating /home/travis/build/icyphy/ptII/ptolemy/domains/continuous/test/auto/CausalityInterface14.xml
3 ms. Memory: 225280K Free: 179651K (80%)
----------------- Invoking toplevel() on ptolemy.moml.MoMLSimpleApplication@1dcbefcd
----------------- Done invoking toplevel() on ptolemy.moml.MoMLSimpleApplication@1dcbefcd
reloadAllAccessors: .CausalityInterface14

===========================================================================================
----------------- testing Thu Sep 24 16:08:53 UTC 2020 /home/travis/build/icyphy/ptII/ptolemy/domains/continuous/test/auto/CausalityInterface4.xml
----------------- Instantiating /home/travis/build/icyphy/ptII/ptolemy/domains/continuous/test/auto/CausalityInterface4.xml
3 ms. Memory: 225280K Free: 172483K (77%)
----------------- Invoking toplevel() on ptolemy.moml.MoMLSimpleApplication@10469e79
----------------- Done invoking toplevel() on ptolemy.moml.MoMLSimpleApplication@10469e79
reloadAllAccessors: .CausalityInterface4

===========================================================================================
----------------- testing Thu Sep 24 16:08:53 UTC 2020 /home/travis/build/icyphy/ptII/ptolemy/domains/continuous/test/auto/CausalityInterface5.xml
----------------- Instantiating /home/travis/build/icyphy/ptII/ptolemy/domains/continuous/test/auto/CausalityInterface5.xml
6 ms. Memory: 225280K Free: 164291K (73%)
----------------- Invoking toplevel() on ptolemy.moml.MoMLSimpleApplication@4b829731
----------------- Done invoking toplevel() on ptolemy.moml.MoMLSimpleApplication@4b829731
reloadAllAccessors: .CausalityInterface5

===========================================================================================
----------------- testing Thu Sep 24 16:08:53 UTC 2020 /home/travis/build/icyphy/ptII/ptolemy/domains/continuous/test/auto/CausalityInterface6.xml
----------------- Instantiating /home/travis/build/icyphy/ptII/ptolemy/domains/continuous/test/auto/CausalityInterface6.xml
7 ms. Memory: 225280K Free: 158643K (70%)
----------------- Invoking toplevel() on ptolemy.moml.MoMLSimpleApplication@2eacf66d
----------------- Done invoking toplevel() on ptolemy.moml.MoMLSimpleApplication@2eacf66d
reloadAllAccessors: .CausalityInterface6

===========================================================================================
----------------- testing Thu Sep 24 16:08:53 UTC 2020 /home/travis/build/icyphy/ptII/ptolemy/domains/continuous/test/auto/CausalityInterface7.xml
----------------- Instantiating /home/travis/build/icyphy/ptII/ptolemy/domains/continuous/test/auto/CausalityInterface7.xml
10 ms. Memory: 225280K Free: 149955K (67%)
----------------- Invoking toplevel() on ptolemy.moml.MoMLSimpleApplication@1e936d9d
----------------- Done invoking toplevel() on ptolemy.moml.MoMLSimpleApplication@1e936d9d
reloadAllAccessors: .CausalityInterface7

===========================================================================================
----------------- testing Thu Sep 24 16:08:53 UTC 2020 /home/travis/build/icyphy/ptII/ptolemy/domains/continuous/test/auto/CausalityInterface8.xml
----------------- Instantiating /home/travis/build/icyphy/ptII/ptolemy/domains/continuous/test/auto/CausalityInterface8.xml
5 ms. Memory: 225280K Free: 141249K (63%)
----------------- Invoking toplevel() on ptolemy.moml.MoMLSimpleApplication@4da44c3c
----------------- Done invoking toplevel() on ptolemy.moml.MoMLSimpleApplication@4da44c3c
reloadAllAccessors: .CausalityInterface8

===========================================================================================
----------------- testing Thu Sep 24 16:08:53 UTC 2020 /home/travis/build/icyphy/ptII/ptolemy/domains/continuous/test/auto/CausalityInterface9.xml
----------------- Instantiating /home/travis/build/icyphy/ptII/ptolemy/domains/continuous/test/auto/CausalityInterface9.xml
12 ms. Memory: 225280K Free: 130499K (58%)
----------------- Invoking toplevel() on ptolemy.moml.MoMLSimpleApplication@35070c62
----------------- Done invoking toplevel() on ptolemy.moml.MoMLSimpleApplication@35070c62
reloadAllAccessors: .CausalityInterface9

===========================================================================================
----------------- testing Thu Sep 24 16:08:53 UTC 2020 /home/travis/build/icyphy/ptII/ptolemy/domains/continuous/test/auto/CausalityInterfaceFeedback1.xml
----------------- Instantiating /home/travis/build/icyphy/ptII/ptolemy/domains/continuous/test/auto/CausalityInterfaceFeedback1.xml
5 ms. Memory: 225280K Free: 123827K (55%)
----------------- Invoking toplevel() on ptolemy.moml.MoMLSimpleApplication@523360d2
----------------- Done invoking toplevel() on ptolemy.moml.MoMLSimpleApplication@523360d2
reloadAllAccessors: .CausalityInterfaceFeedback1

===========================================================================================
----------------- testing Thu Sep 24 16:08:53 UTC 2020 /home/travis/build/icyphy/ptII/ptolemy/domains/continuous/test/auto/CausalityInterfaceFeedback2.xml
----------------- Instantiating /home/travis/build/icyphy/ptII/ptolemy/domains/continuous/test/auto/CausalityInterfaceFeedback2.xml
6 ms. Memory: 225280K Free: 117187K (52%)
----------------- Invoking toplevel() on ptolemy.moml.MoMLSimpleApplication@603369a4
----------------- Done invoking toplevel() on ptolemy.moml.MoMLSimpleApplication@603369a4
reloadAllAccessors: .CausalityInterfaceFeedback2

===========================================================================================
----------------- testing Thu Sep 24 16:08:53 UTC 2020 /home/travis/build/icyphy/ptII/ptolemy/domains/continuous/test/auto/CompareWithCurrentTime.xml
----------------- Instantiating /home/travis/build/icyphy/ptII/ptolemy/domains/continuous/test/auto/CompareWithCurrentTime.xml
2 ms. Memory: 225280K Free: 113091K (50%)
----------------- Invoking toplevel() on ptolemy.moml.MoMLSimpleApplication@66ccb09
----------------- Done invoking toplevel() on ptolemy.moml.MoMLSimpleApplication@66ccb09
reloadAllAccessors: .CompareWithCurrentTime

===========================================================================================
----------------- testing Thu Sep 24 16:08:53 UTC 2020 /home/travis/build/icyphy/ptII/ptolemy/domains/continuous/test/auto/ComparedClocks.xml
----------------- Instantiating /home/travis/build/icyphy/ptII/ptolemy/domains/continuous/test/auto/ComparedClocks.xml
10 ms. Memory: 225280K Free: 97731K (43%)
----------------- Invoking toplevel() on ptolemy.moml.MoMLSimpleApplication@5c972245
----------------- Done invoking toplevel() on ptolemy.moml.MoMLSimpleApplication@5c972245
reloadAllAccessors: .ComparedClocks

===========================================================================================
----------------- testing Thu Sep 24 16:08:53 UTC 2020 /home/travis/build/icyphy/ptII/ptolemy/domains/continuous/test/auto/ContinuousAOCClone.xml
----------------- Instantiating /home/travis/build/icyphy/ptII/ptolemy/domains/continuous/test/auto/ContinuousAOCClone.xml
2217 ms. Memory: 270336K Free: 179851K (67%)
----------------- Invoking toplevel() on ptolemy.moml.MoMLSimpleApplication@d318cb6
----------------- Done invoking toplevel() on ptolemy.moml.MoMLSimpleApplication@d318cb6
reloadAllAccessors: .ContinuousAOCClone

===========================================================================================
----------------- testing Thu Sep 24 16:08:56 UTC 2020 /home/travis/build/icyphy/ptII/ptolemy/domains/continuous/test/auto/ContinuousClock.xml
----------------- Instantiating /home/travis/build/icyphy/ptII/ptolemy/domains/continuous/test/auto/ContinuousClock.xml
43 ms. Memory: 270336K Free: 157837K (58%)
----------------- Invoking toplevel() on ptolemy.moml.MoMLSimpleApplication@643c5483
----------------- Done invoking toplevel() on ptolemy.moml.MoMLSimpleApplication@643c5483
reloadAllAccessors: .ContinuousClock

===========================================================================================
----------------- testing Thu Sep 24 16:08:56 UTC 2020 /home/travis/build/icyphy/ptII/ptolemy/domains/continuous/test/auto/ContinuousInContinuous.xml
----------------- Instantiating /home/travis/build/icyphy/ptII/ptolemy/domains/continuous/test/auto/ContinuousInContinuous.xml
47 ms. Memory: 270336K Free: 134285K (50%)
----------------- Invoking toplevel() on ptolemy.moml.MoMLSimpleApplication@72b15e8c
----------------- Done invoking toplevel() on ptolemy.moml.MoMLSimpleApplication@72b15e8c
reloadAllAccessors: .ContinuousInContinuous

===========================================================================================
----------------- testing Thu Sep 24 16:08:56 UTC 2020 /home/travis/build/icyphy/ptII/ptolemy/domains/continuous/test/auto/ContinuousInContinuousInContinuous.xml
----------------- Instantiating /home/travis/build/icyphy/ptII/ptolemy/domains/continuous/test/auto/ContinuousInContinuousInContinuous.xml
5 ms. Memory: 270336K Free: 126603K (47%)
----------------- Invoking toplevel() on ptolemy.moml.MoMLSimpleApplication@3ad9c179
----------------- Done invoking toplevel() on ptolemy.moml.MoMLSimpleApplication@3ad9c179
reloadAllAccessors: .ContinuousInContinuousInContinuous

===========================================================================================
----------------- testing Thu Sep 24 16:08:56 UTC 2020 /home/travis/build/icyphy/ptII/ptolemy/domains/continuous/test/auto/ContinuousInDE.xml
----------------- Instantiating /home/travis/build/icyphy/ptII/ptolemy/domains/continuous/test/auto/ContinuousInDE.xml
86 ms. Memory: 270336K Free: 115853K (43%)
----------------- Invoking toplevel() on ptolemy.moml.MoMLSimpleApplication@62516006
----------------- Done invoking toplevel() on ptolemy.moml.MoMLSimpleApplication@62516006
reloadAllAccessors: .ContinuousInDE

===========================================================================================
----------------- testing Thu Sep 24 16:08:56 UTC 2020 /home/travis/build/icyphy/ptII/ptolemy/domains/continuous/test/auto/ContinuousInDE2.xml
----------------- Instantiating /home/travis/build/icyphy/ptII/ptolemy/domains/continuous/test/auto/ContinuousInDE2.xml
45 ms. Memory: 270336K Free: 106123K (39%)
----------------- Invoking toplevel() on ptolemy.moml.MoMLSimpleApplication@4089df46
----------------- Done invoking toplevel() on ptolemy.moml.MoMLSimpleApplication@4089df46
reloadAllAccessors: .ContinuousInDE2

===========================================================================================
----------------- testing Thu Sep 24 16:08:56 UTC 2020 /home/travis/build/icyphy/ptII/ptolemy/domains/continuous/test/auto/ContinuousInDE3.xml
----------------- Instantiating /home/travis/build/icyphy/ptII/ptolemy/domains/continuous/test/auto/ContinuousInDE3.xml
30 ms. Memory: 270336K Free: 96397K (36%)
----------------- Invoking toplevel() on ptolemy.moml.MoMLSimpleApplication@62b174bd
----------------- Done invoking toplevel() on ptolemy.moml.MoMLSimpleApplication@62b174bd
reloadAllAccessors: .ContinuousInDE3

===========================================================================================
----------------- testing Thu Sep 24 16:08:56 UTC 2020 /home/travis/build/icyphy/ptII/ptolemy/domains/continuous/test/auto/ContinuousInDE4.xml
----------------- Instantiating /home/travis/build/icyphy/ptII/ptolemy/domains/continuous/test/auto/ContinuousInDE4.xml
12 ms. Memory: 270336K Free: 251007K (93%)
----------------- Invoking toplevel() on ptolemy.moml.MoMLSimpleApplication@6e7cd592
----------------- Done invoking toplevel() on ptolemy.moml.MoMLSimpleApplication@6e7cd592
reloadAllAccessors: .ContinuousInDE4

===========================================================================================
----------------- testing Thu Sep 24 16:08:56 UTC 2020 /home/travis/build/icyphy/ptII/ptolemy/domains/continuous/test/auto/ContinuousInDEDifferentRefinements.xml
----------------- Instantiating /home/travis/build/icyphy/ptII/ptolemy/domains/continuous/test/auto/ContinuousInDEDifferentRefinements.xml
63 ms. Memory: 270336K Free: 219759K (81%)
----------------- Invoking toplevel() on ptolemy.moml.MoMLSimpleApplication@cbfd1ba
----------------- Done invoking toplevel() on ptolemy.moml.MoMLSimpleApplication@cbfd1ba
reloadAllAccessors: .ContinuousInDEDifferentRefinements

===========================================================================================
----------------- testing Thu Sep 24 16:08:56 UTC 2020 /home/travis/build/icyphy/ptII/ptolemy/domains/continuous/test/auto/ContinuousInDEDifferentRefinementsPreemptive.xml
----------------- Instantiating /home/travis/build/icyphy/ptII/ptolemy/domains/continuous/test/auto/ContinuousInDEDifferentRefinementsPreemptive.xml
52 ms. Memory: 270336K Free: 189023K (70%)
----------------- Invoking toplevel() on ptolemy.moml.MoMLSimpleApplication@5e974147
----------------- Done invoking toplevel() on ptolemy.moml.MoMLSimpleApplication@5e974147
reloadAllAccessors: .ContinuousInDEDifferentRefinementsPreemptive

===========================================================================================
----------------- testing Thu Sep 24 16:08:57 UTC 2020 /home/travis/build/icyphy/ptII/ptolemy/domains/continuous/test/auto/ContinuousInDEInContinuous2.xml
----------------- Instantiating /home/travis/build/icyphy/ptII/ptolemy/domains/continuous/test/auto/ContinuousInDEInContinuous2.xml
42 ms. Memory: 270336K Free: 177789K (66%)
----------------- Invoking toplevel() on ptolemy.moml.MoMLSimpleApplication@5212411f
----------------- Done invoking toplevel() on ptolemy.moml.MoMLSimpleApplication@5212411f
reloadAllAccessors: .ContinuousInDEInContinuous2

===========================================================================================
----------------- testing Thu Sep 24 16:08:57 UTC 2020 /home/travis/build/icyphy/ptII/ptolemy/domains/continuous/test/auto/ContinuousInDEInContinuous3.xml
----------------- Instantiating /home/travis/build/icyphy/ptII/ptolemy/domains/continuous/test/auto/ContinuousInDEInContinuous3.xml
37 ms. Memory: 270336K Free: 166015K (61%)
----------------- Invoking toplevel() on ptolemy.moml.MoMLSimpleApplication@62f189ff
----------------- Done invoking toplevel() on ptolemy.moml.MoMLSimpleApplication@62f189ff
reloadAllAccessors: .ContinuousInDEInContinuous3

===========================================================================================
----------------- testing Thu Sep 24 16:08:57 UTC 2020 /home/travis/build/icyphy/ptII/ptolemy/domains/continuous/test/auto/ContinuousInDEInput.xml
----------------- Instantiating /home/travis/build/icyphy/ptII/ptolemy/domains/continuous/test/auto/ContinuousInDEInput.xml
15 ms. Memory: 270336K Free: 158847K (59%)
----------------- Invoking toplevel() on ptolemy.moml.MoMLSimpleApplication@31af67d2
----------------- Done invoking toplevel() on ptolemy.moml.MoMLSimpleApplication@31af67d2
reloadAllAccessors: .ContinuousInDEInput

===========================================================================================
----------------- testing Thu Sep 24 16:08:57 UTC 2020 /home/travis/build/icyphy/ptII/ptolemy/domains/continuous/test/auto/ContinuousInDEInput2.xml
----------------- Instantiating /home/travis/build/icyphy/ptII/ptolemy/domains/continuous/test/auto/ContinuousInDEInput2.xml
14 ms. Memory: 270336K Free: 151165K (56%)
----------------- Invoking toplevel() on ptolemy.moml.MoMLSimpleApplication@d779b7a
----------------- Done invoking toplevel() on ptolemy.moml.MoMLSimpleApplication@d779b7a
reloadAllAccessors: .ContinuousInDEInput2

===========================================================================================
----------------- testing Thu Sep 24 16:08:57 UTC 2020 /home/travis/build/icyphy/ptII/ptolemy/domains/continuous/test/auto/ContinuousInDEInput3.xml
----------------- Instantiating /home/travis/build/icyphy/ptII/ptolemy/domains/continuous/test/auto/ContinuousInDEInput3.xml
12 ms. Memory: 270336K Free: 143997K (53%)
----------------- Invoking toplevel() on ptolemy.moml.MoMLSimpleApplication@23653996
----------------- Done invoking toplevel() on ptolemy.moml.MoMLSimpleApplication@23653996
reloadAllAccessors: .ContinuousInDEInput3

===========================================================================================
----------------- testing Thu Sep 24 16:08:57 UTC 2020 /home/travis/build/icyphy/ptII/ptolemy/domains/continuous/test/auto/ContinuousInDESharingRefinement.xml
----------------- Instantiating /home/travis/build/icyphy/ptII/ptolemy/domains/continuous/test/auto/ContinuousInDESharingRefinement.xml
151 ms. Memory: 270336K Free: 210547K (78%)
----------------- Invoking toplevel() on ptolemy.moml.MoMLSimpleApplication@6a1c5810
----------------- Done invoking toplevel() on ptolemy.moml.MoMLSimpleApplication@6a1c5810
reloadAllAccessors: .ContinuousInDESharingRefinement

===========================================================================================
----------------- testing Thu Sep 24 16:08:57 UTC 2020 /home/travis/build/icyphy/ptII/ptolemy/domains/continuous/test/auto/ContinuousInDEwithNoPorts.xml
----------------- Instantiating /home/travis/build/icyphy/ptII/ptolemy/domains/continuous/test/auto/ContinuousInDEwithNoPorts.xml
2 ms. Memory: 270336K Free: 205955K (76%)
----------------- Invoking toplevel() on ptolemy.moml.MoMLSimpleApplication@7d9e36d3
----------------- Done invoking toplevel() on ptolemy.moml.MoMLSimpleApplication@7d9e36d3
reloadAllAccessors: .ContinuousInDEwithNoPorts

===========================================================================================
----------------- testing Thu Sep 24 16:08:57 UTC 2020 /home/travis/build/icyphy/ptII/ptolemy/domains/continuous/test/auto/ContinuousInsideDE.xml
----------------- Instantiating /home/travis/build/icyphy/ptII/ptolemy/domains/continuous/test/auto/ContinuousInsideDE.xml
34 ms. Memory: 270336K Free: 194691K (72%)
----------------- Invoking toplevel() on ptolemy.moml.MoMLSimpleApplication@28c0fd50
----------------- Done invoking toplevel() on ptolemy.moml.MoMLSimpleApplication@28c0fd50
reloadAllAccessors: .ContinuousInsideDE

===========================================================================================
----------------- testing Thu Sep 24 16:08:57 UTC 2020 /home/travis/build/icyphy/ptII/ptolemy/domains/continuous/test/auto/ContinuousMerge1.xml
----------------- Instantiating /home/travis/build/icyphy/ptII/ptolemy/domains/continuous/test/auto/ContinuousMerge1.xml
3 ms. Memory: 270336K Free: 190067K (70%)
----------------- Invoking toplevel() on ptolemy.moml.MoMLSimpleApplication@2daa4d24
----------------- Done invoking toplevel() on ptolemy.moml.MoMLSimpleApplication@2daa4d24
reloadAllAccessors: .ContinuousMerge1

===========================================================================================
----------------- testing Thu Sep 24 16:08:57 UTC 2020 /home/travis/build/icyphy/ptII/ptolemy/domains/continuous/test/auto/ContinuousMerge2.xml
----------------- Instantiating /home/travis/build/icyphy/ptII/ptolemy/domains/continuous/test/auto/ContinuousMerge2.xml
11 ms. Memory: 270336K Free: 179331K (66%)
----------------- Invoking toplevel() on ptolemy.moml.MoMLSimpleApplication@3d4cd19e
----------------- Done invoking toplevel() on ptolemy.moml.MoMLSimpleApplication@3d4cd19e
reloadAllAccessors: .ContinuousMerge2

===========================================================================================
----------------- testing Thu Sep 24 16:08:57 UTC 2020 /home/travis/build/icyphy/ptII/ptolemy/domains/continuous/test/auto/ContinuousMerge3.xml
----------------- Instantiating /home/travis/build/icyphy/ptII/ptolemy/domains/continuous/test/auto/ContinuousMerge3.xml
43 ms. Memory: 270336K Free: 168577K (62%)
----------------- Invoking toplevel() on ptolemy.moml.MoMLSimpleApplication@54f489c2
----------------- Done invoking toplevel() on ptolemy.moml.MoMLSimpleApplication@54f489c2
reloadAllAccessors: .ContinuousMerge3

===========================================================================================
----------------- testing Thu Sep 24 16:08:57 UTC 2020 /home/travis/build/icyphy/ptII/ptolemy/domains/continuous/test/auto/ContinuousWithinContinuous.xml
----------------- Instantiating /home/travis/build/icyphy/ptII/ptolemy/domains/continuous/test/auto/ContinuousWithinContinuous.xml
29 ms. Memory: 270336K Free: 159361K (59%)
----------------- Invoking toplevel() on ptolemy.moml.MoMLSimpleApplication@67cdd9e0
----------------- Done invoking toplevel() on ptolemy.moml.MoMLSimpleApplication@67cdd9e0
reloadAllAccessors: .ContinuousWithinContinuous

===========================================================================================
----------------- testing Thu Sep 24 16:08:57 UTC 2020 /home/travis/build/icyphy/ptII/ptolemy/domains/continuous/test/auto/ContinuousWithinContinuous2.xml
----------------- Instantiating /home/travis/build/icyphy/ptII/ptolemy/domains/continuous/test/auto/ContinuousWithinContinuous2.xml
57 ms. Memory: 270336K Free: 148097K (55%)
----------------- Invoking toplevel() on ptolemy.moml.MoMLSimpleApplication@4eda62b4
----------------- Done invoking toplevel() on ptolemy.moml.MoMLSimpleApplication@4eda62b4
reloadAllAccessors: .ContinuousWithinContinuous2

===========================================================================================
----------------- testing Thu Sep 24 16:08:57 UTC 2020 /home/travis/build/icyphy/ptII/ptolemy/domains/continuous/test/auto/ContinuousWithinContinuous3.xml
----------------- Instantiating /home/travis/build/icyphy/ptII/ptolemy/domains/continuous/test/auto/ContinuousWithinContinuous3.xml
15 ms. Memory: 270336K Free: 140929K (52%)
----------------- Invoking toplevel() on ptolemy.moml.MoMLSimpleApplication@32948456
----------------- Done invoking toplevel() on ptolemy.moml.MoMLSimpleApplication@32948456
reloadAllAccessors: .ContinuousWithinContinuous3

===========================================================================================
----------------- testing Thu Sep 24 16:08:57 UTC 2020 /home/travis/build/icyphy/ptII/ptolemy/domains/continuous/test/auto/ContinuousWithinContinuous4.xml
----------------- Instantiating /home/travis/build/icyphy/ptII/ptolemy/domains/continuous/test/auto/ContinuousWithinContinuous4.xml
58 ms. Memory: 270336K Free: 128641K (48%)
----------------- Invoking toplevel() on ptolemy.moml.MoMLSimpleApplication@6ebc335b
----------------- Done invoking toplevel() on ptolemy.moml.MoMLSimpleApplication@6ebc335b
reloadAllAccessors: .ContinuousWithinContinuous4

===========================================================================================
----------------- testing Thu Sep 24 16:08:57 UTC 2020 /home/travis/build/icyphy/ptII/ptolemy/domains/continuous/test/auto/ContinuousWithinContinuous5.xml
----------------- Instantiating /home/travis/build/icyphy/ptII/ptolemy/domains/continuous/test/auto/ContinuousWithinContinuous5.xml
13 ms. Memory: 270336K Free: 121473K (45%)
----------------- Invoking toplevel() on ptolemy.moml.MoMLSimpleApplication@379fba05
----------------- Done invoking toplevel() on ptolemy.moml.MoMLSimpleApplication@379fba05
reloadAllAccessors: .ContinuousWithinContinuous5

===========================================================================================
----------------- testing Thu Sep 24 16:08:58 UTC 2020 /home/travis/build/icyphy/ptII/ptolemy/domains/continuous/test/auto/ContinuousWithinContinuous6.xml
----------------- Instantiating /home/travis/build/icyphy/ptII/ptolemy/domains/continuous/test/auto/ContinuousWithinContinuous6.xml
10 ms. Memory: 270336K Free: 114305K (42%)
----------------- Invoking toplevel() on ptolemy.moml.MoMLSimpleApplication@2bcd8f77
----------------- Done invoking toplevel() on ptolemy.moml.MoMLSimpleApplication@2bcd8f77
reloadAllAccessors: .ContinuousWithinContinuous6

===========================================================================================
----------------- testing Thu Sep 24 16:08:58 UTC 2020 /home/travis/build/icyphy/ptII/ptolemy/domains/continuous/test/auto/ContinuousWithinContinuous7.xml
----------------- Instantiating /home/travis/build/icyphy/ptII/ptolemy/domains/continuous/test/auto/ContinuousWithinContinuous7.xml
48 ms. Memory: 270336K Free: 103555K (38%)
----------------- Invoking toplevel() on ptolemy.moml.MoMLSimpleApplication@3e1d78ec
----------------- Done invoking toplevel() on ptolemy.moml.MoMLSimpleApplication@3e1d78ec
reloadAllAccessors: .ContinuousWithinContinuous7

===========================================================================================
----------------- testing Thu Sep 24 16:08:58 UTC 2020 /home/travis/build/icyphy/ptII/ptolemy/domains/continuous/test/auto/DCMotor.xml
----------------- Instantiating /home/travis/build/icyphy/ptII/ptolemy/domains/continuous/test/auto/DCMotor.xml
14019 ms. Memory: 270336K Free: 195320K (72%)
----------------- Invoking toplevel() on ptolemy.moml.MoMLSimpleApplication@17484ff1
----------------- Done invoking toplevel() on ptolemy.moml.MoMLSimpleApplication@17484ff1
reloadAllAccessors: .DCMotor

===========================================================================================
----------------- testing Thu Sep 24 16:09:12 UTC 2020 /home/travis/build/icyphy/ptII/ptolemy/domains/continuous/test/auto/DEInContinuous.xml
----------------- Instantiating /home/travis/build/icyphy/ptII/ptolemy/domains/continuous/test/auto/DEInContinuous.xml
17 ms. Memory: 270336K Free: 189176K (70%)
----------------- Invoking toplevel() on ptolemy.moml.MoMLSimpleApplication@102ee301
----------------- Done invoking toplevel() on ptolemy.moml.MoMLSimpleApplication@102ee301
reloadAllAccessors: .DEInContinuous

===========================================================================================
----------------- testing Thu Sep 24 16:09:12 UTC 2020 /home/travis/build/icyphy/ptII/ptolemy/domains/continuous/test/auto/DEinContinuous2.xml
----------------- Instantiating /home/travis/build/icyphy/ptII/ptolemy/domains/continuous/test/auto/DEinContinuous2.xml
8 ms. Memory: 270336K Free: 181480K (67%)
----------------- Invoking toplevel() on ptolemy.moml.MoMLSimpleApplication@190bc4c1
----------------- Done invoking toplevel() on ptolemy.moml.MoMLSimpleApplication@190bc4c1
reloadAllAccessors: .DEinContinuous2

===========================================================================================
----------------- testing Thu Sep 24 16:09:12 UTC 2020 /home/travis/build/icyphy/ptII/ptolemy/domains/continuous/test/auto/Derivative.xml
----------------- Instantiating /home/travis/build/icyphy/ptII/ptolemy/domains/continuous/test/auto/Derivative.xml
132 ms. Memory: 270336K Free: 152312K (56%)
----------------- Invoking toplevel() on ptolemy.moml.MoMLSimpleApplication@7bbab94c
----------------- Done invoking toplevel() on ptolemy.moml.MoMLSimpleApplication@7bbab94c
reloadAllAccessors: .Derivative2

===========================================================================================
----------------- testing Thu Sep 24 16:09:12 UTC 2020 /home/travis/build/icyphy/ptII/ptolemy/domains/continuous/test/auto/Derivative1.xml
----------------- Instantiating /home/travis/build/icyphy/ptII/ptolemy/domains/continuous/test/auto/Derivative1.xml
19 ms. Memory: 270336K Free: 137976K (51%)
----------------- Invoking toplevel() on ptolemy.moml.MoMLSimpleApplication@662ec48a
----------------- Done invoking toplevel() on ptolemy.moml.MoMLSimpleApplication@662ec48a
reloadAllAccessors: .Derivative1

===========================================================================================
----------------- testing Thu Sep 24 16:09:12 UTC 2020 /home/travis/build/icyphy/ptII/ptolemy/domains/continuous/test/auto/DiscreteClock.xml
----------------- Instantiating /home/travis/build/icyphy/ptII/ptolemy/domains/continuous/test/auto/DiscreteClock.xml
3 ms. Memory: 270336K Free: 132856K (49%)
----------------- Invoking toplevel() on ptolemy.moml.MoMLSimpleApplication@2dddddcb
----------------- Done invoking toplevel() on ptolemy.moml.MoMLSimpleApplication@2dddddcb
reloadAllAccessors: .DiscreteClock

===========================================================================================
----------------- testing Thu Sep 24 16:09:12 UTC 2020 /home/travis/build/icyphy/ptII/ptolemy/domains/continuous/test/auto/EfficiencyCurve.xml
----------------- Instantiating /home/travis/build/icyphy/ptII/ptolemy/domains/continuous/test/auto/EfficiencyCurve.xml
55 ms. Memory: 270336K Free: 124664K (46%)
----------------- Invoking toplevel() on ptolemy.moml.MoMLSimpleApplication@58bbec1d
----------------- Done invoking toplevel() on ptolemy.moml.MoMLSimpleApplication@58bbec1d
reloadAllAccessors: .EfficiencyCurve

===========================================================================================
----------------- testing Thu Sep 24 16:09:12 UTC 2020 /home/travis/build/icyphy/ptII/ptolemy/domains/continuous/test/auto/ExponentialResponse.xml
----------------- Instantiating /home/travis/build/icyphy/ptII/ptolemy/domains/continuous/test/auto/ExponentialResponse.xml
99 ms. Memory: 270336K Free: 109304K (40%)
----------------- Invoking toplevel() on ptolemy.moml.MoMLSimpleApplication@244e7b57
----------------- Done invoking toplevel() on ptolemy.moml.MoMLSimpleApplication@244e7b57
reloadAllAccessors: .ExponentialResponse

===========================================================================================
----------------- testing Thu Sep 24 16:09:12 UTC 2020 /home/travis/build/icyphy/ptII/ptolemy/domains/continuous/test/auto/ExponentialResponseRK45.xml
----------------- Instantiating /home/travis/build/icyphy/ptII/ptolemy/domains/continuous/test/auto/ExponentialResponseRK45.xml
22 ms. Memory: 270336K Free: 102646K (38%)
----------------- Invoking toplevel() on ptolemy.moml.MoMLSimpleApplication@72502a6c
----------------- Done invoking toplevel() on ptolemy.moml.MoMLSimpleApplication@72502a6c
reloadAllAccessors: .ExponentialResponseRK45

===========================================================================================
----------------- testing Thu Sep 24 16:09:12 UTC 2020 /home/travis/build/icyphy/ptII/ptolemy/domains/continuous/test/auto/Friction.xml
----------------- Instantiating /home/travis/build/icyphy/ptII/ptolemy/domains/continuous/test/auto/Friction.xml
1414 ms. Memory: 270336K Free: 154188K (57%)
----------------- Invoking toplevel() on ptolemy.moml.MoMLSimpleApplication@307d661f
----------------- Done invoking toplevel() on ptolemy.moml.MoMLSimpleApplication@307d661f
reloadAllAccessors: .Friction

===========================================================================================
----------------- testing Thu Sep 24 16:09:14 UTC 2020 /home/travis/build/icyphy/ptII/ptolemy/domains/continuous/test/auto/FurutaPendulum.xml
----------------- Instantiating /home/travis/build/icyphy/ptII/ptolemy/domains/continuous/test/auto/FurutaPendulum.xml
2798 ms. Memory: 270336K Free: 135130K (50%)
----------------- Invoking toplevel() on ptolemy.moml.MoMLSimpleApplication@1ccff03d
----------------- Done invoking toplevel() on ptolemy.moml.MoMLSimpleApplication@1ccff03d
reloadAllAccessors: .FurutaPendulum

===========================================================================================
----------------- testing Thu Sep 24 16:09:17 UTC 2020 /home/travis/build/icyphy/ptII/ptolemy/domains/continuous/test/auto/HierarchicalExecution.xml
----------------- Instantiating /home/travis/build/icyphy/ptII/ptolemy/domains/continuous/test/auto/HierarchicalExecution.xml
1522 ms. Memory: 270336K Free: 164274K (61%)
----------------- Invoking toplevel() on ptolemy.moml.MoMLSimpleApplication@62941305
----------------- Done invoking toplevel() on ptolemy.moml.MoMLSimpleApplication@62941305
reloadAllAccessors: .HierarchicalExecution

===========================================================================================
----------------- testing Thu Sep 24 16:09:19 UTC 2020 /home/travis/build/icyphy/ptII/ptolemy/domains/continuous/test/auto/HybridPlant.xml
----------------- Instantiating /home/travis/build/icyphy/ptII/ptolemy/domains/continuous/test/auto/HybridPlant.xml
534 ms. Memory: 324608K Free: 306749K (94%)
----------------- Invoking toplevel() on ptolemy.moml.MoMLSimpleApplication@5ca1d6f8
----------------- Done invoking toplevel() on ptolemy.moml.MoMLSimpleApplication@5ca1d6f8
reloadAllAccessors: .HybridPlant

===========================================================================================
----------------- testing Thu Sep 24 16:09:19 UTC 2020 /home/travis/build/icyphy/ptII/ptolemy/domains/continuous/test/auto/Hysteresis.xml
----------------- Instantiating /home/travis/build/icyphy/ptII/ptolemy/domains/continuous/test/auto/Hysteresis.xml
130 ms. Memory: 324608K Free: 243757K (75%)
----------------- Invoking toplevel() on ptolemy.moml.MoMLSimpleApplication@4995a009
----------------- Done invoking toplevel() on ptolemy.moml.MoMLSimpleApplication@4995a009
reloadAllAccessors: .Hysteresis

===========================================================================================
----------------- testing Thu Sep 24 16:09:19 UTC 2020 /home/travis/build/icyphy/ptII/ptolemy/domains/continuous/test/auto/HysteresisWithRandomDelay.xml
----------------- Instantiating /home/travis/build/icyphy/ptII/ptolemy/domains/continuous/test/auto/HysteresisWithRandomDelay.xml
154 ms. Memory: 324608K Free: 171581K (53%)
----------------- Invoking toplevel() on ptolemy.moml.MoMLSimpleApplication@503048c4
----------------- Done invoking toplevel() on ptolemy.moml.MoMLSimpleApplication@503048c4
reloadAllAccessors: .HysteresisWithRandomDelay

===========================================================================================
----------------- testing Thu Sep 24 16:09:20 UTC 2020 /home/travis/build/icyphy/ptII/ptolemy/domains/continuous/test/auto/HysteresisWithRandomLosses.xml
----------------- Instantiating /home/travis/build/icyphy/ptII/ptolemy/domains/continuous/test/auto/HysteresisWithRandomLosses.xml
2253 ms. Memory: 324608K Free: 186826K (58%)
----------------- Invoking toplevel() on ptolemy.moml.MoMLSimpleApplication@11de94c0
----------------- Done invoking toplevel() on ptolemy.moml.MoMLSimpleApplication@11de94c0
reloadAllAccessors: .HysteresisWithRandomLosses

===========================================================================================
----------------- testing Thu Sep 24 16:09:22 UTC 2020 /home/travis/build/icyphy/ptII/ptolemy/domains/continuous/test/auto/ImmediateTransitions.xml
----------------- Instantiating /home/travis/build/icyphy/ptII/ptolemy/domains/continuous/test/auto/ImmediateTransitions.xml
10 ms. Memory: 324608K Free: 175562K (54%)
----------------- Invoking toplevel() on ptolemy.moml.MoMLSimpleApplication@5b90388e
----------------- Done invoking toplevel() on ptolemy.moml.MoMLSimpleApplication@5b90388e
reloadAllAccessors: .ImmediateTransitions

===========================================================================================
----------------- testing Thu Sep 24 16:09:22 UTC 2020 /home/travis/build/icyphy/ptII/ptolemy/domains/continuous/test/auto/ImpulseFeedback.xml
----------------- Instantiating /home/travis/build/icyphy/ptII/ptolemy/domains/continuous/test/auto/ImpulseFeedback.xml
8 ms. Memory: 324608K Free: 169928K (52%)
----------------- Invoking toplevel() on ptolemy.moml.MoMLSimpleApplication@4e2d9801
----------------- Done invoking toplevel() on ptolemy.moml.MoMLSimpleApplication@4e2d9801
reloadAllAccessors: .ImpulseFeedback

===========================================================================================
----------------- testing Thu Sep 24 16:09:22 UTC 2020 /home/travis/build/icyphy/ptII/ptolemy/domains/continuous/test/auto/ImpulseFeedback2.xml
----------------- Instantiating /home/travis/build/icyphy/ptII/ptolemy/domains/continuous/test/auto/ImpulseFeedback2.xml
5 ms. Memory: 324608K Free: 164298K (51%)
----------------- Invoking toplevel() on ptolemy.moml.MoMLSimpleApplication@7a2e5669
----------------- Done invoking toplevel() on ptolemy.moml.MoMLSimpleApplication@7a2e5669
reloadAllAccessors: .ImpulseFeedback2

===========================================================================================
----------------- testing Thu Sep 24 16:09:22 UTC 2020 /home/travis/build/icyphy/ptII/ptolemy/domains/continuous/test/auto/IncreasingRatePoisson.xml
----------------- Instantiating /home/travis/build/icyphy/ptII/ptolemy/domains/continuous/test/auto/IncreasingRatePoisson.xml
697 ms. Memory: 324608K Free: 216575K (67%)
----------------- Invoking toplevel() on ptolemy.moml.MoMLSimpleApplication@239002ad
----------------- Done invoking toplevel() on ptolemy.moml.MoMLSimpleApplication@239002ad
reloadAllAccessors: .IncreasingRatePoisson

===========================================================================================
----------------- testing Thu Sep 24 16:09:23 UTC 2020 /home/travis/build/icyphy/ptII/ptolemy/domains/continuous/test/auto/InitialStateFeedback.xml
----------------- Instantiating /home/travis/build/icyphy/ptII/ptolemy/domains/continuous/test/auto/InitialStateFeedback.xml
6 ms. Memory: 324608K Free: 211999K (65%)
----------------- Invoking toplevel() on ptolemy.moml.MoMLSimpleApplication@7274b286
----------------- Done invoking toplevel() on ptolemy.moml.MoMLSimpleApplication@7274b286
reloadAllAccessors: .InitialStateFeedback

===========================================================================================
----------------- testing Thu Sep 24 16:09:23 UTC 2020 /home/travis/build/icyphy/ptII/ptolemy/domains/continuous/test/auto/Integration.xml
----------------- Instantiating /home/travis/build/icyphy/ptII/ptolemy/domains/continuous/test/auto/Integration.xml
1 ms. Memory: 324608K Free: 207903K (64%)
----------------- Invoking toplevel() on ptolemy.moml.MoMLSimpleApplication@69104936
----------------- Done invoking toplevel() on ptolemy.moml.MoMLSimpleApplication@69104936
reloadAllAccessors: .Integration

===========================================================================================
----------------- testing Thu Sep 24 16:09:23 UTC 2020 /home/travis/build/icyphy/ptII/ptolemy/domains/continuous/test/auto/Integration2.xml
----------------- Instantiating /home/travis/build/icyphy/ptII/ptolemy/domains/continuous/test/auto/Integration2.xml
70 ms. Memory: 324608K Free: 194077K (60%)
----------------- Invoking toplevel() on ptolemy.moml.MoMLSimpleApplication@5db3f4cb
----------------- Done invoking toplevel() on ptolemy.moml.MoMLSimpleApplication@5db3f4cb
reloadAllAccessors: .Integration2

===========================================================================================
----------------- testing Thu Sep 24 16:09:23 UTC 2020 /home/travis/build/icyphy/ptII/ptolemy/domains/continuous/test/auto/Integration3.xml
----------------- Instantiating /home/travis/build/icyphy/ptII/ptolemy/domains/continuous/test/auto/Integration3.xml
2 ms. Memory: 324608K Free: 189471K (58%)
----------------- Invoking toplevel() on ptolemy.moml.MoMLSimpleApplication@22aca67a
----------------- Done invoking toplevel() on ptolemy.moml.MoMLSimpleApplication@22aca67a
reloadAllAccessors: .Integration3

===========================================================================================
----------------- testing Thu Sep 24 16:09:23 UTC 2020 /home/travis/build/icyphy/ptII/ptolemy/domains/continuous/test/auto/Integration5.xml
----------------- Instantiating /home/travis/build/icyphy/ptII/ptolemy/domains/continuous/test/auto/Integration5.xml
1 ms. Memory: 324608K Free: 185375K (57%)
----------------- Invoking toplevel() on ptolemy.moml.MoMLSimpleApplication@76c2d104
----------------- Done invoking toplevel() on ptolemy.moml.MoMLSimpleApplication@76c2d104
reloadAllAccessors: .Integration5

===========================================================================================
----------------- testing Thu Sep 24 16:09:23 UTC 2020 /home/travis/build/icyphy/ptII/ptolemy/domains/continuous/test/auto/IntegratorImpulse.xml
----------------- Instantiating /home/travis/build/icyphy/ptII/ptolemy/domains/continuous/test/auto/IntegratorImpulse.xml
2 ms. Memory: 324608K Free: 181279K (56%)
----------------- Invoking toplevel() on ptolemy.moml.MoMLSimpleApplication@2440f3be
----------------- Done invoking toplevel() on ptolemy.moml.MoMLSimpleApplication@2440f3be
reloadAllAccessors: .IntegratorImpulse

===========================================================================================
----------------- testing Thu Sep 24 16:09:23 UTC 2020 /home/travis/build/icyphy/ptII/ptolemy/domains/continuous/test/auto/IntegratorImpulse2.xml
----------------- Instantiating /home/travis/build/icyphy/ptII/ptolemy/domains/continuous/test/auto/IntegratorImpulse2.xml
7 ms. Memory: 324608K Free: 176655K (54%)
----------------- Invoking toplevel() on ptolemy.moml.MoMLSimpleApplication@58156df7
----------------- Done invoking toplevel() on ptolemy.moml.MoMLSimpleApplication@58156df7
reloadAllAccessors: .IntegratorImpulse2

===========================================================================================
----------------- testing Thu Sep 24 16:09:23 UTC 2020 /home/travis/build/icyphy/ptII/ptolemy/domains/continuous/test/auto/LevelCrossing1.xml
----------------- Instantiating /home/travis/build/icyphy/ptII/ptolemy/domains/continuous/test/auto/LevelCrossing1.xml
2 ms. Memory: 324608K Free: 171535K (53%)
----------------- Invoking toplevel() on ptolemy.moml.MoMLSimpleApplication@4551761
----------------- Done invoking toplevel() on ptolemy.moml.MoMLSimpleApplication@4551761
reloadAllAccessors: .LevelCrossing1

===========================================================================================
----------------- testing Thu Sep 24 16:09:23 UTC 2020 /home/travis/build/icyphy/ptII/ptolemy/domains/continuous/test/auto/LevelCrossing2.xml
----------------- Instantiating /home/travis/build/icyphy/ptII/ptolemy/domains/continuous/test/auto/LevelCrossing2.xml
3 ms. Memory: 324608K Free: 166429K (51%)
----------------- Invoking toplevel() on ptolemy.moml.MoMLSimpleApplication@14b78a8f
----------------- Done invoking toplevel() on ptolemy.moml.MoMLSimpleApplication@14b78a8f
reloadAllAccessors: .LevelCrossing2

===========================================================================================
----------------- testing Thu Sep 24 16:09:23 UTC 2020 /home/travis/build/icyphy/ptII/ptolemy/domains/continuous/test/auto/LevelCrossing3.xml
----------------- Instantiating /home/travis/build/icyphy/ptII/ptolemy/domains/continuous/test/auto/LevelCrossing3.xml
2 ms. Memory: 324608K Free: 161295K (50%)
----------------- Invoking toplevel() on ptolemy.moml.MoMLSimpleApplication@4f308284
----------------- Done invoking toplevel() on ptolemy.moml.MoMLSimpleApplication@4f308284
reloadAllAccessors: .LevelCrossing3

===========================================================================================
----------------- testing Thu Sep 24 16:09:23 UTC 2020 /home/travis/build/icyphy/ptII/ptolemy/domains/continuous/test/auto/LevelCrossing4.xml
----------------- Instantiating /home/travis/build/icyphy/ptII/ptolemy/domains/continuous/test/auto/LevelCrossing4.xml
4 ms. Memory: 324608K Free: 156189K (48%)
----------------- Invoking toplevel() on ptolemy.moml.MoMLSimpleApplication@504a8331
----------------- Done invoking toplevel() on ptolemy.moml.MoMLSimpleApplication@504a8331
reloadAllAccessors: .LevelCrossing4

===========================================================================================
----------------- testing Thu Sep 24 16:09:23 UTC 2020 /home/travis/build/icyphy/ptII/ptolemy/domains/continuous/test/auto/LevelCrossing5.xml
----------------- Instantiating /home/travis/build/icyphy/ptII/ptolemy/domains/continuous/test/auto/LevelCrossing5.xml
3 ms. Memory: 324608K Free: 151069K (47%)
----------------- Invoking toplevel() on ptolemy.moml.MoMLSimpleApplication@2959ef72
----------------- Done invoking toplevel() on ptolemy.moml.MoMLSimpleApplication@2959ef72
reloadAllAccessors: .LevelCrossing5

===========================================================================================
[...]
11 ms. Memory: 324608K Free: 279327K (86%)
----------------- Invoking toplevel() on ptolemy.moml.MoMLSimpleApplication@1a0c3f9
----------------- Done invoking toplevel() on ptolemy.moml.MoMLSimpleApplication@1a0c3f9
reloadAllAccessors: .ResetTransitionWithStartTime6

===========================================================================================
----------------- testing Thu Sep 24 16:09:38 UTC 2020 /home/travis/build/icyphy/ptII/ptolemy/domains/continuous/test/auto/SRinContinuous.xml
----------------- Instantiating /home/travis/build/icyphy/ptII/ptolemy/domains/continuous/test/auto/SRinContinuous.xml
5 ms. Memory: 324608K Free: 271645K (84%)
----------------- Invoking toplevel() on ptolemy.moml.MoMLSimpleApplication@725ca73f
----------------- Done invoking toplevel() on ptolemy.moml.MoMLSimpleApplication@725ca73f
reloadAllAccessors: .SRinContinuous

===========================================================================================
----------------- testing Thu Sep 24 16:09:38 UTC 2020 /home/travis/build/icyphy/ptII/ptolemy/domains/continuous/test/auto/SampledClocks.xml
----------------- Instantiating /home/travis/build/icyphy/ptII/ptolemy/domains/continuous/test/auto/SampledClocks.xml
7 ms. Memory: 324608K Free: 258847K (80%)
----------------- Invoking toplevel() on ptolemy.moml.MoMLSimpleApplication@25f1b3ae
----------------- Done invoking toplevel() on ptolemy.moml.MoMLSimpleApplication@25f1b3ae
reloadAllAccessors: .SampledClocks

===========================================================================================
----------------- testing Thu Sep 24 16:09:38 UTC 2020 /home/travis/build/icyphy/ptII/ptolemy/domains/continuous/test/auto/Satellite.xml
----------------- Instantiating /home/travis/build/icyphy/ptII/ptolemy/domains/continuous/test/auto/Satellite.xml
697 ms. Memory: 324608K Free: 259548K (80%)
----------------- Invoking toplevel() on ptolemy.moml.MoMLSimpleApplication@24f52e4f
----------------- Done invoking toplevel() on ptolemy.moml.MoMLSimpleApplication@24f52e4f
reloadAllAccessors: .Satellite

===========================================================================================
----------------- testing Thu Sep 24 16:09:39 UTC 2020 /home/travis/build/icyphy/ptII/ptolemy/domains/continuous/test/auto/SigmaDelta.xml
----------------- Instantiating /home/travis/build/icyphy/ptII/ptolemy/domains/continuous/test/auto/SigmaDelta.xml
1926 ms. Memory: 324608K Free: 186432K (57%)
----------------- Invoking toplevel() on ptolemy.moml.MoMLSimpleApplication@7f28b70e
----------------- Done invoking toplevel() on ptolemy.moml.MoMLSimpleApplication@7f28b70e
reloadAllAccessors: .SigmaDelta

===========================================================================================
----------------- testing Thu Sep 24 16:09:41 UTC 2020 /home/travis/build/icyphy/ptII/ptolemy/domains/continuous/test/auto/SingleRefinement.xml
----------------- Instantiating /home/travis/build/icyphy/ptII/ptolemy/domains/continuous/test/auto/SingleRefinement.xml
282 ms. Memory: 324608K Free: 195283K (60%)
----------------- Invoking toplevel() on ptolemy.moml.MoMLSimpleApplication@4850ad15
----------------- Done invoking toplevel() on ptolemy.moml.MoMLSimpleApplication@4850ad15
reloadAllAccessors: .SingleRefinement

===========================================================================================
----------------- testing Thu Sep 24 16:09:41 UTC 2020 /home/travis/build/icyphy/ptII/ptolemy/domains/continuous/test/auto/SinuBouncingBall.xml
----------------- Instantiating /home/travis/build/icyphy/ptII/ptolemy/domains/continuous/test/auto/SinuBouncingBall.xml
721 ms. Memory: 324608K Free: 170703K (53%)
----------------- Invoking toplevel() on ptolemy.moml.MoMLSimpleApplication@5ac43444
----------------- Done invoking toplevel() on ptolemy.moml.MoMLSimpleApplication@5ac43444
reloadAllAccessors: .SinuBouncingBall

===========================================================================================
----------------- testing Thu Sep 24 16:09:42 UTC 2020 /home/travis/build/icyphy/ptII/ptolemy/domains/continuous/test/auto/Sinusoid.xml
----------------- Instantiating /home/travis/build/icyphy/ptII/ptolemy/domains/continuous/test/auto/Sinusoid.xml
4 ms. Memory: 324608K Free: 166127K (51%)
----------------- Invoking toplevel() on ptolemy.moml.MoMLSimpleApplication@2d404e03
----------------- Done invoking toplevel() on ptolemy.moml.MoMLSimpleApplication@2d404e03
reloadAllAccessors: .Sinusoid

===========================================================================================
----------------- testing Thu Sep 24 16:09:42 UTC 2020 /home/travis/build/icyphy/ptII/ptolemy/domains/continuous/test/auto/SinusoidInNoise.xml
----------------- Instantiating /home/travis/build/icyphy/ptII/ptolemy/domains/continuous/test/auto/SinusoidInNoise.xml
789 ms. Memory: 324608K Free: 220779K (68%)
----------------- Invoking toplevel() on ptolemy.moml.MoMLSimpleApplication@d7a32c8
----------------- Done invoking toplevel() on ptolemy.moml.MoMLSimpleApplication@d7a32c8
reloadAllAccessors: .SinusoidInNoise

===========================================================================================
----------------- testing Thu Sep 24 16:09:43 UTC 2020 /home/travis/build/icyphy/ptII/ptolemy/domains/continuous/test/auto/SinusoidRK45.xml
----------------- Instantiating /home/travis/build/icyphy/ptII/ptolemy/domains/continuous/test/auto/SinusoidRK45.xml
3 ms. Memory: 324608K Free: 216173K (67%)
----------------- Invoking toplevel() on ptolemy.moml.MoMLSimpleApplication@71b58192
----------------- Done invoking toplevel() on ptolemy.moml.MoMLSimpleApplication@71b58192
reloadAllAccessors: .SinusoidRK45

===========================================================================================
----------------- testing Thu Sep 24 16:09:43 UTC 2020 /home/travis/build/icyphy/ptII/ptolemy/domains/continuous/test/auto/SinusoidWithMultipleImpulses.xml
----------------- Instantiating /home/travis/build/icyphy/ptII/ptolemy/domains/continuous/test/auto/SinusoidWithMultipleImpulses.xml
3 ms. Memory: 324608K Free: 211563K (65%)
----------------- Invoking toplevel() on ptolemy.moml.MoMLSimpleApplication@437dff04
----------------- Done invoking toplevel() on ptolemy.moml.MoMLSimpleApplication@437dff04
reloadAllAccessors: .SinusoidWithMultipleImpulses

===========================================================================================
----------------- testing Thu Sep 24 16:09:43 UTC 2020 /home/travis/build/icyphy/ptII/ptolemy/domains/continuous/test/auto/SquareWave.xml
----------------- Instantiating /home/travis/build/icyphy/ptII/ptolemy/domains/continuous/test/auto/SquareWave.xml
137 ms. Memory: 324608K Free: 183915K (57%)
----------------- Invoking toplevel() on ptolemy.moml.MoMLSimpleApplication@206375bc
----------------- Done invoking toplevel() on ptolemy.moml.MoMLSimpleApplication@206375bc
reloadAllAccessors: .SquareWave

===========================================================================================
----------------- testing Thu Sep 24 16:09:43 UTC 2020 /home/travis/build/icyphy/ptII/ptolemy/domains/continuous/test/auto/Starmac.xml
----------------- Instantiating /home/travis/build/icyphy/ptII/ptolemy/domains/continuous/test/auto/Starmac.xml
3067 ms. Memory: 324608K Free: 260704K (80%)
----------------- Invoking toplevel() on ptolemy.moml.MoMLSimpleApplication@28db1217
----------------- Done invoking toplevel() on ptolemy.moml.MoMLSimpleApplication@28db1217
reloadAllAccessors: .Starmac

===========================================================================================
----------------- testing Thu Sep 24 16:09:46 UTC 2020 /home/travis/build/icyphy/ptII/ptolemy/domains/continuous/test/auto/StaticUnits.xml
----------------- Instantiating /home/travis/build/icyphy/ptII/ptolemy/domains/continuous/test/auto/StaticUnits.xml
1723 ms. Memory: 324608K Free: 199082K (61%)
----------------- Invoking toplevel() on ptolemy.moml.MoMLSimpleApplication@344e568e
----------------- Done invoking toplevel() on ptolemy.moml.MoMLSimpleApplication@344e568e
reloadAllAccessors: .StaticUnits

===========================================================================================
----------------- testing Thu Sep 24 16:09:49 UTC 2020 /home/travis/build/icyphy/ptII/ptolemy/domains/continuous/test/auto/StickyMasses.xml
----------------- Instantiating /home/travis/build/icyphy/ptII/ptolemy/domains/continuous/test/auto/StickyMasses.xml
136 ms. Memory: 324608K Free: 148906K (46%)
----------------- Invoking toplevel() on ptolemy.moml.MoMLSimpleApplication@15e13237
----------------- Done invoking toplevel() on ptolemy.moml.MoMLSimpleApplication@15e13237
reloadAllAccessors: .StickyMasses

===========================================================================================
----------------- testing Thu Sep 24 16:09:49 UTC 2020 /home/travis/build/icyphy/ptII/ptolemy/domains/continuous/test/auto/StopTime.xml
----------------- Instantiating /home/travis/build/icyphy/ptII/ptolemy/domains/continuous/test/auto/StopTime.xml
42 ms. Memory: 324608K Free: 123306K (38%)
----------------- Invoking toplevel() on ptolemy.moml.MoMLSimpleApplication@bf748d3
----------------- Done invoking toplevel() on ptolemy.moml.MoMLSimpleApplication@bf748d3
reloadAllAccessors: .StopTime

===========================================================================================
----------------- testing Thu Sep 24 16:09:49 UTC 2020 /home/travis/build/icyphy/ptII/ptolemy/domains/continuous/test/auto/StopTime2.xml
----------------- Instantiating /home/travis/build/icyphy/ptII/ptolemy/domains/continuous/test/auto/StopTime2.xml
55 ms. Memory: 324608K Free: 291067K (90%)
----------------- Invoking toplevel() on ptolemy.moml.MoMLSimpleApplication@39f06e7a
----------------- Done invoking toplevel() on ptolemy.moml.MoMLSimpleApplication@39f06e7a
reloadAllAccessors: .StopTime2

===========================================================================================
----------------- testing Thu Sep 24 16:09:49 UTC 2020 /home/travis/build/icyphy/ptII/ptolemy/domains/continuous/test/auto/Switch.xml
----------------- Instantiating /home/travis/build/icyphy/ptII/ptolemy/domains/continuous/test/auto/Switch.xml
37 ms. Memory: 324608K Free: 265735K (82%)
----------------- Invoking toplevel() on ptolemy.moml.MoMLSimpleApplication@7621d30d
----------------- Done invoking toplevel() on ptolemy.moml.MoMLSimpleApplication@7621d30d
reloadAllAccessors: .Switch

===========================================================================================
----------------- testing Thu Sep 24 16:09:49 UTC 2020 /home/travis/build/icyphy/ptII/ptolemy/domains/continuous/test/auto/Thermostat.xml
----------------- Instantiating /home/travis/build/icyphy/ptII/ptolemy/domains/continuous/test/auto/Thermostat.xml
203 ms. Memory: 324608K Free: 193031K (59%)
----------------- Invoking toplevel() on ptolemy.moml.MoMLSimpleApplication@3b8c2d10
----------------- Done invoking toplevel() on ptolemy.moml.MoMLSimpleApplication@3b8c2d10
reloadAllAccessors: .Thermostat

===========================================================================================
----------------- testing Thu Sep 24 16:09:49 UTC 2020 /home/travis/build/icyphy/ptII/ptolemy/domains/continuous/test/auto/TimeDelay.xml
----------------- Instantiating /home/travis/build/icyphy/ptII/ptolemy/domains/continuous/test/auto/TimeDelay.xml
5 ms. Memory: 324608K Free: 188415K (58%)
----------------- Invoking toplevel() on ptolemy.moml.MoMLSimpleApplication@470be8f4
----------------- Done invoking toplevel() on ptolemy.moml.MoMLSimpleApplication@470be8f4
reloadAllAccessors: .TimeDelay

===========================================================================================
----------------- testing Thu Sep 24 16:09:49 UTC 2020 /home/travis/build/icyphy/ptII/ptolemy/domains/continuous/test/auto/TimeDelay2.xml
----------------- Instantiating /home/travis/build/icyphy/ptII/ptolemy/domains/continuous/test/auto/TimeDelay2.xml
7 ms. Memory: 324608K Free: 178695K (55%)
----------------- Invoking toplevel() on ptolemy.moml.MoMLSimpleApplication@5a61dcfb
----------------- Done invoking toplevel() on ptolemy.moml.MoMLSimpleApplication@5a61dcfb
reloadAllAccessors: .TimeDelay2

===========================================================================================
----------------- testing Thu Sep 24 16:09:49 UTC 2020 /home/travis/build/icyphy/ptII/ptolemy/domains/continuous/test/auto/TimeDelay3.xml
----------------- Instantiating /home/travis/build/icyphy/ptII/ptolemy/domains/continuous/test/auto/TimeDelay3.xml
5 ms. Memory: 324608K Free: 174068K (54%)
----------------- Invoking toplevel() on ptolemy.moml.MoMLSimpleApplication@3cd8665d
----------------- Done invoking toplevel() on ptolemy.moml.MoMLSimpleApplication@3cd8665d
reloadAllAccessors: .TimeDelay3

===========================================================================================
----------------- testing Thu Sep 24 16:09:49 UTC 2020 /home/travis/build/icyphy/ptII/ptolemy/domains/continuous/test/auto/TransferAbsentToInside.xml
----------------- Instantiating /home/travis/build/icyphy/ptII/ptolemy/domains/continuous/test/auto/TransferAbsentToInside.xml
54 ms. Memory: 324608K Free: 121351K (37%)
----------------- Invoking toplevel() on ptolemy.moml.MoMLSimpleApplication@1579de3d
----------------- Done invoking toplevel() on ptolemy.moml.MoMLSimpleApplication@1579de3d
reloadAllAccessors: .TransferAbsentToInside

===========================================================================================
----------------- testing Thu Sep 24 16:09:49 UTC 2020 /home/travis/build/icyphy/ptII/ptolemy/domains/continuous/test/auto/Transmission.xml
----------------- Instantiating /home/travis/build/icyphy/ptII/ptolemy/domains/continuous/test/auto/Transmission.xml
776 ms. Memory: 324608K Free: 264183K (81%)
----------------- Invoking toplevel() on ptolemy.moml.MoMLSimpleApplication@6703fdb6
----------------- Done invoking toplevel() on ptolemy.moml.MoMLSimpleApplication@6703fdb6
reloadAllAccessors: .Transmission

===========================================================================================
----------------- testing Thu Sep 24 16:09:50 UTC 2020 /home/travis/build/icyphy/ptII/ptolemy/domains/continuous/test/auto/TriggeredContinuousClock.xml
----------------- Instantiating /home/travis/build/icyphy/ptII/ptolemy/domains/continuous/test/auto/TriggeredContinuousClock.xml
34 ms. Memory: 324608K Free: 234487K (72%)
----------------- Invoking toplevel() on ptolemy.moml.MoMLSimpleApplication@3f740cc5
----------------- Done invoking toplevel() on ptolemy.moml.MoMLSimpleApplication@3f740cc5
reloadAllAccessors: .TriggeredContinuousClock

===========================================================================================
----------------- testing Thu Sep 24 16:09:50 UTC 2020 /home/travis/build/icyphy/ptII/ptolemy/domains/continuous/test/auto/TwoMachineInfiniteBusControl.xml
----------------- Instantiating /home/travis/build/icyphy/ptII/ptolemy/domains/continuous/test/auto/TwoMachineInfiniteBusControl.xml
2598 ms. Memory: 324608K Free: 219602K (68%)
----------------- Invoking toplevel() on ptolemy.moml.MoMLSimpleApplication@6c5a7801
----------------- Done invoking toplevel() on ptolemy.moml.MoMLSimpleApplication@6c5a7801
reloadAllAccessors: .TwoMachineInfiniteBusControl

===========================================================================================
----------------- testing Thu Sep 24 16:09:53 UTC 2020 /home/travis/build/icyphy/ptII/ptolemy/domains/continuous/test/auto/V2V.xml
----------------- Instantiating /home/travis/build/icyphy/ptII/ptolemy/domains/continuous/test/auto/V2V.xml
875 ms. Memory: 324608K Free: 218047K (67%)
----------------- Invoking toplevel() on ptolemy.moml.MoMLSimpleApplication@26ac7b69
----------------- Done invoking toplevel() on ptolemy.moml.MoMLSimpleApplication@26ac7b69
reloadAllAccessors: .V2V

===========================================================================================
----------------- testing Thu Sep 24 16:09:54 UTC 2020 /home/travis/build/icyphy/ptII/ptolemy/domains/continuous/test/auto/hierarchicalModalModel.xml
----------------- Instantiating /home/travis/build/icyphy/ptII/ptolemy/domains/continuous/test/auto/hierarchicalModalModel.xml
7 ms. Memory: 324608K Free: 203711K (63%)
----------------- Invoking toplevel() on ptolemy.moml.MoMLSimpleApplication@2ae5ace1
----------------- Done invoking toplevel() on ptolemy.moml.MoMLSimpleApplication@2ae5ace1
reloadAllAccessors: .hierarchicalModalModel

===========================================================================================
----------------- testing Thu Sep 24 16:09:54 UTC 2020 /home/travis/build/icyphy/ptII/ptolemy/domains/continuous/test/auto/hierarchicalModalModel1.xml
----------------- Instantiating /home/travis/build/icyphy/ptII/ptolemy/domains/continuous/test/auto/hierarchicalModalModel1.xml
7 ms. Memory: 324608K Free: 188861K (58%)
----------------- Invoking toplevel() on ptolemy.moml.MoMLSimpleApplication@509d1697
----------------- Done invoking toplevel() on ptolemy.moml.MoMLSimpleApplication@509d1697
reloadAllAccessors: .hierarchicalModalModel1

===========================================================================================
----------------- testing Thu Sep 24 16:09:54 UTC 2020 /home/travis/build/icyphy/ptII/ptolemy/domains/continuous/test/auto/hierarchicalModalModel2.xml
----------------- Instantiating /home/travis/build/icyphy/ptII/ptolemy/domains/continuous/test/auto/hierarchicalModalModel2.xml
6 ms. Memory: 324608K Free: 176543K (54%)
----------------- Invoking toplevel() on ptolemy.moml.MoMLSimpleApplication@305a6f3d
----------------- Done invoking toplevel() on ptolemy.moml.MoMLSimpleApplication@305a6f3d
reloadAllAccessors: .hierarchicalModalModel2

===========================================================================================
----------------- testing Thu Sep 24 16:09:54 UTC 2020 /home/travis/build/icyphy/ptII/ptolemy/domains/continuous/test/auto/hierarchicalModalModel3.xml
----------------- Instantiating /home/travis/build/icyphy/ptII/ptolemy/domains/continuous/test/auto/hierarchicalModalModel3.xml
5 ms. Memory: 324608K Free: 165823K (51%)
----------------- Invoking toplevel() on ptolemy.moml.MoMLSimpleApplication@cca3c03
----------------- Done invoking toplevel() on ptolemy.moml.MoMLSimpleApplication@cca3c03
reloadAllAccessors: .hierarchicalModalModel3

===========================================================================================
----------------- testing Thu Sep 24 16:09:54 UTC 2020 /home/travis/build/icyphy/ptII/ptolemy/domains/continuous/test/auto/hierarchicalModalModel4.xml
----------------- Instantiating /home/travis/build/icyphy/ptII/ptolemy/domains/continuous/test/auto/hierarchicalModalModel4.xml
4 ms. Memory: 324608K Free: 154045K (47%)
----------------- Invoking toplevel() on ptolemy.moml.MoMLSimpleApplication@582743ac
----------------- Done invoking toplevel() on ptolemy.moml.MoMLSimpleApplication@582743ac
reloadAllAccessors: .hierarchicalModalModel4

===========================================================================================
----------------- testing Thu Sep 24 16:09:54 UTC 2020 /home/travis/build/icyphy/ptII/ptolemy/domains/continuous/test/auto/junk.xml
----------------- Instantiating /home/travis/build/icyphy/ptII/ptolemy/domains/continuous/test/auto/junk.xml
117 ms. Memory: 324608K Free: 128445K (40%)
----------------- Invoking toplevel() on ptolemy.moml.MoMLSimpleApplication@28754af7
----------------- Done invoking toplevel() on ptolemy.moml.MoMLSimpleApplication@28754af7
reloadAllAccessors: .junk
AutoTests.java: About to close Vertx.
AutoTests.java: Vertx closed.
]]></system-out>
  <system-err><![CDATA[Warning: '.Poisson.NonStrictTest' The test produced only 374 tokens, yet the correctValues parameter was expecting 430 tokens.
]]></system-err>
</testsuite>
