<?xml version="1.0" encoding="UTF-8" ?>
<testsuite errors="0" failures="0" hostname="travis-job-74cf700c-8876-4737-9edd-63a30c7b100c" name="ptolemy.domains.de.test.junit.JUnitTclTest" skipped="0" tests="101" time="134.256" timestamp="2018-07-10T01:35:08">
  <properties>
[...]
</properties>
  <testcase classname="ptolemy.util.test.junit.TclTests" name="[0] /home/travis/build/icyphy/ptII/ptolemy/domains/de/test/DependencyLoop.tcl (RunTclFile)" time="0.86" />
  <testcase classname="ptolemy.util.test.junit.TclTests" name="[1] /home/travis/build/icyphy/ptII/ptolemy/domains/de/test/RunDETestsAsQSS.tcl (RunTclFile)" time="93.516" />
  <testcase classname="ptolemy.util.test.junit.AutoKnownFailedTests" name="[0] /home/travis/build/icyphy/ptII/ptolemy/domains/de/test/auto/knownFailedTests/DESDFClockTest.xml (RunModel)" time="2.026" />
  <testcase classname="ptolemy.util.test.junit.AutoKnownFailedTests" name="[1] /home/travis/build/icyphy/ptII/ptolemy/domains/de/test/auto/knownFailedTests/DirectFeedback.xml (RunModel)" time="0.014" />
  <testcase classname="ptolemy.util.test.junit.AutoKnownFailedTests" name="[2] /home/travis/build/icyphy/ptII/ptolemy/domains/de/test/auto/knownFailedTests/FSMSource.xml (RunModel)" time="0.013" />
  <testcase classname="ptolemy.util.test.junit.AutoKnownFailedTests" name="[3] /home/travis/build/icyphy/ptII/ptolemy/domains/de/test/auto/knownFailedTests/HierarchicalModel.xml (RunModel)" time="0.024" />
  <testcase classname="ptolemy.util.test.junit.AutoKnownFailedTests" name="[4] /home/travis/build/icyphy/ptII/ptolemy/domains/de/test/auto/knownFailedTests/dependencyLoop.xml (RunModel)" time="0.026" />
  <testcase classname="ptolemy.util.test.junit.AutoKnownFailedTests" name="[5] /home/travis/build/icyphy/ptII/ptolemy/domains/de/test/auto/knownFailedTests/dependencyLoop2.xml (RunModel)" time="0.026" />
  <testcase classname="ptolemy.util.test.junit.AutoNameArchTests" name="[0] ThereAreNoAutoArchTests (RunModel)" time="0.004" />
  <testcase classname="ptolemy.util.test.junit.AutoTests" name="[0] /home/travis/build/icyphy/ptII/ptolemy/domains/de/test/auto/ActorDepthCalculation_actorWithoutPorts.xml (RunModel)" time="0.013" />
  <testcase classname="ptolemy.util.test.junit.AutoTests" name="[1] /home/travis/build/icyphy/ptII/ptolemy/domains/de/test/auto/AssemblyLine.xml (RunModel)" time="0.015" />
  <testcase classname="ptolemy.util.test.junit.AutoTests" name="[2] /home/travis/build/icyphy/ptII/ptolemy/domains/de/test/auto/CQBug1.xml (RunModel)" time="0.007" />
  <testcase classname="ptolemy.util.test.junit.AutoTests" name="[3] /home/travis/build/icyphy/ptII/ptolemy/domains/de/test/auto/CancelFireAt.xml (RunModel)" time="0.008" />
  <testcase classname="ptolemy.util.test.junit.AutoTests" name="[4] /home/travis/build/icyphy/ptII/ptolemy/domains/de/test/auto/CausalityAndComposabilityAnalysis.xml (RunModel)" time="0.008" />
  <testcase classname="ptolemy.util.test.junit.AutoTests" name="[5] /home/travis/build/icyphy/ptII/ptolemy/domains/de/test/auto/CausalityInterface1.xml (RunModel)" time="0.009" />
  <testcase classname="ptolemy.util.test.junit.AutoTests" name="[6] /home/travis/build/icyphy/ptII/ptolemy/domains/de/test/auto/CausalityInterface15.xml (RunModel)" time="0.012" />
  <testcase classname="ptolemy.util.test.junit.AutoTests" name="[7] /home/travis/build/icyphy/ptII/ptolemy/domains/de/test/auto/CausalityInterface2.xml (RunModel)" time="0.007" />
  <testcase classname="ptolemy.util.test.junit.AutoTests" name="[8] /home/travis/build/icyphy/ptII/ptolemy/domains/de/test/auto/CausalityInterface3.xml (RunModel)" time="0.008" />
  <testcase classname="ptolemy.util.test.junit.AutoTests" name="[9] /home/travis/build/icyphy/ptII/ptolemy/domains/de/test/auto/ClockDrift.xml (RunModel)" time="0.022" />
  <testcase classname="ptolemy.util.test.junit.AutoTests" name="[10] /home/travis/build/icyphy/ptII/ptolemy/domains/de/test/auto/ClockDriftAndValueChange.xml (RunModel)" time="0.031" />
  <testcase classname="ptolemy.util.test.junit.AutoTests" name="[11] /home/travis/build/icyphy/ptII/ptolemy/domains/de/test/auto/ClockDriftChange.xml (RunModel)" time="0.022" />
  <testcase classname="ptolemy.util.test.junit.AutoTests" name="[12] /home/travis/build/icyphy/ptII/ptolemy/domains/de/test/auto/ComposableCausalityAnalysis.xml (RunModel)" time="0.012" />
  <testcase classname="ptolemy.util.test.junit.AutoTests" name="[13] /home/travis/build/icyphy/ptII/ptolemy/domains/de/test/auto/DEFixedPointLimitation.xml (RunModel)" time="0.007" />
  <testcase classname="ptolemy.util.test.junit.AutoTests" name="[14] /home/travis/build/icyphy/ptII/ptolemy/domains/de/test/auto/DEScheduleTest.xml (RunModel)" time="0.021" />
  <testcase classname="ptolemy.util.test.junit.AutoTests" name="[15] /home/travis/build/icyphy/ptII/ptolemy/domains/de/test/auto/DEinDEwithStartTimes.xml (RunModel)" time="0.015" />
  <testcase classname="ptolemy.util.test.junit.AutoTests" name="[16] /home/travis/build/icyphy/ptII/ptolemy/domains/de/test/auto/DEinDEwithStartTimes2.xml (RunModel)" time="0.011" />
  <testcase classname="ptolemy.util.test.junit.AutoTests" name="[17] /home/travis/build/icyphy/ptII/ptolemy/domains/de/test/auto/DateDemo.xml (RunModel)" time="0.022" />
  <testcase classname="ptolemy.util.test.junit.AutoTests" name="[18] /home/travis/build/icyphy/ptII/ptolemy/domains/de/test/auto/DateToEvent.xml (RunModel)" time="2.028" />
  <testcase classname="ptolemy.util.test.junit.AutoTests" name="[19] /home/travis/build/icyphy/ptII/ptolemy/domains/de/test/auto/DepthTest1.xml (RunModel)" time="0.005" />
  <testcase classname="ptolemy.util.test.junit.AutoTests" name="[20] /home/travis/build/icyphy/ptII/ptolemy/domains/de/test/auto/DepthTest2.xml (RunModel)" time="0.012" />
  <testcase classname="ptolemy.util.test.junit.AutoTests" name="[21] /home/travis/build/icyphy/ptII/ptolemy/domains/de/test/auto/DepthTest3.xml (RunModel)" time="0.005" />
  <testcase classname="ptolemy.util.test.junit.AutoTests" name="[22] /home/travis/build/icyphy/ptII/ptolemy/domains/de/test/auto/DepthTest4.xml (RunModel)" time="0.008" />
  <testcase classname="ptolemy.util.test.junit.AutoTests" name="[23] /home/travis/build/icyphy/ptII/ptolemy/domains/de/test/auto/DepthTest5.xml (RunModel)" time="0.008" />
  <testcase classname="ptolemy.util.test.junit.AutoTests" name="[24] /home/travis/build/icyphy/ptII/ptolemy/domains/de/test/auto/DepthTest6.xml (RunModel)" time="0.008" />
  <testcase classname="ptolemy.util.test.junit.AutoTests" name="[25] /home/travis/build/icyphy/ptII/ptolemy/domains/de/test/auto/DepthTest7.xml (RunModel)" time="0.007" />
  <testcase classname="ptolemy.util.test.junit.AutoTests" name="[26] /home/travis/build/icyphy/ptII/ptolemy/domains/de/test/auto/EventToDate.xml (RunModel)" time="3.024" />
  <testcase classname="ptolemy.util.test.junit.AutoTests" name="[27] /home/travis/build/icyphy/ptII/ptolemy/domains/de/test/auto/FSM1.xml (RunModel)" time="0.021" />
  <testcase classname="ptolemy.util.test.junit.AutoTests" name="[28] /home/travis/build/icyphy/ptII/ptolemy/domains/de/test/auto/FSM7.xml (RunModel)" time="0.032" />
  <testcase classname="ptolemy.util.test.junit.AutoTests" name="[29] /home/travis/build/icyphy/ptII/ptolemy/domains/de/test/auto/Inspection.xml (RunModel)" time="0.028" />
  <testcase classname="ptolemy.util.test.junit.AutoTests" name="[30] /home/travis/build/icyphy/ptII/ptolemy/domains/de/test/auto/Iteration.xml (RunModel)" time="0.014" />
  <testcase classname="ptolemy.util.test.junit.AutoTests" name="[31] /home/travis/build/icyphy/ptII/ptolemy/domains/de/test/auto/LineFault.xml (RunModel)" time="0.395" />
  <testcase classname="ptolemy.util.test.junit.AutoTests" name="[32] /home/travis/build/icyphy/ptII/ptolemy/domains/de/test/auto/MergeModel1Add.xml (RunModel)" time="0.039" />
  <testcase classname="ptolemy.util.test.junit.AutoTests" name="[33] /home/travis/build/icyphy/ptII/ptolemy/domains/de/test/auto/MergeModel2Add.xml (RunModel)" time="0.028" />
  <testcase classname="ptolemy.util.test.junit.AutoTests" name="[34] /home/travis/build/icyphy/ptII/ptolemy/domains/de/test/auto/MergeModel3Add.xml (RunModel)" time="0.023" />
  <testcase classname="ptolemy.util.test.junit.AutoTests" name="[35] /home/travis/build/icyphy/ptII/ptolemy/domains/de/test/auto/MergeWithoutDiscard.xml (RunModel)" time="0.006" />
  <testcase classname="ptolemy.util.test.junit.AutoTests" name="[36] /home/travis/build/icyphy/ptII/ptolemy/domains/de/test/auto/Modal1.xml (RunModel)" time="0.024" />
  <testcase classname="ptolemy.util.test.junit.AutoTests" name="[37] /home/travis/build/icyphy/ptII/ptolemy/domains/de/test/auto/Modal2.xml (RunModel)" time="0.022" />
  <testcase classname="ptolemy.util.test.junit.AutoTests" name="[38] /home/travis/build/icyphy/ptII/ptolemy/domains/de/test/auto/Modal3.xml (RunModel)" time="0.033" />
  <testcase classname="ptolemy.util.test.junit.AutoTests" name="[39] /home/travis/build/icyphy/ptII/ptolemy/domains/de/test/auto/Modal4.xml (RunModel)" time="0.028" />
  <testcase classname="ptolemy.util.test.junit.AutoTests" name="[40] /home/travis/build/icyphy/ptII/ptolemy/domains/de/test/auto/Modal5.xml (RunModel)" time="0.02" />
  <testcase classname="ptolemy.util.test.junit.AutoTests" name="[41] /home/travis/build/icyphy/ptII/ptolemy/domains/de/test/auto/Modal6.xml (RunModel)" time="0.018" />
  <testcase classname="ptolemy.util.test.junit.AutoTests" name="[42] /home/travis/build/icyphy/ptII/ptolemy/domains/de/test/auto/Modal7.xml (RunModel)" time="0.02" />
  <testcase classname="ptolemy.util.test.junit.AutoTests" name="[43] /home/travis/build/icyphy/ptII/ptolemy/domains/de/test/auto/ModalModel.xml (RunModel)" time="0.129" />
  <testcase classname="ptolemy.util.test.junit.AutoTests" name="[44] /home/travis/build/icyphy/ptII/ptolemy/domains/de/test/auto/ModalSource.xml (RunModel)" time="0.011" />
  <testcase classname="ptolemy.util.test.junit.AutoTests" name="[45] /home/travis/build/icyphy/ptII/ptolemy/domains/de/test/auto/NonInterruptibleTimerZeroDelay.xml (RunModel)" time="0.011" />
  <testcase classname="ptolemy.util.test.junit.AutoTests" name="[46] /home/travis/build/icyphy/ptII/ptolemy/domains/de/test/auto/OpenQueueingNetwork.xml (RunModel)" time="2.465" />
  <testcase classname="ptolemy.util.test.junit.AutoTests" name="[47] /home/travis/build/icyphy/ptII/ptolemy/domains/de/test/auto/OpenQueuingNetwork.xml (RunModel)" time="0.319" />
  <testcase classname="ptolemy.util.test.junit.AutoTests" name="[48] /home/travis/build/icyphy/ptII/ptolemy/domains/de/test/auto/PeriodicSampler.xml (RunModel)" time="0.008" />
  <testcase classname="ptolemy.util.test.junit.AutoTests" name="[49] /home/travis/build/icyphy/ptII/ptolemy/domains/de/test/auto/PersistentIO.xml (RunModel)" time="0.026" />
  <testcase classname="ptolemy.util.test.junit.AutoTests" name="[50] /home/travis/build/icyphy/ptII/ptolemy/domains/de/test/auto/PortParameterResetOnInitialize.xml (RunModel)" time="0.01" />
  <testcase classname="ptolemy.util.test.junit.AutoTests" name="[51] /home/travis/build/icyphy/ptII/ptolemy/domains/de/test/auto/PortParameterUpdates.xml (RunModel)" time="0.018" />
  <testcase classname="ptolemy.util.test.junit.AutoTests" name="[52] /home/travis/build/icyphy/ptII/ptolemy/domains/de/test/auto/QueueAndServer.xml (RunModel)" time="0.021" />
  <testcase classname="ptolemy.util.test.junit.AutoTests" name="[53] /home/travis/build/icyphy/ptII/ptolemy/domains/de/test/auto/Records.xml (RunModel)" time="0.019" />
  <testcase classname="ptolemy.util.test.junit.AutoTests" name="[54] /home/travis/build/icyphy/ptII/ptolemy/domains/de/test/auto/ResetTransitionWithStartTime1.xml (RunModel)" time="0.021" />
  <testcase classname="ptolemy.util.test.junit.AutoTests" name="[55] /home/travis/build/icyphy/ptII/ptolemy/domains/de/test/auto/ResetTransitionWithStartTime2.xml (RunModel)" time="0.022" />
  <testcase classname="ptolemy.util.test.junit.AutoTests" name="[56] /home/travis/build/icyphy/ptII/ptolemy/domains/de/test/auto/ResetTransitionWithStartTime3.xml (RunModel)" time="0.022" />
  <testcase classname="ptolemy.util.test.junit.AutoTests" name="[57] /home/travis/build/icyphy/ptII/ptolemy/domains/de/test/auto/ResetTransitionWithStartTime4.xml (RunModel)" time="0.018" />
  <testcase classname="ptolemy.util.test.junit.AutoTests" name="[58] /home/travis/build/icyphy/ptII/ptolemy/domains/de/test/auto/ResettableTimer1.xml (RunModel)" time="0.011" />
  <testcase classname="ptolemy.util.test.junit.AutoTests" name="[59] /home/travis/build/icyphy/ptII/ptolemy/domains/de/test/auto/ResettableTimer2.xml (RunModel)" time="0.011" />
  <testcase classname="ptolemy.util.test.junit.AutoTests" name="[60] /home/travis/build/icyphy/ptII/ptolemy/domains/de/test/auto/ResettableTimer3.xml (RunModel)" time="0.009" />
  <testcase classname="ptolemy.util.test.junit.AutoTests" name="[61] /home/travis/build/icyphy/ptII/ptolemy/domains/de/test/auto/ResettableTimer4.xml (RunModel)" time="0.011" />
  <testcase classname="ptolemy.util.test.junit.AutoTests" name="[62] /home/travis/build/icyphy/ptII/ptolemy/domains/de/test/auto/ResettableTimer5.xml (RunModel)" time="0.011" />
  <testcase classname="ptolemy.util.test.junit.AutoTests" name="[63] /home/travis/build/icyphy/ptII/ptolemy/domains/de/test/auto/ResettableTimer6.xml (RunModel)" time="0.021" />
  <testcase classname="ptolemy.util.test.junit.AutoTests" name="[64] /home/travis/build/icyphy/ptII/ptolemy/domains/de/test/auto/ServerZeroDelay.xml (RunModel)" time="0.01" />
  <testcase classname="ptolemy.util.test.junit.AutoTests" name="[65] /home/travis/build/icyphy/ptII/ptolemy/domains/de/test/auto/SmartSender.xml (RunModel)" time="3.016" />
  <testcase classname="ptolemy.util.test.junit.AutoTests" name="[66] /home/travis/build/icyphy/ptII/ptolemy/domains/de/test/auto/ThreadedComposite.xml (RunModel)" time="0.201" />
  <testcase classname="ptolemy.util.test.junit.AutoTests" name="[67] /home/travis/build/icyphy/ptII/ptolemy/domains/de/test/auto/Time.xml (RunModel)" time="0.485" />
  <testcase classname="ptolemy.util.test.junit.AutoTests" name="[68] /home/travis/build/icyphy/ptII/ptolemy/domains/de/test/auto/TimeDelayZeroDelay.xml (RunModel)" time="0.012" />
  <testcase classname="ptolemy.util.test.junit.AutoTests" name="[69] /home/travis/build/icyphy/ptII/ptolemy/domains/de/test/auto/TimerZeroDelay.xml (RunModel)" time="0.009" />
  <testcase classname="ptolemy.util.test.junit.AutoTests" name="[70] /home/travis/build/icyphy/ptII/ptolemy/domains/de/test/auto/TimingParadox.xml (RunModel)" time="0.358" />
  <testcase classname="ptolemy.util.test.junit.AutoTests" name="[71] /home/travis/build/icyphy/ptII/ptolemy/domains/de/test/auto/TransferInputs.xml (RunModel)" time="0.014" />
  <testcase classname="ptolemy.util.test.junit.AutoTests" name="[72] /home/travis/build/icyphy/ptII/ptolemy/domains/de/test/auto/TransferOutputs2.xml (RunModel)" time="0.016" />
  <testcase classname="ptolemy.util.test.junit.AutoTests" name="[73] /home/travis/build/icyphy/ptII/ptolemy/domains/de/test/auto/Trilateration.xml (RunModel)" time="11.393" />
  <testcase classname="ptolemy.util.test.junit.AutoTests" name="[74] /home/travis/build/icyphy/ptII/ptolemy/domains/de/test/auto/TwoSigmaDelta.xml (RunModel)" time="2.423" />
  <testcase classname="ptolemy.util.test.junit.AutoTests" name="[75] /home/travis/build/icyphy/ptII/ptolemy/domains/de/test/auto/VariableDelay.xml (RunModel)" time="0.012" />
  <testcase classname="ptolemy.util.test.junit.AutoTests" name="[76] /home/travis/build/icyphy/ptII/ptolemy/domains/de/test/auto/VariableDelay2.xml (RunModel)" time="0.009" />
  <testcase classname="ptolemy.util.test.junit.AutoTests" name="[77] /home/travis/build/icyphy/ptII/ptolemy/domains/de/test/auto/VariableDelayZeroDelay.xml (RunModel)" time="0.01" />
  <testcase classname="ptolemy.util.test.junit.AutoTests" name="[78] /home/travis/build/icyphy/ptII/ptolemy/domains/de/test/auto/VariableDelayZeroDelay2.xml (RunModel)" time="0.022" />
  <testcase classname="ptolemy.util.test.junit.AutoTests" name="[79] /home/travis/build/icyphy/ptII/ptolemy/domains/de/test/auto/deInCt.xml (RunModel)" time="0.017" />
  <testcase classname="ptolemy.util.test.junit.AutoTests" name="[80] /home/travis/build/icyphy/ptII/ptolemy/domains/de/test/auto/deInCt2.xml (RunModel)" time="0.019" />
  <testcase classname="ptolemy.util.test.junit.AutoTests" name="[81] /home/travis/build/icyphy/ptII/ptolemy/domains/de/test/auto/dynamicCausalityInterface1.xml (RunModel)" time="0.019" />
  <testcase classname="ptolemy.util.test.junit.AutoTests" name="[82] /home/travis/build/icyphy/ptII/ptolemy/domains/de/test/auto/fsm_de_test.xml (RunModel)" time="0.023" />
  <testcase classname="ptolemy.util.test.junit.AutoTests" name="[83] /home/travis/build/icyphy/ptII/ptolemy/domains/de/test/auto/functionDependencyReconstruction.xml (RunModel)" time="0.033" />
  <testcase classname="ptolemy.util.test.junit.AutoTests" name="[84] /home/travis/build/icyphy/ptII/ptolemy/domains/de/test/auto/multirate.xml (RunModel)" time="0.015" />
  <testcase classname="ptolemy.util.test.junit.AutoTests" name="[85] /home/travis/build/icyphy/ptII/ptolemy/domains/de/test/auto/multirate2.xml (RunModel)" time="0.014" />
  <testcase classname="ptolemy.util.test.junit.AutoTests" name="[86] /home/travis/build/icyphy/ptII/ptolemy/domains/de/test/auto/realtime.xml (RunModel)" time="10.01" />
  <testcase classname="ptolemy.util.test.junit.AutoTests" name="[87] /home/travis/build/icyphy/ptII/ptolemy/domains/de/test/auto/relationGroup.xml (RunModel)" time="0.009" />
  <testcase classname="ptolemy.util.test.junit.AutoTests" name="[88] /home/travis/build/icyphy/ptII/ptolemy/domains/de/test/auto/relationGroup2.xml (RunModel)" time="0.01" />
  <testcase classname="ptolemy.util.test.junit.AutoTests" name="[89] /home/travis/build/icyphy/ptII/ptolemy/domains/de/test/auto/sortWithOpaquePorts.xml (RunModel)" time="0.009" />
  <testcase classname="ptolemy.util.test.junit.AutoTests" name="[90] /home/travis/build/icyphy/ptII/ptolemy/domains/de/test/auto/transferInputsandOutputs.xml (RunModel)" time="0.015" />
  <testcase classname="ptolemy.util.test.junit.AutoTests" name="[91] /home/travis/build/icyphy/ptII/ptolemy/domains/de/test/auto/triggerType.xml (RunModel)" time="0.009" />
  <system-out><![CDATA[/home/travis/build/icyphy/ptII/ptolemy/domains/de/test/DependencyLoop.tcl
testDefs.tcl: setting time out to 9000 seconds at Tue Jul 10 01:35:08 UTC 2018
17 ms. Memory: 116224K Free: 93857K (81%)
18 ms. Memory: 146944K Free: 135496K (92%)
/home/travis/build/icyphy/ptII/ptolemy/domains/de/test/RunDETestsAsQSS.tcl
Run the DE tests using ptolemy.domains.qss.test.QSSDirectorTest, which extends QSSDirector and prints a message in the constructors.
------------------ testing $PTII/ptolemy/domains/de/test/auto/knownFailedTests/dependencyLoop.xml (Known Failure) 
19 ms. Memory: 146944K Free: 132384K (90%)


==== $PTIIhome/travis/build/icyphy/ptII/ptolemy/domains/de/test/../../../../: Auto Automatic test in file $PTII/ptolemy/domains/de/test/auto/knownFailedTests/dependencyLoop.xml
==== Contents of test case:

	    # FIXME: we should use $relativeFilename here, but it
	    # might have backslashes under Windows, which causes no end
	    # of trouble.
	    createAndExecute $file
	    list {}
	
.... Test generated KNOWN error:
    while executing
ptolemy.kernel.util.IllegalActionException: Found a zero delay loop containing .dependencyLoop.original
  in .dependencyLoop and .dependencyLoop.original
	at ptolemy.actor.util.CausalityInterfaceForComposites._computeOutputPortDepth(CausalityInterfaceForComposites.java:759)
	at ptolemy.actor.util.CausalityInterfaceForComposites._computeInputDepth(CausalityInterfaceForComposites.java:696)
	at ptolemy.actor.util.CausalityInterfaceForComposites._computeOutputPortDepth(CausalityInterfaceForComposites.java:765)
	at ptolemy.actor.util.CausalityInterfaceForComposites._computeInputDepth(CausalityInterfaceForComposites.java:696)
	at ptolemy.actor.util.CausalityInterfaceForComposites._computeOutputPortDepth(CausalityInterfaceForComposites.java:765)
	at ptolemy.actor.util.CausalityInterfaceForComposites._computeInputDepth(CausalityInterfaceForComposites.java:696)
	at ptolemy.actor.util.CausalityInterfaceForComposites._computeActorDepth(CausalityInterfaceForComposites.java:532)
	at ptolemy.actor.util.CausalityInterfaceForComposites.checkForCycles(CausalityInterfaceForComposites.java:96)
	at ptolemy.domains.de.kernel.DEDirector.preinitialize(DEDirector.java:1338)
	at ptolemy.actor.CompositeActor.preinitialize(CompositeActor.java:1828)
	at ptolemy.actor.Manager.preinitializeAndResolveTypes(Manager.java:1040)
	at ptolemy.actor.Manager.initialize(Manager.java:710)
	at ptolemy.actor.Manager.execute(Manager.java:356)
	at ptolemy.actor.Manager.run(Manager.java:1263)
	at ptolemy.actor.Manager$PtolemyRunThread.run(Manager.java:1915)

    while executing
ptolemy.kernel.util.IllegalActionException: Found a zero delay loop containing .dependencyLoop.original
  in .dependencyLoop and .dependencyLoop.original
    while executing
"java::new ptolemy.moml.MoMLSimpleApplication $file
"
    (procedure "createAndExecute" line 2)
    invoked from within
"createAndExecute $file"
    ("uplevel" body line 5)
    invoked from within
"uplevel $contents_of_test"
------------------ testing $PTII/ptolemy/domains/de/test/auto/knownFailedTests/DESDFClockTest.xml (Known Failure) 
2065 ms. Memory: 146944K Free: 116578K (79%)


==== $PTIIhome/travis/build/icyphy/ptII/ptolemy/domains/de/test/../../../../: Auto Automatic test in file $PTII/ptolemy/domains/de/test/auto/knownFailedTests/DESDFClockTest.xml
==== Contents of test case:

	    # FIXME: we should use $relativeFilename here, but it
	    # might have backslashes under Windows, which causes no end
	    # of trouble.
	    createAndExecute $file
	    list {}
	
.... Test generated KNOWN error:
    while executing
ptolemy.kernel.util.IllegalActionException: Actor is not ready to fire.  Perhaps UpSample.prefire() returned false? Try debugging the actor by selecting "Listen to Actor".  Also, for SDF check moml for tokenConsumptionRate on input.
  in .DESDFClockTest.Play Bell.Copy1:SDF Director and .DESDFClockTest.Play Bell.UpSample
	at ptolemy.actor.sched.StaticSchedulingDirector.fire(StaticSchedulingDirector.java:227)
	at ptolemy.domains.sdf.kernel.SDFDirector.fire(SDFDirector.java:500)
	at ptolemy.actor.CompositeActor.fire(CompositeActor.java:455)
	at ptolemy.domains.de.kernel.DEDirector._fire(DEDirector.java:1949)
	at ptolemy.domains.de.kernel.DEDirector.fire(DEDirector.java:502)
	at ptolemy.actor.CompositeActor.fire(CompositeActor.java:455)
	at ptolemy.actor.Manager.iterate(Manager.java:851)
	at ptolemy.actor.Manager.execute(Manager.java:369)
	at ptolemy.actor.Manager.run(Manager.java:1263)
	at ptolemy.actor.Manager$PtolemyRunThread.run(Manager.java:1915)

    while executing
ptolemy.kernel.util.IllegalActionException: Actor is not ready to fire.  Perhaps UpSample.prefire() returned false? Try debugging the actor by selecting "Listen to Actor".  Also, for SDF check moml for tokenConsumptionRate on input.
  in .DESDFClockTest.Play Bell.Copy1:SDF Director and .DESDFClockTest.Play Bell.UpSample
    while executing
"java::new ptolemy.moml.MoMLSimpleApplication $file
"
    (procedure "createAndExecute" line 2)
    invoked from within
"createAndExecute $file"
    ("uplevel" body line 5)
    invoked from within
"uplevel $contents_of_test"
------------------ testing $PTII/ptolemy/domains/de/test/auto/knownFailedTests/FSMSource.xml (Known Failure) 
23 ms. Memory: 146944K Free: 107555K (73%)
!!!! Auto was marked as failing, but now passes
------------------ testing $PTII/ptolemy/domains/de/test/auto/knownFailedTests/dependencyLoop2.xml (Known Failure) 
8 ms. Memory: 146944K Free: 105672K (72%)


==== $PTIIhome/travis/build/icyphy/ptII/ptolemy/domains/de/test/../../../../: Auto Automatic test in file $PTII/ptolemy/domains/de/test/auto/knownFailedTests/dependencyLoop2.xml
==== Contents of test case:

	    # FIXME: we should use $relativeFilename here, but it
	    # might have backslashes under Windows, which causes no end
	    # of trouble.
	    createAndExecute $file
	    list {}
	
.... Test generated KNOWN error:
    while executing
ptolemy.kernel.util.IllegalActionException: Found a zero delay loop containing .dependencyLoop2.original
  in .dependencyLoop2 and .dependencyLoop2.original
	at ptolemy.actor.util.CausalityInterfaceForComposites._computeOutputPortDepth(CausalityInterfaceForComposites.java:759)
	at ptolemy.actor.util.CausalityInterfaceForComposites._computeInputDepth(CausalityInterfaceForComposites.java:696)
	at ptolemy.actor.util.CausalityInterfaceForComposites._computeOutputPortDepth(CausalityInterfaceForComposites.java:765)
	at ptolemy.actor.util.CausalityInterfaceForComposites._computeInputDepth(CausalityInterfaceForComposites.java:696)
	at ptolemy.actor.util.CausalityInterfaceForComposites._computeOutputPortDepth(CausalityInterfaceForComposites.java:765)
	at ptolemy.actor.util.CausalityInterfaceForComposites._computeInputDepth(CausalityInterfaceForComposites.java:696)
	at ptolemy.actor.util.CausalityInterfaceForComposites._computeActorDepth(CausalityInterfaceForComposites.java:532)
	at ptolemy.actor.util.CausalityInterfaceForComposites.checkForCycles(CausalityInterfaceForComposites.java:96)
	at ptolemy.domains.de.kernel.DEDirector.preinitialize(DEDirector.java:1338)
	at ptolemy.actor.CompositeActor.preinitialize(CompositeActor.java:1828)
	at ptolemy.actor.Manager.preinitializeAndResolveTypes(Manager.java:1040)
	at ptolemy.actor.Manager.initialize(Manager.java:710)
	at ptolemy.actor.Manager.execute(Manager.java:356)
	at ptolemy.actor.Manager.run(Manager.java:1263)
	at ptolemy.actor.Manager$PtolemyRunThread.run(Manager.java:1915)

    while executing
ptolemy.kernel.util.IllegalActionException: Found a zero delay loop containing .dependencyLoop2.original
  in .dependencyLoop2 and .dependencyLoop2.original
    while executing
"java::new ptolemy.moml.MoMLSimpleApplication $file
"
    (procedure "createAndExecute" line 2)
    invoked from within
"createAndExecute $file"
    ("uplevel" body line 5)
    invoked from within
"uplevel $contents_of_test"
------------------ testing $PTII/ptolemy/domains/de/test/auto/knownFailedTests/HierarchicalModel.xml (Known Failure) 
5 ms. Memory: 146944K Free: 85101K (58%)


==== $PTIIhome/travis/build/icyphy/ptII/ptolemy/domains/de/test/../../../../: Auto Automatic test in file $PTII/ptolemy/domains/de/test/auto/knownFailedTests/HierarchicalModel.xml
==== Contents of test case:

	    # FIXME: we should use $relativeFilename here, but it
	    # might have backslashes under Windows, which causes no end
	    # of trouble.
	    createAndExecute $file
	    list {}
	
.... Test generated KNOWN error:
    while executing
ptolemy.kernel.util.IllegalActionException: Found a zero delay loop containing .HierarchicalModel.A
  in .HierarchicalModel and .HierarchicalModel.A
	at ptolemy.actor.util.CausalityInterfaceForComposites._computeOutputPortDepth(CausalityInterfaceForComposites.java:759)
	at ptolemy.actor.util.CausalityInterfaceForComposites._computeInputDepth(CausalityInterfaceForComposites.java:696)
	at ptolemy.actor.util.CausalityInterfaceForComposites._computeOutputPortDepth(CausalityInterfaceForComposites.java:765)
	at ptolemy.actor.util.CausalityInterfaceForComposites._computeInputDepth(CausalityInterfaceForComposites.java:696)
	at ptolemy.actor.util.CausalityInterfaceForComposites._computeOutputPortDepth(CausalityInterfaceForComposites.java:765)
	at ptolemy.actor.util.CausalityInterfaceForComposites._computeInputDepth(CausalityInterfaceForComposites.java:696)
	at ptolemy.actor.util.CausalityInterfaceForComposites._computeActorDepth(CausalityInterfaceForComposites.java:532)
	at ptolemy.actor.util.CausalityInterfaceForComposites.checkForCycles(CausalityInterfaceForComposites.java:96)
	at ptolemy.domains.de.kernel.DEDirector.preinitialize(DEDirector.java:1338)
	at ptolemy.actor.CompositeActor.preinitialize(CompositeActor.java:1828)
	at ptolemy.actor.Manager.preinitializeAndResolveTypes(Manager.java:1040)
	at ptolemy.actor.Manager.initialize(Manager.java:710)
	at ptolemy.actor.Manager.execute(Manager.java:356)
	at ptolemy.actor.Manager.run(Manager.java:1263)
	at ptolemy.actor.Manager$PtolemyRunThread.run(Manager.java:1915)

    while executing
ptolemy.kernel.util.IllegalActionException: Found a zero delay loop containing .HierarchicalModel.A
  in .HierarchicalModel and .HierarchicalModel.A
    while executing
"java::new ptolemy.moml.MoMLSimpleApplication $file
"
    (procedure "createAndExecute" line 2)
    invoked from within
"createAndExecute $file"
    ("uplevel" body line 5)
    invoked from within
"uplevel $contents_of_test"
------------------ testing $PTII/ptolemy/domains/de/test/auto/knownFailedTests/DirectFeedback.xml (Known Failure) 
8 ms. Memory: 146944K Free: 141397K (96%)


==== $PTIIhome/travis/build/icyphy/ptII/ptolemy/domains/de/test/../../../../: Auto Automatic test in file $PTII/ptolemy/domains/de/test/auto/knownFailedTests/DirectFeedback.xml
==== Contents of test case:

	    # FIXME: we should use $relativeFilename here, but it
	    # might have backslashes under Windows, which causes no end
	    # of trouble.
	    createAndExecute $file
	    list {}
	
.... Test generated KNOWN error:
    while executing
ptolemy.kernel.util.IllegalActionException: Test fails in iteration 1.
Value was: 1.0. Should have been: 2.0
  in .DirectFeedback.Test
	at ptolemy.actor.lib.Test.fire(Test.java:268)
	at ptolemy.domains.de.kernel.DEDirector._fire(DEDirector.java:1949)
	at ptolemy.domains.de.kernel.DEDirector.fire(DEDirector.java:502)
	at ptolemy.actor.CompositeActor.fire(CompositeActor.java:455)
	at ptolemy.actor.Manager.iterate(Manager.java:851)
	at ptolemy.actor.Manager.execute(Manager.java:369)
	at ptolemy.actor.Manager.run(Manager.java:1263)
	at ptolemy.actor.Manager$PtolemyRunThread.run(Manager.java:1915)

    while executing
ptolemy.kernel.util.IllegalActionException: Test fails in iteration 1.
Value was: 1.0. Should have been: 2.0
  in .DirectFeedback.Test
    while executing
"java::new ptolemy.moml.MoMLSimpleApplication $file
"
    (procedure "createAndExecute" line 2)
    invoked from within
"createAndExecute $file"
    ("uplevel" body line 5)
    invoked from within
"uplevel $contents_of_test"
------------------ testing $PTII/ptolemy/domains/de/test/auto/ActorDepthCalculation_actorWithoutPorts.xml
auto.tcl: Setting watchdog for 200 seconds at Tue Jul 10 01:35:12 UTC 2018
9 ms. Memory: 146944K Free: 133420K (91%)
ptolemy.util.test.WatchDog.cancel(): canceling Tue Jul 10 01:35:12 UTC 2018
auto.tcl: Setting watchdog for 200 seconds at Tue Jul 10 01:35:12 UTC 2018
5 ms. Memory: 146944K Free: 131316K (89%)
ptolemy.util.test.WatchDog.cancel(): canceling Tue Jul 10 01:35:12 UTC 2018
------------------ testing $PTII/ptolemy/domains/de/test/auto/AssemblyLine.xml
auto.tcl: Setting watchdog for 200 seconds at Tue Jul 10 01:35:12 UTC 2018
12 ms. Memory: 208384K Free: 182778K (88%)
ptolemy.util.test.WatchDog.cancel(): canceling Tue Jul 10 01:35:12 UTC 2018
auto.tcl: Setting watchdog for 200 seconds at Tue Jul 10 01:35:12 UTC 2018
7 ms. Memory: 208384K Free: 182778K (88%)
ptolemy.util.test.WatchDog.cancel(): canceling Tue Jul 10 01:35:12 UTC 2018
------------------ testing $PTII/ptolemy/domains/de/test/auto/CQBug1.xml
auto.tcl: Setting watchdog for 200 seconds at Tue Jul 10 01:35:12 UTC 2018
4 ms. Memory: 208384K Free: 197681K (95%)
ptolemy.util.test.WatchDog.cancel(): canceling Tue Jul 10 01:35:13 UTC 2018
auto.tcl: Setting watchdog for 200 seconds at Tue Jul 10 01:35:13 UTC 2018
2 ms. Memory: 208384K Free: 197681K (95%)
ptolemy.util.test.WatchDog.cancel(): canceling Tue Jul 10 01:35:13 UTC 2018
------------------ testing $PTII/ptolemy/domains/de/test/auto/CancelFireAt.xml
auto.tcl: Setting watchdog for 200 seconds at Tue Jul 10 01:35:13 UTC 2018
4 ms. Memory: 208384K Free: 201411K (97%)
ptolemy.util.test.WatchDog.cancel(): canceling Tue Jul 10 01:35:13 UTC 2018
auto.tcl: Setting watchdog for 200 seconds at Tue Jul 10 01:35:13 UTC 2018
9 ms. Memory: 208384K Free: 199296K (96%)
ptolemy.util.test.WatchDog.cancel(): canceling Tue Jul 10 01:35:13 UTC 2018
------------------ testing $PTII/ptolemy/domains/de/test/auto/CausalityAndComposabilityAnalysis.xml
auto.tcl: Setting watchdog for 200 seconds at Tue Jul 10 01:35:13 UTC 2018
17 ms. Memory: 208384K Free: 196778K (94%)
ptolemy.util.test.WatchDog.cancel(): canceling Tue Jul 10 01:35:13 UTC 2018
auto.tcl: Setting watchdog for 200 seconds at Tue Jul 10 01:35:13 UTC 2018
6 ms. Memory: 208384K Free: 196440K (94%)
ptolemy.util.test.WatchDog.cancel(): canceling Tue Jul 10 01:35:13 UTC 2018
------------------ testing $PTII/ptolemy/domains/de/test/auto/CausalityInterface1.xml
auto.tcl: Setting watchdog for 200 seconds at Tue Jul 10 01:35:13 UTC 2018
21 ms. Memory: 208384K Free: 196353K (94%)
ptolemy.util.test.WatchDog.cancel(): canceling Tue Jul 10 01:35:13 UTC 2018
auto.tcl: Setting watchdog for 200 seconds at Tue Jul 10 01:35:13 UTC 2018
7 ms. Memory: 208384K Free: 196353K (94%)
ptolemy.util.test.WatchDog.cancel(): canceling Tue Jul 10 01:35:13 UTC 2018
------------------ testing $PTII/ptolemy/domains/de/test/auto/CausalityInterface15.xml
auto.tcl: Setting watchdog for 200 seconds at Tue Jul 10 01:35:13 UTC 2018
15 ms. Memory: 208384K Free: 196351K (94%)
ptolemy.util.test.WatchDog.cancel(): canceling Tue Jul 10 01:35:13 UTC 2018
auto.tcl: Setting watchdog for 200 seconds at Tue Jul 10 01:35:13 UTC 2018
4 ms. Memory: 208384K Free: 196351K (94%)
ptolemy.util.test.WatchDog.cancel(): canceling Tue Jul 10 01:35:13 UTC 2018
------------------ testing $PTII/ptolemy/domains/de/test/auto/CausalityInterface2.xml
auto.tcl: Setting watchdog for 200 seconds at Tue Jul 10 01:35:13 UTC 2018
5 ms. Memory: 208384K Free: 196319K (94%)
ptolemy.util.test.WatchDog.cancel(): canceling Tue Jul 10 01:35:13 UTC 2018
auto.tcl: Setting watchdog for 200 seconds at Tue Jul 10 01:35:13 UTC 2018
3 ms. Memory: 208384K Free: 196319K (94%)
ptolemy.util.test.WatchDog.cancel(): canceling Tue Jul 10 01:35:13 UTC 2018
------------------ testing $PTII/ptolemy/domains/de/test/auto/CausalityInterface3.xml
auto.tcl: Setting watchdog for 200 seconds at Tue Jul 10 01:35:13 UTC 2018
4 ms. Memory: 208384K Free: 196686K (94%)
ptolemy.util.test.WatchDog.cancel(): canceling Tue Jul 10 01:35:13 UTC 2018
auto.tcl: Setting watchdog for 200 seconds at Tue Jul 10 01:35:13 UTC 2018
7 ms. Memory: 208384K Free: 196348K (94%)
ptolemy.util.test.WatchDog.cancel(): canceling Tue Jul 10 01:35:13 UTC 2018
------------------ testing $PTII/ptolemy/domains/de/test/auto/ClockDrift.xml
auto.tcl: Setting watchdog for 200 seconds at Tue Jul 10 01:35:13 UTC 2018
99 ms. Memory: 208384K Free: 187536K (90%)
ptolemy.util.test.WatchDog.cancel(): canceling Tue Jul 10 01:35:13 UTC 2018
auto.tcl: Setting watchdog for 200 seconds at Tue Jul 10 01:35:13 UTC 2018
59 ms. Memory: 208384K Free: 185421K (89%)
ptolemy.util.test.WatchDog.cancel(): canceling Tue Jul 10 01:35:13 UTC 2018
------------------ testing $PTII/ptolemy/domains/de/test/auto/ClockDriftAndValueChange.xml
auto.tcl: Setting watchdog for 200 seconds at Tue Jul 10 01:35:13 UTC 2018
27 ms. Memory: 208384K Free: 187351K (90%)
ptolemy.util.test.WatchDog.cancel(): canceling Tue Jul 10 01:35:14 UTC 2018
auto.tcl: Setting watchdog for 200 seconds at Tue Jul 10 01:35:14 UTC 2018
25 ms. Memory: 208384K Free: 185220K (89%)
ptolemy.util.test.WatchDog.cancel(): canceling Tue Jul 10 01:35:14 UTC 2018
------------------ testing $PTII/ptolemy/domains/de/test/auto/ClockDriftChange.xml
auto.tcl: Setting watchdog for 200 seconds at Tue Jul 10 01:35:14 UTC 2018
36 ms. Memory: 208384K Free: 190711K (92%)
ptolemy.util.test.WatchDog.cancel(): canceling Tue Jul 10 01:35:14 UTC 2018
auto.tcl: Setting watchdog for 200 seconds at Tue Jul 10 01:35:14 UTC 2018
27 ms. Memory: 208384K Free: 188596K (91%)
ptolemy.util.test.WatchDog.cancel(): canceling Tue Jul 10 01:35:14 UTC 2018
------------------ testing $PTII/ptolemy/domains/de/test/auto/ComposableCausalityAnalysis.xml
auto.tcl: Setting watchdog for 200 seconds at Tue Jul 10 01:35:14 UTC 2018
2 ms. Memory: 208384K Free: 196210K (94%)
ptolemy.util.test.WatchDog.cancel(): canceling Tue Jul 10 01:35:14 UTC 2018
auto.tcl: Setting watchdog for 200 seconds at Tue Jul 10 01:35:14 UTC 2018
3 ms. Memory: 208384K Free: 194079K (93%)
ptolemy.util.test.WatchDog.cancel(): canceling Tue Jul 10 01:35:14 UTC 2018
------------------ testing $PTII/ptolemy/domains/de/test/auto/DEFixedPointLimitation.xml
auto.tcl: Setting watchdog for 200 seconds at Tue Jul 10 01:35:14 UTC 2018
2 ms. Memory: 208384K Free: 198421K (95%)
ptolemy.util.test.WatchDog.cancel(): canceling Tue Jul 10 01:35:14 UTC 2018
auto.tcl: Setting watchdog for 200 seconds at Tue Jul 10 01:35:14 UTC 2018
2 ms. Memory: 208384K Free: 196306K (94%)
ptolemy.util.test.WatchDog.cancel(): canceling Tue Jul 10 01:35:14 UTC 2018
------------------ testing $PTII/ptolemy/domains/de/test/auto/DEScheduleTest.xml
auto.tcl: Setting watchdog for 200 seconds at Tue Jul 10 01:35:14 UTC 2018
4 ms. Memory: 208384K Free: 198457K (95%)
ptolemy.util.test.WatchDog.cancel(): canceling Tue Jul 10 01:35:14 UTC 2018
auto.tcl: Setting watchdog for 200 seconds at Tue Jul 10 01:35:14 UTC 2018
5 ms. Memory: 208384K Free: 196334K (94%)
ptolemy.util.test.WatchDog.cancel(): canceling Tue Jul 10 01:35:14 UTC 2018
------------------ testing $PTII/ptolemy/domains/de/test/auto/DEinDEwithStartTimes.xml
auto.tcl: Setting watchdog for 200 seconds at Tue Jul 10 01:35:14 UTC 2018
7 ms. Memory: 208384K Free: 196296K (94%)
ptolemy.util.test.WatchDog.cancel(): canceling Tue Jul 10 01:35:14 UTC 2018
auto.tcl: Setting watchdog for 200 seconds at Tue Jul 10 01:35:14 UTC 2018
3 ms. Memory: 208384K Free: 194180K (93%)
ptolemy.util.test.WatchDog.cancel(): canceling Tue Jul 10 01:35:14 UTC 2018
------------------ testing $PTII/ptolemy/domains/de/test/auto/DEinDEwithStartTimes2.xml
auto.tcl: Setting watchdog for 200 seconds at Tue Jul 10 01:35:14 UTC 2018
8 ms. Memory: 208384K Free: 196275K (94%)
ptolemy.util.test.WatchDog.cancel(): canceling Tue Jul 10 01:35:14 UTC 2018
auto.tcl: Setting watchdog for 200 seconds at Tue Jul 10 01:35:14 UTC 2018
4 ms. Memory: 208384K Free: 194144K (93%)
ptolemy.util.test.WatchDog.cancel(): canceling Tue Jul 10 01:35:14 UTC 2018
------------------ testing $PTII/ptolemy/domains/de/test/auto/DateDemo.xml
auto.tcl: Setting watchdog for 200 seconds at Tue Jul 10 01:35:14 UTC 2018
17 ms. Memory: 208384K Free: 188627K (91%)
ptolemy.util.test.WatchDog.cancel(): canceling Tue Jul 10 01:35:14 UTC 2018
auto.tcl: Setting watchdog for 200 seconds at Tue Jul 10 01:35:14 UTC 2018
7 ms. Memory: 208384K Free: 186504K (90%)
ptolemy.util.test.WatchDog.cancel(): canceling Tue Jul 10 01:35:14 UTC 2018
------------------ testing $PTII/ptolemy/domains/de/test/auto/DateToEvent.xml
auto.tcl: Setting watchdog for 200 seconds at Tue Jul 10 01:35:14 UTC 2018
2022 ms. Memory: 208384K Free: 183295K (88%)
ptolemy.util.test.WatchDog.cancel(): canceling Tue Jul 10 01:35:17 UTC 2018
auto.tcl: Setting watchdog for 200 seconds at Tue Jul 10 01:35:17 UTC 2018
2005 ms. Memory: 208384K Free: 183295K (88%)
ptolemy.util.test.WatchDog.cancel(): canceling Tue Jul 10 01:35:19 UTC 2018
------------------ testing $PTII/ptolemy/domains/de/test/auto/DepthTest1.xml
auto.tcl: Setting watchdog for 200 seconds at Tue Jul 10 01:35:19 UTC 2018
3 ms. Memory: 208384K Free: 197985K (95%)
ptolemy.util.test.WatchDog.cancel(): canceling Tue Jul 10 01:35:19 UTC 2018
auto.tcl: Setting watchdog for 200 seconds at Tue Jul 10 01:35:19 UTC 2018
3 ms. Memory: 208384K Free: 197985K (95%)
ptolemy.util.test.WatchDog.cancel(): canceling Tue Jul 10 01:35:19 UTC 2018
------------------ testing $PTII/ptolemy/domains/de/test/auto/DepthTest2.xml
auto.tcl: Setting watchdog for 200 seconds at Tue Jul 10 01:35:19 UTC 2018
11 ms. Memory: 208384K Free: 194172K (93%)
ptolemy.util.test.WatchDog.cancel(): canceling Tue Jul 10 01:35:19 UTC 2018
auto.tcl: Setting watchdog for 200 seconds at Tue Jul 10 01:35:19 UTC 2018
2 ms. Memory: 208384K Free: 194172K (93%)
ptolemy.util.test.WatchDog.cancel(): canceling Tue Jul 10 01:35:19 UTC 2018
------------------ testing $PTII/ptolemy/domains/de/test/auto/DepthTest3.xml
auto.tcl: Setting watchdog for 200 seconds at Tue Jul 10 01:35:19 UTC 2018
6 ms. Memory: 208384K Free: 198649K (95%)
ptolemy.util.test.WatchDog.cancel(): canceling Tue Jul 10 01:35:19 UTC 2018
auto.tcl: Setting watchdog for 200 seconds at Tue Jul 10 01:35:19 UTC 2018
2 ms. Memory: 208384K Free: 198649K (95%)
ptolemy.util.test.WatchDog.cancel(): canceling Tue Jul 10 01:35:19 UTC 2018
------------------ testing $PTII/ptolemy/domains/de/test/auto/DepthTest4.xml
auto.tcl: Setting watchdog for 200 seconds at Tue Jul 10 01:35:19 UTC 2018
6 ms. Memory: 208384K Free: 196276K (94%)
ptolemy.util.test.WatchDog.cancel(): canceling Tue Jul 10 01:35:19 UTC 2018
auto.tcl: Setting watchdog for 200 seconds at Tue Jul 10 01:35:19 UTC 2018
2 ms. Memory: 208384K Free: 196276K (94%)
ptolemy.util.test.WatchDog.cancel(): canceling Tue Jul 10 01:35:19 UTC 2018
------------------ testing $PTII/ptolemy/domains/de/test/auto/DepthTest5.xml
auto.tcl: Setting watchdog for 200 seconds at Tue Jul 10 01:35:19 UTC 2018
2 ms. Memory: 208384K Free: 196231K (94%)
ptolemy.util.test.WatchDog.cancel(): canceling Tue Jul 10 01:35:19 UTC 2018
auto.tcl: Setting watchdog for 200 seconds at Tue Jul 10 01:35:19 UTC 2018
2 ms. Memory: 208384K Free: 196231K (94%)
ptolemy.util.test.WatchDog.cancel(): canceling Tue Jul 10 01:35:19 UTC 2018
------------------ testing $PTII/ptolemy/domains/de/test/auto/DepthTest6.xml
auto.tcl: Setting watchdog for 200 seconds at Tue Jul 10 01:35:19 UTC 2018
9 ms. Memory: 208384K Free: 196536K (94%)
ptolemy.util.test.WatchDog.cancel(): canceling Tue Jul 10 01:35:19 UTC 2018
auto.tcl: Setting watchdog for 200 seconds at Tue Jul 10 01:35:19 UTC 2018
3 ms. Memory: 208384K Free: 196536K (94%)
ptolemy.util.test.WatchDog.cancel(): canceling Tue Jul 10 01:35:19 UTC 2018
------------------ testing $PTII/ptolemy/domains/de/test/auto/DepthTest7.xml
auto.tcl: Setting watchdog for 200 seconds at Tue Jul 10 01:35:19 UTC 2018
3 ms. Memory: 208384K Free: 196165K (94%)
ptolemy.util.test.WatchDog.cancel(): canceling Tue Jul 10 01:35:19 UTC 2018
auto.tcl: Setting watchdog for 200 seconds at Tue Jul 10 01:35:19 UTC 2018
3 ms. Memory: 208384K Free: 196165K (94%)
ptolemy.util.test.WatchDog.cancel(): canceling Tue Jul 10 01:35:19 UTC 2018
------------------ testing $PTII/ptolemy/domains/de/test/auto/EventToDate.xml
auto.tcl: Setting watchdog for 200 seconds at Tue Jul 10 01:35:19 UTC 2018
3007 ms. Memory: 208384K Free: 183121K (88%)
ptolemy.util.test.WatchDog.cancel(): canceling Tue Jul 10 01:35:22 UTC 2018
auto.tcl: Setting watchdog for 200 seconds at Tue Jul 10 01:35:22 UTC 2018
3004 ms. Memory: 208384K Free: 183121K (88%)
ptolemy.util.test.WatchDog.cancel(): canceling Tue Jul 10 01:35:25 UTC 2018
------------------ testing $PTII/ptolemy/domains/de/test/auto/FSM1.xml
auto.tcl: Setting watchdog for 200 seconds at Tue Jul 10 01:35:25 UTC 2018
22 ms. Memory: 208384K Free: 189178K (91%)
ptolemy.util.test.WatchDog.cancel(): canceling Tue Jul 10 01:35:25 UTC 2018
auto.tcl: Setting watchdog for 200 seconds at Tue Jul 10 01:35:25 UTC 2018
22 ms. Memory: 208384K Free: 184932K (89%)
ptolemy.util.test.WatchDog.cancel(): canceling Tue Jul 10 01:35:25 UTC 2018
------------------ testing $PTII/ptolemy/domains/de/test/auto/FSM7.xml
auto.tcl: Setting watchdog for 200 seconds at Tue Jul 10 01:35:25 UTC 2018
25 ms. Memory: 208384K Free: 187243K (90%)
ptolemy.util.test.WatchDog.cancel(): canceling Tue Jul 10 01:35:25 UTC 2018
auto.tcl: Setting watchdog for 200 seconds at Tue Jul 10 01:35:25 UTC 2018
21 ms. Memory: 208384K Free: 185112K (89%)
ptolemy.util.test.WatchDog.cancel(): canceling Tue Jul 10 01:35:25 UTC 2018
------------------ testing $PTII/ptolemy/domains/de/test/auto/Inspection.xml
auto.tcl: Setting watchdog for 200 seconds at Tue Jul 10 01:35:25 UTC 2018
28 ms. Memory: 208384K Free: 188826K (91%)
ptolemy.util.test.WatchDog.cancel(): canceling Tue Jul 10 01:35:26 UTC 2018
auto.tcl: Setting watchdog for 200 seconds at Tue Jul 10 01:35:26 UTC 2018
36 ms. Memory: 208384K Free: 186695K (90%)
ptolemy.util.test.WatchDog.cancel(): canceling Tue Jul 10 01:35:26 UTC 2018
------------------ testing $PTII/ptolemy/domains/de/test/auto/Iteration.xml
auto.tcl: Setting watchdog for 200 seconds at Tue Jul 10 01:35:26 UTC 2018
9 ms. Memory: 208384K Free: 196341K (94%)
ptolemy.util.test.WatchDog.cancel(): canceling Tue Jul 10 01:35:26 UTC 2018
auto.tcl: Setting watchdog for 200 seconds at Tue Jul 10 01:35:26 UTC 2018
9 ms. Memory: 208384K Free: 194226K (93%)
ptolemy.util.test.WatchDog.cancel(): canceling Tue Jul 10 01:35:26 UTC 2018
------------------ testing $PTII/ptolemy/domains/de/test/auto/LineFault.xml
auto.tcl: Setting watchdog for 200 seconds at Tue Jul 10 01:35:26 UTC 2018
951 ms. Memory: 208384K Free: 194956K (94%)
ptolemy.util.test.WatchDog.cancel(): canceling Tue Jul 10 01:35:27 UTC 2018
auto.tcl: Setting watchdog for 200 seconds at Tue Jul 10 01:35:27 UTC 2018
859 ms. Memory: 208384K Free: 139026K (67%)
ptolemy.util.test.WatchDog.cancel(): canceling Tue Jul 10 01:35:28 UTC 2018
------------------ testing $PTII/ptolemy/domains/de/test/auto/MergeModel1Add.xml
auto.tcl: Setting watchdog for 200 seconds at Tue Jul 10 01:35:28 UTC 2018
32 ms. Memory: 331264K Free: 298995K (90%)
ptolemy.util.test.WatchDog.cancel(): canceling Tue Jul 10 01:35:28 UTC 2018
auto.tcl: Setting watchdog for 200 seconds at Tue Jul 10 01:35:28 UTC 2018
12 ms. Memory: 331264K Free: 298995K (90%)
ptolemy.util.test.WatchDog.cancel(): canceling Tue Jul 10 01:35:28 UTC 2018
------------------ testing $PTII/ptolemy/domains/de/test/auto/MergeModel2Add.xml
auto.tcl: Setting watchdog for 200 seconds at Tue Jul 10 01:35:28 UTC 2018
13 ms. Memory: 331264K Free: 304253K (92%)
ptolemy.util.test.WatchDog.cancel(): canceling Tue Jul 10 01:35:28 UTC 2018
auto.tcl: Setting watchdog for 200 seconds at Tue Jul 10 01:35:28 UTC 2018
14 ms. Memory: 331264K Free: 300332K (91%)
ptolemy.util.test.WatchDog.cancel(): canceling Tue Jul 10 01:35:28 UTC 2018
------------------ testing $PTII/ptolemy/domains/de/test/auto/MergeModel3Add.xml
auto.tcl: Setting watchdog for 200 seconds at Tue Jul 10 01:35:28 UTC 2018
11 ms. Memory: 331264K Free: 304271K (92%)
ptolemy.util.test.WatchDog.cancel(): canceling Tue Jul 10 01:35:28 UTC 2018
auto.tcl: Setting watchdog for 200 seconds at Tue Jul 10 01:35:28 UTC 2018
11 ms. Memory: 331264K Free: 300351K (91%)
ptolemy.util.test.WatchDog.cancel(): canceling Tue Jul 10 01:35:28 UTC 2018
------------------ testing $PTII/ptolemy/domains/de/test/auto/MergeWithoutDiscard.xml
auto.tcl: Setting watchdog for 200 seconds at Tue Jul 10 01:35:28 UTC 2018
3 ms. Memory: 331264K Free: 320259K (97%)
ptolemy.util.test.WatchDog.cancel(): canceling Tue Jul 10 01:35:28 UTC 2018
auto.tcl: Setting watchdog for 200 seconds at Tue Jul 10 01:35:28 UTC 2018
1 ms. Memory: 331264K Free: 316053K (95%)
ptolemy.util.test.WatchDog.cancel(): canceling Tue Jul 10 01:35:28 UTC 2018
------------------ testing $PTII/ptolemy/domains/de/test/auto/Modal1.xml
auto.tcl: Setting watchdog for 200 seconds at Tue Jul 10 01:35:28 UTC 2018
12 ms. Memory: 331264K Free: 309973K (94%)
ptolemy.util.test.WatchDog.cancel(): canceling Tue Jul 10 01:35:29 UTC 2018
auto.tcl: Setting watchdog for 200 seconds at Tue Jul 10 01:35:29 UTC 2018
13 ms. Memory: 331264K Free: 306037K (92%)
ptolemy.util.test.WatchDog.cancel(): canceling Tue Jul 10 01:35:29 UTC 2018
------------------ testing $PTII/ptolemy/domains/de/test/auto/Modal2.xml
auto.tcl: Setting watchdog for 200 seconds at Tue Jul 10 01:35:29 UTC 2018
22 ms. Memory: 331264K Free: 309831K (94%)
ptolemy.util.test.WatchDog.cancel(): canceling Tue Jul 10 01:35:29 UTC 2018
auto.tcl: Setting watchdog for 200 seconds at Tue Jul 10 01:35:29 UTC 2018
12 ms. Memory: 331264K Free: 305911K (92%)
ptolemy.util.test.WatchDog.cancel(): canceling Tue Jul 10 01:35:29 UTC 2018
------------------ testing $PTII/ptolemy/domains/de/test/auto/Modal3.xml
auto.tcl: Setting watchdog for 200 seconds at Tue Jul 10 01:35:29 UTC 2018
12 ms. Memory: 331264K Free: 309821K (94%)
ptolemy.util.test.WatchDog.cancel(): canceling Tue Jul 10 01:35:29 UTC 2018
auto.tcl: Setting watchdog for 200 seconds at Tue Jul 10 01:35:29 UTC 2018
13 ms. Memory: 331264K Free: 305901K (92%)
ptolemy.util.test.WatchDog.cancel(): canceling Tue Jul 10 01:35:29 UTC 2018
------------------ testing $PTII/ptolemy/domains/de/test/auto/Modal4.xml
auto.tcl: Setting watchdog for 200 seconds at Tue Jul 10 01:35:29 UTC 2018
14 ms. Memory: 331264K Free: 309842K (94%)
ptolemy.util.test.WatchDog.cancel(): canceling Tue Jul 10 01:35:29 UTC 2018
auto.tcl: Setting watchdog for 200 seconds at Tue Jul 10 01:35:29 UTC 2018
24 ms. Memory: 331264K Free: 305906K (92%)
ptolemy.util.test.WatchDog.cancel(): canceling Tue Jul 10 01:35:29 UTC 2018
------------------ testing $PTII/ptolemy/domains/de/test/auto/Modal5.xml
auto.tcl: Setting watchdog for 200 seconds at Tue Jul 10 01:35:29 UTC 2018
19 ms. Memory: 331264K Free: 309829K (94%)
ptolemy.util.test.WatchDog.cancel(): canceling Tue Jul 10 01:35:29 UTC 2018
auto.tcl: Setting watchdog for 200 seconds at Tue Jul 10 01:35:29 UTC 2018
15 ms. Memory: 331264K Free: 305893K (92%)
ptolemy.util.test.WatchDog.cancel(): canceling Tue Jul 10 01:35:29 UTC 2018
------------------ testing $PTII/ptolemy/domains/de/test/auto/Modal6.xml
auto.tcl: Setting watchdog for 200 seconds at Tue Jul 10 01:35:29 UTC 2018
12 ms. Memory: 331264K Free: 309819K (94%)
ptolemy.util.test.WatchDog.cancel(): canceling Tue Jul 10 01:35:29 UTC 2018
auto.tcl: Setting watchdog for 200 seconds at Tue Jul 10 01:35:29 UTC 2018
15 ms. Memory: 331264K Free: 305883K (92%)
ptolemy.util.test.WatchDog.cancel(): canceling Tue Jul 10 01:35:29 UTC 2018
------------------ testing $PTII/ptolemy/domains/de/test/auto/Modal7.xml
auto.tcl: Setting watchdog for 200 seconds at Tue Jul 10 01:35:29 UTC 2018
11 ms. Memory: 331264K Free: 305899K (92%)
ptolemy.util.test.WatchDog.cancel(): canceling Tue Jul 10 01:35:29 UTC 2018
auto.tcl: Setting watchdog for 200 seconds at Tue Jul 10 01:35:29 UTC 2018
12 ms. Memory: 331264K Free: 305899K (92%)
ptolemy.util.test.WatchDog.cancel(): canceling Tue Jul 10 01:35:29 UTC 2018
------------------ testing $PTII/ptolemy/domains/de/test/auto/ModalModel.xml
auto.tcl: Setting watchdog for 200 seconds at Tue Jul 10 01:35:29 UTC 2018
198 ms. Memory: 331264K Free: 246112K (74%)
ptolemy.util.test.WatchDog.cancel(): canceling Tue Jul 10 01:35:30 UTC 2018
auto.tcl: Setting watchdog for 200 seconds at Tue Jul 10 01:35:30 UTC 2018
231 ms. Memory: 331264K Free: 191101K (58%)
ptolemy.util.test.WatchDog.cancel(): canceling Tue Jul 10 01:35:30 UTC 2018
------------------ testing $PTII/ptolemy/domains/de/test/auto/ModalSource.xml
auto.tcl: Setting watchdog for 200 seconds at Tue Jul 10 01:35:30 UTC 2018
10 ms. Memory: 331264K Free: 316776K (96%)
ptolemy.util.test.WatchDog.cancel(): canceling Tue Jul 10 01:35:30 UTC 2018
auto.tcl: Setting watchdog for 200 seconds at Tue Jul 10 01:35:30 UTC 2018
7 ms. Memory: 331264K Free: 313267K (95%)
ptolemy.util.test.WatchDog.cancel(): canceling Tue Jul 10 01:35:30 UTC 2018
------------------ testing $PTII/ptolemy/domains/de/test/auto/NonInterruptibleTimerZeroDelay.xml
auto.tcl: Setting watchdog for 200 seconds at Tue Jul 10 01:35:30 UTC 2018
4 ms. Memory: 331264K Free: 320922K (97%)
ptolemy.util.test.WatchDog.cancel(): canceling Tue Jul 10 01:35:30 UTC 2018
auto.tcl: Setting watchdog for 200 seconds at Tue Jul 10 01:35:30 UTC 2018
3 ms. Memory: 331264K Free: 317428K (96%)
ptolemy.util.test.WatchDog.cancel(): canceling Tue Jul 10 01:35:30 UTC 2018
------------------ testing $PTII/ptolemy/domains/de/test/auto/OpenQueueingNetwork.xml
auto.tcl: Setting watchdog for 200 seconds at Tue Jul 10 01:35:30 UTC 2018
4232 ms. Memory: 573952K Free: 391446K (68%)
ptolemy.util.test.WatchDog.cancel(): canceling Tue Jul 10 01:35:34 UTC 2018
auto.tcl: Setting watchdog for 200 seconds at Tue Jul 10 01:35:34 UTC 2018
3483 ms. Memory: 550912K Free: 271768K (49%)
ptolemy.util.test.WatchDog.cancel(): canceling Tue Jul 10 01:35:38 UTC 2018
------------------ testing $PTII/ptolemy/domains/de/test/auto/OpenQueuingNetwork.xml
auto.tcl: Setting watchdog for 200 seconds at Tue Jul 10 01:35:38 UTC 2018
348 ms. Memory: 549888K Free: 445047K (81%)
ptolemy.util.test.WatchDog.cancel(): canceling Tue Jul 10 01:35:38 UTC 2018
auto.tcl: Setting watchdog for 200 seconds at Tue Jul 10 01:35:38 UTC 2018
339 ms. Memory: 549888K Free: 385445K (70%)
ptolemy.util.test.WatchDog.cancel(): canceling Tue Jul 10 01:35:39 UTC 2018
------------------ testing $PTII/ptolemy/domains/de/test/auto/PeriodicSampler.xml
auto.tcl: Setting watchdog for 200 seconds at Tue Jul 10 01:35:39 UTC 2018
3 ms. Memory: 551936K Free: 530601K (96%)
ptolemy.util.test.WatchDog.cancel(): canceling Tue Jul 10 01:35:39 UTC 2018
auto.tcl: Setting watchdog for 200 seconds at Tue Jul 10 01:35:39 UTC 2018
3 ms. Memory: 551936K Free: 530601K (96%)
ptolemy.util.test.WatchDog.cancel(): canceling Tue Jul 10 01:35:39 UTC 2018
------------------ testing $PTII/ptolemy/domains/de/test/auto/PersistentIO.xml
auto.tcl: Setting watchdog for 200 seconds at Tue Jul 10 01:35:39 UTC 2018
16 ms. Memory: 549376K Free: 522231K (95%)
ptolemy.util.test.WatchDog.cancel(): canceling Tue Jul 10 01:35:39 UTC 2018
auto.tcl: Setting watchdog for 200 seconds at Tue Jul 10 01:35:39 UTC 2018
4 ms. Memory: 549376K Free: 522231K (95%)
ptolemy.util.test.WatchDog.cancel(): canceling Tue Jul 10 01:35:39 UTC 2018
------------------ testing $PTII/ptolemy/domains/de/test/auto/PortParameterResetOnInitialize.xml
auto.tcl: Setting watchdog for 200 seconds at Tue Jul 10 01:35:39 UTC 2018
3 ms. Memory: 551424K Free: 530778K (96%)
ptolemy.util.test.WatchDog.cancel(): canceling Tue Jul 10 01:35:39 UTC 2018
auto.tcl: Setting watchdog for 200 seconds at Tue Jul 10 01:35:39 UTC 2018
2 ms. Memory: 551424K Free: 530778K (96%)
ptolemy.util.test.WatchDog.cancel(): canceling Tue Jul 10 01:35:39 UTC 2018
------------------ testing $PTII/ptolemy/domains/de/test/auto/PortParameterUpdates.xml
auto.tcl: Setting watchdog for 200 seconds at Tue Jul 10 01:35:39 UTC 2018
4 ms. Memory: 549376K Free: 528634K (96%)
ptolemy.util.test.WatchDog.cancel(): canceling Tue Jul 10 01:35:39 UTC 2018
auto.tcl: Setting watchdog for 200 seconds at Tue Jul 10 01:35:39 UTC 2018
4 ms. Memory: 549376K Free: 522004K (95%)
ptolemy.util.test.WatchDog.cancel(): canceling Tue Jul 10 01:35:39 UTC 2018
------------------ testing $PTII/ptolemy/domains/de/test/auto/QueueAndServer.xml
auto.tcl: Setting watchdog for 200 seconds at Tue Jul 10 01:35:39 UTC 2018
8 ms. Memory: 551424K Free: 530646K (96%)
ptolemy.util.test.WatchDog.cancel(): canceling Tue Jul 10 01:35:39 UTC 2018
auto.tcl: Setting watchdog for 200 seconds at Tue Jul 10 01:35:39 UTC 2018
7 ms. Memory: 551424K Free: 524007K (95%)
ptolemy.util.test.WatchDog.cancel(): canceling Tue Jul 10 01:35:39 UTC 2018
------------------ testing $PTII/ptolemy/domains/de/test/auto/Records.xml
auto.tcl: Setting watchdog for 200 seconds at Tue Jul 10 01:35:39 UTC 2018
5 ms. Memory: 549376K Free: 533219K (97%)
ptolemy.util.test.WatchDog.cancel(): canceling Tue Jul 10 01:35:39 UTC 2018
auto.tcl: Setting watchdog for 200 seconds at Tue Jul 10 01:35:39 UTC 2018
3 ms. Memory: 549376K Free: 533219K (97%)
ptolemy.util.test.WatchDog.cancel(): canceling Tue Jul 10 01:35:39 UTC 2018
------------------ testing $PTII/ptolemy/domains/de/test/auto/ResetTransitionWithStartTime1.xml
auto.tcl: Setting watchdog for 200 seconds at Tue Jul 10 01:35:39 UTC 2018
10 ms. Memory: 551424K Free: 528899K (96%)
ptolemy.util.test.WatchDog.cancel(): canceling Tue Jul 10 01:35:39 UTC 2018
auto.tcl: Setting watchdog for 200 seconds at Tue Jul 10 01:35:39 UTC 2018
6 ms. Memory: 551424K Free: 528669K (96%)
ptolemy.util.test.WatchDog.cancel(): canceling Tue Jul 10 01:35:39 UTC 2018
------------------ testing $PTII/ptolemy/domains/de/test/auto/ResetTransitionWithStartTime2.xml
auto.tcl: Setting watchdog for 200 seconds at Tue Jul 10 01:35:39 UTC 2018
9 ms. Memory: 549376K Free: 526842K (96%)
ptolemy.util.test.WatchDog.cancel(): canceling Tue Jul 10 01:35:39 UTC 2018
auto.tcl: Setting watchdog for 200 seconds at Tue Jul 10 01:35:39 UTC 2018
8 ms. Memory: 549376K Free: 526842K (96%)
ptolemy.util.test.WatchDog.cancel(): canceling Tue Jul 10 01:35:39 UTC 2018
------------------ testing $PTII/ptolemy/domains/de/test/auto/ResetTransitionWithStartTime3.xml
auto.tcl: Setting watchdog for 200 seconds at Tue Jul 10 01:35:39 UTC 2018
10 ms. Memory: 550912K Free: 528147K (96%)
ptolemy.util.test.WatchDog.cancel(): canceling Tue Jul 10 01:35:40 UTC 2018
auto.tcl: Setting watchdog for 200 seconds at Tue Jul 10 01:35:40 UTC 2018
8 ms. Memory: 550912K Free: 528147K (96%)
ptolemy.util.test.WatchDog.cancel(): canceling Tue Jul 10 01:35:40 UTC 2018
------------------ testing $PTII/ptolemy/domains/de/test/auto/ResetTransitionWithStartTime4.xml
auto.tcl: Setting watchdog for 200 seconds at Tue Jul 10 01:35:40 UTC 2018
5 ms. Memory: 549376K Free: 526600K (96%)
ptolemy.util.test.WatchDog.cancel(): canceling Tue Jul 10 01:35:40 UTC 2018
auto.tcl: Setting watchdog for 200 seconds at Tue Jul 10 01:35:40 UTC 2018
5 ms. Memory: 549376K Free: 526600K (96%)
ptolemy.util.test.WatchDog.cancel(): canceling Tue Jul 10 01:35:40 UTC 2018
------------------ testing $PTII/ptolemy/domains/de/test/auto/ResettableTimer1.xml
auto.tcl: Setting watchdog for 200 seconds at Tue Jul 10 01:35:40 UTC 2018
3 ms. Memory: 550912K Free: 534623K (97%)
ptolemy.util.test.WatchDog.cancel(): canceling Tue Jul 10 01:35:40 UTC 2018
auto.tcl: Setting watchdog for 200 seconds at Tue Jul 10 01:35:40 UTC 2018
3 ms. Memory: 550912K Free: 534623K (97%)
ptolemy.util.test.WatchDog.cancel(): canceling Tue Jul 10 01:35:40 UTC 2018
------------------ testing $PTII/ptolemy/domains/de/test/auto/ResettableTimer2.xml
auto.tcl: Setting watchdog for 200 seconds at Tue Jul 10 01:35:40 UTC 2018
2 ms. Memory: 549376K Free: 533373K (97%)
ptolemy.util.test.WatchDog.cancel(): canceling Tue Jul 10 01:35:40 UTC 2018
auto.tcl: Setting watchdog for 200 seconds at Tue Jul 10 01:35:40 UTC 2018
3 ms. Memory: 549376K Free: 533373K (97%)
ptolemy.util.test.WatchDog.cancel(): canceling Tue Jul 10 01:35:40 UTC 2018
------------------ testing $PTII/ptolemy/domains/de/test/auto/ResettableTimer3.xml
auto.tcl: Setting watchdog for 200 seconds at Tue Jul 10 01:35:40 UTC 2018
2 ms. Memory: 550912K Free: 534908K (97%)
ptolemy.util.test.WatchDog.cancel(): canceling Tue Jul 10 01:35:40 UTC 2018
auto.tcl: Setting watchdog for 200 seconds at Tue Jul 10 01:35:40 UTC 2018
1 ms. Memory: 550912K Free: 534908K (97%)
ptolemy.util.test.WatchDog.cancel(): canceling Tue Jul 10 01:35:40 UTC 2018
------------------ testing $PTII/ptolemy/domains/de/test/auto/ResettableTimer4.xml
auto.tcl: Setting watchdog for 200 seconds at Tue Jul 10 01:35:40 UTC 2018
2 ms. Memory: 549376K Free: 528706K (96%)
ptolemy.util.test.WatchDog.cancel(): canceling Tue Jul 10 01:35:40 UTC 2018
auto.tcl: Setting watchdog for 200 seconds at Tue Jul 10 01:35:40 UTC 2018
1 ms. Memory: 549376K Free: 528706K (96%)
ptolemy.util.test.WatchDog.cancel(): canceling Tue Jul 10 01:35:40 UTC 2018
------------------ testing $PTII/ptolemy/domains/de/test/auto/ResettableTimer5.xml
auto.tcl: Setting watchdog for 200 seconds at Tue Jul 10 01:35:40 UTC 2018
2 ms. Memory: 550400K Free: 529728K (96%)
ptolemy.util.test.WatchDog.cancel(): canceling Tue Jul 10 01:35:40 UTC 2018
auto.tcl: Setting watchdog for 200 seconds at Tue Jul 10 01:35:40 UTC 2018
1 ms. Memory: 550400K Free: 529728K (96%)
ptolemy.util.test.WatchDog.cancel(): canceling Tue Jul 10 01:35:40 UTC 2018
------------------ testing $PTII/ptolemy/domains/de/test/auto/ResettableTimer6.xml
auto.tcl: Setting watchdog for 200 seconds at Tue Jul 10 01:35:40 UTC 2018
1 ms. Memory: 549376K Free: 528423K (96%)
ptolemy.util.test.WatchDog.cancel(): canceling Tue Jul 10 01:35:40 UTC 2018
auto.tcl: Setting watchdog for 200 seconds at Tue Jul 10 01:35:40 UTC 2018
2 ms. Memory: 549376K Free: 528423K (96%)
ptolemy.util.test.WatchDog.cancel(): canceling Tue Jul 10 01:35:40 UTC 2018
------------------ testing $PTII/ptolemy/domains/de/test/auto/ServerZeroDelay.xml
auto.tcl: Setting watchdog for 200 seconds at Tue Jul 10 01:35:40 UTC 2018
4 ms. Memory: 550400K Free: 529668K (96%)
ptolemy.util.test.WatchDog.cancel(): canceling Tue Jul 10 01:35:40 UTC 2018
auto.tcl: Setting watchdog for 200 seconds at Tue Jul 10 01:35:40 UTC 2018
2 ms. Memory: 550400K Free: 529668K (96%)
ptolemy.util.test.WatchDog.cancel(): canceling Tue Jul 10 01:35:40 UTC 2018
------------------ testing $PTII/ptolemy/domains/de/test/auto/SmartSender.xml
auto.tcl: Setting watchdog for 200 seconds at Tue Jul 10 01:35:40 UTC 2018
3002 ms. Memory: 549376K Free: 528638K (96%)
ptolemy.util.test.WatchDog.cancel(): canceling Tue Jul 10 01:35:43 UTC 2018
auto.tcl: Setting watchdog for 200 seconds at Tue Jul 10 01:35:43 UTC 2018
3002 ms. Memory: 549376K Free: 528638K (96%)
ptolemy.util.test.WatchDog.cancel(): canceling Tue Jul 10 01:35:46 UTC 2018
------------------ testing $PTII/ptolemy/domains/de/test/auto/ThreadedComposite.xml
auto.tcl: Setting watchdog for 200 seconds at Tue Jul 10 01:35:46 UTC 2018
358 ms. Memory: 550400K Free: 504105K (92%)
ptolemy.util.test.WatchDog.cancel(): canceling Tue Jul 10 01:35:47 UTC 2018
auto.tcl: Setting watchdog for 200 seconds at Tue Jul 10 01:35:47 UTC 2018
197 ms. Memory: 550400K Free: 488115K (89%)
ptolemy.util.test.WatchDog.cancel(): canceling Tue Jul 10 01:35:47 UTC 2018
------------------ testing $PTII/ptolemy/domains/de/test/auto/Time.xml
auto.tcl: Setting watchdog for 200 seconds at Tue Jul 10 01:35:47 UTC 2018
575 ms. Memory: 549376K Free: 481335K (88%)
ptolemy.util.test.WatchDog.cancel(): canceling Tue Jul 10 01:35:47 UTC 2018
auto.tcl: Setting watchdog for 200 seconds at Tue Jul 10 01:35:47 UTC 2018
629 ms. Memory: 549376K Free: 428356K (78%)
ptolemy.util.test.WatchDog.cancel(): canceling Tue Jul 10 01:35:48 UTC 2018
------------------ testing $PTII/ptolemy/domains/de/test/auto/TimeDelayZeroDelay.xml
auto.tcl: Setting watchdog for 200 seconds at Tue Jul 10 01:35:48 UTC 2018
3 ms. Memory: 550400K Free: 534032K (97%)
ptolemy.util.test.WatchDog.cancel(): canceling Tue Jul 10 01:35:48 UTC 2018
auto.tcl: Setting watchdog for 200 seconds at Tue Jul 10 01:35:48 UTC 2018
2 ms. Memory: 550400K Free: 534032K (97%)
ptolemy.util.test.WatchDog.cancel(): canceling Tue Jul 10 01:35:48 UTC 2018
------------------ testing $PTII/ptolemy/domains/de/test/auto/TimerZeroDelay.xml
auto.tcl: Setting watchdog for 200 seconds at Tue Jul 10 01:35:48 UTC 2018
4 ms. Memory: 549376K Free: 533281K (97%)
ptolemy.util.test.WatchDog.cancel(): canceling Tue Jul 10 01:35:48 UTC 2018
auto.tcl: Setting watchdog for 200 seconds at Tue Jul 10 01:35:48 UTC 2018
2 ms. Memory: 549376K Free: 533281K (97%)
ptolemy.util.test.WatchDog.cancel(): canceling Tue Jul 10 01:35:48 UTC 2018
------------------ testing $PTII/ptolemy/domains/de/test/auto/TimingParadox.xml
auto.tcl: Setting watchdog for 200 seconds at Tue Jul 10 01:35:48 UTC 2018
415 ms. Memory: 549888K Free: 467669K (85%)
ptolemy.util.test.WatchDog.cancel(): canceling Tue Jul 10 01:35:49 UTC 2018
auto.tcl: Setting watchdog for 200 seconds at Tue Jul 10 01:35:49 UTC 2018
395 ms. Memory: 549888K Free: 434557K (79%)
ptolemy.util.test.WatchDog.cancel(): canceling Tue Jul 10 01:35:49 UTC 2018
------------------ testing $PTII/ptolemy/domains/de/test/auto/TransferInputs.xml
auto.tcl: Setting watchdog for 200 seconds at Tue Jul 10 01:35:49 UTC 2018
2 ms. Memory: 549888K Free: 532697K (97%)
ptolemy.util.test.WatchDog.cancel(): canceling Tue Jul 10 01:35:49 UTC 2018
auto.tcl: Setting watchdog for 200 seconds at Tue Jul 10 01:35:49 UTC 2018
2 ms. Memory: 549888K Free: 532697K (97%)
ptolemy.util.test.WatchDog.cancel(): canceling Tue Jul 10 01:35:49 UTC 2018
------------------ testing $PTII/ptolemy/domains/de/test/auto/TransferOutputs2.xml
auto.tcl: Setting watchdog for 200 seconds at Tue Jul 10 01:35:49 UTC 2018
8 ms. Memory: 549376K Free: 521978K (95%)
ptolemy.util.test.WatchDog.cancel(): canceling Tue Jul 10 01:35:49 UTC 2018
auto.tcl: Setting watchdog for 200 seconds at Tue Jul 10 01:35:49 UTC 2018
3 ms. Memory: 549376K Free: 521978K (95%)
ptolemy.util.test.WatchDog.cancel(): canceling Tue Jul 10 01:35:49 UTC 2018
------------------ testing $PTII/ptolemy/domains/de/test/auto/Trilateration.xml
auto.tcl: Setting watchdog for 200 seconds at Tue Jul 10 01:35:49 UTC 2018
14309 ms. Memory: 453632K Free: 90039K (20%)
ptolemy.util.test.WatchDog.cancel(): canceling Tue Jul 10 01:36:05 UTC 2018
auto.tcl: Setting watchdog for 200 seconds at Tue Jul 10 01:36:05 UTC 2018
10980 ms. Memory: 331264K Free: 201694K (61%)
ptolemy.util.test.WatchDog.cancel(): canceling Tue Jul 10 01:36:16 UTC 2018
------------------ testing $PTII/ptolemy/domains/de/test/auto/TwoSigmaDelta.xml
auto.tcl: Setting watchdog for 200 seconds at Tue Jul 10 01:36:16 UTC 2018
2931 ms. Memory: 320000K Free: 275579K (86%)
ptolemy.util.test.WatchDog.cancel(): canceling Tue Jul 10 01:36:19 UTC 2018
auto.tcl: Setting watchdog for 200 seconds at Tue Jul 10 01:36:19 UTC 2018
2307 ms. Memory: 307712K Free: 270019K (88%)
ptolemy.util.test.WatchDog.cancel(): canceling Tue Jul 10 01:36:22 UTC 2018
------------------ testing $PTII/ptolemy/domains/de/test/auto/VariableDelay.xml
auto.tcl: Setting watchdog for 200 seconds at Tue Jul 10 01:36:22 UTC 2018
2 ms. Memory: 309760K Free: 293114K (95%)
ptolemy.util.test.WatchDog.cancel(): canceling Tue Jul 10 01:36:22 UTC 2018
auto.tcl: Setting watchdog for 200 seconds at Tue Jul 10 01:36:22 UTC 2018
2 ms. Memory: 309760K Free: 293114K (95%)
ptolemy.util.test.WatchDog.cancel(): canceling Tue Jul 10 01:36:22 UTC 2018
------------------ testing $PTII/ptolemy/domains/de/test/auto/VariableDelay2.xml
auto.tcl: Setting watchdog for 200 seconds at Tue Jul 10 01:36:22 UTC 2018
7 ms. Memory: 307712K Free: 293744K (95%)
ptolemy.util.test.WatchDog.cancel(): canceling Tue Jul 10 01:36:22 UTC 2018
auto.tcl: Setting watchdog for 200 seconds at Tue Jul 10 01:36:22 UTC 2018
3 ms. Memory: 307712K Free: 293744K (95%)
ptolemy.util.test.WatchDog.cancel(): canceling Tue Jul 10 01:36:22 UTC 2018
------------------ testing $PTII/ptolemy/domains/de/test/auto/VariableDelayZeroDelay.xml
auto.tcl: Setting watchdog for 200 seconds at Tue Jul 10 01:36:22 UTC 2018
2 ms. Memory: 309248K Free: 296410K (96%)
ptolemy.util.test.WatchDog.cancel(): canceling Tue Jul 10 01:36:22 UTC 2018
auto.tcl: Setting watchdog for 200 seconds at Tue Jul 10 01:36:22 UTC 2018
2 ms. Memory: 309248K Free: 293016K (95%)
ptolemy.util.test.WatchDog.cancel(): canceling Tue Jul 10 01:36:22 UTC 2018
------------------ testing $PTII/ptolemy/domains/de/test/auto/VariableDelayZeroDelay2.xml
auto.tcl: Setting watchdog for 200 seconds at Tue Jul 10 01:36:22 UTC 2018
2 ms. Memory: 307712K Free: 294872K (96%)
ptolemy.util.test.WatchDog.cancel(): canceling Tue Jul 10 01:36:22 UTC 2018
auto.tcl: Setting watchdog for 200 seconds at Tue Jul 10 01:36:22 UTC 2018
2 ms. Memory: 307712K Free: 291495K (95%)
ptolemy.util.test.WatchDog.cancel(): canceling Tue Jul 10 01:36:22 UTC 2018
------------------ testing $PTII/ptolemy/domains/de/test/auto/deInCt.xml
auto.tcl: Setting watchdog for 200 seconds at Tue Jul 10 01:36:22 UTC 2018
0
1
1
0
0
0
0
1
1
1
0
0
0
0
1
1
1
1
0
0
0
1
1
1
1
1
1
1
9 ms. Memory: 309248K Free: 293003K (95%)
ptolemy.util.test.WatchDog.cancel(): canceling Tue Jul 10 01:36:22 UTC 2018
auto.tcl: Setting watchdog for 200 seconds at Tue Jul 10 01:36:22 UTC 2018
0
1
1
1
1
0
0
0
1
1
1
0
0
0
1
1
1
0
0
0
1
1
1
1
0
0
0
1
1
1
0
0
0
0
1
1
1
0
0
0
1
1
1
1
8 ms. Memory: 309248K Free: 293003K (95%)
ptolemy.util.test.WatchDog.cancel(): canceling Tue Jul 10 01:36:22 UTC 2018
------------------ testing $PTII/ptolemy/domains/de/test/auto/deInCt2.xml
auto.tcl: Setting watchdog for 200 seconds at Tue Jul 10 01:36:22 UTC 2018
0
1
1
1
0
0
1
1
1
0
0
1
1
1
0
0
1
1
1
0
0
1
1
1
0
0
1
1
1
0
0
1
1
1
0
0
1
1
1
0
0
0
11 ms. Memory: 307712K Free: 291467K (95%)
ptolemy.util.test.WatchDog.cancel(): canceling Tue Jul 10 01:36:22 UTC 2018
auto.tcl: Setting watchdog for 200 seconds at Tue Jul 10 01:36:22 UTC 2018
0
1
1
1
0
0
1
1
1
0
0
1
1
1
0
0
1
1
1
0
0
1
1
1
0
0
1
1
1
0
0
1
1
1
0
0
1
1
1
0
0
0
10 ms. Memory: 307712K Free: 291467K (95%)
ptolemy.util.test.WatchDog.cancel(): canceling Tue Jul 10 01:36:22 UTC 2018
------------------ testing $PTII/ptolemy/domains/de/test/auto/dynamicCausalityInterface1.xml
auto.tcl: Setting watchdog for 200 seconds at Tue Jul 10 01:36:22 UTC 2018
3 ms. Memory: 308736K Free: 291380K (94%)
ptolemy.util.test.WatchDog.cancel(): canceling Tue Jul 10 01:36:22 UTC 2018
auto.tcl: Setting watchdog for 200 seconds at Tue Jul 10 01:36:22 UTC 2018
1 ms. Memory: 308736K Free: 291380K (94%)
ptolemy.util.test.WatchDog.cancel(): canceling Tue Jul 10 01:36:22 UTC 2018
------------------ testing $PTII/ptolemy/domains/de/test/auto/fsm_de_test.xml
auto.tcl: Setting watchdog for 200 seconds at Tue Jul 10 01:36:22 UTC 2018
7 ms. Memory: 307712K Free: 287988K (94%)
ptolemy.util.test.WatchDog.cancel(): canceling Tue Jul 10 01:36:22 UTC 2018
auto.tcl: Setting watchdog for 200 seconds at Tue Jul 10 01:36:22 UTC 2018
5 ms. Memory: 307712K Free: 287988K (94%)
ptolemy.util.test.WatchDog.cancel(): canceling Tue Jul 10 01:36:22 UTC 2018
------------------ testing $PTII/ptolemy/domains/de/test/auto/functionDependencyReconstruction.xml
auto.tcl: Setting watchdog for 200 seconds at Tue Jul 10 01:36:22 UTC 2018
3 ms. Memory: 308736K Free: 282231K (91%)
ptolemy.util.test.WatchDog.cancel(): canceling Tue Jul 10 01:36:22 UTC 2018
auto.tcl: Setting watchdog for 200 seconds at Tue Jul 10 01:36:22 UTC 2018
3 ms. Memory: 308736K Free: 278838K (90%)
ptolemy.util.test.WatchDog.cancel(): canceling Tue Jul 10 01:36:22 UTC 2018
------------------ testing $PTII/ptolemy/domains/de/test/auto/multirate.xml
auto.tcl: Setting watchdog for 200 seconds at Tue Jul 10 01:36:22 UTC 2018
4 ms. Memory: 307712K Free: 291233K (95%)
ptolemy.util.test.WatchDog.cancel(): canceling Tue Jul 10 01:36:22 UTC 2018
auto.tcl: Setting watchdog for 200 seconds at Tue Jul 10 01:36:22 UTC 2018
3 ms. Memory: 307712K Free: 287839K (94%)
ptolemy.util.test.WatchDog.cancel(): canceling Tue Jul 10 01:36:22 UTC 2018
------------------ testing $PTII/ptolemy/domains/de/test/auto/multirate2.xml
auto.tcl: Setting watchdog for 200 seconds at Tue Jul 10 01:36:22 UTC 2018
3 ms. Memory: 308736K Free: 292445K (95%)
ptolemy.util.test.WatchDog.cancel(): canceling Tue Jul 10 01:36:22 UTC 2018
auto.tcl: Setting watchdog for 200 seconds at Tue Jul 10 01:36:22 UTC 2018
3 ms. Memory: 308736K Free: 289068K (94%)
ptolemy.util.test.WatchDog.cancel(): canceling Tue Jul 10 01:36:22 UTC 2018
------------------ testing $PTII/ptolemy/domains/de/test/auto/realtime.xml
auto.tcl: Setting watchdog for 200 seconds at Tue Jul 10 01:36:22 UTC 2018
10002 ms. Memory: 307712K Free: 291420K (95%)
ptolemy.util.test.WatchDog.cancel(): canceling Tue Jul 10 01:36:32 UTC 2018
auto.tcl: Setting watchdog for 200 seconds at Tue Jul 10 01:36:32 UTC 2018
10001 ms. Memory: 307712K Free: 291420K (95%)
ptolemy.util.test.WatchDog.cancel(): canceling Tue Jul 10 01:36:42 UTC 2018
------------------ testing $PTII/ptolemy/domains/de/test/auto/relationGroup.xml
auto.tcl: Setting watchdog for 200 seconds at Tue Jul 10 01:36:43 UTC 2018
1 ms. Memory: 308224K Free: 295351K (96%)
ptolemy.util.test.WatchDog.cancel(): canceling Tue Jul 10 01:36:43 UTC 2018
auto.tcl: Setting watchdog for 200 seconds at Tue Jul 10 01:36:43 UTC 2018
1 ms. Memory: 308224K Free: 295351K (96%)
ptolemy.util.test.WatchDog.cancel(): canceling Tue Jul 10 01:36:43 UTC 2018
------------------ testing $PTII/ptolemy/domains/de/test/auto/relationGroup2.xml
auto.tcl: Setting watchdog for 200 seconds at Tue Jul 10 01:36:43 UTC 2018
2 ms. Memory: 307712K Free: 294866K (96%)
ptolemy.util.test.WatchDog.cancel(): canceling Tue Jul 10 01:36:43 UTC 2018
auto.tcl: Setting watchdog for 200 seconds at Tue Jul 10 01:36:43 UTC 2018
1 ms. Memory: 307712K Free: 294866K (96%)
ptolemy.util.test.WatchDog.cancel(): canceling Tue Jul 10 01:36:43 UTC 2018
------------------ testing $PTII/ptolemy/domains/de/test/auto/sortWithOpaquePorts.xml
auto.tcl: Setting watchdog for 200 seconds at Tue Jul 10 01:36:43 UTC 2018
1 ms. Memory: 308224K Free: 291985K (95%)
ptolemy.util.test.WatchDog.cancel(): canceling Tue Jul 10 01:36:43 UTC 2018
auto.tcl: Setting watchdog for 200 seconds at Tue Jul 10 01:36:43 UTC 2018
1 ms. Memory: 308224K Free: 291985K (95%)
ptolemy.util.test.WatchDog.cancel(): canceling Tue Jul 10 01:36:43 UTC 2018
------------------ testing $PTII/ptolemy/domains/de/test/auto/transferInputsandOutputs.xml
auto.tcl: Setting watchdog for 200 seconds at Tue Jul 10 01:36:43 UTC 2018
2 ms. Memory: 307712K Free: 291461K (95%)
ptolemy.util.test.WatchDog.cancel(): canceling Tue Jul 10 01:36:43 UTC 2018
auto.tcl: Setting watchdog for 200 seconds at Tue Jul 10 01:36:43 UTC 2018
3 ms. Memory: 307712K Free: 288067K (94%)
ptolemy.util.test.WatchDog.cancel(): canceling Tue Jul 10 01:36:43 UTC 2018
------------------ testing $PTII/ptolemy/domains/de/test/auto/triggerType.xml
auto.tcl: Setting watchdog for 200 seconds at Tue Jul 10 01:36:43 UTC 2018
1 ms. Memory: 308224K Free: 295317K (96%)
ptolemy.util.test.WatchDog.cancel(): canceling Tue Jul 10 01:36:43 UTC 2018
auto.tcl: Setting watchdog for 200 seconds at Tue Jul 10 01:36:43 UTC 2018
1 ms. Memory: 308224K Free: 291923K (95%)
ptolemy.util.test.WatchDog.cancel(): canceling Tue Jul 10 01:36:43 UTC 2018
07/10/18 01:36:43
Failed: 0  Total Tests: 192  ((Passed: 187, Newly Passed: 1)  Known Failed: 5) /home/travis/build/icyphy/ptII/ptolemy/domains/de/test
07/10/18 01:36:43
Failed: 0  Total Tests: 192  ((Passed: 187, Newly Passed: 1)  Known Failed: 5) /home/travis/build/icyphy/ptII/ptolemy/domains/de/test
----------------- testing (KnownFailure) /home/travis/build/icyphy/ptII/ptolemy/domains/de/test/auto/knownFailedTests/DESDFClockTest.xml
2007 ms. Memory: 307712K Free: 285790K (93%)
Known Failure: java.lang.reflect.InvocationTargetException
----------------- testing (KnownFailure) /home/travis/build/icyphy/ptII/ptolemy/domains/de/test/auto/knownFailedTests/DirectFeedback.xml
0 ms. Memory: 307712K Free: 267677K (87%)
Known Failure: java.lang.reflect.InvocationTargetException
----------------- testing (KnownFailure) /home/travis/build/icyphy/ptII/ptolemy/domains/de/test/auto/knownFailedTests/FSMSource.xml
4 ms. Memory: 307712K Free: 245031K (80%)
----------------- testing (KnownFailure) /home/travis/build/icyphy/ptII/ptolemy/domains/de/test/auto/knownFailedTests/HierarchicalModel.xml
2 ms. Memory: 307712K Free: 222368K (72%)
Known Failure: java.lang.reflect.InvocationTargetException
----------------- testing (KnownFailure) /home/travis/build/icyphy/ptII/ptolemy/domains/de/test/auto/knownFailedTests/dependencyLoop.xml
2 ms. Memory: 307712K Free: 190653K (62%)
Known Failure: java.lang.reflect.InvocationTargetException
----------------- testing (KnownFailure) /home/travis/build/icyphy/ptII/ptolemy/domains/de/test/auto/knownFailedTests/dependencyLoop2.xml
1 ms. Memory: 307712K Free: 158938K (52%)
Known Failure: java.lang.reflect.InvocationTargetException
No auto/linux-amd64/*.xml tests in /home/travis/build/icyphy/ptII/ptolemy/domains/de/test
AutoTests.java: About to close Vertx.
AutoTests.java: Vertx closed.

===========================================================================================
----------------- testing Tue Jul 10 01:36:45 UTC 2018 /home/travis/build/icyphy/ptII/ptolemy/domains/de/test/auto/ActorDepthCalculation_actorWithoutPorts.xml
----------------- Instantiating /home/travis/build/icyphy/ptII/ptolemy/domains/de/test/auto/ActorDepthCalculation_actorWithoutPorts.xml
1 ms. Memory: 307712K Free: 131765K (43%)
----------------- Invoking toplevel() on ptolemy.moml.MoMLSimpleApplication@1ea5c58c
----------------- Done invoking toplevel() on ptolemy.moml.MoMLSimpleApplication@1ea5c58c
reloadAllAccessors: .ActorDepthCalculation_actorWithoutPorts

===========================================================================================
----------------- testing Tue Jul 10 01:36:45 UTC 2018 /home/travis/build/icyphy/ptII/ptolemy/domains/de/test/auto/AssemblyLine.xml
----------------- Instantiating /home/travis/build/icyphy/ptII/ptolemy/domains/de/test/auto/AssemblyLine.xml
1 ms. Memory: 307712K Free: 118171K (38%)
----------------- Invoking toplevel() on ptolemy.moml.MoMLSimpleApplication@4001b0df
----------------- Done invoking toplevel() on ptolemy.moml.MoMLSimpleApplication@4001b0df
reloadAllAccessors: .AssemblyLine

===========================================================================================
----------------- testing Tue Jul 10 01:36:45 UTC 2018 /home/travis/build/icyphy/ptII/ptolemy/domains/de/test/auto/CQBug1.xml
----------------- Instantiating /home/travis/build/icyphy/ptII/ptolemy/domains/de/test/auto/CQBug1.xml
1 ms. Memory: 307712K Free: 109119K (35%)
----------------- Invoking toplevel() on ptolemy.moml.MoMLSimpleApplication@62b55fa6
----------------- Done invoking toplevel() on ptolemy.moml.MoMLSimpleApplication@62b55fa6
reloadAllAccessors: .CQBug1

===========================================================================================
----------------- testing Tue Jul 10 01:36:45 UTC 2018 /home/travis/build/icyphy/ptII/ptolemy/domains/de/test/auto/CancelFireAt.xml
----------------- Instantiating /home/travis/build/icyphy/ptII/ptolemy/domains/de/test/auto/CancelFireAt.xml
3 ms. Memory: 307712K Free: 100067K (33%)
----------------- Invoking toplevel() on ptolemy.moml.MoMLSimpleApplication@5ba996e6
----------------- Done invoking toplevel() on ptolemy.moml.MoMLSimpleApplication@5ba996e6
reloadAllAccessors: .CancelFireAt

===========================================================================================
----------------- testing Tue Jul 10 01:36:45 UTC 2018 /home/travis/build/icyphy/ptII/ptolemy/domains/de/test/auto/CausalityAndComposabilityAnalysis.xml
----------------- Instantiating /home/travis/build/icyphy/ptII/ptolemy/domains/de/test/auto/CausalityAndComposabilityAnalysis.xml
1 ms. Memory: 307712K Free: 91014K (30%)
----------------- Invoking toplevel() on ptolemy.moml.MoMLSimpleApplication@250894b5
----------------- Done invoking toplevel() on ptolemy.moml.MoMLSimpleApplication@250894b5
reloadAllAccessors: .CausalityAndComposabilityAnalysis

===========================================================================================
----------------- testing Tue Jul 10 01:36:45 UTC 2018 /home/travis/build/icyphy/ptII/ptolemy/domains/de/test/auto/CausalityInterface1.xml
----------------- Instantiating /home/travis/build/icyphy/ptII/ptolemy/domains/de/test/auto/CausalityInterface1.xml
2 ms. Memory: 307712K Free: 78584K (26%)
----------------- Invoking toplevel() on ptolemy.moml.MoMLSimpleApplication@e2b67c0
----------------- Done invoking toplevel() on ptolemy.moml.MoMLSimpleApplication@e2b67c0
reloadAllAccessors: .CausalityInterface1

===========================================================================================
----------------- testing Tue Jul 10 01:36:45 UTC 2018 /home/travis/build/icyphy/ptII/ptolemy/domains/de/test/auto/CausalityInterface15.xml
----------------- Instantiating /home/travis/build/icyphy/ptII/ptolemy/domains/de/test/auto/CausalityInterface15.xml
1 ms. Memory: 298496K Free: 286439K (96%)
----------------- Invoking toplevel() on ptolemy.moml.MoMLSimpleApplication@569d1d40
----------------- Done invoking toplevel() on ptolemy.moml.MoMLSimpleApplication@569d1d40
reloadAllAccessors: .CausalityInterface15

[...]
java.lang.RuntimeException: Execution failed
	at ptolemy.moml.MoMLSimpleApplication$UnloadThread.run(MoMLSimpleApplication.java:402)
Caused by: ptolemy.kernel.util.IllegalActionException: Test fails in iteration 1.
Value was: 1.0. Should have been: 2.0
  in .DirectFeedback.Test
	at ptolemy.actor.lib.Test.fire(Test.java:268)
	at ptolemy.domains.de.kernel.DEDirector._fire(DEDirector.java:1949)
	at ptolemy.domains.de.kernel.DEDirector.fire(DEDirector.java:502)
	at ptolemy.actor.CompositeActor.fire(CompositeActor.java:455)
	at ptolemy.actor.Manager.iterate(Manager.java:851)
	at ptolemy.actor.Manager.execute(Manager.java:369)
	at ptolemy.actor.Manager.run(Manager.java:1263)
	at ptolemy.actor.Manager$PtolemyRunThread.run(Manager.java:1915)
java.lang.RuntimeException: Execution failed
	at ptolemy.moml.MoMLSimpleApplication$UnloadThread.run(MoMLSimpleApplication.java:402)
Caused by: ptolemy.kernel.util.IllegalActionException: Actor is not ready to fire.  Perhaps UpSample.prefire() returned false? Try debugging the actor by selecting "Listen to Actor".  Also, for SDF check moml for tokenConsumptionRate on input.
  in .DESDFClockTest.Play Bell.Copy1:SDF Director and .DESDFClockTest.Play Bell.UpSample
	at ptolemy.actor.sched.StaticSchedulingDirector.fire(StaticSchedulingDirector.java:227)
	at ptolemy.domains.sdf.kernel.SDFDirector.fire(SDFDirector.java:500)
	at ptolemy.actor.CompositeActor.fire(CompositeActor.java:455)
	at ptolemy.domains.de.kernel.DEDirector._fire(DEDirector.java:1949)
	at ptolemy.domains.de.kernel.DEDirector.fire(DEDirector.java:502)
	at ptolemy.actor.CompositeActor.fire(CompositeActor.java:455)
	at ptolemy.actor.Manager.iterate(Manager.java:851)
	at ptolemy.actor.Manager.execute(Manager.java:369)
	at ptolemy.actor.Manager.run(Manager.java:1263)
	at ptolemy.actor.Manager$PtolemyRunThread.run(Manager.java:1915)
java.lang.reflect.InvocationTargetException
	at sun.reflect.NativeConstructorAccessorImpl.newInstance0(Native Method)
	at sun.reflect.NativeConstructorAccessorImpl.newInstance(NativeConstructorAccessorImpl.java:62)
	at sun.reflect.DelegatingConstructorAccessorImpl.newInstance(DelegatingConstructorAccessorImpl.java:45)
	at java.lang.reflect.Constructor.newInstance(Constructor.java:423)
	at ptolemy.util.test.junit.AutoKnownFailedTests.RunModel(AutoKnownFailedTests.java:107)
	at sun.reflect.NativeMethodAccessorImpl.invoke0(Native Method)
	at sun.reflect.NativeMethodAccessorImpl.invoke(NativeMethodAccessorImpl.java:62)
	at sun.reflect.DelegatingMethodAccessorImpl.invoke(DelegatingMethodAccessorImpl.java:43)
	at java.lang.reflect.Method.invoke(Method.java:498)
	at org.junit.runners.model.FrameworkMethod$1.runReflectiveCall(FrameworkMethod.java:44)
	at org.junit.internal.runners.model.ReflectiveCallable.run(ReflectiveCallable.java:15)
	at org.junit.runners.model.FrameworkMethod.invokeExplosively(FrameworkMethod.java:41)
	at junitparams.internal.InvokeParameterisedMethod.evaluate(InvokeParameterisedMethod.java:102)
	at org.junit.internal.runners.statements.FailOnTimeout$1.run(FailOnTimeout.java:28)
Caused by: ptolemy.kernel.util.IllegalActionException: Actor is not ready to fire.  Perhaps UpSample.prefire() returned false? Try debugging the actor by selecting "Listen to Actor".  Also, for SDF check moml for tokenConsumptionRate on input.
  in .DESDFClockTest.Play Bell.Copy1:SDF Director and .DESDFClockTest.Play Bell.UpSample
	at ptolemy.actor.sched.StaticSchedulingDirector.fire(StaticSchedulingDirector.java:227)
	at ptolemy.domains.sdf.kernel.SDFDirector.fire(SDFDirector.java:500)
	at ptolemy.actor.CompositeActor.fire(CompositeActor.java:455)
	at ptolemy.domains.de.kernel.DEDirector._fire(DEDirector.java:1949)
	at ptolemy.domains.de.kernel.DEDirector.fire(DEDirector.java:502)
	at ptolemy.actor.CompositeActor.fire(CompositeActor.java:455)
	at ptolemy.actor.Manager.iterate(Manager.java:851)
	at ptolemy.actor.Manager.execute(Manager.java:369)
	at ptolemy.actor.Manager.run(Manager.java:1263)
	at ptolemy.actor.Manager$PtolemyRunThread.run(Manager.java:1915)
java.lang.RuntimeException: Execution failed
	at ptolemy.moml.MoMLSimpleApplication$UnloadThread.run(MoMLSimpleApplication.java:402)
Caused by: ptolemy.kernel.util.IllegalActionException: Test fails in iteration 1.
Value was: 1.0. Should have been: 2.0
  in .DirectFeedback.Test
	at ptolemy.actor.lib.Test.fire(Test.java:268)
	at ptolemy.domains.de.kernel.DEDirector._fire(DEDirector.java:1949)
	at ptolemy.domains.de.kernel.DEDirector.fire(DEDirector.java:502)
	at ptolemy.actor.CompositeActor.fire(CompositeActor.java:455)
	at ptolemy.actor.Manager.iterate(Manager.java:851)
	at ptolemy.actor.Manager.execute(Manager.java:369)
	at ptolemy.actor.Manager.run(Manager.java:1263)
	at ptolemy.actor.Manager$PtolemyRunThread.run(Manager.java:1915)
java.lang.reflect.InvocationTargetException
	at sun.reflect.NativeConstructorAccessorImpl.newInstance0(Native Method)
	at sun.reflect.NativeConstructorAccessorImpl.newInstance(NativeConstructorAccessorImpl.java:62)
	at sun.reflect.DelegatingConstructorAccessorImpl.newInstance(DelegatingConstructorAccessorImpl.java:45)
	at java.lang.reflect.Constructor.newInstance(Constructor.java:423)
	at ptolemy.util.test.junit.AutoKnownFailedTests.RunModel(AutoKnownFailedTests.java:107)
	at sun.reflect.NativeMethodAccessorImpl.invoke0(Native Method)
	at sun.reflect.NativeMethodAccessorImpl.invoke(NativeMethodAccessorImpl.java:62)
	at sun.reflect.DelegatingMethodAccessorImpl.invoke(DelegatingMethodAccessorImpl.java:43)
	at java.lang.reflect.Method.invoke(Method.java:498)
	at org.junit.runners.model.FrameworkMethod$1.runReflectiveCall(FrameworkMethod.java:44)
	at org.junit.internal.runners.model.ReflectiveCallable.run(ReflectiveCallable.java:15)
	at org.junit.runners.model.FrameworkMethod.invokeExplosively(FrameworkMethod.java:41)
	at junitparams.internal.InvokeParameterisedMethod.evaluate(InvokeParameterisedMethod.java:102)
	at org.junit.internal.runners.statements.FailOnTimeout$1.run(FailOnTimeout.java:28)
Caused by: ptolemy.kernel.util.IllegalActionException: Test fails in iteration 1.
Value was: 1.0. Should have been: 2.0
  in .DirectFeedback.Test
	at ptolemy.actor.lib.Test.fire(Test.java:268)
	at ptolemy.domains.de.kernel.DEDirector._fire(DEDirector.java:1949)
	at ptolemy.domains.de.kernel.DEDirector.fire(DEDirector.java:502)
	at ptolemy.actor.CompositeActor.fire(CompositeActor.java:455)
	at ptolemy.actor.Manager.iterate(Manager.java:851)
	at ptolemy.actor.Manager.execute(Manager.java:369)
	at ptolemy.actor.Manager.run(Manager.java:1263)
	at ptolemy.actor.Manager$PtolemyRunThread.run(Manager.java:1915)
java.lang.RuntimeException: Execution failed
	at ptolemy.moml.MoMLSimpleApplication$UnloadThread.run(MoMLSimpleApplication.java:402)
Caused by: ptolemy.kernel.util.IllegalActionException: Found a zero delay loop containing .HierarchicalModel.A
  in .HierarchicalModel and .HierarchicalModel.A
	at ptolemy.actor.util.CausalityInterfaceForComposites._computeOutputPortDepth(CausalityInterfaceForComposites.java:759)
	at ptolemy.actor.util.CausalityInterfaceForComposites._computeInputDepth(CausalityInterfaceForComposites.java:696)
	at ptolemy.actor.util.CausalityInterfaceForComposites._computeOutputPortDepth(CausalityInterfaceForComposites.java:765)
	at ptolemy.actor.util.CausalityInterfaceForComposites._computeInputDepth(CausalityInterfaceForComposites.java:696)
	at ptolemy.actor.util.CausalityInterfaceForComposites._computeOutputPortDepth(CausalityInterfaceForComposites.java:765)
	at ptolemy.actor.util.CausalityInterfaceForComposites._computeInputDepth(CausalityInterfaceForComposites.java:696)
	at ptolemy.actor.util.CausalityInterfaceForComposites._computeActorDepth(CausalityInterfaceForComposites.java:532)
	at ptolemy.actor.util.CausalityInterfaceForComposites.checkForCycles(CausalityInterfaceForComposites.java:96)
	at ptolemy.domains.de.kernel.DEDirector.preinitialize(DEDirector.java:1338)
	at ptolemy.actor.CompositeActor.preinitialize(CompositeActor.java:1828)
	at ptolemy.actor.Manager.preinitializeAndResolveTypes(Manager.java:1040)
	at ptolemy.actor.Manager.initialize(Manager.java:710)
	at ptolemy.actor.Manager.execute(Manager.java:356)
	at ptolemy.actor.Manager.run(Manager.java:1263)
	at ptolemy.actor.Manager$PtolemyRunThread.run(Manager.java:1915)
java.lang.reflect.InvocationTargetException
	at sun.reflect.NativeConstructorAccessorImpl.newInstance0(Native Method)
	at sun.reflect.NativeConstructorAccessorImpl.newInstance(NativeConstructorAccessorImpl.java:62)
	at sun.reflect.DelegatingConstructorAccessorImpl.newInstance(DelegatingConstructorAccessorImpl.java:45)
	at java.lang.reflect.Constructor.newInstance(Constructor.java:423)
	at ptolemy.util.test.junit.AutoKnownFailedTests.RunModel(AutoKnownFailedTests.java:107)
	at sun.reflect.NativeMethodAccessorImpl.invoke0(Native Method)
	at sun.reflect.NativeMethodAccessorImpl.invoke(NativeMethodAccessorImpl.java:62)
	at sun.reflect.DelegatingMethodAccessorImpl.invoke(DelegatingMethodAccessorImpl.java:43)
	at java.lang.reflect.Method.invoke(Method.java:498)
	at org.junit.runners.model.FrameworkMethod$1.runReflectiveCall(FrameworkMethod.java:44)
	at org.junit.internal.runners.model.ReflectiveCallable.run(ReflectiveCallable.java:15)
	at org.junit.runners.model.FrameworkMethod.invokeExplosively(FrameworkMethod.java:41)
	at junitparams.internal.InvokeParameterisedMethod.evaluate(InvokeParameterisedMethod.java:102)
	at org.junit.internal.runners.statements.FailOnTimeout$1.run(FailOnTimeout.java:28)
Caused by: ptolemy.kernel.util.IllegalActionException: Found a zero delay loop containing .HierarchicalModel.A
  in .HierarchicalModel and .HierarchicalModel.A
	at ptolemy.actor.util.CausalityInterfaceForComposites._computeOutputPortDepth(CausalityInterfaceForComposites.java:759)
	at ptolemy.actor.util.CausalityInterfaceForComposites._computeInputDepth(CausalityInterfaceForComposites.java:696)
	at ptolemy.actor.util.CausalityInterfaceForComposites._computeOutputPortDepth(CausalityInterfaceForComposites.java:765)
	at ptolemy.actor.util.CausalityInterfaceForComposites._computeInputDepth(CausalityInterfaceForComposites.java:696)
	at ptolemy.actor.util.CausalityInterfaceForComposites._computeOutputPortDepth(CausalityInterfaceForComposites.java:765)
	at ptolemy.actor.util.CausalityInterfaceForComposites._computeInputDepth(CausalityInterfaceForComposites.java:696)
	at ptolemy.actor.util.CausalityInterfaceForComposites._computeActorDepth(CausalityInterfaceForComposites.java:532)
	at ptolemy.actor.util.CausalityInterfaceForComposites.checkForCycles(CausalityInterfaceForComposites.java:96)
	at ptolemy.domains.de.kernel.DEDirector.preinitialize(DEDirector.java:1338)
	at ptolemy.actor.CompositeActor.preinitialize(CompositeActor.java:1828)
	at ptolemy.actor.Manager.preinitializeAndResolveTypes(Manager.java:1040)
	at ptolemy.actor.Manager.initialize(Manager.java:710)
	at ptolemy.actor.Manager.execute(Manager.java:356)
	at ptolemy.actor.Manager.run(Manager.java:1263)
	at ptolemy.actor.Manager$PtolemyRunThread.run(Manager.java:1915)
java.lang.RuntimeException: Execution failed
	at ptolemy.moml.MoMLSimpleApplication$UnloadThread.run(MoMLSimpleApplication.java:402)
Caused by: ptolemy.kernel.util.IllegalActionException: Found a zero delay loop containing .dependencyLoop.original
  in .dependencyLoop and .dependencyLoop.original
	at ptolemy.actor.util.CausalityInterfaceForComposites._computeOutputPortDepth(CausalityInterfaceForComposites.java:759)
	at ptolemy.actor.util.CausalityInterfaceForComposites._computeInputDepth(CausalityInterfaceForComposites.java:696)
	at ptolemy.actor.util.CausalityInterfaceForComposites._computeOutputPortDepth(CausalityInterfaceForComposites.java:765)
	at ptolemy.actor.util.CausalityInterfaceForComposites._computeInputDepth(CausalityInterfaceForComposites.java:696)
	at ptolemy.actor.util.CausalityInterfaceForComposites._computeOutputPortDepth(CausalityInterfaceForComposites.java:765)
	at ptolemy.actor.util.CausalityInterfaceForComposites._computeInputDepth(CausalityInterfaceForComposites.java:696)
	at ptolemy.actor.util.CausalityInterfaceForComposites._computeActorDepth(CausalityInterfaceForComposites.java:532)
	at ptolemy.actor.util.CausalityInterfaceForComposites.checkForCycles(CausalityInterfaceForComposites.java:96)
	at ptolemy.domains.de.kernel.DEDirector.preinitialize(DEDirector.java:1338)
	at ptolemy.actor.CompositeActor.preinitialize(CompositeActor.java:1828)
	at ptolemy.actor.Manager.preinitializeAndResolveTypes(Manager.java:1040)
	at ptolemy.actor.Manager.initialize(Manager.java:710)
	at ptolemy.actor.Manager.execute(Manager.java:356)
	at ptolemy.actor.Manager.run(Manager.java:1263)
	at ptolemy.actor.Manager$PtolemyRunThread.run(Manager.java:1915)
java.lang.reflect.InvocationTargetException
	at sun.reflect.NativeConstructorAccessorImpl.newInstance0(Native Method)
	at sun.reflect.NativeConstructorAccessorImpl.newInstance(NativeConstructorAccessorImpl.java:62)
	at sun.reflect.DelegatingConstructorAccessorImpl.newInstance(DelegatingConstructorAccessorImpl.java:45)
	at java.lang.reflect.Constructor.newInstance(Constructor.java:423)
	at ptolemy.util.test.junit.AutoKnownFailedTests.RunModel(AutoKnownFailedTests.java:107)
	at sun.reflect.NativeMethodAccessorImpl.invoke0(Native Method)
	at sun.reflect.NativeMethodAccessorImpl.invoke(NativeMethodAccessorImpl.java:62)
	at sun.reflect.DelegatingMethodAccessorImpl.invoke(DelegatingMethodAccessorImpl.java:43)
	at java.lang.reflect.Method.invoke(Method.java:498)
	at org.junit.runners.model.FrameworkMethod$1.runReflectiveCall(FrameworkMethod.java:44)
	at org.junit.internal.runners.model.ReflectiveCallable.run(ReflectiveCallable.java:15)
	at org.junit.runners.model.FrameworkMethod.invokeExplosively(FrameworkMethod.java:41)
	at junitparams.internal.InvokeParameterisedMethod.evaluate(InvokeParameterisedMethod.java:102)
	at org.junit.internal.runners.statements.FailOnTimeout$1.run(FailOnTimeout.java:28)
Caused by: ptolemy.kernel.util.IllegalActionException: Found a zero delay loop containing .dependencyLoop.original
  in .dependencyLoop and .dependencyLoop.original
	at ptolemy.actor.util.CausalityInterfaceForComposites._computeOutputPortDepth(CausalityInterfaceForComposites.java:759)
	at ptolemy.actor.util.CausalityInterfaceForComposites._computeInputDepth(CausalityInterfaceForComposites.java:696)
	at ptolemy.actor.util.CausalityInterfaceForComposites._computeOutputPortDepth(CausalityInterfaceForComposites.java:765)
	at ptolemy.actor.util.CausalityInterfaceForComposites._computeInputDepth(CausalityInterfaceForComposites.java:696)
	at ptolemy.actor.util.CausalityInterfaceForComposites._computeOutputPortDepth(CausalityInterfaceForComposites.java:765)
	at ptolemy.actor.util.CausalityInterfaceForComposites._computeInputDepth(CausalityInterfaceForComposites.java:696)
	at ptolemy.actor.util.CausalityInterfaceForComposites._computeActorDepth(CausalityInterfaceForComposites.java:532)
	at ptolemy.actor.util.CausalityInterfaceForComposites.checkForCycles(CausalityInterfaceForComposites.java:96)
	at ptolemy.domains.de.kernel.DEDirector.preinitialize(DEDirector.java:1338)
	at ptolemy.actor.CompositeActor.preinitialize(CompositeActor.java:1828)
	at ptolemy.actor.Manager.preinitializeAndResolveTypes(Manager.java:1040)
	at ptolemy.actor.Manager.initialize(Manager.java:710)
	at ptolemy.actor.Manager.execute(Manager.java:356)
	at ptolemy.actor.Manager.run(Manager.java:1263)
	at ptolemy.actor.Manager$PtolemyRunThread.run(Manager.java:1915)
java.lang.RuntimeException: Execution failed
	at ptolemy.moml.MoMLSimpleApplication$UnloadThread.run(MoMLSimpleApplication.java:402)
Caused by: ptolemy.kernel.util.IllegalActionException: Found a zero delay loop containing .dependencyLoop2.original
  in .dependencyLoop2 and .dependencyLoop2.original
	at ptolemy.actor.util.CausalityInterfaceForComposites._computeOutputPortDepth(CausalityInterfaceForComposites.java:759)
	at ptolemy.actor.util.CausalityInterfaceForComposites._computeInputDepth(CausalityInterfaceForComposites.java:696)
	at ptolemy.actor.util.CausalityInterfaceForComposites._computeOutputPortDepth(CausalityInterfaceForComposites.java:765)
	at ptolemy.actor.util.CausalityInterfaceForComposites._computeInputDepth(CausalityInterfaceForComposites.java:696)
	at ptolemy.actor.util.CausalityInterfaceForComposites._computeOutputPortDepth(CausalityInterfaceForComposites.java:765)
	at ptolemy.actor.util.CausalityInterfaceForComposites._computeInputDepth(CausalityInterfaceForComposites.java:696)
	at ptolemy.actor.util.CausalityInterfaceForComposites._computeActorDepth(CausalityInterfaceForComposites.java:532)
	at ptolemy.actor.util.CausalityInterfaceForComposites.checkForCycles(CausalityInterfaceForComposites.java:96)
	at ptolemy.domains.de.kernel.DEDirector.preinitialize(DEDirector.java:1338)
	at ptolemy.actor.CompositeActor.preinitialize(CompositeActor.java:1828)
	at ptolemy.actor.Manager.preinitializeAndResolveTypes(Manager.java:1040)
	at ptolemy.actor.Manager.initialize(Manager.java:710)
	at ptolemy.actor.Manager.execute(Manager.java:356)
	at ptolemy.actor.Manager.run(Manager.java:1263)
	at ptolemy.actor.Manager$PtolemyRunThread.run(Manager.java:1915)
java.lang.reflect.InvocationTargetException
	at sun.reflect.NativeConstructorAccessorImpl.newInstance0(Native Method)
	at sun.reflect.NativeConstructorAccessorImpl.newInstance(NativeConstructorAccessorImpl.java:62)
	at sun.reflect.DelegatingConstructorAccessorImpl.newInstance(DelegatingConstructorAccessorImpl.java:45)
	at java.lang.reflect.Constructor.newInstance(Constructor.java:423)
	at ptolemy.util.test.junit.AutoKnownFailedTests.RunModel(AutoKnownFailedTests.java:107)
	at sun.reflect.NativeMethodAccessorImpl.invoke0(Native Method)
	at sun.reflect.NativeMethodAccessorImpl.invoke(NativeMethodAccessorImpl.java:62)
	at sun.reflect.DelegatingMethodAccessorImpl.invoke(DelegatingMethodAccessorImpl.java:43)
	at java.lang.reflect.Method.invoke(Method.java:498)
	at org.junit.runners.model.FrameworkMethod$1.runReflectiveCall(FrameworkMethod.java:44)
	at org.junit.internal.runners.model.ReflectiveCallable.run(ReflectiveCallable.java:15)
	at org.junit.runners.model.FrameworkMethod.invokeExplosively(FrameworkMethod.java:41)
	at junitparams.internal.InvokeParameterisedMethod.evaluate(InvokeParameterisedMethod.java:102)
	at org.junit.internal.runners.statements.FailOnTimeout$1.run(FailOnTimeout.java:28)
Caused by: ptolemy.kernel.util.IllegalActionException: Found a zero delay loop containing .dependencyLoop2.original
  in .dependencyLoop2 and .dependencyLoop2.original
	at ptolemy.actor.util.CausalityInterfaceForComposites._computeOutputPortDepth(CausalityInterfaceForComposites.java:759)
	at ptolemy.actor.util.CausalityInterfaceForComposites._computeInputDepth(CausalityInterfaceForComposites.java:696)
	at ptolemy.actor.util.CausalityInterfaceForComposites._computeOutputPortDepth(CausalityInterfaceForComposites.java:765)
	at ptolemy.actor.util.CausalityInterfaceForComposites._computeInputDepth(CausalityInterfaceForComposites.java:696)
	at ptolemy.actor.util.CausalityInterfaceForComposites._computeOutputPortDepth(CausalityInterfaceForComposites.java:765)
	at ptolemy.actor.util.CausalityInterfaceForComposites._computeInputDepth(CausalityInterfaceForComposites.java:696)
	at ptolemy.actor.util.CausalityInterfaceForComposites._computeActorDepth(CausalityInterfaceForComposites.java:532)
	at ptolemy.actor.util.CausalityInterfaceForComposites.checkForCycles(CausalityInterfaceForComposites.java:96)
	at ptolemy.domains.de.kernel.DEDirector.preinitialize(DEDirector.java:1338)
	at ptolemy.actor.CompositeActor.preinitialize(CompositeActor.java:1828)
	at ptolemy.actor.Manager.preinitializeAndResolveTypes(Manager.java:1040)
	at ptolemy.actor.Manager.initialize(Manager.java:710)
	at ptolemy.actor.Manager.execute(Manager.java:356)
	at ptolemy.actor.Manager.run(Manager.java:1263)
	at ptolemy.actor.Manager$PtolemyRunThread.run(Manager.java:1915)
]]></system-err>
</testsuite>
