<?xml version="1.0" encoding="UTF-8" ?>
<testsuite errors="0" failures="0" hostname="travis-job-050144fc-24c8-4f79-8cf8-69e215bddfda" name="ptolemy.domains.de.test.junit.JUnitTclTest" skipped="0" tests="101" time="127.535" timestamp="2020-02-17T23:33:00">
  <properties>
[...]
</properties>
  <testcase classname="ptolemy.util.test.junit.TclTests" name="[0] /home/travis/build/icyphy/ptII/ptolemy/domains/de/test/DependencyLoop.tcl (RunTclFile)" time="1.096" />
  <testcase classname="ptolemy.util.test.junit.TclTests" name="[1] /home/travis/build/icyphy/ptII/ptolemy/domains/de/test/RunDETestsAsQSS.tcl (RunTclFile)" time="86.471" />
  <testcase classname="ptolemy.util.test.junit.AutoKnownFailedTests" name="[0] /home/travis/build/icyphy/ptII/ptolemy/domains/de/test/auto/knownFailedTests/DESDFClockTest.xml (RunModel)" time="2.032" />
  <testcase classname="ptolemy.util.test.junit.AutoKnownFailedTests" name="[1] /home/travis/build/icyphy/ptII/ptolemy/domains/de/test/auto/knownFailedTests/DirectFeedback.xml (RunModel)" time="0.015" />
  <testcase classname="ptolemy.util.test.junit.AutoKnownFailedTests" name="[2] /home/travis/build/icyphy/ptII/ptolemy/domains/de/test/auto/knownFailedTests/FSMSource.xml (RunModel)" time="0.035" />
  <testcase classname="ptolemy.util.test.junit.AutoKnownFailedTests" name="[3] /home/travis/build/icyphy/ptII/ptolemy/domains/de/test/auto/knownFailedTests/HierarchicalModel.xml (RunModel)" time="0.053" />
  <testcase classname="ptolemy.util.test.junit.AutoKnownFailedTests" name="[4] /home/travis/build/icyphy/ptII/ptolemy/domains/de/test/auto/knownFailedTests/dependencyLoop.xml (RunModel)" time="0.044" />
  <testcase classname="ptolemy.util.test.junit.AutoKnownFailedTests" name="[5] /home/travis/build/icyphy/ptII/ptolemy/domains/de/test/auto/knownFailedTests/dependencyLoop2.xml (RunModel)" time="0.047" />
  <testcase classname="ptolemy.util.test.junit.AutoNameArchTests" name="[0] ThereAreNoAutoArchTests (RunModel)" time="0.002" />
  <testcase classname="ptolemy.util.test.junit.AutoTests" name="[0] /home/travis/build/icyphy/ptII/ptolemy/domains/de/test/auto/ActorDepthCalculation_actorWithoutPorts.xml (RunModel)" time="0.018" />
  <testcase classname="ptolemy.util.test.junit.AutoTests" name="[1] /home/travis/build/icyphy/ptII/ptolemy/domains/de/test/auto/AssemblyLine.xml (RunModel)" time="0.023" />
  <testcase classname="ptolemy.util.test.junit.AutoTests" name="[2] /home/travis/build/icyphy/ptII/ptolemy/domains/de/test/auto/CQBug1.xml (RunModel)" time="0.009" />
  <testcase classname="ptolemy.util.test.junit.AutoTests" name="[3] /home/travis/build/icyphy/ptII/ptolemy/domains/de/test/auto/CancelFireAt.xml (RunModel)" time="0.007" />
  <testcase classname="ptolemy.util.test.junit.AutoTests" name="[4] /home/travis/build/icyphy/ptII/ptolemy/domains/de/test/auto/CausalityAndComposabilityAnalysis.xml (RunModel)" time="0.021" />
  <testcase classname="ptolemy.util.test.junit.AutoTests" name="[5] /home/travis/build/icyphy/ptII/ptolemy/domains/de/test/auto/CausalityInterface1.xml (RunModel)" time="0.028" />
  <testcase classname="ptolemy.util.test.junit.AutoTests" name="[6] /home/travis/build/icyphy/ptII/ptolemy/domains/de/test/auto/CausalityInterface15.xml (RunModel)" time="0.017" />
  <testcase classname="ptolemy.util.test.junit.AutoTests" name="[7] /home/travis/build/icyphy/ptII/ptolemy/domains/de/test/auto/CausalityInterface2.xml (RunModel)" time="0.013" />
  <testcase classname="ptolemy.util.test.junit.AutoTests" name="[8] /home/travis/build/icyphy/ptII/ptolemy/domains/de/test/auto/CausalityInterface3.xml (RunModel)" time="0.012" />
  <testcase classname="ptolemy.util.test.junit.AutoTests" name="[9] /home/travis/build/icyphy/ptII/ptolemy/domains/de/test/auto/ClockDrift.xml (RunModel)" time="0.036" />
  <testcase classname="ptolemy.util.test.junit.AutoTests" name="[10] /home/travis/build/icyphy/ptII/ptolemy/domains/de/test/auto/ClockDriftAndValueChange.xml (RunModel)" time="0.033" />
  <testcase classname="ptolemy.util.test.junit.AutoTests" name="[11] /home/travis/build/icyphy/ptII/ptolemy/domains/de/test/auto/ClockDriftChange.xml (RunModel)" time="0.037" />
  <testcase classname="ptolemy.util.test.junit.AutoTests" name="[12] /home/travis/build/icyphy/ptII/ptolemy/domains/de/test/auto/ComposableCausalityAnalysis.xml (RunModel)" time="0.015" />
  <testcase classname="ptolemy.util.test.junit.AutoTests" name="[13] /home/travis/build/icyphy/ptII/ptolemy/domains/de/test/auto/DEFixedPointLimitation.xml (RunModel)" time="0.013" />
  <testcase classname="ptolemy.util.test.junit.AutoTests" name="[14] /home/travis/build/icyphy/ptII/ptolemy/domains/de/test/auto/DEScheduleTest.xml (RunModel)" time="0.022" />
  <testcase classname="ptolemy.util.test.junit.AutoTests" name="[15] /home/travis/build/icyphy/ptII/ptolemy/domains/de/test/auto/DEinDEwithStartTimes.xml (RunModel)" time="0.02" />
  <testcase classname="ptolemy.util.test.junit.AutoTests" name="[16] /home/travis/build/icyphy/ptII/ptolemy/domains/de/test/auto/DEinDEwithStartTimes2.xml (RunModel)" time="0.018" />
  <testcase classname="ptolemy.util.test.junit.AutoTests" name="[17] /home/travis/build/icyphy/ptII/ptolemy/domains/de/test/auto/DateDemo.xml (RunModel)" time="0.029" />
  <testcase classname="ptolemy.util.test.junit.AutoTests" name="[18] /home/travis/build/icyphy/ptII/ptolemy/domains/de/test/auto/DateToEvent.xml (RunModel)" time="2.04" />
  <testcase classname="ptolemy.util.test.junit.AutoTests" name="[19] /home/travis/build/icyphy/ptII/ptolemy/domains/de/test/auto/DepthTest1.xml (RunModel)" time="0.014" />
  <testcase classname="ptolemy.util.test.junit.AutoTests" name="[20] /home/travis/build/icyphy/ptII/ptolemy/domains/de/test/auto/DepthTest2.xml (RunModel)" time="0.018" />
  <testcase classname="ptolemy.util.test.junit.AutoTests" name="[21] /home/travis/build/icyphy/ptII/ptolemy/domains/de/test/auto/DepthTest3.xml (RunModel)" time="0.009" />
  <testcase classname="ptolemy.util.test.junit.AutoTests" name="[22] /home/travis/build/icyphy/ptII/ptolemy/domains/de/test/auto/DepthTest4.xml (RunModel)" time="0.025" />
  <testcase classname="ptolemy.util.test.junit.AutoTests" name="[23] /home/travis/build/icyphy/ptII/ptolemy/domains/de/test/auto/DepthTest5.xml (RunModel)" time="0.012" />
  <testcase classname="ptolemy.util.test.junit.AutoTests" name="[24] /home/travis/build/icyphy/ptII/ptolemy/domains/de/test/auto/DepthTest6.xml (RunModel)" time="0.011" />
  <testcase classname="ptolemy.util.test.junit.AutoTests" name="[25] /home/travis/build/icyphy/ptII/ptolemy/domains/de/test/auto/DepthTest7.xml (RunModel)" time="0.01" />
  <testcase classname="ptolemy.util.test.junit.AutoTests" name="[26] /home/travis/build/icyphy/ptII/ptolemy/domains/de/test/auto/EventToDate.xml (RunModel)" time="3.043" />
  <testcase classname="ptolemy.util.test.junit.AutoTests" name="[27] /home/travis/build/icyphy/ptII/ptolemy/domains/de/test/auto/FSM1.xml (RunModel)" time="0.035" />
  <testcase classname="ptolemy.util.test.junit.AutoTests" name="[28] /home/travis/build/icyphy/ptII/ptolemy/domains/de/test/auto/FSM7.xml (RunModel)" time="0.035" />
  <testcase classname="ptolemy.util.test.junit.AutoTests" name="[29] /home/travis/build/icyphy/ptII/ptolemy/domains/de/test/auto/Inspection.xml (RunModel)" time="0.043" />
  <testcase classname="ptolemy.util.test.junit.AutoTests" name="[30] /home/travis/build/icyphy/ptII/ptolemy/domains/de/test/auto/Iteration.xml (RunModel)" time="0.025" />
  <testcase classname="ptolemy.util.test.junit.AutoTests" name="[31] /home/travis/build/icyphy/ptII/ptolemy/domains/de/test/auto/LineFault.xml (RunModel)" time="0.587" />
  <testcase classname="ptolemy.util.test.junit.AutoTests" name="[32] /home/travis/build/icyphy/ptII/ptolemy/domains/de/test/auto/MergeModel1Add.xml (RunModel)" time="0.05" />
  <testcase classname="ptolemy.util.test.junit.AutoTests" name="[33] /home/travis/build/icyphy/ptII/ptolemy/domains/de/test/auto/MergeModel2Add.xml (RunModel)" time="0.034" />
  <testcase classname="ptolemy.util.test.junit.AutoTests" name="[34] /home/travis/build/icyphy/ptII/ptolemy/domains/de/test/auto/MergeModel3Add.xml (RunModel)" time="0.05" />
  <testcase classname="ptolemy.util.test.junit.AutoTests" name="[35] /home/travis/build/icyphy/ptII/ptolemy/domains/de/test/auto/MergeWithoutDiscard.xml (RunModel)" time="0.013" />
  <testcase classname="ptolemy.util.test.junit.AutoTests" name="[36] /home/travis/build/icyphy/ptII/ptolemy/domains/de/test/auto/Modal1.xml (RunModel)" time="0.033" />
  <testcase classname="ptolemy.util.test.junit.AutoTests" name="[37] /home/travis/build/icyphy/ptII/ptolemy/domains/de/test/auto/Modal2.xml (RunModel)" time="0.03" />
  <testcase classname="ptolemy.util.test.junit.AutoTests" name="[38] /home/travis/build/icyphy/ptII/ptolemy/domains/de/test/auto/Modal3.xml (RunModel)" time="0.029" />
  <testcase classname="ptolemy.util.test.junit.AutoTests" name="[39] /home/travis/build/icyphy/ptII/ptolemy/domains/de/test/auto/Modal4.xml (RunModel)" time="0.03" />
  <testcase classname="ptolemy.util.test.junit.AutoTests" name="[40] /home/travis/build/icyphy/ptII/ptolemy/domains/de/test/auto/Modal5.xml (RunModel)" time="0.03" />
  <testcase classname="ptolemy.util.test.junit.AutoTests" name="[41] /home/travis/build/icyphy/ptII/ptolemy/domains/de/test/auto/Modal6.xml (RunModel)" time="0.026" />
  <testcase classname="ptolemy.util.test.junit.AutoTests" name="[42] /home/travis/build/icyphy/ptII/ptolemy/domains/de/test/auto/Modal7.xml (RunModel)" time="0.027" />
  <testcase classname="ptolemy.util.test.junit.AutoTests" name="[43] /home/travis/build/icyphy/ptII/ptolemy/domains/de/test/auto/ModalModel.xml (RunModel)" time="0.187" />
  <testcase classname="ptolemy.util.test.junit.AutoTests" name="[44] /home/travis/build/icyphy/ptII/ptolemy/domains/de/test/auto/ModalSource.xml (RunModel)" time="0.027" />
  <testcase classname="ptolemy.util.test.junit.AutoTests" name="[45] /home/travis/build/icyphy/ptII/ptolemy/domains/de/test/auto/NonInterruptibleTimerZeroDelay.xml (RunModel)" time="0.015" />
  <testcase classname="ptolemy.util.test.junit.AutoTests" name="[46] /home/travis/build/icyphy/ptII/ptolemy/domains/de/test/auto/OpenQueueingNetwork.xml (RunModel)" time="2.389" />
  <testcase classname="ptolemy.util.test.junit.AutoTests" name="[47] /home/travis/build/icyphy/ptII/ptolemy/domains/de/test/auto/OpenQueuingNetwork.xml (RunModel)" time="0.266" />
  <testcase classname="ptolemy.util.test.junit.AutoTests" name="[48] /home/travis/build/icyphy/ptII/ptolemy/domains/de/test/auto/PeriodicSampler.xml (RunModel)" time="0.009" />
  <testcase classname="ptolemy.util.test.junit.AutoTests" name="[49] /home/travis/build/icyphy/ptII/ptolemy/domains/de/test/auto/PersistentIO.xml (RunModel)" time="0.021" />
  <testcase classname="ptolemy.util.test.junit.AutoTests" name="[50] /home/travis/build/icyphy/ptII/ptolemy/domains/de/test/auto/PortParameterResetOnInitialize.xml (RunModel)" time="0.009" />
  <testcase classname="ptolemy.util.test.junit.AutoTests" name="[51] /home/travis/build/icyphy/ptII/ptolemy/domains/de/test/auto/PortParameterUpdates.xml (RunModel)" time="0.014" />
  <testcase classname="ptolemy.util.test.junit.AutoTests" name="[52] /home/travis/build/icyphy/ptII/ptolemy/domains/de/test/auto/QueueAndServer.xml (RunModel)" time="0.022" />
  <testcase classname="ptolemy.util.test.junit.AutoTests" name="[53] /home/travis/build/icyphy/ptII/ptolemy/domains/de/test/auto/Records.xml (RunModel)" time="0.016" />
  <testcase classname="ptolemy.util.test.junit.AutoTests" name="[54] /home/travis/build/icyphy/ptII/ptolemy/domains/de/test/auto/ResetTransitionWithStartTime1.xml (RunModel)" time="0.018" />
  <testcase classname="ptolemy.util.test.junit.AutoTests" name="[55] /home/travis/build/icyphy/ptII/ptolemy/domains/de/test/auto/ResetTransitionWithStartTime2.xml (RunModel)" time="0.018" />
  <testcase classname="ptolemy.util.test.junit.AutoTests" name="[56] /home/travis/build/icyphy/ptII/ptolemy/domains/de/test/auto/ResetTransitionWithStartTime3.xml (RunModel)" time="0.018" />
  <testcase classname="ptolemy.util.test.junit.AutoTests" name="[57] /home/travis/build/icyphy/ptII/ptolemy/domains/de/test/auto/ResetTransitionWithStartTime4.xml (RunModel)" time="0.018" />
  <testcase classname="ptolemy.util.test.junit.AutoTests" name="[58] /home/travis/build/icyphy/ptII/ptolemy/domains/de/test/auto/ResettableTimer1.xml (RunModel)" time="0.011" />
  <testcase classname="ptolemy.util.test.junit.AutoTests" name="[59] /home/travis/build/icyphy/ptII/ptolemy/domains/de/test/auto/ResettableTimer2.xml (RunModel)" time="0.009" />
  <testcase classname="ptolemy.util.test.junit.AutoTests" name="[60] /home/travis/build/icyphy/ptII/ptolemy/domains/de/test/auto/ResettableTimer3.xml (RunModel)" time="0.009" />
  <testcase classname="ptolemy.util.test.junit.AutoTests" name="[61] /home/travis/build/icyphy/ptII/ptolemy/domains/de/test/auto/ResettableTimer4.xml (RunModel)" time="0.008" />
  <testcase classname="ptolemy.util.test.junit.AutoTests" name="[62] /home/travis/build/icyphy/ptII/ptolemy/domains/de/test/auto/ResettableTimer5.xml (RunModel)" time="0.011" />
  <testcase classname="ptolemy.util.test.junit.AutoTests" name="[63] /home/travis/build/icyphy/ptII/ptolemy/domains/de/test/auto/ResettableTimer6.xml (RunModel)" time="0.013" />
  <testcase classname="ptolemy.util.test.junit.AutoTests" name="[64] /home/travis/build/icyphy/ptII/ptolemy/domains/de/test/auto/ServerZeroDelay.xml (RunModel)" time="0.008" />
  <testcase classname="ptolemy.util.test.junit.AutoTests" name="[65] /home/travis/build/icyphy/ptII/ptolemy/domains/de/test/auto/SmartSender.xml (RunModel)" time="3.008" />
  <testcase classname="ptolemy.util.test.junit.AutoTests" name="[66] /home/travis/build/icyphy/ptII/ptolemy/domains/de/test/auto/ThreadedComposite.xml (RunModel)" time="0.126" />
  <testcase classname="ptolemy.util.test.junit.AutoTests" name="[67] /home/travis/build/icyphy/ptII/ptolemy/domains/de/test/auto/Time.xml (RunModel)" time="0.385" />
  <testcase classname="ptolemy.util.test.junit.AutoTests" name="[68] /home/travis/build/icyphy/ptII/ptolemy/domains/de/test/auto/TimeDelayZeroDelay.xml (RunModel)" time="0.01" />
  <testcase classname="ptolemy.util.test.junit.AutoTests" name="[69] /home/travis/build/icyphy/ptII/ptolemy/domains/de/test/auto/TimerZeroDelay.xml (RunModel)" time="0.008" />
  <testcase classname="ptolemy.util.test.junit.AutoTests" name="[70] /home/travis/build/icyphy/ptII/ptolemy/domains/de/test/auto/TimingParadox.xml (RunModel)" time="0.328" />
  <testcase classname="ptolemy.util.test.junit.AutoTests" name="[71] /home/travis/build/icyphy/ptII/ptolemy/domains/de/test/auto/TransferInputs.xml (RunModel)" time="0.012" />
  <testcase classname="ptolemy.util.test.junit.AutoTests" name="[72] /home/travis/build/icyphy/ptII/ptolemy/domains/de/test/auto/TransferOutputs2.xml (RunModel)" time="0.042" />
  <testcase classname="ptolemy.util.test.junit.AutoTests" name="[73] /home/travis/build/icyphy/ptII/ptolemy/domains/de/test/auto/Trilateration.xml (RunModel)" time="11.631" />
  <testcase classname="ptolemy.util.test.junit.AutoTests" name="[74] /home/travis/build/icyphy/ptII/ptolemy/domains/de/test/auto/TwoSigmaDelta.xml (RunModel)" time="1.785" />
  <testcase classname="ptolemy.util.test.junit.AutoTests" name="[75] /home/travis/build/icyphy/ptII/ptolemy/domains/de/test/auto/VariableDelay.xml (RunModel)" time="0.012" />
  <testcase classname="ptolemy.util.test.junit.AutoTests" name="[76] /home/travis/build/icyphy/ptII/ptolemy/domains/de/test/auto/VariableDelay2.xml (RunModel)" time="0.013" />
  <testcase classname="ptolemy.util.test.junit.AutoTests" name="[77] /home/travis/build/icyphy/ptII/ptolemy/domains/de/test/auto/VariableDelayZeroDelay.xml (RunModel)" time="0.013" />
  <testcase classname="ptolemy.util.test.junit.AutoTests" name="[78] /home/travis/build/icyphy/ptII/ptolemy/domains/de/test/auto/VariableDelayZeroDelay2.xml (RunModel)" time="0.011" />
  <testcase classname="ptolemy.util.test.junit.AutoTests" name="[79] /home/travis/build/icyphy/ptII/ptolemy/domains/de/test/auto/deInCt.xml (RunModel)" time="0.019" />
  <testcase classname="ptolemy.util.test.junit.AutoTests" name="[80] /home/travis/build/icyphy/ptII/ptolemy/domains/de/test/auto/deInCt2.xml (RunModel)" time="0.023" />
  <testcase classname="ptolemy.util.test.junit.AutoTests" name="[81] /home/travis/build/icyphy/ptII/ptolemy/domains/de/test/auto/dynamicCausalityInterface1.xml (RunModel)" time="0.019" />
  <testcase classname="ptolemy.util.test.junit.AutoTests" name="[82] /home/travis/build/icyphy/ptII/ptolemy/domains/de/test/auto/fsm_de_test.xml (RunModel)" time="0.027" />
  <testcase classname="ptolemy.util.test.junit.AutoTests" name="[83] /home/travis/build/icyphy/ptII/ptolemy/domains/de/test/auto/functionDependencyReconstruction.xml (RunModel)" time="0.032" />
  <testcase classname="ptolemy.util.test.junit.AutoTests" name="[84] /home/travis/build/icyphy/ptII/ptolemy/domains/de/test/auto/multirate.xml (RunModel)" time="0.016" />
  <testcase classname="ptolemy.util.test.junit.AutoTests" name="[85] /home/travis/build/icyphy/ptII/ptolemy/domains/de/test/auto/multirate2.xml (RunModel)" time="0.016" />
  <testcase classname="ptolemy.util.test.junit.AutoTests" name="[86] /home/travis/build/icyphy/ptII/ptolemy/domains/de/test/auto/realtime.xml (RunModel)" time="10.012" />
  <testcase classname="ptolemy.util.test.junit.AutoTests" name="[87] /home/travis/build/icyphy/ptII/ptolemy/domains/de/test/auto/relationGroup.xml (RunModel)" time="0.011" />
  <testcase classname="ptolemy.util.test.junit.AutoTests" name="[88] /home/travis/build/icyphy/ptII/ptolemy/domains/de/test/auto/relationGroup2.xml (RunModel)" time="0.013" />
  <testcase classname="ptolemy.util.test.junit.AutoTests" name="[89] /home/travis/build/icyphy/ptII/ptolemy/domains/de/test/auto/sortWithOpaquePorts.xml (RunModel)" time="0.016" />
  <testcase classname="ptolemy.util.test.junit.AutoTests" name="[90] /home/travis/build/icyphy/ptII/ptolemy/domains/de/test/auto/transferInputsandOutputs.xml (RunModel)" time="0.026" />
  <testcase classname="ptolemy.util.test.junit.AutoTests" name="[91] /home/travis/build/icyphy/ptII/ptolemy/domains/de/test/auto/triggerType.xml (RunModel)" time="0.01" />
  <system-out><![CDATA[/home/travis/build/icyphy/ptII/ptolemy/domains/de/test/DependencyLoop.tcl
testDefs.tcl: setting time out to 9000 seconds at Mon Feb 17 23:33:00 UTC 2020
82 ms. Memory: 129024K Free: 79180K (61%)
24 ms. Memory: 129024K Free: 61757K (48%)
/home/travis/build/icyphy/ptII/ptolemy/domains/de/test/RunDETestsAsQSS.tcl
Run the DE tests using ptolemy.domains.qss.test.QSSDirectorTest, which extends QSSDirector and prints a message in the constructors.
------------------ testing $PTII/ptolemy/domains/de/test/auto/knownFailedTests/DirectFeedback.xml (Known Failure) 
44 ms. Memory: 129024K Free: 56142K (44%)


==== $PTIIhome/travis/build/icyphy/ptII/ptolemy/domains/de/test/../../../../: Auto Automatic test in file $PTII/ptolemy/domains/de/test/auto/knownFailedTests/DirectFeedback.xml
==== Contents of test case:

	    # FIXME: we should use $relativeFilename here, but it
	    # might have backslashes under Windows, which causes no end
	    # of trouble.
	    createAndExecute $file
	    list {}
	
.... Test generated KNOWN error:
    while executing
ptolemy.kernel.util.IllegalActionException: Test fails in iteration 1.
Value was: 1.0. Should have been: 2.0
  in .DirectFeedback.Test
	at ptolemy.actor.lib.Test.fire(Test.java:268)
	at ptolemy.domains.de.kernel.DEDirector._fire(DEDirector.java:1949)
	at ptolemy.domains.de.kernel.DEDirector.fire(DEDirector.java:502)
	at ptolemy.actor.CompositeActor.fire(CompositeActor.java:455)
	at ptolemy.actor.Manager.iterate(Manager.java:851)
	at ptolemy.actor.Manager.execute(Manager.java:369)
	at ptolemy.actor.Manager.run(Manager.java:1263)
	at ptolemy.actor.Manager$PtolemyRunThread.run(Manager.java:1933)

    while executing
ptolemy.kernel.util.IllegalActionException: Test fails in iteration 1.
Value was: 1.0. Should have been: 2.0
  in .DirectFeedback.Test
    while executing
"java::new ptolemy.moml.MoMLSimpleApplication $file
"
    (procedure "createAndExecute" line 2)
    invoked from within
"createAndExecute $file"
    ("uplevel" body line 5)
    invoked from within
"uplevel $contents_of_test"
------------------ testing $PTII/ptolemy/domains/de/test/auto/knownFailedTests/dependencyLoop.xml (Known Failure) 
16 ms. Memory: 129024K Free: 53070K (41%)


==== $PTIIhome/travis/build/icyphy/ptII/ptolemy/domains/de/test/../../../../: Auto Automatic test in file $PTII/ptolemy/domains/de/test/auto/knownFailedTests/dependencyLoop.xml
==== Contents of test case:

	    # FIXME: we should use $relativeFilename here, but it
	    # might have backslashes under Windows, which causes no end
	    # of trouble.
	    createAndExecute $file
	    list {}
	
.... Test generated KNOWN error:
    while executing
ptolemy.kernel.util.IllegalActionException: Found a zero delay loop containing .dependencyLoop.original
  in .dependencyLoop and .dependencyLoop.original
	at ptolemy.actor.util.CausalityInterfaceForComposites._computeOutputPortDepth(CausalityInterfaceForComposites.java:759)
	at ptolemy.actor.util.CausalityInterfaceForComposites._computeInputDepth(CausalityInterfaceForComposites.java:696)
	at ptolemy.actor.util.CausalityInterfaceForComposites._computeOutputPortDepth(CausalityInterfaceForComposites.java:765)
	at ptolemy.actor.util.CausalityInterfaceForComposites._computeInputDepth(CausalityInterfaceForComposites.java:696)
	at ptolemy.actor.util.CausalityInterfaceForComposites._computeOutputPortDepth(CausalityInterfaceForComposites.java:765)
	at ptolemy.actor.util.CausalityInterfaceForComposites._computeInputDepth(CausalityInterfaceForComposites.java:696)
	at ptolemy.actor.util.CausalityInterfaceForComposites._computeActorDepth(CausalityInterfaceForComposites.java:532)
	at ptolemy.actor.util.CausalityInterfaceForComposites.checkForCycles(CausalityInterfaceForComposites.java:96)
	at ptolemy.domains.de.kernel.DEDirector.preinitialize(DEDirector.java:1338)
	at ptolemy.actor.CompositeActor.preinitialize(CompositeActor.java:1828)
	at ptolemy.actor.Manager.preinitializeAndResolveTypes(Manager.java:1040)
	at ptolemy.actor.Manager.initialize(Manager.java:710)
	at ptolemy.actor.Manager.execute(Manager.java:356)
	at ptolemy.actor.Manager.run(Manager.java:1263)
	at ptolemy.actor.Manager$PtolemyRunThread.run(Manager.java:1933)

    while executing
ptolemy.kernel.util.IllegalActionException: Found a zero delay loop containing .dependencyLoop.original
  in .dependencyLoop and .dependencyLoop.original
    while executing
"java::new ptolemy.moml.MoMLSimpleApplication $file
"
    (procedure "createAndExecute" line 2)
    invoked from within
"createAndExecute $file"
    ("uplevel" body line 5)
    invoked from within
"uplevel $contents_of_test"
------------------ testing $PTII/ptolemy/domains/de/test/auto/knownFailedTests/FSMSource.xml (Known Failure) 
88 ms. Memory: 129024K Free: 111294K (86%)
!!!! Auto was marked as failing, but now passes
------------------ testing $PTII/ptolemy/domains/de/test/auto/knownFailedTests/HierarchicalModel.xml (Known Failure) 
9 ms. Memory: 129024K Free: 94327K (73%)


==== $PTIIhome/travis/build/icyphy/ptII/ptolemy/domains/de/test/../../../../: Auto Automatic test in file $PTII/ptolemy/domains/de/test/auto/knownFailedTests/HierarchicalModel.xml
==== Contents of test case:

	    # FIXME: we should use $relativeFilename here, but it
	    # might have backslashes under Windows, which causes no end
	    # of trouble.
	    createAndExecute $file
	    list {}
	
.... Test generated KNOWN error:
    while executing
ptolemy.kernel.util.IllegalActionException: Found a zero delay loop containing .HierarchicalModel.A
  in .HierarchicalModel and .HierarchicalModel.A
	at ptolemy.actor.util.CausalityInterfaceForComposites._computeOutputPortDepth(CausalityInterfaceForComposites.java:759)
	at ptolemy.actor.util.CausalityInterfaceForComposites._computeInputDepth(CausalityInterfaceForComposites.java:696)
	at ptolemy.actor.util.CausalityInterfaceForComposites._computeOutputPortDepth(CausalityInterfaceForComposites.java:765)
	at ptolemy.actor.util.CausalityInterfaceForComposites._computeInputDepth(CausalityInterfaceForComposites.java:696)
	at ptolemy.actor.util.CausalityInterfaceForComposites._computeOutputPortDepth(CausalityInterfaceForComposites.java:765)
	at ptolemy.actor.util.CausalityInterfaceForComposites._computeInputDepth(CausalityInterfaceForComposites.java:696)
	at ptolemy.actor.util.CausalityInterfaceForComposites._computeActorDepth(CausalityInterfaceForComposites.java:532)
	at ptolemy.actor.util.CausalityInterfaceForComposites.checkForCycles(CausalityInterfaceForComposites.java:96)
	at ptolemy.domains.de.kernel.DEDirector.preinitialize(DEDirector.java:1338)
	at ptolemy.actor.CompositeActor.preinitialize(CompositeActor.java:1828)
	at ptolemy.actor.Manager.preinitializeAndResolveTypes(Manager.java:1040)
	at ptolemy.actor.Manager.initialize(Manager.java:710)
	at ptolemy.actor.Manager.execute(Manager.java:356)
	at ptolemy.actor.Manager.run(Manager.java:1263)
	at ptolemy.actor.Manager$PtolemyRunThread.run(Manager.java:1933)

    while executing
ptolemy.kernel.util.IllegalActionException: Found a zero delay loop containing .HierarchicalModel.A
  in .HierarchicalModel and .HierarchicalModel.A
    while executing
"java::new ptolemy.moml.MoMLSimpleApplication $file
"
    (procedure "createAndExecute" line 2)
    invoked from within
"createAndExecute $file"
    ("uplevel" body line 5)
    invoked from within
"uplevel $contents_of_test"
------------------ testing $PTII/ptolemy/domains/de/test/auto/knownFailedTests/dependencyLoop2.xml (Known Failure) 
10 ms. Memory: 129024K Free: 78540K (61%)


==== $PTIIhome/travis/build/icyphy/ptII/ptolemy/domains/de/test/../../../../: Auto Automatic test in file $PTII/ptolemy/domains/de/test/auto/knownFailedTests/dependencyLoop2.xml
==== Contents of test case:

	    # FIXME: we should use $relativeFilename here, but it
	    # might have backslashes under Windows, which causes no end
	    # of trouble.
	    createAndExecute $file
	    list {}
	
.... Test generated KNOWN error:
    while executing
ptolemy.kernel.util.IllegalActionException: Found a zero delay loop containing .dependencyLoop2.original
  in .dependencyLoop2 and .dependencyLoop2.original
	at ptolemy.actor.util.CausalityInterfaceForComposites._computeOutputPortDepth(CausalityInterfaceForComposites.java:759)
	at ptolemy.actor.util.CausalityInterfaceForComposites._computeInputDepth(CausalityInterfaceForComposites.java:696)
	at ptolemy.actor.util.CausalityInterfaceForComposites._computeOutputPortDepth(CausalityInterfaceForComposites.java:765)
	at ptolemy.actor.util.CausalityInterfaceForComposites._computeInputDepth(CausalityInterfaceForComposites.java:696)
	at ptolemy.actor.util.CausalityInterfaceForComposites._computeOutputPortDepth(CausalityInterfaceForComposites.java:765)
	at ptolemy.actor.util.CausalityInterfaceForComposites._computeInputDepth(CausalityInterfaceForComposites.java:696)
	at ptolemy.actor.util.CausalityInterfaceForComposites._computeActorDepth(CausalityInterfaceForComposites.java:532)
	at ptolemy.actor.util.CausalityInterfaceForComposites.checkForCycles(CausalityInterfaceForComposites.java:96)
	at ptolemy.domains.de.kernel.DEDirector.preinitialize(DEDirector.java:1338)
	at ptolemy.actor.CompositeActor.preinitialize(CompositeActor.java:1828)
	at ptolemy.actor.Manager.preinitializeAndResolveTypes(Manager.java:1040)
	at ptolemy.actor.Manager.initialize(Manager.java:710)
	at ptolemy.actor.Manager.execute(Manager.java:356)
	at ptolemy.actor.Manager.run(Manager.java:1263)
	at ptolemy.actor.Manager$PtolemyRunThread.run(Manager.java:1933)

    while executing
ptolemy.kernel.util.IllegalActionException: Found a zero delay loop containing .dependencyLoop2.original
  in .dependencyLoop2 and .dependencyLoop2.original
    while executing
"java::new ptolemy.moml.MoMLSimpleApplication $file
"
    (procedure "createAndExecute" line 2)
    invoked from within
"createAndExecute $file"
    ("uplevel" body line 5)
    invoked from within
"uplevel $contents_of_test"
------------------ testing $PTII/ptolemy/domains/de/test/auto/knownFailedTests/DESDFClockTest.xml (Known Failure) 
2039 ms. Memory: 129024K Free: 108081K (84%)


==== $PTIIhome/travis/build/icyphy/ptII/ptolemy/domains/de/test/../../../../: Auto Automatic test in file $PTII/ptolemy/domains/de/test/auto/knownFailedTests/DESDFClockTest.xml
==== Contents of test case:

	    # FIXME: we should use $relativeFilename here, but it
	    # might have backslashes under Windows, which causes no end
	    # of trouble.
	    createAndExecute $file
	    list {}
	
.... Test generated KNOWN error:
    while executing
ptolemy.kernel.util.IllegalActionException: Actor is not ready to fire.  Perhaps UpSample.prefire() returned false? Try debugging the actor by selecting "Listen to Actor".  Also, for SDF check moml for tokenConsumptionRate on input.
  in .DESDFClockTest.Play Bell.Copy1:SDF Director and .DESDFClockTest.Play Bell.UpSample
	at ptolemy.actor.sched.StaticSchedulingDirector.fire(StaticSchedulingDirector.java:227)
	at ptolemy.domains.sdf.kernel.SDFDirector.fire(SDFDirector.java:500)
	at ptolemy.actor.CompositeActor.fire(CompositeActor.java:455)
	at ptolemy.domains.de.kernel.DEDirector._fire(DEDirector.java:1949)
	at ptolemy.domains.de.kernel.DEDirector.fire(DEDirector.java:502)
	at ptolemy.actor.CompositeActor.fire(CompositeActor.java:455)
	at ptolemy.actor.Manager.iterate(Manager.java:851)
	at ptolemy.actor.Manager.execute(Manager.java:369)
	at ptolemy.actor.Manager.run(Manager.java:1263)
	at ptolemy.actor.Manager$PtolemyRunThread.run(Manager.java:1933)

    while executing
ptolemy.kernel.util.IllegalActionException: Actor is not ready to fire.  Perhaps UpSample.prefire() returned false? Try debugging the actor by selecting "Listen to Actor".  Also, for SDF check moml for tokenConsumptionRate on input.
  in .DESDFClockTest.Play Bell.Copy1:SDF Director and .DESDFClockTest.Play Bell.UpSample
    while executing
"java::new ptolemy.moml.MoMLSimpleApplication $file
"
    (procedure "createAndExecute" line 2)
    invoked from within
"createAndExecute $file"
    ("uplevel" body line 5)
    invoked from within
"uplevel $contents_of_test"
------------------ testing $PTII/ptolemy/domains/de/test/auto/ActorDepthCalculation_actorWithoutPorts.xml
auto.tcl: Setting watchdog for 200 seconds at Mon Feb 17 23:33:04 UTC 2020
11 ms. Memory: 129024K Free: 100913K (78%)
ptolemy.util.test.WatchDog.cancel(): canceling Mon Feb 17 23:33:04 UTC 2020
auto.tcl: Setting watchdog for 200 seconds at Mon Feb 17 23:33:04 UTC 2020
4 ms. Memory: 129024K Free: 99361K (77%)
ptolemy.util.test.WatchDog.cancel(): canceling Mon Feb 17 23:33:04 UTC 2020
------------------ testing $PTII/ptolemy/domains/de/test/auto/AssemblyLine.xml
auto.tcl: Setting watchdog for 200 seconds at Mon Feb 17 23:33:04 UTC 2020
21 ms. Memory: 51200K Free: 27923K (55%)
ptolemy.util.test.WatchDog.cancel(): canceling Mon Feb 17 23:33:04 UTC 2020
auto.tcl: Setting watchdog for 200 seconds at Mon Feb 17 23:33:04 UTC 2020
10 ms. Memory: 51200K Free: 27244K (53%)
ptolemy.util.test.WatchDog.cancel(): canceling Mon Feb 17 23:33:04 UTC 2020
------------------ testing $PTII/ptolemy/domains/de/test/auto/CQBug1.xml
auto.tcl: Setting watchdog for 200 seconds at Mon Feb 17 23:33:04 UTC 2020
3 ms. Memory: 51200K Free: 33255K (65%)
ptolemy.util.test.WatchDog.cancel(): canceling Mon Feb 17 23:33:04 UTC 2020
auto.tcl: Setting watchdog for 200 seconds at Mon Feb 17 23:33:04 UTC 2020
2 ms. Memory: 51200K Free: 32802K (64%)
ptolemy.util.test.WatchDog.cancel(): canceling Mon Feb 17 23:33:04 UTC 2020
------------------ testing $PTII/ptolemy/domains/de/test/auto/CancelFireAt.xml
auto.tcl: Setting watchdog for 200 seconds at Mon Feb 17 23:33:04 UTC 2020
5 ms. Memory: 51200K Free: 34619K (68%)
ptolemy.util.test.WatchDog.cancel(): canceling Mon Feb 17 23:33:04 UTC 2020
auto.tcl: Setting watchdog for 200 seconds at Mon Feb 17 23:33:04 UTC 2020
2 ms. Memory: 51200K Free: 34124K (67%)
ptolemy.util.test.WatchDog.cancel(): canceling Mon Feb 17 23:33:04 UTC 2020
------------------ testing $PTII/ptolemy/domains/de/test/auto/CausalityAndComposabilityAnalysis.xml
auto.tcl: Setting watchdog for 200 seconds at Mon Feb 17 23:33:04 UTC 2020
5 ms. Memory: 51200K Free: 32435K (63%)
ptolemy.util.test.WatchDog.cancel(): canceling Mon Feb 17 23:33:04 UTC 2020
auto.tcl: Setting watchdog for 200 seconds at Mon Feb 17 23:33:04 UTC 2020
5 ms. Memory: 51200K Free: 31962K (62%)
ptolemy.util.test.WatchDog.cancel(): canceling Mon Feb 17 23:33:04 UTC 2020
------------------ testing $PTII/ptolemy/domains/de/test/auto/CausalityInterface1.xml
auto.tcl: Setting watchdog for 200 seconds at Mon Feb 17 23:33:04 UTC 2020
29 ms. Memory: 51200K Free: 31385K (61%)
ptolemy.util.test.WatchDog.cancel(): canceling Mon Feb 17 23:33:04 UTC 2020
auto.tcl: Setting watchdog for 200 seconds at Mon Feb 17 23:33:04 UTC 2020
4 ms. Memory: 51200K Free: 30396K (59%)
ptolemy.util.test.WatchDog.cancel(): canceling Mon Feb 17 23:33:05 UTC 2020
------------------ testing $PTII/ptolemy/domains/de/test/auto/CausalityInterface15.xml
auto.tcl: Setting watchdog for 200 seconds at Mon Feb 17 23:33:05 UTC 2020
11 ms. Memory: 51200K Free: 31292K (61%)
ptolemy.util.test.WatchDog.cancel(): canceling Mon Feb 17 23:33:05 UTC 2020
auto.tcl: Setting watchdog for 200 seconds at Mon Feb 17 23:33:05 UTC 2020
4 ms. Memory: 51200K Free: 30321K (59%)
ptolemy.util.test.WatchDog.cancel(): canceling Mon Feb 17 23:33:05 UTC 2020
------------------ testing $PTII/ptolemy/domains/de/test/auto/CausalityInterface2.xml
auto.tcl: Setting watchdog for 200 seconds at Mon Feb 17 23:33:05 UTC 2020
3 ms. Memory: 51200K Free: 32266K (63%)
ptolemy.util.test.WatchDog.cancel(): canceling Mon Feb 17 23:33:05 UTC 2020
auto.tcl: Setting watchdog for 200 seconds at Mon Feb 17 23:33:05 UTC 2020
3 ms. Memory: 51200K Free: 31364K (61%)
ptolemy.util.test.WatchDog.cancel(): canceling Mon Feb 17 23:33:05 UTC 2020
------------------ testing $PTII/ptolemy/domains/de/test/auto/CausalityInterface3.xml
auto.tcl: Setting watchdog for 200 seconds at Mon Feb 17 23:33:05 UTC 2020
7 ms. Memory: 51200K Free: 31557K (62%)
ptolemy.util.test.WatchDog.cancel(): canceling Mon Feb 17 23:33:05 UTC 2020
auto.tcl: Setting watchdog for 200 seconds at Mon Feb 17 23:33:05 UTC 2020
3 ms. Memory: 51200K Free: 31071K (61%)
ptolemy.util.test.WatchDog.cancel(): canceling Mon Feb 17 23:33:05 UTC 2020
------------------ testing $PTII/ptolemy/domains/de/test/auto/ClockDrift.xml
auto.tcl: Setting watchdog for 200 seconds at Mon Feb 17 23:33:05 UTC 2020
64 ms. Memory: 51200K Free: 23895K (47%)
ptolemy.util.test.WatchDog.cancel(): canceling Mon Feb 17 23:33:05 UTC 2020
auto.tcl: Setting watchdog for 200 seconds at Mon Feb 17 23:33:05 UTC 2020
29 ms. Memory: 51200K Free: 20683K (40%)
ptolemy.util.test.WatchDog.cancel(): canceling Mon Feb 17 23:33:05 UTC 2020
------------------ testing $PTII/ptolemy/domains/de/test/auto/ClockDriftAndValueChange.xml
auto.tcl: Setting watchdog for 200 seconds at Mon Feb 17 23:33:05 UTC 2020
40 ms. Memory: 51200K Free: 24733K (48%)
ptolemy.util.test.WatchDog.cancel(): canceling Mon Feb 17 23:33:05 UTC 2020
auto.tcl: Setting watchdog for 200 seconds at Mon Feb 17 23:33:05 UTC 2020
25 ms. Memory: 51200K Free: 21564K (42%)
ptolemy.util.test.WatchDog.cancel(): canceling Mon Feb 17 23:33:05 UTC 2020
------------------ testing $PTII/ptolemy/domains/de/test/auto/ClockDriftChange.xml
auto.tcl: Setting watchdog for 200 seconds at Mon Feb 17 23:33:05 UTC 2020
24 ms. Memory: 51200K Free: 26044K (51%)
ptolemy.util.test.WatchDog.cancel(): canceling Mon Feb 17 23:33:05 UTC 2020
auto.tcl: Setting watchdog for 200 seconds at Mon Feb 17 23:33:05 UTC 2020
16 ms. Memory: 51200K Free: 23667K (46%)
ptolemy.util.test.WatchDog.cancel(): canceling Mon Feb 17 23:33:05 UTC 2020
------------------ testing $PTII/ptolemy/domains/de/test/auto/ComposableCausalityAnalysis.xml
auto.tcl: Setting watchdog for 200 seconds at Mon Feb 17 23:33:05 UTC 2020
3 ms. Memory: 51200K Free: 30635K (60%)
ptolemy.util.test.WatchDog.cancel(): canceling Mon Feb 17 23:33:05 UTC 2020
auto.tcl: Setting watchdog for 200 seconds at Mon Feb 17 23:33:05 UTC 2020
6 ms. Memory: 51200K Free: 29616K (58%)
ptolemy.util.test.WatchDog.cancel(): canceling Mon Feb 17 23:33:05 UTC 2020
------------------ testing $PTII/ptolemy/domains/de/test/auto/DEFixedPointLimitation.xml
auto.tcl: Setting watchdog for 200 seconds at Mon Feb 17 23:33:05 UTC 2020
2 ms. Memory: 51200K Free: 31772K (62%)
ptolemy.util.test.WatchDog.cancel(): canceling Mon Feb 17 23:33:05 UTC 2020
auto.tcl: Setting watchdog for 200 seconds at Mon Feb 17 23:33:05 UTC 2020
2 ms. Memory: 51200K Free: 31136K (61%)
ptolemy.util.test.WatchDog.cancel(): canceling Mon Feb 17 23:33:05 UTC 2020
------------------ testing $PTII/ptolemy/domains/de/test/auto/DEScheduleTest.xml
auto.tcl: Setting watchdog for 200 seconds at Mon Feb 17 23:33:05 UTC 2020
4 ms. Memory: 51200K Free: 32357K (63%)
ptolemy.util.test.WatchDog.cancel(): canceling Mon Feb 17 23:33:05 UTC 2020
auto.tcl: Setting watchdog for 200 seconds at Mon Feb 17 23:33:05 UTC 2020
2 ms. Memory: 51200K Free: 31591K (62%)
ptolemy.util.test.WatchDog.cancel(): canceling Mon Feb 17 23:33:05 UTC 2020
------------------ testing $PTII/ptolemy/domains/de/test/auto/DEinDEwithStartTimes.xml
auto.tcl: Setting watchdog for 200 seconds at Mon Feb 17 23:33:05 UTC 2020
3 ms. Memory: 51200K Free: 30518K (60%)
ptolemy.util.test.WatchDog.cancel(): canceling Mon Feb 17 23:33:05 UTC 2020
auto.tcl: Setting watchdog for 200 seconds at Mon Feb 17 23:33:05 UTC 2020
5 ms. Memory: 51200K Free: 29609K (58%)
ptolemy.util.test.WatchDog.cancel(): canceling Mon Feb 17 23:33:05 UTC 2020
------------------ testing $PTII/ptolemy/domains/de/test/auto/DEinDEwithStartTimes2.xml
auto.tcl: Setting watchdog for 200 seconds at Mon Feb 17 23:33:06 UTC 2020
5 ms. Memory: 51200K Free: 29641K (58%)
ptolemy.util.test.WatchDog.cancel(): canceling Mon Feb 17 23:33:06 UTC 2020
auto.tcl: Setting watchdog for 200 seconds at Mon Feb 17 23:33:06 UTC 2020
3 ms. Memory: 51200K Free: 28590K (56%)
ptolemy.util.test.WatchDog.cancel(): canceling Mon Feb 17 23:33:06 UTC 2020
------------------ testing $PTII/ptolemy/domains/de/test/auto/DateDemo.xml
auto.tcl: Setting watchdog for 200 seconds at Mon Feb 17 23:33:06 UTC 2020
10 ms. Memory: 51200K Free: 24496K (48%)
ptolemy.util.test.WatchDog.cancel(): canceling Mon Feb 17 23:33:06 UTC 2020
auto.tcl: Setting watchdog for 200 seconds at Mon Feb 17 23:33:06 UTC 2020
6 ms. Memory: 51200K Free: 22847K (45%)
ptolemy.util.test.WatchDog.cancel(): canceling Mon Feb 17 23:33:06 UTC 2020
------------------ testing $PTII/ptolemy/domains/de/test/auto/DateToEvent.xml
auto.tcl: Setting watchdog for 200 seconds at Mon Feb 17 23:33:06 UTC 2020
2012 ms. Memory: 51200K Free: 20011K (39%)
ptolemy.util.test.WatchDog.cancel(): canceling Mon Feb 17 23:33:08 UTC 2020
auto.tcl: Setting watchdog for 200 seconds at Mon Feb 17 23:33:08 UTC 2020
2004 ms. Memory: 51200K Free: 19149K (37%)
ptolemy.util.test.WatchDog.cancel(): canceling Mon Feb 17 23:33:10 UTC 2020
------------------ testing $PTII/ptolemy/domains/de/test/auto/DepthTest1.xml
auto.tcl: Setting watchdog for 200 seconds at Mon Feb 17 23:33:10 UTC 2020
3 ms. Memory: 51200K Free: 33184K (65%)
ptolemy.util.test.WatchDog.cancel(): canceling Mon Feb 17 23:33:10 UTC 2020
auto.tcl: Setting watchdog for 200 seconds at Mon Feb 17 23:33:10 UTC 2020
1 ms. Memory: 51200K Free: 32695K (64%)
ptolemy.util.test.WatchDog.cancel(): canceling Mon Feb 17 23:33:10 UTC 2020
------------------ testing $PTII/ptolemy/domains/de/test/auto/DepthTest2.xml
auto.tcl: Setting watchdog for 200 seconds at Mon Feb 17 23:33:10 UTC 2020
4 ms. Memory: 51200K Free: 29975K (59%)
ptolemy.util.test.WatchDog.cancel(): canceling Mon Feb 17 23:33:10 UTC 2020
auto.tcl: Setting watchdog for 200 seconds at Mon Feb 17 23:33:10 UTC 2020
3 ms. Memory: 51200K Free: 29544K (58%)
ptolemy.util.test.WatchDog.cancel(): canceling Mon Feb 17 23:33:10 UTC 2020
------------------ testing $PTII/ptolemy/domains/de/test/auto/DepthTest3.xml
auto.tcl: Setting watchdog for 200 seconds at Mon Feb 17 23:33:10 UTC 2020
5 ms. Memory: 51200K Free: 33492K (65%)
ptolemy.util.test.WatchDog.cancel(): canceling Mon Feb 17 23:33:10 UTC 2020
auto.tcl: Setting watchdog for 200 seconds at Mon Feb 17 23:33:10 UTC 2020
2 ms. Memory: 51200K Free: 33020K (64%)
ptolemy.util.test.WatchDog.cancel(): canceling Mon Feb 17 23:33:10 UTC 2020
------------------ testing $PTII/ptolemy/domains/de/test/auto/DepthTest4.xml
auto.tcl: Setting watchdog for 200 seconds at Mon Feb 17 23:33:10 UTC 2020
8 ms. Memory: 51200K Free: 31737K (62%)
ptolemy.util.test.WatchDog.cancel(): canceling Mon Feb 17 23:33:10 UTC 2020
auto.tcl: Setting watchdog for 200 seconds at Mon Feb 17 23:33:10 UTC 2020
3 ms. Memory: 51200K Free: 31091K (61%)
ptolemy.util.test.WatchDog.cancel(): canceling Mon Feb 17 23:33:10 UTC 2020
------------------ testing $PTII/ptolemy/domains/de/test/auto/DepthTest5.xml
auto.tcl: Setting watchdog for 200 seconds at Mon Feb 17 23:33:10 UTC 2020
3 ms. Memory: 51200K Free: 31182K (61%)
ptolemy.util.test.WatchDog.cancel(): canceling Mon Feb 17 23:33:10 UTC 2020
auto.tcl: Setting watchdog for 200 seconds at Mon Feb 17 23:33:10 UTC 2020
3 ms. Memory: 51200K Free: 30449K (59%)
ptolemy.util.test.WatchDog.cancel(): canceling Mon Feb 17 23:33:10 UTC 2020
------------------ testing $PTII/ptolemy/domains/de/test/auto/DepthTest6.xml
auto.tcl: Setting watchdog for 200 seconds at Mon Feb 17 23:33:10 UTC 2020
4 ms. Memory: 51200K Free: 30914K (60%)
ptolemy.util.test.WatchDog.cancel(): canceling Mon Feb 17 23:33:10 UTC 2020
auto.tcl: Setting watchdog for 200 seconds at Mon Feb 17 23:33:10 UTC 2020
3 ms. Memory: 51200K Free: 30484K (60%)
ptolemy.util.test.WatchDog.cancel(): canceling Mon Feb 17 23:33:10 UTC 2020
------------------ testing $PTII/ptolemy/domains/de/test/auto/DepthTest7.xml
auto.tcl: Setting watchdog for 200 seconds at Mon Feb 17 23:33:10 UTC 2020
3 ms. Memory: 51200K Free: 30933K (60%)
ptolemy.util.test.WatchDog.cancel(): canceling Mon Feb 17 23:33:10 UTC 2020
auto.tcl: Setting watchdog for 200 seconds at Mon Feb 17 23:33:10 UTC 2020
3 ms. Memory: 51200K Free: 30503K (60%)
ptolemy.util.test.WatchDog.cancel(): canceling Mon Feb 17 23:33:10 UTC 2020
------------------ testing $PTII/ptolemy/domains/de/test/auto/EventToDate.xml
auto.tcl: Setting watchdog for 200 seconds at Mon Feb 17 23:33:10 UTC 2020
3006 ms. Memory: 51200K Free: 22468K (44%)
ptolemy.util.test.WatchDog.cancel(): canceling Mon Feb 17 23:33:13 UTC 2020
auto.tcl: Setting watchdog for 200 seconds at Mon Feb 17 23:33:13 UTC 2020
3004 ms. Memory: 51200K Free: 21820K (43%)
ptolemy.util.test.WatchDog.cancel(): canceling Mon Feb 17 23:33:16 UTC 2020
------------------ testing $PTII/ptolemy/domains/de/test/auto/FSM1.xml
auto.tcl: Setting watchdog for 200 seconds at Mon Feb 17 23:33:16 UTC 2020
38 ms. Memory: 51200K Free: 23732K (46%)
ptolemy.util.test.WatchDog.cancel(): canceling Mon Feb 17 23:33:16 UTC 2020
auto.tcl: Setting watchdog for 200 seconds at Mon Feb 17 23:33:16 UTC 2020
22 ms. Memory: 51200K Free: 20458K (40%)
ptolemy.util.test.WatchDog.cancel(): canceling Mon Feb 17 23:33:17 UTC 2020
------------------ testing $PTII/ptolemy/domains/de/test/auto/FSM7.xml
auto.tcl: Setting watchdog for 200 seconds at Mon Feb 17 23:33:17 UTC 2020
20 ms. Memory: 51200K Free: 23640K (46%)
ptolemy.util.test.WatchDog.cancel(): canceling Mon Feb 17 23:33:17 UTC 2020
auto.tcl: Setting watchdog for 200 seconds at Mon Feb 17 23:33:17 UTC 2020
17 ms. Memory: 51200K Free: 20678K (40%)
ptolemy.util.test.WatchDog.cancel(): canceling Mon Feb 17 23:33:17 UTC 2020
------------------ testing $PTII/ptolemy/domains/de/test/auto/Inspection.xml
auto.tcl: Setting watchdog for 200 seconds at Mon Feb 17 23:33:17 UTC 2020
21 ms. Memory: 51200K Free: 23203K (45%)
ptolemy.util.test.WatchDog.cancel(): canceling Mon Feb 17 23:33:17 UTC 2020
auto.tcl: Setting watchdog for 200 seconds at Mon Feb 17 23:33:17 UTC 2020
16 ms. Memory: 51200K Free: 21094K (41%)
ptolemy.util.test.WatchDog.cancel(): canceling Mon Feb 17 23:33:17 UTC 2020
------------------ testing $PTII/ptolemy/domains/de/test/auto/Iteration.xml
auto.tcl: Setting watchdog for 200 seconds at Mon Feb 17 23:33:17 UTC 2020
6 ms. Memory: 51200K Free: 28749K (56%)
ptolemy.util.test.WatchDog.cancel(): canceling Mon Feb 17 23:33:17 UTC 2020
auto.tcl: Setting watchdog for 200 seconds at Mon Feb 17 23:33:17 UTC 2020
6 ms. Memory: 51200K Free: 27563K (54%)
ptolemy.util.test.WatchDog.cancel(): canceling Mon Feb 17 23:33:17 UTC 2020
------------------ testing $PTII/ptolemy/domains/de/test/auto/LineFault.xml
auto.tcl: Setting watchdog for 200 seconds at Mon Feb 17 23:33:17 UTC 2020
616 ms. Memory: 51200K Free: 12595K (25%)
ptolemy.util.test.WatchDog.cancel(): canceling Mon Feb 17 23:33:18 UTC 2020
auto.tcl: Setting watchdog for 200 seconds at Mon Feb 17 23:33:18 UTC 2020
543 ms. Memory: 61440K Free: 36606K (60%)
ptolemy.util.test.WatchDog.cancel(): canceling Mon Feb 17 23:33:18 UTC 2020
------------------ testing $PTII/ptolemy/domains/de/test/auto/MergeModel1Add.xml
auto.tcl: Setting watchdog for 200 seconds at Mon Feb 17 23:33:18 UTC 2020
28 ms. Memory: 58368K Free: 21848K (37%)
ptolemy.util.test.WatchDog.cancel(): canceling Mon Feb 17 23:33:18 UTC 2020
auto.tcl: Setting watchdog for 200 seconds at Mon Feb 17 23:33:18 UTC 2020
11 ms. Memory: 58368K Free: 20524K (35%)
ptolemy.util.test.WatchDog.cancel(): canceling Mon Feb 17 23:33:19 UTC 2020
------------------ testing $PTII/ptolemy/domains/de/test/auto/MergeModel2Add.xml
auto.tcl: Setting watchdog for 200 seconds at Mon Feb 17 23:33:19 UTC 2020
10 ms. Memory: 55296K Free: 21659K (39%)
ptolemy.util.test.WatchDog.cancel(): canceling Mon Feb 17 23:33:19 UTC 2020
auto.tcl: Setting watchdog for 200 seconds at Mon Feb 17 23:33:19 UTC 2020
9 ms. Memory: 55296K Free: 20212K (37%)
ptolemy.util.test.WatchDog.cancel(): canceling Mon Feb 17 23:33:19 UTC 2020
------------------ testing $PTII/ptolemy/domains/de/test/auto/MergeModel3Add.xml
auto.tcl: Setting watchdog for 200 seconds at Mon Feb 17 23:33:19 UTC 2020
8 ms. Memory: 55296K Free: 21409K (39%)
ptolemy.util.test.WatchDog.cancel(): canceling Mon Feb 17 23:33:19 UTC 2020
auto.tcl: Setting watchdog for 200 seconds at Mon Feb 17 23:33:19 UTC 2020
7 ms. Memory: 55296K Free: 19766K (36%)
ptolemy.util.test.WatchDog.cancel(): canceling Mon Feb 17 23:33:19 UTC 2020
------------------ testing $PTII/ptolemy/domains/de/test/auto/MergeWithoutDiscard.xml
auto.tcl: Setting watchdog for 200 seconds at Mon Feb 17 23:33:19 UTC 2020
2 ms. Memory: 55296K Free: 36013K (65%)
ptolemy.util.test.WatchDog.cancel(): canceling Mon Feb 17 23:33:19 UTC 2020
auto.tcl: Setting watchdog for 200 seconds at Mon Feb 17 23:33:19 UTC 2020
2 ms. Memory: 55296K Free: 35125K (64%)
ptolemy.util.test.WatchDog.cancel(): canceling Mon Feb 17 23:33:19 UTC 2020
------------------ testing $PTII/ptolemy/domains/de/test/auto/Modal1.xml
auto.tcl: Setting watchdog for 200 seconds at Mon Feb 17 23:33:19 UTC 2020
11 ms. Memory: 55296K Free: 28120K (51%)
ptolemy.util.test.WatchDog.cancel(): canceling Mon Feb 17 23:33:19 UTC 2020
auto.tcl: Setting watchdog for 200 seconds at Mon Feb 17 23:33:19 UTC 2020
12 ms. Memory: 55296K Free: 24609K (45%)
ptolemy.util.test.WatchDog.cancel(): canceling Mon Feb 17 23:33:19 UTC 2020
------------------ testing $PTII/ptolemy/domains/de/test/auto/Modal2.xml
auto.tcl: Setting watchdog for 200 seconds at Mon Feb 17 23:33:19 UTC 2020
14 ms. Memory: 55296K Free: 27739K (50%)
ptolemy.util.test.WatchDog.cancel(): canceling Mon Feb 17 23:33:19 UTC 2020
auto.tcl: Setting watchdog for 200 seconds at Mon Feb 17 23:33:19 UTC 2020
17 ms. Memory: 55296K Free: 24505K (44%)
ptolemy.util.test.WatchDog.cancel(): canceling Mon Feb 17 23:33:19 UTC 2020
------------------ testing $PTII/ptolemy/domains/de/test/auto/Modal3.xml
auto.tcl: Setting watchdog for 200 seconds at Mon Feb 17 23:33:19 UTC 2020
10 ms. Memory: 55296K Free: 27463K (50%)
ptolemy.util.test.WatchDog.cancel(): canceling Mon Feb 17 23:33:19 UTC 2020
auto.tcl: Setting watchdog for 200 seconds at Mon Feb 17 23:33:19 UTC 2020
10 ms. Memory: 55296K Free: 24511K (44%)
ptolemy.util.test.WatchDog.cancel(): canceling Mon Feb 17 23:33:19 UTC 2020
------------------ testing $PTII/ptolemy/domains/de/test/auto/Modal4.xml
auto.tcl: Setting watchdog for 200 seconds at Mon Feb 17 23:33:19 UTC 2020
13 ms. Memory: 55296K Free: 26696K (48%)
ptolemy.util.test.WatchDog.cancel(): canceling Mon Feb 17 23:33:19 UTC 2020
auto.tcl: Setting watchdog for 200 seconds at Mon Feb 17 23:33:19 UTC 2020
14 ms. Memory: 55296K Free: 22872K (41%)
ptolemy.util.test.WatchDog.cancel(): canceling Mon Feb 17 23:33:19 UTC 2020
------------------ testing $PTII/ptolemy/domains/de/test/auto/Modal5.xml
auto.tcl: Setting watchdog for 200 seconds at Mon Feb 17 23:33:19 UTC 2020
13 ms. Memory: 55296K Free: 26698K (48%)
ptolemy.util.test.WatchDog.cancel(): canceling Mon Feb 17 23:33:19 UTC 2020
auto.tcl: Setting watchdog for 200 seconds at Mon Feb 17 23:33:19 UTC 2020
14 ms. Memory: 55296K Free: 23029K (42%)
ptolemy.util.test.WatchDog.cancel(): canceling Mon Feb 17 23:33:19 UTC 2020
------------------ testing $PTII/ptolemy/domains/de/test/auto/Modal6.xml
auto.tcl: Setting watchdog for 200 seconds at Mon Feb 17 23:33:19 UTC 2020
14 ms. Memory: 55296K Free: 27698K (50%)
ptolemy.util.test.WatchDog.cancel(): canceling Mon Feb 17 23:33:19 UTC 2020
auto.tcl: Setting watchdog for 200 seconds at Mon Feb 17 23:33:19 UTC 2020
14 ms. Memory: 55296K Free: 23483K (42%)
ptolemy.util.test.WatchDog.cancel(): canceling Mon Feb 17 23:33:19 UTC 2020
------------------ testing $PTII/ptolemy/domains/de/test/auto/Modal7.xml
auto.tcl: Setting watchdog for 200 seconds at Mon Feb 17 23:33:19 UTC 2020
18 ms. Memory: 55296K Free: 26408K (48%)
ptolemy.util.test.WatchDog.cancel(): canceling Mon Feb 17 23:33:19 UTC 2020
auto.tcl: Setting watchdog for 200 seconds at Mon Feb 17 23:33:19 UTC 2020
12 ms. Memory: 55296K Free: 23076K (42%)
ptolemy.util.test.WatchDog.cancel(): canceling Mon Feb 17 23:33:19 UTC 2020
------------------ testing $PTII/ptolemy/domains/de/test/auto/ModalModel.xml
auto.tcl: Setting watchdog for 200 seconds at Mon Feb 17 23:33:19 UTC 2020
199 ms. Memory: 55296K Free: 20627K (37%)
ptolemy.util.test.WatchDog.cancel(): canceling Mon Feb 17 23:33:20 UTC 2020
auto.tcl: Setting watchdog for 200 seconds at Mon Feb 17 23:33:20 UTC 2020
197 ms. Memory: 72704K Free: 31794K (44%)
ptolemy.util.test.WatchDog.cancel(): canceling Mon Feb 17 23:33:20 UTC 2020
------------------ testing $PTII/ptolemy/domains/de/test/auto/ModalSource.xml
auto.tcl: Setting watchdog for 200 seconds at Mon Feb 17 23:33:20 UTC 2020
8 ms. Memory: 55296K Free: 31532K (57%)
ptolemy.util.test.WatchDog.cancel(): canceling Mon Feb 17 23:33:20 UTC 2020
auto.tcl: Setting watchdog for 200 seconds at Mon Feb 17 23:33:20 UTC 2020
6 ms. Memory: 55296K Free: 29484K (53%)
ptolemy.util.test.WatchDog.cancel(): canceling Mon Feb 17 23:33:20 UTC 2020
------------------ testing $PTII/ptolemy/domains/de/test/auto/NonInterruptibleTimerZeroDelay.xml
auto.tcl: Setting watchdog for 200 seconds at Mon Feb 17 23:33:20 UTC 2020
3 ms. Memory: 55296K Free: 36429K (66%)
ptolemy.util.test.WatchDog.cancel(): canceling Mon Feb 17 23:33:20 UTC 2020
auto.tcl: Setting watchdog for 200 seconds at Mon Feb 17 23:33:20 UTC 2020
2 ms. Memory: 55296K Free: 35774K (65%)
ptolemy.util.test.WatchDog.cancel(): canceling Mon Feb 17 23:33:20 UTC 2020
------------------ testing $PTII/ptolemy/domains/de/test/auto/OpenQueueingNetwork.xml
auto.tcl: Setting watchdog for 200 seconds at Mon Feb 17 23:33:20 UTC 2020
2798 ms. Memory: 101376K Free: 63627K (63%)
ptolemy.util.test.WatchDog.cancel(): canceling Mon Feb 17 23:33:23 UTC 2020
auto.tcl: Setting watchdog for 200 seconds at Mon Feb 17 23:33:23 UTC 2020
2117 ms. Memory: 129024K Free: 94398K (73%)
ptolemy.util.test.WatchDog.cancel(): canceling Mon Feb 17 23:33:25 UTC 2020
------------------ testing $PTII/ptolemy/domains/de/test/auto/OpenQueuingNetwork.xml
auto.tcl: Setting watchdog for 200 seconds at Mon Feb 17 23:33:25 UTC 2020
271 ms. Memory: 58368K Free: 30096K (52%)
ptolemy.util.test.WatchDog.cancel(): canceling Mon Feb 17 23:33:26 UTC 2020
auto.tcl: Setting watchdog for 200 seconds at Mon Feb 17 23:33:26 UTC 2020
230 ms. Memory: 58368K Free: 11485K (20%)
ptolemy.util.test.WatchDog.cancel(): canceling Mon Feb 17 23:33:26 UTC 2020
------------------ testing $PTII/ptolemy/domains/de/test/auto/PeriodicSampler.xml
auto.tcl: Setting watchdog for 200 seconds at Mon Feb 17 23:33:26 UTC 2020
2 ms. Memory: 55296K Free: 36143K (65%)
ptolemy.util.test.WatchDog.cancel(): canceling Mon Feb 17 23:33:26 UTC 2020
auto.tcl: Setting watchdog for 200 seconds at Mon Feb 17 23:33:26 UTC 2020
2 ms. Memory: 55296K Free: 35149K (64%)
ptolemy.util.test.WatchDog.cancel(): canceling Mon Feb 17 23:33:26 UTC 2020
------------------ testing $PTII/ptolemy/domains/de/test/auto/PersistentIO.xml
auto.tcl: Setting watchdog for 200 seconds at Mon Feb 17 23:33:26 UTC 2020
6 ms. Memory: 51200K Free: 26492K (52%)
ptolemy.util.test.WatchDog.cancel(): canceling Mon Feb 17 23:33:26 UTC 2020
auto.tcl: Setting watchdog for 200 seconds at Mon Feb 17 23:33:26 UTC 2020
4 ms. Memory: 51200K Free: 24972K (49%)
ptolemy.util.test.WatchDog.cancel(): canceling Mon Feb 17 23:33:26 UTC 2020
------------------ testing $PTII/ptolemy/domains/de/test/auto/PortParameterResetOnInitialize.xml
auto.tcl: Setting watchdog for 200 seconds at Mon Feb 17 23:33:26 UTC 2020
7 ms. Memory: 51200K Free: 31489K (62%)
ptolemy.util.test.WatchDog.cancel(): canceling Mon Feb 17 23:33:26 UTC 2020
auto.tcl: Setting watchdog for 200 seconds at Mon Feb 17 23:33:26 UTC 2020
2 ms. Memory: 51200K Free: 30979K (61%)
ptolemy.util.test.WatchDog.cancel(): canceling Mon Feb 17 23:33:26 UTC 2020
------------------ testing $PTII/ptolemy/domains/de/test/auto/PortParameterUpdates.xml
auto.tcl: Setting watchdog for 200 seconds at Mon Feb 17 23:33:26 UTC 2020
7 ms. Memory: 51200K Free: 30088K (59%)
ptolemy.util.test.WatchDog.cancel(): canceling Mon Feb 17 23:33:26 UTC 2020
auto.tcl: Setting watchdog for 200 seconds at Mon Feb 17 23:33:26 UTC 2020
4 ms. Memory: 51200K Free: 28537K (56%)
ptolemy.util.test.WatchDog.cancel(): canceling Mon Feb 17 23:33:26 UTC 2020
------------------ testing $PTII/ptolemy/domains/de/test/auto/QueueAndServer.xml
auto.tcl: Setting watchdog for 200 seconds at Mon Feb 17 23:33:26 UTC 2020
6 ms. Memory: 51200K Free: 28514K (56%)
ptolemy.util.test.WatchDog.cancel(): canceling Mon Feb 17 23:33:26 UTC 2020
auto.tcl: Setting watchdog for 200 seconds at Mon Feb 17 23:33:26 UTC 2020
6 ms. Memory: 51200K Free: 26980K (53%)
ptolemy.util.test.WatchDog.cancel(): canceling Mon Feb 17 23:33:26 UTC 2020
------------------ testing $PTII/ptolemy/domains/de/test/auto/Records.xml
auto.tcl: Setting watchdog for 200 seconds at Mon Feb 17 23:33:26 UTC 2020
5 ms. Memory: 51200K Free: 30729K (60%)
ptolemy.util.test.WatchDog.cancel(): canceling Mon Feb 17 23:33:26 UTC 2020
auto.tcl: Setting watchdog for 200 seconds at Mon Feb 17 23:33:26 UTC 2020
3 ms. Memory: 51200K Free: 30226K (59%)
ptolemy.util.test.WatchDog.cancel(): canceling Mon Feb 17 23:33:26 UTC 2020
------------------ testing $PTII/ptolemy/domains/de/test/auto/ResetTransitionWithStartTime1.xml
auto.tcl: Setting watchdog for 200 seconds at Mon Feb 17 23:33:26 UTC 2020
18 ms. Memory: 51200K Free: 27976K (55%)
ptolemy.util.test.WatchDog.cancel(): canceling Mon Feb 17 23:33:26 UTC 2020
auto.tcl: Setting watchdog for 200 seconds at Mon Feb 17 23:33:26 UTC 2020
9 ms. Memory: 51200K Free: 25409K (50%)
ptolemy.util.test.WatchDog.cancel(): canceling Mon Feb 17 23:33:26 UTC 2020
------------------ testing $PTII/ptolemy/domains/de/test/auto/ResetTransitionWithStartTime2.xml
auto.tcl: Setting watchdog for 200 seconds at Mon Feb 17 23:33:26 UTC 2020
7 ms. Memory: 51200K Free: 27931K (55%)
ptolemy.util.test.WatchDog.cancel(): canceling Mon Feb 17 23:33:26 UTC 2020
auto.tcl: Setting watchdog for 200 seconds at Mon Feb 17 23:33:26 UTC 2020
6 ms. Memory: 51200K Free: 25883K (51%)
ptolemy.util.test.WatchDog.cancel(): canceling Mon Feb 17 23:33:26 UTC 2020
------------------ testing $PTII/ptolemy/domains/de/test/auto/ResetTransitionWithStartTime3.xml
auto.tcl: Setting watchdog for 200 seconds at Mon Feb 17 23:33:26 UTC 2020
7 ms. Memory: 51200K Free: 27930K (55%)
ptolemy.util.test.WatchDog.cancel(): canceling Mon Feb 17 23:33:27 UTC 2020
auto.tcl: Setting watchdog for 200 seconds at Mon Feb 17 23:33:27 UTC 2020
7 ms. Memory: 51200K Free: 25377K (50%)
ptolemy.util.test.WatchDog.cancel(): canceling Mon Feb 17 23:33:27 UTC 2020
------------------ testing $PTII/ptolemy/domains/de/test/auto/ResetTransitionWithStartTime4.xml
auto.tcl: Setting watchdog for 200 seconds at Mon Feb 17 23:33:27 UTC 2020
8 ms. Memory: 51200K Free: 28375K (55%)
ptolemy.util.test.WatchDog.cancel(): canceling Mon Feb 17 23:33:27 UTC 2020
auto.tcl: Setting watchdog for 200 seconds at Mon Feb 17 23:33:27 UTC 2020
4 ms. Memory: 51200K Free: 26905K (53%)
ptolemy.util.test.WatchDog.cancel(): canceling Mon Feb 17 23:33:27 UTC 2020
------------------ testing $PTII/ptolemy/domains/de/test/auto/ResettableTimer1.xml
auto.tcl: Setting watchdog for 200 seconds at Mon Feb 17 23:33:27 UTC 2020
12 ms. Memory: 51200K Free: 32145K (63%)
ptolemy.util.test.WatchDog.cancel(): canceling Mon Feb 17 23:33:27 UTC 2020
auto.tcl: Setting watchdog for 200 seconds at Mon Feb 17 23:33:27 UTC 2020
2 ms. Memory: 51200K Free: 31488K (62%)
ptolemy.util.test.WatchDog.cancel(): canceling Mon Feb 17 23:33:27 UTC 2020
------------------ testing $PTII/ptolemy/domains/de/test/auto/ResettableTimer2.xml
auto.tcl: Setting watchdog for 200 seconds at Mon Feb 17 23:33:27 UTC 2020
3 ms. Memory: 51200K Free: 32154K (63%)
ptolemy.util.test.WatchDog.cancel(): canceling Mon Feb 17 23:33:27 UTC 2020
auto.tcl: Setting watchdog for 200 seconds at Mon Feb 17 23:33:27 UTC 2020
2 ms. Memory: 51200K Free: 31535K (62%)
ptolemy.util.test.WatchDog.cancel(): canceling Mon Feb 17 23:33:27 UTC 2020
------------------ testing $PTII/ptolemy/domains/de/test/auto/ResettableTimer3.xml
auto.tcl: Setting watchdog for 200 seconds at Mon Feb 17 23:33:27 UTC 2020
1 ms. Memory: 51200K Free: 32503K (63%)
ptolemy.util.test.WatchDog.cancel(): canceling Mon Feb 17 23:33:27 UTC 2020
auto.tcl: Setting watchdog for 200 seconds at Mon Feb 17 23:33:27 UTC 2020
1 ms. Memory: 51200K Free: 32062K (63%)
ptolemy.util.test.WatchDog.cancel(): canceling Mon Feb 17 23:33:27 UTC 2020
------------------ testing $PTII/ptolemy/domains/de/test/auto/ResettableTimer4.xml
auto.tcl: Setting watchdog for 200 seconds at Mon Feb 17 23:33:27 UTC 2020
1 ms. Memory: 51200K Free: 32083K (63%)
ptolemy.util.test.WatchDog.cancel(): canceling Mon Feb 17 23:33:27 UTC 2020
auto.tcl: Setting watchdog for 200 seconds at Mon Feb 17 23:33:27 UTC 2020
1 ms. Memory: 51200K Free: 32083K (63%)
ptolemy.util.test.WatchDog.cancel(): canceling Mon Feb 17 23:33:27 UTC 2020
------------------ testing $PTII/ptolemy/domains/de/test/auto/ResettableTimer5.xml
auto.tcl: Setting watchdog for 200 seconds at Mon Feb 17 23:33:27 UTC 2020
1 ms. Memory: 51200K Free: 32074K (63%)
ptolemy.util.test.WatchDog.cancel(): canceling Mon Feb 17 23:33:27 UTC 2020
auto.tcl: Setting watchdog for 200 seconds at Mon Feb 17 23:33:27 UTC 2020
1 ms. Memory: 51200K Free: 31569K (62%)
ptolemy.util.test.WatchDog.cancel(): canceling Mon Feb 17 23:33:27 UTC 2020
------------------ testing $PTII/ptolemy/domains/de/test/auto/ResettableTimer6.xml
auto.tcl: Setting watchdog for 200 seconds at Mon Feb 17 23:33:27 UTC 2020
1 ms. Memory: 51200K Free: 31551K (62%)
ptolemy.util.test.WatchDog.cancel(): canceling Mon Feb 17 23:33:27 UTC 2020
auto.tcl: Setting watchdog for 200 seconds at Mon Feb 17 23:33:27 UTC 2020
2 ms. Memory: 51200K Free: 31041K (61%)
ptolemy.util.test.WatchDog.cancel(): canceling Mon Feb 17 23:33:27 UTC 2020
------------------ testing $PTII/ptolemy/domains/de/test/auto/ServerZeroDelay.xml
auto.tcl: Setting watchdog for 200 seconds at Mon Feb 17 23:33:27 UTC 2020
3 ms. Memory: 51200K Free: 32056K (63%)
ptolemy.util.test.WatchDog.cancel(): canceling Mon Feb 17 23:33:27 UTC 2020
auto.tcl: Setting watchdog for 200 seconds at Mon Feb 17 23:33:27 UTC 2020
2 ms. Memory: 51200K Free: 31048K (61%)
ptolemy.util.test.WatchDog.cancel(): canceling Mon Feb 17 23:33:27 UTC 2020
------------------ testing $PTII/ptolemy/domains/de/test/auto/SmartSender.xml
auto.tcl: Setting watchdog for 200 seconds at Mon Feb 17 23:33:27 UTC 2020
3001 ms. Memory: 51200K Free: 32050K (63%)
ptolemy.util.test.WatchDog.cancel(): canceling Mon Feb 17 23:33:30 UTC 2020
auto.tcl: Setting watchdog for 200 seconds at Mon Feb 17 23:33:30 UTC 2020
3002 ms. Memory: 51200K Free: 31545K (62%)
ptolemy.util.test.WatchDog.cancel(): canceling Mon Feb 17 23:33:33 UTC 2020
------------------ testing $PTII/ptolemy/domains/de/test/auto/ThreadedComposite.xml
auto.tcl: Setting watchdog for 200 seconds at Mon Feb 17 23:33:33 UTC 2020
212 ms. Memory: 51200K Free: 14143K (28%)
ptolemy.util.test.WatchDog.cancel(): canceling Mon Feb 17 23:33:33 UTC 2020
auto.tcl: Setting watchdog for 200 seconds at Mon Feb 17 23:33:33 UTC 2020
123 ms. Memory: 51200K Free: 29339K (57%)
ptolemy.util.test.WatchDog.cancel(): canceling Mon Feb 17 23:33:34 UTC 2020
------------------ testing $PTII/ptolemy/domains/de/test/auto/Time.xml
auto.tcl: Setting watchdog for 200 seconds at Mon Feb 17 23:33:34 UTC 2020
441 ms. Memory: 51200K Free: 9739K (19%)
ptolemy.util.test.WatchDog.cancel(): canceling Mon Feb 17 23:33:34 UTC 2020
auto.tcl: Setting watchdog for 200 seconds at Mon Feb 17 23:33:34 UTC 2020
441 ms. Memory: 71680K Free: 47526K (66%)
ptolemy.util.test.WatchDog.cancel(): canceling Mon Feb 17 23:33:34 UTC 2020
------------------ testing $PTII/ptolemy/domains/de/test/auto/TimeDelayZeroDelay.xml
auto.tcl: Setting watchdog for 200 seconds at Mon Feb 17 23:33:35 UTC 2020
4 ms. Memory: 55296K Free: 36587K (66%)
ptolemy.util.test.WatchDog.cancel(): canceling Mon Feb 17 23:33:35 UTC 2020
auto.tcl: Setting watchdog for 200 seconds at Mon Feb 17 23:33:35 UTC 2020
1 ms. Memory: 55296K Free: 35684K (65%)
ptolemy.util.test.WatchDog.cancel(): canceling Mon Feb 17 23:33:35 UTC 2020
------------------ testing $PTII/ptolemy/domains/de/test/auto/TimerZeroDelay.xml
auto.tcl: Setting watchdog for 200 seconds at Mon Feb 17 23:33:35 UTC 2020
1 ms. Memory: 55296K Free: 36513K (66%)
ptolemy.util.test.WatchDog.cancel(): canceling Mon Feb 17 23:33:35 UTC 2020
auto.tcl: Setting watchdog for 200 seconds at Mon Feb 17 23:33:35 UTC 2020
1 ms. Memory: 55296K Free: 35727K (65%)
ptolemy.util.test.WatchDog.cancel(): canceling Mon Feb 17 23:33:35 UTC 2020
------------------ testing $PTII/ptolemy/domains/de/test/auto/TimingParadox.xml
auto.tcl: Setting watchdog for 200 seconds at Mon Feb 17 23:33:35 UTC 2020
300 ms. Memory: 55296K Free: 28828K (52%)
ptolemy.util.test.WatchDog.cancel(): canceling Mon Feb 17 23:33:35 UTC 2020
auto.tcl: Setting watchdog for 200 seconds at Mon Feb 17 23:33:35 UTC 2020
307 ms. Memory: 55296K Free: 22980K (42%)
ptolemy.util.test.WatchDog.cancel(): canceling Mon Feb 17 23:33:35 UTC 2020
------------------ testing $PTII/ptolemy/domains/de/test/auto/TransferInputs.xml
auto.tcl: Setting watchdog for 200 seconds at Mon Feb 17 23:33:35 UTC 2020
2 ms. Memory: 55296K Free: 34588K (63%)
ptolemy.util.test.WatchDog.cancel(): canceling Mon Feb 17 23:33:35 UTC 2020
auto.tcl: Setting watchdog for 200 seconds at Mon Feb 17 23:33:35 UTC 2020
9 ms. Memory: 55296K Free: 33662K (61%)
ptolemy.util.test.WatchDog.cancel(): canceling Mon Feb 17 23:33:35 UTC 2020
------------------ testing $PTII/ptolemy/domains/de/test/auto/TransferOutputs2.xml
auto.tcl: Setting watchdog for 200 seconds at Mon Feb 17 23:33:36 UTC 2020
3 ms. Memory: 55296K Free: 32030K (58%)
ptolemy.util.test.WatchDog.cancel(): canceling Mon Feb 17 23:33:36 UTC 2020
auto.tcl: Setting watchdog for 200 seconds at Mon Feb 17 23:33:36 UTC 2020
2 ms. Memory: 55296K Free: 30576K (55%)
ptolemy.util.test.WatchDog.cancel(): canceling Mon Feb 17 23:33:36 UTC 2020
------------------ testing $PTII/ptolemy/domains/de/test/auto/Trilateration.xml
auto.tcl: Setting watchdog for 200 seconds at Mon Feb 17 23:33:36 UTC 2020
14427 ms. Memory: 451584K Free: 218814K (48%)
ptolemy.util.test.WatchDog.cancel(): canceling Mon Feb 17 23:33:51 UTC 2020
auto.tcl: Setting watchdog for 200 seconds at Mon Feb 17 23:33:51 UTC 2020
10261 ms. Memory: 451584K Free: 245791K (54%)
ptolemy.util.test.WatchDog.cancel(): canceling Mon Feb 17 23:34:01 UTC 2020
------------------ testing $PTII/ptolemy/domains/de/test/auto/TwoSigmaDelta.xml
auto.tcl: Setting watchdog for 200 seconds at Mon Feb 17 23:34:02 UTC 2020
2552 ms. Memory: 92160K Free: 14846K (16%)
ptolemy.util.test.WatchDog.cancel(): canceling Mon Feb 17 23:34:04 UTC 2020
auto.tcl: Setting watchdog for 200 seconds at Mon Feb 17 23:34:04 UTC 2020
1913 ms. Memory: 92160K Free: 63460K (69%)
ptolemy.util.test.WatchDog.cancel(): canceling Mon Feb 17 23:34:06 UTC 2020
------------------ testing $PTII/ptolemy/domains/de/test/auto/VariableDelay.xml
auto.tcl: Setting watchdog for 200 seconds at Mon Feb 17 23:34:06 UTC 2020
3 ms. Memory: 55296K Free: 35085K (63%)
ptolemy.util.test.WatchDog.cancel(): canceling Mon Feb 17 23:34:06 UTC 2020
auto.tcl: Setting watchdog for 200 seconds at Mon Feb 17 23:34:06 UTC 2020
2 ms. Memory: 55296K Free: 34069K (62%)
ptolemy.util.test.WatchDog.cancel(): canceling Mon Feb 17 23:34:06 UTC 2020
------------------ testing $PTII/ptolemy/domains/de/test/auto/VariableDelay2.xml
auto.tcl: Setting watchdog for 200 seconds at Mon Feb 17 23:34:06 UTC 2020
2 ms. Memory: 55296K Free: 36012K (65%)
ptolemy.util.test.WatchDog.cancel(): canceling Mon Feb 17 23:34:06 UTC 2020
auto.tcl: Setting watchdog for 200 seconds at Mon Feb 17 23:34:06 UTC 2020
1 ms. Memory: 55296K Free: 34988K (63%)
ptolemy.util.test.WatchDog.cancel(): canceling Mon Feb 17 23:34:06 UTC 2020
------------------ testing $PTII/ptolemy/domains/de/test/auto/VariableDelayZeroDelay.xml
auto.tcl: Setting watchdog for 200 seconds at Mon Feb 17 23:34:06 UTC 2020
2 ms. Memory: 55296K Free: 36011K (65%)
ptolemy.util.test.WatchDog.cancel(): canceling Mon Feb 17 23:34:06 UTC 2020
auto.tcl: Setting watchdog for 200 seconds at Mon Feb 17 23:34:06 UTC 2020
2 ms. Memory: 55296K Free: 35497K (64%)
ptolemy.util.test.WatchDog.cancel(): canceling Mon Feb 17 23:34:06 UTC 2020
------------------ testing $PTII/ptolemy/domains/de/test/auto/VariableDelayZeroDelay2.xml
auto.tcl: Setting watchdog for 200 seconds at Mon Feb 17 23:34:06 UTC 2020
2 ms. Memory: 55296K Free: 36010K (65%)
ptolemy.util.test.WatchDog.cancel(): canceling Mon Feb 17 23:34:06 UTC 2020
auto.tcl: Setting watchdog for 200 seconds at Mon Feb 17 23:34:06 UTC 2020
2 ms. Memory: 55296K Free: 34986K (63%)
ptolemy.util.test.WatchDog.cancel(): canceling Mon Feb 17 23:34:06 UTC 2020
------------------ testing $PTII/ptolemy/domains/de/test/auto/deInCt.xml
auto.tcl: Setting watchdog for 200 seconds at Mon Feb 17 23:34:06 UTC 2020
0
1
1
1
0
0
0
1
1
1
1
0
0
0
0
0
1
1
1
1
0
0
0
1
1
1
1
0
0
1
1
1
0
0
1
1
0
0
0
0
14 ms. Memory: 55296K Free: 34983K (63%)
ptolemy.util.test.WatchDog.cancel(): canceling Mon Feb 17 23:34:06 UTC 2020
auto.tcl: Setting watchdog for 200 seconds at Mon Feb 17 23:34:06 UTC 2020
0
1
1
1
0
0
0
0
1
1
1
1
1
1
0
0
0
0
1
1
1
1
0
0
1
1
1
0
0
0
0
6 ms. Memory: 55296K Free: 33445K (60%)
ptolemy.util.test.WatchDog.cancel(): canceling Mon Feb 17 23:34:06 UTC 2020
------------------ testing $PTII/ptolemy/domains/de/test/auto/deInCt2.xml
auto.tcl: Setting watchdog for 200 seconds at Mon Feb 17 23:34:06 UTC 2020
0
1
1
1
0
0
1
1
1
0
0
1
1
1
0
0
1
1
1
0
0
1
1
1
0
0
1
1
1
0
0
1
1
1
0
0
1
1
1
0
0
0
13 ms. Memory: 55296K Free: 34986K (63%)
ptolemy.util.test.WatchDog.cancel(): canceling Mon Feb 17 23:34:06 UTC 2020
auto.tcl: Setting watchdog for 200 seconds at Mon Feb 17 23:34:06 UTC 2020
0
1
1
1
0
0
1
1
1
0
0
1
1
1
0
0
1
1
1
0
0
1
1
1
0
0
1
1
1
0
0
1
1
1
0
0
1
1
1
0
0
0
9 ms. Memory: 55296K Free: 33442K (60%)
ptolemy.util.test.WatchDog.cancel(): canceling Mon Feb 17 23:34:06 UTC 2020
------------------ testing $PTII/ptolemy/domains/de/test/auto/dynamicCausalityInterface1.xml
auto.tcl: Setting watchdog for 200 seconds at Mon Feb 17 23:34:07 UTC 2020
2 ms. Memory: 55296K Free: 30884K (56%)
ptolemy.util.test.WatchDog.cancel(): canceling Mon Feb 17 23:34:07 UTC 2020
auto.tcl: Setting watchdog for 200 seconds at Mon Feb 17 23:34:07 UTC 2020
1 ms. Memory: 55296K Free: 30370K (55%)
ptolemy.util.test.WatchDog.cancel(): canceling Mon Feb 17 23:34:07 UTC 2020
------------------ testing $PTII/ptolemy/domains/de/test/auto/fsm_de_test.xml
auto.tcl: Setting watchdog for 200 seconds at Mon Feb 17 23:34:07 UTC 2020
14 ms. Memory: 55296K Free: 30782K (56%)
ptolemy.util.test.WatchDog.cancel(): canceling Mon Feb 17 23:34:07 UTC 2020
auto.tcl: Setting watchdog for 200 seconds at Mon Feb 17 23:34:07 UTC 2020
9 ms. Memory: 55296K Free: 28734K (52%)
ptolemy.util.test.WatchDog.cancel(): canceling Mon Feb 17 23:34:07 UTC 2020
------------------ testing $PTII/ptolemy/domains/de/test/auto/functionDependencyReconstruction.xml
auto.tcl: Setting watchdog for 200 seconds at Mon Feb 17 23:34:07 UTC 2020
2 ms. Memory: 55296K Free: 24650K (45%)
ptolemy.util.test.WatchDog.cancel(): canceling Mon Feb 17 23:34:07 UTC 2020
auto.tcl: Setting watchdog for 200 seconds at Mon Feb 17 23:34:07 UTC 2020
2 ms. Memory: 55296K Free: 22580K (41%)
ptolemy.util.test.WatchDog.cancel(): canceling Mon Feb 17 23:34:07 UTC 2020
------------------ testing $PTII/ptolemy/domains/de/test/auto/multirate.xml
auto.tcl: Setting watchdog for 200 seconds at Mon Feb 17 23:34:07 UTC 2020
3 ms. Memory: 55296K Free: 33346K (60%)
ptolemy.util.test.WatchDog.cancel(): canceling Mon Feb 17 23:34:07 UTC 2020
auto.tcl: Setting watchdog for 200 seconds at Mon Feb 17 23:34:07 UTC 2020
3 ms. Memory: 55296K Free: 31677K (57%)
ptolemy.util.test.WatchDog.cancel(): canceling Mon Feb 17 23:34:07 UTC 2020
------------------ testing $PTII/ptolemy/domains/de/test/auto/multirate2.xml
auto.tcl: Setting watchdog for 200 seconds at Mon Feb 17 23:34:07 UTC 2020
3 ms. Memory: 55296K Free: 33541K (61%)
ptolemy.util.test.WatchDog.cancel(): canceling Mon Feb 17 23:34:07 UTC 2020
auto.tcl: Setting watchdog for 200 seconds at Mon Feb 17 23:34:07 UTC 2020
3 ms. Memory: 55296K Free: 31858K (58%)
ptolemy.util.test.WatchDog.cancel(): canceling Mon Feb 17 23:34:07 UTC 2020
------------------ testing $PTII/ptolemy/domains/de/test/auto/realtime.xml
auto.tcl: Setting watchdog for 200 seconds at Mon Feb 17 23:34:07 UTC 2020
10001 ms. Memory: 55296K Free: 35633K (64%)
ptolemy.util.test.WatchDog.cancel(): canceling Mon Feb 17 23:34:17 UTC 2020
auto.tcl: Setting watchdog for 200 seconds at Mon Feb 17 23:34:17 UTC 2020
10001 ms. Memory: 55296K Free: 34928K (63%)
ptolemy.util.test.WatchDog.cancel(): canceling Mon Feb 17 23:34:27 UTC 2020
------------------ testing $PTII/ptolemy/domains/de/test/auto/relationGroup.xml
auto.tcl: Setting watchdog for 200 seconds at Mon Feb 17 23:34:27 UTC 2020
1 ms. Memory: 55296K Free: 36714K (66%)
ptolemy.util.test.WatchDog.cancel(): canceling Mon Feb 17 23:34:27 UTC 2020
auto.tcl: Setting watchdog for 200 seconds at Mon Feb 17 23:34:27 UTC 2020
1 ms. Memory: 55296K Free: 36170K (65%)
ptolemy.util.test.WatchDog.cancel(): canceling Mon Feb 17 23:34:27 UTC 2020
------------------ testing $PTII/ptolemy/domains/de/test/auto/relationGroup2.xml
auto.tcl: Setting watchdog for 200 seconds at Mon Feb 17 23:34:27 UTC 2020
2 ms. Memory: 55296K Free: 36740K (66%)
ptolemy.util.test.WatchDog.cancel(): canceling Mon Feb 17 23:34:27 UTC 2020
auto.tcl: Setting watchdog for 200 seconds at Mon Feb 17 23:34:27 UTC 2020
2 ms. Memory: 55296K Free: 36036K (65%)
ptolemy.util.test.WatchDog.cancel(): canceling Mon Feb 17 23:34:27 UTC 2020
------------------ testing $PTII/ptolemy/domains/de/test/auto/sortWithOpaquePorts.xml
auto.tcl: Setting watchdog for 200 seconds at Mon Feb 17 23:34:27 UTC 2020
1 ms. Memory: 55296K Free: 35508K (64%)
ptolemy.util.test.WatchDog.cancel(): canceling Mon Feb 17 23:34:27 UTC 2020
auto.tcl: Setting watchdog for 200 seconds at Mon Feb 17 23:34:27 UTC 2020
2 ms. Memory: 55296K Free: 34498K (62%)
ptolemy.util.test.WatchDog.cancel(): canceling Mon Feb 17 23:34:27 UTC 2020
------------------ testing $PTII/ptolemy/domains/de/test/auto/transferInputsandOutputs.xml
auto.tcl: Setting watchdog for 200 seconds at Mon Feb 17 23:34:27 UTC 2020
2 ms. Memory: 55296K Free: 32952K (60%)
ptolemy.util.test.WatchDog.cancel(): canceling Mon Feb 17 23:34:27 UTC 2020
auto.tcl: Setting watchdog for 200 seconds at Mon Feb 17 23:34:27 UTC 2020
3 ms. Memory: 55296K Free: 31928K (58%)
ptolemy.util.test.WatchDog.cancel(): canceling Mon Feb 17 23:34:27 UTC 2020
------------------ testing $PTII/ptolemy/domains/de/test/auto/triggerType.xml
auto.tcl: Setting watchdog for 200 seconds at Mon Feb 17 23:34:27 UTC 2020
6 ms. Memory: 55296K Free: 35976K (65%)
ptolemy.util.test.WatchDog.cancel(): canceling Mon Feb 17 23:34:27 UTC 2020
auto.tcl: Setting watchdog for 200 seconds at Mon Feb 17 23:34:27 UTC 2020
2 ms. Memory: 55296K Free: 34952K (63%)
ptolemy.util.test.WatchDog.cancel(): canceling Mon Feb 17 23:34:27 UTC 2020
02/17/20 11:34:27
Failed: 0  Total Tests: 192  ((Passed: 187, Newly Passed: 1)  Known Failed: 5) /home/travis/build/icyphy/ptII/ptolemy/domains/de/test
02/17/20 11:34:27
Failed: 0  Total Tests: 192  ((Passed: 187, Newly Passed: 1)  Known Failed: 5) /home/travis/build/icyphy/ptII/ptolemy/domains/de/test
----------------- testing (KnownFailure) /home/travis/build/icyphy/ptII/ptolemy/domains/de/test/auto/knownFailedTests/DESDFClockTest.xml
2010 ms. Memory: 55296K Free: 29371K (53%)
Known Failure: java.lang.reflect.InvocationTargetException
----------------- testing (KnownFailure) /home/travis/build/icyphy/ptII/ptolemy/domains/de/test/auto/knownFailedTests/DirectFeedback.xml
2 ms. Memory: 55296K Free: 25789K (47%)
Known Failure: java.lang.reflect.InvocationTargetException
----------------- testing (KnownFailure) /home/travis/build/icyphy/ptII/ptolemy/domains/de/test/auto/knownFailedTests/FSMSource.xml
15 ms. Memory: 55296K Free: 18621K (34%)
----------------- testing (KnownFailure) /home/travis/build/icyphy/ptII/ptolemy/domains/de/test/auto/knownFailedTests/HierarchicalModel.xml
4 ms. Memory: 55296K Free: 33862K (61%)
Known Failure: java.lang.reflect.InvocationTargetException
----------------- testing (KnownFailure) /home/travis/build/icyphy/ptII/ptolemy/domains/de/test/auto/knownFailedTests/dependencyLoop.xml
2 ms. Memory: 55296K Free: 18550K (34%)
Known Failure: java.lang.reflect.InvocationTargetException
----------------- testing (KnownFailure) /home/travis/build/icyphy/ptII/ptolemy/domains/de/test/auto/knownFailedTests/dependencyLoop2.xml
7 ms. Memory: 55296K Free: 34539K (62%)
Known Failure: java.lang.reflect.InvocationTargetException
No auto/linux-amd64/*.xml tests in /home/travis/build/icyphy/ptII/ptolemy/domains/de/test
AutoTests.java: About to close Vertx.
AutoTests.java: Vertx closed.

===========================================================================================
----------------- testing Mon Feb 17 23:34:30 UTC 2020 /home/travis/build/icyphy/ptII/ptolemy/domains/de/test/auto/ActorDepthCalculation_actorWithoutPorts.xml
----------------- Instantiating /home/travis/build/icyphy/ptII/ptolemy/domains/de/test/auto/ActorDepthCalculation_actorWithoutPorts.xml
2 ms. Memory: 55296K Free: 27672K (50%)
----------------- Invoking toplevel() on ptolemy.moml.MoMLSimpleApplication@4bd98276
----------------- Done invoking toplevel() on ptolemy.moml.MoMLSimpleApplication@4bd98276
reloadAllAccessors: .ActorDepthCalculation_actorWithoutPorts

===========================================================================================
----------------- testing Mon Feb 17 23:34:30 UTC 2020 /home/travis/build/icyphy/ptII/ptolemy/domains/de/test/auto/AssemblyLine.xml
----------------- Instantiating /home/travis/build/icyphy/ptII/ptolemy/domains/de/test/auto/AssemblyLine.xml
3 ms. Memory: 55296K Free: 20868K (38%)
----------------- Invoking toplevel() on ptolemy.moml.MoMLSimpleApplication@492b5d05
----------------- Done invoking toplevel() on ptolemy.moml.MoMLSimpleApplication@492b5d05
reloadAllAccessors: .AssemblyLine

===========================================================================================
----------------- testing Mon Feb 17 23:34:30 UTC 2020 /home/travis/build/icyphy/ptII/ptolemy/domains/de/test/auto/CQBug1.xml
----------------- Instantiating /home/travis/build/icyphy/ptII/ptolemy/domains/de/test/auto/CQBug1.xml
1 ms. Memory: 55296K Free: 17810K (32%)
----------------- Invoking toplevel() on ptolemy.moml.MoMLSimpleApplication@20d53086
----------------- Done invoking toplevel() on ptolemy.moml.MoMLSimpleApplication@20d53086
reloadAllAccessors: .CQBug1

===========================================================================================
----------------- testing Mon Feb 17 23:34:30 UTC 2020 /home/travis/build/icyphy/ptII/ptolemy/domains/de/test/auto/CancelFireAt.xml
----------------- Instantiating /home/travis/build/icyphy/ptII/ptolemy/domains/de/test/auto/CancelFireAt.xml
1 ms. Memory: 55296K Free: 15117K (27%)
----------------- Invoking toplevel() on ptolemy.moml.MoMLSimpleApplication@40fee46d
----------------- Done invoking toplevel() on ptolemy.moml.MoMLSimpleApplication@40fee46d
reloadAllAccessors: .CancelFireAt

===========================================================================================
----------------- testing Mon Feb 17 23:34:30 UTC 2020 /home/travis/build/icyphy/ptII/ptolemy/domains/de/test/auto/CausalityAndComposabilityAnalysis.xml
----------------- Instantiating /home/travis/build/icyphy/ptII/ptolemy/domains/de/test/auto/CausalityAndComposabilityAnalysis.xml
9 ms. Memory: 55296K Free: 10596K (19%)
----------------- Invoking toplevel() on ptolemy.moml.MoMLSimpleApplication@b38df4e
----------------- Done invoking toplevel() on ptolemy.moml.MoMLSimpleApplication@b38df4e
reloadAllAccessors: .CausalityAndComposabilityAnalysis

===========================================================================================
----------------- testing Mon Feb 17 23:34:30 UTC 2020 /home/travis/build/icyphy/ptII/ptolemy/domains/de/test/auto/CausalityInterface1.xml
----------------- Instantiating /home/travis/build/icyphy/ptII/ptolemy/domains/de/test/auto/CausalityInterface1.xml
6 ms. Memory: 55296K Free: 36371K (66%)
----------------- Invoking toplevel() on ptolemy.moml.MoMLSimpleApplication@1a3e4b4e
----------------- Done invoking toplevel() on ptolemy.moml.MoMLSimpleApplication@1a3e4b4e
reloadAllAccessors: .CausalityInterface1

===========================================================================================
----------------- testing Mon Feb 17 23:34:30 UTC 2020 /home/travis/build/icyphy/ptII/ptolemy/domains/de/test/auto/CausalityInterface15.xml
----------------- Instantiating /home/travis/build/icyphy/ptII/ptolemy/domains/de/test/auto/CausalityInterface15.xml
2 ms. Memory: 55296K Free: 30914K (56%)
----------------- Invoking toplevel() on ptolemy.moml.MoMLSimpleApplication@4511db5a
----------------- Done invoking toplevel() on ptolemy.moml.MoMLSimpleApplication@4511db5a
reloadAllAccessors: .CausalityInterface15

===========================================================================================
----------------- testing Mon Feb 17 23:34:30 UTC 2020 /home/travis/build/icyphy/ptII/ptolemy/domains/de/test/auto/CausalityInterface2.xml
----------------- Instantiating /home/travis/build/icyphy/ptII/ptolemy/domains/de/test/auto/CausalityInterface2.xml
1 ms. Memory: 55296K Free: 26441K (48%)
[...]
	at ptolemy.actor.Manager.run(Manager.java:1263)
	at ptolemy.actor.Manager$PtolemyRunThread.run(Manager.java:1933)
java.lang.RuntimeException: Execution failed
	at ptolemy.moml.MoMLSimpleApplication$UnloadThread.run(MoMLSimpleApplication.java:402)
Caused by: ptolemy.kernel.util.IllegalActionException: Actor is not ready to fire.  Perhaps UpSample.prefire() returned false? Try debugging the actor by selecting "Listen to Actor".  Also, for SDF check moml for tokenConsumptionRate on input.
  in .DESDFClockTest.Play Bell.Copy1:SDF Director and .DESDFClockTest.Play Bell.UpSample
	at ptolemy.actor.sched.StaticSchedulingDirector.fire(StaticSchedulingDirector.java:227)
	at ptolemy.domains.sdf.kernel.SDFDirector.fire(SDFDirector.java:500)
	at ptolemy.actor.CompositeActor.fire(CompositeActor.java:455)
	at ptolemy.domains.de.kernel.DEDirector._fire(DEDirector.java:1949)
	at ptolemy.domains.de.kernel.DEDirector.fire(DEDirector.java:502)
	at ptolemy.actor.CompositeActor.fire(CompositeActor.java:455)
	at ptolemy.actor.Manager.iterate(Manager.java:851)
	at ptolemy.actor.Manager.execute(Manager.java:369)
	at ptolemy.actor.Manager.run(Manager.java:1263)
	at ptolemy.actor.Manager$PtolemyRunThread.run(Manager.java:1933)
java.lang.reflect.InvocationTargetException
	at java.base/jdk.internal.reflect.NativeConstructorAccessorImpl.newInstance0(Native Method)
	at java.base/jdk.internal.reflect.NativeConstructorAccessorImpl.newInstance(NativeConstructorAccessorImpl.java:62)
	at java.base/jdk.internal.reflect.DelegatingConstructorAccessorImpl.newInstance(DelegatingConstructorAccessorImpl.java:45)
	at java.base/java.lang.reflect.Constructor.newInstance(Constructor.java:490)
	at ptolemy.util.test.junit.AutoKnownFailedTests.RunModel(AutoKnownFailedTests.java:105)
	at java.base/jdk.internal.reflect.NativeMethodAccessorImpl.invoke0(Native Method)
	at java.base/jdk.internal.reflect.NativeMethodAccessorImpl.invoke(NativeMethodAccessorImpl.java:62)
	at java.base/jdk.internal.reflect.DelegatingMethodAccessorImpl.invoke(DelegatingMethodAccessorImpl.java:43)
	at java.base/java.lang.reflect.Method.invoke(Method.java:566)
	at org.junit.runners.model.FrameworkMethod$1.runReflectiveCall(FrameworkMethod.java:44)
	at org.junit.internal.runners.model.ReflectiveCallable.run(ReflectiveCallable.java:15)
	at org.junit.runners.model.FrameworkMethod.invokeExplosively(FrameworkMethod.java:41)
	at junitparams.internal.InvokeParameterisedMethod.evaluate(InvokeParameterisedMethod.java:102)
	at org.junit.internal.runners.statements.FailOnTimeout$1.run(FailOnTimeout.java:28)
Caused by: ptolemy.kernel.util.IllegalActionException: Actor is not ready to fire.  Perhaps UpSample.prefire() returned false? Try debugging the actor by selecting "Listen to Actor".  Also, for SDF check moml for tokenConsumptionRate on input.
  in .DESDFClockTest.Play Bell.Copy1:SDF Director and .DESDFClockTest.Play Bell.UpSample
	at ptolemy.actor.sched.StaticSchedulingDirector.fire(StaticSchedulingDirector.java:227)
	at ptolemy.domains.sdf.kernel.SDFDirector.fire(SDFDirector.java:500)
	at ptolemy.actor.CompositeActor.fire(CompositeActor.java:455)
	at ptolemy.domains.de.kernel.DEDirector._fire(DEDirector.java:1949)
	at ptolemy.domains.de.kernel.DEDirector.fire(DEDirector.java:502)
	at ptolemy.actor.CompositeActor.fire(CompositeActor.java:455)
	at ptolemy.actor.Manager.iterate(Manager.java:851)
	at ptolemy.actor.Manager.execute(Manager.java:369)
	at ptolemy.actor.Manager.run(Manager.java:1263)
	at ptolemy.actor.Manager$PtolemyRunThread.run(Manager.java:1933)
java.lang.RuntimeException: Execution failed
	at ptolemy.moml.MoMLSimpleApplication$UnloadThread.run(MoMLSimpleApplication.java:402)
Caused by: ptolemy.kernel.util.IllegalActionException: Test fails in iteration 1.
Value was: 1.0. Should have been: 2.0
  in .DirectFeedback.Test
	at ptolemy.actor.lib.Test.fire(Test.java:268)
	at ptolemy.domains.de.kernel.DEDirector._fire(DEDirector.java:1949)
	at ptolemy.domains.de.kernel.DEDirector.fire(DEDirector.java:502)
	at ptolemy.actor.CompositeActor.fire(CompositeActor.java:455)
	at ptolemy.actor.Manager.iterate(Manager.java:851)
	at ptolemy.actor.Manager.execute(Manager.java:369)
	at ptolemy.actor.Manager.run(Manager.java:1263)
	at ptolemy.actor.Manager$PtolemyRunThread.run(Manager.java:1933)
java.lang.reflect.InvocationTargetException
	at java.base/jdk.internal.reflect.NativeConstructorAccessorImpl.newInstance0(Native Method)
	at java.base/jdk.internal.reflect.NativeConstructorAccessorImpl.newInstance(NativeConstructorAccessorImpl.java:62)
	at java.base/jdk.internal.reflect.DelegatingConstructorAccessorImpl.newInstance(DelegatingConstructorAccessorImpl.java:45)
	at java.base/java.lang.reflect.Constructor.newInstance(Constructor.java:490)
	at ptolemy.util.test.junit.AutoKnownFailedTests.RunModel(AutoKnownFailedTests.java:105)
	at java.base/jdk.internal.reflect.NativeMethodAccessorImpl.invoke0(Native Method)
	at java.base/jdk.internal.reflect.NativeMethodAccessorImpl.invoke(NativeMethodAccessorImpl.java:62)
	at java.base/jdk.internal.reflect.DelegatingMethodAccessorImpl.invoke(DelegatingMethodAccessorImpl.java:43)
	at java.base/java.lang.reflect.Method.invoke(Method.java:566)
	at org.junit.runners.model.FrameworkMethod$1.runReflectiveCall(FrameworkMethod.java:44)
	at org.junit.internal.runners.model.ReflectiveCallable.run(ReflectiveCallable.java:15)
	at org.junit.runners.model.FrameworkMethod.invokeExplosively(FrameworkMethod.java:41)
	at junitparams.internal.InvokeParameterisedMethod.evaluate(InvokeParameterisedMethod.java:102)
	at org.junit.internal.runners.statements.FailOnTimeout$1.run(FailOnTimeout.java:28)
Caused by: ptolemy.kernel.util.IllegalActionException: Test fails in iteration 1.
Value was: 1.0. Should have been: 2.0
  in .DirectFeedback.Test
	at ptolemy.actor.lib.Test.fire(Test.java:268)
	at ptolemy.domains.de.kernel.DEDirector._fire(DEDirector.java:1949)
	at ptolemy.domains.de.kernel.DEDirector.fire(DEDirector.java:502)
	at ptolemy.actor.CompositeActor.fire(CompositeActor.java:455)
	at ptolemy.actor.Manager.iterate(Manager.java:851)
	at ptolemy.actor.Manager.execute(Manager.java:369)
	at ptolemy.actor.Manager.run(Manager.java:1263)
	at ptolemy.actor.Manager$PtolemyRunThread.run(Manager.java:1933)
java.lang.RuntimeException: Execution failed
	at ptolemy.moml.MoMLSimpleApplication$UnloadThread.run(MoMLSimpleApplication.java:402)
Caused by: ptolemy.kernel.util.IllegalActionException: Found a zero delay loop containing .HierarchicalModel.A
  in .HierarchicalModel and .HierarchicalModel.A
	at ptolemy.actor.util.CausalityInterfaceForComposites._computeOutputPortDepth(CausalityInterfaceForComposites.java:759)
	at ptolemy.actor.util.CausalityInterfaceForComposites._computeInputDepth(CausalityInterfaceForComposites.java:696)
	at ptolemy.actor.util.CausalityInterfaceForComposites._computeOutputPortDepth(CausalityInterfaceForComposites.java:765)
	at ptolemy.actor.util.CausalityInterfaceForComposites._computeInputDepth(CausalityInterfaceForComposites.java:696)
	at ptolemy.actor.util.CausalityInterfaceForComposites._computeOutputPortDepth(CausalityInterfaceForComposites.java:765)
	at ptolemy.actor.util.CausalityInterfaceForComposites._computeInputDepth(CausalityInterfaceForComposites.java:696)
	at ptolemy.actor.util.CausalityInterfaceForComposites._computeActorDepth(CausalityInterfaceForComposites.java:532)
	at ptolemy.actor.util.CausalityInterfaceForComposites.checkForCycles(CausalityInterfaceForComposites.java:96)
	at ptolemy.domains.de.kernel.DEDirector.preinitialize(DEDirector.java:1338)
	at ptolemy.actor.CompositeActor.preinitialize(CompositeActor.java:1828)
	at ptolemy.actor.Manager.preinitializeAndResolveTypes(Manager.java:1040)
	at ptolemy.actor.Manager.initialize(Manager.java:710)
	at ptolemy.actor.Manager.execute(Manager.java:356)
	at ptolemy.actor.Manager.run(Manager.java:1263)
	at ptolemy.actor.Manager$PtolemyRunThread.run(Manager.java:1933)
java.lang.reflect.InvocationTargetException
	at java.base/jdk.internal.reflect.NativeConstructorAccessorImpl.newInstance0(Native Method)
	at java.base/jdk.internal.reflect.NativeConstructorAccessorImpl.newInstance(NativeConstructorAccessorImpl.java:62)
	at java.base/jdk.internal.reflect.DelegatingConstructorAccessorImpl.newInstance(DelegatingConstructorAccessorImpl.java:45)
	at java.base/java.lang.reflect.Constructor.newInstance(Constructor.java:490)
	at ptolemy.util.test.junit.AutoKnownFailedTests.RunModel(AutoKnownFailedTests.java:105)
	at java.base/jdk.internal.reflect.NativeMethodAccessorImpl.invoke0(Native Method)
	at java.base/jdk.internal.reflect.NativeMethodAccessorImpl.invoke(NativeMethodAccessorImpl.java:62)
	at java.base/jdk.internal.reflect.DelegatingMethodAccessorImpl.invoke(DelegatingMethodAccessorImpl.java:43)
	at java.base/java.lang.reflect.Method.invoke(Method.java:566)
	at org.junit.runners.model.FrameworkMethod$1.runReflectiveCall(FrameworkMethod.java:44)
	at org.junit.internal.runners.model.ReflectiveCallable.run(ReflectiveCallable.java:15)
	at org.junit.runners.model.FrameworkMethod.invokeExplosively(FrameworkMethod.java:41)
	at junitparams.internal.InvokeParameterisedMethod.evaluate(InvokeParameterisedMethod.java:102)
	at org.junit.internal.runners.statements.FailOnTimeout$1.run(FailOnTimeout.java:28)
Caused by: ptolemy.kernel.util.IllegalActionException: Found a zero delay loop containing .HierarchicalModel.A
  in .HierarchicalModel and .HierarchicalModel.A
	at ptolemy.actor.util.CausalityInterfaceForComposites._computeOutputPortDepth(CausalityInterfaceForComposites.java:759)
	at ptolemy.actor.util.CausalityInterfaceForComposites._computeInputDepth(CausalityInterfaceForComposites.java:696)
	at ptolemy.actor.util.CausalityInterfaceForComposites._computeOutputPortDepth(CausalityInterfaceForComposites.java:765)
	at ptolemy.actor.util.CausalityInterfaceForComposites._computeInputDepth(CausalityInterfaceForComposites.java:696)
	at ptolemy.actor.util.CausalityInterfaceForComposites._computeOutputPortDepth(CausalityInterfaceForComposites.java:765)
	at ptolemy.actor.util.CausalityInterfaceForComposites._computeInputDepth(CausalityInterfaceForComposites.java:696)
	at ptolemy.actor.util.CausalityInterfaceForComposites._computeActorDepth(CausalityInterfaceForComposites.java:532)
	at ptolemy.actor.util.CausalityInterfaceForComposites.checkForCycles(CausalityInterfaceForComposites.java:96)
	at ptolemy.domains.de.kernel.DEDirector.preinitialize(DEDirector.java:1338)
	at ptolemy.actor.CompositeActor.preinitialize(CompositeActor.java:1828)
	at ptolemy.actor.Manager.preinitializeAndResolveTypes(Manager.java:1040)
	at ptolemy.actor.Manager.initialize(Manager.java:710)
	at ptolemy.actor.Manager.execute(Manager.java:356)
	at ptolemy.actor.Manager.run(Manager.java:1263)
	at ptolemy.actor.Manager$PtolemyRunThread.run(Manager.java:1933)
java.lang.RuntimeException: Execution failed
	at ptolemy.moml.MoMLSimpleApplication$UnloadThread.run(MoMLSimpleApplication.java:402)
Caused by: ptolemy.kernel.util.IllegalActionException: Found a zero delay loop containing .dependencyLoop.original
  in .dependencyLoop and .dependencyLoop.original
	at ptolemy.actor.util.CausalityInterfaceForComposites._computeOutputPortDepth(CausalityInterfaceForComposites.java:759)
	at ptolemy.actor.util.CausalityInterfaceForComposites._computeInputDepth(CausalityInterfaceForComposites.java:696)
	at ptolemy.actor.util.CausalityInterfaceForComposites._computeOutputPortDepth(CausalityInterfaceForComposites.java:765)
	at ptolemy.actor.util.CausalityInterfaceForComposites._computeInputDepth(CausalityInterfaceForComposites.java:696)
	at ptolemy.actor.util.CausalityInterfaceForComposites._computeOutputPortDepth(CausalityInterfaceForComposites.java:765)
	at ptolemy.actor.util.CausalityInterfaceForComposites._computeInputDepth(CausalityInterfaceForComposites.java:696)
	at ptolemy.actor.util.CausalityInterfaceForComposites._computeActorDepth(CausalityInterfaceForComposites.java:532)
	at ptolemy.actor.util.CausalityInterfaceForComposites.checkForCycles(CausalityInterfaceForComposites.java:96)
	at ptolemy.domains.de.kernel.DEDirector.preinitialize(DEDirector.java:1338)
	at ptolemy.actor.CompositeActor.preinitialize(CompositeActor.java:1828)
	at ptolemy.actor.Manager.preinitializeAndResolveTypes(Manager.java:1040)
	at ptolemy.actor.Manager.initialize(Manager.java:710)
	at ptolemy.actor.Manager.execute(Manager.java:356)
	at ptolemy.actor.Manager.run(Manager.java:1263)
	at ptolemy.actor.Manager$PtolemyRunThread.run(Manager.java:1933)
java.lang.reflect.InvocationTargetException
	at java.base/jdk.internal.reflect.NativeConstructorAccessorImpl.newInstance0(Native Method)
	at java.base/jdk.internal.reflect.NativeConstructorAccessorImpl.newInstance(NativeConstructorAccessorImpl.java:62)
	at java.base/jdk.internal.reflect.DelegatingConstructorAccessorImpl.newInstance(DelegatingConstructorAccessorImpl.java:45)
	at java.base/java.lang.reflect.Constructor.newInstance(Constructor.java:490)
	at ptolemy.util.test.junit.AutoKnownFailedTests.RunModel(AutoKnownFailedTests.java:105)
	at java.base/jdk.internal.reflect.NativeMethodAccessorImpl.invoke0(Native Method)
	at java.base/jdk.internal.reflect.NativeMethodAccessorImpl.invoke(NativeMethodAccessorImpl.java:62)
	at java.base/jdk.internal.reflect.DelegatingMethodAccessorImpl.invoke(DelegatingMethodAccessorImpl.java:43)
	at java.base/java.lang.reflect.Method.invoke(Method.java:566)
	at org.junit.runners.model.FrameworkMethod$1.runReflectiveCall(FrameworkMethod.java:44)
	at org.junit.internal.runners.model.ReflectiveCallable.run(ReflectiveCallable.java:15)
	at org.junit.runners.model.FrameworkMethod.invokeExplosively(FrameworkMethod.java:41)
	at junitparams.internal.InvokeParameterisedMethod.evaluate(InvokeParameterisedMethod.java:102)
	at org.junit.internal.runners.statements.FailOnTimeout$1.run(FailOnTimeout.java:28)
Caused by: ptolemy.kernel.util.IllegalActionException: Found a zero delay loop containing .dependencyLoop.original
  in .dependencyLoop and .dependencyLoop.original
	at ptolemy.actor.util.CausalityInterfaceForComposites._computeOutputPortDepth(CausalityInterfaceForComposites.java:759)
	at ptolemy.actor.util.CausalityInterfaceForComposites._computeInputDepth(CausalityInterfaceForComposites.java:696)
	at ptolemy.actor.util.CausalityInterfaceForComposites._computeOutputPortDepth(CausalityInterfaceForComposites.java:765)
	at ptolemy.actor.util.CausalityInterfaceForComposites._computeInputDepth(CausalityInterfaceForComposites.java:696)
	at ptolemy.actor.util.CausalityInterfaceForComposites._computeOutputPortDepth(CausalityInterfaceForComposites.java:765)
	at ptolemy.actor.util.CausalityInterfaceForComposites._computeInputDepth(CausalityInterfaceForComposites.java:696)
	at ptolemy.actor.util.CausalityInterfaceForComposites._computeActorDepth(CausalityInterfaceForComposites.java:532)
	at ptolemy.actor.util.CausalityInterfaceForComposites.checkForCycles(CausalityInterfaceForComposites.java:96)
	at ptolemy.domains.de.kernel.DEDirector.preinitialize(DEDirector.java:1338)
	at ptolemy.actor.CompositeActor.preinitialize(CompositeActor.java:1828)
	at ptolemy.actor.Manager.preinitializeAndResolveTypes(Manager.java:1040)
	at ptolemy.actor.Manager.initialize(Manager.java:710)
	at ptolemy.actor.Manager.execute(Manager.java:356)
	at ptolemy.actor.Manager.run(Manager.java:1263)
	at ptolemy.actor.Manager$PtolemyRunThread.run(Manager.java:1933)
java.lang.RuntimeException: Execution failed
	at ptolemy.moml.MoMLSimpleApplication$UnloadThread.run(MoMLSimpleApplication.java:402)
Caused by: ptolemy.kernel.util.IllegalActionException: Found a zero delay loop containing .dependencyLoop2.original
  in .dependencyLoop2 and .dependencyLoop2.original
	at ptolemy.actor.util.CausalityInterfaceForComposites._computeOutputPortDepth(CausalityInterfaceForComposites.java:759)
	at ptolemy.actor.util.CausalityInterfaceForComposites._computeInputDepth(CausalityInterfaceForComposites.java:696)
	at ptolemy.actor.util.CausalityInterfaceForComposites._computeOutputPortDepth(CausalityInterfaceForComposites.java:765)
	at ptolemy.actor.util.CausalityInterfaceForComposites._computeInputDepth(CausalityInterfaceForComposites.java:696)
	at ptolemy.actor.util.CausalityInterfaceForComposites._computeOutputPortDepth(CausalityInterfaceForComposites.java:765)
	at ptolemy.actor.util.CausalityInterfaceForComposites._computeInputDepth(CausalityInterfaceForComposites.java:696)
	at ptolemy.actor.util.CausalityInterfaceForComposites._computeActorDepth(CausalityInterfaceForComposites.java:532)
	at ptolemy.actor.util.CausalityInterfaceForComposites.checkForCycles(CausalityInterfaceForComposites.java:96)
	at ptolemy.domains.de.kernel.DEDirector.preinitialize(DEDirector.java:1338)
	at ptolemy.actor.CompositeActor.preinitialize(CompositeActor.java:1828)
	at ptolemy.actor.Manager.preinitializeAndResolveTypes(Manager.java:1040)
	at ptolemy.actor.Manager.initialize(Manager.java:710)
	at ptolemy.actor.Manager.execute(Manager.java:356)
	at ptolemy.actor.Manager.run(Manager.java:1263)
	at ptolemy.actor.Manager$PtolemyRunThread.run(Manager.java:1933)
java.lang.reflect.InvocationTargetException
	at java.base/jdk.internal.reflect.NativeConstructorAccessorImpl.newInstance0(Native Method)
	at java.base/jdk.internal.reflect.NativeConstructorAccessorImpl.newInstance(NativeConstructorAccessorImpl.java:62)
	at java.base/jdk.internal.reflect.DelegatingConstructorAccessorImpl.newInstance(DelegatingConstructorAccessorImpl.java:45)
	at java.base/java.lang.reflect.Constructor.newInstance(Constructor.java:490)
	at ptolemy.util.test.junit.AutoKnownFailedTests.RunModel(AutoKnownFailedTests.java:105)
	at java.base/jdk.internal.reflect.NativeMethodAccessorImpl.invoke0(Native Method)
	at java.base/jdk.internal.reflect.NativeMethodAccessorImpl.invoke(NativeMethodAccessorImpl.java:62)
	at java.base/jdk.internal.reflect.DelegatingMethodAccessorImpl.invoke(DelegatingMethodAccessorImpl.java:43)
	at java.base/java.lang.reflect.Method.invoke(Method.java:566)
	at org.junit.runners.model.FrameworkMethod$1.runReflectiveCall(FrameworkMethod.java:44)
	at org.junit.internal.runners.model.ReflectiveCallable.run(ReflectiveCallable.java:15)
	at org.junit.runners.model.FrameworkMethod.invokeExplosively(FrameworkMethod.java:41)
	at junitparams.internal.InvokeParameterisedMethod.evaluate(InvokeParameterisedMethod.java:102)
	at org.junit.internal.runners.statements.FailOnTimeout$1.run(FailOnTimeout.java:28)
Caused by: ptolemy.kernel.util.IllegalActionException: Found a zero delay loop containing .dependencyLoop2.original
  in .dependencyLoop2 and .dependencyLoop2.original
	at ptolemy.actor.util.CausalityInterfaceForComposites._computeOutputPortDepth(CausalityInterfaceForComposites.java:759)
	at ptolemy.actor.util.CausalityInterfaceForComposites._computeInputDepth(CausalityInterfaceForComposites.java:696)
	at ptolemy.actor.util.CausalityInterfaceForComposites._computeOutputPortDepth(CausalityInterfaceForComposites.java:765)
	at ptolemy.actor.util.CausalityInterfaceForComposites._computeInputDepth(CausalityInterfaceForComposites.java:696)
	at ptolemy.actor.util.CausalityInterfaceForComposites._computeOutputPortDepth(CausalityInterfaceForComposites.java:765)
	at ptolemy.actor.util.CausalityInterfaceForComposites._computeInputDepth(CausalityInterfaceForComposites.java:696)
	at ptolemy.actor.util.CausalityInterfaceForComposites._computeActorDepth(CausalityInterfaceForComposites.java:532)
	at ptolemy.actor.util.CausalityInterfaceForComposites.checkForCycles(CausalityInterfaceForComposites.java:96)
	at ptolemy.domains.de.kernel.DEDirector.preinitialize(DEDirector.java:1338)
	at ptolemy.actor.CompositeActor.preinitialize(CompositeActor.java:1828)
	at ptolemy.actor.Manager.preinitializeAndResolveTypes(Manager.java:1040)
	at ptolemy.actor.Manager.initialize(Manager.java:710)
	at ptolemy.actor.Manager.execute(Manager.java:356)
	at ptolemy.actor.Manager.run(Manager.java:1263)
	at ptolemy.actor.Manager$PtolemyRunThread.run(Manager.java:1933)
]]></system-err>
</testsuite>
