<?xml version="1.0" encoding="UTF-8" ?>
<testsuite errors="0" failures="0" hostname="travis-job-58020e47-4205-4336-b6bf-780c013ae14f" name="ptolemy.domains.de.test.junit.JUnitTclTest" skipped="0" tests="101" time="125.943" timestamp="2019-05-25T04:25:05">
  <properties>
[...]
</properties>
  <testcase classname="ptolemy.util.test.junit.TclTests" name="[0] /home/travis/build/icyphy/ptII/ptolemy/domains/de/test/DependencyLoop.tcl (RunTclFile)" time="0.738" />
  <testcase classname="ptolemy.util.test.junit.TclTests" name="[1] /home/travis/build/icyphy/ptII/ptolemy/domains/de/test/RunDETestsAsQSS.tcl (RunTclFile)" time="86.432" />
  <testcase classname="ptolemy.util.test.junit.AutoKnownFailedTests" name="[0] /home/travis/build/icyphy/ptII/ptolemy/domains/de/test/auto/knownFailedTests/DESDFClockTest.xml (RunModel)" time="2.039" />
  <testcase classname="ptolemy.util.test.junit.AutoKnownFailedTests" name="[1] /home/travis/build/icyphy/ptII/ptolemy/domains/de/test/auto/knownFailedTests/DirectFeedback.xml (RunModel)" time="0.018" />
  <testcase classname="ptolemy.util.test.junit.AutoKnownFailedTests" name="[2] /home/travis/build/icyphy/ptII/ptolemy/domains/de/test/auto/knownFailedTests/FSMSource.xml (RunModel)" time="0.031" />
  <testcase classname="ptolemy.util.test.junit.AutoKnownFailedTests" name="[3] /home/travis/build/icyphy/ptII/ptolemy/domains/de/test/auto/knownFailedTests/HierarchicalModel.xml (RunModel)" time="0.046" />
  <testcase classname="ptolemy.util.test.junit.AutoKnownFailedTests" name="[4] /home/travis/build/icyphy/ptII/ptolemy/domains/de/test/auto/knownFailedTests/dependencyLoop.xml (RunModel)" time="0.039" />
  <testcase classname="ptolemy.util.test.junit.AutoKnownFailedTests" name="[5] /home/travis/build/icyphy/ptII/ptolemy/domains/de/test/auto/knownFailedTests/dependencyLoop2.xml (RunModel)" time="0.061" />
  <testcase classname="ptolemy.util.test.junit.AutoNameArchTests" name="[0] ThereAreNoAutoArchTests (RunModel)" time="0.001" />
  <testcase classname="ptolemy.util.test.junit.AutoTests" name="[0] /home/travis/build/icyphy/ptII/ptolemy/domains/de/test/auto/ActorDepthCalculation_actorWithoutPorts.xml (RunModel)" time="0.017" />
  <testcase classname="ptolemy.util.test.junit.AutoTests" name="[1] /home/travis/build/icyphy/ptII/ptolemy/domains/de/test/auto/AssemblyLine.xml (RunModel)" time="0.023" />
  <testcase classname="ptolemy.util.test.junit.AutoTests" name="[2] /home/travis/build/icyphy/ptII/ptolemy/domains/de/test/auto/CQBug1.xml (RunModel)" time="0.019" />
  <testcase classname="ptolemy.util.test.junit.AutoTests" name="[3] /home/travis/build/icyphy/ptII/ptolemy/domains/de/test/auto/CancelFireAt.xml (RunModel)" time="0.013" />
  <testcase classname="ptolemy.util.test.junit.AutoTests" name="[4] /home/travis/build/icyphy/ptII/ptolemy/domains/de/test/auto/CausalityAndComposabilityAnalysis.xml (RunModel)" time="0.011" />
  <testcase classname="ptolemy.util.test.junit.AutoTests" name="[5] /home/travis/build/icyphy/ptII/ptolemy/domains/de/test/auto/CausalityInterface1.xml (RunModel)" time="0.019" />
  <testcase classname="ptolemy.util.test.junit.AutoTests" name="[6] /home/travis/build/icyphy/ptII/ptolemy/domains/de/test/auto/CausalityInterface15.xml (RunModel)" time="0.024" />
  <testcase classname="ptolemy.util.test.junit.AutoTests" name="[7] /home/travis/build/icyphy/ptII/ptolemy/domains/de/test/auto/CausalityInterface2.xml (RunModel)" time="0.011" />
  <testcase classname="ptolemy.util.test.junit.AutoTests" name="[8] /home/travis/build/icyphy/ptII/ptolemy/domains/de/test/auto/CausalityInterface3.xml (RunModel)" time="0.011" />
  <testcase classname="ptolemy.util.test.junit.AutoTests" name="[9] /home/travis/build/icyphy/ptII/ptolemy/domains/de/test/auto/ClockDrift.xml (RunModel)" time="0.049" />
  <testcase classname="ptolemy.util.test.junit.AutoTests" name="[10] /home/travis/build/icyphy/ptII/ptolemy/domains/de/test/auto/ClockDriftAndValueChange.xml (RunModel)" time="0.029" />
  <testcase classname="ptolemy.util.test.junit.AutoTests" name="[11] /home/travis/build/icyphy/ptII/ptolemy/domains/de/test/auto/ClockDriftChange.xml (RunModel)" time="0.031" />
  <testcase classname="ptolemy.util.test.junit.AutoTests" name="[12] /home/travis/build/icyphy/ptII/ptolemy/domains/de/test/auto/ComposableCausalityAnalysis.xml (RunModel)" time="0.017" />
  <testcase classname="ptolemy.util.test.junit.AutoTests" name="[13] /home/travis/build/icyphy/ptII/ptolemy/domains/de/test/auto/DEFixedPointLimitation.xml (RunModel)" time="0.008" />
  <testcase classname="ptolemy.util.test.junit.AutoTests" name="[14] /home/travis/build/icyphy/ptII/ptolemy/domains/de/test/auto/DEScheduleTest.xml (RunModel)" time="0.031" />
  <testcase classname="ptolemy.util.test.junit.AutoTests" name="[15] /home/travis/build/icyphy/ptII/ptolemy/domains/de/test/auto/DEinDEwithStartTimes.xml (RunModel)" time="0.015" />
  <testcase classname="ptolemy.util.test.junit.AutoTests" name="[16] /home/travis/build/icyphy/ptII/ptolemy/domains/de/test/auto/DEinDEwithStartTimes2.xml (RunModel)" time="0.014" />
  <testcase classname="ptolemy.util.test.junit.AutoTests" name="[17] /home/travis/build/icyphy/ptII/ptolemy/domains/de/test/auto/DateDemo.xml (RunModel)" time="0.031" />
  <testcase classname="ptolemy.util.test.junit.AutoTests" name="[18] /home/travis/build/icyphy/ptII/ptolemy/domains/de/test/auto/DateToEvent.xml (RunModel)" time="2.043" />
  <testcase classname="ptolemy.util.test.junit.AutoTests" name="[19] /home/travis/build/icyphy/ptII/ptolemy/domains/de/test/auto/DepthTest1.xml (RunModel)" time="0.007" />
  <testcase classname="ptolemy.util.test.junit.AutoTests" name="[20] /home/travis/build/icyphy/ptII/ptolemy/domains/de/test/auto/DepthTest2.xml (RunModel)" time="0.016" />
  <testcase classname="ptolemy.util.test.junit.AutoTests" name="[21] /home/travis/build/icyphy/ptII/ptolemy/domains/de/test/auto/DepthTest3.xml (RunModel)" time="0.007" />
  <testcase classname="ptolemy.util.test.junit.AutoTests" name="[22] /home/travis/build/icyphy/ptII/ptolemy/domains/de/test/auto/DepthTest4.xml (RunModel)" time="0.011" />
  <testcase classname="ptolemy.util.test.junit.AutoTests" name="[23] /home/travis/build/icyphy/ptII/ptolemy/domains/de/test/auto/DepthTest5.xml (RunModel)" time="0.012" />
  <testcase classname="ptolemy.util.test.junit.AutoTests" name="[24] /home/travis/build/icyphy/ptII/ptolemy/domains/de/test/auto/DepthTest6.xml (RunModel)" time="0.013" />
  <testcase classname="ptolemy.util.test.junit.AutoTests" name="[25] /home/travis/build/icyphy/ptII/ptolemy/domains/de/test/auto/DepthTest7.xml (RunModel)" time="0.01" />
  <testcase classname="ptolemy.util.test.junit.AutoTests" name="[26] /home/travis/build/icyphy/ptII/ptolemy/domains/de/test/auto/EventToDate.xml (RunModel)" time="3.032" />
  <testcase classname="ptolemy.util.test.junit.AutoTests" name="[27] /home/travis/build/icyphy/ptII/ptolemy/domains/de/test/auto/FSM1.xml (RunModel)" time="0.037" />
  <testcase classname="ptolemy.util.test.junit.AutoTests" name="[28] /home/travis/build/icyphy/ptII/ptolemy/domains/de/test/auto/FSM7.xml (RunModel)" time="0.033" />
  <testcase classname="ptolemy.util.test.junit.AutoTests" name="[29] /home/travis/build/icyphy/ptII/ptolemy/domains/de/test/auto/Inspection.xml (RunModel)" time="0.041" />
  <testcase classname="ptolemy.util.test.junit.AutoTests" name="[30] /home/travis/build/icyphy/ptII/ptolemy/domains/de/test/auto/Iteration.xml (RunModel)" time="0.025" />
  <testcase classname="ptolemy.util.test.junit.AutoTests" name="[31] /home/travis/build/icyphy/ptII/ptolemy/domains/de/test/auto/LineFault.xml (RunModel)" time="0.522" />
  <testcase classname="ptolemy.util.test.junit.AutoTests" name="[32] /home/travis/build/icyphy/ptII/ptolemy/domains/de/test/auto/MergeModel1Add.xml (RunModel)" time="0.039" />
  <testcase classname="ptolemy.util.test.junit.AutoTests" name="[33] /home/travis/build/icyphy/ptII/ptolemy/domains/de/test/auto/MergeModel2Add.xml (RunModel)" time="0.039" />
  <testcase classname="ptolemy.util.test.junit.AutoTests" name="[34] /home/travis/build/icyphy/ptII/ptolemy/domains/de/test/auto/MergeModel3Add.xml (RunModel)" time="0.037" />
  <testcase classname="ptolemy.util.test.junit.AutoTests" name="[35] /home/travis/build/icyphy/ptII/ptolemy/domains/de/test/auto/MergeWithoutDiscard.xml (RunModel)" time="0.01" />
  <testcase classname="ptolemy.util.test.junit.AutoTests" name="[36] /home/travis/build/icyphy/ptII/ptolemy/domains/de/test/auto/Modal1.xml (RunModel)" time="0.028" />
  <testcase classname="ptolemy.util.test.junit.AutoTests" name="[37] /home/travis/build/icyphy/ptII/ptolemy/domains/de/test/auto/Modal2.xml (RunModel)" time="0.029" />
  <testcase classname="ptolemy.util.test.junit.AutoTests" name="[38] /home/travis/build/icyphy/ptII/ptolemy/domains/de/test/auto/Modal3.xml (RunModel)" time="0.031" />
  <testcase classname="ptolemy.util.test.junit.AutoTests" name="[39] /home/travis/build/icyphy/ptII/ptolemy/domains/de/test/auto/Modal4.xml (RunModel)" time="0.025" />
  <testcase classname="ptolemy.util.test.junit.AutoTests" name="[40] /home/travis/build/icyphy/ptII/ptolemy/domains/de/test/auto/Modal5.xml (RunModel)" time="0.027" />
  <testcase classname="ptolemy.util.test.junit.AutoTests" name="[41] /home/travis/build/icyphy/ptII/ptolemy/domains/de/test/auto/Modal6.xml (RunModel)" time="0.025" />
  <testcase classname="ptolemy.util.test.junit.AutoTests" name="[42] /home/travis/build/icyphy/ptII/ptolemy/domains/de/test/auto/Modal7.xml (RunModel)" time="0.024" />
  <testcase classname="ptolemy.util.test.junit.AutoTests" name="[43] /home/travis/build/icyphy/ptII/ptolemy/domains/de/test/auto/ModalModel.xml (RunModel)" time="0.17" />
  <testcase classname="ptolemy.util.test.junit.AutoTests" name="[44] /home/travis/build/icyphy/ptII/ptolemy/domains/de/test/auto/ModalSource.xml (RunModel)" time="0.017" />
  <testcase classname="ptolemy.util.test.junit.AutoTests" name="[45] /home/travis/build/icyphy/ptII/ptolemy/domains/de/test/auto/NonInterruptibleTimerZeroDelay.xml (RunModel)" time="0.008" />
  <testcase classname="ptolemy.util.test.junit.AutoTests" name="[46] /home/travis/build/icyphy/ptII/ptolemy/domains/de/test/auto/OpenQueueingNetwork.xml (RunModel)" time="2.192" />
  <testcase classname="ptolemy.util.test.junit.AutoTests" name="[47] /home/travis/build/icyphy/ptII/ptolemy/domains/de/test/auto/OpenQueuingNetwork.xml (RunModel)" time="0.256" />
  <testcase classname="ptolemy.util.test.junit.AutoTests" name="[48] /home/travis/build/icyphy/ptII/ptolemy/domains/de/test/auto/PeriodicSampler.xml (RunModel)" time="0.008" />
  <testcase classname="ptolemy.util.test.junit.AutoTests" name="[49] /home/travis/build/icyphy/ptII/ptolemy/domains/de/test/auto/PersistentIO.xml (RunModel)" time="0.02" />
  <testcase classname="ptolemy.util.test.junit.AutoTests" name="[50] /home/travis/build/icyphy/ptII/ptolemy/domains/de/test/auto/PortParameterResetOnInitialize.xml (RunModel)" time="0.011" />
  <testcase classname="ptolemy.util.test.junit.AutoTests" name="[51] /home/travis/build/icyphy/ptII/ptolemy/domains/de/test/auto/PortParameterUpdates.xml (RunModel)" time="0.017" />
  <testcase classname="ptolemy.util.test.junit.AutoTests" name="[52] /home/travis/build/icyphy/ptII/ptolemy/domains/de/test/auto/QueueAndServer.xml (RunModel)" time="0.021" />
  <testcase classname="ptolemy.util.test.junit.AutoTests" name="[53] /home/travis/build/icyphy/ptII/ptolemy/domains/de/test/auto/Records.xml (RunModel)" time="0.013" />
  <testcase classname="ptolemy.util.test.junit.AutoTests" name="[54] /home/travis/build/icyphy/ptII/ptolemy/domains/de/test/auto/ResetTransitionWithStartTime1.xml (RunModel)" time="0.023" />
  <testcase classname="ptolemy.util.test.junit.AutoTests" name="[55] /home/travis/build/icyphy/ptII/ptolemy/domains/de/test/auto/ResetTransitionWithStartTime2.xml (RunModel)" time="0.02" />
  <testcase classname="ptolemy.util.test.junit.AutoTests" name="[56] /home/travis/build/icyphy/ptII/ptolemy/domains/de/test/auto/ResetTransitionWithStartTime3.xml (RunModel)" time="0.016" />
  <testcase classname="ptolemy.util.test.junit.AutoTests" name="[57] /home/travis/build/icyphy/ptII/ptolemy/domains/de/test/auto/ResetTransitionWithStartTime4.xml (RunModel)" time="0.017" />
  <testcase classname="ptolemy.util.test.junit.AutoTests" name="[58] /home/travis/build/icyphy/ptII/ptolemy/domains/de/test/auto/ResettableTimer1.xml (RunModel)" time="0.009" />
  <testcase classname="ptolemy.util.test.junit.AutoTests" name="[59] /home/travis/build/icyphy/ptII/ptolemy/domains/de/test/auto/ResettableTimer2.xml (RunModel)" time="0.008" />
  <testcase classname="ptolemy.util.test.junit.AutoTests" name="[60] /home/travis/build/icyphy/ptII/ptolemy/domains/de/test/auto/ResettableTimer3.xml (RunModel)" time="0.009" />
  <testcase classname="ptolemy.util.test.junit.AutoTests" name="[61] /home/travis/build/icyphy/ptII/ptolemy/domains/de/test/auto/ResettableTimer4.xml (RunModel)" time="0.009" />
  <testcase classname="ptolemy.util.test.junit.AutoTests" name="[62] /home/travis/build/icyphy/ptII/ptolemy/domains/de/test/auto/ResettableTimer5.xml (RunModel)" time="0.008" />
  <testcase classname="ptolemy.util.test.junit.AutoTests" name="[63] /home/travis/build/icyphy/ptII/ptolemy/domains/de/test/auto/ResettableTimer6.xml (RunModel)" time="0.015" />
  <testcase classname="ptolemy.util.test.junit.AutoTests" name="[64] /home/travis/build/icyphy/ptII/ptolemy/domains/de/test/auto/ServerZeroDelay.xml (RunModel)" time="0.009" />
  <testcase classname="ptolemy.util.test.junit.AutoTests" name="[65] /home/travis/build/icyphy/ptII/ptolemy/domains/de/test/auto/SmartSender.xml (RunModel)" time="3.006" />
  <testcase classname="ptolemy.util.test.junit.AutoTests" name="[66] /home/travis/build/icyphy/ptII/ptolemy/domains/de/test/auto/ThreadedComposite.xml (RunModel)" time="0.133" />
  <testcase classname="ptolemy.util.test.junit.AutoTests" name="[67] /home/travis/build/icyphy/ptII/ptolemy/domains/de/test/auto/Time.xml (RunModel)" time="0.408" />
  <testcase classname="ptolemy.util.test.junit.AutoTests" name="[68] /home/travis/build/icyphy/ptII/ptolemy/domains/de/test/auto/TimeDelayZeroDelay.xml (RunModel)" time="0.01" />
  <testcase classname="ptolemy.util.test.junit.AutoTests" name="[69] /home/travis/build/icyphy/ptII/ptolemy/domains/de/test/auto/TimerZeroDelay.xml (RunModel)" time="0.008" />
  <testcase classname="ptolemy.util.test.junit.AutoTests" name="[70] /home/travis/build/icyphy/ptII/ptolemy/domains/de/test/auto/TimingParadox.xml (RunModel)" time="0.326" />
  <testcase classname="ptolemy.util.test.junit.AutoTests" name="[71] /home/travis/build/icyphy/ptII/ptolemy/domains/de/test/auto/TransferInputs.xml (RunModel)" time="0.012" />
  <testcase classname="ptolemy.util.test.junit.AutoTests" name="[72] /home/travis/build/icyphy/ptII/ptolemy/domains/de/test/auto/TransferOutputs2.xml (RunModel)" time="0.013" />
  <testcase classname="ptolemy.util.test.junit.AutoTests" name="[73] /home/travis/build/icyphy/ptII/ptolemy/domains/de/test/auto/Trilateration.xml (RunModel)" time="10.849" />
  <testcase classname="ptolemy.util.test.junit.AutoTests" name="[74] /home/travis/build/icyphy/ptII/ptolemy/domains/de/test/auto/TwoSigmaDelta.xml (RunModel)" time="1.913" />
  <testcase classname="ptolemy.util.test.junit.AutoTests" name="[75] /home/travis/build/icyphy/ptII/ptolemy/domains/de/test/auto/VariableDelay.xml (RunModel)" time="0.01" />
  <testcase classname="ptolemy.util.test.junit.AutoTests" name="[76] /home/travis/build/icyphy/ptII/ptolemy/domains/de/test/auto/VariableDelay2.xml (RunModel)" time="0.008" />
  <testcase classname="ptolemy.util.test.junit.AutoTests" name="[77] /home/travis/build/icyphy/ptII/ptolemy/domains/de/test/auto/VariableDelayZeroDelay.xml (RunModel)" time="0.009" />
  <testcase classname="ptolemy.util.test.junit.AutoTests" name="[78] /home/travis/build/icyphy/ptII/ptolemy/domains/de/test/auto/VariableDelayZeroDelay2.xml (RunModel)" time="0.009" />
  <testcase classname="ptolemy.util.test.junit.AutoTests" name="[79] /home/travis/build/icyphy/ptII/ptolemy/domains/de/test/auto/deInCt.xml (RunModel)" time="0.012" />
  <testcase classname="ptolemy.util.test.junit.AutoTests" name="[80] /home/travis/build/icyphy/ptII/ptolemy/domains/de/test/auto/deInCt2.xml (RunModel)" time="0.018" />
  <testcase classname="ptolemy.util.test.junit.AutoTests" name="[81] /home/travis/build/icyphy/ptII/ptolemy/domains/de/test/auto/dynamicCausalityInterface1.xml (RunModel)" time="0.016" />
  <testcase classname="ptolemy.util.test.junit.AutoTests" name="[82] /home/travis/build/icyphy/ptII/ptolemy/domains/de/test/auto/fsm_de_test.xml (RunModel)" time="0.018" />
  <testcase classname="ptolemy.util.test.junit.AutoTests" name="[83] /home/travis/build/icyphy/ptII/ptolemy/domains/de/test/auto/functionDependencyReconstruction.xml (RunModel)" time="0.027" />
  <testcase classname="ptolemy.util.test.junit.AutoTests" name="[84] /home/travis/build/icyphy/ptII/ptolemy/domains/de/test/auto/multirate.xml (RunModel)" time="0.014" />
  <testcase classname="ptolemy.util.test.junit.AutoTests" name="[85] /home/travis/build/icyphy/ptII/ptolemy/domains/de/test/auto/multirate2.xml (RunModel)" time="0.017" />
  <testcase classname="ptolemy.util.test.junit.AutoTests" name="[86] /home/travis/build/icyphy/ptII/ptolemy/domains/de/test/auto/realtime.xml (RunModel)" time="10.01" />
  <testcase classname="ptolemy.util.test.junit.AutoTests" name="[87] /home/travis/build/icyphy/ptII/ptolemy/domains/de/test/auto/relationGroup.xml (RunModel)" time="0.007" />
  <testcase classname="ptolemy.util.test.junit.AutoTests" name="[88] /home/travis/build/icyphy/ptII/ptolemy/domains/de/test/auto/relationGroup2.xml (RunModel)" time="0.006" />
  <testcase classname="ptolemy.util.test.junit.AutoTests" name="[89] /home/travis/build/icyphy/ptII/ptolemy/domains/de/test/auto/sortWithOpaquePorts.xml (RunModel)" time="0.008" />
  <testcase classname="ptolemy.util.test.junit.AutoTests" name="[90] /home/travis/build/icyphy/ptII/ptolemy/domains/de/test/auto/transferInputsandOutputs.xml (RunModel)" time="0.014" />
  <testcase classname="ptolemy.util.test.junit.AutoTests" name="[91] /home/travis/build/icyphy/ptII/ptolemy/domains/de/test/auto/triggerType.xml (RunModel)" time="0.007" />
  <system-out><![CDATA[/home/travis/build/icyphy/ptII/ptolemy/domains/de/test/DependencyLoop.tcl
testDefs.tcl: setting time out to 9000 seconds at Sat May 25 04:25:05 UTC 2019
15 ms. Memory: 116224K Free: 97586K (84%)
24 ms. Memory: 146944K Free: 142085K (97%)
/home/travis/build/icyphy/ptII/ptolemy/domains/de/test/RunDETestsAsQSS.tcl
Run the DE tests using ptolemy.domains.qss.test.QSSDirectorTest, which extends QSSDirector and prints a message in the constructors.
------------------ testing $PTII/ptolemy/domains/de/test/auto/knownFailedTests/dependencyLoop.xml (Known Failure) 
11 ms. Memory: 146944K Free: 137838K (94%)


==== $PTIIhome/travis/build/icyphy/ptII/ptolemy/domains/de/test/../../../../: Auto Automatic test in file $PTII/ptolemy/domains/de/test/auto/knownFailedTests/dependencyLoop.xml
==== Contents of test case:

	    # FIXME: we should use $relativeFilename here, but it
	    # might have backslashes under Windows, which causes no end
	    # of trouble.
	    createAndExecute $file
	    list {}
	
.... Test generated KNOWN error:
    while executing
ptolemy.kernel.util.IllegalActionException: Found a zero delay loop containing .dependencyLoop.original
  in .dependencyLoop and .dependencyLoop.original
	at ptolemy.actor.util.CausalityInterfaceForComposites._computeOutputPortDepth(CausalityInterfaceForComposites.java:759)
	at ptolemy.actor.util.CausalityInterfaceForComposites._computeInputDepth(CausalityInterfaceForComposites.java:696)
	at ptolemy.actor.util.CausalityInterfaceForComposites._computeOutputPortDepth(CausalityInterfaceForComposites.java:765)
	at ptolemy.actor.util.CausalityInterfaceForComposites._computeInputDepth(CausalityInterfaceForComposites.java:696)
	at ptolemy.actor.util.CausalityInterfaceForComposites._computeOutputPortDepth(CausalityInterfaceForComposites.java:765)
	at ptolemy.actor.util.CausalityInterfaceForComposites._computeInputDepth(CausalityInterfaceForComposites.java:696)
	at ptolemy.actor.util.CausalityInterfaceForComposites._computeActorDepth(CausalityInterfaceForComposites.java:532)
	at ptolemy.actor.util.CausalityInterfaceForComposites.checkForCycles(CausalityInterfaceForComposites.java:96)
	at ptolemy.domains.de.kernel.DEDirector.preinitialize(DEDirector.java:1338)
	at ptolemy.actor.CompositeActor.preinitialize(CompositeActor.java:1828)
	at ptolemy.actor.Manager.preinitializeAndResolveTypes(Manager.java:1040)
	at ptolemy.actor.Manager.initialize(Manager.java:710)
	at ptolemy.actor.Manager.execute(Manager.java:356)
	at ptolemy.actor.Manager.run(Manager.java:1263)
	at ptolemy.actor.Manager$PtolemyRunThread.run(Manager.java:1915)

    while executing
ptolemy.kernel.util.IllegalActionException: Found a zero delay loop containing .dependencyLoop.original
  in .dependencyLoop and .dependencyLoop.original
    while executing
"java::new ptolemy.moml.MoMLSimpleApplication $file
"
    (procedure "createAndExecute" line 2)
    invoked from within
"createAndExecute $file"
    ("uplevel" body line 5)
    invoked from within
"uplevel $contents_of_test"
------------------ testing $PTII/ptolemy/domains/de/test/auto/knownFailedTests/DESDFClockTest.xml (Known Failure) 
2050 ms. Memory: 146944K Free: 122238K (83%)


==== $PTIIhome/travis/build/icyphy/ptII/ptolemy/domains/de/test/../../../../: Auto Automatic test in file $PTII/ptolemy/domains/de/test/auto/knownFailedTests/DESDFClockTest.xml
==== Contents of test case:

	    # FIXME: we should use $relativeFilename here, but it
	    # might have backslashes under Windows, which causes no end
	    # of trouble.
	    createAndExecute $file
	    list {}
	
.... Test generated KNOWN error:
    while executing
ptolemy.kernel.util.IllegalActionException: Actor is not ready to fire.  Perhaps UpSample.prefire() returned false? Try debugging the actor by selecting "Listen to Actor".  Also, for SDF check moml for tokenConsumptionRate on input.
  in .DESDFClockTest.Play Bell.Copy1:SDF Director and .DESDFClockTest.Play Bell.UpSample
	at ptolemy.actor.sched.StaticSchedulingDirector.fire(StaticSchedulingDirector.java:227)
	at ptolemy.domains.sdf.kernel.SDFDirector.fire(SDFDirector.java:500)
	at ptolemy.actor.CompositeActor.fire(CompositeActor.java:455)
	at ptolemy.domains.de.kernel.DEDirector._fire(DEDirector.java:1949)
	at ptolemy.domains.de.kernel.DEDirector.fire(DEDirector.java:502)
	at ptolemy.actor.CompositeActor.fire(CompositeActor.java:455)
	at ptolemy.actor.Manager.iterate(Manager.java:851)
	at ptolemy.actor.Manager.execute(Manager.java:369)
	at ptolemy.actor.Manager.run(Manager.java:1263)
	at ptolemy.actor.Manager$PtolemyRunThread.run(Manager.java:1915)

    while executing
ptolemy.kernel.util.IllegalActionException: Actor is not ready to fire.  Perhaps UpSample.prefire() returned false? Try debugging the actor by selecting "Listen to Actor".  Also, for SDF check moml for tokenConsumptionRate on input.
  in .DESDFClockTest.Play Bell.Copy1:SDF Director and .DESDFClockTest.Play Bell.UpSample
    while executing
"java::new ptolemy.moml.MoMLSimpleApplication $file
"
    (procedure "createAndExecute" line 2)
    invoked from within
"createAndExecute $file"
    ("uplevel" body line 5)
    invoked from within
"uplevel $contents_of_test"
------------------ testing $PTII/ptolemy/domains/de/test/auto/knownFailedTests/FSMSource.xml (Known Failure) 
46 ms. Memory: 146944K Free: 113372K (77%)
!!!! Auto was marked as failing, but now passes
------------------ testing $PTII/ptolemy/domains/de/test/auto/knownFailedTests/dependencyLoop2.xml (Known Failure) 
6 ms. Memory: 146944K Free: 111489K (76%)


==== $PTIIhome/travis/build/icyphy/ptII/ptolemy/domains/de/test/../../../../: Auto Automatic test in file $PTII/ptolemy/domains/de/test/auto/knownFailedTests/dependencyLoop2.xml
==== Contents of test case:

	    # FIXME: we should use $relativeFilename here, but it
	    # might have backslashes under Windows, which causes no end
	    # of trouble.
	    createAndExecute $file
	    list {}
	
.... Test generated KNOWN error:
    while executing
ptolemy.kernel.util.IllegalActionException: Found a zero delay loop containing .dependencyLoop2.original
  in .dependencyLoop2 and .dependencyLoop2.original
	at ptolemy.actor.util.CausalityInterfaceForComposites._computeOutputPortDepth(CausalityInterfaceForComposites.java:759)
	at ptolemy.actor.util.CausalityInterfaceForComposites._computeInputDepth(CausalityInterfaceForComposites.java:696)
	at ptolemy.actor.util.CausalityInterfaceForComposites._computeOutputPortDepth(CausalityInterfaceForComposites.java:765)
	at ptolemy.actor.util.CausalityInterfaceForComposites._computeInputDepth(CausalityInterfaceForComposites.java:696)
	at ptolemy.actor.util.CausalityInterfaceForComposites._computeOutputPortDepth(CausalityInterfaceForComposites.java:765)
	at ptolemy.actor.util.CausalityInterfaceForComposites._computeInputDepth(CausalityInterfaceForComposites.java:696)
	at ptolemy.actor.util.CausalityInterfaceForComposites._computeActorDepth(CausalityInterfaceForComposites.java:532)
	at ptolemy.actor.util.CausalityInterfaceForComposites.checkForCycles(CausalityInterfaceForComposites.java:96)
	at ptolemy.domains.de.kernel.DEDirector.preinitialize(DEDirector.java:1338)
	at ptolemy.actor.CompositeActor.preinitialize(CompositeActor.java:1828)
	at ptolemy.actor.Manager.preinitializeAndResolveTypes(Manager.java:1040)
	at ptolemy.actor.Manager.initialize(Manager.java:710)
	at ptolemy.actor.Manager.execute(Manager.java:356)
	at ptolemy.actor.Manager.run(Manager.java:1263)
	at ptolemy.actor.Manager$PtolemyRunThread.run(Manager.java:1915)

    while executing
ptolemy.kernel.util.IllegalActionException: Found a zero delay loop containing .dependencyLoop2.original
  in .dependencyLoop2 and .dependencyLoop2.original
    while executing
"java::new ptolemy.moml.MoMLSimpleApplication $file
"
    (procedure "createAndExecute" line 2)
    invoked from within
"createAndExecute $file"
    ("uplevel" body line 5)
    invoked from within
"uplevel $contents_of_test"
------------------ testing $PTII/ptolemy/domains/de/test/auto/knownFailedTests/HierarchicalModel.xml (Known Failure) 
5 ms. Memory: 146944K Free: 91291K (62%)


==== $PTIIhome/travis/build/icyphy/ptII/ptolemy/domains/de/test/../../../../: Auto Automatic test in file $PTII/ptolemy/domains/de/test/auto/knownFailedTests/HierarchicalModel.xml
==== Contents of test case:

	    # FIXME: we should use $relativeFilename here, but it
	    # might have backslashes under Windows, which causes no end
	    # of trouble.
	    createAndExecute $file
	    list {}
	
.... Test generated KNOWN error:
    while executing
ptolemy.kernel.util.IllegalActionException: Found a zero delay loop containing .HierarchicalModel.A
  in .HierarchicalModel and .HierarchicalModel.A
	at ptolemy.actor.util.CausalityInterfaceForComposites._computeOutputPortDepth(CausalityInterfaceForComposites.java:759)
	at ptolemy.actor.util.CausalityInterfaceForComposites._computeInputDepth(CausalityInterfaceForComposites.java:696)
	at ptolemy.actor.util.CausalityInterfaceForComposites._computeOutputPortDepth(CausalityInterfaceForComposites.java:765)
	at ptolemy.actor.util.CausalityInterfaceForComposites._computeInputDepth(CausalityInterfaceForComposites.java:696)
	at ptolemy.actor.util.CausalityInterfaceForComposites._computeOutputPortDepth(CausalityInterfaceForComposites.java:765)
	at ptolemy.actor.util.CausalityInterfaceForComposites._computeInputDepth(CausalityInterfaceForComposites.java:696)
	at ptolemy.actor.util.CausalityInterfaceForComposites._computeActorDepth(CausalityInterfaceForComposites.java:532)
	at ptolemy.actor.util.CausalityInterfaceForComposites.checkForCycles(CausalityInterfaceForComposites.java:96)
	at ptolemy.domains.de.kernel.DEDirector.preinitialize(DEDirector.java:1338)
	at ptolemy.actor.CompositeActor.preinitialize(CompositeActor.java:1828)
	at ptolemy.actor.Manager.preinitializeAndResolveTypes(Manager.java:1040)
	at ptolemy.actor.Manager.initialize(Manager.java:710)
	at ptolemy.actor.Manager.execute(Manager.java:356)
	at ptolemy.actor.Manager.run(Manager.java:1263)
	at ptolemy.actor.Manager$PtolemyRunThread.run(Manager.java:1915)

    while executing
ptolemy.kernel.util.IllegalActionException: Found a zero delay loop containing .HierarchicalModel.A
  in .HierarchicalModel and .HierarchicalModel.A
    while executing
"java::new ptolemy.moml.MoMLSimpleApplication $file
"
    (procedure "createAndExecute" line 2)
    invoked from within
"createAndExecute $file"
    ("uplevel" body line 5)
    invoked from within
"uplevel $contents_of_test"
------------------ testing $PTII/ptolemy/domains/de/test/auto/knownFailedTests/DirectFeedback.xml (Known Failure) 
12 ms. Memory: 146944K Free: 87178K (59%)


==== $PTIIhome/travis/build/icyphy/ptII/ptolemy/domains/de/test/../../../../: Auto Automatic test in file $PTII/ptolemy/domains/de/test/auto/knownFailedTests/DirectFeedback.xml
==== Contents of test case:

	    # FIXME: we should use $relativeFilename here, but it
	    # might have backslashes under Windows, which causes no end
	    # of trouble.
	    createAndExecute $file
	    list {}
	
.... Test generated KNOWN error:
    while executing
ptolemy.kernel.util.IllegalActionException: Test fails in iteration 1.
Value was: 1.0. Should have been: 2.0
  in .DirectFeedback.Test
	at ptolemy.actor.lib.Test.fire(Test.java:268)
	at ptolemy.domains.de.kernel.DEDirector._fire(DEDirector.java:1949)
	at ptolemy.domains.de.kernel.DEDirector.fire(DEDirector.java:502)
	at ptolemy.actor.CompositeActor.fire(CompositeActor.java:455)
	at ptolemy.actor.Manager.iterate(Manager.java:851)
	at ptolemy.actor.Manager.execute(Manager.java:369)
	at ptolemy.actor.Manager.run(Manager.java:1263)
	at ptolemy.actor.Manager$PtolemyRunThread.run(Manager.java:1915)

    while executing
ptolemy.kernel.util.IllegalActionException: Test fails in iteration 1.
Value was: 1.0. Should have been: 2.0
  in .DirectFeedback.Test
    while executing
"java::new ptolemy.moml.MoMLSimpleApplication $file
"
    (procedure "createAndExecute" line 2)
    invoked from within
"createAndExecute $file"
    ("uplevel" body line 5)
    invoked from within
"uplevel $contents_of_test"
------------------ testing $PTII/ptolemy/domains/de/test/auto/ActorDepthCalculation_actorWithoutPorts.xml
auto.tcl: Setting watchdog for 200 seconds at Sat May 25 04:25:08 UTC 2019
5 ms. Memory: 146944K Free: 139930K (95%)
ptolemy.util.test.WatchDog.cancel(): canceling Sat May 25 04:25:08 UTC 2019
auto.tcl: Setting watchdog for 200 seconds at Sat May 25 04:25:08 UTC 2019
4 ms. Memory: 146944K Free: 138637K (94%)
ptolemy.util.test.WatchDog.cancel(): canceling Sat May 25 04:25:08 UTC 2019
------------------ testing $PTII/ptolemy/domains/de/test/auto/AssemblyLine.xml
auto.tcl: Setting watchdog for 200 seconds at Sat May 25 04:25:08 UTC 2019
12 ms. Memory: 208384K Free: 181650K (87%)
ptolemy.util.test.WatchDog.cancel(): canceling Sat May 25 04:25:08 UTC 2019
auto.tcl: Setting watchdog for 200 seconds at Sat May 25 04:25:08 UTC 2019
11 ms. Memory: 208384K Free: 181650K (87%)
ptolemy.util.test.WatchDog.cancel(): canceling Sat May 25 04:25:08 UTC 2019
------------------ testing $PTII/ptolemy/domains/de/test/auto/CQBug1.xml
auto.tcl: Setting watchdog for 200 seconds at Sat May 25 04:25:08 UTC 2019
5 ms. Memory: 208384K Free: 196622K (94%)
ptolemy.util.test.WatchDog.cancel(): canceling Sat May 25 04:25:09 UTC 2019
auto.tcl: Setting watchdog for 200 seconds at Sat May 25 04:25:09 UTC 2019
2 ms. Memory: 208384K Free: 196622K (94%)
ptolemy.util.test.WatchDog.cancel(): canceling Sat May 25 04:25:09 UTC 2019
------------------ testing $PTII/ptolemy/domains/de/test/auto/CancelFireAt.xml
auto.tcl: Setting watchdog for 200 seconds at Sat May 25 04:25:09 UTC 2019
4 ms. Memory: 208384K Free: 201537K (97%)
ptolemy.util.test.WatchDog.cancel(): canceling Sat May 25 04:25:09 UTC 2019
auto.tcl: Setting watchdog for 200 seconds at Sat May 25 04:25:09 UTC 2019
3 ms. Memory: 208384K Free: 199472K (96%)
ptolemy.util.test.WatchDog.cancel(): canceling Sat May 25 04:25:09 UTC 2019
------------------ testing $PTII/ptolemy/domains/de/test/auto/CausalityAndComposabilityAnalysis.xml
auto.tcl: Setting watchdog for 200 seconds at Sat May 25 04:25:09 UTC 2019
9 ms. Memory: 208384K Free: 199070K (96%)
ptolemy.util.test.WatchDog.cancel(): canceling Sat May 25 04:25:09 UTC 2019
auto.tcl: Setting watchdog for 200 seconds at Sat May 25 04:25:09 UTC 2019
10 ms. Memory: 208384K Free: 197005K (95%)
ptolemy.util.test.WatchDog.cancel(): canceling Sat May 25 04:25:09 UTC 2019
------------------ testing $PTII/ptolemy/domains/de/test/auto/CausalityInterface1.xml
auto.tcl: Setting watchdog for 200 seconds at Sat May 25 04:25:09 UTC 2019
17 ms. Memory: 208384K Free: 198489K (95%)
ptolemy.util.test.WatchDog.cancel(): canceling Sat May 25 04:25:09 UTC 2019
auto.tcl: Setting watchdog for 200 seconds at Sat May 25 04:25:09 UTC 2019
4 ms. Memory: 208384K Free: 196423K (94%)
ptolemy.util.test.WatchDog.cancel(): canceling Sat May 25 04:25:09 UTC 2019
------------------ testing $PTII/ptolemy/domains/de/test/auto/CausalityInterface15.xml
auto.tcl: Setting watchdog for 200 seconds at Sat May 25 04:25:09 UTC 2019
4 ms. Memory: 208384K Free: 196414K (94%)
ptolemy.util.test.WatchDog.cancel(): canceling Sat May 25 04:25:09 UTC 2019
auto.tcl: Setting watchdog for 200 seconds at Sat May 25 04:25:09 UTC 2019
9 ms. Memory: 208384K Free: 196414K (94%)
ptolemy.util.test.WatchDog.cancel(): canceling Sat May 25 04:25:09 UTC 2019
------------------ testing $PTII/ptolemy/domains/de/test/auto/CausalityInterface2.xml
auto.tcl: Setting watchdog for 200 seconds at Sat May 25 04:25:09 UTC 2019
6 ms. Memory: 208384K Free: 196398K (94%)
ptolemy.util.test.WatchDog.cancel(): canceling Sat May 25 04:25:09 UTC 2019
auto.tcl: Setting watchdog for 200 seconds at Sat May 25 04:25:09 UTC 2019
10 ms. Memory: 208384K Free: 196398K (94%)
ptolemy.util.test.WatchDog.cancel(): canceling Sat May 25 04:25:09 UTC 2019
------------------ testing $PTII/ptolemy/domains/de/test/auto/CausalityInterface3.xml
auto.tcl: Setting watchdog for 200 seconds at Sat May 25 04:25:09 UTC 2019
8 ms. Memory: 208384K Free: 196410K (94%)
ptolemy.util.test.WatchDog.cancel(): canceling Sat May 25 04:25:09 UTC 2019
auto.tcl: Setting watchdog for 200 seconds at Sat May 25 04:25:09 UTC 2019
3 ms. Memory: 208384K Free: 196410K (94%)
ptolemy.util.test.WatchDog.cancel(): canceling Sat May 25 04:25:09 UTC 2019
------------------ testing $PTII/ptolemy/domains/de/test/auto/ClockDrift.xml
auto.tcl: Setting watchdog for 200 seconds at Sat May 25 04:25:09 UTC 2019
97 ms. Memory: 208384K Free: 187650K (90%)
ptolemy.util.test.WatchDog.cancel(): canceling Sat May 25 04:25:09 UTC 2019
auto.tcl: Setting watchdog for 200 seconds at Sat May 25 04:25:09 UTC 2019
47 ms. Memory: 208384K Free: 185585K (89%)
ptolemy.util.test.WatchDog.cancel(): canceling Sat May 25 04:25:09 UTC 2019
------------------ testing $PTII/ptolemy/domains/de/test/auto/ClockDriftAndValueChange.xml
auto.tcl: Setting watchdog for 200 seconds at Sat May 25 04:25:09 UTC 2019
46 ms. Memory: 208384K Free: 189546K (91%)
ptolemy.util.test.WatchDog.cancel(): canceling Sat May 25 04:25:10 UTC 2019
auto.tcl: Setting watchdog for 200 seconds at Sat May 25 04:25:10 UTC 2019
33 ms. Memory: 208384K Free: 185416K (89%)
ptolemy.util.test.WatchDog.cancel(): canceling Sat May 25 04:25:10 UTC 2019
------------------ testing $PTII/ptolemy/domains/de/test/auto/ClockDriftChange.xml
auto.tcl: Setting watchdog for 200 seconds at Sat May 25 04:25:10 UTC 2019
36 ms. Memory: 208384K Free: 190768K (92%)
ptolemy.util.test.WatchDog.cancel(): canceling Sat May 25 04:25:10 UTC 2019
auto.tcl: Setting watchdog for 200 seconds at Sat May 25 04:25:10 UTC 2019
26 ms. Memory: 208384K Free: 188703K (91%)
ptolemy.util.test.WatchDog.cancel(): canceling Sat May 25 04:25:10 UTC 2019
------------------ testing $PTII/ptolemy/domains/de/test/auto/ComposableCausalityAnalysis.xml
auto.tcl: Setting watchdog for 200 seconds at Sat May 25 04:25:10 UTC 2019
2 ms. Memory: 208384K Free: 196166K (94%)
ptolemy.util.test.WatchDog.cancel(): canceling Sat May 25 04:25:10 UTC 2019
auto.tcl: Setting watchdog for 200 seconds at Sat May 25 04:25:10 UTC 2019
2 ms. Memory: 208384K Free: 196166K (94%)
ptolemy.util.test.WatchDog.cancel(): canceling Sat May 25 04:25:10 UTC 2019
------------------ testing $PTII/ptolemy/domains/de/test/auto/DEFixedPointLimitation.xml
auto.tcl: Setting watchdog for 200 seconds at Sat May 25 04:25:10 UTC 2019
4 ms. Memory: 208384K Free: 198312K (95%)
ptolemy.util.test.WatchDog.cancel(): canceling Sat May 25 04:25:10 UTC 2019
auto.tcl: Setting watchdog for 200 seconds at Sat May 25 04:25:10 UTC 2019
1 ms. Memory: 208384K Free: 196247K (94%)
ptolemy.util.test.WatchDog.cancel(): canceling Sat May 25 04:25:10 UTC 2019
------------------ testing $PTII/ptolemy/domains/de/test/auto/DEScheduleTest.xml
auto.tcl: Setting watchdog for 200 seconds at Sat May 25 04:25:10 UTC 2019
4 ms. Memory: 208384K Free: 198867K (95%)
ptolemy.util.test.WatchDog.cancel(): canceling Sat May 25 04:25:10 UTC 2019
auto.tcl: Setting watchdog for 200 seconds at Sat May 25 04:25:10 UTC 2019
5 ms. Memory: 208384K Free: 196282K (94%)
ptolemy.util.test.WatchDog.cancel(): canceling Sat May 25 04:25:10 UTC 2019
------------------ testing $PTII/ptolemy/domains/de/test/auto/DEinDEwithStartTimes.xml
auto.tcl: Setting watchdog for 200 seconds at Sat May 25 04:25:10 UTC 2019
5 ms. Memory: 208384K Free: 196771K (94%)
ptolemy.util.test.WatchDog.cancel(): canceling Sat May 25 04:25:10 UTC 2019
auto.tcl: Setting watchdog for 200 seconds at Sat May 25 04:25:10 UTC 2019
6 ms. Memory: 208384K Free: 196771K (94%)
ptolemy.util.test.WatchDog.cancel(): canceling Sat May 25 04:25:10 UTC 2019
------------------ testing $PTII/ptolemy/domains/de/test/auto/DEinDEwithStartTimes2.xml
auto.tcl: Setting watchdog for 200 seconds at Sat May 25 04:25:10 UTC 2019
5 ms. Memory: 208384K Free: 196751K (94%)
ptolemy.util.test.WatchDog.cancel(): canceling Sat May 25 04:25:10 UTC 2019
auto.tcl: Setting watchdog for 200 seconds at Sat May 25 04:25:10 UTC 2019
4 ms. Memory: 208384K Free: 194686K (93%)
ptolemy.util.test.WatchDog.cancel(): canceling Sat May 25 04:25:10 UTC 2019
------------------ testing $PTII/ptolemy/domains/de/test/auto/DateDemo.xml
auto.tcl: Setting watchdog for 200 seconds at Sat May 25 04:25:10 UTC 2019
15 ms. Memory: 208384K Free: 188768K (91%)
ptolemy.util.test.WatchDog.cancel(): canceling Sat May 25 04:25:10 UTC 2019
auto.tcl: Setting watchdog for 200 seconds at Sat May 25 04:25:10 UTC 2019
7 ms. Memory: 208384K Free: 186703K (90%)
ptolemy.util.test.WatchDog.cancel(): canceling Sat May 25 04:25:10 UTC 2019
------------------ testing $PTII/ptolemy/domains/de/test/auto/DateToEvent.xml
auto.tcl: Setting watchdog for 200 seconds at Sat May 25 04:25:10 UTC 2019
2020 ms. Memory: 208384K Free: 183611K (88%)
ptolemy.util.test.WatchDog.cancel(): canceling Sat May 25 04:25:12 UTC 2019
auto.tcl: Setting watchdog for 200 seconds at Sat May 25 04:25:12 UTC 2019
2004 ms. Memory: 208384K Free: 183611K (88%)
ptolemy.util.test.WatchDog.cancel(): canceling Sat May 25 04:25:14 UTC 2019
------------------ testing $PTII/ptolemy/domains/de/test/auto/DepthTest1.xml
auto.tcl: Setting watchdog for 200 seconds at Sat May 25 04:25:15 UTC 2019
2 ms. Memory: 208384K Free: 198397K (95%)
ptolemy.util.test.WatchDog.cancel(): canceling Sat May 25 04:25:15 UTC 2019
auto.tcl: Setting watchdog for 200 seconds at Sat May 25 04:25:15 UTC 2019
4 ms. Memory: 208384K Free: 198397K (95%)
ptolemy.util.test.WatchDog.cancel(): canceling Sat May 25 04:25:15 UTC 2019
------------------ testing $PTII/ptolemy/domains/de/test/auto/DepthTest2.xml
auto.tcl: Setting watchdog for 200 seconds at Sat May 25 04:25:15 UTC 2019
3 ms. Memory: 208384K Free: 193472K (93%)
ptolemy.util.test.WatchDog.cancel(): canceling Sat May 25 04:25:15 UTC 2019
auto.tcl: Setting watchdog for 200 seconds at Sat May 25 04:25:15 UTC 2019
3 ms. Memory: 208384K Free: 193472K (93%)
ptolemy.util.test.WatchDog.cancel(): canceling Sat May 25 04:25:15 UTC 2019
------------------ testing $PTII/ptolemy/domains/de/test/auto/DepthTest3.xml
auto.tcl: Setting watchdog for 200 seconds at Sat May 25 04:25:15 UTC 2019
2 ms. Memory: 208384K Free: 198214K (95%)
ptolemy.util.test.WatchDog.cancel(): canceling Sat May 25 04:25:15 UTC 2019
auto.tcl: Setting watchdog for 200 seconds at Sat May 25 04:25:15 UTC 2019
2 ms. Memory: 208384K Free: 198214K (95%)
ptolemy.util.test.WatchDog.cancel(): canceling Sat May 25 04:25:15 UTC 2019
------------------ testing $PTII/ptolemy/domains/de/test/auto/DepthTest4.xml
auto.tcl: Setting watchdog for 200 seconds at Sat May 25 04:25:15 UTC 2019
3 ms. Memory: 208384K Free: 196236K (94%)
ptolemy.util.test.WatchDog.cancel(): canceling Sat May 25 04:25:15 UTC 2019
auto.tcl: Setting watchdog for 200 seconds at Sat May 25 04:25:15 UTC 2019
2 ms. Memory: 208384K Free: 196236K (94%)
ptolemy.util.test.WatchDog.cancel(): canceling Sat May 25 04:25:15 UTC 2019
------------------ testing $PTII/ptolemy/domains/de/test/auto/DepthTest5.xml
auto.tcl: Setting watchdog for 200 seconds at Sat May 25 04:25:15 UTC 2019
3 ms. Memory: 208384K Free: 196183K (94%)
ptolemy.util.test.WatchDog.cancel(): canceling Sat May 25 04:25:15 UTC 2019
auto.tcl: Setting watchdog for 200 seconds at Sat May 25 04:25:15 UTC 2019
3 ms. Memory: 208384K Free: 196183K (94%)
ptolemy.util.test.WatchDog.cancel(): canceling Sat May 25 04:25:15 UTC 2019
------------------ testing $PTII/ptolemy/domains/de/test/auto/DepthTest6.xml
auto.tcl: Setting watchdog for 200 seconds at Sat May 25 04:25:15 UTC 2019
6 ms. Memory: 208384K Free: 196678K (94%)
ptolemy.util.test.WatchDog.cancel(): canceling Sat May 25 04:25:15 UTC 2019
auto.tcl: Setting watchdog for 200 seconds at Sat May 25 04:25:15 UTC 2019
2 ms. Memory: 208384K Free: 196678K (94%)
ptolemy.util.test.WatchDog.cancel(): canceling Sat May 25 04:25:15 UTC 2019
------------------ testing $PTII/ptolemy/domains/de/test/auto/DepthTest7.xml
auto.tcl: Setting watchdog for 200 seconds at Sat May 25 04:25:15 UTC 2019
2 ms. Memory: 208384K Free: 196140K (94%)
ptolemy.util.test.WatchDog.cancel(): canceling Sat May 25 04:25:15 UTC 2019
auto.tcl: Setting watchdog for 200 seconds at Sat May 25 04:25:15 UTC 2019
2 ms. Memory: 208384K Free: 196140K (94%)
ptolemy.util.test.WatchDog.cancel(): canceling Sat May 25 04:25:15 UTC 2019
------------------ testing $PTII/ptolemy/domains/de/test/auto/EventToDate.xml
auto.tcl: Setting watchdog for 200 seconds at Sat May 25 04:25:15 UTC 2019
3012 ms. Memory: 208384K Free: 187884K (90%)
ptolemy.util.test.WatchDog.cancel(): canceling Sat May 25 04:25:18 UTC 2019
auto.tcl: Setting watchdog for 200 seconds at Sat May 25 04:25:18 UTC 2019
3004 ms. Memory: 208384K Free: 185819K (89%)
ptolemy.util.test.WatchDog.cancel(): canceling Sat May 25 04:25:21 UTC 2019
------------------ testing $PTII/ptolemy/domains/de/test/auto/FSM1.xml
auto.tcl: Setting watchdog for 200 seconds at Sat May 25 04:25:21 UTC 2019
17 ms. Memory: 208384K Free: 189262K (91%)
ptolemy.util.test.WatchDog.cancel(): canceling Sat May 25 04:25:21 UTC 2019
auto.tcl: Setting watchdog for 200 seconds at Sat May 25 04:25:21 UTC 2019
28 ms. Memory: 208384K Free: 182674K (88%)
ptolemy.util.test.WatchDog.cancel(): canceling Sat May 25 04:25:21 UTC 2019
------------------ testing $PTII/ptolemy/domains/de/test/auto/FSM7.xml
auto.tcl: Setting watchdog for 200 seconds at Sat May 25 04:25:21 UTC 2019
30 ms. Memory: 208384K Free: 189463K (91%)
ptolemy.util.test.WatchDog.cancel(): canceling Sat May 25 04:25:21 UTC 2019
auto.tcl: Setting watchdog for 200 seconds at Sat May 25 04:25:21 UTC 2019
23 ms. Memory: 208384K Free: 185333K (89%)
ptolemy.util.test.WatchDog.cancel(): canceling Sat May 25 04:25:21 UTC 2019
------------------ testing $PTII/ptolemy/domains/de/test/auto/Inspection.xml
auto.tcl: Setting watchdog for 200 seconds at Sat May 25 04:25:21 UTC 2019
19 ms. Memory: 208384K Free: 188604K (91%)
ptolemy.util.test.WatchDog.cancel(): canceling Sat May 25 04:25:21 UTC 2019
auto.tcl: Setting watchdog for 200 seconds at Sat May 25 04:25:21 UTC 2019
34 ms. Memory: 208384K Free: 186539K (90%)
ptolemy.util.test.WatchDog.cancel(): canceling Sat May 25 04:25:22 UTC 2019
------------------ testing $PTII/ptolemy/domains/de/test/auto/Iteration.xml
auto.tcl: Setting watchdog for 200 seconds at Sat May 25 04:25:22 UTC 2019
9 ms. Memory: 208384K Free: 195945K (94%)
ptolemy.util.test.WatchDog.cancel(): canceling Sat May 25 04:25:22 UTC 2019
auto.tcl: Setting watchdog for 200 seconds at Sat May 25 04:25:22 UTC 2019
6 ms. Memory: 208384K Free: 193879K (93%)
ptolemy.util.test.WatchDog.cancel(): canceling Sat May 25 04:25:22 UTC 2019
------------------ testing $PTII/ptolemy/domains/de/test/auto/LineFault.xml
auto.tcl: Setting watchdog for 200 seconds at Sat May 25 04:25:22 UTC 2019
679 ms. Memory: 208384K Free: 199417K (96%)
ptolemy.util.test.WatchDog.cancel(): canceling Sat May 25 04:25:23 UTC 2019
auto.tcl: Setting watchdog for 200 seconds at Sat May 25 04:25:23 UTC 2019
569 ms. Memory: 208384K Free: 143473K (69%)
ptolemy.util.test.WatchDog.cancel(): canceling Sat May 25 04:25:23 UTC 2019
------------------ testing $PTII/ptolemy/domains/de/test/auto/MergeModel1Add.xml
auto.tcl: Setting watchdog for 200 seconds at Sat May 25 04:25:23 UTC 2019
31 ms. Memory: 331264K Free: 300474K (91%)
ptolemy.util.test.WatchDog.cancel(): canceling Sat May 25 04:25:23 UTC 2019
auto.tcl: Setting watchdog for 200 seconds at Sat May 25 04:25:23 UTC 2019
12 ms. Memory: 331264K Free: 300474K (91%)
ptolemy.util.test.WatchDog.cancel(): canceling Sat May 25 04:25:23 UTC 2019
------------------ testing $PTII/ptolemy/domains/de/test/auto/MergeModel2Add.xml
auto.tcl: Setting watchdog for 200 seconds at Sat May 25 04:25:23 UTC 2019
7 ms. Memory: 331264K Free: 305422K (92%)
ptolemy.util.test.WatchDog.cancel(): canceling Sat May 25 04:25:23 UTC 2019
auto.tcl: Setting watchdog for 200 seconds at Sat May 25 04:25:23 UTC 2019
7 ms. Memory: 331264K Free: 301813K (91%)
ptolemy.util.test.WatchDog.cancel(): canceling Sat May 25 04:25:23 UTC 2019
------------------ testing $PTII/ptolemy/domains/de/test/auto/MergeModel3Add.xml
auto.tcl: Setting watchdog for 200 seconds at Sat May 25 04:25:24 UTC 2019
13 ms. Memory: 331264K Free: 305432K (92%)
ptolemy.util.test.WatchDog.cancel(): canceling Sat May 25 04:25:24 UTC 2019
auto.tcl: Setting watchdog for 200 seconds at Sat May 25 04:25:24 UTC 2019
7 ms. Memory: 331264K Free: 301823K (91%)
ptolemy.util.test.WatchDog.cancel(): canceling Sat May 25 04:25:24 UTC 2019
------------------ testing $PTII/ptolemy/domains/de/test/auto/MergeWithoutDiscard.xml
auto.tcl: Setting watchdog for 200 seconds at Sat May 25 04:25:24 UTC 2019
2 ms. Memory: 331264K Free: 316258K (95%)
ptolemy.util.test.WatchDog.cancel(): canceling Sat May 25 04:25:24 UTC 2019
auto.tcl: Setting watchdog for 200 seconds at Sat May 25 04:25:24 UTC 2019
1 ms. Memory: 331264K Free: 316258K (95%)
ptolemy.util.test.WatchDog.cancel(): canceling Sat May 25 04:25:24 UTC 2019
------------------ testing $PTII/ptolemy/domains/de/test/auto/Modal1.xml
auto.tcl: Setting watchdog for 200 seconds at Sat May 25 04:25:24 UTC 2019
24 ms. Memory: 331264K Free: 310473K (94%)
ptolemy.util.test.WatchDog.cancel(): canceling Sat May 25 04:25:24 UTC 2019
auto.tcl: Setting watchdog for 200 seconds at Sat May 25 04:25:24 UTC 2019
12 ms. Memory: 331264K Free: 306864K (93%)
ptolemy.util.test.WatchDog.cancel(): canceling Sat May 25 04:25:24 UTC 2019
------------------ testing $PTII/ptolemy/domains/de/test/auto/Modal2.xml
auto.tcl: Setting watchdog for 200 seconds at Sat May 25 04:25:24 UTC 2019
20 ms. Memory: 331264K Free: 305431K (92%)
ptolemy.util.test.WatchDog.cancel(): canceling Sat May 25 04:25:24 UTC 2019
auto.tcl: Setting watchdog for 200 seconds at Sat May 25 04:25:24 UTC 2019
15 ms. Memory: 331264K Free: 301822K (91%)
ptolemy.util.test.WatchDog.cancel(): canceling Sat May 25 04:25:24 UTC 2019
------------------ testing $PTII/ptolemy/domains/de/test/auto/Modal3.xml
auto.tcl: Setting watchdog for 200 seconds at Sat May 25 04:25:24 UTC 2019
15 ms. Memory: 331264K Free: 310345K (94%)
ptolemy.util.test.WatchDog.cancel(): canceling Sat May 25 04:25:24 UTC 2019
auto.tcl: Setting watchdog for 200 seconds at Sat May 25 04:25:24 UTC 2019
15 ms. Memory: 331264K Free: 306736K (93%)
ptolemy.util.test.WatchDog.cancel(): canceling Sat May 25 04:25:24 UTC 2019
------------------ testing $PTII/ptolemy/domains/de/test/auto/Modal4.xml
auto.tcl: Setting watchdog for 200 seconds at Sat May 25 04:25:24 UTC 2019
27 ms. Memory: 331264K Free: 310358K (94%)
ptolemy.util.test.WatchDog.cancel(): canceling Sat May 25 04:25:24 UTC 2019
auto.tcl: Setting watchdog for 200 seconds at Sat May 25 04:25:24 UTC 2019
21 ms. Memory: 331264K Free: 306749K (93%)
ptolemy.util.test.WatchDog.cancel(): canceling Sat May 25 04:25:24 UTC 2019
------------------ testing $PTII/ptolemy/domains/de/test/auto/Modal5.xml
auto.tcl: Setting watchdog for 200 seconds at Sat May 25 04:25:24 UTC 2019
15 ms. Memory: 331264K Free: 310362K (94%)
ptolemy.util.test.WatchDog.cancel(): canceling Sat May 25 04:25:24 UTC 2019
auto.tcl: Setting watchdog for 200 seconds at Sat May 25 04:25:24 UTC 2019
14 ms. Memory: 331264K Free: 306752K (93%)
ptolemy.util.test.WatchDog.cancel(): canceling Sat May 25 04:25:24 UTC 2019
------------------ testing $PTII/ptolemy/domains/de/test/auto/Modal6.xml
auto.tcl: Setting watchdog for 200 seconds at Sat May 25 04:25:24 UTC 2019
12 ms. Memory: 331264K Free: 310358K (94%)
ptolemy.util.test.WatchDog.cancel(): canceling Sat May 25 04:25:24 UTC 2019
auto.tcl: Setting watchdog for 200 seconds at Sat May 25 04:25:24 UTC 2019
14 ms. Memory: 331264K Free: 306749K (93%)
ptolemy.util.test.WatchDog.cancel(): canceling Sat May 25 04:25:24 UTC 2019
------------------ testing $PTII/ptolemy/domains/de/test/auto/Modal7.xml
auto.tcl: Setting watchdog for 200 seconds at Sat May 25 04:25:24 UTC 2019
18 ms. Memory: 331264K Free: 306749K (93%)
ptolemy.util.test.WatchDog.cancel(): canceling Sat May 25 04:25:24 UTC 2019
auto.tcl: Setting watchdog for 200 seconds at Sat May 25 04:25:24 UTC 2019
10 ms. Memory: 331264K Free: 303140K (92%)
ptolemy.util.test.WatchDog.cancel(): canceling Sat May 25 04:25:24 UTC 2019
------------------ testing $PTII/ptolemy/domains/de/test/auto/ModalModel.xml
auto.tcl: Setting watchdog for 200 seconds at Sat May 25 04:25:24 UTC 2019
211 ms. Memory: 331264K Free: 247760K (75%)
ptolemy.util.test.WatchDog.cancel(): canceling Sat May 25 04:25:25 UTC 2019
auto.tcl: Setting watchdog for 200 seconds at Sat May 25 04:25:25 UTC 2019
153 ms. Memory: 331264K Free: 189850K (57%)
ptolemy.util.test.WatchDog.cancel(): canceling Sat May 25 04:25:25 UTC 2019
------------------ testing $PTII/ptolemy/domains/de/test/auto/ModalSource.xml
auto.tcl: Setting watchdog for 200 seconds at Sat May 25 04:25:25 UTC 2019
6 ms. Memory: 331264K Free: 316690K (96%)
ptolemy.util.test.WatchDog.cancel(): canceling Sat May 25 04:25:25 UTC 2019
auto.tcl: Setting watchdog for 200 seconds at Sat May 25 04:25:25 UTC 2019
6 ms. Memory: 331264K Free: 313375K (95%)
ptolemy.util.test.WatchDog.cancel(): canceling Sat May 25 04:25:25 UTC 2019
------------------ testing $PTII/ptolemy/domains/de/test/auto/NonInterruptibleTimerZeroDelay.xml
auto.tcl: Setting watchdog for 200 seconds at Sat May 25 04:25:25 UTC 2019
3 ms. Memory: 331264K Free: 321088K (97%)
ptolemy.util.test.WatchDog.cancel(): canceling Sat May 25 04:25:25 UTC 2019
auto.tcl: Setting watchdog for 200 seconds at Sat May 25 04:25:25 UTC 2019
2 ms. Memory: 331264K Free: 317773K (96%)
ptolemy.util.test.WatchDog.cancel(): canceling Sat May 25 04:25:25 UTC 2019
------------------ testing $PTII/ptolemy/domains/de/test/auto/OpenQueueingNetwork.xml
auto.tcl: Setting watchdog for 200 seconds at Sat May 25 04:25:25 UTC 2019
2620 ms. Memory: 573952K Free: 413226K (72%)
ptolemy.util.test.WatchDog.cancel(): canceling Sat May 25 04:25:28 UTC 2019
auto.tcl: Setting watchdog for 200 seconds at Sat May 25 04:25:28 UTC 2019
2463 ms. Memory: 550912K Free: 299526K (54%)
ptolemy.util.test.WatchDog.cancel(): canceling Sat May 25 04:25:30 UTC 2019
------------------ testing $PTII/ptolemy/domains/de/test/auto/OpenQueuingNetwork.xml
auto.tcl: Setting watchdog for 200 seconds at Sat May 25 04:25:30 UTC 2019
218 ms. Memory: 549888K Free: 444717K (81%)
ptolemy.util.test.WatchDog.cancel(): canceling Sat May 25 04:25:31 UTC 2019
auto.tcl: Setting watchdog for 200 seconds at Sat May 25 04:25:31 UTC 2019
228 ms. Memory: 549888K Free: 385355K (70%)
ptolemy.util.test.WatchDog.cancel(): canceling Sat May 25 04:25:31 UTC 2019
------------------ testing $PTII/ptolemy/domains/de/test/auto/PeriodicSampler.xml
auto.tcl: Setting watchdog for 200 seconds at Sat May 25 04:25:31 UTC 2019
3 ms. Memory: 551936K Free: 535630K (97%)
ptolemy.util.test.WatchDog.cancel(): canceling Sat May 25 04:25:31 UTC 2019
auto.tcl: Setting watchdog for 200 seconds at Sat May 25 04:25:31 UTC 2019
2 ms. Memory: 551936K Free: 535630K (97%)
ptolemy.util.test.WatchDog.cancel(): canceling Sat May 25 04:25:31 UTC 2019
------------------ testing $PTII/ptolemy/domains/de/test/auto/PersistentIO.xml
auto.tcl: Setting watchdog for 200 seconds at Sat May 25 04:25:31 UTC 2019
11 ms. Memory: 549376K Free: 522379K (95%)
ptolemy.util.test.WatchDog.cancel(): canceling Sat May 25 04:25:31 UTC 2019
auto.tcl: Setting watchdog for 200 seconds at Sat May 25 04:25:31 UTC 2019
4 ms. Memory: 549376K Free: 522379K (95%)
ptolemy.util.test.WatchDog.cancel(): canceling Sat May 25 04:25:31 UTC 2019
------------------ testing $PTII/ptolemy/domains/de/test/auto/PortParameterResetOnInitialize.xml
auto.tcl: Setting watchdog for 200 seconds at Sat May 25 04:25:31 UTC 2019
2 ms. Memory: 551424K Free: 530356K (96%)
ptolemy.util.test.WatchDog.cancel(): canceling Sat May 25 04:25:31 UTC 2019
auto.tcl: Setting watchdog for 200 seconds at Sat May 25 04:25:31 UTC 2019
2 ms. Memory: 551424K Free: 530356K (96%)
ptolemy.util.test.WatchDog.cancel(): canceling Sat May 25 04:25:31 UTC 2019
------------------ testing $PTII/ptolemy/domains/de/test/auto/PortParameterUpdates.xml
auto.tcl: Setting watchdog for 200 seconds at Sat May 25 04:25:31 UTC 2019
3 ms. Memory: 549376K Free: 533664K (97%)
ptolemy.util.test.WatchDog.cancel(): canceling Sat May 25 04:25:31 UTC 2019
auto.tcl: Setting watchdog for 200 seconds at Sat May 25 04:25:31 UTC 2019
3 ms. Memory: 549376K Free: 533664K (97%)
ptolemy.util.test.WatchDog.cancel(): canceling Sat May 25 04:25:31 UTC 2019
------------------ testing $PTII/ptolemy/domains/de/test/auto/QueueAndServer.xml
auto.tcl: Setting watchdog for 200 seconds at Sat May 25 04:25:31 UTC 2019
20 ms. Memory: 551424K Free: 535132K (97%)
ptolemy.util.test.WatchDog.cancel(): canceling Sat May 25 04:25:31 UTC 2019
auto.tcl: Setting watchdog for 200 seconds at Sat May 25 04:25:31 UTC 2019
6 ms. Memory: 551424K Free: 528520K (96%)
ptolemy.util.test.WatchDog.cancel(): canceling Sat May 25 04:25:31 UTC 2019
------------------ testing $PTII/ptolemy/domains/de/test/auto/Records.xml
auto.tcl: Setting watchdog for 200 seconds at Sat May 25 04:25:31 UTC 2019
10 ms. Memory: 549376K Free: 533025K (97%)
ptolemy.util.test.WatchDog.cancel(): canceling Sat May 25 04:25:31 UTC 2019
auto.tcl: Setting watchdog for 200 seconds at Sat May 25 04:25:31 UTC 2019
2 ms. Memory: 549376K Free: 533025K (97%)
ptolemy.util.test.WatchDog.cancel(): canceling Sat May 25 04:25:31 UTC 2019
------------------ testing $PTII/ptolemy/domains/de/test/auto/ResetTransitionWithStartTime1.xml
auto.tcl: Setting watchdog for 200 seconds at Sat May 25 04:25:31 UTC 2019
15 ms. Memory: 551424K Free: 535098K (97%)
ptolemy.util.test.WatchDog.cancel(): canceling Sat May 25 04:25:31 UTC 2019
auto.tcl: Setting watchdog for 200 seconds at Sat May 25 04:25:31 UTC 2019
5 ms. Memory: 551424K Free: 528494K (96%)
ptolemy.util.test.WatchDog.cancel(): canceling Sat May 25 04:25:31 UTC 2019
------------------ testing $PTII/ptolemy/domains/de/test/auto/ResetTransitionWithStartTime2.xml
auto.tcl: Setting watchdog for 200 seconds at Sat May 25 04:25:32 UTC 2019
8 ms. Memory: 549376K Free: 533585K (97%)
ptolemy.util.test.WatchDog.cancel(): canceling Sat May 25 04:25:32 UTC 2019
auto.tcl: Setting watchdog for 200 seconds at Sat May 25 04:25:32 UTC 2019
6 ms. Memory: 549376K Free: 526989K (96%)
ptolemy.util.test.WatchDog.cancel(): canceling Sat May 25 04:25:32 UTC 2019
------------------ testing $PTII/ptolemy/domains/de/test/auto/ResetTransitionWithStartTime3.xml
auto.tcl: Setting watchdog for 200 seconds at Sat May 25 04:25:32 UTC 2019
6 ms. Memory: 550912K Free: 534576K (97%)
ptolemy.util.test.WatchDog.cancel(): canceling Sat May 25 04:25:32 UTC 2019
auto.tcl: Setting watchdog for 200 seconds at Sat May 25 04:25:32 UTC 2019
5 ms. Memory: 550912K Free: 527981K (96%)
ptolemy.util.test.WatchDog.cancel(): canceling Sat May 25 04:25:32 UTC 2019
------------------ testing $PTII/ptolemy/domains/de/test/auto/ResetTransitionWithStartTime4.xml
auto.tcl: Setting watchdog for 200 seconds at Sat May 25 04:25:32 UTC 2019
6 ms. Memory: 549376K Free: 533039K (97%)
ptolemy.util.test.WatchDog.cancel(): canceling Sat May 25 04:25:32 UTC 2019
auto.tcl: Setting watchdog for 200 seconds at Sat May 25 04:25:32 UTC 2019
3 ms. Memory: 549376K Free: 526428K (96%)
ptolemy.util.test.WatchDog.cancel(): canceling Sat May 25 04:25:32 UTC 2019
------------------ testing $PTII/ptolemy/domains/de/test/auto/ResettableTimer1.xml
auto.tcl: Setting watchdog for 200 seconds at Sat May 25 04:25:32 UTC 2019
6 ms. Memory: 550912K Free: 534571K (97%)
ptolemy.util.test.WatchDog.cancel(): canceling Sat May 25 04:25:32 UTC 2019
auto.tcl: Setting watchdog for 200 seconds at Sat May 25 04:25:32 UTC 2019
2 ms. Memory: 550912K Free: 534571K (97%)
ptolemy.util.test.WatchDog.cancel(): canceling Sat May 25 04:25:32 UTC 2019
------------------ testing $PTII/ptolemy/domains/de/test/auto/ResettableTimer2.xml
auto.tcl: Setting watchdog for 200 seconds at Sat May 25 04:25:32 UTC 2019
2 ms. Memory: 549376K Free: 533636K (97%)
ptolemy.util.test.WatchDog.cancel(): canceling Sat May 25 04:25:32 UTC 2019
auto.tcl: Setting watchdog for 200 seconds at Sat May 25 04:25:32 UTC 2019
2 ms. Memory: 549376K Free: 533636K (97%)
ptolemy.util.test.WatchDog.cancel(): canceling Sat May 25 04:25:32 UTC 2019
------------------ testing $PTII/ptolemy/domains/de/test/auto/ResettableTimer3.xml
auto.tcl: Setting watchdog for 200 seconds at Sat May 25 04:25:32 UTC 2019
1 ms. Memory: 550912K Free: 534628K (97%)
ptolemy.util.test.WatchDog.cancel(): canceling Sat May 25 04:25:32 UTC 2019
auto.tcl: Setting watchdog for 200 seconds at Sat May 25 04:25:32 UTC 2019
1 ms. Memory: 550912K Free: 534628K (97%)
ptolemy.util.test.WatchDog.cancel(): canceling Sat May 25 04:25:32 UTC 2019
------------------ testing $PTII/ptolemy/domains/de/test/auto/ResettableTimer4.xml
auto.tcl: Setting watchdog for 200 seconds at Sat May 25 04:25:32 UTC 2019
1 ms. Memory: 549376K Free: 533648K (97%)
ptolemy.util.test.WatchDog.cancel(): canceling Sat May 25 04:25:32 UTC 2019
auto.tcl: Setting watchdog for 200 seconds at Sat May 25 04:25:32 UTC 2019
2 ms. Memory: 549376K Free: 533648K (97%)
ptolemy.util.test.WatchDog.cancel(): canceling Sat May 25 04:25:32 UTC 2019
------------------ testing $PTII/ptolemy/domains/de/test/auto/ResettableTimer5.xml
auto.tcl: Setting watchdog for 200 seconds at Sat May 25 04:25:32 UTC 2019
1 ms. Memory: 550400K Free: 529990K (96%)
ptolemy.util.test.WatchDog.cancel(): canceling Sat May 25 04:25:32 UTC 2019
auto.tcl: Setting watchdog for 200 seconds at Sat May 25 04:25:32 UTC 2019
1 ms. Memory: 550400K Free: 529990K (96%)
ptolemy.util.test.WatchDog.cancel(): canceling Sat May 25 04:25:32 UTC 2019
------------------ testing $PTII/ptolemy/domains/de/test/auto/ResettableTimer6.xml
auto.tcl: Setting watchdog for 200 seconds at Sat May 25 04:25:32 UTC 2019
3 ms. Memory: 549376K Free: 528373K (96%)
ptolemy.util.test.WatchDog.cancel(): canceling Sat May 25 04:25:32 UTC 2019
auto.tcl: Setting watchdog for 200 seconds at Sat May 25 04:25:32 UTC 2019
1 ms. Memory: 549376K Free: 528373K (96%)
ptolemy.util.test.WatchDog.cancel(): canceling Sat May 25 04:25:32 UTC 2019
------------------ testing $PTII/ptolemy/domains/de/test/auto/ServerZeroDelay.xml
auto.tcl: Setting watchdog for 200 seconds at Sat May 25 04:25:32 UTC 2019
7 ms. Memory: 550400K Free: 534610K (97%)
ptolemy.util.test.WatchDog.cancel(): canceling Sat May 25 04:25:32 UTC 2019
auto.tcl: Setting watchdog for 200 seconds at Sat May 25 04:25:32 UTC 2019
2 ms. Memory: 550400K Free: 534610K (97%)
ptolemy.util.test.WatchDog.cancel(): canceling Sat May 25 04:25:32 UTC 2019
------------------ testing $PTII/ptolemy/domains/de/test/auto/SmartSender.xml
auto.tcl: Setting watchdog for 200 seconds at Sat May 25 04:25:32 UTC 2019
3001 ms. Memory: 549376K Free: 528901K (96%)
ptolemy.util.test.WatchDog.cancel(): canceling Sat May 25 04:25:35 UTC 2019
auto.tcl: Setting watchdog for 200 seconds at Sat May 25 04:25:35 UTC 2019
3002 ms. Memory: 549376K Free: 528901K (96%)
ptolemy.util.test.WatchDog.cancel(): canceling Sat May 25 04:25:38 UTC 2019
------------------ testing $PTII/ptolemy/domains/de/test/auto/ThreadedComposite.xml
auto.tcl: Setting watchdog for 200 seconds at Sat May 25 04:25:38 UTC 2019
200 ms. Memory: 550400K Free: 513441K (93%)
ptolemy.util.test.WatchDog.cancel(): canceling Sat May 25 04:25:38 UTC 2019
auto.tcl: Setting watchdog for 200 seconds at Sat May 25 04:25:38 UTC 2019
140 ms. Memory: 550400K Free: 497486K (90%)
ptolemy.util.test.WatchDog.cancel(): canceling Sat May 25 04:25:39 UTC 2019
------------------ testing $PTII/ptolemy/domains/de/test/auto/Time.xml
auto.tcl: Setting watchdog for 200 seconds at Sat May 25 04:25:39 UTC 2019
469 ms. Memory: 549376K Free: 481287K (88%)
ptolemy.util.test.WatchDog.cancel(): canceling Sat May 25 04:25:39 UTC 2019
auto.tcl: Setting watchdog for 200 seconds at Sat May 25 04:25:39 UTC 2019
414 ms. Memory: 549376K Free: 428521K (78%)
ptolemy.util.test.WatchDog.cancel(): canceling Sat May 25 04:25:40 UTC 2019
------------------ testing $PTII/ptolemy/domains/de/test/auto/TimeDelayZeroDelay.xml
auto.tcl: Setting watchdog for 200 seconds at Sat May 25 04:25:40 UTC 2019
2 ms. Memory: 550400K Free: 533985K (97%)
ptolemy.util.test.WatchDog.cancel(): canceling Sat May 25 04:25:40 UTC 2019
auto.tcl: Setting watchdog for 200 seconds at Sat May 25 04:25:40 UTC 2019
2 ms. Memory: 550400K Free: 533985K (97%)
ptolemy.util.test.WatchDog.cancel(): canceling Sat May 25 04:25:40 UTC 2019
------------------ testing $PTII/ptolemy/domains/de/test/auto/TimerZeroDelay.xml
auto.tcl: Setting watchdog for 200 seconds at Sat May 25 04:25:40 UTC 2019
2 ms. Memory: 549376K Free: 533548K (97%)
ptolemy.util.test.WatchDog.cancel(): canceling Sat May 25 04:25:40 UTC 2019
auto.tcl: Setting watchdog for 200 seconds at Sat May 25 04:25:40 UTC 2019
1 ms. Memory: 549376K Free: 533548K (97%)
ptolemy.util.test.WatchDog.cancel(): canceling Sat May 25 04:25:40 UTC 2019
------------------ testing $PTII/ptolemy/domains/de/test/auto/TimingParadox.xml
auto.tcl: Setting watchdog for 200 seconds at Sat May 25 04:25:40 UTC 2019
311 ms. Memory: 549888K Free: 467764K (85%)
ptolemy.util.test.WatchDog.cancel(): canceling Sat May 25 04:25:40 UTC 2019
auto.tcl: Setting watchdog for 200 seconds at Sat May 25 04:25:40 UTC 2019
308 ms. Memory: 549888K Free: 434786K (79%)
ptolemy.util.test.WatchDog.cancel(): canceling Sat May 25 04:25:40 UTC 2019
------------------ testing $PTII/ptolemy/domains/de/test/auto/TransferInputs.xml
auto.tcl: Setting watchdog for 200 seconds at Sat May 25 04:25:41 UTC 2019
2 ms. Memory: 549888K Free: 533021K (97%)
ptolemy.util.test.WatchDog.cancel(): canceling Sat May 25 04:25:41 UTC 2019
auto.tcl: Setting watchdog for 200 seconds at Sat May 25 04:25:41 UTC 2019
2 ms. Memory: 549888K Free: 533021K (97%)
ptolemy.util.test.WatchDog.cancel(): canceling Sat May 25 04:25:41 UTC 2019
------------------ testing $PTII/ptolemy/domains/de/test/auto/TransferOutputs2.xml
auto.tcl: Setting watchdog for 200 seconds at Sat May 25 04:25:41 UTC 2019
5 ms. Memory: 549376K Free: 522320K (95%)
ptolemy.util.test.WatchDog.cancel(): canceling Sat May 25 04:25:41 UTC 2019
auto.tcl: Setting watchdog for 200 seconds at Sat May 25 04:25:41 UTC 2019
3 ms. Memory: 549376K Free: 522320K (95%)
ptolemy.util.test.WatchDog.cancel(): canceling Sat May 25 04:25:41 UTC 2019
------------------ testing $PTII/ptolemy/domains/de/test/auto/Trilateration.xml
auto.tcl: Setting watchdog for 200 seconds at Sat May 25 04:25:41 UTC 2019
13540 ms. Memory: 453632K Free: 145457K (32%)
ptolemy.util.test.WatchDog.cancel(): canceling Sat May 25 04:25:55 UTC 2019
auto.tcl: Setting watchdog for 200 seconds at Sat May 25 04:25:55 UTC 2019
10400 ms. Memory: 331264K Free: 250655K (76%)
ptolemy.util.test.WatchDog.cancel(): canceling Sat May 25 04:26:06 UTC 2019
------------------ testing $PTII/ptolemy/domains/de/test/auto/TwoSigmaDelta.xml
auto.tcl: Setting watchdog for 200 seconds at Sat May 25 04:26:06 UTC 2019
2739 ms. Memory: 320000K Free: 266865K (83%)
ptolemy.util.test.WatchDog.cancel(): canceling Sat May 25 04:26:09 UTC 2019
auto.tcl: Setting watchdog for 200 seconds at Sat May 25 04:26:09 UTC 2019
1985 ms. Memory: 307712K Free: 260737K (85%)
ptolemy.util.test.WatchDog.cancel(): canceling Sat May 25 04:26:11 UTC 2019
------------------ testing $PTII/ptolemy/domains/de/test/auto/VariableDelay.xml
auto.tcl: Setting watchdog for 200 seconds at Sat May 25 04:26:11 UTC 2019
2 ms. Memory: 309760K Free: 293560K (95%)
ptolemy.util.test.WatchDog.cancel(): canceling Sat May 25 04:26:11 UTC 2019
auto.tcl: Setting watchdog for 200 seconds at Sat May 25 04:26:11 UTC 2019
1 ms. Memory: 309760K Free: 293560K (95%)
ptolemy.util.test.WatchDog.cancel(): canceling Sat May 25 04:26:11 UTC 2019
------------------ testing $PTII/ptolemy/domains/de/test/auto/VariableDelay2.xml
auto.tcl: Setting watchdog for 200 seconds at Sat May 25 04:26:11 UTC 2019
2 ms. Memory: 307712K Free: 294201K (96%)
ptolemy.util.test.WatchDog.cancel(): canceling Sat May 25 04:26:11 UTC 2019
auto.tcl: Setting watchdog for 200 seconds at Sat May 25 04:26:11 UTC 2019
1 ms. Memory: 307712K Free: 294201K (96%)
ptolemy.util.test.WatchDog.cancel(): canceling Sat May 25 04:26:11 UTC 2019
------------------ testing $PTII/ptolemy/domains/de/test/auto/VariableDelayZeroDelay.xml
auto.tcl: Setting watchdog for 200 seconds at Sat May 25 04:26:11 UTC 2019
2 ms. Memory: 309248K Free: 296786K (96%)
ptolemy.util.test.WatchDog.cancel(): canceling Sat May 25 04:26:11 UTC 2019
auto.tcl: Setting watchdog for 200 seconds at Sat May 25 04:26:11 UTC 2019
2 ms. Memory: 309248K Free: 293457K (95%)
ptolemy.util.test.WatchDog.cancel(): canceling Sat May 25 04:26:11 UTC 2019
------------------ testing $PTII/ptolemy/domains/de/test/auto/VariableDelayZeroDelay2.xml
auto.tcl: Setting watchdog for 200 seconds at Sat May 25 04:26:11 UTC 2019
1 ms. Memory: 307712K Free: 295248K (96%)
ptolemy.util.test.WatchDog.cancel(): canceling Sat May 25 04:26:11 UTC 2019
auto.tcl: Setting watchdog for 200 seconds at Sat May 25 04:26:11 UTC 2019
5 ms. Memory: 307712K Free: 291919K (95%)
ptolemy.util.test.WatchDog.cancel(): canceling Sat May 25 04:26:11 UTC 2019
------------------ testing $PTII/ptolemy/domains/de/test/auto/deInCt.xml
auto.tcl: Setting watchdog for 200 seconds at Sat May 25 04:26:11 UTC 2019
0
1
1
1
0
0
0
0
0
1
1
1
0
0
0
0
0
1
1
0
0
0
1
1
1
0
0
0
1
1
0
0
0
0
1
1
1
1
15 ms. Memory: 309248K Free: 293460K (95%)
ptolemy.util.test.WatchDog.cancel(): canceling Sat May 25 04:26:11 UTC 2019
auto.tcl: Setting watchdog for 200 seconds at Sat May 25 04:26:11 UTC 2019
0
1
1
1
1
0
0
0
1
1
1
0
0
0
1
1
1
0
0
0
1
1
1
0
0
0
1
1
1
0
0
0
1
1
1
1
0
0
0
1
1
1
0
0
0
0
0
1
1
1
0
0
1
1
1
7 ms. Memory: 309248K Free: 293460K (95%)
ptolemy.util.test.WatchDog.cancel(): canceling Sat May 25 04:26:11 UTC 2019
------------------ testing $PTII/ptolemy/domains/de/test/auto/deInCt2.xml
auto.tcl: Setting watchdog for 200 seconds at Sat May 25 04:26:11 UTC 2019
0
1
1
1
0
0
1
1
1
0
0
1
1
1
0
0
1
1
1
0
0
1
1
1
0
0
1
1
1
0
0
1
1
1
0
0
1
1
1
0
0
0
10 ms. Memory: 307712K Free: 291903K (95%)
ptolemy.util.test.WatchDog.cancel(): canceling Sat May 25 04:26:11 UTC 2019
auto.tcl: Setting watchdog for 200 seconds at Sat May 25 04:26:11 UTC 2019
0
1
1
1
0
0
1
1
1
0
0
1
1
1
0
0
1
1
1
0
0
1
1
1
0
0
1
1
1
0
0
1
1
1
0
0
1
1
1
0
0
0
5 ms. Memory: 307712K Free: 291903K (95%)
ptolemy.util.test.WatchDog.cancel(): canceling Sat May 25 04:26:11 UTC 2019
------------------ testing $PTII/ptolemy/domains/de/test/auto/dynamicCausalityInterface1.xml
auto.tcl: Setting watchdog for 200 seconds at Sat May 25 04:26:11 UTC 2019
2 ms. Memory: 308736K Free: 289637K (94%)
ptolemy.util.test.WatchDog.cancel(): canceling Sat May 25 04:26:11 UTC 2019
auto.tcl: Setting watchdog for 200 seconds at Sat May 25 04:26:11 UTC 2019
1 ms. Memory: 308736K Free: 289637K (94%)
ptolemy.util.test.WatchDog.cancel(): canceling Sat May 25 04:26:11 UTC 2019
------------------ testing $PTII/ptolemy/domains/de/test/auto/fsm_de_test.xml
auto.tcl: Setting watchdog for 200 seconds at Sat May 25 04:26:11 UTC 2019
7 ms. Memory: 307712K Free: 288507K (94%)
ptolemy.util.test.WatchDog.cancel(): canceling Sat May 25 04:26:11 UTC 2019
auto.tcl: Setting watchdog for 200 seconds at Sat May 25 04:26:11 UTC 2019
5 ms. Memory: 307712K Free: 288507K (94%)
ptolemy.util.test.WatchDog.cancel(): canceling Sat May 25 04:26:11 UTC 2019
------------------ testing $PTII/ptolemy/domains/de/test/auto/functionDependencyReconstruction.xml
auto.tcl: Setting watchdog for 200 seconds at Sat May 25 04:26:11 UTC 2019
2 ms. Memory: 308736K Free: 282847K (92%)
ptolemy.util.test.WatchDog.cancel(): canceling Sat May 25 04:26:11 UTC 2019
auto.tcl: Setting watchdog for 200 seconds at Sat May 25 04:26:11 UTC 2019
2 ms. Memory: 308736K Free: 282847K (92%)
ptolemy.util.test.WatchDog.cancel(): canceling Sat May 25 04:26:11 UTC 2019
------------------ testing $PTII/ptolemy/domains/de/test/auto/multirate.xml
auto.tcl: Setting watchdog for 200 seconds at Sat May 25 04:26:11 UTC 2019
4 ms. Memory: 307712K Free: 291679K (95%)
ptolemy.util.test.WatchDog.cancel(): canceling Sat May 25 04:26:11 UTC 2019
auto.tcl: Setting watchdog for 200 seconds at Sat May 25 04:26:11 UTC 2019
3 ms. Memory: 307712K Free: 288350K (94%)
ptolemy.util.test.WatchDog.cancel(): canceling Sat May 25 04:26:11 UTC 2019
------------------ testing $PTII/ptolemy/domains/de/test/auto/multirate2.xml
auto.tcl: Setting watchdog for 200 seconds at Sat May 25 04:26:11 UTC 2019
3 ms. Memory: 308736K Free: 292884K (95%)
ptolemy.util.test.WatchDog.cancel(): canceling Sat May 25 04:26:11 UTC 2019
auto.tcl: Setting watchdog for 200 seconds at Sat May 25 04:26:11 UTC 2019
3 ms. Memory: 308736K Free: 289570K (94%)
ptolemy.util.test.WatchDog.cancel(): canceling Sat May 25 04:26:11 UTC 2019
------------------ testing $PTII/ptolemy/domains/de/test/auto/realtime.xml
auto.tcl: Setting watchdog for 200 seconds at Sat May 25 04:26:11 UTC 2019
10002 ms. Memory: 307712K Free: 291838K (95%)
ptolemy.util.test.WatchDog.cancel(): canceling Sat May 25 04:26:21 UTC 2019
auto.tcl: Setting watchdog for 200 seconds at Sat May 25 04:26:21 UTC 2019
10001 ms. Memory: 307712K Free: 291838K (95%)
ptolemy.util.test.WatchDog.cancel(): canceling Sat May 25 04:26:31 UTC 2019
------------------ testing $PTII/ptolemy/domains/de/test/auto/relationGroup.xml
auto.tcl: Setting watchdog for 200 seconds at Sat May 25 04:26:31 UTC 2019
6 ms. Memory: 308224K Free: 295725K (96%)
ptolemy.util.test.WatchDog.cancel(): canceling Sat May 25 04:26:31 UTC 2019
auto.tcl: Setting watchdog for 200 seconds at Sat May 25 04:26:31 UTC 2019
1 ms. Memory: 308224K Free: 295725K (96%)
ptolemy.util.test.WatchDog.cancel(): canceling Sat May 25 04:26:31 UTC 2019
------------------ testing $PTII/ptolemy/domains/de/test/auto/relationGroup2.xml
auto.tcl: Setting watchdog for 200 seconds at Sat May 25 04:26:32 UTC 2019
1 ms. Memory: 307712K Free: 295240K (96%)
ptolemy.util.test.WatchDog.cancel(): canceling Sat May 25 04:26:32 UTC 2019
auto.tcl: Setting watchdog for 200 seconds at Sat May 25 04:26:32 UTC 2019
2 ms. Memory: 307712K Free: 295240K (96%)
ptolemy.util.test.WatchDog.cancel(): canceling Sat May 25 04:26:32 UTC 2019
------------------ testing $PTII/ptolemy/domains/de/test/auto/sortWithOpaquePorts.xml
auto.tcl: Setting watchdog for 200 seconds at Sat May 25 04:26:32 UTC 2019
1 ms. Memory: 308224K Free: 292423K (95%)
ptolemy.util.test.WatchDog.cancel(): canceling Sat May 25 04:26:32 UTC 2019
auto.tcl: Setting watchdog for 200 seconds at Sat May 25 04:26:32 UTC 2019
2 ms. Memory: 308224K Free: 292423K (95%)
ptolemy.util.test.WatchDog.cancel(): canceling Sat May 25 04:26:32 UTC 2019
------------------ testing $PTII/ptolemy/domains/de/test/auto/transferInputsandOutputs.xml
auto.tcl: Setting watchdog for 200 seconds at Sat May 25 04:26:32 UTC 2019
3 ms. Memory: 307712K Free: 291896K (95%)
ptolemy.util.test.WatchDog.cancel(): canceling Sat May 25 04:26:32 UTC 2019
auto.tcl: Setting watchdog for 200 seconds at Sat May 25 04:26:32 UTC 2019
2 ms. Memory: 307712K Free: 288582K (94%)
ptolemy.util.test.WatchDog.cancel(): canceling Sat May 25 04:26:32 UTC 2019
------------------ testing $PTII/ptolemy/domains/de/test/auto/triggerType.xml
auto.tcl: Setting watchdog for 200 seconds at Sat May 25 04:26:32 UTC 2019
2 ms. Memory: 308224K Free: 295688K (96%)
ptolemy.util.test.WatchDog.cancel(): canceling Sat May 25 04:26:32 UTC 2019
auto.tcl: Setting watchdog for 200 seconds at Sat May 25 04:26:32 UTC 2019
2 ms. Memory: 308224K Free: 292359K (95%)
ptolemy.util.test.WatchDog.cancel(): canceling Sat May 25 04:26:32 UTC 2019
05/25/19 04:26:32
Failed: 0  Total Tests: 192  ((Passed: 187, Newly Passed: 1)  Known Failed: 5) /home/travis/build/icyphy/ptII/ptolemy/domains/de/test
05/25/19 04:26:32
Failed: 0  Total Tests: 192  ((Passed: 187, Newly Passed: 1)  Known Failed: 5) /home/travis/build/icyphy/ptII/ptolemy/domains/de/test
----------------- testing (KnownFailure) /home/travis/build/icyphy/ptII/ptolemy/domains/de/test/auto/knownFailedTests/DESDFClockTest.xml
2019 ms. Memory: 307712K Free: 286177K (93%)
Known Failure: java.lang.reflect.InvocationTargetException
----------------- testing (KnownFailure) /home/travis/build/icyphy/ptII/ptolemy/domains/de/test/auto/knownFailedTests/DirectFeedback.xml
1 ms. Memory: 307712K Free: 268072K (87%)
Known Failure: java.lang.reflect.InvocationTargetException
----------------- testing (KnownFailure) /home/travis/build/icyphy/ptII/ptolemy/domains/de/test/auto/knownFailedTests/FSMSource.xml
13 ms. Memory: 307712K Free: 245442K (80%)
----------------- testing (KnownFailure) /home/travis/build/icyphy/ptII/ptolemy/domains/de/test/auto/knownFailedTests/HierarchicalModel.xml
3 ms. Memory: 307712K Free: 222759K (72%)
Known Failure: java.lang.reflect.InvocationTargetException
----------------- testing (KnownFailure) /home/travis/build/icyphy/ptII/ptolemy/domains/de/test/auto/knownFailedTests/dependencyLoop.xml
2 ms. Memory: 307712K Free: 191044K (62%)
Known Failure: java.lang.reflect.InvocationTargetException
----------------- testing (KnownFailure) /home/travis/build/icyphy/ptII/ptolemy/domains/de/test/auto/knownFailedTests/dependencyLoop2.xml
8 ms. Memory: 307712K Free: 159353K (52%)
Known Failure: java.lang.reflect.InvocationTargetException
No auto/linux-amd64/*.xml tests in /home/travis/build/icyphy/ptII/ptolemy/domains/de/test
AutoTests.java: About to close Vertx.
AutoTests.java: Vertx closed.

===========================================================================================
----------------- testing Sat May 25 04:26:34 UTC 2019 /home/travis/build/icyphy/ptII/ptolemy/domains/de/test/auto/ActorDepthCalculation_actorWithoutPorts.xml
----------------- Instantiating /home/travis/build/icyphy/ptII/ptolemy/domains/de/test/auto/ActorDepthCalculation_actorWithoutPorts.xml
1 ms. Memory: 307712K Free: 136722K (44%)
----------------- Invoking toplevel() on ptolemy.moml.MoMLSimpleApplication@278ce466
----------------- Done invoking toplevel() on ptolemy.moml.MoMLSimpleApplication@278ce466
reloadAllAccessors: .ActorDepthCalculation_actorWithoutPorts

===========================================================================================
----------------- testing Sat May 25 04:26:34 UTC 2019 /home/travis/build/icyphy/ptII/ptolemy/domains/de/test/auto/AssemblyLine.xml
----------------- Instantiating /home/travis/build/icyphy/ptII/ptolemy/domains/de/test/auto/AssemblyLine.xml
2 ms. Memory: 307712K Free: 123136K (40%)
----------------- Invoking toplevel() on ptolemy.moml.MoMLSimpleApplication@7e646663
----------------- Done invoking toplevel() on ptolemy.moml.MoMLSimpleApplication@7e646663
reloadAllAccessors: .AssemblyLine

===========================================================================================
----------------- testing Sat May 25 04:26:34 UTC 2019 /home/travis/build/icyphy/ptII/ptolemy/domains/de/test/auto/CQBug1.xml
----------------- Instantiating /home/travis/build/icyphy/ptII/ptolemy/domains/de/test/auto/CQBug1.xml
3 ms. Memory: 307712K Free: 114084K (37%)
----------------- Invoking toplevel() on ptolemy.moml.MoMLSimpleApplication@6866120d
----------------- Done invoking toplevel() on ptolemy.moml.MoMLSimpleApplication@6866120d
reloadAllAccessors: .CQBug1

===========================================================================================
----------------- testing Sat May 25 04:26:34 UTC 2019 /home/travis/build/icyphy/ptII/ptolemy/domains/de/test/auto/CancelFireAt.xml
----------------- Instantiating /home/travis/build/icyphy/ptII/ptolemy/domains/de/test/auto/CancelFireAt.xml
2 ms. Memory: 307712K Free: 105032K (34%)
----------------- Invoking toplevel() on ptolemy.moml.MoMLSimpleApplication@7b1097b0
----------------- Done invoking toplevel() on ptolemy.moml.MoMLSimpleApplication@7b1097b0
reloadAllAccessors: .CancelFireAt

===========================================================================================
----------------- testing Sat May 25 04:26:34 UTC 2019 /home/travis/build/icyphy/ptII/ptolemy/domains/de/test/auto/CausalityAndComposabilityAnalysis.xml
----------------- Instantiating /home/travis/build/icyphy/ptII/ptolemy/domains/de/test/auto/CausalityAndComposabilityAnalysis.xml
1 ms. Memory: 307712K Free: 95979K (31%)
----------------- Invoking toplevel() on ptolemy.moml.MoMLSimpleApplication@7383a961
----------------- Done invoking toplevel() on ptolemy.moml.MoMLSimpleApplication@7383a961
reloadAllAccessors: .CausalityAndComposabilityAnalysis

===========================================================================================
----------------- testing Sat May 25 04:26:34 UTC 2019 /home/travis/build/icyphy/ptII/ptolemy/domains/de/test/auto/CausalityInterface1.xml
----------------- Instantiating /home/travis/build/icyphy/ptII/ptolemy/domains/de/test/auto/CausalityInterface1.xml
5 ms. Memory: 307712K Free: 83613K (27%)
----------------- Invoking toplevel() on ptolemy.moml.MoMLSimpleApplication@1ed34aa5
----------------- Done invoking toplevel() on ptolemy.moml.MoMLSimpleApplication@1ed34aa5
reloadAllAccessors: .CausalityInterface1

===========================================================================================
----------------- testing Sat May 25 04:26:34 UTC 2019 /home/travis/build/icyphy/ptII/ptolemy/domains/de/test/auto/CausalityInterface15.xml
----------------- Instantiating /home/travis/build/icyphy/ptII/ptolemy/domains/de/test/auto/CausalityInterface15.xml
11 ms. Memory: 298496K Free: 289161K (97%)
----------------- Invoking toplevel() on ptolemy.moml.MoMLSimpleApplication@5d55a6d3
----------------- Done invoking toplevel() on ptolemy.moml.MoMLSimpleApplication@5d55a6d3
reloadAllAccessors: .CausalityInterface15

[...]
java.lang.RuntimeException: Execution failed
	at ptolemy.moml.MoMLSimpleApplication$UnloadThread.run(MoMLSimpleApplication.java:402)
Caused by: ptolemy.kernel.util.IllegalActionException: Test fails in iteration 1.
Value was: 1.0. Should have been: 2.0
  in .DirectFeedback.Test
	at ptolemy.actor.lib.Test.fire(Test.java:268)
	at ptolemy.domains.de.kernel.DEDirector._fire(DEDirector.java:1949)
	at ptolemy.domains.de.kernel.DEDirector.fire(DEDirector.java:502)
	at ptolemy.actor.CompositeActor.fire(CompositeActor.java:455)
	at ptolemy.actor.Manager.iterate(Manager.java:851)
	at ptolemy.actor.Manager.execute(Manager.java:369)
	at ptolemy.actor.Manager.run(Manager.java:1263)
	at ptolemy.actor.Manager$PtolemyRunThread.run(Manager.java:1915)
java.lang.RuntimeException: Execution failed
	at ptolemy.moml.MoMLSimpleApplication$UnloadThread.run(MoMLSimpleApplication.java:402)
Caused by: ptolemy.kernel.util.IllegalActionException: Actor is not ready to fire.  Perhaps UpSample.prefire() returned false? Try debugging the actor by selecting "Listen to Actor".  Also, for SDF check moml for tokenConsumptionRate on input.
  in .DESDFClockTest.Play Bell.Copy1:SDF Director and .DESDFClockTest.Play Bell.UpSample
	at ptolemy.actor.sched.StaticSchedulingDirector.fire(StaticSchedulingDirector.java:227)
	at ptolemy.domains.sdf.kernel.SDFDirector.fire(SDFDirector.java:500)
	at ptolemy.actor.CompositeActor.fire(CompositeActor.java:455)
	at ptolemy.domains.de.kernel.DEDirector._fire(DEDirector.java:1949)
	at ptolemy.domains.de.kernel.DEDirector.fire(DEDirector.java:502)
	at ptolemy.actor.CompositeActor.fire(CompositeActor.java:455)
	at ptolemy.actor.Manager.iterate(Manager.java:851)
	at ptolemy.actor.Manager.execute(Manager.java:369)
	at ptolemy.actor.Manager.run(Manager.java:1263)
	at ptolemy.actor.Manager$PtolemyRunThread.run(Manager.java:1915)
java.lang.reflect.InvocationTargetException
	at sun.reflect.NativeConstructorAccessorImpl.newInstance0(Native Method)
	at sun.reflect.NativeConstructorAccessorImpl.newInstance(NativeConstructorAccessorImpl.java:62)
	at sun.reflect.DelegatingConstructorAccessorImpl.newInstance(DelegatingConstructorAccessorImpl.java:45)
	at java.lang.reflect.Constructor.newInstance(Constructor.java:423)
	at ptolemy.util.test.junit.AutoKnownFailedTests.RunModel(AutoKnownFailedTests.java:105)
	at sun.reflect.NativeMethodAccessorImpl.invoke0(Native Method)
	at sun.reflect.NativeMethodAccessorImpl.invoke(NativeMethodAccessorImpl.java:62)
	at sun.reflect.DelegatingMethodAccessorImpl.invoke(DelegatingMethodAccessorImpl.java:43)
	at java.lang.reflect.Method.invoke(Method.java:498)
	at org.junit.runners.model.FrameworkMethod$1.runReflectiveCall(FrameworkMethod.java:44)
	at org.junit.internal.runners.model.ReflectiveCallable.run(ReflectiveCallable.java:15)
	at org.junit.runners.model.FrameworkMethod.invokeExplosively(FrameworkMethod.java:41)
	at junitparams.internal.InvokeParameterisedMethod.evaluate(InvokeParameterisedMethod.java:102)
	at org.junit.internal.runners.statements.FailOnTimeout$1.run(FailOnTimeout.java:28)
Caused by: ptolemy.kernel.util.IllegalActionException: Actor is not ready to fire.  Perhaps UpSample.prefire() returned false? Try debugging the actor by selecting "Listen to Actor".  Also, for SDF check moml for tokenConsumptionRate on input.
  in .DESDFClockTest.Play Bell.Copy1:SDF Director and .DESDFClockTest.Play Bell.UpSample
	at ptolemy.actor.sched.StaticSchedulingDirector.fire(StaticSchedulingDirector.java:227)
	at ptolemy.domains.sdf.kernel.SDFDirector.fire(SDFDirector.java:500)
	at ptolemy.actor.CompositeActor.fire(CompositeActor.java:455)
	at ptolemy.domains.de.kernel.DEDirector._fire(DEDirector.java:1949)
	at ptolemy.domains.de.kernel.DEDirector.fire(DEDirector.java:502)
	at ptolemy.actor.CompositeActor.fire(CompositeActor.java:455)
	at ptolemy.actor.Manager.iterate(Manager.java:851)
	at ptolemy.actor.Manager.execute(Manager.java:369)
	at ptolemy.actor.Manager.run(Manager.java:1263)
	at ptolemy.actor.Manager$PtolemyRunThread.run(Manager.java:1915)
java.lang.RuntimeException: Execution failed
	at ptolemy.moml.MoMLSimpleApplication$UnloadThread.run(MoMLSimpleApplication.java:402)
Caused by: ptolemy.kernel.util.IllegalActionException: Test fails in iteration 1.
Value was: 1.0. Should have been: 2.0
  in .DirectFeedback.Test
	at ptolemy.actor.lib.Test.fire(Test.java:268)
	at ptolemy.domains.de.kernel.DEDirector._fire(DEDirector.java:1949)
	at ptolemy.domains.de.kernel.DEDirector.fire(DEDirector.java:502)
	at ptolemy.actor.CompositeActor.fire(CompositeActor.java:455)
	at ptolemy.actor.Manager.iterate(Manager.java:851)
	at ptolemy.actor.Manager.execute(Manager.java:369)
	at ptolemy.actor.Manager.run(Manager.java:1263)
	at ptolemy.actor.Manager$PtolemyRunThread.run(Manager.java:1915)
java.lang.reflect.InvocationTargetException
	at sun.reflect.NativeConstructorAccessorImpl.newInstance0(Native Method)
	at sun.reflect.NativeConstructorAccessorImpl.newInstance(NativeConstructorAccessorImpl.java:62)
	at sun.reflect.DelegatingConstructorAccessorImpl.newInstance(DelegatingConstructorAccessorImpl.java:45)
	at java.lang.reflect.Constructor.newInstance(Constructor.java:423)
	at ptolemy.util.test.junit.AutoKnownFailedTests.RunModel(AutoKnownFailedTests.java:105)
	at sun.reflect.NativeMethodAccessorImpl.invoke0(Native Method)
	at sun.reflect.NativeMethodAccessorImpl.invoke(NativeMethodAccessorImpl.java:62)
	at sun.reflect.DelegatingMethodAccessorImpl.invoke(DelegatingMethodAccessorImpl.java:43)
	at java.lang.reflect.Method.invoke(Method.java:498)
	at org.junit.runners.model.FrameworkMethod$1.runReflectiveCall(FrameworkMethod.java:44)
	at org.junit.internal.runners.model.ReflectiveCallable.run(ReflectiveCallable.java:15)
	at org.junit.runners.model.FrameworkMethod.invokeExplosively(FrameworkMethod.java:41)
	at junitparams.internal.InvokeParameterisedMethod.evaluate(InvokeParameterisedMethod.java:102)
	at org.junit.internal.runners.statements.FailOnTimeout$1.run(FailOnTimeout.java:28)
Caused by: ptolemy.kernel.util.IllegalActionException: Test fails in iteration 1.
Value was: 1.0. Should have been: 2.0
  in .DirectFeedback.Test
	at ptolemy.actor.lib.Test.fire(Test.java:268)
	at ptolemy.domains.de.kernel.DEDirector._fire(DEDirector.java:1949)
	at ptolemy.domains.de.kernel.DEDirector.fire(DEDirector.java:502)
	at ptolemy.actor.CompositeActor.fire(CompositeActor.java:455)
	at ptolemy.actor.Manager.iterate(Manager.java:851)
	at ptolemy.actor.Manager.execute(Manager.java:369)
	at ptolemy.actor.Manager.run(Manager.java:1263)
	at ptolemy.actor.Manager$PtolemyRunThread.run(Manager.java:1915)
java.lang.RuntimeException: Execution failed
	at ptolemy.moml.MoMLSimpleApplication$UnloadThread.run(MoMLSimpleApplication.java:402)
Caused by: ptolemy.kernel.util.IllegalActionException: Found a zero delay loop containing .HierarchicalModel.A
  in .HierarchicalModel and .HierarchicalModel.A
	at ptolemy.actor.util.CausalityInterfaceForComposites._computeOutputPortDepth(CausalityInterfaceForComposites.java:759)
	at ptolemy.actor.util.CausalityInterfaceForComposites._computeInputDepth(CausalityInterfaceForComposites.java:696)
	at ptolemy.actor.util.CausalityInterfaceForComposites._computeOutputPortDepth(CausalityInterfaceForComposites.java:765)
	at ptolemy.actor.util.CausalityInterfaceForComposites._computeInputDepth(CausalityInterfaceForComposites.java:696)
	at ptolemy.actor.util.CausalityInterfaceForComposites._computeOutputPortDepth(CausalityInterfaceForComposites.java:765)
	at ptolemy.actor.util.CausalityInterfaceForComposites._computeInputDepth(CausalityInterfaceForComposites.java:696)
	at ptolemy.actor.util.CausalityInterfaceForComposites._computeActorDepth(CausalityInterfaceForComposites.java:532)
	at ptolemy.actor.util.CausalityInterfaceForComposites.checkForCycles(CausalityInterfaceForComposites.java:96)
	at ptolemy.domains.de.kernel.DEDirector.preinitialize(DEDirector.java:1338)
	at ptolemy.actor.CompositeActor.preinitialize(CompositeActor.java:1828)
	at ptolemy.actor.Manager.preinitializeAndResolveTypes(Manager.java:1040)
	at ptolemy.actor.Manager.initialize(Manager.java:710)
	at ptolemy.actor.Manager.execute(Manager.java:356)
	at ptolemy.actor.Manager.run(Manager.java:1263)
	at ptolemy.actor.Manager$PtolemyRunThread.run(Manager.java:1915)
java.lang.reflect.InvocationTargetException
	at sun.reflect.NativeConstructorAccessorImpl.newInstance0(Native Method)
	at sun.reflect.NativeConstructorAccessorImpl.newInstance(NativeConstructorAccessorImpl.java:62)
	at sun.reflect.DelegatingConstructorAccessorImpl.newInstance(DelegatingConstructorAccessorImpl.java:45)
	at java.lang.reflect.Constructor.newInstance(Constructor.java:423)
	at ptolemy.util.test.junit.AutoKnownFailedTests.RunModel(AutoKnownFailedTests.java:105)
	at sun.reflect.NativeMethodAccessorImpl.invoke0(Native Method)
	at sun.reflect.NativeMethodAccessorImpl.invoke(NativeMethodAccessorImpl.java:62)
	at sun.reflect.DelegatingMethodAccessorImpl.invoke(DelegatingMethodAccessorImpl.java:43)
	at java.lang.reflect.Method.invoke(Method.java:498)
	at org.junit.runners.model.FrameworkMethod$1.runReflectiveCall(FrameworkMethod.java:44)
	at org.junit.internal.runners.model.ReflectiveCallable.run(ReflectiveCallable.java:15)
	at org.junit.runners.model.FrameworkMethod.invokeExplosively(FrameworkMethod.java:41)
	at junitparams.internal.InvokeParameterisedMethod.evaluate(InvokeParameterisedMethod.java:102)
	at org.junit.internal.runners.statements.FailOnTimeout$1.run(FailOnTimeout.java:28)
Caused by: ptolemy.kernel.util.IllegalActionException: Found a zero delay loop containing .HierarchicalModel.A
  in .HierarchicalModel and .HierarchicalModel.A
	at ptolemy.actor.util.CausalityInterfaceForComposites._computeOutputPortDepth(CausalityInterfaceForComposites.java:759)
	at ptolemy.actor.util.CausalityInterfaceForComposites._computeInputDepth(CausalityInterfaceForComposites.java:696)
	at ptolemy.actor.util.CausalityInterfaceForComposites._computeOutputPortDepth(CausalityInterfaceForComposites.java:765)
	at ptolemy.actor.util.CausalityInterfaceForComposites._computeInputDepth(CausalityInterfaceForComposites.java:696)
	at ptolemy.actor.util.CausalityInterfaceForComposites._computeOutputPortDepth(CausalityInterfaceForComposites.java:765)
	at ptolemy.actor.util.CausalityInterfaceForComposites._computeInputDepth(CausalityInterfaceForComposites.java:696)
	at ptolemy.actor.util.CausalityInterfaceForComposites._computeActorDepth(CausalityInterfaceForComposites.java:532)
	at ptolemy.actor.util.CausalityInterfaceForComposites.checkForCycles(CausalityInterfaceForComposites.java:96)
	at ptolemy.domains.de.kernel.DEDirector.preinitialize(DEDirector.java:1338)
	at ptolemy.actor.CompositeActor.preinitialize(CompositeActor.java:1828)
	at ptolemy.actor.Manager.preinitializeAndResolveTypes(Manager.java:1040)
	at ptolemy.actor.Manager.initialize(Manager.java:710)
	at ptolemy.actor.Manager.execute(Manager.java:356)
	at ptolemy.actor.Manager.run(Manager.java:1263)
	at ptolemy.actor.Manager$PtolemyRunThread.run(Manager.java:1915)
java.lang.RuntimeException: Execution failed
	at ptolemy.moml.MoMLSimpleApplication$UnloadThread.run(MoMLSimpleApplication.java:402)
Caused by: ptolemy.kernel.util.IllegalActionException: Found a zero delay loop containing .dependencyLoop.original
  in .dependencyLoop and .dependencyLoop.original
	at ptolemy.actor.util.CausalityInterfaceForComposites._computeOutputPortDepth(CausalityInterfaceForComposites.java:759)
	at ptolemy.actor.util.CausalityInterfaceForComposites._computeInputDepth(CausalityInterfaceForComposites.java:696)
	at ptolemy.actor.util.CausalityInterfaceForComposites._computeOutputPortDepth(CausalityInterfaceForComposites.java:765)
	at ptolemy.actor.util.CausalityInterfaceForComposites._computeInputDepth(CausalityInterfaceForComposites.java:696)
	at ptolemy.actor.util.CausalityInterfaceForComposites._computeOutputPortDepth(CausalityInterfaceForComposites.java:765)
	at ptolemy.actor.util.CausalityInterfaceForComposites._computeInputDepth(CausalityInterfaceForComposites.java:696)
	at ptolemy.actor.util.CausalityInterfaceForComposites._computeActorDepth(CausalityInterfaceForComposites.java:532)
	at ptolemy.actor.util.CausalityInterfaceForComposites.checkForCycles(CausalityInterfaceForComposites.java:96)
	at ptolemy.domains.de.kernel.DEDirector.preinitialize(DEDirector.java:1338)
	at ptolemy.actor.CompositeActor.preinitialize(CompositeActor.java:1828)
	at ptolemy.actor.Manager.preinitializeAndResolveTypes(Manager.java:1040)
	at ptolemy.actor.Manager.initialize(Manager.java:710)
	at ptolemy.actor.Manager.execute(Manager.java:356)
	at ptolemy.actor.Manager.run(Manager.java:1263)
	at ptolemy.actor.Manager$PtolemyRunThread.run(Manager.java:1915)
java.lang.reflect.InvocationTargetException
	at sun.reflect.NativeConstructorAccessorImpl.newInstance0(Native Method)
	at sun.reflect.NativeConstructorAccessorImpl.newInstance(NativeConstructorAccessorImpl.java:62)
	at sun.reflect.DelegatingConstructorAccessorImpl.newInstance(DelegatingConstructorAccessorImpl.java:45)
	at java.lang.reflect.Constructor.newInstance(Constructor.java:423)
	at ptolemy.util.test.junit.AutoKnownFailedTests.RunModel(AutoKnownFailedTests.java:105)
	at sun.reflect.NativeMethodAccessorImpl.invoke0(Native Method)
	at sun.reflect.NativeMethodAccessorImpl.invoke(NativeMethodAccessorImpl.java:62)
	at sun.reflect.DelegatingMethodAccessorImpl.invoke(DelegatingMethodAccessorImpl.java:43)
	at java.lang.reflect.Method.invoke(Method.java:498)
	at org.junit.runners.model.FrameworkMethod$1.runReflectiveCall(FrameworkMethod.java:44)
	at org.junit.internal.runners.model.ReflectiveCallable.run(ReflectiveCallable.java:15)
	at org.junit.runners.model.FrameworkMethod.invokeExplosively(FrameworkMethod.java:41)
	at junitparams.internal.InvokeParameterisedMethod.evaluate(InvokeParameterisedMethod.java:102)
	at org.junit.internal.runners.statements.FailOnTimeout$1.run(FailOnTimeout.java:28)
Caused by: ptolemy.kernel.util.IllegalActionException: Found a zero delay loop containing .dependencyLoop.original
  in .dependencyLoop and .dependencyLoop.original
	at ptolemy.actor.util.CausalityInterfaceForComposites._computeOutputPortDepth(CausalityInterfaceForComposites.java:759)
	at ptolemy.actor.util.CausalityInterfaceForComposites._computeInputDepth(CausalityInterfaceForComposites.java:696)
	at ptolemy.actor.util.CausalityInterfaceForComposites._computeOutputPortDepth(CausalityInterfaceForComposites.java:765)
	at ptolemy.actor.util.CausalityInterfaceForComposites._computeInputDepth(CausalityInterfaceForComposites.java:696)
	at ptolemy.actor.util.CausalityInterfaceForComposites._computeOutputPortDepth(CausalityInterfaceForComposites.java:765)
	at ptolemy.actor.util.CausalityInterfaceForComposites._computeInputDepth(CausalityInterfaceForComposites.java:696)
	at ptolemy.actor.util.CausalityInterfaceForComposites._computeActorDepth(CausalityInterfaceForComposites.java:532)
	at ptolemy.actor.util.CausalityInterfaceForComposites.checkForCycles(CausalityInterfaceForComposites.java:96)
	at ptolemy.domains.de.kernel.DEDirector.preinitialize(DEDirector.java:1338)
	at ptolemy.actor.CompositeActor.preinitialize(CompositeActor.java:1828)
	at ptolemy.actor.Manager.preinitializeAndResolveTypes(Manager.java:1040)
	at ptolemy.actor.Manager.initialize(Manager.java:710)
	at ptolemy.actor.Manager.execute(Manager.java:356)
	at ptolemy.actor.Manager.run(Manager.java:1263)
	at ptolemy.actor.Manager$PtolemyRunThread.run(Manager.java:1915)
java.lang.RuntimeException: Execution failed
	at ptolemy.moml.MoMLSimpleApplication$UnloadThread.run(MoMLSimpleApplication.java:402)
Caused by: ptolemy.kernel.util.IllegalActionException: Found a zero delay loop containing .dependencyLoop2.original
  in .dependencyLoop2 and .dependencyLoop2.original
	at ptolemy.actor.util.CausalityInterfaceForComposites._computeOutputPortDepth(CausalityInterfaceForComposites.java:759)
	at ptolemy.actor.util.CausalityInterfaceForComposites._computeInputDepth(CausalityInterfaceForComposites.java:696)
	at ptolemy.actor.util.CausalityInterfaceForComposites._computeOutputPortDepth(CausalityInterfaceForComposites.java:765)
	at ptolemy.actor.util.CausalityInterfaceForComposites._computeInputDepth(CausalityInterfaceForComposites.java:696)
	at ptolemy.actor.util.CausalityInterfaceForComposites._computeOutputPortDepth(CausalityInterfaceForComposites.java:765)
	at ptolemy.actor.util.CausalityInterfaceForComposites._computeInputDepth(CausalityInterfaceForComposites.java:696)
	at ptolemy.actor.util.CausalityInterfaceForComposites._computeActorDepth(CausalityInterfaceForComposites.java:532)
	at ptolemy.actor.util.CausalityInterfaceForComposites.checkForCycles(CausalityInterfaceForComposites.java:96)
	at ptolemy.domains.de.kernel.DEDirector.preinitialize(DEDirector.java:1338)
	at ptolemy.actor.CompositeActor.preinitialize(CompositeActor.java:1828)
	at ptolemy.actor.Manager.preinitializeAndResolveTypes(Manager.java:1040)
	at ptolemy.actor.Manager.initialize(Manager.java:710)
	at ptolemy.actor.Manager.execute(Manager.java:356)
	at ptolemy.actor.Manager.run(Manager.java:1263)
	at ptolemy.actor.Manager$PtolemyRunThread.run(Manager.java:1915)
java.lang.reflect.InvocationTargetException
	at sun.reflect.NativeConstructorAccessorImpl.newInstance0(Native Method)
	at sun.reflect.NativeConstructorAccessorImpl.newInstance(NativeConstructorAccessorImpl.java:62)
	at sun.reflect.DelegatingConstructorAccessorImpl.newInstance(DelegatingConstructorAccessorImpl.java:45)
	at java.lang.reflect.Constructor.newInstance(Constructor.java:423)
	at ptolemy.util.test.junit.AutoKnownFailedTests.RunModel(AutoKnownFailedTests.java:105)
	at sun.reflect.NativeMethodAccessorImpl.invoke0(Native Method)
	at sun.reflect.NativeMethodAccessorImpl.invoke(NativeMethodAccessorImpl.java:62)
	at sun.reflect.DelegatingMethodAccessorImpl.invoke(DelegatingMethodAccessorImpl.java:43)
	at java.lang.reflect.Method.invoke(Method.java:498)
	at org.junit.runners.model.FrameworkMethod$1.runReflectiveCall(FrameworkMethod.java:44)
	at org.junit.internal.runners.model.ReflectiveCallable.run(ReflectiveCallable.java:15)
	at org.junit.runners.model.FrameworkMethod.invokeExplosively(FrameworkMethod.java:41)
	at junitparams.internal.InvokeParameterisedMethod.evaluate(InvokeParameterisedMethod.java:102)
	at org.junit.internal.runners.statements.FailOnTimeout$1.run(FailOnTimeout.java:28)
Caused by: ptolemy.kernel.util.IllegalActionException: Found a zero delay loop containing .dependencyLoop2.original
  in .dependencyLoop2 and .dependencyLoop2.original
	at ptolemy.actor.util.CausalityInterfaceForComposites._computeOutputPortDepth(CausalityInterfaceForComposites.java:759)
	at ptolemy.actor.util.CausalityInterfaceForComposites._computeInputDepth(CausalityInterfaceForComposites.java:696)
	at ptolemy.actor.util.CausalityInterfaceForComposites._computeOutputPortDepth(CausalityInterfaceForComposites.java:765)
	at ptolemy.actor.util.CausalityInterfaceForComposites._computeInputDepth(CausalityInterfaceForComposites.java:696)
	at ptolemy.actor.util.CausalityInterfaceForComposites._computeOutputPortDepth(CausalityInterfaceForComposites.java:765)
	at ptolemy.actor.util.CausalityInterfaceForComposites._computeInputDepth(CausalityInterfaceForComposites.java:696)
	at ptolemy.actor.util.CausalityInterfaceForComposites._computeActorDepth(CausalityInterfaceForComposites.java:532)
	at ptolemy.actor.util.CausalityInterfaceForComposites.checkForCycles(CausalityInterfaceForComposites.java:96)
	at ptolemy.domains.de.kernel.DEDirector.preinitialize(DEDirector.java:1338)
	at ptolemy.actor.CompositeActor.preinitialize(CompositeActor.java:1828)
	at ptolemy.actor.Manager.preinitializeAndResolveTypes(Manager.java:1040)
	at ptolemy.actor.Manager.initialize(Manager.java:710)
	at ptolemy.actor.Manager.execute(Manager.java:356)
	at ptolemy.actor.Manager.run(Manager.java:1263)
	at ptolemy.actor.Manager$PtolemyRunThread.run(Manager.java:1915)
]]></system-err>
</testsuite>
