<?xml version="1.0" encoding="UTF-8" ?>
<testsuite errors="0" failures="0" hostname="travis-job-6d810a36-77c3-434c-9658-bdb2f9575205" name="ptolemy.actor.lib.hoc.test.junit.JUnitTclTest" skipped="0" tests="58" time="24.082" timestamp="2019-02-01T15:27:21">
  <properties>
[...]
</properties>
  <testcase classname="ptolemy.util.test.junit.TclTests" name="[0] /home/travis/build/icyphy/ptII/ptolemy/actor/lib/hoc/test/IterateOverArray.tcl (RunTclFile)" time="0.262" />
  <testcase classname="ptolemy.util.test.junit.AutoKnownFailedTests" name="[0] /home/travis/build/icyphy/ptII/ptolemy/actor/lib/hoc/test/auto/knownFailedTests/PreinitializeMustBeInvokedRunComposite.xml (RunModel)" time="0.183" />
  <testcase classname="ptolemy.util.test.junit.AutoNameArchTests" name="[0] ThereAreNoAutoArchTests (RunModel)" time="0.002" />
  <testcase classname="ptolemy.util.test.junit.AutoTests" name="[0] /home/travis/build/icyphy/ptII/ptolemy/actor/lib/hoc/test/auto/AllToAllMultiInstanceComposite.xml (RunModel)" time="0.236" />
  <testcase classname="ptolemy.util.test.junit.AutoTests" name="[1] /home/travis/build/icyphy/ptII/ptolemy/actor/lib/hoc/test/auto/ApplyFFTTest.xml (RunModel)" time="0.223" />
  <testcase classname="ptolemy.util.test.junit.AutoTests" name="[2] /home/travis/build/icyphy/ptII/ptolemy/actor/lib/hoc/test/auto/ApplyFunction.xml (RunModel)" time="0.023" />
  <testcase classname="ptolemy.util.test.junit.AutoTests" name="[3] /home/travis/build/icyphy/ptII/ptolemy/actor/lib/hoc/test/auto/BackgroundExecution.xml (RunModel)" time="0.707" />
  <testcase classname="ptolemy.util.test.junit.AutoTests" name="[4] /home/travis/build/icyphy/ptII/ptolemy/actor/lib/hoc/test/auto/Case.xml (RunModel)" time="0.057" />
  <testcase classname="ptolemy.util.test.junit.AutoTests" name="[5] /home/travis/build/icyphy/ptII/ptolemy/actor/lib/hoc/test/auto/Case1.xml (RunModel)" time="0.066" />
  <testcase classname="ptolemy.util.test.junit.AutoTests" name="[6] /home/travis/build/icyphy/ptII/ptolemy/actor/lib/hoc/test/auto/Case2.xml (RunModel)" time="0.125" />
  <testcase classname="ptolemy.util.test.junit.AutoTests" name="[7] /home/travis/build/icyphy/ptII/ptolemy/actor/lib/hoc/test/auto/Case3.xml (RunModel)" time="0.062" />
  <testcase classname="ptolemy.util.test.junit.AutoTests" name="[8] /home/travis/build/icyphy/ptII/ptolemy/actor/lib/hoc/test/auto/Case4.xml (RunModel)" time="0.07" />
  <testcase classname="ptolemy.util.test.junit.AutoTests" name="[9] /home/travis/build/icyphy/ptII/ptolemy/actor/lib/hoc/test/auto/Case5.xml (RunModel)" time="0.083" />
  <testcase classname="ptolemy.util.test.junit.AutoTests" name="[10] /home/travis/build/icyphy/ptII/ptolemy/actor/lib/hoc/test/auto/Case6.xml (RunModel)" time="0.091" />
  <testcase classname="ptolemy.util.test.junit.AutoTests" name="[11] /home/travis/build/icyphy/ptII/ptolemy/actor/lib/hoc/test/auto/CaseString2.xml (RunModel)" time="0.058" />
  <testcase classname="ptolemy.util.test.junit.AutoTests" name="[12] /home/travis/build/icyphy/ptII/ptolemy/actor/lib/hoc/test/auto/CatchUpComposite1.xml (RunModel)" time="0.08" />
  <testcase classname="ptolemy.util.test.junit.AutoTests" name="[13] /home/travis/build/icyphy/ptII/ptolemy/actor/lib/hoc/test/auto/CatchUpComposite2.xml (RunModel)" time="0.06" />
  <testcase classname="ptolemy.util.test.junit.AutoTests" name="[14] /home/travis/build/icyphy/ptII/ptolemy/actor/lib/hoc/test/auto/CatchUpComposite3.xml (RunModel)" time="0.046" />
  <testcase classname="ptolemy.util.test.junit.AutoTests" name="[15] /home/travis/build/icyphy/ptII/ptolemy/actor/lib/hoc/test/auto/CatchUpComposite4.xml (RunModel)" time="0.048" />
  <testcase classname="ptolemy.util.test.junit.AutoTests" name="[16] /home/travis/build/icyphy/ptII/ptolemy/actor/lib/hoc/test/auto/CatchUpComposite5.xml (RunModel)" time="0.031" />
  <testcase classname="ptolemy.util.test.junit.AutoTests" name="[17] /home/travis/build/icyphy/ptII/ptolemy/actor/lib/hoc/test/auto/CatchUpComposite6.xml (RunModel)" time="0.147" />
  <testcase classname="ptolemy.util.test.junit.AutoTests" name="[18] /home/travis/build/icyphy/ptII/ptolemy/actor/lib/hoc/test/auto/CatchUpComposite7.xml (RunModel)" time="0.09" />
  <testcase classname="ptolemy.util.test.junit.AutoTests" name="[19] /home/travis/build/icyphy/ptII/ptolemy/actor/lib/hoc/test/auto/ConcurrentExecutionTimeSDF.xml (RunModel)" time="1.905" />
  <testcase classname="ptolemy.util.test.junit.AutoTests" name="[20] /home/travis/build/icyphy/ptII/ptolemy/actor/lib/hoc/test/auto/ConcurrentSleep.xml (RunModel)" time="0.761" />
  <testcase classname="ptolemy.util.test.junit.AutoTests" name="[21] /home/travis/build/icyphy/ptII/ptolemy/actor/lib/hoc/test/auto/DEInPNInRunCompositeActor.xml (RunModel)" time="0.035" />
  <testcase classname="ptolemy.util.test.junit.AutoTests" name="[22] /home/travis/build/icyphy/ptII/ptolemy/actor/lib/hoc/test/auto/DFTSubSetTest.xml (RunModel)" time="0.267" />
  <testcase classname="ptolemy.util.test.junit.AutoTests" name="[23] /home/travis/build/icyphy/ptII/ptolemy/actor/lib/hoc/test/auto/HocDE.xml (RunModel)" time="0.192" />
  <testcase classname="ptolemy.util.test.junit.AutoTests" name="[24] /home/travis/build/icyphy/ptII/ptolemy/actor/lib/hoc/test/auto/IterateOverArray.xml (RunModel)" time="0.022" />
  <testcase classname="ptolemy.util.test.junit.AutoTests" name="[25] /home/travis/build/icyphy/ptII/ptolemy/actor/lib/hoc/test/auto/IterateOverArray10.xml (RunModel)" time="0.017" />
  <testcase classname="ptolemy.util.test.junit.AutoTests" name="[26] /home/travis/build/icyphy/ptII/ptolemy/actor/lib/hoc/test/auto/IterateOverArray11.xml (RunModel)" time="0.026" />
  <testcase classname="ptolemy.util.test.junit.AutoTests" name="[27] /home/travis/build/icyphy/ptII/ptolemy/actor/lib/hoc/test/auto/IterateOverArray12.xml (RunModel)" time="0.034" />
  <testcase classname="ptolemy.util.test.junit.AutoTests" name="[28] /home/travis/build/icyphy/ptII/ptolemy/actor/lib/hoc/test/auto/IterateOverArray13.xml (RunModel)" time="0.137" />
  <testcase classname="ptolemy.util.test.junit.AutoTests" name="[29] /home/travis/build/icyphy/ptII/ptolemy/actor/lib/hoc/test/auto/IterateOverArray14.xml (RunModel)" time="0.146" />
  <testcase classname="ptolemy.util.test.junit.AutoTests" name="[30] /home/travis/build/icyphy/ptII/ptolemy/actor/lib/hoc/test/auto/IterateOverArray2.xml (RunModel)" time="0.027" />
  <testcase classname="ptolemy.util.test.junit.AutoTests" name="[31] /home/travis/build/icyphy/ptII/ptolemy/actor/lib/hoc/test/auto/IterateOverArray3.xml (RunModel)" time="0.031" />
  <testcase classname="ptolemy.util.test.junit.AutoTests" name="[32] /home/travis/build/icyphy/ptII/ptolemy/actor/lib/hoc/test/auto/IterateOverArray4.xml (RunModel)" time="0.018" />
  <testcase classname="ptolemy.util.test.junit.AutoTests" name="[33] /home/travis/build/icyphy/ptII/ptolemy/actor/lib/hoc/test/auto/IterateOverArray5.xml (RunModel)" time="0.016" />
  <testcase classname="ptolemy.util.test.junit.AutoTests" name="[34] /home/travis/build/icyphy/ptII/ptolemy/actor/lib/hoc/test/auto/IterateOverArray6.xml (RunModel)" time="0.01" />
  <testcase classname="ptolemy.util.test.junit.AutoTests" name="[35] /home/travis/build/icyphy/ptII/ptolemy/actor/lib/hoc/test/auto/IterateOverArray7.xml (RunModel)" time="0.02" />
  <testcase classname="ptolemy.util.test.junit.AutoTests" name="[36] /home/travis/build/icyphy/ptII/ptolemy/actor/lib/hoc/test/auto/IterateOverArray8.xml (RunModel)" time="0.018" />
  <testcase classname="ptolemy.util.test.junit.AutoTests" name="[37] /home/travis/build/icyphy/ptII/ptolemy/actor/lib/hoc/test/auto/IterateOverArray9.xml (RunModel)" time="0.017" />
  <testcase classname="ptolemy.util.test.junit.AutoTests" name="[38] /home/travis/build/icyphy/ptII/ptolemy/actor/lib/hoc/test/auto/IterateOverArrayCoercedOutputType.xml (RunModel)" time="0.02" />
  <testcase classname="ptolemy.util.test.junit.AutoTests" name="[39] /home/travis/build/icyphy/ptII/ptolemy/actor/lib/hoc/test/auto/IterateOverArrayInferredOutputType.xml (RunModel)" time="0.022" />
  <testcase classname="ptolemy.util.test.junit.AutoTests" name="[40] /home/travis/build/icyphy/ptII/ptolemy/actor/lib/hoc/test/auto/MobileFunctionTest.xml (RunModel)" time="0.017" />
  <testcase classname="ptolemy.util.test.junit.AutoTests" name="[41] /home/travis/build/icyphy/ptII/ptolemy/actor/lib/hoc/test/auto/MobileModelTest.xml (RunModel)" time="0.103" />
  <testcase classname="ptolemy.util.test.junit.AutoTests" name="[42] /home/travis/build/icyphy/ptII/ptolemy/actor/lib/hoc/test/auto/ModelReference.xml (RunModel)" time="0.051" />
  <testcase classname="ptolemy.util.test.junit.AutoTests" name="[43] /home/travis/build/icyphy/ptII/ptolemy/actor/lib/hoc/test/auto/ModelReference3.xml (RunModel)" time="0.042" />
  <testcase classname="ptolemy.util.test.junit.AutoTests" name="[44] /home/travis/build/icyphy/ptII/ptolemy/actor/lib/hoc/test/auto/ModelReference4.xml (RunModel)" time="10.047" />
  <testcase classname="ptolemy.util.test.junit.AutoTests" name="[45] /home/travis/build/icyphy/ptII/ptolemy/actor/lib/hoc/test/auto/MultiInstanceComposite.xml (RunModel)" time="0.044" />
  <testcase classname="ptolemy.util.test.junit.AutoTests" name="[46] /home/travis/build/icyphy/ptII/ptolemy/actor/lib/hoc/test/auto/MultiInstanceComposite2.xml (RunModel)" time="0.043" />
  <testcase classname="ptolemy.util.test.junit.AutoTests" name="[47] /home/travis/build/icyphy/ptII/ptolemy/actor/lib/hoc/test/auto/MulticoreExecution.xml (RunModel)" time="1.165" />
  <testcase classname="ptolemy.util.test.junit.AutoTests" name="[48] /home/travis/build/icyphy/ptII/ptolemy/actor/lib/hoc/test/auto/ParallelExecution.xml (RunModel)" time="0.93" />
  <testcase classname="ptolemy.util.test.junit.AutoTests" name="[49] /home/travis/build/icyphy/ptII/ptolemy/actor/lib/hoc/test/auto/RunCompositeActor.xml (RunModel)" time="0.019" />
  <testcase classname="ptolemy.util.test.junit.AutoTests" name="[50] /home/travis/build/icyphy/ptII/ptolemy/actor/lib/hoc/test/auto/RunCompositeActor2.xml (RunModel)" time="0.021" />
  <testcase classname="ptolemy.util.test.junit.AutoTests" name="[51] /home/travis/build/icyphy/ptII/ptolemy/actor/lib/hoc/test/auto/RunCompositeActor3.xml (RunModel)" time="0.019" />
  <testcase classname="ptolemy.util.test.junit.AutoTests" name="[52] /home/travis/build/icyphy/ptII/ptolemy/actor/lib/hoc/test/auto/RunCompositeActor4.xml (RunModel)" time="0.04" />
  <testcase classname="ptolemy.util.test.junit.AutoTests" name="[53] /home/travis/build/icyphy/ptII/ptolemy/actor/lib/hoc/test/auto/RunCompositeIterateOverArray.xml (RunModel)" time="0.025" />
  <testcase classname="ptolemy.util.test.junit.AutoTests" name="[54] /home/travis/build/icyphy/ptII/ptolemy/actor/lib/hoc/test/auto/ThreadedJS.xml (RunModel)" time="4.603" />
  <system-out><![CDATA[/home/travis/build/icyphy/ptII/ptolemy/actor/lib/hoc/test/IterateOverArray.tcl
testDefs.tcl: setting time out to 9000 seconds at Fri Feb 01 15:27:21 UTC 2019
02/01/19 03:27:21
Failed: 0  Total Tests: 2  ((Passed: 2, Newly Passed: 0)  Known Failed: 0) /home/travis/build/icyphy/ptII/ptolemy/actor/lib/hoc/test
----------------- testing (KnownFailure) /home/travis/build/icyphy/ptII/ptolemy/actor/lib/hoc/test/auto/knownFailedTests/PreinitializeMustBeInvokedRunComposite.xml
35 ms. Memory: 116224K Free: 106949K (92%)
Known Failure: java.lang.reflect.InvocationTargetException
No auto/linux-amd64/*.xml tests in /home/travis/build/icyphy/ptII/ptolemy/actor/lib/hoc/test
AutoTests.java: About to close Vertx.
AutoTests.java: Vertx closed.

===========================================================================================
----------------- testing Fri Feb 01 15:27:22 UTC 2019 /home/travis/build/icyphy/ptII/ptolemy/actor/lib/hoc/test/auto/AllToAllMultiInstanceComposite.xml
----------------- Instantiating /home/travis/build/icyphy/ptII/ptolemy/actor/lib/hoc/test/auto/AllToAllMultiInstanceComposite.xml
88 ms. Memory: 146944K Free: 120800K (82%)
----------------- Invoking toplevel() on ptolemy.moml.MoMLSimpleApplication@6c12e44c
----------------- Done invoking toplevel() on ptolemy.moml.MoMLSimpleApplication@6c12e44c
reloadAllAccessors: .AllToAllMultiInstanceComposite

===========================================================================================
----------------- testing Fri Feb 01 15:27:22 UTC 2019 /home/travis/build/icyphy/ptII/ptolemy/actor/lib/hoc/test/auto/ApplyFFTTest.xml
----------------- Instantiating /home/travis/build/icyphy/ptII/ptolemy/actor/lib/hoc/test/auto/ApplyFFTTest.xml
90 ms. Memory: 146944K Free: 100608K (68%)
----------------- Invoking toplevel() on ptolemy.moml.MoMLSimpleApplication@6a6042fd
----------------- Done invoking toplevel() on ptolemy.moml.MoMLSimpleApplication@6a6042fd
reloadAllAccessors: .ApplyFFTTest

===========================================================================================
----------------- testing Fri Feb 01 15:27:22 UTC 2019 /home/travis/build/icyphy/ptII/ptolemy/actor/lib/hoc/test/auto/ApplyFunction.xml
----------------- Instantiating /home/travis/build/icyphy/ptII/ptolemy/actor/lib/hoc/test/auto/ApplyFunction.xml
5 ms. Memory: 146944K Free: 97243K (66%)
----------------- Invoking toplevel() on ptolemy.moml.MoMLSimpleApplication@53e4bfea
----------------- Done invoking toplevel() on ptolemy.moml.MoMLSimpleApplication@53e4bfea
reloadAllAccessors: .ApplyFunction

===========================================================================================
----------------- testing Fri Feb 01 15:27:22 UTC 2019 /home/travis/build/icyphy/ptII/ptolemy/actor/lib/hoc/test/auto/BackgroundExecution.xml
----------------- Instantiating /home/travis/build/icyphy/ptII/ptolemy/actor/lib/hoc/test/auto/BackgroundExecution.xml
635 ms. Memory: 146944K Free: 89621K (61%)
----------------- Invoking toplevel() on ptolemy.moml.MoMLSimpleApplication@ba13414
----------------- Done invoking toplevel() on ptolemy.moml.MoMLSimpleApplication@ba13414
reloadAllAccessors: .BackgroundExecution

===========================================================================================
----------------- testing Fri Feb 01 15:27:23 UTC 2019 /home/travis/build/icyphy/ptII/ptolemy/actor/lib/hoc/test/auto/Case.xml
----------------- Instantiating /home/travis/build/icyphy/ptII/ptolemy/actor/lib/hoc/test/auto/Case.xml
16 ms. Memory: 146944K Free: 81115K (55%)
----------------- Invoking toplevel() on ptolemy.moml.MoMLSimpleApplication@56429078
----------------- Done invoking toplevel() on ptolemy.moml.MoMLSimpleApplication@56429078
reloadAllAccessors: .Case

===========================================================================================
----------------- testing Fri Feb 01 15:27:23 UTC 2019 /home/travis/build/icyphy/ptII/ptolemy/actor/lib/hoc/test/auto/Case1.xml
----------------- Instantiating /home/travis/build/icyphy/ptII/ptolemy/actor/lib/hoc/test/auto/Case1.xml
18 ms. Memory: 146944K Free: 136115K (93%)
----------------- Invoking toplevel() on ptolemy.moml.MoMLSimpleApplication@280bb731
----------------- Done invoking toplevel() on ptolemy.moml.MoMLSimpleApplication@280bb731
reloadAllAccessors: .Case1

===========================================================================================
----------------- testing Fri Feb 01 15:27:23 UTC 2019 /home/travis/build/icyphy/ptII/ptolemy/actor/lib/hoc/test/auto/Case2.xml
----------------- Instantiating /home/travis/build/icyphy/ptII/ptolemy/actor/lib/hoc/test/auto/Case2.xml
61 ms. Memory: 146944K Free: 124614K (85%)
----------------- Invoking toplevel() on ptolemy.moml.MoMLSimpleApplication@6894623b
----------------- Done invoking toplevel() on ptolemy.moml.MoMLSimpleApplication@6894623b
reloadAllAccessors: .Case2

===========================================================================================
----------------- testing Fri Feb 01 15:27:23 UTC 2019 /home/travis/build/icyphy/ptII/ptolemy/actor/lib/hoc/test/auto/Case3.xml
----------------- Instantiating /home/travis/build/icyphy/ptII/ptolemy/actor/lib/hoc/test/auto/Case3.xml
17 ms. Memory: 146944K Free: 118365K (81%)
----------------- Invoking toplevel() on ptolemy.moml.MoMLSimpleApplication@4c977e20
----------------- Done invoking toplevel() on ptolemy.moml.MoMLSimpleApplication@4c977e20
reloadAllAccessors: .Case3

===========================================================================================
----------------- testing Fri Feb 01 15:27:23 UTC 2019 /home/travis/build/icyphy/ptII/ptolemy/actor/lib/hoc/test/auto/Case4.xml
----------------- Instantiating /home/travis/build/icyphy/ptII/ptolemy/actor/lib/hoc/test/auto/Case4.xml
11 ms. Memory: 146944K Free: 109732K (75%)
----------------- Invoking toplevel() on ptolemy.moml.MoMLSimpleApplication@6d14fc32
----------------- Done invoking toplevel() on ptolemy.moml.MoMLSimpleApplication@6d14fc32
reloadAllAccessors: .Case4

===========================================================================================
----------------- testing Fri Feb 01 15:27:23 UTC 2019 /home/travis/build/icyphy/ptII/ptolemy/actor/lib/hoc/test/auto/Case5.xml
----------------- Instantiating /home/travis/build/icyphy/ptII/ptolemy/actor/lib/hoc/test/auto/Case5.xml
44 ms. Memory: 146944K Free: 103066K (70%)
----------------- Invoking toplevel() on ptolemy.moml.MoMLSimpleApplication@7bb8564d
----------------- Done invoking toplevel() on ptolemy.moml.MoMLSimpleApplication@7bb8564d
reloadAllAccessors: .junk

===========================================================================================
----------------- testing Fri Feb 01 15:27:23 UTC 2019 /home/travis/build/icyphy/ptII/ptolemy/actor/lib/hoc/test/auto/Case6.xml
----------------- Instantiating /home/travis/build/icyphy/ptII/ptolemy/actor/lib/hoc/test/auto/Case6.xml
29 ms. Memory: 146944K Free: 89573K (61%)
----------------- Invoking toplevel() on ptolemy.moml.MoMLSimpleApplication@1313e621
----------------- Done invoking toplevel() on ptolemy.moml.MoMLSimpleApplication@1313e621
reloadAllAccessors: .Case6

===========================================================================================
----------------- testing Fri Feb 01 15:27:23 UTC 2019 /home/travis/build/icyphy/ptII/ptolemy/actor/lib/hoc/test/auto/CaseString2.xml
----------------- Instantiating /home/travis/build/icyphy/ptII/ptolemy/actor/lib/hoc/test/auto/CaseString2.xml
23 ms. Memory: 146944K Free: 81277K (55%)
----------------- Invoking toplevel() on ptolemy.moml.MoMLSimpleApplication@2239f45c
----------------- Done invoking toplevel() on ptolemy.moml.MoMLSimpleApplication@2239f45c
reloadAllAccessors: .CaseString2

===========================================================================================
----------------- testing Fri Feb 01 15:27:23 UTC 2019 /home/travis/build/icyphy/ptII/ptolemy/actor/lib/hoc/test/auto/CatchUpComposite1.xml
----------------- Instantiating /home/travis/build/icyphy/ptII/ptolemy/actor/lib/hoc/test/auto/CatchUpComposite1.xml
22 ms. Memory: 208384K Free: 194061K (93%)
----------------- Invoking toplevel() on ptolemy.moml.MoMLSimpleApplication@143d0f90
----------------- Done invoking toplevel() on ptolemy.moml.MoMLSimpleApplication@143d0f90
reloadAllAccessors: .CatchUpComposite1

===========================================================================================
----------------- testing Fri Feb 01 15:27:23 UTC 2019 /home/travis/build/icyphy/ptII/ptolemy/actor/lib/hoc/test/auto/CatchUpComposite2.xml
----------------- Instantiating /home/travis/build/icyphy/ptII/ptolemy/actor/lib/hoc/test/auto/CatchUpComposite2.xml
14 ms. Memory: 208384K Free: 184176K (88%)
----------------- Invoking toplevel() on ptolemy.moml.MoMLSimpleApplication@4233af42
----------------- Done invoking toplevel() on ptolemy.moml.MoMLSimpleApplication@4233af42
reloadAllAccessors: .CatchUpComposite2

===========================================================================================
----------------- testing Fri Feb 01 15:27:23 UTC 2019 /home/travis/build/icyphy/ptII/ptolemy/actor/lib/hoc/test/auto/CatchUpComposite3.xml
----------------- Instantiating /home/travis/build/icyphy/ptII/ptolemy/actor/lib/hoc/test/auto/CatchUpComposite3.xml
11 ms. Memory: 208384K Free: 174332K (84%)
----------------- Invoking toplevel() on ptolemy.moml.MoMLSimpleApplication@7ac00d4d
----------------- Done invoking toplevel() on ptolemy.moml.MoMLSimpleApplication@7ac00d4d
reloadAllAccessors: .CatchUpComposite3

===========================================================================================
----------------- testing Fri Feb 01 15:27:24 UTC 2019 /home/travis/build/icyphy/ptII/ptolemy/actor/lib/hoc/test/auto/CatchUpComposite4.xml
----------------- Instantiating /home/travis/build/icyphy/ptII/ptolemy/actor/lib/hoc/test/auto/CatchUpComposite4.xml
15 ms. Memory: 208384K Free: 164462K (79%)
----------------- Invoking toplevel() on ptolemy.moml.MoMLSimpleApplication@692c0dda
----------------- Done invoking toplevel() on ptolemy.moml.MoMLSimpleApplication@692c0dda
reloadAllAccessors: .CatchUpComposite4

===========================================================================================
----------------- testing Fri Feb 01 15:27:24 UTC 2019 /home/travis/build/icyphy/ptII/ptolemy/actor/lib/hoc/test/auto/CatchUpComposite5.xml
----------------- Instantiating /home/travis/build/icyphy/ptII/ptolemy/actor/lib/hoc/test/auto/CatchUpComposite5.xml
9 ms. Memory: 208384K Free: 156270K (75%)
----------------- Invoking toplevel() on ptolemy.moml.MoMLSimpleApplication@6d3aac4d
----------------- Done invoking toplevel() on ptolemy.moml.MoMLSimpleApplication@6d3aac4d
reloadAllAccessors: .CatchUpComposite5

===========================================================================================
----------------- testing Fri Feb 01 15:27:24 UTC 2019 /home/travis/build/icyphy/ptII/ptolemy/actor/lib/hoc/test/auto/CatchUpComposite6.xml
----------------- Instantiating /home/travis/build/icyphy/ptII/ptolemy/actor/lib/hoc/test/auto/CatchUpComposite6.xml
WARNING: The execution aspects in this model can influence the timing of actors by delaying the 
execution, potentially changing the behavior. There is no guarantee that actors fire at the 
time they request to be fired. 
Use Ptides for deterministic DE behavior that is not influenced by execution aspects. 

83 ms. Memory: 208384K Free: 138118K (66%)
----------------- Invoking toplevel() on ptolemy.moml.MoMLSimpleApplication@20b27601
----------------- Done invoking toplevel() on ptolemy.moml.MoMLSimpleApplication@20b27601
reloadAllAccessors: .CatchUpComposite6

===========================================================================================
----------------- testing Fri Feb 01 15:27:24 UTC 2019 /home/travis/build/icyphy/ptII/ptolemy/actor/lib/hoc/test/auto/CatchUpComposite7.xml
----------------- Instantiating /home/travis/build/icyphy/ptII/ptolemy/actor/lib/hoc/test/auto/CatchUpComposite7.xml
WARNING: The execution aspects in this model can influence the timing of actors by delaying the 
execution, potentially changing the behavior. There is no guarantee that actors fire at the 
time they request to be fired. 
Use Ptides for deterministic DE behavior that is not influenced by execution aspects. 

41 ms. Memory: 208384K Free: 121499K (58%)
----------------- Invoking toplevel() on ptolemy.moml.MoMLSimpleApplication@59566309
----------------- Done invoking toplevel() on ptolemy.moml.MoMLSimpleApplication@59566309
reloadAllAccessors: .CatchUpComposite7

===========================================================================================
----------------- testing Fri Feb 01 15:27:24 UTC 2019 /home/travis/build/icyphy/ptII/ptolemy/actor/lib/hoc/test/auto/ConcurrentExecutionTimeSDF.xml
----------------- Instantiating /home/travis/build/icyphy/ptII/ptolemy/actor/lib/hoc/test/auto/ConcurrentExecutionTimeSDF.xml
Fired ExecutionTime: 40400000
Fired ExecutionTime: 40400000
Fired ExecutionTime: 40400000
Fired ExecutionTime: 40400000
Fired ExecutionTime: 40400000
Fired ExecutionTime: 40400000
Fired ExecutionTime: 40400000
Fired ExecutionTime: 40400000
Fired ExecutionTime: 40400000
Fired ExecutionTime: 40400000
Fired ExecutionTime: 40400000
Fired ExecutionTime: 40400000
Fired ExecutionTime: 40400000
Fired ExecutionTime: 40400000
Fired ExecutionTime: 40400000
Fired ExecutionTime: 40400000
Fired ExecutionTime: 40400000
Fired ExecutionTime: 40400000
Fired ExecutionTime: 40400000
Fired ExecutionTime: 40400000
1881 ms. Memory: 208384K Free: 113291K (54%)
----------------- Invoking toplevel() on ptolemy.moml.MoMLSimpleApplication@5b17babf
----------------- Done invoking toplevel() on ptolemy.moml.MoMLSimpleApplication@5b17babf
reloadAllAccessors: .ConcurrentExecutionTimeSDF

===========================================================================================
----------------- testing Fri Feb 01 15:27:26 UTC 2019 /home/travis/build/icyphy/ptII/ptolemy/actor/lib/hoc/test/auto/ConcurrentSleep.xml
----------------- Instantiating /home/travis/build/icyphy/ptII/ptolemy/actor/lib/hoc/test/auto/ConcurrentSleep.xml
730 ms. Memory: 208384K Free: 99348K (48%)
----------------- Invoking toplevel() on ptolemy.moml.MoMLSimpleApplication@268d8f0b
----------------- Done invoking toplevel() on ptolemy.moml.MoMLSimpleApplication@268d8f0b
reloadAllAccessors: .ConcurrentSleep

===========================================================================================
----------------- testing Fri Feb 01 15:27:27 UTC 2019 /home/travis/build/icyphy/ptII/ptolemy/actor/lib/hoc/test/auto/DEInPNInRunCompositeActor.xml
----------------- Instantiating /home/travis/build/icyphy/ptII/ptolemy/actor/lib/hoc/test/auto/DEInPNInRunCompositeActor.xml
15 ms. Memory: 208384K Free: 91117K (44%)
----------------- Invoking toplevel() on ptolemy.moml.MoMLSimpleApplication@134922d6
----------------- Done invoking toplevel() on ptolemy.moml.MoMLSimpleApplication@134922d6
reloadAllAccessors: .DEInPNInRunCompositeActor

===========================================================================================
----------------- testing Fri Feb 01 15:27:27 UTC 2019 /home/travis/build/icyphy/ptII/ptolemy/actor/lib/hoc/test/auto/DFTSubSetTest.xml
----------------- Instantiating /home/travis/build/icyphy/ptII/ptolemy/actor/lib/hoc/test/auto/DFTSubSetTest.xml
165 ms. Memory: 208384K Free: 167117K (80%)
----------------- Invoking toplevel() on ptolemy.moml.MoMLSimpleApplication@17140735
----------------- Done invoking toplevel() on ptolemy.moml.MoMLSimpleApplication@17140735
reloadAllAccessors: .DFTSubSetTest

===========================================================================================
----------------- testing Fri Feb 01 15:27:27 UTC 2019 /home/travis/build/icyphy/ptII/ptolemy/actor/lib/hoc/test/auto/HocDE.xml
----------------- Instantiating /home/travis/build/icyphy/ptII/ptolemy/actor/lib/hoc/test/auto/HocDE.xml
129 ms. Memory: 208384K Free: 140246K (67%)
----------------- Invoking toplevel() on ptolemy.moml.MoMLSimpleApplication@5e68c84c
----------------- Done invoking toplevel() on ptolemy.moml.MoMLSimpleApplication@5e68c84c
reloadAllAccessors: .HocDE

===========================================================================================
----------------- testing Fri Feb 01 15:27:27 UTC 2019 /home/travis/build/icyphy/ptII/ptolemy/actor/lib/hoc/test/auto/IterateOverArray.xml
----------------- Instantiating /home/travis/build/icyphy/ptII/ptolemy/actor/lib/hoc/test/auto/IterateOverArray.xml
7 ms. Memory: 208384K Free: 134723K (65%)
----------------- Invoking toplevel() on ptolemy.moml.MoMLSimpleApplication@13bed2e5
----------------- Done invoking toplevel() on ptolemy.moml.MoMLSimpleApplication@13bed2e5
reloadAllAccessors: .IterateOverArray

===========================================================================================
----------------- testing Fri Feb 01 15:27:27 UTC 2019 /home/travis/build/icyphy/ptII/ptolemy/actor/lib/hoc/test/auto/IterateOverArray10.xml
----------------- Instantiating /home/travis/build/icyphy/ptII/ptolemy/actor/lib/hoc/test/auto/IterateOverArray10.xml
2 ms. Memory: 208384K Free: 130611K (63%)
----------------- Invoking toplevel() on ptolemy.moml.MoMLSimpleApplication@6d20301d
----------------- Done invoking toplevel() on ptolemy.moml.MoMLSimpleApplication@6d20301d
reloadAllAccessors: .IterateOverArray10

===========================================================================================
----------------- testing Fri Feb 01 15:27:27 UTC 2019 /home/travis/build/icyphy/ptII/ptolemy/actor/lib/hoc/test/auto/IterateOverArray11.xml
----------------- Instantiating /home/travis/build/icyphy/ptII/ptolemy/actor/lib/hoc/test/auto/IterateOverArray11.xml
6 ms. Memory: 208384K Free: 125087K (60%)
----------------- Invoking toplevel() on ptolemy.moml.MoMLSimpleApplication@13dd9043
----------------- Done invoking toplevel() on ptolemy.moml.MoMLSimpleApplication@13dd9043
reloadAllAccessors: .IterateOverArray11

===========================================================================================
----------------- testing Fri Feb 01 15:27:27 UTC 2019 /home/travis/build/icyphy/ptII/ptolemy/actor/lib/hoc/test/auto/IterateOverArray12.xml
----------------- Instantiating /home/travis/build/icyphy/ptII/ptolemy/actor/lib/hoc/test/auto/IterateOverArray12.xml
10 ms. Memory: 208384K Free: 118501K (57%)
----------------- Invoking toplevel() on ptolemy.moml.MoMLSimpleApplication@ce5f839
----------------- Done invoking toplevel() on ptolemy.moml.MoMLSimpleApplication@ce5f839
reloadAllAccessors: .IterateOverArray12

===========================================================================================
----------------- testing Fri Feb 01 15:27:27 UTC 2019 /home/travis/build/icyphy/ptII/ptolemy/actor/lib/hoc/test/auto/IterateOverArray13.xml
----------------- Instantiating /home/travis/build/icyphy/ptII/ptolemy/actor/lib/hoc/test/auto/IterateOverArray13.xml
68 ms. Memory: 208384K Free: 90024K (43%)
----------------- Invoking toplevel() on ptolemy.moml.MoMLSimpleApplication@7b35ceec
----------------- Done invoking toplevel() on ptolemy.moml.MoMLSimpleApplication@7b35ceec
reloadAllAccessors: .IterateOverArray13

===========================================================================================
----------------- testing Fri Feb 01 15:27:27 UTC 2019 /home/travis/build/icyphy/ptII/ptolemy/actor/lib/hoc/test/auto/IterateOverArray14.xml
----------------- Instantiating /home/travis/build/icyphy/ptII/ptolemy/actor/lib/hoc/test/auto/IterateOverArray14.xml
61 ms. Memory: 332288K Free: 299140K (90%)
----------------- Invoking toplevel() on ptolemy.moml.MoMLSimpleApplication@4dd40ee2
----------------- Done invoking toplevel() on ptolemy.moml.MoMLSimpleApplication@4dd40ee2
reloadAllAccessors: .IterateOverArray14

===========================================================================================
----------------- testing Fri Feb 01 15:27:27 UTC 2019 /home/travis/build/icyphy/ptII/ptolemy/actor/lib/hoc/test/auto/IterateOverArray2.xml
----------------- Instantiating /home/travis/build/icyphy/ptII/ptolemy/actor/lib/hoc/test/auto/IterateOverArray2.xml
9 ms. Memory: 332288K Free: 291815K (88%)
----------------- Invoking toplevel() on ptolemy.moml.MoMLSimpleApplication@3de16d43
----------------- Done invoking toplevel() on ptolemy.moml.MoMLSimpleApplication@3de16d43
reloadAllAccessors: .IterateOverArray2

===========================================================================================
----------------- testing Fri Feb 01 15:27:27 UTC 2019 /home/travis/build/icyphy/ptII/ptolemy/actor/lib/hoc/test/auto/IterateOverArray3.xml
----------------- Instantiating /home/travis/build/icyphy/ptII/ptolemy/actor/lib/hoc/test/auto/IterateOverArray3.xml
8 ms. Memory: 332288K Free: 285274K (86%)
----------------- Invoking toplevel() on ptolemy.moml.MoMLSimpleApplication@4f0c8c34
----------------- Done invoking toplevel() on ptolemy.moml.MoMLSimpleApplication@4f0c8c34
reloadAllAccessors: .IterateOverArray3

===========================================================================================
----------------- testing Fri Feb 01 15:27:27 UTC 2019 /home/travis/build/icyphy/ptII/ptolemy/actor/lib/hoc/test/auto/IterateOverArray4.xml
----------------- Instantiating /home/travis/build/icyphy/ptII/ptolemy/actor/lib/hoc/test/auto/IterateOverArray4.xml
3 ms. Memory: 332288K Free: 279592K (84%)
----------------- Invoking toplevel() on ptolemy.moml.MoMLSimpleApplication@1a010e06
----------------- Done invoking toplevel() on ptolemy.moml.MoMLSimpleApplication@1a010e06
reloadAllAccessors: .IterateOverArray4

===========================================================================================
----------------- testing Fri Feb 01 15:27:27 UTC 2019 /home/travis/build/icyphy/ptII/ptolemy/actor/lib/hoc/test/auto/IterateOverArray5.xml
----------------- Instantiating /home/travis/build/icyphy/ptII/ptolemy/actor/lib/hoc/test/auto/IterateOverArray5.xml
3 ms. Memory: 332288K Free: 274687K (83%)
----------------- Invoking toplevel() on ptolemy.moml.MoMLSimpleApplication@38fad5af
----------------- Done invoking toplevel() on ptolemy.moml.MoMLSimpleApplication@38fad5af
reloadAllAccessors: .IterateOverArray5

===========================================================================================
----------------- testing Fri Feb 01 15:27:28 UTC 2019 /home/travis/build/icyphy/ptII/ptolemy/actor/lib/hoc/test/auto/IterateOverArray6.xml
----------------- Instantiating /home/travis/build/icyphy/ptII/ptolemy/actor/lib/hoc/test/auto/IterateOverArray6.xml
3 ms. Memory: 332288K Free: 269004K (81%)
----------------- Invoking toplevel() on ptolemy.moml.MoMLSimpleApplication@4e4a943f
----------------- Done invoking toplevel() on ptolemy.moml.MoMLSimpleApplication@4e4a943f
reloadAllAccessors: .IterateOverArray6

===========================================================================================
----------------- testing Fri Feb 01 15:27:28 UTC 2019 /home/travis/build/icyphy/ptII/ptolemy/actor/lib/hoc/test/auto/IterateOverArray7.xml
----------------- Instantiating /home/travis/build/icyphy/ptII/ptolemy/actor/lib/hoc/test/auto/IterateOverArray7.xml
7 ms. Memory: 332288K Free: 264099K (79%)
----------------- Invoking toplevel() on ptolemy.moml.MoMLSimpleApplication@39f33e04
----------------- Done invoking toplevel() on ptolemy.moml.MoMLSimpleApplication@39f33e04
reloadAllAccessors: .IterateOverArray7

===========================================================================================
----------------- testing Fri Feb 01 15:27:28 UTC 2019 /home/travis/build/icyphy/ptII/ptolemy/actor/lib/hoc/test/auto/IterateOverArray8.xml
----------------- Instantiating /home/travis/build/icyphy/ptII/ptolemy/actor/lib/hoc/test/auto/IterateOverArray8.xml
7 ms. Memory: 332288K Free: 259194K (78%)
----------------- Invoking toplevel() on ptolemy.moml.MoMLSimpleApplication@409dc6b0
----------------- Done invoking toplevel() on ptolemy.moml.MoMLSimpleApplication@409dc6b0
reloadAllAccessors: .IterateOverArray8

===========================================================================================
----------------- testing Fri Feb 01 15:27:28 UTC 2019 /home/travis/build/icyphy/ptII/ptolemy/actor/lib/hoc/test/auto/IterateOverArray9.xml
----------------- Instantiating /home/travis/build/icyphy/ptII/ptolemy/actor/lib/hoc/test/auto/IterateOverArray9.xml
4 ms. Memory: 332288K Free: 253511K (76%)
----------------- Invoking toplevel() on ptolemy.moml.MoMLSimpleApplication@970c485
----------------- Done invoking toplevel() on ptolemy.moml.MoMLSimpleApplication@970c485
reloadAllAccessors: .IterateOverArray9

===========================================================================================
----------------- testing Fri Feb 01 15:27:28 UTC 2019 /home/travis/build/icyphy/ptII/ptolemy/actor/lib/hoc/test/auto/IterateOverArrayCoercedOutputType.xml
----------------- Instantiating /home/travis/build/icyphy/ptII/ptolemy/actor/lib/hoc/test/auto/IterateOverArrayCoercedOutputType.xml
3 ms. Memory: 332288K Free: 246971K (74%)
----------------- Invoking toplevel() on ptolemy.moml.MoMLSimpleApplication@1684d01d
----------------- Done invoking toplevel() on ptolemy.moml.MoMLSimpleApplication@1684d01d
reloadAllAccessors: .IterateOverArrayCoercedOutputType

===========================================================================================
----------------- testing Fri Feb 01 15:27:28 UTC 2019 /home/travis/build/icyphy/ptII/ptolemy/actor/lib/hoc/test/auto/IterateOverArrayInferredOutputType.xml
----------------- Instantiating /home/travis/build/icyphy/ptII/ptolemy/actor/lib/hoc/test/auto/IterateOverArrayInferredOutputType.xml
4 ms. Memory: 332288K Free: 239653K (72%)
----------------- Invoking toplevel() on ptolemy.moml.MoMLSimpleApplication@ca96886
----------------- Done invoking toplevel() on ptolemy.moml.MoMLSimpleApplication@ca96886
reloadAllAccessors: .IterateOverArrayInferredOutputType

===========================================================================================
----------------- testing Fri Feb 01 15:27:28 UTC 2019 /home/travis/build/icyphy/ptII/ptolemy/actor/lib/hoc/test/auto/MobileFunctionTest.xml
----------------- Instantiating /home/travis/build/icyphy/ptII/ptolemy/actor/lib/hoc/test/auto/MobileFunctionTest.xml
4 ms. Memory: 332288K Free: 234748K (71%)
----------------- Invoking toplevel() on ptolemy.moml.MoMLSimpleApplication@61750861
----------------- Done invoking toplevel() on ptolemy.moml.MoMLSimpleApplication@61750861
reloadAllAccessors: .MobileFunctionTest

===========================================================================================
----------------- testing Fri Feb 01 15:27:28 UTC 2019 /home/travis/build/icyphy/ptII/ptolemy/actor/lib/hoc/test/auto/MobileModelTest.xml
----------------- Instantiating /home/travis/build/icyphy/ptII/ptolemy/actor/lib/hoc/test/auto/MobileModelTest.xml
64 ms. Memory: 332288K Free: 212698K (64%)
----------------- Invoking toplevel() on ptolemy.moml.MoMLSimpleApplication@1d0956e2
----------------- Done invoking toplevel() on ptolemy.moml.MoMLSimpleApplication@1d0956e2
reloadAllAccessors: .MobileModelTest

===========================================================================================
----------------- testing Fri Feb 01 15:27:28 UTC 2019 /home/travis/build/icyphy/ptII/ptolemy/actor/lib/hoc/test/auto/ModelReference.xml
----------------- Instantiating /home/travis/build/icyphy/ptII/ptolemy/actor/lib/hoc/test/auto/ModelReference.xml
2 ms. Memory: 332288K Free: 204523K (62%)
2 ms. Memory: 332288K Free: 204523K (62%)
2 ms. Memory: 332288K Free: 202888K (61%)
2 ms. Memory: 332288K Free: 202888K (61%)
1 ms. Memory: 332288K Free: 201253K (61%)
2 ms. Memory: 332288K Free: 201253K (61%)
3 ms. Memory: 332288K Free: 199618K (60%)
1 ms. Memory: 332288K Free: 199618K (60%)
2 ms. Memory: 332288K Free: 197983K (60%)
3 ms. Memory: 332288K Free: 197983K (60%)
25 ms. Memory: 332288K Free: 197983K (60%)
----------------- Invoking toplevel() on ptolemy.moml.MoMLSimpleApplication@1c585797
----------------- Done invoking toplevel() on ptolemy.moml.MoMLSimpleApplication@1c585797
reloadAllAccessors: .ModelReference

===========================================================================================
----------------- testing Fri Feb 01 15:27:28 UTC 2019 /home/travis/build/icyphy/ptII/ptolemy/actor/lib/hoc/test/auto/ModelReference3.xml
----------------- Instantiating /home/travis/build/icyphy/ptII/ptolemy/actor/lib/hoc/test/auto/ModelReference3.xml
2 ms. Memory: 332288K Free: 193078K (58%)
5 ms. Memory: 332288K Free: 191443K (58%)
1 ms. Memory: 332288K Free: 191443K (58%)
4 ms. Memory: 332288K Free: 189808K (57%)
1 ms. Memory: 332288K Free: 189808K (57%)
2 ms. Memory: 332288K Free: 188173K (57%)
1 ms. Memory: 332288K Free: 188173K (57%)
1 ms. Memory: 332288K Free: 186538K (56%)
1 ms. Memory: 332288K Free: 186538K (56%)
2 ms. Memory: 332288K Free: 184903K (56%)
26 ms. Memory: 332288K Free: 184903K (56%)
----------------- Invoking toplevel() on ptolemy.moml.MoMLSimpleApplication@48f145a4
----------------- Done invoking toplevel() on ptolemy.moml.MoMLSimpleApplication@48f145a4
reloadAllAccessors: .ModelReference3

===========================================================================================
----------------- testing Fri Feb 01 15:27:28 UTC 2019 /home/travis/build/icyphy/ptII/ptolemy/actor/lib/hoc/test/auto/ModelReference4.xml
----------------- Instantiating /home/travis/build/icyphy/ptII/ptolemy/actor/lib/hoc/test/auto/ModelReference4.xml
3 ms. Memory: 332288K Free: 177585K (53%)
2 ms. Memory: 332288K Free: 175950K (53%)
7 ms. Memory: 332288K Free: 174315K (52%)
2 ms. Memory: 332288K Free: 172680K (52%)
5 ms. Memory: 332288K Free: 169394K (51%)
6 ms. Memory: 332288K Free: 167759K (50%)
2 ms. Memory: 332288K Free: 166124K (50%)
2 ms. Memory: 332288K Free: 164489K (50%)
2 ms. Memory: 332288K Free: 162854K (49%)
2 ms. Memory: 332288K Free: 161219K (49%)
10022 ms. Memory: 332288K Free: 161219K (49%)
----------------- Invoking toplevel() on ptolemy.moml.MoMLSimpleApplication@7cc84459
----------------- Done invoking toplevel() on ptolemy.moml.MoMLSimpleApplication@7cc84459
reloadAllAccessors: .ModelReference4

===========================================================================================
----------------- testing Fri Feb 01 15:27:38 UTC 2019 /home/travis/build/icyphy/ptII/ptolemy/actor/lib/hoc/test/auto/MultiInstanceComposite.xml
----------------- Instantiating /home/travis/build/icyphy/ptII/ptolemy/actor/lib/hoc/test/auto/MultiInstanceComposite.xml
23 ms. Memory: 332288K Free: 143209K (43%)
----------------- Invoking toplevel() on ptolemy.moml.MoMLSimpleApplication@3aa6783d
----------------- Done invoking toplevel() on ptolemy.moml.MoMLSimpleApplication@3aa6783d
reloadAllAccessors: .MultiInstanceComposite

===========================================================================================
----------------- testing Fri Feb 01 15:27:38 UTC 2019 /home/travis/build/icyphy/ptII/ptolemy/actor/lib/hoc/test/auto/MultiInstanceComposite2.xml
----------------- Instantiating /home/travis/build/icyphy/ptII/ptolemy/actor/lib/hoc/test/auto/MultiInstanceComposite2.xml
22 ms. Memory: 332288K Free: 129279K (39%)
----------------- Invoking toplevel() on ptolemy.moml.MoMLSimpleApplication@29b0106b
----------------- Done invoking toplevel() on ptolemy.moml.MoMLSimpleApplication@29b0106b
reloadAllAccessors: .MultiInstanceComposite2

===========================================================================================
----------------- testing Fri Feb 01 15:27:38 UTC 2019 /home/travis/build/icyphy/ptII/ptolemy/actor/lib/hoc/test/auto/MulticoreExecution.xml
----------------- Instantiating /home/travis/build/icyphy/ptII/ptolemy/actor/lib/hoc/test/auto/MulticoreExecution.xml
Fired ExecutionTime: 1600000
Fired ExecutionTime: 4400000
Fired ExecutionTime: 2800000
Fired ExecutionTime: 2800000
Fired ExecutionTime: 2800000
Fired ExecutionTime: 3200000
Fired ExecutionTime: 2800000
Fired ExecutionTime: 2800000
Fired ExecutionTime: 3200000
Fired ExecutionTime: 2800000
Fired ExecutionTime: 2800000
Fired ExecutionTime: 3200000
Fired ExecutionTime: 2000000
Fired ExecutionTime: 4000000
Fired ExecutionTime: 2800000
Fired ExecutionTime: 2800000
Fired ExecutionTime: 2800000
Fired ExecutionTime: 3200000
Fired ExecutionTime: 35600000
Fired ExecutionTime: 75600000
1136 ms. Memory: 332288K Free: 116167K (35%)
----------------- Invoking toplevel() on ptolemy.moml.MoMLSimpleApplication@27ac7e8e
----------------- Done invoking toplevel() on ptolemy.moml.MoMLSimpleApplication@27ac7e8e
reloadAllAccessors: .MulticoreExecution

===========================================================================================
----------------- testing Fri Feb 01 15:27:39 UTC 2019 /home/travis/build/icyphy/ptII/ptolemy/actor/lib/hoc/test/auto/ParallelExecution.xml
----------------- Instantiating /home/travis/build/icyphy/ptII/ptolemy/actor/lib/hoc/test/auto/ParallelExecution.xml
916 ms. Memory: 332288K Free: 103912K (31%)
----------------- Invoking toplevel() on ptolemy.moml.MoMLSimpleApplication@10b1e0ab
----------------- Done invoking toplevel() on ptolemy.moml.MoMLSimpleApplication@10b1e0ab
reloadAllAccessors: .ParallelExecution

===========================================================================================
----------------- testing Fri Feb 01 15:27:40 UTC 2019 /home/travis/build/icyphy/ptII/ptolemy/actor/lib/hoc/test/auto/RunCompositeActor.xml
----------------- Instantiating /home/travis/build/icyphy/ptII/ptolemy/actor/lib/hoc/test/auto/RunCompositeActor.xml
5 ms. Memory: 332288K Free: 95713K (29%)
----------------- Invoking toplevel() on ptolemy.moml.MoMLSimpleApplication@26f2344a
----------------- Done invoking toplevel() on ptolemy.moml.MoMLSimpleApplication@26f2344a
reloadAllAccessors: .RunCompositeActor

===========================================================================================
----------------- testing Fri Feb 01 15:27:40 UTC 2019 /home/travis/build/icyphy/ptII/ptolemy/actor/lib/hoc/test/auto/RunCompositeActor2.xml
----------------- Instantiating /home/travis/build/icyphy/ptII/ptolemy/actor/lib/hoc/test/auto/RunCompositeActor2.xml
5 ms. Memory: 332288K Free: 89157K (27%)
----------------- Invoking toplevel() on ptolemy.moml.MoMLSimpleApplication@247889b4
----------------- Done invoking toplevel() on ptolemy.moml.MoMLSimpleApplication@247889b4
reloadAllAccessors: .RunCompositeActor2

===========================================================================================
----------------- testing Fri Feb 01 15:27:40 UTC 2019 /home/travis/build/icyphy/ptII/ptolemy/actor/lib/hoc/test/auto/RunCompositeActor3.xml
----------------- Instantiating /home/travis/build/icyphy/ptII/ptolemy/actor/lib/hoc/test/auto/RunCompositeActor3.xml
3 ms. Memory: 332288K Free: 81831K (25%)
----------------- Invoking toplevel() on ptolemy.moml.MoMLSimpleApplication@1aebde5f
----------------- Done invoking toplevel() on ptolemy.moml.MoMLSimpleApplication@1aebde5f
reloadAllAccessors: .RunCompositeActor3

===========================================================================================
----------------- testing Fri Feb 01 15:27:40 UTC 2019 /home/travis/build/icyphy/ptII/ptolemy/actor/lib/hoc/test/auto/RunCompositeActor4.xml
----------------- Instantiating /home/travis/build/icyphy/ptII/ptolemy/actor/lib/hoc/test/auto/RunCompositeActor4.xml
12 ms. Memory: 332800K Free: 318498K (96%)
----------------- Invoking toplevel() on ptolemy.moml.MoMLSimpleApplication@4b810eb1
----------------- Done invoking toplevel() on ptolemy.moml.MoMLSimpleApplication@4b810eb1
reloadAllAccessors: .RunCompositeActor4

===========================================================================================
----------------- testing Fri Feb 01 15:27:40 UTC 2019 /home/travis/build/icyphy/ptII/ptolemy/actor/lib/hoc/test/auto/RunCompositeIterateOverArray.xml
----------------- Instantiating /home/travis/build/icyphy/ptII/ptolemy/actor/lib/hoc/test/auto/RunCompositeIterateOverArray.xml
5 ms. Memory: 332800K Free: 311376K (94%)
----------------- Invoking toplevel() on ptolemy.moml.MoMLSimpleApplication@7748514b
----------------- Done invoking toplevel() on ptolemy.moml.MoMLSimpleApplication@7748514b
reloadAllAccessors: .RunCompositeIterateOverArray

===========================================================================================
----------------- testing Fri Feb 01 15:27:40 UTC 2019 /home/travis/build/icyphy/ptII/ptolemy/actor/lib/hoc/test/auto/ThreadedJS.xml
----------------- Instantiating /home/travis/build/icyphy/ptII/ptolemy/actor/lib/hoc/test/auto/ThreadedJS.xml
1626 ms. Memory: 540160K Free: 159395K (30%)
----------------- Invoking toplevel() on ptolemy.moml.MoMLSimpleApplication@31720db8
----------------- Done invoking toplevel() on ptolemy.moml.MoMLSimpleApplication@31720db8
reloadAllAccessors: .ThreadedJS
AutoTests.java: About to close Vertx.
AutoTests.java: Vertx closed.
]]></system-out>
  <system-err><![CDATA[java.lang.RuntimeException: Execution failed
	at ptolemy.moml.MoMLSimpleApplication$UnloadThread.run(MoMLSimpleApplication.java:402)
Caused by: ptolemy.kernel.util.IllegalActionException: initialize() was called after wrapup() was called but preinitialize() was not called after wrapup().
	at ptolemy.actor.lib.hoc.test.PreinitializeMustBeInvoked.initialize(PreinitializeMustBeInvoked.java:78)
	at ptolemy.actor.Director.initialize(Director.java:938)
	at ptolemy.actor.Director.initialize(Director.java:907)
	at ptolemy.actor.sched.StaticSchedulingDirector.initialize(StaticSchedulingDirector.java:159)
	at ptolemy.domains.sdf.kernel.SDFDirector.initialize(SDFDirector.java:544)
	at ptolemy.actor.CompositeActor.initialize(CompositeActor.java:935)
	at ptolemy.actor.lib.hoc.LifeCycleManager._executeInsideModel(LifeCycleManager.java:339)
	at ptolemy.actor.lib.hoc.RunCompositeActor.fire(RunCompositeActor.java:205)
	at ptolemy.actor.CompositeActor.iterate(CompositeActor.java:1146)
	at ptolemy.actor.sched.StaticSchedulingDirector.fire(StaticSchedulingDirector.java:216)
	at ptolemy.domains.sdf.kernel.SDFDirector.fire(SDFDirector.java:500)
	at ptolemy.actor.CompositeActor.fire(CompositeActor.java:455)
	at ptolemy.actor.Manager.iterate(Manager.java:851)
	at ptolemy.actor.Manager.execute(Manager.java:369)
	at ptolemy.actor.Manager.run(Manager.java:1263)
	at ptolemy.actor.Manager$PtolemyRunThread.run(Manager.java:1915)
java.lang.reflect.InvocationTargetException
	at sun.reflect.NativeConstructorAccessorImpl.newInstance0(Native Method)
	at sun.reflect.NativeConstructorAccessorImpl.newInstance(NativeConstructorAccessorImpl.java:62)
	at sun.reflect.DelegatingConstructorAccessorImpl.newInstance(DelegatingConstructorAccessorImpl.java:45)
	at java.lang.reflect.Constructor.newInstance(Constructor.java:423)
	at ptolemy.util.test.junit.AutoKnownFailedTests.RunModel(AutoKnownFailedTests.java:105)
	at sun.reflect.NativeMethodAccessorImpl.invoke0(Native Method)
	at sun.reflect.NativeMethodAccessorImpl.invoke(NativeMethodAccessorImpl.java:62)
	at sun.reflect.DelegatingMethodAccessorImpl.invoke(DelegatingMethodAccessorImpl.java:43)
	at java.lang.reflect.Method.invoke(Method.java:498)
	at org.junit.runners.model.FrameworkMethod$1.runReflectiveCall(FrameworkMethod.java:44)
	at org.junit.internal.runners.model.ReflectiveCallable.run(ReflectiveCallable.java:15)
	at org.junit.runners.model.FrameworkMethod.invokeExplosively(FrameworkMethod.java:41)
	at junitparams.internal.InvokeParameterisedMethod.evaluate(InvokeParameterisedMethod.java:102)
	at org.junit.internal.runners.statements.FailOnTimeout$1.run(FailOnTimeout.java:28)
Caused by: ptolemy.kernel.util.IllegalActionException: initialize() was called after wrapup() was called but preinitialize() was not called after wrapup().
	at ptolemy.actor.lib.hoc.test.PreinitializeMustBeInvoked.initialize(PreinitializeMustBeInvoked.java:78)
	at ptolemy.actor.Director.initialize(Director.java:938)
	at ptolemy.actor.Director.initialize(Director.java:907)
	at ptolemy.actor.sched.StaticSchedulingDirector.initialize(StaticSchedulingDirector.java:159)
	at ptolemy.domains.sdf.kernel.SDFDirector.initialize(SDFDirector.java:544)
	at ptolemy.actor.CompositeActor.initialize(CompositeActor.java:935)
	at ptolemy.actor.lib.hoc.LifeCycleManager._executeInsideModel(LifeCycleManager.java:339)
	at ptolemy.actor.lib.hoc.RunCompositeActor.fire(RunCompositeActor.java:205)
	at ptolemy.actor.CompositeActor.iterate(CompositeActor.java:1146)
	at ptolemy.actor.sched.StaticSchedulingDirector.fire(StaticSchedulingDirector.java:216)
	at ptolemy.domains.sdf.kernel.SDFDirector.fire(SDFDirector.java:500)
	at ptolemy.actor.CompositeActor.fire(CompositeActor.java:455)
	at ptolemy.actor.Manager.iterate(Manager.java:851)
	at ptolemy.actor.Manager.execute(Manager.java:369)
	at ptolemy.actor.Manager.run(Manager.java:1263)
	at ptolemy.actor.Manager$PtolemyRunThread.run(Manager.java:1915)
]]></system-err>
</testsuite>
