<?xml version="1.0" encoding="UTF-8" ?>
<testsuite errors="0" failures="0" hostname="travis-job-21eac5d9-b23d-46c3-8050-17f21f27c21f" name="ptolemy.domains.de.test.junit.JUnitTclTest" skipped="0" tests="101" time="133.443" timestamp="2019-03-09T03:43:26">
  <properties>
[...]
</properties>
  <testcase classname="ptolemy.util.test.junit.TclTests" name="[0] /home/travis/build/icyphy/ptII/ptolemy/domains/de/test/DependencyLoop.tcl (RunTclFile)" time="0.855" />
  <testcase classname="ptolemy.util.test.junit.TclTests" name="[1] /home/travis/build/icyphy/ptII/ptolemy/domains/de/test/RunDETestsAsQSS.tcl (RunTclFile)" time="92.289" />
  <testcase classname="ptolemy.util.test.junit.AutoKnownFailedTests" name="[0] /home/travis/build/icyphy/ptII/ptolemy/domains/de/test/auto/knownFailedTests/DESDFClockTest.xml (RunModel)" time="2.05" />
  <testcase classname="ptolemy.util.test.junit.AutoKnownFailedTests" name="[1] /home/travis/build/icyphy/ptII/ptolemy/domains/de/test/auto/knownFailedTests/DirectFeedback.xml (RunModel)" time="0.019" />
  <testcase classname="ptolemy.util.test.junit.AutoKnownFailedTests" name="[2] /home/travis/build/icyphy/ptII/ptolemy/domains/de/test/auto/knownFailedTests/FSMSource.xml (RunModel)" time="0.034" />
  <testcase classname="ptolemy.util.test.junit.AutoKnownFailedTests" name="[3] /home/travis/build/icyphy/ptII/ptolemy/domains/de/test/auto/knownFailedTests/HierarchicalModel.xml (RunModel)" time="0.062" />
  <testcase classname="ptolemy.util.test.junit.AutoKnownFailedTests" name="[4] /home/travis/build/icyphy/ptII/ptolemy/domains/de/test/auto/knownFailedTests/dependencyLoop.xml (RunModel)" time="0.039" />
  <testcase classname="ptolemy.util.test.junit.AutoKnownFailedTests" name="[5] /home/travis/build/icyphy/ptII/ptolemy/domains/de/test/auto/knownFailedTests/dependencyLoop2.xml (RunModel)" time="0.042" />
  <testcase classname="ptolemy.util.test.junit.AutoNameArchTests" name="[0] ThereAreNoAutoArchTests (RunModel)" time="0.0" />
  <testcase classname="ptolemy.util.test.junit.AutoTests" name="[0] /home/travis/build/icyphy/ptII/ptolemy/domains/de/test/auto/ActorDepthCalculation_actorWithoutPorts.xml (RunModel)" time="0.023" />
  <testcase classname="ptolemy.util.test.junit.AutoTests" name="[1] /home/travis/build/icyphy/ptII/ptolemy/domains/de/test/auto/AssemblyLine.xml (RunModel)" time="0.021" />
  <testcase classname="ptolemy.util.test.junit.AutoTests" name="[2] /home/travis/build/icyphy/ptII/ptolemy/domains/de/test/auto/CQBug1.xml (RunModel)" time="0.012" />
  <testcase classname="ptolemy.util.test.junit.AutoTests" name="[3] /home/travis/build/icyphy/ptII/ptolemy/domains/de/test/auto/CancelFireAt.xml (RunModel)" time="0.01" />
  <testcase classname="ptolemy.util.test.junit.AutoTests" name="[4] /home/travis/build/icyphy/ptII/ptolemy/domains/de/test/auto/CausalityAndComposabilityAnalysis.xml (RunModel)" time="0.01" />
  <testcase classname="ptolemy.util.test.junit.AutoTests" name="[5] /home/travis/build/icyphy/ptII/ptolemy/domains/de/test/auto/CausalityInterface1.xml (RunModel)" time="0.014" />
  <testcase classname="ptolemy.util.test.junit.AutoTests" name="[6] /home/travis/build/icyphy/ptII/ptolemy/domains/de/test/auto/CausalityInterface15.xml (RunModel)" time="0.013" />
  <testcase classname="ptolemy.util.test.junit.AutoTests" name="[7] /home/travis/build/icyphy/ptII/ptolemy/domains/de/test/auto/CausalityInterface2.xml (RunModel)" time="0.01" />
  <testcase classname="ptolemy.util.test.junit.AutoTests" name="[8] /home/travis/build/icyphy/ptII/ptolemy/domains/de/test/auto/CausalityInterface3.xml (RunModel)" time="0.011" />
  <testcase classname="ptolemy.util.test.junit.AutoTests" name="[9] /home/travis/build/icyphy/ptII/ptolemy/domains/de/test/auto/ClockDrift.xml (RunModel)" time="0.029" />
  <testcase classname="ptolemy.util.test.junit.AutoTests" name="[10] /home/travis/build/icyphy/ptII/ptolemy/domains/de/test/auto/ClockDriftAndValueChange.xml (RunModel)" time="0.026" />
  <testcase classname="ptolemy.util.test.junit.AutoTests" name="[11] /home/travis/build/icyphy/ptII/ptolemy/domains/de/test/auto/ClockDriftChange.xml (RunModel)" time="0.022" />
  <testcase classname="ptolemy.util.test.junit.AutoTests" name="[12] /home/travis/build/icyphy/ptII/ptolemy/domains/de/test/auto/ComposableCausalityAnalysis.xml (RunModel)" time="0.022" />
  <testcase classname="ptolemy.util.test.junit.AutoTests" name="[13] /home/travis/build/icyphy/ptII/ptolemy/domains/de/test/auto/DEFixedPointLimitation.xml (RunModel)" time="0.011" />
  <testcase classname="ptolemy.util.test.junit.AutoTests" name="[14] /home/travis/build/icyphy/ptII/ptolemy/domains/de/test/auto/DEScheduleTest.xml (RunModel)" time="0.013" />
  <testcase classname="ptolemy.util.test.junit.AutoTests" name="[15] /home/travis/build/icyphy/ptII/ptolemy/domains/de/test/auto/DEinDEwithStartTimes.xml (RunModel)" time="0.012" />
  <testcase classname="ptolemy.util.test.junit.AutoTests" name="[16] /home/travis/build/icyphy/ptII/ptolemy/domains/de/test/auto/DEinDEwithStartTimes2.xml (RunModel)" time="0.013" />
  <testcase classname="ptolemy.util.test.junit.AutoTests" name="[17] /home/travis/build/icyphy/ptII/ptolemy/domains/de/test/auto/DateDemo.xml (RunModel)" time="0.023" />
  <testcase classname="ptolemy.util.test.junit.AutoTests" name="[18] /home/travis/build/icyphy/ptII/ptolemy/domains/de/test/auto/DateToEvent.xml (RunModel)" time="2.032" />
  <testcase classname="ptolemy.util.test.junit.AutoTests" name="[19] /home/travis/build/icyphy/ptII/ptolemy/domains/de/test/auto/DepthTest1.xml (RunModel)" time="0.017" />
  <testcase classname="ptolemy.util.test.junit.AutoTests" name="[20] /home/travis/build/icyphy/ptII/ptolemy/domains/de/test/auto/DepthTest2.xml (RunModel)" time="0.024" />
  <testcase classname="ptolemy.util.test.junit.AutoTests" name="[21] /home/travis/build/icyphy/ptII/ptolemy/domains/de/test/auto/DepthTest3.xml (RunModel)" time="0.01" />
  <testcase classname="ptolemy.util.test.junit.AutoTests" name="[22] /home/travis/build/icyphy/ptII/ptolemy/domains/de/test/auto/DepthTest4.xml (RunModel)" time="0.016" />
  <testcase classname="ptolemy.util.test.junit.AutoTests" name="[23] /home/travis/build/icyphy/ptII/ptolemy/domains/de/test/auto/DepthTest5.xml (RunModel)" time="0.016" />
  <testcase classname="ptolemy.util.test.junit.AutoTests" name="[24] /home/travis/build/icyphy/ptII/ptolemy/domains/de/test/auto/DepthTest6.xml (RunModel)" time="0.017" />
  <testcase classname="ptolemy.util.test.junit.AutoTests" name="[25] /home/travis/build/icyphy/ptII/ptolemy/domains/de/test/auto/DepthTest7.xml (RunModel)" time="0.014" />
  <testcase classname="ptolemy.util.test.junit.AutoTests" name="[26] /home/travis/build/icyphy/ptII/ptolemy/domains/de/test/auto/EventToDate.xml (RunModel)" time="3.035" />
  <testcase classname="ptolemy.util.test.junit.AutoTests" name="[27] /home/travis/build/icyphy/ptII/ptolemy/domains/de/test/auto/FSM1.xml (RunModel)" time="0.028" />
  <testcase classname="ptolemy.util.test.junit.AutoTests" name="[28] /home/travis/build/icyphy/ptII/ptolemy/domains/de/test/auto/FSM7.xml (RunModel)" time="0.033" />
  <testcase classname="ptolemy.util.test.junit.AutoTests" name="[29] /home/travis/build/icyphy/ptII/ptolemy/domains/de/test/auto/Inspection.xml (RunModel)" time="0.036" />
  <testcase classname="ptolemy.util.test.junit.AutoTests" name="[30] /home/travis/build/icyphy/ptII/ptolemy/domains/de/test/auto/Iteration.xml (RunModel)" time="0.026" />
  <testcase classname="ptolemy.util.test.junit.AutoTests" name="[31] /home/travis/build/icyphy/ptII/ptolemy/domains/de/test/auto/LineFault.xml (RunModel)" time="0.564" />
  <testcase classname="ptolemy.util.test.junit.AutoTests" name="[32] /home/travis/build/icyphy/ptII/ptolemy/domains/de/test/auto/MergeModel1Add.xml (RunModel)" time="0.04" />
  <testcase classname="ptolemy.util.test.junit.AutoTests" name="[33] /home/travis/build/icyphy/ptII/ptolemy/domains/de/test/auto/MergeModel2Add.xml (RunModel)" time="0.033" />
  <testcase classname="ptolemy.util.test.junit.AutoTests" name="[34] /home/travis/build/icyphy/ptII/ptolemy/domains/de/test/auto/MergeModel3Add.xml (RunModel)" time="0.041" />
  <testcase classname="ptolemy.util.test.junit.AutoTests" name="[35] /home/travis/build/icyphy/ptII/ptolemy/domains/de/test/auto/MergeWithoutDiscard.xml (RunModel)" time="0.01" />
  <testcase classname="ptolemy.util.test.junit.AutoTests" name="[36] /home/travis/build/icyphy/ptII/ptolemy/domains/de/test/auto/Modal1.xml (RunModel)" time="0.026" />
  <testcase classname="ptolemy.util.test.junit.AutoTests" name="[37] /home/travis/build/icyphy/ptII/ptolemy/domains/de/test/auto/Modal2.xml (RunModel)" time="0.031" />
  <testcase classname="ptolemy.util.test.junit.AutoTests" name="[38] /home/travis/build/icyphy/ptII/ptolemy/domains/de/test/auto/Modal3.xml (RunModel)" time="0.03" />
  <testcase classname="ptolemy.util.test.junit.AutoTests" name="[39] /home/travis/build/icyphy/ptII/ptolemy/domains/de/test/auto/Modal4.xml (RunModel)" time="0.035" />
  <testcase classname="ptolemy.util.test.junit.AutoTests" name="[40] /home/travis/build/icyphy/ptII/ptolemy/domains/de/test/auto/Modal5.xml (RunModel)" time="0.028" />
  <testcase classname="ptolemy.util.test.junit.AutoTests" name="[41] /home/travis/build/icyphy/ptII/ptolemy/domains/de/test/auto/Modal6.xml (RunModel)" time="0.028" />
  <testcase classname="ptolemy.util.test.junit.AutoTests" name="[42] /home/travis/build/icyphy/ptII/ptolemy/domains/de/test/auto/Modal7.xml (RunModel)" time="0.027" />
  <testcase classname="ptolemy.util.test.junit.AutoTests" name="[43] /home/travis/build/icyphy/ptII/ptolemy/domains/de/test/auto/ModalModel.xml (RunModel)" time="0.132" />
  <testcase classname="ptolemy.util.test.junit.AutoTests" name="[44] /home/travis/build/icyphy/ptII/ptolemy/domains/de/test/auto/ModalSource.xml (RunModel)" time="0.017" />
  <testcase classname="ptolemy.util.test.junit.AutoTests" name="[45] /home/travis/build/icyphy/ptII/ptolemy/domains/de/test/auto/NonInterruptibleTimerZeroDelay.xml (RunModel)" time="0.009" />
  <testcase classname="ptolemy.util.test.junit.AutoTests" name="[46] /home/travis/build/icyphy/ptII/ptolemy/domains/de/test/auto/OpenQueueingNetwork.xml (RunModel)" time="2.283" />
  <testcase classname="ptolemy.util.test.junit.AutoTests" name="[47] /home/travis/build/icyphy/ptII/ptolemy/domains/de/test/auto/OpenQueuingNetwork.xml (RunModel)" time="0.294" />
  <testcase classname="ptolemy.util.test.junit.AutoTests" name="[48] /home/travis/build/icyphy/ptII/ptolemy/domains/de/test/auto/PeriodicSampler.xml (RunModel)" time="0.008" />
  <testcase classname="ptolemy.util.test.junit.AutoTests" name="[49] /home/travis/build/icyphy/ptII/ptolemy/domains/de/test/auto/PersistentIO.xml (RunModel)" time="0.018" />
  <testcase classname="ptolemy.util.test.junit.AutoTests" name="[50] /home/travis/build/icyphy/ptII/ptolemy/domains/de/test/auto/PortParameterResetOnInitialize.xml (RunModel)" time="0.01" />
  <testcase classname="ptolemy.util.test.junit.AutoTests" name="[51] /home/travis/build/icyphy/ptII/ptolemy/domains/de/test/auto/PortParameterUpdates.xml (RunModel)" time="0.012" />
  <testcase classname="ptolemy.util.test.junit.AutoTests" name="[52] /home/travis/build/icyphy/ptII/ptolemy/domains/de/test/auto/QueueAndServer.xml (RunModel)" time="0.017" />
  <testcase classname="ptolemy.util.test.junit.AutoTests" name="[53] /home/travis/build/icyphy/ptII/ptolemy/domains/de/test/auto/Records.xml (RunModel)" time="0.011" />
  <testcase classname="ptolemy.util.test.junit.AutoTests" name="[54] /home/travis/build/icyphy/ptII/ptolemy/domains/de/test/auto/ResetTransitionWithStartTime1.xml (RunModel)" time="0.016" />
  <testcase classname="ptolemy.util.test.junit.AutoTests" name="[55] /home/travis/build/icyphy/ptII/ptolemy/domains/de/test/auto/ResetTransitionWithStartTime2.xml (RunModel)" time="0.015" />
  <testcase classname="ptolemy.util.test.junit.AutoTests" name="[56] /home/travis/build/icyphy/ptII/ptolemy/domains/de/test/auto/ResetTransitionWithStartTime3.xml (RunModel)" time="0.016" />
  <testcase classname="ptolemy.util.test.junit.AutoTests" name="[57] /home/travis/build/icyphy/ptII/ptolemy/domains/de/test/auto/ResetTransitionWithStartTime4.xml (RunModel)" time="0.015" />
  <testcase classname="ptolemy.util.test.junit.AutoTests" name="[58] /home/travis/build/icyphy/ptII/ptolemy/domains/de/test/auto/ResettableTimer1.xml (RunModel)" time="0.01" />
  <testcase classname="ptolemy.util.test.junit.AutoTests" name="[59] /home/travis/build/icyphy/ptII/ptolemy/domains/de/test/auto/ResettableTimer2.xml (RunModel)" time="0.008" />
  <testcase classname="ptolemy.util.test.junit.AutoTests" name="[60] /home/travis/build/icyphy/ptII/ptolemy/domains/de/test/auto/ResettableTimer3.xml (RunModel)" time="0.008" />
  <testcase classname="ptolemy.util.test.junit.AutoTests" name="[61] /home/travis/build/icyphy/ptII/ptolemy/domains/de/test/auto/ResettableTimer4.xml (RunModel)" time="0.007" />
  <testcase classname="ptolemy.util.test.junit.AutoTests" name="[62] /home/travis/build/icyphy/ptII/ptolemy/domains/de/test/auto/ResettableTimer5.xml (RunModel)" time="0.009" />
  <testcase classname="ptolemy.util.test.junit.AutoTests" name="[63] /home/travis/build/icyphy/ptII/ptolemy/domains/de/test/auto/ResettableTimer6.xml (RunModel)" time="0.009" />
  <testcase classname="ptolemy.util.test.junit.AutoTests" name="[64] /home/travis/build/icyphy/ptII/ptolemy/domains/de/test/auto/ServerZeroDelay.xml (RunModel)" time="0.009" />
  <testcase classname="ptolemy.util.test.junit.AutoTests" name="[65] /home/travis/build/icyphy/ptII/ptolemy/domains/de/test/auto/SmartSender.xml (RunModel)" time="3.008" />
  <testcase classname="ptolemy.util.test.junit.AutoTests" name="[66] /home/travis/build/icyphy/ptII/ptolemy/domains/de/test/auto/ThreadedComposite.xml (RunModel)" time="0.167" />
  <testcase classname="ptolemy.util.test.junit.AutoTests" name="[67] /home/travis/build/icyphy/ptII/ptolemy/domains/de/test/auto/Time.xml (RunModel)" time="0.466" />
  <testcase classname="ptolemy.util.test.junit.AutoTests" name="[68] /home/travis/build/icyphy/ptII/ptolemy/domains/de/test/auto/TimeDelayZeroDelay.xml (RunModel)" time="0.012" />
  <testcase classname="ptolemy.util.test.junit.AutoTests" name="[69] /home/travis/build/icyphy/ptII/ptolemy/domains/de/test/auto/TimerZeroDelay.xml (RunModel)" time="0.01" />
  <testcase classname="ptolemy.util.test.junit.AutoTests" name="[70] /home/travis/build/icyphy/ptII/ptolemy/domains/de/test/auto/TimingParadox.xml (RunModel)" time="0.344" />
  <testcase classname="ptolemy.util.test.junit.AutoTests" name="[71] /home/travis/build/icyphy/ptII/ptolemy/domains/de/test/auto/TransferInputs.xml (RunModel)" time="0.01" />
  <testcase classname="ptolemy.util.test.junit.AutoTests" name="[72] /home/travis/build/icyphy/ptII/ptolemy/domains/de/test/auto/TransferOutputs2.xml (RunModel)" time="0.015" />
  <testcase classname="ptolemy.util.test.junit.AutoTests" name="[73] /home/travis/build/icyphy/ptII/ptolemy/domains/de/test/auto/Trilateration.xml (RunModel)" time="11.99" />
  <testcase classname="ptolemy.util.test.junit.AutoTests" name="[74] /home/travis/build/icyphy/ptII/ptolemy/domains/de/test/auto/TwoSigmaDelta.xml (RunModel)" time="2.08" />
  <testcase classname="ptolemy.util.test.junit.AutoTests" name="[75] /home/travis/build/icyphy/ptII/ptolemy/domains/de/test/auto/VariableDelay.xml (RunModel)" time="0.009" />
  <testcase classname="ptolemy.util.test.junit.AutoTests" name="[76] /home/travis/build/icyphy/ptII/ptolemy/domains/de/test/auto/VariableDelay2.xml (RunModel)" time="0.008" />
  <testcase classname="ptolemy.util.test.junit.AutoTests" name="[77] /home/travis/build/icyphy/ptII/ptolemy/domains/de/test/auto/VariableDelayZeroDelay.xml (RunModel)" time="0.01" />
  <testcase classname="ptolemy.util.test.junit.AutoTests" name="[78] /home/travis/build/icyphy/ptII/ptolemy/domains/de/test/auto/VariableDelayZeroDelay2.xml (RunModel)" time="0.01" />
  <testcase classname="ptolemy.util.test.junit.AutoTests" name="[79] /home/travis/build/icyphy/ptII/ptolemy/domains/de/test/auto/deInCt.xml (RunModel)" time="0.014" />
  <testcase classname="ptolemy.util.test.junit.AutoTests" name="[80] /home/travis/build/icyphy/ptII/ptolemy/domains/de/test/auto/deInCt2.xml (RunModel)" time="0.019" />
  <testcase classname="ptolemy.util.test.junit.AutoTests" name="[81] /home/travis/build/icyphy/ptII/ptolemy/domains/de/test/auto/dynamicCausalityInterface1.xml (RunModel)" time="0.02" />
  <testcase classname="ptolemy.util.test.junit.AutoTests" name="[82] /home/travis/build/icyphy/ptII/ptolemy/domains/de/test/auto/fsm_de_test.xml (RunModel)" time="0.023" />
  <testcase classname="ptolemy.util.test.junit.AutoTests" name="[83] /home/travis/build/icyphy/ptII/ptolemy/domains/de/test/auto/functionDependencyReconstruction.xml (RunModel)" time="0.03" />
  <testcase classname="ptolemy.util.test.junit.AutoTests" name="[84] /home/travis/build/icyphy/ptII/ptolemy/domains/de/test/auto/multirate.xml (RunModel)" time="0.015" />
  <testcase classname="ptolemy.util.test.junit.AutoTests" name="[85] /home/travis/build/icyphy/ptII/ptolemy/domains/de/test/auto/multirate2.xml (RunModel)" time="0.015" />
  <testcase classname="ptolemy.util.test.junit.AutoTests" name="[86] /home/travis/build/icyphy/ptII/ptolemy/domains/de/test/auto/realtime.xml (RunModel)" time="10.01" />
  <testcase classname="ptolemy.util.test.junit.AutoTests" name="[87] /home/travis/build/icyphy/ptII/ptolemy/domains/de/test/auto/relationGroup.xml (RunModel)" time="0.011" />
  <testcase classname="ptolemy.util.test.junit.AutoTests" name="[88] /home/travis/build/icyphy/ptII/ptolemy/domains/de/test/auto/relationGroup2.xml (RunModel)" time="0.01" />
  <testcase classname="ptolemy.util.test.junit.AutoTests" name="[89] /home/travis/build/icyphy/ptII/ptolemy/domains/de/test/auto/sortWithOpaquePorts.xml (RunModel)" time="0.014" />
  <testcase classname="ptolemy.util.test.junit.AutoTests" name="[90] /home/travis/build/icyphy/ptII/ptolemy/domains/de/test/auto/transferInputsandOutputs.xml (RunModel)" time="0.015" />
  <testcase classname="ptolemy.util.test.junit.AutoTests" name="[91] /home/travis/build/icyphy/ptII/ptolemy/domains/de/test/auto/triggerType.xml (RunModel)" time="0.012" />
  <system-out><![CDATA[/home/travis/build/icyphy/ptII/ptolemy/domains/de/test/DependencyLoop.tcl
testDefs.tcl: setting time out to 9000 seconds at Sat Mar 09 03:43:26 UTC 2019
19 ms. Memory: 116224K Free: 97454K (84%)
29 ms. Memory: 146944K Free: 141544K (96%)
/home/travis/build/icyphy/ptII/ptolemy/domains/de/test/RunDETestsAsQSS.tcl
Run the DE tests using ptolemy.domains.qss.test.QSSDirectorTest, which extends QSSDirector and prints a message in the constructors.
------------------ testing $PTII/ptolemy/domains/de/test/auto/knownFailedTests/dependencyLoop.xml (Known Failure) 
7 ms. Memory: 146944K Free: 137295K (93%)


==== $PTIIhome/travis/build/icyphy/ptII/ptolemy/domains/de/test/../../../../: Auto Automatic test in file $PTII/ptolemy/domains/de/test/auto/knownFailedTests/dependencyLoop.xml
==== Contents of test case:

	    # FIXME: we should use $relativeFilename here, but it
	    # might have backslashes under Windows, which causes no end
	    # of trouble.
	    createAndExecute $file
	    list {}
	
.... Test generated KNOWN error:
    while executing
ptolemy.kernel.util.IllegalActionException: Found a zero delay loop containing .dependencyLoop.original
  in .dependencyLoop and .dependencyLoop.original
	at ptolemy.actor.util.CausalityInterfaceForComposites._computeOutputPortDepth(CausalityInterfaceForComposites.java:759)
	at ptolemy.actor.util.CausalityInterfaceForComposites._computeInputDepth(CausalityInterfaceForComposites.java:696)
	at ptolemy.actor.util.CausalityInterfaceForComposites._computeOutputPortDepth(CausalityInterfaceForComposites.java:765)
	at ptolemy.actor.util.CausalityInterfaceForComposites._computeInputDepth(CausalityInterfaceForComposites.java:696)
	at ptolemy.actor.util.CausalityInterfaceForComposites._computeOutputPortDepth(CausalityInterfaceForComposites.java:765)
	at ptolemy.actor.util.CausalityInterfaceForComposites._computeInputDepth(CausalityInterfaceForComposites.java:696)
	at ptolemy.actor.util.CausalityInterfaceForComposites._computeActorDepth(CausalityInterfaceForComposites.java:532)
	at ptolemy.actor.util.CausalityInterfaceForComposites.checkForCycles(CausalityInterfaceForComposites.java:96)
	at ptolemy.domains.de.kernel.DEDirector.preinitialize(DEDirector.java:1338)
	at ptolemy.actor.CompositeActor.preinitialize(CompositeActor.java:1828)
	at ptolemy.actor.Manager.preinitializeAndResolveTypes(Manager.java:1040)
	at ptolemy.actor.Manager.initialize(Manager.java:710)
	at ptolemy.actor.Manager.execute(Manager.java:356)
	at ptolemy.actor.Manager.run(Manager.java:1263)
	at ptolemy.actor.Manager$PtolemyRunThread.run(Manager.java:1915)

    while executing
ptolemy.kernel.util.IllegalActionException: Found a zero delay loop containing .dependencyLoop.original
  in .dependencyLoop and .dependencyLoop.original
    while executing
"java::new ptolemy.moml.MoMLSimpleApplication $file
"
    (procedure "createAndExecute" line 2)
    invoked from within
"createAndExecute $file"
    ("uplevel" body line 5)
    invoked from within
"uplevel $contents_of_test"
------------------ testing $PTII/ptolemy/domains/de/test/auto/knownFailedTests/DESDFClockTest.xml (Known Failure) 
2054 ms. Memory: 146944K Free: 121679K (83%)


==== $PTIIhome/travis/build/icyphy/ptII/ptolemy/domains/de/test/../../../../: Auto Automatic test in file $PTII/ptolemy/domains/de/test/auto/knownFailedTests/DESDFClockTest.xml
==== Contents of test case:

	    # FIXME: we should use $relativeFilename here, but it
	    # might have backslashes under Windows, which causes no end
	    # of trouble.
	    createAndExecute $file
	    list {}
	
.... Test generated KNOWN error:
    while executing
ptolemy.kernel.util.IllegalActionException: Actor is not ready to fire.  Perhaps UpSample.prefire() returned false? Try debugging the actor by selecting "Listen to Actor".  Also, for SDF check moml for tokenConsumptionRate on input.
  in .DESDFClockTest.Play Bell.Copy1:SDF Director and .DESDFClockTest.Play Bell.UpSample
	at ptolemy.actor.sched.StaticSchedulingDirector.fire(StaticSchedulingDirector.java:227)
	at ptolemy.domains.sdf.kernel.SDFDirector.fire(SDFDirector.java:500)
	at ptolemy.actor.CompositeActor.fire(CompositeActor.java:455)
	at ptolemy.domains.de.kernel.DEDirector._fire(DEDirector.java:1949)
	at ptolemy.domains.de.kernel.DEDirector.fire(DEDirector.java:502)
	at ptolemy.actor.CompositeActor.fire(CompositeActor.java:455)
	at ptolemy.actor.Manager.iterate(Manager.java:851)
	at ptolemy.actor.Manager.execute(Manager.java:369)
	at ptolemy.actor.Manager.run(Manager.java:1263)
	at ptolemy.actor.Manager$PtolemyRunThread.run(Manager.java:1915)

    while executing
ptolemy.kernel.util.IllegalActionException: Actor is not ready to fire.  Perhaps UpSample.prefire() returned false? Try debugging the actor by selecting "Listen to Actor".  Also, for SDF check moml for tokenConsumptionRate on input.
  in .DESDFClockTest.Play Bell.Copy1:SDF Director and .DESDFClockTest.Play Bell.UpSample
    while executing
"java::new ptolemy.moml.MoMLSimpleApplication $file
"
    (procedure "createAndExecute" line 2)
    invoked from within
"createAndExecute $file"
    ("uplevel" body line 5)
    invoked from within
"uplevel $contents_of_test"
------------------ testing $PTII/ptolemy/domains/de/test/auto/knownFailedTests/FSMSource.xml (Known Failure) 
41 ms. Memory: 146944K Free: 112803K (77%)
!!!! Auto was marked as failing, but now passes
------------------ testing $PTII/ptolemy/domains/de/test/auto/knownFailedTests/dependencyLoop2.xml (Known Failure) 
7 ms. Memory: 146944K Free: 110920K (75%)


==== $PTIIhome/travis/build/icyphy/ptII/ptolemy/domains/de/test/../../../../: Auto Automatic test in file $PTII/ptolemy/domains/de/test/auto/knownFailedTests/dependencyLoop2.xml
==== Contents of test case:

	    # FIXME: we should use $relativeFilename here, but it
	    # might have backslashes under Windows, which causes no end
	    # of trouble.
	    createAndExecute $file
	    list {}
	
.... Test generated KNOWN error:
    while executing
ptolemy.kernel.util.IllegalActionException: Found a zero delay loop containing .dependencyLoop2.original
  in .dependencyLoop2 and .dependencyLoop2.original
	at ptolemy.actor.util.CausalityInterfaceForComposites._computeOutputPortDepth(CausalityInterfaceForComposites.java:759)
	at ptolemy.actor.util.CausalityInterfaceForComposites._computeInputDepth(CausalityInterfaceForComposites.java:696)
	at ptolemy.actor.util.CausalityInterfaceForComposites._computeOutputPortDepth(CausalityInterfaceForComposites.java:765)
	at ptolemy.actor.util.CausalityInterfaceForComposites._computeInputDepth(CausalityInterfaceForComposites.java:696)
	at ptolemy.actor.util.CausalityInterfaceForComposites._computeOutputPortDepth(CausalityInterfaceForComposites.java:765)
	at ptolemy.actor.util.CausalityInterfaceForComposites._computeInputDepth(CausalityInterfaceForComposites.java:696)
	at ptolemy.actor.util.CausalityInterfaceForComposites._computeActorDepth(CausalityInterfaceForComposites.java:532)
	at ptolemy.actor.util.CausalityInterfaceForComposites.checkForCycles(CausalityInterfaceForComposites.java:96)
	at ptolemy.domains.de.kernel.DEDirector.preinitialize(DEDirector.java:1338)
	at ptolemy.actor.CompositeActor.preinitialize(CompositeActor.java:1828)
	at ptolemy.actor.Manager.preinitializeAndResolveTypes(Manager.java:1040)
	at ptolemy.actor.Manager.initialize(Manager.java:710)
	at ptolemy.actor.Manager.execute(Manager.java:356)
	at ptolemy.actor.Manager.run(Manager.java:1263)
	at ptolemy.actor.Manager$PtolemyRunThread.run(Manager.java:1915)

    while executing
ptolemy.kernel.util.IllegalActionException: Found a zero delay loop containing .dependencyLoop2.original
  in .dependencyLoop2 and .dependencyLoop2.original
    while executing
"java::new ptolemy.moml.MoMLSimpleApplication $file
"
    (procedure "createAndExecute" line 2)
    invoked from within
"createAndExecute $file"
    ("uplevel" body line 5)
    invoked from within
"uplevel $contents_of_test"
------------------ testing $PTII/ptolemy/domains/de/test/auto/knownFailedTests/HierarchicalModel.xml (Known Failure) 
6 ms. Memory: 146944K Free: 90585K (62%)


==== $PTIIhome/travis/build/icyphy/ptII/ptolemy/domains/de/test/../../../../: Auto Automatic test in file $PTII/ptolemy/domains/de/test/auto/knownFailedTests/HierarchicalModel.xml
==== Contents of test case:

	    # FIXME: we should use $relativeFilename here, but it
	    # might have backslashes under Windows, which causes no end
	    # of trouble.
	    createAndExecute $file
	    list {}
	
.... Test generated KNOWN error:
    while executing
ptolemy.kernel.util.IllegalActionException: Found a zero delay loop containing .HierarchicalModel.A
  in .HierarchicalModel and .HierarchicalModel.A
	at ptolemy.actor.util.CausalityInterfaceForComposites._computeOutputPortDepth(CausalityInterfaceForComposites.java:759)
	at ptolemy.actor.util.CausalityInterfaceForComposites._computeInputDepth(CausalityInterfaceForComposites.java:696)
	at ptolemy.actor.util.CausalityInterfaceForComposites._computeOutputPortDepth(CausalityInterfaceForComposites.java:765)
	at ptolemy.actor.util.CausalityInterfaceForComposites._computeInputDepth(CausalityInterfaceForComposites.java:696)
	at ptolemy.actor.util.CausalityInterfaceForComposites._computeOutputPortDepth(CausalityInterfaceForComposites.java:765)
	at ptolemy.actor.util.CausalityInterfaceForComposites._computeInputDepth(CausalityInterfaceForComposites.java:696)
	at ptolemy.actor.util.CausalityInterfaceForComposites._computeActorDepth(CausalityInterfaceForComposites.java:532)
	at ptolemy.actor.util.CausalityInterfaceForComposites.checkForCycles(CausalityInterfaceForComposites.java:96)
	at ptolemy.domains.de.kernel.DEDirector.preinitialize(DEDirector.java:1338)
	at ptolemy.actor.CompositeActor.preinitialize(CompositeActor.java:1828)
	at ptolemy.actor.Manager.preinitializeAndResolveTypes(Manager.java:1040)
	at ptolemy.actor.Manager.initialize(Manager.java:710)
	at ptolemy.actor.Manager.execute(Manager.java:356)
	at ptolemy.actor.Manager.run(Manager.java:1263)
	at ptolemy.actor.Manager$PtolemyRunThread.run(Manager.java:1915)

    while executing
ptolemy.kernel.util.IllegalActionException: Found a zero delay loop containing .HierarchicalModel.A
  in .HierarchicalModel and .HierarchicalModel.A
    while executing
"java::new ptolemy.moml.MoMLSimpleApplication $file
"
    (procedure "createAndExecute" line 2)
    invoked from within
"createAndExecute $file"
    ("uplevel" body line 5)
    invoked from within
"uplevel $contents_of_test"
------------------ testing $PTII/ptolemy/domains/de/test/auto/knownFailedTests/DirectFeedback.xml (Known Failure) 
7 ms. Memory: 146944K Free: 86459K (59%)


==== $PTIIhome/travis/build/icyphy/ptII/ptolemy/domains/de/test/../../../../: Auto Automatic test in file $PTII/ptolemy/domains/de/test/auto/knownFailedTests/DirectFeedback.xml
==== Contents of test case:

	    # FIXME: we should use $relativeFilename here, but it
	    # might have backslashes under Windows, which causes no end
	    # of trouble.
	    createAndExecute $file
	    list {}
	
.... Test generated KNOWN error:
    while executing
ptolemy.kernel.util.IllegalActionException: Test fails in iteration 1.
Value was: 1.0. Should have been: 2.0
  in .DirectFeedback.Test
	at ptolemy.actor.lib.Test.fire(Test.java:268)
	at ptolemy.domains.de.kernel.DEDirector._fire(DEDirector.java:1949)
	at ptolemy.domains.de.kernel.DEDirector.fire(DEDirector.java:502)
	at ptolemy.actor.CompositeActor.fire(CompositeActor.java:455)
	at ptolemy.actor.Manager.iterate(Manager.java:851)
	at ptolemy.actor.Manager.execute(Manager.java:369)
	at ptolemy.actor.Manager.run(Manager.java:1263)
	at ptolemy.actor.Manager$PtolemyRunThread.run(Manager.java:1915)

    while executing
ptolemy.kernel.util.IllegalActionException: Test fails in iteration 1.
Value was: 1.0. Should have been: 2.0
  in .DirectFeedback.Test
    while executing
"java::new ptolemy.moml.MoMLSimpleApplication $file
"
    (procedure "createAndExecute" line 2)
    invoked from within
"createAndExecute $file"
    ("uplevel" body line 5)
    invoked from within
"uplevel $contents_of_test"
------------------ testing $PTII/ptolemy/domains/de/test/auto/ActorDepthCalculation_actorWithoutPorts.xml
auto.tcl: Setting watchdog for 200 seconds at Sat Mar 09 03:43:30 UTC 2019
4 ms. Memory: 146944K Free: 139977K (95%)
ptolemy.util.test.WatchDog.cancel(): canceling Sat Mar 09 03:43:30 UTC 2019
auto.tcl: Setting watchdog for 200 seconds at Sat Mar 09 03:43:30 UTC 2019
5 ms. Memory: 146944K Free: 137661K (94%)
ptolemy.util.test.WatchDog.cancel(): canceling Sat Mar 09 03:43:30 UTC 2019
------------------ testing $PTII/ptolemy/domains/de/test/auto/AssemblyLine.xml
auto.tcl: Setting watchdog for 200 seconds at Sat Mar 09 03:43:30 UTC 2019
15 ms. Memory: 208384K Free: 183332K (88%)
ptolemy.util.test.WatchDog.cancel(): canceling Sat Mar 09 03:43:30 UTC 2019
auto.tcl: Setting watchdog for 200 seconds at Sat Mar 09 03:43:30 UTC 2019
7 ms. Memory: 208384K Free: 183332K (88%)
ptolemy.util.test.WatchDog.cancel(): canceling Sat Mar 09 03:43:30 UTC 2019
------------------ testing $PTII/ptolemy/domains/de/test/auto/CQBug1.xml
auto.tcl: Setting watchdog for 200 seconds at Sat Mar 09 03:43:30 UTC 2019
11 ms. Memory: 208384K Free: 197865K (95%)
ptolemy.util.test.WatchDog.cancel(): canceling Sat Mar 09 03:43:30 UTC 2019
auto.tcl: Setting watchdog for 200 seconds at Sat Mar 09 03:43:30 UTC 2019
2 ms. Memory: 208384K Free: 197865K (95%)
ptolemy.util.test.WatchDog.cancel(): canceling Sat Mar 09 03:43:30 UTC 2019
------------------ testing $PTII/ptolemy/domains/de/test/auto/CancelFireAt.xml
auto.tcl: Setting watchdog for 200 seconds at Sat Mar 09 03:43:30 UTC 2019
5 ms. Memory: 208384K Free: 201542K (97%)
ptolemy.util.test.WatchDog.cancel(): canceling Sat Mar 09 03:43:30 UTC 2019
auto.tcl: Setting watchdog for 200 seconds at Sat Mar 09 03:43:30 UTC 2019
3 ms. Memory: 208384K Free: 199486K (96%)
ptolemy.util.test.WatchDog.cancel(): canceling Sat Mar 09 03:43:30 UTC 2019
------------------ testing $PTII/ptolemy/domains/de/test/auto/CausalityAndComposabilityAnalysis.xml
auto.tcl: Setting watchdog for 200 seconds at Sat Mar 09 03:43:30 UTC 2019
17 ms. Memory: 208384K Free: 198564K (95%)
ptolemy.util.test.WatchDog.cancel(): canceling Sat Mar 09 03:43:30 UTC 2019
auto.tcl: Setting watchdog for 200 seconds at Sat Mar 09 03:43:30 UTC 2019
14 ms. Memory: 208384K Free: 196508K (94%)
ptolemy.util.test.WatchDog.cancel(): canceling Sat Mar 09 03:43:31 UTC 2019
------------------ testing $PTII/ptolemy/domains/de/test/auto/CausalityInterface1.xml
auto.tcl: Setting watchdog for 200 seconds at Sat Mar 09 03:43:31 UTC 2019
12 ms. Memory: 208384K Free: 198501K (95%)
ptolemy.util.test.WatchDog.cancel(): canceling Sat Mar 09 03:43:31 UTC 2019
auto.tcl: Setting watchdog for 200 seconds at Sat Mar 09 03:43:31 UTC 2019
5 ms. Memory: 208384K Free: 196445K (94%)
ptolemy.util.test.WatchDog.cancel(): canceling Sat Mar 09 03:43:31 UTC 2019
------------------ testing $PTII/ptolemy/domains/de/test/auto/CausalityInterface15.xml
auto.tcl: Setting watchdog for 200 seconds at Sat Mar 09 03:43:31 UTC 2019
6 ms. Memory: 208384K Free: 196436K (94%)
ptolemy.util.test.WatchDog.cancel(): canceling Sat Mar 09 03:43:31 UTC 2019
auto.tcl: Setting watchdog for 200 seconds at Sat Mar 09 03:43:31 UTC 2019
8 ms. Memory: 208384K Free: 196436K (94%)
ptolemy.util.test.WatchDog.cancel(): canceling Sat Mar 09 03:43:31 UTC 2019
------------------ testing $PTII/ptolemy/domains/de/test/auto/CausalityInterface2.xml
auto.tcl: Setting watchdog for 200 seconds at Sat Mar 09 03:43:31 UTC 2019
8 ms. Memory: 208384K Free: 196396K (94%)
ptolemy.util.test.WatchDog.cancel(): canceling Sat Mar 09 03:43:31 UTC 2019
auto.tcl: Setting watchdog for 200 seconds at Sat Mar 09 03:43:31 UTC 2019
3 ms. Memory: 208384K Free: 196396K (94%)
ptolemy.util.test.WatchDog.cancel(): canceling Sat Mar 09 03:43:31 UTC 2019
------------------ testing $PTII/ptolemy/domains/de/test/auto/CausalityInterface3.xml
auto.tcl: Setting watchdog for 200 seconds at Sat Mar 09 03:43:31 UTC 2019
4 ms. Memory: 208384K Free: 196433K (94%)
ptolemy.util.test.WatchDog.cancel(): canceling Sat Mar 09 03:43:31 UTC 2019
auto.tcl: Setting watchdog for 200 seconds at Sat Mar 09 03:43:31 UTC 2019
4 ms. Memory: 208384K Free: 196433K (94%)
ptolemy.util.test.WatchDog.cancel(): canceling Sat Mar 09 03:43:31 UTC 2019
------------------ testing $PTII/ptolemy/domains/de/test/auto/ClockDrift.xml
auto.tcl: Setting watchdog for 200 seconds at Sat Mar 09 03:43:31 UTC 2019
63 ms. Memory: 208384K Free: 187748K (90%)
ptolemy.util.test.WatchDog.cancel(): canceling Sat Mar 09 03:43:31 UTC 2019
auto.tcl: Setting watchdog for 200 seconds at Sat Mar 09 03:43:31 UTC 2019
39 ms. Memory: 208384K Free: 185684K (89%)
ptolemy.util.test.WatchDog.cancel(): canceling Sat Mar 09 03:43:31 UTC 2019
------------------ testing $PTII/ptolemy/domains/de/test/auto/ClockDriftAndValueChange.xml
auto.tcl: Setting watchdog for 200 seconds at Sat Mar 09 03:43:31 UTC 2019
54 ms. Memory: 208384K Free: 189658K (91%)
ptolemy.util.test.WatchDog.cancel(): canceling Sat Mar 09 03:43:31 UTC 2019
auto.tcl: Setting watchdog for 200 seconds at Sat Mar 09 03:43:31 UTC 2019
26 ms. Memory: 208384K Free: 185530K (89%)
ptolemy.util.test.WatchDog.cancel(): canceling Sat Mar 09 03:43:31 UTC 2019
------------------ testing $PTII/ptolemy/domains/de/test/auto/ClockDriftChange.xml
auto.tcl: Setting watchdog for 200 seconds at Sat Mar 09 03:43:31 UTC 2019
44 ms. Memory: 208384K Free: 190903K (92%)
ptolemy.util.test.WatchDog.cancel(): canceling Sat Mar 09 03:43:31 UTC 2019
auto.tcl: Setting watchdog for 200 seconds at Sat Mar 09 03:43:31 UTC 2019
29 ms. Memory: 208384K Free: 188847K (91%)
ptolemy.util.test.WatchDog.cancel(): canceling Sat Mar 09 03:43:31 UTC 2019
------------------ testing $PTII/ptolemy/domains/de/test/auto/ComposableCausalityAnalysis.xml
auto.tcl: Setting watchdog for 200 seconds at Sat Mar 09 03:43:32 UTC 2019
8 ms. Memory: 208384K Free: 196279K (94%)
ptolemy.util.test.WatchDog.cancel(): canceling Sat Mar 09 03:43:32 UTC 2019
auto.tcl: Setting watchdog for 200 seconds at Sat Mar 09 03:43:32 UTC 2019
2 ms. Memory: 208384K Free: 196279K (94%)
ptolemy.util.test.WatchDog.cancel(): canceling Sat Mar 09 03:43:32 UTC 2019
------------------ testing $PTII/ptolemy/domains/de/test/auto/DEFixedPointLimitation.xml
auto.tcl: Setting watchdog for 200 seconds at Sat Mar 09 03:43:32 UTC 2019
3 ms. Memory: 208384K Free: 198416K (95%)
ptolemy.util.test.WatchDog.cancel(): canceling Sat Mar 09 03:43:32 UTC 2019
auto.tcl: Setting watchdog for 200 seconds at Sat Mar 09 03:43:32 UTC 2019
1 ms. Memory: 208384K Free: 196360K (94%)
ptolemy.util.test.WatchDog.cancel(): canceling Sat Mar 09 03:43:32 UTC 2019
------------------ testing $PTII/ptolemy/domains/de/test/auto/DEScheduleTest.xml
auto.tcl: Setting watchdog for 200 seconds at Sat Mar 09 03:43:32 UTC 2019
10 ms. Memory: 208384K Free: 198459K (95%)
ptolemy.util.test.WatchDog.cancel(): canceling Sat Mar 09 03:43:32 UTC 2019
auto.tcl: Setting watchdog for 200 seconds at Sat Mar 09 03:43:32 UTC 2019
5 ms. Memory: 208384K Free: 196387K (94%)
ptolemy.util.test.WatchDog.cancel(): canceling Sat Mar 09 03:43:32 UTC 2019
------------------ testing $PTII/ptolemy/domains/de/test/auto/DEinDEwithStartTimes.xml
auto.tcl: Setting watchdog for 200 seconds at Sat Mar 09 03:43:32 UTC 2019
4 ms. Memory: 208384K Free: 196365K (94%)
ptolemy.util.test.WatchDog.cancel(): canceling Sat Mar 09 03:43:32 UTC 2019
auto.tcl: Setting watchdog for 200 seconds at Sat Mar 09 03:43:32 UTC 2019
3 ms. Memory: 208384K Free: 196365K (94%)
ptolemy.util.test.WatchDog.cancel(): canceling Sat Mar 09 03:43:32 UTC 2019
------------------ testing $PTII/ptolemy/domains/de/test/auto/DEinDEwithStartTimes2.xml
auto.tcl: Setting watchdog for 200 seconds at Sat Mar 09 03:43:32 UTC 2019
5 ms. Memory: 208384K Free: 196337K (94%)
ptolemy.util.test.WatchDog.cancel(): canceling Sat Mar 09 03:43:32 UTC 2019
auto.tcl: Setting watchdog for 200 seconds at Sat Mar 09 03:43:32 UTC 2019
5 ms. Memory: 208384K Free: 194280K (93%)
ptolemy.util.test.WatchDog.cancel(): canceling Sat Mar 09 03:43:32 UTC 2019
------------------ testing $PTII/ptolemy/domains/de/test/auto/DateDemo.xml
auto.tcl: Setting watchdog for 200 seconds at Sat Mar 09 03:43:32 UTC 2019
12 ms. Memory: 208384K Free: 188882K (91%)
ptolemy.util.test.WatchDog.cancel(): canceling Sat Mar 09 03:43:32 UTC 2019
auto.tcl: Setting watchdog for 200 seconds at Sat Mar 09 03:43:32 UTC 2019
12 ms. Memory: 208384K Free: 186818K (90%)
ptolemy.util.test.WatchDog.cancel(): canceling Sat Mar 09 03:43:32 UTC 2019
------------------ testing $PTII/ptolemy/domains/de/test/auto/DateToEvent.xml
auto.tcl: Setting watchdog for 200 seconds at Sat Mar 09 03:43:32 UTC 2019
2011 ms. Memory: 208384K Free: 183689K (88%)
ptolemy.util.test.WatchDog.cancel(): canceling Sat Mar 09 03:43:34 UTC 2019
auto.tcl: Setting watchdog for 200 seconds at Sat Mar 09 03:43:34 UTC 2019
2006 ms. Memory: 208384K Free: 183689K (88%)
ptolemy.util.test.WatchDog.cancel(): canceling Sat Mar 09 03:43:36 UTC 2019
------------------ testing $PTII/ptolemy/domains/de/test/auto/DepthTest1.xml
auto.tcl: Setting watchdog for 200 seconds at Sat Mar 09 03:43:36 UTC 2019
6 ms. Memory: 208384K Free: 195531K (94%)
ptolemy.util.test.WatchDog.cancel(): canceling Sat Mar 09 03:43:36 UTC 2019
auto.tcl: Setting watchdog for 200 seconds at Sat Mar 09 03:43:36 UTC 2019
1 ms. Memory: 208384K Free: 195531K (94%)
ptolemy.util.test.WatchDog.cancel(): canceling Sat Mar 09 03:43:36 UTC 2019
------------------ testing $PTII/ptolemy/domains/de/test/auto/DepthTest2.xml
auto.tcl: Setting watchdog for 200 seconds at Sat Mar 09 03:43:36 UTC 2019
8 ms. Memory: 208384K Free: 194286K (93%)
ptolemy.util.test.WatchDog.cancel(): canceling Sat Mar 09 03:43:36 UTC 2019
auto.tcl: Setting watchdog for 200 seconds at Sat Mar 09 03:43:36 UTC 2019
3 ms. Memory: 208384K Free: 194286K (93%)
ptolemy.util.test.WatchDog.cancel(): canceling Sat Mar 09 03:43:36 UTC 2019
------------------ testing $PTII/ptolemy/domains/de/test/auto/DepthTest3.xml
auto.tcl: Setting watchdog for 200 seconds at Sat Mar 09 03:43:36 UTC 2019
2 ms. Memory: 208384K Free: 198322K (95%)
ptolemy.util.test.WatchDog.cancel(): canceling Sat Mar 09 03:43:36 UTC 2019
auto.tcl: Setting watchdog for 200 seconds at Sat Mar 09 03:43:36 UTC 2019
1 ms. Memory: 208384K Free: 198322K (95%)
ptolemy.util.test.WatchDog.cancel(): canceling Sat Mar 09 03:43:36 UTC 2019
------------------ testing $PTII/ptolemy/domains/de/test/auto/DepthTest4.xml
auto.tcl: Setting watchdog for 200 seconds at Sat Mar 09 03:43:37 UTC 2019
7 ms. Memory: 208384K Free: 196329K (94%)
ptolemy.util.test.WatchDog.cancel(): canceling Sat Mar 09 03:43:37 UTC 2019
auto.tcl: Setting watchdog for 200 seconds at Sat Mar 09 03:43:37 UTC 2019
3 ms. Memory: 208384K Free: 196329K (94%)
ptolemy.util.test.WatchDog.cancel(): canceling Sat Mar 09 03:43:37 UTC 2019
------------------ testing $PTII/ptolemy/domains/de/test/auto/DepthTest5.xml
auto.tcl: Setting watchdog for 200 seconds at Sat Mar 09 03:43:37 UTC 2019
4 ms. Memory: 208384K Free: 196293K (94%)
ptolemy.util.test.WatchDog.cancel(): canceling Sat Mar 09 03:43:37 UTC 2019
auto.tcl: Setting watchdog for 200 seconds at Sat Mar 09 03:43:37 UTC 2019
2 ms. Memory: 208384K Free: 196293K (94%)
ptolemy.util.test.WatchDog.cancel(): canceling Sat Mar 09 03:43:37 UTC 2019
------------------ testing $PTII/ptolemy/domains/de/test/auto/DepthTest6.xml
auto.tcl: Setting watchdog for 200 seconds at Sat Mar 09 03:43:37 UTC 2019
7 ms. Memory: 208384K Free: 196285K (94%)
ptolemy.util.test.WatchDog.cancel(): canceling Sat Mar 09 03:43:37 UTC 2019
auto.tcl: Setting watchdog for 200 seconds at Sat Mar 09 03:43:37 UTC 2019
3 ms. Memory: 208384K Free: 196285K (94%)
ptolemy.util.test.WatchDog.cancel(): canceling Sat Mar 09 03:43:37 UTC 2019
------------------ testing $PTII/ptolemy/domains/de/test/auto/DepthTest7.xml
auto.tcl: Setting watchdog for 200 seconds at Sat Mar 09 03:43:37 UTC 2019
3 ms. Memory: 208384K Free: 196249K (94%)
ptolemy.util.test.WatchDog.cancel(): canceling Sat Mar 09 03:43:37 UTC 2019
auto.tcl: Setting watchdog for 200 seconds at Sat Mar 09 03:43:37 UTC 2019
4 ms. Memory: 208384K Free: 196249K (94%)
ptolemy.util.test.WatchDog.cancel(): canceling Sat Mar 09 03:43:37 UTC 2019
------------------ testing $PTII/ptolemy/domains/de/test/auto/EventToDate.xml
auto.tcl: Setting watchdog for 200 seconds at Sat Mar 09 03:43:37 UTC 2019
3010 ms. Memory: 208384K Free: 187998K (90%)
ptolemy.util.test.WatchDog.cancel(): canceling Sat Mar 09 03:43:40 UTC 2019
auto.tcl: Setting watchdog for 200 seconds at Sat Mar 09 03:43:40 UTC 2019
3004 ms. Memory: 208384K Free: 185926K (89%)
ptolemy.util.test.WatchDog.cancel(): canceling Sat Mar 09 03:43:43 UTC 2019
------------------ testing $PTII/ptolemy/domains/de/test/auto/FSM1.xml
auto.tcl: Setting watchdog for 200 seconds at Sat Mar 09 03:43:43 UTC 2019
33 ms. Memory: 208384K Free: 189350K (91%)
ptolemy.util.test.WatchDog.cancel(): canceling Sat Mar 09 03:43:43 UTC 2019
auto.tcl: Setting watchdog for 200 seconds at Sat Mar 09 03:43:43 UTC 2019
17 ms. Memory: 208384K Free: 185221K (89%)
ptolemy.util.test.WatchDog.cancel(): canceling Sat Mar 09 03:43:43 UTC 2019
------------------ testing $PTII/ptolemy/domains/de/test/auto/FSM7.xml
auto.tcl: Setting watchdog for 200 seconds at Sat Mar 09 03:43:43 UTC 2019
22 ms. Memory: 208384K Free: 189562K (91%)
ptolemy.util.test.WatchDog.cancel(): canceling Sat Mar 09 03:43:43 UTC 2019
auto.tcl: Setting watchdog for 200 seconds at Sat Mar 09 03:43:43 UTC 2019
26 ms. Memory: 208384K Free: 185418K (89%)
ptolemy.util.test.WatchDog.cancel(): canceling Sat Mar 09 03:43:43 UTC 2019
------------------ testing $PTII/ptolemy/domains/de/test/auto/Inspection.xml
auto.tcl: Setting watchdog for 200 seconds at Sat Mar 09 03:43:43 UTC 2019
52 ms. Memory: 208384K Free: 189240K (91%)
ptolemy.util.test.WatchDog.cancel(): canceling Sat Mar 09 03:43:43 UTC 2019
auto.tcl: Setting watchdog for 200 seconds at Sat Mar 09 03:43:43 UTC 2019
37 ms. Memory: 208384K Free: 187184K (90%)
ptolemy.util.test.WatchDog.cancel(): canceling Sat Mar 09 03:43:43 UTC 2019
------------------ testing $PTII/ptolemy/domains/de/test/auto/Iteration.xml
auto.tcl: Setting watchdog for 200 seconds at Sat Mar 09 03:43:43 UTC 2019
10 ms. Memory: 208384K Free: 196578K (94%)
ptolemy.util.test.WatchDog.cancel(): canceling Sat Mar 09 03:43:43 UTC 2019
auto.tcl: Setting watchdog for 200 seconds at Sat Mar 09 03:43:43 UTC 2019
9 ms. Memory: 208384K Free: 194514K (93%)
ptolemy.util.test.WatchDog.cancel(): canceling Sat Mar 09 03:43:44 UTC 2019
------------------ testing $PTII/ptolemy/domains/de/test/auto/LineFault.xml
auto.tcl: Setting watchdog for 200 seconds at Sat Mar 09 03:43:44 UTC 2019
735 ms. Memory: 208384K Free: 198327K (95%)
ptolemy.util.test.WatchDog.cancel(): canceling Sat Mar 09 03:43:45 UTC 2019
auto.tcl: Setting watchdog for 200 seconds at Sat Mar 09 03:43:45 UTC 2019
673 ms. Memory: 208384K Free: 142542K (68%)
ptolemy.util.test.WatchDog.cancel(): canceling Sat Mar 09 03:43:45 UTC 2019
------------------ testing $PTII/ptolemy/domains/de/test/auto/MergeModel1Add.xml
auto.tcl: Setting watchdog for 200 seconds at Sat Mar 09 03:43:45 UTC 2019
26 ms. Memory: 331264K Free: 302867K (91%)
ptolemy.util.test.WatchDog.cancel(): canceling Sat Mar 09 03:43:45 UTC 2019
auto.tcl: Setting watchdog for 200 seconds at Sat Mar 09 03:43:45 UTC 2019
11 ms. Memory: 331264K Free: 298955K (90%)
ptolemy.util.test.WatchDog.cancel(): canceling Sat Mar 09 03:43:45 UTC 2019
------------------ testing $PTII/ptolemy/domains/de/test/auto/MergeModel2Add.xml
auto.tcl: Setting watchdog for 200 seconds at Sat Mar 09 03:43:46 UTC 2019
13 ms. Memory: 331264K Free: 304230K (92%)
ptolemy.util.test.WatchDog.cancel(): canceling Sat Mar 09 03:43:46 UTC 2019
auto.tcl: Setting watchdog for 200 seconds at Sat Mar 09 03:43:46 UTC 2019
8 ms. Memory: 331264K Free: 304230K (92%)
ptolemy.util.test.WatchDog.cancel(): canceling Sat Mar 09 03:43:46 UTC 2019
------------------ testing $PTII/ptolemy/domains/de/test/auto/MergeModel3Add.xml
auto.tcl: Setting watchdog for 200 seconds at Sat Mar 09 03:43:46 UTC 2019
11 ms. Memory: 331264K Free: 304208K (92%)
ptolemy.util.test.WatchDog.cancel(): canceling Sat Mar 09 03:43:46 UTC 2019
auto.tcl: Setting watchdog for 200 seconds at Sat Mar 09 03:43:46 UTC 2019
9 ms. Memory: 331264K Free: 304208K (92%)
ptolemy.util.test.WatchDog.cancel(): canceling Sat Mar 09 03:43:46 UTC 2019
------------------ testing $PTII/ptolemy/domains/de/test/auto/MergeWithoutDiscard.xml
auto.tcl: Setting watchdog for 200 seconds at Sat Mar 09 03:43:46 UTC 2019
2 ms. Memory: 331264K Free: 320342K (97%)
ptolemy.util.test.WatchDog.cancel(): canceling Sat Mar 09 03:43:46 UTC 2019
auto.tcl: Setting watchdog for 200 seconds at Sat Mar 09 03:43:46 UTC 2019
2 ms. Memory: 331264K Free: 316429K (96%)
ptolemy.util.test.WatchDog.cancel(): canceling Sat Mar 09 03:43:46 UTC 2019
------------------ testing $PTII/ptolemy/domains/de/test/auto/Modal1.xml
auto.tcl: Setting watchdog for 200 seconds at Sat Mar 09 03:43:46 UTC 2019
15 ms. Memory: 331264K Free: 309918K (94%)
ptolemy.util.test.WatchDog.cancel(): canceling Sat Mar 09 03:43:46 UTC 2019
auto.tcl: Setting watchdog for 200 seconds at Sat Mar 09 03:43:46 UTC 2019
18 ms. Memory: 331264K Free: 305990K (92%)
ptolemy.util.test.WatchDog.cancel(): canceling Sat Mar 09 03:43:46 UTC 2019
------------------ testing $PTII/ptolemy/domains/de/test/auto/Modal2.xml
auto.tcl: Setting watchdog for 200 seconds at Sat Mar 09 03:43:46 UTC 2019
19 ms. Memory: 331264K Free: 309808K (94%)
ptolemy.util.test.WatchDog.cancel(): canceling Sat Mar 09 03:43:46 UTC 2019
auto.tcl: Setting watchdog for 200 seconds at Sat Mar 09 03:43:46 UTC 2019
13 ms. Memory: 331264K Free: 305879K (92%)
ptolemy.util.test.WatchDog.cancel(): canceling Sat Mar 09 03:43:46 UTC 2019
------------------ testing $PTII/ptolemy/domains/de/test/auto/Modal3.xml
auto.tcl: Setting watchdog for 200 seconds at Sat Mar 09 03:43:46 UTC 2019
14 ms. Memory: 331264K Free: 309774K (94%)
ptolemy.util.test.WatchDog.cancel(): canceling Sat Mar 09 03:43:46 UTC 2019
auto.tcl: Setting watchdog for 200 seconds at Sat Mar 09 03:43:46 UTC 2019
12 ms. Memory: 331264K Free: 305862K (92%)
ptolemy.util.test.WatchDog.cancel(): canceling Sat Mar 09 03:43:46 UTC 2019
------------------ testing $PTII/ptolemy/domains/de/test/auto/Modal4.xml
auto.tcl: Setting watchdog for 200 seconds at Sat Mar 09 03:43:46 UTC 2019
25 ms. Memory: 331264K Free: 309788K (94%)
ptolemy.util.test.WatchDog.cancel(): canceling Sat Mar 09 03:43:46 UTC 2019
auto.tcl: Setting watchdog for 200 seconds at Sat Mar 09 03:43:46 UTC 2019
24 ms. Memory: 331264K Free: 305859K (92%)
ptolemy.util.test.WatchDog.cancel(): canceling Sat Mar 09 03:43:46 UTC 2019
------------------ testing $PTII/ptolemy/domains/de/test/auto/Modal5.xml
auto.tcl: Setting watchdog for 200 seconds at Sat Mar 09 03:43:46 UTC 2019
22 ms. Memory: 331264K Free: 309783K (94%)
ptolemy.util.test.WatchDog.cancel(): canceling Sat Mar 09 03:43:46 UTC 2019
auto.tcl: Setting watchdog for 200 seconds at Sat Mar 09 03:43:46 UTC 2019
12 ms. Memory: 331264K Free: 305854K (92%)
ptolemy.util.test.WatchDog.cancel(): canceling Sat Mar 09 03:43:46 UTC 2019
------------------ testing $PTII/ptolemy/domains/de/test/auto/Modal6.xml
auto.tcl: Setting watchdog for 200 seconds at Sat Mar 09 03:43:46 UTC 2019
12 ms. Memory: 331264K Free: 309780K (94%)
ptolemy.util.test.WatchDog.cancel(): canceling Sat Mar 09 03:43:47 UTC 2019
auto.tcl: Setting watchdog for 200 seconds at Sat Mar 09 03:43:47 UTC 2019
14 ms. Memory: 331264K Free: 305851K (92%)
ptolemy.util.test.WatchDog.cancel(): canceling Sat Mar 09 03:43:47 UTC 2019
------------------ testing $PTII/ptolemy/domains/de/test/auto/Modal7.xml
auto.tcl: Setting watchdog for 200 seconds at Sat Mar 09 03:43:47 UTC 2019
26 ms. Memory: 331264K Free: 309732K (94%)
ptolemy.util.test.WatchDog.cancel(): canceling Sat Mar 09 03:43:47 UTC 2019
auto.tcl: Setting watchdog for 200 seconds at Sat Mar 09 03:43:47 UTC 2019
15 ms. Memory: 331264K Free: 305812K (92%)
ptolemy.util.test.WatchDog.cancel(): canceling Sat Mar 09 03:43:47 UTC 2019
------------------ testing $PTII/ptolemy/domains/de/test/auto/ModalModel.xml
auto.tcl: Setting watchdog for 200 seconds at Sat Mar 09 03:43:47 UTC 2019
216 ms. Memory: 331264K Free: 250026K (75%)
ptolemy.util.test.WatchDog.cancel(): canceling Sat Mar 09 03:43:47 UTC 2019
auto.tcl: Setting watchdog for 200 seconds at Sat Mar 09 03:43:47 UTC 2019
184 ms. Memory: 331264K Free: 191260K (58%)
ptolemy.util.test.WatchDog.cancel(): canceling Sat Mar 09 03:43:47 UTC 2019
------------------ testing $PTII/ptolemy/domains/de/test/auto/ModalSource.xml
auto.tcl: Setting watchdog for 200 seconds at Sat Mar 09 03:43:47 UTC 2019
6 ms. Memory: 331264K Free: 316565K (96%)
ptolemy.util.test.WatchDog.cancel(): canceling Sat Mar 09 03:43:47 UTC 2019
auto.tcl: Setting watchdog for 200 seconds at Sat Mar 09 03:43:47 UTC 2019
7 ms. Memory: 331264K Free: 313062K (95%)
ptolemy.util.test.WatchDog.cancel(): canceling Sat Mar 09 03:43:47 UTC 2019
------------------ testing $PTII/ptolemy/domains/de/test/auto/NonInterruptibleTimerZeroDelay.xml
auto.tcl: Setting watchdog for 200 seconds at Sat Mar 09 03:43:47 UTC 2019
5 ms. Memory: 331264K Free: 321005K (97%)
ptolemy.util.test.WatchDog.cancel(): canceling Sat Mar 09 03:43:47 UTC 2019
auto.tcl: Setting watchdog for 200 seconds at Sat Mar 09 03:43:47 UTC 2019
3 ms. Memory: 331264K Free: 317502K (96%)
ptolemy.util.test.WatchDog.cancel(): canceling Sat Mar 09 03:43:47 UTC 2019
------------------ testing $PTII/ptolemy/domains/de/test/auto/OpenQueueingNetwork.xml
auto.tcl: Setting watchdog for 200 seconds at Sat Mar 09 03:43:47 UTC 2019
3585 ms. Memory: 573952K Free: 359911K (63%)
ptolemy.util.test.WatchDog.cancel(): canceling Sat Mar 09 03:43:51 UTC 2019
auto.tcl: Setting watchdog for 200 seconds at Sat Mar 09 03:43:51 UTC 2019
2757 ms. Memory: 550912K Free: 236007K (43%)
ptolemy.util.test.WatchDog.cancel(): canceling Sat Mar 09 03:43:54 UTC 2019
------------------ testing $PTII/ptolemy/domains/de/test/auto/OpenQueuingNetwork.xml
auto.tcl: Setting watchdog for 200 seconds at Sat Mar 09 03:43:54 UTC 2019
288 ms. Memory: 549888K Free: 445785K (81%)
ptolemy.util.test.WatchDog.cancel(): canceling Sat Mar 09 03:43:54 UTC 2019
auto.tcl: Setting watchdog for 200 seconds at Sat Mar 09 03:43:54 UTC 2019
273 ms. Memory: 549888K Free: 380666K (69%)
ptolemy.util.test.WatchDog.cancel(): canceling Sat Mar 09 03:43:55 UTC 2019
------------------ testing $PTII/ptolemy/domains/de/test/auto/PeriodicSampler.xml
auto.tcl: Setting watchdog for 200 seconds at Sat Mar 09 03:43:55 UTC 2019
2 ms. Memory: 551936K Free: 530791K (96%)
ptolemy.util.test.WatchDog.cancel(): canceling Sat Mar 09 03:43:55 UTC 2019
auto.tcl: Setting watchdog for 200 seconds at Sat Mar 09 03:43:55 UTC 2019
2 ms. Memory: 551936K Free: 530791K (96%)
ptolemy.util.test.WatchDog.cancel(): canceling Sat Mar 09 03:43:55 UTC 2019
------------------ testing $PTII/ptolemy/domains/de/test/auto/PersistentIO.xml
auto.tcl: Setting watchdog for 200 seconds at Sat Mar 09 03:43:55 UTC 2019
7 ms. Memory: 549376K Free: 522656K (95%)
ptolemy.util.test.WatchDog.cancel(): canceling Sat Mar 09 03:43:55 UTC 2019
auto.tcl: Setting watchdog for 200 seconds at Sat Mar 09 03:43:55 UTC 2019
4 ms. Memory: 549376K Free: 522656K (95%)
ptolemy.util.test.WatchDog.cancel(): canceling Sat Mar 09 03:43:55 UTC 2019
------------------ testing $PTII/ptolemy/domains/de/test/auto/PortParameterResetOnInitialize.xml
auto.tcl: Setting watchdog for 200 seconds at Sat Mar 09 03:43:55 UTC 2019
2 ms. Memory: 551424K Free: 530740K (96%)
ptolemy.util.test.WatchDog.cancel(): canceling Sat Mar 09 03:43:55 UTC 2019
auto.tcl: Setting watchdog for 200 seconds at Sat Mar 09 03:43:55 UTC 2019
2 ms. Memory: 551424K Free: 530740K (96%)
ptolemy.util.test.WatchDog.cancel(): canceling Sat Mar 09 03:43:55 UTC 2019
------------------ testing $PTII/ptolemy/domains/de/test/auto/PortParameterUpdates.xml
auto.tcl: Setting watchdog for 200 seconds at Sat Mar 09 03:43:55 UTC 2019
4 ms. Memory: 549376K Free: 533505K (97%)
ptolemy.util.test.WatchDog.cancel(): canceling Sat Mar 09 03:43:55 UTC 2019
auto.tcl: Setting watchdog for 200 seconds at Sat Mar 09 03:43:55 UTC 2019
6 ms. Memory: 549376K Free: 533505K (97%)
ptolemy.util.test.WatchDog.cancel(): canceling Sat Mar 09 03:43:55 UTC 2019
------------------ testing $PTII/ptolemy/domains/de/test/auto/QueueAndServer.xml
auto.tcl: Setting watchdog for 200 seconds at Sat Mar 09 03:43:55 UTC 2019
16 ms. Memory: 551424K Free: 535516K (97%)
ptolemy.util.test.WatchDog.cancel(): canceling Sat Mar 09 03:43:55 UTC 2019
auto.tcl: Setting watchdog for 200 seconds at Sat Mar 09 03:43:55 UTC 2019
9 ms. Memory: 551424K Free: 528988K (96%)
ptolemy.util.test.WatchDog.cancel(): canceling Sat Mar 09 03:43:55 UTC 2019
------------------ testing $PTII/ptolemy/domains/de/test/auto/Records.xml
auto.tcl: Setting watchdog for 200 seconds at Sat Mar 09 03:43:55 UTC 2019
5 ms. Memory: 549376K Free: 533410K (97%)
ptolemy.util.test.WatchDog.cancel(): canceling Sat Mar 09 03:43:55 UTC 2019
auto.tcl: Setting watchdog for 200 seconds at Sat Mar 09 03:43:55 UTC 2019
2 ms. Memory: 549376K Free: 533410K (97%)
ptolemy.util.test.WatchDog.cancel(): canceling Sat Mar 09 03:43:55 UTC 2019
------------------ testing $PTII/ptolemy/domains/de/test/auto/ResetTransitionWithStartTime1.xml
auto.tcl: Setting watchdog for 200 seconds at Sat Mar 09 03:43:55 UTC 2019
11 ms. Memory: 551424K Free: 528954K (96%)
ptolemy.util.test.WatchDog.cancel(): canceling Sat Mar 09 03:43:55 UTC 2019
auto.tcl: Setting watchdog for 200 seconds at Sat Mar 09 03:43:55 UTC 2019
6 ms. Memory: 551424K Free: 528954K (96%)
ptolemy.util.test.WatchDog.cancel(): canceling Sat Mar 09 03:43:55 UTC 2019
------------------ testing $PTII/ptolemy/domains/de/test/auto/ResetTransitionWithStartTime2.xml
auto.tcl: Setting watchdog for 200 seconds at Sat Mar 09 03:43:55 UTC 2019
5 ms. Memory: 549376K Free: 533779K (97%)
ptolemy.util.test.WatchDog.cancel(): canceling Sat Mar 09 03:43:55 UTC 2019
auto.tcl: Setting watchdog for 200 seconds at Sat Mar 09 03:43:55 UTC 2019
8 ms. Memory: 549376K Free: 527264K (96%)
ptolemy.util.test.WatchDog.cancel(): canceling Sat Mar 09 03:43:55 UTC 2019
------------------ testing $PTII/ptolemy/domains/de/test/auto/ResetTransitionWithStartTime3.xml
auto.tcl: Setting watchdog for 200 seconds at Sat Mar 09 03:43:55 UTC 2019
9 ms. Memory: 550912K Free: 534961K (97%)
ptolemy.util.test.WatchDog.cancel(): canceling Sat Mar 09 03:43:55 UTC 2019
auto.tcl: Setting watchdog for 200 seconds at Sat Mar 09 03:43:55 UTC 2019
10 ms. Memory: 550912K Free: 528446K (96%)
ptolemy.util.test.WatchDog.cancel(): canceling Sat Mar 09 03:43:55 UTC 2019
------------------ testing $PTII/ptolemy/domains/de/test/auto/ResetTransitionWithStartTime4.xml
auto.tcl: Setting watchdog for 200 seconds at Sat Mar 09 03:43:55 UTC 2019
5 ms. Memory: 549376K Free: 526912K (96%)
ptolemy.util.test.WatchDog.cancel(): canceling Sat Mar 09 03:43:55 UTC 2019
auto.tcl: Setting watchdog for 200 seconds at Sat Mar 09 03:43:55 UTC 2019
5 ms. Memory: 549376K Free: 526912K (96%)
ptolemy.util.test.WatchDog.cancel(): canceling Sat Mar 09 03:43:55 UTC 2019
------------------ testing $PTII/ptolemy/domains/de/test/auto/ResettableTimer1.xml
auto.tcl: Setting watchdog for 200 seconds at Sat Mar 09 03:43:55 UTC 2019
3 ms. Memory: 550912K Free: 534955K (97%)
ptolemy.util.test.WatchDog.cancel(): canceling Sat Mar 09 03:43:56 UTC 2019
auto.tcl: Setting watchdog for 200 seconds at Sat Mar 09 03:43:56 UTC 2019
3 ms. Memory: 550912K Free: 534955K (97%)
ptolemy.util.test.WatchDog.cancel(): canceling Sat Mar 09 03:43:56 UTC 2019
------------------ testing $PTII/ptolemy/domains/de/test/auto/ResettableTimer2.xml
auto.tcl: Setting watchdog for 200 seconds at Sat Mar 09 03:43:56 UTC 2019
2 ms. Memory: 549376K Free: 533830K (97%)
ptolemy.util.test.WatchDog.cancel(): canceling Sat Mar 09 03:43:56 UTC 2019
auto.tcl: Setting watchdog for 200 seconds at Sat Mar 09 03:43:56 UTC 2019
2 ms. Memory: 549376K Free: 533830K (97%)
ptolemy.util.test.WatchDog.cancel(): canceling Sat Mar 09 03:43:56 UTC 2019
------------------ testing $PTII/ptolemy/domains/de/test/auto/ResettableTimer3.xml
auto.tcl: Setting watchdog for 200 seconds at Sat Mar 09 03:43:56 UTC 2019
1 ms. Memory: 550912K Free: 535013K (97%)
ptolemy.util.test.WatchDog.cancel(): canceling Sat Mar 09 03:43:56 UTC 2019
auto.tcl: Setting watchdog for 200 seconds at Sat Mar 09 03:43:56 UTC 2019
1 ms. Memory: 550912K Free: 535013K (97%)
ptolemy.util.test.WatchDog.cancel(): canceling Sat Mar 09 03:43:56 UTC 2019
------------------ testing $PTII/ptolemy/domains/de/test/auto/ResettableTimer4.xml
auto.tcl: Setting watchdog for 200 seconds at Sat Mar 09 03:43:56 UTC 2019
1 ms. Memory: 549376K Free: 533843K (97%)
ptolemy.util.test.WatchDog.cancel(): canceling Sat Mar 09 03:43:56 UTC 2019
auto.tcl: Setting watchdog for 200 seconds at Sat Mar 09 03:43:56 UTC 2019
1 ms. Memory: 549376K Free: 533843K (97%)
ptolemy.util.test.WatchDog.cancel(): canceling Sat Mar 09 03:43:56 UTC 2019
------------------ testing $PTII/ptolemy/domains/de/test/auto/ResettableTimer5.xml
auto.tcl: Setting watchdog for 200 seconds at Sat Mar 09 03:43:56 UTC 2019
2 ms. Memory: 550400K Free: 530185K (96%)
ptolemy.util.test.WatchDog.cancel(): canceling Sat Mar 09 03:43:56 UTC 2019
auto.tcl: Setting watchdog for 200 seconds at Sat Mar 09 03:43:56 UTC 2019
2 ms. Memory: 550400K Free: 530185K (96%)
ptolemy.util.test.WatchDog.cancel(): canceling Sat Mar 09 03:43:56 UTC 2019
------------------ testing $PTII/ptolemy/domains/de/test/auto/ResettableTimer6.xml
auto.tcl: Setting watchdog for 200 seconds at Sat Mar 09 03:43:56 UTC 2019
5 ms. Memory: 549376K Free: 528757K (96%)
ptolemy.util.test.WatchDog.cancel(): canceling Sat Mar 09 03:43:56 UTC 2019
auto.tcl: Setting watchdog for 200 seconds at Sat Mar 09 03:43:56 UTC 2019
1 ms. Memory: 549376K Free: 528757K (96%)
ptolemy.util.test.WatchDog.cancel(): canceling Sat Mar 09 03:43:56 UTC 2019
------------------ testing $PTII/ptolemy/domains/de/test/auto/ServerZeroDelay.xml
auto.tcl: Setting watchdog for 200 seconds at Sat Mar 09 03:43:56 UTC 2019
4 ms. Memory: 550400K Free: 534804K (97%)
ptolemy.util.test.WatchDog.cancel(): canceling Sat Mar 09 03:43:56 UTC 2019
auto.tcl: Setting watchdog for 200 seconds at Sat Mar 09 03:43:56 UTC 2019
2 ms. Memory: 550400K Free: 534804K (97%)
ptolemy.util.test.WatchDog.cancel(): canceling Sat Mar 09 03:43:56 UTC 2019
------------------ testing $PTII/ptolemy/domains/de/test/auto/SmartSender.xml
auto.tcl: Setting watchdog for 200 seconds at Sat Mar 09 03:43:56 UTC 2019
3001 ms. Memory: 549376K Free: 529095K (96%)
ptolemy.util.test.WatchDog.cancel(): canceling Sat Mar 09 03:43:59 UTC 2019
auto.tcl: Setting watchdog for 200 seconds at Sat Mar 09 03:43:59 UTC 2019
3002 ms. Memory: 549376K Free: 529095K (96%)
ptolemy.util.test.WatchDog.cancel(): canceling Sat Mar 09 03:44:02 UTC 2019
------------------ testing $PTII/ptolemy/domains/de/test/auto/ThreadedComposite.xml
auto.tcl: Setting watchdog for 200 seconds at Sat Mar 09 03:44:02 UTC 2019
289 ms. Memory: 550400K Free: 513909K (93%)
ptolemy.util.test.WatchDog.cancel(): canceling Sat Mar 09 03:44:02 UTC 2019
auto.tcl: Setting watchdog for 200 seconds at Sat Mar 09 03:44:02 UTC 2019
191 ms. Memory: 550400K Free: 488662K (89%)
ptolemy.util.test.WatchDog.cancel(): canceling Sat Mar 09 03:44:03 UTC 2019
------------------ testing $PTII/ptolemy/domains/de/test/auto/Time.xml
auto.tcl: Setting watchdog for 200 seconds at Sat Mar 09 03:44:03 UTC 2019
475 ms. Memory: 549376K Free: 476990K (87%)
ptolemy.util.test.WatchDog.cancel(): canceling Sat Mar 09 03:44:03 UTC 2019
auto.tcl: Setting watchdog for 200 seconds at Sat Mar 09 03:44:03 UTC 2019
467 ms. Memory: 549376K Free: 418383K (76%)
ptolemy.util.test.WatchDog.cancel(): canceling Sat Mar 09 03:44:04 UTC 2019
------------------ testing $PTII/ptolemy/domains/de/test/auto/TimeDelayZeroDelay.xml
auto.tcl: Setting watchdog for 200 seconds at Sat Mar 09 03:44:04 UTC 2019
2 ms. Memory: 550400K Free: 534366K (97%)
ptolemy.util.test.WatchDog.cancel(): canceling Sat Mar 09 03:44:04 UTC 2019
auto.tcl: Setting watchdog for 200 seconds at Sat Mar 09 03:44:04 UTC 2019
2 ms. Memory: 550400K Free: 534366K (97%)
ptolemy.util.test.WatchDog.cancel(): canceling Sat Mar 09 03:44:04 UTC 2019
------------------ testing $PTII/ptolemy/domains/de/test/auto/TimerZeroDelay.xml
auto.tcl: Setting watchdog for 200 seconds at Sat Mar 09 03:44:04 UTC 2019
3 ms. Memory: 549376K Free: 533740K (97%)
ptolemy.util.test.WatchDog.cancel(): canceling Sat Mar 09 03:44:04 UTC 2019
auto.tcl: Setting watchdog for 200 seconds at Sat Mar 09 03:44:04 UTC 2019
2 ms. Memory: 549376K Free: 533740K (97%)
ptolemy.util.test.WatchDog.cancel(): canceling Sat Mar 09 03:44:04 UTC 2019
------------------ testing $PTII/ptolemy/domains/de/test/auto/TimingParadox.xml
auto.tcl: Setting watchdog for 200 seconds at Sat Mar 09 03:44:04 UTC 2019
373 ms. Memory: 549888K Free: 463860K (84%)
ptolemy.util.test.WatchDog.cancel(): canceling Sat Mar 09 03:44:04 UTC 2019
auto.tcl: Setting watchdog for 200 seconds at Sat Mar 09 03:44:04 UTC 2019
370 ms. Memory: 549888K Free: 424789K (77%)
ptolemy.util.test.WatchDog.cancel(): canceling Sat Mar 09 03:44:05 UTC 2019
------------------ testing $PTII/ptolemy/domains/de/test/auto/TransferInputs.xml
auto.tcl: Setting watchdog for 200 seconds at Sat Mar 09 03:44:05 UTC 2019
2 ms. Memory: 549888K Free: 533213K (97%)
ptolemy.util.test.WatchDog.cancel(): canceling Sat Mar 09 03:44:05 UTC 2019
auto.tcl: Setting watchdog for 200 seconds at Sat Mar 09 03:44:05 UTC 2019
1 ms. Memory: 549888K Free: 533213K (97%)
ptolemy.util.test.WatchDog.cancel(): canceling Sat Mar 09 03:44:05 UTC 2019
------------------ testing $PTII/ptolemy/domains/de/test/auto/TransferOutputs2.xml
auto.tcl: Setting watchdog for 200 seconds at Sat Mar 09 03:44:05 UTC 2019
3 ms. Memory: 549376K Free: 522603K (95%)
ptolemy.util.test.WatchDog.cancel(): canceling Sat Mar 09 03:44:05 UTC 2019
auto.tcl: Setting watchdog for 200 seconds at Sat Mar 09 03:44:05 UTC 2019
3 ms. Memory: 549376K Free: 522603K (95%)
ptolemy.util.test.WatchDog.cancel(): canceling Sat Mar 09 03:44:05 UTC 2019
------------------ testing $PTII/ptolemy/domains/de/test/auto/Trilateration.xml
auto.tcl: Setting watchdog for 200 seconds at Sat Mar 09 03:44:05 UTC 2019
15598 ms. Memory: 766976K Free: 140096K (18%)
ptolemy.util.test.WatchDog.cancel(): canceling Sat Mar 09 03:44:21 UTC 2019
auto.tcl: Setting watchdog for 200 seconds at Sat Mar 09 03:44:21 UTC 2019
11201 ms. Memory: 623104K Free: 488010K (78%)
ptolemy.util.test.WatchDog.cancel(): canceling Sat Mar 09 03:44:33 UTC 2019
------------------ testing $PTII/ptolemy/domains/de/test/auto/TwoSigmaDelta.xml
auto.tcl: Setting watchdog for 200 seconds at Sat Mar 09 03:44:33 UTC 2019
2977 ms. Memory: 619520K Free: 293641K (47%)
ptolemy.util.test.WatchDog.cancel(): canceling Sat Mar 09 03:44:36 UTC 2019
auto.tcl: Setting watchdog for 200 seconds at Sat Mar 09 03:44:36 UTC 2019
2220 ms. Memory: 598016K Free: 573121K (96%)
ptolemy.util.test.WatchDog.cancel(): canceling Sat Mar 09 03:44:38 UTC 2019
------------------ testing $PTII/ptolemy/domains/de/test/auto/VariableDelay.xml
auto.tcl: Setting watchdog for 200 seconds at Sat Mar 09 03:44:38 UTC 2019
2 ms. Memory: 594432K Free: 571393K (96%)
ptolemy.util.test.WatchDog.cancel(): canceling Sat Mar 09 03:44:38 UTC 2019
auto.tcl: Setting watchdog for 200 seconds at Sat Mar 09 03:44:38 UTC 2019
2 ms. Memory: 594432K Free: 571393K (96%)
ptolemy.util.test.WatchDog.cancel(): canceling Sat Mar 09 03:44:38 UTC 2019
------------------ testing $PTII/ptolemy/domains/de/test/auto/VariableDelay2.xml
auto.tcl: Setting watchdog for 200 seconds at Sat Mar 09 03:44:38 UTC 2019
2 ms. Memory: 597504K Free: 580001K (97%)
ptolemy.util.test.WatchDog.cancel(): canceling Sat Mar 09 03:44:38 UTC 2019
auto.tcl: Setting watchdog for 200 seconds at Sat Mar 09 03:44:38 UTC 2019
2 ms. Memory: 597504K Free: 580001K (97%)
ptolemy.util.test.WatchDog.cancel(): canceling Sat Mar 09 03:44:38 UTC 2019
------------------ testing $PTII/ptolemy/domains/de/test/auto/VariableDelayZeroDelay.xml
auto.tcl: Setting watchdog for 200 seconds at Sat Mar 09 03:44:38 UTC 2019
2 ms. Memory: 594432K Free: 576972K (97%)
ptolemy.util.test.WatchDog.cancel(): canceling Sat Mar 09 03:44:38 UTC 2019
auto.tcl: Setting watchdog for 200 seconds at Sat Mar 09 03:44:38 UTC 2019
2 ms. Memory: 594432K Free: 576972K (97%)
ptolemy.util.test.WatchDog.cancel(): canceling Sat Mar 09 03:44:38 UTC 2019
------------------ testing $PTII/ptolemy/domains/de/test/auto/VariableDelayZeroDelay2.xml
auto.tcl: Setting watchdog for 200 seconds at Sat Mar 09 03:44:38 UTC 2019
5 ms. Memory: 596992K Free: 574400K (96%)
ptolemy.util.test.WatchDog.cancel(): canceling Sat Mar 09 03:44:38 UTC 2019
auto.tcl: Setting watchdog for 200 seconds at Sat Mar 09 03:44:38 UTC 2019
2 ms. Memory: 596992K Free: 574400K (96%)
ptolemy.util.test.WatchDog.cancel(): canceling Sat Mar 09 03:44:38 UTC 2019
------------------ testing $PTII/ptolemy/domains/de/test/auto/deInCt.xml
auto.tcl: Setting watchdog for 200 seconds at Sat Mar 09 03:44:38 UTC 2019
0
1
1
1
0
0
0
1
1
1
0
0
0
1
1
1
0
0
0
1
1
1
1
0
0
0
1
1
1
0
0
0
1
1
1
0
0
0
1
1
1
0
0
0
1
1
1
8 ms. Memory: 594432K Free: 571792K (96%)
ptolemy.util.test.WatchDog.cancel(): canceling Sat Mar 09 03:44:38 UTC 2019
auto.tcl: Setting watchdog for 200 seconds at Sat Mar 09 03:44:38 UTC 2019
0
1
1
0
0
0
1
1
1
1
1
0
0
0
0
1
1
1
0
0
0
0
0
0
0
0
5 ms. Memory: 594432K Free: 571792K (96%)
ptolemy.util.test.WatchDog.cancel(): canceling Sat Mar 09 03:44:38 UTC 2019
------------------ testing $PTII/ptolemy/domains/de/test/auto/deInCt2.xml
auto.tcl: Setting watchdog for 200 seconds at Sat Mar 09 03:44:39 UTC 2019
0
1
1
1
0
0
1
1
1
0
0
1
1
1
0
0
1
1
1
0
0
1
1
1
0
0
1
1
1
0
0
1
1
1
0
0
1
1
1
0
0
0
5 ms. Memory: 596480K Free: 578970K (97%)
ptolemy.util.test.WatchDog.cancel(): canceling Sat Mar 09 03:44:39 UTC 2019
auto.tcl: Setting watchdog for 200 seconds at Sat Mar 09 03:44:39 UTC 2019
0
1
1
1
0
0
1
1
1
0
0
1
1
1
0
0
1
1
1
0
0
1
1
1
0
0
1
1
1
0
0
1
1
1
0
0
1
1
1
0
0
0
10 ms. Memory: 596480K Free: 578970K (97%)
ptolemy.util.test.WatchDog.cancel(): canceling Sat Mar 09 03:44:39 UTC 2019
------------------ testing $PTII/ptolemy/domains/de/test/auto/dynamicCausalityInterface1.xml
auto.tcl: Setting watchdog for 200 seconds at Sat Mar 09 03:44:39 UTC 2019
2 ms. Memory: 594432K Free: 569146K (96%)
ptolemy.util.test.WatchDog.cancel(): canceling Sat Mar 09 03:44:39 UTC 2019
auto.tcl: Setting watchdog for 200 seconds at Sat Mar 09 03:44:39 UTC 2019
1 ms. Memory: 594432K Free: 569146K (96%)
ptolemy.util.test.WatchDog.cancel(): canceling Sat Mar 09 03:44:39 UTC 2019
------------------ testing $PTII/ptolemy/domains/de/test/auto/fsm_de_test.xml
auto.tcl: Setting watchdog for 200 seconds at Sat Mar 09 03:44:39 UTC 2019
11 ms. Memory: 596480K Free: 573773K (96%)
ptolemy.util.test.WatchDog.cancel(): canceling Sat Mar 09 03:44:39 UTC 2019
auto.tcl: Setting watchdog for 200 seconds at Sat Mar 09 03:44:39 UTC 2019
5 ms. Memory: 596480K Free: 565942K (95%)
ptolemy.util.test.WatchDog.cancel(): canceling Sat Mar 09 03:44:39 UTC 2019
------------------ testing $PTII/ptolemy/domains/de/test/auto/functionDependencyReconstruction.xml
auto.tcl: Setting watchdog for 200 seconds at Sat Mar 09 03:44:39 UTC 2019
3 ms. Memory: 594432K Free: 563885K (95%)
ptolemy.util.test.WatchDog.cancel(): canceling Sat Mar 09 03:44:39 UTC 2019
auto.tcl: Setting watchdog for 200 seconds at Sat Mar 09 03:44:39 UTC 2019
3 ms. Memory: 594432K Free: 556054K (94%)
ptolemy.util.test.WatchDog.cancel(): canceling Sat Mar 09 03:44:39 UTC 2019
------------------ testing $PTII/ptolemy/domains/de/test/auto/multirate.xml
auto.tcl: Setting watchdog for 200 seconds at Sat Mar 09 03:44:39 UTC 2019
4 ms. Memory: 595968K Free: 573128K (96%)
ptolemy.util.test.WatchDog.cancel(): canceling Sat Mar 09 03:44:39 UTC 2019
auto.tcl: Setting watchdog for 200 seconds at Sat Mar 09 03:44:39 UTC 2019
3 ms. Memory: 595968K Free: 573128K (96%)
ptolemy.util.test.WatchDog.cancel(): canceling Sat Mar 09 03:44:39 UTC 2019
------------------ testing $PTII/ptolemy/domains/de/test/auto/multirate2.xml
auto.tcl: Setting watchdog for 200 seconds at Sat Mar 09 03:44:39 UTC 2019
2 ms. Memory: 594432K Free: 571780K (96%)
ptolemy.util.test.WatchDog.cancel(): canceling Sat Mar 09 03:44:39 UTC 2019
auto.tcl: Setting watchdog for 200 seconds at Sat Mar 09 03:44:39 UTC 2019
4 ms. Memory: 594432K Free: 571780K (96%)
ptolemy.util.test.WatchDog.cancel(): canceling Sat Mar 09 03:44:39 UTC 2019
------------------ testing $PTII/ptolemy/domains/de/test/auto/realtime.xml
auto.tcl: Setting watchdog for 200 seconds at Sat Mar 09 03:44:39 UTC 2019
10001 ms. Memory: 595968K Free: 573269K (96%)
ptolemy.util.test.WatchDog.cancel(): canceling Sat Mar 09 03:44:49 UTC 2019
auto.tcl: Setting watchdog for 200 seconds at Sat Mar 09 03:44:49 UTC 2019
10002 ms. Memory: 595968K Free: 573269K (96%)
ptolemy.util.test.WatchDog.cancel(): canceling Sat Mar 09 03:44:59 UTC 2019
------------------ testing $PTII/ptolemy/domains/de/test/auto/relationGroup.xml
auto.tcl: Setting watchdog for 200 seconds at Sat Mar 09 03:44:59 UTC 2019
2 ms. Memory: 594432K Free: 571803K (96%)
ptolemy.util.test.WatchDog.cancel(): canceling Sat Mar 09 03:44:59 UTC 2019
auto.tcl: Setting watchdog for 200 seconds at Sat Mar 09 03:44:59 UTC 2019
2 ms. Memory: 594432K Free: 571803K (96%)
ptolemy.util.test.WatchDog.cancel(): canceling Sat Mar 09 03:44:59 UTC 2019
------------------ testing $PTII/ptolemy/domains/de/test/auto/relationGroup2.xml
auto.tcl: Setting watchdog for 200 seconds at Sat Mar 09 03:44:59 UTC 2019
2 ms. Memory: 595456K Free: 572854K (96%)
ptolemy.util.test.WatchDog.cancel(): canceling Sat Mar 09 03:44:59 UTC 2019
auto.tcl: Setting watchdog for 200 seconds at Sat Mar 09 03:44:59 UTC 2019
2 ms. Memory: 595456K Free: 572854K (96%)
ptolemy.util.test.WatchDog.cancel(): canceling Sat Mar 09 03:44:59 UTC 2019
------------------ testing $PTII/ptolemy/domains/de/test/auto/sortWithOpaquePorts.xml
auto.tcl: Setting watchdog for 200 seconds at Sat Mar 09 03:44:59 UTC 2019
1 ms. Memory: 594432K Free: 571831K (96%)
ptolemy.util.test.WatchDog.cancel(): canceling Sat Mar 09 03:44:59 UTC 2019
auto.tcl: Setting watchdog for 200 seconds at Sat Mar 09 03:44:59 UTC 2019
3 ms. Memory: 594432K Free: 571831K (96%)
ptolemy.util.test.WatchDog.cancel(): canceling Sat Mar 09 03:44:59 UTC 2019
------------------ testing $PTII/ptolemy/domains/de/test/auto/transferInputsandOutputs.xml
auto.tcl: Setting watchdog for 200 seconds at Sat Mar 09 03:44:59 UTC 2019
3 ms. Memory: 595456K Free: 572841K (96%)
ptolemy.util.test.WatchDog.cancel(): canceling Sat Mar 09 03:44:59 UTC 2019
auto.tcl: Setting watchdog for 200 seconds at Sat Mar 09 03:44:59 UTC 2019
2 ms. Memory: 595456K Free: 572841K (96%)
ptolemy.util.test.WatchDog.cancel(): canceling Sat Mar 09 03:44:59 UTC 2019
------------------ testing $PTII/ptolemy/domains/de/test/auto/triggerType.xml
auto.tcl: Setting watchdog for 200 seconds at Sat Mar 09 03:44:59 UTC 2019
1 ms. Memory: 594432K Free: 571768K (96%)
ptolemy.util.test.WatchDog.cancel(): canceling Sat Mar 09 03:44:59 UTC 2019
auto.tcl: Setting watchdog for 200 seconds at Sat Mar 09 03:44:59 UTC 2019
1 ms. Memory: 594432K Free: 571768K (96%)
ptolemy.util.test.WatchDog.cancel(): canceling Sat Mar 09 03:44:59 UTC 2019
03/09/19 03:44:59
Failed: 0  Total Tests: 192  ((Passed: 187, Newly Passed: 1)  Known Failed: 5) /home/travis/build/icyphy/ptII/ptolemy/domains/de/test
03/09/19 03:44:59
Failed: 0  Total Tests: 192  ((Passed: 187, Newly Passed: 1)  Known Failed: 5) /home/travis/build/icyphy/ptII/ptolemy/domains/de/test
----------------- testing (KnownFailure) /home/travis/build/icyphy/ptII/ptolemy/domains/de/test/auto/knownFailedTests/DESDFClockTest.xml
2011 ms. Memory: 595456K Free: 562539K (94%)
Known Failure: java.lang.reflect.InvocationTargetException
----------------- testing (KnownFailure) /home/travis/build/icyphy/ptII/ptolemy/domains/de/test/auto/knownFailedTests/DirectFeedback.xml
1 ms. Memory: 595456K Free: 521497K (88%)
Known Failure: java.lang.reflect.InvocationTargetException
----------------- testing (KnownFailure) /home/travis/build/icyphy/ptII/ptolemy/domains/de/test/auto/knownFailedTests/FSMSource.xml
6 ms. Memory: 595456K Free: 480455K (81%)
----------------- testing (KnownFailure) /home/travis/build/icyphy/ptII/ptolemy/domains/de/test/auto/knownFailedTests/HierarchicalModel.xml
3 ms. Memory: 595456K Free: 449658K (76%)
Known Failure: java.lang.reflect.InvocationTargetException
----------------- testing (KnownFailure) /home/travis/build/icyphy/ptII/ptolemy/domains/de/test/auto/knownFailedTests/dependencyLoop.xml
2 ms. Memory: 595456K Free: 398339K (67%)
Known Failure: java.lang.reflect.InvocationTargetException
----------------- testing (KnownFailure) /home/travis/build/icyphy/ptII/ptolemy/domains/de/test/auto/knownFailedTests/dependencyLoop2.xml
3 ms. Memory: 595456K Free: 347036K (58%)
Known Failure: java.lang.reflect.InvocationTargetException
No auto/linux-amd64/*.xml tests in /home/travis/build/icyphy/ptII/ptolemy/domains/de/test
AutoTests.java: About to close Vertx.
AutoTests.java: Vertx closed.

===========================================================================================
----------------- testing Sat Mar 09 03:45:02 UTC 2019 /home/travis/build/icyphy/ptII/ptolemy/domains/de/test/auto/ActorDepthCalculation_actorWithoutPorts.xml
----------------- Instantiating /home/travis/build/icyphy/ptII/ptolemy/domains/de/test/auto/ActorDepthCalculation_actorWithoutPorts.xml
2 ms. Memory: 595456K Free: 295734K (50%)
----------------- Invoking toplevel() on ptolemy.moml.MoMLSimpleApplication@6e673a89
----------------- Done invoking toplevel() on ptolemy.moml.MoMLSimpleApplication@6e673a89
reloadAllAccessors: .ActorDepthCalculation_actorWithoutPorts

===========================================================================================
----------------- testing Sat Mar 09 03:45:02 UTC 2019 /home/travis/build/icyphy/ptII/ptolemy/domains/de/test/auto/AssemblyLine.xml
----------------- Instantiating /home/travis/build/icyphy/ptII/ptolemy/domains/de/test/auto/AssemblyLine.xml
2 ms. Memory: 595456K Free: 275213K (46%)
----------------- Invoking toplevel() on ptolemy.moml.MoMLSimpleApplication@7ea54a1c
----------------- Done invoking toplevel() on ptolemy.moml.MoMLSimpleApplication@7ea54a1c
reloadAllAccessors: .AssemblyLine

===========================================================================================
----------------- testing Sat Mar 09 03:45:02 UTC 2019 /home/travis/build/icyphy/ptII/ptolemy/domains/de/test/auto/CQBug1.xml
----------------- Instantiating /home/travis/build/icyphy/ptII/ptolemy/domains/de/test/auto/CQBug1.xml
1 ms. Memory: 595456K Free: 254692K (43%)
----------------- Invoking toplevel() on ptolemy.moml.MoMLSimpleApplication@2a84e63a
----------------- Done invoking toplevel() on ptolemy.moml.MoMLSimpleApplication@2a84e63a
reloadAllAccessors: .CQBug1

===========================================================================================
----------------- testing Sat Mar 09 03:45:02 UTC 2019 /home/travis/build/icyphy/ptII/ptolemy/domains/de/test/auto/CancelFireAt.xml
----------------- Instantiating /home/travis/build/icyphy/ptII/ptolemy/domains/de/test/auto/CancelFireAt.xml
1 ms. Memory: 595456K Free: 234171K (39%)
----------------- Invoking toplevel() on ptolemy.moml.MoMLSimpleApplication@6f50a452
----------------- Done invoking toplevel() on ptolemy.moml.MoMLSimpleApplication@6f50a452
reloadAllAccessors: .CancelFireAt

===========================================================================================
----------------- testing Sat Mar 09 03:45:02 UTC 2019 /home/travis/build/icyphy/ptII/ptolemy/domains/de/test/auto/CausalityAndComposabilityAnalysis.xml
----------------- Instantiating /home/travis/build/icyphy/ptII/ptolemy/domains/de/test/auto/CausalityAndComposabilityAnalysis.xml
1 ms. Memory: 595456K Free: 213650K (36%)
----------------- Invoking toplevel() on ptolemy.moml.MoMLSimpleApplication@3de4a4d8
----------------- Done invoking toplevel() on ptolemy.moml.MoMLSimpleApplication@3de4a4d8
reloadAllAccessors: .CausalityAndComposabilityAnalysis

===========================================================================================
----------------- testing Sat Mar 09 03:45:02 UTC 2019 /home/travis/build/icyphy/ptII/ptolemy/domains/de/test/auto/CausalityInterface1.xml
----------------- Instantiating /home/travis/build/icyphy/ptII/ptolemy/domains/de/test/auto/CausalityInterface1.xml
4 ms. Memory: 595456K Free: 193129K (32%)
----------------- Invoking toplevel() on ptolemy.moml.MoMLSimpleApplication@64538e25
----------------- Done invoking toplevel() on ptolemy.moml.MoMLSimpleApplication@64538e25
reloadAllAccessors: .CausalityInterface1

===========================================================================================
----------------- testing Sat Mar 09 03:45:02 UTC 2019 /home/travis/build/icyphy/ptII/ptolemy/domains/de/test/auto/CausalityInterface15.xml
----------------- Instantiating /home/travis/build/icyphy/ptII/ptolemy/domains/de/test/auto/CausalityInterface15.xml
2 ms. Memory: 595456K Free: 172608K (29%)
----------------- Invoking toplevel() on ptolemy.moml.MoMLSimpleApplication@36bd431d
----------------- Done invoking toplevel() on ptolemy.moml.MoMLSimpleApplication@36bd431d
reloadAllAccessors: .CausalityInterface15

[...]
java.lang.RuntimeException: Execution failed
	at ptolemy.moml.MoMLSimpleApplication$UnloadThread.run(MoMLSimpleApplication.java:402)
Caused by: ptolemy.kernel.util.IllegalActionException: Test fails in iteration 1.
Value was: 1.0. Should have been: 2.0
  in .DirectFeedback.Test
	at ptolemy.actor.lib.Test.fire(Test.java:268)
	at ptolemy.domains.de.kernel.DEDirector._fire(DEDirector.java:1949)
	at ptolemy.domains.de.kernel.DEDirector.fire(DEDirector.java:502)
	at ptolemy.actor.CompositeActor.fire(CompositeActor.java:455)
	at ptolemy.actor.Manager.iterate(Manager.java:851)
	at ptolemy.actor.Manager.execute(Manager.java:369)
	at ptolemy.actor.Manager.run(Manager.java:1263)
	at ptolemy.actor.Manager$PtolemyRunThread.run(Manager.java:1915)
java.lang.RuntimeException: Execution failed
	at ptolemy.moml.MoMLSimpleApplication$UnloadThread.run(MoMLSimpleApplication.java:402)
Caused by: ptolemy.kernel.util.IllegalActionException: Actor is not ready to fire.  Perhaps UpSample.prefire() returned false? Try debugging the actor by selecting "Listen to Actor".  Also, for SDF check moml for tokenConsumptionRate on input.
  in .DESDFClockTest.Play Bell.Copy1:SDF Director and .DESDFClockTest.Play Bell.UpSample
	at ptolemy.actor.sched.StaticSchedulingDirector.fire(StaticSchedulingDirector.java:227)
	at ptolemy.domains.sdf.kernel.SDFDirector.fire(SDFDirector.java:500)
	at ptolemy.actor.CompositeActor.fire(CompositeActor.java:455)
	at ptolemy.domains.de.kernel.DEDirector._fire(DEDirector.java:1949)
	at ptolemy.domains.de.kernel.DEDirector.fire(DEDirector.java:502)
	at ptolemy.actor.CompositeActor.fire(CompositeActor.java:455)
	at ptolemy.actor.Manager.iterate(Manager.java:851)
	at ptolemy.actor.Manager.execute(Manager.java:369)
	at ptolemy.actor.Manager.run(Manager.java:1263)
	at ptolemy.actor.Manager$PtolemyRunThread.run(Manager.java:1915)
java.lang.reflect.InvocationTargetException
	at sun.reflect.NativeConstructorAccessorImpl.newInstance0(Native Method)
	at sun.reflect.NativeConstructorAccessorImpl.newInstance(NativeConstructorAccessorImpl.java:62)
	at sun.reflect.DelegatingConstructorAccessorImpl.newInstance(DelegatingConstructorAccessorImpl.java:45)
	at java.lang.reflect.Constructor.newInstance(Constructor.java:423)
	at ptolemy.util.test.junit.AutoKnownFailedTests.RunModel(AutoKnownFailedTests.java:105)
	at sun.reflect.NativeMethodAccessorImpl.invoke0(Native Method)
	at sun.reflect.NativeMethodAccessorImpl.invoke(NativeMethodAccessorImpl.java:62)
	at sun.reflect.DelegatingMethodAccessorImpl.invoke(DelegatingMethodAccessorImpl.java:43)
	at java.lang.reflect.Method.invoke(Method.java:498)
	at org.junit.runners.model.FrameworkMethod$1.runReflectiveCall(FrameworkMethod.java:44)
	at org.junit.internal.runners.model.ReflectiveCallable.run(ReflectiveCallable.java:15)
	at org.junit.runners.model.FrameworkMethod.invokeExplosively(FrameworkMethod.java:41)
	at junitparams.internal.InvokeParameterisedMethod.evaluate(InvokeParameterisedMethod.java:102)
	at org.junit.internal.runners.statements.FailOnTimeout$1.run(FailOnTimeout.java:28)
Caused by: ptolemy.kernel.util.IllegalActionException: Actor is not ready to fire.  Perhaps UpSample.prefire() returned false? Try debugging the actor by selecting "Listen to Actor".  Also, for SDF check moml for tokenConsumptionRate on input.
  in .DESDFClockTest.Play Bell.Copy1:SDF Director and .DESDFClockTest.Play Bell.UpSample
	at ptolemy.actor.sched.StaticSchedulingDirector.fire(StaticSchedulingDirector.java:227)
	at ptolemy.domains.sdf.kernel.SDFDirector.fire(SDFDirector.java:500)
	at ptolemy.actor.CompositeActor.fire(CompositeActor.java:455)
	at ptolemy.domains.de.kernel.DEDirector._fire(DEDirector.java:1949)
	at ptolemy.domains.de.kernel.DEDirector.fire(DEDirector.java:502)
	at ptolemy.actor.CompositeActor.fire(CompositeActor.java:455)
	at ptolemy.actor.Manager.iterate(Manager.java:851)
	at ptolemy.actor.Manager.execute(Manager.java:369)
	at ptolemy.actor.Manager.run(Manager.java:1263)
	at ptolemy.actor.Manager$PtolemyRunThread.run(Manager.java:1915)
java.lang.RuntimeException: Execution failed
	at ptolemy.moml.MoMLSimpleApplication$UnloadThread.run(MoMLSimpleApplication.java:402)
Caused by: ptolemy.kernel.util.IllegalActionException: Test fails in iteration 1.
Value was: 1.0. Should have been: 2.0
  in .DirectFeedback.Test
	at ptolemy.actor.lib.Test.fire(Test.java:268)
	at ptolemy.domains.de.kernel.DEDirector._fire(DEDirector.java:1949)
	at ptolemy.domains.de.kernel.DEDirector.fire(DEDirector.java:502)
	at ptolemy.actor.CompositeActor.fire(CompositeActor.java:455)
	at ptolemy.actor.Manager.iterate(Manager.java:851)
	at ptolemy.actor.Manager.execute(Manager.java:369)
	at ptolemy.actor.Manager.run(Manager.java:1263)
	at ptolemy.actor.Manager$PtolemyRunThread.run(Manager.java:1915)
java.lang.reflect.InvocationTargetException
	at sun.reflect.NativeConstructorAccessorImpl.newInstance0(Native Method)
	at sun.reflect.NativeConstructorAccessorImpl.newInstance(NativeConstructorAccessorImpl.java:62)
	at sun.reflect.DelegatingConstructorAccessorImpl.newInstance(DelegatingConstructorAccessorImpl.java:45)
	at java.lang.reflect.Constructor.newInstance(Constructor.java:423)
	at ptolemy.util.test.junit.AutoKnownFailedTests.RunModel(AutoKnownFailedTests.java:105)
	at sun.reflect.NativeMethodAccessorImpl.invoke0(Native Method)
	at sun.reflect.NativeMethodAccessorImpl.invoke(NativeMethodAccessorImpl.java:62)
	at sun.reflect.DelegatingMethodAccessorImpl.invoke(DelegatingMethodAccessorImpl.java:43)
	at java.lang.reflect.Method.invoke(Method.java:498)
	at org.junit.runners.model.FrameworkMethod$1.runReflectiveCall(FrameworkMethod.java:44)
	at org.junit.internal.runners.model.ReflectiveCallable.run(ReflectiveCallable.java:15)
	at org.junit.runners.model.FrameworkMethod.invokeExplosively(FrameworkMethod.java:41)
	at junitparams.internal.InvokeParameterisedMethod.evaluate(InvokeParameterisedMethod.java:102)
	at org.junit.internal.runners.statements.FailOnTimeout$1.run(FailOnTimeout.java:28)
Caused by: ptolemy.kernel.util.IllegalActionException: Test fails in iteration 1.
Value was: 1.0. Should have been: 2.0
  in .DirectFeedback.Test
	at ptolemy.actor.lib.Test.fire(Test.java:268)
	at ptolemy.domains.de.kernel.DEDirector._fire(DEDirector.java:1949)
	at ptolemy.domains.de.kernel.DEDirector.fire(DEDirector.java:502)
	at ptolemy.actor.CompositeActor.fire(CompositeActor.java:455)
	at ptolemy.actor.Manager.iterate(Manager.java:851)
	at ptolemy.actor.Manager.execute(Manager.java:369)
	at ptolemy.actor.Manager.run(Manager.java:1263)
	at ptolemy.actor.Manager$PtolemyRunThread.run(Manager.java:1915)
java.lang.RuntimeException: Execution failed
	at ptolemy.moml.MoMLSimpleApplication$UnloadThread.run(MoMLSimpleApplication.java:402)
Caused by: ptolemy.kernel.util.IllegalActionException: Found a zero delay loop containing .HierarchicalModel.A
  in .HierarchicalModel and .HierarchicalModel.A
	at ptolemy.actor.util.CausalityInterfaceForComposites._computeOutputPortDepth(CausalityInterfaceForComposites.java:759)
	at ptolemy.actor.util.CausalityInterfaceForComposites._computeInputDepth(CausalityInterfaceForComposites.java:696)
	at ptolemy.actor.util.CausalityInterfaceForComposites._computeOutputPortDepth(CausalityInterfaceForComposites.java:765)
	at ptolemy.actor.util.CausalityInterfaceForComposites._computeInputDepth(CausalityInterfaceForComposites.java:696)
	at ptolemy.actor.util.CausalityInterfaceForComposites._computeOutputPortDepth(CausalityInterfaceForComposites.java:765)
	at ptolemy.actor.util.CausalityInterfaceForComposites._computeInputDepth(CausalityInterfaceForComposites.java:696)
	at ptolemy.actor.util.CausalityInterfaceForComposites._computeActorDepth(CausalityInterfaceForComposites.java:532)
	at ptolemy.actor.util.CausalityInterfaceForComposites.checkForCycles(CausalityInterfaceForComposites.java:96)
	at ptolemy.domains.de.kernel.DEDirector.preinitialize(DEDirector.java:1338)
	at ptolemy.actor.CompositeActor.preinitialize(CompositeActor.java:1828)
	at ptolemy.actor.Manager.preinitializeAndResolveTypes(Manager.java:1040)
	at ptolemy.actor.Manager.initialize(Manager.java:710)
	at ptolemy.actor.Manager.execute(Manager.java:356)
	at ptolemy.actor.Manager.run(Manager.java:1263)
	at ptolemy.actor.Manager$PtolemyRunThread.run(Manager.java:1915)
java.lang.reflect.InvocationTargetException
	at sun.reflect.NativeConstructorAccessorImpl.newInstance0(Native Method)
	at sun.reflect.NativeConstructorAccessorImpl.newInstance(NativeConstructorAccessorImpl.java:62)
	at sun.reflect.DelegatingConstructorAccessorImpl.newInstance(DelegatingConstructorAccessorImpl.java:45)
	at java.lang.reflect.Constructor.newInstance(Constructor.java:423)
	at ptolemy.util.test.junit.AutoKnownFailedTests.RunModel(AutoKnownFailedTests.java:105)
	at sun.reflect.NativeMethodAccessorImpl.invoke0(Native Method)
	at sun.reflect.NativeMethodAccessorImpl.invoke(NativeMethodAccessorImpl.java:62)
	at sun.reflect.DelegatingMethodAccessorImpl.invoke(DelegatingMethodAccessorImpl.java:43)
	at java.lang.reflect.Method.invoke(Method.java:498)
	at org.junit.runners.model.FrameworkMethod$1.runReflectiveCall(FrameworkMethod.java:44)
	at org.junit.internal.runners.model.ReflectiveCallable.run(ReflectiveCallable.java:15)
	at org.junit.runners.model.FrameworkMethod.invokeExplosively(FrameworkMethod.java:41)
	at junitparams.internal.InvokeParameterisedMethod.evaluate(InvokeParameterisedMethod.java:102)
	at org.junit.internal.runners.statements.FailOnTimeout$1.run(FailOnTimeout.java:28)
Caused by: ptolemy.kernel.util.IllegalActionException: Found a zero delay loop containing .HierarchicalModel.A
  in .HierarchicalModel and .HierarchicalModel.A
	at ptolemy.actor.util.CausalityInterfaceForComposites._computeOutputPortDepth(CausalityInterfaceForComposites.java:759)
	at ptolemy.actor.util.CausalityInterfaceForComposites._computeInputDepth(CausalityInterfaceForComposites.java:696)
	at ptolemy.actor.util.CausalityInterfaceForComposites._computeOutputPortDepth(CausalityInterfaceForComposites.java:765)
	at ptolemy.actor.util.CausalityInterfaceForComposites._computeInputDepth(CausalityInterfaceForComposites.java:696)
	at ptolemy.actor.util.CausalityInterfaceForComposites._computeOutputPortDepth(CausalityInterfaceForComposites.java:765)
	at ptolemy.actor.util.CausalityInterfaceForComposites._computeInputDepth(CausalityInterfaceForComposites.java:696)
	at ptolemy.actor.util.CausalityInterfaceForComposites._computeActorDepth(CausalityInterfaceForComposites.java:532)
	at ptolemy.actor.util.CausalityInterfaceForComposites.checkForCycles(CausalityInterfaceForComposites.java:96)
	at ptolemy.domains.de.kernel.DEDirector.preinitialize(DEDirector.java:1338)
	at ptolemy.actor.CompositeActor.preinitialize(CompositeActor.java:1828)
	at ptolemy.actor.Manager.preinitializeAndResolveTypes(Manager.java:1040)
	at ptolemy.actor.Manager.initialize(Manager.java:710)
	at ptolemy.actor.Manager.execute(Manager.java:356)
	at ptolemy.actor.Manager.run(Manager.java:1263)
	at ptolemy.actor.Manager$PtolemyRunThread.run(Manager.java:1915)
java.lang.RuntimeException: Execution failed
	at ptolemy.moml.MoMLSimpleApplication$UnloadThread.run(MoMLSimpleApplication.java:402)
Caused by: ptolemy.kernel.util.IllegalActionException: Found a zero delay loop containing .dependencyLoop.original
  in .dependencyLoop and .dependencyLoop.original
	at ptolemy.actor.util.CausalityInterfaceForComposites._computeOutputPortDepth(CausalityInterfaceForComposites.java:759)
	at ptolemy.actor.util.CausalityInterfaceForComposites._computeInputDepth(CausalityInterfaceForComposites.java:696)
	at ptolemy.actor.util.CausalityInterfaceForComposites._computeOutputPortDepth(CausalityInterfaceForComposites.java:765)
	at ptolemy.actor.util.CausalityInterfaceForComposites._computeInputDepth(CausalityInterfaceForComposites.java:696)
	at ptolemy.actor.util.CausalityInterfaceForComposites._computeOutputPortDepth(CausalityInterfaceForComposites.java:765)
	at ptolemy.actor.util.CausalityInterfaceForComposites._computeInputDepth(CausalityInterfaceForComposites.java:696)
	at ptolemy.actor.util.CausalityInterfaceForComposites._computeActorDepth(CausalityInterfaceForComposites.java:532)
	at ptolemy.actor.util.CausalityInterfaceForComposites.checkForCycles(CausalityInterfaceForComposites.java:96)
	at ptolemy.domains.de.kernel.DEDirector.preinitialize(DEDirector.java:1338)
	at ptolemy.actor.CompositeActor.preinitialize(CompositeActor.java:1828)
	at ptolemy.actor.Manager.preinitializeAndResolveTypes(Manager.java:1040)
	at ptolemy.actor.Manager.initialize(Manager.java:710)
	at ptolemy.actor.Manager.execute(Manager.java:356)
	at ptolemy.actor.Manager.run(Manager.java:1263)
	at ptolemy.actor.Manager$PtolemyRunThread.run(Manager.java:1915)
java.lang.reflect.InvocationTargetException
	at sun.reflect.NativeConstructorAccessorImpl.newInstance0(Native Method)
	at sun.reflect.NativeConstructorAccessorImpl.newInstance(NativeConstructorAccessorImpl.java:62)
	at sun.reflect.DelegatingConstructorAccessorImpl.newInstance(DelegatingConstructorAccessorImpl.java:45)
	at java.lang.reflect.Constructor.newInstance(Constructor.java:423)
	at ptolemy.util.test.junit.AutoKnownFailedTests.RunModel(AutoKnownFailedTests.java:105)
	at sun.reflect.NativeMethodAccessorImpl.invoke0(Native Method)
	at sun.reflect.NativeMethodAccessorImpl.invoke(NativeMethodAccessorImpl.java:62)
	at sun.reflect.DelegatingMethodAccessorImpl.invoke(DelegatingMethodAccessorImpl.java:43)
	at java.lang.reflect.Method.invoke(Method.java:498)
	at org.junit.runners.model.FrameworkMethod$1.runReflectiveCall(FrameworkMethod.java:44)
	at org.junit.internal.runners.model.ReflectiveCallable.run(ReflectiveCallable.java:15)
	at org.junit.runners.model.FrameworkMethod.invokeExplosively(FrameworkMethod.java:41)
	at junitparams.internal.InvokeParameterisedMethod.evaluate(InvokeParameterisedMethod.java:102)
	at org.junit.internal.runners.statements.FailOnTimeout$1.run(FailOnTimeout.java:28)
Caused by: ptolemy.kernel.util.IllegalActionException: Found a zero delay loop containing .dependencyLoop.original
  in .dependencyLoop and .dependencyLoop.original
	at ptolemy.actor.util.CausalityInterfaceForComposites._computeOutputPortDepth(CausalityInterfaceForComposites.java:759)
	at ptolemy.actor.util.CausalityInterfaceForComposites._computeInputDepth(CausalityInterfaceForComposites.java:696)
	at ptolemy.actor.util.CausalityInterfaceForComposites._computeOutputPortDepth(CausalityInterfaceForComposites.java:765)
	at ptolemy.actor.util.CausalityInterfaceForComposites._computeInputDepth(CausalityInterfaceForComposites.java:696)
	at ptolemy.actor.util.CausalityInterfaceForComposites._computeOutputPortDepth(CausalityInterfaceForComposites.java:765)
	at ptolemy.actor.util.CausalityInterfaceForComposites._computeInputDepth(CausalityInterfaceForComposites.java:696)
	at ptolemy.actor.util.CausalityInterfaceForComposites._computeActorDepth(CausalityInterfaceForComposites.java:532)
	at ptolemy.actor.util.CausalityInterfaceForComposites.checkForCycles(CausalityInterfaceForComposites.java:96)
	at ptolemy.domains.de.kernel.DEDirector.preinitialize(DEDirector.java:1338)
	at ptolemy.actor.CompositeActor.preinitialize(CompositeActor.java:1828)
	at ptolemy.actor.Manager.preinitializeAndResolveTypes(Manager.java:1040)
	at ptolemy.actor.Manager.initialize(Manager.java:710)
	at ptolemy.actor.Manager.execute(Manager.java:356)
	at ptolemy.actor.Manager.run(Manager.java:1263)
	at ptolemy.actor.Manager$PtolemyRunThread.run(Manager.java:1915)
java.lang.RuntimeException: Execution failed
	at ptolemy.moml.MoMLSimpleApplication$UnloadThread.run(MoMLSimpleApplication.java:402)
Caused by: ptolemy.kernel.util.IllegalActionException: Found a zero delay loop containing .dependencyLoop2.original
  in .dependencyLoop2 and .dependencyLoop2.original
	at ptolemy.actor.util.CausalityInterfaceForComposites._computeOutputPortDepth(CausalityInterfaceForComposites.java:759)
	at ptolemy.actor.util.CausalityInterfaceForComposites._computeInputDepth(CausalityInterfaceForComposites.java:696)
	at ptolemy.actor.util.CausalityInterfaceForComposites._computeOutputPortDepth(CausalityInterfaceForComposites.java:765)
	at ptolemy.actor.util.CausalityInterfaceForComposites._computeInputDepth(CausalityInterfaceForComposites.java:696)
	at ptolemy.actor.util.CausalityInterfaceForComposites._computeOutputPortDepth(CausalityInterfaceForComposites.java:765)
	at ptolemy.actor.util.CausalityInterfaceForComposites._computeInputDepth(CausalityInterfaceForComposites.java:696)
	at ptolemy.actor.util.CausalityInterfaceForComposites._computeActorDepth(CausalityInterfaceForComposites.java:532)
	at ptolemy.actor.util.CausalityInterfaceForComposites.checkForCycles(CausalityInterfaceForComposites.java:96)
	at ptolemy.domains.de.kernel.DEDirector.preinitialize(DEDirector.java:1338)
	at ptolemy.actor.CompositeActor.preinitialize(CompositeActor.java:1828)
	at ptolemy.actor.Manager.preinitializeAndResolveTypes(Manager.java:1040)
	at ptolemy.actor.Manager.initialize(Manager.java:710)
	at ptolemy.actor.Manager.execute(Manager.java:356)
	at ptolemy.actor.Manager.run(Manager.java:1263)
	at ptolemy.actor.Manager$PtolemyRunThread.run(Manager.java:1915)
java.lang.reflect.InvocationTargetException
	at sun.reflect.NativeConstructorAccessorImpl.newInstance0(Native Method)
	at sun.reflect.NativeConstructorAccessorImpl.newInstance(NativeConstructorAccessorImpl.java:62)
	at sun.reflect.DelegatingConstructorAccessorImpl.newInstance(DelegatingConstructorAccessorImpl.java:45)
	at java.lang.reflect.Constructor.newInstance(Constructor.java:423)
	at ptolemy.util.test.junit.AutoKnownFailedTests.RunModel(AutoKnownFailedTests.java:105)
	at sun.reflect.NativeMethodAccessorImpl.invoke0(Native Method)
	at sun.reflect.NativeMethodAccessorImpl.invoke(NativeMethodAccessorImpl.java:62)
	at sun.reflect.DelegatingMethodAccessorImpl.invoke(DelegatingMethodAccessorImpl.java:43)
	at java.lang.reflect.Method.invoke(Method.java:498)
	at org.junit.runners.model.FrameworkMethod$1.runReflectiveCall(FrameworkMethod.java:44)
	at org.junit.internal.runners.model.ReflectiveCallable.run(ReflectiveCallable.java:15)
	at org.junit.runners.model.FrameworkMethod.invokeExplosively(FrameworkMethod.java:41)
	at junitparams.internal.InvokeParameterisedMethod.evaluate(InvokeParameterisedMethod.java:102)
	at org.junit.internal.runners.statements.FailOnTimeout$1.run(FailOnTimeout.java:28)
Caused by: ptolemy.kernel.util.IllegalActionException: Found a zero delay loop containing .dependencyLoop2.original
  in .dependencyLoop2 and .dependencyLoop2.original
	at ptolemy.actor.util.CausalityInterfaceForComposites._computeOutputPortDepth(CausalityInterfaceForComposites.java:759)
	at ptolemy.actor.util.CausalityInterfaceForComposites._computeInputDepth(CausalityInterfaceForComposites.java:696)
	at ptolemy.actor.util.CausalityInterfaceForComposites._computeOutputPortDepth(CausalityInterfaceForComposites.java:765)
	at ptolemy.actor.util.CausalityInterfaceForComposites._computeInputDepth(CausalityInterfaceForComposites.java:696)
	at ptolemy.actor.util.CausalityInterfaceForComposites._computeOutputPortDepth(CausalityInterfaceForComposites.java:765)
	at ptolemy.actor.util.CausalityInterfaceForComposites._computeInputDepth(CausalityInterfaceForComposites.java:696)
	at ptolemy.actor.util.CausalityInterfaceForComposites._computeActorDepth(CausalityInterfaceForComposites.java:532)
	at ptolemy.actor.util.CausalityInterfaceForComposites.checkForCycles(CausalityInterfaceForComposites.java:96)
	at ptolemy.domains.de.kernel.DEDirector.preinitialize(DEDirector.java:1338)
	at ptolemy.actor.CompositeActor.preinitialize(CompositeActor.java:1828)
	at ptolemy.actor.Manager.preinitializeAndResolveTypes(Manager.java:1040)
	at ptolemy.actor.Manager.initialize(Manager.java:710)
	at ptolemy.actor.Manager.execute(Manager.java:356)
	at ptolemy.actor.Manager.run(Manager.java:1263)
	at ptolemy.actor.Manager$PtolemyRunThread.run(Manager.java:1915)
]]></system-err>
</testsuite>
