<?xml version="1.0" encoding="UTF-8" ?>
<testsuite errors="0" failures="0" hostname="travis-job-449f237c-7769-4430-ab9f-b672c8472a1f" name="ptolemy.actor.lib.hoc.test.junit.JUnitTclTest" skipped="0" tests="58" time="33.497" timestamp="2019-09-29T05:49:46">
  <properties>
[...]
</properties>
  <testcase classname="ptolemy.util.test.junit.TclTests" name="[0] /home/travis/build/icyphy/ptII/ptolemy/actor/lib/hoc/test/IterateOverArray.tcl (RunTclFile)" time="0.32" />
  <testcase classname="ptolemy.util.test.junit.AutoKnownFailedTests" name="[0] /home/travis/build/icyphy/ptII/ptolemy/actor/lib/hoc/test/auto/knownFailedTests/PreinitializeMustBeInvokedRunComposite.xml (RunModel)" time="0.508" />
  <testcase classname="ptolemy.util.test.junit.AutoNameArchTests" name="[0] ThereAreNoAutoArchTests (RunModel)" time="0.004" />
  <testcase classname="ptolemy.util.test.junit.AutoTests" name="[0] /home/travis/build/icyphy/ptII/ptolemy/actor/lib/hoc/test/auto/AllToAllMultiInstanceComposite.xml (RunModel)" time="0.408" />
  <testcase classname="ptolemy.util.test.junit.AutoTests" name="[1] /home/travis/build/icyphy/ptII/ptolemy/actor/lib/hoc/test/auto/ApplyFFTTest.xml (RunModel)" time="0.35" />
  <testcase classname="ptolemy.util.test.junit.AutoTests" name="[2] /home/travis/build/icyphy/ptII/ptolemy/actor/lib/hoc/test/auto/ApplyFunction.xml (RunModel)" time="0.062" />
  <testcase classname="ptolemy.util.test.junit.AutoTests" name="[3] /home/travis/build/icyphy/ptII/ptolemy/actor/lib/hoc/test/auto/BackgroundExecution.xml (RunModel)" time="0.785" />
  <testcase classname="ptolemy.util.test.junit.AutoTests" name="[4] /home/travis/build/icyphy/ptII/ptolemy/actor/lib/hoc/test/auto/Case.xml (RunModel)" time="0.08" />
  <testcase classname="ptolemy.util.test.junit.AutoTests" name="[5] /home/travis/build/icyphy/ptII/ptolemy/actor/lib/hoc/test/auto/Case1.xml (RunModel)" time="0.07" />
  <testcase classname="ptolemy.util.test.junit.AutoTests" name="[6] /home/travis/build/icyphy/ptII/ptolemy/actor/lib/hoc/test/auto/Case2.xml (RunModel)" time="0.14" />
  <testcase classname="ptolemy.util.test.junit.AutoTests" name="[7] /home/travis/build/icyphy/ptII/ptolemy/actor/lib/hoc/test/auto/Case3.xml (RunModel)" time="0.053" />
  <testcase classname="ptolemy.util.test.junit.AutoTests" name="[8] /home/travis/build/icyphy/ptII/ptolemy/actor/lib/hoc/test/auto/Case4.xml (RunModel)" time="0.085" />
  <testcase classname="ptolemy.util.test.junit.AutoTests" name="[9] /home/travis/build/icyphy/ptII/ptolemy/actor/lib/hoc/test/auto/Case5.xml (RunModel)" time="0.064" />
  <testcase classname="ptolemy.util.test.junit.AutoTests" name="[10] /home/travis/build/icyphy/ptII/ptolemy/actor/lib/hoc/test/auto/Case6.xml (RunModel)" time="0.082" />
  <testcase classname="ptolemy.util.test.junit.AutoTests" name="[11] /home/travis/build/icyphy/ptII/ptolemy/actor/lib/hoc/test/auto/CaseString2.xml (RunModel)" time="0.052" />
  <testcase classname="ptolemy.util.test.junit.AutoTests" name="[12] /home/travis/build/icyphy/ptII/ptolemy/actor/lib/hoc/test/auto/CatchUpComposite1.xml (RunModel)" time="0.066" />
  <testcase classname="ptolemy.util.test.junit.AutoTests" name="[13] /home/travis/build/icyphy/ptII/ptolemy/actor/lib/hoc/test/auto/CatchUpComposite2.xml (RunModel)" time="0.041" />
  <testcase classname="ptolemy.util.test.junit.AutoTests" name="[14] /home/travis/build/icyphy/ptII/ptolemy/actor/lib/hoc/test/auto/CatchUpComposite3.xml (RunModel)" time="0.046" />
  <testcase classname="ptolemy.util.test.junit.AutoTests" name="[15] /home/travis/build/icyphy/ptII/ptolemy/actor/lib/hoc/test/auto/CatchUpComposite4.xml (RunModel)" time="0.072" />
  <testcase classname="ptolemy.util.test.junit.AutoTests" name="[16] /home/travis/build/icyphy/ptII/ptolemy/actor/lib/hoc/test/auto/CatchUpComposite5.xml (RunModel)" time="0.063" />
  <testcase classname="ptolemy.util.test.junit.AutoTests" name="[17] /home/travis/build/icyphy/ptII/ptolemy/actor/lib/hoc/test/auto/CatchUpComposite6.xml (RunModel)" time="0.167" />
  <testcase classname="ptolemy.util.test.junit.AutoTests" name="[18] /home/travis/build/icyphy/ptII/ptolemy/actor/lib/hoc/test/auto/CatchUpComposite7.xml (RunModel)" time="0.081" />
  <testcase classname="ptolemy.util.test.junit.AutoTests" name="[19] /home/travis/build/icyphy/ptII/ptolemy/actor/lib/hoc/test/auto/ConcurrentExecutionTimeSDF.xml (RunModel)" time="1.549" />
  <testcase classname="ptolemy.util.test.junit.AutoTests" name="[20] /home/travis/build/icyphy/ptII/ptolemy/actor/lib/hoc/test/auto/ConcurrentSleep.xml (RunModel)" time="0.781" />
  <testcase classname="ptolemy.util.test.junit.AutoTests" name="[21] /home/travis/build/icyphy/ptII/ptolemy/actor/lib/hoc/test/auto/DEInPNInRunCompositeActor.xml (RunModel)" time="0.037" />
  <testcase classname="ptolemy.util.test.junit.AutoTests" name="[22] /home/travis/build/icyphy/ptII/ptolemy/actor/lib/hoc/test/auto/DFTSubSetTest.xml (RunModel)" time="0.307" />
  <testcase classname="ptolemy.util.test.junit.AutoTests" name="[23] /home/travis/build/icyphy/ptII/ptolemy/actor/lib/hoc/test/auto/HocDE.xml (RunModel)" time="0.176" />
  <testcase classname="ptolemy.util.test.junit.AutoTests" name="[24] /home/travis/build/icyphy/ptII/ptolemy/actor/lib/hoc/test/auto/IterateOverArray.xml (RunModel)" time="0.035" />
  <testcase classname="ptolemy.util.test.junit.AutoTests" name="[25] /home/travis/build/icyphy/ptII/ptolemy/actor/lib/hoc/test/auto/IterateOverArray10.xml (RunModel)" time="0.016" />
  <testcase classname="ptolemy.util.test.junit.AutoTests" name="[26] /home/travis/build/icyphy/ptII/ptolemy/actor/lib/hoc/test/auto/IterateOverArray11.xml (RunModel)" time="0.035" />
  <testcase classname="ptolemy.util.test.junit.AutoTests" name="[27] /home/travis/build/icyphy/ptII/ptolemy/actor/lib/hoc/test/auto/IterateOverArray12.xml (RunModel)" time="0.04" />
  <testcase classname="ptolemy.util.test.junit.AutoTests" name="[28] /home/travis/build/icyphy/ptII/ptolemy/actor/lib/hoc/test/auto/IterateOverArray13.xml (RunModel)" time="0.167" />
  <testcase classname="ptolemy.util.test.junit.AutoTests" name="[29] /home/travis/build/icyphy/ptII/ptolemy/actor/lib/hoc/test/auto/IterateOverArray14.xml (RunModel)" time="0.148" />
  <testcase classname="ptolemy.util.test.junit.AutoTests" name="[30] /home/travis/build/icyphy/ptII/ptolemy/actor/lib/hoc/test/auto/IterateOverArray2.xml (RunModel)" time="0.028" />
  <testcase classname="ptolemy.util.test.junit.AutoTests" name="[31] /home/travis/build/icyphy/ptII/ptolemy/actor/lib/hoc/test/auto/IterateOverArray3.xml (RunModel)" time="0.044" />
  <testcase classname="ptolemy.util.test.junit.AutoTests" name="[32] /home/travis/build/icyphy/ptII/ptolemy/actor/lib/hoc/test/auto/IterateOverArray4.xml (RunModel)" time="0.023" />
  <testcase classname="ptolemy.util.test.junit.AutoTests" name="[33] /home/travis/build/icyphy/ptII/ptolemy/actor/lib/hoc/test/auto/IterateOverArray5.xml (RunModel)" time="0.022" />
  <testcase classname="ptolemy.util.test.junit.AutoTests" name="[34] /home/travis/build/icyphy/ptII/ptolemy/actor/lib/hoc/test/auto/IterateOverArray6.xml (RunModel)" time="0.028" />
  <testcase classname="ptolemy.util.test.junit.AutoTests" name="[35] /home/travis/build/icyphy/ptII/ptolemy/actor/lib/hoc/test/auto/IterateOverArray7.xml (RunModel)" time="0.019" />
  <testcase classname="ptolemy.util.test.junit.AutoTests" name="[36] /home/travis/build/icyphy/ptII/ptolemy/actor/lib/hoc/test/auto/IterateOverArray8.xml (RunModel)" time="0.03" />
  <testcase classname="ptolemy.util.test.junit.AutoTests" name="[37] /home/travis/build/icyphy/ptII/ptolemy/actor/lib/hoc/test/auto/IterateOverArray9.xml (RunModel)" time="0.032" />
  <testcase classname="ptolemy.util.test.junit.AutoTests" name="[38] /home/travis/build/icyphy/ptII/ptolemy/actor/lib/hoc/test/auto/IterateOverArrayCoercedOutputType.xml (RunModel)" time="0.039" />
  <testcase classname="ptolemy.util.test.junit.AutoTests" name="[39] /home/travis/build/icyphy/ptII/ptolemy/actor/lib/hoc/test/auto/IterateOverArrayInferredOutputType.xml (RunModel)" time="0.029" />
  <testcase classname="ptolemy.util.test.junit.AutoTests" name="[40] /home/travis/build/icyphy/ptII/ptolemy/actor/lib/hoc/test/auto/MobileFunctionTest.xml (RunModel)" time="0.026" />
  <testcase classname="ptolemy.util.test.junit.AutoTests" name="[41] /home/travis/build/icyphy/ptII/ptolemy/actor/lib/hoc/test/auto/MobileModelTest.xml (RunModel)" time="0.209" />
  <testcase classname="ptolemy.util.test.junit.AutoTests" name="[42] /home/travis/build/icyphy/ptII/ptolemy/actor/lib/hoc/test/auto/ModelReference.xml (RunModel)" time="0.081" />
  <testcase classname="ptolemy.util.test.junit.AutoTests" name="[43] /home/travis/build/icyphy/ptII/ptolemy/actor/lib/hoc/test/auto/ModelReference3.xml (RunModel)" time="0.046" />
  <testcase classname="ptolemy.util.test.junit.AutoTests" name="[44] /home/travis/build/icyphy/ptII/ptolemy/actor/lib/hoc/test/auto/ModelReference4.xml (RunModel)" time="10.029" />
  <testcase classname="ptolemy.util.test.junit.AutoTests" name="[45] /home/travis/build/icyphy/ptII/ptolemy/actor/lib/hoc/test/auto/MultiInstanceComposite.xml (RunModel)" time="0.061" />
  <testcase classname="ptolemy.util.test.junit.AutoTests" name="[46] /home/travis/build/icyphy/ptII/ptolemy/actor/lib/hoc/test/auto/MultiInstanceComposite2.xml (RunModel)" time="0.033" />
  <testcase classname="ptolemy.util.test.junit.AutoTests" name="[47] /home/travis/build/icyphy/ptII/ptolemy/actor/lib/hoc/test/auto/MulticoreExecution.xml (RunModel)" time="1.138" />
  <testcase classname="ptolemy.util.test.junit.AutoTests" name="[48] /home/travis/build/icyphy/ptII/ptolemy/actor/lib/hoc/test/auto/ParallelExecution.xml (RunModel)" time="0.942" />
  <testcase classname="ptolemy.util.test.junit.AutoTests" name="[49] /home/travis/build/icyphy/ptII/ptolemy/actor/lib/hoc/test/auto/RunCompositeActor.xml (RunModel)" time="0.028" />
  <testcase classname="ptolemy.util.test.junit.AutoTests" name="[50] /home/travis/build/icyphy/ptII/ptolemy/actor/lib/hoc/test/auto/RunCompositeActor2.xml (RunModel)" time="0.049" />
  <testcase classname="ptolemy.util.test.junit.AutoTests" name="[51] /home/travis/build/icyphy/ptII/ptolemy/actor/lib/hoc/test/auto/RunCompositeActor3.xml (RunModel)" time="0.018" />
  <testcase classname="ptolemy.util.test.junit.AutoTests" name="[52] /home/travis/build/icyphy/ptII/ptolemy/actor/lib/hoc/test/auto/RunCompositeActor4.xml (RunModel)" time="0.025" />
  <testcase classname="ptolemy.util.test.junit.AutoTests" name="[53] /home/travis/build/icyphy/ptII/ptolemy/actor/lib/hoc/test/auto/RunCompositeIterateOverArray.xml (RunModel)" time="0.036" />
  <testcase classname="ptolemy.util.test.junit.AutoTests" name="[54] /home/travis/build/icyphy/ptII/ptolemy/actor/lib/hoc/test/auto/ThreadedJS.xml (RunModel)" time="12.939" />
  <system-out><![CDATA[/home/travis/build/icyphy/ptII/ptolemy/actor/lib/hoc/test/IterateOverArray.tcl
testDefs.tcl: setting time out to 9000 seconds at Sun Sep 29 05:49:46 UTC 2019
09/29/19 05:49:47
Failed: 0  Total Tests: 2  ((Passed: 2, Newly Passed: 0)  Known Failed: 0) /home/travis/build/icyphy/ptII/ptolemy/actor/lib/hoc/test
----------------- testing (KnownFailure) /home/travis/build/icyphy/ptII/ptolemy/actor/lib/hoc/test/auto/knownFailedTests/PreinitializeMustBeInvokedRunComposite.xml
138 ms. Memory: 120832K Free: 79816K (66%)
Known Failure: java.lang.reflect.InvocationTargetException
No auto/linux-amd64/*.xml tests in /home/travis/build/icyphy/ptII/ptolemy/actor/lib/hoc/test
AutoTests.java: About to close Vertx.
AutoTests.java: Vertx closed.

===========================================================================================
----------------- testing Sun Sep 29 05:49:48 UTC 2019 /home/travis/build/icyphy/ptII/ptolemy/actor/lib/hoc/test/auto/AllToAllMultiInstanceComposite.xml
----------------- Instantiating /home/travis/build/icyphy/ptII/ptolemy/actor/lib/hoc/test/auto/AllToAllMultiInstanceComposite.xml
135 ms. Memory: 120832K Free: 89994K (74%)
----------------- Invoking toplevel() on ptolemy.moml.MoMLSimpleApplication@42331f1a
----------------- Done invoking toplevel() on ptolemy.moml.MoMLSimpleApplication@42331f1a
reloadAllAccessors: .AllToAllMultiInstanceComposite

===========================================================================================
----------------- testing Sun Sep 29 05:49:48 UTC 2019 /home/travis/build/icyphy/ptII/ptolemy/actor/lib/hoc/test/auto/ApplyFFTTest.xml
----------------- Instantiating /home/travis/build/icyphy/ptII/ptolemy/actor/lib/hoc/test/auto/ApplyFFTTest.xml
146 ms. Memory: 120832K Free: 92463K (77%)
----------------- Invoking toplevel() on ptolemy.moml.MoMLSimpleApplication@5b8b0a94
----------------- Done invoking toplevel() on ptolemy.moml.MoMLSimpleApplication@5b8b0a94
reloadAllAccessors: .ApplyFFTTest

===========================================================================================
----------------- testing Sun Sep 29 05:49:48 UTC 2019 /home/travis/build/icyphy/ptII/ptolemy/actor/lib/hoc/test/auto/ApplyFunction.xml
----------------- Instantiating /home/travis/build/icyphy/ptII/ptolemy/actor/lib/hoc/test/auto/ApplyFunction.xml
6 ms. Memory: 120832K Free: 89155K (74%)
----------------- Invoking toplevel() on ptolemy.moml.MoMLSimpleApplication@7845bc5a
----------------- Done invoking toplevel() on ptolemy.moml.MoMLSimpleApplication@7845bc5a
reloadAllAccessors: .ApplyFunction

===========================================================================================
----------------- testing Sun Sep 29 05:49:48 UTC 2019 /home/travis/build/icyphy/ptII/ptolemy/actor/lib/hoc/test/auto/BackgroundExecution.xml
----------------- Instantiating /home/travis/build/icyphy/ptII/ptolemy/actor/lib/hoc/test/auto/BackgroundExecution.xml
633 ms. Memory: 120832K Free: 81813K (68%)
----------------- Invoking toplevel() on ptolemy.moml.MoMLSimpleApplication@6df6bb03
----------------- Done invoking toplevel() on ptolemy.moml.MoMLSimpleApplication@6df6bb03
reloadAllAccessors: .BackgroundExecution

===========================================================================================
----------------- testing Sun Sep 29 05:49:49 UTC 2019 /home/travis/build/icyphy/ptII/ptolemy/actor/lib/hoc/test/auto/Case.xml
----------------- Instantiating /home/travis/build/icyphy/ptII/ptolemy/actor/lib/hoc/test/auto/Case.xml
18 ms. Memory: 120832K Free: 104391K (86%)
----------------- Invoking toplevel() on ptolemy.moml.MoMLSimpleApplication@3133307a
----------------- Done invoking toplevel() on ptolemy.moml.MoMLSimpleApplication@3133307a
reloadAllAccessors: .Case

===========================================================================================
----------------- testing Sun Sep 29 05:49:49 UTC 2019 /home/travis/build/icyphy/ptII/ptolemy/actor/lib/hoc/test/auto/Case1.xml
----------------- Instantiating /home/travis/build/icyphy/ptII/ptolemy/actor/lib/hoc/test/auto/Case1.xml
20 ms. Memory: 120832K Free: 97628K (81%)
----------------- Invoking toplevel() on ptolemy.moml.MoMLSimpleApplication@75bc5800
----------------- Done invoking toplevel() on ptolemy.moml.MoMLSimpleApplication@75bc5800
reloadAllAccessors: .Case1

===========================================================================================
----------------- testing Sun Sep 29 05:49:49 UTC 2019 /home/travis/build/icyphy/ptII/ptolemy/actor/lib/hoc/test/auto/Case2.xml
----------------- Instantiating /home/travis/build/icyphy/ptII/ptolemy/actor/lib/hoc/test/auto/Case2.xml
44 ms. Memory: 120832K Free: 87402K (72%)
----------------- Invoking toplevel() on ptolemy.moml.MoMLSimpleApplication@55cc8498
----------------- Done invoking toplevel() on ptolemy.moml.MoMLSimpleApplication@55cc8498
reloadAllAccessors: .Case2

===========================================================================================
----------------- testing Sun Sep 29 05:49:49 UTC 2019 /home/travis/build/icyphy/ptII/ptolemy/actor/lib/hoc/test/auto/Case3.xml
----------------- Instantiating /home/travis/build/icyphy/ptII/ptolemy/actor/lib/hoc/test/auto/Case3.xml
7 ms. Memory: 120832K Free: 81258K (67%)
----------------- Invoking toplevel() on ptolemy.moml.MoMLSimpleApplication@51a689d8
----------------- Done invoking toplevel() on ptolemy.moml.MoMLSimpleApplication@51a689d8
reloadAllAccessors: .Case3

===========================================================================================
----------------- testing Sun Sep 29 05:49:49 UTC 2019 /home/travis/build/icyphy/ptII/ptolemy/actor/lib/hoc/test/auto/Case4.xml
----------------- Instantiating /home/travis/build/icyphy/ptII/ptolemy/actor/lib/hoc/test/auto/Case4.xml
22 ms. Memory: 120832K Free: 73487K (61%)
----------------- Invoking toplevel() on ptolemy.moml.MoMLSimpleApplication@5c7c79c5
----------------- Done invoking toplevel() on ptolemy.moml.MoMLSimpleApplication@5c7c79c5
reloadAllAccessors: .Case4

===========================================================================================
----------------- testing Sun Sep 29 05:49:50 UTC 2019 /home/travis/build/icyphy/ptII/ptolemy/actor/lib/hoc/test/auto/Case5.xml
----------------- Instantiating /home/travis/build/icyphy/ptII/ptolemy/actor/lib/hoc/test/auto/Case5.xml
37 ms. Memory: 120832K Free: 67373K (56%)
----------------- Invoking toplevel() on ptolemy.moml.MoMLSimpleApplication@3fc3d4e2
----------------- Done invoking toplevel() on ptolemy.moml.MoMLSimpleApplication@3fc3d4e2
reloadAllAccessors: .junk

===========================================================================================
----------------- testing Sun Sep 29 05:49:50 UTC 2019 /home/travis/build/icyphy/ptII/ptolemy/actor/lib/hoc/test/auto/Case6.xml
----------------- Instantiating /home/travis/build/icyphy/ptII/ptolemy/actor/lib/hoc/test/auto/Case6.xml
23 ms. Memory: 120832K Free: 98566K (82%)
----------------- Invoking toplevel() on ptolemy.moml.MoMLSimpleApplication@612b6f7
----------------- Done invoking toplevel() on ptolemy.moml.MoMLSimpleApplication@612b6f7
reloadAllAccessors: .Case6

===========================================================================================
----------------- testing Sun Sep 29 05:49:50 UTC 2019 /home/travis/build/icyphy/ptII/ptolemy/actor/lib/hoc/test/auto/CaseString2.xml
----------------- Instantiating /home/travis/build/icyphy/ptII/ptolemy/actor/lib/hoc/test/auto/CaseString2.xml
14 ms. Memory: 120832K Free: 91049K (75%)
----------------- Invoking toplevel() on ptolemy.moml.MoMLSimpleApplication@4aba94ef
----------------- Done invoking toplevel() on ptolemy.moml.MoMLSimpleApplication@4aba94ef
reloadAllAccessors: .CaseString2

===========================================================================================
----------------- testing Sun Sep 29 05:49:50 UTC 2019 /home/travis/build/icyphy/ptII/ptolemy/actor/lib/hoc/test/auto/CatchUpComposite1.xml
----------------- Instantiating /home/travis/build/icyphy/ptII/ptolemy/actor/lib/hoc/test/auto/CatchUpComposite1.xml
24 ms. Memory: 120832K Free: 81833K (68%)
----------------- Invoking toplevel() on ptolemy.moml.MoMLSimpleApplication@48ae4827
----------------- Done invoking toplevel() on ptolemy.moml.MoMLSimpleApplication@48ae4827
reloadAllAccessors: .CatchUpComposite1

===========================================================================================
----------------- testing Sun Sep 29 05:49:50 UTC 2019 /home/travis/build/icyphy/ptII/ptolemy/actor/lib/hoc/test/auto/CatchUpComposite2.xml
----------------- Instantiating /home/travis/build/icyphy/ptII/ptolemy/actor/lib/hoc/test/auto/CatchUpComposite2.xml
12 ms. Memory: 120832K Free: 73316K (61%)
----------------- Invoking toplevel() on ptolemy.moml.MoMLSimpleApplication@750d7644
----------------- Done invoking toplevel() on ptolemy.moml.MoMLSimpleApplication@750d7644
reloadAllAccessors: .CatchUpComposite2

===========================================================================================
----------------- testing Sun Sep 29 05:49:50 UTC 2019 /home/travis/build/icyphy/ptII/ptolemy/actor/lib/hoc/test/auto/CatchUpComposite3.xml
----------------- Instantiating /home/travis/build/icyphy/ptII/ptolemy/actor/lib/hoc/test/auto/CatchUpComposite3.xml
15 ms. Memory: 120832K Free: 64387K (53%)
----------------- Invoking toplevel() on ptolemy.moml.MoMLSimpleApplication@41093690
----------------- Done invoking toplevel() on ptolemy.moml.MoMLSimpleApplication@41093690
reloadAllAccessors: .CatchUpComposite3

===========================================================================================
----------------- testing Sun Sep 29 05:49:50 UTC 2019 /home/travis/build/icyphy/ptII/ptolemy/actor/lib/hoc/test/auto/CatchUpComposite4.xml
----------------- Instantiating /home/travis/build/icyphy/ptII/ptolemy/actor/lib/hoc/test/auto/CatchUpComposite4.xml
28 ms. Memory: 120832K Free: 56932K (47%)
----------------- Invoking toplevel() on ptolemy.moml.MoMLSimpleApplication@5efb29cb
----------------- Done invoking toplevel() on ptolemy.moml.MoMLSimpleApplication@5efb29cb
reloadAllAccessors: .CatchUpComposite4

===========================================================================================
----------------- testing Sun Sep 29 05:49:50 UTC 2019 /home/travis/build/icyphy/ptII/ptolemy/actor/lib/hoc/test/auto/CatchUpComposite5.xml
----------------- Instantiating /home/travis/build/icyphy/ptII/ptolemy/actor/lib/hoc/test/auto/CatchUpComposite5.xml
8 ms. Memory: 145408K Free: 125822K (87%)
----------------- Invoking toplevel() on ptolemy.moml.MoMLSimpleApplication@2a318dc4
----------------- Done invoking toplevel() on ptolemy.moml.MoMLSimpleApplication@2a318dc4
reloadAllAccessors: .CatchUpComposite5

===========================================================================================
----------------- testing Sun Sep 29 05:49:50 UTC 2019 /home/travis/build/icyphy/ptII/ptolemy/actor/lib/hoc/test/auto/CatchUpComposite6.xml
----------------- Instantiating /home/travis/build/icyphy/ptII/ptolemy/actor/lib/hoc/test/auto/CatchUpComposite6.xml
WARNING: The execution aspects in this model can influence the timing of actors by delaying the 
execution, potentially changing the behavior. There is no guarantee that actors fire at the 
time they request to be fired. 
Use Ptides for deterministic DE behavior that is not influenced by execution aspects. 

63 ms. Memory: 145408K Free: 111070K (76%)
----------------- Invoking toplevel() on ptolemy.moml.MoMLSimpleApplication@12b67b82
----------------- Done invoking toplevel() on ptolemy.moml.MoMLSimpleApplication@12b67b82
reloadAllAccessors: .CatchUpComposite6

===========================================================================================
----------------- testing Sun Sep 29 05:49:50 UTC 2019 /home/travis/build/icyphy/ptII/ptolemy/actor/lib/hoc/test/auto/CatchUpComposite7.xml
----------------- Instantiating /home/travis/build/icyphy/ptII/ptolemy/actor/lib/hoc/test/auto/CatchUpComposite7.xml
WARNING: The execution aspects in this model can influence the timing of actors by delaying the 
execution, potentially changing the behavior. There is no guarantee that actors fire at the 
time they request to be fired. 
Use Ptides for deterministic DE behavior that is not influenced by execution aspects. 

28 ms. Memory: 145408K Free: 97150K (67%)
----------------- Invoking toplevel() on ptolemy.moml.MoMLSimpleApplication@1a974609
----------------- Done invoking toplevel() on ptolemy.moml.MoMLSimpleApplication@1a974609
reloadAllAccessors: .CatchUpComposite7

===========================================================================================
----------------- testing Sun Sep 29 05:49:50 UTC 2019 /home/travis/build/icyphy/ptII/ptolemy/actor/lib/hoc/test/auto/ConcurrentExecutionTimeSDF.xml
----------------- Instantiating /home/travis/build/icyphy/ptII/ptolemy/actor/lib/hoc/test/auto/ConcurrentExecutionTimeSDF.xml
Fired ExecutionTime: 40400000
Fired ExecutionTime: 40400000
Fired ExecutionTime: 40400000
Fired ExecutionTime: 40400000
Fired ExecutionTime: 40400000
Fired ExecutionTime: 40400000
Fired ExecutionTime: 40400000
Fired ExecutionTime: 40400000
Fired ExecutionTime: 40400000
Fired ExecutionTime: 40400000
Fired ExecutionTime: 40400000
Fired ExecutionTime: 40400000
Fired ExecutionTime: 40400000
Fired ExecutionTime: 40400000
Fired ExecutionTime: 40400000
Fired ExecutionTime: 40400000
Fired ExecutionTime: 40400000
Fired ExecutionTime: 40400000
Fired ExecutionTime: 40400000
Fired ExecutionTime: 40400000
1505 ms. Memory: 145408K Free: 90401K (62%)
----------------- Invoking toplevel() on ptolemy.moml.MoMLSimpleApplication@480e22f6
----------------- Done invoking toplevel() on ptolemy.moml.MoMLSimpleApplication@480e22f6
reloadAllAccessors: .ConcurrentExecutionTimeSDF

===========================================================================================
----------------- testing Sun Sep 29 05:49:52 UTC 2019 /home/travis/build/icyphy/ptII/ptolemy/actor/lib/hoc/test/auto/ConcurrentSleep.xml
----------------- Instantiating /home/travis/build/icyphy/ptII/ptolemy/actor/lib/hoc/test/auto/ConcurrentSleep.xml
733 ms. Memory: 145408K Free: 80161K (55%)
----------------- Invoking toplevel() on ptolemy.moml.MoMLSimpleApplication@2804dd52
----------------- Done invoking toplevel() on ptolemy.moml.MoMLSimpleApplication@2804dd52
reloadAllAccessors: .ConcurrentSleep

===========================================================================================
----------------- testing Sun Sep 29 05:49:53 UTC 2019 /home/travis/build/icyphy/ptII/ptolemy/actor/lib/hoc/test/auto/DEInPNInRunCompositeActor.xml
----------------- Instantiating /home/travis/build/icyphy/ptII/ptolemy/actor/lib/hoc/test/auto/DEInPNInRunCompositeActor.xml
14 ms. Memory: 145408K Free: 74622K (51%)
----------------- Invoking toplevel() on ptolemy.moml.MoMLSimpleApplication@4cc4693
----------------- Done invoking toplevel() on ptolemy.moml.MoMLSimpleApplication@4cc4693
reloadAllAccessors: .DEInPNInRunCompositeActor

===========================================================================================
----------------- testing Sun Sep 29 05:49:53 UTC 2019 /home/travis/build/icyphy/ptII/ptolemy/actor/lib/hoc/test/auto/DFTSubSetTest.xml
----------------- Instantiating /home/travis/build/icyphy/ptII/ptolemy/actor/lib/hoc/test/auto/DFTSubSetTest.xml
197 ms. Memory: 145408K Free: 94410K (65%)
----------------- Invoking toplevel() on ptolemy.moml.MoMLSimpleApplication@6e4a9302
----------------- Done invoking toplevel() on ptolemy.moml.MoMLSimpleApplication@6e4a9302
reloadAllAccessors: .DFTSubSetTest

===========================================================================================
----------------- testing Sun Sep 29 05:49:53 UTC 2019 /home/travis/build/icyphy/ptII/ptolemy/actor/lib/hoc/test/auto/HocDE.xml
----------------- Instantiating /home/travis/build/icyphy/ptII/ptolemy/actor/lib/hoc/test/auto/HocDE.xml
126 ms. Memory: 145408K Free: 69320K (48%)
----------------- Invoking toplevel() on ptolemy.moml.MoMLSimpleApplication@2dbfcf64
----------------- Done invoking toplevel() on ptolemy.moml.MoMLSimpleApplication@2dbfcf64
reloadAllAccessors: .HocDE

===========================================================================================
----------------- testing Sun Sep 29 05:49:53 UTC 2019 /home/travis/build/icyphy/ptII/ptolemy/actor/lib/hoc/test/auto/IterateOverArray.xml
----------------- Instantiating /home/travis/build/icyphy/ptII/ptolemy/actor/lib/hoc/test/auto/IterateOverArray.xml
15 ms. Memory: 145408K Free: 64714K (45%)
----------------- Invoking toplevel() on ptolemy.moml.MoMLSimpleApplication@7d3e9c0c
----------------- Done invoking toplevel() on ptolemy.moml.MoMLSimpleApplication@7d3e9c0c
reloadAllAccessors: .IterateOverArray

===========================================================================================
----------------- testing Sun Sep 29 05:49:53 UTC 2019 /home/travis/build/icyphy/ptII/ptolemy/actor/lib/hoc/test/auto/IterateOverArray10.xml
----------------- Instantiating /home/travis/build/icyphy/ptII/ptolemy/actor/lib/hoc/test/auto/IterateOverArray10.xml
2 ms. Memory: 145408K Free: 61642K (42%)
----------------- Invoking toplevel() on ptolemy.moml.MoMLSimpleApplication@7ce1ae76
----------------- Done invoking toplevel() on ptolemy.moml.MoMLSimpleApplication@7ce1ae76
reloadAllAccessors: .IterateOverArray10

===========================================================================================
----------------- testing Sun Sep 29 05:49:53 UTC 2019 /home/travis/build/icyphy/ptII/ptolemy/actor/lib/hoc/test/auto/IterateOverArray11.xml
----------------- Instantiating /home/travis/build/icyphy/ptII/ptolemy/actor/lib/hoc/test/auto/IterateOverArray11.xml
6 ms. Memory: 145408K Free: 57546K (40%)
----------------- Invoking toplevel() on ptolemy.moml.MoMLSimpleApplication@15cd3164
----------------- Done invoking toplevel() on ptolemy.moml.MoMLSimpleApplication@15cd3164
reloadAllAccessors: .IterateOverArray11

===========================================================================================
----------------- testing Sun Sep 29 05:49:53 UTC 2019 /home/travis/build/icyphy/ptII/ptolemy/actor/lib/hoc/test/auto/IterateOverArray12.xml
----------------- Instantiating /home/travis/build/icyphy/ptII/ptolemy/actor/lib/hoc/test/auto/IterateOverArray12.xml
16 ms. Memory: 145408K Free: 130419K (90%)
----------------- Invoking toplevel() on ptolemy.moml.MoMLSimpleApplication@4891b2bd
----------------- Done invoking toplevel() on ptolemy.moml.MoMLSimpleApplication@4891b2bd
reloadAllAccessors: .IterateOverArray12

===========================================================================================
----------------- testing Sun Sep 29 05:49:53 UTC 2019 /home/travis/build/icyphy/ptII/ptolemy/actor/lib/hoc/test/auto/IterateOverArray13.xml
----------------- Instantiating /home/travis/build/icyphy/ptII/ptolemy/actor/lib/hoc/test/auto/IterateOverArray13.xml
85 ms. Memory: 145408K Free: 100590K (69%)
----------------- Invoking toplevel() on ptolemy.moml.MoMLSimpleApplication@228637cc
----------------- Done invoking toplevel() on ptolemy.moml.MoMLSimpleApplication@228637cc
reloadAllAccessors: .IterateOverArray13

===========================================================================================
----------------- testing Sun Sep 29 05:49:53 UTC 2019 /home/travis/build/icyphy/ptII/ptolemy/actor/lib/hoc/test/auto/IterateOverArray14.xml
----------------- Instantiating /home/travis/build/icyphy/ptII/ptolemy/actor/lib/hoc/test/auto/IterateOverArray14.xml
63 ms. Memory: 145408K Free: 68332K (47%)
----------------- Invoking toplevel() on ptolemy.moml.MoMLSimpleApplication@a3ebf48
----------------- Done invoking toplevel() on ptolemy.moml.MoMLSimpleApplication@a3ebf48
reloadAllAccessors: .IterateOverArray14

===========================================================================================
----------------- testing Sun Sep 29 05:49:54 UTC 2019 /home/travis/build/icyphy/ptII/ptolemy/actor/lib/hoc/test/auto/IterateOverArray2.xml
----------------- Instantiating /home/travis/build/icyphy/ptII/ptolemy/actor/lib/hoc/test/auto/IterateOverArray2.xml
8 ms. Memory: 145408K Free: 63726K (44%)
----------------- Invoking toplevel() on ptolemy.moml.MoMLSimpleApplication@3d7ce167
----------------- Done invoking toplevel() on ptolemy.moml.MoMLSimpleApplication@3d7ce167
reloadAllAccessors: .IterateOverArray2

===========================================================================================
----------------- testing Sun Sep 29 05:49:54 UTC 2019 /home/travis/build/icyphy/ptII/ptolemy/actor/lib/hoc/test/auto/IterateOverArray3.xml
----------------- Instantiating /home/travis/build/icyphy/ptII/ptolemy/actor/lib/hoc/test/auto/IterateOverArray3.xml
15 ms. Memory: 145408K Free: 57582K (40%)
----------------- Invoking toplevel() on ptolemy.moml.MoMLSimpleApplication@9c5fab4
----------------- Done invoking toplevel() on ptolemy.moml.MoMLSimpleApplication@9c5fab4
reloadAllAccessors: .IterateOverArray3

===========================================================================================
----------------- testing Sun Sep 29 05:49:54 UTC 2019 /home/travis/build/icyphy/ptII/ptolemy/actor/lib/hoc/test/auto/IterateOverArray4.xml
----------------- Instantiating /home/travis/build/icyphy/ptII/ptolemy/actor/lib/hoc/test/auto/IterateOverArray4.xml
4 ms. Memory: 145408K Free: 53486K (37%)
----------------- Invoking toplevel() on ptolemy.moml.MoMLSimpleApplication@18770186
----------------- Done invoking toplevel() on ptolemy.moml.MoMLSimpleApplication@18770186
reloadAllAccessors: .IterateOverArray4

===========================================================================================
----------------- testing Sun Sep 29 05:49:54 UTC 2019 /home/travis/build/icyphy/ptII/ptolemy/actor/lib/hoc/test/auto/IterateOverArray5.xml
----------------- Instantiating /home/travis/build/icyphy/ptII/ptolemy/actor/lib/hoc/test/auto/IterateOverArray5.xml
5 ms. Memory: 145408K Free: 49390K (34%)
----------------- Invoking toplevel() on ptolemy.moml.MoMLSimpleApplication@608a1006
----------------- Done invoking toplevel() on ptolemy.moml.MoMLSimpleApplication@608a1006
reloadAllAccessors: .IterateOverArray5

===========================================================================================
----------------- testing Sun Sep 29 05:49:54 UTC 2019 /home/travis/build/icyphy/ptII/ptolemy/actor/lib/hoc/test/auto/IterateOverArray6.xml
----------------- Instantiating /home/travis/build/icyphy/ptII/ptolemy/actor/lib/hoc/test/auto/IterateOverArray6.xml
3 ms. Memory: 145408K Free: 129182K (89%)
----------------- Invoking toplevel() on ptolemy.moml.MoMLSimpleApplication@76ec697e
----------------- Done invoking toplevel() on ptolemy.moml.MoMLSimpleApplication@76ec697e
reloadAllAccessors: .IterateOverArray6

===========================================================================================
----------------- testing Sun Sep 29 05:49:54 UTC 2019 /home/travis/build/icyphy/ptII/ptolemy/actor/lib/hoc/test/auto/IterateOverArray7.xml
----------------- Instantiating /home/travis/build/icyphy/ptII/ptolemy/actor/lib/hoc/test/auto/IterateOverArray7.xml
3 ms. Memory: 145408K Free: 124572K (86%)
----------------- Invoking toplevel() on ptolemy.moml.MoMLSimpleApplication@6130f95e
----------------- Done invoking toplevel() on ptolemy.moml.MoMLSimpleApplication@6130f95e
reloadAllAccessors: .IterateOverArray7

===========================================================================================
----------------- testing Sun Sep 29 05:49:54 UTC 2019 /home/travis/build/icyphy/ptII/ptolemy/actor/lib/hoc/test/auto/IterateOverArray8.xml
----------------- Instantiating /home/travis/build/icyphy/ptII/ptolemy/actor/lib/hoc/test/auto/IterateOverArray8.xml
4 ms. Memory: 145408K Free: 120476K (83%)
----------------- Invoking toplevel() on ptolemy.moml.MoMLSimpleApplication@54b71182
----------------- Done invoking toplevel() on ptolemy.moml.MoMLSimpleApplication@54b71182
reloadAllAccessors: .IterateOverArray8

===========================================================================================
----------------- testing Sun Sep 29 05:49:54 UTC 2019 /home/travis/build/icyphy/ptII/ptolemy/actor/lib/hoc/test/auto/IterateOverArray9.xml
----------------- Instantiating /home/travis/build/icyphy/ptII/ptolemy/actor/lib/hoc/test/auto/IterateOverArray9.xml
9 ms. Memory: 145408K Free: 116362K (80%)
----------------- Invoking toplevel() on ptolemy.moml.MoMLSimpleApplication@19e918f3
----------------- Done invoking toplevel() on ptolemy.moml.MoMLSimpleApplication@19e918f3
reloadAllAccessors: .IterateOverArray9

===========================================================================================
----------------- testing Sun Sep 29 05:49:54 UTC 2019 /home/travis/build/icyphy/ptII/ptolemy/actor/lib/hoc/test/auto/IterateOverArrayCoercedOutputType.xml
----------------- Instantiating /home/travis/build/icyphy/ptII/ptolemy/actor/lib/hoc/test/auto/IterateOverArrayCoercedOutputType.xml
5 ms. Memory: 145408K Free: 111260K (77%)
----------------- Invoking toplevel() on ptolemy.moml.MoMLSimpleApplication@34691afc
----------------- Done invoking toplevel() on ptolemy.moml.MoMLSimpleApplication@34691afc
reloadAllAccessors: .IterateOverArrayCoercedOutputType

===========================================================================================
----------------- testing Sun Sep 29 05:49:54 UTC 2019 /home/travis/build/icyphy/ptII/ptolemy/actor/lib/hoc/test/auto/IterateOverArrayInferredOutputType.xml
----------------- Instantiating /home/travis/build/icyphy/ptII/ptolemy/actor/lib/hoc/test/auto/IterateOverArrayInferredOutputType.xml
12 ms. Memory: 145408K Free: 106654K (73%)
----------------- Invoking toplevel() on ptolemy.moml.MoMLSimpleApplication@3d656948
----------------- Done invoking toplevel() on ptolemy.moml.MoMLSimpleApplication@3d656948
reloadAllAccessors: .IterateOverArrayInferredOutputType

===========================================================================================
----------------- testing Sun Sep 29 05:49:54 UTC 2019 /home/travis/build/icyphy/ptII/ptolemy/actor/lib/hoc/test/auto/MobileFunctionTest.xml
----------------- Instantiating /home/travis/build/icyphy/ptII/ptolemy/actor/lib/hoc/test/auto/MobileFunctionTest.xml
4 ms. Memory: 145408K Free: 102558K (71%)
----------------- Invoking toplevel() on ptolemy.moml.MoMLSimpleApplication@66cb0f69
----------------- Done invoking toplevel() on ptolemy.moml.MoMLSimpleApplication@66cb0f69
reloadAllAccessors: .MobileFunctionTest

===========================================================================================
----------------- testing Sun Sep 29 05:49:54 UTC 2019 /home/travis/build/icyphy/ptII/ptolemy/actor/lib/hoc/test/auto/MobileModelTest.xml
----------------- Instantiating /home/travis/build/icyphy/ptII/ptolemy/actor/lib/hoc/test/auto/MobileModelTest.xml
156 ms. Memory: 145408K Free: 81564K (56%)
----------------- Invoking toplevel() on ptolemy.moml.MoMLSimpleApplication@5b827a14
----------------- Done invoking toplevel() on ptolemy.moml.MoMLSimpleApplication@5b827a14
reloadAllAccessors: .MobileModelTest

===========================================================================================
----------------- testing Sun Sep 29 05:49:54 UTC 2019 /home/travis/build/icyphy/ptII/ptolemy/actor/lib/hoc/test/auto/ModelReference.xml
----------------- Instantiating /home/travis/build/icyphy/ptII/ptolemy/actor/lib/hoc/test/auto/ModelReference.xml
2 ms. Memory: 145408K Free: 74910K (52%)
2 ms. Memory: 145408K Free: 74365K (51%)
2 ms. Memory: 145408K Free: 73357K (50%)
1 ms. Memory: 145408K Free: 72333K (50%)
3 ms. Memory: 145408K Free: 71838K (49%)
2 ms. Memory: 145408K Free: 70814K (49%)
1 ms. Memory: 145408K Free: 70285K (48%)
2 ms. Memory: 145408K Free: 69261K (48%)
3 ms. Memory: 145408K Free: 68237K (47%)
2 ms. Memory: 145408K Free: 67742K (47%)
29 ms. Memory: 145408K Free: 67742K (47%)
----------------- Invoking toplevel() on ptolemy.moml.MoMLSimpleApplication@2b072e11
----------------- Done invoking toplevel() on ptolemy.moml.MoMLSimpleApplication@2b072e11
reloadAllAccessors: .ModelReference

===========================================================================================
----------------- testing Sun Sep 29 05:49:54 UTC 2019 /home/travis/build/icyphy/ptII/ptolemy/actor/lib/hoc/test/auto/ModelReference3.xml
----------------- Instantiating /home/travis/build/icyphy/ptII/ptolemy/actor/lib/hoc/test/auto/ModelReference3.xml
2 ms. Memory: 145408K Free: 62622K (43%)
4 ms. Memory: 145408K Free: 62077K (43%)
2 ms. Memory: 145408K Free: 61084K (42%)
4 ms. Memory: 145408K Free: 60574K (42%)
3 ms. Memory: 145408K Free: 59550K (41%)
2 ms. Memory: 145408K Free: 58526K (40%)
3 ms. Memory: 145408K Free: 57997K (40%)
1 ms. Memory: 145408K Free: 56988K (39%)
4 ms. Memory: 145408K Free: 56478K (39%)
1 ms. Memory: 145408K Free: 55454K (38%)
35 ms. Memory: 145408K Free: 55454K (38%)
----------------- Invoking toplevel() on ptolemy.moml.MoMLSimpleApplication@507e0efa
----------------- Done invoking toplevel() on ptolemy.moml.MoMLSimpleApplication@507e0efa
reloadAllAccessors: .ModelReference3

===========================================================================================
----------------- testing Sun Sep 29 05:49:54 UTC 2019 /home/travis/build/icyphy/ptII/ptolemy/actor/lib/hoc/test/auto/ModelReference4.xml
----------------- Instantiating /home/travis/build/icyphy/ptII/ptolemy/actor/lib/hoc/test/auto/ModelReference4.xml
2 ms. Memory: 145408K Free: 50829K (35%)
3 ms. Memory: 145408K Free: 49310K (34%)
1 ms. Memory: 145408K Free: 48286K (33%)
2 ms. Memory: 145408K Free: 46741K (32%)
9 ms. Memory: 145408K Free: 130762K (90%)
2 ms. Memory: 145408K Free: 129606K (89%)
5 ms. Memory: 145408K Free: 128560K (88%)
2 ms. Memory: 145408K Free: 127504K (88%)
2 ms. Memory: 145408K Free: 126496K (87%)
2 ms. Memory: 145408K Free: 125502K (86%)
10017 ms. Memory: 145408K Free: 125502K (86%)
----------------- Invoking toplevel() on ptolemy.moml.MoMLSimpleApplication@b9d313f
----------------- Done invoking toplevel() on ptolemy.moml.MoMLSimpleApplication@b9d313f
reloadAllAccessors: .ModelReference4

===========================================================================================
----------------- testing Sun Sep 29 05:50:04 UTC 2019 /home/travis/build/icyphy/ptII/ptolemy/actor/lib/hoc/test/auto/MultiInstanceComposite.xml
----------------- Instantiating /home/travis/build/icyphy/ptII/ptolemy/actor/lib/hoc/test/auto/MultiInstanceComposite.xml
32 ms. Memory: 145408K Free: 106054K (73%)
----------------- Invoking toplevel() on ptolemy.moml.MoMLSimpleApplication@66ba4bba
----------------- Done invoking toplevel() on ptolemy.moml.MoMLSimpleApplication@66ba4bba
reloadAllAccessors: .MultiInstanceComposite

===========================================================================================
----------------- testing Sun Sep 29 05:50:04 UTC 2019 /home/travis/build/icyphy/ptII/ptolemy/actor/lib/hoc/test/auto/MultiInstanceComposite2.xml
----------------- Instantiating /home/travis/build/icyphy/ptII/ptolemy/actor/lib/hoc/test/auto/MultiInstanceComposite2.xml
17 ms. Memory: 145408K Free: 94776K (65%)
----------------- Invoking toplevel() on ptolemy.moml.MoMLSimpleApplication@668809fd
----------------- Done invoking toplevel() on ptolemy.moml.MoMLSimpleApplication@668809fd
reloadAllAccessors: .MultiInstanceComposite2

===========================================================================================
----------------- testing Sun Sep 29 05:50:04 UTC 2019 /home/travis/build/icyphy/ptII/ptolemy/actor/lib/hoc/test/auto/MulticoreExecution.xml
----------------- Instantiating /home/travis/build/icyphy/ptII/ptolemy/actor/lib/hoc/test/auto/MulticoreExecution.xml
Fired ExecutionTime: 4000000
Fired ExecutionTime: 2000000
Fired ExecutionTime: 2800000
Fired ExecutionTime: 2800000
Fired ExecutionTime: 2800000
Fired ExecutionTime: 2800000
Fired ExecutionTime: 2800000
Fired ExecutionTime: 2800000
Fired ExecutionTime: 3600000
Fired ExecutionTime: 2400000
Fired ExecutionTime: 38800000
Fired ExecutionTime: 22000000
Fired ExecutionTime: 80400000
Fired ExecutionTime: 88800000
Fired ExecutionTime: 89200000
Fired ExecutionTime: 89600000
Fired ExecutionTime: 90800000
Fired ExecutionTime: 89600000
Fired ExecutionTime: 89600000
Fired ExecutionTime: 88400000
1111 ms. Memory: 145408K Free: 85996K (59%)
----------------- Invoking toplevel() on ptolemy.moml.MoMLSimpleApplication@960c0cb
----------------- Done invoking toplevel() on ptolemy.moml.MoMLSimpleApplication@960c0cb
reloadAllAccessors: .MulticoreExecution

===========================================================================================
----------------- testing Sun Sep 29 05:50:06 UTC 2019 /home/travis/build/icyphy/ptII/ptolemy/actor/lib/hoc/test/auto/ParallelExecution.xml
----------------- Instantiating /home/travis/build/icyphy/ptII/ptolemy/actor/lib/hoc/test/auto/ParallelExecution.xml
918 ms. Memory: 145408K Free: 78826K (54%)
----------------- Invoking toplevel() on ptolemy.moml.MoMLSimpleApplication@48f6b95a
----------------- Done invoking toplevel() on ptolemy.moml.MoMLSimpleApplication@48f6b95a
reloadAllAccessors: .ParallelExecution

===========================================================================================
----------------- testing Sun Sep 29 05:50:06 UTC 2019 /home/travis/build/icyphy/ptII/ptolemy/actor/lib/hoc/test/auto/RunCompositeActor.xml
----------------- Instantiating /home/travis/build/icyphy/ptII/ptolemy/actor/lib/hoc/test/auto/RunCompositeActor.xml
8 ms. Memory: 145408K Free: 71834K (49%)
----------------- Invoking toplevel() on ptolemy.moml.MoMLSimpleApplication@a88142d
----------------- Done invoking toplevel() on ptolemy.moml.MoMLSimpleApplication@a88142d
reloadAllAccessors: .RunCompositeActor

===========================================================================================
----------------- testing Sun Sep 29 05:50:07 UTC 2019 /home/travis/build/icyphy/ptII/ptolemy/actor/lib/hoc/test/auto/RunCompositeActor2.xml
----------------- Instantiating /home/travis/build/icyphy/ptII/ptolemy/actor/lib/hoc/test/auto/RunCompositeActor2.xml
8 ms. Memory: 145408K Free: 66088K (45%)
----------------- Invoking toplevel() on ptolemy.moml.MoMLSimpleApplication@5692615b
----------------- Done invoking toplevel() on ptolemy.moml.MoMLSimpleApplication@5692615b
reloadAllAccessors: .RunCompositeActor2

===========================================================================================
----------------- testing Sun Sep 29 05:50:07 UTC 2019 /home/travis/build/icyphy/ptII/ptolemy/actor/lib/hoc/test/auto/RunCompositeActor3.xml
----------------- Instantiating /home/travis/build/icyphy/ptII/ptolemy/actor/lib/hoc/test/auto/RunCompositeActor3.xml
3 ms. Memory: 145408K Free: 60556K (42%)
----------------- Invoking toplevel() on ptolemy.moml.MoMLSimpleApplication@43098759
----------------- Done invoking toplevel() on ptolemy.moml.MoMLSimpleApplication@43098759
reloadAllAccessors: .RunCompositeActor3

===========================================================================================
----------------- testing Sun Sep 29 05:50:07 UTC 2019 /home/travis/build/icyphy/ptII/ptolemy/actor/lib/hoc/test/auto/RunCompositeActor4.xml
----------------- Instantiating /home/travis/build/icyphy/ptII/ptolemy/actor/lib/hoc/test/auto/RunCompositeActor4.xml
10 ms. Memory: 145408K Free: 52332K (36%)
----------------- Invoking toplevel() on ptolemy.moml.MoMLSimpleApplication@543113b8
----------------- Done invoking toplevel() on ptolemy.moml.MoMLSimpleApplication@543113b8
reloadAllAccessors: .RunCompositeActor4

===========================================================================================
----------------- testing Sun Sep 29 05:50:07 UTC 2019 /home/travis/build/icyphy/ptII/ptolemy/actor/lib/hoc/test/auto/RunCompositeIterateOverArray.xml
----------------- Instantiating /home/travis/build/icyphy/ptII/ptolemy/actor/lib/hoc/test/auto/RunCompositeIterateOverArray.xml
12 ms. Memory: 145408K Free: 130382K (90%)
----------------- Invoking toplevel() on ptolemy.moml.MoMLSimpleApplication@741d8c31
----------------- Done invoking toplevel() on ptolemy.moml.MoMLSimpleApplication@741d8c31
reloadAllAccessors: .RunCompositeIterateOverArray

===========================================================================================
----------------- testing Sun Sep 29 05:50:07 UTC 2019 /home/travis/build/icyphy/ptII/ptolemy/actor/lib/hoc/test/auto/ThreadedJS.xml
----------------- Instantiating /home/travis/build/icyphy/ptII/ptolemy/actor/lib/hoc/test/auto/ThreadedJS.xml
6094 ms. Memory: 210944K Free: 85118K (40%)
----------------- Invoking toplevel() on ptolemy.moml.MoMLSimpleApplication@5ac7a037
----------------- Done invoking toplevel() on ptolemy.moml.MoMLSimpleApplication@5ac7a037
reloadAllAccessors: .ThreadedJS
AutoTests.java: About to close Vertx.
AutoTests.java: Vertx closed.
]]></system-out>
  <system-err><![CDATA[java.lang.RuntimeException: Execution failed
	at ptolemy.moml.MoMLSimpleApplication$UnloadThread.run(MoMLSimpleApplication.java:402)
Caused by: ptolemy.kernel.util.IllegalActionException: initialize() was called after wrapup() was called but preinitialize() was not called after wrapup().
	at ptolemy.actor.lib.hoc.test.PreinitializeMustBeInvoked.initialize(PreinitializeMustBeInvoked.java:78)
	at ptolemy.actor.Director.initialize(Director.java:938)
	at ptolemy.actor.Director.initialize(Director.java:907)
	at ptolemy.actor.sched.StaticSchedulingDirector.initialize(StaticSchedulingDirector.java:159)
	at ptolemy.domains.sdf.kernel.SDFDirector.initialize(SDFDirector.java:544)
	at ptolemy.actor.CompositeActor.initialize(CompositeActor.java:935)
	at ptolemy.actor.lib.hoc.LifeCycleManager._executeInsideModel(LifeCycleManager.java:339)
	at ptolemy.actor.lib.hoc.RunCompositeActor.fire(RunCompositeActor.java:205)
	at ptolemy.actor.CompositeActor.iterate(CompositeActor.java:1146)
	at ptolemy.actor.sched.StaticSchedulingDirector.fire(StaticSchedulingDirector.java:216)
	at ptolemy.domains.sdf.kernel.SDFDirector.fire(SDFDirector.java:500)
	at ptolemy.actor.CompositeActor.fire(CompositeActor.java:455)
	at ptolemy.actor.Manager.iterate(Manager.java:851)
	at ptolemy.actor.Manager.execute(Manager.java:369)
	at ptolemy.actor.Manager.run(Manager.java:1263)
	at ptolemy.actor.Manager$PtolemyRunThread.run(Manager.java:1933)
java.lang.reflect.InvocationTargetException
	at java.base/jdk.internal.reflect.NativeConstructorAccessorImpl.newInstance0(Native Method)
	at java.base/jdk.internal.reflect.NativeConstructorAccessorImpl.newInstance(NativeConstructorAccessorImpl.java:62)
	at java.base/jdk.internal.reflect.DelegatingConstructorAccessorImpl.newInstance(DelegatingConstructorAccessorImpl.java:45)
	at java.base/java.lang.reflect.Constructor.newInstance(Constructor.java:490)
	at ptolemy.util.test.junit.AutoKnownFailedTests.RunModel(AutoKnownFailedTests.java:105)
	at java.base/jdk.internal.reflect.NativeMethodAccessorImpl.invoke0(Native Method)
	at java.base/jdk.internal.reflect.NativeMethodAccessorImpl.invoke(NativeMethodAccessorImpl.java:62)
	at java.base/jdk.internal.reflect.DelegatingMethodAccessorImpl.invoke(DelegatingMethodAccessorImpl.java:43)
	at java.base/java.lang.reflect.Method.invoke(Method.java:566)
	at org.junit.runners.model.FrameworkMethod$1.runReflectiveCall(FrameworkMethod.java:44)
	at org.junit.internal.runners.model.ReflectiveCallable.run(ReflectiveCallable.java:15)
	at org.junit.runners.model.FrameworkMethod.invokeExplosively(FrameworkMethod.java:41)
	at junitparams.internal.InvokeParameterisedMethod.evaluate(InvokeParameterisedMethod.java:102)
	at org.junit.internal.runners.statements.FailOnTimeout$1.run(FailOnTimeout.java:28)
Caused by: ptolemy.kernel.util.IllegalActionException: initialize() was called after wrapup() was called but preinitialize() was not called after wrapup().
	at ptolemy.actor.lib.hoc.test.PreinitializeMustBeInvoked.initialize(PreinitializeMustBeInvoked.java:78)
	at ptolemy.actor.Director.initialize(Director.java:938)
	at ptolemy.actor.Director.initialize(Director.java:907)
	at ptolemy.actor.sched.StaticSchedulingDirector.initialize(StaticSchedulingDirector.java:159)
	at ptolemy.domains.sdf.kernel.SDFDirector.initialize(SDFDirector.java:544)
	at ptolemy.actor.CompositeActor.initialize(CompositeActor.java:935)
	at ptolemy.actor.lib.hoc.LifeCycleManager._executeInsideModel(LifeCycleManager.java:339)
	at ptolemy.actor.lib.hoc.RunCompositeActor.fire(RunCompositeActor.java:205)
	at ptolemy.actor.CompositeActor.iterate(CompositeActor.java:1146)
	at ptolemy.actor.sched.StaticSchedulingDirector.fire(StaticSchedulingDirector.java:216)
	at ptolemy.domains.sdf.kernel.SDFDirector.fire(SDFDirector.java:500)
	at ptolemy.actor.CompositeActor.fire(CompositeActor.java:455)
	at ptolemy.actor.Manager.iterate(Manager.java:851)
	at ptolemy.actor.Manager.execute(Manager.java:369)
	at ptolemy.actor.Manager.run(Manager.java:1263)
	at ptolemy.actor.Manager$PtolemyRunThread.run(Manager.java:1933)
Warning: Nashorn engine is planned to be removed from a future JDK release
Warning: Nashorn engine is planned to be removed from a future JDK release
Warning: Nashorn engine is planned to be removed from a future JDK release
Warning: Nashorn engine is planned to be removed from a future JDK release
Warning: Nashorn engine is planned to be removed from a future JDK release
Warning: Nashorn engine is planned to be removed from a future JDK release
Warning: Nashorn engine is planned to be removed from a future JDK release
Warning: Nashorn engine is planned to be removed from a future JDK release
]]></system-err>
</testsuite>
