<?xml version="1.0" encoding="UTF-8" ?>
<testsuite errors="0" failures="0" hostname="travis-job-dec08317-d732-4851-b65d-58b78486c278" name="ptolemy.actor.lib.hoc.test.junit.JUnitTclTest" skipped="0" tests="58" time="33.163" timestamp="2019-07-21T18:07:35">
  <properties>
[...]
</properties>
  <testcase classname="ptolemy.util.test.junit.TclTests" name="[0] /home/travis/build/icyphy/ptII/ptolemy/actor/lib/hoc/test/IterateOverArray.tcl (RunTclFile)" time="0.294" />
  <testcase classname="ptolemy.util.test.junit.AutoKnownFailedTests" name="[0] /home/travis/build/icyphy/ptII/ptolemy/actor/lib/hoc/test/auto/knownFailedTests/PreinitializeMustBeInvokedRunComposite.xml (RunModel)" time="0.438" />
  <testcase classname="ptolemy.util.test.junit.AutoNameArchTests" name="[0] ThereAreNoAutoArchTests (RunModel)" time="0.006" />
  <testcase classname="ptolemy.util.test.junit.AutoTests" name="[0] /home/travis/build/icyphy/ptII/ptolemy/actor/lib/hoc/test/auto/AllToAllMultiInstanceComposite.xml (RunModel)" time="0.424" />
  <testcase classname="ptolemy.util.test.junit.AutoTests" name="[1] /home/travis/build/icyphy/ptII/ptolemy/actor/lib/hoc/test/auto/ApplyFFTTest.xml (RunModel)" time="0.411" />
  <testcase classname="ptolemy.util.test.junit.AutoTests" name="[2] /home/travis/build/icyphy/ptII/ptolemy/actor/lib/hoc/test/auto/ApplyFunction.xml (RunModel)" time="0.028" />
  <testcase classname="ptolemy.util.test.junit.AutoTests" name="[3] /home/travis/build/icyphy/ptII/ptolemy/actor/lib/hoc/test/auto/BackgroundExecution.xml (RunModel)" time="0.767" />
  <testcase classname="ptolemy.util.test.junit.AutoTests" name="[4] /home/travis/build/icyphy/ptII/ptolemy/actor/lib/hoc/test/auto/Case.xml (RunModel)" time="0.065" />
  <testcase classname="ptolemy.util.test.junit.AutoTests" name="[5] /home/travis/build/icyphy/ptII/ptolemy/actor/lib/hoc/test/auto/Case1.xml (RunModel)" time="0.048" />
  <testcase classname="ptolemy.util.test.junit.AutoTests" name="[6] /home/travis/build/icyphy/ptII/ptolemy/actor/lib/hoc/test/auto/Case2.xml (RunModel)" time="0.105" />
  <testcase classname="ptolemy.util.test.junit.AutoTests" name="[7] /home/travis/build/icyphy/ptII/ptolemy/actor/lib/hoc/test/auto/Case3.xml (RunModel)" time="0.061" />
  <testcase classname="ptolemy.util.test.junit.AutoTests" name="[8] /home/travis/build/icyphy/ptII/ptolemy/actor/lib/hoc/test/auto/Case4.xml (RunModel)" time="0.076" />
  <testcase classname="ptolemy.util.test.junit.AutoTests" name="[9] /home/travis/build/icyphy/ptII/ptolemy/actor/lib/hoc/test/auto/Case5.xml (RunModel)" time="0.091" />
  <testcase classname="ptolemy.util.test.junit.AutoTests" name="[10] /home/travis/build/icyphy/ptII/ptolemy/actor/lib/hoc/test/auto/Case6.xml (RunModel)" time="0.121" />
  <testcase classname="ptolemy.util.test.junit.AutoTests" name="[11] /home/travis/build/icyphy/ptII/ptolemy/actor/lib/hoc/test/auto/CaseString2.xml (RunModel)" time="0.047" />
  <testcase classname="ptolemy.util.test.junit.AutoTests" name="[12] /home/travis/build/icyphy/ptII/ptolemy/actor/lib/hoc/test/auto/CatchUpComposite1.xml (RunModel)" time="0.081" />
  <testcase classname="ptolemy.util.test.junit.AutoTests" name="[13] /home/travis/build/icyphy/ptII/ptolemy/actor/lib/hoc/test/auto/CatchUpComposite2.xml (RunModel)" time="0.04" />
  <testcase classname="ptolemy.util.test.junit.AutoTests" name="[14] /home/travis/build/icyphy/ptII/ptolemy/actor/lib/hoc/test/auto/CatchUpComposite3.xml (RunModel)" time="0.052" />
  <testcase classname="ptolemy.util.test.junit.AutoTests" name="[15] /home/travis/build/icyphy/ptII/ptolemy/actor/lib/hoc/test/auto/CatchUpComposite4.xml (RunModel)" time="0.051" />
  <testcase classname="ptolemy.util.test.junit.AutoTests" name="[16] /home/travis/build/icyphy/ptII/ptolemy/actor/lib/hoc/test/auto/CatchUpComposite5.xml (RunModel)" time="0.028" />
  <testcase classname="ptolemy.util.test.junit.AutoTests" name="[17] /home/travis/build/icyphy/ptII/ptolemy/actor/lib/hoc/test/auto/CatchUpComposite6.xml (RunModel)" time="0.167" />
  <testcase classname="ptolemy.util.test.junit.AutoTests" name="[18] /home/travis/build/icyphy/ptII/ptolemy/actor/lib/hoc/test/auto/CatchUpComposite7.xml (RunModel)" time="0.094" />
  <testcase classname="ptolemy.util.test.junit.AutoTests" name="[19] /home/travis/build/icyphy/ptII/ptolemy/actor/lib/hoc/test/auto/ConcurrentExecutionTimeSDF.xml (RunModel)" time="1.959" />
  <testcase classname="ptolemy.util.test.junit.AutoTests" name="[20] /home/travis/build/icyphy/ptII/ptolemy/actor/lib/hoc/test/auto/ConcurrentSleep.xml (RunModel)" time="0.781" />
  <testcase classname="ptolemy.util.test.junit.AutoTests" name="[21] /home/travis/build/icyphy/ptII/ptolemy/actor/lib/hoc/test/auto/DEInPNInRunCompositeActor.xml (RunModel)" time="0.028" />
  <testcase classname="ptolemy.util.test.junit.AutoTests" name="[22] /home/travis/build/icyphy/ptII/ptolemy/actor/lib/hoc/test/auto/DFTSubSetTest.xml (RunModel)" time="0.402" />
  <testcase classname="ptolemy.util.test.junit.AutoTests" name="[23] /home/travis/build/icyphy/ptII/ptolemy/actor/lib/hoc/test/auto/HocDE.xml (RunModel)" time="0.205" />
  <testcase classname="ptolemy.util.test.junit.AutoTests" name="[24] /home/travis/build/icyphy/ptII/ptolemy/actor/lib/hoc/test/auto/IterateOverArray.xml (RunModel)" time="0.03" />
  <testcase classname="ptolemy.util.test.junit.AutoTests" name="[25] /home/travis/build/icyphy/ptII/ptolemy/actor/lib/hoc/test/auto/IterateOverArray10.xml (RunModel)" time="0.016" />
  <testcase classname="ptolemy.util.test.junit.AutoTests" name="[26] /home/travis/build/icyphy/ptII/ptolemy/actor/lib/hoc/test/auto/IterateOverArray11.xml (RunModel)" time="0.041" />
  <testcase classname="ptolemy.util.test.junit.AutoTests" name="[27] /home/travis/build/icyphy/ptII/ptolemy/actor/lib/hoc/test/auto/IterateOverArray12.xml (RunModel)" time="0.032" />
  <testcase classname="ptolemy.util.test.junit.AutoTests" name="[28] /home/travis/build/icyphy/ptII/ptolemy/actor/lib/hoc/test/auto/IterateOverArray13.xml (RunModel)" time="0.159" />
  <testcase classname="ptolemy.util.test.junit.AutoTests" name="[29] /home/travis/build/icyphy/ptII/ptolemy/actor/lib/hoc/test/auto/IterateOverArray14.xml (RunModel)" time="0.184" />
  <testcase classname="ptolemy.util.test.junit.AutoTests" name="[30] /home/travis/build/icyphy/ptII/ptolemy/actor/lib/hoc/test/auto/IterateOverArray2.xml (RunModel)" time="0.032" />
  <testcase classname="ptolemy.util.test.junit.AutoTests" name="[31] /home/travis/build/icyphy/ptII/ptolemy/actor/lib/hoc/test/auto/IterateOverArray3.xml (RunModel)" time="0.041" />
  <testcase classname="ptolemy.util.test.junit.AutoTests" name="[32] /home/travis/build/icyphy/ptII/ptolemy/actor/lib/hoc/test/auto/IterateOverArray4.xml (RunModel)" time="0.018" />
  <testcase classname="ptolemy.util.test.junit.AutoTests" name="[33] /home/travis/build/icyphy/ptII/ptolemy/actor/lib/hoc/test/auto/IterateOverArray5.xml (RunModel)" time="0.019" />
  <testcase classname="ptolemy.util.test.junit.AutoTests" name="[34] /home/travis/build/icyphy/ptII/ptolemy/actor/lib/hoc/test/auto/IterateOverArray6.xml (RunModel)" time="0.017" />
  <testcase classname="ptolemy.util.test.junit.AutoTests" name="[35] /home/travis/build/icyphy/ptII/ptolemy/actor/lib/hoc/test/auto/IterateOverArray7.xml (RunModel)" time="0.022" />
  <testcase classname="ptolemy.util.test.junit.AutoTests" name="[36] /home/travis/build/icyphy/ptII/ptolemy/actor/lib/hoc/test/auto/IterateOverArray8.xml (RunModel)" time="0.038" />
  <testcase classname="ptolemy.util.test.junit.AutoTests" name="[37] /home/travis/build/icyphy/ptII/ptolemy/actor/lib/hoc/test/auto/IterateOverArray9.xml (RunModel)" time="0.023" />
  <testcase classname="ptolemy.util.test.junit.AutoTests" name="[38] /home/travis/build/icyphy/ptII/ptolemy/actor/lib/hoc/test/auto/IterateOverArrayCoercedOutputType.xml (RunModel)" time="0.041" />
  <testcase classname="ptolemy.util.test.junit.AutoTests" name="[39] /home/travis/build/icyphy/ptII/ptolemy/actor/lib/hoc/test/auto/IterateOverArrayInferredOutputType.xml (RunModel)" time="0.026" />
  <testcase classname="ptolemy.util.test.junit.AutoTests" name="[40] /home/travis/build/icyphy/ptII/ptolemy/actor/lib/hoc/test/auto/MobileFunctionTest.xml (RunModel)" time="0.018" />
  <testcase classname="ptolemy.util.test.junit.AutoTests" name="[41] /home/travis/build/icyphy/ptII/ptolemy/actor/lib/hoc/test/auto/MobileModelTest.xml (RunModel)" time="0.2" />
  <testcase classname="ptolemy.util.test.junit.AutoTests" name="[42] /home/travis/build/icyphy/ptII/ptolemy/actor/lib/hoc/test/auto/ModelReference.xml (RunModel)" time="0.076" />
  <testcase classname="ptolemy.util.test.junit.AutoTests" name="[43] /home/travis/build/icyphy/ptII/ptolemy/actor/lib/hoc/test/auto/ModelReference3.xml (RunModel)" time="0.043" />
  <testcase classname="ptolemy.util.test.junit.AutoTests" name="[44] /home/travis/build/icyphy/ptII/ptolemy/actor/lib/hoc/test/auto/ModelReference4.xml (RunModel)" time="10.03" />
  <testcase classname="ptolemy.util.test.junit.AutoTests" name="[45] /home/travis/build/icyphy/ptII/ptolemy/actor/lib/hoc/test/auto/MultiInstanceComposite.xml (RunModel)" time="0.05" />
  <testcase classname="ptolemy.util.test.junit.AutoTests" name="[46] /home/travis/build/icyphy/ptII/ptolemy/actor/lib/hoc/test/auto/MultiInstanceComposite2.xml (RunModel)" time="0.03" />
  <testcase classname="ptolemy.util.test.junit.AutoTests" name="[47] /home/travis/build/icyphy/ptII/ptolemy/actor/lib/hoc/test/auto/MulticoreExecution.xml (RunModel)" time="1.119" />
  <testcase classname="ptolemy.util.test.junit.AutoTests" name="[48] /home/travis/build/icyphy/ptII/ptolemy/actor/lib/hoc/test/auto/ParallelExecution.xml (RunModel)" time="0.94" />
  <testcase classname="ptolemy.util.test.junit.AutoTests" name="[49] /home/travis/build/icyphy/ptII/ptolemy/actor/lib/hoc/test/auto/RunCompositeActor.xml (RunModel)" time="0.02" />
  <testcase classname="ptolemy.util.test.junit.AutoTests" name="[50] /home/travis/build/icyphy/ptII/ptolemy/actor/lib/hoc/test/auto/RunCompositeActor2.xml (RunModel)" time="0.017" />
  <testcase classname="ptolemy.util.test.junit.AutoTests" name="[51] /home/travis/build/icyphy/ptII/ptolemy/actor/lib/hoc/test/auto/RunCompositeActor3.xml (RunModel)" time="0.017" />
  <testcase classname="ptolemy.util.test.junit.AutoTests" name="[52] /home/travis/build/icyphy/ptII/ptolemy/actor/lib/hoc/test/auto/RunCompositeActor4.xml (RunModel)" time="0.027" />
  <testcase classname="ptolemy.util.test.junit.AutoTests" name="[53] /home/travis/build/icyphy/ptII/ptolemy/actor/lib/hoc/test/auto/RunCompositeIterateOverArray.xml (RunModel)" time="0.04" />
  <testcase classname="ptolemy.util.test.junit.AutoTests" name="[54] /home/travis/build/icyphy/ptII/ptolemy/actor/lib/hoc/test/auto/ThreadedJS.xml (RunModel)" time="12.103" />
  <system-out><![CDATA[/home/travis/build/icyphy/ptII/ptolemy/actor/lib/hoc/test/IterateOverArray.tcl
testDefs.tcl: setting time out to 9000 seconds at Sun Jul 21 18:07:35 UTC 2019
07/21/19 06:07:36
Failed: 0  Total Tests: 2  ((Passed: 2, Newly Passed: 0)  Known Failed: 0) /home/travis/build/icyphy/ptII/ptolemy/actor/lib/hoc/test
----------------- testing (KnownFailure) /home/travis/build/icyphy/ptII/ptolemy/actor/lib/hoc/test/auto/knownFailedTests/PreinitializeMustBeInvokedRunComposite.xml
123 ms. Memory: 120832K Free: 79297K (66%)
Known Failure: java.lang.reflect.InvocationTargetException
No auto/linux-amd64/*.xml tests in /home/travis/build/icyphy/ptII/ptolemy/actor/lib/hoc/test
AutoTests.java: About to close Vertx.
AutoTests.java: Vertx closed.

===========================================================================================
----------------- testing Sun Jul 21 18:07:36 UTC 2019 /home/travis/build/icyphy/ptII/ptolemy/actor/lib/hoc/test/auto/AllToAllMultiInstanceComposite.xml
----------------- Instantiating /home/travis/build/icyphy/ptII/ptolemy/actor/lib/hoc/test/auto/AllToAllMultiInstanceComposite.xml
184 ms. Memory: 120832K Free: 101653K (84%)
----------------- Invoking toplevel() on ptolemy.moml.MoMLSimpleApplication@66f17592
----------------- Done invoking toplevel() on ptolemy.moml.MoMLSimpleApplication@66f17592
reloadAllAccessors: .AllToAllMultiInstanceComposite

===========================================================================================
----------------- testing Sun Jul 21 18:07:37 UTC 2019 /home/travis/build/icyphy/ptII/ptolemy/actor/lib/hoc/test/auto/ApplyFFTTest.xml
----------------- Instantiating /home/travis/build/icyphy/ptII/ptolemy/actor/lib/hoc/test/auto/ApplyFFTTest.xml
169 ms. Memory: 120832K Free: 83055K (69%)
----------------- Invoking toplevel() on ptolemy.moml.MoMLSimpleApplication@11ae4b32
----------------- Done invoking toplevel() on ptolemy.moml.MoMLSimpleApplication@11ae4b32
reloadAllAccessors: .ApplyFFTTest

===========================================================================================
----------------- testing Sun Jul 21 18:07:37 UTC 2019 /home/travis/build/icyphy/ptII/ptolemy/actor/lib/hoc/test/auto/ApplyFunction.xml
----------------- Instantiating /home/travis/build/icyphy/ptII/ptolemy/actor/lib/hoc/test/auto/ApplyFunction.xml
5 ms. Memory: 120832K Free: 80149K (66%)
----------------- Invoking toplevel() on ptolemy.moml.MoMLSimpleApplication@49e78b96
----------------- Done invoking toplevel() on ptolemy.moml.MoMLSimpleApplication@49e78b96
reloadAllAccessors: .ApplyFunction

===========================================================================================
----------------- testing Sun Jul 21 18:07:37 UTC 2019 /home/travis/build/icyphy/ptII/ptolemy/actor/lib/hoc/test/auto/BackgroundExecution.xml
----------------- Instantiating /home/travis/build/icyphy/ptII/ptolemy/actor/lib/hoc/test/auto/BackgroundExecution.xml
642 ms. Memory: 120832K Free: 103321K (86%)
----------------- Invoking toplevel() on ptolemy.moml.MoMLSimpleApplication@2c3d8912
----------------- Done invoking toplevel() on ptolemy.moml.MoMLSimpleApplication@2c3d8912
reloadAllAccessors: .BackgroundExecution

===========================================================================================
----------------- testing Sun Jul 21 18:07:38 UTC 2019 /home/travis/build/icyphy/ptII/ptolemy/actor/lib/hoc/test/auto/Case.xml
----------------- Instantiating /home/travis/build/icyphy/ptII/ptolemy/actor/lib/hoc/test/auto/Case.xml
20 ms. Memory: 120832K Free: 95948K (79%)
----------------- Invoking toplevel() on ptolemy.moml.MoMLSimpleApplication@7ab07d4b
----------------- Done invoking toplevel() on ptolemy.moml.MoMLSimpleApplication@7ab07d4b
reloadAllAccessors: .Case

===========================================================================================
----------------- testing Sun Jul 21 18:07:38 UTC 2019 /home/travis/build/icyphy/ptII/ptolemy/actor/lib/hoc/test/auto/Case1.xml
----------------- Instantiating /home/travis/build/icyphy/ptII/ptolemy/actor/lib/hoc/test/auto/Case1.xml
14 ms. Memory: 120832K Free: 89585K (74%)
----------------- Invoking toplevel() on ptolemy.moml.MoMLSimpleApplication@7e8a808b
----------------- Done invoking toplevel() on ptolemy.moml.MoMLSimpleApplication@7e8a808b
reloadAllAccessors: .Case1

===========================================================================================
----------------- testing Sun Jul 21 18:07:38 UTC 2019 /home/travis/build/icyphy/ptII/ptolemy/actor/lib/hoc/test/auto/Case2.xml
----------------- Instantiating /home/travis/build/icyphy/ptII/ptolemy/actor/lib/hoc/test/auto/Case2.xml
26 ms. Memory: 120832K Free: 79564K (66%)
----------------- Invoking toplevel() on ptolemy.moml.MoMLSimpleApplication@1f611b6c
----------------- Done invoking toplevel() on ptolemy.moml.MoMLSimpleApplication@1f611b6c
reloadAllAccessors: .Case2

===========================================================================================
----------------- testing Sun Jul 21 18:07:38 UTC 2019 /home/travis/build/icyphy/ptII/ptolemy/actor/lib/hoc/test/auto/Case3.xml
----------------- Instantiating /home/travis/build/icyphy/ptII/ptolemy/actor/lib/hoc/test/auto/Case3.xml
17 ms. Memory: 120832K Free: 73832K (61%)
----------------- Invoking toplevel() on ptolemy.moml.MoMLSimpleApplication@3e2c3ebd
----------------- Done invoking toplevel() on ptolemy.moml.MoMLSimpleApplication@3e2c3ebd
reloadAllAccessors: .Case3

===========================================================================================
----------------- testing Sun Jul 21 18:07:38 UTC 2019 /home/travis/build/icyphy/ptII/ptolemy/actor/lib/hoc/test/auto/Case4.xml
----------------- Instantiating /home/travis/build/icyphy/ptII/ptolemy/actor/lib/hoc/test/auto/Case4.xml
29 ms. Memory: 120832K Free: 106220K (88%)
----------------- Invoking toplevel() on ptolemy.moml.MoMLSimpleApplication@4f54320b
----------------- Done invoking toplevel() on ptolemy.moml.MoMLSimpleApplication@4f54320b
reloadAllAccessors: .Case4

===========================================================================================
----------------- testing Sun Jul 21 18:07:38 UTC 2019 /home/travis/build/icyphy/ptII/ptolemy/actor/lib/hoc/test/auto/Case5.xml
----------------- Instantiating /home/travis/build/icyphy/ptII/ptolemy/actor/lib/hoc/test/auto/Case5.xml
58 ms. Memory: 120832K Free: 99605K (82%)
----------------- Invoking toplevel() on ptolemy.moml.MoMLSimpleApplication@1edde193
----------------- Done invoking toplevel() on ptolemy.moml.MoMLSimpleApplication@1edde193
reloadAllAccessors: .junk

===========================================================================================
----------------- testing Sun Jul 21 18:07:39 UTC 2019 /home/travis/build/icyphy/ptII/ptolemy/actor/lib/hoc/test/auto/Case6.xml
----------------- Instantiating /home/travis/build/icyphy/ptII/ptolemy/actor/lib/hoc/test/auto/Case6.xml
50 ms. Memory: 120832K Free: 87816K (73%)
----------------- Invoking toplevel() on ptolemy.moml.MoMLSimpleApplication@7cc4a715
----------------- Done invoking toplevel() on ptolemy.moml.MoMLSimpleApplication@7cc4a715
reloadAllAccessors: .Case6

===========================================================================================
----------------- testing Sun Jul 21 18:07:39 UTC 2019 /home/travis/build/icyphy/ptII/ptolemy/actor/lib/hoc/test/auto/CaseString2.xml
----------------- Instantiating /home/travis/build/icyphy/ptII/ptolemy/actor/lib/hoc/test/auto/CaseString2.xml
11 ms. Memory: 120832K Free: 80357K (67%)
----------------- Invoking toplevel() on ptolemy.moml.MoMLSimpleApplication@452d35a4
----------------- Done invoking toplevel() on ptolemy.moml.MoMLSimpleApplication@452d35a4
reloadAllAccessors: .CaseString2

===========================================================================================
----------------- testing Sun Jul 21 18:07:39 UTC 2019 /home/travis/build/icyphy/ptII/ptolemy/actor/lib/hoc/test/auto/CatchUpComposite1.xml
----------------- Instantiating /home/travis/build/icyphy/ptII/ptolemy/actor/lib/hoc/test/auto/CatchUpComposite1.xml
27 ms. Memory: 120832K Free: 71663K (59%)
----------------- Invoking toplevel() on ptolemy.moml.MoMLSimpleApplication@19b4d4ce
----------------- Done invoking toplevel() on ptolemy.moml.MoMLSimpleApplication@19b4d4ce
reloadAllAccessors: .CatchUpComposite1

===========================================================================================
----------------- testing Sun Jul 21 18:07:39 UTC 2019 /home/travis/build/icyphy/ptII/ptolemy/actor/lib/hoc/test/auto/CatchUpComposite2.xml
----------------- Instantiating /home/travis/build/icyphy/ptII/ptolemy/actor/lib/hoc/test/auto/CatchUpComposite2.xml
9 ms. Memory: 120832K Free: 63202K (52%)
----------------- Invoking toplevel() on ptolemy.moml.MoMLSimpleApplication@a4f1365
----------------- Done invoking toplevel() on ptolemy.moml.MoMLSimpleApplication@a4f1365
reloadAllAccessors: .CatchUpComposite2

===========================================================================================
----------------- testing Sun Jul 21 18:07:39 UTC 2019 /home/travis/build/icyphy/ptII/ptolemy/actor/lib/hoc/test/auto/CatchUpComposite3.xml
----------------- Instantiating /home/travis/build/icyphy/ptII/ptolemy/actor/lib/hoc/test/auto/CatchUpComposite3.xml
19 ms. Memory: 120832K Free: 106758K (88%)
----------------- Invoking toplevel() on ptolemy.moml.MoMLSimpleApplication@23df0c8e
----------------- Done invoking toplevel() on ptolemy.moml.MoMLSimpleApplication@23df0c8e
reloadAllAccessors: .CatchUpComposite3

===========================================================================================
----------------- testing Sun Jul 21 18:07:39 UTC 2019 /home/travis/build/icyphy/ptII/ptolemy/actor/lib/hoc/test/auto/CatchUpComposite4.xml
----------------- Instantiating /home/travis/build/icyphy/ptII/ptolemy/actor/lib/hoc/test/auto/CatchUpComposite4.xml
14 ms. Memory: 120832K Free: 98790K (82%)
----------------- Invoking toplevel() on ptolemy.moml.MoMLSimpleApplication@4eb5a485
----------------- Done invoking toplevel() on ptolemy.moml.MoMLSimpleApplication@4eb5a485
reloadAllAccessors: .CatchUpComposite4

===========================================================================================
----------------- testing Sun Jul 21 18:07:39 UTC 2019 /home/travis/build/icyphy/ptII/ptolemy/actor/lib/hoc/test/auto/CatchUpComposite5.xml
----------------- Instantiating /home/travis/build/icyphy/ptII/ptolemy/actor/lib/hoc/test/auto/CatchUpComposite5.xml
6 ms. Memory: 120832K Free: 91327K (76%)
----------------- Invoking toplevel() on ptolemy.moml.MoMLSimpleApplication@23570292
----------------- Done invoking toplevel() on ptolemy.moml.MoMLSimpleApplication@23570292
reloadAllAccessors: .CatchUpComposite5

===========================================================================================
----------------- testing Sun Jul 21 18:07:39 UTC 2019 /home/travis/build/icyphy/ptII/ptolemy/actor/lib/hoc/test/auto/CatchUpComposite6.xml
----------------- Instantiating /home/travis/build/icyphy/ptII/ptolemy/actor/lib/hoc/test/auto/CatchUpComposite6.xml
WARNING: The execution aspects in this model can influence the timing of actors by delaying the 
execution, potentially changing the behavior. There is no guarantee that actors fire at the 
time they request to be fired. 
Use Ptides for deterministic DE behavior that is not influenced by execution aspects. 

96 ms. Memory: 120832K Free: 76584K (63%)
----------------- Invoking toplevel() on ptolemy.moml.MoMLSimpleApplication@315a802d
----------------- Done invoking toplevel() on ptolemy.moml.MoMLSimpleApplication@315a802d
reloadAllAccessors: .CatchUpComposite6

===========================================================================================
----------------- testing Sun Jul 21 18:07:39 UTC 2019 /home/travis/build/icyphy/ptII/ptolemy/actor/lib/hoc/test/auto/CatchUpComposite7.xml
----------------- Instantiating /home/travis/build/icyphy/ptII/ptolemy/actor/lib/hoc/test/auto/CatchUpComposite7.xml
WARNING: The execution aspects in this model can influence the timing of actors by delaying the 
execution, potentially changing the behavior. There is no guarantee that actors fire at the 
time they request to be fired. 
Use Ptides for deterministic DE behavior that is not influenced by execution aspects. 

39 ms. Memory: 120832K Free: 63272K (52%)
----------------- Invoking toplevel() on ptolemy.moml.MoMLSimpleApplication@20526fe8
----------------- Done invoking toplevel() on ptolemy.moml.MoMLSimpleApplication@20526fe8
reloadAllAccessors: .CatchUpComposite7

===========================================================================================
----------------- testing Sun Jul 21 18:07:39 UTC 2019 /home/travis/build/icyphy/ptII/ptolemy/actor/lib/hoc/test/auto/ConcurrentExecutionTimeSDF.xml
----------------- Instantiating /home/travis/build/icyphy/ptII/ptolemy/actor/lib/hoc/test/auto/ConcurrentExecutionTimeSDF.xml
Fired ExecutionTime: 40400000
Fired ExecutionTime: 40400000
Fired ExecutionTime: 40400000
Fired ExecutionTime: 40400000
Fired ExecutionTime: 40400000
Fired ExecutionTime: 40400000
Fired ExecutionTime: 40400000
Fired ExecutionTime: 40400000
Fired ExecutionTime: 40400000
Fired ExecutionTime: 40400000
Fired ExecutionTime: 40400000
Fired ExecutionTime: 40400000
Fired ExecutionTime: 40400000
Fired ExecutionTime: 40400000
Fired ExecutionTime: 40400000
Fired ExecutionTime: 40400000
Fired ExecutionTime: 40400000
Fired ExecutionTime: 40400000
Fired ExecutionTime: 40400000
Fired ExecutionTime: 40400000
1928 ms. Memory: 120832K Free: 56565K (47%)
----------------- Invoking toplevel() on ptolemy.moml.MoMLSimpleApplication@34497f53
----------------- Done invoking toplevel() on ptolemy.moml.MoMLSimpleApplication@34497f53
reloadAllAccessors: .ConcurrentExecutionTimeSDF

===========================================================================================
----------------- testing Sun Jul 21 18:07:41 UTC 2019 /home/travis/build/icyphy/ptII/ptolemy/actor/lib/hoc/test/auto/ConcurrentSleep.xml
----------------- Instantiating /home/travis/build/icyphy/ptII/ptolemy/actor/lib/hoc/test/auto/ConcurrentSleep.xml
746 ms. Memory: 120832K Free: 102378K (85%)
----------------- Invoking toplevel() on ptolemy.moml.MoMLSimpleApplication@1c3a1d60
----------------- Done invoking toplevel() on ptolemy.moml.MoMLSimpleApplication@1c3a1d60
reloadAllAccessors: .ConcurrentSleep

===========================================================================================
----------------- testing Sun Jul 21 18:07:42 UTC 2019 /home/travis/build/icyphy/ptII/ptolemy/actor/lib/hoc/test/auto/DEInPNInRunCompositeActor.xml
----------------- Instantiating /home/travis/build/icyphy/ptII/ptolemy/actor/lib/hoc/test/auto/DEInPNInRunCompositeActor.xml
6 ms. Memory: 120832K Free: 96980K (80%)
----------------- Invoking toplevel() on ptolemy.moml.MoMLSimpleApplication@230bd7f6
----------------- Done invoking toplevel() on ptolemy.moml.MoMLSimpleApplication@230bd7f6
reloadAllAccessors: .DEInPNInRunCompositeActor

===========================================================================================
----------------- testing Sun Jul 21 18:07:42 UTC 2019 /home/travis/build/icyphy/ptII/ptolemy/actor/lib/hoc/test/auto/DFTSubSetTest.xml
----------------- Instantiating /home/travis/build/icyphy/ptII/ptolemy/actor/lib/hoc/test/auto/DFTSubSetTest.xml
225 ms. Memory: 120832K Free: 54299K (45%)
----------------- Invoking toplevel() on ptolemy.moml.MoMLSimpleApplication@34a71acf
----------------- Done invoking toplevel() on ptolemy.moml.MoMLSimpleApplication@34a71acf
reloadAllAccessors: .DFTSubSetTest

===========================================================================================
----------------- testing Sun Jul 21 18:07:42 UTC 2019 /home/travis/build/icyphy/ptII/ptolemy/actor/lib/hoc/test/auto/HocDE.xml
----------------- Instantiating /home/travis/build/icyphy/ptII/ptolemy/actor/lib/hoc/test/auto/HocDE.xml
155 ms. Memory: 120832K Free: 94924K (79%)
----------------- Invoking toplevel() on ptolemy.moml.MoMLSimpleApplication@3a4d3518
----------------- Done invoking toplevel() on ptolemy.moml.MoMLSimpleApplication@3a4d3518
reloadAllAccessors: .HocDE

===========================================================================================
----------------- testing Sun Jul 21 18:07:43 UTC 2019 /home/travis/build/icyphy/ptII/ptolemy/actor/lib/hoc/test/auto/IterateOverArray.xml
----------------- Instantiating /home/travis/build/icyphy/ptII/ptolemy/actor/lib/hoc/test/auto/IterateOverArray.xml
11 ms. Memory: 120832K Free: 90368K (75%)
----------------- Invoking toplevel() on ptolemy.moml.MoMLSimpleApplication@44aac5e5
----------------- Done invoking toplevel() on ptolemy.moml.MoMLSimpleApplication@44aac5e5
reloadAllAccessors: .IterateOverArray

===========================================================================================
----------------- testing Sun Jul 21 18:07:43 UTC 2019 /home/travis/build/icyphy/ptII/ptolemy/actor/lib/hoc/test/auto/IterateOverArray10.xml
----------------- Instantiating /home/travis/build/icyphy/ptII/ptolemy/actor/lib/hoc/test/auto/IterateOverArray10.xml
5 ms. Memory: 120832K Free: 86978K (72%)
----------------- Invoking toplevel() on ptolemy.moml.MoMLSimpleApplication@5c023565
----------------- Done invoking toplevel() on ptolemy.moml.MoMLSimpleApplication@5c023565
reloadAllAccessors: .IterateOverArray10

===========================================================================================
----------------- testing Sun Jul 21 18:07:43 UTC 2019 /home/travis/build/icyphy/ptII/ptolemy/actor/lib/hoc/test/auto/IterateOverArray11.xml
----------------- Instantiating /home/travis/build/icyphy/ptII/ptolemy/actor/lib/hoc/test/auto/IterateOverArray11.xml
6 ms. Memory: 120832K Free: 83230K (69%)
----------------- Invoking toplevel() on ptolemy.moml.MoMLSimpleApplication@6d3536c5
----------------- Done invoking toplevel() on ptolemy.moml.MoMLSimpleApplication@6d3536c5
reloadAllAccessors: .IterateOverArray11

===========================================================================================
----------------- testing Sun Jul 21 18:07:43 UTC 2019 /home/travis/build/icyphy/ptII/ptolemy/actor/lib/hoc/test/auto/IterateOverArray12.xml
----------------- Instantiating /home/travis/build/icyphy/ptII/ptolemy/actor/lib/hoc/test/auto/IterateOverArray12.xml
16 ms. Memory: 120832K Free: 77436K (64%)
----------------- Invoking toplevel() on ptolemy.moml.MoMLSimpleApplication@957607a
----------------- Done invoking toplevel() on ptolemy.moml.MoMLSimpleApplication@957607a
reloadAllAccessors: .IterateOverArray12

===========================================================================================
----------------- testing Sun Jul 21 18:07:43 UTC 2019 /home/travis/build/icyphy/ptII/ptolemy/actor/lib/hoc/test/auto/IterateOverArray13.xml
----------------- Instantiating /home/travis/build/icyphy/ptII/ptolemy/actor/lib/hoc/test/auto/IterateOverArray13.xml
83 ms. Memory: 120832K Free: 48764K (40%)
----------------- Invoking toplevel() on ptolemy.moml.MoMLSimpleApplication@2ab04774
----------------- Done invoking toplevel() on ptolemy.moml.MoMLSimpleApplication@2ab04774
reloadAllAccessors: .IterateOverArray13

===========================================================================================
----------------- testing Sun Jul 21 18:07:43 UTC 2019 /home/travis/build/icyphy/ptII/ptolemy/actor/lib/hoc/test/auto/IterateOverArray14.xml
----------------- Instantiating /home/travis/build/icyphy/ptII/ptolemy/actor/lib/hoc/test/auto/IterateOverArray14.xml
76 ms. Memory: 150528K Free: 114683K (76%)
----------------- Invoking toplevel() on ptolemy.moml.MoMLSimpleApplication@3a8d4960
----------------- Done invoking toplevel() on ptolemy.moml.MoMLSimpleApplication@3a8d4960
reloadAllAccessors: .IterateOverArray14

===========================================================================================
----------------- testing Sun Jul 21 18:07:43 UTC 2019 /home/travis/build/icyphy/ptII/ptolemy/actor/lib/hoc/test/auto/IterateOverArray2.xml
----------------- Instantiating /home/travis/build/icyphy/ptII/ptolemy/actor/lib/hoc/test/auto/IterateOverArray2.xml
10 ms. Memory: 150528K Free: 110077K (73%)
----------------- Invoking toplevel() on ptolemy.moml.MoMLSimpleApplication@3c92da3e
----------------- Done invoking toplevel() on ptolemy.moml.MoMLSimpleApplication@3c92da3e
reloadAllAccessors: .IterateOverArray2

===========================================================================================
----------------- testing Sun Jul 21 18:07:43 UTC 2019 /home/travis/build/icyphy/ptII/ptolemy/actor/lib/hoc/test/auto/IterateOverArray3.xml
----------------- Instantiating /home/travis/build/icyphy/ptII/ptolemy/actor/lib/hoc/test/auto/IterateOverArray3.xml
9 ms. Memory: 150528K Free: 103933K (69%)
----------------- Invoking toplevel() on ptolemy.moml.MoMLSimpleApplication@2ea63587
----------------- Done invoking toplevel() on ptolemy.moml.MoMLSimpleApplication@2ea63587
reloadAllAccessors: .IterateOverArray3

===========================================================================================
----------------- testing Sun Jul 21 18:07:43 UTC 2019 /home/travis/build/icyphy/ptII/ptolemy/actor/lib/hoc/test/auto/IterateOverArray4.xml
----------------- Instantiating /home/travis/build/icyphy/ptII/ptolemy/actor/lib/hoc/test/auto/IterateOverArray4.xml
5 ms. Memory: 150528K Free: 99837K (66%)
----------------- Invoking toplevel() on ptolemy.moml.MoMLSimpleApplication@51bbe787
----------------- Done invoking toplevel() on ptolemy.moml.MoMLSimpleApplication@51bbe787
reloadAllAccessors: .IterateOverArray4

===========================================================================================
----------------- testing Sun Jul 21 18:07:43 UTC 2019 /home/travis/build/icyphy/ptII/ptolemy/actor/lib/hoc/test/auto/IterateOverArray5.xml
----------------- Instantiating /home/travis/build/icyphy/ptII/ptolemy/actor/lib/hoc/test/auto/IterateOverArray5.xml
4 ms. Memory: 150528K Free: 95741K (64%)
----------------- Invoking toplevel() on ptolemy.moml.MoMLSimpleApplication@4e112ec1
----------------- Done invoking toplevel() on ptolemy.moml.MoMLSimpleApplication@4e112ec1
reloadAllAccessors: .IterateOverArray5

===========================================================================================
----------------- testing Sun Jul 21 18:07:43 UTC 2019 /home/travis/build/icyphy/ptII/ptolemy/actor/lib/hoc/test/auto/IterateOverArray6.xml
----------------- Instantiating /home/travis/build/icyphy/ptII/ptolemy/actor/lib/hoc/test/auto/IterateOverArray6.xml
4 ms. Memory: 150528K Free: 92155K (61%)
----------------- Invoking toplevel() on ptolemy.moml.MoMLSimpleApplication@5f2fac0a
----------------- Done invoking toplevel() on ptolemy.moml.MoMLSimpleApplication@5f2fac0a
reloadAllAccessors: .IterateOverArray6

===========================================================================================
----------------- testing Sun Jul 21 18:07:43 UTC 2019 /home/travis/build/icyphy/ptII/ptolemy/actor/lib/hoc/test/auto/IterateOverArray7.xml
----------------- Instantiating /home/travis/build/icyphy/ptII/ptolemy/actor/lib/hoc/test/auto/IterateOverArray7.xml
4 ms. Memory: 150528K Free: 87549K (58%)
----------------- Invoking toplevel() on ptolemy.moml.MoMLSimpleApplication@246ae806
----------------- Done invoking toplevel() on ptolemy.moml.MoMLSimpleApplication@246ae806
reloadAllAccessors: .IterateOverArray7

===========================================================================================
----------------- testing Sun Jul 21 18:07:43 UTC 2019 /home/travis/build/icyphy/ptII/ptolemy/actor/lib/hoc/test/auto/IterateOverArray8.xml
----------------- Instantiating /home/travis/build/icyphy/ptII/ptolemy/actor/lib/hoc/test/auto/IterateOverArray8.xml
9 ms. Memory: 150528K Free: 83453K (55%)
----------------- Invoking toplevel() on ptolemy.moml.MoMLSimpleApplication@64125a59
----------------- Done invoking toplevel() on ptolemy.moml.MoMLSimpleApplication@64125a59
reloadAllAccessors: .IterateOverArray8

===========================================================================================
----------------- testing Sun Jul 21 18:07:43 UTC 2019 /home/travis/build/icyphy/ptII/ptolemy/actor/lib/hoc/test/auto/IterateOverArray9.xml
----------------- Instantiating /home/travis/build/icyphy/ptII/ptolemy/actor/lib/hoc/test/auto/IterateOverArray9.xml
6 ms. Memory: 150528K Free: 79357K (53%)
----------------- Invoking toplevel() on ptolemy.moml.MoMLSimpleApplication@77769a50
----------------- Done invoking toplevel() on ptolemy.moml.MoMLSimpleApplication@77769a50
reloadAllAccessors: .IterateOverArray9

===========================================================================================
----------------- testing Sun Jul 21 18:07:44 UTC 2019 /home/travis/build/icyphy/ptII/ptolemy/actor/lib/hoc/test/auto/IterateOverArrayCoercedOutputType.xml
----------------- Instantiating /home/travis/build/icyphy/ptII/ptolemy/actor/lib/hoc/test/auto/IterateOverArrayCoercedOutputType.xml
5 ms. Memory: 150528K Free: 74237K (49%)
----------------- Invoking toplevel() on ptolemy.moml.MoMLSimpleApplication@5d31b76e
----------------- Done invoking toplevel() on ptolemy.moml.MoMLSimpleApplication@5d31b76e
reloadAllAccessors: .IterateOverArrayCoercedOutputType

===========================================================================================
----------------- testing Sun Jul 21 18:07:44 UTC 2019 /home/travis/build/icyphy/ptII/ptolemy/actor/lib/hoc/test/auto/IterateOverArrayInferredOutputType.xml
----------------- Instantiating /home/travis/build/icyphy/ptII/ptolemy/actor/lib/hoc/test/auto/IterateOverArrayInferredOutputType.xml
8 ms. Memory: 150528K Free: 69627K (46%)
----------------- Invoking toplevel() on ptolemy.moml.MoMLSimpleApplication@21b6a8
----------------- Done invoking toplevel() on ptolemy.moml.MoMLSimpleApplication@21b6a8
reloadAllAccessors: .IterateOverArrayInferredOutputType

===========================================================================================
----------------- testing Sun Jul 21 18:07:44 UTC 2019 /home/travis/build/icyphy/ptII/ptolemy/actor/lib/hoc/test/auto/MobileFunctionTest.xml
----------------- Instantiating /home/travis/build/icyphy/ptII/ptolemy/actor/lib/hoc/test/auto/MobileFunctionTest.xml
3 ms. Memory: 150528K Free: 65517K (44%)
----------------- Invoking toplevel() on ptolemy.moml.MoMLSimpleApplication@60d4e61
----------------- Done invoking toplevel() on ptolemy.moml.MoMLSimpleApplication@60d4e61
reloadAllAccessors: .MobileFunctionTest

===========================================================================================
----------------- testing Sun Jul 21 18:07:44 UTC 2019 /home/travis/build/icyphy/ptII/ptolemy/actor/lib/hoc/test/auto/MobileModelTest.xml
----------------- Instantiating /home/travis/build/icyphy/ptII/ptolemy/actor/lib/hoc/test/auto/MobileModelTest.xml
165 ms. Memory: 150528K Free: 125313K (83%)
----------------- Invoking toplevel() on ptolemy.moml.MoMLSimpleApplication@37446246
----------------- Done invoking toplevel() on ptolemy.moml.MoMLSimpleApplication@37446246
reloadAllAccessors: .MobileModelTest

===========================================================================================
----------------- testing Sun Jul 21 18:07:44 UTC 2019 /home/travis/build/icyphy/ptII/ptolemy/actor/lib/hoc/test/auto/ModelReference.xml
----------------- Instantiating /home/travis/build/icyphy/ptII/ptolemy/actor/lib/hoc/test/auto/ModelReference.xml
2 ms. Memory: 150528K Free: 118264K (79%)
5 ms. Memory: 150528K Free: 117681K (78%)
1 ms. Memory: 150528K Free: 116679K (78%)
7 ms. Memory: 150528K Free: 116097K (77%)
2 ms. Memory: 150528K Free: 115145K (76%)
1 ms. Memory: 150528K Free: 114161K (76%)
1 ms. Memory: 150528K Free: 113607K (75%)
1 ms. Memory: 150528K Free: 112561K (75%)
3 ms. Memory: 150528K Free: 112001K (74%)
3 ms. Memory: 150528K Free: 111065K (74%)
45 ms. Memory: 150528K Free: 111065K (74%)
----------------- Invoking toplevel() on ptolemy.moml.MoMLSimpleApplication@428d085a
----------------- Done invoking toplevel() on ptolemy.moml.MoMLSimpleApplication@428d085a
reloadAllAccessors: .ModelReference

===========================================================================================
----------------- testing Sun Jul 21 18:07:44 UTC 2019 /home/travis/build/icyphy/ptII/ptolemy/actor/lib/hoc/test/auto/ModelReference3.xml
----------------- Instantiating /home/travis/build/icyphy/ptII/ptolemy/actor/lib/hoc/test/auto/ModelReference3.xml
1 ms. Memory: 150528K Free: 106881K (71%)
3 ms. Memory: 150528K Free: 105961K (70%)
2 ms. Memory: 150528K Free: 104953K (70%)
4 ms. Memory: 150528K Free: 104353K (69%)
2 ms. Memory: 150528K Free: 103353K (69%)
1 ms. Memory: 150528K Free: 102785K (68%)
3 ms. Memory: 150528K Free: 101865K (68%)
2 ms. Memory: 150528K Free: 100857K (67%)
2 ms. Memory: 150528K Free: 100257K (67%)
2 ms. Memory: 150528K Free: 99257K (66%)
29 ms. Memory: 150528K Free: 99257K (66%)
----------------- Invoking toplevel() on ptolemy.moml.MoMLSimpleApplication@7ef7859b
----------------- Done invoking toplevel() on ptolemy.moml.MoMLSimpleApplication@7ef7859b
reloadAllAccessors: .ModelReference3

===========================================================================================
----------------- testing Sun Jul 21 18:07:44 UTC 2019 /home/travis/build/icyphy/ptII/ptolemy/actor/lib/hoc/test/auto/ModelReference4.xml
----------------- Instantiating /home/travis/build/icyphy/ptII/ptolemy/actor/lib/hoc/test/auto/ModelReference4.xml
1 ms. Memory: 150528K Free: 94705K (63%)
2 ms. Memory: 150528K Free: 93681K (62%)
2 ms. Memory: 150528K Free: 92073K (61%)
4 ms. Memory: 150528K Free: 91049K (60%)
3 ms. Memory: 150528K Free: 89569K (60%)
2 ms. Memory: 150528K Free: 88591K (59%)
2 ms. Memory: 150528K Free: 87567K (58%)
2 ms. Memory: 150528K Free: 86543K (57%)
2 ms. Memory: 150528K Free: 85489K (57%)
2 ms. Memory: 150528K Free: 83881K (56%)
10018 ms. Memory: 150528K Free: 83881K (56%)
----------------- Invoking toplevel() on ptolemy.moml.MoMLSimpleApplication@2a1323b3
----------------- Done invoking toplevel() on ptolemy.moml.MoMLSimpleApplication@2a1323b3
reloadAllAccessors: .ModelReference4

===========================================================================================
----------------- testing Sun Jul 21 18:07:54 UTC 2019 /home/travis/build/icyphy/ptII/ptolemy/actor/lib/hoc/test/auto/MultiInstanceComposite.xml
----------------- Instantiating /home/travis/build/icyphy/ptII/ptolemy/actor/lib/hoc/test/auto/MultiInstanceComposite.xml
23 ms. Memory: 150528K Free: 65039K (43%)
----------------- Invoking toplevel() on ptolemy.moml.MoMLSimpleApplication@1e9fe4d4
----------------- Done invoking toplevel() on ptolemy.moml.MoMLSimpleApplication@1e9fe4d4
reloadAllAccessors: .MultiInstanceComposite

===========================================================================================
----------------- testing Sun Jul 21 18:07:54 UTC 2019 /home/travis/build/icyphy/ptII/ptolemy/actor/lib/hoc/test/auto/MultiInstanceComposite2.xml
----------------- Instantiating /home/travis/build/icyphy/ptII/ptolemy/actor/lib/hoc/test/auto/MultiInstanceComposite2.xml
16 ms. Memory: 150528K Free: 53745K (36%)
----------------- Invoking toplevel() on ptolemy.moml.MoMLSimpleApplication@1fe3b610
----------------- Done invoking toplevel() on ptolemy.moml.MoMLSimpleApplication@1fe3b610
reloadAllAccessors: .MultiInstanceComposite2

===========================================================================================
----------------- testing Sun Jul 21 18:07:54 UTC 2019 /home/travis/build/icyphy/ptII/ptolemy/actor/lib/hoc/test/auto/MulticoreExecution.xml
----------------- Instantiating /home/travis/build/icyphy/ptII/ptolemy/actor/lib/hoc/test/auto/MulticoreExecution.xml
Fired ExecutionTime: 2400000
Fired ExecutionTime: 2400000
Fired ExecutionTime: 3200000
Fired ExecutionTime: 2400000
Fired ExecutionTime: 4000000
Fired ExecutionTime: 2000000
Fired ExecutionTime: 50400000
Fired ExecutionTime: 56800000
Fired ExecutionTime: 58400000
Fired ExecutionTime: 82400000
Fired ExecutionTime: 85600000
Fired ExecutionTime: 90800000
Fired ExecutionTime: 104400000
Fired ExecutionTime: 102800000
Fired ExecutionTime: 158800000
Fired ExecutionTime: 160000000
Fired ExecutionTime: 158800000
Fired ExecutionTime: 160800000
Fired ExecutionTime: 155600000
Fired ExecutionTime: 154800000
1080 ms. Memory: 150528K Free: 133397K (89%)
----------------- Invoking toplevel() on ptolemy.moml.MoMLSimpleApplication@75393e76
----------------- Done invoking toplevel() on ptolemy.moml.MoMLSimpleApplication@75393e76
reloadAllAccessors: .MulticoreExecution

===========================================================================================
----------------- testing Sun Jul 21 18:07:55 UTC 2019 /home/travis/build/icyphy/ptII/ptolemy/actor/lib/hoc/test/auto/ParallelExecution.xml
----------------- Instantiating /home/travis/build/icyphy/ptII/ptolemy/actor/lib/hoc/test/auto/ParallelExecution.xml
914 ms. Memory: 150528K Free: 126229K (84%)
----------------- Invoking toplevel() on ptolemy.moml.MoMLSimpleApplication@16f19849
----------------- Done invoking toplevel() on ptolemy.moml.MoMLSimpleApplication@16f19849
reloadAllAccessors: .ParallelExecution

===========================================================================================
----------------- testing Sun Jul 21 18:07:56 UTC 2019 /home/travis/build/icyphy/ptII/ptolemy/actor/lib/hoc/test/auto/RunCompositeActor.xml
----------------- Instantiating /home/travis/build/icyphy/ptII/ptolemy/actor/lib/hoc/test/auto/RunCompositeActor.xml
7 ms. Memory: 150528K Free: 119156K (79%)
----------------- Invoking toplevel() on ptolemy.moml.MoMLSimpleApplication@41024369
----------------- Done invoking toplevel() on ptolemy.moml.MoMLSimpleApplication@41024369
reloadAllAccessors: .RunCompositeActor

===========================================================================================
----------------- testing Sun Jul 21 18:07:56 UTC 2019 /home/travis/build/icyphy/ptII/ptolemy/actor/lib/hoc/test/auto/RunCompositeActor2.xml
----------------- Instantiating /home/travis/build/icyphy/ptII/ptolemy/actor/lib/hoc/test/auto/RunCompositeActor2.xml
4 ms. Memory: 150528K Free: 113036K (75%)
----------------- Invoking toplevel() on ptolemy.moml.MoMLSimpleApplication@6e9163d3
----------------- Done invoking toplevel() on ptolemy.moml.MoMLSimpleApplication@6e9163d3
reloadAllAccessors: .RunCompositeActor2

===========================================================================================
----------------- testing Sun Jul 21 18:07:56 UTC 2019 /home/travis/build/icyphy/ptII/ptolemy/actor/lib/hoc/test/auto/RunCompositeActor3.xml
----------------- Instantiating /home/travis/build/icyphy/ptII/ptolemy/actor/lib/hoc/test/auto/RunCompositeActor3.xml
3 ms. Memory: 150528K Free: 107797K (72%)
----------------- Invoking toplevel() on ptolemy.moml.MoMLSimpleApplication@7cc89a8b
----------------- Done invoking toplevel() on ptolemy.moml.MoMLSimpleApplication@7cc89a8b
reloadAllAccessors: .RunCompositeActor3

===========================================================================================
----------------- testing Sun Jul 21 18:07:56 UTC 2019 /home/travis/build/icyphy/ptII/ptolemy/actor/lib/hoc/test/auto/RunCompositeActor4.xml
----------------- Instantiating /home/travis/build/icyphy/ptII/ptolemy/actor/lib/hoc/test/auto/RunCompositeActor4.xml
11 ms. Memory: 150528K Free: 99708K (66%)
----------------- Invoking toplevel() on ptolemy.moml.MoMLSimpleApplication@6664976d
----------------- Done invoking toplevel() on ptolemy.moml.MoMLSimpleApplication@6664976d
reloadAllAccessors: .RunCompositeActor4

===========================================================================================
----------------- testing Sun Jul 21 18:07:56 UTC 2019 /home/travis/build/icyphy/ptII/ptolemy/actor/lib/hoc/test/auto/RunCompositeIterateOverArray.xml
----------------- Instantiating /home/travis/build/icyphy/ptII/ptolemy/actor/lib/hoc/test/auto/RunCompositeIterateOverArray.xml
5 ms. Memory: 150528K Free: 94004K (62%)
----------------- Invoking toplevel() on ptolemy.moml.MoMLSimpleApplication@1c3043b6
----------------- Done invoking toplevel() on ptolemy.moml.MoMLSimpleApplication@1c3043b6
reloadAllAccessors: .RunCompositeIterateOverArray

===========================================================================================
----------------- testing Sun Jul 21 18:07:56 UTC 2019 /home/travis/build/icyphy/ptII/ptolemy/actor/lib/hoc/test/auto/ThreadedJS.xml
----------------- Instantiating /home/travis/build/icyphy/ptII/ptolemy/actor/lib/hoc/test/auto/ThreadedJS.xml
5484 ms. Memory: 218112K Free: 94202K (43%)
----------------- Invoking toplevel() on ptolemy.moml.MoMLSimpleApplication@1948bc92
----------------- Done invoking toplevel() on ptolemy.moml.MoMLSimpleApplication@1948bc92
reloadAllAccessors: .ThreadedJS
AutoTests.java: About to close Vertx.
AutoTests.java: Vertx closed.
]]></system-out>
  <system-err><![CDATA[java.lang.RuntimeException: Execution failed
	at ptolemy.moml.MoMLSimpleApplication$UnloadThread.run(MoMLSimpleApplication.java:402)
Caused by: ptolemy.kernel.util.IllegalActionException: initialize() was called after wrapup() was called but preinitialize() was not called after wrapup().
	at ptolemy.actor.lib.hoc.test.PreinitializeMustBeInvoked.initialize(PreinitializeMustBeInvoked.java:78)
	at ptolemy.actor.Director.initialize(Director.java:938)
	at ptolemy.actor.Director.initialize(Director.java:907)
	at ptolemy.actor.sched.StaticSchedulingDirector.initialize(StaticSchedulingDirector.java:159)
	at ptolemy.domains.sdf.kernel.SDFDirector.initialize(SDFDirector.java:544)
	at ptolemy.actor.CompositeActor.initialize(CompositeActor.java:935)
	at ptolemy.actor.lib.hoc.LifeCycleManager._executeInsideModel(LifeCycleManager.java:339)
	at ptolemy.actor.lib.hoc.RunCompositeActor.fire(RunCompositeActor.java:205)
	at ptolemy.actor.CompositeActor.iterate(CompositeActor.java:1146)
	at ptolemy.actor.sched.StaticSchedulingDirector.fire(StaticSchedulingDirector.java:216)
	at ptolemy.domains.sdf.kernel.SDFDirector.fire(SDFDirector.java:500)
	at ptolemy.actor.CompositeActor.fire(CompositeActor.java:455)
	at ptolemy.actor.Manager.iterate(Manager.java:851)
	at ptolemy.actor.Manager.execute(Manager.java:369)
	at ptolemy.actor.Manager.run(Manager.java:1263)
	at ptolemy.actor.Manager$PtolemyRunThread.run(Manager.java:1933)
java.lang.reflect.InvocationTargetException
	at java.base/jdk.internal.reflect.NativeConstructorAccessorImpl.newInstance0(Native Method)
	at java.base/jdk.internal.reflect.NativeConstructorAccessorImpl.newInstance(NativeConstructorAccessorImpl.java:62)
	at java.base/jdk.internal.reflect.DelegatingConstructorAccessorImpl.newInstance(DelegatingConstructorAccessorImpl.java:45)
	at java.base/java.lang.reflect.Constructor.newInstance(Constructor.java:490)
	at ptolemy.util.test.junit.AutoKnownFailedTests.RunModel(AutoKnownFailedTests.java:105)
	at java.base/jdk.internal.reflect.NativeMethodAccessorImpl.invoke0(Native Method)
	at java.base/jdk.internal.reflect.NativeMethodAccessorImpl.invoke(NativeMethodAccessorImpl.java:62)
	at java.base/jdk.internal.reflect.DelegatingMethodAccessorImpl.invoke(DelegatingMethodAccessorImpl.java:43)
	at java.base/java.lang.reflect.Method.invoke(Method.java:566)
	at org.junit.runners.model.FrameworkMethod$1.runReflectiveCall(FrameworkMethod.java:44)
	at org.junit.internal.runners.model.ReflectiveCallable.run(ReflectiveCallable.java:15)
	at org.junit.runners.model.FrameworkMethod.invokeExplosively(FrameworkMethod.java:41)
	at junitparams.internal.InvokeParameterisedMethod.evaluate(InvokeParameterisedMethod.java:102)
	at org.junit.internal.runners.statements.FailOnTimeout$1.run(FailOnTimeout.java:28)
Caused by: ptolemy.kernel.util.IllegalActionException: initialize() was called after wrapup() was called but preinitialize() was not called after wrapup().
	at ptolemy.actor.lib.hoc.test.PreinitializeMustBeInvoked.initialize(PreinitializeMustBeInvoked.java:78)
	at ptolemy.actor.Director.initialize(Director.java:938)
	at ptolemy.actor.Director.initialize(Director.java:907)
	at ptolemy.actor.sched.StaticSchedulingDirector.initialize(StaticSchedulingDirector.java:159)
	at ptolemy.domains.sdf.kernel.SDFDirector.initialize(SDFDirector.java:544)
	at ptolemy.actor.CompositeActor.initialize(CompositeActor.java:935)
	at ptolemy.actor.lib.hoc.LifeCycleManager._executeInsideModel(LifeCycleManager.java:339)
	at ptolemy.actor.lib.hoc.RunCompositeActor.fire(RunCompositeActor.java:205)
	at ptolemy.actor.CompositeActor.iterate(CompositeActor.java:1146)
	at ptolemy.actor.sched.StaticSchedulingDirector.fire(StaticSchedulingDirector.java:216)
	at ptolemy.domains.sdf.kernel.SDFDirector.fire(SDFDirector.java:500)
	at ptolemy.actor.CompositeActor.fire(CompositeActor.java:455)
	at ptolemy.actor.Manager.iterate(Manager.java:851)
	at ptolemy.actor.Manager.execute(Manager.java:369)
	at ptolemy.actor.Manager.run(Manager.java:1263)
	at ptolemy.actor.Manager$PtolemyRunThread.run(Manager.java:1933)
Warning: Nashorn engine is planned to be removed from a future JDK release
Warning: Nashorn engine is planned to be removed from a future JDK release
Warning: Nashorn engine is planned to be removed from a future JDK release
Warning: Nashorn engine is planned to be removed from a future JDK release
Warning: Nashorn engine is planned to be removed from a future JDK release
Warning: Nashorn engine is planned to be removed from a future JDK release
Warning: Nashorn engine is planned to be removed from a future JDK release
Warning: Nashorn engine is planned to be removed from a future JDK release
]]></system-err>
</testsuite>
