<?xml version="1.0" encoding="UTF-8" ?>
<testsuite errors="0" failures="0" hostname="travis-job-7abf9e13-5031-40c9-933d-ea9e70ff82ab" name="ptolemy.domains.de.test.junit.JUnitTclTest" skipped="0" tests="101" time="135.59" timestamp="2019-09-11T05:36:32">
  <properties>
[...]
</properties>
  <testcase classname="ptolemy.util.test.junit.TclTests" name="[0] /home/travis/build/icyphy/ptII/ptolemy/domains/de/test/DependencyLoop.tcl (RunTclFile)" time="1.102" />
  <testcase classname="ptolemy.util.test.junit.TclTests" name="[1] /home/travis/build/icyphy/ptII/ptolemy/domains/de/test/RunDETestsAsQSS.tcl (RunTclFile)" time="91.557" />
  <testcase classname="ptolemy.util.test.junit.AutoKnownFailedTests" name="[0] /home/travis/build/icyphy/ptII/ptolemy/domains/de/test/auto/knownFailedTests/DESDFClockTest.xml (RunModel)" time="2.047" />
  <testcase classname="ptolemy.util.test.junit.AutoKnownFailedTests" name="[1] /home/travis/build/icyphy/ptII/ptolemy/domains/de/test/auto/knownFailedTests/DirectFeedback.xml (RunModel)" time="0.016" />
  <testcase classname="ptolemy.util.test.junit.AutoKnownFailedTests" name="[2] /home/travis/build/icyphy/ptII/ptolemy/domains/de/test/auto/knownFailedTests/FSMSource.xml (RunModel)" time="0.029" />
  <testcase classname="ptolemy.util.test.junit.AutoKnownFailedTests" name="[3] /home/travis/build/icyphy/ptII/ptolemy/domains/de/test/auto/knownFailedTests/HierarchicalModel.xml (RunModel)" time="0.051" />
  <testcase classname="ptolemy.util.test.junit.AutoKnownFailedTests" name="[4] /home/travis/build/icyphy/ptII/ptolemy/domains/de/test/auto/knownFailedTests/dependencyLoop.xml (RunModel)" time="0.05" />
  <testcase classname="ptolemy.util.test.junit.AutoKnownFailedTests" name="[5] /home/travis/build/icyphy/ptII/ptolemy/domains/de/test/auto/knownFailedTests/dependencyLoop2.xml (RunModel)" time="0.052" />
  <testcase classname="ptolemy.util.test.junit.AutoNameArchTests" name="[0] ThereAreNoAutoArchTests (RunModel)" time="0.002" />
  <testcase classname="ptolemy.util.test.junit.AutoTests" name="[0] /home/travis/build/icyphy/ptII/ptolemy/domains/de/test/auto/ActorDepthCalculation_actorWithoutPorts.xml (RunModel)" time="0.028" />
  <testcase classname="ptolemy.util.test.junit.AutoTests" name="[1] /home/travis/build/icyphy/ptII/ptolemy/domains/de/test/auto/AssemblyLine.xml (RunModel)" time="0.027" />
  <testcase classname="ptolemy.util.test.junit.AutoTests" name="[2] /home/travis/build/icyphy/ptII/ptolemy/domains/de/test/auto/CQBug1.xml (RunModel)" time="0.015" />
  <testcase classname="ptolemy.util.test.junit.AutoTests" name="[3] /home/travis/build/icyphy/ptII/ptolemy/domains/de/test/auto/CancelFireAt.xml (RunModel)" time="0.01" />
  <testcase classname="ptolemy.util.test.junit.AutoTests" name="[4] /home/travis/build/icyphy/ptII/ptolemy/domains/de/test/auto/CausalityAndComposabilityAnalysis.xml (RunModel)" time="0.016" />
  <testcase classname="ptolemy.util.test.junit.AutoTests" name="[5] /home/travis/build/icyphy/ptII/ptolemy/domains/de/test/auto/CausalityInterface1.xml (RunModel)" time="0.017" />
  <testcase classname="ptolemy.util.test.junit.AutoTests" name="[6] /home/travis/build/icyphy/ptII/ptolemy/domains/de/test/auto/CausalityInterface15.xml (RunModel)" time="0.018" />
  <testcase classname="ptolemy.util.test.junit.AutoTests" name="[7] /home/travis/build/icyphy/ptII/ptolemy/domains/de/test/auto/CausalityInterface2.xml (RunModel)" time="0.018" />
  <testcase classname="ptolemy.util.test.junit.AutoTests" name="[8] /home/travis/build/icyphy/ptII/ptolemy/domains/de/test/auto/CausalityInterface3.xml (RunModel)" time="0.018" />
  <testcase classname="ptolemy.util.test.junit.AutoTests" name="[9] /home/travis/build/icyphy/ptII/ptolemy/domains/de/test/auto/ClockDrift.xml (RunModel)" time="0.048" />
  <testcase classname="ptolemy.util.test.junit.AutoTests" name="[10] /home/travis/build/icyphy/ptII/ptolemy/domains/de/test/auto/ClockDriftAndValueChange.xml (RunModel)" time="0.038" />
  <testcase classname="ptolemy.util.test.junit.AutoTests" name="[11] /home/travis/build/icyphy/ptII/ptolemy/domains/de/test/auto/ClockDriftChange.xml (RunModel)" time="0.029" />
  <testcase classname="ptolemy.util.test.junit.AutoTests" name="[12] /home/travis/build/icyphy/ptII/ptolemy/domains/de/test/auto/ComposableCausalityAnalysis.xml (RunModel)" time="0.019" />
  <testcase classname="ptolemy.util.test.junit.AutoTests" name="[13] /home/travis/build/icyphy/ptII/ptolemy/domains/de/test/auto/DEFixedPointLimitation.xml (RunModel)" time="0.015" />
  <testcase classname="ptolemy.util.test.junit.AutoTests" name="[14] /home/travis/build/icyphy/ptII/ptolemy/domains/de/test/auto/DEScheduleTest.xml (RunModel)" time="0.015" />
  <testcase classname="ptolemy.util.test.junit.AutoTests" name="[15] /home/travis/build/icyphy/ptII/ptolemy/domains/de/test/auto/DEinDEwithStartTimes.xml (RunModel)" time="0.026" />
  <testcase classname="ptolemy.util.test.junit.AutoTests" name="[16] /home/travis/build/icyphy/ptII/ptolemy/domains/de/test/auto/DEinDEwithStartTimes2.xml (RunModel)" time="0.019" />
  <testcase classname="ptolemy.util.test.junit.AutoTests" name="[17] /home/travis/build/icyphy/ptII/ptolemy/domains/de/test/auto/DateDemo.xml (RunModel)" time="0.034" />
  <testcase classname="ptolemy.util.test.junit.AutoTests" name="[18] /home/travis/build/icyphy/ptII/ptolemy/domains/de/test/auto/DateToEvent.xml (RunModel)" time="2.047" />
  <testcase classname="ptolemy.util.test.junit.AutoTests" name="[19] /home/travis/build/icyphy/ptII/ptolemy/domains/de/test/auto/DepthTest1.xml (RunModel)" time="0.012" />
  <testcase classname="ptolemy.util.test.junit.AutoTests" name="[20] /home/travis/build/icyphy/ptII/ptolemy/domains/de/test/auto/DepthTest2.xml (RunModel)" time="0.022" />
  <testcase classname="ptolemy.util.test.junit.AutoTests" name="[21] /home/travis/build/icyphy/ptII/ptolemy/domains/de/test/auto/DepthTest3.xml (RunModel)" time="0.011" />
  <testcase classname="ptolemy.util.test.junit.AutoTests" name="[22] /home/travis/build/icyphy/ptII/ptolemy/domains/de/test/auto/DepthTest4.xml (RunModel)" time="0.026" />
  <testcase classname="ptolemy.util.test.junit.AutoTests" name="[23] /home/travis/build/icyphy/ptII/ptolemy/domains/de/test/auto/DepthTest5.xml (RunModel)" time="0.017" />
  <testcase classname="ptolemy.util.test.junit.AutoTests" name="[24] /home/travis/build/icyphy/ptII/ptolemy/domains/de/test/auto/DepthTest6.xml (RunModel)" time="0.013" />
  <testcase classname="ptolemy.util.test.junit.AutoTests" name="[25] /home/travis/build/icyphy/ptII/ptolemy/domains/de/test/auto/DepthTest7.xml (RunModel)" time="0.012" />
  <testcase classname="ptolemy.util.test.junit.AutoTests" name="[26] /home/travis/build/icyphy/ptII/ptolemy/domains/de/test/auto/EventToDate.xml (RunModel)" time="3.049" />
  <testcase classname="ptolemy.util.test.junit.AutoTests" name="[27] /home/travis/build/icyphy/ptII/ptolemy/domains/de/test/auto/FSM1.xml (RunModel)" time="0.038" />
  <testcase classname="ptolemy.util.test.junit.AutoTests" name="[28] /home/travis/build/icyphy/ptII/ptolemy/domains/de/test/auto/FSM7.xml (RunModel)" time="0.058" />
  <testcase classname="ptolemy.util.test.junit.AutoTests" name="[29] /home/travis/build/icyphy/ptII/ptolemy/domains/de/test/auto/Inspection.xml (RunModel)" time="0.05" />
  <testcase classname="ptolemy.util.test.junit.AutoTests" name="[30] /home/travis/build/icyphy/ptII/ptolemy/domains/de/test/auto/Iteration.xml (RunModel)" time="0.029" />
  <testcase classname="ptolemy.util.test.junit.AutoTests" name="[31] /home/travis/build/icyphy/ptII/ptolemy/domains/de/test/auto/LineFault.xml (RunModel)" time="0.653" />
  <testcase classname="ptolemy.util.test.junit.AutoTests" name="[32] /home/travis/build/icyphy/ptII/ptolemy/domains/de/test/auto/MergeModel1Add.xml (RunModel)" time="0.058" />
  <testcase classname="ptolemy.util.test.junit.AutoTests" name="[33] /home/travis/build/icyphy/ptII/ptolemy/domains/de/test/auto/MergeModel2Add.xml (RunModel)" time="0.048" />
  <testcase classname="ptolemy.util.test.junit.AutoTests" name="[34] /home/travis/build/icyphy/ptII/ptolemy/domains/de/test/auto/MergeModel3Add.xml (RunModel)" time="0.047" />
  <testcase classname="ptolemy.util.test.junit.AutoTests" name="[35] /home/travis/build/icyphy/ptII/ptolemy/domains/de/test/auto/MergeWithoutDiscard.xml (RunModel)" time="0.018" />
  <testcase classname="ptolemy.util.test.junit.AutoTests" name="[36] /home/travis/build/icyphy/ptII/ptolemy/domains/de/test/auto/Modal1.xml (RunModel)" time="0.035" />
  <testcase classname="ptolemy.util.test.junit.AutoTests" name="[37] /home/travis/build/icyphy/ptII/ptolemy/domains/de/test/auto/Modal2.xml (RunModel)" time="0.029" />
  <testcase classname="ptolemy.util.test.junit.AutoTests" name="[38] /home/travis/build/icyphy/ptII/ptolemy/domains/de/test/auto/Modal3.xml (RunModel)" time="0.038" />
  <testcase classname="ptolemy.util.test.junit.AutoTests" name="[39] /home/travis/build/icyphy/ptII/ptolemy/domains/de/test/auto/Modal4.xml (RunModel)" time="0.035" />
  <testcase classname="ptolemy.util.test.junit.AutoTests" name="[40] /home/travis/build/icyphy/ptII/ptolemy/domains/de/test/auto/Modal5.xml (RunModel)" time="0.04" />
  <testcase classname="ptolemy.util.test.junit.AutoTests" name="[41] /home/travis/build/icyphy/ptII/ptolemy/domains/de/test/auto/Modal6.xml (RunModel)" time="0.029" />
  <testcase classname="ptolemy.util.test.junit.AutoTests" name="[42] /home/travis/build/icyphy/ptII/ptolemy/domains/de/test/auto/Modal7.xml (RunModel)" time="0.038" />
  <testcase classname="ptolemy.util.test.junit.AutoTests" name="[43] /home/travis/build/icyphy/ptII/ptolemy/domains/de/test/auto/ModalModel.xml (RunModel)" time="0.204" />
  <testcase classname="ptolemy.util.test.junit.AutoTests" name="[44] /home/travis/build/icyphy/ptII/ptolemy/domains/de/test/auto/ModalSource.xml (RunModel)" time="0.022" />
  <testcase classname="ptolemy.util.test.junit.AutoTests" name="[45] /home/travis/build/icyphy/ptII/ptolemy/domains/de/test/auto/NonInterruptibleTimerZeroDelay.xml (RunModel)" time="0.01" />
  <testcase classname="ptolemy.util.test.junit.AutoTests" name="[46] /home/travis/build/icyphy/ptII/ptolemy/domains/de/test/auto/OpenQueueingNetwork.xml (RunModel)" time="2.517" />
  <testcase classname="ptolemy.util.test.junit.AutoTests" name="[47] /home/travis/build/icyphy/ptII/ptolemy/domains/de/test/auto/OpenQueuingNetwork.xml (RunModel)" time="0.292" />
  <testcase classname="ptolemy.util.test.junit.AutoTests" name="[48] /home/travis/build/icyphy/ptII/ptolemy/domains/de/test/auto/PeriodicSampler.xml (RunModel)" time="0.009" />
  <testcase classname="ptolemy.util.test.junit.AutoTests" name="[49] /home/travis/build/icyphy/ptII/ptolemy/domains/de/test/auto/PersistentIO.xml (RunModel)" time="0.025" />
  <testcase classname="ptolemy.util.test.junit.AutoTests" name="[50] /home/travis/build/icyphy/ptII/ptolemy/domains/de/test/auto/PortParameterResetOnInitialize.xml (RunModel)" time="0.01" />
  <testcase classname="ptolemy.util.test.junit.AutoTests" name="[51] /home/travis/build/icyphy/ptII/ptolemy/domains/de/test/auto/PortParameterUpdates.xml (RunModel)" time="0.017" />
  <testcase classname="ptolemy.util.test.junit.AutoTests" name="[52] /home/travis/build/icyphy/ptII/ptolemy/domains/de/test/auto/QueueAndServer.xml (RunModel)" time="0.028" />
  <testcase classname="ptolemy.util.test.junit.AutoTests" name="[53] /home/travis/build/icyphy/ptII/ptolemy/domains/de/test/auto/Records.xml (RunModel)" time="0.015" />
  <testcase classname="ptolemy.util.test.junit.AutoTests" name="[54] /home/travis/build/icyphy/ptII/ptolemy/domains/de/test/auto/ResetTransitionWithStartTime1.xml (RunModel)" time="0.019" />
  <testcase classname="ptolemy.util.test.junit.AutoTests" name="[55] /home/travis/build/icyphy/ptII/ptolemy/domains/de/test/auto/ResetTransitionWithStartTime2.xml (RunModel)" time="0.02" />
  <testcase classname="ptolemy.util.test.junit.AutoTests" name="[56] /home/travis/build/icyphy/ptII/ptolemy/domains/de/test/auto/ResetTransitionWithStartTime3.xml (RunModel)" time="0.02" />
  <testcase classname="ptolemy.util.test.junit.AutoTests" name="[57] /home/travis/build/icyphy/ptII/ptolemy/domains/de/test/auto/ResetTransitionWithStartTime4.xml (RunModel)" time="0.019" />
  <testcase classname="ptolemy.util.test.junit.AutoTests" name="[58] /home/travis/build/icyphy/ptII/ptolemy/domains/de/test/auto/ResettableTimer1.xml (RunModel)" time="0.01" />
  <testcase classname="ptolemy.util.test.junit.AutoTests" name="[59] /home/travis/build/icyphy/ptII/ptolemy/domains/de/test/auto/ResettableTimer2.xml (RunModel)" time="0.011" />
  <testcase classname="ptolemy.util.test.junit.AutoTests" name="[60] /home/travis/build/icyphy/ptII/ptolemy/domains/de/test/auto/ResettableTimer3.xml (RunModel)" time="0.01" />
  <testcase classname="ptolemy.util.test.junit.AutoTests" name="[61] /home/travis/build/icyphy/ptII/ptolemy/domains/de/test/auto/ResettableTimer4.xml (RunModel)" time="0.011" />
  <testcase classname="ptolemy.util.test.junit.AutoTests" name="[62] /home/travis/build/icyphy/ptII/ptolemy/domains/de/test/auto/ResettableTimer5.xml (RunModel)" time="0.01" />
  <testcase classname="ptolemy.util.test.junit.AutoTests" name="[63] /home/travis/build/icyphy/ptII/ptolemy/domains/de/test/auto/ResettableTimer6.xml (RunModel)" time="0.016" />
  <testcase classname="ptolemy.util.test.junit.AutoTests" name="[64] /home/travis/build/icyphy/ptII/ptolemy/domains/de/test/auto/ServerZeroDelay.xml (RunModel)" time="0.009" />
  <testcase classname="ptolemy.util.test.junit.AutoTests" name="[65] /home/travis/build/icyphy/ptII/ptolemy/domains/de/test/auto/SmartSender.xml (RunModel)" time="3.013" />
  <testcase classname="ptolemy.util.test.junit.AutoTests" name="[66] /home/travis/build/icyphy/ptII/ptolemy/domains/de/test/auto/ThreadedComposite.xml (RunModel)" time="0.189" />
  <testcase classname="ptolemy.util.test.junit.AutoTests" name="[67] /home/travis/build/icyphy/ptII/ptolemy/domains/de/test/auto/Time.xml (RunModel)" time="0.466" />
  <testcase classname="ptolemy.util.test.junit.AutoTests" name="[68] /home/travis/build/icyphy/ptII/ptolemy/domains/de/test/auto/TimeDelayZeroDelay.xml (RunModel)" time="0.013" />
  <testcase classname="ptolemy.util.test.junit.AutoTests" name="[69] /home/travis/build/icyphy/ptII/ptolemy/domains/de/test/auto/TimerZeroDelay.xml (RunModel)" time="0.016" />
  <testcase classname="ptolemy.util.test.junit.AutoTests" name="[70] /home/travis/build/icyphy/ptII/ptolemy/domains/de/test/auto/TimingParadox.xml (RunModel)" time="0.399" />
  <testcase classname="ptolemy.util.test.junit.AutoTests" name="[71] /home/travis/build/icyphy/ptII/ptolemy/domains/de/test/auto/TransferInputs.xml (RunModel)" time="0.014" />
  <testcase classname="ptolemy.util.test.junit.AutoTests" name="[72] /home/travis/build/icyphy/ptII/ptolemy/domains/de/test/auto/TransferOutputs2.xml (RunModel)" time="0.016" />
  <testcase classname="ptolemy.util.test.junit.AutoTests" name="[73] /home/travis/build/icyphy/ptII/ptolemy/domains/de/test/auto/Trilateration.xml (RunModel)" time="13.619" />
  <testcase classname="ptolemy.util.test.junit.AutoTests" name="[74] /home/travis/build/icyphy/ptII/ptolemy/domains/de/test/auto/TwoSigmaDelta.xml (RunModel)" time="2.039" />
  <testcase classname="ptolemy.util.test.junit.AutoTests" name="[75] /home/travis/build/icyphy/ptII/ptolemy/domains/de/test/auto/VariableDelay.xml (RunModel)" time="0.012" />
  <testcase classname="ptolemy.util.test.junit.AutoTests" name="[76] /home/travis/build/icyphy/ptII/ptolemy/domains/de/test/auto/VariableDelay2.xml (RunModel)" time="0.01" />
  <testcase classname="ptolemy.util.test.junit.AutoTests" name="[77] /home/travis/build/icyphy/ptII/ptolemy/domains/de/test/auto/VariableDelayZeroDelay.xml (RunModel)" time="0.013" />
  <testcase classname="ptolemy.util.test.junit.AutoTests" name="[78] /home/travis/build/icyphy/ptII/ptolemy/domains/de/test/auto/VariableDelayZeroDelay2.xml (RunModel)" time="0.02" />
  <testcase classname="ptolemy.util.test.junit.AutoTests" name="[79] /home/travis/build/icyphy/ptII/ptolemy/domains/de/test/auto/deInCt.xml (RunModel)" time="0.018" />
  <testcase classname="ptolemy.util.test.junit.AutoTests" name="[80] /home/travis/build/icyphy/ptII/ptolemy/domains/de/test/auto/deInCt2.xml (RunModel)" time="0.022" />
  <testcase classname="ptolemy.util.test.junit.AutoTests" name="[81] /home/travis/build/icyphy/ptII/ptolemy/domains/de/test/auto/dynamicCausalityInterface1.xml (RunModel)" time="0.018" />
  <testcase classname="ptolemy.util.test.junit.AutoTests" name="[82] /home/travis/build/icyphy/ptII/ptolemy/domains/de/test/auto/fsm_de_test.xml (RunModel)" time="0.024" />
  <testcase classname="ptolemy.util.test.junit.AutoTests" name="[83] /home/travis/build/icyphy/ptII/ptolemy/domains/de/test/auto/functionDependencyReconstruction.xml (RunModel)" time="0.055" />
  <testcase classname="ptolemy.util.test.junit.AutoTests" name="[84] /home/travis/build/icyphy/ptII/ptolemy/domains/de/test/auto/multirate.xml (RunModel)" time="0.016" />
  <testcase classname="ptolemy.util.test.junit.AutoTests" name="[85] /home/travis/build/icyphy/ptII/ptolemy/domains/de/test/auto/multirate2.xml (RunModel)" time="0.017" />
  <testcase classname="ptolemy.util.test.junit.AutoTests" name="[86] /home/travis/build/icyphy/ptII/ptolemy/domains/de/test/auto/realtime.xml (RunModel)" time="10.014" />
  <testcase classname="ptolemy.util.test.junit.AutoTests" name="[87] /home/travis/build/icyphy/ptII/ptolemy/domains/de/test/auto/relationGroup.xml (RunModel)" time="0.008" />
  <testcase classname="ptolemy.util.test.junit.AutoTests" name="[88] /home/travis/build/icyphy/ptII/ptolemy/domains/de/test/auto/relationGroup2.xml (RunModel)" time="0.019" />
  <testcase classname="ptolemy.util.test.junit.AutoTests" name="[89] /home/travis/build/icyphy/ptII/ptolemy/domains/de/test/auto/sortWithOpaquePorts.xml (RunModel)" time="0.012" />
  <testcase classname="ptolemy.util.test.junit.AutoTests" name="[90] /home/travis/build/icyphy/ptII/ptolemy/domains/de/test/auto/transferInputsandOutputs.xml (RunModel)" time="0.016" />
  <testcase classname="ptolemy.util.test.junit.AutoTests" name="[91] /home/travis/build/icyphy/ptII/ptolemy/domains/de/test/auto/triggerType.xml (RunModel)" time="0.01" />
  <system-out><![CDATA[/home/travis/build/icyphy/ptII/ptolemy/domains/de/test/DependencyLoop.tcl
testDefs.tcl: setting time out to 9000 seconds at Wed Sep 11 05:36:32 UTC 2019
96 ms. Memory: 120832K Free: 72134K (60%)
22 ms. Memory: 120832K Free: 54711K (45%)
/home/travis/build/icyphy/ptII/ptolemy/domains/de/test/RunDETestsAsQSS.tcl
Run the DE tests using ptolemy.domains.qss.test.QSSDirectorTest, which extends QSSDirector and prints a message in the constructors.
------------------ testing $PTII/ptolemy/domains/de/test/auto/knownFailedTests/DirectFeedback.xml (Known Failure) 
46 ms. Memory: 120832K Free: 48582K (40%)


==== $PTIIhome/travis/build/icyphy/ptII/ptolemy/domains/de/test/../../../../: Auto Automatic test in file $PTII/ptolemy/domains/de/test/auto/knownFailedTests/DirectFeedback.xml
==== Contents of test case:

	    # FIXME: we should use $relativeFilename here, but it
	    # might have backslashes under Windows, which causes no end
	    # of trouble.
	    createAndExecute $file
	    list {}
	
.... Test generated KNOWN error:
    while executing
ptolemy.kernel.util.IllegalActionException: Test fails in iteration 1.
Value was: 1.0. Should have been: 2.0
  in .DirectFeedback.Test
	at ptolemy.actor.lib.Test.fire(Test.java:268)
	at ptolemy.domains.de.kernel.DEDirector._fire(DEDirector.java:1949)
	at ptolemy.domains.de.kernel.DEDirector.fire(DEDirector.java:502)
	at ptolemy.actor.CompositeActor.fire(CompositeActor.java:455)
	at ptolemy.actor.Manager.iterate(Manager.java:851)
	at ptolemy.actor.Manager.execute(Manager.java:369)
	at ptolemy.actor.Manager.run(Manager.java:1263)
	at ptolemy.actor.Manager$PtolemyRunThread.run(Manager.java:1933)

    while executing
ptolemy.kernel.util.IllegalActionException: Test fails in iteration 1.
Value was: 1.0. Should have been: 2.0
  in .DirectFeedback.Test
    while executing
"java::new ptolemy.moml.MoMLSimpleApplication $file
"
    (procedure "createAndExecute" line 2)
    invoked from within
"createAndExecute $file"
    ("uplevel" body line 5)
    invoked from within
"uplevel $contents_of_test"
------------------ testing $PTII/ptolemy/domains/de/test/auto/knownFailedTests/dependencyLoop.xml (Known Failure) 
39 ms. Memory: 120832K Free: 107932K (89%)


==== $PTIIhome/travis/build/icyphy/ptII/ptolemy/domains/de/test/../../../../: Auto Automatic test in file $PTII/ptolemy/domains/de/test/auto/knownFailedTests/dependencyLoop.xml
==== Contents of test case:

	    # FIXME: we should use $relativeFilename here, but it
	    # might have backslashes under Windows, which causes no end
	    # of trouble.
	    createAndExecute $file
	    list {}
	
.... Test generated KNOWN error:
    while executing
ptolemy.kernel.util.IllegalActionException: Found a zero delay loop containing .dependencyLoop.original
  in .dependencyLoop and .dependencyLoop.original
	at ptolemy.actor.util.CausalityInterfaceForComposites._computeOutputPortDepth(CausalityInterfaceForComposites.java:759)
	at ptolemy.actor.util.CausalityInterfaceForComposites._computeInputDepth(CausalityInterfaceForComposites.java:696)
	at ptolemy.actor.util.CausalityInterfaceForComposites._computeOutputPortDepth(CausalityInterfaceForComposites.java:765)
	at ptolemy.actor.util.CausalityInterfaceForComposites._computeInputDepth(CausalityInterfaceForComposites.java:696)
	at ptolemy.actor.util.CausalityInterfaceForComposites._computeOutputPortDepth(CausalityInterfaceForComposites.java:765)
	at ptolemy.actor.util.CausalityInterfaceForComposites._computeInputDepth(CausalityInterfaceForComposites.java:696)
	at ptolemy.actor.util.CausalityInterfaceForComposites._computeActorDepth(CausalityInterfaceForComposites.java:532)
	at ptolemy.actor.util.CausalityInterfaceForComposites.checkForCycles(CausalityInterfaceForComposites.java:96)
	at ptolemy.domains.de.kernel.DEDirector.preinitialize(DEDirector.java:1338)
	at ptolemy.actor.CompositeActor.preinitialize(CompositeActor.java:1828)
	at ptolemy.actor.Manager.preinitializeAndResolveTypes(Manager.java:1040)
	at ptolemy.actor.Manager.initialize(Manager.java:710)
	at ptolemy.actor.Manager.execute(Manager.java:356)
	at ptolemy.actor.Manager.run(Manager.java:1263)
	at ptolemy.actor.Manager$PtolemyRunThread.run(Manager.java:1933)

    while executing
ptolemy.kernel.util.IllegalActionException: Found a zero delay loop containing .dependencyLoop.original
  in .dependencyLoop and .dependencyLoop.original
    while executing
"java::new ptolemy.moml.MoMLSimpleApplication $file
"
    (procedure "createAndExecute" line 2)
    invoked from within
"createAndExecute $file"
    ("uplevel" body line 5)
    invoked from within
"uplevel $contents_of_test"
------------------ testing $PTII/ptolemy/domains/de/test/auto/knownFailedTests/FSMSource.xml (Known Failure) 
41 ms. Memory: 120832K Free: 99071K (82%)
!!!! Auto was marked as failing, but now passes
------------------ testing $PTII/ptolemy/domains/de/test/auto/knownFailedTests/HierarchicalModel.xml (Known Failure) 
16 ms. Memory: 120832K Free: 81640K (68%)


==== $PTIIhome/travis/build/icyphy/ptII/ptolemy/domains/de/test/../../../../: Auto Automatic test in file $PTII/ptolemy/domains/de/test/auto/knownFailedTests/HierarchicalModel.xml
==== Contents of test case:

	    # FIXME: we should use $relativeFilename here, but it
	    # might have backslashes under Windows, which causes no end
	    # of trouble.
	    createAndExecute $file
	    list {}
	
.... Test generated KNOWN error:
    while executing
ptolemy.kernel.util.IllegalActionException: Found a zero delay loop containing .HierarchicalModel.A
  in .HierarchicalModel and .HierarchicalModel.A
	at ptolemy.actor.util.CausalityInterfaceForComposites._computeOutputPortDepth(CausalityInterfaceForComposites.java:759)
	at ptolemy.actor.util.CausalityInterfaceForComposites._computeInputDepth(CausalityInterfaceForComposites.java:696)
	at ptolemy.actor.util.CausalityInterfaceForComposites._computeOutputPortDepth(CausalityInterfaceForComposites.java:765)
	at ptolemy.actor.util.CausalityInterfaceForComposites._computeInputDepth(CausalityInterfaceForComposites.java:696)
	at ptolemy.actor.util.CausalityInterfaceForComposites._computeOutputPortDepth(CausalityInterfaceForComposites.java:765)
	at ptolemy.actor.util.CausalityInterfaceForComposites._computeInputDepth(CausalityInterfaceForComposites.java:696)
	at ptolemy.actor.util.CausalityInterfaceForComposites._computeActorDepth(CausalityInterfaceForComposites.java:532)
	at ptolemy.actor.util.CausalityInterfaceForComposites.checkForCycles(CausalityInterfaceForComposites.java:96)
	at ptolemy.domains.de.kernel.DEDirector.preinitialize(DEDirector.java:1338)
	at ptolemy.actor.CompositeActor.preinitialize(CompositeActor.java:1828)
	at ptolemy.actor.Manager.preinitializeAndResolveTypes(Manager.java:1040)
	at ptolemy.actor.Manager.initialize(Manager.java:710)
	at ptolemy.actor.Manager.execute(Manager.java:356)
	at ptolemy.actor.Manager.run(Manager.java:1263)
	at ptolemy.actor.Manager$PtolemyRunThread.run(Manager.java:1933)

    while executing
ptolemy.kernel.util.IllegalActionException: Found a zero delay loop containing .HierarchicalModel.A
  in .HierarchicalModel and .HierarchicalModel.A
    while executing
"java::new ptolemy.moml.MoMLSimpleApplication $file
"
    (procedure "createAndExecute" line 2)
    invoked from within
"createAndExecute $file"
    ("uplevel" body line 5)
    invoked from within
"uplevel $contents_of_test"
------------------ testing $PTII/ptolemy/domains/de/test/auto/knownFailedTests/dependencyLoop2.xml (Known Failure) 
35 ms. Memory: 120832K Free: 106310K (88%)


==== $PTIIhome/travis/build/icyphy/ptII/ptolemy/domains/de/test/../../../../: Auto Automatic test in file $PTII/ptolemy/domains/de/test/auto/knownFailedTests/dependencyLoop2.xml
==== Contents of test case:

	    # FIXME: we should use $relativeFilename here, but it
	    # might have backslashes under Windows, which causes no end
	    # of trouble.
	    createAndExecute $file
	    list {}
	
.... Test generated KNOWN error:
    while executing
ptolemy.kernel.util.IllegalActionException: Found a zero delay loop containing .dependencyLoop2.original
  in .dependencyLoop2 and .dependencyLoop2.original
	at ptolemy.actor.util.CausalityInterfaceForComposites._computeOutputPortDepth(CausalityInterfaceForComposites.java:759)
	at ptolemy.actor.util.CausalityInterfaceForComposites._computeInputDepth(CausalityInterfaceForComposites.java:696)
	at ptolemy.actor.util.CausalityInterfaceForComposites._computeOutputPortDepth(CausalityInterfaceForComposites.java:765)
	at ptolemy.actor.util.CausalityInterfaceForComposites._computeInputDepth(CausalityInterfaceForComposites.java:696)
	at ptolemy.actor.util.CausalityInterfaceForComposites._computeOutputPortDepth(CausalityInterfaceForComposites.java:765)
	at ptolemy.actor.util.CausalityInterfaceForComposites._computeInputDepth(CausalityInterfaceForComposites.java:696)
	at ptolemy.actor.util.CausalityInterfaceForComposites._computeActorDepth(CausalityInterfaceForComposites.java:532)
	at ptolemy.actor.util.CausalityInterfaceForComposites.checkForCycles(CausalityInterfaceForComposites.java:96)
	at ptolemy.domains.de.kernel.DEDirector.preinitialize(DEDirector.java:1338)
	at ptolemy.actor.CompositeActor.preinitialize(CompositeActor.java:1828)
	at ptolemy.actor.Manager.preinitializeAndResolveTypes(Manager.java:1040)
	at ptolemy.actor.Manager.initialize(Manager.java:710)
	at ptolemy.actor.Manager.execute(Manager.java:356)
	at ptolemy.actor.Manager.run(Manager.java:1263)
	at ptolemy.actor.Manager$PtolemyRunThread.run(Manager.java:1933)

    while executing
ptolemy.kernel.util.IllegalActionException: Found a zero delay loop containing .dependencyLoop2.original
  in .dependencyLoop2 and .dependencyLoop2.original
    while executing
"java::new ptolemy.moml.MoMLSimpleApplication $file
"
    (procedure "createAndExecute" line 2)
    invoked from within
"createAndExecute $file"
    ("uplevel" body line 5)
    invoked from within
"uplevel $contents_of_test"
------------------ testing $PTII/ptolemy/domains/de/test/auto/knownFailedTests/DESDFClockTest.xml (Known Failure) 
2043 ms. Memory: 120832K Free: 93130K (77%)


==== $PTIIhome/travis/build/icyphy/ptII/ptolemy/domains/de/test/../../../../: Auto Automatic test in file $PTII/ptolemy/domains/de/test/auto/knownFailedTests/DESDFClockTest.xml
==== Contents of test case:

	    # FIXME: we should use $relativeFilename here, but it
	    # might have backslashes under Windows, which causes no end
	    # of trouble.
	    createAndExecute $file
	    list {}
	
.... Test generated KNOWN error:
    while executing
ptolemy.kernel.util.IllegalActionException: Actor is not ready to fire.  Perhaps UpSample.prefire() returned false? Try debugging the actor by selecting "Listen to Actor".  Also, for SDF check moml for tokenConsumptionRate on input.
  in .DESDFClockTest.Play Bell.Copy1:SDF Director and .DESDFClockTest.Play Bell.UpSample
	at ptolemy.actor.sched.StaticSchedulingDirector.fire(StaticSchedulingDirector.java:227)
	at ptolemy.domains.sdf.kernel.SDFDirector.fire(SDFDirector.java:500)
	at ptolemy.actor.CompositeActor.fire(CompositeActor.java:455)
	at ptolemy.domains.de.kernel.DEDirector._fire(DEDirector.java:1949)
	at ptolemy.domains.de.kernel.DEDirector.fire(DEDirector.java:502)
	at ptolemy.actor.CompositeActor.fire(CompositeActor.java:455)
	at ptolemy.actor.Manager.iterate(Manager.java:851)
	at ptolemy.actor.Manager.execute(Manager.java:369)
	at ptolemy.actor.Manager.run(Manager.java:1263)
	at ptolemy.actor.Manager$PtolemyRunThread.run(Manager.java:1933)

    while executing
ptolemy.kernel.util.IllegalActionException: Actor is not ready to fire.  Perhaps UpSample.prefire() returned false? Try debugging the actor by selecting "Listen to Actor".  Also, for SDF check moml for tokenConsumptionRate on input.
  in .DESDFClockTest.Play Bell.Copy1:SDF Director and .DESDFClockTest.Play Bell.UpSample
    while executing
"java::new ptolemy.moml.MoMLSimpleApplication $file
"
    (procedure "createAndExecute" line 2)
    invoked from within
"createAndExecute $file"
    ("uplevel" body line 5)
    invoked from within
"uplevel $contents_of_test"
------------------ testing $PTII/ptolemy/domains/de/test/auto/ActorDepthCalculation_actorWithoutPorts.xml
auto.tcl: Setting watchdog for 200 seconds at Wed Sep 11 05:36:36 UTC 2019
11 ms. Memory: 120832K Free: 86279K (71%)
ptolemy.util.test.WatchDog.cancel(): canceling Wed Sep 11 05:36:36 UTC 2019
auto.tcl: Setting watchdog for 200 seconds at Wed Sep 11 05:36:36 UTC 2019
13 ms. Memory: 120832K Free: 84626K (70%)
ptolemy.util.test.WatchDog.cancel(): canceling Wed Sep 11 05:36:36 UTC 2019
------------------ testing $PTII/ptolemy/domains/de/test/auto/AssemblyLine.xml
auto.tcl: Setting watchdog for 200 seconds at Wed Sep 11 05:36:36 UTC 2019
17 ms. Memory: 51200K Free: 28224K (55%)
ptolemy.util.test.WatchDog.cancel(): canceling Wed Sep 11 05:36:37 UTC 2019
auto.tcl: Setting watchdog for 200 seconds at Wed Sep 11 05:36:37 UTC 2019
24 ms. Memory: 51200K Free: 27813K (54%)
ptolemy.util.test.WatchDog.cancel(): canceling Wed Sep 11 05:36:37 UTC 2019
------------------ testing $PTII/ptolemy/domains/de/test/auto/CQBug1.xml
auto.tcl: Setting watchdog for 200 seconds at Wed Sep 11 05:36:37 UTC 2019
3 ms. Memory: 48128K Free: 31473K (65%)
ptolemy.util.test.WatchDog.cancel(): canceling Wed Sep 11 05:36:37 UTC 2019
auto.tcl: Setting watchdog for 200 seconds at Wed Sep 11 05:36:37 UTC 2019
5 ms. Memory: 48128K Free: 31033K (64%)
ptolemy.util.test.WatchDog.cancel(): canceling Wed Sep 11 05:36:37 UTC 2019
------------------ testing $PTII/ptolemy/domains/de/test/auto/CancelFireAt.xml
auto.tcl: Setting watchdog for 200 seconds at Wed Sep 11 05:36:37 UTC 2019
3 ms. Memory: 48128K Free: 32718K (68%)
ptolemy.util.test.WatchDog.cancel(): canceling Wed Sep 11 05:36:37 UTC 2019
auto.tcl: Setting watchdog for 200 seconds at Wed Sep 11 05:36:37 UTC 2019
3 ms. Memory: 48128K Free: 32286K (67%)
ptolemy.util.test.WatchDog.cancel(): canceling Wed Sep 11 05:36:37 UTC 2019
------------------ testing $PTII/ptolemy/domains/de/test/auto/CausalityAndComposabilityAnalysis.xml
auto.tcl: Setting watchdog for 200 seconds at Wed Sep 11 05:36:37 UTC 2019
13 ms. Memory: 48128K Free: 30488K (63%)
ptolemy.util.test.WatchDog.cancel(): canceling Wed Sep 11 05:36:37 UTC 2019
auto.tcl: Setting watchdog for 200 seconds at Wed Sep 11 05:36:37 UTC 2019
6 ms. Memory: 48128K Free: 30055K (62%)
ptolemy.util.test.WatchDog.cancel(): canceling Wed Sep 11 05:36:37 UTC 2019
------------------ testing $PTII/ptolemy/domains/de/test/auto/CausalityInterface1.xml
auto.tcl: Setting watchdog for 200 seconds at Wed Sep 11 05:36:37 UTC 2019
30 ms. Memory: 48128K Free: 29414K (61%)
ptolemy.util.test.WatchDog.cancel(): canceling Wed Sep 11 05:36:37 UTC 2019
auto.tcl: Setting watchdog for 200 seconds at Wed Sep 11 05:36:37 UTC 2019
5 ms. Memory: 48128K Free: 28450K (59%)
ptolemy.util.test.WatchDog.cancel(): canceling Wed Sep 11 05:36:37 UTC 2019
------------------ testing $PTII/ptolemy/domains/de/test/auto/CausalityInterface15.xml
auto.tcl: Setting watchdog for 200 seconds at Wed Sep 11 05:36:37 UTC 2019
10 ms. Memory: 48128K Free: 29362K (61%)
ptolemy.util.test.WatchDog.cancel(): canceling Wed Sep 11 05:36:37 UTC 2019
auto.tcl: Setting watchdog for 200 seconds at Wed Sep 11 05:36:37 UTC 2019
5 ms. Memory: 48128K Free: 28417K (59%)
ptolemy.util.test.WatchDog.cancel(): canceling Wed Sep 11 05:36:37 UTC 2019
------------------ testing $PTII/ptolemy/domains/de/test/auto/CausalityInterface2.xml
auto.tcl: Setting watchdog for 200 seconds at Wed Sep 11 05:36:37 UTC 2019
8 ms. Memory: 48128K Free: 30088K (63%)
ptolemy.util.test.WatchDog.cancel(): canceling Wed Sep 11 05:36:37 UTC 2019
auto.tcl: Setting watchdog for 200 seconds at Wed Sep 11 05:36:37 UTC 2019
3 ms. Memory: 48128K Free: 28947K (60%)
ptolemy.util.test.WatchDog.cancel(): canceling Wed Sep 11 05:36:37 UTC 2019
------------------ testing $PTII/ptolemy/domains/de/test/auto/CausalityInterface3.xml
auto.tcl: Setting watchdog for 200 seconds at Wed Sep 11 05:36:37 UTC 2019
3 ms. Memory: 48128K Free: 29606K (62%)
ptolemy.util.test.WatchDog.cancel(): canceling Wed Sep 11 05:36:37 UTC 2019
auto.tcl: Setting watchdog for 200 seconds at Wed Sep 11 05:36:37 UTC 2019
3 ms. Memory: 48128K Free: 28830K (60%)
ptolemy.util.test.WatchDog.cancel(): canceling Wed Sep 11 05:36:37 UTC 2019
------------------ testing $PTII/ptolemy/domains/de/test/auto/ClockDrift.xml
auto.tcl: Setting watchdog for 200 seconds at Wed Sep 11 05:36:37 UTC 2019
86 ms. Memory: 48128K Free: 22180K (46%)
ptolemy.util.test.WatchDog.cancel(): canceling Wed Sep 11 05:36:38 UTC 2019
auto.tcl: Setting watchdog for 200 seconds at Wed Sep 11 05:36:38 UTC 2019
69 ms. Memory: 48128K Free: 19168K (40%)
ptolemy.util.test.WatchDog.cancel(): canceling Wed Sep 11 05:36:38 UTC 2019
------------------ testing $PTII/ptolemy/domains/de/test/auto/ClockDriftAndValueChange.xml
auto.tcl: Setting watchdog for 200 seconds at Wed Sep 11 05:36:38 UTC 2019
46 ms. Memory: 48128K Free: 22283K (46%)
ptolemy.util.test.WatchDog.cancel(): canceling Wed Sep 11 05:36:38 UTC 2019
auto.tcl: Setting watchdog for 200 seconds at Wed Sep 11 05:36:38 UTC 2019
32 ms. Memory: 48128K Free: 19449K (40%)
ptolemy.util.test.WatchDog.cancel(): canceling Wed Sep 11 05:36:38 UTC 2019
------------------ testing $PTII/ptolemy/domains/de/test/auto/ClockDriftChange.xml
auto.tcl: Setting watchdog for 200 seconds at Wed Sep 11 05:36:38 UTC 2019
26 ms. Memory: 48128K Free: 24084K (50%)
ptolemy.util.test.WatchDog.cancel(): canceling Wed Sep 11 05:36:38 UTC 2019
auto.tcl: Setting watchdog for 200 seconds at Wed Sep 11 05:36:38 UTC 2019
33 ms. Memory: 48128K Free: 21507K (45%)
ptolemy.util.test.WatchDog.cancel(): canceling Wed Sep 11 05:36:38 UTC 2019
------------------ testing $PTII/ptolemy/domains/de/test/auto/ComposableCausalityAnalysis.xml
auto.tcl: Setting watchdog for 200 seconds at Wed Sep 11 05:36:38 UTC 2019
2 ms. Memory: 48128K Free: 28646K (60%)
ptolemy.util.test.WatchDog.cancel(): canceling Wed Sep 11 05:36:38 UTC 2019
auto.tcl: Setting watchdog for 200 seconds at Wed Sep 11 05:36:38 UTC 2019
2 ms. Memory: 48128K Free: 27600K (57%)
ptolemy.util.test.WatchDog.cancel(): canceling Wed Sep 11 05:36:38 UTC 2019
------------------ testing $PTII/ptolemy/domains/de/test/auto/DEFixedPointLimitation.xml
auto.tcl: Setting watchdog for 200 seconds at Wed Sep 11 05:36:38 UTC 2019
4 ms. Memory: 48128K Free: 29829K (62%)
ptolemy.util.test.WatchDog.cancel(): canceling Wed Sep 11 05:36:38 UTC 2019
auto.tcl: Setting watchdog for 200 seconds at Wed Sep 11 05:36:38 UTC 2019
2 ms. Memory: 48128K Free: 29161K (61%)
ptolemy.util.test.WatchDog.cancel(): canceling Wed Sep 11 05:36:38 UTC 2019
------------------ testing $PTII/ptolemy/domains/de/test/auto/DEScheduleTest.xml
auto.tcl: Setting watchdog for 200 seconds at Wed Sep 11 05:36:38 UTC 2019
4 ms. Memory: 48128K Free: 30370K (63%)
ptolemy.util.test.WatchDog.cancel(): canceling Wed Sep 11 05:36:38 UTC 2019
auto.tcl: Setting watchdog for 200 seconds at Wed Sep 11 05:36:38 UTC 2019
4 ms. Memory: 48128K Free: 29594K (61%)
ptolemy.util.test.WatchDog.cancel(): canceling Wed Sep 11 05:36:38 UTC 2019
------------------ testing $PTII/ptolemy/domains/de/test/auto/DEinDEwithStartTimes.xml
auto.tcl: Setting watchdog for 200 seconds at Wed Sep 11 05:36:38 UTC 2019
4 ms. Memory: 48128K Free: 28710K (60%)
ptolemy.util.test.WatchDog.cancel(): canceling Wed Sep 11 05:36:38 UTC 2019
auto.tcl: Setting watchdog for 200 seconds at Wed Sep 11 05:36:38 UTC 2019
4 ms. Memory: 48128K Free: 27497K (57%)
ptolemy.util.test.WatchDog.cancel(): canceling Wed Sep 11 05:36:38 UTC 2019
------------------ testing $PTII/ptolemy/domains/de/test/auto/DEinDEwithStartTimes2.xml
auto.tcl: Setting watchdog for 200 seconds at Wed Sep 11 05:36:38 UTC 2019
8 ms. Memory: 48128K Free: 27729K (58%)
ptolemy.util.test.WatchDog.cancel(): canceling Wed Sep 11 05:36:38 UTC 2019
auto.tcl: Setting watchdog for 200 seconds at Wed Sep 11 05:36:38 UTC 2019
4 ms. Memory: 48128K Free: 26452K (55%)
ptolemy.util.test.WatchDog.cancel(): canceling Wed Sep 11 05:36:38 UTC 2019
------------------ testing $PTII/ptolemy/domains/de/test/auto/DateDemo.xml
auto.tcl: Setting watchdog for 200 seconds at Wed Sep 11 05:36:38 UTC 2019
24 ms. Memory: 48128K Free: 22094K (46%)
ptolemy.util.test.WatchDog.cancel(): canceling Wed Sep 11 05:36:39 UTC 2019
auto.tcl: Setting watchdog for 200 seconds at Wed Sep 11 05:36:39 UTC 2019
6 ms. Memory: 48128K Free: 20500K (43%)
ptolemy.util.test.WatchDog.cancel(): canceling Wed Sep 11 05:36:39 UTC 2019
------------------ testing $PTII/ptolemy/domains/de/test/auto/DateToEvent.xml
auto.tcl: Setting watchdog for 200 seconds at Wed Sep 11 05:36:39 UTC 2019
2010 ms. Memory: 48128K Free: 18016K (37%)
ptolemy.util.test.WatchDog.cancel(): canceling Wed Sep 11 05:36:41 UTC 2019
auto.tcl: Setting watchdog for 200 seconds at Wed Sep 11 05:36:41 UTC 2019
2005 ms. Memory: 48128K Free: 17202K (36%)
ptolemy.util.test.WatchDog.cancel(): canceling Wed Sep 11 05:36:43 UTC 2019
------------------ testing $PTII/ptolemy/domains/de/test/auto/DepthTest1.xml
auto.tcl: Setting watchdog for 200 seconds at Wed Sep 11 05:36:43 UTC 2019
3 ms. Memory: 48128K Free: 31163K (65%)
ptolemy.util.test.WatchDog.cancel(): canceling Wed Sep 11 05:36:43 UTC 2019
auto.tcl: Setting watchdog for 200 seconds at Wed Sep 11 05:36:43 UTC 2019
2 ms. Memory: 48128K Free: 30733K (64%)
ptolemy.util.test.WatchDog.cancel(): canceling Wed Sep 11 05:36:43 UTC 2019
------------------ testing $PTII/ptolemy/domains/de/test/auto/DepthTest2.xml
auto.tcl: Setting watchdog for 200 seconds at Wed Sep 11 05:36:43 UTC 2019
12 ms. Memory: 48128K Free: 28018K (58%)
ptolemy.util.test.WatchDog.cancel(): canceling Wed Sep 11 05:36:43 UTC 2019
auto.tcl: Setting watchdog for 200 seconds at Wed Sep 11 05:36:43 UTC 2019
3 ms. Memory: 48128K Free: 27587K (57%)
ptolemy.util.test.WatchDog.cancel(): canceling Wed Sep 11 05:36:43 UTC 2019
------------------ testing $PTII/ptolemy/domains/de/test/auto/DepthTest3.xml
auto.tcl: Setting watchdog for 200 seconds at Wed Sep 11 05:36:43 UTC 2019
5 ms. Memory: 48128K Free: 31491K (65%)
ptolemy.util.test.WatchDog.cancel(): canceling Wed Sep 11 05:36:43 UTC 2019
auto.tcl: Setting watchdog for 200 seconds at Wed Sep 11 05:36:43 UTC 2019
2 ms. Memory: 48128K Free: 31052K (65%)
ptolemy.util.test.WatchDog.cancel(): canceling Wed Sep 11 05:36:43 UTC 2019
------------------ testing $PTII/ptolemy/domains/de/test/auto/DepthTest4.xml
auto.tcl: Setting watchdog for 200 seconds at Wed Sep 11 05:36:43 UTC 2019
3 ms. Memory: 48128K Free: 29840K (62%)
ptolemy.util.test.WatchDog.cancel(): canceling Wed Sep 11 05:36:43 UTC 2019
auto.tcl: Setting watchdog for 200 seconds at Wed Sep 11 05:36:43 UTC 2019
3 ms. Memory: 48128K Free: 29124K (61%)
ptolemy.util.test.WatchDog.cancel(): canceling Wed Sep 11 05:36:43 UTC 2019
------------------ testing $PTII/ptolemy/domains/de/test/auto/DepthTest5.xml
auto.tcl: Setting watchdog for 200 seconds at Wed Sep 11 05:36:43 UTC 2019
3 ms. Memory: 48128K Free: 29223K (61%)
ptolemy.util.test.WatchDog.cancel(): canceling Wed Sep 11 05:36:43 UTC 2019
auto.tcl: Setting watchdog for 200 seconds at Wed Sep 11 05:36:43 UTC 2019
2 ms. Memory: 48128K Free: 28451K (59%)
ptolemy.util.test.WatchDog.cancel(): canceling Wed Sep 11 05:36:43 UTC 2019
------------------ testing $PTII/ptolemy/domains/de/test/auto/DepthTest6.xml
auto.tcl: Setting watchdog for 200 seconds at Wed Sep 11 05:36:43 UTC 2019
4 ms. Memory: 48128K Free: 28713K (60%)
ptolemy.util.test.WatchDog.cancel(): canceling Wed Sep 11 05:36:43 UTC 2019
auto.tcl: Setting watchdog for 200 seconds at Wed Sep 11 05:36:43 UTC 2019
2 ms. Memory: 48128K Free: 28011K (58%)
ptolemy.util.test.WatchDog.cancel(): canceling Wed Sep 11 05:36:43 UTC 2019
------------------ testing $PTII/ptolemy/domains/de/test/auto/DepthTest7.xml
auto.tcl: Setting watchdog for 200 seconds at Wed Sep 11 05:36:43 UTC 2019
3 ms. Memory: 48128K Free: 29763K (62%)
ptolemy.util.test.WatchDog.cancel(): canceling Wed Sep 11 05:36:43 UTC 2019
auto.tcl: Setting watchdog for 200 seconds at Wed Sep 11 05:36:43 UTC 2019
2 ms. Memory: 48128K Free: 29047K (60%)
ptolemy.util.test.WatchDog.cancel(): canceling Wed Sep 11 05:36:43 UTC 2019
------------------ testing $PTII/ptolemy/domains/de/test/auto/EventToDate.xml
auto.tcl: Setting watchdog for 200 seconds at Wed Sep 11 05:36:43 UTC 2019
3010 ms. Memory: 48128K Free: 20509K (43%)
ptolemy.util.test.WatchDog.cancel(): canceling Wed Sep 11 05:36:46 UTC 2019
auto.tcl: Setting watchdog for 200 seconds at Wed Sep 11 05:36:46 UTC 2019
3004 ms. Memory: 48128K Free: 19836K (41%)
ptolemy.util.test.WatchDog.cancel(): canceling Wed Sep 11 05:36:49 UTC 2019
------------------ testing $PTII/ptolemy/domains/de/test/auto/FSM1.xml
auto.tcl: Setting watchdog for 200 seconds at Wed Sep 11 05:36:49 UTC 2019
37 ms. Memory: 48128K Free: 21745K (45%)
ptolemy.util.test.WatchDog.cancel(): canceling Wed Sep 11 05:36:50 UTC 2019
auto.tcl: Setting watchdog for 200 seconds at Wed Sep 11 05:36:50 UTC 2019
16 ms. Memory: 48128K Free: 18480K (38%)
ptolemy.util.test.WatchDog.cancel(): canceling Wed Sep 11 05:36:50 UTC 2019
------------------ testing $PTII/ptolemy/domains/de/test/auto/FSM7.xml
auto.tcl: Setting watchdog for 200 seconds at Wed Sep 11 05:36:50 UTC 2019
26 ms. Memory: 48128K Free: 21463K (45%)
ptolemy.util.test.WatchDog.cancel(): canceling Wed Sep 11 05:36:50 UTC 2019
auto.tcl: Setting watchdog for 200 seconds at Wed Sep 11 05:36:50 UTC 2019
24 ms. Memory: 48128K Free: 18307K (38%)
ptolemy.util.test.WatchDog.cancel(): canceling Wed Sep 11 05:36:50 UTC 2019
------------------ testing $PTII/ptolemy/domains/de/test/auto/Inspection.xml
auto.tcl: Setting watchdog for 200 seconds at Wed Sep 11 05:36:50 UTC 2019
27 ms. Memory: 48128K Free: 21440K (45%)
ptolemy.util.test.WatchDog.cancel(): canceling Wed Sep 11 05:36:50 UTC 2019
auto.tcl: Setting watchdog for 200 seconds at Wed Sep 11 05:36:50 UTC 2019
27 ms. Memory: 48128K Free: 19731K (41%)
ptolemy.util.test.WatchDog.cancel(): canceling Wed Sep 11 05:36:50 UTC 2019
------------------ testing $PTII/ptolemy/domains/de/test/auto/Iteration.xml
auto.tcl: Setting watchdog for 200 seconds at Wed Sep 11 05:36:50 UTC 2019
9 ms. Memory: 48128K Free: 27214K (57%)
ptolemy.util.test.WatchDog.cancel(): canceling Wed Sep 11 05:36:50 UTC 2019
auto.tcl: Setting watchdog for 200 seconds at Wed Sep 11 05:36:50 UTC 2019
8 ms. Memory: 48128K Free: 25786K (54%)
ptolemy.util.test.WatchDog.cancel(): canceling Wed Sep 11 05:36:50 UTC 2019
------------------ testing $PTII/ptolemy/domains/de/test/auto/LineFault.xml
auto.tcl: Setting watchdog for 200 seconds at Wed Sep 11 05:36:50 UTC 2019
763 ms. Memory: 48128K Free: 23782K (49%)
ptolemy.util.test.WatchDog.cancel(): canceling Wed Sep 11 05:36:51 UTC 2019
auto.tcl: Setting watchdog for 200 seconds at Wed Sep 11 05:36:51 UTC 2019
648 ms. Memory: 61440K Free: 22945K (37%)
ptolemy.util.test.WatchDog.cancel(): canceling Wed Sep 11 05:36:52 UTC 2019
------------------ testing $PTII/ptolemy/domains/de/test/auto/MergeModel1Add.xml
auto.tcl: Setting watchdog for 200 seconds at Wed Sep 11 05:36:52 UTC 2019
18 ms. Memory: 55296K Free: 20379K (37%)
ptolemy.util.test.WatchDog.cancel(): canceling Wed Sep 11 05:36:52 UTC 2019
auto.tcl: Setting watchdog for 200 seconds at Wed Sep 11 05:36:52 UTC 2019
17 ms. Memory: 55296K Free: 18730K (34%)
ptolemy.util.test.WatchDog.cancel(): canceling Wed Sep 11 05:36:52 UTC 2019
------------------ testing $PTII/ptolemy/domains/de/test/auto/MergeModel2Add.xml
auto.tcl: Setting watchdog for 200 seconds at Wed Sep 11 05:36:52 UTC 2019
10 ms. Memory: 51200K Free: 18141K (35%)
ptolemy.util.test.WatchDog.cancel(): canceling Wed Sep 11 05:36:52 UTC 2019
auto.tcl: Setting watchdog for 200 seconds at Wed Sep 11 05:36:52 UTC 2019
9 ms. Memory: 51200K Free: 16377K (32%)
ptolemy.util.test.WatchDog.cancel(): canceling Wed Sep 11 05:36:52 UTC 2019
------------------ testing $PTII/ptolemy/domains/de/test/auto/MergeModel3Add.xml
auto.tcl: Setting watchdog for 200 seconds at Wed Sep 11 05:36:52 UTC 2019
8 ms. Memory: 51200K Free: 18355K (36%)
ptolemy.util.test.WatchDog.cancel(): canceling Wed Sep 11 05:36:52 UTC 2019
auto.tcl: Setting watchdog for 200 seconds at Wed Sep 11 05:36:52 UTC 2019
8 ms. Memory: 51200K Free: 16810K (33%)
ptolemy.util.test.WatchDog.cancel(): canceling Wed Sep 11 05:36:52 UTC 2019
------------------ testing $PTII/ptolemy/domains/de/test/auto/MergeWithoutDiscard.xml
auto.tcl: Setting watchdog for 200 seconds at Wed Sep 11 05:36:52 UTC 2019
1 ms. Memory: 51200K Free: 32719K (64%)
ptolemy.util.test.WatchDog.cancel(): canceling Wed Sep 11 05:36:52 UTC 2019
auto.tcl: Setting watchdog for 200 seconds at Wed Sep 11 05:36:52 UTC 2019
1 ms. Memory: 51200K Free: 32286K (63%)
ptolemy.util.test.WatchDog.cancel(): canceling Wed Sep 11 05:36:52 UTC 2019
------------------ testing $PTII/ptolemy/domains/de/test/auto/Modal1.xml
auto.tcl: Setting watchdog for 200 seconds at Wed Sep 11 05:36:52 UTC 2019
15 ms. Memory: 48128K Free: 21751K (45%)
ptolemy.util.test.WatchDog.cancel(): canceling Wed Sep 11 05:36:52 UTC 2019
auto.tcl: Setting watchdog for 200 seconds at Wed Sep 11 05:36:52 UTC 2019
22 ms. Memory: 48128K Free: 18291K (38%)
ptolemy.util.test.WatchDog.cancel(): canceling Wed Sep 11 05:36:52 UTC 2019
------------------ testing $PTII/ptolemy/domains/de/test/auto/Modal2.xml
auto.tcl: Setting watchdog for 200 seconds at Wed Sep 11 05:36:52 UTC 2019
14 ms. Memory: 48128K Free: 21864K (45%)
ptolemy.util.test.WatchDog.cancel(): canceling Wed Sep 11 05:36:52 UTC 2019
auto.tcl: Setting watchdog for 200 seconds at Wed Sep 11 05:36:52 UTC 2019
20 ms. Memory: 48128K Free: 18645K (39%)
ptolemy.util.test.WatchDog.cancel(): canceling Wed Sep 11 05:36:52 UTC 2019
------------------ testing $PTII/ptolemy/domains/de/test/auto/Modal3.xml
auto.tcl: Setting watchdog for 200 seconds at Wed Sep 11 05:36:52 UTC 2019
13 ms. Memory: 48128K Free: 21600K (45%)
ptolemy.util.test.WatchDog.cancel(): canceling Wed Sep 11 05:36:52 UTC 2019
auto.tcl: Setting watchdog for 200 seconds at Wed Sep 11 05:36:52 UTC 2019
17 ms. Memory: 48128K Free: 18642K (39%)
ptolemy.util.test.WatchDog.cancel(): canceling Wed Sep 11 05:36:52 UTC 2019
------------------ testing $PTII/ptolemy/domains/de/test/auto/Modal4.xml
auto.tcl: Setting watchdog for 200 seconds at Wed Sep 11 05:36:53 UTC 2019
13 ms. Memory: 48128K Free: 20849K (43%)
ptolemy.util.test.WatchDog.cancel(): canceling Wed Sep 11 05:36:53 UTC 2019
auto.tcl: Setting watchdog for 200 seconds at Wed Sep 11 05:36:53 UTC 2019
14 ms. Memory: 48128K Free: 16991K (35%)
ptolemy.util.test.WatchDog.cancel(): canceling Wed Sep 11 05:36:53 UTC 2019
------------------ testing $PTII/ptolemy/domains/de/test/auto/Modal5.xml
auto.tcl: Setting watchdog for 200 seconds at Wed Sep 11 05:36:53 UTC 2019
16 ms. Memory: 48128K Free: 20816K (43%)
ptolemy.util.test.WatchDog.cancel(): canceling Wed Sep 11 05:36:53 UTC 2019
auto.tcl: Setting watchdog for 200 seconds at Wed Sep 11 05:36:53 UTC 2019
13 ms. Memory: 48128K Free: 16977K (35%)
ptolemy.util.test.WatchDog.cancel(): canceling Wed Sep 11 05:36:53 UTC 2019
------------------ testing $PTII/ptolemy/domains/de/test/auto/Modal6.xml
auto.tcl: Setting watchdog for 200 seconds at Wed Sep 11 05:36:53 UTC 2019
18 ms. Memory: 48128K Free: 21627K (45%)
ptolemy.util.test.WatchDog.cancel(): canceling Wed Sep 11 05:36:53 UTC 2019
auto.tcl: Setting watchdog for 200 seconds at Wed Sep 11 05:36:53 UTC 2019
18 ms. Memory: 48128K Free: 17656K (37%)
ptolemy.util.test.WatchDog.cancel(): canceling Wed Sep 11 05:36:53 UTC 2019
------------------ testing $PTII/ptolemy/domains/de/test/auto/Modal7.xml
auto.tcl: Setting watchdog for 200 seconds at Wed Sep 11 05:36:53 UTC 2019
17 ms. Memory: 48128K Free: 20566K (43%)
ptolemy.util.test.WatchDog.cancel(): canceling Wed Sep 11 05:36:53 UTC 2019
auto.tcl: Setting watchdog for 200 seconds at Wed Sep 11 05:36:53 UTC 2019
11 ms. Memory: 48128K Free: 16977K (35%)
ptolemy.util.test.WatchDog.cancel(): canceling Wed Sep 11 05:36:53 UTC 2019
------------------ testing $PTII/ptolemy/domains/de/test/auto/ModalModel.xml
auto.tcl: Setting watchdog for 200 seconds at Wed Sep 11 05:36:53 UTC 2019
194 ms. Memory: 48128K Free: 31095K (65%)
ptolemy.util.test.WatchDog.cancel(): canceling Wed Sep 11 05:36:53 UTC 2019
auto.tcl: Setting watchdog for 200 seconds at Wed Sep 11 05:36:53 UTC 2019
195 ms. Memory: 65536K Free: 42192K (64%)
ptolemy.util.test.WatchDog.cancel(): canceling Wed Sep 11 05:36:53 UTC 2019
------------------ testing $PTII/ptolemy/domains/de/test/auto/ModalSource.xml
auto.tcl: Setting watchdog for 200 seconds at Wed Sep 11 05:36:53 UTC 2019
7 ms. Memory: 51200K Free: 28475K (56%)
ptolemy.util.test.WatchDog.cancel(): canceling Wed Sep 11 05:36:53 UTC 2019
auto.tcl: Setting watchdog for 200 seconds at Wed Sep 11 05:36:53 UTC 2019
7 ms. Memory: 51200K Free: 26230K (51%)
ptolemy.util.test.WatchDog.cancel(): canceling Wed Sep 11 05:36:54 UTC 2019
------------------ testing $PTII/ptolemy/domains/de/test/auto/NonInterruptibleTimerZeroDelay.xml
auto.tcl: Setting watchdog for 200 seconds at Wed Sep 11 05:36:54 UTC 2019
4 ms. Memory: 51200K Free: 33650K (66%)
ptolemy.util.test.WatchDog.cancel(): canceling Wed Sep 11 05:36:54 UTC 2019
auto.tcl: Setting watchdog for 200 seconds at Wed Sep 11 05:36:54 UTC 2019
2 ms. Memory: 51200K Free: 33005K (64%)
ptolemy.util.test.WatchDog.cancel(): canceling Wed Sep 11 05:36:54 UTC 2019
------------------ testing $PTII/ptolemy/domains/de/test/auto/OpenQueueingNetwork.xml
auto.tcl: Setting watchdog for 200 seconds at Wed Sep 11 05:36:54 UTC 2019
3281 ms. Memory: 84992K Free: 66091K (78%)
ptolemy.util.test.WatchDog.cancel(): canceling Wed Sep 11 05:36:57 UTC 2019
auto.tcl: Setting watchdog for 200 seconds at Wed Sep 11 05:36:57 UTC 2019
2677 ms. Memory: 84992K Free: 45564K (54%)
ptolemy.util.test.WatchDog.cancel(): canceling Wed Sep 11 05:37:00 UTC 2019
------------------ testing $PTII/ptolemy/domains/de/test/auto/OpenQueuingNetwork.xml
auto.tcl: Setting watchdog for 200 seconds at Wed Sep 11 05:37:00 UTC 2019
271 ms. Memory: 55296K Free: 25744K (47%)
ptolemy.util.test.WatchDog.cancel(): canceling Wed Sep 11 05:37:00 UTC 2019
auto.tcl: Setting watchdog for 200 seconds at Wed Sep 11 05:37:00 UTC 2019
264 ms. Memory: 55296K Free: 34806K (63%)
ptolemy.util.test.WatchDog.cancel(): canceling Wed Sep 11 05:37:00 UTC 2019
------------------ testing $PTII/ptolemy/domains/de/test/auto/PeriodicSampler.xml
auto.tcl: Setting watchdog for 200 seconds at Wed Sep 11 05:37:00 UTC 2019
3 ms. Memory: 51200K Free: 32860K (64%)
ptolemy.util.test.WatchDog.cancel(): canceling Wed Sep 11 05:37:00 UTC 2019
auto.tcl: Setting watchdog for 200 seconds at Wed Sep 11 05:37:00 UTC 2019
1 ms. Memory: 51200K Free: 32363K (63%)
ptolemy.util.test.WatchDog.cancel(): canceling Wed Sep 11 05:37:00 UTC 2019
------------------ testing $PTII/ptolemy/domains/de/test/auto/PersistentIO.xml
auto.tcl: Setting watchdog for 200 seconds at Wed Sep 11 05:37:01 UTC 2019
5 ms. Memory: 51200K Free: 27785K (54%)
ptolemy.util.test.WatchDog.cancel(): canceling Wed Sep 11 05:37:01 UTC 2019
auto.tcl: Setting watchdog for 200 seconds at Wed Sep 11 05:37:01 UTC 2019
4 ms. Memory: 51200K Free: 26265K (51%)
ptolemy.util.test.WatchDog.cancel(): canceling Wed Sep 11 05:37:01 UTC 2019
------------------ testing $PTII/ptolemy/domains/de/test/auto/PortParameterResetOnInitialize.xml
auto.tcl: Setting watchdog for 200 seconds at Wed Sep 11 05:37:01 UTC 2019
2 ms. Memory: 51200K Free: 32749K (64%)
ptolemy.util.test.WatchDog.cancel(): canceling Wed Sep 11 05:37:01 UTC 2019
auto.tcl: Setting watchdog for 200 seconds at Wed Sep 11 05:37:01 UTC 2019
2 ms. Memory: 51200K Free: 32272K (63%)
ptolemy.util.test.WatchDog.cancel(): canceling Wed Sep 11 05:37:01 UTC 2019
------------------ testing $PTII/ptolemy/domains/de/test/auto/PortParameterUpdates.xml
auto.tcl: Setting watchdog for 200 seconds at Wed Sep 11 05:37:01 UTC 2019
6 ms. Memory: 51200K Free: 31077K (61%)
ptolemy.util.test.WatchDog.cancel(): canceling Wed Sep 11 05:37:01 UTC 2019
auto.tcl: Setting watchdog for 200 seconds at Wed Sep 11 05:37:01 UTC 2019
4 ms. Memory: 51200K Free: 29859K (58%)
ptolemy.util.test.WatchDog.cancel(): canceling Wed Sep 11 05:37:01 UTC 2019
------------------ testing $PTII/ptolemy/domains/de/test/auto/QueueAndServer.xml
auto.tcl: Setting watchdog for 200 seconds at Wed Sep 11 05:37:01 UTC 2019
7 ms. Memory: 51200K Free: 29806K (58%)
ptolemy.util.test.WatchDog.cancel(): canceling Wed Sep 11 05:37:01 UTC 2019
auto.tcl: Setting watchdog for 200 seconds at Wed Sep 11 05:37:01 UTC 2019
6 ms. Memory: 51200K Free: 28274K (55%)
ptolemy.util.test.WatchDog.cancel(): canceling Wed Sep 11 05:37:01 UTC 2019
------------------ testing $PTII/ptolemy/domains/de/test/auto/Records.xml
auto.tcl: Setting watchdog for 200 seconds at Wed Sep 11 05:37:01 UTC 2019
2 ms. Memory: 48128K Free: 28962K (60%)
ptolemy.util.test.WatchDog.cancel(): canceling Wed Sep 11 05:37:01 UTC 2019
auto.tcl: Setting watchdog for 200 seconds at Wed Sep 11 05:37:01 UTC 2019
1 ms. Memory: 48128K Free: 28466K (59%)
ptolemy.util.test.WatchDog.cancel(): canceling Wed Sep 11 05:37:01 UTC 2019
------------------ testing $PTII/ptolemy/domains/de/test/auto/ResetTransitionWithStartTime1.xml
auto.tcl: Setting watchdog for 200 seconds at Wed Sep 11 05:37:01 UTC 2019
16 ms. Memory: 48128K Free: 26197K (54%)
ptolemy.util.test.WatchDog.cancel(): canceling Wed Sep 11 05:37:01 UTC 2019
auto.tcl: Setting watchdog for 200 seconds at Wed Sep 11 05:37:01 UTC 2019
8 ms. Memory: 48128K Free: 23673K (49%)
ptolemy.util.test.WatchDog.cancel(): canceling Wed Sep 11 05:37:01 UTC 2019
------------------ testing $PTII/ptolemy/domains/de/test/auto/ResetTransitionWithStartTime2.xml
auto.tcl: Setting watchdog for 200 seconds at Wed Sep 11 05:37:01 UTC 2019
8 ms. Memory: 48128K Free: 26152K (54%)
ptolemy.util.test.WatchDog.cancel(): canceling Wed Sep 11 05:37:01 UTC 2019
auto.tcl: Setting watchdog for 200 seconds at Wed Sep 11 05:37:01 UTC 2019
7 ms. Memory: 48128K Free: 23642K (49%)
ptolemy.util.test.WatchDog.cancel(): canceling Wed Sep 11 05:37:01 UTC 2019
------------------ testing $PTII/ptolemy/domains/de/test/auto/ResetTransitionWithStartTime3.xml
auto.tcl: Setting watchdog for 200 seconds at Wed Sep 11 05:37:01 UTC 2019
7 ms. Memory: 48128K Free: 26150K (54%)
ptolemy.util.test.WatchDog.cancel(): canceling Wed Sep 11 05:37:01 UTC 2019
auto.tcl: Setting watchdog for 200 seconds at Wed Sep 11 05:37:01 UTC 2019
7 ms. Memory: 48128K Free: 23610K (49%)
ptolemy.util.test.WatchDog.cancel(): canceling Wed Sep 11 05:37:01 UTC 2019
------------------ testing $PTII/ptolemy/domains/de/test/auto/ResetTransitionWithStartTime4.xml
auto.tcl: Setting watchdog for 200 seconds at Wed Sep 11 05:37:01 UTC 2019
7 ms. Memory: 48128K Free: 26615K (55%)
ptolemy.util.test.WatchDog.cancel(): canceling Wed Sep 11 05:37:01 UTC 2019
auto.tcl: Setting watchdog for 200 seconds at Wed Sep 11 05:37:01 UTC 2019
4 ms. Memory: 48128K Free: 25206K (52%)
ptolemy.util.test.WatchDog.cancel(): canceling Wed Sep 11 05:37:01 UTC 2019
------------------ testing $PTII/ptolemy/domains/de/test/auto/ResettableTimer1.xml
auto.tcl: Setting watchdog for 200 seconds at Wed Sep 11 05:37:01 UTC 2019
3 ms. Memory: 48128K Free: 30226K (63%)
ptolemy.util.test.WatchDog.cancel(): canceling Wed Sep 11 05:37:01 UTC 2019
auto.tcl: Setting watchdog for 200 seconds at Wed Sep 11 05:37:01 UTC 2019
2 ms. Memory: 48128K Free: 29275K (61%)
ptolemy.util.test.WatchDog.cancel(): canceling Wed Sep 11 05:37:01 UTC 2019
------------------ testing $PTII/ptolemy/domains/de/test/auto/ResettableTimer2.xml
auto.tcl: Setting watchdog for 200 seconds at Wed Sep 11 05:37:01 UTC 2019
4 ms. Memory: 48128K Free: 30283K (63%)
ptolemy.util.test.WatchDog.cancel(): canceling Wed Sep 11 05:37:01 UTC 2019
auto.tcl: Setting watchdog for 200 seconds at Wed Sep 11 05:37:01 UTC 2019
2 ms. Memory: 48128K Free: 29332K (61%)
ptolemy.util.test.WatchDog.cancel(): canceling Wed Sep 11 05:37:01 UTC 2019
------------------ testing $PTII/ptolemy/domains/de/test/auto/ResettableTimer3.xml
auto.tcl: Setting watchdog for 200 seconds at Wed Sep 11 05:37:01 UTC 2019
3 ms. Memory: 48128K Free: 30319K (63%)
ptolemy.util.test.WatchDog.cancel(): canceling Wed Sep 11 05:37:01 UTC 2019
auto.tcl: Setting watchdog for 200 seconds at Wed Sep 11 05:37:01 UTC 2019
2 ms. Memory: 48128K Free: 30282K (63%)
ptolemy.util.test.WatchDog.cancel(): canceling Wed Sep 11 05:37:01 UTC 2019
------------------ testing $PTII/ptolemy/domains/de/test/auto/ResettableTimer4.xml
auto.tcl: Setting watchdog for 200 seconds at Wed Sep 11 05:37:01 UTC 2019
1 ms. Memory: 48128K Free: 30316K (63%)
ptolemy.util.test.WatchDog.cancel(): canceling Wed Sep 11 05:37:01 UTC 2019
auto.tcl: Setting watchdog for 200 seconds at Wed Sep 11 05:37:01 UTC 2019
2 ms. Memory: 48128K Free: 29820K (62%)
ptolemy.util.test.WatchDog.cancel(): canceling Wed Sep 11 05:37:01 UTC 2019
------------------ testing $PTII/ptolemy/domains/de/test/auto/ResettableTimer5.xml
auto.tcl: Setting watchdog for 200 seconds at Wed Sep 11 05:37:01 UTC 2019
1 ms. Memory: 48128K Free: 29774K (62%)
ptolemy.util.test.WatchDog.cancel(): canceling Wed Sep 11 05:37:01 UTC 2019
auto.tcl: Setting watchdog for 200 seconds at Wed Sep 11 05:37:01 UTC 2019
2 ms. Memory: 48128K Free: 29298K (61%)
ptolemy.util.test.WatchDog.cancel(): canceling Wed Sep 11 05:37:01 UTC 2019
------------------ testing $PTII/ptolemy/domains/de/test/auto/ResettableTimer6.xml
auto.tcl: Setting watchdog for 200 seconds at Wed Sep 11 05:37:02 UTC 2019
2 ms. Memory: 48128K Free: 29756K (62%)
ptolemy.util.test.WatchDog.cancel(): canceling Wed Sep 11 05:37:02 UTC 2019
auto.tcl: Setting watchdog for 200 seconds at Wed Sep 11 05:37:02 UTC 2019
1 ms. Memory: 48128K Free: 29260K (61%)
ptolemy.util.test.WatchDog.cancel(): canceling Wed Sep 11 05:37:02 UTC 2019
------------------ testing $PTII/ptolemy/domains/de/test/auto/ServerZeroDelay.xml
auto.tcl: Setting watchdog for 200 seconds at Wed Sep 11 05:37:02 UTC 2019
2 ms. Memory: 48128K Free: 30276K (63%)
ptolemy.util.test.WatchDog.cancel(): canceling Wed Sep 11 05:37:02 UTC 2019
auto.tcl: Setting watchdog for 200 seconds at Wed Sep 11 05:37:02 UTC 2019
3 ms. Memory: 48128K Free: 29273K (61%)
ptolemy.util.test.WatchDog.cancel(): canceling Wed Sep 11 05:37:02 UTC 2019
------------------ testing $PTII/ptolemy/domains/de/test/auto/SmartSender.xml
auto.tcl: Setting watchdog for 200 seconds at Wed Sep 11 05:37:02 UTC 2019
3001 ms. Memory: 48128K Free: 30281K (63%)
ptolemy.util.test.WatchDog.cancel(): canceling Wed Sep 11 05:37:05 UTC 2019
auto.tcl: Setting watchdog for 200 seconds at Wed Sep 11 05:37:05 UTC 2019
3002 ms. Memory: 48128K Free: 29772K (62%)
ptolemy.util.test.WatchDog.cancel(): canceling Wed Sep 11 05:37:08 UTC 2019
------------------ testing $PTII/ptolemy/domains/de/test/auto/ThreadedComposite.xml
auto.tcl: Setting watchdog for 200 seconds at Wed Sep 11 05:37:08 UTC 2019
223 ms. Memory: 48128K Free: 10828K (22%)
ptolemy.util.test.WatchDog.cancel(): canceling Wed Sep 11 05:37:08 UTC 2019
auto.tcl: Setting watchdog for 200 seconds at Wed Sep 11 05:37:08 UTC 2019
138 ms. Memory: 48128K Free: 23732K (49%)
ptolemy.util.test.WatchDog.cancel(): canceling Wed Sep 11 05:37:08 UTC 2019
------------------ testing $PTII/ptolemy/domains/de/test/auto/Time.xml
auto.tcl: Setting watchdog for 200 seconds at Wed Sep 11 05:37:08 UTC 2019
564 ms. Memory: 58368K Free: 13028K (22%)
ptolemy.util.test.WatchDog.cancel(): canceling Wed Sep 11 05:37:09 UTC 2019
auto.tcl: Setting watchdog for 200 seconds at Wed Sep 11 05:37:09 UTC 2019
553 ms. Memory: 58368K Free: 23965K (41%)
ptolemy.util.test.WatchDog.cancel(): canceling Wed Sep 11 05:37:09 UTC 2019
------------------ testing $PTII/ptolemy/domains/de/test/auto/TimeDelayZeroDelay.xml
auto.tcl: Setting watchdog for 200 seconds at Wed Sep 11 05:37:09 UTC 2019
3 ms. Memory: 51200K Free: 33272K (65%)
ptolemy.util.test.WatchDog.cancel(): canceling Wed Sep 11 05:37:09 UTC 2019
auto.tcl: Setting watchdog for 200 seconds at Wed Sep 11 05:37:09 UTC 2019
3 ms. Memory: 51200K Free: 32392K (63%)
ptolemy.util.test.WatchDog.cancel(): canceling Wed Sep 11 05:37:09 UTC 2019
------------------ testing $PTII/ptolemy/domains/de/test/auto/TimerZeroDelay.xml
auto.tcl: Setting watchdog for 200 seconds at Wed Sep 11 05:37:09 UTC 2019
3 ms. Memory: 48128K Free: 30689K (64%)
ptolemy.util.test.WatchDog.cancel(): canceling Wed Sep 11 05:37:10 UTC 2019
auto.tcl: Setting watchdog for 200 seconds at Wed Sep 11 05:37:10 UTC 2019
2 ms. Memory: 48128K Free: 29842K (62%)
ptolemy.util.test.WatchDog.cancel(): canceling Wed Sep 11 05:37:10 UTC 2019
------------------ testing $PTII/ptolemy/domains/de/test/auto/TimingParadox.xml
auto.tcl: Setting watchdog for 200 seconds at Wed Sep 11 05:37:10 UTC 2019
442 ms. Memory: 48128K Free: 14726K (31%)
ptolemy.util.test.WatchDog.cancel(): canceling Wed Sep 11 05:37:10 UTC 2019
auto.tcl: Setting watchdog for 200 seconds at Wed Sep 11 05:37:10 UTC 2019
408 ms. Memory: 48128K Free: 27755K (58%)
ptolemy.util.test.WatchDog.cancel(): canceling Wed Sep 11 05:37:11 UTC 2019
------------------ testing $PTII/ptolemy/domains/de/test/auto/TransferInputs.xml
auto.tcl: Setting watchdog for 200 seconds at Wed Sep 11 05:37:11 UTC 2019
2 ms. Memory: 48128K Free: 28724K (60%)
ptolemy.util.test.WatchDog.cancel(): canceling Wed Sep 11 05:37:11 UTC 2019
auto.tcl: Setting watchdog for 200 seconds at Wed Sep 11 05:37:11 UTC 2019
2 ms. Memory: 48128K Free: 27856K (58%)
ptolemy.util.test.WatchDog.cancel(): canceling Wed Sep 11 05:37:11 UTC 2019
------------------ testing $PTII/ptolemy/domains/de/test/auto/TransferOutputs2.xml
auto.tcl: Setting watchdog for 200 seconds at Wed Sep 11 05:37:11 UTC 2019
3 ms. Memory: 48128K Free: 26153K (54%)
ptolemy.util.test.WatchDog.cancel(): canceling Wed Sep 11 05:37:11 UTC 2019
auto.tcl: Setting watchdog for 200 seconds at Wed Sep 11 05:37:11 UTC 2019
2 ms. Memory: 48128K Free: 24757K (51%)
ptolemy.util.test.WatchDog.cancel(): canceling Wed Sep 11 05:37:11 UTC 2019
------------------ testing $PTII/ptolemy/domains/de/test/auto/Trilateration.xml
auto.tcl: Setting watchdog for 200 seconds at Wed Sep 11 05:37:11 UTC 2019
14917 ms. Memory: 428032K Free: 290903K (68%)
ptolemy.util.test.WatchDog.cancel(): canceling Wed Sep 11 05:37:27 UTC 2019
auto.tcl: Setting watchdog for 200 seconds at Wed Sep 11 05:37:27 UTC 2019
11167 ms. Memory: 428032K Free: 182389K (43%)
ptolemy.util.test.WatchDog.cancel(): canceling Wed Sep 11 05:37:38 UTC 2019
------------------ testing $PTII/ptolemy/domains/de/test/auto/TwoSigmaDelta.xml
auto.tcl: Setting watchdog for 200 seconds at Wed Sep 11 05:37:38 UTC 2019
2823 ms. Memory: 89088K Free: 14033K (16%)
ptolemy.util.test.WatchDog.cancel(): canceling Wed Sep 11 05:37:41 UTC 2019
auto.tcl: Setting watchdog for 200 seconds at Wed Sep 11 05:37:41 UTC 2019
2255 ms. Memory: 89088K Free: 59114K (66%)
ptolemy.util.test.WatchDog.cancel(): canceling Wed Sep 11 05:37:43 UTC 2019
------------------ testing $PTII/ptolemy/domains/de/test/auto/VariableDelay.xml
auto.tcl: Setting watchdog for 200 seconds at Wed Sep 11 05:37:43 UTC 2019
2 ms. Memory: 51200K Free: 32259K (63%)
ptolemy.util.test.WatchDog.cancel(): canceling Wed Sep 11 05:37:43 UTC 2019
auto.tcl: Setting watchdog for 200 seconds at Wed Sep 11 05:37:43 UTC 2019
2 ms. Memory: 51200K Free: 31265K (61%)
ptolemy.util.test.WatchDog.cancel(): canceling Wed Sep 11 05:37:43 UTC 2019
------------------ testing $PTII/ptolemy/domains/de/test/auto/VariableDelay2.xml
auto.tcl: Setting watchdog for 200 seconds at Wed Sep 11 05:37:44 UTC 2019
2 ms. Memory: 51200K Free: 32674K (64%)
ptolemy.util.test.WatchDog.cancel(): canceling Wed Sep 11 05:37:44 UTC 2019
auto.tcl: Setting watchdog for 200 seconds at Wed Sep 11 05:37:44 UTC 2019
2 ms. Memory: 51200K Free: 32176K (63%)
ptolemy.util.test.WatchDog.cancel(): canceling Wed Sep 11 05:37:44 UTC 2019
------------------ testing $PTII/ptolemy/domains/de/test/auto/VariableDelayZeroDelay.xml
auto.tcl: Setting watchdog for 200 seconds at Wed Sep 11 05:37:44 UTC 2019
2 ms. Memory: 48128K Free: 30128K (63%)
ptolemy.util.test.WatchDog.cancel(): canceling Wed Sep 11 05:37:44 UTC 2019
auto.tcl: Setting watchdog for 200 seconds at Wed Sep 11 05:37:44 UTC 2019
2 ms. Memory: 48128K Free: 29634K (62%)
ptolemy.util.test.WatchDog.cancel(): canceling Wed Sep 11 05:37:44 UTC 2019
------------------ testing $PTII/ptolemy/domains/de/test/auto/VariableDelayZeroDelay2.xml
auto.tcl: Setting watchdog for 200 seconds at Wed Sep 11 05:37:44 UTC 2019
2 ms. Memory: 48128K Free: 30127K (63%)
ptolemy.util.test.WatchDog.cancel(): canceling Wed Sep 11 05:37:44 UTC 2019
auto.tcl: Setting watchdog for 200 seconds at Wed Sep 11 05:37:44 UTC 2019
2 ms. Memory: 48128K Free: 29169K (61%)
ptolemy.util.test.WatchDog.cancel(): canceling Wed Sep 11 05:37:44 UTC 2019
------------------ testing $PTII/ptolemy/domains/de/test/auto/deInCt.xml
auto.tcl: Setting watchdog for 200 seconds at Wed Sep 11 05:37:44 UTC 2019
0
1
1
1
1
0
0
0
1
1
1
0
0
0
1
1
1
1
0
0
0
1
1
1
1
0
0
0
0
1
1
1
0
0
0
0
1
1
1
1
10 ms. Memory: 48128K Free: 29101K (60%)
ptolemy.util.test.WatchDog.cancel(): canceling Wed Sep 11 05:37:44 UTC 2019
auto.tcl: Setting watchdog for 200 seconds at Wed Sep 11 05:37:44 UTC 2019
0
1
1
1
0
0
0
1
1
1
1
0
0
0
1
1
1
1
0
0
0
1
1
1
0
0
0
1
1
1
0
0
1
1
1
0
0
0
1
1
1
0
0
1
1
1
0
0
0
1
1
1
0
0
0
12 ms. Memory: 48128K Free: 27615K (57%)
ptolemy.util.test.WatchDog.cancel(): canceling Wed Sep 11 05:37:44 UTC 2019
------------------ testing $PTII/ptolemy/domains/de/test/auto/deInCt2.xml
auto.tcl: Setting watchdog for 200 seconds at Wed Sep 11 05:37:44 UTC 2019
0
1
1
1
0
0
1
1
1
0
0
1
1
1
0
0
1
1
1
0
0
1
1
1
0
0
1
1
1
0
0
1
1
1
0
0
1
1
1
0
0
0
8 ms. Memory: 48128K Free: 29103K (60%)
ptolemy.util.test.WatchDog.cancel(): canceling Wed Sep 11 05:37:44 UTC 2019
auto.tcl: Setting watchdog for 200 seconds at Wed Sep 11 05:37:44 UTC 2019
0
1
1
1
0
0
1
1
1
0
0
1
1
1
0
0
1
1
1
0
0
1
1
1
0
0
1
1
1
0
0
1
1
1
0
0
1
1
1
0
0
0
9 ms. Memory: 48128K Free: 27599K (57%)
ptolemy.util.test.WatchDog.cancel(): canceling Wed Sep 11 05:37:44 UTC 2019
------------------ testing $PTII/ptolemy/domains/de/test/auto/dynamicCausalityInterface1.xml
auto.tcl: Setting watchdog for 200 seconds at Wed Sep 11 05:37:44 UTC 2019
2 ms. Memory: 48128K Free: 24400K (51%)
ptolemy.util.test.WatchDog.cancel(): canceling Wed Sep 11 05:37:44 UTC 2019
auto.tcl: Setting watchdog for 200 seconds at Wed Sep 11 05:37:44 UTC 2019
1 ms. Memory: 48128K Free: 23977K (50%)
ptolemy.util.test.WatchDog.cancel(): canceling Wed Sep 11 05:37:44 UTC 2019
------------------ testing $PTII/ptolemy/domains/de/test/auto/fsm_de_test.xml
auto.tcl: Setting watchdog for 200 seconds at Wed Sep 11 05:37:44 UTC 2019
7 ms. Memory: 48128K Free: 24900K (52%)
ptolemy.util.test.WatchDog.cancel(): canceling Wed Sep 11 05:37:44 UTC 2019
auto.tcl: Setting watchdog for 200 seconds at Wed Sep 11 05:37:44 UTC 2019
5 ms. Memory: 48128K Free: 22908K (48%)
ptolemy.util.test.WatchDog.cancel(): canceling Wed Sep 11 05:37:44 UTC 2019
------------------ testing $PTII/ptolemy/domains/de/test/auto/functionDependencyReconstruction.xml
auto.tcl: Setting watchdog for 200 seconds at Wed Sep 11 05:37:44 UTC 2019
3 ms. Memory: 48128K Free: 18746K (39%)
ptolemy.util.test.WatchDog.cancel(): canceling Wed Sep 11 05:37:44 UTC 2019
auto.tcl: Setting watchdog for 200 seconds at Wed Sep 11 05:37:44 UTC 2019
3 ms. Memory: 48128K Free: 16770K (35%)
ptolemy.util.test.WatchDog.cancel(): canceling Wed Sep 11 05:37:44 UTC 2019
------------------ testing $PTII/ptolemy/domains/de/test/auto/multirate.xml
auto.tcl: Setting watchdog for 200 seconds at Wed Sep 11 05:37:44 UTC 2019
4 ms. Memory: 48128K Free: 27504K (57%)
ptolemy.util.test.WatchDog.cancel(): canceling Wed Sep 11 05:37:44 UTC 2019
auto.tcl: Setting watchdog for 200 seconds at Wed Sep 11 05:37:44 UTC 2019
2 ms. Memory: 48128K Free: 25869K (54%)
ptolemy.util.test.WatchDog.cancel(): canceling Wed Sep 11 05:37:44 UTC 2019
------------------ testing $PTII/ptolemy/domains/de/test/auto/multirate2.xml
auto.tcl: Setting watchdog for 200 seconds at Wed Sep 11 05:37:44 UTC 2019
3 ms. Memory: 48128K Free: 27496K (57%)
ptolemy.util.test.WatchDog.cancel(): canceling Wed Sep 11 05:37:44 UTC 2019
auto.tcl: Setting watchdog for 200 seconds at Wed Sep 11 05:37:44 UTC 2019
3 ms. Memory: 48128K Free: 25993K (54%)
ptolemy.util.test.WatchDog.cancel(): canceling Wed Sep 11 05:37:44 UTC 2019
------------------ testing $PTII/ptolemy/domains/de/test/auto/realtime.xml
auto.tcl: Setting watchdog for 200 seconds at Wed Sep 11 05:37:44 UTC 2019
10002 ms. Memory: 48128K Free: 29788K (62%)
ptolemy.util.test.WatchDog.cancel(): canceling Wed Sep 11 05:37:54 UTC 2019
auto.tcl: Setting watchdog for 200 seconds at Wed Sep 11 05:37:54 UTC 2019
10002 ms. Memory: 48128K Free: 29047K (60%)
ptolemy.util.test.WatchDog.cancel(): canceling Wed Sep 11 05:38:04 UTC 2019
------------------ testing $PTII/ptolemy/domains/de/test/auto/relationGroup.xml
auto.tcl: Setting watchdog for 200 seconds at Wed Sep 11 05:38:04 UTC 2019
2 ms. Memory: 48128K Free: 30837K (64%)
ptolemy.util.test.WatchDog.cancel(): canceling Wed Sep 11 05:38:04 UTC 2019
auto.tcl: Setting watchdog for 200 seconds at Wed Sep 11 05:38:04 UTC 2019
2 ms. Memory: 48128K Free: 30127K (63%)
ptolemy.util.test.WatchDog.cancel(): canceling Wed Sep 11 05:38:04 UTC 2019
------------------ testing $PTII/ptolemy/domains/de/test/auto/relationGroup2.xml
auto.tcl: Setting watchdog for 200 seconds at Wed Sep 11 05:38:05 UTC 2019
1 ms. Memory: 48128K Free: 30658K (64%)
ptolemy.util.test.WatchDog.cancel(): canceling Wed Sep 11 05:38:05 UTC 2019
auto.tcl: Setting watchdog for 200 seconds at Wed Sep 11 05:38:05 UTC 2019
1 ms. Memory: 48128K Free: 30154K (63%)
ptolemy.util.test.WatchDog.cancel(): canceling Wed Sep 11 05:38:05 UTC 2019
------------------ testing $PTII/ptolemy/domains/de/test/auto/sortWithOpaquePorts.xml
auto.tcl: Setting watchdog for 200 seconds at Wed Sep 11 05:38:05 UTC 2019
2 ms. Memory: 48128K Free: 29610K (62%)
ptolemy.util.test.WatchDog.cancel(): canceling Wed Sep 11 05:38:05 UTC 2019
auto.tcl: Setting watchdog for 200 seconds at Wed Sep 11 05:38:05 UTC 2019
3 ms. Memory: 48128K Free: 28652K (60%)
ptolemy.util.test.WatchDog.cancel(): canceling Wed Sep 11 05:38:05 UTC 2019
------------------ testing $PTII/ptolemy/domains/de/test/auto/transferInputsandOutputs.xml
auto.tcl: Setting watchdog for 200 seconds at Wed Sep 11 05:38:05 UTC 2019
5 ms. Memory: 48128K Free: 27070K (56%)
ptolemy.util.test.WatchDog.cancel(): canceling Wed Sep 11 05:38:05 UTC 2019
auto.tcl: Setting watchdog for 200 seconds at Wed Sep 11 05:38:05 UTC 2019
5 ms. Memory: 48128K Free: 26099K (54%)
ptolemy.util.test.WatchDog.cancel(): canceling Wed Sep 11 05:38:05 UTC 2019
------------------ testing $PTII/ptolemy/domains/de/test/auto/triggerType.xml
auto.tcl: Setting watchdog for 200 seconds at Wed Sep 11 05:38:05 UTC 2019
1 ms. Memory: 48128K Free: 30095K (63%)
ptolemy.util.test.WatchDog.cancel(): canceling Wed Sep 11 05:38:05 UTC 2019
auto.tcl: Setting watchdog for 200 seconds at Wed Sep 11 05:38:05 UTC 2019
2 ms. Memory: 48128K Free: 29139K (61%)
ptolemy.util.test.WatchDog.cancel(): canceling Wed Sep 11 05:38:05 UTC 2019
09/11/19 05:38:05
Failed: 0  Total Tests: 192  ((Passed: 187, Newly Passed: 1)  Known Failed: 5) /home/travis/build/icyphy/ptII/ptolemy/domains/de/test
09/11/19 05:38:05
Failed: 0  Total Tests: 192  ((Passed: 187, Newly Passed: 1)  Known Failed: 5) /home/travis/build/icyphy/ptII/ptolemy/domains/de/test
----------------- testing (KnownFailure) /home/travis/build/icyphy/ptII/ptolemy/domains/de/test/auto/knownFailedTests/DESDFClockTest.xml
2012 ms. Memory: 48128K Free: 23490K (49%)
Known Failure: java.lang.reflect.InvocationTargetException
----------------- testing (KnownFailure) /home/travis/build/icyphy/ptII/ptolemy/domains/de/test/auto/knownFailedTests/DirectFeedback.xml
2 ms. Memory: 48128K Free: 19908K (41%)
Known Failure: java.lang.reflect.InvocationTargetException
----------------- testing (KnownFailure) /home/travis/build/icyphy/ptII/ptolemy/domains/de/test/auto/knownFailedTests/FSMSource.xml
14 ms. Memory: 48128K Free: 12740K (26%)
----------------- testing (KnownFailure) /home/travis/build/icyphy/ptII/ptolemy/domains/de/test/auto/knownFailedTests/HierarchicalModel.xml
3 ms. Memory: 48128K Free: 23525K (49%)
Known Failure: java.lang.reflect.InvocationTargetException
----------------- testing (KnownFailure) /home/travis/build/icyphy/ptII/ptolemy/domains/de/test/auto/knownFailedTests/dependencyLoop.xml
3 ms. Memory: 48128K Free: 8302K (17%)
Known Failure: java.lang.reflect.InvocationTargetException
----------------- testing (KnownFailure) /home/travis/build/icyphy/ptII/ptolemy/domains/de/test/auto/knownFailedTests/dependencyLoop2.xml
3 ms. Memory: 48128K Free: 20343K (42%)
Known Failure: java.lang.reflect.InvocationTargetException
No auto/linux-amd64/*.xml tests in /home/travis/build/icyphy/ptII/ptolemy/domains/de/test
AutoTests.java: About to close Vertx.
AutoTests.java: Vertx closed.

===========================================================================================
----------------- testing Wed Sep 11 05:38:07 UTC 2019 /home/travis/build/icyphy/ptII/ptolemy/domains/de/test/auto/ActorDepthCalculation_actorWithoutPorts.xml
----------------- Instantiating /home/travis/build/icyphy/ptII/ptolemy/domains/de/test/auto/ActorDepthCalculation_actorWithoutPorts.xml
3 ms. Memory: 48128K Free: 13619K (28%)
----------------- Invoking toplevel() on ptolemy.moml.MoMLSimpleApplication@48b7befa
----------------- Done invoking toplevel() on ptolemy.moml.MoMLSimpleApplication@48b7befa
reloadAllAccessors: .ActorDepthCalculation_actorWithoutPorts

===========================================================================================
----------------- testing Wed Sep 11 05:38:07 UTC 2019 /home/travis/build/icyphy/ptII/ptolemy/domains/de/test/auto/AssemblyLine.xml
----------------- Instantiating /home/travis/build/icyphy/ptII/ptolemy/domains/de/test/auto/AssemblyLine.xml
8 ms. Memory: 48128K Free: 33391K (69%)
----------------- Invoking toplevel() on ptolemy.moml.MoMLSimpleApplication@4107fd67
----------------- Done invoking toplevel() on ptolemy.moml.MoMLSimpleApplication@4107fd67
reloadAllAccessors: .AssemblyLine

===========================================================================================
----------------- testing Wed Sep 11 05:38:07 UTC 2019 /home/travis/build/icyphy/ptII/ptolemy/domains/de/test/auto/CQBug1.xml
----------------- Instantiating /home/travis/build/icyphy/ptII/ptolemy/domains/de/test/auto/CQBug1.xml
2 ms. Memory: 48128K Free: 30110K (63%)
----------------- Invoking toplevel() on ptolemy.moml.MoMLSimpleApplication@6e292eb6
----------------- Done invoking toplevel() on ptolemy.moml.MoMLSimpleApplication@6e292eb6
reloadAllAccessors: .CQBug1

===========================================================================================
----------------- testing Wed Sep 11 05:38:07 UTC 2019 /home/travis/build/icyphy/ptII/ptolemy/domains/de/test/auto/CancelFireAt.xml
----------------- Instantiating /home/travis/build/icyphy/ptII/ptolemy/domains/de/test/auto/CancelFireAt.xml
0 ms. Memory: 48128K Free: 27844K (58%)
----------------- Invoking toplevel() on ptolemy.moml.MoMLSimpleApplication@4ae22fe5
----------------- Done invoking toplevel() on ptolemy.moml.MoMLSimpleApplication@4ae22fe5
reloadAllAccessors: .CancelFireAt

===========================================================================================
----------------- testing Wed Sep 11 05:38:07 UTC 2019 /home/travis/build/icyphy/ptII/ptolemy/domains/de/test/auto/CausalityAndComposabilityAnalysis.xml
----------------- Instantiating /home/travis/build/icyphy/ptII/ptolemy/domains/de/test/auto/CausalityAndComposabilityAnalysis.xml
5 ms. Memory: 48128K Free: 23536K (49%)
----------------- Invoking toplevel() on ptolemy.moml.MoMLSimpleApplication@324afe40
----------------- Done invoking toplevel() on ptolemy.moml.MoMLSimpleApplication@324afe40
reloadAllAccessors: .CausalityAndComposabilityAnalysis

===========================================================================================
----------------- testing Wed Sep 11 05:38:07 UTC 2019 /home/travis/build/icyphy/ptII/ptolemy/domains/de/test/auto/CausalityInterface1.xml
----------------- Instantiating /home/travis/build/icyphy/ptII/ptolemy/domains/de/test/auto/CausalityInterface1.xml
6 ms. Memory: 48128K Free: 18596K (39%)
----------------- Invoking toplevel() on ptolemy.moml.MoMLSimpleApplication@45c88a7b
----------------- Done invoking toplevel() on ptolemy.moml.MoMLSimpleApplication@45c88a7b
reloadAllAccessors: .CausalityInterface1

===========================================================================================
----------------- testing Wed Sep 11 05:38:07 UTC 2019 /home/travis/build/icyphy/ptII/ptolemy/domains/de/test/auto/CausalityInterface15.xml
----------------- Instantiating /home/travis/build/icyphy/ptII/ptolemy/domains/de/test/auto/CausalityInterface15.xml
2 ms. Memory: 48128K Free: 13119K (27%)
----------------- Invoking toplevel() on ptolemy.moml.MoMLSimpleApplication@48d819ef
----------------- Done invoking toplevel() on ptolemy.moml.MoMLSimpleApplication@48d819ef
reloadAllAccessors: .CausalityInterface15

===========================================================================================
----------------- testing Wed Sep 11 05:38:07 UTC 2019 /home/travis/build/icyphy/ptII/ptolemy/domains/de/test/auto/CausalityInterface2.xml
----------------- Instantiating /home/travis/build/icyphy/ptII/ptolemy/domains/de/test/auto/CausalityInterface2.xml
2 ms. Memory: 48128K Free: 8627K (18%)
[...]
	at ptolemy.actor.Manager.run(Manager.java:1263)
	at ptolemy.actor.Manager$PtolemyRunThread.run(Manager.java:1933)
java.lang.RuntimeException: Execution failed
	at ptolemy.moml.MoMLSimpleApplication$UnloadThread.run(MoMLSimpleApplication.java:402)
Caused by: ptolemy.kernel.util.IllegalActionException: Actor is not ready to fire.  Perhaps UpSample.prefire() returned false? Try debugging the actor by selecting "Listen to Actor".  Also, for SDF check moml for tokenConsumptionRate on input.
  in .DESDFClockTest.Play Bell.Copy1:SDF Director and .DESDFClockTest.Play Bell.UpSample
	at ptolemy.actor.sched.StaticSchedulingDirector.fire(StaticSchedulingDirector.java:227)
	at ptolemy.domains.sdf.kernel.SDFDirector.fire(SDFDirector.java:500)
	at ptolemy.actor.CompositeActor.fire(CompositeActor.java:455)
	at ptolemy.domains.de.kernel.DEDirector._fire(DEDirector.java:1949)
	at ptolemy.domains.de.kernel.DEDirector.fire(DEDirector.java:502)
	at ptolemy.actor.CompositeActor.fire(CompositeActor.java:455)
	at ptolemy.actor.Manager.iterate(Manager.java:851)
	at ptolemy.actor.Manager.execute(Manager.java:369)
	at ptolemy.actor.Manager.run(Manager.java:1263)
	at ptolemy.actor.Manager$PtolemyRunThread.run(Manager.java:1933)
java.lang.reflect.InvocationTargetException
	at java.base/jdk.internal.reflect.NativeConstructorAccessorImpl.newInstance0(Native Method)
	at java.base/jdk.internal.reflect.NativeConstructorAccessorImpl.newInstance(NativeConstructorAccessorImpl.java:62)
	at java.base/jdk.internal.reflect.DelegatingConstructorAccessorImpl.newInstance(DelegatingConstructorAccessorImpl.java:45)
	at java.base/java.lang.reflect.Constructor.newInstance(Constructor.java:490)
	at ptolemy.util.test.junit.AutoKnownFailedTests.RunModel(AutoKnownFailedTests.java:105)
	at java.base/jdk.internal.reflect.NativeMethodAccessorImpl.invoke0(Native Method)
	at java.base/jdk.internal.reflect.NativeMethodAccessorImpl.invoke(NativeMethodAccessorImpl.java:62)
	at java.base/jdk.internal.reflect.DelegatingMethodAccessorImpl.invoke(DelegatingMethodAccessorImpl.java:43)
	at java.base/java.lang.reflect.Method.invoke(Method.java:566)
	at org.junit.runners.model.FrameworkMethod$1.runReflectiveCall(FrameworkMethod.java:44)
	at org.junit.internal.runners.model.ReflectiveCallable.run(ReflectiveCallable.java:15)
	at org.junit.runners.model.FrameworkMethod.invokeExplosively(FrameworkMethod.java:41)
	at junitparams.internal.InvokeParameterisedMethod.evaluate(InvokeParameterisedMethod.java:102)
	at org.junit.internal.runners.statements.FailOnTimeout$1.run(FailOnTimeout.java:28)
Caused by: ptolemy.kernel.util.IllegalActionException: Actor is not ready to fire.  Perhaps UpSample.prefire() returned false? Try debugging the actor by selecting "Listen to Actor".  Also, for SDF check moml for tokenConsumptionRate on input.
  in .DESDFClockTest.Play Bell.Copy1:SDF Director and .DESDFClockTest.Play Bell.UpSample
	at ptolemy.actor.sched.StaticSchedulingDirector.fire(StaticSchedulingDirector.java:227)
	at ptolemy.domains.sdf.kernel.SDFDirector.fire(SDFDirector.java:500)
	at ptolemy.actor.CompositeActor.fire(CompositeActor.java:455)
	at ptolemy.domains.de.kernel.DEDirector._fire(DEDirector.java:1949)
	at ptolemy.domains.de.kernel.DEDirector.fire(DEDirector.java:502)
	at ptolemy.actor.CompositeActor.fire(CompositeActor.java:455)
	at ptolemy.actor.Manager.iterate(Manager.java:851)
	at ptolemy.actor.Manager.execute(Manager.java:369)
	at ptolemy.actor.Manager.run(Manager.java:1263)
	at ptolemy.actor.Manager$PtolemyRunThread.run(Manager.java:1933)
java.lang.RuntimeException: Execution failed
	at ptolemy.moml.MoMLSimpleApplication$UnloadThread.run(MoMLSimpleApplication.java:402)
Caused by: ptolemy.kernel.util.IllegalActionException: Test fails in iteration 1.
Value was: 1.0. Should have been: 2.0
  in .DirectFeedback.Test
	at ptolemy.actor.lib.Test.fire(Test.java:268)
	at ptolemy.domains.de.kernel.DEDirector._fire(DEDirector.java:1949)
	at ptolemy.domains.de.kernel.DEDirector.fire(DEDirector.java:502)
	at ptolemy.actor.CompositeActor.fire(CompositeActor.java:455)
	at ptolemy.actor.Manager.iterate(Manager.java:851)
	at ptolemy.actor.Manager.execute(Manager.java:369)
	at ptolemy.actor.Manager.run(Manager.java:1263)
	at ptolemy.actor.Manager$PtolemyRunThread.run(Manager.java:1933)
java.lang.reflect.InvocationTargetException
	at java.base/jdk.internal.reflect.NativeConstructorAccessorImpl.newInstance0(Native Method)
	at java.base/jdk.internal.reflect.NativeConstructorAccessorImpl.newInstance(NativeConstructorAccessorImpl.java:62)
	at java.base/jdk.internal.reflect.DelegatingConstructorAccessorImpl.newInstance(DelegatingConstructorAccessorImpl.java:45)
	at java.base/java.lang.reflect.Constructor.newInstance(Constructor.java:490)
	at ptolemy.util.test.junit.AutoKnownFailedTests.RunModel(AutoKnownFailedTests.java:105)
	at java.base/jdk.internal.reflect.NativeMethodAccessorImpl.invoke0(Native Method)
	at java.base/jdk.internal.reflect.NativeMethodAccessorImpl.invoke(NativeMethodAccessorImpl.java:62)
	at java.base/jdk.internal.reflect.DelegatingMethodAccessorImpl.invoke(DelegatingMethodAccessorImpl.java:43)
	at java.base/java.lang.reflect.Method.invoke(Method.java:566)
	at org.junit.runners.model.FrameworkMethod$1.runReflectiveCall(FrameworkMethod.java:44)
	at org.junit.internal.runners.model.ReflectiveCallable.run(ReflectiveCallable.java:15)
	at org.junit.runners.model.FrameworkMethod.invokeExplosively(FrameworkMethod.java:41)
	at junitparams.internal.InvokeParameterisedMethod.evaluate(InvokeParameterisedMethod.java:102)
	at org.junit.internal.runners.statements.FailOnTimeout$1.run(FailOnTimeout.java:28)
Caused by: ptolemy.kernel.util.IllegalActionException: Test fails in iteration 1.
Value was: 1.0. Should have been: 2.0
  in .DirectFeedback.Test
	at ptolemy.actor.lib.Test.fire(Test.java:268)
	at ptolemy.domains.de.kernel.DEDirector._fire(DEDirector.java:1949)
	at ptolemy.domains.de.kernel.DEDirector.fire(DEDirector.java:502)
	at ptolemy.actor.CompositeActor.fire(CompositeActor.java:455)
	at ptolemy.actor.Manager.iterate(Manager.java:851)
	at ptolemy.actor.Manager.execute(Manager.java:369)
	at ptolemy.actor.Manager.run(Manager.java:1263)
	at ptolemy.actor.Manager$PtolemyRunThread.run(Manager.java:1933)
java.lang.RuntimeException: Execution failed
	at ptolemy.moml.MoMLSimpleApplication$UnloadThread.run(MoMLSimpleApplication.java:402)
Caused by: ptolemy.kernel.util.IllegalActionException: Found a zero delay loop containing .HierarchicalModel.A
  in .HierarchicalModel and .HierarchicalModel.A
	at ptolemy.actor.util.CausalityInterfaceForComposites._computeOutputPortDepth(CausalityInterfaceForComposites.java:759)
	at ptolemy.actor.util.CausalityInterfaceForComposites._computeInputDepth(CausalityInterfaceForComposites.java:696)
	at ptolemy.actor.util.CausalityInterfaceForComposites._computeOutputPortDepth(CausalityInterfaceForComposites.java:765)
	at ptolemy.actor.util.CausalityInterfaceForComposites._computeInputDepth(CausalityInterfaceForComposites.java:696)
	at ptolemy.actor.util.CausalityInterfaceForComposites._computeOutputPortDepth(CausalityInterfaceForComposites.java:765)
	at ptolemy.actor.util.CausalityInterfaceForComposites._computeInputDepth(CausalityInterfaceForComposites.java:696)
	at ptolemy.actor.util.CausalityInterfaceForComposites._computeActorDepth(CausalityInterfaceForComposites.java:532)
	at ptolemy.actor.util.CausalityInterfaceForComposites.checkForCycles(CausalityInterfaceForComposites.java:96)
	at ptolemy.domains.de.kernel.DEDirector.preinitialize(DEDirector.java:1338)
	at ptolemy.actor.CompositeActor.preinitialize(CompositeActor.java:1828)
	at ptolemy.actor.Manager.preinitializeAndResolveTypes(Manager.java:1040)
	at ptolemy.actor.Manager.initialize(Manager.java:710)
	at ptolemy.actor.Manager.execute(Manager.java:356)
	at ptolemy.actor.Manager.run(Manager.java:1263)
	at ptolemy.actor.Manager$PtolemyRunThread.run(Manager.java:1933)
java.lang.reflect.InvocationTargetException
	at java.base/jdk.internal.reflect.NativeConstructorAccessorImpl.newInstance0(Native Method)
	at java.base/jdk.internal.reflect.NativeConstructorAccessorImpl.newInstance(NativeConstructorAccessorImpl.java:62)
	at java.base/jdk.internal.reflect.DelegatingConstructorAccessorImpl.newInstance(DelegatingConstructorAccessorImpl.java:45)
	at java.base/java.lang.reflect.Constructor.newInstance(Constructor.java:490)
	at ptolemy.util.test.junit.AutoKnownFailedTests.RunModel(AutoKnownFailedTests.java:105)
	at java.base/jdk.internal.reflect.NativeMethodAccessorImpl.invoke0(Native Method)
	at java.base/jdk.internal.reflect.NativeMethodAccessorImpl.invoke(NativeMethodAccessorImpl.java:62)
	at java.base/jdk.internal.reflect.DelegatingMethodAccessorImpl.invoke(DelegatingMethodAccessorImpl.java:43)
	at java.base/java.lang.reflect.Method.invoke(Method.java:566)
	at org.junit.runners.model.FrameworkMethod$1.runReflectiveCall(FrameworkMethod.java:44)
	at org.junit.internal.runners.model.ReflectiveCallable.run(ReflectiveCallable.java:15)
	at org.junit.runners.model.FrameworkMethod.invokeExplosively(FrameworkMethod.java:41)
	at junitparams.internal.InvokeParameterisedMethod.evaluate(InvokeParameterisedMethod.java:102)
	at org.junit.internal.runners.statements.FailOnTimeout$1.run(FailOnTimeout.java:28)
Caused by: ptolemy.kernel.util.IllegalActionException: Found a zero delay loop containing .HierarchicalModel.A
  in .HierarchicalModel and .HierarchicalModel.A
	at ptolemy.actor.util.CausalityInterfaceForComposites._computeOutputPortDepth(CausalityInterfaceForComposites.java:759)
	at ptolemy.actor.util.CausalityInterfaceForComposites._computeInputDepth(CausalityInterfaceForComposites.java:696)
	at ptolemy.actor.util.CausalityInterfaceForComposites._computeOutputPortDepth(CausalityInterfaceForComposites.java:765)
	at ptolemy.actor.util.CausalityInterfaceForComposites._computeInputDepth(CausalityInterfaceForComposites.java:696)
	at ptolemy.actor.util.CausalityInterfaceForComposites._computeOutputPortDepth(CausalityInterfaceForComposites.java:765)
	at ptolemy.actor.util.CausalityInterfaceForComposites._computeInputDepth(CausalityInterfaceForComposites.java:696)
	at ptolemy.actor.util.CausalityInterfaceForComposites._computeActorDepth(CausalityInterfaceForComposites.java:532)
	at ptolemy.actor.util.CausalityInterfaceForComposites.checkForCycles(CausalityInterfaceForComposites.java:96)
	at ptolemy.domains.de.kernel.DEDirector.preinitialize(DEDirector.java:1338)
	at ptolemy.actor.CompositeActor.preinitialize(CompositeActor.java:1828)
	at ptolemy.actor.Manager.preinitializeAndResolveTypes(Manager.java:1040)
	at ptolemy.actor.Manager.initialize(Manager.java:710)
	at ptolemy.actor.Manager.execute(Manager.java:356)
	at ptolemy.actor.Manager.run(Manager.java:1263)
	at ptolemy.actor.Manager$PtolemyRunThread.run(Manager.java:1933)
java.lang.RuntimeException: Execution failed
	at ptolemy.moml.MoMLSimpleApplication$UnloadThread.run(MoMLSimpleApplication.java:402)
Caused by: ptolemy.kernel.util.IllegalActionException: Found a zero delay loop containing .dependencyLoop.original
  in .dependencyLoop and .dependencyLoop.original
	at ptolemy.actor.util.CausalityInterfaceForComposites._computeOutputPortDepth(CausalityInterfaceForComposites.java:759)
	at ptolemy.actor.util.CausalityInterfaceForComposites._computeInputDepth(CausalityInterfaceForComposites.java:696)
	at ptolemy.actor.util.CausalityInterfaceForComposites._computeOutputPortDepth(CausalityInterfaceForComposites.java:765)
	at ptolemy.actor.util.CausalityInterfaceForComposites._computeInputDepth(CausalityInterfaceForComposites.java:696)
	at ptolemy.actor.util.CausalityInterfaceForComposites._computeOutputPortDepth(CausalityInterfaceForComposites.java:765)
	at ptolemy.actor.util.CausalityInterfaceForComposites._computeInputDepth(CausalityInterfaceForComposites.java:696)
	at ptolemy.actor.util.CausalityInterfaceForComposites._computeActorDepth(CausalityInterfaceForComposites.java:532)
	at ptolemy.actor.util.CausalityInterfaceForComposites.checkForCycles(CausalityInterfaceForComposites.java:96)
	at ptolemy.domains.de.kernel.DEDirector.preinitialize(DEDirector.java:1338)
	at ptolemy.actor.CompositeActor.preinitialize(CompositeActor.java:1828)
	at ptolemy.actor.Manager.preinitializeAndResolveTypes(Manager.java:1040)
	at ptolemy.actor.Manager.initialize(Manager.java:710)
	at ptolemy.actor.Manager.execute(Manager.java:356)
	at ptolemy.actor.Manager.run(Manager.java:1263)
	at ptolemy.actor.Manager$PtolemyRunThread.run(Manager.java:1933)
java.lang.reflect.InvocationTargetException
	at java.base/jdk.internal.reflect.NativeConstructorAccessorImpl.newInstance0(Native Method)
	at java.base/jdk.internal.reflect.NativeConstructorAccessorImpl.newInstance(NativeConstructorAccessorImpl.java:62)
	at java.base/jdk.internal.reflect.DelegatingConstructorAccessorImpl.newInstance(DelegatingConstructorAccessorImpl.java:45)
	at java.base/java.lang.reflect.Constructor.newInstance(Constructor.java:490)
	at ptolemy.util.test.junit.AutoKnownFailedTests.RunModel(AutoKnownFailedTests.java:105)
	at java.base/jdk.internal.reflect.NativeMethodAccessorImpl.invoke0(Native Method)
	at java.base/jdk.internal.reflect.NativeMethodAccessorImpl.invoke(NativeMethodAccessorImpl.java:62)
	at java.base/jdk.internal.reflect.DelegatingMethodAccessorImpl.invoke(DelegatingMethodAccessorImpl.java:43)
	at java.base/java.lang.reflect.Method.invoke(Method.java:566)
	at org.junit.runners.model.FrameworkMethod$1.runReflectiveCall(FrameworkMethod.java:44)
	at org.junit.internal.runners.model.ReflectiveCallable.run(ReflectiveCallable.java:15)
	at org.junit.runners.model.FrameworkMethod.invokeExplosively(FrameworkMethod.java:41)
	at junitparams.internal.InvokeParameterisedMethod.evaluate(InvokeParameterisedMethod.java:102)
	at org.junit.internal.runners.statements.FailOnTimeout$1.run(FailOnTimeout.java:28)
Caused by: ptolemy.kernel.util.IllegalActionException: Found a zero delay loop containing .dependencyLoop.original
  in .dependencyLoop and .dependencyLoop.original
	at ptolemy.actor.util.CausalityInterfaceForComposites._computeOutputPortDepth(CausalityInterfaceForComposites.java:759)
	at ptolemy.actor.util.CausalityInterfaceForComposites._computeInputDepth(CausalityInterfaceForComposites.java:696)
	at ptolemy.actor.util.CausalityInterfaceForComposites._computeOutputPortDepth(CausalityInterfaceForComposites.java:765)
	at ptolemy.actor.util.CausalityInterfaceForComposites._computeInputDepth(CausalityInterfaceForComposites.java:696)
	at ptolemy.actor.util.CausalityInterfaceForComposites._computeOutputPortDepth(CausalityInterfaceForComposites.java:765)
	at ptolemy.actor.util.CausalityInterfaceForComposites._computeInputDepth(CausalityInterfaceForComposites.java:696)
	at ptolemy.actor.util.CausalityInterfaceForComposites._computeActorDepth(CausalityInterfaceForComposites.java:532)
	at ptolemy.actor.util.CausalityInterfaceForComposites.checkForCycles(CausalityInterfaceForComposites.java:96)
	at ptolemy.domains.de.kernel.DEDirector.preinitialize(DEDirector.java:1338)
	at ptolemy.actor.CompositeActor.preinitialize(CompositeActor.java:1828)
	at ptolemy.actor.Manager.preinitializeAndResolveTypes(Manager.java:1040)
	at ptolemy.actor.Manager.initialize(Manager.java:710)
	at ptolemy.actor.Manager.execute(Manager.java:356)
	at ptolemy.actor.Manager.run(Manager.java:1263)
	at ptolemy.actor.Manager$PtolemyRunThread.run(Manager.java:1933)
java.lang.RuntimeException: Execution failed
	at ptolemy.moml.MoMLSimpleApplication$UnloadThread.run(MoMLSimpleApplication.java:402)
Caused by: ptolemy.kernel.util.IllegalActionException: Found a zero delay loop containing .dependencyLoop2.original
  in .dependencyLoop2 and .dependencyLoop2.original
	at ptolemy.actor.util.CausalityInterfaceForComposites._computeOutputPortDepth(CausalityInterfaceForComposites.java:759)
	at ptolemy.actor.util.CausalityInterfaceForComposites._computeInputDepth(CausalityInterfaceForComposites.java:696)
	at ptolemy.actor.util.CausalityInterfaceForComposites._computeOutputPortDepth(CausalityInterfaceForComposites.java:765)
	at ptolemy.actor.util.CausalityInterfaceForComposites._computeInputDepth(CausalityInterfaceForComposites.java:696)
	at ptolemy.actor.util.CausalityInterfaceForComposites._computeOutputPortDepth(CausalityInterfaceForComposites.java:765)
	at ptolemy.actor.util.CausalityInterfaceForComposites._computeInputDepth(CausalityInterfaceForComposites.java:696)
	at ptolemy.actor.util.CausalityInterfaceForComposites._computeActorDepth(CausalityInterfaceForComposites.java:532)
	at ptolemy.actor.util.CausalityInterfaceForComposites.checkForCycles(CausalityInterfaceForComposites.java:96)
	at ptolemy.domains.de.kernel.DEDirector.preinitialize(DEDirector.java:1338)
	at ptolemy.actor.CompositeActor.preinitialize(CompositeActor.java:1828)
	at ptolemy.actor.Manager.preinitializeAndResolveTypes(Manager.java:1040)
	at ptolemy.actor.Manager.initialize(Manager.java:710)
	at ptolemy.actor.Manager.execute(Manager.java:356)
	at ptolemy.actor.Manager.run(Manager.java:1263)
	at ptolemy.actor.Manager$PtolemyRunThread.run(Manager.java:1933)
java.lang.reflect.InvocationTargetException
	at java.base/jdk.internal.reflect.NativeConstructorAccessorImpl.newInstance0(Native Method)
	at java.base/jdk.internal.reflect.NativeConstructorAccessorImpl.newInstance(NativeConstructorAccessorImpl.java:62)
	at java.base/jdk.internal.reflect.DelegatingConstructorAccessorImpl.newInstance(DelegatingConstructorAccessorImpl.java:45)
	at java.base/java.lang.reflect.Constructor.newInstance(Constructor.java:490)
	at ptolemy.util.test.junit.AutoKnownFailedTests.RunModel(AutoKnownFailedTests.java:105)
	at java.base/jdk.internal.reflect.NativeMethodAccessorImpl.invoke0(Native Method)
	at java.base/jdk.internal.reflect.NativeMethodAccessorImpl.invoke(NativeMethodAccessorImpl.java:62)
	at java.base/jdk.internal.reflect.DelegatingMethodAccessorImpl.invoke(DelegatingMethodAccessorImpl.java:43)
	at java.base/java.lang.reflect.Method.invoke(Method.java:566)
	at org.junit.runners.model.FrameworkMethod$1.runReflectiveCall(FrameworkMethod.java:44)
	at org.junit.internal.runners.model.ReflectiveCallable.run(ReflectiveCallable.java:15)
	at org.junit.runners.model.FrameworkMethod.invokeExplosively(FrameworkMethod.java:41)
	at junitparams.internal.InvokeParameterisedMethod.evaluate(InvokeParameterisedMethod.java:102)
	at org.junit.internal.runners.statements.FailOnTimeout$1.run(FailOnTimeout.java:28)
Caused by: ptolemy.kernel.util.IllegalActionException: Found a zero delay loop containing .dependencyLoop2.original
  in .dependencyLoop2 and .dependencyLoop2.original
	at ptolemy.actor.util.CausalityInterfaceForComposites._computeOutputPortDepth(CausalityInterfaceForComposites.java:759)
	at ptolemy.actor.util.CausalityInterfaceForComposites._computeInputDepth(CausalityInterfaceForComposites.java:696)
	at ptolemy.actor.util.CausalityInterfaceForComposites._computeOutputPortDepth(CausalityInterfaceForComposites.java:765)
	at ptolemy.actor.util.CausalityInterfaceForComposites._computeInputDepth(CausalityInterfaceForComposites.java:696)
	at ptolemy.actor.util.CausalityInterfaceForComposites._computeOutputPortDepth(CausalityInterfaceForComposites.java:765)
	at ptolemy.actor.util.CausalityInterfaceForComposites._computeInputDepth(CausalityInterfaceForComposites.java:696)
	at ptolemy.actor.util.CausalityInterfaceForComposites._computeActorDepth(CausalityInterfaceForComposites.java:532)
	at ptolemy.actor.util.CausalityInterfaceForComposites.checkForCycles(CausalityInterfaceForComposites.java:96)
	at ptolemy.domains.de.kernel.DEDirector.preinitialize(DEDirector.java:1338)
	at ptolemy.actor.CompositeActor.preinitialize(CompositeActor.java:1828)
	at ptolemy.actor.Manager.preinitializeAndResolveTypes(Manager.java:1040)
	at ptolemy.actor.Manager.initialize(Manager.java:710)
	at ptolemy.actor.Manager.execute(Manager.java:356)
	at ptolemy.actor.Manager.run(Manager.java:1263)
	at ptolemy.actor.Manager$PtolemyRunThread.run(Manager.java:1933)
]]></system-err>
</testsuite>
