<?xml version="1.0" encoding="UTF-8" ?>
<testsuite errors="0" failures="0" hostname="travis-job-02100618-e0c4-41e3-a991-fab102d1938a" name="ptolemy.domains.de.test.junit.JUnitTclTest" skipped="0" tests="101" time="126.064" timestamp="2018-06-08T23:11:29">
  <properties>
[...]
</properties>
  <testcase classname="ptolemy.util.test.junit.TclTests" name="[0] /home/travis/build/icyphy/ptII/ptolemy/domains/de/test/DependencyLoop.tcl (RunTclFile)" time="0.779" />
  <testcase classname="ptolemy.util.test.junit.TclTests" name="[1] /home/travis/build/icyphy/ptII/ptolemy/domains/de/test/RunDETestsAsQSS.tcl (RunTclFile)" time="86.209" />
  <testcase classname="ptolemy.util.test.junit.AutoKnownFailedTests" name="[0] /home/travis/build/icyphy/ptII/ptolemy/domains/de/test/auto/knownFailedTests/DESDFClockTest.xml (RunModel)" time="2.021" />
  <testcase classname="ptolemy.util.test.junit.AutoKnownFailedTests" name="[1] /home/travis/build/icyphy/ptII/ptolemy/domains/de/test/auto/knownFailedTests/DirectFeedback.xml (RunModel)" time="0.006" />
  <testcase classname="ptolemy.util.test.junit.AutoKnownFailedTests" name="[2] /home/travis/build/icyphy/ptII/ptolemy/domains/de/test/auto/knownFailedTests/FSMSource.xml (RunModel)" time="0.016" />
  <testcase classname="ptolemy.util.test.junit.AutoKnownFailedTests" name="[3] /home/travis/build/icyphy/ptII/ptolemy/domains/de/test/auto/knownFailedTests/HierarchicalModel.xml (RunModel)" time="0.024" />
  <testcase classname="ptolemy.util.test.junit.AutoKnownFailedTests" name="[4] /home/travis/build/icyphy/ptII/ptolemy/domains/de/test/auto/knownFailedTests/dependencyLoop.xml (RunModel)" time="0.022" />
  <testcase classname="ptolemy.util.test.junit.AutoKnownFailedTests" name="[5] /home/travis/build/icyphy/ptII/ptolemy/domains/de/test/auto/knownFailedTests/dependencyLoop2.xml (RunModel)" time="0.026" />
  <testcase classname="ptolemy.util.test.junit.AutoNameArchTests" name="[0] ThereAreNoAutoArchTests (RunModel)" time="0.0" />
  <testcase classname="ptolemy.util.test.junit.AutoTests" name="[0] /home/travis/build/icyphy/ptII/ptolemy/domains/de/test/auto/ActorDepthCalculation_actorWithoutPorts.xml (RunModel)" time="0.009" />
  <testcase classname="ptolemy.util.test.junit.AutoTests" name="[1] /home/travis/build/icyphy/ptII/ptolemy/domains/de/test/auto/AssemblyLine.xml (RunModel)" time="0.011" />
  <testcase classname="ptolemy.util.test.junit.AutoTests" name="[2] /home/travis/build/icyphy/ptII/ptolemy/domains/de/test/auto/CQBug1.xml (RunModel)" time="0.005" />
  <testcase classname="ptolemy.util.test.junit.AutoTests" name="[3] /home/travis/build/icyphy/ptII/ptolemy/domains/de/test/auto/CancelFireAt.xml (RunModel)" time="0.004" />
  <testcase classname="ptolemy.util.test.junit.AutoTests" name="[4] /home/travis/build/icyphy/ptII/ptolemy/domains/de/test/auto/CausalityAndComposabilityAnalysis.xml (RunModel)" time="0.007" />
  <testcase classname="ptolemy.util.test.junit.AutoTests" name="[5] /home/travis/build/icyphy/ptII/ptolemy/domains/de/test/auto/CausalityInterface1.xml (RunModel)" time="0.011" />
  <testcase classname="ptolemy.util.test.junit.AutoTests" name="[6] /home/travis/build/icyphy/ptII/ptolemy/domains/de/test/auto/CausalityInterface15.xml (RunModel)" time="0.011" />
  <testcase classname="ptolemy.util.test.junit.AutoTests" name="[7] /home/travis/build/icyphy/ptII/ptolemy/domains/de/test/auto/CausalityInterface2.xml (RunModel)" time="0.008" />
  <testcase classname="ptolemy.util.test.junit.AutoTests" name="[8] /home/travis/build/icyphy/ptII/ptolemy/domains/de/test/auto/CausalityInterface3.xml (RunModel)" time="0.008" />
  <testcase classname="ptolemy.util.test.junit.AutoTests" name="[9] /home/travis/build/icyphy/ptII/ptolemy/domains/de/test/auto/ClockDrift.xml (RunModel)" time="0.022" />
  <testcase classname="ptolemy.util.test.junit.AutoTests" name="[10] /home/travis/build/icyphy/ptII/ptolemy/domains/de/test/auto/ClockDriftAndValueChange.xml (RunModel)" time="0.02" />
  <testcase classname="ptolemy.util.test.junit.AutoTests" name="[11] /home/travis/build/icyphy/ptII/ptolemy/domains/de/test/auto/ClockDriftChange.xml (RunModel)" time="0.018" />
  <testcase classname="ptolemy.util.test.junit.AutoTests" name="[12] /home/travis/build/icyphy/ptII/ptolemy/domains/de/test/auto/ComposableCausalityAnalysis.xml (RunModel)" time="0.013" />
  <testcase classname="ptolemy.util.test.junit.AutoTests" name="[13] /home/travis/build/icyphy/ptII/ptolemy/domains/de/test/auto/DEFixedPointLimitation.xml (RunModel)" time="0.007" />
  <testcase classname="ptolemy.util.test.junit.AutoTests" name="[14] /home/travis/build/icyphy/ptII/ptolemy/domains/de/test/auto/DEScheduleTest.xml (RunModel)" time="0.007" />
  <testcase classname="ptolemy.util.test.junit.AutoTests" name="[15] /home/travis/build/icyphy/ptII/ptolemy/domains/de/test/auto/DEinDEwithStartTimes.xml (RunModel)" time="0.009" />
  <testcase classname="ptolemy.util.test.junit.AutoTests" name="[16] /home/travis/build/icyphy/ptII/ptolemy/domains/de/test/auto/DEinDEwithStartTimes2.xml (RunModel)" time="0.009" />
  <testcase classname="ptolemy.util.test.junit.AutoTests" name="[17] /home/travis/build/icyphy/ptII/ptolemy/domains/de/test/auto/DateDemo.xml (RunModel)" time="0.019" />
  <testcase classname="ptolemy.util.test.junit.AutoTests" name="[18] /home/travis/build/icyphy/ptII/ptolemy/domains/de/test/auto/DateToEvent.xml (RunModel)" time="2.026" />
  <testcase classname="ptolemy.util.test.junit.AutoTests" name="[19] /home/travis/build/icyphy/ptII/ptolemy/domains/de/test/auto/DepthTest1.xml (RunModel)" time="0.012" />
  <testcase classname="ptolemy.util.test.junit.AutoTests" name="[20] /home/travis/build/icyphy/ptII/ptolemy/domains/de/test/auto/DepthTest2.xml (RunModel)" time="0.011" />
  <testcase classname="ptolemy.util.test.junit.AutoTests" name="[21] /home/travis/build/icyphy/ptII/ptolemy/domains/de/test/auto/DepthTest3.xml (RunModel)" time="0.005" />
  <testcase classname="ptolemy.util.test.junit.AutoTests" name="[22] /home/travis/build/icyphy/ptII/ptolemy/domains/de/test/auto/DepthTest4.xml (RunModel)" time="0.008" />
  <testcase classname="ptolemy.util.test.junit.AutoTests" name="[23] /home/travis/build/icyphy/ptII/ptolemy/domains/de/test/auto/DepthTest5.xml (RunModel)" time="0.009" />
  <testcase classname="ptolemy.util.test.junit.AutoTests" name="[24] /home/travis/build/icyphy/ptII/ptolemy/domains/de/test/auto/DepthTest6.xml (RunModel)" time="0.008" />
  <testcase classname="ptolemy.util.test.junit.AutoTests" name="[25] /home/travis/build/icyphy/ptII/ptolemy/domains/de/test/auto/DepthTest7.xml (RunModel)" time="0.008" />
  <testcase classname="ptolemy.util.test.junit.AutoTests" name="[26] /home/travis/build/icyphy/ptII/ptolemy/domains/de/test/auto/EventToDate.xml (RunModel)" time="3.025" />
  <testcase classname="ptolemy.util.test.junit.AutoTests" name="[27] /home/travis/build/icyphy/ptII/ptolemy/domains/de/test/auto/FSM1.xml (RunModel)" time="0.024" />
  <testcase classname="ptolemy.util.test.junit.AutoTests" name="[28] /home/travis/build/icyphy/ptII/ptolemy/domains/de/test/auto/FSM7.xml (RunModel)" time="0.022" />
  <testcase classname="ptolemy.util.test.junit.AutoTests" name="[29] /home/travis/build/icyphy/ptII/ptolemy/domains/de/test/auto/Inspection.xml (RunModel)" time="0.028" />
  <testcase classname="ptolemy.util.test.junit.AutoTests" name="[30] /home/travis/build/icyphy/ptII/ptolemy/domains/de/test/auto/Iteration.xml (RunModel)" time="0.012" />
  <testcase classname="ptolemy.util.test.junit.AutoTests" name="[31] /home/travis/build/icyphy/ptII/ptolemy/domains/de/test/auto/LineFault.xml (RunModel)" time="0.434" />
  <testcase classname="ptolemy.util.test.junit.AutoTests" name="[32] /home/travis/build/icyphy/ptII/ptolemy/domains/de/test/auto/MergeModel1Add.xml (RunModel)" time="0.028" />
  <testcase classname="ptolemy.util.test.junit.AutoTests" name="[33] /home/travis/build/icyphy/ptII/ptolemy/domains/de/test/auto/MergeModel2Add.xml (RunModel)" time="0.034" />
  <testcase classname="ptolemy.util.test.junit.AutoTests" name="[34] /home/travis/build/icyphy/ptII/ptolemy/domains/de/test/auto/MergeModel3Add.xml (RunModel)" time="0.034" />
  <testcase classname="ptolemy.util.test.junit.AutoTests" name="[35] /home/travis/build/icyphy/ptII/ptolemy/domains/de/test/auto/MergeWithoutDiscard.xml (RunModel)" time="0.007" />
  <testcase classname="ptolemy.util.test.junit.AutoTests" name="[36] /home/travis/build/icyphy/ptII/ptolemy/domains/de/test/auto/Modal1.xml (RunModel)" time="0.023" />
  <testcase classname="ptolemy.util.test.junit.AutoTests" name="[37] /home/travis/build/icyphy/ptII/ptolemy/domains/de/test/auto/Modal2.xml (RunModel)" time="0.027" />
  <testcase classname="ptolemy.util.test.junit.AutoTests" name="[38] /home/travis/build/icyphy/ptII/ptolemy/domains/de/test/auto/Modal3.xml (RunModel)" time="0.027" />
  <testcase classname="ptolemy.util.test.junit.AutoTests" name="[39] /home/travis/build/icyphy/ptII/ptolemy/domains/de/test/auto/Modal4.xml (RunModel)" time="0.028" />
  <testcase classname="ptolemy.util.test.junit.AutoTests" name="[40] /home/travis/build/icyphy/ptII/ptolemy/domains/de/test/auto/Modal5.xml (RunModel)" time="0.022" />
  <testcase classname="ptolemy.util.test.junit.AutoTests" name="[41] /home/travis/build/icyphy/ptII/ptolemy/domains/de/test/auto/Modal6.xml (RunModel)" time="0.021" />
  <testcase classname="ptolemy.util.test.junit.AutoTests" name="[42] /home/travis/build/icyphy/ptII/ptolemy/domains/de/test/auto/Modal7.xml (RunModel)" time="0.022" />
  <testcase classname="ptolemy.util.test.junit.AutoTests" name="[43] /home/travis/build/icyphy/ptII/ptolemy/domains/de/test/auto/ModalModel.xml (RunModel)" time="0.131" />
  <testcase classname="ptolemy.util.test.junit.AutoTests" name="[44] /home/travis/build/icyphy/ptII/ptolemy/domains/de/test/auto/ModalSource.xml (RunModel)" time="0.013" />
  <testcase classname="ptolemy.util.test.junit.AutoTests" name="[45] /home/travis/build/icyphy/ptII/ptolemy/domains/de/test/auto/NonInterruptibleTimerZeroDelay.xml (RunModel)" time="0.007" />
  <testcase classname="ptolemy.util.test.junit.AutoTests" name="[46] /home/travis/build/icyphy/ptII/ptolemy/domains/de/test/auto/OpenQueueingNetwork.xml (RunModel)" time="1.914" />
  <testcase classname="ptolemy.util.test.junit.AutoTests" name="[47] /home/travis/build/icyphy/ptII/ptolemy/domains/de/test/auto/OpenQueuingNetwork.xml (RunModel)" time="0.244" />
  <testcase classname="ptolemy.util.test.junit.AutoTests" name="[48] /home/travis/build/icyphy/ptII/ptolemy/domains/de/test/auto/PeriodicSampler.xml (RunModel)" time="0.008" />
  <testcase classname="ptolemy.util.test.junit.AutoTests" name="[49] /home/travis/build/icyphy/ptII/ptolemy/domains/de/test/auto/PersistentIO.xml (RunModel)" time="0.017" />
  <testcase classname="ptolemy.util.test.junit.AutoTests" name="[50] /home/travis/build/icyphy/ptII/ptolemy/domains/de/test/auto/PortParameterResetOnInitialize.xml (RunModel)" time="0.008" />
  <testcase classname="ptolemy.util.test.junit.AutoTests" name="[51] /home/travis/build/icyphy/ptII/ptolemy/domains/de/test/auto/PortParameterUpdates.xml (RunModel)" time="0.012" />
  <testcase classname="ptolemy.util.test.junit.AutoTests" name="[52] /home/travis/build/icyphy/ptII/ptolemy/domains/de/test/auto/QueueAndServer.xml (RunModel)" time="0.017" />
  <testcase classname="ptolemy.util.test.junit.AutoTests" name="[53] /home/travis/build/icyphy/ptII/ptolemy/domains/de/test/auto/Records.xml (RunModel)" time="0.012" />
  <testcase classname="ptolemy.util.test.junit.AutoTests" name="[54] /home/travis/build/icyphy/ptII/ptolemy/domains/de/test/auto/ResetTransitionWithStartTime1.xml (RunModel)" time="0.016" />
  <testcase classname="ptolemy.util.test.junit.AutoTests" name="[55] /home/travis/build/icyphy/ptII/ptolemy/domains/de/test/auto/ResetTransitionWithStartTime2.xml (RunModel)" time="0.015" />
  <testcase classname="ptolemy.util.test.junit.AutoTests" name="[56] /home/travis/build/icyphy/ptII/ptolemy/domains/de/test/auto/ResetTransitionWithStartTime3.xml (RunModel)" time="0.022" />
  <testcase classname="ptolemy.util.test.junit.AutoTests" name="[57] /home/travis/build/icyphy/ptII/ptolemy/domains/de/test/auto/ResetTransitionWithStartTime4.xml (RunModel)" time="0.015" />
  <testcase classname="ptolemy.util.test.junit.AutoTests" name="[58] /home/travis/build/icyphy/ptII/ptolemy/domains/de/test/auto/ResettableTimer1.xml (RunModel)" time="0.009" />
  <testcase classname="ptolemy.util.test.junit.AutoTests" name="[59] /home/travis/build/icyphy/ptII/ptolemy/domains/de/test/auto/ResettableTimer2.xml (RunModel)" time="0.009" />
  <testcase classname="ptolemy.util.test.junit.AutoTests" name="[60] /home/travis/build/icyphy/ptII/ptolemy/domains/de/test/auto/ResettableTimer3.xml (RunModel)" time="0.008" />
  <testcase classname="ptolemy.util.test.junit.AutoTests" name="[61] /home/travis/build/icyphy/ptII/ptolemy/domains/de/test/auto/ResettableTimer4.xml (RunModel)" time="0.008" />
  <testcase classname="ptolemy.util.test.junit.AutoTests" name="[62] /home/travis/build/icyphy/ptII/ptolemy/domains/de/test/auto/ResettableTimer5.xml (RunModel)" time="0.008" />
  <testcase classname="ptolemy.util.test.junit.AutoTests" name="[63] /home/travis/build/icyphy/ptII/ptolemy/domains/de/test/auto/ResettableTimer6.xml (RunModel)" time="0.009" />
  <testcase classname="ptolemy.util.test.junit.AutoTests" name="[64] /home/travis/build/icyphy/ptII/ptolemy/domains/de/test/auto/ServerZeroDelay.xml (RunModel)" time="0.009" />
  <testcase classname="ptolemy.util.test.junit.AutoTests" name="[65] /home/travis/build/icyphy/ptII/ptolemy/domains/de/test/auto/SmartSender.xml (RunModel)" time="3.007" />
  <testcase classname="ptolemy.util.test.junit.AutoTests" name="[66] /home/travis/build/icyphy/ptII/ptolemy/domains/de/test/auto/ThreadedComposite.xml (RunModel)" time="0.124" />
  <testcase classname="ptolemy.util.test.junit.AutoTests" name="[67] /home/travis/build/icyphy/ptII/ptolemy/domains/de/test/auto/Time.xml (RunModel)" time="0.405" />
  <testcase classname="ptolemy.util.test.junit.AutoTests" name="[68] /home/travis/build/icyphy/ptII/ptolemy/domains/de/test/auto/TimeDelayZeroDelay.xml (RunModel)" time="0.015" />
  <testcase classname="ptolemy.util.test.junit.AutoTests" name="[69] /home/travis/build/icyphy/ptII/ptolemy/domains/de/test/auto/TimerZeroDelay.xml (RunModel)" time="0.01" />
  <testcase classname="ptolemy.util.test.junit.AutoTests" name="[70] /home/travis/build/icyphy/ptII/ptolemy/domains/de/test/auto/TimingParadox.xml (RunModel)" time="0.33" />
  <testcase classname="ptolemy.util.test.junit.AutoTests" name="[71] /home/travis/build/icyphy/ptII/ptolemy/domains/de/test/auto/TransferInputs.xml (RunModel)" time="0.01" />
  <testcase classname="ptolemy.util.test.junit.AutoTests" name="[72] /home/travis/build/icyphy/ptII/ptolemy/domains/de/test/auto/TransferOutputs2.xml (RunModel)" time="0.023" />
  <testcase classname="ptolemy.util.test.junit.AutoTests" name="[73] /home/travis/build/icyphy/ptII/ptolemy/domains/de/test/auto/Trilateration.xml (RunModel)" time="11.834" />
  <testcase classname="ptolemy.util.test.junit.AutoTests" name="[74] /home/travis/build/icyphy/ptII/ptolemy/domains/de/test/auto/TwoSigmaDelta.xml (RunModel)" time="2.123" />
  <testcase classname="ptolemy.util.test.junit.AutoTests" name="[75] /home/travis/build/icyphy/ptII/ptolemy/domains/de/test/auto/VariableDelay.xml (RunModel)" time="0.012" />
  <testcase classname="ptolemy.util.test.junit.AutoTests" name="[76] /home/travis/build/icyphy/ptII/ptolemy/domains/de/test/auto/VariableDelay2.xml (RunModel)" time="0.009" />
  <testcase classname="ptolemy.util.test.junit.AutoTests" name="[77] /home/travis/build/icyphy/ptII/ptolemy/domains/de/test/auto/VariableDelayZeroDelay.xml (RunModel)" time="0.01" />
  <testcase classname="ptolemy.util.test.junit.AutoTests" name="[78] /home/travis/build/icyphy/ptII/ptolemy/domains/de/test/auto/VariableDelayZeroDelay2.xml (RunModel)" time="0.01" />
  <testcase classname="ptolemy.util.test.junit.AutoTests" name="[79] /home/travis/build/icyphy/ptII/ptolemy/domains/de/test/auto/deInCt.xml (RunModel)" time="0.015" />
  <testcase classname="ptolemy.util.test.junit.AutoTests" name="[80] /home/travis/build/icyphy/ptII/ptolemy/domains/de/test/auto/deInCt2.xml (RunModel)" time="0.013" />
  <testcase classname="ptolemy.util.test.junit.AutoTests" name="[81] /home/travis/build/icyphy/ptII/ptolemy/domains/de/test/auto/dynamicCausalityInterface1.xml (RunModel)" time="0.017" />
  <testcase classname="ptolemy.util.test.junit.AutoTests" name="[82] /home/travis/build/icyphy/ptII/ptolemy/domains/de/test/auto/fsm_de_test.xml (RunModel)" time="0.019" />
  <testcase classname="ptolemy.util.test.junit.AutoTests" name="[83] /home/travis/build/icyphy/ptII/ptolemy/domains/de/test/auto/functionDependencyReconstruction.xml (RunModel)" time="0.03" />
  <testcase classname="ptolemy.util.test.junit.AutoTests" name="[84] /home/travis/build/icyphy/ptII/ptolemy/domains/de/test/auto/multirate.xml (RunModel)" time="0.015" />
  <testcase classname="ptolemy.util.test.junit.AutoTests" name="[85] /home/travis/build/icyphy/ptII/ptolemy/domains/de/test/auto/multirate2.xml (RunModel)" time="0.014" />
  <testcase classname="ptolemy.util.test.junit.AutoTests" name="[86] /home/travis/build/icyphy/ptII/ptolemy/domains/de/test/auto/realtime.xml (RunModel)" time="10.011" />
  <testcase classname="ptolemy.util.test.junit.AutoTests" name="[87] /home/travis/build/icyphy/ptII/ptolemy/domains/de/test/auto/relationGroup.xml (RunModel)" time="0.007" />
  <testcase classname="ptolemy.util.test.junit.AutoTests" name="[88] /home/travis/build/icyphy/ptII/ptolemy/domains/de/test/auto/relationGroup2.xml (RunModel)" time="0.007" />
  <testcase classname="ptolemy.util.test.junit.AutoTests" name="[89] /home/travis/build/icyphy/ptII/ptolemy/domains/de/test/auto/sortWithOpaquePorts.xml (RunModel)" time="0.01" />
  <testcase classname="ptolemy.util.test.junit.AutoTests" name="[90] /home/travis/build/icyphy/ptII/ptolemy/domains/de/test/auto/transferInputsandOutputs.xml (RunModel)" time="0.011" />
  <testcase classname="ptolemy.util.test.junit.AutoTests" name="[91] /home/travis/build/icyphy/ptII/ptolemy/domains/de/test/auto/triggerType.xml (RunModel)" time="0.007" />
  <system-out><![CDATA[/home/travis/build/icyphy/ptII/ptolemy/domains/de/test/DependencyLoop.tcl
testDefs.tcl: setting time out to 9000 seconds at Fri Jun 08 23:11:29 UTC 2018
14 ms. Memory: 116224K Free: 95057K (82%)
11 ms. Memory: 146944K Free: 137839K (94%)
/home/travis/build/icyphy/ptII/ptolemy/domains/de/test/RunDETestsAsQSS.tcl
Run the DE tests using ptolemy.domains.qss.test.QSSDirectorTest, which extends QSSDirector and prints a message in the constructors.
------------------ testing $PTII/ptolemy/domains/de/test/auto/knownFailedTests/dependencyLoop.xml (Known Failure) 
11 ms. Memory: 146944K Free: 133563K (91%)


==== $PTIIhome/travis/build/icyphy/ptII/ptolemy/domains/de/test/../../../../: Auto Automatic test in file $PTII/ptolemy/domains/de/test/auto/knownFailedTests/dependencyLoop.xml
==== Contents of test case:

	    # FIXME: we should use $relativeFilename here, but it
	    # might have backslashes under Windows, which causes no end
	    # of trouble.
	    createAndExecute $file
	    list {}
	
.... Test generated KNOWN error:
    while executing
ptolemy.kernel.util.IllegalActionException: Found a zero delay loop containing .dependencyLoop.original
  in .dependencyLoop and .dependencyLoop.original
	at ptolemy.actor.util.CausalityInterfaceForComposites._computeOutputPortDepth(CausalityInterfaceForComposites.java:759)
	at ptolemy.actor.util.CausalityInterfaceForComposites._computeInputDepth(CausalityInterfaceForComposites.java:696)
	at ptolemy.actor.util.CausalityInterfaceForComposites._computeOutputPortDepth(CausalityInterfaceForComposites.java:765)
	at ptolemy.actor.util.CausalityInterfaceForComposites._computeInputDepth(CausalityInterfaceForComposites.java:696)
	at ptolemy.actor.util.CausalityInterfaceForComposites._computeOutputPortDepth(CausalityInterfaceForComposites.java:765)
	at ptolemy.actor.util.CausalityInterfaceForComposites._computeInputDepth(CausalityInterfaceForComposites.java:696)
	at ptolemy.actor.util.CausalityInterfaceForComposites._computeActorDepth(CausalityInterfaceForComposites.java:532)
	at ptolemy.actor.util.CausalityInterfaceForComposites.checkForCycles(CausalityInterfaceForComposites.java:96)
	at ptolemy.domains.de.kernel.DEDirector.preinitialize(DEDirector.java:1338)
	at ptolemy.actor.CompositeActor.preinitialize(CompositeActor.java:1828)
	at ptolemy.actor.Manager.preinitializeAndResolveTypes(Manager.java:1040)
	at ptolemy.actor.Manager.initialize(Manager.java:710)
	at ptolemy.actor.Manager.execute(Manager.java:356)
	at ptolemy.actor.Manager.run(Manager.java:1263)
	at ptolemy.actor.Manager$PtolemyRunThread.run(Manager.java:1915)

    while executing
ptolemy.kernel.util.IllegalActionException: Found a zero delay loop containing .dependencyLoop.original
  in .dependencyLoop and .dependencyLoop.original
    while executing
"java::new ptolemy.moml.MoMLSimpleApplication $file
"
    (procedure "createAndExecute" line 2)
    invoked from within
"createAndExecute $file"
    ("uplevel" body line 5)
    invoked from within
"uplevel $contents_of_test"
------------------ testing $PTII/ptolemy/domains/de/test/auto/knownFailedTests/DESDFClockTest.xml (Known Failure) 
2053 ms. Memory: 146944K Free: 117728K (80%)


==== $PTIIhome/travis/build/icyphy/ptII/ptolemy/domains/de/test/../../../../: Auto Automatic test in file $PTII/ptolemy/domains/de/test/auto/knownFailedTests/DESDFClockTest.xml
==== Contents of test case:

	    # FIXME: we should use $relativeFilename here, but it
	    # might have backslashes under Windows, which causes no end
	    # of trouble.
	    createAndExecute $file
	    list {}
	
.... Test generated KNOWN error:
    while executing
ptolemy.kernel.util.IllegalActionException: Actor is not ready to fire.  Perhaps UpSample.prefire() returned false? Try debugging the actor by selecting "Listen to Actor".  Also, for SDF check moml for tokenConsumptionRate on input.
  in .DESDFClockTest.Play Bell.Copy1:SDF Director and .DESDFClockTest.Play Bell.UpSample
	at ptolemy.actor.sched.StaticSchedulingDirector.fire(StaticSchedulingDirector.java:227)
	at ptolemy.domains.sdf.kernel.SDFDirector.fire(SDFDirector.java:500)
	at ptolemy.actor.CompositeActor.fire(CompositeActor.java:455)
	at ptolemy.domains.de.kernel.DEDirector._fire(DEDirector.java:1949)
	at ptolemy.domains.de.kernel.DEDirector.fire(DEDirector.java:502)
	at ptolemy.actor.CompositeActor.fire(CompositeActor.java:455)
	at ptolemy.actor.Manager.iterate(Manager.java:851)
	at ptolemy.actor.Manager.execute(Manager.java:369)
	at ptolemy.actor.Manager.run(Manager.java:1263)
	at ptolemy.actor.Manager$PtolemyRunThread.run(Manager.java:1915)

    while executing
ptolemy.kernel.util.IllegalActionException: Actor is not ready to fire.  Perhaps UpSample.prefire() returned false? Try debugging the actor by selecting "Listen to Actor".  Also, for SDF check moml for tokenConsumptionRate on input.
  in .DESDFClockTest.Play Bell.Copy1:SDF Director and .DESDFClockTest.Play Bell.UpSample
    while executing
"java::new ptolemy.moml.MoMLSimpleApplication $file
"
    (procedure "createAndExecute" line 2)
    invoked from within
"createAndExecute $file"
    ("uplevel" body line 5)
    invoked from within
"uplevel $contents_of_test"
------------------ testing $PTII/ptolemy/domains/de/test/auto/knownFailedTests/FSMSource.xml (Known Failure) 
34 ms. Memory: 146944K Free: 108742K (74%)
!!!! Auto was marked as failing, but now passes
------------------ testing $PTII/ptolemy/domains/de/test/auto/knownFailedTests/dependencyLoop2.xml (Known Failure) 
11 ms. Memory: 146944K Free: 106859K (73%)


==== $PTIIhome/travis/build/icyphy/ptII/ptolemy/domains/de/test/../../../../: Auto Automatic test in file $PTII/ptolemy/domains/de/test/auto/knownFailedTests/dependencyLoop2.xml
==== Contents of test case:

	    # FIXME: we should use $relativeFilename here, but it
	    # might have backslashes under Windows, which causes no end
	    # of trouble.
	    createAndExecute $file
	    list {}
	
.... Test generated KNOWN error:
    while executing
ptolemy.kernel.util.IllegalActionException: Found a zero delay loop containing .dependencyLoop2.original
  in .dependencyLoop2 and .dependencyLoop2.original
	at ptolemy.actor.util.CausalityInterfaceForComposites._computeOutputPortDepth(CausalityInterfaceForComposites.java:759)
	at ptolemy.actor.util.CausalityInterfaceForComposites._computeInputDepth(CausalityInterfaceForComposites.java:696)
	at ptolemy.actor.util.CausalityInterfaceForComposites._computeOutputPortDepth(CausalityInterfaceForComposites.java:765)
	at ptolemy.actor.util.CausalityInterfaceForComposites._computeInputDepth(CausalityInterfaceForComposites.java:696)
	at ptolemy.actor.util.CausalityInterfaceForComposites._computeOutputPortDepth(CausalityInterfaceForComposites.java:765)
	at ptolemy.actor.util.CausalityInterfaceForComposites._computeInputDepth(CausalityInterfaceForComposites.java:696)
	at ptolemy.actor.util.CausalityInterfaceForComposites._computeActorDepth(CausalityInterfaceForComposites.java:532)
	at ptolemy.actor.util.CausalityInterfaceForComposites.checkForCycles(CausalityInterfaceForComposites.java:96)
	at ptolemy.domains.de.kernel.DEDirector.preinitialize(DEDirector.java:1338)
	at ptolemy.actor.CompositeActor.preinitialize(CompositeActor.java:1828)
	at ptolemy.actor.Manager.preinitializeAndResolveTypes(Manager.java:1040)
	at ptolemy.actor.Manager.initialize(Manager.java:710)
	at ptolemy.actor.Manager.execute(Manager.java:356)
	at ptolemy.actor.Manager.run(Manager.java:1263)
	at ptolemy.actor.Manager$PtolemyRunThread.run(Manager.java:1915)

    while executing
ptolemy.kernel.util.IllegalActionException: Found a zero delay loop containing .dependencyLoop2.original
  in .dependencyLoop2 and .dependencyLoop2.original
    while executing
"java::new ptolemy.moml.MoMLSimpleApplication $file
"
    (procedure "createAndExecute" line 2)
    invoked from within
"createAndExecute $file"
    ("uplevel" body line 5)
    invoked from within
"uplevel $contents_of_test"
------------------ testing $PTII/ptolemy/domains/de/test/auto/knownFailedTests/HierarchicalModel.xml (Known Failure) 
6 ms. Memory: 146944K Free: 86197K (59%)


==== $PTIIhome/travis/build/icyphy/ptII/ptolemy/domains/de/test/../../../../: Auto Automatic test in file $PTII/ptolemy/domains/de/test/auto/knownFailedTests/HierarchicalModel.xml
==== Contents of test case:

	    # FIXME: we should use $relativeFilename here, but it
	    # might have backslashes under Windows, which causes no end
	    # of trouble.
	    createAndExecute $file
	    list {}
	
.... Test generated KNOWN error:
    while executing
ptolemy.kernel.util.IllegalActionException: Found a zero delay loop containing .HierarchicalModel.A
  in .HierarchicalModel and .HierarchicalModel.A
	at ptolemy.actor.util.CausalityInterfaceForComposites._computeOutputPortDepth(CausalityInterfaceForComposites.java:759)
	at ptolemy.actor.util.CausalityInterfaceForComposites._computeInputDepth(CausalityInterfaceForComposites.java:696)
	at ptolemy.actor.util.CausalityInterfaceForComposites._computeOutputPortDepth(CausalityInterfaceForComposites.java:765)
	at ptolemy.actor.util.CausalityInterfaceForComposites._computeInputDepth(CausalityInterfaceForComposites.java:696)
	at ptolemy.actor.util.CausalityInterfaceForComposites._computeOutputPortDepth(CausalityInterfaceForComposites.java:765)
	at ptolemy.actor.util.CausalityInterfaceForComposites._computeInputDepth(CausalityInterfaceForComposites.java:696)
	at ptolemy.actor.util.CausalityInterfaceForComposites._computeActorDepth(CausalityInterfaceForComposites.java:532)
	at ptolemy.actor.util.CausalityInterfaceForComposites.checkForCycles(CausalityInterfaceForComposites.java:96)
	at ptolemy.domains.de.kernel.DEDirector.preinitialize(DEDirector.java:1338)
	at ptolemy.actor.CompositeActor.preinitialize(CompositeActor.java:1828)
	at ptolemy.actor.Manager.preinitializeAndResolveTypes(Manager.java:1040)
	at ptolemy.actor.Manager.initialize(Manager.java:710)
	at ptolemy.actor.Manager.execute(Manager.java:356)
	at ptolemy.actor.Manager.run(Manager.java:1263)
	at ptolemy.actor.Manager$PtolemyRunThread.run(Manager.java:1915)

    while executing
ptolemy.kernel.util.IllegalActionException: Found a zero delay loop containing .HierarchicalModel.A
  in .HierarchicalModel and .HierarchicalModel.A
    while executing
"java::new ptolemy.moml.MoMLSimpleApplication $file
"
    (procedure "createAndExecute" line 2)
    invoked from within
"createAndExecute $file"
    ("uplevel" body line 5)
    invoked from within
"uplevel $contents_of_test"
------------------ testing $PTII/ptolemy/domains/de/test/auto/knownFailedTests/DirectFeedback.xml (Known Failure) 
15 ms. Memory: 146944K Free: 142583K (97%)


==== $PTIIhome/travis/build/icyphy/ptII/ptolemy/domains/de/test/../../../../: Auto Automatic test in file $PTII/ptolemy/domains/de/test/auto/knownFailedTests/DirectFeedback.xml
==== Contents of test case:

	    # FIXME: we should use $relativeFilename here, but it
	    # might have backslashes under Windows, which causes no end
	    # of trouble.
	    createAndExecute $file
	    list {}
	
.... Test generated KNOWN error:
    while executing
ptolemy.kernel.util.IllegalActionException: Test fails in iteration 1.
Value was: 1.0. Should have been: 2.0
  in .DirectFeedback.Test
	at ptolemy.actor.lib.Test.fire(Test.java:268)
	at ptolemy.domains.de.kernel.DEDirector._fire(DEDirector.java:1949)
	at ptolemy.domains.de.kernel.DEDirector.fire(DEDirector.java:502)
	at ptolemy.actor.CompositeActor.fire(CompositeActor.java:455)
	at ptolemy.actor.Manager.iterate(Manager.java:851)
	at ptolemy.actor.Manager.execute(Manager.java:369)
	at ptolemy.actor.Manager.run(Manager.java:1263)
	at ptolemy.actor.Manager$PtolemyRunThread.run(Manager.java:1915)

    while executing
ptolemy.kernel.util.IllegalActionException: Test fails in iteration 1.
Value was: 1.0. Should have been: 2.0
  in .DirectFeedback.Test
    while executing
"java::new ptolemy.moml.MoMLSimpleApplication $file
"
    (procedure "createAndExecute" line 2)
    invoked from within
"createAndExecute $file"
    ("uplevel" body line 5)
    invoked from within
"uplevel $contents_of_test"
------------------ testing $PTII/ptolemy/domains/de/test/auto/ActorDepthCalculation_actorWithoutPorts.xml
auto.tcl: Setting watchdog for 200 seconds at Fri Jun 08 23:11:32 UTC 2018
4 ms. Memory: 146944K Free: 133597K (91%)
ptolemy.util.test.WatchDog.cancel(): canceling Fri Jun 08 23:11:32 UTC 2018
auto.tcl: Setting watchdog for 200 seconds at Fri Jun 08 23:11:32 UTC 2018
4 ms. Memory: 146944K Free: 132555K (90%)
ptolemy.util.test.WatchDog.cancel(): canceling Fri Jun 08 23:11:32 UTC 2018
------------------ testing $PTII/ptolemy/domains/de/test/auto/AssemblyLine.xml
auto.tcl: Setting watchdog for 200 seconds at Fri Jun 08 23:11:32 UTC 2018
26 ms. Memory: 208384K Free: 182841K (88%)
ptolemy.util.test.WatchDog.cancel(): canceling Fri Jun 08 23:11:33 UTC 2018
auto.tcl: Setting watchdog for 200 seconds at Fri Jun 08 23:11:33 UTC 2018
11 ms. Memory: 208384K Free: 182841K (88%)
ptolemy.util.test.WatchDog.cancel(): canceling Fri Jun 08 23:11:33 UTC 2018
------------------ testing $PTII/ptolemy/domains/de/test/auto/CQBug1.xml
auto.tcl: Setting watchdog for 200 seconds at Fri Jun 08 23:11:33 UTC 2018
7 ms. Memory: 208384K Free: 197718K (95%)
ptolemy.util.test.WatchDog.cancel(): canceling Fri Jun 08 23:11:33 UTC 2018
auto.tcl: Setting watchdog for 200 seconds at Fri Jun 08 23:11:33 UTC 2018
2 ms. Memory: 208384K Free: 197718K (95%)
ptolemy.util.test.WatchDog.cancel(): canceling Fri Jun 08 23:11:33 UTC 2018
------------------ testing $PTII/ptolemy/domains/de/test/auto/CancelFireAt.xml
auto.tcl: Setting watchdog for 200 seconds at Fri Jun 08 23:11:33 UTC 2018
3 ms. Memory: 208384K Free: 201440K (97%)
ptolemy.util.test.WatchDog.cancel(): canceling Fri Jun 08 23:11:33 UTC 2018
auto.tcl: Setting watchdog for 200 seconds at Fri Jun 08 23:11:33 UTC 2018
6 ms. Memory: 208384K Free: 198999K (95%)
ptolemy.util.test.WatchDog.cancel(): canceling Fri Jun 08 23:11:33 UTC 2018
------------------ testing $PTII/ptolemy/domains/de/test/auto/CausalityAndComposabilityAnalysis.xml
auto.tcl: Setting watchdog for 200 seconds at Fri Jun 08 23:11:33 UTC 2018
8 ms. Memory: 208384K Free: 196496K (94%)
ptolemy.util.test.WatchDog.cancel(): canceling Fri Jun 08 23:11:33 UTC 2018
auto.tcl: Setting watchdog for 200 seconds at Fri Jun 08 23:11:33 UTC 2018
9 ms. Memory: 208384K Free: 196496K (94%)
ptolemy.util.test.WatchDog.cancel(): canceling Fri Jun 08 23:11:33 UTC 2018
------------------ testing $PTII/ptolemy/domains/de/test/auto/CausalityInterface1.xml
auto.tcl: Setting watchdog for 200 seconds at Fri Jun 08 23:11:33 UTC 2018
22 ms. Memory: 208384K Free: 196433K (94%)
ptolemy.util.test.WatchDog.cancel(): canceling Fri Jun 08 23:11:33 UTC 2018
auto.tcl: Setting watchdog for 200 seconds at Fri Jun 08 23:11:33 UTC 2018
4 ms. Memory: 208384K Free: 196433K (94%)
ptolemy.util.test.WatchDog.cancel(): canceling Fri Jun 08 23:11:33 UTC 2018
------------------ testing $PTII/ptolemy/domains/de/test/auto/CausalityInterface15.xml
auto.tcl: Setting watchdog for 200 seconds at Fri Jun 08 23:11:33 UTC 2018
18 ms. Memory: 208384K Free: 196423K (94%)
ptolemy.util.test.WatchDog.cancel(): canceling Fri Jun 08 23:11:33 UTC 2018
auto.tcl: Setting watchdog for 200 seconds at Fri Jun 08 23:11:33 UTC 2018
5 ms. Memory: 208384K Free: 196423K (94%)
ptolemy.util.test.WatchDog.cancel(): canceling Fri Jun 08 23:11:33 UTC 2018
------------------ testing $PTII/ptolemy/domains/de/test/auto/CausalityInterface2.xml
auto.tcl: Setting watchdog for 200 seconds at Fri Jun 08 23:11:33 UTC 2018
7 ms. Memory: 208384K Free: 196407K (94%)
ptolemy.util.test.WatchDog.cancel(): canceling Fri Jun 08 23:11:33 UTC 2018
auto.tcl: Setting watchdog for 200 seconds at Fri Jun 08 23:11:33 UTC 2018
6 ms. Memory: 208384K Free: 196407K (94%)
ptolemy.util.test.WatchDog.cancel(): canceling Fri Jun 08 23:11:33 UTC 2018
------------------ testing $PTII/ptolemy/domains/de/test/auto/CausalityInterface3.xml
auto.tcl: Setting watchdog for 200 seconds at Fri Jun 08 23:11:33 UTC 2018
6 ms. Memory: 208384K Free: 196757K (94%)
ptolemy.util.test.WatchDog.cancel(): canceling Fri Jun 08 23:11:33 UTC 2018
auto.tcl: Setting watchdog for 200 seconds at Fri Jun 08 23:11:33 UTC 2018
7 ms. Memory: 208384K Free: 196420K (94%)
ptolemy.util.test.WatchDog.cancel(): canceling Fri Jun 08 23:11:33 UTC 2018
------------------ testing $PTII/ptolemy/domains/de/test/auto/ClockDrift.xml
auto.tcl: Setting watchdog for 200 seconds at Fri Jun 08 23:11:33 UTC 2018
76 ms. Memory: 208384K Free: 187647K (90%)
ptolemy.util.test.WatchDog.cancel(): canceling Fri Jun 08 23:11:33 UTC 2018
auto.tcl: Setting watchdog for 200 seconds at Fri Jun 08 23:11:33 UTC 2018
50 ms. Memory: 208384K Free: 185545K (89%)
ptolemy.util.test.WatchDog.cancel(): canceling Fri Jun 08 23:11:34 UTC 2018
------------------ testing $PTII/ptolemy/domains/de/test/auto/ClockDriftAndValueChange.xml
auto.tcl: Setting watchdog for 200 seconds at Fri Jun 08 23:11:34 UTC 2018
22 ms. Memory: 208384K Free: 187481K (90%)
ptolemy.util.test.WatchDog.cancel(): canceling Fri Jun 08 23:11:34 UTC 2018
auto.tcl: Setting watchdog for 200 seconds at Fri Jun 08 23:11:34 UTC 2018
26 ms. Memory: 208384K Free: 185379K (89%)
ptolemy.util.test.WatchDog.cancel(): canceling Fri Jun 08 23:11:34 UTC 2018
------------------ testing $PTII/ptolemy/domains/de/test/auto/ClockDriftChange.xml
auto.tcl: Setting watchdog for 200 seconds at Fri Jun 08 23:11:34 UTC 2018
21 ms. Memory: 208384K Free: 190806K (92%)
ptolemy.util.test.WatchDog.cancel(): canceling Fri Jun 08 23:11:34 UTC 2018
auto.tcl: Setting watchdog for 200 seconds at Fri Jun 08 23:11:34 UTC 2018
23 ms. Memory: 208384K Free: 188704K (91%)
ptolemy.util.test.WatchDog.cancel(): canceling Fri Jun 08 23:11:34 UTC 2018
------------------ testing $PTII/ptolemy/domains/de/test/auto/ComposableCausalityAnalysis.xml
auto.tcl: Setting watchdog for 200 seconds at Fri Jun 08 23:11:34 UTC 2018
2 ms. Memory: 208384K Free: 196275K (94%)
ptolemy.util.test.WatchDog.cancel(): canceling Fri Jun 08 23:11:34 UTC 2018
auto.tcl: Setting watchdog for 200 seconds at Fri Jun 08 23:11:34 UTC 2018
1 ms. Memory: 208384K Free: 194174K (93%)
ptolemy.util.test.WatchDog.cancel(): canceling Fri Jun 08 23:11:34 UTC 2018
------------------ testing $PTII/ptolemy/domains/de/test/auto/DEFixedPointLimitation.xml
auto.tcl: Setting watchdog for 200 seconds at Fri Jun 08 23:11:34 UTC 2018
2 ms. Memory: 208384K Free: 196356K (94%)
ptolemy.util.test.WatchDog.cancel(): canceling Fri Jun 08 23:11:34 UTC 2018
auto.tcl: Setting watchdog for 200 seconds at Fri Jun 08 23:11:34 UTC 2018
2 ms. Memory: 208384K Free: 196356K (94%)
ptolemy.util.test.WatchDog.cancel(): canceling Fri Jun 08 23:11:34 UTC 2018
------------------ testing $PTII/ptolemy/domains/de/test/auto/DEScheduleTest.xml
auto.tcl: Setting watchdog for 200 seconds at Fri Jun 08 23:11:34 UTC 2018
3 ms. Memory: 208384K Free: 198493K (95%)
ptolemy.util.test.WatchDog.cancel(): canceling Fri Jun 08 23:11:34 UTC 2018
auto.tcl: Setting watchdog for 200 seconds at Fri Jun 08 23:11:34 UTC 2018
6 ms. Memory: 208384K Free: 196391K (94%)
ptolemy.util.test.WatchDog.cancel(): canceling Fri Jun 08 23:11:34 UTC 2018
------------------ testing $PTII/ptolemy/domains/de/test/auto/DEinDEwithStartTimes.xml
auto.tcl: Setting watchdog for 200 seconds at Fri Jun 08 23:11:34 UTC 2018
6 ms. Memory: 208384K Free: 196361K (94%)
ptolemy.util.test.WatchDog.cancel(): canceling Fri Jun 08 23:11:34 UTC 2018
auto.tcl: Setting watchdog for 200 seconds at Fri Jun 08 23:11:34 UTC 2018
4 ms. Memory: 208384K Free: 194259K (93%)
ptolemy.util.test.WatchDog.cancel(): canceling Fri Jun 08 23:11:34 UTC 2018
------------------ testing $PTII/ptolemy/domains/de/test/auto/DEinDEwithStartTimes2.xml
auto.tcl: Setting watchdog for 200 seconds at Fri Jun 08 23:11:34 UTC 2018
7 ms. Memory: 208384K Free: 196339K (94%)
ptolemy.util.test.WatchDog.cancel(): canceling Fri Jun 08 23:11:34 UTC 2018
auto.tcl: Setting watchdog for 200 seconds at Fri Jun 08 23:11:34 UTC 2018
3 ms. Memory: 208384K Free: 194238K (93%)
ptolemy.util.test.WatchDog.cancel(): canceling Fri Jun 08 23:11:34 UTC 2018
------------------ testing $PTII/ptolemy/domains/de/test/auto/DateDemo.xml
auto.tcl: Setting watchdog for 200 seconds at Fri Jun 08 23:11:34 UTC 2018
11 ms. Memory: 208384K Free: 188772K (91%)
ptolemy.util.test.WatchDog.cancel(): canceling Fri Jun 08 23:11:34 UTC 2018
auto.tcl: Setting watchdog for 200 seconds at Fri Jun 08 23:11:34 UTC 2018
6 ms. Memory: 208384K Free: 186670K (90%)
ptolemy.util.test.WatchDog.cancel(): canceling Fri Jun 08 23:11:34 UTC 2018
------------------ testing $PTII/ptolemy/domains/de/test/auto/DateToEvent.xml
auto.tcl: Setting watchdog for 200 seconds at Fri Jun 08 23:11:34 UTC 2018
2010 ms. Memory: 208384K Free: 183482K (88%)
ptolemy.util.test.WatchDog.cancel(): canceling Fri Jun 08 23:11:37 UTC 2018
auto.tcl: Setting watchdog for 200 seconds at Fri Jun 08 23:11:37 UTC 2018
2006 ms. Memory: 208384K Free: 181024K (87%)
ptolemy.util.test.WatchDog.cancel(): canceling Fri Jun 08 23:11:39 UTC 2018
------------------ testing $PTII/ptolemy/domains/de/test/auto/DepthTest1.xml
auto.tcl: Setting watchdog for 200 seconds at Fri Jun 08 23:11:39 UTC 2018
3 ms. Memory: 208384K Free: 198020K (95%)
ptolemy.util.test.WatchDog.cancel(): canceling Fri Jun 08 23:11:39 UTC 2018
auto.tcl: Setting watchdog for 200 seconds at Fri Jun 08 23:11:39 UTC 2018
1 ms. Memory: 208384K Free: 198020K (95%)
ptolemy.util.test.WatchDog.cancel(): canceling Fri Jun 08 23:11:39 UTC 2018
------------------ testing $PTII/ptolemy/domains/de/test/auto/DepthTest2.xml
auto.tcl: Setting watchdog for 200 seconds at Fri Jun 08 23:11:39 UTC 2018
10 ms. Memory: 208384K Free: 194219K (93%)
ptolemy.util.test.WatchDog.cancel(): canceling Fri Jun 08 23:11:39 UTC 2018
auto.tcl: Setting watchdog for 200 seconds at Fri Jun 08 23:11:39 UTC 2018
7 ms. Memory: 208384K Free: 194219K (93%)
ptolemy.util.test.WatchDog.cancel(): canceling Fri Jun 08 23:11:39 UTC 2018
------------------ testing $PTII/ptolemy/domains/de/test/auto/DepthTest3.xml
auto.tcl: Setting watchdog for 200 seconds at Fri Jun 08 23:11:39 UTC 2018
2 ms. Memory: 208384K Free: 198693K (95%)
ptolemy.util.test.WatchDog.cancel(): canceling Fri Jun 08 23:11:39 UTC 2018
auto.tcl: Setting watchdog for 200 seconds at Fri Jun 08 23:11:39 UTC 2018
2 ms. Memory: 208384K Free: 198693K (95%)
ptolemy.util.test.WatchDog.cancel(): canceling Fri Jun 08 23:11:39 UTC 2018
------------------ testing $PTII/ptolemy/domains/de/test/auto/DepthTest4.xml
auto.tcl: Setting watchdog for 200 seconds at Fri Jun 08 23:11:39 UTC 2018
6 ms. Memory: 208384K Free: 196341K (94%)
ptolemy.util.test.WatchDog.cancel(): canceling Fri Jun 08 23:11:39 UTC 2018
auto.tcl: Setting watchdog for 200 seconds at Fri Jun 08 23:11:39 UTC 2018
2 ms. Memory: 208384K Free: 196341K (94%)
ptolemy.util.test.WatchDog.cancel(): canceling Fri Jun 08 23:11:39 UTC 2018
------------------ testing $PTII/ptolemy/domains/de/test/auto/DepthTest5.xml
auto.tcl: Setting watchdog for 200 seconds at Fri Jun 08 23:11:39 UTC 2018
8 ms. Memory: 208384K Free: 196626K (94%)
ptolemy.util.test.WatchDog.cancel(): canceling Fri Jun 08 23:11:39 UTC 2018
auto.tcl: Setting watchdog for 200 seconds at Fri Jun 08 23:11:39 UTC 2018
3 ms. Memory: 208384K Free: 196626K (94%)
ptolemy.util.test.WatchDog.cancel(): canceling Fri Jun 08 23:11:39 UTC 2018
------------------ testing $PTII/ptolemy/domains/de/test/auto/DepthTest6.xml
auto.tcl: Setting watchdog for 200 seconds at Fri Jun 08 23:11:39 UTC 2018
12 ms. Memory: 208384K Free: 196595K (94%)
ptolemy.util.test.WatchDog.cancel(): canceling Fri Jun 08 23:11:39 UTC 2018
auto.tcl: Setting watchdog for 200 seconds at Fri Jun 08 23:11:39 UTC 2018
3 ms. Memory: 208384K Free: 196595K (94%)
ptolemy.util.test.WatchDog.cancel(): canceling Fri Jun 08 23:11:39 UTC 2018
------------------ testing $PTII/ptolemy/domains/de/test/auto/DepthTest7.xml
auto.tcl: Setting watchdog for 200 seconds at Fri Jun 08 23:11:39 UTC 2018
3 ms. Memory: 208384K Free: 195017K (94%)
ptolemy.util.test.WatchDog.cancel(): canceling Fri Jun 08 23:11:39 UTC 2018
auto.tcl: Setting watchdog for 200 seconds at Fri Jun 08 23:11:39 UTC 2018
3 ms. Memory: 208384K Free: 195017K (94%)
ptolemy.util.test.WatchDog.cancel(): canceling Fri Jun 08 23:11:39 UTC 2018
------------------ testing $PTII/ptolemy/domains/de/test/auto/EventToDate.xml
auto.tcl: Setting watchdog for 200 seconds at Fri Jun 08 23:11:39 UTC 2018
3007 ms. Memory: 208384K Free: 185759K (89%)
ptolemy.util.test.WatchDog.cancel(): canceling Fri Jun 08 23:11:42 UTC 2018
auto.tcl: Setting watchdog for 200 seconds at Fri Jun 08 23:11:42 UTC 2018
3004 ms. Memory: 208384K Free: 185759K (89%)
ptolemy.util.test.WatchDog.cancel(): canceling Fri Jun 08 23:11:45 UTC 2018
------------------ testing $PTII/ptolemy/domains/de/test/auto/FSM1.xml
auto.tcl: Setting watchdog for 200 seconds at Fri Jun 08 23:11:45 UTC 2018
39 ms. Memory: 208384K Free: 187193K (90%)
ptolemy.util.test.WatchDog.cancel(): canceling Fri Jun 08 23:11:45 UTC 2018
auto.tcl: Setting watchdog for 200 seconds at Fri Jun 08 23:11:45 UTC 2018
31 ms. Memory: 208384K Free: 185092K (89%)
ptolemy.util.test.WatchDog.cancel(): canceling Fri Jun 08 23:11:45 UTC 2018
------------------ testing $PTII/ptolemy/domains/de/test/auto/FSM7.xml
auto.tcl: Setting watchdog for 200 seconds at Fri Jun 08 23:11:45 UTC 2018
23 ms. Memory: 208384K Free: 187396K (90%)
ptolemy.util.test.WatchDog.cancel(): canceling Fri Jun 08 23:11:45 UTC 2018
auto.tcl: Setting watchdog for 200 seconds at Fri Jun 08 23:11:45 UTC 2018
20 ms. Memory: 208384K Free: 185295K (89%)
ptolemy.util.test.WatchDog.cancel(): canceling Fri Jun 08 23:11:45 UTC 2018
------------------ testing $PTII/ptolemy/domains/de/test/auto/Inspection.xml
auto.tcl: Setting watchdog for 200 seconds at Fri Jun 08 23:11:45 UTC 2018
37 ms. Memory: 208384K Free: 188946K (91%)
ptolemy.util.test.WatchDog.cancel(): canceling Fri Jun 08 23:11:46 UTC 2018
auto.tcl: Setting watchdog for 200 seconds at Fri Jun 08 23:11:46 UTC 2018
25 ms. Memory: 208384K Free: 186845K (90%)
ptolemy.util.test.WatchDog.cancel(): canceling Fri Jun 08 23:11:46 UTC 2018
------------------ testing $PTII/ptolemy/domains/de/test/auto/Iteration.xml
auto.tcl: Setting watchdog for 200 seconds at Fri Jun 08 23:11:46 UTC 2018
8 ms. Memory: 208384K Free: 194288K (93%)
ptolemy.util.test.WatchDog.cancel(): canceling Fri Jun 08 23:11:46 UTC 2018
auto.tcl: Setting watchdog for 200 seconds at Fri Jun 08 23:11:46 UTC 2018
5 ms. Memory: 208384K Free: 193950K (93%)
ptolemy.util.test.WatchDog.cancel(): canceling Fri Jun 08 23:11:46 UTC 2018
------------------ testing $PTII/ptolemy/domains/de/test/auto/LineFault.xml
auto.tcl: Setting watchdog for 200 seconds at Fri Jun 08 23:11:46 UTC 2018
735 ms. Memory: 208384K Free: 196187K (94%)
ptolemy.util.test.WatchDog.cancel(): canceling Fri Jun 08 23:11:47 UTC 2018
auto.tcl: Setting watchdog for 200 seconds at Fri Jun 08 23:11:47 UTC 2018
544 ms. Memory: 208384K Free: 138811K (67%)
ptolemy.util.test.WatchDog.cancel(): canceling Fri Jun 08 23:11:47 UTC 2018
------------------ testing $PTII/ptolemy/domains/de/test/auto/MergeModel1Add.xml
auto.tcl: Setting watchdog for 200 seconds at Fri Jun 08 23:11:47 UTC 2018
15 ms. Memory: 331264K Free: 302738K (91%)
ptolemy.util.test.WatchDog.cancel(): canceling Fri Jun 08 23:11:47 UTC 2018
auto.tcl: Setting watchdog for 200 seconds at Fri Jun 08 23:11:47 UTC 2018
13 ms. Memory: 331264K Free: 298769K (90%)
ptolemy.util.test.WatchDog.cancel(): canceling Fri Jun 08 23:11:47 UTC 2018
------------------ testing $PTII/ptolemy/domains/de/test/auto/MergeModel2Add.xml
auto.tcl: Setting watchdog for 200 seconds at Fri Jun 08 23:11:48 UTC 2018
11 ms. Memory: 331264K Free: 304085K (92%)
ptolemy.util.test.WatchDog.cancel(): canceling Fri Jun 08 23:11:48 UTC 2018
auto.tcl: Setting watchdog for 200 seconds at Fri Jun 08 23:11:48 UTC 2018
8 ms. Memory: 331264K Free: 300124K (91%)
ptolemy.util.test.WatchDog.cancel(): canceling Fri Jun 08 23:11:48 UTC 2018
------------------ testing $PTII/ptolemy/domains/de/test/auto/MergeModel3Add.xml
auto.tcl: Setting watchdog for 200 seconds at Fri Jun 08 23:11:48 UTC 2018
10 ms. Memory: 331264K Free: 304079K (92%)
ptolemy.util.test.WatchDog.cancel(): canceling Fri Jun 08 23:11:48 UTC 2018
auto.tcl: Setting watchdog for 200 seconds at Fri Jun 08 23:11:48 UTC 2018
10 ms. Memory: 331264K Free: 300110K (91%)
ptolemy.util.test.WatchDog.cancel(): canceling Fri Jun 08 23:11:48 UTC 2018
------------------ testing $PTII/ptolemy/domains/de/test/auto/MergeWithoutDiscard.xml
auto.tcl: Setting watchdog for 200 seconds at Fri Jun 08 23:11:48 UTC 2018
2 ms. Memory: 331264K Free: 320225K (97%)
ptolemy.util.test.WatchDog.cancel(): canceling Fri Jun 08 23:11:48 UTC 2018
auto.tcl: Setting watchdog for 200 seconds at Fri Jun 08 23:11:48 UTC 2018
1 ms. Memory: 331264K Free: 315977K (95%)
ptolemy.util.test.WatchDog.cancel(): canceling Fri Jun 08 23:11:48 UTC 2018
------------------ testing $PTII/ptolemy/domains/de/test/auto/Modal1.xml
auto.tcl: Setting watchdog for 200 seconds at Fri Jun 08 23:11:48 UTC 2018
18 ms. Memory: 331264K Free: 309854K (94%)
ptolemy.util.test.WatchDog.cancel(): canceling Fri Jun 08 23:11:48 UTC 2018
auto.tcl: Setting watchdog for 200 seconds at Fri Jun 08 23:11:48 UTC 2018
23 ms. Memory: 331264K Free: 305893K (92%)
ptolemy.util.test.WatchDog.cancel(): canceling Fri Jun 08 23:11:48 UTC 2018
------------------ testing $PTII/ptolemy/domains/de/test/auto/Modal2.xml
auto.tcl: Setting watchdog for 200 seconds at Fri Jun 08 23:11:48 UTC 2018
17 ms. Memory: 331264K Free: 309729K (93%)
ptolemy.util.test.WatchDog.cancel(): canceling Fri Jun 08 23:11:48 UTC 2018
auto.tcl: Setting watchdog for 200 seconds at Fri Jun 08 23:11:48 UTC 2018
17 ms. Memory: 331264K Free: 305767K (92%)
ptolemy.util.test.WatchDog.cancel(): canceling Fri Jun 08 23:11:48 UTC 2018
------------------ testing $PTII/ptolemy/domains/de/test/auto/Modal3.xml
auto.tcl: Setting watchdog for 200 seconds at Fri Jun 08 23:11:48 UTC 2018
14 ms. Memory: 331264K Free: 310012K (94%)
ptolemy.util.test.WatchDog.cancel(): canceling Fri Jun 08 23:11:48 UTC 2018
auto.tcl: Setting watchdog for 200 seconds at Fri Jun 08 23:11:48 UTC 2018
14 ms. Memory: 331264K Free: 305757K (92%)
ptolemy.util.test.WatchDog.cancel(): canceling Fri Jun 08 23:11:48 UTC 2018
------------------ testing $PTII/ptolemy/domains/de/test/auto/Modal4.xml
auto.tcl: Setting watchdog for 200 seconds at Fri Jun 08 23:11:48 UTC 2018
25 ms. Memory: 331264K Free: 309724K (93%)
ptolemy.util.test.WatchDog.cancel(): canceling Fri Jun 08 23:11:48 UTC 2018
auto.tcl: Setting watchdog for 200 seconds at Fri Jun 08 23:11:48 UTC 2018
22 ms. Memory: 331264K Free: 305754K (92%)
ptolemy.util.test.WatchDog.cancel(): canceling Fri Jun 08 23:11:48 UTC 2018
------------------ testing $PTII/ptolemy/domains/de/test/auto/Modal5.xml
auto.tcl: Setting watchdog for 200 seconds at Fri Jun 08 23:11:48 UTC 2018
13 ms. Memory: 331264K Free: 309712K (93%)
ptolemy.util.test.WatchDog.cancel(): canceling Fri Jun 08 23:11:48 UTC 2018
auto.tcl: Setting watchdog for 200 seconds at Fri Jun 08 23:11:48 UTC 2018
13 ms. Memory: 331264K Free: 305750K (92%)
ptolemy.util.test.WatchDog.cancel(): canceling Fri Jun 08 23:11:48 UTC 2018
------------------ testing $PTII/ptolemy/domains/de/test/auto/Modal6.xml
auto.tcl: Setting watchdog for 200 seconds at Fri Jun 08 23:11:48 UTC 2018
11 ms. Memory: 331264K Free: 309709K (93%)
ptolemy.util.test.WatchDog.cancel(): canceling Fri Jun 08 23:11:49 UTC 2018
auto.tcl: Setting watchdog for 200 seconds at Fri Jun 08 23:11:49 UTC 2018
12 ms. Memory: 331264K Free: 305747K (92%)
ptolemy.util.test.WatchDog.cancel(): canceling Fri Jun 08 23:11:49 UTC 2018
------------------ testing $PTII/ptolemy/domains/de/test/auto/Modal7.xml
auto.tcl: Setting watchdog for 200 seconds at Fri Jun 08 23:11:49 UTC 2018
10 ms. Memory: 331264K Free: 304778K (92%)
ptolemy.util.test.WatchDog.cancel(): canceling Fri Jun 08 23:11:49 UTC 2018
auto.tcl: Setting watchdog for 200 seconds at Fri Jun 08 23:11:49 UTC 2018
10 ms. Memory: 331264K Free: 300816K (91%)
ptolemy.util.test.WatchDog.cancel(): canceling Fri Jun 08 23:11:49 UTC 2018
------------------ testing $PTII/ptolemy/domains/de/test/auto/ModalModel.xml
auto.tcl: Setting watchdog for 200 seconds at Fri Jun 08 23:11:49 UTC 2018
213 ms. Memory: 331264K Free: 248447K (75%)
ptolemy.util.test.WatchDog.cancel(): canceling Fri Jun 08 23:11:49 UTC 2018
auto.tcl: Setting watchdog for 200 seconds at Fri Jun 08 23:11:49 UTC 2018
175 ms. Memory: 331264K Free: 192904K (58%)
ptolemy.util.test.WatchDog.cancel(): canceling Fri Jun 08 23:11:49 UTC 2018
------------------ testing $PTII/ptolemy/domains/de/test/auto/ModalSource.xml
auto.tcl: Setting watchdog for 200 seconds at Fri Jun 08 23:11:49 UTC 2018
13 ms. Memory: 331264K Free: 316498K (96%)
ptolemy.util.test.WatchDog.cancel(): canceling Fri Jun 08 23:11:49 UTC 2018
auto.tcl: Setting watchdog for 200 seconds at Fri Jun 08 23:11:49 UTC 2018
5 ms. Memory: 331264K Free: 312955K (94%)
ptolemy.util.test.WatchDog.cancel(): canceling Fri Jun 08 23:11:49 UTC 2018
------------------ testing $PTII/ptolemy/domains/de/test/auto/NonInterruptibleTimerZeroDelay.xml
auto.tcl: Setting watchdog for 200 seconds at Fri Jun 08 23:11:49 UTC 2018
4 ms. Memory: 331264K Free: 320879K (97%)
ptolemy.util.test.WatchDog.cancel(): canceling Fri Jun 08 23:11:49 UTC 2018
auto.tcl: Setting watchdog for 200 seconds at Fri Jun 08 23:11:49 UTC 2018
2 ms. Memory: 331264K Free: 317320K (96%)
ptolemy.util.test.WatchDog.cancel(): canceling Fri Jun 08 23:11:49 UTC 2018
------------------ testing $PTII/ptolemy/domains/de/test/auto/OpenQueueingNetwork.xml
auto.tcl: Setting watchdog for 200 seconds at Fri Jun 08 23:11:49 UTC 2018
2593 ms. Memory: 573952K Free: 399072K (70%)
ptolemy.util.test.WatchDog.cancel(): canceling Fri Jun 08 23:11:52 UTC 2018
auto.tcl: Setting watchdog for 200 seconds at Fri Jun 08 23:11:52 UTC 2018
2365 ms. Memory: 550912K Free: 298930K (54%)
ptolemy.util.test.WatchDog.cancel(): canceling Fri Jun 08 23:11:54 UTC 2018
------------------ testing $PTII/ptolemy/domains/de/test/auto/OpenQueuingNetwork.xml
auto.tcl: Setting watchdog for 200 seconds at Fri Jun 08 23:11:55 UTC 2018
226 ms. Memory: 549888K Free: 444899K (81%)
ptolemy.util.test.WatchDog.cancel(): canceling Fri Jun 08 23:11:55 UTC 2018
auto.tcl: Setting watchdog for 200 seconds at Fri Jun 08 23:11:55 UTC 2018
211 ms. Memory: 549888K Free: 384805K (70%)
ptolemy.util.test.WatchDog.cancel(): canceling Fri Jun 08 23:11:55 UTC 2018
------------------ testing $PTII/ptolemy/domains/de/test/auto/PeriodicSampler.xml
auto.tcl: Setting watchdog for 200 seconds at Fri Jun 08 23:11:55 UTC 2018
2 ms. Memory: 551936K Free: 530673K (96%)
ptolemy.util.test.WatchDog.cancel(): canceling Fri Jun 08 23:11:55 UTC 2018
auto.tcl: Setting watchdog for 200 seconds at Fri Jun 08 23:11:55 UTC 2018
1 ms. Memory: 551936K Free: 530673K (96%)
ptolemy.util.test.WatchDog.cancel(): canceling Fri Jun 08 23:11:55 UTC 2018
------------------ testing $PTII/ptolemy/domains/de/test/auto/PersistentIO.xml
auto.tcl: Setting watchdog for 200 seconds at Fri Jun 08 23:11:55 UTC 2018
17 ms. Memory: 549376K Free: 522249K (95%)
ptolemy.util.test.WatchDog.cancel(): canceling Fri Jun 08 23:11:55 UTC 2018
auto.tcl: Setting watchdog for 200 seconds at Fri Jun 08 23:11:55 UTC 2018
4 ms. Memory: 549376K Free: 522249K (95%)
ptolemy.util.test.WatchDog.cancel(): canceling Fri Jun 08 23:11:55 UTC 2018
------------------ testing $PTII/ptolemy/domains/de/test/auto/PortParameterResetOnInitialize.xml
auto.tcl: Setting watchdog for 200 seconds at Fri Jun 08 23:11:55 UTC 2018
2 ms. Memory: 551424K Free: 530622K (96%)
ptolemy.util.test.WatchDog.cancel(): canceling Fri Jun 08 23:11:55 UTC 2018
auto.tcl: Setting watchdog for 200 seconds at Fri Jun 08 23:11:55 UTC 2018
2 ms. Memory: 551424K Free: 530622K (96%)
ptolemy.util.test.WatchDog.cancel(): canceling Fri Jun 08 23:11:55 UTC 2018
------------------ testing $PTII/ptolemy/domains/de/test/auto/PortParameterUpdates.xml
auto.tcl: Setting watchdog for 200 seconds at Fri Jun 08 23:11:55 UTC 2018
9 ms. Memory: 549376K Free: 533617K (97%)
ptolemy.util.test.WatchDog.cancel(): canceling Fri Jun 08 23:11:55 UTC 2018
auto.tcl: Setting watchdog for 200 seconds at Fri Jun 08 23:11:55 UTC 2018
4 ms. Memory: 549376K Free: 526940K (96%)
ptolemy.util.test.WatchDog.cancel(): canceling Fri Jun 08 23:11:55 UTC 2018
------------------ testing $PTII/ptolemy/domains/de/test/auto/QueueAndServer.xml
auto.tcl: Setting watchdog for 200 seconds at Fri Jun 08 23:11:55 UTC 2018
10 ms. Memory: 551424K Free: 535397K (97%)
ptolemy.util.test.WatchDog.cancel(): canceling Fri Jun 08 23:11:55 UTC 2018
auto.tcl: Setting watchdog for 200 seconds at Fri Jun 08 23:11:55 UTC 2018
6 ms. Memory: 551424K Free: 528720K (96%)
ptolemy.util.test.WatchDog.cancel(): canceling Fri Jun 08 23:11:55 UTC 2018
------------------ testing $PTII/ptolemy/domains/de/test/auto/Records.xml
auto.tcl: Setting watchdog for 200 seconds at Fri Jun 08 23:11:56 UTC 2018
2 ms. Memory: 549376K Free: 533292K (97%)
ptolemy.util.test.WatchDog.cancel(): canceling Fri Jun 08 23:11:56 UTC 2018
auto.tcl: Setting watchdog for 200 seconds at Fri Jun 08 23:11:56 UTC 2018
1 ms. Memory: 549376K Free: 533292K (97%)
ptolemy.util.test.WatchDog.cancel(): canceling Fri Jun 08 23:11:56 UTC 2018
------------------ testing $PTII/ptolemy/domains/de/test/auto/ResetTransitionWithStartTime1.xml
auto.tcl: Setting watchdog for 200 seconds at Fri Jun 08 23:11:56 UTC 2018
6 ms. Memory: 551424K Free: 528672K (96%)
ptolemy.util.test.WatchDog.cancel(): canceling Fri Jun 08 23:11:56 UTC 2018
auto.tcl: Setting watchdog for 200 seconds at Fri Jun 08 23:11:56 UTC 2018
4 ms. Memory: 551424K Free: 528672K (96%)
ptolemy.util.test.WatchDog.cancel(): canceling Fri Jun 08 23:11:56 UTC 2018
------------------ testing $PTII/ptolemy/domains/de/test/auto/ResetTransitionWithStartTime2.xml
auto.tcl: Setting watchdog for 200 seconds at Fri Jun 08 23:11:56 UTC 2018
6 ms. Memory: 549376K Free: 526845K (96%)
ptolemy.util.test.WatchDog.cancel(): canceling Fri Jun 08 23:11:56 UTC 2018
auto.tcl: Setting watchdog for 200 seconds at Fri Jun 08 23:11:56 UTC 2018
6 ms. Memory: 549376K Free: 526845K (96%)
ptolemy.util.test.WatchDog.cancel(): canceling Fri Jun 08 23:11:56 UTC 2018
------------------ testing $PTII/ptolemy/domains/de/test/auto/ResetTransitionWithStartTime3.xml
auto.tcl: Setting watchdog for 200 seconds at Fri Jun 08 23:11:56 UTC 2018
9 ms. Memory: 550912K Free: 528150K (96%)
ptolemy.util.test.WatchDog.cancel(): canceling Fri Jun 08 23:11:56 UTC 2018
auto.tcl: Setting watchdog for 200 seconds at Fri Jun 08 23:11:56 UTC 2018
9 ms. Memory: 550912K Free: 528150K (96%)
ptolemy.util.test.WatchDog.cancel(): canceling Fri Jun 08 23:11:56 UTC 2018
------------------ testing $PTII/ptolemy/domains/de/test/auto/ResetTransitionWithStartTime4.xml
auto.tcl: Setting watchdog for 200 seconds at Fri Jun 08 23:11:56 UTC 2018
4 ms. Memory: 549376K Free: 526612K (96%)
ptolemy.util.test.WatchDog.cancel(): canceling Fri Jun 08 23:11:56 UTC 2018
auto.tcl: Setting watchdog for 200 seconds at Fri Jun 08 23:11:56 UTC 2018
4 ms. Memory: 549376K Free: 526612K (96%)
ptolemy.util.test.WatchDog.cancel(): canceling Fri Jun 08 23:11:56 UTC 2018
------------------ testing $PTII/ptolemy/domains/de/test/auto/ResettableTimer1.xml
auto.tcl: Setting watchdog for 200 seconds at Fri Jun 08 23:11:56 UTC 2018
4 ms. Memory: 550912K Free: 534836K (97%)
ptolemy.util.test.WatchDog.cancel(): canceling Fri Jun 08 23:11:56 UTC 2018
auto.tcl: Setting watchdog for 200 seconds at Fri Jun 08 23:11:56 UTC 2018
2 ms. Memory: 550912K Free: 534836K (97%)
ptolemy.util.test.WatchDog.cancel(): canceling Fri Jun 08 23:11:56 UTC 2018
------------------ testing $PTII/ptolemy/domains/de/test/auto/ResettableTimer2.xml
auto.tcl: Setting watchdog for 200 seconds at Fri Jun 08 23:11:56 UTC 2018
7 ms. Memory: 549376K Free: 533588K (97%)
ptolemy.util.test.WatchDog.cancel(): canceling Fri Jun 08 23:11:56 UTC 2018
auto.tcl: Setting watchdog for 200 seconds at Fri Jun 08 23:11:56 UTC 2018
2 ms. Memory: 549376K Free: 533588K (97%)
ptolemy.util.test.WatchDog.cancel(): canceling Fri Jun 08 23:11:56 UTC 2018
------------------ testing $PTII/ptolemy/domains/de/test/auto/ResettableTimer3.xml
auto.tcl: Setting watchdog for 200 seconds at Fri Jun 08 23:11:56 UTC 2018
1 ms. Memory: 550912K Free: 534894K (97%)
ptolemy.util.test.WatchDog.cancel(): canceling Fri Jun 08 23:11:56 UTC 2018
auto.tcl: Setting watchdog for 200 seconds at Fri Jun 08 23:11:56 UTC 2018
1 ms. Memory: 550912K Free: 534894K (97%)
ptolemy.util.test.WatchDog.cancel(): canceling Fri Jun 08 23:11:56 UTC 2018
------------------ testing $PTII/ptolemy/domains/de/test/auto/ResettableTimer4.xml
auto.tcl: Setting watchdog for 200 seconds at Fri Jun 08 23:11:56 UTC 2018
2 ms. Memory: 549376K Free: 533601K (97%)
ptolemy.util.test.WatchDog.cancel(): canceling Fri Jun 08 23:11:56 UTC 2018
auto.tcl: Setting watchdog for 200 seconds at Fri Jun 08 23:11:56 UTC 2018
1 ms. Memory: 549376K Free: 533601K (97%)
ptolemy.util.test.WatchDog.cancel(): canceling Fri Jun 08 23:11:56 UTC 2018
------------------ testing $PTII/ptolemy/domains/de/test/auto/ResettableTimer5.xml
auto.tcl: Setting watchdog for 200 seconds at Fri Jun 08 23:11:56 UTC 2018
2 ms. Memory: 550400K Free: 529943K (96%)
ptolemy.util.test.WatchDog.cancel(): canceling Fri Jun 08 23:11:56 UTC 2018
auto.tcl: Setting watchdog for 200 seconds at Fri Jun 08 23:11:56 UTC 2018
1 ms. Memory: 550400K Free: 529943K (96%)
ptolemy.util.test.WatchDog.cancel(): canceling Fri Jun 08 23:11:56 UTC 2018
------------------ testing $PTII/ptolemy/domains/de/test/auto/ResettableTimer6.xml
auto.tcl: Setting watchdog for 200 seconds at Fri Jun 08 23:11:56 UTC 2018
2 ms. Memory: 549376K Free: 528639K (96%)
ptolemy.util.test.WatchDog.cancel(): canceling Fri Jun 08 23:11:56 UTC 2018
auto.tcl: Setting watchdog for 200 seconds at Fri Jun 08 23:11:56 UTC 2018
1 ms. Memory: 549376K Free: 528639K (96%)
ptolemy.util.test.WatchDog.cancel(): canceling Fri Jun 08 23:11:56 UTC 2018
------------------ testing $PTII/ptolemy/domains/de/test/auto/ServerZeroDelay.xml
auto.tcl: Setting watchdog for 200 seconds at Fri Jun 08 23:11:56 UTC 2018
5 ms. Memory: 550400K Free: 534563K (97%)
ptolemy.util.test.WatchDog.cancel(): canceling Fri Jun 08 23:11:56 UTC 2018
auto.tcl: Setting watchdog for 200 seconds at Fri Jun 08 23:11:56 UTC 2018
2 ms. Memory: 550400K Free: 534563K (97%)
ptolemy.util.test.WatchDog.cancel(): canceling Fri Jun 08 23:11:56 UTC 2018
------------------ testing $PTII/ptolemy/domains/de/test/auto/SmartSender.xml
auto.tcl: Setting watchdog for 200 seconds at Fri Jun 08 23:11:56 UTC 2018
3001 ms. Memory: 549376K Free: 528855K (96%)
ptolemy.util.test.WatchDog.cancel(): canceling Fri Jun 08 23:11:59 UTC 2018
auto.tcl: Setting watchdog for 200 seconds at Fri Jun 08 23:11:59 UTC 2018
3002 ms. Memory: 549376K Free: 528855K (96%)
ptolemy.util.test.WatchDog.cancel(): canceling Fri Jun 08 23:12:02 UTC 2018
------------------ testing $PTII/ptolemy/domains/de/test/auto/ThreadedComposite.xml
auto.tcl: Setting watchdog for 200 seconds at Fri Jun 08 23:12:02 UTC 2018
224 ms. Memory: 550400K Free: 513626K (93%)
ptolemy.util.test.WatchDog.cancel(): canceling Fri Jun 08 23:12:03 UTC 2018
auto.tcl: Setting watchdog for 200 seconds at Fri Jun 08 23:12:03 UTC 2018
216 ms. Memory: 550400K Free: 488222K (89%)
ptolemy.util.test.WatchDog.cancel(): canceling Fri Jun 08 23:12:03 UTC 2018
------------------ testing $PTII/ptolemy/domains/de/test/auto/Time.xml
auto.tcl: Setting watchdog for 200 seconds at Fri Jun 08 23:12:03 UTC 2018
486 ms. Memory: 549376K Free: 481553K (88%)
ptolemy.util.test.WatchDog.cancel(): canceling Fri Jun 08 23:12:03 UTC 2018
auto.tcl: Setting watchdog for 200 seconds at Fri Jun 08 23:12:03 UTC 2018
426 ms. Memory: 549376K Free: 428136K (78%)
ptolemy.util.test.WatchDog.cancel(): canceling Fri Jun 08 23:12:04 UTC 2018
------------------ testing $PTII/ptolemy/domains/de/test/auto/TimeDelayZeroDelay.xml
auto.tcl: Setting watchdog for 200 seconds at Fri Jun 08 23:12:04 UTC 2018
2 ms. Memory: 550400K Free: 534251K (97%)
ptolemy.util.test.WatchDog.cancel(): canceling Fri Jun 08 23:12:04 UTC 2018
auto.tcl: Setting watchdog for 200 seconds at Fri Jun 08 23:12:04 UTC 2018
2 ms. Memory: 550400K Free: 534251K (97%)
ptolemy.util.test.WatchDog.cancel(): canceling Fri Jun 08 23:12:04 UTC 2018
------------------ testing $PTII/ptolemy/domains/de/test/auto/TimerZeroDelay.xml
auto.tcl: Setting watchdog for 200 seconds at Fri Jun 08 23:12:04 UTC 2018
2 ms. Memory: 549376K Free: 533500K (97%)
ptolemy.util.test.WatchDog.cancel(): canceling Fri Jun 08 23:12:04 UTC 2018
auto.tcl: Setting watchdog for 200 seconds at Fri Jun 08 23:12:04 UTC 2018
4 ms. Memory: 549376K Free: 533500K (97%)
ptolemy.util.test.WatchDog.cancel(): canceling Fri Jun 08 23:12:04 UTC 2018
------------------ testing $PTII/ptolemy/domains/de/test/auto/TimingParadox.xml
auto.tcl: Setting watchdog for 200 seconds at Fri Jun 08 23:12:04 UTC 2018
290 ms. Memory: 549888K Free: 467599K (85%)
ptolemy.util.test.WatchDog.cancel(): canceling Fri Jun 08 23:12:04 UTC 2018
auto.tcl: Setting watchdog for 200 seconds at Fri Jun 08 23:12:04 UTC 2018
286 ms. Memory: 549888K Free: 434214K (79%)
ptolemy.util.test.WatchDog.cancel(): canceling Fri Jun 08 23:12:05 UTC 2018
------------------ testing $PTII/ptolemy/domains/de/test/auto/TransferInputs.xml
auto.tcl: Setting watchdog for 200 seconds at Fri Jun 08 23:12:05 UTC 2018
2 ms. Memory: 549888K Free: 532917K (97%)
ptolemy.util.test.WatchDog.cancel(): canceling Fri Jun 08 23:12:05 UTC 2018
auto.tcl: Setting watchdog for 200 seconds at Fri Jun 08 23:12:05 UTC 2018
2 ms. Memory: 549888K Free: 532917K (97%)
ptolemy.util.test.WatchDog.cancel(): canceling Fri Jun 08 23:12:05 UTC 2018
------------------ testing $PTII/ptolemy/domains/de/test/auto/TransferOutputs2.xml
auto.tcl: Setting watchdog for 200 seconds at Fri Jun 08 23:12:05 UTC 2018
6 ms. Memory: 549376K Free: 522134K (95%)
ptolemy.util.test.WatchDog.cancel(): canceling Fri Jun 08 23:12:05 UTC 2018
auto.tcl: Setting watchdog for 200 seconds at Fri Jun 08 23:12:05 UTC 2018
3 ms. Memory: 549376K Free: 522134K (95%)
ptolemy.util.test.WatchDog.cancel(): canceling Fri Jun 08 23:12:05 UTC 2018
------------------ testing $PTII/ptolemy/domains/de/test/auto/Trilateration.xml
auto.tcl: Setting watchdog for 200 seconds at Fri Jun 08 23:12:05 UTC 2018
13138 ms. Memory: 453632K Free: 146320K (32%)
ptolemy.util.test.WatchDog.cancel(): canceling Fri Jun 08 23:12:19 UTC 2018
auto.tcl: Setting watchdog for 200 seconds at Fri Jun 08 23:12:19 UTC 2018
10516 ms. Memory: 331264K Free: 270082K (82%)
ptolemy.util.test.WatchDog.cancel(): canceling Fri Jun 08 23:12:30 UTC 2018
------------------ testing $PTII/ptolemy/domains/de/test/auto/TwoSigmaDelta.xml
auto.tcl: Setting watchdog for 200 seconds at Fri Jun 08 23:12:30 UTC 2018
2617 ms. Memory: 320000K Free: 262331K (82%)
ptolemy.util.test.WatchDog.cancel(): canceling Fri Jun 08 23:12:32 UTC 2018
auto.tcl: Setting watchdog for 200 seconds at Fri Jun 08 23:12:32 UTC 2018
1962 ms. Memory: 307712K Free: 251075K (82%)
ptolemy.util.test.WatchDog.cancel(): canceling Fri Jun 08 23:12:34 UTC 2018
------------------ testing $PTII/ptolemy/domains/de/test/auto/VariableDelay.xml
auto.tcl: Setting watchdog for 200 seconds at Fri Jun 08 23:12:34 UTC 2018
1 ms. Memory: 309760K Free: 293580K (95%)
ptolemy.util.test.WatchDog.cancel(): canceling Fri Jun 08 23:12:34 UTC 2018
auto.tcl: Setting watchdog for 200 seconds at Fri Jun 08 23:12:34 UTC 2018
1 ms. Memory: 309760K Free: 293580K (95%)
ptolemy.util.test.WatchDog.cancel(): canceling Fri Jun 08 23:12:34 UTC 2018
------------------ testing $PTII/ptolemy/domains/de/test/auto/VariableDelay2.xml
auto.tcl: Setting watchdog for 200 seconds at Fri Jun 08 23:12:35 UTC 2018
2 ms. Memory: 307712K Free: 294202K (96%)
ptolemy.util.test.WatchDog.cancel(): canceling Fri Jun 08 23:12:35 UTC 2018
auto.tcl: Setting watchdog for 200 seconds at Fri Jun 08 23:12:35 UTC 2018
1 ms. Memory: 307712K Free: 294202K (96%)
ptolemy.util.test.WatchDog.cancel(): canceling Fri Jun 08 23:12:35 UTC 2018
------------------ testing $PTII/ptolemy/domains/de/test/auto/VariableDelayZeroDelay.xml
auto.tcl: Setting watchdog for 200 seconds at Fri Jun 08 23:12:35 UTC 2018
2 ms. Memory: 309248K Free: 296772K (96%)
ptolemy.util.test.WatchDog.cancel(): canceling Fri Jun 08 23:12:35 UTC 2018
auto.tcl: Setting watchdog for 200 seconds at Fri Jun 08 23:12:35 UTC 2018
1 ms. Memory: 309248K Free: 293466K (95%)
ptolemy.util.test.WatchDog.cancel(): canceling Fri Jun 08 23:12:35 UTC 2018
------------------ testing $PTII/ptolemy/domains/de/test/auto/VariableDelayZeroDelay2.xml
auto.tcl: Setting watchdog for 200 seconds at Fri Jun 08 23:12:35 UTC 2018
2 ms. Memory: 307712K Free: 291929K (95%)
ptolemy.util.test.WatchDog.cancel(): canceling Fri Jun 08 23:12:35 UTC 2018
auto.tcl: Setting watchdog for 200 seconds at Fri Jun 08 23:12:35 UTC 2018
2 ms. Memory: 307712K Free: 291929K (95%)
ptolemy.util.test.WatchDog.cancel(): canceling Fri Jun 08 23:12:35 UTC 2018
------------------ testing $PTII/ptolemy/domains/de/test/auto/deInCt.xml
auto.tcl: Setting watchdog for 200 seconds at Fri Jun 08 23:12:35 UTC 2018
0
1
1
1
0
0
1
1
1
0
0
0
0
0
0
0
1
1
1
0
0
0
0
1
1
1
1
1
0
0
0
0
10 ms. Memory: 309248K Free: 293478K (95%)
ptolemy.util.test.WatchDog.cancel(): canceling Fri Jun 08 23:12:35 UTC 2018
auto.tcl: Setting watchdog for 200 seconds at Fri Jun 08 23:12:35 UTC 2018
0
1
1
1
1
0
0
0
1
1
0
0
0
1
1
1
1
0
0
0
0
1
1
1
1
1
0
0
0
1
1
0
0
0
1
1
1
0
0
0
6 ms. Memory: 309248K Free: 293478K (95%)
ptolemy.util.test.WatchDog.cancel(): canceling Fri Jun 08 23:12:35 UTC 2018
------------------ testing $PTII/ptolemy/domains/de/test/auto/deInCt2.xml
auto.tcl: Setting watchdog for 200 seconds at Fri Jun 08 23:12:35 UTC 2018
0
1
1
1
0
0
1
1
1
0
0
1
1
1
0
0
1
1
1
0
0
1
1
1
0
0
1
1
1
0
0
1
1
1
0
0
1
1
1
0
0
0
5 ms. Memory: 307712K Free: 291942K (95%)
ptolemy.util.test.WatchDog.cancel(): canceling Fri Jun 08 23:12:35 UTC 2018
auto.tcl: Setting watchdog for 200 seconds at Fri Jun 08 23:12:35 UTC 2018
0
1
1
1
0
0
1
1
1
0
0
1
1
1
0
0
1
1
1
0
0
1
1
1
0
0
1
1
1
0
0
1
1
1
0
0
1
1
1
0
0
0
5 ms. Memory: 307712K Free: 291942K (95%)
ptolemy.util.test.WatchDog.cancel(): canceling Fri Jun 08 23:12:35 UTC 2018
------------------ testing $PTII/ptolemy/domains/de/test/auto/dynamicCausalityInterface1.xml
auto.tcl: Setting watchdog for 200 seconds at Fri Jun 08 23:12:35 UTC 2018
2 ms. Memory: 308736K Free: 289671K (94%)
ptolemy.util.test.WatchDog.cancel(): canceling Fri Jun 08 23:12:35 UTC 2018
auto.tcl: Setting watchdog for 200 seconds at Fri Jun 08 23:12:35 UTC 2018
1 ms. Memory: 308736K Free: 286364K (93%)
ptolemy.util.test.WatchDog.cancel(): canceling Fri Jun 08 23:12:35 UTC 2018
------------------ testing $PTII/ptolemy/domains/de/test/auto/fsm_de_test.xml
auto.tcl: Setting watchdog for 200 seconds at Fri Jun 08 23:12:35 UTC 2018
10 ms. Memory: 307712K Free: 288541K (94%)
ptolemy.util.test.WatchDog.cancel(): canceling Fri Jun 08 23:12:35 UTC 2018
auto.tcl: Setting watchdog for 200 seconds at Fri Jun 08 23:12:35 UTC 2018
5 ms. Memory: 307712K Free: 285235K (93%)
ptolemy.util.test.WatchDog.cancel(): canceling Fri Jun 08 23:12:35 UTC 2018
------------------ testing $PTII/ptolemy/domains/de/test/auto/functionDependencyReconstruction.xml
auto.tcl: Setting watchdog for 200 seconds at Fri Jun 08 23:12:35 UTC 2018
2 ms. Memory: 308736K Free: 282952K (92%)
ptolemy.util.test.WatchDog.cancel(): canceling Fri Jun 08 23:12:35 UTC 2018
auto.tcl: Setting watchdog for 200 seconds at Fri Jun 08 23:12:35 UTC 2018
3 ms. Memory: 308736K Free: 279662K (91%)
ptolemy.util.test.WatchDog.cancel(): canceling Fri Jun 08 23:12:35 UTC 2018
------------------ testing $PTII/ptolemy/domains/de/test/auto/multirate.xml
auto.tcl: Setting watchdog for 200 seconds at Fri Jun 08 23:12:35 UTC 2018
3 ms. Memory: 307712K Free: 291691K (95%)
ptolemy.util.test.WatchDog.cancel(): canceling Fri Jun 08 23:12:35 UTC 2018
auto.tcl: Setting watchdog for 200 seconds at Fri Jun 08 23:12:35 UTC 2018
3 ms. Memory: 307712K Free: 288376K (94%)
ptolemy.util.test.WatchDog.cancel(): canceling Fri Jun 08 23:12:35 UTC 2018
------------------ testing $PTII/ptolemy/domains/de/test/auto/multirate2.xml
auto.tcl: Setting watchdog for 200 seconds at Fri Jun 08 23:12:35 UTC 2018
3 ms. Memory: 308736K Free: 292895K (95%)
ptolemy.util.test.WatchDog.cancel(): canceling Fri Jun 08 23:12:35 UTC 2018
auto.tcl: Setting watchdog for 200 seconds at Fri Jun 08 23:12:35 UTC 2018
2 ms. Memory: 308736K Free: 289589K (94%)
ptolemy.util.test.WatchDog.cancel(): canceling Fri Jun 08 23:12:35 UTC 2018
------------------ testing $PTII/ptolemy/domains/de/test/auto/realtime.xml
auto.tcl: Setting watchdog for 200 seconds at Fri Jun 08 23:12:35 UTC 2018
10002 ms. Memory: 307712K Free: 291862K (95%)
ptolemy.util.test.WatchDog.cancel(): canceling Fri Jun 08 23:12:45 UTC 2018
auto.tcl: Setting watchdog for 200 seconds at Fri Jun 08 23:12:45 UTC 2018
10002 ms. Memory: 307712K Free: 291862K (95%)
ptolemy.util.test.WatchDog.cancel(): canceling Fri Jun 08 23:12:55 UTC 2018
------------------ testing $PTII/ptolemy/domains/de/test/auto/relationGroup.xml
auto.tcl: Setting watchdog for 200 seconds at Fri Jun 08 23:12:55 UTC 2018
2 ms. Memory: 308224K Free: 297977K (97%)
ptolemy.util.test.WatchDog.cancel(): canceling Fri Jun 08 23:12:55 UTC 2018
auto.tcl: Setting watchdog for 200 seconds at Fri Jun 08 23:12:55 UTC 2018
1 ms. Memory: 308224K Free: 294686K (96%)
ptolemy.util.test.WatchDog.cancel(): canceling Fri Jun 08 23:12:55 UTC 2018
------------------ testing $PTII/ptolemy/domains/de/test/auto/relationGroup2.xml
auto.tcl: Setting watchdog for 200 seconds at Fri Jun 08 23:12:55 UTC 2018
1 ms. Memory: 307712K Free: 295229K (96%)
ptolemy.util.test.WatchDog.cancel(): canceling Fri Jun 08 23:12:55 UTC 2018
auto.tcl: Setting watchdog for 200 seconds at Fri Jun 08 23:12:55 UTC 2018
1 ms. Memory: 307712K Free: 291939K (95%)
ptolemy.util.test.WatchDog.cancel(): canceling Fri Jun 08 23:12:55 UTC 2018
------------------ testing $PTII/ptolemy/domains/de/test/auto/sortWithOpaquePorts.xml
auto.tcl: Setting watchdog for 200 seconds at Fri Jun 08 23:12:55 UTC 2018
1 ms. Memory: 308224K Free: 292436K (95%)
ptolemy.util.test.WatchDog.cancel(): canceling Fri Jun 08 23:12:55 UTC 2018
auto.tcl: Setting watchdog for 200 seconds at Fri Jun 08 23:12:55 UTC 2018
1 ms. Memory: 308224K Free: 292436K (95%)
ptolemy.util.test.WatchDog.cancel(): canceling Fri Jun 08 23:12:55 UTC 2018
------------------ testing $PTII/ptolemy/domains/de/test/auto/transferInputsandOutputs.xml
auto.tcl: Setting watchdog for 200 seconds at Fri Jun 08 23:12:56 UTC 2018
3 ms. Memory: 307712K Free: 291928K (95%)
ptolemy.util.test.WatchDog.cancel(): canceling Fri Jun 08 23:12:56 UTC 2018
auto.tcl: Setting watchdog for 200 seconds at Fri Jun 08 23:12:56 UTC 2018
2 ms. Memory: 307712K Free: 288637K (94%)
ptolemy.util.test.WatchDog.cancel(): canceling Fri Jun 08 23:12:56 UTC 2018
------------------ testing $PTII/ptolemy/domains/de/test/auto/triggerType.xml
auto.tcl: Setting watchdog for 200 seconds at Fri Jun 08 23:12:56 UTC 2018
2 ms. Memory: 308224K Free: 292390K (95%)
ptolemy.util.test.WatchDog.cancel(): canceling Fri Jun 08 23:12:56 UTC 2018
auto.tcl: Setting watchdog for 200 seconds at Fri Jun 08 23:12:56 UTC 2018
2 ms. Memory: 308224K Free: 292390K (95%)
ptolemy.util.test.WatchDog.cancel(): canceling Fri Jun 08 23:12:56 UTC 2018
06/08/18 11:12:56
Failed: 0  Total Tests: 192  ((Passed: 187, Newly Passed: 1)  Known Failed: 5) /home/travis/build/icyphy/ptII/ptolemy/domains/de/test
06/08/18 11:12:56
Failed: 0  Total Tests: 192  ((Passed: 187, Newly Passed: 1)  Known Failed: 5) /home/travis/build/icyphy/ptII/ptolemy/domains/de/test
----------------- testing (KnownFailure) /home/travis/build/icyphy/ptII/ptolemy/domains/de/test/auto/knownFailedTests/DESDFClockTest.xml
2007 ms. Memory: 307712K Free: 286153K (93%)
Known Failure: java.lang.reflect.InvocationTargetException
----------------- testing (KnownFailure) /home/travis/build/icyphy/ptII/ptolemy/domains/de/test/auto/knownFailedTests/DirectFeedback.xml
1 ms. Memory: 307712K Free: 268049K (87%)
Known Failure: java.lang.reflect.InvocationTargetException
----------------- testing (KnownFailure) /home/travis/build/icyphy/ptII/ptolemy/domains/de/test/auto/knownFailedTests/FSMSource.xml
4 ms. Memory: 307712K Free: 245402K (80%)
----------------- testing (KnownFailure) /home/travis/build/icyphy/ptII/ptolemy/domains/de/test/auto/knownFailedTests/HierarchicalModel.xml
2 ms. Memory: 307712K Free: 222731K (72%)
Known Failure: java.lang.reflect.InvocationTargetException
----------------- testing (KnownFailure) /home/travis/build/icyphy/ptII/ptolemy/domains/de/test/auto/knownFailedTests/dependencyLoop.xml
1 ms. Memory: 307712K Free: 191032K (62%)
Known Failure: java.lang.reflect.InvocationTargetException
----------------- testing (KnownFailure) /home/travis/build/icyphy/ptII/ptolemy/domains/de/test/auto/knownFailedTests/dependencyLoop2.xml
1 ms. Memory: 307712K Free: 159333K (52%)
Known Failure: java.lang.reflect.InvocationTargetException
No auto/linux-amd64/*.xml tests in /home/travis/build/icyphy/ptII/ptolemy/domains/de/test
AutoTests.java: About to close Vertx.
AutoTests.java: Vertx closed.

===========================================================================================
----------------- testing Fri Jun 08 23:12:58 UTC 2018 /home/travis/build/icyphy/ptII/ptolemy/domains/de/test/auto/ActorDepthCalculation_actorWithoutPorts.xml
----------------- Instantiating /home/travis/build/icyphy/ptII/ptolemy/domains/de/test/auto/ActorDepthCalculation_actorWithoutPorts.xml
2 ms. Memory: 307712K Free: 132160K (43%)
----------------- Invoking toplevel() on ptolemy.moml.MoMLSimpleApplication@7d41a8ec
----------------- Done invoking toplevel() on ptolemy.moml.MoMLSimpleApplication@7d41a8ec
reloadAllAccessors: .ActorDepthCalculation_actorWithoutPorts

===========================================================================================
----------------- testing Fri Jun 08 23:12:58 UTC 2018 /home/travis/build/icyphy/ptII/ptolemy/domains/de/test/auto/AssemblyLine.xml
----------------- Instantiating /home/travis/build/icyphy/ptII/ptolemy/domains/de/test/auto/AssemblyLine.xml
1 ms. Memory: 307712K Free: 118566K (39%)
----------------- Invoking toplevel() on ptolemy.moml.MoMLSimpleApplication@4b4066ff
----------------- Done invoking toplevel() on ptolemy.moml.MoMLSimpleApplication@4b4066ff
reloadAllAccessors: .AssemblyLine

===========================================================================================
----------------- testing Fri Jun 08 23:12:58 UTC 2018 /home/travis/build/icyphy/ptII/ptolemy/domains/de/test/auto/CQBug1.xml
----------------- Instantiating /home/travis/build/icyphy/ptII/ptolemy/domains/de/test/auto/CQBug1.xml
0 ms. Memory: 307712K Free: 109514K (36%)
----------------- Invoking toplevel() on ptolemy.moml.MoMLSimpleApplication@5cca4c0c
----------------- Done invoking toplevel() on ptolemy.moml.MoMLSimpleApplication@5cca4c0c
reloadAllAccessors: .CQBug1

===========================================================================================
----------------- testing Fri Jun 08 23:12:58 UTC 2018 /home/travis/build/icyphy/ptII/ptolemy/domains/de/test/auto/CancelFireAt.xml
----------------- Instantiating /home/travis/build/icyphy/ptII/ptolemy/domains/de/test/auto/CancelFireAt.xml
0 ms. Memory: 307712K Free: 100461K (33%)
----------------- Invoking toplevel() on ptolemy.moml.MoMLSimpleApplication@98cb0bd
----------------- Done invoking toplevel() on ptolemy.moml.MoMLSimpleApplication@98cb0bd
reloadAllAccessors: .CancelFireAt

===========================================================================================
----------------- testing Fri Jun 08 23:12:58 UTC 2018 /home/travis/build/icyphy/ptII/ptolemy/domains/de/test/auto/CausalityAndComposabilityAnalysis.xml
----------------- Instantiating /home/travis/build/icyphy/ptII/ptolemy/domains/de/test/auto/CausalityAndComposabilityAnalysis.xml
1 ms. Memory: 307712K Free: 91409K (30%)
----------------- Invoking toplevel() on ptolemy.moml.MoMLSimpleApplication@15cda1a7
----------------- Done invoking toplevel() on ptolemy.moml.MoMLSimpleApplication@15cda1a7
reloadAllAccessors: .CausalityAndComposabilityAnalysis

===========================================================================================
----------------- testing Fri Jun 08 23:12:58 UTC 2018 /home/travis/build/icyphy/ptII/ptolemy/domains/de/test/auto/CausalityInterface1.xml
----------------- Instantiating /home/travis/build/icyphy/ptII/ptolemy/domains/de/test/auto/CausalityInterface1.xml
2 ms. Memory: 307712K Free: 79066K (26%)
----------------- Invoking toplevel() on ptolemy.moml.MoMLSimpleApplication@1e36ca7f
----------------- Done invoking toplevel() on ptolemy.moml.MoMLSimpleApplication@1e36ca7f
reloadAllAccessors: .CausalityInterface1

===========================================================================================
----------------- testing Fri Jun 08 23:12:58 UTC 2018 /home/travis/build/icyphy/ptII/ptolemy/domains/de/test/auto/CausalityInterface15.xml
----------------- Instantiating /home/travis/build/icyphy/ptII/ptolemy/domains/de/test/auto/CausalityInterface15.xml
1 ms. Memory: 298496K Free: 286815K (96%)
----------------- Invoking toplevel() on ptolemy.moml.MoMLSimpleApplication@4e7cce6
----------------- Done invoking toplevel() on ptolemy.moml.MoMLSimpleApplication@4e7cce6
reloadAllAccessors: .CausalityInterface15

[...]
java.lang.RuntimeException: Execution failed
	at ptolemy.moml.MoMLSimpleApplication$UnloadThread.run(MoMLSimpleApplication.java:402)
Caused by: ptolemy.kernel.util.IllegalActionException: Test fails in iteration 1.
Value was: 1.0. Should have been: 2.0
  in .DirectFeedback.Test
	at ptolemy.actor.lib.Test.fire(Test.java:268)
	at ptolemy.domains.de.kernel.DEDirector._fire(DEDirector.java:1949)
	at ptolemy.domains.de.kernel.DEDirector.fire(DEDirector.java:502)
	at ptolemy.actor.CompositeActor.fire(CompositeActor.java:455)
	at ptolemy.actor.Manager.iterate(Manager.java:851)
	at ptolemy.actor.Manager.execute(Manager.java:369)
	at ptolemy.actor.Manager.run(Manager.java:1263)
	at ptolemy.actor.Manager$PtolemyRunThread.run(Manager.java:1915)
java.lang.RuntimeException: Execution failed
	at ptolemy.moml.MoMLSimpleApplication$UnloadThread.run(MoMLSimpleApplication.java:402)
Caused by: ptolemy.kernel.util.IllegalActionException: Actor is not ready to fire.  Perhaps UpSample.prefire() returned false? Try debugging the actor by selecting "Listen to Actor".  Also, for SDF check moml for tokenConsumptionRate on input.
  in .DESDFClockTest.Play Bell.Copy1:SDF Director and .DESDFClockTest.Play Bell.UpSample
	at ptolemy.actor.sched.StaticSchedulingDirector.fire(StaticSchedulingDirector.java:227)
	at ptolemy.domains.sdf.kernel.SDFDirector.fire(SDFDirector.java:500)
	at ptolemy.actor.CompositeActor.fire(CompositeActor.java:455)
	at ptolemy.domains.de.kernel.DEDirector._fire(DEDirector.java:1949)
	at ptolemy.domains.de.kernel.DEDirector.fire(DEDirector.java:502)
	at ptolemy.actor.CompositeActor.fire(CompositeActor.java:455)
	at ptolemy.actor.Manager.iterate(Manager.java:851)
	at ptolemy.actor.Manager.execute(Manager.java:369)
	at ptolemy.actor.Manager.run(Manager.java:1263)
	at ptolemy.actor.Manager$PtolemyRunThread.run(Manager.java:1915)
java.lang.reflect.InvocationTargetException
	at sun.reflect.NativeConstructorAccessorImpl.newInstance0(Native Method)
	at sun.reflect.NativeConstructorAccessorImpl.newInstance(NativeConstructorAccessorImpl.java:62)
	at sun.reflect.DelegatingConstructorAccessorImpl.newInstance(DelegatingConstructorAccessorImpl.java:45)
	at java.lang.reflect.Constructor.newInstance(Constructor.java:423)
	at ptolemy.util.test.junit.AutoKnownFailedTests.RunModel(AutoKnownFailedTests.java:107)
	at sun.reflect.NativeMethodAccessorImpl.invoke0(Native Method)
	at sun.reflect.NativeMethodAccessorImpl.invoke(NativeMethodAccessorImpl.java:62)
	at sun.reflect.DelegatingMethodAccessorImpl.invoke(DelegatingMethodAccessorImpl.java:43)
	at java.lang.reflect.Method.invoke(Method.java:498)
	at org.junit.runners.model.FrameworkMethod$1.runReflectiveCall(FrameworkMethod.java:44)
	at org.junit.internal.runners.model.ReflectiveCallable.run(ReflectiveCallable.java:15)
	at org.junit.runners.model.FrameworkMethod.invokeExplosively(FrameworkMethod.java:41)
	at junitparams.internal.InvokeParameterisedMethod.evaluate(InvokeParameterisedMethod.java:102)
	at org.junit.internal.runners.statements.FailOnTimeout$1.run(FailOnTimeout.java:28)
Caused by: ptolemy.kernel.util.IllegalActionException: Actor is not ready to fire.  Perhaps UpSample.prefire() returned false? Try debugging the actor by selecting "Listen to Actor".  Also, for SDF check moml for tokenConsumptionRate on input.
  in .DESDFClockTest.Play Bell.Copy1:SDF Director and .DESDFClockTest.Play Bell.UpSample
	at ptolemy.actor.sched.StaticSchedulingDirector.fire(StaticSchedulingDirector.java:227)
	at ptolemy.domains.sdf.kernel.SDFDirector.fire(SDFDirector.java:500)
	at ptolemy.actor.CompositeActor.fire(CompositeActor.java:455)
	at ptolemy.domains.de.kernel.DEDirector._fire(DEDirector.java:1949)
	at ptolemy.domains.de.kernel.DEDirector.fire(DEDirector.java:502)
	at ptolemy.actor.CompositeActor.fire(CompositeActor.java:455)
	at ptolemy.actor.Manager.iterate(Manager.java:851)
	at ptolemy.actor.Manager.execute(Manager.java:369)
	at ptolemy.actor.Manager.run(Manager.java:1263)
	at ptolemy.actor.Manager$PtolemyRunThread.run(Manager.java:1915)
java.lang.RuntimeException: Execution failed
	at ptolemy.moml.MoMLSimpleApplication$UnloadThread.run(MoMLSimpleApplication.java:402)
Caused by: ptolemy.kernel.util.IllegalActionException: Test fails in iteration 1.
Value was: 1.0. Should have been: 2.0
  in .DirectFeedback.Test
	at ptolemy.actor.lib.Test.fire(Test.java:268)
	at ptolemy.domains.de.kernel.DEDirector._fire(DEDirector.java:1949)
	at ptolemy.domains.de.kernel.DEDirector.fire(DEDirector.java:502)
	at ptolemy.actor.CompositeActor.fire(CompositeActor.java:455)
	at ptolemy.actor.Manager.iterate(Manager.java:851)
	at ptolemy.actor.Manager.execute(Manager.java:369)
	at ptolemy.actor.Manager.run(Manager.java:1263)
	at ptolemy.actor.Manager$PtolemyRunThread.run(Manager.java:1915)
java.lang.reflect.InvocationTargetException
	at sun.reflect.NativeConstructorAccessorImpl.newInstance0(Native Method)
	at sun.reflect.NativeConstructorAccessorImpl.newInstance(NativeConstructorAccessorImpl.java:62)
	at sun.reflect.DelegatingConstructorAccessorImpl.newInstance(DelegatingConstructorAccessorImpl.java:45)
	at java.lang.reflect.Constructor.newInstance(Constructor.java:423)
	at ptolemy.util.test.junit.AutoKnownFailedTests.RunModel(AutoKnownFailedTests.java:107)
	at sun.reflect.NativeMethodAccessorImpl.invoke0(Native Method)
	at sun.reflect.NativeMethodAccessorImpl.invoke(NativeMethodAccessorImpl.java:62)
	at sun.reflect.DelegatingMethodAccessorImpl.invoke(DelegatingMethodAccessorImpl.java:43)
	at java.lang.reflect.Method.invoke(Method.java:498)
	at org.junit.runners.model.FrameworkMethod$1.runReflectiveCall(FrameworkMethod.java:44)
	at org.junit.internal.runners.model.ReflectiveCallable.run(ReflectiveCallable.java:15)
	at org.junit.runners.model.FrameworkMethod.invokeExplosively(FrameworkMethod.java:41)
	at junitparams.internal.InvokeParameterisedMethod.evaluate(InvokeParameterisedMethod.java:102)
	at org.junit.internal.runners.statements.FailOnTimeout$1.run(FailOnTimeout.java:28)
Caused by: ptolemy.kernel.util.IllegalActionException: Test fails in iteration 1.
Value was: 1.0. Should have been: 2.0
  in .DirectFeedback.Test
	at ptolemy.actor.lib.Test.fire(Test.java:268)
	at ptolemy.domains.de.kernel.DEDirector._fire(DEDirector.java:1949)
	at ptolemy.domains.de.kernel.DEDirector.fire(DEDirector.java:502)
	at ptolemy.actor.CompositeActor.fire(CompositeActor.java:455)
	at ptolemy.actor.Manager.iterate(Manager.java:851)
	at ptolemy.actor.Manager.execute(Manager.java:369)
	at ptolemy.actor.Manager.run(Manager.java:1263)
	at ptolemy.actor.Manager$PtolemyRunThread.run(Manager.java:1915)
java.lang.RuntimeException: Execution failed
	at ptolemy.moml.MoMLSimpleApplication$UnloadThread.run(MoMLSimpleApplication.java:402)
Caused by: ptolemy.kernel.util.IllegalActionException: Found a zero delay loop containing .HierarchicalModel.A
  in .HierarchicalModel and .HierarchicalModel.A
	at ptolemy.actor.util.CausalityInterfaceForComposites._computeOutputPortDepth(CausalityInterfaceForComposites.java:759)
	at ptolemy.actor.util.CausalityInterfaceForComposites._computeInputDepth(CausalityInterfaceForComposites.java:696)
	at ptolemy.actor.util.CausalityInterfaceForComposites._computeOutputPortDepth(CausalityInterfaceForComposites.java:765)
	at ptolemy.actor.util.CausalityInterfaceForComposites._computeInputDepth(CausalityInterfaceForComposites.java:696)
	at ptolemy.actor.util.CausalityInterfaceForComposites._computeOutputPortDepth(CausalityInterfaceForComposites.java:765)
	at ptolemy.actor.util.CausalityInterfaceForComposites._computeInputDepth(CausalityInterfaceForComposites.java:696)
	at ptolemy.actor.util.CausalityInterfaceForComposites._computeActorDepth(CausalityInterfaceForComposites.java:532)
	at ptolemy.actor.util.CausalityInterfaceForComposites.checkForCycles(CausalityInterfaceForComposites.java:96)
	at ptolemy.domains.de.kernel.DEDirector.preinitialize(DEDirector.java:1338)
	at ptolemy.actor.CompositeActor.preinitialize(CompositeActor.java:1828)
	at ptolemy.actor.Manager.preinitializeAndResolveTypes(Manager.java:1040)
	at ptolemy.actor.Manager.initialize(Manager.java:710)
	at ptolemy.actor.Manager.execute(Manager.java:356)
	at ptolemy.actor.Manager.run(Manager.java:1263)
	at ptolemy.actor.Manager$PtolemyRunThread.run(Manager.java:1915)
java.lang.reflect.InvocationTargetException
	at sun.reflect.NativeConstructorAccessorImpl.newInstance0(Native Method)
	at sun.reflect.NativeConstructorAccessorImpl.newInstance(NativeConstructorAccessorImpl.java:62)
	at sun.reflect.DelegatingConstructorAccessorImpl.newInstance(DelegatingConstructorAccessorImpl.java:45)
	at java.lang.reflect.Constructor.newInstance(Constructor.java:423)
	at ptolemy.util.test.junit.AutoKnownFailedTests.RunModel(AutoKnownFailedTests.java:107)
	at sun.reflect.NativeMethodAccessorImpl.invoke0(Native Method)
	at sun.reflect.NativeMethodAccessorImpl.invoke(NativeMethodAccessorImpl.java:62)
	at sun.reflect.DelegatingMethodAccessorImpl.invoke(DelegatingMethodAccessorImpl.java:43)
	at java.lang.reflect.Method.invoke(Method.java:498)
	at org.junit.runners.model.FrameworkMethod$1.runReflectiveCall(FrameworkMethod.java:44)
	at org.junit.internal.runners.model.ReflectiveCallable.run(ReflectiveCallable.java:15)
	at org.junit.runners.model.FrameworkMethod.invokeExplosively(FrameworkMethod.java:41)
	at junitparams.internal.InvokeParameterisedMethod.evaluate(InvokeParameterisedMethod.java:102)
	at org.junit.internal.runners.statements.FailOnTimeout$1.run(FailOnTimeout.java:28)
Caused by: ptolemy.kernel.util.IllegalActionException: Found a zero delay loop containing .HierarchicalModel.A
  in .HierarchicalModel and .HierarchicalModel.A
	at ptolemy.actor.util.CausalityInterfaceForComposites._computeOutputPortDepth(CausalityInterfaceForComposites.java:759)
	at ptolemy.actor.util.CausalityInterfaceForComposites._computeInputDepth(CausalityInterfaceForComposites.java:696)
	at ptolemy.actor.util.CausalityInterfaceForComposites._computeOutputPortDepth(CausalityInterfaceForComposites.java:765)
	at ptolemy.actor.util.CausalityInterfaceForComposites._computeInputDepth(CausalityInterfaceForComposites.java:696)
	at ptolemy.actor.util.CausalityInterfaceForComposites._computeOutputPortDepth(CausalityInterfaceForComposites.java:765)
	at ptolemy.actor.util.CausalityInterfaceForComposites._computeInputDepth(CausalityInterfaceForComposites.java:696)
	at ptolemy.actor.util.CausalityInterfaceForComposites._computeActorDepth(CausalityInterfaceForComposites.java:532)
	at ptolemy.actor.util.CausalityInterfaceForComposites.checkForCycles(CausalityInterfaceForComposites.java:96)
	at ptolemy.domains.de.kernel.DEDirector.preinitialize(DEDirector.java:1338)
	at ptolemy.actor.CompositeActor.preinitialize(CompositeActor.java:1828)
	at ptolemy.actor.Manager.preinitializeAndResolveTypes(Manager.java:1040)
	at ptolemy.actor.Manager.initialize(Manager.java:710)
	at ptolemy.actor.Manager.execute(Manager.java:356)
	at ptolemy.actor.Manager.run(Manager.java:1263)
	at ptolemy.actor.Manager$PtolemyRunThread.run(Manager.java:1915)
java.lang.RuntimeException: Execution failed
	at ptolemy.moml.MoMLSimpleApplication$UnloadThread.run(MoMLSimpleApplication.java:402)
Caused by: ptolemy.kernel.util.IllegalActionException: Found a zero delay loop containing .dependencyLoop.original
  in .dependencyLoop and .dependencyLoop.original
	at ptolemy.actor.util.CausalityInterfaceForComposites._computeOutputPortDepth(CausalityInterfaceForComposites.java:759)
	at ptolemy.actor.util.CausalityInterfaceForComposites._computeInputDepth(CausalityInterfaceForComposites.java:696)
	at ptolemy.actor.util.CausalityInterfaceForComposites._computeOutputPortDepth(CausalityInterfaceForComposites.java:765)
	at ptolemy.actor.util.CausalityInterfaceForComposites._computeInputDepth(CausalityInterfaceForComposites.java:696)
	at ptolemy.actor.util.CausalityInterfaceForComposites._computeOutputPortDepth(CausalityInterfaceForComposites.java:765)
	at ptolemy.actor.util.CausalityInterfaceForComposites._computeInputDepth(CausalityInterfaceForComposites.java:696)
	at ptolemy.actor.util.CausalityInterfaceForComposites._computeActorDepth(CausalityInterfaceForComposites.java:532)
	at ptolemy.actor.util.CausalityInterfaceForComposites.checkForCycles(CausalityInterfaceForComposites.java:96)
	at ptolemy.domains.de.kernel.DEDirector.preinitialize(DEDirector.java:1338)
	at ptolemy.actor.CompositeActor.preinitialize(CompositeActor.java:1828)
	at ptolemy.actor.Manager.preinitializeAndResolveTypes(Manager.java:1040)
	at ptolemy.actor.Manager.initialize(Manager.java:710)
	at ptolemy.actor.Manager.execute(Manager.java:356)
	at ptolemy.actor.Manager.run(Manager.java:1263)
	at ptolemy.actor.Manager$PtolemyRunThread.run(Manager.java:1915)
java.lang.reflect.InvocationTargetException
	at sun.reflect.NativeConstructorAccessorImpl.newInstance0(Native Method)
	at sun.reflect.NativeConstructorAccessorImpl.newInstance(NativeConstructorAccessorImpl.java:62)
	at sun.reflect.DelegatingConstructorAccessorImpl.newInstance(DelegatingConstructorAccessorImpl.java:45)
	at java.lang.reflect.Constructor.newInstance(Constructor.java:423)
	at ptolemy.util.test.junit.AutoKnownFailedTests.RunModel(AutoKnownFailedTests.java:107)
	at sun.reflect.NativeMethodAccessorImpl.invoke0(Native Method)
	at sun.reflect.NativeMethodAccessorImpl.invoke(NativeMethodAccessorImpl.java:62)
	at sun.reflect.DelegatingMethodAccessorImpl.invoke(DelegatingMethodAccessorImpl.java:43)
	at java.lang.reflect.Method.invoke(Method.java:498)
	at org.junit.runners.model.FrameworkMethod$1.runReflectiveCall(FrameworkMethod.java:44)
	at org.junit.internal.runners.model.ReflectiveCallable.run(ReflectiveCallable.java:15)
	at org.junit.runners.model.FrameworkMethod.invokeExplosively(FrameworkMethod.java:41)
	at junitparams.internal.InvokeParameterisedMethod.evaluate(InvokeParameterisedMethod.java:102)
	at org.junit.internal.runners.statements.FailOnTimeout$1.run(FailOnTimeout.java:28)
Caused by: ptolemy.kernel.util.IllegalActionException: Found a zero delay loop containing .dependencyLoop.original
  in .dependencyLoop and .dependencyLoop.original
	at ptolemy.actor.util.CausalityInterfaceForComposites._computeOutputPortDepth(CausalityInterfaceForComposites.java:759)
	at ptolemy.actor.util.CausalityInterfaceForComposites._computeInputDepth(CausalityInterfaceForComposites.java:696)
	at ptolemy.actor.util.CausalityInterfaceForComposites._computeOutputPortDepth(CausalityInterfaceForComposites.java:765)
	at ptolemy.actor.util.CausalityInterfaceForComposites._computeInputDepth(CausalityInterfaceForComposites.java:696)
	at ptolemy.actor.util.CausalityInterfaceForComposites._computeOutputPortDepth(CausalityInterfaceForComposites.java:765)
	at ptolemy.actor.util.CausalityInterfaceForComposites._computeInputDepth(CausalityInterfaceForComposites.java:696)
	at ptolemy.actor.util.CausalityInterfaceForComposites._computeActorDepth(CausalityInterfaceForComposites.java:532)
	at ptolemy.actor.util.CausalityInterfaceForComposites.checkForCycles(CausalityInterfaceForComposites.java:96)
	at ptolemy.domains.de.kernel.DEDirector.preinitialize(DEDirector.java:1338)
	at ptolemy.actor.CompositeActor.preinitialize(CompositeActor.java:1828)
	at ptolemy.actor.Manager.preinitializeAndResolveTypes(Manager.java:1040)
	at ptolemy.actor.Manager.initialize(Manager.java:710)
	at ptolemy.actor.Manager.execute(Manager.java:356)
	at ptolemy.actor.Manager.run(Manager.java:1263)
	at ptolemy.actor.Manager$PtolemyRunThread.run(Manager.java:1915)
java.lang.RuntimeException: Execution failed
	at ptolemy.moml.MoMLSimpleApplication$UnloadThread.run(MoMLSimpleApplication.java:402)
Caused by: ptolemy.kernel.util.IllegalActionException: Found a zero delay loop containing .dependencyLoop2.original
  in .dependencyLoop2 and .dependencyLoop2.original
	at ptolemy.actor.util.CausalityInterfaceForComposites._computeOutputPortDepth(CausalityInterfaceForComposites.java:759)
	at ptolemy.actor.util.CausalityInterfaceForComposites._computeInputDepth(CausalityInterfaceForComposites.java:696)
	at ptolemy.actor.util.CausalityInterfaceForComposites._computeOutputPortDepth(CausalityInterfaceForComposites.java:765)
	at ptolemy.actor.util.CausalityInterfaceForComposites._computeInputDepth(CausalityInterfaceForComposites.java:696)
	at ptolemy.actor.util.CausalityInterfaceForComposites._computeOutputPortDepth(CausalityInterfaceForComposites.java:765)
	at ptolemy.actor.util.CausalityInterfaceForComposites._computeInputDepth(CausalityInterfaceForComposites.java:696)
	at ptolemy.actor.util.CausalityInterfaceForComposites._computeActorDepth(CausalityInterfaceForComposites.java:532)
	at ptolemy.actor.util.CausalityInterfaceForComposites.checkForCycles(CausalityInterfaceForComposites.java:96)
	at ptolemy.domains.de.kernel.DEDirector.preinitialize(DEDirector.java:1338)
	at ptolemy.actor.CompositeActor.preinitialize(CompositeActor.java:1828)
	at ptolemy.actor.Manager.preinitializeAndResolveTypes(Manager.java:1040)
	at ptolemy.actor.Manager.initialize(Manager.java:710)
	at ptolemy.actor.Manager.execute(Manager.java:356)
	at ptolemy.actor.Manager.run(Manager.java:1263)
	at ptolemy.actor.Manager$PtolemyRunThread.run(Manager.java:1915)
java.lang.reflect.InvocationTargetException
	at sun.reflect.NativeConstructorAccessorImpl.newInstance0(Native Method)
	at sun.reflect.NativeConstructorAccessorImpl.newInstance(NativeConstructorAccessorImpl.java:62)
	at sun.reflect.DelegatingConstructorAccessorImpl.newInstance(DelegatingConstructorAccessorImpl.java:45)
	at java.lang.reflect.Constructor.newInstance(Constructor.java:423)
	at ptolemy.util.test.junit.AutoKnownFailedTests.RunModel(AutoKnownFailedTests.java:107)
	at sun.reflect.NativeMethodAccessorImpl.invoke0(Native Method)
	at sun.reflect.NativeMethodAccessorImpl.invoke(NativeMethodAccessorImpl.java:62)
	at sun.reflect.DelegatingMethodAccessorImpl.invoke(DelegatingMethodAccessorImpl.java:43)
	at java.lang.reflect.Method.invoke(Method.java:498)
	at org.junit.runners.model.FrameworkMethod$1.runReflectiveCall(FrameworkMethod.java:44)
	at org.junit.internal.runners.model.ReflectiveCallable.run(ReflectiveCallable.java:15)
	at org.junit.runners.model.FrameworkMethod.invokeExplosively(FrameworkMethod.java:41)
	at junitparams.internal.InvokeParameterisedMethod.evaluate(InvokeParameterisedMethod.java:102)
	at org.junit.internal.runners.statements.FailOnTimeout$1.run(FailOnTimeout.java:28)
Caused by: ptolemy.kernel.util.IllegalActionException: Found a zero delay loop containing .dependencyLoop2.original
  in .dependencyLoop2 and .dependencyLoop2.original
	at ptolemy.actor.util.CausalityInterfaceForComposites._computeOutputPortDepth(CausalityInterfaceForComposites.java:759)
	at ptolemy.actor.util.CausalityInterfaceForComposites._computeInputDepth(CausalityInterfaceForComposites.java:696)
	at ptolemy.actor.util.CausalityInterfaceForComposites._computeOutputPortDepth(CausalityInterfaceForComposites.java:765)
	at ptolemy.actor.util.CausalityInterfaceForComposites._computeInputDepth(CausalityInterfaceForComposites.java:696)
	at ptolemy.actor.util.CausalityInterfaceForComposites._computeOutputPortDepth(CausalityInterfaceForComposites.java:765)
	at ptolemy.actor.util.CausalityInterfaceForComposites._computeInputDepth(CausalityInterfaceForComposites.java:696)
	at ptolemy.actor.util.CausalityInterfaceForComposites._computeActorDepth(CausalityInterfaceForComposites.java:532)
	at ptolemy.actor.util.CausalityInterfaceForComposites.checkForCycles(CausalityInterfaceForComposites.java:96)
	at ptolemy.domains.de.kernel.DEDirector.preinitialize(DEDirector.java:1338)
	at ptolemy.actor.CompositeActor.preinitialize(CompositeActor.java:1828)
	at ptolemy.actor.Manager.preinitializeAndResolveTypes(Manager.java:1040)
	at ptolemy.actor.Manager.initialize(Manager.java:710)
	at ptolemy.actor.Manager.execute(Manager.java:356)
	at ptolemy.actor.Manager.run(Manager.java:1263)
	at ptolemy.actor.Manager$PtolemyRunThread.run(Manager.java:1915)
]]></system-err>
</testsuite>
