<?xml version="1.0" encoding="UTF-8" ?>
<testsuite errors="0" failures="0" hostname="travis-job-078633ea-41a4-443c-b8cb-90e5458861db" name="ptolemy.domains.de.test.junit.JUnitTclTest" skipped="0" tests="101" time="129.328" timestamp="2018-12-05T02:57:27">
  <properties>
[...]
</properties>
  <testcase classname="ptolemy.util.test.junit.TclTests" name="[0] /home/travis/build/icyphy/ptII/ptolemy/domains/de/test/DependencyLoop.tcl (RunTclFile)" time="0.758" />
  <testcase classname="ptolemy.util.test.junit.TclTests" name="[1] /home/travis/build/icyphy/ptII/ptolemy/domains/de/test/RunDETestsAsQSS.tcl (RunTclFile)" time="87.01" />
  <testcase classname="ptolemy.util.test.junit.AutoKnownFailedTests" name="[0] /home/travis/build/icyphy/ptII/ptolemy/domains/de/test/auto/knownFailedTests/DESDFClockTest.xml (RunModel)" time="2.03" />
  <testcase classname="ptolemy.util.test.junit.AutoKnownFailedTests" name="[1] /home/travis/build/icyphy/ptII/ptolemy/domains/de/test/auto/knownFailedTests/DirectFeedback.xml (RunModel)" time="0.03" />
  <testcase classname="ptolemy.util.test.junit.AutoKnownFailedTests" name="[2] /home/travis/build/icyphy/ptII/ptolemy/domains/de/test/auto/knownFailedTests/FSMSource.xml (RunModel)" time="0.025" />
  <testcase classname="ptolemy.util.test.junit.AutoKnownFailedTests" name="[3] /home/travis/build/icyphy/ptII/ptolemy/domains/de/test/auto/knownFailedTests/HierarchicalModel.xml (RunModel)" time="0.041" />
  <testcase classname="ptolemy.util.test.junit.AutoKnownFailedTests" name="[4] /home/travis/build/icyphy/ptII/ptolemy/domains/de/test/auto/knownFailedTests/dependencyLoop.xml (RunModel)" time="0.032" />
  <testcase classname="ptolemy.util.test.junit.AutoKnownFailedTests" name="[5] /home/travis/build/icyphy/ptII/ptolemy/domains/de/test/auto/knownFailedTests/dependencyLoop2.xml (RunModel)" time="0.034" />
  <testcase classname="ptolemy.util.test.junit.AutoNameArchTests" name="[0] ThereAreNoAutoArchTests (RunModel)" time="0.005" />
  <testcase classname="ptolemy.util.test.junit.AutoTests" name="[0] /home/travis/build/icyphy/ptII/ptolemy/domains/de/test/auto/ActorDepthCalculation_actorWithoutPorts.xml (RunModel)" time="0.015" />
  <testcase classname="ptolemy.util.test.junit.AutoTests" name="[1] /home/travis/build/icyphy/ptII/ptolemy/domains/de/test/auto/AssemblyLine.xml (RunModel)" time="0.016" />
  <testcase classname="ptolemy.util.test.junit.AutoTests" name="[2] /home/travis/build/icyphy/ptII/ptolemy/domains/de/test/auto/CQBug1.xml (RunModel)" time="0.03" />
  <testcase classname="ptolemy.util.test.junit.AutoTests" name="[3] /home/travis/build/icyphy/ptII/ptolemy/domains/de/test/auto/CancelFireAt.xml (RunModel)" time="0.028" />
  <testcase classname="ptolemy.util.test.junit.AutoTests" name="[4] /home/travis/build/icyphy/ptII/ptolemy/domains/de/test/auto/CausalityAndComposabilityAnalysis.xml (RunModel)" time="0.035" />
  <testcase classname="ptolemy.util.test.junit.AutoTests" name="[5] /home/travis/build/icyphy/ptII/ptolemy/domains/de/test/auto/CausalityInterface1.xml (RunModel)" time="0.037" />
  <testcase classname="ptolemy.util.test.junit.AutoTests" name="[6] /home/travis/build/icyphy/ptII/ptolemy/domains/de/test/auto/CausalityInterface15.xml (RunModel)" time="0.042" />
  <testcase classname="ptolemy.util.test.junit.AutoTests" name="[7] /home/travis/build/icyphy/ptII/ptolemy/domains/de/test/auto/CausalityInterface2.xml (RunModel)" time="0.018" />
  <testcase classname="ptolemy.util.test.junit.AutoTests" name="[8] /home/travis/build/icyphy/ptII/ptolemy/domains/de/test/auto/CausalityInterface3.xml (RunModel)" time="0.011" />
  <testcase classname="ptolemy.util.test.junit.AutoTests" name="[9] /home/travis/build/icyphy/ptII/ptolemy/domains/de/test/auto/ClockDrift.xml (RunModel)" time="0.032" />
  <testcase classname="ptolemy.util.test.junit.AutoTests" name="[10] /home/travis/build/icyphy/ptII/ptolemy/domains/de/test/auto/ClockDriftAndValueChange.xml (RunModel)" time="0.031" />
  <testcase classname="ptolemy.util.test.junit.AutoTests" name="[11] /home/travis/build/icyphy/ptII/ptolemy/domains/de/test/auto/ClockDriftChange.xml (RunModel)" time="0.036" />
  <testcase classname="ptolemy.util.test.junit.AutoTests" name="[12] /home/travis/build/icyphy/ptII/ptolemy/domains/de/test/auto/ComposableCausalityAnalysis.xml (RunModel)" time="0.016" />
  <testcase classname="ptolemy.util.test.junit.AutoTests" name="[13] /home/travis/build/icyphy/ptII/ptolemy/domains/de/test/auto/DEFixedPointLimitation.xml (RunModel)" time="0.01" />
  <testcase classname="ptolemy.util.test.junit.AutoTests" name="[14] /home/travis/build/icyphy/ptII/ptolemy/domains/de/test/auto/DEScheduleTest.xml (RunModel)" time="0.038" />
  <testcase classname="ptolemy.util.test.junit.AutoTests" name="[15] /home/travis/build/icyphy/ptII/ptolemy/domains/de/test/auto/DEinDEwithStartTimes.xml (RunModel)" time="0.017" />
  <testcase classname="ptolemy.util.test.junit.AutoTests" name="[16] /home/travis/build/icyphy/ptII/ptolemy/domains/de/test/auto/DEinDEwithStartTimes2.xml (RunModel)" time="0.016" />
  <testcase classname="ptolemy.util.test.junit.AutoTests" name="[17] /home/travis/build/icyphy/ptII/ptolemy/domains/de/test/auto/DateDemo.xml (RunModel)" time="0.037" />
  <testcase classname="ptolemy.util.test.junit.AutoTests" name="[18] /home/travis/build/icyphy/ptII/ptolemy/domains/de/test/auto/DateToEvent.xml (RunModel)" time="2.05" />
  <testcase classname="ptolemy.util.test.junit.AutoTests" name="[19] /home/travis/build/icyphy/ptII/ptolemy/domains/de/test/auto/DepthTest1.xml (RunModel)" time="0.007" />
  <testcase classname="ptolemy.util.test.junit.AutoTests" name="[20] /home/travis/build/icyphy/ptII/ptolemy/domains/de/test/auto/DepthTest2.xml (RunModel)" time="0.016" />
  <testcase classname="ptolemy.util.test.junit.AutoTests" name="[21] /home/travis/build/icyphy/ptII/ptolemy/domains/de/test/auto/DepthTest3.xml (RunModel)" time="0.008" />
  <testcase classname="ptolemy.util.test.junit.AutoTests" name="[22] /home/travis/build/icyphy/ptII/ptolemy/domains/de/test/auto/DepthTest4.xml (RunModel)" time="0.011" />
  <testcase classname="ptolemy.util.test.junit.AutoTests" name="[23] /home/travis/build/icyphy/ptII/ptolemy/domains/de/test/auto/DepthTest5.xml (RunModel)" time="0.013" />
  <testcase classname="ptolemy.util.test.junit.AutoTests" name="[24] /home/travis/build/icyphy/ptII/ptolemy/domains/de/test/auto/DepthTest6.xml (RunModel)" time="0.012" />
  <testcase classname="ptolemy.util.test.junit.AutoTests" name="[25] /home/travis/build/icyphy/ptII/ptolemy/domains/de/test/auto/DepthTest7.xml (RunModel)" time="0.011" />
  <testcase classname="ptolemy.util.test.junit.AutoTests" name="[26] /home/travis/build/icyphy/ptII/ptolemy/domains/de/test/auto/EventToDate.xml (RunModel)" time="3.039" />
  <testcase classname="ptolemy.util.test.junit.AutoTests" name="[27] /home/travis/build/icyphy/ptII/ptolemy/domains/de/test/auto/FSM1.xml (RunModel)" time="0.031" />
  <testcase classname="ptolemy.util.test.junit.AutoTests" name="[28] /home/travis/build/icyphy/ptII/ptolemy/domains/de/test/auto/FSM7.xml (RunModel)" time="0.032" />
  <testcase classname="ptolemy.util.test.junit.AutoTests" name="[29] /home/travis/build/icyphy/ptII/ptolemy/domains/de/test/auto/Inspection.xml (RunModel)" time="0.05" />
  <testcase classname="ptolemy.util.test.junit.AutoTests" name="[30] /home/travis/build/icyphy/ptII/ptolemy/domains/de/test/auto/Iteration.xml (RunModel)" time="0.034" />
  <testcase classname="ptolemy.util.test.junit.AutoTests" name="[31] /home/travis/build/icyphy/ptII/ptolemy/domains/de/test/auto/LineFault.xml (RunModel)" time="0.596" />
  <testcase classname="ptolemy.util.test.junit.AutoTests" name="[32] /home/travis/build/icyphy/ptII/ptolemy/domains/de/test/auto/MergeModel1Add.xml (RunModel)" time="0.041" />
  <testcase classname="ptolemy.util.test.junit.AutoTests" name="[33] /home/travis/build/icyphy/ptII/ptolemy/domains/de/test/auto/MergeModel2Add.xml (RunModel)" time="0.041" />
  <testcase classname="ptolemy.util.test.junit.AutoTests" name="[34] /home/travis/build/icyphy/ptII/ptolemy/domains/de/test/auto/MergeModel3Add.xml (RunModel)" time="0.05" />
  <testcase classname="ptolemy.util.test.junit.AutoTests" name="[35] /home/travis/build/icyphy/ptII/ptolemy/domains/de/test/auto/MergeWithoutDiscard.xml (RunModel)" time="0.01" />
  <testcase classname="ptolemy.util.test.junit.AutoTests" name="[36] /home/travis/build/icyphy/ptII/ptolemy/domains/de/test/auto/Modal1.xml (RunModel)" time="0.032" />
  <testcase classname="ptolemy.util.test.junit.AutoTests" name="[37] /home/travis/build/icyphy/ptII/ptolemy/domains/de/test/auto/Modal2.xml (RunModel)" time="0.03" />
  <testcase classname="ptolemy.util.test.junit.AutoTests" name="[38] /home/travis/build/icyphy/ptII/ptolemy/domains/de/test/auto/Modal3.xml (RunModel)" time="0.027" />
  <testcase classname="ptolemy.util.test.junit.AutoTests" name="[39] /home/travis/build/icyphy/ptII/ptolemy/domains/de/test/auto/Modal4.xml (RunModel)" time="0.029" />
  <testcase classname="ptolemy.util.test.junit.AutoTests" name="[40] /home/travis/build/icyphy/ptII/ptolemy/domains/de/test/auto/Modal5.xml (RunModel)" time="0.029" />
  <testcase classname="ptolemy.util.test.junit.AutoTests" name="[41] /home/travis/build/icyphy/ptII/ptolemy/domains/de/test/auto/Modal6.xml (RunModel)" time="0.028" />
  <testcase classname="ptolemy.util.test.junit.AutoTests" name="[42] /home/travis/build/icyphy/ptII/ptolemy/domains/de/test/auto/Modal7.xml (RunModel)" time="0.035" />
  <testcase classname="ptolemy.util.test.junit.AutoTests" name="[43] /home/travis/build/icyphy/ptII/ptolemy/domains/de/test/auto/ModalModel.xml (RunModel)" time="0.157" />
  <testcase classname="ptolemy.util.test.junit.AutoTests" name="[44] /home/travis/build/icyphy/ptII/ptolemy/domains/de/test/auto/ModalSource.xml (RunModel)" time="0.017" />
  <testcase classname="ptolemy.util.test.junit.AutoTests" name="[45] /home/travis/build/icyphy/ptII/ptolemy/domains/de/test/auto/NonInterruptibleTimerZeroDelay.xml (RunModel)" time="0.01" />
  <testcase classname="ptolemy.util.test.junit.AutoTests" name="[46] /home/travis/build/icyphy/ptII/ptolemy/domains/de/test/auto/OpenQueueingNetwork.xml (RunModel)" time="2.303" />
  <testcase classname="ptolemy.util.test.junit.AutoTests" name="[47] /home/travis/build/icyphy/ptII/ptolemy/domains/de/test/auto/OpenQueuingNetwork.xml (RunModel)" time="0.273" />
  <testcase classname="ptolemy.util.test.junit.AutoTests" name="[48] /home/travis/build/icyphy/ptII/ptolemy/domains/de/test/auto/PeriodicSampler.xml (RunModel)" time="0.007" />
  <testcase classname="ptolemy.util.test.junit.AutoTests" name="[49] /home/travis/build/icyphy/ptII/ptolemy/domains/de/test/auto/PersistentIO.xml (RunModel)" time="0.017" />
  <testcase classname="ptolemy.util.test.junit.AutoTests" name="[50] /home/travis/build/icyphy/ptII/ptolemy/domains/de/test/auto/PortParameterResetOnInitialize.xml (RunModel)" time="0.008" />
  <testcase classname="ptolemy.util.test.junit.AutoTests" name="[51] /home/travis/build/icyphy/ptII/ptolemy/domains/de/test/auto/PortParameterUpdates.xml (RunModel)" time="0.017" />
  <testcase classname="ptolemy.util.test.junit.AutoTests" name="[52] /home/travis/build/icyphy/ptII/ptolemy/domains/de/test/auto/QueueAndServer.xml (RunModel)" time="0.019" />
  <testcase classname="ptolemy.util.test.junit.AutoTests" name="[53] /home/travis/build/icyphy/ptII/ptolemy/domains/de/test/auto/Records.xml (RunModel)" time="0.017" />
  <testcase classname="ptolemy.util.test.junit.AutoTests" name="[54] /home/travis/build/icyphy/ptII/ptolemy/domains/de/test/auto/ResetTransitionWithStartTime1.xml (RunModel)" time="0.016" />
  <testcase classname="ptolemy.util.test.junit.AutoTests" name="[55] /home/travis/build/icyphy/ptII/ptolemy/domains/de/test/auto/ResetTransitionWithStartTime2.xml (RunModel)" time="0.02" />
  <testcase classname="ptolemy.util.test.junit.AutoTests" name="[56] /home/travis/build/icyphy/ptII/ptolemy/domains/de/test/auto/ResetTransitionWithStartTime3.xml (RunModel)" time="0.019" />
  <testcase classname="ptolemy.util.test.junit.AutoTests" name="[57] /home/travis/build/icyphy/ptII/ptolemy/domains/de/test/auto/ResetTransitionWithStartTime4.xml (RunModel)" time="0.016" />
  <testcase classname="ptolemy.util.test.junit.AutoTests" name="[58] /home/travis/build/icyphy/ptII/ptolemy/domains/de/test/auto/ResettableTimer1.xml (RunModel)" time="0.01" />
  <testcase classname="ptolemy.util.test.junit.AutoTests" name="[59] /home/travis/build/icyphy/ptII/ptolemy/domains/de/test/auto/ResettableTimer2.xml (RunModel)" time="0.01" />
  <testcase classname="ptolemy.util.test.junit.AutoTests" name="[60] /home/travis/build/icyphy/ptII/ptolemy/domains/de/test/auto/ResettableTimer3.xml (RunModel)" time="0.008" />
  <testcase classname="ptolemy.util.test.junit.AutoTests" name="[61] /home/travis/build/icyphy/ptII/ptolemy/domains/de/test/auto/ResettableTimer4.xml (RunModel)" time="0.009" />
  <testcase classname="ptolemy.util.test.junit.AutoTests" name="[62] /home/travis/build/icyphy/ptII/ptolemy/domains/de/test/auto/ResettableTimer5.xml (RunModel)" time="0.009" />
  <testcase classname="ptolemy.util.test.junit.AutoTests" name="[63] /home/travis/build/icyphy/ptII/ptolemy/domains/de/test/auto/ResettableTimer6.xml (RunModel)" time="0.017" />
  <testcase classname="ptolemy.util.test.junit.AutoTests" name="[64] /home/travis/build/icyphy/ptII/ptolemy/domains/de/test/auto/ServerZeroDelay.xml (RunModel)" time="0.016" />
  <testcase classname="ptolemy.util.test.junit.AutoTests" name="[65] /home/travis/build/icyphy/ptII/ptolemy/domains/de/test/auto/SmartSender.xml (RunModel)" time="3.009" />
  <testcase classname="ptolemy.util.test.junit.AutoTests" name="[66] /home/travis/build/icyphy/ptII/ptolemy/domains/de/test/auto/ThreadedComposite.xml (RunModel)" time="1.138" />
  <testcase classname="ptolemy.util.test.junit.AutoTests" name="[67] /home/travis/build/icyphy/ptII/ptolemy/domains/de/test/auto/Time.xml (RunModel)" time="0.449" />
  <testcase classname="ptolemy.util.test.junit.AutoTests" name="[68] /home/travis/build/icyphy/ptII/ptolemy/domains/de/test/auto/TimeDelayZeroDelay.xml (RunModel)" time="0.012" />
  <testcase classname="ptolemy.util.test.junit.AutoTests" name="[69] /home/travis/build/icyphy/ptII/ptolemy/domains/de/test/auto/TimerZeroDelay.xml (RunModel)" time="0.013" />
  <testcase classname="ptolemy.util.test.junit.AutoTests" name="[70] /home/travis/build/icyphy/ptII/ptolemy/domains/de/test/auto/TimingParadox.xml (RunModel)" time="0.357" />
  <testcase classname="ptolemy.util.test.junit.AutoTests" name="[71] /home/travis/build/icyphy/ptII/ptolemy/domains/de/test/auto/TransferInputs.xml (RunModel)" time="0.014" />
  <testcase classname="ptolemy.util.test.junit.AutoTests" name="[72] /home/travis/build/icyphy/ptII/ptolemy/domains/de/test/auto/TransferOutputs2.xml (RunModel)" time="0.016" />
  <testcase classname="ptolemy.util.test.junit.AutoTests" name="[73] /home/travis/build/icyphy/ptII/ptolemy/domains/de/test/auto/Trilateration.xml (RunModel)" time="12.231" />
  <testcase classname="ptolemy.util.test.junit.AutoTests" name="[74] /home/travis/build/icyphy/ptII/ptolemy/domains/de/test/auto/TwoSigmaDelta.xml (RunModel)" time="1.864" />
  <testcase classname="ptolemy.util.test.junit.AutoTests" name="[75] /home/travis/build/icyphy/ptII/ptolemy/domains/de/test/auto/VariableDelay.xml (RunModel)" time="0.014" />
  <testcase classname="ptolemy.util.test.junit.AutoTests" name="[76] /home/travis/build/icyphy/ptII/ptolemy/domains/de/test/auto/VariableDelay2.xml (RunModel)" time="0.01" />
  <testcase classname="ptolemy.util.test.junit.AutoTests" name="[77] /home/travis/build/icyphy/ptII/ptolemy/domains/de/test/auto/VariableDelayZeroDelay.xml (RunModel)" time="0.01" />
  <testcase classname="ptolemy.util.test.junit.AutoTests" name="[78] /home/travis/build/icyphy/ptII/ptolemy/domains/de/test/auto/VariableDelayZeroDelay2.xml (RunModel)" time="0.009" />
  <testcase classname="ptolemy.util.test.junit.AutoTests" name="[79] /home/travis/build/icyphy/ptII/ptolemy/domains/de/test/auto/deInCt.xml (RunModel)" time="0.013" />
  <testcase classname="ptolemy.util.test.junit.AutoTests" name="[80] /home/travis/build/icyphy/ptII/ptolemy/domains/de/test/auto/deInCt2.xml (RunModel)" time="0.014" />
  <testcase classname="ptolemy.util.test.junit.AutoTests" name="[81] /home/travis/build/icyphy/ptII/ptolemy/domains/de/test/auto/dynamicCausalityInterface1.xml (RunModel)" time="0.022" />
  <testcase classname="ptolemy.util.test.junit.AutoTests" name="[82] /home/travis/build/icyphy/ptII/ptolemy/domains/de/test/auto/fsm_de_test.xml (RunModel)" time="0.021" />
  <testcase classname="ptolemy.util.test.junit.AutoTests" name="[83] /home/travis/build/icyphy/ptII/ptolemy/domains/de/test/auto/functionDependencyReconstruction.xml (RunModel)" time="0.03" />
  <testcase classname="ptolemy.util.test.junit.AutoTests" name="[84] /home/travis/build/icyphy/ptII/ptolemy/domains/de/test/auto/multirate.xml (RunModel)" time="0.016" />
  <testcase classname="ptolemy.util.test.junit.AutoTests" name="[85] /home/travis/build/icyphy/ptII/ptolemy/domains/de/test/auto/multirate2.xml (RunModel)" time="0.014" />
  <testcase classname="ptolemy.util.test.junit.AutoTests" name="[86] /home/travis/build/icyphy/ptII/ptolemy/domains/de/test/auto/realtime.xml (RunModel)" time="10.011" />
  <testcase classname="ptolemy.util.test.junit.AutoTests" name="[87] /home/travis/build/icyphy/ptII/ptolemy/domains/de/test/auto/relationGroup.xml (RunModel)" time="0.009" />
  <testcase classname="ptolemy.util.test.junit.AutoTests" name="[88] /home/travis/build/icyphy/ptII/ptolemy/domains/de/test/auto/relationGroup2.xml (RunModel)" time="0.013" />
  <testcase classname="ptolemy.util.test.junit.AutoTests" name="[89] /home/travis/build/icyphy/ptII/ptolemy/domains/de/test/auto/sortWithOpaquePorts.xml (RunModel)" time="0.013" />
  <testcase classname="ptolemy.util.test.junit.AutoTests" name="[90] /home/travis/build/icyphy/ptII/ptolemy/domains/de/test/auto/transferInputsandOutputs.xml (RunModel)" time="0.014" />
  <testcase classname="ptolemy.util.test.junit.AutoTests" name="[91] /home/travis/build/icyphy/ptII/ptolemy/domains/de/test/auto/triggerType.xml (RunModel)" time="0.008" />
  <system-out><![CDATA[/home/travis/build/icyphy/ptII/ptolemy/domains/de/test/DependencyLoop.tcl
testDefs.tcl: setting time out to 9000 seconds at Wed Dec 05 02:57:27 UTC 2018
17 ms. Memory: 116224K Free: 93464K (80%)
6 ms. Memory: 146944K Free: 135497K (92%)
/home/travis/build/icyphy/ptII/ptolemy/domains/de/test/RunDETestsAsQSS.tcl
Run the DE tests using ptolemy.domains.qss.test.QSSDirectorTest, which extends QSSDirector and prints a message in the constructors.
------------------ testing $PTII/ptolemy/domains/de/test/auto/knownFailedTests/dependencyLoop.xml (Known Failure) 
7 ms. Memory: 146944K Free: 132385K (90%)


==== $PTIIhome/travis/build/icyphy/ptII/ptolemy/domains/de/test/../../../../: Auto Automatic test in file $PTII/ptolemy/domains/de/test/auto/knownFailedTests/dependencyLoop.xml
==== Contents of test case:

	    # FIXME: we should use $relativeFilename here, but it
	    # might have backslashes under Windows, which causes no end
	    # of trouble.
	    createAndExecute $file
	    list {}
	
.... Test generated KNOWN error:
    while executing
ptolemy.kernel.util.IllegalActionException: Found a zero delay loop containing .dependencyLoop.original
  in .dependencyLoop and .dependencyLoop.original
	at ptolemy.actor.util.CausalityInterfaceForComposites._computeOutputPortDepth(CausalityInterfaceForComposites.java:759)
	at ptolemy.actor.util.CausalityInterfaceForComposites._computeInputDepth(CausalityInterfaceForComposites.java:696)
	at ptolemy.actor.util.CausalityInterfaceForComposites._computeOutputPortDepth(CausalityInterfaceForComposites.java:765)
	at ptolemy.actor.util.CausalityInterfaceForComposites._computeInputDepth(CausalityInterfaceForComposites.java:696)
	at ptolemy.actor.util.CausalityInterfaceForComposites._computeOutputPortDepth(CausalityInterfaceForComposites.java:765)
	at ptolemy.actor.util.CausalityInterfaceForComposites._computeInputDepth(CausalityInterfaceForComposites.java:696)
	at ptolemy.actor.util.CausalityInterfaceForComposites._computeActorDepth(CausalityInterfaceForComposites.java:532)
	at ptolemy.actor.util.CausalityInterfaceForComposites.checkForCycles(CausalityInterfaceForComposites.java:96)
	at ptolemy.domains.de.kernel.DEDirector.preinitialize(DEDirector.java:1338)
	at ptolemy.actor.CompositeActor.preinitialize(CompositeActor.java:1828)
	at ptolemy.actor.Manager.preinitializeAndResolveTypes(Manager.java:1040)
	at ptolemy.actor.Manager.initialize(Manager.java:710)
	at ptolemy.actor.Manager.execute(Manager.java:356)
	at ptolemy.actor.Manager.run(Manager.java:1263)
	at ptolemy.actor.Manager$PtolemyRunThread.run(Manager.java:1915)

    while executing
ptolemy.kernel.util.IllegalActionException: Found a zero delay loop containing .dependencyLoop.original
  in .dependencyLoop and .dependencyLoop.original
    while executing
"java::new ptolemy.moml.MoMLSimpleApplication $file
"
    (procedure "createAndExecute" line 2)
    invoked from within
"createAndExecute $file"
    ("uplevel" body line 5)
    invoked from within
"uplevel $contents_of_test"
------------------ testing $PTII/ptolemy/domains/de/test/auto/knownFailedTests/DESDFClockTest.xml (Known Failure) 
2052 ms. Memory: 146944K Free: 116590K (79%)


==== $PTIIhome/travis/build/icyphy/ptII/ptolemy/domains/de/test/../../../../: Auto Automatic test in file $PTII/ptolemy/domains/de/test/auto/knownFailedTests/DESDFClockTest.xml
==== Contents of test case:

	    # FIXME: we should use $relativeFilename here, but it
	    # might have backslashes under Windows, which causes no end
	    # of trouble.
	    createAndExecute $file
	    list {}
	
.... Test generated KNOWN error:
    while executing
ptolemy.kernel.util.IllegalActionException: Actor is not ready to fire.  Perhaps UpSample.prefire() returned false? Try debugging the actor by selecting "Listen to Actor".  Also, for SDF check moml for tokenConsumptionRate on input.
  in .DESDFClockTest.Play Bell.Copy1:SDF Director and .DESDFClockTest.Play Bell.UpSample
	at ptolemy.actor.sched.StaticSchedulingDirector.fire(StaticSchedulingDirector.java:227)
	at ptolemy.domains.sdf.kernel.SDFDirector.fire(SDFDirector.java:500)
	at ptolemy.actor.CompositeActor.fire(CompositeActor.java:455)
	at ptolemy.domains.de.kernel.DEDirector._fire(DEDirector.java:1949)
	at ptolemy.domains.de.kernel.DEDirector.fire(DEDirector.java:502)
	at ptolemy.actor.CompositeActor.fire(CompositeActor.java:455)
	at ptolemy.actor.Manager.iterate(Manager.java:851)
	at ptolemy.actor.Manager.execute(Manager.java:369)
	at ptolemy.actor.Manager.run(Manager.java:1263)
	at ptolemy.actor.Manager$PtolemyRunThread.run(Manager.java:1915)

    while executing
ptolemy.kernel.util.IllegalActionException: Actor is not ready to fire.  Perhaps UpSample.prefire() returned false? Try debugging the actor by selecting "Listen to Actor".  Also, for SDF check moml for tokenConsumptionRate on input.
  in .DESDFClockTest.Play Bell.Copy1:SDF Director and .DESDFClockTest.Play Bell.UpSample
    while executing
"java::new ptolemy.moml.MoMLSimpleApplication $file
"
    (procedure "createAndExecute" line 2)
    invoked from within
"createAndExecute $file"
    ("uplevel" body line 5)
    invoked from within
"uplevel $contents_of_test"
------------------ testing $PTII/ptolemy/domains/de/test/auto/knownFailedTests/FSMSource.xml (Known Failure) 
22 ms. Memory: 146944K Free: 107102K (73%)
!!!! Auto was marked as failing, but now passes
------------------ testing $PTII/ptolemy/domains/de/test/auto/knownFailedTests/dependencyLoop2.xml (Known Failure) 
6 ms. Memory: 146944K Free: 105242K (72%)


==== $PTIIhome/travis/build/icyphy/ptII/ptolemy/domains/de/test/../../../../: Auto Automatic test in file $PTII/ptolemy/domains/de/test/auto/knownFailedTests/dependencyLoop2.xml
==== Contents of test case:

	    # FIXME: we should use $relativeFilename here, but it
	    # might have backslashes under Windows, which causes no end
	    # of trouble.
	    createAndExecute $file
	    list {}
	
.... Test generated KNOWN error:
    while executing
ptolemy.kernel.util.IllegalActionException: Found a zero delay loop containing .dependencyLoop2.original
  in .dependencyLoop2 and .dependencyLoop2.original
	at ptolemy.actor.util.CausalityInterfaceForComposites._computeOutputPortDepth(CausalityInterfaceForComposites.java:759)
	at ptolemy.actor.util.CausalityInterfaceForComposites._computeInputDepth(CausalityInterfaceForComposites.java:696)
	at ptolemy.actor.util.CausalityInterfaceForComposites._computeOutputPortDepth(CausalityInterfaceForComposites.java:765)
	at ptolemy.actor.util.CausalityInterfaceForComposites._computeInputDepth(CausalityInterfaceForComposites.java:696)
	at ptolemy.actor.util.CausalityInterfaceForComposites._computeOutputPortDepth(CausalityInterfaceForComposites.java:765)
	at ptolemy.actor.util.CausalityInterfaceForComposites._computeInputDepth(CausalityInterfaceForComposites.java:696)
	at ptolemy.actor.util.CausalityInterfaceForComposites._computeActorDepth(CausalityInterfaceForComposites.java:532)
	at ptolemy.actor.util.CausalityInterfaceForComposites.checkForCycles(CausalityInterfaceForComposites.java:96)
	at ptolemy.domains.de.kernel.DEDirector.preinitialize(DEDirector.java:1338)
	at ptolemy.actor.CompositeActor.preinitialize(CompositeActor.java:1828)
	at ptolemy.actor.Manager.preinitializeAndResolveTypes(Manager.java:1040)
	at ptolemy.actor.Manager.initialize(Manager.java:710)
	at ptolemy.actor.Manager.execute(Manager.java:356)
	at ptolemy.actor.Manager.run(Manager.java:1263)
	at ptolemy.actor.Manager$PtolemyRunThread.run(Manager.java:1915)

    while executing
ptolemy.kernel.util.IllegalActionException: Found a zero delay loop containing .dependencyLoop2.original
  in .dependencyLoop2 and .dependencyLoop2.original
    while executing
"java::new ptolemy.moml.MoMLSimpleApplication $file
"
    (procedure "createAndExecute" line 2)
    invoked from within
"createAndExecute $file"
    ("uplevel" body line 5)
    invoked from within
"uplevel $contents_of_test"
------------------ testing $PTII/ptolemy/domains/de/test/auto/knownFailedTests/HierarchicalModel.xml (Known Failure) 
5 ms. Memory: 146944K Free: 83675K (57%)


==== $PTIIhome/travis/build/icyphy/ptII/ptolemy/domains/de/test/../../../../: Auto Automatic test in file $PTII/ptolemy/domains/de/test/auto/knownFailedTests/HierarchicalModel.xml
==== Contents of test case:

	    # FIXME: we should use $relativeFilename here, but it
	    # might have backslashes under Windows, which causes no end
	    # of trouble.
	    createAndExecute $file
	    list {}
	
.... Test generated KNOWN error:
    while executing
ptolemy.kernel.util.IllegalActionException: Found a zero delay loop containing .HierarchicalModel.A
  in .HierarchicalModel and .HierarchicalModel.A
	at ptolemy.actor.util.CausalityInterfaceForComposites._computeOutputPortDepth(CausalityInterfaceForComposites.java:759)
	at ptolemy.actor.util.CausalityInterfaceForComposites._computeInputDepth(CausalityInterfaceForComposites.java:696)
	at ptolemy.actor.util.CausalityInterfaceForComposites._computeOutputPortDepth(CausalityInterfaceForComposites.java:765)
	at ptolemy.actor.util.CausalityInterfaceForComposites._computeInputDepth(CausalityInterfaceForComposites.java:696)
	at ptolemy.actor.util.CausalityInterfaceForComposites._computeOutputPortDepth(CausalityInterfaceForComposites.java:765)
	at ptolemy.actor.util.CausalityInterfaceForComposites._computeInputDepth(CausalityInterfaceForComposites.java:696)
	at ptolemy.actor.util.CausalityInterfaceForComposites._computeActorDepth(CausalityInterfaceForComposites.java:532)
	at ptolemy.actor.util.CausalityInterfaceForComposites.checkForCycles(CausalityInterfaceForComposites.java:96)
	at ptolemy.domains.de.kernel.DEDirector.preinitialize(DEDirector.java:1338)
	at ptolemy.actor.CompositeActor.preinitialize(CompositeActor.java:1828)
	at ptolemy.actor.Manager.preinitializeAndResolveTypes(Manager.java:1040)
	at ptolemy.actor.Manager.initialize(Manager.java:710)
	at ptolemy.actor.Manager.execute(Manager.java:356)
	at ptolemy.actor.Manager.run(Manager.java:1263)
	at ptolemy.actor.Manager$PtolemyRunThread.run(Manager.java:1915)

    while executing
ptolemy.kernel.util.IllegalActionException: Found a zero delay loop containing .HierarchicalModel.A
  in .HierarchicalModel and .HierarchicalModel.A
    while executing
"java::new ptolemy.moml.MoMLSimpleApplication $file
"
    (procedure "createAndExecute" line 2)
    invoked from within
"createAndExecute $file"
    ("uplevel" body line 5)
    invoked from within
"uplevel $contents_of_test"
------------------ testing $PTII/ptolemy/domains/de/test/auto/knownFailedTests/DirectFeedback.xml (Known Failure) 
15 ms. Memory: 146944K Free: 140081K (95%)


==== $PTIIhome/travis/build/icyphy/ptII/ptolemy/domains/de/test/../../../../: Auto Automatic test in file $PTII/ptolemy/domains/de/test/auto/knownFailedTests/DirectFeedback.xml
==== Contents of test case:

	    # FIXME: we should use $relativeFilename here, but it
	    # might have backslashes under Windows, which causes no end
	    # of trouble.
	    createAndExecute $file
	    list {}
	
.... Test generated KNOWN error:
    while executing
ptolemy.kernel.util.IllegalActionException: Test fails in iteration 1.
Value was: 1.0. Should have been: 2.0
  in .DirectFeedback.Test
	at ptolemy.actor.lib.Test.fire(Test.java:268)
	at ptolemy.domains.de.kernel.DEDirector._fire(DEDirector.java:1949)
	at ptolemy.domains.de.kernel.DEDirector.fire(DEDirector.java:502)
	at ptolemy.actor.CompositeActor.fire(CompositeActor.java:455)
	at ptolemy.actor.Manager.iterate(Manager.java:851)
	at ptolemy.actor.Manager.execute(Manager.java:369)
	at ptolemy.actor.Manager.run(Manager.java:1263)
	at ptolemy.actor.Manager$PtolemyRunThread.run(Manager.java:1915)

    while executing
ptolemy.kernel.util.IllegalActionException: Test fails in iteration 1.
Value was: 1.0. Should have been: 2.0
  in .DirectFeedback.Test
    while executing
"java::new ptolemy.moml.MoMLSimpleApplication $file
"
    (procedure "createAndExecute" line 2)
    invoked from within
"createAndExecute $file"
    ("uplevel" body line 5)
    invoked from within
"uplevel $contents_of_test"
------------------ testing $PTII/ptolemy/domains/de/test/auto/ActorDepthCalculation_actorWithoutPorts.xml
auto.tcl: Setting watchdog for 200 seconds at Wed Dec 05 02:57:30 UTC 2018
7 ms. Memory: 146944K Free: 132457K (90%)
ptolemy.util.test.WatchDog.cancel(): canceling Wed Dec 05 02:57:30 UTC 2018
auto.tcl: Setting watchdog for 200 seconds at Wed Dec 05 02:57:30 UTC 2018
4 ms. Memory: 146944K Free: 131424K (89%)
ptolemy.util.test.WatchDog.cancel(): canceling Wed Dec 05 02:57:30 UTC 2018
------------------ testing $PTII/ptolemy/domains/de/test/auto/AssemblyLine.xml
auto.tcl: Setting watchdog for 200 seconds at Wed Dec 05 02:57:31 UTC 2018
11 ms. Memory: 208384K Free: 182857K (88%)
ptolemy.util.test.WatchDog.cancel(): canceling Wed Dec 05 02:57:31 UTC 2018
auto.tcl: Setting watchdog for 200 seconds at Wed Dec 05 02:57:31 UTC 2018
8 ms. Memory: 208384K Free: 182857K (88%)
ptolemy.util.test.WatchDog.cancel(): canceling Wed Dec 05 02:57:31 UTC 2018
------------------ testing $PTII/ptolemy/domains/de/test/auto/CQBug1.xml
auto.tcl: Setting watchdog for 200 seconds at Wed Dec 05 02:57:31 UTC 2018
3 ms. Memory: 208384K Free: 197717K (95%)
ptolemy.util.test.WatchDog.cancel(): canceling Wed Dec 05 02:57:31 UTC 2018
auto.tcl: Setting watchdog for 200 seconds at Wed Dec 05 02:57:31 UTC 2018
2 ms. Memory: 208384K Free: 197717K (95%)
ptolemy.util.test.WatchDog.cancel(): canceling Wed Dec 05 02:57:31 UTC 2018
------------------ testing $PTII/ptolemy/domains/de/test/auto/CancelFireAt.xml
auto.tcl: Setting watchdog for 200 seconds at Wed Dec 05 02:57:31 UTC 2018
7 ms. Memory: 208384K Free: 201431K (97%)
ptolemy.util.test.WatchDog.cancel(): canceling Wed Dec 05 02:57:31 UTC 2018
auto.tcl: Setting watchdog for 200 seconds at Wed Dec 05 02:57:31 UTC 2018
3 ms. Memory: 208384K Free: 199337K (96%)
ptolemy.util.test.WatchDog.cancel(): canceling Wed Dec 05 02:57:31 UTC 2018
------------------ testing $PTII/ptolemy/domains/de/test/auto/CausalityAndComposabilityAnalysis.xml
auto.tcl: Setting watchdog for 200 seconds at Wed Dec 05 02:57:31 UTC 2018
14 ms. Memory: 208384K Free: 196505K (94%)
ptolemy.util.test.WatchDog.cancel(): canceling Wed Dec 05 02:57:31 UTC 2018
auto.tcl: Setting watchdog for 200 seconds at Wed Dec 05 02:57:31 UTC 2018
5 ms. Memory: 208384K Free: 196505K (94%)
ptolemy.util.test.WatchDog.cancel(): canceling Wed Dec 05 02:57:31 UTC 2018
------------------ testing $PTII/ptolemy/domains/de/test/auto/CausalityInterface1.xml
auto.tcl: Setting watchdog for 200 seconds at Wed Dec 05 02:57:31 UTC 2018
11 ms. Memory: 208384K Free: 196443K (94%)
ptolemy.util.test.WatchDog.cancel(): canceling Wed Dec 05 02:57:31 UTC 2018
auto.tcl: Setting watchdog for 200 seconds at Wed Dec 05 02:57:31 UTC 2018
4 ms. Memory: 208384K Free: 196443K (94%)
ptolemy.util.test.WatchDog.cancel(): canceling Wed Dec 05 02:57:31 UTC 2018
------------------ testing $PTII/ptolemy/domains/de/test/auto/CausalityInterface15.xml
auto.tcl: Setting watchdog for 200 seconds at Wed Dec 05 02:57:31 UTC 2018
12 ms. Memory: 208384K Free: 196435K (94%)
ptolemy.util.test.WatchDog.cancel(): canceling Wed Dec 05 02:57:31 UTC 2018
auto.tcl: Setting watchdog for 200 seconds at Wed Dec 05 02:57:31 UTC 2018
6 ms. Memory: 208384K Free: 196435K (94%)
ptolemy.util.test.WatchDog.cancel(): canceling Wed Dec 05 02:57:31 UTC 2018
------------------ testing $PTII/ptolemy/domains/de/test/auto/CausalityInterface2.xml
auto.tcl: Setting watchdog for 200 seconds at Wed Dec 05 02:57:32 UTC 2018
10 ms. Memory: 208384K Free: 196418K (94%)
ptolemy.util.test.WatchDog.cancel(): canceling Wed Dec 05 02:57:32 UTC 2018
auto.tcl: Setting watchdog for 200 seconds at Wed Dec 05 02:57:32 UTC 2018
3 ms. Memory: 208384K Free: 196418K (94%)
ptolemy.util.test.WatchDog.cancel(): canceling Wed Dec 05 02:57:32 UTC 2018
------------------ testing $PTII/ptolemy/domains/de/test/auto/CausalityInterface3.xml
auto.tcl: Setting watchdog for 200 seconds at Wed Dec 05 02:57:32 UTC 2018
8 ms. Memory: 208384K Free: 196769K (94%)
ptolemy.util.test.WatchDog.cancel(): canceling Wed Dec 05 02:57:32 UTC 2018
auto.tcl: Setting watchdog for 200 seconds at Wed Dec 05 02:57:32 UTC 2018
3 ms. Memory: 208384K Free: 196431K (94%)
ptolemy.util.test.WatchDog.cancel(): canceling Wed Dec 05 02:57:32 UTC 2018
------------------ testing $PTII/ptolemy/domains/de/test/auto/ClockDrift.xml
auto.tcl: Setting watchdog for 200 seconds at Wed Dec 05 02:57:32 UTC 2018
91 ms. Memory: 208384K Free: 187684K (90%)
ptolemy.util.test.WatchDog.cancel(): canceling Wed Dec 05 02:57:32 UTC 2018
auto.tcl: Setting watchdog for 200 seconds at Wed Dec 05 02:57:32 UTC 2018
66 ms. Memory: 208384K Free: 185590K (89%)
ptolemy.util.test.WatchDog.cancel(): canceling Wed Dec 05 02:57:32 UTC 2018
------------------ testing $PTII/ptolemy/domains/de/test/auto/ClockDriftAndValueChange.xml
auto.tcl: Setting watchdog for 200 seconds at Wed Dec 05 02:57:32 UTC 2018
44 ms. Memory: 208384K Free: 187517K (90%)
ptolemy.util.test.WatchDog.cancel(): canceling Wed Dec 05 02:57:32 UTC 2018
auto.tcl: Setting watchdog for 200 seconds at Wed Dec 05 02:57:32 UTC 2018
30 ms. Memory: 208384K Free: 185424K (89%)
ptolemy.util.test.WatchDog.cancel(): canceling Wed Dec 05 02:57:32 UTC 2018
------------------ testing $PTII/ptolemy/domains/de/test/auto/ClockDriftChange.xml
auto.tcl: Setting watchdog for 200 seconds at Wed Dec 05 02:57:32 UTC 2018
21 ms. Memory: 208384K Free: 190832K (92%)
ptolemy.util.test.WatchDog.cancel(): canceling Wed Dec 05 02:57:32 UTC 2018
auto.tcl: Setting watchdog for 200 seconds at Wed Dec 05 02:57:32 UTC 2018
29 ms. Memory: 208384K Free: 188739K (91%)
ptolemy.util.test.WatchDog.cancel(): canceling Wed Dec 05 02:57:32 UTC 2018
------------------ testing $PTII/ptolemy/domains/de/test/auto/ComposableCausalityAnalysis.xml
auto.tcl: Setting watchdog for 200 seconds at Wed Dec 05 02:57:32 UTC 2018
3 ms. Memory: 208384K Free: 196285K (94%)
ptolemy.util.test.WatchDog.cancel(): canceling Wed Dec 05 02:57:32 UTC 2018
auto.tcl: Setting watchdog for 200 seconds at Wed Dec 05 02:57:32 UTC 2018
2 ms. Memory: 208384K Free: 194192K (93%)
ptolemy.util.test.WatchDog.cancel(): canceling Wed Dec 05 02:57:32 UTC 2018
------------------ testing $PTII/ptolemy/domains/de/test/auto/DEFixedPointLimitation.xml
auto.tcl: Setting watchdog for 200 seconds at Wed Dec 05 02:57:32 UTC 2018
2 ms. Memory: 208384K Free: 196365K (94%)
ptolemy.util.test.WatchDog.cancel(): canceling Wed Dec 05 02:57:32 UTC 2018
auto.tcl: Setting watchdog for 200 seconds at Wed Dec 05 02:57:32 UTC 2018
2 ms. Memory: 208384K Free: 196365K (94%)
ptolemy.util.test.WatchDog.cancel(): canceling Wed Dec 05 02:57:32 UTC 2018
------------------ testing $PTII/ptolemy/domains/de/test/auto/DEScheduleTest.xml
auto.tcl: Setting watchdog for 200 seconds at Wed Dec 05 02:57:32 UTC 2018
5 ms. Memory: 208384K Free: 198494K (95%)
ptolemy.util.test.WatchDog.cancel(): canceling Wed Dec 05 02:57:32 UTC 2018
auto.tcl: Setting watchdog for 200 seconds at Wed Dec 05 02:57:32 UTC 2018
3 ms. Memory: 208384K Free: 196401K (94%)
ptolemy.util.test.WatchDog.cancel(): canceling Wed Dec 05 02:57:33 UTC 2018
------------------ testing $PTII/ptolemy/domains/de/test/auto/DEinDEwithStartTimes.xml
auto.tcl: Setting watchdog for 200 seconds at Wed Dec 05 02:57:33 UTC 2018
5 ms. Memory: 208384K Free: 196371K (94%)
ptolemy.util.test.WatchDog.cancel(): canceling Wed Dec 05 02:57:33 UTC 2018
auto.tcl: Setting watchdog for 200 seconds at Wed Dec 05 02:57:33 UTC 2018
6 ms. Memory: 208384K Free: 194278K (93%)
ptolemy.util.test.WatchDog.cancel(): canceling Wed Dec 05 02:57:33 UTC 2018
------------------ testing $PTII/ptolemy/domains/de/test/auto/DEinDEwithStartTimes2.xml
auto.tcl: Setting watchdog for 200 seconds at Wed Dec 05 02:57:33 UTC 2018
8 ms. Memory: 208384K Free: 196688K (94%)
ptolemy.util.test.WatchDog.cancel(): canceling Wed Dec 05 02:57:33 UTC 2018
auto.tcl: Setting watchdog for 200 seconds at Wed Dec 05 02:57:33 UTC 2018
8 ms. Memory: 208384K Free: 194257K (93%)
ptolemy.util.test.WatchDog.cancel(): canceling Wed Dec 05 02:57:33 UTC 2018
------------------ testing $PTII/ptolemy/domains/de/test/auto/DateDemo.xml
auto.tcl: Setting watchdog for 200 seconds at Wed Dec 05 02:57:33 UTC 2018
9 ms. Memory: 208384K Free: 188816K (91%)
ptolemy.util.test.WatchDog.cancel(): canceling Wed Dec 05 02:57:33 UTC 2018
auto.tcl: Setting watchdog for 200 seconds at Wed Dec 05 02:57:33 UTC 2018
9 ms. Memory: 208384K Free: 186723K (90%)
ptolemy.util.test.WatchDog.cancel(): canceling Wed Dec 05 02:57:33 UTC 2018
------------------ testing $PTII/ptolemy/domains/de/test/auto/DateToEvent.xml
auto.tcl: Setting watchdog for 200 seconds at Wed Dec 05 02:57:33 UTC 2018
2015 ms. Memory: 208384K Free: 183543K (88%)
ptolemy.util.test.WatchDog.cancel(): canceling Wed Dec 05 02:57:35 UTC 2018
auto.tcl: Setting watchdog for 200 seconds at Wed Dec 05 02:57:35 UTC 2018
2003 ms. Memory: 208384K Free: 181085K (87%)
ptolemy.util.test.WatchDog.cancel(): canceling Wed Dec 05 02:57:37 UTC 2018
------------------ testing $PTII/ptolemy/domains/de/test/auto/DepthTest1.xml
auto.tcl: Setting watchdog for 200 seconds at Wed Dec 05 02:57:37 UTC 2018
4 ms. Memory: 208384K Free: 198023K (95%)
ptolemy.util.test.WatchDog.cancel(): canceling Wed Dec 05 02:57:37 UTC 2018
auto.tcl: Setting watchdog for 200 seconds at Wed Dec 05 02:57:37 UTC 2018
1 ms. Memory: 208384K Free: 198023K (95%)
ptolemy.util.test.WatchDog.cancel(): canceling Wed Dec 05 02:57:37 UTC 2018
------------------ testing $PTII/ptolemy/domains/de/test/auto/DepthTest2.xml
auto.tcl: Setting watchdog for 200 seconds at Wed Dec 05 02:57:37 UTC 2018
9 ms. Memory: 208384K Free: 194237K (93%)
ptolemy.util.test.WatchDog.cancel(): canceling Wed Dec 05 02:57:37 UTC 2018
auto.tcl: Setting watchdog for 200 seconds at Wed Dec 05 02:57:37 UTC 2018
8 ms. Memory: 208384K Free: 194237K (93%)
ptolemy.util.test.WatchDog.cancel(): canceling Wed Dec 05 02:57:37 UTC 2018
------------------ testing $PTII/ptolemy/domains/de/test/auto/DepthTest3.xml
auto.tcl: Setting watchdog for 200 seconds at Wed Dec 05 02:57:37 UTC 2018
2 ms. Memory: 208384K Free: 198694K (95%)
ptolemy.util.test.WatchDog.cancel(): canceling Wed Dec 05 02:57:37 UTC 2018
auto.tcl: Setting watchdog for 200 seconds at Wed Dec 05 02:57:37 UTC 2018
2 ms. Memory: 208384K Free: 198694K (95%)
ptolemy.util.test.WatchDog.cancel(): canceling Wed Dec 05 02:57:37 UTC 2018
------------------ testing $PTII/ptolemy/domains/de/test/auto/DepthTest4.xml
auto.tcl: Setting watchdog for 200 seconds at Wed Dec 05 02:57:37 UTC 2018
3 ms. Memory: 208384K Free: 196351K (94%)
ptolemy.util.test.WatchDog.cancel(): canceling Wed Dec 05 02:57:37 UTC 2018
auto.tcl: Setting watchdog for 200 seconds at Wed Dec 05 02:57:37 UTC 2018
2 ms. Memory: 208384K Free: 196351K (94%)
ptolemy.util.test.WatchDog.cancel(): canceling Wed Dec 05 02:57:37 UTC 2018
------------------ testing $PTII/ptolemy/domains/de/test/auto/DepthTest5.xml
auto.tcl: Setting watchdog for 200 seconds at Wed Dec 05 02:57:37 UTC 2018
7 ms. Memory: 208384K Free: 196298K (94%)
ptolemy.util.test.WatchDog.cancel(): canceling Wed Dec 05 02:57:37 UTC 2018
auto.tcl: Setting watchdog for 200 seconds at Wed Dec 05 02:57:37 UTC 2018
3 ms. Memory: 208384K Free: 196298K (94%)
ptolemy.util.test.WatchDog.cancel(): canceling Wed Dec 05 02:57:37 UTC 2018
------------------ testing $PTII/ptolemy/domains/de/test/auto/DepthTest6.xml
auto.tcl: Setting watchdog for 200 seconds at Wed Dec 05 02:57:37 UTC 2018
9 ms. Memory: 208384K Free: 196273K (94%)
ptolemy.util.test.WatchDog.cancel(): canceling Wed Dec 05 02:57:37 UTC 2018
auto.tcl: Setting watchdog for 200 seconds at Wed Dec 05 02:57:37 UTC 2018
3 ms. Memory: 208384K Free: 196273K (94%)
ptolemy.util.test.WatchDog.cancel(): canceling Wed Dec 05 02:57:37 UTC 2018
------------------ testing $PTII/ptolemy/domains/de/test/auto/DepthTest7.xml
auto.tcl: Setting watchdog for 200 seconds at Wed Dec 05 02:57:37 UTC 2018
2 ms. Memory: 208384K Free: 196255K (94%)
ptolemy.util.test.WatchDog.cancel(): canceling Wed Dec 05 02:57:37 UTC 2018
auto.tcl: Setting watchdog for 200 seconds at Wed Dec 05 02:57:37 UTC 2018
2 ms. Memory: 208384K Free: 196255K (94%)
ptolemy.util.test.WatchDog.cancel(): canceling Wed Dec 05 02:57:37 UTC 2018
------------------ testing $PTII/ptolemy/domains/de/test/auto/EventToDate.xml
auto.tcl: Setting watchdog for 200 seconds at Wed Dec 05 02:57:37 UTC 2018
3005 ms. Memory: 208384K Free: 185810K (89%)
ptolemy.util.test.WatchDog.cancel(): canceling Wed Dec 05 02:57:41 UTC 2018
auto.tcl: Setting watchdog for 200 seconds at Wed Dec 05 02:57:41 UTC 2018
3005 ms. Memory: 208384K Free: 185810K (89%)
ptolemy.util.test.WatchDog.cancel(): canceling Wed Dec 05 02:57:44 UTC 2018
------------------ testing $PTII/ptolemy/domains/de/test/auto/FSM1.xml
auto.tcl: Setting watchdog for 200 seconds at Wed Dec 05 02:57:44 UTC 2018
30 ms. Memory: 208384K Free: 189320K (91%)
ptolemy.util.test.WatchDog.cancel(): canceling Wed Dec 05 02:57:44 UTC 2018
auto.tcl: Setting watchdog for 200 seconds at Wed Dec 05 02:57:44 UTC 2018
13 ms. Memory: 208384K Free: 185133K (89%)
ptolemy.util.test.WatchDog.cancel(): canceling Wed Dec 05 02:57:44 UTC 2018
------------------ testing $PTII/ptolemy/domains/de/test/auto/FSM7.xml
auto.tcl: Setting watchdog for 200 seconds at Wed Dec 05 02:57:44 UTC 2018
26 ms. Memory: 208384K Free: 187429K (90%)
ptolemy.util.test.WatchDog.cancel(): canceling Wed Dec 05 02:57:44 UTC 2018
auto.tcl: Setting watchdog for 200 seconds at Wed Dec 05 02:57:44 UTC 2018
22 ms. Memory: 208384K Free: 185335K (89%)
ptolemy.util.test.WatchDog.cancel(): canceling Wed Dec 05 02:57:44 UTC 2018
------------------ testing $PTII/ptolemy/domains/de/test/auto/Inspection.xml
auto.tcl: Setting watchdog for 200 seconds at Wed Dec 05 02:57:44 UTC 2018
35 ms. Memory: 208384K Free: 188979K (91%)
ptolemy.util.test.WatchDog.cancel(): canceling Wed Dec 05 02:57:44 UTC 2018
auto.tcl: Setting watchdog for 200 seconds at Wed Dec 05 02:57:44 UTC 2018
34 ms. Memory: 208384K Free: 186886K (90%)
ptolemy.util.test.WatchDog.cancel(): canceling Wed Dec 05 02:57:44 UTC 2018
------------------ testing $PTII/ptolemy/domains/de/test/auto/Iteration.xml
auto.tcl: Setting watchdog for 200 seconds at Wed Dec 05 02:57:44 UTC 2018
12 ms. Memory: 208384K Free: 196059K (94%)
ptolemy.util.test.WatchDog.cancel(): canceling Wed Dec 05 02:57:44 UTC 2018
auto.tcl: Setting watchdog for 200 seconds at Wed Dec 05 02:57:44 UTC 2018
7 ms. Memory: 208384K Free: 193965K (93%)
ptolemy.util.test.WatchDog.cancel(): canceling Wed Dec 05 02:57:44 UTC 2018
------------------ testing $PTII/ptolemy/domains/de/test/auto/LineFault.xml
auto.tcl: Setting watchdog for 200 seconds at Wed Dec 05 02:57:44 UTC 2018
646 ms. Memory: 208384K Free: 196268K (94%)
ptolemy.util.test.WatchDog.cancel(): canceling Wed Dec 05 02:57:45 UTC 2018
auto.tcl: Setting watchdog for 200 seconds at Wed Dec 05 02:57:45 UTC 2018
649 ms. Memory: 208384K Free: 139118K (67%)
ptolemy.util.test.WatchDog.cancel(): canceling Wed Dec 05 02:57:46 UTC 2018
------------------ testing $PTII/ptolemy/domains/de/test/auto/MergeModel1Add.xml
auto.tcl: Setting watchdog for 200 seconds at Wed Dec 05 02:57:46 UTC 2018
18 ms. Memory: 331264K Free: 298860K (90%)
ptolemy.util.test.WatchDog.cancel(): canceling Wed Dec 05 02:57:46 UTC 2018
auto.tcl: Setting watchdog for 200 seconds at Wed Dec 05 02:57:46 UTC 2018
11 ms. Memory: 331264K Free: 298860K (90%)
ptolemy.util.test.WatchDog.cancel(): canceling Wed Dec 05 02:57:46 UTC 2018
------------------ testing $PTII/ptolemy/domains/de/test/auto/MergeModel2Add.xml
auto.tcl: Setting watchdog for 200 seconds at Wed Dec 05 02:57:46 UTC 2018
11 ms. Memory: 331264K Free: 304145K (92%)
ptolemy.util.test.WatchDog.cancel(): canceling Wed Dec 05 02:57:46 UTC 2018
auto.tcl: Setting watchdog for 200 seconds at Wed Dec 05 02:57:46 UTC 2018
8 ms. Memory: 331264K Free: 300198K (91%)
ptolemy.util.test.WatchDog.cancel(): canceling Wed Dec 05 02:57:46 UTC 2018
------------------ testing $PTII/ptolemy/domains/de/test/auto/MergeModel3Add.xml
auto.tcl: Setting watchdog for 200 seconds at Wed Dec 05 02:57:46 UTC 2018
10 ms. Memory: 331264K Free: 304156K (92%)
ptolemy.util.test.WatchDog.cancel(): canceling Wed Dec 05 02:57:46 UTC 2018
auto.tcl: Setting watchdog for 200 seconds at Wed Dec 05 02:57:46 UTC 2018
8 ms. Memory: 331264K Free: 300209K (91%)
ptolemy.util.test.WatchDog.cancel(): canceling Wed Dec 05 02:57:46 UTC 2018
------------------ testing $PTII/ptolemy/domains/de/test/auto/MergeWithoutDiscard.xml
auto.tcl: Setting watchdog for 200 seconds at Wed Dec 05 02:57:46 UTC 2018
2 ms. Memory: 331264K Free: 320225K (97%)
ptolemy.util.test.WatchDog.cancel(): canceling Wed Dec 05 02:57:46 UTC 2018
auto.tcl: Setting watchdog for 200 seconds at Wed Dec 05 02:57:46 UTC 2018
1 ms. Memory: 331264K Free: 315993K (95%)
ptolemy.util.test.WatchDog.cancel(): canceling Wed Dec 05 02:57:46 UTC 2018
------------------ testing $PTII/ptolemy/domains/de/test/auto/Modal1.xml
auto.tcl: Setting watchdog for 200 seconds at Wed Dec 05 02:57:46 UTC 2018
21 ms. Memory: 331264K Free: 309887K (94%)
ptolemy.util.test.WatchDog.cancel(): canceling Wed Dec 05 02:57:46 UTC 2018
auto.tcl: Setting watchdog for 200 seconds at Wed Dec 05 02:57:46 UTC 2018
16 ms. Memory: 331264K Free: 305940K (92%)
ptolemy.util.test.WatchDog.cancel(): canceling Wed Dec 05 02:57:46 UTC 2018
------------------ testing $PTII/ptolemy/domains/de/test/auto/Modal2.xml
auto.tcl: Setting watchdog for 200 seconds at Wed Dec 05 02:57:46 UTC 2018
16 ms. Memory: 331264K Free: 309769K (94%)
ptolemy.util.test.WatchDog.cancel(): canceling Wed Dec 05 02:57:46 UTC 2018
auto.tcl: Setting watchdog for 200 seconds at Wed Dec 05 02:57:46 UTC 2018
18 ms. Memory: 331264K Free: 305822K (92%)
ptolemy.util.test.WatchDog.cancel(): canceling Wed Dec 05 02:57:46 UTC 2018
------------------ testing $PTII/ptolemy/domains/de/test/auto/Modal3.xml
auto.tcl: Setting watchdog for 200 seconds at Wed Dec 05 02:57:47 UTC 2018
19 ms. Memory: 331264K Free: 309759K (94%)
ptolemy.util.test.WatchDog.cancel(): canceling Wed Dec 05 02:57:47 UTC 2018
auto.tcl: Setting watchdog for 200 seconds at Wed Dec 05 02:57:47 UTC 2018
15 ms. Memory: 331264K Free: 305813K (92%)
ptolemy.util.test.WatchDog.cancel(): canceling Wed Dec 05 02:57:47 UTC 2018
------------------ testing $PTII/ptolemy/domains/de/test/auto/Modal4.xml
auto.tcl: Setting watchdog for 200 seconds at Wed Dec 05 02:57:47 UTC 2018
27 ms. Memory: 331264K Free: 309772K (94%)
ptolemy.util.test.WatchDog.cancel(): canceling Wed Dec 05 02:57:47 UTC 2018
auto.tcl: Setting watchdog for 200 seconds at Wed Dec 05 02:57:47 UTC 2018
18 ms. Memory: 331264K Free: 305826K (92%)
ptolemy.util.test.WatchDog.cancel(): canceling Wed Dec 05 02:57:47 UTC 2018
------------------ testing $PTII/ptolemy/domains/de/test/auto/Modal5.xml
auto.tcl: Setting watchdog for 200 seconds at Wed Dec 05 02:57:47 UTC 2018
19 ms. Memory: 331264K Free: 309759K (94%)
ptolemy.util.test.WatchDog.cancel(): canceling Wed Dec 05 02:57:47 UTC 2018
auto.tcl: Setting watchdog for 200 seconds at Wed Dec 05 02:57:47 UTC 2018
13 ms. Memory: 331264K Free: 305812K (92%)
ptolemy.util.test.WatchDog.cancel(): canceling Wed Dec 05 02:57:47 UTC 2018
------------------ testing $PTII/ptolemy/domains/de/test/auto/Modal6.xml
auto.tcl: Setting watchdog for 200 seconds at Wed Dec 05 02:57:47 UTC 2018
14 ms. Memory: 331264K Free: 309756K (94%)
ptolemy.util.test.WatchDog.cancel(): canceling Wed Dec 05 02:57:47 UTC 2018
auto.tcl: Setting watchdog for 200 seconds at Wed Dec 05 02:57:47 UTC 2018
17 ms. Memory: 331264K Free: 305809K (92%)
ptolemy.util.test.WatchDog.cancel(): canceling Wed Dec 05 02:57:47 UTC 2018
------------------ testing $PTII/ptolemy/domains/de/test/auto/Modal7.xml
auto.tcl: Setting watchdog for 200 seconds at Wed Dec 05 02:57:47 UTC 2018
14 ms. Memory: 331264K Free: 309756K (94%)
ptolemy.util.test.WatchDog.cancel(): canceling Wed Dec 05 02:57:47 UTC 2018
auto.tcl: Setting watchdog for 200 seconds at Wed Dec 05 02:57:47 UTC 2018
10 ms. Memory: 331264K Free: 305810K (92%)
ptolemy.util.test.WatchDog.cancel(): canceling Wed Dec 05 02:57:47 UTC 2018
------------------ testing $PTII/ptolemy/domains/de/test/auto/ModalModel.xml
auto.tcl: Setting watchdog for 200 seconds at Wed Dec 05 02:57:47 UTC 2018
201 ms. Memory: 331264K Free: 246019K (74%)
ptolemy.util.test.WatchDog.cancel(): canceling Wed Dec 05 02:57:47 UTC 2018
auto.tcl: Setting watchdog for 200 seconds at Wed Dec 05 02:57:47 UTC 2018
157 ms. Memory: 331264K Free: 190606K (58%)
ptolemy.util.test.WatchDog.cancel(): canceling Wed Dec 05 02:57:48 UTC 2018
------------------ testing $PTII/ptolemy/domains/de/test/auto/ModalSource.xml
auto.tcl: Setting watchdog for 200 seconds at Wed Dec 05 02:57:48 UTC 2018
9 ms. Memory: 331264K Free: 316527K (96%)
ptolemy.util.test.WatchDog.cancel(): canceling Wed Dec 05 02:57:48 UTC 2018
auto.tcl: Setting watchdog for 200 seconds at Wed Dec 05 02:57:48 UTC 2018
6 ms. Memory: 331264K Free: 312997K (94%)
ptolemy.util.test.WatchDog.cancel(): canceling Wed Dec 05 02:57:48 UTC 2018
------------------ testing $PTII/ptolemy/domains/de/test/auto/NonInterruptibleTimerZeroDelay.xml
auto.tcl: Setting watchdog for 200 seconds at Wed Dec 05 02:57:48 UTC 2018
4 ms. Memory: 331264K Free: 320894K (97%)
ptolemy.util.test.WatchDog.cancel(): canceling Wed Dec 05 02:57:48 UTC 2018
auto.tcl: Setting watchdog for 200 seconds at Wed Dec 05 02:57:48 UTC 2018
2 ms. Memory: 331264K Free: 317365K (96%)
ptolemy.util.test.WatchDog.cancel(): canceling Wed Dec 05 02:57:48 UTC 2018
------------------ testing $PTII/ptolemy/domains/de/test/auto/OpenQueueingNetwork.xml
auto.tcl: Setting watchdog for 200 seconds at Wed Dec 05 02:57:48 UTC 2018
2839 ms. Memory: 573952K Free: 390516K (68%)
ptolemy.util.test.WatchDog.cancel(): canceling Wed Dec 05 02:57:51 UTC 2018
auto.tcl: Setting watchdog for 200 seconds at Wed Dec 05 02:57:51 UTC 2018
2443 ms. Memory: 550912K Free: 292320K (53%)
ptolemy.util.test.WatchDog.cancel(): canceling Wed Dec 05 02:57:53 UTC 2018
------------------ testing $PTII/ptolemy/domains/de/test/auto/OpenQueuingNetwork.xml
auto.tcl: Setting watchdog for 200 seconds at Wed Dec 05 02:57:53 UTC 2018
239 ms. Memory: 549888K Free: 435784K (79%)
ptolemy.util.test.WatchDog.cancel(): canceling Wed Dec 05 02:57:54 UTC 2018
auto.tcl: Setting watchdog for 200 seconds at Wed Dec 05 02:57:54 UTC 2018
228 ms. Memory: 549888K Free: 376162K (68%)
ptolemy.util.test.WatchDog.cancel(): canceling Wed Dec 05 02:57:54 UTC 2018
------------------ testing $PTII/ptolemy/domains/de/test/auto/PeriodicSampler.xml
auto.tcl: Setting watchdog for 200 seconds at Wed Dec 05 02:57:54 UTC 2018
4 ms. Memory: 551936K Free: 535391K (97%)
ptolemy.util.test.WatchDog.cancel(): canceling Wed Dec 05 02:57:54 UTC 2018
auto.tcl: Setting watchdog for 200 seconds at Wed Dec 05 02:57:54 UTC 2018
2 ms. Memory: 551936K Free: 535391K (97%)
ptolemy.util.test.WatchDog.cancel(): canceling Wed Dec 05 02:57:54 UTC 2018
------------------ testing $PTII/ptolemy/domains/de/test/auto/PersistentIO.xml
auto.tcl: Setting watchdog for 200 seconds at Wed Dec 05 02:57:54 UTC 2018
13 ms. Memory: 549376K Free: 527018K (96%)
ptolemy.util.test.WatchDog.cancel(): canceling Wed Dec 05 02:57:54 UTC 2018
auto.tcl: Setting watchdog for 200 seconds at Wed Dec 05 02:57:54 UTC 2018
4 ms. Memory: 549376K Free: 527018K (96%)
ptolemy.util.test.WatchDog.cancel(): canceling Wed Dec 05 02:57:54 UTC 2018
------------------ testing $PTII/ptolemy/domains/de/test/auto/PortParameterResetOnInitialize.xml
auto.tcl: Setting watchdog for 200 seconds at Wed Dec 05 02:57:54 UTC 2018
2 ms. Memory: 551424K Free: 530659K (96%)
ptolemy.util.test.WatchDog.cancel(): canceling Wed Dec 05 02:57:54 UTC 2018
auto.tcl: Setting watchdog for 200 seconds at Wed Dec 05 02:57:54 UTC 2018
1 ms. Memory: 551424K Free: 530659K (96%)
ptolemy.util.test.WatchDog.cancel(): canceling Wed Dec 05 02:57:54 UTC 2018
------------------ testing $PTII/ptolemy/domains/de/test/auto/PortParameterUpdates.xml
auto.tcl: Setting watchdog for 200 seconds at Wed Dec 05 02:57:54 UTC 2018
5 ms. Memory: 549376K Free: 533423K (97%)
ptolemy.util.test.WatchDog.cancel(): canceling Wed Dec 05 02:57:54 UTC 2018
auto.tcl: Setting watchdog for 200 seconds at Wed Dec 05 02:57:54 UTC 2018
3 ms. Memory: 549376K Free: 526799K (96%)
ptolemy.util.test.WatchDog.cancel(): canceling Wed Dec 05 02:57:54 UTC 2018
------------------ testing $PTII/ptolemy/domains/de/test/auto/QueueAndServer.xml
auto.tcl: Setting watchdog for 200 seconds at Wed Dec 05 02:57:54 UTC 2018
10 ms. Memory: 551424K Free: 535664K (97%)
ptolemy.util.test.WatchDog.cancel(): canceling Wed Dec 05 02:57:54 UTC 2018
auto.tcl: Setting watchdog for 200 seconds at Wed Dec 05 02:57:54 UTC 2018
5 ms. Memory: 551424K Free: 529024K (96%)
ptolemy.util.test.WatchDog.cancel(): canceling Wed Dec 05 02:57:54 UTC 2018
------------------ testing $PTII/ptolemy/domains/de/test/auto/Records.xml
auto.tcl: Setting watchdog for 200 seconds at Wed Dec 05 02:57:54 UTC 2018
2 ms. Memory: 549376K Free: 533555K (97%)
ptolemy.util.test.WatchDog.cancel(): canceling Wed Dec 05 02:57:54 UTC 2018
auto.tcl: Setting watchdog for 200 seconds at Wed Dec 05 02:57:54 UTC 2018
1 ms. Memory: 549376K Free: 533326K (97%)
ptolemy.util.test.WatchDog.cancel(): canceling Wed Dec 05 02:57:54 UTC 2018
------------------ testing $PTII/ptolemy/domains/de/test/auto/ResetTransitionWithStartTime1.xml
auto.tcl: Setting watchdog for 200 seconds at Wed Dec 05 02:57:54 UTC 2018
6 ms. Memory: 551424K Free: 528759K (96%)
ptolemy.util.test.WatchDog.cancel(): canceling Wed Dec 05 02:57:54 UTC 2018
auto.tcl: Setting watchdog for 200 seconds at Wed Dec 05 02:57:54 UTC 2018
6 ms. Memory: 551424K Free: 528759K (96%)
ptolemy.util.test.WatchDog.cancel(): canceling Wed Dec 05 02:57:54 UTC 2018
------------------ testing $PTII/ptolemy/domains/de/test/auto/ResetTransitionWithStartTime2.xml
auto.tcl: Setting watchdog for 200 seconds at Wed Dec 05 02:57:54 UTC 2018
6 ms. Memory: 549376K Free: 526702K (96%)
ptolemy.util.test.WatchDog.cancel(): canceling Wed Dec 05 02:57:54 UTC 2018
auto.tcl: Setting watchdog for 200 seconds at Wed Dec 05 02:57:54 UTC 2018
6 ms. Memory: 549376K Free: 526702K (96%)
ptolemy.util.test.WatchDog.cancel(): canceling Wed Dec 05 02:57:54 UTC 2018
------------------ testing $PTII/ptolemy/domains/de/test/auto/ResetTransitionWithStartTime3.xml
auto.tcl: Setting watchdog for 200 seconds at Wed Dec 05 02:57:54 UTC 2018
7 ms. Memory: 550912K Free: 528237K (96%)
ptolemy.util.test.WatchDog.cancel(): canceling Wed Dec 05 02:57:54 UTC 2018
auto.tcl: Setting watchdog for 200 seconds at Wed Dec 05 02:57:54 UTC 2018
5 ms. Memory: 550912K Free: 528237K (96%)
ptolemy.util.test.WatchDog.cancel(): canceling Wed Dec 05 02:57:54 UTC 2018
------------------ testing $PTII/ptolemy/domains/de/test/auto/ResetTransitionWithStartTime4.xml
auto.tcl: Setting watchdog for 200 seconds at Wed Dec 05 02:57:54 UTC 2018
3 ms. Memory: 549376K Free: 526699K (96%)
ptolemy.util.test.WatchDog.cancel(): canceling Wed Dec 05 02:57:54 UTC 2018
auto.tcl: Setting watchdog for 200 seconds at Wed Dec 05 02:57:54 UTC 2018
3 ms. Memory: 549376K Free: 526699K (96%)
ptolemy.util.test.WatchDog.cancel(): canceling Wed Dec 05 02:57:54 UTC 2018
------------------ testing $PTII/ptolemy/domains/de/test/auto/ResettableTimer1.xml
auto.tcl: Setting watchdog for 200 seconds at Wed Dec 05 02:57:55 UTC 2018
3 ms. Memory: 550912K Free: 534871K (97%)
ptolemy.util.test.WatchDog.cancel(): canceling Wed Dec 05 02:57:55 UTC 2018
auto.tcl: Setting watchdog for 200 seconds at Wed Dec 05 02:57:55 UTC 2018
2 ms. Memory: 550912K Free: 534871K (97%)
ptolemy.util.test.WatchDog.cancel(): canceling Wed Dec 05 02:57:55 UTC 2018
------------------ testing $PTII/ptolemy/domains/de/test/auto/ResettableTimer2.xml
auto.tcl: Setting watchdog for 200 seconds at Wed Dec 05 02:57:55 UTC 2018
3 ms. Memory: 549376K Free: 533622K (97%)
ptolemy.util.test.WatchDog.cancel(): canceling Wed Dec 05 02:57:55 UTC 2018
auto.tcl: Setting watchdog for 200 seconds at Wed Dec 05 02:57:55 UTC 2018
2 ms. Memory: 549376K Free: 533622K (97%)
ptolemy.util.test.WatchDog.cancel(): canceling Wed Dec 05 02:57:55 UTC 2018
------------------ testing $PTII/ptolemy/domains/de/test/auto/ResettableTimer3.xml
auto.tcl: Setting watchdog for 200 seconds at Wed Dec 05 02:57:55 UTC 2018
1 ms. Memory: 550912K Free: 534928K (97%)
ptolemy.util.test.WatchDog.cancel(): canceling Wed Dec 05 02:57:55 UTC 2018
auto.tcl: Setting watchdog for 200 seconds at Wed Dec 05 02:57:55 UTC 2018
1 ms. Memory: 550912K Free: 534928K (97%)
ptolemy.util.test.WatchDog.cancel(): canceling Wed Dec 05 02:57:55 UTC 2018
------------------ testing $PTII/ptolemy/domains/de/test/auto/ResettableTimer4.xml
auto.tcl: Setting watchdog for 200 seconds at Wed Dec 05 02:57:55 UTC 2018
1 ms. Memory: 549376K Free: 533635K (97%)
ptolemy.util.test.WatchDog.cancel(): canceling Wed Dec 05 02:57:55 UTC 2018
auto.tcl: Setting watchdog for 200 seconds at Wed Dec 05 02:57:55 UTC 2018
1 ms. Memory: 549376K Free: 533635K (97%)
ptolemy.util.test.WatchDog.cancel(): canceling Wed Dec 05 02:57:55 UTC 2018
------------------ testing $PTII/ptolemy/domains/de/test/auto/ResettableTimer5.xml
auto.tcl: Setting watchdog for 200 seconds at Wed Dec 05 02:57:55 UTC 2018
1 ms. Memory: 550400K Free: 529748K (96%)
ptolemy.util.test.WatchDog.cancel(): canceling Wed Dec 05 02:57:55 UTC 2018
auto.tcl: Setting watchdog for 200 seconds at Wed Dec 05 02:57:55 UTC 2018
1 ms. Memory: 550400K Free: 529748K (96%)
ptolemy.util.test.WatchDog.cancel(): canceling Wed Dec 05 02:57:55 UTC 2018
------------------ testing $PTII/ptolemy/domains/de/test/auto/ResettableTimer6.xml
auto.tcl: Setting watchdog for 200 seconds at Wed Dec 05 02:57:55 UTC 2018
1 ms. Memory: 549376K Free: 533353K (97%)
ptolemy.util.test.WatchDog.cancel(): canceling Wed Dec 05 02:57:55 UTC 2018
auto.tcl: Setting watchdog for 200 seconds at Wed Dec 05 02:57:55 UTC 2018
1 ms. Memory: 549376K Free: 533353K (97%)
ptolemy.util.test.WatchDog.cancel(): canceling Wed Dec 05 02:57:55 UTC 2018
------------------ testing $PTII/ptolemy/domains/de/test/auto/ServerZeroDelay.xml
auto.tcl: Setting watchdog for 200 seconds at Wed Dec 05 02:57:55 UTC 2018
5 ms. Memory: 550400K Free: 534597K (97%)
ptolemy.util.test.WatchDog.cancel(): canceling Wed Dec 05 02:57:55 UTC 2018
auto.tcl: Setting watchdog for 200 seconds at Wed Dec 05 02:57:55 UTC 2018
2 ms. Memory: 550400K Free: 534597K (97%)
ptolemy.util.test.WatchDog.cancel(): canceling Wed Dec 05 02:57:55 UTC 2018
------------------ testing $PTII/ptolemy/domains/de/test/auto/SmartSender.xml
auto.tcl: Setting watchdog for 200 seconds at Wed Dec 05 02:57:55 UTC 2018
3001 ms. Memory: 549376K Free: 533568K (97%)
ptolemy.util.test.WatchDog.cancel(): canceling Wed Dec 05 02:57:58 UTC 2018
auto.tcl: Setting watchdog for 200 seconds at Wed Dec 05 02:57:58 UTC 2018
3002 ms. Memory: 549376K Free: 533568K (97%)
ptolemy.util.test.WatchDog.cancel(): canceling Wed Dec 05 02:58:01 UTC 2018
------------------ testing $PTII/ptolemy/domains/de/test/auto/ThreadedComposite.xml
auto.tcl: Setting watchdog for 200 seconds at Wed Dec 05 02:58:01 UTC 2018
207 ms. Memory: 550400K Free: 513713K (93%)
ptolemy.util.test.WatchDog.cancel(): canceling Wed Dec 05 02:58:01 UTC 2018
auto.tcl: Setting watchdog for 200 seconds at Wed Dec 05 02:58:01 UTC 2018
109 ms. Memory: 550400K Free: 497721K (90%)
ptolemy.util.test.WatchDog.cancel(): canceling Wed Dec 05 02:58:01 UTC 2018
------------------ testing $PTII/ptolemy/domains/de/test/auto/Time.xml
auto.tcl: Setting watchdog for 200 seconds at Wed Dec 05 02:58:01 UTC 2018
458 ms. Memory: 549376K Free: 486267K (89%)
ptolemy.util.test.WatchDog.cancel(): canceling Wed Dec 05 02:58:02 UTC 2018
auto.tcl: Setting watchdog for 200 seconds at Wed Dec 05 02:58:02 UTC 2018
427 ms. Memory: 549376K Free: 433270K (79%)
ptolemy.util.test.WatchDog.cancel(): canceling Wed Dec 05 02:58:02 UTC 2018
------------------ testing $PTII/ptolemy/domains/de/test/auto/TimeDelayZeroDelay.xml
auto.tcl: Setting watchdog for 200 seconds at Wed Dec 05 02:58:02 UTC 2018
2 ms. Memory: 550400K Free: 534285K (97%)
ptolemy.util.test.WatchDog.cancel(): canceling Wed Dec 05 02:58:02 UTC 2018
auto.tcl: Setting watchdog for 200 seconds at Wed Dec 05 02:58:02 UTC 2018
2 ms. Memory: 550400K Free: 534285K (97%)
ptolemy.util.test.WatchDog.cancel(): canceling Wed Dec 05 02:58:02 UTC 2018
------------------ testing $PTII/ptolemy/domains/de/test/auto/TimerZeroDelay.xml
auto.tcl: Setting watchdog for 200 seconds at Wed Dec 05 02:58:02 UTC 2018
6 ms. Memory: 549376K Free: 533535K (97%)
ptolemy.util.test.WatchDog.cancel(): canceling Wed Dec 05 02:58:02 UTC 2018
auto.tcl: Setting watchdog for 200 seconds at Wed Dec 05 02:58:02 UTC 2018
2 ms. Memory: 549376K Free: 533535K (97%)
ptolemy.util.test.WatchDog.cancel(): canceling Wed Dec 05 02:58:02 UTC 2018
------------------ testing $PTII/ptolemy/domains/de/test/auto/TimingParadox.xml
auto.tcl: Setting watchdog for 200 seconds at Wed Dec 05 02:58:03 UTC 2018
322 ms. Memory: 549888K Free: 467888K (85%)
ptolemy.util.test.WatchDog.cancel(): canceling Wed Dec 05 02:58:03 UTC 2018
auto.tcl: Setting watchdog for 200 seconds at Wed Dec 05 02:58:03 UTC 2018
312 ms. Memory: 549888K Free: 434765K (79%)
ptolemy.util.test.WatchDog.cancel(): canceling Wed Dec 05 02:58:03 UTC 2018
------------------ testing $PTII/ptolemy/domains/de/test/auto/TransferInputs.xml
auto.tcl: Setting watchdog for 200 seconds at Wed Dec 05 02:58:03 UTC 2018
1 ms. Memory: 549888K Free: 532951K (97%)
ptolemy.util.test.WatchDog.cancel(): canceling Wed Dec 05 02:58:03 UTC 2018
auto.tcl: Setting watchdog for 200 seconds at Wed Dec 05 02:58:03 UTC 2018
2 ms. Memory: 549888K Free: 532951K (97%)
ptolemy.util.test.WatchDog.cancel(): canceling Wed Dec 05 02:58:03 UTC 2018
------------------ testing $PTII/ptolemy/domains/de/test/auto/TransferOutputs2.xml
auto.tcl: Setting watchdog for 200 seconds at Wed Dec 05 02:58:03 UTC 2018
7 ms. Memory: 549376K Free: 526901K (96%)
ptolemy.util.test.WatchDog.cancel(): canceling Wed Dec 05 02:58:03 UTC 2018
auto.tcl: Setting watchdog for 200 seconds at Wed Dec 05 02:58:03 UTC 2018
3 ms. Memory: 549376K Free: 526901K (96%)
ptolemy.util.test.WatchDog.cancel(): canceling Wed Dec 05 02:58:03 UTC 2018
------------------ testing $PTII/ptolemy/domains/de/test/auto/Trilateration.xml
auto.tcl: Setting watchdog for 200 seconds at Wed Dec 05 02:58:03 UTC 2018
13192 ms. Memory: 453632K Free: 125197K (28%)
ptolemy.util.test.WatchDog.cancel(): canceling Wed Dec 05 02:58:18 UTC 2018
auto.tcl: Setting watchdog for 200 seconds at Wed Dec 05 02:58:18 UTC 2018
10728 ms. Memory: 331264K Free: 240828K (73%)
ptolemy.util.test.WatchDog.cancel(): canceling Wed Dec 05 02:58:28 UTC 2018
------------------ testing $PTII/ptolemy/domains/de/test/auto/TwoSigmaDelta.xml
auto.tcl: Setting watchdog for 200 seconds at Wed Dec 05 02:58:29 UTC 2018
2632 ms. Memory: 320000K Free: 271308K (85%)
ptolemy.util.test.WatchDog.cancel(): canceling Wed Dec 05 02:58:31 UTC 2018
auto.tcl: Setting watchdog for 200 seconds at Wed Dec 05 02:58:31 UTC 2018
2168 ms. Memory: 307712K Free: 260390K (85%)
ptolemy.util.test.WatchDog.cancel(): canceling Wed Dec 05 02:58:34 UTC 2018
------------------ testing $PTII/ptolemy/domains/de/test/auto/VariableDelay.xml
auto.tcl: Setting watchdog for 200 seconds at Wed Dec 05 02:58:34 UTC 2018
2 ms. Memory: 309760K Free: 293449K (95%)
ptolemy.util.test.WatchDog.cancel(): canceling Wed Dec 05 02:58:34 UTC 2018
auto.tcl: Setting watchdog for 200 seconds at Wed Dec 05 02:58:34 UTC 2018
2 ms. Memory: 309760K Free: 293449K (95%)
ptolemy.util.test.WatchDog.cancel(): canceling Wed Dec 05 02:58:34 UTC 2018
------------------ testing $PTII/ptolemy/domains/de/test/auto/VariableDelay2.xml
auto.tcl: Setting watchdog for 200 seconds at Wed Dec 05 02:58:34 UTC 2018
3 ms. Memory: 307712K Free: 294063K (96%)
ptolemy.util.test.WatchDog.cancel(): canceling Wed Dec 05 02:58:34 UTC 2018
auto.tcl: Setting watchdog for 200 seconds at Wed Dec 05 02:58:34 UTC 2018
2 ms. Memory: 307712K Free: 294063K (96%)
ptolemy.util.test.WatchDog.cancel(): canceling Wed Dec 05 02:58:34 UTC 2018
------------------ testing $PTII/ptolemy/domains/de/test/auto/VariableDelayZeroDelay.xml
auto.tcl: Setting watchdog for 200 seconds at Wed Dec 05 02:58:34 UTC 2018
2 ms. Memory: 309248K Free: 296699K (96%)
ptolemy.util.test.WatchDog.cancel(): canceling Wed Dec 05 02:58:34 UTC 2018
auto.tcl: Setting watchdog for 200 seconds at Wed Dec 05 02:58:34 UTC 2018
2 ms. Memory: 309248K Free: 293350K (95%)
ptolemy.util.test.WatchDog.cancel(): canceling Wed Dec 05 02:58:34 UTC 2018
------------------ testing $PTII/ptolemy/domains/de/test/auto/VariableDelayZeroDelay2.xml
auto.tcl: Setting watchdog for 200 seconds at Wed Dec 05 02:58:34 UTC 2018
2 ms. Memory: 307712K Free: 291796K (95%)
ptolemy.util.test.WatchDog.cancel(): canceling Wed Dec 05 02:58:34 UTC 2018
auto.tcl: Setting watchdog for 200 seconds at Wed Dec 05 02:58:34 UTC 2018
4 ms. Memory: 307712K Free: 291796K (95%)
ptolemy.util.test.WatchDog.cancel(): canceling Wed Dec 05 02:58:34 UTC 2018
------------------ testing $PTII/ptolemy/domains/de/test/auto/deInCt.xml
auto.tcl: Setting watchdog for 200 seconds at Wed Dec 05 02:58:34 UTC 2018
0
1
1
0
0
0
0
1
1
1
1
0
0
0
1
1
1
1
0
0
0
1
1
1
0
0
1
1
1
0
0
0
1
1
1
0
0
1
1
1
1
0
0
0
0
0
21 ms. Memory: 309248K Free: 293337K (95%)
ptolemy.util.test.WatchDog.cancel(): canceling Wed Dec 05 02:58:34 UTC 2018
auto.tcl: Setting watchdog for 200 seconds at Wed Dec 05 02:58:34 UTC 2018
0
1
1
1
0
0
0
0
0
0
0
0
1
1
1
0
0
0
1
1
1
0
0
0
0
1
1
1
0
0
0
6 ms. Memory: 309248K Free: 293337K (95%)
ptolemy.util.test.WatchDog.cancel(): canceling Wed Dec 05 02:58:34 UTC 2018
------------------ testing $PTII/ptolemy/domains/de/test/auto/deInCt2.xml
auto.tcl: Setting watchdog for 200 seconds at Wed Dec 05 02:58:34 UTC 2018
0
1
1
1
0
0
1
1
1
0
0
1
1
1
0
0
1
1
1
0
0
1
1
1
0
0
1
1
1
0
0
1
1
1
0
0
1
1
1
0
0
0
8 ms. Memory: 307712K Free: 291801K (95%)
ptolemy.util.test.WatchDog.cancel(): canceling Wed Dec 05 02:58:34 UTC 2018
auto.tcl: Setting watchdog for 200 seconds at Wed Dec 05 02:58:34 UTC 2018
0
1
1
1
0
0
1
1
1
0
0
1
1
1
0
0
1
1
1
0
0
1
1
1
0
0
1
1
1
0
0
1
1
1
0
0
1
1
1
0
0
0
5 ms. Memory: 307712K Free: 291801K (95%)
ptolemy.util.test.WatchDog.cancel(): canceling Wed Dec 05 02:58:34 UTC 2018
------------------ testing $PTII/ptolemy/domains/de/test/auto/dynamicCausalityInterface1.xml
auto.tcl: Setting watchdog for 200 seconds at Wed Dec 05 02:58:34 UTC 2018
1 ms. Memory: 308736K Free: 291727K (94%)
ptolemy.util.test.WatchDog.cancel(): canceling Wed Dec 05 02:58:34 UTC 2018
auto.tcl: Setting watchdog for 200 seconds at Wed Dec 05 02:58:34 UTC 2018
1 ms. Memory: 308736K Free: 291727K (94%)
ptolemy.util.test.WatchDog.cancel(): canceling Wed Dec 05 02:58:34 UTC 2018
------------------ testing $PTII/ptolemy/domains/de/test/auto/fsm_de_test.xml
auto.tcl: Setting watchdog for 200 seconds at Wed Dec 05 02:58:34 UTC 2018
10 ms. Memory: 307712K Free: 288335K (94%)
ptolemy.util.test.WatchDog.cancel(): canceling Wed Dec 05 02:58:34 UTC 2018
auto.tcl: Setting watchdog for 200 seconds at Wed Dec 05 02:58:34 UTC 2018
4 ms. Memory: 307712K Free: 288335K (94%)
ptolemy.util.test.WatchDog.cancel(): canceling Wed Dec 05 02:58:34 UTC 2018
------------------ testing $PTII/ptolemy/domains/de/test/auto/functionDependencyReconstruction.xml
auto.tcl: Setting watchdog for 200 seconds at Wed Dec 05 02:58:34 UTC 2018
2 ms. Memory: 308736K Free: 282643K (92%)
ptolemy.util.test.WatchDog.cancel(): canceling Wed Dec 05 02:58:34 UTC 2018
auto.tcl: Setting watchdog for 200 seconds at Wed Dec 05 02:58:34 UTC 2018
3 ms. Memory: 308736K Free: 279278K (90%)
ptolemy.util.test.WatchDog.cancel(): canceling Wed Dec 05 02:58:34 UTC 2018
------------------ testing $PTII/ptolemy/domains/de/test/auto/multirate.xml
auto.tcl: Setting watchdog for 200 seconds at Wed Dec 05 02:58:34 UTC 2018
3 ms. Memory: 307712K Free: 289286K (94%)
ptolemy.util.test.WatchDog.cancel(): canceling Wed Dec 05 02:58:34 UTC 2018
auto.tcl: Setting watchdog for 200 seconds at Wed Dec 05 02:58:34 UTC 2018
3 ms. Memory: 307712K Free: 285937K (93%)
ptolemy.util.test.WatchDog.cancel(): canceling Wed Dec 05 02:58:34 UTC 2018
------------------ testing $PTII/ptolemy/domains/de/test/auto/multirate2.xml
auto.tcl: Setting watchdog for 200 seconds at Wed Dec 05 02:58:34 UTC 2018
3 ms. Memory: 308736K Free: 295017K (96%)
ptolemy.util.test.WatchDog.cancel(): canceling Wed Dec 05 02:58:34 UTC 2018
auto.tcl: Setting watchdog for 200 seconds at Wed Dec 05 02:58:34 UTC 2018
2 ms. Memory: 308736K Free: 291667K (94%)
ptolemy.util.test.WatchDog.cancel(): canceling Wed Dec 05 02:58:34 UTC 2018
------------------ testing $PTII/ptolemy/domains/de/test/auto/realtime.xml
auto.tcl: Setting watchdog for 200 seconds at Wed Dec 05 02:58:34 UTC 2018
10001 ms. Memory: 307712K Free: 293991K (96%)
ptolemy.util.test.WatchDog.cancel(): canceling Wed Dec 05 02:58:44 UTC 2018
auto.tcl: Setting watchdog for 200 seconds at Wed Dec 05 02:58:44 UTC 2018
10003 ms. Memory: 307712K Free: 293991K (96%)
ptolemy.util.test.WatchDog.cancel(): canceling Wed Dec 05 02:58:54 UTC 2018
------------------ testing $PTII/ptolemy/domains/de/test/auto/relationGroup.xml
auto.tcl: Setting watchdog for 200 seconds at Wed Dec 05 02:58:54 UTC 2018
2 ms. Memory: 308224K Free: 297902K (97%)
ptolemy.util.test.WatchDog.cancel(): canceling Wed Dec 05 02:58:54 UTC 2018
auto.tcl: Setting watchdog for 200 seconds at Wed Dec 05 02:58:54 UTC 2018
2 ms. Memory: 308224K Free: 297902K (97%)
ptolemy.util.test.WatchDog.cancel(): canceling Wed Dec 05 02:58:54 UTC 2018
------------------ testing $PTII/ptolemy/domains/de/test/auto/relationGroup2.xml
auto.tcl: Setting watchdog for 200 seconds at Wed Dec 05 02:58:55 UTC 2018
1 ms. Memory: 307712K Free: 297418K (97%)
ptolemy.util.test.WatchDog.cancel(): canceling Wed Dec 05 02:58:55 UTC 2018
auto.tcl: Setting watchdog for 200 seconds at Wed Dec 05 02:58:55 UTC 2018
1 ms. Memory: 307712K Free: 297418K (97%)
ptolemy.util.test.WatchDog.cancel(): canceling Wed Dec 05 02:58:55 UTC 2018
------------------ testing $PTII/ptolemy/domains/de/test/auto/sortWithOpaquePorts.xml
auto.tcl: Setting watchdog for 200 seconds at Wed Dec 05 02:58:55 UTC 2018
1 ms. Memory: 308224K Free: 292302K (95%)
ptolemy.util.test.WatchDog.cancel(): canceling Wed Dec 05 02:58:55 UTC 2018
auto.tcl: Setting watchdog for 200 seconds at Wed Dec 05 02:58:55 UTC 2018
2 ms. Memory: 308224K Free: 292302K (95%)
ptolemy.util.test.WatchDog.cancel(): canceling Wed Dec 05 02:58:55 UTC 2018
------------------ testing $PTII/ptolemy/domains/de/test/auto/transferInputsandOutputs.xml
auto.tcl: Setting watchdog for 200 seconds at Wed Dec 05 02:58:55 UTC 2018
1 ms. Memory: 307712K Free: 291785K (95%)
ptolemy.util.test.WatchDog.cancel(): canceling Wed Dec 05 02:58:55 UTC 2018
auto.tcl: Setting watchdog for 200 seconds at Wed Dec 05 02:58:55 UTC 2018
1 ms. Memory: 307712K Free: 288420K (94%)
ptolemy.util.test.WatchDog.cancel(): canceling Wed Dec 05 02:58:55 UTC 2018
------------------ testing $PTII/ptolemy/domains/de/test/auto/triggerType.xml
auto.tcl: Setting watchdog for 200 seconds at Wed Dec 05 02:58:55 UTC 2018
1 ms. Memory: 308224K Free: 295605K (96%)
ptolemy.util.test.WatchDog.cancel(): canceling Wed Dec 05 02:58:55 UTC 2018
auto.tcl: Setting watchdog for 200 seconds at Wed Dec 05 02:58:55 UTC 2018
1 ms. Memory: 308224K Free: 292255K (95%)
ptolemy.util.test.WatchDog.cancel(): canceling Wed Dec 05 02:58:55 UTC 2018
12/05/18 02:58:55
Failed: 0  Total Tests: 192  ((Passed: 187, Newly Passed: 1)  Known Failed: 5) /home/travis/build/icyphy/ptII/ptolemy/domains/de/test
12/05/18 02:58:55
Failed: 0  Total Tests: 192  ((Passed: 187, Newly Passed: 1)  Known Failed: 5) /home/travis/build/icyphy/ptII/ptolemy/domains/de/test
----------------- testing (KnownFailure) /home/travis/build/icyphy/ptII/ptolemy/domains/de/test/auto/knownFailedTests/DESDFClockTest.xml
2010 ms. Memory: 307712K Free: 286078K (93%)
Known Failure: java.lang.reflect.InvocationTargetException
----------------- testing (KnownFailure) /home/travis/build/icyphy/ptII/ptolemy/domains/de/test/auto/knownFailedTests/DirectFeedback.xml
5 ms. Memory: 307712K Free: 267973K (87%)
Known Failure: java.lang.reflect.InvocationTargetException
----------------- testing (KnownFailure) /home/travis/build/icyphy/ptII/ptolemy/domains/de/test/auto/knownFailedTests/FSMSource.xml
11 ms. Memory: 307712K Free: 245326K (80%)
----------------- testing (KnownFailure) /home/travis/build/icyphy/ptII/ptolemy/domains/de/test/auto/knownFailedTests/HierarchicalModel.xml
2 ms. Memory: 307712K Free: 222680K (72%)
Known Failure: java.lang.reflect.InvocationTargetException
----------------- testing (KnownFailure) /home/travis/build/icyphy/ptII/ptolemy/domains/de/test/auto/knownFailedTests/dependencyLoop.xml
2 ms. Memory: 307712K Free: 190965K (62%)
Known Failure: java.lang.reflect.InvocationTargetException
----------------- testing (KnownFailure) /home/travis/build/icyphy/ptII/ptolemy/domains/de/test/auto/knownFailedTests/dependencyLoop2.xml
2 ms. Memory: 307712K Free: 159250K (52%)
Known Failure: java.lang.reflect.InvocationTargetException
No auto/linux-amd64/*.xml tests in /home/travis/build/icyphy/ptII/ptolemy/domains/de/test
AutoTests.java: About to close Vertx.
AutoTests.java: Vertx closed.

===========================================================================================
----------------- testing Wed Dec 05 02:58:57 UTC 2018 /home/travis/build/icyphy/ptII/ptolemy/domains/de/test/auto/ActorDepthCalculation_actorWithoutPorts.xml
----------------- Instantiating /home/travis/build/icyphy/ptII/ptolemy/domains/de/test/auto/ActorDepthCalculation_actorWithoutPorts.xml
2 ms. Memory: 307712K Free: 132077K (43%)
----------------- Invoking toplevel() on ptolemy.moml.MoMLSimpleApplication@42b81952
----------------- Done invoking toplevel() on ptolemy.moml.MoMLSimpleApplication@42b81952
reloadAllAccessors: .ActorDepthCalculation_actorWithoutPorts

===========================================================================================
----------------- testing Wed Dec 05 02:58:57 UTC 2018 /home/travis/build/icyphy/ptII/ptolemy/domains/de/test/auto/AssemblyLine.xml
----------------- Instantiating /home/travis/build/icyphy/ptII/ptolemy/domains/de/test/auto/AssemblyLine.xml
2 ms. Memory: 307712K Free: 118499K (39%)
----------------- Invoking toplevel() on ptolemy.moml.MoMLSimpleApplication@20c6a25b
----------------- Done invoking toplevel() on ptolemy.moml.MoMLSimpleApplication@20c6a25b
reloadAllAccessors: .AssemblyLine

===========================================================================================
----------------- testing Wed Dec 05 02:58:57 UTC 2018 /home/travis/build/icyphy/ptII/ptolemy/domains/de/test/auto/CQBug1.xml
----------------- Instantiating /home/travis/build/icyphy/ptII/ptolemy/domains/de/test/auto/CQBug1.xml
4 ms. Memory: 307712K Free: 109446K (36%)
----------------- Invoking toplevel() on ptolemy.moml.MoMLSimpleApplication@1dfbf779
----------------- Done invoking toplevel() on ptolemy.moml.MoMLSimpleApplication@1dfbf779
reloadAllAccessors: .CQBug1

===========================================================================================
----------------- testing Wed Dec 05 02:58:57 UTC 2018 /home/travis/build/icyphy/ptII/ptolemy/domains/de/test/auto/CancelFireAt.xml
----------------- Instantiating /home/travis/build/icyphy/ptII/ptolemy/domains/de/test/auto/CancelFireAt.xml
1 ms. Memory: 307712K Free: 100394K (33%)
----------------- Invoking toplevel() on ptolemy.moml.MoMLSimpleApplication@52a8969
----------------- Done invoking toplevel() on ptolemy.moml.MoMLSimpleApplication@52a8969
reloadAllAccessors: .CancelFireAt

===========================================================================================
----------------- testing Wed Dec 05 02:58:57 UTC 2018 /home/travis/build/icyphy/ptII/ptolemy/domains/de/test/auto/CausalityAndComposabilityAnalysis.xml
----------------- Instantiating /home/travis/build/icyphy/ptII/ptolemy/domains/de/test/auto/CausalityAndComposabilityAnalysis.xml
1 ms. Memory: 307712K Free: 91342K (30%)
----------------- Invoking toplevel() on ptolemy.moml.MoMLSimpleApplication@360e3ea4
----------------- Done invoking toplevel() on ptolemy.moml.MoMLSimpleApplication@360e3ea4
reloadAllAccessors: .CausalityAndComposabilityAnalysis

===========================================================================================
----------------- testing Wed Dec 05 02:58:57 UTC 2018 /home/travis/build/icyphy/ptII/ptolemy/domains/de/test/auto/CausalityInterface1.xml
----------------- Instantiating /home/travis/build/icyphy/ptII/ptolemy/domains/de/test/auto/CausalityInterface1.xml
7 ms. Memory: 307712K Free: 78940K (26%)
----------------- Invoking toplevel() on ptolemy.moml.MoMLSimpleApplication@2b009c0c
----------------- Done invoking toplevel() on ptolemy.moml.MoMLSimpleApplication@2b009c0c
reloadAllAccessors: .CausalityInterface1

===========================================================================================
----------------- testing Wed Dec 05 02:58:57 UTC 2018 /home/travis/build/icyphy/ptII/ptolemy/domains/de/test/auto/CausalityInterface15.xml
----------------- Instantiating /home/travis/build/icyphy/ptII/ptolemy/domains/de/test/auto/CausalityInterface15.xml
5 ms. Memory: 298496K Free: 286801K (96%)
----------------- Invoking toplevel() on ptolemy.moml.MoMLSimpleApplication@45d79594
----------------- Done invoking toplevel() on ptolemy.moml.MoMLSimpleApplication@45d79594
reloadAllAccessors: .CausalityInterface15

[...]
java.lang.RuntimeException: Execution failed
	at ptolemy.moml.MoMLSimpleApplication$UnloadThread.run(MoMLSimpleApplication.java:402)
Caused by: ptolemy.kernel.util.IllegalActionException: Test fails in iteration 1.
Value was: 1.0. Should have been: 2.0
  in .DirectFeedback.Test
	at ptolemy.actor.lib.Test.fire(Test.java:268)
	at ptolemy.domains.de.kernel.DEDirector._fire(DEDirector.java:1949)
	at ptolemy.domains.de.kernel.DEDirector.fire(DEDirector.java:502)
	at ptolemy.actor.CompositeActor.fire(CompositeActor.java:455)
	at ptolemy.actor.Manager.iterate(Manager.java:851)
	at ptolemy.actor.Manager.execute(Manager.java:369)
	at ptolemy.actor.Manager.run(Manager.java:1263)
	at ptolemy.actor.Manager$PtolemyRunThread.run(Manager.java:1915)
java.lang.RuntimeException: Execution failed
	at ptolemy.moml.MoMLSimpleApplication$UnloadThread.run(MoMLSimpleApplication.java:402)
Caused by: ptolemy.kernel.util.IllegalActionException: Actor is not ready to fire.  Perhaps UpSample.prefire() returned false? Try debugging the actor by selecting "Listen to Actor".  Also, for SDF check moml for tokenConsumptionRate on input.
  in .DESDFClockTest.Play Bell.Copy1:SDF Director and .DESDFClockTest.Play Bell.UpSample
	at ptolemy.actor.sched.StaticSchedulingDirector.fire(StaticSchedulingDirector.java:227)
	at ptolemy.domains.sdf.kernel.SDFDirector.fire(SDFDirector.java:500)
	at ptolemy.actor.CompositeActor.fire(CompositeActor.java:455)
	at ptolemy.domains.de.kernel.DEDirector._fire(DEDirector.java:1949)
	at ptolemy.domains.de.kernel.DEDirector.fire(DEDirector.java:502)
	at ptolemy.actor.CompositeActor.fire(CompositeActor.java:455)
	at ptolemy.actor.Manager.iterate(Manager.java:851)
	at ptolemy.actor.Manager.execute(Manager.java:369)
	at ptolemy.actor.Manager.run(Manager.java:1263)
	at ptolemy.actor.Manager$PtolemyRunThread.run(Manager.java:1915)
java.lang.reflect.InvocationTargetException
	at sun.reflect.NativeConstructorAccessorImpl.newInstance0(Native Method)
	at sun.reflect.NativeConstructorAccessorImpl.newInstance(NativeConstructorAccessorImpl.java:62)
	at sun.reflect.DelegatingConstructorAccessorImpl.newInstance(DelegatingConstructorAccessorImpl.java:45)
	at java.lang.reflect.Constructor.newInstance(Constructor.java:423)
	at ptolemy.util.test.junit.AutoKnownFailedTests.RunModel(AutoKnownFailedTests.java:105)
	at sun.reflect.NativeMethodAccessorImpl.invoke0(Native Method)
	at sun.reflect.NativeMethodAccessorImpl.invoke(NativeMethodAccessorImpl.java:62)
	at sun.reflect.DelegatingMethodAccessorImpl.invoke(DelegatingMethodAccessorImpl.java:43)
	at java.lang.reflect.Method.invoke(Method.java:498)
	at org.junit.runners.model.FrameworkMethod$1.runReflectiveCall(FrameworkMethod.java:44)
	at org.junit.internal.runners.model.ReflectiveCallable.run(ReflectiveCallable.java:15)
	at org.junit.runners.model.FrameworkMethod.invokeExplosively(FrameworkMethod.java:41)
	at junitparams.internal.InvokeParameterisedMethod.evaluate(InvokeParameterisedMethod.java:102)
	at org.junit.internal.runners.statements.FailOnTimeout$1.run(FailOnTimeout.java:28)
Caused by: ptolemy.kernel.util.IllegalActionException: Actor is not ready to fire.  Perhaps UpSample.prefire() returned false? Try debugging the actor by selecting "Listen to Actor".  Also, for SDF check moml for tokenConsumptionRate on input.
  in .DESDFClockTest.Play Bell.Copy1:SDF Director and .DESDFClockTest.Play Bell.UpSample
	at ptolemy.actor.sched.StaticSchedulingDirector.fire(StaticSchedulingDirector.java:227)
	at ptolemy.domains.sdf.kernel.SDFDirector.fire(SDFDirector.java:500)
	at ptolemy.actor.CompositeActor.fire(CompositeActor.java:455)
	at ptolemy.domains.de.kernel.DEDirector._fire(DEDirector.java:1949)
	at ptolemy.domains.de.kernel.DEDirector.fire(DEDirector.java:502)
	at ptolemy.actor.CompositeActor.fire(CompositeActor.java:455)
	at ptolemy.actor.Manager.iterate(Manager.java:851)
	at ptolemy.actor.Manager.execute(Manager.java:369)
	at ptolemy.actor.Manager.run(Manager.java:1263)
	at ptolemy.actor.Manager$PtolemyRunThread.run(Manager.java:1915)
java.lang.RuntimeException: Execution failed
	at ptolemy.moml.MoMLSimpleApplication$UnloadThread.run(MoMLSimpleApplication.java:402)
Caused by: ptolemy.kernel.util.IllegalActionException: Test fails in iteration 1.
Value was: 1.0. Should have been: 2.0
  in .DirectFeedback.Test
	at ptolemy.actor.lib.Test.fire(Test.java:268)
	at ptolemy.domains.de.kernel.DEDirector._fire(DEDirector.java:1949)
	at ptolemy.domains.de.kernel.DEDirector.fire(DEDirector.java:502)
	at ptolemy.actor.CompositeActor.fire(CompositeActor.java:455)
	at ptolemy.actor.Manager.iterate(Manager.java:851)
	at ptolemy.actor.Manager.execute(Manager.java:369)
	at ptolemy.actor.Manager.run(Manager.java:1263)
	at ptolemy.actor.Manager$PtolemyRunThread.run(Manager.java:1915)
java.lang.reflect.InvocationTargetException
	at sun.reflect.NativeConstructorAccessorImpl.newInstance0(Native Method)
	at sun.reflect.NativeConstructorAccessorImpl.newInstance(NativeConstructorAccessorImpl.java:62)
	at sun.reflect.DelegatingConstructorAccessorImpl.newInstance(DelegatingConstructorAccessorImpl.java:45)
	at java.lang.reflect.Constructor.newInstance(Constructor.java:423)
	at ptolemy.util.test.junit.AutoKnownFailedTests.RunModel(AutoKnownFailedTests.java:105)
	at sun.reflect.NativeMethodAccessorImpl.invoke0(Native Method)
	at sun.reflect.NativeMethodAccessorImpl.invoke(NativeMethodAccessorImpl.java:62)
	at sun.reflect.DelegatingMethodAccessorImpl.invoke(DelegatingMethodAccessorImpl.java:43)
	at java.lang.reflect.Method.invoke(Method.java:498)
	at org.junit.runners.model.FrameworkMethod$1.runReflectiveCall(FrameworkMethod.java:44)
	at org.junit.internal.runners.model.ReflectiveCallable.run(ReflectiveCallable.java:15)
	at org.junit.runners.model.FrameworkMethod.invokeExplosively(FrameworkMethod.java:41)
	at junitparams.internal.InvokeParameterisedMethod.evaluate(InvokeParameterisedMethod.java:102)
	at org.junit.internal.runners.statements.FailOnTimeout$1.run(FailOnTimeout.java:28)
Caused by: ptolemy.kernel.util.IllegalActionException: Test fails in iteration 1.
Value was: 1.0. Should have been: 2.0
  in .DirectFeedback.Test
	at ptolemy.actor.lib.Test.fire(Test.java:268)
	at ptolemy.domains.de.kernel.DEDirector._fire(DEDirector.java:1949)
	at ptolemy.domains.de.kernel.DEDirector.fire(DEDirector.java:502)
	at ptolemy.actor.CompositeActor.fire(CompositeActor.java:455)
	at ptolemy.actor.Manager.iterate(Manager.java:851)
	at ptolemy.actor.Manager.execute(Manager.java:369)
	at ptolemy.actor.Manager.run(Manager.java:1263)
	at ptolemy.actor.Manager$PtolemyRunThread.run(Manager.java:1915)
java.lang.RuntimeException: Execution failed
	at ptolemy.moml.MoMLSimpleApplication$UnloadThread.run(MoMLSimpleApplication.java:402)
Caused by: ptolemy.kernel.util.IllegalActionException: Found a zero delay loop containing .HierarchicalModel.A
  in .HierarchicalModel and .HierarchicalModel.A
	at ptolemy.actor.util.CausalityInterfaceForComposites._computeOutputPortDepth(CausalityInterfaceForComposites.java:759)
	at ptolemy.actor.util.CausalityInterfaceForComposites._computeInputDepth(CausalityInterfaceForComposites.java:696)
	at ptolemy.actor.util.CausalityInterfaceForComposites._computeOutputPortDepth(CausalityInterfaceForComposites.java:765)
	at ptolemy.actor.util.CausalityInterfaceForComposites._computeInputDepth(CausalityInterfaceForComposites.java:696)
	at ptolemy.actor.util.CausalityInterfaceForComposites._computeOutputPortDepth(CausalityInterfaceForComposites.java:765)
	at ptolemy.actor.util.CausalityInterfaceForComposites._computeInputDepth(CausalityInterfaceForComposites.java:696)
	at ptolemy.actor.util.CausalityInterfaceForComposites._computeActorDepth(CausalityInterfaceForComposites.java:532)
	at ptolemy.actor.util.CausalityInterfaceForComposites.checkForCycles(CausalityInterfaceForComposites.java:96)
	at ptolemy.domains.de.kernel.DEDirector.preinitialize(DEDirector.java:1338)
	at ptolemy.actor.CompositeActor.preinitialize(CompositeActor.java:1828)
	at ptolemy.actor.Manager.preinitializeAndResolveTypes(Manager.java:1040)
	at ptolemy.actor.Manager.initialize(Manager.java:710)
	at ptolemy.actor.Manager.execute(Manager.java:356)
	at ptolemy.actor.Manager.run(Manager.java:1263)
	at ptolemy.actor.Manager$PtolemyRunThread.run(Manager.java:1915)
java.lang.reflect.InvocationTargetException
	at sun.reflect.NativeConstructorAccessorImpl.newInstance0(Native Method)
	at sun.reflect.NativeConstructorAccessorImpl.newInstance(NativeConstructorAccessorImpl.java:62)
	at sun.reflect.DelegatingConstructorAccessorImpl.newInstance(DelegatingConstructorAccessorImpl.java:45)
	at java.lang.reflect.Constructor.newInstance(Constructor.java:423)
	at ptolemy.util.test.junit.AutoKnownFailedTests.RunModel(AutoKnownFailedTests.java:105)
	at sun.reflect.NativeMethodAccessorImpl.invoke0(Native Method)
	at sun.reflect.NativeMethodAccessorImpl.invoke(NativeMethodAccessorImpl.java:62)
	at sun.reflect.DelegatingMethodAccessorImpl.invoke(DelegatingMethodAccessorImpl.java:43)
	at java.lang.reflect.Method.invoke(Method.java:498)
	at org.junit.runners.model.FrameworkMethod$1.runReflectiveCall(FrameworkMethod.java:44)
	at org.junit.internal.runners.model.ReflectiveCallable.run(ReflectiveCallable.java:15)
	at org.junit.runners.model.FrameworkMethod.invokeExplosively(FrameworkMethod.java:41)
	at junitparams.internal.InvokeParameterisedMethod.evaluate(InvokeParameterisedMethod.java:102)
	at org.junit.internal.runners.statements.FailOnTimeout$1.run(FailOnTimeout.java:28)
Caused by: ptolemy.kernel.util.IllegalActionException: Found a zero delay loop containing .HierarchicalModel.A
  in .HierarchicalModel and .HierarchicalModel.A
	at ptolemy.actor.util.CausalityInterfaceForComposites._computeOutputPortDepth(CausalityInterfaceForComposites.java:759)
	at ptolemy.actor.util.CausalityInterfaceForComposites._computeInputDepth(CausalityInterfaceForComposites.java:696)
	at ptolemy.actor.util.CausalityInterfaceForComposites._computeOutputPortDepth(CausalityInterfaceForComposites.java:765)
	at ptolemy.actor.util.CausalityInterfaceForComposites._computeInputDepth(CausalityInterfaceForComposites.java:696)
	at ptolemy.actor.util.CausalityInterfaceForComposites._computeOutputPortDepth(CausalityInterfaceForComposites.java:765)
	at ptolemy.actor.util.CausalityInterfaceForComposites._computeInputDepth(CausalityInterfaceForComposites.java:696)
	at ptolemy.actor.util.CausalityInterfaceForComposites._computeActorDepth(CausalityInterfaceForComposites.java:532)
	at ptolemy.actor.util.CausalityInterfaceForComposites.checkForCycles(CausalityInterfaceForComposites.java:96)
	at ptolemy.domains.de.kernel.DEDirector.preinitialize(DEDirector.java:1338)
	at ptolemy.actor.CompositeActor.preinitialize(CompositeActor.java:1828)
	at ptolemy.actor.Manager.preinitializeAndResolveTypes(Manager.java:1040)
	at ptolemy.actor.Manager.initialize(Manager.java:710)
	at ptolemy.actor.Manager.execute(Manager.java:356)
	at ptolemy.actor.Manager.run(Manager.java:1263)
	at ptolemy.actor.Manager$PtolemyRunThread.run(Manager.java:1915)
java.lang.RuntimeException: Execution failed
	at ptolemy.moml.MoMLSimpleApplication$UnloadThread.run(MoMLSimpleApplication.java:402)
Caused by: ptolemy.kernel.util.IllegalActionException: Found a zero delay loop containing .dependencyLoop.original
  in .dependencyLoop and .dependencyLoop.original
	at ptolemy.actor.util.CausalityInterfaceForComposites._computeOutputPortDepth(CausalityInterfaceForComposites.java:759)
	at ptolemy.actor.util.CausalityInterfaceForComposites._computeInputDepth(CausalityInterfaceForComposites.java:696)
	at ptolemy.actor.util.CausalityInterfaceForComposites._computeOutputPortDepth(CausalityInterfaceForComposites.java:765)
	at ptolemy.actor.util.CausalityInterfaceForComposites._computeInputDepth(CausalityInterfaceForComposites.java:696)
	at ptolemy.actor.util.CausalityInterfaceForComposites._computeOutputPortDepth(CausalityInterfaceForComposites.java:765)
	at ptolemy.actor.util.CausalityInterfaceForComposites._computeInputDepth(CausalityInterfaceForComposites.java:696)
	at ptolemy.actor.util.CausalityInterfaceForComposites._computeActorDepth(CausalityInterfaceForComposites.java:532)
	at ptolemy.actor.util.CausalityInterfaceForComposites.checkForCycles(CausalityInterfaceForComposites.java:96)
	at ptolemy.domains.de.kernel.DEDirector.preinitialize(DEDirector.java:1338)
	at ptolemy.actor.CompositeActor.preinitialize(CompositeActor.java:1828)
	at ptolemy.actor.Manager.preinitializeAndResolveTypes(Manager.java:1040)
	at ptolemy.actor.Manager.initialize(Manager.java:710)
	at ptolemy.actor.Manager.execute(Manager.java:356)
	at ptolemy.actor.Manager.run(Manager.java:1263)
	at ptolemy.actor.Manager$PtolemyRunThread.run(Manager.java:1915)
java.lang.reflect.InvocationTargetException
	at sun.reflect.NativeConstructorAccessorImpl.newInstance0(Native Method)
	at sun.reflect.NativeConstructorAccessorImpl.newInstance(NativeConstructorAccessorImpl.java:62)
	at sun.reflect.DelegatingConstructorAccessorImpl.newInstance(DelegatingConstructorAccessorImpl.java:45)
	at java.lang.reflect.Constructor.newInstance(Constructor.java:423)
	at ptolemy.util.test.junit.AutoKnownFailedTests.RunModel(AutoKnownFailedTests.java:105)
	at sun.reflect.NativeMethodAccessorImpl.invoke0(Native Method)
	at sun.reflect.NativeMethodAccessorImpl.invoke(NativeMethodAccessorImpl.java:62)
	at sun.reflect.DelegatingMethodAccessorImpl.invoke(DelegatingMethodAccessorImpl.java:43)
	at java.lang.reflect.Method.invoke(Method.java:498)
	at org.junit.runners.model.FrameworkMethod$1.runReflectiveCall(FrameworkMethod.java:44)
	at org.junit.internal.runners.model.ReflectiveCallable.run(ReflectiveCallable.java:15)
	at org.junit.runners.model.FrameworkMethod.invokeExplosively(FrameworkMethod.java:41)
	at junitparams.internal.InvokeParameterisedMethod.evaluate(InvokeParameterisedMethod.java:102)
	at org.junit.internal.runners.statements.FailOnTimeout$1.run(FailOnTimeout.java:28)
Caused by: ptolemy.kernel.util.IllegalActionException: Found a zero delay loop containing .dependencyLoop.original
  in .dependencyLoop and .dependencyLoop.original
	at ptolemy.actor.util.CausalityInterfaceForComposites._computeOutputPortDepth(CausalityInterfaceForComposites.java:759)
	at ptolemy.actor.util.CausalityInterfaceForComposites._computeInputDepth(CausalityInterfaceForComposites.java:696)
	at ptolemy.actor.util.CausalityInterfaceForComposites._computeOutputPortDepth(CausalityInterfaceForComposites.java:765)
	at ptolemy.actor.util.CausalityInterfaceForComposites._computeInputDepth(CausalityInterfaceForComposites.java:696)
	at ptolemy.actor.util.CausalityInterfaceForComposites._computeOutputPortDepth(CausalityInterfaceForComposites.java:765)
	at ptolemy.actor.util.CausalityInterfaceForComposites._computeInputDepth(CausalityInterfaceForComposites.java:696)
	at ptolemy.actor.util.CausalityInterfaceForComposites._computeActorDepth(CausalityInterfaceForComposites.java:532)
	at ptolemy.actor.util.CausalityInterfaceForComposites.checkForCycles(CausalityInterfaceForComposites.java:96)
	at ptolemy.domains.de.kernel.DEDirector.preinitialize(DEDirector.java:1338)
	at ptolemy.actor.CompositeActor.preinitialize(CompositeActor.java:1828)
	at ptolemy.actor.Manager.preinitializeAndResolveTypes(Manager.java:1040)
	at ptolemy.actor.Manager.initialize(Manager.java:710)
	at ptolemy.actor.Manager.execute(Manager.java:356)
	at ptolemy.actor.Manager.run(Manager.java:1263)
	at ptolemy.actor.Manager$PtolemyRunThread.run(Manager.java:1915)
java.lang.RuntimeException: Execution failed
	at ptolemy.moml.MoMLSimpleApplication$UnloadThread.run(MoMLSimpleApplication.java:402)
Caused by: ptolemy.kernel.util.IllegalActionException: Found a zero delay loop containing .dependencyLoop2.original
  in .dependencyLoop2 and .dependencyLoop2.original
	at ptolemy.actor.util.CausalityInterfaceForComposites._computeOutputPortDepth(CausalityInterfaceForComposites.java:759)
	at ptolemy.actor.util.CausalityInterfaceForComposites._computeInputDepth(CausalityInterfaceForComposites.java:696)
	at ptolemy.actor.util.CausalityInterfaceForComposites._computeOutputPortDepth(CausalityInterfaceForComposites.java:765)
	at ptolemy.actor.util.CausalityInterfaceForComposites._computeInputDepth(CausalityInterfaceForComposites.java:696)
	at ptolemy.actor.util.CausalityInterfaceForComposites._computeOutputPortDepth(CausalityInterfaceForComposites.java:765)
	at ptolemy.actor.util.CausalityInterfaceForComposites._computeInputDepth(CausalityInterfaceForComposites.java:696)
	at ptolemy.actor.util.CausalityInterfaceForComposites._computeActorDepth(CausalityInterfaceForComposites.java:532)
	at ptolemy.actor.util.CausalityInterfaceForComposites.checkForCycles(CausalityInterfaceForComposites.java:96)
	at ptolemy.domains.de.kernel.DEDirector.preinitialize(DEDirector.java:1338)
	at ptolemy.actor.CompositeActor.preinitialize(CompositeActor.java:1828)
	at ptolemy.actor.Manager.preinitializeAndResolveTypes(Manager.java:1040)
	at ptolemy.actor.Manager.initialize(Manager.java:710)
	at ptolemy.actor.Manager.execute(Manager.java:356)
	at ptolemy.actor.Manager.run(Manager.java:1263)
	at ptolemy.actor.Manager$PtolemyRunThread.run(Manager.java:1915)
java.lang.reflect.InvocationTargetException
	at sun.reflect.NativeConstructorAccessorImpl.newInstance0(Native Method)
	at sun.reflect.NativeConstructorAccessorImpl.newInstance(NativeConstructorAccessorImpl.java:62)
	at sun.reflect.DelegatingConstructorAccessorImpl.newInstance(DelegatingConstructorAccessorImpl.java:45)
	at java.lang.reflect.Constructor.newInstance(Constructor.java:423)
	at ptolemy.util.test.junit.AutoKnownFailedTests.RunModel(AutoKnownFailedTests.java:105)
	at sun.reflect.NativeMethodAccessorImpl.invoke0(Native Method)
	at sun.reflect.NativeMethodAccessorImpl.invoke(NativeMethodAccessorImpl.java:62)
	at sun.reflect.DelegatingMethodAccessorImpl.invoke(DelegatingMethodAccessorImpl.java:43)
	at java.lang.reflect.Method.invoke(Method.java:498)
	at org.junit.runners.model.FrameworkMethod$1.runReflectiveCall(FrameworkMethod.java:44)
	at org.junit.internal.runners.model.ReflectiveCallable.run(ReflectiveCallable.java:15)
	at org.junit.runners.model.FrameworkMethod.invokeExplosively(FrameworkMethod.java:41)
	at junitparams.internal.InvokeParameterisedMethod.evaluate(InvokeParameterisedMethod.java:102)
	at org.junit.internal.runners.statements.FailOnTimeout$1.run(FailOnTimeout.java:28)
Caused by: ptolemy.kernel.util.IllegalActionException: Found a zero delay loop containing .dependencyLoop2.original
  in .dependencyLoop2 and .dependencyLoop2.original
	at ptolemy.actor.util.CausalityInterfaceForComposites._computeOutputPortDepth(CausalityInterfaceForComposites.java:759)
	at ptolemy.actor.util.CausalityInterfaceForComposites._computeInputDepth(CausalityInterfaceForComposites.java:696)
	at ptolemy.actor.util.CausalityInterfaceForComposites._computeOutputPortDepth(CausalityInterfaceForComposites.java:765)
	at ptolemy.actor.util.CausalityInterfaceForComposites._computeInputDepth(CausalityInterfaceForComposites.java:696)
	at ptolemy.actor.util.CausalityInterfaceForComposites._computeOutputPortDepth(CausalityInterfaceForComposites.java:765)
	at ptolemy.actor.util.CausalityInterfaceForComposites._computeInputDepth(CausalityInterfaceForComposites.java:696)
	at ptolemy.actor.util.CausalityInterfaceForComposites._computeActorDepth(CausalityInterfaceForComposites.java:532)
	at ptolemy.actor.util.CausalityInterfaceForComposites.checkForCycles(CausalityInterfaceForComposites.java:96)
	at ptolemy.domains.de.kernel.DEDirector.preinitialize(DEDirector.java:1338)
	at ptolemy.actor.CompositeActor.preinitialize(CompositeActor.java:1828)
	at ptolemy.actor.Manager.preinitializeAndResolveTypes(Manager.java:1040)
	at ptolemy.actor.Manager.initialize(Manager.java:710)
	at ptolemy.actor.Manager.execute(Manager.java:356)
	at ptolemy.actor.Manager.run(Manager.java:1263)
	at ptolemy.actor.Manager$PtolemyRunThread.run(Manager.java:1915)
]]></system-err>
</testsuite>
