<?xml version="1.0" encoding="UTF-8" ?>
<testsuite errors="0" failures="0" hostname="travis-job-b3ca3acd-e8cd-43b0-a0ab-49e791de09b0" name="ptolemy.domains.de.test.junit.JUnitTclTest" skipped="0" tests="101" time="124.0" timestamp="2020-01-14T06:42:39">
  <properties>
[...]
</properties>
  <testcase classname="ptolemy.util.test.junit.TclTests" name="[0] /home/travis/build/icyphy/ptII/ptolemy/domains/de/test/DependencyLoop.tcl (RunTclFile)" time="0.946" />
  <testcase classname="ptolemy.util.test.junit.TclTests" name="[1] /home/travis/build/icyphy/ptII/ptolemy/domains/de/test/RunDETestsAsQSS.tcl (RunTclFile)" time="84.333" />
  <testcase classname="ptolemy.util.test.junit.AutoKnownFailedTests" name="[0] /home/travis/build/icyphy/ptII/ptolemy/domains/de/test/auto/knownFailedTests/DESDFClockTest.xml (RunModel)" time="2.059" />
  <testcase classname="ptolemy.util.test.junit.AutoKnownFailedTests" name="[1] /home/travis/build/icyphy/ptII/ptolemy/domains/de/test/auto/knownFailedTests/DirectFeedback.xml (RunModel)" time="0.017" />
  <testcase classname="ptolemy.util.test.junit.AutoKnownFailedTests" name="[2] /home/travis/build/icyphy/ptII/ptolemy/domains/de/test/auto/knownFailedTests/FSMSource.xml (RunModel)" time="0.026" />
  <testcase classname="ptolemy.util.test.junit.AutoKnownFailedTests" name="[3] /home/travis/build/icyphy/ptII/ptolemy/domains/de/test/auto/knownFailedTests/HierarchicalModel.xml (RunModel)" time="0.051" />
  <testcase classname="ptolemy.util.test.junit.AutoKnownFailedTests" name="[4] /home/travis/build/icyphy/ptII/ptolemy/domains/de/test/auto/knownFailedTests/dependencyLoop.xml (RunModel)" time="0.041" />
  <testcase classname="ptolemy.util.test.junit.AutoKnownFailedTests" name="[5] /home/travis/build/icyphy/ptII/ptolemy/domains/de/test/auto/knownFailedTests/dependencyLoop2.xml (RunModel)" time="0.047" />
  <testcase classname="ptolemy.util.test.junit.AutoNameArchTests" name="[0] ThereAreNoAutoArchTests (RunModel)" time="0.001" />
  <testcase classname="ptolemy.util.test.junit.AutoTests" name="[0] /home/travis/build/icyphy/ptII/ptolemy/domains/de/test/auto/ActorDepthCalculation_actorWithoutPorts.xml (RunModel)" time="0.018" />
  <testcase classname="ptolemy.util.test.junit.AutoTests" name="[1] /home/travis/build/icyphy/ptII/ptolemy/domains/de/test/auto/AssemblyLine.xml (RunModel)" time="0.023" />
  <testcase classname="ptolemy.util.test.junit.AutoTests" name="[2] /home/travis/build/icyphy/ptII/ptolemy/domains/de/test/auto/CQBug1.xml (RunModel)" time="0.013" />
  <testcase classname="ptolemy.util.test.junit.AutoTests" name="[3] /home/travis/build/icyphy/ptII/ptolemy/domains/de/test/auto/CancelFireAt.xml (RunModel)" time="0.021" />
  <testcase classname="ptolemy.util.test.junit.AutoTests" name="[4] /home/travis/build/icyphy/ptII/ptolemy/domains/de/test/auto/CausalityAndComposabilityAnalysis.xml (RunModel)" time="0.019" />
  <testcase classname="ptolemy.util.test.junit.AutoTests" name="[5] /home/travis/build/icyphy/ptII/ptolemy/domains/de/test/auto/CausalityInterface1.xml (RunModel)" time="0.018" />
  <testcase classname="ptolemy.util.test.junit.AutoTests" name="[6] /home/travis/build/icyphy/ptII/ptolemy/domains/de/test/auto/CausalityInterface15.xml (RunModel)" time="0.015" />
  <testcase classname="ptolemy.util.test.junit.AutoTests" name="[7] /home/travis/build/icyphy/ptII/ptolemy/domains/de/test/auto/CausalityInterface2.xml (RunModel)" time="0.017" />
  <testcase classname="ptolemy.util.test.junit.AutoTests" name="[8] /home/travis/build/icyphy/ptII/ptolemy/domains/de/test/auto/CausalityInterface3.xml (RunModel)" time="0.017" />
  <testcase classname="ptolemy.util.test.junit.AutoTests" name="[9] /home/travis/build/icyphy/ptII/ptolemy/domains/de/test/auto/ClockDrift.xml (RunModel)" time="0.038" />
  <testcase classname="ptolemy.util.test.junit.AutoTests" name="[10] /home/travis/build/icyphy/ptII/ptolemy/domains/de/test/auto/ClockDriftAndValueChange.xml (RunModel)" time="0.029" />
  <testcase classname="ptolemy.util.test.junit.AutoTests" name="[11] /home/travis/build/icyphy/ptII/ptolemy/domains/de/test/auto/ClockDriftChange.xml (RunModel)" time="0.031" />
  <testcase classname="ptolemy.util.test.junit.AutoTests" name="[12] /home/travis/build/icyphy/ptII/ptolemy/domains/de/test/auto/ComposableCausalityAnalysis.xml (RunModel)" time="0.012" />
  <testcase classname="ptolemy.util.test.junit.AutoTests" name="[13] /home/travis/build/icyphy/ptII/ptolemy/domains/de/test/auto/DEFixedPointLimitation.xml (RunModel)" time="0.008" />
  <testcase classname="ptolemy.util.test.junit.AutoTests" name="[14] /home/travis/build/icyphy/ptII/ptolemy/domains/de/test/auto/DEScheduleTest.xml (RunModel)" time="0.021" />
  <testcase classname="ptolemy.util.test.junit.AutoTests" name="[15] /home/travis/build/icyphy/ptII/ptolemy/domains/de/test/auto/DEinDEwithStartTimes.xml (RunModel)" time="0.016" />
  <testcase classname="ptolemy.util.test.junit.AutoTests" name="[16] /home/travis/build/icyphy/ptII/ptolemy/domains/de/test/auto/DEinDEwithStartTimes2.xml (RunModel)" time="0.013" />
  <testcase classname="ptolemy.util.test.junit.AutoTests" name="[17] /home/travis/build/icyphy/ptII/ptolemy/domains/de/test/auto/DateDemo.xml (RunModel)" time="0.03" />
  <testcase classname="ptolemy.util.test.junit.AutoTests" name="[18] /home/travis/build/icyphy/ptII/ptolemy/domains/de/test/auto/DateToEvent.xml (RunModel)" time="2.041" />
  <testcase classname="ptolemy.util.test.junit.AutoTests" name="[19] /home/travis/build/icyphy/ptII/ptolemy/domains/de/test/auto/DepthTest1.xml (RunModel)" time="0.013" />
  <testcase classname="ptolemy.util.test.junit.AutoTests" name="[20] /home/travis/build/icyphy/ptII/ptolemy/domains/de/test/auto/DepthTest2.xml (RunModel)" time="0.019" />
  <testcase classname="ptolemy.util.test.junit.AutoTests" name="[21] /home/travis/build/icyphy/ptII/ptolemy/domains/de/test/auto/DepthTest3.xml (RunModel)" time="0.008" />
  <testcase classname="ptolemy.util.test.junit.AutoTests" name="[22] /home/travis/build/icyphy/ptII/ptolemy/domains/de/test/auto/DepthTest4.xml (RunModel)" time="0.011" />
  <testcase classname="ptolemy.util.test.junit.AutoTests" name="[23] /home/travis/build/icyphy/ptII/ptolemy/domains/de/test/auto/DepthTest5.xml (RunModel)" time="0.016" />
  <testcase classname="ptolemy.util.test.junit.AutoTests" name="[24] /home/travis/build/icyphy/ptII/ptolemy/domains/de/test/auto/DepthTest6.xml (RunModel)" time="0.013" />
  <testcase classname="ptolemy.util.test.junit.AutoTests" name="[25] /home/travis/build/icyphy/ptII/ptolemy/domains/de/test/auto/DepthTest7.xml (RunModel)" time="0.011" />
  <testcase classname="ptolemy.util.test.junit.AutoTests" name="[26] /home/travis/build/icyphy/ptII/ptolemy/domains/de/test/auto/EventToDate.xml (RunModel)" time="3.038" />
  <testcase classname="ptolemy.util.test.junit.AutoTests" name="[27] /home/travis/build/icyphy/ptII/ptolemy/domains/de/test/auto/FSM1.xml (RunModel)" time="0.048" />
  <testcase classname="ptolemy.util.test.junit.AutoTests" name="[28] /home/travis/build/icyphy/ptII/ptolemy/domains/de/test/auto/FSM7.xml (RunModel)" time="0.039" />
  <testcase classname="ptolemy.util.test.junit.AutoTests" name="[29] /home/travis/build/icyphy/ptII/ptolemy/domains/de/test/auto/Inspection.xml (RunModel)" time="0.042" />
  <testcase classname="ptolemy.util.test.junit.AutoTests" name="[30] /home/travis/build/icyphy/ptII/ptolemy/domains/de/test/auto/Iteration.xml (RunModel)" time="0.025" />
  <testcase classname="ptolemy.util.test.junit.AutoTests" name="[31] /home/travis/build/icyphy/ptII/ptolemy/domains/de/test/auto/LineFault.xml (RunModel)" time="0.525" />
  <testcase classname="ptolemy.util.test.junit.AutoTests" name="[32] /home/travis/build/icyphy/ptII/ptolemy/domains/de/test/auto/MergeModel1Add.xml (RunModel)" time="0.043" />
  <testcase classname="ptolemy.util.test.junit.AutoTests" name="[33] /home/travis/build/icyphy/ptII/ptolemy/domains/de/test/auto/MergeModel2Add.xml (RunModel)" time="0.044" />
  <testcase classname="ptolemy.util.test.junit.AutoTests" name="[34] /home/travis/build/icyphy/ptII/ptolemy/domains/de/test/auto/MergeModel3Add.xml (RunModel)" time="0.048" />
  <testcase classname="ptolemy.util.test.junit.AutoTests" name="[35] /home/travis/build/icyphy/ptII/ptolemy/domains/de/test/auto/MergeWithoutDiscard.xml (RunModel)" time="0.011" />
  <testcase classname="ptolemy.util.test.junit.AutoTests" name="[36] /home/travis/build/icyphy/ptII/ptolemy/domains/de/test/auto/Modal1.xml (RunModel)" time="0.035" />
  <testcase classname="ptolemy.util.test.junit.AutoTests" name="[37] /home/travis/build/icyphy/ptII/ptolemy/domains/de/test/auto/Modal2.xml (RunModel)" time="0.027" />
  <testcase classname="ptolemy.util.test.junit.AutoTests" name="[38] /home/travis/build/icyphy/ptII/ptolemy/domains/de/test/auto/Modal3.xml (RunModel)" time="0.026" />
  <testcase classname="ptolemy.util.test.junit.AutoTests" name="[39] /home/travis/build/icyphy/ptII/ptolemy/domains/de/test/auto/Modal4.xml (RunModel)" time="0.032" />
  <testcase classname="ptolemy.util.test.junit.AutoTests" name="[40] /home/travis/build/icyphy/ptII/ptolemy/domains/de/test/auto/Modal5.xml (RunModel)" time="0.032" />
  <testcase classname="ptolemy.util.test.junit.AutoTests" name="[41] /home/travis/build/icyphy/ptII/ptolemy/domains/de/test/auto/Modal6.xml (RunModel)" time="0.03" />
  <testcase classname="ptolemy.util.test.junit.AutoTests" name="[42] /home/travis/build/icyphy/ptII/ptolemy/domains/de/test/auto/Modal7.xml (RunModel)" time="0.031" />
  <testcase classname="ptolemy.util.test.junit.AutoTests" name="[43] /home/travis/build/icyphy/ptII/ptolemy/domains/de/test/auto/ModalModel.xml (RunModel)" time="0.155" />
  <testcase classname="ptolemy.util.test.junit.AutoTests" name="[44] /home/travis/build/icyphy/ptII/ptolemy/domains/de/test/auto/ModalSource.xml (RunModel)" time="0.02" />
  <testcase classname="ptolemy.util.test.junit.AutoTests" name="[45] /home/travis/build/icyphy/ptII/ptolemy/domains/de/test/auto/NonInterruptibleTimerZeroDelay.xml (RunModel)" time="0.009" />
  <testcase classname="ptolemy.util.test.junit.AutoTests" name="[46] /home/travis/build/icyphy/ptII/ptolemy/domains/de/test/auto/OpenQueueingNetwork.xml (RunModel)" time="2.148" />
  <testcase classname="ptolemy.util.test.junit.AutoTests" name="[47] /home/travis/build/icyphy/ptII/ptolemy/domains/de/test/auto/OpenQueuingNetwork.xml (RunModel)" time="0.262" />
  <testcase classname="ptolemy.util.test.junit.AutoTests" name="[48] /home/travis/build/icyphy/ptII/ptolemy/domains/de/test/auto/PeriodicSampler.xml (RunModel)" time="0.011" />
  <testcase classname="ptolemy.util.test.junit.AutoTests" name="[49] /home/travis/build/icyphy/ptII/ptolemy/domains/de/test/auto/PersistentIO.xml (RunModel)" time="0.021" />
  <testcase classname="ptolemy.util.test.junit.AutoTests" name="[50] /home/travis/build/icyphy/ptII/ptolemy/domains/de/test/auto/PortParameterResetOnInitialize.xml (RunModel)" time="0.009" />
  <testcase classname="ptolemy.util.test.junit.AutoTests" name="[51] /home/travis/build/icyphy/ptII/ptolemy/domains/de/test/auto/PortParameterUpdates.xml (RunModel)" time="0.015" />
  <testcase classname="ptolemy.util.test.junit.AutoTests" name="[52] /home/travis/build/icyphy/ptII/ptolemy/domains/de/test/auto/QueueAndServer.xml (RunModel)" time="0.019" />
  <testcase classname="ptolemy.util.test.junit.AutoTests" name="[53] /home/travis/build/icyphy/ptII/ptolemy/domains/de/test/auto/Records.xml (RunModel)" time="0.017" />
  <testcase classname="ptolemy.util.test.junit.AutoTests" name="[54] /home/travis/build/icyphy/ptII/ptolemy/domains/de/test/auto/ResetTransitionWithStartTime1.xml (RunModel)" time="0.018" />
  <testcase classname="ptolemy.util.test.junit.AutoTests" name="[55] /home/travis/build/icyphy/ptII/ptolemy/domains/de/test/auto/ResetTransitionWithStartTime2.xml (RunModel)" time="0.02" />
  <testcase classname="ptolemy.util.test.junit.AutoTests" name="[56] /home/travis/build/icyphy/ptII/ptolemy/domains/de/test/auto/ResetTransitionWithStartTime3.xml (RunModel)" time="0.021" />
  <testcase classname="ptolemy.util.test.junit.AutoTests" name="[57] /home/travis/build/icyphy/ptII/ptolemy/domains/de/test/auto/ResetTransitionWithStartTime4.xml (RunModel)" time="0.016" />
  <testcase classname="ptolemy.util.test.junit.AutoTests" name="[58] /home/travis/build/icyphy/ptII/ptolemy/domains/de/test/auto/ResettableTimer1.xml (RunModel)" time="0.011" />
  <testcase classname="ptolemy.util.test.junit.AutoTests" name="[59] /home/travis/build/icyphy/ptII/ptolemy/domains/de/test/auto/ResettableTimer2.xml (RunModel)" time="0.01" />
  <testcase classname="ptolemy.util.test.junit.AutoTests" name="[60] /home/travis/build/icyphy/ptII/ptolemy/domains/de/test/auto/ResettableTimer3.xml (RunModel)" time="0.009" />
  <testcase classname="ptolemy.util.test.junit.AutoTests" name="[61] /home/travis/build/icyphy/ptII/ptolemy/domains/de/test/auto/ResettableTimer4.xml (RunModel)" time="0.008" />
  <testcase classname="ptolemy.util.test.junit.AutoTests" name="[62] /home/travis/build/icyphy/ptII/ptolemy/domains/de/test/auto/ResettableTimer5.xml (RunModel)" time="0.008" />
  <testcase classname="ptolemy.util.test.junit.AutoTests" name="[63] /home/travis/build/icyphy/ptII/ptolemy/domains/de/test/auto/ResettableTimer6.xml (RunModel)" time="0.017" />
  <testcase classname="ptolemy.util.test.junit.AutoTests" name="[64] /home/travis/build/icyphy/ptII/ptolemy/domains/de/test/auto/ServerZeroDelay.xml (RunModel)" time="0.011" />
  <testcase classname="ptolemy.util.test.junit.AutoTests" name="[65] /home/travis/build/icyphy/ptII/ptolemy/domains/de/test/auto/SmartSender.xml (RunModel)" time="3.008" />
  <testcase classname="ptolemy.util.test.junit.AutoTests" name="[66] /home/travis/build/icyphy/ptII/ptolemy/domains/de/test/auto/ThreadedComposite.xml (RunModel)" time="0.111" />
  <testcase classname="ptolemy.util.test.junit.AutoTests" name="[67] /home/travis/build/icyphy/ptII/ptolemy/domains/de/test/auto/Time.xml (RunModel)" time="0.343" />
  <testcase classname="ptolemy.util.test.junit.AutoTests" name="[68] /home/travis/build/icyphy/ptII/ptolemy/domains/de/test/auto/TimeDelayZeroDelay.xml (RunModel)" time="0.011" />
  <testcase classname="ptolemy.util.test.junit.AutoTests" name="[69] /home/travis/build/icyphy/ptII/ptolemy/domains/de/test/auto/TimerZeroDelay.xml (RunModel)" time="0.01" />
  <testcase classname="ptolemy.util.test.junit.AutoTests" name="[70] /home/travis/build/icyphy/ptII/ptolemy/domains/de/test/auto/TimingParadox.xml (RunModel)" time="0.306" />
  <testcase classname="ptolemy.util.test.junit.AutoTests" name="[71] /home/travis/build/icyphy/ptII/ptolemy/domains/de/test/auto/TransferInputs.xml (RunModel)" time="0.012" />
  <testcase classname="ptolemy.util.test.junit.AutoTests" name="[72] /home/travis/build/icyphy/ptII/ptolemy/domains/de/test/auto/TransferOutputs2.xml (RunModel)" time="0.017" />
  <testcase classname="ptolemy.util.test.junit.AutoTests" name="[73] /home/travis/build/icyphy/ptII/ptolemy/domains/de/test/auto/Trilateration.xml (RunModel)" time="11.091" />
  <testcase classname="ptolemy.util.test.junit.AutoTests" name="[74] /home/travis/build/icyphy/ptII/ptolemy/domains/de/test/auto/TwoSigmaDelta.xml (RunModel)" time="1.616" />
  <testcase classname="ptolemy.util.test.junit.AutoTests" name="[75] /home/travis/build/icyphy/ptII/ptolemy/domains/de/test/auto/VariableDelay.xml (RunModel)" time="0.011" />
  <testcase classname="ptolemy.util.test.junit.AutoTests" name="[76] /home/travis/build/icyphy/ptII/ptolemy/domains/de/test/auto/VariableDelay2.xml (RunModel)" time="0.007" />
  <testcase classname="ptolemy.util.test.junit.AutoTests" name="[77] /home/travis/build/icyphy/ptII/ptolemy/domains/de/test/auto/VariableDelayZeroDelay.xml (RunModel)" time="0.016" />
  <testcase classname="ptolemy.util.test.junit.AutoTests" name="[78] /home/travis/build/icyphy/ptII/ptolemy/domains/de/test/auto/VariableDelayZeroDelay2.xml (RunModel)" time="0.013" />
  <testcase classname="ptolemy.util.test.junit.AutoTests" name="[79] /home/travis/build/icyphy/ptII/ptolemy/domains/de/test/auto/deInCt.xml (RunModel)" time="0.018" />
  <testcase classname="ptolemy.util.test.junit.AutoTests" name="[80] /home/travis/build/icyphy/ptII/ptolemy/domains/de/test/auto/deInCt2.xml (RunModel)" time="0.012" />
  <testcase classname="ptolemy.util.test.junit.AutoTests" name="[81] /home/travis/build/icyphy/ptII/ptolemy/domains/de/test/auto/dynamicCausalityInterface1.xml (RunModel)" time="0.013" />
  <testcase classname="ptolemy.util.test.junit.AutoTests" name="[82] /home/travis/build/icyphy/ptII/ptolemy/domains/de/test/auto/fsm_de_test.xml (RunModel)" time="0.024" />
  <testcase classname="ptolemy.util.test.junit.AutoTests" name="[83] /home/travis/build/icyphy/ptII/ptolemy/domains/de/test/auto/functionDependencyReconstruction.xml (RunModel)" time="0.027" />
  <testcase classname="ptolemy.util.test.junit.AutoTests" name="[84] /home/travis/build/icyphy/ptII/ptolemy/domains/de/test/auto/multirate.xml (RunModel)" time="0.02" />
  <testcase classname="ptolemy.util.test.junit.AutoTests" name="[85] /home/travis/build/icyphy/ptII/ptolemy/domains/de/test/auto/multirate2.xml (RunModel)" time="0.009" />
  <testcase classname="ptolemy.util.test.junit.AutoTests" name="[86] /home/travis/build/icyphy/ptII/ptolemy/domains/de/test/auto/realtime.xml (RunModel)" time="10.009" />
  <testcase classname="ptolemy.util.test.junit.AutoTests" name="[87] /home/travis/build/icyphy/ptII/ptolemy/domains/de/test/auto/relationGroup.xml (RunModel)" time="0.007" />
  <testcase classname="ptolemy.util.test.junit.AutoTests" name="[88] /home/travis/build/icyphy/ptII/ptolemy/domains/de/test/auto/relationGroup2.xml (RunModel)" time="0.009" />
  <testcase classname="ptolemy.util.test.junit.AutoTests" name="[89] /home/travis/build/icyphy/ptII/ptolemy/domains/de/test/auto/sortWithOpaquePorts.xml (RunModel)" time="0.007" />
  <testcase classname="ptolemy.util.test.junit.AutoTests" name="[90] /home/travis/build/icyphy/ptII/ptolemy/domains/de/test/auto/transferInputsandOutputs.xml (RunModel)" time="0.009" />
  <testcase classname="ptolemy.util.test.junit.AutoTests" name="[91] /home/travis/build/icyphy/ptII/ptolemy/domains/de/test/auto/triggerType.xml (RunModel)" time="0.011" />
  <system-out><![CDATA[/home/travis/build/icyphy/ptII/ptolemy/domains/de/test/DependencyLoop.tcl
testDefs.tcl: setting time out to 9000 seconds at Tue Jan 14 06:42:39 UTC 2020
80 ms. Memory: 129024K Free: 79302K (61%)
11 ms. Memory: 129024K Free: 61879K (48%)
/home/travis/build/icyphy/ptII/ptolemy/domains/de/test/RunDETestsAsQSS.tcl
Run the DE tests using ptolemy.domains.qss.test.QSSDirectorTest, which extends QSSDirector and prints a message in the constructors.
------------------ testing $PTII/ptolemy/domains/de/test/auto/knownFailedTests/DirectFeedback.xml (Known Failure) 
59 ms. Memory: 129024K Free: 55750K (43%)


==== $PTIIhome/travis/build/icyphy/ptII/ptolemy/domains/de/test/../../../../: Auto Automatic test in file $PTII/ptolemy/domains/de/test/auto/knownFailedTests/DirectFeedback.xml
==== Contents of test case:

	    # FIXME: we should use $relativeFilename here, but it
	    # might have backslashes under Windows, which causes no end
	    # of trouble.
	    createAndExecute $file
	    list {}
	
.... Test generated KNOWN error:
    while executing
ptolemy.kernel.util.IllegalActionException: Test fails in iteration 1.
Value was: 1.0. Should have been: 2.0
  in .DirectFeedback.Test
	at ptolemy.actor.lib.Test.fire(Test.java:268)
	at ptolemy.domains.de.kernel.DEDirector._fire(DEDirector.java:1949)
	at ptolemy.domains.de.kernel.DEDirector.fire(DEDirector.java:502)
	at ptolemy.actor.CompositeActor.fire(CompositeActor.java:455)
	at ptolemy.actor.Manager.iterate(Manager.java:851)
	at ptolemy.actor.Manager.execute(Manager.java:369)
	at ptolemy.actor.Manager.run(Manager.java:1263)
	at ptolemy.actor.Manager$PtolemyRunThread.run(Manager.java:1933)

    while executing
ptolemy.kernel.util.IllegalActionException: Test fails in iteration 1.
Value was: 1.0. Should have been: 2.0
  in .DirectFeedback.Test
    while executing
"java::new ptolemy.moml.MoMLSimpleApplication $file
"
    (procedure "createAndExecute" line 2)
    invoked from within
"createAndExecute $file"
    ("uplevel" body line 5)
    invoked from within
"uplevel $contents_of_test"
------------------ testing $PTII/ptolemy/domains/de/test/auto/knownFailedTests/dependencyLoop.xml (Known Failure) 
12 ms. Memory: 129024K Free: 52678K (41%)


==== $PTIIhome/travis/build/icyphy/ptII/ptolemy/domains/de/test/../../../../: Auto Automatic test in file $PTII/ptolemy/domains/de/test/auto/knownFailedTests/dependencyLoop.xml
==== Contents of test case:

	    # FIXME: we should use $relativeFilename here, but it
	    # might have backslashes under Windows, which causes no end
	    # of trouble.
	    createAndExecute $file
	    list {}
	
.... Test generated KNOWN error:
    while executing
ptolemy.kernel.util.IllegalActionException: Found a zero delay loop containing .dependencyLoop.original
  in .dependencyLoop and .dependencyLoop.original
	at ptolemy.actor.util.CausalityInterfaceForComposites._computeOutputPortDepth(CausalityInterfaceForComposites.java:759)
	at ptolemy.actor.util.CausalityInterfaceForComposites._computeInputDepth(CausalityInterfaceForComposites.java:696)
	at ptolemy.actor.util.CausalityInterfaceForComposites._computeOutputPortDepth(CausalityInterfaceForComposites.java:765)
	at ptolemy.actor.util.CausalityInterfaceForComposites._computeInputDepth(CausalityInterfaceForComposites.java:696)
	at ptolemy.actor.util.CausalityInterfaceForComposites._computeOutputPortDepth(CausalityInterfaceForComposites.java:765)
	at ptolemy.actor.util.CausalityInterfaceForComposites._computeInputDepth(CausalityInterfaceForComposites.java:696)
	at ptolemy.actor.util.CausalityInterfaceForComposites._computeActorDepth(CausalityInterfaceForComposites.java:532)
	at ptolemy.actor.util.CausalityInterfaceForComposites.checkForCycles(CausalityInterfaceForComposites.java:96)
	at ptolemy.domains.de.kernel.DEDirector.preinitialize(DEDirector.java:1338)
	at ptolemy.actor.CompositeActor.preinitialize(CompositeActor.java:1828)
	at ptolemy.actor.Manager.preinitializeAndResolveTypes(Manager.java:1040)
	at ptolemy.actor.Manager.initialize(Manager.java:710)
	at ptolemy.actor.Manager.execute(Manager.java:356)
	at ptolemy.actor.Manager.run(Manager.java:1263)
	at ptolemy.actor.Manager$PtolemyRunThread.run(Manager.java:1933)

    while executing
ptolemy.kernel.util.IllegalActionException: Found a zero delay loop containing .dependencyLoop.original
  in .dependencyLoop and .dependencyLoop.original
    while executing
"java::new ptolemy.moml.MoMLSimpleApplication $file
"
    (procedure "createAndExecute" line 2)
    invoked from within
"createAndExecute $file"
    ("uplevel" body line 5)
    invoked from within
"uplevel $contents_of_test"
------------------ testing $PTII/ptolemy/domains/de/test/auto/knownFailedTests/FSMSource.xml (Known Failure) 
52 ms. Memory: 129024K Free: 110610K (86%)
!!!! Auto was marked as failing, but now passes
------------------ testing $PTII/ptolemy/domains/de/test/auto/knownFailedTests/HierarchicalModel.xml (Known Failure) 
12 ms. Memory: 129024K Free: 93170K (72%)


==== $PTIIhome/travis/build/icyphy/ptII/ptolemy/domains/de/test/../../../../: Auto Automatic test in file $PTII/ptolemy/domains/de/test/auto/knownFailedTests/HierarchicalModel.xml
==== Contents of test case:

	    # FIXME: we should use $relativeFilename here, but it
	    # might have backslashes under Windows, which causes no end
	    # of trouble.
	    createAndExecute $file
	    list {}
	
.... Test generated KNOWN error:
    while executing
ptolemy.kernel.util.IllegalActionException: Found a zero delay loop containing .HierarchicalModel.A
  in .HierarchicalModel and .HierarchicalModel.A
	at ptolemy.actor.util.CausalityInterfaceForComposites._computeOutputPortDepth(CausalityInterfaceForComposites.java:759)
	at ptolemy.actor.util.CausalityInterfaceForComposites._computeInputDepth(CausalityInterfaceForComposites.java:696)
	at ptolemy.actor.util.CausalityInterfaceForComposites._computeOutputPortDepth(CausalityInterfaceForComposites.java:765)
	at ptolemy.actor.util.CausalityInterfaceForComposites._computeInputDepth(CausalityInterfaceForComposites.java:696)
	at ptolemy.actor.util.CausalityInterfaceForComposites._computeOutputPortDepth(CausalityInterfaceForComposites.java:765)
	at ptolemy.actor.util.CausalityInterfaceForComposites._computeInputDepth(CausalityInterfaceForComposites.java:696)
	at ptolemy.actor.util.CausalityInterfaceForComposites._computeActorDepth(CausalityInterfaceForComposites.java:532)
	at ptolemy.actor.util.CausalityInterfaceForComposites.checkForCycles(CausalityInterfaceForComposites.java:96)
	at ptolemy.domains.de.kernel.DEDirector.preinitialize(DEDirector.java:1338)
	at ptolemy.actor.CompositeActor.preinitialize(CompositeActor.java:1828)
	at ptolemy.actor.Manager.preinitializeAndResolveTypes(Manager.java:1040)
	at ptolemy.actor.Manager.initialize(Manager.java:710)
	at ptolemy.actor.Manager.execute(Manager.java:356)
	at ptolemy.actor.Manager.run(Manager.java:1263)
	at ptolemy.actor.Manager$PtolemyRunThread.run(Manager.java:1933)

    while executing
ptolemy.kernel.util.IllegalActionException: Found a zero delay loop containing .HierarchicalModel.A
  in .HierarchicalModel and .HierarchicalModel.A
    while executing
"java::new ptolemy.moml.MoMLSimpleApplication $file
"
    (procedure "createAndExecute" line 2)
    invoked from within
"createAndExecute $file"
    ("uplevel" body line 5)
    invoked from within
"uplevel $contents_of_test"
------------------ testing $PTII/ptolemy/domains/de/test/auto/knownFailedTests/dependencyLoop2.xml (Known Failure) 
4 ms. Memory: 129024K Free: 76840K (60%)


==== $PTIIhome/travis/build/icyphy/ptII/ptolemy/domains/de/test/../../../../: Auto Automatic test in file $PTII/ptolemy/domains/de/test/auto/knownFailedTests/dependencyLoop2.xml
==== Contents of test case:

	    # FIXME: we should use $relativeFilename here, but it
	    # might have backslashes under Windows, which causes no end
	    # of trouble.
	    createAndExecute $file
	    list {}
	
.... Test generated KNOWN error:
    while executing
ptolemy.kernel.util.IllegalActionException: Found a zero delay loop containing .dependencyLoop2.original
  in .dependencyLoop2 and .dependencyLoop2.original
	at ptolemy.actor.util.CausalityInterfaceForComposites._computeOutputPortDepth(CausalityInterfaceForComposites.java:759)
	at ptolemy.actor.util.CausalityInterfaceForComposites._computeInputDepth(CausalityInterfaceForComposites.java:696)
	at ptolemy.actor.util.CausalityInterfaceForComposites._computeOutputPortDepth(CausalityInterfaceForComposites.java:765)
	at ptolemy.actor.util.CausalityInterfaceForComposites._computeInputDepth(CausalityInterfaceForComposites.java:696)
	at ptolemy.actor.util.CausalityInterfaceForComposites._computeOutputPortDepth(CausalityInterfaceForComposites.java:765)
	at ptolemy.actor.util.CausalityInterfaceForComposites._computeInputDepth(CausalityInterfaceForComposites.java:696)
	at ptolemy.actor.util.CausalityInterfaceForComposites._computeActorDepth(CausalityInterfaceForComposites.java:532)
	at ptolemy.actor.util.CausalityInterfaceForComposites.checkForCycles(CausalityInterfaceForComposites.java:96)
	at ptolemy.domains.de.kernel.DEDirector.preinitialize(DEDirector.java:1338)
	at ptolemy.actor.CompositeActor.preinitialize(CompositeActor.java:1828)
	at ptolemy.actor.Manager.preinitializeAndResolveTypes(Manager.java:1040)
	at ptolemy.actor.Manager.initialize(Manager.java:710)
	at ptolemy.actor.Manager.execute(Manager.java:356)
	at ptolemy.actor.Manager.run(Manager.java:1263)
	at ptolemy.actor.Manager$PtolemyRunThread.run(Manager.java:1933)

    while executing
ptolemy.kernel.util.IllegalActionException: Found a zero delay loop containing .dependencyLoop2.original
  in .dependencyLoop2 and .dependencyLoop2.original
    while executing
"java::new ptolemy.moml.MoMLSimpleApplication $file
"
    (procedure "createAndExecute" line 2)
    invoked from within
"createAndExecute $file"
    ("uplevel" body line 5)
    invoked from within
"uplevel $contents_of_test"
------------------ testing $PTII/ptolemy/domains/de/test/auto/knownFailedTests/DESDFClockTest.xml (Known Failure) 
2044 ms. Memory: 129024K Free: 107404K (83%)


==== $PTIIhome/travis/build/icyphy/ptII/ptolemy/domains/de/test/../../../../: Auto Automatic test in file $PTII/ptolemy/domains/de/test/auto/knownFailedTests/DESDFClockTest.xml
==== Contents of test case:

	    # FIXME: we should use $relativeFilename here, but it
	    # might have backslashes under Windows, which causes no end
	    # of trouble.
	    createAndExecute $file
	    list {}
	
.... Test generated KNOWN error:
    while executing
ptolemy.kernel.util.IllegalActionException: Actor is not ready to fire.  Perhaps UpSample.prefire() returned false? Try debugging the actor by selecting "Listen to Actor".  Also, for SDF check moml for tokenConsumptionRate on input.
  in .DESDFClockTest.Play Bell.Copy1:SDF Director and .DESDFClockTest.Play Bell.UpSample
	at ptolemy.actor.sched.StaticSchedulingDirector.fire(StaticSchedulingDirector.java:227)
	at ptolemy.domains.sdf.kernel.SDFDirector.fire(SDFDirector.java:500)
	at ptolemy.actor.CompositeActor.fire(CompositeActor.java:455)
	at ptolemy.domains.de.kernel.DEDirector._fire(DEDirector.java:1949)
	at ptolemy.domains.de.kernel.DEDirector.fire(DEDirector.java:502)
	at ptolemy.actor.CompositeActor.fire(CompositeActor.java:455)
	at ptolemy.actor.Manager.iterate(Manager.java:851)
	at ptolemy.actor.Manager.execute(Manager.java:369)
	at ptolemy.actor.Manager.run(Manager.java:1263)
	at ptolemy.actor.Manager$PtolemyRunThread.run(Manager.java:1933)

    while executing
ptolemy.kernel.util.IllegalActionException: Actor is not ready to fire.  Perhaps UpSample.prefire() returned false? Try debugging the actor by selecting "Listen to Actor".  Also, for SDF check moml for tokenConsumptionRate on input.
  in .DESDFClockTest.Play Bell.Copy1:SDF Director and .DESDFClockTest.Play Bell.UpSample
    while executing
"java::new ptolemy.moml.MoMLSimpleApplication $file
"
    (procedure "createAndExecute" line 2)
    invoked from within
"createAndExecute $file"
    ("uplevel" body line 5)
    invoked from within
"uplevel $contents_of_test"
------------------ testing $PTII/ptolemy/domains/de/test/auto/ActorDepthCalculation_actorWithoutPorts.xml
auto.tcl: Setting watchdog for 200 seconds at Tue Jan 14 06:42:43 UTC 2020
9 ms. Memory: 129024K Free: 99198K (77%)
ptolemy.util.test.WatchDog.cancel(): canceling Tue Jan 14 06:42:43 UTC 2020
auto.tcl: Setting watchdog for 200 seconds at Tue Jan 14 06:42:43 UTC 2020
4 ms. Memory: 129024K Free: 98174K (76%)
ptolemy.util.test.WatchDog.cancel(): canceling Tue Jan 14 06:42:43 UTC 2020
------------------ testing $PTII/ptolemy/domains/de/test/auto/AssemblyLine.xml
auto.tcl: Setting watchdog for 200 seconds at Tue Jan 14 06:42:43 UTC 2020
24 ms. Memory: 55296K Free: 31585K (57%)
ptolemy.util.test.WatchDog.cancel(): canceling Tue Jan 14 06:42:44 UTC 2020
auto.tcl: Setting watchdog for 200 seconds at Tue Jan 14 06:42:44 UTC 2020
6 ms. Memory: 55296K Free: 31064K (56%)
ptolemy.util.test.WatchDog.cancel(): canceling Tue Jan 14 06:42:44 UTC 2020
------------------ testing $PTII/ptolemy/domains/de/test/auto/CQBug1.xml
auto.tcl: Setting watchdog for 200 seconds at Tue Jan 14 06:42:44 UTC 2020
3 ms. Memory: 55296K Free: 37558K (68%)
ptolemy.util.test.WatchDog.cancel(): canceling Tue Jan 14 06:42:44 UTC 2020
auto.tcl: Setting watchdog for 200 seconds at Tue Jan 14 06:42:44 UTC 2020
3 ms. Memory: 55296K Free: 37558K (68%)
ptolemy.util.test.WatchDog.cancel(): canceling Tue Jan 14 06:42:44 UTC 2020
------------------ testing $PTII/ptolemy/domains/de/test/auto/CancelFireAt.xml
auto.tcl: Setting watchdog for 200 seconds at Tue Jan 14 06:42:44 UTC 2020
3 ms. Memory: 51200K Free: 34499K (67%)
ptolemy.util.test.WatchDog.cancel(): canceling Tue Jan 14 06:42:44 UTC 2020
auto.tcl: Setting watchdog for 200 seconds at Tue Jan 14 06:42:44 UTC 2020
2 ms. Memory: 51200K Free: 34024K (66%)
ptolemy.util.test.WatchDog.cancel(): canceling Tue Jan 14 06:42:44 UTC 2020
------------------ testing $PTII/ptolemy/domains/de/test/auto/CausalityAndComposabilityAnalysis.xml
auto.tcl: Setting watchdog for 200 seconds at Tue Jan 14 06:42:44 UTC 2020
17 ms. Memory: 51200K Free: 32379K (63%)
ptolemy.util.test.WatchDog.cancel(): canceling Tue Jan 14 06:42:44 UTC 2020
auto.tcl: Setting watchdog for 200 seconds at Tue Jan 14 06:42:44 UTC 2020
5 ms. Memory: 51200K Free: 31983K (62%)
ptolemy.util.test.WatchDog.cancel(): canceling Tue Jan 14 06:42:44 UTC 2020
------------------ testing $PTII/ptolemy/domains/de/test/auto/CausalityInterface1.xml
auto.tcl: Setting watchdog for 200 seconds at Tue Jan 14 06:42:44 UTC 2020
23 ms. Memory: 51200K Free: 31387K (61%)
ptolemy.util.test.WatchDog.cancel(): canceling Tue Jan 14 06:42:44 UTC 2020
auto.tcl: Setting watchdog for 200 seconds at Tue Jan 14 06:42:44 UTC 2020
4 ms. Memory: 51200K Free: 30402K (59%)
ptolemy.util.test.WatchDog.cancel(): canceling Tue Jan 14 06:42:44 UTC 2020
------------------ testing $PTII/ptolemy/domains/de/test/auto/CausalityInterface15.xml
auto.tcl: Setting watchdog for 200 seconds at Tue Jan 14 06:42:44 UTC 2020
14 ms. Memory: 51200K Free: 30959K (60%)
ptolemy.util.test.WatchDog.cancel(): canceling Tue Jan 14 06:42:44 UTC 2020
auto.tcl: Setting watchdog for 200 seconds at Tue Jan 14 06:42:44 UTC 2020
3 ms. Memory: 51200K Free: 30373K (59%)
ptolemy.util.test.WatchDog.cancel(): canceling Tue Jan 14 06:42:44 UTC 2020
------------------ testing $PTII/ptolemy/domains/de/test/auto/CausalityInterface2.xml
auto.tcl: Setting watchdog for 200 seconds at Tue Jan 14 06:42:44 UTC 2020
5 ms. Memory: 51200K Free: 32064K (63%)
ptolemy.util.test.WatchDog.cancel(): canceling Tue Jan 14 06:42:44 UTC 2020
auto.tcl: Setting watchdog for 200 seconds at Tue Jan 14 06:42:44 UTC 2020
3 ms. Memory: 51200K Free: 30916K (60%)
ptolemy.util.test.WatchDog.cancel(): canceling Tue Jan 14 06:42:44 UTC 2020
------------------ testing $PTII/ptolemy/domains/de/test/auto/CausalityInterface3.xml
auto.tcl: Setting watchdog for 200 seconds at Tue Jan 14 06:42:44 UTC 2020
7 ms. Memory: 51200K Free: 31588K (62%)
ptolemy.util.test.WatchDog.cancel(): canceling Tue Jan 14 06:42:44 UTC 2020
auto.tcl: Setting watchdog for 200 seconds at Tue Jan 14 06:42:44 UTC 2020
3 ms. Memory: 51200K Free: 30836K (60%)
ptolemy.util.test.WatchDog.cancel(): canceling Tue Jan 14 06:42:44 UTC 2020
------------------ testing $PTII/ptolemy/domains/de/test/auto/ClockDrift.xml
auto.tcl: Setting watchdog for 200 seconds at Tue Jan 14 06:42:44 UTC 2020
84 ms. Memory: 51200K Free: 23656K (46%)
ptolemy.util.test.WatchDog.cancel(): canceling Tue Jan 14 06:42:44 UTC 2020
auto.tcl: Setting watchdog for 200 seconds at Tue Jan 14 06:42:44 UTC 2020
48 ms. Memory: 51200K Free: 20669K (40%)
ptolemy.util.test.WatchDog.cancel(): canceling Tue Jan 14 06:42:44 UTC 2020
------------------ testing $PTII/ptolemy/domains/de/test/auto/ClockDriftAndValueChange.xml
auto.tcl: Setting watchdog for 200 seconds at Tue Jan 14 06:42:45 UTC 2020
40 ms. Memory: 51200K Free: 23991K (47%)
ptolemy.util.test.WatchDog.cancel(): canceling Tue Jan 14 06:42:45 UTC 2020
auto.tcl: Setting watchdog for 200 seconds at Tue Jan 14 06:42:45 UTC 2020
30 ms. Memory: 51200K Free: 21006K (41%)
ptolemy.util.test.WatchDog.cancel(): canceling Tue Jan 14 06:42:45 UTC 2020
------------------ testing $PTII/ptolemy/domains/de/test/auto/ClockDriftChange.xml
auto.tcl: Setting watchdog for 200 seconds at Tue Jan 14 06:42:45 UTC 2020
21 ms. Memory: 51200K Free: 26057K (51%)
ptolemy.util.test.WatchDog.cancel(): canceling Tue Jan 14 06:42:45 UTC 2020
auto.tcl: Setting watchdog for 200 seconds at Tue Jan 14 06:42:45 UTC 2020
27 ms. Memory: 51200K Free: 23499K (46%)
ptolemy.util.test.WatchDog.cancel(): canceling Tue Jan 14 06:42:45 UTC 2020
------------------ testing $PTII/ptolemy/domains/de/test/auto/ComposableCausalityAnalysis.xml
auto.tcl: Setting watchdog for 200 seconds at Tue Jan 14 06:42:45 UTC 2020
4 ms. Memory: 51200K Free: 30913K (60%)
ptolemy.util.test.WatchDog.cancel(): canceling Tue Jan 14 06:42:45 UTC 2020
auto.tcl: Setting watchdog for 200 seconds at Tue Jan 14 06:42:45 UTC 2020
4 ms. Memory: 51200K Free: 29876K (58%)
ptolemy.util.test.WatchDog.cancel(): canceling Tue Jan 14 06:42:45 UTC 2020
------------------ testing $PTII/ptolemy/domains/de/test/auto/DEFixedPointLimitation.xml
auto.tcl: Setting watchdog for 200 seconds at Tue Jan 14 06:42:45 UTC 2020
3 ms. Memory: 51200K Free: 32002K (63%)
ptolemy.util.test.WatchDog.cancel(): canceling Tue Jan 14 06:42:45 UTC 2020
auto.tcl: Setting watchdog for 200 seconds at Tue Jan 14 06:42:45 UTC 2020
1 ms. Memory: 51200K Free: 31371K (61%)
ptolemy.util.test.WatchDog.cancel(): canceling Tue Jan 14 06:42:45 UTC 2020
------------------ testing $PTII/ptolemy/domains/de/test/auto/DEScheduleTest.xml
auto.tcl: Setting watchdog for 200 seconds at Tue Jan 14 06:42:45 UTC 2020
4 ms. Memory: 51200K Free: 32610K (64%)
ptolemy.util.test.WatchDog.cancel(): canceling Tue Jan 14 06:42:45 UTC 2020
auto.tcl: Setting watchdog for 200 seconds at Tue Jan 14 06:42:45 UTC 2020
2 ms. Memory: 51200K Free: 31844K (62%)
ptolemy.util.test.WatchDog.cancel(): canceling Tue Jan 14 06:42:45 UTC 2020
------------------ testing $PTII/ptolemy/domains/de/test/auto/DEinDEwithStartTimes.xml
auto.tcl: Setting watchdog for 200 seconds at Tue Jan 14 06:42:45 UTC 2020
3 ms. Memory: 51200K Free: 30771K (60%)
ptolemy.util.test.WatchDog.cancel(): canceling Tue Jan 14 06:42:45 UTC 2020
auto.tcl: Setting watchdog for 200 seconds at Tue Jan 14 06:42:45 UTC 2020
4 ms. Memory: 51200K Free: 29747K (58%)
ptolemy.util.test.WatchDog.cancel(): canceling Tue Jan 14 06:42:45 UTC 2020
------------------ testing $PTII/ptolemy/domains/de/test/auto/DEinDEwithStartTimes2.xml
auto.tcl: Setting watchdog for 200 seconds at Tue Jan 14 06:42:45 UTC 2020
8 ms. Memory: 51200K Free: 29848K (58%)
ptolemy.util.test.WatchDog.cancel(): canceling Tue Jan 14 06:42:45 UTC 2020
auto.tcl: Setting watchdog for 200 seconds at Tue Jan 14 06:42:45 UTC 2020
4 ms. Memory: 51200K Free: 28702K (56%)
ptolemy.util.test.WatchDog.cancel(): canceling Tue Jan 14 06:42:45 UTC 2020
------------------ testing $PTII/ptolemy/domains/de/test/auto/DateDemo.xml
auto.tcl: Setting watchdog for 200 seconds at Tue Jan 14 06:42:45 UTC 2020
16 ms. Memory: 51200K Free: 24322K (48%)
ptolemy.util.test.WatchDog.cancel(): canceling Tue Jan 14 06:42:45 UTC 2020
auto.tcl: Setting watchdog for 200 seconds at Tue Jan 14 06:42:45 UTC 2020
7 ms. Memory: 51200K Free: 22696K (44%)
ptolemy.util.test.WatchDog.cancel(): canceling Tue Jan 14 06:42:45 UTC 2020
------------------ testing $PTII/ptolemy/domains/de/test/auto/DateToEvent.xml
auto.tcl: Setting watchdog for 200 seconds at Tue Jan 14 06:42:45 UTC 2020
2017 ms. Memory: 51200K Free: 20262K (40%)
ptolemy.util.test.WatchDog.cancel(): canceling Tue Jan 14 06:42:47 UTC 2020
auto.tcl: Setting watchdog for 200 seconds at Tue Jan 14 06:42:47 UTC 2020
2005 ms. Memory: 51200K Free: 19440K (38%)
ptolemy.util.test.WatchDog.cancel(): canceling Tue Jan 14 06:42:49 UTC 2020
------------------ testing $PTII/ptolemy/domains/de/test/auto/DepthTest1.xml
auto.tcl: Setting watchdog for 200 seconds at Tue Jan 14 06:42:49 UTC 2020
2 ms. Memory: 51200K Free: 33413K (65%)
ptolemy.util.test.WatchDog.cancel(): canceling Tue Jan 14 06:42:49 UTC 2020
auto.tcl: Setting watchdog for 200 seconds at Tue Jan 14 06:42:49 UTC 2020
1 ms. Memory: 51200K Free: 32952K (64%)
ptolemy.util.test.WatchDog.cancel(): canceling Tue Jan 14 06:42:49 UTC 2020
------------------ testing $PTII/ptolemy/domains/de/test/auto/DepthTest2.xml
auto.tcl: Setting watchdog for 200 seconds at Tue Jan 14 06:42:50 UTC 2020
3 ms. Memory: 51200K Free: 30213K (59%)
ptolemy.util.test.WatchDog.cancel(): canceling Tue Jan 14 06:42:50 UTC 2020
auto.tcl: Setting watchdog for 200 seconds at Tue Jan 14 06:42:50 UTC 2020
2 ms. Memory: 51200K Free: 29768K (58%)
ptolemy.util.test.WatchDog.cancel(): canceling Tue Jan 14 06:42:50 UTC 2020
------------------ testing $PTII/ptolemy/domains/de/test/auto/DepthTest3.xml
auto.tcl: Setting watchdog for 200 seconds at Tue Jan 14 06:42:50 UTC 2020
4 ms. Memory: 51200K Free: 33772K (66%)
ptolemy.util.test.WatchDog.cancel(): canceling Tue Jan 14 06:42:50 UTC 2020
auto.tcl: Setting watchdog for 200 seconds at Tue Jan 14 06:42:50 UTC 2020
2 ms. Memory: 51200K Free: 33287K (65%)
ptolemy.util.test.WatchDog.cancel(): canceling Tue Jan 14 06:42:50 UTC 2020
------------------ testing $PTII/ptolemy/domains/de/test/auto/DepthTest4.xml
auto.tcl: Setting watchdog for 200 seconds at Tue Jan 14 06:42:50 UTC 2020
6 ms. Memory: 51200K Free: 31989K (62%)
ptolemy.util.test.WatchDog.cancel(): canceling Tue Jan 14 06:42:50 UTC 2020
auto.tcl: Setting watchdog for 200 seconds at Tue Jan 14 06:42:50 UTC 2020
6 ms. Memory: 51200K Free: 30899K (60%)
ptolemy.util.test.WatchDog.cancel(): canceling Tue Jan 14 06:42:50 UTC 2020
------------------ testing $PTII/ptolemy/domains/de/test/auto/DepthTest5.xml
auto.tcl: Setting watchdog for 200 seconds at Tue Jan 14 06:42:50 UTC 2020
3 ms. Memory: 51200K Free: 31468K (61%)
ptolemy.util.test.WatchDog.cancel(): canceling Tue Jan 14 06:42:50 UTC 2020
auto.tcl: Setting watchdog for 200 seconds at Tue Jan 14 06:42:50 UTC 2020
3 ms. Memory: 51200K Free: 30702K (60%)
ptolemy.util.test.WatchDog.cancel(): canceling Tue Jan 14 06:42:50 UTC 2020
------------------ testing $PTII/ptolemy/domains/de/test/auto/DepthTest6.xml
auto.tcl: Setting watchdog for 200 seconds at Tue Jan 14 06:42:50 UTC 2020
5 ms. Memory: 51200K Free: 31167K (61%)
ptolemy.util.test.WatchDog.cancel(): canceling Tue Jan 14 06:42:50 UTC 2020
auto.tcl: Setting watchdog for 200 seconds at Tue Jan 14 06:42:50 UTC 2020
2 ms. Memory: 51200K Free: 30714K (60%)
ptolemy.util.test.WatchDog.cancel(): canceling Tue Jan 14 06:42:50 UTC 2020
------------------ testing $PTII/ptolemy/domains/de/test/auto/DepthTest7.xml
auto.tcl: Setting watchdog for 200 seconds at Tue Jan 14 06:42:50 UTC 2020
3 ms. Memory: 51200K Free: 31914K (62%)
ptolemy.util.test.WatchDog.cancel(): canceling Tue Jan 14 06:42:50 UTC 2020
auto.tcl: Setting watchdog for 200 seconds at Tue Jan 14 06:42:50 UTC 2020
2 ms. Memory: 51200K Free: 31239K (61%)
ptolemy.util.test.WatchDog.cancel(): canceling Tue Jan 14 06:42:50 UTC 2020
------------------ testing $PTII/ptolemy/domains/de/test/auto/EventToDate.xml
auto.tcl: Setting watchdog for 200 seconds at Tue Jan 14 06:42:50 UTC 2020
3007 ms. Memory: 51200K Free: 22682K (44%)
ptolemy.util.test.WatchDog.cancel(): canceling Tue Jan 14 06:42:53 UTC 2020
auto.tcl: Setting watchdog for 200 seconds at Tue Jan 14 06:42:53 UTC 2020
3005 ms. Memory: 51200K Free: 22049K (43%)
ptolemy.util.test.WatchDog.cancel(): canceling Tue Jan 14 06:42:56 UTC 2020
------------------ testing $PTII/ptolemy/domains/de/test/auto/FSM1.xml
auto.tcl: Setting watchdog for 200 seconds at Tue Jan 14 06:42:56 UTC 2020
34 ms. Memory: 51200K Free: 23957K (47%)
ptolemy.util.test.WatchDog.cancel(): canceling Tue Jan 14 06:42:56 UTC 2020
auto.tcl: Setting watchdog for 200 seconds at Tue Jan 14 06:42:56 UTC 2020
17 ms. Memory: 51200K Free: 20711K (40%)
ptolemy.util.test.WatchDog.cancel(): canceling Tue Jan 14 06:42:56 UTC 2020
------------------ testing $PTII/ptolemy/domains/de/test/auto/FSM7.xml
auto.tcl: Setting watchdog for 200 seconds at Tue Jan 14 06:42:56 UTC 2020
15 ms. Memory: 51200K Free: 23637K (46%)
ptolemy.util.test.WatchDog.cancel(): canceling Tue Jan 14 06:42:56 UTC 2020
auto.tcl: Setting watchdog for 200 seconds at Tue Jan 14 06:42:56 UTC 2020
14 ms. Memory: 51200K Free: 20484K (40%)
ptolemy.util.test.WatchDog.cancel(): canceling Tue Jan 14 06:42:56 UTC 2020
------------------ testing $PTII/ptolemy/domains/de/test/auto/Inspection.xml
auto.tcl: Setting watchdog for 200 seconds at Tue Jan 14 06:42:56 UTC 2020
28 ms. Memory: 51200K Free: 23663K (46%)
ptolemy.util.test.WatchDog.cancel(): canceling Tue Jan 14 06:42:56 UTC 2020
auto.tcl: Setting watchdog for 200 seconds at Tue Jan 14 06:42:56 UTC 2020
23 ms. Memory: 51200K Free: 21966K (43%)
ptolemy.util.test.WatchDog.cancel(): canceling Tue Jan 14 06:42:56 UTC 2020
------------------ testing $PTII/ptolemy/domains/de/test/auto/Iteration.xml
auto.tcl: Setting watchdog for 200 seconds at Tue Jan 14 06:42:56 UTC 2020
7 ms. Memory: 51200K Free: 29200K (57%)
ptolemy.util.test.WatchDog.cancel(): canceling Tue Jan 14 06:42:56 UTC 2020
auto.tcl: Setting watchdog for 200 seconds at Tue Jan 14 06:42:56 UTC 2020
6 ms. Memory: 51200K Free: 28010K (55%)
ptolemy.util.test.WatchDog.cancel(): canceling Tue Jan 14 06:42:57 UTC 2020
------------------ testing $PTII/ptolemy/domains/de/test/auto/LineFault.xml
auto.tcl: Setting watchdog for 200 seconds at Tue Jan 14 06:42:57 UTC 2020
596 ms. Memory: 51200K Free: 17639K (34%)
ptolemy.util.test.WatchDog.cancel(): canceling Tue Jan 14 06:42:57 UTC 2020
auto.tcl: Setting watchdog for 200 seconds at Tue Jan 14 06:42:57 UTC 2020
510 ms. Memory: 51200K Free: 10276K (20%)
ptolemy.util.test.WatchDog.cancel(): canceling Tue Jan 14 06:42:58 UTC 2020
------------------ testing $PTII/ptolemy/domains/de/test/auto/MergeModel1Add.xml
auto.tcl: Setting watchdog for 200 seconds at Tue Jan 14 06:42:58 UTC 2020
22 ms. Memory: 58368K Free: 22613K (39%)
ptolemy.util.test.WatchDog.cancel(): canceling Tue Jan 14 06:42:58 UTC 2020
auto.tcl: Setting watchdog for 200 seconds at Tue Jan 14 06:42:58 UTC 2020
10 ms. Memory: 58368K Free: 20983K (36%)
ptolemy.util.test.WatchDog.cancel(): canceling Tue Jan 14 06:42:58 UTC 2020
------------------ testing $PTII/ptolemy/domains/de/test/auto/MergeModel2Add.xml
auto.tcl: Setting watchdog for 200 seconds at Tue Jan 14 06:42:58 UTC 2020
8 ms. Memory: 58368K Free: 22915K (39%)
ptolemy.util.test.WatchDog.cancel(): canceling Tue Jan 14 06:42:58 UTC 2020
auto.tcl: Setting watchdog for 200 seconds at Tue Jan 14 06:42:58 UTC 2020
6 ms. Memory: 58368K Free: 20977K (36%)
ptolemy.util.test.WatchDog.cancel(): canceling Tue Jan 14 06:42:58 UTC 2020
------------------ testing $PTII/ptolemy/domains/de/test/auto/MergeModel3Add.xml
auto.tcl: Setting watchdog for 200 seconds at Tue Jan 14 06:42:58 UTC 2020
9 ms. Memory: 58368K Free: 22914K (39%)
ptolemy.util.test.WatchDog.cancel(): canceling Tue Jan 14 06:42:58 UTC 2020
auto.tcl: Setting watchdog for 200 seconds at Tue Jan 14 06:42:58 UTC 2020
9 ms. Memory: 58368K Free: 21509K (37%)
ptolemy.util.test.WatchDog.cancel(): canceling Tue Jan 14 06:42:58 UTC 2020
------------------ testing $PTII/ptolemy/domains/de/test/auto/MergeWithoutDiscard.xml
auto.tcl: Setting watchdog for 200 seconds at Tue Jan 14 06:42:58 UTC 2020
3 ms. Memory: 58368K Free: 37821K (65%)
ptolemy.util.test.WatchDog.cancel(): canceling Tue Jan 14 06:42:58 UTC 2020
auto.tcl: Setting watchdog for 200 seconds at Tue Jan 14 06:42:58 UTC 2020
2 ms. Memory: 58368K Free: 37356K (64%)
ptolemy.util.test.WatchDog.cancel(): canceling Tue Jan 14 06:42:58 UTC 2020
------------------ testing $PTII/ptolemy/domains/de/test/auto/Modal1.xml
auto.tcl: Setting watchdog for 200 seconds at Tue Jan 14 06:42:58 UTC 2020
10 ms. Memory: 58368K Free: 29424K (50%)
ptolemy.util.test.WatchDog.cancel(): canceling Tue Jan 14 06:42:58 UTC 2020
auto.tcl: Setting watchdog for 200 seconds at Tue Jan 14 06:42:58 UTC 2020
12 ms. Memory: 58368K Free: 25931K (44%)
ptolemy.util.test.WatchDog.cancel(): canceling Tue Jan 14 06:42:58 UTC 2020
------------------ testing $PTII/ptolemy/domains/de/test/auto/Modal2.xml
auto.tcl: Setting watchdog for 200 seconds at Tue Jan 14 06:42:59 UTC 2020
16 ms. Memory: 58368K Free: 29816K (51%)
ptolemy.util.test.WatchDog.cancel(): canceling Tue Jan 14 06:42:59 UTC 2020
auto.tcl: Setting watchdog for 200 seconds at Tue Jan 14 06:42:59 UTC 2020
16 ms. Memory: 58368K Free: 26302K (45%)
ptolemy.util.test.WatchDog.cancel(): canceling Tue Jan 14 06:42:59 UTC 2020
------------------ testing $PTII/ptolemy/domains/de/test/auto/Modal3.xml
auto.tcl: Setting watchdog for 200 seconds at Tue Jan 14 06:42:59 UTC 2020
11 ms. Memory: 58368K Free: 29226K (50%)
ptolemy.util.test.WatchDog.cancel(): canceling Tue Jan 14 06:42:59 UTC 2020
auto.tcl: Setting watchdog for 200 seconds at Tue Jan 14 06:42:59 UTC 2020
12 ms. Memory: 58368K Free: 26291K (45%)
ptolemy.util.test.WatchDog.cancel(): canceling Tue Jan 14 06:42:59 UTC 2020
------------------ testing $PTII/ptolemy/domains/de/test/auto/Modal4.xml
auto.tcl: Setting watchdog for 200 seconds at Tue Jan 14 06:42:59 UTC 2020
20 ms. Memory: 58368K Free: 28511K (49%)
ptolemy.util.test.WatchDog.cancel(): canceling Tue Jan 14 06:42:59 UTC 2020
auto.tcl: Setting watchdog for 200 seconds at Tue Jan 14 06:42:59 UTC 2020
20 ms. Memory: 58368K Free: 24691K (42%)
ptolemy.util.test.WatchDog.cancel(): canceling Tue Jan 14 06:42:59 UTC 2020
------------------ testing $PTII/ptolemy/domains/de/test/auto/Modal5.xml
auto.tcl: Setting watchdog for 200 seconds at Tue Jan 14 06:42:59 UTC 2020
15 ms. Memory: 58368K Free: 28475K (49%)
ptolemy.util.test.WatchDog.cancel(): canceling Tue Jan 14 06:42:59 UTC 2020
auto.tcl: Setting watchdog for 200 seconds at Tue Jan 14 06:42:59 UTC 2020
18 ms. Memory: 58368K Free: 24846K (43%)
ptolemy.util.test.WatchDog.cancel(): canceling Tue Jan 14 06:42:59 UTC 2020
------------------ testing $PTII/ptolemy/domains/de/test/auto/Modal6.xml
auto.tcl: Setting watchdog for 200 seconds at Tue Jan 14 06:42:59 UTC 2020
20 ms. Memory: 58368K Free: 29229K (50%)
ptolemy.util.test.WatchDog.cancel(): canceling Tue Jan 14 06:42:59 UTC 2020
auto.tcl: Setting watchdog for 200 seconds at Tue Jan 14 06:42:59 UTC 2020
15 ms. Memory: 58368K Free: 25288K (43%)
ptolemy.util.test.WatchDog.cancel(): canceling Tue Jan 14 06:42:59 UTC 2020
------------------ testing $PTII/ptolemy/domains/de/test/auto/Modal7.xml
auto.tcl: Setting watchdog for 200 seconds at Tue Jan 14 06:42:59 UTC 2020
16 ms. Memory: 58368K Free: 28483K (49%)
ptolemy.util.test.WatchDog.cancel(): canceling Tue Jan 14 06:42:59 UTC 2020
auto.tcl: Setting watchdog for 200 seconds at Tue Jan 14 06:42:59 UTC 2020
10 ms. Memory: 58368K Free: 24881K (43%)
ptolemy.util.test.WatchDog.cancel(): canceling Tue Jan 14 06:42:59 UTC 2020
------------------ testing $PTII/ptolemy/domains/de/test/auto/ModalModel.xml
auto.tcl: Setting watchdog for 200 seconds at Tue Jan 14 06:42:59 UTC 2020
179 ms. Memory: 58368K Free: 24734K (42%)
ptolemy.util.test.WatchDog.cancel(): canceling Tue Jan 14 06:42:59 UTC 2020
auto.tcl: Setting watchdog for 200 seconds at Tue Jan 14 06:42:59 UTC 2020
187 ms. Memory: 70656K Free: 32946K (47%)
ptolemy.util.test.WatchDog.cancel(): canceling Tue Jan 14 06:43:00 UTC 2020
------------------ testing $PTII/ptolemy/domains/de/test/auto/ModalSource.xml
auto.tcl: Setting watchdog for 200 seconds at Tue Jan 14 06:43:00 UTC 2020
6 ms. Memory: 61440K Free: 35879K (58%)
ptolemy.util.test.WatchDog.cancel(): canceling Tue Jan 14 06:43:00 UTC 2020
auto.tcl: Setting watchdog for 200 seconds at Tue Jan 14 06:43:00 UTC 2020
5 ms. Memory: 61440K Free: 33907K (55%)
ptolemy.util.test.WatchDog.cancel(): canceling Tue Jan 14 06:43:00 UTC 2020
------------------ testing $PTII/ptolemy/domains/de/test/auto/NonInterruptibleTimerZeroDelay.xml
auto.tcl: Setting watchdog for 200 seconds at Tue Jan 14 06:43:00 UTC 2020
4 ms. Memory: 61440K Free: 41243K (67%)
ptolemy.util.test.WatchDog.cancel(): canceling Tue Jan 14 06:43:00 UTC 2020
auto.tcl: Setting watchdog for 200 seconds at Tue Jan 14 06:43:00 UTC 2020
2 ms. Memory: 61440K Free: 40629K (66%)
ptolemy.util.test.WatchDog.cancel(): canceling Tue Jan 14 06:43:00 UTC 2020
------------------ testing $PTII/ptolemy/domains/de/test/auto/OpenQueueingNetwork.xml
auto.tcl: Setting watchdog for 200 seconds at Tue Jan 14 06:43:00 UTC 2020
2833 ms. Memory: 128000K Free: 71145K (56%)
ptolemy.util.test.WatchDog.cancel(): canceling Tue Jan 14 06:43:03 UTC 2020
auto.tcl: Setting watchdog for 200 seconds at Tue Jan 14 06:43:03 UTC 2020
2384 ms. Memory: 153600K Free: 77321K (50%)
ptolemy.util.test.WatchDog.cancel(): canceling Tue Jan 14 06:43:05 UTC 2020
------------------ testing $PTII/ptolemy/domains/de/test/auto/OpenQueuingNetwork.xml
auto.tcl: Setting watchdog for 200 seconds at Tue Jan 14 06:43:05 UTC 2020
233 ms. Memory: 65536K Free: 45629K (70%)
ptolemy.util.test.WatchDog.cancel(): canceling Tue Jan 14 06:43:06 UTC 2020
auto.tcl: Setting watchdog for 200 seconds at Tue Jan 14 06:43:06 UTC 2020
212 ms. Memory: 65536K Free: 31726K (48%)
ptolemy.util.test.WatchDog.cancel(): canceling Tue Jan 14 06:43:06 UTC 2020
------------------ testing $PTII/ptolemy/domains/de/test/auto/PeriodicSampler.xml
auto.tcl: Setting watchdog for 200 seconds at Tue Jan 14 06:43:06 UTC 2020
2 ms. Memory: 61440K Free: 40557K (66%)
ptolemy.util.test.WatchDog.cancel(): canceling Tue Jan 14 06:43:06 UTC 2020
auto.tcl: Setting watchdog for 200 seconds at Tue Jan 14 06:43:06 UTC 2020
2 ms. Memory: 61440K Free: 40037K (65%)
ptolemy.util.test.WatchDog.cancel(): canceling Tue Jan 14 06:43:06 UTC 2020
------------------ testing $PTII/ptolemy/domains/de/test/auto/PersistentIO.xml
auto.tcl: Setting watchdog for 200 seconds at Tue Jan 14 06:43:06 UTC 2020
11 ms. Memory: 58368K Free: 32409K (56%)
ptolemy.util.test.WatchDog.cancel(): canceling Tue Jan 14 06:43:06 UTC 2020
auto.tcl: Setting watchdog for 200 seconds at Tue Jan 14 06:43:06 UTC 2020
4 ms. Memory: 58368K Free: 30889K (53%)
ptolemy.util.test.WatchDog.cancel(): canceling Tue Jan 14 06:43:06 UTC 2020
------------------ testing $PTII/ptolemy/domains/de/test/auto/PortParameterResetOnInitialize.xml
auto.tcl: Setting watchdog for 200 seconds at Tue Jan 14 06:43:06 UTC 2020
5 ms. Memory: 58368K Free: 37407K (64%)
ptolemy.util.test.WatchDog.cancel(): canceling Tue Jan 14 06:43:06 UTC 2020
auto.tcl: Setting watchdog for 200 seconds at Tue Jan 14 06:43:06 UTC 2020
2 ms. Memory: 58368K Free: 36897K (63%)
ptolemy.util.test.WatchDog.cancel(): canceling Tue Jan 14 06:43:06 UTC 2020
------------------ testing $PTII/ptolemy/domains/de/test/auto/PortParameterUpdates.xml
auto.tcl: Setting watchdog for 200 seconds at Tue Jan 14 06:43:06 UTC 2020
6 ms. Memory: 58368K Free: 35662K (61%)
ptolemy.util.test.WatchDog.cancel(): canceling Tue Jan 14 06:43:06 UTC 2020
auto.tcl: Setting watchdog for 200 seconds at Tue Jan 14 06:43:06 UTC 2020
4 ms. Memory: 58368K Free: 34454K (59%)
ptolemy.util.test.WatchDog.cancel(): canceling Tue Jan 14 06:43:06 UTC 2020
------------------ testing $PTII/ptolemy/domains/de/test/auto/QueueAndServer.xml
auto.tcl: Setting watchdog for 200 seconds at Tue Jan 14 06:43:06 UTC 2020
12 ms. Memory: 58368K Free: 34429K (59%)
ptolemy.util.test.WatchDog.cancel(): canceling Tue Jan 14 06:43:06 UTC 2020
auto.tcl: Setting watchdog for 200 seconds at Tue Jan 14 06:43:06 UTC 2020
5 ms. Memory: 58368K Free: 32895K (56%)
ptolemy.util.test.WatchDog.cancel(): canceling Tue Jan 14 06:43:06 UTC 2020
------------------ testing $PTII/ptolemy/domains/de/test/auto/Records.xml
auto.tcl: Setting watchdog for 200 seconds at Tue Jan 14 06:43:06 UTC 2020
3 ms. Memory: 58368K Free: 36605K (63%)
ptolemy.util.test.WatchDog.cancel(): canceling Tue Jan 14 06:43:06 UTC 2020
auto.tcl: Setting watchdog for 200 seconds at Tue Jan 14 06:43:06 UTC 2020
2 ms. Memory: 58368K Free: 36091K (62%)
ptolemy.util.test.WatchDog.cancel(): canceling Tue Jan 14 06:43:06 UTC 2020
------------------ testing $PTII/ptolemy/domains/de/test/auto/ResetTransitionWithStartTime1.xml
auto.tcl: Setting watchdog for 200 seconds at Tue Jan 14 06:43:06 UTC 2020
7 ms. Memory: 58368K Free: 33890K (58%)
ptolemy.util.test.WatchDog.cancel(): canceling Tue Jan 14 06:43:06 UTC 2020
auto.tcl: Setting watchdog for 200 seconds at Tue Jan 14 06:43:06 UTC 2020
6 ms. Memory: 58368K Free: 31842K (55%)
ptolemy.util.test.WatchDog.cancel(): canceling Tue Jan 14 06:43:06 UTC 2020
------------------ testing $PTII/ptolemy/domains/de/test/auto/ResetTransitionWithStartTime2.xml
auto.tcl: Setting watchdog for 200 seconds at Tue Jan 14 06:43:06 UTC 2020
7 ms. Memory: 58368K Free: 33846K (58%)
ptolemy.util.test.WatchDog.cancel(): canceling Tue Jan 14 06:43:06 UTC 2020
auto.tcl: Setting watchdog for 200 seconds at Tue Jan 14 06:43:06 UTC 2020
6 ms. Memory: 58368K Free: 31798K (54%)
ptolemy.util.test.WatchDog.cancel(): canceling Tue Jan 14 06:43:06 UTC 2020
------------------ testing $PTII/ptolemy/domains/de/test/auto/ResetTransitionWithStartTime3.xml
auto.tcl: Setting watchdog for 200 seconds at Tue Jan 14 06:43:06 UTC 2020
6 ms. Memory: 58368K Free: 33845K (58%)
ptolemy.util.test.WatchDog.cancel(): canceling Tue Jan 14 06:43:06 UTC 2020
auto.tcl: Setting watchdog for 200 seconds at Tue Jan 14 06:43:06 UTC 2020
5 ms. Memory: 58368K Free: 31797K (54%)
ptolemy.util.test.WatchDog.cancel(): canceling Tue Jan 14 06:43:06 UTC 2020
------------------ testing $PTII/ptolemy/domains/de/test/auto/ResetTransitionWithStartTime4.xml
auto.tcl: Setting watchdog for 200 seconds at Tue Jan 14 06:43:07 UTC 2020
7 ms. Memory: 58368K Free: 34200K (59%)
ptolemy.util.test.WatchDog.cancel(): canceling Tue Jan 14 06:43:07 UTC 2020
auto.tcl: Setting watchdog for 200 seconds at Tue Jan 14 06:43:07 UTC 2020
3 ms. Memory: 58368K Free: 32819K (56%)
ptolemy.util.test.WatchDog.cancel(): canceling Tue Jan 14 06:43:07 UTC 2020
------------------ testing $PTII/ptolemy/domains/de/test/auto/ResettableTimer1.xml
auto.tcl: Setting watchdog for 200 seconds at Tue Jan 14 06:43:07 UTC 2020
3 ms. Memory: 58368K Free: 37961K (65%)
ptolemy.util.test.WatchDog.cancel(): canceling Tue Jan 14 06:43:07 UTC 2020
auto.tcl: Setting watchdog for 200 seconds at Tue Jan 14 06:43:07 UTC 2020
2 ms. Memory: 58368K Free: 36898K (63%)
ptolemy.util.test.WatchDog.cancel(): canceling Tue Jan 14 06:43:07 UTC 2020
------------------ testing $PTII/ptolemy/domains/de/test/auto/ResettableTimer2.xml
auto.tcl: Setting watchdog for 200 seconds at Tue Jan 14 06:43:07 UTC 2020
3 ms. Memory: 58368K Free: 38017K (65%)
ptolemy.util.test.WatchDog.cancel(): canceling Tue Jan 14 06:43:07 UTC 2020
auto.tcl: Setting watchdog for 200 seconds at Tue Jan 14 06:43:07 UTC 2020
2 ms. Memory: 58368K Free: 36954K (63%)
ptolemy.util.test.WatchDog.cancel(): canceling Tue Jan 14 06:43:07 UTC 2020
------------------ testing $PTII/ptolemy/domains/de/test/auto/ResettableTimer3.xml
auto.tcl: Setting watchdog for 200 seconds at Tue Jan 14 06:43:07 UTC 2020
2 ms. Memory: 58368K Free: 37977K (65%)
ptolemy.util.test.WatchDog.cancel(): canceling Tue Jan 14 06:43:07 UTC 2020
auto.tcl: Setting watchdog for 200 seconds at Tue Jan 14 06:43:07 UTC 2020
3 ms. Memory: 58368K Free: 37977K (65%)
ptolemy.util.test.WatchDog.cancel(): canceling Tue Jan 14 06:43:07 UTC 2020
------------------ testing $PTII/ptolemy/domains/de/test/auto/ResettableTimer4.xml
auto.tcl: Setting watchdog for 200 seconds at Tue Jan 14 06:43:07 UTC 2020
2 ms. Memory: 55296K Free: 34919K (63%)
ptolemy.util.test.WatchDog.cancel(): canceling Tue Jan 14 06:43:07 UTC 2020
auto.tcl: Setting watchdog for 200 seconds at Tue Jan 14 06:43:07 UTC 2020
1 ms. Memory: 55296K Free: 34405K (62%)
ptolemy.util.test.WatchDog.cancel(): canceling Tue Jan 14 06:43:07 UTC 2020
------------------ testing $PTII/ptolemy/domains/de/test/auto/ResettableTimer5.xml
auto.tcl: Setting watchdog for 200 seconds at Tue Jan 14 06:43:07 UTC 2020
2 ms. Memory: 55296K Free: 34403K (62%)
ptolemy.util.test.WatchDog.cancel(): canceling Tue Jan 14 06:43:07 UTC 2020
auto.tcl: Setting watchdog for 200 seconds at Tue Jan 14 06:43:07 UTC 2020
1 ms. Memory: 55296K Free: 33893K (61%)
ptolemy.util.test.WatchDog.cancel(): canceling Tue Jan 14 06:43:07 UTC 2020
------------------ testing $PTII/ptolemy/domains/de/test/auto/ResettableTimer6.xml
auto.tcl: Setting watchdog for 200 seconds at Tue Jan 14 06:43:07 UTC 2020
1 ms. Memory: 55296K Free: 34393K (62%)
ptolemy.util.test.WatchDog.cancel(): canceling Tue Jan 14 06:43:07 UTC 2020
auto.tcl: Setting watchdog for 200 seconds at Tue Jan 14 06:43:07 UTC 2020
1 ms. Memory: 55296K Free: 33883K (61%)
ptolemy.util.test.WatchDog.cancel(): canceling Tue Jan 14 06:43:07 UTC 2020
------------------ testing $PTII/ptolemy/domains/de/test/auto/ServerZeroDelay.xml
auto.tcl: Setting watchdog for 200 seconds at Tue Jan 14 06:43:07 UTC 2020
5 ms. Memory: 55296K Free: 34899K (63%)
ptolemy.util.test.WatchDog.cancel(): canceling Tue Jan 14 06:43:07 UTC 2020
auto.tcl: Setting watchdog for 200 seconds at Tue Jan 14 06:43:07 UTC 2020
2 ms. Memory: 55296K Free: 33875K (61%)
ptolemy.util.test.WatchDog.cancel(): canceling Tue Jan 14 06:43:07 UTC 2020
------------------ testing $PTII/ptolemy/domains/de/test/auto/SmartSender.xml
auto.tcl: Setting watchdog for 200 seconds at Tue Jan 14 06:43:07 UTC 2020
3001 ms. Memory: 55296K Free: 34584K (63%)
ptolemy.util.test.WatchDog.cancel(): canceling Tue Jan 14 06:43:10 UTC 2020
auto.tcl: Setting watchdog for 200 seconds at Tue Jan 14 06:43:10 UTC 2020
3001 ms. Memory: 55296K Free: 34072K (62%)
ptolemy.util.test.WatchDog.cancel(): canceling Tue Jan 14 06:43:13 UTC 2020
------------------ testing $PTII/ptolemy/domains/de/test/auto/ThreadedComposite.xml
auto.tcl: Setting watchdog for 200 seconds at Tue Jan 14 06:43:13 UTC 2020
158 ms. Memory: 55296K Free: 16474K (30%)
ptolemy.util.test.WatchDog.cancel(): canceling Tue Jan 14 06:43:13 UTC 2020
auto.tcl: Setting watchdog for 200 seconds at Tue Jan 14 06:43:13 UTC 2020
125 ms. Memory: 55296K Free: 33929K (61%)
ptolemy.util.test.WatchDog.cancel(): canceling Tue Jan 14 06:43:13 UTC 2020
------------------ testing $PTII/ptolemy/domains/de/test/auto/Time.xml
auto.tcl: Setting watchdog for 200 seconds at Tue Jan 14 06:43:13 UTC 2020
489 ms. Memory: 55296K Free: 9884K (18%)
ptolemy.util.test.WatchDog.cancel(): canceling Tue Jan 14 06:43:14 UTC 2020
auto.tcl: Setting watchdog for 200 seconds at Tue Jan 14 06:43:14 UTC 2020
485 ms. Memory: 55296K Free: 12964K (23%)
ptolemy.util.test.WatchDog.cancel(): canceling Tue Jan 14 06:43:14 UTC 2020
------------------ testing $PTII/ptolemy/domains/de/test/auto/TimeDelayZeroDelay.xml
auto.tcl: Setting watchdog for 200 seconds at Tue Jan 14 06:43:15 UTC 2020
3 ms. Memory: 55296K Free: 34821K (63%)
ptolemy.util.test.WatchDog.cancel(): canceling Tue Jan 14 06:43:15 UTC 2020
auto.tcl: Setting watchdog for 200 seconds at Tue Jan 14 06:43:15 UTC 2020
2 ms. Memory: 55296K Free: 34328K (62%)
ptolemy.util.test.WatchDog.cancel(): canceling Tue Jan 14 06:43:15 UTC 2020
------------------ testing $PTII/ptolemy/domains/de/test/auto/TimerZeroDelay.xml
auto.tcl: Setting watchdog for 200 seconds at Tue Jan 14 06:43:15 UTC 2020
3 ms. Memory: 55296K Free: 35161K (64%)
ptolemy.util.test.WatchDog.cancel(): canceling Tue Jan 14 06:43:15 UTC 2020
auto.tcl: Setting watchdog for 200 seconds at Tue Jan 14 06:43:15 UTC 2020
2 ms. Memory: 55296K Free: 34862K (63%)
ptolemy.util.test.WatchDog.cancel(): canceling Tue Jan 14 06:43:15 UTC 2020
------------------ testing $PTII/ptolemy/domains/de/test/auto/TimingParadox.xml
auto.tcl: Setting watchdog for 200 seconds at Tue Jan 14 06:43:15 UTC 2020
371 ms. Memory: 72704K Free: 41362K (57%)
ptolemy.util.test.WatchDog.cancel(): canceling Tue Jan 14 06:43:15 UTC 2020
auto.tcl: Setting watchdog for 200 seconds at Tue Jan 14 06:43:15 UTC 2020
327 ms. Memory: 72704K Free: 45414K (62%)
ptolemy.util.test.WatchDog.cancel(): canceling Tue Jan 14 06:43:15 UTC 2020
------------------ testing $PTII/ptolemy/domains/de/test/auto/TransferInputs.xml
auto.tcl: Setting watchdog for 200 seconds at Tue Jan 14 06:43:16 UTC 2020
2 ms. Memory: 61440K Free: 39490K (64%)
ptolemy.util.test.WatchDog.cancel(): canceling Tue Jan 14 06:43:16 UTC 2020
auto.tcl: Setting watchdog for 200 seconds at Tue Jan 14 06:43:16 UTC 2020
2 ms. Memory: 61440K Free: 38547K (63%)
ptolemy.util.test.WatchDog.cancel(): canceling Tue Jan 14 06:43:16 UTC 2020
------------------ testing $PTII/ptolemy/domains/de/test/auto/TransferOutputs2.xml
auto.tcl: Setting watchdog for 200 seconds at Tue Jan 14 06:43:16 UTC 2020
4 ms. Memory: 61440K Free: 36918K (60%)
ptolemy.util.test.WatchDog.cancel(): canceling Tue Jan 14 06:43:16 UTC 2020
auto.tcl: Setting watchdog for 200 seconds at Tue Jan 14 06:43:16 UTC 2020
3 ms. Memory: 61440K Free: 35461K (58%)
ptolemy.util.test.WatchDog.cancel(): canceling Tue Jan 14 06:43:16 UTC 2020
------------------ testing $PTII/ptolemy/domains/de/test/auto/Trilateration.xml
auto.tcl: Setting watchdog for 200 seconds at Tue Jan 14 06:43:16 UTC 2020
13216 ms. Memory: 466944K Free: 413390K (89%)
ptolemy.util.test.WatchDog.cancel(): canceling Tue Jan 14 06:43:30 UTC 2020
auto.tcl: Setting watchdog for 200 seconds at Tue Jan 14 06:43:30 UTC 2020
8985 ms. Memory: 466944K Free: 282604K (61%)
ptolemy.util.test.WatchDog.cancel(): canceling Tue Jan 14 06:43:39 UTC 2020
------------------ testing $PTII/ptolemy/domains/de/test/auto/TwoSigmaDelta.xml
auto.tcl: Setting watchdog for 200 seconds at Tue Jan 14 06:43:39 UTC 2020
2258 ms. Memory: 96256K Free: 30479K (32%)
ptolemy.util.test.WatchDog.cancel(): canceling Tue Jan 14 06:43:41 UTC 2020
auto.tcl: Setting watchdog for 200 seconds at Tue Jan 14 06:43:41 UTC 2020
1787 ms. Memory: 96256K Free: 36645K (38%)
ptolemy.util.test.WatchDog.cancel(): canceling Tue Jan 14 06:43:43 UTC 2020
------------------ testing $PTII/ptolemy/domains/de/test/auto/VariableDelay.xml
auto.tcl: Setting watchdog for 200 seconds at Tue Jan 14 06:43:43 UTC 2020
3 ms. Memory: 61440K Free: 39957K (65%)
ptolemy.util.test.WatchDog.cancel(): canceling Tue Jan 14 06:43:43 UTC 2020
auto.tcl: Setting watchdog for 200 seconds at Tue Jan 14 06:43:43 UTC 2020
2 ms. Memory: 61440K Free: 38963K (63%)
ptolemy.util.test.WatchDog.cancel(): canceling Tue Jan 14 06:43:43 UTC 2020
------------------ testing $PTII/ptolemy/domains/de/test/auto/VariableDelay2.xml
auto.tcl: Setting watchdog for 200 seconds at Tue Jan 14 06:43:43 UTC 2020
7 ms. Memory: 58368K Free: 37480K (64%)
ptolemy.util.test.WatchDog.cancel(): canceling Tue Jan 14 06:43:43 UTC 2020
auto.tcl: Setting watchdog for 200 seconds at Tue Jan 14 06:43:43 UTC 2020
2 ms. Memory: 58368K Free: 36968K (63%)
ptolemy.util.test.WatchDog.cancel(): canceling Tue Jan 14 06:43:43 UTC 2020
------------------ testing $PTII/ptolemy/domains/de/test/auto/VariableDelayZeroDelay.xml
auto.tcl: Setting watchdog for 200 seconds at Tue Jan 14 06:43:43 UTC 2020
2 ms. Memory: 58368K Free: 37827K (65%)
ptolemy.util.test.WatchDog.cancel(): canceling Tue Jan 14 06:43:43 UTC 2020
auto.tcl: Setting watchdog for 200 seconds at Tue Jan 14 06:43:43 UTC 2020
2 ms. Memory: 58368K Free: 37299K (64%)
ptolemy.util.test.WatchDog.cancel(): canceling Tue Jan 14 06:43:43 UTC 2020
------------------ testing $PTII/ptolemy/domains/de/test/auto/VariableDelayZeroDelay2.xml
auto.tcl: Setting watchdog for 200 seconds at Tue Jan 14 06:43:44 UTC 2020
1 ms. Memory: 58368K Free: 37826K (65%)
ptolemy.util.test.WatchDog.cancel(): canceling Tue Jan 14 06:43:44 UTC 2020
auto.tcl: Setting watchdog for 200 seconds at Tue Jan 14 06:43:44 UTC 2020
2 ms. Memory: 58368K Free: 36802K (63%)
ptolemy.util.test.WatchDog.cancel(): canceling Tue Jan 14 06:43:44 UTC 2020
------------------ testing $PTII/ptolemy/domains/de/test/auto/deInCt.xml
auto.tcl: Setting watchdog for 200 seconds at Tue Jan 14 06:43:44 UTC 2020
0
1
1
1
0
0
1
1
1
0
0
1
1
1
0
0
0
1
1
1
1
1
1
0
0
0
1
1
1
0
0
0
1
1
1
0
0
0
0
0
1
1
1
1
14 ms. Memory: 58368K Free: 36799K (63%)
ptolemy.util.test.WatchDog.cancel(): canceling Tue Jan 14 06:43:44 UTC 2020
auto.tcl: Setting watchdog for 200 seconds at Tue Jan 14 06:43:44 UTC 2020
0
1
1
1
0
0
0
0
0
1
1
1
1
0
0
1
1
1
1
1
0
0
0
1
1
1
1
1
1
6 ms. Memory: 58368K Free: 35261K (60%)
ptolemy.util.test.WatchDog.cancel(): canceling Tue Jan 14 06:43:44 UTC 2020
------------------ testing $PTII/ptolemy/domains/de/test/auto/deInCt2.xml
auto.tcl: Setting watchdog for 200 seconds at Tue Jan 14 06:43:44 UTC 2020
0
1
1
1
0
0
1
1
1
0
0
1
1
1
0
0
1
1
1
0
0
1
1
1
0
0
1
1
1
0
0
1
1
1
0
0
1
1
1
0
0
0
7 ms. Memory: 58368K Free: 36802K (63%)
ptolemy.util.test.WatchDog.cancel(): canceling Tue Jan 14 06:43:44 UTC 2020
auto.tcl: Setting watchdog for 200 seconds at Tue Jan 14 06:43:44 UTC 2020
0
1
1
1
0
0
1
1
1
0
0
1
1
1
0
0
1
1
1
0
0
1
1
1
0
0
1
1
1
0
0
1
1
1
0
0
1
1
1
0
0
0
6 ms. Memory: 58368K Free: 35250K (60%)
ptolemy.util.test.WatchDog.cancel(): canceling Tue Jan 14 06:43:44 UTC 2020
------------------ testing $PTII/ptolemy/domains/de/test/auto/dynamicCausalityInterface1.xml
auto.tcl: Setting watchdog for 200 seconds at Tue Jan 14 06:43:44 UTC 2020
2 ms. Memory: 58368K Free: 32700K (56%)
ptolemy.util.test.WatchDog.cancel(): canceling Tue Jan 14 06:43:44 UTC 2020
auto.tcl: Setting watchdog for 200 seconds at Tue Jan 14 06:43:44 UTC 2020
1 ms. Memory: 58368K Free: 32186K (55%)
ptolemy.util.test.WatchDog.cancel(): canceling Tue Jan 14 06:43:44 UTC 2020
------------------ testing $PTII/ptolemy/domains/de/test/auto/fsm_de_test.xml
auto.tcl: Setting watchdog for 200 seconds at Tue Jan 14 06:43:44 UTC 2020
11 ms. Memory: 58368K Free: 32598K (56%)
ptolemy.util.test.WatchDog.cancel(): canceling Tue Jan 14 06:43:44 UTC 2020
auto.tcl: Setting watchdog for 200 seconds at Tue Jan 14 06:43:44 UTC 2020
6 ms. Memory: 58368K Free: 30550K (52%)
ptolemy.util.test.WatchDog.cancel(): canceling Tue Jan 14 06:43:44 UTC 2020
------------------ testing $PTII/ptolemy/domains/de/test/auto/functionDependencyReconstruction.xml
auto.tcl: Setting watchdog for 200 seconds at Tue Jan 14 06:43:44 UTC 2020
3 ms. Memory: 58368K Free: 26444K (45%)
ptolemy.util.test.WatchDog.cancel(): canceling Tue Jan 14 06:43:44 UTC 2020
auto.tcl: Setting watchdog for 200 seconds at Tue Jan 14 06:43:44 UTC 2020
2 ms. Memory: 58368K Free: 24396K (42%)
ptolemy.util.test.WatchDog.cancel(): canceling Tue Jan 14 06:43:44 UTC 2020
------------------ testing $PTII/ptolemy/domains/de/test/auto/multirate.xml
auto.tcl: Setting watchdog for 200 seconds at Tue Jan 14 06:43:44 UTC 2020
3 ms. Memory: 58368K Free: 35164K (60%)
ptolemy.util.test.WatchDog.cancel(): canceling Tue Jan 14 06:43:44 UTC 2020
auto.tcl: Setting watchdog for 200 seconds at Tue Jan 14 06:43:44 UTC 2020
3 ms. Memory: 58368K Free: 33494K (57%)
ptolemy.util.test.WatchDog.cancel(): canceling Tue Jan 14 06:43:44 UTC 2020
------------------ testing $PTII/ptolemy/domains/de/test/auto/multirate2.xml
auto.tcl: Setting watchdog for 200 seconds at Tue Jan 14 06:43:44 UTC 2020
3 ms. Memory: 58368K Free: 35363K (61%)
ptolemy.util.test.WatchDog.cancel(): canceling Tue Jan 14 06:43:44 UTC 2020
auto.tcl: Setting watchdog for 200 seconds at Tue Jan 14 06:43:44 UTC 2020
3 ms. Memory: 58368K Free: 33675K (58%)
ptolemy.util.test.WatchDog.cancel(): canceling Tue Jan 14 06:43:44 UTC 2020
------------------ testing $PTII/ptolemy/domains/de/test/auto/realtime.xml
auto.tcl: Setting watchdog for 200 seconds at Tue Jan 14 06:43:44 UTC 2020
10001 ms. Memory: 58368K Free: 37440K (64%)
ptolemy.util.test.WatchDog.cancel(): canceling Tue Jan 14 06:43:54 UTC 2020
auto.tcl: Setting watchdog for 200 seconds at Tue Jan 14 06:43:54 UTC 2020
10002 ms. Memory: 58368K Free: 36746K (63%)
ptolemy.util.test.WatchDog.cancel(): canceling Tue Jan 14 06:44:04 UTC 2020
------------------ testing $PTII/ptolemy/domains/de/test/auto/relationGroup.xml
auto.tcl: Setting watchdog for 200 seconds at Tue Jan 14 06:44:04 UTC 2020
2 ms. Memory: 58368K Free: 38519K (66%)
ptolemy.util.test.WatchDog.cancel(): canceling Tue Jan 14 06:44:04 UTC 2020
auto.tcl: Setting watchdog for 200 seconds at Tue Jan 14 06:44:04 UTC 2020
2 ms. Memory: 58368K Free: 37991K (65%)
ptolemy.util.test.WatchDog.cancel(): canceling Tue Jan 14 06:44:04 UTC 2020
------------------ testing $PTII/ptolemy/domains/de/test/auto/relationGroup2.xml
auto.tcl: Setting watchdog for 200 seconds at Tue Jan 14 06:44:04 UTC 2020
2 ms. Memory: 58368K Free: 38544K (66%)
ptolemy.util.test.WatchDog.cancel(): canceling Tue Jan 14 06:44:04 UTC 2020
auto.tcl: Setting watchdog for 200 seconds at Tue Jan 14 06:44:04 UTC 2020
2 ms. Memory: 58368K Free: 38032K (65%)
ptolemy.util.test.WatchDog.cancel(): canceling Tue Jan 14 06:44:04 UTC 2020
------------------ testing $PTII/ptolemy/domains/de/test/auto/sortWithOpaquePorts.xml
auto.tcl: Setting watchdog for 200 seconds at Tue Jan 14 06:44:04 UTC 2020
2 ms. Memory: 58368K Free: 37323K (64%)
ptolemy.util.test.WatchDog.cancel(): canceling Tue Jan 14 06:44:04 UTC 2020
auto.tcl: Setting watchdog for 200 seconds at Tue Jan 14 06:44:04 UTC 2020
2 ms. Memory: 58368K Free: 36299K (62%)
ptolemy.util.test.WatchDog.cancel(): canceling Tue Jan 14 06:44:04 UTC 2020
------------------ testing $PTII/ptolemy/domains/de/test/auto/transferInputsandOutputs.xml
auto.tcl: Setting watchdog for 200 seconds at Tue Jan 14 06:44:04 UTC 2020
4 ms. Memory: 58368K Free: 34767K (60%)
ptolemy.util.test.WatchDog.cancel(): canceling Tue Jan 14 06:44:04 UTC 2020
auto.tcl: Setting watchdog for 200 seconds at Tue Jan 14 06:44:04 UTC 2020
4 ms. Memory: 58368K Free: 33743K (58%)
ptolemy.util.test.WatchDog.cancel(): canceling Tue Jan 14 06:44:04 UTC 2020
------------------ testing $PTII/ptolemy/domains/de/test/auto/triggerType.xml
auto.tcl: Setting watchdog for 200 seconds at Tue Jan 14 06:44:04 UTC 2020
1 ms. Memory: 58368K Free: 37792K (65%)
ptolemy.util.test.WatchDog.cancel(): canceling Tue Jan 14 06:44:04 UTC 2020
auto.tcl: Setting watchdog for 200 seconds at Tue Jan 14 06:44:04 UTC 2020
2 ms. Memory: 58368K Free: 36768K (63%)
ptolemy.util.test.WatchDog.cancel(): canceling Tue Jan 14 06:44:04 UTC 2020
01/14/20 06:44:05
Failed: 0  Total Tests: 192  ((Passed: 187, Newly Passed: 1)  Known Failed: 5) /home/travis/build/icyphy/ptII/ptolemy/domains/de/test
01/14/20 06:44:05
Failed: 0  Total Tests: 192  ((Passed: 187, Newly Passed: 1)  Known Failed: 5) /home/travis/build/icyphy/ptII/ptolemy/domains/de/test
----------------- testing (KnownFailure) /home/travis/build/icyphy/ptII/ptolemy/domains/de/test/auto/knownFailedTests/DESDFClockTest.xml
2011 ms. Memory: 58368K Free: 31187K (53%)
Known Failure: java.lang.reflect.InvocationTargetException
----------------- testing (KnownFailure) /home/travis/build/icyphy/ptII/ptolemy/domains/de/test/auto/knownFailedTests/DirectFeedback.xml
7 ms. Memory: 58368K Free: 27091K (46%)
Known Failure: java.lang.reflect.InvocationTargetException
----------------- testing (KnownFailure) /home/travis/build/icyphy/ptII/ptolemy/domains/de/test/auto/knownFailedTests/FSMSource.xml
14 ms. Memory: 58368K Free: 19413K (33%)
----------------- testing (KnownFailure) /home/travis/build/icyphy/ptII/ptolemy/domains/de/test/auto/knownFailedTests/HierarchicalModel.xml
2 ms. Memory: 58368K Free: 35665K (61%)
Known Failure: java.lang.reflect.InvocationTargetException
----------------- testing (KnownFailure) /home/travis/build/icyphy/ptII/ptolemy/domains/de/test/auto/knownFailedTests/dependencyLoop.xml
3 ms. Memory: 58368K Free: 19988K (34%)
Known Failure: java.lang.reflect.InvocationTargetException
----------------- testing (KnownFailure) /home/travis/build/icyphy/ptII/ptolemy/domains/de/test/auto/knownFailedTests/dependencyLoop2.xml
6 ms. Memory: 58368K Free: 37014K (63%)
Known Failure: java.lang.reflect.InvocationTargetException
No auto/linux-amd64/*.xml tests in /home/travis/build/icyphy/ptII/ptolemy/domains/de/test
AutoTests.java: About to close Vertx.
AutoTests.java: Vertx closed.

===========================================================================================
----------------- testing Tue Jan 14 06:44:07 UTC 2020 /home/travis/build/icyphy/ptII/ptolemy/domains/de/test/auto/ActorDepthCalculation_actorWithoutPorts.xml
----------------- Instantiating /home/travis/build/icyphy/ptII/ptolemy/domains/de/test/auto/ActorDepthCalculation_actorWithoutPorts.xml
1 ms. Memory: 58368K Free: 30195K (52%)
----------------- Invoking toplevel() on ptolemy.moml.MoMLSimpleApplication@634bc06b
----------------- Done invoking toplevel() on ptolemy.moml.MoMLSimpleApplication@634bc06b
reloadAllAccessors: .ActorDepthCalculation_actorWithoutPorts

===========================================================================================
----------------- testing Tue Jan 14 06:44:07 UTC 2020 /home/travis/build/icyphy/ptII/ptolemy/domains/de/test/auto/AssemblyLine.xml
----------------- Instantiating /home/travis/build/icyphy/ptII/ptolemy/domains/de/test/auto/AssemblyLine.xml
3 ms. Memory: 58368K Free: 23059K (40%)
----------------- Invoking toplevel() on ptolemy.moml.MoMLSimpleApplication@1684a7db
----------------- Done invoking toplevel() on ptolemy.moml.MoMLSimpleApplication@1684a7db
reloadAllAccessors: .AssemblyLine

===========================================================================================
----------------- testing Tue Jan 14 06:44:07 UTC 2020 /home/travis/build/icyphy/ptII/ptolemy/domains/de/test/auto/CQBug1.xml
----------------- Instantiating /home/travis/build/icyphy/ptII/ptolemy/domains/de/test/auto/CQBug1.xml
2 ms. Memory: 58368K Free: 19979K (34%)
----------------- Invoking toplevel() on ptolemy.moml.MoMLSimpleApplication@4966f8b6
----------------- Done invoking toplevel() on ptolemy.moml.MoMLSimpleApplication@4966f8b6
reloadAllAccessors: .CQBug1

===========================================================================================
----------------- testing Tue Jan 14 06:44:07 UTC 2020 /home/travis/build/icyphy/ptII/ptolemy/domains/de/test/auto/CancelFireAt.xml
----------------- Instantiating /home/travis/build/icyphy/ptII/ptolemy/domains/de/test/auto/CancelFireAt.xml
10 ms. Memory: 58368K Free: 17270K (30%)
----------------- Invoking toplevel() on ptolemy.moml.MoMLSimpleApplication@2ec93912
----------------- Done invoking toplevel() on ptolemy.moml.MoMLSimpleApplication@2ec93912
reloadAllAccessors: .CancelFireAt

===========================================================================================
----------------- testing Tue Jan 14 06:44:07 UTC 2020 /home/travis/build/icyphy/ptII/ptolemy/domains/de/test/auto/CausalityAndComposabilityAnalysis.xml
----------------- Instantiating /home/travis/build/icyphy/ptII/ptolemy/domains/de/test/auto/CausalityAndComposabilityAnalysis.xml
2 ms. Memory: 58368K Free: 13158K (23%)
----------------- Invoking toplevel() on ptolemy.moml.MoMLSimpleApplication@25f0f79f
----------------- Done invoking toplevel() on ptolemy.moml.MoMLSimpleApplication@25f0f79f
reloadAllAccessors: .CausalityAndComposabilityAnalysis

===========================================================================================
----------------- testing Tue Jan 14 06:44:07 UTC 2020 /home/travis/build/icyphy/ptII/ptolemy/domains/de/test/auto/CausalityInterface1.xml
----------------- Instantiating /home/travis/build/icyphy/ptII/ptolemy/domains/de/test/auto/CausalityInterface1.xml
6 ms. Memory: 58368K Free: 39930K (68%)
----------------- Invoking toplevel() on ptolemy.moml.MoMLSimpleApplication@3f5fb711
----------------- Done invoking toplevel() on ptolemy.moml.MoMLSimpleApplication@3f5fb711
reloadAllAccessors: .CausalityInterface1

===========================================================================================
----------------- testing Tue Jan 14 06:44:07 UTC 2020 /home/travis/build/icyphy/ptII/ptolemy/domains/de/test/auto/CausalityInterface15.xml
----------------- Instantiating /home/travis/build/icyphy/ptII/ptolemy/domains/de/test/auto/CausalityInterface15.xml
2 ms. Memory: 58368K Free: 34507K (59%)
----------------- Invoking toplevel() on ptolemy.moml.MoMLSimpleApplication@11f32b1b
----------------- Done invoking toplevel() on ptolemy.moml.MoMLSimpleApplication@11f32b1b
reloadAllAccessors: .CausalityInterface15

===========================================================================================
----------------- testing Tue Jan 14 06:44:07 UTC 2020 /home/travis/build/icyphy/ptII/ptolemy/domains/de/test/auto/CausalityInterface2.xml
----------------- Instantiating /home/travis/build/icyphy/ptII/ptolemy/domains/de/test/auto/CausalityInterface2.xml
5 ms. Memory: 58368K Free: 29698K (51%)
[...]
	at ptolemy.actor.Manager.run(Manager.java:1263)
	at ptolemy.actor.Manager$PtolemyRunThread.run(Manager.java:1933)
java.lang.RuntimeException: Execution failed
	at ptolemy.moml.MoMLSimpleApplication$UnloadThread.run(MoMLSimpleApplication.java:402)
Caused by: ptolemy.kernel.util.IllegalActionException: Actor is not ready to fire.  Perhaps UpSample.prefire() returned false? Try debugging the actor by selecting "Listen to Actor".  Also, for SDF check moml for tokenConsumptionRate on input.
  in .DESDFClockTest.Play Bell.Copy1:SDF Director and .DESDFClockTest.Play Bell.UpSample
	at ptolemy.actor.sched.StaticSchedulingDirector.fire(StaticSchedulingDirector.java:227)
	at ptolemy.domains.sdf.kernel.SDFDirector.fire(SDFDirector.java:500)
	at ptolemy.actor.CompositeActor.fire(CompositeActor.java:455)
	at ptolemy.domains.de.kernel.DEDirector._fire(DEDirector.java:1949)
	at ptolemy.domains.de.kernel.DEDirector.fire(DEDirector.java:502)
	at ptolemy.actor.CompositeActor.fire(CompositeActor.java:455)
	at ptolemy.actor.Manager.iterate(Manager.java:851)
	at ptolemy.actor.Manager.execute(Manager.java:369)
	at ptolemy.actor.Manager.run(Manager.java:1263)
	at ptolemy.actor.Manager$PtolemyRunThread.run(Manager.java:1933)
java.lang.reflect.InvocationTargetException
	at java.base/jdk.internal.reflect.NativeConstructorAccessorImpl.newInstance0(Native Method)
	at java.base/jdk.internal.reflect.NativeConstructorAccessorImpl.newInstance(NativeConstructorAccessorImpl.java:62)
	at java.base/jdk.internal.reflect.DelegatingConstructorAccessorImpl.newInstance(DelegatingConstructorAccessorImpl.java:45)
	at java.base/java.lang.reflect.Constructor.newInstance(Constructor.java:490)
	at ptolemy.util.test.junit.AutoKnownFailedTests.RunModel(AutoKnownFailedTests.java:105)
	at java.base/jdk.internal.reflect.NativeMethodAccessorImpl.invoke0(Native Method)
	at java.base/jdk.internal.reflect.NativeMethodAccessorImpl.invoke(NativeMethodAccessorImpl.java:62)
	at java.base/jdk.internal.reflect.DelegatingMethodAccessorImpl.invoke(DelegatingMethodAccessorImpl.java:43)
	at java.base/java.lang.reflect.Method.invoke(Method.java:566)
	at org.junit.runners.model.FrameworkMethod$1.runReflectiveCall(FrameworkMethod.java:44)
	at org.junit.internal.runners.model.ReflectiveCallable.run(ReflectiveCallable.java:15)
	at org.junit.runners.model.FrameworkMethod.invokeExplosively(FrameworkMethod.java:41)
	at junitparams.internal.InvokeParameterisedMethod.evaluate(InvokeParameterisedMethod.java:102)
	at org.junit.internal.runners.statements.FailOnTimeout$1.run(FailOnTimeout.java:28)
Caused by: ptolemy.kernel.util.IllegalActionException: Actor is not ready to fire.  Perhaps UpSample.prefire() returned false? Try debugging the actor by selecting "Listen to Actor".  Also, for SDF check moml for tokenConsumptionRate on input.
  in .DESDFClockTest.Play Bell.Copy1:SDF Director and .DESDFClockTest.Play Bell.UpSample
	at ptolemy.actor.sched.StaticSchedulingDirector.fire(StaticSchedulingDirector.java:227)
	at ptolemy.domains.sdf.kernel.SDFDirector.fire(SDFDirector.java:500)
	at ptolemy.actor.CompositeActor.fire(CompositeActor.java:455)
	at ptolemy.domains.de.kernel.DEDirector._fire(DEDirector.java:1949)
	at ptolemy.domains.de.kernel.DEDirector.fire(DEDirector.java:502)
	at ptolemy.actor.CompositeActor.fire(CompositeActor.java:455)
	at ptolemy.actor.Manager.iterate(Manager.java:851)
	at ptolemy.actor.Manager.execute(Manager.java:369)
	at ptolemy.actor.Manager.run(Manager.java:1263)
	at ptolemy.actor.Manager$PtolemyRunThread.run(Manager.java:1933)
java.lang.RuntimeException: Execution failed
	at ptolemy.moml.MoMLSimpleApplication$UnloadThread.run(MoMLSimpleApplication.java:402)
Caused by: ptolemy.kernel.util.IllegalActionException: Test fails in iteration 1.
Value was: 1.0. Should have been: 2.0
  in .DirectFeedback.Test
	at ptolemy.actor.lib.Test.fire(Test.java:268)
	at ptolemy.domains.de.kernel.DEDirector._fire(DEDirector.java:1949)
	at ptolemy.domains.de.kernel.DEDirector.fire(DEDirector.java:502)
	at ptolemy.actor.CompositeActor.fire(CompositeActor.java:455)
	at ptolemy.actor.Manager.iterate(Manager.java:851)
	at ptolemy.actor.Manager.execute(Manager.java:369)
	at ptolemy.actor.Manager.run(Manager.java:1263)
	at ptolemy.actor.Manager$PtolemyRunThread.run(Manager.java:1933)
java.lang.reflect.InvocationTargetException
	at java.base/jdk.internal.reflect.NativeConstructorAccessorImpl.newInstance0(Native Method)
	at java.base/jdk.internal.reflect.NativeConstructorAccessorImpl.newInstance(NativeConstructorAccessorImpl.java:62)
	at java.base/jdk.internal.reflect.DelegatingConstructorAccessorImpl.newInstance(DelegatingConstructorAccessorImpl.java:45)
	at java.base/java.lang.reflect.Constructor.newInstance(Constructor.java:490)
	at ptolemy.util.test.junit.AutoKnownFailedTests.RunModel(AutoKnownFailedTests.java:105)
	at java.base/jdk.internal.reflect.NativeMethodAccessorImpl.invoke0(Native Method)
	at java.base/jdk.internal.reflect.NativeMethodAccessorImpl.invoke(NativeMethodAccessorImpl.java:62)
	at java.base/jdk.internal.reflect.DelegatingMethodAccessorImpl.invoke(DelegatingMethodAccessorImpl.java:43)
	at java.base/java.lang.reflect.Method.invoke(Method.java:566)
	at org.junit.runners.model.FrameworkMethod$1.runReflectiveCall(FrameworkMethod.java:44)
	at org.junit.internal.runners.model.ReflectiveCallable.run(ReflectiveCallable.java:15)
	at org.junit.runners.model.FrameworkMethod.invokeExplosively(FrameworkMethod.java:41)
	at junitparams.internal.InvokeParameterisedMethod.evaluate(InvokeParameterisedMethod.java:102)
	at org.junit.internal.runners.statements.FailOnTimeout$1.run(FailOnTimeout.java:28)
Caused by: ptolemy.kernel.util.IllegalActionException: Test fails in iteration 1.
Value was: 1.0. Should have been: 2.0
  in .DirectFeedback.Test
	at ptolemy.actor.lib.Test.fire(Test.java:268)
	at ptolemy.domains.de.kernel.DEDirector._fire(DEDirector.java:1949)
	at ptolemy.domains.de.kernel.DEDirector.fire(DEDirector.java:502)
	at ptolemy.actor.CompositeActor.fire(CompositeActor.java:455)
	at ptolemy.actor.Manager.iterate(Manager.java:851)
	at ptolemy.actor.Manager.execute(Manager.java:369)
	at ptolemy.actor.Manager.run(Manager.java:1263)
	at ptolemy.actor.Manager$PtolemyRunThread.run(Manager.java:1933)
java.lang.RuntimeException: Execution failed
	at ptolemy.moml.MoMLSimpleApplication$UnloadThread.run(MoMLSimpleApplication.java:402)
Caused by: ptolemy.kernel.util.IllegalActionException: Found a zero delay loop containing .HierarchicalModel.A
  in .HierarchicalModel and .HierarchicalModel.A
	at ptolemy.actor.util.CausalityInterfaceForComposites._computeOutputPortDepth(CausalityInterfaceForComposites.java:759)
	at ptolemy.actor.util.CausalityInterfaceForComposites._computeInputDepth(CausalityInterfaceForComposites.java:696)
	at ptolemy.actor.util.CausalityInterfaceForComposites._computeOutputPortDepth(CausalityInterfaceForComposites.java:765)
	at ptolemy.actor.util.CausalityInterfaceForComposites._computeInputDepth(CausalityInterfaceForComposites.java:696)
	at ptolemy.actor.util.CausalityInterfaceForComposites._computeOutputPortDepth(CausalityInterfaceForComposites.java:765)
	at ptolemy.actor.util.CausalityInterfaceForComposites._computeInputDepth(CausalityInterfaceForComposites.java:696)
	at ptolemy.actor.util.CausalityInterfaceForComposites._computeActorDepth(CausalityInterfaceForComposites.java:532)
	at ptolemy.actor.util.CausalityInterfaceForComposites.checkForCycles(CausalityInterfaceForComposites.java:96)
	at ptolemy.domains.de.kernel.DEDirector.preinitialize(DEDirector.java:1338)
	at ptolemy.actor.CompositeActor.preinitialize(CompositeActor.java:1828)
	at ptolemy.actor.Manager.preinitializeAndResolveTypes(Manager.java:1040)
	at ptolemy.actor.Manager.initialize(Manager.java:710)
	at ptolemy.actor.Manager.execute(Manager.java:356)
	at ptolemy.actor.Manager.run(Manager.java:1263)
	at ptolemy.actor.Manager$PtolemyRunThread.run(Manager.java:1933)
java.lang.reflect.InvocationTargetException
	at java.base/jdk.internal.reflect.NativeConstructorAccessorImpl.newInstance0(Native Method)
	at java.base/jdk.internal.reflect.NativeConstructorAccessorImpl.newInstance(NativeConstructorAccessorImpl.java:62)
	at java.base/jdk.internal.reflect.DelegatingConstructorAccessorImpl.newInstance(DelegatingConstructorAccessorImpl.java:45)
	at java.base/java.lang.reflect.Constructor.newInstance(Constructor.java:490)
	at ptolemy.util.test.junit.AutoKnownFailedTests.RunModel(AutoKnownFailedTests.java:105)
	at java.base/jdk.internal.reflect.NativeMethodAccessorImpl.invoke0(Native Method)
	at java.base/jdk.internal.reflect.NativeMethodAccessorImpl.invoke(NativeMethodAccessorImpl.java:62)
	at java.base/jdk.internal.reflect.DelegatingMethodAccessorImpl.invoke(DelegatingMethodAccessorImpl.java:43)
	at java.base/java.lang.reflect.Method.invoke(Method.java:566)
	at org.junit.runners.model.FrameworkMethod$1.runReflectiveCall(FrameworkMethod.java:44)
	at org.junit.internal.runners.model.ReflectiveCallable.run(ReflectiveCallable.java:15)
	at org.junit.runners.model.FrameworkMethod.invokeExplosively(FrameworkMethod.java:41)
	at junitparams.internal.InvokeParameterisedMethod.evaluate(InvokeParameterisedMethod.java:102)
	at org.junit.internal.runners.statements.FailOnTimeout$1.run(FailOnTimeout.java:28)
Caused by: ptolemy.kernel.util.IllegalActionException: Found a zero delay loop containing .HierarchicalModel.A
  in .HierarchicalModel and .HierarchicalModel.A
	at ptolemy.actor.util.CausalityInterfaceForComposites._computeOutputPortDepth(CausalityInterfaceForComposites.java:759)
	at ptolemy.actor.util.CausalityInterfaceForComposites._computeInputDepth(CausalityInterfaceForComposites.java:696)
	at ptolemy.actor.util.CausalityInterfaceForComposites._computeOutputPortDepth(CausalityInterfaceForComposites.java:765)
	at ptolemy.actor.util.CausalityInterfaceForComposites._computeInputDepth(CausalityInterfaceForComposites.java:696)
	at ptolemy.actor.util.CausalityInterfaceForComposites._computeOutputPortDepth(CausalityInterfaceForComposites.java:765)
	at ptolemy.actor.util.CausalityInterfaceForComposites._computeInputDepth(CausalityInterfaceForComposites.java:696)
	at ptolemy.actor.util.CausalityInterfaceForComposites._computeActorDepth(CausalityInterfaceForComposites.java:532)
	at ptolemy.actor.util.CausalityInterfaceForComposites.checkForCycles(CausalityInterfaceForComposites.java:96)
	at ptolemy.domains.de.kernel.DEDirector.preinitialize(DEDirector.java:1338)
	at ptolemy.actor.CompositeActor.preinitialize(CompositeActor.java:1828)
	at ptolemy.actor.Manager.preinitializeAndResolveTypes(Manager.java:1040)
	at ptolemy.actor.Manager.initialize(Manager.java:710)
	at ptolemy.actor.Manager.execute(Manager.java:356)
	at ptolemy.actor.Manager.run(Manager.java:1263)
	at ptolemy.actor.Manager$PtolemyRunThread.run(Manager.java:1933)
java.lang.RuntimeException: Execution failed
	at ptolemy.moml.MoMLSimpleApplication$UnloadThread.run(MoMLSimpleApplication.java:402)
Caused by: ptolemy.kernel.util.IllegalActionException: Found a zero delay loop containing .dependencyLoop.original
  in .dependencyLoop and .dependencyLoop.original
	at ptolemy.actor.util.CausalityInterfaceForComposites._computeOutputPortDepth(CausalityInterfaceForComposites.java:759)
	at ptolemy.actor.util.CausalityInterfaceForComposites._computeInputDepth(CausalityInterfaceForComposites.java:696)
	at ptolemy.actor.util.CausalityInterfaceForComposites._computeOutputPortDepth(CausalityInterfaceForComposites.java:765)
	at ptolemy.actor.util.CausalityInterfaceForComposites._computeInputDepth(CausalityInterfaceForComposites.java:696)
	at ptolemy.actor.util.CausalityInterfaceForComposites._computeOutputPortDepth(CausalityInterfaceForComposites.java:765)
	at ptolemy.actor.util.CausalityInterfaceForComposites._computeInputDepth(CausalityInterfaceForComposites.java:696)
	at ptolemy.actor.util.CausalityInterfaceForComposites._computeActorDepth(CausalityInterfaceForComposites.java:532)
	at ptolemy.actor.util.CausalityInterfaceForComposites.checkForCycles(CausalityInterfaceForComposites.java:96)
	at ptolemy.domains.de.kernel.DEDirector.preinitialize(DEDirector.java:1338)
	at ptolemy.actor.CompositeActor.preinitialize(CompositeActor.java:1828)
	at ptolemy.actor.Manager.preinitializeAndResolveTypes(Manager.java:1040)
	at ptolemy.actor.Manager.initialize(Manager.java:710)
	at ptolemy.actor.Manager.execute(Manager.java:356)
	at ptolemy.actor.Manager.run(Manager.java:1263)
	at ptolemy.actor.Manager$PtolemyRunThread.run(Manager.java:1933)
java.lang.reflect.InvocationTargetException
	at java.base/jdk.internal.reflect.NativeConstructorAccessorImpl.newInstance0(Native Method)
	at java.base/jdk.internal.reflect.NativeConstructorAccessorImpl.newInstance(NativeConstructorAccessorImpl.java:62)
	at java.base/jdk.internal.reflect.DelegatingConstructorAccessorImpl.newInstance(DelegatingConstructorAccessorImpl.java:45)
	at java.base/java.lang.reflect.Constructor.newInstance(Constructor.java:490)
	at ptolemy.util.test.junit.AutoKnownFailedTests.RunModel(AutoKnownFailedTests.java:105)
	at java.base/jdk.internal.reflect.NativeMethodAccessorImpl.invoke0(Native Method)
	at java.base/jdk.internal.reflect.NativeMethodAccessorImpl.invoke(NativeMethodAccessorImpl.java:62)
	at java.base/jdk.internal.reflect.DelegatingMethodAccessorImpl.invoke(DelegatingMethodAccessorImpl.java:43)
	at java.base/java.lang.reflect.Method.invoke(Method.java:566)
	at org.junit.runners.model.FrameworkMethod$1.runReflectiveCall(FrameworkMethod.java:44)
	at org.junit.internal.runners.model.ReflectiveCallable.run(ReflectiveCallable.java:15)
	at org.junit.runners.model.FrameworkMethod.invokeExplosively(FrameworkMethod.java:41)
	at junitparams.internal.InvokeParameterisedMethod.evaluate(InvokeParameterisedMethod.java:102)
	at org.junit.internal.runners.statements.FailOnTimeout$1.run(FailOnTimeout.java:28)
Caused by: ptolemy.kernel.util.IllegalActionException: Found a zero delay loop containing .dependencyLoop.original
  in .dependencyLoop and .dependencyLoop.original
	at ptolemy.actor.util.CausalityInterfaceForComposites._computeOutputPortDepth(CausalityInterfaceForComposites.java:759)
	at ptolemy.actor.util.CausalityInterfaceForComposites._computeInputDepth(CausalityInterfaceForComposites.java:696)
	at ptolemy.actor.util.CausalityInterfaceForComposites._computeOutputPortDepth(CausalityInterfaceForComposites.java:765)
	at ptolemy.actor.util.CausalityInterfaceForComposites._computeInputDepth(CausalityInterfaceForComposites.java:696)
	at ptolemy.actor.util.CausalityInterfaceForComposites._computeOutputPortDepth(CausalityInterfaceForComposites.java:765)
	at ptolemy.actor.util.CausalityInterfaceForComposites._computeInputDepth(CausalityInterfaceForComposites.java:696)
	at ptolemy.actor.util.CausalityInterfaceForComposites._computeActorDepth(CausalityInterfaceForComposites.java:532)
	at ptolemy.actor.util.CausalityInterfaceForComposites.checkForCycles(CausalityInterfaceForComposites.java:96)
	at ptolemy.domains.de.kernel.DEDirector.preinitialize(DEDirector.java:1338)
	at ptolemy.actor.CompositeActor.preinitialize(CompositeActor.java:1828)
	at ptolemy.actor.Manager.preinitializeAndResolveTypes(Manager.java:1040)
	at ptolemy.actor.Manager.initialize(Manager.java:710)
	at ptolemy.actor.Manager.execute(Manager.java:356)
	at ptolemy.actor.Manager.run(Manager.java:1263)
	at ptolemy.actor.Manager$PtolemyRunThread.run(Manager.java:1933)
java.lang.RuntimeException: Execution failed
	at ptolemy.moml.MoMLSimpleApplication$UnloadThread.run(MoMLSimpleApplication.java:402)
Caused by: ptolemy.kernel.util.IllegalActionException: Found a zero delay loop containing .dependencyLoop2.original
  in .dependencyLoop2 and .dependencyLoop2.original
	at ptolemy.actor.util.CausalityInterfaceForComposites._computeOutputPortDepth(CausalityInterfaceForComposites.java:759)
	at ptolemy.actor.util.CausalityInterfaceForComposites._computeInputDepth(CausalityInterfaceForComposites.java:696)
	at ptolemy.actor.util.CausalityInterfaceForComposites._computeOutputPortDepth(CausalityInterfaceForComposites.java:765)
	at ptolemy.actor.util.CausalityInterfaceForComposites._computeInputDepth(CausalityInterfaceForComposites.java:696)
	at ptolemy.actor.util.CausalityInterfaceForComposites._computeOutputPortDepth(CausalityInterfaceForComposites.java:765)
	at ptolemy.actor.util.CausalityInterfaceForComposites._computeInputDepth(CausalityInterfaceForComposites.java:696)
	at ptolemy.actor.util.CausalityInterfaceForComposites._computeActorDepth(CausalityInterfaceForComposites.java:532)
	at ptolemy.actor.util.CausalityInterfaceForComposites.checkForCycles(CausalityInterfaceForComposites.java:96)
	at ptolemy.domains.de.kernel.DEDirector.preinitialize(DEDirector.java:1338)
	at ptolemy.actor.CompositeActor.preinitialize(CompositeActor.java:1828)
	at ptolemy.actor.Manager.preinitializeAndResolveTypes(Manager.java:1040)
	at ptolemy.actor.Manager.initialize(Manager.java:710)
	at ptolemy.actor.Manager.execute(Manager.java:356)
	at ptolemy.actor.Manager.run(Manager.java:1263)
	at ptolemy.actor.Manager$PtolemyRunThread.run(Manager.java:1933)
java.lang.reflect.InvocationTargetException
	at java.base/jdk.internal.reflect.NativeConstructorAccessorImpl.newInstance0(Native Method)
	at java.base/jdk.internal.reflect.NativeConstructorAccessorImpl.newInstance(NativeConstructorAccessorImpl.java:62)
	at java.base/jdk.internal.reflect.DelegatingConstructorAccessorImpl.newInstance(DelegatingConstructorAccessorImpl.java:45)
	at java.base/java.lang.reflect.Constructor.newInstance(Constructor.java:490)
	at ptolemy.util.test.junit.AutoKnownFailedTests.RunModel(AutoKnownFailedTests.java:105)
	at java.base/jdk.internal.reflect.NativeMethodAccessorImpl.invoke0(Native Method)
	at java.base/jdk.internal.reflect.NativeMethodAccessorImpl.invoke(NativeMethodAccessorImpl.java:62)
	at java.base/jdk.internal.reflect.DelegatingMethodAccessorImpl.invoke(DelegatingMethodAccessorImpl.java:43)
	at java.base/java.lang.reflect.Method.invoke(Method.java:566)
	at org.junit.runners.model.FrameworkMethod$1.runReflectiveCall(FrameworkMethod.java:44)
	at org.junit.internal.runners.model.ReflectiveCallable.run(ReflectiveCallable.java:15)
	at org.junit.runners.model.FrameworkMethod.invokeExplosively(FrameworkMethod.java:41)
	at junitparams.internal.InvokeParameterisedMethod.evaluate(InvokeParameterisedMethod.java:102)
	at org.junit.internal.runners.statements.FailOnTimeout$1.run(FailOnTimeout.java:28)
Caused by: ptolemy.kernel.util.IllegalActionException: Found a zero delay loop containing .dependencyLoop2.original
  in .dependencyLoop2 and .dependencyLoop2.original
	at ptolemy.actor.util.CausalityInterfaceForComposites._computeOutputPortDepth(CausalityInterfaceForComposites.java:759)
	at ptolemy.actor.util.CausalityInterfaceForComposites._computeInputDepth(CausalityInterfaceForComposites.java:696)
	at ptolemy.actor.util.CausalityInterfaceForComposites._computeOutputPortDepth(CausalityInterfaceForComposites.java:765)
	at ptolemy.actor.util.CausalityInterfaceForComposites._computeInputDepth(CausalityInterfaceForComposites.java:696)
	at ptolemy.actor.util.CausalityInterfaceForComposites._computeOutputPortDepth(CausalityInterfaceForComposites.java:765)
	at ptolemy.actor.util.CausalityInterfaceForComposites._computeInputDepth(CausalityInterfaceForComposites.java:696)
	at ptolemy.actor.util.CausalityInterfaceForComposites._computeActorDepth(CausalityInterfaceForComposites.java:532)
	at ptolemy.actor.util.CausalityInterfaceForComposites.checkForCycles(CausalityInterfaceForComposites.java:96)
	at ptolemy.domains.de.kernel.DEDirector.preinitialize(DEDirector.java:1338)
	at ptolemy.actor.CompositeActor.preinitialize(CompositeActor.java:1828)
	at ptolemy.actor.Manager.preinitializeAndResolveTypes(Manager.java:1040)
	at ptolemy.actor.Manager.initialize(Manager.java:710)
	at ptolemy.actor.Manager.execute(Manager.java:356)
	at ptolemy.actor.Manager.run(Manager.java:1263)
	at ptolemy.actor.Manager$PtolemyRunThread.run(Manager.java:1933)
]]></system-err>
</testsuite>
