<?xml version="1.0" encoding="UTF-8" ?>
<testsuite errors="0" failures="0" hostname="travis-job-10e84412-a67d-4246-a161-fab3446f356e" name="ptolemy.domains.modal.test.junit.JUnitTclTest" skipped="0" tests="148" time="10.947" timestamp="2020-01-21T10:03:06">
  <properties>
[...]
</properties>
  <testcase classname="ptolemy.util.test.junit.TclTests" name="[0] /home/travis/build/icyphy/ptII/ptolemy/domains/modal/test/SystemLevelType.tcl (RunTclFile)" time="1.982" />
  <testcase classname="ptolemy.util.test.junit.AutoKnownFailedTests" name="[0] /home/travis/build/icyphy/ptII/ptolemy/domains/modal/test/auto/knownFailedTests/CannotAnalysisWithPreemption.xml (RunModel)" time="0.309" />
  <testcase classname="ptolemy.util.test.junit.AutoNameArchTests" name="[0] ThereAreNoAutoArchTests (RunModel)" time="0.002" />
  <testcase classname="ptolemy.util.test.junit.AutoTests" name="[0] /home/travis/build/icyphy/ptII/ptolemy/domains/modal/test/auto/ABPTest.xml (RunModel)" time="0.753" />
  <testcase classname="ptolemy.util.test.junit.AutoTests" name="[1] /home/travis/build/icyphy/ptII/ptolemy/domains/modal/test/auto/ABROFlat.xml (RunModel)" time="0.087" />
  <testcase classname="ptolemy.util.test.junit.AutoTests" name="[2] /home/travis/build/icyphy/ptII/ptolemy/domains/modal/test/auto/ABROFlat2.xml (RunModel)" time="0.077" />
  <testcase classname="ptolemy.util.test.junit.AutoTests" name="[3] /home/travis/build/icyphy/ptII/ptolemy/domains/modal/test/auto/ABRO_present_hmm.xml (RunModel)" time="0.121" />
  <testcase classname="ptolemy.util.test.junit.AutoTests" name="[4] /home/travis/build/icyphy/ptII/ptolemy/domains/modal/test/auto/AMICoderExample.xml (RunModel)" time="0.111" />
  <testcase classname="ptolemy.util.test.junit.AutoTests" name="[5] /home/travis/build/icyphy/ptII/ptolemy/domains/modal/test/auto/AbsentToPresent.xml (RunModel)" time="0.021" />
  <testcase classname="ptolemy.util.test.junit.AutoTests" name="[6] /home/travis/build/icyphy/ptII/ptolemy/domains/modal/test/auto/Blending.xml (RunModel)" time="0.28" />
  <testcase classname="ptolemy.util.test.junit.AutoTests" name="[7] /home/travis/build/icyphy/ptII/ptolemy/domains/modal/test/auto/Broadcast.xml (RunModel)" time="0.059" />
  <testcase classname="ptolemy.util.test.junit.AutoTests" name="[8] /home/travis/build/icyphy/ptII/ptolemy/domains/modal/test/auto/BroadcastHierarchy.xml (RunModel)" time="0.053" />
  <testcase classname="ptolemy.util.test.junit.AutoTests" name="[9] /home/travis/build/icyphy/ptII/ptolemy/domains/modal/test/auto/BroadcastHierarchy2.xml (RunModel)" time="0.14" />
  <testcase classname="ptolemy.util.test.junit.AutoTests" name="[10] /home/travis/build/icyphy/ptII/ptolemy/domains/modal/test/auto/BroadcastHierarchy3.xml (RunModel)" time="0.117" />
  <testcase classname="ptolemy.util.test.junit.AutoTests" name="[11] /home/travis/build/icyphy/ptII/ptolemy/domains/modal/test/auto/BroadcastHierarchy4.xml (RunModel)" time="0.104" />
  <testcase classname="ptolemy.util.test.junit.AutoTests" name="[12] /home/travis/build/icyphy/ptII/ptolemy/domains/modal/test/auto/CannotAnalysisWithPreemption2.xml (RunModel)" time="0.034" />
  <testcase classname="ptolemy.util.test.junit.AutoTests" name="[13] /home/travis/build/icyphy/ptII/ptolemy/domains/modal/test/auto/CannotAnalysisWithPreemption3.xml (RunModel)" time="0.043" />
  <testcase classname="ptolemy.util.test.junit.AutoTests" name="[14] /home/travis/build/icyphy/ptII/ptolemy/domains/modal/test/auto/CannotProduce.xml (RunModel)" time="0.032" />
  <testcase classname="ptolemy.util.test.junit.AutoTests" name="[15] /home/travis/build/icyphy/ptII/ptolemy/domains/modal/test/auto/CannotProduceModal.xml (RunModel)" time="0.031" />
  <testcase classname="ptolemy.util.test.junit.AutoTests" name="[16] /home/travis/build/icyphy/ptII/ptolemy/domains/modal/test/auto/Case.xml (RunModel)" time="0.067" />
  <testcase classname="ptolemy.util.test.junit.AutoTests" name="[17] /home/travis/build/icyphy/ptII/ptolemy/domains/modal/test/auto/Case1.xml (RunModel)" time="0.032" />
  <testcase classname="ptolemy.util.test.junit.AutoTests" name="[18] /home/travis/build/icyphy/ptII/ptolemy/domains/modal/test/auto/Case2.xml (RunModel)" time="0.072" />
  <testcase classname="ptolemy.util.test.junit.AutoTests" name="[19] /home/travis/build/icyphy/ptII/ptolemy/domains/modal/test/auto/CausalityInterface1.xml (RunModel)" time="0.033" />
  <testcase classname="ptolemy.util.test.junit.AutoTests" name="[20] /home/travis/build/icyphy/ptII/ptolemy/domains/modal/test/auto/CausalityInterface10.xml (RunModel)" time="0.046" />
  <testcase classname="ptolemy.util.test.junit.AutoTests" name="[21] /home/travis/build/icyphy/ptII/ptolemy/domains/modal/test/auto/CausalityInterface11.xml (RunModel)" time="0.05" />
  <testcase classname="ptolemy.util.test.junit.AutoTests" name="[22] /home/travis/build/icyphy/ptII/ptolemy/domains/modal/test/auto/CausalityInterface12.xml (RunModel)" time="0.042" />
  <testcase classname="ptolemy.util.test.junit.AutoTests" name="[23] /home/travis/build/icyphy/ptII/ptolemy/domains/modal/test/auto/CausalityInterface13.xml (RunModel)" time="0.047" />
  <testcase classname="ptolemy.util.test.junit.AutoTests" name="[24] /home/travis/build/icyphy/ptII/ptolemy/domains/modal/test/auto/CausalityInterface14.xml (RunModel)" time="0.057" />
  <testcase classname="ptolemy.util.test.junit.AutoTests" name="[25] /home/travis/build/icyphy/ptII/ptolemy/domains/modal/test/auto/CausalityInterface2.xml (RunModel)" time="0.03" />
  <testcase classname="ptolemy.util.test.junit.AutoTests" name="[26] /home/travis/build/icyphy/ptII/ptolemy/domains/modal/test/auto/CausalityInterface3.xml (RunModel)" time="0.026" />
  <testcase classname="ptolemy.util.test.junit.AutoTests" name="[27] /home/travis/build/icyphy/ptII/ptolemy/domains/modal/test/auto/CausalityInterface4.xml (RunModel)" time="0.029" />
  <testcase classname="ptolemy.util.test.junit.AutoTests" name="[28] /home/travis/build/icyphy/ptII/ptolemy/domains/modal/test/auto/CausalityInterface5.xml (RunModel)" time="0.035" />
  <testcase classname="ptolemy.util.test.junit.AutoTests" name="[29] /home/travis/build/icyphy/ptII/ptolemy/domains/modal/test/auto/CausalityInterface6.xml (RunModel)" time="0.037" />
  <testcase classname="ptolemy.util.test.junit.AutoTests" name="[30] /home/travis/build/icyphy/ptII/ptolemy/domains/modal/test/auto/CausalityInterface7.xml (RunModel)" time="0.056" />
  <testcase classname="ptolemy.util.test.junit.AutoTests" name="[31] /home/travis/build/icyphy/ptII/ptolemy/domains/modal/test/auto/CausalityInterface8.xml (RunModel)" time="0.032" />
  <testcase classname="ptolemy.util.test.junit.AutoTests" name="[32] /home/travis/build/icyphy/ptII/ptolemy/domains/modal/test/auto/CausalityInterface9.xml (RunModel)" time="0.028" />
  <testcase classname="ptolemy.util.test.junit.AutoTests" name="[33] /home/travis/build/icyphy/ptII/ptolemy/domains/modal/test/auto/ChainedTransitions.xml (RunModel)" time="0.175" />
  <testcase classname="ptolemy.util.test.junit.AutoTests" name="[34] /home/travis/build/icyphy/ptII/ptolemy/domains/modal/test/auto/CycleOfImmediateTransitionsFSM.xml (RunModel)" time="0.023" />
  <testcase classname="ptolemy.util.test.junit.AutoTests" name="[35] /home/travis/build/icyphy/ptII/ptolemy/domains/modal/test/auto/CycleOfImmediateTransitionsModal.xml (RunModel)" time="0.032" />
  <testcase classname="ptolemy.util.test.junit.AutoTests" name="[36] /home/travis/build/icyphy/ptII/ptolemy/domains/modal/test/auto/CycleOfImmediateTransitionsModal2.xml (RunModel)" time="0.031" />
  <testcase classname="ptolemy.util.test.junit.AutoTests" name="[37] /home/travis/build/icyphy/ptII/ptolemy/domains/modal/test/auto/CycleOfImmediateTransitionsModal3.xml (RunModel)" time="0.095" />
  <testcase classname="ptolemy.util.test.junit.AutoTests" name="[38] /home/travis/build/icyphy/ptII/ptolemy/domains/modal/test/auto/DeepModal1.xml (RunModel)" time="0.063" />
  <testcase classname="ptolemy.util.test.junit.AutoTests" name="[39] /home/travis/build/icyphy/ptII/ptolemy/domains/modal/test/auto/DeepModal2.xml (RunModel)" time="0.086" />
  <testcase classname="ptolemy.util.test.junit.AutoTests" name="[40] /home/travis/build/icyphy/ptII/ptolemy/domains/modal/test/auto/DeepModal3.xml (RunModel)" time="0.09" />
  <testcase classname="ptolemy.util.test.junit.AutoTests" name="[41] /home/travis/build/icyphy/ptII/ptolemy/domains/modal/test/auto/DeepModal4.xml (RunModel)" time="0.076" />
  <testcase classname="ptolemy.util.test.junit.AutoTests" name="[42] /home/travis/build/icyphy/ptII/ptolemy/domains/modal/test/auto/Default1.xml (RunModel)" time="0.015" />
  <testcase classname="ptolemy.util.test.junit.AutoTests" name="[43] /home/travis/build/icyphy/ptII/ptolemy/domains/modal/test/auto/Default2.xml (RunModel)" time="0.025" />
  <testcase classname="ptolemy.util.test.junit.AutoTests" name="[44] /home/travis/build/icyphy/ptII/ptolemy/domains/modal/test/auto/Default3.xml (RunModel)" time="0.021" />
  <testcase classname="ptolemy.util.test.junit.AutoTests" name="[45] /home/travis/build/icyphy/ptII/ptolemy/domains/modal/test/auto/Default4.xml (RunModel)" time="0.024" />
  <testcase classname="ptolemy.util.test.junit.AutoTests" name="[46] /home/travis/build/icyphy/ptII/ptolemy/domains/modal/test/auto/Default5.xml (RunModel)" time="0.026" />
  <testcase classname="ptolemy.util.test.junit.AutoTests" name="[47] /home/travis/build/icyphy/ptII/ptolemy/domains/modal/test/auto/EmptyGuard.xml (RunModel)" time="0.033" />
  <testcase classname="ptolemy.util.test.junit.AutoTests" name="[48] /home/travis/build/icyphy/ptII/ptolemy/domains/modal/test/auto/ErrorTransition1.xml (RunModel)" time="0.034" />
  <testcase classname="ptolemy.util.test.junit.AutoTests" name="[49] /home/travis/build/icyphy/ptII/ptolemy/domains/modal/test/auto/ErrorTransition10.xml (RunModel)" time="0.043" />
  <testcase classname="ptolemy.util.test.junit.AutoTests" name="[50] /home/travis/build/icyphy/ptII/ptolemy/domains/modal/test/auto/ErrorTransition11.xml (RunModel)" time="0.066" />
  <testcase classname="ptolemy.util.test.junit.AutoTests" name="[51] /home/travis/build/icyphy/ptII/ptolemy/domains/modal/test/auto/ErrorTransition2.xml (RunModel)" time="0.037" />
  <testcase classname="ptolemy.util.test.junit.AutoTests" name="[52] /home/travis/build/icyphy/ptII/ptolemy/domains/modal/test/auto/ErrorTransition3.xml (RunModel)" time="0.041" />
  <testcase classname="ptolemy.util.test.junit.AutoTests" name="[53] /home/travis/build/icyphy/ptII/ptolemy/domains/modal/test/auto/ErrorTransition4.xml (RunModel)" time="0.043" />
  <testcase classname="ptolemy.util.test.junit.AutoTests" name="[54] /home/travis/build/icyphy/ptII/ptolemy/domains/modal/test/auto/ErrorTransition5.xml (RunModel)" time="0.036" />
  <testcase classname="ptolemy.util.test.junit.AutoTests" name="[55] /home/travis/build/icyphy/ptII/ptolemy/domains/modal/test/auto/ErrorTransition6.xml (RunModel)" time="0.034" />
  <testcase classname="ptolemy.util.test.junit.AutoTests" name="[56] /home/travis/build/icyphy/ptII/ptolemy/domains/modal/test/auto/ErrorTransition7.xml (RunModel)" time="0.042" />
  <testcase classname="ptolemy.util.test.junit.AutoTests" name="[57] /home/travis/build/icyphy/ptII/ptolemy/domains/modal/test/auto/ErrorTransition8.xml (RunModel)" time="0.055" />
  <testcase classname="ptolemy.util.test.junit.AutoTests" name="[58] /home/travis/build/icyphy/ptII/ptolemy/domains/modal/test/auto/ErrorTransition9.xml (RunModel)" time="0.048" />
  <testcase classname="ptolemy.util.test.junit.AutoTests" name="[59] /home/travis/build/icyphy/ptII/ptolemy/domains/modal/test/auto/ExtendedFSM.xml (RunModel)" time="0.02" />
  <testcase classname="ptolemy.util.test.junit.AutoTests" name="[60] /home/travis/build/icyphy/ptII/ptolemy/domains/modal/test/auto/FinalStates.xml (RunModel)" time="0.019" />
  <testcase classname="ptolemy.util.test.junit.AutoTests" name="[61] /home/travis/build/icyphy/ptII/ptolemy/domains/modal/test/auto/FixedPointFSM.xml (RunModel)" time="0.042" />
  <testcase classname="ptolemy.util.test.junit.AutoTests" name="[62] /home/travis/build/icyphy/ptII/ptolemy/domains/modal/test/auto/FixedPointIterationFSMActor.xml (RunModel)" time="0.03" />
  <testcase classname="ptolemy.util.test.junit.AutoTests" name="[63] /home/travis/build/icyphy/ptII/ptolemy/domains/modal/test/auto/FixedPointIterationFSMActor2.xml (RunModel)" time="0.06" />
  <testcase classname="ptolemy.util.test.junit.AutoTests" name="[64] /home/travis/build/icyphy/ptII/ptolemy/domains/modal/test/auto/ForbiddenInstantanousLoop.xml (RunModel)" time="0.039" />
  <testcase classname="ptolemy.util.test.junit.AutoTests" name="[65] /home/travis/build/icyphy/ptII/ptolemy/domains/modal/test/auto/FunctionDependencyOfFSMActorTest.xml (RunModel)" time="0.023" />
  <testcase classname="ptolemy.util.test.junit.AutoTests" name="[66] /home/travis/build/icyphy/ptII/ptolemy/domains/modal/test/auto/GuardExpression.xml (RunModel)" time="0.015" />
  <testcase classname="ptolemy.util.test.junit.AutoTests" name="[67] /home/travis/build/icyphy/ptII/ptolemy/domains/modal/test/auto/GuardNotEvaluated.xml (RunModel)" time="0.029" />
  <testcase classname="ptolemy.util.test.junit.AutoTests" name="[68] /home/travis/build/icyphy/ptII/ptolemy/domains/modal/test/auto/GuardNotEvaluated2.xml (RunModel)" time="0.025" />
  <testcase classname="ptolemy.util.test.junit.AutoTests" name="[69] /home/travis/build/icyphy/ptII/ptolemy/domains/modal/test/auto/GuardOnAbsent.xml (RunModel)" time="0.021" />
  <testcase classname="ptolemy.util.test.junit.AutoTests" name="[70] /home/travis/build/icyphy/ptII/ptolemy/domains/modal/test/auto/HierarchicalFSMTypeInference.xml (RunModel)" time="0.026" />
  <testcase classname="ptolemy.util.test.junit.AutoTests" name="[71] /home/travis/build/icyphy/ptII/ptolemy/domains/modal/test/auto/Hysteresis.xml (RunModel)" time="0.044" />
  <testcase classname="ptolemy.util.test.junit.AutoTests" name="[72] /home/travis/build/icyphy/ptII/ptolemy/domains/modal/test/auto/HysteresisWithDefault.xml (RunModel)" time="0.065" />
  <testcase classname="ptolemy.util.test.junit.AutoTests" name="[73] /home/travis/build/icyphy/ptII/ptolemy/domains/modal/test/auto/HysteresisWithDefault2.xml (RunModel)" time="0.072" />
  <testcase classname="ptolemy.util.test.junit.AutoTests" name="[74] /home/travis/build/icyphy/ptII/ptolemy/domains/modal/test/auto/ImmediateNonConstructiveness.xml (RunModel)" time="0.017" />
  <testcase classname="ptolemy.util.test.junit.AutoTests" name="[75] /home/travis/build/icyphy/ptII/ptolemy/domains/modal/test/auto/ImmediateNonConstructiveness2.xml (RunModel)" time="0.046" />
  <testcase classname="ptolemy.util.test.junit.AutoTests" name="[76] /home/travis/build/icyphy/ptII/ptolemy/domains/modal/test/auto/ImmediateTransitionReset.xml (RunModel)" time="0.042" />
  <testcase classname="ptolemy.util.test.junit.AutoTests" name="[77] /home/travis/build/icyphy/ptII/ptolemy/domains/modal/test/auto/ImmediateTransitions1.xml (RunModel)" time="0.016" />
  <testcase classname="ptolemy.util.test.junit.AutoTests" name="[78] /home/travis/build/icyphy/ptII/ptolemy/domains/modal/test/auto/ImmediateTransitionsInstantaneousCommunication.xml (RunModel)" time="0.033" />
  <testcase classname="ptolemy.util.test.junit.AutoTests" name="[79] /home/travis/build/icyphy/ptII/ptolemy/domains/modal/test/auto/InitialImmediateTransition.xml (RunModel)" time="0.017" />
  <testcase classname="ptolemy.util.test.junit.AutoTests" name="[80] /home/travis/build/icyphy/ptII/ptolemy/domains/modal/test/auto/InitialOutputs.xml (RunModel)" time="0.015" />
  <testcase classname="ptolemy.util.test.junit.AutoTests" name="[81] /home/travis/build/icyphy/ptII/ptolemy/domains/modal/test/auto/InitialStateTransition1.xml (RunModel)" time="0.019" />
  <testcase classname="ptolemy.util.test.junit.AutoTests" name="[82] /home/travis/build/icyphy/ptII/ptolemy/domains/modal/test/auto/InitialStateTransition2.xml (RunModel)" time="0.031" />
  <testcase classname="ptolemy.util.test.junit.AutoTests" name="[83] /home/travis/build/icyphy/ptII/ptolemy/domains/modal/test/auto/InitialStateTransition3.xml (RunModel)" time="0.029" />
  <testcase classname="ptolemy.util.test.junit.AutoTests" name="[84] /home/travis/build/icyphy/ptII/ptolemy/domains/modal/test/auto/InitialStateTransition4.xml (RunModel)" time="0.026" />
  <testcase classname="ptolemy.util.test.junit.AutoTests" name="[85] /home/travis/build/icyphy/ptII/ptolemy/domains/modal/test/auto/MalformedGuardExpressionNotCaught.xml (RunModel)" time="0.029" />
  <testcase classname="ptolemy.util.test.junit.AutoTests" name="[86] /home/travis/build/icyphy/ptII/ptolemy/domains/modal/test/auto/ModalBSC.xml (RunModel)" time="0.091" />
  <testcase classname="ptolemy.util.test.junit.AutoTests" name="[87] /home/travis/build/icyphy/ptII/ptolemy/domains/modal/test/auto/ModalClocks.xml (RunModel)" time="0.066" />
  <testcase classname="ptolemy.util.test.junit.AutoTests" name="[88] /home/travis/build/icyphy/ptII/ptolemy/domains/modal/test/auto/ModalDelay.xml (RunModel)" time="0.054" />
  <testcase classname="ptolemy.util.test.junit.AutoTests" name="[89] /home/travis/build/icyphy/ptII/ptolemy/domains/modal/test/auto/ModalDelay2.xml (RunModel)" time="0.047" />
  <testcase classname="ptolemy.util.test.junit.AutoTests" name="[90] /home/travis/build/icyphy/ptII/ptolemy/domains/modal/test/auto/ModalModelFromMemo.xml (RunModel)" time="0.063" />
  <testcase classname="ptolemy.util.test.junit.AutoTests" name="[91] /home/travis/build/icyphy/ptII/ptolemy/domains/modal/test/auto/ModalModelWithMultirateTransient.xml (RunModel)" time="0.056" />
  <testcase classname="ptolemy.util.test.junit.AutoTests" name="[92] /home/travis/build/icyphy/ptII/ptolemy/domains/modal/test/auto/ModalModelWithReset.xml (RunModel)" time="0.066" />
  <testcase classname="ptolemy.util.test.junit.AutoTests" name="[93] /home/travis/build/icyphy/ptII/ptolemy/domains/modal/test/auto/MouseClickFSM.xml (RunModel)" time="0.046" />
  <testcase classname="ptolemy.util.test.junit.AutoTests" name="[94] /home/travis/build/icyphy/ptII/ptolemy/domains/modal/test/auto/MouseClickFSMModal.xml (RunModel)" time="0.031" />
  <testcase classname="ptolemy.util.test.junit.AutoTests" name="[95] /home/travis/build/icyphy/ptII/ptolemy/domains/modal/test/auto/NonStrictFSM_FeedbackLoop.xml (RunModel)" time="0.05" />
  <testcase classname="ptolemy.util.test.junit.AutoTests" name="[96] /home/travis/build/icyphy/ptII/ptolemy/domains/modal/test/auto/NonStrictFSM_FeedbackLoop_Refinement.xml (RunModel)" time="0.089" />
  <testcase classname="ptolemy.util.test.junit.AutoTests" name="[97] /home/travis/build/icyphy/ptII/ptolemy/domains/modal/test/auto/NonStrictFSM_FeedbackLoop_preemptive.xml (RunModel)" time="0.072" />
  <testcase classname="ptolemy.util.test.junit.AutoTests" name="[98] /home/travis/build/icyphy/ptII/ptolemy/domains/modal/test/auto/NormalTermination.xml (RunModel)" time="0.051" />
  <testcase classname="ptolemy.util.test.junit.AutoTests" name="[99] /home/travis/build/icyphy/ptII/ptolemy/domains/modal/test/auto/Pong.xml (RunModel)" time="0.093" />
  <testcase classname="ptolemy.util.test.junit.AutoTests" name="[100] /home/travis/build/icyphy/ptII/ptolemy/domains/modal/test/auto/Pong_test.xml (RunModel)" time="0.108" />
  <testcase classname="ptolemy.util.test.junit.AutoTests" name="[101] /home/travis/build/icyphy/ptII/ptolemy/domains/modal/test/auto/PreemptionHierarchy.xml (RunModel)" time="0.027" />
  <testcase classname="ptolemy.util.test.junit.AutoTests" name="[102] /home/travis/build/icyphy/ptII/ptolemy/domains/modal/test/auto/PreemptionHierarchy2.xml (RunModel)" time="0.028" />
  <testcase classname="ptolemy.util.test.junit.AutoTests" name="[103] /home/travis/build/icyphy/ptII/ptolemy/domains/modal/test/auto/PreemptiveTransition.xml (RunModel)" time="0.024" />
  <testcase classname="ptolemy.util.test.junit.AutoTests" name="[104] /home/travis/build/icyphy/ptII/ptolemy/domains/modal/test/auto/Priorities.xml (RunModel)" time="0.078" />
  <testcase classname="ptolemy.util.test.junit.AutoTests" name="[105] /home/travis/build/icyphy/ptII/ptolemy/domains/modal/test/auto/ResetFinal.xml (RunModel)" time="0.043" />
  <testcase classname="ptolemy.util.test.junit.AutoTests" name="[106] /home/travis/build/icyphy/ptII/ptolemy/domains/modal/test/auto/ResetFinal2.xml (RunModel)" time="0.029" />
  <testcase classname="ptolemy.util.test.junit.AutoTests" name="[107] /home/travis/build/icyphy/ptII/ptolemy/domains/modal/test/auto/ResetTransitionWithStartTime.xml (RunModel)" time="0.054" />
  <testcase classname="ptolemy.util.test.junit.AutoTests" name="[108] /home/travis/build/icyphy/ptII/ptolemy/domains/modal/test/auto/SDF-FSMComposite.xml (RunModel)" time="0.02" />
  <testcase classname="ptolemy.util.test.junit.AutoTests" name="[109] /home/travis/build/icyphy/ptII/ptolemy/domains/modal/test/auto/SeeminglyNondeterminate.xml (RunModel)" time="0.069" />
  <testcase classname="ptolemy.util.test.junit.AutoTests" name="[110] /home/travis/build/icyphy/ptII/ptolemy/domains/modal/test/auto/SeeminglyNondeterminate2.xml (RunModel)" time="0.07" />
  <testcase classname="ptolemy.util.test.junit.AutoTests" name="[111] /home/travis/build/icyphy/ptII/ptolemy/domains/modal/test/auto/SpontaneousFSM.xml (RunModel)" time="0.05" />
  <testcase classname="ptolemy.util.test.junit.AutoTests" name="[112] /home/travis/build/icyphy/ptII/ptolemy/domains/modal/test/auto/SpontaneousFSM2.xml (RunModel)" time="0.035" />
  <testcase classname="ptolemy.util.test.junit.AutoTests" name="[113] /home/travis/build/icyphy/ptII/ptolemy/domains/modal/test/auto/SpontaneousFSM3.xml (RunModel)" time="0.039" />
  <testcase classname="ptolemy.util.test.junit.AutoTests" name="[114] /home/travis/build/icyphy/ptII/ptolemy/domains/modal/test/auto/SpontaneousFSM4.xml (RunModel)" time="0.046" />
  <testcase classname="ptolemy.util.test.junit.AutoTests" name="[115] /home/travis/build/icyphy/ptII/ptolemy/domains/modal/test/auto/StateTrackerTest.xml (RunModel)" time="0.061" />
  <testcase classname="ptolemy.util.test.junit.AutoTests" name="[116] /home/travis/build/icyphy/ptII/ptolemy/domains/modal/test/auto/StrongImmediateTransition.xml (RunModel)" time="0.021" />
  <testcase classname="ptolemy.util.test.junit.AutoTests" name="[117] /home/travis/build/icyphy/ptII/ptolemy/domains/modal/test/auto/SustainHierarchy.xml (RunModel)" time="0.028" />
  <testcase classname="ptolemy.util.test.junit.AutoTests" name="[118] /home/travis/build/icyphy/ptII/ptolemy/domains/modal/test/auto/TerminationTransition1.xml (RunModel)" time="0.018" />
  <testcase classname="ptolemy.util.test.junit.AutoTests" name="[119] /home/travis/build/icyphy/ptII/ptolemy/domains/modal/test/auto/TerminationTransition2.xml (RunModel)" time="0.044" />
  <testcase classname="ptolemy.util.test.junit.AutoTests" name="[120] /home/travis/build/icyphy/ptII/ptolemy/domains/modal/test/auto/TerminationTransition3.xml (RunModel)" time="0.02" />
  <testcase classname="ptolemy.util.test.junit.AutoTests" name="[121] /home/travis/build/icyphy/ptII/ptolemy/domains/modal/test/auto/TerminationTransition4.xml (RunModel)" time="0.033" />
  <testcase classname="ptolemy.util.test.junit.AutoTests" name="[122] /home/travis/build/icyphy/ptII/ptolemy/domains/modal/test/auto/TerminationTransition5.xml (RunModel)" time="0.029" />
  <testcase classname="ptolemy.util.test.junit.AutoTests" name="[123] /home/travis/build/icyphy/ptII/ptolemy/domains/modal/test/auto/TerminationTransition6.xml (RunModel)" time="0.032" />
  <testcase classname="ptolemy.util.test.junit.AutoTests" name="[124] /home/travis/build/icyphy/ptII/ptolemy/domains/modal/test/auto/TerminationTransition7.xml (RunModel)" time="0.03" />
  <testcase classname="ptolemy.util.test.junit.AutoTests" name="[125] /home/travis/build/icyphy/ptII/ptolemy/domains/modal/test/auto/TerminationTransition8.xml (RunModel)" time="0.029" />
  <testcase classname="ptolemy.util.test.junit.AutoTests" name="[126] /home/travis/build/icyphy/ptII/ptolemy/domains/modal/test/auto/Thermostat_NoHysteresis.xml (RunModel)" time="0.062" />
  <testcase classname="ptolemy.util.test.junit.AutoTests" name="[127] /home/travis/build/icyphy/ptII/ptolemy/domains/modal/test/auto/TimedFSM.xml (RunModel)" time="0.033" />
  <testcase classname="ptolemy.util.test.junit.AutoTests" name="[128] /home/travis/build/icyphy/ptII/ptolemy/domains/modal/test/auto/Timeout1.xml (RunModel)" time="0.015" />
  <testcase classname="ptolemy.util.test.junit.AutoTests" name="[129] /home/travis/build/icyphy/ptII/ptolemy/domains/modal/test/auto/Timeout2.xml (RunModel)" time="0.024" />
  <testcase classname="ptolemy.util.test.junit.AutoTests" name="[130] /home/travis/build/icyphy/ptII/ptolemy/domains/modal/test/auto/Timeout3.xml (RunModel)" time="0.017" />
  <testcase classname="ptolemy.util.test.junit.AutoTests" name="[131] /home/travis/build/icyphy/ptII/ptolemy/domains/modal/test/auto/Timeout4.xml (RunModel)" time="0.014" />
  <testcase classname="ptolemy.util.test.junit.AutoTests" name="[132] /home/travis/build/icyphy/ptII/ptolemy/domains/modal/test/auto/TransientstateModelAdvanced.xml (RunModel)" time="0.028" />
  <testcase classname="ptolemy.util.test.junit.AutoTests" name="[133] /home/travis/build/icyphy/ptII/ptolemy/domains/modal/test/auto/TransientstateModelAdvanced2.xml (RunModel)" time="0.034" />
  <testcase classname="ptolemy.util.test.junit.AutoTests" name="[134] /home/travis/build/icyphy/ptII/ptolemy/domains/modal/test/auto/TransitionRefinements.xml (RunModel)" time="0.027" />
  <testcase classname="ptolemy.util.test.junit.AutoTests" name="[135] /home/travis/build/icyphy/ptII/ptolemy/domains/modal/test/auto/TwoRefinements1.xml (RunModel)" time="0.039" />
  <testcase classname="ptolemy.util.test.junit.AutoTests" name="[136] /home/travis/build/icyphy/ptII/ptolemy/domains/modal/test/auto/TwoRefinements2.xml (RunModel)" time="0.024" />
  <testcase classname="ptolemy.util.test.junit.AutoTests" name="[137] /home/travis/build/icyphy/ptII/ptolemy/domains/modal/test/auto/WeakImmediateTransition.xml (RunModel)" time="0.027" />
  <testcase classname="ptolemy.util.test.junit.AutoTests" name="[138] /home/travis/build/icyphy/ptII/ptolemy/domains/modal/test/auto/booleanSelect.xml (RunModel)" time="0.072" />
  <testcase classname="ptolemy.util.test.junit.AutoTests" name="[139] /home/travis/build/icyphy/ptII/ptolemy/domains/modal/test/auto/modalChangingParams.xml (RunModel)" time="0.296" />
  <testcase classname="ptolemy.util.test.junit.AutoTests" name="[140] /home/travis/build/icyphy/ptII/ptolemy/domains/modal/test/auto/modalModel.xml (RunModel)" time="0.029" />
  <testcase classname="ptolemy.util.test.junit.AutoTests" name="[141] /home/travis/build/icyphy/ptII/ptolemy/domains/modal/test/auto/modalModel2.xml (RunModel)" time="0.029" />
  <testcase classname="ptolemy.util.test.junit.AutoTests" name="[142] /home/travis/build/icyphy/ptII/ptolemy/domains/modal/test/auto/modalModel3.xml (RunModel)" time="0.058" />
  <testcase classname="ptolemy.util.test.junit.AutoTests" name="[143] /home/travis/build/icyphy/ptII/ptolemy/domains/modal/test/auto/model1.xml (RunModel)" time="0.022" />
  <testcase classname="ptolemy.util.test.junit.AutoTests" name="[144] /home/travis/build/icyphy/ptII/ptolemy/domains/modal/test/auto/test-direct-in-out.xml (RunModel)" time="0.026" />
  <system-out><![CDATA[/home/travis/build/icyphy/ptII/ptolemy/domains/modal/test/SystemLevelType.tcl
testDefs.tcl: setting time out to 9000 seconds at Tue Jan 21 10:03:06 UTC 2020
01/21/20 10:03:08
Failed: 0  Total Tests: 1  ((Passed: 1, Newly Passed: 0)  Known Failed: 0) /home/travis/build/icyphy/ptII/ptolemy/domains/modal/test
----------------- testing (KnownFailure) /home/travis/build/icyphy/ptII/ptolemy/domains/modal/test/auto/knownFailedTests/CannotAnalysisWithPreemption.xml
121 ms. Memory: 162816K Free: 119659K (73%)
Known Failure: java.lang.reflect.InvocationTargetException
No auto/linux-amd64/*.xml tests in /home/travis/build/icyphy/ptII/ptolemy/domains/modal/test
AutoTests.java: About to close Vertx.
AutoTests.java: Vertx closed.

===========================================================================================
----------------- testing Tue Jan 21 10:03:09 UTC 2020 /home/travis/build/icyphy/ptII/ptolemy/domains/modal/test/auto/ABPTest.xml
----------------- Instantiating /home/travis/build/icyphy/ptII/ptolemy/domains/modal/test/auto/ABPTest.xml
322 ms. Memory: 162816K Free: 120512K (74%)
----------------- Invoking toplevel() on ptolemy.moml.MoMLSimpleApplication@79b0764e
----------------- Done invoking toplevel() on ptolemy.moml.MoMLSimpleApplication@79b0764e
reloadAllAccessors: .ABPTest

===========================================================================================
----------------- testing Tue Jan 21 10:03:09 UTC 2020 /home/travis/build/icyphy/ptII/ptolemy/domains/modal/test/auto/ABROFlat.xml
----------------- Instantiating /home/travis/build/icyphy/ptII/ptolemy/domains/modal/test/auto/ABROFlat.xml
23 ms. Memory: 162816K Free: 105529K (65%)
----------------- Invoking toplevel() on ptolemy.moml.MoMLSimpleApplication@654f7660
----------------- Done invoking toplevel() on ptolemy.moml.MoMLSimpleApplication@654f7660
reloadAllAccessors: .ABROFlat

===========================================================================================
----------------- testing Tue Jan 21 10:03:09 UTC 2020 /home/travis/build/icyphy/ptII/ptolemy/domains/modal/test/auto/ABROFlat2.xml
----------------- Instantiating /home/travis/build/icyphy/ptII/ptolemy/domains/modal/test/auto/ABROFlat2.xml
22 ms. Memory: 162816K Free: 88657K (54%)
----------------- Invoking toplevel() on ptolemy.moml.MoMLSimpleApplication@1b92a9be
----------------- Done invoking toplevel() on ptolemy.moml.MoMLSimpleApplication@1b92a9be
reloadAllAccessors: .ABROFlat2

===========================================================================================
----------------- testing Tue Jan 21 10:03:10 UTC 2020 /home/travis/build/icyphy/ptII/ptolemy/domains/modal/test/auto/ABRO_present_hmm.xml
----------------- Instantiating /home/travis/build/icyphy/ptII/ptolemy/domains/modal/test/auto/ABRO_present_hmm.xml
19 ms. Memory: 162816K Free: 62033K (38%)
----------------- Invoking toplevel() on ptolemy.moml.MoMLSimpleApplication@faf4132
----------------- Done invoking toplevel() on ptolemy.moml.MoMLSimpleApplication@faf4132
reloadAllAccessors: .ABRO_present_hmm

===========================================================================================
----------------- testing Tue Jan 21 10:03:10 UTC 2020 /home/travis/build/icyphy/ptII/ptolemy/domains/modal/test/auto/AMICoderExample.xml
----------------- Instantiating /home/travis/build/icyphy/ptII/ptolemy/domains/modal/test/auto/AMICoderExample.xml
52 ms. Memory: 162816K Free: 138715K (85%)
----------------- Invoking toplevel() on ptolemy.moml.MoMLSimpleApplication@393fb501
----------------- Done invoking toplevel() on ptolemy.moml.MoMLSimpleApplication@393fb501
reloadAllAccessors: .AMICoderExample

===========================================================================================
----------------- testing Tue Jan 21 10:03:10 UTC 2020 /home/travis/build/icyphy/ptII/ptolemy/domains/modal/test/auto/AbsentToPresent.xml
----------------- Instantiating /home/travis/build/icyphy/ptII/ptolemy/domains/modal/test/auto/AbsentToPresent.xml
6 ms. Memory: 162816K Free: 133705K (82%)
----------------- Invoking toplevel() on ptolemy.moml.MoMLSimpleApplication@3e5b2848
----------------- Done invoking toplevel() on ptolemy.moml.MoMLSimpleApplication@3e5b2848
reloadAllAccessors: .AbsentToPresent

===========================================================================================
----------------- testing Tue Jan 21 10:03:10 UTC 2020 /home/travis/build/icyphy/ptII/ptolemy/domains/modal/test/auto/Blending.xml
----------------- Instantiating /home/travis/build/icyphy/ptII/ptolemy/domains/modal/test/auto/Blending.xml
139 ms. Memory: 162816K Free: 88612K (54%)
----------------- Invoking toplevel() on ptolemy.moml.MoMLSimpleApplication@4ac0092a
----------------- Done invoking toplevel() on ptolemy.moml.MoMLSimpleApplication@4ac0092a
reloadAllAccessors: .Blending

===========================================================================================
----------------- testing Tue Jan 21 10:03:10 UTC 2020 /home/travis/build/icyphy/ptII/ptolemy/domains/modal/test/auto/Broadcast.xml
----------------- Instantiating /home/travis/build/icyphy/ptII/ptolemy/domains/modal/test/auto/Broadcast.xml
11 ms. Memory: 162816K Free: 78409K (48%)
----------------- Invoking toplevel() on ptolemy.moml.MoMLSimpleApplication@7785f44f
----------------- Done invoking toplevel() on ptolemy.moml.MoMLSimpleApplication@7785f44f
reloadAllAccessors: .Broadcast

===========================================================================================
----------------- testing Tue Jan 21 10:03:10 UTC 2020 /home/travis/build/icyphy/ptII/ptolemy/domains/modal/test/auto/BroadcastHierarchy.xml
----------------- Instantiating /home/travis/build/icyphy/ptII/ptolemy/domains/modal/test/auto/BroadcastHierarchy.xml
13 ms. Memory: 162816K Free: 64523K (40%)
----------------- Invoking toplevel() on ptolemy.moml.MoMLSimpleApplication@7f5166ca
----------------- Done invoking toplevel() on ptolemy.moml.MoMLSimpleApplication@7f5166ca
reloadAllAccessors: .BroadcastHierarchy

===========================================================================================
----------------- testing Tue Jan 21 10:03:10 UTC 2020 /home/travis/build/icyphy/ptII/ptolemy/domains/modal/test/auto/BroadcastHierarchy2.xml
----------------- Instantiating /home/travis/build/icyphy/ptII/ptolemy/domains/modal/test/auto/BroadcastHierarchy2.xml
29 ms. Memory: 203776K Free: 168939K (83%)
----------------- Invoking toplevel() on ptolemy.moml.MoMLSimpleApplication@22d0356a
----------------- Done invoking toplevel() on ptolemy.moml.MoMLSimpleApplication@22d0356a
reloadAllAccessors: .BroadcastHierarchy2

===========================================================================================
----------------- testing Tue Jan 21 10:03:10 UTC 2020 /home/travis/build/icyphy/ptII/ptolemy/domains/modal/test/auto/BroadcastHierarchy3.xml
----------------- Instantiating /home/travis/build/icyphy/ptII/ptolemy/domains/modal/test/auto/BroadcastHierarchy3.xml
25 ms. Memory: 203776K Free: 148969K (73%)
----------------- Invoking toplevel() on ptolemy.moml.MoMLSimpleApplication@56f3b19
----------------- Done invoking toplevel() on ptolemy.moml.MoMLSimpleApplication@56f3b19
reloadAllAccessors: .BroadcastHierarchy3

===========================================================================================
----------------- testing Tue Jan 21 10:03:10 UTC 2020 /home/travis/build/icyphy/ptII/ptolemy/domains/modal/test/auto/BroadcastHierarchy4.xml
----------------- Instantiating /home/travis/build/icyphy/ptII/ptolemy/domains/modal/test/auto/BroadcastHierarchy4.xml
18 ms. Memory: 203776K Free: 124387K (61%)
----------------- Invoking toplevel() on ptolemy.moml.MoMLSimpleApplication@ac9c585
----------------- Done invoking toplevel() on ptolemy.moml.MoMLSimpleApplication@ac9c585
reloadAllAccessors: .BroadcastHierarchy4

===========================================================================================
----------------- testing Tue Jan 21 10:03:11 UTC 2020 /home/travis/build/icyphy/ptII/ptolemy/domains/modal/test/auto/CannotAnalysisWithPreemption2.xml
----------------- Instantiating /home/travis/build/icyphy/ptII/ptolemy/domains/modal/test/auto/CannotAnalysisWithPreemption2.xml
4 ms. Memory: 203776K Free: 117211K (58%)
----------------- Invoking toplevel() on ptolemy.moml.MoMLSimpleApplication@1fe514e6
----------------- Done invoking toplevel() on ptolemy.moml.MoMLSimpleApplication@1fe514e6
reloadAllAccessors: .CannotAnalysisWithPreemption2

===========================================================================================
----------------- testing Tue Jan 21 10:03:11 UTC 2020 /home/travis/build/icyphy/ptII/ptolemy/domains/modal/test/auto/CannotAnalysisWithPreemption3.xml
----------------- Instantiating /home/travis/build/icyphy/ptII/ptolemy/domains/modal/test/auto/CannotAnalysisWithPreemption3.xml
9 ms. Memory: 203776K Free: 106971K (52%)
----------------- Invoking toplevel() on ptolemy.moml.MoMLSimpleApplication@3d39ec58
----------------- Done invoking toplevel() on ptolemy.moml.MoMLSimpleApplication@3d39ec58
reloadAllAccessors: .CannotAnalysisWithPreemption3

===========================================================================================
----------------- testing Tue Jan 21 10:03:11 UTC 2020 /home/travis/build/icyphy/ptII/ptolemy/domains/modal/test/auto/CannotProduce.xml
----------------- Instantiating /home/travis/build/icyphy/ptII/ptolemy/domains/modal/test/auto/CannotProduce.xml
11 ms. Memory: 203776K Free: 100331K (49%)
----------------- Invoking toplevel() on ptolemy.moml.MoMLSimpleApplication@3bd2f4c3
----------------- Done invoking toplevel() on ptolemy.moml.MoMLSimpleApplication@3bd2f4c3
reloadAllAccessors: .CannotProduce

===========================================================================================
----------------- testing Tue Jan 21 10:03:11 UTC 2020 /home/travis/build/icyphy/ptII/ptolemy/domains/modal/test/auto/CannotProduceModal.xml
----------------- Instantiating /home/travis/build/icyphy/ptII/ptolemy/domains/modal/test/auto/CannotProduceModal.xml
11 ms. Memory: 203776K Free: 94187K (46%)
----------------- Invoking toplevel() on ptolemy.moml.MoMLSimpleApplication@5136b5a
----------------- Done invoking toplevel() on ptolemy.moml.MoMLSimpleApplication@5136b5a
reloadAllAccessors: .CannotProduceModal

===========================================================================================
----------------- testing Tue Jan 21 10:03:11 UTC 2020 /home/travis/build/icyphy/ptII/ptolemy/domains/modal/test/auto/Case.xml
----------------- Instantiating /home/travis/build/icyphy/ptII/ptolemy/domains/modal/test/auto/Case.xml
28 ms. Memory: 203776K Free: 82409K (40%)
----------------- Invoking toplevel() on ptolemy.moml.MoMLSimpleApplication@6b573390
----------------- Done invoking toplevel() on ptolemy.moml.MoMLSimpleApplication@6b573390
reloadAllAccessors: .Case

===========================================================================================
----------------- testing Tue Jan 21 10:03:11 UTC 2020 /home/travis/build/icyphy/ptII/ptolemy/domains/modal/test/auto/Case1.xml
----------------- Instantiating /home/travis/build/icyphy/ptII/ptolemy/domains/modal/test/auto/Case1.xml
10 ms. Memory: 203776K Free: 75241K (37%)
----------------- Invoking toplevel() on ptolemy.moml.MoMLSimpleApplication@118603f5
----------------- Done invoking toplevel() on ptolemy.moml.MoMLSimpleApplication@118603f5
reloadAllAccessors: .Case1

===========================================================================================
----------------- testing Tue Jan 21 10:03:11 UTC 2020 /home/travis/build/icyphy/ptII/ptolemy/domains/modal/test/auto/Case2.xml
----------------- Instantiating /home/travis/build/icyphy/ptII/ptolemy/domains/modal/test/auto/Case2.xml
26 ms. Memory: 203776K Free: 179689K (88%)
----------------- Invoking toplevel() on ptolemy.moml.MoMLSimpleApplication@79870d3e
----------------- Done invoking toplevel() on ptolemy.moml.MoMLSimpleApplication@79870d3e
reloadAllAccessors: .Case2

===========================================================================================
----------------- testing Tue Jan 21 10:03:11 UTC 2020 /home/travis/build/icyphy/ptII/ptolemy/domains/modal/test/auto/CausalityInterface1.xml
----------------- Instantiating /home/travis/build/icyphy/ptII/ptolemy/domains/modal/test/auto/CausalityInterface1.xml
4 ms. Memory: 203776K Free: 174569K (86%)
----------------- Invoking toplevel() on ptolemy.moml.MoMLSimpleApplication@35cfc802
----------------- Done invoking toplevel() on ptolemy.moml.MoMLSimpleApplication@35cfc802
reloadAllAccessors: .CausalityInterface1

===========================================================================================
----------------- testing Tue Jan 21 10:03:11 UTC 2020 /home/travis/build/icyphy/ptII/ptolemy/domains/modal/test/auto/CausalityInterface10.xml
----------------- Instantiating /home/travis/build/icyphy/ptII/ptolemy/domains/modal/test/auto/CausalityInterface10.xml
6 ms. Memory: 203776K Free: 161243K (79%)
----------------- Invoking toplevel() on ptolemy.moml.MoMLSimpleApplication@7beef581
----------------- Done invoking toplevel() on ptolemy.moml.MoMLSimpleApplication@7beef581
reloadAllAccessors: .CausalityInterface10

===========================================================================================
----------------- testing Tue Jan 21 10:03:11 UTC 2020 /home/travis/build/icyphy/ptII/ptolemy/domains/modal/test/auto/CausalityInterface11.xml
----------------- Instantiating /home/travis/build/icyphy/ptII/ptolemy/domains/modal/test/auto/CausalityInterface11.xml
11 ms. Memory: 203776K Free: 147915K (73%)
----------------- Invoking toplevel() on ptolemy.moml.MoMLSimpleApplication@1343652f
----------------- Done invoking toplevel() on ptolemy.moml.MoMLSimpleApplication@1343652f
reloadAllAccessors: .CausalityInterface11

===========================================================================================
----------------- testing Tue Jan 21 10:03:11 UTC 2020 /home/travis/build/icyphy/ptII/ptolemy/domains/modal/test/auto/CausalityInterface12.xml
----------------- Instantiating /home/travis/build/icyphy/ptII/ptolemy/domains/modal/test/auto/CausalityInterface12.xml
5 ms. Memory: 203776K Free: 134603K (66%)
----------------- Invoking toplevel() on ptolemy.moml.MoMLSimpleApplication@1f932da4
----------------- Done invoking toplevel() on ptolemy.moml.MoMLSimpleApplication@1f932da4
reloadAllAccessors: .CausalityInterface12

===========================================================================================
----------------- testing Tue Jan 21 10:03:11 UTC 2020 /home/travis/build/icyphy/ptII/ptolemy/domains/modal/test/auto/CausalityInterface13.xml
----------------- Instantiating /home/travis/build/icyphy/ptII/ptolemy/domains/modal/test/auto/CausalityInterface13.xml
7 ms. Memory: 203776K Free: 120811K (59%)
----------------- Invoking toplevel() on ptolemy.moml.MoMLSimpleApplication@6fab56e3
----------------- Done invoking toplevel() on ptolemy.moml.MoMLSimpleApplication@6fab56e3
reloadAllAccessors: .CausalityInterface13

===========================================================================================
----------------- testing Tue Jan 21 10:03:11 UTC 2020 /home/travis/build/icyphy/ptII/ptolemy/domains/modal/test/auto/CausalityInterface14.xml
----------------- Instantiating /home/travis/build/icyphy/ptII/ptolemy/domains/modal/test/auto/CausalityInterface14.xml
7 ms. Memory: 203776K Free: 106971K (52%)
----------------- Invoking toplevel() on ptolemy.moml.MoMLSimpleApplication@6f032766
----------------- Done invoking toplevel() on ptolemy.moml.MoMLSimpleApplication@6f032766
reloadAllAccessors: .CausalityInterface14

===========================================================================================
----------------- testing Tue Jan 21 10:03:11 UTC 2020 /home/travis/build/icyphy/ptII/ptolemy/domains/modal/test/auto/CausalityInterface2.xml
----------------- Instantiating /home/travis/build/icyphy/ptII/ptolemy/domains/modal/test/auto/CausalityInterface2.xml
3 ms. Memory: 203776K Free: 100331K (49%)
----------------- Invoking toplevel() on ptolemy.moml.MoMLSimpleApplication@5b39da6
----------------- Done invoking toplevel() on ptolemy.moml.MoMLSimpleApplication@5b39da6
reloadAllAccessors: .CausalityInterface2

===========================================================================================
----------------- testing Tue Jan 21 10:03:11 UTC 2020 /home/travis/build/icyphy/ptII/ptolemy/domains/modal/test/auto/CausalityInterface3.xml
----------------- Instantiating /home/travis/build/icyphy/ptII/ptolemy/domains/modal/test/auto/CausalityInterface3.xml
7 ms. Memory: 203776K Free: 93643K (46%)
----------------- Invoking toplevel() on ptolemy.moml.MoMLSimpleApplication@6d7601e2
----------------- Done invoking toplevel() on ptolemy.moml.MoMLSimpleApplication@6d7601e2
reloadAllAccessors: .CausalityInterface3

===========================================================================================
----------------- testing Tue Jan 21 10:03:11 UTC 2020 /home/travis/build/icyphy/ptII/ptolemy/domains/modal/test/auto/CausalityInterface4.xml
----------------- Instantiating /home/travis/build/icyphy/ptII/ptolemy/domains/modal/test/auto/CausalityInterface4.xml
5 ms. Memory: 203776K Free: 87019K (43%)
----------------- Invoking toplevel() on ptolemy.moml.MoMLSimpleApplication@1a5266b1
----------------- Done invoking toplevel() on ptolemy.moml.MoMLSimpleApplication@1a5266b1
reloadAllAccessors: .CausalityInterface4

===========================================================================================
----------------- testing Tue Jan 21 10:03:11 UTC 2020 /home/travis/build/icyphy/ptII/ptolemy/domains/modal/test/auto/CausalityInterface5.xml
----------------- Instantiating /home/travis/build/icyphy/ptII/ptolemy/domains/modal/test/auto/CausalityInterface5.xml
5 ms. Memory: 203776K Free: 78827K (39%)
----------------- Invoking toplevel() on ptolemy.moml.MoMLSimpleApplication@5d5a9ee8
----------------- Done invoking toplevel() on ptolemy.moml.MoMLSimpleApplication@5d5a9ee8
reloadAllAccessors: .CausalityInterface5

===========================================================================================
----------------- testing Tue Jan 21 10:03:11 UTC 2020 /home/travis/build/icyphy/ptII/ptolemy/domains/modal/test/auto/CausalityInterface6.xml
----------------- Instantiating /home/travis/build/icyphy/ptII/ptolemy/domains/modal/test/auto/CausalityInterface6.xml
5 ms. Memory: 203776K Free: 70635K (35%)
----------------- Invoking toplevel() on ptolemy.moml.MoMLSimpleApplication@54b6da7b
----------------- Done invoking toplevel() on ptolemy.moml.MoMLSimpleApplication@54b6da7b
reloadAllAccessors: .CausalityInterface6

===========================================================================================
----------------- testing Tue Jan 21 10:03:11 UTC 2020 /home/travis/build/icyphy/ptII/ptolemy/domains/modal/test/auto/CausalityInterface7.xml
----------------- Instantiating /home/travis/build/icyphy/ptII/ptolemy/domains/modal/test/auto/CausalityInterface7.xml
6 ms. Memory: 203776K Free: 178665K (88%)
----------------- Invoking toplevel() on ptolemy.moml.MoMLSimpleApplication@2ed68a49
----------------- Done invoking toplevel() on ptolemy.moml.MoMLSimpleApplication@2ed68a49
reloadAllAccessors: .CausalityInterface7

===========================================================================================
----------------- testing Tue Jan 21 10:03:11 UTC 2020 /home/travis/build/icyphy/ptII/ptolemy/domains/modal/test/auto/CausalityInterface8.xml
----------------- Instantiating /home/travis/build/icyphy/ptII/ptolemy/domains/modal/test/auto/CausalityInterface8.xml
6 ms. Memory: 203776K Free: 169963K (83%)
----------------- Invoking toplevel() on ptolemy.moml.MoMLSimpleApplication@6d576e07
----------------- Done invoking toplevel() on ptolemy.moml.MoMLSimpleApplication@6d576e07
reloadAllAccessors: .CausalityInterface8

===========================================================================================
----------------- testing Tue Jan 21 10:03:11 UTC 2020 /home/travis/build/icyphy/ptII/ptolemy/domains/modal/test/auto/CausalityInterface9.xml
----------------- Instantiating /home/travis/build/icyphy/ptII/ptolemy/domains/modal/test/auto/CausalityInterface9.xml
5 ms. Memory: 203776K Free: 160227K (79%)
----------------- Invoking toplevel() on ptolemy.moml.MoMLSimpleApplication@29680be4
----------------- Done invoking toplevel() on ptolemy.moml.MoMLSimpleApplication@29680be4
reloadAllAccessors: .CausalityInterface9

===========================================================================================
----------------- testing Tue Jan 21 10:03:11 UTC 2020 /home/travis/build/icyphy/ptII/ptolemy/domains/modal/test/auto/ChainedTransitions.xml
----------------- Instantiating /home/travis/build/icyphy/ptII/ptolemy/domains/modal/test/auto/ChainedTransitions.xml
110 ms. Memory: 203776K Free: 135643K (67%)
----------------- Invoking toplevel() on ptolemy.moml.MoMLSimpleApplication@401bed0b
----------------- Done invoking toplevel() on ptolemy.moml.MoMLSimpleApplication@401bed0b
reloadAllAccessors: .ChainedTransitions

===========================================================================================
----------------- testing Tue Jan 21 10:03:12 UTC 2020 /home/travis/build/icyphy/ptII/ptolemy/domains/modal/test/auto/CycleOfImmediateTransitionsFSM.xml
----------------- Instantiating /home/travis/build/icyphy/ptII/ptolemy/domains/modal/test/auto/CycleOfImmediateTransitionsFSM.xml
4 ms. Memory: 203776K Free: 130027K (64%)
----------------- Invoking toplevel() on ptolemy.moml.MoMLSimpleApplication@2a759794
----------------- Done invoking toplevel() on ptolemy.moml.MoMLSimpleApplication@2a759794
reloadAllAccessors: .CycleOfImmediateTransitionsFSM

===========================================================================================
----------------- testing Tue Jan 21 10:03:12 UTC 2020 /home/travis/build/icyphy/ptII/ptolemy/domains/modal/test/auto/CycleOfImmediateTransitionsModal.xml
----------------- Instantiating /home/travis/build/icyphy/ptII/ptolemy/domains/modal/test/auto/CycleOfImmediateTransitionsModal.xml
13 ms. Memory: 203776K Free: 123369K (61%)
----------------- Invoking toplevel() on ptolemy.moml.MoMLSimpleApplication@54819fab
----------------- Done invoking toplevel() on ptolemy.moml.MoMLSimpleApplication@54819fab
reloadAllAccessors: .CycleOfImmediateTransitionsModal

===========================================================================================
----------------- testing Tue Jan 21 10:03:12 UTC 2020 /home/travis/build/icyphy/ptII/ptolemy/domains/modal/test/auto/CycleOfImmediateTransitionsModal2.xml
----------------- Instantiating /home/travis/build/icyphy/ptII/ptolemy/domains/modal/test/auto/CycleOfImmediateTransitionsModal2.xml
8 ms. Memory: 203776K Free: 117225K (58%)
----------------- Invoking toplevel() on ptolemy.moml.MoMLSimpleApplication@2b633b91
----------------- Done invoking toplevel() on ptolemy.moml.MoMLSimpleApplication@2b633b91
reloadAllAccessors: .CycleOfImmediateTransitionsModal2

===========================================================================================
----------------- testing Tue Jan 21 10:03:12 UTC 2020 /home/travis/build/icyphy/ptII/ptolemy/domains/modal/test/auto/CycleOfImmediateTransitionsModal3.xml
----------------- Instantiating /home/travis/build/icyphy/ptII/ptolemy/domains/modal/test/auto/CycleOfImmediateTransitionsModal3.xml
10 ms. Memory: 203776K Free: 94683K (46%)
----------------- Invoking toplevel() on ptolemy.moml.MoMLSimpleApplication@4fcba045
----------------- Done invoking toplevel() on ptolemy.moml.MoMLSimpleApplication@4fcba045
reloadAllAccessors: .CycleOfImmediateTransitionsModal3

===========================================================================================
----------------- testing Tue Jan 21 10:03:12 UTC 2020 /home/travis/build/icyphy/ptII/ptolemy/domains/modal/test/auto/DeepModal1.xml
----------------- Instantiating /home/travis/build/icyphy/ptII/ptolemy/domains/modal/test/auto/DeepModal1.xml
28 ms. Memory: 203776K Free: 80875K (40%)
----------------- Invoking toplevel() on ptolemy.moml.MoMLSimpleApplication@36dec826
----------------- Done invoking toplevel() on ptolemy.moml.MoMLSimpleApplication@36dec826
reloadAllAccessors: .DeepModal1

===========================================================================================
----------------- testing Tue Jan 21 10:03:12 UTC 2020 /home/travis/build/icyphy/ptII/ptolemy/domains/modal/test/auto/DeepModal2.xml
----------------- Instantiating /home/travis/build/icyphy/ptII/ptolemy/domains/modal/test/auto/DeepModal2.xml
27 ms. Memory: 203776K Free: 177641K (87%)
----------------- Invoking toplevel() on ptolemy.moml.MoMLSimpleApplication@31b42e75
----------------- Done invoking toplevel() on ptolemy.moml.MoMLSimpleApplication@31b42e75
reloadAllAccessors: .DeepModal2

===========================================================================================
----------------- testing Tue Jan 21 10:03:12 UTC 2020 /home/travis/build/icyphy/ptII/ptolemy/domains/modal/test/auto/DeepModal3.xml
----------------- Instantiating /home/travis/build/icyphy/ptII/ptolemy/domains/modal/test/auto/DeepModal3.xml
31 ms. Memory: 203776K Free: 158185K (78%)
----------------- Invoking toplevel() on ptolemy.moml.MoMLSimpleApplication@6d0ad0a5
----------------- Done invoking toplevel() on ptolemy.moml.MoMLSimpleApplication@6d0ad0a5
reloadAllAccessors: .DeepModal3

===========================================================================================
----------------- testing Tue Jan 21 10:03:12 UTC 2020 /home/travis/build/icyphy/ptII/ptolemy/domains/modal/test/auto/DeepModal4.xml
----------------- Instantiating /home/travis/build/icyphy/ptII/ptolemy/domains/modal/test/auto/DeepModal4.xml
32 ms. Memory: 203776K Free: 138715K (68%)
----------------- Invoking toplevel() on ptolemy.moml.MoMLSimpleApplication@105b5fa4
----------------- Done invoking toplevel() on ptolemy.moml.MoMLSimpleApplication@105b5fa4
reloadAllAccessors: .DeepModal4

===========================================================================================
----------------- testing Tue Jan 21 10:03:12 UTC 2020 /home/travis/build/icyphy/ptII/ptolemy/domains/modal/test/auto/Default1.xml
----------------- Instantiating /home/travis/build/icyphy/ptII/ptolemy/domains/modal/test/auto/Default1.xml
2 ms. Memory: 203776K Free: 132585K (65%)
----------------- Invoking toplevel() on ptolemy.moml.MoMLSimpleApplication@4b545ee3
----------------- Done invoking toplevel() on ptolemy.moml.MoMLSimpleApplication@4b545ee3
reloadAllAccessors: .Default1

===========================================================================================
----------------- testing Tue Jan 21 10:03:12 UTC 2020 /home/travis/build/icyphy/ptII/ptolemy/domains/modal/test/auto/Default2.xml
----------------- Instantiating /home/travis/build/icyphy/ptII/ptolemy/domains/modal/test/auto/Default2.xml
8 ms. Memory: 203776K Free: 126955K (62%)
----------------- Invoking toplevel() on ptolemy.moml.MoMLSimpleApplication@6acc9d7a
----------------- Done invoking toplevel() on ptolemy.moml.MoMLSimpleApplication@6acc9d7a
reloadAllAccessors: .Default2

===========================================================================================
----------------- testing Tue Jan 21 10:03:12 UTC 2020 /home/travis/build/icyphy/ptII/ptolemy/domains/modal/test/auto/Default3.xml
----------------- Instantiating /home/travis/build/icyphy/ptII/ptolemy/domains/modal/test/auto/Default3.xml
6 ms. Memory: 203776K Free: 120297K (59%)
----------------- Invoking toplevel() on ptolemy.moml.MoMLSimpleApplication@32661ecd
----------------- Done invoking toplevel() on ptolemy.moml.MoMLSimpleApplication@32661ecd
reloadAllAccessors: .Default3

===========================================================================================
----------------- testing Tue Jan 21 10:03:12 UTC 2020 /home/travis/build/icyphy/ptII/ptolemy/domains/modal/test/auto/Default4.xml
----------------- Instantiating /home/travis/build/icyphy/ptII/ptolemy/domains/modal/test/auto/Default4.xml
5 ms. Memory: 203776K Free: 114153K (56%)
----------------- Invoking toplevel() on ptolemy.moml.MoMLSimpleApplication@c7aeb90
----------------- Done invoking toplevel() on ptolemy.moml.MoMLSimpleApplication@c7aeb90
reloadAllAccessors: .Default4

===========================================================================================
----------------- testing Tue Jan 21 10:03:12 UTC 2020 /home/travis/build/icyphy/ptII/ptolemy/domains/modal/test/auto/Default5.xml
----------------- Instantiating /home/travis/build/icyphy/ptII/ptolemy/domains/modal/test/auto/Default5.xml
10 ms. Memory: 203776K Free: 105947K (52%)
----------------- Invoking toplevel() on ptolemy.moml.MoMLSimpleApplication@3b8e549d
----------------- Done invoking toplevel() on ptolemy.moml.MoMLSimpleApplication@3b8e549d
reloadAllAccessors: .Default5

===========================================================================================
----------------- testing Tue Jan 21 10:03:12 UTC 2020 /home/travis/build/icyphy/ptII/ptolemy/domains/modal/test/auto/EmptyGuard.xml
----------------- Instantiating /home/travis/build/icyphy/ptII/ptolemy/domains/modal/test/auto/EmptyGuard.xml
12 ms. Memory: 203776K Free: 98281K (48%)
----------------- Invoking toplevel() on ptolemy.moml.MoMLSimpleApplication@450d3d2f
----------------- Done invoking toplevel() on ptolemy.moml.MoMLSimpleApplication@450d3d2f
reloadAllAccessors: .EmptyGuard

===========================================================================================
----------------- testing Tue Jan 21 10:03:12 UTC 2020 /home/travis/build/icyphy/ptII/ptolemy/domains/modal/test/auto/ErrorTransition1.xml
----------------- Instantiating /home/travis/build/icyphy/ptII/ptolemy/domains/modal/test/auto/ErrorTransition1.xml
7 ms. Memory: 203776K Free: 89577K (44%)
----------------- Invoking toplevel() on ptolemy.moml.MoMLSimpleApplication@2413c550
----------------- Done invoking toplevel() on ptolemy.moml.MoMLSimpleApplication@2413c550
reloadAllAccessors: .ErrorTransition1

===========================================================================================
----------------- testing Tue Jan 21 10:03:12 UTC 2020 /home/travis/build/icyphy/ptII/ptolemy/domains/modal/test/auto/ErrorTransition10.xml
----------------- Instantiating /home/travis/build/icyphy/ptII/ptolemy/domains/modal/test/auto/ErrorTransition10.xml
13 ms. Memory: 203776K Free: 75755K (37%)
----------------- Invoking toplevel() on ptolemy.moml.MoMLSimpleApplication@72857e87
----------------- Done invoking toplevel() on ptolemy.moml.MoMLSimpleApplication@72857e87
reloadAllAccessors: .ErrorTransition10

===========================================================================================
----------------- testing Tue Jan 21 10:03:12 UTC 2020 /home/travis/build/icyphy/ptII/ptolemy/domains/modal/test/auto/ErrorTransition11.xml
----------------- Instantiating /home/travis/build/icyphy/ptII/ptolemy/domains/modal/test/auto/ErrorTransition11.xml
5 ms. Memory: 248832K Free: 224715K (90%)
----------------- Invoking toplevel() on ptolemy.moml.MoMLSimpleApplication@2d5dd8ce
----------------- Done invoking toplevel() on ptolemy.moml.MoMLSimpleApplication@2d5dd8ce
reloadAllAccessors: .ErrorTransition11

===========================================================================================
----------------- testing Tue Jan 21 10:03:12 UTC 2020 /home/travis/build/icyphy/ptII/ptolemy/domains/modal/test/auto/ErrorTransition2.xml
----------------- Instantiating /home/travis/build/icyphy/ptII/ptolemy/domains/modal/test/auto/ErrorTransition2.xml
14 ms. Memory: 248832K Free: 215529K (87%)
----------------- Invoking toplevel() on ptolemy.moml.MoMLSimpleApplication@38996d6c
----------------- Done invoking toplevel() on ptolemy.moml.MoMLSimpleApplication@38996d6c
reloadAllAccessors: .ErrorTransition2

===========================================================================================
----------------- testing Tue Jan 21 10:03:13 UTC 2020 /home/travis/build/icyphy/ptII/ptolemy/domains/modal/test/auto/ErrorTransition3.xml
----------------- Instantiating /home/travis/build/icyphy/ptII/ptolemy/domains/modal/test/auto/ErrorTransition3.xml
13 ms. Memory: 248832K Free: 205803K (83%)
----------------- Invoking toplevel() on ptolemy.moml.MoMLSimpleApplication@3b7f8bd8
----------------- Done invoking toplevel() on ptolemy.moml.MoMLSimpleApplication@3b7f8bd8
reloadAllAccessors: .ErrorTransition3

===========================================================================================
----------------- testing Tue Jan 21 10:03:13 UTC 2020 /home/travis/build/icyphy/ptII/ptolemy/domains/modal/test/auto/ErrorTransition4.xml
----------------- Instantiating /home/travis/build/icyphy/ptII/ptolemy/domains/modal/test/auto/ErrorTransition4.xml
13 ms. Memory: 248832K Free: 194539K (78%)
----------------- Invoking toplevel() on ptolemy.moml.MoMLSimpleApplication@6e479576
----------------- Done invoking toplevel() on ptolemy.moml.MoMLSimpleApplication@6e479576
reloadAllAccessors: .ErrorTransition4

===========================================================================================
----------------- testing Tue Jan 21 10:03:13 UTC 2020 /home/travis/build/icyphy/ptII/ptolemy/domains/modal/test/auto/ErrorTransition5.xml
----------------- Instantiating /home/travis/build/icyphy/ptII/ptolemy/domains/modal/test/auto/ErrorTransition5.xml
9 ms. Memory: 248832K Free: 184299K (74%)
----------------- Invoking toplevel() on ptolemy.moml.MoMLSimpleApplication@13282624
----------------- Done invoking toplevel() on ptolemy.moml.MoMLSimpleApplication@13282624
reloadAllAccessors: .ErrorTransition5

===========================================================================================
----------------- testing Tue Jan 21 10:03:13 UTC 2020 /home/travis/build/icyphy/ptII/ptolemy/domains/modal/test/auto/ErrorTransition6.xml
----------------- Instantiating /home/travis/build/icyphy/ptII/ptolemy/domains/modal/test/auto/ErrorTransition6.xml
11 ms. Memory: 248832K Free: 173545K (70%)
----------------- Invoking toplevel() on ptolemy.moml.MoMLSimpleApplication@4a401218
----------------- Done invoking toplevel() on ptolemy.moml.MoMLSimpleApplication@4a401218
reloadAllAccessors: .ErrorTransition6

===========================================================================================
----------------- testing Tue Jan 21 10:03:13 UTC 2020 /home/travis/build/icyphy/ptII/ptolemy/domains/modal/test/auto/ErrorTransition7.xml
----------------- Instantiating /home/travis/build/icyphy/ptII/ptolemy/domains/modal/test/auto/ErrorTransition7.xml
14 ms. Memory: 248832K Free: 160747K (65%)
----------------- Invoking toplevel() on ptolemy.moml.MoMLSimpleApplication@4ab10a68
----------------- Done invoking toplevel() on ptolemy.moml.MoMLSimpleApplication@4ab10a68
reloadAllAccessors: .ErrorTransition7

===========================================================================================
----------------- testing Tue Jan 21 10:03:13 UTC 2020 /home/travis/build/icyphy/ptII/ptolemy/domains/modal/test/auto/ErrorTransition8.xml
----------------- Instantiating /home/travis/build/icyphy/ptII/ptolemy/domains/modal/test/auto/ErrorTransition8.xml
30 ms. Memory: 248832K Free: 147435K (59%)
----------------- Invoking toplevel() on ptolemy.moml.MoMLSimpleApplication@13f01e0a
----------------- Done invoking toplevel() on ptolemy.moml.MoMLSimpleApplication@13f01e0a
reloadAllAccessors: .ErrorTransition8

===========================================================================================
----------------- testing Tue Jan 21 10:03:13 UTC 2020 /home/travis/build/icyphy/ptII/ptolemy/domains/modal/test/auto/ErrorTransition9.xml
----------------- Instantiating /home/travis/build/icyphy/ptII/ptolemy/domains/modal/test/auto/ErrorTransition9.xml
15 ms. Memory: 248832K Free: 134123K (54%)
----------------- Invoking toplevel() on ptolemy.moml.MoMLSimpleApplication@484c8678
----------------- Done invoking toplevel() on ptolemy.moml.MoMLSimpleApplication@484c8678
reloadAllAccessors: .ErrorTransition9

===========================================================================================
----------------- testing Tue Jan 21 10:03:13 UTC 2020 /home/travis/build/icyphy/ptII/ptolemy/domains/modal/test/auto/ExtendedFSM.xml
----------------- Instantiating /home/travis/build/icyphy/ptII/ptolemy/domains/modal/test/auto/ExtendedFSM.xml
7 ms. Memory: 248832K Free: 125403K (50%)
----------------- Invoking toplevel() on ptolemy.moml.MoMLSimpleApplication@43954304
----------------- Done invoking toplevel() on ptolemy.moml.MoMLSimpleApplication@43954304
reloadAllAccessors: .ExtendedFSM

===========================================================================================
----------------- testing Tue Jan 21 10:03:13 UTC 2020 /home/travis/build/icyphy/ptII/ptolemy/domains/modal/test/auto/FinalStates.xml
----------------- Instantiating /home/travis/build/icyphy/ptII/ptolemy/domains/modal/test/auto/FinalStates.xml
5 ms. Memory: 248832K Free: 117225K (47%)
----------------- Invoking toplevel() on ptolemy.moml.MoMLSimpleApplication@2e80f0e
----------------- Done invoking toplevel() on ptolemy.moml.MoMLSimpleApplication@2e80f0e
reloadAllAccessors: .FinalStates

===========================================================================================
----------------- testing Tue Jan 21 10:03:13 UTC 2020 /home/travis/build/icyphy/ptII/ptolemy/domains/modal/test/auto/FixedPointFSM.xml
----------------- Instantiating /home/travis/build/icyphy/ptII/ptolemy/domains/modal/test/auto/FixedPointFSM.xml
19 ms. Memory: 248832K Free: 102379K (41%)
----------------- Invoking toplevel() on ptolemy.moml.MoMLSimpleApplication@168e8d53
----------------- Done invoking toplevel() on ptolemy.moml.MoMLSimpleApplication@168e8d53
reloadAllAccessors: .FixedPointFSM

===========================================================================================
----------------- testing Tue Jan 21 10:03:13 UTC 2020 /home/travis/build/icyphy/ptII/ptolemy/domains/modal/test/auto/FixedPointIterationFSMActor.xml
----------------- Instantiating /home/travis/build/icyphy/ptII/ptolemy/domains/modal/test/auto/FixedPointIterationFSMActor.xml
10 ms. Memory: 248832K Free: 92139K (37%)
----------------- Invoking toplevel() on ptolemy.moml.MoMLSimpleApplication@5928949b
----------------- Done invoking toplevel() on ptolemy.moml.MoMLSimpleApplication@5928949b
reloadAllAccessors: .FixedPointIterationFSMActor

===========================================================================================
----------------- testing Tue Jan 21 10:03:13 UTC 2020 /home/travis/build/icyphy/ptII/ptolemy/domains/modal/test/auto/FixedPointIterationFSMActor2.xml
----------------- Instantiating /home/travis/build/icyphy/ptII/ptolemy/domains/modal/test/auto/FixedPointIterationFSMActor2.xml
14 ms. Memory: 248832K Free: 221675K (89%)
----------------- Invoking toplevel() on ptolemy.moml.MoMLSimpleApplication@1495118f
----------------- Done invoking toplevel() on ptolemy.moml.MoMLSimpleApplication@1495118f
reloadAllAccessors: .FixedPointIterationFSMActor2

===========================================================================================
----------------- testing Tue Jan 21 10:03:13 UTC 2020 /home/travis/build/icyphy/ptII/ptolemy/domains/modal/test/auto/ForbiddenInstantanousLoop.xml
----------------- Instantiating /home/travis/build/icyphy/ptII/ptolemy/domains/modal/test/auto/ForbiddenInstantanousLoop.xml
9 ms. Memory: 248832K Free: 209387K (84%)
----------------- Invoking toplevel() on ptolemy.moml.MoMLSimpleApplication@4f9eacb9
----------------- Done invoking toplevel() on ptolemy.moml.MoMLSimpleApplication@4f9eacb9
reloadAllAccessors: .ForbiddenInstantanousLoop

===========================================================================================
----------------- testing Tue Jan 21 10:03:13 UTC 2020 /home/travis/build/icyphy/ptII/ptolemy/domains/modal/test/auto/FunctionDependencyOfFSMActorTest.xml
----------------- Instantiating /home/travis/build/icyphy/ptII/ptolemy/domains/modal/test/auto/FunctionDependencyOfFSMActorTest.xml
9 ms. Memory: 248832K Free: 202219K (81%)
----------------- Invoking toplevel() on ptolemy.moml.MoMLSimpleApplication@793f5f4a
----------------- Done invoking toplevel() on ptolemy.moml.MoMLSimpleApplication@793f5f4a
reloadAllAccessors: .FunctionDependencyOfFSMActorTest

===========================================================================================
----------------- testing Tue Jan 21 10:03:13 UTC 2020 /home/travis/build/icyphy/ptII/ptolemy/domains/modal/test/auto/GuardExpression.xml
----------------- Instantiating /home/travis/build/icyphy/ptII/ptolemy/domains/modal/test/auto/GuardExpression.xml
1 ms. Memory: 248832K Free: 197099K (79%)
----------------- Invoking toplevel() on ptolemy.moml.MoMLSimpleApplication@7b2a427b
----------------- Done invoking toplevel() on ptolemy.moml.MoMLSimpleApplication@7b2a427b
reloadAllAccessors: .GuardExpression

===========================================================================================
----------------- testing Tue Jan 21 10:03:13 UTC 2020 /home/travis/build/icyphy/ptII/ptolemy/domains/modal/test/auto/GuardNotEvaluated.xml
----------------- Instantiating /home/travis/build/icyphy/ptII/ptolemy/domains/modal/test/auto/GuardNotEvaluated.xml
7 ms. Memory: 248832K Free: 188379K (76%)
----------------- Invoking toplevel() on ptolemy.moml.MoMLSimpleApplication@61a1fb53
----------------- Done invoking toplevel() on ptolemy.moml.MoMLSimpleApplication@61a1fb53
reloadAllAccessors: .GuardNotEvaluated

===========================================================================================
----------------- testing Tue Jan 21 10:03:13 UTC 2020 /home/travis/build/icyphy/ptII/ptolemy/domains/modal/test/auto/GuardNotEvaluated2.xml
----------------- Instantiating /home/travis/build/icyphy/ptII/ptolemy/domains/modal/test/auto/GuardNotEvaluated2.xml
9 ms. Memory: 248832K Free: 178667K (72%)
----------------- Invoking toplevel() on ptolemy.moml.MoMLSimpleApplication@e1f1b85
----------------- Done invoking toplevel() on ptolemy.moml.MoMLSimpleApplication@e1f1b85
reloadAllAccessors: .GuardNotEvaluated2

===========================================================================================
----------------- testing Tue Jan 21 10:03:13 UTC 2020 /home/travis/build/icyphy/ptII/ptolemy/domains/modal/test/auto/GuardOnAbsent.xml
----------------- Instantiating /home/travis/build/icyphy/ptII/ptolemy/domains/modal/test/auto/GuardOnAbsent.xml
9 ms. Memory: 248832K Free: 170955K (69%)
----------------- Invoking toplevel() on ptolemy.moml.MoMLSimpleApplication@67c06bdf
----------------- Done invoking toplevel() on ptolemy.moml.MoMLSimpleApplication@67c06bdf
reloadAllAccessors: .GuardOnAbsent

===========================================================================================
----------------- testing Tue Jan 21 10:03:13 UTC 2020 /home/travis/build/icyphy/ptII/ptolemy/domains/modal/test/auto/HierarchicalFSMTypeInference.xml
----------------- Instantiating /home/travis/build/icyphy/ptII/ptolemy/domains/modal/test/auto/HierarchicalFSMTypeInference.xml
5 ms. Memory: 248832K Free: 160745K (65%)
----------------- Invoking toplevel() on ptolemy.moml.MoMLSimpleApplication@a14ae63
----------------- Done invoking toplevel() on ptolemy.moml.MoMLSimpleApplication@a14ae63
reloadAllAccessors: .HierarchicalFSMTypeInference

===========================================================================================
----------------- testing Tue Jan 21 10:03:13 UTC 2020 /home/travis/build/icyphy/ptII/ptolemy/domains/modal/test/auto/Hysteresis.xml
----------------- Instantiating /home/travis/build/icyphy/ptII/ptolemy/domains/modal/test/auto/Hysteresis.xml
13 ms. Memory: 248832K Free: 147419K (59%)
----------------- Invoking toplevel() on ptolemy.moml.MoMLSimpleApplication@59339967
----------------- Done invoking toplevel() on ptolemy.moml.MoMLSimpleApplication@59339967
reloadAllAccessors: .Hysteresis

===========================================================================================
----------------- testing Tue Jan 21 10:03:13 UTC 2020 /home/travis/build/icyphy/ptII/ptolemy/domains/modal/test/auto/HysteresisWithDefault.xml
----------------- Instantiating /home/travis/build/icyphy/ptII/ptolemy/domains/modal/test/auto/HysteresisWithDefault.xml
38 ms. Memory: 248832K Free: 124395K (50%)
----------------- Invoking toplevel() on ptolemy.moml.MoMLSimpleApplication@19a5ebae
----------------- Done invoking toplevel() on ptolemy.moml.MoMLSimpleApplication@19a5ebae
reloadAllAccessors: .HysteresisWithDefault

===========================================================================================
----------------- testing Tue Jan 21 10:03:13 UTC 2020 /home/travis/build/icyphy/ptII/ptolemy/domains/modal/test/auto/HysteresisWithDefault2.xml
----------------- Instantiating /home/travis/build/icyphy/ptII/ptolemy/domains/modal/test/auto/HysteresisWithDefault2.xml
44 ms. Memory: 248832K Free: 94699K (38%)
----------------- Invoking toplevel() on ptolemy.moml.MoMLSimpleApplication@3be9d825
----------------- Done invoking toplevel() on ptolemy.moml.MoMLSimpleApplication@3be9d825
reloadAllAccessors: .HysteresisWithDefault2

===========================================================================================
----------------- testing Tue Jan 21 10:03:13 UTC 2020 /home/travis/build/icyphy/ptII/ptolemy/domains/modal/test/auto/ImmediateNonConstructiveness.xml
----------------- Instantiating /home/travis/build/icyphy/ptII/ptolemy/domains/modal/test/auto/ImmediateNonConstructiveness.xml
2 ms. Memory: 248832K Free: 88027K (35%)
----------------- Invoking toplevel() on ptolemy.moml.MoMLSimpleApplication@eaae9ee
----------------- Done invoking toplevel() on ptolemy.moml.MoMLSimpleApplication@eaae9ee
reloadAllAccessors: .ImmediateNonConstructiveness

===========================================================================================
----------------- testing Tue Jan 21 10:03:13 UTC 2020 /home/travis/build/icyphy/ptII/ptolemy/domains/modal/test/auto/ImmediateNonConstructiveness2.xml
----------------- Instantiating /home/travis/build/icyphy/ptII/ptolemy/domains/modal/test/auto/ImmediateNonConstructiveness2.xml
3 ms. Memory: 248832K Free: 222699K (89%)
----------------- Invoking toplevel() on ptolemy.moml.MoMLSimpleApplication@4361b447
----------------- Done invoking toplevel() on ptolemy.moml.MoMLSimpleApplication@4361b447
reloadAllAccessors: .ImmediateNonConstructiveness2

===========================================================================================
----------------- testing Tue Jan 21 10:03:13 UTC 2020 /home/travis/build/icyphy/ptII/ptolemy/domains/modal/test/auto/ImmediateTransitionReset.xml
----------------- Instantiating /home/travis/build/icyphy/ptII/ptolemy/domains/modal/test/auto/ImmediateTransitionReset.xml
9 ms. Memory: 248832K Free: 210921K (85%)
----------------- Invoking toplevel() on ptolemy.moml.MoMLSimpleApplication@6cf9c67a
----------------- Done invoking toplevel() on ptolemy.moml.MoMLSimpleApplication@6cf9c67a
reloadAllAccessors: .ImmediateTransitionReset

===========================================================================================
----------------- testing Tue Jan 21 10:03:14 UTC 2020 /home/travis/build/icyphy/ptII/ptolemy/domains/modal/test/auto/ImmediateTransitions1.xml
----------------- Instantiating /home/travis/build/icyphy/ptII/ptolemy/domains/modal/test/auto/ImmediateTransitions1.xml
3 ms. Memory: 248832K Free: 205801K (83%)
----------------- Invoking toplevel() on ptolemy.moml.MoMLSimpleApplication@5a9ebb4b
----------------- Done invoking toplevel() on ptolemy.moml.MoMLSimpleApplication@5a9ebb4b
reloadAllAccessors: .ImmediateTransitions1

===========================================================================================
----------------- testing Tue Jan 21 10:03:14 UTC 2020 /home/travis/build/icyphy/ptII/ptolemy/domains/modal/test/auto/ImmediateTransitionsInstantaneousCommunication.xml
----------------- Instantiating /home/travis/build/icyphy/ptII/ptolemy/domains/modal/test/auto/ImmediateTransitionsInstantaneousCommunication.xml
5 ms. Memory: 248832K Free: 193499K (78%)
----------------- Invoking toplevel() on ptolemy.moml.MoMLSimpleApplication@1ba1f82c
----------------- Done invoking toplevel() on ptolemy.moml.MoMLSimpleApplication@1ba1f82c
reloadAllAccessors: .ImmediateTransitionsInstantaneousCommunication

===========================================================================================
----------------- testing Tue Jan 21 10:03:14 UTC 2020 /home/travis/build/icyphy/ptII/ptolemy/domains/modal/test/auto/InitialImmediateTransition.xml
----------------- Instantiating /home/travis/build/icyphy/ptII/ptolemy/domains/modal/test/auto/InitialImmediateTransition.xml
4 ms. Memory: 248832K Free: 186339K (75%)
----------------- Invoking toplevel() on ptolemy.moml.MoMLSimpleApplication@30f77b11
----------------- Done invoking toplevel() on ptolemy.moml.MoMLSimpleApplication@30f77b11
reloadAllAccessors: .InitialImmediateTransition

===========================================================================================
----------------- testing Tue Jan 21 10:03:14 UTC 2020 /home/travis/build/icyphy/ptII/ptolemy/domains/modal/test/auto/InitialOutputs.xml
----------------- Instantiating /home/travis/build/icyphy/ptII/ptolemy/domains/modal/test/auto/InitialOutputs.xml
3 ms. Memory: 248832K Free: 180201K (72%)
----------------- Invoking toplevel() on ptolemy.moml.MoMLSimpleApplication@2fa30225
----------------- Done invoking toplevel() on ptolemy.moml.MoMLSimpleApplication@2fa30225
reloadAllAccessors: .InitialOutputs

===========================================================================================
----------------- testing Tue Jan 21 10:03:14 UTC 2020 /home/travis/build/icyphy/ptII/ptolemy/domains/modal/test/auto/InitialStateTransition1.xml
----------------- Instantiating /home/travis/build/icyphy/ptII/ptolemy/domains/modal/test/auto/InitialStateTransition1.xml
2 ms. Memory: 248832K Free: 173033K (70%)
----------------- Invoking toplevel() on ptolemy.moml.MoMLSimpleApplication@613cd431
----------------- Done invoking toplevel() on ptolemy.moml.MoMLSimpleApplication@613cd431
reloadAllAccessors: .InitialStateTransition1

===========================================================================================
----------------- testing Tue Jan 21 10:03:14 UTC 2020 /home/travis/build/icyphy/ptII/ptolemy/domains/modal/test/auto/InitialStateTransition2.xml
----------------- Instantiating /home/travis/build/icyphy/ptII/ptolemy/domains/modal/test/auto/InitialStateTransition2.xml
.InitialStateTransition2.TestExceptionAttributeNonConstructive: initialize() was not invoked, but wrapup() was.  This is unusual, but not always a problem.  For example, exporting JNLP will do this.
1 ms. Memory: 248832K Free: 165355K (66%)
----------------- Invoking toplevel() on ptolemy.moml.MoMLSimpleApplication@22c28c1b
----------------- Done invoking toplevel() on ptolemy.moml.MoMLSimpleApplication@22c28c1b
reloadAllAccessors: .InitialStateTransition2

===========================================================================================
----------------- testing Tue Jan 21 10:03:14 UTC 2020 /home/travis/build/icyphy/ptII/ptolemy/domains/modal/test/auto/InitialStateTransition3.xml
----------------- Instantiating /home/travis/build/icyphy/ptII/ptolemy/domains/modal/test/auto/InitialStateTransition3.xml
4 ms. Memory: 248832K Free: 156649K (63%)
----------------- Invoking toplevel() on ptolemy.moml.MoMLSimpleApplication@3946881d
----------------- Done invoking toplevel() on ptolemy.moml.MoMLSimpleApplication@3946881d
reloadAllAccessors: .InitialStateTransition3

===========================================================================================
----------------- testing Tue Jan 21 10:03:14 UTC 2020 /home/travis/build/icyphy/ptII/ptolemy/domains/modal/test/auto/InitialStateTransition4.xml
----------------- Instantiating /home/travis/build/icyphy/ptII/ptolemy/domains/modal/test/auto/InitialStateTransition4.xml
4 ms. Memory: 248832K Free: 146923K (59%)
----------------- Invoking toplevel() on ptolemy.moml.MoMLSimpleApplication@56ff9f46
----------------- Done invoking toplevel() on ptolemy.moml.MoMLSimpleApplication@56ff9f46
[...]
reloadAllAccessors: .TerminationTransition3

===========================================================================================
----------------- testing Tue Jan 21 10:03:16 UTC 2020 /home/travis/build/icyphy/ptII/ptolemy/domains/modal/test/auto/TerminationTransition4.xml
----------------- Instantiating /home/travis/build/icyphy/ptII/ptolemy/domains/modal/test/auto/TerminationTransition4.xml
6 ms. Memory: 304128K Free: 253325K (83%)
----------------- Invoking toplevel() on ptolemy.moml.MoMLSimpleApplication@26660356
----------------- Done invoking toplevel() on ptolemy.moml.MoMLSimpleApplication@26660356
reloadAllAccessors: .TerminationTransition4

===========================================================================================
----------------- testing Tue Jan 21 10:03:16 UTC 2020 /home/travis/build/icyphy/ptII/ptolemy/domains/modal/test/auto/TerminationTransition5.xml
----------------- Instantiating /home/travis/build/icyphy/ptII/ptolemy/domains/modal/test/auto/TerminationTransition5.xml
2 ms. Memory: 304128K Free: 239499K (79%)
----------------- Invoking toplevel() on ptolemy.moml.MoMLSimpleApplication@7e86804a
----------------- Done invoking toplevel() on ptolemy.moml.MoMLSimpleApplication@7e86804a
reloadAllAccessors: .TerminationTransition5

===========================================================================================
----------------- testing Tue Jan 21 10:03:16 UTC 2020 /home/travis/build/icyphy/ptII/ptolemy/domains/modal/test/auto/TerminationTransition6.xml
----------------- Instantiating /home/travis/build/icyphy/ptII/ptolemy/domains/modal/test/auto/TerminationTransition6.xml
13 ms. Memory: 304128K Free: 230797K (76%)
----------------- Invoking toplevel() on ptolemy.moml.MoMLSimpleApplication@4ae75190
----------------- Done invoking toplevel() on ptolemy.moml.MoMLSimpleApplication@4ae75190
reloadAllAccessors: .TerminationTransition6

===========================================================================================
----------------- testing Tue Jan 21 10:03:16 UTC 2020 /home/travis/build/icyphy/ptII/ptolemy/domains/modal/test/auto/TerminationTransition7.xml
----------------- Instantiating /home/travis/build/icyphy/ptII/ptolemy/domains/modal/test/auto/TerminationTransition7.xml
2 ms. Memory: 304128K Free: 221067K (73%)
----------------- Invoking toplevel() on ptolemy.moml.MoMLSimpleApplication@72afe40f
----------------- Done invoking toplevel() on ptolemy.moml.MoMLSimpleApplication@72afe40f
reloadAllAccessors: .TerminationTransition7

===========================================================================================
----------------- testing Tue Jan 21 10:03:16 UTC 2020 /home/travis/build/icyphy/ptII/ptolemy/domains/modal/test/auto/TerminationTransition8.xml
----------------- Instantiating /home/travis/build/icyphy/ptII/ptolemy/domains/modal/test/auto/TerminationTransition8.xml
3 ms. Memory: 304128K Free: 211851K (70%)
----------------- Invoking toplevel() on ptolemy.moml.MoMLSimpleApplication@3242b7ae
----------------- Done invoking toplevel() on ptolemy.moml.MoMLSimpleApplication@3242b7ae
reloadAllAccessors: .TerminationTransition8

===========================================================================================
----------------- testing Tue Jan 21 10:03:16 UTC 2020 /home/travis/build/icyphy/ptII/ptolemy/domains/modal/test/auto/Thermostat_NoHysteresis.xml
----------------- Instantiating /home/travis/build/icyphy/ptII/ptolemy/domains/modal/test/auto/Thermostat_NoHysteresis.xml
27 ms. Memory: 304128K Free: 187275K (62%)
----------------- Invoking toplevel() on ptolemy.moml.MoMLSimpleApplication@18293397
----------------- Done invoking toplevel() on ptolemy.moml.MoMLSimpleApplication@18293397
reloadAllAccessors: .Thermostat_NoHysteresis

===========================================================================================
----------------- testing Tue Jan 21 10:03:16 UTC 2020 /home/travis/build/icyphy/ptII/ptolemy/domains/modal/test/auto/TimedFSM.xml
----------------- Instantiating /home/travis/build/icyphy/ptII/ptolemy/domains/modal/test/auto/TimedFSM.xml
10 ms. Memory: 304128K Free: 175501K (58%)
----------------- Invoking toplevel() on ptolemy.moml.MoMLSimpleApplication@3a5f6a9b
----------------- Done invoking toplevel() on ptolemy.moml.MoMLSimpleApplication@3a5f6a9b
reloadAllAccessors: .TimedFSM

===========================================================================================
----------------- testing Tue Jan 21 10:03:16 UTC 2020 /home/travis/build/icyphy/ptII/ptolemy/domains/modal/test/auto/Timeout1.xml
----------------- Instantiating /home/travis/build/icyphy/ptII/ptolemy/domains/modal/test/auto/Timeout1.xml
4 ms. Memory: 304128K Free: 169853K (56%)
----------------- Invoking toplevel() on ptolemy.moml.MoMLSimpleApplication@75d14246
----------------- Done invoking toplevel() on ptolemy.moml.MoMLSimpleApplication@75d14246
reloadAllAccessors: .Timeout1

===========================================================================================
----------------- testing Tue Jan 21 10:03:16 UTC 2020 /home/travis/build/icyphy/ptII/ptolemy/domains/modal/test/auto/Timeout2.xml
----------------- Instantiating /home/travis/build/icyphy/ptII/ptolemy/domains/modal/test/auto/Timeout2.xml
9 ms. Memory: 304128K Free: 161165K (53%)
----------------- Invoking toplevel() on ptolemy.moml.MoMLSimpleApplication@6b0b5237
----------------- Done invoking toplevel() on ptolemy.moml.MoMLSimpleApplication@6b0b5237
reloadAllAccessors: .Timeout2

===========================================================================================
----------------- testing Tue Jan 21 10:03:16 UTC 2020 /home/travis/build/icyphy/ptII/ptolemy/domains/modal/test/auto/Timeout3.xml
----------------- Instantiating /home/travis/build/icyphy/ptII/ptolemy/domains/modal/test/auto/Timeout3.xml
3 ms. Memory: 304128K Free: 156045K (51%)
----------------- Invoking toplevel() on ptolemy.moml.MoMLSimpleApplication@2a9452ed
----------------- Done invoking toplevel() on ptolemy.moml.MoMLSimpleApplication@2a9452ed
reloadAllAccessors: .Timeout3

===========================================================================================
----------------- testing Tue Jan 21 10:03:16 UTC 2020 /home/travis/build/icyphy/ptII/ptolemy/domains/modal/test/auto/Timeout4.xml
----------------- Instantiating /home/travis/build/icyphy/ptII/ptolemy/domains/modal/test/auto/Timeout4.xml
2 ms. Memory: 304128K Free: 150925K (50%)
----------------- Invoking toplevel() on ptolemy.moml.MoMLSimpleApplication@727cec5d
----------------- Done invoking toplevel() on ptolemy.moml.MoMLSimpleApplication@727cec5d
reloadAllAccessors: .Timeout4

===========================================================================================
----------------- testing Tue Jan 21 10:03:16 UTC 2020 /home/travis/build/icyphy/ptII/ptolemy/domains/modal/test/auto/TransientstateModelAdvanced.xml
----------------- Instantiating /home/travis/build/icyphy/ptII/ptolemy/domains/modal/test/auto/TransientstateModelAdvanced.xml
3 ms. Memory: 304128K Free: 138637K (46%)
----------------- Invoking toplevel() on ptolemy.moml.MoMLSimpleApplication@3870d9e
----------------- Done invoking toplevel() on ptolemy.moml.MoMLSimpleApplication@3870d9e
reloadAllAccessors: .TransientstateModelAdvanced

===========================================================================================
----------------- testing Tue Jan 21 10:03:16 UTC 2020 /home/travis/build/icyphy/ptII/ptolemy/domains/modal/test/auto/TransientstateModelAdvanced2.xml
----------------- Instantiating /home/travis/build/icyphy/ptII/ptolemy/domains/modal/test/auto/TransientstateModelAdvanced2.xml
4 ms. Memory: 304128K Free: 124301K (41%)
----------------- Invoking toplevel() on ptolemy.moml.MoMLSimpleApplication@c68416
----------------- Done invoking toplevel() on ptolemy.moml.MoMLSimpleApplication@c68416
reloadAllAccessors: .transientstatemodelAdvanced

===========================================================================================
----------------- testing Tue Jan 21 10:03:16 UTC 2020 /home/travis/build/icyphy/ptII/ptolemy/domains/modal/test/auto/TransitionRefinements.xml
----------------- Instantiating /home/travis/build/icyphy/ptII/ptolemy/domains/modal/test/auto/TransitionRefinements.xml
8 ms. Memory: 304128K Free: 114557K (38%)
----------------- Invoking toplevel() on ptolemy.moml.MoMLSimpleApplication@5488ce5e
----------------- Done invoking toplevel() on ptolemy.moml.MoMLSimpleApplication@5488ce5e
reloadAllAccessors: .TransitionRefinements

===========================================================================================
----------------- testing Tue Jan 21 10:03:16 UTC 2020 /home/travis/build/icyphy/ptII/ptolemy/domains/modal/test/auto/TwoRefinements1.xml
----------------- Instantiating /home/travis/build/icyphy/ptII/ptolemy/domains/modal/test/auto/TwoRefinements1.xml
3 ms. Memory: 304128K Free: 281214K (92%)
----------------- Invoking toplevel() on ptolemy.moml.MoMLSimpleApplication@6a30fde1
----------------- Done invoking toplevel() on ptolemy.moml.MoMLSimpleApplication@6a30fde1
reloadAllAccessors: .TwoRefinements1

===========================================================================================
----------------- testing Tue Jan 21 10:03:16 UTC 2020 /home/travis/build/icyphy/ptII/ptolemy/domains/modal/test/auto/TwoRefinements2.xml
----------------- Instantiating /home/travis/build/icyphy/ptII/ptolemy/domains/modal/test/auto/TwoRefinements2.xml
2 ms. Memory: 304128K Free: 270974K (89%)
----------------- Invoking toplevel() on ptolemy.moml.MoMLSimpleApplication@38c318f3
----------------- Done invoking toplevel() on ptolemy.moml.MoMLSimpleApplication@38c318f3
reloadAllAccessors: .TwoRefinements2

===========================================================================================
----------------- testing Tue Jan 21 10:03:16 UTC 2020 /home/travis/build/icyphy/ptII/ptolemy/domains/modal/test/auto/WeakImmediateTransition.xml
----------------- Instantiating /home/travis/build/icyphy/ptII/ptolemy/domains/modal/test/auto/WeakImmediateTransition.xml
3 ms. Memory: 304128K Free: 262272K (86%)
----------------- Invoking toplevel() on ptolemy.moml.MoMLSimpleApplication@726033ce
----------------- Done invoking toplevel() on ptolemy.moml.MoMLSimpleApplication@726033ce
reloadAllAccessors: .WeakImmediateTransition

===========================================================================================
----------------- testing Tue Jan 21 10:03:16 UTC 2020 /home/travis/build/icyphy/ptII/ptolemy/domains/modal/test/auto/booleanSelect.xml
----------------- Instantiating /home/travis/build/icyphy/ptII/ptolemy/domains/modal/test/auto/booleanSelect.xml
34 ms. Memory: 304128K Free: 244336K (80%)
----------------- Invoking toplevel() on ptolemy.moml.MoMLSimpleApplication@16a15b93
----------------- Done invoking toplevel() on ptolemy.moml.MoMLSimpleApplication@16a15b93
reloadAllAccessors: .booleanSelect

===========================================================================================
----------------- testing Tue Jan 21 10:03:16 UTC 2020 /home/travis/build/icyphy/ptII/ptolemy/domains/modal/test/auto/modalChangingParams.xml
----------------- Instantiating /home/travis/build/icyphy/ptII/ptolemy/domains/modal/test/auto/modalChangingParams.xml
0
1
0
2
4
6
8
7
0
2
4
6
8
13
0
2
4
6
8
19
0
2
4
6
8
25
0
2
4
6
8
31
0
2
4
6
8
37
0
2
4
6
8
43
0
2
4
6
8
49
0
2
4
6
8
55
0
2
4
6
8
61
0
2
4
6
8
67
0
2
4
6
8
73
0
2
4
6
8
79
0
2
4
6
8
85
0
2
4
6
8
91
0
2
4
6
8
97
0
2
4
6
8
103
0
2
4
6
8
109
0
2
4
6
8
115
0
2
4
6
8
121
0
2
4
6
8
127
0
2
4
6
8
133
0
2
4
6
8
139
0
2
4
6
8
145
0
2
4
6
8
151
0
2
4
6
8
157
0
2
4
6
8
163
0
2
4
6
8
169
0
2
4
6
8
175
0
2
4
6
8
181
0
2
4
6
8
187
0
2
4
6
8
193
0
2
4
6
8
199
0
2
4
6
8
205
0
2
4
6
8
211
0
2
4
6
8
217
0
2
4
6
8
223
0
2
4
6
8
229
0
2
4
6
8
235
0
2
4
6
8
241
0
2
4
6
8
247
0
2
4
6
8
253
0
2
4
6
8
259
0
2
4
6
8
265
0
2
4
6
8
271
0
2
4
6
8
277
0
2
4
6
8
283
0
2
4
6
8
289
0
2
4
6
8
295
0
2
4
6
8
301
0
2
4
6
8
307
0
2
4
6
8
313
0
2
4
6
8
319
0
2
4
6
8
325
0
2
4
6
8
331
0
2
4
6
8
337
0
2
4
6
8
343
0
2
4
6
8
349
0
2
4
6
8
355
0
2
4
6
8
361
0
2
4
6
8
367
0
2
4
6
8
373
0
2
4
6
8
379
0
2
4
6
8
385
0
2
4
6
8
391
0
2
4
6
8
397
0
2
4
6
8
403
0
2
4
6
8
409
0
2
4
6
8
415
0
2
4
6
8
421
0
2
4
6
8
427
0
2
4
6
8
433
0
2
4
6
8
439
0
2
4
6
8
445
0
2
4
6
8
451
0
2
4
6
8
457
0
2
4
6
8
463
0
2
4
6
8
469
0
2
4
6
8
475
0
2
4
6
8
481
0
2
4
6
8
487
0
2
4
6
8
493
0
2
4
6
8
499
0
2
4
6
8
505
0
2
4
6
8
511
0
2
4
6
8
517
0
2
4
6
8
523
0
2
4
6
8
529
0
2
4
6
8
535
0
2
4
6
8
541
0
2
4
6
8
547
0
2
4
6
8
553
0
2
4
6
8
559
0
2
4
6
8
565
0
2
4
6
8
571
0
2
4
6
8
577
0
2
4
6
8
583
0
2
4
6
8
589
0
2
4
6
8
595
0
2
4
6
8
601
0
2
4
6
8
607
0
2
4
6
8
613
0
2
4
6
8
619
0
2
4
6
8
625
0
2
4
6
8
631
0
2
4
6
8
637
0
2
4
6
8
643
0
2
4
6
8
649
0
2
4
6
8
655
0
2
4
6
8
661
0
2
4
6
8
667
0
2
4
6
8
673
0
2
4
6
8
679
0
2
4
6
8
685
0
2
4
6
8
691
0
2
4
6
8
697
0
2
4
6
8
703
0
2
4
6
8
709
0
2
4
6
8
715
0
2
4
6
8
721
0
2
4
6
8
727
0
2
4
6
8
733
0
2
4
6
8
739
0
2
4
6
8
745
0
2
4
6
8
751
0
2
4
6
8
757
0
2
4
6
8
763
0
2
4
6
8
769
0
2
4
6
8
775
0
2
4
6
8
781
0
2
4
6
8
787
0
2
4
6
8
793
0
2
4
6
8
799
0
2
4
6
8
805
0
2
4
6
8
811
0
2
4
6
8
817
0
2
4
6
8
823
0
2
4
6
8
829
0
2
4
6
8
835
0
2
4
6
8
841
0
2
4
6
8
847
0
2
4
6
8
853
0
2
4
6
8
859
0
2
4
6
8
865
0
2
4
6
8
871
0
2
4
6
8
877
0
2
4
6
8
883
0
2
4
6
8
889
0
2
4
6
8
895
0
2
4
6
8
901
0
2
4
6
8
907
0
2
4
6
8
913
0
2
4
6
8
919
0
2
4
6
8
925
0
2
4
6
8
931
0
2
4
6
8
937
0
2
4
6
8
943
0
2
4
6
8
949
0
2
4
6
8
955
0
2
4
6
8
961
0
2
4
6
8
967
0
2
4
6
8
973
0
2
4
6
8
979
0
2
4
6
8
985
0
2
4
6
8
991
0
2
4
6
8
997
0
2
268 ms. Memory: 304128K Free: 129648K (43%)
----------------- Invoking toplevel() on ptolemy.moml.MoMLSimpleApplication@12481c4b
----------------- Done invoking toplevel() on ptolemy.moml.MoMLSimpleApplication@12481c4b
reloadAllAccessors: .modalChangingParams

===========================================================================================
----------------- testing Tue Jan 21 10:03:17 UTC 2020 /home/travis/build/icyphy/ptII/ptolemy/domains/modal/test/auto/modalModel.xml
----------------- Instantiating /home/travis/build/icyphy/ptII/ptolemy/domains/modal/test/auto/modalModel.xml
5 ms. Memory: 304128K Free: 120960K (40%)
----------------- Invoking toplevel() on ptolemy.moml.MoMLSimpleApplication@3acd3130
----------------- Done invoking toplevel() on ptolemy.moml.MoMLSimpleApplication@3acd3130
reloadAllAccessors: .modalModel

===========================================================================================
----------------- testing Tue Jan 21 10:03:17 UTC 2020 /home/travis/build/icyphy/ptII/ptolemy/domains/modal/test/auto/modalModel2.xml
----------------- Instantiating /home/travis/build/icyphy/ptII/ptolemy/domains/modal/test/auto/modalModel2.xml
10 ms. Memory: 304128K Free: 110192K (36%)
----------------- Invoking toplevel() on ptolemy.moml.MoMLSimpleApplication@551c6230
----------------- Done invoking toplevel() on ptolemy.moml.MoMLSimpleApplication@551c6230
reloadAllAccessors: .modalModel2

===========================================================================================
----------------- testing Tue Jan 21 10:03:17 UTC 2020 /home/travis/build/icyphy/ptII/ptolemy/domains/modal/test/auto/modalModel3.xml
----------------- Instantiating /home/travis/build/icyphy/ptII/ptolemy/domains/modal/test/auto/modalModel3.xml
0	0	0
3	2	1
6	4	2
9	6	3
4	0	4
7	2	5
10	4	6
13	6	7
8	0	8
11	2	9
14	4	10
17	6	11
12	0	12
15	2	13
18	4	14
18 ms. Memory: 382976K Free: 352704K (92%)
----------------- Invoking toplevel() on ptolemy.moml.MoMLSimpleApplication@100e0df5
----------------- Done invoking toplevel() on ptolemy.moml.MoMLSimpleApplication@100e0df5
reloadAllAccessors: .modalModel3

===========================================================================================
----------------- testing Tue Jan 21 10:03:17 UTC 2020 /home/travis/build/icyphy/ptII/ptolemy/domains/modal/test/auto/model1.xml
----------------- Instantiating /home/travis/build/icyphy/ptII/ptolemy/domains/modal/test/auto/model1.xml
12 ms. Memory: 382976K Free: 347080K (91%)
----------------- Invoking toplevel() on ptolemy.moml.MoMLSimpleApplication@239de9ec
----------------- Done invoking toplevel() on ptolemy.moml.MoMLSimpleApplication@239de9ec
reloadAllAccessors: .model1

===========================================================================================
----------------- testing Tue Jan 21 10:03:17 UTC 2020 /home/travis/build/icyphy/ptII/ptolemy/domains/modal/test/auto/test-direct-in-out.xml
----------------- Instantiating /home/travis/build/icyphy/ptII/ptolemy/domains/modal/test/auto/test-direct-in-out.xml
9 ms. Memory: 382976K Free: 339368K (89%)
----------------- Invoking toplevel() on ptolemy.moml.MoMLSimpleApplication@6e8d71a9
----------------- Done invoking toplevel() on ptolemy.moml.MoMLSimpleApplication@6e8d71a9
reloadAllAccessors: .test-direct-in-out
AutoTests.java: About to close Vertx.
AutoTests.java: Vertx closed.
]]></system-out>
  <system-err><![CDATA[java.lang.RuntimeException: Execution failed
	at ptolemy.moml.MoMLSimpleApplication$UnloadThread.run(MoMLSimpleApplication.java:402)
Caused by: ptolemy.kernel.util.IllegalActionException: Unknown inputs remain. Possible causality loop:
L_model_1893289564i

  in .CannotAnalysisWithPreemption.model_1893289564_region_1 and .CannotAnalysisWithPreemption.model_1893289564_region_1.L_model_1893289564i
	at ptolemy.actor.sched.FixedPointDirector.postfire(FixedPointDirector.java:515)
	at ptolemy.domains.sr.kernel.SRDirector.postfire(SRDirector.java:417)
	at ptolemy.actor.CompositeActor.postfire(CompositeActor.java:1668)
	at ptolemy.actor.Manager.iterate(Manager.java:852)
	at ptolemy.actor.Manager.execute(Manager.java:369)
	at ptolemy.actor.Manager.run(Manager.java:1263)
	at ptolemy.actor.Manager$PtolemyRunThread.run(Manager.java:1933)
java.lang.reflect.InvocationTargetException
	at java.base/jdk.internal.reflect.NativeConstructorAccessorImpl.newInstance0(Native Method)
	at java.base/jdk.internal.reflect.NativeConstructorAccessorImpl.newInstance(NativeConstructorAccessorImpl.java:62)
	at java.base/jdk.internal.reflect.DelegatingConstructorAccessorImpl.newInstance(DelegatingConstructorAccessorImpl.java:45)
	at java.base/java.lang.reflect.Constructor.newInstance(Constructor.java:490)
	at ptolemy.util.test.junit.AutoKnownFailedTests.RunModel(AutoKnownFailedTests.java:105)
	at java.base/jdk.internal.reflect.NativeMethodAccessorImpl.invoke0(Native Method)
	at java.base/jdk.internal.reflect.NativeMethodAccessorImpl.invoke(NativeMethodAccessorImpl.java:62)
	at java.base/jdk.internal.reflect.DelegatingMethodAccessorImpl.invoke(DelegatingMethodAccessorImpl.java:43)
	at java.base/java.lang.reflect.Method.invoke(Method.java:566)
	at org.junit.runners.model.FrameworkMethod$1.runReflectiveCall(FrameworkMethod.java:44)
	at org.junit.internal.runners.model.ReflectiveCallable.run(ReflectiveCallable.java:15)
	at org.junit.runners.model.FrameworkMethod.invokeExplosively(FrameworkMethod.java:41)
	at junitparams.internal.InvokeParameterisedMethod.evaluate(InvokeParameterisedMethod.java:102)
	at org.junit.internal.runners.statements.FailOnTimeout$1.run(FailOnTimeout.java:28)
Caused by: ptolemy.kernel.util.IllegalActionException: Unknown inputs remain. Possible causality loop:
L_model_1893289564i

  in .CannotAnalysisWithPreemption.model_1893289564_region_1 and .CannotAnalysisWithPreemption.model_1893289564_region_1.L_model_1893289564i
	at ptolemy.actor.sched.FixedPointDirector.postfire(FixedPointDirector.java:515)
	at ptolemy.domains.sr.kernel.SRDirector.postfire(SRDirector.java:417)
	at ptolemy.actor.CompositeActor.postfire(CompositeActor.java:1668)
	at ptolemy.actor.Manager.iterate(Manager.java:852)
	at ptolemy.actor.Manager.execute(Manager.java:369)
	at ptolemy.actor.Manager.run(Manager.java:1263)
	at ptolemy.actor.Manager$PtolemyRunThread.run(Manager.java:1933)
]]></system-err>
</testsuite>
