<?xml version="1.0" encoding="UTF-8" ?>
<testsuite errors="0" failures="0" hostname="travis-job-9fb20cb4-4654-4299-9ace-13095b759c4c" name="ptolemy.domains.de.test.junit.JUnitTclTest" skipped="0" tests="101" time="122.97" timestamp="2020-07-31T15:15:36">
  <properties>
[...]
</properties>
  <testcase classname="ptolemy.util.test.junit.TclTests" name="[0] /home/travis/build/icyphy/ptII/ptolemy/domains/de/test/DependencyLoop.tcl (RunTclFile)" time="1.034" />
  <testcase classname="ptolemy.util.test.junit.TclTests" name="[1] /home/travis/build/icyphy/ptII/ptolemy/domains/de/test/RunDETestsAsQSS.tcl (RunTclFile)" time="83.477" />
  <testcase classname="ptolemy.util.test.junit.AutoKnownFailedTests" name="[0] /home/travis/build/icyphy/ptII/ptolemy/domains/de/test/auto/knownFailedTests/DESDFClockTest.xml (RunModel)" time="2.046" />
  <testcase classname="ptolemy.util.test.junit.AutoKnownFailedTests" name="[1] /home/travis/build/icyphy/ptII/ptolemy/domains/de/test/auto/knownFailedTests/DirectFeedback.xml (RunModel)" time="0.028" />
  <testcase classname="ptolemy.util.test.junit.AutoKnownFailedTests" name="[2] /home/travis/build/icyphy/ptII/ptolemy/domains/de/test/auto/knownFailedTests/FSMSource.xml (RunModel)" time="0.037" />
  <testcase classname="ptolemy.util.test.junit.AutoKnownFailedTests" name="[3] /home/travis/build/icyphy/ptII/ptolemy/domains/de/test/auto/knownFailedTests/HierarchicalModel.xml (RunModel)" time="0.047" />
  <testcase classname="ptolemy.util.test.junit.AutoKnownFailedTests" name="[4] /home/travis/build/icyphy/ptII/ptolemy/domains/de/test/auto/knownFailedTests/dependencyLoop.xml (RunModel)" time="0.042" />
  <testcase classname="ptolemy.util.test.junit.AutoKnownFailedTests" name="[5] /home/travis/build/icyphy/ptII/ptolemy/domains/de/test/auto/knownFailedTests/dependencyLoop2.xml (RunModel)" time="0.049" />
  <testcase classname="ptolemy.util.test.junit.AutoNameArchTests" name="[0] ThereAreNoAutoArchTests (RunModel)" time="0.001" />
  <testcase classname="ptolemy.util.test.junit.AutoTests" name="[0] /home/travis/build/icyphy/ptII/ptolemy/domains/de/test/auto/ActorDepthCalculation_actorWithoutPorts.xml (RunModel)" time="0.019" />
  <testcase classname="ptolemy.util.test.junit.AutoTests" name="[1] /home/travis/build/icyphy/ptII/ptolemy/domains/de/test/auto/AssemblyLine.xml (RunModel)" time="0.027" />
  <testcase classname="ptolemy.util.test.junit.AutoTests" name="[2] /home/travis/build/icyphy/ptII/ptolemy/domains/de/test/auto/CQBug1.xml (RunModel)" time="0.011" />
  <testcase classname="ptolemy.util.test.junit.AutoTests" name="[3] /home/travis/build/icyphy/ptII/ptolemy/domains/de/test/auto/CancelFireAt.xml (RunModel)" time="0.015" />
  <testcase classname="ptolemy.util.test.junit.AutoTests" name="[4] /home/travis/build/icyphy/ptII/ptolemy/domains/de/test/auto/CausalityAndComposabilityAnalysis.xml (RunModel)" time="0.011" />
  <testcase classname="ptolemy.util.test.junit.AutoTests" name="[5] /home/travis/build/icyphy/ptII/ptolemy/domains/de/test/auto/CausalityInterface1.xml (RunModel)" time="0.014" />
  <testcase classname="ptolemy.util.test.junit.AutoTests" name="[6] /home/travis/build/icyphy/ptII/ptolemy/domains/de/test/auto/CausalityInterface15.xml (RunModel)" time="0.017" />
  <testcase classname="ptolemy.util.test.junit.AutoTests" name="[7] /home/travis/build/icyphy/ptII/ptolemy/domains/de/test/auto/CausalityInterface2.xml (RunModel)" time="0.016" />
  <testcase classname="ptolemy.util.test.junit.AutoTests" name="[8] /home/travis/build/icyphy/ptII/ptolemy/domains/de/test/auto/CausalityInterface3.xml (RunModel)" time="0.018" />
  <testcase classname="ptolemy.util.test.junit.AutoTests" name="[9] /home/travis/build/icyphy/ptII/ptolemy/domains/de/test/auto/ClockDrift.xml (RunModel)" time="0.04" />
  <testcase classname="ptolemy.util.test.junit.AutoTests" name="[10] /home/travis/build/icyphy/ptII/ptolemy/domains/de/test/auto/ClockDriftAndValueChange.xml (RunModel)" time="0.031" />
  <testcase classname="ptolemy.util.test.junit.AutoTests" name="[11] /home/travis/build/icyphy/ptII/ptolemy/domains/de/test/auto/ClockDriftChange.xml (RunModel)" time="0.033" />
  <testcase classname="ptolemy.util.test.junit.AutoTests" name="[12] /home/travis/build/icyphy/ptII/ptolemy/domains/de/test/auto/ComposableCausalityAnalysis.xml (RunModel)" time="0.014" />
  <testcase classname="ptolemy.util.test.junit.AutoTests" name="[13] /home/travis/build/icyphy/ptII/ptolemy/domains/de/test/auto/DEFixedPointLimitation.xml (RunModel)" time="0.009" />
  <testcase classname="ptolemy.util.test.junit.AutoTests" name="[14] /home/travis/build/icyphy/ptII/ptolemy/domains/de/test/auto/DEScheduleTest.xml (RunModel)" time="0.016" />
  <testcase classname="ptolemy.util.test.junit.AutoTests" name="[15] /home/travis/build/icyphy/ptII/ptolemy/domains/de/test/auto/DEinDEwithStartTimes.xml (RunModel)" time="0.015" />
  <testcase classname="ptolemy.util.test.junit.AutoTests" name="[16] /home/travis/build/icyphy/ptII/ptolemy/domains/de/test/auto/DEinDEwithStartTimes2.xml (RunModel)" time="0.021" />
  <testcase classname="ptolemy.util.test.junit.AutoTests" name="[17] /home/travis/build/icyphy/ptII/ptolemy/domains/de/test/auto/DateDemo.xml (RunModel)" time="0.032" />
  <testcase classname="ptolemy.util.test.junit.AutoTests" name="[18] /home/travis/build/icyphy/ptII/ptolemy/domains/de/test/auto/DateToEvent.xml (RunModel)" time="2.043" />
  <testcase classname="ptolemy.util.test.junit.AutoTests" name="[19] /home/travis/build/icyphy/ptII/ptolemy/domains/de/test/auto/DepthTest1.xml (RunModel)" time="0.007" />
  <testcase classname="ptolemy.util.test.junit.AutoTests" name="[20] /home/travis/build/icyphy/ptII/ptolemy/domains/de/test/auto/DepthTest2.xml (RunModel)" time="0.021" />
  <testcase classname="ptolemy.util.test.junit.AutoTests" name="[21] /home/travis/build/icyphy/ptII/ptolemy/domains/de/test/auto/DepthTest3.xml (RunModel)" time="0.011" />
  <testcase classname="ptolemy.util.test.junit.AutoTests" name="[22] /home/travis/build/icyphy/ptII/ptolemy/domains/de/test/auto/DepthTest4.xml (RunModel)" time="0.029" />
  <testcase classname="ptolemy.util.test.junit.AutoTests" name="[23] /home/travis/build/icyphy/ptII/ptolemy/domains/de/test/auto/DepthTest5.xml (RunModel)" time="0.022" />
  <testcase classname="ptolemy.util.test.junit.AutoTests" name="[24] /home/travis/build/icyphy/ptII/ptolemy/domains/de/test/auto/DepthTest6.xml (RunModel)" time="0.018" />
  <testcase classname="ptolemy.util.test.junit.AutoTests" name="[25] /home/travis/build/icyphy/ptII/ptolemy/domains/de/test/auto/DepthTest7.xml (RunModel)" time="0.014" />
  <testcase classname="ptolemy.util.test.junit.AutoTests" name="[26] /home/travis/build/icyphy/ptII/ptolemy/domains/de/test/auto/EventToDate.xml (RunModel)" time="3.032" />
  <testcase classname="ptolemy.util.test.junit.AutoTests" name="[27] /home/travis/build/icyphy/ptII/ptolemy/domains/de/test/auto/FSM1.xml (RunModel)" time="0.044" />
  <testcase classname="ptolemy.util.test.junit.AutoTests" name="[28] /home/travis/build/icyphy/ptII/ptolemy/domains/de/test/auto/FSM7.xml (RunModel)" time="0.044" />
  <testcase classname="ptolemy.util.test.junit.AutoTests" name="[29] /home/travis/build/icyphy/ptII/ptolemy/domains/de/test/auto/Inspection.xml (RunModel)" time="0.048" />
  <testcase classname="ptolemy.util.test.junit.AutoTests" name="[30] /home/travis/build/icyphy/ptII/ptolemy/domains/de/test/auto/Iteration.xml (RunModel)" time="0.025" />
  <testcase classname="ptolemy.util.test.junit.AutoTests" name="[31] /home/travis/build/icyphy/ptII/ptolemy/domains/de/test/auto/LineFault.xml (RunModel)" time="0.556" />
  <testcase classname="ptolemy.util.test.junit.AutoTests" name="[32] /home/travis/build/icyphy/ptII/ptolemy/domains/de/test/auto/MergeModel1Add.xml (RunModel)" time="0.049" />
  <testcase classname="ptolemy.util.test.junit.AutoTests" name="[33] /home/travis/build/icyphy/ptII/ptolemy/domains/de/test/auto/MergeModel2Add.xml (RunModel)" time="0.035" />
  <testcase classname="ptolemy.util.test.junit.AutoTests" name="[34] /home/travis/build/icyphy/ptII/ptolemy/domains/de/test/auto/MergeModel3Add.xml (RunModel)" time="0.041" />
  <testcase classname="ptolemy.util.test.junit.AutoTests" name="[35] /home/travis/build/icyphy/ptII/ptolemy/domains/de/test/auto/MergeWithoutDiscard.xml (RunModel)" time="0.013" />
  <testcase classname="ptolemy.util.test.junit.AutoTests" name="[36] /home/travis/build/icyphy/ptII/ptolemy/domains/de/test/auto/Modal1.xml (RunModel)" time="0.031" />
  <testcase classname="ptolemy.util.test.junit.AutoTests" name="[37] /home/travis/build/icyphy/ptII/ptolemy/domains/de/test/auto/Modal2.xml (RunModel)" time="0.027" />
  <testcase classname="ptolemy.util.test.junit.AutoTests" name="[38] /home/travis/build/icyphy/ptII/ptolemy/domains/de/test/auto/Modal3.xml (RunModel)" time="0.026" />
  <testcase classname="ptolemy.util.test.junit.AutoTests" name="[39] /home/travis/build/icyphy/ptII/ptolemy/domains/de/test/auto/Modal4.xml (RunModel)" time="0.029" />
  <testcase classname="ptolemy.util.test.junit.AutoTests" name="[40] /home/travis/build/icyphy/ptII/ptolemy/domains/de/test/auto/Modal5.xml (RunModel)" time="0.033" />
  <testcase classname="ptolemy.util.test.junit.AutoTests" name="[41] /home/travis/build/icyphy/ptII/ptolemy/domains/de/test/auto/Modal6.xml (RunModel)" time="0.026" />
  <testcase classname="ptolemy.util.test.junit.AutoTests" name="[42] /home/travis/build/icyphy/ptII/ptolemy/domains/de/test/auto/Modal7.xml (RunModel)" time="0.029" />
  <testcase classname="ptolemy.util.test.junit.AutoTests" name="[43] /home/travis/build/icyphy/ptII/ptolemy/domains/de/test/auto/ModalModel.xml (RunModel)" time="0.196" />
  <testcase classname="ptolemy.util.test.junit.AutoTests" name="[44] /home/travis/build/icyphy/ptII/ptolemy/domains/de/test/auto/ModalSource.xml (RunModel)" time="0.021" />
  <testcase classname="ptolemy.util.test.junit.AutoTests" name="[45] /home/travis/build/icyphy/ptII/ptolemy/domains/de/test/auto/NonInterruptibleTimerZeroDelay.xml (RunModel)" time="0.009" />
  <testcase classname="ptolemy.util.test.junit.AutoTests" name="[46] /home/travis/build/icyphy/ptII/ptolemy/domains/de/test/auto/OpenQueueingNetwork.xml (RunModel)" time="2.403" />
  <testcase classname="ptolemy.util.test.junit.AutoTests" name="[47] /home/travis/build/icyphy/ptII/ptolemy/domains/de/test/auto/OpenQueuingNetwork.xml (RunModel)" time="0.299" />
  <testcase classname="ptolemy.util.test.junit.AutoTests" name="[48] /home/travis/build/icyphy/ptII/ptolemy/domains/de/test/auto/PeriodicSampler.xml (RunModel)" time="0.011" />
  <testcase classname="ptolemy.util.test.junit.AutoTests" name="[49] /home/travis/build/icyphy/ptII/ptolemy/domains/de/test/auto/PersistentIO.xml (RunModel)" time="0.021" />
  <testcase classname="ptolemy.util.test.junit.AutoTests" name="[50] /home/travis/build/icyphy/ptII/ptolemy/domains/de/test/auto/PortParameterResetOnInitialize.xml (RunModel)" time="0.009" />
  <testcase classname="ptolemy.util.test.junit.AutoTests" name="[51] /home/travis/build/icyphy/ptII/ptolemy/domains/de/test/auto/PortParameterUpdates.xml (RunModel)" time="0.013" />
  <testcase classname="ptolemy.util.test.junit.AutoTests" name="[52] /home/travis/build/icyphy/ptII/ptolemy/domains/de/test/auto/QueueAndServer.xml (RunModel)" time="0.019" />
  <testcase classname="ptolemy.util.test.junit.AutoTests" name="[53] /home/travis/build/icyphy/ptII/ptolemy/domains/de/test/auto/Records.xml (RunModel)" time="0.013" />
  <testcase classname="ptolemy.util.test.junit.AutoTests" name="[54] /home/travis/build/icyphy/ptII/ptolemy/domains/de/test/auto/ResetTransitionWithStartTime1.xml (RunModel)" time="0.023" />
  <testcase classname="ptolemy.util.test.junit.AutoTests" name="[55] /home/travis/build/icyphy/ptII/ptolemy/domains/de/test/auto/ResetTransitionWithStartTime2.xml (RunModel)" time="0.025" />
  <testcase classname="ptolemy.util.test.junit.AutoTests" name="[56] /home/travis/build/icyphy/ptII/ptolemy/domains/de/test/auto/ResetTransitionWithStartTime3.xml (RunModel)" time="0.021" />
  <testcase classname="ptolemy.util.test.junit.AutoTests" name="[57] /home/travis/build/icyphy/ptII/ptolemy/domains/de/test/auto/ResetTransitionWithStartTime4.xml (RunModel)" time="0.019" />
  <testcase classname="ptolemy.util.test.junit.AutoTests" name="[58] /home/travis/build/icyphy/ptII/ptolemy/domains/de/test/auto/ResettableTimer1.xml (RunModel)" time="0.009" />
  <testcase classname="ptolemy.util.test.junit.AutoTests" name="[59] /home/travis/build/icyphy/ptII/ptolemy/domains/de/test/auto/ResettableTimer2.xml (RunModel)" time="0.011" />
  <testcase classname="ptolemy.util.test.junit.AutoTests" name="[60] /home/travis/build/icyphy/ptII/ptolemy/domains/de/test/auto/ResettableTimer3.xml (RunModel)" time="0.009" />
  <testcase classname="ptolemy.util.test.junit.AutoTests" name="[61] /home/travis/build/icyphy/ptII/ptolemy/domains/de/test/auto/ResettableTimer4.xml (RunModel)" time="0.01" />
  <testcase classname="ptolemy.util.test.junit.AutoTests" name="[62] /home/travis/build/icyphy/ptII/ptolemy/domains/de/test/auto/ResettableTimer5.xml (RunModel)" time="0.01" />
  <testcase classname="ptolemy.util.test.junit.AutoTests" name="[63] /home/travis/build/icyphy/ptII/ptolemy/domains/de/test/auto/ResettableTimer6.xml (RunModel)" time="0.015" />
  <testcase classname="ptolemy.util.test.junit.AutoTests" name="[64] /home/travis/build/icyphy/ptII/ptolemy/domains/de/test/auto/ServerZeroDelay.xml (RunModel)" time="0.009" />
  <testcase classname="ptolemy.util.test.junit.AutoTests" name="[65] /home/travis/build/icyphy/ptII/ptolemy/domains/de/test/auto/SmartSender.xml (RunModel)" time="3.008" />
  <testcase classname="ptolemy.util.test.junit.AutoTests" name="[66] /home/travis/build/icyphy/ptII/ptolemy/domains/de/test/auto/ThreadedComposite.xml (RunModel)" time="0.216" />
  <testcase classname="ptolemy.util.test.junit.AutoTests" name="[67] /home/travis/build/icyphy/ptII/ptolemy/domains/de/test/auto/Time.xml (RunModel)" time="0.342" />
  <testcase classname="ptolemy.util.test.junit.AutoTests" name="[68] /home/travis/build/icyphy/ptII/ptolemy/domains/de/test/auto/TimeDelayZeroDelay.xml (RunModel)" time="0.012" />
  <testcase classname="ptolemy.util.test.junit.AutoTests" name="[69] /home/travis/build/icyphy/ptII/ptolemy/domains/de/test/auto/TimerZeroDelay.xml (RunModel)" time="0.009" />
  <testcase classname="ptolemy.util.test.junit.AutoTests" name="[70] /home/travis/build/icyphy/ptII/ptolemy/domains/de/test/auto/TimingParadox.xml (RunModel)" time="0.305" />
  <testcase classname="ptolemy.util.test.junit.AutoTests" name="[71] /home/travis/build/icyphy/ptII/ptolemy/domains/de/test/auto/TransferInputs.xml (RunModel)" time="0.014" />
  <testcase classname="ptolemy.util.test.junit.AutoTests" name="[72] /home/travis/build/icyphy/ptII/ptolemy/domains/de/test/auto/TransferOutputs2.xml (RunModel)" time="0.014" />
  <testcase classname="ptolemy.util.test.junit.AutoTests" name="[73] /home/travis/build/icyphy/ptII/ptolemy/domains/de/test/auto/Trilateration.xml (RunModel)" time="10.058" />
  <testcase classname="ptolemy.util.test.junit.AutoTests" name="[74] /home/travis/build/icyphy/ptII/ptolemy/domains/de/test/auto/TwoSigmaDelta.xml (RunModel)" time="1.817" />
  <testcase classname="ptolemy.util.test.junit.AutoTests" name="[75] /home/travis/build/icyphy/ptII/ptolemy/domains/de/test/auto/VariableDelay.xml (RunModel)" time="0.012" />
  <testcase classname="ptolemy.util.test.junit.AutoTests" name="[76] /home/travis/build/icyphy/ptII/ptolemy/domains/de/test/auto/VariableDelay2.xml (RunModel)" time="0.009" />
  <testcase classname="ptolemy.util.test.junit.AutoTests" name="[77] /home/travis/build/icyphy/ptII/ptolemy/domains/de/test/auto/VariableDelayZeroDelay.xml (RunModel)" time="0.014" />
  <testcase classname="ptolemy.util.test.junit.AutoTests" name="[78] /home/travis/build/icyphy/ptII/ptolemy/domains/de/test/auto/VariableDelayZeroDelay2.xml (RunModel)" time="0.009" />
  <testcase classname="ptolemy.util.test.junit.AutoTests" name="[79] /home/travis/build/icyphy/ptII/ptolemy/domains/de/test/auto/deInCt.xml (RunModel)" time="0.016" />
  <testcase classname="ptolemy.util.test.junit.AutoTests" name="[80] /home/travis/build/icyphy/ptII/ptolemy/domains/de/test/auto/deInCt2.xml (RunModel)" time="0.017" />
  <testcase classname="ptolemy.util.test.junit.AutoTests" name="[81] /home/travis/build/icyphy/ptII/ptolemy/domains/de/test/auto/dynamicCausalityInterface1.xml (RunModel)" time="0.024" />
  <testcase classname="ptolemy.util.test.junit.AutoTests" name="[82] /home/travis/build/icyphy/ptII/ptolemy/domains/de/test/auto/fsm_de_test.xml (RunModel)" time="0.022" />
  <testcase classname="ptolemy.util.test.junit.AutoTests" name="[83] /home/travis/build/icyphy/ptII/ptolemy/domains/de/test/auto/functionDependencyReconstruction.xml (RunModel)" time="0.033" />
  <testcase classname="ptolemy.util.test.junit.AutoTests" name="[84] /home/travis/build/icyphy/ptII/ptolemy/domains/de/test/auto/multirate.xml (RunModel)" time="0.016" />
  <testcase classname="ptolemy.util.test.junit.AutoTests" name="[85] /home/travis/build/icyphy/ptII/ptolemy/domains/de/test/auto/multirate2.xml (RunModel)" time="0.014" />
  <testcase classname="ptolemy.util.test.junit.AutoTests" name="[86] /home/travis/build/icyphy/ptII/ptolemy/domains/de/test/auto/realtime.xml (RunModel)" time="10.009" />
  <testcase classname="ptolemy.util.test.junit.AutoTests" name="[87] /home/travis/build/icyphy/ptII/ptolemy/domains/de/test/auto/relationGroup.xml (RunModel)" time="0.007" />
  <testcase classname="ptolemy.util.test.junit.AutoTests" name="[88] /home/travis/build/icyphy/ptII/ptolemy/domains/de/test/auto/relationGroup2.xml (RunModel)" time="0.011" />
  <testcase classname="ptolemy.util.test.junit.AutoTests" name="[89] /home/travis/build/icyphy/ptII/ptolemy/domains/de/test/auto/sortWithOpaquePorts.xml (RunModel)" time="0.014" />
  <testcase classname="ptolemy.util.test.junit.AutoTests" name="[90] /home/travis/build/icyphy/ptII/ptolemy/domains/de/test/auto/transferInputsandOutputs.xml (RunModel)" time="0.02" />
  <testcase classname="ptolemy.util.test.junit.AutoTests" name="[91] /home/travis/build/icyphy/ptII/ptolemy/domains/de/test/auto/triggerType.xml (RunModel)" time="0.008" />
  <system-out><![CDATA[/home/travis/build/icyphy/ptII/ptolemy/domains/de/test/DependencyLoop.tcl
testDefs.tcl: setting time out to 9000 seconds at Fri Jul 31 15:15:36 UTC 2020
52 ms. Memory: 129024K Free: 78790K (61%)
26 ms. Memory: 129024K Free: 61382K (48%)
/home/travis/build/icyphy/ptII/ptolemy/domains/de/test/RunDETestsAsQSS.tcl
Run the DE tests using ptolemy.domains.qss.test.QSSDirectorTest, which extends QSSDirector and prints a message in the constructors.
------------------ testing $PTII/ptolemy/domains/de/test/auto/knownFailedTests/DirectFeedback.xml (Known Failure) 
55 ms. Memory: 129024K Free: 55748K (43%)


==== $PTIIhome/travis/build/icyphy/ptII/ptolemy/domains/de/test/../../../../: Auto Automatic test in file $PTII/ptolemy/domains/de/test/auto/knownFailedTests/DirectFeedback.xml
==== Contents of test case:

	    # FIXME: we should use $relativeFilename here, but it
	    # might have backslashes under Windows, which causes no end
	    # of trouble.
	    createAndExecute $file
	    list {}
	
.... Test generated KNOWN error:
    while executing
ptolemy.kernel.util.IllegalActionException: Test fails in iteration 1.
Value was: 1.0. Should have been: 2.0
  in .DirectFeedback.Test
	at ptolemy.actor.lib.Test.fire(Test.java:268)
	at ptolemy.domains.de.kernel.DEDirector._fire(DEDirector.java:1949)
	at ptolemy.domains.de.kernel.DEDirector.fire(DEDirector.java:502)
	at ptolemy.actor.CompositeActor.fire(CompositeActor.java:455)
	at ptolemy.actor.Manager.iterate(Manager.java:851)
	at ptolemy.actor.Manager.execute(Manager.java:369)
	at ptolemy.actor.Manager.run(Manager.java:1263)
	at ptolemy.actor.Manager$PtolemyRunThread.run(Manager.java:1933)

    while executing
ptolemy.kernel.util.IllegalActionException: Test fails in iteration 1.
Value was: 1.0. Should have been: 2.0
  in .DirectFeedback.Test
    while executing
"java::new ptolemy.moml.MoMLSimpleApplication $file
"
    (procedure "createAndExecute" line 2)
    invoked from within
"createAndExecute $file"
    ("uplevel" body line 5)
    invoked from within
"uplevel $contents_of_test"
------------------ testing $PTII/ptolemy/domains/de/test/auto/knownFailedTests/dependencyLoop.xml (Known Failure) 
21 ms. Memory: 129024K Free: 52676K (41%)


==== $PTIIhome/travis/build/icyphy/ptII/ptolemy/domains/de/test/../../../../: Auto Automatic test in file $PTII/ptolemy/domains/de/test/auto/knownFailedTests/dependencyLoop.xml
==== Contents of test case:

	    # FIXME: we should use $relativeFilename here, but it
	    # might have backslashes under Windows, which causes no end
	    # of trouble.
	    createAndExecute $file
	    list {}
	
.... Test generated KNOWN error:
    while executing
ptolemy.kernel.util.IllegalActionException: Found a zero delay loop containing .dependencyLoop.original
  in .dependencyLoop and .dependencyLoop.original
	at ptolemy.actor.util.CausalityInterfaceForComposites._computeOutputPortDepth(CausalityInterfaceForComposites.java:759)
	at ptolemy.actor.util.CausalityInterfaceForComposites._computeInputDepth(CausalityInterfaceForComposites.java:696)
	at ptolemy.actor.util.CausalityInterfaceForComposites._computeOutputPortDepth(CausalityInterfaceForComposites.java:765)
	at ptolemy.actor.util.CausalityInterfaceForComposites._computeInputDepth(CausalityInterfaceForComposites.java:696)
	at ptolemy.actor.util.CausalityInterfaceForComposites._computeOutputPortDepth(CausalityInterfaceForComposites.java:765)
	at ptolemy.actor.util.CausalityInterfaceForComposites._computeInputDepth(CausalityInterfaceForComposites.java:696)
	at ptolemy.actor.util.CausalityInterfaceForComposites._computeActorDepth(CausalityInterfaceForComposites.java:532)
	at ptolemy.actor.util.CausalityInterfaceForComposites.checkForCycles(CausalityInterfaceForComposites.java:96)
	at ptolemy.domains.de.kernel.DEDirector.preinitialize(DEDirector.java:1338)
	at ptolemy.actor.CompositeActor.preinitialize(CompositeActor.java:1828)
	at ptolemy.actor.Manager.preinitializeAndResolveTypes(Manager.java:1040)
	at ptolemy.actor.Manager.initialize(Manager.java:710)
	at ptolemy.actor.Manager.execute(Manager.java:356)
	at ptolemy.actor.Manager.run(Manager.java:1263)
	at ptolemy.actor.Manager$PtolemyRunThread.run(Manager.java:1933)

    while executing
ptolemy.kernel.util.IllegalActionException: Found a zero delay loop containing .dependencyLoop.original
  in .dependencyLoop and .dependencyLoop.original
    while executing
"java::new ptolemy.moml.MoMLSimpleApplication $file
"
    (procedure "createAndExecute" line 2)
    invoked from within
"createAndExecute $file"
    ("uplevel" body line 5)
    invoked from within
"uplevel $contents_of_test"
------------------ testing $PTII/ptolemy/domains/de/test/auto/knownFailedTests/FSMSource.xml (Known Failure) 
70 ms. Memory: 129024K Free: 110609K (86%)
!!!! Auto was marked as failing, but now passes
------------------ testing $PTII/ptolemy/domains/de/test/auto/knownFailedTests/HierarchicalModel.xml (Known Failure) 
7 ms. Memory: 129024K Free: 93192K (72%)


==== $PTIIhome/travis/build/icyphy/ptII/ptolemy/domains/de/test/../../../../: Auto Automatic test in file $PTII/ptolemy/domains/de/test/auto/knownFailedTests/HierarchicalModel.xml
==== Contents of test case:

	    # FIXME: we should use $relativeFilename here, but it
	    # might have backslashes under Windows, which causes no end
	    # of trouble.
	    createAndExecute $file
	    list {}
	
.... Test generated KNOWN error:
    while executing
ptolemy.kernel.util.IllegalActionException: Found a zero delay loop containing .HierarchicalModel.A
  in .HierarchicalModel and .HierarchicalModel.A
	at ptolemy.actor.util.CausalityInterfaceForComposites._computeOutputPortDepth(CausalityInterfaceForComposites.java:759)
	at ptolemy.actor.util.CausalityInterfaceForComposites._computeInputDepth(CausalityInterfaceForComposites.java:696)
	at ptolemy.actor.util.CausalityInterfaceForComposites._computeOutputPortDepth(CausalityInterfaceForComposites.java:765)
	at ptolemy.actor.util.CausalityInterfaceForComposites._computeInputDepth(CausalityInterfaceForComposites.java:696)
	at ptolemy.actor.util.CausalityInterfaceForComposites._computeOutputPortDepth(CausalityInterfaceForComposites.java:765)
	at ptolemy.actor.util.CausalityInterfaceForComposites._computeInputDepth(CausalityInterfaceForComposites.java:696)
	at ptolemy.actor.util.CausalityInterfaceForComposites._computeActorDepth(CausalityInterfaceForComposites.java:532)
	at ptolemy.actor.util.CausalityInterfaceForComposites.checkForCycles(CausalityInterfaceForComposites.java:96)
	at ptolemy.domains.de.kernel.DEDirector.preinitialize(DEDirector.java:1338)
	at ptolemy.actor.CompositeActor.preinitialize(CompositeActor.java:1828)
	at ptolemy.actor.Manager.preinitializeAndResolveTypes(Manager.java:1040)
	at ptolemy.actor.Manager.initialize(Manager.java:710)
	at ptolemy.actor.Manager.execute(Manager.java:356)
	at ptolemy.actor.Manager.run(Manager.java:1263)
	at ptolemy.actor.Manager$PtolemyRunThread.run(Manager.java:1933)

    while executing
ptolemy.kernel.util.IllegalActionException: Found a zero delay loop containing .HierarchicalModel.A
  in .HierarchicalModel and .HierarchicalModel.A
    while executing
"java::new ptolemy.moml.MoMLSimpleApplication $file
"
    (procedure "createAndExecute" line 2)
    invoked from within
"createAndExecute $file"
    ("uplevel" body line 5)
    invoked from within
"uplevel $contents_of_test"
------------------ testing $PTII/ptolemy/domains/de/test/auto/knownFailedTests/dependencyLoop2.xml (Known Failure) 
14 ms. Memory: 129024K Free: 77235K (60%)


==== $PTIIhome/travis/build/icyphy/ptII/ptolemy/domains/de/test/../../../../: Auto Automatic test in file $PTII/ptolemy/domains/de/test/auto/knownFailedTests/dependencyLoop2.xml
==== Contents of test case:

	    # FIXME: we should use $relativeFilename here, but it
	    # might have backslashes under Windows, which causes no end
	    # of trouble.
	    createAndExecute $file
	    list {}
	
.... Test generated KNOWN error:
    while executing
ptolemy.kernel.util.IllegalActionException: Found a zero delay loop containing .dependencyLoop2.original
  in .dependencyLoop2 and .dependencyLoop2.original
	at ptolemy.actor.util.CausalityInterfaceForComposites._computeOutputPortDepth(CausalityInterfaceForComposites.java:759)
	at ptolemy.actor.util.CausalityInterfaceForComposites._computeInputDepth(CausalityInterfaceForComposites.java:696)
	at ptolemy.actor.util.CausalityInterfaceForComposites._computeOutputPortDepth(CausalityInterfaceForComposites.java:765)
	at ptolemy.actor.util.CausalityInterfaceForComposites._computeInputDepth(CausalityInterfaceForComposites.java:696)
	at ptolemy.actor.util.CausalityInterfaceForComposites._computeOutputPortDepth(CausalityInterfaceForComposites.java:765)
	at ptolemy.actor.util.CausalityInterfaceForComposites._computeInputDepth(CausalityInterfaceForComposites.java:696)
	at ptolemy.actor.util.CausalityInterfaceForComposites._computeActorDepth(CausalityInterfaceForComposites.java:532)
	at ptolemy.actor.util.CausalityInterfaceForComposites.checkForCycles(CausalityInterfaceForComposites.java:96)
	at ptolemy.domains.de.kernel.DEDirector.preinitialize(DEDirector.java:1338)
	at ptolemy.actor.CompositeActor.preinitialize(CompositeActor.java:1828)
	at ptolemy.actor.Manager.preinitializeAndResolveTypes(Manager.java:1040)
	at ptolemy.actor.Manager.initialize(Manager.java:710)
	at ptolemy.actor.Manager.execute(Manager.java:356)
	at ptolemy.actor.Manager.run(Manager.java:1263)
	at ptolemy.actor.Manager$PtolemyRunThread.run(Manager.java:1933)

    while executing
ptolemy.kernel.util.IllegalActionException: Found a zero delay loop containing .dependencyLoop2.original
  in .dependencyLoop2 and .dependencyLoop2.original
    while executing
"java::new ptolemy.moml.MoMLSimpleApplication $file
"
    (procedure "createAndExecute" line 2)
    invoked from within
"createAndExecute $file"
    ("uplevel" body line 5)
    invoked from within
"uplevel $contents_of_test"
------------------ testing $PTII/ptolemy/domains/de/test/auto/knownFailedTests/DESDFClockTest.xml (Known Failure) 
2054 ms. Memory: 129024K Free: 107319K (83%)


==== $PTIIhome/travis/build/icyphy/ptII/ptolemy/domains/de/test/../../../../: Auto Automatic test in file $PTII/ptolemy/domains/de/test/auto/knownFailedTests/DESDFClockTest.xml
==== Contents of test case:

	    # FIXME: we should use $relativeFilename here, but it
	    # might have backslashes under Windows, which causes no end
	    # of trouble.
	    createAndExecute $file
	    list {}
	
.... Test generated KNOWN error:
    while executing
ptolemy.kernel.util.IllegalActionException: Actor is not ready to fire.  Perhaps UpSample.prefire() returned false? Try debugging the actor by selecting "Listen to Actor".  Also, for SDF check moml for tokenConsumptionRate on input.
  in .DESDFClockTest.Play Bell.Copy1:SDF Director and .DESDFClockTest.Play Bell.UpSample
	at ptolemy.actor.sched.StaticSchedulingDirector.fire(StaticSchedulingDirector.java:227)
	at ptolemy.domains.sdf.kernel.SDFDirector.fire(SDFDirector.java:500)
	at ptolemy.actor.CompositeActor.fire(CompositeActor.java:455)
	at ptolemy.domains.de.kernel.DEDirector._fire(DEDirector.java:1949)
	at ptolemy.domains.de.kernel.DEDirector.fire(DEDirector.java:502)
	at ptolemy.actor.CompositeActor.fire(CompositeActor.java:455)
	at ptolemy.actor.Manager.iterate(Manager.java:851)
	at ptolemy.actor.Manager.execute(Manager.java:369)
	at ptolemy.actor.Manager.run(Manager.java:1263)
	at ptolemy.actor.Manager$PtolemyRunThread.run(Manager.java:1933)

    while executing
ptolemy.kernel.util.IllegalActionException: Actor is not ready to fire.  Perhaps UpSample.prefire() returned false? Try debugging the actor by selecting "Listen to Actor".  Also, for SDF check moml for tokenConsumptionRate on input.
  in .DESDFClockTest.Play Bell.Copy1:SDF Director and .DESDFClockTest.Play Bell.UpSample
    while executing
"java::new ptolemy.moml.MoMLSimpleApplication $file
"
    (procedure "createAndExecute" line 2)
    invoked from within
"createAndExecute $file"
    ("uplevel" body line 5)
    invoked from within
"uplevel $contents_of_test"
------------------ testing $PTII/ptolemy/domains/de/test/auto/ActorDepthCalculation_actorWithoutPorts.xml
auto.tcl: Setting watchdog for 200 seconds at Fri Jul 31 15:15:40 UTC 2020
9 ms. Memory: 129024K Free: 99641K (77%)
ptolemy.util.test.WatchDog.cancel(): canceling Fri Jul 31 15:15:40 UTC 2020
auto.tcl: Setting watchdog for 200 seconds at Fri Jul 31 15:15:40 UTC 2020
9 ms. Memory: 129024K Free: 98089K (76%)
ptolemy.util.test.WatchDog.cancel(): canceling Fri Jul 31 15:15:40 UTC 2020
------------------ testing $PTII/ptolemy/domains/de/test/auto/AssemblyLine.xml
auto.tcl: Setting watchdog for 200 seconds at Fri Jul 31 15:15:40 UTC 2020
7 ms. Memory: 55296K Free: 31566K (57%)
ptolemy.util.test.WatchDog.cancel(): canceling Fri Jul 31 15:15:40 UTC 2020
auto.tcl: Setting watchdog for 200 seconds at Fri Jul 31 15:15:40 UTC 2020
6 ms. Memory: 55296K Free: 31054K (56%)
ptolemy.util.test.WatchDog.cancel(): canceling Fri Jul 31 15:15:40 UTC 2020
------------------ testing $PTII/ptolemy/domains/de/test/auto/CQBug1.xml
auto.tcl: Setting watchdog for 200 seconds at Fri Jul 31 15:15:40 UTC 2020
15 ms. Memory: 51200K Free: 33828K (66%)
ptolemy.util.test.WatchDog.cancel(): canceling Fri Jul 31 15:15:40 UTC 2020
auto.tcl: Setting watchdog for 200 seconds at Fri Jul 31 15:15:40 UTC 2020
2 ms. Memory: 51200K Free: 33343K (65%)
ptolemy.util.test.WatchDog.cancel(): canceling Fri Jul 31 15:15:40 UTC 2020
------------------ testing $PTII/ptolemy/domains/de/test/auto/CancelFireAt.xml
auto.tcl: Setting watchdog for 200 seconds at Fri Jul 31 15:15:40 UTC 2020
3 ms. Memory: 51200K Free: 34480K (67%)
ptolemy.util.test.WatchDog.cancel(): canceling Fri Jul 31 15:15:40 UTC 2020
auto.tcl: Setting watchdog for 200 seconds at Fri Jul 31 15:15:40 UTC 2020
2 ms. Memory: 51200K Free: 34005K (66%)
ptolemy.util.test.WatchDog.cancel(): canceling Fri Jul 31 15:15:40 UTC 2020
------------------ testing $PTII/ptolemy/domains/de/test/auto/CausalityAndComposabilityAnalysis.xml
auto.tcl: Setting watchdog for 200 seconds at Fri Jul 31 15:15:40 UTC 2020
6 ms. Memory: 51200K Free: 32360K (63%)
ptolemy.util.test.WatchDog.cancel(): canceling Fri Jul 31 15:15:40 UTC 2020
auto.tcl: Setting watchdog for 200 seconds at Fri Jul 31 15:15:40 UTC 2020
11 ms. Memory: 51200K Free: 31965K (62%)
ptolemy.util.test.WatchDog.cancel(): canceling Fri Jul 31 15:15:40 UTC 2020
------------------ testing $PTII/ptolemy/domains/de/test/auto/CausalityInterface1.xml
auto.tcl: Setting watchdog for 200 seconds at Fri Jul 31 15:15:40 UTC 2020
28 ms. Memory: 51200K Free: 31389K (61%)
ptolemy.util.test.WatchDog.cancel(): canceling Fri Jul 31 15:15:41 UTC 2020
auto.tcl: Setting watchdog for 200 seconds at Fri Jul 31 15:15:41 UTC 2020
4 ms. Memory: 51200K Free: 30396K (59%)
ptolemy.util.test.WatchDog.cancel(): canceling Fri Jul 31 15:15:41 UTC 2020
------------------ testing $PTII/ptolemy/domains/de/test/auto/CausalityInterface15.xml
auto.tcl: Setting watchdog for 200 seconds at Fri Jul 31 15:15:41 UTC 2020
8 ms. Memory: 51200K Free: 30947K (60%)
ptolemy.util.test.WatchDog.cancel(): canceling Fri Jul 31 15:15:41 UTC 2020
auto.tcl: Setting watchdog for 200 seconds at Fri Jul 31 15:15:41 UTC 2020
4 ms. Memory: 51200K Free: 30344K (59%)
ptolemy.util.test.WatchDog.cancel(): canceling Fri Jul 31 15:15:41 UTC 2020
------------------ testing $PTII/ptolemy/domains/de/test/auto/CausalityInterface2.xml
auto.tcl: Setting watchdog for 200 seconds at Fri Jul 31 15:15:41 UTC 2020
9 ms. Memory: 51200K Free: 32251K (63%)
ptolemy.util.test.WatchDog.cancel(): canceling Fri Jul 31 15:15:41 UTC 2020
auto.tcl: Setting watchdog for 200 seconds at Fri Jul 31 15:15:41 UTC 2020
7 ms. Memory: 51200K Free: 31352K (61%)
ptolemy.util.test.WatchDog.cancel(): canceling Fri Jul 31 15:15:41 UTC 2020
------------------ testing $PTII/ptolemy/domains/de/test/auto/CausalityInterface3.xml
auto.tcl: Setting watchdog for 200 seconds at Fri Jul 31 15:15:41 UTC 2020
5 ms. Memory: 51200K Free: 31557K (62%)
ptolemy.util.test.WatchDog.cancel(): canceling Fri Jul 31 15:15:41 UTC 2020
auto.tcl: Setting watchdog for 200 seconds at Fri Jul 31 15:15:41 UTC 2020
4 ms. Memory: 51200K Free: 30834K (60%)
ptolemy.util.test.WatchDog.cancel(): canceling Fri Jul 31 15:15:41 UTC 2020
------------------ testing $PTII/ptolemy/domains/de/test/auto/ClockDrift.xml
auto.tcl: Setting watchdog for 200 seconds at Fri Jul 31 15:15:41 UTC 2020
85 ms. Memory: 51200K Free: 24147K (47%)
ptolemy.util.test.WatchDog.cancel(): canceling Fri Jul 31 15:15:41 UTC 2020
auto.tcl: Setting watchdog for 200 seconds at Fri Jul 31 15:15:41 UTC 2020
53 ms. Memory: 51200K Free: 21136K (41%)
ptolemy.util.test.WatchDog.cancel(): canceling Fri Jul 31 15:15:41 UTC 2020
------------------ testing $PTII/ptolemy/domains/de/test/auto/ClockDriftAndValueChange.xml
auto.tcl: Setting watchdog for 200 seconds at Fri Jul 31 15:15:41 UTC 2020
33 ms. Memory: 51200K Free: 23975K (47%)
ptolemy.util.test.WatchDog.cancel(): canceling Fri Jul 31 15:15:41 UTC 2020
auto.tcl: Setting watchdog for 200 seconds at Fri Jul 31 15:15:41 UTC 2020
28 ms. Memory: 51200K Free: 20987K (41%)
ptolemy.util.test.WatchDog.cancel(): canceling Fri Jul 31 15:15:41 UTC 2020
------------------ testing $PTII/ptolemy/domains/de/test/auto/ClockDriftChange.xml
auto.tcl: Setting watchdog for 200 seconds at Fri Jul 31 15:15:41 UTC 2020
17 ms. Memory: 51200K Free: 26017K (51%)
ptolemy.util.test.WatchDog.cancel(): canceling Fri Jul 31 15:15:41 UTC 2020
auto.tcl: Setting watchdog for 200 seconds at Fri Jul 31 15:15:41 UTC 2020
27 ms. Memory: 51200K Free: 23479K (46%)
ptolemy.util.test.WatchDog.cancel(): canceling Fri Jul 31 15:15:41 UTC 2020
------------------ testing $PTII/ptolemy/domains/de/test/auto/ComposableCausalityAnalysis.xml
auto.tcl: Setting watchdog for 200 seconds at Fri Jul 31 15:15:41 UTC 2020
2 ms. Memory: 51200K Free: 30807K (60%)
ptolemy.util.test.WatchDog.cancel(): canceling Fri Jul 31 15:15:41 UTC 2020
auto.tcl: Setting watchdog for 200 seconds at Fri Jul 31 15:15:41 UTC 2020
2 ms. Memory: 51200K Free: 29827K (58%)
ptolemy.util.test.WatchDog.cancel(): canceling Fri Jul 31 15:15:41 UTC 2020
------------------ testing $PTII/ptolemy/domains/de/test/auto/DEFixedPointLimitation.xml
auto.tcl: Setting watchdog for 200 seconds at Fri Jul 31 15:15:41 UTC 2020
2 ms. Memory: 51200K Free: 32238K (63%)
ptolemy.util.test.WatchDog.cancel(): canceling Fri Jul 31 15:15:41 UTC 2020
auto.tcl: Setting watchdog for 200 seconds at Fri Jul 31 15:15:41 UTC 2020
1 ms. Memory: 51200K Free: 31336K (61%)
ptolemy.util.test.WatchDog.cancel(): canceling Fri Jul 31 15:15:41 UTC 2020
------------------ testing $PTII/ptolemy/domains/de/test/auto/DEScheduleTest.xml
auto.tcl: Setting watchdog for 200 seconds at Fri Jul 31 15:15:42 UTC 2020
7 ms. Memory: 51200K Free: 32590K (64%)
ptolemy.util.test.WatchDog.cancel(): canceling Fri Jul 31 15:15:42 UTC 2020
auto.tcl: Setting watchdog for 200 seconds at Fri Jul 31 15:15:42 UTC 2020
3 ms. Memory: 51200K Free: 31824K (62%)
ptolemy.util.test.WatchDog.cancel(): canceling Fri Jul 31 15:15:42 UTC 2020
------------------ testing $PTII/ptolemy/domains/de/test/auto/DEinDEwithStartTimes.xml
auto.tcl: Setting watchdog for 200 seconds at Fri Jul 31 15:15:42 UTC 2020
4 ms. Memory: 51200K Free: 30751K (60%)
ptolemy.util.test.WatchDog.cancel(): canceling Fri Jul 31 15:15:42 UTC 2020
auto.tcl: Setting watchdog for 200 seconds at Fri Jul 31 15:15:42 UTC 2020
3 ms. Memory: 51200K Free: 29727K (58%)
ptolemy.util.test.WatchDog.cancel(): canceling Fri Jul 31 15:15:42 UTC 2020
------------------ testing $PTII/ptolemy/domains/de/test/auto/DEinDEwithStartTimes2.xml
auto.tcl: Setting watchdog for 200 seconds at Fri Jul 31 15:15:42 UTC 2020
9 ms. Memory: 51200K Free: 29843K (58%)
ptolemy.util.test.WatchDog.cancel(): canceling Fri Jul 31 15:15:42 UTC 2020
auto.tcl: Setting watchdog for 200 seconds at Fri Jul 31 15:15:42 UTC 2020
3 ms. Memory: 51200K Free: 28683K (56%)
ptolemy.util.test.WatchDog.cancel(): canceling Fri Jul 31 15:15:42 UTC 2020
------------------ testing $PTII/ptolemy/domains/de/test/auto/DateDemo.xml
auto.tcl: Setting watchdog for 200 seconds at Fri Jul 31 15:15:42 UTC 2020
22 ms. Memory: 51200K Free: 24304K (47%)
ptolemy.util.test.WatchDog.cancel(): canceling Fri Jul 31 15:15:42 UTC 2020
auto.tcl: Setting watchdog for 200 seconds at Fri Jul 31 15:15:42 UTC 2020
8 ms. Memory: 51200K Free: 22682K (44%)
ptolemy.util.test.WatchDog.cancel(): canceling Fri Jul 31 15:15:42 UTC 2020
------------------ testing $PTII/ptolemy/domains/de/test/auto/DateToEvent.xml
auto.tcl: Setting watchdog for 200 seconds at Fri Jul 31 15:15:42 UTC 2020
2010 ms. Memory: 51200K Free: 20246K (40%)
ptolemy.util.test.WatchDog.cancel(): canceling Fri Jul 31 15:15:44 UTC 2020
auto.tcl: Setting watchdog for 200 seconds at Fri Jul 31 15:15:44 UTC 2020
2005 ms. Memory: 51200K Free: 19413K (38%)
ptolemy.util.test.WatchDog.cancel(): canceling Fri Jul 31 15:15:46 UTC 2020
------------------ testing $PTII/ptolemy/domains/de/test/auto/DepthTest1.xml
auto.tcl: Setting watchdog for 200 seconds at Fri Jul 31 15:15:46 UTC 2020
5 ms. Memory: 51200K Free: 33421K (65%)
ptolemy.util.test.WatchDog.cancel(): canceling Fri Jul 31 15:15:46 UTC 2020
auto.tcl: Setting watchdog for 200 seconds at Fri Jul 31 15:15:46 UTC 2020
2 ms. Memory: 51200K Free: 32933K (64%)
ptolemy.util.test.WatchDog.cancel(): canceling Fri Jul 31 15:15:46 UTC 2020
------------------ testing $PTII/ptolemy/domains/de/test/auto/DepthTest2.xml
auto.tcl: Setting watchdog for 200 seconds at Fri Jul 31 15:15:46 UTC 2020
4 ms. Memory: 51200K Free: 30193K (59%)
ptolemy.util.test.WatchDog.cancel(): canceling Fri Jul 31 15:15:46 UTC 2020
auto.tcl: Setting watchdog for 200 seconds at Fri Jul 31 15:15:46 UTC 2020
2 ms. Memory: 51200K Free: 29740K (58%)
ptolemy.util.test.WatchDog.cancel(): canceling Fri Jul 31 15:15:46 UTC 2020
------------------ testing $PTII/ptolemy/domains/de/test/auto/DepthTest3.xml
auto.tcl: Setting watchdog for 200 seconds at Fri Jul 31 15:15:46 UTC 2020
2 ms. Memory: 51200K Free: 33737K (66%)
ptolemy.util.test.WatchDog.cancel(): canceling Fri Jul 31 15:15:46 UTC 2020
auto.tcl: Setting watchdog for 200 seconds at Fri Jul 31 15:15:46 UTC 2020
2 ms. Memory: 51200K Free: 33259K (65%)
ptolemy.util.test.WatchDog.cancel(): canceling Fri Jul 31 15:15:46 UTC 2020
------------------ testing $PTII/ptolemy/domains/de/test/auto/DepthTest4.xml
auto.tcl: Setting watchdog for 200 seconds at Fri Jul 31 15:15:46 UTC 2020
5 ms. Memory: 51200K Free: 31972K (62%)
ptolemy.util.test.WatchDog.cancel(): canceling Fri Jul 31 15:15:46 UTC 2020
auto.tcl: Setting watchdog for 200 seconds at Fri Jul 31 15:15:46 UTC 2020
2 ms. Memory: 51200K Free: 31306K (61%)
ptolemy.util.test.WatchDog.cancel(): canceling Fri Jul 31 15:15:46 UTC 2020
------------------ testing $PTII/ptolemy/domains/de/test/auto/DepthTest5.xml
auto.tcl: Setting watchdog for 200 seconds at Fri Jul 31 15:15:46 UTC 2020
5 ms. Memory: 51200K Free: 31422K (61%)
ptolemy.util.test.WatchDog.cancel(): canceling Fri Jul 31 15:15:46 UTC 2020
auto.tcl: Setting watchdog for 200 seconds at Fri Jul 31 15:15:46 UTC 2020
3 ms. Memory: 51200K Free: 30686K (60%)
ptolemy.util.test.WatchDog.cancel(): canceling Fri Jul 31 15:15:46 UTC 2020
------------------ testing $PTII/ptolemy/domains/de/test/auto/DepthTest6.xml
auto.tcl: Setting watchdog for 200 seconds at Fri Jul 31 15:15:46 UTC 2020
4 ms. Memory: 51200K Free: 31151K (61%)
ptolemy.util.test.WatchDog.cancel(): canceling Fri Jul 31 15:15:46 UTC 2020
auto.tcl: Setting watchdog for 200 seconds at Fri Jul 31 15:15:46 UTC 2020
2 ms. Memory: 51200K Free: 30706K (60%)
ptolemy.util.test.WatchDog.cancel(): canceling Fri Jul 31 15:15:46 UTC 2020
------------------ testing $PTII/ptolemy/domains/de/test/auto/DepthTest7.xml
auto.tcl: Setting watchdog for 200 seconds at Fri Jul 31 15:15:46 UTC 2020
3 ms. Memory: 51200K Free: 31891K (62%)
ptolemy.util.test.WatchDog.cancel(): canceling Fri Jul 31 15:15:46 UTC 2020
auto.tcl: Setting watchdog for 200 seconds at Fri Jul 31 15:15:46 UTC 2020
2 ms. Memory: 51200K Free: 31222K (61%)
ptolemy.util.test.WatchDog.cancel(): canceling Fri Jul 31 15:15:47 UTC 2020
------------------ testing $PTII/ptolemy/domains/de/test/auto/EventToDate.xml
auto.tcl: Setting watchdog for 200 seconds at Fri Jul 31 15:15:47 UTC 2020
3006 ms. Memory: 51200K Free: 22690K (44%)
ptolemy.util.test.WatchDog.cancel(): canceling Fri Jul 31 15:15:50 UTC 2020
auto.tcl: Setting watchdog for 200 seconds at Fri Jul 31 15:15:50 UTC 2020
3004 ms. Memory: 51200K Free: 22041K (43%)
ptolemy.util.test.WatchDog.cancel(): canceling Fri Jul 31 15:15:53 UTC 2020
------------------ testing $PTII/ptolemy/domains/de/test/auto/FSM1.xml
auto.tcl: Setting watchdog for 200 seconds at Fri Jul 31 15:15:53 UTC 2020
44 ms. Memory: 51200K Free: 23387K (46%)
ptolemy.util.test.WatchDog.cancel(): canceling Fri Jul 31 15:15:53 UTC 2020
auto.tcl: Setting watchdog for 200 seconds at Fri Jul 31 15:15:53 UTC 2020
22 ms. Memory: 51200K Free: 20133K (39%)
ptolemy.util.test.WatchDog.cancel(): canceling Fri Jul 31 15:15:53 UTC 2020
------------------ testing $PTII/ptolemy/domains/de/test/auto/FSM7.xml
auto.tcl: Setting watchdog for 200 seconds at Fri Jul 31 15:15:53 UTC 2020
30 ms. Memory: 51200K Free: 23621K (46%)
ptolemy.util.test.WatchDog.cancel(): canceling Fri Jul 31 15:15:53 UTC 2020
auto.tcl: Setting watchdog for 200 seconds at Fri Jul 31 15:15:53 UTC 2020
28 ms. Memory: 51200K Free: 20514K (40%)
ptolemy.util.test.WatchDog.cancel(): canceling Fri Jul 31 15:15:53 UTC 2020
------------------ testing $PTII/ptolemy/domains/de/test/auto/Inspection.xml
auto.tcl: Setting watchdog for 200 seconds at Fri Jul 31 15:15:53 UTC 2020
29 ms. Memory: 51200K Free: 23647K (46%)
ptolemy.util.test.WatchDog.cancel(): canceling Fri Jul 31 15:15:53 UTC 2020
auto.tcl: Setting watchdog for 200 seconds at Fri Jul 31 15:15:53 UTC 2020
23 ms. Memory: 51200K Free: 21958K (43%)
ptolemy.util.test.WatchDog.cancel(): canceling Fri Jul 31 15:15:53 UTC 2020
------------------ testing $PTII/ptolemy/domains/de/test/auto/Iteration.xml
auto.tcl: Setting watchdog for 200 seconds at Fri Jul 31 15:15:53 UTC 2020
9 ms. Memory: 51200K Free: 29184K (57%)
ptolemy.util.test.WatchDog.cancel(): canceling Fri Jul 31 15:15:53 UTC 2020
auto.tcl: Setting watchdog for 200 seconds at Fri Jul 31 15:15:53 UTC 2020
7 ms. Memory: 51200K Free: 27994K (55%)
ptolemy.util.test.WatchDog.cancel(): canceling Fri Jul 31 15:15:53 UTC 2020
------------------ testing $PTII/ptolemy/domains/de/test/auto/LineFault.xml
auto.tcl: Setting watchdog for 200 seconds at Fri Jul 31 15:15:53 UTC 2020
546 ms. Memory: 61440K Free: 41409K (67%)
ptolemy.util.test.WatchDog.cancel(): canceling Fri Jul 31 15:15:54 UTC 2020
auto.tcl: Setting watchdog for 200 seconds at Fri Jul 31 15:15:54 UTC 2020
506 ms. Memory: 61440K Free: 16336K (27%)
ptolemy.util.test.WatchDog.cancel(): canceling Fri Jul 31 15:15:55 UTC 2020
------------------ testing $PTII/ptolemy/domains/de/test/auto/MergeModel1Add.xml
auto.tcl: Setting watchdog for 200 seconds at Fri Jul 31 15:15:55 UTC 2020
15 ms. Memory: 55296K Free: 19490K (35%)
ptolemy.util.test.WatchDog.cancel(): canceling Fri Jul 31 15:15:55 UTC 2020
auto.tcl: Setting watchdog for 200 seconds at Fri Jul 31 15:15:55 UTC 2020
17 ms. Memory: 55296K Free: 17769K (32%)
ptolemy.util.test.WatchDog.cancel(): canceling Fri Jul 31 15:15:55 UTC 2020
------------------ testing $PTII/ptolemy/domains/de/test/auto/MergeModel2Add.xml
auto.tcl: Setting watchdog for 200 seconds at Fri Jul 31 15:15:55 UTC 2020
8 ms. Memory: 51200K Free: 17433K (34%)
ptolemy.util.test.WatchDog.cancel(): canceling Fri Jul 31 15:15:55 UTC 2020
auto.tcl: Setting watchdog for 200 seconds at Fri Jul 31 15:15:55 UTC 2020
6 ms. Memory: 51200K Free: 15486K (30%)
ptolemy.util.test.WatchDog.cancel(): canceling Fri Jul 31 15:15:55 UTC 2020
------------------ testing $PTII/ptolemy/domains/de/test/auto/MergeModel3Add.xml
auto.tcl: Setting watchdog for 200 seconds at Fri Jul 31 15:15:55 UTC 2020
9 ms. Memory: 51200K Free: 17462K (34%)
ptolemy.util.test.WatchDog.cancel(): canceling Fri Jul 31 15:15:55 UTC 2020
auto.tcl: Setting watchdog for 200 seconds at Fri Jul 31 15:15:55 UTC 2020
10 ms. Memory: 51200K Free: 16021K (31%)
ptolemy.util.test.WatchDog.cancel(): canceling Fri Jul 31 15:15:55 UTC 2020
------------------ testing $PTII/ptolemy/domains/de/test/auto/MergeWithoutDiscard.xml
auto.tcl: Setting watchdog for 200 seconds at Fri Jul 31 15:15:55 UTC 2020
1 ms. Memory: 51200K Free: 32353K (63%)
ptolemy.util.test.WatchDog.cancel(): canceling Fri Jul 31 15:15:55 UTC 2020
auto.tcl: Setting watchdog for 200 seconds at Fri Jul 31 15:15:55 UTC 2020
2 ms. Memory: 51200K Free: 31885K (62%)
ptolemy.util.test.WatchDog.cancel(): canceling Fri Jul 31 15:15:55 UTC 2020
------------------ testing $PTII/ptolemy/domains/de/test/auto/Modal1.xml
auto.tcl: Setting watchdog for 200 seconds at Fri Jul 31 15:15:55 UTC 2020
18 ms. Memory: 51200K Free: 23927K (47%)
ptolemy.util.test.WatchDog.cancel(): canceling Fri Jul 31 15:15:55 UTC 2020
auto.tcl: Setting watchdog for 200 seconds at Fri Jul 31 15:15:55 UTC 2020
25 ms. Memory: 51200K Free: 20375K (40%)
ptolemy.util.test.WatchDog.cancel(): canceling Fri Jul 31 15:15:55 UTC 2020
------------------ testing $PTII/ptolemy/domains/de/test/auto/Modal2.xml
auto.tcl: Setting watchdog for 200 seconds at Fri Jul 31 15:15:55 UTC 2020
17 ms. Memory: 51200K Free: 24348K (48%)
ptolemy.util.test.WatchDog.cancel(): canceling Fri Jul 31 15:15:55 UTC 2020
auto.tcl: Setting watchdog for 200 seconds at Fri Jul 31 15:15:55 UTC 2020
20 ms. Memory: 51200K Free: 20836K (41%)
ptolemy.util.test.WatchDog.cancel(): canceling Fri Jul 31 15:15:55 UTC 2020
------------------ testing $PTII/ptolemy/domains/de/test/auto/Modal3.xml
auto.tcl: Setting watchdog for 200 seconds at Fri Jul 31 15:15:55 UTC 2020
10 ms. Memory: 51200K Free: 24041K (47%)
ptolemy.util.test.WatchDog.cancel(): canceling Fri Jul 31 15:15:55 UTC 2020
auto.tcl: Setting watchdog for 200 seconds at Fri Jul 31 15:15:55 UTC 2020
12 ms. Memory: 51200K Free: 20393K (40%)
ptolemy.util.test.WatchDog.cancel(): canceling Fri Jul 31 15:15:55 UTC 2020
------------------ testing $PTII/ptolemy/domains/de/test/auto/Modal4.xml
auto.tcl: Setting watchdog for 200 seconds at Fri Jul 31 15:15:55 UTC 2020
13 ms. Memory: 51200K Free: 23027K (45%)
ptolemy.util.test.WatchDog.cancel(): canceling Fri Jul 31 15:15:55 UTC 2020
auto.tcl: Setting watchdog for 200 seconds at Fri Jul 31 15:15:55 UTC 2020
13 ms. Memory: 51200K Free: 19345K (38%)
ptolemy.util.test.WatchDog.cancel(): canceling Fri Jul 31 15:15:55 UTC 2020
------------------ testing $PTII/ptolemy/domains/de/test/auto/Modal5.xml
auto.tcl: Setting watchdog for 200 seconds at Fri Jul 31 15:15:55 UTC 2020
15 ms. Memory: 51200K Free: 23028K (45%)
ptolemy.util.test.WatchDog.cancel(): canceling Fri Jul 31 15:15:56 UTC 2020
auto.tcl: Setting watchdog for 200 seconds at Fri Jul 31 15:15:56 UTC 2020
14 ms. Memory: 51200K Free: 19380K (38%)
ptolemy.util.test.WatchDog.cancel(): canceling Fri Jul 31 15:15:56 UTC 2020
------------------ testing $PTII/ptolemy/domains/de/test/auto/Modal6.xml
auto.tcl: Setting watchdog for 200 seconds at Fri Jul 31 15:15:56 UTC 2020
17 ms. Memory: 51200K Free: 23740K (46%)
ptolemy.util.test.WatchDog.cancel(): canceling Fri Jul 31 15:15:56 UTC 2020
auto.tcl: Setting watchdog for 200 seconds at Fri Jul 31 15:15:56 UTC 2020
21 ms. Memory: 51200K Free: 19791K (39%)
ptolemy.util.test.WatchDog.cancel(): canceling Fri Jul 31 15:15:56 UTC 2020
------------------ testing $PTII/ptolemy/domains/de/test/auto/Modal7.xml
auto.tcl: Setting watchdog for 200 seconds at Fri Jul 31 15:15:56 UTC 2020
15 ms. Memory: 51200K Free: 22785K (45%)
ptolemy.util.test.WatchDog.cancel(): canceling Fri Jul 31 15:15:56 UTC 2020
auto.tcl: Setting watchdog for 200 seconds at Fri Jul 31 15:15:56 UTC 2020
11 ms. Memory: 51200K Free: 19398K (38%)
ptolemy.util.test.WatchDog.cancel(): canceling Fri Jul 31 15:15:56 UTC 2020
------------------ testing $PTII/ptolemy/domains/de/test/auto/ModalModel.xml
auto.tcl: Setting watchdog for 200 seconds at Fri Jul 31 15:15:56 UTC 2020
204 ms. Memory: 51200K Free: 20047K (39%)
ptolemy.util.test.WatchDog.cancel(): canceling Fri Jul 31 15:15:56 UTC 2020
auto.tcl: Setting watchdog for 200 seconds at Fri Jul 31 15:15:56 UTC 2020
200 ms. Memory: 51200K Free: 15838K (31%)
ptolemy.util.test.WatchDog.cancel(): canceling Fri Jul 31 15:15:56 UTC 2020
------------------ testing $PTII/ptolemy/domains/de/test/auto/ModalSource.xml
auto.tcl: Setting watchdog for 200 seconds at Fri Jul 31 15:15:56 UTC 2020
7 ms. Memory: 51200K Free: 27883K (54%)
ptolemy.util.test.WatchDog.cancel(): canceling Fri Jul 31 15:15:56 UTC 2020
auto.tcl: Setting watchdog for 200 seconds at Fri Jul 31 15:15:56 UTC 2020
6 ms. Memory: 51200K Free: 25835K (50%)
ptolemy.util.test.WatchDog.cancel(): canceling Fri Jul 31 15:15:56 UTC 2020
------------------ testing $PTII/ptolemy/domains/de/test/auto/NonInterruptibleTimerZeroDelay.xml
auto.tcl: Setting watchdog for 200 seconds at Fri Jul 31 15:15:56 UTC 2020
3 ms. Memory: 51200K Free: 32765K (64%)
ptolemy.util.test.WatchDog.cancel(): canceling Fri Jul 31 15:15:56 UTC 2020
auto.tcl: Setting watchdog for 200 seconds at Fri Jul 31 15:15:56 UTC 2020
2 ms. Memory: 51200K Free: 32133K (63%)
ptolemy.util.test.WatchDog.cancel(): canceling Fri Jul 31 15:15:56 UTC 2020
------------------ testing $PTII/ptolemy/domains/de/test/auto/OpenQueueingNetwork.xml
auto.tcl: Setting watchdog for 200 seconds at Fri Jul 31 15:15:56 UTC 2020
2608 ms. Memory: 97280K Free: 45709K (47%)
ptolemy.util.test.WatchDog.cancel(): canceling Fri Jul 31 15:15:59 UTC 2020
auto.tcl: Setting watchdog for 200 seconds at Fri Jul 31 15:15:59 UTC 2020
2193 ms. Memory: 140288K Free: 106122K (76%)
ptolemy.util.test.WatchDog.cancel(): canceling Fri Jul 31 15:16:01 UTC 2020
------------------ testing $PTII/ptolemy/domains/de/test/auto/OpenQueuingNetwork.xml
auto.tcl: Setting watchdog for 200 seconds at Fri Jul 31 15:16:02 UTC 2020
242 ms. Memory: 55296K Free: 25511K (46%)
ptolemy.util.test.WatchDog.cancel(): canceling Fri Jul 31 15:16:02 UTC 2020
auto.tcl: Setting watchdog for 200 seconds at Fri Jul 31 15:16:02 UTC 2020
219 ms. Memory: 55296K Free: 34990K (63%)
ptolemy.util.test.WatchDog.cancel(): canceling Fri Jul 31 15:16:02 UTC 2020
------------------ testing $PTII/ptolemy/domains/de/test/auto/PeriodicSampler.xml
auto.tcl: Setting watchdog for 200 seconds at Fri Jul 31 15:16:02 UTC 2020
3 ms. Memory: 55296K Free: 36114K (65%)
ptolemy.util.test.WatchDog.cancel(): canceling Fri Jul 31 15:16:02 UTC 2020
auto.tcl: Setting watchdog for 200 seconds at Fri Jul 31 15:16:02 UTC 2020
2 ms. Memory: 55296K Free: 35594K (64%)
ptolemy.util.test.WatchDog.cancel(): canceling Fri Jul 31 15:16:02 UTC 2020
------------------ testing $PTII/ptolemy/domains/de/test/auto/PersistentIO.xml
auto.tcl: Setting watchdog for 200 seconds at Fri Jul 31 15:16:02 UTC 2020
14 ms. Memory: 55296K Free: 31023K (56%)
ptolemy.util.test.WatchDog.cancel(): canceling Fri Jul 31 15:16:02 UTC 2020
auto.tcl: Setting watchdog for 200 seconds at Fri Jul 31 15:16:02 UTC 2020
4 ms. Memory: 55296K Free: 29520K (53%)
ptolemy.util.test.WatchDog.cancel(): canceling Fri Jul 31 15:16:02 UTC 2020
------------------ testing $PTII/ptolemy/domains/de/test/auto/PortParameterResetOnInitialize.xml
auto.tcl: Setting watchdog for 200 seconds at Fri Jul 31 15:16:02 UTC 2020
2 ms. Memory: 51200K Free: 31914K (62%)
ptolemy.util.test.WatchDog.cancel(): canceling Fri Jul 31 15:16:02 UTC 2020
auto.tcl: Setting watchdog for 200 seconds at Fri Jul 31 15:16:02 UTC 2020
2 ms. Memory: 51200K Free: 31431K (61%)
ptolemy.util.test.WatchDog.cancel(): canceling Fri Jul 31 15:16:02 UTC 2020
------------------ testing $PTII/ptolemy/domains/de/test/auto/PortParameterUpdates.xml
auto.tcl: Setting watchdog for 200 seconds at Fri Jul 31 15:16:02 UTC 2020
5 ms. Memory: 51200K Free: 30025K (59%)
ptolemy.util.test.WatchDog.cancel(): canceling Fri Jul 31 15:16:02 UTC 2020
auto.tcl: Setting watchdog for 200 seconds at Fri Jul 31 15:16:02 UTC 2020
6 ms. Memory: 51200K Free: 28996K (57%)
ptolemy.util.test.WatchDog.cancel(): canceling Fri Jul 31 15:16:02 UTC 2020
------------------ testing $PTII/ptolemy/domains/de/test/auto/QueueAndServer.xml
auto.tcl: Setting watchdog for 200 seconds at Fri Jul 31 15:16:02 UTC 2020
13 ms. Memory: 51200K Free: 28903K (56%)
ptolemy.util.test.WatchDog.cancel(): canceling Fri Jul 31 15:16:02 UTC 2020
auto.tcl: Setting watchdog for 200 seconds at Fri Jul 31 15:16:02 UTC 2020
8 ms. Memory: 51200K Free: 27466K (54%)
ptolemy.util.test.WatchDog.cancel(): canceling Fri Jul 31 15:16:02 UTC 2020
------------------ testing $PTII/ptolemy/domains/de/test/auto/Records.xml
auto.tcl: Setting watchdog for 200 seconds at Fri Jul 31 15:16:02 UTC 2020
4 ms. Memory: 51200K Free: 31183K (61%)
ptolemy.util.test.WatchDog.cancel(): canceling Fri Jul 31 15:16:02 UTC 2020
auto.tcl: Setting watchdog for 200 seconds at Fri Jul 31 15:16:02 UTC 2020
2 ms. Memory: 51200K Free: 30671K (60%)
ptolemy.util.test.WatchDog.cancel(): canceling Fri Jul 31 15:16:02 UTC 2020
------------------ testing $PTII/ptolemy/domains/de/test/auto/ResetTransitionWithStartTime1.xml
auto.tcl: Setting watchdog for 200 seconds at Fri Jul 31 15:16:03 UTC 2020
12 ms. Memory: 51200K Free: 28427K (56%)
ptolemy.util.test.WatchDog.cancel(): canceling Fri Jul 31 15:16:03 UTC 2020
auto.tcl: Setting watchdog for 200 seconds at Fri Jul 31 15:16:03 UTC 2020
8 ms. Memory: 51200K Free: 26415K (52%)
ptolemy.util.test.WatchDog.cancel(): canceling Fri Jul 31 15:16:03 UTC 2020
------------------ testing $PTII/ptolemy/domains/de/test/auto/ResetTransitionWithStartTime2.xml
auto.tcl: Setting watchdog for 200 seconds at Fri Jul 31 15:16:03 UTC 2020
5 ms. Memory: 51200K Free: 28382K (55%)
ptolemy.util.test.WatchDog.cancel(): canceling Fri Jul 31 15:16:03 UTC 2020
auto.tcl: Setting watchdog for 200 seconds at Fri Jul 31 15:16:03 UTC 2020
6 ms. Memory: 51200K Free: 25825K (50%)
ptolemy.util.test.WatchDog.cancel(): canceling Fri Jul 31 15:16:03 UTC 2020
------------------ testing $PTII/ptolemy/domains/de/test/auto/ResetTransitionWithStartTime3.xml
auto.tcl: Setting watchdog for 200 seconds at Fri Jul 31 15:16:03 UTC 2020
9 ms. Memory: 51200K Free: 28381K (55%)
ptolemy.util.test.WatchDog.cancel(): canceling Fri Jul 31 15:16:03 UTC 2020
auto.tcl: Setting watchdog for 200 seconds at Fri Jul 31 15:16:03 UTC 2020
8 ms. Memory: 51200K Free: 26369K (52%)
ptolemy.util.test.WatchDog.cancel(): canceling Fri Jul 31 15:16:03 UTC 2020
------------------ testing $PTII/ptolemy/domains/de/test/auto/ResetTransitionWithStartTime4.xml
auto.tcl: Setting watchdog for 200 seconds at Fri Jul 31 15:16:03 UTC 2020
9 ms. Memory: 51200K Free: 28798K (56%)
ptolemy.util.test.WatchDog.cancel(): canceling Fri Jul 31 15:16:03 UTC 2020
auto.tcl: Setting watchdog for 200 seconds at Fri Jul 31 15:16:03 UTC 2020
4 ms. Memory: 51200K Free: 27368K (53%)
ptolemy.util.test.WatchDog.cancel(): canceling Fri Jul 31 15:16:03 UTC 2020
------------------ testing $PTII/ptolemy/domains/de/test/auto/ResettableTimer1.xml
auto.tcl: Setting watchdog for 200 seconds at Fri Jul 31 15:16:03 UTC 2020
4 ms. Memory: 51200K Free: 32594K (64%)
ptolemy.util.test.WatchDog.cancel(): canceling Fri Jul 31 15:16:03 UTC 2020
auto.tcl: Setting watchdog for 200 seconds at Fri Jul 31 15:16:03 UTC 2020
2 ms. Memory: 51200K Free: 31939K (62%)
ptolemy.util.test.WatchDog.cancel(): canceling Fri Jul 31 15:16:03 UTC 2020
------------------ testing $PTII/ptolemy/domains/de/test/auto/ResettableTimer2.xml
auto.tcl: Setting watchdog for 200 seconds at Fri Jul 31 15:16:03 UTC 2020
2 ms. Memory: 51200K Free: 32652K (64%)
ptolemy.util.test.WatchDog.cancel(): canceling Fri Jul 31 15:16:03 UTC 2020
auto.tcl: Setting watchdog for 200 seconds at Fri Jul 31 15:16:03 UTC 2020
4 ms. Memory: 51200K Free: 32019K (63%)
ptolemy.util.test.WatchDog.cancel(): canceling Fri Jul 31 15:16:03 UTC 2020
------------------ testing $PTII/ptolemy/domains/de/test/auto/ResettableTimer3.xml
auto.tcl: Setting watchdog for 200 seconds at Fri Jul 31 15:16:03 UTC 2020
1 ms. Memory: 51200K Free: 32517K (64%)
ptolemy.util.test.WatchDog.cancel(): canceling Fri Jul 31 15:16:03 UTC 2020
auto.tcl: Setting watchdog for 200 seconds at Fri Jul 31 15:16:03 UTC 2020
1 ms. Memory: 51200K Free: 32517K (64%)
ptolemy.util.test.WatchDog.cancel(): canceling Fri Jul 31 15:16:03 UTC 2020
------------------ testing $PTII/ptolemy/domains/de/test/auto/ResettableTimer4.xml
auto.tcl: Setting watchdog for 200 seconds at Fri Jul 31 15:16:03 UTC 2020
1 ms. Memory: 51200K Free: 32527K (64%)
ptolemy.util.test.WatchDog.cancel(): canceling Fri Jul 31 15:16:03 UTC 2020
auto.tcl: Setting watchdog for 200 seconds at Fri Jul 31 15:16:03 UTC 2020
1 ms. Memory: 51200K Free: 32032K (63%)
ptolemy.util.test.WatchDog.cancel(): canceling Fri Jul 31 15:16:03 UTC 2020
------------------ testing $PTII/ptolemy/domains/de/test/auto/ResettableTimer5.xml
auto.tcl: Setting watchdog for 200 seconds at Fri Jul 31 15:16:03 UTC 2020
2 ms. Memory: 51200K Free: 31997K (62%)
ptolemy.util.test.WatchDog.cancel(): canceling Fri Jul 31 15:16:03 UTC 2020
auto.tcl: Setting watchdog for 200 seconds at Fri Jul 31 15:16:03 UTC 2020
1 ms. Memory: 51200K Free: 31504K (62%)
ptolemy.util.test.WatchDog.cancel(): canceling Fri Jul 31 15:16:03 UTC 2020
------------------ testing $PTII/ptolemy/domains/de/test/auto/ResettableTimer6.xml
auto.tcl: Setting watchdog for 200 seconds at Fri Jul 31 15:16:03 UTC 2020
2 ms. Memory: 51200K Free: 31996K (62%)
ptolemy.util.test.WatchDog.cancel(): canceling Fri Jul 31 15:16:03 UTC 2020
auto.tcl: Setting watchdog for 200 seconds at Fri Jul 31 15:16:03 UTC 2020
2 ms. Memory: 51200K Free: 31503K (62%)
ptolemy.util.test.WatchDog.cancel(): canceling Fri Jul 31 15:16:03 UTC 2020
------------------ testing $PTII/ptolemy/domains/de/test/auto/ServerZeroDelay.xml
auto.tcl: Setting watchdog for 200 seconds at Fri Jul 31 15:16:03 UTC 2020
2 ms. Memory: 51200K Free: 32508K (63%)
ptolemy.util.test.WatchDog.cancel(): canceling Fri Jul 31 15:16:03 UTC 2020
auto.tcl: Setting watchdog for 200 seconds at Fri Jul 31 15:16:03 UTC 2020
2 ms. Memory: 51200K Free: 31490K (62%)
ptolemy.util.test.WatchDog.cancel(): canceling Fri Jul 31 15:16:03 UTC 2020
------------------ testing $PTII/ptolemy/domains/de/test/auto/SmartSender.xml
auto.tcl: Setting watchdog for 200 seconds at Fri Jul 31 15:16:03 UTC 2020
3001 ms. Memory: 51200K Free: 32501K (63%)
ptolemy.util.test.WatchDog.cancel(): canceling Fri Jul 31 15:16:06 UTC 2020
auto.tcl: Setting watchdog for 200 seconds at Fri Jul 31 15:16:06 UTC 2020
3001 ms. Memory: 51200K Free: 32006K (63%)
ptolemy.util.test.WatchDog.cancel(): canceling Fri Jul 31 15:16:09 UTC 2020
------------------ testing $PTII/ptolemy/domains/de/test/auto/ThreadedComposite.xml
auto.tcl: Setting watchdog for 200 seconds at Fri Jul 31 15:16:09 UTC 2020
191 ms. Memory: 51200K Free: 13570K (27%)
ptolemy.util.test.WatchDog.cancel(): canceling Fri Jul 31 15:16:10 UTC 2020
auto.tcl: Setting watchdog for 200 seconds at Fri Jul 31 15:16:10 UTC 2020
153 ms. Memory: 51200K Free: 27740K (54%)
ptolemy.util.test.WatchDog.cancel(): canceling Fri Jul 31 15:16:10 UTC 2020
------------------ testing $PTII/ptolemy/domains/de/test/auto/Time.xml
auto.tcl: Setting watchdog for 200 seconds at Fri Jul 31 15:16:10 UTC 2020
469 ms. Memory: 51200K Free: 10808K (21%)
ptolemy.util.test.WatchDog.cancel(): canceling Fri Jul 31 15:16:10 UTC 2020
auto.tcl: Setting watchdog for 200 seconds at Fri Jul 31 15:16:10 UTC 2020
452 ms. Memory: 51200K Free: 18436K (36%)
ptolemy.util.test.WatchDog.cancel(): canceling Fri Jul 31 15:16:11 UTC 2020
------------------ testing $PTII/ptolemy/domains/de/test/auto/TimeDelayZeroDelay.xml
auto.tcl: Setting watchdog for 200 seconds at Fri Jul 31 15:16:11 UTC 2020
3 ms. Memory: 51200K Free: 32431K (63%)
ptolemy.util.test.WatchDog.cancel(): canceling Fri Jul 31 15:16:11 UTC 2020
auto.tcl: Setting watchdog for 200 seconds at Fri Jul 31 15:16:11 UTC 2020
2 ms. Memory: 51200K Free: 31583K (62%)
ptolemy.util.test.WatchDog.cancel(): canceling Fri Jul 31 15:16:11 UTC 2020
------------------ testing $PTII/ptolemy/domains/de/test/auto/TimerZeroDelay.xml
auto.tcl: Setting watchdog for 200 seconds at Fri Jul 31 15:16:11 UTC 2020
3 ms. Memory: 51200K Free: 32851K (64%)
ptolemy.util.test.WatchDog.cancel(): canceling Fri Jul 31 15:16:11 UTC 2020
auto.tcl: Setting watchdog for 200 seconds at Fri Jul 31 15:16:11 UTC 2020
2 ms. Memory: 51200K Free: 32056K (63%)
ptolemy.util.test.WatchDog.cancel(): canceling Fri Jul 31 15:16:11 UTC 2020
------------------ testing $PTII/ptolemy/domains/de/test/auto/TimingParadox.xml
auto.tcl: Setting watchdog for 200 seconds at Fri Jul 31 15:16:11 UTC 2020
303 ms. Memory: 65536K Free: 43511K (66%)
ptolemy.util.test.WatchDog.cancel(): canceling Fri Jul 31 15:16:11 UTC 2020
auto.tcl: Setting watchdog for 200 seconds at Fri Jul 31 15:16:11 UTC 2020
269 ms. Memory: 65536K Free: 44078K (67%)
ptolemy.util.test.WatchDog.cancel(): canceling Fri Jul 31 15:16:12 UTC 2020
------------------ testing $PTII/ptolemy/domains/de/test/auto/TransferInputs.xml
auto.tcl: Setting watchdog for 200 seconds at Fri Jul 31 15:16:12 UTC 2020
2 ms. Memory: 55296K Free: 35035K (63%)
ptolemy.util.test.WatchDog.cancel(): canceling Fri Jul 31 15:16:12 UTC 2020
auto.tcl: Setting watchdog for 200 seconds at Fri Jul 31 15:16:12 UTC 2020
2 ms. Memory: 55296K Free: 34124K (62%)
ptolemy.util.test.WatchDog.cancel(): canceling Fri Jul 31 15:16:12 UTC 2020
------------------ testing $PTII/ptolemy/domains/de/test/auto/TransferOutputs2.xml
auto.tcl: Setting watchdog for 200 seconds at Fri Jul 31 15:16:12 UTC 2020
9 ms. Memory: 51200K Free: 28381K (55%)
ptolemy.util.test.WatchDog.cancel(): canceling Fri Jul 31 15:16:12 UTC 2020
auto.tcl: Setting watchdog for 200 seconds at Fri Jul 31 15:16:12 UTC 2020
3 ms. Memory: 51200K Free: 26970K (53%)
ptolemy.util.test.WatchDog.cancel(): canceling Fri Jul 31 15:16:12 UTC 2020
------------------ testing $PTII/ptolemy/domains/de/test/auto/Trilateration.xml
auto.tcl: Setting watchdog for 200 seconds at Fri Jul 31 15:16:12 UTC 2020
12349 ms. Memory: 428032K Free: 219684K (51%)
ptolemy.util.test.WatchDog.cancel(): canceling Fri Jul 31 15:16:25 UTC 2020
auto.tcl: Setting watchdog for 200 seconds at Fri Jul 31 15:16:25 UTC 2020
9650 ms. Memory: 428032K Free: 378734K (88%)
ptolemy.util.test.WatchDog.cancel(): canceling Fri Jul 31 15:16:35 UTC 2020
------------------ testing $PTII/ptolemy/domains/de/test/auto/TwoSigmaDelta.xml
auto.tcl: Setting watchdog for 200 seconds at Fri Jul 31 15:16:35 UTC 2020
2193 ms. Memory: 92160K Free: 28555K (31%)
ptolemy.util.test.WatchDog.cancel(): canceling Fri Jul 31 15:16:37 UTC 2020
auto.tcl: Setting watchdog for 200 seconds at Fri Jul 31 15:16:37 UTC 2020
1623 ms. Memory: 92160K Free: 32161K (35%)
ptolemy.util.test.WatchDog.cancel(): canceling Fri Jul 31 15:16:39 UTC 2020
------------------ testing $PTII/ptolemy/domains/de/test/auto/VariableDelay.xml
auto.tcl: Setting watchdog for 200 seconds at Fri Jul 31 15:16:39 UTC 2020
6 ms. Memory: 55296K Free: 35534K (64%)
ptolemy.util.test.WatchDog.cancel(): canceling Fri Jul 31 15:16:39 UTC 2020
auto.tcl: Setting watchdog for 200 seconds at Fri Jul 31 15:16:39 UTC 2020
2 ms. Memory: 55296K Free: 34518K (62%)
ptolemy.util.test.WatchDog.cancel(): canceling Fri Jul 31 15:16:39 UTC 2020
------------------ testing $PTII/ptolemy/domains/de/test/auto/VariableDelay2.xml
auto.tcl: Setting watchdog for 200 seconds at Fri Jul 31 15:16:39 UTC 2020
3 ms. Memory: 55296K Free: 36119K (65%)
ptolemy.util.test.WatchDog.cancel(): canceling Fri Jul 31 15:16:39 UTC 2020
auto.tcl: Setting watchdog for 200 seconds at Fri Jul 31 15:16:39 UTC 2020
2 ms. Memory: 55296K Free: 35607K (64%)
ptolemy.util.test.WatchDog.cancel(): canceling Fri Jul 31 15:16:39 UTC 2020
------------------ testing $PTII/ptolemy/domains/de/test/auto/VariableDelayZeroDelay.xml
auto.tcl: Setting watchdog for 200 seconds at Fri Jul 31 15:16:39 UTC 2020
10 ms. Memory: 51200K Free: 32363K (63%)
ptolemy.util.test.WatchDog.cancel(): canceling Fri Jul 31 15:16:39 UTC 2020
auto.tcl: Setting watchdog for 200 seconds at Fri Jul 31 15:16:39 UTC 2020
2 ms. Memory: 51200K Free: 31835K (62%)
ptolemy.util.test.WatchDog.cancel(): canceling Fri Jul 31 15:16:39 UTC 2020
------------------ testing $PTII/ptolemy/domains/de/test/auto/VariableDelayZeroDelay2.xml
auto.tcl: Setting watchdog for 200 seconds at Fri Jul 31 15:16:39 UTC 2020
3 ms. Memory: 51200K Free: 32436K (63%)
ptolemy.util.test.WatchDog.cancel(): canceling Fri Jul 31 15:16:39 UTC 2020
auto.tcl: Setting watchdog for 200 seconds at Fri Jul 31 15:16:39 UTC 2020
2 ms. Memory: 51200K Free: 31337K (61%)
ptolemy.util.test.WatchDog.cancel(): canceling Fri Jul 31 15:16:39 UTC 2020
------------------ testing $PTII/ptolemy/domains/de/test/auto/deInCt.xml
auto.tcl: Setting watchdog for 200 seconds at Fri Jul 31 15:16:39 UTC 2020
0
1
1
1
1
0
0
0
0
1
1
1
0
0
0
1
1
1
1
0
0
0
0
1
1
1
0
0
0
1
1
0
0
0
1
1
1
0
0
0
13 ms. Memory: 51200K Free: 31335K (61%)
ptolemy.util.test.WatchDog.cancel(): canceling Fri Jul 31 15:16:39 UTC 2020
auto.tcl: Setting watchdog for 200 seconds at Fri Jul 31 15:16:39 UTC 2020
0
1
1
1
1
1
0
0
0
1
1
0
0
0
0
0
1
1
1
0
0
0
0
0
1
1
1
1
5 ms. Memory: 51200K Free: 29805K (58%)
ptolemy.util.test.WatchDog.cancel(): canceling Fri Jul 31 15:16:39 UTC 2020
------------------ testing $PTII/ptolemy/domains/de/test/auto/deInCt2.xml
auto.tcl: Setting watchdog for 200 seconds at Fri Jul 31 15:16:39 UTC 2020
0
1
1
1
0
0
1
1
1
0
0
1
1
1
0
0
1
1
1
0
0
1
1
1
0
0
1
1
1
0
0
1
1
1
0
0
1
1
1
0
0
0
14 ms. Memory: 51200K Free: 31336K (61%)
ptolemy.util.test.WatchDog.cancel(): canceling Fri Jul 31 15:16:39 UTC 2020
auto.tcl: Setting watchdog for 200 seconds at Fri Jul 31 15:16:39 UTC 2020
0
1
1
1
0
0
1
1
1
0
0
1
1
1
0
0
1
1
1
0
0
1
1
1
0
0
1
1
1
0
0
1
1
1
0
0
1
1
1
0
0
0
8 ms. Memory: 51200K Free: 29806K (58%)
ptolemy.util.test.WatchDog.cancel(): canceling Fri Jul 31 15:16:39 UTC 2020
------------------ testing $PTII/ptolemy/domains/de/test/auto/dynamicCausalityInterface1.xml
auto.tcl: Setting watchdog for 200 seconds at Fri Jul 31 15:16:39 UTC 2020
2 ms. Memory: 51200K Free: 27234K (53%)
ptolemy.util.test.WatchDog.cancel(): canceling Fri Jul 31 15:16:39 UTC 2020
auto.tcl: Setting watchdog for 200 seconds at Fri Jul 31 15:16:39 UTC 2020
1 ms. Memory: 51200K Free: 26728K (52%)
ptolemy.util.test.WatchDog.cancel(): canceling Fri Jul 31 15:16:39 UTC 2020
------------------ testing $PTII/ptolemy/domains/de/test/auto/fsm_de_test.xml
auto.tcl: Setting watchdog for 200 seconds at Fri Jul 31 15:16:39 UTC 2020
9 ms. Memory: 51200K Free: 27133K (53%)
ptolemy.util.test.WatchDog.cancel(): canceling Fri Jul 31 15:16:39 UTC 2020
auto.tcl: Setting watchdog for 200 seconds at Fri Jul 31 15:16:39 UTC 2020
7 ms. Memory: 51200K Free: 25085K (49%)
ptolemy.util.test.WatchDog.cancel(): canceling Fri Jul 31 15:16:39 UTC 2020
------------------ testing $PTII/ptolemy/domains/de/test/auto/functionDependencyReconstruction.xml
auto.tcl: Setting watchdog for 200 seconds at Fri Jul 31 15:16:40 UTC 2020
3 ms. Memory: 51200K Free: 21116K (41%)
ptolemy.util.test.WatchDog.cancel(): canceling Fri Jul 31 15:16:40 UTC 2020
auto.tcl: Setting watchdog for 200 seconds at Fri Jul 31 15:16:40 UTC 2020
3 ms. Memory: 51200K Free: 18931K (37%)
ptolemy.util.test.WatchDog.cancel(): canceling Fri Jul 31 15:16:40 UTC 2020
------------------ testing $PTII/ptolemy/domains/de/test/auto/multirate.xml
auto.tcl: Setting watchdog for 200 seconds at Fri Jul 31 15:16:40 UTC 2020
3 ms. Memory: 51200K Free: 29774K (58%)
ptolemy.util.test.WatchDog.cancel(): canceling Fri Jul 31 15:16:40 UTC 2020
auto.tcl: Setting watchdog for 200 seconds at Fri Jul 31 15:16:40 UTC 2020
4 ms. Memory: 51200K Free: 28038K (55%)
ptolemy.util.test.WatchDog.cancel(): canceling Fri Jul 31 15:16:40 UTC 2020
------------------ testing $PTII/ptolemy/domains/de/test/auto/multirate2.xml
auto.tcl: Setting watchdog for 200 seconds at Fri Jul 31 15:16:40 UTC 2020
3 ms. Memory: 51200K Free: 29730K (58%)
ptolemy.util.test.WatchDog.cancel(): canceling Fri Jul 31 15:16:40 UTC 2020
auto.tcl: Setting watchdog for 200 seconds at Fri Jul 31 15:16:40 UTC 2020
3 ms. Memory: 51200K Free: 28217K (55%)
ptolemy.util.test.WatchDog.cancel(): canceling Fri Jul 31 15:16:40 UTC 2020
------------------ testing $PTII/ptolemy/domains/de/test/auto/realtime.xml
auto.tcl: Setting watchdog for 200 seconds at Fri Jul 31 15:16:40 UTC 2020
10001 ms. Memory: 51200K Free: 31986K (62%)
ptolemy.util.test.WatchDog.cancel(): canceling Fri Jul 31 15:16:50 UTC 2020
auto.tcl: Setting watchdog for 200 seconds at Fri Jul 31 15:16:50 UTC 2020
10001 ms. Memory: 51200K Free: 31281K (61%)
ptolemy.util.test.WatchDog.cancel(): canceling Fri Jul 31 15:17:00 UTC 2020
------------------ testing $PTII/ptolemy/domains/de/test/auto/relationGroup.xml
auto.tcl: Setting watchdog for 200 seconds at Fri Jul 31 15:17:00 UTC 2020
2 ms. Memory: 51200K Free: 33093K (65%)
ptolemy.util.test.WatchDog.cancel(): canceling Fri Jul 31 15:17:00 UTC 2020
auto.tcl: Setting watchdog for 200 seconds at Fri Jul 31 15:17:00 UTC 2020
2 ms. Memory: 51200K Free: 32358K (63%)
ptolemy.util.test.WatchDog.cancel(): canceling Fri Jul 31 15:17:00 UTC 2020
------------------ testing $PTII/ptolemy/domains/de/test/auto/relationGroup2.xml
auto.tcl: Setting watchdog for 200 seconds at Fri Jul 31 15:17:00 UTC 2020
1 ms. Memory: 51200K Free: 33118K (65%)
ptolemy.util.test.WatchDog.cancel(): canceling Fri Jul 31 15:17:00 UTC 2020
auto.tcl: Setting watchdog for 200 seconds at Fri Jul 31 15:17:00 UTC 2020
1 ms. Memory: 51200K Free: 32606K (64%)
ptolemy.util.test.WatchDog.cancel(): canceling Fri Jul 31 15:17:00 UTC 2020
------------------ testing $PTII/ptolemy/domains/de/test/auto/sortWithOpaquePorts.xml
auto.tcl: Setting watchdog for 200 seconds at Fri Jul 31 15:17:00 UTC 2020
2 ms. Memory: 51200K Free: 31856K (62%)
ptolemy.util.test.WatchDog.cancel(): canceling Fri Jul 31 15:17:00 UTC 2020
auto.tcl: Setting watchdog for 200 seconds at Fri Jul 31 15:17:00 UTC 2020
2 ms. Memory: 51200K Free: 30828K (60%)
ptolemy.util.test.WatchDog.cancel(): canceling Fri Jul 31 15:17:00 UTC 2020
------------------ testing $PTII/ptolemy/domains/de/test/auto/transferInputsandOutputs.xml
auto.tcl: Setting watchdog for 200 seconds at Fri Jul 31 15:17:00 UTC 2020
4 ms. Memory: 51200K Free: 29300K (57%)
ptolemy.util.test.WatchDog.cancel(): canceling Fri Jul 31 15:17:00 UTC 2020
auto.tcl: Setting watchdog for 200 seconds at Fri Jul 31 15:17:00 UTC 2020
2 ms. Memory: 51200K Free: 28276K (55%)
ptolemy.util.test.WatchDog.cancel(): canceling Fri Jul 31 15:17:00 UTC 2020
------------------ testing $PTII/ptolemy/domains/de/test/auto/triggerType.xml
auto.tcl: Setting watchdog for 200 seconds at Fri Jul 31 15:17:00 UTC 2020
1 ms. Memory: 51200K Free: 32324K (63%)
ptolemy.util.test.WatchDog.cancel(): canceling Fri Jul 31 15:17:00 UTC 2020
auto.tcl: Setting watchdog for 200 seconds at Fri Jul 31 15:17:00 UTC 2020
1 ms. Memory: 51200K Free: 31304K (61%)
ptolemy.util.test.WatchDog.cancel(): canceling Fri Jul 31 15:17:00 UTC 2020
07/31/20 03:17:00
Failed: 0  Total Tests: 192  ((Passed: 187, Newly Passed: 1)  Known Failed: 5) /home/travis/build/icyphy/ptII/ptolemy/domains/de/test
07/31/20 03:17:00
Failed: 0  Total Tests: 192  ((Passed: 187, Newly Passed: 1)  Known Failed: 5) /home/travis/build/icyphy/ptII/ptolemy/domains/de/test
----------------- testing (KnownFailure) /home/travis/build/icyphy/ptII/ptolemy/domains/de/test/auto/knownFailedTests/DESDFClockTest.xml
2010 ms. Memory: 51200K Free: 25719K (50%)
Known Failure: java.lang.reflect.InvocationTargetException
----------------- testing (KnownFailure) /home/travis/build/icyphy/ptII/ptolemy/domains/de/test/auto/knownFailedTests/DirectFeedback.xml
2 ms. Memory: 51200K Free: 21623K (42%)
Known Failure: java.lang.reflect.InvocationTargetException
----------------- testing (KnownFailure) /home/travis/build/icyphy/ptII/ptolemy/domains/de/test/auto/knownFailedTests/FSMSource.xml
14 ms. Memory: 51200K Free: 13945K (27%)
----------------- testing (KnownFailure) /home/travis/build/icyphy/ptII/ptolemy/domains/de/test/auto/knownFailedTests/HierarchicalModel.xml
2 ms. Memory: 51200K Free: 26136K (51%)
Known Failure: java.lang.reflect.InvocationTargetException
----------------- testing (KnownFailure) /home/travis/build/icyphy/ptII/ptolemy/domains/de/test/auto/knownFailedTests/dependencyLoop.xml
3 ms. Memory: 51200K Free: 11139K (22%)
Known Failure: java.lang.reflect.InvocationTargetException
----------------- testing (KnownFailure) /home/travis/build/icyphy/ptII/ptolemy/domains/de/test/auto/knownFailedTests/dependencyLoop2.xml
7 ms. Memory: 51200K Free: 23807K (46%)
Known Failure: java.lang.reflect.InvocationTargetException
No auto/linux-amd64/*.xml tests in /home/travis/build/icyphy/ptII/ptolemy/domains/de/test
AutoTests.java: About to close Vertx.
AutoTests.java: Vertx closed.

===========================================================================================
----------------- testing Fri Jul 31 15:17:02 UTC 2020 /home/travis/build/icyphy/ptII/ptolemy/domains/de/test/auto/ActorDepthCalculation_actorWithoutPorts.xml
----------------- Instantiating /home/travis/build/icyphy/ptII/ptolemy/domains/de/test/auto/ActorDepthCalculation_actorWithoutPorts.xml
1 ms. Memory: 51200K Free: 16986K (33%)
----------------- Invoking toplevel() on ptolemy.moml.MoMLSimpleApplication@4c906165
----------------- Done invoking toplevel() on ptolemy.moml.MoMLSimpleApplication@4c906165
reloadAllAccessors: .ActorDepthCalculation_actorWithoutPorts

===========================================================================================
----------------- testing Fri Jul 31 15:17:02 UTC 2020 /home/travis/build/icyphy/ptII/ptolemy/domains/de/test/auto/AssemblyLine.xml
----------------- Instantiating /home/travis/build/icyphy/ptII/ptolemy/domains/de/test/auto/AssemblyLine.xml
3 ms. Memory: 51200K Free: 10072K (20%)
----------------- Invoking toplevel() on ptolemy.moml.MoMLSimpleApplication@450b7f22
----------------- Done invoking toplevel() on ptolemy.moml.MoMLSimpleApplication@450b7f22
reloadAllAccessors: .AssemblyLine

===========================================================================================
----------------- testing Fri Jul 31 15:17:02 UTC 2020 /home/travis/build/icyphy/ptII/ptolemy/domains/de/test/auto/CQBug1.xml
----------------- Instantiating /home/travis/build/icyphy/ptII/ptolemy/domains/de/test/auto/CQBug1.xml
1 ms. Memory: 51200K Free: 34778K (68%)
----------------- Invoking toplevel() on ptolemy.moml.MoMLSimpleApplication@2bcf79e3
----------------- Done invoking toplevel() on ptolemy.moml.MoMLSimpleApplication@2bcf79e3
reloadAllAccessors: .CQBug1

===========================================================================================
----------------- testing Fri Jul 31 15:17:02 UTC 2020 /home/travis/build/icyphy/ptII/ptolemy/domains/de/test/auto/CancelFireAt.xml
----------------- Instantiating /home/travis/build/icyphy/ptII/ptolemy/domains/de/test/auto/CancelFireAt.xml
2 ms. Memory: 51200K Free: 32198K (63%)
----------------- Invoking toplevel() on ptolemy.moml.MoMLSimpleApplication@53df8239
----------------- Done invoking toplevel() on ptolemy.moml.MoMLSimpleApplication@53df8239
reloadAllAccessors: .CancelFireAt

===========================================================================================
----------------- testing Fri Jul 31 15:17:03 UTC 2020 /home/travis/build/icyphy/ptII/ptolemy/domains/de/test/auto/CausalityAndComposabilityAnalysis.xml
----------------- Instantiating /home/travis/build/icyphy/ptII/ptolemy/domains/de/test/auto/CausalityAndComposabilityAnalysis.xml
1 ms. Memory: 51200K Free: 28048K (55%)
----------------- Invoking toplevel() on ptolemy.moml.MoMLSimpleApplication@7897509b
----------------- Done invoking toplevel() on ptolemy.moml.MoMLSimpleApplication@7897509b
reloadAllAccessors: .CausalityAndComposabilityAnalysis

===========================================================================================
----------------- testing Fri Jul 31 15:17:03 UTC 2020 /home/travis/build/icyphy/ptII/ptolemy/domains/de/test/auto/CausalityInterface1.xml
----------------- Instantiating /home/travis/build/icyphy/ptII/ptolemy/domains/de/test/auto/CausalityInterface1.xml
6 ms. Memory: 51200K Free: 22977K (45%)
----------------- Invoking toplevel() on ptolemy.moml.MoMLSimpleApplication@2842a0d1
----------------- Done invoking toplevel() on ptolemy.moml.MoMLSimpleApplication@2842a0d1
reloadAllAccessors: .CausalityInterface1

===========================================================================================
----------------- testing Fri Jul 31 15:17:03 UTC 2020 /home/travis/build/icyphy/ptII/ptolemy/domains/de/test/auto/CausalityInterface15.xml
----------------- Instantiating /home/travis/build/icyphy/ptII/ptolemy/domains/de/test/auto/CausalityInterface15.xml
2 ms. Memory: 51200K Free: 17806K (35%)
----------------- Invoking toplevel() on ptolemy.moml.MoMLSimpleApplication@54fb4941
----------------- Done invoking toplevel() on ptolemy.moml.MoMLSimpleApplication@54fb4941
reloadAllAccessors: .CausalityInterface15

===========================================================================================
----------------- testing Fri Jul 31 15:17:03 UTC 2020 /home/travis/build/icyphy/ptII/ptolemy/domains/de/test/auto/CausalityInterface2.xml
----------------- Instantiating /home/travis/build/icyphy/ptII/ptolemy/domains/de/test/auto/CausalityInterface2.xml
1 ms. Memory: 51200K Free: 13312K (26%)
[...]
	at ptolemy.actor.Manager.run(Manager.java:1263)
	at ptolemy.actor.Manager$PtolemyRunThread.run(Manager.java:1933)
java.lang.RuntimeException: Execution failed
	at ptolemy.moml.MoMLSimpleApplication$UnloadThread.run(MoMLSimpleApplication.java:402)
Caused by: ptolemy.kernel.util.IllegalActionException: Actor is not ready to fire.  Perhaps UpSample.prefire() returned false? Try debugging the actor by selecting "Listen to Actor".  Also, for SDF check moml for tokenConsumptionRate on input.
  in .DESDFClockTest.Play Bell.Copy1:SDF Director and .DESDFClockTest.Play Bell.UpSample
	at ptolemy.actor.sched.StaticSchedulingDirector.fire(StaticSchedulingDirector.java:227)
	at ptolemy.domains.sdf.kernel.SDFDirector.fire(SDFDirector.java:500)
	at ptolemy.actor.CompositeActor.fire(CompositeActor.java:455)
	at ptolemy.domains.de.kernel.DEDirector._fire(DEDirector.java:1949)
	at ptolemy.domains.de.kernel.DEDirector.fire(DEDirector.java:502)
	at ptolemy.actor.CompositeActor.fire(CompositeActor.java:455)
	at ptolemy.actor.Manager.iterate(Manager.java:851)
	at ptolemy.actor.Manager.execute(Manager.java:369)
	at ptolemy.actor.Manager.run(Manager.java:1263)
	at ptolemy.actor.Manager$PtolemyRunThread.run(Manager.java:1933)
java.lang.reflect.InvocationTargetException
	at java.base/jdk.internal.reflect.NativeConstructorAccessorImpl.newInstance0(Native Method)
	at java.base/jdk.internal.reflect.NativeConstructorAccessorImpl.newInstance(NativeConstructorAccessorImpl.java:62)
	at java.base/jdk.internal.reflect.DelegatingConstructorAccessorImpl.newInstance(DelegatingConstructorAccessorImpl.java:45)
	at java.base/java.lang.reflect.Constructor.newInstance(Constructor.java:490)
	at ptolemy.util.test.junit.AutoKnownFailedTests.RunModel(AutoKnownFailedTests.java:105)
	at java.base/jdk.internal.reflect.NativeMethodAccessorImpl.invoke0(Native Method)
	at java.base/jdk.internal.reflect.NativeMethodAccessorImpl.invoke(NativeMethodAccessorImpl.java:62)
	at java.base/jdk.internal.reflect.DelegatingMethodAccessorImpl.invoke(DelegatingMethodAccessorImpl.java:43)
	at java.base/java.lang.reflect.Method.invoke(Method.java:566)
	at org.junit.runners.model.FrameworkMethod$1.runReflectiveCall(FrameworkMethod.java:44)
	at org.junit.internal.runners.model.ReflectiveCallable.run(ReflectiveCallable.java:15)
	at org.junit.runners.model.FrameworkMethod.invokeExplosively(FrameworkMethod.java:41)
	at junitparams.internal.InvokeParameterisedMethod.evaluate(InvokeParameterisedMethod.java:102)
	at org.junit.internal.runners.statements.FailOnTimeout$1.run(FailOnTimeout.java:28)
Caused by: ptolemy.kernel.util.IllegalActionException: Actor is not ready to fire.  Perhaps UpSample.prefire() returned false? Try debugging the actor by selecting "Listen to Actor".  Also, for SDF check moml for tokenConsumptionRate on input.
  in .DESDFClockTest.Play Bell.Copy1:SDF Director and .DESDFClockTest.Play Bell.UpSample
	at ptolemy.actor.sched.StaticSchedulingDirector.fire(StaticSchedulingDirector.java:227)
	at ptolemy.domains.sdf.kernel.SDFDirector.fire(SDFDirector.java:500)
	at ptolemy.actor.CompositeActor.fire(CompositeActor.java:455)
	at ptolemy.domains.de.kernel.DEDirector._fire(DEDirector.java:1949)
	at ptolemy.domains.de.kernel.DEDirector.fire(DEDirector.java:502)
	at ptolemy.actor.CompositeActor.fire(CompositeActor.java:455)
	at ptolemy.actor.Manager.iterate(Manager.java:851)
	at ptolemy.actor.Manager.execute(Manager.java:369)
	at ptolemy.actor.Manager.run(Manager.java:1263)
	at ptolemy.actor.Manager$PtolemyRunThread.run(Manager.java:1933)
java.lang.RuntimeException: Execution failed
	at ptolemy.moml.MoMLSimpleApplication$UnloadThread.run(MoMLSimpleApplication.java:402)
Caused by: ptolemy.kernel.util.IllegalActionException: Test fails in iteration 1.
Value was: 1.0. Should have been: 2.0
  in .DirectFeedback.Test
	at ptolemy.actor.lib.Test.fire(Test.java:268)
	at ptolemy.domains.de.kernel.DEDirector._fire(DEDirector.java:1949)
	at ptolemy.domains.de.kernel.DEDirector.fire(DEDirector.java:502)
	at ptolemy.actor.CompositeActor.fire(CompositeActor.java:455)
	at ptolemy.actor.Manager.iterate(Manager.java:851)
	at ptolemy.actor.Manager.execute(Manager.java:369)
	at ptolemy.actor.Manager.run(Manager.java:1263)
	at ptolemy.actor.Manager$PtolemyRunThread.run(Manager.java:1933)
java.lang.reflect.InvocationTargetException
	at java.base/jdk.internal.reflect.NativeConstructorAccessorImpl.newInstance0(Native Method)
	at java.base/jdk.internal.reflect.NativeConstructorAccessorImpl.newInstance(NativeConstructorAccessorImpl.java:62)
	at java.base/jdk.internal.reflect.DelegatingConstructorAccessorImpl.newInstance(DelegatingConstructorAccessorImpl.java:45)
	at java.base/java.lang.reflect.Constructor.newInstance(Constructor.java:490)
	at ptolemy.util.test.junit.AutoKnownFailedTests.RunModel(AutoKnownFailedTests.java:105)
	at java.base/jdk.internal.reflect.NativeMethodAccessorImpl.invoke0(Native Method)
	at java.base/jdk.internal.reflect.NativeMethodAccessorImpl.invoke(NativeMethodAccessorImpl.java:62)
	at java.base/jdk.internal.reflect.DelegatingMethodAccessorImpl.invoke(DelegatingMethodAccessorImpl.java:43)
	at java.base/java.lang.reflect.Method.invoke(Method.java:566)
	at org.junit.runners.model.FrameworkMethod$1.runReflectiveCall(FrameworkMethod.java:44)
	at org.junit.internal.runners.model.ReflectiveCallable.run(ReflectiveCallable.java:15)
	at org.junit.runners.model.FrameworkMethod.invokeExplosively(FrameworkMethod.java:41)
	at junitparams.internal.InvokeParameterisedMethod.evaluate(InvokeParameterisedMethod.java:102)
	at org.junit.internal.runners.statements.FailOnTimeout$1.run(FailOnTimeout.java:28)
Caused by: ptolemy.kernel.util.IllegalActionException: Test fails in iteration 1.
Value was: 1.0. Should have been: 2.0
  in .DirectFeedback.Test
	at ptolemy.actor.lib.Test.fire(Test.java:268)
	at ptolemy.domains.de.kernel.DEDirector._fire(DEDirector.java:1949)
	at ptolemy.domains.de.kernel.DEDirector.fire(DEDirector.java:502)
	at ptolemy.actor.CompositeActor.fire(CompositeActor.java:455)
	at ptolemy.actor.Manager.iterate(Manager.java:851)
	at ptolemy.actor.Manager.execute(Manager.java:369)
	at ptolemy.actor.Manager.run(Manager.java:1263)
	at ptolemy.actor.Manager$PtolemyRunThread.run(Manager.java:1933)
java.lang.RuntimeException: Execution failed
	at ptolemy.moml.MoMLSimpleApplication$UnloadThread.run(MoMLSimpleApplication.java:402)
Caused by: ptolemy.kernel.util.IllegalActionException: Found a zero delay loop containing .HierarchicalModel.A
  in .HierarchicalModel and .HierarchicalModel.A
	at ptolemy.actor.util.CausalityInterfaceForComposites._computeOutputPortDepth(CausalityInterfaceForComposites.java:759)
	at ptolemy.actor.util.CausalityInterfaceForComposites._computeInputDepth(CausalityInterfaceForComposites.java:696)
	at ptolemy.actor.util.CausalityInterfaceForComposites._computeOutputPortDepth(CausalityInterfaceForComposites.java:765)
	at ptolemy.actor.util.CausalityInterfaceForComposites._computeInputDepth(CausalityInterfaceForComposites.java:696)
	at ptolemy.actor.util.CausalityInterfaceForComposites._computeOutputPortDepth(CausalityInterfaceForComposites.java:765)
	at ptolemy.actor.util.CausalityInterfaceForComposites._computeInputDepth(CausalityInterfaceForComposites.java:696)
	at ptolemy.actor.util.CausalityInterfaceForComposites._computeActorDepth(CausalityInterfaceForComposites.java:532)
	at ptolemy.actor.util.CausalityInterfaceForComposites.checkForCycles(CausalityInterfaceForComposites.java:96)
	at ptolemy.domains.de.kernel.DEDirector.preinitialize(DEDirector.java:1338)
	at ptolemy.actor.CompositeActor.preinitialize(CompositeActor.java:1828)
	at ptolemy.actor.Manager.preinitializeAndResolveTypes(Manager.java:1040)
	at ptolemy.actor.Manager.initialize(Manager.java:710)
	at ptolemy.actor.Manager.execute(Manager.java:356)
	at ptolemy.actor.Manager.run(Manager.java:1263)
	at ptolemy.actor.Manager$PtolemyRunThread.run(Manager.java:1933)
java.lang.reflect.InvocationTargetException
	at java.base/jdk.internal.reflect.NativeConstructorAccessorImpl.newInstance0(Native Method)
	at java.base/jdk.internal.reflect.NativeConstructorAccessorImpl.newInstance(NativeConstructorAccessorImpl.java:62)
	at java.base/jdk.internal.reflect.DelegatingConstructorAccessorImpl.newInstance(DelegatingConstructorAccessorImpl.java:45)
	at java.base/java.lang.reflect.Constructor.newInstance(Constructor.java:490)
	at ptolemy.util.test.junit.AutoKnownFailedTests.RunModel(AutoKnownFailedTests.java:105)
	at java.base/jdk.internal.reflect.NativeMethodAccessorImpl.invoke0(Native Method)
	at java.base/jdk.internal.reflect.NativeMethodAccessorImpl.invoke(NativeMethodAccessorImpl.java:62)
	at java.base/jdk.internal.reflect.DelegatingMethodAccessorImpl.invoke(DelegatingMethodAccessorImpl.java:43)
	at java.base/java.lang.reflect.Method.invoke(Method.java:566)
	at org.junit.runners.model.FrameworkMethod$1.runReflectiveCall(FrameworkMethod.java:44)
	at org.junit.internal.runners.model.ReflectiveCallable.run(ReflectiveCallable.java:15)
	at org.junit.runners.model.FrameworkMethod.invokeExplosively(FrameworkMethod.java:41)
	at junitparams.internal.InvokeParameterisedMethod.evaluate(InvokeParameterisedMethod.java:102)
	at org.junit.internal.runners.statements.FailOnTimeout$1.run(FailOnTimeout.java:28)
Caused by: ptolemy.kernel.util.IllegalActionException: Found a zero delay loop containing .HierarchicalModel.A
  in .HierarchicalModel and .HierarchicalModel.A
	at ptolemy.actor.util.CausalityInterfaceForComposites._computeOutputPortDepth(CausalityInterfaceForComposites.java:759)
	at ptolemy.actor.util.CausalityInterfaceForComposites._computeInputDepth(CausalityInterfaceForComposites.java:696)
	at ptolemy.actor.util.CausalityInterfaceForComposites._computeOutputPortDepth(CausalityInterfaceForComposites.java:765)
	at ptolemy.actor.util.CausalityInterfaceForComposites._computeInputDepth(CausalityInterfaceForComposites.java:696)
	at ptolemy.actor.util.CausalityInterfaceForComposites._computeOutputPortDepth(CausalityInterfaceForComposites.java:765)
	at ptolemy.actor.util.CausalityInterfaceForComposites._computeInputDepth(CausalityInterfaceForComposites.java:696)
	at ptolemy.actor.util.CausalityInterfaceForComposites._computeActorDepth(CausalityInterfaceForComposites.java:532)
	at ptolemy.actor.util.CausalityInterfaceForComposites.checkForCycles(CausalityInterfaceForComposites.java:96)
	at ptolemy.domains.de.kernel.DEDirector.preinitialize(DEDirector.java:1338)
	at ptolemy.actor.CompositeActor.preinitialize(CompositeActor.java:1828)
	at ptolemy.actor.Manager.preinitializeAndResolveTypes(Manager.java:1040)
	at ptolemy.actor.Manager.initialize(Manager.java:710)
	at ptolemy.actor.Manager.execute(Manager.java:356)
	at ptolemy.actor.Manager.run(Manager.java:1263)
	at ptolemy.actor.Manager$PtolemyRunThread.run(Manager.java:1933)
java.lang.RuntimeException: Execution failed
	at ptolemy.moml.MoMLSimpleApplication$UnloadThread.run(MoMLSimpleApplication.java:402)
Caused by: ptolemy.kernel.util.IllegalActionException: Found a zero delay loop containing .dependencyLoop.original
  in .dependencyLoop and .dependencyLoop.original
	at ptolemy.actor.util.CausalityInterfaceForComposites._computeOutputPortDepth(CausalityInterfaceForComposites.java:759)
	at ptolemy.actor.util.CausalityInterfaceForComposites._computeInputDepth(CausalityInterfaceForComposites.java:696)
	at ptolemy.actor.util.CausalityInterfaceForComposites._computeOutputPortDepth(CausalityInterfaceForComposites.java:765)
	at ptolemy.actor.util.CausalityInterfaceForComposites._computeInputDepth(CausalityInterfaceForComposites.java:696)
	at ptolemy.actor.util.CausalityInterfaceForComposites._computeOutputPortDepth(CausalityInterfaceForComposites.java:765)
	at ptolemy.actor.util.CausalityInterfaceForComposites._computeInputDepth(CausalityInterfaceForComposites.java:696)
	at ptolemy.actor.util.CausalityInterfaceForComposites._computeActorDepth(CausalityInterfaceForComposites.java:532)
	at ptolemy.actor.util.CausalityInterfaceForComposites.checkForCycles(CausalityInterfaceForComposites.java:96)
	at ptolemy.domains.de.kernel.DEDirector.preinitialize(DEDirector.java:1338)
	at ptolemy.actor.CompositeActor.preinitialize(CompositeActor.java:1828)
	at ptolemy.actor.Manager.preinitializeAndResolveTypes(Manager.java:1040)
	at ptolemy.actor.Manager.initialize(Manager.java:710)
	at ptolemy.actor.Manager.execute(Manager.java:356)
	at ptolemy.actor.Manager.run(Manager.java:1263)
	at ptolemy.actor.Manager$PtolemyRunThread.run(Manager.java:1933)
java.lang.reflect.InvocationTargetException
	at java.base/jdk.internal.reflect.NativeConstructorAccessorImpl.newInstance0(Native Method)
	at java.base/jdk.internal.reflect.NativeConstructorAccessorImpl.newInstance(NativeConstructorAccessorImpl.java:62)
	at java.base/jdk.internal.reflect.DelegatingConstructorAccessorImpl.newInstance(DelegatingConstructorAccessorImpl.java:45)
	at java.base/java.lang.reflect.Constructor.newInstance(Constructor.java:490)
	at ptolemy.util.test.junit.AutoKnownFailedTests.RunModel(AutoKnownFailedTests.java:105)
	at java.base/jdk.internal.reflect.NativeMethodAccessorImpl.invoke0(Native Method)
	at java.base/jdk.internal.reflect.NativeMethodAccessorImpl.invoke(NativeMethodAccessorImpl.java:62)
	at java.base/jdk.internal.reflect.DelegatingMethodAccessorImpl.invoke(DelegatingMethodAccessorImpl.java:43)
	at java.base/java.lang.reflect.Method.invoke(Method.java:566)
	at org.junit.runners.model.FrameworkMethod$1.runReflectiveCall(FrameworkMethod.java:44)
	at org.junit.internal.runners.model.ReflectiveCallable.run(ReflectiveCallable.java:15)
	at org.junit.runners.model.FrameworkMethod.invokeExplosively(FrameworkMethod.java:41)
	at junitparams.internal.InvokeParameterisedMethod.evaluate(InvokeParameterisedMethod.java:102)
	at org.junit.internal.runners.statements.FailOnTimeout$1.run(FailOnTimeout.java:28)
Caused by: ptolemy.kernel.util.IllegalActionException: Found a zero delay loop containing .dependencyLoop.original
  in .dependencyLoop and .dependencyLoop.original
	at ptolemy.actor.util.CausalityInterfaceForComposites._computeOutputPortDepth(CausalityInterfaceForComposites.java:759)
	at ptolemy.actor.util.CausalityInterfaceForComposites._computeInputDepth(CausalityInterfaceForComposites.java:696)
	at ptolemy.actor.util.CausalityInterfaceForComposites._computeOutputPortDepth(CausalityInterfaceForComposites.java:765)
	at ptolemy.actor.util.CausalityInterfaceForComposites._computeInputDepth(CausalityInterfaceForComposites.java:696)
	at ptolemy.actor.util.CausalityInterfaceForComposites._computeOutputPortDepth(CausalityInterfaceForComposites.java:765)
	at ptolemy.actor.util.CausalityInterfaceForComposites._computeInputDepth(CausalityInterfaceForComposites.java:696)
	at ptolemy.actor.util.CausalityInterfaceForComposites._computeActorDepth(CausalityInterfaceForComposites.java:532)
	at ptolemy.actor.util.CausalityInterfaceForComposites.checkForCycles(CausalityInterfaceForComposites.java:96)
	at ptolemy.domains.de.kernel.DEDirector.preinitialize(DEDirector.java:1338)
	at ptolemy.actor.CompositeActor.preinitialize(CompositeActor.java:1828)
	at ptolemy.actor.Manager.preinitializeAndResolveTypes(Manager.java:1040)
	at ptolemy.actor.Manager.initialize(Manager.java:710)
	at ptolemy.actor.Manager.execute(Manager.java:356)
	at ptolemy.actor.Manager.run(Manager.java:1263)
	at ptolemy.actor.Manager$PtolemyRunThread.run(Manager.java:1933)
java.lang.RuntimeException: Execution failed
	at ptolemy.moml.MoMLSimpleApplication$UnloadThread.run(MoMLSimpleApplication.java:402)
Caused by: ptolemy.kernel.util.IllegalActionException: Found a zero delay loop containing .dependencyLoop2.original
  in .dependencyLoop2 and .dependencyLoop2.original
	at ptolemy.actor.util.CausalityInterfaceForComposites._computeOutputPortDepth(CausalityInterfaceForComposites.java:759)
	at ptolemy.actor.util.CausalityInterfaceForComposites._computeInputDepth(CausalityInterfaceForComposites.java:696)
	at ptolemy.actor.util.CausalityInterfaceForComposites._computeOutputPortDepth(CausalityInterfaceForComposites.java:765)
	at ptolemy.actor.util.CausalityInterfaceForComposites._computeInputDepth(CausalityInterfaceForComposites.java:696)
	at ptolemy.actor.util.CausalityInterfaceForComposites._computeOutputPortDepth(CausalityInterfaceForComposites.java:765)
	at ptolemy.actor.util.CausalityInterfaceForComposites._computeInputDepth(CausalityInterfaceForComposites.java:696)
	at ptolemy.actor.util.CausalityInterfaceForComposites._computeActorDepth(CausalityInterfaceForComposites.java:532)
	at ptolemy.actor.util.CausalityInterfaceForComposites.checkForCycles(CausalityInterfaceForComposites.java:96)
	at ptolemy.domains.de.kernel.DEDirector.preinitialize(DEDirector.java:1338)
	at ptolemy.actor.CompositeActor.preinitialize(CompositeActor.java:1828)
	at ptolemy.actor.Manager.preinitializeAndResolveTypes(Manager.java:1040)
	at ptolemy.actor.Manager.initialize(Manager.java:710)
	at ptolemy.actor.Manager.execute(Manager.java:356)
	at ptolemy.actor.Manager.run(Manager.java:1263)
	at ptolemy.actor.Manager$PtolemyRunThread.run(Manager.java:1933)
java.lang.reflect.InvocationTargetException
	at java.base/jdk.internal.reflect.NativeConstructorAccessorImpl.newInstance0(Native Method)
	at java.base/jdk.internal.reflect.NativeConstructorAccessorImpl.newInstance(NativeConstructorAccessorImpl.java:62)
	at java.base/jdk.internal.reflect.DelegatingConstructorAccessorImpl.newInstance(DelegatingConstructorAccessorImpl.java:45)
	at java.base/java.lang.reflect.Constructor.newInstance(Constructor.java:490)
	at ptolemy.util.test.junit.AutoKnownFailedTests.RunModel(AutoKnownFailedTests.java:105)
	at java.base/jdk.internal.reflect.NativeMethodAccessorImpl.invoke0(Native Method)
	at java.base/jdk.internal.reflect.NativeMethodAccessorImpl.invoke(NativeMethodAccessorImpl.java:62)
	at java.base/jdk.internal.reflect.DelegatingMethodAccessorImpl.invoke(DelegatingMethodAccessorImpl.java:43)
	at java.base/java.lang.reflect.Method.invoke(Method.java:566)
	at org.junit.runners.model.FrameworkMethod$1.runReflectiveCall(FrameworkMethod.java:44)
	at org.junit.internal.runners.model.ReflectiveCallable.run(ReflectiveCallable.java:15)
	at org.junit.runners.model.FrameworkMethod.invokeExplosively(FrameworkMethod.java:41)
	at junitparams.internal.InvokeParameterisedMethod.evaluate(InvokeParameterisedMethod.java:102)
	at org.junit.internal.runners.statements.FailOnTimeout$1.run(FailOnTimeout.java:28)
Caused by: ptolemy.kernel.util.IllegalActionException: Found a zero delay loop containing .dependencyLoop2.original
  in .dependencyLoop2 and .dependencyLoop2.original
	at ptolemy.actor.util.CausalityInterfaceForComposites._computeOutputPortDepth(CausalityInterfaceForComposites.java:759)
	at ptolemy.actor.util.CausalityInterfaceForComposites._computeInputDepth(CausalityInterfaceForComposites.java:696)
	at ptolemy.actor.util.CausalityInterfaceForComposites._computeOutputPortDepth(CausalityInterfaceForComposites.java:765)
	at ptolemy.actor.util.CausalityInterfaceForComposites._computeInputDepth(CausalityInterfaceForComposites.java:696)
	at ptolemy.actor.util.CausalityInterfaceForComposites._computeOutputPortDepth(CausalityInterfaceForComposites.java:765)
	at ptolemy.actor.util.CausalityInterfaceForComposites._computeInputDepth(CausalityInterfaceForComposites.java:696)
	at ptolemy.actor.util.CausalityInterfaceForComposites._computeActorDepth(CausalityInterfaceForComposites.java:532)
	at ptolemy.actor.util.CausalityInterfaceForComposites.checkForCycles(CausalityInterfaceForComposites.java:96)
	at ptolemy.domains.de.kernel.DEDirector.preinitialize(DEDirector.java:1338)
	at ptolemy.actor.CompositeActor.preinitialize(CompositeActor.java:1828)
	at ptolemy.actor.Manager.preinitializeAndResolveTypes(Manager.java:1040)
	at ptolemy.actor.Manager.initialize(Manager.java:710)
	at ptolemy.actor.Manager.execute(Manager.java:356)
	at ptolemy.actor.Manager.run(Manager.java:1263)
	at ptolemy.actor.Manager$PtolemyRunThread.run(Manager.java:1933)
]]></system-err>
</testsuite>
