<?xml version="1.0" encoding="UTF-8" ?>
<testsuite errors="0" failures="0" hostname="travis-job-333ea9d2-7cf9-464d-98fe-591009b3dfec" name="ptolemy.domains.de.test.junit.JUnitTclTest" skipped="0" tests="101" time="133.976" timestamp="2019-08-05T20:06:05">
  <properties>
[...]
</properties>
  <testcase classname="ptolemy.util.test.junit.TclTests" name="[0] /home/travis/build/icyphy/ptII/ptolemy/domains/de/test/DependencyLoop.tcl (RunTclFile)" time="1.203" />
  <testcase classname="ptolemy.util.test.junit.TclTests" name="[1] /home/travis/build/icyphy/ptII/ptolemy/domains/de/test/RunDETestsAsQSS.tcl (RunTclFile)" time="91.97" />
  <testcase classname="ptolemy.util.test.junit.AutoKnownFailedTests" name="[0] /home/travis/build/icyphy/ptII/ptolemy/domains/de/test/auto/knownFailedTests/DESDFClockTest.xml (RunModel)" time="2.039" />
  <testcase classname="ptolemy.util.test.junit.AutoKnownFailedTests" name="[1] /home/travis/build/icyphy/ptII/ptolemy/domains/de/test/auto/knownFailedTests/DirectFeedback.xml (RunModel)" time="0.017" />
  <testcase classname="ptolemy.util.test.junit.AutoKnownFailedTests" name="[2] /home/travis/build/icyphy/ptII/ptolemy/domains/de/test/auto/knownFailedTests/FSMSource.xml (RunModel)" time="0.034" />
  <testcase classname="ptolemy.util.test.junit.AutoKnownFailedTests" name="[3] /home/travis/build/icyphy/ptII/ptolemy/domains/de/test/auto/knownFailedTests/HierarchicalModel.xml (RunModel)" time="0.056" />
  <testcase classname="ptolemy.util.test.junit.AutoKnownFailedTests" name="[4] /home/travis/build/icyphy/ptII/ptolemy/domains/de/test/auto/knownFailedTests/dependencyLoop.xml (RunModel)" time="0.054" />
  <testcase classname="ptolemy.util.test.junit.AutoKnownFailedTests" name="[5] /home/travis/build/icyphy/ptII/ptolemy/domains/de/test/auto/knownFailedTests/dependencyLoop2.xml (RunModel)" time="0.052" />
  <testcase classname="ptolemy.util.test.junit.AutoNameArchTests" name="[0] ThereAreNoAutoArchTests (RunModel)" time="0.002" />
  <testcase classname="ptolemy.util.test.junit.AutoTests" name="[0] /home/travis/build/icyphy/ptII/ptolemy/domains/de/test/auto/ActorDepthCalculation_actorWithoutPorts.xml (RunModel)" time="0.021" />
  <testcase classname="ptolemy.util.test.junit.AutoTests" name="[1] /home/travis/build/icyphy/ptII/ptolemy/domains/de/test/auto/AssemblyLine.xml (RunModel)" time="0.028" />
  <testcase classname="ptolemy.util.test.junit.AutoTests" name="[2] /home/travis/build/icyphy/ptII/ptolemy/domains/de/test/auto/CQBug1.xml (RunModel)" time="0.013" />
  <testcase classname="ptolemy.util.test.junit.AutoTests" name="[3] /home/travis/build/icyphy/ptII/ptolemy/domains/de/test/auto/CancelFireAt.xml (RunModel)" time="0.023" />
  <testcase classname="ptolemy.util.test.junit.AutoTests" name="[4] /home/travis/build/icyphy/ptII/ptolemy/domains/de/test/auto/CausalityAndComposabilityAnalysis.xml (RunModel)" time="0.019" />
  <testcase classname="ptolemy.util.test.junit.AutoTests" name="[5] /home/travis/build/icyphy/ptII/ptolemy/domains/de/test/auto/CausalityInterface1.xml (RunModel)" time="0.016" />
  <testcase classname="ptolemy.util.test.junit.AutoTests" name="[6] /home/travis/build/icyphy/ptII/ptolemy/domains/de/test/auto/CausalityInterface15.xml (RunModel)" time="0.016" />
  <testcase classname="ptolemy.util.test.junit.AutoTests" name="[7] /home/travis/build/icyphy/ptII/ptolemy/domains/de/test/auto/CausalityInterface2.xml (RunModel)" time="0.015" />
  <testcase classname="ptolemy.util.test.junit.AutoTests" name="[8] /home/travis/build/icyphy/ptII/ptolemy/domains/de/test/auto/CausalityInterface3.xml (RunModel)" time="0.013" />
  <testcase classname="ptolemy.util.test.junit.AutoTests" name="[9] /home/travis/build/icyphy/ptII/ptolemy/domains/de/test/auto/ClockDrift.xml (RunModel)" time="0.039" />
  <testcase classname="ptolemy.util.test.junit.AutoTests" name="[10] /home/travis/build/icyphy/ptII/ptolemy/domains/de/test/auto/ClockDriftAndValueChange.xml (RunModel)" time="0.036" />
  <testcase classname="ptolemy.util.test.junit.AutoTests" name="[11] /home/travis/build/icyphy/ptII/ptolemy/domains/de/test/auto/ClockDriftChange.xml (RunModel)" time="0.033" />
  <testcase classname="ptolemy.util.test.junit.AutoTests" name="[12] /home/travis/build/icyphy/ptII/ptolemy/domains/de/test/auto/ComposableCausalityAnalysis.xml (RunModel)" time="0.018" />
  <testcase classname="ptolemy.util.test.junit.AutoTests" name="[13] /home/travis/build/icyphy/ptII/ptolemy/domains/de/test/auto/DEFixedPointLimitation.xml (RunModel)" time="0.016" />
  <testcase classname="ptolemy.util.test.junit.AutoTests" name="[14] /home/travis/build/icyphy/ptII/ptolemy/domains/de/test/auto/DEScheduleTest.xml (RunModel)" time="0.017" />
  <testcase classname="ptolemy.util.test.junit.AutoTests" name="[15] /home/travis/build/icyphy/ptII/ptolemy/domains/de/test/auto/DEinDEwithStartTimes.xml (RunModel)" time="0.018" />
  <testcase classname="ptolemy.util.test.junit.AutoTests" name="[16] /home/travis/build/icyphy/ptII/ptolemy/domains/de/test/auto/DEinDEwithStartTimes2.xml (RunModel)" time="0.02" />
  <testcase classname="ptolemy.util.test.junit.AutoTests" name="[17] /home/travis/build/icyphy/ptII/ptolemy/domains/de/test/auto/DateDemo.xml (RunModel)" time="0.034" />
  <testcase classname="ptolemy.util.test.junit.AutoTests" name="[18] /home/travis/build/icyphy/ptII/ptolemy/domains/de/test/auto/DateToEvent.xml (RunModel)" time="2.041" />
  <testcase classname="ptolemy.util.test.junit.AutoTests" name="[19] /home/travis/build/icyphy/ptII/ptolemy/domains/de/test/auto/DepthTest1.xml (RunModel)" time="0.015" />
  <testcase classname="ptolemy.util.test.junit.AutoTests" name="[20] /home/travis/build/icyphy/ptII/ptolemy/domains/de/test/auto/DepthTest2.xml (RunModel)" time="0.02" />
  <testcase classname="ptolemy.util.test.junit.AutoTests" name="[21] /home/travis/build/icyphy/ptII/ptolemy/domains/de/test/auto/DepthTest3.xml (RunModel)" time="0.011" />
  <testcase classname="ptolemy.util.test.junit.AutoTests" name="[22] /home/travis/build/icyphy/ptII/ptolemy/domains/de/test/auto/DepthTest4.xml (RunModel)" time="0.021" />
  <testcase classname="ptolemy.util.test.junit.AutoTests" name="[23] /home/travis/build/icyphy/ptII/ptolemy/domains/de/test/auto/DepthTest5.xml (RunModel)" time="0.016" />
  <testcase classname="ptolemy.util.test.junit.AutoTests" name="[24] /home/travis/build/icyphy/ptII/ptolemy/domains/de/test/auto/DepthTest6.xml (RunModel)" time="0.013" />
  <testcase classname="ptolemy.util.test.junit.AutoTests" name="[25] /home/travis/build/icyphy/ptII/ptolemy/domains/de/test/auto/DepthTest7.xml (RunModel)" time="0.013" />
  <testcase classname="ptolemy.util.test.junit.AutoTests" name="[26] /home/travis/build/icyphy/ptII/ptolemy/domains/de/test/auto/EventToDate.xml (RunModel)" time="3.041" />
  <testcase classname="ptolemy.util.test.junit.AutoTests" name="[27] /home/travis/build/icyphy/ptII/ptolemy/domains/de/test/auto/FSM1.xml (RunModel)" time="0.049" />
  <testcase classname="ptolemy.util.test.junit.AutoTests" name="[28] /home/travis/build/icyphy/ptII/ptolemy/domains/de/test/auto/FSM7.xml (RunModel)" time="0.042" />
  <testcase classname="ptolemy.util.test.junit.AutoTests" name="[29] /home/travis/build/icyphy/ptII/ptolemy/domains/de/test/auto/Inspection.xml (RunModel)" time="0.046" />
  <testcase classname="ptolemy.util.test.junit.AutoTests" name="[30] /home/travis/build/icyphy/ptII/ptolemy/domains/de/test/auto/Iteration.xml (RunModel)" time="0.023" />
  <testcase classname="ptolemy.util.test.junit.AutoTests" name="[31] /home/travis/build/icyphy/ptII/ptolemy/domains/de/test/auto/LineFault.xml (RunModel)" time="0.65" />
  <testcase classname="ptolemy.util.test.junit.AutoTests" name="[32] /home/travis/build/icyphy/ptII/ptolemy/domains/de/test/auto/MergeModel1Add.xml (RunModel)" time="0.055" />
  <testcase classname="ptolemy.util.test.junit.AutoTests" name="[33] /home/travis/build/icyphy/ptII/ptolemy/domains/de/test/auto/MergeModel2Add.xml (RunModel)" time="0.048" />
  <testcase classname="ptolemy.util.test.junit.AutoTests" name="[34] /home/travis/build/icyphy/ptII/ptolemy/domains/de/test/auto/MergeModel3Add.xml (RunModel)" time="0.043" />
  <testcase classname="ptolemy.util.test.junit.AutoTests" name="[35] /home/travis/build/icyphy/ptII/ptolemy/domains/de/test/auto/MergeWithoutDiscard.xml (RunModel)" time="0.019" />
  <testcase classname="ptolemy.util.test.junit.AutoTests" name="[36] /home/travis/build/icyphy/ptII/ptolemy/domains/de/test/auto/Modal1.xml (RunModel)" time="0.032" />
  <testcase classname="ptolemy.util.test.junit.AutoTests" name="[37] /home/travis/build/icyphy/ptII/ptolemy/domains/de/test/auto/Modal2.xml (RunModel)" time="0.032" />
  <testcase classname="ptolemy.util.test.junit.AutoTests" name="[38] /home/travis/build/icyphy/ptII/ptolemy/domains/de/test/auto/Modal3.xml (RunModel)" time="0.028" />
  <testcase classname="ptolemy.util.test.junit.AutoTests" name="[39] /home/travis/build/icyphy/ptII/ptolemy/domains/de/test/auto/Modal4.xml (RunModel)" time="0.036" />
  <testcase classname="ptolemy.util.test.junit.AutoTests" name="[40] /home/travis/build/icyphy/ptII/ptolemy/domains/de/test/auto/Modal5.xml (RunModel)" time="0.04" />
  <testcase classname="ptolemy.util.test.junit.AutoTests" name="[41] /home/travis/build/icyphy/ptII/ptolemy/domains/de/test/auto/Modal6.xml (RunModel)" time="0.031" />
  <testcase classname="ptolemy.util.test.junit.AutoTests" name="[42] /home/travis/build/icyphy/ptII/ptolemy/domains/de/test/auto/Modal7.xml (RunModel)" time="0.035" />
  <testcase classname="ptolemy.util.test.junit.AutoTests" name="[43] /home/travis/build/icyphy/ptII/ptolemy/domains/de/test/auto/ModalModel.xml (RunModel)" time="0.173" />
  <testcase classname="ptolemy.util.test.junit.AutoTests" name="[44] /home/travis/build/icyphy/ptII/ptolemy/domains/de/test/auto/ModalSource.xml (RunModel)" time="0.026" />
  <testcase classname="ptolemy.util.test.junit.AutoTests" name="[45] /home/travis/build/icyphy/ptII/ptolemy/domains/de/test/auto/NonInterruptibleTimerZeroDelay.xml (RunModel)" time="0.017" />
  <testcase classname="ptolemy.util.test.junit.AutoTests" name="[46] /home/travis/build/icyphy/ptII/ptolemy/domains/de/test/auto/OpenQueueingNetwork.xml (RunModel)" time="2.409" />
  <testcase classname="ptolemy.util.test.junit.AutoTests" name="[47] /home/travis/build/icyphy/ptII/ptolemy/domains/de/test/auto/OpenQueuingNetwork.xml (RunModel)" time="0.308" />
  <testcase classname="ptolemy.util.test.junit.AutoTests" name="[48] /home/travis/build/icyphy/ptII/ptolemy/domains/de/test/auto/PeriodicSampler.xml (RunModel)" time="0.011" />
  <testcase classname="ptolemy.util.test.junit.AutoTests" name="[49] /home/travis/build/icyphy/ptII/ptolemy/domains/de/test/auto/PersistentIO.xml (RunModel)" time="0.024" />
  <testcase classname="ptolemy.util.test.junit.AutoTests" name="[50] /home/travis/build/icyphy/ptII/ptolemy/domains/de/test/auto/PortParameterResetOnInitialize.xml (RunModel)" time="0.011" />
  <testcase classname="ptolemy.util.test.junit.AutoTests" name="[51] /home/travis/build/icyphy/ptII/ptolemy/domains/de/test/auto/PortParameterUpdates.xml (RunModel)" time="0.02" />
  <testcase classname="ptolemy.util.test.junit.AutoTests" name="[52] /home/travis/build/icyphy/ptII/ptolemy/domains/de/test/auto/QueueAndServer.xml (RunModel)" time="0.025" />
  <testcase classname="ptolemy.util.test.junit.AutoTests" name="[53] /home/travis/build/icyphy/ptII/ptolemy/domains/de/test/auto/Records.xml (RunModel)" time="0.017" />
  <testcase classname="ptolemy.util.test.junit.AutoTests" name="[54] /home/travis/build/icyphy/ptII/ptolemy/domains/de/test/auto/ResetTransitionWithStartTime1.xml (RunModel)" time="0.024" />
  <testcase classname="ptolemy.util.test.junit.AutoTests" name="[55] /home/travis/build/icyphy/ptII/ptolemy/domains/de/test/auto/ResetTransitionWithStartTime2.xml (RunModel)" time="0.022" />
  <testcase classname="ptolemy.util.test.junit.AutoTests" name="[56] /home/travis/build/icyphy/ptII/ptolemy/domains/de/test/auto/ResetTransitionWithStartTime3.xml (RunModel)" time="0.017" />
  <testcase classname="ptolemy.util.test.junit.AutoTests" name="[57] /home/travis/build/icyphy/ptII/ptolemy/domains/de/test/auto/ResetTransitionWithStartTime4.xml (RunModel)" time="0.017" />
  <testcase classname="ptolemy.util.test.junit.AutoTests" name="[58] /home/travis/build/icyphy/ptII/ptolemy/domains/de/test/auto/ResettableTimer1.xml (RunModel)" time="0.011" />
  <testcase classname="ptolemy.util.test.junit.AutoTests" name="[59] /home/travis/build/icyphy/ptII/ptolemy/domains/de/test/auto/ResettableTimer2.xml (RunModel)" time="0.012" />
  <testcase classname="ptolemy.util.test.junit.AutoTests" name="[60] /home/travis/build/icyphy/ptII/ptolemy/domains/de/test/auto/ResettableTimer3.xml (RunModel)" time="0.01" />
  <testcase classname="ptolemy.util.test.junit.AutoTests" name="[61] /home/travis/build/icyphy/ptII/ptolemy/domains/de/test/auto/ResettableTimer4.xml (RunModel)" time="0.012" />
  <testcase classname="ptolemy.util.test.junit.AutoTests" name="[62] /home/travis/build/icyphy/ptII/ptolemy/domains/de/test/auto/ResettableTimer5.xml (RunModel)" time="0.012" />
  <testcase classname="ptolemy.util.test.junit.AutoTests" name="[63] /home/travis/build/icyphy/ptII/ptolemy/domains/de/test/auto/ResettableTimer6.xml (RunModel)" time="0.017" />
  <testcase classname="ptolemy.util.test.junit.AutoTests" name="[64] /home/travis/build/icyphy/ptII/ptolemy/domains/de/test/auto/ServerZeroDelay.xml (RunModel)" time="0.01" />
  <testcase classname="ptolemy.util.test.junit.AutoTests" name="[65] /home/travis/build/icyphy/ptII/ptolemy/domains/de/test/auto/SmartSender.xml (RunModel)" time="3.009" />
  <testcase classname="ptolemy.util.test.junit.AutoTests" name="[66] /home/travis/build/icyphy/ptII/ptolemy/domains/de/test/auto/ThreadedComposite.xml (RunModel)" time="0.112" />
  <testcase classname="ptolemy.util.test.junit.AutoTests" name="[67] /home/travis/build/icyphy/ptII/ptolemy/domains/de/test/auto/Time.xml (RunModel)" time="0.432" />
  <testcase classname="ptolemy.util.test.junit.AutoTests" name="[68] /home/travis/build/icyphy/ptII/ptolemy/domains/de/test/auto/TimeDelayZeroDelay.xml (RunModel)" time="0.013" />
  <testcase classname="ptolemy.util.test.junit.AutoTests" name="[69] /home/travis/build/icyphy/ptII/ptolemy/domains/de/test/auto/TimerZeroDelay.xml (RunModel)" time="0.013" />
  <testcase classname="ptolemy.util.test.junit.AutoTests" name="[70] /home/travis/build/icyphy/ptII/ptolemy/domains/de/test/auto/TimingParadox.xml (RunModel)" time="0.352" />
  <testcase classname="ptolemy.util.test.junit.AutoTests" name="[71] /home/travis/build/icyphy/ptII/ptolemy/domains/de/test/auto/TransferInputs.xml (RunModel)" time="0.017" />
  <testcase classname="ptolemy.util.test.junit.AutoTests" name="[72] /home/travis/build/icyphy/ptII/ptolemy/domains/de/test/auto/TransferOutputs2.xml (RunModel)" time="0.018" />
  <testcase classname="ptolemy.util.test.junit.AutoTests" name="[73] /home/travis/build/icyphy/ptII/ptolemy/domains/de/test/auto/Trilateration.xml (RunModel)" time="11.63" />
  <testcase classname="ptolemy.util.test.junit.AutoTests" name="[74] /home/travis/build/icyphy/ptII/ptolemy/domains/de/test/auto/TwoSigmaDelta.xml (RunModel)" time="2.278" />
  <testcase classname="ptolemy.util.test.junit.AutoTests" name="[75] /home/travis/build/icyphy/ptII/ptolemy/domains/de/test/auto/VariableDelay.xml (RunModel)" time="0.02" />
  <testcase classname="ptolemy.util.test.junit.AutoTests" name="[76] /home/travis/build/icyphy/ptII/ptolemy/domains/de/test/auto/VariableDelay2.xml (RunModel)" time="0.011" />
  <testcase classname="ptolemy.util.test.junit.AutoTests" name="[77] /home/travis/build/icyphy/ptII/ptolemy/domains/de/test/auto/VariableDelayZeroDelay.xml (RunModel)" time="0.016" />
  <testcase classname="ptolemy.util.test.junit.AutoTests" name="[78] /home/travis/build/icyphy/ptII/ptolemy/domains/de/test/auto/VariableDelayZeroDelay2.xml (RunModel)" time="0.012" />
  <testcase classname="ptolemy.util.test.junit.AutoTests" name="[79] /home/travis/build/icyphy/ptII/ptolemy/domains/de/test/auto/deInCt.xml (RunModel)" time="0.017" />
  <testcase classname="ptolemy.util.test.junit.AutoTests" name="[80] /home/travis/build/icyphy/ptII/ptolemy/domains/de/test/auto/deInCt2.xml (RunModel)" time="0.03" />
  <testcase classname="ptolemy.util.test.junit.AutoTests" name="[81] /home/travis/build/icyphy/ptII/ptolemy/domains/de/test/auto/dynamicCausalityInterface1.xml (RunModel)" time="0.023" />
  <testcase classname="ptolemy.util.test.junit.AutoTests" name="[82] /home/travis/build/icyphy/ptII/ptolemy/domains/de/test/auto/fsm_de_test.xml (RunModel)" time="0.025" />
  <testcase classname="ptolemy.util.test.junit.AutoTests" name="[83] /home/travis/build/icyphy/ptII/ptolemy/domains/de/test/auto/functionDependencyReconstruction.xml (RunModel)" time="0.033" />
  <testcase classname="ptolemy.util.test.junit.AutoTests" name="[84] /home/travis/build/icyphy/ptII/ptolemy/domains/de/test/auto/multirate.xml (RunModel)" time="0.014" />
  <testcase classname="ptolemy.util.test.junit.AutoTests" name="[85] /home/travis/build/icyphy/ptII/ptolemy/domains/de/test/auto/multirate2.xml (RunModel)" time="0.02" />
  <testcase classname="ptolemy.util.test.junit.AutoTests" name="[86] /home/travis/build/icyphy/ptII/ptolemy/domains/de/test/auto/realtime.xml (RunModel)" time="10.01" />
  <testcase classname="ptolemy.util.test.junit.AutoTests" name="[87] /home/travis/build/icyphy/ptII/ptolemy/domains/de/test/auto/relationGroup.xml (RunModel)" time="0.006" />
  <testcase classname="ptolemy.util.test.junit.AutoTests" name="[88] /home/travis/build/icyphy/ptII/ptolemy/domains/de/test/auto/relationGroup2.xml (RunModel)" time="0.015" />
  <testcase classname="ptolemy.util.test.junit.AutoTests" name="[89] /home/travis/build/icyphy/ptII/ptolemy/domains/de/test/auto/sortWithOpaquePorts.xml (RunModel)" time="0.013" />
  <testcase classname="ptolemy.util.test.junit.AutoTests" name="[90] /home/travis/build/icyphy/ptII/ptolemy/domains/de/test/auto/transferInputsandOutputs.xml (RunModel)" time="0.031" />
  <testcase classname="ptolemy.util.test.junit.AutoTests" name="[91] /home/travis/build/icyphy/ptII/ptolemy/domains/de/test/auto/triggerType.xml (RunModel)" time="0.01" />
  <system-out><![CDATA[/home/travis/build/icyphy/ptII/ptolemy/domains/de/test/DependencyLoop.tcl
testDefs.tcl: setting time out to 9000 seconds at Mon Aug 05 20:06:06 UTC 2019
105 ms. Memory: 120832K Free: 72134K (60%)
24 ms. Memory: 120832K Free: 54711K (45%)
/home/travis/build/icyphy/ptII/ptolemy/domains/de/test/RunDETestsAsQSS.tcl
Run the DE tests using ptolemy.domains.qss.test.QSSDirectorTest, which extends QSSDirector and prints a message in the constructors.
------------------ testing $PTII/ptolemy/domains/de/test/auto/knownFailedTests/DirectFeedback.xml (Known Failure) 
36 ms. Memory: 120832K Free: 48582K (40%)


==== $PTIIhome/travis/build/icyphy/ptII/ptolemy/domains/de/test/../../../../: Auto Automatic test in file $PTII/ptolemy/domains/de/test/auto/knownFailedTests/DirectFeedback.xml
==== Contents of test case:

	    # FIXME: we should use $relativeFilename here, but it
	    # might have backslashes under Windows, which causes no end
	    # of trouble.
	    createAndExecute $file
	    list {}
	
.... Test generated KNOWN error:
    while executing
ptolemy.kernel.util.IllegalActionException: Test fails in iteration 1.
Value was: 1.0. Should have been: 2.0
  in .DirectFeedback.Test
	at ptolemy.actor.lib.Test.fire(Test.java:268)
	at ptolemy.domains.de.kernel.DEDirector._fire(DEDirector.java:1949)
	at ptolemy.domains.de.kernel.DEDirector.fire(DEDirector.java:502)
	at ptolemy.actor.CompositeActor.fire(CompositeActor.java:455)
	at ptolemy.actor.Manager.iterate(Manager.java:851)
	at ptolemy.actor.Manager.execute(Manager.java:369)
	at ptolemy.actor.Manager.run(Manager.java:1263)
	at ptolemy.actor.Manager$PtolemyRunThread.run(Manager.java:1933)

    while executing
ptolemy.kernel.util.IllegalActionException: Test fails in iteration 1.
Value was: 1.0. Should have been: 2.0
  in .DirectFeedback.Test
    while executing
"java::new ptolemy.moml.MoMLSimpleApplication $file
"
    (procedure "createAndExecute" line 2)
    invoked from within
"createAndExecute $file"
    ("uplevel" body line 5)
    invoked from within
"uplevel $contents_of_test"
------------------ testing $PTII/ptolemy/domains/de/test/auto/knownFailedTests/dependencyLoop.xml (Known Failure) 
36 ms. Memory: 120832K Free: 108329K (90%)


==== $PTIIhome/travis/build/icyphy/ptII/ptolemy/domains/de/test/../../../../: Auto Automatic test in file $PTII/ptolemy/domains/de/test/auto/knownFailedTests/dependencyLoop.xml
==== Contents of test case:

	    # FIXME: we should use $relativeFilename here, but it
	    # might have backslashes under Windows, which causes no end
	    # of trouble.
	    createAndExecute $file
	    list {}
	
.... Test generated KNOWN error:
    while executing
ptolemy.kernel.util.IllegalActionException: Found a zero delay loop containing .dependencyLoop.original
  in .dependencyLoop and .dependencyLoop.original
	at ptolemy.actor.util.CausalityInterfaceForComposites._computeOutputPortDepth(CausalityInterfaceForComposites.java:759)
	at ptolemy.actor.util.CausalityInterfaceForComposites._computeInputDepth(CausalityInterfaceForComposites.java:696)
	at ptolemy.actor.util.CausalityInterfaceForComposites._computeOutputPortDepth(CausalityInterfaceForComposites.java:765)
	at ptolemy.actor.util.CausalityInterfaceForComposites._computeInputDepth(CausalityInterfaceForComposites.java:696)
	at ptolemy.actor.util.CausalityInterfaceForComposites._computeOutputPortDepth(CausalityInterfaceForComposites.java:765)
	at ptolemy.actor.util.CausalityInterfaceForComposites._computeInputDepth(CausalityInterfaceForComposites.java:696)
	at ptolemy.actor.util.CausalityInterfaceForComposites._computeActorDepth(CausalityInterfaceForComposites.java:532)
	at ptolemy.actor.util.CausalityInterfaceForComposites.checkForCycles(CausalityInterfaceForComposites.java:96)
	at ptolemy.domains.de.kernel.DEDirector.preinitialize(DEDirector.java:1338)
	at ptolemy.actor.CompositeActor.preinitialize(CompositeActor.java:1828)
	at ptolemy.actor.Manager.preinitializeAndResolveTypes(Manager.java:1040)
	at ptolemy.actor.Manager.initialize(Manager.java:710)
	at ptolemy.actor.Manager.execute(Manager.java:356)
	at ptolemy.actor.Manager.run(Manager.java:1263)
	at ptolemy.actor.Manager$PtolemyRunThread.run(Manager.java:1933)

    while executing
ptolemy.kernel.util.IllegalActionException: Found a zero delay loop containing .dependencyLoop.original
  in .dependencyLoop and .dependencyLoop.original
    while executing
"java::new ptolemy.moml.MoMLSimpleApplication $file
"
    (procedure "createAndExecute" line 2)
    invoked from within
"createAndExecute $file"
    ("uplevel" body line 5)
    invoked from within
"uplevel $contents_of_test"
------------------ testing $PTII/ptolemy/domains/de/test/auto/knownFailedTests/FSMSource.xml (Known Failure) 
85 ms. Memory: 120832K Free: 99197K (82%)
!!!! Auto was marked as failing, but now passes
------------------ testing $PTII/ptolemy/domains/de/test/auto/knownFailedTests/HierarchicalModel.xml (Known Failure) 
14 ms. Memory: 120832K Free: 81758K (68%)


==== $PTIIhome/travis/build/icyphy/ptII/ptolemy/domains/de/test/../../../../: Auto Automatic test in file $PTII/ptolemy/domains/de/test/auto/knownFailedTests/HierarchicalModel.xml
==== Contents of test case:

	    # FIXME: we should use $relativeFilename here, but it
	    # might have backslashes under Windows, which causes no end
	    # of trouble.
	    createAndExecute $file
	    list {}
	
.... Test generated KNOWN error:
    while executing
ptolemy.kernel.util.IllegalActionException: Found a zero delay loop containing .HierarchicalModel.A
  in .HierarchicalModel and .HierarchicalModel.A
	at ptolemy.actor.util.CausalityInterfaceForComposites._computeOutputPortDepth(CausalityInterfaceForComposites.java:759)
	at ptolemy.actor.util.CausalityInterfaceForComposites._computeInputDepth(CausalityInterfaceForComposites.java:696)
	at ptolemy.actor.util.CausalityInterfaceForComposites._computeOutputPortDepth(CausalityInterfaceForComposites.java:765)
	at ptolemy.actor.util.CausalityInterfaceForComposites._computeInputDepth(CausalityInterfaceForComposites.java:696)
	at ptolemy.actor.util.CausalityInterfaceForComposites._computeOutputPortDepth(CausalityInterfaceForComposites.java:765)
	at ptolemy.actor.util.CausalityInterfaceForComposites._computeInputDepth(CausalityInterfaceForComposites.java:696)
	at ptolemy.actor.util.CausalityInterfaceForComposites._computeActorDepth(CausalityInterfaceForComposites.java:532)
	at ptolemy.actor.util.CausalityInterfaceForComposites.checkForCycles(CausalityInterfaceForComposites.java:96)
	at ptolemy.domains.de.kernel.DEDirector.preinitialize(DEDirector.java:1338)
	at ptolemy.actor.CompositeActor.preinitialize(CompositeActor.java:1828)
	at ptolemy.actor.Manager.preinitializeAndResolveTypes(Manager.java:1040)
	at ptolemy.actor.Manager.initialize(Manager.java:710)
	at ptolemy.actor.Manager.execute(Manager.java:356)
	at ptolemy.actor.Manager.run(Manager.java:1263)
	at ptolemy.actor.Manager$PtolemyRunThread.run(Manager.java:1933)

    while executing
ptolemy.kernel.util.IllegalActionException: Found a zero delay loop containing .HierarchicalModel.A
  in .HierarchicalModel and .HierarchicalModel.A
    while executing
"java::new ptolemy.moml.MoMLSimpleApplication $file
"
    (procedure "createAndExecute" line 2)
    invoked from within
"createAndExecute $file"
    ("uplevel" body line 5)
    invoked from within
"uplevel $contents_of_test"
------------------ testing $PTII/ptolemy/domains/de/test/auto/knownFailedTests/dependencyLoop2.xml (Known Failure) 
5 ms. Memory: 120832K Free: 65823K (54%)


==== $PTIIhome/travis/build/icyphy/ptII/ptolemy/domains/de/test/../../../../: Auto Automatic test in file $PTII/ptolemy/domains/de/test/auto/knownFailedTests/dependencyLoop2.xml
==== Contents of test case:

	    # FIXME: we should use $relativeFilename here, but it
	    # might have backslashes under Windows, which causes no end
	    # of trouble.
	    createAndExecute $file
	    list {}
	
.... Test generated KNOWN error:
    while executing
ptolemy.kernel.util.IllegalActionException: Found a zero delay loop containing .dependencyLoop2.original
  in .dependencyLoop2 and .dependencyLoop2.original
	at ptolemy.actor.util.CausalityInterfaceForComposites._computeOutputPortDepth(CausalityInterfaceForComposites.java:759)
	at ptolemy.actor.util.CausalityInterfaceForComposites._computeInputDepth(CausalityInterfaceForComposites.java:696)
	at ptolemy.actor.util.CausalityInterfaceForComposites._computeOutputPortDepth(CausalityInterfaceForComposites.java:765)
	at ptolemy.actor.util.CausalityInterfaceForComposites._computeInputDepth(CausalityInterfaceForComposites.java:696)
	at ptolemy.actor.util.CausalityInterfaceForComposites._computeOutputPortDepth(CausalityInterfaceForComposites.java:765)
	at ptolemy.actor.util.CausalityInterfaceForComposites._computeInputDepth(CausalityInterfaceForComposites.java:696)
	at ptolemy.actor.util.CausalityInterfaceForComposites._computeActorDepth(CausalityInterfaceForComposites.java:532)
	at ptolemy.actor.util.CausalityInterfaceForComposites.checkForCycles(CausalityInterfaceForComposites.java:96)
	at ptolemy.domains.de.kernel.DEDirector.preinitialize(DEDirector.java:1338)
	at ptolemy.actor.CompositeActor.preinitialize(CompositeActor.java:1828)
	at ptolemy.actor.Manager.preinitializeAndResolveTypes(Manager.java:1040)
	at ptolemy.actor.Manager.initialize(Manager.java:710)
	at ptolemy.actor.Manager.execute(Manager.java:356)
	at ptolemy.actor.Manager.run(Manager.java:1263)
	at ptolemy.actor.Manager$PtolemyRunThread.run(Manager.java:1933)

    while executing
ptolemy.kernel.util.IllegalActionException: Found a zero delay loop containing .dependencyLoop2.original
  in .dependencyLoop2 and .dependencyLoop2.original
    while executing
"java::new ptolemy.moml.MoMLSimpleApplication $file
"
    (procedure "createAndExecute" line 2)
    invoked from within
"createAndExecute $file"
    ("uplevel" body line 5)
    invoked from within
"uplevel $contents_of_test"
------------------ testing $PTII/ptolemy/domains/de/test/auto/knownFailedTests/DESDFClockTest.xml (Known Failure) 
2054 ms. Memory: 120832K Free: 94423K (78%)


==== $PTIIhome/travis/build/icyphy/ptII/ptolemy/domains/de/test/../../../../: Auto Automatic test in file $PTII/ptolemy/domains/de/test/auto/knownFailedTests/DESDFClockTest.xml
==== Contents of test case:

	    # FIXME: we should use $relativeFilename here, but it
	    # might have backslashes under Windows, which causes no end
	    # of trouble.
	    createAndExecute $file
	    list {}
	
.... Test generated KNOWN error:
    while executing
ptolemy.kernel.util.IllegalActionException: Actor is not ready to fire.  Perhaps UpSample.prefire() returned false? Try debugging the actor by selecting "Listen to Actor".  Also, for SDF check moml for tokenConsumptionRate on input.
  in .DESDFClockTest.Play Bell.Copy1:SDF Director and .DESDFClockTest.Play Bell.UpSample
	at ptolemy.actor.sched.StaticSchedulingDirector.fire(StaticSchedulingDirector.java:227)
	at ptolemy.domains.sdf.kernel.SDFDirector.fire(SDFDirector.java:500)
	at ptolemy.actor.CompositeActor.fire(CompositeActor.java:455)
	at ptolemy.domains.de.kernel.DEDirector._fire(DEDirector.java:1949)
	at ptolemy.domains.de.kernel.DEDirector.fire(DEDirector.java:502)
	at ptolemy.actor.CompositeActor.fire(CompositeActor.java:455)
	at ptolemy.actor.Manager.iterate(Manager.java:851)
	at ptolemy.actor.Manager.execute(Manager.java:369)
	at ptolemy.actor.Manager.run(Manager.java:1263)
	at ptolemy.actor.Manager$PtolemyRunThread.run(Manager.java:1933)

    while executing
ptolemy.kernel.util.IllegalActionException: Actor is not ready to fire.  Perhaps UpSample.prefire() returned false? Try debugging the actor by selecting "Listen to Actor".  Also, for SDF check moml for tokenConsumptionRate on input.
  in .DESDFClockTest.Play Bell.Copy1:SDF Director and .DESDFClockTest.Play Bell.UpSample
    while executing
"java::new ptolemy.moml.MoMLSimpleApplication $file
"
    (procedure "createAndExecute" line 2)
    invoked from within
"createAndExecute $file"
    ("uplevel" body line 5)
    invoked from within
"uplevel $contents_of_test"
------------------ testing $PTII/ptolemy/domains/de/test/auto/ActorDepthCalculation_actorWithoutPorts.xml
auto.tcl: Setting watchdog for 200 seconds at Mon Aug 05 20:06:10 UTC 2019
5 ms. Memory: 120832K Free: 87225K (72%)
ptolemy.util.test.WatchDog.cancel(): canceling Mon Aug 05 20:06:10 UTC 2019
auto.tcl: Setting watchdog for 200 seconds at Mon Aug 05 20:06:10 UTC 2019
5 ms. Memory: 120832K Free: 85947K (71%)
ptolemy.util.test.WatchDog.cancel(): canceling Mon Aug 05 20:06:10 UTC 2019
------------------ testing $PTII/ptolemy/domains/de/test/auto/AssemblyLine.xml
auto.tcl: Setting watchdog for 200 seconds at Mon Aug 05 20:06:10 UTC 2019
9 ms. Memory: 48128K Free: 25771K (54%)
ptolemy.util.test.WatchDog.cancel(): canceling Mon Aug 05 20:06:10 UTC 2019
auto.tcl: Setting watchdog for 200 seconds at Mon Aug 05 20:06:10 UTC 2019
10 ms. Memory: 48128K Free: 24858K (52%)
ptolemy.util.test.WatchDog.cancel(): canceling Mon Aug 05 20:06:10 UTC 2019
------------------ testing $PTII/ptolemy/domains/de/test/auto/CQBug1.xml
auto.tcl: Setting watchdog for 200 seconds at Mon Aug 05 20:06:10 UTC 2019
3 ms. Memory: 48128K Free: 31462K (65%)
ptolemy.util.test.WatchDog.cancel(): canceling Mon Aug 05 20:06:10 UTC 2019
auto.tcl: Setting watchdog for 200 seconds at Mon Aug 05 20:06:10 UTC 2019
3 ms. Memory: 48128K Free: 31033K (64%)
ptolemy.util.test.WatchDog.cancel(): canceling Mon Aug 05 20:06:10 UTC 2019
------------------ testing $PTII/ptolemy/domains/de/test/auto/CancelFireAt.xml
auto.tcl: Setting watchdog for 200 seconds at Mon Aug 05 20:06:10 UTC 2019
5 ms. Memory: 45056K Free: 29691K (66%)
ptolemy.util.test.WatchDog.cancel(): canceling Mon Aug 05 20:06:10 UTC 2019
auto.tcl: Setting watchdog for 200 seconds at Mon Aug 05 20:06:10 UTC 2019
2 ms. Memory: 45056K Free: 29247K (65%)
ptolemy.util.test.WatchDog.cancel(): canceling Mon Aug 05 20:06:10 UTC 2019
------------------ testing $PTII/ptolemy/domains/de/test/auto/CausalityAndComposabilityAnalysis.xml
auto.tcl: Setting watchdog for 200 seconds at Mon Aug 05 20:06:10 UTC 2019
21 ms. Memory: 45056K Free: 27664K (61%)
ptolemy.util.test.WatchDog.cancel(): canceling Mon Aug 05 20:06:10 UTC 2019
auto.tcl: Setting watchdog for 200 seconds at Mon Aug 05 20:06:10 UTC 2019
12 ms. Memory: 45056K Free: 26891K (60%)
ptolemy.util.test.WatchDog.cancel(): canceling Mon Aug 05 20:06:10 UTC 2019
------------------ testing $PTII/ptolemy/domains/de/test/auto/CausalityInterface1.xml
auto.tcl: Setting watchdog for 200 seconds at Mon Aug 05 20:06:10 UTC 2019
29 ms. Memory: 45056K Free: 26362K (59%)
ptolemy.util.test.WatchDog.cancel(): canceling Mon Aug 05 20:06:11 UTC 2019
auto.tcl: Setting watchdog for 200 seconds at Mon Aug 05 20:06:11 UTC 2019
5 ms. Memory: 45056K Free: 25397K (56%)
ptolemy.util.test.WatchDog.cancel(): canceling Mon Aug 05 20:06:11 UTC 2019
------------------ testing $PTII/ptolemy/domains/de/test/auto/CausalityInterface15.xml
auto.tcl: Setting watchdog for 200 seconds at Mon Aug 05 20:06:11 UTC 2019
15 ms. Memory: 45056K Free: 26047K (58%)
ptolemy.util.test.WatchDog.cancel(): canceling Mon Aug 05 20:06:11 UTC 2019
auto.tcl: Setting watchdog for 200 seconds at Mon Aug 05 20:06:11 UTC 2019
4 ms. Memory: 45056K Free: 25346K (56%)
ptolemy.util.test.WatchDog.cancel(): canceling Mon Aug 05 20:06:11 UTC 2019
------------------ testing $PTII/ptolemy/domains/de/test/auto/CausalityInterface2.xml
auto.tcl: Setting watchdog for 200 seconds at Mon Aug 05 20:06:11 UTC 2019
7 ms. Memory: 45056K Free: 27146K (60%)
ptolemy.util.test.WatchDog.cancel(): canceling Mon Aug 05 20:06:11 UTC 2019
auto.tcl: Setting watchdog for 200 seconds at Mon Aug 05 20:06:11 UTC 2019
4 ms. Memory: 45056K Free: 26231K (58%)
ptolemy.util.test.WatchDog.cancel(): canceling Mon Aug 05 20:06:11 UTC 2019
------------------ testing $PTII/ptolemy/domains/de/test/auto/CausalityInterface3.xml
auto.tcl: Setting watchdog for 200 seconds at Mon Aug 05 20:06:11 UTC 2019
4 ms. Memory: 45056K Free: 26448K (59%)
ptolemy.util.test.WatchDog.cancel(): canceling Mon Aug 05 20:06:11 UTC 2019
auto.tcl: Setting watchdog for 200 seconds at Mon Aug 05 20:06:11 UTC 2019
7 ms. Memory: 45056K Free: 25652K (57%)
ptolemy.util.test.WatchDog.cancel(): canceling Mon Aug 05 20:06:11 UTC 2019
------------------ testing $PTII/ptolemy/domains/de/test/auto/ClockDrift.xml
auto.tcl: Setting watchdog for 200 seconds at Mon Aug 05 20:06:11 UTC 2019
83 ms. Memory: 45056K Free: 19025K (42%)
ptolemy.util.test.WatchDog.cancel(): canceling Mon Aug 05 20:06:11 UTC 2019
auto.tcl: Setting watchdog for 200 seconds at Mon Aug 05 20:06:11 UTC 2019
62 ms. Memory: 45056K Free: 16013K (36%)
ptolemy.util.test.WatchDog.cancel(): canceling Mon Aug 05 20:06:11 UTC 2019
------------------ testing $PTII/ptolemy/domains/de/test/auto/ClockDriftAndValueChange.xml
auto.tcl: Setting watchdog for 200 seconds at Mon Aug 05 20:06:11 UTC 2019
22 ms. Memory: 45056K Free: 19118K (42%)
ptolemy.util.test.WatchDog.cancel(): canceling Mon Aug 05 20:06:11 UTC 2019
auto.tcl: Setting watchdog for 200 seconds at Mon Aug 05 20:06:11 UTC 2019
30 ms. Memory: 45056K Free: 16274K (36%)
ptolemy.util.test.WatchDog.cancel(): canceling Mon Aug 05 20:06:11 UTC 2019
------------------ testing $PTII/ptolemy/domains/de/test/auto/ClockDriftChange.xml
auto.tcl: Setting watchdog for 200 seconds at Mon Aug 05 20:06:11 UTC 2019
22 ms. Memory: 45056K Free: 21167K (47%)
ptolemy.util.test.WatchDog.cancel(): canceling Mon Aug 05 20:06:11 UTC 2019
auto.tcl: Setting watchdog for 200 seconds at Mon Aug 05 20:06:11 UTC 2019
19 ms. Memory: 45056K Free: 18611K (41%)
ptolemy.util.test.WatchDog.cancel(): canceling Mon Aug 05 20:06:11 UTC 2019
------------------ testing $PTII/ptolemy/domains/de/test/auto/ComposableCausalityAnalysis.xml
auto.tcl: Setting watchdog for 200 seconds at Mon Aug 05 20:06:11 UTC 2019
3 ms. Memory: 45056K Free: 25814K (57%)
ptolemy.util.test.WatchDog.cancel(): canceling Mon Aug 05 20:06:11 UTC 2019
auto.tcl: Setting watchdog for 200 seconds at Mon Aug 05 20:06:11 UTC 2019
3 ms. Memory: 45056K Free: 24778K (55%)
ptolemy.util.test.WatchDog.cancel(): canceling Mon Aug 05 20:06:11 UTC 2019
------------------ testing $PTII/ptolemy/domains/de/test/auto/DEFixedPointLimitation.xml
auto.tcl: Setting watchdog for 200 seconds at Mon Aug 05 20:06:12 UTC 2019
4 ms. Memory: 45056K Free: 27161K (60%)
ptolemy.util.test.WatchDog.cancel(): canceling Mon Aug 05 20:06:12 UTC 2019
auto.tcl: Setting watchdog for 200 seconds at Mon Aug 05 20:06:12 UTC 2019
1 ms. Memory: 45056K Free: 26237K (58%)
ptolemy.util.test.WatchDog.cancel(): canceling Mon Aug 05 20:06:12 UTC 2019
------------------ testing $PTII/ptolemy/domains/de/test/auto/DEScheduleTest.xml
auto.tcl: Setting watchdog for 200 seconds at Mon Aug 05 20:06:12 UTC 2019
12 ms. Memory: 45056K Free: 27414K (61%)
ptolemy.util.test.WatchDog.cancel(): canceling Mon Aug 05 20:06:12 UTC 2019
auto.tcl: Setting watchdog for 200 seconds at Mon Aug 05 20:06:12 UTC 2019
3 ms. Memory: 45056K Free: 26668K (59%)
ptolemy.util.test.WatchDog.cancel(): canceling Mon Aug 05 20:06:12 UTC 2019
------------------ testing $PTII/ptolemy/domains/de/test/auto/DEinDEwithStartTimes.xml
auto.tcl: Setting watchdog for 200 seconds at Mon Aug 05 20:06:12 UTC 2019
3 ms. Memory: 45056K Free: 25595K (57%)
ptolemy.util.test.WatchDog.cancel(): canceling Mon Aug 05 20:06:12 UTC 2019
auto.tcl: Setting watchdog for 200 seconds at Mon Aug 05 20:06:12 UTC 2019
3 ms. Memory: 45056K Free: 24571K (55%)
ptolemy.util.test.WatchDog.cancel(): canceling Mon Aug 05 20:06:12 UTC 2019
------------------ testing $PTII/ptolemy/domains/de/test/auto/DEinDEwithStartTimes2.xml
auto.tcl: Setting watchdog for 200 seconds at Mon Aug 05 20:06:12 UTC 2019
5 ms. Memory: 45056K Free: 24832K (55%)
ptolemy.util.test.WatchDog.cancel(): canceling Mon Aug 05 20:06:12 UTC 2019
auto.tcl: Setting watchdog for 200 seconds at Mon Aug 05 20:06:12 UTC 2019
4 ms. Memory: 45056K Free: 23526K (52%)
ptolemy.util.test.WatchDog.cancel(): canceling Mon Aug 05 20:06:12 UTC 2019
------------------ testing $PTII/ptolemy/domains/de/test/auto/DateDemo.xml
auto.tcl: Setting watchdog for 200 seconds at Mon Aug 05 20:06:12 UTC 2019
13 ms. Memory: 45056K Free: 19177K (43%)
ptolemy.util.test.WatchDog.cancel(): canceling Mon Aug 05 20:06:12 UTC 2019
auto.tcl: Setting watchdog for 200 seconds at Mon Aug 05 20:06:12 UTC 2019
11 ms. Memory: 45056K Free: 17623K (39%)
ptolemy.util.test.WatchDog.cancel(): canceling Mon Aug 05 20:06:12 UTC 2019
------------------ testing $PTII/ptolemy/domains/de/test/auto/DateToEvent.xml
auto.tcl: Setting watchdog for 200 seconds at Mon Aug 05 20:06:12 UTC 2019
2021 ms. Memory: 45056K Free: 15087K (33%)
ptolemy.util.test.WatchDog.cancel(): canceling Mon Aug 05 20:06:14 UTC 2019
auto.tcl: Setting watchdog for 200 seconds at Mon Aug 05 20:06:14 UTC 2019
2005 ms. Memory: 45056K Free: 14361K (32%)
ptolemy.util.test.WatchDog.cancel(): canceling Mon Aug 05 20:06:16 UTC 2019
------------------ testing $PTII/ptolemy/domains/de/test/auto/DepthTest1.xml
auto.tcl: Setting watchdog for 200 seconds at Mon Aug 05 20:06:16 UTC 2019
8 ms. Memory: 45056K Free: 28375K (63%)
ptolemy.util.test.WatchDog.cancel(): canceling Mon Aug 05 20:06:16 UTC 2019
auto.tcl: Setting watchdog for 200 seconds at Mon Aug 05 20:06:16 UTC 2019
2 ms. Memory: 45056K Free: 27868K (62%)
ptolemy.util.test.WatchDog.cancel(): canceling Mon Aug 05 20:06:16 UTC 2019
------------------ testing $PTII/ptolemy/domains/de/test/auto/DepthTest2.xml
auto.tcl: Setting watchdog for 200 seconds at Mon Aug 05 20:06:16 UTC 2019
12 ms. Memory: 45056K Free: 25102K (56%)
ptolemy.util.test.WatchDog.cancel(): canceling Mon Aug 05 20:06:16 UTC 2019
auto.tcl: Setting watchdog for 200 seconds at Mon Aug 05 20:06:16 UTC 2019
3 ms. Memory: 45056K Free: 24720K (55%)
ptolemy.util.test.WatchDog.cancel(): canceling Mon Aug 05 20:06:16 UTC 2019
------------------ testing $PTII/ptolemy/domains/de/test/auto/DepthTest3.xml
auto.tcl: Setting watchdog for 200 seconds at Mon Aug 05 20:06:16 UTC 2019
2 ms. Memory: 45056K Free: 28563K (63%)
ptolemy.util.test.WatchDog.cancel(): canceling Mon Aug 05 20:06:16 UTC 2019
auto.tcl: Setting watchdog for 200 seconds at Mon Aug 05 20:06:16 UTC 2019
1 ms. Memory: 45056K Free: 28171K (63%)
ptolemy.util.test.WatchDog.cancel(): canceling Mon Aug 05 20:06:16 UTC 2019
------------------ testing $PTII/ptolemy/domains/de/test/auto/DepthTest4.xml
auto.tcl: Setting watchdog for 200 seconds at Mon Aug 05 20:06:16 UTC 2019
3 ms. Memory: 45056K Free: 26920K (60%)
ptolemy.util.test.WatchDog.cancel(): canceling Mon Aug 05 20:06:16 UTC 2019
auto.tcl: Setting watchdog for 200 seconds at Mon Aug 05 20:06:16 UTC 2019
2 ms. Memory: 45056K Free: 26184K (58%)
ptolemy.util.test.WatchDog.cancel(): canceling Mon Aug 05 20:06:16 UTC 2019
------------------ testing $PTII/ptolemy/domains/de/test/auto/DepthTest5.xml
auto.tcl: Setting watchdog for 200 seconds at Mon Aug 05 20:06:16 UTC 2019
6 ms. Memory: 45056K Free: 26026K (58%)
ptolemy.util.test.WatchDog.cancel(): canceling Mon Aug 05 20:06:16 UTC 2019
auto.tcl: Setting watchdog for 200 seconds at Mon Aug 05 20:06:16 UTC 2019
3 ms. Memory: 45056K Free: 25636K (57%)
ptolemy.util.test.WatchDog.cancel(): canceling Mon Aug 05 20:06:16 UTC 2019
------------------ testing $PTII/ptolemy/domains/de/test/auto/DepthTest6.xml
auto.tcl: Setting watchdog for 200 seconds at Mon Aug 05 20:06:17 UTC 2019
4 ms. Memory: 45056K Free: 26052K (58%)
ptolemy.util.test.WatchDog.cancel(): canceling Mon Aug 05 20:06:17 UTC 2019
auto.tcl: Setting watchdog for 200 seconds at Mon Aug 05 20:06:17 UTC 2019
3 ms. Memory: 45056K Free: 25502K (57%)
ptolemy.util.test.WatchDog.cancel(): canceling Mon Aug 05 20:06:17 UTC 2019
------------------ testing $PTII/ptolemy/domains/de/test/auto/DepthTest7.xml
auto.tcl: Setting watchdog for 200 seconds at Mon Aug 05 20:06:17 UTC 2019
3 ms. Memory: 45056K Free: 26685K (59%)
ptolemy.util.test.WatchDog.cancel(): canceling Mon Aug 05 20:06:17 UTC 2019
auto.tcl: Setting watchdog for 200 seconds at Mon Aug 05 20:06:17 UTC 2019
3 ms. Memory: 45056K Free: 25771K (57%)
ptolemy.util.test.WatchDog.cancel(): canceling Mon Aug 05 20:06:17 UTC 2019
------------------ testing $PTII/ptolemy/domains/de/test/auto/EventToDate.xml
auto.tcl: Setting watchdog for 200 seconds at Mon Aug 05 20:06:17 UTC 2019
3006 ms. Memory: 45056K Free: 17328K (38%)
ptolemy.util.test.WatchDog.cancel(): canceling Mon Aug 05 20:06:20 UTC 2019
auto.tcl: Setting watchdog for 200 seconds at Mon Aug 05 20:06:20 UTC 2019
3004 ms. Memory: 45056K Free: 16562K (37%)
ptolemy.util.test.WatchDog.cancel(): canceling Mon Aug 05 20:06:23 UTC 2019
------------------ testing $PTII/ptolemy/domains/de/test/auto/FSM1.xml
auto.tcl: Setting watchdog for 200 seconds at Mon Aug 05 20:06:23 UTC 2019
25 ms. Memory: 45056K Free: 18357K (41%)
ptolemy.util.test.WatchDog.cancel(): canceling Mon Aug 05 20:06:23 UTC 2019
auto.tcl: Setting watchdog for 200 seconds at Mon Aug 05 20:06:23 UTC 2019
17 ms. Memory: 45056K Free: 15228K (34%)
ptolemy.util.test.WatchDog.cancel(): canceling Mon Aug 05 20:06:23 UTC 2019
------------------ testing $PTII/ptolemy/domains/de/test/auto/FSM7.xml
auto.tcl: Setting watchdog for 200 seconds at Mon Aug 05 20:06:23 UTC 2019
31 ms. Memory: 45056K Free: 18558K (41%)
ptolemy.util.test.WatchDog.cancel(): canceling Mon Aug 05 20:06:23 UTC 2019
auto.tcl: Setting watchdog for 200 seconds at Mon Aug 05 20:06:23 UTC 2019
30 ms. Memory: 45056K Free: 15173K (34%)
ptolemy.util.test.WatchDog.cancel(): canceling Mon Aug 05 20:06:23 UTC 2019
------------------ testing $PTII/ptolemy/domains/de/test/auto/Inspection.xml
auto.tcl: Setting watchdog for 200 seconds at Mon Aug 05 20:06:23 UTC 2019
36 ms. Memory: 45056K Free: 18578K (41%)
ptolemy.util.test.WatchDog.cancel(): canceling Mon Aug 05 20:06:23 UTC 2019
auto.tcl: Setting watchdog for 200 seconds at Mon Aug 05 20:06:23 UTC 2019
34 ms. Memory: 45056K Free: 16839K (37%)
ptolemy.util.test.WatchDog.cancel(): canceling Mon Aug 05 20:06:23 UTC 2019
------------------ testing $PTII/ptolemy/domains/de/test/auto/Iteration.xml
auto.tcl: Setting watchdog for 200 seconds at Mon Aug 05 20:06:23 UTC 2019
9 ms. Memory: 45056K Free: 24349K (54%)
ptolemy.util.test.WatchDog.cancel(): canceling Mon Aug 05 20:06:23 UTC 2019
auto.tcl: Setting watchdog for 200 seconds at Mon Aug 05 20:06:23 UTC 2019
9 ms. Memory: 45056K Free: 22894K (51%)
ptolemy.util.test.WatchDog.cancel(): canceling Mon Aug 05 20:06:23 UTC 2019
------------------ testing $PTII/ptolemy/domains/de/test/auto/LineFault.xml
auto.tcl: Setting watchdog for 200 seconds at Mon Aug 05 20:06:23 UTC 2019
696 ms. Memory: 54272K Free: 34503K (64%)
ptolemy.util.test.WatchDog.cancel(): canceling Mon Aug 05 20:06:24 UTC 2019
auto.tcl: Setting watchdog for 200 seconds at Mon Aug 05 20:06:24 UTC 2019
699 ms. Memory: 54272K Free: 27416K (51%)
ptolemy.util.test.WatchDog.cancel(): canceling Mon Aug 05 20:06:25 UTC 2019
------------------ testing $PTII/ptolemy/domains/de/test/auto/MergeModel1Add.xml
auto.tcl: Setting watchdog for 200 seconds at Mon Aug 05 20:06:25 UTC 2019
19 ms. Memory: 54272K Free: 19194K (35%)
ptolemy.util.test.WatchDog.cancel(): canceling Mon Aug 05 20:06:25 UTC 2019
auto.tcl: Setting watchdog for 200 seconds at Mon Aug 05 20:06:25 UTC 2019
14 ms. Memory: 54272K Free: 17493K (32%)
ptolemy.util.test.WatchDog.cancel(): canceling Mon Aug 05 20:06:25 UTC 2019
------------------ testing $PTII/ptolemy/domains/de/test/auto/MergeModel2Add.xml
auto.tcl: Setting watchdog for 200 seconds at Mon Aug 05 20:06:25 UTC 2019
18 ms. Memory: 48128K Free: 14878K (31%)
ptolemy.util.test.WatchDog.cancel(): canceling Mon Aug 05 20:06:25 UTC 2019
auto.tcl: Setting watchdog for 200 seconds at Mon Aug 05 20:06:25 UTC 2019
10 ms. Memory: 48128K Free: 13125K (27%)
ptolemy.util.test.WatchDog.cancel(): canceling Mon Aug 05 20:06:25 UTC 2019
------------------ testing $PTII/ptolemy/domains/de/test/auto/MergeModel3Add.xml
auto.tcl: Setting watchdog for 200 seconds at Mon Aug 05 20:06:25 UTC 2019
10 ms. Memory: 48128K Free: 15103K (31%)
ptolemy.util.test.WatchDog.cancel(): canceling Mon Aug 05 20:06:25 UTC 2019
auto.tcl: Setting watchdog for 200 seconds at Mon Aug 05 20:06:25 UTC 2019
11 ms. Memory: 48128K Free: 13704K (28%)
ptolemy.util.test.WatchDog.cancel(): canceling Mon Aug 05 20:06:26 UTC 2019
------------------ testing $PTII/ptolemy/domains/de/test/auto/MergeWithoutDiscard.xml
auto.tcl: Setting watchdog for 200 seconds at Mon Aug 05 20:06:26 UTC 2019
4 ms. Memory: 48128K Free: 29445K (61%)
ptolemy.util.test.WatchDog.cancel(): canceling Mon Aug 05 20:06:26 UTC 2019
auto.tcl: Setting watchdog for 200 seconds at Mon Aug 05 20:06:26 UTC 2019
1 ms. Memory: 48128K Free: 29005K (60%)
ptolemy.util.test.WatchDog.cancel(): canceling Mon Aug 05 20:06:26 UTC 2019
------------------ testing $PTII/ptolemy/domains/de/test/auto/Modal1.xml
auto.tcl: Setting watchdog for 200 seconds at Mon Aug 05 20:06:26 UTC 2019
16 ms. Memory: 48128K Free: 21571K (45%)
ptolemy.util.test.WatchDog.cancel(): canceling Mon Aug 05 20:06:26 UTC 2019
auto.tcl: Setting watchdog for 200 seconds at Mon Aug 05 20:06:26 UTC 2019
20 ms. Memory: 48128K Free: 18117K (38%)
ptolemy.util.test.WatchDog.cancel(): canceling Mon Aug 05 20:06:26 UTC 2019
------------------ testing $PTII/ptolemy/domains/de/test/auto/Modal2.xml
auto.tcl: Setting watchdog for 200 seconds at Mon Aug 05 20:06:26 UTC 2019
11 ms. Memory: 48128K Free: 21716K (45%)
ptolemy.util.test.WatchDog.cancel(): canceling Mon Aug 05 20:06:26 UTC 2019
auto.tcl: Setting watchdog for 200 seconds at Mon Aug 05 20:06:26 UTC 2019
12 ms. Memory: 48128K Free: 18474K (38%)
ptolemy.util.test.WatchDog.cancel(): canceling Mon Aug 05 20:06:26 UTC 2019
------------------ testing $PTII/ptolemy/domains/de/test/auto/Modal3.xml
auto.tcl: Setting watchdog for 200 seconds at Mon Aug 05 20:06:26 UTC 2019
16 ms. Memory: 48128K Free: 21454K (45%)
ptolemy.util.test.WatchDog.cancel(): canceling Mon Aug 05 20:06:26 UTC 2019
auto.tcl: Setting watchdog for 200 seconds at Mon Aug 05 20:06:26 UTC 2019
16 ms. Memory: 48128K Free: 18489K (38%)
ptolemy.util.test.WatchDog.cancel(): canceling Mon Aug 05 20:06:26 UTC 2019
------------------ testing $PTII/ptolemy/domains/de/test/auto/Modal4.xml
auto.tcl: Setting watchdog for 200 seconds at Mon Aug 05 20:06:26 UTC 2019
28 ms. Memory: 48128K Free: 20427K (42%)
ptolemy.util.test.WatchDog.cancel(): canceling Mon Aug 05 20:06:26 UTC 2019
auto.tcl: Setting watchdog for 200 seconds at Mon Aug 05 20:06:26 UTC 2019
23 ms. Memory: 48128K Free: 16441K (34%)
ptolemy.util.test.WatchDog.cancel(): canceling Mon Aug 05 20:06:26 UTC 2019
------------------ testing $PTII/ptolemy/domains/de/test/auto/Modal5.xml
auto.tcl: Setting watchdog for 200 seconds at Mon Aug 05 20:06:26 UTC 2019
17 ms. Memory: 48128K Free: 20659K (43%)
ptolemy.util.test.WatchDog.cancel(): canceling Mon Aug 05 20:06:26 UTC 2019
auto.tcl: Setting watchdog for 200 seconds at Mon Aug 05 20:06:26 UTC 2019
17 ms. Memory: 48128K Free: 16825K (35%)
ptolemy.util.test.WatchDog.cancel(): canceling Mon Aug 05 20:06:26 UTC 2019
------------------ testing $PTII/ptolemy/domains/de/test/auto/Modal6.xml
auto.tcl: Setting watchdog for 200 seconds at Mon Aug 05 20:06:26 UTC 2019
13 ms. Memory: 48128K Free: 21420K (45%)
ptolemy.util.test.WatchDog.cancel(): canceling Mon Aug 05 20:06:26 UTC 2019
auto.tcl: Setting watchdog for 200 seconds at Mon Aug 05 20:06:26 UTC 2019
15 ms. Memory: 48128K Free: 17435K (36%)
ptolemy.util.test.WatchDog.cancel(): canceling Mon Aug 05 20:06:26 UTC 2019
------------------ testing $PTII/ptolemy/domains/de/test/auto/Modal7.xml
auto.tcl: Setting watchdog for 200 seconds at Mon Aug 05 20:06:26 UTC 2019
11 ms. Memory: 48128K Free: 20389K (42%)
ptolemy.util.test.WatchDog.cancel(): canceling Mon Aug 05 20:06:26 UTC 2019
auto.tcl: Setting watchdog for 200 seconds at Mon Aug 05 20:06:26 UTC 2019
13 ms. Memory: 48128K Free: 16825K (35%)
ptolemy.util.test.WatchDog.cancel(): canceling Mon Aug 05 20:06:26 UTC 2019
------------------ testing $PTII/ptolemy/domains/de/test/auto/ModalModel.xml
auto.tcl: Setting watchdog for 200 seconds at Mon Aug 05 20:06:26 UTC 2019
212 ms. Memory: 62464K Free: 26101K (42%)
ptolemy.util.test.WatchDog.cancel(): canceling Mon Aug 05 20:06:27 UTC 2019
auto.tcl: Setting watchdog for 200 seconds at Mon Aug 05 20:06:27 UTC 2019
211 ms. Memory: 62464K Free: 25796K (41%)
ptolemy.util.test.WatchDog.cancel(): canceling Mon Aug 05 20:06:27 UTC 2019
------------------ testing $PTII/ptolemy/domains/de/test/auto/ModalSource.xml
auto.tcl: Setting watchdog for 200 seconds at Mon Aug 05 20:06:27 UTC 2019
7 ms. Memory: 51200K Free: 28571K (56%)
ptolemy.util.test.WatchDog.cancel(): canceling Mon Aug 05 20:06:27 UTC 2019
auto.tcl: Setting watchdog for 200 seconds at Mon Aug 05 20:06:27 UTC 2019
7 ms. Memory: 51200K Free: 26523K (52%)
ptolemy.util.test.WatchDog.cancel(): canceling Mon Aug 05 20:06:27 UTC 2019
------------------ testing $PTII/ptolemy/domains/de/test/auto/NonInterruptibleTimerZeroDelay.xml
auto.tcl: Setting watchdog for 200 seconds at Mon Aug 05 20:06:27 UTC 2019
4 ms. Memory: 51200K Free: 33445K (65%)
ptolemy.util.test.WatchDog.cancel(): canceling Mon Aug 05 20:06:27 UTC 2019
auto.tcl: Setting watchdog for 200 seconds at Mon Aug 05 20:06:27 UTC 2019
2 ms. Memory: 51200K Free: 32833K (64%)
ptolemy.util.test.WatchDog.cancel(): canceling Mon Aug 05 20:06:27 UTC 2019
------------------ testing $PTII/ptolemy/domains/de/test/auto/OpenQueueingNetwork.xml
auto.tcl: Setting watchdog for 200 seconds at Mon Aug 05 20:06:27 UTC 2019
3118 ms. Memory: 107520K Free: 88268K (82%)
ptolemy.util.test.WatchDog.cancel(): canceling Mon Aug 05 20:06:30 UTC 2019
auto.tcl: Setting watchdog for 200 seconds at Mon Aug 05 20:06:30 UTC 2019
2849 ms. Memory: 129024K Free: 103825K (80%)
ptolemy.util.test.WatchDog.cancel(): canceling Mon Aug 05 20:06:33 UTC 2019
------------------ testing $PTII/ptolemy/domains/de/test/auto/OpenQueuingNetwork.xml
auto.tcl: Setting watchdog for 200 seconds at Mon Aug 05 20:06:33 UTC 2019
241 ms. Memory: 51200K Free: 18447K (36%)
ptolemy.util.test.WatchDog.cancel(): canceling Mon Aug 05 20:06:34 UTC 2019
auto.tcl: Setting watchdog for 200 seconds at Mon Aug 05 20:06:34 UTC 2019
234 ms. Memory: 51200K Free: 23992K (47%)
ptolemy.util.test.WatchDog.cancel(): canceling Mon Aug 05 20:06:34 UTC 2019
------------------ testing $PTII/ptolemy/domains/de/test/auto/PeriodicSampler.xml
auto.tcl: Setting watchdog for 200 seconds at Mon Aug 05 20:06:34 UTC 2019
3 ms. Memory: 51200K Free: 32707K (64%)
ptolemy.util.test.WatchDog.cancel(): canceling Mon Aug 05 20:06:34 UTC 2019
auto.tcl: Setting watchdog for 200 seconds at Mon Aug 05 20:06:34 UTC 2019
2 ms. Memory: 51200K Free: 31767K (62%)
ptolemy.util.test.WatchDog.cancel(): canceling Mon Aug 05 20:06:34 UTC 2019
------------------ testing $PTII/ptolemy/domains/de/test/auto/PersistentIO.xml
auto.tcl: Setting watchdog for 200 seconds at Mon Aug 05 20:06:34 UTC 2019
13 ms. Memory: 51200K Free: 27646K (54%)
ptolemy.util.test.WatchDog.cancel(): canceling Mon Aug 05 20:06:34 UTC 2019
auto.tcl: Setting watchdog for 200 seconds at Mon Aug 05 20:06:34 UTC 2019
5 ms. Memory: 51200K Free: 26180K (51%)
ptolemy.util.test.WatchDog.cancel(): canceling Mon Aug 05 20:06:34 UTC 2019
------------------ testing $PTII/ptolemy/domains/de/test/auto/PortParameterResetOnInitialize.xml
auto.tcl: Setting watchdog for 200 seconds at Mon Aug 05 20:06:34 UTC 2019
2 ms. Memory: 48128K Free: 29773K (62%)
ptolemy.util.test.WatchDog.cancel(): canceling Mon Aug 05 20:06:34 UTC 2019
auto.tcl: Setting watchdog for 200 seconds at Mon Aug 05 20:06:34 UTC 2019
2 ms. Memory: 48128K Free: 29321K (61%)
ptolemy.util.test.WatchDog.cancel(): canceling Mon Aug 05 20:06:34 UTC 2019
------------------ testing $PTII/ptolemy/domains/de/test/auto/PortParameterUpdates.xml
auto.tcl: Setting watchdog for 200 seconds at Mon Aug 05 20:06:34 UTC 2019
3 ms. Memory: 48128K Free: 27642K (57%)
ptolemy.util.test.WatchDog.cancel(): canceling Mon Aug 05 20:06:34 UTC 2019
auto.tcl: Setting watchdog for 200 seconds at Mon Aug 05 20:06:34 UTC 2019
5 ms. Memory: 48128K Free: 26218K (54%)
ptolemy.util.test.WatchDog.cancel(): canceling Mon Aug 05 20:06:34 UTC 2019
------------------ testing $PTII/ptolemy/domains/de/test/auto/QueueAndServer.xml
auto.tcl: Setting watchdog for 200 seconds at Mon Aug 05 20:06:34 UTC 2019
6 ms. Memory: 48128K Free: 26561K (55%)
ptolemy.util.test.WatchDog.cancel(): canceling Mon Aug 05 20:06:34 UTC 2019
auto.tcl: Setting watchdog for 200 seconds at Mon Aug 05 20:06:34 UTC 2019
6 ms. Memory: 48128K Free: 25142K (52%)
ptolemy.util.test.WatchDog.cancel(): canceling Mon Aug 05 20:06:34 UTC 2019
------------------ testing $PTII/ptolemy/domains/de/test/auto/Records.xml
auto.tcl: Setting watchdog for 200 seconds at Mon Aug 05 20:06:34 UTC 2019
4 ms. Memory: 48128K Free: 29117K (60%)
ptolemy.util.test.WatchDog.cancel(): canceling Mon Aug 05 20:06:35 UTC 2019
auto.tcl: Setting watchdog for 200 seconds at Mon Aug 05 20:06:35 UTC 2019
2 ms. Memory: 48128K Free: 28628K (59%)
ptolemy.util.test.WatchDog.cancel(): canceling Mon Aug 05 20:06:35 UTC 2019
------------------ testing $PTII/ptolemy/domains/de/test/auto/ResetTransitionWithStartTime1.xml
auto.tcl: Setting watchdog for 200 seconds at Mon Aug 05 20:06:35 UTC 2019
12 ms. Memory: 48128K Free: 26205K (54%)
ptolemy.util.test.WatchDog.cancel(): canceling Mon Aug 05 20:06:35 UTC 2019
auto.tcl: Setting watchdog for 200 seconds at Mon Aug 05 20:06:35 UTC 2019
7 ms. Memory: 48128K Free: 23519K (49%)
ptolemy.util.test.WatchDog.cancel(): canceling Mon Aug 05 20:06:35 UTC 2019
------------------ testing $PTII/ptolemy/domains/de/test/auto/ResetTransitionWithStartTime2.xml
auto.tcl: Setting watchdog for 200 seconds at Mon Aug 05 20:06:35 UTC 2019
7 ms. Memory: 48128K Free: 26160K (54%)
ptolemy.util.test.WatchDog.cancel(): canceling Mon Aug 05 20:06:35 UTC 2019
auto.tcl: Setting watchdog for 200 seconds at Mon Aug 05 20:06:35 UTC 2019
8 ms. Memory: 48128K Free: 23951K (50%)
ptolemy.util.test.WatchDog.cancel(): canceling Mon Aug 05 20:06:35 UTC 2019
------------------ testing $PTII/ptolemy/domains/de/test/auto/ResetTransitionWithStartTime3.xml
auto.tcl: Setting watchdog for 200 seconds at Mon Aug 05 20:06:35 UTC 2019
12 ms. Memory: 48128K Free: 25998K (54%)
ptolemy.util.test.WatchDog.cancel(): canceling Mon Aug 05 20:06:35 UTC 2019
auto.tcl: Setting watchdog for 200 seconds at Mon Aug 05 20:06:35 UTC 2019
10 ms. Memory: 48128K Free: 23489K (49%)
ptolemy.util.test.WatchDog.cancel(): canceling Mon Aug 05 20:06:35 UTC 2019
------------------ testing $PTII/ptolemy/domains/de/test/auto/ResetTransitionWithStartTime4.xml
auto.tcl: Setting watchdog for 200 seconds at Mon Aug 05 20:06:35 UTC 2019
12 ms. Memory: 48128K Free: 26486K (55%)
ptolemy.util.test.WatchDog.cancel(): canceling Mon Aug 05 20:06:35 UTC 2019
auto.tcl: Setting watchdog for 200 seconds at Mon Aug 05 20:06:35 UTC 2019
5 ms. Memory: 48128K Free: 25089K (52%)
ptolemy.util.test.WatchDog.cancel(): canceling Mon Aug 05 20:06:35 UTC 2019
------------------ testing $PTII/ptolemy/domains/de/test/auto/ResettableTimer1.xml
auto.tcl: Setting watchdog for 200 seconds at Mon Aug 05 20:06:35 UTC 2019
3 ms. Memory: 48128K Free: 30508K (63%)
ptolemy.util.test.WatchDog.cancel(): canceling Mon Aug 05 20:06:35 UTC 2019
auto.tcl: Setting watchdog for 200 seconds at Mon Aug 05 20:06:35 UTC 2019
3 ms. Memory: 48128K Free: 29625K (62%)
ptolemy.util.test.WatchDog.cancel(): canceling Mon Aug 05 20:06:35 UTC 2019
------------------ testing $PTII/ptolemy/domains/de/test/auto/ResettableTimer2.xml
auto.tcl: Setting watchdog for 200 seconds at Mon Aug 05 20:06:35 UTC 2019
3 ms. Memory: 48128K Free: 30543K (63%)
ptolemy.util.test.WatchDog.cancel(): canceling Mon Aug 05 20:06:35 UTC 2019
auto.tcl: Setting watchdog for 200 seconds at Mon Aug 05 20:06:35 UTC 2019
3 ms. Memory: 48128K Free: 29646K (62%)
ptolemy.util.test.WatchDog.cancel(): canceling Mon Aug 05 20:06:35 UTC 2019
------------------ testing $PTII/ptolemy/domains/de/test/auto/ResettableTimer3.xml
auto.tcl: Setting watchdog for 200 seconds at Mon Aug 05 20:06:35 UTC 2019
1 ms. Memory: 48128K Free: 30610K (64%)
ptolemy.util.test.WatchDog.cancel(): canceling Mon Aug 05 20:06:35 UTC 2019
auto.tcl: Setting watchdog for 200 seconds at Mon Aug 05 20:06:35 UTC 2019
1 ms. Memory: 48128K Free: 30130K (63%)
ptolemy.util.test.WatchDog.cancel(): canceling Mon Aug 05 20:06:35 UTC 2019
------------------ testing $PTII/ptolemy/domains/de/test/auto/ResettableTimer4.xml
auto.tcl: Setting watchdog for 200 seconds at Mon Aug 05 20:06:35 UTC 2019
2 ms. Memory: 48128K Free: 30195K (63%)
ptolemy.util.test.WatchDog.cancel(): canceling Mon Aug 05 20:06:35 UTC 2019
auto.tcl: Setting watchdog for 200 seconds at Mon Aug 05 20:06:35 UTC 2019
2 ms. Memory: 48128K Free: 29697K (62%)
ptolemy.util.test.WatchDog.cancel(): canceling Mon Aug 05 20:06:35 UTC 2019
------------------ testing $PTII/ptolemy/domains/de/test/auto/ResettableTimer5.xml
auto.tcl: Setting watchdog for 200 seconds at Mon Aug 05 20:06:35 UTC 2019
1 ms. Memory: 48128K Free: 29614K (62%)
ptolemy.util.test.WatchDog.cancel(): canceling Mon Aug 05 20:06:35 UTC 2019
auto.tcl: Setting watchdog for 200 seconds at Mon Aug 05 20:06:35 UTC 2019
1 ms. Memory: 48128K Free: 29153K (61%)
ptolemy.util.test.WatchDog.cancel(): canceling Mon Aug 05 20:06:35 UTC 2019
------------------ testing $PTII/ptolemy/domains/de/test/auto/ResettableTimer6.xml
auto.tcl: Setting watchdog for 200 seconds at Mon Aug 05 20:06:35 UTC 2019
1 ms. Memory: 48128K Free: 29605K (62%)
ptolemy.util.test.WatchDog.cancel(): canceling Mon Aug 05 20:06:35 UTC 2019
auto.tcl: Setting watchdog for 200 seconds at Mon Aug 05 20:06:35 UTC 2019
1 ms. Memory: 48128K Free: 29109K (60%)
ptolemy.util.test.WatchDog.cancel(): canceling Mon Aug 05 20:06:35 UTC 2019
------------------ testing $PTII/ptolemy/domains/de/test/auto/ServerZeroDelay.xml
auto.tcl: Setting watchdog for 200 seconds at Mon Aug 05 20:06:35 UTC 2019
2 ms. Memory: 48128K Free: 30124K (63%)
ptolemy.util.test.WatchDog.cancel(): canceling Mon Aug 05 20:06:35 UTC 2019
auto.tcl: Setting watchdog for 200 seconds at Mon Aug 05 20:06:35 UTC 2019
3 ms. Memory: 48128K Free: 29202K (61%)
ptolemy.util.test.WatchDog.cancel(): canceling Mon Aug 05 20:06:35 UTC 2019
------------------ testing $PTII/ptolemy/domains/de/test/auto/SmartSender.xml
auto.tcl: Setting watchdog for 200 seconds at Mon Aug 05 20:06:35 UTC 2019
3001 ms. Memory: 48128K Free: 30146K (63%)
ptolemy.util.test.WatchDog.cancel(): canceling Mon Aug 05 20:06:38 UTC 2019
auto.tcl: Setting watchdog for 200 seconds at Mon Aug 05 20:06:38 UTC 2019
3002 ms. Memory: 48128K Free: 29658K (62%)
ptolemy.util.test.WatchDog.cancel(): canceling Mon Aug 05 20:06:41 UTC 2019
------------------ testing $PTII/ptolemy/domains/de/test/auto/ThreadedComposite.xml
auto.tcl: Setting watchdog for 200 seconds at Mon Aug 05 20:06:41 UTC 2019
229 ms. Memory: 48128K Free: 11186K (23%)
ptolemy.util.test.WatchDog.cancel(): canceling Mon Aug 05 20:06:42 UTC 2019
auto.tcl: Setting watchdog for 200 seconds at Mon Aug 05 20:06:42 UTC 2019
167 ms. Memory: 58368K Free: 32108K (55%)
ptolemy.util.test.WatchDog.cancel(): canceling Mon Aug 05 20:06:42 UTC 2019
------------------ testing $PTII/ptolemy/domains/de/test/auto/Time.xml
auto.tcl: Setting watchdog for 200 seconds at Mon Aug 05 20:06:42 UTC 2019
520 ms. Memory: 48128K Free: 7463K (16%)
ptolemy.util.test.WatchDog.cancel(): canceling Mon Aug 05 20:06:42 UTC 2019
auto.tcl: Setting watchdog for 200 seconds at Mon Aug 05 20:06:42 UTC 2019
501 ms. Memory: 48128K Free: 11689K (24%)
ptolemy.util.test.WatchDog.cancel(): canceling Mon Aug 05 20:06:43 UTC 2019
------------------ testing $PTII/ptolemy/domains/de/test/auto/TimeDelayZeroDelay.xml
auto.tcl: Setting watchdog for 200 seconds at Mon Aug 05 20:06:43 UTC 2019
2 ms. Memory: 48128K Free: 30551K (63%)
ptolemy.util.test.WatchDog.cancel(): canceling Mon Aug 05 20:06:43 UTC 2019
auto.tcl: Setting watchdog for 200 seconds at Mon Aug 05 20:06:43 UTC 2019
3 ms. Memory: 48128K Free: 29651K (62%)
ptolemy.util.test.WatchDog.cancel(): canceling Mon Aug 05 20:06:43 UTC 2019
------------------ testing $PTII/ptolemy/domains/de/test/auto/TimerZeroDelay.xml
auto.tcl: Setting watchdog for 200 seconds at Mon Aug 05 20:06:43 UTC 2019
2 ms. Memory: 48128K Free: 30501K (63%)
ptolemy.util.test.WatchDog.cancel(): canceling Mon Aug 05 20:06:43 UTC 2019
auto.tcl: Setting watchdog for 200 seconds at Mon Aug 05 20:06:43 UTC 2019
2 ms. Memory: 48128K Free: 29678K (62%)
ptolemy.util.test.WatchDog.cancel(): canceling Mon Aug 05 20:06:43 UTC 2019
------------------ testing $PTII/ptolemy/domains/de/test/auto/TimingParadox.xml
auto.tcl: Setting watchdog for 200 seconds at Mon Aug 05 20:06:43 UTC 2019
351 ms. Memory: 48128K Free: 14183K (29%)
ptolemy.util.test.WatchDog.cancel(): canceling Mon Aug 05 20:06:44 UTC 2019
auto.tcl: Setting watchdog for 200 seconds at Mon Aug 05 20:06:44 UTC 2019
354 ms. Memory: 48128K Free: 26489K (55%)
ptolemy.util.test.WatchDog.cancel(): canceling Mon Aug 05 20:06:44 UTC 2019
------------------ testing $PTII/ptolemy/domains/de/test/auto/TransferInputs.xml
auto.tcl: Setting watchdog for 200 seconds at Mon Aug 05 20:06:44 UTC 2019
2 ms. Memory: 48128K Free: 28590K (59%)
ptolemy.util.test.WatchDog.cancel(): canceling Mon Aug 05 20:06:44 UTC 2019
auto.tcl: Setting watchdog for 200 seconds at Mon Aug 05 20:06:44 UTC 2019
2 ms. Memory: 48128K Free: 27732K (58%)
ptolemy.util.test.WatchDog.cancel(): canceling Mon Aug 05 20:06:44 UTC 2019
------------------ testing $PTII/ptolemy/domains/de/test/auto/TransferOutputs2.xml
auto.tcl: Setting watchdog for 200 seconds at Mon Aug 05 20:06:44 UTC 2019
3 ms. Memory: 48128K Free: 25999K (54%)
ptolemy.util.test.WatchDog.cancel(): canceling Mon Aug 05 20:06:44 UTC 2019
auto.tcl: Setting watchdog for 200 seconds at Mon Aug 05 20:06:44 UTC 2019
3 ms. Memory: 48128K Free: 24595K (51%)
ptolemy.util.test.WatchDog.cancel(): canceling Mon Aug 05 20:06:44 UTC 2019
------------------ testing $PTII/ptolemy/domains/de/test/auto/Trilateration.xml
auto.tcl: Setting watchdog for 200 seconds at Mon Aug 05 20:06:44 UTC 2019
15144 ms. Memory: 454656K Free: 188695K (42%)
ptolemy.util.test.WatchDog.cancel(): canceling Mon Aug 05 20:07:01 UTC 2019
auto.tcl: Setting watchdog for 200 seconds at Mon Aug 05 20:07:01 UTC 2019
11677 ms. Memory: 454656K Free: 242339K (53%)
ptolemy.util.test.WatchDog.cancel(): canceling Mon Aug 05 20:07:12 UTC 2019
------------------ testing $PTII/ptolemy/domains/de/test/auto/TwoSigmaDelta.xml
auto.tcl: Setting watchdog for 200 seconds at Mon Aug 05 20:07:12 UTC 2019
2630 ms. Memory: 89088K Free: 33381K (37%)
ptolemy.util.test.WatchDog.cancel(): canceling Mon Aug 05 20:07:15 UTC 2019
auto.tcl: Setting watchdog for 200 seconds at Mon Aug 05 20:07:15 UTC 2019
2228 ms. Memory: 89088K Free: 32846K (37%)
ptolemy.util.test.WatchDog.cancel(): canceling Mon Aug 05 20:07:17 UTC 2019
------------------ testing $PTII/ptolemy/domains/de/test/auto/VariableDelay.xml
auto.tcl: Setting watchdog for 200 seconds at Mon Aug 05 20:07:17 UTC 2019
4 ms. Memory: 55296K Free: 36217K (65%)
ptolemy.util.test.WatchDog.cancel(): canceling Mon Aug 05 20:07:17 UTC 2019
auto.tcl: Setting watchdog for 200 seconds at Mon Aug 05 20:07:17 UTC 2019
3 ms. Memory: 55296K Free: 35201K (64%)
ptolemy.util.test.WatchDog.cancel(): canceling Mon Aug 05 20:07:17 UTC 2019
------------------ testing $PTII/ptolemy/domains/de/test/auto/VariableDelay2.xml
auto.tcl: Setting watchdog for 200 seconds at Mon Aug 05 20:07:17 UTC 2019
2 ms. Memory: 51200K Free: 32429K (63%)
ptolemy.util.test.WatchDog.cancel(): canceling Mon Aug 05 20:07:17 UTC 2019
auto.tcl: Setting watchdog for 200 seconds at Mon Aug 05 20:07:17 UTC 2019
1 ms. Memory: 51200K Free: 31479K (61%)
ptolemy.util.test.WatchDog.cancel(): canceling Mon Aug 05 20:07:17 UTC 2019
------------------ testing $PTII/ptolemy/domains/de/test/auto/VariableDelayZeroDelay.xml
auto.tcl: Setting watchdog for 200 seconds at Mon Aug 05 20:07:17 UTC 2019
2 ms. Memory: 51200K Free: 33047K (65%)
ptolemy.util.test.WatchDog.cancel(): canceling Mon Aug 05 20:07:17 UTC 2019
auto.tcl: Setting watchdog for 200 seconds at Mon Aug 05 20:07:17 UTC 2019
2 ms. Memory: 51200K Free: 32519K (64%)
ptolemy.util.test.WatchDog.cancel(): canceling Mon Aug 05 20:07:17 UTC 2019
------------------ testing $PTII/ptolemy/domains/de/test/auto/VariableDelayZeroDelay2.xml
auto.tcl: Setting watchdog for 200 seconds at Mon Aug 05 20:07:17 UTC 2019
4 ms. Memory: 51200K Free: 33045K (65%)
ptolemy.util.test.WatchDog.cancel(): canceling Mon Aug 05 20:07:17 UTC 2019
auto.tcl: Setting watchdog for 200 seconds at Mon Aug 05 20:07:17 UTC 2019
2 ms. Memory: 51200K Free: 32021K (63%)
ptolemy.util.test.WatchDog.cancel(): canceling Mon Aug 05 20:07:18 UTC 2019
------------------ testing $PTII/ptolemy/domains/de/test/auto/deInCt.xml
auto.tcl: Setting watchdog for 200 seconds at Mon Aug 05 20:07:18 UTC 2019
0
1
1
0
0
0
0
1
1
1
1
0
0
0
0
0
1
1
1
1
0
0
0
0
1
1
1
0
0
0
1
1
1
0
0
0
0
1
1
0
0
0
1
1
1
32 ms. Memory: 51200K Free: 32019K (63%)
ptolemy.util.test.WatchDog.cancel(): canceling Mon Aug 05 20:07:18 UTC 2019
auto.tcl: Setting watchdog for 200 seconds at Mon Aug 05 20:07:18 UTC 2019
0
1
1
1
1
1
0
0
0
1
1
1
0
0
0
0
0
1
1
1
1
0
0
0
1
1
1
0
0
0
0
0
6 ms. Memory: 51200K Free: 30481K (60%)
ptolemy.util.test.WatchDog.cancel(): canceling Mon Aug 05 20:07:18 UTC 2019
------------------ testing $PTII/ptolemy/domains/de/test/auto/deInCt2.xml
auto.tcl: Setting watchdog for 200 seconds at Mon Aug 05 20:07:18 UTC 2019
0
1
1
1
0
0
1
1
1
0
0
1
1
1
0
0
1
1
1
0
0
1
1
1
0
0
1
1
1
0
0
1
1
1
0
0
1
1
1
0
0
0
20 ms. Memory: 51200K Free: 32021K (63%)
ptolemy.util.test.WatchDog.cancel(): canceling Mon Aug 05 20:07:18 UTC 2019
auto.tcl: Setting watchdog for 200 seconds at Mon Aug 05 20:07:18 UTC 2019
0
1
1
1
0
0
1
1
1
0
0
1
1
1
0
0
1
1
1
0
0
1
1
1
0
0
1
1
1
0
0
1
1
1
0
0
1
1
1
0
0
0
8 ms. Memory: 51200K Free: 30469K (60%)
ptolemy.util.test.WatchDog.cancel(): canceling Mon Aug 05 20:07:18 UTC 2019
------------------ testing $PTII/ptolemy/domains/de/test/auto/dynamicCausalityInterface1.xml
auto.tcl: Setting watchdog for 200 seconds at Mon Aug 05 20:07:18 UTC 2019
12 ms. Memory: 51200K Free: 27920K (55%)
ptolemy.util.test.WatchDog.cancel(): canceling Mon Aug 05 20:07:18 UTC 2019
auto.tcl: Setting watchdog for 200 seconds at Mon Aug 05 20:07:18 UTC 2019
1 ms. Memory: 51200K Free: 27406K (54%)
ptolemy.util.test.WatchDog.cancel(): canceling Mon Aug 05 20:07:18 UTC 2019
------------------ testing $PTII/ptolemy/domains/de/test/auto/fsm_de_test.xml
auto.tcl: Setting watchdog for 200 seconds at Mon Aug 05 20:07:18 UTC 2019
9 ms. Memory: 48128K Free: 24746K (51%)
ptolemy.util.test.WatchDog.cancel(): canceling Mon Aug 05 20:07:18 UTC 2019
auto.tcl: Setting watchdog for 200 seconds at Mon Aug 05 20:07:18 UTC 2019
12 ms. Memory: 48128K Free: 22698K (47%)
ptolemy.util.test.WatchDog.cancel(): canceling Mon Aug 05 20:07:18 UTC 2019
------------------ testing $PTII/ptolemy/domains/de/test/auto/functionDependencyReconstruction.xml
auto.tcl: Setting watchdog for 200 seconds at Mon Aug 05 20:07:18 UTC 2019
3 ms. Memory: 48128K Free: 18592K (39%)
ptolemy.util.test.WatchDog.cancel(): canceling Mon Aug 05 20:07:18 UTC 2019
auto.tcl: Setting watchdog for 200 seconds at Mon Aug 05 20:07:18 UTC 2019
3 ms. Memory: 48128K Free: 16612K (35%)
ptolemy.util.test.WatchDog.cancel(): canceling Mon Aug 05 20:07:18 UTC 2019
------------------ testing $PTII/ptolemy/domains/de/test/auto/multirate.xml
auto.tcl: Setting watchdog for 200 seconds at Mon Aug 05 20:07:18 UTC 2019
5 ms. Memory: 48128K Free: 27408K (57%)
ptolemy.util.test.WatchDog.cancel(): canceling Mon Aug 05 20:07:18 UTC 2019
auto.tcl: Setting watchdog for 200 seconds at Mon Aug 05 20:07:18 UTC 2019
4 ms. Memory: 48128K Free: 25707K (53%)
ptolemy.util.test.WatchDog.cancel(): canceling Mon Aug 05 20:07:18 UTC 2019
------------------ testing $PTII/ptolemy/domains/de/test/auto/multirate2.xml
auto.tcl: Setting watchdog for 200 seconds at Mon Aug 05 20:07:18 UTC 2019
3 ms. Memory: 48128K Free: 27572K (57%)
ptolemy.util.test.WatchDog.cancel(): canceling Mon Aug 05 20:07:18 UTC 2019
auto.tcl: Setting watchdog for 200 seconds at Mon Aug 05 20:07:18 UTC 2019
3 ms. Memory: 48128K Free: 25879K (54%)
ptolemy.util.test.WatchDog.cancel(): canceling Mon Aug 05 20:07:18 UTC 2019
------------------ testing $PTII/ptolemy/domains/de/test/auto/realtime.xml
auto.tcl: Setting watchdog for 200 seconds at Mon Aug 05 20:07:18 UTC 2019
10002 ms. Memory: 48128K Free: 29515K (61%)
ptolemy.util.test.WatchDog.cancel(): canceling Mon Aug 05 20:07:28 UTC 2019
auto.tcl: Setting watchdog for 200 seconds at Mon Aug 05 20:07:28 UTC 2019
10001 ms. Memory: 48128K Free: 28773K (60%)
ptolemy.util.test.WatchDog.cancel(): canceling Mon Aug 05 20:07:38 UTC 2019
------------------ testing $PTII/ptolemy/domains/de/test/auto/relationGroup.xml
auto.tcl: Setting watchdog for 200 seconds at Mon Aug 05 20:07:38 UTC 2019
9 ms. Memory: 48128K Free: 30586K (64%)
ptolemy.util.test.WatchDog.cancel(): canceling Mon Aug 05 20:07:38 UTC 2019
auto.tcl: Setting watchdog for 200 seconds at Mon Aug 05 20:07:38 UTC 2019
2 ms. Memory: 48128K Free: 29853K (62%)
ptolemy.util.test.WatchDog.cancel(): canceling Mon Aug 05 20:07:38 UTC 2019
------------------ testing $PTII/ptolemy/domains/de/test/auto/relationGroup2.xml
auto.tcl: Setting watchdog for 200 seconds at Mon Aug 05 20:07:38 UTC 2019
2 ms. Memory: 48128K Free: 30603K (64%)
ptolemy.util.test.WatchDog.cancel(): canceling Mon Aug 05 20:07:38 UTC 2019
auto.tcl: Setting watchdog for 200 seconds at Mon Aug 05 20:07:38 UTC 2019
2 ms. Memory: 48128K Free: 29878K (62%)
ptolemy.util.test.WatchDog.cancel(): canceling Mon Aug 05 20:07:38 UTC 2019
------------------ testing $PTII/ptolemy/domains/de/test/auto/sortWithOpaquePorts.xml
auto.tcl: Setting watchdog for 200 seconds at Mon Aug 05 20:07:38 UTC 2019
1 ms. Memory: 48128K Free: 29351K (61%)
ptolemy.util.test.WatchDog.cancel(): canceling Mon Aug 05 20:07:38 UTC 2019
auto.tcl: Setting watchdog for 200 seconds at Mon Aug 05 20:07:38 UTC 2019
2 ms. Memory: 48128K Free: 28356K (59%)
ptolemy.util.test.WatchDog.cancel(): canceling Mon Aug 05 20:07:38 UTC 2019
------------------ testing $PTII/ptolemy/domains/de/test/auto/transferInputsandOutputs.xml
auto.tcl: Setting watchdog for 200 seconds at Mon Aug 05 20:07:39 UTC 2019
4 ms. Memory: 48128K Free: 26795K (56%)
ptolemy.util.test.WatchDog.cancel(): canceling Mon Aug 05 20:07:39 UTC 2019
auto.tcl: Setting watchdog for 200 seconds at Mon Aug 05 20:07:39 UTC 2019
3 ms. Memory: 48128K Free: 25820K (54%)
ptolemy.util.test.WatchDog.cancel(): canceling Mon Aug 05 20:07:39 UTC 2019
------------------ testing $PTII/ptolemy/domains/de/test/auto/triggerType.xml
auto.tcl: Setting watchdog for 200 seconds at Mon Aug 05 20:07:39 UTC 2019
2 ms. Memory: 48128K Free: 29819K (62%)
ptolemy.util.test.WatchDog.cancel(): canceling Mon Aug 05 20:07:39 UTC 2019
auto.tcl: Setting watchdog for 200 seconds at Mon Aug 05 20:07:39 UTC 2019
2 ms. Memory: 48128K Free: 28844K (60%)
ptolemy.util.test.WatchDog.cancel(): canceling Mon Aug 05 20:07:39 UTC 2019
08/05/19 08:07:39
Failed: 0  Total Tests: 192  ((Passed: 187, Newly Passed: 1)  Known Failed: 5) /home/travis/build/icyphy/ptII/ptolemy/domains/de/test
08/05/19 08:07:39
Failed: 0  Total Tests: 192  ((Passed: 187, Newly Passed: 1)  Known Failed: 5) /home/travis/build/icyphy/ptII/ptolemy/domains/de/test
----------------- testing (KnownFailure) /home/travis/build/icyphy/ptII/ptolemy/domains/de/test/auto/knownFailedTests/DESDFClockTest.xml
2011 ms. Memory: 48128K Free: 23214K (48%)
Known Failure: java.lang.reflect.InvocationTargetException
----------------- testing (KnownFailure) /home/travis/build/icyphy/ptII/ptolemy/domains/de/test/auto/knownFailedTests/DirectFeedback.xml
1 ms. Memory: 48128K Free: 19632K (41%)
Known Failure: java.lang.reflect.InvocationTargetException
----------------- testing (KnownFailure) /home/travis/build/icyphy/ptII/ptolemy/domains/de/test/auto/knownFailedTests/FSMSource.xml
21 ms. Memory: 48128K Free: 11936K (25%)
----------------- testing (KnownFailure) /home/travis/build/icyphy/ptII/ptolemy/domains/de/test/auto/knownFailedTests/HierarchicalModel.xml
4 ms. Memory: 48128K Free: 21913K (46%)
Known Failure: java.lang.reflect.InvocationTargetException
----------------- testing (KnownFailure) /home/travis/build/icyphy/ptII/ptolemy/domains/de/test/auto/knownFailedTests/dependencyLoop.xml
10 ms. Memory: 48128K Free: 32429K (67%)
Known Failure: java.lang.reflect.InvocationTargetException
----------------- testing (KnownFailure) /home/travis/build/icyphy/ptII/ptolemy/domains/de/test/auto/knownFailedTests/dependencyLoop2.xml
4 ms. Memory: 48128K Free: 17223K (36%)
Known Failure: java.lang.reflect.InvocationTargetException
No auto/linux-amd64/*.xml tests in /home/travis/build/icyphy/ptII/ptolemy/domains/de/test
AutoTests.java: About to close Vertx.
AutoTests.java: Vertx closed.

===========================================================================================
----------------- testing Mon Aug 05 20:07:41 UTC 2019 /home/travis/build/icyphy/ptII/ptolemy/domains/de/test/auto/ActorDepthCalculation_actorWithoutPorts.xml
----------------- Instantiating /home/travis/build/icyphy/ptII/ptolemy/domains/de/test/auto/ActorDepthCalculation_actorWithoutPorts.xml
2 ms. Memory: 48128K Free: 11211K (23%)
----------------- Invoking toplevel() on ptolemy.moml.MoMLSimpleApplication@2e168440
----------------- Done invoking toplevel() on ptolemy.moml.MoMLSimpleApplication@2e168440
reloadAllAccessors: .ActorDepthCalculation_actorWithoutPorts

===========================================================================================
----------------- testing Mon Aug 05 20:07:41 UTC 2019 /home/travis/build/icyphy/ptII/ptolemy/domains/de/test/auto/AssemblyLine.xml
----------------- Instantiating /home/travis/build/icyphy/ptII/ptolemy/domains/de/test/auto/AssemblyLine.xml
5 ms. Memory: 48128K Free: 29642K (62%)
----------------- Invoking toplevel() on ptolemy.moml.MoMLSimpleApplication@7e475aa
----------------- Done invoking toplevel() on ptolemy.moml.MoMLSimpleApplication@7e475aa
reloadAllAccessors: .AssemblyLine

===========================================================================================
----------------- testing Mon Aug 05 20:07:41 UTC 2019 /home/travis/build/icyphy/ptII/ptolemy/domains/de/test/auto/CQBug1.xml
----------------- Instantiating /home/travis/build/icyphy/ptII/ptolemy/domains/de/test/auto/CQBug1.xml
2 ms. Memory: 48128K Free: 26731K (56%)
----------------- Invoking toplevel() on ptolemy.moml.MoMLSimpleApplication@4c63384
----------------- Done invoking toplevel() on ptolemy.moml.MoMLSimpleApplication@4c63384
reloadAllAccessors: .CQBug1

===========================================================================================
----------------- testing Mon Aug 05 20:07:41 UTC 2019 /home/travis/build/icyphy/ptII/ptolemy/domains/de/test/auto/CancelFireAt.xml
----------------- Instantiating /home/travis/build/icyphy/ptII/ptolemy/domains/de/test/auto/CancelFireAt.xml
8 ms. Memory: 48128K Free: 24382K (51%)
----------------- Invoking toplevel() on ptolemy.moml.MoMLSimpleApplication@35cf41fa
----------------- Done invoking toplevel() on ptolemy.moml.MoMLSimpleApplication@35cf41fa
reloadAllAccessors: .CancelFireAt

===========================================================================================
----------------- testing Mon Aug 05 20:07:41 UTC 2019 /home/travis/build/icyphy/ptII/ptolemy/domains/de/test/auto/CausalityAndComposabilityAnalysis.xml
----------------- Instantiating /home/travis/build/icyphy/ptII/ptolemy/domains/de/test/auto/CausalityAndComposabilityAnalysis.xml
1 ms. Memory: 48128K Free: 20105K (42%)
----------------- Invoking toplevel() on ptolemy.moml.MoMLSimpleApplication@6b2c84
----------------- Done invoking toplevel() on ptolemy.moml.MoMLSimpleApplication@6b2c84
reloadAllAccessors: .CausalityAndComposabilityAnalysis

===========================================================================================
----------------- testing Mon Aug 05 20:07:41 UTC 2019 /home/travis/build/icyphy/ptII/ptolemy/domains/de/test/auto/CausalityInterface1.xml
----------------- Instantiating /home/travis/build/icyphy/ptII/ptolemy/domains/de/test/auto/CausalityInterface1.xml
5 ms. Memory: 48128K Free: 15222K (32%)
----------------- Invoking toplevel() on ptolemy.moml.MoMLSimpleApplication@15440bff
----------------- Done invoking toplevel() on ptolemy.moml.MoMLSimpleApplication@15440bff
reloadAllAccessors: .CausalityInterface1

===========================================================================================
----------------- testing Mon Aug 05 20:07:41 UTC 2019 /home/travis/build/icyphy/ptII/ptolemy/domains/de/test/auto/CausalityInterface15.xml
----------------- Instantiating /home/travis/build/icyphy/ptII/ptolemy/domains/de/test/auto/CausalityInterface15.xml
1 ms. Memory: 48128K Free: 9665K (20%)
----------------- Invoking toplevel() on ptolemy.moml.MoMLSimpleApplication@4d4aa392
----------------- Done invoking toplevel() on ptolemy.moml.MoMLSimpleApplication@4d4aa392
reloadAllAccessors: .CausalityInterface15

===========================================================================================
----------------- testing Mon Aug 05 20:07:41 UTC 2019 /home/travis/build/icyphy/ptII/ptolemy/domains/de/test/auto/CausalityInterface2.xml
----------------- Instantiating /home/travis/build/icyphy/ptII/ptolemy/domains/de/test/auto/CausalityInterface2.xml
1 ms. Memory: 48128K Free: 30773K (64%)
[...]
	at ptolemy.actor.Manager.run(Manager.java:1263)
	at ptolemy.actor.Manager$PtolemyRunThread.run(Manager.java:1933)
java.lang.RuntimeException: Execution failed
	at ptolemy.moml.MoMLSimpleApplication$UnloadThread.run(MoMLSimpleApplication.java:402)
Caused by: ptolemy.kernel.util.IllegalActionException: Actor is not ready to fire.  Perhaps UpSample.prefire() returned false? Try debugging the actor by selecting "Listen to Actor".  Also, for SDF check moml for tokenConsumptionRate on input.
  in .DESDFClockTest.Play Bell.Copy1:SDF Director and .DESDFClockTest.Play Bell.UpSample
	at ptolemy.actor.sched.StaticSchedulingDirector.fire(StaticSchedulingDirector.java:227)
	at ptolemy.domains.sdf.kernel.SDFDirector.fire(SDFDirector.java:500)
	at ptolemy.actor.CompositeActor.fire(CompositeActor.java:455)
	at ptolemy.domains.de.kernel.DEDirector._fire(DEDirector.java:1949)
	at ptolemy.domains.de.kernel.DEDirector.fire(DEDirector.java:502)
	at ptolemy.actor.CompositeActor.fire(CompositeActor.java:455)
	at ptolemy.actor.Manager.iterate(Manager.java:851)
	at ptolemy.actor.Manager.execute(Manager.java:369)
	at ptolemy.actor.Manager.run(Manager.java:1263)
	at ptolemy.actor.Manager$PtolemyRunThread.run(Manager.java:1933)
java.lang.reflect.InvocationTargetException
	at java.base/jdk.internal.reflect.NativeConstructorAccessorImpl.newInstance0(Native Method)
	at java.base/jdk.internal.reflect.NativeConstructorAccessorImpl.newInstance(NativeConstructorAccessorImpl.java:62)
	at java.base/jdk.internal.reflect.DelegatingConstructorAccessorImpl.newInstance(DelegatingConstructorAccessorImpl.java:45)
	at java.base/java.lang.reflect.Constructor.newInstance(Constructor.java:490)
	at ptolemy.util.test.junit.AutoKnownFailedTests.RunModel(AutoKnownFailedTests.java:105)
	at java.base/jdk.internal.reflect.NativeMethodAccessorImpl.invoke0(Native Method)
	at java.base/jdk.internal.reflect.NativeMethodAccessorImpl.invoke(NativeMethodAccessorImpl.java:62)
	at java.base/jdk.internal.reflect.DelegatingMethodAccessorImpl.invoke(DelegatingMethodAccessorImpl.java:43)
	at java.base/java.lang.reflect.Method.invoke(Method.java:566)
	at org.junit.runners.model.FrameworkMethod$1.runReflectiveCall(FrameworkMethod.java:44)
	at org.junit.internal.runners.model.ReflectiveCallable.run(ReflectiveCallable.java:15)
	at org.junit.runners.model.FrameworkMethod.invokeExplosively(FrameworkMethod.java:41)
	at junitparams.internal.InvokeParameterisedMethod.evaluate(InvokeParameterisedMethod.java:102)
	at org.junit.internal.runners.statements.FailOnTimeout$1.run(FailOnTimeout.java:28)
Caused by: ptolemy.kernel.util.IllegalActionException: Actor is not ready to fire.  Perhaps UpSample.prefire() returned false? Try debugging the actor by selecting "Listen to Actor".  Also, for SDF check moml for tokenConsumptionRate on input.
  in .DESDFClockTest.Play Bell.Copy1:SDF Director and .DESDFClockTest.Play Bell.UpSample
	at ptolemy.actor.sched.StaticSchedulingDirector.fire(StaticSchedulingDirector.java:227)
	at ptolemy.domains.sdf.kernel.SDFDirector.fire(SDFDirector.java:500)
	at ptolemy.actor.CompositeActor.fire(CompositeActor.java:455)
	at ptolemy.domains.de.kernel.DEDirector._fire(DEDirector.java:1949)
	at ptolemy.domains.de.kernel.DEDirector.fire(DEDirector.java:502)
	at ptolemy.actor.CompositeActor.fire(CompositeActor.java:455)
	at ptolemy.actor.Manager.iterate(Manager.java:851)
	at ptolemy.actor.Manager.execute(Manager.java:369)
	at ptolemy.actor.Manager.run(Manager.java:1263)
	at ptolemy.actor.Manager$PtolemyRunThread.run(Manager.java:1933)
java.lang.RuntimeException: Execution failed
	at ptolemy.moml.MoMLSimpleApplication$UnloadThread.run(MoMLSimpleApplication.java:402)
Caused by: ptolemy.kernel.util.IllegalActionException: Test fails in iteration 1.
Value was: 1.0. Should have been: 2.0
  in .DirectFeedback.Test
	at ptolemy.actor.lib.Test.fire(Test.java:268)
	at ptolemy.domains.de.kernel.DEDirector._fire(DEDirector.java:1949)
	at ptolemy.domains.de.kernel.DEDirector.fire(DEDirector.java:502)
	at ptolemy.actor.CompositeActor.fire(CompositeActor.java:455)
	at ptolemy.actor.Manager.iterate(Manager.java:851)
	at ptolemy.actor.Manager.execute(Manager.java:369)
	at ptolemy.actor.Manager.run(Manager.java:1263)
	at ptolemy.actor.Manager$PtolemyRunThread.run(Manager.java:1933)
java.lang.reflect.InvocationTargetException
	at java.base/jdk.internal.reflect.NativeConstructorAccessorImpl.newInstance0(Native Method)
	at java.base/jdk.internal.reflect.NativeConstructorAccessorImpl.newInstance(NativeConstructorAccessorImpl.java:62)
	at java.base/jdk.internal.reflect.DelegatingConstructorAccessorImpl.newInstance(DelegatingConstructorAccessorImpl.java:45)
	at java.base/java.lang.reflect.Constructor.newInstance(Constructor.java:490)
	at ptolemy.util.test.junit.AutoKnownFailedTests.RunModel(AutoKnownFailedTests.java:105)
	at java.base/jdk.internal.reflect.NativeMethodAccessorImpl.invoke0(Native Method)
	at java.base/jdk.internal.reflect.NativeMethodAccessorImpl.invoke(NativeMethodAccessorImpl.java:62)
	at java.base/jdk.internal.reflect.DelegatingMethodAccessorImpl.invoke(DelegatingMethodAccessorImpl.java:43)
	at java.base/java.lang.reflect.Method.invoke(Method.java:566)
	at org.junit.runners.model.FrameworkMethod$1.runReflectiveCall(FrameworkMethod.java:44)
	at org.junit.internal.runners.model.ReflectiveCallable.run(ReflectiveCallable.java:15)
	at org.junit.runners.model.FrameworkMethod.invokeExplosively(FrameworkMethod.java:41)
	at junitparams.internal.InvokeParameterisedMethod.evaluate(InvokeParameterisedMethod.java:102)
	at org.junit.internal.runners.statements.FailOnTimeout$1.run(FailOnTimeout.java:28)
Caused by: ptolemy.kernel.util.IllegalActionException: Test fails in iteration 1.
Value was: 1.0. Should have been: 2.0
  in .DirectFeedback.Test
	at ptolemy.actor.lib.Test.fire(Test.java:268)
	at ptolemy.domains.de.kernel.DEDirector._fire(DEDirector.java:1949)
	at ptolemy.domains.de.kernel.DEDirector.fire(DEDirector.java:502)
	at ptolemy.actor.CompositeActor.fire(CompositeActor.java:455)
	at ptolemy.actor.Manager.iterate(Manager.java:851)
	at ptolemy.actor.Manager.execute(Manager.java:369)
	at ptolemy.actor.Manager.run(Manager.java:1263)
	at ptolemy.actor.Manager$PtolemyRunThread.run(Manager.java:1933)
java.lang.RuntimeException: Execution failed
	at ptolemy.moml.MoMLSimpleApplication$UnloadThread.run(MoMLSimpleApplication.java:402)
Caused by: ptolemy.kernel.util.IllegalActionException: Found a zero delay loop containing .HierarchicalModel.A
  in .HierarchicalModel and .HierarchicalModel.A
	at ptolemy.actor.util.CausalityInterfaceForComposites._computeOutputPortDepth(CausalityInterfaceForComposites.java:759)
	at ptolemy.actor.util.CausalityInterfaceForComposites._computeInputDepth(CausalityInterfaceForComposites.java:696)
	at ptolemy.actor.util.CausalityInterfaceForComposites._computeOutputPortDepth(CausalityInterfaceForComposites.java:765)
	at ptolemy.actor.util.CausalityInterfaceForComposites._computeInputDepth(CausalityInterfaceForComposites.java:696)
	at ptolemy.actor.util.CausalityInterfaceForComposites._computeOutputPortDepth(CausalityInterfaceForComposites.java:765)
	at ptolemy.actor.util.CausalityInterfaceForComposites._computeInputDepth(CausalityInterfaceForComposites.java:696)
	at ptolemy.actor.util.CausalityInterfaceForComposites._computeActorDepth(CausalityInterfaceForComposites.java:532)
	at ptolemy.actor.util.CausalityInterfaceForComposites.checkForCycles(CausalityInterfaceForComposites.java:96)
	at ptolemy.domains.de.kernel.DEDirector.preinitialize(DEDirector.java:1338)
	at ptolemy.actor.CompositeActor.preinitialize(CompositeActor.java:1828)
	at ptolemy.actor.Manager.preinitializeAndResolveTypes(Manager.java:1040)
	at ptolemy.actor.Manager.initialize(Manager.java:710)
	at ptolemy.actor.Manager.execute(Manager.java:356)
	at ptolemy.actor.Manager.run(Manager.java:1263)
	at ptolemy.actor.Manager$PtolemyRunThread.run(Manager.java:1933)
java.lang.reflect.InvocationTargetException
	at java.base/jdk.internal.reflect.NativeConstructorAccessorImpl.newInstance0(Native Method)
	at java.base/jdk.internal.reflect.NativeConstructorAccessorImpl.newInstance(NativeConstructorAccessorImpl.java:62)
	at java.base/jdk.internal.reflect.DelegatingConstructorAccessorImpl.newInstance(DelegatingConstructorAccessorImpl.java:45)
	at java.base/java.lang.reflect.Constructor.newInstance(Constructor.java:490)
	at ptolemy.util.test.junit.AutoKnownFailedTests.RunModel(AutoKnownFailedTests.java:105)
	at java.base/jdk.internal.reflect.NativeMethodAccessorImpl.invoke0(Native Method)
	at java.base/jdk.internal.reflect.NativeMethodAccessorImpl.invoke(NativeMethodAccessorImpl.java:62)
	at java.base/jdk.internal.reflect.DelegatingMethodAccessorImpl.invoke(DelegatingMethodAccessorImpl.java:43)
	at java.base/java.lang.reflect.Method.invoke(Method.java:566)
	at org.junit.runners.model.FrameworkMethod$1.runReflectiveCall(FrameworkMethod.java:44)
	at org.junit.internal.runners.model.ReflectiveCallable.run(ReflectiveCallable.java:15)
	at org.junit.runners.model.FrameworkMethod.invokeExplosively(FrameworkMethod.java:41)
	at junitparams.internal.InvokeParameterisedMethod.evaluate(InvokeParameterisedMethod.java:102)
	at org.junit.internal.runners.statements.FailOnTimeout$1.run(FailOnTimeout.java:28)
Caused by: ptolemy.kernel.util.IllegalActionException: Found a zero delay loop containing .HierarchicalModel.A
  in .HierarchicalModel and .HierarchicalModel.A
	at ptolemy.actor.util.CausalityInterfaceForComposites._computeOutputPortDepth(CausalityInterfaceForComposites.java:759)
	at ptolemy.actor.util.CausalityInterfaceForComposites._computeInputDepth(CausalityInterfaceForComposites.java:696)
	at ptolemy.actor.util.CausalityInterfaceForComposites._computeOutputPortDepth(CausalityInterfaceForComposites.java:765)
	at ptolemy.actor.util.CausalityInterfaceForComposites._computeInputDepth(CausalityInterfaceForComposites.java:696)
	at ptolemy.actor.util.CausalityInterfaceForComposites._computeOutputPortDepth(CausalityInterfaceForComposites.java:765)
	at ptolemy.actor.util.CausalityInterfaceForComposites._computeInputDepth(CausalityInterfaceForComposites.java:696)
	at ptolemy.actor.util.CausalityInterfaceForComposites._computeActorDepth(CausalityInterfaceForComposites.java:532)
	at ptolemy.actor.util.CausalityInterfaceForComposites.checkForCycles(CausalityInterfaceForComposites.java:96)
	at ptolemy.domains.de.kernel.DEDirector.preinitialize(DEDirector.java:1338)
	at ptolemy.actor.CompositeActor.preinitialize(CompositeActor.java:1828)
	at ptolemy.actor.Manager.preinitializeAndResolveTypes(Manager.java:1040)
	at ptolemy.actor.Manager.initialize(Manager.java:710)
	at ptolemy.actor.Manager.execute(Manager.java:356)
	at ptolemy.actor.Manager.run(Manager.java:1263)
	at ptolemy.actor.Manager$PtolemyRunThread.run(Manager.java:1933)
java.lang.RuntimeException: Execution failed
	at ptolemy.moml.MoMLSimpleApplication$UnloadThread.run(MoMLSimpleApplication.java:402)
Caused by: ptolemy.kernel.util.IllegalActionException: Found a zero delay loop containing .dependencyLoop.original
  in .dependencyLoop and .dependencyLoop.original
	at ptolemy.actor.util.CausalityInterfaceForComposites._computeOutputPortDepth(CausalityInterfaceForComposites.java:759)
	at ptolemy.actor.util.CausalityInterfaceForComposites._computeInputDepth(CausalityInterfaceForComposites.java:696)
	at ptolemy.actor.util.CausalityInterfaceForComposites._computeOutputPortDepth(CausalityInterfaceForComposites.java:765)
	at ptolemy.actor.util.CausalityInterfaceForComposites._computeInputDepth(CausalityInterfaceForComposites.java:696)
	at ptolemy.actor.util.CausalityInterfaceForComposites._computeOutputPortDepth(CausalityInterfaceForComposites.java:765)
	at ptolemy.actor.util.CausalityInterfaceForComposites._computeInputDepth(CausalityInterfaceForComposites.java:696)
	at ptolemy.actor.util.CausalityInterfaceForComposites._computeActorDepth(CausalityInterfaceForComposites.java:532)
	at ptolemy.actor.util.CausalityInterfaceForComposites.checkForCycles(CausalityInterfaceForComposites.java:96)
	at ptolemy.domains.de.kernel.DEDirector.preinitialize(DEDirector.java:1338)
	at ptolemy.actor.CompositeActor.preinitialize(CompositeActor.java:1828)
	at ptolemy.actor.Manager.preinitializeAndResolveTypes(Manager.java:1040)
	at ptolemy.actor.Manager.initialize(Manager.java:710)
	at ptolemy.actor.Manager.execute(Manager.java:356)
	at ptolemy.actor.Manager.run(Manager.java:1263)
	at ptolemy.actor.Manager$PtolemyRunThread.run(Manager.java:1933)
java.lang.reflect.InvocationTargetException
	at java.base/jdk.internal.reflect.NativeConstructorAccessorImpl.newInstance0(Native Method)
	at java.base/jdk.internal.reflect.NativeConstructorAccessorImpl.newInstance(NativeConstructorAccessorImpl.java:62)
	at java.base/jdk.internal.reflect.DelegatingConstructorAccessorImpl.newInstance(DelegatingConstructorAccessorImpl.java:45)
	at java.base/java.lang.reflect.Constructor.newInstance(Constructor.java:490)
	at ptolemy.util.test.junit.AutoKnownFailedTests.RunModel(AutoKnownFailedTests.java:105)
	at java.base/jdk.internal.reflect.NativeMethodAccessorImpl.invoke0(Native Method)
	at java.base/jdk.internal.reflect.NativeMethodAccessorImpl.invoke(NativeMethodAccessorImpl.java:62)
	at java.base/jdk.internal.reflect.DelegatingMethodAccessorImpl.invoke(DelegatingMethodAccessorImpl.java:43)
	at java.base/java.lang.reflect.Method.invoke(Method.java:566)
	at org.junit.runners.model.FrameworkMethod$1.runReflectiveCall(FrameworkMethod.java:44)
	at org.junit.internal.runners.model.ReflectiveCallable.run(ReflectiveCallable.java:15)
	at org.junit.runners.model.FrameworkMethod.invokeExplosively(FrameworkMethod.java:41)
	at junitparams.internal.InvokeParameterisedMethod.evaluate(InvokeParameterisedMethod.java:102)
	at org.junit.internal.runners.statements.FailOnTimeout$1.run(FailOnTimeout.java:28)
Caused by: ptolemy.kernel.util.IllegalActionException: Found a zero delay loop containing .dependencyLoop.original
  in .dependencyLoop and .dependencyLoop.original
	at ptolemy.actor.util.CausalityInterfaceForComposites._computeOutputPortDepth(CausalityInterfaceForComposites.java:759)
	at ptolemy.actor.util.CausalityInterfaceForComposites._computeInputDepth(CausalityInterfaceForComposites.java:696)
	at ptolemy.actor.util.CausalityInterfaceForComposites._computeOutputPortDepth(CausalityInterfaceForComposites.java:765)
	at ptolemy.actor.util.CausalityInterfaceForComposites._computeInputDepth(CausalityInterfaceForComposites.java:696)
	at ptolemy.actor.util.CausalityInterfaceForComposites._computeOutputPortDepth(CausalityInterfaceForComposites.java:765)
	at ptolemy.actor.util.CausalityInterfaceForComposites._computeInputDepth(CausalityInterfaceForComposites.java:696)
	at ptolemy.actor.util.CausalityInterfaceForComposites._computeActorDepth(CausalityInterfaceForComposites.java:532)
	at ptolemy.actor.util.CausalityInterfaceForComposites.checkForCycles(CausalityInterfaceForComposites.java:96)
	at ptolemy.domains.de.kernel.DEDirector.preinitialize(DEDirector.java:1338)
	at ptolemy.actor.CompositeActor.preinitialize(CompositeActor.java:1828)
	at ptolemy.actor.Manager.preinitializeAndResolveTypes(Manager.java:1040)
	at ptolemy.actor.Manager.initialize(Manager.java:710)
	at ptolemy.actor.Manager.execute(Manager.java:356)
	at ptolemy.actor.Manager.run(Manager.java:1263)
	at ptolemy.actor.Manager$PtolemyRunThread.run(Manager.java:1933)
java.lang.RuntimeException: Execution failed
	at ptolemy.moml.MoMLSimpleApplication$UnloadThread.run(MoMLSimpleApplication.java:402)
Caused by: ptolemy.kernel.util.IllegalActionException: Found a zero delay loop containing .dependencyLoop2.original
  in .dependencyLoop2 and .dependencyLoop2.original
	at ptolemy.actor.util.CausalityInterfaceForComposites._computeOutputPortDepth(CausalityInterfaceForComposites.java:759)
	at ptolemy.actor.util.CausalityInterfaceForComposites._computeInputDepth(CausalityInterfaceForComposites.java:696)
	at ptolemy.actor.util.CausalityInterfaceForComposites._computeOutputPortDepth(CausalityInterfaceForComposites.java:765)
	at ptolemy.actor.util.CausalityInterfaceForComposites._computeInputDepth(CausalityInterfaceForComposites.java:696)
	at ptolemy.actor.util.CausalityInterfaceForComposites._computeOutputPortDepth(CausalityInterfaceForComposites.java:765)
	at ptolemy.actor.util.CausalityInterfaceForComposites._computeInputDepth(CausalityInterfaceForComposites.java:696)
	at ptolemy.actor.util.CausalityInterfaceForComposites._computeActorDepth(CausalityInterfaceForComposites.java:532)
	at ptolemy.actor.util.CausalityInterfaceForComposites.checkForCycles(CausalityInterfaceForComposites.java:96)
	at ptolemy.domains.de.kernel.DEDirector.preinitialize(DEDirector.java:1338)
	at ptolemy.actor.CompositeActor.preinitialize(CompositeActor.java:1828)
	at ptolemy.actor.Manager.preinitializeAndResolveTypes(Manager.java:1040)
	at ptolemy.actor.Manager.initialize(Manager.java:710)
	at ptolemy.actor.Manager.execute(Manager.java:356)
	at ptolemy.actor.Manager.run(Manager.java:1263)
	at ptolemy.actor.Manager$PtolemyRunThread.run(Manager.java:1933)
java.lang.reflect.InvocationTargetException
	at java.base/jdk.internal.reflect.NativeConstructorAccessorImpl.newInstance0(Native Method)
	at java.base/jdk.internal.reflect.NativeConstructorAccessorImpl.newInstance(NativeConstructorAccessorImpl.java:62)
	at java.base/jdk.internal.reflect.DelegatingConstructorAccessorImpl.newInstance(DelegatingConstructorAccessorImpl.java:45)
	at java.base/java.lang.reflect.Constructor.newInstance(Constructor.java:490)
	at ptolemy.util.test.junit.AutoKnownFailedTests.RunModel(AutoKnownFailedTests.java:105)
	at java.base/jdk.internal.reflect.NativeMethodAccessorImpl.invoke0(Native Method)
	at java.base/jdk.internal.reflect.NativeMethodAccessorImpl.invoke(NativeMethodAccessorImpl.java:62)
	at java.base/jdk.internal.reflect.DelegatingMethodAccessorImpl.invoke(DelegatingMethodAccessorImpl.java:43)
	at java.base/java.lang.reflect.Method.invoke(Method.java:566)
	at org.junit.runners.model.FrameworkMethod$1.runReflectiveCall(FrameworkMethod.java:44)
	at org.junit.internal.runners.model.ReflectiveCallable.run(ReflectiveCallable.java:15)
	at org.junit.runners.model.FrameworkMethod.invokeExplosively(FrameworkMethod.java:41)
	at junitparams.internal.InvokeParameterisedMethod.evaluate(InvokeParameterisedMethod.java:102)
	at org.junit.internal.runners.statements.FailOnTimeout$1.run(FailOnTimeout.java:28)
Caused by: ptolemy.kernel.util.IllegalActionException: Found a zero delay loop containing .dependencyLoop2.original
  in .dependencyLoop2 and .dependencyLoop2.original
	at ptolemy.actor.util.CausalityInterfaceForComposites._computeOutputPortDepth(CausalityInterfaceForComposites.java:759)
	at ptolemy.actor.util.CausalityInterfaceForComposites._computeInputDepth(CausalityInterfaceForComposites.java:696)
	at ptolemy.actor.util.CausalityInterfaceForComposites._computeOutputPortDepth(CausalityInterfaceForComposites.java:765)
	at ptolemy.actor.util.CausalityInterfaceForComposites._computeInputDepth(CausalityInterfaceForComposites.java:696)
	at ptolemy.actor.util.CausalityInterfaceForComposites._computeOutputPortDepth(CausalityInterfaceForComposites.java:765)
	at ptolemy.actor.util.CausalityInterfaceForComposites._computeInputDepth(CausalityInterfaceForComposites.java:696)
	at ptolemy.actor.util.CausalityInterfaceForComposites._computeActorDepth(CausalityInterfaceForComposites.java:532)
	at ptolemy.actor.util.CausalityInterfaceForComposites.checkForCycles(CausalityInterfaceForComposites.java:96)
	at ptolemy.domains.de.kernel.DEDirector.preinitialize(DEDirector.java:1338)
	at ptolemy.actor.CompositeActor.preinitialize(CompositeActor.java:1828)
	at ptolemy.actor.Manager.preinitializeAndResolveTypes(Manager.java:1040)
	at ptolemy.actor.Manager.initialize(Manager.java:710)
	at ptolemy.actor.Manager.execute(Manager.java:356)
	at ptolemy.actor.Manager.run(Manager.java:1263)
	at ptolemy.actor.Manager$PtolemyRunThread.run(Manager.java:1933)
]]></system-err>
</testsuite>
