<?xml version="1.0" encoding="UTF-8" ?>
<testsuite errors="0" failures="0" hostname="travis-job-867aab3a-ec15-4b3b-ac61-38696e4f2763" name="ptolemy.domains.sdf.test.junit.JUnitTclTest" skipped="0" tests="66" time="19.032" timestamp="2019-02-13T03:40:34">
  <properties>
[...]
</properties>
  <testcase classname="ptolemy.util.test.junit.TclTests" name="[0] /home/travis/build/icyphy/ptII/ptolemy/domains/sdf/test/SDFSchedulerErrors.tcl (RunTclFile)" time="0.643" />
  <testcase classname="ptolemy.util.test.junit.TclTests" name="[1] /home/travis/build/icyphy/ptII/ptolemy/domains/sdf/test/composition.tcl (RunTclFile)" time="0.118" />
  <testcase classname="ptolemy.util.test.junit.TclTests" name="[2] /home/travis/build/icyphy/ptII/ptolemy/domains/sdf/test/cycle.tcl (RunTclFile)" time="0.052" />
  <testcase classname="ptolemy.util.test.junit.AutoKnownFailedTests" name="[0] ThereAreNoKnowFailedTests (RunModel)" time="0.003" />
  <testcase classname="ptolemy.util.test.junit.AutoNameArchTests" name="[0] ThereAreNoAutoArchTests (RunModel)" time="0.009" />
  <testcase classname="ptolemy.util.test.junit.AutoTests" name="[0] /home/travis/build/icyphy/ptII/ptolemy/domains/sdf/test/auto/Array.xml (RunModel)" time="0.144" />
  <testcase classname="ptolemy.util.test.junit.AutoTests" name="[1] /home/travis/build/icyphy/ptII/ptolemy/domains/sdf/test/auto/Butterfly.xml (RunModel)" time="0.146" />
  <testcase classname="ptolemy.util.test.junit.AutoTests" name="[2] /home/travis/build/icyphy/ptII/ptolemy/domains/sdf/test/auto/Expression.xml (RunModel)" time="0.112" />
  <testcase classname="ptolemy.util.test.junit.AutoTests" name="[3] /home/travis/build/icyphy/ptII/ptolemy/domains/sdf/test/auto/Eye.xml (RunModel)" time="0.294" />
  <testcase classname="ptolemy.util.test.junit.AutoTests" name="[4] /home/travis/build/icyphy/ptII/ptolemy/domains/sdf/test/auto/FixFIR.xml (RunModel)" time="0.322" />
  <testcase classname="ptolemy.util.test.junit.AutoTests" name="[5] /home/travis/build/icyphy/ptII/ptolemy/domains/sdf/test/auto/FixPoint.xml (RunModel)" time="0.044" />
  <testcase classname="ptolemy.util.test.junit.AutoTests" name="[6] /home/travis/build/icyphy/ptII/ptolemy/domains/sdf/test/auto/Gravitation.xml (RunModel)" time="3.247" />
  <testcase classname="ptolemy.util.test.junit.AutoTests" name="[7] /home/travis/build/icyphy/ptII/ptolemy/domains/sdf/test/auto/GravitationWithCollisionDetection.xml (RunModel)" time="5.783" />
  <testcase classname="ptolemy.util.test.junit.AutoTests" name="[8] /home/travis/build/icyphy/ptII/ptolemy/domains/sdf/test/auto/HDF.xml (RunModel)" time="0.108" />
  <testcase classname="ptolemy.util.test.junit.AutoTests" name="[9] /home/travis/build/icyphy/ptII/ptolemy/domains/sdf/test/auto/HDFwithTransientStates.xml (RunModel)" time="0.099" />
  <testcase classname="ptolemy.util.test.junit.AutoTests" name="[10] /home/travis/build/icyphy/ptII/ptolemy/domains/sdf/test/auto/HTVQ.xml (RunModel)" time="0.852" />
  <testcase classname="ptolemy.util.test.junit.AutoTests" name="[11] /home/travis/build/icyphy/ptII/ptolemy/domains/sdf/test/auto/InferInitProduction.xml (RunModel)" time="0.024" />
  <testcase classname="ptolemy.util.test.junit.AutoTests" name="[12] /home/travis/build/icyphy/ptII/ptolemy/domains/sdf/test/auto/InferInitProductionDeeper.xml (RunModel)" time="0.023" />
  <testcase classname="ptolemy.util.test.junit.AutoTests" name="[13] /home/travis/build/icyphy/ptII/ptolemy/domains/sdf/test/auto/LMSAdaptive.xml (RunModel)" time="0.072" />
  <testcase classname="ptolemy.util.test.junit.AutoTests" name="[14] /home/travis/build/icyphy/ptII/ptolemy/domains/sdf/test/auto/LogisticMap.xml (RunModel)" time="0.473" />
  <testcase classname="ptolemy.util.test.junit.AutoTests" name="[15] /home/travis/build/icyphy/ptII/ptolemy/domains/sdf/test/auto/MaximumEntropySpectrum.xml (RunModel)" time="0.217" />
  <testcase classname="ptolemy.util.test.junit.AutoTests" name="[16] /home/travis/build/icyphy/ptII/ptolemy/domains/sdf/test/auto/MultirateSDF.xml (RunModel)" time="0.065" />
  <testcase classname="ptolemy.util.test.junit.AutoTests" name="[17] /home/travis/build/icyphy/ptII/ptolemy/domains/sdf/test/auto/MultirateSDFwithTransientStates.xml (RunModel)" time="0.077" />
  <testcase classname="ptolemy.util.test.junit.AutoTests" name="[18] /home/travis/build/icyphy/ptII/ptolemy/domains/sdf/test/auto/NoisySinewave.xml (RunModel)" time="0.058" />
  <testcase classname="ptolemy.util.test.junit.AutoTests" name="[19] /home/travis/build/icyphy/ptII/ptolemy/domains/sdf/test/auto/Objects.xml (RunModel)" time="0.058" />
  <testcase classname="ptolemy.util.test.junit.AutoTests" name="[20] /home/travis/build/icyphy/ptII/ptolemy/domains/sdf/test/auto/OrthogonalCom.xml (RunModel)" time="0.041" />
  <testcase classname="ptolemy.util.test.junit.AutoTests" name="[21] /home/travis/build/icyphy/ptII/ptolemy/domains/sdf/test/auto/RijndaelEncryption.xml (RunModel)" time="0.522" />
  <testcase classname="ptolemy.util.test.junit.AutoTests" name="[22] /home/travis/build/icyphy/ptII/ptolemy/domains/sdf/test/auto/SDFEmptyIterations.xml (RunModel)" time="0.02" />
  <testcase classname="ptolemy.util.test.junit.AutoTests" name="[23] /home/travis/build/icyphy/ptII/ptolemy/domains/sdf/test/auto/Spectrum.xml (RunModel)" time="0.095" />
  <testcase classname="ptolemy.util.test.junit.AutoTests" name="[24] /home/travis/build/icyphy/ptII/ptolemy/domains/sdf/test/auto/de_inside_sdf.xml (RunModel)" time="0.024" />
  <testcase classname="ptolemy.util.test.junit.AutoTests" name="[25] /home/travis/build/icyphy/ptII/ptolemy/domains/sdf/test/auto/disconnectedHierarchicalSDF.xml (RunModel)" time="0.024" />
  <testcase classname="ptolemy.util.test.junit.AutoTests" name="[26] /home/travis/build/icyphy/ptII/ptolemy/domains/sdf/test/auto/disconnectedSDF.xml (RunModel)" time="0.024" />
  <testcase classname="ptolemy.util.test.junit.AutoTests" name="[27] /home/travis/build/icyphy/ptII/ptolemy/domains/sdf/test/auto/emptyRefinement.xml (RunModel)" time="0.021" />
  <testcase classname="ptolemy.util.test.junit.AutoTests" name="[28] /home/travis/build/icyphy/ptII/ptolemy/domains/sdf/test/auto/filePortParameter.xml (RunModel)" time="0.051" />
  <testcase classname="ptolemy.util.test.junit.AutoTests" name="[29] /home/travis/build/icyphy/ptII/ptolemy/domains/sdf/test/auto/inferRelationWidth1.xml (RunModel)" time="0.013" />
  <testcase classname="ptolemy.util.test.junit.AutoTests" name="[30] /home/travis/build/icyphy/ptII/ptolemy/domains/sdf/test/auto/initProductionInference.xml (RunModel)" time="0.019" />
  <testcase classname="ptolemy.util.test.junit.AutoTests" name="[31] /home/travis/build/icyphy/ptII/ptolemy/domains/sdf/test/auto/relationGroup.xml (RunModel)" time="0.012" />
  <testcase classname="ptolemy.util.test.junit.AutoTests" name="[32] /home/travis/build/icyphy/ptII/ptolemy/domains/sdf/test/auto/relationGroup10.xml (RunModel)" time="0.016" />
  <testcase classname="ptolemy.util.test.junit.AutoTests" name="[33] /home/travis/build/icyphy/ptII/ptolemy/domains/sdf/test/auto/relationGroup11.xml (RunModel)" time="0.017" />
  <testcase classname="ptolemy.util.test.junit.AutoTests" name="[34] /home/travis/build/icyphy/ptII/ptolemy/domains/sdf/test/auto/relationGroup12.xml (RunModel)" time="0.01" />
  <testcase classname="ptolemy.util.test.junit.AutoTests" name="[35] /home/travis/build/icyphy/ptII/ptolemy/domains/sdf/test/auto/relationGroup13.xml (RunModel)" time="0.023" />
  <testcase classname="ptolemy.util.test.junit.AutoTests" name="[36] /home/travis/build/icyphy/ptII/ptolemy/domains/sdf/test/auto/relationGroup14.xml (RunModel)" time="0.018" />
  <testcase classname="ptolemy.util.test.junit.AutoTests" name="[37] /home/travis/build/icyphy/ptII/ptolemy/domains/sdf/test/auto/relationGroup15.xml (RunModel)" time="0.015" />
  <testcase classname="ptolemy.util.test.junit.AutoTests" name="[38] /home/travis/build/icyphy/ptII/ptolemy/domains/sdf/test/auto/relationGroup2.xml (RunModel)" time="0.018" />
  <testcase classname="ptolemy.util.test.junit.AutoTests" name="[39] /home/travis/build/icyphy/ptII/ptolemy/domains/sdf/test/auto/relationGroup3.xml (RunModel)" time="0.014" />
  <testcase classname="ptolemy.util.test.junit.AutoTests" name="[40] /home/travis/build/icyphy/ptII/ptolemy/domains/sdf/test/auto/relationGroup4.xml (RunModel)" time="0.015" />
  <testcase classname="ptolemy.util.test.junit.AutoTests" name="[41] /home/travis/build/icyphy/ptII/ptolemy/domains/sdf/test/auto/relationGroup5.xml (RunModel)" time="0.011" />
  <testcase classname="ptolemy.util.test.junit.AutoTests" name="[42] /home/travis/build/icyphy/ptII/ptolemy/domains/sdf/test/auto/relationGroup6.xml (RunModel)" time="0.019" />
  <testcase classname="ptolemy.util.test.junit.AutoTests" name="[43] /home/travis/build/icyphy/ptII/ptolemy/domains/sdf/test/auto/relationGroup7.xml (RunModel)" time="0.014" />
  <testcase classname="ptolemy.util.test.junit.AutoTests" name="[44] /home/travis/build/icyphy/ptII/ptolemy/domains/sdf/test/auto/relationGroup8.xml (RunModel)" time="0.016" />
  <testcase classname="ptolemy.util.test.junit.AutoTests" name="[45] /home/travis/build/icyphy/ptII/ptolemy/domains/sdf/test/auto/relationGroup9.xml (RunModel)" time="0.018" />
  <testcase classname="ptolemy.util.test.junit.AutoTests" name="[46] /home/travis/build/icyphy/ptII/ptolemy/domains/sdf/test/auto/sdf_inside_de.xml (RunModel)" time="0.056" />
  <testcase classname="ptolemy.util.test.junit.AutoTests" name="[47] /home/travis/build/icyphy/ptII/ptolemy/domains/sdf/test/auto/sdf_inside_pn.xml (RunModel)" time="0.059" />
  <testcase classname="ptolemy.util.test.junit.AutoTests" name="[48] /home/travis/build/icyphy/ptII/ptolemy/domains/sdf/test/auto/sdf_sdf1.xml (RunModel)" time="0.022" />
  <testcase classname="ptolemy.util.test.junit.AutoTests" name="[49] /home/travis/build/icyphy/ptII/ptolemy/domains/sdf/test/auto/test1.xml (RunModel)" time="0.014" />
  <testcase classname="ptolemy.util.test.junit.AutoTests" name="[50] /home/travis/build/icyphy/ptII/ptolemy/domains/sdf/test/auto/time1.xml (RunModel)" time="0.009" />
  <testcase classname="ptolemy.util.test.junit.AutoTests" name="[51] /home/travis/build/icyphy/ptII/ptolemy/domains/sdf/test/auto/time2.xml (RunModel)" time="0.01" />
  <testcase classname="ptolemy.util.test.junit.AutoTests" name="[52] /home/travis/build/icyphy/ptII/ptolemy/domains/sdf/test/auto/time3.xml (RunModel)" time="0.019" />
  <testcase classname="ptolemy.util.test.junit.AutoTests" name="[53] /home/travis/build/icyphy/ptII/ptolemy/domains/sdf/test/auto/time4.xml (RunModel)" time="0.018" />
  <testcase classname="ptolemy.util.test.junit.AutoTests" name="[54] /home/travis/build/icyphy/ptII/ptolemy/domains/sdf/test/auto/time5.xml (RunModel)" time="4.009" />
  <testcase classname="ptolemy.util.test.junit.AutoTests" name="[55] /home/travis/build/icyphy/ptII/ptolemy/domains/sdf/test/auto/typeSystem_Const_Integer_smallest_Type.xml (RunModel)" time="0.034" />
  <testcase classname="ptolemy.util.test.junit.AutoTests" name="[56] /home/travis/build/icyphy/ptII/ptolemy/domains/sdf/test/auto/typeSystem_declared_Inports_OutportTypeException.xml (RunModel)" time="0.017" />
  <testcase classname="ptolemy.util.test.junit.AutoTests" name="[57] /home/travis/build/icyphy/ptII/ptolemy/domains/sdf/test/auto/typeSystem_oneDeclaredInportType_wrongTypeOutport.xml (RunModel)" time="0.016" />
  <testcase classname="ptolemy.util.test.junit.AutoTests" name="[58] /home/travis/build/icyphy/ptII/ptolemy/domains/sdf/test/auto/width.xml (RunModel)" time="0.012" />
  <testcase classname="ptolemy.util.test.junit.AutoTests" name="[59] /home/travis/build/icyphy/ptII/ptolemy/domains/sdf/test/auto/width2.xml (RunModel)" time="0.037" />
  <testcase classname="ptolemy.util.test.junit.AutoTests" name="[60] /home/travis/build/icyphy/ptII/ptolemy/domains/sdf/test/auto/width3.xml (RunModel)" time="0.037" />
  <system-out><![CDATA[/home/travis/build/icyphy/ptII/ptolemy/domains/sdf/test/SDFSchedulerErrors.tcl
testDefs.tcl: setting time out to 9000 seconds at Wed Feb 13 03:40:35 UTC 2019
28 ms. Memory: 116224K Free: 108750K (94%)
4 ms. Memory: 116224K Free: 102292K (88%)
5 ms. Memory: 116224K Free: 95367K (82%)
5 ms. Memory: 116224K Free: 92310K (79%)
/home/travis/build/icyphy/ptII/ptolemy/domains/sdf/test/composition.tcl
33 ms. Memory: 116224K Free: 88715K (76%)
6 ms. Memory: 116224K Free: 86926K (75%)
/home/travis/build/icyphy/ptII/ptolemy/domains/sdf/test/cycle.tcl
.Toplevel.Director Preinitializing ...
Invoking preinitialize():  .Toplevel.Actor1
Invoking preinitialize():  .Toplevel.Actor2
Invoking preinitialize():  .Toplevel.Delay
.Toplevel.Director Finished preinitialize().
### Schedule:
Execute Schedule{
Fire Actor ptolemy.domains.sdf.kernel.test.SDFTestDelay {.Toplevel.Actor1}
Fire Actor ptolemy.domains.sdf.kernel.test.SDFTestDelay {.Toplevel.Actor2}
Fire Actor ptolemy.domains.sdf.lib.SampleDelay {.Toplevel.Delay}
}
### End schedule
Called initialize().
Invoking initialize():  .Toplevel.Actor1
Initializing actor: .Toplevel.Actor1.
Invoking initialize():  .Toplevel.Actor2
Initializing actor: .Toplevel.Actor2.
Invoking initialize():  .Toplevel.Delay
Initializing actor: .Toplevel.Delay.
Director: Called prefire().
-- Setting current time to 0.0
Director prefire returns true.
The actor .Toplevel.Actor1 will be iterated.
The actor .Toplevel.Actor1 was iterated.
The actor .Toplevel.Actor2 will be iterated.
The actor .Toplevel.Actor2 was iterated.
The actor .Toplevel.Delay will be iterated.
The actor .Toplevel.Delay was iterated.
Director: Called postfire().
Postfire returns: true
Director: Called prefire().
-- Setting current time to 0.0
Director prefire returns true.
The actor .Toplevel.Actor1 will be iterated.
The actor .Toplevel.Actor1 was iterated.
The actor .Toplevel.Actor2 will be iterated.
The actor .Toplevel.Actor2 was iterated.
The actor .Toplevel.Delay will be iterated.
The actor .Toplevel.Delay was iterated.
Director: Called postfire().
Postfire returns: true
Director: Called prefire().
-- Setting current time to 0.0
Director prefire returns true.
The actor .Toplevel.Actor1 will be iterated.
The actor .Toplevel.Actor1 was iterated.
The actor .Toplevel.Actor2 will be iterated.
The actor .Toplevel.Actor2 was iterated.
The actor .Toplevel.Delay will be iterated.
The actor .Toplevel.Delay was iterated.
Director: Called postfire().
Postfire returns: true
Director: Called prefire().
-- Setting current time to 0.0
Director prefire returns true.
The actor .Toplevel.Actor1 will be iterated.
The actor .Toplevel.Actor1 was iterated.
The actor .Toplevel.Actor2 will be iterated.
The actor .Toplevel.Actor2 was iterated.
The actor .Toplevel.Delay will be iterated.
The actor .Toplevel.Delay was iterated.
Director: Called postfire().
Postfire returns: true
Director: Called prefire().
-- Setting current time to 0.0
Director prefire returns true.
The actor .Toplevel.Actor1 will be iterated.
The actor .Toplevel.Actor1 was iterated.
The actor .Toplevel.Actor2 will be iterated.
The actor .Toplevel.Actor2 was iterated.
The actor .Toplevel.Delay will be iterated.
The actor .Toplevel.Delay was iterated.
Director: Called postfire().
Postfire returns: true
Director: Called prefire().
-- Setting current time to 0.0
Director prefire returns true.
The actor .Toplevel.Actor1 will be iterated.
The actor .Toplevel.Actor1 was iterated.
The actor .Toplevel.Actor2 will be iterated.
The actor .Toplevel.Actor2 was iterated.
The actor .Toplevel.Delay will be iterated.
The actor .Toplevel.Delay was iterated.
Reached specified number of iterations: 6
Director: Called wrapup().
9 ms. Memory: 116224K Free: 84537K (73%)
02/13/19 03:40:35
Failed: 0  Total Tests: 8  ((Passed: 8, Newly Passed: 0)  Known Failed: 0) /home/travis/build/icyphy/ptII/ptolemy/domains/sdf/test
No auto/knownFailedTests/*.xml tests in /home/travis/build/icyphy/ptII/ptolemy/domains/sdf/test
No auto/linux-amd64/*.xml tests in /home/travis/build/icyphy/ptII/ptolemy/domains/sdf/test
AutoTests.java: About to close Vertx.
AutoTests.java: Vertx closed.

===========================================================================================
----------------- testing Wed Feb 13 03:40:36 UTC 2019 /home/travis/build/icyphy/ptII/ptolemy/domains/sdf/test/auto/Array.xml
----------------- Instantiating /home/travis/build/icyphy/ptII/ptolemy/domains/sdf/test/auto/Array.xml
27 ms. Memory: 146944K Free: 109085K (74%)
----------------- Invoking toplevel() on ptolemy.moml.MoMLSimpleApplication@5f24a999
----------------- Done invoking toplevel() on ptolemy.moml.MoMLSimpleApplication@5f24a999
reloadAllAccessors: .Array

===========================================================================================
----------------- testing Wed Feb 13 03:40:36 UTC 2019 /home/travis/build/icyphy/ptII/ptolemy/domains/sdf/test/auto/Butterfly.xml
----------------- Instantiating /home/travis/build/icyphy/ptII/ptolemy/domains/sdf/test/auto/Butterfly.xml
96 ms. Memory: 146944K Free: 102908K (70%)
----------------- Invoking toplevel() on ptolemy.moml.MoMLSimpleApplication@6be3ebc2
----------------- Done invoking toplevel() on ptolemy.moml.MoMLSimpleApplication@6be3ebc2
reloadAllAccessors: .Butterfly

===========================================================================================
----------------- testing Wed Feb 13 03:40:36 UTC 2019 /home/travis/build/icyphy/ptII/ptolemy/domains/sdf/test/auto/Expression.xml
----------------- Instantiating /home/travis/build/icyphy/ptII/ptolemy/domains/sdf/test/auto/Expression.xml
75 ms. Memory: 146944K Free: 97355K (66%)
----------------- Invoking toplevel() on ptolemy.moml.MoMLSimpleApplication@478fea8e
----------------- Done invoking toplevel() on ptolemy.moml.MoMLSimpleApplication@478fea8e
reloadAllAccessors: .Expression

===========================================================================================
----------------- testing Wed Feb 13 03:40:36 UTC 2019 /home/travis/build/icyphy/ptII/ptolemy/domains/sdf/test/auto/Eye.xml
----------------- Instantiating /home/travis/build/icyphy/ptII/ptolemy/domains/sdf/test/auto/Eye.xml
184 ms. Memory: 146944K Free: 129011K (88%)
----------------- Invoking toplevel() on ptolemy.moml.MoMLSimpleApplication@33a5a0de
----------------- Done invoking toplevel() on ptolemy.moml.MoMLSimpleApplication@33a5a0de
reloadAllAccessors: .Eye

===========================================================================================
----------------- testing Wed Feb 13 03:40:36 UTC 2019 /home/travis/build/icyphy/ptII/ptolemy/domains/sdf/test/auto/FixFIR.xml
----------------- Instantiating /home/travis/build/icyphy/ptII/ptolemy/domains/sdf/test/auto/FixFIR.xml
164 ms. Memory: 146944K Free: 92444K (63%)
----------------- Invoking toplevel() on ptolemy.moml.MoMLSimpleApplication@5496317a
----------------- Done invoking toplevel() on ptolemy.moml.MoMLSimpleApplication@5496317a
reloadAllAccessors: .FixFIR

===========================================================================================
----------------- testing Wed Feb 13 03:40:37 UTC 2019 /home/travis/build/icyphy/ptII/ptolemy/domains/sdf/test/auto/FixPoint.xml
----------------- Instantiating /home/travis/build/icyphy/ptII/ptolemy/domains/sdf/test/auto/FixPoint.xml
16 ms. Memory: 146944K Free: 87842K (60%)
----------------- Invoking toplevel() on ptolemy.moml.MoMLSimpleApplication@2cff50b
----------------- Done invoking toplevel() on ptolemy.moml.MoMLSimpleApplication@2cff50b
reloadAllAccessors: .FixPoint

===========================================================================================
----------------- testing Wed Feb 13 03:40:37 UTC 2019 /home/travis/build/icyphy/ptII/ptolemy/domains/sdf/test/auto/Gravitation.xml
----------------- Instantiating /home/travis/build/icyphy/ptII/ptolemy/domains/sdf/test/auto/Gravitation.xml
3123 ms. Memory: 208384K Free: 118291K (57%)
----------------- Invoking toplevel() on ptolemy.moml.MoMLSimpleApplication@6a6ac591
----------------- Done invoking toplevel() on ptolemy.moml.MoMLSimpleApplication@6a6ac591
reloadAllAccessors: .Gravitation

===========================================================================================
----------------- testing Wed Feb 13 03:40:40 UTC 2019 /home/travis/build/icyphy/ptII/ptolemy/domains/sdf/test/auto/GravitationWithCollisionDetection.xml
----------------- Instantiating /home/travis/build/icyphy/ptII/ptolemy/domains/sdf/test/auto/GravitationWithCollisionDetection.xml
5578 ms. Memory: 872448K Free: 340604K (39%)
----------------- Invoking toplevel() on ptolemy.moml.MoMLSimpleApplication@45c881dd
----------------- Done invoking toplevel() on ptolemy.moml.MoMLSimpleApplication@45c881dd
reloadAllAccessors: .GravitationWithCollisionDetection

===========================================================================================
----------------- testing Wed Feb 13 03:40:46 UTC 2019 /home/travis/build/icyphy/ptII/ptolemy/domains/sdf/test/auto/HDF.xml
----------------- Instantiating /home/travis/build/icyphy/ptII/ptolemy/domains/sdf/test/auto/HDF.xml
27 ms. Memory: 872448K Free: 308677K (35%)
----------------- Invoking toplevel() on ptolemy.moml.MoMLSimpleApplication@18b48c48
----------------- Done invoking toplevel() on ptolemy.moml.MoMLSimpleApplication@18b48c48
reloadAllAccessors: .HDF

===========================================================================================
----------------- testing Wed Feb 13 03:40:46 UTC 2019 /home/travis/build/icyphy/ptII/ptolemy/domains/sdf/test/auto/HDFwithTransientStates.xml
----------------- Instantiating /home/travis/build/icyphy/ptII/ptolemy/domains/sdf/test/auto/HDFwithTransientStates.xml
32 ms. Memory: 872448K Free: 285130K (33%)
----------------- Invoking toplevel() on ptolemy.moml.MoMLSimpleApplication@3771f3a3
----------------- Done invoking toplevel() on ptolemy.moml.MoMLSimpleApplication@3771f3a3
reloadAllAccessors: .HDFwithTransientStates

===========================================================================================
----------------- testing Wed Feb 13 03:40:46 UTC 2019 /home/travis/build/icyphy/ptII/ptolemy/domains/sdf/test/auto/HTVQ.xml
----------------- Instantiating /home/travis/build/icyphy/ptII/ptolemy/domains/sdf/test/auto/HTVQ.xml
811 ms. Memory: 872448K Free: 112556K (13%)
----------------- Invoking toplevel() on ptolemy.moml.MoMLSimpleApplication@1655d09f
----------------- Done invoking toplevel() on ptolemy.moml.MoMLSimpleApplication@1655d09f
reloadAllAccessors: .HTVQ

===========================================================================================
----------------- testing Wed Feb 13 03:40:47 UTC 2019 /home/travis/build/icyphy/ptII/ptolemy/domains/sdf/test/auto/InferInitProduction.xml
----------------- Instantiating /home/travis/build/icyphy/ptII/ptolemy/domains/sdf/test/auto/InferInitProduction.xml
4 ms. Memory: 872448K Free: 96869K (11%)
----------------- Invoking toplevel() on ptolemy.moml.MoMLSimpleApplication@6ee73f6b
----------------- Done invoking toplevel() on ptolemy.moml.MoMLSimpleApplication@6ee73f6b
reloadAllAccessors: .InferInitProduction

===========================================================================================
----------------- testing Wed Feb 13 03:40:47 UTC 2019 /home/travis/build/icyphy/ptII/ptolemy/domains/sdf/test/auto/InferInitProductionDeeper.xml
----------------- Instantiating /home/travis/build/icyphy/ptII/ptolemy/domains/sdf/test/auto/InferInitProductionDeeper.xml
4 ms. Memory: 872448K Free: 81181K (9%)
----------------- Invoking toplevel() on ptolemy.moml.MoMLSimpleApplication@31ca049
----------------- Done invoking toplevel() on ptolemy.moml.MoMLSimpleApplication@31ca049
reloadAllAccessors: .InferInitProductionDeeper

===========================================================================================
----------------- testing Wed Feb 13 03:40:47 UTC 2019 /home/travis/build/icyphy/ptII/ptolemy/domains/sdf/test/auto/LMSAdaptive.xml
----------------- Instantiating /home/travis/build/icyphy/ptII/ptolemy/domains/sdf/test/auto/LMSAdaptive.xml
8 ms. Memory: 828928K Free: 802625K (97%)
----------------- Invoking toplevel() on ptolemy.moml.MoMLSimpleApplication@58784f6
----------------- Done invoking toplevel() on ptolemy.moml.MoMLSimpleApplication@58784f6
reloadAllAccessors: .LMSAdaptive

===========================================================================================
----------------- testing Wed Feb 13 03:40:47 UTC 2019 /home/travis/build/icyphy/ptII/ptolemy/domains/sdf/test/auto/LogisticMap.xml
----------------- Instantiating /home/travis/build/icyphy/ptII/ptolemy/domains/sdf/test/auto/LogisticMap.xml
442 ms. Memory: 828928K Free: 784663K (95%)
----------------- Invoking toplevel() on ptolemy.moml.MoMLSimpleApplication@2fd477a
----------------- Done invoking toplevel() on ptolemy.moml.MoMLSimpleApplication@2fd477a
reloadAllAccessors: .LogisticMap

===========================================================================================
----------------- testing Wed Feb 13 03:40:47 UTC 2019 /home/travis/build/icyphy/ptII/ptolemy/domains/sdf/test/auto/MaximumEntropySpectrum.xml
----------------- Instantiating /home/travis/build/icyphy/ptII/ptolemy/domains/sdf/test/auto/MaximumEntropySpectrum.xml
72 ms. Memory: 828928K Free: 709897K (86%)
----------------- Invoking toplevel() on ptolemy.moml.MoMLSimpleApplication@62cf09ab
----------------- Done invoking toplevel() on ptolemy.moml.MoMLSimpleApplication@62cf09ab
reloadAllAccessors: .MaximumEntropySpectrum

===========================================================================================
----------------- testing Wed Feb 13 03:40:48 UTC 2019 /home/travis/build/icyphy/ptII/ptolemy/domains/sdf/test/auto/MultirateSDF.xml
----------------- Instantiating /home/travis/build/icyphy/ptII/ptolemy/domains/sdf/test/auto/MultirateSDF.xml
17 ms. Memory: 828928K Free: 687479K (83%)
----------------- Invoking toplevel() on ptolemy.moml.MoMLSimpleApplication@3456852b
----------------- Done invoking toplevel() on ptolemy.moml.MoMLSimpleApplication@3456852b
reloadAllAccessors: .MultirateSDF

===========================================================================================
----------------- testing Wed Feb 13 03:40:48 UTC 2019 /home/travis/build/icyphy/ptII/ptolemy/domains/sdf/test/auto/MultirateSDFwithTransientStates.xml
----------------- Instantiating /home/travis/build/icyphy/ptII/ptolemy/domains/sdf/test/auto/MultirateSDFwithTransientStates.xml
18 ms. Memory: 828928K Free: 665053K (80%)
----------------- Invoking toplevel() on ptolemy.moml.MoMLSimpleApplication@57343ab7
----------------- Done invoking toplevel() on ptolemy.moml.MoMLSimpleApplication@57343ab7
reloadAllAccessors: .MultirateSDFwithTransientStates

===========================================================================================
----------------- testing Wed Feb 13 03:40:48 UTC 2019 /home/travis/build/icyphy/ptII/ptolemy/domains/sdf/test/auto/NoisySinewave.xml
----------------- Instantiating /home/travis/build/icyphy/ptII/ptolemy/domains/sdf/test/auto/NoisySinewave.xml
13 ms. Memory: 828928K Free: 642626K (78%)
----------------- Invoking toplevel() on ptolemy.moml.MoMLSimpleApplication@5f3f20a6
----------------- Done invoking toplevel() on ptolemy.moml.MoMLSimpleApplication@5f3f20a6
reloadAllAccessors: .NoisySinewave

===========================================================================================
----------------- testing Wed Feb 13 03:40:48 UTC 2019 /home/travis/build/icyphy/ptII/ptolemy/domains/sdf/test/auto/Objects.xml
----------------- Instantiating /home/travis/build/icyphy/ptII/ptolemy/domains/sdf/test/auto/Objects.xml
3 ms. Memory: 828928K Free: 620200K (75%)
----------------- Invoking toplevel() on ptolemy.moml.MoMLSimpleApplication@284c9289
----------------- Done invoking toplevel() on ptolemy.moml.MoMLSimpleApplication@284c9289
reloadAllAccessors: .Objects

===========================================================================================
----------------- testing Wed Feb 13 03:40:48 UTC 2019 /home/travis/build/icyphy/ptII/ptolemy/domains/sdf/test/auto/OrthogonalCom.xml
----------------- Instantiating /home/travis/build/icyphy/ptII/ptolemy/domains/sdf/test/auto/OrthogonalCom.xml
6 ms. Memory: 828928K Free: 605260K (73%)
----------------- Invoking toplevel() on ptolemy.moml.MoMLSimpleApplication@5ea0a120
----------------- Done invoking toplevel() on ptolemy.moml.MoMLSimpleApplication@5ea0a120
reloadAllAccessors: .OrthogonalCom

===========================================================================================
----------------- testing Wed Feb 13 03:40:48 UTC 2019 /home/travis/build/icyphy/ptII/ptolemy/domains/sdf/test/auto/RijndaelEncryption.xml
----------------- Instantiating /home/travis/build/icyphy/ptII/ptolemy/domains/sdf/test/auto/RijndaelEncryption.xml
284 ms. Memory: 828928K Free: 448212K (54%)
----------------- Invoking toplevel() on ptolemy.moml.MoMLSimpleApplication@4f8c5310
----------------- Done invoking toplevel() on ptolemy.moml.MoMLSimpleApplication@4f8c5310
reloadAllAccessors: .RijndaelEncryption

===========================================================================================
----------------- testing Wed Feb 13 03:40:49 UTC 2019 /home/travis/build/icyphy/ptII/ptolemy/domains/sdf/test/auto/SDFEmptyIterations.xml
----------------- Instantiating /home/travis/build/icyphy/ptII/ptolemy/domains/sdf/test/auto/SDFEmptyIterations.xml
5 ms. Memory: 828928K Free: 430488K (52%)
----------------- Invoking toplevel() on ptolemy.moml.MoMLSimpleApplication@7c4b35c6
----------------- Done invoking toplevel() on ptolemy.moml.MoMLSimpleApplication@7c4b35c6
reloadAllAccessors: .SDFEmptyIterations

===========================================================================================
----------------- testing Wed Feb 13 03:40:49 UTC 2019 /home/travis/build/icyphy/ptII/ptolemy/domains/sdf/test/auto/Spectrum.xml
----------------- Instantiating /home/travis/build/icyphy/ptII/ptolemy/domains/sdf/test/auto/Spectrum.xml
32 ms. Memory: 828928K Free: 408062K (49%)
----------------- Invoking toplevel() on ptolemy.moml.MoMLSimpleApplication@7829501f
----------------- Done invoking toplevel() on ptolemy.moml.MoMLSimpleApplication@7829501f
reloadAllAccessors: .Spectrum

===========================================================================================
----------------- testing Wed Feb 13 03:40:49 UTC 2019 /home/travis/build/icyphy/ptII/ptolemy/domains/sdf/test/auto/de_inside_sdf.xml
----------------- Instantiating /home/travis/build/icyphy/ptII/ptolemy/domains/sdf/test/auto/de_inside_sdf.xml
7 ms. Memory: 828928K Free: 393122K (47%)
----------------- Invoking toplevel() on ptolemy.moml.MoMLSimpleApplication@7f86d150
----------------- Done invoking toplevel() on ptolemy.moml.MoMLSimpleApplication@7f86d150
reloadAllAccessors: .de_inside_sdf

===========================================================================================
----------------- testing Wed Feb 13 03:40:49 UTC 2019 /home/travis/build/icyphy/ptII/ptolemy/domains/sdf/test/auto/disconnectedHierarchicalSDF.xml
----------------- Instantiating /home/travis/build/icyphy/ptII/ptolemy/domains/sdf/test/auto/disconnectedHierarchicalSDF.xml
4 ms. Memory: 828928K Free: 378182K (46%)
----------------- Invoking toplevel() on ptolemy.moml.MoMLSimpleApplication@7cfda3ac
----------------- Done invoking toplevel() on ptolemy.moml.MoMLSimpleApplication@7cfda3ac
reloadAllAccessors: .disconnectedHierarchicalSDF

===========================================================================================
----------------- testing Wed Feb 13 03:40:49 UTC 2019 /home/travis/build/icyphy/ptII/ptolemy/domains/sdf/test/auto/disconnectedSDF.xml
----------------- Instantiating /home/travis/build/icyphy/ptII/ptolemy/domains/sdf/test/auto/disconnectedSDF.xml
2 ms. Memory: 828928K Free: 363242K (44%)
----------------- Invoking toplevel() on ptolemy.moml.MoMLSimpleApplication@43c78a9
----------------- Done invoking toplevel() on ptolemy.moml.MoMLSimpleApplication@43c78a9
reloadAllAccessors: .disconnectedSDF

===========================================================================================
----------------- testing Wed Feb 13 03:40:49 UTC 2019 /home/travis/build/icyphy/ptII/ptolemy/domains/sdf/test/auto/emptyRefinement.xml
----------------- Instantiating /home/travis/build/icyphy/ptII/ptolemy/domains/sdf/test/auto/emptyRefinement.xml
3 ms. Memory: 828928K Free: 348301K (42%)
----------------- Invoking toplevel() on ptolemy.moml.MoMLSimpleApplication@6cb27379
----------------- Done invoking toplevel() on ptolemy.moml.MoMLSimpleApplication@6cb27379
reloadAllAccessors: .emptyRefinement

===========================================================================================
----------------- testing Wed Feb 13 03:40:49 UTC 2019 /home/travis/build/icyphy/ptII/ptolemy/domains/sdf/test/auto/filePortParameter.xml
----------------- Instantiating /home/travis/build/icyphy/ptII/ptolemy/domains/sdf/test/auto/filePortParameter.xml
9 ms. Memory: 828928K Free: 333361K (40%)
----------------- Invoking toplevel() on ptolemy.moml.MoMLSimpleApplication@4707ef43
----------------- Done invoking toplevel() on ptolemy.moml.MoMLSimpleApplication@4707ef43
reloadAllAccessors: .filePortParameter

===========================================================================================
----------------- testing Wed Feb 13 03:40:49 UTC 2019 /home/travis/build/icyphy/ptII/ptolemy/domains/sdf/test/auto/inferRelationWidth1.xml
----------------- Instantiating /home/travis/build/icyphy/ptII/ptolemy/domains/sdf/test/auto/inferRelationWidth1.xml
2 ms. Memory: 828928K Free: 318421K (38%)
----------------- Invoking toplevel() on ptolemy.moml.MoMLSimpleApplication@2b3a258b
----------------- Done invoking toplevel() on ptolemy.moml.MoMLSimpleApplication@2b3a258b
reloadAllAccessors: .inferRelationWidth1

===========================================================================================
----------------- testing Wed Feb 13 03:40:49 UTC 2019 /home/travis/build/icyphy/ptII/ptolemy/domains/sdf/test/auto/initProductionInference.xml
----------------- Instantiating /home/travis/build/icyphy/ptII/ptolemy/domains/sdf/test/auto/initProductionInference.xml
5 ms. Memory: 828928K Free: 300698K (36%)
----------------- Invoking toplevel() on ptolemy.moml.MoMLSimpleApplication@20bb0a6c
----------------- Done invoking toplevel() on ptolemy.moml.MoMLSimpleApplication@20bb0a6c
reloadAllAccessors: .initProductionInference

===========================================================================================
----------------- testing Wed Feb 13 03:40:49 UTC 2019 /home/travis/build/icyphy/ptII/ptolemy/domains/sdf/test/auto/relationGroup.xml
----------------- Instantiating /home/travis/build/icyphy/ptII/ptolemy/domains/sdf/test/auto/relationGroup.xml
2 ms. Memory: 828928K Free: 285758K (34%)
----------------- Invoking toplevel() on ptolemy.moml.MoMLSimpleApplication@30b7d65c
----------------- Done invoking toplevel() on ptolemy.moml.MoMLSimpleApplication@30b7d65c
reloadAllAccessors: .relationGroup

===========================================================================================
----------------- testing Wed Feb 13 03:40:49 UTC 2019 /home/travis/build/icyphy/ptII/ptolemy/domains/sdf/test/auto/relationGroup10.xml
----------------- Instantiating /home/travis/build/icyphy/ptII/ptolemy/domains/sdf/test/auto/relationGroup10.xml
1 ms. Memory: 828928K Free: 270817K (33%)
----------------- Invoking toplevel() on ptolemy.moml.MoMLSimpleApplication@42a14410
----------------- Done invoking toplevel() on ptolemy.moml.MoMLSimpleApplication@42a14410
reloadAllAccessors: .relationGroup10

===========================================================================================
----------------- testing Wed Feb 13 03:40:49 UTC 2019 /home/travis/build/icyphy/ptII/ptolemy/domains/sdf/test/auto/relationGroup11.xml
----------------- Instantiating /home/travis/build/icyphy/ptII/ptolemy/domains/sdf/test/auto/relationGroup11.xml
2 ms. Memory: 828928K Free: 255877K (31%)
----------------- Invoking toplevel() on ptolemy.moml.MoMLSimpleApplication@289c090
----------------- Done invoking toplevel() on ptolemy.moml.MoMLSimpleApplication@289c090
reloadAllAccessors: .relationGroup11

===========================================================================================
----------------- testing Wed Feb 13 03:40:49 UTC 2019 /home/travis/build/icyphy/ptII/ptolemy/domains/sdf/test/auto/relationGroup12.xml
----------------- Instantiating /home/travis/build/icyphy/ptII/ptolemy/domains/sdf/test/auto/relationGroup12.xml
2 ms. Memory: 828928K Free: 240937K (29%)
----------------- Invoking toplevel() on ptolemy.moml.MoMLSimpleApplication@2bb6f175
----------------- Done invoking toplevel() on ptolemy.moml.MoMLSimpleApplication@2bb6f175
reloadAllAccessors: .relationGroup12

===========================================================================================
----------------- testing Wed Feb 13 03:40:49 UTC 2019 /home/travis/build/icyphy/ptII/ptolemy/domains/sdf/test/auto/relationGroup13.xml
----------------- Instantiating /home/travis/build/icyphy/ptII/ptolemy/domains/sdf/test/auto/relationGroup13.xml
8 ms. Memory: 828928K Free: 225997K (27%)
----------------- Invoking toplevel() on ptolemy.moml.MoMLSimpleApplication@f45e7e0
----------------- Done invoking toplevel() on ptolemy.moml.MoMLSimpleApplication@f45e7e0
reloadAllAccessors: .relationGroup13

===========================================================================================
----------------- testing Wed Feb 13 03:40:49 UTC 2019 /home/travis/build/icyphy/ptII/ptolemy/domains/sdf/test/auto/relationGroup14.xml
----------------- Instantiating /home/travis/build/icyphy/ptII/ptolemy/domains/sdf/test/auto/relationGroup14.xml
4 ms. Memory: 828928K Free: 211057K (25%)
----------------- Invoking toplevel() on ptolemy.moml.MoMLSimpleApplication@5e948042
----------------- Done invoking toplevel() on ptolemy.moml.MoMLSimpleApplication@5e948042
reloadAllAccessors: .relationGroup14

===========================================================================================
----------------- testing Wed Feb 13 03:40:49 UTC 2019 /home/travis/build/icyphy/ptII/ptolemy/domains/sdf/test/auto/relationGroup15.xml
----------------- Instantiating /home/travis/build/icyphy/ptII/ptolemy/domains/sdf/test/auto/relationGroup15.xml
2 ms. Memory: 828928K Free: 196117K (24%)
----------------- Invoking toplevel() on ptolemy.moml.MoMLSimpleApplication@23c5ce07
----------------- Done invoking toplevel() on ptolemy.moml.MoMLSimpleApplication@23c5ce07
reloadAllAccessors: .relationGroup15

===========================================================================================
----------------- testing Wed Feb 13 03:40:49 UTC 2019 /home/travis/build/icyphy/ptII/ptolemy/domains/sdf/test/auto/relationGroup2.xml
----------------- Instantiating /home/travis/build/icyphy/ptII/ptolemy/domains/sdf/test/auto/relationGroup2.xml
1 ms. Memory: 828928K Free: 178385K (22%)
----------------- Invoking toplevel() on ptolemy.moml.MoMLSimpleApplication@11aea0aa
----------------- Done invoking toplevel() on ptolemy.moml.MoMLSimpleApplication@11aea0aa
reloadAllAccessors: .relationGroup2

===========================================================================================
----------------- testing Wed Feb 13 03:40:49 UTC 2019 /home/travis/build/icyphy/ptII/ptolemy/domains/sdf/test/auto/relationGroup3.xml
----------------- Instantiating /home/travis/build/icyphy/ptII/ptolemy/domains/sdf/test/auto/relationGroup3.xml
2 ms. Memory: 828928K Free: 163445K (20%)
----------------- Invoking toplevel() on ptolemy.moml.MoMLSimpleApplication@6293a9d8
----------------- Done invoking toplevel() on ptolemy.moml.MoMLSimpleApplication@6293a9d8
reloadAllAccessors: .relationGroup3

===========================================================================================
----------------- testing Wed Feb 13 03:40:49 UTC 2019 /home/travis/build/icyphy/ptII/ptolemy/domains/sdf/test/auto/relationGroup4.xml
----------------- Instantiating /home/travis/build/icyphy/ptII/ptolemy/domains/sdf/test/auto/relationGroup4.xml
2 ms. Memory: 828928K Free: 148505K (18%)
----------------- Invoking toplevel() on ptolemy.moml.MoMLSimpleApplication@6f5b6229
----------------- Done invoking toplevel() on ptolemy.moml.MoMLSimpleApplication@6f5b6229
reloadAllAccessors: .relationGroup4

===========================================================================================
----------------- testing Wed Feb 13 03:40:49 UTC 2019 /home/travis/build/icyphy/ptII/ptolemy/domains/sdf/test/auto/relationGroup5.xml
----------------- Instantiating /home/travis/build/icyphy/ptII/ptolemy/domains/sdf/test/auto/relationGroup5.xml
3 ms. Memory: 828928K Free: 133565K (16%)
----------------- Invoking toplevel() on ptolemy.moml.MoMLSimpleApplication@4c0dcaa9
----------------- Done invoking toplevel() on ptolemy.moml.MoMLSimpleApplication@4c0dcaa9
reloadAllAccessors: .relationGroup5

===========================================================================================
----------------- testing Wed Feb 13 03:40:49 UTC 2019 /home/travis/build/icyphy/ptII/ptolemy/domains/sdf/test/auto/relationGroup6.xml
----------------- Instantiating /home/travis/build/icyphy/ptII/ptolemy/domains/sdf/test/auto/relationGroup6.xml
5 ms. Memory: 828928K Free: 118625K (14%)
----------------- Invoking toplevel() on ptolemy.moml.MoMLSimpleApplication@33a81be
----------------- Done invoking toplevel() on ptolemy.moml.MoMLSimpleApplication@33a81be
reloadAllAccessors: .relationGroup6

===========================================================================================
----------------- testing Wed Feb 13 03:40:49 UTC 2019 /home/travis/build/icyphy/ptII/ptolemy/domains/sdf/test/auto/relationGroup7.xml
----------------- Instantiating /home/travis/build/icyphy/ptII/ptolemy/domains/sdf/test/auto/relationGroup7.xml
2 ms. Memory: 828928K Free: 103684K (13%)
----------------- Invoking toplevel() on ptolemy.moml.MoMLSimpleApplication@d41e3f2
----------------- Done invoking toplevel() on ptolemy.moml.MoMLSimpleApplication@d41e3f2
reloadAllAccessors: .relationGroup7

===========================================================================================
----------------- testing Wed Feb 13 03:40:49 UTC 2019 /home/travis/build/icyphy/ptII/ptolemy/domains/sdf/test/auto/relationGroup8.xml
----------------- Instantiating /home/travis/build/icyphy/ptII/ptolemy/domains/sdf/test/auto/relationGroup8.xml
5 ms. Memory: 828928K Free: 88744K (11%)
----------------- Invoking toplevel() on ptolemy.moml.MoMLSimpleApplication@1db8b9f1
----------------- Done invoking toplevel() on ptolemy.moml.MoMLSimpleApplication@1db8b9f1
reloadAllAccessors: .relationGroup8

===========================================================================================
----------------- testing Wed Feb 13 03:40:49 UTC 2019 /home/travis/build/icyphy/ptII/ptolemy/domains/sdf/test/auto/relationGroup9.xml
----------------- Instantiating /home/travis/build/icyphy/ptII/ptolemy/domains/sdf/test/auto/relationGroup9.xml
6 ms. Memory: 828928K Free: 73804K (9%)
----------------- Invoking toplevel() on ptolemy.moml.MoMLSimpleApplication@6129646b
----------------- Done invoking toplevel() on ptolemy.moml.MoMLSimpleApplication@6129646b
reloadAllAccessors: .relationGroup9

===========================================================================================
----------------- testing Wed Feb 13 03:40:49 UTC 2019 /home/travis/build/icyphy/ptII/ptolemy/domains/sdf/test/auto/sdf_inside_de.xml
----------------- Instantiating /home/travis/build/icyphy/ptII/ptolemy/domains/sdf/test/auto/sdf_inside_de.xml
17 ms. Memory: 793600K Free: 769275K (97%)
----------------- Invoking toplevel() on ptolemy.moml.MoMLSimpleApplication@2699aa3a
----------------- Done invoking toplevel() on ptolemy.moml.MoMLSimpleApplication@2699aa3a
reloadAllAccessors: .sdf_inside_de

===========================================================================================
----------------- testing Wed Feb 13 03:40:49 UTC 2019 /home/travis/build/icyphy/ptII/ptolemy/domains/sdf/test/auto/sdf_inside_pn.xml
----------------- Instantiating /home/travis/build/icyphy/ptII/ptolemy/domains/sdf/test/auto/sdf_inside_pn.xml
40 ms. Memory: 793600K Free: 729521K (92%)
----------------- Invoking toplevel() on ptolemy.moml.MoMLSimpleApplication@70660db8
----------------- Done invoking toplevel() on ptolemy.moml.MoMLSimpleApplication@70660db8
reloadAllAccessors: .sdf_inside_pn

===========================================================================================
----------------- testing Wed Feb 13 03:40:49 UTC 2019 /home/travis/build/icyphy/ptII/ptolemy/domains/sdf/test/auto/sdf_sdf1.xml
----------------- Instantiating /home/travis/build/icyphy/ptII/ptolemy/domains/sdf/test/auto/sdf_sdf1.xml
2 ms. Memory: 793600K Free: 720038K (91%)
----------------- Invoking toplevel() on ptolemy.moml.MoMLSimpleApplication@310b14e5
----------------- Done invoking toplevel() on ptolemy.moml.MoMLSimpleApplication@310b14e5
reloadAllAccessors: .sdf_sdf1

===========================================================================================
----------------- testing Wed Feb 13 03:40:49 UTC 2019 /home/travis/build/icyphy/ptII/ptolemy/domains/sdf/test/auto/test1.xml
----------------- Instantiating /home/travis/build/icyphy/ptII/ptolemy/domains/sdf/test/auto/test1.xml
2 ms. Memory: 793600K Free: 710556K (90%)
----------------- Invoking toplevel() on ptolemy.moml.MoMLSimpleApplication@30368286
----------------- Done invoking toplevel() on ptolemy.moml.MoMLSimpleApplication@30368286
reloadAllAccessors: .test1

===========================================================================================
----------------- testing Wed Feb 13 03:40:49 UTC 2019 /home/travis/build/icyphy/ptII/ptolemy/domains/sdf/test/auto/time1.xml
----------------- Instantiating /home/travis/build/icyphy/ptII/ptolemy/domains/sdf/test/auto/time1.xml
1 ms. Memory: 793600K Free: 701074K (88%)
----------------- Invoking toplevel() on ptolemy.moml.MoMLSimpleApplication@18e91a84
----------------- Done invoking toplevel() on ptolemy.moml.MoMLSimpleApplication@18e91a84
reloadAllAccessors: .time1

===========================================================================================
----------------- testing Wed Feb 13 03:40:49 UTC 2019 /home/travis/build/icyphy/ptII/ptolemy/domains/sdf/test/auto/time2.xml
----------------- Instantiating /home/travis/build/icyphy/ptII/ptolemy/domains/sdf/test/auto/time2.xml
3 ms. Memory: 793600K Free: 689783K (87%)
----------------- Invoking toplevel() on ptolemy.moml.MoMLSimpleApplication@1326f286
----------------- Done invoking toplevel() on ptolemy.moml.MoMLSimpleApplication@1326f286
reloadAllAccessors: .time2

===========================================================================================
----------------- testing Wed Feb 13 03:40:49 UTC 2019 /home/travis/build/icyphy/ptII/ptolemy/domains/sdf/test/auto/time3.xml
----------------- Instantiating /home/travis/build/icyphy/ptII/ptolemy/domains/sdf/test/auto/time3.xml
6 ms. Memory: 793600K Free: 680300K (86%)
----------------- Invoking toplevel() on ptolemy.moml.MoMLSimpleApplication@27c6a0b5
----------------- Done invoking toplevel() on ptolemy.moml.MoMLSimpleApplication@27c6a0b5
reloadAllAccessors: .time3

===========================================================================================
----------------- testing Wed Feb 13 03:40:49 UTC 2019 /home/travis/build/icyphy/ptII/ptolemy/domains/sdf/test/auto/time4.xml
----------------- Instantiating /home/travis/build/icyphy/ptII/ptolemy/domains/sdf/test/auto/time4.xml
5 ms. Memory: 793600K Free: 670818K (85%)
----------------- Invoking toplevel() on ptolemy.moml.MoMLSimpleApplication@681a2ac4
----------------- Done invoking toplevel() on ptolemy.moml.MoMLSimpleApplication@681a2ac4
reloadAllAccessors: .time4

===========================================================================================
----------------- testing Wed Feb 13 03:40:49 UTC 2019 /home/travis/build/icyphy/ptII/ptolemy/domains/sdf/test/auto/time5.xml
----------------- Instantiating /home/travis/build/icyphy/ptII/ptolemy/domains/sdf/test/auto/time5.xml
4002 ms. Memory: 793600K Free: 661336K (83%)
----------------- Invoking toplevel() on ptolemy.moml.MoMLSimpleApplication@2ae00337
----------------- Done invoking toplevel() on ptolemy.moml.MoMLSimpleApplication@2ae00337
reloadAllAccessors: .time5

===========================================================================================
----------------- testing Wed Feb 13 03:40:53 UTC 2019 /home/travis/build/icyphy/ptII/ptolemy/domains/sdf/test/auto/typeSystem_Const_Integer_smallest_Type.xml
----------------- Instantiating /home/travis/build/icyphy/ptII/ptolemy/domains/sdf/test/auto/typeSystem_Const_Integer_smallest_Type.xml
8 ms. Memory: 793600K Free: 651854K (82%)
----------------- Invoking toplevel() on ptolemy.moml.MoMLSimpleApplication@3c74191c
----------------- Done invoking toplevel() on ptolemy.moml.MoMLSimpleApplication@3c74191c
reloadAllAccessors: .typeSystem_Const_Integer_smallest_Type

===========================================================================================
----------------- testing Wed Feb 13 03:40:53 UTC 2019 /home/travis/build/icyphy/ptII/ptolemy/domains/sdf/test/auto/typeSystem_declared_Inports_OutportTypeException.xml
----------------- Instantiating /home/travis/build/icyphy/ptII/ptolemy/domains/sdf/test/auto/typeSystem_declared_Inports_OutportTypeException.xml
.typeSystem_declared_Inports_OutportTypeException.TestExceptionAttribute: initialize() was not invoked, but wrapup() was.  This is unusual, but not always a problem.  For example, exporting JNLP will do this.
3 ms. Memory: 793600K Free: 640562K (81%)
----------------- Invoking toplevel() on ptolemy.moml.MoMLSimpleApplication@9f9aef3
----------------- Done invoking toplevel() on ptolemy.moml.MoMLSimpleApplication@9f9aef3
reloadAllAccessors: .typeSystem_declared_Inports_OutportTypeException

===========================================================================================
----------------- testing Wed Feb 13 03:40:53 UTC 2019 /home/travis/build/icyphy/ptII/ptolemy/domains/sdf/test/auto/typeSystem_oneDeclaredInportType_wrongTypeOutport.xml
----------------- Instantiating /home/travis/build/icyphy/ptII/ptolemy/domains/sdf/test/auto/typeSystem_oneDeclaredInportType_wrongTypeOutport.xml
3 ms. Memory: 793600K Free: 631080K (80%)
----------------- Invoking toplevel() on ptolemy.moml.MoMLSimpleApplication@1a7eff3d
----------------- Done invoking toplevel() on ptolemy.moml.MoMLSimpleApplication@1a7eff3d
reloadAllAccessors: .typeSystem_oneDeclaredInportType_wrongTypeOutport

===========================================================================================
----------------- testing Wed Feb 13 03:40:53 UTC 2019 /home/travis/build/icyphy/ptII/ptolemy/domains/sdf/test/auto/width.xml
----------------- Instantiating /home/travis/build/icyphy/ptII/ptolemy/domains/sdf/test/auto/width.xml
4 ms. Memory: 793600K Free: 621598K (78%)
----------------- Invoking toplevel() on ptolemy.moml.MoMLSimpleApplication@7f11a0e0
----------------- Done invoking toplevel() on ptolemy.moml.MoMLSimpleApplication@7f11a0e0
reloadAllAccessors: .width

===========================================================================================
----------------- testing Wed Feb 13 03:40:53 UTC 2019 /home/travis/build/icyphy/ptII/ptolemy/domains/sdf/test/auto/width2.xml
----------------- Instantiating /home/travis/build/icyphy/ptII/ptolemy/domains/sdf/test/auto/width2.xml
26 ms. Memory: 793600K Free: 612115K (77%)
----------------- Invoking toplevel() on ptolemy.moml.MoMLSimpleApplication@4ad5295e
----------------- Done invoking toplevel() on ptolemy.moml.MoMLSimpleApplication@4ad5295e
reloadAllAccessors: .width2

===========================================================================================
----------------- testing Wed Feb 13 03:40:53 UTC 2019 /home/travis/build/icyphy/ptII/ptolemy/domains/sdf/test/auto/width3.xml
----------------- Instantiating /home/travis/build/icyphy/ptII/ptolemy/domains/sdf/test/auto/width3.xml
28 ms. Memory: 793600K Free: 602633K (76%)
----------------- Invoking toplevel() on ptolemy.moml.MoMLSimpleApplication@32e20fdb
----------------- Done invoking toplevel() on ptolemy.moml.MoMLSimpleApplication@32e20fdb
reloadAllAccessors: .width3
AutoTests.java: About to close Vertx.
AutoTests.java: Vertx closed.
]]></system-out>
  <system-err><![CDATA[java.lang.RuntimeException: Execution failed
	at ptolemy.moml.MoMLSimpleApplication$UnloadThread.run(MoMLSimpleApplication.java:402)
Caused by: ptolemy.actor.sched.NotSchedulableException: No solution exists for the balance equations.
Graph is not consistent under the SDF domain detected on external port .rateConsistency.actor.port2
  in .rateConsistency.SDF Director.Scheduler
	at ptolemy.domains.sdf.kernel.SDFScheduler._propagatePort(SDFScheduler.java:1425)
	at ptolemy.domains.sdf.kernel.SDFScheduler._solveBalanceEquations(SDFScheduler.java:710)
	at ptolemy.domains.sdf.kernel.SDFScheduler._getSchedule(SDFScheduler.java:566)
	at ptolemy.actor.sched.Scheduler.getSchedule(Scheduler.java:189)
	at ptolemy.domains.sdf.kernel.SDFDirector.createSchedule(SDFDirector.java:408)
	at ptolemy.domains.sdf.kernel.SDFDirector.preinitialize(SDFDirector.java:764)
	at ptolemy.actor.CompositeActor.preinitialize(CompositeActor.java:1828)
	at ptolemy.actor.Manager.preinitializeAndResolveTypes(Manager.java:1040)
	at ptolemy.actor.Manager.initialize(Manager.java:710)
	at ptolemy.actor.Manager.execute(Manager.java:356)
	at ptolemy.actor.Manager.run(Manager.java:1263)
	at ptolemy.actor.Manager$PtolemyRunThread.run(Manager.java:1915)
java.lang.RuntimeException: Execution failed
	at ptolemy.moml.MoMLSimpleApplication$UnloadThread.run(MoMLSimpleApplication.java:402)
Caused by: ptolemy.kernel.util.IllegalActionException: Failed to compute schedule:
  in .badRateChanges.typed composite actor.SDF Director
Because:
The SDF rate parameter may change. This is not allowed in SDF models that will be run through the code generator.  If you don't care about code generation, then you might consider setting the allowRateChanges parameter of the SDF director to false.
  in .badRateChanges.typed composite actor.Repeat.output.tokenProductionRate
	at ptolemy.domains.sdf.kernel.SDFDirector.createSchedule(SDFDirector.java:418)
	at ptolemy.domains.sdf.kernel.SDFDirector.preinitialize(SDFDirector.java:764)
	at ptolemy.actor.CompositeActor.preinitialize(CompositeActor.java:1828)
	at ptolemy.actor.Director.preinitialize(Director.java:1302)
	at ptolemy.actor.Director.preinitialize(Director.java:1257)
	at ptolemy.domains.sdf.kernel.SDFDirector.preinitialize(SDFDirector.java:763)
	at ptolemy.actor.CompositeActor.preinitialize(CompositeActor.java:1828)
	at ptolemy.actor.Manager.preinitializeAndResolveTypes(Manager.java:1040)
	at ptolemy.actor.Manager.initialize(Manager.java:710)
	at ptolemy.actor.Manager.execute(Manager.java:356)
	at ptolemy.actor.Manager.run(Manager.java:1263)
	at ptolemy.actor.Manager$PtolemyRunThread.run(Manager.java:1915)
Caused by: ptolemy.kernel.util.IllegalActionException: The SDF rate parameter may change. This is not allowed in SDF models that will be run through the code generator.  If you don't care about code generation, then you might consider setting the allowRateChanges parameter of the SDF director to false.
  in .badRateChanges.typed composite actor.Repeat.output.tokenProductionRate
	at ptolemy.domains.sdf.kernel.SDFScheduler._assertDynamicRateVariable(SDFScheduler.java:931)
	at ptolemy.domains.sdf.kernel.SDFScheduler._checkDynamicRateVariables(SDFScheduler.java:339)
	at ptolemy.domains.sdf.kernel.SDFScheduler._getSchedule(SDFScheduler.java:527)
	at ptolemy.actor.sched.Scheduler.getSchedule(Scheduler.java:189)
	at ptolemy.domains.sdf.kernel.SDFDirector.createSchedule(SDFDirector.java:408)
	... 11 more
java.lang.RuntimeException: Execution failed
	at ptolemy.moml.MoMLSimpleApplication$UnloadThread.run(MoMLSimpleApplication.java:402)
Caused by: ptolemy.kernel.util.IllegalActionException: Failed to compute schedule:
  in .badRateChanges2.typed composite actor.SDF Director
Because:
The SDF rate parameter may change. This is not allowed in SDF models that will be run through the code generator.  If you don't care about code generation, then you might consider setting the allowRateChanges parameter of the SDF director to false.
  in .badRateChanges2.typed composite actor.Repeat.output.tokenProductionRate
	at ptolemy.domains.sdf.kernel.SDFDirector.createSchedule(SDFDirector.java:418)
	at ptolemy.domains.sdf.kernel.SDFDirector.preinitialize(SDFDirector.java:764)
	at ptolemy.actor.CompositeActor.preinitialize(CompositeActor.java:1828)
	at ptolemy.actor.Director.preinitialize(Director.java:1302)
	at ptolemy.actor.Director.preinitialize(Director.java:1257)
	at ptolemy.domains.sdf.kernel.SDFDirector.preinitialize(SDFDirector.java:763)
	at ptolemy.actor.CompositeActor.preinitialize(CompositeActor.java:1828)
	at ptolemy.actor.Manager.preinitializeAndResolveTypes(Manager.java:1040)
	at ptolemy.actor.Manager.initialize(Manager.java:710)
	at ptolemy.actor.Manager.execute(Manager.java:356)
	at ptolemy.actor.Manager.run(Manager.java:1263)
	at ptolemy.actor.Manager$PtolemyRunThread.run(Manager.java:1915)
Caused by: ptolemy.kernel.util.IllegalActionException: The SDF rate parameter may change. This is not allowed in SDF models that will be run through the code generator.  If you don't care about code generation, then you might consider setting the allowRateChanges parameter of the SDF director to false.
  in .badRateChanges2.typed composite actor.Repeat.output.tokenProductionRate
	at ptolemy.domains.sdf.kernel.SDFScheduler._assertDynamicRateVariable(SDFScheduler.java:931)
	at ptolemy.domains.sdf.kernel.SDFScheduler._checkDynamicRateVariables(SDFScheduler.java:339)
	at ptolemy.domains.sdf.kernel.SDFScheduler._getSchedule(SDFScheduler.java:527)
	at ptolemy.actor.sched.Scheduler.getSchedule(Scheduler.java:189)
	at ptolemy.domains.sdf.kernel.SDFDirector.createSchedule(SDFDirector.java:408)
	... 11 more
java.lang.RuntimeException: Execution failed
	at ptolemy.moml.MoMLSimpleApplication$UnloadThread.run(MoMLSimpleApplication.java:402)
Caused by: ptolemy.actor.sched.NotSchedulableException: Actors remain that cannot be scheduled!

There are several possible reasons:
* SDF Graphs with feedback loops should have an actor with a delay in the loop, such as a SampleDelay.
* The SDF director has an "allowDisconnectedGraphs"parameter, which, when true, permits disconnected SDF graphs.
* The token consumption rate and production rates might be mismatched.
Usually, actors produce one token or consume one token on a port.  To produce or consume multiple tokens per firing, add a "tokenConsumptionRate" or "tokenProductionRate" parameter to the appropriate port.
Unscheduled actors:
.partiallyConnected.Const2 
Scheduled actors:
.partiallyConnected.Const 
  in .partiallyConnected.SDF Director.Scheduler
	at ptolemy.domains.sdf.kernel.SDFScheduler._scheduleConnectedActors(SDFScheduler.java:1828)
	at ptolemy.domains.sdf.kernel.SDFScheduler._getSchedule(SDFScheduler.java:587)
	at ptolemy.actor.sched.Scheduler.getSchedule(Scheduler.java:189)
	at ptolemy.domains.sdf.kernel.SDFDirector.createSchedule(SDFDirector.java:408)
	at ptolemy.domains.sdf.kernel.SDFDirector.preinitialize(SDFDirector.java:764)
	at ptolemy.actor.CompositeActor.preinitialize(CompositeActor.java:1828)
	at ptolemy.actor.Manager.preinitializeAndResolveTypes(Manager.java:1040)
	at ptolemy.actor.Manager.initialize(Manager.java:710)
	at ptolemy.actor.Manager.execute(Manager.java:356)
	at ptolemy.actor.Manager.run(Manager.java:1263)
	at ptolemy.actor.Manager$PtolemyRunThread.run(Manager.java:1915)
]]></system-err>
</testsuite>
