<?xml version="1.0" encoding="UTF-8" ?>
<testsuite errors="0" failures="0" hostname="travis-job-b10eb784-c8ac-49b6-95ef-2ec45c913daa" name="ptolemy.domains.de.test.junit.JUnitTclTest" skipped="0" tests="101" time="130.943" timestamp="2018-08-07T01:50:31">
  <properties>
[...]
</properties>
  <testcase classname="ptolemy.util.test.junit.TclTests" name="[0] /home/travis/build/icyphy/ptII/ptolemy/domains/de/test/DependencyLoop.tcl (RunTclFile)" time="0.776" />
  <testcase classname="ptolemy.util.test.junit.TclTests" name="[1] /home/travis/build/icyphy/ptII/ptolemy/domains/de/test/RunDETestsAsQSS.tcl (RunTclFile)" time="89.323" />
  <testcase classname="ptolemy.util.test.junit.AutoKnownFailedTests" name="[0] /home/travis/build/icyphy/ptII/ptolemy/domains/de/test/auto/knownFailedTests/DESDFClockTest.xml (RunModel)" time="2.039" />
  <testcase classname="ptolemy.util.test.junit.AutoKnownFailedTests" name="[1] /home/travis/build/icyphy/ptII/ptolemy/domains/de/test/auto/knownFailedTests/DirectFeedback.xml (RunModel)" time="0.011" />
  <testcase classname="ptolemy.util.test.junit.AutoKnownFailedTests" name="[2] /home/travis/build/icyphy/ptII/ptolemy/domains/de/test/auto/knownFailedTests/FSMSource.xml (RunModel)" time="0.036" />
  <testcase classname="ptolemy.util.test.junit.AutoKnownFailedTests" name="[3] /home/travis/build/icyphy/ptII/ptolemy/domains/de/test/auto/knownFailedTests/HierarchicalModel.xml (RunModel)" time="0.055" />
  <testcase classname="ptolemy.util.test.junit.AutoKnownFailedTests" name="[4] /home/travis/build/icyphy/ptII/ptolemy/domains/de/test/auto/knownFailedTests/dependencyLoop.xml (RunModel)" time="0.045" />
  <testcase classname="ptolemy.util.test.junit.AutoKnownFailedTests" name="[5] /home/travis/build/icyphy/ptII/ptolemy/domains/de/test/auto/knownFailedTests/dependencyLoop2.xml (RunModel)" time="0.048" />
  <testcase classname="ptolemy.util.test.junit.AutoNameArchTests" name="[0] ThereAreNoAutoArchTests (RunModel)" time="0.0" />
  <testcase classname="ptolemy.util.test.junit.AutoTests" name="[0] /home/travis/build/icyphy/ptII/ptolemy/domains/de/test/auto/ActorDepthCalculation_actorWithoutPorts.xml (RunModel)" time="0.017" />
  <testcase classname="ptolemy.util.test.junit.AutoTests" name="[1] /home/travis/build/icyphy/ptII/ptolemy/domains/de/test/auto/AssemblyLine.xml (RunModel)" time="0.021" />
  <testcase classname="ptolemy.util.test.junit.AutoTests" name="[2] /home/travis/build/icyphy/ptII/ptolemy/domains/de/test/auto/CQBug1.xml (RunModel)" time="0.012" />
  <testcase classname="ptolemy.util.test.junit.AutoTests" name="[3] /home/travis/build/icyphy/ptII/ptolemy/domains/de/test/auto/CancelFireAt.xml (RunModel)" time="0.007" />
  <testcase classname="ptolemy.util.test.junit.AutoTests" name="[4] /home/travis/build/icyphy/ptII/ptolemy/domains/de/test/auto/CausalityAndComposabilityAnalysis.xml (RunModel)" time="0.015" />
  <testcase classname="ptolemy.util.test.junit.AutoTests" name="[5] /home/travis/build/icyphy/ptII/ptolemy/domains/de/test/auto/CausalityInterface1.xml (RunModel)" time="0.016" />
  <testcase classname="ptolemy.util.test.junit.AutoTests" name="[6] /home/travis/build/icyphy/ptII/ptolemy/domains/de/test/auto/CausalityInterface15.xml (RunModel)" time="0.02" />
  <testcase classname="ptolemy.util.test.junit.AutoTests" name="[7] /home/travis/build/icyphy/ptII/ptolemy/domains/de/test/auto/CausalityInterface2.xml (RunModel)" time="0.014" />
  <testcase classname="ptolemy.util.test.junit.AutoTests" name="[8] /home/travis/build/icyphy/ptII/ptolemy/domains/de/test/auto/CausalityInterface3.xml (RunModel)" time="0.016" />
  <testcase classname="ptolemy.util.test.junit.AutoTests" name="[9] /home/travis/build/icyphy/ptII/ptolemy/domains/de/test/auto/ClockDrift.xml (RunModel)" time="0.043" />
  <testcase classname="ptolemy.util.test.junit.AutoTests" name="[10] /home/travis/build/icyphy/ptII/ptolemy/domains/de/test/auto/ClockDriftAndValueChange.xml (RunModel)" time="0.042" />
  <testcase classname="ptolemy.util.test.junit.AutoTests" name="[11] /home/travis/build/icyphy/ptII/ptolemy/domains/de/test/auto/ClockDriftChange.xml (RunModel)" time="0.033" />
  <testcase classname="ptolemy.util.test.junit.AutoTests" name="[12] /home/travis/build/icyphy/ptII/ptolemy/domains/de/test/auto/ComposableCausalityAnalysis.xml (RunModel)" time="0.019" />
  <testcase classname="ptolemy.util.test.junit.AutoTests" name="[13] /home/travis/build/icyphy/ptII/ptolemy/domains/de/test/auto/DEFixedPointLimitation.xml (RunModel)" time="0.011" />
  <testcase classname="ptolemy.util.test.junit.AutoTests" name="[14] /home/travis/build/icyphy/ptII/ptolemy/domains/de/test/auto/DEScheduleTest.xml (RunModel)" time="0.014" />
  <testcase classname="ptolemy.util.test.junit.AutoTests" name="[15] /home/travis/build/icyphy/ptII/ptolemy/domains/de/test/auto/DEinDEwithStartTimes.xml (RunModel)" time="0.015" />
  <testcase classname="ptolemy.util.test.junit.AutoTests" name="[16] /home/travis/build/icyphy/ptII/ptolemy/domains/de/test/auto/DEinDEwithStartTimes2.xml (RunModel)" time="0.015" />
  <testcase classname="ptolemy.util.test.junit.AutoTests" name="[17] /home/travis/build/icyphy/ptII/ptolemy/domains/de/test/auto/DateDemo.xml (RunModel)" time="0.033" />
  <testcase classname="ptolemy.util.test.junit.AutoTests" name="[18] /home/travis/build/icyphy/ptII/ptolemy/domains/de/test/auto/DateToEvent.xml (RunModel)" time="2.049" />
  <testcase classname="ptolemy.util.test.junit.AutoTests" name="[19] /home/travis/build/icyphy/ptII/ptolemy/domains/de/test/auto/DepthTest1.xml (RunModel)" time="0.015" />
  <testcase classname="ptolemy.util.test.junit.AutoTests" name="[20] /home/travis/build/icyphy/ptII/ptolemy/domains/de/test/auto/DepthTest2.xml (RunModel)" time="0.017" />
  <testcase classname="ptolemy.util.test.junit.AutoTests" name="[21] /home/travis/build/icyphy/ptII/ptolemy/domains/de/test/auto/DepthTest3.xml (RunModel)" time="0.008" />
  <testcase classname="ptolemy.util.test.junit.AutoTests" name="[22] /home/travis/build/icyphy/ptII/ptolemy/domains/de/test/auto/DepthTest4.xml (RunModel)" time="0.017" />
  <testcase classname="ptolemy.util.test.junit.AutoTests" name="[23] /home/travis/build/icyphy/ptII/ptolemy/domains/de/test/auto/DepthTest5.xml (RunModel)" time="0.014" />
  <testcase classname="ptolemy.util.test.junit.AutoTests" name="[24] /home/travis/build/icyphy/ptII/ptolemy/domains/de/test/auto/DepthTest6.xml (RunModel)" time="0.014" />
  <testcase classname="ptolemy.util.test.junit.AutoTests" name="[25] /home/travis/build/icyphy/ptII/ptolemy/domains/de/test/auto/DepthTest7.xml (RunModel)" time="0.012" />
  <testcase classname="ptolemy.util.test.junit.AutoTests" name="[26] /home/travis/build/icyphy/ptII/ptolemy/domains/de/test/auto/EventToDate.xml (RunModel)" time="3.04" />
  <testcase classname="ptolemy.util.test.junit.AutoTests" name="[27] /home/travis/build/icyphy/ptII/ptolemy/domains/de/test/auto/FSM1.xml (RunModel)" time="0.044" />
  <testcase classname="ptolemy.util.test.junit.AutoTests" name="[28] /home/travis/build/icyphy/ptII/ptolemy/domains/de/test/auto/FSM7.xml (RunModel)" time="0.032" />
  <testcase classname="ptolemy.util.test.junit.AutoTests" name="[29] /home/travis/build/icyphy/ptII/ptolemy/domains/de/test/auto/Inspection.xml (RunModel)" time="0.061" />
  <testcase classname="ptolemy.util.test.junit.AutoTests" name="[30] /home/travis/build/icyphy/ptII/ptolemy/domains/de/test/auto/Iteration.xml (RunModel)" time="0.033" />
  <testcase classname="ptolemy.util.test.junit.AutoTests" name="[31] /home/travis/build/icyphy/ptII/ptolemy/domains/de/test/auto/LineFault.xml (RunModel)" time="0.62" />
  <testcase classname="ptolemy.util.test.junit.AutoTests" name="[32] /home/travis/build/icyphy/ptII/ptolemy/domains/de/test/auto/MergeModel1Add.xml (RunModel)" time="0.047" />
  <testcase classname="ptolemy.util.test.junit.AutoTests" name="[33] /home/travis/build/icyphy/ptII/ptolemy/domains/de/test/auto/MergeModel2Add.xml (RunModel)" time="0.051" />
  <testcase classname="ptolemy.util.test.junit.AutoTests" name="[34] /home/travis/build/icyphy/ptII/ptolemy/domains/de/test/auto/MergeModel3Add.xml (RunModel)" time="0.046" />
  <testcase classname="ptolemy.util.test.junit.AutoTests" name="[35] /home/travis/build/icyphy/ptII/ptolemy/domains/de/test/auto/MergeWithoutDiscard.xml (RunModel)" time="0.01" />
  <testcase classname="ptolemy.util.test.junit.AutoTests" name="[36] /home/travis/build/icyphy/ptII/ptolemy/domains/de/test/auto/Modal1.xml (RunModel)" time="0.032" />
  <testcase classname="ptolemy.util.test.junit.AutoTests" name="[37] /home/travis/build/icyphy/ptII/ptolemy/domains/de/test/auto/Modal2.xml (RunModel)" time="0.03" />
  <testcase classname="ptolemy.util.test.junit.AutoTests" name="[38] /home/travis/build/icyphy/ptII/ptolemy/domains/de/test/auto/Modal3.xml (RunModel)" time="0.03" />
  <testcase classname="ptolemy.util.test.junit.AutoTests" name="[39] /home/travis/build/icyphy/ptII/ptolemy/domains/de/test/auto/Modal4.xml (RunModel)" time="0.038" />
  <testcase classname="ptolemy.util.test.junit.AutoTests" name="[40] /home/travis/build/icyphy/ptII/ptolemy/domains/de/test/auto/Modal5.xml (RunModel)" time="0.039" />
  <testcase classname="ptolemy.util.test.junit.AutoTests" name="[41] /home/travis/build/icyphy/ptII/ptolemy/domains/de/test/auto/Modal6.xml (RunModel)" time="0.03" />
  <testcase classname="ptolemy.util.test.junit.AutoTests" name="[42] /home/travis/build/icyphy/ptII/ptolemy/domains/de/test/auto/Modal7.xml (RunModel)" time="0.031" />
  <testcase classname="ptolemy.util.test.junit.AutoTests" name="[43] /home/travis/build/icyphy/ptII/ptolemy/domains/de/test/auto/ModalModel.xml (RunModel)" time="0.204" />
  <testcase classname="ptolemy.util.test.junit.AutoTests" name="[44] /home/travis/build/icyphy/ptII/ptolemy/domains/de/test/auto/ModalSource.xml (RunModel)" time="0.018" />
  <testcase classname="ptolemy.util.test.junit.AutoTests" name="[45] /home/travis/build/icyphy/ptII/ptolemy/domains/de/test/auto/NonInterruptibleTimerZeroDelay.xml (RunModel)" time="0.01" />
  <testcase classname="ptolemy.util.test.junit.AutoTests" name="[46] /home/travis/build/icyphy/ptII/ptolemy/domains/de/test/auto/OpenQueueingNetwork.xml (RunModel)" time="2.608" />
  <testcase classname="ptolemy.util.test.junit.AutoTests" name="[47] /home/travis/build/icyphy/ptII/ptolemy/domains/de/test/auto/OpenQueuingNetwork.xml (RunModel)" time="0.309" />
  <testcase classname="ptolemy.util.test.junit.AutoTests" name="[48] /home/travis/build/icyphy/ptII/ptolemy/domains/de/test/auto/PeriodicSampler.xml (RunModel)" time="0.011" />
  <testcase classname="ptolemy.util.test.junit.AutoTests" name="[49] /home/travis/build/icyphy/ptII/ptolemy/domains/de/test/auto/PersistentIO.xml (RunModel)" time="0.025" />
  <testcase classname="ptolemy.util.test.junit.AutoTests" name="[50] /home/travis/build/icyphy/ptII/ptolemy/domains/de/test/auto/PortParameterResetOnInitialize.xml (RunModel)" time="0.013" />
  <testcase classname="ptolemy.util.test.junit.AutoTests" name="[51] /home/travis/build/icyphy/ptII/ptolemy/domains/de/test/auto/PortParameterUpdates.xml (RunModel)" time="0.018" />
  <testcase classname="ptolemy.util.test.junit.AutoTests" name="[52] /home/travis/build/icyphy/ptII/ptolemy/domains/de/test/auto/QueueAndServer.xml (RunModel)" time="0.035" />
  <testcase classname="ptolemy.util.test.junit.AutoTests" name="[53] /home/travis/build/icyphy/ptII/ptolemy/domains/de/test/auto/Records.xml (RunModel)" time="0.017" />
  <testcase classname="ptolemy.util.test.junit.AutoTests" name="[54] /home/travis/build/icyphy/ptII/ptolemy/domains/de/test/auto/ResetTransitionWithStartTime1.xml (RunModel)" time="0.031" />
  <testcase classname="ptolemy.util.test.junit.AutoTests" name="[55] /home/travis/build/icyphy/ptII/ptolemy/domains/de/test/auto/ResetTransitionWithStartTime2.xml (RunModel)" time="0.024" />
  <testcase classname="ptolemy.util.test.junit.AutoTests" name="[56] /home/travis/build/icyphy/ptII/ptolemy/domains/de/test/auto/ResetTransitionWithStartTime3.xml (RunModel)" time="0.025" />
  <testcase classname="ptolemy.util.test.junit.AutoTests" name="[57] /home/travis/build/icyphy/ptII/ptolemy/domains/de/test/auto/ResetTransitionWithStartTime4.xml (RunModel)" time="0.021" />
  <testcase classname="ptolemy.util.test.junit.AutoTests" name="[58] /home/travis/build/icyphy/ptII/ptolemy/domains/de/test/auto/ResettableTimer1.xml (RunModel)" time="0.011" />
  <testcase classname="ptolemy.util.test.junit.AutoTests" name="[59] /home/travis/build/icyphy/ptII/ptolemy/domains/de/test/auto/ResettableTimer2.xml (RunModel)" time="0.013" />
  <testcase classname="ptolemy.util.test.junit.AutoTests" name="[60] /home/travis/build/icyphy/ptII/ptolemy/domains/de/test/auto/ResettableTimer3.xml (RunModel)" time="0.009" />
  <testcase classname="ptolemy.util.test.junit.AutoTests" name="[61] /home/travis/build/icyphy/ptII/ptolemy/domains/de/test/auto/ResettableTimer4.xml (RunModel)" time="0.011" />
  <testcase classname="ptolemy.util.test.junit.AutoTests" name="[62] /home/travis/build/icyphy/ptII/ptolemy/domains/de/test/auto/ResettableTimer5.xml (RunModel)" time="0.011" />
  <testcase classname="ptolemy.util.test.junit.AutoTests" name="[63] /home/travis/build/icyphy/ptII/ptolemy/domains/de/test/auto/ResettableTimer6.xml (RunModel)" time="0.019" />
  <testcase classname="ptolemy.util.test.junit.AutoTests" name="[64] /home/travis/build/icyphy/ptII/ptolemy/domains/de/test/auto/ServerZeroDelay.xml (RunModel)" time="0.011" />
  <testcase classname="ptolemy.util.test.junit.AutoTests" name="[65] /home/travis/build/icyphy/ptII/ptolemy/domains/de/test/auto/SmartSender.xml (RunModel)" time="3.011" />
  <testcase classname="ptolemy.util.test.junit.AutoTests" name="[66] /home/travis/build/icyphy/ptII/ptolemy/domains/de/test/auto/ThreadedComposite.xml (RunModel)" time="0.196" />
  <testcase classname="ptolemy.util.test.junit.AutoTests" name="[67] /home/travis/build/icyphy/ptII/ptolemy/domains/de/test/auto/Time.xml (RunModel)" time="0.501" />
  <testcase classname="ptolemy.util.test.junit.AutoTests" name="[68] /home/travis/build/icyphy/ptII/ptolemy/domains/de/test/auto/TimeDelayZeroDelay.xml (RunModel)" time="0.012" />
  <testcase classname="ptolemy.util.test.junit.AutoTests" name="[69] /home/travis/build/icyphy/ptII/ptolemy/domains/de/test/auto/TimerZeroDelay.xml (RunModel)" time="0.016" />
  <testcase classname="ptolemy.util.test.junit.AutoTests" name="[70] /home/travis/build/icyphy/ptII/ptolemy/domains/de/test/auto/TimingParadox.xml (RunModel)" time="0.386" />
  <testcase classname="ptolemy.util.test.junit.AutoTests" name="[71] /home/travis/build/icyphy/ptII/ptolemy/domains/de/test/auto/TransferInputs.xml (RunModel)" time="0.02" />
  <testcase classname="ptolemy.util.test.junit.AutoTests" name="[72] /home/travis/build/icyphy/ptII/ptolemy/domains/de/test/auto/TransferOutputs2.xml (RunModel)" time="0.018" />
  <testcase classname="ptolemy.util.test.junit.AutoTests" name="[73] /home/travis/build/icyphy/ptII/ptolemy/domains/de/test/auto/Trilateration.xml (RunModel)" time="11.539" />
  <testcase classname="ptolemy.util.test.junit.AutoTests" name="[74] /home/travis/build/icyphy/ptII/ptolemy/domains/de/test/auto/TwoSigmaDelta.xml (RunModel)" time="2.147" />
  <testcase classname="ptolemy.util.test.junit.AutoTests" name="[75] /home/travis/build/icyphy/ptII/ptolemy/domains/de/test/auto/VariableDelay.xml (RunModel)" time="0.015" />
  <testcase classname="ptolemy.util.test.junit.AutoTests" name="[76] /home/travis/build/icyphy/ptII/ptolemy/domains/de/test/auto/VariableDelay2.xml (RunModel)" time="0.009" />
  <testcase classname="ptolemy.util.test.junit.AutoTests" name="[77] /home/travis/build/icyphy/ptII/ptolemy/domains/de/test/auto/VariableDelayZeroDelay.xml (RunModel)" time="0.013" />
  <testcase classname="ptolemy.util.test.junit.AutoTests" name="[78] /home/travis/build/icyphy/ptII/ptolemy/domains/de/test/auto/VariableDelayZeroDelay2.xml (RunModel)" time="0.016" />
  <testcase classname="ptolemy.util.test.junit.AutoTests" name="[79] /home/travis/build/icyphy/ptII/ptolemy/domains/de/test/auto/deInCt.xml (RunModel)" time="0.014" />
  <testcase classname="ptolemy.util.test.junit.AutoTests" name="[80] /home/travis/build/icyphy/ptII/ptolemy/domains/de/test/auto/deInCt2.xml (RunModel)" time="0.026" />
  <testcase classname="ptolemy.util.test.junit.AutoTests" name="[81] /home/travis/build/icyphy/ptII/ptolemy/domains/de/test/auto/dynamicCausalityInterface1.xml (RunModel)" time="0.019" />
  <testcase classname="ptolemy.util.test.junit.AutoTests" name="[82] /home/travis/build/icyphy/ptII/ptolemy/domains/de/test/auto/fsm_de_test.xml (RunModel)" time="0.034" />
  <testcase classname="ptolemy.util.test.junit.AutoTests" name="[83] /home/travis/build/icyphy/ptII/ptolemy/domains/de/test/auto/functionDependencyReconstruction.xml (RunModel)" time="0.041" />
  <testcase classname="ptolemy.util.test.junit.AutoTests" name="[84] /home/travis/build/icyphy/ptII/ptolemy/domains/de/test/auto/multirate.xml (RunModel)" time="0.016" />
  <testcase classname="ptolemy.util.test.junit.AutoTests" name="[85] /home/travis/build/icyphy/ptII/ptolemy/domains/de/test/auto/multirate2.xml (RunModel)" time="0.014" />
  <testcase classname="ptolemy.util.test.junit.AutoTests" name="[86] /home/travis/build/icyphy/ptII/ptolemy/domains/de/test/auto/realtime.xml (RunModel)" time="10.011" />
  <testcase classname="ptolemy.util.test.junit.AutoTests" name="[87] /home/travis/build/icyphy/ptII/ptolemy/domains/de/test/auto/relationGroup.xml (RunModel)" time="0.007" />
  <testcase classname="ptolemy.util.test.junit.AutoTests" name="[88] /home/travis/build/icyphy/ptII/ptolemy/domains/de/test/auto/relationGroup2.xml (RunModel)" time="0.013" />
  <testcase classname="ptolemy.util.test.junit.AutoTests" name="[89] /home/travis/build/icyphy/ptII/ptolemy/domains/de/test/auto/sortWithOpaquePorts.xml (RunModel)" time="0.012" />
  <testcase classname="ptolemy.util.test.junit.AutoTests" name="[90] /home/travis/build/icyphy/ptII/ptolemy/domains/de/test/auto/transferInputsandOutputs.xml (RunModel)" time="0.018" />
  <testcase classname="ptolemy.util.test.junit.AutoTests" name="[91] /home/travis/build/icyphy/ptII/ptolemy/domains/de/test/auto/triggerType.xml (RunModel)" time="0.015" />
  <system-out><![CDATA[/home/travis/build/icyphy/ptII/ptolemy/domains/de/test/DependencyLoop.tcl
testDefs.tcl: setting time out to 9000 seconds at Tue Aug 07 01:50:31 UTC 2018
23 ms. Memory: 116224K Free: 93839K (81%)
8 ms. Memory: 146944K Free: 135098K (92%)
/home/travis/build/icyphy/ptII/ptolemy/domains/de/test/RunDETestsAsQSS.tcl
Run the DE tests using ptolemy.domains.qss.test.QSSDirectorTest, which extends QSSDirector and prints a message in the constructors.
------------------ testing $PTII/ptolemy/domains/de/test/auto/knownFailedTests/dependencyLoop.xml (Known Failure) 
7 ms. Memory: 146944K Free: 131986K (90%)


==== $PTIIhome/travis/build/icyphy/ptII/ptolemy/domains/de/test/../../../../: Auto Automatic test in file $PTII/ptolemy/domains/de/test/auto/knownFailedTests/dependencyLoop.xml
==== Contents of test case:

	    # FIXME: we should use $relativeFilename here, but it
	    # might have backslashes under Windows, which causes no end
	    # of trouble.
	    createAndExecute $file
	    list {}
	
.... Test generated KNOWN error:
    while executing
ptolemy.kernel.util.IllegalActionException: Found a zero delay loop containing .dependencyLoop.original
  in .dependencyLoop and .dependencyLoop.original
	at ptolemy.actor.util.CausalityInterfaceForComposites._computeOutputPortDepth(CausalityInterfaceForComposites.java:759)
	at ptolemy.actor.util.CausalityInterfaceForComposites._computeInputDepth(CausalityInterfaceForComposites.java:696)
	at ptolemy.actor.util.CausalityInterfaceForComposites._computeOutputPortDepth(CausalityInterfaceForComposites.java:765)
	at ptolemy.actor.util.CausalityInterfaceForComposites._computeInputDepth(CausalityInterfaceForComposites.java:696)
	at ptolemy.actor.util.CausalityInterfaceForComposites._computeOutputPortDepth(CausalityInterfaceForComposites.java:765)
	at ptolemy.actor.util.CausalityInterfaceForComposites._computeInputDepth(CausalityInterfaceForComposites.java:696)
	at ptolemy.actor.util.CausalityInterfaceForComposites._computeActorDepth(CausalityInterfaceForComposites.java:532)
	at ptolemy.actor.util.CausalityInterfaceForComposites.checkForCycles(CausalityInterfaceForComposites.java:96)
	at ptolemy.domains.de.kernel.DEDirector.preinitialize(DEDirector.java:1338)
	at ptolemy.actor.CompositeActor.preinitialize(CompositeActor.java:1828)
	at ptolemy.actor.Manager.preinitializeAndResolveTypes(Manager.java:1040)
	at ptolemy.actor.Manager.initialize(Manager.java:710)
	at ptolemy.actor.Manager.execute(Manager.java:356)
	at ptolemy.actor.Manager.run(Manager.java:1263)
	at ptolemy.actor.Manager$PtolemyRunThread.run(Manager.java:1915)

    while executing
ptolemy.kernel.util.IllegalActionException: Found a zero delay loop containing .dependencyLoop.original
  in .dependencyLoop and .dependencyLoop.original
    while executing
"java::new ptolemy.moml.MoMLSimpleApplication $file
"
    (procedure "createAndExecute" line 2)
    invoked from within
"createAndExecute $file"
    ("uplevel" body line 5)
    invoked from within
"uplevel $contents_of_test"
------------------ testing $PTII/ptolemy/domains/de/test/auto/knownFailedTests/DESDFClockTest.xml (Known Failure) 
2088 ms. Memory: 146944K Free: 116544K (79%)


==== $PTIIhome/travis/build/icyphy/ptII/ptolemy/domains/de/test/../../../../: Auto Automatic test in file $PTII/ptolemy/domains/de/test/auto/knownFailedTests/DESDFClockTest.xml
==== Contents of test case:

	    # FIXME: we should use $relativeFilename here, but it
	    # might have backslashes under Windows, which causes no end
	    # of trouble.
	    createAndExecute $file
	    list {}
	
.... Test generated KNOWN error:
    while executing
ptolemy.kernel.util.IllegalActionException: Actor is not ready to fire.  Perhaps UpSample.prefire() returned false? Try debugging the actor by selecting "Listen to Actor".  Also, for SDF check moml for tokenConsumptionRate on input.
  in .DESDFClockTest.Play Bell.Copy1:SDF Director and .DESDFClockTest.Play Bell.UpSample
	at ptolemy.actor.sched.StaticSchedulingDirector.fire(StaticSchedulingDirector.java:227)
	at ptolemy.domains.sdf.kernel.SDFDirector.fire(SDFDirector.java:500)
	at ptolemy.actor.CompositeActor.fire(CompositeActor.java:455)
	at ptolemy.domains.de.kernel.DEDirector._fire(DEDirector.java:1949)
	at ptolemy.domains.de.kernel.DEDirector.fire(DEDirector.java:502)
	at ptolemy.actor.CompositeActor.fire(CompositeActor.java:455)
	at ptolemy.actor.Manager.iterate(Manager.java:851)
	at ptolemy.actor.Manager.execute(Manager.java:369)
	at ptolemy.actor.Manager.run(Manager.java:1263)
	at ptolemy.actor.Manager$PtolemyRunThread.run(Manager.java:1915)

    while executing
ptolemy.kernel.util.IllegalActionException: Actor is not ready to fire.  Perhaps UpSample.prefire() returned false? Try debugging the actor by selecting "Listen to Actor".  Also, for SDF check moml for tokenConsumptionRate on input.
  in .DESDFClockTest.Play Bell.Copy1:SDF Director and .DESDFClockTest.Play Bell.UpSample
    while executing
"java::new ptolemy.moml.MoMLSimpleApplication $file
"
    (procedure "createAndExecute" line 2)
    invoked from within
"createAndExecute $file"
    ("uplevel" body line 5)
    invoked from within
"uplevel $contents_of_test"
------------------ testing $PTII/ptolemy/domains/de/test/auto/knownFailedTests/FSMSource.xml (Known Failure) 
39 ms. Memory: 146944K Free: 107529K (73%)
!!!! Auto was marked as failing, but now passes
------------------ testing $PTII/ptolemy/domains/de/test/auto/knownFailedTests/dependencyLoop2.xml (Known Failure) 
6 ms. Memory: 146944K Free: 105645K (72%)


==== $PTIIhome/travis/build/icyphy/ptII/ptolemy/domains/de/test/../../../../: Auto Automatic test in file $PTII/ptolemy/domains/de/test/auto/knownFailedTests/dependencyLoop2.xml
==== Contents of test case:

	    # FIXME: we should use $relativeFilename here, but it
	    # might have backslashes under Windows, which causes no end
	    # of trouble.
	    createAndExecute $file
	    list {}
	
.... Test generated KNOWN error:
    while executing
ptolemy.kernel.util.IllegalActionException: Found a zero delay loop containing .dependencyLoop2.original
  in .dependencyLoop2 and .dependencyLoop2.original
	at ptolemy.actor.util.CausalityInterfaceForComposites._computeOutputPortDepth(CausalityInterfaceForComposites.java:759)
	at ptolemy.actor.util.CausalityInterfaceForComposites._computeInputDepth(CausalityInterfaceForComposites.java:696)
	at ptolemy.actor.util.CausalityInterfaceForComposites._computeOutputPortDepth(CausalityInterfaceForComposites.java:765)
	at ptolemy.actor.util.CausalityInterfaceForComposites._computeInputDepth(CausalityInterfaceForComposites.java:696)
	at ptolemy.actor.util.CausalityInterfaceForComposites._computeOutputPortDepth(CausalityInterfaceForComposites.java:765)
	at ptolemy.actor.util.CausalityInterfaceForComposites._computeInputDepth(CausalityInterfaceForComposites.java:696)
	at ptolemy.actor.util.CausalityInterfaceForComposites._computeActorDepth(CausalityInterfaceForComposites.java:532)
	at ptolemy.actor.util.CausalityInterfaceForComposites.checkForCycles(CausalityInterfaceForComposites.java:96)
	at ptolemy.domains.de.kernel.DEDirector.preinitialize(DEDirector.java:1338)
	at ptolemy.actor.CompositeActor.preinitialize(CompositeActor.java:1828)
	at ptolemy.actor.Manager.preinitializeAndResolveTypes(Manager.java:1040)
	at ptolemy.actor.Manager.initialize(Manager.java:710)
	at ptolemy.actor.Manager.execute(Manager.java:356)
	at ptolemy.actor.Manager.run(Manager.java:1263)
	at ptolemy.actor.Manager$PtolemyRunThread.run(Manager.java:1915)

    while executing
ptolemy.kernel.util.IllegalActionException: Found a zero delay loop containing .dependencyLoop2.original
  in .dependencyLoop2 and .dependencyLoop2.original
    while executing
"java::new ptolemy.moml.MoMLSimpleApplication $file
"
    (procedure "createAndExecute" line 2)
    invoked from within
"createAndExecute $file"
    ("uplevel" body line 5)
    invoked from within
"uplevel $contents_of_test"
------------------ testing $PTII/ptolemy/domains/de/test/auto/knownFailedTests/HierarchicalModel.xml (Known Failure) 
5 ms. Memory: 146944K Free: 83924K (57%)


==== $PTIIhome/travis/build/icyphy/ptII/ptolemy/domains/de/test/../../../../: Auto Automatic test in file $PTII/ptolemy/domains/de/test/auto/knownFailedTests/HierarchicalModel.xml
==== Contents of test case:

	    # FIXME: we should use $relativeFilename here, but it
	    # might have backslashes under Windows, which causes no end
	    # of trouble.
	    createAndExecute $file
	    list {}
	
.... Test generated KNOWN error:
    while executing
ptolemy.kernel.util.IllegalActionException: Found a zero delay loop containing .HierarchicalModel.A
  in .HierarchicalModel and .HierarchicalModel.A
	at ptolemy.actor.util.CausalityInterfaceForComposites._computeOutputPortDepth(CausalityInterfaceForComposites.java:759)
	at ptolemy.actor.util.CausalityInterfaceForComposites._computeInputDepth(CausalityInterfaceForComposites.java:696)
	at ptolemy.actor.util.CausalityInterfaceForComposites._computeOutputPortDepth(CausalityInterfaceForComposites.java:765)
	at ptolemy.actor.util.CausalityInterfaceForComposites._computeInputDepth(CausalityInterfaceForComposites.java:696)
	at ptolemy.actor.util.CausalityInterfaceForComposites._computeOutputPortDepth(CausalityInterfaceForComposites.java:765)
	at ptolemy.actor.util.CausalityInterfaceForComposites._computeInputDepth(CausalityInterfaceForComposites.java:696)
	at ptolemy.actor.util.CausalityInterfaceForComposites._computeActorDepth(CausalityInterfaceForComposites.java:532)
	at ptolemy.actor.util.CausalityInterfaceForComposites.checkForCycles(CausalityInterfaceForComposites.java:96)
	at ptolemy.domains.de.kernel.DEDirector.preinitialize(DEDirector.java:1338)
	at ptolemy.actor.CompositeActor.preinitialize(CompositeActor.java:1828)
	at ptolemy.actor.Manager.preinitializeAndResolveTypes(Manager.java:1040)
	at ptolemy.actor.Manager.initialize(Manager.java:710)
	at ptolemy.actor.Manager.execute(Manager.java:356)
	at ptolemy.actor.Manager.run(Manager.java:1263)
	at ptolemy.actor.Manager$PtolemyRunThread.run(Manager.java:1915)

    while executing
ptolemy.kernel.util.IllegalActionException: Found a zero delay loop containing .HierarchicalModel.A
  in .HierarchicalModel and .HierarchicalModel.A
    while executing
"java::new ptolemy.moml.MoMLSimpleApplication $file
"
    (procedure "createAndExecute" line 2)
    invoked from within
"createAndExecute $file"
    ("uplevel" body line 5)
    invoked from within
"uplevel $contents_of_test"
------------------ testing $PTII/ptolemy/domains/de/test/auto/knownFailedTests/DirectFeedback.xml (Known Failure) 
4 ms. Memory: 146944K Free: 141422K (96%)


==== $PTIIhome/travis/build/icyphy/ptII/ptolemy/domains/de/test/../../../../: Auto Automatic test in file $PTII/ptolemy/domains/de/test/auto/knownFailedTests/DirectFeedback.xml
==== Contents of test case:

	    # FIXME: we should use $relativeFilename here, but it
	    # might have backslashes under Windows, which causes no end
	    # of trouble.
	    createAndExecute $file
	    list {}
	
.... Test generated KNOWN error:
    while executing
ptolemy.kernel.util.IllegalActionException: Test fails in iteration 1.
Value was: 1.0. Should have been: 2.0
  in .DirectFeedback.Test
	at ptolemy.actor.lib.Test.fire(Test.java:268)
	at ptolemy.domains.de.kernel.DEDirector._fire(DEDirector.java:1949)
	at ptolemy.domains.de.kernel.DEDirector.fire(DEDirector.java:502)
	at ptolemy.actor.CompositeActor.fire(CompositeActor.java:455)
	at ptolemy.actor.Manager.iterate(Manager.java:851)
	at ptolemy.actor.Manager.execute(Manager.java:369)
	at ptolemy.actor.Manager.run(Manager.java:1263)
	at ptolemy.actor.Manager$PtolemyRunThread.run(Manager.java:1915)

    while executing
ptolemy.kernel.util.IllegalActionException: Test fails in iteration 1.
Value was: 1.0. Should have been: 2.0
  in .DirectFeedback.Test
    while executing
"java::new ptolemy.moml.MoMLSimpleApplication $file
"
    (procedure "createAndExecute" line 2)
    invoked from within
"createAndExecute $file"
    ("uplevel" body line 5)
    invoked from within
"uplevel $contents_of_test"
------------------ testing $PTII/ptolemy/domains/de/test/auto/ActorDepthCalculation_actorWithoutPorts.xml
auto.tcl: Setting watchdog for 200 seconds at Tue Aug 07 01:50:35 UTC 2018
5 ms. Memory: 146944K Free: 132445K (90%)
ptolemy.util.test.WatchDog.cancel(): canceling Tue Aug 07 01:50:35 UTC 2018
auto.tcl: Setting watchdog for 200 seconds at Tue Aug 07 01:50:35 UTC 2018
5 ms. Memory: 146944K Free: 131401K (89%)
ptolemy.util.test.WatchDog.cancel(): canceling Tue Aug 07 01:50:35 UTC 2018
------------------ testing $PTII/ptolemy/domains/de/test/auto/AssemblyLine.xml
auto.tcl: Setting watchdog for 200 seconds at Tue Aug 07 01:50:35 UTC 2018
19 ms. Memory: 208384K Free: 184045K (88%)
ptolemy.util.test.WatchDog.cancel(): canceling Tue Aug 07 01:50:35 UTC 2018
auto.tcl: Setting watchdog for 200 seconds at Tue Aug 07 01:50:35 UTC 2018
13 ms. Memory: 208384K Free: 182816K (88%)
ptolemy.util.test.WatchDog.cancel(): canceling Tue Aug 07 01:50:35 UTC 2018
------------------ testing $PTII/ptolemy/domains/de/test/auto/CQBug1.xml
auto.tcl: Setting watchdog for 200 seconds at Tue Aug 07 01:50:35 UTC 2018
8 ms. Memory: 208384K Free: 197704K (95%)
ptolemy.util.test.WatchDog.cancel(): canceling Tue Aug 07 01:50:35 UTC 2018
auto.tcl: Setting watchdog for 200 seconds at Tue Aug 07 01:50:35 UTC 2018
2 ms. Memory: 208384K Free: 197704K (95%)
ptolemy.util.test.WatchDog.cancel(): canceling Tue Aug 07 01:50:35 UTC 2018
------------------ testing $PTII/ptolemy/domains/de/test/auto/CancelFireAt.xml
auto.tcl: Setting watchdog for 200 seconds at Tue Aug 07 01:50:36 UTC 2018
5 ms. Memory: 208384K Free: 201431K (97%)
ptolemy.util.test.WatchDog.cancel(): canceling Tue Aug 07 01:50:36 UTC 2018
auto.tcl: Setting watchdog for 200 seconds at Tue Aug 07 01:50:36 UTC 2018
4 ms. Memory: 208384K Free: 199324K (96%)
ptolemy.util.test.WatchDog.cancel(): canceling Tue Aug 07 01:50:36 UTC 2018
------------------ testing $PTII/ptolemy/domains/de/test/auto/CausalityAndComposabilityAnalysis.xml
auto.tcl: Setting watchdog for 200 seconds at Tue Aug 07 01:50:36 UTC 2018
19 ms. Memory: 208384K Free: 196816K (94%)
ptolemy.util.test.WatchDog.cancel(): canceling Tue Aug 07 01:50:36 UTC 2018
auto.tcl: Setting watchdog for 200 seconds at Tue Aug 07 01:50:36 UTC 2018
7 ms. Memory: 208384K Free: 196816K (94%)
ptolemy.util.test.WatchDog.cancel(): canceling Tue Aug 07 01:50:36 UTC 2018
------------------ testing $PTII/ptolemy/domains/de/test/auto/CausalityInterface1.xml
auto.tcl: Setting watchdog for 200 seconds at Tue Aug 07 01:50:36 UTC 2018
17 ms. Memory: 208384K Free: 196754K (94%)
ptolemy.util.test.WatchDog.cancel(): canceling Tue Aug 07 01:50:36 UTC 2018
auto.tcl: Setting watchdog for 200 seconds at Tue Aug 07 01:50:36 UTC 2018
4 ms. Memory: 208384K Free: 196416K (94%)
ptolemy.util.test.WatchDog.cancel(): canceling Tue Aug 07 01:50:36 UTC 2018
------------------ testing $PTII/ptolemy/domains/de/test/auto/CausalityInterface15.xml
auto.tcl: Setting watchdog for 200 seconds at Tue Aug 07 01:50:36 UTC 2018
12 ms. Memory: 208384K Free: 196408K (94%)
ptolemy.util.test.WatchDog.cancel(): canceling Tue Aug 07 01:50:36 UTC 2018
auto.tcl: Setting watchdog for 200 seconds at Tue Aug 07 01:50:36 UTC 2018
8 ms. Memory: 208384K Free: 196408K (94%)
ptolemy.util.test.WatchDog.cancel(): canceling Tue Aug 07 01:50:36 UTC 2018
------------------ testing $PTII/ptolemy/domains/de/test/auto/CausalityInterface2.xml
auto.tcl: Setting watchdog for 200 seconds at Tue Aug 07 01:50:36 UTC 2018
9 ms. Memory: 208384K Free: 196389K (94%)
ptolemy.util.test.WatchDog.cancel(): canceling Tue Aug 07 01:50:36 UTC 2018
auto.tcl: Setting watchdog for 200 seconds at Tue Aug 07 01:50:36 UTC 2018
3 ms. Memory: 208384K Free: 196389K (94%)
ptolemy.util.test.WatchDog.cancel(): canceling Tue Aug 07 01:50:36 UTC 2018
------------------ testing $PTII/ptolemy/domains/de/test/auto/CausalityInterface3.xml
auto.tcl: Setting watchdog for 200 seconds at Tue Aug 07 01:50:36 UTC 2018
10 ms. Memory: 208384K Free: 196403K (94%)
ptolemy.util.test.WatchDog.cancel(): canceling Tue Aug 07 01:50:36 UTC 2018
auto.tcl: Setting watchdog for 200 seconds at Tue Aug 07 01:50:36 UTC 2018
5 ms. Memory: 208384K Free: 196403K (94%)
ptolemy.util.test.WatchDog.cancel(): canceling Tue Aug 07 01:50:36 UTC 2018
------------------ testing $PTII/ptolemy/domains/de/test/auto/ClockDrift.xml
auto.tcl: Setting watchdog for 200 seconds at Tue Aug 07 01:50:36 UTC 2018
98 ms. Memory: 208384K Free: 187613K (90%)
ptolemy.util.test.WatchDog.cancel(): canceling Tue Aug 07 01:50:36 UTC 2018
auto.tcl: Setting watchdog for 200 seconds at Tue Aug 07 01:50:36 UTC 2018
48 ms. Memory: 208384K Free: 185506K (89%)
ptolemy.util.test.WatchDog.cancel(): canceling Tue Aug 07 01:50:36 UTC 2018
------------------ testing $PTII/ptolemy/domains/de/test/auto/ClockDriftAndValueChange.xml
auto.tcl: Setting watchdog for 200 seconds at Tue Aug 07 01:50:37 UTC 2018
38 ms. Memory: 208384K Free: 187450K (90%)
ptolemy.util.test.WatchDog.cancel(): canceling Tue Aug 07 01:50:37 UTC 2018
auto.tcl: Setting watchdog for 200 seconds at Tue Aug 07 01:50:37 UTC 2018
60 ms. Memory: 208384K Free: 185343K (89%)
ptolemy.util.test.WatchDog.cancel(): canceling Tue Aug 07 01:50:37 UTC 2018
------------------ testing $PTII/ptolemy/domains/de/test/auto/ClockDriftChange.xml
auto.tcl: Setting watchdog for 200 seconds at Tue Aug 07 01:50:37 UTC 2018
41 ms. Memory: 208384K Free: 190778K (92%)
ptolemy.util.test.WatchDog.cancel(): canceling Tue Aug 07 01:50:37 UTC 2018
auto.tcl: Setting watchdog for 200 seconds at Tue Aug 07 01:50:37 UTC 2018
32 ms. Memory: 208384K Free: 188671K (91%)
ptolemy.util.test.WatchDog.cancel(): canceling Tue Aug 07 01:50:37 UTC 2018
------------------ testing $PTII/ptolemy/domains/de/test/auto/ComposableCausalityAnalysis.xml
auto.tcl: Setting watchdog for 200 seconds at Tue Aug 07 01:50:37 UTC 2018
3 ms. Memory: 208384K Free: 196256K (94%)
ptolemy.util.test.WatchDog.cancel(): canceling Tue Aug 07 01:50:37 UTC 2018
auto.tcl: Setting watchdog for 200 seconds at Tue Aug 07 01:50:37 UTC 2018
4 ms. Memory: 208384K Free: 194149K (93%)
ptolemy.util.test.WatchDog.cancel(): canceling Tue Aug 07 01:50:37 UTC 2018
------------------ testing $PTII/ptolemy/domains/de/test/auto/DEFixedPointLimitation.xml
auto.tcl: Setting watchdog for 200 seconds at Tue Aug 07 01:50:37 UTC 2018
2 ms. Memory: 208384K Free: 196134K (94%)
ptolemy.util.test.WatchDog.cancel(): canceling Tue Aug 07 01:50:37 UTC 2018
auto.tcl: Setting watchdog for 200 seconds at Tue Aug 07 01:50:37 UTC 2018
2 ms. Memory: 208384K Free: 196134K (94%)
ptolemy.util.test.WatchDog.cancel(): canceling Tue Aug 07 01:50:37 UTC 2018
------------------ testing $PTII/ptolemy/domains/de/test/auto/DEScheduleTest.xml
auto.tcl: Setting watchdog for 200 seconds at Tue Aug 07 01:50:37 UTC 2018
6 ms. Memory: 208384K Free: 198276K (95%)
ptolemy.util.test.WatchDog.cancel(): canceling Tue Aug 07 01:50:37 UTC 2018
auto.tcl: Setting watchdog for 200 seconds at Tue Aug 07 01:50:37 UTC 2018
3 ms. Memory: 208384K Free: 196169K (94%)
ptolemy.util.test.WatchDog.cancel(): canceling Tue Aug 07 01:50:37 UTC 2018
------------------ testing $PTII/ptolemy/domains/de/test/auto/DEinDEwithStartTimes.xml
auto.tcl: Setting watchdog for 200 seconds at Tue Aug 07 01:50:37 UTC 2018
4 ms. Memory: 208384K Free: 196138K (94%)
ptolemy.util.test.WatchDog.cancel(): canceling Tue Aug 07 01:50:37 UTC 2018
auto.tcl: Setting watchdog for 200 seconds at Tue Aug 07 01:50:37 UTC 2018
7 ms. Memory: 208384K Free: 194032K (93%)
ptolemy.util.test.WatchDog.cancel(): canceling Tue Aug 07 01:50:37 UTC 2018
------------------ testing $PTII/ptolemy/domains/de/test/auto/DEinDEwithStartTimes2.xml
auto.tcl: Setting watchdog for 200 seconds at Tue Aug 07 01:50:37 UTC 2018
5 ms. Memory: 208384K Free: 196118K (94%)
ptolemy.util.test.WatchDog.cancel(): canceling Tue Aug 07 01:50:37 UTC 2018
auto.tcl: Setting watchdog for 200 seconds at Tue Aug 07 01:50:37 UTC 2018
5 ms. Memory: 208384K Free: 194012K (93%)
ptolemy.util.test.WatchDog.cancel(): canceling Tue Aug 07 01:50:37 UTC 2018
------------------ testing $PTII/ptolemy/domains/de/test/auto/DateDemo.xml
auto.tcl: Setting watchdog for 200 seconds at Tue Aug 07 01:50:37 UTC 2018
18 ms. Memory: 208384K Free: 188527K (90%)
ptolemy.util.test.WatchDog.cancel(): canceling Tue Aug 07 01:50:37 UTC 2018
auto.tcl: Setting watchdog for 200 seconds at Tue Aug 07 01:50:37 UTC 2018
11 ms. Memory: 208384K Free: 186420K (89%)
ptolemy.util.test.WatchDog.cancel(): canceling Tue Aug 07 01:50:37 UTC 2018
------------------ testing $PTII/ptolemy/domains/de/test/auto/DateToEvent.xml
auto.tcl: Setting watchdog for 200 seconds at Tue Aug 07 01:50:38 UTC 2018
2017 ms. Memory: 208384K Free: 183230K (88%)
ptolemy.util.test.WatchDog.cancel(): canceling Tue Aug 07 01:50:40 UTC 2018
auto.tcl: Setting watchdog for 200 seconds at Tue Aug 07 01:50:40 UTC 2018
2006 ms. Memory: 208384K Free: 180772K (87%)
ptolemy.util.test.WatchDog.cancel(): canceling Tue Aug 07 01:50:42 UTC 2018
------------------ testing $PTII/ptolemy/domains/de/test/auto/DepthTest1.xml
auto.tcl: Setting watchdog for 200 seconds at Tue Aug 07 01:50:42 UTC 2018
3 ms. Memory: 208384K Free: 197803K (95%)
ptolemy.util.test.WatchDog.cancel(): canceling Tue Aug 07 01:50:42 UTC 2018
auto.tcl: Setting watchdog for 200 seconds at Tue Aug 07 01:50:42 UTC 2018
4 ms. Memory: 208384K Free: 197803K (95%)
ptolemy.util.test.WatchDog.cancel(): canceling Tue Aug 07 01:50:42 UTC 2018
------------------ testing $PTII/ptolemy/domains/de/test/auto/DepthTest2.xml
auto.tcl: Setting watchdog for 200 seconds at Tue Aug 07 01:50:42 UTC 2018
3 ms. Memory: 208384K Free: 193991K (93%)
ptolemy.util.test.WatchDog.cancel(): canceling Tue Aug 07 01:50:42 UTC 2018
auto.tcl: Setting watchdog for 200 seconds at Tue Aug 07 01:50:42 UTC 2018
6 ms. Memory: 208384K Free: 193991K (93%)
ptolemy.util.test.WatchDog.cancel(): canceling Tue Aug 07 01:50:42 UTC 2018
------------------ testing $PTII/ptolemy/domains/de/test/auto/DepthTest3.xml
auto.tcl: Setting watchdog for 200 seconds at Tue Aug 07 01:50:42 UTC 2018
8 ms. Memory: 208384K Free: 198475K (95%)
ptolemy.util.test.WatchDog.cancel(): canceling Tue Aug 07 01:50:42 UTC 2018
auto.tcl: Setting watchdog for 200 seconds at Tue Aug 07 01:50:42 UTC 2018
2 ms. Memory: 208384K Free: 198475K (95%)
ptolemy.util.test.WatchDog.cancel(): canceling Tue Aug 07 01:50:42 UTC 2018
------------------ testing $PTII/ptolemy/domains/de/test/auto/DepthTest4.xml
auto.tcl: Setting watchdog for 200 seconds at Tue Aug 07 01:50:42 UTC 2018
5 ms. Memory: 208384K Free: 196118K (94%)
ptolemy.util.test.WatchDog.cancel(): canceling Tue Aug 07 01:50:42 UTC 2018
auto.tcl: Setting watchdog for 200 seconds at Tue Aug 07 01:50:42 UTC 2018
5 ms. Memory: 208384K Free: 196118K (94%)
ptolemy.util.test.WatchDog.cancel(): canceling Tue Aug 07 01:50:42 UTC 2018
------------------ testing $PTII/ptolemy/domains/de/test/auto/DepthTest5.xml
auto.tcl: Setting watchdog for 200 seconds at Tue Aug 07 01:50:42 UTC 2018
5 ms. Memory: 208384K Free: 196066K (94%)
ptolemy.util.test.WatchDog.cancel(): canceling Tue Aug 07 01:50:42 UTC 2018
auto.tcl: Setting watchdog for 200 seconds at Tue Aug 07 01:50:42 UTC 2018
3 ms. Memory: 208384K Free: 196066K (94%)
ptolemy.util.test.WatchDog.cancel(): canceling Tue Aug 07 01:50:42 UTC 2018
------------------ testing $PTII/ptolemy/domains/de/test/auto/DepthTest6.xml
auto.tcl: Setting watchdog for 200 seconds at Tue Aug 07 01:50:42 UTC 2018
13 ms. Memory: 208384K Free: 196371K (94%)
ptolemy.util.test.WatchDog.cancel(): canceling Tue Aug 07 01:50:42 UTC 2018
auto.tcl: Setting watchdog for 200 seconds at Tue Aug 07 01:50:42 UTC 2018
1 ms. Memory: 208384K Free: 196371K (94%)
ptolemy.util.test.WatchDog.cancel(): canceling Tue Aug 07 01:50:42 UTC 2018
------------------ testing $PTII/ptolemy/domains/de/test/auto/DepthTest7.xml
auto.tcl: Setting watchdog for 200 seconds at Tue Aug 07 01:50:42 UTC 2018
3 ms. Memory: 208384K Free: 196023K (94%)
ptolemy.util.test.WatchDog.cancel(): canceling Tue Aug 07 01:50:42 UTC 2018
auto.tcl: Setting watchdog for 200 seconds at Tue Aug 07 01:50:42 UTC 2018
2 ms. Memory: 208384K Free: 196023K (94%)
ptolemy.util.test.WatchDog.cancel(): canceling Tue Aug 07 01:50:42 UTC 2018
------------------ testing $PTII/ptolemy/domains/de/test/auto/EventToDate.xml
auto.tcl: Setting watchdog for 200 seconds at Tue Aug 07 01:50:42 UTC 2018
3007 ms. Memory: 208384K Free: 185510K (89%)
ptolemy.util.test.WatchDog.cancel(): canceling Tue Aug 07 01:50:45 UTC 2018
auto.tcl: Setting watchdog for 200 seconds at Tue Aug 07 01:50:45 UTC 2018
3004 ms. Memory: 208384K Free: 185510K (89%)
ptolemy.util.test.WatchDog.cancel(): canceling Tue Aug 07 01:50:48 UTC 2018
------------------ testing $PTII/ptolemy/domains/de/test/auto/FSM1.xml
auto.tcl: Setting watchdog for 200 seconds at Tue Aug 07 01:50:48 UTC 2018
38 ms. Memory: 208384K Free: 189061K (91%)
ptolemy.util.test.WatchDog.cancel(): canceling Tue Aug 07 01:50:48 UTC 2018
auto.tcl: Setting watchdog for 200 seconds at Tue Aug 07 01:50:48 UTC 2018
32 ms. Memory: 208384K Free: 184848K (89%)
ptolemy.util.test.WatchDog.cancel(): canceling Tue Aug 07 01:50:49 UTC 2018
------------------ testing $PTII/ptolemy/domains/de/test/auto/FSM7.xml
auto.tcl: Setting watchdog for 200 seconds at Tue Aug 07 01:50:49 UTC 2018
14 ms. Memory: 208384K Free: 187495K (90%)
ptolemy.util.test.WatchDog.cancel(): canceling Tue Aug 07 01:50:49 UTC 2018
auto.tcl: Setting watchdog for 200 seconds at Tue Aug 07 01:50:49 UTC 2018
15 ms. Memory: 208384K Free: 185388K (89%)
ptolemy.util.test.WatchDog.cancel(): canceling Tue Aug 07 01:50:49 UTC 2018
------------------ testing $PTII/ptolemy/domains/de/test/auto/Inspection.xml
auto.tcl: Setting watchdog for 200 seconds at Tue Aug 07 01:50:49 UTC 2018
40 ms. Memory: 208384K Free: 188373K (90%)
ptolemy.util.test.WatchDog.cancel(): canceling Tue Aug 07 01:50:49 UTC 2018
auto.tcl: Setting watchdog for 200 seconds at Tue Aug 07 01:50:49 UTC 2018
38 ms. Memory: 208384K Free: 186267K (89%)
ptolemy.util.test.WatchDog.cancel(): canceling Tue Aug 07 01:50:49 UTC 2018
------------------ testing $PTII/ptolemy/domains/de/test/auto/Iteration.xml
auto.tcl: Setting watchdog for 200 seconds at Tue Aug 07 01:50:49 UTC 2018
11 ms. Memory: 208384K Free: 196169K (94%)
ptolemy.util.test.WatchDog.cancel(): canceling Tue Aug 07 01:50:49 UTC 2018
auto.tcl: Setting watchdog for 200 seconds at Tue Aug 07 01:50:49 UTC 2018
7 ms. Memory: 208384K Free: 193724K (93%)
ptolemy.util.test.WatchDog.cancel(): canceling Tue Aug 07 01:50:49 UTC 2018
------------------ testing $PTII/ptolemy/domains/de/test/auto/LineFault.xml
auto.tcl: Setting watchdog for 200 seconds at Tue Aug 07 01:50:49 UTC 2018
528 ms. Memory: 208384K Free: 195966K (94%)
ptolemy.util.test.WatchDog.cancel(): canceling Tue Aug 07 01:50:50 UTC 2018
auto.tcl: Setting watchdog for 200 seconds at Tue Aug 07 01:50:50 UTC 2018
487 ms. Memory: 208384K Free: 138447K (66%)
ptolemy.util.test.WatchDog.cancel(): canceling Tue Aug 07 01:50:50 UTC 2018
------------------ testing $PTII/ptolemy/domains/de/test/auto/MergeModel1Add.xml
auto.tcl: Setting watchdog for 200 seconds at Tue Aug 07 01:50:50 UTC 2018
26 ms. Memory: 331264K Free: 298655K (90%)
ptolemy.util.test.WatchDog.cancel(): canceling Tue Aug 07 01:50:50 UTC 2018
auto.tcl: Setting watchdog for 200 seconds at Tue Aug 07 01:50:50 UTC 2018
13 ms. Memory: 331264K Free: 298655K (90%)
ptolemy.util.test.WatchDog.cancel(): canceling Tue Aug 07 01:50:50 UTC 2018
------------------ testing $PTII/ptolemy/domains/de/test/auto/MergeModel2Add.xml
auto.tcl: Setting watchdog for 200 seconds at Tue Aug 07 01:50:50 UTC 2018
10 ms. Memory: 331264K Free: 303942K (92%)
ptolemy.util.test.WatchDog.cancel(): canceling Tue Aug 07 01:50:50 UTC 2018
auto.tcl: Setting watchdog for 200 seconds at Tue Aug 07 01:50:50 UTC 2018
9 ms. Memory: 331264K Free: 299993K (91%)
ptolemy.util.test.WatchDog.cancel(): canceling Tue Aug 07 01:50:50 UTC 2018
------------------ testing $PTII/ptolemy/domains/de/test/auto/MergeModel3Add.xml
auto.tcl: Setting watchdog for 200 seconds at Tue Aug 07 01:50:51 UTC 2018
12 ms. Memory: 331264K Free: 303953K (92%)
ptolemy.util.test.WatchDog.cancel(): canceling Tue Aug 07 01:50:51 UTC 2018
auto.tcl: Setting watchdog for 200 seconds at Tue Aug 07 01:50:51 UTC 2018
6 ms. Memory: 331264K Free: 300004K (91%)
ptolemy.util.test.WatchDog.cancel(): canceling Tue Aug 07 01:50:51 UTC 2018
------------------ testing $PTII/ptolemy/domains/de/test/auto/MergeWithoutDiscard.xml
auto.tcl: Setting watchdog for 200 seconds at Tue Aug 07 01:50:51 UTC 2018
2 ms. Memory: 331264K Free: 320030K (97%)
ptolemy.util.test.WatchDog.cancel(): canceling Tue Aug 07 01:50:51 UTC 2018
auto.tcl: Setting watchdog for 200 seconds at Tue Aug 07 01:50:51 UTC 2018
2 ms. Memory: 331264K Free: 316081K (95%)
ptolemy.util.test.WatchDog.cancel(): canceling Tue Aug 07 01:50:51 UTC 2018
------------------ testing $PTII/ptolemy/domains/de/test/auto/Modal1.xml
auto.tcl: Setting watchdog for 200 seconds at Tue Aug 07 01:50:51 UTC 2018
18 ms. Memory: 331264K Free: 309695K (93%)
ptolemy.util.test.WatchDog.cancel(): canceling Tue Aug 07 01:50:51 UTC 2018
auto.tcl: Setting watchdog for 200 seconds at Tue Aug 07 01:50:51 UTC 2018
25 ms. Memory: 331264K Free: 305747K (92%)
ptolemy.util.test.WatchDog.cancel(): canceling Tue Aug 07 01:50:51 UTC 2018
------------------ testing $PTII/ptolemy/domains/de/test/auto/Modal2.xml
auto.tcl: Setting watchdog for 200 seconds at Tue Aug 07 01:50:51 UTC 2018
10 ms. Memory: 331264K Free: 309561K (93%)
ptolemy.util.test.WatchDog.cancel(): canceling Tue Aug 07 01:50:51 UTC 2018
auto.tcl: Setting watchdog for 200 seconds at Tue Aug 07 01:50:51 UTC 2018
12 ms. Memory: 331264K Free: 305612K (92%)
ptolemy.util.test.WatchDog.cancel(): canceling Tue Aug 07 01:50:51 UTC 2018
------------------ testing $PTII/ptolemy/domains/de/test/auto/Modal3.xml
auto.tcl: Setting watchdog for 200 seconds at Tue Aug 07 01:50:51 UTC 2018
16 ms. Memory: 331264K Free: 309853K (94%)
ptolemy.util.test.WatchDog.cancel(): canceling Tue Aug 07 01:50:51 UTC 2018
auto.tcl: Setting watchdog for 200 seconds at Tue Aug 07 01:50:51 UTC 2018
13 ms. Memory: 331264K Free: 305619K (92%)
ptolemy.util.test.WatchDog.cancel(): canceling Tue Aug 07 01:50:51 UTC 2018
------------------ testing $PTII/ptolemy/domains/de/test/auto/Modal4.xml
auto.tcl: Setting watchdog for 200 seconds at Tue Aug 07 01:50:51 UTC 2018
27 ms. Memory: 331264K Free: 309573K (93%)
ptolemy.util.test.WatchDog.cancel(): canceling Tue Aug 07 01:50:51 UTC 2018
auto.tcl: Setting watchdog for 200 seconds at Tue Aug 07 01:50:51 UTC 2018
18 ms. Memory: 331264K Free: 305624K (92%)
ptolemy.util.test.WatchDog.cancel(): canceling Tue Aug 07 01:50:51 UTC 2018
------------------ testing $PTII/ptolemy/domains/de/test/auto/Modal5.xml
auto.tcl: Setting watchdog for 200 seconds at Tue Aug 07 01:50:51 UTC 2018
14 ms. Memory: 331264K Free: 309560K (93%)
ptolemy.util.test.WatchDog.cancel(): canceling Tue Aug 07 01:50:51 UTC 2018
auto.tcl: Setting watchdog for 200 seconds at Tue Aug 07 01:50:51 UTC 2018
15 ms. Memory: 331264K Free: 305611K (92%)
ptolemy.util.test.WatchDog.cancel(): canceling Tue Aug 07 01:50:51 UTC 2018
------------------ testing $PTII/ptolemy/domains/de/test/auto/Modal6.xml
auto.tcl: Setting watchdog for 200 seconds at Tue Aug 07 01:50:51 UTC 2018
16 ms. Memory: 331264K Free: 309557K (93%)
ptolemy.util.test.WatchDog.cancel(): canceling Tue Aug 07 01:50:51 UTC 2018
auto.tcl: Setting watchdog for 200 seconds at Tue Aug 07 01:50:51 UTC 2018
18 ms. Memory: 331264K Free: 305608K (92%)
ptolemy.util.test.WatchDog.cancel(): canceling Tue Aug 07 01:50:51 UTC 2018
------------------ testing $PTII/ptolemy/domains/de/test/auto/Modal7.xml
auto.tcl: Setting watchdog for 200 seconds at Tue Aug 07 01:50:51 UTC 2018
20 ms. Memory: 331264K Free: 309557K (93%)
ptolemy.util.test.WatchDog.cancel(): canceling Tue Aug 07 01:50:52 UTC 2018
auto.tcl: Setting watchdog for 200 seconds at Tue Aug 07 01:50:52 UTC 2018
13 ms. Memory: 331264K Free: 305608K (92%)
ptolemy.util.test.WatchDog.cancel(): canceling Tue Aug 07 01:50:52 UTC 2018
------------------ testing $PTII/ptolemy/domains/de/test/auto/ModalModel.xml
auto.tcl: Setting watchdog for 200 seconds at Tue Aug 07 01:50:52 UTC 2018
273 ms. Memory: 331264K Free: 246069K (74%)
ptolemy.util.test.WatchDog.cancel(): canceling Tue Aug 07 01:50:52 UTC 2018
auto.tcl: Setting watchdog for 200 seconds at Tue Aug 07 01:50:52 UTC 2018
239 ms. Memory: 331264K Free: 190786K (58%)
ptolemy.util.test.WatchDog.cancel(): canceling Tue Aug 07 01:50:52 UTC 2018
------------------ testing $PTII/ptolemy/domains/de/test/auto/ModalSource.xml
auto.tcl: Setting watchdog for 200 seconds at Tue Aug 07 01:50:52 UTC 2018
10 ms. Memory: 331264K Free: 316345K (95%)
ptolemy.util.test.WatchDog.cancel(): canceling Tue Aug 07 01:50:52 UTC 2018
auto.tcl: Setting watchdog for 200 seconds at Tue Aug 07 01:50:52 UTC 2018
10 ms. Memory: 331264K Free: 312829K (94%)
ptolemy.util.test.WatchDog.cancel(): canceling Tue Aug 07 01:50:52 UTC 2018
------------------ testing $PTII/ptolemy/domains/de/test/auto/NonInterruptibleTimerZeroDelay.xml
auto.tcl: Setting watchdog for 200 seconds at Tue Aug 07 01:50:52 UTC 2018
5 ms. Memory: 331264K Free: 319920K (97%)
ptolemy.util.test.WatchDog.cancel(): canceling Tue Aug 07 01:50:52 UTC 2018
auto.tcl: Setting watchdog for 200 seconds at Tue Aug 07 01:50:52 UTC 2018
3 ms. Memory: 331264K Free: 316404K (96%)
ptolemy.util.test.WatchDog.cancel(): canceling Tue Aug 07 01:50:52 UTC 2018
------------------ testing $PTII/ptolemy/domains/de/test/auto/OpenQueueingNetwork.xml
auto.tcl: Setting watchdog for 200 seconds at Tue Aug 07 01:50:52 UTC 2018
3503 ms. Memory: 573952K Free: 413167K (72%)
ptolemy.util.test.WatchDog.cancel(): canceling Tue Aug 07 01:50:56 UTC 2018
auto.tcl: Setting watchdog for 200 seconds at Tue Aug 07 01:50:56 UTC 2018
2718 ms. Memory: 550912K Free: 321439K (58%)
ptolemy.util.test.WatchDog.cancel(): canceling Tue Aug 07 01:50:59 UTC 2018
------------------ testing $PTII/ptolemy/domains/de/test/auto/OpenQueuingNetwork.xml
auto.tcl: Setting watchdog for 200 seconds at Tue Aug 07 01:50:59 UTC 2018
277 ms. Memory: 549888K Free: 444651K (81%)
ptolemy.util.test.WatchDog.cancel(): canceling Tue Aug 07 01:50:59 UTC 2018
auto.tcl: Setting watchdog for 200 seconds at Tue Aug 07 01:50:59 UTC 2018
265 ms. Memory: 549888K Free: 385062K (70%)
ptolemy.util.test.WatchDog.cancel(): canceling Tue Aug 07 01:51:00 UTC 2018
------------------ testing $PTII/ptolemy/domains/de/test/auto/PeriodicSampler.xml
auto.tcl: Setting watchdog for 200 seconds at Tue Aug 07 01:51:00 UTC 2018
4 ms. Memory: 551936K Free: 530817K (96%)
ptolemy.util.test.WatchDog.cancel(): canceling Tue Aug 07 01:51:00 UTC 2018
auto.tcl: Setting watchdog for 200 seconds at Tue Aug 07 01:51:00 UTC 2018
2 ms. Memory: 551936K Free: 530817K (96%)
ptolemy.util.test.WatchDog.cancel(): canceling Tue Aug 07 01:51:00 UTC 2018
------------------ testing $PTII/ptolemy/domains/de/test/auto/PersistentIO.xml
auto.tcl: Setting watchdog for 200 seconds at Tue Aug 07 01:51:00 UTC 2018
13 ms. Memory: 549376K Free: 523652K (95%)
ptolemy.util.test.WatchDog.cancel(): canceling Tue Aug 07 01:51:00 UTC 2018
auto.tcl: Setting watchdog for 200 seconds at Tue Aug 07 01:51:00 UTC 2018
4 ms. Memory: 549376K Free: 523652K (95%)
ptolemy.util.test.WatchDog.cancel(): canceling Tue Aug 07 01:51:00 UTC 2018
------------------ testing $PTII/ptolemy/domains/de/test/auto/PortParameterResetOnInitialize.xml
auto.tcl: Setting watchdog for 200 seconds at Tue Aug 07 01:51:00 UTC 2018
2 ms. Memory: 551424K Free: 530766K (96%)
ptolemy.util.test.WatchDog.cancel(): canceling Tue Aug 07 01:51:00 UTC 2018
auto.tcl: Setting watchdog for 200 seconds at Tue Aug 07 01:51:00 UTC 2018
2 ms. Memory: 551424K Free: 530766K (96%)
ptolemy.util.test.WatchDog.cancel(): canceling Tue Aug 07 01:51:00 UTC 2018
------------------ testing $PTII/ptolemy/domains/de/test/auto/PortParameterUpdates.xml
auto.tcl: Setting watchdog for 200 seconds at Tue Aug 07 01:51:00 UTC 2018
6 ms. Memory: 549376K Free: 528343K (96%)
ptolemy.util.test.WatchDog.cancel(): canceling Tue Aug 07 01:51:00 UTC 2018
auto.tcl: Setting watchdog for 200 seconds at Tue Aug 07 01:51:00 UTC 2018
4 ms. Memory: 549376K Free: 528343K (96%)
ptolemy.util.test.WatchDog.cancel(): canceling Tue Aug 07 01:51:00 UTC 2018
------------------ testing $PTII/ptolemy/domains/de/test/auto/QueueAndServer.xml
auto.tcl: Setting watchdog for 200 seconds at Tue Aug 07 01:51:00 UTC 2018
14 ms. Memory: 551424K Free: 525445K (95%)
ptolemy.util.test.WatchDog.cancel(): canceling Tue Aug 07 01:51:00 UTC 2018
auto.tcl: Setting watchdog for 200 seconds at Tue Aug 07 01:51:00 UTC 2018
11 ms. Memory: 551424K Free: 525445K (95%)
ptolemy.util.test.WatchDog.cancel(): canceling Tue Aug 07 01:51:00 UTC 2018
------------------ testing $PTII/ptolemy/domains/de/test/auto/Records.xml
auto.tcl: Setting watchdog for 200 seconds at Tue Aug 07 01:51:00 UTC 2018
5 ms. Memory: 549376K Free: 533437K (97%)
ptolemy.util.test.WatchDog.cancel(): canceling Tue Aug 07 01:51:00 UTC 2018
auto.tcl: Setting watchdog for 200 seconds at Tue Aug 07 01:51:00 UTC 2018
2 ms. Memory: 549376K Free: 528020K (96%)
ptolemy.util.test.WatchDog.cancel(): canceling Tue Aug 07 01:51:00 UTC 2018
------------------ testing $PTII/ptolemy/domains/de/test/auto/ResetTransitionWithStartTime1.xml
auto.tcl: Setting watchdog for 200 seconds at Tue Aug 07 01:51:00 UTC 2018
13 ms. Memory: 551424K Free: 530307K (96%)
ptolemy.util.test.WatchDog.cancel(): canceling Tue Aug 07 01:51:00 UTC 2018
auto.tcl: Setting watchdog for 200 seconds at Tue Aug 07 01:51:00 UTC 2018
10 ms. Memory: 551424K Free: 530077K (96%)
ptolemy.util.test.WatchDog.cancel(): canceling Tue Aug 07 01:51:00 UTC 2018
------------------ testing $PTII/ptolemy/domains/de/test/auto/ResetTransitionWithStartTime2.xml
auto.tcl: Setting watchdog for 200 seconds at Tue Aug 07 01:51:00 UTC 2018
6 ms. Memory: 549376K Free: 528250K (96%)
ptolemy.util.test.WatchDog.cancel(): canceling Tue Aug 07 01:51:00 UTC 2018
auto.tcl: Setting watchdog for 200 seconds at Tue Aug 07 01:51:00 UTC 2018
12 ms. Memory: 549376K Free: 528250K (96%)
ptolemy.util.test.WatchDog.cancel(): canceling Tue Aug 07 01:51:00 UTC 2018
------------------ testing $PTII/ptolemy/domains/de/test/auto/ResetTransitionWithStartTime3.xml
auto.tcl: Setting watchdog for 200 seconds at Tue Aug 07 01:51:00 UTC 2018
9 ms. Memory: 550912K Free: 529555K (96%)
ptolemy.util.test.WatchDog.cancel(): canceling Tue Aug 07 01:51:00 UTC 2018
auto.tcl: Setting watchdog for 200 seconds at Tue Aug 07 01:51:00 UTC 2018
7 ms. Memory: 550912K Free: 529555K (96%)
ptolemy.util.test.WatchDog.cancel(): canceling Tue Aug 07 01:51:00 UTC 2018
------------------ testing $PTII/ptolemy/domains/de/test/auto/ResetTransitionWithStartTime4.xml
auto.tcl: Setting watchdog for 200 seconds at Tue Aug 07 01:51:00 UTC 2018
5 ms. Memory: 549376K Free: 528034K (96%)
ptolemy.util.test.WatchDog.cancel(): canceling Tue Aug 07 01:51:00 UTC 2018
auto.tcl: Setting watchdog for 200 seconds at Tue Aug 07 01:51:00 UTC 2018
4 ms. Memory: 549376K Free: 528034K (96%)
ptolemy.util.test.WatchDog.cancel(): canceling Tue Aug 07 01:51:00 UTC 2018
------------------ testing $PTII/ptolemy/domains/de/test/auto/ResettableTimer1.xml
auto.tcl: Setting watchdog for 200 seconds at Tue Aug 07 01:51:01 UTC 2018
3 ms. Memory: 550912K Free: 534982K (97%)
ptolemy.util.test.WatchDog.cancel(): canceling Tue Aug 07 01:51:01 UTC 2018
auto.tcl: Setting watchdog for 200 seconds at Tue Aug 07 01:51:01 UTC 2018
3 ms. Memory: 550912K Free: 534982K (97%)
ptolemy.util.test.WatchDog.cancel(): canceling Tue Aug 07 01:51:01 UTC 2018
------------------ testing $PTII/ptolemy/domains/de/test/auto/ResettableTimer2.xml
auto.tcl: Setting watchdog for 200 seconds at Tue Aug 07 01:51:01 UTC 2018
6 ms. Memory: 549376K Free: 533734K (97%)
ptolemy.util.test.WatchDog.cancel(): canceling Tue Aug 07 01:51:01 UTC 2018
auto.tcl: Setting watchdog for 200 seconds at Tue Aug 07 01:51:01 UTC 2018
2 ms. Memory: 549376K Free: 533734K (97%)
ptolemy.util.test.WatchDog.cancel(): canceling Tue Aug 07 01:51:01 UTC 2018
------------------ testing $PTII/ptolemy/domains/de/test/auto/ResettableTimer3.xml
auto.tcl: Setting watchdog for 200 seconds at Tue Aug 07 01:51:01 UTC 2018
2 ms. Memory: 550912K Free: 535040K (97%)
ptolemy.util.test.WatchDog.cancel(): canceling Tue Aug 07 01:51:01 UTC 2018
auto.tcl: Setting watchdog for 200 seconds at Tue Aug 07 01:51:01 UTC 2018
1 ms. Memory: 550912K Free: 535040K (97%)
ptolemy.util.test.WatchDog.cancel(): canceling Tue Aug 07 01:51:01 UTC 2018
------------------ testing $PTII/ptolemy/domains/de/test/auto/ResettableTimer4.xml
auto.tcl: Setting watchdog for 200 seconds at Tue Aug 07 01:51:01 UTC 2018
2 ms. Memory: 549376K Free: 533746K (97%)
ptolemy.util.test.WatchDog.cancel(): canceling Tue Aug 07 01:51:01 UTC 2018
auto.tcl: Setting watchdog for 200 seconds at Tue Aug 07 01:51:01 UTC 2018
1 ms. Memory: 549376K Free: 533746K (97%)
ptolemy.util.test.WatchDog.cancel(): canceling Tue Aug 07 01:51:01 UTC 2018
------------------ testing $PTII/ptolemy/domains/de/test/auto/ResettableTimer5.xml
auto.tcl: Setting watchdog for 200 seconds at Tue Aug 07 01:51:01 UTC 2018
1 ms. Memory: 550400K Free: 530089K (96%)
ptolemy.util.test.WatchDog.cancel(): canceling Tue Aug 07 01:51:01 UTC 2018
auto.tcl: Setting watchdog for 200 seconds at Tue Aug 07 01:51:01 UTC 2018
2 ms. Memory: 550400K Free: 530089K (96%)
ptolemy.util.test.WatchDog.cancel(): canceling Tue Aug 07 01:51:01 UTC 2018
------------------ testing $PTII/ptolemy/domains/de/test/auto/ResettableTimer6.xml
auto.tcl: Setting watchdog for 200 seconds at Tue Aug 07 01:51:01 UTC 2018
2 ms. Memory: 549376K Free: 528784K (96%)
ptolemy.util.test.WatchDog.cancel(): canceling Tue Aug 07 01:51:01 UTC 2018
auto.tcl: Setting watchdog for 200 seconds at Tue Aug 07 01:51:01 UTC 2018
1 ms. Memory: 549376K Free: 528784K (96%)
ptolemy.util.test.WatchDog.cancel(): canceling Tue Aug 07 01:51:01 UTC 2018
------------------ testing $PTII/ptolemy/domains/de/test/auto/ServerZeroDelay.xml
auto.tcl: Setting watchdog for 200 seconds at Tue Aug 07 01:51:01 UTC 2018
4 ms. Memory: 550400K Free: 534709K (97%)
ptolemy.util.test.WatchDog.cancel(): canceling Tue Aug 07 01:51:01 UTC 2018
auto.tcl: Setting watchdog for 200 seconds at Tue Aug 07 01:51:01 UTC 2018
3 ms. Memory: 550400K Free: 534709K (97%)
ptolemy.util.test.WatchDog.cancel(): canceling Tue Aug 07 01:51:01 UTC 2018
------------------ testing $PTII/ptolemy/domains/de/test/auto/SmartSender.xml
auto.tcl: Setting watchdog for 200 seconds at Tue Aug 07 01:51:01 UTC 2018
3001 ms. Memory: 549376K Free: 519641K (95%)
ptolemy.util.test.WatchDog.cancel(): canceling Tue Aug 07 01:51:04 UTC 2018
auto.tcl: Setting watchdog for 200 seconds at Tue Aug 07 01:51:04 UTC 2018
3002 ms. Memory: 549376K Free: 519641K (95%)
ptolemy.util.test.WatchDog.cancel(): canceling Tue Aug 07 01:51:07 UTC 2018
------------------ testing $PTII/ptolemy/domains/de/test/auto/ThreadedComposite.xml
auto.tcl: Setting watchdog for 200 seconds at Tue Aug 07 01:51:07 UTC 2018
271 ms. Memory: 550400K Free: 509598K (93%)
ptolemy.util.test.WatchDog.cancel(): canceling Tue Aug 07 01:51:07 UTC 2018
auto.tcl: Setting watchdog for 200 seconds at Tue Aug 07 01:51:07 UTC 2018
233 ms. Memory: 550400K Free: 490142K (89%)
ptolemy.util.test.WatchDog.cancel(): canceling Tue Aug 07 01:51:08 UTC 2018
------------------ testing $PTII/ptolemy/domains/de/test/auto/Time.xml
auto.tcl: Setting watchdog for 200 seconds at Tue Aug 07 01:51:08 UTC 2018
683 ms. Memory: 549376K Free: 481698K (88%)
ptolemy.util.test.WatchDog.cancel(): canceling Tue Aug 07 01:51:08 UTC 2018
auto.tcl: Setting watchdog for 200 seconds at Tue Aug 07 01:51:08 UTC 2018
646 ms. Memory: 549376K Free: 427527K (78%)
ptolemy.util.test.WatchDog.cancel(): canceling Tue Aug 07 01:51:09 UTC 2018
------------------ testing $PTII/ptolemy/domains/de/test/auto/TimeDelayZeroDelay.xml
auto.tcl: Setting watchdog for 200 seconds at Tue Aug 07 01:51:09 UTC 2018
2 ms. Memory: 550400K Free: 534397K (97%)
ptolemy.util.test.WatchDog.cancel(): canceling Tue Aug 07 01:51:09 UTC 2018
auto.tcl: Setting watchdog for 200 seconds at Tue Aug 07 01:51:09 UTC 2018
2 ms. Memory: 550400K Free: 534397K (97%)
ptolemy.util.test.WatchDog.cancel(): canceling Tue Aug 07 01:51:09 UTC 2018
------------------ testing $PTII/ptolemy/domains/de/test/auto/TimerZeroDelay.xml
auto.tcl: Setting watchdog for 200 seconds at Tue Aug 07 01:51:09 UTC 2018
3 ms. Memory: 549376K Free: 533646K (97%)
ptolemy.util.test.WatchDog.cancel(): canceling Tue Aug 07 01:51:09 UTC 2018
auto.tcl: Setting watchdog for 200 seconds at Tue Aug 07 01:51:09 UTC 2018
2 ms. Memory: 549376K Free: 533646K (97%)
ptolemy.util.test.WatchDog.cancel(): canceling Tue Aug 07 01:51:09 UTC 2018
------------------ testing $PTII/ptolemy/domains/de/test/auto/TimingParadox.xml
auto.tcl: Setting watchdog for 200 seconds at Tue Aug 07 01:51:09 UTC 2018
424 ms. Memory: 549888K Free: 468635K (85%)
ptolemy.util.test.WatchDog.cancel(): canceling Tue Aug 07 01:51:10 UTC 2018
auto.tcl: Setting watchdog for 200 seconds at Tue Aug 07 01:51:10 UTC 2018
361 ms. Memory: 549888K Free: 430715K (78%)
ptolemy.util.test.WatchDog.cancel(): canceling Tue Aug 07 01:51:10 UTC 2018
------------------ testing $PTII/ptolemy/domains/de/test/auto/TransferInputs.xml
auto.tcl: Setting watchdog for 200 seconds at Tue Aug 07 01:51:10 UTC 2018
2 ms. Memory: 549888K Free: 533062K (97%)
ptolemy.util.test.WatchDog.cancel(): canceling Tue Aug 07 01:51:10 UTC 2018
auto.tcl: Setting watchdog for 200 seconds at Tue Aug 07 01:51:10 UTC 2018
2 ms. Memory: 549888K Free: 533062K (97%)
ptolemy.util.test.WatchDog.cancel(): canceling Tue Aug 07 01:51:10 UTC 2018
------------------ testing $PTII/ptolemy/domains/de/test/auto/TransferOutputs2.xml
auto.tcl: Setting watchdog for 200 seconds at Tue Aug 07 01:51:10 UTC 2018
3 ms. Memory: 549376K Free: 528227K (96%)
ptolemy.util.test.WatchDog.cancel(): canceling Tue Aug 07 01:51:10 UTC 2018
auto.tcl: Setting watchdog for 200 seconds at Tue Aug 07 01:51:10 UTC 2018
3 ms. Memory: 549376K Free: 528227K (96%)
ptolemy.util.test.WatchDog.cancel(): canceling Tue Aug 07 01:51:10 UTC 2018
------------------ testing $PTII/ptolemy/domains/de/test/auto/Trilateration.xml
auto.tcl: Setting watchdog for 200 seconds at Tue Aug 07 01:51:10 UTC 2018
13036 ms. Memory: 453632K Free: 138193K (30%)
ptolemy.util.test.WatchDog.cancel(): canceling Tue Aug 07 01:51:25 UTC 2018
auto.tcl: Setting watchdog for 200 seconds at Tue Aug 07 01:51:25 UTC 2018
10017 ms. Memory: 331264K Free: 249535K (75%)
ptolemy.util.test.WatchDog.cancel(): canceling Tue Aug 07 01:51:35 UTC 2018
------------------ testing $PTII/ptolemy/domains/de/test/auto/TwoSigmaDelta.xml
auto.tcl: Setting watchdog for 200 seconds at Tue Aug 07 01:51:35 UTC 2018
2950 ms. Memory: 320000K Free: 270245K (84%)
ptolemy.util.test.WatchDog.cancel(): canceling Tue Aug 07 01:51:38 UTC 2018
auto.tcl: Setting watchdog for 200 seconds at Tue Aug 07 01:51:38 UTC 2018
2133 ms. Memory: 307712K Free: 266022K (86%)
ptolemy.util.test.WatchDog.cancel(): canceling Tue Aug 07 01:51:40 UTC 2018
------------------ testing $PTII/ptolemy/domains/de/test/auto/VariableDelay.xml
auto.tcl: Setting watchdog for 200 seconds at Tue Aug 07 01:51:40 UTC 2018
2 ms. Memory: 309760K Free: 292361K (94%)
ptolemy.util.test.WatchDog.cancel(): canceling Tue Aug 07 01:51:40 UTC 2018
auto.tcl: Setting watchdog for 200 seconds at Tue Aug 07 01:51:40 UTC 2018
2 ms. Memory: 309760K Free: 292361K (94%)
ptolemy.util.test.WatchDog.cancel(): canceling Tue Aug 07 01:51:40 UTC 2018
------------------ testing $PTII/ptolemy/domains/de/test/auto/VariableDelay2.xml
auto.tcl: Setting watchdog for 200 seconds at Tue Aug 07 01:51:40 UTC 2018
3 ms. Memory: 307712K Free: 292983K (95%)
ptolemy.util.test.WatchDog.cancel(): canceling Tue Aug 07 01:51:40 UTC 2018
auto.tcl: Setting watchdog for 200 seconds at Tue Aug 07 01:51:40 UTC 2018
2 ms. Memory: 307712K Free: 292983K (95%)
ptolemy.util.test.WatchDog.cancel(): canceling Tue Aug 07 01:51:40 UTC 2018
------------------ testing $PTII/ptolemy/domains/de/test/auto/VariableDelayZeroDelay.xml
auto.tcl: Setting watchdog for 200 seconds at Tue Aug 07 01:51:40 UTC 2018
3 ms. Memory: 309248K Free: 295610K (96%)
ptolemy.util.test.WatchDog.cancel(): canceling Tue Aug 07 01:51:40 UTC 2018
auto.tcl: Setting watchdog for 200 seconds at Tue Aug 07 01:51:40 UTC 2018
2 ms. Memory: 309248K Free: 292263K (95%)
ptolemy.util.test.WatchDog.cancel(): canceling Tue Aug 07 01:51:40 UTC 2018
------------------ testing $PTII/ptolemy/domains/de/test/auto/VariableDelayZeroDelay2.xml
auto.tcl: Setting watchdog for 200 seconds at Tue Aug 07 01:51:40 UTC 2018
2 ms. Memory: 307712K Free: 290710K (94%)
ptolemy.util.test.WatchDog.cancel(): canceling Tue Aug 07 01:51:40 UTC 2018
auto.tcl: Setting watchdog for 200 seconds at Tue Aug 07 01:51:40 UTC 2018
2 ms. Memory: 307712K Free: 290710K (94%)
ptolemy.util.test.WatchDog.cancel(): canceling Tue Aug 07 01:51:40 UTC 2018
------------------ testing $PTII/ptolemy/domains/de/test/auto/deInCt.xml
auto.tcl: Setting watchdog for 200 seconds at Tue Aug 07 01:51:40 UTC 2018
0
1
1
1
0
0
0
1
1
1
0
0
0
0
1
1
1
1
1
0
0
0
1
1
1
0
0
0
1
1
0
0
0
0
1
1
1
0
0
0
1
1
1
0
0
0
0
0
10 ms. Memory: 309248K Free: 292234K (94%)
ptolemy.util.test.WatchDog.cancel(): canceling Tue Aug 07 01:51:40 UTC 2018
auto.tcl: Setting watchdog for 200 seconds at Tue Aug 07 01:51:40 UTC 2018
0
1
1
1
0
0
0
1
1
1
1
0
0
0
1
1
1
0
0
0
0
1
1
1
0
0
1
1
1
0
0
0
0
1
1
1
1
1
7 ms. Memory: 309248K Free: 292234K (94%)
ptolemy.util.test.WatchDog.cancel(): canceling Tue Aug 07 01:51:40 UTC 2018
------------------ testing $PTII/ptolemy/domains/de/test/auto/deInCt2.xml
auto.tcl: Setting watchdog for 200 seconds at Tue Aug 07 01:51:40 UTC 2018
0
1
1
1
0
0
1
1
1
0
0
1
1
1
0
0
1
1
1
0
0
1
1
1
0
0
1
1
1
0
0
1
1
1
0
0
1
1
1
0
0
0
14 ms. Memory: 307712K Free: 290714K (94%)
ptolemy.util.test.WatchDog.cancel(): canceling Tue Aug 07 01:51:40 UTC 2018
auto.tcl: Setting watchdog for 200 seconds at Tue Aug 07 01:51:40 UTC 2018
0
1
1
1
0
0
1
1
1
0
0
1
1
1
0
0
1
1
1
0
0
1
1
1
0
0
1
1
1
0
0
1
1
1
0
0
1
1
1
0
0
0
12 ms. Memory: 307712K Free: 290714K (94%)
ptolemy.util.test.WatchDog.cancel(): canceling Tue Aug 07 01:51:40 UTC 2018
------------------ testing $PTII/ptolemy/domains/de/test/auto/dynamicCausalityInterface1.xml
auto.tcl: Setting watchdog for 200 seconds at Tue Aug 07 01:51:41 UTC 2018
1 ms. Memory: 308736K Free: 290642K (94%)
ptolemy.util.test.WatchDog.cancel(): canceling Tue Aug 07 01:51:41 UTC 2018
auto.tcl: Setting watchdog for 200 seconds at Tue Aug 07 01:51:41 UTC 2018
1 ms. Memory: 308736K Free: 290642K (94%)
ptolemy.util.test.WatchDog.cancel(): canceling Tue Aug 07 01:51:41 UTC 2018
------------------ testing $PTII/ptolemy/domains/de/test/auto/fsm_de_test.xml
auto.tcl: Setting watchdog for 200 seconds at Tue Aug 07 01:51:41 UTC 2018
7 ms. Memory: 307712K Free: 287250K (93%)
ptolemy.util.test.WatchDog.cancel(): canceling Tue Aug 07 01:51:41 UTC 2018
auto.tcl: Setting watchdog for 200 seconds at Tue Aug 07 01:51:41 UTC 2018
5 ms. Memory: 307712K Free: 287250K (93%)
ptolemy.util.test.WatchDog.cancel(): canceling Tue Aug 07 01:51:41 UTC 2018
------------------ testing $PTII/ptolemy/domains/de/test/auto/functionDependencyReconstruction.xml
auto.tcl: Setting watchdog for 200 seconds at Tue Aug 07 01:51:41 UTC 2018
2 ms. Memory: 308736K Free: 281564K (91%)
ptolemy.util.test.WatchDog.cancel(): canceling Tue Aug 07 01:51:41 UTC 2018
auto.tcl: Setting watchdog for 200 seconds at Tue Aug 07 01:51:41 UTC 2018
3 ms. Memory: 308736K Free: 278201K (90%)
ptolemy.util.test.WatchDog.cancel(): canceling Tue Aug 07 01:51:41 UTC 2018
------------------ testing $PTII/ptolemy/domains/de/test/auto/multirate.xml
auto.tcl: Setting watchdog for 200 seconds at Tue Aug 07 01:51:41 UTC 2018
6 ms. Memory: 307712K Free: 292734K (95%)
ptolemy.util.test.WatchDog.cancel(): canceling Tue Aug 07 01:51:41 UTC 2018
auto.tcl: Setting watchdog for 200 seconds at Tue Aug 07 01:51:41 UTC 2018
3 ms. Memory: 307712K Free: 289379K (94%)
ptolemy.util.test.WatchDog.cancel(): canceling Tue Aug 07 01:51:41 UTC 2018
------------------ testing $PTII/ptolemy/domains/de/test/auto/multirate2.xml
auto.tcl: Setting watchdog for 200 seconds at Tue Aug 07 01:51:41 UTC 2018
3 ms. Memory: 308736K Free: 293938K (95%)
ptolemy.util.test.WatchDog.cancel(): canceling Tue Aug 07 01:51:41 UTC 2018
auto.tcl: Setting watchdog for 200 seconds at Tue Aug 07 01:51:41 UTC 2018
3 ms. Memory: 308736K Free: 290591K (94%)
ptolemy.util.test.WatchDog.cancel(): canceling Tue Aug 07 01:51:41 UTC 2018
------------------ testing $PTII/ptolemy/domains/de/test/auto/realtime.xml
auto.tcl: Setting watchdog for 200 seconds at Tue Aug 07 01:51:41 UTC 2018
10001 ms. Memory: 307712K Free: 290641K (94%)
ptolemy.util.test.WatchDog.cancel(): canceling Tue Aug 07 01:51:51 UTC 2018
auto.tcl: Setting watchdog for 200 seconds at Tue Aug 07 01:51:51 UTC 2018
10003 ms. Memory: 307712K Free: 290641K (94%)
ptolemy.util.test.WatchDog.cancel(): canceling Tue Aug 07 01:52:01 UTC 2018
------------------ testing $PTII/ptolemy/domains/de/test/auto/relationGroup.xml
auto.tcl: Setting watchdog for 200 seconds at Tue Aug 07 01:52:01 UTC 2018
2 ms. Memory: 308224K Free: 296813K (96%)
ptolemy.util.test.WatchDog.cancel(): canceling Tue Aug 07 01:52:01 UTC 2018
auto.tcl: Setting watchdog for 200 seconds at Tue Aug 07 01:52:01 UTC 2018
2 ms. Memory: 308224K Free: 296813K (96%)
ptolemy.util.test.WatchDog.cancel(): canceling Tue Aug 07 01:52:01 UTC 2018
------------------ testing $PTII/ptolemy/domains/de/test/auto/relationGroup2.xml
auto.tcl: Setting watchdog for 200 seconds at Tue Aug 07 01:52:01 UTC 2018
2 ms. Memory: 307712K Free: 294064K (96%)
ptolemy.util.test.WatchDog.cancel(): canceling Tue Aug 07 01:52:01 UTC 2018
auto.tcl: Setting watchdog for 200 seconds at Tue Aug 07 01:52:01 UTC 2018
2 ms. Memory: 307712K Free: 294064K (96%)
ptolemy.util.test.WatchDog.cancel(): canceling Tue Aug 07 01:52:01 UTC 2018
------------------ testing $PTII/ptolemy/domains/de/test/auto/sortWithOpaquePorts.xml
auto.tcl: Setting watchdog for 200 seconds at Tue Aug 07 01:52:01 UTC 2018
2 ms. Memory: 308224K Free: 291215K (94%)
ptolemy.util.test.WatchDog.cancel(): canceling Tue Aug 07 01:52:01 UTC 2018
auto.tcl: Setting watchdog for 200 seconds at Tue Aug 07 01:52:01 UTC 2018
3 ms. Memory: 308224K Free: 291215K (94%)
ptolemy.util.test.WatchDog.cancel(): canceling Tue Aug 07 01:52:01 UTC 2018
------------------ testing $PTII/ptolemy/domains/de/test/auto/transferInputsandOutputs.xml
auto.tcl: Setting watchdog for 200 seconds at Tue Aug 07 01:52:01 UTC 2018
2 ms. Memory: 307712K Free: 290705K (94%)
ptolemy.util.test.WatchDog.cancel(): canceling Tue Aug 07 01:52:01 UTC 2018
auto.tcl: Setting watchdog for 200 seconds at Tue Aug 07 01:52:01 UTC 2018
2 ms. Memory: 307712K Free: 287351K (93%)
ptolemy.util.test.WatchDog.cancel(): canceling Tue Aug 07 01:52:01 UTC 2018
------------------ testing $PTII/ptolemy/domains/de/test/auto/triggerType.xml
auto.tcl: Setting watchdog for 200 seconds at Tue Aug 07 01:52:01 UTC 2018
1 ms. Memory: 308224K Free: 294514K (96%)
ptolemy.util.test.WatchDog.cancel(): canceling Tue Aug 07 01:52:01 UTC 2018
auto.tcl: Setting watchdog for 200 seconds at Tue Aug 07 01:52:01 UTC 2018
1 ms. Memory: 308224K Free: 291167K (94%)
ptolemy.util.test.WatchDog.cancel(): canceling Tue Aug 07 01:52:01 UTC 2018
08/07/18 01:52:01
Failed: 0  Total Tests: 192  ((Passed: 187, Newly Passed: 1)  Known Failed: 5) /home/travis/build/icyphy/ptII/ptolemy/domains/de/test
08/07/18 01:52:01
Failed: 0  Total Tests: 192  ((Passed: 187, Newly Passed: 1)  Known Failed: 5) /home/travis/build/icyphy/ptII/ptolemy/domains/de/test
----------------- testing (KnownFailure) /home/travis/build/icyphy/ptII/ptolemy/domains/de/test/auto/knownFailedTests/DESDFClockTest.xml
2010 ms. Memory: 307712K Free: 284978K (93%)
Known Failure: java.lang.reflect.InvocationTargetException
----------------- testing (KnownFailure) /home/travis/build/icyphy/ptII/ptolemy/domains/de/test/auto/knownFailedTests/DirectFeedback.xml
1 ms. Memory: 307712K Free: 266874K (87%)
Known Failure: java.lang.reflect.InvocationTargetException
----------------- testing (KnownFailure) /home/travis/build/icyphy/ptII/ptolemy/domains/de/test/auto/knownFailedTests/FSMSource.xml
10 ms. Memory: 307712K Free: 244227K (79%)
----------------- testing (KnownFailure) /home/travis/build/icyphy/ptII/ptolemy/domains/de/test/auto/knownFailedTests/HierarchicalModel.xml
3 ms. Memory: 307712K Free: 221564K (72%)
Known Failure: java.lang.reflect.InvocationTargetException
----------------- testing (KnownFailure) /home/travis/build/icyphy/ptII/ptolemy/domains/de/test/auto/knownFailedTests/dependencyLoop.xml
2 ms. Memory: 307712K Free: 189849K (62%)
Known Failure: java.lang.reflect.InvocationTargetException
----------------- testing (KnownFailure) /home/travis/build/icyphy/ptII/ptolemy/domains/de/test/auto/knownFailedTests/dependencyLoop2.xml
3 ms. Memory: 307712K Free: 158135K (51%)
Known Failure: java.lang.reflect.InvocationTargetException
No auto/linux-amd64/*.xml tests in /home/travis/build/icyphy/ptII/ptolemy/domains/de/test
AutoTests.java: About to close Vertx.
AutoTests.java: Vertx closed.

===========================================================================================
----------------- testing Tue Aug 07 01:52:04 UTC 2018 /home/travis/build/icyphy/ptII/ptolemy/domains/de/test/auto/ActorDepthCalculation_actorWithoutPorts.xml
----------------- Instantiating /home/travis/build/icyphy/ptII/ptolemy/domains/de/test/auto/ActorDepthCalculation_actorWithoutPorts.xml
2 ms. Memory: 307712K Free: 130962K (43%)
----------------- Invoking toplevel() on ptolemy.moml.MoMLSimpleApplication@e30d88a
----------------- Done invoking toplevel() on ptolemy.moml.MoMLSimpleApplication@e30d88a
reloadAllAccessors: .ActorDepthCalculation_actorWithoutPorts

===========================================================================================
----------------- testing Tue Aug 07 01:52:04 UTC 2018 /home/travis/build/icyphy/ptII/ptolemy/domains/de/test/auto/AssemblyLine.xml
----------------- Instantiating /home/travis/build/icyphy/ptII/ptolemy/domains/de/test/auto/AssemblyLine.xml
3 ms. Memory: 307712K Free: 117367K (38%)
----------------- Invoking toplevel() on ptolemy.moml.MoMLSimpleApplication@79d9724b
----------------- Done invoking toplevel() on ptolemy.moml.MoMLSimpleApplication@79d9724b
reloadAllAccessors: .AssemblyLine

===========================================================================================
----------------- testing Tue Aug 07 01:52:04 UTC 2018 /home/travis/build/icyphy/ptII/ptolemy/domains/de/test/auto/CQBug1.xml
----------------- Instantiating /home/travis/build/icyphy/ptII/ptolemy/domains/de/test/auto/CQBug1.xml
4 ms. Memory: 307712K Free: 108315K (35%)
----------------- Invoking toplevel() on ptolemy.moml.MoMLSimpleApplication@35738a2b
----------------- Done invoking toplevel() on ptolemy.moml.MoMLSimpleApplication@35738a2b
reloadAllAccessors: .CQBug1

===========================================================================================
----------------- testing Tue Aug 07 01:52:04 UTC 2018 /home/travis/build/icyphy/ptII/ptolemy/domains/de/test/auto/CancelFireAt.xml
----------------- Instantiating /home/travis/build/icyphy/ptII/ptolemy/domains/de/test/auto/CancelFireAt.xml
1 ms. Memory: 307712K Free: 99263K (32%)
----------------- Invoking toplevel() on ptolemy.moml.MoMLSimpleApplication@6f50a452
----------------- Done invoking toplevel() on ptolemy.moml.MoMLSimpleApplication@6f50a452
reloadAllAccessors: .CancelFireAt

===========================================================================================
----------------- testing Tue Aug 07 01:52:04 UTC 2018 /home/travis/build/icyphy/ptII/ptolemy/domains/de/test/auto/CausalityAndComposabilityAnalysis.xml
----------------- Instantiating /home/travis/build/icyphy/ptII/ptolemy/domains/de/test/auto/CausalityAndComposabilityAnalysis.xml
2 ms. Memory: 307712K Free: 90211K (29%)
----------------- Invoking toplevel() on ptolemy.moml.MoMLSimpleApplication@3f3583e3
----------------- Done invoking toplevel() on ptolemy.moml.MoMLSimpleApplication@3f3583e3
reloadAllAccessors: .CausalityAndComposabilityAnalysis

===========================================================================================
----------------- testing Tue Aug 07 01:52:04 UTC 2018 /home/travis/build/icyphy/ptII/ptolemy/domains/de/test/auto/CausalityInterface1.xml
----------------- Instantiating /home/travis/build/icyphy/ptII/ptolemy/domains/de/test/auto/CausalityInterface1.xml
4 ms. Memory: 307712K Free: 77812K (25%)
----------------- Invoking toplevel() on ptolemy.moml.MoMLSimpleApplication@3398e7ce
----------------- Done invoking toplevel() on ptolemy.moml.MoMLSimpleApplication@3398e7ce
reloadAllAccessors: .CausalityInterface1

===========================================================================================
----------------- testing Tue Aug 07 01:52:04 UTC 2018 /home/travis/build/icyphy/ptII/ptolemy/domains/de/test/auto/CausalityInterface15.xml
----------------- Instantiating /home/travis/build/icyphy/ptII/ptolemy/domains/de/test/auto/CausalityInterface15.xml
2 ms. Memory: 298496K Free: 285547K (96%)
----------------- Invoking toplevel() on ptolemy.moml.MoMLSimpleApplication@3d90af99
----------------- Done invoking toplevel() on ptolemy.moml.MoMLSimpleApplication@3d90af99
reloadAllAccessors: .CausalityInterface15

[...]
java.lang.RuntimeException: Execution failed
	at ptolemy.moml.MoMLSimpleApplication$UnloadThread.run(MoMLSimpleApplication.java:402)
Caused by: ptolemy.kernel.util.IllegalActionException: Test fails in iteration 1.
Value was: 1.0. Should have been: 2.0
  in .DirectFeedback.Test
	at ptolemy.actor.lib.Test.fire(Test.java:268)
	at ptolemy.domains.de.kernel.DEDirector._fire(DEDirector.java:1949)
	at ptolemy.domains.de.kernel.DEDirector.fire(DEDirector.java:502)
	at ptolemy.actor.CompositeActor.fire(CompositeActor.java:455)
	at ptolemy.actor.Manager.iterate(Manager.java:851)
	at ptolemy.actor.Manager.execute(Manager.java:369)
	at ptolemy.actor.Manager.run(Manager.java:1263)
	at ptolemy.actor.Manager$PtolemyRunThread.run(Manager.java:1915)
java.lang.RuntimeException: Execution failed
	at ptolemy.moml.MoMLSimpleApplication$UnloadThread.run(MoMLSimpleApplication.java:402)
Caused by: ptolemy.kernel.util.IllegalActionException: Actor is not ready to fire.  Perhaps UpSample.prefire() returned false? Try debugging the actor by selecting "Listen to Actor".  Also, for SDF check moml for tokenConsumptionRate on input.
  in .DESDFClockTest.Play Bell.Copy1:SDF Director and .DESDFClockTest.Play Bell.UpSample
	at ptolemy.actor.sched.StaticSchedulingDirector.fire(StaticSchedulingDirector.java:227)
	at ptolemy.domains.sdf.kernel.SDFDirector.fire(SDFDirector.java:500)
	at ptolemy.actor.CompositeActor.fire(CompositeActor.java:455)
	at ptolemy.domains.de.kernel.DEDirector._fire(DEDirector.java:1949)
	at ptolemy.domains.de.kernel.DEDirector.fire(DEDirector.java:502)
	at ptolemy.actor.CompositeActor.fire(CompositeActor.java:455)
	at ptolemy.actor.Manager.iterate(Manager.java:851)
	at ptolemy.actor.Manager.execute(Manager.java:369)
	at ptolemy.actor.Manager.run(Manager.java:1263)
	at ptolemy.actor.Manager$PtolemyRunThread.run(Manager.java:1915)
java.lang.reflect.InvocationTargetException
	at sun.reflect.NativeConstructorAccessorImpl.newInstance0(Native Method)
	at sun.reflect.NativeConstructorAccessorImpl.newInstance(NativeConstructorAccessorImpl.java:62)
	at sun.reflect.DelegatingConstructorAccessorImpl.newInstance(DelegatingConstructorAccessorImpl.java:45)
	at java.lang.reflect.Constructor.newInstance(Constructor.java:423)
	at ptolemy.util.test.junit.AutoKnownFailedTests.RunModel(AutoKnownFailedTests.java:107)
	at sun.reflect.NativeMethodAccessorImpl.invoke0(Native Method)
	at sun.reflect.NativeMethodAccessorImpl.invoke(NativeMethodAccessorImpl.java:62)
	at sun.reflect.DelegatingMethodAccessorImpl.invoke(DelegatingMethodAccessorImpl.java:43)
	at java.lang.reflect.Method.invoke(Method.java:498)
	at org.junit.runners.model.FrameworkMethod$1.runReflectiveCall(FrameworkMethod.java:44)
	at org.junit.internal.runners.model.ReflectiveCallable.run(ReflectiveCallable.java:15)
	at org.junit.runners.model.FrameworkMethod.invokeExplosively(FrameworkMethod.java:41)
	at junitparams.internal.InvokeParameterisedMethod.evaluate(InvokeParameterisedMethod.java:102)
	at org.junit.internal.runners.statements.FailOnTimeout$1.run(FailOnTimeout.java:28)
Caused by: ptolemy.kernel.util.IllegalActionException: Actor is not ready to fire.  Perhaps UpSample.prefire() returned false? Try debugging the actor by selecting "Listen to Actor".  Also, for SDF check moml for tokenConsumptionRate on input.
  in .DESDFClockTest.Play Bell.Copy1:SDF Director and .DESDFClockTest.Play Bell.UpSample
	at ptolemy.actor.sched.StaticSchedulingDirector.fire(StaticSchedulingDirector.java:227)
	at ptolemy.domains.sdf.kernel.SDFDirector.fire(SDFDirector.java:500)
	at ptolemy.actor.CompositeActor.fire(CompositeActor.java:455)
	at ptolemy.domains.de.kernel.DEDirector._fire(DEDirector.java:1949)
	at ptolemy.domains.de.kernel.DEDirector.fire(DEDirector.java:502)
	at ptolemy.actor.CompositeActor.fire(CompositeActor.java:455)
	at ptolemy.actor.Manager.iterate(Manager.java:851)
	at ptolemy.actor.Manager.execute(Manager.java:369)
	at ptolemy.actor.Manager.run(Manager.java:1263)
	at ptolemy.actor.Manager$PtolemyRunThread.run(Manager.java:1915)
java.lang.RuntimeException: Execution failed
	at ptolemy.moml.MoMLSimpleApplication$UnloadThread.run(MoMLSimpleApplication.java:402)
Caused by: ptolemy.kernel.util.IllegalActionException: Test fails in iteration 1.
Value was: 1.0. Should have been: 2.0
  in .DirectFeedback.Test
	at ptolemy.actor.lib.Test.fire(Test.java:268)
	at ptolemy.domains.de.kernel.DEDirector._fire(DEDirector.java:1949)
	at ptolemy.domains.de.kernel.DEDirector.fire(DEDirector.java:502)
	at ptolemy.actor.CompositeActor.fire(CompositeActor.java:455)
	at ptolemy.actor.Manager.iterate(Manager.java:851)
	at ptolemy.actor.Manager.execute(Manager.java:369)
	at ptolemy.actor.Manager.run(Manager.java:1263)
	at ptolemy.actor.Manager$PtolemyRunThread.run(Manager.java:1915)
java.lang.reflect.InvocationTargetException
	at sun.reflect.NativeConstructorAccessorImpl.newInstance0(Native Method)
	at sun.reflect.NativeConstructorAccessorImpl.newInstance(NativeConstructorAccessorImpl.java:62)
	at sun.reflect.DelegatingConstructorAccessorImpl.newInstance(DelegatingConstructorAccessorImpl.java:45)
	at java.lang.reflect.Constructor.newInstance(Constructor.java:423)
	at ptolemy.util.test.junit.AutoKnownFailedTests.RunModel(AutoKnownFailedTests.java:107)
	at sun.reflect.NativeMethodAccessorImpl.invoke0(Native Method)
	at sun.reflect.NativeMethodAccessorImpl.invoke(NativeMethodAccessorImpl.java:62)
	at sun.reflect.DelegatingMethodAccessorImpl.invoke(DelegatingMethodAccessorImpl.java:43)
	at java.lang.reflect.Method.invoke(Method.java:498)
	at org.junit.runners.model.FrameworkMethod$1.runReflectiveCall(FrameworkMethod.java:44)
	at org.junit.internal.runners.model.ReflectiveCallable.run(ReflectiveCallable.java:15)
	at org.junit.runners.model.FrameworkMethod.invokeExplosively(FrameworkMethod.java:41)
	at junitparams.internal.InvokeParameterisedMethod.evaluate(InvokeParameterisedMethod.java:102)
	at org.junit.internal.runners.statements.FailOnTimeout$1.run(FailOnTimeout.java:28)
Caused by: ptolemy.kernel.util.IllegalActionException: Test fails in iteration 1.
Value was: 1.0. Should have been: 2.0
  in .DirectFeedback.Test
	at ptolemy.actor.lib.Test.fire(Test.java:268)
	at ptolemy.domains.de.kernel.DEDirector._fire(DEDirector.java:1949)
	at ptolemy.domains.de.kernel.DEDirector.fire(DEDirector.java:502)
	at ptolemy.actor.CompositeActor.fire(CompositeActor.java:455)
	at ptolemy.actor.Manager.iterate(Manager.java:851)
	at ptolemy.actor.Manager.execute(Manager.java:369)
	at ptolemy.actor.Manager.run(Manager.java:1263)
	at ptolemy.actor.Manager$PtolemyRunThread.run(Manager.java:1915)
java.lang.RuntimeException: Execution failed
	at ptolemy.moml.MoMLSimpleApplication$UnloadThread.run(MoMLSimpleApplication.java:402)
Caused by: ptolemy.kernel.util.IllegalActionException: Found a zero delay loop containing .HierarchicalModel.A
  in .HierarchicalModel and .HierarchicalModel.A
	at ptolemy.actor.util.CausalityInterfaceForComposites._computeOutputPortDepth(CausalityInterfaceForComposites.java:759)
	at ptolemy.actor.util.CausalityInterfaceForComposites._computeInputDepth(CausalityInterfaceForComposites.java:696)
	at ptolemy.actor.util.CausalityInterfaceForComposites._computeOutputPortDepth(CausalityInterfaceForComposites.java:765)
	at ptolemy.actor.util.CausalityInterfaceForComposites._computeInputDepth(CausalityInterfaceForComposites.java:696)
	at ptolemy.actor.util.CausalityInterfaceForComposites._computeOutputPortDepth(CausalityInterfaceForComposites.java:765)
	at ptolemy.actor.util.CausalityInterfaceForComposites._computeInputDepth(CausalityInterfaceForComposites.java:696)
	at ptolemy.actor.util.CausalityInterfaceForComposites._computeActorDepth(CausalityInterfaceForComposites.java:532)
	at ptolemy.actor.util.CausalityInterfaceForComposites.checkForCycles(CausalityInterfaceForComposites.java:96)
	at ptolemy.domains.de.kernel.DEDirector.preinitialize(DEDirector.java:1338)
	at ptolemy.actor.CompositeActor.preinitialize(CompositeActor.java:1828)
	at ptolemy.actor.Manager.preinitializeAndResolveTypes(Manager.java:1040)
	at ptolemy.actor.Manager.initialize(Manager.java:710)
	at ptolemy.actor.Manager.execute(Manager.java:356)
	at ptolemy.actor.Manager.run(Manager.java:1263)
	at ptolemy.actor.Manager$PtolemyRunThread.run(Manager.java:1915)
java.lang.reflect.InvocationTargetException
	at sun.reflect.NativeConstructorAccessorImpl.newInstance0(Native Method)
	at sun.reflect.NativeConstructorAccessorImpl.newInstance(NativeConstructorAccessorImpl.java:62)
	at sun.reflect.DelegatingConstructorAccessorImpl.newInstance(DelegatingConstructorAccessorImpl.java:45)
	at java.lang.reflect.Constructor.newInstance(Constructor.java:423)
	at ptolemy.util.test.junit.AutoKnownFailedTests.RunModel(AutoKnownFailedTests.java:107)
	at sun.reflect.NativeMethodAccessorImpl.invoke0(Native Method)
	at sun.reflect.NativeMethodAccessorImpl.invoke(NativeMethodAccessorImpl.java:62)
	at sun.reflect.DelegatingMethodAccessorImpl.invoke(DelegatingMethodAccessorImpl.java:43)
	at java.lang.reflect.Method.invoke(Method.java:498)
	at org.junit.runners.model.FrameworkMethod$1.runReflectiveCall(FrameworkMethod.java:44)
	at org.junit.internal.runners.model.ReflectiveCallable.run(ReflectiveCallable.java:15)
	at org.junit.runners.model.FrameworkMethod.invokeExplosively(FrameworkMethod.java:41)
	at junitparams.internal.InvokeParameterisedMethod.evaluate(InvokeParameterisedMethod.java:102)
	at org.junit.internal.runners.statements.FailOnTimeout$1.run(FailOnTimeout.java:28)
Caused by: ptolemy.kernel.util.IllegalActionException: Found a zero delay loop containing .HierarchicalModel.A
  in .HierarchicalModel and .HierarchicalModel.A
	at ptolemy.actor.util.CausalityInterfaceForComposites._computeOutputPortDepth(CausalityInterfaceForComposites.java:759)
	at ptolemy.actor.util.CausalityInterfaceForComposites._computeInputDepth(CausalityInterfaceForComposites.java:696)
	at ptolemy.actor.util.CausalityInterfaceForComposites._computeOutputPortDepth(CausalityInterfaceForComposites.java:765)
	at ptolemy.actor.util.CausalityInterfaceForComposites._computeInputDepth(CausalityInterfaceForComposites.java:696)
	at ptolemy.actor.util.CausalityInterfaceForComposites._computeOutputPortDepth(CausalityInterfaceForComposites.java:765)
	at ptolemy.actor.util.CausalityInterfaceForComposites._computeInputDepth(CausalityInterfaceForComposites.java:696)
	at ptolemy.actor.util.CausalityInterfaceForComposites._computeActorDepth(CausalityInterfaceForComposites.java:532)
	at ptolemy.actor.util.CausalityInterfaceForComposites.checkForCycles(CausalityInterfaceForComposites.java:96)
	at ptolemy.domains.de.kernel.DEDirector.preinitialize(DEDirector.java:1338)
	at ptolemy.actor.CompositeActor.preinitialize(CompositeActor.java:1828)
	at ptolemy.actor.Manager.preinitializeAndResolveTypes(Manager.java:1040)
	at ptolemy.actor.Manager.initialize(Manager.java:710)
	at ptolemy.actor.Manager.execute(Manager.java:356)
	at ptolemy.actor.Manager.run(Manager.java:1263)
	at ptolemy.actor.Manager$PtolemyRunThread.run(Manager.java:1915)
java.lang.RuntimeException: Execution failed
	at ptolemy.moml.MoMLSimpleApplication$UnloadThread.run(MoMLSimpleApplication.java:402)
Caused by: ptolemy.kernel.util.IllegalActionException: Found a zero delay loop containing .dependencyLoop.original
  in .dependencyLoop and .dependencyLoop.original
	at ptolemy.actor.util.CausalityInterfaceForComposites._computeOutputPortDepth(CausalityInterfaceForComposites.java:759)
	at ptolemy.actor.util.CausalityInterfaceForComposites._computeInputDepth(CausalityInterfaceForComposites.java:696)
	at ptolemy.actor.util.CausalityInterfaceForComposites._computeOutputPortDepth(CausalityInterfaceForComposites.java:765)
	at ptolemy.actor.util.CausalityInterfaceForComposites._computeInputDepth(CausalityInterfaceForComposites.java:696)
	at ptolemy.actor.util.CausalityInterfaceForComposites._computeOutputPortDepth(CausalityInterfaceForComposites.java:765)
	at ptolemy.actor.util.CausalityInterfaceForComposites._computeInputDepth(CausalityInterfaceForComposites.java:696)
	at ptolemy.actor.util.CausalityInterfaceForComposites._computeActorDepth(CausalityInterfaceForComposites.java:532)
	at ptolemy.actor.util.CausalityInterfaceForComposites.checkForCycles(CausalityInterfaceForComposites.java:96)
	at ptolemy.domains.de.kernel.DEDirector.preinitialize(DEDirector.java:1338)
	at ptolemy.actor.CompositeActor.preinitialize(CompositeActor.java:1828)
	at ptolemy.actor.Manager.preinitializeAndResolveTypes(Manager.java:1040)
	at ptolemy.actor.Manager.initialize(Manager.java:710)
	at ptolemy.actor.Manager.execute(Manager.java:356)
	at ptolemy.actor.Manager.run(Manager.java:1263)
	at ptolemy.actor.Manager$PtolemyRunThread.run(Manager.java:1915)
java.lang.reflect.InvocationTargetException
	at sun.reflect.NativeConstructorAccessorImpl.newInstance0(Native Method)
	at sun.reflect.NativeConstructorAccessorImpl.newInstance(NativeConstructorAccessorImpl.java:62)
	at sun.reflect.DelegatingConstructorAccessorImpl.newInstance(DelegatingConstructorAccessorImpl.java:45)
	at java.lang.reflect.Constructor.newInstance(Constructor.java:423)
	at ptolemy.util.test.junit.AutoKnownFailedTests.RunModel(AutoKnownFailedTests.java:107)
	at sun.reflect.NativeMethodAccessorImpl.invoke0(Native Method)
	at sun.reflect.NativeMethodAccessorImpl.invoke(NativeMethodAccessorImpl.java:62)
	at sun.reflect.DelegatingMethodAccessorImpl.invoke(DelegatingMethodAccessorImpl.java:43)
	at java.lang.reflect.Method.invoke(Method.java:498)
	at org.junit.runners.model.FrameworkMethod$1.runReflectiveCall(FrameworkMethod.java:44)
	at org.junit.internal.runners.model.ReflectiveCallable.run(ReflectiveCallable.java:15)
	at org.junit.runners.model.FrameworkMethod.invokeExplosively(FrameworkMethod.java:41)
	at junitparams.internal.InvokeParameterisedMethod.evaluate(InvokeParameterisedMethod.java:102)
	at org.junit.internal.runners.statements.FailOnTimeout$1.run(FailOnTimeout.java:28)
Caused by: ptolemy.kernel.util.IllegalActionException: Found a zero delay loop containing .dependencyLoop.original
  in .dependencyLoop and .dependencyLoop.original
	at ptolemy.actor.util.CausalityInterfaceForComposites._computeOutputPortDepth(CausalityInterfaceForComposites.java:759)
	at ptolemy.actor.util.CausalityInterfaceForComposites._computeInputDepth(CausalityInterfaceForComposites.java:696)
	at ptolemy.actor.util.CausalityInterfaceForComposites._computeOutputPortDepth(CausalityInterfaceForComposites.java:765)
	at ptolemy.actor.util.CausalityInterfaceForComposites._computeInputDepth(CausalityInterfaceForComposites.java:696)
	at ptolemy.actor.util.CausalityInterfaceForComposites._computeOutputPortDepth(CausalityInterfaceForComposites.java:765)
	at ptolemy.actor.util.CausalityInterfaceForComposites._computeInputDepth(CausalityInterfaceForComposites.java:696)
	at ptolemy.actor.util.CausalityInterfaceForComposites._computeActorDepth(CausalityInterfaceForComposites.java:532)
	at ptolemy.actor.util.CausalityInterfaceForComposites.checkForCycles(CausalityInterfaceForComposites.java:96)
	at ptolemy.domains.de.kernel.DEDirector.preinitialize(DEDirector.java:1338)
	at ptolemy.actor.CompositeActor.preinitialize(CompositeActor.java:1828)
	at ptolemy.actor.Manager.preinitializeAndResolveTypes(Manager.java:1040)
	at ptolemy.actor.Manager.initialize(Manager.java:710)
	at ptolemy.actor.Manager.execute(Manager.java:356)
	at ptolemy.actor.Manager.run(Manager.java:1263)
	at ptolemy.actor.Manager$PtolemyRunThread.run(Manager.java:1915)
java.lang.RuntimeException: Execution failed
	at ptolemy.moml.MoMLSimpleApplication$UnloadThread.run(MoMLSimpleApplication.java:402)
Caused by: ptolemy.kernel.util.IllegalActionException: Found a zero delay loop containing .dependencyLoop2.original
  in .dependencyLoop2 and .dependencyLoop2.original
	at ptolemy.actor.util.CausalityInterfaceForComposites._computeOutputPortDepth(CausalityInterfaceForComposites.java:759)
	at ptolemy.actor.util.CausalityInterfaceForComposites._computeInputDepth(CausalityInterfaceForComposites.java:696)
	at ptolemy.actor.util.CausalityInterfaceForComposites._computeOutputPortDepth(CausalityInterfaceForComposites.java:765)
	at ptolemy.actor.util.CausalityInterfaceForComposites._computeInputDepth(CausalityInterfaceForComposites.java:696)
	at ptolemy.actor.util.CausalityInterfaceForComposites._computeOutputPortDepth(CausalityInterfaceForComposites.java:765)
	at ptolemy.actor.util.CausalityInterfaceForComposites._computeInputDepth(CausalityInterfaceForComposites.java:696)
	at ptolemy.actor.util.CausalityInterfaceForComposites._computeActorDepth(CausalityInterfaceForComposites.java:532)
	at ptolemy.actor.util.CausalityInterfaceForComposites.checkForCycles(CausalityInterfaceForComposites.java:96)
	at ptolemy.domains.de.kernel.DEDirector.preinitialize(DEDirector.java:1338)
	at ptolemy.actor.CompositeActor.preinitialize(CompositeActor.java:1828)
	at ptolemy.actor.Manager.preinitializeAndResolveTypes(Manager.java:1040)
	at ptolemy.actor.Manager.initialize(Manager.java:710)
	at ptolemy.actor.Manager.execute(Manager.java:356)
	at ptolemy.actor.Manager.run(Manager.java:1263)
	at ptolemy.actor.Manager$PtolemyRunThread.run(Manager.java:1915)
java.lang.reflect.InvocationTargetException
	at sun.reflect.NativeConstructorAccessorImpl.newInstance0(Native Method)
	at sun.reflect.NativeConstructorAccessorImpl.newInstance(NativeConstructorAccessorImpl.java:62)
	at sun.reflect.DelegatingConstructorAccessorImpl.newInstance(DelegatingConstructorAccessorImpl.java:45)
	at java.lang.reflect.Constructor.newInstance(Constructor.java:423)
	at ptolemy.util.test.junit.AutoKnownFailedTests.RunModel(AutoKnownFailedTests.java:107)
	at sun.reflect.NativeMethodAccessorImpl.invoke0(Native Method)
	at sun.reflect.NativeMethodAccessorImpl.invoke(NativeMethodAccessorImpl.java:62)
	at sun.reflect.DelegatingMethodAccessorImpl.invoke(DelegatingMethodAccessorImpl.java:43)
	at java.lang.reflect.Method.invoke(Method.java:498)
	at org.junit.runners.model.FrameworkMethod$1.runReflectiveCall(FrameworkMethod.java:44)
	at org.junit.internal.runners.model.ReflectiveCallable.run(ReflectiveCallable.java:15)
	at org.junit.runners.model.FrameworkMethod.invokeExplosively(FrameworkMethod.java:41)
	at junitparams.internal.InvokeParameterisedMethod.evaluate(InvokeParameterisedMethod.java:102)
	at org.junit.internal.runners.statements.FailOnTimeout$1.run(FailOnTimeout.java:28)
Caused by: ptolemy.kernel.util.IllegalActionException: Found a zero delay loop containing .dependencyLoop2.original
  in .dependencyLoop2 and .dependencyLoop2.original
	at ptolemy.actor.util.CausalityInterfaceForComposites._computeOutputPortDepth(CausalityInterfaceForComposites.java:759)
	at ptolemy.actor.util.CausalityInterfaceForComposites._computeInputDepth(CausalityInterfaceForComposites.java:696)
	at ptolemy.actor.util.CausalityInterfaceForComposites._computeOutputPortDepth(CausalityInterfaceForComposites.java:765)
	at ptolemy.actor.util.CausalityInterfaceForComposites._computeInputDepth(CausalityInterfaceForComposites.java:696)
	at ptolemy.actor.util.CausalityInterfaceForComposites._computeOutputPortDepth(CausalityInterfaceForComposites.java:765)
	at ptolemy.actor.util.CausalityInterfaceForComposites._computeInputDepth(CausalityInterfaceForComposites.java:696)
	at ptolemy.actor.util.CausalityInterfaceForComposites._computeActorDepth(CausalityInterfaceForComposites.java:532)
	at ptolemy.actor.util.CausalityInterfaceForComposites.checkForCycles(CausalityInterfaceForComposites.java:96)
	at ptolemy.domains.de.kernel.DEDirector.preinitialize(DEDirector.java:1338)
	at ptolemy.actor.CompositeActor.preinitialize(CompositeActor.java:1828)
	at ptolemy.actor.Manager.preinitializeAndResolveTypes(Manager.java:1040)
	at ptolemy.actor.Manager.initialize(Manager.java:710)
	at ptolemy.actor.Manager.execute(Manager.java:356)
	at ptolemy.actor.Manager.run(Manager.java:1263)
	at ptolemy.actor.Manager$PtolemyRunThread.run(Manager.java:1915)
]]></system-err>
</testsuite>
