<?xml version="1.0" encoding="UTF-8" ?>
<testsuite errors="0" failures="0" hostname="travis-job-7fa56a63-44f1-4f8d-bc83-9d0247ba3508" name="ptolemy.domains.de.test.junit.JUnitTclTest" skipped="0" tests="101" time="133.137" timestamp="2019-07-13T01:53:05">
  <properties>
[...]
</properties>
  <testcase classname="ptolemy.util.test.junit.TclTests" name="[0] /home/travis/build/icyphy/ptII/ptolemy/domains/de/test/DependencyLoop.tcl (RunTclFile)" time="1.087" />
  <testcase classname="ptolemy.util.test.junit.TclTests" name="[1] /home/travis/build/icyphy/ptII/ptolemy/domains/de/test/RunDETestsAsQSS.tcl (RunTclFile)" time="90.715" />
  <testcase classname="ptolemy.util.test.junit.AutoKnownFailedTests" name="[0] /home/travis/build/icyphy/ptII/ptolemy/domains/de/test/auto/knownFailedTests/DESDFClockTest.xml (RunModel)" time="2.031" />
  <testcase classname="ptolemy.util.test.junit.AutoKnownFailedTests" name="[1] /home/travis/build/icyphy/ptII/ptolemy/domains/de/test/auto/knownFailedTests/DirectFeedback.xml (RunModel)" time="0.022" />
  <testcase classname="ptolemy.util.test.junit.AutoKnownFailedTests" name="[2] /home/travis/build/icyphy/ptII/ptolemy/domains/de/test/auto/knownFailedTests/FSMSource.xml (RunModel)" time="0.022" />
  <testcase classname="ptolemy.util.test.junit.AutoKnownFailedTests" name="[3] /home/travis/build/icyphy/ptII/ptolemy/domains/de/test/auto/knownFailedTests/HierarchicalModel.xml (RunModel)" time="0.036" />
  <testcase classname="ptolemy.util.test.junit.AutoKnownFailedTests" name="[4] /home/travis/build/icyphy/ptII/ptolemy/domains/de/test/auto/knownFailedTests/dependencyLoop.xml (RunModel)" time="0.045" />
  <testcase classname="ptolemy.util.test.junit.AutoKnownFailedTests" name="[5] /home/travis/build/icyphy/ptII/ptolemy/domains/de/test/auto/knownFailedTests/dependencyLoop2.xml (RunModel)" time="0.029" />
  <testcase classname="ptolemy.util.test.junit.AutoNameArchTests" name="[0] ThereAreNoAutoArchTests (RunModel)" time="0.004" />
  <testcase classname="ptolemy.util.test.junit.AutoTests" name="[0] /home/travis/build/icyphy/ptII/ptolemy/domains/de/test/auto/ActorDepthCalculation_actorWithoutPorts.xml (RunModel)" time="0.02" />
  <testcase classname="ptolemy.util.test.junit.AutoTests" name="[1] /home/travis/build/icyphy/ptII/ptolemy/domains/de/test/auto/AssemblyLine.xml (RunModel)" time="0.029" />
  <testcase classname="ptolemy.util.test.junit.AutoTests" name="[2] /home/travis/build/icyphy/ptII/ptolemy/domains/de/test/auto/CQBug1.xml (RunModel)" time="0.007" />
  <testcase classname="ptolemy.util.test.junit.AutoTests" name="[3] /home/travis/build/icyphy/ptII/ptolemy/domains/de/test/auto/CancelFireAt.xml (RunModel)" time="0.009" />
  <testcase classname="ptolemy.util.test.junit.AutoTests" name="[4] /home/travis/build/icyphy/ptII/ptolemy/domains/de/test/auto/CausalityAndComposabilityAnalysis.xml (RunModel)" time="0.01" />
  <testcase classname="ptolemy.util.test.junit.AutoTests" name="[5] /home/travis/build/icyphy/ptII/ptolemy/domains/de/test/auto/CausalityInterface1.xml (RunModel)" time="0.018" />
  <testcase classname="ptolemy.util.test.junit.AutoTests" name="[6] /home/travis/build/icyphy/ptII/ptolemy/domains/de/test/auto/CausalityInterface15.xml (RunModel)" time="0.016" />
  <testcase classname="ptolemy.util.test.junit.AutoTests" name="[7] /home/travis/build/icyphy/ptII/ptolemy/domains/de/test/auto/CausalityInterface2.xml (RunModel)" time="0.031" />
  <testcase classname="ptolemy.util.test.junit.AutoTests" name="[8] /home/travis/build/icyphy/ptII/ptolemy/domains/de/test/auto/CausalityInterface3.xml (RunModel)" time="0.013" />
  <testcase classname="ptolemy.util.test.junit.AutoTests" name="[9] /home/travis/build/icyphy/ptII/ptolemy/domains/de/test/auto/ClockDrift.xml (RunModel)" time="0.029" />
  <testcase classname="ptolemy.util.test.junit.AutoTests" name="[10] /home/travis/build/icyphy/ptII/ptolemy/domains/de/test/auto/ClockDriftAndValueChange.xml (RunModel)" time="0.03" />
  <testcase classname="ptolemy.util.test.junit.AutoTests" name="[11] /home/travis/build/icyphy/ptII/ptolemy/domains/de/test/auto/ClockDriftChange.xml (RunModel)" time="0.026" />
  <testcase classname="ptolemy.util.test.junit.AutoTests" name="[12] /home/travis/build/icyphy/ptII/ptolemy/domains/de/test/auto/ComposableCausalityAnalysis.xml (RunModel)" time="0.014" />
  <testcase classname="ptolemy.util.test.junit.AutoTests" name="[13] /home/travis/build/icyphy/ptII/ptolemy/domains/de/test/auto/DEFixedPointLimitation.xml (RunModel)" time="0.01" />
  <testcase classname="ptolemy.util.test.junit.AutoTests" name="[14] /home/travis/build/icyphy/ptII/ptolemy/domains/de/test/auto/DEScheduleTest.xml (RunModel)" time="0.012" />
  <testcase classname="ptolemy.util.test.junit.AutoTests" name="[15] /home/travis/build/icyphy/ptII/ptolemy/domains/de/test/auto/DEinDEwithStartTimes.xml (RunModel)" time="0.012" />
  <testcase classname="ptolemy.util.test.junit.AutoTests" name="[16] /home/travis/build/icyphy/ptII/ptolemy/domains/de/test/auto/DEinDEwithStartTimes2.xml (RunModel)" time="0.014" />
  <testcase classname="ptolemy.util.test.junit.AutoTests" name="[17] /home/travis/build/icyphy/ptII/ptolemy/domains/de/test/auto/DateDemo.xml (RunModel)" time="0.032" />
  <testcase classname="ptolemy.util.test.junit.AutoTests" name="[18] /home/travis/build/icyphy/ptII/ptolemy/domains/de/test/auto/DateToEvent.xml (RunModel)" time="2.033" />
  <testcase classname="ptolemy.util.test.junit.AutoTests" name="[19] /home/travis/build/icyphy/ptII/ptolemy/domains/de/test/auto/DepthTest1.xml (RunModel)" time="0.009" />
  <testcase classname="ptolemy.util.test.junit.AutoTests" name="[20] /home/travis/build/icyphy/ptII/ptolemy/domains/de/test/auto/DepthTest2.xml (RunModel)" time="0.023" />
  <testcase classname="ptolemy.util.test.junit.AutoTests" name="[21] /home/travis/build/icyphy/ptII/ptolemy/domains/de/test/auto/DepthTest3.xml (RunModel)" time="0.008" />
  <testcase classname="ptolemy.util.test.junit.AutoTests" name="[22] /home/travis/build/icyphy/ptII/ptolemy/domains/de/test/auto/DepthTest4.xml (RunModel)" time="0.029" />
  <testcase classname="ptolemy.util.test.junit.AutoTests" name="[23] /home/travis/build/icyphy/ptII/ptolemy/domains/de/test/auto/DepthTest5.xml (RunModel)" time="0.018" />
  <testcase classname="ptolemy.util.test.junit.AutoTests" name="[24] /home/travis/build/icyphy/ptII/ptolemy/domains/de/test/auto/DepthTest6.xml (RunModel)" time="0.013" />
  <testcase classname="ptolemy.util.test.junit.AutoTests" name="[25] /home/travis/build/icyphy/ptII/ptolemy/domains/de/test/auto/DepthTest7.xml (RunModel)" time="0.016" />
  <testcase classname="ptolemy.util.test.junit.AutoTests" name="[26] /home/travis/build/icyphy/ptII/ptolemy/domains/de/test/auto/EventToDate.xml (RunModel)" time="3.043" />
  <testcase classname="ptolemy.util.test.junit.AutoTests" name="[27] /home/travis/build/icyphy/ptII/ptolemy/domains/de/test/auto/FSM1.xml (RunModel)" time="0.043" />
  <testcase classname="ptolemy.util.test.junit.AutoTests" name="[28] /home/travis/build/icyphy/ptII/ptolemy/domains/de/test/auto/FSM7.xml (RunModel)" time="0.045" />
  <testcase classname="ptolemy.util.test.junit.AutoTests" name="[29] /home/travis/build/icyphy/ptII/ptolemy/domains/de/test/auto/Inspection.xml (RunModel)" time="0.047" />
  <testcase classname="ptolemy.util.test.junit.AutoTests" name="[30] /home/travis/build/icyphy/ptII/ptolemy/domains/de/test/auto/Iteration.xml (RunModel)" time="0.024" />
  <testcase classname="ptolemy.util.test.junit.AutoTests" name="[31] /home/travis/build/icyphy/ptII/ptolemy/domains/de/test/auto/LineFault.xml (RunModel)" time="0.643" />
  <testcase classname="ptolemy.util.test.junit.AutoTests" name="[32] /home/travis/build/icyphy/ptII/ptolemy/domains/de/test/auto/MergeModel1Add.xml (RunModel)" time="0.058" />
  <testcase classname="ptolemy.util.test.junit.AutoTests" name="[33] /home/travis/build/icyphy/ptII/ptolemy/domains/de/test/auto/MergeModel2Add.xml (RunModel)" time="0.045" />
  <testcase classname="ptolemy.util.test.junit.AutoTests" name="[34] /home/travis/build/icyphy/ptII/ptolemy/domains/de/test/auto/MergeModel3Add.xml (RunModel)" time="0.045" />
  <testcase classname="ptolemy.util.test.junit.AutoTests" name="[35] /home/travis/build/icyphy/ptII/ptolemy/domains/de/test/auto/MergeWithoutDiscard.xml (RunModel)" time="0.016" />
  <testcase classname="ptolemy.util.test.junit.AutoTests" name="[36] /home/travis/build/icyphy/ptII/ptolemy/domains/de/test/auto/Modal1.xml (RunModel)" time="0.033" />
  <testcase classname="ptolemy.util.test.junit.AutoTests" name="[37] /home/travis/build/icyphy/ptII/ptolemy/domains/de/test/auto/Modal2.xml (RunModel)" time="0.027" />
  <testcase classname="ptolemy.util.test.junit.AutoTests" name="[38] /home/travis/build/icyphy/ptII/ptolemy/domains/de/test/auto/Modal3.xml (RunModel)" time="0.04" />
  <testcase classname="ptolemy.util.test.junit.AutoTests" name="[39] /home/travis/build/icyphy/ptII/ptolemy/domains/de/test/auto/Modal4.xml (RunModel)" time="0.032" />
  <testcase classname="ptolemy.util.test.junit.AutoTests" name="[40] /home/travis/build/icyphy/ptII/ptolemy/domains/de/test/auto/Modal5.xml (RunModel)" time="0.036" />
  <testcase classname="ptolemy.util.test.junit.AutoTests" name="[41] /home/travis/build/icyphy/ptII/ptolemy/domains/de/test/auto/Modal6.xml (RunModel)" time="0.026" />
  <testcase classname="ptolemy.util.test.junit.AutoTests" name="[42] /home/travis/build/icyphy/ptII/ptolemy/domains/de/test/auto/Modal7.xml (RunModel)" time="0.041" />
  <testcase classname="ptolemy.util.test.junit.AutoTests" name="[43] /home/travis/build/icyphy/ptII/ptolemy/domains/de/test/auto/ModalModel.xml (RunModel)" time="0.192" />
  <testcase classname="ptolemy.util.test.junit.AutoTests" name="[44] /home/travis/build/icyphy/ptII/ptolemy/domains/de/test/auto/ModalSource.xml (RunModel)" time="0.02" />
  <testcase classname="ptolemy.util.test.junit.AutoTests" name="[45] /home/travis/build/icyphy/ptII/ptolemy/domains/de/test/auto/NonInterruptibleTimerZeroDelay.xml (RunModel)" time="0.009" />
  <testcase classname="ptolemy.util.test.junit.AutoTests" name="[46] /home/travis/build/icyphy/ptII/ptolemy/domains/de/test/auto/OpenQueueingNetwork.xml (RunModel)" time="2.49" />
  <testcase classname="ptolemy.util.test.junit.AutoTests" name="[47] /home/travis/build/icyphy/ptII/ptolemy/domains/de/test/auto/OpenQueuingNetwork.xml (RunModel)" time="0.302" />
  <testcase classname="ptolemy.util.test.junit.AutoTests" name="[48] /home/travis/build/icyphy/ptII/ptolemy/domains/de/test/auto/PeriodicSampler.xml (RunModel)" time="0.014" />
  <testcase classname="ptolemy.util.test.junit.AutoTests" name="[49] /home/travis/build/icyphy/ptII/ptolemy/domains/de/test/auto/PersistentIO.xml (RunModel)" time="0.027" />
  <testcase classname="ptolemy.util.test.junit.AutoTests" name="[50] /home/travis/build/icyphy/ptII/ptolemy/domains/de/test/auto/PortParameterResetOnInitialize.xml (RunModel)" time="0.01" />
  <testcase classname="ptolemy.util.test.junit.AutoTests" name="[51] /home/travis/build/icyphy/ptII/ptolemy/domains/de/test/auto/PortParameterUpdates.xml (RunModel)" time="0.015" />
  <testcase classname="ptolemy.util.test.junit.AutoTests" name="[52] /home/travis/build/icyphy/ptII/ptolemy/domains/de/test/auto/QueueAndServer.xml (RunModel)" time="0.019" />
  <testcase classname="ptolemy.util.test.junit.AutoTests" name="[53] /home/travis/build/icyphy/ptII/ptolemy/domains/de/test/auto/Records.xml (RunModel)" time="0.014" />
  <testcase classname="ptolemy.util.test.junit.AutoTests" name="[54] /home/travis/build/icyphy/ptII/ptolemy/domains/de/test/auto/ResetTransitionWithStartTime1.xml (RunModel)" time="0.018" />
  <testcase classname="ptolemy.util.test.junit.AutoTests" name="[55] /home/travis/build/icyphy/ptII/ptolemy/domains/de/test/auto/ResetTransitionWithStartTime2.xml (RunModel)" time="0.022" />
  <testcase classname="ptolemy.util.test.junit.AutoTests" name="[56] /home/travis/build/icyphy/ptII/ptolemy/domains/de/test/auto/ResetTransitionWithStartTime3.xml (RunModel)" time="0.017" />
  <testcase classname="ptolemy.util.test.junit.AutoTests" name="[57] /home/travis/build/icyphy/ptII/ptolemy/domains/de/test/auto/ResetTransitionWithStartTime4.xml (RunModel)" time="0.017" />
  <testcase classname="ptolemy.util.test.junit.AutoTests" name="[58] /home/travis/build/icyphy/ptII/ptolemy/domains/de/test/auto/ResettableTimer1.xml (RunModel)" time="0.01" />
  <testcase classname="ptolemy.util.test.junit.AutoTests" name="[59] /home/travis/build/icyphy/ptII/ptolemy/domains/de/test/auto/ResettableTimer2.xml (RunModel)" time="0.008" />
  <testcase classname="ptolemy.util.test.junit.AutoTests" name="[60] /home/travis/build/icyphy/ptII/ptolemy/domains/de/test/auto/ResettableTimer3.xml (RunModel)" time="0.009" />
  <testcase classname="ptolemy.util.test.junit.AutoTests" name="[61] /home/travis/build/icyphy/ptII/ptolemy/domains/de/test/auto/ResettableTimer4.xml (RunModel)" time="0.011" />
  <testcase classname="ptolemy.util.test.junit.AutoTests" name="[62] /home/travis/build/icyphy/ptII/ptolemy/domains/de/test/auto/ResettableTimer5.xml (RunModel)" time="0.01" />
  <testcase classname="ptolemy.util.test.junit.AutoTests" name="[63] /home/travis/build/icyphy/ptII/ptolemy/domains/de/test/auto/ResettableTimer6.xml (RunModel)" time="0.016" />
  <testcase classname="ptolemy.util.test.junit.AutoTests" name="[64] /home/travis/build/icyphy/ptII/ptolemy/domains/de/test/auto/ServerZeroDelay.xml (RunModel)" time="0.014" />
  <testcase classname="ptolemy.util.test.junit.AutoTests" name="[65] /home/travis/build/icyphy/ptII/ptolemy/domains/de/test/auto/SmartSender.xml (RunModel)" time="3.009" />
  <testcase classname="ptolemy.util.test.junit.AutoTests" name="[66] /home/travis/build/icyphy/ptII/ptolemy/domains/de/test/auto/ThreadedComposite.xml (RunModel)" time="0.158" />
  <testcase classname="ptolemy.util.test.junit.AutoTests" name="[67] /home/travis/build/icyphy/ptII/ptolemy/domains/de/test/auto/Time.xml (RunModel)" time="0.462" />
  <testcase classname="ptolemy.util.test.junit.AutoTests" name="[68] /home/travis/build/icyphy/ptII/ptolemy/domains/de/test/auto/TimeDelayZeroDelay.xml (RunModel)" time="0.013" />
  <testcase classname="ptolemy.util.test.junit.AutoTests" name="[69] /home/travis/build/icyphy/ptII/ptolemy/domains/de/test/auto/TimerZeroDelay.xml (RunModel)" time="0.012" />
  <testcase classname="ptolemy.util.test.junit.AutoTests" name="[70] /home/travis/build/icyphy/ptII/ptolemy/domains/de/test/auto/TimingParadox.xml (RunModel)" time="0.376" />
  <testcase classname="ptolemy.util.test.junit.AutoTests" name="[71] /home/travis/build/icyphy/ptII/ptolemy/domains/de/test/auto/TransferInputs.xml (RunModel)" time="0.011" />
  <testcase classname="ptolemy.util.test.junit.AutoTests" name="[72] /home/travis/build/icyphy/ptII/ptolemy/domains/de/test/auto/TransferOutputs2.xml (RunModel)" time="0.016" />
  <testcase classname="ptolemy.util.test.junit.AutoTests" name="[73] /home/travis/build/icyphy/ptII/ptolemy/domains/de/test/auto/Trilateration.xml (RunModel)" time="12.271" />
  <testcase classname="ptolemy.util.test.junit.AutoTests" name="[74] /home/travis/build/icyphy/ptII/ptolemy/domains/de/test/auto/TwoSigmaDelta.xml (RunModel)" time="2.169" />
  <testcase classname="ptolemy.util.test.junit.AutoTests" name="[75] /home/travis/build/icyphy/ptII/ptolemy/domains/de/test/auto/VariableDelay.xml (RunModel)" time="0.011" />
  <testcase classname="ptolemy.util.test.junit.AutoTests" name="[76] /home/travis/build/icyphy/ptII/ptolemy/domains/de/test/auto/VariableDelay2.xml (RunModel)" time="0.009" />
  <testcase classname="ptolemy.util.test.junit.AutoTests" name="[77] /home/travis/build/icyphy/ptII/ptolemy/domains/de/test/auto/VariableDelayZeroDelay.xml (RunModel)" time="0.012" />
  <testcase classname="ptolemy.util.test.junit.AutoTests" name="[78] /home/travis/build/icyphy/ptII/ptolemy/domains/de/test/auto/VariableDelayZeroDelay2.xml (RunModel)" time="0.01" />
  <testcase classname="ptolemy.util.test.junit.AutoTests" name="[79] /home/travis/build/icyphy/ptII/ptolemy/domains/de/test/auto/deInCt.xml (RunModel)" time="0.016" />
  <testcase classname="ptolemy.util.test.junit.AutoTests" name="[80] /home/travis/build/icyphy/ptII/ptolemy/domains/de/test/auto/deInCt2.xml (RunModel)" time="0.015" />
  <testcase classname="ptolemy.util.test.junit.AutoTests" name="[81] /home/travis/build/icyphy/ptII/ptolemy/domains/de/test/auto/dynamicCausalityInterface1.xml (RunModel)" time="0.017" />
  <testcase classname="ptolemy.util.test.junit.AutoTests" name="[82] /home/travis/build/icyphy/ptII/ptolemy/domains/de/test/auto/fsm_de_test.xml (RunModel)" time="0.023" />
  <testcase classname="ptolemy.util.test.junit.AutoTests" name="[83] /home/travis/build/icyphy/ptII/ptolemy/domains/de/test/auto/functionDependencyReconstruction.xml (RunModel)" time="0.028" />
  <testcase classname="ptolemy.util.test.junit.AutoTests" name="[84] /home/travis/build/icyphy/ptII/ptolemy/domains/de/test/auto/multirate.xml (RunModel)" time="0.038" />
  <testcase classname="ptolemy.util.test.junit.AutoTests" name="[85] /home/travis/build/icyphy/ptII/ptolemy/domains/de/test/auto/multirate2.xml (RunModel)" time="0.014" />
  <testcase classname="ptolemy.util.test.junit.AutoTests" name="[86] /home/travis/build/icyphy/ptII/ptolemy/domains/de/test/auto/realtime.xml (RunModel)" time="10.01" />
  <testcase classname="ptolemy.util.test.junit.AutoTests" name="[87] /home/travis/build/icyphy/ptII/ptolemy/domains/de/test/auto/relationGroup.xml (RunModel)" time="0.009" />
  <testcase classname="ptolemy.util.test.junit.AutoTests" name="[88] /home/travis/build/icyphy/ptII/ptolemy/domains/de/test/auto/relationGroup2.xml (RunModel)" time="0.006" />
  <testcase classname="ptolemy.util.test.junit.AutoTests" name="[89] /home/travis/build/icyphy/ptII/ptolemy/domains/de/test/auto/sortWithOpaquePorts.xml (RunModel)" time="0.01" />
  <testcase classname="ptolemy.util.test.junit.AutoTests" name="[90] /home/travis/build/icyphy/ptII/ptolemy/domains/de/test/auto/transferInputsandOutputs.xml (RunModel)" time="0.02" />
  <testcase classname="ptolemy.util.test.junit.AutoTests" name="[91] /home/travis/build/icyphy/ptII/ptolemy/domains/de/test/auto/triggerType.xml (RunModel)" time="0.014" />
  <system-out><![CDATA[/home/travis/build/icyphy/ptII/ptolemy/domains/de/test/DependencyLoop.tcl
testDefs.tcl: setting time out to 9000 seconds at Sat Jul 13 01:53:05 UTC 2019
71 ms. Memory: 120832K Free: 71110K (59%)
30 ms. Memory: 120832K Free: 53702K (44%)
/home/travis/build/icyphy/ptII/ptolemy/domains/de/test/RunDETestsAsQSS.tcl
Run the DE tests using ptolemy.domains.qss.test.QSSDirectorTest, which extends QSSDirector and prints a message in the constructors.
------------------ testing $PTII/ptolemy/domains/de/test/auto/knownFailedTests/DirectFeedback.xml (Known Failure) 
45 ms. Memory: 120832K Free: 48072K (40%)


==== $PTIIhome/travis/build/icyphy/ptII/ptolemy/domains/de/test/../../../../: Auto Automatic test in file $PTII/ptolemy/domains/de/test/auto/knownFailedTests/DirectFeedback.xml
==== Contents of test case:

	    # FIXME: we should use $relativeFilename here, but it
	    # might have backslashes under Windows, which causes no end
	    # of trouble.
	    createAndExecute $file
	    list {}
	
.... Test generated KNOWN error:
    while executing
ptolemy.kernel.util.IllegalActionException: Test fails in iteration 1.
Value was: 1.0. Should have been: 2.0
  in .DirectFeedback.Test
	at ptolemy.actor.lib.Test.fire(Test.java:268)
	at ptolemy.domains.de.kernel.DEDirector._fire(DEDirector.java:1949)
	at ptolemy.domains.de.kernel.DEDirector.fire(DEDirector.java:502)
	at ptolemy.actor.CompositeActor.fire(CompositeActor.java:455)
	at ptolemy.actor.Manager.iterate(Manager.java:851)
	at ptolemy.actor.Manager.execute(Manager.java:369)
	at ptolemy.actor.Manager.run(Manager.java:1263)
	at ptolemy.actor.Manager$PtolemyRunThread.run(Manager.java:1915)

    while executing
ptolemy.kernel.util.IllegalActionException: Test fails in iteration 1.
Value was: 1.0. Should have been: 2.0
  in .DirectFeedback.Test
    while executing
"java::new ptolemy.moml.MoMLSimpleApplication $file
"
    (procedure "createAndExecute" line 2)
    invoked from within
"createAndExecute $file"
    ("uplevel" body line 5)
    invoked from within
"uplevel $contents_of_test"
------------------ testing $PTII/ptolemy/domains/de/test/auto/knownFailedTests/dependencyLoop.xml (Known Failure) 
35 ms. Memory: 120832K Free: 107264K (89%)


==== $PTIIhome/travis/build/icyphy/ptII/ptolemy/domains/de/test/../../../../: Auto Automatic test in file $PTII/ptolemy/domains/de/test/auto/knownFailedTests/dependencyLoop.xml
==== Contents of test case:

	    # FIXME: we should use $relativeFilename here, but it
	    # might have backslashes under Windows, which causes no end
	    # of trouble.
	    createAndExecute $file
	    list {}
	
.... Test generated KNOWN error:
    while executing
ptolemy.kernel.util.IllegalActionException: Found a zero delay loop containing .dependencyLoop.original
  in .dependencyLoop and .dependencyLoop.original
	at ptolemy.actor.util.CausalityInterfaceForComposites._computeOutputPortDepth(CausalityInterfaceForComposites.java:759)
	at ptolemy.actor.util.CausalityInterfaceForComposites._computeInputDepth(CausalityInterfaceForComposites.java:696)
	at ptolemy.actor.util.CausalityInterfaceForComposites._computeOutputPortDepth(CausalityInterfaceForComposites.java:765)
	at ptolemy.actor.util.CausalityInterfaceForComposites._computeInputDepth(CausalityInterfaceForComposites.java:696)
	at ptolemy.actor.util.CausalityInterfaceForComposites._computeOutputPortDepth(CausalityInterfaceForComposites.java:765)
	at ptolemy.actor.util.CausalityInterfaceForComposites._computeInputDepth(CausalityInterfaceForComposites.java:696)
	at ptolemy.actor.util.CausalityInterfaceForComposites._computeActorDepth(CausalityInterfaceForComposites.java:532)
	at ptolemy.actor.util.CausalityInterfaceForComposites.checkForCycles(CausalityInterfaceForComposites.java:96)
	at ptolemy.domains.de.kernel.DEDirector.preinitialize(DEDirector.java:1338)
	at ptolemy.actor.CompositeActor.preinitialize(CompositeActor.java:1828)
	at ptolemy.actor.Manager.preinitializeAndResolveTypes(Manager.java:1040)
	at ptolemy.actor.Manager.initialize(Manager.java:710)
	at ptolemy.actor.Manager.execute(Manager.java:356)
	at ptolemy.actor.Manager.run(Manager.java:1263)
	at ptolemy.actor.Manager$PtolemyRunThread.run(Manager.java:1915)

    while executing
ptolemy.kernel.util.IllegalActionException: Found a zero delay loop containing .dependencyLoop.original
  in .dependencyLoop and .dependencyLoop.original
    while executing
"java::new ptolemy.moml.MoMLSimpleApplication $file
"
    (procedure "createAndExecute" line 2)
    invoked from within
"createAndExecute $file"
    ("uplevel" body line 5)
    invoked from within
"uplevel $contents_of_test"
------------------ testing $PTII/ptolemy/domains/de/test/auto/knownFailedTests/FSMSource.xml (Known Failure) 
81 ms. Memory: 120832K Free: 98334K (81%)
!!!! Auto was marked as failing, but now passes
------------------ testing $PTII/ptolemy/domains/de/test/auto/knownFailedTests/HierarchicalModel.xml (Known Failure) 
13 ms. Memory: 120832K Free: 80971K (67%)


==== $PTIIhome/travis/build/icyphy/ptII/ptolemy/domains/de/test/../../../../: Auto Automatic test in file $PTII/ptolemy/domains/de/test/auto/knownFailedTests/HierarchicalModel.xml
==== Contents of test case:

	    # FIXME: we should use $relativeFilename here, but it
	    # might have backslashes under Windows, which causes no end
	    # of trouble.
	    createAndExecute $file
	    list {}
	
.... Test generated KNOWN error:
    while executing
ptolemy.kernel.util.IllegalActionException: Found a zero delay loop containing .HierarchicalModel.A
  in .HierarchicalModel and .HierarchicalModel.A
	at ptolemy.actor.util.CausalityInterfaceForComposites._computeOutputPortDepth(CausalityInterfaceForComposites.java:759)
	at ptolemy.actor.util.CausalityInterfaceForComposites._computeInputDepth(CausalityInterfaceForComposites.java:696)
	at ptolemy.actor.util.CausalityInterfaceForComposites._computeOutputPortDepth(CausalityInterfaceForComposites.java:765)
	at ptolemy.actor.util.CausalityInterfaceForComposites._computeInputDepth(CausalityInterfaceForComposites.java:696)
	at ptolemy.actor.util.CausalityInterfaceForComposites._computeOutputPortDepth(CausalityInterfaceForComposites.java:765)
	at ptolemy.actor.util.CausalityInterfaceForComposites._computeInputDepth(CausalityInterfaceForComposites.java:696)
	at ptolemy.actor.util.CausalityInterfaceForComposites._computeActorDepth(CausalityInterfaceForComposites.java:532)
	at ptolemy.actor.util.CausalityInterfaceForComposites.checkForCycles(CausalityInterfaceForComposites.java:96)
	at ptolemy.domains.de.kernel.DEDirector.preinitialize(DEDirector.java:1338)
	at ptolemy.actor.CompositeActor.preinitialize(CompositeActor.java:1828)
	at ptolemy.actor.Manager.preinitializeAndResolveTypes(Manager.java:1040)
	at ptolemy.actor.Manager.initialize(Manager.java:710)
	at ptolemy.actor.Manager.execute(Manager.java:356)
	at ptolemy.actor.Manager.run(Manager.java:1263)
	at ptolemy.actor.Manager$PtolemyRunThread.run(Manager.java:1915)

    while executing
ptolemy.kernel.util.IllegalActionException: Found a zero delay loop containing .HierarchicalModel.A
  in .HierarchicalModel and .HierarchicalModel.A
    while executing
"java::new ptolemy.moml.MoMLSimpleApplication $file
"
    (procedure "createAndExecute" line 2)
    invoked from within
"createAndExecute $file"
    ("uplevel" body line 5)
    invoked from within
"uplevel $contents_of_test"
------------------ testing $PTII/ptolemy/domains/de/test/auto/knownFailedTests/dependencyLoop2.xml (Known Failure) 
4 ms. Memory: 120832K Free: 105006K (87%)


==== $PTIIhome/travis/build/icyphy/ptII/ptolemy/domains/de/test/../../../../: Auto Automatic test in file $PTII/ptolemy/domains/de/test/auto/knownFailedTests/dependencyLoop2.xml
==== Contents of test case:

	    # FIXME: we should use $relativeFilename here, but it
	    # might have backslashes under Windows, which causes no end
	    # of trouble.
	    createAndExecute $file
	    list {}
	
.... Test generated KNOWN error:
    while executing
ptolemy.kernel.util.IllegalActionException: Found a zero delay loop containing .dependencyLoop2.original
  in .dependencyLoop2 and .dependencyLoop2.original
	at ptolemy.actor.util.CausalityInterfaceForComposites._computeOutputPortDepth(CausalityInterfaceForComposites.java:759)
	at ptolemy.actor.util.CausalityInterfaceForComposites._computeInputDepth(CausalityInterfaceForComposites.java:696)
	at ptolemy.actor.util.CausalityInterfaceForComposites._computeOutputPortDepth(CausalityInterfaceForComposites.java:765)
	at ptolemy.actor.util.CausalityInterfaceForComposites._computeInputDepth(CausalityInterfaceForComposites.java:696)
	at ptolemy.actor.util.CausalityInterfaceForComposites._computeOutputPortDepth(CausalityInterfaceForComposites.java:765)
	at ptolemy.actor.util.CausalityInterfaceForComposites._computeInputDepth(CausalityInterfaceForComposites.java:696)
	at ptolemy.actor.util.CausalityInterfaceForComposites._computeActorDepth(CausalityInterfaceForComposites.java:532)
	at ptolemy.actor.util.CausalityInterfaceForComposites.checkForCycles(CausalityInterfaceForComposites.java:96)
	at ptolemy.domains.de.kernel.DEDirector.preinitialize(DEDirector.java:1338)
	at ptolemy.actor.CompositeActor.preinitialize(CompositeActor.java:1828)
	at ptolemy.actor.Manager.preinitializeAndResolveTypes(Manager.java:1040)
	at ptolemy.actor.Manager.initialize(Manager.java:710)
	at ptolemy.actor.Manager.execute(Manager.java:356)
	at ptolemy.actor.Manager.run(Manager.java:1263)
	at ptolemy.actor.Manager$PtolemyRunThread.run(Manager.java:1915)

    while executing
ptolemy.kernel.util.IllegalActionException: Found a zero delay loop containing .dependencyLoop2.original
  in .dependencyLoop2 and .dependencyLoop2.original
    while executing
"java::new ptolemy.moml.MoMLSimpleApplication $file
"
    (procedure "createAndExecute" line 2)
    invoked from within
"createAndExecute $file"
    ("uplevel" body line 5)
    invoked from within
"uplevel $contents_of_test"
------------------ testing $PTII/ptolemy/domains/de/test/auto/knownFailedTests/DESDFClockTest.xml (Known Failure) 
2071 ms. Memory: 120832K Free: 91708K (76%)


==== $PTIIhome/travis/build/icyphy/ptII/ptolemy/domains/de/test/../../../../: Auto Automatic test in file $PTII/ptolemy/domains/de/test/auto/knownFailedTests/DESDFClockTest.xml
==== Contents of test case:

	    # FIXME: we should use $relativeFilename here, but it
	    # might have backslashes under Windows, which causes no end
	    # of trouble.
	    createAndExecute $file
	    list {}
	
.... Test generated KNOWN error:
    while executing
ptolemy.kernel.util.IllegalActionException: Actor is not ready to fire.  Perhaps UpSample.prefire() returned false? Try debugging the actor by selecting "Listen to Actor".  Also, for SDF check moml for tokenConsumptionRate on input.
  in .DESDFClockTest.Play Bell.Copy1:SDF Director and .DESDFClockTest.Play Bell.UpSample
	at ptolemy.actor.sched.StaticSchedulingDirector.fire(StaticSchedulingDirector.java:227)
	at ptolemy.domains.sdf.kernel.SDFDirector.fire(SDFDirector.java:500)
	at ptolemy.actor.CompositeActor.fire(CompositeActor.java:455)
	at ptolemy.domains.de.kernel.DEDirector._fire(DEDirector.java:1949)
	at ptolemy.domains.de.kernel.DEDirector.fire(DEDirector.java:502)
	at ptolemy.actor.CompositeActor.fire(CompositeActor.java:455)
	at ptolemy.actor.Manager.iterate(Manager.java:851)
	at ptolemy.actor.Manager.execute(Manager.java:369)
	at ptolemy.actor.Manager.run(Manager.java:1263)
	at ptolemy.actor.Manager$PtolemyRunThread.run(Manager.java:1915)

    while executing
ptolemy.kernel.util.IllegalActionException: Actor is not ready to fire.  Perhaps UpSample.prefire() returned false? Try debugging the actor by selecting "Listen to Actor".  Also, for SDF check moml for tokenConsumptionRate on input.
  in .DESDFClockTest.Play Bell.Copy1:SDF Director and .DESDFClockTest.Play Bell.UpSample
    while executing
"java::new ptolemy.moml.MoMLSimpleApplication $file
"
    (procedure "createAndExecute" line 2)
    invoked from within
"createAndExecute $file"
    ("uplevel" body line 5)
    invoked from within
"uplevel $contents_of_test"
------------------ testing $PTII/ptolemy/domains/de/test/auto/ActorDepthCalculation_actorWithoutPorts.xml
auto.tcl: Setting watchdog for 200 seconds at Sat Jul 13 01:53:09 UTC 2019
5 ms. Memory: 120832K Free: 84526K (70%)
ptolemy.util.test.WatchDog.cancel(): canceling Sat Jul 13 01:53:09 UTC 2019
auto.tcl: Setting watchdog for 200 seconds at Sat Jul 13 01:53:09 UTC 2019
5 ms. Memory: 120832K Free: 83006K (69%)
ptolemy.util.test.WatchDog.cancel(): canceling Sat Jul 13 01:53:09 UTC 2019
------------------ testing $PTII/ptolemy/domains/de/test/auto/AssemblyLine.xml
auto.tcl: Setting watchdog for 200 seconds at Sat Jul 13 01:53:10 UTC 2019
11 ms. Memory: 48128K Free: 25664K (53%)
ptolemy.util.test.WatchDog.cancel(): canceling Sat Jul 13 01:53:10 UTC 2019
auto.tcl: Setting watchdog for 200 seconds at Sat Jul 13 01:53:10 UTC 2019
7 ms. Memory: 48128K Free: 24853K (52%)
ptolemy.util.test.WatchDog.cancel(): canceling Sat Jul 13 01:53:10 UTC 2019
------------------ testing $PTII/ptolemy/domains/de/test/auto/CQBug1.xml
auto.tcl: Setting watchdog for 200 seconds at Sat Jul 13 01:53:10 UTC 2019
3 ms. Memory: 48128K Free: 31448K (65%)
ptolemy.util.test.WatchDog.cancel(): canceling Sat Jul 13 01:53:10 UTC 2019
auto.tcl: Setting watchdog for 200 seconds at Sat Jul 13 01:53:10 UTC 2019
3 ms. Memory: 48128K Free: 31051K (65%)
ptolemy.util.test.WatchDog.cancel(): canceling Sat Jul 13 01:53:10 UTC 2019
------------------ testing $PTII/ptolemy/domains/de/test/auto/CancelFireAt.xml
auto.tcl: Setting watchdog for 200 seconds at Sat Jul 13 01:53:10 UTC 2019
3 ms. Memory: 48128K Free: 32657K (68%)
ptolemy.util.test.WatchDog.cancel(): canceling Sat Jul 13 01:53:10 UTC 2019
auto.tcl: Setting watchdog for 200 seconds at Sat Jul 13 01:53:10 UTC 2019
2 ms. Memory: 48128K Free: 32252K (67%)
ptolemy.util.test.WatchDog.cancel(): canceling Sat Jul 13 01:53:10 UTC 2019
------------------ testing $PTII/ptolemy/domains/de/test/auto/CausalityAndComposabilityAnalysis.xml
auto.tcl: Setting watchdog for 200 seconds at Sat Jul 13 01:53:10 UTC 2019
10 ms. Memory: 48128K Free: 30399K (63%)
ptolemy.util.test.WatchDog.cancel(): canceling Sat Jul 13 01:53:10 UTC 2019
auto.tcl: Setting watchdog for 200 seconds at Sat Jul 13 01:53:10 UTC 2019
9 ms. Memory: 48128K Free: 30010K (62%)
ptolemy.util.test.WatchDog.cancel(): canceling Sat Jul 13 01:53:10 UTC 2019
------------------ testing $PTII/ptolemy/domains/de/test/auto/CausalityInterface1.xml
auto.tcl: Setting watchdog for 200 seconds at Sat Jul 13 01:53:10 UTC 2019
24 ms. Memory: 48128K Free: 29298K (61%)
ptolemy.util.test.WatchDog.cancel(): canceling Sat Jul 13 01:53:10 UTC 2019
auto.tcl: Setting watchdog for 200 seconds at Sat Jul 13 01:53:10 UTC 2019
4 ms. Memory: 48128K Free: 28354K (59%)
ptolemy.util.test.WatchDog.cancel(): canceling Sat Jul 13 01:53:10 UTC 2019
------------------ testing $PTII/ptolemy/domains/de/test/auto/CausalityInterface15.xml
auto.tcl: Setting watchdog for 200 seconds at Sat Jul 13 01:53:10 UTC 2019
12 ms. Memory: 48128K Free: 29506K (61%)
ptolemy.util.test.WatchDog.cancel(): canceling Sat Jul 13 01:53:10 UTC 2019
auto.tcl: Setting watchdog for 200 seconds at Sat Jul 13 01:53:10 UTC 2019
3 ms. Memory: 48128K Free: 28350K (59%)
ptolemy.util.test.WatchDog.cancel(): canceling Sat Jul 13 01:53:10 UTC 2019
------------------ testing $PTII/ptolemy/domains/de/test/auto/CausalityInterface2.xml
auto.tcl: Setting watchdog for 200 seconds at Sat Jul 13 01:53:10 UTC 2019
6 ms. Memory: 48128K Free: 30058K (62%)
ptolemy.util.test.WatchDog.cancel(): canceling Sat Jul 13 01:53:10 UTC 2019
auto.tcl: Setting watchdog for 200 seconds at Sat Jul 13 01:53:10 UTC 2019
3 ms. Memory: 48128K Free: 29346K (61%)
ptolemy.util.test.WatchDog.cancel(): canceling Sat Jul 13 01:53:10 UTC 2019
------------------ testing $PTII/ptolemy/domains/de/test/auto/CausalityInterface3.xml
auto.tcl: Setting watchdog for 200 seconds at Sat Jul 13 01:53:10 UTC 2019
3 ms. Memory: 48128K Free: 29446K (61%)
ptolemy.util.test.WatchDog.cancel(): canceling Sat Jul 13 01:53:10 UTC 2019
auto.tcl: Setting watchdog for 200 seconds at Sat Jul 13 01:53:10 UTC 2019
3 ms. Memory: 48128K Free: 28729K (60%)
ptolemy.util.test.WatchDog.cancel(): canceling Sat Jul 13 01:53:10 UTC 2019
------------------ testing $PTII/ptolemy/domains/de/test/auto/ClockDrift.xml
auto.tcl: Setting watchdog for 200 seconds at Sat Jul 13 01:53:10 UTC 2019
94 ms. Memory: 48128K Free: 22080K (46%)
ptolemy.util.test.WatchDog.cancel(): canceling Sat Jul 13 01:53:11 UTC 2019
auto.tcl: Setting watchdog for 200 seconds at Sat Jul 13 01:53:11 UTC 2019
69 ms. Memory: 48128K Free: 18705K (39%)
ptolemy.util.test.WatchDog.cancel(): canceling Sat Jul 13 01:53:11 UTC 2019
------------------ testing $PTII/ptolemy/domains/de/test/auto/ClockDriftAndValueChange.xml
auto.tcl: Setting watchdog for 200 seconds at Sat Jul 13 01:53:11 UTC 2019
45 ms. Memory: 48128K Free: 22498K (47%)
ptolemy.util.test.WatchDog.cancel(): canceling Sat Jul 13 01:53:11 UTC 2019
auto.tcl: Setting watchdog for 200 seconds at Sat Jul 13 01:53:11 UTC 2019
29 ms. Memory: 48128K Free: 19346K (40%)
ptolemy.util.test.WatchDog.cancel(): canceling Sat Jul 13 01:53:11 UTC 2019
------------------ testing $PTII/ptolemy/domains/de/test/auto/ClockDriftChange.xml
auto.tcl: Setting watchdog for 200 seconds at Sat Jul 13 01:53:11 UTC 2019
18 ms. Memory: 48128K Free: 24226K (50%)
ptolemy.util.test.WatchDog.cancel(): canceling Sat Jul 13 01:53:11 UTC 2019
auto.tcl: Setting watchdog for 200 seconds at Sat Jul 13 01:53:11 UTC 2019
21 ms. Memory: 48128K Free: 21675K (45%)
ptolemy.util.test.WatchDog.cancel(): canceling Sat Jul 13 01:53:11 UTC 2019
------------------ testing $PTII/ptolemy/domains/de/test/auto/ComposableCausalityAnalysis.xml
auto.tcl: Setting watchdog for 200 seconds at Sat Jul 13 01:53:11 UTC 2019
2 ms. Memory: 48128K Free: 28820K (60%)
ptolemy.util.test.WatchDog.cancel(): canceling Sat Jul 13 01:53:11 UTC 2019
auto.tcl: Setting watchdog for 200 seconds at Sat Jul 13 01:53:11 UTC 2019
4 ms. Memory: 48128K Free: 27794K (58%)
ptolemy.util.test.WatchDog.cancel(): canceling Sat Jul 13 01:53:11 UTC 2019
------------------ testing $PTII/ptolemy/domains/de/test/auto/DEFixedPointLimitation.xml
auto.tcl: Setting watchdog for 200 seconds at Sat Jul 13 01:53:11 UTC 2019
2 ms. Memory: 48128K Free: 30170K (63%)
ptolemy.util.test.WatchDog.cancel(): canceling Sat Jul 13 01:53:11 UTC 2019
auto.tcl: Setting watchdog for 200 seconds at Sat Jul 13 01:53:11 UTC 2019
2 ms. Memory: 48128K Free: 29300K (61%)
ptolemy.util.test.WatchDog.cancel(): canceling Sat Jul 13 01:53:11 UTC 2019
------------------ testing $PTII/ptolemy/domains/de/test/auto/DEScheduleTest.xml
auto.tcl: Setting watchdog for 200 seconds at Sat Jul 13 01:53:11 UTC 2019
4 ms. Memory: 48128K Free: 30497K (63%)
ptolemy.util.test.WatchDog.cancel(): canceling Sat Jul 13 01:53:11 UTC 2019
auto.tcl: Setting watchdog for 200 seconds at Sat Jul 13 01:53:11 UTC 2019
3 ms. Memory: 48128K Free: 29737K (62%)
ptolemy.util.test.WatchDog.cancel(): canceling Sat Jul 13 01:53:11 UTC 2019
------------------ testing $PTII/ptolemy/domains/de/test/auto/DEinDEwithStartTimes.xml
auto.tcl: Setting watchdog for 200 seconds at Sat Jul 13 01:53:11 UTC 2019
7 ms. Memory: 48128K Free: 28705K (60%)
ptolemy.util.test.WatchDog.cancel(): canceling Sat Jul 13 01:53:11 UTC 2019
auto.tcl: Setting watchdog for 200 seconds at Sat Jul 13 01:53:11 UTC 2019
4 ms. Memory: 48128K Free: 27639K (57%)
ptolemy.util.test.WatchDog.cancel(): canceling Sat Jul 13 01:53:11 UTC 2019
------------------ testing $PTII/ptolemy/domains/de/test/auto/DEinDEwithStartTimes2.xml
auto.tcl: Setting watchdog for 200 seconds at Sat Jul 13 01:53:11 UTC 2019
8 ms. Memory: 48128K Free: 27870K (58%)
ptolemy.util.test.WatchDog.cancel(): canceling Sat Jul 13 01:53:11 UTC 2019
auto.tcl: Setting watchdog for 200 seconds at Sat Jul 13 01:53:11 UTC 2019
7 ms. Memory: 48128K Free: 26593K (55%)
ptolemy.util.test.WatchDog.cancel(): canceling Sat Jul 13 01:53:11 UTC 2019
------------------ testing $PTII/ptolemy/domains/de/test/auto/DateDemo.xml
auto.tcl: Setting watchdog for 200 seconds at Sat Jul 13 01:53:11 UTC 2019
29 ms. Memory: 48128K Free: 22528K (47%)
ptolemy.util.test.WatchDog.cancel(): canceling Sat Jul 13 01:53:12 UTC 2019
auto.tcl: Setting watchdog for 200 seconds at Sat Jul 13 01:53:12 UTC 2019
6 ms. Memory: 48128K Free: 20692K (43%)
ptolemy.util.test.WatchDog.cancel(): canceling Sat Jul 13 01:53:12 UTC 2019
------------------ testing $PTII/ptolemy/domains/de/test/auto/DateToEvent.xml
auto.tcl: Setting watchdog for 200 seconds at Sat Jul 13 01:53:12 UTC 2019
2011 ms. Memory: 48128K Free: 17172K (36%)
ptolemy.util.test.WatchDog.cancel(): canceling Sat Jul 13 01:53:14 UTC 2019
auto.tcl: Setting watchdog for 200 seconds at Sat Jul 13 01:53:14 UTC 2019
2005 ms. Memory: 48128K Free: 16737K (35%)
ptolemy.util.test.WatchDog.cancel(): canceling Sat Jul 13 01:53:16 UTC 2019
------------------ testing $PTII/ptolemy/domains/de/test/auto/DepthTest1.xml
auto.tcl: Setting watchdog for 200 seconds at Sat Jul 13 01:53:16 UTC 2019
3 ms. Memory: 48128K Free: 31303K (65%)
ptolemy.util.test.WatchDog.cancel(): canceling Sat Jul 13 01:53:16 UTC 2019
auto.tcl: Setting watchdog for 200 seconds at Sat Jul 13 01:53:16 UTC 2019
2 ms. Memory: 48128K Free: 30880K (64%)
ptolemy.util.test.WatchDog.cancel(): canceling Sat Jul 13 01:53:16 UTC 2019
------------------ testing $PTII/ptolemy/domains/de/test/auto/DepthTest2.xml
auto.tcl: Setting watchdog for 200 seconds at Sat Jul 13 01:53:16 UTC 2019
3 ms. Memory: 48128K Free: 28129K (58%)
ptolemy.util.test.WatchDog.cancel(): canceling Sat Jul 13 01:53:16 UTC 2019
auto.tcl: Setting watchdog for 200 seconds at Sat Jul 13 01:53:16 UTC 2019
3 ms. Memory: 48128K Free: 27632K (57%)
ptolemy.util.test.WatchDog.cancel(): canceling Sat Jul 13 01:53:16 UTC 2019
------------------ testing $PTII/ptolemy/domains/de/test/auto/DepthTest3.xml
auto.tcl: Setting watchdog for 200 seconds at Sat Jul 13 01:53:16 UTC 2019
4 ms. Memory: 48128K Free: 31633K (66%)
ptolemy.util.test.WatchDog.cancel(): canceling Sat Jul 13 01:53:16 UTC 2019
auto.tcl: Setting watchdog for 200 seconds at Sat Jul 13 01:53:16 UTC 2019
1 ms. Memory: 48128K Free: 31210K (65%)
ptolemy.util.test.WatchDog.cancel(): canceling Sat Jul 13 01:53:16 UTC 2019
------------------ testing $PTII/ptolemy/domains/de/test/auto/DepthTest4.xml
auto.tcl: Setting watchdog for 200 seconds at Sat Jul 13 01:53:16 UTC 2019
6 ms. Memory: 48128K Free: 29905K (62%)
ptolemy.util.test.WatchDog.cancel(): canceling Sat Jul 13 01:53:16 UTC 2019
auto.tcl: Setting watchdog for 200 seconds at Sat Jul 13 01:53:16 UTC 2019
2 ms. Memory: 48128K Free: 29220K (61%)
ptolemy.util.test.WatchDog.cancel(): canceling Sat Jul 13 01:53:16 UTC 2019
------------------ testing $PTII/ptolemy/domains/de/test/auto/DepthTest5.xml
auto.tcl: Setting watchdog for 200 seconds at Sat Jul 13 01:53:16 UTC 2019
3 ms. Memory: 48128K Free: 29357K (61%)
ptolemy.util.test.WatchDog.cancel(): canceling Sat Jul 13 01:53:16 UTC 2019
auto.tcl: Setting watchdog for 200 seconds at Sat Jul 13 01:53:16 UTC 2019
2 ms. Memory: 48128K Free: 28595K (59%)
ptolemy.util.test.WatchDog.cancel(): canceling Sat Jul 13 01:53:16 UTC 2019
------------------ testing $PTII/ptolemy/domains/de/test/auto/DepthTest6.xml
auto.tcl: Setting watchdog for 200 seconds at Sat Jul 13 01:53:16 UTC 2019
4 ms. Memory: 48128K Free: 29327K (61%)
ptolemy.util.test.WatchDog.cancel(): canceling Sat Jul 13 01:53:16 UTC 2019
auto.tcl: Setting watchdog for 200 seconds at Sat Jul 13 01:53:16 UTC 2019
2 ms. Memory: 48128K Free: 28573K (59%)
ptolemy.util.test.WatchDog.cancel(): canceling Sat Jul 13 01:53:16 UTC 2019
------------------ testing $PTII/ptolemy/domains/de/test/auto/DepthTest7.xml
auto.tcl: Setting watchdog for 200 seconds at Sat Jul 13 01:53:16 UTC 2019
3 ms. Memory: 48128K Free: 29346K (61%)
ptolemy.util.test.WatchDog.cancel(): canceling Sat Jul 13 01:53:16 UTC 2019
auto.tcl: Setting watchdog for 200 seconds at Sat Jul 13 01:53:16 UTC 2019
2 ms. Memory: 48128K Free: 28921K (60%)
ptolemy.util.test.WatchDog.cancel(): canceling Sat Jul 13 01:53:16 UTC 2019
------------------ testing $PTII/ptolemy/domains/de/test/auto/EventToDate.xml
auto.tcl: Setting watchdog for 200 seconds at Sat Jul 13 01:53:16 UTC 2019
3008 ms. Memory: 48128K Free: 20644K (43%)
ptolemy.util.test.WatchDog.cancel(): canceling Sat Jul 13 01:53:19 UTC 2019
auto.tcl: Setting watchdog for 200 seconds at Sat Jul 13 01:53:19 UTC 2019
3003 ms. Memory: 48128K Free: 19979K (42%)
ptolemy.util.test.WatchDog.cancel(): canceling Sat Jul 13 01:53:22 UTC 2019
------------------ testing $PTII/ptolemy/domains/de/test/auto/FSM1.xml
auto.tcl: Setting watchdog for 200 seconds at Sat Jul 13 01:53:22 UTC 2019
49 ms. Memory: 48128K Free: 21901K (46%)
ptolemy.util.test.WatchDog.cancel(): canceling Sat Jul 13 01:53:23 UTC 2019
auto.tcl: Setting watchdog for 200 seconds at Sat Jul 13 01:53:23 UTC 2019
27 ms. Memory: 48128K Free: 18648K (39%)
ptolemy.util.test.WatchDog.cancel(): canceling Sat Jul 13 01:53:23 UTC 2019
------------------ testing $PTII/ptolemy/domains/de/test/auto/FSM7.xml
auto.tcl: Setting watchdog for 200 seconds at Sat Jul 13 01:53:23 UTC 2019
20 ms. Memory: 48128K Free: 21584K (45%)
ptolemy.util.test.WatchDog.cancel(): canceling Sat Jul 13 01:53:23 UTC 2019
auto.tcl: Setting watchdog for 200 seconds at Sat Jul 13 01:53:23 UTC 2019
20 ms. Memory: 48128K Free: 18493K (38%)
ptolemy.util.test.WatchDog.cancel(): canceling Sat Jul 13 01:53:23 UTC 2019
------------------ testing $PTII/ptolemy/domains/de/test/auto/Inspection.xml
auto.tcl: Setting watchdog for 200 seconds at Sat Jul 13 01:53:23 UTC 2019
39 ms. Memory: 48128K Free: 21341K (44%)
ptolemy.util.test.WatchDog.cancel(): canceling Sat Jul 13 01:53:23 UTC 2019
auto.tcl: Setting watchdog for 200 seconds at Sat Jul 13 01:53:23 UTC 2019
35 ms. Memory: 48128K Free: 19479K (40%)
ptolemy.util.test.WatchDog.cancel(): canceling Sat Jul 13 01:53:23 UTC 2019
------------------ testing $PTII/ptolemy/domains/de/test/auto/Iteration.xml
auto.tcl: Setting watchdog for 200 seconds at Sat Jul 13 01:53:23 UTC 2019
12 ms. Memory: 48128K Free: 27362K (57%)
ptolemy.util.test.WatchDog.cancel(): canceling Sat Jul 13 01:53:23 UTC 2019
auto.tcl: Setting watchdog for 200 seconds at Sat Jul 13 01:53:23 UTC 2019
8 ms. Memory: 48128K Free: 26338K (55%)
ptolemy.util.test.WatchDog.cancel(): canceling Sat Jul 13 01:53:23 UTC 2019
------------------ testing $PTII/ptolemy/domains/de/test/auto/LineFault.xml
auto.tcl: Setting watchdog for 200 seconds at Sat Jul 13 01:53:23 UTC 2019
642 ms. Memory: 48128K Free: 24714K (51%)
ptolemy.util.test.WatchDog.cancel(): canceling Sat Jul 13 01:53:24 UTC 2019
auto.tcl: Setting watchdog for 200 seconds at Sat Jul 13 01:53:24 UTC 2019
609 ms. Memory: 62464K Free: 24748K (40%)
ptolemy.util.test.WatchDog.cancel(): canceling Sat Jul 13 01:53:25 UTC 2019
------------------ testing $PTII/ptolemy/domains/de/test/auto/MergeModel1Add.xml
auto.tcl: Setting watchdog for 200 seconds at Sat Jul 13 01:53:25 UTC 2019
29 ms. Memory: 51200K Free: 16165K (32%)
ptolemy.util.test.WatchDog.cancel(): canceling Sat Jul 13 01:53:25 UTC 2019
auto.tcl: Setting watchdog for 200 seconds at Sat Jul 13 01:53:25 UTC 2019
10 ms. Memory: 51200K Free: 14802K (29%)
ptolemy.util.test.WatchDog.cancel(): canceling Sat Jul 13 01:53:25 UTC 2019
------------------ testing $PTII/ptolemy/domains/de/test/auto/MergeModel2Add.xml
auto.tcl: Setting watchdog for 200 seconds at Sat Jul 13 01:53:25 UTC 2019
8 ms. Memory: 51200K Free: 18995K (37%)
ptolemy.util.test.WatchDog.cancel(): canceling Sat Jul 13 01:53:25 UTC 2019
auto.tcl: Setting watchdog for 200 seconds at Sat Jul 13 01:53:25 UTC 2019
7 ms. Memory: 51200K Free: 17553K (34%)
ptolemy.util.test.WatchDog.cancel(): canceling Sat Jul 13 01:53:25 UTC 2019
------------------ testing $PTII/ptolemy/domains/de/test/auto/MergeModel3Add.xml
auto.tcl: Setting watchdog for 200 seconds at Sat Jul 13 01:53:25 UTC 2019
11 ms. Memory: 48128K Free: 15207K (32%)
ptolemy.util.test.WatchDog.cancel(): canceling Sat Jul 13 01:53:25 UTC 2019
auto.tcl: Setting watchdog for 200 seconds at Sat Jul 13 01:53:25 UTC 2019
9 ms. Memory: 48128K Free: 13465K (28%)
ptolemy.util.test.WatchDog.cancel(): canceling Sat Jul 13 01:53:25 UTC 2019
------------------ testing $PTII/ptolemy/domains/de/test/auto/MergeWithoutDiscard.xml
auto.tcl: Setting watchdog for 200 seconds at Sat Jul 13 01:53:25 UTC 2019
2 ms. Memory: 48128K Free: 29771K (62%)
ptolemy.util.test.WatchDog.cancel(): canceling Sat Jul 13 01:53:25 UTC 2019
auto.tcl: Setting watchdog for 200 seconds at Sat Jul 13 01:53:25 UTC 2019
1 ms. Memory: 48128K Free: 29338K (61%)
ptolemy.util.test.WatchDog.cancel(): canceling Sat Jul 13 01:53:25 UTC 2019
------------------ testing $PTII/ptolemy/domains/de/test/auto/Modal1.xml
auto.tcl: Setting watchdog for 200 seconds at Sat Jul 13 01:53:25 UTC 2019
13 ms. Memory: 48128K Free: 21932K (46%)
ptolemy.util.test.WatchDog.cancel(): canceling Sat Jul 13 01:53:25 UTC 2019
auto.tcl: Setting watchdog for 200 seconds at Sat Jul 13 01:53:25 UTC 2019
14 ms. Memory: 48128K Free: 18498K (38%)
ptolemy.util.test.WatchDog.cancel(): canceling Sat Jul 13 01:53:25 UTC 2019
------------------ testing $PTII/ptolemy/domains/de/test/auto/Modal2.xml
auto.tcl: Setting watchdog for 200 seconds at Sat Jul 13 01:53:25 UTC 2019
12 ms. Memory: 48128K Free: 22024K (46%)
ptolemy.util.test.WatchDog.cancel(): canceling Sat Jul 13 01:53:25 UTC 2019
auto.tcl: Setting watchdog for 200 seconds at Sat Jul 13 01:53:25 UTC 2019
12 ms. Memory: 48128K Free: 18791K (39%)
ptolemy.util.test.WatchDog.cancel(): canceling Sat Jul 13 01:53:25 UTC 2019
------------------ testing $PTII/ptolemy/domains/de/test/auto/Modal3.xml
auto.tcl: Setting watchdog for 200 seconds at Sat Jul 13 01:53:25 UTC 2019
11 ms. Memory: 48128K Free: 21566K (45%)
ptolemy.util.test.WatchDog.cancel(): canceling Sat Jul 13 01:53:25 UTC 2019
auto.tcl: Setting watchdog for 200 seconds at Sat Jul 13 01:53:25 UTC 2019
13 ms. Memory: 48128K Free: 18434K (38%)
ptolemy.util.test.WatchDog.cancel(): canceling Sat Jul 13 01:53:25 UTC 2019
------------------ testing $PTII/ptolemy/domains/de/test/auto/Modal4.xml
auto.tcl: Setting watchdog for 200 seconds at Sat Jul 13 01:53:25 UTC 2019
14 ms. Memory: 48128K Free: 21006K (44%)
ptolemy.util.test.WatchDog.cancel(): canceling Sat Jul 13 01:53:25 UTC 2019
auto.tcl: Setting watchdog for 200 seconds at Sat Jul 13 01:53:25 UTC 2019
21 ms. Memory: 48128K Free: 17137K (36%)
ptolemy.util.test.WatchDog.cancel(): canceling Sat Jul 13 01:53:25 UTC 2019
------------------ testing $PTII/ptolemy/domains/de/test/auto/Modal5.xml
auto.tcl: Setting watchdog for 200 seconds at Sat Jul 13 01:53:26 UTC 2019
15 ms. Memory: 48128K Free: 20955K (44%)
ptolemy.util.test.WatchDog.cancel(): canceling Sat Jul 13 01:53:26 UTC 2019
auto.tcl: Setting watchdog for 200 seconds at Sat Jul 13 01:53:26 UTC 2019
25 ms. Memory: 48128K Free: 17125K (36%)
ptolemy.util.test.WatchDog.cancel(): canceling Sat Jul 13 01:53:26 UTC 2019
------------------ testing $PTII/ptolemy/domains/de/test/auto/Modal6.xml
auto.tcl: Setting watchdog for 200 seconds at Sat Jul 13 01:53:26 UTC 2019
26 ms. Memory: 48128K Free: 21728K (45%)
ptolemy.util.test.WatchDog.cancel(): canceling Sat Jul 13 01:53:26 UTC 2019
auto.tcl: Setting watchdog for 200 seconds at Sat Jul 13 01:53:26 UTC 2019
17 ms. Memory: 48128K Free: 17772K (37%)
ptolemy.util.test.WatchDog.cancel(): canceling Sat Jul 13 01:53:26 UTC 2019
------------------ testing $PTII/ptolemy/domains/de/test/auto/Modal7.xml
auto.tcl: Setting watchdog for 200 seconds at Sat Jul 13 01:53:26 UTC 2019
11 ms. Memory: 48128K Free: 20472K (43%)
ptolemy.util.test.WatchDog.cancel(): canceling Sat Jul 13 01:53:26 UTC 2019
auto.tcl: Setting watchdog for 200 seconds at Sat Jul 13 01:53:26 UTC 2019
12 ms. Memory: 48128K Free: 17123K (36%)
ptolemy.util.test.WatchDog.cancel(): canceling Sat Jul 13 01:53:26 UTC 2019
------------------ testing $PTII/ptolemy/domains/de/test/auto/ModalModel.xml
auto.tcl: Setting watchdog for 200 seconds at Sat Jul 13 01:53:26 UTC 2019
224 ms. Memory: 48128K Free: 31608K (66%)
ptolemy.util.test.WatchDog.cancel(): canceling Sat Jul 13 01:53:26 UTC 2019
auto.tcl: Setting watchdog for 200 seconds at Sat Jul 13 01:53:26 UTC 2019
229 ms. Memory: 58368K Free: 33637K (58%)
ptolemy.util.test.WatchDog.cancel(): canceling Sat Jul 13 01:53:26 UTC 2019
------------------ testing $PTII/ptolemy/domains/de/test/auto/ModalSource.xml
auto.tcl: Setting watchdog for 200 seconds at Sat Jul 13 01:53:26 UTC 2019
11 ms. Memory: 51200K Free: 28878K (56%)
ptolemy.util.test.WatchDog.cancel(): canceling Sat Jul 13 01:53:27 UTC 2019
auto.tcl: Setting watchdog for 200 seconds at Sat Jul 13 01:53:27 UTC 2019
6 ms. Memory: 51200K Free: 26821K (52%)
ptolemy.util.test.WatchDog.cancel(): canceling Sat Jul 13 01:53:27 UTC 2019
------------------ testing $PTII/ptolemy/domains/de/test/auto/NonInterruptibleTimerZeroDelay.xml
auto.tcl: Setting watchdog for 200 seconds at Sat Jul 13 01:53:27 UTC 2019
4 ms. Memory: 51200K Free: 33821K (66%)
ptolemy.util.test.WatchDog.cancel(): canceling Sat Jul 13 01:53:27 UTC 2019
auto.tcl: Setting watchdog for 200 seconds at Sat Jul 13 01:53:27 UTC 2019
2 ms. Memory: 51200K Free: 33136K (65%)
ptolemy.util.test.WatchDog.cancel(): canceling Sat Jul 13 01:53:27 UTC 2019
------------------ testing $PTII/ptolemy/domains/de/test/auto/OpenQueueingNetwork.xml
auto.tcl: Setting watchdog for 200 seconds at Sat Jul 13 01:53:27 UTC 2019
2876 ms. Memory: 143360K Free: 64738K (45%)
ptolemy.util.test.WatchDog.cancel(): canceling Sat Jul 13 01:53:30 UTC 2019
auto.tcl: Setting watchdog for 200 seconds at Sat Jul 13 01:53:30 UTC 2019
2695 ms. Memory: 172032K Free: 133275K (77%)
ptolemy.util.test.WatchDog.cancel(): canceling Sat Jul 13 01:53:32 UTC 2019
------------------ testing $PTII/ptolemy/domains/de/test/auto/OpenQueuingNetwork.xml
auto.tcl: Setting watchdog for 200 seconds at Sat Jul 13 01:53:32 UTC 2019
274 ms. Memory: 51200K Free: 16682K (33%)
ptolemy.util.test.WatchDog.cancel(): canceling Sat Jul 13 01:53:33 UTC 2019
auto.tcl: Setting watchdog for 200 seconds at Sat Jul 13 01:53:33 UTC 2019
248 ms. Memory: 51200K Free: 22261K (43%)
ptolemy.util.test.WatchDog.cancel(): canceling Sat Jul 13 01:53:33 UTC 2019
------------------ testing $PTII/ptolemy/domains/de/test/auto/PeriodicSampler.xml
auto.tcl: Setting watchdog for 200 seconds at Sat Jul 13 01:53:33 UTC 2019
2 ms. Memory: 51200K Free: 33005K (64%)
ptolemy.util.test.WatchDog.cancel(): canceling Sat Jul 13 01:53:33 UTC 2019
auto.tcl: Setting watchdog for 200 seconds at Sat Jul 13 01:53:33 UTC 2019
2 ms. Memory: 51200K Free: 32538K (64%)
ptolemy.util.test.WatchDog.cancel(): canceling Sat Jul 13 01:53:33 UTC 2019
------------------ testing $PTII/ptolemy/domains/de/test/auto/PersistentIO.xml
auto.tcl: Setting watchdog for 200 seconds at Sat Jul 13 01:53:33 UTC 2019
16 ms. Memory: 51200K Free: 27943K (55%)
ptolemy.util.test.WatchDog.cancel(): canceling Sat Jul 13 01:53:33 UTC 2019
auto.tcl: Setting watchdog for 200 seconds at Sat Jul 13 01:53:33 UTC 2019
3 ms. Memory: 51200K Free: 26484K (52%)
ptolemy.util.test.WatchDog.cancel(): canceling Sat Jul 13 01:53:33 UTC 2019
------------------ testing $PTII/ptolemy/domains/de/test/auto/PortParameterResetOnInitialize.xml
auto.tcl: Setting watchdog for 200 seconds at Sat Jul 13 01:53:33 UTC 2019
2 ms. Memory: 48128K Free: 30069K (62%)
ptolemy.util.test.WatchDog.cancel(): canceling Sat Jul 13 01:53:33 UTC 2019
auto.tcl: Setting watchdog for 200 seconds at Sat Jul 13 01:53:33 UTC 2019
2 ms. Memory: 48128K Free: 29344K (61%)
ptolemy.util.test.WatchDog.cancel(): canceling Sat Jul 13 01:53:33 UTC 2019
------------------ testing $PTII/ptolemy/domains/de/test/auto/PortParameterUpdates.xml
auto.tcl: Setting watchdog for 200 seconds at Sat Jul 13 01:53:33 UTC 2019
5 ms. Memory: 48128K Free: 27939K (58%)
ptolemy.util.test.WatchDog.cancel(): canceling Sat Jul 13 01:53:33 UTC 2019
auto.tcl: Setting watchdog for 200 seconds at Sat Jul 13 01:53:33 UTC 2019
5 ms. Memory: 48128K Free: 26524K (55%)
ptolemy.util.test.WatchDog.cancel(): canceling Sat Jul 13 01:53:33 UTC 2019
------------------ testing $PTII/ptolemy/domains/de/test/auto/QueueAndServer.xml
auto.tcl: Setting watchdog for 200 seconds at Sat Jul 13 01:53:33 UTC 2019
6 ms. Memory: 48128K Free: 26856K (56%)
ptolemy.util.test.WatchDog.cancel(): canceling Sat Jul 13 01:53:33 UTC 2019
auto.tcl: Setting watchdog for 200 seconds at Sat Jul 13 01:53:33 UTC 2019
6 ms. Memory: 48128K Free: 25497K (53%)
ptolemy.util.test.WatchDog.cancel(): canceling Sat Jul 13 01:53:33 UTC 2019
------------------ testing $PTII/ptolemy/domains/de/test/auto/Records.xml
auto.tcl: Setting watchdog for 200 seconds at Sat Jul 13 01:53:33 UTC 2019
11 ms. Memory: 48128K Free: 29420K (61%)
ptolemy.util.test.WatchDog.cancel(): canceling Sat Jul 13 01:53:33 UTC 2019
auto.tcl: Setting watchdog for 200 seconds at Sat Jul 13 01:53:33 UTC 2019
2 ms. Memory: 48128K Free: 28499K (59%)
ptolemy.util.test.WatchDog.cancel(): canceling Sat Jul 13 01:53:33 UTC 2019
------------------ testing $PTII/ptolemy/domains/de/test/auto/ResetTransitionWithStartTime1.xml
auto.tcl: Setting watchdog for 200 seconds at Sat Jul 13 01:53:34 UTC 2019
16 ms. Memory: 48128K Free: 26529K (55%)
ptolemy.util.test.WatchDog.cancel(): canceling Sat Jul 13 01:53:34 UTC 2019
auto.tcl: Setting watchdog for 200 seconds at Sat Jul 13 01:53:34 UTC 2019
7 ms. Memory: 48128K Free: 23854K (50%)
ptolemy.util.test.WatchDog.cancel(): canceling Sat Jul 13 01:53:34 UTC 2019
------------------ testing $PTII/ptolemy/domains/de/test/auto/ResetTransitionWithStartTime2.xml
auto.tcl: Setting watchdog for 200 seconds at Sat Jul 13 01:53:34 UTC 2019
5 ms. Memory: 48128K Free: 26292K (55%)
ptolemy.util.test.WatchDog.cancel(): canceling Sat Jul 13 01:53:34 UTC 2019
auto.tcl: Setting watchdog for 200 seconds at Sat Jul 13 01:53:34 UTC 2019
6 ms. Memory: 48128K Free: 23778K (49%)
ptolemy.util.test.WatchDog.cancel(): canceling Sat Jul 13 01:53:34 UTC 2019
------------------ testing $PTII/ptolemy/domains/de/test/auto/ResetTransitionWithStartTime3.xml
auto.tcl: Setting watchdog for 200 seconds at Sat Jul 13 01:53:34 UTC 2019
10 ms. Memory: 48128K Free: 26291K (55%)
ptolemy.util.test.WatchDog.cancel(): canceling Sat Jul 13 01:53:34 UTC 2019
auto.tcl: Setting watchdog for 200 seconds at Sat Jul 13 01:53:34 UTC 2019
8 ms. Memory: 48128K Free: 23793K (49%)
ptolemy.util.test.WatchDog.cancel(): canceling Sat Jul 13 01:53:34 UTC 2019
------------------ testing $PTII/ptolemy/domains/de/test/auto/ResetTransitionWithStartTime4.xml
auto.tcl: Setting watchdog for 200 seconds at Sat Jul 13 01:53:34 UTC 2019
13 ms. Memory: 48128K Free: 26778K (56%)
ptolemy.util.test.WatchDog.cancel(): canceling Sat Jul 13 01:53:34 UTC 2019
auto.tcl: Setting watchdog for 200 seconds at Sat Jul 13 01:53:34 UTC 2019
4 ms. Memory: 48128K Free: 25389K (53%)
ptolemy.util.test.WatchDog.cancel(): canceling Sat Jul 13 01:53:34 UTC 2019
------------------ testing $PTII/ptolemy/domains/de/test/auto/ResettableTimer1.xml
auto.tcl: Setting watchdog for 200 seconds at Sat Jul 13 01:53:34 UTC 2019
3 ms. Memory: 48128K Free: 30573K (64%)
ptolemy.util.test.WatchDog.cancel(): canceling Sat Jul 13 01:53:34 UTC 2019
auto.tcl: Setting watchdog for 200 seconds at Sat Jul 13 01:53:34 UTC 2019
3 ms. Memory: 48128K Free: 29892K (62%)
ptolemy.util.test.WatchDog.cancel(): canceling Sat Jul 13 01:53:34 UTC 2019
------------------ testing $PTII/ptolemy/domains/de/test/auto/ResettableTimer2.xml
auto.tcl: Setting watchdog for 200 seconds at Sat Jul 13 01:53:34 UTC 2019
3 ms. Memory: 48128K Free: 30632K (64%)
ptolemy.util.test.WatchDog.cancel(): canceling Sat Jul 13 01:53:34 UTC 2019
auto.tcl: Setting watchdog for 200 seconds at Sat Jul 13 01:53:34 UTC 2019
2 ms. Memory: 48128K Free: 29988K (62%)
ptolemy.util.test.WatchDog.cancel(): canceling Sat Jul 13 01:53:34 UTC 2019
------------------ testing $PTII/ptolemy/domains/de/test/auto/ResettableTimer3.xml
auto.tcl: Setting watchdog for 200 seconds at Sat Jul 13 01:53:34 UTC 2019
1 ms. Memory: 48128K Free: 30897K (64%)
ptolemy.util.test.WatchDog.cancel(): canceling Sat Jul 13 01:53:34 UTC 2019
auto.tcl: Setting watchdog for 200 seconds at Sat Jul 13 01:53:34 UTC 2019
1 ms. Memory: 48128K Free: 30424K (63%)
ptolemy.util.test.WatchDog.cancel(): canceling Sat Jul 13 01:53:34 UTC 2019
------------------ testing $PTII/ptolemy/domains/de/test/auto/ResettableTimer4.xml
auto.tcl: Setting watchdog for 200 seconds at Sat Jul 13 01:53:34 UTC 2019
1 ms. Memory: 48128K Free: 30910K (64%)
ptolemy.util.test.WatchDog.cancel(): canceling Sat Jul 13 01:53:34 UTC 2019
auto.tcl: Setting watchdog for 200 seconds at Sat Jul 13 01:53:34 UTC 2019
2 ms. Memory: 48128K Free: 30437K (63%)
ptolemy.util.test.WatchDog.cancel(): canceling Sat Jul 13 01:53:34 UTC 2019
------------------ testing $PTII/ptolemy/domains/de/test/auto/ResettableTimer5.xml
auto.tcl: Setting watchdog for 200 seconds at Sat Jul 13 01:53:34 UTC 2019
2 ms. Memory: 48128K Free: 29921K (62%)
ptolemy.util.test.WatchDog.cancel(): canceling Sat Jul 13 01:53:34 UTC 2019
auto.tcl: Setting watchdog for 200 seconds at Sat Jul 13 01:53:34 UTC 2019
4 ms. Memory: 48128K Free: 29487K (61%)
ptolemy.util.test.WatchDog.cancel(): canceling Sat Jul 13 01:53:34 UTC 2019
------------------ testing $PTII/ptolemy/domains/de/test/auto/ResettableTimer6.xml
auto.tcl: Setting watchdog for 200 seconds at Sat Jul 13 01:53:34 UTC 2019
2 ms. Memory: 48128K Free: 29897K (62%)
ptolemy.util.test.WatchDog.cancel(): canceling Sat Jul 13 01:53:34 UTC 2019
auto.tcl: Setting watchdog for 200 seconds at Sat Jul 13 01:53:34 UTC 2019
2 ms. Memory: 48128K Free: 29440K (61%)
ptolemy.util.test.WatchDog.cancel(): canceling Sat Jul 13 01:53:34 UTC 2019
------------------ testing $PTII/ptolemy/domains/de/test/auto/ServerZeroDelay.xml
auto.tcl: Setting watchdog for 200 seconds at Sat Jul 13 01:53:34 UTC 2019
6 ms. Memory: 48128K Free: 30537K (63%)
ptolemy.util.test.WatchDog.cancel(): canceling Sat Jul 13 01:53:34 UTC 2019
auto.tcl: Setting watchdog for 200 seconds at Sat Jul 13 01:53:34 UTC 2019
1 ms. Memory: 48128K Free: 29531K (61%)
ptolemy.util.test.WatchDog.cancel(): canceling Sat Jul 13 01:53:34 UTC 2019
------------------ testing $PTII/ptolemy/domains/de/test/auto/SmartSender.xml
auto.tcl: Setting watchdog for 200 seconds at Sat Jul 13 01:53:34 UTC 2019
3001 ms. Memory: 48128K Free: 30921K (64%)
ptolemy.util.test.WatchDog.cancel(): canceling Sat Jul 13 01:53:37 UTC 2019
auto.tcl: Setting watchdog for 200 seconds at Sat Jul 13 01:53:37 UTC 2019
3002 ms. Memory: 48128K Free: 29976K (62%)
ptolemy.util.test.WatchDog.cancel(): canceling Sat Jul 13 01:53:40 UTC 2019
------------------ testing $PTII/ptolemy/domains/de/test/auto/ThreadedComposite.xml
auto.tcl: Setting watchdog for 200 seconds at Sat Jul 13 01:53:40 UTC 2019
226 ms. Memory: 48128K Free: 10969K (23%)
ptolemy.util.test.WatchDog.cancel(): canceling Sat Jul 13 01:53:41 UTC 2019
auto.tcl: Setting watchdog for 200 seconds at Sat Jul 13 01:53:41 UTC 2019
349 ms. Memory: 48128K Free: 9538K (20%)
ptolemy.util.test.WatchDog.cancel(): canceling Sat Jul 13 01:53:41 UTC 2019
------------------ testing $PTII/ptolemy/domains/de/test/auto/Time.xml
auto.tcl: Setting watchdog for 200 seconds at Sat Jul 13 01:53:41 UTC 2019
527 ms. Memory: 48128K Free: 28558K (59%)
ptolemy.util.test.WatchDog.cancel(): canceling Sat Jul 13 01:53:42 UTC 2019
auto.tcl: Setting watchdog for 200 seconds at Sat Jul 13 01:53:42 UTC 2019
508 ms. Memory: 64512K Free: 43322K (67%)
ptolemy.util.test.WatchDog.cancel(): canceling Sat Jul 13 01:53:42 UTC 2019
------------------ testing $PTII/ptolemy/domains/de/test/auto/TimeDelayZeroDelay.xml
auto.tcl: Setting watchdog for 200 seconds at Sat Jul 13 01:53:42 UTC 2019
2 ms. Memory: 48128K Free: 30852K (64%)
ptolemy.util.test.WatchDog.cancel(): canceling Sat Jul 13 01:53:42 UTC 2019
auto.tcl: Setting watchdog for 200 seconds at Sat Jul 13 01:53:42 UTC 2019
2 ms. Memory: 48128K Free: 29964K (62%)
ptolemy.util.test.WatchDog.cancel(): canceling Sat Jul 13 01:53:42 UTC 2019
------------------ testing $PTII/ptolemy/domains/de/test/auto/TimerZeroDelay.xml
auto.tcl: Setting watchdog for 200 seconds at Sat Jul 13 01:53:42 UTC 2019
3 ms. Memory: 48128K Free: 30864K (64%)
ptolemy.util.test.WatchDog.cancel(): canceling Sat Jul 13 01:53:42 UTC 2019
auto.tcl: Setting watchdog for 200 seconds at Sat Jul 13 01:53:42 UTC 2019
2 ms. Memory: 48128K Free: 30007K (62%)
ptolemy.util.test.WatchDog.cancel(): canceling Sat Jul 13 01:53:42 UTC 2019
------------------ testing $PTII/ptolemy/domains/de/test/auto/TimingParadox.xml
auto.tcl: Setting watchdog for 200 seconds at Sat Jul 13 01:53:42 UTC 2019
349 ms. Memory: 48128K Free: 12992K (27%)
ptolemy.util.test.WatchDog.cancel(): canceling Sat Jul 13 01:53:43 UTC 2019
auto.tcl: Setting watchdog for 200 seconds at Sat Jul 13 01:53:43 UTC 2019
342 ms. Memory: 48128K Free: 25211K (52%)
ptolemy.util.test.WatchDog.cancel(): canceling Sat Jul 13 01:53:43 UTC 2019
------------------ testing $PTII/ptolemy/domains/de/test/auto/TransferInputs.xml
auto.tcl: Setting watchdog for 200 seconds at Sat Jul 13 01:53:43 UTC 2019
2 ms. Memory: 48128K Free: 28835K (60%)
ptolemy.util.test.WatchDog.cancel(): canceling Sat Jul 13 01:53:43 UTC 2019
auto.tcl: Setting watchdog for 200 seconds at Sat Jul 13 01:53:43 UTC 2019
2 ms. Memory: 48128K Free: 27987K (58%)
ptolemy.util.test.WatchDog.cancel(): canceling Sat Jul 13 01:53:43 UTC 2019
------------------ testing $PTII/ptolemy/domains/de/test/auto/TransferOutputs2.xml
auto.tcl: Setting watchdog for 200 seconds at Sat Jul 13 01:53:43 UTC 2019
3 ms. Memory: 48128K Free: 26294K (55%)
ptolemy.util.test.WatchDog.cancel(): canceling Sat Jul 13 01:53:43 UTC 2019
auto.tcl: Setting watchdog for 200 seconds at Sat Jul 13 01:53:43 UTC 2019
2 ms. Memory: 48128K Free: 24918K (52%)
ptolemy.util.test.WatchDog.cancel(): canceling Sat Jul 13 01:53:43 UTC 2019
------------------ testing $PTII/ptolemy/domains/de/test/auto/Trilateration.xml
auto.tcl: Setting watchdog for 200 seconds at Sat Jul 13 01:53:43 UTC 2019
14911 ms. Memory: 470016K Free: 368095K (78%)
ptolemy.util.test.WatchDog.cancel(): canceling Sat Jul 13 01:53:59 UTC 2019
auto.tcl: Setting watchdog for 200 seconds at Sat Jul 13 01:53:59 UTC 2019
11137 ms. Memory: 470016K Free: 243511K (52%)
ptolemy.util.test.WatchDog.cancel(): canceling Sat Jul 13 01:54:11 UTC 2019
------------------ testing $PTII/ptolemy/domains/de/test/auto/TwoSigmaDelta.xml
auto.tcl: Setting watchdog for 200 seconds at Sat Jul 13 01:54:11 UTC 2019
2744 ms. Memory: 89088K Free: 23910K (27%)
ptolemy.util.test.WatchDog.cancel(): canceling Sat Jul 13 01:54:13 UTC 2019
auto.tcl: Setting watchdog for 200 seconds at Sat Jul 13 01:54:13 UTC 2019
2133 ms. Memory: 89088K Free: 20355K (23%)
ptolemy.util.test.WatchDog.cancel(): canceling Sat Jul 13 01:54:16 UTC 2019
------------------ testing $PTII/ptolemy/domains/de/test/auto/VariableDelay.xml
auto.tcl: Setting watchdog for 200 seconds at Sat Jul 13 01:54:16 UTC 2019
2 ms. Memory: 51200K Free: 32405K (63%)
ptolemy.util.test.WatchDog.cancel(): canceling Sat Jul 13 01:54:16 UTC 2019
auto.tcl: Setting watchdog for 200 seconds at Sat Jul 13 01:54:16 UTC 2019
2 ms. Memory: 51200K Free: 31411K (61%)
ptolemy.util.test.WatchDog.cancel(): canceling Sat Jul 13 01:54:16 UTC 2019
------------------ testing $PTII/ptolemy/domains/de/test/auto/VariableDelay2.xml
auto.tcl: Setting watchdog for 200 seconds at Sat Jul 13 01:54:16 UTC 2019
3 ms. Memory: 51200K Free: 33018K (64%)
ptolemy.util.test.WatchDog.cancel(): canceling Sat Jul 13 01:54:16 UTC 2019
auto.tcl: Setting watchdog for 200 seconds at Sat Jul 13 01:54:16 UTC 2019
2 ms. Memory: 51200K Free: 32506K (63%)
ptolemy.util.test.WatchDog.cancel(): canceling Sat Jul 13 01:54:16 UTC 2019
------------------ testing $PTII/ptolemy/domains/de/test/auto/VariableDelayZeroDelay.xml
auto.tcl: Setting watchdog for 200 seconds at Sat Jul 13 01:54:16 UTC 2019
2 ms. Memory: 51200K Free: 33446K (65%)
ptolemy.util.test.WatchDog.cancel(): canceling Sat Jul 13 01:54:16 UTC 2019
auto.tcl: Setting watchdog for 200 seconds at Sat Jul 13 01:54:16 UTC 2019
2 ms. Memory: 51200K Free: 32827K (64%)
ptolemy.util.test.WatchDog.cancel(): canceling Sat Jul 13 01:54:16 UTC 2019
------------------ testing $PTII/ptolemy/domains/de/test/auto/VariableDelayZeroDelay2.xml
auto.tcl: Setting watchdog for 200 seconds at Sat Jul 13 01:54:16 UTC 2019
2 ms. Memory: 51200K Free: 33345K (65%)
ptolemy.util.test.WatchDog.cancel(): canceling Sat Jul 13 01:54:16 UTC 2019
auto.tcl: Setting watchdog for 200 seconds at Sat Jul 13 01:54:16 UTC 2019
2 ms. Memory: 51200K Free: 32321K (63%)
ptolemy.util.test.WatchDog.cancel(): canceling Sat Jul 13 01:54:16 UTC 2019
------------------ testing $PTII/ptolemy/domains/de/test/auto/deInCt.xml
auto.tcl: Setting watchdog for 200 seconds at Sat Jul 13 01:54:16 UTC 2019
0
1
1
1
0
0
0
1
1
1
0
0
0
1
1
0
0
0
1
1
0
0
0
1
1
0
0
0
1
1
1
0
0
0
0
1
1
1
1
1
1
0
0
0
1
1
1
1
22 ms. Memory: 51200K Free: 32319K (63%)
ptolemy.util.test.WatchDog.cancel(): canceling Sat Jul 13 01:54:16 UTC 2019
auto.tcl: Setting watchdog for 200 seconds at Sat Jul 13 01:54:16 UTC 2019
0
1
1
1
1
0
0
0
0
0
1
1
1
0
0
0
0
0
1
1
1
0
0
0
0
11 ms. Memory: 51200K Free: 30781K (60%)
ptolemy.util.test.WatchDog.cancel(): canceling Sat Jul 13 01:54:16 UTC 2019
------------------ testing $PTII/ptolemy/domains/de/test/auto/deInCt2.xml
auto.tcl: Setting watchdog for 200 seconds at Sat Jul 13 01:54:16 UTC 2019
0
1
1
1
0
0
1
1
1
0
0
1
1
1
0
0
1
1
1
0
0
1
1
1
0
0
1
1
1
0
0
1
1
1
0
0
1
1
1
0
0
0
13 ms. Memory: 48128K Free: 29372K (61%)
ptolemy.util.test.WatchDog.cancel(): canceling Sat Jul 13 01:54:16 UTC 2019
auto.tcl: Setting watchdog for 200 seconds at Sat Jul 13 01:54:16 UTC 2019
0
1
1
1
0
0
1
1
1
0
0
1
1
1
0
0
1
1
1
0
0
1
1
1
0
0
1
1
1
0
0
1
1
1
0
0
1
1
1
0
0
0
9 ms. Memory: 48128K Free: 27726K (58%)
ptolemy.util.test.WatchDog.cancel(): canceling Sat Jul 13 01:54:16 UTC 2019
------------------ testing $PTII/ptolemy/domains/de/test/auto/dynamicCausalityInterface1.xml
auto.tcl: Setting watchdog for 200 seconds at Sat Jul 13 01:54:16 UTC 2019
2 ms. Memory: 48128K Free: 24559K (51%)
ptolemy.util.test.WatchDog.cancel(): canceling Sat Jul 13 01:54:16 UTC 2019
auto.tcl: Setting watchdog for 200 seconds at Sat Jul 13 01:54:16 UTC 2019
1 ms. Memory: 48128K Free: 24123K (50%)
ptolemy.util.test.WatchDog.cancel(): canceling Sat Jul 13 01:54:16 UTC 2019
------------------ testing $PTII/ptolemy/domains/de/test/auto/fsm_de_test.xml
auto.tcl: Setting watchdog for 200 seconds at Sat Jul 13 01:54:16 UTC 2019
9 ms. Memory: 48128K Free: 24526K (51%)
ptolemy.util.test.WatchDog.cancel(): canceling Sat Jul 13 01:54:16 UTC 2019
auto.tcl: Setting watchdog for 200 seconds at Sat Jul 13 01:54:16 UTC 2019
7 ms. Memory: 48128K Free: 22530K (47%)
ptolemy.util.test.WatchDog.cancel(): canceling Sat Jul 13 01:54:16 UTC 2019
------------------ testing $PTII/ptolemy/domains/de/test/auto/functionDependencyReconstruction.xml
auto.tcl: Setting watchdog for 200 seconds at Sat Jul 13 01:54:16 UTC 2019
3 ms. Memory: 48128K Free: 19066K (40%)
ptolemy.util.test.WatchDog.cancel(): canceling Sat Jul 13 01:54:16 UTC 2019
auto.tcl: Setting watchdog for 200 seconds at Sat Jul 13 01:54:16 UTC 2019
3 ms. Memory: 48128K Free: 16918K (35%)
ptolemy.util.test.WatchDog.cancel(): canceling Sat Jul 13 01:54:16 UTC 2019
------------------ testing $PTII/ptolemy/domains/de/test/auto/multirate.xml
auto.tcl: Setting watchdog for 200 seconds at Sat Jul 13 01:54:16 UTC 2019
3 ms. Memory: 48128K Free: 27127K (56%)
ptolemy.util.test.WatchDog.cancel(): canceling Sat Jul 13 01:54:16 UTC 2019
auto.tcl: Setting watchdog for 200 seconds at Sat Jul 13 01:54:16 UTC 2019
4 ms. Memory: 48128K Free: 25991K (54%)
ptolemy.util.test.WatchDog.cancel(): canceling Sat Jul 13 01:54:16 UTC 2019
------------------ testing $PTII/ptolemy/domains/de/test/auto/multirate2.xml
auto.tcl: Setting watchdog for 200 seconds at Sat Jul 13 01:54:16 UTC 2019
3 ms. Memory: 48128K Free: 27889K (58%)
ptolemy.util.test.WatchDog.cancel(): canceling Sat Jul 13 01:54:16 UTC 2019
auto.tcl: Setting watchdog for 200 seconds at Sat Jul 13 01:54:16 UTC 2019
3 ms. Memory: 48128K Free: 26211K (54%)
ptolemy.util.test.WatchDog.cancel(): canceling Sat Jul 13 01:54:16 UTC 2019
------------------ testing $PTII/ptolemy/domains/de/test/auto/realtime.xml
auto.tcl: Setting watchdog for 200 seconds at Sat Jul 13 01:54:17 UTC 2019
10001 ms. Memory: 48128K Free: 29951K (62%)
ptolemy.util.test.WatchDog.cancel(): canceling Sat Jul 13 01:54:27 UTC 2019
auto.tcl: Setting watchdog for 200 seconds at Sat Jul 13 01:54:27 UTC 2019
10002 ms. Memory: 48128K Free: 29225K (61%)
ptolemy.util.test.WatchDog.cancel(): canceling Sat Jul 13 01:54:37 UTC 2019
------------------ testing $PTII/ptolemy/domains/de/test/auto/relationGroup.xml
auto.tcl: Setting watchdog for 200 seconds at Sat Jul 13 01:54:37 UTC 2019
2 ms. Memory: 48128K Free: 31020K (64%)
ptolemy.util.test.WatchDog.cancel(): canceling Sat Jul 13 01:54:37 UTC 2019
auto.tcl: Setting watchdog for 200 seconds at Sat Jul 13 01:54:37 UTC 2019
1 ms. Memory: 48128K Free: 30499K (63%)
ptolemy.util.test.WatchDog.cancel(): canceling Sat Jul 13 01:54:37 UTC 2019
------------------ testing $PTII/ptolemy/domains/de/test/auto/relationGroup2.xml
auto.tcl: Setting watchdog for 200 seconds at Sat Jul 13 01:54:37 UTC 2019
1 ms. Memory: 48128K Free: 31046K (65%)
ptolemy.util.test.WatchDog.cancel(): canceling Sat Jul 13 01:54:37 UTC 2019
auto.tcl: Setting watchdog for 200 seconds at Sat Jul 13 01:54:37 UTC 2019
1 ms. Memory: 48128K Free: 30565K (64%)
ptolemy.util.test.WatchDog.cancel(): canceling Sat Jul 13 01:54:37 UTC 2019
------------------ testing $PTII/ptolemy/domains/de/test/auto/sortWithOpaquePorts.xml
auto.tcl: Setting watchdog for 200 seconds at Sat Jul 13 01:54:37 UTC 2019
1 ms. Memory: 48128K Free: 29758K (62%)
ptolemy.util.test.WatchDog.cancel(): canceling Sat Jul 13 01:54:37 UTC 2019
auto.tcl: Setting watchdog for 200 seconds at Sat Jul 13 01:54:37 UTC 2019
1 ms. Memory: 48128K Free: 28799K (60%)
ptolemy.util.test.WatchDog.cancel(): canceling Sat Jul 13 01:54:37 UTC 2019
------------------ testing $PTII/ptolemy/domains/de/test/auto/transferInputsandOutputs.xml
auto.tcl: Setting watchdog for 200 seconds at Sat Jul 13 01:54:37 UTC 2019
1 ms. Memory: 48128K Free: 27217K (57%)
ptolemy.util.test.WatchDog.cancel(): canceling Sat Jul 13 01:54:37 UTC 2019
auto.tcl: Setting watchdog for 200 seconds at Sat Jul 13 01:54:37 UTC 2019
1 ms. Memory: 48128K Free: 26243K (55%)
ptolemy.util.test.WatchDog.cancel(): canceling Sat Jul 13 01:54:37 UTC 2019
------------------ testing $PTII/ptolemy/domains/de/test/auto/triggerType.xml
auto.tcl: Setting watchdog for 200 seconds at Sat Jul 13 01:54:37 UTC 2019
1 ms. Memory: 48128K Free: 30242K (63%)
ptolemy.util.test.WatchDog.cancel(): canceling Sat Jul 13 01:54:37 UTC 2019
auto.tcl: Setting watchdog for 200 seconds at Sat Jul 13 01:54:37 UTC 2019
1 ms. Memory: 48128K Free: 29256K (61%)
ptolemy.util.test.WatchDog.cancel(): canceling Sat Jul 13 01:54:37 UTC 2019
07/13/19 01:54:37
Failed: 0  Total Tests: 192  ((Passed: 187, Newly Passed: 1)  Known Failed: 5) /home/travis/build/icyphy/ptII/ptolemy/domains/de/test
07/13/19 01:54:37
Failed: 0  Total Tests: 192  ((Passed: 187, Newly Passed: 1)  Known Failed: 5) /home/travis/build/icyphy/ptII/ptolemy/domains/de/test
----------------- testing (KnownFailure) /home/travis/build/icyphy/ptII/ptolemy/domains/de/test/auto/knownFailedTests/DESDFClockTest.xml
2011 ms. Memory: 48128K Free: 23637K (49%)
Known Failure: java.lang.reflect.InvocationTargetException
----------------- testing (KnownFailure) /home/travis/build/icyphy/ptII/ptolemy/domains/de/test/auto/knownFailedTests/DirectFeedback.xml
2 ms. Memory: 48128K Free: 20055K (42%)
Known Failure: java.lang.reflect.InvocationTargetException
----------------- testing (KnownFailure) /home/travis/build/icyphy/ptII/ptolemy/domains/de/test/auto/knownFailedTests/FSMSource.xml
12 ms. Memory: 48128K Free: 12359K (26%)
----------------- testing (KnownFailure) /home/travis/build/icyphy/ptII/ptolemy/domains/de/test/auto/knownFailedTests/HierarchicalModel.xml
3 ms. Memory: 48128K Free: 22126K (46%)
Known Failure: java.lang.reflect.InvocationTargetException
----------------- testing (KnownFailure) /home/travis/build/icyphy/ptII/ptolemy/domains/de/test/auto/knownFailedTests/dependencyLoop.xml
7 ms. Memory: 48128K Free: 31931K (66%)
Known Failure: java.lang.reflect.InvocationTargetException
----------------- testing (KnownFailure) /home/travis/build/icyphy/ptII/ptolemy/domains/de/test/auto/knownFailedTests/dependencyLoop2.xml
3 ms. Memory: 48128K Free: 16313K (34%)
Known Failure: java.lang.reflect.InvocationTargetException
No auto/linux-amd64/*.xml tests in /home/travis/build/icyphy/ptII/ptolemy/domains/de/test
AutoTests.java: About to close Vertx.
AutoTests.java: Vertx closed.

===========================================================================================
----------------- testing Sat Jul 13 01:54:39 UTC 2019 /home/travis/build/icyphy/ptII/ptolemy/domains/de/test/auto/ActorDepthCalculation_actorWithoutPorts.xml
----------------- Instantiating /home/travis/build/icyphy/ptII/ptolemy/domains/de/test/auto/ActorDepthCalculation_actorWithoutPorts.xml
1 ms. Memory: 48128K Free: 9811K (20%)
----------------- Invoking toplevel() on ptolemy.moml.MoMLSimpleApplication@45e82f06
----------------- Done invoking toplevel() on ptolemy.moml.MoMLSimpleApplication@45e82f06
reloadAllAccessors: .ActorDepthCalculation_actorWithoutPorts

===========================================================================================
----------------- testing Sat Jul 13 01:54:39 UTC 2019 /home/travis/build/icyphy/ptII/ptolemy/domains/de/test/auto/AssemblyLine.xml
----------------- Instantiating /home/travis/build/icyphy/ptII/ptolemy/domains/de/test/auto/AssemblyLine.xml
3 ms. Memory: 48128K Free: 27881K (58%)
----------------- Invoking toplevel() on ptolemy.moml.MoMLSimpleApplication@6a382397
----------------- Done invoking toplevel() on ptolemy.moml.MoMLSimpleApplication@6a382397
reloadAllAccessors: .AssemblyLine

===========================================================================================
----------------- testing Sat Jul 13 01:54:39 UTC 2019 /home/travis/build/icyphy/ptII/ptolemy/domains/de/test/auto/CQBug1.xml
----------------- Instantiating /home/travis/build/icyphy/ptII/ptolemy/domains/de/test/auto/CQBug1.xml
1 ms. Memory: 48128K Free: 24791K (52%)
----------------- Invoking toplevel() on ptolemy.moml.MoMLSimpleApplication@4a10e3ba
----------------- Done invoking toplevel() on ptolemy.moml.MoMLSimpleApplication@4a10e3ba
reloadAllAccessors: .CQBug1

===========================================================================================
----------------- testing Sat Jul 13 01:54:39 UTC 2019 /home/travis/build/icyphy/ptII/ptolemy/domains/de/test/auto/CancelFireAt.xml
----------------- Instantiating /home/travis/build/icyphy/ptII/ptolemy/domains/de/test/auto/CancelFireAt.xml
2 ms. Memory: 48128K Free: 22471K (47%)
----------------- Invoking toplevel() on ptolemy.moml.MoMLSimpleApplication@501c5aba
----------------- Done invoking toplevel() on ptolemy.moml.MoMLSimpleApplication@501c5aba
reloadAllAccessors: .CancelFireAt

===========================================================================================
----------------- testing Sat Jul 13 01:54:39 UTC 2019 /home/travis/build/icyphy/ptII/ptolemy/domains/de/test/auto/CausalityAndComposabilityAnalysis.xml
----------------- Instantiating /home/travis/build/icyphy/ptII/ptolemy/domains/de/test/auto/CausalityAndComposabilityAnalysis.xml
1 ms. Memory: 48128K Free: 18093K (38%)
----------------- Invoking toplevel() on ptolemy.moml.MoMLSimpleApplication@b9c1cd7
----------------- Done invoking toplevel() on ptolemy.moml.MoMLSimpleApplication@b9c1cd7
reloadAllAccessors: .CausalityAndComposabilityAnalysis

===========================================================================================
----------------- testing Sat Jul 13 01:54:39 UTC 2019 /home/travis/build/icyphy/ptII/ptolemy/domains/de/test/auto/CausalityInterface1.xml
----------------- Instantiating /home/travis/build/icyphy/ptII/ptolemy/domains/de/test/auto/CausalityInterface1.xml
3 ms. Memory: 48128K Free: 12981K (27%)
----------------- Invoking toplevel() on ptolemy.moml.MoMLSimpleApplication@33eca0fa
----------------- Done invoking toplevel() on ptolemy.moml.MoMLSimpleApplication@33eca0fa
reloadAllAccessors: .CausalityInterface1

===========================================================================================
----------------- testing Sat Jul 13 01:54:39 UTC 2019 /home/travis/build/icyphy/ptII/ptolemy/domains/de/test/auto/CausalityInterface15.xml
----------------- Instantiating /home/travis/build/icyphy/ptII/ptolemy/domains/de/test/auto/CausalityInterface15.xml
6 ms. Memory: 48128K Free: 33345K (69%)
----------------- Invoking toplevel() on ptolemy.moml.MoMLSimpleApplication@536d659e
----------------- Done invoking toplevel() on ptolemy.moml.MoMLSimpleApplication@536d659e
reloadAllAccessors: .CausalityInterface15

===========================================================================================
----------------- testing Sat Jul 13 01:54:39 UTC 2019 /home/travis/build/icyphy/ptII/ptolemy/domains/de/test/auto/CausalityInterface2.xml
----------------- Instantiating /home/travis/build/icyphy/ptII/ptolemy/domains/de/test/auto/CausalityInterface2.xml
1 ms. Memory: 48128K Free: 28598K (59%)
[...]
	at ptolemy.actor.Manager.run(Manager.java:1263)
	at ptolemy.actor.Manager$PtolemyRunThread.run(Manager.java:1915)
java.lang.RuntimeException: Execution failed
	at ptolemy.moml.MoMLSimpleApplication$UnloadThread.run(MoMLSimpleApplication.java:402)
Caused by: ptolemy.kernel.util.IllegalActionException: Actor is not ready to fire.  Perhaps UpSample.prefire() returned false? Try debugging the actor by selecting "Listen to Actor".  Also, for SDF check moml for tokenConsumptionRate on input.
  in .DESDFClockTest.Play Bell.Copy1:SDF Director and .DESDFClockTest.Play Bell.UpSample
	at ptolemy.actor.sched.StaticSchedulingDirector.fire(StaticSchedulingDirector.java:227)
	at ptolemy.domains.sdf.kernel.SDFDirector.fire(SDFDirector.java:500)
	at ptolemy.actor.CompositeActor.fire(CompositeActor.java:455)
	at ptolemy.domains.de.kernel.DEDirector._fire(DEDirector.java:1949)
	at ptolemy.domains.de.kernel.DEDirector.fire(DEDirector.java:502)
	at ptolemy.actor.CompositeActor.fire(CompositeActor.java:455)
	at ptolemy.actor.Manager.iterate(Manager.java:851)
	at ptolemy.actor.Manager.execute(Manager.java:369)
	at ptolemy.actor.Manager.run(Manager.java:1263)
	at ptolemy.actor.Manager$PtolemyRunThread.run(Manager.java:1915)
java.lang.reflect.InvocationTargetException
	at java.base/jdk.internal.reflect.NativeConstructorAccessorImpl.newInstance0(Native Method)
	at java.base/jdk.internal.reflect.NativeConstructorAccessorImpl.newInstance(NativeConstructorAccessorImpl.java:62)
	at java.base/jdk.internal.reflect.DelegatingConstructorAccessorImpl.newInstance(DelegatingConstructorAccessorImpl.java:45)
	at java.base/java.lang.reflect.Constructor.newInstance(Constructor.java:490)
	at ptolemy.util.test.junit.AutoKnownFailedTests.RunModel(AutoKnownFailedTests.java:105)
	at java.base/jdk.internal.reflect.NativeMethodAccessorImpl.invoke0(Native Method)
	at java.base/jdk.internal.reflect.NativeMethodAccessorImpl.invoke(NativeMethodAccessorImpl.java:62)
	at java.base/jdk.internal.reflect.DelegatingMethodAccessorImpl.invoke(DelegatingMethodAccessorImpl.java:43)
	at java.base/java.lang.reflect.Method.invoke(Method.java:566)
	at org.junit.runners.model.FrameworkMethod$1.runReflectiveCall(FrameworkMethod.java:44)
	at org.junit.internal.runners.model.ReflectiveCallable.run(ReflectiveCallable.java:15)
	at org.junit.runners.model.FrameworkMethod.invokeExplosively(FrameworkMethod.java:41)
	at junitparams.internal.InvokeParameterisedMethod.evaluate(InvokeParameterisedMethod.java:102)
	at org.junit.internal.runners.statements.FailOnTimeout$1.run(FailOnTimeout.java:28)
Caused by: ptolemy.kernel.util.IllegalActionException: Actor is not ready to fire.  Perhaps UpSample.prefire() returned false? Try debugging the actor by selecting "Listen to Actor".  Also, for SDF check moml for tokenConsumptionRate on input.
  in .DESDFClockTest.Play Bell.Copy1:SDF Director and .DESDFClockTest.Play Bell.UpSample
	at ptolemy.actor.sched.StaticSchedulingDirector.fire(StaticSchedulingDirector.java:227)
	at ptolemy.domains.sdf.kernel.SDFDirector.fire(SDFDirector.java:500)
	at ptolemy.actor.CompositeActor.fire(CompositeActor.java:455)
	at ptolemy.domains.de.kernel.DEDirector._fire(DEDirector.java:1949)
	at ptolemy.domains.de.kernel.DEDirector.fire(DEDirector.java:502)
	at ptolemy.actor.CompositeActor.fire(CompositeActor.java:455)
	at ptolemy.actor.Manager.iterate(Manager.java:851)
	at ptolemy.actor.Manager.execute(Manager.java:369)
	at ptolemy.actor.Manager.run(Manager.java:1263)
	at ptolemy.actor.Manager$PtolemyRunThread.run(Manager.java:1915)
java.lang.RuntimeException: Execution failed
	at ptolemy.moml.MoMLSimpleApplication$UnloadThread.run(MoMLSimpleApplication.java:402)
Caused by: ptolemy.kernel.util.IllegalActionException: Test fails in iteration 1.
Value was: 1.0. Should have been: 2.0
  in .DirectFeedback.Test
	at ptolemy.actor.lib.Test.fire(Test.java:268)
	at ptolemy.domains.de.kernel.DEDirector._fire(DEDirector.java:1949)
	at ptolemy.domains.de.kernel.DEDirector.fire(DEDirector.java:502)
	at ptolemy.actor.CompositeActor.fire(CompositeActor.java:455)
	at ptolemy.actor.Manager.iterate(Manager.java:851)
	at ptolemy.actor.Manager.execute(Manager.java:369)
	at ptolemy.actor.Manager.run(Manager.java:1263)
	at ptolemy.actor.Manager$PtolemyRunThread.run(Manager.java:1915)
java.lang.reflect.InvocationTargetException
	at java.base/jdk.internal.reflect.NativeConstructorAccessorImpl.newInstance0(Native Method)
	at java.base/jdk.internal.reflect.NativeConstructorAccessorImpl.newInstance(NativeConstructorAccessorImpl.java:62)
	at java.base/jdk.internal.reflect.DelegatingConstructorAccessorImpl.newInstance(DelegatingConstructorAccessorImpl.java:45)
	at java.base/java.lang.reflect.Constructor.newInstance(Constructor.java:490)
	at ptolemy.util.test.junit.AutoKnownFailedTests.RunModel(AutoKnownFailedTests.java:105)
	at java.base/jdk.internal.reflect.NativeMethodAccessorImpl.invoke0(Native Method)
	at java.base/jdk.internal.reflect.NativeMethodAccessorImpl.invoke(NativeMethodAccessorImpl.java:62)
	at java.base/jdk.internal.reflect.DelegatingMethodAccessorImpl.invoke(DelegatingMethodAccessorImpl.java:43)
	at java.base/java.lang.reflect.Method.invoke(Method.java:566)
	at org.junit.runners.model.FrameworkMethod$1.runReflectiveCall(FrameworkMethod.java:44)
	at org.junit.internal.runners.model.ReflectiveCallable.run(ReflectiveCallable.java:15)
	at org.junit.runners.model.FrameworkMethod.invokeExplosively(FrameworkMethod.java:41)
	at junitparams.internal.InvokeParameterisedMethod.evaluate(InvokeParameterisedMethod.java:102)
	at org.junit.internal.runners.statements.FailOnTimeout$1.run(FailOnTimeout.java:28)
Caused by: ptolemy.kernel.util.IllegalActionException: Test fails in iteration 1.
Value was: 1.0. Should have been: 2.0
  in .DirectFeedback.Test
	at ptolemy.actor.lib.Test.fire(Test.java:268)
	at ptolemy.domains.de.kernel.DEDirector._fire(DEDirector.java:1949)
	at ptolemy.domains.de.kernel.DEDirector.fire(DEDirector.java:502)
	at ptolemy.actor.CompositeActor.fire(CompositeActor.java:455)
	at ptolemy.actor.Manager.iterate(Manager.java:851)
	at ptolemy.actor.Manager.execute(Manager.java:369)
	at ptolemy.actor.Manager.run(Manager.java:1263)
	at ptolemy.actor.Manager$PtolemyRunThread.run(Manager.java:1915)
java.lang.RuntimeException: Execution failed
	at ptolemy.moml.MoMLSimpleApplication$UnloadThread.run(MoMLSimpleApplication.java:402)
Caused by: ptolemy.kernel.util.IllegalActionException: Found a zero delay loop containing .HierarchicalModel.A
  in .HierarchicalModel and .HierarchicalModel.A
	at ptolemy.actor.util.CausalityInterfaceForComposites._computeOutputPortDepth(CausalityInterfaceForComposites.java:759)
	at ptolemy.actor.util.CausalityInterfaceForComposites._computeInputDepth(CausalityInterfaceForComposites.java:696)
	at ptolemy.actor.util.CausalityInterfaceForComposites._computeOutputPortDepth(CausalityInterfaceForComposites.java:765)
	at ptolemy.actor.util.CausalityInterfaceForComposites._computeInputDepth(CausalityInterfaceForComposites.java:696)
	at ptolemy.actor.util.CausalityInterfaceForComposites._computeOutputPortDepth(CausalityInterfaceForComposites.java:765)
	at ptolemy.actor.util.CausalityInterfaceForComposites._computeInputDepth(CausalityInterfaceForComposites.java:696)
	at ptolemy.actor.util.CausalityInterfaceForComposites._computeActorDepth(CausalityInterfaceForComposites.java:532)
	at ptolemy.actor.util.CausalityInterfaceForComposites.checkForCycles(CausalityInterfaceForComposites.java:96)
	at ptolemy.domains.de.kernel.DEDirector.preinitialize(DEDirector.java:1338)
	at ptolemy.actor.CompositeActor.preinitialize(CompositeActor.java:1828)
	at ptolemy.actor.Manager.preinitializeAndResolveTypes(Manager.java:1040)
	at ptolemy.actor.Manager.initialize(Manager.java:710)
	at ptolemy.actor.Manager.execute(Manager.java:356)
	at ptolemy.actor.Manager.run(Manager.java:1263)
	at ptolemy.actor.Manager$PtolemyRunThread.run(Manager.java:1915)
java.lang.reflect.InvocationTargetException
	at java.base/jdk.internal.reflect.NativeConstructorAccessorImpl.newInstance0(Native Method)
	at java.base/jdk.internal.reflect.NativeConstructorAccessorImpl.newInstance(NativeConstructorAccessorImpl.java:62)
	at java.base/jdk.internal.reflect.DelegatingConstructorAccessorImpl.newInstance(DelegatingConstructorAccessorImpl.java:45)
	at java.base/java.lang.reflect.Constructor.newInstance(Constructor.java:490)
	at ptolemy.util.test.junit.AutoKnownFailedTests.RunModel(AutoKnownFailedTests.java:105)
	at java.base/jdk.internal.reflect.NativeMethodAccessorImpl.invoke0(Native Method)
	at java.base/jdk.internal.reflect.NativeMethodAccessorImpl.invoke(NativeMethodAccessorImpl.java:62)
	at java.base/jdk.internal.reflect.DelegatingMethodAccessorImpl.invoke(DelegatingMethodAccessorImpl.java:43)
	at java.base/java.lang.reflect.Method.invoke(Method.java:566)
	at org.junit.runners.model.FrameworkMethod$1.runReflectiveCall(FrameworkMethod.java:44)
	at org.junit.internal.runners.model.ReflectiveCallable.run(ReflectiveCallable.java:15)
	at org.junit.runners.model.FrameworkMethod.invokeExplosively(FrameworkMethod.java:41)
	at junitparams.internal.InvokeParameterisedMethod.evaluate(InvokeParameterisedMethod.java:102)
	at org.junit.internal.runners.statements.FailOnTimeout$1.run(FailOnTimeout.java:28)
Caused by: ptolemy.kernel.util.IllegalActionException: Found a zero delay loop containing .HierarchicalModel.A
  in .HierarchicalModel and .HierarchicalModel.A
	at ptolemy.actor.util.CausalityInterfaceForComposites._computeOutputPortDepth(CausalityInterfaceForComposites.java:759)
	at ptolemy.actor.util.CausalityInterfaceForComposites._computeInputDepth(CausalityInterfaceForComposites.java:696)
	at ptolemy.actor.util.CausalityInterfaceForComposites._computeOutputPortDepth(CausalityInterfaceForComposites.java:765)
	at ptolemy.actor.util.CausalityInterfaceForComposites._computeInputDepth(CausalityInterfaceForComposites.java:696)
	at ptolemy.actor.util.CausalityInterfaceForComposites._computeOutputPortDepth(CausalityInterfaceForComposites.java:765)
	at ptolemy.actor.util.CausalityInterfaceForComposites._computeInputDepth(CausalityInterfaceForComposites.java:696)
	at ptolemy.actor.util.CausalityInterfaceForComposites._computeActorDepth(CausalityInterfaceForComposites.java:532)
	at ptolemy.actor.util.CausalityInterfaceForComposites.checkForCycles(CausalityInterfaceForComposites.java:96)
	at ptolemy.domains.de.kernel.DEDirector.preinitialize(DEDirector.java:1338)
	at ptolemy.actor.CompositeActor.preinitialize(CompositeActor.java:1828)
	at ptolemy.actor.Manager.preinitializeAndResolveTypes(Manager.java:1040)
	at ptolemy.actor.Manager.initialize(Manager.java:710)
	at ptolemy.actor.Manager.execute(Manager.java:356)
	at ptolemy.actor.Manager.run(Manager.java:1263)
	at ptolemy.actor.Manager$PtolemyRunThread.run(Manager.java:1915)
java.lang.RuntimeException: Execution failed
	at ptolemy.moml.MoMLSimpleApplication$UnloadThread.run(MoMLSimpleApplication.java:402)
Caused by: ptolemy.kernel.util.IllegalActionException: Found a zero delay loop containing .dependencyLoop.original
  in .dependencyLoop and .dependencyLoop.original
	at ptolemy.actor.util.CausalityInterfaceForComposites._computeOutputPortDepth(CausalityInterfaceForComposites.java:759)
	at ptolemy.actor.util.CausalityInterfaceForComposites._computeInputDepth(CausalityInterfaceForComposites.java:696)
	at ptolemy.actor.util.CausalityInterfaceForComposites._computeOutputPortDepth(CausalityInterfaceForComposites.java:765)
	at ptolemy.actor.util.CausalityInterfaceForComposites._computeInputDepth(CausalityInterfaceForComposites.java:696)
	at ptolemy.actor.util.CausalityInterfaceForComposites._computeOutputPortDepth(CausalityInterfaceForComposites.java:765)
	at ptolemy.actor.util.CausalityInterfaceForComposites._computeInputDepth(CausalityInterfaceForComposites.java:696)
	at ptolemy.actor.util.CausalityInterfaceForComposites._computeActorDepth(CausalityInterfaceForComposites.java:532)
	at ptolemy.actor.util.CausalityInterfaceForComposites.checkForCycles(CausalityInterfaceForComposites.java:96)
	at ptolemy.domains.de.kernel.DEDirector.preinitialize(DEDirector.java:1338)
	at ptolemy.actor.CompositeActor.preinitialize(CompositeActor.java:1828)
	at ptolemy.actor.Manager.preinitializeAndResolveTypes(Manager.java:1040)
	at ptolemy.actor.Manager.initialize(Manager.java:710)
	at ptolemy.actor.Manager.execute(Manager.java:356)
	at ptolemy.actor.Manager.run(Manager.java:1263)
	at ptolemy.actor.Manager$PtolemyRunThread.run(Manager.java:1915)
java.lang.reflect.InvocationTargetException
	at java.base/jdk.internal.reflect.NativeConstructorAccessorImpl.newInstance0(Native Method)
	at java.base/jdk.internal.reflect.NativeConstructorAccessorImpl.newInstance(NativeConstructorAccessorImpl.java:62)
	at java.base/jdk.internal.reflect.DelegatingConstructorAccessorImpl.newInstance(DelegatingConstructorAccessorImpl.java:45)
	at java.base/java.lang.reflect.Constructor.newInstance(Constructor.java:490)
	at ptolemy.util.test.junit.AutoKnownFailedTests.RunModel(AutoKnownFailedTests.java:105)
	at java.base/jdk.internal.reflect.NativeMethodAccessorImpl.invoke0(Native Method)
	at java.base/jdk.internal.reflect.NativeMethodAccessorImpl.invoke(NativeMethodAccessorImpl.java:62)
	at java.base/jdk.internal.reflect.DelegatingMethodAccessorImpl.invoke(DelegatingMethodAccessorImpl.java:43)
	at java.base/java.lang.reflect.Method.invoke(Method.java:566)
	at org.junit.runners.model.FrameworkMethod$1.runReflectiveCall(FrameworkMethod.java:44)
	at org.junit.internal.runners.model.ReflectiveCallable.run(ReflectiveCallable.java:15)
	at org.junit.runners.model.FrameworkMethod.invokeExplosively(FrameworkMethod.java:41)
	at junitparams.internal.InvokeParameterisedMethod.evaluate(InvokeParameterisedMethod.java:102)
	at org.junit.internal.runners.statements.FailOnTimeout$1.run(FailOnTimeout.java:28)
Caused by: ptolemy.kernel.util.IllegalActionException: Found a zero delay loop containing .dependencyLoop.original
  in .dependencyLoop and .dependencyLoop.original
	at ptolemy.actor.util.CausalityInterfaceForComposites._computeOutputPortDepth(CausalityInterfaceForComposites.java:759)
	at ptolemy.actor.util.CausalityInterfaceForComposites._computeInputDepth(CausalityInterfaceForComposites.java:696)
	at ptolemy.actor.util.CausalityInterfaceForComposites._computeOutputPortDepth(CausalityInterfaceForComposites.java:765)
	at ptolemy.actor.util.CausalityInterfaceForComposites._computeInputDepth(CausalityInterfaceForComposites.java:696)
	at ptolemy.actor.util.CausalityInterfaceForComposites._computeOutputPortDepth(CausalityInterfaceForComposites.java:765)
	at ptolemy.actor.util.CausalityInterfaceForComposites._computeInputDepth(CausalityInterfaceForComposites.java:696)
	at ptolemy.actor.util.CausalityInterfaceForComposites._computeActorDepth(CausalityInterfaceForComposites.java:532)
	at ptolemy.actor.util.CausalityInterfaceForComposites.checkForCycles(CausalityInterfaceForComposites.java:96)
	at ptolemy.domains.de.kernel.DEDirector.preinitialize(DEDirector.java:1338)
	at ptolemy.actor.CompositeActor.preinitialize(CompositeActor.java:1828)
	at ptolemy.actor.Manager.preinitializeAndResolveTypes(Manager.java:1040)
	at ptolemy.actor.Manager.initialize(Manager.java:710)
	at ptolemy.actor.Manager.execute(Manager.java:356)
	at ptolemy.actor.Manager.run(Manager.java:1263)
	at ptolemy.actor.Manager$PtolemyRunThread.run(Manager.java:1915)
java.lang.RuntimeException: Execution failed
	at ptolemy.moml.MoMLSimpleApplication$UnloadThread.run(MoMLSimpleApplication.java:402)
Caused by: ptolemy.kernel.util.IllegalActionException: Found a zero delay loop containing .dependencyLoop2.original
  in .dependencyLoop2 and .dependencyLoop2.original
	at ptolemy.actor.util.CausalityInterfaceForComposites._computeOutputPortDepth(CausalityInterfaceForComposites.java:759)
	at ptolemy.actor.util.CausalityInterfaceForComposites._computeInputDepth(CausalityInterfaceForComposites.java:696)
	at ptolemy.actor.util.CausalityInterfaceForComposites._computeOutputPortDepth(CausalityInterfaceForComposites.java:765)
	at ptolemy.actor.util.CausalityInterfaceForComposites._computeInputDepth(CausalityInterfaceForComposites.java:696)
	at ptolemy.actor.util.CausalityInterfaceForComposites._computeOutputPortDepth(CausalityInterfaceForComposites.java:765)
	at ptolemy.actor.util.CausalityInterfaceForComposites._computeInputDepth(CausalityInterfaceForComposites.java:696)
	at ptolemy.actor.util.CausalityInterfaceForComposites._computeActorDepth(CausalityInterfaceForComposites.java:532)
	at ptolemy.actor.util.CausalityInterfaceForComposites.checkForCycles(CausalityInterfaceForComposites.java:96)
	at ptolemy.domains.de.kernel.DEDirector.preinitialize(DEDirector.java:1338)
	at ptolemy.actor.CompositeActor.preinitialize(CompositeActor.java:1828)
	at ptolemy.actor.Manager.preinitializeAndResolveTypes(Manager.java:1040)
	at ptolemy.actor.Manager.initialize(Manager.java:710)
	at ptolemy.actor.Manager.execute(Manager.java:356)
	at ptolemy.actor.Manager.run(Manager.java:1263)
	at ptolemy.actor.Manager$PtolemyRunThread.run(Manager.java:1915)
java.lang.reflect.InvocationTargetException
	at java.base/jdk.internal.reflect.NativeConstructorAccessorImpl.newInstance0(Native Method)
	at java.base/jdk.internal.reflect.NativeConstructorAccessorImpl.newInstance(NativeConstructorAccessorImpl.java:62)
	at java.base/jdk.internal.reflect.DelegatingConstructorAccessorImpl.newInstance(DelegatingConstructorAccessorImpl.java:45)
	at java.base/java.lang.reflect.Constructor.newInstance(Constructor.java:490)
	at ptolemy.util.test.junit.AutoKnownFailedTests.RunModel(AutoKnownFailedTests.java:105)
	at java.base/jdk.internal.reflect.NativeMethodAccessorImpl.invoke0(Native Method)
	at java.base/jdk.internal.reflect.NativeMethodAccessorImpl.invoke(NativeMethodAccessorImpl.java:62)
	at java.base/jdk.internal.reflect.DelegatingMethodAccessorImpl.invoke(DelegatingMethodAccessorImpl.java:43)
	at java.base/java.lang.reflect.Method.invoke(Method.java:566)
	at org.junit.runners.model.FrameworkMethod$1.runReflectiveCall(FrameworkMethod.java:44)
	at org.junit.internal.runners.model.ReflectiveCallable.run(ReflectiveCallable.java:15)
	at org.junit.runners.model.FrameworkMethod.invokeExplosively(FrameworkMethod.java:41)
	at junitparams.internal.InvokeParameterisedMethod.evaluate(InvokeParameterisedMethod.java:102)
	at org.junit.internal.runners.statements.FailOnTimeout$1.run(FailOnTimeout.java:28)
Caused by: ptolemy.kernel.util.IllegalActionException: Found a zero delay loop containing .dependencyLoop2.original
  in .dependencyLoop2 and .dependencyLoop2.original
	at ptolemy.actor.util.CausalityInterfaceForComposites._computeOutputPortDepth(CausalityInterfaceForComposites.java:759)
	at ptolemy.actor.util.CausalityInterfaceForComposites._computeInputDepth(CausalityInterfaceForComposites.java:696)
	at ptolemy.actor.util.CausalityInterfaceForComposites._computeOutputPortDepth(CausalityInterfaceForComposites.java:765)
	at ptolemy.actor.util.CausalityInterfaceForComposites._computeInputDepth(CausalityInterfaceForComposites.java:696)
	at ptolemy.actor.util.CausalityInterfaceForComposites._computeOutputPortDepth(CausalityInterfaceForComposites.java:765)
	at ptolemy.actor.util.CausalityInterfaceForComposites._computeInputDepth(CausalityInterfaceForComposites.java:696)
	at ptolemy.actor.util.CausalityInterfaceForComposites._computeActorDepth(CausalityInterfaceForComposites.java:532)
	at ptolemy.actor.util.CausalityInterfaceForComposites.checkForCycles(CausalityInterfaceForComposites.java:96)
	at ptolemy.domains.de.kernel.DEDirector.preinitialize(DEDirector.java:1338)
	at ptolemy.actor.CompositeActor.preinitialize(CompositeActor.java:1828)
	at ptolemy.actor.Manager.preinitializeAndResolveTypes(Manager.java:1040)
	at ptolemy.actor.Manager.initialize(Manager.java:710)
	at ptolemy.actor.Manager.execute(Manager.java:356)
	at ptolemy.actor.Manager.run(Manager.java:1263)
	at ptolemy.actor.Manager$PtolemyRunThread.run(Manager.java:1915)
]]></system-err>
</testsuite>
