<?xml version="1.0" encoding="UTF-8" ?>
<testsuite errors="0" failures="0" hostname="travis-job-9218cad1-c7ac-432f-9bd7-1037d14b402d" name="ptolemy.domains.de.test.junit.JUnitTclTest" skipped="0" tests="101" time="125.326" timestamp="2020-05-18T14:20:17">
  <properties>
[...]
</properties>
  <testcase classname="ptolemy.util.test.junit.TclTests" name="[0] /home/travis/build/icyphy/ptII/ptolemy/domains/de/test/DependencyLoop.tcl (RunTclFile)" time="0.95" />
  <testcase classname="ptolemy.util.test.junit.TclTests" name="[1] /home/travis/build/icyphy/ptII/ptolemy/domains/de/test/RunDETestsAsQSS.tcl (RunTclFile)" time="83.985" />
  <testcase classname="ptolemy.util.test.junit.AutoKnownFailedTests" name="[0] /home/travis/build/icyphy/ptII/ptolemy/domains/de/test/auto/knownFailedTests/DESDFClockTest.xml (RunModel)" time="2.036" />
  <testcase classname="ptolemy.util.test.junit.AutoKnownFailedTests" name="[1] /home/travis/build/icyphy/ptII/ptolemy/domains/de/test/auto/knownFailedTests/DirectFeedback.xml (RunModel)" time="0.013" />
  <testcase classname="ptolemy.util.test.junit.AutoKnownFailedTests" name="[2] /home/travis/build/icyphy/ptII/ptolemy/domains/de/test/auto/knownFailedTests/FSMSource.xml (RunModel)" time="0.021" />
  <testcase classname="ptolemy.util.test.junit.AutoKnownFailedTests" name="[3] /home/travis/build/icyphy/ptII/ptolemy/domains/de/test/auto/knownFailedTests/HierarchicalModel.xml (RunModel)" time="0.041" />
  <testcase classname="ptolemy.util.test.junit.AutoKnownFailedTests" name="[4] /home/travis/build/icyphy/ptII/ptolemy/domains/de/test/auto/knownFailedTests/dependencyLoop.xml (RunModel)" time="0.037" />
  <testcase classname="ptolemy.util.test.junit.AutoKnownFailedTests" name="[5] /home/travis/build/icyphy/ptII/ptolemy/domains/de/test/auto/knownFailedTests/dependencyLoop2.xml (RunModel)" time="0.045" />
  <testcase classname="ptolemy.util.test.junit.AutoNameArchTests" name="[0] ThereAreNoAutoArchTests (RunModel)" time="0.001" />
  <testcase classname="ptolemy.util.test.junit.AutoTests" name="[0] /home/travis/build/icyphy/ptII/ptolemy/domains/de/test/auto/ActorDepthCalculation_actorWithoutPorts.xml (RunModel)" time="0.027" />
  <testcase classname="ptolemy.util.test.junit.AutoTests" name="[1] /home/travis/build/icyphy/ptII/ptolemy/domains/de/test/auto/AssemblyLine.xml (RunModel)" time="0.022" />
  <testcase classname="ptolemy.util.test.junit.AutoTests" name="[2] /home/travis/build/icyphy/ptII/ptolemy/domains/de/test/auto/CQBug1.xml (RunModel)" time="0.012" />
  <testcase classname="ptolemy.util.test.junit.AutoTests" name="[3] /home/travis/build/icyphy/ptII/ptolemy/domains/de/test/auto/CancelFireAt.xml (RunModel)" time="0.018" />
  <testcase classname="ptolemy.util.test.junit.AutoTests" name="[4] /home/travis/build/icyphy/ptII/ptolemy/domains/de/test/auto/CausalityAndComposabilityAnalysis.xml (RunModel)" time="0.019" />
  <testcase classname="ptolemy.util.test.junit.AutoTests" name="[5] /home/travis/build/icyphy/ptII/ptolemy/domains/de/test/auto/CausalityInterface1.xml (RunModel)" time="0.017" />
  <testcase classname="ptolemy.util.test.junit.AutoTests" name="[6] /home/travis/build/icyphy/ptII/ptolemy/domains/de/test/auto/CausalityInterface15.xml (RunModel)" time="0.018" />
  <testcase classname="ptolemy.util.test.junit.AutoTests" name="[7] /home/travis/build/icyphy/ptII/ptolemy/domains/de/test/auto/CausalityInterface2.xml (RunModel)" time="0.011" />
  <testcase classname="ptolemy.util.test.junit.AutoTests" name="[8] /home/travis/build/icyphy/ptII/ptolemy/domains/de/test/auto/CausalityInterface3.xml (RunModel)" time="0.015" />
  <testcase classname="ptolemy.util.test.junit.AutoTests" name="[9] /home/travis/build/icyphy/ptII/ptolemy/domains/de/test/auto/ClockDrift.xml (RunModel)" time="0.037" />
  <testcase classname="ptolemy.util.test.junit.AutoTests" name="[10] /home/travis/build/icyphy/ptII/ptolemy/domains/de/test/auto/ClockDriftAndValueChange.xml (RunModel)" time="0.03" />
  <testcase classname="ptolemy.util.test.junit.AutoTests" name="[11] /home/travis/build/icyphy/ptII/ptolemy/domains/de/test/auto/ClockDriftChange.xml (RunModel)" time="0.033" />
  <testcase classname="ptolemy.util.test.junit.AutoTests" name="[12] /home/travis/build/icyphy/ptII/ptolemy/domains/de/test/auto/ComposableCausalityAnalysis.xml (RunModel)" time="0.014" />
  <testcase classname="ptolemy.util.test.junit.AutoTests" name="[13] /home/travis/build/icyphy/ptII/ptolemy/domains/de/test/auto/DEFixedPointLimitation.xml (RunModel)" time="0.009" />
  <testcase classname="ptolemy.util.test.junit.AutoTests" name="[14] /home/travis/build/icyphy/ptII/ptolemy/domains/de/test/auto/DEScheduleTest.xml (RunModel)" time="0.014" />
  <testcase classname="ptolemy.util.test.junit.AutoTests" name="[15] /home/travis/build/icyphy/ptII/ptolemy/domains/de/test/auto/DEinDEwithStartTimes.xml (RunModel)" time="0.015" />
  <testcase classname="ptolemy.util.test.junit.AutoTests" name="[16] /home/travis/build/icyphy/ptII/ptolemy/domains/de/test/auto/DEinDEwithStartTimes2.xml (RunModel)" time="0.023" />
  <testcase classname="ptolemy.util.test.junit.AutoTests" name="[17] /home/travis/build/icyphy/ptII/ptolemy/domains/de/test/auto/DateDemo.xml (RunModel)" time="0.032" />
  <testcase classname="ptolemy.util.test.junit.AutoTests" name="[18] /home/travis/build/icyphy/ptII/ptolemy/domains/de/test/auto/DateToEvent.xml (RunModel)" time="2.045" />
  <testcase classname="ptolemy.util.test.junit.AutoTests" name="[19] /home/travis/build/icyphy/ptII/ptolemy/domains/de/test/auto/DepthTest1.xml (RunModel)" time="0.014" />
  <testcase classname="ptolemy.util.test.junit.AutoTests" name="[20] /home/travis/build/icyphy/ptII/ptolemy/domains/de/test/auto/DepthTest2.xml (RunModel)" time="0.02" />
  <testcase classname="ptolemy.util.test.junit.AutoTests" name="[21] /home/travis/build/icyphy/ptII/ptolemy/domains/de/test/auto/DepthTest3.xml (RunModel)" time="0.009" />
  <testcase classname="ptolemy.util.test.junit.AutoTests" name="[22] /home/travis/build/icyphy/ptII/ptolemy/domains/de/test/auto/DepthTest4.xml (RunModel)" time="0.02" />
  <testcase classname="ptolemy.util.test.junit.AutoTests" name="[23] /home/travis/build/icyphy/ptII/ptolemy/domains/de/test/auto/DepthTest5.xml (RunModel)" time="0.022" />
  <testcase classname="ptolemy.util.test.junit.AutoTests" name="[24] /home/travis/build/icyphy/ptII/ptolemy/domains/de/test/auto/DepthTest6.xml (RunModel)" time="0.013" />
  <testcase classname="ptolemy.util.test.junit.AutoTests" name="[25] /home/travis/build/icyphy/ptII/ptolemy/domains/de/test/auto/DepthTest7.xml (RunModel)" time="0.012" />
  <testcase classname="ptolemy.util.test.junit.AutoTests" name="[26] /home/travis/build/icyphy/ptII/ptolemy/domains/de/test/auto/EventToDate.xml (RunModel)" time="3.039" />
  <testcase classname="ptolemy.util.test.junit.AutoTests" name="[27] /home/travis/build/icyphy/ptII/ptolemy/domains/de/test/auto/FSM1.xml (RunModel)" time="0.039" />
  <testcase classname="ptolemy.util.test.junit.AutoTests" name="[28] /home/travis/build/icyphy/ptII/ptolemy/domains/de/test/auto/FSM7.xml (RunModel)" time="0.046" />
  <testcase classname="ptolemy.util.test.junit.AutoTests" name="[29] /home/travis/build/icyphy/ptII/ptolemy/domains/de/test/auto/Inspection.xml (RunModel)" time="0.05" />
  <testcase classname="ptolemy.util.test.junit.AutoTests" name="[30] /home/travis/build/icyphy/ptII/ptolemy/domains/de/test/auto/Iteration.xml (RunModel)" time="0.026" />
  <testcase classname="ptolemy.util.test.junit.AutoTests" name="[31] /home/travis/build/icyphy/ptII/ptolemy/domains/de/test/auto/LineFault.xml (RunModel)" time="0.525" />
  <testcase classname="ptolemy.util.test.junit.AutoTests" name="[32] /home/travis/build/icyphy/ptII/ptolemy/domains/de/test/auto/MergeModel1Add.xml (RunModel)" time="0.051" />
  <testcase classname="ptolemy.util.test.junit.AutoTests" name="[33] /home/travis/build/icyphy/ptII/ptolemy/domains/de/test/auto/MergeModel2Add.xml (RunModel)" time="0.04" />
  <testcase classname="ptolemy.util.test.junit.AutoTests" name="[34] /home/travis/build/icyphy/ptII/ptolemy/domains/de/test/auto/MergeModel3Add.xml (RunModel)" time="0.044" />
  <testcase classname="ptolemy.util.test.junit.AutoTests" name="[35] /home/travis/build/icyphy/ptII/ptolemy/domains/de/test/auto/MergeWithoutDiscard.xml (RunModel)" time="0.012" />
  <testcase classname="ptolemy.util.test.junit.AutoTests" name="[36] /home/travis/build/icyphy/ptII/ptolemy/domains/de/test/auto/Modal1.xml (RunModel)" time="0.029" />
  <testcase classname="ptolemy.util.test.junit.AutoTests" name="[37] /home/travis/build/icyphy/ptII/ptolemy/domains/de/test/auto/Modal2.xml (RunModel)" time="0.027" />
  <testcase classname="ptolemy.util.test.junit.AutoTests" name="[38] /home/travis/build/icyphy/ptII/ptolemy/domains/de/test/auto/Modal3.xml (RunModel)" time="0.029" />
  <testcase classname="ptolemy.util.test.junit.AutoTests" name="[39] /home/travis/build/icyphy/ptII/ptolemy/domains/de/test/auto/Modal4.xml (RunModel)" time="0.033" />
  <testcase classname="ptolemy.util.test.junit.AutoTests" name="[40] /home/travis/build/icyphy/ptII/ptolemy/domains/de/test/auto/Modal5.xml (RunModel)" time="0.034" />
  <testcase classname="ptolemy.util.test.junit.AutoTests" name="[41] /home/travis/build/icyphy/ptII/ptolemy/domains/de/test/auto/Modal6.xml (RunModel)" time="0.032" />
  <testcase classname="ptolemy.util.test.junit.AutoTests" name="[42] /home/travis/build/icyphy/ptII/ptolemy/domains/de/test/auto/Modal7.xml (RunModel)" time="0.033" />
  <testcase classname="ptolemy.util.test.junit.AutoTests" name="[43] /home/travis/build/icyphy/ptII/ptolemy/domains/de/test/auto/ModalModel.xml (RunModel)" time="0.208" />
  <testcase classname="ptolemy.util.test.junit.AutoTests" name="[44] /home/travis/build/icyphy/ptII/ptolemy/domains/de/test/auto/ModalSource.xml (RunModel)" time="0.023" />
  <testcase classname="ptolemy.util.test.junit.AutoTests" name="[45] /home/travis/build/icyphy/ptII/ptolemy/domains/de/test/auto/NonInterruptibleTimerZeroDelay.xml (RunModel)" time="0.011" />
  <testcase classname="ptolemy.util.test.junit.AutoTests" name="[46] /home/travis/build/icyphy/ptII/ptolemy/domains/de/test/auto/OpenQueueingNetwork.xml (RunModel)" time="2.615" />
  <testcase classname="ptolemy.util.test.junit.AutoTests" name="[47] /home/travis/build/icyphy/ptII/ptolemy/domains/de/test/auto/OpenQueuingNetwork.xml (RunModel)" time="0.283" />
  <testcase classname="ptolemy.util.test.junit.AutoTests" name="[48] /home/travis/build/icyphy/ptII/ptolemy/domains/de/test/auto/PeriodicSampler.xml (RunModel)" time="0.012" />
  <testcase classname="ptolemy.util.test.junit.AutoTests" name="[49] /home/travis/build/icyphy/ptII/ptolemy/domains/de/test/auto/PersistentIO.xml (RunModel)" time="0.023" />
  <testcase classname="ptolemy.util.test.junit.AutoTests" name="[50] /home/travis/build/icyphy/ptII/ptolemy/domains/de/test/auto/PortParameterResetOnInitialize.xml (RunModel)" time="0.009" />
  <testcase classname="ptolemy.util.test.junit.AutoTests" name="[51] /home/travis/build/icyphy/ptII/ptolemy/domains/de/test/auto/PortParameterUpdates.xml (RunModel)" time="0.018" />
  <testcase classname="ptolemy.util.test.junit.AutoTests" name="[52] /home/travis/build/icyphy/ptII/ptolemy/domains/de/test/auto/QueueAndServer.xml (RunModel)" time="0.025" />
  <testcase classname="ptolemy.util.test.junit.AutoTests" name="[53] /home/travis/build/icyphy/ptII/ptolemy/domains/de/test/auto/Records.xml (RunModel)" time="0.014" />
  <testcase classname="ptolemy.util.test.junit.AutoTests" name="[54] /home/travis/build/icyphy/ptII/ptolemy/domains/de/test/auto/ResetTransitionWithStartTime1.xml (RunModel)" time="0.02" />
  <testcase classname="ptolemy.util.test.junit.AutoTests" name="[55] /home/travis/build/icyphy/ptII/ptolemy/domains/de/test/auto/ResetTransitionWithStartTime2.xml (RunModel)" time="0.019" />
  <testcase classname="ptolemy.util.test.junit.AutoTests" name="[56] /home/travis/build/icyphy/ptII/ptolemy/domains/de/test/auto/ResetTransitionWithStartTime3.xml (RunModel)" time="0.019" />
  <testcase classname="ptolemy.util.test.junit.AutoTests" name="[57] /home/travis/build/icyphy/ptII/ptolemy/domains/de/test/auto/ResetTransitionWithStartTime4.xml (RunModel)" time="0.018" />
  <testcase classname="ptolemy.util.test.junit.AutoTests" name="[58] /home/travis/build/icyphy/ptII/ptolemy/domains/de/test/auto/ResettableTimer1.xml (RunModel)" time="0.01" />
  <testcase classname="ptolemy.util.test.junit.AutoTests" name="[59] /home/travis/build/icyphy/ptII/ptolemy/domains/de/test/auto/ResettableTimer2.xml (RunModel)" time="0.009" />
  <testcase classname="ptolemy.util.test.junit.AutoTests" name="[60] /home/travis/build/icyphy/ptII/ptolemy/domains/de/test/auto/ResettableTimer3.xml (RunModel)" time="0.009" />
  <testcase classname="ptolemy.util.test.junit.AutoTests" name="[61] /home/travis/build/icyphy/ptII/ptolemy/domains/de/test/auto/ResettableTimer4.xml (RunModel)" time="0.009" />
  <testcase classname="ptolemy.util.test.junit.AutoTests" name="[62] /home/travis/build/icyphy/ptII/ptolemy/domains/de/test/auto/ResettableTimer5.xml (RunModel)" time="0.01" />
  <testcase classname="ptolemy.util.test.junit.AutoTests" name="[63] /home/travis/build/icyphy/ptII/ptolemy/domains/de/test/auto/ResettableTimer6.xml (RunModel)" time="0.015" />
  <testcase classname="ptolemy.util.test.junit.AutoTests" name="[64] /home/travis/build/icyphy/ptII/ptolemy/domains/de/test/auto/ServerZeroDelay.xml (RunModel)" time="0.009" />
  <testcase classname="ptolemy.util.test.junit.AutoTests" name="[65] /home/travis/build/icyphy/ptII/ptolemy/domains/de/test/auto/SmartSender.xml (RunModel)" time="3.009" />
  <testcase classname="ptolemy.util.test.junit.AutoTests" name="[66] /home/travis/build/icyphy/ptII/ptolemy/domains/de/test/auto/ThreadedComposite.xml (RunModel)" time="0.238" />
  <testcase classname="ptolemy.util.test.junit.AutoTests" name="[67] /home/travis/build/icyphy/ptII/ptolemy/domains/de/test/auto/Time.xml (RunModel)" time="0.367" />
  <testcase classname="ptolemy.util.test.junit.AutoTests" name="[68] /home/travis/build/icyphy/ptII/ptolemy/domains/de/test/auto/TimeDelayZeroDelay.xml (RunModel)" time="0.013" />
  <testcase classname="ptolemy.util.test.junit.AutoTests" name="[69] /home/travis/build/icyphy/ptII/ptolemy/domains/de/test/auto/TimerZeroDelay.xml (RunModel)" time="0.011" />
  <testcase classname="ptolemy.util.test.junit.AutoTests" name="[70] /home/travis/build/icyphy/ptII/ptolemy/domains/de/test/auto/TimingParadox.xml (RunModel)" time="0.335" />
  <testcase classname="ptolemy.util.test.junit.AutoTests" name="[71] /home/travis/build/icyphy/ptII/ptolemy/domains/de/test/auto/TransferInputs.xml (RunModel)" time="0.013" />
  <testcase classname="ptolemy.util.test.junit.AutoTests" name="[72] /home/travis/build/icyphy/ptII/ptolemy/domains/de/test/auto/TransferOutputs2.xml (RunModel)" time="0.015" />
  <testcase classname="ptolemy.util.test.junit.AutoTests" name="[73] /home/travis/build/icyphy/ptII/ptolemy/domains/de/test/auto/Trilateration.xml (RunModel)" time="11.781" />
  <testcase classname="ptolemy.util.test.junit.AutoTests" name="[74] /home/travis/build/icyphy/ptII/ptolemy/domains/de/test/auto/TwoSigmaDelta.xml (RunModel)" time="1.859" />
  <testcase classname="ptolemy.util.test.junit.AutoTests" name="[75] /home/travis/build/icyphy/ptII/ptolemy/domains/de/test/auto/VariableDelay.xml (RunModel)" time="0.014" />
  <testcase classname="ptolemy.util.test.junit.AutoTests" name="[76] /home/travis/build/icyphy/ptII/ptolemy/domains/de/test/auto/VariableDelay2.xml (RunModel)" time="0.009" />
  <testcase classname="ptolemy.util.test.junit.AutoTests" name="[77] /home/travis/build/icyphy/ptII/ptolemy/domains/de/test/auto/VariableDelayZeroDelay.xml (RunModel)" time="0.009" />
  <testcase classname="ptolemy.util.test.junit.AutoTests" name="[78] /home/travis/build/icyphy/ptII/ptolemy/domains/de/test/auto/VariableDelayZeroDelay2.xml (RunModel)" time="0.009" />
  <testcase classname="ptolemy.util.test.junit.AutoTests" name="[79] /home/travis/build/icyphy/ptII/ptolemy/domains/de/test/auto/deInCt.xml (RunModel)" time="0.013" />
  <testcase classname="ptolemy.util.test.junit.AutoTests" name="[80] /home/travis/build/icyphy/ptII/ptolemy/domains/de/test/auto/deInCt2.xml (RunModel)" time="0.012" />
  <testcase classname="ptolemy.util.test.junit.AutoTests" name="[81] /home/travis/build/icyphy/ptII/ptolemy/domains/de/test/auto/dynamicCausalityInterface1.xml (RunModel)" time="0.016" />
  <testcase classname="ptolemy.util.test.junit.AutoTests" name="[82] /home/travis/build/icyphy/ptII/ptolemy/domains/de/test/auto/fsm_de_test.xml (RunModel)" time="0.02" />
  <testcase classname="ptolemy.util.test.junit.AutoTests" name="[83] /home/travis/build/icyphy/ptII/ptolemy/domains/de/test/auto/functionDependencyReconstruction.xml (RunModel)" time="0.036" />
  <testcase classname="ptolemy.util.test.junit.AutoTests" name="[84] /home/travis/build/icyphy/ptII/ptolemy/domains/de/test/auto/multirate.xml (RunModel)" time="0.018" />
  <testcase classname="ptolemy.util.test.junit.AutoTests" name="[85] /home/travis/build/icyphy/ptII/ptolemy/domains/de/test/auto/multirate2.xml (RunModel)" time="0.018" />
  <testcase classname="ptolemy.util.test.junit.AutoTests" name="[86] /home/travis/build/icyphy/ptII/ptolemy/domains/de/test/auto/realtime.xml (RunModel)" time="10.009" />
  <testcase classname="ptolemy.util.test.junit.AutoTests" name="[87] /home/travis/build/icyphy/ptII/ptolemy/domains/de/test/auto/relationGroup.xml (RunModel)" time="0.007" />
  <testcase classname="ptolemy.util.test.junit.AutoTests" name="[88] /home/travis/build/icyphy/ptII/ptolemy/domains/de/test/auto/relationGroup2.xml (RunModel)" time="0.013" />
  <testcase classname="ptolemy.util.test.junit.AutoTests" name="[89] /home/travis/build/icyphy/ptII/ptolemy/domains/de/test/auto/sortWithOpaquePorts.xml (RunModel)" time="0.017" />
  <testcase classname="ptolemy.util.test.junit.AutoTests" name="[90] /home/travis/build/icyphy/ptII/ptolemy/domains/de/test/auto/transferInputsandOutputs.xml (RunModel)" time="0.035" />
  <testcase classname="ptolemy.util.test.junit.AutoTests" name="[91] /home/travis/build/icyphy/ptII/ptolemy/domains/de/test/auto/triggerType.xml (RunModel)" time="0.009" />
  <system-out><![CDATA[/home/travis/build/icyphy/ptII/ptolemy/domains/de/test/DependencyLoop.tcl
testDefs.tcl: setting time out to 9000 seconds at Mon May 18 14:20:17 UTC 2020
57 ms. Memory: 129024K Free: 78791K (61%)
22 ms. Memory: 129024K Free: 61383K (48%)
/home/travis/build/icyphy/ptII/ptolemy/domains/de/test/RunDETestsAsQSS.tcl
Run the DE tests using ptolemy.domains.qss.test.QSSDirectorTest, which extends QSSDirector and prints a message in the constructors.
------------------ testing $PTII/ptolemy/domains/de/test/auto/knownFailedTests/DirectFeedback.xml (Known Failure) 
43 ms. Memory: 129024K Free: 56263K (44%)


==== $PTIIhome/travis/build/icyphy/ptII/ptolemy/domains/de/test/../../../../: Auto Automatic test in file $PTII/ptolemy/domains/de/test/auto/knownFailedTests/DirectFeedback.xml
==== Contents of test case:

	    # FIXME: we should use $relativeFilename here, but it
	    # might have backslashes under Windows, which causes no end
	    # of trouble.
	    createAndExecute $file
	    list {}
	
.... Test generated KNOWN error:
    while executing
ptolemy.kernel.util.IllegalActionException: Test fails in iteration 1.
Value was: 1.0. Should have been: 2.0
  in .DirectFeedback.Test
	at ptolemy.actor.lib.Test.fire(Test.java:268)
	at ptolemy.domains.de.kernel.DEDirector._fire(DEDirector.java:1949)
	at ptolemy.domains.de.kernel.DEDirector.fire(DEDirector.java:502)
	at ptolemy.actor.CompositeActor.fire(CompositeActor.java:455)
	at ptolemy.actor.Manager.iterate(Manager.java:851)
	at ptolemy.actor.Manager.execute(Manager.java:369)
	at ptolemy.actor.Manager.run(Manager.java:1263)
	at ptolemy.actor.Manager$PtolemyRunThread.run(Manager.java:1933)

    while executing
ptolemy.kernel.util.IllegalActionException: Test fails in iteration 1.
Value was: 1.0. Should have been: 2.0
  in .DirectFeedback.Test
    while executing
"java::new ptolemy.moml.MoMLSimpleApplication $file
"
    (procedure "createAndExecute" line 2)
    invoked from within
"createAndExecute $file"
    ("uplevel" body line 5)
    invoked from within
"uplevel $contents_of_test"
------------------ testing $PTII/ptolemy/domains/de/test/auto/knownFailedTests/dependencyLoop.xml (Known Failure) 
11 ms. Memory: 129024K Free: 53191K (41%)


==== $PTIIhome/travis/build/icyphy/ptII/ptolemy/domains/de/test/../../../../: Auto Automatic test in file $PTII/ptolemy/domains/de/test/auto/knownFailedTests/dependencyLoop.xml
==== Contents of test case:

	    # FIXME: we should use $relativeFilename here, but it
	    # might have backslashes under Windows, which causes no end
	    # of trouble.
	    createAndExecute $file
	    list {}
	
.... Test generated KNOWN error:
    while executing
ptolemy.kernel.util.IllegalActionException: Found a zero delay loop containing .dependencyLoop.original
  in .dependencyLoop and .dependencyLoop.original
	at ptolemy.actor.util.CausalityInterfaceForComposites._computeOutputPortDepth(CausalityInterfaceForComposites.java:759)
	at ptolemy.actor.util.CausalityInterfaceForComposites._computeInputDepth(CausalityInterfaceForComposites.java:696)
	at ptolemy.actor.util.CausalityInterfaceForComposites._computeOutputPortDepth(CausalityInterfaceForComposites.java:765)
	at ptolemy.actor.util.CausalityInterfaceForComposites._computeInputDepth(CausalityInterfaceForComposites.java:696)
	at ptolemy.actor.util.CausalityInterfaceForComposites._computeOutputPortDepth(CausalityInterfaceForComposites.java:765)
	at ptolemy.actor.util.CausalityInterfaceForComposites._computeInputDepth(CausalityInterfaceForComposites.java:696)
	at ptolemy.actor.util.CausalityInterfaceForComposites._computeActorDepth(CausalityInterfaceForComposites.java:532)
	at ptolemy.actor.util.CausalityInterfaceForComposites.checkForCycles(CausalityInterfaceForComposites.java:96)
	at ptolemy.domains.de.kernel.DEDirector.preinitialize(DEDirector.java:1338)
	at ptolemy.actor.CompositeActor.preinitialize(CompositeActor.java:1828)
	at ptolemy.actor.Manager.preinitializeAndResolveTypes(Manager.java:1040)
	at ptolemy.actor.Manager.initialize(Manager.java:710)
	at ptolemy.actor.Manager.execute(Manager.java:356)
	at ptolemy.actor.Manager.run(Manager.java:1263)
	at ptolemy.actor.Manager$PtolemyRunThread.run(Manager.java:1933)

    while executing
ptolemy.kernel.util.IllegalActionException: Found a zero delay loop containing .dependencyLoop.original
  in .dependencyLoop and .dependencyLoop.original
    while executing
"java::new ptolemy.moml.MoMLSimpleApplication $file
"
    (procedure "createAndExecute" line 2)
    invoked from within
"createAndExecute $file"
    ("uplevel" body line 5)
    invoked from within
"uplevel $contents_of_test"
------------------ testing $PTII/ptolemy/domains/de/test/auto/knownFailedTests/FSMSource.xml (Known Failure) 
42 ms. Memory: 129024K Free: 111942K (87%)
!!!! Auto was marked as failing, but now passes
------------------ testing $PTII/ptolemy/domains/de/test/auto/knownFailedTests/HierarchicalModel.xml (Known Failure) 
7 ms. Memory: 129024K Free: 94116K (73%)


==== $PTIIhome/travis/build/icyphy/ptII/ptolemy/domains/de/test/../../../../: Auto Automatic test in file $PTII/ptolemy/domains/de/test/auto/knownFailedTests/HierarchicalModel.xml
==== Contents of test case:

	    # FIXME: we should use $relativeFilename here, but it
	    # might have backslashes under Windows, which causes no end
	    # of trouble.
	    createAndExecute $file
	    list {}
	
.... Test generated KNOWN error:
    while executing
ptolemy.kernel.util.IllegalActionException: Found a zero delay loop containing .HierarchicalModel.A
  in .HierarchicalModel and .HierarchicalModel.A
	at ptolemy.actor.util.CausalityInterfaceForComposites._computeOutputPortDepth(CausalityInterfaceForComposites.java:759)
	at ptolemy.actor.util.CausalityInterfaceForComposites._computeInputDepth(CausalityInterfaceForComposites.java:696)
	at ptolemy.actor.util.CausalityInterfaceForComposites._computeOutputPortDepth(CausalityInterfaceForComposites.java:765)
	at ptolemy.actor.util.CausalityInterfaceForComposites._computeInputDepth(CausalityInterfaceForComposites.java:696)
	at ptolemy.actor.util.CausalityInterfaceForComposites._computeOutputPortDepth(CausalityInterfaceForComposites.java:765)
	at ptolemy.actor.util.CausalityInterfaceForComposites._computeInputDepth(CausalityInterfaceForComposites.java:696)
	at ptolemy.actor.util.CausalityInterfaceForComposites._computeActorDepth(CausalityInterfaceForComposites.java:532)
	at ptolemy.actor.util.CausalityInterfaceForComposites.checkForCycles(CausalityInterfaceForComposites.java:96)
	at ptolemy.domains.de.kernel.DEDirector.preinitialize(DEDirector.java:1338)
	at ptolemy.actor.CompositeActor.preinitialize(CompositeActor.java:1828)
	at ptolemy.actor.Manager.preinitializeAndResolveTypes(Manager.java:1040)
	at ptolemy.actor.Manager.initialize(Manager.java:710)
	at ptolemy.actor.Manager.execute(Manager.java:356)
	at ptolemy.actor.Manager.run(Manager.java:1263)
	at ptolemy.actor.Manager$PtolemyRunThread.run(Manager.java:1933)

    while executing
ptolemy.kernel.util.IllegalActionException: Found a zero delay loop containing .HierarchicalModel.A
  in .HierarchicalModel and .HierarchicalModel.A
    while executing
"java::new ptolemy.moml.MoMLSimpleApplication $file
"
    (procedure "createAndExecute" line 2)
    invoked from within
"createAndExecute $file"
    ("uplevel" body line 5)
    invoked from within
"uplevel $contents_of_test"
------------------ testing $PTII/ptolemy/domains/de/test/auto/knownFailedTests/dependencyLoop2.xml (Known Failure) 
14 ms. Memory: 129024K Free: 77716K (60%)


==== $PTIIhome/travis/build/icyphy/ptII/ptolemy/domains/de/test/../../../../: Auto Automatic test in file $PTII/ptolemy/domains/de/test/auto/knownFailedTests/dependencyLoop2.xml
==== Contents of test case:

	    # FIXME: we should use $relativeFilename here, but it
	    # might have backslashes under Windows, which causes no end
	    # of trouble.
	    createAndExecute $file
	    list {}
	
.... Test generated KNOWN error:
    while executing
ptolemy.kernel.util.IllegalActionException: Found a zero delay loop containing .dependencyLoop2.original
  in .dependencyLoop2 and .dependencyLoop2.original
	at ptolemy.actor.util.CausalityInterfaceForComposites._computeOutputPortDepth(CausalityInterfaceForComposites.java:759)
	at ptolemy.actor.util.CausalityInterfaceForComposites._computeInputDepth(CausalityInterfaceForComposites.java:696)
	at ptolemy.actor.util.CausalityInterfaceForComposites._computeOutputPortDepth(CausalityInterfaceForComposites.java:765)
	at ptolemy.actor.util.CausalityInterfaceForComposites._computeInputDepth(CausalityInterfaceForComposites.java:696)
	at ptolemy.actor.util.CausalityInterfaceForComposites._computeOutputPortDepth(CausalityInterfaceForComposites.java:765)
	at ptolemy.actor.util.CausalityInterfaceForComposites._computeInputDepth(CausalityInterfaceForComposites.java:696)
	at ptolemy.actor.util.CausalityInterfaceForComposites._computeActorDepth(CausalityInterfaceForComposites.java:532)
	at ptolemy.actor.util.CausalityInterfaceForComposites.checkForCycles(CausalityInterfaceForComposites.java:96)
	at ptolemy.domains.de.kernel.DEDirector.preinitialize(DEDirector.java:1338)
	at ptolemy.actor.CompositeActor.preinitialize(CompositeActor.java:1828)
	at ptolemy.actor.Manager.preinitializeAndResolveTypes(Manager.java:1040)
	at ptolemy.actor.Manager.initialize(Manager.java:710)
	at ptolemy.actor.Manager.execute(Manager.java:356)
	at ptolemy.actor.Manager.run(Manager.java:1263)
	at ptolemy.actor.Manager$PtolemyRunThread.run(Manager.java:1933)

    while executing
ptolemy.kernel.util.IllegalActionException: Found a zero delay loop containing .dependencyLoop2.original
  in .dependencyLoop2 and .dependencyLoop2.original
    while executing
"java::new ptolemy.moml.MoMLSimpleApplication $file
"
    (procedure "createAndExecute" line 2)
    invoked from within
"createAndExecute $file"
    ("uplevel" body line 5)
    invoked from within
"uplevel $contents_of_test"
------------------ testing $PTII/ptolemy/domains/de/test/auto/knownFailedTests/DESDFClockTest.xml (Known Failure) 
2058 ms. Memory: 129024K Free: 107521K (83%)


==== $PTIIhome/travis/build/icyphy/ptII/ptolemy/domains/de/test/../../../../: Auto Automatic test in file $PTII/ptolemy/domains/de/test/auto/knownFailedTests/DESDFClockTest.xml
==== Contents of test case:

	    # FIXME: we should use $relativeFilename here, but it
	    # might have backslashes under Windows, which causes no end
	    # of trouble.
	    createAndExecute $file
	    list {}
	
.... Test generated KNOWN error:
    while executing
ptolemy.kernel.util.IllegalActionException: Actor is not ready to fire.  Perhaps UpSample.prefire() returned false? Try debugging the actor by selecting "Listen to Actor".  Also, for SDF check moml for tokenConsumptionRate on input.
  in .DESDFClockTest.Play Bell.Copy1:SDF Director and .DESDFClockTest.Play Bell.UpSample
	at ptolemy.actor.sched.StaticSchedulingDirector.fire(StaticSchedulingDirector.java:227)
	at ptolemy.domains.sdf.kernel.SDFDirector.fire(SDFDirector.java:500)
	at ptolemy.actor.CompositeActor.fire(CompositeActor.java:455)
	at ptolemy.domains.de.kernel.DEDirector._fire(DEDirector.java:1949)
	at ptolemy.domains.de.kernel.DEDirector.fire(DEDirector.java:502)
	at ptolemy.actor.CompositeActor.fire(CompositeActor.java:455)
	at ptolemy.actor.Manager.iterate(Manager.java:851)
	at ptolemy.actor.Manager.execute(Manager.java:369)
	at ptolemy.actor.Manager.run(Manager.java:1263)
	at ptolemy.actor.Manager$PtolemyRunThread.run(Manager.java:1933)

    while executing
ptolemy.kernel.util.IllegalActionException: Actor is not ready to fire.  Perhaps UpSample.prefire() returned false? Try debugging the actor by selecting "Listen to Actor".  Also, for SDF check moml for tokenConsumptionRate on input.
  in .DESDFClockTest.Play Bell.Copy1:SDF Director and .DESDFClockTest.Play Bell.UpSample
    while executing
"java::new ptolemy.moml.MoMLSimpleApplication $file
"
    (procedure "createAndExecute" line 2)
    invoked from within
"createAndExecute $file"
    ("uplevel" body line 5)
    invoked from within
"uplevel $contents_of_test"
------------------ testing $PTII/ptolemy/domains/de/test/auto/ActorDepthCalculation_actorWithoutPorts.xml
auto.tcl: Setting watchdog for 200 seconds at Mon May 18 14:20:21 UTC 2020
5 ms. Memory: 129024K Free: 99843K (77%)
ptolemy.util.test.WatchDog.cancel(): canceling Mon May 18 14:20:21 UTC 2020
auto.tcl: Setting watchdog for 200 seconds at Mon May 18 14:20:21 UTC 2020
5 ms. Memory: 129024K Free: 98291K (76%)
ptolemy.util.test.WatchDog.cancel(): canceling Mon May 18 14:20:21 UTC 2020
------------------ testing $PTII/ptolemy/domains/de/test/auto/AssemblyLine.xml
auto.tcl: Setting watchdog for 200 seconds at Mon May 18 14:20:21 UTC 2020
15 ms. Memory: 51200K Free: 28170K (55%)
ptolemy.util.test.WatchDog.cancel(): canceling Mon May 18 14:20:22 UTC 2020
auto.tcl: Setting watchdog for 200 seconds at Mon May 18 14:20:22 UTC 2020
13 ms. Memory: 51200K Free: 26792K (52%)
ptolemy.util.test.WatchDog.cancel(): canceling Mon May 18 14:20:22 UTC 2020
------------------ testing $PTII/ptolemy/domains/de/test/auto/CQBug1.xml
auto.tcl: Setting watchdog for 200 seconds at Mon May 18 14:20:22 UTC 2020
2 ms. Memory: 51200K Free: 33256K (65%)
ptolemy.util.test.WatchDog.cancel(): canceling Mon May 18 14:20:22 UTC 2020
auto.tcl: Setting watchdog for 200 seconds at Mon May 18 14:20:22 UTC 2020
2 ms. Memory: 51200K Free: 32797K (64%)
ptolemy.util.test.WatchDog.cancel(): canceling Mon May 18 14:20:22 UTC 2020
------------------ testing $PTII/ptolemy/domains/de/test/auto/CancelFireAt.xml
auto.tcl: Setting watchdog for 200 seconds at Mon May 18 14:20:22 UTC 2020
3 ms. Memory: 51200K Free: 34465K (67%)
ptolemy.util.test.WatchDog.cancel(): canceling Mon May 18 14:20:22 UTC 2020
auto.tcl: Setting watchdog for 200 seconds at Mon May 18 14:20:22 UTC 2020
2 ms. Memory: 51200K Free: 33998K (66%)
ptolemy.util.test.WatchDog.cancel(): canceling Mon May 18 14:20:22 UTC 2020
------------------ testing $PTII/ptolemy/domains/de/test/auto/CausalityAndComposabilityAnalysis.xml
auto.tcl: Setting watchdog for 200 seconds at Mon May 18 14:20:22 UTC 2020
8 ms. Memory: 51200K Free: 32400K (63%)
ptolemy.util.test.WatchDog.cancel(): canceling Mon May 18 14:20:22 UTC 2020
auto.tcl: Setting watchdog for 200 seconds at Mon May 18 14:20:22 UTC 2020
5 ms. Memory: 51200K Free: 31957K (62%)
ptolemy.util.test.WatchDog.cancel(): canceling Mon May 18 14:20:22 UTC 2020
------------------ testing $PTII/ptolemy/domains/de/test/auto/CausalityInterface1.xml
auto.tcl: Setting watchdog for 200 seconds at Mon May 18 14:20:22 UTC 2020
26 ms. Memory: 51200K Free: 31360K (61%)
ptolemy.util.test.WatchDog.cancel(): canceling Mon May 18 14:20:22 UTC 2020
auto.tcl: Setting watchdog for 200 seconds at Mon May 18 14:20:22 UTC 2020
5 ms. Memory: 51200K Free: 30385K (59%)
ptolemy.util.test.WatchDog.cancel(): canceling Mon May 18 14:20:22 UTC 2020
------------------ testing $PTII/ptolemy/domains/de/test/auto/CausalityInterface15.xml
auto.tcl: Setting watchdog for 200 seconds at Mon May 18 14:20:22 UTC 2020
13 ms. Memory: 51200K Free: 31516K (62%)
ptolemy.util.test.WatchDog.cancel(): canceling Mon May 18 14:20:22 UTC 2020
auto.tcl: Setting watchdog for 200 seconds at Mon May 18 14:20:22 UTC 2020
4 ms. Memory: 51200K Free: 30337K (59%)
ptolemy.util.test.WatchDog.cancel(): canceling Mon May 18 14:20:22 UTC 2020
------------------ testing $PTII/ptolemy/domains/de/test/auto/CausalityInterface2.xml
auto.tcl: Setting watchdog for 200 seconds at Mon May 18 14:20:22 UTC 2020
6 ms. Memory: 51200K Free: 32045K (63%)
ptolemy.util.test.WatchDog.cancel(): canceling Mon May 18 14:20:22 UTC 2020
auto.tcl: Setting watchdog for 200 seconds at Mon May 18 14:20:22 UTC 2020
2 ms. Memory: 51200K Free: 31347K (61%)
ptolemy.util.test.WatchDog.cancel(): canceling Mon May 18 14:20:22 UTC 2020
------------------ testing $PTII/ptolemy/domains/de/test/auto/CausalityInterface3.xml
auto.tcl: Setting watchdog for 200 seconds at Mon May 18 14:20:22 UTC 2020
4 ms. Memory: 51200K Free: 31568K (62%)
ptolemy.util.test.WatchDog.cancel(): canceling Mon May 18 14:20:22 UTC 2020
auto.tcl: Setting watchdog for 200 seconds at Mon May 18 14:20:22 UTC 2020
4 ms. Memory: 51200K Free: 30816K (60%)
ptolemy.util.test.WatchDog.cancel(): canceling Mon May 18 14:20:22 UTC 2020
------------------ testing $PTII/ptolemy/domains/de/test/auto/ClockDrift.xml
auto.tcl: Setting watchdog for 200 seconds at Mon May 18 14:20:22 UTC 2020
73 ms. Memory: 51200K Free: 24145K (47%)
ptolemy.util.test.WatchDog.cancel(): canceling Mon May 18 14:20:22 UTC 2020
auto.tcl: Setting watchdog for 200 seconds at Mon May 18 14:20:22 UTC 2020
66 ms. Memory: 51200K Free: 20681K (40%)
ptolemy.util.test.WatchDog.cancel(): canceling Mon May 18 14:20:22 UTC 2020
------------------ testing $PTII/ptolemy/domains/de/test/auto/ClockDriftAndValueChange.xml
auto.tcl: Setting watchdog for 200 seconds at Mon May 18 14:20:23 UTC 2020
41 ms. Memory: 51200K Free: 24248K (47%)
ptolemy.util.test.WatchDog.cancel(): canceling Mon May 18 14:20:23 UTC 2020
auto.tcl: Setting watchdog for 200 seconds at Mon May 18 14:20:23 UTC 2020
31 ms. Memory: 51200K Free: 21434K (42%)
ptolemy.util.test.WatchDog.cancel(): canceling Mon May 18 14:20:23 UTC 2020
------------------ testing $PTII/ptolemy/domains/de/test/auto/ClockDriftChange.xml
auto.tcl: Setting watchdog for 200 seconds at Mon May 18 14:20:23 UTC 2020
18 ms. Memory: 51200K Free: 26040K (51%)
ptolemy.util.test.WatchDog.cancel(): canceling Mon May 18 14:20:23 UTC 2020
auto.tcl: Setting watchdog for 200 seconds at Mon May 18 14:20:23 UTC 2020
18 ms. Memory: 51200K Free: 23482K (46%)
ptolemy.util.test.WatchDog.cancel(): canceling Mon May 18 14:20:23 UTC 2020
------------------ testing $PTII/ptolemy/domains/de/test/auto/ComposableCausalityAnalysis.xml
auto.tcl: Setting watchdog for 200 seconds at Mon May 18 14:20:23 UTC 2020
2 ms. Memory: 51200K Free: 30599K (60%)
ptolemy.util.test.WatchDog.cancel(): canceling Mon May 18 14:20:23 UTC 2020
auto.tcl: Setting watchdog for 200 seconds at Mon May 18 14:20:23 UTC 2020
5 ms. Memory: 51200K Free: 29575K (58%)
ptolemy.util.test.WatchDog.cancel(): canceling Mon May 18 14:20:23 UTC 2020
------------------ testing $PTII/ptolemy/domains/de/test/auto/DEFixedPointLimitation.xml
auto.tcl: Setting watchdog for 200 seconds at Mon May 18 14:20:23 UTC 2020
3 ms. Memory: 51200K Free: 31993K (62%)
ptolemy.util.test.WatchDog.cancel(): canceling Mon May 18 14:20:23 UTC 2020
auto.tcl: Setting watchdog for 200 seconds at Mon May 18 14:20:23 UTC 2020
2 ms. Memory: 51200K Free: 31128K (61%)
ptolemy.util.test.WatchDog.cancel(): canceling Mon May 18 14:20:23 UTC 2020
------------------ testing $PTII/ptolemy/domains/de/test/auto/DEScheduleTest.xml
auto.tcl: Setting watchdog for 200 seconds at Mon May 18 14:20:23 UTC 2020
4 ms. Memory: 51200K Free: 32351K (63%)
ptolemy.util.test.WatchDog.cancel(): canceling Mon May 18 14:20:23 UTC 2020
auto.tcl: Setting watchdog for 200 seconds at Mon May 18 14:20:23 UTC 2020
3 ms. Memory: 51200K Free: 31585K (62%)
ptolemy.util.test.WatchDog.cancel(): canceling Mon May 18 14:20:23 UTC 2020
------------------ testing $PTII/ptolemy/domains/de/test/auto/DEinDEwithStartTimes.xml
auto.tcl: Setting watchdog for 200 seconds at Mon May 18 14:20:23 UTC 2020
6 ms. Memory: 51200K Free: 30510K (60%)
ptolemy.util.test.WatchDog.cancel(): canceling Mon May 18 14:20:23 UTC 2020
auto.tcl: Setting watchdog for 200 seconds at Mon May 18 14:20:23 UTC 2020
4 ms. Memory: 51200K Free: 29486K (58%)
ptolemy.util.test.WatchDog.cancel(): canceling Mon May 18 14:20:23 UTC 2020
------------------ testing $PTII/ptolemy/domains/de/test/auto/DEinDEwithStartTimes2.xml
auto.tcl: Setting watchdog for 200 seconds at Mon May 18 14:20:23 UTC 2020
4 ms. Memory: 51200K Free: 29600K (58%)
ptolemy.util.test.WatchDog.cancel(): canceling Mon May 18 14:20:23 UTC 2020
auto.tcl: Setting watchdog for 200 seconds at Mon May 18 14:20:23 UTC 2020
3 ms. Memory: 51200K Free: 28440K (56%)
ptolemy.util.test.WatchDog.cancel(): canceling Mon May 18 14:20:23 UTC 2020
------------------ testing $PTII/ptolemy/domains/de/test/auto/DateDemo.xml
auto.tcl: Setting watchdog for 200 seconds at Mon May 18 14:20:23 UTC 2020
18 ms. Memory: 51200K Free: 24062K (47%)
ptolemy.util.test.WatchDog.cancel(): canceling Mon May 18 14:20:23 UTC 2020
auto.tcl: Setting watchdog for 200 seconds at Mon May 18 14:20:23 UTC 2020
7 ms. Memory: 51200K Free: 22440K (44%)
ptolemy.util.test.WatchDog.cancel(): canceling Mon May 18 14:20:23 UTC 2020
------------------ testing $PTII/ptolemy/domains/de/test/auto/DateToEvent.xml
auto.tcl: Setting watchdog for 200 seconds at Mon May 18 14:20:23 UTC 2020
2010 ms. Memory: 51200K Free: 19490K (38%)
ptolemy.util.test.WatchDog.cancel(): canceling Mon May 18 14:20:25 UTC 2020
auto.tcl: Setting watchdog for 200 seconds at Mon May 18 14:20:25 UTC 2020
2006 ms. Memory: 51200K Free: 19074K (37%)
ptolemy.util.test.WatchDog.cancel(): canceling Mon May 18 14:20:27 UTC 2020
------------------ testing $PTII/ptolemy/domains/de/test/auto/DepthTest1.xml
auto.tcl: Setting watchdog for 200 seconds at Mon May 18 14:20:27 UTC 2020
3 ms. Memory: 51200K Free: 33162K (65%)
ptolemy.util.test.WatchDog.cancel(): canceling Mon May 18 14:20:27 UTC 2020
auto.tcl: Setting watchdog for 200 seconds at Mon May 18 14:20:27 UTC 2020
2 ms. Memory: 51200K Free: 32699K (64%)
ptolemy.util.test.WatchDog.cancel(): canceling Mon May 18 14:20:27 UTC 2020
------------------ testing $PTII/ptolemy/domains/de/test/auto/DepthTest2.xml
auto.tcl: Setting watchdog for 200 seconds at Mon May 18 14:20:27 UTC 2020
3 ms. Memory: 51200K Free: 29966K (59%)
ptolemy.util.test.WatchDog.cancel(): canceling Mon May 18 14:20:28 UTC 2020
auto.tcl: Setting watchdog for 200 seconds at Mon May 18 14:20:28 UTC 2020
5 ms. Memory: 51200K Free: 29522K (58%)
ptolemy.util.test.WatchDog.cancel(): canceling Mon May 18 14:20:28 UTC 2020
------------------ testing $PTII/ptolemy/domains/de/test/auto/DepthTest3.xml
auto.tcl: Setting watchdog for 200 seconds at Mon May 18 14:20:28 UTC 2020
2 ms. Memory: 51200K Free: 33487K (65%)
ptolemy.util.test.WatchDog.cancel(): canceling Mon May 18 14:20:28 UTC 2020
auto.tcl: Setting watchdog for 200 seconds at Mon May 18 14:20:28 UTC 2020
2 ms. Memory: 51200K Free: 33002K (64%)
ptolemy.util.test.WatchDog.cancel(): canceling Mon May 18 14:20:28 UTC 2020
------------------ testing $PTII/ptolemy/domains/de/test/auto/DepthTest4.xml
auto.tcl: Setting watchdog for 200 seconds at Mon May 18 14:20:28 UTC 2020
6 ms. Memory: 51200K Free: 31723K (62%)
ptolemy.util.test.WatchDog.cancel(): canceling Mon May 18 14:20:28 UTC 2020
auto.tcl: Setting watchdog for 200 seconds at Mon May 18 14:20:28 UTC 2020
2 ms. Memory: 51200K Free: 30624K (60%)
ptolemy.util.test.WatchDog.cancel(): canceling Mon May 18 14:20:28 UTC 2020
------------------ testing $PTII/ptolemy/domains/de/test/auto/DepthTest5.xml
auto.tcl: Setting watchdog for 200 seconds at Mon May 18 14:20:28 UTC 2020
4 ms. Memory: 51200K Free: 30882K (60%)
ptolemy.util.test.WatchDog.cancel(): canceling Mon May 18 14:20:28 UTC 2020
auto.tcl: Setting watchdog for 200 seconds at Mon May 18 14:20:28 UTC 2020
3 ms. Memory: 51200K Free: 30453K (59%)
ptolemy.util.test.WatchDog.cancel(): canceling Mon May 18 14:20:28 UTC 2020
------------------ testing $PTII/ptolemy/domains/de/test/auto/DepthTest6.xml
auto.tcl: Setting watchdog for 200 seconds at Mon May 18 14:20:28 UTC 2020
5 ms. Memory: 51200K Free: 30891K (60%)
ptolemy.util.test.WatchDog.cancel(): canceling Mon May 18 14:20:28 UTC 2020
auto.tcl: Setting watchdog for 200 seconds at Mon May 18 14:20:28 UTC 2020
3 ms. Memory: 51200K Free: 29989K (59%)
ptolemy.util.test.WatchDog.cancel(): canceling Mon May 18 14:20:28 UTC 2020
------------------ testing $PTII/ptolemy/domains/de/test/auto/DepthTest7.xml
auto.tcl: Setting watchdog for 200 seconds at Mon May 18 14:20:28 UTC 2020
3 ms. Memory: 51200K Free: 31654K (62%)
ptolemy.util.test.WatchDog.cancel(): canceling Mon May 18 14:20:28 UTC 2020
auto.tcl: Setting watchdog for 200 seconds at Mon May 18 14:20:28 UTC 2020
2 ms. Memory: 51200K Free: 30988K (61%)
ptolemy.util.test.WatchDog.cancel(): canceling Mon May 18 14:20:28 UTC 2020
------------------ testing $PTII/ptolemy/domains/de/test/auto/EventToDate.xml
auto.tcl: Setting watchdog for 200 seconds at Mon May 18 14:20:28 UTC 2020
3007 ms. Memory: 51200K Free: 22445K (44%)
ptolemy.util.test.WatchDog.cancel(): canceling Mon May 18 14:20:31 UTC 2020
auto.tcl: Setting watchdog for 200 seconds at Mon May 18 14:20:31 UTC 2020
3004 ms. Memory: 51200K Free: 21815K (43%)
ptolemy.util.test.WatchDog.cancel(): canceling Mon May 18 14:20:34 UTC 2020
------------------ testing $PTII/ptolemy/domains/de/test/auto/FSM1.xml
auto.tcl: Setting watchdog for 200 seconds at Mon May 18 14:20:34 UTC 2020
36 ms. Memory: 51200K Free: 23727K (46%)
ptolemy.util.test.WatchDog.cancel(): canceling Mon May 18 14:20:34 UTC 2020
auto.tcl: Setting watchdog for 200 seconds at Mon May 18 14:20:34 UTC 2020
24 ms. Memory: 51200K Free: 20471K (40%)
ptolemy.util.test.WatchDog.cancel(): canceling Mon May 18 14:20:34 UTC 2020
------------------ testing $PTII/ptolemy/domains/de/test/auto/FSM7.xml
auto.tcl: Setting watchdog for 200 seconds at Mon May 18 14:20:34 UTC 2020
14 ms. Memory: 51200K Free: 23607K (46%)
ptolemy.util.test.WatchDog.cancel(): canceling Mon May 18 14:20:34 UTC 2020
auto.tcl: Setting watchdog for 200 seconds at Mon May 18 14:20:34 UTC 2020
20 ms. Memory: 51200K Free: 20210K (39%)
ptolemy.util.test.WatchDog.cancel(): canceling Mon May 18 14:20:34 UTC 2020
------------------ testing $PTII/ptolemy/domains/de/test/auto/Inspection.xml
auto.tcl: Setting watchdog for 200 seconds at Mon May 18 14:20:34 UTC 2020
24 ms. Memory: 51200K Free: 23405K (46%)
ptolemy.util.test.WatchDog.cancel(): canceling Mon May 18 14:20:34 UTC 2020
auto.tcl: Setting watchdog for 200 seconds at Mon May 18 14:20:34 UTC 2020
17 ms. Memory: 51200K Free: 21712K (42%)
ptolemy.util.test.WatchDog.cancel(): canceling Mon May 18 14:20:34 UTC 2020
------------------ testing $PTII/ptolemy/domains/de/test/auto/Iteration.xml
auto.tcl: Setting watchdog for 200 seconds at Mon May 18 14:20:34 UTC 2020
6 ms. Memory: 51200K Free: 28952K (57%)
ptolemy.util.test.WatchDog.cancel(): canceling Mon May 18 14:20:34 UTC 2020
auto.tcl: Setting watchdog for 200 seconds at Mon May 18 14:20:34 UTC 2020
5 ms. Memory: 51200K Free: 27768K (54%)
ptolemy.util.test.WatchDog.cancel(): canceling Mon May 18 14:20:34 UTC 2020
------------------ testing $PTII/ptolemy/domains/de/test/auto/LineFault.xml
auto.tcl: Setting watchdog for 200 seconds at Mon May 18 14:20:34 UTC 2020
629 ms. Memory: 51200K Free: 13188K (26%)
ptolemy.util.test.WatchDog.cancel(): canceling Mon May 18 14:20:35 UTC 2020
auto.tcl: Setting watchdog for 200 seconds at Mon May 18 14:20:35 UTC 2020
550 ms. Memory: 61440K Free: 40872K (67%)
ptolemy.util.test.WatchDog.cancel(): canceling Mon May 18 14:20:36 UTC 2020
------------------ testing $PTII/ptolemy/domains/de/test/auto/MergeModel1Add.xml
auto.tcl: Setting watchdog for 200 seconds at Mon May 18 14:20:36 UTC 2020
33 ms. Memory: 58368K Free: 22352K (38%)
ptolemy.util.test.WatchDog.cancel(): canceling Mon May 18 14:20:36 UTC 2020
auto.tcl: Setting watchdog for 200 seconds at Mon May 18 14:20:36 UTC 2020
10 ms. Memory: 58368K Free: 20746K (36%)
ptolemy.util.test.WatchDog.cancel(): canceling Mon May 18 14:20:36 UTC 2020
------------------ testing $PTII/ptolemy/domains/de/test/auto/MergeModel2Add.xml
auto.tcl: Setting watchdog for 200 seconds at Mon May 18 14:20:36 UTC 2020
10 ms. Memory: 51200K Free: 16968K (33%)
ptolemy.util.test.WatchDog.cancel(): canceling Mon May 18 14:20:36 UTC 2020
auto.tcl: Setting watchdog for 200 seconds at Mon May 18 14:20:36 UTC 2020
11 ms. Memory: 51200K Free: 15291K (30%)
ptolemy.util.test.WatchDog.cancel(): canceling Mon May 18 14:20:36 UTC 2020
------------------ testing $PTII/ptolemy/domains/de/test/auto/MergeModel3Add.xml
auto.tcl: Setting watchdog for 200 seconds at Mon May 18 14:20:36 UTC 2020
9 ms. Memory: 51200K Free: 17286K (34%)
ptolemy.util.test.WatchDog.cancel(): canceling Mon May 18 14:20:36 UTC 2020
auto.tcl: Setting watchdog for 200 seconds at Mon May 18 14:20:36 UTC 2020
9 ms. Memory: 51200K Free: 15731K (31%)
ptolemy.util.test.WatchDog.cancel(): canceling Mon May 18 14:20:36 UTC 2020
------------------ testing $PTII/ptolemy/domains/de/test/auto/MergeWithoutDiscard.xml
auto.tcl: Setting watchdog for 200 seconds at Mon May 18 14:20:36 UTC 2020
2 ms. Memory: 51200K Free: 31620K (62%)
ptolemy.util.test.WatchDog.cancel(): canceling Mon May 18 14:20:36 UTC 2020
auto.tcl: Setting watchdog for 200 seconds at Mon May 18 14:20:36 UTC 2020
2 ms. Memory: 51200K Free: 31180K (61%)
ptolemy.util.test.WatchDog.cancel(): canceling Mon May 18 14:20:36 UTC 2020
------------------ testing $PTII/ptolemy/domains/de/test/auto/Modal1.xml
auto.tcl: Setting watchdog for 200 seconds at Mon May 18 14:20:36 UTC 2020
11 ms. Memory: 51200K Free: 23715K (46%)
ptolemy.util.test.WatchDog.cancel(): canceling Mon May 18 14:20:36 UTC 2020
auto.tcl: Setting watchdog for 200 seconds at Mon May 18 14:20:36 UTC 2020
14 ms. Memory: 51200K Free: 20293K (40%)
ptolemy.util.test.WatchDog.cancel(): canceling Mon May 18 14:20:36 UTC 2020
------------------ testing $PTII/ptolemy/domains/de/test/auto/Modal2.xml
auto.tcl: Setting watchdog for 200 seconds at Mon May 18 14:20:37 UTC 2020
21 ms. Memory: 51200K Free: 23850K (47%)
ptolemy.util.test.WatchDog.cancel(): canceling Mon May 18 14:20:37 UTC 2020
auto.tcl: Setting watchdog for 200 seconds at Mon May 18 14:20:37 UTC 2020
12 ms. Memory: 51200K Free: 20159K (39%)
ptolemy.util.test.WatchDog.cancel(): canceling Mon May 18 14:20:37 UTC 2020
------------------ testing $PTII/ptolemy/domains/de/test/auto/Modal3.xml
auto.tcl: Setting watchdog for 200 seconds at Mon May 18 14:20:37 UTC 2020
16 ms. Memory: 51200K Free: 23600K (46%)
ptolemy.util.test.WatchDog.cancel(): canceling Mon May 18 14:20:37 UTC 2020
auto.tcl: Setting watchdog for 200 seconds at Mon May 18 14:20:37 UTC 2020
14 ms. Memory: 51200K Free: 20637K (40%)
ptolemy.util.test.WatchDog.cancel(): canceling Mon May 18 14:20:37 UTC 2020
------------------ testing $PTII/ptolemy/domains/de/test/auto/Modal4.xml
auto.tcl: Setting watchdog for 200 seconds at Mon May 18 14:20:37 UTC 2020
23 ms. Memory: 51200K Free: 22802K (45%)
ptolemy.util.test.WatchDog.cancel(): canceling Mon May 18 14:20:37 UTC 2020
auto.tcl: Setting watchdog for 200 seconds at Mon May 18 14:20:37 UTC 2020
19 ms. Memory: 51200K Free: 18984K (37%)
ptolemy.util.test.WatchDog.cancel(): canceling Mon May 18 14:20:37 UTC 2020
------------------ testing $PTII/ptolemy/domains/de/test/auto/Modal5.xml
auto.tcl: Setting watchdog for 200 seconds at Mon May 18 14:20:37 UTC 2020
14 ms. Memory: 51200K Free: 22818K (45%)
ptolemy.util.test.WatchDog.cancel(): canceling Mon May 18 14:20:37 UTC 2020
auto.tcl: Setting watchdog for 200 seconds at Mon May 18 14:20:37 UTC 2020
14 ms. Memory: 51200K Free: 18970K (37%)
ptolemy.util.test.WatchDog.cancel(): canceling Mon May 18 14:20:37 UTC 2020
------------------ testing $PTII/ptolemy/domains/de/test/auto/Modal6.xml
auto.tcl: Setting watchdog for 200 seconds at Mon May 18 14:20:37 UTC 2020
12 ms. Memory: 51200K Free: 23536K (46%)
ptolemy.util.test.WatchDog.cancel(): canceling Mon May 18 14:20:37 UTC 2020
auto.tcl: Setting watchdog for 200 seconds at Mon May 18 14:20:37 UTC 2020
13 ms. Memory: 51200K Free: 19597K (38%)
ptolemy.util.test.WatchDog.cancel(): canceling Mon May 18 14:20:37 UTC 2020
------------------ testing $PTII/ptolemy/domains/de/test/auto/Modal7.xml
auto.tcl: Setting watchdog for 200 seconds at Mon May 18 14:20:37 UTC 2020
11 ms. Memory: 51200K Free: 22532K (44%)
ptolemy.util.test.WatchDog.cancel(): canceling Mon May 18 14:20:37 UTC 2020
auto.tcl: Setting watchdog for 200 seconds at Mon May 18 14:20:37 UTC 2020
9 ms. Memory: 51200K Free: 18970K (37%)
ptolemy.util.test.WatchDog.cancel(): canceling Mon May 18 14:20:37 UTC 2020
------------------ testing $PTII/ptolemy/domains/de/test/auto/ModalModel.xml
auto.tcl: Setting watchdog for 200 seconds at Mon May 18 14:20:37 UTC 2020
205 ms. Memory: 51200K Free: 15035K (29%)
ptolemy.util.test.WatchDog.cancel(): canceling Mon May 18 14:20:37 UTC 2020
auto.tcl: Setting watchdog for 200 seconds at Mon May 18 14:20:37 UTC 2020
218 ms. Memory: 61440K Free: 20813K (34%)
ptolemy.util.test.WatchDog.cancel(): canceling Mon May 18 14:20:38 UTC 2020
------------------ testing $PTII/ptolemy/domains/de/test/auto/ModalSource.xml
auto.tcl: Setting watchdog for 200 seconds at Mon May 18 14:20:38 UTC 2020
12 ms. Memory: 55296K Free: 31740K (57%)
ptolemy.util.test.WatchDog.cancel(): canceling Mon May 18 14:20:38 UTC 2020
auto.tcl: Setting watchdog for 200 seconds at Mon May 18 14:20:38 UTC 2020
6 ms. Memory: 55296K Free: 29692K (54%)
ptolemy.util.test.WatchDog.cancel(): canceling Mon May 18 14:20:38 UTC 2020
------------------ testing $PTII/ptolemy/domains/de/test/auto/NonInterruptibleTimerZeroDelay.xml
auto.tcl: Setting watchdog for 200 seconds at Mon May 18 14:20:38 UTC 2020
4 ms. Memory: 55296K Free: 36659K (66%)
ptolemy.util.test.WatchDog.cancel(): canceling Mon May 18 14:20:38 UTC 2020
auto.tcl: Setting watchdog for 200 seconds at Mon May 18 14:20:38 UTC 2020
2 ms. Memory: 55296K Free: 36008K (65%)
ptolemy.util.test.WatchDog.cancel(): canceling Mon May 18 14:20:38 UTC 2020
------------------ testing $PTII/ptolemy/domains/de/test/auto/OpenQueueingNetwork.xml
auto.tcl: Setting watchdog for 200 seconds at Mon May 18 14:20:38 UTC 2020
3082 ms. Memory: 110592K Free: 91646K (83%)
ptolemy.util.test.WatchDog.cancel(): canceling Mon May 18 14:20:41 UTC 2020
auto.tcl: Setting watchdog for 200 seconds at Mon May 18 14:20:41 UTC 2020
2972 ms. Memory: 133120K Free: 67061K (50%)
ptolemy.util.test.WatchDog.cancel(): canceling Mon May 18 14:20:44 UTC 2020
------------------ testing $PTII/ptolemy/domains/de/test/auto/OpenQueuingNetwork.xml
auto.tcl: Setting watchdog for 200 seconds at Mon May 18 14:20:44 UTC 2020
245 ms. Memory: 58368K Free: 32404K (56%)
ptolemy.util.test.WatchDog.cancel(): canceling Mon May 18 14:20:44 UTC 2020
auto.tcl: Setting watchdog for 200 seconds at Mon May 18 14:20:44 UTC 2020
240 ms. Memory: 58368K Free: 14315K (25%)
ptolemy.util.test.WatchDog.cancel(): canceling Mon May 18 14:20:45 UTC 2020
------------------ testing $PTII/ptolemy/domains/de/test/auto/PeriodicSampler.xml
auto.tcl: Setting watchdog for 200 seconds at Mon May 18 14:20:45 UTC 2020
3 ms. Memory: 55296K Free: 35880K (65%)
ptolemy.util.test.WatchDog.cancel(): canceling Mon May 18 14:20:45 UTC 2020
auto.tcl: Setting watchdog for 200 seconds at Mon May 18 14:20:45 UTC 2020
2 ms. Memory: 55296K Free: 35360K (64%)
ptolemy.util.test.WatchDog.cancel(): canceling Mon May 18 14:20:45 UTC 2020
------------------ testing $PTII/ptolemy/domains/de/test/auto/PersistentIO.xml
auto.tcl: Setting watchdog for 200 seconds at Mon May 18 14:20:45 UTC 2020
11 ms. Memory: 55296K Free: 30804K (56%)
ptolemy.util.test.WatchDog.cancel(): canceling Mon May 18 14:20:45 UTC 2020
auto.tcl: Setting watchdog for 200 seconds at Mon May 18 14:20:45 UTC 2020
4 ms. Memory: 55296K Free: 29284K (53%)
ptolemy.util.test.WatchDog.cancel(): canceling Mon May 18 14:20:45 UTC 2020
------------------ testing $PTII/ptolemy/domains/de/test/auto/PortParameterResetOnInitialize.xml
auto.tcl: Setting watchdog for 200 seconds at Mon May 18 14:20:45 UTC 2020
2 ms. Memory: 51200K Free: 31703K (62%)
ptolemy.util.test.WatchDog.cancel(): canceling Mon May 18 14:20:45 UTC 2020
auto.tcl: Setting watchdog for 200 seconds at Mon May 18 14:20:45 UTC 2020
2 ms. Memory: 51200K Free: 31196K (61%)
ptolemy.util.test.WatchDog.cancel(): canceling Mon May 18 14:20:45 UTC 2020
------------------ testing $PTII/ptolemy/domains/de/test/auto/PortParameterUpdates.xml
auto.tcl: Setting watchdog for 200 seconds at Mon May 18 14:20:45 UTC 2020
5 ms. Memory: 51200K Free: 30001K (59%)
ptolemy.util.test.WatchDog.cancel(): canceling Mon May 18 14:20:45 UTC 2020
auto.tcl: Setting watchdog for 200 seconds at Mon May 18 14:20:45 UTC 2020
5 ms. Memory: 51200K Free: 28766K (56%)
ptolemy.util.test.WatchDog.cancel(): canceling Mon May 18 14:20:45 UTC 2020
------------------ testing $PTII/ptolemy/domains/de/test/auto/QueueAndServer.xml
auto.tcl: Setting watchdog for 200 seconds at Mon May 18 14:20:45 UTC 2020
14 ms. Memory: 51200K Free: 28669K (56%)
ptolemy.util.test.WatchDog.cancel(): canceling Mon May 18 14:20:45 UTC 2020
auto.tcl: Setting watchdog for 200 seconds at Mon May 18 14:20:45 UTC 2020
8 ms. Memory: 51200K Free: 27196K (53%)
ptolemy.util.test.WatchDog.cancel(): canceling Mon May 18 14:20:45 UTC 2020
------------------ testing $PTII/ptolemy/domains/de/test/auto/Records.xml
auto.tcl: Setting watchdog for 200 seconds at Mon May 18 14:20:45 UTC 2020
4 ms. Memory: 51200K Free: 30944K (60%)
ptolemy.util.test.WatchDog.cancel(): canceling Mon May 18 14:20:45 UTC 2020
auto.tcl: Setting watchdog for 200 seconds at Mon May 18 14:20:45 UTC 2020
2 ms. Memory: 51200K Free: 30432K (59%)
ptolemy.util.test.WatchDog.cancel(): canceling Mon May 18 14:20:45 UTC 2020
------------------ testing $PTII/ptolemy/domains/de/test/auto/ResetTransitionWithStartTime1.xml
auto.tcl: Setting watchdog for 200 seconds at Mon May 18 14:20:45 UTC 2020
9 ms. Memory: 51200K Free: 28192K (55%)
ptolemy.util.test.WatchDog.cancel(): canceling Mon May 18 14:20:45 UTC 2020
auto.tcl: Setting watchdog for 200 seconds at Mon May 18 14:20:45 UTC 2020
6 ms. Memory: 51200K Free: 26144K (51%)
ptolemy.util.test.WatchDog.cancel(): canceling Mon May 18 14:20:45 UTC 2020
------------------ testing $PTII/ptolemy/domains/de/test/auto/ResetTransitionWithStartTime2.xml
auto.tcl: Setting watchdog for 200 seconds at Mon May 18 14:20:45 UTC 2020
5 ms. Memory: 51200K Free: 28147K (55%)
ptolemy.util.test.WatchDog.cancel(): canceling Mon May 18 14:20:45 UTC 2020
auto.tcl: Setting watchdog for 200 seconds at Mon May 18 14:20:45 UTC 2020
6 ms. Memory: 51200K Free: 25590K (50%)
ptolemy.util.test.WatchDog.cancel(): canceling Mon May 18 14:20:45 UTC 2020
------------------ testing $PTII/ptolemy/domains/de/test/auto/ResetTransitionWithStartTime3.xml
auto.tcl: Setting watchdog for 200 seconds at Mon May 18 14:20:45 UTC 2020
5 ms. Memory: 51200K Free: 28145K (55%)
ptolemy.util.test.WatchDog.cancel(): canceling Mon May 18 14:20:45 UTC 2020
auto.tcl: Setting watchdog for 200 seconds at Mon May 18 14:20:45 UTC 2020
6 ms. Memory: 51200K Free: 26097K (51%)
ptolemy.util.test.WatchDog.cancel(): canceling Mon May 18 14:20:45 UTC 2020
------------------ testing $PTII/ptolemy/domains/de/test/auto/ResetTransitionWithStartTime4.xml
auto.tcl: Setting watchdog for 200 seconds at Mon May 18 14:20:45 UTC 2020
11 ms. Memory: 51200K Free: 28570K (56%)
ptolemy.util.test.WatchDog.cancel(): canceling Mon May 18 14:20:45 UTC 2020
auto.tcl: Setting watchdog for 200 seconds at Mon May 18 14:20:45 UTC 2020
4 ms. Memory: 51200K Free: 27120K (53%)
ptolemy.util.test.WatchDog.cancel(): canceling Mon May 18 14:20:45 UTC 2020
------------------ testing $PTII/ptolemy/domains/de/test/auto/ResettableTimer1.xml
auto.tcl: Setting watchdog for 200 seconds at Mon May 18 14:20:45 UTC 2020
3 ms. Memory: 51200K Free: 32360K (63%)
ptolemy.util.test.WatchDog.cancel(): canceling Mon May 18 14:20:45 UTC 2020
auto.tcl: Setting watchdog for 200 seconds at Mon May 18 14:20:45 UTC 2020
2 ms. Memory: 51200K Free: 31678K (62%)
ptolemy.util.test.WatchDog.cancel(): canceling Mon May 18 14:20:45 UTC 2020
------------------ testing $PTII/ptolemy/domains/de/test/auto/ResettableTimer2.xml
auto.tcl: Setting watchdog for 200 seconds at Mon May 18 14:20:46 UTC 2020
2 ms. Memory: 51200K Free: 32416K (63%)
ptolemy.util.test.WatchDog.cancel(): canceling Mon May 18 14:20:46 UTC 2020
auto.tcl: Setting watchdog for 200 seconds at Mon May 18 14:20:46 UTC 2020
3 ms. Memory: 51200K Free: 31770K (62%)
ptolemy.util.test.WatchDog.cancel(): canceling Mon May 18 14:20:46 UTC 2020
------------------ testing $PTII/ptolemy/domains/de/test/auto/ResettableTimer3.xml
auto.tcl: Setting watchdog for 200 seconds at Mon May 18 14:20:46 UTC 2020
1 ms. Memory: 51200K Free: 32758K (64%)
ptolemy.util.test.WatchDog.cancel(): canceling Mon May 18 14:20:46 UTC 2020
auto.tcl: Setting watchdog for 200 seconds at Mon May 18 14:20:46 UTC 2020
1 ms. Memory: 51200K Free: 32278K (63%)
ptolemy.util.test.WatchDog.cancel(): canceling Mon May 18 14:20:46 UTC 2020
------------------ testing $PTII/ptolemy/domains/de/test/auto/ResettableTimer4.xml
auto.tcl: Setting watchdog for 200 seconds at Mon May 18 14:20:46 UTC 2020
1 ms. Memory: 51200K Free: 32291K (63%)
ptolemy.util.test.WatchDog.cancel(): canceling Mon May 18 14:20:46 UTC 2020
auto.tcl: Setting watchdog for 200 seconds at Mon May 18 14:20:46 UTC 2020
2 ms. Memory: 51200K Free: 31777K (62%)
ptolemy.util.test.WatchDog.cancel(): canceling Mon May 18 14:20:46 UTC 2020
------------------ testing $PTII/ptolemy/domains/de/test/auto/ResettableTimer5.xml
auto.tcl: Setting watchdog for 200 seconds at Mon May 18 14:20:46 UTC 2020
2 ms. Memory: 51200K Free: 31776K (62%)
ptolemy.util.test.WatchDog.cancel(): canceling Mon May 18 14:20:46 UTC 2020
auto.tcl: Setting watchdog for 200 seconds at Mon May 18 14:20:46 UTC 2020
2 ms. Memory: 51200K Free: 31266K (61%)
ptolemy.util.test.WatchDog.cancel(): canceling Mon May 18 14:20:46 UTC 2020
------------------ testing $PTII/ptolemy/domains/de/test/auto/ResettableTimer6.xml
auto.tcl: Setting watchdog for 200 seconds at Mon May 18 14:20:46 UTC 2020
1 ms. Memory: 51200K Free: 31766K (62%)
ptolemy.util.test.WatchDog.cancel(): canceling Mon May 18 14:20:46 UTC 2020
auto.tcl: Setting watchdog for 200 seconds at Mon May 18 14:20:46 UTC 2020
2 ms. Memory: 51200K Free: 31256K (61%)
ptolemy.util.test.WatchDog.cancel(): canceling Mon May 18 14:20:46 UTC 2020
------------------ testing $PTII/ptolemy/domains/de/test/auto/ServerZeroDelay.xml
auto.tcl: Setting watchdog for 200 seconds at Mon May 18 14:20:46 UTC 2020
3 ms. Memory: 51200K Free: 32272K (63%)
ptolemy.util.test.WatchDog.cancel(): canceling Mon May 18 14:20:46 UTC 2020
auto.tcl: Setting watchdog for 200 seconds at Mon May 18 14:20:46 UTC 2020
3 ms. Memory: 51200K Free: 31248K (61%)
ptolemy.util.test.WatchDog.cancel(): canceling Mon May 18 14:20:46 UTC 2020
------------------ testing $PTII/ptolemy/domains/de/test/auto/SmartSender.xml
auto.tcl: Setting watchdog for 200 seconds at Mon May 18 14:20:46 UTC 2020
3002 ms. Memory: 51200K Free: 32266K (63%)
ptolemy.util.test.WatchDog.cancel(): canceling Mon May 18 14:20:49 UTC 2020
auto.tcl: Setting watchdog for 200 seconds at Mon May 18 14:20:49 UTC 2020
3001 ms. Memory: 51200K Free: 31743K (62%)
ptolemy.util.test.WatchDog.cancel(): canceling Mon May 18 14:20:52 UTC 2020
------------------ testing $PTII/ptolemy/domains/de/test/auto/ThreadedComposite.xml
auto.tcl: Setting watchdog for 200 seconds at Mon May 18 14:20:52 UTC 2020
174 ms. Memory: 51200K Free: 13334K (26%)
ptolemy.util.test.WatchDog.cancel(): canceling Mon May 18 14:20:52 UTC 2020
auto.tcl: Setting watchdog for 200 seconds at Mon May 18 14:20:52 UTC 2020
214 ms. Memory: 51200K Free: 26216K (51%)
ptolemy.util.test.WatchDog.cancel(): canceling Mon May 18 14:20:52 UTC 2020
------------------ testing $PTII/ptolemy/domains/de/test/auto/Time.xml
auto.tcl: Setting watchdog for 200 seconds at Mon May 18 14:20:52 UTC 2020
588 ms. Memory: 51200K Free: 35020K (68%)
ptolemy.util.test.WatchDog.cancel(): canceling Mon May 18 14:20:53 UTC 2020
auto.tcl: Setting watchdog for 200 seconds at Mon May 18 14:20:53 UTC 2020
509 ms. Memory: 71680K Free: 29280K (41%)
ptolemy.util.test.WatchDog.cancel(): canceling Mon May 18 14:20:54 UTC 2020
------------------ testing $PTII/ptolemy/domains/de/test/auto/TimeDelayZeroDelay.xml
auto.tcl: Setting watchdog for 200 seconds at Mon May 18 14:20:54 UTC 2020
2 ms. Memory: 55296K Free: 36292K (66%)
ptolemy.util.test.WatchDog.cancel(): canceling Mon May 18 14:20:54 UTC 2020
auto.tcl: Setting watchdog for 200 seconds at Mon May 18 14:20:54 UTC 2020
1 ms. Memory: 55296K Free: 35811K (65%)
ptolemy.util.test.WatchDog.cancel(): canceling Mon May 18 14:20:54 UTC 2020
------------------ testing $PTII/ptolemy/domains/de/test/auto/TimerZeroDelay.xml
auto.tcl: Setting watchdog for 200 seconds at Mon May 18 14:20:54 UTC 2020
2 ms. Memory: 51200K Free: 32587K (64%)
ptolemy.util.test.WatchDog.cancel(): canceling Mon May 18 14:20:54 UTC 2020
auto.tcl: Setting watchdog for 200 seconds at Mon May 18 14:20:54 UTC 2020
2 ms. Memory: 51200K Free: 32239K (63%)
ptolemy.util.test.WatchDog.cancel(): canceling Mon May 18 14:20:54 UTC 2020
------------------ testing $PTII/ptolemy/domains/de/test/auto/TimingParadox.xml
auto.tcl: Setting watchdog for 200 seconds at Mon May 18 14:20:54 UTC 2020
270 ms. Memory: 51200K Free: 18313K (36%)
ptolemy.util.test.WatchDog.cancel(): canceling Mon May 18 14:20:54 UTC 2020
auto.tcl: Setting watchdog for 200 seconds at Mon May 18 14:20:54 UTC 2020
276 ms. Memory: 51200K Free: 33047K (65%)
ptolemy.util.test.WatchDog.cancel(): canceling Mon May 18 14:20:54 UTC 2020
------------------ testing $PTII/ptolemy/domains/de/test/auto/TransferInputs.xml
auto.tcl: Setting watchdog for 200 seconds at Mon May 18 14:20:54 UTC 2020
2 ms. Memory: 51200K Free: 30714K (60%)
ptolemy.util.test.WatchDog.cancel(): canceling Mon May 18 14:20:54 UTC 2020
auto.tcl: Setting watchdog for 200 seconds at Mon May 18 14:20:54 UTC 2020
2 ms. Memory: 51200K Free: 29795K (58%)
ptolemy.util.test.WatchDog.cancel(): canceling Mon May 18 14:20:54 UTC 2020
------------------ testing $PTII/ptolemy/domains/de/test/auto/TransferOutputs2.xml
auto.tcl: Setting watchdog for 200 seconds at Mon May 18 14:20:55 UTC 2020
9 ms. Memory: 51200K Free: 28148K (55%)
ptolemy.util.test.WatchDog.cancel(): canceling Mon May 18 14:20:55 UTC 2020
auto.tcl: Setting watchdog for 200 seconds at Mon May 18 14:20:55 UTC 2020
3 ms. Memory: 51200K Free: 26740K (52%)
ptolemy.util.test.WatchDog.cancel(): canceling Mon May 18 14:20:55 UTC 2020
------------------ testing $PTII/ptolemy/domains/de/test/auto/Trilateration.xml
auto.tcl: Setting watchdog for 200 seconds at Mon May 18 14:20:55 UTC 2020
12235 ms. Memory: 464896K Free: 330660K (71%)
ptolemy.util.test.WatchDog.cancel(): canceling Mon May 18 14:21:08 UTC 2020
auto.tcl: Setting watchdog for 200 seconds at Mon May 18 14:21:08 UTC 2020
8877 ms. Memory: 464896K Free: 177672K (38%)
ptolemy.util.test.WatchDog.cancel(): canceling Mon May 18 14:21:17 UTC 2020
------------------ testing $PTII/ptolemy/domains/de/test/auto/TwoSigmaDelta.xml
auto.tcl: Setting watchdog for 200 seconds at Mon May 18 14:21:17 UTC 2020
2338 ms. Memory: 92160K Free: 24778K (27%)
ptolemy.util.test.WatchDog.cancel(): canceling Mon May 18 14:21:19 UTC 2020
auto.tcl: Setting watchdog for 200 seconds at Mon May 18 14:21:19 UTC 2020
1792 ms. Memory: 92160K Free: 28851K (31%)
ptolemy.util.test.WatchDog.cancel(): canceling Mon May 18 14:21:21 UTC 2020
------------------ testing $PTII/ptolemy/domains/de/test/auto/VariableDelay.xml
auto.tcl: Setting watchdog for 200 seconds at Mon May 18 14:21:21 UTC 2020
4 ms. Memory: 55296K Free: 35276K (64%)
ptolemy.util.test.WatchDog.cancel(): canceling Mon May 18 14:21:21 UTC 2020
auto.tcl: Setting watchdog for 200 seconds at Mon May 18 14:21:21 UTC 2020
2 ms. Memory: 55296K Free: 34283K (62%)
ptolemy.util.test.WatchDog.cancel(): canceling Mon May 18 14:21:21 UTC 2020
------------------ testing $PTII/ptolemy/domains/de/test/auto/VariableDelay2.xml
auto.tcl: Setting watchdog for 200 seconds at Mon May 18 14:21:21 UTC 2020
11 ms. Memory: 55296K Free: 35885K (65%)
ptolemy.util.test.WatchDog.cancel(): canceling Mon May 18 14:21:21 UTC 2020
auto.tcl: Setting watchdog for 200 seconds at Mon May 18 14:21:21 UTC 2020
1 ms. Memory: 55296K Free: 35357K (64%)
ptolemy.util.test.WatchDog.cancel(): canceling Mon May 18 14:21:21 UTC 2020
------------------ testing $PTII/ptolemy/domains/de/test/auto/VariableDelayZeroDelay.xml
auto.tcl: Setting watchdog for 200 seconds at Mon May 18 14:21:21 UTC 2020
2 ms. Memory: 55296K Free: 36224K (66%)
ptolemy.util.test.WatchDog.cancel(): canceling Mon May 18 14:21:21 UTC 2020
auto.tcl: Setting watchdog for 200 seconds at Mon May 18 14:21:21 UTC 2020
2 ms. Memory: 55296K Free: 35680K (65%)
ptolemy.util.test.WatchDog.cancel(): canceling Mon May 18 14:21:21 UTC 2020
------------------ testing $PTII/ptolemy/domains/de/test/auto/VariableDelayZeroDelay2.xml
auto.tcl: Setting watchdog for 200 seconds at Mon May 18 14:21:21 UTC 2020
3 ms. Memory: 51200K Free: 32121K (63%)
ptolemy.util.test.WatchDog.cancel(): canceling Mon May 18 14:21:21 UTC 2020
auto.tcl: Setting watchdog for 200 seconds at Mon May 18 14:21:21 UTC 2020
5 ms. Memory: 51200K Free: 31097K (61%)
ptolemy.util.test.WatchDog.cancel(): canceling Mon May 18 14:21:21 UTC 2020
------------------ testing $PTII/ptolemy/domains/de/test/auto/deInCt.xml
auto.tcl: Setting watchdog for 200 seconds at Mon May 18 14:21:21 UTC 2020
0
1
1
1
0
0
0
1
1
0
0
1
1
0
0
1
1
1
0
0
1
1
1
0
0
0
1
1
1
1
1
0
0
0
0
0
1
1
1
0
0
0
0
13 ms. Memory: 51200K Free: 31095K (61%)
ptolemy.util.test.WatchDog.cancel(): canceling Mon May 18 14:21:21 UTC 2020
auto.tcl: Setting watchdog for 200 seconds at Mon May 18 14:21:21 UTC 2020
0
1
1
1
0
0
0
0
1
1
1
0
0
0
0
1
1
1
1
0
0
0
1
1
1
1
0
0
0
0
0
1
1
1
1
4 ms. Memory: 51200K Free: 29557K (58%)
ptolemy.util.test.WatchDog.cancel(): canceling Mon May 18 14:21:21 UTC 2020
------------------ testing $PTII/ptolemy/domains/de/test/auto/deInCt2.xml
auto.tcl: Setting watchdog for 200 seconds at Mon May 18 14:21:21 UTC 2020
0
1
1
1
0
0
1
1
1
0
0
1
1
1
0
0
1
1
1
0
0
1
1
1
0
0
1
1
1
0
0
1
1
1
0
0
1
1
1
0
0
0
7 ms. Memory: 51200K Free: 31097K (61%)
ptolemy.util.test.WatchDog.cancel(): canceling Mon May 18 14:21:21 UTC 2020
auto.tcl: Setting watchdog for 200 seconds at Mon May 18 14:21:21 UTC 2020
0
1
1
1
0
0
1
1
1
0
0
1
1
1
0
0
1
1
1
0
0
1
1
1
0
0
1
1
1
0
0
1
1
1
0
0
1
1
1
0
0
0
4 ms. Memory: 51200K Free: 29553K (58%)
ptolemy.util.test.WatchDog.cancel(): canceling Mon May 18 14:21:21 UTC 2020
------------------ testing $PTII/ptolemy/domains/de/test/auto/dynamicCausalityInterface1.xml
auto.tcl: Setting watchdog for 200 seconds at Mon May 18 14:21:21 UTC 2020
1 ms. Memory: 51200K Free: 26996K (53%)
ptolemy.util.test.WatchDog.cancel(): canceling Mon May 18 14:21:22 UTC 2020
auto.tcl: Setting watchdog for 200 seconds at Mon May 18 14:21:22 UTC 2020
1 ms. Memory: 51200K Free: 26490K (52%)
ptolemy.util.test.WatchDog.cancel(): canceling Mon May 18 14:21:22 UTC 2020
------------------ testing $PTII/ptolemy/domains/de/test/auto/fsm_de_test.xml
auto.tcl: Setting watchdog for 200 seconds at Mon May 18 14:21:22 UTC 2020
7 ms. Memory: 51200K Free: 26894K (53%)
ptolemy.util.test.WatchDog.cancel(): canceling Mon May 18 14:21:22 UTC 2020
auto.tcl: Setting watchdog for 200 seconds at Mon May 18 14:21:22 UTC 2020
6 ms. Memory: 51200K Free: 24846K (49%)
ptolemy.util.test.WatchDog.cancel(): canceling Mon May 18 14:21:22 UTC 2020
------------------ testing $PTII/ptolemy/domains/de/test/auto/functionDependencyReconstruction.xml
auto.tcl: Setting watchdog for 200 seconds at Mon May 18 14:21:22 UTC 2020
3 ms. Memory: 51200K Free: 20740K (41%)
ptolemy.util.test.WatchDog.cancel(): canceling Mon May 18 14:21:22 UTC 2020
auto.tcl: Setting watchdog for 200 seconds at Mon May 18 14:21:22 UTC 2020
3 ms. Memory: 51200K Free: 18692K (37%)
ptolemy.util.test.WatchDog.cancel(): canceling Mon May 18 14:21:22 UTC 2020
------------------ testing $PTII/ptolemy/domains/de/test/auto/multirate.xml
auto.tcl: Setting watchdog for 200 seconds at Mon May 18 14:21:22 UTC 2020
3 ms. Memory: 51200K Free: 29310K (57%)
ptolemy.util.test.WatchDog.cancel(): canceling Mon May 18 14:21:22 UTC 2020
auto.tcl: Setting watchdog for 200 seconds at Mon May 18 14:21:22 UTC 2020
3 ms. Memory: 51200K Free: 27790K (54%)
ptolemy.util.test.WatchDog.cancel(): canceling Mon May 18 14:21:22 UTC 2020
------------------ testing $PTII/ptolemy/domains/de/test/auto/multirate2.xml
auto.tcl: Setting watchdog for 200 seconds at Mon May 18 14:21:22 UTC 2020
3 ms. Memory: 51200K Free: 29491K (58%)
ptolemy.util.test.WatchDog.cancel(): canceling Mon May 18 14:21:22 UTC 2020
auto.tcl: Setting watchdog for 200 seconds at Mon May 18 14:21:22 UTC 2020
3 ms. Memory: 51200K Free: 27983K (55%)
ptolemy.util.test.WatchDog.cancel(): canceling Mon May 18 14:21:22 UTC 2020
------------------ testing $PTII/ptolemy/domains/de/test/auto/realtime.xml
auto.tcl: Setting watchdog for 200 seconds at Mon May 18 14:21:22 UTC 2020
10001 ms. Memory: 51200K Free: 31766K (62%)
ptolemy.util.test.WatchDog.cancel(): canceling Mon May 18 14:21:32 UTC 2020
auto.tcl: Setting watchdog for 200 seconds at Mon May 18 14:21:32 UTC 2020
10001 ms. Memory: 51200K Free: 31041K (61%)
ptolemy.util.test.WatchDog.cancel(): canceling Mon May 18 14:21:42 UTC 2020
------------------ testing $PTII/ptolemy/domains/de/test/auto/relationGroup.xml
auto.tcl: Setting watchdog for 200 seconds at Mon May 18 14:21:42 UTC 2020
2 ms. Memory: 51200K Free: 32827K (64%)
ptolemy.util.test.WatchDog.cancel(): canceling Mon May 18 14:21:42 UTC 2020
auto.tcl: Setting watchdog for 200 seconds at Mon May 18 14:21:42 UTC 2020
1 ms. Memory: 51200K Free: 32091K (63%)
ptolemy.util.test.WatchDog.cancel(): canceling Mon May 18 14:21:42 UTC 2020
------------------ testing $PTII/ptolemy/domains/de/test/auto/relationGroup2.xml
auto.tcl: Setting watchdog for 200 seconds at Mon May 18 14:21:42 UTC 2020
1 ms. Memory: 51200K Free: 32657K (64%)
ptolemy.util.test.WatchDog.cancel(): canceling Mon May 18 14:21:42 UTC 2020
auto.tcl: Setting watchdog for 200 seconds at Mon May 18 14:21:42 UTC 2020
2 ms. Memory: 51200K Free: 32158K (63%)
ptolemy.util.test.WatchDog.cancel(): canceling Mon May 18 14:21:42 UTC 2020
------------------ testing $PTII/ptolemy/domains/de/test/auto/sortWithOpaquePorts.xml
auto.tcl: Setting watchdog for 200 seconds at Mon May 18 14:21:42 UTC 2020
2 ms. Memory: 51200K Free: 31619K (62%)
ptolemy.util.test.WatchDog.cancel(): canceling Mon May 18 14:21:42 UTC 2020
auto.tcl: Setting watchdog for 200 seconds at Mon May 18 14:21:42 UTC 2020
2 ms. Memory: 51200K Free: 30593K (60%)
ptolemy.util.test.WatchDog.cancel(): canceling Mon May 18 14:21:42 UTC 2020
------------------ testing $PTII/ptolemy/domains/de/test/auto/transferInputsandOutputs.xml
auto.tcl: Setting watchdog for 200 seconds at Mon May 18 14:21:42 UTC 2020
5 ms. Memory: 51200K Free: 29063K (57%)
ptolemy.util.test.WatchDog.cancel(): canceling Mon May 18 14:21:42 UTC 2020
auto.tcl: Setting watchdog for 200 seconds at Mon May 18 14:21:42 UTC 2020
3 ms. Memory: 51200K Free: 28050K (55%)
ptolemy.util.test.WatchDog.cancel(): canceling Mon May 18 14:21:42 UTC 2020
------------------ testing $PTII/ptolemy/domains/de/test/auto/triggerType.xml
auto.tcl: Setting watchdog for 200 seconds at Mon May 18 14:21:42 UTC 2020
2 ms. Memory: 51200K Free: 32087K (63%)
ptolemy.util.test.WatchDog.cancel(): canceling Mon May 18 14:21:42 UTC 2020
auto.tcl: Setting watchdog for 200 seconds at Mon May 18 14:21:42 UTC 2020
2 ms. Memory: 51200K Free: 31063K (61%)
ptolemy.util.test.WatchDog.cancel(): canceling Mon May 18 14:21:42 UTC 2020
05/18/20 02:21:42
Failed: 0  Total Tests: 192  ((Passed: 187, Newly Passed: 1)  Known Failed: 5) /home/travis/build/icyphy/ptII/ptolemy/domains/de/test
05/18/20 02:21:42
Failed: 0  Total Tests: 192  ((Passed: 187, Newly Passed: 1)  Known Failed: 5) /home/travis/build/icyphy/ptII/ptolemy/domains/de/test
----------------- testing (KnownFailure) /home/travis/build/icyphy/ptII/ptolemy/domains/de/test/auto/knownFailedTests/DESDFClockTest.xml
2011 ms. Memory: 51200K Free: 24973K (49%)
Known Failure: java.lang.reflect.InvocationTargetException
----------------- testing (KnownFailure) /home/travis/build/icyphy/ptII/ptolemy/domains/de/test/auto/knownFailedTests/DirectFeedback.xml
2 ms. Memory: 51200K Free: 21387K (42%)
Known Failure: java.lang.reflect.InvocationTargetException
----------------- testing (KnownFailure) /home/travis/build/icyphy/ptII/ptolemy/domains/de/test/auto/knownFailedTests/FSMSource.xml
7 ms. Memory: 51200K Free: 13709K (27%)
----------------- testing (KnownFailure) /home/travis/build/icyphy/ptII/ptolemy/domains/de/test/auto/knownFailedTests/HierarchicalModel.xml
3 ms. Memory: 51200K Free: 25969K (51%)
Known Failure: java.lang.reflect.InvocationTargetException
----------------- testing (KnownFailure) /home/travis/build/icyphy/ptII/ptolemy/domains/de/test/auto/knownFailedTests/dependencyLoop.xml
2 ms. Memory: 51200K Free: 10649K (21%)
Known Failure: java.lang.reflect.InvocationTargetException
----------------- testing (KnownFailure) /home/travis/build/icyphy/ptII/ptolemy/domains/de/test/auto/knownFailedTests/dependencyLoop2.xml
7 ms. Memory: 51200K Free: 23469K (46%)
Known Failure: java.lang.reflect.InvocationTargetException
No auto/linux-amd64/*.xml tests in /home/travis/build/icyphy/ptII/ptolemy/domains/de/test
AutoTests.java: About to close Vertx.
AutoTests.java: Vertx closed.

===========================================================================================
----------------- testing Mon May 18 14:21:44 UTC 2020 /home/travis/build/icyphy/ptII/ptolemy/domains/de/test/auto/ActorDepthCalculation_actorWithoutPorts.xml
----------------- Instantiating /home/travis/build/icyphy/ptII/ptolemy/domains/de/test/auto/ActorDepthCalculation_actorWithoutPorts.xml
3 ms. Memory: 51200K Free: 17016K (33%)
----------------- Invoking toplevel() on ptolemy.moml.MoMLSimpleApplication@5c6908d3
----------------- Done invoking toplevel() on ptolemy.moml.MoMLSimpleApplication@5c6908d3
reloadAllAccessors: .ActorDepthCalculation_actorWithoutPorts

===========================================================================================
----------------- testing Mon May 18 14:21:44 UTC 2020 /home/travis/build/icyphy/ptII/ptolemy/domains/de/test/auto/AssemblyLine.xml
----------------- Instantiating /home/travis/build/icyphy/ptII/ptolemy/domains/de/test/auto/AssemblyLine.xml
5 ms. Memory: 51200K Free: 9878K (19%)
----------------- Invoking toplevel() on ptolemy.moml.MoMLSimpleApplication@26b4f371
----------------- Done invoking toplevel() on ptolemy.moml.MoMLSimpleApplication@26b4f371
reloadAllAccessors: .AssemblyLine

===========================================================================================
----------------- testing Mon May 18 14:21:45 UTC 2020 /home/travis/build/icyphy/ptII/ptolemy/domains/de/test/auto/CQBug1.xml
----------------- Instantiating /home/travis/build/icyphy/ptII/ptolemy/domains/de/test/auto/CQBug1.xml
1 ms. Memory: 51200K Free: 34633K (68%)
----------------- Invoking toplevel() on ptolemy.moml.MoMLSimpleApplication@316a6ff3
----------------- Done invoking toplevel() on ptolemy.moml.MoMLSimpleApplication@316a6ff3
reloadAllAccessors: .CQBug1

===========================================================================================
----------------- testing Mon May 18 14:21:45 UTC 2020 /home/travis/build/icyphy/ptII/ptolemy/domains/de/test/auto/CancelFireAt.xml
----------------- Instantiating /home/travis/build/icyphy/ptII/ptolemy/domains/de/test/auto/CancelFireAt.xml
10 ms. Memory: 51200K Free: 31978K (62%)
----------------- Invoking toplevel() on ptolemy.moml.MoMLSimpleApplication@1cba8491
----------------- Done invoking toplevel() on ptolemy.moml.MoMLSimpleApplication@1cba8491
reloadAllAccessors: .CancelFireAt

===========================================================================================
----------------- testing Mon May 18 14:21:45 UTC 2020 /home/travis/build/icyphy/ptII/ptolemy/domains/de/test/auto/CausalityAndComposabilityAnalysis.xml
----------------- Instantiating /home/travis/build/icyphy/ptII/ptolemy/domains/de/test/auto/CausalityAndComposabilityAnalysis.xml
2 ms. Memory: 51200K Free: 27465K (54%)
----------------- Invoking toplevel() on ptolemy.moml.MoMLSimpleApplication@1dd01997
----------------- Done invoking toplevel() on ptolemy.moml.MoMLSimpleApplication@1dd01997
reloadAllAccessors: .CausalityAndComposabilityAnalysis

===========================================================================================
----------------- testing Mon May 18 14:21:45 UTC 2020 /home/travis/build/icyphy/ptII/ptolemy/domains/de/test/auto/CausalityInterface1.xml
----------------- Instantiating /home/travis/build/icyphy/ptII/ptolemy/domains/de/test/auto/CausalityInterface1.xml
5 ms. Memory: 51200K Free: 22624K (44%)
----------------- Invoking toplevel() on ptolemy.moml.MoMLSimpleApplication@14a6ecd9
----------------- Done invoking toplevel() on ptolemy.moml.MoMLSimpleApplication@14a6ecd9
reloadAllAccessors: .CausalityInterface1

===========================================================================================
----------------- testing Mon May 18 14:21:45 UTC 2020 /home/travis/build/icyphy/ptII/ptolemy/domains/de/test/auto/CausalityInterface15.xml
----------------- Instantiating /home/travis/build/icyphy/ptII/ptolemy/domains/de/test/auto/CausalityInterface15.xml
1 ms. Memory: 51200K Free: 17187K (34%)
----------------- Invoking toplevel() on ptolemy.moml.MoMLSimpleApplication@3bfca259
----------------- Done invoking toplevel() on ptolemy.moml.MoMLSimpleApplication@3bfca259
reloadAllAccessors: .CausalityInterface15

===========================================================================================
----------------- testing Mon May 18 14:21:45 UTC 2020 /home/travis/build/icyphy/ptII/ptolemy/domains/de/test/auto/CausalityInterface2.xml
----------------- Instantiating /home/travis/build/icyphy/ptII/ptolemy/domains/de/test/auto/CausalityInterface2.xml
1 ms. Memory: 51200K Free: 12552K (25%)
[...]
	at ptolemy.actor.Manager.run(Manager.java:1263)
	at ptolemy.actor.Manager$PtolemyRunThread.run(Manager.java:1933)
java.lang.RuntimeException: Execution failed
	at ptolemy.moml.MoMLSimpleApplication$UnloadThread.run(MoMLSimpleApplication.java:402)
Caused by: ptolemy.kernel.util.IllegalActionException: Actor is not ready to fire.  Perhaps UpSample.prefire() returned false? Try debugging the actor by selecting "Listen to Actor".  Also, for SDF check moml for tokenConsumptionRate on input.
  in .DESDFClockTest.Play Bell.Copy1:SDF Director and .DESDFClockTest.Play Bell.UpSample
	at ptolemy.actor.sched.StaticSchedulingDirector.fire(StaticSchedulingDirector.java:227)
	at ptolemy.domains.sdf.kernel.SDFDirector.fire(SDFDirector.java:500)
	at ptolemy.actor.CompositeActor.fire(CompositeActor.java:455)
	at ptolemy.domains.de.kernel.DEDirector._fire(DEDirector.java:1949)
	at ptolemy.domains.de.kernel.DEDirector.fire(DEDirector.java:502)
	at ptolemy.actor.CompositeActor.fire(CompositeActor.java:455)
	at ptolemy.actor.Manager.iterate(Manager.java:851)
	at ptolemy.actor.Manager.execute(Manager.java:369)
	at ptolemy.actor.Manager.run(Manager.java:1263)
	at ptolemy.actor.Manager$PtolemyRunThread.run(Manager.java:1933)
java.lang.reflect.InvocationTargetException
	at java.base/jdk.internal.reflect.NativeConstructorAccessorImpl.newInstance0(Native Method)
	at java.base/jdk.internal.reflect.NativeConstructorAccessorImpl.newInstance(NativeConstructorAccessorImpl.java:62)
	at java.base/jdk.internal.reflect.DelegatingConstructorAccessorImpl.newInstance(DelegatingConstructorAccessorImpl.java:45)
	at java.base/java.lang.reflect.Constructor.newInstance(Constructor.java:490)
	at ptolemy.util.test.junit.AutoKnownFailedTests.RunModel(AutoKnownFailedTests.java:105)
	at java.base/jdk.internal.reflect.NativeMethodAccessorImpl.invoke0(Native Method)
	at java.base/jdk.internal.reflect.NativeMethodAccessorImpl.invoke(NativeMethodAccessorImpl.java:62)
	at java.base/jdk.internal.reflect.DelegatingMethodAccessorImpl.invoke(DelegatingMethodAccessorImpl.java:43)
	at java.base/java.lang.reflect.Method.invoke(Method.java:566)
	at org.junit.runners.model.FrameworkMethod$1.runReflectiveCall(FrameworkMethod.java:44)
	at org.junit.internal.runners.model.ReflectiveCallable.run(ReflectiveCallable.java:15)
	at org.junit.runners.model.FrameworkMethod.invokeExplosively(FrameworkMethod.java:41)
	at junitparams.internal.InvokeParameterisedMethod.evaluate(InvokeParameterisedMethod.java:102)
	at org.junit.internal.runners.statements.FailOnTimeout$1.run(FailOnTimeout.java:28)
Caused by: ptolemy.kernel.util.IllegalActionException: Actor is not ready to fire.  Perhaps UpSample.prefire() returned false? Try debugging the actor by selecting "Listen to Actor".  Also, for SDF check moml for tokenConsumptionRate on input.
  in .DESDFClockTest.Play Bell.Copy1:SDF Director and .DESDFClockTest.Play Bell.UpSample
	at ptolemy.actor.sched.StaticSchedulingDirector.fire(StaticSchedulingDirector.java:227)
	at ptolemy.domains.sdf.kernel.SDFDirector.fire(SDFDirector.java:500)
	at ptolemy.actor.CompositeActor.fire(CompositeActor.java:455)
	at ptolemy.domains.de.kernel.DEDirector._fire(DEDirector.java:1949)
	at ptolemy.domains.de.kernel.DEDirector.fire(DEDirector.java:502)
	at ptolemy.actor.CompositeActor.fire(CompositeActor.java:455)
	at ptolemy.actor.Manager.iterate(Manager.java:851)
	at ptolemy.actor.Manager.execute(Manager.java:369)
	at ptolemy.actor.Manager.run(Manager.java:1263)
	at ptolemy.actor.Manager$PtolemyRunThread.run(Manager.java:1933)
java.lang.RuntimeException: Execution failed
	at ptolemy.moml.MoMLSimpleApplication$UnloadThread.run(MoMLSimpleApplication.java:402)
Caused by: ptolemy.kernel.util.IllegalActionException: Test fails in iteration 1.
Value was: 1.0. Should have been: 2.0
  in .DirectFeedback.Test
	at ptolemy.actor.lib.Test.fire(Test.java:268)
	at ptolemy.domains.de.kernel.DEDirector._fire(DEDirector.java:1949)
	at ptolemy.domains.de.kernel.DEDirector.fire(DEDirector.java:502)
	at ptolemy.actor.CompositeActor.fire(CompositeActor.java:455)
	at ptolemy.actor.Manager.iterate(Manager.java:851)
	at ptolemy.actor.Manager.execute(Manager.java:369)
	at ptolemy.actor.Manager.run(Manager.java:1263)
	at ptolemy.actor.Manager$PtolemyRunThread.run(Manager.java:1933)
java.lang.reflect.InvocationTargetException
	at java.base/jdk.internal.reflect.NativeConstructorAccessorImpl.newInstance0(Native Method)
	at java.base/jdk.internal.reflect.NativeConstructorAccessorImpl.newInstance(NativeConstructorAccessorImpl.java:62)
	at java.base/jdk.internal.reflect.DelegatingConstructorAccessorImpl.newInstance(DelegatingConstructorAccessorImpl.java:45)
	at java.base/java.lang.reflect.Constructor.newInstance(Constructor.java:490)
	at ptolemy.util.test.junit.AutoKnownFailedTests.RunModel(AutoKnownFailedTests.java:105)
	at java.base/jdk.internal.reflect.NativeMethodAccessorImpl.invoke0(Native Method)
	at java.base/jdk.internal.reflect.NativeMethodAccessorImpl.invoke(NativeMethodAccessorImpl.java:62)
	at java.base/jdk.internal.reflect.DelegatingMethodAccessorImpl.invoke(DelegatingMethodAccessorImpl.java:43)
	at java.base/java.lang.reflect.Method.invoke(Method.java:566)
	at org.junit.runners.model.FrameworkMethod$1.runReflectiveCall(FrameworkMethod.java:44)
	at org.junit.internal.runners.model.ReflectiveCallable.run(ReflectiveCallable.java:15)
	at org.junit.runners.model.FrameworkMethod.invokeExplosively(FrameworkMethod.java:41)
	at junitparams.internal.InvokeParameterisedMethod.evaluate(InvokeParameterisedMethod.java:102)
	at org.junit.internal.runners.statements.FailOnTimeout$1.run(FailOnTimeout.java:28)
Caused by: ptolemy.kernel.util.IllegalActionException: Test fails in iteration 1.
Value was: 1.0. Should have been: 2.0
  in .DirectFeedback.Test
	at ptolemy.actor.lib.Test.fire(Test.java:268)
	at ptolemy.domains.de.kernel.DEDirector._fire(DEDirector.java:1949)
	at ptolemy.domains.de.kernel.DEDirector.fire(DEDirector.java:502)
	at ptolemy.actor.CompositeActor.fire(CompositeActor.java:455)
	at ptolemy.actor.Manager.iterate(Manager.java:851)
	at ptolemy.actor.Manager.execute(Manager.java:369)
	at ptolemy.actor.Manager.run(Manager.java:1263)
	at ptolemy.actor.Manager$PtolemyRunThread.run(Manager.java:1933)
java.lang.RuntimeException: Execution failed
	at ptolemy.moml.MoMLSimpleApplication$UnloadThread.run(MoMLSimpleApplication.java:402)
Caused by: ptolemy.kernel.util.IllegalActionException: Found a zero delay loop containing .HierarchicalModel.A
  in .HierarchicalModel and .HierarchicalModel.A
	at ptolemy.actor.util.CausalityInterfaceForComposites._computeOutputPortDepth(CausalityInterfaceForComposites.java:759)
	at ptolemy.actor.util.CausalityInterfaceForComposites._computeInputDepth(CausalityInterfaceForComposites.java:696)
	at ptolemy.actor.util.CausalityInterfaceForComposites._computeOutputPortDepth(CausalityInterfaceForComposites.java:765)
	at ptolemy.actor.util.CausalityInterfaceForComposites._computeInputDepth(CausalityInterfaceForComposites.java:696)
	at ptolemy.actor.util.CausalityInterfaceForComposites._computeOutputPortDepth(CausalityInterfaceForComposites.java:765)
	at ptolemy.actor.util.CausalityInterfaceForComposites._computeInputDepth(CausalityInterfaceForComposites.java:696)
	at ptolemy.actor.util.CausalityInterfaceForComposites._computeActorDepth(CausalityInterfaceForComposites.java:532)
	at ptolemy.actor.util.CausalityInterfaceForComposites.checkForCycles(CausalityInterfaceForComposites.java:96)
	at ptolemy.domains.de.kernel.DEDirector.preinitialize(DEDirector.java:1338)
	at ptolemy.actor.CompositeActor.preinitialize(CompositeActor.java:1828)
	at ptolemy.actor.Manager.preinitializeAndResolveTypes(Manager.java:1040)
	at ptolemy.actor.Manager.initialize(Manager.java:710)
	at ptolemy.actor.Manager.execute(Manager.java:356)
	at ptolemy.actor.Manager.run(Manager.java:1263)
	at ptolemy.actor.Manager$PtolemyRunThread.run(Manager.java:1933)
java.lang.reflect.InvocationTargetException
	at java.base/jdk.internal.reflect.NativeConstructorAccessorImpl.newInstance0(Native Method)
	at java.base/jdk.internal.reflect.NativeConstructorAccessorImpl.newInstance(NativeConstructorAccessorImpl.java:62)
	at java.base/jdk.internal.reflect.DelegatingConstructorAccessorImpl.newInstance(DelegatingConstructorAccessorImpl.java:45)
	at java.base/java.lang.reflect.Constructor.newInstance(Constructor.java:490)
	at ptolemy.util.test.junit.AutoKnownFailedTests.RunModel(AutoKnownFailedTests.java:105)
	at java.base/jdk.internal.reflect.NativeMethodAccessorImpl.invoke0(Native Method)
	at java.base/jdk.internal.reflect.NativeMethodAccessorImpl.invoke(NativeMethodAccessorImpl.java:62)
	at java.base/jdk.internal.reflect.DelegatingMethodAccessorImpl.invoke(DelegatingMethodAccessorImpl.java:43)
	at java.base/java.lang.reflect.Method.invoke(Method.java:566)
	at org.junit.runners.model.FrameworkMethod$1.runReflectiveCall(FrameworkMethod.java:44)
	at org.junit.internal.runners.model.ReflectiveCallable.run(ReflectiveCallable.java:15)
	at org.junit.runners.model.FrameworkMethod.invokeExplosively(FrameworkMethod.java:41)
	at junitparams.internal.InvokeParameterisedMethod.evaluate(InvokeParameterisedMethod.java:102)
	at org.junit.internal.runners.statements.FailOnTimeout$1.run(FailOnTimeout.java:28)
Caused by: ptolemy.kernel.util.IllegalActionException: Found a zero delay loop containing .HierarchicalModel.A
  in .HierarchicalModel and .HierarchicalModel.A
	at ptolemy.actor.util.CausalityInterfaceForComposites._computeOutputPortDepth(CausalityInterfaceForComposites.java:759)
	at ptolemy.actor.util.CausalityInterfaceForComposites._computeInputDepth(CausalityInterfaceForComposites.java:696)
	at ptolemy.actor.util.CausalityInterfaceForComposites._computeOutputPortDepth(CausalityInterfaceForComposites.java:765)
	at ptolemy.actor.util.CausalityInterfaceForComposites._computeInputDepth(CausalityInterfaceForComposites.java:696)
	at ptolemy.actor.util.CausalityInterfaceForComposites._computeOutputPortDepth(CausalityInterfaceForComposites.java:765)
	at ptolemy.actor.util.CausalityInterfaceForComposites._computeInputDepth(CausalityInterfaceForComposites.java:696)
	at ptolemy.actor.util.CausalityInterfaceForComposites._computeActorDepth(CausalityInterfaceForComposites.java:532)
	at ptolemy.actor.util.CausalityInterfaceForComposites.checkForCycles(CausalityInterfaceForComposites.java:96)
	at ptolemy.domains.de.kernel.DEDirector.preinitialize(DEDirector.java:1338)
	at ptolemy.actor.CompositeActor.preinitialize(CompositeActor.java:1828)
	at ptolemy.actor.Manager.preinitializeAndResolveTypes(Manager.java:1040)
	at ptolemy.actor.Manager.initialize(Manager.java:710)
	at ptolemy.actor.Manager.execute(Manager.java:356)
	at ptolemy.actor.Manager.run(Manager.java:1263)
	at ptolemy.actor.Manager$PtolemyRunThread.run(Manager.java:1933)
java.lang.RuntimeException: Execution failed
	at ptolemy.moml.MoMLSimpleApplication$UnloadThread.run(MoMLSimpleApplication.java:402)
Caused by: ptolemy.kernel.util.IllegalActionException: Found a zero delay loop containing .dependencyLoop.original
  in .dependencyLoop and .dependencyLoop.original
	at ptolemy.actor.util.CausalityInterfaceForComposites._computeOutputPortDepth(CausalityInterfaceForComposites.java:759)
	at ptolemy.actor.util.CausalityInterfaceForComposites._computeInputDepth(CausalityInterfaceForComposites.java:696)
	at ptolemy.actor.util.CausalityInterfaceForComposites._computeOutputPortDepth(CausalityInterfaceForComposites.java:765)
	at ptolemy.actor.util.CausalityInterfaceForComposites._computeInputDepth(CausalityInterfaceForComposites.java:696)
	at ptolemy.actor.util.CausalityInterfaceForComposites._computeOutputPortDepth(CausalityInterfaceForComposites.java:765)
	at ptolemy.actor.util.CausalityInterfaceForComposites._computeInputDepth(CausalityInterfaceForComposites.java:696)
	at ptolemy.actor.util.CausalityInterfaceForComposites._computeActorDepth(CausalityInterfaceForComposites.java:532)
	at ptolemy.actor.util.CausalityInterfaceForComposites.checkForCycles(CausalityInterfaceForComposites.java:96)
	at ptolemy.domains.de.kernel.DEDirector.preinitialize(DEDirector.java:1338)
	at ptolemy.actor.CompositeActor.preinitialize(CompositeActor.java:1828)
	at ptolemy.actor.Manager.preinitializeAndResolveTypes(Manager.java:1040)
	at ptolemy.actor.Manager.initialize(Manager.java:710)
	at ptolemy.actor.Manager.execute(Manager.java:356)
	at ptolemy.actor.Manager.run(Manager.java:1263)
	at ptolemy.actor.Manager$PtolemyRunThread.run(Manager.java:1933)
java.lang.reflect.InvocationTargetException
	at java.base/jdk.internal.reflect.NativeConstructorAccessorImpl.newInstance0(Native Method)
	at java.base/jdk.internal.reflect.NativeConstructorAccessorImpl.newInstance(NativeConstructorAccessorImpl.java:62)
	at java.base/jdk.internal.reflect.DelegatingConstructorAccessorImpl.newInstance(DelegatingConstructorAccessorImpl.java:45)
	at java.base/java.lang.reflect.Constructor.newInstance(Constructor.java:490)
	at ptolemy.util.test.junit.AutoKnownFailedTests.RunModel(AutoKnownFailedTests.java:105)
	at java.base/jdk.internal.reflect.NativeMethodAccessorImpl.invoke0(Native Method)
	at java.base/jdk.internal.reflect.NativeMethodAccessorImpl.invoke(NativeMethodAccessorImpl.java:62)
	at java.base/jdk.internal.reflect.DelegatingMethodAccessorImpl.invoke(DelegatingMethodAccessorImpl.java:43)
	at java.base/java.lang.reflect.Method.invoke(Method.java:566)
	at org.junit.runners.model.FrameworkMethod$1.runReflectiveCall(FrameworkMethod.java:44)
	at org.junit.internal.runners.model.ReflectiveCallable.run(ReflectiveCallable.java:15)
	at org.junit.runners.model.FrameworkMethod.invokeExplosively(FrameworkMethod.java:41)
	at junitparams.internal.InvokeParameterisedMethod.evaluate(InvokeParameterisedMethod.java:102)
	at org.junit.internal.runners.statements.FailOnTimeout$1.run(FailOnTimeout.java:28)
Caused by: ptolemy.kernel.util.IllegalActionException: Found a zero delay loop containing .dependencyLoop.original
  in .dependencyLoop and .dependencyLoop.original
	at ptolemy.actor.util.CausalityInterfaceForComposites._computeOutputPortDepth(CausalityInterfaceForComposites.java:759)
	at ptolemy.actor.util.CausalityInterfaceForComposites._computeInputDepth(CausalityInterfaceForComposites.java:696)
	at ptolemy.actor.util.CausalityInterfaceForComposites._computeOutputPortDepth(CausalityInterfaceForComposites.java:765)
	at ptolemy.actor.util.CausalityInterfaceForComposites._computeInputDepth(CausalityInterfaceForComposites.java:696)
	at ptolemy.actor.util.CausalityInterfaceForComposites._computeOutputPortDepth(CausalityInterfaceForComposites.java:765)
	at ptolemy.actor.util.CausalityInterfaceForComposites._computeInputDepth(CausalityInterfaceForComposites.java:696)
	at ptolemy.actor.util.CausalityInterfaceForComposites._computeActorDepth(CausalityInterfaceForComposites.java:532)
	at ptolemy.actor.util.CausalityInterfaceForComposites.checkForCycles(CausalityInterfaceForComposites.java:96)
	at ptolemy.domains.de.kernel.DEDirector.preinitialize(DEDirector.java:1338)
	at ptolemy.actor.CompositeActor.preinitialize(CompositeActor.java:1828)
	at ptolemy.actor.Manager.preinitializeAndResolveTypes(Manager.java:1040)
	at ptolemy.actor.Manager.initialize(Manager.java:710)
	at ptolemy.actor.Manager.execute(Manager.java:356)
	at ptolemy.actor.Manager.run(Manager.java:1263)
	at ptolemy.actor.Manager$PtolemyRunThread.run(Manager.java:1933)
java.lang.RuntimeException: Execution failed
	at ptolemy.moml.MoMLSimpleApplication$UnloadThread.run(MoMLSimpleApplication.java:402)
Caused by: ptolemy.kernel.util.IllegalActionException: Found a zero delay loop containing .dependencyLoop2.original
  in .dependencyLoop2 and .dependencyLoop2.original
	at ptolemy.actor.util.CausalityInterfaceForComposites._computeOutputPortDepth(CausalityInterfaceForComposites.java:759)
	at ptolemy.actor.util.CausalityInterfaceForComposites._computeInputDepth(CausalityInterfaceForComposites.java:696)
	at ptolemy.actor.util.CausalityInterfaceForComposites._computeOutputPortDepth(CausalityInterfaceForComposites.java:765)
	at ptolemy.actor.util.CausalityInterfaceForComposites._computeInputDepth(CausalityInterfaceForComposites.java:696)
	at ptolemy.actor.util.CausalityInterfaceForComposites._computeOutputPortDepth(CausalityInterfaceForComposites.java:765)
	at ptolemy.actor.util.CausalityInterfaceForComposites._computeInputDepth(CausalityInterfaceForComposites.java:696)
	at ptolemy.actor.util.CausalityInterfaceForComposites._computeActorDepth(CausalityInterfaceForComposites.java:532)
	at ptolemy.actor.util.CausalityInterfaceForComposites.checkForCycles(CausalityInterfaceForComposites.java:96)
	at ptolemy.domains.de.kernel.DEDirector.preinitialize(DEDirector.java:1338)
	at ptolemy.actor.CompositeActor.preinitialize(CompositeActor.java:1828)
	at ptolemy.actor.Manager.preinitializeAndResolveTypes(Manager.java:1040)
	at ptolemy.actor.Manager.initialize(Manager.java:710)
	at ptolemy.actor.Manager.execute(Manager.java:356)
	at ptolemy.actor.Manager.run(Manager.java:1263)
	at ptolemy.actor.Manager$PtolemyRunThread.run(Manager.java:1933)
java.lang.reflect.InvocationTargetException
	at java.base/jdk.internal.reflect.NativeConstructorAccessorImpl.newInstance0(Native Method)
	at java.base/jdk.internal.reflect.NativeConstructorAccessorImpl.newInstance(NativeConstructorAccessorImpl.java:62)
	at java.base/jdk.internal.reflect.DelegatingConstructorAccessorImpl.newInstance(DelegatingConstructorAccessorImpl.java:45)
	at java.base/java.lang.reflect.Constructor.newInstance(Constructor.java:490)
	at ptolemy.util.test.junit.AutoKnownFailedTests.RunModel(AutoKnownFailedTests.java:105)
	at java.base/jdk.internal.reflect.NativeMethodAccessorImpl.invoke0(Native Method)
	at java.base/jdk.internal.reflect.NativeMethodAccessorImpl.invoke(NativeMethodAccessorImpl.java:62)
	at java.base/jdk.internal.reflect.DelegatingMethodAccessorImpl.invoke(DelegatingMethodAccessorImpl.java:43)
	at java.base/java.lang.reflect.Method.invoke(Method.java:566)
	at org.junit.runners.model.FrameworkMethod$1.runReflectiveCall(FrameworkMethod.java:44)
	at org.junit.internal.runners.model.ReflectiveCallable.run(ReflectiveCallable.java:15)
	at org.junit.runners.model.FrameworkMethod.invokeExplosively(FrameworkMethod.java:41)
	at junitparams.internal.InvokeParameterisedMethod.evaluate(InvokeParameterisedMethod.java:102)
	at org.junit.internal.runners.statements.FailOnTimeout$1.run(FailOnTimeout.java:28)
Caused by: ptolemy.kernel.util.IllegalActionException: Found a zero delay loop containing .dependencyLoop2.original
  in .dependencyLoop2 and .dependencyLoop2.original
	at ptolemy.actor.util.CausalityInterfaceForComposites._computeOutputPortDepth(CausalityInterfaceForComposites.java:759)
	at ptolemy.actor.util.CausalityInterfaceForComposites._computeInputDepth(CausalityInterfaceForComposites.java:696)
	at ptolemy.actor.util.CausalityInterfaceForComposites._computeOutputPortDepth(CausalityInterfaceForComposites.java:765)
	at ptolemy.actor.util.CausalityInterfaceForComposites._computeInputDepth(CausalityInterfaceForComposites.java:696)
	at ptolemy.actor.util.CausalityInterfaceForComposites._computeOutputPortDepth(CausalityInterfaceForComposites.java:765)
	at ptolemy.actor.util.CausalityInterfaceForComposites._computeInputDepth(CausalityInterfaceForComposites.java:696)
	at ptolemy.actor.util.CausalityInterfaceForComposites._computeActorDepth(CausalityInterfaceForComposites.java:532)
	at ptolemy.actor.util.CausalityInterfaceForComposites.checkForCycles(CausalityInterfaceForComposites.java:96)
	at ptolemy.domains.de.kernel.DEDirector.preinitialize(DEDirector.java:1338)
	at ptolemy.actor.CompositeActor.preinitialize(CompositeActor.java:1828)
	at ptolemy.actor.Manager.preinitializeAndResolveTypes(Manager.java:1040)
	at ptolemy.actor.Manager.initialize(Manager.java:710)
	at ptolemy.actor.Manager.execute(Manager.java:356)
	at ptolemy.actor.Manager.run(Manager.java:1263)
	at ptolemy.actor.Manager$PtolemyRunThread.run(Manager.java:1933)
]]></system-err>
</testsuite>
