<?xml version="1.0" encoding="UTF-8" ?>
<testsuite errors="0" failures="0" hostname="travis-job-d85c0fc7-642f-4ddc-a8d1-f683670b1fc4" name="ptolemy.domains.de.test.junit.JUnitTclTest" skipped="0" tests="101" time="123.506" timestamp="2020-06-17T14:42:10">
  <properties>
[...]
</properties>
  <testcase classname="ptolemy.util.test.junit.TclTests" name="[0] /home/travis/build/icyphy/ptII/ptolemy/domains/de/test/DependencyLoop.tcl (RunTclFile)" time="1.055" />
  <testcase classname="ptolemy.util.test.junit.TclTests" name="[1] /home/travis/build/icyphy/ptII/ptolemy/domains/de/test/RunDETestsAsQSS.tcl (RunTclFile)" time="83.327" />
  <testcase classname="ptolemy.util.test.junit.AutoKnownFailedTests" name="[0] /home/travis/build/icyphy/ptII/ptolemy/domains/de/test/auto/knownFailedTests/DESDFClockTest.xml (RunModel)" time="2.053" />
  <testcase classname="ptolemy.util.test.junit.AutoKnownFailedTests" name="[1] /home/travis/build/icyphy/ptII/ptolemy/domains/de/test/auto/knownFailedTests/DirectFeedback.xml (RunModel)" time="0.017" />
  <testcase classname="ptolemy.util.test.junit.AutoKnownFailedTests" name="[2] /home/travis/build/icyphy/ptII/ptolemy/domains/de/test/auto/knownFailedTests/FSMSource.xml (RunModel)" time="0.032" />
  <testcase classname="ptolemy.util.test.junit.AutoKnownFailedTests" name="[3] /home/travis/build/icyphy/ptII/ptolemy/domains/de/test/auto/knownFailedTests/HierarchicalModel.xml (RunModel)" time="0.057" />
  <testcase classname="ptolemy.util.test.junit.AutoKnownFailedTests" name="[4] /home/travis/build/icyphy/ptII/ptolemy/domains/de/test/auto/knownFailedTests/dependencyLoop.xml (RunModel)" time="0.04" />
  <testcase classname="ptolemy.util.test.junit.AutoKnownFailedTests" name="[5] /home/travis/build/icyphy/ptII/ptolemy/domains/de/test/auto/knownFailedTests/dependencyLoop2.xml (RunModel)" time="0.043" />
  <testcase classname="ptolemy.util.test.junit.AutoNameArchTests" name="[0] ThereAreNoAutoArchTests (RunModel)" time="0.006" />
  <testcase classname="ptolemy.util.test.junit.AutoTests" name="[0] /home/travis/build/icyphy/ptII/ptolemy/domains/de/test/auto/ActorDepthCalculation_actorWithoutPorts.xml (RunModel)" time="0.024" />
  <testcase classname="ptolemy.util.test.junit.AutoTests" name="[1] /home/travis/build/icyphy/ptII/ptolemy/domains/de/test/auto/AssemblyLine.xml (RunModel)" time="0.021" />
  <testcase classname="ptolemy.util.test.junit.AutoTests" name="[2] /home/travis/build/icyphy/ptII/ptolemy/domains/de/test/auto/CQBug1.xml (RunModel)" time="0.012" />
  <testcase classname="ptolemy.util.test.junit.AutoTests" name="[3] /home/travis/build/icyphy/ptII/ptolemy/domains/de/test/auto/CancelFireAt.xml (RunModel)" time="0.01" />
  <testcase classname="ptolemy.util.test.junit.AutoTests" name="[4] /home/travis/build/icyphy/ptII/ptolemy/domains/de/test/auto/CausalityAndComposabilityAnalysis.xml (RunModel)" time="0.012" />
  <testcase classname="ptolemy.util.test.junit.AutoTests" name="[5] /home/travis/build/icyphy/ptII/ptolemy/domains/de/test/auto/CausalityInterface1.xml (RunModel)" time="0.013" />
  <testcase classname="ptolemy.util.test.junit.AutoTests" name="[6] /home/travis/build/icyphy/ptII/ptolemy/domains/de/test/auto/CausalityInterface15.xml (RunModel)" time="0.015" />
  <testcase classname="ptolemy.util.test.junit.AutoTests" name="[7] /home/travis/build/icyphy/ptII/ptolemy/domains/de/test/auto/CausalityInterface2.xml (RunModel)" time="0.012" />
  <testcase classname="ptolemy.util.test.junit.AutoTests" name="[8] /home/travis/build/icyphy/ptII/ptolemy/domains/de/test/auto/CausalityInterface3.xml (RunModel)" time="0.015" />
  <testcase classname="ptolemy.util.test.junit.AutoTests" name="[9] /home/travis/build/icyphy/ptII/ptolemy/domains/de/test/auto/ClockDrift.xml (RunModel)" time="0.037" />
  <testcase classname="ptolemy.util.test.junit.AutoTests" name="[10] /home/travis/build/icyphy/ptII/ptolemy/domains/de/test/auto/ClockDriftAndValueChange.xml (RunModel)" time="0.03" />
  <testcase classname="ptolemy.util.test.junit.AutoTests" name="[11] /home/travis/build/icyphy/ptII/ptolemy/domains/de/test/auto/ClockDriftChange.xml (RunModel)" time="0.033" />
  <testcase classname="ptolemy.util.test.junit.AutoTests" name="[12] /home/travis/build/icyphy/ptII/ptolemy/domains/de/test/auto/ComposableCausalityAnalysis.xml (RunModel)" time="0.013" />
  <testcase classname="ptolemy.util.test.junit.AutoTests" name="[13] /home/travis/build/icyphy/ptII/ptolemy/domains/de/test/auto/DEFixedPointLimitation.xml (RunModel)" time="0.008" />
  <testcase classname="ptolemy.util.test.junit.AutoTests" name="[14] /home/travis/build/icyphy/ptII/ptolemy/domains/de/test/auto/DEScheduleTest.xml (RunModel)" time="0.013" />
  <testcase classname="ptolemy.util.test.junit.AutoTests" name="[15] /home/travis/build/icyphy/ptII/ptolemy/domains/de/test/auto/DEinDEwithStartTimes.xml (RunModel)" time="0.043" />
  <testcase classname="ptolemy.util.test.junit.AutoTests" name="[16] /home/travis/build/icyphy/ptII/ptolemy/domains/de/test/auto/DEinDEwithStartTimes2.xml (RunModel)" time="0.037" />
  <testcase classname="ptolemy.util.test.junit.AutoTests" name="[17] /home/travis/build/icyphy/ptII/ptolemy/domains/de/test/auto/DateDemo.xml (RunModel)" time="0.041" />
  <testcase classname="ptolemy.util.test.junit.AutoTests" name="[18] /home/travis/build/icyphy/ptII/ptolemy/domains/de/test/auto/DateToEvent.xml (RunModel)" time="2.071" />
  <testcase classname="ptolemy.util.test.junit.AutoTests" name="[19] /home/travis/build/icyphy/ptII/ptolemy/domains/de/test/auto/DepthTest1.xml (RunModel)" time="0.009" />
  <testcase classname="ptolemy.util.test.junit.AutoTests" name="[20] /home/travis/build/icyphy/ptII/ptolemy/domains/de/test/auto/DepthTest2.xml (RunModel)" time="0.018" />
  <testcase classname="ptolemy.util.test.junit.AutoTests" name="[21] /home/travis/build/icyphy/ptII/ptolemy/domains/de/test/auto/DepthTest3.xml (RunModel)" time="0.012" />
  <testcase classname="ptolemy.util.test.junit.AutoTests" name="[22] /home/travis/build/icyphy/ptII/ptolemy/domains/de/test/auto/DepthTest4.xml (RunModel)" time="0.02" />
  <testcase classname="ptolemy.util.test.junit.AutoTests" name="[23] /home/travis/build/icyphy/ptII/ptolemy/domains/de/test/auto/DepthTest5.xml (RunModel)" time="0.032" />
  <testcase classname="ptolemy.util.test.junit.AutoTests" name="[24] /home/travis/build/icyphy/ptII/ptolemy/domains/de/test/auto/DepthTest6.xml (RunModel)" time="0.026" />
  <testcase classname="ptolemy.util.test.junit.AutoTests" name="[25] /home/travis/build/icyphy/ptII/ptolemy/domains/de/test/auto/DepthTest7.xml (RunModel)" time="0.012" />
  <testcase classname="ptolemy.util.test.junit.AutoTests" name="[26] /home/travis/build/icyphy/ptII/ptolemy/domains/de/test/auto/EventToDate.xml (RunModel)" time="3.055" />
  <testcase classname="ptolemy.util.test.junit.AutoTests" name="[27] /home/travis/build/icyphy/ptII/ptolemy/domains/de/test/auto/FSM1.xml (RunModel)" time="0.033" />
  <testcase classname="ptolemy.util.test.junit.AutoTests" name="[28] /home/travis/build/icyphy/ptII/ptolemy/domains/de/test/auto/FSM7.xml (RunModel)" time="0.041" />
  <testcase classname="ptolemy.util.test.junit.AutoTests" name="[29] /home/travis/build/icyphy/ptII/ptolemy/domains/de/test/auto/Inspection.xml (RunModel)" time="0.034" />
  <testcase classname="ptolemy.util.test.junit.AutoTests" name="[30] /home/travis/build/icyphy/ptII/ptolemy/domains/de/test/auto/Iteration.xml (RunModel)" time="0.023" />
  <testcase classname="ptolemy.util.test.junit.AutoTests" name="[31] /home/travis/build/icyphy/ptII/ptolemy/domains/de/test/auto/LineFault.xml (RunModel)" time="0.53" />
  <testcase classname="ptolemy.util.test.junit.AutoTests" name="[32] /home/travis/build/icyphy/ptII/ptolemy/domains/de/test/auto/MergeModel1Add.xml (RunModel)" time="0.042" />
  <testcase classname="ptolemy.util.test.junit.AutoTests" name="[33] /home/travis/build/icyphy/ptII/ptolemy/domains/de/test/auto/MergeModel2Add.xml (RunModel)" time="0.035" />
  <testcase classname="ptolemy.util.test.junit.AutoTests" name="[34] /home/travis/build/icyphy/ptII/ptolemy/domains/de/test/auto/MergeModel3Add.xml (RunModel)" time="0.04" />
  <testcase classname="ptolemy.util.test.junit.AutoTests" name="[35] /home/travis/build/icyphy/ptII/ptolemy/domains/de/test/auto/MergeWithoutDiscard.xml (RunModel)" time="0.011" />
  <testcase classname="ptolemy.util.test.junit.AutoTests" name="[36] /home/travis/build/icyphy/ptII/ptolemy/domains/de/test/auto/Modal1.xml (RunModel)" time="0.028" />
  <testcase classname="ptolemy.util.test.junit.AutoTests" name="[37] /home/travis/build/icyphy/ptII/ptolemy/domains/de/test/auto/Modal2.xml (RunModel)" time="0.028" />
  <testcase classname="ptolemy.util.test.junit.AutoTests" name="[38] /home/travis/build/icyphy/ptII/ptolemy/domains/de/test/auto/Modal3.xml (RunModel)" time="0.024" />
  <testcase classname="ptolemy.util.test.junit.AutoTests" name="[39] /home/travis/build/icyphy/ptII/ptolemy/domains/de/test/auto/Modal4.xml (RunModel)" time="0.029" />
  <testcase classname="ptolemy.util.test.junit.AutoTests" name="[40] /home/travis/build/icyphy/ptII/ptolemy/domains/de/test/auto/Modal5.xml (RunModel)" time="0.029" />
  <testcase classname="ptolemy.util.test.junit.AutoTests" name="[41] /home/travis/build/icyphy/ptII/ptolemy/domains/de/test/auto/Modal6.xml (RunModel)" time="0.026" />
  <testcase classname="ptolemy.util.test.junit.AutoTests" name="[42] /home/travis/build/icyphy/ptII/ptolemy/domains/de/test/auto/Modal7.xml (RunModel)" time="0.029" />
  <testcase classname="ptolemy.util.test.junit.AutoTests" name="[43] /home/travis/build/icyphy/ptII/ptolemy/domains/de/test/auto/ModalModel.xml (RunModel)" time="0.171" />
  <testcase classname="ptolemy.util.test.junit.AutoTests" name="[44] /home/travis/build/icyphy/ptII/ptolemy/domains/de/test/auto/ModalSource.xml (RunModel)" time="0.018" />
  <testcase classname="ptolemy.util.test.junit.AutoTests" name="[45] /home/travis/build/icyphy/ptII/ptolemy/domains/de/test/auto/NonInterruptibleTimerZeroDelay.xml (RunModel)" time="0.008" />
  <testcase classname="ptolemy.util.test.junit.AutoTests" name="[46] /home/travis/build/icyphy/ptII/ptolemy/domains/de/test/auto/OpenQueueingNetwork.xml (RunModel)" time="2.299" />
  <testcase classname="ptolemy.util.test.junit.AutoTests" name="[47] /home/travis/build/icyphy/ptII/ptolemy/domains/de/test/auto/OpenQueuingNetwork.xml (RunModel)" time="0.289" />
  <testcase classname="ptolemy.util.test.junit.AutoTests" name="[48] /home/travis/build/icyphy/ptII/ptolemy/domains/de/test/auto/PeriodicSampler.xml (RunModel)" time="0.012" />
  <testcase classname="ptolemy.util.test.junit.AutoTests" name="[49] /home/travis/build/icyphy/ptII/ptolemy/domains/de/test/auto/PersistentIO.xml (RunModel)" time="0.018" />
  <testcase classname="ptolemy.util.test.junit.AutoTests" name="[50] /home/travis/build/icyphy/ptII/ptolemy/domains/de/test/auto/PortParameterResetOnInitialize.xml (RunModel)" time="0.008" />
  <testcase classname="ptolemy.util.test.junit.AutoTests" name="[51] /home/travis/build/icyphy/ptII/ptolemy/domains/de/test/auto/PortParameterUpdates.xml (RunModel)" time="0.012" />
  <testcase classname="ptolemy.util.test.junit.AutoTests" name="[52] /home/travis/build/icyphy/ptII/ptolemy/domains/de/test/auto/QueueAndServer.xml (RunModel)" time="0.018" />
  <testcase classname="ptolemy.util.test.junit.AutoTests" name="[53] /home/travis/build/icyphy/ptII/ptolemy/domains/de/test/auto/Records.xml (RunModel)" time="0.012" />
  <testcase classname="ptolemy.util.test.junit.AutoTests" name="[54] /home/travis/build/icyphy/ptII/ptolemy/domains/de/test/auto/ResetTransitionWithStartTime1.xml (RunModel)" time="0.021" />
  <testcase classname="ptolemy.util.test.junit.AutoTests" name="[55] /home/travis/build/icyphy/ptII/ptolemy/domains/de/test/auto/ResetTransitionWithStartTime2.xml (RunModel)" time="0.025" />
  <testcase classname="ptolemy.util.test.junit.AutoTests" name="[56] /home/travis/build/icyphy/ptII/ptolemy/domains/de/test/auto/ResetTransitionWithStartTime3.xml (RunModel)" time="0.017" />
  <testcase classname="ptolemy.util.test.junit.AutoTests" name="[57] /home/travis/build/icyphy/ptII/ptolemy/domains/de/test/auto/ResetTransitionWithStartTime4.xml (RunModel)" time="0.016" />
  <testcase classname="ptolemy.util.test.junit.AutoTests" name="[58] /home/travis/build/icyphy/ptII/ptolemy/domains/de/test/auto/ResettableTimer1.xml (RunModel)" time="0.01" />
  <testcase classname="ptolemy.util.test.junit.AutoTests" name="[59] /home/travis/build/icyphy/ptII/ptolemy/domains/de/test/auto/ResettableTimer2.xml (RunModel)" time="0.009" />
  <testcase classname="ptolemy.util.test.junit.AutoTests" name="[60] /home/travis/build/icyphy/ptII/ptolemy/domains/de/test/auto/ResettableTimer3.xml (RunModel)" time="0.008" />
  <testcase classname="ptolemy.util.test.junit.AutoTests" name="[61] /home/travis/build/icyphy/ptII/ptolemy/domains/de/test/auto/ResettableTimer4.xml (RunModel)" time="0.009" />
  <testcase classname="ptolemy.util.test.junit.AutoTests" name="[62] /home/travis/build/icyphy/ptII/ptolemy/domains/de/test/auto/ResettableTimer5.xml (RunModel)" time="0.007" />
  <testcase classname="ptolemy.util.test.junit.AutoTests" name="[63] /home/travis/build/icyphy/ptII/ptolemy/domains/de/test/auto/ResettableTimer6.xml (RunModel)" time="0.017" />
  <testcase classname="ptolemy.util.test.junit.AutoTests" name="[64] /home/travis/build/icyphy/ptII/ptolemy/domains/de/test/auto/ServerZeroDelay.xml (RunModel)" time="0.008" />
  <testcase classname="ptolemy.util.test.junit.AutoTests" name="[65] /home/travis/build/icyphy/ptII/ptolemy/domains/de/test/auto/SmartSender.xml (RunModel)" time="3.008" />
  <testcase classname="ptolemy.util.test.junit.AutoTests" name="[66] /home/travis/build/icyphy/ptII/ptolemy/domains/de/test/auto/ThreadedComposite.xml (RunModel)" time="0.122" />
  <testcase classname="ptolemy.util.test.junit.AutoTests" name="[67] /home/travis/build/icyphy/ptII/ptolemy/domains/de/test/auto/Time.xml (RunModel)" time="0.362" />
  <testcase classname="ptolemy.util.test.junit.AutoTests" name="[68] /home/travis/build/icyphy/ptII/ptolemy/domains/de/test/auto/TimeDelayZeroDelay.xml (RunModel)" time="0.012" />
  <testcase classname="ptolemy.util.test.junit.AutoTests" name="[69] /home/travis/build/icyphy/ptII/ptolemy/domains/de/test/auto/TimerZeroDelay.xml (RunModel)" time="0.008" />
  <testcase classname="ptolemy.util.test.junit.AutoTests" name="[70] /home/travis/build/icyphy/ptII/ptolemy/domains/de/test/auto/TimingParadox.xml (RunModel)" time="0.323" />
  <testcase classname="ptolemy.util.test.junit.AutoTests" name="[71] /home/travis/build/icyphy/ptII/ptolemy/domains/de/test/auto/TransferInputs.xml (RunModel)" time="0.013" />
  <testcase classname="ptolemy.util.test.junit.AutoTests" name="[72] /home/travis/build/icyphy/ptII/ptolemy/domains/de/test/auto/TransferOutputs2.xml (RunModel)" time="0.013" />
  <testcase classname="ptolemy.util.test.junit.AutoTests" name="[73] /home/travis/build/icyphy/ptII/ptolemy/domains/de/test/auto/Trilateration.xml (RunModel)" time="10.883" />
  <testcase classname="ptolemy.util.test.junit.AutoTests" name="[74] /home/travis/build/icyphy/ptII/ptolemy/domains/de/test/auto/TwoSigmaDelta.xml (RunModel)" time="1.964" />
  <testcase classname="ptolemy.util.test.junit.AutoTests" name="[75] /home/travis/build/icyphy/ptII/ptolemy/domains/de/test/auto/VariableDelay.xml (RunModel)" time="0.011" />
  <testcase classname="ptolemy.util.test.junit.AutoTests" name="[76] /home/travis/build/icyphy/ptII/ptolemy/domains/de/test/auto/VariableDelay2.xml (RunModel)" time="0.011" />
  <testcase classname="ptolemy.util.test.junit.AutoTests" name="[77] /home/travis/build/icyphy/ptII/ptolemy/domains/de/test/auto/VariableDelayZeroDelay.xml (RunModel)" time="0.022" />
  <testcase classname="ptolemy.util.test.junit.AutoTests" name="[78] /home/travis/build/icyphy/ptII/ptolemy/domains/de/test/auto/VariableDelayZeroDelay2.xml (RunModel)" time="0.009" />
  <testcase classname="ptolemy.util.test.junit.AutoTests" name="[79] /home/travis/build/icyphy/ptII/ptolemy/domains/de/test/auto/deInCt.xml (RunModel)" time="0.014" />
  <testcase classname="ptolemy.util.test.junit.AutoTests" name="[80] /home/travis/build/icyphy/ptII/ptolemy/domains/de/test/auto/deInCt2.xml (RunModel)" time="0.016" />
  <testcase classname="ptolemy.util.test.junit.AutoTests" name="[81] /home/travis/build/icyphy/ptII/ptolemy/domains/de/test/auto/dynamicCausalityInterface1.xml (RunModel)" time="0.012" />
  <testcase classname="ptolemy.util.test.junit.AutoTests" name="[82] /home/travis/build/icyphy/ptII/ptolemy/domains/de/test/auto/fsm_de_test.xml (RunModel)" time="0.018" />
  <testcase classname="ptolemy.util.test.junit.AutoTests" name="[83] /home/travis/build/icyphy/ptII/ptolemy/domains/de/test/auto/functionDependencyReconstruction.xml (RunModel)" time="0.03" />
  <testcase classname="ptolemy.util.test.junit.AutoTests" name="[84] /home/travis/build/icyphy/ptII/ptolemy/domains/de/test/auto/multirate.xml (RunModel)" time="0.014" />
  <testcase classname="ptolemy.util.test.junit.AutoTests" name="[85] /home/travis/build/icyphy/ptII/ptolemy/domains/de/test/auto/multirate2.xml (RunModel)" time="0.015" />
  <testcase classname="ptolemy.util.test.junit.AutoTests" name="[86] /home/travis/build/icyphy/ptII/ptolemy/domains/de/test/auto/realtime.xml (RunModel)" time="10.009" />
  <testcase classname="ptolemy.util.test.junit.AutoTests" name="[87] /home/travis/build/icyphy/ptII/ptolemy/domains/de/test/auto/relationGroup.xml (RunModel)" time="0.006" />
  <testcase classname="ptolemy.util.test.junit.AutoTests" name="[88] /home/travis/build/icyphy/ptII/ptolemy/domains/de/test/auto/relationGroup2.xml (RunModel)" time="0.005" />
  <testcase classname="ptolemy.util.test.junit.AutoTests" name="[89] /home/travis/build/icyphy/ptII/ptolemy/domains/de/test/auto/sortWithOpaquePorts.xml (RunModel)" time="0.009" />
  <testcase classname="ptolemy.util.test.junit.AutoTests" name="[90] /home/travis/build/icyphy/ptII/ptolemy/domains/de/test/auto/transferInputsandOutputs.xml (RunModel)" time="0.016" />
  <testcase classname="ptolemy.util.test.junit.AutoTests" name="[91] /home/travis/build/icyphy/ptII/ptolemy/domains/de/test/auto/triggerType.xml (RunModel)" time="0.006" />
  <system-out><![CDATA[/home/travis/build/icyphy/ptII/ptolemy/domains/de/test/DependencyLoop.tcl
testDefs.tcl: setting time out to 9000 seconds at Wed Jun 17 14:42:11 UTC 2020
46 ms. Memory: 129024K Free: 78667K (61%)
25 ms. Memory: 129024K Free: 61755K (48%)
/home/travis/build/icyphy/ptII/ptolemy/domains/de/test/RunDETestsAsQSS.tcl
Run the DE tests using ptolemy.domains.qss.test.QSSDirectorTest, which extends QSSDirector and prints a message in the constructors.
------------------ testing $PTII/ptolemy/domains/de/test/auto/knownFailedTests/DirectFeedback.xml (Known Failure) 
58 ms. Memory: 129024K Free: 55625K (43%)


==== $PTIIhome/travis/build/icyphy/ptII/ptolemy/domains/de/test/../../../../: Auto Automatic test in file $PTII/ptolemy/domains/de/test/auto/knownFailedTests/DirectFeedback.xml
==== Contents of test case:

	    # FIXME: we should use $relativeFilename here, but it
	    # might have backslashes under Windows, which causes no end
	    # of trouble.
	    createAndExecute $file
	    list {}
	
.... Test generated KNOWN error:
    while executing
ptolemy.kernel.util.IllegalActionException: Test fails in iteration 1.
Value was: 1.0. Should have been: 2.0
  in .DirectFeedback.Test
	at ptolemy.actor.lib.Test.fire(Test.java:268)
	at ptolemy.domains.de.kernel.DEDirector._fire(DEDirector.java:1949)
	at ptolemy.domains.de.kernel.DEDirector.fire(DEDirector.java:502)
	at ptolemy.actor.CompositeActor.fire(CompositeActor.java:455)
	at ptolemy.actor.Manager.iterate(Manager.java:851)
	at ptolemy.actor.Manager.execute(Manager.java:369)
	at ptolemy.actor.Manager.run(Manager.java:1263)
	at ptolemy.actor.Manager$PtolemyRunThread.run(Manager.java:1933)

    while executing
ptolemy.kernel.util.IllegalActionException: Test fails in iteration 1.
Value was: 1.0. Should have been: 2.0
  in .DirectFeedback.Test
    while executing
"java::new ptolemy.moml.MoMLSimpleApplication $file
"
    (procedure "createAndExecute" line 2)
    invoked from within
"createAndExecute $file"
    ("uplevel" body line 5)
    invoked from within
"uplevel $contents_of_test"
------------------ testing $PTII/ptolemy/domains/de/test/auto/knownFailedTests/dependencyLoop.xml (Known Failure) 
17 ms. Memory: 129024K Free: 52553K (41%)


==== $PTIIhome/travis/build/icyphy/ptII/ptolemy/domains/de/test/../../../../: Auto Automatic test in file $PTII/ptolemy/domains/de/test/auto/knownFailedTests/dependencyLoop.xml
==== Contents of test case:

	    # FIXME: we should use $relativeFilename here, but it
	    # might have backslashes under Windows, which causes no end
	    # of trouble.
	    createAndExecute $file
	    list {}
	
.... Test generated KNOWN error:
    while executing
ptolemy.kernel.util.IllegalActionException: Found a zero delay loop containing .dependencyLoop.original
  in .dependencyLoop and .dependencyLoop.original
	at ptolemy.actor.util.CausalityInterfaceForComposites._computeOutputPortDepth(CausalityInterfaceForComposites.java:759)
	at ptolemy.actor.util.CausalityInterfaceForComposites._computeInputDepth(CausalityInterfaceForComposites.java:696)
	at ptolemy.actor.util.CausalityInterfaceForComposites._computeOutputPortDepth(CausalityInterfaceForComposites.java:765)
	at ptolemy.actor.util.CausalityInterfaceForComposites._computeInputDepth(CausalityInterfaceForComposites.java:696)
	at ptolemy.actor.util.CausalityInterfaceForComposites._computeOutputPortDepth(CausalityInterfaceForComposites.java:765)
	at ptolemy.actor.util.CausalityInterfaceForComposites._computeInputDepth(CausalityInterfaceForComposites.java:696)
	at ptolemy.actor.util.CausalityInterfaceForComposites._computeActorDepth(CausalityInterfaceForComposites.java:532)
	at ptolemy.actor.util.CausalityInterfaceForComposites.checkForCycles(CausalityInterfaceForComposites.java:96)
	at ptolemy.domains.de.kernel.DEDirector.preinitialize(DEDirector.java:1338)
	at ptolemy.actor.CompositeActor.preinitialize(CompositeActor.java:1828)
	at ptolemy.actor.Manager.preinitializeAndResolveTypes(Manager.java:1040)
	at ptolemy.actor.Manager.initialize(Manager.java:710)
	at ptolemy.actor.Manager.execute(Manager.java:356)
	at ptolemy.actor.Manager.run(Manager.java:1263)
	at ptolemy.actor.Manager$PtolemyRunThread.run(Manager.java:1933)

    while executing
ptolemy.kernel.util.IllegalActionException: Found a zero delay loop containing .dependencyLoop.original
  in .dependencyLoop and .dependencyLoop.original
    while executing
"java::new ptolemy.moml.MoMLSimpleApplication $file
"
    (procedure "createAndExecute" line 2)
    invoked from within
"createAndExecute $file"
    ("uplevel" body line 5)
    invoked from within
"uplevel $contents_of_test"
------------------ testing $PTII/ptolemy/domains/de/test/auto/knownFailedTests/FSMSource.xml (Known Failure) 
52 ms. Memory: 129024K Free: 110551K (86%)
!!!! Auto was marked as failing, but now passes
------------------ testing $PTII/ptolemy/domains/de/test/auto/knownFailedTests/HierarchicalModel.xml (Known Failure) 
4 ms. Memory: 129024K Free: 93081K (72%)


==== $PTIIhome/travis/build/icyphy/ptII/ptolemy/domains/de/test/../../../../: Auto Automatic test in file $PTII/ptolemy/domains/de/test/auto/knownFailedTests/HierarchicalModel.xml
==== Contents of test case:

	    # FIXME: we should use $relativeFilename here, but it
	    # might have backslashes under Windows, which causes no end
	    # of trouble.
	    createAndExecute $file
	    list {}
	
.... Test generated KNOWN error:
    while executing
ptolemy.kernel.util.IllegalActionException: Found a zero delay loop containing .HierarchicalModel.A
  in .HierarchicalModel and .HierarchicalModel.A
	at ptolemy.actor.util.CausalityInterfaceForComposites._computeOutputPortDepth(CausalityInterfaceForComposites.java:759)
	at ptolemy.actor.util.CausalityInterfaceForComposites._computeInputDepth(CausalityInterfaceForComposites.java:696)
	at ptolemy.actor.util.CausalityInterfaceForComposites._computeOutputPortDepth(CausalityInterfaceForComposites.java:765)
	at ptolemy.actor.util.CausalityInterfaceForComposites._computeInputDepth(CausalityInterfaceForComposites.java:696)
	at ptolemy.actor.util.CausalityInterfaceForComposites._computeOutputPortDepth(CausalityInterfaceForComposites.java:765)
	at ptolemy.actor.util.CausalityInterfaceForComposites._computeInputDepth(CausalityInterfaceForComposites.java:696)
	at ptolemy.actor.util.CausalityInterfaceForComposites._computeActorDepth(CausalityInterfaceForComposites.java:532)
	at ptolemy.actor.util.CausalityInterfaceForComposites.checkForCycles(CausalityInterfaceForComposites.java:96)
	at ptolemy.domains.de.kernel.DEDirector.preinitialize(DEDirector.java:1338)
	at ptolemy.actor.CompositeActor.preinitialize(CompositeActor.java:1828)
	at ptolemy.actor.Manager.preinitializeAndResolveTypes(Manager.java:1040)
	at ptolemy.actor.Manager.initialize(Manager.java:710)
	at ptolemy.actor.Manager.execute(Manager.java:356)
	at ptolemy.actor.Manager.run(Manager.java:1263)
	at ptolemy.actor.Manager$PtolemyRunThread.run(Manager.java:1933)

    while executing
ptolemy.kernel.util.IllegalActionException: Found a zero delay loop containing .HierarchicalModel.A
  in .HierarchicalModel and .HierarchicalModel.A
    while executing
"java::new ptolemy.moml.MoMLSimpleApplication $file
"
    (procedure "createAndExecute" line 2)
    invoked from within
"createAndExecute $file"
    ("uplevel" body line 5)
    invoked from within
"uplevel $contents_of_test"
------------------ testing $PTII/ptolemy/domains/de/test/auto/knownFailedTests/dependencyLoop2.xml (Known Failure) 
7 ms. Memory: 129024K Free: 77228K (60%)


==== $PTIIhome/travis/build/icyphy/ptII/ptolemy/domains/de/test/../../../../: Auto Automatic test in file $PTII/ptolemy/domains/de/test/auto/knownFailedTests/dependencyLoop2.xml
==== Contents of test case:

	    # FIXME: we should use $relativeFilename here, but it
	    # might have backslashes under Windows, which causes no end
	    # of trouble.
	    createAndExecute $file
	    list {}
	
.... Test generated KNOWN error:
    while executing
ptolemy.kernel.util.IllegalActionException: Found a zero delay loop containing .dependencyLoop2.original
  in .dependencyLoop2 and .dependencyLoop2.original
	at ptolemy.actor.util.CausalityInterfaceForComposites._computeOutputPortDepth(CausalityInterfaceForComposites.java:759)
	at ptolemy.actor.util.CausalityInterfaceForComposites._computeInputDepth(CausalityInterfaceForComposites.java:696)
	at ptolemy.actor.util.CausalityInterfaceForComposites._computeOutputPortDepth(CausalityInterfaceForComposites.java:765)
	at ptolemy.actor.util.CausalityInterfaceForComposites._computeInputDepth(CausalityInterfaceForComposites.java:696)
	at ptolemy.actor.util.CausalityInterfaceForComposites._computeOutputPortDepth(CausalityInterfaceForComposites.java:765)
	at ptolemy.actor.util.CausalityInterfaceForComposites._computeInputDepth(CausalityInterfaceForComposites.java:696)
	at ptolemy.actor.util.CausalityInterfaceForComposites._computeActorDepth(CausalityInterfaceForComposites.java:532)
	at ptolemy.actor.util.CausalityInterfaceForComposites.checkForCycles(CausalityInterfaceForComposites.java:96)
	at ptolemy.domains.de.kernel.DEDirector.preinitialize(DEDirector.java:1338)
	at ptolemy.actor.CompositeActor.preinitialize(CompositeActor.java:1828)
	at ptolemy.actor.Manager.preinitializeAndResolveTypes(Manager.java:1040)
	at ptolemy.actor.Manager.initialize(Manager.java:710)
	at ptolemy.actor.Manager.execute(Manager.java:356)
	at ptolemy.actor.Manager.run(Manager.java:1263)
	at ptolemy.actor.Manager$PtolemyRunThread.run(Manager.java:1933)

    while executing
ptolemy.kernel.util.IllegalActionException: Found a zero delay loop containing .dependencyLoop2.original
  in .dependencyLoop2 and .dependencyLoop2.original
    while executing
"java::new ptolemy.moml.MoMLSimpleApplication $file
"
    (procedure "createAndExecute" line 2)
    invoked from within
"createAndExecute $file"
    ("uplevel" body line 5)
    invoked from within
"uplevel $contents_of_test"
------------------ testing $PTII/ptolemy/domains/de/test/auto/knownFailedTests/DESDFClockTest.xml (Known Failure) 
2063 ms. Memory: 129024K Free: 107149K (83%)


==== $PTIIhome/travis/build/icyphy/ptII/ptolemy/domains/de/test/../../../../: Auto Automatic test in file $PTII/ptolemy/domains/de/test/auto/knownFailedTests/DESDFClockTest.xml
==== Contents of test case:

	    # FIXME: we should use $relativeFilename here, but it
	    # might have backslashes under Windows, which causes no end
	    # of trouble.
	    createAndExecute $file
	    list {}
	
.... Test generated KNOWN error:
    while executing
ptolemy.kernel.util.IllegalActionException: Actor is not ready to fire.  Perhaps UpSample.prefire() returned false? Try debugging the actor by selecting "Listen to Actor".  Also, for SDF check moml for tokenConsumptionRate on input.
  in .DESDFClockTest.Play Bell.Copy1:SDF Director and .DESDFClockTest.Play Bell.UpSample
	at ptolemy.actor.sched.StaticSchedulingDirector.fire(StaticSchedulingDirector.java:227)
	at ptolemy.domains.sdf.kernel.SDFDirector.fire(SDFDirector.java:500)
	at ptolemy.actor.CompositeActor.fire(CompositeActor.java:455)
	at ptolemy.domains.de.kernel.DEDirector._fire(DEDirector.java:1949)
	at ptolemy.domains.de.kernel.DEDirector.fire(DEDirector.java:502)
	at ptolemy.actor.CompositeActor.fire(CompositeActor.java:455)
	at ptolemy.actor.Manager.iterate(Manager.java:851)
	at ptolemy.actor.Manager.execute(Manager.java:369)
	at ptolemy.actor.Manager.run(Manager.java:1263)
	at ptolemy.actor.Manager$PtolemyRunThread.run(Manager.java:1933)

    while executing
ptolemy.kernel.util.IllegalActionException: Actor is not ready to fire.  Perhaps UpSample.prefire() returned false? Try debugging the actor by selecting "Listen to Actor".  Also, for SDF check moml for tokenConsumptionRate on input.
  in .DESDFClockTest.Play Bell.Copy1:SDF Director and .DESDFClockTest.Play Bell.UpSample
    while executing
"java::new ptolemy.moml.MoMLSimpleApplication $file
"
    (procedure "createAndExecute" line 2)
    invoked from within
"createAndExecute $file"
    ("uplevel" body line 5)
    invoked from within
"uplevel $contents_of_test"
------------------ testing $PTII/ptolemy/domains/de/test/auto/ActorDepthCalculation_actorWithoutPorts.xml
auto.tcl: Setting watchdog for 200 seconds at Wed Jun 17 14:42:14 UTC 2020
4 ms. Memory: 129024K Free: 99453K (77%)
ptolemy.util.test.WatchDog.cancel(): canceling Wed Jun 17 14:42:14 UTC 2020
auto.tcl: Setting watchdog for 200 seconds at Wed Jun 17 14:42:14 UTC 2020
4 ms. Memory: 129024K Free: 97933K (76%)
ptolemy.util.test.WatchDog.cancel(): canceling Wed Jun 17 14:42:14 UTC 2020
------------------ testing $PTII/ptolemy/domains/de/test/auto/AssemblyLine.xml
auto.tcl: Setting watchdog for 200 seconds at Wed Jun 17 14:42:15 UTC 2020
7 ms. Memory: 51200K Free: 27954K (55%)
ptolemy.util.test.WatchDog.cancel(): canceling Wed Jun 17 14:42:15 UTC 2020
auto.tcl: Setting watchdog for 200 seconds at Wed Jun 17 14:42:15 UTC 2020
6 ms. Memory: 51200K Free: 27261K (53%)
ptolemy.util.test.WatchDog.cancel(): canceling Wed Jun 17 14:42:15 UTC 2020
------------------ testing $PTII/ptolemy/domains/de/test/auto/CQBug1.xml
auto.tcl: Setting watchdog for 200 seconds at Wed Jun 17 14:42:15 UTC 2020
5 ms. Memory: 51200K Free: 33245K (65%)
ptolemy.util.test.WatchDog.cancel(): canceling Wed Jun 17 14:42:15 UTC 2020
auto.tcl: Setting watchdog for 200 seconds at Wed Jun 17 14:42:15 UTC 2020
2 ms. Memory: 51200K Free: 32793K (64%)
ptolemy.util.test.WatchDog.cancel(): canceling Wed Jun 17 14:42:15 UTC 2020
------------------ testing $PTII/ptolemy/domains/de/test/auto/CancelFireAt.xml
auto.tcl: Setting watchdog for 200 seconds at Wed Jun 17 14:42:15 UTC 2020
2 ms. Memory: 51200K Free: 34469K (67%)
ptolemy.util.test.WatchDog.cancel(): canceling Wed Jun 17 14:42:15 UTC 2020
auto.tcl: Setting watchdog for 200 seconds at Wed Jun 17 14:42:15 UTC 2020
1 ms. Memory: 51200K Free: 33993K (66%)
ptolemy.util.test.WatchDog.cancel(): canceling Wed Jun 17 14:42:15 UTC 2020
------------------ testing $PTII/ptolemy/domains/de/test/auto/CausalityAndComposabilityAnalysis.xml
auto.tcl: Setting watchdog for 200 seconds at Wed Jun 17 14:42:15 UTC 2020
13 ms. Memory: 51200K Free: 32387K (63%)
ptolemy.util.test.WatchDog.cancel(): canceling Wed Jun 17 14:42:15 UTC 2020
auto.tcl: Setting watchdog for 200 seconds at Wed Jun 17 14:42:15 UTC 2020
4 ms. Memory: 51200K Free: 31952K (62%)
ptolemy.util.test.WatchDog.cancel(): canceling Wed Jun 17 14:42:15 UTC 2020
------------------ testing $PTII/ptolemy/domains/de/test/auto/CausalityInterface1.xml
auto.tcl: Setting watchdog for 200 seconds at Wed Jun 17 14:42:15 UTC 2020
17 ms. Memory: 51200K Free: 31245K (61%)
ptolemy.util.test.WatchDog.cancel(): canceling Wed Jun 17 14:42:15 UTC 2020
auto.tcl: Setting watchdog for 200 seconds at Wed Jun 17 14:42:15 UTC 2020
3 ms. Memory: 51200K Free: 30365K (59%)
ptolemy.util.test.WatchDog.cancel(): canceling Wed Jun 17 14:42:15 UTC 2020
------------------ testing $PTII/ptolemy/domains/de/test/auto/CausalityInterface15.xml
auto.tcl: Setting watchdog for 200 seconds at Wed Jun 17 14:42:15 UTC 2020
13 ms. Memory: 51200K Free: 31423K (61%)
ptolemy.util.test.WatchDog.cancel(): canceling Wed Jun 17 14:42:15 UTC 2020
auto.tcl: Setting watchdog for 200 seconds at Wed Jun 17 14:42:15 UTC 2020
6 ms. Memory: 51200K Free: 30345K (59%)
ptolemy.util.test.WatchDog.cancel(): canceling Wed Jun 17 14:42:15 UTC 2020
------------------ testing $PTII/ptolemy/domains/de/test/auto/CausalityInterface2.xml
auto.tcl: Setting watchdog for 200 seconds at Wed Jun 17 14:42:15 UTC 2020
5 ms. Memory: 51200K Free: 32028K (63%)
ptolemy.util.test.WatchDog.cancel(): canceling Wed Jun 17 14:42:15 UTC 2020
auto.tcl: Setting watchdog for 200 seconds at Wed Jun 17 14:42:15 UTC 2020
2 ms. Memory: 51200K Free: 31360K (61%)
ptolemy.util.test.WatchDog.cancel(): canceling Wed Jun 17 14:42:15 UTC 2020
------------------ testing $PTII/ptolemy/domains/de/test/auto/CausalityInterface3.xml
auto.tcl: Setting watchdog for 200 seconds at Wed Jun 17 14:42:15 UTC 2020
4 ms. Memory: 51200K Free: 31548K (62%)
ptolemy.util.test.WatchDog.cancel(): canceling Wed Jun 17 14:42:15 UTC 2020
auto.tcl: Setting watchdog for 200 seconds at Wed Jun 17 14:42:15 UTC 2020
9 ms. Memory: 51200K Free: 31062K (61%)
ptolemy.util.test.WatchDog.cancel(): canceling Wed Jun 17 14:42:16 UTC 2020
------------------ testing $PTII/ptolemy/domains/de/test/auto/ClockDrift.xml
auto.tcl: Setting watchdog for 200 seconds at Wed Jun 17 14:42:16 UTC 2020
77 ms. Memory: 51200K Free: 24124K (47%)
ptolemy.util.test.WatchDog.cancel(): canceling Wed Jun 17 14:42:16 UTC 2020
auto.tcl: Setting watchdog for 200 seconds at Wed Jun 17 14:42:16 UTC 2020
57 ms. Memory: 51200K Free: 21113K (41%)
ptolemy.util.test.WatchDog.cancel(): canceling Wed Jun 17 14:42:16 UTC 2020
------------------ testing $PTII/ptolemy/domains/de/test/auto/ClockDriftAndValueChange.xml
auto.tcl: Setting watchdog for 200 seconds at Wed Jun 17 14:42:16 UTC 2020
32 ms. Memory: 51200K Free: 24502K (48%)
ptolemy.util.test.WatchDog.cancel(): canceling Wed Jun 17 14:42:16 UTC 2020
auto.tcl: Setting watchdog for 200 seconds at Wed Jun 17 14:42:16 UTC 2020
17 ms. Memory: 51200K Free: 21430K (42%)
ptolemy.util.test.WatchDog.cancel(): canceling Wed Jun 17 14:42:16 UTC 2020
------------------ testing $PTII/ptolemy/domains/de/test/auto/ClockDriftChange.xml
auto.tcl: Setting watchdog for 200 seconds at Wed Jun 17 14:42:16 UTC 2020
19 ms. Memory: 51200K Free: 26035K (51%)
ptolemy.util.test.WatchDog.cancel(): canceling Wed Jun 17 14:42:16 UTC 2020
auto.tcl: Setting watchdog for 200 seconds at Wed Jun 17 14:42:16 UTC 2020
15 ms. Memory: 51200K Free: 23662K (46%)
ptolemy.util.test.WatchDog.cancel(): canceling Wed Jun 17 14:42:16 UTC 2020
------------------ testing $PTII/ptolemy/domains/de/test/auto/ComposableCausalityAnalysis.xml
auto.tcl: Setting watchdog for 200 seconds at Wed Jun 17 14:42:16 UTC 2020
2 ms. Memory: 51200K Free: 30843K (60%)
ptolemy.util.test.WatchDog.cancel(): canceling Wed Jun 17 14:42:16 UTC 2020
auto.tcl: Setting watchdog for 200 seconds at Wed Jun 17 14:42:16 UTC 2020
5 ms. Memory: 51200K Free: 29812K (58%)
ptolemy.util.test.WatchDog.cancel(): canceling Wed Jun 17 14:42:16 UTC 2020
------------------ testing $PTII/ptolemy/domains/de/test/auto/DEFixedPointLimitation.xml
auto.tcl: Setting watchdog for 200 seconds at Wed Jun 17 14:42:16 UTC 2020
7 ms. Memory: 51200K Free: 32167K (63%)
ptolemy.util.test.WatchDog.cancel(): canceling Wed Jun 17 14:42:16 UTC 2020
auto.tcl: Setting watchdog for 200 seconds at Wed Jun 17 14:42:16 UTC 2020
2 ms. Memory: 51200K Free: 31357K (61%)
ptolemy.util.test.WatchDog.cancel(): canceling Wed Jun 17 14:42:16 UTC 2020
------------------ testing $PTII/ptolemy/domains/de/test/auto/DEScheduleTest.xml
auto.tcl: Setting watchdog for 200 seconds at Wed Jun 17 14:42:16 UTC 2020
7 ms. Memory: 51200K Free: 32588K (64%)
ptolemy.util.test.WatchDog.cancel(): canceling Wed Jun 17 14:42:16 UTC 2020
auto.tcl: Setting watchdog for 200 seconds at Wed Jun 17 14:42:16 UTC 2020
3 ms. Memory: 51200K Free: 31822K (62%)
ptolemy.util.test.WatchDog.cancel(): canceling Wed Jun 17 14:42:16 UTC 2020
------------------ testing $PTII/ptolemy/domains/de/test/auto/DEinDEwithStartTimes.xml
auto.tcl: Setting watchdog for 200 seconds at Wed Jun 17 14:42:16 UTC 2020
5 ms. Memory: 51200K Free: 30749K (60%)
ptolemy.util.test.WatchDog.cancel(): canceling Wed Jun 17 14:42:16 UTC 2020
auto.tcl: Setting watchdog for 200 seconds at Wed Jun 17 14:42:16 UTC 2020
5 ms. Memory: 51200K Free: 29725K (58%)
ptolemy.util.test.WatchDog.cancel(): canceling Wed Jun 17 14:42:16 UTC 2020
------------------ testing $PTII/ptolemy/domains/de/test/auto/DEinDEwithStartTimes2.xml
auto.tcl: Setting watchdog for 200 seconds at Wed Jun 17 14:42:16 UTC 2020
7 ms. Memory: 51200K Free: 29912K (58%)
ptolemy.util.test.WatchDog.cancel(): canceling Wed Jun 17 14:42:16 UTC 2020
auto.tcl: Setting watchdog for 200 seconds at Wed Jun 17 14:42:16 UTC 2020
4 ms. Memory: 51200K Free: 28833K (56%)
ptolemy.util.test.WatchDog.cancel(): canceling Wed Jun 17 14:42:16 UTC 2020
------------------ testing $PTII/ptolemy/domains/de/test/auto/DateDemo.xml
auto.tcl: Setting watchdog for 200 seconds at Wed Jun 17 14:42:16 UTC 2020
14 ms. Memory: 51200K Free: 24714K (48%)
ptolemy.util.test.WatchDog.cancel(): canceling Wed Jun 17 14:42:16 UTC 2020
auto.tcl: Setting watchdog for 200 seconds at Wed Jun 17 14:42:16 UTC 2020
7 ms. Memory: 51200K Free: 23085K (45%)
ptolemy.util.test.WatchDog.cancel(): canceling Wed Jun 17 14:42:16 UTC 2020
------------------ testing $PTII/ptolemy/domains/de/test/auto/DateToEvent.xml
auto.tcl: Setting watchdog for 200 seconds at Wed Jun 17 14:42:17 UTC 2020
2010 ms. Memory: 51200K Free: 19711K (38%)
ptolemy.util.test.WatchDog.cancel(): canceling Wed Jun 17 14:42:19 UTC 2020
auto.tcl: Setting watchdog for 200 seconds at Wed Jun 17 14:42:19 UTC 2020
2006 ms. Memory: 51200K Free: 19222K (38%)
ptolemy.util.test.WatchDog.cancel(): canceling Wed Jun 17 14:42:21 UTC 2020
------------------ testing $PTII/ptolemy/domains/de/test/auto/DepthTest1.xml
auto.tcl: Setting watchdog for 200 seconds at Wed Jun 17 14:42:21 UTC 2020
6 ms. Memory: 51200K Free: 33406K (65%)
ptolemy.util.test.WatchDog.cancel(): canceling Wed Jun 17 14:42:21 UTC 2020
auto.tcl: Setting watchdog for 200 seconds at Wed Jun 17 14:42:21 UTC 2020
2 ms. Memory: 51200K Free: 32942K (64%)
ptolemy.util.test.WatchDog.cancel(): canceling Wed Jun 17 14:42:21 UTC 2020
------------------ testing $PTII/ptolemy/domains/de/test/auto/DepthTest2.xml
auto.tcl: Setting watchdog for 200 seconds at Wed Jun 17 14:42:21 UTC 2020
4 ms. Memory: 51200K Free: 30181K (59%)
ptolemy.util.test.WatchDog.cancel(): canceling Wed Jun 17 14:42:21 UTC 2020
auto.tcl: Setting watchdog for 200 seconds at Wed Jun 17 14:42:21 UTC 2020
2 ms. Memory: 51200K Free: 29753K (58%)
ptolemy.util.test.WatchDog.cancel(): canceling Wed Jun 17 14:42:21 UTC 2020
------------------ testing $PTII/ptolemy/domains/de/test/auto/DepthTest3.xml
auto.tcl: Setting watchdog for 200 seconds at Wed Jun 17 14:42:21 UTC 2020
2 ms. Memory: 51200K Free: 33765K (66%)
ptolemy.util.test.WatchDog.cancel(): canceling Wed Jun 17 14:42:21 UTC 2020
auto.tcl: Setting watchdog for 200 seconds at Wed Jun 17 14:42:21 UTC 2020
3 ms. Memory: 51200K Free: 33263K (65%)
ptolemy.util.test.WatchDog.cancel(): canceling Wed Jun 17 14:42:21 UTC 2020
------------------ testing $PTII/ptolemy/domains/de/test/auto/DepthTest4.xml
auto.tcl: Setting watchdog for 200 seconds at Wed Jun 17 14:42:21 UTC 2020
3 ms. Memory: 51200K Free: 31971K (62%)
ptolemy.util.test.WatchDog.cancel(): canceling Wed Jun 17 14:42:21 UTC 2020
auto.tcl: Setting watchdog for 200 seconds at Wed Jun 17 14:42:21 UTC 2020
2 ms. Memory: 51200K Free: 30893K (60%)
ptolemy.util.test.WatchDog.cancel(): canceling Wed Jun 17 14:42:21 UTC 2020
------------------ testing $PTII/ptolemy/domains/de/test/auto/DepthTest5.xml
auto.tcl: Setting watchdog for 200 seconds at Wed Jun 17 14:42:21 UTC 2020
4 ms. Memory: 51200K Free: 31419K (61%)
ptolemy.util.test.WatchDog.cancel(): canceling Wed Jun 17 14:42:21 UTC 2020
auto.tcl: Setting watchdog for 200 seconds at Wed Jun 17 14:42:21 UTC 2020
3 ms. Memory: 51200K Free: 30683K (60%)
ptolemy.util.test.WatchDog.cancel(): canceling Wed Jun 17 14:42:21 UTC 2020
------------------ testing $PTII/ptolemy/domains/de/test/auto/DepthTest6.xml
auto.tcl: Setting watchdog for 200 seconds at Wed Jun 17 14:42:21 UTC 2020
4 ms. Memory: 51200K Free: 31132K (61%)
ptolemy.util.test.WatchDog.cancel(): canceling Wed Jun 17 14:42:21 UTC 2020
auto.tcl: Setting watchdog for 200 seconds at Wed Jun 17 14:42:21 UTC 2020
3 ms. Memory: 51200K Free: 30704K (60%)
ptolemy.util.test.WatchDog.cancel(): canceling Wed Jun 17 14:42:21 UTC 2020
------------------ testing $PTII/ptolemy/domains/de/test/auto/DepthTest7.xml
auto.tcl: Setting watchdog for 200 seconds at Wed Jun 17 14:42:21 UTC 2020
3 ms. Memory: 51200K Free: 31394K (61%)
ptolemy.util.test.WatchDog.cancel(): canceling Wed Jun 17 14:42:21 UTC 2020
auto.tcl: Setting watchdog for 200 seconds at Wed Jun 17 14:42:21 UTC 2020
3 ms. Memory: 51200K Free: 30958K (60%)
ptolemy.util.test.WatchDog.cancel(): canceling Wed Jun 17 14:42:21 UTC 2020
------------------ testing $PTII/ptolemy/domains/de/test/auto/EventToDate.xml
auto.tcl: Setting watchdog for 200 seconds at Wed Jun 17 14:42:21 UTC 2020
3005 ms. Memory: 51200K Free: 22670K (44%)
ptolemy.util.test.WatchDog.cancel(): canceling Wed Jun 17 14:42:24 UTC 2020
auto.tcl: Setting watchdog for 200 seconds at Wed Jun 17 14:42:24 UTC 2020
3005 ms. Memory: 51200K Free: 22057K (43%)
ptolemy.util.test.WatchDog.cancel(): canceling Wed Jun 17 14:42:27 UTC 2020
------------------ testing $PTII/ptolemy/domains/de/test/auto/FSM1.xml
auto.tcl: Setting watchdog for 200 seconds at Wed Jun 17 14:42:27 UTC 2020
37 ms. Memory: 51200K Free: 23969K (47%)
ptolemy.util.test.WatchDog.cancel(): canceling Wed Jun 17 14:42:27 UTC 2020
auto.tcl: Setting watchdog for 200 seconds at Wed Jun 17 14:42:27 UTC 2020
25 ms. Memory: 51200K Free: 20715K (40%)
ptolemy.util.test.WatchDog.cancel(): canceling Wed Jun 17 14:42:27 UTC 2020
------------------ testing $PTII/ptolemy/domains/de/test/auto/FSM7.xml
auto.tcl: Setting watchdog for 200 seconds at Wed Jun 17 14:42:27 UTC 2020
20 ms. Memory: 51200K Free: 23876K (47%)
ptolemy.util.test.WatchDog.cancel(): canceling Wed Jun 17 14:42:27 UTC 2020
auto.tcl: Setting watchdog for 200 seconds at Wed Jun 17 14:42:27 UTC 2020
18 ms. Memory: 51200K Free: 20917K (41%)
ptolemy.util.test.WatchDog.cancel(): canceling Wed Jun 17 14:42:27 UTC 2020
------------------ testing $PTII/ptolemy/domains/de/test/auto/Inspection.xml
auto.tcl: Setting watchdog for 200 seconds at Wed Jun 17 14:42:27 UTC 2020
37 ms. Memory: 51200K Free: 23613K (46%)
ptolemy.util.test.WatchDog.cancel(): canceling Wed Jun 17 14:42:28 UTC 2020
auto.tcl: Setting watchdog for 200 seconds at Wed Jun 17 14:42:28 UTC 2020
38 ms. Memory: 51200K Free: 21503K (42%)
ptolemy.util.test.WatchDog.cancel(): canceling Wed Jun 17 14:42:28 UTC 2020
------------------ testing $PTII/ptolemy/domains/de/test/auto/Iteration.xml
auto.tcl: Setting watchdog for 200 seconds at Wed Jun 17 14:42:28 UTC 2020
10 ms. Memory: 51200K Free: 29181K (57%)
ptolemy.util.test.WatchDog.cancel(): canceling Wed Jun 17 14:42:28 UTC 2020
auto.tcl: Setting watchdog for 200 seconds at Wed Jun 17 14:42:28 UTC 2020
6 ms. Memory: 51200K Free: 27987K (55%)
ptolemy.util.test.WatchDog.cancel(): canceling Wed Jun 17 14:42:28 UTC 2020
------------------ testing $PTII/ptolemy/domains/de/test/auto/LineFault.xml
auto.tcl: Setting watchdog for 200 seconds at Wed Jun 17 14:42:28 UTC 2020
620 ms. Memory: 51200K Free: 17106K (33%)
ptolemy.util.test.WatchDog.cancel(): canceling Wed Jun 17 14:42:29 UTC 2020
auto.tcl: Setting watchdog for 200 seconds at Wed Jun 17 14:42:29 UTC 2020
661 ms. Memory: 64512K Free: 47203K (73%)
ptolemy.util.test.WatchDog.cancel(): canceling Wed Jun 17 14:42:29 UTC 2020
------------------ testing $PTII/ptolemy/domains/de/test/auto/MergeModel1Add.xml
auto.tcl: Setting watchdog for 200 seconds at Wed Jun 17 14:42:29 UTC 2020
32 ms. Memory: 55296K Free: 19217K (35%)
ptolemy.util.test.WatchDog.cancel(): canceling Wed Jun 17 14:42:29 UTC 2020
auto.tcl: Setting watchdog for 200 seconds at Wed Jun 17 14:42:29 UTC 2020
12 ms. Memory: 55296K Free: 17741K (32%)
ptolemy.util.test.WatchDog.cancel(): canceling Wed Jun 17 14:42:29 UTC 2020
------------------ testing $PTII/ptolemy/domains/de/test/auto/MergeModel2Add.xml
auto.tcl: Setting watchdog for 200 seconds at Wed Jun 17 14:42:29 UTC 2020
13 ms. Memory: 51200K Free: 17753K (35%)
ptolemy.util.test.WatchDog.cancel(): canceling Wed Jun 17 14:42:30 UTC 2020
auto.tcl: Setting watchdog for 200 seconds at Wed Jun 17 14:42:30 UTC 2020
10 ms. Memory: 51200K Free: 16096K (31%)
ptolemy.util.test.WatchDog.cancel(): canceling Wed Jun 17 14:42:30 UTC 2020
------------------ testing $PTII/ptolemy/domains/de/test/auto/MergeModel3Add.xml
auto.tcl: Setting watchdog for 200 seconds at Wed Jun 17 14:42:30 UTC 2020
10 ms. Memory: 51200K Free: 17506K (34%)
ptolemy.util.test.WatchDog.cancel(): canceling Wed Jun 17 14:42:30 UTC 2020
auto.tcl: Setting watchdog for 200 seconds at Wed Jun 17 14:42:30 UTC 2020
9 ms. Memory: 51200K Free: 16117K (31%)
ptolemy.util.test.WatchDog.cancel(): canceling Wed Jun 17 14:42:30 UTC 2020
------------------ testing $PTII/ptolemy/domains/de/test/auto/MergeWithoutDiscard.xml
auto.tcl: Setting watchdog for 200 seconds at Wed Jun 17 14:42:30 UTC 2020
2 ms. Memory: 51200K Free: 31847K (62%)
ptolemy.util.test.WatchDog.cancel(): canceling Wed Jun 17 14:42:30 UTC 2020
auto.tcl: Setting watchdog for 200 seconds at Wed Jun 17 14:42:30 UTC 2020
1 ms. Memory: 51200K Free: 31414K (61%)
ptolemy.util.test.WatchDog.cancel(): canceling Wed Jun 17 14:42:30 UTC 2020
------------------ testing $PTII/ptolemy/domains/de/test/auto/Modal1.xml
auto.tcl: Setting watchdog for 200 seconds at Wed Jun 17 14:42:30 UTC 2020
14 ms. Memory: 51200K Free: 23944K (47%)
ptolemy.util.test.WatchDog.cancel(): canceling Wed Jun 17 14:42:30 UTC 2020
auto.tcl: Setting watchdog for 200 seconds at Wed Jun 17 14:42:30 UTC 2020
20 ms. Memory: 51200K Free: 20480K (40%)
ptolemy.util.test.WatchDog.cancel(): canceling Wed Jun 17 14:42:30 UTC 2020
------------------ testing $PTII/ptolemy/domains/de/test/auto/Modal2.xml
auto.tcl: Setting watchdog for 200 seconds at Wed Jun 17 14:42:30 UTC 2020
10 ms. Memory: 51200K Free: 24101K (47%)
ptolemy.util.test.WatchDog.cancel(): canceling Wed Jun 17 14:42:30 UTC 2020
auto.tcl: Setting watchdog for 200 seconds at Wed Jun 17 14:42:30 UTC 2020
11 ms. Memory: 51200K Free: 20856K (41%)
ptolemy.util.test.WatchDog.cancel(): canceling Wed Jun 17 14:42:30 UTC 2020
------------------ testing $PTII/ptolemy/domains/de/test/auto/Modal3.xml
auto.tcl: Setting watchdog for 200 seconds at Wed Jun 17 14:42:30 UTC 2020
15 ms. Memory: 51200K Free: 23594K (46%)
ptolemy.util.test.WatchDog.cancel(): canceling Wed Jun 17 14:42:30 UTC 2020
auto.tcl: Setting watchdog for 200 seconds at Wed Jun 17 14:42:30 UTC 2020
14 ms. Memory: 51200K Free: 20473K (40%)
ptolemy.util.test.WatchDog.cancel(): canceling Wed Jun 17 14:42:30 UTC 2020
------------------ testing $PTII/ptolemy/domains/de/test/auto/Modal4.xml
auto.tcl: Setting watchdog for 200 seconds at Wed Jun 17 14:42:30 UTC 2020
12 ms. Memory: 51200K Free: 23059K (45%)
ptolemy.util.test.WatchDog.cancel(): canceling Wed Jun 17 14:42:30 UTC 2020
auto.tcl: Setting watchdog for 200 seconds at Wed Jun 17 14:42:30 UTC 2020
12 ms. Memory: 51200K Free: 19225K (38%)
ptolemy.util.test.WatchDog.cancel(): canceling Wed Jun 17 14:42:30 UTC 2020
------------------ testing $PTII/ptolemy/domains/de/test/auto/Modal5.xml
auto.tcl: Setting watchdog for 200 seconds at Wed Jun 17 14:42:30 UTC 2020
13 ms. Memory: 51200K Free: 23019K (45%)
ptolemy.util.test.WatchDog.cancel(): canceling Wed Jun 17 14:42:30 UTC 2020
auto.tcl: Setting watchdog for 200 seconds at Wed Jun 17 14:42:30 UTC 2020
13 ms. Memory: 51200K Free: 19211K (38%)
ptolemy.util.test.WatchDog.cancel(): canceling Wed Jun 17 14:42:30 UTC 2020
------------------ testing $PTII/ptolemy/domains/de/test/auto/Modal6.xml
auto.tcl: Setting watchdog for 200 seconds at Wed Jun 17 14:42:30 UTC 2020
19 ms. Memory: 51200K Free: 23799K (46%)
ptolemy.util.test.WatchDog.cancel(): canceling Wed Jun 17 14:42:30 UTC 2020
auto.tcl: Setting watchdog for 200 seconds at Wed Jun 17 14:42:30 UTC 2020
13 ms. Memory: 51200K Free: 19826K (39%)
ptolemy.util.test.WatchDog.cancel(): canceling Wed Jun 17 14:42:30 UTC 2020
------------------ testing $PTII/ptolemy/domains/de/test/auto/Modal7.xml
auto.tcl: Setting watchdog for 200 seconds at Wed Jun 17 14:42:30 UTC 2020
14 ms. Memory: 51200K Free: 22773K (44%)
ptolemy.util.test.WatchDog.cancel(): canceling Wed Jun 17 14:42:30 UTC 2020
auto.tcl: Setting watchdog for 200 seconds at Wed Jun 17 14:42:30 UTC 2020
10 ms. Memory: 51200K Free: 19211K (38%)
ptolemy.util.test.WatchDog.cancel(): canceling Wed Jun 17 14:42:30 UTC 2020
------------------ testing $PTII/ptolemy/domains/de/test/auto/ModalModel.xml
auto.tcl: Setting watchdog for 200 seconds at Wed Jun 17 14:42:30 UTC 2020
192 ms. Memory: 51200K Free: 14553K (28%)
ptolemy.util.test.WatchDog.cancel(): canceling Wed Jun 17 14:42:31 UTC 2020
auto.tcl: Setting watchdog for 200 seconds at Wed Jun 17 14:42:31 UTC 2020
200 ms. Memory: 63488K Free: 47113K (74%)
ptolemy.util.test.WatchDog.cancel(): canceling Wed Jun 17 14:42:31 UTC 2020
------------------ testing $PTII/ptolemy/domains/de/test/auto/ModalSource.xml
auto.tcl: Setting watchdog for 200 seconds at Wed Jun 17 14:42:31 UTC 2020
9 ms. Memory: 58368K Free: 35037K (60%)
ptolemy.util.test.WatchDog.cancel(): canceling Wed Jun 17 14:42:31 UTC 2020
auto.tcl: Setting watchdog for 200 seconds at Wed Jun 17 14:42:31 UTC 2020
5 ms. Memory: 58368K Free: 33080K (57%)
ptolemy.util.test.WatchDog.cancel(): canceling Wed Jun 17 14:42:31 UTC 2020
------------------ testing $PTII/ptolemy/domains/de/test/auto/NonInterruptibleTimerZeroDelay.xml
auto.tcl: Setting watchdog for 200 seconds at Wed Jun 17 14:42:31 UTC 2020
3 ms. Memory: 55296K Free: 36862K (67%)
ptolemy.util.test.WatchDog.cancel(): canceling Wed Jun 17 14:42:31 UTC 2020
auto.tcl: Setting watchdog for 200 seconds at Wed Jun 17 14:42:31 UTC 2020
2 ms. Memory: 55296K Free: 36265K (66%)
ptolemy.util.test.WatchDog.cancel(): canceling Wed Jun 17 14:42:31 UTC 2020
------------------ testing $PTII/ptolemy/domains/de/test/auto/OpenQueueingNetwork.xml
auto.tcl: Setting watchdog for 200 seconds at Wed Jun 17 14:42:31 UTC 2020
2783 ms. Memory: 108544K Free: 52497K (48%)
ptolemy.util.test.WatchDog.cancel(): canceling Wed Jun 17 14:42:34 UTC 2020
auto.tcl: Setting watchdog for 200 seconds at Wed Jun 17 14:42:34 UTC 2020
2169 ms. Memory: 131072K Free: 113354K (86%)
ptolemy.util.test.WatchDog.cancel(): canceling Wed Jun 17 14:42:36 UTC 2020
------------------ testing $PTII/ptolemy/domains/de/test/auto/OpenQueuingNetwork.xml
auto.tcl: Setting watchdog for 200 seconds at Wed Jun 17 14:42:36 UTC 2020
218 ms. Memory: 58368K Free: 31627K (54%)
ptolemy.util.test.WatchDog.cancel(): canceling Wed Jun 17 14:42:37 UTC 2020
auto.tcl: Setting watchdog for 200 seconds at Wed Jun 17 14:42:37 UTC 2020
195 ms. Memory: 58368K Free: 14027K (24%)
ptolemy.util.test.WatchDog.cancel(): canceling Wed Jun 17 14:42:37 UTC 2020
------------------ testing $PTII/ptolemy/domains/de/test/auto/PeriodicSampler.xml
auto.tcl: Setting watchdog for 200 seconds at Wed Jun 17 14:42:37 UTC 2020
3 ms. Memory: 55296K Free: 36113K (65%)
ptolemy.util.test.WatchDog.cancel(): canceling Wed Jun 17 14:42:37 UTC 2020
auto.tcl: Setting watchdog for 200 seconds at Wed Jun 17 14:42:37 UTC 2020
1 ms. Memory: 55296K Free: 35599K (64%)
ptolemy.util.test.WatchDog.cancel(): canceling Wed Jun 17 14:42:37 UTC 2020
------------------ testing $PTII/ptolemy/domains/de/test/auto/PersistentIO.xml
auto.tcl: Setting watchdog for 200 seconds at Wed Jun 17 14:42:37 UTC 2020
4 ms. Memory: 55296K Free: 31037K (56%)
ptolemy.util.test.WatchDog.cancel(): canceling Wed Jun 17 14:42:37 UTC 2020
auto.tcl: Setting watchdog for 200 seconds at Wed Jun 17 14:42:37 UTC 2020
3 ms. Memory: 55296K Free: 29517K (53%)
ptolemy.util.test.WatchDog.cancel(): canceling Wed Jun 17 14:42:37 UTC 2020
------------------ testing $PTII/ptolemy/domains/de/test/auto/PortParameterResetOnInitialize.xml
auto.tcl: Setting watchdog for 200 seconds at Wed Jun 17 14:42:37 UTC 2020
1 ms. Memory: 51200K Free: 32154K (63%)
ptolemy.util.test.WatchDog.cancel(): canceling Wed Jun 17 14:42:37 UTC 2020
auto.tcl: Setting watchdog for 200 seconds at Wed Jun 17 14:42:37 UTC 2020
1 ms. Memory: 51200K Free: 31608K (62%)
ptolemy.util.test.WatchDog.cancel(): canceling Wed Jun 17 14:42:37 UTC 2020
------------------ testing $PTII/ptolemy/domains/de/test/auto/PortParameterUpdates.xml
auto.tcl: Setting watchdog for 200 seconds at Wed Jun 17 14:42:37 UTC 2020
3 ms. Memory: 51200K Free: 30224K (59%)
ptolemy.util.test.WatchDog.cancel(): canceling Wed Jun 17 14:42:37 UTC 2020
auto.tcl: Setting watchdog for 200 seconds at Wed Jun 17 14:42:37 UTC 2020
3 ms. Memory: 51200K Free: 28996K (57%)
ptolemy.util.test.WatchDog.cancel(): canceling Wed Jun 17 14:42:37 UTC 2020
------------------ testing $PTII/ptolemy/domains/de/test/auto/QueueAndServer.xml
auto.tcl: Setting watchdog for 200 seconds at Wed Jun 17 14:42:37 UTC 2020
14 ms. Memory: 51200K Free: 28882K (56%)
ptolemy.util.test.WatchDog.cancel(): canceling Wed Jun 17 14:42:37 UTC 2020
auto.tcl: Setting watchdog for 200 seconds at Wed Jun 17 14:42:37 UTC 2020
7 ms. Memory: 51200K Free: 27430K (54%)
ptolemy.util.test.WatchDog.cancel(): canceling Wed Jun 17 14:42:37 UTC 2020
------------------ testing $PTII/ptolemy/domains/de/test/auto/Records.xml
auto.tcl: Setting watchdog for 200 seconds at Wed Jun 17 14:42:37 UTC 2020
3 ms. Memory: 51200K Free: 31171K (61%)
ptolemy.util.test.WatchDog.cancel(): canceling Wed Jun 17 14:42:37 UTC 2020
auto.tcl: Setting watchdog for 200 seconds at Wed Jun 17 14:42:37 UTC 2020
2 ms. Memory: 51200K Free: 30656K (60%)
ptolemy.util.test.WatchDog.cancel(): canceling Wed Jun 17 14:42:37 UTC 2020
------------------ testing $PTII/ptolemy/domains/de/test/auto/ResetTransitionWithStartTime1.xml
auto.tcl: Setting watchdog for 200 seconds at Wed Jun 17 14:42:37 UTC 2020
12 ms. Memory: 51200K Free: 28425K (56%)
ptolemy.util.test.WatchDog.cancel(): canceling Wed Jun 17 14:42:37 UTC 2020
auto.tcl: Setting watchdog for 200 seconds at Wed Jun 17 14:42:37 UTC 2020
5 ms. Memory: 51200K Free: 25863K (51%)
ptolemy.util.test.WatchDog.cancel(): canceling Wed Jun 17 14:42:37 UTC 2020
------------------ testing $PTII/ptolemy/domains/de/test/auto/ResetTransitionWithStartTime2.xml
auto.tcl: Setting watchdog for 200 seconds at Wed Jun 17 14:42:37 UTC 2020
7 ms. Memory: 51200K Free: 28380K (55%)
ptolemy.util.test.WatchDog.cancel(): canceling Wed Jun 17 14:42:37 UTC 2020
auto.tcl: Setting watchdog for 200 seconds at Wed Jun 17 14:42:37 UTC 2020
8 ms. Memory: 51200K Free: 26332K (51%)
ptolemy.util.test.WatchDog.cancel(): canceling Wed Jun 17 14:42:37 UTC 2020
------------------ testing $PTII/ptolemy/domains/de/test/auto/ResetTransitionWithStartTime3.xml
auto.tcl: Setting watchdog for 200 seconds at Wed Jun 17 14:42:37 UTC 2020
9 ms. Memory: 51200K Free: 28416K (56%)
ptolemy.util.test.WatchDog.cancel(): canceling Wed Jun 17 14:42:37 UTC 2020
auto.tcl: Setting watchdog for 200 seconds at Wed Jun 17 14:42:37 UTC 2020
6 ms. Memory: 51200K Free: 25817K (50%)
ptolemy.util.test.WatchDog.cancel(): canceling Wed Jun 17 14:42:37 UTC 2020
------------------ testing $PTII/ptolemy/domains/de/test/auto/ResetTransitionWithStartTime4.xml
auto.tcl: Setting watchdog for 200 seconds at Wed Jun 17 14:42:37 UTC 2020
6 ms. Memory: 51200K Free: 28816K (56%)
ptolemy.util.test.WatchDog.cancel(): canceling Wed Jun 17 14:42:37 UTC 2020
auto.tcl: Setting watchdog for 200 seconds at Wed Jun 17 14:42:37 UTC 2020
3 ms. Memory: 51200K Free: 27355K (53%)
ptolemy.util.test.WatchDog.cancel(): canceling Wed Jun 17 14:42:37 UTC 2020
------------------ testing $PTII/ptolemy/domains/de/test/auto/ResettableTimer1.xml
auto.tcl: Setting watchdog for 200 seconds at Wed Jun 17 14:42:37 UTC 2020
2 ms. Memory: 51200K Free: 32548K (64%)
ptolemy.util.test.WatchDog.cancel(): canceling Wed Jun 17 14:42:37 UTC 2020
auto.tcl: Setting watchdog for 200 seconds at Wed Jun 17 14:42:37 UTC 2020
2 ms. Memory: 51200K Free: 31928K (62%)
ptolemy.util.test.WatchDog.cancel(): canceling Wed Jun 17 14:42:37 UTC 2020
------------------ testing $PTII/ptolemy/domains/de/test/auto/ResettableTimer2.xml
auto.tcl: Setting watchdog for 200 seconds at Wed Jun 17 14:42:38 UTC 2020
2 ms. Memory: 51200K Free: 32612K (64%)
ptolemy.util.test.WatchDog.cancel(): canceling Wed Jun 17 14:42:38 UTC 2020
auto.tcl: Setting watchdog for 200 seconds at Wed Jun 17 14:42:38 UTC 2020
2 ms. Memory: 51200K Free: 31993K (62%)
ptolemy.util.test.WatchDog.cancel(): canceling Wed Jun 17 14:42:38 UTC 2020
------------------ testing $PTII/ptolemy/domains/de/test/auto/ResettableTimer3.xml
auto.tcl: Setting watchdog for 200 seconds at Wed Jun 17 14:42:38 UTC 2020
1 ms. Memory: 51200K Free: 33022K (64%)
ptolemy.util.test.WatchDog.cancel(): canceling Wed Jun 17 14:42:38 UTC 2020
auto.tcl: Setting watchdog for 200 seconds at Wed Jun 17 14:42:38 UTC 2020
1 ms. Memory: 51200K Free: 32512K (64%)
ptolemy.util.test.WatchDog.cancel(): canceling Wed Jun 17 14:42:38 UTC 2020
------------------ testing $PTII/ptolemy/domains/de/test/auto/ResettableTimer4.xml
auto.tcl: Setting watchdog for 200 seconds at Wed Jun 17 14:42:38 UTC 2020
1 ms. Memory: 51200K Free: 32525K (64%)
ptolemy.util.test.WatchDog.cancel(): canceling Wed Jun 17 14:42:38 UTC 2020
auto.tcl: Setting watchdog for 200 seconds at Wed Jun 17 14:42:38 UTC 2020
1 ms. Memory: 51200K Free: 32525K (64%)
ptolemy.util.test.WatchDog.cancel(): canceling Wed Jun 17 14:42:38 UTC 2020
------------------ testing $PTII/ptolemy/domains/de/test/auto/ResettableTimer5.xml
auto.tcl: Setting watchdog for 200 seconds at Wed Jun 17 14:42:38 UTC 2020
2 ms. Memory: 51200K Free: 32523K (64%)
ptolemy.util.test.WatchDog.cancel(): canceling Wed Jun 17 14:42:38 UTC 2020
auto.tcl: Setting watchdog for 200 seconds at Wed Jun 17 14:42:38 UTC 2020
1 ms. Memory: 51200K Free: 32019K (63%)
ptolemy.util.test.WatchDog.cancel(): canceling Wed Jun 17 14:42:38 UTC 2020
------------------ testing $PTII/ptolemy/domains/de/test/auto/ResettableTimer6.xml
auto.tcl: Setting watchdog for 200 seconds at Wed Jun 17 14:42:38 UTC 2020
2 ms. Memory: 51200K Free: 31999K (62%)
ptolemy.util.test.WatchDog.cancel(): canceling Wed Jun 17 14:42:38 UTC 2020
auto.tcl: Setting watchdog for 200 seconds at Wed Jun 17 14:42:38 UTC 2020
1 ms. Memory: 51200K Free: 31489K (62%)
ptolemy.util.test.WatchDog.cancel(): canceling Wed Jun 17 14:42:38 UTC 2020
------------------ testing $PTII/ptolemy/domains/de/test/auto/ServerZeroDelay.xml
auto.tcl: Setting watchdog for 200 seconds at Wed Jun 17 14:42:38 UTC 2020
5 ms. Memory: 51200K Free: 32504K (63%)
ptolemy.util.test.WatchDog.cancel(): canceling Wed Jun 17 14:42:38 UTC 2020
auto.tcl: Setting watchdog for 200 seconds at Wed Jun 17 14:42:38 UTC 2020
3 ms. Memory: 51200K Free: 31480K (61%)
ptolemy.util.test.WatchDog.cancel(): canceling Wed Jun 17 14:42:38 UTC 2020
------------------ testing $PTII/ptolemy/domains/de/test/auto/SmartSender.xml
auto.tcl: Setting watchdog for 200 seconds at Wed Jun 17 14:42:38 UTC 2020
3002 ms. Memory: 51200K Free: 32498K (63%)
ptolemy.util.test.WatchDog.cancel(): canceling Wed Jun 17 14:42:41 UTC 2020
auto.tcl: Setting watchdog for 200 seconds at Wed Jun 17 14:42:41 UTC 2020
3002 ms. Memory: 51200K Free: 31994K (62%)
ptolemy.util.test.WatchDog.cancel(): canceling Wed Jun 17 14:42:44 UTC 2020
------------------ testing $PTII/ptolemy/domains/de/test/auto/ThreadedComposite.xml
auto.tcl: Setting watchdog for 200 seconds at Wed Jun 17 14:42:44 UTC 2020
286 ms. Memory: 51200K Free: 14081K (28%)
ptolemy.util.test.WatchDog.cancel(): canceling Wed Jun 17 14:42:44 UTC 2020
auto.tcl: Setting watchdog for 200 seconds at Wed Jun 17 14:42:44 UTC 2020
122 ms. Memory: 51200K Free: 29038K (57%)
ptolemy.util.test.WatchDog.cancel(): canceling Wed Jun 17 14:42:44 UTC 2020
------------------ testing $PTII/ptolemy/domains/de/test/auto/Time.xml
auto.tcl: Setting watchdog for 200 seconds at Wed Jun 17 14:42:44 UTC 2020
427 ms. Memory: 51200K Free: 8757K (17%)
ptolemy.util.test.WatchDog.cancel(): canceling Wed Jun 17 14:42:45 UTC 2020
auto.tcl: Setting watchdog for 200 seconds at Wed Jun 17 14:42:45 UTC 2020
430 ms. Memory: 51200K Free: 13304K (26%)
ptolemy.util.test.WatchDog.cancel(): canceling Wed Jun 17 14:42:45 UTC 2020
------------------ testing $PTII/ptolemy/domains/de/test/auto/TimeDelayZeroDelay.xml
auto.tcl: Setting watchdog for 200 seconds at Wed Jun 17 14:42:45 UTC 2020
2 ms. Memory: 51200K Free: 32427K (63%)
ptolemy.util.test.WatchDog.cancel(): canceling Wed Jun 17 14:42:45 UTC 2020
auto.tcl: Setting watchdog for 200 seconds at Wed Jun 17 14:42:45 UTC 2020
3 ms. Memory: 51200K Free: 31571K (62%)
ptolemy.util.test.WatchDog.cancel(): canceling Wed Jun 17 14:42:45 UTC 2020
------------------ testing $PTII/ptolemy/domains/de/test/auto/TimerZeroDelay.xml
auto.tcl: Setting watchdog for 200 seconds at Wed Jun 17 14:42:45 UTC 2020
2 ms. Memory: 51200K Free: 32880K (64%)
ptolemy.util.test.WatchDog.cancel(): canceling Wed Jun 17 14:42:45 UTC 2020
auto.tcl: Setting watchdog for 200 seconds at Wed Jun 17 14:42:45 UTC 2020
2 ms. Memory: 51200K Free: 32056K (63%)
ptolemy.util.test.WatchDog.cancel(): canceling Wed Jun 17 14:42:45 UTC 2020
------------------ testing $PTII/ptolemy/domains/de/test/auto/TimingParadox.xml
auto.tcl: Setting watchdog for 200 seconds at Wed Jun 17 14:42:45 UTC 2020
285 ms. Memory: 51200K Free: 19604K (38%)
ptolemy.util.test.WatchDog.cancel(): canceling Wed Jun 17 14:42:46 UTC 2020
auto.tcl: Setting watchdog for 200 seconds at Wed Jun 17 14:42:46 UTC 2020
278 ms. Memory: 51200K Free: 10491K (20%)
ptolemy.util.test.WatchDog.cancel(): canceling Wed Jun 17 14:42:46 UTC 2020
------------------ testing $PTII/ptolemy/domains/de/test/auto/TransferInputs.xml
auto.tcl: Setting watchdog for 200 seconds at Wed Jun 17 14:42:46 UTC 2020
1 ms. Memory: 51200K Free: 30946K (60%)
ptolemy.util.test.WatchDog.cancel(): canceling Wed Jun 17 14:42:46 UTC 2020
auto.tcl: Setting watchdog for 200 seconds at Wed Jun 17 14:42:46 UTC 2020
1 ms. Memory: 51200K Free: 30050K (59%)
ptolemy.util.test.WatchDog.cancel(): canceling Wed Jun 17 14:42:46 UTC 2020
------------------ testing $PTII/ptolemy/domains/de/test/auto/TransferOutputs2.xml
auto.tcl: Setting watchdog for 200 seconds at Wed Jun 17 14:42:46 UTC 2020
9 ms. Memory: 51200K Free: 28380K (55%)
ptolemy.util.test.WatchDog.cancel(): canceling Wed Jun 17 14:42:46 UTC 2020
auto.tcl: Setting watchdog for 200 seconds at Wed Jun 17 14:42:46 UTC 2020
3 ms. Memory: 51200K Free: 26959K (53%)
ptolemy.util.test.WatchDog.cancel(): canceling Wed Jun 17 14:42:46 UTC 2020
------------------ testing $PTII/ptolemy/domains/de/test/auto/Trilateration.xml
auto.tcl: Setting watchdog for 200 seconds at Wed Jun 17 14:42:46 UTC 2020
13089 ms. Memory: 508928K Free: 470674K (92%)
ptolemy.util.test.WatchDog.cancel(): canceling Wed Jun 17 14:43:01 UTC 2020
auto.tcl: Setting watchdog for 200 seconds at Wed Jun 17 14:43:01 UTC 2020
8970 ms. Memory: 508928K Free: 237947K (47%)
ptolemy.util.test.WatchDog.cancel(): canceling Wed Jun 17 14:43:09 UTC 2020
------------------ testing $PTII/ptolemy/domains/de/test/auto/TwoSigmaDelta.xml
auto.tcl: Setting watchdog for 200 seconds at Wed Jun 17 14:43:10 UTC 2020
2162 ms. Memory: 92160K Free: 42365K (46%)
ptolemy.util.test.WatchDog.cancel(): canceling Wed Jun 17 14:43:12 UTC 2020
auto.tcl: Setting watchdog for 200 seconds at Wed Jun 17 14:43:12 UTC 2020
1866 ms. Memory: 92160K Free: 46496K (50%)
ptolemy.util.test.WatchDog.cancel(): canceling Wed Jun 17 14:43:14 UTC 2020
------------------ testing $PTII/ptolemy/domains/de/test/auto/VariableDelay.xml
auto.tcl: Setting watchdog for 200 seconds at Wed Jun 17 14:43:14 UTC 2020
3 ms. Memory: 55296K Free: 35512K (64%)
ptolemy.util.test.WatchDog.cancel(): canceling Wed Jun 17 14:43:14 UTC 2020
auto.tcl: Setting watchdog for 200 seconds at Wed Jun 17 14:43:14 UTC 2020
2 ms. Memory: 55296K Free: 34518K (62%)
ptolemy.util.test.WatchDog.cancel(): canceling Wed Jun 17 14:43:14 UTC 2020
------------------ testing $PTII/ptolemy/domains/de/test/auto/VariableDelay2.xml
auto.tcl: Setting watchdog for 200 seconds at Wed Jun 17 14:43:14 UTC 2020
3 ms. Memory: 51200K Free: 32030K (63%)
ptolemy.util.test.WatchDog.cancel(): canceling Wed Jun 17 14:43:14 UTC 2020
auto.tcl: Setting watchdog for 200 seconds at Wed Jun 17 14:43:14 UTC 2020
1 ms. Memory: 51200K Free: 31335K (61%)
ptolemy.util.test.WatchDog.cancel(): canceling Wed Jun 17 14:43:14 UTC 2020
------------------ testing $PTII/ptolemy/domains/de/test/auto/VariableDelayZeroDelay.xml
auto.tcl: Setting watchdog for 200 seconds at Wed Jun 17 14:43:14 UTC 2020
2 ms. Memory: 51200K Free: 32358K (63%)
ptolemy.util.test.WatchDog.cancel(): canceling Wed Jun 17 14:43:14 UTC 2020
auto.tcl: Setting watchdog for 200 seconds at Wed Jun 17 14:43:14 UTC 2020
2 ms. Memory: 51200K Free: 31830K (62%)
ptolemy.util.test.WatchDog.cancel(): canceling Wed Jun 17 14:43:14 UTC 2020
------------------ testing $PTII/ptolemy/domains/de/test/auto/VariableDelayZeroDelay2.xml
auto.tcl: Setting watchdog for 200 seconds at Wed Jun 17 14:43:14 UTC 2020
1 ms. Memory: 51200K Free: 32357K (63%)
ptolemy.util.test.WatchDog.cancel(): canceling Wed Jun 17 14:43:14 UTC 2020
auto.tcl: Setting watchdog for 200 seconds at Wed Jun 17 14:43:14 UTC 2020
1 ms. Memory: 51200K Free: 31333K (61%)
ptolemy.util.test.WatchDog.cancel(): canceling Wed Jun 17 14:43:14 UTC 2020
------------------ testing $PTII/ptolemy/domains/de/test/auto/deInCt.xml
auto.tcl: Setting watchdog for 200 seconds at Wed Jun 17 14:43:14 UTC 2020
0
1
1
1
1
0
0
0
1
1
1
0
0
0
1
1
1
0
0
0
1
1
1
1
0
0
0
1
1
1
1
0
0
0
1
1
0
0
0
1
1
1
0
0
0
0
12 ms. Memory: 51200K Free: 31330K (61%)
ptolemy.util.test.WatchDog.cancel(): canceling Wed Jun 17 14:43:14 UTC 2020
auto.tcl: Setting watchdog for 200 seconds at Wed Jun 17 14:43:14 UTC 2020
0
1
1
1
0
0
0
1
1
1
0
0
0
0
0
0
1
1
1
0
0
0
1
1
1
1
0
0
0
1
1
1
0
0
1
1
1
0
0
0
0
8 ms. Memory: 51200K Free: 29792K (58%)
ptolemy.util.test.WatchDog.cancel(): canceling Wed Jun 17 14:43:14 UTC 2020
------------------ testing $PTII/ptolemy/domains/de/test/auto/deInCt2.xml
auto.tcl: Setting watchdog for 200 seconds at Wed Jun 17 14:43:14 UTC 2020
0
1
1
1
0
0
1
1
1
0
0
1
1
1
0
0
1
1
1
0
0
1
1
1
0
0
1
1
1
0
0
1
1
1
0
0
1
1
1
0
0
0
8 ms. Memory: 51200K Free: 31331K (61%)
ptolemy.util.test.WatchDog.cancel(): canceling Wed Jun 17 14:43:14 UTC 2020
auto.tcl: Setting watchdog for 200 seconds at Wed Jun 17 14:43:14 UTC 2020
0
1
1
1
0
0
1
1
1
0
0
1
1
1
0
0
1
1
1
0
0
1
1
1
0
0
1
1
1
0
0
1
1
1
0
0
1
1
1
0
0
0
8 ms. Memory: 51200K Free: 29779K (58%)
ptolemy.util.test.WatchDog.cancel(): canceling Wed Jun 17 14:43:14 UTC 2020
------------------ testing $PTII/ptolemy/domains/de/test/auto/dynamicCausalityInterface1.xml
auto.tcl: Setting watchdog for 200 seconds at Wed Jun 17 14:43:14 UTC 2020
2 ms. Memory: 51200K Free: 26715K (52%)
ptolemy.util.test.WatchDog.cancel(): canceling Wed Jun 17 14:43:14 UTC 2020
auto.tcl: Setting watchdog for 200 seconds at Wed Jun 17 14:43:14 UTC 2020
0 ms. Memory: 51200K Free: 26205K (51%)
ptolemy.util.test.WatchDog.cancel(): canceling Wed Jun 17 14:43:14 UTC 2020
------------------ testing $PTII/ptolemy/domains/de/test/auto/fsm_de_test.xml
auto.tcl: Setting watchdog for 200 seconds at Wed Jun 17 14:43:14 UTC 2020
9 ms. Memory: 51200K Free: 26600K (52%)
ptolemy.util.test.WatchDog.cancel(): canceling Wed Jun 17 14:43:14 UTC 2020
auto.tcl: Setting watchdog for 200 seconds at Wed Jun 17 14:43:14 UTC 2020
6 ms. Memory: 51200K Free: 25080K (49%)
ptolemy.util.test.WatchDog.cancel(): canceling Wed Jun 17 14:43:14 UTC 2020
------------------ testing $PTII/ptolemy/domains/de/test/auto/functionDependencyReconstruction.xml
auto.tcl: Setting watchdog for 200 seconds at Wed Jun 17 14:43:14 UTC 2020
2 ms. Memory: 51200K Free: 21119K (41%)
ptolemy.util.test.WatchDog.cancel(): canceling Wed Jun 17 14:43:14 UTC 2020
auto.tcl: Setting watchdog for 200 seconds at Wed Jun 17 14:43:14 UTC 2020
3 ms. Memory: 51200K Free: 18926K (37%)
ptolemy.util.test.WatchDog.cancel(): canceling Wed Jun 17 14:43:14 UTC 2020
------------------ testing $PTII/ptolemy/domains/de/test/auto/multirate.xml
auto.tcl: Setting watchdog for 200 seconds at Wed Jun 17 14:43:14 UTC 2020
7 ms. Memory: 51200K Free: 29202K (57%)
ptolemy.util.test.WatchDog.cancel(): canceling Wed Jun 17 14:43:14 UTC 2020
auto.tcl: Setting watchdog for 200 seconds at Wed Jun 17 14:43:14 UTC 2020
3 ms. Memory: 51200K Free: 28036K (55%)
ptolemy.util.test.WatchDog.cancel(): canceling Wed Jun 17 14:43:14 UTC 2020
------------------ testing $PTII/ptolemy/domains/de/test/auto/multirate2.xml
auto.tcl: Setting watchdog for 200 seconds at Wed Jun 17 14:43:14 UTC 2020
7 ms. Memory: 51200K Free: 29923K (58%)
ptolemy.util.test.WatchDog.cancel(): canceling Wed Jun 17 14:43:14 UTC 2020
auto.tcl: Setting watchdog for 200 seconds at Wed Jun 17 14:43:14 UTC 2020
3 ms. Memory: 51200K Free: 28204K (55%)
ptolemy.util.test.WatchDog.cancel(): canceling Wed Jun 17 14:43:14 UTC 2020
------------------ testing $PTII/ptolemy/domains/de/test/auto/realtime.xml
auto.tcl: Setting watchdog for 200 seconds at Wed Jun 17 14:43:15 UTC 2020
10002 ms. Memory: 51200K Free: 32000K (63%)
ptolemy.util.test.WatchDog.cancel(): canceling Wed Jun 17 14:43:25 UTC 2020
auto.tcl: Setting watchdog for 200 seconds at Wed Jun 17 14:43:25 UTC 2020
10001 ms. Memory: 51200K Free: 31275K (61%)
ptolemy.util.test.WatchDog.cancel(): canceling Wed Jun 17 14:43:35 UTC 2020
------------------ testing $PTII/ptolemy/domains/de/test/auto/relationGroup.xml
auto.tcl: Setting watchdog for 200 seconds at Wed Jun 17 14:43:35 UTC 2020
2 ms. Memory: 51200K Free: 33090K (65%)
ptolemy.util.test.WatchDog.cancel(): canceling Wed Jun 17 14:43:35 UTC 2020
auto.tcl: Setting watchdog for 200 seconds at Wed Jun 17 14:43:35 UTC 2020
2 ms. Memory: 51200K Free: 32578K (64%)
ptolemy.util.test.WatchDog.cancel(): canceling Wed Jun 17 14:43:35 UTC 2020
------------------ testing $PTII/ptolemy/domains/de/test/auto/relationGroup2.xml
auto.tcl: Setting watchdog for 200 seconds at Wed Jun 17 14:43:35 UTC 2020
2 ms. Memory: 51200K Free: 33105K (65%)
ptolemy.util.test.WatchDog.cancel(): canceling Wed Jun 17 14:43:35 UTC 2020
auto.tcl: Setting watchdog for 200 seconds at Wed Jun 17 14:43:35 UTC 2020
1 ms. Memory: 51200K Free: 32380K (63%)
ptolemy.util.test.WatchDog.cancel(): canceling Wed Jun 17 14:43:35 UTC 2020
------------------ testing $PTII/ptolemy/domains/de/test/auto/sortWithOpaquePorts.xml
auto.tcl: Setting watchdog for 200 seconds at Wed Jun 17 14:43:35 UTC 2020
2 ms. Memory: 51200K Free: 31852K (62%)
ptolemy.util.test.WatchDog.cancel(): canceling Wed Jun 17 14:43:35 UTC 2020
auto.tcl: Setting watchdog for 200 seconds at Wed Jun 17 14:43:35 UTC 2020
2 ms. Memory: 51200K Free: 30819K (60%)
ptolemy.util.test.WatchDog.cancel(): canceling Wed Jun 17 14:43:35 UTC 2020
------------------ testing $PTII/ptolemy/domains/de/test/auto/transferInputsandOutputs.xml
auto.tcl: Setting watchdog for 200 seconds at Wed Jun 17 14:43:35 UTC 2020
2 ms. Memory: 51200K Free: 29296K (57%)
ptolemy.util.test.WatchDog.cancel(): canceling Wed Jun 17 14:43:35 UTC 2020
auto.tcl: Setting watchdog for 200 seconds at Wed Jun 17 14:43:35 UTC 2020
3 ms. Memory: 51200K Free: 28272K (55%)
ptolemy.util.test.WatchDog.cancel(): canceling Wed Jun 17 14:43:35 UTC 2020
------------------ testing $PTII/ptolemy/domains/de/test/auto/triggerType.xml
auto.tcl: Setting watchdog for 200 seconds at Wed Jun 17 14:43:35 UTC 2020
3 ms. Memory: 51200K Free: 32321K (63%)
ptolemy.util.test.WatchDog.cancel(): canceling Wed Jun 17 14:43:35 UTC 2020
auto.tcl: Setting watchdog for 200 seconds at Wed Jun 17 14:43:35 UTC 2020
1 ms. Memory: 51200K Free: 31304K (61%)
ptolemy.util.test.WatchDog.cancel(): canceling Wed Jun 17 14:43:35 UTC 2020
06/17/20 02:43:35
Failed: 0  Total Tests: 192  ((Passed: 187, Newly Passed: 1)  Known Failed: 5) /home/travis/build/icyphy/ptII/ptolemy/domains/de/test
06/17/20 02:43:35
Failed: 0  Total Tests: 192  ((Passed: 187, Newly Passed: 1)  Known Failed: 5) /home/travis/build/icyphy/ptII/ptolemy/domains/de/test
----------------- testing (KnownFailure) /home/travis/build/icyphy/ptII/ptolemy/domains/de/test/auto/knownFailedTests/DESDFClockTest.xml
2015 ms. Memory: 51200K Free: 25716K (50%)
Known Failure: java.lang.reflect.InvocationTargetException
----------------- testing (KnownFailure) /home/travis/build/icyphy/ptII/ptolemy/domains/de/test/auto/knownFailedTests/DirectFeedback.xml
1 ms. Memory: 51200K Free: 21620K (42%)
Known Failure: java.lang.reflect.InvocationTargetException
----------------- testing (KnownFailure) /home/travis/build/icyphy/ptII/ptolemy/domains/de/test/auto/knownFailedTests/FSMSource.xml
19 ms. Memory: 51200K Free: 13942K (27%)
----------------- testing (KnownFailure) /home/travis/build/icyphy/ptII/ptolemy/domains/de/test/auto/knownFailedTests/HierarchicalModel.xml
3 ms. Memory: 51200K Free: 25751K (50%)
Known Failure: java.lang.reflect.InvocationTargetException
----------------- testing (KnownFailure) /home/travis/build/icyphy/ptII/ptolemy/domains/de/test/auto/knownFailedTests/dependencyLoop.xml
2 ms. Memory: 51200K Free: 10391K (20%)
Known Failure: java.lang.reflect.InvocationTargetException
----------------- testing (KnownFailure) /home/travis/build/icyphy/ptII/ptolemy/domains/de/test/auto/knownFailedTests/dependencyLoop2.xml
3 ms. Memory: 51200K Free: 23194K (45%)
Known Failure: java.lang.reflect.InvocationTargetException
No auto/linux-amd64/*.xml tests in /home/travis/build/icyphy/ptII/ptolemy/domains/de/test
AutoTests.java: About to close Vertx.
AutoTests.java: Vertx closed.

===========================================================================================
----------------- testing Wed Jun 17 14:43:37 UTC 2020 /home/travis/build/icyphy/ptII/ptolemy/domains/de/test/auto/ActorDepthCalculation_actorWithoutPorts.xml
----------------- Instantiating /home/travis/build/icyphy/ptII/ptolemy/domains/de/test/auto/ActorDepthCalculation_actorWithoutPorts.xml
2 ms. Memory: 51200K Free: 16311K (32%)
----------------- Invoking toplevel() on ptolemy.moml.MoMLSimpleApplication@4beaf811
----------------- Done invoking toplevel() on ptolemy.moml.MoMLSimpleApplication@4beaf811
reloadAllAccessors: .ActorDepthCalculation_actorWithoutPorts

===========================================================================================
----------------- testing Wed Jun 17 14:43:37 UTC 2020 /home/travis/build/icyphy/ptII/ptolemy/domains/de/test/auto/AssemblyLine.xml
----------------- Instantiating /home/travis/build/icyphy/ptII/ptolemy/domains/de/test/auto/AssemblyLine.xml
4 ms. Memory: 51200K Free: 9157K (18%)
----------------- Invoking toplevel() on ptolemy.moml.MoMLSimpleApplication@27af970e
----------------- Done invoking toplevel() on ptolemy.moml.MoMLSimpleApplication@27af970e
reloadAllAccessors: .AssemblyLine

===========================================================================================
----------------- testing Wed Jun 17 14:43:37 UTC 2020 /home/travis/build/icyphy/ptII/ptolemy/domains/de/test/auto/CQBug1.xml
----------------- Instantiating /home/travis/build/icyphy/ptII/ptolemy/domains/de/test/auto/CQBug1.xml
1 ms. Memory: 51200K Free: 33843K (66%)
----------------- Invoking toplevel() on ptolemy.moml.MoMLSimpleApplication@215df883
----------------- Done invoking toplevel() on ptolemy.moml.MoMLSimpleApplication@215df883
reloadAllAccessors: .CQBug1

===========================================================================================
----------------- testing Wed Jun 17 14:43:37 UTC 2020 /home/travis/build/icyphy/ptII/ptolemy/domains/de/test/auto/CancelFireAt.xml
----------------- Instantiating /home/travis/build/icyphy/ptII/ptolemy/domains/de/test/auto/CancelFireAt.xml
1 ms. Memory: 51200K Free: 31188K (61%)
----------------- Invoking toplevel() on ptolemy.moml.MoMLSimpleApplication@6488e46c
----------------- Done invoking toplevel() on ptolemy.moml.MoMLSimpleApplication@6488e46c
reloadAllAccessors: .CancelFireAt

===========================================================================================
----------------- testing Wed Jun 17 14:43:37 UTC 2020 /home/travis/build/icyphy/ptII/ptolemy/domains/de/test/auto/CausalityAndComposabilityAnalysis.xml
----------------- Instantiating /home/travis/build/icyphy/ptII/ptolemy/domains/de/test/auto/CausalityAndComposabilityAnalysis.xml
3 ms. Memory: 51200K Free: 27076K (53%)
----------------- Invoking toplevel() on ptolemy.moml.MoMLSimpleApplication@47567ae2
----------------- Done invoking toplevel() on ptolemy.moml.MoMLSimpleApplication@47567ae2
reloadAllAccessors: .CausalityAndComposabilityAnalysis

===========================================================================================
----------------- testing Wed Jun 17 14:43:37 UTC 2020 /home/travis/build/icyphy/ptII/ptolemy/domains/de/test/auto/CausalityInterface1.xml
----------------- Instantiating /home/travis/build/icyphy/ptII/ptolemy/domains/de/test/auto/CausalityInterface1.xml
5 ms. Memory: 51200K Free: 21988K (43%)
----------------- Invoking toplevel() on ptolemy.moml.MoMLSimpleApplication@2459b1d9
----------------- Done invoking toplevel() on ptolemy.moml.MoMLSimpleApplication@2459b1d9
reloadAllAccessors: .CausalityInterface1

===========================================================================================
----------------- testing Wed Jun 17 14:43:37 UTC 2020 /home/travis/build/icyphy/ptII/ptolemy/domains/de/test/auto/CausalityInterface15.xml
----------------- Instantiating /home/travis/build/icyphy/ptII/ptolemy/domains/de/test/auto/CausalityInterface15.xml
2 ms. Memory: 51200K Free: 16405K (32%)
----------------- Invoking toplevel() on ptolemy.moml.MoMLSimpleApplication@29de1002
----------------- Done invoking toplevel() on ptolemy.moml.MoMLSimpleApplication@29de1002
reloadAllAccessors: .CausalityInterface15

===========================================================================================
----------------- testing Wed Jun 17 14:43:37 UTC 2020 /home/travis/build/icyphy/ptII/ptolemy/domains/de/test/auto/CausalityInterface2.xml
----------------- Instantiating /home/travis/build/icyphy/ptII/ptolemy/domains/de/test/auto/CausalityInterface2.xml
1 ms. Memory: 51200K Free: 11762K (23%)
[...]
	at ptolemy.actor.Manager.run(Manager.java:1263)
	at ptolemy.actor.Manager$PtolemyRunThread.run(Manager.java:1933)
java.lang.RuntimeException: Execution failed
	at ptolemy.moml.MoMLSimpleApplication$UnloadThread.run(MoMLSimpleApplication.java:402)
Caused by: ptolemy.kernel.util.IllegalActionException: Actor is not ready to fire.  Perhaps UpSample.prefire() returned false? Try debugging the actor by selecting "Listen to Actor".  Also, for SDF check moml for tokenConsumptionRate on input.
  in .DESDFClockTest.Play Bell.Copy1:SDF Director and .DESDFClockTest.Play Bell.UpSample
	at ptolemy.actor.sched.StaticSchedulingDirector.fire(StaticSchedulingDirector.java:227)
	at ptolemy.domains.sdf.kernel.SDFDirector.fire(SDFDirector.java:500)
	at ptolemy.actor.CompositeActor.fire(CompositeActor.java:455)
	at ptolemy.domains.de.kernel.DEDirector._fire(DEDirector.java:1949)
	at ptolemy.domains.de.kernel.DEDirector.fire(DEDirector.java:502)
	at ptolemy.actor.CompositeActor.fire(CompositeActor.java:455)
	at ptolemy.actor.Manager.iterate(Manager.java:851)
	at ptolemy.actor.Manager.execute(Manager.java:369)
	at ptolemy.actor.Manager.run(Manager.java:1263)
	at ptolemy.actor.Manager$PtolemyRunThread.run(Manager.java:1933)
java.lang.reflect.InvocationTargetException
	at java.base/jdk.internal.reflect.NativeConstructorAccessorImpl.newInstance0(Native Method)
	at java.base/jdk.internal.reflect.NativeConstructorAccessorImpl.newInstance(NativeConstructorAccessorImpl.java:62)
	at java.base/jdk.internal.reflect.DelegatingConstructorAccessorImpl.newInstance(DelegatingConstructorAccessorImpl.java:45)
	at java.base/java.lang.reflect.Constructor.newInstance(Constructor.java:490)
	at ptolemy.util.test.junit.AutoKnownFailedTests.RunModel(AutoKnownFailedTests.java:105)
	at java.base/jdk.internal.reflect.NativeMethodAccessorImpl.invoke0(Native Method)
	at java.base/jdk.internal.reflect.NativeMethodAccessorImpl.invoke(NativeMethodAccessorImpl.java:62)
	at java.base/jdk.internal.reflect.DelegatingMethodAccessorImpl.invoke(DelegatingMethodAccessorImpl.java:43)
	at java.base/java.lang.reflect.Method.invoke(Method.java:566)
	at org.junit.runners.model.FrameworkMethod$1.runReflectiveCall(FrameworkMethod.java:44)
	at org.junit.internal.runners.model.ReflectiveCallable.run(ReflectiveCallable.java:15)
	at org.junit.runners.model.FrameworkMethod.invokeExplosively(FrameworkMethod.java:41)
	at junitparams.internal.InvokeParameterisedMethod.evaluate(InvokeParameterisedMethod.java:102)
	at org.junit.internal.runners.statements.FailOnTimeout$1.run(FailOnTimeout.java:28)
Caused by: ptolemy.kernel.util.IllegalActionException: Actor is not ready to fire.  Perhaps UpSample.prefire() returned false? Try debugging the actor by selecting "Listen to Actor".  Also, for SDF check moml for tokenConsumptionRate on input.
  in .DESDFClockTest.Play Bell.Copy1:SDF Director and .DESDFClockTest.Play Bell.UpSample
	at ptolemy.actor.sched.StaticSchedulingDirector.fire(StaticSchedulingDirector.java:227)
	at ptolemy.domains.sdf.kernel.SDFDirector.fire(SDFDirector.java:500)
	at ptolemy.actor.CompositeActor.fire(CompositeActor.java:455)
	at ptolemy.domains.de.kernel.DEDirector._fire(DEDirector.java:1949)
	at ptolemy.domains.de.kernel.DEDirector.fire(DEDirector.java:502)
	at ptolemy.actor.CompositeActor.fire(CompositeActor.java:455)
	at ptolemy.actor.Manager.iterate(Manager.java:851)
	at ptolemy.actor.Manager.execute(Manager.java:369)
	at ptolemy.actor.Manager.run(Manager.java:1263)
	at ptolemy.actor.Manager$PtolemyRunThread.run(Manager.java:1933)
java.lang.RuntimeException: Execution failed
	at ptolemy.moml.MoMLSimpleApplication$UnloadThread.run(MoMLSimpleApplication.java:402)
Caused by: ptolemy.kernel.util.IllegalActionException: Test fails in iteration 1.
Value was: 1.0. Should have been: 2.0
  in .DirectFeedback.Test
	at ptolemy.actor.lib.Test.fire(Test.java:268)
	at ptolemy.domains.de.kernel.DEDirector._fire(DEDirector.java:1949)
	at ptolemy.domains.de.kernel.DEDirector.fire(DEDirector.java:502)
	at ptolemy.actor.CompositeActor.fire(CompositeActor.java:455)
	at ptolemy.actor.Manager.iterate(Manager.java:851)
	at ptolemy.actor.Manager.execute(Manager.java:369)
	at ptolemy.actor.Manager.run(Manager.java:1263)
	at ptolemy.actor.Manager$PtolemyRunThread.run(Manager.java:1933)
java.lang.reflect.InvocationTargetException
	at java.base/jdk.internal.reflect.NativeConstructorAccessorImpl.newInstance0(Native Method)
	at java.base/jdk.internal.reflect.NativeConstructorAccessorImpl.newInstance(NativeConstructorAccessorImpl.java:62)
	at java.base/jdk.internal.reflect.DelegatingConstructorAccessorImpl.newInstance(DelegatingConstructorAccessorImpl.java:45)
	at java.base/java.lang.reflect.Constructor.newInstance(Constructor.java:490)
	at ptolemy.util.test.junit.AutoKnownFailedTests.RunModel(AutoKnownFailedTests.java:105)
	at java.base/jdk.internal.reflect.NativeMethodAccessorImpl.invoke0(Native Method)
	at java.base/jdk.internal.reflect.NativeMethodAccessorImpl.invoke(NativeMethodAccessorImpl.java:62)
	at java.base/jdk.internal.reflect.DelegatingMethodAccessorImpl.invoke(DelegatingMethodAccessorImpl.java:43)
	at java.base/java.lang.reflect.Method.invoke(Method.java:566)
	at org.junit.runners.model.FrameworkMethod$1.runReflectiveCall(FrameworkMethod.java:44)
	at org.junit.internal.runners.model.ReflectiveCallable.run(ReflectiveCallable.java:15)
	at org.junit.runners.model.FrameworkMethod.invokeExplosively(FrameworkMethod.java:41)
	at junitparams.internal.InvokeParameterisedMethod.evaluate(InvokeParameterisedMethod.java:102)
	at org.junit.internal.runners.statements.FailOnTimeout$1.run(FailOnTimeout.java:28)
Caused by: ptolemy.kernel.util.IllegalActionException: Test fails in iteration 1.
Value was: 1.0. Should have been: 2.0
  in .DirectFeedback.Test
	at ptolemy.actor.lib.Test.fire(Test.java:268)
	at ptolemy.domains.de.kernel.DEDirector._fire(DEDirector.java:1949)
	at ptolemy.domains.de.kernel.DEDirector.fire(DEDirector.java:502)
	at ptolemy.actor.CompositeActor.fire(CompositeActor.java:455)
	at ptolemy.actor.Manager.iterate(Manager.java:851)
	at ptolemy.actor.Manager.execute(Manager.java:369)
	at ptolemy.actor.Manager.run(Manager.java:1263)
	at ptolemy.actor.Manager$PtolemyRunThread.run(Manager.java:1933)
java.lang.RuntimeException: Execution failed
	at ptolemy.moml.MoMLSimpleApplication$UnloadThread.run(MoMLSimpleApplication.java:402)
Caused by: ptolemy.kernel.util.IllegalActionException: Found a zero delay loop containing .HierarchicalModel.A
  in .HierarchicalModel and .HierarchicalModel.A
	at ptolemy.actor.util.CausalityInterfaceForComposites._computeOutputPortDepth(CausalityInterfaceForComposites.java:759)
	at ptolemy.actor.util.CausalityInterfaceForComposites._computeInputDepth(CausalityInterfaceForComposites.java:696)
	at ptolemy.actor.util.CausalityInterfaceForComposites._computeOutputPortDepth(CausalityInterfaceForComposites.java:765)
	at ptolemy.actor.util.CausalityInterfaceForComposites._computeInputDepth(CausalityInterfaceForComposites.java:696)
	at ptolemy.actor.util.CausalityInterfaceForComposites._computeOutputPortDepth(CausalityInterfaceForComposites.java:765)
	at ptolemy.actor.util.CausalityInterfaceForComposites._computeInputDepth(CausalityInterfaceForComposites.java:696)
	at ptolemy.actor.util.CausalityInterfaceForComposites._computeActorDepth(CausalityInterfaceForComposites.java:532)
	at ptolemy.actor.util.CausalityInterfaceForComposites.checkForCycles(CausalityInterfaceForComposites.java:96)
	at ptolemy.domains.de.kernel.DEDirector.preinitialize(DEDirector.java:1338)
	at ptolemy.actor.CompositeActor.preinitialize(CompositeActor.java:1828)
	at ptolemy.actor.Manager.preinitializeAndResolveTypes(Manager.java:1040)
	at ptolemy.actor.Manager.initialize(Manager.java:710)
	at ptolemy.actor.Manager.execute(Manager.java:356)
	at ptolemy.actor.Manager.run(Manager.java:1263)
	at ptolemy.actor.Manager$PtolemyRunThread.run(Manager.java:1933)
java.lang.reflect.InvocationTargetException
	at java.base/jdk.internal.reflect.NativeConstructorAccessorImpl.newInstance0(Native Method)
	at java.base/jdk.internal.reflect.NativeConstructorAccessorImpl.newInstance(NativeConstructorAccessorImpl.java:62)
	at java.base/jdk.internal.reflect.DelegatingConstructorAccessorImpl.newInstance(DelegatingConstructorAccessorImpl.java:45)
	at java.base/java.lang.reflect.Constructor.newInstance(Constructor.java:490)
	at ptolemy.util.test.junit.AutoKnownFailedTests.RunModel(AutoKnownFailedTests.java:105)
	at java.base/jdk.internal.reflect.NativeMethodAccessorImpl.invoke0(Native Method)
	at java.base/jdk.internal.reflect.NativeMethodAccessorImpl.invoke(NativeMethodAccessorImpl.java:62)
	at java.base/jdk.internal.reflect.DelegatingMethodAccessorImpl.invoke(DelegatingMethodAccessorImpl.java:43)
	at java.base/java.lang.reflect.Method.invoke(Method.java:566)
	at org.junit.runners.model.FrameworkMethod$1.runReflectiveCall(FrameworkMethod.java:44)
	at org.junit.internal.runners.model.ReflectiveCallable.run(ReflectiveCallable.java:15)
	at org.junit.runners.model.FrameworkMethod.invokeExplosively(FrameworkMethod.java:41)
	at junitparams.internal.InvokeParameterisedMethod.evaluate(InvokeParameterisedMethod.java:102)
	at org.junit.internal.runners.statements.FailOnTimeout$1.run(FailOnTimeout.java:28)
Caused by: ptolemy.kernel.util.IllegalActionException: Found a zero delay loop containing .HierarchicalModel.A
  in .HierarchicalModel and .HierarchicalModel.A
	at ptolemy.actor.util.CausalityInterfaceForComposites._computeOutputPortDepth(CausalityInterfaceForComposites.java:759)
	at ptolemy.actor.util.CausalityInterfaceForComposites._computeInputDepth(CausalityInterfaceForComposites.java:696)
	at ptolemy.actor.util.CausalityInterfaceForComposites._computeOutputPortDepth(CausalityInterfaceForComposites.java:765)
	at ptolemy.actor.util.CausalityInterfaceForComposites._computeInputDepth(CausalityInterfaceForComposites.java:696)
	at ptolemy.actor.util.CausalityInterfaceForComposites._computeOutputPortDepth(CausalityInterfaceForComposites.java:765)
	at ptolemy.actor.util.CausalityInterfaceForComposites._computeInputDepth(CausalityInterfaceForComposites.java:696)
	at ptolemy.actor.util.CausalityInterfaceForComposites._computeActorDepth(CausalityInterfaceForComposites.java:532)
	at ptolemy.actor.util.CausalityInterfaceForComposites.checkForCycles(CausalityInterfaceForComposites.java:96)
	at ptolemy.domains.de.kernel.DEDirector.preinitialize(DEDirector.java:1338)
	at ptolemy.actor.CompositeActor.preinitialize(CompositeActor.java:1828)
	at ptolemy.actor.Manager.preinitializeAndResolveTypes(Manager.java:1040)
	at ptolemy.actor.Manager.initialize(Manager.java:710)
	at ptolemy.actor.Manager.execute(Manager.java:356)
	at ptolemy.actor.Manager.run(Manager.java:1263)
	at ptolemy.actor.Manager$PtolemyRunThread.run(Manager.java:1933)
java.lang.RuntimeException: Execution failed
	at ptolemy.moml.MoMLSimpleApplication$UnloadThread.run(MoMLSimpleApplication.java:402)
Caused by: ptolemy.kernel.util.IllegalActionException: Found a zero delay loop containing .dependencyLoop.original
  in .dependencyLoop and .dependencyLoop.original
	at ptolemy.actor.util.CausalityInterfaceForComposites._computeOutputPortDepth(CausalityInterfaceForComposites.java:759)
	at ptolemy.actor.util.CausalityInterfaceForComposites._computeInputDepth(CausalityInterfaceForComposites.java:696)
	at ptolemy.actor.util.CausalityInterfaceForComposites._computeOutputPortDepth(CausalityInterfaceForComposites.java:765)
	at ptolemy.actor.util.CausalityInterfaceForComposites._computeInputDepth(CausalityInterfaceForComposites.java:696)
	at ptolemy.actor.util.CausalityInterfaceForComposites._computeOutputPortDepth(CausalityInterfaceForComposites.java:765)
	at ptolemy.actor.util.CausalityInterfaceForComposites._computeInputDepth(CausalityInterfaceForComposites.java:696)
	at ptolemy.actor.util.CausalityInterfaceForComposites._computeActorDepth(CausalityInterfaceForComposites.java:532)
	at ptolemy.actor.util.CausalityInterfaceForComposites.checkForCycles(CausalityInterfaceForComposites.java:96)
	at ptolemy.domains.de.kernel.DEDirector.preinitialize(DEDirector.java:1338)
	at ptolemy.actor.CompositeActor.preinitialize(CompositeActor.java:1828)
	at ptolemy.actor.Manager.preinitializeAndResolveTypes(Manager.java:1040)
	at ptolemy.actor.Manager.initialize(Manager.java:710)
	at ptolemy.actor.Manager.execute(Manager.java:356)
	at ptolemy.actor.Manager.run(Manager.java:1263)
	at ptolemy.actor.Manager$PtolemyRunThread.run(Manager.java:1933)
java.lang.reflect.InvocationTargetException
	at java.base/jdk.internal.reflect.NativeConstructorAccessorImpl.newInstance0(Native Method)
	at java.base/jdk.internal.reflect.NativeConstructorAccessorImpl.newInstance(NativeConstructorAccessorImpl.java:62)
	at java.base/jdk.internal.reflect.DelegatingConstructorAccessorImpl.newInstance(DelegatingConstructorAccessorImpl.java:45)
	at java.base/java.lang.reflect.Constructor.newInstance(Constructor.java:490)
	at ptolemy.util.test.junit.AutoKnownFailedTests.RunModel(AutoKnownFailedTests.java:105)
	at java.base/jdk.internal.reflect.NativeMethodAccessorImpl.invoke0(Native Method)
	at java.base/jdk.internal.reflect.NativeMethodAccessorImpl.invoke(NativeMethodAccessorImpl.java:62)
	at java.base/jdk.internal.reflect.DelegatingMethodAccessorImpl.invoke(DelegatingMethodAccessorImpl.java:43)
	at java.base/java.lang.reflect.Method.invoke(Method.java:566)
	at org.junit.runners.model.FrameworkMethod$1.runReflectiveCall(FrameworkMethod.java:44)
	at org.junit.internal.runners.model.ReflectiveCallable.run(ReflectiveCallable.java:15)
	at org.junit.runners.model.FrameworkMethod.invokeExplosively(FrameworkMethod.java:41)
	at junitparams.internal.InvokeParameterisedMethod.evaluate(InvokeParameterisedMethod.java:102)
	at org.junit.internal.runners.statements.FailOnTimeout$1.run(FailOnTimeout.java:28)
Caused by: ptolemy.kernel.util.IllegalActionException: Found a zero delay loop containing .dependencyLoop.original
  in .dependencyLoop and .dependencyLoop.original
	at ptolemy.actor.util.CausalityInterfaceForComposites._computeOutputPortDepth(CausalityInterfaceForComposites.java:759)
	at ptolemy.actor.util.CausalityInterfaceForComposites._computeInputDepth(CausalityInterfaceForComposites.java:696)
	at ptolemy.actor.util.CausalityInterfaceForComposites._computeOutputPortDepth(CausalityInterfaceForComposites.java:765)
	at ptolemy.actor.util.CausalityInterfaceForComposites._computeInputDepth(CausalityInterfaceForComposites.java:696)
	at ptolemy.actor.util.CausalityInterfaceForComposites._computeOutputPortDepth(CausalityInterfaceForComposites.java:765)
	at ptolemy.actor.util.CausalityInterfaceForComposites._computeInputDepth(CausalityInterfaceForComposites.java:696)
	at ptolemy.actor.util.CausalityInterfaceForComposites._computeActorDepth(CausalityInterfaceForComposites.java:532)
	at ptolemy.actor.util.CausalityInterfaceForComposites.checkForCycles(CausalityInterfaceForComposites.java:96)
	at ptolemy.domains.de.kernel.DEDirector.preinitialize(DEDirector.java:1338)
	at ptolemy.actor.CompositeActor.preinitialize(CompositeActor.java:1828)
	at ptolemy.actor.Manager.preinitializeAndResolveTypes(Manager.java:1040)
	at ptolemy.actor.Manager.initialize(Manager.java:710)
	at ptolemy.actor.Manager.execute(Manager.java:356)
	at ptolemy.actor.Manager.run(Manager.java:1263)
	at ptolemy.actor.Manager$PtolemyRunThread.run(Manager.java:1933)
java.lang.RuntimeException: Execution failed
	at ptolemy.moml.MoMLSimpleApplication$UnloadThread.run(MoMLSimpleApplication.java:402)
Caused by: ptolemy.kernel.util.IllegalActionException: Found a zero delay loop containing .dependencyLoop2.original
  in .dependencyLoop2 and .dependencyLoop2.original
	at ptolemy.actor.util.CausalityInterfaceForComposites._computeOutputPortDepth(CausalityInterfaceForComposites.java:759)
	at ptolemy.actor.util.CausalityInterfaceForComposites._computeInputDepth(CausalityInterfaceForComposites.java:696)
	at ptolemy.actor.util.CausalityInterfaceForComposites._computeOutputPortDepth(CausalityInterfaceForComposites.java:765)
	at ptolemy.actor.util.CausalityInterfaceForComposites._computeInputDepth(CausalityInterfaceForComposites.java:696)
	at ptolemy.actor.util.CausalityInterfaceForComposites._computeOutputPortDepth(CausalityInterfaceForComposites.java:765)
	at ptolemy.actor.util.CausalityInterfaceForComposites._computeInputDepth(CausalityInterfaceForComposites.java:696)
	at ptolemy.actor.util.CausalityInterfaceForComposites._computeActorDepth(CausalityInterfaceForComposites.java:532)
	at ptolemy.actor.util.CausalityInterfaceForComposites.checkForCycles(CausalityInterfaceForComposites.java:96)
	at ptolemy.domains.de.kernel.DEDirector.preinitialize(DEDirector.java:1338)
	at ptolemy.actor.CompositeActor.preinitialize(CompositeActor.java:1828)
	at ptolemy.actor.Manager.preinitializeAndResolveTypes(Manager.java:1040)
	at ptolemy.actor.Manager.initialize(Manager.java:710)
	at ptolemy.actor.Manager.execute(Manager.java:356)
	at ptolemy.actor.Manager.run(Manager.java:1263)
	at ptolemy.actor.Manager$PtolemyRunThread.run(Manager.java:1933)
java.lang.reflect.InvocationTargetException
	at java.base/jdk.internal.reflect.NativeConstructorAccessorImpl.newInstance0(Native Method)
	at java.base/jdk.internal.reflect.NativeConstructorAccessorImpl.newInstance(NativeConstructorAccessorImpl.java:62)
	at java.base/jdk.internal.reflect.DelegatingConstructorAccessorImpl.newInstance(DelegatingConstructorAccessorImpl.java:45)
	at java.base/java.lang.reflect.Constructor.newInstance(Constructor.java:490)
	at ptolemy.util.test.junit.AutoKnownFailedTests.RunModel(AutoKnownFailedTests.java:105)
	at java.base/jdk.internal.reflect.NativeMethodAccessorImpl.invoke0(Native Method)
	at java.base/jdk.internal.reflect.NativeMethodAccessorImpl.invoke(NativeMethodAccessorImpl.java:62)
	at java.base/jdk.internal.reflect.DelegatingMethodAccessorImpl.invoke(DelegatingMethodAccessorImpl.java:43)
	at java.base/java.lang.reflect.Method.invoke(Method.java:566)
	at org.junit.runners.model.FrameworkMethod$1.runReflectiveCall(FrameworkMethod.java:44)
	at org.junit.internal.runners.model.ReflectiveCallable.run(ReflectiveCallable.java:15)
	at org.junit.runners.model.FrameworkMethod.invokeExplosively(FrameworkMethod.java:41)
	at junitparams.internal.InvokeParameterisedMethod.evaluate(InvokeParameterisedMethod.java:102)
	at org.junit.internal.runners.statements.FailOnTimeout$1.run(FailOnTimeout.java:28)
Caused by: ptolemy.kernel.util.IllegalActionException: Found a zero delay loop containing .dependencyLoop2.original
  in .dependencyLoop2 and .dependencyLoop2.original
	at ptolemy.actor.util.CausalityInterfaceForComposites._computeOutputPortDepth(CausalityInterfaceForComposites.java:759)
	at ptolemy.actor.util.CausalityInterfaceForComposites._computeInputDepth(CausalityInterfaceForComposites.java:696)
	at ptolemy.actor.util.CausalityInterfaceForComposites._computeOutputPortDepth(CausalityInterfaceForComposites.java:765)
	at ptolemy.actor.util.CausalityInterfaceForComposites._computeInputDepth(CausalityInterfaceForComposites.java:696)
	at ptolemy.actor.util.CausalityInterfaceForComposites._computeOutputPortDepth(CausalityInterfaceForComposites.java:765)
	at ptolemy.actor.util.CausalityInterfaceForComposites._computeInputDepth(CausalityInterfaceForComposites.java:696)
	at ptolemy.actor.util.CausalityInterfaceForComposites._computeActorDepth(CausalityInterfaceForComposites.java:532)
	at ptolemy.actor.util.CausalityInterfaceForComposites.checkForCycles(CausalityInterfaceForComposites.java:96)
	at ptolemy.domains.de.kernel.DEDirector.preinitialize(DEDirector.java:1338)
	at ptolemy.actor.CompositeActor.preinitialize(CompositeActor.java:1828)
	at ptolemy.actor.Manager.preinitializeAndResolveTypes(Manager.java:1040)
	at ptolemy.actor.Manager.initialize(Manager.java:710)
	at ptolemy.actor.Manager.execute(Manager.java:356)
	at ptolemy.actor.Manager.run(Manager.java:1263)
	at ptolemy.actor.Manager$PtolemyRunThread.run(Manager.java:1933)
]]></system-err>
</testsuite>
