<?xml version="1.0" encoding="UTF-8" ?>
<testsuite errors="0" failures="0" hostname="travis-job-8b471fb0-6082-4a3b-9bb6-36f55e34acf9" name="ptolemy.domains.de.test.junit.JUnitTclTest" skipped="0" tests="101" time="121.865" timestamp="2019-12-29T06:32:15">
  <properties>
[...]
</properties>
  <testcase classname="ptolemy.util.test.junit.TclTests" name="[0] /home/travis/build/icyphy/ptII/ptolemy/domains/de/test/DependencyLoop.tcl (RunTclFile)" time="0.956" />
  <testcase classname="ptolemy.util.test.junit.TclTests" name="[1] /home/travis/build/icyphy/ptII/ptolemy/domains/de/test/RunDETestsAsQSS.tcl (RunTclFile)" time="82.024" />
  <testcase classname="ptolemy.util.test.junit.AutoKnownFailedTests" name="[0] /home/travis/build/icyphy/ptII/ptolemy/domains/de/test/auto/knownFailedTests/DESDFClockTest.xml (RunModel)" time="2.053" />
  <testcase classname="ptolemy.util.test.junit.AutoKnownFailedTests" name="[1] /home/travis/build/icyphy/ptII/ptolemy/domains/de/test/auto/knownFailedTests/DirectFeedback.xml (RunModel)" time="0.017" />
  <testcase classname="ptolemy.util.test.junit.AutoKnownFailedTests" name="[2] /home/travis/build/icyphy/ptII/ptolemy/domains/de/test/auto/knownFailedTests/FSMSource.xml (RunModel)" time="0.02" />
  <testcase classname="ptolemy.util.test.junit.AutoKnownFailedTests" name="[3] /home/travis/build/icyphy/ptII/ptolemy/domains/de/test/auto/knownFailedTests/HierarchicalModel.xml (RunModel)" time="0.041" />
  <testcase classname="ptolemy.util.test.junit.AutoKnownFailedTests" name="[4] /home/travis/build/icyphy/ptII/ptolemy/domains/de/test/auto/knownFailedTests/dependencyLoop.xml (RunModel)" time="0.041" />
  <testcase classname="ptolemy.util.test.junit.AutoKnownFailedTests" name="[5] /home/travis/build/icyphy/ptII/ptolemy/domains/de/test/auto/knownFailedTests/dependencyLoop2.xml (RunModel)" time="0.045" />
  <testcase classname="ptolemy.util.test.junit.AutoNameArchTests" name="[0] ThereAreNoAutoArchTests (RunModel)" time="0.004" />
  <testcase classname="ptolemy.util.test.junit.AutoTests" name="[0] /home/travis/build/icyphy/ptII/ptolemy/domains/de/test/auto/ActorDepthCalculation_actorWithoutPorts.xml (RunModel)" time="0.022" />
  <testcase classname="ptolemy.util.test.junit.AutoTests" name="[1] /home/travis/build/icyphy/ptII/ptolemy/domains/de/test/auto/AssemblyLine.xml (RunModel)" time="0.027" />
  <testcase classname="ptolemy.util.test.junit.AutoTests" name="[2] /home/travis/build/icyphy/ptII/ptolemy/domains/de/test/auto/CQBug1.xml (RunModel)" time="0.011" />
  <testcase classname="ptolemy.util.test.junit.AutoTests" name="[3] /home/travis/build/icyphy/ptII/ptolemy/domains/de/test/auto/CancelFireAt.xml (RunModel)" time="0.006" />
  <testcase classname="ptolemy.util.test.junit.AutoTests" name="[4] /home/travis/build/icyphy/ptII/ptolemy/domains/de/test/auto/CausalityAndComposabilityAnalysis.xml (RunModel)" time="0.017" />
  <testcase classname="ptolemy.util.test.junit.AutoTests" name="[5] /home/travis/build/icyphy/ptII/ptolemy/domains/de/test/auto/CausalityInterface1.xml (RunModel)" time="0.028" />
  <testcase classname="ptolemy.util.test.junit.AutoTests" name="[6] /home/travis/build/icyphy/ptII/ptolemy/domains/de/test/auto/CausalityInterface15.xml (RunModel)" time="0.016" />
  <testcase classname="ptolemy.util.test.junit.AutoTests" name="[7] /home/travis/build/icyphy/ptII/ptolemy/domains/de/test/auto/CausalityInterface2.xml (RunModel)" time="0.014" />
  <testcase classname="ptolemy.util.test.junit.AutoTests" name="[8] /home/travis/build/icyphy/ptII/ptolemy/domains/de/test/auto/CausalityInterface3.xml (RunModel)" time="0.014" />
  <testcase classname="ptolemy.util.test.junit.AutoTests" name="[9] /home/travis/build/icyphy/ptII/ptolemy/domains/de/test/auto/ClockDrift.xml (RunModel)" time="0.035" />
  <testcase classname="ptolemy.util.test.junit.AutoTests" name="[10] /home/travis/build/icyphy/ptII/ptolemy/domains/de/test/auto/ClockDriftAndValueChange.xml (RunModel)" time="0.031" />
  <testcase classname="ptolemy.util.test.junit.AutoTests" name="[11] /home/travis/build/icyphy/ptII/ptolemy/domains/de/test/auto/ClockDriftChange.xml (RunModel)" time="0.027" />
  <testcase classname="ptolemy.util.test.junit.AutoTests" name="[12] /home/travis/build/icyphy/ptII/ptolemy/domains/de/test/auto/ComposableCausalityAnalysis.xml (RunModel)" time="0.013" />
  <testcase classname="ptolemy.util.test.junit.AutoTests" name="[13] /home/travis/build/icyphy/ptII/ptolemy/domains/de/test/auto/DEFixedPointLimitation.xml (RunModel)" time="0.009" />
  <testcase classname="ptolemy.util.test.junit.AutoTests" name="[14] /home/travis/build/icyphy/ptII/ptolemy/domains/de/test/auto/DEScheduleTest.xml (RunModel)" time="0.011" />
  <testcase classname="ptolemy.util.test.junit.AutoTests" name="[15] /home/travis/build/icyphy/ptII/ptolemy/domains/de/test/auto/DEinDEwithStartTimes.xml (RunModel)" time="0.019" />
  <testcase classname="ptolemy.util.test.junit.AutoTests" name="[16] /home/travis/build/icyphy/ptII/ptolemy/domains/de/test/auto/DEinDEwithStartTimes2.xml (RunModel)" time="0.021" />
  <testcase classname="ptolemy.util.test.junit.AutoTests" name="[17] /home/travis/build/icyphy/ptII/ptolemy/domains/de/test/auto/DateDemo.xml (RunModel)" time="0.025" />
  <testcase classname="ptolemy.util.test.junit.AutoTests" name="[18] /home/travis/build/icyphy/ptII/ptolemy/domains/de/test/auto/DateToEvent.xml (RunModel)" time="2.039" />
  <testcase classname="ptolemy.util.test.junit.AutoTests" name="[19] /home/travis/build/icyphy/ptII/ptolemy/domains/de/test/auto/DepthTest1.xml (RunModel)" time="0.008" />
  <testcase classname="ptolemy.util.test.junit.AutoTests" name="[20] /home/travis/build/icyphy/ptII/ptolemy/domains/de/test/auto/DepthTest2.xml (RunModel)" time="0.017" />
  <testcase classname="ptolemy.util.test.junit.AutoTests" name="[21] /home/travis/build/icyphy/ptII/ptolemy/domains/de/test/auto/DepthTest3.xml (RunModel)" time="0.014" />
  <testcase classname="ptolemy.util.test.junit.AutoTests" name="[22] /home/travis/build/icyphy/ptII/ptolemy/domains/de/test/auto/DepthTest4.xml (RunModel)" time="0.026" />
  <testcase classname="ptolemy.util.test.junit.AutoTests" name="[23] /home/travis/build/icyphy/ptII/ptolemy/domains/de/test/auto/DepthTest5.xml (RunModel)" time="0.014" />
  <testcase classname="ptolemy.util.test.junit.AutoTests" name="[24] /home/travis/build/icyphy/ptII/ptolemy/domains/de/test/auto/DepthTest6.xml (RunModel)" time="0.012" />
  <testcase classname="ptolemy.util.test.junit.AutoTests" name="[25] /home/travis/build/icyphy/ptII/ptolemy/domains/de/test/auto/DepthTest7.xml (RunModel)" time="0.009" />
  <testcase classname="ptolemy.util.test.junit.AutoTests" name="[26] /home/travis/build/icyphy/ptII/ptolemy/domains/de/test/auto/EventToDate.xml (RunModel)" time="3.033" />
  <testcase classname="ptolemy.util.test.junit.AutoTests" name="[27] /home/travis/build/icyphy/ptII/ptolemy/domains/de/test/auto/FSM1.xml (RunModel)" time="0.03" />
  <testcase classname="ptolemy.util.test.junit.AutoTests" name="[28] /home/travis/build/icyphy/ptII/ptolemy/domains/de/test/auto/FSM7.xml (RunModel)" time="0.042" />
  <testcase classname="ptolemy.util.test.junit.AutoTests" name="[29] /home/travis/build/icyphy/ptII/ptolemy/domains/de/test/auto/Inspection.xml (RunModel)" time="0.036" />
  <testcase classname="ptolemy.util.test.junit.AutoTests" name="[30] /home/travis/build/icyphy/ptII/ptolemy/domains/de/test/auto/Iteration.xml (RunModel)" time="0.022" />
  <testcase classname="ptolemy.util.test.junit.AutoTests" name="[31] /home/travis/build/icyphy/ptII/ptolemy/domains/de/test/auto/LineFault.xml (RunModel)" time="0.525" />
  <testcase classname="ptolemy.util.test.junit.AutoTests" name="[32] /home/travis/build/icyphy/ptII/ptolemy/domains/de/test/auto/MergeModel1Add.xml (RunModel)" time="0.05" />
  <testcase classname="ptolemy.util.test.junit.AutoTests" name="[33] /home/travis/build/icyphy/ptII/ptolemy/domains/de/test/auto/MergeModel2Add.xml (RunModel)" time="0.039" />
  <testcase classname="ptolemy.util.test.junit.AutoTests" name="[34] /home/travis/build/icyphy/ptII/ptolemy/domains/de/test/auto/MergeModel3Add.xml (RunModel)" time="0.046" />
  <testcase classname="ptolemy.util.test.junit.AutoTests" name="[35] /home/travis/build/icyphy/ptII/ptolemy/domains/de/test/auto/MergeWithoutDiscard.xml (RunModel)" time="0.016" />
  <testcase classname="ptolemy.util.test.junit.AutoTests" name="[36] /home/travis/build/icyphy/ptII/ptolemy/domains/de/test/auto/Modal1.xml (RunModel)" time="0.033" />
  <testcase classname="ptolemy.util.test.junit.AutoTests" name="[37] /home/travis/build/icyphy/ptII/ptolemy/domains/de/test/auto/Modal2.xml (RunModel)" time="0.03" />
  <testcase classname="ptolemy.util.test.junit.AutoTests" name="[38] /home/travis/build/icyphy/ptII/ptolemy/domains/de/test/auto/Modal3.xml (RunModel)" time="0.033" />
  <testcase classname="ptolemy.util.test.junit.AutoTests" name="[39] /home/travis/build/icyphy/ptII/ptolemy/domains/de/test/auto/Modal4.xml (RunModel)" time="0.032" />
  <testcase classname="ptolemy.util.test.junit.AutoTests" name="[40] /home/travis/build/icyphy/ptII/ptolemy/domains/de/test/auto/Modal5.xml (RunModel)" time="0.03" />
  <testcase classname="ptolemy.util.test.junit.AutoTests" name="[41] /home/travis/build/icyphy/ptII/ptolemy/domains/de/test/auto/Modal6.xml (RunModel)" time="0.03" />
  <testcase classname="ptolemy.util.test.junit.AutoTests" name="[42] /home/travis/build/icyphy/ptII/ptolemy/domains/de/test/auto/Modal7.xml (RunModel)" time="0.034" />
  <testcase classname="ptolemy.util.test.junit.AutoTests" name="[43] /home/travis/build/icyphy/ptII/ptolemy/domains/de/test/auto/ModalModel.xml (RunModel)" time="0.168" />
  <testcase classname="ptolemy.util.test.junit.AutoTests" name="[44] /home/travis/build/icyphy/ptII/ptolemy/domains/de/test/auto/ModalSource.xml (RunModel)" time="0.025" />
  <testcase classname="ptolemy.util.test.junit.AutoTests" name="[45] /home/travis/build/icyphy/ptII/ptolemy/domains/de/test/auto/NonInterruptibleTimerZeroDelay.xml (RunModel)" time="0.007" />
  <testcase classname="ptolemy.util.test.junit.AutoTests" name="[46] /home/travis/build/icyphy/ptII/ptolemy/domains/de/test/auto/OpenQueueingNetwork.xml (RunModel)" time="2.459" />
  <testcase classname="ptolemy.util.test.junit.AutoTests" name="[47] /home/travis/build/icyphy/ptII/ptolemy/domains/de/test/auto/OpenQueuingNetwork.xml (RunModel)" time="0.252" />
  <testcase classname="ptolemy.util.test.junit.AutoTests" name="[48] /home/travis/build/icyphy/ptII/ptolemy/domains/de/test/auto/PeriodicSampler.xml (RunModel)" time="0.013" />
  <testcase classname="ptolemy.util.test.junit.AutoTests" name="[49] /home/travis/build/icyphy/ptII/ptolemy/domains/de/test/auto/PersistentIO.xml (RunModel)" time="0.015" />
  <testcase classname="ptolemy.util.test.junit.AutoTests" name="[50] /home/travis/build/icyphy/ptII/ptolemy/domains/de/test/auto/PortParameterResetOnInitialize.xml (RunModel)" time="0.015" />
  <testcase classname="ptolemy.util.test.junit.AutoTests" name="[51] /home/travis/build/icyphy/ptII/ptolemy/domains/de/test/auto/PortParameterUpdates.xml (RunModel)" time="0.018" />
  <testcase classname="ptolemy.util.test.junit.AutoTests" name="[52] /home/travis/build/icyphy/ptII/ptolemy/domains/de/test/auto/QueueAndServer.xml (RunModel)" time="0.017" />
  <testcase classname="ptolemy.util.test.junit.AutoTests" name="[53] /home/travis/build/icyphy/ptII/ptolemy/domains/de/test/auto/Records.xml (RunModel)" time="0.013" />
  <testcase classname="ptolemy.util.test.junit.AutoTests" name="[54] /home/travis/build/icyphy/ptII/ptolemy/domains/de/test/auto/ResetTransitionWithStartTime1.xml (RunModel)" time="0.014" />
  <testcase classname="ptolemy.util.test.junit.AutoTests" name="[55] /home/travis/build/icyphy/ptII/ptolemy/domains/de/test/auto/ResetTransitionWithStartTime2.xml (RunModel)" time="0.016" />
  <testcase classname="ptolemy.util.test.junit.AutoTests" name="[56] /home/travis/build/icyphy/ptII/ptolemy/domains/de/test/auto/ResetTransitionWithStartTime3.xml (RunModel)" time="0.017" />
  <testcase classname="ptolemy.util.test.junit.AutoTests" name="[57] /home/travis/build/icyphy/ptII/ptolemy/domains/de/test/auto/ResetTransitionWithStartTime4.xml (RunModel)" time="0.017" />
  <testcase classname="ptolemy.util.test.junit.AutoTests" name="[58] /home/travis/build/icyphy/ptII/ptolemy/domains/de/test/auto/ResettableTimer1.xml (RunModel)" time="0.007" />
  <testcase classname="ptolemy.util.test.junit.AutoTests" name="[59] /home/travis/build/icyphy/ptII/ptolemy/domains/de/test/auto/ResettableTimer2.xml (RunModel)" time="0.007" />
  <testcase classname="ptolemy.util.test.junit.AutoTests" name="[60] /home/travis/build/icyphy/ptII/ptolemy/domains/de/test/auto/ResettableTimer3.xml (RunModel)" time="0.007" />
  <testcase classname="ptolemy.util.test.junit.AutoTests" name="[61] /home/travis/build/icyphy/ptII/ptolemy/domains/de/test/auto/ResettableTimer4.xml (RunModel)" time="0.006" />
  <testcase classname="ptolemy.util.test.junit.AutoTests" name="[62] /home/travis/build/icyphy/ptII/ptolemy/domains/de/test/auto/ResettableTimer5.xml (RunModel)" time="0.007" />
  <testcase classname="ptolemy.util.test.junit.AutoTests" name="[63] /home/travis/build/icyphy/ptII/ptolemy/domains/de/test/auto/ResettableTimer6.xml (RunModel)" time="0.013" />
  <testcase classname="ptolemy.util.test.junit.AutoTests" name="[64] /home/travis/build/icyphy/ptII/ptolemy/domains/de/test/auto/ServerZeroDelay.xml (RunModel)" time="0.009" />
  <testcase classname="ptolemy.util.test.junit.AutoTests" name="[65] /home/travis/build/icyphy/ptII/ptolemy/domains/de/test/auto/SmartSender.xml (RunModel)" time="3.013" />
  <testcase classname="ptolemy.util.test.junit.AutoTests" name="[66] /home/travis/build/icyphy/ptII/ptolemy/domains/de/test/auto/ThreadedComposite.xml (RunModel)" time="0.111" />
  <testcase classname="ptolemy.util.test.junit.AutoTests" name="[67] /home/travis/build/icyphy/ptII/ptolemy/domains/de/test/auto/Time.xml (RunModel)" time="0.358" />
  <testcase classname="ptolemy.util.test.junit.AutoTests" name="[68] /home/travis/build/icyphy/ptII/ptolemy/domains/de/test/auto/TimeDelayZeroDelay.xml (RunModel)" time="0.01" />
  <testcase classname="ptolemy.util.test.junit.AutoTests" name="[69] /home/travis/build/icyphy/ptII/ptolemy/domains/de/test/auto/TimerZeroDelay.xml (RunModel)" time="0.008" />
  <testcase classname="ptolemy.util.test.junit.AutoTests" name="[70] /home/travis/build/icyphy/ptII/ptolemy/domains/de/test/auto/TimingParadox.xml (RunModel)" time="0.365" />
  <testcase classname="ptolemy.util.test.junit.AutoTests" name="[71] /home/travis/build/icyphy/ptII/ptolemy/domains/de/test/auto/TransferInputs.xml (RunModel)" time="0.012" />
  <testcase classname="ptolemy.util.test.junit.AutoTests" name="[72] /home/travis/build/icyphy/ptII/ptolemy/domains/de/test/auto/TransferOutputs2.xml (RunModel)" time="0.014" />
  <testcase classname="ptolemy.util.test.junit.AutoTests" name="[73] /home/travis/build/icyphy/ptII/ptolemy/domains/de/test/auto/Trilateration.xml (RunModel)" time="10.794" />
  <testcase classname="ptolemy.util.test.junit.AutoTests" name="[74] /home/travis/build/icyphy/ptII/ptolemy/domains/de/test/auto/TwoSigmaDelta.xml (RunModel)" time="1.731" />
  <testcase classname="ptolemy.util.test.junit.AutoTests" name="[75] /home/travis/build/icyphy/ptII/ptolemy/domains/de/test/auto/VariableDelay.xml (RunModel)" time="0.014" />
  <testcase classname="ptolemy.util.test.junit.AutoTests" name="[76] /home/travis/build/icyphy/ptII/ptolemy/domains/de/test/auto/VariableDelay2.xml (RunModel)" time="0.009" />
  <testcase classname="ptolemy.util.test.junit.AutoTests" name="[77] /home/travis/build/icyphy/ptII/ptolemy/domains/de/test/auto/VariableDelayZeroDelay.xml (RunModel)" time="0.01" />
  <testcase classname="ptolemy.util.test.junit.AutoTests" name="[78] /home/travis/build/icyphy/ptII/ptolemy/domains/de/test/auto/VariableDelayZeroDelay2.xml (RunModel)" time="0.007" />
  <testcase classname="ptolemy.util.test.junit.AutoTests" name="[79] /home/travis/build/icyphy/ptII/ptolemy/domains/de/test/auto/deInCt.xml (RunModel)" time="0.015" />
  <testcase classname="ptolemy.util.test.junit.AutoTests" name="[80] /home/travis/build/icyphy/ptII/ptolemy/domains/de/test/auto/deInCt2.xml (RunModel)" time="0.016" />
  <testcase classname="ptolemy.util.test.junit.AutoTests" name="[81] /home/travis/build/icyphy/ptII/ptolemy/domains/de/test/auto/dynamicCausalityInterface1.xml (RunModel)" time="0.014" />
  <testcase classname="ptolemy.util.test.junit.AutoTests" name="[82] /home/travis/build/icyphy/ptII/ptolemy/domains/de/test/auto/fsm_de_test.xml (RunModel)" time="0.02" />
  <testcase classname="ptolemy.util.test.junit.AutoTests" name="[83] /home/travis/build/icyphy/ptII/ptolemy/domains/de/test/auto/functionDependencyReconstruction.xml (RunModel)" time="0.032" />
  <testcase classname="ptolemy.util.test.junit.AutoTests" name="[84] /home/travis/build/icyphy/ptII/ptolemy/domains/de/test/auto/multirate.xml (RunModel)" time="0.014" />
  <testcase classname="ptolemy.util.test.junit.AutoTests" name="[85] /home/travis/build/icyphy/ptII/ptolemy/domains/de/test/auto/multirate2.xml (RunModel)" time="0.013" />
  <testcase classname="ptolemy.util.test.junit.AutoTests" name="[86] /home/travis/build/icyphy/ptII/ptolemy/domains/de/test/auto/realtime.xml (RunModel)" time="10.01" />
  <testcase classname="ptolemy.util.test.junit.AutoTests" name="[87] /home/travis/build/icyphy/ptII/ptolemy/domains/de/test/auto/relationGroup.xml (RunModel)" time="0.011" />
  <testcase classname="ptolemy.util.test.junit.AutoTests" name="[88] /home/travis/build/icyphy/ptII/ptolemy/domains/de/test/auto/relationGroup2.xml (RunModel)" time="0.006" />
  <testcase classname="ptolemy.util.test.junit.AutoTests" name="[89] /home/travis/build/icyphy/ptII/ptolemy/domains/de/test/auto/sortWithOpaquePorts.xml (RunModel)" time="0.008" />
  <testcase classname="ptolemy.util.test.junit.AutoTests" name="[90] /home/travis/build/icyphy/ptII/ptolemy/domains/de/test/auto/transferInputsandOutputs.xml (RunModel)" time="0.017" />
  <testcase classname="ptolemy.util.test.junit.AutoTests" name="[91] /home/travis/build/icyphy/ptII/ptolemy/domains/de/test/auto/triggerType.xml (RunModel)" time="0.007" />
  <system-out><![CDATA[/home/travis/build/icyphy/ptII/ptolemy/domains/de/test/DependencyLoop.tcl
testDefs.tcl: setting time out to 9000 seconds at Sun Dec 29 06:32:15 UTC 2019
101 ms. Memory: 129024K Free: 80327K (62%)
29 ms. Memory: 129024K Free: 62905K (49%)
/home/travis/build/icyphy/ptII/ptolemy/domains/de/test/RunDETestsAsQSS.tcl
Run the DE tests using ptolemy.domains.qss.test.QSSDirectorTest, which extends QSSDirector and prints a message in the constructors.
------------------ testing $PTII/ptolemy/domains/de/test/auto/knownFailedTests/DirectFeedback.xml (Known Failure) 
46 ms. Memory: 129024K Free: 56775K (44%)


==== $PTIIhome/travis/build/icyphy/ptII/ptolemy/domains/de/test/../../../../: Auto Automatic test in file $PTII/ptolemy/domains/de/test/auto/knownFailedTests/DirectFeedback.xml
==== Contents of test case:

	    # FIXME: we should use $relativeFilename here, but it
	    # might have backslashes under Windows, which causes no end
	    # of trouble.
	    createAndExecute $file
	    list {}
	
.... Test generated KNOWN error:
    while executing
ptolemy.kernel.util.IllegalActionException: Test fails in iteration 1.
Value was: 1.0. Should have been: 2.0
  in .DirectFeedback.Test
	at ptolemy.actor.lib.Test.fire(Test.java:268)
	at ptolemy.domains.de.kernel.DEDirector._fire(DEDirector.java:1949)
	at ptolemy.domains.de.kernel.DEDirector.fire(DEDirector.java:502)
	at ptolemy.actor.CompositeActor.fire(CompositeActor.java:455)
	at ptolemy.actor.Manager.iterate(Manager.java:851)
	at ptolemy.actor.Manager.execute(Manager.java:369)
	at ptolemy.actor.Manager.run(Manager.java:1263)
	at ptolemy.actor.Manager$PtolemyRunThread.run(Manager.java:1933)

    while executing
ptolemy.kernel.util.IllegalActionException: Test fails in iteration 1.
Value was: 1.0. Should have been: 2.0
  in .DirectFeedback.Test
    while executing
"java::new ptolemy.moml.MoMLSimpleApplication $file
"
    (procedure "createAndExecute" line 2)
    invoked from within
"createAndExecute $file"
    ("uplevel" body line 5)
    invoked from within
"uplevel $contents_of_test"
------------------ testing $PTII/ptolemy/domains/de/test/auto/knownFailedTests/dependencyLoop.xml (Known Failure) 
18 ms. Memory: 129024K Free: 53703K (42%)


==== $PTIIhome/travis/build/icyphy/ptII/ptolemy/domains/de/test/../../../../: Auto Automatic test in file $PTII/ptolemy/domains/de/test/auto/knownFailedTests/dependencyLoop.xml
==== Contents of test case:

	    # FIXME: we should use $relativeFilename here, but it
	    # might have backslashes under Windows, which causes no end
	    # of trouble.
	    createAndExecute $file
	    list {}
	
.... Test generated KNOWN error:
    while executing
ptolemy.kernel.util.IllegalActionException: Found a zero delay loop containing .dependencyLoop.original
  in .dependencyLoop and .dependencyLoop.original
	at ptolemy.actor.util.CausalityInterfaceForComposites._computeOutputPortDepth(CausalityInterfaceForComposites.java:759)
	at ptolemy.actor.util.CausalityInterfaceForComposites._computeInputDepth(CausalityInterfaceForComposites.java:696)
	at ptolemy.actor.util.CausalityInterfaceForComposites._computeOutputPortDepth(CausalityInterfaceForComposites.java:765)
	at ptolemy.actor.util.CausalityInterfaceForComposites._computeInputDepth(CausalityInterfaceForComposites.java:696)
	at ptolemy.actor.util.CausalityInterfaceForComposites._computeOutputPortDepth(CausalityInterfaceForComposites.java:765)
	at ptolemy.actor.util.CausalityInterfaceForComposites._computeInputDepth(CausalityInterfaceForComposites.java:696)
	at ptolemy.actor.util.CausalityInterfaceForComposites._computeActorDepth(CausalityInterfaceForComposites.java:532)
	at ptolemy.actor.util.CausalityInterfaceForComposites.checkForCycles(CausalityInterfaceForComposites.java:96)
	at ptolemy.domains.de.kernel.DEDirector.preinitialize(DEDirector.java:1338)
	at ptolemy.actor.CompositeActor.preinitialize(CompositeActor.java:1828)
	at ptolemy.actor.Manager.preinitializeAndResolveTypes(Manager.java:1040)
	at ptolemy.actor.Manager.initialize(Manager.java:710)
	at ptolemy.actor.Manager.execute(Manager.java:356)
	at ptolemy.actor.Manager.run(Manager.java:1263)
	at ptolemy.actor.Manager$PtolemyRunThread.run(Manager.java:1933)

    while executing
ptolemy.kernel.util.IllegalActionException: Found a zero delay loop containing .dependencyLoop.original
  in .dependencyLoop and .dependencyLoop.original
    while executing
"java::new ptolemy.moml.MoMLSimpleApplication $file
"
    (procedure "createAndExecute" line 2)
    invoked from within
"createAndExecute $file"
    ("uplevel" body line 5)
    invoked from within
"uplevel $contents_of_test"
------------------ testing $PTII/ptolemy/domains/de/test/auto/knownFailedTests/FSMSource.xml (Known Failure) 
38 ms. Memory: 129024K Free: 111877K (87%)
!!!! Auto was marked as failing, but now passes
------------------ testing $PTII/ptolemy/domains/de/test/auto/knownFailedTests/HierarchicalModel.xml (Known Failure) 
5 ms. Memory: 129024K Free: 93445K (72%)


==== $PTIIhome/travis/build/icyphy/ptII/ptolemy/domains/de/test/../../../../: Auto Automatic test in file $PTII/ptolemy/domains/de/test/auto/knownFailedTests/HierarchicalModel.xml
==== Contents of test case:

	    # FIXME: we should use $relativeFilename here, but it
	    # might have backslashes under Windows, which causes no end
	    # of trouble.
	    createAndExecute $file
	    list {}
	
.... Test generated KNOWN error:
    while executing
ptolemy.kernel.util.IllegalActionException: Found a zero delay loop containing .HierarchicalModel.A
  in .HierarchicalModel and .HierarchicalModel.A
	at ptolemy.actor.util.CausalityInterfaceForComposites._computeOutputPortDepth(CausalityInterfaceForComposites.java:759)
	at ptolemy.actor.util.CausalityInterfaceForComposites._computeInputDepth(CausalityInterfaceForComposites.java:696)
	at ptolemy.actor.util.CausalityInterfaceForComposites._computeOutputPortDepth(CausalityInterfaceForComposites.java:765)
	at ptolemy.actor.util.CausalityInterfaceForComposites._computeInputDepth(CausalityInterfaceForComposites.java:696)
	at ptolemy.actor.util.CausalityInterfaceForComposites._computeOutputPortDepth(CausalityInterfaceForComposites.java:765)
	at ptolemy.actor.util.CausalityInterfaceForComposites._computeInputDepth(CausalityInterfaceForComposites.java:696)
	at ptolemy.actor.util.CausalityInterfaceForComposites._computeActorDepth(CausalityInterfaceForComposites.java:532)
	at ptolemy.actor.util.CausalityInterfaceForComposites.checkForCycles(CausalityInterfaceForComposites.java:96)
	at ptolemy.domains.de.kernel.DEDirector.preinitialize(DEDirector.java:1338)
	at ptolemy.actor.CompositeActor.preinitialize(CompositeActor.java:1828)
	at ptolemy.actor.Manager.preinitializeAndResolveTypes(Manager.java:1040)
	at ptolemy.actor.Manager.initialize(Manager.java:710)
	at ptolemy.actor.Manager.execute(Manager.java:356)
	at ptolemy.actor.Manager.run(Manager.java:1263)
	at ptolemy.actor.Manager$PtolemyRunThread.run(Manager.java:1933)

    while executing
ptolemy.kernel.util.IllegalActionException: Found a zero delay loop containing .HierarchicalModel.A
  in .HierarchicalModel and .HierarchicalModel.A
    while executing
"java::new ptolemy.moml.MoMLSimpleApplication $file
"
    (procedure "createAndExecute" line 2)
    invoked from within
"createAndExecute $file"
    ("uplevel" body line 5)
    invoked from within
"uplevel $contents_of_test"
------------------ testing $PTII/ptolemy/domains/de/test/auto/knownFailedTests/dependencyLoop2.xml (Known Failure) 
9 ms. Memory: 129024K Free: 77578K (60%)


==== $PTIIhome/travis/build/icyphy/ptII/ptolemy/domains/de/test/../../../../: Auto Automatic test in file $PTII/ptolemy/domains/de/test/auto/knownFailedTests/dependencyLoop2.xml
==== Contents of test case:

	    # FIXME: we should use $relativeFilename here, but it
	    # might have backslashes under Windows, which causes no end
	    # of trouble.
	    createAndExecute $file
	    list {}
	
.... Test generated KNOWN error:
    while executing
ptolemy.kernel.util.IllegalActionException: Found a zero delay loop containing .dependencyLoop2.original
  in .dependencyLoop2 and .dependencyLoop2.original
	at ptolemy.actor.util.CausalityInterfaceForComposites._computeOutputPortDepth(CausalityInterfaceForComposites.java:759)
	at ptolemy.actor.util.CausalityInterfaceForComposites._computeInputDepth(CausalityInterfaceForComposites.java:696)
	at ptolemy.actor.util.CausalityInterfaceForComposites._computeOutputPortDepth(CausalityInterfaceForComposites.java:765)
	at ptolemy.actor.util.CausalityInterfaceForComposites._computeInputDepth(CausalityInterfaceForComposites.java:696)
	at ptolemy.actor.util.CausalityInterfaceForComposites._computeOutputPortDepth(CausalityInterfaceForComposites.java:765)
	at ptolemy.actor.util.CausalityInterfaceForComposites._computeInputDepth(CausalityInterfaceForComposites.java:696)
	at ptolemy.actor.util.CausalityInterfaceForComposites._computeActorDepth(CausalityInterfaceForComposites.java:532)
	at ptolemy.actor.util.CausalityInterfaceForComposites.checkForCycles(CausalityInterfaceForComposites.java:96)
	at ptolemy.domains.de.kernel.DEDirector.preinitialize(DEDirector.java:1338)
	at ptolemy.actor.CompositeActor.preinitialize(CompositeActor.java:1828)
	at ptolemy.actor.Manager.preinitializeAndResolveTypes(Manager.java:1040)
	at ptolemy.actor.Manager.initialize(Manager.java:710)
	at ptolemy.actor.Manager.execute(Manager.java:356)
	at ptolemy.actor.Manager.run(Manager.java:1263)
	at ptolemy.actor.Manager$PtolemyRunThread.run(Manager.java:1933)

    while executing
ptolemy.kernel.util.IllegalActionException: Found a zero delay loop containing .dependencyLoop2.original
  in .dependencyLoop2 and .dependencyLoop2.original
    while executing
"java::new ptolemy.moml.MoMLSimpleApplication $file
"
    (procedure "createAndExecute" line 2)
    invoked from within
"createAndExecute $file"
    ("uplevel" body line 5)
    invoked from within
"uplevel $contents_of_test"
------------------ testing $PTII/ptolemy/domains/de/test/auto/knownFailedTests/DESDFClockTest.xml (Known Failure) 
2051 ms. Memory: 129024K Free: 108911K (84%)


==== $PTIIhome/travis/build/icyphy/ptII/ptolemy/domains/de/test/../../../../: Auto Automatic test in file $PTII/ptolemy/domains/de/test/auto/knownFailedTests/DESDFClockTest.xml
==== Contents of test case:

	    # FIXME: we should use $relativeFilename here, but it
	    # might have backslashes under Windows, which causes no end
	    # of trouble.
	    createAndExecute $file
	    list {}
	
.... Test generated KNOWN error:
    while executing
ptolemy.kernel.util.IllegalActionException: Actor is not ready to fire.  Perhaps UpSample.prefire() returned false? Try debugging the actor by selecting "Listen to Actor".  Also, for SDF check moml for tokenConsumptionRate on input.
  in .DESDFClockTest.Play Bell.Copy1:SDF Director and .DESDFClockTest.Play Bell.UpSample
	at ptolemy.actor.sched.StaticSchedulingDirector.fire(StaticSchedulingDirector.java:227)
	at ptolemy.domains.sdf.kernel.SDFDirector.fire(SDFDirector.java:500)
	at ptolemy.actor.CompositeActor.fire(CompositeActor.java:455)
	at ptolemy.domains.de.kernel.DEDirector._fire(DEDirector.java:1949)
	at ptolemy.domains.de.kernel.DEDirector.fire(DEDirector.java:502)
	at ptolemy.actor.CompositeActor.fire(CompositeActor.java:455)
	at ptolemy.actor.Manager.iterate(Manager.java:851)
	at ptolemy.actor.Manager.execute(Manager.java:369)
	at ptolemy.actor.Manager.run(Manager.java:1263)
	at ptolemy.actor.Manager$PtolemyRunThread.run(Manager.java:1933)

    while executing
ptolemy.kernel.util.IllegalActionException: Actor is not ready to fire.  Perhaps UpSample.prefire() returned false? Try debugging the actor by selecting "Listen to Actor".  Also, for SDF check moml for tokenConsumptionRate on input.
  in .DESDFClockTest.Play Bell.Copy1:SDF Director and .DESDFClockTest.Play Bell.UpSample
    while executing
"java::new ptolemy.moml.MoMLSimpleApplication $file
"
    (procedure "createAndExecute" line 2)
    invoked from within
"createAndExecute $file"
    ("uplevel" body line 5)
    invoked from within
"uplevel $contents_of_test"
------------------ testing $PTII/ptolemy/domains/de/test/auto/ActorDepthCalculation_actorWithoutPorts.xml
auto.tcl: Setting watchdog for 200 seconds at Sun Dec 29 06:32:19 UTC 2019
9 ms. Memory: 129024K Free: 101233K (78%)
ptolemy.util.test.WatchDog.cancel(): canceling Sun Dec 29 06:32:19 UTC 2019
auto.tcl: Setting watchdog for 200 seconds at Sun Dec 29 06:32:19 UTC 2019
4 ms. Memory: 129024K Free: 99681K (77%)
ptolemy.util.test.WatchDog.cancel(): canceling Sun Dec 29 06:32:19 UTC 2019
------------------ testing $PTII/ptolemy/domains/de/test/auto/AssemblyLine.xml
auto.tcl: Setting watchdog for 200 seconds at Sun Dec 29 06:32:19 UTC 2019
20 ms. Memory: 48128K Free: 26078K (54%)
ptolemy.util.test.WatchDog.cancel(): canceling Sun Dec 29 06:32:20 UTC 2019
auto.tcl: Setting watchdog for 200 seconds at Sun Dec 29 06:32:20 UTC 2019
7 ms. Memory: 48128K Free: 25324K (53%)
ptolemy.util.test.WatchDog.cancel(): canceling Sun Dec 29 06:32:20 UTC 2019
------------------ testing $PTII/ptolemy/domains/de/test/auto/CQBug1.xml
auto.tcl: Setting watchdog for 200 seconds at Sun Dec 29 06:32:20 UTC 2019
2 ms. Memory: 48128K Free: 31581K (66%)
ptolemy.util.test.WatchDog.cancel(): canceling Sun Dec 29 06:32:20 UTC 2019
auto.tcl: Setting watchdog for 200 seconds at Sun Dec 29 06:32:20 UTC 2019
2 ms. Memory: 48128K Free: 31151K (65%)
ptolemy.util.test.WatchDog.cancel(): canceling Sun Dec 29 06:32:20 UTC 2019
------------------ testing $PTII/ptolemy/domains/de/test/auto/CancelFireAt.xml
auto.tcl: Setting watchdog for 200 seconds at Sun Dec 29 06:32:20 UTC 2019
2 ms. Memory: 45056K Free: 29484K (65%)
ptolemy.util.test.WatchDog.cancel(): canceling Sun Dec 29 06:32:20 UTC 2019
auto.tcl: Setting watchdog for 200 seconds at Sun Dec 29 06:32:20 UTC 2019
2 ms. Memory: 45056K Free: 29056K (64%)
ptolemy.util.test.WatchDog.cancel(): canceling Sun Dec 29 06:32:20 UTC 2019
------------------ testing $PTII/ptolemy/domains/de/test/auto/CausalityAndComposabilityAnalysis.xml
auto.tcl: Setting watchdog for 200 seconds at Sun Dec 29 06:32:20 UTC 2019
6 ms. Memory: 45056K Free: 27437K (61%)
ptolemy.util.test.WatchDog.cancel(): canceling Sun Dec 29 06:32:20 UTC 2019
auto.tcl: Setting watchdog for 200 seconds at Sun Dec 29 06:32:20 UTC 2019
5 ms. Memory: 45056K Free: 27025K (60%)
ptolemy.util.test.WatchDog.cancel(): canceling Sun Dec 29 06:32:20 UTC 2019
------------------ testing $PTII/ptolemy/domains/de/test/auto/CausalityInterface1.xml
auto.tcl: Setting watchdog for 200 seconds at Sun Dec 29 06:32:20 UTC 2019
22 ms. Memory: 45056K Free: 26155K (58%)
ptolemy.util.test.WatchDog.cancel(): canceling Sun Dec 29 06:32:20 UTC 2019
auto.tcl: Setting watchdog for 200 seconds at Sun Dec 29 06:32:20 UTC 2019
4 ms. Memory: 45056K Free: 25037K (56%)
ptolemy.util.test.WatchDog.cancel(): canceling Sun Dec 29 06:32:20 UTC 2019
------------------ testing $PTII/ptolemy/domains/de/test/auto/CausalityInterface15.xml
auto.tcl: Setting watchdog for 200 seconds at Sun Dec 29 06:32:20 UTC 2019
9 ms. Memory: 45056K Free: 26049K (58%)
ptolemy.util.test.WatchDog.cancel(): canceling Sun Dec 29 06:32:20 UTC 2019
auto.tcl: Setting watchdog for 200 seconds at Sun Dec 29 06:32:20 UTC 2019
6 ms. Memory: 45056K Free: 25340K (56%)
ptolemy.util.test.WatchDog.cancel(): canceling Sun Dec 29 06:32:20 UTC 2019
------------------ testing $PTII/ptolemy/domains/de/test/auto/CausalityInterface2.xml
auto.tcl: Setting watchdog for 200 seconds at Sun Dec 29 06:32:20 UTC 2019
4 ms. Memory: 45056K Free: 27096K (60%)
ptolemy.util.test.WatchDog.cancel(): canceling Sun Dec 29 06:32:20 UTC 2019
auto.tcl: Setting watchdog for 200 seconds at Sun Dec 29 06:32:20 UTC 2019
3 ms. Memory: 45056K Free: 26373K (59%)
ptolemy.util.test.WatchDog.cancel(): canceling Sun Dec 29 06:32:20 UTC 2019
------------------ testing $PTII/ptolemy/domains/de/test/auto/CausalityInterface3.xml
auto.tcl: Setting watchdog for 200 seconds at Sun Dec 29 06:32:20 UTC 2019
3 ms. Memory: 45056K Free: 26562K (59%)
ptolemy.util.test.WatchDog.cancel(): canceling Sun Dec 29 06:32:20 UTC 2019
auto.tcl: Setting watchdog for 200 seconds at Sun Dec 29 06:32:20 UTC 2019
2 ms. Memory: 45056K Free: 25773K (57%)
ptolemy.util.test.WatchDog.cancel(): canceling Sun Dec 29 06:32:20 UTC 2019
------------------ testing $PTII/ptolemy/domains/de/test/auto/ClockDrift.xml
auto.tcl: Setting watchdog for 200 seconds at Sun Dec 29 06:32:20 UTC 2019
92 ms. Memory: 45056K Free: 18921K (42%)
ptolemy.util.test.WatchDog.cancel(): canceling Sun Dec 29 06:32:20 UTC 2019
auto.tcl: Setting watchdog for 200 seconds at Sun Dec 29 06:32:20 UTC 2019
57 ms. Memory: 45056K Free: 15732K (35%)
ptolemy.util.test.WatchDog.cancel(): canceling Sun Dec 29 06:32:20 UTC 2019
------------------ testing $PTII/ptolemy/domains/de/test/auto/ClockDriftAndValueChange.xml
auto.tcl: Setting watchdog for 200 seconds at Sun Dec 29 06:32:20 UTC 2019
37 ms. Memory: 45056K Free: 19228K (43%)
ptolemy.util.test.WatchDog.cancel(): canceling Sun Dec 29 06:32:21 UTC 2019
auto.tcl: Setting watchdog for 200 seconds at Sun Dec 29 06:32:21 UTC 2019
28 ms. Memory: 45056K Free: 16373K (36%)
ptolemy.util.test.WatchDog.cancel(): canceling Sun Dec 29 06:32:21 UTC 2019
------------------ testing $PTII/ptolemy/domains/de/test/auto/ClockDriftChange.xml
auto.tcl: Setting watchdog for 200 seconds at Sun Dec 29 06:32:21 UTC 2019
18 ms. Memory: 45056K Free: 21274K (47%)
ptolemy.util.test.WatchDog.cancel(): canceling Sun Dec 29 06:32:21 UTC 2019
auto.tcl: Setting watchdog for 200 seconds at Sun Dec 29 06:32:21 UTC 2019
25 ms. Memory: 45056K Free: 18741K (42%)
ptolemy.util.test.WatchDog.cancel(): canceling Sun Dec 29 06:32:21 UTC 2019
------------------ testing $PTII/ptolemy/domains/de/test/auto/ComposableCausalityAnalysis.xml
auto.tcl: Setting watchdog for 200 seconds at Sun Dec 29 06:32:21 UTC 2019
1 ms. Memory: 45056K Free: 25675K (57%)
ptolemy.util.test.WatchDog.cancel(): canceling Sun Dec 29 06:32:21 UTC 2019
auto.tcl: Setting watchdog for 200 seconds at Sun Dec 29 06:32:21 UTC 2019
4 ms. Memory: 45056K Free: 24916K (55%)
ptolemy.util.test.WatchDog.cancel(): canceling Sun Dec 29 06:32:21 UTC 2019
------------------ testing $PTII/ptolemy/domains/de/test/auto/DEFixedPointLimitation.xml
auto.tcl: Setting watchdog for 200 seconds at Sun Dec 29 06:32:21 UTC 2019
3 ms. Memory: 45056K Free: 27234K (60%)
ptolemy.util.test.WatchDog.cancel(): canceling Sun Dec 29 06:32:21 UTC 2019
auto.tcl: Setting watchdog for 200 seconds at Sun Dec 29 06:32:21 UTC 2019
1 ms. Memory: 45056K Free: 26367K (59%)
ptolemy.util.test.WatchDog.cancel(): canceling Sun Dec 29 06:32:21 UTC 2019
------------------ testing $PTII/ptolemy/domains/de/test/auto/DEScheduleTest.xml
auto.tcl: Setting watchdog for 200 seconds at Sun Dec 29 06:32:21 UTC 2019
3 ms. Memory: 45056K Free: 27533K (61%)
ptolemy.util.test.WatchDog.cancel(): canceling Sun Dec 29 06:32:21 UTC 2019
auto.tcl: Setting watchdog for 200 seconds at Sun Dec 29 06:32:21 UTC 2019
3 ms. Memory: 45056K Free: 26809K (60%)
ptolemy.util.test.WatchDog.cancel(): canceling Sun Dec 29 06:32:21 UTC 2019
------------------ testing $PTII/ptolemy/domains/de/test/auto/DEinDEwithStartTimes.xml
auto.tcl: Setting watchdog for 200 seconds at Sun Dec 29 06:32:21 UTC 2019
3 ms. Memory: 45056K Free: 25726K (57%)
ptolemy.util.test.WatchDog.cancel(): canceling Sun Dec 29 06:32:21 UTC 2019
auto.tcl: Setting watchdog for 200 seconds at Sun Dec 29 06:32:21 UTC 2019
3 ms. Memory: 45056K Free: 24667K (55%)
ptolemy.util.test.WatchDog.cancel(): canceling Sun Dec 29 06:32:21 UTC 2019
------------------ testing $PTII/ptolemy/domains/de/test/auto/DEinDEwithStartTimes2.xml
auto.tcl: Setting watchdog for 200 seconds at Sun Dec 29 06:32:21 UTC 2019
3 ms. Memory: 45056K Free: 24975K (55%)
ptolemy.util.test.WatchDog.cancel(): canceling Sun Dec 29 06:32:21 UTC 2019
auto.tcl: Setting watchdog for 200 seconds at Sun Dec 29 06:32:21 UTC 2019
3 ms. Memory: 45056K Free: 23622K (52%)
ptolemy.util.test.WatchDog.cancel(): canceling Sun Dec 29 06:32:21 UTC 2019
------------------ testing $PTII/ptolemy/domains/de/test/auto/DateDemo.xml
auto.tcl: Setting watchdog for 200 seconds at Sun Dec 29 06:32:21 UTC 2019
18 ms. Memory: 45056K Free: 19631K (44%)
ptolemy.util.test.WatchDog.cancel(): canceling Sun Dec 29 06:32:21 UTC 2019
auto.tcl: Setting watchdog for 200 seconds at Sun Dec 29 06:32:21 UTC 2019
5 ms. Memory: 45056K Free: 17753K (39%)
ptolemy.util.test.WatchDog.cancel(): canceling Sun Dec 29 06:32:21 UTC 2019
------------------ testing $PTII/ptolemy/domains/de/test/auto/DateToEvent.xml
auto.tcl: Setting watchdog for 200 seconds at Sun Dec 29 06:32:21 UTC 2019
2011 ms. Memory: 45056K Free: 15186K (34%)
ptolemy.util.test.WatchDog.cancel(): canceling Sun Dec 29 06:32:23 UTC 2019
auto.tcl: Setting watchdog for 200 seconds at Sun Dec 29 06:32:23 UTC 2019
2004 ms. Memory: 45056K Free: 14484K (32%)
ptolemy.util.test.WatchDog.cancel(): canceling Sun Dec 29 06:32:25 UTC 2019
------------------ testing $PTII/ptolemy/domains/de/test/auto/DepthTest1.xml
auto.tcl: Setting watchdog for 200 seconds at Sun Dec 29 06:32:25 UTC 2019
3 ms. Memory: 45056K Free: 28662K (64%)
ptolemy.util.test.WatchDog.cancel(): canceling Sun Dec 29 06:32:25 UTC 2019
auto.tcl: Setting watchdog for 200 seconds at Sun Dec 29 06:32:25 UTC 2019
2 ms. Memory: 45056K Free: 27941K (62%)
ptolemy.util.test.WatchDog.cancel(): canceling Sun Dec 29 06:32:25 UTC 2019
------------------ testing $PTII/ptolemy/domains/de/test/auto/DepthTest2.xml
auto.tcl: Setting watchdog for 200 seconds at Sun Dec 29 06:32:25 UTC 2019
10 ms. Memory: 45056K Free: 25175K (56%)
ptolemy.util.test.WatchDog.cancel(): canceling Sun Dec 29 06:32:25 UTC 2019
auto.tcl: Setting watchdog for 200 seconds at Sun Dec 29 06:32:25 UTC 2019
1 ms. Memory: 45056K Free: 24661K (55%)
ptolemy.util.test.WatchDog.cancel(): canceling Sun Dec 29 06:32:25 UTC 2019
------------------ testing $PTII/ptolemy/domains/de/test/auto/DepthTest3.xml
auto.tcl: Setting watchdog for 200 seconds at Sun Dec 29 06:32:25 UTC 2019
4 ms. Memory: 45056K Free: 28804K (64%)
ptolemy.util.test.WatchDog.cancel(): canceling Sun Dec 29 06:32:26 UTC 2019
auto.tcl: Setting watchdog for 200 seconds at Sun Dec 29 06:32:26 UTC 2019
4 ms. Memory: 45056K Free: 28263K (63%)
ptolemy.util.test.WatchDog.cancel(): canceling Sun Dec 29 06:32:26 UTC 2019
------------------ testing $PTII/ptolemy/domains/de/test/auto/DepthTest4.xml
auto.tcl: Setting watchdog for 200 seconds at Sun Dec 29 06:32:26 UTC 2019
6 ms. Memory: 45056K Free: 27027K (60%)
ptolemy.util.test.WatchDog.cancel(): canceling Sun Dec 29 06:32:26 UTC 2019
auto.tcl: Setting watchdog for 200 seconds at Sun Dec 29 06:32:26 UTC 2019
3 ms. Memory: 45056K Free: 26314K (58%)
ptolemy.util.test.WatchDog.cancel(): canceling Sun Dec 29 06:32:26 UTC 2019
------------------ testing $PTII/ptolemy/domains/de/test/auto/DepthTest5.xml
auto.tcl: Setting watchdog for 200 seconds at Sun Dec 29 06:32:26 UTC 2019
3 ms. Memory: 45056K Free: 26431K (59%)
ptolemy.util.test.WatchDog.cancel(): canceling Sun Dec 29 06:32:26 UTC 2019
auto.tcl: Setting watchdog for 200 seconds at Sun Dec 29 06:32:26 UTC 2019
2 ms. Memory: 45056K Free: 25687K (57%)
ptolemy.util.test.WatchDog.cancel(): canceling Sun Dec 29 06:32:26 UTC 2019
------------------ testing $PTII/ptolemy/domains/de/test/auto/DepthTest6.xml
auto.tcl: Setting watchdog for 200 seconds at Sun Dec 29 06:32:26 UTC 2019
4 ms. Memory: 45056K Free: 26132K (58%)
ptolemy.util.test.WatchDog.cancel(): canceling Sun Dec 29 06:32:26 UTC 2019
auto.tcl: Setting watchdog for 200 seconds at Sun Dec 29 06:32:26 UTC 2019
2 ms. Memory: 45056K Free: 25603K (57%)
ptolemy.util.test.WatchDog.cancel(): canceling Sun Dec 29 06:32:26 UTC 2019
------------------ testing $PTII/ptolemy/domains/de/test/auto/DepthTest7.xml
auto.tcl: Setting watchdog for 200 seconds at Sun Dec 29 06:32:26 UTC 2019
2 ms. Memory: 45056K Free: 26623K (59%)
ptolemy.util.test.WatchDog.cancel(): canceling Sun Dec 29 06:32:26 UTC 2019
auto.tcl: Setting watchdog for 200 seconds at Sun Dec 29 06:32:26 UTC 2019
2 ms. Memory: 45056K Free: 26223K (58%)
ptolemy.util.test.WatchDog.cancel(): canceling Sun Dec 29 06:32:26 UTC 2019
------------------ testing $PTII/ptolemy/domains/de/test/auto/EventToDate.xml
auto.tcl: Setting watchdog for 200 seconds at Sun Dec 29 06:32:26 UTC 2019
3006 ms. Memory: 45056K Free: 17428K (39%)
ptolemy.util.test.WatchDog.cancel(): canceling Sun Dec 29 06:32:29 UTC 2019
auto.tcl: Setting watchdog for 200 seconds at Sun Dec 29 06:32:29 UTC 2019
3004 ms. Memory: 45056K Free: 16676K (37%)
ptolemy.util.test.WatchDog.cancel(): canceling Sun Dec 29 06:32:32 UTC 2019
------------------ testing $PTII/ptolemy/domains/de/test/auto/FSM1.xml
auto.tcl: Setting watchdog for 200 seconds at Sun Dec 29 06:32:32 UTC 2019
19 ms. Memory: 45056K Free: 18960K (42%)
ptolemy.util.test.WatchDog.cancel(): canceling Sun Dec 29 06:32:32 UTC 2019
auto.tcl: Setting watchdog for 200 seconds at Sun Dec 29 06:32:32 UTC 2019
31 ms. Memory: 45056K Free: 15698K (35%)
ptolemy.util.test.WatchDog.cancel(): canceling Sun Dec 29 06:32:32 UTC 2019
------------------ testing $PTII/ptolemy/domains/de/test/auto/FSM7.xml
auto.tcl: Setting watchdog for 200 seconds at Sun Dec 29 06:32:32 UTC 2019
16 ms. Memory: 45056K Free: 18891K (42%)
ptolemy.util.test.WatchDog.cancel(): canceling Sun Dec 29 06:32:32 UTC 2019
auto.tcl: Setting watchdog for 200 seconds at Sun Dec 29 06:32:32 UTC 2019
30 ms. Memory: 45056K Free: 15586K (35%)
ptolemy.util.test.WatchDog.cancel(): canceling Sun Dec 29 06:32:32 UTC 2019
------------------ testing $PTII/ptolemy/domains/de/test/auto/Inspection.xml
auto.tcl: Setting watchdog for 200 seconds at Sun Dec 29 06:32:32 UTC 2019
26 ms. Memory: 45056K Free: 18710K (42%)
ptolemy.util.test.WatchDog.cancel(): canceling Sun Dec 29 06:32:32 UTC 2019
auto.tcl: Setting watchdog for 200 seconds at Sun Dec 29 06:32:32 UTC 2019
28 ms. Memory: 45056K Free: 16958K (38%)
ptolemy.util.test.WatchDog.cancel(): canceling Sun Dec 29 06:32:32 UTC 2019
------------------ testing $PTII/ptolemy/domains/de/test/auto/Iteration.xml
auto.tcl: Setting watchdog for 200 seconds at Sun Dec 29 06:32:32 UTC 2019
9 ms. Memory: 45056K Free: 24500K (54%)
ptolemy.util.test.WatchDog.cancel(): canceling Sun Dec 29 06:32:32 UTC 2019
auto.tcl: Setting watchdog for 200 seconds at Sun Dec 29 06:32:32 UTC 2019
6 ms. Memory: 45056K Free: 23367K (52%)
ptolemy.util.test.WatchDog.cancel(): canceling Sun Dec 29 06:32:32 UTC 2019
------------------ testing $PTII/ptolemy/domains/de/test/auto/LineFault.xml
auto.tcl: Setting watchdog for 200 seconds at Sun Dec 29 06:32:32 UTC 2019
522 ms. Memory: 54272K Free: 20657K (38%)
ptolemy.util.test.WatchDog.cancel(): canceling Sun Dec 29 06:32:33 UTC 2019
auto.tcl: Setting watchdog for 200 seconds at Sun Dec 29 06:32:33 UTC 2019
531 ms. Memory: 54272K Free: 34479K (64%)
ptolemy.util.test.WatchDog.cancel(): canceling Sun Dec 29 06:32:34 UTC 2019
------------------ testing $PTII/ptolemy/domains/de/test/auto/MergeModel1Add.xml
auto.tcl: Setting watchdog for 200 seconds at Sun Dec 29 06:32:34 UTC 2019
16 ms. Memory: 51200K Free: 16016K (31%)
ptolemy.util.test.WatchDog.cancel(): canceling Sun Dec 29 06:32:34 UTC 2019
auto.tcl: Setting watchdog for 200 seconds at Sun Dec 29 06:32:34 UTC 2019
16 ms. Memory: 51200K Free: 14302K (28%)
ptolemy.util.test.WatchDog.cancel(): canceling Sun Dec 29 06:32:34 UTC 2019
------------------ testing $PTII/ptolemy/domains/de/test/auto/MergeModel2Add.xml
auto.tcl: Setting watchdog for 200 seconds at Sun Dec 29 06:32:34 UTC 2019
8 ms. Memory: 48128K Free: 16024K (33%)
ptolemy.util.test.WatchDog.cancel(): canceling Sun Dec 29 06:32:34 UTC 2019
auto.tcl: Setting watchdog for 200 seconds at Sun Dec 29 06:32:34 UTC 2019
8 ms. Memory: 48128K Free: 14167K (29%)
ptolemy.util.test.WatchDog.cancel(): canceling Sun Dec 29 06:32:34 UTC 2019
------------------ testing $PTII/ptolemy/domains/de/test/auto/MergeModel3Add.xml
auto.tcl: Setting watchdog for 200 seconds at Sun Dec 29 06:32:34 UTC 2019
9 ms. Memory: 48128K Free: 16308K (34%)
ptolemy.util.test.WatchDog.cancel(): canceling Sun Dec 29 06:32:34 UTC 2019
auto.tcl: Setting watchdog for 200 seconds at Sun Dec 29 06:32:34 UTC 2019
10 ms. Memory: 48128K Free: 14592K (30%)
ptolemy.util.test.WatchDog.cancel(): canceling Sun Dec 29 06:32:34 UTC 2019
------------------ testing $PTII/ptolemy/domains/de/test/auto/MergeWithoutDiscard.xml
auto.tcl: Setting watchdog for 200 seconds at Sun Dec 29 06:32:34 UTC 2019
2 ms. Memory: 48128K Free: 30118K (63%)
ptolemy.util.test.WatchDog.cancel(): canceling Sun Dec 29 06:32:34 UTC 2019
auto.tcl: Setting watchdog for 200 seconds at Sun Dec 29 06:32:34 UTC 2019
1 ms. Memory: 48128K Free: 29719K (62%)
ptolemy.util.test.WatchDog.cancel(): canceling Sun Dec 29 06:32:34 UTC 2019
------------------ testing $PTII/ptolemy/domains/de/test/auto/Modal1.xml
auto.tcl: Setting watchdog for 200 seconds at Sun Dec 29 06:32:34 UTC 2019
13 ms. Memory: 48128K Free: 22247K (46%)
ptolemy.util.test.WatchDog.cancel(): canceling Sun Dec 29 06:32:34 UTC 2019
auto.tcl: Setting watchdog for 200 seconds at Sun Dec 29 06:32:34 UTC 2019
11 ms. Memory: 48128K Free: 18964K (39%)
ptolemy.util.test.WatchDog.cancel(): canceling Sun Dec 29 06:32:34 UTC 2019
------------------ testing $PTII/ptolemy/domains/de/test/auto/Modal2.xml
auto.tcl: Setting watchdog for 200 seconds at Sun Dec 29 06:32:34 UTC 2019
11 ms. Memory: 48128K Free: 22125K (46%)
ptolemy.util.test.WatchDog.cancel(): canceling Sun Dec 29 06:32:34 UTC 2019
auto.tcl: Setting watchdog for 200 seconds at Sun Dec 29 06:32:34 UTC 2019
12 ms. Memory: 48128K Free: 18879K (39%)
ptolemy.util.test.WatchDog.cancel(): canceling Sun Dec 29 06:32:34 UTC 2019
------------------ testing $PTII/ptolemy/domains/de/test/auto/Modal3.xml
auto.tcl: Setting watchdog for 200 seconds at Sun Dec 29 06:32:34 UTC 2019
14 ms. Memory: 48128K Free: 21636K (45%)
ptolemy.util.test.WatchDog.cancel(): canceling Sun Dec 29 06:32:34 UTC 2019
auto.tcl: Setting watchdog for 200 seconds at Sun Dec 29 06:32:34 UTC 2019
13 ms. Memory: 48128K Free: 18469K (38%)
ptolemy.util.test.WatchDog.cancel(): canceling Sun Dec 29 06:32:34 UTC 2019
------------------ testing $PTII/ptolemy/domains/de/test/auto/Modal4.xml
auto.tcl: Setting watchdog for 200 seconds at Sun Dec 29 06:32:34 UTC 2019
22 ms. Memory: 48128K Free: 21096K (44%)
ptolemy.util.test.WatchDog.cancel(): canceling Sun Dec 29 06:32:34 UTC 2019
auto.tcl: Setting watchdog for 200 seconds at Sun Dec 29 06:32:34 UTC 2019
18 ms. Memory: 48128K Free: 17238K (36%)
ptolemy.util.test.WatchDog.cancel(): canceling Sun Dec 29 06:32:35 UTC 2019
------------------ testing $PTII/ptolemy/domains/de/test/auto/Modal5.xml
auto.tcl: Setting watchdog for 200 seconds at Sun Dec 29 06:32:35 UTC 2019
12 ms. Memory: 48128K Free: 21063K (44%)
ptolemy.util.test.WatchDog.cancel(): canceling Sun Dec 29 06:32:35 UTC 2019
auto.tcl: Setting watchdog for 200 seconds at Sun Dec 29 06:32:35 UTC 2019
12 ms. Memory: 48128K Free: 17224K (36%)
ptolemy.util.test.WatchDog.cancel(): canceling Sun Dec 29 06:32:35 UTC 2019
------------------ testing $PTII/ptolemy/domains/de/test/auto/Modal6.xml
auto.tcl: Setting watchdog for 200 seconds at Sun Dec 29 06:32:35 UTC 2019
11 ms. Memory: 48128K Free: 21844K (45%)
ptolemy.util.test.WatchDog.cancel(): canceling Sun Dec 29 06:32:35 UTC 2019
auto.tcl: Setting watchdog for 200 seconds at Sun Dec 29 06:32:35 UTC 2019
12 ms. Memory: 48128K Free: 17876K (37%)
ptolemy.util.test.WatchDog.cancel(): canceling Sun Dec 29 06:32:35 UTC 2019
------------------ testing $PTII/ptolemy/domains/de/test/auto/Modal7.xml
auto.tcl: Setting watchdog for 200 seconds at Sun Dec 29 06:32:35 UTC 2019
14 ms. Memory: 48128K Free: 20821K (43%)
ptolemy.util.test.WatchDog.cancel(): canceling Sun Dec 29 06:32:35 UTC 2019
auto.tcl: Setting watchdog for 200 seconds at Sun Dec 29 06:32:35 UTC 2019
17 ms. Memory: 48128K Free: 17224K (36%)
ptolemy.util.test.WatchDog.cancel(): canceling Sun Dec 29 06:32:35 UTC 2019
------------------ testing $PTII/ptolemy/domains/de/test/auto/ModalModel.xml
auto.tcl: Setting watchdog for 200 seconds at Sun Dec 29 06:32:35 UTC 2019
197 ms. Memory: 60416K Free: 23139K (38%)
ptolemy.util.test.WatchDog.cancel(): canceling Sun Dec 29 06:32:35 UTC 2019
auto.tcl: Setting watchdog for 200 seconds at Sun Dec 29 06:32:35 UTC 2019
211 ms. Memory: 60416K Free: 22112K (37%)
ptolemy.util.test.WatchDog.cancel(): canceling Sun Dec 29 06:32:35 UTC 2019
------------------ testing $PTII/ptolemy/domains/de/test/auto/ModalSource.xml
auto.tcl: Setting watchdog for 200 seconds at Sun Dec 29 06:32:35 UTC 2019
9 ms. Memory: 51200K Free: 28969K (57%)
ptolemy.util.test.WatchDog.cancel(): canceling Sun Dec 29 06:32:35 UTC 2019
auto.tcl: Setting watchdog for 200 seconds at Sun Dec 29 06:32:35 UTC 2019
6 ms. Memory: 51200K Free: 26921K (53%)
ptolemy.util.test.WatchDog.cancel(): canceling Sun Dec 29 06:32:35 UTC 2019
------------------ testing $PTII/ptolemy/domains/de/test/auto/NonInterruptibleTimerZeroDelay.xml
auto.tcl: Setting watchdog for 200 seconds at Sun Dec 29 06:32:35 UTC 2019
3 ms. Memory: 48128K Free: 31110K (65%)
ptolemy.util.test.WatchDog.cancel(): canceling Sun Dec 29 06:32:35 UTC 2019
auto.tcl: Setting watchdog for 200 seconds at Sun Dec 29 06:32:35 UTC 2019
2 ms. Memory: 48128K Free: 30214K (63%)
ptolemy.util.test.WatchDog.cancel(): canceling Sun Dec 29 06:32:35 UTC 2019
------------------ testing $PTII/ptolemy/domains/de/test/auto/OpenQueueingNetwork.xml
auto.tcl: Setting watchdog for 200 seconds at Sun Dec 29 06:32:35 UTC 2019
2916 ms. Memory: 100352K Free: 79130K (79%)
ptolemy.util.test.WatchDog.cancel(): canceling Sun Dec 29 06:32:38 UTC 2019
auto.tcl: Setting watchdog for 200 seconds at Sun Dec 29 06:32:38 UTC 2019
2502 ms. Memory: 100352K Free: 73476K (73%)
ptolemy.util.test.WatchDog.cancel(): canceling Sun Dec 29 06:32:41 UTC 2019
------------------ testing $PTII/ptolemy/domains/de/test/auto/OpenQueuingNetwork.xml
auto.tcl: Setting watchdog for 200 seconds at Sun Dec 29 06:32:41 UTC 2019
241 ms. Memory: 62464K Free: 26959K (43%)
ptolemy.util.test.WatchDog.cancel(): canceling Sun Dec 29 06:32:41 UTC 2019
auto.tcl: Setting watchdog for 200 seconds at Sun Dec 29 06:32:41 UTC 2019
282 ms. Memory: 62464K Free: 44273K (71%)
ptolemy.util.test.WatchDog.cancel(): canceling Sun Dec 29 06:32:42 UTC 2019
------------------ testing $PTII/ptolemy/domains/de/test/auto/PeriodicSampler.xml
auto.tcl: Setting watchdog for 200 seconds at Sun Dec 29 06:32:42 UTC 2019
2 ms. Memory: 48128K Free: 30030K (62%)
ptolemy.util.test.WatchDog.cancel(): canceling Sun Dec 29 06:32:42 UTC 2019
auto.tcl: Setting watchdog for 200 seconds at Sun Dec 29 06:32:42 UTC 2019
2 ms. Memory: 48128K Free: 29074K (60%)
ptolemy.util.test.WatchDog.cancel(): canceling Sun Dec 29 06:32:42 UTC 2019
------------------ testing $PTII/ptolemy/domains/de/test/auto/PersistentIO.xml
auto.tcl: Setting watchdog for 200 seconds at Sun Dec 29 06:32:42 UTC 2019
13 ms. Memory: 48128K Free: 24940K (52%)
ptolemy.util.test.WatchDog.cancel(): canceling Sun Dec 29 06:32:42 UTC 2019
auto.tcl: Setting watchdog for 200 seconds at Sun Dec 29 06:32:42 UTC 2019
3 ms. Memory: 48128K Free: 23480K (49%)
ptolemy.util.test.WatchDog.cancel(): canceling Sun Dec 29 06:32:42 UTC 2019
------------------ testing $PTII/ptolemy/domains/de/test/auto/PortParameterResetOnInitialize.xml
auto.tcl: Setting watchdog for 200 seconds at Sun Dec 29 06:32:42 UTC 2019
7 ms. Memory: 48128K Free: 29947K (62%)
ptolemy.util.test.WatchDog.cancel(): canceling Sun Dec 29 06:32:42 UTC 2019
auto.tcl: Setting watchdog for 200 seconds at Sun Dec 29 06:32:42 UTC 2019
2 ms. Memory: 48128K Free: 29461K (61%)
ptolemy.util.test.WatchDog.cancel(): canceling Sun Dec 29 06:32:42 UTC 2019
------------------ testing $PTII/ptolemy/domains/de/test/auto/PortParameterUpdates.xml
auto.tcl: Setting watchdog for 200 seconds at Sun Dec 29 06:32:42 UTC 2019
6 ms. Memory: 48128K Free: 28008K (58%)
ptolemy.util.test.WatchDog.cancel(): canceling Sun Dec 29 06:32:42 UTC 2019
auto.tcl: Setting watchdog for 200 seconds at Sun Dec 29 06:32:42 UTC 2019
3 ms. Memory: 48128K Free: 26569K (55%)
ptolemy.util.test.WatchDog.cancel(): canceling Sun Dec 29 06:32:42 UTC 2019
------------------ testing $PTII/ptolemy/domains/de/test/auto/QueueAndServer.xml
auto.tcl: Setting watchdog for 200 seconds at Sun Dec 29 06:32:42 UTC 2019
6 ms. Memory: 48128K Free: 27214K (57%)
ptolemy.util.test.WatchDog.cancel(): canceling Sun Dec 29 06:32:42 UTC 2019
auto.tcl: Setting watchdog for 200 seconds at Sun Dec 29 06:32:42 UTC 2019
8 ms. Memory: 48128K Free: 25966K (54%)
ptolemy.util.test.WatchDog.cancel(): canceling Sun Dec 29 06:32:42 UTC 2019
------------------ testing $PTII/ptolemy/domains/de/test/auto/Records.xml
auto.tcl: Setting watchdog for 200 seconds at Sun Dec 29 06:32:42 UTC 2019
5 ms. Memory: 48128K Free: 29206K (61%)
ptolemy.util.test.WatchDog.cancel(): canceling Sun Dec 29 06:32:42 UTC 2019
auto.tcl: Setting watchdog for 200 seconds at Sun Dec 29 06:32:42 UTC 2019
2 ms. Memory: 48128K Free: 28728K (60%)
ptolemy.util.test.WatchDog.cancel(): canceling Sun Dec 29 06:32:42 UTC 2019
------------------ testing $PTII/ptolemy/domains/de/test/auto/ResetTransitionWithStartTime1.xml
auto.tcl: Setting watchdog for 200 seconds at Sun Dec 29 06:32:42 UTC 2019
12 ms. Memory: 48128K Free: 26439K (55%)
ptolemy.util.test.WatchDog.cancel(): canceling Sun Dec 29 06:32:42 UTC 2019
auto.tcl: Setting watchdog for 200 seconds at Sun Dec 29 06:32:42 UTC 2019
6 ms. Memory: 48128K Free: 23905K (50%)
ptolemy.util.test.WatchDog.cancel(): canceling Sun Dec 29 06:32:42 UTC 2019
------------------ testing $PTII/ptolemy/domains/de/test/auto/ResetTransitionWithStartTime2.xml
auto.tcl: Setting watchdog for 200 seconds at Sun Dec 29 06:32:42 UTC 2019
11 ms. Memory: 48128K Free: 26395K (55%)
ptolemy.util.test.WatchDog.cancel(): canceling Sun Dec 29 06:32:42 UTC 2019
auto.tcl: Setting watchdog for 200 seconds at Sun Dec 29 06:32:42 UTC 2019
7 ms. Memory: 48128K Free: 23853K (50%)
ptolemy.util.test.WatchDog.cancel(): canceling Sun Dec 29 06:32:42 UTC 2019
------------------ testing $PTII/ptolemy/domains/de/test/auto/ResetTransitionWithStartTime3.xml
auto.tcl: Setting watchdog for 200 seconds at Sun Dec 29 06:32:42 UTC 2019
8 ms. Memory: 48128K Free: 26393K (55%)
ptolemy.util.test.WatchDog.cancel(): canceling Sun Dec 29 06:32:42 UTC 2019
auto.tcl: Setting watchdog for 200 seconds at Sun Dec 29 06:32:42 UTC 2019
7 ms. Memory: 48128K Free: 23843K (50%)
ptolemy.util.test.WatchDog.cancel(): canceling Sun Dec 29 06:32:42 UTC 2019
------------------ testing $PTII/ptolemy/domains/de/test/auto/ResetTransitionWithStartTime4.xml
auto.tcl: Setting watchdog for 200 seconds at Sun Dec 29 06:32:42 UTC 2019
8 ms. Memory: 48128K Free: 26839K (56%)
ptolemy.util.test.WatchDog.cancel(): canceling Sun Dec 29 06:32:42 UTC 2019
auto.tcl: Setting watchdog for 200 seconds at Sun Dec 29 06:32:42 UTC 2019
3 ms. Memory: 48128K Free: 25420K (53%)
ptolemy.util.test.WatchDog.cancel(): canceling Sun Dec 29 06:32:42 UTC 2019
------------------ testing $PTII/ptolemy/domains/de/test/auto/ResettableTimer1.xml
auto.tcl: Setting watchdog for 200 seconds at Sun Dec 29 06:32:42 UTC 2019
3 ms. Memory: 48128K Free: 30471K (63%)
ptolemy.util.test.WatchDog.cancel(): canceling Sun Dec 29 06:32:42 UTC 2019
auto.tcl: Setting watchdog for 200 seconds at Sun Dec 29 06:32:42 UTC 2019
2 ms. Memory: 48128K Free: 29475K (61%)
ptolemy.util.test.WatchDog.cancel(): canceling Sun Dec 29 06:32:42 UTC 2019
------------------ testing $PTII/ptolemy/domains/de/test/auto/ResettableTimer2.xml
auto.tcl: Setting watchdog for 200 seconds at Sun Dec 29 06:32:43 UTC 2019
2 ms. Memory: 48128K Free: 30527K (63%)
ptolemy.util.test.WatchDog.cancel(): canceling Sun Dec 29 06:32:43 UTC 2019
auto.tcl: Setting watchdog for 200 seconds at Sun Dec 29 06:32:43 UTC 2019
2 ms. Memory: 48128K Free: 29547K (61%)
ptolemy.util.test.WatchDog.cancel(): canceling Sun Dec 29 06:32:43 UTC 2019
------------------ testing $PTII/ptolemy/domains/de/test/auto/ResettableTimer3.xml
auto.tcl: Setting watchdog for 200 seconds at Sun Dec 29 06:32:43 UTC 2019
2 ms. Memory: 48128K Free: 31006K (64%)
ptolemy.util.test.WatchDog.cancel(): canceling Sun Dec 29 06:32:43 UTC 2019
auto.tcl: Setting watchdog for 200 seconds at Sun Dec 29 06:32:43 UTC 2019
1 ms. Memory: 48128K Free: 30526K (63%)
ptolemy.util.test.WatchDog.cancel(): canceling Sun Dec 29 06:32:43 UTC 2019
------------------ testing $PTII/ptolemy/domains/de/test/auto/ResettableTimer4.xml
auto.tcl: Setting watchdog for 200 seconds at Sun Dec 29 06:32:43 UTC 2019
2 ms. Memory: 48128K Free: 30565K (64%)
ptolemy.util.test.WatchDog.cancel(): canceling Sun Dec 29 06:32:43 UTC 2019
auto.tcl: Setting watchdog for 200 seconds at Sun Dec 29 06:32:43 UTC 2019
1 ms. Memory: 48128K Free: 30068K (62%)
ptolemy.util.test.WatchDog.cancel(): canceling Sun Dec 29 06:32:43 UTC 2019
------------------ testing $PTII/ptolemy/domains/de/test/auto/ResettableTimer5.xml
auto.tcl: Setting watchdog for 200 seconds at Sun Dec 29 06:32:43 UTC 2019
2 ms. Memory: 48128K Free: 30010K (62%)
ptolemy.util.test.WatchDog.cancel(): canceling Sun Dec 29 06:32:43 UTC 2019
auto.tcl: Setting watchdog for 200 seconds at Sun Dec 29 06:32:43 UTC 2019
1 ms. Memory: 48128K Free: 29557K (61%)
ptolemy.util.test.WatchDog.cancel(): canceling Sun Dec 29 06:32:43 UTC 2019
------------------ testing $PTII/ptolemy/domains/de/test/auto/ResettableTimer6.xml
auto.tcl: Setting watchdog for 200 seconds at Sun Dec 29 06:32:43 UTC 2019
1 ms. Memory: 48128K Free: 30001K (62%)
ptolemy.util.test.WatchDog.cancel(): canceling Sun Dec 29 06:32:43 UTC 2019
auto.tcl: Setting watchdog for 200 seconds at Sun Dec 29 06:32:43 UTC 2019
1 ms. Memory: 48128K Free: 29515K (61%)
ptolemy.util.test.WatchDog.cancel(): canceling Sun Dec 29 06:32:43 UTC 2019
------------------ testing $PTII/ptolemy/domains/de/test/auto/ServerZeroDelay.xml
auto.tcl: Setting watchdog for 200 seconds at Sun Dec 29 06:32:43 UTC 2019
3 ms. Memory: 48128K Free: 30520K (63%)
ptolemy.util.test.WatchDog.cancel(): canceling Sun Dec 29 06:32:43 UTC 2019
auto.tcl: Setting watchdog for 200 seconds at Sun Dec 29 06:32:43 UTC 2019
2 ms. Memory: 48128K Free: 29556K (61%)
ptolemy.util.test.WatchDog.cancel(): canceling Sun Dec 29 06:32:43 UTC 2019
------------------ testing $PTII/ptolemy/domains/de/test/auto/SmartSender.xml
auto.tcl: Setting watchdog for 200 seconds at Sun Dec 29 06:32:43 UTC 2019
3001 ms. Memory: 48128K Free: 30532K (63%)
ptolemy.util.test.WatchDog.cancel(): canceling Sun Dec 29 06:32:46 UTC 2019
auto.tcl: Setting watchdog for 200 seconds at Sun Dec 29 06:32:46 UTC 2019
3001 ms. Memory: 48128K Free: 30028K (62%)
ptolemy.util.test.WatchDog.cancel(): canceling Sun Dec 29 06:32:49 UTC 2019
------------------ testing $PTII/ptolemy/domains/de/test/auto/ThreadedComposite.xml
auto.tcl: Setting watchdog for 200 seconds at Sun Dec 29 06:32:49 UTC 2019
210 ms. Memory: 48128K Free: 11072K (23%)
ptolemy.util.test.WatchDog.cancel(): canceling Sun Dec 29 06:32:49 UTC 2019
auto.tcl: Setting watchdog for 200 seconds at Sun Dec 29 06:32:49 UTC 2019
209 ms. Memory: 48128K Free: 24665K (51%)
ptolemy.util.test.WatchDog.cancel(): canceling Sun Dec 29 06:32:49 UTC 2019
------------------ testing $PTII/ptolemy/domains/de/test/auto/Time.xml
auto.tcl: Setting watchdog for 200 seconds at Sun Dec 29 06:32:49 UTC 2019
410 ms. Memory: 48128K Free: 33771K (70%)
ptolemy.util.test.WatchDog.cancel(): canceling Sun Dec 29 06:32:50 UTC 2019
auto.tcl: Setting watchdog for 200 seconds at Sun Dec 29 06:32:50 UTC 2019
447 ms. Memory: 48128K Free: 10944K (23%)
ptolemy.util.test.WatchDog.cancel(): canceling Sun Dec 29 06:32:50 UTC 2019
------------------ testing $PTII/ptolemy/domains/de/test/auto/TimeDelayZeroDelay.xml
auto.tcl: Setting watchdog for 200 seconds at Sun Dec 29 06:32:50 UTC 2019
2 ms. Memory: 48128K Free: 30443K (63%)
ptolemy.util.test.WatchDog.cancel(): canceling Sun Dec 29 06:32:50 UTC 2019
auto.tcl: Setting watchdog for 200 seconds at Sun Dec 29 06:32:50 UTC 2019
1 ms. Memory: 48128K Free: 29572K (61%)
ptolemy.util.test.WatchDog.cancel(): canceling Sun Dec 29 06:32:50 UTC 2019
------------------ testing $PTII/ptolemy/domains/de/test/auto/TimerZeroDelay.xml
auto.tcl: Setting watchdog for 200 seconds at Sun Dec 29 06:32:50 UTC 2019
2 ms. Memory: 48128K Free: 30924K (64%)
ptolemy.util.test.WatchDog.cancel(): canceling Sun Dec 29 06:32:50 UTC 2019
auto.tcl: Setting watchdog for 200 seconds at Sun Dec 29 06:32:50 UTC 2019
2 ms. Memory: 48128K Free: 30485K (63%)
ptolemy.util.test.WatchDog.cancel(): canceling Sun Dec 29 06:32:50 UTC 2019
------------------ testing $PTII/ptolemy/domains/de/test/auto/TimingParadox.xml
auto.tcl: Setting watchdog for 200 seconds at Sun Dec 29 06:32:50 UTC 2019
385 ms. Memory: 48128K Free: 17051K (35%)
ptolemy.util.test.WatchDog.cancel(): canceling Sun Dec 29 06:32:51 UTC 2019
auto.tcl: Setting watchdog for 200 seconds at Sun Dec 29 06:32:51 UTC 2019
386 ms. Memory: 58368K Free: 17679K (30%)
ptolemy.util.test.WatchDog.cancel(): canceling Sun Dec 29 06:32:51 UTC 2019
------------------ testing $PTII/ptolemy/domains/de/test/auto/TransferInputs.xml
auto.tcl: Setting watchdog for 200 seconds at Sun Dec 29 06:32:51 UTC 2019
2 ms. Memory: 55296K Free: 36121K (65%)
ptolemy.util.test.WatchDog.cancel(): canceling Sun Dec 29 06:32:51 UTC 2019
auto.tcl: Setting watchdog for 200 seconds at Sun Dec 29 06:32:51 UTC 2019
1 ms. Memory: 55296K Free: 35223K (64%)
ptolemy.util.test.WatchDog.cancel(): canceling Sun Dec 29 06:32:51 UTC 2019
------------------ testing $PTII/ptolemy/domains/de/test/auto/TransferOutputs2.xml
auto.tcl: Setting watchdog for 200 seconds at Sun Dec 29 06:32:51 UTC 2019
3 ms. Memory: 48128K Free: 26396K (55%)
ptolemy.util.test.WatchDog.cancel(): canceling Sun Dec 29 06:32:51 UTC 2019
auto.tcl: Setting watchdog for 200 seconds at Sun Dec 29 06:32:51 UTC 2019
2 ms. Memory: 48128K Free: 24982K (52%)
ptolemy.util.test.WatchDog.cancel(): canceling Sun Dec 29 06:32:51 UTC 2019
------------------ testing $PTII/ptolemy/domains/de/test/auto/Trilateration.xml
auto.tcl: Setting watchdog for 200 seconds at Sun Dec 29 06:32:51 UTC 2019
11817 ms. Memory: 499712K Free: 188416K (38%)
ptolemy.util.test.WatchDog.cancel(): canceling Sun Dec 29 06:33:04 UTC 2019
auto.tcl: Setting watchdog for 200 seconds at Sun Dec 29 06:33:04 UTC 2019
8689 ms. Memory: 499712K Free: 226153K (45%)
ptolemy.util.test.WatchDog.cancel(): canceling Sun Dec 29 06:33:13 UTC 2019
------------------ testing $PTII/ptolemy/domains/de/test/auto/TwoSigmaDelta.xml
auto.tcl: Setting watchdog for 200 seconds at Sun Dec 29 06:33:13 UTC 2019
2247 ms. Memory: 89088K Free: 30189K (34%)
ptolemy.util.test.WatchDog.cancel(): canceling Sun Dec 29 06:33:15 UTC 2019
auto.tcl: Setting watchdog for 200 seconds at Sun Dec 29 06:33:15 UTC 2019
1764 ms. Memory: 89088K Free: 26070K (29%)
ptolemy.util.test.WatchDog.cancel(): canceling Sun Dec 29 06:33:17 UTC 2019
------------------ testing $PTII/ptolemy/domains/de/test/auto/VariableDelay.xml
auto.tcl: Setting watchdog for 200 seconds at Sun Dec 29 06:33:17 UTC 2019
3 ms. Memory: 51200K Free: 32503K (63%)
ptolemy.util.test.WatchDog.cancel(): canceling Sun Dec 29 06:33:17 UTC 2019
auto.tcl: Setting watchdog for 200 seconds at Sun Dec 29 06:33:17 UTC 2019
2 ms. Memory: 51200K Free: 31509K (62%)
ptolemy.util.test.WatchDog.cancel(): canceling Sun Dec 29 06:33:17 UTC 2019
------------------ testing $PTII/ptolemy/domains/de/test/auto/VariableDelay2.xml
auto.tcl: Setting watchdog for 200 seconds at Sun Dec 29 06:33:17 UTC 2019
5 ms. Memory: 48128K Free: 30065K (62%)
ptolemy.util.test.WatchDog.cancel(): canceling Sun Dec 29 06:33:17 UTC 2019
auto.tcl: Setting watchdog for 200 seconds at Sun Dec 29 06:33:17 UTC 2019
1 ms. Memory: 48128K Free: 29350K (61%)
ptolemy.util.test.WatchDog.cancel(): canceling Sun Dec 29 06:33:17 UTC 2019
------------------ testing $PTII/ptolemy/domains/de/test/auto/VariableDelayZeroDelay.xml
auto.tcl: Setting watchdog for 200 seconds at Sun Dec 29 06:33:17 UTC 2019
2 ms. Memory: 48128K Free: 30373K (63%)
ptolemy.util.test.WatchDog.cancel(): canceling Sun Dec 29 06:33:17 UTC 2019
auto.tcl: Setting watchdog for 200 seconds at Sun Dec 29 06:33:17 UTC 2019
2 ms. Memory: 48128K Free: 29857K (62%)
ptolemy.util.test.WatchDog.cancel(): canceling Sun Dec 29 06:33:17 UTC 2019
------------------ testing $PTII/ptolemy/domains/de/test/auto/VariableDelayZeroDelay2.xml
auto.tcl: Setting watchdog for 200 seconds at Sun Dec 29 06:33:17 UTC 2019
2 ms. Memory: 48128K Free: 30372K (63%)
ptolemy.util.test.WatchDog.cancel(): canceling Sun Dec 29 06:33:17 UTC 2019
auto.tcl: Setting watchdog for 200 seconds at Sun Dec 29 06:33:17 UTC 2019
2 ms. Memory: 48128K Free: 29361K (61%)
ptolemy.util.test.WatchDog.cancel(): canceling Sun Dec 29 06:33:17 UTC 2019
------------------ testing $PTII/ptolemy/domains/de/test/auto/deInCt.xml
auto.tcl: Setting watchdog for 200 seconds at Sun Dec 29 06:33:18 UTC 2019
0
1
1
1
0
0
0
0
0
0
1
1
1
1
1
1
1
1
0
0
0
0
13 ms. Memory: 48128K Free: 29345K (61%)
ptolemy.util.test.WatchDog.cancel(): canceling Sun Dec 29 06:33:18 UTC 2019
auto.tcl: Setting watchdog for 200 seconds at Sun Dec 29 06:33:18 UTC 2019
0
1
1
1
1
1
0
0
0
0
0
1
1
1
0
0
0
1
1
0
0
0
1
1
1
1
0
0
0
0
0
1
1
1
6 ms. Memory: 48128K Free: 27797K (58%)
ptolemy.util.test.WatchDog.cancel(): canceling Sun Dec 29 06:33:18 UTC 2019
------------------ testing $PTII/ptolemy/domains/de/test/auto/deInCt2.xml
auto.tcl: Setting watchdog for 200 seconds at Sun Dec 29 06:33:18 UTC 2019
0
1
1
1
0
0
1
1
1
0
0
1
1
1
0
0
1
1
1
0
0
1
1
1
0
0
1
1
1
0
0
1
1
1
0
0
1
1
1
0
0
0
9 ms. Memory: 48128K Free: 29346K (61%)
ptolemy.util.test.WatchDog.cancel(): canceling Sun Dec 29 06:33:18 UTC 2019
auto.tcl: Setting watchdog for 200 seconds at Sun Dec 29 06:33:18 UTC 2019
0
1
1
1
0
0
1
1
1
0
0
1
1
1
0
0
1
1
1
0
0
1
1
1
0
0
1
1
1
0
0
1
1
1
0
0
1
1
1
0
0
0
7 ms. Memory: 48128K Free: 27798K (58%)
ptolemy.util.test.WatchDog.cancel(): canceling Sun Dec 29 06:33:18 UTC 2019
------------------ testing $PTII/ptolemy/domains/de/test/auto/dynamicCausalityInterface1.xml
auto.tcl: Setting watchdog for 200 seconds at Sun Dec 29 06:33:18 UTC 2019
1 ms. Memory: 48128K Free: 24716K (51%)
ptolemy.util.test.WatchDog.cancel(): canceling Sun Dec 29 06:33:18 UTC 2019
auto.tcl: Setting watchdog for 200 seconds at Sun Dec 29 06:33:18 UTC 2019
1 ms. Memory: 48128K Free: 24226K (50%)
ptolemy.util.test.WatchDog.cancel(): canceling Sun Dec 29 06:33:18 UTC 2019
------------------ testing $PTII/ptolemy/domains/de/test/auto/fsm_de_test.xml
auto.tcl: Setting watchdog for 200 seconds at Sun Dec 29 06:33:18 UTC 2019
6 ms. Memory: 48128K Free: 25143K (52%)
ptolemy.util.test.WatchDog.cancel(): canceling Sun Dec 29 06:33:18 UTC 2019
auto.tcl: Setting watchdog for 200 seconds at Sun Dec 29 06:33:18 UTC 2019
4 ms. Memory: 48128K Free: 23095K (48%)
ptolemy.util.test.WatchDog.cancel(): canceling Sun Dec 29 06:33:18 UTC 2019
------------------ testing $PTII/ptolemy/domains/de/test/auto/functionDependencyReconstruction.xml
auto.tcl: Setting watchdog for 200 seconds at Sun Dec 29 06:33:18 UTC 2019
3 ms. Memory: 48128K Free: 18989K (39%)
ptolemy.util.test.WatchDog.cancel(): canceling Sun Dec 29 06:33:18 UTC 2019
auto.tcl: Setting watchdog for 200 seconds at Sun Dec 29 06:33:18 UTC 2019
2 ms. Memory: 48128K Free: 16941K (35%)
ptolemy.util.test.WatchDog.cancel(): canceling Sun Dec 29 06:33:18 UTC 2019
------------------ testing $PTII/ptolemy/domains/de/test/auto/multirate.xml
auto.tcl: Setting watchdog for 200 seconds at Sun Dec 29 06:33:18 UTC 2019
4 ms. Memory: 48128K Free: 27063K (56%)
ptolemy.util.test.WatchDog.cancel(): canceling Sun Dec 29 06:33:18 UTC 2019
auto.tcl: Setting watchdog for 200 seconds at Sun Dec 29 06:33:18 UTC 2019
5 ms. Memory: 48128K Free: 26052K (54%)
ptolemy.util.test.WatchDog.cancel(): canceling Sun Dec 29 06:33:18 UTC 2019
------------------ testing $PTII/ptolemy/domains/de/test/auto/multirate2.xml
auto.tcl: Setting watchdog for 200 seconds at Sun Dec 29 06:33:18 UTC 2019
3 ms. Memory: 48128K Free: 27740K (58%)
ptolemy.util.test.WatchDog.cancel(): canceling Sun Dec 29 06:33:18 UTC 2019
auto.tcl: Setting watchdog for 200 seconds at Sun Dec 29 06:33:18 UTC 2019
3 ms. Memory: 48128K Free: 26250K (55%)
ptolemy.util.test.WatchDog.cancel(): canceling Sun Dec 29 06:33:18 UTC 2019
------------------ testing $PTII/ptolemy/domains/de/test/auto/realtime.xml
auto.tcl: Setting watchdog for 200 seconds at Sun Dec 29 06:33:18 UTC 2019
10001 ms. Memory: 48128K Free: 30035K (62%)
ptolemy.util.test.WatchDog.cancel(): canceling Sun Dec 29 06:33:28 UTC 2019
auto.tcl: Setting watchdog for 200 seconds at Sun Dec 29 06:33:28 UTC 2019
10001 ms. Memory: 48128K Free: 29290K (61%)
ptolemy.util.test.WatchDog.cancel(): canceling Sun Dec 29 06:33:38 UTC 2019
------------------ testing $PTII/ptolemy/domains/de/test/auto/relationGroup.xml
auto.tcl: Setting watchdog for 200 seconds at Sun Dec 29 06:33:38 UTC 2019
1 ms. Memory: 48128K Free: 31085K (65%)
ptolemy.util.test.WatchDog.cancel(): canceling Sun Dec 29 06:33:38 UTC 2019
auto.tcl: Setting watchdog for 200 seconds at Sun Dec 29 06:33:38 UTC 2019
2 ms. Memory: 48128K Free: 30567K (64%)
ptolemy.util.test.WatchDog.cancel(): canceling Sun Dec 29 06:33:38 UTC 2019
------------------ testing $PTII/ptolemy/domains/de/test/auto/relationGroup2.xml
auto.tcl: Setting watchdog for 200 seconds at Sun Dec 29 06:33:38 UTC 2019
5 ms. Memory: 48128K Free: 30906K (64%)
ptolemy.util.test.WatchDog.cancel(): canceling Sun Dec 29 06:33:38 UTC 2019
auto.tcl: Setting watchdog for 200 seconds at Sun Dec 29 06:33:38 UTC 2019
2 ms. Memory: 48128K Free: 29895K (62%)
ptolemy.util.test.WatchDog.cancel(): canceling Sun Dec 29 06:33:38 UTC 2019
------------------ testing $PTII/ptolemy/domains/de/test/auto/sortWithOpaquePorts.xml
auto.tcl: Setting watchdog for 200 seconds at Sun Dec 29 06:33:38 UTC 2019
2 ms. Memory: 48128K Free: 29869K (62%)
ptolemy.util.test.WatchDog.cancel(): canceling Sun Dec 29 06:33:38 UTC 2019
auto.tcl: Setting watchdog for 200 seconds at Sun Dec 29 06:33:38 UTC 2019
2 ms. Memory: 48128K Free: 28856K (60%)
ptolemy.util.test.WatchDog.cancel(): canceling Sun Dec 29 06:33:38 UTC 2019
------------------ testing $PTII/ptolemy/domains/de/test/auto/transferInputsandOutputs.xml
auto.tcl: Setting watchdog for 200 seconds at Sun Dec 29 06:33:38 UTC 2019
2 ms. Memory: 48128K Free: 27313K (57%)
ptolemy.util.test.WatchDog.cancel(): canceling Sun Dec 29 06:33:38 UTC 2019
auto.tcl: Setting watchdog for 200 seconds at Sun Dec 29 06:33:38 UTC 2019
3 ms. Memory: 48128K Free: 26326K (55%)
ptolemy.util.test.WatchDog.cancel(): canceling Sun Dec 29 06:33:38 UTC 2019
------------------ testing $PTII/ptolemy/domains/de/test/auto/triggerType.xml
auto.tcl: Setting watchdog for 200 seconds at Sun Dec 29 06:33:38 UTC 2019
1 ms. Memory: 48128K Free: 30338K (63%)
ptolemy.util.test.WatchDog.cancel(): canceling Sun Dec 29 06:33:38 UTC 2019
auto.tcl: Setting watchdog for 200 seconds at Sun Dec 29 06:33:38 UTC 2019
1 ms. Memory: 48128K Free: 29358K (61%)
ptolemy.util.test.WatchDog.cancel(): canceling Sun Dec 29 06:33:38 UTC 2019
12/29/19 06:33:38
Failed: 0  Total Tests: 192  ((Passed: 187, Newly Passed: 1)  Known Failed: 5) /home/travis/build/icyphy/ptII/ptolemy/domains/de/test
12/29/19 06:33:38
Failed: 0  Total Tests: 192  ((Passed: 187, Newly Passed: 1)  Known Failed: 5) /home/travis/build/icyphy/ptII/ptolemy/domains/de/test
----------------- testing (KnownFailure) /home/travis/build/icyphy/ptII/ptolemy/domains/de/test/auto/knownFailedTests/DESDFClockTest.xml
2015 ms. Memory: 48128K Free: 23222K (48%)
Known Failure: java.lang.reflect.InvocationTargetException
----------------- testing (KnownFailure) /home/travis/build/icyphy/ptII/ptolemy/domains/de/test/auto/knownFailedTests/DirectFeedback.xml
1 ms. Memory: 48128K Free: 19126K (40%)
Known Failure: java.lang.reflect.InvocationTargetException
----------------- testing (KnownFailure) /home/travis/build/icyphy/ptII/ptolemy/domains/de/test/auto/knownFailedTests/FSMSource.xml
6 ms. Memory: 48128K Free: 11958K (25%)
----------------- testing (KnownFailure) /home/travis/build/icyphy/ptII/ptolemy/domains/de/test/auto/knownFailedTests/HierarchicalModel.xml
3 ms. Memory: 48128K Free: 23130K (48%)
Known Failure: java.lang.reflect.InvocationTargetException
----------------- testing (KnownFailure) /home/travis/build/icyphy/ptII/ptolemy/domains/de/test/auto/knownFailedTests/dependencyLoop.xml
2 ms. Memory: 48128K Free: 7592K (16%)
Known Failure: java.lang.reflect.InvocationTargetException
----------------- testing (KnownFailure) /home/travis/build/icyphy/ptII/ptolemy/domains/de/test/auto/knownFailedTests/dependencyLoop2.xml
6 ms. Memory: 48128K Free: 18948K (39%)
Known Failure: java.lang.reflect.InvocationTargetException
No auto/linux-amd64/*.xml tests in /home/travis/build/icyphy/ptII/ptolemy/domains/de/test
AutoTests.java: About to close Vertx.
AutoTests.java: Vertx closed.

===========================================================================================
----------------- testing Sun Dec 29 06:33:41 UTC 2019 /home/travis/build/icyphy/ptII/ptolemy/domains/de/test/auto/ActorDepthCalculation_actorWithoutPorts.xml
----------------- Instantiating /home/travis/build/icyphy/ptII/ptolemy/domains/de/test/auto/ActorDepthCalculation_actorWithoutPorts.xml
2 ms. Memory: 48128K Free: 12748K (26%)
----------------- Invoking toplevel() on ptolemy.moml.MoMLSimpleApplication@25697c83
----------------- Done invoking toplevel() on ptolemy.moml.MoMLSimpleApplication@25697c83
reloadAllAccessors: .ActorDepthCalculation_actorWithoutPorts

===========================================================================================
----------------- testing Sun Dec 29 06:33:41 UTC 2019 /home/travis/build/icyphy/ptII/ptolemy/domains/de/test/auto/AssemblyLine.xml
----------------- Instantiating /home/travis/build/icyphy/ptII/ptolemy/domains/de/test/auto/AssemblyLine.xml
2 ms. Memory: 48128K Free: 32531K (68%)
----------------- Invoking toplevel() on ptolemy.moml.MoMLSimpleApplication@62d48d1b
----------------- Done invoking toplevel() on ptolemy.moml.MoMLSimpleApplication@62d48d1b
reloadAllAccessors: .AssemblyLine

===========================================================================================
----------------- testing Sun Dec 29 06:33:41 UTC 2019 /home/travis/build/icyphy/ptII/ptolemy/domains/de/test/auto/CQBug1.xml
----------------- Instantiating /home/travis/build/icyphy/ptII/ptolemy/domains/de/test/auto/CQBug1.xml
1 ms. Memory: 48128K Free: 29615K (62%)
----------------- Invoking toplevel() on ptolemy.moml.MoMLSimpleApplication@32fda495
----------------- Done invoking toplevel() on ptolemy.moml.MoMLSimpleApplication@32fda495
reloadAllAccessors: .CQBug1

===========================================================================================
----------------- testing Sun Dec 29 06:33:41 UTC 2019 /home/travis/build/icyphy/ptII/ptolemy/domains/de/test/auto/CancelFireAt.xml
----------------- Instantiating /home/travis/build/icyphy/ptII/ptolemy/domains/de/test/auto/CancelFireAt.xml
1 ms. Memory: 48128K Free: 27381K (57%)
----------------- Invoking toplevel() on ptolemy.moml.MoMLSimpleApplication@19599038
----------------- Done invoking toplevel() on ptolemy.moml.MoMLSimpleApplication@19599038
reloadAllAccessors: .CancelFireAt

===========================================================================================
----------------- testing Sun Dec 29 06:33:41 UTC 2019 /home/travis/build/icyphy/ptII/ptolemy/domains/de/test/auto/CausalityAndComposabilityAnalysis.xml
----------------- Instantiating /home/travis/build/icyphy/ptII/ptolemy/domains/de/test/auto/CausalityAndComposabilityAnalysis.xml
7 ms. Memory: 48128K Free: 23277K (48%)
----------------- Invoking toplevel() on ptolemy.moml.MoMLSimpleApplication@6a23855a
----------------- Done invoking toplevel() on ptolemy.moml.MoMLSimpleApplication@6a23855a
reloadAllAccessors: .CausalityAndComposabilityAnalysis

===========================================================================================
----------------- testing Sun Dec 29 06:33:41 UTC 2019 /home/travis/build/icyphy/ptII/ptolemy/domains/de/test/auto/CausalityInterface1.xml
----------------- Instantiating /home/travis/build/icyphy/ptII/ptolemy/domains/de/test/auto/CausalityInterface1.xml
5 ms. Memory: 48128K Free: 18219K (38%)
----------------- Invoking toplevel() on ptolemy.moml.MoMLSimpleApplication@452ee759
----------------- Done invoking toplevel() on ptolemy.moml.MoMLSimpleApplication@452ee759
reloadAllAccessors: .CausalityInterface1

===========================================================================================
----------------- testing Sun Dec 29 06:33:41 UTC 2019 /home/travis/build/icyphy/ptII/ptolemy/domains/de/test/auto/CausalityInterface15.xml
----------------- Instantiating /home/travis/build/icyphy/ptII/ptolemy/domains/de/test/auto/CausalityInterface15.xml
2 ms. Memory: 48128K Free: 13013K (27%)
----------------- Invoking toplevel() on ptolemy.moml.MoMLSimpleApplication@72dd5800
----------------- Done invoking toplevel() on ptolemy.moml.MoMLSimpleApplication@72dd5800
reloadAllAccessors: .CausalityInterface15

===========================================================================================
----------------- testing Sun Dec 29 06:33:41 UTC 2019 /home/travis/build/icyphy/ptII/ptolemy/domains/de/test/auto/CausalityInterface2.xml
----------------- Instantiating /home/travis/build/icyphy/ptII/ptolemy/domains/de/test/auto/CausalityInterface2.xml
3 ms. Memory: 48128K Free: 8334K (17%)
----------------- Invoking toplevel() on ptolemy.moml.MoMLSimpleApplication@110b15e1
[...]
	at ptolemy.actor.Manager.run(Manager.java:1263)
	at ptolemy.actor.Manager$PtolemyRunThread.run(Manager.java:1933)
java.lang.RuntimeException: Execution failed
	at ptolemy.moml.MoMLSimpleApplication$UnloadThread.run(MoMLSimpleApplication.java:402)
Caused by: ptolemy.kernel.util.IllegalActionException: Actor is not ready to fire.  Perhaps UpSample.prefire() returned false? Try debugging the actor by selecting "Listen to Actor".  Also, for SDF check moml for tokenConsumptionRate on input.
  in .DESDFClockTest.Play Bell.Copy1:SDF Director and .DESDFClockTest.Play Bell.UpSample
	at ptolemy.actor.sched.StaticSchedulingDirector.fire(StaticSchedulingDirector.java:227)
	at ptolemy.domains.sdf.kernel.SDFDirector.fire(SDFDirector.java:500)
	at ptolemy.actor.CompositeActor.fire(CompositeActor.java:455)
	at ptolemy.domains.de.kernel.DEDirector._fire(DEDirector.java:1949)
	at ptolemy.domains.de.kernel.DEDirector.fire(DEDirector.java:502)
	at ptolemy.actor.CompositeActor.fire(CompositeActor.java:455)
	at ptolemy.actor.Manager.iterate(Manager.java:851)
	at ptolemy.actor.Manager.execute(Manager.java:369)
	at ptolemy.actor.Manager.run(Manager.java:1263)
	at ptolemy.actor.Manager$PtolemyRunThread.run(Manager.java:1933)
java.lang.reflect.InvocationTargetException
	at java.base/jdk.internal.reflect.NativeConstructorAccessorImpl.newInstance0(Native Method)
	at java.base/jdk.internal.reflect.NativeConstructorAccessorImpl.newInstance(NativeConstructorAccessorImpl.java:62)
	at java.base/jdk.internal.reflect.DelegatingConstructorAccessorImpl.newInstance(DelegatingConstructorAccessorImpl.java:45)
	at java.base/java.lang.reflect.Constructor.newInstance(Constructor.java:490)
	at ptolemy.util.test.junit.AutoKnownFailedTests.RunModel(AutoKnownFailedTests.java:105)
	at java.base/jdk.internal.reflect.NativeMethodAccessorImpl.invoke0(Native Method)
	at java.base/jdk.internal.reflect.NativeMethodAccessorImpl.invoke(NativeMethodAccessorImpl.java:62)
	at java.base/jdk.internal.reflect.DelegatingMethodAccessorImpl.invoke(DelegatingMethodAccessorImpl.java:43)
	at java.base/java.lang.reflect.Method.invoke(Method.java:566)
	at org.junit.runners.model.FrameworkMethod$1.runReflectiveCall(FrameworkMethod.java:44)
	at org.junit.internal.runners.model.ReflectiveCallable.run(ReflectiveCallable.java:15)
	at org.junit.runners.model.FrameworkMethod.invokeExplosively(FrameworkMethod.java:41)
	at junitparams.internal.InvokeParameterisedMethod.evaluate(InvokeParameterisedMethod.java:102)
	at org.junit.internal.runners.statements.FailOnTimeout$1.run(FailOnTimeout.java:28)
Caused by: ptolemy.kernel.util.IllegalActionException: Actor is not ready to fire.  Perhaps UpSample.prefire() returned false? Try debugging the actor by selecting "Listen to Actor".  Also, for SDF check moml for tokenConsumptionRate on input.
  in .DESDFClockTest.Play Bell.Copy1:SDF Director and .DESDFClockTest.Play Bell.UpSample
	at ptolemy.actor.sched.StaticSchedulingDirector.fire(StaticSchedulingDirector.java:227)
	at ptolemy.domains.sdf.kernel.SDFDirector.fire(SDFDirector.java:500)
	at ptolemy.actor.CompositeActor.fire(CompositeActor.java:455)
	at ptolemy.domains.de.kernel.DEDirector._fire(DEDirector.java:1949)
	at ptolemy.domains.de.kernel.DEDirector.fire(DEDirector.java:502)
	at ptolemy.actor.CompositeActor.fire(CompositeActor.java:455)
	at ptolemy.actor.Manager.iterate(Manager.java:851)
	at ptolemy.actor.Manager.execute(Manager.java:369)
	at ptolemy.actor.Manager.run(Manager.java:1263)
	at ptolemy.actor.Manager$PtolemyRunThread.run(Manager.java:1933)
java.lang.RuntimeException: Execution failed
	at ptolemy.moml.MoMLSimpleApplication$UnloadThread.run(MoMLSimpleApplication.java:402)
Caused by: ptolemy.kernel.util.IllegalActionException: Test fails in iteration 1.
Value was: 1.0. Should have been: 2.0
  in .DirectFeedback.Test
	at ptolemy.actor.lib.Test.fire(Test.java:268)
	at ptolemy.domains.de.kernel.DEDirector._fire(DEDirector.java:1949)
	at ptolemy.domains.de.kernel.DEDirector.fire(DEDirector.java:502)
	at ptolemy.actor.CompositeActor.fire(CompositeActor.java:455)
	at ptolemy.actor.Manager.iterate(Manager.java:851)
	at ptolemy.actor.Manager.execute(Manager.java:369)
	at ptolemy.actor.Manager.run(Manager.java:1263)
	at ptolemy.actor.Manager$PtolemyRunThread.run(Manager.java:1933)
java.lang.reflect.InvocationTargetException
	at java.base/jdk.internal.reflect.NativeConstructorAccessorImpl.newInstance0(Native Method)
	at java.base/jdk.internal.reflect.NativeConstructorAccessorImpl.newInstance(NativeConstructorAccessorImpl.java:62)
	at java.base/jdk.internal.reflect.DelegatingConstructorAccessorImpl.newInstance(DelegatingConstructorAccessorImpl.java:45)
	at java.base/java.lang.reflect.Constructor.newInstance(Constructor.java:490)
	at ptolemy.util.test.junit.AutoKnownFailedTests.RunModel(AutoKnownFailedTests.java:105)
	at java.base/jdk.internal.reflect.NativeMethodAccessorImpl.invoke0(Native Method)
	at java.base/jdk.internal.reflect.NativeMethodAccessorImpl.invoke(NativeMethodAccessorImpl.java:62)
	at java.base/jdk.internal.reflect.DelegatingMethodAccessorImpl.invoke(DelegatingMethodAccessorImpl.java:43)
	at java.base/java.lang.reflect.Method.invoke(Method.java:566)
	at org.junit.runners.model.FrameworkMethod$1.runReflectiveCall(FrameworkMethod.java:44)
	at org.junit.internal.runners.model.ReflectiveCallable.run(ReflectiveCallable.java:15)
	at org.junit.runners.model.FrameworkMethod.invokeExplosively(FrameworkMethod.java:41)
	at junitparams.internal.InvokeParameterisedMethod.evaluate(InvokeParameterisedMethod.java:102)
	at org.junit.internal.runners.statements.FailOnTimeout$1.run(FailOnTimeout.java:28)
Caused by: ptolemy.kernel.util.IllegalActionException: Test fails in iteration 1.
Value was: 1.0. Should have been: 2.0
  in .DirectFeedback.Test
	at ptolemy.actor.lib.Test.fire(Test.java:268)
	at ptolemy.domains.de.kernel.DEDirector._fire(DEDirector.java:1949)
	at ptolemy.domains.de.kernel.DEDirector.fire(DEDirector.java:502)
	at ptolemy.actor.CompositeActor.fire(CompositeActor.java:455)
	at ptolemy.actor.Manager.iterate(Manager.java:851)
	at ptolemy.actor.Manager.execute(Manager.java:369)
	at ptolemy.actor.Manager.run(Manager.java:1263)
	at ptolemy.actor.Manager$PtolemyRunThread.run(Manager.java:1933)
java.lang.RuntimeException: Execution failed
	at ptolemy.moml.MoMLSimpleApplication$UnloadThread.run(MoMLSimpleApplication.java:402)
Caused by: ptolemy.kernel.util.IllegalActionException: Found a zero delay loop containing .HierarchicalModel.A
  in .HierarchicalModel and .HierarchicalModel.A
	at ptolemy.actor.util.CausalityInterfaceForComposites._computeOutputPortDepth(CausalityInterfaceForComposites.java:759)
	at ptolemy.actor.util.CausalityInterfaceForComposites._computeInputDepth(CausalityInterfaceForComposites.java:696)
	at ptolemy.actor.util.CausalityInterfaceForComposites._computeOutputPortDepth(CausalityInterfaceForComposites.java:765)
	at ptolemy.actor.util.CausalityInterfaceForComposites._computeInputDepth(CausalityInterfaceForComposites.java:696)
	at ptolemy.actor.util.CausalityInterfaceForComposites._computeOutputPortDepth(CausalityInterfaceForComposites.java:765)
	at ptolemy.actor.util.CausalityInterfaceForComposites._computeInputDepth(CausalityInterfaceForComposites.java:696)
	at ptolemy.actor.util.CausalityInterfaceForComposites._computeActorDepth(CausalityInterfaceForComposites.java:532)
	at ptolemy.actor.util.CausalityInterfaceForComposites.checkForCycles(CausalityInterfaceForComposites.java:96)
	at ptolemy.domains.de.kernel.DEDirector.preinitialize(DEDirector.java:1338)
	at ptolemy.actor.CompositeActor.preinitialize(CompositeActor.java:1828)
	at ptolemy.actor.Manager.preinitializeAndResolveTypes(Manager.java:1040)
	at ptolemy.actor.Manager.initialize(Manager.java:710)
	at ptolemy.actor.Manager.execute(Manager.java:356)
	at ptolemy.actor.Manager.run(Manager.java:1263)
	at ptolemy.actor.Manager$PtolemyRunThread.run(Manager.java:1933)
java.lang.reflect.InvocationTargetException
	at java.base/jdk.internal.reflect.NativeConstructorAccessorImpl.newInstance0(Native Method)
	at java.base/jdk.internal.reflect.NativeConstructorAccessorImpl.newInstance(NativeConstructorAccessorImpl.java:62)
	at java.base/jdk.internal.reflect.DelegatingConstructorAccessorImpl.newInstance(DelegatingConstructorAccessorImpl.java:45)
	at java.base/java.lang.reflect.Constructor.newInstance(Constructor.java:490)
	at ptolemy.util.test.junit.AutoKnownFailedTests.RunModel(AutoKnownFailedTests.java:105)
	at java.base/jdk.internal.reflect.NativeMethodAccessorImpl.invoke0(Native Method)
	at java.base/jdk.internal.reflect.NativeMethodAccessorImpl.invoke(NativeMethodAccessorImpl.java:62)
	at java.base/jdk.internal.reflect.DelegatingMethodAccessorImpl.invoke(DelegatingMethodAccessorImpl.java:43)
	at java.base/java.lang.reflect.Method.invoke(Method.java:566)
	at org.junit.runners.model.FrameworkMethod$1.runReflectiveCall(FrameworkMethod.java:44)
	at org.junit.internal.runners.model.ReflectiveCallable.run(ReflectiveCallable.java:15)
	at org.junit.runners.model.FrameworkMethod.invokeExplosively(FrameworkMethod.java:41)
	at junitparams.internal.InvokeParameterisedMethod.evaluate(InvokeParameterisedMethod.java:102)
	at org.junit.internal.runners.statements.FailOnTimeout$1.run(FailOnTimeout.java:28)
Caused by: ptolemy.kernel.util.IllegalActionException: Found a zero delay loop containing .HierarchicalModel.A
  in .HierarchicalModel and .HierarchicalModel.A
	at ptolemy.actor.util.CausalityInterfaceForComposites._computeOutputPortDepth(CausalityInterfaceForComposites.java:759)
	at ptolemy.actor.util.CausalityInterfaceForComposites._computeInputDepth(CausalityInterfaceForComposites.java:696)
	at ptolemy.actor.util.CausalityInterfaceForComposites._computeOutputPortDepth(CausalityInterfaceForComposites.java:765)
	at ptolemy.actor.util.CausalityInterfaceForComposites._computeInputDepth(CausalityInterfaceForComposites.java:696)
	at ptolemy.actor.util.CausalityInterfaceForComposites._computeOutputPortDepth(CausalityInterfaceForComposites.java:765)
	at ptolemy.actor.util.CausalityInterfaceForComposites._computeInputDepth(CausalityInterfaceForComposites.java:696)
	at ptolemy.actor.util.CausalityInterfaceForComposites._computeActorDepth(CausalityInterfaceForComposites.java:532)
	at ptolemy.actor.util.CausalityInterfaceForComposites.checkForCycles(CausalityInterfaceForComposites.java:96)
	at ptolemy.domains.de.kernel.DEDirector.preinitialize(DEDirector.java:1338)
	at ptolemy.actor.CompositeActor.preinitialize(CompositeActor.java:1828)
	at ptolemy.actor.Manager.preinitializeAndResolveTypes(Manager.java:1040)
	at ptolemy.actor.Manager.initialize(Manager.java:710)
	at ptolemy.actor.Manager.execute(Manager.java:356)
	at ptolemy.actor.Manager.run(Manager.java:1263)
	at ptolemy.actor.Manager$PtolemyRunThread.run(Manager.java:1933)
java.lang.RuntimeException: Execution failed
	at ptolemy.moml.MoMLSimpleApplication$UnloadThread.run(MoMLSimpleApplication.java:402)
Caused by: ptolemy.kernel.util.IllegalActionException: Found a zero delay loop containing .dependencyLoop.original
  in .dependencyLoop and .dependencyLoop.original
	at ptolemy.actor.util.CausalityInterfaceForComposites._computeOutputPortDepth(CausalityInterfaceForComposites.java:759)
	at ptolemy.actor.util.CausalityInterfaceForComposites._computeInputDepth(CausalityInterfaceForComposites.java:696)
	at ptolemy.actor.util.CausalityInterfaceForComposites._computeOutputPortDepth(CausalityInterfaceForComposites.java:765)
	at ptolemy.actor.util.CausalityInterfaceForComposites._computeInputDepth(CausalityInterfaceForComposites.java:696)
	at ptolemy.actor.util.CausalityInterfaceForComposites._computeOutputPortDepth(CausalityInterfaceForComposites.java:765)
	at ptolemy.actor.util.CausalityInterfaceForComposites._computeInputDepth(CausalityInterfaceForComposites.java:696)
	at ptolemy.actor.util.CausalityInterfaceForComposites._computeActorDepth(CausalityInterfaceForComposites.java:532)
	at ptolemy.actor.util.CausalityInterfaceForComposites.checkForCycles(CausalityInterfaceForComposites.java:96)
	at ptolemy.domains.de.kernel.DEDirector.preinitialize(DEDirector.java:1338)
	at ptolemy.actor.CompositeActor.preinitialize(CompositeActor.java:1828)
	at ptolemy.actor.Manager.preinitializeAndResolveTypes(Manager.java:1040)
	at ptolemy.actor.Manager.initialize(Manager.java:710)
	at ptolemy.actor.Manager.execute(Manager.java:356)
	at ptolemy.actor.Manager.run(Manager.java:1263)
	at ptolemy.actor.Manager$PtolemyRunThread.run(Manager.java:1933)
java.lang.reflect.InvocationTargetException
	at java.base/jdk.internal.reflect.NativeConstructorAccessorImpl.newInstance0(Native Method)
	at java.base/jdk.internal.reflect.NativeConstructorAccessorImpl.newInstance(NativeConstructorAccessorImpl.java:62)
	at java.base/jdk.internal.reflect.DelegatingConstructorAccessorImpl.newInstance(DelegatingConstructorAccessorImpl.java:45)
	at java.base/java.lang.reflect.Constructor.newInstance(Constructor.java:490)
	at ptolemy.util.test.junit.AutoKnownFailedTests.RunModel(AutoKnownFailedTests.java:105)
	at java.base/jdk.internal.reflect.NativeMethodAccessorImpl.invoke0(Native Method)
	at java.base/jdk.internal.reflect.NativeMethodAccessorImpl.invoke(NativeMethodAccessorImpl.java:62)
	at java.base/jdk.internal.reflect.DelegatingMethodAccessorImpl.invoke(DelegatingMethodAccessorImpl.java:43)
	at java.base/java.lang.reflect.Method.invoke(Method.java:566)
	at org.junit.runners.model.FrameworkMethod$1.runReflectiveCall(FrameworkMethod.java:44)
	at org.junit.internal.runners.model.ReflectiveCallable.run(ReflectiveCallable.java:15)
	at org.junit.runners.model.FrameworkMethod.invokeExplosively(FrameworkMethod.java:41)
	at junitparams.internal.InvokeParameterisedMethod.evaluate(InvokeParameterisedMethod.java:102)
	at org.junit.internal.runners.statements.FailOnTimeout$1.run(FailOnTimeout.java:28)
Caused by: ptolemy.kernel.util.IllegalActionException: Found a zero delay loop containing .dependencyLoop.original
  in .dependencyLoop and .dependencyLoop.original
	at ptolemy.actor.util.CausalityInterfaceForComposites._computeOutputPortDepth(CausalityInterfaceForComposites.java:759)
	at ptolemy.actor.util.CausalityInterfaceForComposites._computeInputDepth(CausalityInterfaceForComposites.java:696)
	at ptolemy.actor.util.CausalityInterfaceForComposites._computeOutputPortDepth(CausalityInterfaceForComposites.java:765)
	at ptolemy.actor.util.CausalityInterfaceForComposites._computeInputDepth(CausalityInterfaceForComposites.java:696)
	at ptolemy.actor.util.CausalityInterfaceForComposites._computeOutputPortDepth(CausalityInterfaceForComposites.java:765)
	at ptolemy.actor.util.CausalityInterfaceForComposites._computeInputDepth(CausalityInterfaceForComposites.java:696)
	at ptolemy.actor.util.CausalityInterfaceForComposites._computeActorDepth(CausalityInterfaceForComposites.java:532)
	at ptolemy.actor.util.CausalityInterfaceForComposites.checkForCycles(CausalityInterfaceForComposites.java:96)
	at ptolemy.domains.de.kernel.DEDirector.preinitialize(DEDirector.java:1338)
	at ptolemy.actor.CompositeActor.preinitialize(CompositeActor.java:1828)
	at ptolemy.actor.Manager.preinitializeAndResolveTypes(Manager.java:1040)
	at ptolemy.actor.Manager.initialize(Manager.java:710)
	at ptolemy.actor.Manager.execute(Manager.java:356)
	at ptolemy.actor.Manager.run(Manager.java:1263)
	at ptolemy.actor.Manager$PtolemyRunThread.run(Manager.java:1933)
java.lang.RuntimeException: Execution failed
	at ptolemy.moml.MoMLSimpleApplication$UnloadThread.run(MoMLSimpleApplication.java:402)
Caused by: ptolemy.kernel.util.IllegalActionException: Found a zero delay loop containing .dependencyLoop2.original
  in .dependencyLoop2 and .dependencyLoop2.original
	at ptolemy.actor.util.CausalityInterfaceForComposites._computeOutputPortDepth(CausalityInterfaceForComposites.java:759)
	at ptolemy.actor.util.CausalityInterfaceForComposites._computeInputDepth(CausalityInterfaceForComposites.java:696)
	at ptolemy.actor.util.CausalityInterfaceForComposites._computeOutputPortDepth(CausalityInterfaceForComposites.java:765)
	at ptolemy.actor.util.CausalityInterfaceForComposites._computeInputDepth(CausalityInterfaceForComposites.java:696)
	at ptolemy.actor.util.CausalityInterfaceForComposites._computeOutputPortDepth(CausalityInterfaceForComposites.java:765)
	at ptolemy.actor.util.CausalityInterfaceForComposites._computeInputDepth(CausalityInterfaceForComposites.java:696)
	at ptolemy.actor.util.CausalityInterfaceForComposites._computeActorDepth(CausalityInterfaceForComposites.java:532)
	at ptolemy.actor.util.CausalityInterfaceForComposites.checkForCycles(CausalityInterfaceForComposites.java:96)
	at ptolemy.domains.de.kernel.DEDirector.preinitialize(DEDirector.java:1338)
	at ptolemy.actor.CompositeActor.preinitialize(CompositeActor.java:1828)
	at ptolemy.actor.Manager.preinitializeAndResolveTypes(Manager.java:1040)
	at ptolemy.actor.Manager.initialize(Manager.java:710)
	at ptolemy.actor.Manager.execute(Manager.java:356)
	at ptolemy.actor.Manager.run(Manager.java:1263)
	at ptolemy.actor.Manager$PtolemyRunThread.run(Manager.java:1933)
java.lang.reflect.InvocationTargetException
	at java.base/jdk.internal.reflect.NativeConstructorAccessorImpl.newInstance0(Native Method)
	at java.base/jdk.internal.reflect.NativeConstructorAccessorImpl.newInstance(NativeConstructorAccessorImpl.java:62)
	at java.base/jdk.internal.reflect.DelegatingConstructorAccessorImpl.newInstance(DelegatingConstructorAccessorImpl.java:45)
	at java.base/java.lang.reflect.Constructor.newInstance(Constructor.java:490)
	at ptolemy.util.test.junit.AutoKnownFailedTests.RunModel(AutoKnownFailedTests.java:105)
	at java.base/jdk.internal.reflect.NativeMethodAccessorImpl.invoke0(Native Method)
	at java.base/jdk.internal.reflect.NativeMethodAccessorImpl.invoke(NativeMethodAccessorImpl.java:62)
	at java.base/jdk.internal.reflect.DelegatingMethodAccessorImpl.invoke(DelegatingMethodAccessorImpl.java:43)
	at java.base/java.lang.reflect.Method.invoke(Method.java:566)
	at org.junit.runners.model.FrameworkMethod$1.runReflectiveCall(FrameworkMethod.java:44)
	at org.junit.internal.runners.model.ReflectiveCallable.run(ReflectiveCallable.java:15)
	at org.junit.runners.model.FrameworkMethod.invokeExplosively(FrameworkMethod.java:41)
	at junitparams.internal.InvokeParameterisedMethod.evaluate(InvokeParameterisedMethod.java:102)
	at org.junit.internal.runners.statements.FailOnTimeout$1.run(FailOnTimeout.java:28)
Caused by: ptolemy.kernel.util.IllegalActionException: Found a zero delay loop containing .dependencyLoop2.original
  in .dependencyLoop2 and .dependencyLoop2.original
	at ptolemy.actor.util.CausalityInterfaceForComposites._computeOutputPortDepth(CausalityInterfaceForComposites.java:759)
	at ptolemy.actor.util.CausalityInterfaceForComposites._computeInputDepth(CausalityInterfaceForComposites.java:696)
	at ptolemy.actor.util.CausalityInterfaceForComposites._computeOutputPortDepth(CausalityInterfaceForComposites.java:765)
	at ptolemy.actor.util.CausalityInterfaceForComposites._computeInputDepth(CausalityInterfaceForComposites.java:696)
	at ptolemy.actor.util.CausalityInterfaceForComposites._computeOutputPortDepth(CausalityInterfaceForComposites.java:765)
	at ptolemy.actor.util.CausalityInterfaceForComposites._computeInputDepth(CausalityInterfaceForComposites.java:696)
	at ptolemy.actor.util.CausalityInterfaceForComposites._computeActorDepth(CausalityInterfaceForComposites.java:532)
	at ptolemy.actor.util.CausalityInterfaceForComposites.checkForCycles(CausalityInterfaceForComposites.java:96)
	at ptolemy.domains.de.kernel.DEDirector.preinitialize(DEDirector.java:1338)
	at ptolemy.actor.CompositeActor.preinitialize(CompositeActor.java:1828)
	at ptolemy.actor.Manager.preinitializeAndResolveTypes(Manager.java:1040)
	at ptolemy.actor.Manager.initialize(Manager.java:710)
	at ptolemy.actor.Manager.execute(Manager.java:356)
	at ptolemy.actor.Manager.run(Manager.java:1263)
	at ptolemy.actor.Manager$PtolemyRunThread.run(Manager.java:1933)
]]></system-err>
</testsuite>
