<?xml version="1.0" encoding="UTF-8" ?>
<testsuite errors="0" failures="0" hostname="travis-job-6c93000b-8147-442f-a744-0882e9a9cd4b" name="ptolemy.domains.de.test.junit.JUnitTclTest" skipped="0" tests="101" time="139.62" timestamp="2019-09-03T05:32:36">
  <properties>
[...]
</properties>
  <testcase classname="ptolemy.util.test.junit.TclTests" name="[0] /home/travis/build/icyphy/ptII/ptolemy/domains/de/test/DependencyLoop.tcl (RunTclFile)" time="1.374" />
  <testcase classname="ptolemy.util.test.junit.TclTests" name="[1] /home/travis/build/icyphy/ptII/ptolemy/domains/de/test/RunDETestsAsQSS.tcl (RunTclFile)" time="95.552" />
  <testcase classname="ptolemy.util.test.junit.AutoKnownFailedTests" name="[0] /home/travis/build/icyphy/ptII/ptolemy/domains/de/test/auto/knownFailedTests/DESDFClockTest.xml (RunModel)" time="2.063" />
  <testcase classname="ptolemy.util.test.junit.AutoKnownFailedTests" name="[1] /home/travis/build/icyphy/ptII/ptolemy/domains/de/test/auto/knownFailedTests/DirectFeedback.xml (RunModel)" time="0.017" />
  <testcase classname="ptolemy.util.test.junit.AutoKnownFailedTests" name="[2] /home/travis/build/icyphy/ptII/ptolemy/domains/de/test/auto/knownFailedTests/FSMSource.xml (RunModel)" time="0.035" />
  <testcase classname="ptolemy.util.test.junit.AutoKnownFailedTests" name="[3] /home/travis/build/icyphy/ptII/ptolemy/domains/de/test/auto/knownFailedTests/HierarchicalModel.xml (RunModel)" time="0.049" />
  <testcase classname="ptolemy.util.test.junit.AutoKnownFailedTests" name="[4] /home/travis/build/icyphy/ptII/ptolemy/domains/de/test/auto/knownFailedTests/dependencyLoop.xml (RunModel)" time="0.045" />
  <testcase classname="ptolemy.util.test.junit.AutoKnownFailedTests" name="[5] /home/travis/build/icyphy/ptII/ptolemy/domains/de/test/auto/knownFailedTests/dependencyLoop2.xml (RunModel)" time="0.038" />
  <testcase classname="ptolemy.util.test.junit.AutoNameArchTests" name="[0] ThereAreNoAutoArchTests (RunModel)" time="0.002" />
  <testcase classname="ptolemy.util.test.junit.AutoTests" name="[0] /home/travis/build/icyphy/ptII/ptolemy/domains/de/test/auto/ActorDepthCalculation_actorWithoutPorts.xml (RunModel)" time="0.021" />
  <testcase classname="ptolemy.util.test.junit.AutoTests" name="[1] /home/travis/build/icyphy/ptII/ptolemy/domains/de/test/auto/AssemblyLine.xml (RunModel)" time="0.029" />
  <testcase classname="ptolemy.util.test.junit.AutoTests" name="[2] /home/travis/build/icyphy/ptII/ptolemy/domains/de/test/auto/CQBug1.xml (RunModel)" time="0.014" />
  <testcase classname="ptolemy.util.test.junit.AutoTests" name="[3] /home/travis/build/icyphy/ptII/ptolemy/domains/de/test/auto/CancelFireAt.xml (RunModel)" time="0.007" />
  <testcase classname="ptolemy.util.test.junit.AutoTests" name="[4] /home/travis/build/icyphy/ptII/ptolemy/domains/de/test/auto/CausalityAndComposabilityAnalysis.xml (RunModel)" time="0.013" />
  <testcase classname="ptolemy.util.test.junit.AutoTests" name="[5] /home/travis/build/icyphy/ptII/ptolemy/domains/de/test/auto/CausalityInterface1.xml (RunModel)" time="0.021" />
  <testcase classname="ptolemy.util.test.junit.AutoTests" name="[6] /home/travis/build/icyphy/ptII/ptolemy/domains/de/test/auto/CausalityInterface15.xml (RunModel)" time="0.013" />
  <testcase classname="ptolemy.util.test.junit.AutoTests" name="[7] /home/travis/build/icyphy/ptII/ptolemy/domains/de/test/auto/CausalityInterface2.xml (RunModel)" time="0.019" />
  <testcase classname="ptolemy.util.test.junit.AutoTests" name="[8] /home/travis/build/icyphy/ptII/ptolemy/domains/de/test/auto/CausalityInterface3.xml (RunModel)" time="0.016" />
  <testcase classname="ptolemy.util.test.junit.AutoTests" name="[9] /home/travis/build/icyphy/ptII/ptolemy/domains/de/test/auto/ClockDrift.xml (RunModel)" time="0.043" />
  <testcase classname="ptolemy.util.test.junit.AutoTests" name="[10] /home/travis/build/icyphy/ptII/ptolemy/domains/de/test/auto/ClockDriftAndValueChange.xml (RunModel)" time="0.038" />
  <testcase classname="ptolemy.util.test.junit.AutoTests" name="[11] /home/travis/build/icyphy/ptII/ptolemy/domains/de/test/auto/ClockDriftChange.xml (RunModel)" time="0.039" />
  <testcase classname="ptolemy.util.test.junit.AutoTests" name="[12] /home/travis/build/icyphy/ptII/ptolemy/domains/de/test/auto/ComposableCausalityAnalysis.xml (RunModel)" time="0.015" />
  <testcase classname="ptolemy.util.test.junit.AutoTests" name="[13] /home/travis/build/icyphy/ptII/ptolemy/domains/de/test/auto/DEFixedPointLimitation.xml (RunModel)" time="0.013" />
  <testcase classname="ptolemy.util.test.junit.AutoTests" name="[14] /home/travis/build/icyphy/ptII/ptolemy/domains/de/test/auto/DEScheduleTest.xml (RunModel)" time="0.019" />
  <testcase classname="ptolemy.util.test.junit.AutoTests" name="[15] /home/travis/build/icyphy/ptII/ptolemy/domains/de/test/auto/DEinDEwithStartTimes.xml (RunModel)" time="0.017" />
  <testcase classname="ptolemy.util.test.junit.AutoTests" name="[16] /home/travis/build/icyphy/ptII/ptolemy/domains/de/test/auto/DEinDEwithStartTimes2.xml (RunModel)" time="0.019" />
  <testcase classname="ptolemy.util.test.junit.AutoTests" name="[17] /home/travis/build/icyphy/ptII/ptolemy/domains/de/test/auto/DateDemo.xml (RunModel)" time="0.034" />
  <testcase classname="ptolemy.util.test.junit.AutoTests" name="[18] /home/travis/build/icyphy/ptII/ptolemy/domains/de/test/auto/DateToEvent.xml (RunModel)" time="2.04" />
  <testcase classname="ptolemy.util.test.junit.AutoTests" name="[19] /home/travis/build/icyphy/ptII/ptolemy/domains/de/test/auto/DepthTest1.xml (RunModel)" time="0.014" />
  <testcase classname="ptolemy.util.test.junit.AutoTests" name="[20] /home/travis/build/icyphy/ptII/ptolemy/domains/de/test/auto/DepthTest2.xml (RunModel)" time="0.022" />
  <testcase classname="ptolemy.util.test.junit.AutoTests" name="[21] /home/travis/build/icyphy/ptII/ptolemy/domains/de/test/auto/DepthTest3.xml (RunModel)" time="0.008" />
  <testcase classname="ptolemy.util.test.junit.AutoTests" name="[22] /home/travis/build/icyphy/ptII/ptolemy/domains/de/test/auto/DepthTest4.xml (RunModel)" time="0.012" />
  <testcase classname="ptolemy.util.test.junit.AutoTests" name="[23] /home/travis/build/icyphy/ptII/ptolemy/domains/de/test/auto/DepthTest5.xml (RunModel)" time="0.013" />
  <testcase classname="ptolemy.util.test.junit.AutoTests" name="[24] /home/travis/build/icyphy/ptII/ptolemy/domains/de/test/auto/DepthTest6.xml (RunModel)" time="0.014" />
  <testcase classname="ptolemy.util.test.junit.AutoTests" name="[25] /home/travis/build/icyphy/ptII/ptolemy/domains/de/test/auto/DepthTest7.xml (RunModel)" time="0.017" />
  <testcase classname="ptolemy.util.test.junit.AutoTests" name="[26] /home/travis/build/icyphy/ptII/ptolemy/domains/de/test/auto/EventToDate.xml (RunModel)" time="3.049" />
  <testcase classname="ptolemy.util.test.junit.AutoTests" name="[27] /home/travis/build/icyphy/ptII/ptolemy/domains/de/test/auto/FSM1.xml (RunModel)" time="0.045" />
  <testcase classname="ptolemy.util.test.junit.AutoTests" name="[28] /home/travis/build/icyphy/ptII/ptolemy/domains/de/test/auto/FSM7.xml (RunModel)" time="0.03" />
  <testcase classname="ptolemy.util.test.junit.AutoTests" name="[29] /home/travis/build/icyphy/ptII/ptolemy/domains/de/test/auto/Inspection.xml (RunModel)" time="0.043" />
  <testcase classname="ptolemy.util.test.junit.AutoTests" name="[30] /home/travis/build/icyphy/ptII/ptolemy/domains/de/test/auto/Iteration.xml (RunModel)" time="0.026" />
  <testcase classname="ptolemy.util.test.junit.AutoTests" name="[31] /home/travis/build/icyphy/ptII/ptolemy/domains/de/test/auto/LineFault.xml (RunModel)" time="0.643" />
  <testcase classname="ptolemy.util.test.junit.AutoTests" name="[32] /home/travis/build/icyphy/ptII/ptolemy/domains/de/test/auto/MergeModel1Add.xml (RunModel)" time="0.053" />
  <testcase classname="ptolemy.util.test.junit.AutoTests" name="[33] /home/travis/build/icyphy/ptII/ptolemy/domains/de/test/auto/MergeModel2Add.xml (RunModel)" time="0.041" />
  <testcase classname="ptolemy.util.test.junit.AutoTests" name="[34] /home/travis/build/icyphy/ptII/ptolemy/domains/de/test/auto/MergeModel3Add.xml (RunModel)" time="0.04" />
  <testcase classname="ptolemy.util.test.junit.AutoTests" name="[35] /home/travis/build/icyphy/ptII/ptolemy/domains/de/test/auto/MergeWithoutDiscard.xml (RunModel)" time="0.024" />
  <testcase classname="ptolemy.util.test.junit.AutoTests" name="[36] /home/travis/build/icyphy/ptII/ptolemy/domains/de/test/auto/Modal1.xml (RunModel)" time="0.03" />
  <testcase classname="ptolemy.util.test.junit.AutoTests" name="[37] /home/travis/build/icyphy/ptII/ptolemy/domains/de/test/auto/Modal2.xml (RunModel)" time="0.033" />
  <testcase classname="ptolemy.util.test.junit.AutoTests" name="[38] /home/travis/build/icyphy/ptII/ptolemy/domains/de/test/auto/Modal3.xml (RunModel)" time="0.031" />
  <testcase classname="ptolemy.util.test.junit.AutoTests" name="[39] /home/travis/build/icyphy/ptII/ptolemy/domains/de/test/auto/Modal4.xml (RunModel)" time="0.037" />
  <testcase classname="ptolemy.util.test.junit.AutoTests" name="[40] /home/travis/build/icyphy/ptII/ptolemy/domains/de/test/auto/Modal5.xml (RunModel)" time="0.038" />
  <testcase classname="ptolemy.util.test.junit.AutoTests" name="[41] /home/travis/build/icyphy/ptII/ptolemy/domains/de/test/auto/Modal6.xml (RunModel)" time="0.034" />
  <testcase classname="ptolemy.util.test.junit.AutoTests" name="[42] /home/travis/build/icyphy/ptII/ptolemy/domains/de/test/auto/Modal7.xml (RunModel)" time="0.034" />
  <testcase classname="ptolemy.util.test.junit.AutoTests" name="[43] /home/travis/build/icyphy/ptII/ptolemy/domains/de/test/auto/ModalModel.xml (RunModel)" time="0.203" />
  <testcase classname="ptolemy.util.test.junit.AutoTests" name="[44] /home/travis/build/icyphy/ptII/ptolemy/domains/de/test/auto/ModalSource.xml (RunModel)" time="0.025" />
  <testcase classname="ptolemy.util.test.junit.AutoTests" name="[45] /home/travis/build/icyphy/ptII/ptolemy/domains/de/test/auto/NonInterruptibleTimerZeroDelay.xml (RunModel)" time="0.01" />
  <testcase classname="ptolemy.util.test.junit.AutoTests" name="[46] /home/travis/build/icyphy/ptII/ptolemy/domains/de/test/auto/OpenQueueingNetwork.xml (RunModel)" time="2.575" />
  <testcase classname="ptolemy.util.test.junit.AutoTests" name="[47] /home/travis/build/icyphy/ptII/ptolemy/domains/de/test/auto/OpenQueuingNetwork.xml (RunModel)" time="0.303" />
  <testcase classname="ptolemy.util.test.junit.AutoTests" name="[48] /home/travis/build/icyphy/ptII/ptolemy/domains/de/test/auto/PeriodicSampler.xml (RunModel)" time="0.015" />
  <testcase classname="ptolemy.util.test.junit.AutoTests" name="[49] /home/travis/build/icyphy/ptII/ptolemy/domains/de/test/auto/PersistentIO.xml (RunModel)" time="0.018" />
  <testcase classname="ptolemy.util.test.junit.AutoTests" name="[50] /home/travis/build/icyphy/ptII/ptolemy/domains/de/test/auto/PortParameterResetOnInitialize.xml (RunModel)" time="0.008" />
  <testcase classname="ptolemy.util.test.junit.AutoTests" name="[51] /home/travis/build/icyphy/ptII/ptolemy/domains/de/test/auto/PortParameterUpdates.xml (RunModel)" time="0.012" />
  <testcase classname="ptolemy.util.test.junit.AutoTests" name="[52] /home/travis/build/icyphy/ptII/ptolemy/domains/de/test/auto/QueueAndServer.xml (RunModel)" time="0.021" />
  <testcase classname="ptolemy.util.test.junit.AutoTests" name="[53] /home/travis/build/icyphy/ptII/ptolemy/domains/de/test/auto/Records.xml (RunModel)" time="0.019" />
  <testcase classname="ptolemy.util.test.junit.AutoTests" name="[54] /home/travis/build/icyphy/ptII/ptolemy/domains/de/test/auto/ResetTransitionWithStartTime1.xml (RunModel)" time="0.02" />
  <testcase classname="ptolemy.util.test.junit.AutoTests" name="[55] /home/travis/build/icyphy/ptII/ptolemy/domains/de/test/auto/ResetTransitionWithStartTime2.xml (RunModel)" time="0.024" />
  <testcase classname="ptolemy.util.test.junit.AutoTests" name="[56] /home/travis/build/icyphy/ptII/ptolemy/domains/de/test/auto/ResetTransitionWithStartTime3.xml (RunModel)" time="0.024" />
  <testcase classname="ptolemy.util.test.junit.AutoTests" name="[57] /home/travis/build/icyphy/ptII/ptolemy/domains/de/test/auto/ResetTransitionWithStartTime4.xml (RunModel)" time="0.02" />
  <testcase classname="ptolemy.util.test.junit.AutoTests" name="[58] /home/travis/build/icyphy/ptII/ptolemy/domains/de/test/auto/ResettableTimer1.xml (RunModel)" time="0.012" />
  <testcase classname="ptolemy.util.test.junit.AutoTests" name="[59] /home/travis/build/icyphy/ptII/ptolemy/domains/de/test/auto/ResettableTimer2.xml (RunModel)" time="0.011" />
  <testcase classname="ptolemy.util.test.junit.AutoTests" name="[60] /home/travis/build/icyphy/ptII/ptolemy/domains/de/test/auto/ResettableTimer3.xml (RunModel)" time="0.011" />
  <testcase classname="ptolemy.util.test.junit.AutoTests" name="[61] /home/travis/build/icyphy/ptII/ptolemy/domains/de/test/auto/ResettableTimer4.xml (RunModel)" time="0.015" />
  <testcase classname="ptolemy.util.test.junit.AutoTests" name="[62] /home/travis/build/icyphy/ptII/ptolemy/domains/de/test/auto/ResettableTimer5.xml (RunModel)" time="0.009" />
  <testcase classname="ptolemy.util.test.junit.AutoTests" name="[63] /home/travis/build/icyphy/ptII/ptolemy/domains/de/test/auto/ResettableTimer6.xml (RunModel)" time="0.017" />
  <testcase classname="ptolemy.util.test.junit.AutoTests" name="[64] /home/travis/build/icyphy/ptII/ptolemy/domains/de/test/auto/ServerZeroDelay.xml (RunModel)" time="0.009" />
  <testcase classname="ptolemy.util.test.junit.AutoTests" name="[65] /home/travis/build/icyphy/ptII/ptolemy/domains/de/test/auto/SmartSender.xml (RunModel)" time="3.008" />
  <testcase classname="ptolemy.util.test.junit.AutoTests" name="[66] /home/travis/build/icyphy/ptII/ptolemy/domains/de/test/auto/ThreadedComposite.xml (RunModel)" time="0.122" />
  <testcase classname="ptolemy.util.test.junit.AutoTests" name="[67] /home/travis/build/icyphy/ptII/ptolemy/domains/de/test/auto/Time.xml (RunModel)" time="0.436" />
  <testcase classname="ptolemy.util.test.junit.AutoTests" name="[68] /home/travis/build/icyphy/ptII/ptolemy/domains/de/test/auto/TimeDelayZeroDelay.xml (RunModel)" time="0.015" />
  <testcase classname="ptolemy.util.test.junit.AutoTests" name="[69] /home/travis/build/icyphy/ptII/ptolemy/domains/de/test/auto/TimerZeroDelay.xml (RunModel)" time="0.015" />
  <testcase classname="ptolemy.util.test.junit.AutoTests" name="[70] /home/travis/build/icyphy/ptII/ptolemy/domains/de/test/auto/TimingParadox.xml (RunModel)" time="0.404" />
  <testcase classname="ptolemy.util.test.junit.AutoTests" name="[71] /home/travis/build/icyphy/ptII/ptolemy/domains/de/test/auto/TransferInputs.xml (RunModel)" time="0.014" />
  <testcase classname="ptolemy.util.test.junit.AutoTests" name="[72] /home/travis/build/icyphy/ptII/ptolemy/domains/de/test/auto/TransferOutputs2.xml (RunModel)" time="0.017" />
  <testcase classname="ptolemy.util.test.junit.AutoTests" name="[73] /home/travis/build/icyphy/ptII/ptolemy/domains/de/test/auto/Trilateration.xml (RunModel)" time="13.451" />
  <testcase classname="ptolemy.util.test.junit.AutoTests" name="[74] /home/travis/build/icyphy/ptII/ptolemy/domains/de/test/auto/TwoSigmaDelta.xml (RunModel)" time="2.18" />
  <testcase classname="ptolemy.util.test.junit.AutoTests" name="[75] /home/travis/build/icyphy/ptII/ptolemy/domains/de/test/auto/VariableDelay.xml (RunModel)" time="0.015" />
  <testcase classname="ptolemy.util.test.junit.AutoTests" name="[76] /home/travis/build/icyphy/ptII/ptolemy/domains/de/test/auto/VariableDelay2.xml (RunModel)" time="0.016" />
  <testcase classname="ptolemy.util.test.junit.AutoTests" name="[77] /home/travis/build/icyphy/ptII/ptolemy/domains/de/test/auto/VariableDelayZeroDelay.xml (RunModel)" time="0.013" />
  <testcase classname="ptolemy.util.test.junit.AutoTests" name="[78] /home/travis/build/icyphy/ptII/ptolemy/domains/de/test/auto/VariableDelayZeroDelay2.xml (RunModel)" time="0.01" />
  <testcase classname="ptolemy.util.test.junit.AutoTests" name="[79] /home/travis/build/icyphy/ptII/ptolemy/domains/de/test/auto/deInCt.xml (RunModel)" time="0.017" />
  <testcase classname="ptolemy.util.test.junit.AutoTests" name="[80] /home/travis/build/icyphy/ptII/ptolemy/domains/de/test/auto/deInCt2.xml (RunModel)" time="0.019" />
  <testcase classname="ptolemy.util.test.junit.AutoTests" name="[81] /home/travis/build/icyphy/ptII/ptolemy/domains/de/test/auto/dynamicCausalityInterface1.xml (RunModel)" time="0.02" />
  <testcase classname="ptolemy.util.test.junit.AutoTests" name="[82] /home/travis/build/icyphy/ptII/ptolemy/domains/de/test/auto/fsm_de_test.xml (RunModel)" time="0.023" />
  <testcase classname="ptolemy.util.test.junit.AutoTests" name="[83] /home/travis/build/icyphy/ptII/ptolemy/domains/de/test/auto/functionDependencyReconstruction.xml (RunModel)" time="0.029" />
  <testcase classname="ptolemy.util.test.junit.AutoTests" name="[84] /home/travis/build/icyphy/ptII/ptolemy/domains/de/test/auto/multirate.xml (RunModel)" time="0.015" />
  <testcase classname="ptolemy.util.test.junit.AutoTests" name="[85] /home/travis/build/icyphy/ptII/ptolemy/domains/de/test/auto/multirate2.xml (RunModel)" time="0.014" />
  <testcase classname="ptolemy.util.test.junit.AutoTests" name="[86] /home/travis/build/icyphy/ptII/ptolemy/domains/de/test/auto/realtime.xml (RunModel)" time="10.013" />
  <testcase classname="ptolemy.util.test.junit.AutoTests" name="[87] /home/travis/build/icyphy/ptII/ptolemy/domains/de/test/auto/relationGroup.xml (RunModel)" time="0.013" />
  <testcase classname="ptolemy.util.test.junit.AutoTests" name="[88] /home/travis/build/icyphy/ptII/ptolemy/domains/de/test/auto/relationGroup2.xml (RunModel)" time="0.007" />
  <testcase classname="ptolemy.util.test.junit.AutoTests" name="[89] /home/travis/build/icyphy/ptII/ptolemy/domains/de/test/auto/sortWithOpaquePorts.xml (RunModel)" time="0.013" />
  <testcase classname="ptolemy.util.test.junit.AutoTests" name="[90] /home/travis/build/icyphy/ptII/ptolemy/domains/de/test/auto/transferInputsandOutputs.xml (RunModel)" time="0.022" />
  <testcase classname="ptolemy.util.test.junit.AutoTests" name="[91] /home/travis/build/icyphy/ptII/ptolemy/domains/de/test/auto/triggerType.xml (RunModel)" time="0.025" />
  <system-out><![CDATA[/home/travis/build/icyphy/ptII/ptolemy/domains/de/test/DependencyLoop.tcl
testDefs.tcl: setting time out to 9000 seconds at Tue Sep 03 05:32:36 UTC 2019
112 ms. Memory: 120832K Free: 72133K (60%)
37 ms. Memory: 120832K Free: 54719K (45%)
/home/travis/build/icyphy/ptII/ptolemy/domains/de/test/RunDETestsAsQSS.tcl
Run the DE tests using ptolemy.domains.qss.test.QSSDirectorTest, which extends QSSDirector and prints a message in the constructors.
------------------ testing $PTII/ptolemy/domains/de/test/auto/knownFailedTests/DirectFeedback.xml (Known Failure) 
76 ms. Memory: 120832K Free: 49095K (41%)


==== $PTIIhome/travis/build/icyphy/ptII/ptolemy/domains/de/test/../../../../: Auto Automatic test in file $PTII/ptolemy/domains/de/test/auto/knownFailedTests/DirectFeedback.xml
==== Contents of test case:

	    # FIXME: we should use $relativeFilename here, but it
	    # might have backslashes under Windows, which causes no end
	    # of trouble.
	    createAndExecute $file
	    list {}
	
.... Test generated KNOWN error:
    while executing
ptolemy.kernel.util.IllegalActionException: Test fails in iteration 1.
Value was: 1.0. Should have been: 2.0
  in .DirectFeedback.Test
	at ptolemy.actor.lib.Test.fire(Test.java:268)
	at ptolemy.domains.de.kernel.DEDirector._fire(DEDirector.java:1949)
	at ptolemy.domains.de.kernel.DEDirector.fire(DEDirector.java:502)
	at ptolemy.actor.CompositeActor.fire(CompositeActor.java:455)
	at ptolemy.actor.Manager.iterate(Manager.java:851)
	at ptolemy.actor.Manager.execute(Manager.java:369)
	at ptolemy.actor.Manager.run(Manager.java:1263)
	at ptolemy.actor.Manager$PtolemyRunThread.run(Manager.java:1933)

    while executing
ptolemy.kernel.util.IllegalActionException: Test fails in iteration 1.
Value was: 1.0. Should have been: 2.0
  in .DirectFeedback.Test
    while executing
"java::new ptolemy.moml.MoMLSimpleApplication $file
"
    (procedure "createAndExecute" line 2)
    invoked from within
"createAndExecute $file"
    ("uplevel" body line 5)
    invoked from within
"uplevel $contents_of_test"
------------------ testing $PTII/ptolemy/domains/de/test/auto/knownFailedTests/dependencyLoop.xml (Known Failure) 
21 ms. Memory: 120832K Free: 46023K (38%)


==== $PTIIhome/travis/build/icyphy/ptII/ptolemy/domains/de/test/../../../../: Auto Automatic test in file $PTII/ptolemy/domains/de/test/auto/knownFailedTests/dependencyLoop.xml
==== Contents of test case:

	    # FIXME: we should use $relativeFilename here, but it
	    # might have backslashes under Windows, which causes no end
	    # of trouble.
	    createAndExecute $file
	    list {}
	
.... Test generated KNOWN error:
    while executing
ptolemy.kernel.util.IllegalActionException: Found a zero delay loop containing .dependencyLoop.original
  in .dependencyLoop and .dependencyLoop.original
	at ptolemy.actor.util.CausalityInterfaceForComposites._computeOutputPortDepth(CausalityInterfaceForComposites.java:759)
	at ptolemy.actor.util.CausalityInterfaceForComposites._computeInputDepth(CausalityInterfaceForComposites.java:696)
	at ptolemy.actor.util.CausalityInterfaceForComposites._computeOutputPortDepth(CausalityInterfaceForComposites.java:765)
	at ptolemy.actor.util.CausalityInterfaceForComposites._computeInputDepth(CausalityInterfaceForComposites.java:696)
	at ptolemy.actor.util.CausalityInterfaceForComposites._computeOutputPortDepth(CausalityInterfaceForComposites.java:765)
	at ptolemy.actor.util.CausalityInterfaceForComposites._computeInputDepth(CausalityInterfaceForComposites.java:696)
	at ptolemy.actor.util.CausalityInterfaceForComposites._computeActorDepth(CausalityInterfaceForComposites.java:532)
	at ptolemy.actor.util.CausalityInterfaceForComposites.checkForCycles(CausalityInterfaceForComposites.java:96)
	at ptolemy.domains.de.kernel.DEDirector.preinitialize(DEDirector.java:1338)
	at ptolemy.actor.CompositeActor.preinitialize(CompositeActor.java:1828)
	at ptolemy.actor.Manager.preinitializeAndResolveTypes(Manager.java:1040)
	at ptolemy.actor.Manager.initialize(Manager.java:710)
	at ptolemy.actor.Manager.execute(Manager.java:356)
	at ptolemy.actor.Manager.run(Manager.java:1263)
	at ptolemy.actor.Manager$PtolemyRunThread.run(Manager.java:1933)

    while executing
ptolemy.kernel.util.IllegalActionException: Found a zero delay loop containing .dependencyLoop.original
  in .dependencyLoop and .dependencyLoop.original
    while executing
"java::new ptolemy.moml.MoMLSimpleApplication $file
"
    (procedure "createAndExecute" line 2)
    invoked from within
"createAndExecute $file"
    ("uplevel" body line 5)
    invoked from within
"uplevel $contents_of_test"
------------------ testing $PTII/ptolemy/domains/de/test/auto/knownFailedTests/FSMSource.xml (Known Failure) 
58 ms. Memory: 120832K Free: 99575K (82%)
!!!! Auto was marked as failing, but now passes
------------------ testing $PTII/ptolemy/domains/de/test/auto/knownFailedTests/HierarchicalModel.xml (Known Failure) 
10 ms. Memory: 120832K Free: 82143K (68%)


==== $PTIIhome/travis/build/icyphy/ptII/ptolemy/domains/de/test/../../../../: Auto Automatic test in file $PTII/ptolemy/domains/de/test/auto/knownFailedTests/HierarchicalModel.xml
==== Contents of test case:

	    # FIXME: we should use $relativeFilename here, but it
	    # might have backslashes under Windows, which causes no end
	    # of trouble.
	    createAndExecute $file
	    list {}
	
.... Test generated KNOWN error:
    while executing
ptolemy.kernel.util.IllegalActionException: Found a zero delay loop containing .HierarchicalModel.A
  in .HierarchicalModel and .HierarchicalModel.A
	at ptolemy.actor.util.CausalityInterfaceForComposites._computeOutputPortDepth(CausalityInterfaceForComposites.java:759)
	at ptolemy.actor.util.CausalityInterfaceForComposites._computeInputDepth(CausalityInterfaceForComposites.java:696)
	at ptolemy.actor.util.CausalityInterfaceForComposites._computeOutputPortDepth(CausalityInterfaceForComposites.java:765)
	at ptolemy.actor.util.CausalityInterfaceForComposites._computeInputDepth(CausalityInterfaceForComposites.java:696)
	at ptolemy.actor.util.CausalityInterfaceForComposites._computeOutputPortDepth(CausalityInterfaceForComposites.java:765)
	at ptolemy.actor.util.CausalityInterfaceForComposites._computeInputDepth(CausalityInterfaceForComposites.java:696)
	at ptolemy.actor.util.CausalityInterfaceForComposites._computeActorDepth(CausalityInterfaceForComposites.java:532)
	at ptolemy.actor.util.CausalityInterfaceForComposites.checkForCycles(CausalityInterfaceForComposites.java:96)
	at ptolemy.domains.de.kernel.DEDirector.preinitialize(DEDirector.java:1338)
	at ptolemy.actor.CompositeActor.preinitialize(CompositeActor.java:1828)
	at ptolemy.actor.Manager.preinitializeAndResolveTypes(Manager.java:1040)
	at ptolemy.actor.Manager.initialize(Manager.java:710)
	at ptolemy.actor.Manager.execute(Manager.java:356)
	at ptolemy.actor.Manager.run(Manager.java:1263)
	at ptolemy.actor.Manager$PtolemyRunThread.run(Manager.java:1933)

    while executing
ptolemy.kernel.util.IllegalActionException: Found a zero delay loop containing .HierarchicalModel.A
  in .HierarchicalModel and .HierarchicalModel.A
    while executing
"java::new ptolemy.moml.MoMLSimpleApplication $file
"
    (procedure "createAndExecute" line 2)
    invoked from within
"createAndExecute $file"
    ("uplevel" body line 5)
    invoked from within
"uplevel $contents_of_test"
------------------ testing $PTII/ptolemy/domains/de/test/auto/knownFailedTests/dependencyLoop2.xml (Known Failure) 
12 ms. Memory: 120832K Free: 66251K (55%)


==== $PTIIhome/travis/build/icyphy/ptII/ptolemy/domains/de/test/../../../../: Auto Automatic test in file $PTII/ptolemy/domains/de/test/auto/knownFailedTests/dependencyLoop2.xml
==== Contents of test case:

	    # FIXME: we should use $relativeFilename here, but it
	    # might have backslashes under Windows, which causes no end
	    # of trouble.
	    createAndExecute $file
	    list {}
	
.... Test generated KNOWN error:
    while executing
ptolemy.kernel.util.IllegalActionException: Found a zero delay loop containing .dependencyLoop2.original
  in .dependencyLoop2 and .dependencyLoop2.original
	at ptolemy.actor.util.CausalityInterfaceForComposites._computeOutputPortDepth(CausalityInterfaceForComposites.java:759)
	at ptolemy.actor.util.CausalityInterfaceForComposites._computeInputDepth(CausalityInterfaceForComposites.java:696)
	at ptolemy.actor.util.CausalityInterfaceForComposites._computeOutputPortDepth(CausalityInterfaceForComposites.java:765)
	at ptolemy.actor.util.CausalityInterfaceForComposites._computeInputDepth(CausalityInterfaceForComposites.java:696)
	at ptolemy.actor.util.CausalityInterfaceForComposites._computeOutputPortDepth(CausalityInterfaceForComposites.java:765)
	at ptolemy.actor.util.CausalityInterfaceForComposites._computeInputDepth(CausalityInterfaceForComposites.java:696)
	at ptolemy.actor.util.CausalityInterfaceForComposites._computeActorDepth(CausalityInterfaceForComposites.java:532)
	at ptolemy.actor.util.CausalityInterfaceForComposites.checkForCycles(CausalityInterfaceForComposites.java:96)
	at ptolemy.domains.de.kernel.DEDirector.preinitialize(DEDirector.java:1338)
	at ptolemy.actor.CompositeActor.preinitialize(CompositeActor.java:1828)
	at ptolemy.actor.Manager.preinitializeAndResolveTypes(Manager.java:1040)
	at ptolemy.actor.Manager.initialize(Manager.java:710)
	at ptolemy.actor.Manager.execute(Manager.java:356)
	at ptolemy.actor.Manager.run(Manager.java:1263)
	at ptolemy.actor.Manager$PtolemyRunThread.run(Manager.java:1933)

    while executing
ptolemy.kernel.util.IllegalActionException: Found a zero delay loop containing .dependencyLoop2.original
  in .dependencyLoop2 and .dependencyLoop2.original
    while executing
"java::new ptolemy.moml.MoMLSimpleApplication $file
"
    (procedure "createAndExecute" line 2)
    invoked from within
"createAndExecute $file"
    ("uplevel" body line 5)
    invoked from within
"uplevel $contents_of_test"
------------------ testing $PTII/ptolemy/domains/de/test/auto/knownFailedTests/DESDFClockTest.xml (Known Failure) 
2071 ms. Memory: 120832K Free: 95620K (79%)


==== $PTIIhome/travis/build/icyphy/ptII/ptolemy/domains/de/test/../../../../: Auto Automatic test in file $PTII/ptolemy/domains/de/test/auto/knownFailedTests/DESDFClockTest.xml
==== Contents of test case:

	    # FIXME: we should use $relativeFilename here, but it
	    # might have backslashes under Windows, which causes no end
	    # of trouble.
	    createAndExecute $file
	    list {}
	
.... Test generated KNOWN error:
    while executing
ptolemy.kernel.util.IllegalActionException: Actor is not ready to fire.  Perhaps UpSample.prefire() returned false? Try debugging the actor by selecting "Listen to Actor".  Also, for SDF check moml for tokenConsumptionRate on input.
  in .DESDFClockTest.Play Bell.Copy1:SDF Director and .DESDFClockTest.Play Bell.UpSample
	at ptolemy.actor.sched.StaticSchedulingDirector.fire(StaticSchedulingDirector.java:227)
	at ptolemy.domains.sdf.kernel.SDFDirector.fire(SDFDirector.java:500)
	at ptolemy.actor.CompositeActor.fire(CompositeActor.java:455)
	at ptolemy.domains.de.kernel.DEDirector._fire(DEDirector.java:1949)
	at ptolemy.domains.de.kernel.DEDirector.fire(DEDirector.java:502)
	at ptolemy.actor.CompositeActor.fire(CompositeActor.java:455)
	at ptolemy.actor.Manager.iterate(Manager.java:851)
	at ptolemy.actor.Manager.execute(Manager.java:369)
	at ptolemy.actor.Manager.run(Manager.java:1263)
	at ptolemy.actor.Manager$PtolemyRunThread.run(Manager.java:1933)

    while executing
ptolemy.kernel.util.IllegalActionException: Actor is not ready to fire.  Perhaps UpSample.prefire() returned false? Try debugging the actor by selecting "Listen to Actor".  Also, for SDF check moml for tokenConsumptionRate on input.
  in .DESDFClockTest.Play Bell.Copy1:SDF Director and .DESDFClockTest.Play Bell.UpSample
    while executing
"java::new ptolemy.moml.MoMLSimpleApplication $file
"
    (procedure "createAndExecute" line 2)
    invoked from within
"createAndExecute $file"
    ("uplevel" body line 5)
    invoked from within
"uplevel $contents_of_test"
------------------ testing $PTII/ptolemy/domains/de/test/auto/ActorDepthCalculation_actorWithoutPorts.xml
auto.tcl: Setting watchdog for 200 seconds at Tue Sep 03 05:32:40 UTC 2019
9 ms. Memory: 120832K Free: 88044K (73%)
ptolemy.util.test.WatchDog.cancel(): canceling Tue Sep 03 05:32:40 UTC 2019
auto.tcl: Setting watchdog for 200 seconds at Tue Sep 03 05:32:40 UTC 2019
9 ms. Memory: 120832K Free: 86884K (72%)
ptolemy.util.test.WatchDog.cancel(): canceling Tue Sep 03 05:32:40 UTC 2019
------------------ testing $PTII/ptolemy/domains/de/test/auto/AssemblyLine.xml
auto.tcl: Setting watchdog for 200 seconds at Tue Sep 03 05:32:41 UTC 2019
9 ms. Memory: 48128K Free: 26050K (54%)
ptolemy.util.test.WatchDog.cancel(): canceling Tue Sep 03 05:32:41 UTC 2019
auto.tcl: Setting watchdog for 200 seconds at Tue Sep 03 05:32:41 UTC 2019
14 ms. Memory: 48128K Free: 25309K (53%)
ptolemy.util.test.WatchDog.cancel(): canceling Tue Sep 03 05:32:41 UTC 2019
------------------ testing $PTII/ptolemy/domains/de/test/auto/CQBug1.xml
auto.tcl: Setting watchdog for 200 seconds at Tue Sep 03 05:32:41 UTC 2019
4 ms. Memory: 48128K Free: 31997K (66%)
ptolemy.util.test.WatchDog.cancel(): canceling Tue Sep 03 05:32:41 UTC 2019
auto.tcl: Setting watchdog for 200 seconds at Tue Sep 03 05:32:41 UTC 2019
4 ms. Memory: 48128K Free: 31381K (65%)
ptolemy.util.test.WatchDog.cancel(): canceling Tue Sep 03 05:32:41 UTC 2019
------------------ testing $PTII/ptolemy/domains/de/test/auto/CancelFireAt.xml
auto.tcl: Setting watchdog for 200 seconds at Tue Sep 03 05:32:41 UTC 2019
4 ms. Memory: 48128K Free: 32743K (68%)
ptolemy.util.test.WatchDog.cancel(): canceling Tue Sep 03 05:32:41 UTC 2019
auto.tcl: Setting watchdog for 200 seconds at Tue Sep 03 05:32:41 UTC 2019
2 ms. Memory: 48128K Free: 32312K (67%)
ptolemy.util.test.WatchDog.cancel(): canceling Tue Sep 03 05:32:41 UTC 2019
------------------ testing $PTII/ptolemy/domains/de/test/auto/CausalityAndComposabilityAnalysis.xml
auto.tcl: Setting watchdog for 200 seconds at Tue Sep 03 05:32:41 UTC 2019
21 ms. Memory: 48128K Free: 30748K (64%)
ptolemy.util.test.WatchDog.cancel(): canceling Tue Sep 03 05:32:41 UTC 2019
auto.tcl: Setting watchdog for 200 seconds at Tue Sep 03 05:32:41 UTC 2019
14 ms. Memory: 48128K Free: 29972K (62%)
ptolemy.util.test.WatchDog.cancel(): canceling Tue Sep 03 05:32:41 UTC 2019
------------------ testing $PTII/ptolemy/domains/de/test/auto/CausalityInterface1.xml
auto.tcl: Setting watchdog for 200 seconds at Tue Sep 03 05:32:41 UTC 2019
46 ms. Memory: 48128K Free: 29312K (61%)
ptolemy.util.test.WatchDog.cancel(): canceling Tue Sep 03 05:32:41 UTC 2019
auto.tcl: Setting watchdog for 200 seconds at Tue Sep 03 05:32:41 UTC 2019
9 ms. Memory: 48128K Free: 28453K (59%)
ptolemy.util.test.WatchDog.cancel(): canceling Tue Sep 03 05:32:41 UTC 2019
------------------ testing $PTII/ptolemy/domains/de/test/auto/CausalityInterface15.xml
auto.tcl: Setting watchdog for 200 seconds at Tue Sep 03 05:32:41 UTC 2019
11 ms. Memory: 48128K Free: 29188K (61%)
ptolemy.util.test.WatchDog.cancel(): canceling Tue Sep 03 05:32:41 UTC 2019
auto.tcl: Setting watchdog for 200 seconds at Tue Sep 03 05:32:41 UTC 2019
6 ms. Memory: 48128K Free: 27964K (58%)
ptolemy.util.test.WatchDog.cancel(): canceling Tue Sep 03 05:32:42 UTC 2019
------------------ testing $PTII/ptolemy/domains/de/test/auto/CausalityInterface2.xml
auto.tcl: Setting watchdog for 200 seconds at Tue Sep 03 05:32:42 UTC 2019
6 ms. Memory: 45056K Free: 27096K (60%)
ptolemy.util.test.WatchDog.cancel(): canceling Tue Sep 03 05:32:42 UTC 2019
auto.tcl: Setting watchdog for 200 seconds at Tue Sep 03 05:32:42 UTC 2019
4 ms. Memory: 45056K Free: 26339K (58%)
ptolemy.util.test.WatchDog.cancel(): canceling Tue Sep 03 05:32:42 UTC 2019
------------------ testing $PTII/ptolemy/domains/de/test/auto/CausalityInterface3.xml
auto.tcl: Setting watchdog for 200 seconds at Tue Sep 03 05:32:42 UTC 2019
4 ms. Memory: 45056K Free: 26557K (59%)
ptolemy.util.test.WatchDog.cancel(): canceling Tue Sep 03 05:32:42 UTC 2019
auto.tcl: Setting watchdog for 200 seconds at Tue Sep 03 05:32:42 UTC 2019
4 ms. Memory: 45056K Free: 25761K (57%)
ptolemy.util.test.WatchDog.cancel(): canceling Tue Sep 03 05:32:42 UTC 2019
------------------ testing $PTII/ptolemy/domains/de/test/auto/ClockDrift.xml
auto.tcl: Setting watchdog for 200 seconds at Tue Sep 03 05:32:42 UTC 2019
122 ms. Memory: 45056K Free: 19152K (43%)
ptolemy.util.test.WatchDog.cancel(): canceling Tue Sep 03 05:32:42 UTC 2019
auto.tcl: Setting watchdog for 200 seconds at Tue Sep 03 05:32:42 UTC 2019
91 ms. Memory: 45056K Free: 16136K (36%)
ptolemy.util.test.WatchDog.cancel(): canceling Tue Sep 03 05:32:42 UTC 2019
------------------ testing $PTII/ptolemy/domains/de/test/auto/ClockDriftAndValueChange.xml
auto.tcl: Setting watchdog for 200 seconds at Tue Sep 03 05:32:42 UTC 2019
41 ms. Memory: 45056K Free: 19219K (43%)
ptolemy.util.test.WatchDog.cancel(): canceling Tue Sep 03 05:32:42 UTC 2019
auto.tcl: Setting watchdog for 200 seconds at Tue Sep 03 05:32:42 UTC 2019
31 ms. Memory: 45056K Free: 16374K (36%)
ptolemy.util.test.WatchDog.cancel(): canceling Tue Sep 03 05:32:42 UTC 2019
------------------ testing $PTII/ptolemy/domains/de/test/auto/ClockDriftChange.xml
auto.tcl: Setting watchdog for 200 seconds at Tue Sep 03 05:32:42 UTC 2019
24 ms. Memory: 45056K Free: 21267K (47%)
ptolemy.util.test.WatchDog.cancel(): canceling Tue Sep 03 05:32:42 UTC 2019
auto.tcl: Setting watchdog for 200 seconds at Tue Sep 03 05:32:42 UTC 2019
33 ms. Memory: 45056K Free: 18711K (42%)
ptolemy.util.test.WatchDog.cancel(): canceling Tue Sep 03 05:32:42 UTC 2019
------------------ testing $PTII/ptolemy/domains/de/test/auto/ComposableCausalityAnalysis.xml
auto.tcl: Setting watchdog for 200 seconds at Tue Sep 03 05:32:42 UTC 2019
3 ms. Memory: 45056K Free: 25690K (57%)
ptolemy.util.test.WatchDog.cancel(): canceling Tue Sep 03 05:32:42 UTC 2019
auto.tcl: Setting watchdog for 200 seconds at Tue Sep 03 05:32:42 UTC 2019
5 ms. Memory: 45056K Free: 24625K (55%)
ptolemy.util.test.WatchDog.cancel(): canceling Tue Sep 03 05:32:42 UTC 2019
------------------ testing $PTII/ptolemy/domains/de/test/auto/DEFixedPointLimitation.xml
auto.tcl: Setting watchdog for 200 seconds at Tue Sep 03 05:32:43 UTC 2019
2 ms. Memory: 45056K Free: 27002K (60%)
ptolemy.util.test.WatchDog.cancel(): canceling Tue Sep 03 05:32:43 UTC 2019
auto.tcl: Setting watchdog for 200 seconds at Tue Sep 03 05:32:43 UTC 2019
1 ms. Memory: 45056K Free: 26106K (58%)
ptolemy.util.test.WatchDog.cancel(): canceling Tue Sep 03 05:32:43 UTC 2019
------------------ testing $PTII/ptolemy/domains/de/test/auto/DEScheduleTest.xml
auto.tcl: Setting watchdog for 200 seconds at Tue Sep 03 05:32:43 UTC 2019
7 ms. Memory: 45056K Free: 27255K (60%)
ptolemy.util.test.WatchDog.cancel(): canceling Tue Sep 03 05:32:43 UTC 2019
auto.tcl: Setting watchdog for 200 seconds at Tue Sep 03 05:32:43 UTC 2019
4 ms. Memory: 45056K Free: 26528K (59%)
ptolemy.util.test.WatchDog.cancel(): canceling Tue Sep 03 05:32:43 UTC 2019
------------------ testing $PTII/ptolemy/domains/de/test/auto/DEinDEwithStartTimes.xml
auto.tcl: Setting watchdog for 200 seconds at Tue Sep 03 05:32:43 UTC 2019
5 ms. Memory: 45056K Free: 25474K (57%)
ptolemy.util.test.WatchDog.cancel(): canceling Tue Sep 03 05:32:43 UTC 2019
auto.tcl: Setting watchdog for 200 seconds at Tue Sep 03 05:32:43 UTC 2019
4 ms. Memory: 45056K Free: 24066K (53%)
ptolemy.util.test.WatchDog.cancel(): canceling Tue Sep 03 05:32:43 UTC 2019
------------------ testing $PTII/ptolemy/domains/de/test/auto/DEinDEwithStartTimes2.xml
auto.tcl: Setting watchdog for 200 seconds at Tue Sep 03 05:32:43 UTC 2019
6 ms. Memory: 45056K Free: 24710K (55%)
ptolemy.util.test.WatchDog.cancel(): canceling Tue Sep 03 05:32:43 UTC 2019
auto.tcl: Setting watchdog for 200 seconds at Tue Sep 03 05:32:43 UTC 2019
4 ms. Memory: 45056K Free: 23386K (52%)
ptolemy.util.test.WatchDog.cancel(): canceling Tue Sep 03 05:32:43 UTC 2019
------------------ testing $PTII/ptolemy/domains/de/test/auto/DateDemo.xml
auto.tcl: Setting watchdog for 200 seconds at Tue Sep 03 05:32:43 UTC 2019
27 ms. Memory: 45056K Free: 19047K (42%)
ptolemy.util.test.WatchDog.cancel(): canceling Tue Sep 03 05:32:43 UTC 2019
auto.tcl: Setting watchdog for 200 seconds at Tue Sep 03 05:32:43 UTC 2019
11 ms. Memory: 45056K Free: 17505K (39%)
ptolemy.util.test.WatchDog.cancel(): canceling Tue Sep 03 05:32:43 UTC 2019
------------------ testing $PTII/ptolemy/domains/de/test/auto/DateToEvent.xml
auto.tcl: Setting watchdog for 200 seconds at Tue Sep 03 05:32:43 UTC 2019
2012 ms. Memory: 45056K Free: 14947K (33%)
ptolemy.util.test.WatchDog.cancel(): canceling Tue Sep 03 05:32:45 UTC 2019
auto.tcl: Setting watchdog for 200 seconds at Tue Sep 03 05:32:45 UTC 2019
2007 ms. Memory: 45056K Free: 14238K (32%)
ptolemy.util.test.WatchDog.cancel(): canceling Tue Sep 03 05:32:47 UTC 2019
------------------ testing $PTII/ptolemy/domains/de/test/auto/DepthTest1.xml
auto.tcl: Setting watchdog for 200 seconds at Tue Sep 03 05:32:47 UTC 2019
3 ms. Memory: 45056K Free: 28219K (63%)
ptolemy.util.test.WatchDog.cancel(): canceling Tue Sep 03 05:32:47 UTC 2019
auto.tcl: Setting watchdog for 200 seconds at Tue Sep 03 05:32:47 UTC 2019
1 ms. Memory: 45056K Free: 27728K (62%)
ptolemy.util.test.WatchDog.cancel(): canceling Tue Sep 03 05:32:47 UTC 2019
------------------ testing $PTII/ptolemy/domains/de/test/auto/DepthTest2.xml
auto.tcl: Setting watchdog for 200 seconds at Tue Sep 03 05:32:47 UTC 2019
14 ms. Memory: 45056K Free: 24911K (55%)
ptolemy.util.test.WatchDog.cancel(): canceling Tue Sep 03 05:32:47 UTC 2019
auto.tcl: Setting watchdog for 200 seconds at Tue Sep 03 05:32:47 UTC 2019
3 ms. Memory: 45056K Free: 24530K (54%)
ptolemy.util.test.WatchDog.cancel(): canceling Tue Sep 03 05:32:47 UTC 2019
------------------ testing $PTII/ptolemy/domains/de/test/auto/DepthTest3.xml
auto.tcl: Setting watchdog for 200 seconds at Tue Sep 03 05:32:47 UTC 2019
3 ms. Memory: 45056K Free: 28423K (63%)
ptolemy.util.test.WatchDog.cancel(): canceling Tue Sep 03 05:32:47 UTC 2019
auto.tcl: Setting watchdog for 200 seconds at Tue Sep 03 05:32:47 UTC 2019
2 ms. Memory: 45056K Free: 28032K (62%)
ptolemy.util.test.WatchDog.cancel(): canceling Tue Sep 03 05:32:47 UTC 2019
------------------ testing $PTII/ptolemy/domains/de/test/auto/DepthTest4.xml
auto.tcl: Setting watchdog for 200 seconds at Tue Sep 03 05:32:47 UTC 2019
4 ms. Memory: 45056K Free: 26780K (59%)
ptolemy.util.test.WatchDog.cancel(): canceling Tue Sep 03 05:32:47 UTC 2019
auto.tcl: Setting watchdog for 200 seconds at Tue Sep 03 05:32:47 UTC 2019
3 ms. Memory: 45056K Free: 26045K (58%)
ptolemy.util.test.WatchDog.cancel(): canceling Tue Sep 03 05:32:47 UTC 2019
------------------ testing $PTII/ptolemy/domains/de/test/auto/DepthTest5.xml
auto.tcl: Setting watchdog for 200 seconds at Tue Sep 03 05:32:48 UTC 2019
7 ms. Memory: 45056K Free: 25933K (58%)
ptolemy.util.test.WatchDog.cancel(): canceling Tue Sep 03 05:32:48 UTC 2019
auto.tcl: Setting watchdog for 200 seconds at Tue Sep 03 05:32:48 UTC 2019
2 ms. Memory: 45056K Free: 25552K (57%)
ptolemy.util.test.WatchDog.cancel(): canceling Tue Sep 03 05:32:48 UTC 2019
------------------ testing $PTII/ptolemy/domains/de/test/auto/DepthTest6.xml
auto.tcl: Setting watchdog for 200 seconds at Tue Sep 03 05:32:48 UTC 2019
4 ms. Memory: 45056K Free: 25919K (58%)
ptolemy.util.test.WatchDog.cancel(): canceling Tue Sep 03 05:32:48 UTC 2019
auto.tcl: Setting watchdog for 200 seconds at Tue Sep 03 05:32:48 UTC 2019
3 ms. Memory: 45056K Free: 25514K (57%)
ptolemy.util.test.WatchDog.cancel(): canceling Tue Sep 03 05:32:48 UTC 2019
------------------ testing $PTII/ptolemy/domains/de/test/auto/DepthTest7.xml
auto.tcl: Setting watchdog for 200 seconds at Tue Sep 03 05:32:48 UTC 2019
4 ms. Memory: 45056K Free: 26705K (59%)
ptolemy.util.test.WatchDog.cancel(): canceling Tue Sep 03 05:32:48 UTC 2019
auto.tcl: Setting watchdog for 200 seconds at Tue Sep 03 05:32:48 UTC 2019
3 ms. Memory: 45056K Free: 25961K (58%)
ptolemy.util.test.WatchDog.cancel(): canceling Tue Sep 03 05:32:48 UTC 2019
------------------ testing $PTII/ptolemy/domains/de/test/auto/EventToDate.xml
auto.tcl: Setting watchdog for 200 seconds at Tue Sep 03 05:32:48 UTC 2019
3006 ms. Memory: 45056K Free: 17187K (38%)
ptolemy.util.test.WatchDog.cancel(): canceling Tue Sep 03 05:32:51 UTC 2019
auto.tcl: Setting watchdog for 200 seconds at Tue Sep 03 05:32:51 UTC 2019
3005 ms. Memory: 45056K Free: 16423K (36%)
ptolemy.util.test.WatchDog.cancel(): canceling Tue Sep 03 05:32:54 UTC 2019
------------------ testing $PTII/ptolemy/domains/de/test/auto/FSM1.xml
auto.tcl: Setting watchdog for 200 seconds at Tue Sep 03 05:32:54 UTC 2019
34 ms. Memory: 45056K Free: 18709K (42%)
ptolemy.util.test.WatchDog.cancel(): canceling Tue Sep 03 05:32:54 UTC 2019
auto.tcl: Setting watchdog for 200 seconds at Tue Sep 03 05:32:54 UTC 2019
29 ms. Memory: 45056K Free: 15450K (34%)
ptolemy.util.test.WatchDog.cancel(): canceling Tue Sep 03 05:32:54 UTC 2019
------------------ testing $PTII/ptolemy/domains/de/test/auto/FSM7.xml
auto.tcl: Setting watchdog for 200 seconds at Tue Sep 03 05:32:54 UTC 2019
25 ms. Memory: 45056K Free: 18456K (41%)
ptolemy.util.test.WatchDog.cancel(): canceling Tue Sep 03 05:32:54 UTC 2019
auto.tcl: Setting watchdog for 200 seconds at Tue Sep 03 05:32:54 UTC 2019
28 ms. Memory: 45056K Free: 15348K (34%)
ptolemy.util.test.WatchDog.cancel(): canceling Tue Sep 03 05:32:54 UTC 2019
------------------ testing $PTII/ptolemy/domains/de/test/auto/Inspection.xml
auto.tcl: Setting watchdog for 200 seconds at Tue Sep 03 05:32:54 UTC 2019
27 ms. Memory: 45056K Free: 18468K (41%)
ptolemy.util.test.WatchDog.cancel(): canceling Tue Sep 03 05:32:54 UTC 2019
auto.tcl: Setting watchdog for 200 seconds at Tue Sep 03 05:32:54 UTC 2019
33 ms. Memory: 45056K Free: 16716K (37%)
ptolemy.util.test.WatchDog.cancel(): canceling Tue Sep 03 05:32:54 UTC 2019
------------------ testing $PTII/ptolemy/domains/de/test/auto/Iteration.xml
auto.tcl: Setting watchdog for 200 seconds at Tue Sep 03 05:32:54 UTC 2019
8 ms. Memory: 45056K Free: 24161K (54%)
ptolemy.util.test.WatchDog.cancel(): canceling Tue Sep 03 05:32:54 UTC 2019
auto.tcl: Setting watchdog for 200 seconds at Tue Sep 03 05:32:54 UTC 2019
7 ms. Memory: 45056K Free: 22772K (51%)
ptolemy.util.test.WatchDog.cancel(): canceling Tue Sep 03 05:32:54 UTC 2019
------------------ testing $PTII/ptolemy/domains/de/test/auto/LineFault.xml
auto.tcl: Setting watchdog for 200 seconds at Tue Sep 03 05:32:54 UTC 2019
721 ms. Memory: 54272K Free: 15301K (28%)
ptolemy.util.test.WatchDog.cancel(): canceling Tue Sep 03 05:32:56 UTC 2019
auto.tcl: Setting watchdog for 200 seconds at Tue Sep 03 05:32:56 UTC 2019
680 ms. Memory: 54272K Free: 38306K (71%)
ptolemy.util.test.WatchDog.cancel(): canceling Tue Sep 03 05:32:56 UTC 2019
------------------ testing $PTII/ptolemy/domains/de/test/auto/MergeModel1Add.xml
auto.tcl: Setting watchdog for 200 seconds at Tue Sep 03 05:32:56 UTC 2019
19 ms. Memory: 54272K Free: 19342K (36%)
ptolemy.util.test.WatchDog.cancel(): canceling Tue Sep 03 05:32:56 UTC 2019
auto.tcl: Setting watchdog for 200 seconds at Tue Sep 03 05:32:56 UTC 2019
11 ms. Memory: 54272K Free: 17706K (33%)
ptolemy.util.test.WatchDog.cancel(): canceling Tue Sep 03 05:32:56 UTC 2019
------------------ testing $PTII/ptolemy/domains/de/test/auto/MergeModel2Add.xml
auto.tcl: Setting watchdog for 200 seconds at Tue Sep 03 05:32:56 UTC 2019
8 ms. Memory: 51200K Free: 18055K (35%)
ptolemy.util.test.WatchDog.cancel(): canceling Tue Sep 03 05:32:57 UTC 2019
auto.tcl: Setting watchdog for 200 seconds at Tue Sep 03 05:32:57 UTC 2019
8 ms. Memory: 51200K Free: 16352K (32%)
ptolemy.util.test.WatchDog.cancel(): canceling Tue Sep 03 05:32:57 UTC 2019
------------------ testing $PTII/ptolemy/domains/de/test/auto/MergeModel3Add.xml
auto.tcl: Setting watchdog for 200 seconds at Tue Sep 03 05:32:57 UTC 2019
9 ms. Memory: 51200K Free: 18300K (36%)
ptolemy.util.test.WatchDog.cancel(): canceling Tue Sep 03 05:32:57 UTC 2019
auto.tcl: Setting watchdog for 200 seconds at Tue Sep 03 05:32:57 UTC 2019
7 ms. Memory: 51200K Free: 16879K (33%)
ptolemy.util.test.WatchDog.cancel(): canceling Tue Sep 03 05:32:57 UTC 2019
------------------ testing $PTII/ptolemy/domains/de/test/auto/MergeWithoutDiscard.xml
auto.tcl: Setting watchdog for 200 seconds at Tue Sep 03 05:32:57 UTC 2019
4 ms. Memory: 51200K Free: 33199K (65%)
ptolemy.util.test.WatchDog.cancel(): canceling Tue Sep 03 05:32:57 UTC 2019
auto.tcl: Setting watchdog for 200 seconds at Tue Sep 03 05:32:57 UTC 2019
1 ms. Memory: 51200K Free: 32735K (64%)
ptolemy.util.test.WatchDog.cancel(): canceling Tue Sep 03 05:32:57 UTC 2019
------------------ testing $PTII/ptolemy/domains/de/test/auto/Modal1.xml
auto.tcl: Setting watchdog for 200 seconds at Tue Sep 03 05:32:57 UTC 2019
18 ms. Memory: 51200K Free: 24802K (48%)
ptolemy.util.test.WatchDog.cancel(): canceling Tue Sep 03 05:32:57 UTC 2019
auto.tcl: Setting watchdog for 200 seconds at Tue Sep 03 05:32:57 UTC 2019
23 ms. Memory: 51200K Free: 21304K (42%)
ptolemy.util.test.WatchDog.cancel(): canceling Tue Sep 03 05:32:57 UTC 2019
------------------ testing $PTII/ptolemy/domains/de/test/auto/Modal2.xml
auto.tcl: Setting watchdog for 200 seconds at Tue Sep 03 05:32:57 UTC 2019
24 ms. Memory: 48128K Free: 21864K (45%)
ptolemy.util.test.WatchDog.cancel(): canceling Tue Sep 03 05:32:57 UTC 2019
auto.tcl: Setting watchdog for 200 seconds at Tue Sep 03 05:32:57 UTC 2019
22 ms. Memory: 48128K Free: 18624K (39%)
ptolemy.util.test.WatchDog.cancel(): canceling Tue Sep 03 05:32:57 UTC 2019
------------------ testing $PTII/ptolemy/domains/de/test/auto/Modal3.xml
auto.tcl: Setting watchdog for 200 seconds at Tue Sep 03 05:32:57 UTC 2019
15 ms. Memory: 48128K Free: 21592K (45%)
ptolemy.util.test.WatchDog.cancel(): canceling Tue Sep 03 05:32:57 UTC 2019
auto.tcl: Setting watchdog for 200 seconds at Tue Sep 03 05:32:57 UTC 2019
14 ms. Memory: 48128K Free: 18632K (39%)
ptolemy.util.test.WatchDog.cancel(): canceling Tue Sep 03 05:32:57 UTC 2019
------------------ testing $PTII/ptolemy/domains/de/test/auto/Modal4.xml
auto.tcl: Setting watchdog for 200 seconds at Tue Sep 03 05:32:57 UTC 2019
29 ms. Memory: 48128K Free: 20579K (43%)
ptolemy.util.test.WatchDog.cancel(): canceling Tue Sep 03 05:32:57 UTC 2019
auto.tcl: Setting watchdog for 200 seconds at Tue Sep 03 05:32:57 UTC 2019
22 ms. Memory: 48128K Free: 16593K (34%)
ptolemy.util.test.WatchDog.cancel(): canceling Tue Sep 03 05:32:57 UTC 2019
------------------ testing $PTII/ptolemy/domains/de/test/auto/Modal5.xml
auto.tcl: Setting watchdog for 200 seconds at Tue Sep 03 05:32:57 UTC 2019
16 ms. Memory: 48128K Free: 20808K (43%)
ptolemy.util.test.WatchDog.cancel(): canceling Tue Sep 03 05:32:57 UTC 2019
auto.tcl: Setting watchdog for 200 seconds at Tue Sep 03 05:32:57 UTC 2019
16 ms. Memory: 48128K Free: 16984K (35%)
ptolemy.util.test.WatchDog.cancel(): canceling Tue Sep 03 05:32:57 UTC 2019
------------------ testing $PTII/ptolemy/domains/de/test/auto/Modal6.xml
auto.tcl: Setting watchdog for 200 seconds at Tue Sep 03 05:32:57 UTC 2019
13 ms. Memory: 48128K Free: 21574K (45%)
ptolemy.util.test.WatchDog.cancel(): canceling Tue Sep 03 05:32:58 UTC 2019
auto.tcl: Setting watchdog for 200 seconds at Tue Sep 03 05:32:58 UTC 2019
16 ms. Memory: 48128K Free: 18006K (37%)
ptolemy.util.test.WatchDog.cancel(): canceling Tue Sep 03 05:32:58 UTC 2019
------------------ testing $PTII/ptolemy/domains/de/test/auto/Modal7.xml
auto.tcl: Setting watchdog for 200 seconds at Tue Sep 03 05:32:58 UTC 2019
11 ms. Memory: 48128K Free: 20535K (43%)
ptolemy.util.test.WatchDog.cancel(): canceling Tue Sep 03 05:32:58 UTC 2019
auto.tcl: Setting watchdog for 200 seconds at Tue Sep 03 05:32:58 UTC 2019
13 ms. Memory: 48128K Free: 16983K (35%)
ptolemy.util.test.WatchDog.cancel(): canceling Tue Sep 03 05:32:58 UTC 2019
------------------ testing $PTII/ptolemy/domains/de/test/auto/ModalModel.xml
auto.tcl: Setting watchdog for 200 seconds at Tue Sep 03 05:32:58 UTC 2019
198 ms. Memory: 58368K Free: 29408K (50%)
ptolemy.util.test.WatchDog.cancel(): canceling Tue Sep 03 05:32:58 UTC 2019
auto.tcl: Setting watchdog for 200 seconds at Tue Sep 03 05:32:58 UTC 2019
209 ms. Memory: 58368K Free: 30920K (53%)
ptolemy.util.test.WatchDog.cancel(): canceling Tue Sep 03 05:32:58 UTC 2019
------------------ testing $PTII/ptolemy/domains/de/test/auto/ModalSource.xml
auto.tcl: Setting watchdog for 200 seconds at Tue Sep 03 05:32:58 UTC 2019
6 ms. Memory: 48128K Free: 25658K (53%)
ptolemy.util.test.WatchDog.cancel(): canceling Tue Sep 03 05:32:58 UTC 2019
auto.tcl: Setting watchdog for 200 seconds at Tue Sep 03 05:32:58 UTC 2019
8 ms. Memory: 48128K Free: 23610K (49%)
ptolemy.util.test.WatchDog.cancel(): canceling Tue Sep 03 05:32:58 UTC 2019
------------------ testing $PTII/ptolemy/domains/de/test/auto/NonInterruptibleTimerZeroDelay.xml
auto.tcl: Setting watchdog for 200 seconds at Tue Sep 03 05:32:58 UTC 2019
3 ms. Memory: 48128K Free: 30806K (64%)
ptolemy.util.test.WatchDog.cancel(): canceling Tue Sep 03 05:32:58 UTC 2019
auto.tcl: Setting watchdog for 200 seconds at Tue Sep 03 05:32:58 UTC 2019
2 ms. Memory: 48128K Free: 29956K (62%)
ptolemy.util.test.WatchDog.cancel(): canceling Tue Sep 03 05:32:58 UTC 2019
------------------ testing $PTII/ptolemy/domains/de/test/auto/OpenQueueingNetwork.xml
auto.tcl: Setting watchdog for 200 seconds at Tue Sep 03 05:32:58 UTC 2019
3172 ms. Memory: 106496K Free: 44527K (42%)
ptolemy.util.test.WatchDog.cancel(): canceling Tue Sep 03 05:33:02 UTC 2019
auto.tcl: Setting watchdog for 200 seconds at Tue Sep 03 05:33:02 UTC 2019
2940 ms. Memory: 128000K Free: 48014K (38%)
ptolemy.util.test.WatchDog.cancel(): canceling Tue Sep 03 05:33:05 UTC 2019
------------------ testing $PTII/ptolemy/domains/de/test/auto/OpenQueuingNetwork.xml
auto.tcl: Setting watchdog for 200 seconds at Tue Sep 03 05:33:05 UTC 2019
298 ms. Memory: 51200K Free: 17168K (34%)
ptolemy.util.test.WatchDog.cancel(): canceling Tue Sep 03 05:33:05 UTC 2019
auto.tcl: Setting watchdog for 200 seconds at Tue Sep 03 05:33:05 UTC 2019
299 ms. Memory: 51200K Free: 21499K (42%)
ptolemy.util.test.WatchDog.cancel(): canceling Tue Sep 03 05:33:05 UTC 2019
------------------ testing $PTII/ptolemy/domains/de/test/auto/PeriodicSampler.xml
auto.tcl: Setting watchdog for 200 seconds at Tue Sep 03 05:33:06 UTC 2019
3 ms. Memory: 48128K Free: 29792K (62%)
ptolemy.util.test.WatchDog.cancel(): canceling Tue Sep 03 05:33:06 UTC 2019
auto.tcl: Setting watchdog for 200 seconds at Tue Sep 03 05:33:06 UTC 2019
2 ms. Memory: 48128K Free: 28840K (60%)
ptolemy.util.test.WatchDog.cancel(): canceling Tue Sep 03 05:33:06 UTC 2019
------------------ testing $PTII/ptolemy/domains/de/test/auto/PersistentIO.xml
auto.tcl: Setting watchdog for 200 seconds at Tue Sep 03 05:33:06 UTC 2019
5 ms. Memory: 48128K Free: 24731K (51%)
ptolemy.util.test.WatchDog.cancel(): canceling Tue Sep 03 05:33:06 UTC 2019
auto.tcl: Setting watchdog for 200 seconds at Tue Sep 03 05:33:06 UTC 2019
7 ms. Memory: 48128K Free: 23245K (48%)
ptolemy.util.test.WatchDog.cancel(): canceling Tue Sep 03 05:33:06 UTC 2019
------------------ testing $PTII/ptolemy/domains/de/test/auto/PortParameterResetOnInitialize.xml
auto.tcl: Setting watchdog for 200 seconds at Tue Sep 03 05:33:06 UTC 2019
4 ms. Memory: 48128K Free: 29701K (62%)
ptolemy.util.test.WatchDog.cancel(): canceling Tue Sep 03 05:33:06 UTC 2019
auto.tcl: Setting watchdog for 200 seconds at Tue Sep 03 05:33:06 UTC 2019
2 ms. Memory: 48128K Free: 29229K (61%)
ptolemy.util.test.WatchDog.cancel(): canceling Tue Sep 03 05:33:06 UTC 2019
------------------ testing $PTII/ptolemy/domains/de/test/auto/PortParameterUpdates.xml
auto.tcl: Setting watchdog for 200 seconds at Tue Sep 03 05:33:06 UTC 2019
7 ms. Memory: 48128K Free: 27799K (58%)
ptolemy.util.test.WatchDog.cancel(): canceling Tue Sep 03 05:33:06 UTC 2019
auto.tcl: Setting watchdog for 200 seconds at Tue Sep 03 05:33:06 UTC 2019
5 ms. Memory: 48128K Free: 26345K (55%)
ptolemy.util.test.WatchDog.cancel(): canceling Tue Sep 03 05:33:06 UTC 2019
------------------ testing $PTII/ptolemy/domains/de/test/auto/QueueAndServer.xml
auto.tcl: Setting watchdog for 200 seconds at Tue Sep 03 05:33:06 UTC 2019
23 ms. Memory: 48128K Free: 26739K (56%)
ptolemy.util.test.WatchDog.cancel(): canceling Tue Sep 03 05:33:06 UTC 2019
auto.tcl: Setting watchdog for 200 seconds at Tue Sep 03 05:33:06 UTC 2019
7 ms. Memory: 48128K Free: 25299K (53%)
ptolemy.util.test.WatchDog.cancel(): canceling Tue Sep 03 05:33:06 UTC 2019
------------------ testing $PTII/ptolemy/domains/de/test/auto/Records.xml
auto.tcl: Setting watchdog for 200 seconds at Tue Sep 03 05:33:06 UTC 2019
6 ms. Memory: 48128K Free: 29243K (61%)
ptolemy.util.test.WatchDog.cancel(): canceling Tue Sep 03 05:33:06 UTC 2019
auto.tcl: Setting watchdog for 200 seconds at Tue Sep 03 05:33:06 UTC 2019
3 ms. Memory: 48128K Free: 28755K (60%)
ptolemy.util.test.WatchDog.cancel(): canceling Tue Sep 03 05:33:06 UTC 2019
------------------ testing $PTII/ptolemy/domains/de/test/auto/ResetTransitionWithStartTime1.xml
auto.tcl: Setting watchdog for 200 seconds at Tue Sep 03 05:33:06 UTC 2019
9 ms. Memory: 48128K Free: 26201K (54%)
ptolemy.util.test.WatchDog.cancel(): canceling Tue Sep 03 05:33:06 UTC 2019
auto.tcl: Setting watchdog for 200 seconds at Tue Sep 03 05:33:06 UTC 2019
9 ms. Memory: 48128K Free: 23681K (49%)
ptolemy.util.test.WatchDog.cancel(): canceling Tue Sep 03 05:33:06 UTC 2019
------------------ testing $PTII/ptolemy/domains/de/test/auto/ResetTransitionWithStartTime2.xml
auto.tcl: Setting watchdog for 200 seconds at Tue Sep 03 05:33:06 UTC 2019
10 ms. Memory: 48128K Free: 26156K (54%)
ptolemy.util.test.WatchDog.cancel(): canceling Tue Sep 03 05:33:06 UTC 2019
auto.tcl: Setting watchdog for 200 seconds at Tue Sep 03 05:33:06 UTC 2019
10 ms. Memory: 48128K Free: 23650K (49%)
ptolemy.util.test.WatchDog.cancel(): canceling Tue Sep 03 05:33:06 UTC 2019
------------------ testing $PTII/ptolemy/domains/de/test/auto/ResetTransitionWithStartTime3.xml
auto.tcl: Setting watchdog for 200 seconds at Tue Sep 03 05:33:06 UTC 2019
7 ms. Memory: 48128K Free: 26154K (54%)
ptolemy.util.test.WatchDog.cancel(): canceling Tue Sep 03 05:33:06 UTC 2019
auto.tcl: Setting watchdog for 200 seconds at Tue Sep 03 05:33:06 UTC 2019
6 ms. Memory: 48128K Free: 23618K (49%)
ptolemy.util.test.WatchDog.cancel(): canceling Tue Sep 03 05:33:06 UTC 2019
------------------ testing $PTII/ptolemy/domains/de/test/auto/ResetTransitionWithStartTime4.xml
auto.tcl: Setting watchdog for 200 seconds at Tue Sep 03 05:33:06 UTC 2019
8 ms. Memory: 48128K Free: 26639K (55%)
ptolemy.util.test.WatchDog.cancel(): canceling Tue Sep 03 05:33:06 UTC 2019
auto.tcl: Setting watchdog for 200 seconds at Tue Sep 03 05:33:06 UTC 2019
4 ms. Memory: 48128K Free: 25193K (52%)
ptolemy.util.test.WatchDog.cancel(): canceling Tue Sep 03 05:33:06 UTC 2019
------------------ testing $PTII/ptolemy/domains/de/test/auto/ResettableTimer1.xml
auto.tcl: Setting watchdog for 200 seconds at Tue Sep 03 05:33:06 UTC 2019
3 ms. Memory: 48128K Free: 30634K (64%)
ptolemy.util.test.WatchDog.cancel(): canceling Tue Sep 03 05:33:06 UTC 2019
auto.tcl: Setting watchdog for 200 seconds at Tue Sep 03 05:33:06 UTC 2019
3 ms. Memory: 48128K Free: 29773K (62%)
ptolemy.util.test.WatchDog.cancel(): canceling Tue Sep 03 05:33:06 UTC 2019
------------------ testing $PTII/ptolemy/domains/de/test/auto/ResettableTimer2.xml
auto.tcl: Setting watchdog for 200 seconds at Tue Sep 03 05:33:06 UTC 2019
3 ms. Memory: 48128K Free: 30464K (63%)
ptolemy.util.test.WatchDog.cancel(): canceling Tue Sep 03 05:33:06 UTC 2019
auto.tcl: Setting watchdog for 200 seconds at Tue Sep 03 05:33:06 UTC 2019
4 ms. Memory: 48128K Free: 29343K (61%)
ptolemy.util.test.WatchDog.cancel(): canceling Tue Sep 03 05:33:06 UTC 2019
------------------ testing $PTII/ptolemy/domains/de/test/auto/ResettableTimer3.xml
auto.tcl: Setting watchdog for 200 seconds at Tue Sep 03 05:33:07 UTC 2019
1 ms. Memory: 48128K Free: 30766K (64%)
ptolemy.util.test.WatchDog.cancel(): canceling Tue Sep 03 05:33:07 UTC 2019
auto.tcl: Setting watchdog for 200 seconds at Tue Sep 03 05:33:07 UTC 2019
2 ms. Memory: 48128K Free: 30286K (63%)
ptolemy.util.test.WatchDog.cancel(): canceling Tue Sep 03 05:33:07 UTC 2019
------------------ testing $PTII/ptolemy/domains/de/test/auto/ResettableTimer4.xml
auto.tcl: Setting watchdog for 200 seconds at Tue Sep 03 05:33:07 UTC 2019
2 ms. Memory: 48128K Free: 30339K (63%)
ptolemy.util.test.WatchDog.cancel(): canceling Tue Sep 03 05:33:07 UTC 2019
auto.tcl: Setting watchdog for 200 seconds at Tue Sep 03 05:33:07 UTC 2019
2 ms. Memory: 48128K Free: 29841K (62%)
ptolemy.util.test.WatchDog.cancel(): canceling Tue Sep 03 05:33:07 UTC 2019
------------------ testing $PTII/ptolemy/domains/de/test/auto/ResettableTimer5.xml
auto.tcl: Setting watchdog for 200 seconds at Tue Sep 03 05:33:07 UTC 2019
1 ms. Memory: 48128K Free: 29769K (62%)
ptolemy.util.test.WatchDog.cancel(): canceling Tue Sep 03 05:33:07 UTC 2019
auto.tcl: Setting watchdog for 200 seconds at Tue Sep 03 05:33:07 UTC 2019
2 ms. Memory: 48128K Free: 29297K (61%)
ptolemy.util.test.WatchDog.cancel(): canceling Tue Sep 03 05:33:07 UTC 2019
------------------ testing $PTII/ptolemy/domains/de/test/auto/ResettableTimer6.xml
auto.tcl: Setting watchdog for 200 seconds at Tue Sep 03 05:33:07 UTC 2019
2 ms. Memory: 48128K Free: 29760K (62%)
ptolemy.util.test.WatchDog.cancel(): canceling Tue Sep 03 05:33:07 UTC 2019
auto.tcl: Setting watchdog for 200 seconds at Tue Sep 03 05:33:07 UTC 2019
2 ms. Memory: 48128K Free: 29264K (61%)
ptolemy.util.test.WatchDog.cancel(): canceling Tue Sep 03 05:33:07 UTC 2019
------------------ testing $PTII/ptolemy/domains/de/test/auto/ServerZeroDelay.xml
auto.tcl: Setting watchdog for 200 seconds at Tue Sep 03 05:33:07 UTC 2019
6 ms. Memory: 48128K Free: 30279K (63%)
ptolemy.util.test.WatchDog.cancel(): canceling Tue Sep 03 05:33:07 UTC 2019
auto.tcl: Setting watchdog for 200 seconds at Tue Sep 03 05:33:07 UTC 2019
2 ms. Memory: 48128K Free: 29320K (61%)
ptolemy.util.test.WatchDog.cancel(): canceling Tue Sep 03 05:33:07 UTC 2019
------------------ testing $PTII/ptolemy/domains/de/test/auto/SmartSender.xml
auto.tcl: Setting watchdog for 200 seconds at Tue Sep 03 05:33:07 UTC 2019
3001 ms. Memory: 48128K Free: 30274K (63%)
ptolemy.util.test.WatchDog.cancel(): canceling Tue Sep 03 05:33:10 UTC 2019
auto.tcl: Setting watchdog for 200 seconds at Tue Sep 03 05:33:10 UTC 2019
3002 ms. Memory: 48128K Free: 29816K (62%)
ptolemy.util.test.WatchDog.cancel(): canceling Tue Sep 03 05:33:13 UTC 2019
------------------ testing $PTII/ptolemy/domains/de/test/auto/ThreadedComposite.xml
auto.tcl: Setting watchdog for 200 seconds at Tue Sep 03 05:33:13 UTC 2019
251 ms. Memory: 48128K Free: 10317K (21%)
ptolemy.util.test.WatchDog.cancel(): canceling Tue Sep 03 05:33:13 UTC 2019
auto.tcl: Setting watchdog for 200 seconds at Tue Sep 03 05:33:13 UTC 2019
171 ms. Memory: 48128K Free: 21621K (45%)
ptolemy.util.test.WatchDog.cancel(): canceling Tue Sep 03 05:33:13 UTC 2019
------------------ testing $PTII/ptolemy/domains/de/test/auto/Time.xml
auto.tcl: Setting watchdog for 200 seconds at Tue Sep 03 05:33:13 UTC 2019
611 ms. Memory: 48128K Free: 28411K (59%)
ptolemy.util.test.WatchDog.cancel(): canceling Tue Sep 03 05:33:14 UTC 2019
auto.tcl: Setting watchdog for 200 seconds at Tue Sep 03 05:33:14 UTC 2019
648 ms. Memory: 48128K Free: 26063K (54%)
ptolemy.util.test.WatchDog.cancel(): canceling Tue Sep 03 05:33:15 UTC 2019
------------------ testing $PTII/ptolemy/domains/de/test/auto/TimeDelayZeroDelay.xml
auto.tcl: Setting watchdog for 200 seconds at Tue Sep 03 05:33:15 UTC 2019
3 ms. Memory: 48128K Free: 30699K (64%)
ptolemy.util.test.WatchDog.cancel(): canceling Tue Sep 03 05:33:15 UTC 2019
auto.tcl: Setting watchdog for 200 seconds at Tue Sep 03 05:33:15 UTC 2019
2 ms. Memory: 48128K Free: 29794K (62%)
ptolemy.util.test.WatchDog.cancel(): canceling Tue Sep 03 05:33:15 UTC 2019
------------------ testing $PTII/ptolemy/domains/de/test/auto/TimerZeroDelay.xml
auto.tcl: Setting watchdog for 200 seconds at Tue Sep 03 05:33:15 UTC 2019
5 ms. Memory: 48128K Free: 30656K (64%)
ptolemy.util.test.WatchDog.cancel(): canceling Tue Sep 03 05:33:15 UTC 2019
auto.tcl: Setting watchdog for 200 seconds at Tue Sep 03 05:33:15 UTC 2019
2 ms. Memory: 48128K Free: 29845K (62%)
ptolemy.util.test.WatchDog.cancel(): canceling Tue Sep 03 05:33:15 UTC 2019
------------------ testing $PTII/ptolemy/domains/de/test/auto/TimingParadox.xml
auto.tcl: Setting watchdog for 200 seconds at Tue Sep 03 05:33:15 UTC 2019
390 ms. Memory: 48128K Free: 13318K (28%)
ptolemy.util.test.WatchDog.cancel(): canceling Tue Sep 03 05:33:16 UTC 2019
auto.tcl: Setting watchdog for 200 seconds at Tue Sep 03 05:33:16 UTC 2019
408 ms. Memory: 96256K Free: 49503K (51%)
ptolemy.util.test.WatchDog.cancel(): canceling Tue Sep 03 05:33:16 UTC 2019
------------------ testing $PTII/ptolemy/domains/de/test/auto/TransferInputs.xml
auto.tcl: Setting watchdog for 200 seconds at Tue Sep 03 05:33:16 UTC 2019
2 ms. Memory: 51200K Free: 31785K (62%)
ptolemy.util.test.WatchDog.cancel(): canceling Tue Sep 03 05:33:16 UTC 2019
auto.tcl: Setting watchdog for 200 seconds at Tue Sep 03 05:33:16 UTC 2019
1 ms. Memory: 51200K Free: 30916K (60%)
ptolemy.util.test.WatchDog.cancel(): canceling Tue Sep 03 05:33:16 UTC 2019
------------------ testing $PTII/ptolemy/domains/de/test/auto/TransferOutputs2.xml
auto.tcl: Setting watchdog for 200 seconds at Tue Sep 03 05:33:16 UTC 2019
13 ms. Memory: 51200K Free: 29228K (57%)
ptolemy.util.test.WatchDog.cancel(): canceling Tue Sep 03 05:33:16 UTC 2019
auto.tcl: Setting watchdog for 200 seconds at Tue Sep 03 05:33:16 UTC 2019
4 ms. Memory: 51200K Free: 27831K (54%)
ptolemy.util.test.WatchDog.cancel(): canceling Tue Sep 03 05:33:16 UTC 2019
------------------ testing $PTII/ptolemy/domains/de/test/auto/Trilateration.xml
auto.tcl: Setting watchdog for 200 seconds at Tue Sep 03 05:33:16 UTC 2019
16978 ms. Memory: 398336K Free: 281822K (71%)
ptolemy.util.test.WatchDog.cancel(): canceling Tue Sep 03 05:33:35 UTC 2019
auto.tcl: Setting watchdog for 200 seconds at Tue Sep 03 05:33:35 UTC 2019
11951 ms. Memory: 398336K Free: 259445K (65%)
ptolemy.util.test.WatchDog.cancel(): canceling Tue Sep 03 05:33:46 UTC 2019
------------------ testing $PTII/ptolemy/domains/de/test/auto/TwoSigmaDelta.xml
auto.tcl: Setting watchdog for 200 seconds at Tue Sep 03 05:33:47 UTC 2019
2735 ms. Memory: 89088K Free: 25858K (29%)
ptolemy.util.test.WatchDog.cancel(): canceling Tue Sep 03 05:33:49 UTC 2019
auto.tcl: Setting watchdog for 200 seconds at Tue Sep 03 05:33:49 UTC 2019
1989 ms. Memory: 89088K Free: 23790K (27%)
ptolemy.util.test.WatchDog.cancel(): canceling Tue Sep 03 05:33:51 UTC 2019
------------------ testing $PTII/ptolemy/domains/de/test/auto/VariableDelay.xml
auto.tcl: Setting watchdog for 200 seconds at Tue Sep 03 05:33:51 UTC 2019
3 ms. Memory: 51200K Free: 32263K (63%)
ptolemy.util.test.WatchDog.cancel(): canceling Tue Sep 03 05:33:51 UTC 2019
auto.tcl: Setting watchdog for 200 seconds at Tue Sep 03 05:33:51 UTC 2019
2 ms. Memory: 51200K Free: 31269K (61%)
ptolemy.util.test.WatchDog.cancel(): canceling Tue Sep 03 05:33:51 UTC 2019
------------------ testing $PTII/ptolemy/domains/de/test/auto/VariableDelay2.xml
auto.tcl: Setting watchdog for 200 seconds at Tue Sep 03 05:33:52 UTC 2019
10 ms. Memory: 51200K Free: 32678K (64%)
ptolemy.util.test.WatchDog.cancel(): canceling Tue Sep 03 05:33:52 UTC 2019
auto.tcl: Setting watchdog for 200 seconds at Tue Sep 03 05:33:52 UTC 2019
2 ms. Memory: 51200K Free: 31668K (62%)
ptolemy.util.test.WatchDog.cancel(): canceling Tue Sep 03 05:33:52 UTC 2019
------------------ testing $PTII/ptolemy/domains/de/test/auto/VariableDelayZeroDelay.xml
auto.tcl: Setting watchdog for 200 seconds at Tue Sep 03 05:33:52 UTC 2019
2 ms. Memory: 48128K Free: 30224K (63%)
ptolemy.util.test.WatchDog.cancel(): canceling Tue Sep 03 05:33:52 UTC 2019
auto.tcl: Setting watchdog for 200 seconds at Tue Sep 03 05:33:52 UTC 2019
2 ms. Memory: 48128K Free: 29632K (62%)
ptolemy.util.test.WatchDog.cancel(): canceling Tue Sep 03 05:33:52 UTC 2019
------------------ testing $PTII/ptolemy/domains/de/test/auto/VariableDelayZeroDelay2.xml
auto.tcl: Setting watchdog for 200 seconds at Tue Sep 03 05:33:52 UTC 2019
2 ms. Memory: 48128K Free: 30132K (63%)
ptolemy.util.test.WatchDog.cancel(): canceling Tue Sep 03 05:33:52 UTC 2019
auto.tcl: Setting watchdog for 200 seconds at Tue Sep 03 05:33:52 UTC 2019
2 ms. Memory: 48128K Free: 29179K (61%)
ptolemy.util.test.WatchDog.cancel(): canceling Tue Sep 03 05:33:52 UTC 2019
------------------ testing $PTII/ptolemy/domains/de/test/auto/deInCt.xml
auto.tcl: Setting watchdog for 200 seconds at Tue Sep 03 05:33:52 UTC 2019
0
1
1
1
0
0
0
1
1
1
0
0
1
1
1
0
0
0
1
1
1
0
0
0
0
1
1
1
0
0
0
1
1
1
1
0
0
0
1
1
1
1
16 ms. Memory: 48128K Free: 29104K (60%)
ptolemy.util.test.WatchDog.cancel(): canceling Tue Sep 03 05:33:52 UTC 2019
auto.tcl: Setting watchdog for 200 seconds at Tue Sep 03 05:33:52 UTC 2019
0
1
1
1
1
0
0
0
1
1
1
0
0
0
1
1
1
0
0
0
1
1
1
1
0
0
1
1
0
0
0
0
1
1
1
1
0
0
0
1
1
1
0
0
0
0
8 ms. Memory: 48128K Free: 27589K (57%)
ptolemy.util.test.WatchDog.cancel(): canceling Tue Sep 03 05:33:52 UTC 2019
------------------ testing $PTII/ptolemy/domains/de/test/auto/deInCt2.xml
auto.tcl: Setting watchdog for 200 seconds at Tue Sep 03 05:33:52 UTC 2019
0
1
1
1
0
0
1
1
1
0
0
1
1
1
0
0
1
1
1
0
0
1
1
1
0
0
1
1
1
0
0
1
1
1
0
0
1
1
1
0
0
0
8 ms. Memory: 48128K Free: 29107K (60%)
ptolemy.util.test.WatchDog.cancel(): canceling Tue Sep 03 05:33:52 UTC 2019
auto.tcl: Setting watchdog for 200 seconds at Tue Sep 03 05:33:52 UTC 2019
0
1
1
1
0
0
1
1
1
0
0
1
1
1
0
0
1
1
1
0
0
1
1
1
0
0
1
1
1
0
0
1
1
1
0
0
1
1
1
0
0
0
9 ms. Memory: 48128K Free: 27605K (57%)
ptolemy.util.test.WatchDog.cancel(): canceling Tue Sep 03 05:33:52 UTC 2019
------------------ testing $PTII/ptolemy/domains/de/test/auto/dynamicCausalityInterface1.xml
auto.tcl: Setting watchdog for 200 seconds at Tue Sep 03 05:33:52 UTC 2019
2 ms. Memory: 48128K Free: 24477K (51%)
ptolemy.util.test.WatchDog.cancel(): canceling Tue Sep 03 05:33:52 UTC 2019
auto.tcl: Setting watchdog for 200 seconds at Tue Sep 03 05:33:52 UTC 2019
1 ms. Memory: 48128K Free: 23993K (50%)
ptolemy.util.test.WatchDog.cancel(): canceling Tue Sep 03 05:33:52 UTC 2019
------------------ testing $PTII/ptolemy/domains/de/test/auto/fsm_de_test.xml
auto.tcl: Setting watchdog for 200 seconds at Tue Sep 03 05:33:52 UTC 2019
8 ms. Memory: 48128K Free: 24937K (52%)
ptolemy.util.test.WatchDog.cancel(): canceling Tue Sep 03 05:33:52 UTC 2019
auto.tcl: Setting watchdog for 200 seconds at Tue Sep 03 05:33:52 UTC 2019
5 ms. Memory: 48128K Free: 22889K (48%)
ptolemy.util.test.WatchDog.cancel(): canceling Tue Sep 03 05:33:52 UTC 2019
------------------ testing $PTII/ptolemy/domains/de/test/auto/functionDependencyReconstruction.xml
auto.tcl: Setting watchdog for 200 seconds at Tue Sep 03 05:33:52 UTC 2019
7 ms. Memory: 48128K Free: 18783K (39%)
ptolemy.util.test.WatchDog.cancel(): canceling Tue Sep 03 05:33:52 UTC 2019
auto.tcl: Setting watchdog for 200 seconds at Tue Sep 03 05:33:52 UTC 2019
3 ms. Memory: 48128K Free: 16776K (35%)
ptolemy.util.test.WatchDog.cancel(): canceling Tue Sep 03 05:33:52 UTC 2019
------------------ testing $PTII/ptolemy/domains/de/test/auto/multirate.xml
auto.tcl: Setting watchdog for 200 seconds at Tue Sep 03 05:33:52 UTC 2019
3 ms. Memory: 48128K Free: 26856K (56%)
ptolemy.util.test.WatchDog.cancel(): canceling Tue Sep 03 05:33:52 UTC 2019
auto.tcl: Setting watchdog for 200 seconds at Tue Sep 03 05:33:52 UTC 2019
7 ms. Memory: 48128K Free: 25898K (54%)
ptolemy.util.test.WatchDog.cancel(): canceling Tue Sep 03 05:33:52 UTC 2019
------------------ testing $PTII/ptolemy/domains/de/test/auto/multirate2.xml
auto.tcl: Setting watchdog for 200 seconds at Tue Sep 03 05:33:52 UTC 2019
3 ms. Memory: 48128K Free: 27533K (57%)
ptolemy.util.test.WatchDog.cancel(): canceling Tue Sep 03 05:33:52 UTC 2019
auto.tcl: Setting watchdog for 200 seconds at Tue Sep 03 05:33:52 UTC 2019
3 ms. Memory: 48128K Free: 26034K (54%)
ptolemy.util.test.WatchDog.cancel(): canceling Tue Sep 03 05:33:52 UTC 2019
------------------ testing $PTII/ptolemy/domains/de/test/auto/realtime.xml
auto.tcl: Setting watchdog for 200 seconds at Tue Sep 03 05:33:52 UTC 2019
10001 ms. Memory: 48128K Free: 29828K (62%)
ptolemy.util.test.WatchDog.cancel(): canceling Tue Sep 03 05:34:02 UTC 2019
auto.tcl: Setting watchdog for 200 seconds at Tue Sep 03 05:34:02 UTC 2019
10001 ms. Memory: 48128K Free: 29083K (60%)
ptolemy.util.test.WatchDog.cancel(): canceling Tue Sep 03 05:34:12 UTC 2019
------------------ testing $PTII/ptolemy/domains/de/test/auto/relationGroup.xml
auto.tcl: Setting watchdog for 200 seconds at Tue Sep 03 05:34:12 UTC 2019
8 ms. Memory: 48128K Free: 30857K (64%)
ptolemy.util.test.WatchDog.cancel(): canceling Tue Sep 03 05:34:12 UTC 2019
auto.tcl: Setting watchdog for 200 seconds at Tue Sep 03 05:34:12 UTC 2019
2 ms. Memory: 48128K Free: 30133K (63%)
ptolemy.util.test.WatchDog.cancel(): canceling Tue Sep 03 05:34:12 UTC 2019
------------------ testing $PTII/ptolemy/domains/de/test/auto/relationGroup2.xml
auto.tcl: Setting watchdog for 200 seconds at Tue Sep 03 05:34:13 UTC 2019
2 ms. Memory: 48128K Free: 30639K (64%)
ptolemy.util.test.WatchDog.cancel(): canceling Tue Sep 03 05:34:13 UTC 2019
auto.tcl: Setting watchdog for 200 seconds at Tue Sep 03 05:34:13 UTC 2019
2 ms. Memory: 48128K Free: 29690K (62%)
ptolemy.util.test.WatchDog.cancel(): canceling Tue Sep 03 05:34:13 UTC 2019
------------------ testing $PTII/ptolemy/domains/de/test/auto/sortWithOpaquePorts.xml
auto.tcl: Setting watchdog for 200 seconds at Tue Sep 03 05:34:13 UTC 2019
1 ms. Memory: 48128K Free: 29646K (62%)
ptolemy.util.test.WatchDog.cancel(): canceling Tue Sep 03 05:34:13 UTC 2019
auto.tcl: Setting watchdog for 200 seconds at Tue Sep 03 05:34:13 UTC 2019
1 ms. Memory: 48128K Free: 28169K (59%)
ptolemy.util.test.WatchDog.cancel(): canceling Tue Sep 03 05:34:13 UTC 2019
------------------ testing $PTII/ptolemy/domains/de/test/auto/transferInputsandOutputs.xml
auto.tcl: Setting watchdog for 200 seconds at Tue Sep 03 05:34:13 UTC 2019
3 ms. Memory: 48128K Free: 27076K (56%)
ptolemy.util.test.WatchDog.cancel(): canceling Tue Sep 03 05:34:13 UTC 2019
auto.tcl: Setting watchdog for 200 seconds at Tue Sep 03 05:34:13 UTC 2019
3 ms. Memory: 48128K Free: 26123K (54%)
ptolemy.util.test.WatchDog.cancel(): canceling Tue Sep 03 05:34:13 UTC 2019
------------------ testing $PTII/ptolemy/domains/de/test/auto/triggerType.xml
auto.tcl: Setting watchdog for 200 seconds at Tue Sep 03 05:34:13 UTC 2019
1 ms. Memory: 48128K Free: 30100K (63%)
ptolemy.util.test.WatchDog.cancel(): canceling Tue Sep 03 05:34:13 UTC 2019
auto.tcl: Setting watchdog for 200 seconds at Tue Sep 03 05:34:13 UTC 2019
2 ms. Memory: 48128K Free: 29134K (61%)
ptolemy.util.test.WatchDog.cancel(): canceling Tue Sep 03 05:34:13 UTC 2019
09/03/19 05:34:13
Failed: 0  Total Tests: 192  ((Passed: 187, Newly Passed: 1)  Known Failed: 5) /home/travis/build/icyphy/ptII/ptolemy/domains/de/test
09/03/19 05:34:13
Failed: 0  Total Tests: 192  ((Passed: 187, Newly Passed: 1)  Known Failed: 5) /home/travis/build/icyphy/ptII/ptolemy/domains/de/test
----------------- testing (KnownFailure) /home/travis/build/icyphy/ptII/ptolemy/domains/de/test/auto/knownFailedTests/DESDFClockTest.xml
2019 ms. Memory: 48128K Free: 23495K (49%)
Known Failure: java.lang.reflect.InvocationTargetException
----------------- testing (KnownFailure) /home/travis/build/icyphy/ptII/ptolemy/domains/de/test/auto/knownFailedTests/DirectFeedback.xml
2 ms. Memory: 48128K Free: 19399K (40%)
Known Failure: java.lang.reflect.InvocationTargetException
----------------- testing (KnownFailure) /home/travis/build/icyphy/ptII/ptolemy/domains/de/test/auto/knownFailedTests/FSMSource.xml
15 ms. Memory: 48128K Free: 11721K (24%)
----------------- testing (KnownFailure) /home/travis/build/icyphy/ptII/ptolemy/domains/de/test/auto/knownFailedTests/HierarchicalModel.xml
4 ms. Memory: 48128K Free: 21808K (45%)
Known Failure: java.lang.reflect.InvocationTargetException
----------------- testing (KnownFailure) /home/travis/build/icyphy/ptII/ptolemy/domains/de/test/auto/knownFailedTests/dependencyLoop.xml
7 ms. Memory: 48128K Free: 32174K (67%)
Known Failure: java.lang.reflect.InvocationTargetException
----------------- testing (KnownFailure) /home/travis/build/icyphy/ptII/ptolemy/domains/de/test/auto/knownFailedTests/dependencyLoop2.xml
7 ms. Memory: 48128K Free: 17079K (35%)
Known Failure: java.lang.reflect.InvocationTargetException
No auto/linux-amd64/*.xml tests in /home/travis/build/icyphy/ptII/ptolemy/domains/de/test
AutoTests.java: About to close Vertx.
AutoTests.java: Vertx closed.

===========================================================================================
----------------- testing Tue Sep 03 05:34:15 UTC 2019 /home/travis/build/icyphy/ptII/ptolemy/domains/de/test/auto/ActorDepthCalculation_actorWithoutPorts.xml
----------------- Instantiating /home/travis/build/icyphy/ptII/ptolemy/domains/de/test/auto/ActorDepthCalculation_actorWithoutPorts.xml
2 ms. Memory: 48128K Free: 10766K (22%)
----------------- Invoking toplevel() on ptolemy.moml.MoMLSimpleApplication@4ffe5896
----------------- Done invoking toplevel() on ptolemy.moml.MoMLSimpleApplication@4ffe5896
reloadAllAccessors: .ActorDepthCalculation_actorWithoutPorts

===========================================================================================
----------------- testing Tue Sep 03 05:34:15 UTC 2019 /home/travis/build/icyphy/ptII/ptolemy/domains/de/test/auto/AssemblyLine.xml
----------------- Instantiating /home/travis/build/icyphy/ptII/ptolemy/domains/de/test/auto/AssemblyLine.xml
2 ms. Memory: 48128K Free: 29385K (61%)
----------------- Invoking toplevel() on ptolemy.moml.MoMLSimpleApplication@6ba39311
----------------- Done invoking toplevel() on ptolemy.moml.MoMLSimpleApplication@6ba39311
reloadAllAccessors: .AssemblyLine

===========================================================================================
----------------- testing Tue Sep 03 05:34:15 UTC 2019 /home/travis/build/icyphy/ptII/ptolemy/domains/de/test/auto/CQBug1.xml
----------------- Instantiating /home/travis/build/icyphy/ptII/ptolemy/domains/de/test/auto/CQBug1.xml
1 ms. Memory: 48128K Free: 26508K (55%)
----------------- Invoking toplevel() on ptolemy.moml.MoMLSimpleApplication@342b1045
----------------- Done invoking toplevel() on ptolemy.moml.MoMLSimpleApplication@342b1045
reloadAllAccessors: .CQBug1

===========================================================================================
----------------- testing Tue Sep 03 05:34:15 UTC 2019 /home/travis/build/icyphy/ptII/ptolemy/domains/de/test/auto/CancelFireAt.xml
----------------- Instantiating /home/travis/build/icyphy/ptII/ptolemy/domains/de/test/auto/CancelFireAt.xml
1 ms. Memory: 48128K Free: 24117K (50%)
----------------- Invoking toplevel() on ptolemy.moml.MoMLSimpleApplication@661f68da
----------------- Done invoking toplevel() on ptolemy.moml.MoMLSimpleApplication@661f68da
reloadAllAccessors: .CancelFireAt

===========================================================================================
----------------- testing Tue Sep 03 05:34:15 UTC 2019 /home/travis/build/icyphy/ptII/ptolemy/domains/de/test/auto/CausalityAndComposabilityAnalysis.xml
----------------- Instantiating /home/travis/build/icyphy/ptII/ptolemy/domains/de/test/auto/CausalityAndComposabilityAnalysis.xml
1 ms. Memory: 48128K Free: 20021K (42%)
----------------- Invoking toplevel() on ptolemy.moml.MoMLSimpleApplication@552e7ba2
----------------- Done invoking toplevel() on ptolemy.moml.MoMLSimpleApplication@552e7ba2
reloadAllAccessors: .CausalityAndComposabilityAnalysis

===========================================================================================
----------------- testing Tue Sep 03 05:34:15 UTC 2019 /home/travis/build/icyphy/ptII/ptolemy/domains/de/test/auto/CausalityInterface1.xml
----------------- Instantiating /home/travis/build/icyphy/ptII/ptolemy/domains/de/test/auto/CausalityInterface1.xml
5 ms. Memory: 48128K Free: 15087K (31%)
----------------- Invoking toplevel() on ptolemy.moml.MoMLSimpleApplication@7ccecec
----------------- Done invoking toplevel() on ptolemy.moml.MoMLSimpleApplication@7ccecec
reloadAllAccessors: .CausalityInterface1

===========================================================================================
----------------- testing Tue Sep 03 05:34:15 UTC 2019 /home/travis/build/icyphy/ptII/ptolemy/domains/de/test/auto/CausalityInterface15.xml
----------------- Instantiating /home/travis/build/icyphy/ptII/ptolemy/domains/de/test/auto/CausalityInterface15.xml
2 ms. Memory: 48128K Free: 9748K (20%)
----------------- Invoking toplevel() on ptolemy.moml.MoMLSimpleApplication@5613404f
----------------- Done invoking toplevel() on ptolemy.moml.MoMLSimpleApplication@5613404f
reloadAllAccessors: .CausalityInterface15

===========================================================================================
----------------- testing Tue Sep 03 05:34:15 UTC 2019 /home/travis/build/icyphy/ptII/ptolemy/domains/de/test/auto/CausalityInterface2.xml
----------------- Instantiating /home/travis/build/icyphy/ptII/ptolemy/domains/de/test/auto/CausalityInterface2.xml
2 ms. Memory: 48128K Free: 30856K (64%)
[...]
	at ptolemy.actor.Manager.run(Manager.java:1263)
	at ptolemy.actor.Manager$PtolemyRunThread.run(Manager.java:1933)
java.lang.RuntimeException: Execution failed
	at ptolemy.moml.MoMLSimpleApplication$UnloadThread.run(MoMLSimpleApplication.java:402)
Caused by: ptolemy.kernel.util.IllegalActionException: Actor is not ready to fire.  Perhaps UpSample.prefire() returned false? Try debugging the actor by selecting "Listen to Actor".  Also, for SDF check moml for tokenConsumptionRate on input.
  in .DESDFClockTest.Play Bell.Copy1:SDF Director and .DESDFClockTest.Play Bell.UpSample
	at ptolemy.actor.sched.StaticSchedulingDirector.fire(StaticSchedulingDirector.java:227)
	at ptolemy.domains.sdf.kernel.SDFDirector.fire(SDFDirector.java:500)
	at ptolemy.actor.CompositeActor.fire(CompositeActor.java:455)
	at ptolemy.domains.de.kernel.DEDirector._fire(DEDirector.java:1949)
	at ptolemy.domains.de.kernel.DEDirector.fire(DEDirector.java:502)
	at ptolemy.actor.CompositeActor.fire(CompositeActor.java:455)
	at ptolemy.actor.Manager.iterate(Manager.java:851)
	at ptolemy.actor.Manager.execute(Manager.java:369)
	at ptolemy.actor.Manager.run(Manager.java:1263)
	at ptolemy.actor.Manager$PtolemyRunThread.run(Manager.java:1933)
java.lang.reflect.InvocationTargetException
	at java.base/jdk.internal.reflect.NativeConstructorAccessorImpl.newInstance0(Native Method)
	at java.base/jdk.internal.reflect.NativeConstructorAccessorImpl.newInstance(NativeConstructorAccessorImpl.java:62)
	at java.base/jdk.internal.reflect.DelegatingConstructorAccessorImpl.newInstance(DelegatingConstructorAccessorImpl.java:45)
	at java.base/java.lang.reflect.Constructor.newInstance(Constructor.java:490)
	at ptolemy.util.test.junit.AutoKnownFailedTests.RunModel(AutoKnownFailedTests.java:105)
	at java.base/jdk.internal.reflect.NativeMethodAccessorImpl.invoke0(Native Method)
	at java.base/jdk.internal.reflect.NativeMethodAccessorImpl.invoke(NativeMethodAccessorImpl.java:62)
	at java.base/jdk.internal.reflect.DelegatingMethodAccessorImpl.invoke(DelegatingMethodAccessorImpl.java:43)
	at java.base/java.lang.reflect.Method.invoke(Method.java:566)
	at org.junit.runners.model.FrameworkMethod$1.runReflectiveCall(FrameworkMethod.java:44)
	at org.junit.internal.runners.model.ReflectiveCallable.run(ReflectiveCallable.java:15)
	at org.junit.runners.model.FrameworkMethod.invokeExplosively(FrameworkMethod.java:41)
	at junitparams.internal.InvokeParameterisedMethod.evaluate(InvokeParameterisedMethod.java:102)
	at org.junit.internal.runners.statements.FailOnTimeout$1.run(FailOnTimeout.java:28)
Caused by: ptolemy.kernel.util.IllegalActionException: Actor is not ready to fire.  Perhaps UpSample.prefire() returned false? Try debugging the actor by selecting "Listen to Actor".  Also, for SDF check moml for tokenConsumptionRate on input.
  in .DESDFClockTest.Play Bell.Copy1:SDF Director and .DESDFClockTest.Play Bell.UpSample
	at ptolemy.actor.sched.StaticSchedulingDirector.fire(StaticSchedulingDirector.java:227)
	at ptolemy.domains.sdf.kernel.SDFDirector.fire(SDFDirector.java:500)
	at ptolemy.actor.CompositeActor.fire(CompositeActor.java:455)
	at ptolemy.domains.de.kernel.DEDirector._fire(DEDirector.java:1949)
	at ptolemy.domains.de.kernel.DEDirector.fire(DEDirector.java:502)
	at ptolemy.actor.CompositeActor.fire(CompositeActor.java:455)
	at ptolemy.actor.Manager.iterate(Manager.java:851)
	at ptolemy.actor.Manager.execute(Manager.java:369)
	at ptolemy.actor.Manager.run(Manager.java:1263)
	at ptolemy.actor.Manager$PtolemyRunThread.run(Manager.java:1933)
java.lang.RuntimeException: Execution failed
	at ptolemy.moml.MoMLSimpleApplication$UnloadThread.run(MoMLSimpleApplication.java:402)
Caused by: ptolemy.kernel.util.IllegalActionException: Test fails in iteration 1.
Value was: 1.0. Should have been: 2.0
  in .DirectFeedback.Test
	at ptolemy.actor.lib.Test.fire(Test.java:268)
	at ptolemy.domains.de.kernel.DEDirector._fire(DEDirector.java:1949)
	at ptolemy.domains.de.kernel.DEDirector.fire(DEDirector.java:502)
	at ptolemy.actor.CompositeActor.fire(CompositeActor.java:455)
	at ptolemy.actor.Manager.iterate(Manager.java:851)
	at ptolemy.actor.Manager.execute(Manager.java:369)
	at ptolemy.actor.Manager.run(Manager.java:1263)
	at ptolemy.actor.Manager$PtolemyRunThread.run(Manager.java:1933)
java.lang.reflect.InvocationTargetException
	at java.base/jdk.internal.reflect.NativeConstructorAccessorImpl.newInstance0(Native Method)
	at java.base/jdk.internal.reflect.NativeConstructorAccessorImpl.newInstance(NativeConstructorAccessorImpl.java:62)
	at java.base/jdk.internal.reflect.DelegatingConstructorAccessorImpl.newInstance(DelegatingConstructorAccessorImpl.java:45)
	at java.base/java.lang.reflect.Constructor.newInstance(Constructor.java:490)
	at ptolemy.util.test.junit.AutoKnownFailedTests.RunModel(AutoKnownFailedTests.java:105)
	at java.base/jdk.internal.reflect.NativeMethodAccessorImpl.invoke0(Native Method)
	at java.base/jdk.internal.reflect.NativeMethodAccessorImpl.invoke(NativeMethodAccessorImpl.java:62)
	at java.base/jdk.internal.reflect.DelegatingMethodAccessorImpl.invoke(DelegatingMethodAccessorImpl.java:43)
	at java.base/java.lang.reflect.Method.invoke(Method.java:566)
	at org.junit.runners.model.FrameworkMethod$1.runReflectiveCall(FrameworkMethod.java:44)
	at org.junit.internal.runners.model.ReflectiveCallable.run(ReflectiveCallable.java:15)
	at org.junit.runners.model.FrameworkMethod.invokeExplosively(FrameworkMethod.java:41)
	at junitparams.internal.InvokeParameterisedMethod.evaluate(InvokeParameterisedMethod.java:102)
	at org.junit.internal.runners.statements.FailOnTimeout$1.run(FailOnTimeout.java:28)
Caused by: ptolemy.kernel.util.IllegalActionException: Test fails in iteration 1.
Value was: 1.0. Should have been: 2.0
  in .DirectFeedback.Test
	at ptolemy.actor.lib.Test.fire(Test.java:268)
	at ptolemy.domains.de.kernel.DEDirector._fire(DEDirector.java:1949)
	at ptolemy.domains.de.kernel.DEDirector.fire(DEDirector.java:502)
	at ptolemy.actor.CompositeActor.fire(CompositeActor.java:455)
	at ptolemy.actor.Manager.iterate(Manager.java:851)
	at ptolemy.actor.Manager.execute(Manager.java:369)
	at ptolemy.actor.Manager.run(Manager.java:1263)
	at ptolemy.actor.Manager$PtolemyRunThread.run(Manager.java:1933)
java.lang.RuntimeException: Execution failed
	at ptolemy.moml.MoMLSimpleApplication$UnloadThread.run(MoMLSimpleApplication.java:402)
Caused by: ptolemy.kernel.util.IllegalActionException: Found a zero delay loop containing .HierarchicalModel.A
  in .HierarchicalModel and .HierarchicalModel.A
	at ptolemy.actor.util.CausalityInterfaceForComposites._computeOutputPortDepth(CausalityInterfaceForComposites.java:759)
	at ptolemy.actor.util.CausalityInterfaceForComposites._computeInputDepth(CausalityInterfaceForComposites.java:696)
	at ptolemy.actor.util.CausalityInterfaceForComposites._computeOutputPortDepth(CausalityInterfaceForComposites.java:765)
	at ptolemy.actor.util.CausalityInterfaceForComposites._computeInputDepth(CausalityInterfaceForComposites.java:696)
	at ptolemy.actor.util.CausalityInterfaceForComposites._computeOutputPortDepth(CausalityInterfaceForComposites.java:765)
	at ptolemy.actor.util.CausalityInterfaceForComposites._computeInputDepth(CausalityInterfaceForComposites.java:696)
	at ptolemy.actor.util.CausalityInterfaceForComposites._computeActorDepth(CausalityInterfaceForComposites.java:532)
	at ptolemy.actor.util.CausalityInterfaceForComposites.checkForCycles(CausalityInterfaceForComposites.java:96)
	at ptolemy.domains.de.kernel.DEDirector.preinitialize(DEDirector.java:1338)
	at ptolemy.actor.CompositeActor.preinitialize(CompositeActor.java:1828)
	at ptolemy.actor.Manager.preinitializeAndResolveTypes(Manager.java:1040)
	at ptolemy.actor.Manager.initialize(Manager.java:710)
	at ptolemy.actor.Manager.execute(Manager.java:356)
	at ptolemy.actor.Manager.run(Manager.java:1263)
	at ptolemy.actor.Manager$PtolemyRunThread.run(Manager.java:1933)
java.lang.reflect.InvocationTargetException
	at java.base/jdk.internal.reflect.NativeConstructorAccessorImpl.newInstance0(Native Method)
	at java.base/jdk.internal.reflect.NativeConstructorAccessorImpl.newInstance(NativeConstructorAccessorImpl.java:62)
	at java.base/jdk.internal.reflect.DelegatingConstructorAccessorImpl.newInstance(DelegatingConstructorAccessorImpl.java:45)
	at java.base/java.lang.reflect.Constructor.newInstance(Constructor.java:490)
	at ptolemy.util.test.junit.AutoKnownFailedTests.RunModel(AutoKnownFailedTests.java:105)
	at java.base/jdk.internal.reflect.NativeMethodAccessorImpl.invoke0(Native Method)
	at java.base/jdk.internal.reflect.NativeMethodAccessorImpl.invoke(NativeMethodAccessorImpl.java:62)
	at java.base/jdk.internal.reflect.DelegatingMethodAccessorImpl.invoke(DelegatingMethodAccessorImpl.java:43)
	at java.base/java.lang.reflect.Method.invoke(Method.java:566)
	at org.junit.runners.model.FrameworkMethod$1.runReflectiveCall(FrameworkMethod.java:44)
	at org.junit.internal.runners.model.ReflectiveCallable.run(ReflectiveCallable.java:15)
	at org.junit.runners.model.FrameworkMethod.invokeExplosively(FrameworkMethod.java:41)
	at junitparams.internal.InvokeParameterisedMethod.evaluate(InvokeParameterisedMethod.java:102)
	at org.junit.internal.runners.statements.FailOnTimeout$1.run(FailOnTimeout.java:28)
Caused by: ptolemy.kernel.util.IllegalActionException: Found a zero delay loop containing .HierarchicalModel.A
  in .HierarchicalModel and .HierarchicalModel.A
	at ptolemy.actor.util.CausalityInterfaceForComposites._computeOutputPortDepth(CausalityInterfaceForComposites.java:759)
	at ptolemy.actor.util.CausalityInterfaceForComposites._computeInputDepth(CausalityInterfaceForComposites.java:696)
	at ptolemy.actor.util.CausalityInterfaceForComposites._computeOutputPortDepth(CausalityInterfaceForComposites.java:765)
	at ptolemy.actor.util.CausalityInterfaceForComposites._computeInputDepth(CausalityInterfaceForComposites.java:696)
	at ptolemy.actor.util.CausalityInterfaceForComposites._computeOutputPortDepth(CausalityInterfaceForComposites.java:765)
	at ptolemy.actor.util.CausalityInterfaceForComposites._computeInputDepth(CausalityInterfaceForComposites.java:696)
	at ptolemy.actor.util.CausalityInterfaceForComposites._computeActorDepth(CausalityInterfaceForComposites.java:532)
	at ptolemy.actor.util.CausalityInterfaceForComposites.checkForCycles(CausalityInterfaceForComposites.java:96)
	at ptolemy.domains.de.kernel.DEDirector.preinitialize(DEDirector.java:1338)
	at ptolemy.actor.CompositeActor.preinitialize(CompositeActor.java:1828)
	at ptolemy.actor.Manager.preinitializeAndResolveTypes(Manager.java:1040)
	at ptolemy.actor.Manager.initialize(Manager.java:710)
	at ptolemy.actor.Manager.execute(Manager.java:356)
	at ptolemy.actor.Manager.run(Manager.java:1263)
	at ptolemy.actor.Manager$PtolemyRunThread.run(Manager.java:1933)
java.lang.RuntimeException: Execution failed
	at ptolemy.moml.MoMLSimpleApplication$UnloadThread.run(MoMLSimpleApplication.java:402)
Caused by: ptolemy.kernel.util.IllegalActionException: Found a zero delay loop containing .dependencyLoop.original
  in .dependencyLoop and .dependencyLoop.original
	at ptolemy.actor.util.CausalityInterfaceForComposites._computeOutputPortDepth(CausalityInterfaceForComposites.java:759)
	at ptolemy.actor.util.CausalityInterfaceForComposites._computeInputDepth(CausalityInterfaceForComposites.java:696)
	at ptolemy.actor.util.CausalityInterfaceForComposites._computeOutputPortDepth(CausalityInterfaceForComposites.java:765)
	at ptolemy.actor.util.CausalityInterfaceForComposites._computeInputDepth(CausalityInterfaceForComposites.java:696)
	at ptolemy.actor.util.CausalityInterfaceForComposites._computeOutputPortDepth(CausalityInterfaceForComposites.java:765)
	at ptolemy.actor.util.CausalityInterfaceForComposites._computeInputDepth(CausalityInterfaceForComposites.java:696)
	at ptolemy.actor.util.CausalityInterfaceForComposites._computeActorDepth(CausalityInterfaceForComposites.java:532)
	at ptolemy.actor.util.CausalityInterfaceForComposites.checkForCycles(CausalityInterfaceForComposites.java:96)
	at ptolemy.domains.de.kernel.DEDirector.preinitialize(DEDirector.java:1338)
	at ptolemy.actor.CompositeActor.preinitialize(CompositeActor.java:1828)
	at ptolemy.actor.Manager.preinitializeAndResolveTypes(Manager.java:1040)
	at ptolemy.actor.Manager.initialize(Manager.java:710)
	at ptolemy.actor.Manager.execute(Manager.java:356)
	at ptolemy.actor.Manager.run(Manager.java:1263)
	at ptolemy.actor.Manager$PtolemyRunThread.run(Manager.java:1933)
java.lang.reflect.InvocationTargetException
	at java.base/jdk.internal.reflect.NativeConstructorAccessorImpl.newInstance0(Native Method)
	at java.base/jdk.internal.reflect.NativeConstructorAccessorImpl.newInstance(NativeConstructorAccessorImpl.java:62)
	at java.base/jdk.internal.reflect.DelegatingConstructorAccessorImpl.newInstance(DelegatingConstructorAccessorImpl.java:45)
	at java.base/java.lang.reflect.Constructor.newInstance(Constructor.java:490)
	at ptolemy.util.test.junit.AutoKnownFailedTests.RunModel(AutoKnownFailedTests.java:105)
	at java.base/jdk.internal.reflect.NativeMethodAccessorImpl.invoke0(Native Method)
	at java.base/jdk.internal.reflect.NativeMethodAccessorImpl.invoke(NativeMethodAccessorImpl.java:62)
	at java.base/jdk.internal.reflect.DelegatingMethodAccessorImpl.invoke(DelegatingMethodAccessorImpl.java:43)
	at java.base/java.lang.reflect.Method.invoke(Method.java:566)
	at org.junit.runners.model.FrameworkMethod$1.runReflectiveCall(FrameworkMethod.java:44)
	at org.junit.internal.runners.model.ReflectiveCallable.run(ReflectiveCallable.java:15)
	at org.junit.runners.model.FrameworkMethod.invokeExplosively(FrameworkMethod.java:41)
	at junitparams.internal.InvokeParameterisedMethod.evaluate(InvokeParameterisedMethod.java:102)
	at org.junit.internal.runners.statements.FailOnTimeout$1.run(FailOnTimeout.java:28)
Caused by: ptolemy.kernel.util.IllegalActionException: Found a zero delay loop containing .dependencyLoop.original
  in .dependencyLoop and .dependencyLoop.original
	at ptolemy.actor.util.CausalityInterfaceForComposites._computeOutputPortDepth(CausalityInterfaceForComposites.java:759)
	at ptolemy.actor.util.CausalityInterfaceForComposites._computeInputDepth(CausalityInterfaceForComposites.java:696)
	at ptolemy.actor.util.CausalityInterfaceForComposites._computeOutputPortDepth(CausalityInterfaceForComposites.java:765)
	at ptolemy.actor.util.CausalityInterfaceForComposites._computeInputDepth(CausalityInterfaceForComposites.java:696)
	at ptolemy.actor.util.CausalityInterfaceForComposites._computeOutputPortDepth(CausalityInterfaceForComposites.java:765)
	at ptolemy.actor.util.CausalityInterfaceForComposites._computeInputDepth(CausalityInterfaceForComposites.java:696)
	at ptolemy.actor.util.CausalityInterfaceForComposites._computeActorDepth(CausalityInterfaceForComposites.java:532)
	at ptolemy.actor.util.CausalityInterfaceForComposites.checkForCycles(CausalityInterfaceForComposites.java:96)
	at ptolemy.domains.de.kernel.DEDirector.preinitialize(DEDirector.java:1338)
	at ptolemy.actor.CompositeActor.preinitialize(CompositeActor.java:1828)
	at ptolemy.actor.Manager.preinitializeAndResolveTypes(Manager.java:1040)
	at ptolemy.actor.Manager.initialize(Manager.java:710)
	at ptolemy.actor.Manager.execute(Manager.java:356)
	at ptolemy.actor.Manager.run(Manager.java:1263)
	at ptolemy.actor.Manager$PtolemyRunThread.run(Manager.java:1933)
java.lang.RuntimeException: Execution failed
	at ptolemy.moml.MoMLSimpleApplication$UnloadThread.run(MoMLSimpleApplication.java:402)
Caused by: ptolemy.kernel.util.IllegalActionException: Found a zero delay loop containing .dependencyLoop2.original
  in .dependencyLoop2 and .dependencyLoop2.original
	at ptolemy.actor.util.CausalityInterfaceForComposites._computeOutputPortDepth(CausalityInterfaceForComposites.java:759)
	at ptolemy.actor.util.CausalityInterfaceForComposites._computeInputDepth(CausalityInterfaceForComposites.java:696)
	at ptolemy.actor.util.CausalityInterfaceForComposites._computeOutputPortDepth(CausalityInterfaceForComposites.java:765)
	at ptolemy.actor.util.CausalityInterfaceForComposites._computeInputDepth(CausalityInterfaceForComposites.java:696)
	at ptolemy.actor.util.CausalityInterfaceForComposites._computeOutputPortDepth(CausalityInterfaceForComposites.java:765)
	at ptolemy.actor.util.CausalityInterfaceForComposites._computeInputDepth(CausalityInterfaceForComposites.java:696)
	at ptolemy.actor.util.CausalityInterfaceForComposites._computeActorDepth(CausalityInterfaceForComposites.java:532)
	at ptolemy.actor.util.CausalityInterfaceForComposites.checkForCycles(CausalityInterfaceForComposites.java:96)
	at ptolemy.domains.de.kernel.DEDirector.preinitialize(DEDirector.java:1338)
	at ptolemy.actor.CompositeActor.preinitialize(CompositeActor.java:1828)
	at ptolemy.actor.Manager.preinitializeAndResolveTypes(Manager.java:1040)
	at ptolemy.actor.Manager.initialize(Manager.java:710)
	at ptolemy.actor.Manager.execute(Manager.java:356)
	at ptolemy.actor.Manager.run(Manager.java:1263)
	at ptolemy.actor.Manager$PtolemyRunThread.run(Manager.java:1933)
java.lang.reflect.InvocationTargetException
	at java.base/jdk.internal.reflect.NativeConstructorAccessorImpl.newInstance0(Native Method)
	at java.base/jdk.internal.reflect.NativeConstructorAccessorImpl.newInstance(NativeConstructorAccessorImpl.java:62)
	at java.base/jdk.internal.reflect.DelegatingConstructorAccessorImpl.newInstance(DelegatingConstructorAccessorImpl.java:45)
	at java.base/java.lang.reflect.Constructor.newInstance(Constructor.java:490)
	at ptolemy.util.test.junit.AutoKnownFailedTests.RunModel(AutoKnownFailedTests.java:105)
	at java.base/jdk.internal.reflect.NativeMethodAccessorImpl.invoke0(Native Method)
	at java.base/jdk.internal.reflect.NativeMethodAccessorImpl.invoke(NativeMethodAccessorImpl.java:62)
	at java.base/jdk.internal.reflect.DelegatingMethodAccessorImpl.invoke(DelegatingMethodAccessorImpl.java:43)
	at java.base/java.lang.reflect.Method.invoke(Method.java:566)
	at org.junit.runners.model.FrameworkMethod$1.runReflectiveCall(FrameworkMethod.java:44)
	at org.junit.internal.runners.model.ReflectiveCallable.run(ReflectiveCallable.java:15)
	at org.junit.runners.model.FrameworkMethod.invokeExplosively(FrameworkMethod.java:41)
	at junitparams.internal.InvokeParameterisedMethod.evaluate(InvokeParameterisedMethod.java:102)
	at org.junit.internal.runners.statements.FailOnTimeout$1.run(FailOnTimeout.java:28)
Caused by: ptolemy.kernel.util.IllegalActionException: Found a zero delay loop containing .dependencyLoop2.original
  in .dependencyLoop2 and .dependencyLoop2.original
	at ptolemy.actor.util.CausalityInterfaceForComposites._computeOutputPortDepth(CausalityInterfaceForComposites.java:759)
	at ptolemy.actor.util.CausalityInterfaceForComposites._computeInputDepth(CausalityInterfaceForComposites.java:696)
	at ptolemy.actor.util.CausalityInterfaceForComposites._computeOutputPortDepth(CausalityInterfaceForComposites.java:765)
	at ptolemy.actor.util.CausalityInterfaceForComposites._computeInputDepth(CausalityInterfaceForComposites.java:696)
	at ptolemy.actor.util.CausalityInterfaceForComposites._computeOutputPortDepth(CausalityInterfaceForComposites.java:765)
	at ptolemy.actor.util.CausalityInterfaceForComposites._computeInputDepth(CausalityInterfaceForComposites.java:696)
	at ptolemy.actor.util.CausalityInterfaceForComposites._computeActorDepth(CausalityInterfaceForComposites.java:532)
	at ptolemy.actor.util.CausalityInterfaceForComposites.checkForCycles(CausalityInterfaceForComposites.java:96)
	at ptolemy.domains.de.kernel.DEDirector.preinitialize(DEDirector.java:1338)
	at ptolemy.actor.CompositeActor.preinitialize(CompositeActor.java:1828)
	at ptolemy.actor.Manager.preinitializeAndResolveTypes(Manager.java:1040)
	at ptolemy.actor.Manager.initialize(Manager.java:710)
	at ptolemy.actor.Manager.execute(Manager.java:356)
	at ptolemy.actor.Manager.run(Manager.java:1263)
	at ptolemy.actor.Manager$PtolemyRunThread.run(Manager.java:1933)
]]></system-err>
</testsuite>
