<?xml version="1.0" encoding="UTF-8" ?>
<testsuite errors="0" failures="0" hostname="travis-job-46872f5a-1a99-4ec6-aa32-e30440da7f68" name="ptolemy.actor.lib.hoc.test.junit.JUnitTclTest" skipped="0" tests="58" time="32.417" timestamp="2020-02-16T21:48:38">
  <properties>
[...]
</properties>
  <testcase classname="ptolemy.util.test.junit.TclTests" name="[0] /home/travis/build/icyphy/ptII/ptolemy/actor/lib/hoc/test/IterateOverArray.tcl (RunTclFile)" time="0.295" />
  <testcase classname="ptolemy.util.test.junit.AutoKnownFailedTests" name="[0] /home/travis/build/icyphy/ptII/ptolemy/actor/lib/hoc/test/auto/knownFailedTests/PreinitializeMustBeInvokedRunComposite.xml (RunModel)" time="0.446" />
  <testcase classname="ptolemy.util.test.junit.AutoNameArchTests" name="[0] ThereAreNoAutoArchTests (RunModel)" time="0.006" />
  <testcase classname="ptolemy.util.test.junit.AutoTests" name="[0] /home/travis/build/icyphy/ptII/ptolemy/actor/lib/hoc/test/auto/AllToAllMultiInstanceComposite.xml (RunModel)" time="0.401" />
  <testcase classname="ptolemy.util.test.junit.AutoTests" name="[1] /home/travis/build/icyphy/ptII/ptolemy/actor/lib/hoc/test/auto/ApplyFFTTest.xml (RunModel)" time="0.424" />
  <testcase classname="ptolemy.util.test.junit.AutoTests" name="[2] /home/travis/build/icyphy/ptII/ptolemy/actor/lib/hoc/test/auto/ApplyFunction.xml (RunModel)" time="0.04" />
  <testcase classname="ptolemy.util.test.junit.AutoTests" name="[3] /home/travis/build/icyphy/ptII/ptolemy/actor/lib/hoc/test/auto/BackgroundExecution.xml (RunModel)" time="0.708" />
  <testcase classname="ptolemy.util.test.junit.AutoTests" name="[4] /home/travis/build/icyphy/ptII/ptolemy/actor/lib/hoc/test/auto/Case.xml (RunModel)" time="0.071" />
  <testcase classname="ptolemy.util.test.junit.AutoTests" name="[5] /home/travis/build/icyphy/ptII/ptolemy/actor/lib/hoc/test/auto/Case1.xml (RunModel)" time="0.052" />
  <testcase classname="ptolemy.util.test.junit.AutoTests" name="[6] /home/travis/build/icyphy/ptII/ptolemy/actor/lib/hoc/test/auto/Case2.xml (RunModel)" time="0.125" />
  <testcase classname="ptolemy.util.test.junit.AutoTests" name="[7] /home/travis/build/icyphy/ptII/ptolemy/actor/lib/hoc/test/auto/Case3.xml (RunModel)" time="0.039" />
  <testcase classname="ptolemy.util.test.junit.AutoTests" name="[8] /home/travis/build/icyphy/ptII/ptolemy/actor/lib/hoc/test/auto/Case4.xml (RunModel)" time="0.062" />
  <testcase classname="ptolemy.util.test.junit.AutoTests" name="[9] /home/travis/build/icyphy/ptII/ptolemy/actor/lib/hoc/test/auto/Case5.xml (RunModel)" time="0.076" />
  <testcase classname="ptolemy.util.test.junit.AutoTests" name="[10] /home/travis/build/icyphy/ptII/ptolemy/actor/lib/hoc/test/auto/Case6.xml (RunModel)" time="0.091" />
  <testcase classname="ptolemy.util.test.junit.AutoTests" name="[11] /home/travis/build/icyphy/ptII/ptolemy/actor/lib/hoc/test/auto/CaseString2.xml (RunModel)" time="0.057" />
  <testcase classname="ptolemy.util.test.junit.AutoTests" name="[12] /home/travis/build/icyphy/ptII/ptolemy/actor/lib/hoc/test/auto/CatchUpComposite1.xml (RunModel)" time="0.074" />
  <testcase classname="ptolemy.util.test.junit.AutoTests" name="[13] /home/travis/build/icyphy/ptII/ptolemy/actor/lib/hoc/test/auto/CatchUpComposite2.xml (RunModel)" time="0.039" />
  <testcase classname="ptolemy.util.test.junit.AutoTests" name="[14] /home/travis/build/icyphy/ptII/ptolemy/actor/lib/hoc/test/auto/CatchUpComposite3.xml (RunModel)" time="0.059" />
  <testcase classname="ptolemy.util.test.junit.AutoTests" name="[15] /home/travis/build/icyphy/ptII/ptolemy/actor/lib/hoc/test/auto/CatchUpComposite4.xml (RunModel)" time="0.059" />
  <testcase classname="ptolemy.util.test.junit.AutoTests" name="[16] /home/travis/build/icyphy/ptII/ptolemy/actor/lib/hoc/test/auto/CatchUpComposite5.xml (RunModel)" time="0.048" />
  <testcase classname="ptolemy.util.test.junit.AutoTests" name="[17] /home/travis/build/icyphy/ptII/ptolemy/actor/lib/hoc/test/auto/CatchUpComposite6.xml (RunModel)" time="0.165" />
  <testcase classname="ptolemy.util.test.junit.AutoTests" name="[18] /home/travis/build/icyphy/ptII/ptolemy/actor/lib/hoc/test/auto/CatchUpComposite7.xml (RunModel)" time="0.087" />
  <testcase classname="ptolemy.util.test.junit.AutoTests" name="[19] /home/travis/build/icyphy/ptII/ptolemy/actor/lib/hoc/test/auto/ConcurrentExecutionTimeSDF.xml (RunModel)" time="1.245" />
  <testcase classname="ptolemy.util.test.junit.AutoTests" name="[20] /home/travis/build/icyphy/ptII/ptolemy/actor/lib/hoc/test/auto/ConcurrentSleep.xml (RunModel)" time="0.774" />
  <testcase classname="ptolemy.util.test.junit.AutoTests" name="[21] /home/travis/build/icyphy/ptII/ptolemy/actor/lib/hoc/test/auto/DEInPNInRunCompositeActor.xml (RunModel)" time="0.034" />
  <testcase classname="ptolemy.util.test.junit.AutoTests" name="[22] /home/travis/build/icyphy/ptII/ptolemy/actor/lib/hoc/test/auto/DFTSubSetTest.xml (RunModel)" time="0.28" />
  <testcase classname="ptolemy.util.test.junit.AutoTests" name="[23] /home/travis/build/icyphy/ptII/ptolemy/actor/lib/hoc/test/auto/HocDE.xml (RunModel)" time="0.137" />
  <testcase classname="ptolemy.util.test.junit.AutoTests" name="[24] /home/travis/build/icyphy/ptII/ptolemy/actor/lib/hoc/test/auto/IterateOverArray.xml (RunModel)" time="0.035" />
  <testcase classname="ptolemy.util.test.junit.AutoTests" name="[25] /home/travis/build/icyphy/ptII/ptolemy/actor/lib/hoc/test/auto/IterateOverArray10.xml (RunModel)" time="0.026" />
  <testcase classname="ptolemy.util.test.junit.AutoTests" name="[26] /home/travis/build/icyphy/ptII/ptolemy/actor/lib/hoc/test/auto/IterateOverArray11.xml (RunModel)" time="0.024" />
  <testcase classname="ptolemy.util.test.junit.AutoTests" name="[27] /home/travis/build/icyphy/ptII/ptolemy/actor/lib/hoc/test/auto/IterateOverArray12.xml (RunModel)" time="0.039" />
  <testcase classname="ptolemy.util.test.junit.AutoTests" name="[28] /home/travis/build/icyphy/ptII/ptolemy/actor/lib/hoc/test/auto/IterateOverArray13.xml (RunModel)" time="0.172" />
  <testcase classname="ptolemy.util.test.junit.AutoTests" name="[29] /home/travis/build/icyphy/ptII/ptolemy/actor/lib/hoc/test/auto/IterateOverArray14.xml (RunModel)" time="0.18" />
  <testcase classname="ptolemy.util.test.junit.AutoTests" name="[30] /home/travis/build/icyphy/ptII/ptolemy/actor/lib/hoc/test/auto/IterateOverArray2.xml (RunModel)" time="0.029" />
  <testcase classname="ptolemy.util.test.junit.AutoTests" name="[31] /home/travis/build/icyphy/ptII/ptolemy/actor/lib/hoc/test/auto/IterateOverArray3.xml (RunModel)" time="0.046" />
  <testcase classname="ptolemy.util.test.junit.AutoTests" name="[32] /home/travis/build/icyphy/ptII/ptolemy/actor/lib/hoc/test/auto/IterateOverArray4.xml (RunModel)" time="0.026" />
  <testcase classname="ptolemy.util.test.junit.AutoTests" name="[33] /home/travis/build/icyphy/ptII/ptolemy/actor/lib/hoc/test/auto/IterateOverArray5.xml (RunModel)" time="0.017" />
  <testcase classname="ptolemy.util.test.junit.AutoTests" name="[34] /home/travis/build/icyphy/ptII/ptolemy/actor/lib/hoc/test/auto/IterateOverArray6.xml (RunModel)" time="0.014" />
  <testcase classname="ptolemy.util.test.junit.AutoTests" name="[35] /home/travis/build/icyphy/ptII/ptolemy/actor/lib/hoc/test/auto/IterateOverArray7.xml (RunModel)" time="0.018" />
  <testcase classname="ptolemy.util.test.junit.AutoTests" name="[36] /home/travis/build/icyphy/ptII/ptolemy/actor/lib/hoc/test/auto/IterateOverArray8.xml (RunModel)" time="0.021" />
  <testcase classname="ptolemy.util.test.junit.AutoTests" name="[37] /home/travis/build/icyphy/ptII/ptolemy/actor/lib/hoc/test/auto/IterateOverArray9.xml (RunModel)" time="0.023" />
  <testcase classname="ptolemy.util.test.junit.AutoTests" name="[38] /home/travis/build/icyphy/ptII/ptolemy/actor/lib/hoc/test/auto/IterateOverArrayCoercedOutputType.xml (RunModel)" time="0.035" />
  <testcase classname="ptolemy.util.test.junit.AutoTests" name="[39] /home/travis/build/icyphy/ptII/ptolemy/actor/lib/hoc/test/auto/IterateOverArrayInferredOutputType.xml (RunModel)" time="0.034" />
  <testcase classname="ptolemy.util.test.junit.AutoTests" name="[40] /home/travis/build/icyphy/ptII/ptolemy/actor/lib/hoc/test/auto/MobileFunctionTest.xml (RunModel)" time="0.022" />
  <testcase classname="ptolemy.util.test.junit.AutoTests" name="[41] /home/travis/build/icyphy/ptII/ptolemy/actor/lib/hoc/test/auto/MobileModelTest.xml (RunModel)" time="0.172" />
  <testcase classname="ptolemy.util.test.junit.AutoTests" name="[42] /home/travis/build/icyphy/ptII/ptolemy/actor/lib/hoc/test/auto/ModelReference.xml (RunModel)" time="0.073" />
  <testcase classname="ptolemy.util.test.junit.AutoTests" name="[43] /home/travis/build/icyphy/ptII/ptolemy/actor/lib/hoc/test/auto/ModelReference3.xml (RunModel)" time="0.063" />
  <testcase classname="ptolemy.util.test.junit.AutoTests" name="[44] /home/travis/build/icyphy/ptII/ptolemy/actor/lib/hoc/test/auto/ModelReference4.xml (RunModel)" time="10.028" />
  <testcase classname="ptolemy.util.test.junit.AutoTests" name="[45] /home/travis/build/icyphy/ptII/ptolemy/actor/lib/hoc/test/auto/MultiInstanceComposite.xml (RunModel)" time="0.059" />
  <testcase classname="ptolemy.util.test.junit.AutoTests" name="[46] /home/travis/build/icyphy/ptII/ptolemy/actor/lib/hoc/test/auto/MultiInstanceComposite2.xml (RunModel)" time="0.046" />
  <testcase classname="ptolemy.util.test.junit.AutoTests" name="[47] /home/travis/build/icyphy/ptII/ptolemy/actor/lib/hoc/test/auto/MulticoreExecution.xml (RunModel)" time="1.116" />
  <testcase classname="ptolemy.util.test.junit.AutoTests" name="[48] /home/travis/build/icyphy/ptII/ptolemy/actor/lib/hoc/test/auto/ParallelExecution.xml (RunModel)" time="0.939" />
  <testcase classname="ptolemy.util.test.junit.AutoTests" name="[49] /home/travis/build/icyphy/ptII/ptolemy/actor/lib/hoc/test/auto/RunCompositeActor.xml (RunModel)" time="0.021" />
  <testcase classname="ptolemy.util.test.junit.AutoTests" name="[50] /home/travis/build/icyphy/ptII/ptolemy/actor/lib/hoc/test/auto/RunCompositeActor2.xml (RunModel)" time="0.025" />
  <testcase classname="ptolemy.util.test.junit.AutoTests" name="[51] /home/travis/build/icyphy/ptII/ptolemy/actor/lib/hoc/test/auto/RunCompositeActor3.xml (RunModel)" time="0.016" />
  <testcase classname="ptolemy.util.test.junit.AutoTests" name="[52] /home/travis/build/icyphy/ptII/ptolemy/actor/lib/hoc/test/auto/RunCompositeActor4.xml (RunModel)" time="0.025" />
  <testcase classname="ptolemy.util.test.junit.AutoTests" name="[53] /home/travis/build/icyphy/ptII/ptolemy/actor/lib/hoc/test/auto/RunCompositeIterateOverArray.xml (RunModel)" time="0.042" />
  <testcase classname="ptolemy.util.test.junit.AutoTests" name="[54] /home/travis/build/icyphy/ptII/ptolemy/actor/lib/hoc/test/auto/ThreadedJS.xml (RunModel)" time="12.374" />
  <system-out><![CDATA[/home/travis/build/icyphy/ptII/ptolemy/actor/lib/hoc/test/IterateOverArray.tcl
testDefs.tcl: setting time out to 9000 seconds at Sun Feb 16 21:48:38 UTC 2020
02/16/20 09:48:38
Failed: 0  Total Tests: 2  ((Passed: 2, Newly Passed: 0)  Known Failed: 0) /home/travis/build/icyphy/ptII/ptolemy/actor/lib/hoc/test
----------------- testing (KnownFailure) /home/travis/build/icyphy/ptII/ptolemy/actor/lib/hoc/test/auto/knownFailedTests/PreinitializeMustBeInvokedRunComposite.xml
116 ms. Memory: 129024K Free: 86470K (67%)
Known Failure: java.lang.reflect.InvocationTargetException
No auto/linux-amd64/*.xml tests in /home/travis/build/icyphy/ptII/ptolemy/actor/lib/hoc/test
AutoTests.java: About to close Vertx.
AutoTests.java: Vertx closed.

===========================================================================================
----------------- testing Sun Feb 16 21:48:39 UTC 2020 /home/travis/build/icyphy/ptII/ptolemy/actor/lib/hoc/test/auto/AllToAllMultiInstanceComposite.xml
----------------- Instantiating /home/travis/build/icyphy/ptII/ptolemy/actor/lib/hoc/test/auto/AllToAllMultiInstanceComposite.xml
216 ms. Memory: 129024K Free: 103980K (81%)
----------------- Invoking toplevel() on ptolemy.moml.MoMLSimpleApplication@777b6d7a
----------------- Done invoking toplevel() on ptolemy.moml.MoMLSimpleApplication@777b6d7a
reloadAllAccessors: .AllToAllMultiInstanceComposite

===========================================================================================
----------------- testing Sun Feb 16 21:48:39 UTC 2020 /home/travis/build/icyphy/ptII/ptolemy/actor/lib/hoc/test/auto/ApplyFFTTest.xml
----------------- Instantiating /home/travis/build/icyphy/ptII/ptolemy/actor/lib/hoc/test/auto/ApplyFFTTest.xml
127 ms. Memory: 129024K Free: 85184K (66%)
----------------- Invoking toplevel() on ptolemy.moml.MoMLSimpleApplication@6f0321b9
----------------- Done invoking toplevel() on ptolemy.moml.MoMLSimpleApplication@6f0321b9
reloadAllAccessors: .ApplyFFTTest

===========================================================================================
----------------- testing Sun Feb 16 21:48:40 UTC 2020 /home/travis/build/icyphy/ptII/ptolemy/actor/lib/hoc/test/auto/ApplyFunction.xml
----------------- Instantiating /home/travis/build/icyphy/ptII/ptolemy/actor/lib/hoc/test/auto/ApplyFunction.xml
5 ms. Memory: 129024K Free: 82172K (64%)
----------------- Invoking toplevel() on ptolemy.moml.MoMLSimpleApplication@5ab83eef
----------------- Done invoking toplevel() on ptolemy.moml.MoMLSimpleApplication@5ab83eef
reloadAllAccessors: .ApplyFunction

===========================================================================================
----------------- testing Sun Feb 16 21:48:40 UTC 2020 /home/travis/build/icyphy/ptII/ptolemy/actor/lib/hoc/test/auto/BackgroundExecution.xml
----------------- Instantiating /home/travis/build/icyphy/ptII/ptolemy/actor/lib/hoc/test/auto/BackgroundExecution.xml
621 ms. Memory: 129024K Free: 75022K (58%)
----------------- Invoking toplevel() on ptolemy.moml.MoMLSimpleApplication@496af035
----------------- Done invoking toplevel() on ptolemy.moml.MoMLSimpleApplication@496af035
reloadAllAccessors: .BackgroundExecution

===========================================================================================
----------------- testing Sun Feb 16 21:48:40 UTC 2020 /home/travis/build/icyphy/ptII/ptolemy/actor/lib/hoc/test/auto/Case.xml
----------------- Instantiating /home/travis/build/icyphy/ptII/ptolemy/actor/lib/hoc/test/auto/Case.xml
24 ms. Memory: 129024K Free: 112711K (87%)
----------------- Invoking toplevel() on ptolemy.moml.MoMLSimpleApplication@71621773
----------------- Done invoking toplevel() on ptolemy.moml.MoMLSimpleApplication@71621773
reloadAllAccessors: .Case

===========================================================================================
----------------- testing Sun Feb 16 21:48:41 UTC 2020 /home/travis/build/icyphy/ptII/ptolemy/actor/lib/hoc/test/auto/Case1.xml
----------------- Instantiating /home/travis/build/icyphy/ptII/ptolemy/actor/lib/hoc/test/auto/Case1.xml
13 ms. Memory: 129024K Free: 105805K (82%)
----------------- Invoking toplevel() on ptolemy.moml.MoMLSimpleApplication@25d33f7
----------------- Done invoking toplevel() on ptolemy.moml.MoMLSimpleApplication@25d33f7
reloadAllAccessors: .Case1

===========================================================================================
----------------- testing Sun Feb 16 21:48:41 UTC 2020 /home/travis/build/icyphy/ptII/ptolemy/actor/lib/hoc/test/auto/Case2.xml
----------------- Instantiating /home/travis/build/icyphy/ptII/ptolemy/actor/lib/hoc/test/auto/Case2.xml
47 ms. Memory: 129024K Free: 95304K (74%)
----------------- Invoking toplevel() on ptolemy.moml.MoMLSimpleApplication@6c2c3132
----------------- Done invoking toplevel() on ptolemy.moml.MoMLSimpleApplication@6c2c3132
reloadAllAccessors: .Case2

===========================================================================================
----------------- testing Sun Feb 16 21:48:41 UTC 2020 /home/travis/build/icyphy/ptII/ptolemy/actor/lib/hoc/test/auto/Case3.xml
----------------- Instantiating /home/travis/build/icyphy/ptII/ptolemy/actor/lib/hoc/test/auto/Case3.xml
9 ms. Memory: 129024K Free: 89421K (69%)
----------------- Invoking toplevel() on ptolemy.moml.MoMLSimpleApplication@3a063d8a
----------------- Done invoking toplevel() on ptolemy.moml.MoMLSimpleApplication@3a063d8a
reloadAllAccessors: .Case3

===========================================================================================
----------------- testing Sun Feb 16 21:48:41 UTC 2020 /home/travis/build/icyphy/ptII/ptolemy/actor/lib/hoc/test/auto/Case4.xml
----------------- Instantiating /home/travis/build/icyphy/ptII/ptolemy/actor/lib/hoc/test/auto/Case4.xml
18 ms. Memory: 129024K Free: 81976K (64%)
----------------- Invoking toplevel() on ptolemy.moml.MoMLSimpleApplication@3d74cc38
----------------- Done invoking toplevel() on ptolemy.moml.MoMLSimpleApplication@3d74cc38
reloadAllAccessors: .Case4

===========================================================================================
----------------- testing Sun Feb 16 21:48:41 UTC 2020 /home/travis/build/icyphy/ptII/ptolemy/actor/lib/hoc/test/auto/Case5.xml
----------------- Instantiating /home/travis/build/icyphy/ptII/ptolemy/actor/lib/hoc/test/auto/Case5.xml
51 ms. Memory: 129024K Free: 75517K (59%)
----------------- Invoking toplevel() on ptolemy.moml.MoMLSimpleApplication@70da217e
----------------- Done invoking toplevel() on ptolemy.moml.MoMLSimpleApplication@70da217e
reloadAllAccessors: .junk

===========================================================================================
----------------- testing Sun Feb 16 21:48:41 UTC 2020 /home/travis/build/icyphy/ptII/ptolemy/actor/lib/hoc/test/auto/Case6.xml
----------------- Instantiating /home/travis/build/icyphy/ptII/ptolemy/actor/lib/hoc/test/auto/Case6.xml
35 ms. Memory: 129024K Free: 64084K (50%)
----------------- Invoking toplevel() on ptolemy.moml.MoMLSimpleApplication@38d44507
----------------- Done invoking toplevel() on ptolemy.moml.MoMLSimpleApplication@38d44507
reloadAllAccessors: .Case6

===========================================================================================
----------------- testing Sun Feb 16 21:48:41 UTC 2020 /home/travis/build/icyphy/ptII/ptolemy/actor/lib/hoc/test/auto/CaseString2.xml
----------------- Instantiating /home/travis/build/icyphy/ptII/ptolemy/actor/lib/hoc/test/auto/CaseString2.xml
12 ms. Memory: 129024K Free: 108392K (84%)
----------------- Invoking toplevel() on ptolemy.moml.MoMLSimpleApplication@421fac
----------------- Done invoking toplevel() on ptolemy.moml.MoMLSimpleApplication@421fac
reloadAllAccessors: .CaseString2

===========================================================================================
----------------- testing Sun Feb 16 21:48:41 UTC 2020 /home/travis/build/icyphy/ptII/ptolemy/actor/lib/hoc/test/auto/CatchUpComposite1.xml
----------------- Instantiating /home/travis/build/icyphy/ptII/ptolemy/actor/lib/hoc/test/auto/CatchUpComposite1.xml
28 ms. Memory: 129024K Free: 99176K (77%)
----------------- Invoking toplevel() on ptolemy.moml.MoMLSimpleApplication@5d9735dc
----------------- Done invoking toplevel() on ptolemy.moml.MoMLSimpleApplication@5d9735dc
reloadAllAccessors: .CatchUpComposite1

===========================================================================================
----------------- testing Sun Feb 16 21:48:41 UTC 2020 /home/travis/build/icyphy/ptII/ptolemy/actor/lib/hoc/test/auto/CatchUpComposite2.xml
----------------- Instantiating /home/travis/build/icyphy/ptII/ptolemy/actor/lib/hoc/test/auto/CatchUpComposite2.xml
8 ms. Memory: 129024K Free: 90968K (71%)
----------------- Invoking toplevel() on ptolemy.moml.MoMLSimpleApplication@7232e23d
----------------- Done invoking toplevel() on ptolemy.moml.MoMLSimpleApplication@7232e23d
reloadAllAccessors: .CatchUpComposite2

===========================================================================================
----------------- testing Sun Feb 16 21:48:41 UTC 2020 /home/travis/build/icyphy/ptII/ptolemy/actor/lib/hoc/test/auto/CatchUpComposite3.xml
----------------- Instantiating /home/travis/build/icyphy/ptII/ptolemy/actor/lib/hoc/test/auto/CatchUpComposite3.xml
18 ms. Memory: 129024K Free: 82096K (64%)
----------------- Invoking toplevel() on ptolemy.moml.MoMLSimpleApplication@5624c938
----------------- Done invoking toplevel() on ptolemy.moml.MoMLSimpleApplication@5624c938
reloadAllAccessors: .CatchUpComposite3

===========================================================================================
----------------- testing Sun Feb 16 21:48:41 UTC 2020 /home/travis/build/icyphy/ptII/ptolemy/actor/lib/hoc/test/auto/CatchUpComposite4.xml
----------------- Instantiating /home/travis/build/icyphy/ptII/ptolemy/actor/lib/hoc/test/auto/CatchUpComposite4.xml
17 ms. Memory: 129024K Free: 74234K (58%)
----------------- Invoking toplevel() on ptolemy.moml.MoMLSimpleApplication@6bfe5b4a
----------------- Done invoking toplevel() on ptolemy.moml.MoMLSimpleApplication@6bfe5b4a
reloadAllAccessors: .CatchUpComposite4

===========================================================================================
----------------- testing Sun Feb 16 21:48:41 UTC 2020 /home/travis/build/icyphy/ptII/ptolemy/actor/lib/hoc/test/auto/CatchUpComposite5.xml
----------------- Instantiating /home/travis/build/icyphy/ptII/ptolemy/actor/lib/hoc/test/auto/CatchUpComposite5.xml
16 ms. Memory: 129024K Free: 66706K (52%)
----------------- Invoking toplevel() on ptolemy.moml.MoMLSimpleApplication@1a2b2ea0
----------------- Done invoking toplevel() on ptolemy.moml.MoMLSimpleApplication@1a2b2ea0
reloadAllAccessors: .CatchUpComposite5

===========================================================================================
----------------- testing Sun Feb 16 21:48:41 UTC 2020 /home/travis/build/icyphy/ptII/ptolemy/actor/lib/hoc/test/auto/CatchUpComposite6.xml
----------------- Instantiating /home/travis/build/icyphy/ptII/ptolemy/actor/lib/hoc/test/auto/CatchUpComposite6.xml
WARNING: The execution aspects in this model can influence the timing of actors by delaying the 
execution, potentially changing the behavior. There is no guarantee that actors fire at the 
time they request to be fired. 
Use Ptides for deterministic DE behavior that is not influenced by execution aspects. 

77 ms. Memory: 129024K Free: 52072K (40%)
----------------- Invoking toplevel() on ptolemy.moml.MoMLSimpleApplication@747d4a85
----------------- Done invoking toplevel() on ptolemy.moml.MoMLSimpleApplication@747d4a85
reloadAllAccessors: .CatchUpComposite6

===========================================================================================
----------------- testing Sun Feb 16 21:48:42 UTC 2020 /home/travis/build/icyphy/ptII/ptolemy/actor/lib/hoc/test/auto/CatchUpComposite7.xml
----------------- Instantiating /home/travis/build/icyphy/ptII/ptolemy/actor/lib/hoc/test/auto/CatchUpComposite7.xml
WARNING: The execution aspects in this model can influence the timing of actors by delaying the 
execution, potentially changing the behavior. There is no guarantee that actors fire at the 
time they request to be fired. 
Use Ptides for deterministic DE behavior that is not influenced by execution aspects. 

28 ms. Memory: 155648K Free: 130613K (84%)
----------------- Invoking toplevel() on ptolemy.moml.MoMLSimpleApplication@1ca1e364
----------------- Done invoking toplevel() on ptolemy.moml.MoMLSimpleApplication@1ca1e364
reloadAllAccessors: .CatchUpComposite7

===========================================================================================
----------------- testing Sun Feb 16 21:48:42 UTC 2020 /home/travis/build/icyphy/ptII/ptolemy/actor/lib/hoc/test/auto/ConcurrentExecutionTimeSDF.xml
----------------- Instantiating /home/travis/build/icyphy/ptII/ptolemy/actor/lib/hoc/test/auto/ConcurrentExecutionTimeSDF.xml
Fired ExecutionTime: 40400000
Fired ExecutionTime: 40400000
Fired ExecutionTime: 40400000
Fired ExecutionTime: 40400000
Fired ExecutionTime: 40400000
Fired ExecutionTime: 40400000
Fired ExecutionTime: 40400000
Fired ExecutionTime: 40400000
Fired ExecutionTime: 40400000
Fired ExecutionTime: 40400000
Fired ExecutionTime: 40400000
Fired ExecutionTime: 40400000
Fired ExecutionTime: 40400000
Fired ExecutionTime: 40400000
Fired ExecutionTime: 40400000
Fired ExecutionTime: 40400000
Fired ExecutionTime: 40400000
Fired ExecutionTime: 40400000
Fired ExecutionTime: 40400000
Fired ExecutionTime: 40400000
1222 ms. Memory: 155648K Free: 123445K (79%)
----------------- Invoking toplevel() on ptolemy.moml.MoMLSimpleApplication@b114655
----------------- Done invoking toplevel() on ptolemy.moml.MoMLSimpleApplication@b114655
reloadAllAccessors: .ConcurrentExecutionTimeSDF

===========================================================================================
----------------- testing Sun Feb 16 21:48:43 UTC 2020 /home/travis/build/icyphy/ptII/ptolemy/actor/lib/hoc/test/auto/ConcurrentSleep.xml
----------------- Instantiating /home/travis/build/icyphy/ptII/ptolemy/actor/lib/hoc/test/auto/ConcurrentSleep.xml
735 ms. Memory: 155648K Free: 112181K (72%)
----------------- Invoking toplevel() on ptolemy.moml.MoMLSimpleApplication@551182ff
----------------- Done invoking toplevel() on ptolemy.moml.MoMLSimpleApplication@551182ff
reloadAllAccessors: .ConcurrentSleep

===========================================================================================
----------------- testing Sun Feb 16 21:48:44 UTC 2020 /home/travis/build/icyphy/ptII/ptolemy/actor/lib/hoc/test/auto/DEInPNInRunCompositeActor.xml
----------------- Instantiating /home/travis/build/icyphy/ptII/ptolemy/actor/lib/hoc/test/auto/DEInPNInRunCompositeActor.xml
15 ms. Memory: 155648K Free: 106551K (68%)
----------------- Invoking toplevel() on ptolemy.moml.MoMLSimpleApplication@2fe43edb
----------------- Done invoking toplevel() on ptolemy.moml.MoMLSimpleApplication@2fe43edb
reloadAllAccessors: .DEInPNInRunCompositeActor

===========================================================================================
----------------- testing Sun Feb 16 21:48:44 UTC 2020 /home/travis/build/icyphy/ptII/ptolemy/actor/lib/hoc/test/auto/DFTSubSetTest.xml
----------------- Instantiating /home/travis/build/icyphy/ptII/ptolemy/actor/lib/hoc/test/auto/DFTSubSetTest.xml
139 ms. Memory: 155648K Free: 63543K (41%)
----------------- Invoking toplevel() on ptolemy.moml.MoMLSimpleApplication@613ca3ee
----------------- Done invoking toplevel() on ptolemy.moml.MoMLSimpleApplication@613ca3ee
reloadAllAccessors: .DFTSubSetTest

===========================================================================================
----------------- testing Sun Feb 16 21:48:44 UTC 2020 /home/travis/build/icyphy/ptII/ptolemy/actor/lib/hoc/test/auto/HocDE.xml
----------------- Instantiating /home/travis/build/icyphy/ptII/ptolemy/actor/lib/hoc/test/auto/HocDE.xml
97 ms. Memory: 155648K Free: 118325K (76%)
----------------- Invoking toplevel() on ptolemy.moml.MoMLSimpleApplication@29fabe84
----------------- Done invoking toplevel() on ptolemy.moml.MoMLSimpleApplication@29fabe84
reloadAllAccessors: .HocDE

===========================================================================================
----------------- testing Sun Feb 16 21:48:44 UTC 2020 /home/travis/build/icyphy/ptII/ptolemy/actor/lib/hoc/test/auto/IterateOverArray.xml
----------------- Instantiating /home/travis/build/icyphy/ptII/ptolemy/actor/lib/hoc/test/auto/IterateOverArray.xml
7 ms. Memory: 155648K Free: 114229K (73%)
----------------- Invoking toplevel() on ptolemy.moml.MoMLSimpleApplication@240a9358
----------------- Done invoking toplevel() on ptolemy.moml.MoMLSimpleApplication@240a9358
reloadAllAccessors: .IterateOverArray

===========================================================================================
----------------- testing Sun Feb 16 21:48:44 UTC 2020 /home/travis/build/icyphy/ptII/ptolemy/actor/lib/hoc/test/auto/IterateOverArray10.xml
----------------- Instantiating /home/travis/build/icyphy/ptII/ptolemy/actor/lib/hoc/test/auto/IterateOverArray10.xml
8 ms. Memory: 155648K Free: 110647K (71%)
----------------- Invoking toplevel() on ptolemy.moml.MoMLSimpleApplication@3210fbb3
----------------- Done invoking toplevel() on ptolemy.moml.MoMLSimpleApplication@3210fbb3
reloadAllAccessors: .IterateOverArray10

===========================================================================================
----------------- testing Sun Feb 16 21:48:44 UTC 2020 /home/travis/build/icyphy/ptII/ptolemy/actor/lib/hoc/test/auto/IterateOverArray11.xml
----------------- Instantiating /home/travis/build/icyphy/ptII/ptolemy/actor/lib/hoc/test/auto/IterateOverArray11.xml
5 ms. Memory: 155648K Free: 106551K (68%)
----------------- Invoking toplevel() on ptolemy.moml.MoMLSimpleApplication@268c7ed7
----------------- Done invoking toplevel() on ptolemy.moml.MoMLSimpleApplication@268c7ed7
reloadAllAccessors: .IterateOverArray11

===========================================================================================
----------------- testing Sun Feb 16 21:48:44 UTC 2020 /home/travis/build/icyphy/ptII/ptolemy/actor/lib/hoc/test/auto/IterateOverArray12.xml
----------------- Instantiating /home/travis/build/icyphy/ptII/ptolemy/actor/lib/hoc/test/auto/IterateOverArray12.xml
18 ms. Memory: 155648K Free: 100407K (65%)
----------------- Invoking toplevel() on ptolemy.moml.MoMLSimpleApplication@39a87451
----------------- Done invoking toplevel() on ptolemy.moml.MoMLSimpleApplication@39a87451
reloadAllAccessors: .IterateOverArray12

===========================================================================================
----------------- testing Sun Feb 16 21:48:44 UTC 2020 /home/travis/build/icyphy/ptII/ptolemy/actor/lib/hoc/test/auto/IterateOverArray13.xml
----------------- Instantiating /home/travis/build/icyphy/ptII/ptolemy/actor/lib/hoc/test/auto/IterateOverArray13.xml
78 ms. Memory: 155648K Free: 70711K (45%)
----------------- Invoking toplevel() on ptolemy.moml.MoMLSimpleApplication@77033b28
----------------- Done invoking toplevel() on ptolemy.moml.MoMLSimpleApplication@77033b28
reloadAllAccessors: .IterateOverArray13

===========================================================================================
----------------- testing Sun Feb 16 21:48:44 UTC 2020 /home/travis/build/icyphy/ptII/ptolemy/actor/lib/hoc/test/auto/IterateOverArray14.xml
----------------- Instantiating /home/travis/build/icyphy/ptII/ptolemy/actor/lib/hoc/test/auto/IterateOverArray14.xml
79 ms. Memory: 155648K Free: 125828K (81%)
----------------- Invoking toplevel() on ptolemy.moml.MoMLSimpleApplication@70f97cb9
----------------- Done invoking toplevel() on ptolemy.moml.MoMLSimpleApplication@70f97cb9
reloadAllAccessors: .IterateOverArray14

===========================================================================================
----------------- testing Sun Feb 16 21:48:45 UTC 2020 /home/travis/build/icyphy/ptII/ptolemy/actor/lib/hoc/test/auto/IterateOverArray2.xml
----------------- Instantiating /home/travis/build/icyphy/ptII/ptolemy/actor/lib/hoc/test/auto/IterateOverArray2.xml
9 ms. Memory: 155648K Free: 121218K (78%)
----------------- Invoking toplevel() on ptolemy.moml.MoMLSimpleApplication@7155f787
----------------- Done invoking toplevel() on ptolemy.moml.MoMLSimpleApplication@7155f787
reloadAllAccessors: .IterateOverArray2

===========================================================================================
----------------- testing Sun Feb 16 21:48:45 UTC 2020 /home/travis/build/icyphy/ptII/ptolemy/actor/lib/hoc/test/auto/IterateOverArray3.xml
----------------- Instantiating /home/travis/build/icyphy/ptII/ptolemy/actor/lib/hoc/test/auto/IterateOverArray3.xml
20 ms. Memory: 155648K Free: 115074K (74%)
----------------- Invoking toplevel() on ptolemy.moml.MoMLSimpleApplication@45a6cf2a
----------------- Done invoking toplevel() on ptolemy.moml.MoMLSimpleApplication@45a6cf2a
reloadAllAccessors: .IterateOverArray3

===========================================================================================
----------------- testing Sun Feb 16 21:48:45 UTC 2020 /home/travis/build/icyphy/ptII/ptolemy/actor/lib/hoc/test/auto/IterateOverArray4.xml
----------------- Instantiating /home/travis/build/icyphy/ptII/ptolemy/actor/lib/hoc/test/auto/IterateOverArray4.xml
4 ms. Memory: 155648K Free: 110978K (71%)
----------------- Invoking toplevel() on ptolemy.moml.MoMLSimpleApplication@816dc7a
----------------- Done invoking toplevel() on ptolemy.moml.MoMLSimpleApplication@816dc7a
reloadAllAccessors: .IterateOverArray4

===========================================================================================
----------------- testing Sun Feb 16 21:48:45 UTC 2020 /home/travis/build/icyphy/ptII/ptolemy/actor/lib/hoc/test/auto/IterateOverArray5.xml
----------------- Instantiating /home/travis/build/icyphy/ptII/ptolemy/actor/lib/hoc/test/auto/IterateOverArray5.xml
4 ms. Memory: 155648K Free: 106882K (69%)
----------------- Invoking toplevel() on ptolemy.moml.MoMLSimpleApplication@4f9469a8
----------------- Done invoking toplevel() on ptolemy.moml.MoMLSimpleApplication@4f9469a8
reloadAllAccessors: .IterateOverArray5

===========================================================================================
----------------- testing Sun Feb 16 21:48:45 UTC 2020 /home/travis/build/icyphy/ptII/ptolemy/actor/lib/hoc/test/auto/IterateOverArray6.xml
----------------- Instantiating /home/travis/build/icyphy/ptII/ptolemy/actor/lib/hoc/test/auto/IterateOverArray6.xml
3 ms. Memory: 155648K Free: 103300K (66%)
----------------- Invoking toplevel() on ptolemy.moml.MoMLSimpleApplication@7fa4d8d9
----------------- Done invoking toplevel() on ptolemy.moml.MoMLSimpleApplication@7fa4d8d9
reloadAllAccessors: .IterateOverArray6

===========================================================================================
----------------- testing Sun Feb 16 21:48:45 UTC 2020 /home/travis/build/icyphy/ptII/ptolemy/actor/lib/hoc/test/auto/IterateOverArray7.xml
----------------- Instantiating /home/travis/build/icyphy/ptII/ptolemy/actor/lib/hoc/test/auto/IterateOverArray7.xml
4 ms. Memory: 155648K Free: 98690K (63%)
----------------- Invoking toplevel() on ptolemy.moml.MoMLSimpleApplication@59742900
----------------- Done invoking toplevel() on ptolemy.moml.MoMLSimpleApplication@59742900
reloadAllAccessors: .IterateOverArray7

===========================================================================================
----------------- testing Sun Feb 16 21:48:45 UTC 2020 /home/travis/build/icyphy/ptII/ptolemy/actor/lib/hoc/test/auto/IterateOverArray8.xml
----------------- Instantiating /home/travis/build/icyphy/ptII/ptolemy/actor/lib/hoc/test/auto/IterateOverArray8.xml
5 ms. Memory: 155648K Free: 94594K (61%)
----------------- Invoking toplevel() on ptolemy.moml.MoMLSimpleApplication@33b86f8a
----------------- Done invoking toplevel() on ptolemy.moml.MoMLSimpleApplication@33b86f8a
reloadAllAccessors: .IterateOverArray8

===========================================================================================
----------------- testing Sun Feb 16 21:48:45 UTC 2020 /home/travis/build/icyphy/ptII/ptolemy/actor/lib/hoc/test/auto/IterateOverArray9.xml
----------------- Instantiating /home/travis/build/icyphy/ptII/ptolemy/actor/lib/hoc/test/auto/IterateOverArray9.xml
5 ms. Memory: 155648K Free: 90498K (58%)
----------------- Invoking toplevel() on ptolemy.moml.MoMLSimpleApplication@3ccf2717
----------------- Done invoking toplevel() on ptolemy.moml.MoMLSimpleApplication@3ccf2717
reloadAllAccessors: .IterateOverArray9

===========================================================================================
----------------- testing Sun Feb 16 21:48:45 UTC 2020 /home/travis/build/icyphy/ptII/ptolemy/actor/lib/hoc/test/auto/IterateOverArrayCoercedOutputType.xml
----------------- Instantiating /home/travis/build/icyphy/ptII/ptolemy/actor/lib/hoc/test/auto/IterateOverArrayCoercedOutputType.xml
14 ms. Memory: 155648K Free: 85378K (55%)
----------------- Invoking toplevel() on ptolemy.moml.MoMLSimpleApplication@e35802e
----------------- Done invoking toplevel() on ptolemy.moml.MoMLSimpleApplication@e35802e
reloadAllAccessors: .IterateOverArrayCoercedOutputType

===========================================================================================
----------------- testing Sun Feb 16 21:48:45 UTC 2020 /home/travis/build/icyphy/ptII/ptolemy/actor/lib/hoc/test/auto/IterateOverArrayInferredOutputType.xml
----------------- Instantiating /home/travis/build/icyphy/ptII/ptolemy/actor/lib/hoc/test/auto/IterateOverArrayInferredOutputType.xml
7 ms. Memory: 155648K Free: 80772K (52%)
----------------- Invoking toplevel() on ptolemy.moml.MoMLSimpleApplication@7370ed4b
----------------- Done invoking toplevel() on ptolemy.moml.MoMLSimpleApplication@7370ed4b
reloadAllAccessors: .IterateOverArrayInferredOutputType

===========================================================================================
----------------- testing Sun Feb 16 21:48:45 UTC 2020 /home/travis/build/icyphy/ptII/ptolemy/actor/lib/hoc/test/auto/MobileFunctionTest.xml
----------------- Instantiating /home/travis/build/icyphy/ptII/ptolemy/actor/lib/hoc/test/auto/MobileFunctionTest.xml
5 ms. Memory: 155648K Free: 76676K (49%)
----------------- Invoking toplevel() on ptolemy.moml.MoMLSimpleApplication@4f414af9
----------------- Done invoking toplevel() on ptolemy.moml.MoMLSimpleApplication@4f414af9
reloadAllAccessors: .MobileFunctionTest

===========================================================================================
----------------- testing Sun Feb 16 21:48:45 UTC 2020 /home/travis/build/icyphy/ptII/ptolemy/actor/lib/hoc/test/auto/MobileModelTest.xml
----------------- Instantiating /home/travis/build/icyphy/ptII/ptolemy/actor/lib/hoc/test/auto/MobileModelTest.xml
146 ms. Memory: 155648K Free: 55676K (36%)
----------------- Invoking toplevel() on ptolemy.moml.MoMLSimpleApplication@51ec108d
----------------- Done invoking toplevel() on ptolemy.moml.MoMLSimpleApplication@51ec108d
reloadAllAccessors: .MobileModelTest

===========================================================================================
----------------- testing Sun Feb 16 21:48:45 UTC 2020 /home/travis/build/icyphy/ptII/ptolemy/actor/lib/hoc/test/auto/ModelReference.xml
----------------- Instantiating /home/travis/build/icyphy/ptII/ptolemy/actor/lib/hoc/test/auto/ModelReference.xml
4 ms. Memory: 155648K Free: 139170K (89%)
2 ms. Memory: 155648K Free: 138487K (89%)
1 ms. Memory: 155648K Free: 137747K (88%)
2 ms. Memory: 155648K Free: 136723K (88%)
1 ms. Memory: 155648K Free: 136111K (87%)
2 ms. Memory: 155648K Free: 135074K (87%)
1 ms. Memory: 155648K Free: 134375K (86%)
3 ms. Memory: 155648K Free: 133613K (86%)
3 ms. Memory: 155648K Free: 132627K (85%)
3 ms. Memory: 155648K Free: 132024K (85%)
45 ms. Memory: 155648K Free: 132024K (85%)
----------------- Invoking toplevel() on ptolemy.moml.MoMLSimpleApplication@32969c12
----------------- Done invoking toplevel() on ptolemy.moml.MoMLSimpleApplication@32969c12
reloadAllAccessors: .ModelReference

===========================================================================================
----------------- testing Sun Feb 16 21:48:45 UTC 2020 /home/travis/build/icyphy/ptII/ptolemy/actor/lib/hoc/test/auto/ModelReference3.xml
----------------- Instantiating /home/travis/build/icyphy/ptII/ptolemy/actor/lib/hoc/test/auto/ModelReference3.xml
1 ms. Memory: 155648K Free: 127250K (82%)
2 ms. Memory: 155648K Free: 126754K (81%)
2 ms. Memory: 155648K Free: 125730K (81%)
5 ms. Memory: 155648K Free: 125186K (80%)
1 ms. Memory: 155648K Free: 124178K (80%)
1 ms. Memory: 155648K Free: 123154K (79%)
3 ms. Memory: 155648K Free: 122658K (79%)
2 ms. Memory: 155648K Free: 121634K (78%)
2 ms. Memory: 155648K Free: 121090K (78%)
1 ms. Memory: 155648K Free: 120082K (77%)
26 ms. Memory: 155648K Free: 120082K (77%)
----------------- Invoking toplevel() on ptolemy.moml.MoMLSimpleApplication@49538d37
----------------- Done invoking toplevel() on ptolemy.moml.MoMLSimpleApplication@49538d37
reloadAllAccessors: .ModelReference3

===========================================================================================
----------------- testing Sun Feb 16 21:48:45 UTC 2020 /home/travis/build/icyphy/ptII/ptolemy/actor/lib/hoc/test/auto/ModelReference4.xml
----------------- Instantiating /home/travis/build/icyphy/ptII/ptolemy/actor/lib/hoc/test/auto/ModelReference4.xml
2 ms. Memory: 155648K Free: 115490K (74%)
3 ms. Memory: 155648K Free: 113946K (73%)
2 ms. Memory: 155648K Free: 112914K (73%)
2 ms. Memory: 155648K Free: 111904K (72%)
3 ms. Memory: 155648K Free: 109826K (71%)
3 ms. Memory: 155648K Free: 108832K (70%)
3 ms. Memory: 155648K Free: 107298K (69%)
3 ms. Memory: 155648K Free: 106274K (68%)
2 ms. Memory: 155648K Free: 104730K (67%)
2 ms. Memory: 155648K Free: 103698K (67%)
10017 ms. Memory: 155648K Free: 103698K (67%)
----------------- Invoking toplevel() on ptolemy.moml.MoMLSimpleApplication@31cd0480
----------------- Done invoking toplevel() on ptolemy.moml.MoMLSimpleApplication@31cd0480
reloadAllAccessors: .ModelReference4

===========================================================================================
----------------- testing Sun Feb 16 21:48:55 UTC 2020 /home/travis/build/icyphy/ptII/ptolemy/actor/lib/hoc/test/auto/MultiInstanceComposite.xml
----------------- Instantiating /home/travis/build/icyphy/ptII/ptolemy/actor/lib/hoc/test/auto/MultiInstanceComposite.xml
24 ms. Memory: 155648K Free: 84770K (54%)
----------------- Invoking toplevel() on ptolemy.moml.MoMLSimpleApplication@32179cf7
----------------- Done invoking toplevel() on ptolemy.moml.MoMLSimpleApplication@32179cf7
reloadAllAccessors: .MultiInstanceComposite

===========================================================================================
----------------- testing Sun Feb 16 21:48:55 UTC 2020 /home/travis/build/icyphy/ptII/ptolemy/actor/lib/hoc/test/auto/MultiInstanceComposite2.xml
----------------- Instantiating /home/travis/build/icyphy/ptII/ptolemy/actor/lib/hoc/test/auto/MultiInstanceComposite2.xml
25 ms. Memory: 155648K Free: 73506K (47%)
----------------- Invoking toplevel() on ptolemy.moml.MoMLSimpleApplication@32b0a73f
----------------- Done invoking toplevel() on ptolemy.moml.MoMLSimpleApplication@32b0a73f
reloadAllAccessors: .MultiInstanceComposite2

===========================================================================================
----------------- testing Sun Feb 16 21:48:55 UTC 2020 /home/travis/build/icyphy/ptII/ptolemy/actor/lib/hoc/test/auto/MulticoreExecution.xml
----------------- Instantiating /home/travis/build/icyphy/ptII/ptolemy/actor/lib/hoc/test/auto/MulticoreExecution.xml
Fired ExecutionTime: 3600000
Fired ExecutionTime: 3200000
Fired ExecutionTime: 4400000
Fired ExecutionTime: 2400000
Fired ExecutionTime: 2800000
Fired ExecutionTime: 2800000
Fired ExecutionTime: 58000000
Fired ExecutionTime: 100800000
Fired ExecutionTime: 108000000
Fired ExecutionTime: 62800000
Fired ExecutionTime: 113200000
Fired ExecutionTime: 66000000
Fired ExecutionTime: 110000000
Fired ExecutionTime: 113200000
Fired ExecutionTime: 113200000
Fired ExecutionTime: 114000000
Fired ExecutionTime: 115200000
Fired ExecutionTime: 115200000
Fired ExecutionTime: 106400000
Fired ExecutionTime: 118400000
1099 ms. Memory: 155648K Free: 64800K (42%)
----------------- Invoking toplevel() on ptolemy.moml.MoMLSimpleApplication@31eeec94
----------------- Done invoking toplevel() on ptolemy.moml.MoMLSimpleApplication@31eeec94
reloadAllAccessors: .MulticoreExecution

===========================================================================================
----------------- testing Sun Feb 16 21:48:56 UTC 2020 /home/travis/build/icyphy/ptII/ptolemy/actor/lib/hoc/test/auto/ParallelExecution.xml
----------------- Instantiating /home/travis/build/icyphy/ptII/ptolemy/actor/lib/hoc/test/auto/ParallelExecution.xml
916 ms. Memory: 155648K Free: 57122K (37%)
----------------- Invoking toplevel() on ptolemy.moml.MoMLSimpleApplication@7d1423d9
----------------- Done invoking toplevel() on ptolemy.moml.MoMLSimpleApplication@7d1423d9
reloadAllAccessors: .ParallelExecution

===========================================================================================
----------------- testing Sun Feb 16 21:48:57 UTC 2020 /home/travis/build/icyphy/ptII/ptolemy/actor/lib/hoc/test/auto/RunCompositeActor.xml
----------------- Instantiating /home/travis/build/icyphy/ptII/ptolemy/actor/lib/hoc/test/auto/RunCompositeActor.xml
7 ms. Memory: 155648K Free: 49954K (32%)
----------------- Invoking toplevel() on ptolemy.moml.MoMLSimpleApplication@70182766
----------------- Done invoking toplevel() on ptolemy.moml.MoMLSimpleApplication@70182766
reloadAllAccessors: .RunCompositeActor

===========================================================================================
----------------- testing Sun Feb 16 21:48:57 UTC 2020 /home/travis/build/icyphy/ptII/ptolemy/actor/lib/hoc/test/auto/RunCompositeActor2.xml
----------------- Instantiating /home/travis/build/icyphy/ptII/ptolemy/actor/lib/hoc/test/auto/RunCompositeActor2.xml
7 ms. Memory: 155648K Free: 133976K (86%)
----------------- Invoking toplevel() on ptolemy.moml.MoMLSimpleApplication@2ef482d6
----------------- Done invoking toplevel() on ptolemy.moml.MoMLSimpleApplication@2ef482d6
reloadAllAccessors: .RunCompositeActor2

===========================================================================================
----------------- testing Sun Feb 16 21:48:57 UTC 2020 /home/travis/build/icyphy/ptII/ptolemy/actor/lib/hoc/test/auto/RunCompositeActor3.xml
----------------- Instantiating /home/travis/build/icyphy/ptII/ptolemy/actor/lib/hoc/test/auto/RunCompositeActor3.xml
4 ms. Memory: 155648K Free: 128856K (83%)
----------------- Invoking toplevel() on ptolemy.moml.MoMLSimpleApplication@3719b261
----------------- Done invoking toplevel() on ptolemy.moml.MoMLSimpleApplication@3719b261
reloadAllAccessors: .RunCompositeActor3

===========================================================================================
----------------- testing Sun Feb 16 21:48:57 UTC 2020 /home/travis/build/icyphy/ptII/ptolemy/actor/lib/hoc/test/auto/RunCompositeActor4.xml
----------------- Instantiating /home/travis/build/icyphy/ptII/ptolemy/actor/lib/hoc/test/auto/RunCompositeActor4.xml
12 ms. Memory: 155648K Free: 120136K (77%)
----------------- Invoking toplevel() on ptolemy.moml.MoMLSimpleApplication@528e1bc4
----------------- Done invoking toplevel() on ptolemy.moml.MoMLSimpleApplication@528e1bc4
reloadAllAccessors: .RunCompositeActor4

===========================================================================================
----------------- testing Sun Feb 16 21:48:57 UTC 2020 /home/travis/build/icyphy/ptII/ptolemy/actor/lib/hoc/test/auto/RunCompositeIterateOverArray.xml
----------------- Instantiating /home/travis/build/icyphy/ptII/ptolemy/actor/lib/hoc/test/auto/RunCompositeIterateOverArray.xml
7 ms. Memory: 155648K Free: 114006K (73%)
----------------- Invoking toplevel() on ptolemy.moml.MoMLSimpleApplication@6c32f6e5
----------------- Done invoking toplevel() on ptolemy.moml.MoMLSimpleApplication@6c32f6e5
reloadAllAccessors: .RunCompositeIterateOverArray

===========================================================================================
----------------- testing Sun Feb 16 21:48:58 UTC 2020 /home/travis/build/icyphy/ptII/ptolemy/actor/lib/hoc/test/auto/ThreadedJS.xml
----------------- Instantiating /home/travis/build/icyphy/ptII/ptolemy/actor/lib/hoc/test/auto/ThreadedJS.xml
5995 ms. Memory: 225280K Free: 100350K (45%)
----------------- Invoking toplevel() on ptolemy.moml.MoMLSimpleApplication@659f64eb
----------------- Done invoking toplevel() on ptolemy.moml.MoMLSimpleApplication@659f64eb
reloadAllAccessors: .ThreadedJS
AutoTests.java: About to close Vertx.
AutoTests.java: Vertx closed.
]]></system-out>
  <system-err><![CDATA[java.lang.RuntimeException: Execution failed
	at ptolemy.moml.MoMLSimpleApplication$UnloadThread.run(MoMLSimpleApplication.java:402)
Caused by: ptolemy.kernel.util.IllegalActionException: initialize() was called after wrapup() was called but preinitialize() was not called after wrapup().
	at ptolemy.actor.lib.hoc.test.PreinitializeMustBeInvoked.initialize(PreinitializeMustBeInvoked.java:78)
	at ptolemy.actor.Director.initialize(Director.java:938)
	at ptolemy.actor.Director.initialize(Director.java:907)
	at ptolemy.actor.sched.StaticSchedulingDirector.initialize(StaticSchedulingDirector.java:159)
	at ptolemy.domains.sdf.kernel.SDFDirector.initialize(SDFDirector.java:544)
	at ptolemy.actor.CompositeActor.initialize(CompositeActor.java:935)
	at ptolemy.actor.lib.hoc.LifeCycleManager._executeInsideModel(LifeCycleManager.java:339)
	at ptolemy.actor.lib.hoc.RunCompositeActor.fire(RunCompositeActor.java:205)
	at ptolemy.actor.CompositeActor.iterate(CompositeActor.java:1146)
	at ptolemy.actor.sched.StaticSchedulingDirector.fire(StaticSchedulingDirector.java:216)
	at ptolemy.domains.sdf.kernel.SDFDirector.fire(SDFDirector.java:500)
	at ptolemy.actor.CompositeActor.fire(CompositeActor.java:455)
	at ptolemy.actor.Manager.iterate(Manager.java:851)
	at ptolemy.actor.Manager.execute(Manager.java:369)
	at ptolemy.actor.Manager.run(Manager.java:1263)
	at ptolemy.actor.Manager$PtolemyRunThread.run(Manager.java:1933)
java.lang.reflect.InvocationTargetException
	at java.base/jdk.internal.reflect.NativeConstructorAccessorImpl.newInstance0(Native Method)
	at java.base/jdk.internal.reflect.NativeConstructorAccessorImpl.newInstance(NativeConstructorAccessorImpl.java:62)
	at java.base/jdk.internal.reflect.DelegatingConstructorAccessorImpl.newInstance(DelegatingConstructorAccessorImpl.java:45)
	at java.base/java.lang.reflect.Constructor.newInstance(Constructor.java:490)
	at ptolemy.util.test.junit.AutoKnownFailedTests.RunModel(AutoKnownFailedTests.java:105)
	at java.base/jdk.internal.reflect.NativeMethodAccessorImpl.invoke0(Native Method)
	at java.base/jdk.internal.reflect.NativeMethodAccessorImpl.invoke(NativeMethodAccessorImpl.java:62)
	at java.base/jdk.internal.reflect.DelegatingMethodAccessorImpl.invoke(DelegatingMethodAccessorImpl.java:43)
	at java.base/java.lang.reflect.Method.invoke(Method.java:566)
	at org.junit.runners.model.FrameworkMethod$1.runReflectiveCall(FrameworkMethod.java:44)
	at org.junit.internal.runners.model.ReflectiveCallable.run(ReflectiveCallable.java:15)
	at org.junit.runners.model.FrameworkMethod.invokeExplosively(FrameworkMethod.java:41)
	at junitparams.internal.InvokeParameterisedMethod.evaluate(InvokeParameterisedMethod.java:102)
	at org.junit.internal.runners.statements.FailOnTimeout$1.run(FailOnTimeout.java:28)
Caused by: ptolemy.kernel.util.IllegalActionException: initialize() was called after wrapup() was called but preinitialize() was not called after wrapup().
	at ptolemy.actor.lib.hoc.test.PreinitializeMustBeInvoked.initialize(PreinitializeMustBeInvoked.java:78)
	at ptolemy.actor.Director.initialize(Director.java:938)
	at ptolemy.actor.Director.initialize(Director.java:907)
	at ptolemy.actor.sched.StaticSchedulingDirector.initialize(StaticSchedulingDirector.java:159)
	at ptolemy.domains.sdf.kernel.SDFDirector.initialize(SDFDirector.java:544)
	at ptolemy.actor.CompositeActor.initialize(CompositeActor.java:935)
	at ptolemy.actor.lib.hoc.LifeCycleManager._executeInsideModel(LifeCycleManager.java:339)
	at ptolemy.actor.lib.hoc.RunCompositeActor.fire(RunCompositeActor.java:205)
	at ptolemy.actor.CompositeActor.iterate(CompositeActor.java:1146)
	at ptolemy.actor.sched.StaticSchedulingDirector.fire(StaticSchedulingDirector.java:216)
	at ptolemy.domains.sdf.kernel.SDFDirector.fire(SDFDirector.java:500)
	at ptolemy.actor.CompositeActor.fire(CompositeActor.java:455)
	at ptolemy.actor.Manager.iterate(Manager.java:851)
	at ptolemy.actor.Manager.execute(Manager.java:369)
	at ptolemy.actor.Manager.run(Manager.java:1263)
	at ptolemy.actor.Manager$PtolemyRunThread.run(Manager.java:1933)
Warning: Nashorn engine is planned to be removed from a future JDK release
Warning: Nashorn engine is planned to be removed from a future JDK release
Warning: Nashorn engine is planned to be removed from a future JDK release
Warning: Nashorn engine is planned to be removed from a future JDK release
Warning: Nashorn engine is planned to be removed from a future JDK release
Warning: Nashorn engine is planned to be removed from a future JDK release
Warning: Nashorn engine is planned to be removed from a future JDK release
Warning: Nashorn engine is planned to be removed from a future JDK release
]]></system-err>
</testsuite>
