<?xml version="1.0" encoding="UTF-8" ?>
<testsuite errors="0" failures="0" hostname="travis-job-3cae4418-bcd0-4141-92c6-888cf46995e6" name="ptolemy.domains.de.test.junit.JUnitTclTest" skipped="0" tests="101" time="135.491" timestamp="2019-07-02T04:42:35">
  <properties>
[...]
</properties>
  <testcase classname="ptolemy.util.test.junit.TclTests" name="[0] /home/travis/build/icyphy/ptII/ptolemy/domains/de/test/DependencyLoop.tcl (RunTclFile)" time="1.027" />
  <testcase classname="ptolemy.util.test.junit.TclTests" name="[1] /home/travis/build/icyphy/ptII/ptolemy/domains/de/test/RunDETestsAsQSS.tcl (RunTclFile)" time="92.278" />
  <testcase classname="ptolemy.util.test.junit.AutoKnownFailedTests" name="[0] /home/travis/build/icyphy/ptII/ptolemy/domains/de/test/auto/knownFailedTests/DESDFClockTest.xml (RunModel)" time="2.054" />
  <testcase classname="ptolemy.util.test.junit.AutoKnownFailedTests" name="[1] /home/travis/build/icyphy/ptII/ptolemy/domains/de/test/auto/knownFailedTests/DirectFeedback.xml (RunModel)" time="0.02" />
  <testcase classname="ptolemy.util.test.junit.AutoKnownFailedTests" name="[2] /home/travis/build/icyphy/ptII/ptolemy/domains/de/test/auto/knownFailedTests/FSMSource.xml (RunModel)" time="0.023" />
  <testcase classname="ptolemy.util.test.junit.AutoKnownFailedTests" name="[3] /home/travis/build/icyphy/ptII/ptolemy/domains/de/test/auto/knownFailedTests/HierarchicalModel.xml (RunModel)" time="0.045" />
  <testcase classname="ptolemy.util.test.junit.AutoKnownFailedTests" name="[4] /home/travis/build/icyphy/ptII/ptolemy/domains/de/test/auto/knownFailedTests/dependencyLoop.xml (RunModel)" time="0.051" />
  <testcase classname="ptolemy.util.test.junit.AutoKnownFailedTests" name="[5] /home/travis/build/icyphy/ptII/ptolemy/domains/de/test/auto/knownFailedTests/dependencyLoop2.xml (RunModel)" time="0.043" />
  <testcase classname="ptolemy.util.test.junit.AutoNameArchTests" name="[0] ThereAreNoAutoArchTests (RunModel)" time="0.001" />
  <testcase classname="ptolemy.util.test.junit.AutoTests" name="[0] /home/travis/build/icyphy/ptII/ptolemy/domains/de/test/auto/ActorDepthCalculation_actorWithoutPorts.xml (RunModel)" time="0.028" />
  <testcase classname="ptolemy.util.test.junit.AutoTests" name="[1] /home/travis/build/icyphy/ptII/ptolemy/domains/de/test/auto/AssemblyLine.xml (RunModel)" time="0.021" />
  <testcase classname="ptolemy.util.test.junit.AutoTests" name="[2] /home/travis/build/icyphy/ptII/ptolemy/domains/de/test/auto/CQBug1.xml (RunModel)" time="0.012" />
  <testcase classname="ptolemy.util.test.junit.AutoTests" name="[3] /home/travis/build/icyphy/ptII/ptolemy/domains/de/test/auto/CancelFireAt.xml (RunModel)" time="0.009" />
  <testcase classname="ptolemy.util.test.junit.AutoTests" name="[4] /home/travis/build/icyphy/ptII/ptolemy/domains/de/test/auto/CausalityAndComposabilityAnalysis.xml (RunModel)" time="0.018" />
  <testcase classname="ptolemy.util.test.junit.AutoTests" name="[5] /home/travis/build/icyphy/ptII/ptolemy/domains/de/test/auto/CausalityInterface1.xml (RunModel)" time="0.019" />
  <testcase classname="ptolemy.util.test.junit.AutoTests" name="[6] /home/travis/build/icyphy/ptII/ptolemy/domains/de/test/auto/CausalityInterface15.xml (RunModel)" time="0.019" />
  <testcase classname="ptolemy.util.test.junit.AutoTests" name="[7] /home/travis/build/icyphy/ptII/ptolemy/domains/de/test/auto/CausalityInterface2.xml (RunModel)" time="0.013" />
  <testcase classname="ptolemy.util.test.junit.AutoTests" name="[8] /home/travis/build/icyphy/ptII/ptolemy/domains/de/test/auto/CausalityInterface3.xml (RunModel)" time="0.012" />
  <testcase classname="ptolemy.util.test.junit.AutoTests" name="[9] /home/travis/build/icyphy/ptII/ptolemy/domains/de/test/auto/ClockDrift.xml (RunModel)" time="0.048" />
  <testcase classname="ptolemy.util.test.junit.AutoTests" name="[10] /home/travis/build/icyphy/ptII/ptolemy/domains/de/test/auto/ClockDriftAndValueChange.xml (RunModel)" time="0.036" />
  <testcase classname="ptolemy.util.test.junit.AutoTests" name="[11] /home/travis/build/icyphy/ptII/ptolemy/domains/de/test/auto/ClockDriftChange.xml (RunModel)" time="0.036" />
  <testcase classname="ptolemy.util.test.junit.AutoTests" name="[12] /home/travis/build/icyphy/ptII/ptolemy/domains/de/test/auto/ComposableCausalityAnalysis.xml (RunModel)" time="0.016" />
  <testcase classname="ptolemy.util.test.junit.AutoTests" name="[13] /home/travis/build/icyphy/ptII/ptolemy/domains/de/test/auto/DEFixedPointLimitation.xml (RunModel)" time="0.01" />
  <testcase classname="ptolemy.util.test.junit.AutoTests" name="[14] /home/travis/build/icyphy/ptII/ptolemy/domains/de/test/auto/DEScheduleTest.xml (RunModel)" time="0.017" />
  <testcase classname="ptolemy.util.test.junit.AutoTests" name="[15] /home/travis/build/icyphy/ptII/ptolemy/domains/de/test/auto/DEinDEwithStartTimes.xml (RunModel)" time="0.019" />
  <testcase classname="ptolemy.util.test.junit.AutoTests" name="[16] /home/travis/build/icyphy/ptII/ptolemy/domains/de/test/auto/DEinDEwithStartTimes2.xml (RunModel)" time="0.022" />
  <testcase classname="ptolemy.util.test.junit.AutoTests" name="[17] /home/travis/build/icyphy/ptII/ptolemy/domains/de/test/auto/DateDemo.xml (RunModel)" time="0.042" />
  <testcase classname="ptolemy.util.test.junit.AutoTests" name="[18] /home/travis/build/icyphy/ptII/ptolemy/domains/de/test/auto/DateToEvent.xml (RunModel)" time="2.045" />
  <testcase classname="ptolemy.util.test.junit.AutoTests" name="[19] /home/travis/build/icyphy/ptII/ptolemy/domains/de/test/auto/DepthTest1.xml (RunModel)" time="0.009" />
  <testcase classname="ptolemy.util.test.junit.AutoTests" name="[20] /home/travis/build/icyphy/ptII/ptolemy/domains/de/test/auto/DepthTest2.xml (RunModel)" time="0.019" />
  <testcase classname="ptolemy.util.test.junit.AutoTests" name="[21] /home/travis/build/icyphy/ptII/ptolemy/domains/de/test/auto/DepthTest3.xml (RunModel)" time="0.009" />
  <testcase classname="ptolemy.util.test.junit.AutoTests" name="[22] /home/travis/build/icyphy/ptII/ptolemy/domains/de/test/auto/DepthTest4.xml (RunModel)" time="0.018" />
  <testcase classname="ptolemy.util.test.junit.AutoTests" name="[23] /home/travis/build/icyphy/ptII/ptolemy/domains/de/test/auto/DepthTest5.xml (RunModel)" time="0.014" />
  <testcase classname="ptolemy.util.test.junit.AutoTests" name="[24] /home/travis/build/icyphy/ptII/ptolemy/domains/de/test/auto/DepthTest6.xml (RunModel)" time="0.016" />
  <testcase classname="ptolemy.util.test.junit.AutoTests" name="[25] /home/travis/build/icyphy/ptII/ptolemy/domains/de/test/auto/DepthTest7.xml (RunModel)" time="0.013" />
  <testcase classname="ptolemy.util.test.junit.AutoTests" name="[26] /home/travis/build/icyphy/ptII/ptolemy/domains/de/test/auto/EventToDate.xml (RunModel)" time="3.054" />
  <testcase classname="ptolemy.util.test.junit.AutoTests" name="[27] /home/travis/build/icyphy/ptII/ptolemy/domains/de/test/auto/FSM1.xml (RunModel)" time="0.043" />
  <testcase classname="ptolemy.util.test.junit.AutoTests" name="[28] /home/travis/build/icyphy/ptII/ptolemy/domains/de/test/auto/FSM7.xml (RunModel)" time="0.055" />
  <testcase classname="ptolemy.util.test.junit.AutoTests" name="[29] /home/travis/build/icyphy/ptII/ptolemy/domains/de/test/auto/Inspection.xml (RunModel)" time="0.048" />
  <testcase classname="ptolemy.util.test.junit.AutoTests" name="[30] /home/travis/build/icyphy/ptII/ptolemy/domains/de/test/auto/Iteration.xml (RunModel)" time="0.024" />
  <testcase classname="ptolemy.util.test.junit.AutoTests" name="[31] /home/travis/build/icyphy/ptII/ptolemy/domains/de/test/auto/LineFault.xml (RunModel)" time="0.632" />
  <testcase classname="ptolemy.util.test.junit.AutoTests" name="[32] /home/travis/build/icyphy/ptII/ptolemy/domains/de/test/auto/MergeModel1Add.xml (RunModel)" time="0.055" />
  <testcase classname="ptolemy.util.test.junit.AutoTests" name="[33] /home/travis/build/icyphy/ptII/ptolemy/domains/de/test/auto/MergeModel2Add.xml (RunModel)" time="0.038" />
  <testcase classname="ptolemy.util.test.junit.AutoTests" name="[34] /home/travis/build/icyphy/ptII/ptolemy/domains/de/test/auto/MergeModel3Add.xml (RunModel)" time="0.048" />
  <testcase classname="ptolemy.util.test.junit.AutoTests" name="[35] /home/travis/build/icyphy/ptII/ptolemy/domains/de/test/auto/MergeWithoutDiscard.xml (RunModel)" time="0.012" />
  <testcase classname="ptolemy.util.test.junit.AutoTests" name="[36] /home/travis/build/icyphy/ptII/ptolemy/domains/de/test/auto/Modal1.xml (RunModel)" time="0.032" />
  <testcase classname="ptolemy.util.test.junit.AutoTests" name="[37] /home/travis/build/icyphy/ptII/ptolemy/domains/de/test/auto/Modal2.xml (RunModel)" time="0.034" />
  <testcase classname="ptolemy.util.test.junit.AutoTests" name="[38] /home/travis/build/icyphy/ptII/ptolemy/domains/de/test/auto/Modal3.xml (RunModel)" time="0.034" />
  <testcase classname="ptolemy.util.test.junit.AutoTests" name="[39] /home/travis/build/icyphy/ptII/ptolemy/domains/de/test/auto/Modal4.xml (RunModel)" time="0.036" />
  <testcase classname="ptolemy.util.test.junit.AutoTests" name="[40] /home/travis/build/icyphy/ptII/ptolemy/domains/de/test/auto/Modal5.xml (RunModel)" time="0.027" />
  <testcase classname="ptolemy.util.test.junit.AutoTests" name="[41] /home/travis/build/icyphy/ptII/ptolemy/domains/de/test/auto/Modal6.xml (RunModel)" time="0.031" />
  <testcase classname="ptolemy.util.test.junit.AutoTests" name="[42] /home/travis/build/icyphy/ptII/ptolemy/domains/de/test/auto/Modal7.xml (RunModel)" time="0.038" />
  <testcase classname="ptolemy.util.test.junit.AutoTests" name="[43] /home/travis/build/icyphy/ptII/ptolemy/domains/de/test/auto/ModalModel.xml (RunModel)" time="0.167" />
  <testcase classname="ptolemy.util.test.junit.AutoTests" name="[44] /home/travis/build/icyphy/ptII/ptolemy/domains/de/test/auto/ModalSource.xml (RunModel)" time="0.025" />
  <testcase classname="ptolemy.util.test.junit.AutoTests" name="[45] /home/travis/build/icyphy/ptII/ptolemy/domains/de/test/auto/NonInterruptibleTimerZeroDelay.xml (RunModel)" time="0.009" />
  <testcase classname="ptolemy.util.test.junit.AutoTests" name="[46] /home/travis/build/icyphy/ptII/ptolemy/domains/de/test/auto/OpenQueueingNetwork.xml (RunModel)" time="2.541" />
  <testcase classname="ptolemy.util.test.junit.AutoTests" name="[47] /home/travis/build/icyphy/ptII/ptolemy/domains/de/test/auto/OpenQueuingNetwork.xml (RunModel)" time="0.286" />
  <testcase classname="ptolemy.util.test.junit.AutoTests" name="[48] /home/travis/build/icyphy/ptII/ptolemy/domains/de/test/auto/PeriodicSampler.xml (RunModel)" time="0.015" />
  <testcase classname="ptolemy.util.test.junit.AutoTests" name="[49] /home/travis/build/icyphy/ptII/ptolemy/domains/de/test/auto/PersistentIO.xml (RunModel)" time="0.024" />
  <testcase classname="ptolemy.util.test.junit.AutoTests" name="[50] /home/travis/build/icyphy/ptII/ptolemy/domains/de/test/auto/PortParameterResetOnInitialize.xml (RunModel)" time="0.011" />
  <testcase classname="ptolemy.util.test.junit.AutoTests" name="[51] /home/travis/build/icyphy/ptII/ptolemy/domains/de/test/auto/PortParameterUpdates.xml (RunModel)" time="0.017" />
  <testcase classname="ptolemy.util.test.junit.AutoTests" name="[52] /home/travis/build/icyphy/ptII/ptolemy/domains/de/test/auto/QueueAndServer.xml (RunModel)" time="0.024" />
  <testcase classname="ptolemy.util.test.junit.AutoTests" name="[53] /home/travis/build/icyphy/ptII/ptolemy/domains/de/test/auto/Records.xml (RunModel)" time="0.018" />
  <testcase classname="ptolemy.util.test.junit.AutoTests" name="[54] /home/travis/build/icyphy/ptII/ptolemy/domains/de/test/auto/ResetTransitionWithStartTime1.xml (RunModel)" time="0.021" />
  <testcase classname="ptolemy.util.test.junit.AutoTests" name="[55] /home/travis/build/icyphy/ptII/ptolemy/domains/de/test/auto/ResetTransitionWithStartTime2.xml (RunModel)" time="0.024" />
  <testcase classname="ptolemy.util.test.junit.AutoTests" name="[56] /home/travis/build/icyphy/ptII/ptolemy/domains/de/test/auto/ResetTransitionWithStartTime3.xml (RunModel)" time="0.023" />
  <testcase classname="ptolemy.util.test.junit.AutoTests" name="[57] /home/travis/build/icyphy/ptII/ptolemy/domains/de/test/auto/ResetTransitionWithStartTime4.xml (RunModel)" time="0.017" />
  <testcase classname="ptolemy.util.test.junit.AutoTests" name="[58] /home/travis/build/icyphy/ptII/ptolemy/domains/de/test/auto/ResettableTimer1.xml (RunModel)" time="0.01" />
  <testcase classname="ptolemy.util.test.junit.AutoTests" name="[59] /home/travis/build/icyphy/ptII/ptolemy/domains/de/test/auto/ResettableTimer2.xml (RunModel)" time="0.01" />
  <testcase classname="ptolemy.util.test.junit.AutoTests" name="[60] /home/travis/build/icyphy/ptII/ptolemy/domains/de/test/auto/ResettableTimer3.xml (RunModel)" time="0.009" />
  <testcase classname="ptolemy.util.test.junit.AutoTests" name="[61] /home/travis/build/icyphy/ptII/ptolemy/domains/de/test/auto/ResettableTimer4.xml (RunModel)" time="0.008" />
  <testcase classname="ptolemy.util.test.junit.AutoTests" name="[62] /home/travis/build/icyphy/ptII/ptolemy/domains/de/test/auto/ResettableTimer5.xml (RunModel)" time="0.009" />
  <testcase classname="ptolemy.util.test.junit.AutoTests" name="[63] /home/travis/build/icyphy/ptII/ptolemy/domains/de/test/auto/ResettableTimer6.xml (RunModel)" time="0.017" />
  <testcase classname="ptolemy.util.test.junit.AutoTests" name="[64] /home/travis/build/icyphy/ptII/ptolemy/domains/de/test/auto/ServerZeroDelay.xml (RunModel)" time="0.011" />
  <testcase classname="ptolemy.util.test.junit.AutoTests" name="[65] /home/travis/build/icyphy/ptII/ptolemy/domains/de/test/auto/SmartSender.xml (RunModel)" time="3.011" />
  <testcase classname="ptolemy.util.test.junit.AutoTests" name="[66] /home/travis/build/icyphy/ptII/ptolemy/domains/de/test/auto/ThreadedComposite.xml (RunModel)" time="0.237" />
  <testcase classname="ptolemy.util.test.junit.AutoTests" name="[67] /home/travis/build/icyphy/ptII/ptolemy/domains/de/test/auto/Time.xml (RunModel)" time="0.449" />
  <testcase classname="ptolemy.util.test.junit.AutoTests" name="[68] /home/travis/build/icyphy/ptII/ptolemy/domains/de/test/auto/TimeDelayZeroDelay.xml (RunModel)" time="0.014" />
  <testcase classname="ptolemy.util.test.junit.AutoTests" name="[69] /home/travis/build/icyphy/ptII/ptolemy/domains/de/test/auto/TimerZeroDelay.xml (RunModel)" time="0.012" />
  <testcase classname="ptolemy.util.test.junit.AutoTests" name="[70] /home/travis/build/icyphy/ptII/ptolemy/domains/de/test/auto/TimingParadox.xml (RunModel)" time="0.373" />
  <testcase classname="ptolemy.util.test.junit.AutoTests" name="[71] /home/travis/build/icyphy/ptII/ptolemy/domains/de/test/auto/TransferInputs.xml (RunModel)" time="0.018" />
  <testcase classname="ptolemy.util.test.junit.AutoTests" name="[72] /home/travis/build/icyphy/ptII/ptolemy/domains/de/test/auto/TransferOutputs2.xml (RunModel)" time="0.025" />
  <testcase classname="ptolemy.util.test.junit.AutoTests" name="[73] /home/travis/build/icyphy/ptII/ptolemy/domains/de/test/auto/Trilateration.xml (RunModel)" time="12.852" />
  <testcase classname="ptolemy.util.test.junit.AutoTests" name="[74] /home/travis/build/icyphy/ptII/ptolemy/domains/de/test/auto/TwoSigmaDelta.xml (RunModel)" time="2.177" />
  <testcase classname="ptolemy.util.test.junit.AutoTests" name="[75] /home/travis/build/icyphy/ptII/ptolemy/domains/de/test/auto/VariableDelay.xml (RunModel)" time="0.01" />
  <testcase classname="ptolemy.util.test.junit.AutoTests" name="[76] /home/travis/build/icyphy/ptII/ptolemy/domains/de/test/auto/VariableDelay2.xml (RunModel)" time="0.019" />
  <testcase classname="ptolemy.util.test.junit.AutoTests" name="[77] /home/travis/build/icyphy/ptII/ptolemy/domains/de/test/auto/VariableDelayZeroDelay.xml (RunModel)" time="0.017" />
  <testcase classname="ptolemy.util.test.junit.AutoTests" name="[78] /home/travis/build/icyphy/ptII/ptolemy/domains/de/test/auto/VariableDelayZeroDelay2.xml (RunModel)" time="0.009" />
  <testcase classname="ptolemy.util.test.junit.AutoTests" name="[79] /home/travis/build/icyphy/ptII/ptolemy/domains/de/test/auto/deInCt.xml (RunModel)" time="0.014" />
  <testcase classname="ptolemy.util.test.junit.AutoTests" name="[80] /home/travis/build/icyphy/ptII/ptolemy/domains/de/test/auto/deInCt2.xml (RunModel)" time="0.026" />
  <testcase classname="ptolemy.util.test.junit.AutoTests" name="[81] /home/travis/build/icyphy/ptII/ptolemy/domains/de/test/auto/dynamicCausalityInterface1.xml (RunModel)" time="0.022" />
  <testcase classname="ptolemy.util.test.junit.AutoTests" name="[82] /home/travis/build/icyphy/ptII/ptolemy/domains/de/test/auto/fsm_de_test.xml (RunModel)" time="0.025" />
  <testcase classname="ptolemy.util.test.junit.AutoTests" name="[83] /home/travis/build/icyphy/ptII/ptolemy/domains/de/test/auto/functionDependencyReconstruction.xml (RunModel)" time="0.028" />
  <testcase classname="ptolemy.util.test.junit.AutoTests" name="[84] /home/travis/build/icyphy/ptII/ptolemy/domains/de/test/auto/multirate.xml (RunModel)" time="0.016" />
  <testcase classname="ptolemy.util.test.junit.AutoTests" name="[85] /home/travis/build/icyphy/ptII/ptolemy/domains/de/test/auto/multirate2.xml (RunModel)" time="0.016" />
  <testcase classname="ptolemy.util.test.junit.AutoTests" name="[86] /home/travis/build/icyphy/ptII/ptolemy/domains/de/test/auto/realtime.xml (RunModel)" time="10.012" />
  <testcase classname="ptolemy.util.test.junit.AutoTests" name="[87] /home/travis/build/icyphy/ptII/ptolemy/domains/de/test/auto/relationGroup.xml (RunModel)" time="0.017" />
  <testcase classname="ptolemy.util.test.junit.AutoTests" name="[88] /home/travis/build/icyphy/ptII/ptolemy/domains/de/test/auto/relationGroup2.xml (RunModel)" time="0.014" />
  <testcase classname="ptolemy.util.test.junit.AutoTests" name="[89] /home/travis/build/icyphy/ptII/ptolemy/domains/de/test/auto/sortWithOpaquePorts.xml (RunModel)" time="0.017" />
  <testcase classname="ptolemy.util.test.junit.AutoTests" name="[90] /home/travis/build/icyphy/ptII/ptolemy/domains/de/test/auto/transferInputsandOutputs.xml (RunModel)" time="0.016" />
  <testcase classname="ptolemy.util.test.junit.AutoTests" name="[91] /home/travis/build/icyphy/ptII/ptolemy/domains/de/test/auto/triggerType.xml (RunModel)" time="0.011" />
  <system-out><![CDATA[/home/travis/build/icyphy/ptII/ptolemy/domains/de/test/DependencyLoop.tcl
testDefs.tcl: setting time out to 9000 seconds at Tue Jul 02 04:42:35 UTC 2019
101 ms. Memory: 120832K Free: 76606K (63%)
23 ms. Memory: 120832K Free: 59198K (49%)
/home/travis/build/icyphy/ptII/ptolemy/domains/de/test/RunDETestsAsQSS.tcl
Run the DE tests using ptolemy.domains.qss.test.QSSDirectorTest, which extends QSSDirector and prints a message in the constructors.
------------------ testing $PTII/ptolemy/domains/de/test/auto/knownFailedTests/DirectFeedback.xml (Known Failure) 
104 ms. Memory: 120832K Free: 54078K (45%)


==== $PTIIhome/travis/build/icyphy/ptII/ptolemy/domains/de/test/../../../../: Auto Automatic test in file $PTII/ptolemy/domains/de/test/auto/knownFailedTests/DirectFeedback.xml
==== Contents of test case:

	    # FIXME: we should use $relativeFilename here, but it
	    # might have backslashes under Windows, which causes no end
	    # of trouble.
	    createAndExecute $file
	    list {}
	
.... Test generated KNOWN error:
    while executing
ptolemy.kernel.util.IllegalActionException: Test fails in iteration 1.
Value was: 1.0. Should have been: 2.0
  in .DirectFeedback.Test
	at ptolemy.actor.lib.Test.fire(Test.java:268)
	at ptolemy.domains.de.kernel.DEDirector._fire(DEDirector.java:1949)
	at ptolemy.domains.de.kernel.DEDirector.fire(DEDirector.java:502)
	at ptolemy.actor.CompositeActor.fire(CompositeActor.java:455)
	at ptolemy.actor.Manager.iterate(Manager.java:851)
	at ptolemy.actor.Manager.execute(Manager.java:369)
	at ptolemy.actor.Manager.run(Manager.java:1263)
	at ptolemy.actor.Manager$PtolemyRunThread.run(Manager.java:1915)

    while executing
ptolemy.kernel.util.IllegalActionException: Test fails in iteration 1.
Value was: 1.0. Should have been: 2.0
  in .DirectFeedback.Test
    while executing
"java::new ptolemy.moml.MoMLSimpleApplication $file
"
    (procedure "createAndExecute" line 2)
    invoked from within
"createAndExecute $file"
    ("uplevel" body line 5)
    invoked from within
"uplevel $contents_of_test"
------------------ testing $PTII/ptolemy/domains/de/test/auto/knownFailedTests/dependencyLoop.xml (Known Failure) 
31 ms. Memory: 120832K Free: 51516K (43%)


==== $PTIIhome/travis/build/icyphy/ptII/ptolemy/domains/de/test/../../../../: Auto Automatic test in file $PTII/ptolemy/domains/de/test/auto/knownFailedTests/dependencyLoop.xml
==== Contents of test case:

	    # FIXME: we should use $relativeFilename here, but it
	    # might have backslashes under Windows, which causes no end
	    # of trouble.
	    createAndExecute $file
	    list {}
	
.... Test generated KNOWN error:
    while executing
ptolemy.kernel.util.IllegalActionException: Found a zero delay loop containing .dependencyLoop.original
  in .dependencyLoop and .dependencyLoop.original
	at ptolemy.actor.util.CausalityInterfaceForComposites._computeOutputPortDepth(CausalityInterfaceForComposites.java:759)
	at ptolemy.actor.util.CausalityInterfaceForComposites._computeInputDepth(CausalityInterfaceForComposites.java:696)
	at ptolemy.actor.util.CausalityInterfaceForComposites._computeOutputPortDepth(CausalityInterfaceForComposites.java:765)
	at ptolemy.actor.util.CausalityInterfaceForComposites._computeInputDepth(CausalityInterfaceForComposites.java:696)
	at ptolemy.actor.util.CausalityInterfaceForComposites._computeOutputPortDepth(CausalityInterfaceForComposites.java:765)
	at ptolemy.actor.util.CausalityInterfaceForComposites._computeInputDepth(CausalityInterfaceForComposites.java:696)
	at ptolemy.actor.util.CausalityInterfaceForComposites._computeActorDepth(CausalityInterfaceForComposites.java:532)
	at ptolemy.actor.util.CausalityInterfaceForComposites.checkForCycles(CausalityInterfaceForComposites.java:96)
	at ptolemy.domains.de.kernel.DEDirector.preinitialize(DEDirector.java:1338)
	at ptolemy.actor.CompositeActor.preinitialize(CompositeActor.java:1828)
	at ptolemy.actor.Manager.preinitializeAndResolveTypes(Manager.java:1040)
	at ptolemy.actor.Manager.initialize(Manager.java:710)
	at ptolemy.actor.Manager.execute(Manager.java:356)
	at ptolemy.actor.Manager.run(Manager.java:1263)
	at ptolemy.actor.Manager$PtolemyRunThread.run(Manager.java:1915)

    while executing
ptolemy.kernel.util.IllegalActionException: Found a zero delay loop containing .dependencyLoop.original
  in .dependencyLoop and .dependencyLoop.original
    while executing
"java::new ptolemy.moml.MoMLSimpleApplication $file
"
    (procedure "createAndExecute" line 2)
    invoked from within
"createAndExecute $file"
    ("uplevel" body line 5)
    invoked from within
"uplevel $contents_of_test"
------------------ testing $PTII/ptolemy/domains/de/test/auto/knownFailedTests/FSMSource.xml (Known Failure) 
66 ms. Memory: 120832K Free: 100823K (83%)
!!!! Auto was marked as failing, but now passes
------------------ testing $PTII/ptolemy/domains/de/test/auto/knownFailedTests/HierarchicalModel.xml (Known Failure) 
14 ms. Memory: 120832K Free: 83415K (69%)


==== $PTIIhome/travis/build/icyphy/ptII/ptolemy/domains/de/test/../../../../: Auto Automatic test in file $PTII/ptolemy/domains/de/test/auto/knownFailedTests/HierarchicalModel.xml
==== Contents of test case:

	    # FIXME: we should use $relativeFilename here, but it
	    # might have backslashes under Windows, which causes no end
	    # of trouble.
	    createAndExecute $file
	    list {}
	
.... Test generated KNOWN error:
    while executing
ptolemy.kernel.util.IllegalActionException: Found a zero delay loop containing .HierarchicalModel.A
  in .HierarchicalModel and .HierarchicalModel.A
	at ptolemy.actor.util.CausalityInterfaceForComposites._computeOutputPortDepth(CausalityInterfaceForComposites.java:759)
	at ptolemy.actor.util.CausalityInterfaceForComposites._computeInputDepth(CausalityInterfaceForComposites.java:696)
	at ptolemy.actor.util.CausalityInterfaceForComposites._computeOutputPortDepth(CausalityInterfaceForComposites.java:765)
	at ptolemy.actor.util.CausalityInterfaceForComposites._computeInputDepth(CausalityInterfaceForComposites.java:696)
	at ptolemy.actor.util.CausalityInterfaceForComposites._computeOutputPortDepth(CausalityInterfaceForComposites.java:765)
	at ptolemy.actor.util.CausalityInterfaceForComposites._computeInputDepth(CausalityInterfaceForComposites.java:696)
	at ptolemy.actor.util.CausalityInterfaceForComposites._computeActorDepth(CausalityInterfaceForComposites.java:532)
	at ptolemy.actor.util.CausalityInterfaceForComposites.checkForCycles(CausalityInterfaceForComposites.java:96)
	at ptolemy.domains.de.kernel.DEDirector.preinitialize(DEDirector.java:1338)
	at ptolemy.actor.CompositeActor.preinitialize(CompositeActor.java:1828)
	at ptolemy.actor.Manager.preinitializeAndResolveTypes(Manager.java:1040)
	at ptolemy.actor.Manager.initialize(Manager.java:710)
	at ptolemy.actor.Manager.execute(Manager.java:356)
	at ptolemy.actor.Manager.run(Manager.java:1263)
	at ptolemy.actor.Manager$PtolemyRunThread.run(Manager.java:1915)

    while executing
ptolemy.kernel.util.IllegalActionException: Found a zero delay loop containing .HierarchicalModel.A
  in .HierarchicalModel and .HierarchicalModel.A
    while executing
"java::new ptolemy.moml.MoMLSimpleApplication $file
"
    (procedure "createAndExecute" line 2)
    invoked from within
"createAndExecute $file"
    ("uplevel" body line 5)
    invoked from within
"uplevel $contents_of_test"
------------------ testing $PTII/ptolemy/domains/de/test/auto/knownFailedTests/dependencyLoop2.xml (Known Failure) 
16 ms. Memory: 120832K Free: 67527K (56%)


==== $PTIIhome/travis/build/icyphy/ptII/ptolemy/domains/de/test/../../../../: Auto Automatic test in file $PTII/ptolemy/domains/de/test/auto/knownFailedTests/dependencyLoop2.xml
==== Contents of test case:

	    # FIXME: we should use $relativeFilename here, but it
	    # might have backslashes under Windows, which causes no end
	    # of trouble.
	    createAndExecute $file
	    list {}
	
.... Test generated KNOWN error:
    while executing
ptolemy.kernel.util.IllegalActionException: Found a zero delay loop containing .dependencyLoop2.original
  in .dependencyLoop2 and .dependencyLoop2.original
	at ptolemy.actor.util.CausalityInterfaceForComposites._computeOutputPortDepth(CausalityInterfaceForComposites.java:759)
	at ptolemy.actor.util.CausalityInterfaceForComposites._computeInputDepth(CausalityInterfaceForComposites.java:696)
	at ptolemy.actor.util.CausalityInterfaceForComposites._computeOutputPortDepth(CausalityInterfaceForComposites.java:765)
	at ptolemy.actor.util.CausalityInterfaceForComposites._computeInputDepth(CausalityInterfaceForComposites.java:696)
	at ptolemy.actor.util.CausalityInterfaceForComposites._computeOutputPortDepth(CausalityInterfaceForComposites.java:765)
	at ptolemy.actor.util.CausalityInterfaceForComposites._computeInputDepth(CausalityInterfaceForComposites.java:696)
	at ptolemy.actor.util.CausalityInterfaceForComposites._computeActorDepth(CausalityInterfaceForComposites.java:532)
	at ptolemy.actor.util.CausalityInterfaceForComposites.checkForCycles(CausalityInterfaceForComposites.java:96)
	at ptolemy.domains.de.kernel.DEDirector.preinitialize(DEDirector.java:1338)
	at ptolemy.actor.CompositeActor.preinitialize(CompositeActor.java:1828)
	at ptolemy.actor.Manager.preinitializeAndResolveTypes(Manager.java:1040)
	at ptolemy.actor.Manager.initialize(Manager.java:710)
	at ptolemy.actor.Manager.execute(Manager.java:356)
	at ptolemy.actor.Manager.run(Manager.java:1263)
	at ptolemy.actor.Manager$PtolemyRunThread.run(Manager.java:1915)

    while executing
ptolemy.kernel.util.IllegalActionException: Found a zero delay loop containing .dependencyLoop2.original
  in .dependencyLoop2 and .dependencyLoop2.original
    while executing
"java::new ptolemy.moml.MoMLSimpleApplication $file
"
    (procedure "createAndExecute" line 2)
    invoked from within
"createAndExecute $file"
    ("uplevel" body line 5)
    invoked from within
"uplevel $contents_of_test"
------------------ testing $PTII/ptolemy/domains/de/test/auto/knownFailedTests/DESDFClockTest.xml (Known Failure) 
2078 ms. Memory: 120832K Free: 54229K (45%)


==== $PTIIhome/travis/build/icyphy/ptII/ptolemy/domains/de/test/../../../../: Auto Automatic test in file $PTII/ptolemy/domains/de/test/auto/knownFailedTests/DESDFClockTest.xml
==== Contents of test case:

	    # FIXME: we should use $relativeFilename here, but it
	    # might have backslashes under Windows, which causes no end
	    # of trouble.
	    createAndExecute $file
	    list {}
	
.... Test generated KNOWN error:
    while executing
ptolemy.kernel.util.IllegalActionException: Actor is not ready to fire.  Perhaps UpSample.prefire() returned false? Try debugging the actor by selecting "Listen to Actor".  Also, for SDF check moml for tokenConsumptionRate on input.
  in .DESDFClockTest.Play Bell.Copy1:SDF Director and .DESDFClockTest.Play Bell.UpSample
	at ptolemy.actor.sched.StaticSchedulingDirector.fire(StaticSchedulingDirector.java:227)
	at ptolemy.domains.sdf.kernel.SDFDirector.fire(SDFDirector.java:500)
	at ptolemy.actor.CompositeActor.fire(CompositeActor.java:455)
	at ptolemy.domains.de.kernel.DEDirector._fire(DEDirector.java:1949)
	at ptolemy.domains.de.kernel.DEDirector.fire(DEDirector.java:502)
	at ptolemy.actor.CompositeActor.fire(CompositeActor.java:455)
	at ptolemy.actor.Manager.iterate(Manager.java:851)
	at ptolemy.actor.Manager.execute(Manager.java:369)
	at ptolemy.actor.Manager.run(Manager.java:1263)
	at ptolemy.actor.Manager$PtolemyRunThread.run(Manager.java:1915)

    while executing
ptolemy.kernel.util.IllegalActionException: Actor is not ready to fire.  Perhaps UpSample.prefire() returned false? Try debugging the actor by selecting "Listen to Actor".  Also, for SDF check moml for tokenConsumptionRate on input.
  in .DESDFClockTest.Play Bell.Copy1:SDF Director and .DESDFClockTest.Play Bell.UpSample
    while executing
"java::new ptolemy.moml.MoMLSimpleApplication $file
"
    (procedure "createAndExecute" line 2)
    invoked from within
"createAndExecute $file"
    ("uplevel" body line 5)
    invoked from within
"uplevel $contents_of_test"
------------------ testing $PTII/ptolemy/domains/de/test/auto/ActorDepthCalculation_actorWithoutPorts.xml
auto.tcl: Setting watchdog for 200 seconds at Tue Jul 02 04:42:39 UTC 2019
24 ms. Memory: 120832K Free: 107183K (89%)
ptolemy.util.test.WatchDog.cancel(): canceling Tue Jul 02 04:42:39 UTC 2019
auto.tcl: Setting watchdog for 200 seconds at Tue Jul 02 04:42:39 UTC 2019
4 ms. Memory: 120832K Free: 105499K (87%)
ptolemy.util.test.WatchDog.cancel(): canceling Tue Jul 02 04:42:39 UTC 2019
------------------ testing $PTII/ptolemy/domains/de/test/auto/AssemblyLine.xml
auto.tcl: Setting watchdog for 200 seconds at Tue Jul 02 04:42:40 UTC 2019
8 ms. Memory: 48128K Free: 26755K (56%)
ptolemy.util.test.WatchDog.cancel(): canceling Tue Jul 02 04:42:40 UTC 2019
auto.tcl: Setting watchdog for 200 seconds at Tue Jul 02 04:42:40 UTC 2019
13 ms. Memory: 48128K Free: 25982K (54%)
ptolemy.util.test.WatchDog.cancel(): canceling Tue Jul 02 04:42:40 UTC 2019
------------------ testing $PTII/ptolemy/domains/de/test/auto/CQBug1.xml
auto.tcl: Setting watchdog for 200 seconds at Tue Jul 02 04:42:40 UTC 2019
12 ms. Memory: 48128K Free: 32080K (67%)
ptolemy.util.test.WatchDog.cancel(): canceling Tue Jul 02 04:42:40 UTC 2019
auto.tcl: Setting watchdog for 200 seconds at Tue Jul 02 04:42:40 UTC 2019
3 ms. Memory: 48128K Free: 31815K (66%)
ptolemy.util.test.WatchDog.cancel(): canceling Tue Jul 02 04:42:40 UTC 2019
------------------ testing $PTII/ptolemy/domains/de/test/auto/CancelFireAt.xml
auto.tcl: Setting watchdog for 200 seconds at Tue Jul 02 04:42:40 UTC 2019
9 ms. Memory: 48128K Free: 33337K (69%)
ptolemy.util.test.WatchDog.cancel(): canceling Tue Jul 02 04:42:40 UTC 2019
auto.tcl: Setting watchdog for 200 seconds at Tue Jul 02 04:42:40 UTC 2019
2 ms. Memory: 48128K Free: 32806K (68%)
ptolemy.util.test.WatchDog.cancel(): canceling Tue Jul 02 04:42:40 UTC 2019
------------------ testing $PTII/ptolemy/domains/de/test/auto/CausalityAndComposabilityAnalysis.xml
auto.tcl: Setting watchdog for 200 seconds at Tue Jul 02 04:42:40 UTC 2019
9 ms. Memory: 45056K Free: 28227K (63%)
ptolemy.util.test.WatchDog.cancel(): canceling Tue Jul 02 04:42:40 UTC 2019
auto.tcl: Setting watchdog for 200 seconds at Tue Jul 02 04:42:40 UTC 2019
8 ms. Memory: 45056K Free: 27448K (61%)
ptolemy.util.test.WatchDog.cancel(): canceling Tue Jul 02 04:42:40 UTC 2019
------------------ testing $PTII/ptolemy/domains/de/test/auto/CausalityInterface1.xml
auto.tcl: Setting watchdog for 200 seconds at Tue Jul 02 04:42:40 UTC 2019
27 ms. Memory: 45056K Free: 26873K (60%)
ptolemy.util.test.WatchDog.cancel(): canceling Tue Jul 02 04:42:40 UTC 2019
auto.tcl: Setting watchdog for 200 seconds at Tue Jul 02 04:42:40 UTC 2019
4 ms. Memory: 45056K Free: 25804K (57%)
ptolemy.util.test.WatchDog.cancel(): canceling Tue Jul 02 04:42:40 UTC 2019
------------------ testing $PTII/ptolemy/domains/de/test/auto/CausalityInterface15.xml
auto.tcl: Setting watchdog for 200 seconds at Tue Jul 02 04:42:40 UTC 2019
18 ms. Memory: 45056K Free: 26768K (59%)
ptolemy.util.test.WatchDog.cancel(): canceling Tue Jul 02 04:42:40 UTC 2019
auto.tcl: Setting watchdog for 200 seconds at Tue Jul 02 04:42:40 UTC 2019
9 ms. Memory: 45056K Free: 26010K (58%)
ptolemy.util.test.WatchDog.cancel(): canceling Tue Jul 02 04:42:40 UTC 2019
------------------ testing $PTII/ptolemy/domains/de/test/auto/CausalityInterface2.xml
auto.tcl: Setting watchdog for 200 seconds at Tue Jul 02 04:42:40 UTC 2019
5 ms. Memory: 45056K Free: 27746K (62%)
ptolemy.util.test.WatchDog.cancel(): canceling Tue Jul 02 04:42:40 UTC 2019
auto.tcl: Setting watchdog for 200 seconds at Tue Jul 02 04:42:40 UTC 2019
3 ms. Memory: 45056K Free: 27007K (60%)
ptolemy.util.test.WatchDog.cancel(): canceling Tue Jul 02 04:42:40 UTC 2019
------------------ testing $PTII/ptolemy/domains/de/test/auto/CausalityInterface3.xml
auto.tcl: Setting watchdog for 200 seconds at Tue Jul 02 04:42:40 UTC 2019
8 ms. Memory: 45056K Free: 27291K (61%)
ptolemy.util.test.WatchDog.cancel(): canceling Tue Jul 02 04:42:41 UTC 2019
auto.tcl: Setting watchdog for 200 seconds at Tue Jul 02 04:42:41 UTC 2019
3 ms. Memory: 45056K Free: 26697K (59%)
ptolemy.util.test.WatchDog.cancel(): canceling Tue Jul 02 04:42:41 UTC 2019
------------------ testing $PTII/ptolemy/domains/de/test/auto/ClockDrift.xml
auto.tcl: Setting watchdog for 200 seconds at Tue Jul 02 04:42:41 UTC 2019
98 ms. Memory: 45056K Free: 19793K (44%)
ptolemy.util.test.WatchDog.cancel(): canceling Tue Jul 02 04:42:41 UTC 2019
auto.tcl: Setting watchdog for 200 seconds at Tue Jul 02 04:42:41 UTC 2019
47 ms. Memory: 45056K Free: 31674K (70%)
ptolemy.util.test.WatchDog.cancel(): canceling Tue Jul 02 04:42:41 UTC 2019
------------------ testing $PTII/ptolemy/domains/de/test/auto/ClockDriftAndValueChange.xml
auto.tcl: Setting watchdog for 200 seconds at Tue Jul 02 04:42:41 UTC 2019
47 ms. Memory: 45056K Free: 20143K (45%)
ptolemy.util.test.WatchDog.cancel(): canceling Tue Jul 02 04:42:41 UTC 2019
auto.tcl: Setting watchdog for 200 seconds at Tue Jul 02 04:42:41 UTC 2019
32 ms. Memory: 45056K Free: 17098K (38%)
ptolemy.util.test.WatchDog.cancel(): canceling Tue Jul 02 04:42:41 UTC 2019
------------------ testing $PTII/ptolemy/domains/de/test/auto/ClockDriftChange.xml
auto.tcl: Setting watchdog for 200 seconds at Tue Jul 02 04:42:41 UTC 2019
22 ms. Memory: 45056K Free: 22025K (49%)
ptolemy.util.test.WatchDog.cancel(): canceling Tue Jul 02 04:42:41 UTC 2019
auto.tcl: Setting watchdog for 200 seconds at Tue Jul 02 04:42:41 UTC 2019
17 ms. Memory: 45056K Free: 19413K (43%)
ptolemy.util.test.WatchDog.cancel(): canceling Tue Jul 02 04:42:41 UTC 2019
------------------ testing $PTII/ptolemy/domains/de/test/auto/ComposableCausalityAnalysis.xml
auto.tcl: Setting watchdog for 200 seconds at Tue Jul 02 04:42:41 UTC 2019
2 ms. Memory: 45056K Free: 26314K (58%)
ptolemy.util.test.WatchDog.cancel(): canceling Tue Jul 02 04:42:41 UTC 2019
auto.tcl: Setting watchdog for 200 seconds at Tue Jul 02 04:42:41 UTC 2019
5 ms. Memory: 45056K Free: 25285K (56%)
ptolemy.util.test.WatchDog.cancel(): canceling Tue Jul 02 04:42:41 UTC 2019
------------------ testing $PTII/ptolemy/domains/de/test/auto/DEFixedPointLimitation.xml
auto.tcl: Setting watchdog for 200 seconds at Tue Jul 02 04:42:41 UTC 2019
3 ms. Memory: 45056K Free: 27654K (61%)
ptolemy.util.test.WatchDog.cancel(): canceling Tue Jul 02 04:42:41 UTC 2019
auto.tcl: Setting watchdog for 200 seconds at Tue Jul 02 04:42:41 UTC 2019
2 ms. Memory: 45056K Free: 26938K (60%)
ptolemy.util.test.WatchDog.cancel(): canceling Tue Jul 02 04:42:41 UTC 2019
------------------ testing $PTII/ptolemy/domains/de/test/auto/DEScheduleTest.xml
auto.tcl: Setting watchdog for 200 seconds at Tue Jul 02 04:42:41 UTC 2019
5 ms. Memory: 45056K Free: 28107K (62%)
ptolemy.util.test.WatchDog.cancel(): canceling Tue Jul 02 04:42:41 UTC 2019
auto.tcl: Setting watchdog for 200 seconds at Tue Jul 02 04:42:41 UTC 2019
4 ms. Memory: 45056K Free: 27259K (61%)
ptolemy.util.test.WatchDog.cancel(): canceling Tue Jul 02 04:42:41 UTC 2019
------------------ testing $PTII/ptolemy/domains/de/test/auto/DEinDEwithStartTimes.xml
auto.tcl: Setting watchdog for 200 seconds at Tue Jul 02 04:42:41 UTC 2019
4 ms. Memory: 45056K Free: 26506K (59%)
ptolemy.util.test.WatchDog.cancel(): canceling Tue Jul 02 04:42:41 UTC 2019
auto.tcl: Setting watchdog for 200 seconds at Tue Jul 02 04:42:41 UTC 2019
4 ms. Memory: 45056K Free: 25381K (56%)
ptolemy.util.test.WatchDog.cancel(): canceling Tue Jul 02 04:42:41 UTC 2019
------------------ testing $PTII/ptolemy/domains/de/test/auto/DEinDEwithStartTimes2.xml
auto.tcl: Setting watchdog for 200 seconds at Tue Jul 02 04:42:42 UTC 2019
5 ms. Memory: 45056K Free: 25603K (57%)
ptolemy.util.test.WatchDog.cancel(): canceling Tue Jul 02 04:42:42 UTC 2019
auto.tcl: Setting watchdog for 200 seconds at Tue Jul 02 04:42:42 UTC 2019
4 ms. Memory: 45056K Free: 24225K (54%)
ptolemy.util.test.WatchDog.cancel(): canceling Tue Jul 02 04:42:42 UTC 2019
------------------ testing $PTII/ptolemy/domains/de/test/auto/DateDemo.xml
auto.tcl: Setting watchdog for 200 seconds at Tue Jul 02 04:42:42 UTC 2019
17 ms. Memory: 45056K Free: 20018K (44%)
ptolemy.util.test.WatchDog.cancel(): canceling Tue Jul 02 04:42:42 UTC 2019
auto.tcl: Setting watchdog for 200 seconds at Tue Jul 02 04:42:42 UTC 2019
7 ms. Memory: 45056K Free: 18397K (41%)
ptolemy.util.test.WatchDog.cancel(): canceling Tue Jul 02 04:42:42 UTC 2019
------------------ testing $PTII/ptolemy/domains/de/test/auto/DateToEvent.xml
auto.tcl: Setting watchdog for 200 seconds at Tue Jul 02 04:42:42 UTC 2019
2017 ms. Memory: 45056K Free: 31351K (70%)
ptolemy.util.test.WatchDog.cancel(): canceling Tue Jul 02 04:42:44 UTC 2019
auto.tcl: Setting watchdog for 200 seconds at Tue Jul 02 04:42:44 UTC 2019
2004 ms. Memory: 45056K Free: 30523K (68%)
ptolemy.util.test.WatchDog.cancel(): canceling Tue Jul 02 04:42:46 UTC 2019
------------------ testing $PTII/ptolemy/domains/de/test/auto/DepthTest1.xml
auto.tcl: Setting watchdog for 200 seconds at Tue Jul 02 04:42:46 UTC 2019
6 ms. Memory: 45056K Free: 28995K (64%)
ptolemy.util.test.WatchDog.cancel(): canceling Tue Jul 02 04:42:46 UTC 2019
auto.tcl: Setting watchdog for 200 seconds at Tue Jul 02 04:42:46 UTC 2019
8 ms. Memory: 45056K Free: 28512K (63%)
ptolemy.util.test.WatchDog.cancel(): canceling Tue Jul 02 04:42:46 UTC 2019
------------------ testing $PTII/ptolemy/domains/de/test/auto/DepthTest2.xml
auto.tcl: Setting watchdog for 200 seconds at Tue Jul 02 04:42:46 UTC 2019
4 ms. Memory: 45056K Free: 25781K (57%)
ptolemy.util.test.WatchDog.cancel(): canceling Tue Jul 02 04:42:46 UTC 2019
auto.tcl: Setting watchdog for 200 seconds at Tue Jul 02 04:42:46 UTC 2019
2 ms. Memory: 45056K Free: 25153K (56%)
ptolemy.util.test.WatchDog.cancel(): canceling Tue Jul 02 04:42:46 UTC 2019
------------------ testing $PTII/ptolemy/domains/de/test/auto/DepthTest3.xml
auto.tcl: Setting watchdog for 200 seconds at Tue Jul 02 04:42:46 UTC 2019
3 ms. Memory: 45056K Free: 29303K (65%)
ptolemy.util.test.WatchDog.cancel(): canceling Tue Jul 02 04:42:46 UTC 2019
auto.tcl: Setting watchdog for 200 seconds at Tue Jul 02 04:42:46 UTC 2019
2 ms. Memory: 45056K Free: 28543K (63%)
ptolemy.util.test.WatchDog.cancel(): canceling Tue Jul 02 04:42:46 UTC 2019
------------------ testing $PTII/ptolemy/domains/de/test/auto/DepthTest4.xml
auto.tcl: Setting watchdog for 200 seconds at Tue Jul 02 04:42:46 UTC 2019
3 ms. Memory: 45056K Free: 27501K (61%)
ptolemy.util.test.WatchDog.cancel(): canceling Tue Jul 02 04:42:46 UTC 2019
auto.tcl: Setting watchdog for 200 seconds at Tue Jul 02 04:42:46 UTC 2019
4 ms. Memory: 45056K Free: 26821K (60%)
ptolemy.util.test.WatchDog.cancel(): canceling Tue Jul 02 04:42:46 UTC 2019
------------------ testing $PTII/ptolemy/domains/de/test/auto/DepthTest5.xml
auto.tcl: Setting watchdog for 200 seconds at Tue Jul 02 04:42:46 UTC 2019
5 ms. Memory: 45056K Free: 26775K (59%)
ptolemy.util.test.WatchDog.cancel(): canceling Tue Jul 02 04:42:46 UTC 2019
auto.tcl: Setting watchdog for 200 seconds at Tue Jul 02 04:42:46 UTC 2019
4 ms. Memory: 45056K Free: 26163K (58%)
ptolemy.util.test.WatchDog.cancel(): canceling Tue Jul 02 04:42:46 UTC 2019
------------------ testing $PTII/ptolemy/domains/de/test/auto/DepthTest6.xml
auto.tcl: Setting watchdog for 200 seconds at Tue Jul 02 04:42:46 UTC 2019
5 ms. Memory: 45056K Free: 26754K (59%)
ptolemy.util.test.WatchDog.cancel(): canceling Tue Jul 02 04:42:46 UTC 2019
auto.tcl: Setting watchdog for 200 seconds at Tue Jul 02 04:42:46 UTC 2019
3 ms. Memory: 45056K Free: 26142K (58%)
ptolemy.util.test.WatchDog.cancel(): canceling Tue Jul 02 04:42:46 UTC 2019
------------------ testing $PTII/ptolemy/domains/de/test/auto/DepthTest7.xml
auto.tcl: Setting watchdog for 200 seconds at Tue Jul 02 04:42:46 UTC 2019
3 ms. Memory: 45056K Free: 27151K (60%)
ptolemy.util.test.WatchDog.cancel(): canceling Tue Jul 02 04:42:47 UTC 2019
auto.tcl: Setting watchdog for 200 seconds at Tue Jul 02 04:42:47 UTC 2019
2 ms. Memory: 45056K Free: 26769K (59%)
ptolemy.util.test.WatchDog.cancel(): canceling Tue Jul 02 04:42:47 UTC 2019
------------------ testing $PTII/ptolemy/domains/de/test/auto/EventToDate.xml
auto.tcl: Setting watchdog for 200 seconds at Tue Jul 02 04:42:47 UTC 2019
3005 ms. Memory: 45056K Free: 18021K (40%)
ptolemy.util.test.WatchDog.cancel(): canceling Tue Jul 02 04:42:50 UTC 2019
auto.tcl: Setting watchdog for 200 seconds at Tue Jul 02 04:42:50 UTC 2019
3004 ms. Memory: 45056K Free: 17257K (38%)
ptolemy.util.test.WatchDog.cancel(): canceling Tue Jul 02 04:42:53 UTC 2019
------------------ testing $PTII/ptolemy/domains/de/test/auto/FSM1.xml
auto.tcl: Setting watchdog for 200 seconds at Tue Jul 02 04:42:53 UTC 2019
20 ms. Memory: 45056K Free: 19463K (43%)
ptolemy.util.test.WatchDog.cancel(): canceling Tue Jul 02 04:42:53 UTC 2019
auto.tcl: Setting watchdog for 200 seconds at Tue Jul 02 04:42:53 UTC 2019
18 ms. Memory: 45056K Free: 16284K (36%)
ptolemy.util.test.WatchDog.cancel(): canceling Tue Jul 02 04:42:53 UTC 2019
------------------ testing $PTII/ptolemy/domains/de/test/auto/FSM7.xml
auto.tcl: Setting watchdog for 200 seconds at Tue Jul 02 04:42:53 UTC 2019
23 ms. Memory: 45056K Free: 19285K (43%)
ptolemy.util.test.WatchDog.cancel(): canceling Tue Jul 02 04:42:53 UTC 2019
auto.tcl: Setting watchdog for 200 seconds at Tue Jul 02 04:42:53 UTC 2019
25 ms. Memory: 45056K Free: 16187K (36%)
ptolemy.util.test.WatchDog.cancel(): canceling Tue Jul 02 04:42:53 UTC 2019
------------------ testing $PTII/ptolemy/domains/de/test/auto/Inspection.xml
auto.tcl: Setting watchdog for 200 seconds at Tue Jul 02 04:42:53 UTC 2019
31 ms. Memory: 45056K Free: 19294K (43%)
ptolemy.util.test.WatchDog.cancel(): canceling Tue Jul 02 04:42:53 UTC 2019
auto.tcl: Setting watchdog for 200 seconds at Tue Jul 02 04:42:53 UTC 2019
17 ms. Memory: 45056K Free: 17500K (39%)
ptolemy.util.test.WatchDog.cancel(): canceling Tue Jul 02 04:42:53 UTC 2019
------------------ testing $PTII/ptolemy/domains/de/test/auto/Iteration.xml
auto.tcl: Setting watchdog for 200 seconds at Tue Jul 02 04:42:53 UTC 2019
8 ms. Memory: 45056K Free: 25050K (56%)
ptolemy.util.test.WatchDog.cancel(): canceling Tue Jul 02 04:42:53 UTC 2019
auto.tcl: Setting watchdog for 200 seconds at Tue Jul 02 04:42:53 UTC 2019
6 ms. Memory: 45056K Free: 23860K (53%)
ptolemy.util.test.WatchDog.cancel(): canceling Tue Jul 02 04:42:53 UTC 2019
------------------ testing $PTII/ptolemy/domains/de/test/auto/LineFault.xml
auto.tcl: Setting watchdog for 200 seconds at Tue Jul 02 04:42:53 UTC 2019
777 ms. Memory: 57344K Free: 22688K (40%)
ptolemy.util.test.WatchDog.cancel(): canceling Tue Jul 02 04:42:54 UTC 2019
auto.tcl: Setting watchdog for 200 seconds at Tue Jul 02 04:42:54 UTC 2019
662 ms. Memory: 57344K Free: 16863K (29%)
ptolemy.util.test.WatchDog.cancel(): canceling Tue Jul 02 04:42:55 UTC 2019
------------------ testing $PTII/ptolemy/domains/de/test/auto/MergeModel1Add.xml
auto.tcl: Setting watchdog for 200 seconds at Tue Jul 02 04:42:55 UTC 2019
35 ms. Memory: 51200K Free: 17025K (33%)
ptolemy.util.test.WatchDog.cancel(): canceling Tue Jul 02 04:42:55 UTC 2019
auto.tcl: Setting watchdog for 200 seconds at Tue Jul 02 04:42:55 UTC 2019
12 ms. Memory: 51200K Free: 15464K (30%)
ptolemy.util.test.WatchDog.cancel(): canceling Tue Jul 02 04:42:55 UTC 2019
------------------ testing $PTII/ptolemy/domains/de/test/auto/MergeModel2Add.xml
auto.tcl: Setting watchdog for 200 seconds at Tue Jul 02 04:42:55 UTC 2019
20 ms. Memory: 45056K Free: 13448K (30%)
ptolemy.util.test.WatchDog.cancel(): canceling Tue Jul 02 04:42:55 UTC 2019
auto.tcl: Setting watchdog for 200 seconds at Tue Jul 02 04:42:55 UTC 2019
11 ms. Memory: 45056K Free: 11638K (26%)
ptolemy.util.test.WatchDog.cancel(): canceling Tue Jul 02 04:42:55 UTC 2019
------------------ testing $PTII/ptolemy/domains/de/test/auto/MergeModel3Add.xml
auto.tcl: Setting watchdog for 200 seconds at Tue Jul 02 04:42:55 UTC 2019
10 ms. Memory: 45056K Free: 12432K (28%)
ptolemy.util.test.WatchDog.cancel(): canceling Tue Jul 02 04:42:55 UTC 2019
auto.tcl: Setting watchdog for 200 seconds at Tue Jul 02 04:42:55 UTC 2019
11 ms. Memory: 45056K Free: 11038K (24%)
ptolemy.util.test.WatchDog.cancel(): canceling Tue Jul 02 04:42:55 UTC 2019
------------------ testing $PTII/ptolemy/domains/de/test/auto/MergeWithoutDiscard.xml
auto.tcl: Setting watchdog for 200 seconds at Tue Jul 02 04:42:55 UTC 2019
2 ms. Memory: 45056K Free: 27512K (61%)
ptolemy.util.test.WatchDog.cancel(): canceling Tue Jul 02 04:42:56 UTC 2019
auto.tcl: Setting watchdog for 200 seconds at Tue Jul 02 04:42:56 UTC 2019
1 ms. Memory: 45056K Free: 27136K (60%)
ptolemy.util.test.WatchDog.cancel(): canceling Tue Jul 02 04:42:56 UTC 2019
------------------ testing $PTII/ptolemy/domains/de/test/auto/Modal1.xml
auto.tcl: Setting watchdog for 200 seconds at Tue Jul 02 04:42:56 UTC 2019
16 ms. Memory: 45056K Free: 19967K (44%)
ptolemy.util.test.WatchDog.cancel(): canceling Tue Jul 02 04:42:56 UTC 2019
auto.tcl: Setting watchdog for 200 seconds at Tue Jul 02 04:42:56 UTC 2019
18 ms. Memory: 45056K Free: 16427K (36%)
ptolemy.util.test.WatchDog.cancel(): canceling Tue Jul 02 04:42:56 UTC 2019
------------------ testing $PTII/ptolemy/domains/de/test/auto/Modal2.xml
auto.tcl: Setting watchdog for 200 seconds at Tue Jul 02 04:42:56 UTC 2019
11 ms. Memory: 45056K Free: 19557K (43%)
ptolemy.util.test.WatchDog.cancel(): canceling Tue Jul 02 04:42:56 UTC 2019
auto.tcl: Setting watchdog for 200 seconds at Tue Jul 02 04:42:56 UTC 2019
21 ms. Memory: 45056K Free: 16313K (36%)
ptolemy.util.test.WatchDog.cancel(): canceling Tue Jul 02 04:42:56 UTC 2019
------------------ testing $PTII/ptolemy/domains/de/test/auto/Modal3.xml
auto.tcl: Setting watchdog for 200 seconds at Tue Jul 02 04:42:56 UTC 2019
10 ms. Memory: 45056K Free: 19281K (43%)
ptolemy.util.test.WatchDog.cancel(): canceling Tue Jul 02 04:42:56 UTC 2019
auto.tcl: Setting watchdog for 200 seconds at Tue Jul 02 04:42:56 UTC 2019
11 ms. Memory: 45056K Free: 16334K (36%)
ptolemy.util.test.WatchDog.cancel(): canceling Tue Jul 02 04:42:56 UTC 2019
------------------ testing $PTII/ptolemy/domains/de/test/auto/Modal4.xml
auto.tcl: Setting watchdog for 200 seconds at Tue Jul 02 04:42:56 UTC 2019
25 ms. Memory: 45056K Free: 18509K (41%)
ptolemy.util.test.WatchDog.cancel(): canceling Tue Jul 02 04:42:56 UTC 2019
auto.tcl: Setting watchdog for 200 seconds at Tue Jul 02 04:42:56 UTC 2019
18 ms. Memory: 45056K Free: 14660K (33%)
ptolemy.util.test.WatchDog.cancel(): canceling Tue Jul 02 04:42:56 UTC 2019
------------------ testing $PTII/ptolemy/domains/de/test/auto/Modal5.xml
auto.tcl: Setting watchdog for 200 seconds at Tue Jul 02 04:42:56 UTC 2019
13 ms. Memory: 45056K Free: 18485K (41%)
ptolemy.util.test.WatchDog.cancel(): canceling Tue Jul 02 04:42:56 UTC 2019
auto.tcl: Setting watchdog for 200 seconds at Tue Jul 02 04:42:56 UTC 2019
14 ms. Memory: 45056K Free: 14647K (33%)
ptolemy.util.test.WatchDog.cancel(): canceling Tue Jul 02 04:42:56 UTC 2019
------------------ testing $PTII/ptolemy/domains/de/test/auto/Modal6.xml
auto.tcl: Setting watchdog for 200 seconds at Tue Jul 02 04:42:56 UTC 2019
13 ms. Memory: 45056K Free: 19300K (43%)
ptolemy.util.test.WatchDog.cancel(): canceling Tue Jul 02 04:42:56 UTC 2019
auto.tcl: Setting watchdog for 200 seconds at Tue Jul 02 04:42:56 UTC 2019
16 ms. Memory: 45056K Free: 15692K (35%)
ptolemy.util.test.WatchDog.cancel(): canceling Tue Jul 02 04:42:56 UTC 2019
------------------ testing $PTII/ptolemy/domains/de/test/auto/Modal7.xml
auto.tcl: Setting watchdog for 200 seconds at Tue Jul 02 04:42:56 UTC 2019
10 ms. Memory: 45056K Free: 18259K (41%)
ptolemy.util.test.WatchDog.cancel(): canceling Tue Jul 02 04:42:56 UTC 2019
auto.tcl: Setting watchdog for 200 seconds at Tue Jul 02 04:42:56 UTC 2019
9 ms. Memory: 45056K Free: 14945K (33%)
ptolemy.util.test.WatchDog.cancel(): canceling Tue Jul 02 04:42:56 UTC 2019
------------------ testing $PTII/ptolemy/domains/de/test/auto/ModalModel.xml
auto.tcl: Setting watchdog for 200 seconds at Tue Jul 02 04:42:56 UTC 2019
208 ms. Memory: 59392K Free: 39349K (66%)
ptolemy.util.test.WatchDog.cancel(): canceling Tue Jul 02 04:42:57 UTC 2019
auto.tcl: Setting watchdog for 200 seconds at Tue Jul 02 04:42:57 UTC 2019
176 ms. Memory: 59392K Free: 34716K (58%)
ptolemy.util.test.WatchDog.cancel(): canceling Tue Jul 02 04:42:57 UTC 2019
------------------ testing $PTII/ptolemy/domains/de/test/auto/ModalSource.xml
auto.tcl: Setting watchdog for 200 seconds at Tue Jul 02 04:42:57 UTC 2019
6 ms. Memory: 48128K Free: 26392K (55%)
ptolemy.util.test.WatchDog.cancel(): canceling Tue Jul 02 04:42:57 UTC 2019
auto.tcl: Setting watchdog for 200 seconds at Tue Jul 02 04:42:57 UTC 2019
6 ms. Memory: 48128K Free: 24344K (51%)
ptolemy.util.test.WatchDog.cancel(): canceling Tue Jul 02 04:42:57 UTC 2019
------------------ testing $PTII/ptolemy/domains/de/test/auto/NonInterruptibleTimerZeroDelay.xml
auto.tcl: Setting watchdog for 200 seconds at Tue Jul 02 04:42:57 UTC 2019
4 ms. Memory: 48128K Free: 31398K (65%)
ptolemy.util.test.WatchDog.cancel(): canceling Tue Jul 02 04:42:57 UTC 2019
auto.tcl: Setting watchdog for 200 seconds at Tue Jul 02 04:42:57 UTC 2019
3 ms. Memory: 48128K Free: 30673K (64%)
ptolemy.util.test.WatchDog.cancel(): canceling Tue Jul 02 04:42:57 UTC 2019
------------------ testing $PTII/ptolemy/domains/de/test/auto/OpenQueueingNetwork.xml
auto.tcl: Setting watchdog for 200 seconds at Tue Jul 02 04:42:57 UTC 2019
3064 ms. Memory: 110592K Free: 72462K (66%)
ptolemy.util.test.WatchDog.cancel(): canceling Tue Jul 02 04:43:00 UTC 2019
auto.tcl: Setting watchdog for 200 seconds at Tue Jul 02 04:43:00 UTC 2019
2502 ms. Memory: 110592K Free: 87218K (79%)
ptolemy.util.test.WatchDog.cancel(): canceling Tue Jul 02 04:43:03 UTC 2019
------------------ testing $PTII/ptolemy/domains/de/test/auto/OpenQueuingNetwork.xml
auto.tcl: Setting watchdog for 200 seconds at Tue Jul 02 04:43:03 UTC 2019
255 ms. Memory: 66560K Free: 36175K (54%)
ptolemy.util.test.WatchDog.cancel(): canceling Tue Jul 02 04:43:03 UTC 2019
auto.tcl: Setting watchdog for 200 seconds at Tue Jul 02 04:43:03 UTC 2019
282 ms. Memory: 66560K Free: 21246K (32%)
ptolemy.util.test.WatchDog.cancel(): canceling Tue Jul 02 04:43:03 UTC 2019
------------------ testing $PTII/ptolemy/domains/de/test/auto/PeriodicSampler.xml
auto.tcl: Setting watchdog for 200 seconds at Tue Jul 02 04:43:03 UTC 2019
3 ms. Memory: 48128K Free: 30524K (63%)
ptolemy.util.test.WatchDog.cancel(): canceling Tue Jul 02 04:43:03 UTC 2019
auto.tcl: Setting watchdog for 200 seconds at Tue Jul 02 04:43:03 UTC 2019
2 ms. Memory: 48128K Free: 30029K (62%)
ptolemy.util.test.WatchDog.cancel(): canceling Tue Jul 02 04:43:03 UTC 2019
------------------ testing $PTII/ptolemy/domains/de/test/auto/PersistentIO.xml
auto.tcl: Setting watchdog for 200 seconds at Tue Jul 02 04:43:03 UTC 2019
14 ms. Memory: 48128K Free: 25433K (53%)
ptolemy.util.test.WatchDog.cancel(): canceling Tue Jul 02 04:43:04 UTC 2019
auto.tcl: Setting watchdog for 200 seconds at Tue Jul 02 04:43:04 UTC 2019
5 ms. Memory: 48128K Free: 23955K (50%)
ptolemy.util.test.WatchDog.cancel(): canceling Tue Jul 02 04:43:04 UTC 2019
------------------ testing $PTII/ptolemy/domains/de/test/auto/PortParameterResetOnInitialize.xml
auto.tcl: Setting watchdog for 200 seconds at Tue Jul 02 04:43:04 UTC 2019
8 ms. Memory: 45056K Free: 27359K (61%)
ptolemy.util.test.WatchDog.cancel(): canceling Tue Jul 02 04:43:04 UTC 2019
auto.tcl: Setting watchdog for 200 seconds at Tue Jul 02 04:43:04 UTC 2019
2 ms. Memory: 45056K Free: 26908K (60%)
ptolemy.util.test.WatchDog.cancel(): canceling Tue Jul 02 04:43:04 UTC 2019
------------------ testing $PTII/ptolemy/domains/de/test/auto/PortParameterUpdates.xml
auto.tcl: Setting watchdog for 200 seconds at Tue Jul 02 04:43:04 UTC 2019
3 ms. Memory: 45056K Free: 25724K (57%)
ptolemy.util.test.WatchDog.cancel(): canceling Tue Jul 02 04:43:04 UTC 2019
auto.tcl: Setting watchdog for 200 seconds at Tue Jul 02 04:43:04 UTC 2019
4 ms. Memory: 45056K Free: 24490K (54%)
ptolemy.util.test.WatchDog.cancel(): canceling Tue Jul 02 04:43:04 UTC 2019
------------------ testing $PTII/ptolemy/domains/de/test/auto/QueueAndServer.xml
auto.tcl: Setting watchdog for 200 seconds at Tue Jul 02 04:43:04 UTC 2019
6 ms. Memory: 45056K Free: 24125K (54%)
ptolemy.util.test.WatchDog.cancel(): canceling Tue Jul 02 04:43:04 UTC 2019
auto.tcl: Setting watchdog for 200 seconds at Tue Jul 02 04:43:04 UTC 2019
6 ms. Memory: 45056K Free: 22984K (51%)
ptolemy.util.test.WatchDog.cancel(): canceling Tue Jul 02 04:43:04 UTC 2019
------------------ testing $PTII/ptolemy/domains/de/test/auto/Records.xml
auto.tcl: Setting watchdog for 200 seconds at Tue Jul 02 04:43:04 UTC 2019
4 ms. Memory: 45056K Free: 26901K (60%)
ptolemy.util.test.WatchDog.cancel(): canceling Tue Jul 02 04:43:04 UTC 2019
auto.tcl: Setting watchdog for 200 seconds at Tue Jul 02 04:43:04 UTC 2019
2 ms. Memory: 45056K Free: 26443K (59%)
ptolemy.util.test.WatchDog.cancel(): canceling Tue Jul 02 04:43:04 UTC 2019
------------------ testing $PTII/ptolemy/domains/de/test/auto/ResetTransitionWithStartTime1.xml
auto.tcl: Setting watchdog for 200 seconds at Tue Jul 02 04:43:04 UTC 2019
7 ms. Memory: 45056K Free: 23859K (53%)
ptolemy.util.test.WatchDog.cancel(): canceling Tue Jul 02 04:43:04 UTC 2019
auto.tcl: Setting watchdog for 200 seconds at Tue Jul 02 04:43:04 UTC 2019
7 ms. Memory: 45056K Free: 21365K (47%)
ptolemy.util.test.WatchDog.cancel(): canceling Tue Jul 02 04:43:04 UTC 2019
------------------ testing $PTII/ptolemy/domains/de/test/auto/ResetTransitionWithStartTime2.xml
auto.tcl: Setting watchdog for 200 seconds at Tue Jul 02 04:43:04 UTC 2019
6 ms. Memory: 45056K Free: 23814K (53%)
ptolemy.util.test.WatchDog.cancel(): canceling Tue Jul 02 04:43:04 UTC 2019
auto.tcl: Setting watchdog for 200 seconds at Tue Jul 02 04:43:04 UTC 2019
5 ms. Memory: 45056K Free: 21734K (48%)
ptolemy.util.test.WatchDog.cancel(): canceling Tue Jul 02 04:43:04 UTC 2019
------------------ testing $PTII/ptolemy/domains/de/test/auto/ResetTransitionWithStartTime3.xml
auto.tcl: Setting watchdog for 200 seconds at Tue Jul 02 04:43:04 UTC 2019
6 ms. Memory: 45056K Free: 23813K (53%)
ptolemy.util.test.WatchDog.cancel(): canceling Tue Jul 02 04:43:04 UTC 2019
auto.tcl: Setting watchdog for 200 seconds at Tue Jul 02 04:43:04 UTC 2019
5 ms. Memory: 45056K Free: 21307K (47%)
ptolemy.util.test.WatchDog.cancel(): canceling Tue Jul 02 04:43:04 UTC 2019
------------------ testing $PTII/ptolemy/domains/de/test/auto/ResetTransitionWithStartTime4.xml
auto.tcl: Setting watchdog for 200 seconds at Tue Jul 02 04:43:04 UTC 2019
7 ms. Memory: 45056K Free: 24334K (54%)
ptolemy.util.test.WatchDog.cancel(): canceling Tue Jul 02 04:43:04 UTC 2019
auto.tcl: Setting watchdog for 200 seconds at Tue Jul 02 04:43:04 UTC 2019
3 ms. Memory: 45056K Free: 22921K (51%)
ptolemy.util.test.WatchDog.cancel(): canceling Tue Jul 02 04:43:04 UTC 2019
------------------ testing $PTII/ptolemy/domains/de/test/auto/ResettableTimer1.xml
auto.tcl: Setting watchdog for 200 seconds at Tue Jul 02 04:43:04 UTC 2019
2 ms. Memory: 45056K Free: 28145K (62%)
ptolemy.util.test.WatchDog.cancel(): canceling Tue Jul 02 04:43:04 UTC 2019
auto.tcl: Setting watchdog for 200 seconds at Tue Jul 02 04:43:04 UTC 2019
2 ms. Memory: 45056K Free: 27449K (61%)
ptolemy.util.test.WatchDog.cancel(): canceling Tue Jul 02 04:43:04 UTC 2019
------------------ testing $PTII/ptolemy/domains/de/test/auto/ResettableTimer2.xml
auto.tcl: Setting watchdog for 200 seconds at Tue Jul 02 04:43:04 UTC 2019
2 ms. Memory: 45056K Free: 28193K (63%)
ptolemy.util.test.WatchDog.cancel(): canceling Tue Jul 02 04:43:04 UTC 2019
auto.tcl: Setting watchdog for 200 seconds at Tue Jul 02 04:43:04 UTC 2019
2 ms. Memory: 45056K Free: 27488K (61%)
ptolemy.util.test.WatchDog.cancel(): canceling Tue Jul 02 04:43:04 UTC 2019
------------------ testing $PTII/ptolemy/domains/de/test/auto/ResettableTimer3.xml
auto.tcl: Setting watchdog for 200 seconds at Tue Jul 02 04:43:04 UTC 2019
2 ms. Memory: 45056K Free: 28429K (63%)
ptolemy.util.test.WatchDog.cancel(): canceling Tue Jul 02 04:43:04 UTC 2019
auto.tcl: Setting watchdog for 200 seconds at Tue Jul 02 04:43:04 UTC 2019
1 ms. Memory: 45056K Free: 27995K (62%)
ptolemy.util.test.WatchDog.cancel(): canceling Tue Jul 02 04:43:04 UTC 2019
------------------ testing $PTII/ptolemy/domains/de/test/auto/ResettableTimer4.xml
auto.tcl: Setting watchdog for 200 seconds at Tue Jul 02 04:43:04 UTC 2019
9 ms. Memory: 45056K Free: 28034K (62%)
ptolemy.util.test.WatchDog.cancel(): canceling Tue Jul 02 04:43:04 UTC 2019
auto.tcl: Setting watchdog for 200 seconds at Tue Jul 02 04:43:04 UTC 2019
2 ms. Memory: 45056K Free: 27959K (62%)
ptolemy.util.test.WatchDog.cancel(): canceling Tue Jul 02 04:43:04 UTC 2019
------------------ testing $PTII/ptolemy/domains/de/test/auto/ResettableTimer5.xml
auto.tcl: Setting watchdog for 200 seconds at Tue Jul 02 04:43:04 UTC 2019
2 ms. Memory: 45056K Free: 28010K (62%)
ptolemy.util.test.WatchDog.cancel(): canceling Tue Jul 02 04:43:04 UTC 2019
auto.tcl: Setting watchdog for 200 seconds at Tue Jul 02 04:43:04 UTC 2019
2 ms. Memory: 45056K Free: 27512K (61%)
ptolemy.util.test.WatchDog.cancel(): canceling Tue Jul 02 04:43:04 UTC 2019
------------------ testing $PTII/ptolemy/domains/de/test/auto/ResettableTimer6.xml
auto.tcl: Setting watchdog for 200 seconds at Tue Jul 02 04:43:05 UTC 2019
4 ms. Memory: 45056K Free: 27434K (61%)
ptolemy.util.test.WatchDog.cancel(): canceling Tue Jul 02 04:43:05 UTC 2019
auto.tcl: Setting watchdog for 200 seconds at Tue Jul 02 04:43:05 UTC 2019
1 ms. Memory: 45056K Free: 26990K (60%)
ptolemy.util.test.WatchDog.cancel(): canceling Tue Jul 02 04:43:05 UTC 2019
------------------ testing $PTII/ptolemy/domains/de/test/auto/ServerZeroDelay.xml
auto.tcl: Setting watchdog for 200 seconds at Tue Jul 02 04:43:05 UTC 2019
4 ms. Memory: 45056K Free: 27978K (62%)
ptolemy.util.test.WatchDog.cancel(): canceling Tue Jul 02 04:43:05 UTC 2019
auto.tcl: Setting watchdog for 200 seconds at Tue Jul 02 04:43:05 UTC 2019
3 ms. Memory: 45056K Free: 27064K (60%)
ptolemy.util.test.WatchDog.cancel(): canceling Tue Jul 02 04:43:05 UTC 2019
------------------ testing $PTII/ptolemy/domains/de/test/auto/SmartSender.xml
auto.tcl: Setting watchdog for 200 seconds at Tue Jul 02 04:43:05 UTC 2019
3002 ms. Memory: 45056K Free: 28008K (62%)
ptolemy.util.test.WatchDog.cancel(): canceling Tue Jul 02 04:43:08 UTC 2019
auto.tcl: Setting watchdog for 200 seconds at Tue Jul 02 04:43:08 UTC 2019
3002 ms. Memory: 45056K Free: 27484K (61%)
ptolemy.util.test.WatchDog.cancel(): canceling Tue Jul 02 04:43:11 UTC 2019
------------------ testing $PTII/ptolemy/domains/de/test/auto/ThreadedComposite.xml
auto.tcl: Setting watchdog for 200 seconds at Tue Jul 02 04:43:11 UTC 2019
158 ms. Memory: 45056K Free: 9554K (21%)
ptolemy.util.test.WatchDog.cancel(): canceling Tue Jul 02 04:43:11 UTC 2019
auto.tcl: Setting watchdog for 200 seconds at Tue Jul 02 04:43:11 UTC 2019
214 ms. Memory: 45056K Free: 15012K (33%)
ptolemy.util.test.WatchDog.cancel(): canceling Tue Jul 02 04:43:11 UTC 2019
------------------ testing $PTII/ptolemy/domains/de/test/auto/Time.xml
auto.tcl: Setting watchdog for 200 seconds at Tue Jul 02 04:43:11 UTC 2019
576 ms. Memory: 45056K Free: 19986K (44%)
ptolemy.util.test.WatchDog.cancel(): canceling Tue Jul 02 04:43:12 UTC 2019
auto.tcl: Setting watchdog for 200 seconds at Tue Jul 02 04:43:12 UTC 2019
495 ms. Memory: 45056K Free: 13277K (29%)
ptolemy.util.test.WatchDog.cancel(): canceling Tue Jul 02 04:43:12 UTC 2019
------------------ testing $PTII/ptolemy/domains/de/test/auto/TimeDelayZeroDelay.xml
auto.tcl: Setting watchdog for 200 seconds at Tue Jul 02 04:43:12 UTC 2019
4 ms. Memory: 45056K Free: 28394K (63%)
ptolemy.util.test.WatchDog.cancel(): canceling Tue Jul 02 04:43:12 UTC 2019
auto.tcl: Setting watchdog for 200 seconds at Tue Jul 02 04:43:12 UTC 2019
2 ms. Memory: 45056K Free: 27864K (62%)
ptolemy.util.test.WatchDog.cancel(): canceling Tue Jul 02 04:43:12 UTC 2019
------------------ testing $PTII/ptolemy/domains/de/test/auto/TimerZeroDelay.xml
auto.tcl: Setting watchdog for 200 seconds at Tue Jul 02 04:43:12 UTC 2019
3 ms. Memory: 45056K Free: 28423K (63%)
ptolemy.util.test.WatchDog.cancel(): canceling Tue Jul 02 04:43:12 UTC 2019
auto.tcl: Setting watchdog for 200 seconds at Tue Jul 02 04:43:12 UTC 2019
2 ms. Memory: 45056K Free: 27906K (62%)
ptolemy.util.test.WatchDog.cancel(): canceling Tue Jul 02 04:43:12 UTC 2019
------------------ testing $PTII/ptolemy/domains/de/test/auto/TimingParadox.xml
auto.tcl: Setting watchdog for 200 seconds at Tue Jul 02 04:43:12 UTC 2019
400 ms. Memory: 54272K Free: 38573K (71%)
ptolemy.util.test.WatchDog.cancel(): canceling Tue Jul 02 04:43:13 UTC 2019
auto.tcl: Setting watchdog for 200 seconds at Tue Jul 02 04:43:13 UTC 2019
389 ms. Memory: 54272K Free: 31883K (59%)
ptolemy.util.test.WatchDog.cancel(): canceling Tue Jul 02 04:43:13 UTC 2019
------------------ testing $PTII/ptolemy/domains/de/test/auto/TransferInputs.xml
auto.tcl: Setting watchdog for 200 seconds at Tue Jul 02 04:43:13 UTC 2019
1 ms. Memory: 51200K Free: 32518K (64%)
ptolemy.util.test.WatchDog.cancel(): canceling Tue Jul 02 04:43:13 UTC 2019
auto.tcl: Setting watchdog for 200 seconds at Tue Jul 02 04:43:13 UTC 2019
2 ms. Memory: 51200K Free: 31573K (62%)
ptolemy.util.test.WatchDog.cancel(): canceling Tue Jul 02 04:43:13 UTC 2019
------------------ testing $PTII/ptolemy/domains/de/test/auto/TransferOutputs2.xml
auto.tcl: Setting watchdog for 200 seconds at Tue Jul 02 04:43:14 UTC 2019
11 ms. Memory: 48128K Free: 26889K (56%)
ptolemy.util.test.WatchDog.cancel(): canceling Tue Jul 02 04:43:14 UTC 2019
auto.tcl: Setting watchdog for 200 seconds at Tue Jul 02 04:43:14 UTC 2019
3 ms. Memory: 48128K Free: 25447K (53%)
ptolemy.util.test.WatchDog.cancel(): canceling Tue Jul 02 04:43:14 UTC 2019
------------------ testing $PTII/ptolemy/domains/de/test/auto/Trilateration.xml
auto.tcl: Setting watchdog for 200 seconds at Tue Jul 02 04:43:14 UTC 2019
15527 ms. Memory: 566272K Free: 347599K (61%)
ptolemy.util.test.WatchDog.cancel(): canceling Tue Jul 02 04:43:30 UTC 2019
auto.tcl: Setting watchdog for 200 seconds at Tue Jul 02 04:43:30 UTC 2019
11458 ms. Memory: 566272K Free: 395922K (70%)
ptolemy.util.test.WatchDog.cancel(): canceling Tue Jul 02 04:43:42 UTC 2019
------------------ testing $PTII/ptolemy/domains/de/test/auto/TwoSigmaDelta.xml
auto.tcl: Setting watchdog for 200 seconds at Tue Jul 02 04:43:42 UTC 2019
2808 ms. Memory: 86016K Free: 19424K (23%)
ptolemy.util.test.WatchDog.cancel(): canceling Tue Jul 02 04:43:45 UTC 2019
auto.tcl: Setting watchdog for 200 seconds at Tue Jul 02 04:43:45 UTC 2019
2295 ms. Memory: 86016K Free: 58828K (68%)
ptolemy.util.test.WatchDog.cancel(): canceling Tue Jul 02 04:43:47 UTC 2019
------------------ testing $PTII/ptolemy/domains/de/test/auto/VariableDelay.xml
auto.tcl: Setting watchdog for 200 seconds at Tue Jul 02 04:43:47 UTC 2019
2 ms. Memory: 48128K Free: 29936K (62%)
ptolemy.util.test.WatchDog.cancel(): canceling Tue Jul 02 04:43:47 UTC 2019
auto.tcl: Setting watchdog for 200 seconds at Tue Jul 02 04:43:47 UTC 2019
2 ms. Memory: 48128K Free: 28940K (60%)
ptolemy.util.test.WatchDog.cancel(): canceling Tue Jul 02 04:43:47 UTC 2019
------------------ testing $PTII/ptolemy/domains/de/test/auto/VariableDelay2.xml
auto.tcl: Setting watchdog for 200 seconds at Tue Jul 02 04:43:47 UTC 2019
10 ms. Memory: 48128K Free: 30350K (63%)
ptolemy.util.test.WatchDog.cancel(): canceling Tue Jul 02 04:43:47 UTC 2019
auto.tcl: Setting watchdog for 200 seconds at Tue Jul 02 04:43:47 UTC 2019
2 ms. Memory: 48128K Free: 29865K (62%)
ptolemy.util.test.WatchDog.cancel(): canceling Tue Jul 02 04:43:47 UTC 2019
------------------ testing $PTII/ptolemy/domains/de/test/auto/VariableDelayZeroDelay.xml
auto.tcl: Setting watchdog for 200 seconds at Tue Jul 02 04:43:47 UTC 2019
2 ms. Memory: 48128K Free: 30936K (64%)
ptolemy.util.test.WatchDog.cancel(): canceling Tue Jul 02 04:43:47 UTC 2019
auto.tcl: Setting watchdog for 200 seconds at Tue Jul 02 04:43:47 UTC 2019
2 ms. Memory: 48128K Free: 30346K (63%)
ptolemy.util.test.WatchDog.cancel(): canceling Tue Jul 02 04:43:47 UTC 2019
------------------ testing $PTII/ptolemy/domains/de/test/auto/VariableDelayZeroDelay2.xml
auto.tcl: Setting watchdog for 200 seconds at Tue Jul 02 04:43:47 UTC 2019
3 ms. Memory: 48128K Free: 30952K (64%)
ptolemy.util.test.WatchDog.cancel(): canceling Tue Jul 02 04:43:47 UTC 2019
auto.tcl: Setting watchdog for 200 seconds at Tue Jul 02 04:43:47 UTC 2019
2 ms. Memory: 48128K Free: 29861K (62%)
ptolemy.util.test.WatchDog.cancel(): canceling Tue Jul 02 04:43:47 UTC 2019
------------------ testing $PTII/ptolemy/domains/de/test/auto/deInCt.xml
auto.tcl: Setting watchdog for 200 seconds at Tue Jul 02 04:43:47 UTC 2019
0
1
1
1
0
0
0
0
1
1
1
0
0
0
1
1
1
1
0
0
0
1
1
1
1
0
0
0
1
1
1
1
1
0
0
0
0
12 ms. Memory: 48128K Free: 29835K (62%)
ptolemy.util.test.WatchDog.cancel(): canceling Tue Jul 02 04:43:47 UTC 2019
auto.tcl: Setting watchdog for 200 seconds at Tue Jul 02 04:43:47 UTC 2019
0
1
1
1
0
0
0
1
1
1
1
1
0
0
1
1
1
0
0
0
0
0
0
1
1
1
0
0
0
1
1
1
1
7 ms. Memory: 48128K Free: 28325K (59%)
ptolemy.util.test.WatchDog.cancel(): canceling Tue Jul 02 04:43:47 UTC 2019
------------------ testing $PTII/ptolemy/domains/de/test/auto/deInCt2.xml
auto.tcl: Setting watchdog for 200 seconds at Tue Jul 02 04:43:47 UTC 2019
0
1
1
1
0
0
1
1
1
0
0
1
1
1
0
0
1
1
1
0
0
1
1
1
0
0
1
1
1
0
0
1
1
1
0
0
1
1
1
0
0
0
9 ms. Memory: 48128K Free: 29837K (62%)
ptolemy.util.test.WatchDog.cancel(): canceling Tue Jul 02 04:43:47 UTC 2019
auto.tcl: Setting watchdog for 200 seconds at Tue Jul 02 04:43:47 UTC 2019
0
1
1
1
0
0
1
1
1
0
0
1
1
1
0
0
1
1
1
0
0
1
1
1
0
0
1
1
1
0
0
1
1
1
0
0
1
1
1
0
0
0
8 ms. Memory: 48128K Free: 28327K (59%)
ptolemy.util.test.WatchDog.cancel(): canceling Tue Jul 02 04:43:47 UTC 2019
------------------ testing $PTII/ptolemy/domains/de/test/auto/dynamicCausalityInterface1.xml
auto.tcl: Setting watchdog for 200 seconds at Tue Jul 02 04:43:48 UTC 2019
1 ms. Memory: 45056K Free: 22111K (49%)
ptolemy.util.test.WatchDog.cancel(): canceling Tue Jul 02 04:43:48 UTC 2019
auto.tcl: Setting watchdog for 200 seconds at Tue Jul 02 04:43:48 UTC 2019
1 ms. Memory: 45056K Free: 21647K (48%)
ptolemy.util.test.WatchDog.cancel(): canceling Tue Jul 02 04:43:48 UTC 2019
------------------ testing $PTII/ptolemy/domains/de/test/auto/fsm_de_test.xml
auto.tcl: Setting watchdog for 200 seconds at Tue Jul 02 04:43:48 UTC 2019
7 ms. Memory: 45056K Free: 22585K (50%)
ptolemy.util.test.WatchDog.cancel(): canceling Tue Jul 02 04:43:48 UTC 2019
auto.tcl: Setting watchdog for 200 seconds at Tue Jul 02 04:43:48 UTC 2019
6 ms. Memory: 45056K Free: 20514K (46%)
ptolemy.util.test.WatchDog.cancel(): canceling Tue Jul 02 04:43:48 UTC 2019
------------------ testing $PTII/ptolemy/domains/de/test/auto/functionDependencyReconstruction.xml
auto.tcl: Setting watchdog for 200 seconds at Tue Jul 02 04:43:48 UTC 2019
7 ms. Memory: 45056K Free: 16630K (37%)
ptolemy.util.test.WatchDog.cancel(): canceling Tue Jul 02 04:43:48 UTC 2019
auto.tcl: Setting watchdog for 200 seconds at Tue Jul 02 04:43:48 UTC 2019
3 ms. Memory: 45056K Free: 14521K (32%)
ptolemy.util.test.WatchDog.cancel(): canceling Tue Jul 02 04:43:48 UTC 2019
------------------ testing $PTII/ptolemy/domains/de/test/auto/multirate.xml
auto.tcl: Setting watchdog for 200 seconds at Tue Jul 02 04:43:48 UTC 2019
4 ms. Memory: 45056K Free: 25243K (56%)
ptolemy.util.test.WatchDog.cancel(): canceling Tue Jul 02 04:43:48 UTC 2019
auto.tcl: Setting watchdog for 200 seconds at Tue Jul 02 04:43:48 UTC 2019
2 ms. Memory: 45056K Free: 23596K (52%)
ptolemy.util.test.WatchDog.cancel(): canceling Tue Jul 02 04:43:48 UTC 2019
------------------ testing $PTII/ptolemy/domains/de/test/auto/multirate2.xml
auto.tcl: Setting watchdog for 200 seconds at Tue Jul 02 04:43:48 UTC 2019
6 ms. Memory: 45056K Free: 25409K (56%)
ptolemy.util.test.WatchDog.cancel(): canceling Tue Jul 02 04:43:48 UTC 2019
auto.tcl: Setting watchdog for 200 seconds at Tue Jul 02 04:43:48 UTC 2019
2 ms. Memory: 45056K Free: 23808K (53%)
ptolemy.util.test.WatchDog.cancel(): canceling Tue Jul 02 04:43:48 UTC 2019
------------------ testing $PTII/ptolemy/domains/de/test/auto/realtime.xml
auto.tcl: Setting watchdog for 200 seconds at Tue Jul 02 04:43:48 UTC 2019
10001 ms. Memory: 45056K Free: 27471K (61%)
ptolemy.util.test.WatchDog.cancel(): canceling Tue Jul 02 04:43:58 UTC 2019
auto.tcl: Setting watchdog for 200 seconds at Tue Jul 02 04:43:58 UTC 2019
10003 ms. Memory: 45056K Free: 26709K (59%)
ptolemy.util.test.WatchDog.cancel(): canceling Tue Jul 02 04:44:08 UTC 2019
------------------ testing $PTII/ptolemy/domains/de/test/auto/relationGroup.xml
auto.tcl: Setting watchdog for 200 seconds at Tue Jul 02 04:44:08 UTC 2019
1 ms. Memory: 45056K Free: 28497K (63%)
ptolemy.util.test.WatchDog.cancel(): canceling Tue Jul 02 04:44:08 UTC 2019
auto.tcl: Setting watchdog for 200 seconds at Tue Jul 02 04:44:08 UTC 2019
1 ms. Memory: 45056K Free: 27759K (62%)
ptolemy.util.test.WatchDog.cancel(): canceling Tue Jul 02 04:44:08 UTC 2019
------------------ testing $PTII/ptolemy/domains/de/test/auto/relationGroup2.xml
auto.tcl: Setting watchdog for 200 seconds at Tue Jul 02 04:44:08 UTC 2019
2 ms. Memory: 45056K Free: 28515K (63%)
ptolemy.util.test.WatchDog.cancel(): canceling Tue Jul 02 04:44:08 UTC 2019
auto.tcl: Setting watchdog for 200 seconds at Tue Jul 02 04:44:08 UTC 2019
2 ms. Memory: 45056K Free: 27785K (62%)
ptolemy.util.test.WatchDog.cancel(): canceling Tue Jul 02 04:44:08 UTC 2019
------------------ testing $PTII/ptolemy/domains/de/test/auto/sortWithOpaquePorts.xml
auto.tcl: Setting watchdog for 200 seconds at Tue Jul 02 04:44:08 UTC 2019
2 ms. Memory: 45056K Free: 27301K (61%)
ptolemy.util.test.WatchDog.cancel(): canceling Tue Jul 02 04:44:08 UTC 2019
auto.tcl: Setting watchdog for 200 seconds at Tue Jul 02 04:44:08 UTC 2019
2 ms. Memory: 45056K Free: 26334K (58%)
ptolemy.util.test.WatchDog.cancel(): canceling Tue Jul 02 04:44:08 UTC 2019
------------------ testing $PTII/ptolemy/domains/de/test/auto/transferInputsandOutputs.xml
auto.tcl: Setting watchdog for 200 seconds at Tue Jul 02 04:44:08 UTC 2019
2 ms. Memory: 45056K Free: 24732K (55%)
ptolemy.util.test.WatchDog.cancel(): canceling Tue Jul 02 04:44:08 UTC 2019
auto.tcl: Setting watchdog for 200 seconds at Tue Jul 02 04:44:08 UTC 2019
3 ms. Memory: 45056K Free: 23780K (53%)
ptolemy.util.test.WatchDog.cancel(): canceling Tue Jul 02 04:44:08 UTC 2019
------------------ testing $PTII/ptolemy/domains/de/test/auto/triggerType.xml
auto.tcl: Setting watchdog for 200 seconds at Tue Jul 02 04:44:08 UTC 2019
1 ms. Memory: 45056K Free: 27758K (62%)
ptolemy.util.test.WatchDog.cancel(): canceling Tue Jul 02 04:44:08 UTC 2019
auto.tcl: Setting watchdog for 200 seconds at Tue Jul 02 04:44:08 UTC 2019
2 ms. Memory: 45056K Free: 26835K (60%)
ptolemy.util.test.WatchDog.cancel(): canceling Tue Jul 02 04:44:08 UTC 2019
07/02/19 04:44:08
Failed: 0  Total Tests: 192  ((Passed: 187, Newly Passed: 1)  Known Failed: 5) /home/travis/build/icyphy/ptII/ptolemy/domains/de/test
07/02/19 04:44:08
Failed: 0  Total Tests: 192  ((Passed: 187, Newly Passed: 1)  Known Failed: 5) /home/travis/build/icyphy/ptII/ptolemy/domains/de/test
----------------- testing (KnownFailure) /home/travis/build/icyphy/ptII/ptolemy/domains/de/test/auto/knownFailedTests/DESDFClockTest.xml
2020 ms. Memory: 45056K Free: 21173K (47%)
Known Failure: java.lang.reflect.InvocationTargetException
----------------- testing (KnownFailure) /home/travis/build/icyphy/ptII/ptolemy/domains/de/test/auto/knownFailedTests/DirectFeedback.xml
1 ms. Memory: 45056K Free: 18080K (40%)
Known Failure: java.lang.reflect.InvocationTargetException
----------------- testing (KnownFailure) /home/travis/build/icyphy/ptII/ptolemy/domains/de/test/auto/knownFailedTests/FSMSource.xml
6 ms. Memory: 45056K Free: 10933K (24%)
----------------- testing (KnownFailure) /home/travis/build/icyphy/ptII/ptolemy/domains/de/test/auto/knownFailedTests/HierarchicalModel.xml
3 ms. Memory: 45056K Free: 19143K (42%)
Known Failure: java.lang.reflect.InvocationTargetException
----------------- testing (KnownFailure) /home/travis/build/icyphy/ptII/ptolemy/domains/de/test/auto/knownFailedTests/dependencyLoop.xml
2 ms. Memory: 45056K Free: 28098K (62%)
Known Failure: java.lang.reflect.InvocationTargetException
----------------- testing (KnownFailure) /home/travis/build/icyphy/ptII/ptolemy/domains/de/test/auto/knownFailedTests/dependencyLoop2.xml
7 ms. Memory: 45056K Free: 13297K (30%)
Known Failure: java.lang.reflect.InvocationTargetException
No auto/linux-amd64/*.xml tests in /home/travis/build/icyphy/ptII/ptolemy/domains/de/test
AutoTests.java: About to close Vertx.
AutoTests.java: Vertx closed.

===========================================================================================
----------------- testing Tue Jul 02 04:44:11 UTC 2019 /home/travis/build/icyphy/ptII/ptolemy/domains/de/test/auto/ActorDepthCalculation_actorWithoutPorts.xml
----------------- Instantiating /home/travis/build/icyphy/ptII/ptolemy/domains/de/test/auto/ActorDepthCalculation_actorWithoutPorts.xml
8 ms. Memory: 45056K Free: 30914K (69%)
----------------- Invoking toplevel() on ptolemy.moml.MoMLSimpleApplication@549f288a
----------------- Done invoking toplevel() on ptolemy.moml.MoMLSimpleApplication@549f288a
reloadAllAccessors: .ActorDepthCalculation_actorWithoutPorts

===========================================================================================
----------------- testing Tue Jul 02 04:44:11 UTC 2019 /home/travis/build/icyphy/ptII/ptolemy/domains/de/test/auto/AssemblyLine.xml
----------------- Instantiating /home/travis/build/icyphy/ptII/ptolemy/domains/de/test/auto/AssemblyLine.xml
2 ms. Memory: 45056K Free: 23808K (53%)
----------------- Invoking toplevel() on ptolemy.moml.MoMLSimpleApplication@5b80f303
----------------- Done invoking toplevel() on ptolemy.moml.MoMLSimpleApplication@5b80f303
reloadAllAccessors: .AssemblyLine

===========================================================================================
----------------- testing Tue Jul 02 04:44:11 UTC 2019 /home/travis/build/icyphy/ptII/ptolemy/domains/de/test/auto/CQBug1.xml
----------------- Instantiating /home/travis/build/icyphy/ptII/ptolemy/domains/de/test/auto/CQBug1.xml
1 ms. Memory: 45056K Free: 20739K (46%)
----------------- Invoking toplevel() on ptolemy.moml.MoMLSimpleApplication@2e5ab5e7
----------------- Done invoking toplevel() on ptolemy.moml.MoMLSimpleApplication@2e5ab5e7
reloadAllAccessors: .CQBug1

===========================================================================================
----------------- testing Tue Jul 02 04:44:11 UTC 2019 /home/travis/build/icyphy/ptII/ptolemy/domains/de/test/auto/CancelFireAt.xml
----------------- Instantiating /home/travis/build/icyphy/ptII/ptolemy/domains/de/test/auto/CancelFireAt.xml
1 ms. Memory: 45056K Free: 18469K (41%)
----------------- Invoking toplevel() on ptolemy.moml.MoMLSimpleApplication@6a2fe194
----------------- Done invoking toplevel() on ptolemy.moml.MoMLSimpleApplication@6a2fe194
reloadAllAccessors: .CancelFireAt

===========================================================================================
----------------- testing Tue Jul 02 04:44:11 UTC 2019 /home/travis/build/icyphy/ptII/ptolemy/domains/de/test/auto/CausalityAndComposabilityAnalysis.xml
----------------- Instantiating /home/travis/build/icyphy/ptII/ptolemy/domains/de/test/auto/CausalityAndComposabilityAnalysis.xml
9 ms. Memory: 45056K Free: 14310K (32%)
----------------- Invoking toplevel() on ptolemy.moml.MoMLSimpleApplication@440eabb6
----------------- Done invoking toplevel() on ptolemy.moml.MoMLSimpleApplication@440eabb6
reloadAllAccessors: .CausalityAndComposabilityAnalysis

===========================================================================================
----------------- testing Tue Jul 02 04:44:11 UTC 2019 /home/travis/build/icyphy/ptII/ptolemy/domains/de/test/auto/CausalityInterface1.xml
----------------- Instantiating /home/travis/build/icyphy/ptII/ptolemy/domains/de/test/auto/CausalityInterface1.xml
5 ms. Memory: 45056K Free: 9482K (21%)
----------------- Invoking toplevel() on ptolemy.moml.MoMLSimpleApplication@50190985
----------------- Done invoking toplevel() on ptolemy.moml.MoMLSimpleApplication@50190985
reloadAllAccessors: .CausalityInterface1

===========================================================================================
----------------- testing Tue Jul 02 04:44:11 UTC 2019 /home/travis/build/icyphy/ptII/ptolemy/domains/de/test/auto/CausalityInterface15.xml
----------------- Instantiating /home/travis/build/icyphy/ptII/ptolemy/domains/de/test/auto/CausalityInterface15.xml
2 ms. Memory: 45056K Free: 27721K (62%)
----------------- Invoking toplevel() on ptolemy.moml.MoMLSimpleApplication@43cc0fa3
----------------- Done invoking toplevel() on ptolemy.moml.MoMLSimpleApplication@43cc0fa3
reloadAllAccessors: .CausalityInterface15

===========================================================================================
----------------- testing Tue Jul 02 04:44:11 UTC 2019 /home/travis/build/icyphy/ptII/ptolemy/domains/de/test/auto/CausalityInterface2.xml
----------------- Instantiating /home/travis/build/icyphy/ptII/ptolemy/domains/de/test/auto/CausalityInterface2.xml
2 ms. Memory: 45056K Free: 23207K (52%)
[...]
	at ptolemy.actor.Manager.run(Manager.java:1263)
	at ptolemy.actor.Manager$PtolemyRunThread.run(Manager.java:1915)
java.lang.RuntimeException: Execution failed
	at ptolemy.moml.MoMLSimpleApplication$UnloadThread.run(MoMLSimpleApplication.java:402)
Caused by: ptolemy.kernel.util.IllegalActionException: Actor is not ready to fire.  Perhaps UpSample.prefire() returned false? Try debugging the actor by selecting "Listen to Actor".  Also, for SDF check moml for tokenConsumptionRate on input.
  in .DESDFClockTest.Play Bell.Copy1:SDF Director and .DESDFClockTest.Play Bell.UpSample
	at ptolemy.actor.sched.StaticSchedulingDirector.fire(StaticSchedulingDirector.java:227)
	at ptolemy.domains.sdf.kernel.SDFDirector.fire(SDFDirector.java:500)
	at ptolemy.actor.CompositeActor.fire(CompositeActor.java:455)
	at ptolemy.domains.de.kernel.DEDirector._fire(DEDirector.java:1949)
	at ptolemy.domains.de.kernel.DEDirector.fire(DEDirector.java:502)
	at ptolemy.actor.CompositeActor.fire(CompositeActor.java:455)
	at ptolemy.actor.Manager.iterate(Manager.java:851)
	at ptolemy.actor.Manager.execute(Manager.java:369)
	at ptolemy.actor.Manager.run(Manager.java:1263)
	at ptolemy.actor.Manager$PtolemyRunThread.run(Manager.java:1915)
java.lang.reflect.InvocationTargetException
	at java.base/jdk.internal.reflect.NativeConstructorAccessorImpl.newInstance0(Native Method)
	at java.base/jdk.internal.reflect.NativeConstructorAccessorImpl.newInstance(NativeConstructorAccessorImpl.java:62)
	at java.base/jdk.internal.reflect.DelegatingConstructorAccessorImpl.newInstance(DelegatingConstructorAccessorImpl.java:45)
	at java.base/java.lang.reflect.Constructor.newInstance(Constructor.java:490)
	at ptolemy.util.test.junit.AutoKnownFailedTests.RunModel(AutoKnownFailedTests.java:105)
	at java.base/jdk.internal.reflect.NativeMethodAccessorImpl.invoke0(Native Method)
	at java.base/jdk.internal.reflect.NativeMethodAccessorImpl.invoke(NativeMethodAccessorImpl.java:62)
	at java.base/jdk.internal.reflect.DelegatingMethodAccessorImpl.invoke(DelegatingMethodAccessorImpl.java:43)
	at java.base/java.lang.reflect.Method.invoke(Method.java:566)
	at org.junit.runners.model.FrameworkMethod$1.runReflectiveCall(FrameworkMethod.java:44)
	at org.junit.internal.runners.model.ReflectiveCallable.run(ReflectiveCallable.java:15)
	at org.junit.runners.model.FrameworkMethod.invokeExplosively(FrameworkMethod.java:41)
	at junitparams.internal.InvokeParameterisedMethod.evaluate(InvokeParameterisedMethod.java:102)
	at org.junit.internal.runners.statements.FailOnTimeout$1.run(FailOnTimeout.java:28)
Caused by: ptolemy.kernel.util.IllegalActionException: Actor is not ready to fire.  Perhaps UpSample.prefire() returned false? Try debugging the actor by selecting "Listen to Actor".  Also, for SDF check moml for tokenConsumptionRate on input.
  in .DESDFClockTest.Play Bell.Copy1:SDF Director and .DESDFClockTest.Play Bell.UpSample
	at ptolemy.actor.sched.StaticSchedulingDirector.fire(StaticSchedulingDirector.java:227)
	at ptolemy.domains.sdf.kernel.SDFDirector.fire(SDFDirector.java:500)
	at ptolemy.actor.CompositeActor.fire(CompositeActor.java:455)
	at ptolemy.domains.de.kernel.DEDirector._fire(DEDirector.java:1949)
	at ptolemy.domains.de.kernel.DEDirector.fire(DEDirector.java:502)
	at ptolemy.actor.CompositeActor.fire(CompositeActor.java:455)
	at ptolemy.actor.Manager.iterate(Manager.java:851)
	at ptolemy.actor.Manager.execute(Manager.java:369)
	at ptolemy.actor.Manager.run(Manager.java:1263)
	at ptolemy.actor.Manager$PtolemyRunThread.run(Manager.java:1915)
java.lang.RuntimeException: Execution failed
	at ptolemy.moml.MoMLSimpleApplication$UnloadThread.run(MoMLSimpleApplication.java:402)
Caused by: ptolemy.kernel.util.IllegalActionException: Test fails in iteration 1.
Value was: 1.0. Should have been: 2.0
  in .DirectFeedback.Test
	at ptolemy.actor.lib.Test.fire(Test.java:268)
	at ptolemy.domains.de.kernel.DEDirector._fire(DEDirector.java:1949)
	at ptolemy.domains.de.kernel.DEDirector.fire(DEDirector.java:502)
	at ptolemy.actor.CompositeActor.fire(CompositeActor.java:455)
	at ptolemy.actor.Manager.iterate(Manager.java:851)
	at ptolemy.actor.Manager.execute(Manager.java:369)
	at ptolemy.actor.Manager.run(Manager.java:1263)
	at ptolemy.actor.Manager$PtolemyRunThread.run(Manager.java:1915)
java.lang.reflect.InvocationTargetException
	at java.base/jdk.internal.reflect.NativeConstructorAccessorImpl.newInstance0(Native Method)
	at java.base/jdk.internal.reflect.NativeConstructorAccessorImpl.newInstance(NativeConstructorAccessorImpl.java:62)
	at java.base/jdk.internal.reflect.DelegatingConstructorAccessorImpl.newInstance(DelegatingConstructorAccessorImpl.java:45)
	at java.base/java.lang.reflect.Constructor.newInstance(Constructor.java:490)
	at ptolemy.util.test.junit.AutoKnownFailedTests.RunModel(AutoKnownFailedTests.java:105)
	at java.base/jdk.internal.reflect.NativeMethodAccessorImpl.invoke0(Native Method)
	at java.base/jdk.internal.reflect.NativeMethodAccessorImpl.invoke(NativeMethodAccessorImpl.java:62)
	at java.base/jdk.internal.reflect.DelegatingMethodAccessorImpl.invoke(DelegatingMethodAccessorImpl.java:43)
	at java.base/java.lang.reflect.Method.invoke(Method.java:566)
	at org.junit.runners.model.FrameworkMethod$1.runReflectiveCall(FrameworkMethod.java:44)
	at org.junit.internal.runners.model.ReflectiveCallable.run(ReflectiveCallable.java:15)
	at org.junit.runners.model.FrameworkMethod.invokeExplosively(FrameworkMethod.java:41)
	at junitparams.internal.InvokeParameterisedMethod.evaluate(InvokeParameterisedMethod.java:102)
	at org.junit.internal.runners.statements.FailOnTimeout$1.run(FailOnTimeout.java:28)
Caused by: ptolemy.kernel.util.IllegalActionException: Test fails in iteration 1.
Value was: 1.0. Should have been: 2.0
  in .DirectFeedback.Test
	at ptolemy.actor.lib.Test.fire(Test.java:268)
	at ptolemy.domains.de.kernel.DEDirector._fire(DEDirector.java:1949)
	at ptolemy.domains.de.kernel.DEDirector.fire(DEDirector.java:502)
	at ptolemy.actor.CompositeActor.fire(CompositeActor.java:455)
	at ptolemy.actor.Manager.iterate(Manager.java:851)
	at ptolemy.actor.Manager.execute(Manager.java:369)
	at ptolemy.actor.Manager.run(Manager.java:1263)
	at ptolemy.actor.Manager$PtolemyRunThread.run(Manager.java:1915)
java.lang.RuntimeException: Execution failed
	at ptolemy.moml.MoMLSimpleApplication$UnloadThread.run(MoMLSimpleApplication.java:402)
Caused by: ptolemy.kernel.util.IllegalActionException: Found a zero delay loop containing .HierarchicalModel.A
  in .HierarchicalModel and .HierarchicalModel.A
	at ptolemy.actor.util.CausalityInterfaceForComposites._computeOutputPortDepth(CausalityInterfaceForComposites.java:759)
	at ptolemy.actor.util.CausalityInterfaceForComposites._computeInputDepth(CausalityInterfaceForComposites.java:696)
	at ptolemy.actor.util.CausalityInterfaceForComposites._computeOutputPortDepth(CausalityInterfaceForComposites.java:765)
	at ptolemy.actor.util.CausalityInterfaceForComposites._computeInputDepth(CausalityInterfaceForComposites.java:696)
	at ptolemy.actor.util.CausalityInterfaceForComposites._computeOutputPortDepth(CausalityInterfaceForComposites.java:765)
	at ptolemy.actor.util.CausalityInterfaceForComposites._computeInputDepth(CausalityInterfaceForComposites.java:696)
	at ptolemy.actor.util.CausalityInterfaceForComposites._computeActorDepth(CausalityInterfaceForComposites.java:532)
	at ptolemy.actor.util.CausalityInterfaceForComposites.checkForCycles(CausalityInterfaceForComposites.java:96)
	at ptolemy.domains.de.kernel.DEDirector.preinitialize(DEDirector.java:1338)
	at ptolemy.actor.CompositeActor.preinitialize(CompositeActor.java:1828)
	at ptolemy.actor.Manager.preinitializeAndResolveTypes(Manager.java:1040)
	at ptolemy.actor.Manager.initialize(Manager.java:710)
	at ptolemy.actor.Manager.execute(Manager.java:356)
	at ptolemy.actor.Manager.run(Manager.java:1263)
	at ptolemy.actor.Manager$PtolemyRunThread.run(Manager.java:1915)
java.lang.reflect.InvocationTargetException
	at java.base/jdk.internal.reflect.NativeConstructorAccessorImpl.newInstance0(Native Method)
	at java.base/jdk.internal.reflect.NativeConstructorAccessorImpl.newInstance(NativeConstructorAccessorImpl.java:62)
	at java.base/jdk.internal.reflect.DelegatingConstructorAccessorImpl.newInstance(DelegatingConstructorAccessorImpl.java:45)
	at java.base/java.lang.reflect.Constructor.newInstance(Constructor.java:490)
	at ptolemy.util.test.junit.AutoKnownFailedTests.RunModel(AutoKnownFailedTests.java:105)
	at java.base/jdk.internal.reflect.NativeMethodAccessorImpl.invoke0(Native Method)
	at java.base/jdk.internal.reflect.NativeMethodAccessorImpl.invoke(NativeMethodAccessorImpl.java:62)
	at java.base/jdk.internal.reflect.DelegatingMethodAccessorImpl.invoke(DelegatingMethodAccessorImpl.java:43)
	at java.base/java.lang.reflect.Method.invoke(Method.java:566)
	at org.junit.runners.model.FrameworkMethod$1.runReflectiveCall(FrameworkMethod.java:44)
	at org.junit.internal.runners.model.ReflectiveCallable.run(ReflectiveCallable.java:15)
	at org.junit.runners.model.FrameworkMethod.invokeExplosively(FrameworkMethod.java:41)
	at junitparams.internal.InvokeParameterisedMethod.evaluate(InvokeParameterisedMethod.java:102)
	at org.junit.internal.runners.statements.FailOnTimeout$1.run(FailOnTimeout.java:28)
Caused by: ptolemy.kernel.util.IllegalActionException: Found a zero delay loop containing .HierarchicalModel.A
  in .HierarchicalModel and .HierarchicalModel.A
	at ptolemy.actor.util.CausalityInterfaceForComposites._computeOutputPortDepth(CausalityInterfaceForComposites.java:759)
	at ptolemy.actor.util.CausalityInterfaceForComposites._computeInputDepth(CausalityInterfaceForComposites.java:696)
	at ptolemy.actor.util.CausalityInterfaceForComposites._computeOutputPortDepth(CausalityInterfaceForComposites.java:765)
	at ptolemy.actor.util.CausalityInterfaceForComposites._computeInputDepth(CausalityInterfaceForComposites.java:696)
	at ptolemy.actor.util.CausalityInterfaceForComposites._computeOutputPortDepth(CausalityInterfaceForComposites.java:765)
	at ptolemy.actor.util.CausalityInterfaceForComposites._computeInputDepth(CausalityInterfaceForComposites.java:696)
	at ptolemy.actor.util.CausalityInterfaceForComposites._computeActorDepth(CausalityInterfaceForComposites.java:532)
	at ptolemy.actor.util.CausalityInterfaceForComposites.checkForCycles(CausalityInterfaceForComposites.java:96)
	at ptolemy.domains.de.kernel.DEDirector.preinitialize(DEDirector.java:1338)
	at ptolemy.actor.CompositeActor.preinitialize(CompositeActor.java:1828)
	at ptolemy.actor.Manager.preinitializeAndResolveTypes(Manager.java:1040)
	at ptolemy.actor.Manager.initialize(Manager.java:710)
	at ptolemy.actor.Manager.execute(Manager.java:356)
	at ptolemy.actor.Manager.run(Manager.java:1263)
	at ptolemy.actor.Manager$PtolemyRunThread.run(Manager.java:1915)
java.lang.RuntimeException: Execution failed
	at ptolemy.moml.MoMLSimpleApplication$UnloadThread.run(MoMLSimpleApplication.java:402)
Caused by: ptolemy.kernel.util.IllegalActionException: Found a zero delay loop containing .dependencyLoop.original
  in .dependencyLoop and .dependencyLoop.original
	at ptolemy.actor.util.CausalityInterfaceForComposites._computeOutputPortDepth(CausalityInterfaceForComposites.java:759)
	at ptolemy.actor.util.CausalityInterfaceForComposites._computeInputDepth(CausalityInterfaceForComposites.java:696)
	at ptolemy.actor.util.CausalityInterfaceForComposites._computeOutputPortDepth(CausalityInterfaceForComposites.java:765)
	at ptolemy.actor.util.CausalityInterfaceForComposites._computeInputDepth(CausalityInterfaceForComposites.java:696)
	at ptolemy.actor.util.CausalityInterfaceForComposites._computeOutputPortDepth(CausalityInterfaceForComposites.java:765)
	at ptolemy.actor.util.CausalityInterfaceForComposites._computeInputDepth(CausalityInterfaceForComposites.java:696)
	at ptolemy.actor.util.CausalityInterfaceForComposites._computeActorDepth(CausalityInterfaceForComposites.java:532)
	at ptolemy.actor.util.CausalityInterfaceForComposites.checkForCycles(CausalityInterfaceForComposites.java:96)
	at ptolemy.domains.de.kernel.DEDirector.preinitialize(DEDirector.java:1338)
	at ptolemy.actor.CompositeActor.preinitialize(CompositeActor.java:1828)
	at ptolemy.actor.Manager.preinitializeAndResolveTypes(Manager.java:1040)
	at ptolemy.actor.Manager.initialize(Manager.java:710)
	at ptolemy.actor.Manager.execute(Manager.java:356)
	at ptolemy.actor.Manager.run(Manager.java:1263)
	at ptolemy.actor.Manager$PtolemyRunThread.run(Manager.java:1915)
java.lang.reflect.InvocationTargetException
	at java.base/jdk.internal.reflect.NativeConstructorAccessorImpl.newInstance0(Native Method)
	at java.base/jdk.internal.reflect.NativeConstructorAccessorImpl.newInstance(NativeConstructorAccessorImpl.java:62)
	at java.base/jdk.internal.reflect.DelegatingConstructorAccessorImpl.newInstance(DelegatingConstructorAccessorImpl.java:45)
	at java.base/java.lang.reflect.Constructor.newInstance(Constructor.java:490)
	at ptolemy.util.test.junit.AutoKnownFailedTests.RunModel(AutoKnownFailedTests.java:105)
	at java.base/jdk.internal.reflect.NativeMethodAccessorImpl.invoke0(Native Method)
	at java.base/jdk.internal.reflect.NativeMethodAccessorImpl.invoke(NativeMethodAccessorImpl.java:62)
	at java.base/jdk.internal.reflect.DelegatingMethodAccessorImpl.invoke(DelegatingMethodAccessorImpl.java:43)
	at java.base/java.lang.reflect.Method.invoke(Method.java:566)
	at org.junit.runners.model.FrameworkMethod$1.runReflectiveCall(FrameworkMethod.java:44)
	at org.junit.internal.runners.model.ReflectiveCallable.run(ReflectiveCallable.java:15)
	at org.junit.runners.model.FrameworkMethod.invokeExplosively(FrameworkMethod.java:41)
	at junitparams.internal.InvokeParameterisedMethod.evaluate(InvokeParameterisedMethod.java:102)
	at org.junit.internal.runners.statements.FailOnTimeout$1.run(FailOnTimeout.java:28)
Caused by: ptolemy.kernel.util.IllegalActionException: Found a zero delay loop containing .dependencyLoop.original
  in .dependencyLoop and .dependencyLoop.original
	at ptolemy.actor.util.CausalityInterfaceForComposites._computeOutputPortDepth(CausalityInterfaceForComposites.java:759)
	at ptolemy.actor.util.CausalityInterfaceForComposites._computeInputDepth(CausalityInterfaceForComposites.java:696)
	at ptolemy.actor.util.CausalityInterfaceForComposites._computeOutputPortDepth(CausalityInterfaceForComposites.java:765)
	at ptolemy.actor.util.CausalityInterfaceForComposites._computeInputDepth(CausalityInterfaceForComposites.java:696)
	at ptolemy.actor.util.CausalityInterfaceForComposites._computeOutputPortDepth(CausalityInterfaceForComposites.java:765)
	at ptolemy.actor.util.CausalityInterfaceForComposites._computeInputDepth(CausalityInterfaceForComposites.java:696)
	at ptolemy.actor.util.CausalityInterfaceForComposites._computeActorDepth(CausalityInterfaceForComposites.java:532)
	at ptolemy.actor.util.CausalityInterfaceForComposites.checkForCycles(CausalityInterfaceForComposites.java:96)
	at ptolemy.domains.de.kernel.DEDirector.preinitialize(DEDirector.java:1338)
	at ptolemy.actor.CompositeActor.preinitialize(CompositeActor.java:1828)
	at ptolemy.actor.Manager.preinitializeAndResolveTypes(Manager.java:1040)
	at ptolemy.actor.Manager.initialize(Manager.java:710)
	at ptolemy.actor.Manager.execute(Manager.java:356)
	at ptolemy.actor.Manager.run(Manager.java:1263)
	at ptolemy.actor.Manager$PtolemyRunThread.run(Manager.java:1915)
java.lang.RuntimeException: Execution failed
	at ptolemy.moml.MoMLSimpleApplication$UnloadThread.run(MoMLSimpleApplication.java:402)
Caused by: ptolemy.kernel.util.IllegalActionException: Found a zero delay loop containing .dependencyLoop2.original
  in .dependencyLoop2 and .dependencyLoop2.original
	at ptolemy.actor.util.CausalityInterfaceForComposites._computeOutputPortDepth(CausalityInterfaceForComposites.java:759)
	at ptolemy.actor.util.CausalityInterfaceForComposites._computeInputDepth(CausalityInterfaceForComposites.java:696)
	at ptolemy.actor.util.CausalityInterfaceForComposites._computeOutputPortDepth(CausalityInterfaceForComposites.java:765)
	at ptolemy.actor.util.CausalityInterfaceForComposites._computeInputDepth(CausalityInterfaceForComposites.java:696)
	at ptolemy.actor.util.CausalityInterfaceForComposites._computeOutputPortDepth(CausalityInterfaceForComposites.java:765)
	at ptolemy.actor.util.CausalityInterfaceForComposites._computeInputDepth(CausalityInterfaceForComposites.java:696)
	at ptolemy.actor.util.CausalityInterfaceForComposites._computeActorDepth(CausalityInterfaceForComposites.java:532)
	at ptolemy.actor.util.CausalityInterfaceForComposites.checkForCycles(CausalityInterfaceForComposites.java:96)
	at ptolemy.domains.de.kernel.DEDirector.preinitialize(DEDirector.java:1338)
	at ptolemy.actor.CompositeActor.preinitialize(CompositeActor.java:1828)
	at ptolemy.actor.Manager.preinitializeAndResolveTypes(Manager.java:1040)
	at ptolemy.actor.Manager.initialize(Manager.java:710)
	at ptolemy.actor.Manager.execute(Manager.java:356)
	at ptolemy.actor.Manager.run(Manager.java:1263)
	at ptolemy.actor.Manager$PtolemyRunThread.run(Manager.java:1915)
java.lang.reflect.InvocationTargetException
	at java.base/jdk.internal.reflect.NativeConstructorAccessorImpl.newInstance0(Native Method)
	at java.base/jdk.internal.reflect.NativeConstructorAccessorImpl.newInstance(NativeConstructorAccessorImpl.java:62)
	at java.base/jdk.internal.reflect.DelegatingConstructorAccessorImpl.newInstance(DelegatingConstructorAccessorImpl.java:45)
	at java.base/java.lang.reflect.Constructor.newInstance(Constructor.java:490)
	at ptolemy.util.test.junit.AutoKnownFailedTests.RunModel(AutoKnownFailedTests.java:105)
	at java.base/jdk.internal.reflect.NativeMethodAccessorImpl.invoke0(Native Method)
	at java.base/jdk.internal.reflect.NativeMethodAccessorImpl.invoke(NativeMethodAccessorImpl.java:62)
	at java.base/jdk.internal.reflect.DelegatingMethodAccessorImpl.invoke(DelegatingMethodAccessorImpl.java:43)
	at java.base/java.lang.reflect.Method.invoke(Method.java:566)
	at org.junit.runners.model.FrameworkMethod$1.runReflectiveCall(FrameworkMethod.java:44)
	at org.junit.internal.runners.model.ReflectiveCallable.run(ReflectiveCallable.java:15)
	at org.junit.runners.model.FrameworkMethod.invokeExplosively(FrameworkMethod.java:41)
	at junitparams.internal.InvokeParameterisedMethod.evaluate(InvokeParameterisedMethod.java:102)
	at org.junit.internal.runners.statements.FailOnTimeout$1.run(FailOnTimeout.java:28)
Caused by: ptolemy.kernel.util.IllegalActionException: Found a zero delay loop containing .dependencyLoop2.original
  in .dependencyLoop2 and .dependencyLoop2.original
	at ptolemy.actor.util.CausalityInterfaceForComposites._computeOutputPortDepth(CausalityInterfaceForComposites.java:759)
	at ptolemy.actor.util.CausalityInterfaceForComposites._computeInputDepth(CausalityInterfaceForComposites.java:696)
	at ptolemy.actor.util.CausalityInterfaceForComposites._computeOutputPortDepth(CausalityInterfaceForComposites.java:765)
	at ptolemy.actor.util.CausalityInterfaceForComposites._computeInputDepth(CausalityInterfaceForComposites.java:696)
	at ptolemy.actor.util.CausalityInterfaceForComposites._computeOutputPortDepth(CausalityInterfaceForComposites.java:765)
	at ptolemy.actor.util.CausalityInterfaceForComposites._computeInputDepth(CausalityInterfaceForComposites.java:696)
	at ptolemy.actor.util.CausalityInterfaceForComposites._computeActorDepth(CausalityInterfaceForComposites.java:532)
	at ptolemy.actor.util.CausalityInterfaceForComposites.checkForCycles(CausalityInterfaceForComposites.java:96)
	at ptolemy.domains.de.kernel.DEDirector.preinitialize(DEDirector.java:1338)
	at ptolemy.actor.CompositeActor.preinitialize(CompositeActor.java:1828)
	at ptolemy.actor.Manager.preinitializeAndResolveTypes(Manager.java:1040)
	at ptolemy.actor.Manager.initialize(Manager.java:710)
	at ptolemy.actor.Manager.execute(Manager.java:356)
	at ptolemy.actor.Manager.run(Manager.java:1263)
	at ptolemy.actor.Manager$PtolemyRunThread.run(Manager.java:1915)
]]></system-err>
</testsuite>
