<?xml version="1.0" encoding="UTF-8" ?>
<testsuite errors="0" failures="0" hostname="travis-job-e0bd1cbf-67a3-40ff-b685-79ee1905fdee" name="ptolemy.actor.lib.hoc.test.junit.JUnitTclTest" skipped="0" tests="58" time="32.384" timestamp="2019-07-11T04:50:28">
  <properties>
[...]
</properties>
  <testcase classname="ptolemy.util.test.junit.TclTests" name="[0] /home/travis/build/icyphy/ptII/ptolemy/actor/lib/hoc/test/IterateOverArray.tcl (RunTclFile)" time="0.298" />
  <testcase classname="ptolemy.util.test.junit.AutoKnownFailedTests" name="[0] /home/travis/build/icyphy/ptII/ptolemy/actor/lib/hoc/test/auto/knownFailedTests/PreinitializeMustBeInvokedRunComposite.xml (RunModel)" time="0.441" />
  <testcase classname="ptolemy.util.test.junit.AutoNameArchTests" name="[0] ThereAreNoAutoArchTests (RunModel)" time="0.005" />
  <testcase classname="ptolemy.util.test.junit.AutoTests" name="[0] /home/travis/build/icyphy/ptII/ptolemy/actor/lib/hoc/test/auto/AllToAllMultiInstanceComposite.xml (RunModel)" time="0.431" />
  <testcase classname="ptolemy.util.test.junit.AutoTests" name="[1] /home/travis/build/icyphy/ptII/ptolemy/actor/lib/hoc/test/auto/ApplyFFTTest.xml (RunModel)" time="0.428" />
  <testcase classname="ptolemy.util.test.junit.AutoTests" name="[2] /home/travis/build/icyphy/ptII/ptolemy/actor/lib/hoc/test/auto/ApplyFunction.xml (RunModel)" time="0.063" />
  <testcase classname="ptolemy.util.test.junit.AutoTests" name="[3] /home/travis/build/icyphy/ptII/ptolemy/actor/lib/hoc/test/auto/BackgroundExecution.xml (RunModel)" time="0.747" />
  <testcase classname="ptolemy.util.test.junit.AutoTests" name="[4] /home/travis/build/icyphy/ptII/ptolemy/actor/lib/hoc/test/auto/Case.xml (RunModel)" time="0.081" />
  <testcase classname="ptolemy.util.test.junit.AutoTests" name="[5] /home/travis/build/icyphy/ptII/ptolemy/actor/lib/hoc/test/auto/Case1.xml (RunModel)" time="0.066" />
  <testcase classname="ptolemy.util.test.junit.AutoTests" name="[6] /home/travis/build/icyphy/ptII/ptolemy/actor/lib/hoc/test/auto/Case2.xml (RunModel)" time="0.071" />
  <testcase classname="ptolemy.util.test.junit.AutoTests" name="[7] /home/travis/build/icyphy/ptII/ptolemy/actor/lib/hoc/test/auto/Case3.xml (RunModel)" time="0.039" />
  <testcase classname="ptolemy.util.test.junit.AutoTests" name="[8] /home/travis/build/icyphy/ptII/ptolemy/actor/lib/hoc/test/auto/Case4.xml (RunModel)" time="0.062" />
  <testcase classname="ptolemy.util.test.junit.AutoTests" name="[9] /home/travis/build/icyphy/ptII/ptolemy/actor/lib/hoc/test/auto/Case5.xml (RunModel)" time="0.098" />
  <testcase classname="ptolemy.util.test.junit.AutoTests" name="[10] /home/travis/build/icyphy/ptII/ptolemy/actor/lib/hoc/test/auto/Case6.xml (RunModel)" time="0.132" />
  <testcase classname="ptolemy.util.test.junit.AutoTests" name="[11] /home/travis/build/icyphy/ptII/ptolemy/actor/lib/hoc/test/auto/CaseString2.xml (RunModel)" time="0.043" />
  <testcase classname="ptolemy.util.test.junit.AutoTests" name="[12] /home/travis/build/icyphy/ptII/ptolemy/actor/lib/hoc/test/auto/CatchUpComposite1.xml (RunModel)" time="0.112" />
  <testcase classname="ptolemy.util.test.junit.AutoTests" name="[13] /home/travis/build/icyphy/ptII/ptolemy/actor/lib/hoc/test/auto/CatchUpComposite2.xml (RunModel)" time="0.072" />
  <testcase classname="ptolemy.util.test.junit.AutoTests" name="[14] /home/travis/build/icyphy/ptII/ptolemy/actor/lib/hoc/test/auto/CatchUpComposite3.xml (RunModel)" time="0.068" />
  <testcase classname="ptolemy.util.test.junit.AutoTests" name="[15] /home/travis/build/icyphy/ptII/ptolemy/actor/lib/hoc/test/auto/CatchUpComposite4.xml (RunModel)" time="0.058" />
  <testcase classname="ptolemy.util.test.junit.AutoTests" name="[16] /home/travis/build/icyphy/ptII/ptolemy/actor/lib/hoc/test/auto/CatchUpComposite5.xml (RunModel)" time="0.044" />
  <testcase classname="ptolemy.util.test.junit.AutoTests" name="[17] /home/travis/build/icyphy/ptII/ptolemy/actor/lib/hoc/test/auto/CatchUpComposite6.xml (RunModel)" time="0.17" />
  <testcase classname="ptolemy.util.test.junit.AutoTests" name="[18] /home/travis/build/icyphy/ptII/ptolemy/actor/lib/hoc/test/auto/CatchUpComposite7.xml (RunModel)" time="0.109" />
  <testcase classname="ptolemy.util.test.junit.AutoTests" name="[19] /home/travis/build/icyphy/ptII/ptolemy/actor/lib/hoc/test/auto/ConcurrentExecutionTimeSDF.xml (RunModel)" time="0.868" />
  <testcase classname="ptolemy.util.test.junit.AutoTests" name="[20] /home/travis/build/icyphy/ptII/ptolemy/actor/lib/hoc/test/auto/ConcurrentSleep.xml (RunModel)" time="0.779" />
  <testcase classname="ptolemy.util.test.junit.AutoTests" name="[21] /home/travis/build/icyphy/ptII/ptolemy/actor/lib/hoc/test/auto/DEInPNInRunCompositeActor.xml (RunModel)" time="0.033" />
  <testcase classname="ptolemy.util.test.junit.AutoTests" name="[22] /home/travis/build/icyphy/ptII/ptolemy/actor/lib/hoc/test/auto/DFTSubSetTest.xml (RunModel)" time="0.311" />
  <testcase classname="ptolemy.util.test.junit.AutoTests" name="[23] /home/travis/build/icyphy/ptII/ptolemy/actor/lib/hoc/test/auto/HocDE.xml (RunModel)" time="0.193" />
  <testcase classname="ptolemy.util.test.junit.AutoTests" name="[24] /home/travis/build/icyphy/ptII/ptolemy/actor/lib/hoc/test/auto/IterateOverArray.xml (RunModel)" time="0.051" />
  <testcase classname="ptolemy.util.test.junit.AutoTests" name="[25] /home/travis/build/icyphy/ptII/ptolemy/actor/lib/hoc/test/auto/IterateOverArray10.xml (RunModel)" time="0.022" />
  <testcase classname="ptolemy.util.test.junit.AutoTests" name="[26] /home/travis/build/icyphy/ptII/ptolemy/actor/lib/hoc/test/auto/IterateOverArray11.xml (RunModel)" time="0.025" />
  <testcase classname="ptolemy.util.test.junit.AutoTests" name="[27] /home/travis/build/icyphy/ptII/ptolemy/actor/lib/hoc/test/auto/IterateOverArray12.xml (RunModel)" time="0.035" />
  <testcase classname="ptolemy.util.test.junit.AutoTests" name="[28] /home/travis/build/icyphy/ptII/ptolemy/actor/lib/hoc/test/auto/IterateOverArray13.xml (RunModel)" time="0.159" />
  <testcase classname="ptolemy.util.test.junit.AutoTests" name="[29] /home/travis/build/icyphy/ptII/ptolemy/actor/lib/hoc/test/auto/IterateOverArray14.xml (RunModel)" time="0.167" />
  <testcase classname="ptolemy.util.test.junit.AutoTests" name="[30] /home/travis/build/icyphy/ptII/ptolemy/actor/lib/hoc/test/auto/IterateOverArray2.xml (RunModel)" time="0.027" />
  <testcase classname="ptolemy.util.test.junit.AutoTests" name="[31] /home/travis/build/icyphy/ptII/ptolemy/actor/lib/hoc/test/auto/IterateOverArray3.xml (RunModel)" time="0.039" />
  <testcase classname="ptolemy.util.test.junit.AutoTests" name="[32] /home/travis/build/icyphy/ptII/ptolemy/actor/lib/hoc/test/auto/IterateOverArray4.xml (RunModel)" time="0.023" />
  <testcase classname="ptolemy.util.test.junit.AutoTests" name="[33] /home/travis/build/icyphy/ptII/ptolemy/actor/lib/hoc/test/auto/IterateOverArray5.xml (RunModel)" time="0.022" />
  <testcase classname="ptolemy.util.test.junit.AutoTests" name="[34] /home/travis/build/icyphy/ptII/ptolemy/actor/lib/hoc/test/auto/IterateOverArray6.xml (RunModel)" time="0.018" />
  <testcase classname="ptolemy.util.test.junit.AutoTests" name="[35] /home/travis/build/icyphy/ptII/ptolemy/actor/lib/hoc/test/auto/IterateOverArray7.xml (RunModel)" time="0.041" />
  <testcase classname="ptolemy.util.test.junit.AutoTests" name="[36] /home/travis/build/icyphy/ptII/ptolemy/actor/lib/hoc/test/auto/IterateOverArray8.xml (RunModel)" time="0.025" />
  <testcase classname="ptolemy.util.test.junit.AutoTests" name="[37] /home/travis/build/icyphy/ptII/ptolemy/actor/lib/hoc/test/auto/IterateOverArray9.xml (RunModel)" time="0.036" />
  <testcase classname="ptolemy.util.test.junit.AutoTests" name="[38] /home/travis/build/icyphy/ptII/ptolemy/actor/lib/hoc/test/auto/IterateOverArrayCoercedOutputType.xml (RunModel)" time="0.034" />
  <testcase classname="ptolemy.util.test.junit.AutoTests" name="[39] /home/travis/build/icyphy/ptII/ptolemy/actor/lib/hoc/test/auto/IterateOverArrayInferredOutputType.xml (RunModel)" time="0.023" />
  <testcase classname="ptolemy.util.test.junit.AutoTests" name="[40] /home/travis/build/icyphy/ptII/ptolemy/actor/lib/hoc/test/auto/MobileFunctionTest.xml (RunModel)" time="0.033" />
  <testcase classname="ptolemy.util.test.junit.AutoTests" name="[41] /home/travis/build/icyphy/ptII/ptolemy/actor/lib/hoc/test/auto/MobileModelTest.xml (RunModel)" time="0.185" />
  <testcase classname="ptolemy.util.test.junit.AutoTests" name="[42] /home/travis/build/icyphy/ptII/ptolemy/actor/lib/hoc/test/auto/ModelReference.xml (RunModel)" time="0.058" />
  <testcase classname="ptolemy.util.test.junit.AutoTests" name="[43] /home/travis/build/icyphy/ptII/ptolemy/actor/lib/hoc/test/auto/ModelReference3.xml (RunModel)" time="0.04" />
  <testcase classname="ptolemy.util.test.junit.AutoTests" name="[44] /home/travis/build/icyphy/ptII/ptolemy/actor/lib/hoc/test/auto/ModelReference4.xml (RunModel)" time="10.028" />
  <testcase classname="ptolemy.util.test.junit.AutoTests" name="[45] /home/travis/build/icyphy/ptII/ptolemy/actor/lib/hoc/test/auto/MultiInstanceComposite.xml (RunModel)" time="0.05" />
  <testcase classname="ptolemy.util.test.junit.AutoTests" name="[46] /home/travis/build/icyphy/ptII/ptolemy/actor/lib/hoc/test/auto/MultiInstanceComposite2.xml (RunModel)" time="0.039" />
  <testcase classname="ptolemy.util.test.junit.AutoTests" name="[47] /home/travis/build/icyphy/ptII/ptolemy/actor/lib/hoc/test/auto/MulticoreExecution.xml (RunModel)" time="1.146" />
  <testcase classname="ptolemy.util.test.junit.AutoTests" name="[48] /home/travis/build/icyphy/ptII/ptolemy/actor/lib/hoc/test/auto/ParallelExecution.xml (RunModel)" time="0.938" />
  <testcase classname="ptolemy.util.test.junit.AutoTests" name="[49] /home/travis/build/icyphy/ptII/ptolemy/actor/lib/hoc/test/auto/RunCompositeActor.xml (RunModel)" time="0.02" />
  <testcase classname="ptolemy.util.test.junit.AutoTests" name="[50] /home/travis/build/icyphy/ptII/ptolemy/actor/lib/hoc/test/auto/RunCompositeActor2.xml (RunModel)" time="0.019" />
  <testcase classname="ptolemy.util.test.junit.AutoTests" name="[51] /home/travis/build/icyphy/ptII/ptolemy/actor/lib/hoc/test/auto/RunCompositeActor3.xml (RunModel)" time="0.02" />
  <testcase classname="ptolemy.util.test.junit.AutoTests" name="[52] /home/travis/build/icyphy/ptII/ptolemy/actor/lib/hoc/test/auto/RunCompositeActor4.xml (RunModel)" time="0.022" />
  <testcase classname="ptolemy.util.test.junit.AutoTests" name="[53] /home/travis/build/icyphy/ptII/ptolemy/actor/lib/hoc/test/auto/RunCompositeIterateOverArray.xml (RunModel)" time="0.023" />
  <testcase classname="ptolemy.util.test.junit.AutoTests" name="[54] /home/travis/build/icyphy/ptII/ptolemy/actor/lib/hoc/test/auto/ThreadedJS.xml (RunModel)" time="12.445" />
  <system-out><![CDATA[/home/travis/build/icyphy/ptII/ptolemy/actor/lib/hoc/test/IterateOverArray.tcl
testDefs.tcl: setting time out to 9000 seconds at Thu Jul 11 04:50:29 UTC 2019
07/11/19 04:50:29
Failed: 0  Total Tests: 2  ((Passed: 2, Newly Passed: 0)  Known Failed: 0) /home/travis/build/icyphy/ptII/ptolemy/actor/lib/hoc/test
----------------- testing (KnownFailure) /home/travis/build/icyphy/ptII/ptolemy/actor/lib/hoc/test/auto/knownFailedTests/PreinitializeMustBeInvokedRunComposite.xml
109 ms. Memory: 120832K Free: 106172K (88%)
Known Failure: java.lang.reflect.InvocationTargetException
No auto/linux-amd64/*.xml tests in /home/travis/build/icyphy/ptII/ptolemy/actor/lib/hoc/test
AutoTests.java: About to close Vertx.
AutoTests.java: Vertx closed.

===========================================================================================
----------------- testing Thu Jul 11 04:50:30 UTC 2019 /home/travis/build/icyphy/ptII/ptolemy/actor/lib/hoc/test/auto/AllToAllMultiInstanceComposite.xml
----------------- Instantiating /home/travis/build/icyphy/ptII/ptolemy/actor/lib/hoc/test/auto/AllToAllMultiInstanceComposite.xml
192 ms. Memory: 168960K Free: 124849K (74%)
----------------- Invoking toplevel() on ptolemy.moml.MoMLSimpleApplication@5780401b
----------------- Done invoking toplevel() on ptolemy.moml.MoMLSimpleApplication@5780401b
reloadAllAccessors: .AllToAllMultiInstanceComposite

===========================================================================================
----------------- testing Thu Jul 11 04:50:30 UTC 2019 /home/travis/build/icyphy/ptII/ptolemy/actor/lib/hoc/test/auto/ApplyFFTTest.xml
----------------- Instantiating /home/travis/build/icyphy/ptII/ptolemy/actor/lib/hoc/test/auto/ApplyFFTTest.xml
160 ms. Memory: 168960K Free: 106931K (63%)
----------------- Invoking toplevel() on ptolemy.moml.MoMLSimpleApplication@65ec100c
----------------- Done invoking toplevel() on ptolemy.moml.MoMLSimpleApplication@65ec100c
reloadAllAccessors: .ApplyFFTTest

===========================================================================================
----------------- testing Thu Jul 11 04:50:30 UTC 2019 /home/travis/build/icyphy/ptII/ptolemy/actor/lib/hoc/test/auto/ApplyFunction.xml
----------------- Instantiating /home/travis/build/icyphy/ptII/ptolemy/actor/lib/hoc/test/auto/ApplyFunction.xml
5 ms. Memory: 168960K Free: 103345K (61%)
----------------- Invoking toplevel() on ptolemy.moml.MoMLSimpleApplication@2cdd34f1
----------------- Done invoking toplevel() on ptolemy.moml.MoMLSimpleApplication@2cdd34f1
reloadAllAccessors: .ApplyFunction

===========================================================================================
----------------- testing Thu Jul 11 04:50:31 UTC 2019 /home/travis/build/icyphy/ptII/ptolemy/actor/lib/hoc/test/auto/BackgroundExecution.xml
----------------- Instantiating /home/travis/build/icyphy/ptII/ptolemy/actor/lib/hoc/test/auto/BackgroundExecution.xml
640 ms. Memory: 168960K Free: 95153K (56%)
----------------- Invoking toplevel() on ptolemy.moml.MoMLSimpleApplication@7beec0cd
----------------- Done invoking toplevel() on ptolemy.moml.MoMLSimpleApplication@7beec0cd
reloadAllAccessors: .BackgroundExecution

===========================================================================================
----------------- testing Thu Jul 11 04:50:31 UTC 2019 /home/travis/build/icyphy/ptII/ptolemy/actor/lib/hoc/test/auto/Case.xml
----------------- Instantiating /home/travis/build/icyphy/ptII/ptolemy/actor/lib/hoc/test/auto/Case.xml
34 ms. Memory: 168960K Free: 87985K (52%)
----------------- Invoking toplevel() on ptolemy.moml.MoMLSimpleApplication@45d43bea
----------------- Done invoking toplevel() on ptolemy.moml.MoMLSimpleApplication@45d43bea
reloadAllAccessors: .Case

===========================================================================================
----------------- testing Thu Jul 11 04:50:31 UTC 2019 /home/travis/build/icyphy/ptII/ptolemy/actor/lib/hoc/test/auto/Case1.xml
----------------- Instantiating /home/travis/build/icyphy/ptII/ptolemy/actor/lib/hoc/test/auto/Case1.xml
10 ms. Memory: 168960K Free: 81331K (48%)
----------------- Invoking toplevel() on ptolemy.moml.MoMLSimpleApplication@369abb51
----------------- Done invoking toplevel() on ptolemy.moml.MoMLSimpleApplication@369abb51
reloadAllAccessors: .Case1

===========================================================================================
----------------- testing Thu Jul 11 04:50:31 UTC 2019 /home/travis/build/icyphy/ptII/ptolemy/actor/lib/hoc/test/auto/Case2.xml
----------------- Instantiating /home/travis/build/icyphy/ptII/ptolemy/actor/lib/hoc/test/auto/Case2.xml
27 ms. Memory: 168960K Free: 70577K (42%)
----------------- Invoking toplevel() on ptolemy.moml.MoMLSimpleApplication@425b95b2
----------------- Done invoking toplevel() on ptolemy.moml.MoMLSimpleApplication@425b95b2
reloadAllAccessors: .Case2

===========================================================================================
----------------- testing Thu Jul 11 04:50:32 UTC 2019 /home/travis/build/icyphy/ptII/ptolemy/actor/lib/hoc/test/auto/Case3.xml
----------------- Instantiating /home/travis/build/icyphy/ptII/ptolemy/actor/lib/hoc/test/auto/Case3.xml
11 ms. Memory: 168960K Free: 64947K (38%)
----------------- Invoking toplevel() on ptolemy.moml.MoMLSimpleApplication@22d15399
----------------- Done invoking toplevel() on ptolemy.moml.MoMLSimpleApplication@22d15399
reloadAllAccessors: .Case3

===========================================================================================
----------------- testing Thu Jul 11 04:50:32 UTC 2019 /home/travis/build/icyphy/ptII/ptolemy/actor/lib/hoc/test/auto/Case4.xml
----------------- Instantiating /home/travis/build/icyphy/ptII/ptolemy/actor/lib/hoc/test/auto/Case4.xml
14 ms. Memory: 168960K Free: 57265K (34%)
----------------- Invoking toplevel() on ptolemy.moml.MoMLSimpleApplication@121f7327
----------------- Done invoking toplevel() on ptolemy.moml.MoMLSimpleApplication@121f7327
reloadAllAccessors: .Case4

===========================================================================================
----------------- testing Thu Jul 11 04:50:32 UTC 2019 /home/travis/build/icyphy/ptII/ptolemy/actor/lib/hoc/test/auto/Case5.xml
----------------- Instantiating /home/travis/build/icyphy/ptII/ptolemy/actor/lib/hoc/test/auto/Case5.xml
47 ms. Memory: 168960K Free: 147209K (87%)
----------------- Invoking toplevel() on ptolemy.moml.MoMLSimpleApplication@399a1324
----------------- Done invoking toplevel() on ptolemy.moml.MoMLSimpleApplication@399a1324
reloadAllAccessors: .junk

===========================================================================================
----------------- testing Thu Jul 11 04:50:32 UTC 2019 /home/travis/build/icyphy/ptII/ptolemy/actor/lib/hoc/test/auto/Case6.xml
----------------- Instantiating /home/travis/build/icyphy/ptII/ptolemy/actor/lib/hoc/test/auto/Case6.xml
56 ms. Memory: 168960K Free: 134921K (80%)
----------------- Invoking toplevel() on ptolemy.moml.MoMLSimpleApplication@168cea33
----------------- Done invoking toplevel() on ptolemy.moml.MoMLSimpleApplication@168cea33
reloadAllAccessors: .Case6

===========================================================================================
----------------- testing Thu Jul 11 04:50:32 UTC 2019 /home/travis/build/icyphy/ptII/ptolemy/actor/lib/hoc/test/auto/CaseString2.xml
----------------- Instantiating /home/travis/build/icyphy/ptII/ptolemy/actor/lib/hoc/test/auto/CaseString2.xml
11 ms. Memory: 168960K Free: 127753K (76%)
----------------- Invoking toplevel() on ptolemy.moml.MoMLSimpleApplication@665ad74d
----------------- Done invoking toplevel() on ptolemy.moml.MoMLSimpleApplication@665ad74d
reloadAllAccessors: .CaseString2

===========================================================================================
----------------- testing Thu Jul 11 04:50:32 UTC 2019 /home/travis/build/icyphy/ptII/ptolemy/actor/lib/hoc/test/auto/CatchUpComposite1.xml
----------------- Instantiating /home/travis/build/icyphy/ptII/ptolemy/actor/lib/hoc/test/auto/CatchUpComposite1.xml
38 ms. Memory: 168960K Free: 118023K (70%)
----------------- Invoking toplevel() on ptolemy.moml.MoMLSimpleApplication@602ba030
----------------- Done invoking toplevel() on ptolemy.moml.MoMLSimpleApplication@602ba030
reloadAllAccessors: .CatchUpComposite1

===========================================================================================
----------------- testing Thu Jul 11 04:50:32 UTC 2019 /home/travis/build/icyphy/ptII/ptolemy/actor/lib/hoc/test/auto/CatchUpComposite2.xml
----------------- Instantiating /home/travis/build/icyphy/ptII/ptolemy/actor/lib/hoc/test/auto/CatchUpComposite2.xml
17 ms. Memory: 168960K Free: 109321K (65%)
----------------- Invoking toplevel() on ptolemy.moml.MoMLSimpleApplication@65e0d7dc
----------------- Done invoking toplevel() on ptolemy.moml.MoMLSimpleApplication@65e0d7dc
reloadAllAccessors: .CatchUpComposite2

===========================================================================================
----------------- testing Thu Jul 11 04:50:32 UTC 2019 /home/travis/build/icyphy/ptII/ptolemy/actor/lib/hoc/test/auto/CatchUpComposite3.xml
----------------- Instantiating /home/travis/build/icyphy/ptII/ptolemy/actor/lib/hoc/test/auto/CatchUpComposite3.xml
26 ms. Memory: 168960K Free: 100105K (59%)
----------------- Invoking toplevel() on ptolemy.moml.MoMLSimpleApplication@6b0ba4cb
----------------- Done invoking toplevel() on ptolemy.moml.MoMLSimpleApplication@6b0ba4cb
reloadAllAccessors: .CatchUpComposite3

===========================================================================================
----------------- testing Thu Jul 11 04:50:32 UTC 2019 /home/travis/build/icyphy/ptII/ptolemy/actor/lib/hoc/test/auto/CatchUpComposite4.xml
----------------- Instantiating /home/travis/build/icyphy/ptII/ptolemy/actor/lib/hoc/test/auto/CatchUpComposite4.xml
19 ms. Memory: 168960K Free: 91913K (54%)
----------------- Invoking toplevel() on ptolemy.moml.MoMLSimpleApplication@706f5761
----------------- Done invoking toplevel() on ptolemy.moml.MoMLSimpleApplication@706f5761
reloadAllAccessors: .CatchUpComposite4

===========================================================================================
----------------- testing Thu Jul 11 04:50:32 UTC 2019 /home/travis/build/icyphy/ptII/ptolemy/actor/lib/hoc/test/auto/CatchUpComposite5.xml
----------------- Instantiating /home/travis/build/icyphy/ptII/ptolemy/actor/lib/hoc/test/auto/CatchUpComposite5.xml
10 ms. Memory: 168960K Free: 84217K (50%)
----------------- Invoking toplevel() on ptolemy.moml.MoMLSimpleApplication@6b250d11
----------------- Done invoking toplevel() on ptolemy.moml.MoMLSimpleApplication@6b250d11
reloadAllAccessors: .CatchUpComposite5

===========================================================================================
----------------- testing Thu Jul 11 04:50:32 UTC 2019 /home/travis/build/icyphy/ptII/ptolemy/actor/lib/hoc/test/auto/CatchUpComposite6.xml
----------------- Instantiating /home/travis/build/icyphy/ptII/ptolemy/actor/lib/hoc/test/auto/CatchUpComposite6.xml
WARNING: The execution aspects in this model can influence the timing of actors by delaying the 
execution, potentially changing the behavior. There is no guarantee that actors fire at the 
time they request to be fired. 
Use Ptides for deterministic DE behavior that is not influenced by execution aspects. 

82 ms. Memory: 168960K Free: 69895K (41%)
----------------- Invoking toplevel() on ptolemy.moml.MoMLSimpleApplication@3785768a
----------------- Done invoking toplevel() on ptolemy.moml.MoMLSimpleApplication@3785768a
reloadAllAccessors: .CatchUpComposite6

===========================================================================================
----------------- testing Thu Jul 11 04:50:32 UTC 2019 /home/travis/build/icyphy/ptII/ptolemy/actor/lib/hoc/test/auto/CatchUpComposite7.xml
----------------- Instantiating /home/travis/build/icyphy/ptII/ptolemy/actor/lib/hoc/test/auto/CatchUpComposite7.xml
WARNING: The execution aspects in this model can influence the timing of actors by delaying the 
execution, potentially changing the behavior. There is no guarantee that actors fire at the 
time they request to be fired. 
Use Ptides for deterministic DE behavior that is not influenced by execution aspects. 

54 ms. Memory: 168960K Free: 153971K (91%)
----------------- Invoking toplevel() on ptolemy.moml.MoMLSimpleApplication@1ccc92e5
----------------- Done invoking toplevel() on ptolemy.moml.MoMLSimpleApplication@1ccc92e5
reloadAllAccessors: .CatchUpComposite7

===========================================================================================
----------------- testing Thu Jul 11 04:50:33 UTC 2019 /home/travis/build/icyphy/ptII/ptolemy/actor/lib/hoc/test/auto/ConcurrentExecutionTimeSDF.xml
----------------- Instantiating /home/travis/build/icyphy/ptII/ptolemy/actor/lib/hoc/test/auto/ConcurrentExecutionTimeSDF.xml
Fired ExecutionTime: 40400000
Fired ExecutionTime: 40400000
Fired ExecutionTime: 40400000
Fired ExecutionTime: 40400000
Fired ExecutionTime: 40400000
Fired ExecutionTime: 40400000
Fired ExecutionTime: 40400000
Fired ExecutionTime: 40400000
Fired ExecutionTime: 40400000
Fired ExecutionTime: 40400000
Fired ExecutionTime: 40400000
Fired ExecutionTime: 40400000
Fired ExecutionTime: 40400000
Fired ExecutionTime: 40400000
Fired ExecutionTime: 40400000
Fired ExecutionTime: 40400000
Fired ExecutionTime: 40400000
Fired ExecutionTime: 40400000
Fired ExecutionTime: 40400000
Fired ExecutionTime: 40400000
836 ms. Memory: 168960K Free: 146063K (86%)
----------------- Invoking toplevel() on ptolemy.moml.MoMLSimpleApplication@579384a
----------------- Done invoking toplevel() on ptolemy.moml.MoMLSimpleApplication@579384a
reloadAllAccessors: .ConcurrentExecutionTimeSDF

===========================================================================================
----------------- testing Thu Jul 11 04:50:33 UTC 2019 /home/travis/build/icyphy/ptII/ptolemy/actor/lib/hoc/test/auto/ConcurrentSleep.xml
----------------- Instantiating /home/travis/build/icyphy/ptII/ptolemy/actor/lib/hoc/test/auto/ConcurrentSleep.xml
735 ms. Memory: 168960K Free: 134799K (80%)
----------------- Invoking toplevel() on ptolemy.moml.MoMLSimpleApplication@37e6c906
----------------- Done invoking toplevel() on ptolemy.moml.MoMLSimpleApplication@37e6c906
reloadAllAccessors: .ConcurrentSleep

===========================================================================================
----------------- testing Thu Jul 11 04:50:34 UTC 2019 /home/travis/build/icyphy/ptII/ptolemy/actor/lib/hoc/test/auto/DEInPNInRunCompositeActor.xml
----------------- Instantiating /home/travis/build/icyphy/ptII/ptolemy/actor/lib/hoc/test/auto/DEInPNInRunCompositeActor.xml
12 ms. Memory: 168960K Free: 127631K (76%)
----------------- Invoking toplevel() on ptolemy.moml.MoMLSimpleApplication@10625821
----------------- Done invoking toplevel() on ptolemy.moml.MoMLSimpleApplication@10625821
reloadAllAccessors: .DEInPNInRunCompositeActor

===========================================================================================
----------------- testing Thu Jul 11 04:50:34 UTC 2019 /home/travis/build/icyphy/ptII/ptolemy/actor/lib/hoc/test/auto/DFTSubSetTest.xml
----------------- Instantiating /home/travis/build/icyphy/ptII/ptolemy/actor/lib/hoc/test/auto/DFTSubSetTest.xml
192 ms. Memory: 168960K Free: 85133K (50%)
----------------- Invoking toplevel() on ptolemy.moml.MoMLSimpleApplication@4573837a
----------------- Done invoking toplevel() on ptolemy.moml.MoMLSimpleApplication@4573837a
reloadAllAccessors: .DFTSubSetTest

===========================================================================================
----------------- testing Thu Jul 11 04:50:35 UTC 2019 /home/travis/build/icyphy/ptII/ptolemy/actor/lib/hoc/test/auto/HocDE.xml
----------------- Instantiating /home/travis/build/icyphy/ptII/ptolemy/actor/lib/hoc/test/auto/HocDE.xml
144 ms. Memory: 168960K Free: 59533K (35%)
----------------- Invoking toplevel() on ptolemy.moml.MoMLSimpleApplication@f32aaa5
----------------- Done invoking toplevel() on ptolemy.moml.MoMLSimpleApplication@f32aaa5
reloadAllAccessors: .HocDE

===========================================================================================
----------------- testing Thu Jul 11 04:50:35 UTC 2019 /home/travis/build/icyphy/ptII/ptolemy/actor/lib/hoc/test/auto/IterateOverArray.xml
----------------- Instantiating /home/travis/build/icyphy/ptII/ptolemy/actor/lib/hoc/test/auto/IterateOverArray.xml
19 ms. Memory: 168960K Free: 153714K (91%)
----------------- Invoking toplevel() on ptolemy.moml.MoMLSimpleApplication@118491e
----------------- Done invoking toplevel() on ptolemy.moml.MoMLSimpleApplication@118491e
reloadAllAccessors: .IterateOverArray

===========================================================================================
----------------- testing Thu Jul 11 04:50:35 UTC 2019 /home/travis/build/icyphy/ptII/ptolemy/actor/lib/hoc/test/auto/IterateOverArray10.xml
----------------- Instantiating /home/travis/build/icyphy/ptII/ptolemy/actor/lib/hoc/test/auto/IterateOverArray10.xml
4 ms. Memory: 168960K Free: 150175K (89%)
----------------- Invoking toplevel() on ptolemy.moml.MoMLSimpleApplication@3fd0ad4e
----------------- Done invoking toplevel() on ptolemy.moml.MoMLSimpleApplication@3fd0ad4e
reloadAllAccessors: .IterateOverArray10

===========================================================================================
----------------- testing Thu Jul 11 04:50:35 UTC 2019 /home/travis/build/icyphy/ptII/ptolemy/actor/lib/hoc/test/auto/IterateOverArray11.xml
----------------- Instantiating /home/travis/build/icyphy/ptII/ptolemy/actor/lib/hoc/test/auto/IterateOverArray11.xml
6 ms. Memory: 168960K Free: 146063K (86%)
----------------- Invoking toplevel() on ptolemy.moml.MoMLSimpleApplication@30316fad
----------------- Done invoking toplevel() on ptolemy.moml.MoMLSimpleApplication@30316fad
reloadAllAccessors: .IterateOverArray11

===========================================================================================
----------------- testing Thu Jul 11 04:50:35 UTC 2019 /home/travis/build/icyphy/ptII/ptolemy/actor/lib/hoc/test/auto/IterateOverArray12.xml
----------------- Instantiating /home/travis/build/icyphy/ptII/ptolemy/actor/lib/hoc/test/auto/IterateOverArray12.xml
16 ms. Memory: 168960K Free: 140449K (83%)
----------------- Invoking toplevel() on ptolemy.moml.MoMLSimpleApplication@62c6f314
----------------- Done invoking toplevel() on ptolemy.moml.MoMLSimpleApplication@62c6f314
reloadAllAccessors: .IterateOverArray12

===========================================================================================
----------------- testing Thu Jul 11 04:50:35 UTC 2019 /home/travis/build/icyphy/ptII/ptolemy/actor/lib/hoc/test/auto/IterateOverArray13.xml
----------------- Instantiating /home/travis/build/icyphy/ptII/ptolemy/actor/lib/hoc/test/auto/IterateOverArray13.xml
77 ms. Memory: 168960K Free: 111285K (66%)
----------------- Invoking toplevel() on ptolemy.moml.MoMLSimpleApplication@2f50d04
----------------- Done invoking toplevel() on ptolemy.moml.MoMLSimpleApplication@2f50d04
reloadAllAccessors: .IterateOverArray13

===========================================================================================
----------------- testing Thu Jul 11 04:50:35 UTC 2019 /home/travis/build/icyphy/ptII/ptolemy/actor/lib/hoc/test/auto/IterateOverArray14.xml
----------------- Instantiating /home/travis/build/icyphy/ptII/ptolemy/actor/lib/hoc/test/auto/IterateOverArray14.xml
79 ms. Memory: 168960K Free: 78517K (46%)
----------------- Invoking toplevel() on ptolemy.moml.MoMLSimpleApplication@4032f80c
----------------- Done invoking toplevel() on ptolemy.moml.MoMLSimpleApplication@4032f80c
reloadAllAccessors: .IterateOverArray14

===========================================================================================
----------------- testing Thu Jul 11 04:50:35 UTC 2019 /home/travis/build/icyphy/ptII/ptolemy/actor/lib/hoc/test/auto/IterateOverArray2.xml
----------------- Instantiating /home/travis/build/icyphy/ptII/ptolemy/actor/lib/hoc/test/auto/IterateOverArray2.xml
9 ms. Memory: 168960K Free: 73397K (43%)
----------------- Invoking toplevel() on ptolemy.moml.MoMLSimpleApplication@2f7b5995
----------------- Done invoking toplevel() on ptolemy.moml.MoMLSimpleApplication@2f7b5995
reloadAllAccessors: .IterateOverArray2

===========================================================================================
----------------- testing Thu Jul 11 04:50:35 UTC 2019 /home/travis/build/icyphy/ptII/ptolemy/actor/lib/hoc/test/auto/IterateOverArray3.xml
----------------- Instantiating /home/travis/build/icyphy/ptII/ptolemy/actor/lib/hoc/test/auto/IterateOverArray3.xml
17 ms. Memory: 168960K Free: 67745K (40%)
----------------- Invoking toplevel() on ptolemy.moml.MoMLSimpleApplication@6c7c0029
----------------- Done invoking toplevel() on ptolemy.moml.MoMLSimpleApplication@6c7c0029
reloadAllAccessors: .IterateOverArray3

===========================================================================================
----------------- testing Thu Jul 11 04:50:35 UTC 2019 /home/travis/build/icyphy/ptII/ptolemy/actor/lib/hoc/test/auto/IterateOverArray4.xml
----------------- Instantiating /home/travis/build/icyphy/ptII/ptolemy/actor/lib/hoc/test/auto/IterateOverArray4.xml
4 ms. Memory: 168960K Free: 63649K (38%)
----------------- Invoking toplevel() on ptolemy.moml.MoMLSimpleApplication@2799f0df
----------------- Done invoking toplevel() on ptolemy.moml.MoMLSimpleApplication@2799f0df
reloadAllAccessors: .IterateOverArray4

===========================================================================================
----------------- testing Thu Jul 11 04:50:35 UTC 2019 /home/travis/build/icyphy/ptII/ptolemy/actor/lib/hoc/test/auto/IterateOverArray5.xml
----------------- Instantiating /home/travis/build/icyphy/ptII/ptolemy/actor/lib/hoc/test/auto/IterateOverArray5.xml
9 ms. Memory: 168960K Free: 60085K (36%)
----------------- Invoking toplevel() on ptolemy.moml.MoMLSimpleApplication@29c92441
----------------- Done invoking toplevel() on ptolemy.moml.MoMLSimpleApplication@29c92441
reloadAllAccessors: .IterateOverArray5

===========================================================================================
----------------- testing Thu Jul 11 04:50:35 UTC 2019 /home/travis/build/icyphy/ptII/ptolemy/actor/lib/hoc/test/auto/IterateOverArray6.xml
----------------- Instantiating /home/travis/build/icyphy/ptII/ptolemy/actor/lib/hoc/test/auto/IterateOverArray6.xml
3 ms. Memory: 168960K Free: 56481K (33%)
----------------- Invoking toplevel() on ptolemy.moml.MoMLSimpleApplication@655b9c31
----------------- Done invoking toplevel() on ptolemy.moml.MoMLSimpleApplication@655b9c31
reloadAllAccessors: .IterateOverArray6

===========================================================================================
----------------- testing Thu Jul 11 04:50:35 UTC 2019 /home/travis/build/icyphy/ptII/ptolemy/actor/lib/hoc/test/auto/IterateOverArray7.xml
----------------- Instantiating /home/travis/build/icyphy/ptII/ptolemy/actor/lib/hoc/test/auto/IterateOverArray7.xml
6 ms. Memory: 202752K Free: 184461K (91%)
----------------- Invoking toplevel() on ptolemy.moml.MoMLSimpleApplication@15413774
----------------- Done invoking toplevel() on ptolemy.moml.MoMLSimpleApplication@15413774
reloadAllAccessors: .IterateOverArray7

===========================================================================================
----------------- testing Thu Jul 11 04:50:35 UTC 2019 /home/travis/build/icyphy/ptII/ptolemy/actor/lib/hoc/test/auto/IterateOverArray8.xml
----------------- Instantiating /home/travis/build/icyphy/ptII/ptolemy/actor/lib/hoc/test/auto/IterateOverArray8.xml
5 ms. Memory: 202752K Free: 180365K (89%)
----------------- Invoking toplevel() on ptolemy.moml.MoMLSimpleApplication@5bd60921
----------------- Done invoking toplevel() on ptolemy.moml.MoMLSimpleApplication@5bd60921
reloadAllAccessors: .IterateOverArray8

===========================================================================================
----------------- testing Thu Jul 11 04:50:35 UTC 2019 /home/travis/build/icyphy/ptII/ptolemy/actor/lib/hoc/test/auto/IterateOverArray9.xml
----------------- Instantiating /home/travis/build/icyphy/ptII/ptolemy/actor/lib/hoc/test/auto/IterateOverArray9.xml
15 ms. Memory: 202752K Free: 176269K (87%)
----------------- Invoking toplevel() on ptolemy.moml.MoMLSimpleApplication@27ac7771
----------------- Done invoking toplevel() on ptolemy.moml.MoMLSimpleApplication@27ac7771
reloadAllAccessors: .IterateOverArray9

===========================================================================================
----------------- testing Thu Jul 11 04:50:36 UTC 2019 /home/travis/build/icyphy/ptII/ptolemy/actor/lib/hoc/test/auto/IterateOverArrayCoercedOutputType.xml
----------------- Instantiating /home/travis/build/icyphy/ptII/ptolemy/actor/lib/hoc/test/auto/IterateOverArrayCoercedOutputType.xml
6 ms. Memory: 202752K Free: 171149K (84%)
----------------- Invoking toplevel() on ptolemy.moml.MoMLSimpleApplication@45ffe5ce
----------------- Done invoking toplevel() on ptolemy.moml.MoMLSimpleApplication@45ffe5ce
reloadAllAccessors: .IterateOverArrayCoercedOutputType

===========================================================================================
----------------- testing Thu Jul 11 04:50:36 UTC 2019 /home/travis/build/icyphy/ptII/ptolemy/actor/lib/hoc/test/auto/IterateOverArrayInferredOutputType.xml
----------------- Instantiating /home/travis/build/icyphy/ptII/ptolemy/actor/lib/hoc/test/auto/IterateOverArrayInferredOutputType.xml
8 ms. Memory: 202752K Free: 166543K (82%)
----------------- Invoking toplevel() on ptolemy.moml.MoMLSimpleApplication@34321176
----------------- Done invoking toplevel() on ptolemy.moml.MoMLSimpleApplication@34321176
reloadAllAccessors: .IterateOverArrayInferredOutputType

===========================================================================================
----------------- testing Thu Jul 11 04:50:36 UTC 2019 /home/travis/build/icyphy/ptII/ptolemy/actor/lib/hoc/test/auto/MobileFunctionTest.xml
----------------- Instantiating /home/travis/build/icyphy/ptII/ptolemy/actor/lib/hoc/test/auto/MobileFunctionTest.xml
6 ms. Memory: 202752K Free: 161902K (80%)
----------------- Invoking toplevel() on ptolemy.moml.MoMLSimpleApplication@1e03c013
----------------- Done invoking toplevel() on ptolemy.moml.MoMLSimpleApplication@1e03c013
reloadAllAccessors: .MobileFunctionTest

===========================================================================================
----------------- testing Thu Jul 11 04:50:36 UTC 2019 /home/travis/build/icyphy/ptII/ptolemy/actor/lib/hoc/test/auto/MobileModelTest.xml
----------------- Instantiating /home/travis/build/icyphy/ptII/ptolemy/actor/lib/hoc/test/auto/MobileModelTest.xml
151 ms. Memory: 202752K Free: 141453K (70%)
----------------- Invoking toplevel() on ptolemy.moml.MoMLSimpleApplication@1536136b
----------------- Done invoking toplevel() on ptolemy.moml.MoMLSimpleApplication@1536136b
reloadAllAccessors: .MobileModelTest

===========================================================================================
----------------- testing Thu Jul 11 04:50:36 UTC 2019 /home/travis/build/icyphy/ptII/ptolemy/actor/lib/hoc/test/auto/ModelReference.xml
----------------- Instantiating /home/travis/build/icyphy/ptII/ptolemy/actor/lib/hoc/test/auto/ModelReference.xml
2 ms. Memory: 202752K Free: 134799K (66%)
5 ms. Memory: 202752K Free: 134254K (66%)
2 ms. Memory: 202752K Free: 133246K (66%)
2 ms. Memory: 202752K Free: 132222K (65%)
1 ms. Memory: 202752K Free: 131727K (65%)
2 ms. Memory: 202752K Free: 130703K (64%)
3 ms. Memory: 202752K Free: 130158K (64%)
2 ms. Memory: 202752K Free: 129150K (64%)
2 ms. Memory: 202752K Free: 128126K (63%)
2 ms. Memory: 202752K Free: 127631K (63%)
31 ms. Memory: 202752K Free: 127631K (63%)
----------------- Invoking toplevel() on ptolemy.moml.MoMLSimpleApplication@4d947aea
----------------- Done invoking toplevel() on ptolemy.moml.MoMLSimpleApplication@4d947aea
reloadAllAccessors: .ModelReference

===========================================================================================
----------------- testing Thu Jul 11 04:50:36 UTC 2019 /home/travis/build/icyphy/ptII/ptolemy/actor/lib/hoc/test/auto/ModelReference3.xml
----------------- Instantiating /home/travis/build/icyphy/ptII/ptolemy/actor/lib/hoc/test/auto/ModelReference3.xml
2 ms. Memory: 202752K Free: 123006K (61%)
4 ms. Memory: 202752K Free: 122511K (60%)
2 ms. Memory: 202752K Free: 121487K (60%)
4 ms. Memory: 202752K Free: 120966K (60%)
3 ms. Memory: 202752K Free: 119918K (59%)
2 ms. Memory: 202752K Free: 118894K (59%)
2 ms. Memory: 202752K Free: 118415K (58%)
1 ms. Memory: 202752K Free: 117391K (58%)
1 ms. Memory: 202752K Free: 116846K (58%)
2 ms. Memory: 202752K Free: 115838K (57%)
28 ms. Memory: 202752K Free: 115838K (57%)
----------------- Invoking toplevel() on ptolemy.moml.MoMLSimpleApplication@69788a96
----------------- Done invoking toplevel() on ptolemy.moml.MoMLSimpleApplication@69788a96
reloadAllAccessors: .ModelReference3

===========================================================================================
----------------- testing Thu Jul 11 04:50:36 UTC 2019 /home/travis/build/icyphy/ptII/ptolemy/actor/lib/hoc/test/auto/ModelReference4.xml
----------------- Instantiating /home/travis/build/icyphy/ptII/ptolemy/actor/lib/hoc/test/auto/ModelReference4.xml
2 ms. Memory: 202752K Free: 111247K (55%)
6 ms. Memory: 202752K Free: 109702K (54%)
5 ms. Memory: 202752K Free: 108670K (54%)
6 ms. Memory: 202752K Free: 107661K (53%)
2 ms. Memory: 202752K Free: 106127K (52%)
2 ms. Memory: 202752K Free: 105103K (52%)
5 ms. Memory: 202752K Free: 103558K (51%)
1 ms. Memory: 202752K Free: 102526K (51%)
2 ms. Memory: 202752K Free: 101007K (50%)
2 ms. Memory: 202752K Free: 99983K (49%)
10016 ms. Memory: 202752K Free: 99983K (49%)
----------------- Invoking toplevel() on ptolemy.moml.MoMLSimpleApplication@753a8259
----------------- Done invoking toplevel() on ptolemy.moml.MoMLSimpleApplication@753a8259
reloadAllAccessors: .ModelReference4

===========================================================================================
----------------- testing Thu Jul 11 04:50:46 UTC 2019 /home/travis/build/icyphy/ptII/ptolemy/actor/lib/hoc/test/auto/MultiInstanceComposite.xml
----------------- Instantiating /home/travis/build/icyphy/ptII/ptolemy/actor/lib/hoc/test/auto/MultiInstanceComposite.xml
24 ms. Memory: 202752K Free: 81037K (40%)
----------------- Invoking toplevel() on ptolemy.moml.MoMLSimpleApplication@7a90a034
----------------- Done invoking toplevel() on ptolemy.moml.MoMLSimpleApplication@7a90a034
reloadAllAccessors: .MultiInstanceComposite

===========================================================================================
----------------- testing Thu Jul 11 04:50:46 UTC 2019 /home/travis/build/icyphy/ptII/ptolemy/actor/lib/hoc/test/auto/MultiInstanceComposite2.xml
----------------- Instantiating /home/travis/build/icyphy/ptII/ptolemy/actor/lib/hoc/test/auto/MultiInstanceComposite2.xml
22 ms. Memory: 202752K Free: 70287K (35%)
----------------- Invoking toplevel() on ptolemy.moml.MoMLSimpleApplication@382b6ab5
----------------- Done invoking toplevel() on ptolemy.moml.MoMLSimpleApplication@382b6ab5
reloadAllAccessors: .MultiInstanceComposite2

===========================================================================================
----------------- testing Thu Jul 11 04:50:46 UTC 2019 /home/travis/build/icyphy/ptII/ptolemy/actor/lib/hoc/test/auto/MulticoreExecution.xml
----------------- Instantiating /home/travis/build/icyphy/ptII/ptolemy/actor/lib/hoc/test/auto/MulticoreExecution.xml
Fired ExecutionTime: 2800000
Fired ExecutionTime: 2800000
Fired ExecutionTime: 3600000
Fired ExecutionTime: 2400000
Fired ExecutionTime: 3200000
Fired ExecutionTime: 2400000
Fired ExecutionTime: 4000000
Fired ExecutionTime: 2000000
Fired ExecutionTime: 2800000
Fired ExecutionTime: 2800000
Fired ExecutionTime: 3600000
Fired ExecutionTime: 2400000
Fired ExecutionTime: 2800000
Fired ExecutionTime: 3200000
Fired ExecutionTime: 4400000
Fired ExecutionTime: 2000000
Fired ExecutionTime: 2800000
Fired ExecutionTime: 2400000
Fired ExecutionTime: 33600000
Fired ExecutionTime: 58000000
1128 ms. Memory: 202752K Free: 178243K (88%)
----------------- Invoking toplevel() on ptolemy.moml.MoMLSimpleApplication@12f337de
----------------- Done invoking toplevel() on ptolemy.moml.MoMLSimpleApplication@12f337de
reloadAllAccessors: .MulticoreExecution

===========================================================================================
----------------- testing Thu Jul 11 04:50:47 UTC 2019 /home/travis/build/icyphy/ptII/ptolemy/actor/lib/hoc/test/auto/ParallelExecution.xml
----------------- Instantiating /home/travis/build/icyphy/ptII/ptolemy/actor/lib/hoc/test/auto/ParallelExecution.xml
913 ms. Memory: 202752K Free: 170561K (84%)
----------------- Invoking toplevel() on ptolemy.moml.MoMLSimpleApplication@7b417cb2
----------------- Done invoking toplevel() on ptolemy.moml.MoMLSimpleApplication@7b417cb2
reloadAllAccessors: .ParallelExecution

===========================================================================================
----------------- testing Thu Jul 11 04:50:48 UTC 2019 /home/travis/build/icyphy/ptII/ptolemy/actor/lib/hoc/test/auto/RunCompositeActor.xml
----------------- Instantiating /home/travis/build/icyphy/ptII/ptolemy/actor/lib/hoc/test/auto/RunCompositeActor.xml
8 ms. Memory: 202752K Free: 163379K (81%)
----------------- Invoking toplevel() on ptolemy.moml.MoMLSimpleApplication@1fba3987
----------------- Done invoking toplevel() on ptolemy.moml.MoMLSimpleApplication@1fba3987
reloadAllAccessors: .RunCompositeActor

===========================================================================================
----------------- testing Thu Jul 11 04:50:48 UTC 2019 /home/travis/build/icyphy/ptII/ptolemy/actor/lib/hoc/test/auto/RunCompositeActor2.xml
----------------- Instantiating /home/travis/build/icyphy/ptII/ptolemy/actor/lib/hoc/test/auto/RunCompositeActor2.xml
4 ms. Memory: 202752K Free: 157243K (78%)
----------------- Invoking toplevel() on ptolemy.moml.MoMLSimpleApplication@4f5b66f7
----------------- Done invoking toplevel() on ptolemy.moml.MoMLSimpleApplication@4f5b66f7
reloadAllAccessors: .RunCompositeActor2

===========================================================================================
----------------- testing Thu Jul 11 04:50:48 UTC 2019 /home/travis/build/icyphy/ptII/ptolemy/actor/lib/hoc/test/auto/RunCompositeActor3.xml
----------------- Instantiating /home/travis/build/icyphy/ptII/ptolemy/actor/lib/hoc/test/auto/RunCompositeActor3.xml
4 ms. Memory: 202752K Free: 152115K (75%)
----------------- Invoking toplevel() on ptolemy.moml.MoMLSimpleApplication@22a2c62f
----------------- Done invoking toplevel() on ptolemy.moml.MoMLSimpleApplication@22a2c62f
reloadAllAccessors: .RunCompositeActor3

===========================================================================================
----------------- testing Thu Jul 11 04:50:48 UTC 2019 /home/travis/build/icyphy/ptII/ptolemy/actor/lib/hoc/test/auto/RunCompositeActor4.xml
----------------- Instantiating /home/travis/build/icyphy/ptII/ptolemy/actor/lib/hoc/test/auto/RunCompositeActor4.xml
10 ms. Memory: 202752K Free: 143427K (71%)
----------------- Invoking toplevel() on ptolemy.moml.MoMLSimpleApplication@6f8dcc3b
----------------- Done invoking toplevel() on ptolemy.moml.MoMLSimpleApplication@6f8dcc3b
reloadAllAccessors: .RunCompositeActor4

===========================================================================================
----------------- testing Thu Jul 11 04:50:48 UTC 2019 /home/travis/build/icyphy/ptII/ptolemy/actor/lib/hoc/test/auto/RunCompositeIterateOverArray.xml
----------------- Instantiating /home/travis/build/icyphy/ptII/ptolemy/actor/lib/hoc/test/auto/RunCompositeIterateOverArray.xml
4 ms. Memory: 202752K Free: 137283K (68%)
----------------- Invoking toplevel() on ptolemy.moml.MoMLSimpleApplication@2dfad885
----------------- Done invoking toplevel() on ptolemy.moml.MoMLSimpleApplication@2dfad885
reloadAllAccessors: .RunCompositeIterateOverArray

===========================================================================================
----------------- testing Thu Jul 11 04:50:48 UTC 2019 /home/travis/build/icyphy/ptII/ptolemy/actor/lib/hoc/test/auto/ThreadedJS.xml
----------------- Instantiating /home/travis/build/icyphy/ptII/ptolemy/actor/lib/hoc/test/auto/ThreadedJS.xml
5542 ms. Memory: 292864K Free: 153407K (52%)
----------------- Invoking toplevel() on ptolemy.moml.MoMLSimpleApplication@6be5cb7
----------------- Done invoking toplevel() on ptolemy.moml.MoMLSimpleApplication@6be5cb7
reloadAllAccessors: .ThreadedJS
AutoTests.java: About to close Vertx.
AutoTests.java: Vertx closed.
]]></system-out>
  <system-err><![CDATA[java.lang.RuntimeException: Execution failed
	at ptolemy.moml.MoMLSimpleApplication$UnloadThread.run(MoMLSimpleApplication.java:402)
Caused by: ptolemy.kernel.util.IllegalActionException: initialize() was called after wrapup() was called but preinitialize() was not called after wrapup().
	at ptolemy.actor.lib.hoc.test.PreinitializeMustBeInvoked.initialize(PreinitializeMustBeInvoked.java:78)
	at ptolemy.actor.Director.initialize(Director.java:938)
	at ptolemy.actor.Director.initialize(Director.java:907)
	at ptolemy.actor.sched.StaticSchedulingDirector.initialize(StaticSchedulingDirector.java:159)
	at ptolemy.domains.sdf.kernel.SDFDirector.initialize(SDFDirector.java:544)
	at ptolemy.actor.CompositeActor.initialize(CompositeActor.java:935)
	at ptolemy.actor.lib.hoc.LifeCycleManager._executeInsideModel(LifeCycleManager.java:339)
	at ptolemy.actor.lib.hoc.RunCompositeActor.fire(RunCompositeActor.java:205)
	at ptolemy.actor.CompositeActor.iterate(CompositeActor.java:1146)
	at ptolemy.actor.sched.StaticSchedulingDirector.fire(StaticSchedulingDirector.java:216)
	at ptolemy.domains.sdf.kernel.SDFDirector.fire(SDFDirector.java:500)
	at ptolemy.actor.CompositeActor.fire(CompositeActor.java:455)
	at ptolemy.actor.Manager.iterate(Manager.java:851)
	at ptolemy.actor.Manager.execute(Manager.java:369)
	at ptolemy.actor.Manager.run(Manager.java:1263)
	at ptolemy.actor.Manager$PtolemyRunThread.run(Manager.java:1915)
java.lang.reflect.InvocationTargetException
	at java.base/jdk.internal.reflect.NativeConstructorAccessorImpl.newInstance0(Native Method)
	at java.base/jdk.internal.reflect.NativeConstructorAccessorImpl.newInstance(NativeConstructorAccessorImpl.java:62)
	at java.base/jdk.internal.reflect.DelegatingConstructorAccessorImpl.newInstance(DelegatingConstructorAccessorImpl.java:45)
	at java.base/java.lang.reflect.Constructor.newInstance(Constructor.java:488)
	at ptolemy.util.test.junit.AutoKnownFailedTests.RunModel(AutoKnownFailedTests.java:105)
	at java.base/jdk.internal.reflect.NativeMethodAccessorImpl.invoke0(Native Method)
	at java.base/jdk.internal.reflect.NativeMethodAccessorImpl.invoke(NativeMethodAccessorImpl.java:62)
	at java.base/jdk.internal.reflect.DelegatingMethodAccessorImpl.invoke(DelegatingMethodAccessorImpl.java:43)
	at java.base/java.lang.reflect.Method.invoke(Method.java:564)
	at org.junit.runners.model.FrameworkMethod$1.runReflectiveCall(FrameworkMethod.java:44)
	at org.junit.internal.runners.model.ReflectiveCallable.run(ReflectiveCallable.java:15)
	at org.junit.runners.model.FrameworkMethod.invokeExplosively(FrameworkMethod.java:41)
	at junitparams.internal.InvokeParameterisedMethod.evaluate(InvokeParameterisedMethod.java:102)
	at org.junit.internal.runners.statements.FailOnTimeout$1.run(FailOnTimeout.java:28)
Caused by: ptolemy.kernel.util.IllegalActionException: initialize() was called after wrapup() was called but preinitialize() was not called after wrapup().
	at ptolemy.actor.lib.hoc.test.PreinitializeMustBeInvoked.initialize(PreinitializeMustBeInvoked.java:78)
	at ptolemy.actor.Director.initialize(Director.java:938)
	at ptolemy.actor.Director.initialize(Director.java:907)
	at ptolemy.actor.sched.StaticSchedulingDirector.initialize(StaticSchedulingDirector.java:159)
	at ptolemy.domains.sdf.kernel.SDFDirector.initialize(SDFDirector.java:544)
	at ptolemy.actor.CompositeActor.initialize(CompositeActor.java:935)
	at ptolemy.actor.lib.hoc.LifeCycleManager._executeInsideModel(LifeCycleManager.java:339)
	at ptolemy.actor.lib.hoc.RunCompositeActor.fire(RunCompositeActor.java:205)
	at ptolemy.actor.CompositeActor.iterate(CompositeActor.java:1146)
	at ptolemy.actor.sched.StaticSchedulingDirector.fire(StaticSchedulingDirector.java:216)
	at ptolemy.domains.sdf.kernel.SDFDirector.fire(SDFDirector.java:500)
	at ptolemy.actor.CompositeActor.fire(CompositeActor.java:455)
	at ptolemy.actor.Manager.iterate(Manager.java:851)
	at ptolemy.actor.Manager.execute(Manager.java:369)
	at ptolemy.actor.Manager.run(Manager.java:1263)
	at ptolemy.actor.Manager$PtolemyRunThread.run(Manager.java:1915)
]]></system-err>
</testsuite>
