<?xml version="1.0" encoding="UTF-8" ?>
<testsuite errors="0" failures="0" hostname="travis-job-f79af15b-31bd-4f75-9a9b-c166aac99aa4" name="ptolemy.domains.continuous.test.junit.JUnitTclTest" skipped="0" tests="155" time="79.048" timestamp="2018-09-26T02:44:52">
  <properties>
[...]
</properties>
  <testcase classname="ptolemy.util.test.junit.TclTests" name="[0] ThereAreNoTclTests (RunTclFile)" time="0.002" />
  <testcase classname="ptolemy.util.test.junit.AutoKnownFailedTests" name="[0] ThereAreNoKnowFailedTests (RunModel)" time="0.001" />
  <testcase classname="ptolemy.util.test.junit.AutoNameArchTests" name="[0] ThereAreNoAutoArchTests (RunModel)" time="0.001" />
  <testcase classname="ptolemy.util.test.junit.AutoTests" name="[0] /home/travis/build/icyphy/ptII/ptolemy/domains/continuous/test/auto/BouncingBall.xml (RunModel)" time="3.059" />
  <testcase classname="ptolemy.util.test.junit.AutoTests" name="[1] /home/travis/build/icyphy/ptII/ptolemy/domains/continuous/test/auto/BouncingBallWithoutGR.xml (RunModel)" time="1.158" />
  <testcase classname="ptolemy.util.test.junit.AutoTests" name="[2] /home/travis/build/icyphy/ptII/ptolemy/domains/continuous/test/auto/Brownian.xml (RunModel)" time="0.151" />
  <testcase classname="ptolemy.util.test.junit.AutoTests" name="[3] /home/travis/build/icyphy/ptII/ptolemy/domains/continuous/test/auto/CarTracking.xml (RunModel)" time="4.53" />
  <testcase classname="ptolemy.util.test.junit.AutoTests" name="[4] /home/travis/build/icyphy/ptII/ptolemy/domains/continuous/test/auto/CartPendulum.xml (RunModel)" time="0.552" />
  <testcase classname="ptolemy.util.test.junit.AutoTests" name="[5] /home/travis/build/icyphy/ptII/ptolemy/domains/continuous/test/auto/CausalityInterface10.xml (RunModel)" time="0.064" />
  <testcase classname="ptolemy.util.test.junit.AutoTests" name="[6] /home/travis/build/icyphy/ptII/ptolemy/domains/continuous/test/auto/CausalityInterface11.xml (RunModel)" time="0.061" />
  <testcase classname="ptolemy.util.test.junit.AutoTests" name="[7] /home/travis/build/icyphy/ptII/ptolemy/domains/continuous/test/auto/CausalityInterface12.xml (RunModel)" time="0.053" />
  <testcase classname="ptolemy.util.test.junit.AutoTests" name="[8] /home/travis/build/icyphy/ptII/ptolemy/domains/continuous/test/auto/CausalityInterface13.xml (RunModel)" time="0.036" />
  <testcase classname="ptolemy.util.test.junit.AutoTests" name="[9] /home/travis/build/icyphy/ptII/ptolemy/domains/continuous/test/auto/CausalityInterface14.xml (RunModel)" time="0.024" />
  <testcase classname="ptolemy.util.test.junit.AutoTests" name="[10] /home/travis/build/icyphy/ptII/ptolemy/domains/continuous/test/auto/CausalityInterface4.xml (RunModel)" time="0.035" />
  <testcase classname="ptolemy.util.test.junit.AutoTests" name="[11] /home/travis/build/icyphy/ptII/ptolemy/domains/continuous/test/auto/CausalityInterface5.xml (RunModel)" time="0.049" />
  <testcase classname="ptolemy.util.test.junit.AutoTests" name="[12] /home/travis/build/icyphy/ptII/ptolemy/domains/continuous/test/auto/CausalityInterface6.xml (RunModel)" time="0.028" />
  <testcase classname="ptolemy.util.test.junit.AutoTests" name="[13] /home/travis/build/icyphy/ptII/ptolemy/domains/continuous/test/auto/CausalityInterface7.xml (RunModel)" time="0.065" />
  <testcase classname="ptolemy.util.test.junit.AutoTests" name="[14] /home/travis/build/icyphy/ptII/ptolemy/domains/continuous/test/auto/CausalityInterface8.xml (RunModel)" time="0.056" />
  <testcase classname="ptolemy.util.test.junit.AutoTests" name="[15] /home/travis/build/icyphy/ptII/ptolemy/domains/continuous/test/auto/CausalityInterface9.xml (RunModel)" time="0.071" />
  <testcase classname="ptolemy.util.test.junit.AutoTests" name="[16] /home/travis/build/icyphy/ptII/ptolemy/domains/continuous/test/auto/CausalityInterfaceFeedback1.xml (RunModel)" time="0.033" />
  <testcase classname="ptolemy.util.test.junit.AutoTests" name="[17] /home/travis/build/icyphy/ptII/ptolemy/domains/continuous/test/auto/CausalityInterfaceFeedback2.xml (RunModel)" time="0.038" />
  <testcase classname="ptolemy.util.test.junit.AutoTests" name="[18] /home/travis/build/icyphy/ptII/ptolemy/domains/continuous/test/auto/CompareWithCurrentTime.xml (RunModel)" time="0.029" />
  <testcase classname="ptolemy.util.test.junit.AutoTests" name="[19] /home/travis/build/icyphy/ptII/ptolemy/domains/continuous/test/auto/ComparedClocks.xml (RunModel)" time="0.087" />
  <testcase classname="ptolemy.util.test.junit.AutoTests" name="[20] /home/travis/build/icyphy/ptII/ptolemy/domains/continuous/test/auto/ContinuousAOCClone.xml (RunModel)" time="2.994" />
  <testcase classname="ptolemy.util.test.junit.AutoTests" name="[21] /home/travis/build/icyphy/ptII/ptolemy/domains/continuous/test/auto/ContinuousClock.xml (RunModel)" time="0.11" />
  <testcase classname="ptolemy.util.test.junit.AutoTests" name="[22] /home/travis/build/icyphy/ptII/ptolemy/domains/continuous/test/auto/ContinuousInContinuous.xml (RunModel)" time="0.118" />
  <testcase classname="ptolemy.util.test.junit.AutoTests" name="[23] /home/travis/build/icyphy/ptII/ptolemy/domains/continuous/test/auto/ContinuousInContinuousInContinuous.xml (RunModel)" time="0.035" />
  <testcase classname="ptolemy.util.test.junit.AutoTests" name="[24] /home/travis/build/icyphy/ptII/ptolemy/domains/continuous/test/auto/ContinuousInDE.xml (RunModel)" time="0.16" />
  <testcase classname="ptolemy.util.test.junit.AutoTests" name="[25] /home/travis/build/icyphy/ptII/ptolemy/domains/continuous/test/auto/ContinuousInDE2.xml (RunModel)" time="0.075" />
  <testcase classname="ptolemy.util.test.junit.AutoTests" name="[26] /home/travis/build/icyphy/ptII/ptolemy/domains/continuous/test/auto/ContinuousInDE3.xml (RunModel)" time="0.09" />
  <testcase classname="ptolemy.util.test.junit.AutoTests" name="[27] /home/travis/build/icyphy/ptII/ptolemy/domains/continuous/test/auto/ContinuousInDE4.xml (RunModel)" time="0.055" />
  <testcase classname="ptolemy.util.test.junit.AutoTests" name="[28] /home/travis/build/icyphy/ptII/ptolemy/domains/continuous/test/auto/ContinuousInDEDifferentRefinements.xml (RunModel)" time="0.16" />
  <testcase classname="ptolemy.util.test.junit.AutoTests" name="[29] /home/travis/build/icyphy/ptII/ptolemy/domains/continuous/test/auto/ContinuousInDEDifferentRefinementsPreemptive.xml (RunModel)" time="0.131" />
  <testcase classname="ptolemy.util.test.junit.AutoTests" name="[30] /home/travis/build/icyphy/ptII/ptolemy/domains/continuous/test/auto/ContinuousInDEInContinuous2.xml (RunModel)" time="0.075" />
  <testcase classname="ptolemy.util.test.junit.AutoTests" name="[31] /home/travis/build/icyphy/ptII/ptolemy/domains/continuous/test/auto/ContinuousInDEInContinuous3.xml (RunModel)" time="0.076" />
  <testcase classname="ptolemy.util.test.junit.AutoTests" name="[32] /home/travis/build/icyphy/ptII/ptolemy/domains/continuous/test/auto/ContinuousInDEInput.xml (RunModel)" time="0.044" />
  <testcase classname="ptolemy.util.test.junit.AutoTests" name="[33] /home/travis/build/icyphy/ptII/ptolemy/domains/continuous/test/auto/ContinuousInDEInput2.xml (RunModel)" time="0.043" />
  <testcase classname="ptolemy.util.test.junit.AutoTests" name="[34] /home/travis/build/icyphy/ptII/ptolemy/domains/continuous/test/auto/ContinuousInDEInput3.xml (RunModel)" time="0.037" />
  <testcase classname="ptolemy.util.test.junit.AutoTests" name="[35] /home/travis/build/icyphy/ptII/ptolemy/domains/continuous/test/auto/ContinuousInDESharingRefinement.xml (RunModel)" time="0.256" />
  <testcase classname="ptolemy.util.test.junit.AutoTests" name="[36] /home/travis/build/icyphy/ptII/ptolemy/domains/continuous/test/auto/ContinuousInDEwithNoPorts.xml (RunModel)" time="0.022" />
  <testcase classname="ptolemy.util.test.junit.AutoTests" name="[37] /home/travis/build/icyphy/ptII/ptolemy/domains/continuous/test/auto/ContinuousInsideDE.xml (RunModel)" time="0.118" />
  <testcase classname="ptolemy.util.test.junit.AutoTests" name="[38] /home/travis/build/icyphy/ptII/ptolemy/domains/continuous/test/auto/ContinuousMerge1.xml (RunModel)" time="0.022" />
  <testcase classname="ptolemy.util.test.junit.AutoTests" name="[39] /home/travis/build/icyphy/ptII/ptolemy/domains/continuous/test/auto/ContinuousMerge2.xml (RunModel)" time="0.067" />
  <testcase classname="ptolemy.util.test.junit.AutoTests" name="[40] /home/travis/build/icyphy/ptII/ptolemy/domains/continuous/test/auto/ContinuousMerge3.xml (RunModel)" time="0.086" />
  <testcase classname="ptolemy.util.test.junit.AutoTests" name="[41] /home/travis/build/icyphy/ptII/ptolemy/domains/continuous/test/auto/ContinuousWithinContinuous.xml (RunModel)" time="0.077" />
  <testcase classname="ptolemy.util.test.junit.AutoTests" name="[42] /home/travis/build/icyphy/ptII/ptolemy/domains/continuous/test/auto/ContinuousWithinContinuous2.xml (RunModel)" time="0.121" />
  <testcase classname="ptolemy.util.test.junit.AutoTests" name="[43] /home/travis/build/icyphy/ptII/ptolemy/domains/continuous/test/auto/ContinuousWithinContinuous3.xml (RunModel)" time="0.043" />
  <testcase classname="ptolemy.util.test.junit.AutoTests" name="[44] /home/travis/build/icyphy/ptII/ptolemy/domains/continuous/test/auto/ContinuousWithinContinuous4.xml (RunModel)" time="0.108" />
  <testcase classname="ptolemy.util.test.junit.AutoTests" name="[45] /home/travis/build/icyphy/ptII/ptolemy/domains/continuous/test/auto/ContinuousWithinContinuous5.xml (RunModel)" time="0.039" />
  <testcase classname="ptolemy.util.test.junit.AutoTests" name="[46] /home/travis/build/icyphy/ptII/ptolemy/domains/continuous/test/auto/ContinuousWithinContinuous6.xml (RunModel)" time="0.036" />
  <testcase classname="ptolemy.util.test.junit.AutoTests" name="[47] /home/travis/build/icyphy/ptII/ptolemy/domains/continuous/test/auto/ContinuousWithinContinuous7.xml (RunModel)" time="0.089" />
  <testcase classname="ptolemy.util.test.junit.AutoTests" name="[48] /home/travis/build/icyphy/ptII/ptolemy/domains/continuous/test/auto/DCMotor.xml (RunModel)" time="13.85" />
  <testcase classname="ptolemy.util.test.junit.AutoTests" name="[49] /home/travis/build/icyphy/ptII/ptolemy/domains/continuous/test/auto/DEInContinuous.xml (RunModel)" time="0.034" />
  <testcase classname="ptolemy.util.test.junit.AutoTests" name="[50] /home/travis/build/icyphy/ptII/ptolemy/domains/continuous/test/auto/DEinContinuous2.xml (RunModel)" time="0.047" />
  <testcase classname="ptolemy.util.test.junit.AutoTests" name="[51] /home/travis/build/icyphy/ptII/ptolemy/domains/continuous/test/auto/Derivative.xml (RunModel)" time="0.241" />
  <testcase classname="ptolemy.util.test.junit.AutoTests" name="[52] /home/travis/build/icyphy/ptII/ptolemy/domains/continuous/test/auto/Derivative1.xml (RunModel)" time="0.064" />
  <testcase classname="ptolemy.util.test.junit.AutoTests" name="[53] /home/travis/build/icyphy/ptII/ptolemy/domains/continuous/test/auto/DiscreteClock.xml (RunModel)" time="0.016" />
  <testcase classname="ptolemy.util.test.junit.AutoTests" name="[54] /home/travis/build/icyphy/ptII/ptolemy/domains/continuous/test/auto/EfficiencyCurve.xml (RunModel)" time="0.121" />
  <testcase classname="ptolemy.util.test.junit.AutoTests" name="[55] /home/travis/build/icyphy/ptII/ptolemy/domains/continuous/test/auto/ExponentialResponse.xml (RunModel)" time="0.141" />
  <testcase classname="ptolemy.util.test.junit.AutoTests" name="[56] /home/travis/build/icyphy/ptII/ptolemy/domains/continuous/test/auto/ExponentialResponseRK45.xml (RunModel)" time="0.047" />
  <testcase classname="ptolemy.util.test.junit.AutoTests" name="[57] /home/travis/build/icyphy/ptII/ptolemy/domains/continuous/test/auto/Friction.xml (RunModel)" time="1.724" />
  <testcase classname="ptolemy.util.test.junit.AutoTests" name="[58] /home/travis/build/icyphy/ptII/ptolemy/domains/continuous/test/auto/FurutaPendulum.xml (RunModel)" time="3.164" />
  <testcase classname="ptolemy.util.test.junit.AutoTests" name="[59] /home/travis/build/icyphy/ptII/ptolemy/domains/continuous/test/auto/HierarchicalExecution.xml (RunModel)" time="2.372" />
  <testcase classname="ptolemy.util.test.junit.AutoTests" name="[60] /home/travis/build/icyphy/ptII/ptolemy/domains/continuous/test/auto/HybridPlant.xml (RunModel)" time="0.622" />
  <testcase classname="ptolemy.util.test.junit.AutoTests" name="[61] /home/travis/build/icyphy/ptII/ptolemy/domains/continuous/test/auto/Hysteresis.xml (RunModel)" time="0.207" />
  <testcase classname="ptolemy.util.test.junit.AutoTests" name="[62] /home/travis/build/icyphy/ptII/ptolemy/domains/continuous/test/auto/HysteresisWithRandomDelay.xml (RunModel)" time="0.3" />
  <testcase classname="ptolemy.util.test.junit.AutoTests" name="[63] /home/travis/build/icyphy/ptII/ptolemy/domains/continuous/test/auto/HysteresisWithRandomLosses.xml (RunModel)" time="2.88" />
  <testcase classname="ptolemy.util.test.junit.AutoTests" name="[64] /home/travis/build/icyphy/ptII/ptolemy/domains/continuous/test/auto/ImmediateTransitions.xml (RunModel)" time="0.049" />
  <testcase classname="ptolemy.util.test.junit.AutoTests" name="[65] /home/travis/build/icyphy/ptII/ptolemy/domains/continuous/test/auto/ImpulseFeedback.xml (RunModel)" time="0.027" />
  <testcase classname="ptolemy.util.test.junit.AutoTests" name="[66] /home/travis/build/icyphy/ptII/ptolemy/domains/continuous/test/auto/ImpulseFeedback2.xml (RunModel)" time="0.024" />
  <testcase classname="ptolemy.util.test.junit.AutoTests" name="[67] /home/travis/build/icyphy/ptII/ptolemy/domains/continuous/test/auto/IncreasingRatePoisson.xml (RunModel)" time="0.858" />
  <testcase classname="ptolemy.util.test.junit.AutoTests" name="[68] /home/travis/build/icyphy/ptII/ptolemy/domains/continuous/test/auto/InitialStateFeedback.xml (RunModel)" time="0.013" />
  <testcase classname="ptolemy.util.test.junit.AutoTests" name="[69] /home/travis/build/icyphy/ptII/ptolemy/domains/continuous/test/auto/Integration.xml (RunModel)" time="0.01" />
  <testcase classname="ptolemy.util.test.junit.AutoTests" name="[70] /home/travis/build/icyphy/ptII/ptolemy/domains/continuous/test/auto/Integration2.xml (RunModel)" time="0.097" />
  <testcase classname="ptolemy.util.test.junit.AutoTests" name="[71] /home/travis/build/icyphy/ptII/ptolemy/domains/continuous/test/auto/Integration3.xml (RunModel)" time="0.017" />
  <testcase classname="ptolemy.util.test.junit.AutoTests" name="[72] /home/travis/build/icyphy/ptII/ptolemy/domains/continuous/test/auto/Integration5.xml (RunModel)" time="0.024" />
  <testcase classname="ptolemy.util.test.junit.AutoTests" name="[73] /home/travis/build/icyphy/ptII/ptolemy/domains/continuous/test/auto/IntegratorImpulse.xml (RunModel)" time="0.01" />
  <testcase classname="ptolemy.util.test.junit.AutoTests" name="[74] /home/travis/build/icyphy/ptII/ptolemy/domains/continuous/test/auto/IntegratorImpulse2.xml (RunModel)" time="0.014" />
  <testcase classname="ptolemy.util.test.junit.AutoTests" name="[75] /home/travis/build/icyphy/ptII/ptolemy/domains/continuous/test/auto/LevelCrossing1.xml (RunModel)" time="0.015" />
  <testcase classname="ptolemy.util.test.junit.AutoTests" name="[76] /home/travis/build/icyphy/ptII/ptolemy/domains/continuous/test/auto/LevelCrossing2.xml (RunModel)" time="0.015" />
  <testcase classname="ptolemy.util.test.junit.AutoTests" name="[77] /home/travis/build/icyphy/ptII/ptolemy/domains/continuous/test/auto/LevelCrossing3.xml (RunModel)" time="0.013" />
  <testcase classname="ptolemy.util.test.junit.AutoTests" name="[78] /home/travis/build/icyphy/ptII/ptolemy/domains/continuous/test/auto/LevelCrossing4.xml (RunModel)" time="0.015" />
  <testcase classname="ptolemy.util.test.junit.AutoTests" name="[79] /home/travis/build/icyphy/ptII/ptolemy/domains/continuous/test/auto/LevelCrossing5.xml (RunModel)" time="0.022" />
  <testcase classname="ptolemy.util.test.junit.AutoTests" name="[80] /home/travis/build/icyphy/ptII/ptolemy/domains/continuous/test/auto/LevelCrossing6.xml (RunModel)" time="0.015" />
  <testcase classname="ptolemy.util.test.junit.AutoTests" name="[81] /home/travis/build/icyphy/ptII/ptolemy/domains/continuous/test/auto/LevelCrossingDetector.xml (RunModel)" time="0.052" />
  <testcase classname="ptolemy.util.test.junit.AutoTests" name="[82] /home/travis/build/icyphy/ptII/ptolemy/domains/continuous/test/auto/LevelCrossingDetectorDetectingDirections.xml (RunModel)" time="0.097" />
  <testcase classname="ptolemy.util.test.junit.AutoTests" name="[83] /home/travis/build/icyphy/ptII/ptolemy/domains/continuous/test/auto/LevelCrossingDetectorDetectsGlitches.xml (RunModel)" time="0.078" />
  <testcase classname="ptolemy.util.test.junit.AutoTests" name="[84] /home/travis/build/icyphy/ptII/ptolemy/domains/continuous/test/auto/LevelCrossingNoInitialOuput.xml (RunModel)" time="0.018" />
  <testcase classname="ptolemy.util.test.junit.AutoTests" name="[85] /home/travis/build/icyphy/ptII/ptolemy/domains/continuous/test/auto/LinearStateSpaceExample.xml (RunModel)" time="0.052" />
  <testcase classname="ptolemy.util.test.junit.AutoTests" name="[86] /home/travis/build/icyphy/ptII/ptolemy/domains/continuous/test/auto/Lorenz.xml (RunModel)" time="4.209" />
  <testcase classname="ptolemy.util.test.junit.AutoTests" name="[87] /home/travis/build/icyphy/ptII/ptolemy/domains/continuous/test/auto/LorenzDifferentialSystem.xml (RunModel)" time="1.273" />
  <testcase classname="ptolemy.util.test.junit.AutoTests" name="[88] /home/travis/build/icyphy/ptII/ptolemy/domains/continuous/test/auto/LorenzDifferentialSystemWithInput.xml (RunModel)" time="1.684" />
  <testcase classname="ptolemy.util.test.junit.AutoTests" name="[89] /home/travis/build/icyphy/ptII/ptolemy/domains/continuous/test/auto/LorenzDifferentialSystemWithTime.xml (RunModel)" time="0.785" />
  <testcase classname="ptolemy.util.test.junit.AutoTests" name="[90] /home/travis/build/icyphy/ptII/ptolemy/domains/continuous/test/auto/Microsteps.xml (RunModel)" time="0.024" />
  <testcase classname="ptolemy.util.test.junit.AutoTests" name="[91] /home/travis/build/icyphy/ptII/ptolemy/domains/continuous/test/auto/Modal1.xml (RunModel)" time="0.045" />
  <testcase classname="ptolemy.util.test.junit.AutoTests" name="[92] /home/travis/build/icyphy/ptII/ptolemy/domains/continuous/test/auto/Modal2.xml (RunModel)" time="0.042" />
  <testcase classname="ptolemy.util.test.junit.AutoTests" name="[93] /home/travis/build/icyphy/ptII/ptolemy/domains/continuous/test/auto/ModalTransitionGuardWithReset.xml (RunModel)" time="0.03" />
  <testcase classname="ptolemy.util.test.junit.AutoTests" name="[94] /home/travis/build/icyphy/ptII/ptolemy/domains/continuous/test/auto/ModalTransitionGuardWithResetUsingPreemptiveTransition.xml (RunModel)" time="0.026" />
  <testcase classname="ptolemy.util.test.junit.AutoTests" name="[95] /home/travis/build/icyphy/ptII/ptolemy/domains/continuous/test/auto/ModalTransitionGuardWithResetUsingPreemptiveTransition2.xml (RunModel)" time="0.027" />
  <testcase classname="ptolemy.util.test.junit.AutoTests" name="[96] /home/travis/build/icyphy/ptII/ptolemy/domains/continuous/test/auto/ModalTransitionGuardWithResetUsingPreemptiveTransition3.xml (RunModel)" time="0.027" />
  <testcase classname="ptolemy.util.test.junit.AutoTests" name="[97] /home/travis/build/icyphy/ptII/ptolemy/domains/continuous/test/auto/NewtonsCradle.xml (RunModel)" time="0.868" />
  <testcase classname="ptolemy.util.test.junit.AutoTests" name="[98] /home/travis/build/icyphy/ptII/ptolemy/domains/continuous/test/auto/NewtonsCradleAnimated.xml (RunModel)" time="1.253" />
  <testcase classname="ptolemy.util.test.junit.AutoTests" name="[99] /home/travis/build/icyphy/ptII/ptolemy/domains/continuous/test/auto/NewtonsCradleComplicated.xml (RunModel)" time="0.841" />
  <testcase classname="ptolemy.util.test.junit.AutoTests" name="[100] /home/travis/build/icyphy/ptII/ptolemy/domains/continuous/test/auto/NewtonsCradleNondeterministic.xml (RunModel)" time="0.607" />
  <testcase classname="ptolemy.util.test.junit.AutoTests" name="[101] /home/travis/build/icyphy/ptII/ptolemy/domains/continuous/test/auto/NewtonsCradlePerfectlyInelastic1.xml (RunModel)" time="1.209" />
  <testcase classname="ptolemy.util.test.junit.AutoTests" name="[102] /home/travis/build/icyphy/ptII/ptolemy/domains/continuous/test/auto/Noise.xml (RunModel)" time="0.163" />
  <testcase classname="ptolemy.util.test.junit.AutoTests" name="[103] /home/travis/build/icyphy/ptII/ptolemy/domains/continuous/test/auto/NoiseSpectrum.xml (RunModel)" time="0.857" />
  <testcase classname="ptolemy.util.test.junit.AutoTests" name="[104] /home/travis/build/icyphy/ptII/ptolemy/domains/continuous/test/auto/ParameterizedNewtonsCradleAnimated.xml (RunModel)" time="0.401" />
  <testcase classname="ptolemy.util.test.junit.AutoTests" name="[105] /home/travis/build/icyphy/ptII/ptolemy/domains/continuous/test/auto/ParameterizedNewtonsCradleAnimatedNondeterministic.xml (RunModel)" time="1.204" />
  <testcase classname="ptolemy.util.test.junit.AutoTests" name="[106] /home/travis/build/icyphy/ptII/ptolemy/domains/continuous/test/auto/Pendulum3D.xml (RunModel)" time="0.203" />
  <testcase classname="ptolemy.util.test.junit.AutoTests" name="[107] /home/travis/build/icyphy/ptII/ptolemy/domains/continuous/test/auto/PeriodicSampler.xml (RunModel)" time="0.011" />
  <testcase classname="ptolemy.util.test.junit.AutoTests" name="[108] /home/travis/build/icyphy/ptII/ptolemy/domains/continuous/test/auto/PeriodicSampler1.xml (RunModel)" time="0.049" />
  <testcase classname="ptolemy.util.test.junit.AutoTests" name="[109] /home/travis/build/icyphy/ptII/ptolemy/domains/continuous/test/auto/PeriodicSampler2.xml (RunModel)" time="0.086" />
  <testcase classname="ptolemy.util.test.junit.AutoTests" name="[110] /home/travis/build/icyphy/ptII/ptolemy/domains/continuous/test/auto/Poisson.xml (RunModel)" time="0.605" />
  <testcase classname="ptolemy.util.test.junit.AutoTests" name="[111] /home/travis/build/icyphy/ptII/ptolemy/domains/continuous/test/auto/PoissonClock.xml (RunModel)" time="0.017" />
  <testcase classname="ptolemy.util.test.junit.AutoTests" name="[112] /home/travis/build/icyphy/ptII/ptolemy/domains/continuous/test/auto/PoissonClock2.xml (RunModel)" time="0.015" />
  <testcase classname="ptolemy.util.test.junit.AutoTests" name="[113] /home/travis/build/icyphy/ptII/ptolemy/domains/continuous/test/auto/PortParameterHierarchy.xml (RunModel)" time="0.025" />
  <testcase classname="ptolemy.util.test.junit.AutoTests" name="[114] /home/travis/build/icyphy/ptII/ptolemy/domains/continuous/test/auto/RandomHybridPlant.xml (RunModel)" time="0.815" />
  <testcase classname="ptolemy.util.test.junit.AutoTests" name="[115] /home/travis/build/icyphy/ptII/ptolemy/domains/continuous/test/auto/ResetTransitionWithStartTime1.xml (RunModel)" time="0.037" />
  <testcase classname="ptolemy.util.test.junit.AutoTests" name="[116] /home/travis/build/icyphy/ptII/ptolemy/domains/continuous/test/auto/ResetTransitionWithStartTime2.xml (RunModel)" time="0.047" />
  <testcase classname="ptolemy.util.test.junit.AutoTests" name="[117] /home/travis/build/icyphy/ptII/ptolemy/domains/continuous/test/auto/ResetTransitionWithStartTime3.xml (RunModel)" time="0.049" />
  <testcase classname="ptolemy.util.test.junit.AutoTests" name="[118] /home/travis/build/icyphy/ptII/ptolemy/domains/continuous/test/auto/ResetTransitionWithStartTime4.xml (RunModel)" time="0.027" />
  <testcase classname="ptolemy.util.test.junit.AutoTests" name="[119] /home/travis/build/icyphy/ptII/ptolemy/domains/continuous/test/auto/ResetTransitionWithStartTime5.xml (RunModel)" time="0.042" />
  <testcase classname="ptolemy.util.test.junit.AutoTests" name="[120] /home/travis/build/icyphy/ptII/ptolemy/domains/continuous/test/auto/ResetTransitionWithStartTime6.xml (RunModel)" time="0.055" />
  <testcase classname="ptolemy.util.test.junit.AutoTests" name="[121] /home/travis/build/icyphy/ptII/ptolemy/domains/continuous/test/auto/SRinContinuous.xml (RunModel)" time="0.035" />
  <testcase classname="ptolemy.util.test.junit.AutoTests" name="[122] /home/travis/build/icyphy/ptII/ptolemy/domains/continuous/test/auto/SampledClocks.xml (RunModel)" time="0.036" />
  <testcase classname="ptolemy.util.test.junit.AutoTests" name="[123] /home/travis/build/icyphy/ptII/ptolemy/domains/continuous/test/auto/Satellite.xml (RunModel)" time="0.717" />
  <testcase classname="ptolemy.util.test.junit.AutoTests" name="[124] /home/travis/build/icyphy/ptII/ptolemy/domains/continuous/test/auto/SigmaDelta.xml (RunModel)" time="2.714" />
  <testcase classname="ptolemy.util.test.junit.AutoTests" name="[125] /home/travis/build/icyphy/ptII/ptolemy/domains/continuous/test/auto/SinuBouncingBall.xml (RunModel)" time="0.803" />
  <testcase classname="ptolemy.util.test.junit.AutoTests" name="[126] /home/travis/build/icyphy/ptII/ptolemy/domains/continuous/test/auto/Sinusoid.xml (RunModel)" time="0.013" />
  <testcase classname="ptolemy.util.test.junit.AutoTests" name="[127] /home/travis/build/icyphy/ptII/ptolemy/domains/continuous/test/auto/SinusoidInNoise.xml (RunModel)" time="0.916" />
  <testcase classname="ptolemy.util.test.junit.AutoTests" name="[128] /home/travis/build/icyphy/ptII/ptolemy/domains/continuous/test/auto/SinusoidRK45.xml (RunModel)" time="0.01" />
  <testcase classname="ptolemy.util.test.junit.AutoTests" name="[129] /home/travis/build/icyphy/ptII/ptolemy/domains/continuous/test/auto/SinusoidWithMultipleImpulses.xml (RunModel)" time="0.012" />
  <testcase classname="ptolemy.util.test.junit.AutoTests" name="[130] /home/travis/build/icyphy/ptII/ptolemy/domains/continuous/test/auto/SquareWave.xml (RunModel)" time="0.228" />
  <testcase classname="ptolemy.util.test.junit.AutoTests" name="[131] /home/travis/build/icyphy/ptII/ptolemy/domains/continuous/test/auto/Starmac.xml (RunModel)" time="3.568" />
  <testcase classname="ptolemy.util.test.junit.AutoTests" name="[132] /home/travis/build/icyphy/ptII/ptolemy/domains/continuous/test/auto/StaticUnits.xml (RunModel)" time="2.453" />
  <testcase classname="ptolemy.util.test.junit.AutoTests" name="[133] /home/travis/build/icyphy/ptII/ptolemy/domains/continuous/test/auto/StickyMasses.xml (RunModel)" time="0.211" />
  <testcase classname="ptolemy.util.test.junit.AutoTests" name="[134] /home/travis/build/icyphy/ptII/ptolemy/domains/continuous/test/auto/StopTime.xml (RunModel)" time="0.078" />
  <testcase classname="ptolemy.util.test.junit.AutoTests" name="[135] /home/travis/build/icyphy/ptII/ptolemy/domains/continuous/test/auto/StopTime2.xml (RunModel)" time="0.076" />
  <testcase classname="ptolemy.util.test.junit.AutoTests" name="[136] /home/travis/build/icyphy/ptII/ptolemy/domains/continuous/test/auto/Switch.xml (RunModel)" time="0.09" />
  <testcase classname="ptolemy.util.test.junit.AutoTests" name="[137] /home/travis/build/icyphy/ptII/ptolemy/domains/continuous/test/auto/Thermostat.xml (RunModel)" time="0.37" />
  <testcase classname="ptolemy.util.test.junit.AutoTests" name="[138] /home/travis/build/icyphy/ptII/ptolemy/domains/continuous/test/auto/TimeDelay.xml (RunModel)" time="0.017" />
  <testcase classname="ptolemy.util.test.junit.AutoTests" name="[139] /home/travis/build/icyphy/ptII/ptolemy/domains/continuous/test/auto/TimeDelay2.xml (RunModel)" time="0.031" />
  <testcase classname="ptolemy.util.test.junit.AutoTests" name="[140] /home/travis/build/icyphy/ptII/ptolemy/domains/continuous/test/auto/TimeDelay3.xml (RunModel)" time="0.017" />
  <testcase classname="ptolemy.util.test.junit.AutoTests" name="[141] /home/travis/build/icyphy/ptII/ptolemy/domains/continuous/test/auto/TransferAbsentToInside.xml (RunModel)" time="0.128" />
  <testcase classname="ptolemy.util.test.junit.AutoTests" name="[142] /home/travis/build/icyphy/ptII/ptolemy/domains/continuous/test/auto/Transmission.xml (RunModel)" time="0.935" />
  <testcase classname="ptolemy.util.test.junit.AutoTests" name="[143] /home/travis/build/icyphy/ptII/ptolemy/domains/continuous/test/auto/TriggeredContinuousClock.xml (RunModel)" time="0.08" />
  <testcase classname="ptolemy.util.test.junit.AutoTests" name="[144] /home/travis/build/icyphy/ptII/ptolemy/domains/continuous/test/auto/TwoMachineInfiniteBusControl.xml (RunModel)" time="2.741" />
  <testcase classname="ptolemy.util.test.junit.AutoTests" name="[145] /home/travis/build/icyphy/ptII/ptolemy/domains/continuous/test/auto/V2V.xml (RunModel)" time="0.92" />
  <testcase classname="ptolemy.util.test.junit.AutoTests" name="[146] /home/travis/build/icyphy/ptII/ptolemy/domains/continuous/test/auto/hierarchicalModalModel.xml (RunModel)" time="0.038" />
  <testcase classname="ptolemy.util.test.junit.AutoTests" name="[147] /home/travis/build/icyphy/ptII/ptolemy/domains/continuous/test/auto/hierarchicalModalModel1.xml (RunModel)" time="0.053" />
  <testcase classname="ptolemy.util.test.junit.AutoTests" name="[148] /home/travis/build/icyphy/ptII/ptolemy/domains/continuous/test/auto/hierarchicalModalModel2.xml (RunModel)" time="0.039" />
  <testcase classname="ptolemy.util.test.junit.AutoTests" name="[149] /home/travis/build/icyphy/ptII/ptolemy/domains/continuous/test/auto/hierarchicalModalModel3.xml (RunModel)" time="0.028" />
  <testcase classname="ptolemy.util.test.junit.AutoTests" name="[150] /home/travis/build/icyphy/ptII/ptolemy/domains/continuous/test/auto/hierarchicalModalModel4.xml (RunModel)" time="0.033" />
  <testcase classname="ptolemy.util.test.junit.AutoTests" name="[151] /home/travis/build/icyphy/ptII/ptolemy/domains/continuous/test/auto/junk.xml (RunModel)" time="0.197" />
  <system-out><![CDATA[No tcl tests in /home/travis/build/icyphy/ptII/ptolemy/domains/continuous/test
No auto/knownFailedTests/*.xml tests in /home/travis/build/icyphy/ptII/ptolemy/domains/continuous/test
No auto/linux-amd64/*.xml tests in /home/travis/build/icyphy/ptII/ptolemy/domains/continuous/test
AutoTests.java: About to close Vertx.
AutoTests.java: Vertx closed.

===========================================================================================
----------------- testing Wed Sep 26 02:44:53 UTC 2018 /home/travis/build/icyphy/ptII/ptolemy/domains/continuous/test/auto/BouncingBall.xml
----------------- Instantiating /home/travis/build/icyphy/ptII/ptolemy/domains/continuous/test/auto/BouncingBall.xml
2512 ms. Memory: 332288K Free: 322939K (97%)
----------------- Invoking toplevel() on ptolemy.moml.MoMLSimpleApplication@1878beb7
----------------- Done invoking toplevel() on ptolemy.moml.MoMLSimpleApplication@1878beb7
reloadAllAccessors: .BouncingBall

===========================================================================================
----------------- testing Wed Sep 26 02:44:56 UTC 2018 /home/travis/build/icyphy/ptII/ptolemy/domains/continuous/test/auto/BouncingBallWithoutGR.xml
----------------- Instantiating /home/travis/build/icyphy/ptII/ptolemy/domains/continuous/test/auto/BouncingBallWithoutGR.xml
975 ms. Memory: 332288K Free: 135493K (41%)
----------------- Invoking toplevel() on ptolemy.moml.MoMLSimpleApplication@22500d19
----------------- Done invoking toplevel() on ptolemy.moml.MoMLSimpleApplication@22500d19
reloadAllAccessors: .BouncingBallWithoutGR

===========================================================================================
----------------- testing Wed Sep 26 02:44:57 UTC 2018 /home/travis/build/icyphy/ptII/ptolemy/domains/continuous/test/auto/Brownian.xml
----------------- Instantiating /home/travis/build/icyphy/ptII/ptolemy/domains/continuous/test/auto/Brownian.xml
56 ms. Memory: 332288K Free: 123230K (37%)
----------------- Invoking toplevel() on ptolemy.moml.MoMLSimpleApplication@68448902
----------------- Done invoking toplevel() on ptolemy.moml.MoMLSimpleApplication@68448902
reloadAllAccessors: .Brownian

===========================================================================================
----------------- testing Wed Sep 26 02:44:57 UTC 2018 /home/travis/build/icyphy/ptII/ptolemy/domains/continuous/test/auto/CarTracking.xml
----------------- Instantiating /home/travis/build/icyphy/ptII/ptolemy/domains/continuous/test/auto/CarTracking.xml
4007 ms. Memory: 479744K Free: 325214K (68%)
----------------- Invoking toplevel() on ptolemy.moml.MoMLSimpleApplication@6a3ccecf
----------------- Done invoking toplevel() on ptolemy.moml.MoMLSimpleApplication@6a3ccecf
reloadAllAccessors: .CarTracking

===========================================================================================
----------------- testing Wed Sep 26 02:45:01 UTC 2018 /home/travis/build/icyphy/ptII/ptolemy/domains/continuous/test/auto/CartPendulum.xml
----------------- Instantiating /home/travis/build/icyphy/ptII/ptolemy/domains/continuous/test/auto/CartPendulum.xml
385 ms. Memory: 479744K Free: 221099K (46%)
----------------- Invoking toplevel() on ptolemy.moml.MoMLSimpleApplication@124757cc
----------------- Done invoking toplevel() on ptolemy.moml.MoMLSimpleApplication@124757cc
reloadAllAccessors: .CartPendulum

===========================================================================================
----------------- testing Wed Sep 26 02:45:02 UTC 2018 /home/travis/build/icyphy/ptII/ptolemy/domains/continuous/test/auto/CausalityInterface10.xml
----------------- Instantiating /home/travis/build/icyphy/ptII/ptolemy/domains/continuous/test/auto/CausalityInterface10.xml
16 ms. Memory: 479744K Free: 205300K (43%)
----------------- Invoking toplevel() on ptolemy.moml.MoMLSimpleApplication@717927b8
----------------- Done invoking toplevel() on ptolemy.moml.MoMLSimpleApplication@717927b8
reloadAllAccessors: .CausalityInterface10

===========================================================================================
----------------- testing Wed Sep 26 02:45:02 UTC 2018 /home/travis/build/icyphy/ptII/ptolemy/domains/continuous/test/auto/CausalityInterface11.xml
----------------- Instantiating /home/travis/build/icyphy/ptII/ptolemy/domains/continuous/test/auto/CausalityInterface11.xml
14 ms. Memory: 479744K Free: 193503K (40%)
----------------- Invoking toplevel() on ptolemy.moml.MoMLSimpleApplication@58f36a62
----------------- Done invoking toplevel() on ptolemy.moml.MoMLSimpleApplication@58f36a62
reloadAllAccessors: .CausalityInterface11

===========================================================================================
----------------- testing Wed Sep 26 02:45:02 UTC 2018 /home/travis/build/icyphy/ptII/ptolemy/domains/continuous/test/auto/CausalityInterface12.xml
----------------- Instantiating /home/travis/build/icyphy/ptII/ptolemy/domains/continuous/test/auto/CausalityInterface12.xml
11 ms. Memory: 479744K Free: 181705K (38%)
----------------- Invoking toplevel() on ptolemy.moml.MoMLSimpleApplication@540302de
----------------- Done invoking toplevel() on ptolemy.moml.MoMLSimpleApplication@540302de
reloadAllAccessors: .CausalityInterface12

===========================================================================================
----------------- testing Wed Sep 26 02:45:02 UTC 2018 /home/travis/build/icyphy/ptII/ptolemy/domains/continuous/test/auto/CausalityInterface13.xml
----------------- Instantiating /home/travis/build/icyphy/ptII/ptolemy/domains/continuous/test/auto/CausalityInterface13.xml
5 ms. Memory: 479744K Free: 162054K (34%)
----------------- Invoking toplevel() on ptolemy.moml.MoMLSimpleApplication@4e1680f2
----------------- Done invoking toplevel() on ptolemy.moml.MoMLSimpleApplication@4e1680f2
reloadAllAccessors: .CausalityInterface13

===========================================================================================
----------------- testing Wed Sep 26 02:45:02 UTC 2018 /home/travis/build/icyphy/ptII/ptolemy/domains/continuous/test/auto/CausalityInterface14.xml
----------------- Instantiating /home/travis/build/icyphy/ptII/ptolemy/domains/continuous/test/auto/CausalityInterface14.xml
4 ms. Memory: 479744K Free: 146381K (31%)
----------------- Invoking toplevel() on ptolemy.moml.MoMLSimpleApplication@474b56b5
----------------- Done invoking toplevel() on ptolemy.moml.MoMLSimpleApplication@474b56b5
reloadAllAccessors: .CausalityInterface14

===========================================================================================
----------------- testing Wed Sep 26 02:45:02 UTC 2018 /home/travis/build/icyphy/ptII/ptolemy/domains/continuous/test/auto/CausalityInterface4.xml
----------------- Instantiating /home/travis/build/icyphy/ptII/ptolemy/domains/continuous/test/auto/CausalityInterface4.xml
9 ms. Memory: 479744K Free: 134599K (28%)
----------------- Invoking toplevel() on ptolemy.moml.MoMLSimpleApplication@3ea0dbd4
----------------- Done invoking toplevel() on ptolemy.moml.MoMLSimpleApplication@3ea0dbd4
reloadAllAccessors: .CausalityInterface4

===========================================================================================
----------------- testing Wed Sep 26 02:45:02 UTC 2018 /home/travis/build/icyphy/ptII/ptolemy/domains/continuous/test/auto/CausalityInterface5.xml
----------------- Instantiating /home/travis/build/icyphy/ptII/ptolemy/domains/continuous/test/auto/CausalityInterface5.xml
8 ms. Memory: 479744K Free: 122818K (26%)
----------------- Invoking toplevel() on ptolemy.moml.MoMLSimpleApplication@5efa69fc
----------------- Done invoking toplevel() on ptolemy.moml.MoMLSimpleApplication@5efa69fc
reloadAllAccessors: .CausalityInterface5

===========================================================================================
----------------- testing Wed Sep 26 02:45:02 UTC 2018 /home/travis/build/icyphy/ptII/ptolemy/domains/continuous/test/auto/CausalityInterface6.xml
----------------- Instantiating /home/travis/build/icyphy/ptII/ptolemy/domains/continuous/test/auto/CausalityInterface6.xml
4 ms. Memory: 479744K Free: 111029K (23%)
----------------- Invoking toplevel() on ptolemy.moml.MoMLSimpleApplication@2e88e6b4
----------------- Done invoking toplevel() on ptolemy.moml.MoMLSimpleApplication@2e88e6b4
reloadAllAccessors: .CausalityInterface6

===========================================================================================
----------------- testing Wed Sep 26 02:45:02 UTC 2018 /home/travis/build/icyphy/ptII/ptolemy/domains/continuous/test/auto/CausalityInterface7.xml
----------------- Instantiating /home/travis/build/icyphy/ptII/ptolemy/domains/continuous/test/auto/CausalityInterface7.xml
14 ms. Memory: 479744K Free: 99248K (21%)
----------------- Invoking toplevel() on ptolemy.moml.MoMLSimpleApplication@280908b8
----------------- Done invoking toplevel() on ptolemy.moml.MoMLSimpleApplication@280908b8
reloadAllAccessors: .CausalityInterface7

===========================================================================================
----------------- testing Wed Sep 26 02:45:02 UTC 2018 /home/travis/build/icyphy/ptII/ptolemy/domains/continuous/test/auto/CausalityInterface8.xml
----------------- Instantiating /home/travis/build/icyphy/ptII/ptolemy/domains/continuous/test/auto/CausalityInterface8.xml
8 ms. Memory: 479744K Free: 80022K (17%)
----------------- Invoking toplevel() on ptolemy.moml.MoMLSimpleApplication@7f47465a
----------------- Done invoking toplevel() on ptolemy.moml.MoMLSimpleApplication@7f47465a
reloadAllAccessors: .CausalityInterface8

===========================================================================================
----------------- testing Wed Sep 26 02:45:02 UTC 2018 /home/travis/build/icyphy/ptII/ptolemy/domains/continuous/test/auto/CausalityInterface9.xml
----------------- Instantiating /home/travis/build/icyphy/ptII/ptolemy/domains/continuous/test/auto/CausalityInterface9.xml
12 ms. Memory: 456192K Free: 435197K (95%)
----------------- Invoking toplevel() on ptolemy.moml.MoMLSimpleApplication@57677e03
----------------- Done invoking toplevel() on ptolemy.moml.MoMLSimpleApplication@57677e03
reloadAllAccessors: .CausalityInterface9

===========================================================================================
----------------- testing Wed Sep 26 02:45:03 UTC 2018 /home/travis/build/icyphy/ptII/ptolemy/domains/continuous/test/auto/CausalityInterfaceFeedback1.xml
----------------- Instantiating /home/travis/build/icyphy/ptII/ptolemy/domains/continuous/test/auto/CausalityInterfaceFeedback1.xml
6 ms. Memory: 456192K Free: 422731K (93%)
----------------- Invoking toplevel() on ptolemy.moml.MoMLSimpleApplication@da02261
----------------- Done invoking toplevel() on ptolemy.moml.MoMLSimpleApplication@da02261
reloadAllAccessors: .CausalityInterfaceFeedback1

===========================================================================================
----------------- testing Wed Sep 26 02:45:03 UTC 2018 /home/travis/build/icyphy/ptII/ptolemy/domains/continuous/test/auto/CausalityInterfaceFeedback2.xml
----------------- Instantiating /home/travis/build/icyphy/ptII/ptolemy/domains/continuous/test/auto/CausalityInterfaceFeedback2.xml
6 ms. Memory: 456192K Free: 412721K (90%)
----------------- Invoking toplevel() on ptolemy.moml.MoMLSimpleApplication@47f78da3
----------------- Done invoking toplevel() on ptolemy.moml.MoMLSimpleApplication@47f78da3
reloadAllAccessors: .CausalityInterfaceFeedback2

===========================================================================================
----------------- testing Wed Sep 26 02:45:03 UTC 2018 /home/travis/build/icyphy/ptII/ptolemy/domains/continuous/test/auto/CompareWithCurrentTime.xml
----------------- Instantiating /home/travis/build/icyphy/ptII/ptolemy/domains/continuous/test/auto/CompareWithCurrentTime.xml
4 ms. Memory: 456192K Free: 405225K (89%)
----------------- Invoking toplevel() on ptolemy.moml.MoMLSimpleApplication@58d540fe
----------------- Done invoking toplevel() on ptolemy.moml.MoMLSimpleApplication@58d540fe
reloadAllAccessors: .CompareWithCurrentTime

===========================================================================================
----------------- testing Wed Sep 26 02:45:03 UTC 2018 /home/travis/build/icyphy/ptII/ptolemy/domains/continuous/test/auto/ComparedClocks.xml
----------------- Instantiating /home/travis/build/icyphy/ptII/ptolemy/domains/continuous/test/auto/ComparedClocks.xml
9 ms. Memory: 456192K Free: 382700K (84%)
----------------- Invoking toplevel() on ptolemy.moml.MoMLSimpleApplication@441c82e4
----------------- Done invoking toplevel() on ptolemy.moml.MoMLSimpleApplication@441c82e4
reloadAllAccessors: .ComparedClocks

===========================================================================================
----------------- testing Wed Sep 26 02:45:03 UTC 2018 /home/travis/build/icyphy/ptII/ptolemy/domains/continuous/test/auto/ContinuousAOCClone.xml
----------------- Instantiating /home/travis/build/icyphy/ptII/ptolemy/domains/continuous/test/auto/ContinuousAOCClone.xml
2705 ms. Memory: 444416K Free: 212124K (48%)
----------------- Invoking toplevel() on ptolemy.moml.MoMLSimpleApplication@626f2c10
----------------- Done invoking toplevel() on ptolemy.moml.MoMLSimpleApplication@626f2c10
reloadAllAccessors: .ContinuousAOCClone

===========================================================================================
----------------- testing Wed Sep 26 02:45:06 UTC 2018 /home/travis/build/icyphy/ptII/ptolemy/domains/continuous/test/auto/ContinuousClock.xml
----------------- Instantiating /home/travis/build/icyphy/ptII/ptolemy/domains/continuous/test/auto/ContinuousClock.xml
43 ms. Memory: 444416K Free: 184835K (42%)
----------------- Invoking toplevel() on ptolemy.moml.MoMLSimpleApplication@7c7aaab8
----------------- Done invoking toplevel() on ptolemy.moml.MoMLSimpleApplication@7c7aaab8
reloadAllAccessors: .ContinuousClock

===========================================================================================
----------------- testing Wed Sep 26 02:45:06 UTC 2018 /home/travis/build/icyphy/ptII/ptolemy/domains/continuous/test/auto/ContinuousInContinuous.xml
----------------- Instantiating /home/travis/build/icyphy/ptII/ptolemy/domains/continuous/test/auto/ContinuousInContinuous.xml
54 ms. Memory: 444416K Free: 156975K (35%)
----------------- Invoking toplevel() on ptolemy.moml.MoMLSimpleApplication@509b1695
----------------- Done invoking toplevel() on ptolemy.moml.MoMLSimpleApplication@509b1695
reloadAllAccessors: .ContinuousInContinuous

===========================================================================================
----------------- testing Wed Sep 26 02:45:06 UTC 2018 /home/travis/build/icyphy/ptII/ptolemy/domains/continuous/test/auto/ContinuousInContinuousInContinuous.xml
----------------- Instantiating /home/travis/build/icyphy/ptII/ptolemy/domains/continuous/test/auto/ContinuousInContinuousInContinuous.xml
9 ms. Memory: 444416K Free: 147415K (33%)
----------------- Invoking toplevel() on ptolemy.moml.MoMLSimpleApplication@45fbc681
----------------- Done invoking toplevel() on ptolemy.moml.MoMLSimpleApplication@45fbc681
reloadAllAccessors: .ContinuousInContinuousInContinuous

===========================================================================================
----------------- testing Wed Sep 26 02:45:06 UTC 2018 /home/travis/build/icyphy/ptII/ptolemy/domains/continuous/test/auto/ContinuousInDE.xml
----------------- Instantiating /home/travis/build/icyphy/ptII/ptolemy/domains/continuous/test/auto/ContinuousInDE.xml
137 ms. Memory: 444416K Free: 131533K (30%)
----------------- Invoking toplevel() on ptolemy.moml.MoMLSimpleApplication@4337a14b
----------------- Done invoking toplevel() on ptolemy.moml.MoMLSimpleApplication@4337a14b
reloadAllAccessors: .ContinuousInDE

===========================================================================================
----------------- testing Wed Sep 26 02:45:06 UTC 2018 /home/travis/build/icyphy/ptII/ptolemy/domains/continuous/test/auto/ContinuousInDE2.xml
----------------- Instantiating /home/travis/build/icyphy/ptII/ptolemy/domains/continuous/test/auto/ContinuousInDE2.xml
56 ms. Memory: 444416K Free: 119587K (27%)
----------------- Invoking toplevel() on ptolemy.moml.MoMLSimpleApplication@511924a4
----------------- Done invoking toplevel() on ptolemy.moml.MoMLSimpleApplication@511924a4
reloadAllAccessors: .ContinuousInDE2

===========================================================================================
----------------- testing Wed Sep 26 02:45:06 UTC 2018 /home/travis/build/icyphy/ptII/ptolemy/domains/continuous/test/auto/ContinuousInDE3.xml
----------------- Instantiating /home/travis/build/icyphy/ptII/ptolemy/domains/continuous/test/auto/ContinuousInDE3.xml
65 ms. Memory: 444416K Free: 106091K (24%)
----------------- Invoking toplevel() on ptolemy.moml.MoMLSimpleApplication@2b1ef288
----------------- Done invoking toplevel() on ptolemy.moml.MoMLSimpleApplication@2b1ef288
reloadAllAccessors: .ContinuousInDE3

===========================================================================================
----------------- testing Wed Sep 26 02:45:06 UTC 2018 /home/travis/build/icyphy/ptII/ptolemy/domains/continuous/test/auto/ContinuousInDE4.xml
----------------- Instantiating /home/travis/build/icyphy/ptII/ptolemy/domains/continuous/test/auto/ContinuousInDE4.xml
27 ms. Memory: 444416K Free: 98917K (22%)
----------------- Invoking toplevel() on ptolemy.moml.MoMLSimpleApplication@55d7de2c
----------------- Done invoking toplevel() on ptolemy.moml.MoMLSimpleApplication@55d7de2c
reloadAllAccessors: .ContinuousInDE4

===========================================================================================
----------------- testing Wed Sep 26 02:45:06 UTC 2018 /home/travis/build/icyphy/ptII/ptolemy/domains/continuous/test/auto/ContinuousInDEDifferentRefinements.xml
----------------- Instantiating /home/travis/build/icyphy/ptII/ptolemy/domains/continuous/test/auto/ContinuousInDEDifferentRefinements.xml
94 ms. Memory: 423424K Free: 398395K (94%)
----------------- Invoking toplevel() on ptolemy.moml.MoMLSimpleApplication@5aca6a36
----------------- Done invoking toplevel() on ptolemy.moml.MoMLSimpleApplication@5aca6a36
reloadAllAccessors: .ContinuousInDEDifferentRefinements

===========================================================================================
----------------- testing Wed Sep 26 02:45:07 UTC 2018 /home/travis/build/icyphy/ptII/ptolemy/domains/continuous/test/auto/ContinuousInDEDifferentRefinementsPreemptive.xml
----------------- Instantiating /home/travis/build/icyphy/ptII/ptolemy/domains/continuous/test/auto/ContinuousInDEDifferentRefinementsPreemptive.xml
71 ms. Memory: 423424K Free: 361841K (85%)
----------------- Invoking toplevel() on ptolemy.moml.MoMLSimpleApplication@6c77c9b7
----------------- Done invoking toplevel() on ptolemy.moml.MoMLSimpleApplication@6c77c9b7
reloadAllAccessors: .ContinuousInDEDifferentRefinementsPreemptive

===========================================================================================
----------------- testing Wed Sep 26 02:45:07 UTC 2018 /home/travis/build/icyphy/ptII/ptolemy/domains/continuous/test/auto/ContinuousInDEInContinuous2.xml
----------------- Instantiating /home/travis/build/icyphy/ptII/ptolemy/domains/continuous/test/auto/ContinuousInDEInContinuous2.xml
48 ms. Memory: 423424K Free: 344866K (81%)
----------------- Invoking toplevel() on ptolemy.moml.MoMLSimpleApplication@3a1d2560
----------------- Done invoking toplevel() on ptolemy.moml.MoMLSimpleApplication@3a1d2560
reloadAllAccessors: .ContinuousInDEInContinuous2

===========================================================================================
----------------- testing Wed Sep 26 02:45:07 UTC 2018 /home/travis/build/icyphy/ptII/ptolemy/domains/continuous/test/auto/ContinuousInDEInContinuous3.xml
----------------- Instantiating /home/travis/build/icyphy/ptII/ptolemy/domains/continuous/test/auto/ContinuousInDEInContinuous3.xml
51 ms. Memory: 423424K Free: 327884K (77%)
----------------- Invoking toplevel() on ptolemy.moml.MoMLSimpleApplication@637245e5
----------------- Done invoking toplevel() on ptolemy.moml.MoMLSimpleApplication@637245e5
reloadAllAccessors: .ContinuousInDEInContinuous3

===========================================================================================
----------------- testing Wed Sep 26 02:45:07 UTC 2018 /home/travis/build/icyphy/ptII/ptolemy/domains/continuous/test/auto/ContinuousInDEInput.xml
----------------- Instantiating /home/travis/build/icyphy/ptII/ptolemy/domains/continuous/test/auto/ContinuousInDEInput.xml
20 ms. Memory: 423424K Free: 317755K (75%)
----------------- Invoking toplevel() on ptolemy.moml.MoMLSimpleApplication@34d403cd
----------------- Done invoking toplevel() on ptolemy.moml.MoMLSimpleApplication@34d403cd
reloadAllAccessors: .ContinuousInDEInput

===========================================================================================
----------------- testing Wed Sep 26 02:45:07 UTC 2018 /home/travis/build/icyphy/ptII/ptolemy/domains/continuous/test/auto/ContinuousInDEInput2.xml
----------------- Instantiating /home/travis/build/icyphy/ptII/ptolemy/domains/continuous/test/auto/ContinuousInDEInput2.xml
25 ms. Memory: 423424K Free: 308633K (73%)
----------------- Invoking toplevel() on ptolemy.moml.MoMLSimpleApplication@74e3dd20
----------------- Done invoking toplevel() on ptolemy.moml.MoMLSimpleApplication@74e3dd20
reloadAllAccessors: .ContinuousInDEInput2

===========================================================================================
----------------- testing Wed Sep 26 02:45:07 UTC 2018 /home/travis/build/icyphy/ptII/ptolemy/domains/continuous/test/auto/ContinuousInDEInput3.xml
----------------- Instantiating /home/travis/build/icyphy/ptII/ptolemy/domains/continuous/test/auto/ContinuousInDEInput3.xml
18 ms. Memory: 423424K Free: 298513K (70%)
----------------- Invoking toplevel() on ptolemy.moml.MoMLSimpleApplication@13b2ca82
----------------- Done invoking toplevel() on ptolemy.moml.MoMLSimpleApplication@13b2ca82
reloadAllAccessors: .ContinuousInDEInput3

===========================================================================================
----------------- testing Wed Sep 26 02:45:07 UTC 2018 /home/travis/build/icyphy/ptII/ptolemy/domains/continuous/test/auto/ContinuousInDESharingRefinement.xml
----------------- Instantiating /home/travis/build/icyphy/ptII/ptolemy/domains/continuous/test/auto/ContinuousInDESharingRefinement.xml
218 ms. Memory: 423424K Free: 201595K (48%)
----------------- Invoking toplevel() on ptolemy.moml.MoMLSimpleApplication@347bd6a7
----------------- Done invoking toplevel() on ptolemy.moml.MoMLSimpleApplication@347bd6a7
reloadAllAccessors: .ContinuousInDESharingRefinement

===========================================================================================
----------------- testing Wed Sep 26 02:45:07 UTC 2018 /home/travis/build/icyphy/ptII/ptolemy/domains/continuous/test/auto/ContinuousInDEwithNoPorts.xml
----------------- Instantiating /home/travis/build/icyphy/ptII/ptolemy/domains/continuous/test/auto/ContinuousInDEwithNoPorts.xml
9 ms. Memory: 423424K Free: 193736K (46%)
----------------- Invoking toplevel() on ptolemy.moml.MoMLSimpleApplication@2cccdb16
----------------- Done invoking toplevel() on ptolemy.moml.MoMLSimpleApplication@2cccdb16
reloadAllAccessors: .ContinuousInDEwithNoPorts

===========================================================================================
----------------- testing Wed Sep 26 02:45:07 UTC 2018 /home/travis/build/icyphy/ptII/ptolemy/domains/continuous/test/auto/ContinuousInsideDE.xml
----------------- Instantiating /home/travis/build/icyphy/ptII/ptolemy/domains/continuous/test/auto/ContinuousInsideDE.xml
69 ms. Memory: 423424K Free: 179054K (42%)
----------------- Invoking toplevel() on ptolemy.moml.MoMLSimpleApplication@3348d09
----------------- Done invoking toplevel() on ptolemy.moml.MoMLSimpleApplication@3348d09
reloadAllAccessors: .ContinuousInsideDE

===========================================================================================
----------------- testing Wed Sep 26 02:45:07 UTC 2018 /home/travis/build/icyphy/ptII/ptolemy/domains/continuous/test/auto/ContinuousMerge1.xml
----------------- Instantiating /home/travis/build/icyphy/ptII/ptolemy/domains/continuous/test/auto/ContinuousMerge1.xml
4 ms. Memory: 423424K Free: 172223K (41%)
----------------- Invoking toplevel() on ptolemy.moml.MoMLSimpleApplication@52c3b6de
----------------- Done invoking toplevel() on ptolemy.moml.MoMLSimpleApplication@52c3b6de
reloadAllAccessors: .ContinuousMerge1

===========================================================================================
----------------- testing Wed Sep 26 02:45:07 UTC 2018 /home/travis/build/icyphy/ptII/ptolemy/domains/continuous/test/auto/ContinuousMerge2.xml
----------------- Instantiating /home/travis/build/icyphy/ptII/ptolemy/domains/continuous/test/auto/ContinuousMerge2.xml
17 ms. Memory: 423424K Free: 157510K (37%)
----------------- Invoking toplevel() on ptolemy.moml.MoMLSimpleApplication@58b77289
----------------- Done invoking toplevel() on ptolemy.moml.MoMLSimpleApplication@58b77289
reloadAllAccessors: .ContinuousMerge2

===========================================================================================
----------------- testing Wed Sep 26 02:45:07 UTC 2018 /home/travis/build/icyphy/ptII/ptolemy/domains/continuous/test/auto/ContinuousMerge3.xml
----------------- Instantiating /home/travis/build/icyphy/ptII/ptolemy/domains/continuous/test/auto/ContinuousMerge3.xml
55 ms. Memory: 423424K Free: 142821K (34%)
----------------- Invoking toplevel() on ptolemy.moml.MoMLSimpleApplication@40065fc2
----------------- Done invoking toplevel() on ptolemy.moml.MoMLSimpleApplication@40065fc2
reloadAllAccessors: .ContinuousMerge3

===========================================================================================
----------------- testing Wed Sep 26 02:45:08 UTC 2018 /home/travis/build/icyphy/ptII/ptolemy/domains/continuous/test/auto/ContinuousWithinContinuous.xml
----------------- Instantiating /home/travis/build/icyphy/ptII/ptolemy/domains/continuous/test/auto/ContinuousWithinContinuous.xml
54 ms. Memory: 423424K Free: 130377K (31%)
----------------- Invoking toplevel() on ptolemy.moml.MoMLSimpleApplication@62239e13
----------------- Done invoking toplevel() on ptolemy.moml.MoMLSimpleApplication@62239e13
reloadAllAccessors: .ContinuousWithinContinuous

===========================================================================================
----------------- testing Wed Sep 26 02:45:08 UTC 2018 /home/travis/build/icyphy/ptII/ptolemy/domains/continuous/test/auto/ContinuousWithinContinuous2.xml
----------------- Instantiating /home/travis/build/icyphy/ptII/ptolemy/domains/continuous/test/auto/ContinuousWithinContinuous2.xml
105 ms. Memory: 423424K Free: 115687K (27%)
----------------- Invoking toplevel() on ptolemy.moml.MoMLSimpleApplication@5dff5675
----------------- Done invoking toplevel() on ptolemy.moml.MoMLSimpleApplication@5dff5675
reloadAllAccessors: .ContinuousWithinContinuous2

===========================================================================================
----------------- testing Wed Sep 26 02:45:08 UTC 2018 /home/travis/build/icyphy/ptII/ptolemy/domains/continuous/test/auto/ContinuousWithinContinuous3.xml
----------------- Instantiating /home/travis/build/icyphy/ptII/ptolemy/domains/continuous/test/auto/ContinuousWithinContinuous3.xml
20 ms. Memory: 423424K Free: 106549K (25%)
----------------- Invoking toplevel() on ptolemy.moml.MoMLSimpleApplication@630fa3a1
----------------- Done invoking toplevel() on ptolemy.moml.MoMLSimpleApplication@630fa3a1
reloadAllAccessors: .ContinuousWithinContinuous3

===========================================================================================
----------------- testing Wed Sep 26 02:45:08 UTC 2018 /home/travis/build/icyphy/ptII/ptolemy/domains/continuous/test/auto/ContinuousWithinContinuous4.xml
----------------- Instantiating /home/travis/build/icyphy/ptII/ptolemy/domains/continuous/test/auto/ContinuousWithinContinuous4.xml
88 ms. Memory: 423424K Free: 91867K (22%)
----------------- Invoking toplevel() on ptolemy.moml.MoMLSimpleApplication@55949c2a
----------------- Done invoking toplevel() on ptolemy.moml.MoMLSimpleApplication@55949c2a
reloadAllAccessors: .ContinuousWithinContinuous4

===========================================================================================
----------------- testing Wed Sep 26 02:45:08 UTC 2018 /home/travis/build/icyphy/ptII/ptolemy/domains/continuous/test/auto/ContinuousWithinContinuous5.xml
----------------- Instantiating /home/travis/build/icyphy/ptII/ptolemy/domains/continuous/test/auto/ContinuousWithinContinuous5.xml
17 ms. Memory: 423424K Free: 81747K (19%)
----------------- Invoking toplevel() on ptolemy.moml.MoMLSimpleApplication@6afa03b4
----------------- Done invoking toplevel() on ptolemy.moml.MoMLSimpleApplication@6afa03b4
reloadAllAccessors: .ContinuousWithinContinuous5

===========================================================================================
----------------- testing Wed Sep 26 02:45:08 UTC 2018 /home/travis/build/icyphy/ptII/ptolemy/domains/continuous/test/auto/ContinuousWithinContinuous6.xml
----------------- Instantiating /home/travis/build/icyphy/ptII/ptolemy/domains/continuous/test/auto/ContinuousWithinContinuous6.xml
14 ms. Memory: 423424K Free: 71619K (17%)
----------------- Invoking toplevel() on ptolemy.moml.MoMLSimpleApplication@750fe9cd
----------------- Done invoking toplevel() on ptolemy.moml.MoMLSimpleApplication@750fe9cd
reloadAllAccessors: .ContinuousWithinContinuous6

===========================================================================================
----------------- testing Wed Sep 26 02:45:08 UTC 2018 /home/travis/build/icyphy/ptII/ptolemy/domains/continuous/test/auto/ContinuousWithinContinuous7.xml
----------------- Instantiating /home/travis/build/icyphy/ptII/ptolemy/domains/continuous/test/auto/ContinuousWithinContinuous7.xml
70 ms. Memory: 408064K Free: 383821K (94%)
----------------- Invoking toplevel() on ptolemy.moml.MoMLSimpleApplication@77080dd1
----------------- Done invoking toplevel() on ptolemy.moml.MoMLSimpleApplication@77080dd1
reloadAllAccessors: .ContinuousWithinContinuous7

===========================================================================================
----------------- testing Wed Sep 26 02:45:08 UTC 2018 /home/travis/build/icyphy/ptII/ptolemy/domains/continuous/test/auto/DCMotor.xml
----------------- Instantiating /home/travis/build/icyphy/ptII/ptolemy/domains/continuous/test/auto/DCMotor.xml
13732 ms. Memory: 277504K Free: 76272K (27%)
----------------- Invoking toplevel() on ptolemy.moml.MoMLSimpleApplication@1b5addbe
----------------- Done invoking toplevel() on ptolemy.moml.MoMLSimpleApplication@1b5addbe
reloadAllAccessors: .DCMotor

===========================================================================================
----------------- testing Wed Sep 26 02:45:22 UTC 2018 /home/travis/build/icyphy/ptII/ptolemy/domains/continuous/test/auto/DEInContinuous.xml
----------------- Instantiating /home/travis/build/icyphy/ptII/ptolemy/domains/continuous/test/auto/DEInContinuous.xml
8 ms. Memory: 264704K Free: 244860K (93%)
----------------- Invoking toplevel() on ptolemy.moml.MoMLSimpleApplication@33810bd7
----------------- Done invoking toplevel() on ptolemy.moml.MoMLSimpleApplication@33810bd7
reloadAllAccessors: .DEInContinuous

===========================================================================================
----------------- testing Wed Sep 26 02:45:22 UTC 2018 /home/travis/build/icyphy/ptII/ptolemy/domains/continuous/test/auto/DEinContinuous2.xml
----------------- Instantiating /home/travis/build/icyphy/ptII/ptolemy/domains/continuous/test/auto/DEinContinuous2.xml
8 ms. Memory: 264704K Free: 232947K (88%)
----------------- Invoking toplevel() on ptolemy.moml.MoMLSimpleApplication@36e4cc3d
----------------- Done invoking toplevel() on ptolemy.moml.MoMLSimpleApplication@36e4cc3d
reloadAllAccessors: .DEinContinuous2

===========================================================================================
----------------- testing Wed Sep 26 02:45:22 UTC 2018 /home/travis/build/icyphy/ptII/ptolemy/domains/continuous/test/auto/Derivative.xml
----------------- Instantiating /home/travis/build/icyphy/ptII/ptolemy/domains/continuous/test/auto/Derivative.xml
181 ms. Memory: 264704K Free: 195368K (74%)
----------------- Invoking toplevel() on ptolemy.moml.MoMLSimpleApplication@4a47d07c
----------------- Done invoking toplevel() on ptolemy.moml.MoMLSimpleApplication@4a47d07c
reloadAllAccessors: .Derivative2

===========================================================================================
----------------- testing Wed Sep 26 02:45:22 UTC 2018 /home/travis/build/icyphy/ptII/ptolemy/domains/continuous/test/auto/Derivative1.xml
----------------- Instantiating /home/travis/build/icyphy/ptII/ptolemy/domains/continuous/test/auto/Derivative1.xml
29 ms. Memory: 264704K Free: 176295K (67%)
----------------- Invoking toplevel() on ptolemy.moml.MoMLSimpleApplication@63b552aa
----------------- Done invoking toplevel() on ptolemy.moml.MoMLSimpleApplication@63b552aa
reloadAllAccessors: .Derivative1

===========================================================================================
----------------- testing Wed Sep 26 02:45:22 UTC 2018 /home/travis/build/icyphy/ptII/ptolemy/domains/continuous/test/auto/DiscreteClock.xml
----------------- Instantiating /home/travis/build/icyphy/ptII/ptolemy/domains/continuous/test/auto/DiscreteClock.xml
6 ms. Memory: 264704K Free: 164383K (62%)
----------------- Invoking toplevel() on ptolemy.moml.MoMLSimpleApplication@14b50c4e
----------------- Done invoking toplevel() on ptolemy.moml.MoMLSimpleApplication@14b50c4e
reloadAllAccessors: .DiscreteClock

===========================================================================================
----------------- testing Wed Sep 26 02:45:22 UTC 2018 /home/travis/build/icyphy/ptII/ptolemy/domains/continuous/test/auto/EfficiencyCurve.xml
----------------- Instantiating /home/travis/build/icyphy/ptII/ptolemy/domains/continuous/test/auto/EfficiencyCurve.xml
76 ms. Memory: 264704K Free: 148984K (56%)
----------------- Invoking toplevel() on ptolemy.moml.MoMLSimpleApplication@cc992ad
----------------- Done invoking toplevel() on ptolemy.moml.MoMLSimpleApplication@cc992ad
reloadAllAccessors: .EfficiencyCurve

===========================================================================================
----------------- testing Wed Sep 26 02:45:23 UTC 2018 /home/travis/build/icyphy/ptII/ptolemy/domains/continuous/test/auto/ExponentialResponse.xml
----------------- Instantiating /home/travis/build/icyphy/ptII/ptolemy/domains/continuous/test/auto/ExponentialResponse.xml
128 ms. Memory: 264704K Free: 129755K (49%)
----------------- Invoking toplevel() on ptolemy.moml.MoMLSimpleApplication@66c36f1c
----------------- Done invoking toplevel() on ptolemy.moml.MoMLSimpleApplication@66c36f1c
reloadAllAccessors: .ExponentialResponse

===========================================================================================
----------------- testing Wed Sep 26 02:45:23 UTC 2018 /home/travis/build/icyphy/ptII/ptolemy/domains/continuous/test/auto/ExponentialResponseRK45.xml
----------------- Instantiating /home/travis/build/icyphy/ptII/ptolemy/domains/continuous/test/auto/ExponentialResponseRK45.xml
33 ms. Memory: 264704K Free: 119692K (45%)
----------------- Invoking toplevel() on ptolemy.moml.MoMLSimpleApplication@610c2c70
----------------- Done invoking toplevel() on ptolemy.moml.MoMLSimpleApplication@610c2c70
reloadAllAccessors: .ExponentialResponseRK45

===========================================================================================
----------------- testing Wed Sep 26 02:45:23 UTC 2018 /home/travis/build/icyphy/ptII/ptolemy/domains/continuous/test/auto/Friction.xml
----------------- Instantiating /home/travis/build/icyphy/ptII/ptolemy/domains/continuous/test/auto/Friction.xml
1621 ms. Memory: 246784K Free: 181387K (74%)
----------------- Invoking toplevel() on ptolemy.moml.MoMLSimpleApplication@6be92582
----------------- Done invoking toplevel() on ptolemy.moml.MoMLSimpleApplication@6be92582
reloadAllAccessors: .Friction

===========================================================================================
----------------- testing Wed Sep 26 02:45:24 UTC 2018 /home/travis/build/icyphy/ptII/ptolemy/domains/continuous/test/auto/FurutaPendulum.xml
----------------- Instantiating /home/travis/build/icyphy/ptII/ptolemy/domains/continuous/test/auto/FurutaPendulum.xml
2965 ms. Memory: 224256K Free: 130640K (58%)
----------------- Invoking toplevel() on ptolemy.moml.MoMLSimpleApplication@54edf275
----------------- Done invoking toplevel() on ptolemy.moml.MoMLSimpleApplication@54edf275
reloadAllAccessors: .FurutaPendulum

===========================================================================================
----------------- testing Wed Sep 26 02:45:28 UTC 2018 /home/travis/build/icyphy/ptII/ptolemy/domains/continuous/test/auto/HierarchicalExecution.xml
----------------- Instantiating /home/travis/build/icyphy/ptII/ptolemy/domains/continuous/test/auto/HierarchicalExecution.xml
2051 ms. Memory: 306176K Free: 232238K (76%)
----------------- Invoking toplevel() on ptolemy.moml.MoMLSimpleApplication@6cc05152
----------------- Done invoking toplevel() on ptolemy.moml.MoMLSimpleApplication@6cc05152
reloadAllAccessors: .HierarchicalExecution

===========================================================================================
----------------- testing Wed Sep 26 02:45:30 UTC 2018 /home/travis/build/icyphy/ptII/ptolemy/domains/continuous/test/auto/HybridPlant.xml
----------------- Instantiating /home/travis/build/icyphy/ptII/ptolemy/domains/continuous/test/auto/HybridPlant.xml
551 ms. Memory: 361984K Free: 232359K (64%)
----------------- Invoking toplevel() on ptolemy.moml.MoMLSimpleApplication@4b51b6c5
----------------- Done invoking toplevel() on ptolemy.moml.MoMLSimpleApplication@4b51b6c5
reloadAllAccessors: .HybridPlant

===========================================================================================
----------------- testing Wed Sep 26 02:45:31 UTC 2018 /home/travis/build/icyphy/ptII/ptolemy/domains/continuous/test/auto/Hysteresis.xml
----------------- Instantiating /home/travis/build/icyphy/ptII/ptolemy/domains/continuous/test/auto/Hysteresis.xml
168 ms. Memory: 361984K Free: 166064K (46%)
----------------- Invoking toplevel() on ptolemy.moml.MoMLSimpleApplication@3ffefae0
----------------- Done invoking toplevel() on ptolemy.moml.MoMLSimpleApplication@3ffefae0
reloadAllAccessors: .Hysteresis

===========================================================================================
----------------- testing Wed Sep 26 02:45:31 UTC 2018 /home/travis/build/icyphy/ptII/ptolemy/domains/continuous/test/auto/HysteresisWithRandomDelay.xml
----------------- Instantiating /home/travis/build/icyphy/ptII/ptolemy/domains/continuous/test/auto/HysteresisWithRandomDelay.xml
235 ms. Memory: 361984K Free: 86470K (24%)
----------------- Invoking toplevel() on ptolemy.moml.MoMLSimpleApplication@1798ec06
----------------- Done invoking toplevel() on ptolemy.moml.MoMLSimpleApplication@1798ec06
reloadAllAccessors: .HysteresisWithRandomDelay

===========================================================================================
----------------- testing Wed Sep 26 02:45:31 UTC 2018 /home/travis/build/icyphy/ptII/ptolemy/domains/continuous/test/auto/HysteresisWithRandomLosses.xml
----------------- Instantiating /home/travis/build/icyphy/ptII/ptolemy/domains/continuous/test/auto/HysteresisWithRandomLosses.xml
2793 ms. Memory: 519168K Free: 101362K (20%)
----------------- Invoking toplevel() on ptolemy.moml.MoMLSimpleApplication@3e115a8a
----------------- Done invoking toplevel() on ptolemy.moml.MoMLSimpleApplication@3e115a8a
reloadAllAccessors: .HysteresisWithRandomLosses

===========================================================================================
----------------- testing Wed Sep 26 02:45:34 UTC 2018 /home/travis/build/icyphy/ptII/ptolemy/domains/continuous/test/auto/ImmediateTransitions.xml
----------------- Instantiating /home/travis/build/icyphy/ptII/ptolemy/domains/continuous/test/auto/ImmediateTransitions.xml
19 ms. Memory: 519168K Free: 85448K (16%)
----------------- Invoking toplevel() on ptolemy.moml.MoMLSimpleApplication@5c6e94c2
----------------- Done invoking toplevel() on ptolemy.moml.MoMLSimpleApplication@5c6e94c2
reloadAllAccessors: .ImmediateTransitions

===========================================================================================
----------------- testing Wed Sep 26 02:45:34 UTC 2018 /home/travis/build/icyphy/ptII/ptolemy/domains/continuous/test/auto/ImpulseFeedback.xml
----------------- Instantiating /home/travis/build/icyphy/ptII/ptolemy/domains/continuous/test/auto/ImpulseFeedback.xml
11 ms. Memory: 519168K Free: 75886K (15%)
----------------- Invoking toplevel() on ptolemy.moml.MoMLSimpleApplication@5b2788a9
----------------- Done invoking toplevel() on ptolemy.moml.MoMLSimpleApplication@5b2788a9
reloadAllAccessors: .ImpulseFeedback

===========================================================================================
----------------- testing Wed Sep 26 02:45:34 UTC 2018 /home/travis/build/icyphy/ptII/ptolemy/domains/continuous/test/auto/ImpulseFeedback2.xml
----------------- Instantiating /home/travis/build/icyphy/ptII/ptolemy/domains/continuous/test/auto/ImpulseFeedback2.xml
8 ms. Memory: 519168K Free: 61947K (12%)
----------------- Invoking toplevel() on ptolemy.moml.MoMLSimpleApplication@6d5479c7
----------------- Done invoking toplevel() on ptolemy.moml.MoMLSimpleApplication@6d5479c7
reloadAllAccessors: .ImpulseFeedback2

===========================================================================================
----------------- testing Wed Sep 26 02:45:34 UTC 2018 /home/travis/build/icyphy/ptII/ptolemy/domains/continuous/test/auto/IncreasingRatePoisson.xml
----------------- Instantiating /home/travis/build/icyphy/ptII/ptolemy/domains/continuous/test/auto/IncreasingRatePoisson.xml
828 ms. Memory: 499200K Free: 162198K (32%)
----------------- Invoking toplevel() on ptolemy.moml.MoMLSimpleApplication@2468790
----------------- Done invoking toplevel() on ptolemy.moml.MoMLSimpleApplication@2468790
reloadAllAccessors: .IncreasingRatePoisson

===========================================================================================
----------------- testing Wed Sep 26 02:45:35 UTC 2018 /home/travis/build/icyphy/ptII/ptolemy/domains/continuous/test/auto/InitialStateFeedback.xml
----------------- Instantiating /home/travis/build/icyphy/ptII/ptolemy/domains/continuous/test/auto/InitialStateFeedback.xml
3 ms. Memory: 499200K Free: 150716K (30%)
----------------- Invoking toplevel() on ptolemy.moml.MoMLSimpleApplication@41b8e87f
----------------- Done invoking toplevel() on ptolemy.moml.MoMLSimpleApplication@41b8e87f
reloadAllAccessors: .InitialStateFeedback

===========================================================================================
----------------- testing Wed Sep 26 02:45:35 UTC 2018 /home/travis/build/icyphy/ptII/ptolemy/domains/continuous/test/auto/Integration.xml
----------------- Instantiating /home/travis/build/icyphy/ptII/ptolemy/domains/continuous/test/auto/Integration.xml
2 ms. Memory: 499200K Free: 144387K (29%)
----------------- Invoking toplevel() on ptolemy.moml.MoMLSimpleApplication@3e10d4f0
----------------- Done invoking toplevel() on ptolemy.moml.MoMLSimpleApplication@3e10d4f0
reloadAllAccessors: .Integration

===========================================================================================
----------------- testing Wed Sep 26 02:45:35 UTC 2018 /home/travis/build/icyphy/ptII/ptolemy/domains/continuous/test/auto/Integration2.xml
----------------- Instantiating /home/travis/build/icyphy/ptII/ptolemy/domains/continuous/test/auto/Integration2.xml
86 ms. Memory: 499200K Free: 126816K (25%)
----------------- Invoking toplevel() on ptolemy.moml.MoMLSimpleApplication@50cbbeeb
----------------- Done invoking toplevel() on ptolemy.moml.MoMLSimpleApplication@50cbbeeb
reloadAllAccessors: .Integration2

===========================================================================================
----------------- testing Wed Sep 26 02:45:35 UTC 2018 /home/travis/build/icyphy/ptII/ptolemy/domains/continuous/test/auto/Integration3.xml
----------------- Instantiating /home/travis/build/icyphy/ptII/ptolemy/domains/continuous/test/auto/Integration3.xml
2 ms. Memory: 499200K Free: 117592K (24%)
----------------- Invoking toplevel() on ptolemy.moml.MoMLSimpleApplication@51faa21f
----------------- Done invoking toplevel() on ptolemy.moml.MoMLSimpleApplication@51faa21f
reloadAllAccessors: .Integration3

===========================================================================================
----------------- testing Wed Sep 26 02:45:35 UTC 2018 /home/travis/build/icyphy/ptII/ptolemy/domains/continuous/test/auto/Integration5.xml
----------------- Instantiating /home/travis/build/icyphy/ptII/ptolemy/domains/continuous/test/auto/Integration5.xml
2 ms. Memory: 499200K Free: 108283K (22%)
----------------- Invoking toplevel() on ptolemy.moml.MoMLSimpleApplication@2c25db87
----------------- Done invoking toplevel() on ptolemy.moml.MoMLSimpleApplication@2c25db87
reloadAllAccessors: .Integration5

===========================================================================================
----------------- testing Wed Sep 26 02:45:35 UTC 2018 /home/travis/build/icyphy/ptII/ptolemy/domains/continuous/test/auto/IntegratorImpulse.xml
----------------- Instantiating /home/travis/build/icyphy/ptII/ptolemy/domains/continuous/test/auto/IntegratorImpulse.xml
2 ms. Memory: 499200K Free: 101869K (20%)
----------------- Invoking toplevel() on ptolemy.moml.MoMLSimpleApplication@3c313fda
----------------- Done invoking toplevel() on ptolemy.moml.MoMLSimpleApplication@3c313fda
reloadAllAccessors: .IntegratorImpulse

===========================================================================================
----------------- testing Wed Sep 26 02:45:35 UTC 2018 /home/travis/build/icyphy/ptII/ptolemy/domains/continuous/test/auto/IntegratorImpulse2.xml
----------------- Instantiating /home/travis/build/icyphy/ptII/ptolemy/domains/continuous/test/auto/IntegratorImpulse2.xml
4 ms. Memory: 499200K Free: 92654K (19%)
----------------- Invoking toplevel() on ptolemy.moml.MoMLSimpleApplication@4e94f86e
----------------- Done invoking toplevel() on ptolemy.moml.MoMLSimpleApplication@4e94f86e
reloadAllAccessors: .IntegratorImpulse2

===========================================================================================
----------------- testing Wed Sep 26 02:45:35 UTC 2018 /home/travis/build/icyphy/ptII/ptolemy/domains/continuous/test/auto/LevelCrossing1.xml
----------------- Instantiating /home/travis/build/icyphy/ptII/ptolemy/domains/continuous/test/auto/LevelCrossing1.xml
3 ms. Memory: 499200K Free: 83455K (17%)
----------------- Invoking toplevel() on ptolemy.moml.MoMLSimpleApplication@4160a43
----------------- Done invoking toplevel() on ptolemy.moml.MoMLSimpleApplication@4160a43
reloadAllAccessors: .LevelCrossing1

===========================================================================================
----------------- testing Wed Sep 26 02:45:35 UTC 2018 /home/travis/build/icyphy/ptII/ptolemy/domains/continuous/test/auto/LevelCrossing2.xml
----------------- Instantiating /home/travis/build/icyphy/ptII/ptolemy/domains/continuous/test/auto/LevelCrossing2.xml
3 ms. Memory: 499200K Free: 74240K (15%)
----------------- Invoking toplevel() on ptolemy.moml.MoMLSimpleApplication@6e49ab5c
----------------- Done invoking toplevel() on ptolemy.moml.MoMLSimpleApplication@6e49ab5c
reloadAllAccessors: .LevelCrossing2

===========================================================================================
----------------- testing Wed Sep 26 02:45:35 UTC 2018 /home/travis/build/icyphy/ptII/ptolemy/domains/continuous/test/auto/LevelCrossing3.xml
----------------- Instantiating /home/travis/build/icyphy/ptII/ptolemy/domains/continuous/test/auto/LevelCrossing3.xml
3 ms. Memory: 499200K Free: 65024K (13%)
----------------- Invoking toplevel() on ptolemy.moml.MoMLSimpleApplication@9b8166f
----------------- Done invoking toplevel() on ptolemy.moml.MoMLSimpleApplication@9b8166f
reloadAllAccessors: .LevelCrossing3

===========================================================================================
----------------- testing Wed Sep 26 02:45:35 UTC 2018 /home/travis/build/icyphy/ptII/ptolemy/domains/continuous/test/auto/LevelCrossing4.xml
----------------- Instantiating /home/travis/build/icyphy/ptII/ptolemy/domains/continuous/test/auto/LevelCrossing4.xml
3 ms. Memory: 499200K Free: 55809K (11%)
----------------- Invoking toplevel() on ptolemy.moml.MoMLSimpleApplication@7a8cd8d
----------------- Done invoking toplevel() on ptolemy.moml.MoMLSimpleApplication@7a8cd8d
reloadAllAccessors: .LevelCrossing4

===========================================================================================
----------------- testing Wed Sep 26 02:45:35 UTC 2018 /home/travis/build/icyphy/ptII/ptolemy/domains/continuous/test/auto/LevelCrossing5.xml
----------------- Instantiating /home/travis/build/icyphy/ptII/ptolemy/domains/continuous/test/auto/LevelCrossing5.xml
11 ms. Memory: 484864K Free: 450730K (93%)
----------------- Invoking toplevel() on ptolemy.moml.MoMLSimpleApplication@3009f0b6
----------------- Done invoking toplevel() on ptolemy.moml.MoMLSimpleApplication@3009f0b6
reloadAllAccessors: .LevelCrossing5

===========================================================================================
----------------- testing Wed Sep 26 02:45:35 UTC 2018 /home/travis/build/icyphy/ptII/ptolemy/domains/continuous/test/auto/LevelCrossing6.xml
----------------- Instantiating /home/travis/build/icyphy/ptII/ptolemy/domains/continuous/test/auto/LevelCrossing6.xml
3 ms. Memory: 484864K Free: 440521K (91%)
[...]
reloadAllAccessors: .ResetTransitionWithStartTime5

===========================================================================================
----------------- testing Wed Sep 26 02:45:53 UTC 2018 /home/travis/build/icyphy/ptII/ptolemy/domains/continuous/test/auto/ResetTransitionWithStartTime6.xml
----------------- Instantiating /home/travis/build/icyphy/ptII/ptolemy/domains/continuous/test/auto/ResetTransitionWithStartTime6.xml
32 ms. Memory: 302592K Free: 73556K (24%)
----------------- Invoking toplevel() on ptolemy.moml.MoMLSimpleApplication@7dcbd473
----------------- Done invoking toplevel() on ptolemy.moml.MoMLSimpleApplication@7dcbd473
reloadAllAccessors: .ResetTransitionWithStartTime6

===========================================================================================
----------------- testing Wed Sep 26 02:45:53 UTC 2018 /home/travis/build/icyphy/ptII/ptolemy/domains/continuous/test/auto/SRinContinuous.xml
----------------- Instantiating /home/travis/build/icyphy/ptII/ptolemy/domains/continuous/test/auto/SRinContinuous.xml
7 ms. Memory: 302592K Free: 63735K (21%)
----------------- Invoking toplevel() on ptolemy.moml.MoMLSimpleApplication@5b64b1ee
----------------- Done invoking toplevel() on ptolemy.moml.MoMLSimpleApplication@5b64b1ee
reloadAllAccessors: .SRinContinuous

===========================================================================================
----------------- testing Wed Sep 26 02:45:53 UTC 2018 /home/travis/build/icyphy/ptII/ptolemy/domains/continuous/test/auto/SampledClocks.xml
----------------- Instantiating /home/travis/build/icyphy/ptII/ptolemy/domains/continuous/test/auto/SampledClocks.xml
4 ms. Memory: 302592K Free: 52476K (17%)
----------------- Invoking toplevel() on ptolemy.moml.MoMLSimpleApplication@a756ab7
----------------- Done invoking toplevel() on ptolemy.moml.MoMLSimpleApplication@a756ab7
reloadAllAccessors: .SampledClocks

===========================================================================================
----------------- testing Wed Sep 26 02:45:53 UTC 2018 /home/travis/build/icyphy/ptII/ptolemy/domains/continuous/test/auto/Satellite.xml
----------------- Instantiating /home/travis/build/icyphy/ptII/ptolemy/domains/continuous/test/auto/Satellite.xml
691 ms. Memory: 298496K Free: 91718K (31%)
----------------- Invoking toplevel() on ptolemy.moml.MoMLSimpleApplication@13c78b91
----------------- Done invoking toplevel() on ptolemy.moml.MoMLSimpleApplication@13c78b91
reloadAllAccessors: .Satellite

===========================================================================================
----------------- testing Wed Sep 26 02:45:54 UTC 2018 /home/travis/build/icyphy/ptII/ptolemy/domains/continuous/test/auto/SigmaDelta.xml
----------------- Instantiating /home/travis/build/icyphy/ptII/ptolemy/domains/continuous/test/auto/SigmaDelta.xml
2578 ms. Memory: 388608K Free: 269356K (69%)
----------------- Invoking toplevel() on ptolemy.moml.MoMLSimpleApplication@ea1a53
----------------- Done invoking toplevel() on ptolemy.moml.MoMLSimpleApplication@ea1a53
reloadAllAccessors: .SigmaDelta

===========================================================================================
----------------- testing Wed Sep 26 02:45:57 UTC 2018 /home/travis/build/icyphy/ptII/ptolemy/domains/continuous/test/auto/SinuBouncingBall.xml
----------------- Instantiating /home/travis/build/icyphy/ptII/ptolemy/domains/continuous/test/auto/SinuBouncingBall.xml
715 ms. Memory: 388608K Free: 46866K (12%)
----------------- Invoking toplevel() on ptolemy.moml.MoMLSimpleApplication@30b4f9b7
----------------- Done invoking toplevel() on ptolemy.moml.MoMLSimpleApplication@30b4f9b7
reloadAllAccessors: .SinuBouncingBall

===========================================================================================
----------------- testing Wed Sep 26 02:45:58 UTC 2018 /home/travis/build/icyphy/ptII/ptolemy/domains/continuous/test/auto/Sinusoid.xml
----------------- Instantiating /home/travis/build/icyphy/ptII/ptolemy/domains/continuous/test/auto/Sinusoid.xml
5 ms. Memory: 388608K Free: 39769K (10%)
----------------- Invoking toplevel() on ptolemy.moml.MoMLSimpleApplication@4409225b
----------------- Done invoking toplevel() on ptolemy.moml.MoMLSimpleApplication@4409225b
reloadAllAccessors: .Sinusoid

===========================================================================================
----------------- testing Wed Sep 26 02:45:58 UTC 2018 /home/travis/build/icyphy/ptII/ptolemy/domains/continuous/test/auto/SinusoidInNoise.xml
----------------- Instantiating /home/travis/build/icyphy/ptII/ptolemy/domains/continuous/test/auto/SinusoidInNoise.xml
881 ms. Memory: 451584K Free: 208514K (46%)
----------------- Invoking toplevel() on ptolemy.moml.MoMLSimpleApplication@467599ae
----------------- Done invoking toplevel() on ptolemy.moml.MoMLSimpleApplication@467599ae
reloadAllAccessors: .SinusoidInNoise

===========================================================================================
----------------- testing Wed Sep 26 02:45:59 UTC 2018 /home/travis/build/icyphy/ptII/ptolemy/domains/continuous/test/auto/SinusoidRK45.xml
----------------- Instantiating /home/travis/build/icyphy/ptII/ptolemy/domains/continuous/test/auto/SinusoidRK45.xml
2 ms. Memory: 451584K Free: 201240K (45%)
----------------- Invoking toplevel() on ptolemy.moml.MoMLSimpleApplication@5b64fc1e
----------------- Done invoking toplevel() on ptolemy.moml.MoMLSimpleApplication@5b64fc1e
reloadAllAccessors: .SinusoidRK45

===========================================================================================
----------------- testing Wed Sep 26 02:45:59 UTC 2018 /home/travis/build/icyphy/ptII/ptolemy/domains/continuous/test/auto/SinusoidWithMultipleImpulses.xml
----------------- Instantiating /home/travis/build/icyphy/ptII/ptolemy/domains/continuous/test/auto/SinusoidWithMultipleImpulses.xml
3 ms. Memory: 451584K Free: 192958K (43%)
----------------- Invoking toplevel() on ptolemy.moml.MoMLSimpleApplication@34c43529
----------------- Done invoking toplevel() on ptolemy.moml.MoMLSimpleApplication@34c43529
reloadAllAccessors: .SinusoidWithMultipleImpulses

===========================================================================================
----------------- testing Wed Sep 26 02:45:59 UTC 2018 /home/travis/build/icyphy/ptII/ptolemy/domains/continuous/test/auto/SquareWave.xml
----------------- Instantiating /home/travis/build/icyphy/ptII/ptolemy/domains/continuous/test/auto/SquareWave.xml
194 ms. Memory: 451584K Free: 164917K (37%)
----------------- Invoking toplevel() on ptolemy.moml.MoMLSimpleApplication@193f4504
----------------- Done invoking toplevel() on ptolemy.moml.MoMLSimpleApplication@193f4504
reloadAllAccessors: .SquareWave

===========================================================================================
----------------- testing Wed Sep 26 02:45:59 UTC 2018 /home/travis/build/icyphy/ptII/ptolemy/domains/continuous/test/auto/Starmac.xml
----------------- Instantiating /home/travis/build/icyphy/ptII/ptolemy/domains/continuous/test/auto/Starmac.xml
3068 ms. Memory: 527360K Free: 244658K (46%)
----------------- Invoking toplevel() on ptolemy.moml.MoMLSimpleApplication@56472bd2
----------------- Done invoking toplevel() on ptolemy.moml.MoMLSimpleApplication@56472bd2
reloadAllAccessors: .Starmac

===========================================================================================
----------------- testing Wed Sep 26 02:46:02 UTC 2018 /home/travis/build/icyphy/ptII/ptolemy/domains/continuous/test/auto/StaticUnits.xml
----------------- Instantiating /home/travis/build/icyphy/ptII/ptolemy/domains/continuous/test/auto/StaticUnits.xml
2013 ms. Memory: 508928K Free: 220686K (43%)
----------------- Invoking toplevel() on ptolemy.moml.MoMLSimpleApplication@55a8689
----------------- Done invoking toplevel() on ptolemy.moml.MoMLSimpleApplication@55a8689
reloadAllAccessors: .StaticUnits

===========================================================================================
----------------- testing Wed Sep 26 02:46:05 UTC 2018 /home/travis/build/icyphy/ptII/ptolemy/domains/continuous/test/auto/StickyMasses.xml
----------------- Instantiating /home/travis/build/icyphy/ptII/ptolemy/domains/continuous/test/auto/StickyMasses.xml
146 ms. Memory: 508928K Free: 161220K (32%)
----------------- Invoking toplevel() on ptolemy.moml.MoMLSimpleApplication@2e55a6c0
----------------- Done invoking toplevel() on ptolemy.moml.MoMLSimpleApplication@2e55a6c0
reloadAllAccessors: .StickyMasses

===========================================================================================
----------------- testing Wed Sep 26 02:46:05 UTC 2018 /home/travis/build/icyphy/ptII/ptolemy/domains/continuous/test/auto/StopTime.xml
----------------- Instantiating /home/travis/build/icyphy/ptII/ptolemy/domains/continuous/test/auto/StopTime.xml
50 ms. Memory: 508928K Free: 132082K (26%)
----------------- Invoking toplevel() on ptolemy.moml.MoMLSimpleApplication@4b000941
----------------- Done invoking toplevel() on ptolemy.moml.MoMLSimpleApplication@4b000941
reloadAllAccessors: .StopTime

===========================================================================================
----------------- testing Wed Sep 26 02:46:05 UTC 2018 /home/travis/build/icyphy/ptII/ptolemy/domains/continuous/test/auto/StopTime2.xml
----------------- Instantiating /home/travis/build/icyphy/ptII/ptolemy/domains/continuous/test/auto/StopTime2.xml
43 ms. Memory: 508928K Free: 105842K (21%)
----------------- Invoking toplevel() on ptolemy.moml.MoMLSimpleApplication@7dcd0f6c
----------------- Done invoking toplevel() on ptolemy.moml.MoMLSimpleApplication@7dcd0f6c
reloadAllAccessors: .StopTime2

===========================================================================================
----------------- testing Wed Sep 26 02:46:05 UTC 2018 /home/travis/build/icyphy/ptII/ptolemy/domains/continuous/test/auto/Switch.xml
----------------- Instantiating /home/travis/build/icyphy/ptII/ptolemy/domains/continuous/test/auto/Switch.xml
62 ms. Memory: 508928K Free: 76681K (15%)
----------------- Invoking toplevel() on ptolemy.moml.MoMLSimpleApplication@48112edd
----------------- Done invoking toplevel() on ptolemy.moml.MoMLSimpleApplication@48112edd
reloadAllAccessors: .Switch

===========================================================================================
----------------- testing Wed Sep 26 02:46:05 UTC 2018 /home/travis/build/icyphy/ptII/ptolemy/domains/continuous/test/auto/Thermostat.xml
----------------- Instantiating /home/travis/build/icyphy/ptII/ptolemy/domains/continuous/test/auto/Thermostat.xml
339 ms. Memory: 451584K Free: 428107K (95%)
----------------- Invoking toplevel() on ptolemy.moml.MoMLSimpleApplication@10f7cbb7
----------------- Done invoking toplevel() on ptolemy.moml.MoMLSimpleApplication@10f7cbb7
reloadAllAccessors: .Thermostat

===========================================================================================
----------------- testing Wed Sep 26 02:46:06 UTC 2018 /home/travis/build/icyphy/ptII/ptolemy/domains/continuous/test/auto/TimeDelay.xml
----------------- Instantiating /home/travis/build/icyphy/ptII/ptolemy/domains/continuous/test/auto/TimeDelay.xml
7 ms. Memory: 451584K Free: 417637K (92%)
----------------- Invoking toplevel() on ptolemy.moml.MoMLSimpleApplication@dbc04ff
----------------- Done invoking toplevel() on ptolemy.moml.MoMLSimpleApplication@dbc04ff
reloadAllAccessors: .TimeDelay

===========================================================================================
----------------- testing Wed Sep 26 02:46:06 UTC 2018 /home/travis/build/icyphy/ptII/ptolemy/domains/continuous/test/auto/TimeDelay2.xml
----------------- Instantiating /home/travis/build/icyphy/ptII/ptolemy/domains/continuous/test/auto/TimeDelay2.xml
9 ms. Memory: 451584K Free: 403249K (89%)
----------------- Invoking toplevel() on ptolemy.moml.MoMLSimpleApplication@55933310
----------------- Done invoking toplevel() on ptolemy.moml.MoMLSimpleApplication@55933310
reloadAllAccessors: .TimeDelay2

===========================================================================================
----------------- testing Wed Sep 26 02:46:06 UTC 2018 /home/travis/build/icyphy/ptII/ptolemy/domains/continuous/test/auto/TimeDelay3.xml
----------------- Instantiating /home/travis/build/icyphy/ptII/ptolemy/domains/continuous/test/auto/TimeDelay3.xml
4 ms. Memory: 451584K Free: 394227K (87%)
----------------- Invoking toplevel() on ptolemy.moml.MoMLSimpleApplication@71701a6b
----------------- Done invoking toplevel() on ptolemy.moml.MoMLSimpleApplication@71701a6b
reloadAllAccessors: .TimeDelay3

===========================================================================================
----------------- testing Wed Sep 26 02:46:06 UTC 2018 /home/travis/build/icyphy/ptII/ptolemy/domains/continuous/test/auto/TransferAbsentToInside.xml
----------------- Instantiating /home/travis/build/icyphy/ptII/ptolemy/domains/continuous/test/auto/TransferAbsentToInside.xml
29 ms. Memory: 451584K Free: 336841K (75%)
----------------- Invoking toplevel() on ptolemy.moml.MoMLSimpleApplication@43b62185
----------------- Done invoking toplevel() on ptolemy.moml.MoMLSimpleApplication@43b62185
reloadAllAccessors: .TransferAbsentToInside

===========================================================================================
----------------- testing Wed Sep 26 02:46:06 UTC 2018 /home/travis/build/icyphy/ptII/ptolemy/domains/continuous/test/auto/Transmission.xml
----------------- Instantiating /home/travis/build/icyphy/ptII/ptolemy/domains/continuous/test/auto/Transmission.xml
894 ms. Memory: 451584K Free: 99099K (22%)
----------------- Invoking toplevel() on ptolemy.moml.MoMLSimpleApplication@344ac78b
----------------- Done invoking toplevel() on ptolemy.moml.MoMLSimpleApplication@344ac78b
reloadAllAccessors: .Transmission

===========================================================================================
----------------- testing Wed Sep 26 02:46:07 UTC 2018 /home/travis/build/icyphy/ptII/ptolemy/domains/continuous/test/auto/TriggeredContinuousClock.xml
----------------- Instantiating /home/travis/build/icyphy/ptII/ptolemy/domains/continuous/test/auto/TriggeredContinuousClock.xml
43 ms. Memory: 451584K Free: 63184K (14%)
----------------- Invoking toplevel() on ptolemy.moml.MoMLSimpleApplication@71f7dbd5
----------------- Done invoking toplevel() on ptolemy.moml.MoMLSimpleApplication@71f7dbd5
reloadAllAccessors: .TriggeredContinuousClock

===========================================================================================
----------------- testing Wed Sep 26 02:46:07 UTC 2018 /home/travis/build/icyphy/ptII/ptolemy/domains/continuous/test/auto/TwoMachineInfiniteBusControl.xml
----------------- Instantiating /home/travis/build/icyphy/ptII/ptolemy/domains/continuous/test/auto/TwoMachineInfiniteBusControl.xml
2575 ms. Memory: 416256K Free: 257195K (62%)
----------------- Invoking toplevel() on ptolemy.moml.MoMLSimpleApplication@5a89e119
----------------- Done invoking toplevel() on ptolemy.moml.MoMLSimpleApplication@5a89e119
reloadAllAccessors: .TwoMachineInfiniteBusControl

===========================================================================================
----------------- testing Wed Sep 26 02:46:10 UTC 2018 /home/travis/build/icyphy/ptII/ptolemy/domains/continuous/test/auto/V2V.xml
----------------- Instantiating /home/travis/build/icyphy/ptII/ptolemy/domains/continuous/test/auto/V2V.xml
808 ms. Memory: 416256K Free: 56590K (14%)
----------------- Invoking toplevel() on ptolemy.moml.MoMLSimpleApplication@73e10ca8
----------------- Done invoking toplevel() on ptolemy.moml.MoMLSimpleApplication@73e10ca8
reloadAllAccessors: .V2V

===========================================================================================
----------------- testing Wed Sep 26 02:46:11 UTC 2018 /home/travis/build/icyphy/ptII/ptolemy/domains/continuous/test/auto/hierarchicalModalModel.xml
----------------- Instantiating /home/travis/build/icyphy/ptII/ptolemy/domains/continuous/test/auto/hierarchicalModalModel.xml
7 ms. Memory: 416256K Free: 38502K (9%)
----------------- Invoking toplevel() on ptolemy.moml.MoMLSimpleApplication@282e197
----------------- Done invoking toplevel() on ptolemy.moml.MoMLSimpleApplication@282e197
reloadAllAccessors: .hierarchicalModalModel

===========================================================================================
----------------- testing Wed Sep 26 02:46:11 UTC 2018 /home/travis/build/icyphy/ptII/ptolemy/domains/continuous/test/auto/hierarchicalModalModel1.xml
----------------- Instantiating /home/travis/build/icyphy/ptII/ptolemy/domains/continuous/test/auto/hierarchicalModalModel1.xml
14 ms. Memory: 398848K Free: 368186K (92%)
----------------- Invoking toplevel() on ptolemy.moml.MoMLSimpleApplication@47eacbd9
----------------- Done invoking toplevel() on ptolemy.moml.MoMLSimpleApplication@47eacbd9
reloadAllAccessors: .hierarchicalModalModel1

===========================================================================================
----------------- testing Wed Sep 26 02:46:11 UTC 2018 /home/travis/build/icyphy/ptII/ptolemy/domains/continuous/test/auto/hierarchicalModalModel2.xml
----------------- Instantiating /home/travis/build/icyphy/ptII/ptolemy/domains/continuous/test/auto/hierarchicalModalModel2.xml
7 ms. Memory: 398848K Free: 350836K (88%)
----------------- Invoking toplevel() on ptolemy.moml.MoMLSimpleApplication@323f890c
----------------- Done invoking toplevel() on ptolemy.moml.MoMLSimpleApplication@323f890c
reloadAllAccessors: .hierarchicalModalModel2

===========================================================================================
----------------- testing Wed Sep 26 02:46:11 UTC 2018 /home/travis/build/icyphy/ptII/ptolemy/domains/continuous/test/auto/hierarchicalModalModel3.xml
----------------- Instantiating /home/travis/build/icyphy/ptII/ptolemy/domains/continuous/test/auto/hierarchicalModalModel3.xml
6 ms. Memory: 398848K Free: 338235K (85%)
----------------- Invoking toplevel() on ptolemy.moml.MoMLSimpleApplication@45a73075
----------------- Done invoking toplevel() on ptolemy.moml.MoMLSimpleApplication@45a73075
reloadAllAccessors: .hierarchicalModalModel3

===========================================================================================
----------------- testing Wed Sep 26 02:46:11 UTC 2018 /home/travis/build/icyphy/ptII/ptolemy/domains/continuous/test/auto/hierarchicalModalModel4.xml
----------------- Instantiating /home/travis/build/icyphy/ptII/ptolemy/domains/continuous/test/auto/hierarchicalModalModel4.xml
8 ms. Memory: 398848K Free: 323287K (81%)
----------------- Invoking toplevel() on ptolemy.moml.MoMLSimpleApplication@2bbf75fc
----------------- Done invoking toplevel() on ptolemy.moml.MoMLSimpleApplication@2bbf75fc
reloadAllAccessors: .hierarchicalModalModel4

===========================================================================================
----------------- testing Wed Sep 26 02:46:11 UTC 2018 /home/travis/build/icyphy/ptII/ptolemy/domains/continuous/test/auto/junk.xml
----------------- Instantiating /home/travis/build/icyphy/ptII/ptolemy/domains/continuous/test/auto/junk.xml
167 ms. Memory: 398848K Free: 287318K (72%)
----------------- Invoking toplevel() on ptolemy.moml.MoMLSimpleApplication@194f2c9d
----------------- Done invoking toplevel() on ptolemy.moml.MoMLSimpleApplication@194f2c9d
reloadAllAccessors: .junk
AutoTests.java: About to close Vertx.
AutoTests.java: Vertx closed.
]]></system-out>
  <system-err><![CDATA[Warning: '.HysteresisWithRandomDelay.NonStrictTest3' The test produced only 27 tokens, yet the correctValues parameter was expecting 30 tokens.
Warning: '.IncreasingRatePoisson.NonStrictTest' The test produced only 387 tokens, yet the correctValues parameter was expecting 402 tokens.
]]></system-err>
</testsuite>
