<?xml version="1.0" encoding="UTF-8" ?>
<testsuite errors="0" failures="0" hostname="travis-job-e0f615fd-b4e6-49bf-9331-fe6832a707b0" name="ptolemy.domains.de.test.junit.JUnitTclTest" skipped="0" tests="101" time="121.86" timestamp="2020-02-27T07:03:02">
  <properties>
[...]
</properties>
  <testcase classname="ptolemy.util.test.junit.TclTests" name="[0] /home/travis/build/icyphy/ptII/ptolemy/domains/de/test/DependencyLoop.tcl (RunTclFile)" time="1.002" />
  <testcase classname="ptolemy.util.test.junit.TclTests" name="[1] /home/travis/build/icyphy/ptII/ptolemy/domains/de/test/RunDETestsAsQSS.tcl (RunTclFile)" time="82.1" />
  <testcase classname="ptolemy.util.test.junit.AutoKnownFailedTests" name="[0] /home/travis/build/icyphy/ptII/ptolemy/domains/de/test/auto/knownFailedTests/DESDFClockTest.xml (RunModel)" time="2.066" />
  <testcase classname="ptolemy.util.test.junit.AutoKnownFailedTests" name="[1] /home/travis/build/icyphy/ptII/ptolemy/domains/de/test/auto/knownFailedTests/DirectFeedback.xml (RunModel)" time="0.027" />
  <testcase classname="ptolemy.util.test.junit.AutoKnownFailedTests" name="[2] /home/travis/build/icyphy/ptII/ptolemy/domains/de/test/auto/knownFailedTests/FSMSource.xml (RunModel)" time="0.026" />
  <testcase classname="ptolemy.util.test.junit.AutoKnownFailedTests" name="[3] /home/travis/build/icyphy/ptII/ptolemy/domains/de/test/auto/knownFailedTests/HierarchicalModel.xml (RunModel)" time="0.039" />
  <testcase classname="ptolemy.util.test.junit.AutoKnownFailedTests" name="[4] /home/travis/build/icyphy/ptII/ptolemy/domains/de/test/auto/knownFailedTests/dependencyLoop.xml (RunModel)" time="0.033" />
  <testcase classname="ptolemy.util.test.junit.AutoKnownFailedTests" name="[5] /home/travis/build/icyphy/ptII/ptolemy/domains/de/test/auto/knownFailedTests/dependencyLoop2.xml (RunModel)" time="0.048" />
  <testcase classname="ptolemy.util.test.junit.AutoNameArchTests" name="[0] ThereAreNoAutoArchTests (RunModel)" time="0.001" />
  <testcase classname="ptolemy.util.test.junit.AutoTests" name="[0] /home/travis/build/icyphy/ptII/ptolemy/domains/de/test/auto/ActorDepthCalculation_actorWithoutPorts.xml (RunModel)" time="0.02" />
  <testcase classname="ptolemy.util.test.junit.AutoTests" name="[1] /home/travis/build/icyphy/ptII/ptolemy/domains/de/test/auto/AssemblyLine.xml (RunModel)" time="0.026" />
  <testcase classname="ptolemy.util.test.junit.AutoTests" name="[2] /home/travis/build/icyphy/ptII/ptolemy/domains/de/test/auto/CQBug1.xml (RunModel)" time="0.014" />
  <testcase classname="ptolemy.util.test.junit.AutoTests" name="[3] /home/travis/build/icyphy/ptII/ptolemy/domains/de/test/auto/CancelFireAt.xml (RunModel)" time="0.016" />
  <testcase classname="ptolemy.util.test.junit.AutoTests" name="[4] /home/travis/build/icyphy/ptII/ptolemy/domains/de/test/auto/CausalityAndComposabilityAnalysis.xml (RunModel)" time="0.01" />
  <testcase classname="ptolemy.util.test.junit.AutoTests" name="[5] /home/travis/build/icyphy/ptII/ptolemy/domains/de/test/auto/CausalityInterface1.xml (RunModel)" time="0.018" />
  <testcase classname="ptolemy.util.test.junit.AutoTests" name="[6] /home/travis/build/icyphy/ptII/ptolemy/domains/de/test/auto/CausalityInterface15.xml (RunModel)" time="0.014" />
  <testcase classname="ptolemy.util.test.junit.AutoTests" name="[7] /home/travis/build/icyphy/ptII/ptolemy/domains/de/test/auto/CausalityInterface2.xml (RunModel)" time="0.011" />
  <testcase classname="ptolemy.util.test.junit.AutoTests" name="[8] /home/travis/build/icyphy/ptII/ptolemy/domains/de/test/auto/CausalityInterface3.xml (RunModel)" time="0.01" />
  <testcase classname="ptolemy.util.test.junit.AutoTests" name="[9] /home/travis/build/icyphy/ptII/ptolemy/domains/de/test/auto/ClockDrift.xml (RunModel)" time="0.038" />
  <testcase classname="ptolemy.util.test.junit.AutoTests" name="[10] /home/travis/build/icyphy/ptII/ptolemy/domains/de/test/auto/ClockDriftAndValueChange.xml (RunModel)" time="0.028" />
  <testcase classname="ptolemy.util.test.junit.AutoTests" name="[11] /home/travis/build/icyphy/ptII/ptolemy/domains/de/test/auto/ClockDriftChange.xml (RunModel)" time="0.035" />
  <testcase classname="ptolemy.util.test.junit.AutoTests" name="[12] /home/travis/build/icyphy/ptII/ptolemy/domains/de/test/auto/ComposableCausalityAnalysis.xml (RunModel)" time="0.02" />
  <testcase classname="ptolemy.util.test.junit.AutoTests" name="[13] /home/travis/build/icyphy/ptII/ptolemy/domains/de/test/auto/DEFixedPointLimitation.xml (RunModel)" time="0.012" />
  <testcase classname="ptolemy.util.test.junit.AutoTests" name="[14] /home/travis/build/icyphy/ptII/ptolemy/domains/de/test/auto/DEScheduleTest.xml (RunModel)" time="0.013" />
  <testcase classname="ptolemy.util.test.junit.AutoTests" name="[15] /home/travis/build/icyphy/ptII/ptolemy/domains/de/test/auto/DEinDEwithStartTimes.xml (RunModel)" time="0.014" />
  <testcase classname="ptolemy.util.test.junit.AutoTests" name="[16] /home/travis/build/icyphy/ptII/ptolemy/domains/de/test/auto/DEinDEwithStartTimes2.xml (RunModel)" time="0.021" />
  <testcase classname="ptolemy.util.test.junit.AutoTests" name="[17] /home/travis/build/icyphy/ptII/ptolemy/domains/de/test/auto/DateDemo.xml (RunModel)" time="0.026" />
  <testcase classname="ptolemy.util.test.junit.AutoTests" name="[18] /home/travis/build/icyphy/ptII/ptolemy/domains/de/test/auto/DateToEvent.xml (RunModel)" time="2.041" />
  <testcase classname="ptolemy.util.test.junit.AutoTests" name="[19] /home/travis/build/icyphy/ptII/ptolemy/domains/de/test/auto/DepthTest1.xml (RunModel)" time="0.011" />
  <testcase classname="ptolemy.util.test.junit.AutoTests" name="[20] /home/travis/build/icyphy/ptII/ptolemy/domains/de/test/auto/DepthTest2.xml (RunModel)" time="0.019" />
  <testcase classname="ptolemy.util.test.junit.AutoTests" name="[21] /home/travis/build/icyphy/ptII/ptolemy/domains/de/test/auto/DepthTest3.xml (RunModel)" time="0.007" />
  <testcase classname="ptolemy.util.test.junit.AutoTests" name="[22] /home/travis/build/icyphy/ptII/ptolemy/domains/de/test/auto/DepthTest4.xml (RunModel)" time="0.02" />
  <testcase classname="ptolemy.util.test.junit.AutoTests" name="[23] /home/travis/build/icyphy/ptII/ptolemy/domains/de/test/auto/DepthTest5.xml (RunModel)" time="0.013" />
  <testcase classname="ptolemy.util.test.junit.AutoTests" name="[24] /home/travis/build/icyphy/ptII/ptolemy/domains/de/test/auto/DepthTest6.xml (RunModel)" time="0.013" />
  <testcase classname="ptolemy.util.test.junit.AutoTests" name="[25] /home/travis/build/icyphy/ptII/ptolemy/domains/de/test/auto/DepthTest7.xml (RunModel)" time="0.012" />
  <testcase classname="ptolemy.util.test.junit.AutoTests" name="[26] /home/travis/build/icyphy/ptII/ptolemy/domains/de/test/auto/EventToDate.xml (RunModel)" time="3.047" />
  <testcase classname="ptolemy.util.test.junit.AutoTests" name="[27] /home/travis/build/icyphy/ptII/ptolemy/domains/de/test/auto/FSM1.xml (RunModel)" time="0.043" />
  <testcase classname="ptolemy.util.test.junit.AutoTests" name="[28] /home/travis/build/icyphy/ptII/ptolemy/domains/de/test/auto/FSM7.xml (RunModel)" time="0.041" />
  <testcase classname="ptolemy.util.test.junit.AutoTests" name="[29] /home/travis/build/icyphy/ptII/ptolemy/domains/de/test/auto/Inspection.xml (RunModel)" time="0.037" />
  <testcase classname="ptolemy.util.test.junit.AutoTests" name="[30] /home/travis/build/icyphy/ptII/ptolemy/domains/de/test/auto/Iteration.xml (RunModel)" time="0.022" />
  <testcase classname="ptolemy.util.test.junit.AutoTests" name="[31] /home/travis/build/icyphy/ptII/ptolemy/domains/de/test/auto/LineFault.xml (RunModel)" time="0.511" />
  <testcase classname="ptolemy.util.test.junit.AutoTests" name="[32] /home/travis/build/icyphy/ptII/ptolemy/domains/de/test/auto/MergeModel1Add.xml (RunModel)" time="0.048" />
  <testcase classname="ptolemy.util.test.junit.AutoTests" name="[33] /home/travis/build/icyphy/ptII/ptolemy/domains/de/test/auto/MergeModel2Add.xml (RunModel)" time="0.033" />
  <testcase classname="ptolemy.util.test.junit.AutoTests" name="[34] /home/travis/build/icyphy/ptII/ptolemy/domains/de/test/auto/MergeModel3Add.xml (RunModel)" time="0.046" />
  <testcase classname="ptolemy.util.test.junit.AutoTests" name="[35] /home/travis/build/icyphy/ptII/ptolemy/domains/de/test/auto/MergeWithoutDiscard.xml (RunModel)" time="0.01" />
  <testcase classname="ptolemy.util.test.junit.AutoTests" name="[36] /home/travis/build/icyphy/ptII/ptolemy/domains/de/test/auto/Modal1.xml (RunModel)" time="0.028" />
  <testcase classname="ptolemy.util.test.junit.AutoTests" name="[37] /home/travis/build/icyphy/ptII/ptolemy/domains/de/test/auto/Modal2.xml (RunModel)" time="0.028" />
  <testcase classname="ptolemy.util.test.junit.AutoTests" name="[38] /home/travis/build/icyphy/ptII/ptolemy/domains/de/test/auto/Modal3.xml (RunModel)" time="0.027" />
  <testcase classname="ptolemy.util.test.junit.AutoTests" name="[39] /home/travis/build/icyphy/ptII/ptolemy/domains/de/test/auto/Modal4.xml (RunModel)" time="0.032" />
  <testcase classname="ptolemy.util.test.junit.AutoTests" name="[40] /home/travis/build/icyphy/ptII/ptolemy/domains/de/test/auto/Modal5.xml (RunModel)" time="0.026" />
  <testcase classname="ptolemy.util.test.junit.AutoTests" name="[41] /home/travis/build/icyphy/ptII/ptolemy/domains/de/test/auto/Modal6.xml (RunModel)" time="0.027" />
  <testcase classname="ptolemy.util.test.junit.AutoTests" name="[42] /home/travis/build/icyphy/ptII/ptolemy/domains/de/test/auto/Modal7.xml (RunModel)" time="0.027" />
  <testcase classname="ptolemy.util.test.junit.AutoTests" name="[43] /home/travis/build/icyphy/ptII/ptolemy/domains/de/test/auto/ModalModel.xml (RunModel)" time="0.17" />
  <testcase classname="ptolemy.util.test.junit.AutoTests" name="[44] /home/travis/build/icyphy/ptII/ptolemy/domains/de/test/auto/ModalSource.xml (RunModel)" time="0.019" />
  <testcase classname="ptolemy.util.test.junit.AutoTests" name="[45] /home/travis/build/icyphy/ptII/ptolemy/domains/de/test/auto/NonInterruptibleTimerZeroDelay.xml (RunModel)" time="0.007" />
  <testcase classname="ptolemy.util.test.junit.AutoTests" name="[46] /home/travis/build/icyphy/ptII/ptolemy/domains/de/test/auto/OpenQueueingNetwork.xml (RunModel)" time="2.375" />
  <testcase classname="ptolemy.util.test.junit.AutoTests" name="[47] /home/travis/build/icyphy/ptII/ptolemy/domains/de/test/auto/OpenQueuingNetwork.xml (RunModel)" time="0.255" />
  <testcase classname="ptolemy.util.test.junit.AutoTests" name="[48] /home/travis/build/icyphy/ptII/ptolemy/domains/de/test/auto/PeriodicSampler.xml (RunModel)" time="0.008" />
  <testcase classname="ptolemy.util.test.junit.AutoTests" name="[49] /home/travis/build/icyphy/ptII/ptolemy/domains/de/test/auto/PersistentIO.xml (RunModel)" time="0.015" />
  <testcase classname="ptolemy.util.test.junit.AutoTests" name="[50] /home/travis/build/icyphy/ptII/ptolemy/domains/de/test/auto/PortParameterResetOnInitialize.xml (RunModel)" time="0.007" />
  <testcase classname="ptolemy.util.test.junit.AutoTests" name="[51] /home/travis/build/icyphy/ptII/ptolemy/domains/de/test/auto/PortParameterUpdates.xml (RunModel)" time="0.014" />
  <testcase classname="ptolemy.util.test.junit.AutoTests" name="[52] /home/travis/build/icyphy/ptII/ptolemy/domains/de/test/auto/QueueAndServer.xml (RunModel)" time="0.021" />
  <testcase classname="ptolemy.util.test.junit.AutoTests" name="[53] /home/travis/build/icyphy/ptII/ptolemy/domains/de/test/auto/Records.xml (RunModel)" time="0.018" />
  <testcase classname="ptolemy.util.test.junit.AutoTests" name="[54] /home/travis/build/icyphy/ptII/ptolemy/domains/de/test/auto/ResetTransitionWithStartTime1.xml (RunModel)" time="0.02" />
  <testcase classname="ptolemy.util.test.junit.AutoTests" name="[55] /home/travis/build/icyphy/ptII/ptolemy/domains/de/test/auto/ResetTransitionWithStartTime2.xml (RunModel)" time="0.017" />
  <testcase classname="ptolemy.util.test.junit.AutoTests" name="[56] /home/travis/build/icyphy/ptII/ptolemy/domains/de/test/auto/ResetTransitionWithStartTime3.xml (RunModel)" time="0.016" />
  <testcase classname="ptolemy.util.test.junit.AutoTests" name="[57] /home/travis/build/icyphy/ptII/ptolemy/domains/de/test/auto/ResetTransitionWithStartTime4.xml (RunModel)" time="0.016" />
  <testcase classname="ptolemy.util.test.junit.AutoTests" name="[58] /home/travis/build/icyphy/ptII/ptolemy/domains/de/test/auto/ResettableTimer1.xml (RunModel)" time="0.008" />
  <testcase classname="ptolemy.util.test.junit.AutoTests" name="[59] /home/travis/build/icyphy/ptII/ptolemy/domains/de/test/auto/ResettableTimer2.xml (RunModel)" time="0.007" />
  <testcase classname="ptolemy.util.test.junit.AutoTests" name="[60] /home/travis/build/icyphy/ptII/ptolemy/domains/de/test/auto/ResettableTimer3.xml (RunModel)" time="0.007" />
  <testcase classname="ptolemy.util.test.junit.AutoTests" name="[61] /home/travis/build/icyphy/ptII/ptolemy/domains/de/test/auto/ResettableTimer4.xml (RunModel)" time="0.008" />
  <testcase classname="ptolemy.util.test.junit.AutoTests" name="[62] /home/travis/build/icyphy/ptII/ptolemy/domains/de/test/auto/ResettableTimer5.xml (RunModel)" time="0.008" />
  <testcase classname="ptolemy.util.test.junit.AutoTests" name="[63] /home/travis/build/icyphy/ptII/ptolemy/domains/de/test/auto/ResettableTimer6.xml (RunModel)" time="0.015" />
  <testcase classname="ptolemy.util.test.junit.AutoTests" name="[64] /home/travis/build/icyphy/ptII/ptolemy/domains/de/test/auto/ServerZeroDelay.xml (RunModel)" time="0.011" />
  <testcase classname="ptolemy.util.test.junit.AutoTests" name="[65] /home/travis/build/icyphy/ptII/ptolemy/domains/de/test/auto/SmartSender.xml (RunModel)" time="3.008" />
  <testcase classname="ptolemy.util.test.junit.AutoTests" name="[66] /home/travis/build/icyphy/ptII/ptolemy/domains/de/test/auto/ThreadedComposite.xml (RunModel)" time="0.11" />
  <testcase classname="ptolemy.util.test.junit.AutoTests" name="[67] /home/travis/build/icyphy/ptII/ptolemy/domains/de/test/auto/Time.xml (RunModel)" time="0.34" />
  <testcase classname="ptolemy.util.test.junit.AutoTests" name="[68] /home/travis/build/icyphy/ptII/ptolemy/domains/de/test/auto/TimeDelayZeroDelay.xml (RunModel)" time="0.017" />
  <testcase classname="ptolemy.util.test.junit.AutoTests" name="[69] /home/travis/build/icyphy/ptII/ptolemy/domains/de/test/auto/TimerZeroDelay.xml (RunModel)" time="0.008" />
  <testcase classname="ptolemy.util.test.junit.AutoTests" name="[70] /home/travis/build/icyphy/ptII/ptolemy/domains/de/test/auto/TimingParadox.xml (RunModel)" time="0.286" />
  <testcase classname="ptolemy.util.test.junit.AutoTests" name="[71] /home/travis/build/icyphy/ptII/ptolemy/domains/de/test/auto/TransferInputs.xml (RunModel)" time="0.011" />
  <testcase classname="ptolemy.util.test.junit.AutoTests" name="[72] /home/travis/build/icyphy/ptII/ptolemy/domains/de/test/auto/TransferOutputs2.xml (RunModel)" time="0.013" />
  <testcase classname="ptolemy.util.test.junit.AutoTests" name="[73] /home/travis/build/icyphy/ptII/ptolemy/domains/de/test/auto/Trilateration.xml (RunModel)" time="10.735" />
  <testcase classname="ptolemy.util.test.junit.AutoTests" name="[74] /home/travis/build/icyphy/ptII/ptolemy/domains/de/test/auto/TwoSigmaDelta.xml (RunModel)" time="1.863" />
  <testcase classname="ptolemy.util.test.junit.AutoTests" name="[75] /home/travis/build/icyphy/ptII/ptolemy/domains/de/test/auto/VariableDelay.xml (RunModel)" time="0.012" />
  <testcase classname="ptolemy.util.test.junit.AutoTests" name="[76] /home/travis/build/icyphy/ptII/ptolemy/domains/de/test/auto/VariableDelay2.xml (RunModel)" time="0.02" />
  <testcase classname="ptolemy.util.test.junit.AutoTests" name="[77] /home/travis/build/icyphy/ptII/ptolemy/domains/de/test/auto/VariableDelayZeroDelay.xml (RunModel)" time="0.028" />
  <testcase classname="ptolemy.util.test.junit.AutoTests" name="[78] /home/travis/build/icyphy/ptII/ptolemy/domains/de/test/auto/VariableDelayZeroDelay2.xml (RunModel)" time="0.015" />
  <testcase classname="ptolemy.util.test.junit.AutoTests" name="[79] /home/travis/build/icyphy/ptII/ptolemy/domains/de/test/auto/deInCt.xml (RunModel)" time="0.015" />
  <testcase classname="ptolemy.util.test.junit.AutoTests" name="[80] /home/travis/build/icyphy/ptII/ptolemy/domains/de/test/auto/deInCt2.xml (RunModel)" time="0.013" />
  <testcase classname="ptolemy.util.test.junit.AutoTests" name="[81] /home/travis/build/icyphy/ptII/ptolemy/domains/de/test/auto/dynamicCausalityInterface1.xml (RunModel)" time="0.016" />
  <testcase classname="ptolemy.util.test.junit.AutoTests" name="[82] /home/travis/build/icyphy/ptII/ptolemy/domains/de/test/auto/fsm_de_test.xml (RunModel)" time="0.038" />
  <testcase classname="ptolemy.util.test.junit.AutoTests" name="[83] /home/travis/build/icyphy/ptII/ptolemy/domains/de/test/auto/functionDependencyReconstruction.xml (RunModel)" time="0.025" />
  <testcase classname="ptolemy.util.test.junit.AutoTests" name="[84] /home/travis/build/icyphy/ptII/ptolemy/domains/de/test/auto/multirate.xml (RunModel)" time="0.016" />
  <testcase classname="ptolemy.util.test.junit.AutoTests" name="[85] /home/travis/build/icyphy/ptII/ptolemy/domains/de/test/auto/multirate2.xml (RunModel)" time="0.016" />
  <testcase classname="ptolemy.util.test.junit.AutoTests" name="[86] /home/travis/build/icyphy/ptII/ptolemy/domains/de/test/auto/realtime.xml (RunModel)" time="10.01" />
  <testcase classname="ptolemy.util.test.junit.AutoTests" name="[87] /home/travis/build/icyphy/ptII/ptolemy/domains/de/test/auto/relationGroup.xml (RunModel)" time="0.009" />
  <testcase classname="ptolemy.util.test.junit.AutoTests" name="[88] /home/travis/build/icyphy/ptII/ptolemy/domains/de/test/auto/relationGroup2.xml (RunModel)" time="0.007" />
  <testcase classname="ptolemy.util.test.junit.AutoTests" name="[89] /home/travis/build/icyphy/ptII/ptolemy/domains/de/test/auto/sortWithOpaquePorts.xml (RunModel)" time="0.017" />
  <testcase classname="ptolemy.util.test.junit.AutoTests" name="[90] /home/travis/build/icyphy/ptII/ptolemy/domains/de/test/auto/transferInputsandOutputs.xml (RunModel)" time="0.015" />
  <testcase classname="ptolemy.util.test.junit.AutoTests" name="[91] /home/travis/build/icyphy/ptII/ptolemy/domains/de/test/auto/triggerType.xml (RunModel)" time="0.007" />
  <system-out><![CDATA[/home/travis/build/icyphy/ptII/ptolemy/domains/de/test/DependencyLoop.tcl
testDefs.tcl: setting time out to 9000 seconds at Thu Feb 27 07:03:02 UTC 2020
81 ms. Memory: 129024K Free: 78792K (61%)
29 ms. Memory: 129024K Free: 61384K (48%)
/home/travis/build/icyphy/ptII/ptolemy/domains/de/test/RunDETestsAsQSS.tcl
Run the DE tests using ptolemy.domains.qss.test.QSSDirectorTest, which extends QSSDirector and prints a message in the constructors.
------------------ testing $PTII/ptolemy/domains/de/test/auto/knownFailedTests/DirectFeedback.xml (Known Failure) 
49 ms. Memory: 129024K Free: 56264K (44%)


==== $PTIIhome/travis/build/icyphy/ptII/ptolemy/domains/de/test/../../../../: Auto Automatic test in file $PTII/ptolemy/domains/de/test/auto/knownFailedTests/DirectFeedback.xml
==== Contents of test case:

	    # FIXME: we should use $relativeFilename here, but it
	    # might have backslashes under Windows, which causes no end
	    # of trouble.
	    createAndExecute $file
	    list {}
	
.... Test generated KNOWN error:
    while executing
ptolemy.kernel.util.IllegalActionException: Test fails in iteration 1.
Value was: 1.0. Should have been: 2.0
  in .DirectFeedback.Test
	at ptolemy.actor.lib.Test.fire(Test.java:268)
	at ptolemy.domains.de.kernel.DEDirector._fire(DEDirector.java:1949)
	at ptolemy.domains.de.kernel.DEDirector.fire(DEDirector.java:502)
	at ptolemy.actor.CompositeActor.fire(CompositeActor.java:455)
	at ptolemy.actor.Manager.iterate(Manager.java:851)
	at ptolemy.actor.Manager.execute(Manager.java:369)
	at ptolemy.actor.Manager.run(Manager.java:1263)
	at ptolemy.actor.Manager$PtolemyRunThread.run(Manager.java:1933)

    while executing
ptolemy.kernel.util.IllegalActionException: Test fails in iteration 1.
Value was: 1.0. Should have been: 2.0
  in .DirectFeedback.Test
    while executing
"java::new ptolemy.moml.MoMLSimpleApplication $file
"
    (procedure "createAndExecute" line 2)
    invoked from within
"createAndExecute $file"
    ("uplevel" body line 5)
    invoked from within
"uplevel $contents_of_test"
------------------ testing $PTII/ptolemy/domains/de/test/auto/knownFailedTests/dependencyLoop.xml (Known Failure) 
26 ms. Memory: 129024K Free: 53192K (41%)


==== $PTIIhome/travis/build/icyphy/ptII/ptolemy/domains/de/test/../../../../: Auto Automatic test in file $PTII/ptolemy/domains/de/test/auto/knownFailedTests/dependencyLoop.xml
==== Contents of test case:

	    # FIXME: we should use $relativeFilename here, but it
	    # might have backslashes under Windows, which causes no end
	    # of trouble.
	    createAndExecute $file
	    list {}
	
.... Test generated KNOWN error:
    while executing
ptolemy.kernel.util.IllegalActionException: Found a zero delay loop containing .dependencyLoop.original
  in .dependencyLoop and .dependencyLoop.original
	at ptolemy.actor.util.CausalityInterfaceForComposites._computeOutputPortDepth(CausalityInterfaceForComposites.java:759)
	at ptolemy.actor.util.CausalityInterfaceForComposites._computeInputDepth(CausalityInterfaceForComposites.java:696)
	at ptolemy.actor.util.CausalityInterfaceForComposites._computeOutputPortDepth(CausalityInterfaceForComposites.java:765)
	at ptolemy.actor.util.CausalityInterfaceForComposites._computeInputDepth(CausalityInterfaceForComposites.java:696)
	at ptolemy.actor.util.CausalityInterfaceForComposites._computeOutputPortDepth(CausalityInterfaceForComposites.java:765)
	at ptolemy.actor.util.CausalityInterfaceForComposites._computeInputDepth(CausalityInterfaceForComposites.java:696)
	at ptolemy.actor.util.CausalityInterfaceForComposites._computeActorDepth(CausalityInterfaceForComposites.java:532)
	at ptolemy.actor.util.CausalityInterfaceForComposites.checkForCycles(CausalityInterfaceForComposites.java:96)
	at ptolemy.domains.de.kernel.DEDirector.preinitialize(DEDirector.java:1338)
	at ptolemy.actor.CompositeActor.preinitialize(CompositeActor.java:1828)
	at ptolemy.actor.Manager.preinitializeAndResolveTypes(Manager.java:1040)
	at ptolemy.actor.Manager.initialize(Manager.java:710)
	at ptolemy.actor.Manager.execute(Manager.java:356)
	at ptolemy.actor.Manager.run(Manager.java:1263)
	at ptolemy.actor.Manager$PtolemyRunThread.run(Manager.java:1933)

    while executing
ptolemy.kernel.util.IllegalActionException: Found a zero delay loop containing .dependencyLoop.original
  in .dependencyLoop and .dependencyLoop.original
    while executing
"java::new ptolemy.moml.MoMLSimpleApplication $file
"
    (procedure "createAndExecute" line 2)
    invoked from within
"createAndExecute $file"
    ("uplevel" body line 5)
    invoked from within
"uplevel $contents_of_test"
------------------ testing $PTII/ptolemy/domains/de/test/auto/knownFailedTests/FSMSource.xml (Known Failure) 
67 ms. Memory: 129024K Free: 111408K (86%)
!!!! Auto was marked as failing, but now passes
------------------ testing $PTII/ptolemy/domains/de/test/auto/knownFailedTests/HierarchicalModel.xml (Known Failure) 
10 ms. Memory: 129024K Free: 94030K (73%)


==== $PTIIhome/travis/build/icyphy/ptII/ptolemy/domains/de/test/../../../../: Auto Automatic test in file $PTII/ptolemy/domains/de/test/auto/knownFailedTests/HierarchicalModel.xml
==== Contents of test case:

	    # FIXME: we should use $relativeFilename here, but it
	    # might have backslashes under Windows, which causes no end
	    # of trouble.
	    createAndExecute $file
	    list {}
	
.... Test generated KNOWN error:
    while executing
ptolemy.kernel.util.IllegalActionException: Found a zero delay loop containing .HierarchicalModel.A
  in .HierarchicalModel and .HierarchicalModel.A
	at ptolemy.actor.util.CausalityInterfaceForComposites._computeOutputPortDepth(CausalityInterfaceForComposites.java:759)
	at ptolemy.actor.util.CausalityInterfaceForComposites._computeInputDepth(CausalityInterfaceForComposites.java:696)
	at ptolemy.actor.util.CausalityInterfaceForComposites._computeOutputPortDepth(CausalityInterfaceForComposites.java:765)
	at ptolemy.actor.util.CausalityInterfaceForComposites._computeInputDepth(CausalityInterfaceForComposites.java:696)
	at ptolemy.actor.util.CausalityInterfaceForComposites._computeOutputPortDepth(CausalityInterfaceForComposites.java:765)
	at ptolemy.actor.util.CausalityInterfaceForComposites._computeInputDepth(CausalityInterfaceForComposites.java:696)
	at ptolemy.actor.util.CausalityInterfaceForComposites._computeActorDepth(CausalityInterfaceForComposites.java:532)
	at ptolemy.actor.util.CausalityInterfaceForComposites.checkForCycles(CausalityInterfaceForComposites.java:96)
	at ptolemy.domains.de.kernel.DEDirector.preinitialize(DEDirector.java:1338)
	at ptolemy.actor.CompositeActor.preinitialize(CompositeActor.java:1828)
	at ptolemy.actor.Manager.preinitializeAndResolveTypes(Manager.java:1040)
	at ptolemy.actor.Manager.initialize(Manager.java:710)
	at ptolemy.actor.Manager.execute(Manager.java:356)
	at ptolemy.actor.Manager.run(Manager.java:1263)
	at ptolemy.actor.Manager$PtolemyRunThread.run(Manager.java:1933)

    while executing
ptolemy.kernel.util.IllegalActionException: Found a zero delay loop containing .HierarchicalModel.A
  in .HierarchicalModel and .HierarchicalModel.A
    while executing
"java::new ptolemy.moml.MoMLSimpleApplication $file
"
    (procedure "createAndExecute" line 2)
    invoked from within
"createAndExecute $file"
    ("uplevel" body line 5)
    invoked from within
"uplevel $contents_of_test"
------------------ testing $PTII/ptolemy/domains/de/test/auto/knownFailedTests/dependencyLoop2.xml (Known Failure) 
10 ms. Memory: 129024K Free: 77630K (60%)


==== $PTIIhome/travis/build/icyphy/ptII/ptolemy/domains/de/test/../../../../: Auto Automatic test in file $PTII/ptolemy/domains/de/test/auto/knownFailedTests/dependencyLoop2.xml
==== Contents of test case:

	    # FIXME: we should use $relativeFilename here, but it
	    # might have backslashes under Windows, which causes no end
	    # of trouble.
	    createAndExecute $file
	    list {}
	
.... Test generated KNOWN error:
    while executing
ptolemy.kernel.util.IllegalActionException: Found a zero delay loop containing .dependencyLoop2.original
  in .dependencyLoop2 and .dependencyLoop2.original
	at ptolemy.actor.util.CausalityInterfaceForComposites._computeOutputPortDepth(CausalityInterfaceForComposites.java:759)
	at ptolemy.actor.util.CausalityInterfaceForComposites._computeInputDepth(CausalityInterfaceForComposites.java:696)
	at ptolemy.actor.util.CausalityInterfaceForComposites._computeOutputPortDepth(CausalityInterfaceForComposites.java:765)
	at ptolemy.actor.util.CausalityInterfaceForComposites._computeInputDepth(CausalityInterfaceForComposites.java:696)
	at ptolemy.actor.util.CausalityInterfaceForComposites._computeOutputPortDepth(CausalityInterfaceForComposites.java:765)
	at ptolemy.actor.util.CausalityInterfaceForComposites._computeInputDepth(CausalityInterfaceForComposites.java:696)
	at ptolemy.actor.util.CausalityInterfaceForComposites._computeActorDepth(CausalityInterfaceForComposites.java:532)
	at ptolemy.actor.util.CausalityInterfaceForComposites.checkForCycles(CausalityInterfaceForComposites.java:96)
	at ptolemy.domains.de.kernel.DEDirector.preinitialize(DEDirector.java:1338)
	at ptolemy.actor.CompositeActor.preinitialize(CompositeActor.java:1828)
	at ptolemy.actor.Manager.preinitializeAndResolveTypes(Manager.java:1040)
	at ptolemy.actor.Manager.initialize(Manager.java:710)
	at ptolemy.actor.Manager.execute(Manager.java:356)
	at ptolemy.actor.Manager.run(Manager.java:1263)
	at ptolemy.actor.Manager$PtolemyRunThread.run(Manager.java:1933)

    while executing
ptolemy.kernel.util.IllegalActionException: Found a zero delay loop containing .dependencyLoop2.original
  in .dependencyLoop2 and .dependencyLoop2.original
    while executing
"java::new ptolemy.moml.MoMLSimpleApplication $file
"
    (procedure "createAndExecute" line 2)
    invoked from within
"createAndExecute $file"
    ("uplevel" body line 5)
    invoked from within
"uplevel $contents_of_test"
------------------ testing $PTII/ptolemy/domains/de/test/auto/knownFailedTests/DESDFClockTest.xml (Known Failure) 
2041 ms. Memory: 129024K Free: 107790K (84%)


==== $PTIIhome/travis/build/icyphy/ptII/ptolemy/domains/de/test/../../../../: Auto Automatic test in file $PTII/ptolemy/domains/de/test/auto/knownFailedTests/DESDFClockTest.xml
==== Contents of test case:

	    # FIXME: we should use $relativeFilename here, but it
	    # might have backslashes under Windows, which causes no end
	    # of trouble.
	    createAndExecute $file
	    list {}
	
.... Test generated KNOWN error:
    while executing
ptolemy.kernel.util.IllegalActionException: Actor is not ready to fire.  Perhaps UpSample.prefire() returned false? Try debugging the actor by selecting "Listen to Actor".  Also, for SDF check moml for tokenConsumptionRate on input.
  in .DESDFClockTest.Play Bell.Copy1:SDF Director and .DESDFClockTest.Play Bell.UpSample
	at ptolemy.actor.sched.StaticSchedulingDirector.fire(StaticSchedulingDirector.java:227)
	at ptolemy.domains.sdf.kernel.SDFDirector.fire(SDFDirector.java:500)
	at ptolemy.actor.CompositeActor.fire(CompositeActor.java:455)
	at ptolemy.domains.de.kernel.DEDirector._fire(DEDirector.java:1949)
	at ptolemy.domains.de.kernel.DEDirector.fire(DEDirector.java:502)
	at ptolemy.actor.CompositeActor.fire(CompositeActor.java:455)
	at ptolemy.actor.Manager.iterate(Manager.java:851)
	at ptolemy.actor.Manager.execute(Manager.java:369)
	at ptolemy.actor.Manager.run(Manager.java:1263)
	at ptolemy.actor.Manager$PtolemyRunThread.run(Manager.java:1933)

    while executing
ptolemy.kernel.util.IllegalActionException: Actor is not ready to fire.  Perhaps UpSample.prefire() returned false? Try debugging the actor by selecting "Listen to Actor".  Also, for SDF check moml for tokenConsumptionRate on input.
  in .DESDFClockTest.Play Bell.Copy1:SDF Director and .DESDFClockTest.Play Bell.UpSample
    while executing
"java::new ptolemy.moml.MoMLSimpleApplication $file
"
    (procedure "createAndExecute" line 2)
    invoked from within
"createAndExecute $file"
    ("uplevel" body line 5)
    invoked from within
"uplevel $contents_of_test"
------------------ testing $PTII/ptolemy/domains/de/test/auto/ActorDepthCalculation_actorWithoutPorts.xml
auto.tcl: Setting watchdog for 200 seconds at Thu Feb 27 07:03:06 UTC 2020
5 ms. Memory: 129024K Free: 100112K (78%)
ptolemy.util.test.WatchDog.cancel(): canceling Thu Feb 27 07:03:06 UTC 2020
auto.tcl: Setting watchdog for 200 seconds at Thu Feb 27 07:03:06 UTC 2020
4 ms. Memory: 129024K Free: 98560K (76%)
ptolemy.util.test.WatchDog.cancel(): canceling Thu Feb 27 07:03:06 UTC 2020
------------------ testing $PTII/ptolemy/domains/de/test/auto/AssemblyLine.xml
auto.tcl: Setting watchdog for 200 seconds at Thu Feb 27 07:03:06 UTC 2020
23 ms. Memory: 48128K Free: 25197K (52%)
ptolemy.util.test.WatchDog.cancel(): canceling Thu Feb 27 07:03:06 UTC 2020
auto.tcl: Setting watchdog for 200 seconds at Thu Feb 27 07:03:06 UTC 2020
6 ms. Memory: 48128K Free: 24252K (50%)
ptolemy.util.test.WatchDog.cancel(): canceling Thu Feb 27 07:03:06 UTC 2020
------------------ testing $PTII/ptolemy/domains/de/test/auto/CQBug1.xml
auto.tcl: Setting watchdog for 200 seconds at Thu Feb 27 07:03:06 UTC 2020
15 ms. Memory: 48128K Free: 30395K (63%)
ptolemy.util.test.WatchDog.cancel(): canceling Thu Feb 27 07:03:06 UTC 2020
auto.tcl: Setting watchdog for 200 seconds at Thu Feb 27 07:03:06 UTC 2020
2 ms. Memory: 48128K Free: 29980K (62%)
ptolemy.util.test.WatchDog.cancel(): canceling Thu Feb 27 07:03:06 UTC 2020
------------------ testing $PTII/ptolemy/domains/de/test/auto/CancelFireAt.xml
auto.tcl: Setting watchdog for 200 seconds at Thu Feb 27 07:03:06 UTC 2020
4 ms. Memory: 48128K Free: 31401K (65%)
ptolemy.util.test.WatchDog.cancel(): canceling Thu Feb 27 07:03:06 UTC 2020
auto.tcl: Setting watchdog for 200 seconds at Thu Feb 27 07:03:06 UTC 2020
2 ms. Memory: 48128K Free: 30887K (64%)
ptolemy.util.test.WatchDog.cancel(): canceling Thu Feb 27 07:03:06 UTC 2020
------------------ testing $PTII/ptolemy/domains/de/test/auto/CausalityAndComposabilityAnalysis.xml
auto.tcl: Setting watchdog for 200 seconds at Thu Feb 27 07:03:06 UTC 2020
6 ms. Memory: 48128K Free: 29361K (61%)
ptolemy.util.test.WatchDog.cancel(): canceling Thu Feb 27 07:03:07 UTC 2020
auto.tcl: Setting watchdog for 200 seconds at Thu Feb 27 07:03:07 UTC 2020
5 ms. Memory: 48128K Free: 28930K (60%)
ptolemy.util.test.WatchDog.cancel(): canceling Thu Feb 27 07:03:07 UTC 2020
------------------ testing $PTII/ptolemy/domains/de/test/auto/CausalityInterface1.xml
auto.tcl: Setting watchdog for 200 seconds at Thu Feb 27 07:03:07 UTC 2020
32 ms. Memory: 48128K Free: 28347K (59%)
ptolemy.util.test.WatchDog.cancel(): canceling Thu Feb 27 07:03:07 UTC 2020
auto.tcl: Setting watchdog for 200 seconds at Thu Feb 27 07:03:07 UTC 2020
3 ms. Memory: 48128K Free: 27350K (57%)
ptolemy.util.test.WatchDog.cancel(): canceling Thu Feb 27 07:03:07 UTC 2020
------------------ testing $PTII/ptolemy/domains/de/test/auto/CausalityInterface15.xml
auto.tcl: Setting watchdog for 200 seconds at Thu Feb 27 07:03:07 UTC 2020
10 ms. Memory: 48128K Free: 28275K (59%)
ptolemy.util.test.WatchDog.cancel(): canceling Thu Feb 27 07:03:07 UTC 2020
auto.tcl: Setting watchdog for 200 seconds at Thu Feb 27 07:03:07 UTC 2020
4 ms. Memory: 48128K Free: 27329K (57%)
ptolemy.util.test.WatchDog.cancel(): canceling Thu Feb 27 07:03:07 UTC 2020
------------------ testing $PTII/ptolemy/domains/de/test/auto/CausalityInterface2.xml
auto.tcl: Setting watchdog for 200 seconds at Thu Feb 27 07:03:07 UTC 2020
4 ms. Memory: 48128K Free: 29228K (61%)
ptolemy.util.test.WatchDog.cancel(): canceling Thu Feb 27 07:03:07 UTC 2020
auto.tcl: Setting watchdog for 200 seconds at Thu Feb 27 07:03:07 UTC 2020
2 ms. Memory: 48128K Free: 28317K (59%)
ptolemy.util.test.WatchDog.cancel(): canceling Thu Feb 27 07:03:07 UTC 2020
------------------ testing $PTII/ptolemy/domains/de/test/auto/CausalityInterface3.xml
auto.tcl: Setting watchdog for 200 seconds at Thu Feb 27 07:03:07 UTC 2020
5 ms. Memory: 48128K Free: 28529K (59%)
ptolemy.util.test.WatchDog.cancel(): canceling Thu Feb 27 07:03:07 UTC 2020
auto.tcl: Setting watchdog for 200 seconds at Thu Feb 27 07:03:07 UTC 2020
2 ms. Memory: 48128K Free: 27742K (58%)
ptolemy.util.test.WatchDog.cancel(): canceling Thu Feb 27 07:03:07 UTC 2020
------------------ testing $PTII/ptolemy/domains/de/test/auto/ClockDrift.xml
auto.tcl: Setting watchdog for 200 seconds at Thu Feb 27 07:03:07 UTC 2020
63 ms. Memory: 48128K Free: 21112K (44%)
ptolemy.util.test.WatchDog.cancel(): canceling Thu Feb 27 07:03:07 UTC 2020
auto.tcl: Setting watchdog for 200 seconds at Thu Feb 27 07:03:07 UTC 2020
27 ms. Memory: 48128K Free: 18097K (38%)
ptolemy.util.test.WatchDog.cancel(): canceling Thu Feb 27 07:03:07 UTC 2020
------------------ testing $PTII/ptolemy/domains/de/test/auto/ClockDriftAndValueChange.xml
auto.tcl: Setting watchdog for 200 seconds at Thu Feb 27 07:03:07 UTC 2020
42 ms. Memory: 48128K Free: 21196K (44%)
ptolemy.util.test.WatchDog.cancel(): canceling Thu Feb 27 07:03:07 UTC 2020
auto.tcl: Setting watchdog for 200 seconds at Thu Feb 27 07:03:07 UTC 2020
25 ms. Memory: 48128K Free: 18362K (38%)
ptolemy.util.test.WatchDog.cancel(): canceling Thu Feb 27 07:03:07 UTC 2020
------------------ testing $PTII/ptolemy/domains/de/test/auto/ClockDriftChange.xml
auto.tcl: Setting watchdog for 200 seconds at Thu Feb 27 07:03:07 UTC 2020
18 ms. Memory: 48128K Free: 23240K (48%)
ptolemy.util.test.WatchDog.cancel(): canceling Thu Feb 27 07:03:07 UTC 2020
auto.tcl: Setting watchdog for 200 seconds at Thu Feb 27 07:03:07 UTC 2020
17 ms. Memory: 48128K Free: 20661K (43%)
ptolemy.util.test.WatchDog.cancel(): canceling Thu Feb 27 07:03:07 UTC 2020
------------------ testing $PTII/ptolemy/domains/de/test/auto/ComposableCausalityAnalysis.xml
auto.tcl: Setting watchdog for 200 seconds at Thu Feb 27 07:03:07 UTC 2020
2 ms. Memory: 48128K Free: 27889K (58%)
ptolemy.util.test.WatchDog.cancel(): canceling Thu Feb 27 07:03:07 UTC 2020
auto.tcl: Setting watchdog for 200 seconds at Thu Feb 27 07:03:07 UTC 2020
1 ms. Memory: 48128K Free: 26842K (56%)
ptolemy.util.test.WatchDog.cancel(): canceling Thu Feb 27 07:03:07 UTC 2020
------------------ testing $PTII/ptolemy/domains/de/test/auto/DEFixedPointLimitation.xml
auto.tcl: Setting watchdog for 200 seconds at Thu Feb 27 07:03:07 UTC 2020
1 ms. Memory: 48128K Free: 29228K (61%)
ptolemy.util.test.WatchDog.cancel(): canceling Thu Feb 27 07:03:07 UTC 2020
auto.tcl: Setting watchdog for 200 seconds at Thu Feb 27 07:03:07 UTC 2020
0 ms. Memory: 48128K Free: 28295K (59%)
ptolemy.util.test.WatchDog.cancel(): canceling Thu Feb 27 07:03:07 UTC 2020
------------------ testing $PTII/ptolemy/domains/de/test/auto/DEScheduleTest.xml
auto.tcl: Setting watchdog for 200 seconds at Thu Feb 27 07:03:07 UTC 2020
8 ms. Memory: 48128K Free: 29537K (61%)
ptolemy.util.test.WatchDog.cancel(): canceling Thu Feb 27 07:03:08 UTC 2020
auto.tcl: Setting watchdog for 200 seconds at Thu Feb 27 07:03:08 UTC 2020
2 ms. Memory: 48128K Free: 28751K (60%)
ptolemy.util.test.WatchDog.cancel(): canceling Thu Feb 27 07:03:08 UTC 2020
------------------ testing $PTII/ptolemy/domains/de/test/auto/DEinDEwithStartTimes.xml
auto.tcl: Setting watchdog for 200 seconds at Thu Feb 27 07:03:08 UTC 2020
3 ms. Memory: 48128K Free: 27695K (58%)
ptolemy.util.test.WatchDog.cancel(): canceling Thu Feb 27 07:03:08 UTC 2020
auto.tcl: Setting watchdog for 200 seconds at Thu Feb 27 07:03:08 UTC 2020
3 ms. Memory: 48128K Free: 26654K (55%)
ptolemy.util.test.WatchDog.cancel(): canceling Thu Feb 27 07:03:08 UTC 2020
------------------ testing $PTII/ptolemy/domains/de/test/auto/DEinDEwithStartTimes2.xml
auto.tcl: Setting watchdog for 200 seconds at Thu Feb 27 07:03:08 UTC 2020
6 ms. Memory: 48128K Free: 26862K (56%)
ptolemy.util.test.WatchDog.cancel(): canceling Thu Feb 27 07:03:08 UTC 2020
auto.tcl: Setting watchdog for 200 seconds at Thu Feb 27 07:03:08 UTC 2020
3 ms. Memory: 48128K Free: 25609K (53%)
ptolemy.util.test.WatchDog.cancel(): canceling Thu Feb 27 07:03:08 UTC 2020
------------------ testing $PTII/ptolemy/domains/de/test/auto/DateDemo.xml
auto.tcl: Setting watchdog for 200 seconds at Thu Feb 27 07:03:08 UTC 2020
14 ms. Memory: 48128K Free: 21250K (44%)
ptolemy.util.test.WatchDog.cancel(): canceling Thu Feb 27 07:03:08 UTC 2020
auto.tcl: Setting watchdog for 200 seconds at Thu Feb 27 07:03:08 UTC 2020
5 ms. Memory: 48128K Free: 19656K (41%)
ptolemy.util.test.WatchDog.cancel(): canceling Thu Feb 27 07:03:08 UTC 2020
------------------ testing $PTII/ptolemy/domains/de/test/auto/DateToEvent.xml
auto.tcl: Setting watchdog for 200 seconds at Thu Feb 27 07:03:08 UTC 2020
2017 ms. Memory: 48128K Free: 17173K (36%)
ptolemy.util.test.WatchDog.cancel(): canceling Thu Feb 27 07:03:10 UTC 2020
auto.tcl: Setting watchdog for 200 seconds at Thu Feb 27 07:03:10 UTC 2020
2006 ms. Memory: 48128K Free: 16149K (34%)
ptolemy.util.test.WatchDog.cancel(): canceling Thu Feb 27 07:03:12 UTC 2020
------------------ testing $PTII/ptolemy/domains/de/test/auto/DepthTest1.xml
auto.tcl: Setting watchdog for 200 seconds at Thu Feb 27 07:03:12 UTC 2020
2 ms. Memory: 48128K Free: 30319K (63%)
ptolemy.util.test.WatchDog.cancel(): canceling Thu Feb 27 07:03:12 UTC 2020
auto.tcl: Setting watchdog for 200 seconds at Thu Feb 27 07:03:12 UTC 2020
2 ms. Memory: 48128K Free: 29889K (62%)
ptolemy.util.test.WatchDog.cancel(): canceling Thu Feb 27 07:03:12 UTC 2020
------------------ testing $PTII/ptolemy/domains/de/test/auto/DepthTest2.xml
auto.tcl: Setting watchdog for 200 seconds at Thu Feb 27 07:03:12 UTC 2020
3 ms. Memory: 48128K Free: 27159K (56%)
ptolemy.util.test.WatchDog.cancel(): canceling Thu Feb 27 07:03:12 UTC 2020
auto.tcl: Setting watchdog for 200 seconds at Thu Feb 27 07:03:12 UTC 2020
2 ms. Memory: 48128K Free: 26746K (56%)
ptolemy.util.test.WatchDog.cancel(): canceling Thu Feb 27 07:03:12 UTC 2020
------------------ testing $PTII/ptolemy/domains/de/test/auto/DepthTest3.xml
auto.tcl: Setting watchdog for 200 seconds at Thu Feb 27 07:03:12 UTC 2020
3 ms. Memory: 48128K Free: 30647K (64%)
ptolemy.util.test.WatchDog.cancel(): canceling Thu Feb 27 07:03:12 UTC 2020
auto.tcl: Setting watchdog for 200 seconds at Thu Feb 27 07:03:12 UTC 2020
1 ms. Memory: 48128K Free: 30218K (63%)
ptolemy.util.test.WatchDog.cancel(): canceling Thu Feb 27 07:03:12 UTC 2020
------------------ testing $PTII/ptolemy/domains/de/test/auto/DepthTest4.xml
auto.tcl: Setting watchdog for 200 seconds at Thu Feb 27 07:03:12 UTC 2020
4 ms. Memory: 48128K Free: 28998K (60%)
ptolemy.util.test.WatchDog.cancel(): canceling Thu Feb 27 07:03:12 UTC 2020
auto.tcl: Setting watchdog for 200 seconds at Thu Feb 27 07:03:12 UTC 2020
2 ms. Memory: 48128K Free: 28253K (59%)
ptolemy.util.test.WatchDog.cancel(): canceling Thu Feb 27 07:03:12 UTC 2020
------------------ testing $PTII/ptolemy/domains/de/test/auto/DepthTest5.xml
auto.tcl: Setting watchdog for 200 seconds at Thu Feb 27 07:03:12 UTC 2020
3 ms. Memory: 48128K Free: 28381K (59%)
ptolemy.util.test.WatchDog.cancel(): canceling Thu Feb 27 07:03:12 UTC 2020
auto.tcl: Setting watchdog for 200 seconds at Thu Feb 27 07:03:12 UTC 2020
2 ms. Memory: 48128K Free: 27609K (57%)
ptolemy.util.test.WatchDog.cancel(): canceling Thu Feb 27 07:03:12 UTC 2020
------------------ testing $PTII/ptolemy/domains/de/test/auto/DepthTest6.xml
auto.tcl: Setting watchdog for 200 seconds at Thu Feb 27 07:03:12 UTC 2020
3 ms. Memory: 48128K Free: 28100K (58%)
ptolemy.util.test.WatchDog.cancel(): canceling Thu Feb 27 07:03:12 UTC 2020
auto.tcl: Setting watchdog for 200 seconds at Thu Feb 27 07:03:12 UTC 2020
2 ms. Memory: 48128K Free: 27695K (58%)
ptolemy.util.test.WatchDog.cancel(): canceling Thu Feb 27 07:03:12 UTC 2020
------------------ testing $PTII/ptolemy/domains/de/test/auto/DepthTest7.xml
auto.tcl: Setting watchdog for 200 seconds at Thu Feb 27 07:03:12 UTC 2020
2 ms. Memory: 48128K Free: 28923K (60%)
ptolemy.util.test.WatchDog.cancel(): canceling Thu Feb 27 07:03:12 UTC 2020
auto.tcl: Setting watchdog for 200 seconds at Thu Feb 27 07:03:12 UTC 2020
1 ms. Memory: 48128K Free: 28187K (59%)
ptolemy.util.test.WatchDog.cancel(): canceling Thu Feb 27 07:03:12 UTC 2020
------------------ testing $PTII/ptolemy/domains/de/test/auto/EventToDate.xml
auto.tcl: Setting watchdog for 200 seconds at Thu Feb 27 07:03:12 UTC 2020
3005 ms. Memory: 48128K Free: 19658K (41%)
ptolemy.util.test.WatchDog.cancel(): canceling Thu Feb 27 07:03:15 UTC 2020
auto.tcl: Setting watchdog for 200 seconds at Thu Feb 27 07:03:15 UTC 2020
3005 ms. Memory: 48128K Free: 19014K (40%)
ptolemy.util.test.WatchDog.cancel(): canceling Thu Feb 27 07:03:18 UTC 2020
------------------ testing $PTII/ptolemy/domains/de/test/auto/FSM1.xml
auto.tcl: Setting watchdog for 200 seconds at Thu Feb 27 07:03:18 UTC 2020
36 ms. Memory: 48128K Free: 20925K (43%)
ptolemy.util.test.WatchDog.cancel(): canceling Thu Feb 27 07:03:19 UTC 2020
auto.tcl: Setting watchdog for 200 seconds at Thu Feb 27 07:03:19 UTC 2020
15 ms. Memory: 48128K Free: 17690K (37%)
ptolemy.util.test.WatchDog.cancel(): canceling Thu Feb 27 07:03:19 UTC 2020
------------------ testing $PTII/ptolemy/domains/de/test/auto/FSM7.xml
auto.tcl: Setting watchdog for 200 seconds at Thu Feb 27 07:03:19 UTC 2020
15 ms. Memory: 48128K Free: 20612K (43%)
ptolemy.util.test.WatchDog.cancel(): canceling Thu Feb 27 07:03:19 UTC 2020
auto.tcl: Setting watchdog for 200 seconds at Thu Feb 27 07:03:19 UTC 2020
13 ms. Memory: 48128K Free: 17500K (36%)
ptolemy.util.test.WatchDog.cancel(): canceling Thu Feb 27 07:03:19 UTC 2020
------------------ testing $PTII/ptolemy/domains/de/test/auto/Inspection.xml
auto.tcl: Setting watchdog for 200 seconds at Thu Feb 27 07:03:19 UTC 2020
21 ms. Memory: 48128K Free: 20661K (43%)
ptolemy.util.test.WatchDog.cancel(): canceling Thu Feb 27 07:03:19 UTC 2020
auto.tcl: Setting watchdog for 200 seconds at Thu Feb 27 07:03:19 UTC 2020
17 ms. Memory: 48128K Free: 18924K (39%)
ptolemy.util.test.WatchDog.cancel(): canceling Thu Feb 27 07:03:19 UTC 2020
------------------ testing $PTII/ptolemy/domains/de/test/auto/Iteration.xml
auto.tcl: Setting watchdog for 200 seconds at Thu Feb 27 07:03:19 UTC 2020
7 ms. Memory: 48128K Free: 26374K (55%)
ptolemy.util.test.WatchDog.cancel(): canceling Thu Feb 27 07:03:19 UTC 2020
auto.tcl: Setting watchdog for 200 seconds at Thu Feb 27 07:03:19 UTC 2020
6 ms. Memory: 48128K Free: 24962K (52%)
ptolemy.util.test.WatchDog.cancel(): canceling Thu Feb 27 07:03:19 UTC 2020
------------------ testing $PTII/ptolemy/domains/de/test/auto/LineFault.xml
auto.tcl: Setting watchdog for 200 seconds at Thu Feb 27 07:03:19 UTC 2020
473 ms. Memory: 48128K Free: 23648K (49%)
ptolemy.util.test.WatchDog.cancel(): canceling Thu Feb 27 07:03:20 UTC 2020
auto.tcl: Setting watchdog for 200 seconds at Thu Feb 27 07:03:20 UTC 2020
452 ms. Memory: 60416K Free: 21646K (36%)
ptolemy.util.test.WatchDog.cancel(): canceling Thu Feb 27 07:03:20 UTC 2020
------------------ testing $PTII/ptolemy/domains/de/test/auto/MergeModel1Add.xml
auto.tcl: Setting watchdog for 200 seconds at Thu Feb 27 07:03:20 UTC 2020
17 ms. Memory: 55296K Free: 19538K (35%)
ptolemy.util.test.WatchDog.cancel(): canceling Thu Feb 27 07:03:20 UTC 2020
auto.tcl: Setting watchdog for 200 seconds at Thu Feb 27 07:03:20 UTC 2020
15 ms. Memory: 55296K Free: 17892K (32%)
ptolemy.util.test.WatchDog.cancel(): canceling Thu Feb 27 07:03:20 UTC 2020
------------------ testing $PTII/ptolemy/domains/de/test/auto/MergeModel2Add.xml
auto.tcl: Setting watchdog for 200 seconds at Thu Feb 27 07:03:20 UTC 2020
10 ms. Memory: 55296K Free: 21333K (39%)
ptolemy.util.test.WatchDog.cancel(): canceling Thu Feb 27 07:03:20 UTC 2020
auto.tcl: Setting watchdog for 200 seconds at Thu Feb 27 07:03:20 UTC 2020
9 ms. Memory: 55296K Free: 19615K (35%)
ptolemy.util.test.WatchDog.cancel(): canceling Thu Feb 27 07:03:20 UTC 2020
------------------ testing $PTII/ptolemy/domains/de/test/auto/MergeModel3Add.xml
auto.tcl: Setting watchdog for 200 seconds at Thu Feb 27 07:03:20 UTC 2020
8 ms. Memory: 55296K Free: 21201K (38%)
ptolemy.util.test.WatchDog.cancel(): canceling Thu Feb 27 07:03:20 UTC 2020
auto.tcl: Setting watchdog for 200 seconds at Thu Feb 27 07:03:20 UTC 2020
8 ms. Memory: 55296K Free: 19751K (36%)
ptolemy.util.test.WatchDog.cancel(): canceling Thu Feb 27 07:03:20 UTC 2020
------------------ testing $PTII/ptolemy/domains/de/test/auto/MergeWithoutDiscard.xml
auto.tcl: Setting watchdog for 200 seconds at Thu Feb 27 07:03:20 UTC 2020
3 ms. Memory: 55296K Free: 35716K (65%)
ptolemy.util.test.WatchDog.cancel(): canceling Thu Feb 27 07:03:20 UTC 2020
auto.tcl: Setting watchdog for 200 seconds at Thu Feb 27 07:03:20 UTC 2020
1 ms. Memory: 55296K Free: 35281K (64%)
ptolemy.util.test.WatchDog.cancel(): canceling Thu Feb 27 07:03:21 UTC 2020
------------------ testing $PTII/ptolemy/domains/de/test/auto/Modal1.xml
auto.tcl: Setting watchdog for 200 seconds at Thu Feb 27 07:03:21 UTC 2020
16 ms. Memory: 55296K Free: 27644K (50%)
ptolemy.util.test.WatchDog.cancel(): canceling Thu Feb 27 07:03:21 UTC 2020
auto.tcl: Setting watchdog for 200 seconds at Thu Feb 27 07:03:21 UTC 2020
22 ms. Memory: 55296K Free: 24170K (44%)
ptolemy.util.test.WatchDog.cancel(): canceling Thu Feb 27 07:03:21 UTC 2020
------------------ testing $PTII/ptolemy/domains/de/test/auto/Modal2.xml
auto.tcl: Setting watchdog for 200 seconds at Thu Feb 27 07:03:21 UTC 2020
9 ms. Memory: 55296K Free: 27775K (50%)
ptolemy.util.test.WatchDog.cancel(): canceling Thu Feb 27 07:03:21 UTC 2020
auto.tcl: Setting watchdog for 200 seconds at Thu Feb 27 07:03:21 UTC 2020
11 ms. Memory: 55296K Free: 24550K (44%)
ptolemy.util.test.WatchDog.cancel(): canceling Thu Feb 27 07:03:21 UTC 2020
------------------ testing $PTII/ptolemy/domains/de/test/auto/Modal3.xml
auto.tcl: Setting watchdog for 200 seconds at Thu Feb 27 07:03:21 UTC 2020
14 ms. Memory: 55296K Free: 27528K (50%)
ptolemy.util.test.WatchDog.cancel(): canceling Thu Feb 27 07:03:21 UTC 2020
auto.tcl: Setting watchdog for 200 seconds at Thu Feb 27 07:03:21 UTC 2020
13 ms. Memory: 55296K Free: 24560K (44%)
ptolemy.util.test.WatchDog.cancel(): canceling Thu Feb 27 07:03:21 UTC 2020
------------------ testing $PTII/ptolemy/domains/de/test/auto/Modal4.xml
auto.tcl: Setting watchdog for 200 seconds at Thu Feb 27 07:03:21 UTC 2020
12 ms. Memory: 55296K Free: 26746K (48%)
ptolemy.util.test.WatchDog.cancel(): canceling Thu Feb 27 07:03:21 UTC 2020
auto.tcl: Setting watchdog for 200 seconds at Thu Feb 27 07:03:21 UTC 2020
13 ms. Memory: 55296K Free: 22912K (41%)
ptolemy.util.test.WatchDog.cancel(): canceling Thu Feb 27 07:03:21 UTC 2020
------------------ testing $PTII/ptolemy/domains/de/test/auto/Modal5.xml
auto.tcl: Setting watchdog for 200 seconds at Thu Feb 27 07:03:21 UTC 2020
11 ms. Memory: 55296K Free: 26733K (48%)
ptolemy.util.test.WatchDog.cancel(): canceling Thu Feb 27 07:03:21 UTC 2020
auto.tcl: Setting watchdog for 200 seconds at Thu Feb 27 07:03:21 UTC 2020
12 ms. Memory: 55296K Free: 22899K (41%)
ptolemy.util.test.WatchDog.cancel(): canceling Thu Feb 27 07:03:21 UTC 2020
------------------ testing $PTII/ptolemy/domains/de/test/auto/Modal6.xml
auto.tcl: Setting watchdog for 200 seconds at Thu Feb 27 07:03:21 UTC 2020
11 ms. Memory: 55296K Free: 27509K (50%)
ptolemy.util.test.WatchDog.cancel(): canceling Thu Feb 27 07:03:21 UTC 2020
auto.tcl: Setting watchdog for 200 seconds at Thu Feb 27 07:03:21 UTC 2020
13 ms. Memory: 55296K Free: 23509K (43%)
ptolemy.util.test.WatchDog.cancel(): canceling Thu Feb 27 07:03:21 UTC 2020
------------------ testing $PTII/ptolemy/domains/de/test/auto/Modal7.xml
auto.tcl: Setting watchdog for 200 seconds at Thu Feb 27 07:03:21 UTC 2020
10 ms. Memory: 55296K Free: 26463K (48%)
ptolemy.util.test.WatchDog.cancel(): canceling Thu Feb 27 07:03:21 UTC 2020
auto.tcl: Setting watchdog for 200 seconds at Thu Feb 27 07:03:21 UTC 2020
9 ms. Memory: 55296K Free: 22898K (41%)
ptolemy.util.test.WatchDog.cancel(): canceling Thu Feb 27 07:03:21 UTC 2020
------------------ testing $PTII/ptolemy/domains/de/test/auto/ModalModel.xml
auto.tcl: Setting watchdog for 200 seconds at Thu Feb 27 07:03:21 UTC 2020
166 ms. Memory: 55296K Free: 18613K (34%)
ptolemy.util.test.WatchDog.cancel(): canceling Thu Feb 27 07:03:21 UTC 2020
auto.tcl: Setting watchdog for 200 seconds at Thu Feb 27 07:03:21 UTC 2020
177 ms. Memory: 66560K Free: 22223K (33%)
ptolemy.util.test.WatchDog.cancel(): canceling Thu Feb 27 07:03:22 UTC 2020
------------------ testing $PTII/ptolemy/domains/de/test/auto/ModalSource.xml
auto.tcl: Setting watchdog for 200 seconds at Thu Feb 27 07:03:22 UTC 2020
7 ms. Memory: 55296K Free: 31572K (57%)
ptolemy.util.test.WatchDog.cancel(): canceling Thu Feb 27 07:03:22 UTC 2020
auto.tcl: Setting watchdog for 200 seconds at Thu Feb 27 07:03:22 UTC 2020
5 ms. Memory: 55296K Free: 29524K (53%)
ptolemy.util.test.WatchDog.cancel(): canceling Thu Feb 27 07:03:22 UTC 2020
------------------ testing $PTII/ptolemy/domains/de/test/auto/NonInterruptibleTimerZeroDelay.xml
auto.tcl: Setting watchdog for 200 seconds at Thu Feb 27 07:03:22 UTC 2020
3 ms. Memory: 55296K Free: 36538K (66%)
ptolemy.util.test.WatchDog.cancel(): canceling Thu Feb 27 07:03:22 UTC 2020
auto.tcl: Setting watchdog for 200 seconds at Thu Feb 27 07:03:22 UTC 2020
2 ms. Memory: 55296K Free: 35846K (65%)
ptolemy.util.test.WatchDog.cancel(): canceling Thu Feb 27 07:03:22 UTC 2020
------------------ testing $PTII/ptolemy/domains/de/test/auto/OpenQueueingNetwork.xml
auto.tcl: Setting watchdog for 200 seconds at Thu Feb 27 07:03:22 UTC 2020
2645 ms. Memory: 134144K Free: 73469K (55%)
ptolemy.util.test.WatchDog.cancel(): canceling Thu Feb 27 07:03:25 UTC 2020
auto.tcl: Setting watchdog for 200 seconds at Thu Feb 27 07:03:25 UTC 2020
2411 ms. Memory: 161792K Free: 106236K (66%)
ptolemy.util.test.WatchDog.cancel(): canceling Thu Feb 27 07:03:27 UTC 2020
------------------ testing $PTII/ptolemy/domains/de/test/auto/OpenQueuingNetwork.xml
auto.tcl: Setting watchdog for 200 seconds at Thu Feb 27 07:03:27 UTC 2020
232 ms. Memory: 61440K Free: 38184K (62%)
ptolemy.util.test.WatchDog.cancel(): canceling Thu Feb 27 07:03:27 UTC 2020
auto.tcl: Setting watchdog for 200 seconds at Thu Feb 27 07:03:27 UTC 2020
217 ms. Memory: 61440K Free: 21821K (36%)
ptolemy.util.test.WatchDog.cancel(): canceling Thu Feb 27 07:03:28 UTC 2020
------------------ testing $PTII/ptolemy/domains/de/test/auto/PeriodicSampler.xml
auto.tcl: Setting watchdog for 200 seconds at Thu Feb 27 07:03:28 UTC 2020
3 ms. Memory: 55296K Free: 35707K (65%)
ptolemy.util.test.WatchDog.cancel(): canceling Thu Feb 27 07:03:28 UTC 2020
auto.tcl: Setting watchdog for 200 seconds at Thu Feb 27 07:03:28 UTC 2020
2 ms. Memory: 55296K Free: 35193K (64%)
ptolemy.util.test.WatchDog.cancel(): canceling Thu Feb 27 07:03:28 UTC 2020
------------------ testing $PTII/ptolemy/domains/de/test/auto/PersistentIO.xml
auto.tcl: Setting watchdog for 200 seconds at Thu Feb 27 07:03:28 UTC 2020
10 ms. Memory: 55296K Free: 30631K (55%)
ptolemy.util.test.WatchDog.cancel(): canceling Thu Feb 27 07:03:28 UTC 2020
auto.tcl: Setting watchdog for 200 seconds at Thu Feb 27 07:03:28 UTC 2020
3 ms. Memory: 55296K Free: 29111K (53%)
ptolemy.util.test.WatchDog.cancel(): canceling Thu Feb 27 07:03:28 UTC 2020
------------------ testing $PTII/ptolemy/domains/de/test/auto/PortParameterResetOnInitialize.xml
auto.tcl: Setting watchdog for 200 seconds at Thu Feb 27 07:03:28 UTC 2020
2 ms. Memory: 55296K Free: 35823K (65%)
ptolemy.util.test.WatchDog.cancel(): canceling Thu Feb 27 07:03:28 UTC 2020
auto.tcl: Setting watchdog for 200 seconds at Thu Feb 27 07:03:28 UTC 2020
2 ms. Memory: 55296K Free: 35311K (64%)
ptolemy.util.test.WatchDog.cancel(): canceling Thu Feb 27 07:03:28 UTC 2020
------------------ testing $PTII/ptolemy/domains/de/test/auto/PortParameterUpdates.xml
auto.tcl: Setting watchdog for 200 seconds at Thu Feb 27 07:03:28 UTC 2020
4 ms. Memory: 55296K Free: 33894K (61%)
ptolemy.util.test.WatchDog.cancel(): canceling Thu Feb 27 07:03:28 UTC 2020
auto.tcl: Setting watchdog for 200 seconds at Thu Feb 27 07:03:28 UTC 2020
4 ms. Memory: 55296K Free: 32675K (59%)
ptolemy.util.test.WatchDog.cancel(): canceling Thu Feb 27 07:03:28 UTC 2020
------------------ testing $PTII/ptolemy/domains/de/test/auto/QueueAndServer.xml
auto.tcl: Setting watchdog for 200 seconds at Thu Feb 27 07:03:28 UTC 2020
13 ms. Memory: 55296K Free: 32848K (59%)
ptolemy.util.test.WatchDog.cancel(): canceling Thu Feb 27 07:03:28 UTC 2020
auto.tcl: Setting watchdog for 200 seconds at Thu Feb 27 07:03:28 UTC 2020
7 ms. Memory: 55296K Free: 31119K (56%)
ptolemy.util.test.WatchDog.cancel(): canceling Thu Feb 27 07:03:28 UTC 2020
------------------ testing $PTII/ptolemy/domains/de/test/auto/Records.xml
auto.tcl: Setting watchdog for 200 seconds at Thu Feb 27 07:03:28 UTC 2020
5 ms. Memory: 51200K Free: 30763K (60%)
ptolemy.util.test.WatchDog.cancel(): canceling Thu Feb 27 07:03:28 UTC 2020
auto.tcl: Setting watchdog for 200 seconds at Thu Feb 27 07:03:28 UTC 2020
2 ms. Memory: 51200K Free: 30251K (59%)
ptolemy.util.test.WatchDog.cancel(): canceling Thu Feb 27 07:03:28 UTC 2020
------------------ testing $PTII/ptolemy/domains/de/test/auto/ResetTransitionWithStartTime1.xml
auto.tcl: Setting watchdog for 200 seconds at Thu Feb 27 07:03:28 UTC 2020
10 ms. Memory: 51200K Free: 28020K (55%)
ptolemy.util.test.WatchDog.cancel(): canceling Thu Feb 27 07:03:28 UTC 2020
auto.tcl: Setting watchdog for 200 seconds at Thu Feb 27 07:03:28 UTC 2020
9 ms. Memory: 51200K Free: 25972K (51%)
ptolemy.util.test.WatchDog.cancel(): canceling Thu Feb 27 07:03:28 UTC 2020
------------------ testing $PTII/ptolemy/domains/de/test/auto/ResetTransitionWithStartTime2.xml
auto.tcl: Setting watchdog for 200 seconds at Thu Feb 27 07:03:28 UTC 2020
8 ms. Memory: 51200K Free: 27975K (55%)
ptolemy.util.test.WatchDog.cancel(): canceling Thu Feb 27 07:03:28 UTC 2020
auto.tcl: Setting watchdog for 200 seconds at Thu Feb 27 07:03:28 UTC 2020
7 ms. Memory: 51200K Free: 25417K (50%)
ptolemy.util.test.WatchDog.cancel(): canceling Thu Feb 27 07:03:28 UTC 2020
------------------ testing $PTII/ptolemy/domains/de/test/auto/ResetTransitionWithStartTime3.xml
auto.tcl: Setting watchdog for 200 seconds at Thu Feb 27 07:03:28 UTC 2020
7 ms. Memory: 51200K Free: 27974K (55%)
ptolemy.util.test.WatchDog.cancel(): canceling Thu Feb 27 07:03:28 UTC 2020
auto.tcl: Setting watchdog for 200 seconds at Thu Feb 27 07:03:28 UTC 2020
6 ms. Memory: 51200K Free: 25926K (51%)
ptolemy.util.test.WatchDog.cancel(): canceling Thu Feb 27 07:03:28 UTC 2020
------------------ testing $PTII/ptolemy/domains/de/test/auto/ResetTransitionWithStartTime4.xml
auto.tcl: Setting watchdog for 200 seconds at Thu Feb 27 07:03:28 UTC 2020
9 ms. Memory: 51200K Free: 28421K (56%)
ptolemy.util.test.WatchDog.cancel(): canceling Thu Feb 27 07:03:28 UTC 2020
auto.tcl: Setting watchdog for 200 seconds at Thu Feb 27 07:03:28 UTC 2020
4 ms. Memory: 51200K Free: 26949K (53%)
ptolemy.util.test.WatchDog.cancel(): canceling Thu Feb 27 07:03:28 UTC 2020
------------------ testing $PTII/ptolemy/domains/de/test/auto/ResettableTimer1.xml
auto.tcl: Setting watchdog for 200 seconds at Thu Feb 27 07:03:28 UTC 2020
3 ms. Memory: 51200K Free: 32186K (63%)
ptolemy.util.test.WatchDog.cancel(): canceling Thu Feb 27 07:03:28 UTC 2020
auto.tcl: Setting watchdog for 200 seconds at Thu Feb 27 07:03:28 UTC 2020
2 ms. Memory: 51200K Free: 31505K (62%)
ptolemy.util.test.WatchDog.cancel(): canceling Thu Feb 27 07:03:28 UTC 2020
------------------ testing $PTII/ptolemy/domains/de/test/auto/ResettableTimer2.xml
auto.tcl: Setting watchdog for 200 seconds at Thu Feb 27 07:03:28 UTC 2020
2 ms. Memory: 51200K Free: 32206K (63%)
ptolemy.util.test.WatchDog.cancel(): canceling Thu Feb 27 07:03:28 UTC 2020
auto.tcl: Setting watchdog for 200 seconds at Thu Feb 27 07:03:28 UTC 2020
2 ms. Memory: 51200K Free: 31593K (62%)
ptolemy.util.test.WatchDog.cancel(): canceling Thu Feb 27 07:03:28 UTC 2020
------------------ testing $PTII/ptolemy/domains/de/test/auto/ResettableTimer3.xml
auto.tcl: Setting watchdog for 200 seconds at Thu Feb 27 07:03:28 UTC 2020
1 ms. Memory: 51200K Free: 32587K (64%)
ptolemy.util.test.WatchDog.cancel(): canceling Thu Feb 27 07:03:28 UTC 2020
auto.tcl: Setting watchdog for 200 seconds at Thu Feb 27 07:03:28 UTC 2020
1 ms. Memory: 51200K Free: 32107K (63%)
ptolemy.util.test.WatchDog.cancel(): canceling Thu Feb 27 07:03:28 UTC 2020
------------------ testing $PTII/ptolemy/domains/de/test/auto/ResettableTimer4.xml
auto.tcl: Setting watchdog for 200 seconds at Thu Feb 27 07:03:29 UTC 2020
2 ms. Memory: 51200K Free: 32120K (63%)
ptolemy.util.test.WatchDog.cancel(): canceling Thu Feb 27 07:03:29 UTC 2020
auto.tcl: Setting watchdog for 200 seconds at Thu Feb 27 07:03:29 UTC 2020
1 ms. Memory: 51200K Free: 31606K (62%)
ptolemy.util.test.WatchDog.cancel(): canceling Thu Feb 27 07:03:29 UTC 2020
------------------ testing $PTII/ptolemy/domains/de/test/auto/ResettableTimer5.xml
auto.tcl: Setting watchdog for 200 seconds at Thu Feb 27 07:03:29 UTC 2020
1 ms. Memory: 51200K Free: 31604K (62%)
ptolemy.util.test.WatchDog.cancel(): canceling Thu Feb 27 07:03:29 UTC 2020
auto.tcl: Setting watchdog for 200 seconds at Thu Feb 27 07:03:29 UTC 2020
1 ms. Memory: 51200K Free: 31097K (61%)
ptolemy.util.test.WatchDog.cancel(): canceling Thu Feb 27 07:03:29 UTC 2020
------------------ testing $PTII/ptolemy/domains/de/test/auto/ResettableTimer6.xml
auto.tcl: Setting watchdog for 200 seconds at Thu Feb 27 07:03:29 UTC 2020
1 ms. Memory: 51200K Free: 31595K (62%)
ptolemy.util.test.WatchDog.cancel(): canceling Thu Feb 27 07:03:29 UTC 2020
auto.tcl: Setting watchdog for 200 seconds at Thu Feb 27 07:03:29 UTC 2020
1 ms. Memory: 51200K Free: 31085K (61%)
ptolemy.util.test.WatchDog.cancel(): canceling Thu Feb 27 07:03:29 UTC 2020
------------------ testing $PTII/ptolemy/domains/de/test/auto/ServerZeroDelay.xml
auto.tcl: Setting watchdog for 200 seconds at Thu Feb 27 07:03:29 UTC 2020
3 ms. Memory: 51200K Free: 32100K (63%)
ptolemy.util.test.WatchDog.cancel(): canceling Thu Feb 27 07:03:29 UTC 2020
auto.tcl: Setting watchdog for 200 seconds at Thu Feb 27 07:03:29 UTC 2020
3 ms. Memory: 51200K Free: 31076K (61%)
ptolemy.util.test.WatchDog.cancel(): canceling Thu Feb 27 07:03:29 UTC 2020
------------------ testing $PTII/ptolemy/domains/de/test/auto/SmartSender.xml
auto.tcl: Setting watchdog for 200 seconds at Thu Feb 27 07:03:29 UTC 2020
3001 ms. Memory: 51200K Free: 31581K (62%)
ptolemy.util.test.WatchDog.cancel(): canceling Thu Feb 27 07:03:32 UTC 2020
auto.tcl: Setting watchdog for 200 seconds at Thu Feb 27 07:03:32 UTC 2020
3001 ms. Memory: 51200K Free: 31071K (61%)
ptolemy.util.test.WatchDog.cancel(): canceling Thu Feb 27 07:03:35 UTC 2020
------------------ testing $PTII/ptolemy/domains/de/test/auto/ThreadedComposite.xml
auto.tcl: Setting watchdog for 200 seconds at Thu Feb 27 07:03:35 UTC 2020
193 ms. Memory: 51200K Free: 13163K (26%)
ptolemy.util.test.WatchDog.cancel(): canceling Thu Feb 27 07:03:35 UTC 2020
auto.tcl: Setting watchdog for 200 seconds at Thu Feb 27 07:03:35 UTC 2020
118 ms. Memory: 51200K Free: 27604K (54%)
ptolemy.util.test.WatchDog.cancel(): canceling Thu Feb 27 07:03:35 UTC 2020
------------------ testing $PTII/ptolemy/domains/de/test/auto/Time.xml
auto.tcl: Setting watchdog for 200 seconds at Thu Feb 27 07:03:35 UTC 2020
454 ms. Memory: 51200K Free: 33881K (66%)
ptolemy.util.test.WatchDog.cancel(): canceling Thu Feb 27 07:03:36 UTC 2020
auto.tcl: Setting watchdog for 200 seconds at Thu Feb 27 07:03:36 UTC 2020
442 ms. Memory: 51200K Free: 34909K (68%)
ptolemy.util.test.WatchDog.cancel(): canceling Thu Feb 27 07:03:36 UTC 2020
------------------ testing $PTII/ptolemy/domains/de/test/auto/TimeDelayZeroDelay.xml
auto.tcl: Setting watchdog for 200 seconds at Thu Feb 27 07:03:36 UTC 2020
2 ms. Memory: 51200K Free: 32025K (63%)
ptolemy.util.test.WatchDog.cancel(): canceling Thu Feb 27 07:03:36 UTC 2020
auto.tcl: Setting watchdog for 200 seconds at Thu Feb 27 07:03:36 UTC 2020
2 ms. Memory: 51200K Free: 31534K (62%)
ptolemy.util.test.WatchDog.cancel(): canceling Thu Feb 27 07:03:36 UTC 2020
------------------ testing $PTII/ptolemy/domains/de/test/auto/TimerZeroDelay.xml
auto.tcl: Setting watchdog for 200 seconds at Thu Feb 27 07:03:36 UTC 2020
2 ms. Memory: 51200K Free: 32067K (63%)
ptolemy.util.test.WatchDog.cancel(): canceling Thu Feb 27 07:03:36 UTC 2020
auto.tcl: Setting watchdog for 200 seconds at Thu Feb 27 07:03:36 UTC 2020
2 ms. Memory: 51200K Free: 31577K (62%)
ptolemy.util.test.WatchDog.cancel(): canceling Thu Feb 27 07:03:36 UTC 2020
------------------ testing $PTII/ptolemy/domains/de/test/auto/TimingParadox.xml
auto.tcl: Setting watchdog for 200 seconds at Thu Feb 27 07:03:36 UTC 2020
324 ms. Memory: 61440K Free: 34988K (57%)
ptolemy.util.test.WatchDog.cancel(): canceling Thu Feb 27 07:03:37 UTC 2020
auto.tcl: Setting watchdog for 200 seconds at Thu Feb 27 07:03:37 UTC 2020
294 ms. Memory: 61440K Free: 32021K (52%)
ptolemy.util.test.WatchDog.cancel(): canceling Thu Feb 27 07:03:37 UTC 2020
------------------ testing $PTII/ptolemy/domains/de/test/auto/TransferInputs.xml
auto.tcl: Setting watchdog for 200 seconds at Thu Feb 27 07:03:37 UTC 2020
2 ms. Memory: 55296K Free: 34631K (63%)
ptolemy.util.test.WatchDog.cancel(): canceling Thu Feb 27 07:03:37 UTC 2020
auto.tcl: Setting watchdog for 200 seconds at Thu Feb 27 07:03:37 UTC 2020
2 ms. Memory: 55296K Free: 33725K (61%)
ptolemy.util.test.WatchDog.cancel(): canceling Thu Feb 27 07:03:37 UTC 2020
------------------ testing $PTII/ptolemy/domains/de/test/auto/TransferOutputs2.xml
auto.tcl: Setting watchdog for 200 seconds at Thu Feb 27 07:03:37 UTC 2020
9 ms. Memory: 55296K Free: 32074K (58%)
ptolemy.util.test.WatchDog.cancel(): canceling Thu Feb 27 07:03:37 UTC 2020
auto.tcl: Setting watchdog for 200 seconds at Thu Feb 27 07:03:37 UTC 2020
2 ms. Memory: 55296K Free: 30654K (55%)
ptolemy.util.test.WatchDog.cancel(): canceling Thu Feb 27 07:03:37 UTC 2020
------------------ testing $PTII/ptolemy/domains/de/test/auto/Trilateration.xml
auto.tcl: Setting watchdog for 200 seconds at Thu Feb 27 07:03:37 UTC 2020
12162 ms. Memory: 463872K Free: 265278K (57%)
ptolemy.util.test.WatchDog.cancel(): canceling Thu Feb 27 07:03:50 UTC 2020
auto.tcl: Setting watchdog for 200 seconds at Thu Feb 27 07:03:50 UTC 2020
9149 ms. Memory: 463872K Free: 357474K (77%)
ptolemy.util.test.WatchDog.cancel(): canceling Thu Feb 27 07:03:59 UTC 2020
------------------ testing $PTII/ptolemy/domains/de/test/auto/TwoSigmaDelta.xml
auto.tcl: Setting watchdog for 200 seconds at Thu Feb 27 07:04:00 UTC 2020
2310 ms. Memory: 92160K Free: 17906K (19%)
ptolemy.util.test.WatchDog.cancel(): canceling Thu Feb 27 07:04:02 UTC 2020
auto.tcl: Setting watchdog for 200 seconds at Thu Feb 27 07:04:02 UTC 2020
1769 ms. Memory: 92160K Free: 15427K (17%)
ptolemy.util.test.WatchDog.cancel(): canceling Thu Feb 27 07:04:04 UTC 2020
------------------ testing $PTII/ptolemy/domains/de/test/auto/VariableDelay.xml
auto.tcl: Setting watchdog for 200 seconds at Thu Feb 27 07:04:04 UTC 2020
2 ms. Memory: 55296K Free: 35113K (64%)
ptolemy.util.test.WatchDog.cancel(): canceling Thu Feb 27 07:04:04 UTC 2020
auto.tcl: Setting watchdog for 200 seconds at Thu Feb 27 07:04:04 UTC 2020
2 ms. Memory: 55296K Free: 34119K (62%)
ptolemy.util.test.WatchDog.cancel(): canceling Thu Feb 27 07:04:04 UTC 2020
------------------ testing $PTII/ptolemy/domains/de/test/auto/VariableDelay2.xml
auto.tcl: Setting watchdog for 200 seconds at Thu Feb 27 07:04:04 UTC 2020
2 ms. Memory: 55296K Free: 35707K (65%)
ptolemy.util.test.WatchDog.cancel(): canceling Thu Feb 27 07:04:04 UTC 2020
auto.tcl: Setting watchdog for 200 seconds at Thu Feb 27 07:04:04 UTC 2020
2 ms. Memory: 55296K Free: 35195K (64%)
ptolemy.util.test.WatchDog.cancel(): canceling Thu Feb 27 07:04:04 UTC 2020
------------------ testing $PTII/ptolemy/domains/de/test/auto/VariableDelayZeroDelay.xml
auto.tcl: Setting watchdog for 200 seconds at Thu Feb 27 07:04:04 UTC 2020
2 ms. Memory: 55296K Free: 36056K (65%)
ptolemy.util.test.WatchDog.cancel(): canceling Thu Feb 27 07:04:04 UTC 2020
auto.tcl: Setting watchdog for 200 seconds at Thu Feb 27 07:04:04 UTC 2020
1 ms. Memory: 55296K Free: 35512K (64%)
ptolemy.util.test.WatchDog.cancel(): canceling Thu Feb 27 07:04:04 UTC 2020
------------------ testing $PTII/ptolemy/domains/de/test/auto/VariableDelayZeroDelay2.xml
auto.tcl: Setting watchdog for 200 seconds at Thu Feb 27 07:04:04 UTC 2020
2 ms. Memory: 55296K Free: 36054K (65%)
ptolemy.util.test.WatchDog.cancel(): canceling Thu Feb 27 07:04:04 UTC 2020
auto.tcl: Setting watchdog for 200 seconds at Thu Feb 27 07:04:04 UTC 2020
1 ms. Memory: 55296K Free: 35030K (63%)
ptolemy.util.test.WatchDog.cancel(): canceling Thu Feb 27 07:04:04 UTC 2020
------------------ testing $PTII/ptolemy/domains/de/test/auto/deInCt.xml
auto.tcl: Setting watchdog for 200 seconds at Thu Feb 27 07:04:04 UTC 2020
0
1
1
0
0
0
1
1
0
0
0
0
1
1
0
0
0
0
1
1
1
0
0
0
1
1
0
0
1
1
1
1
0
0
0
1
1
1
0
0
0
1
1
1
0
0
0
1
1
1
20 ms. Memory: 55296K Free: 35027K (63%)
ptolemy.util.test.WatchDog.cancel(): canceling Thu Feb 27 07:04:04 UTC 2020
auto.tcl: Setting watchdog for 200 seconds at Thu Feb 27 07:04:04 UTC 2020
0
1
1
1
0
0
0
0
1
1
1
0
0
0
1
1
1
0
0
0
0
0
0
1
1
1
1
0
0
0
1
1
1
1
15 ms. Memory: 55296K Free: 33489K (61%)
ptolemy.util.test.WatchDog.cancel(): canceling Thu Feb 27 07:04:04 UTC 2020
------------------ testing $PTII/ptolemy/domains/de/test/auto/deInCt2.xml
auto.tcl: Setting watchdog for 200 seconds at Thu Feb 27 07:04:04 UTC 2020
0
1
1
1
0
0
1
1
1
0
0
1
1
1
0
0
1
1
1
0
0
1
1
1
0
0
1
1
1
0
0
1
1
1
0
0
1
1
1
0
0
0
9 ms. Memory: 51200K Free: 30932K (60%)
ptolemy.util.test.WatchDog.cancel(): canceling Thu Feb 27 07:04:04 UTC 2020
auto.tcl: Setting watchdog for 200 seconds at Thu Feb 27 07:04:04 UTC 2020
0
1
1
1
0
0
1
1
1
0
0
1
1
1
0
0
1
1
1
0
0
1
1
1
0
0
1
1
1
0
0
1
1
1
0
0
1
1
1
0
0
0
6 ms. Memory: 51200K Free: 29380K (57%)
ptolemy.util.test.WatchDog.cancel(): canceling Thu Feb 27 07:04:04 UTC 2020
------------------ testing $PTII/ptolemy/domains/de/test/auto/dynamicCausalityInterface1.xml
auto.tcl: Setting watchdog for 200 seconds at Thu Feb 27 07:04:04 UTC 2020
1 ms. Memory: 51200K Free: 26830K (52%)
ptolemy.util.test.WatchDog.cancel(): canceling Thu Feb 27 07:04:04 UTC 2020
auto.tcl: Setting watchdog for 200 seconds at Thu Feb 27 07:04:04 UTC 2020
0 ms. Memory: 51200K Free: 26332K (51%)
ptolemy.util.test.WatchDog.cancel(): canceling Thu Feb 27 07:04:04 UTC 2020
------------------ testing $PTII/ptolemy/domains/de/test/auto/fsm_de_test.xml
auto.tcl: Setting watchdog for 200 seconds at Thu Feb 27 07:04:04 UTC 2020
9 ms. Memory: 51200K Free: 26729K (52%)
ptolemy.util.test.WatchDog.cancel(): canceling Thu Feb 27 07:04:04 UTC 2020
auto.tcl: Setting watchdog for 200 seconds at Thu Feb 27 07:04:04 UTC 2020
5 ms. Memory: 51200K Free: 24681K (48%)
ptolemy.util.test.WatchDog.cancel(): canceling Thu Feb 27 07:04:04 UTC 2020
------------------ testing $PTII/ptolemy/domains/de/test/auto/functionDependencyReconstruction.xml
auto.tcl: Setting watchdog for 200 seconds at Thu Feb 27 07:04:04 UTC 2020
3 ms. Memory: 51200K Free: 20680K (40%)
ptolemy.util.test.WatchDog.cancel(): canceling Thu Feb 27 07:04:04 UTC 2020
auto.tcl: Setting watchdog for 200 seconds at Thu Feb 27 07:04:04 UTC 2020
3 ms. Memory: 51200K Free: 18527K (36%)
ptolemy.util.test.WatchDog.cancel(): canceling Thu Feb 27 07:04:04 UTC 2020
------------------ testing $PTII/ptolemy/domains/de/test/auto/multirate.xml
auto.tcl: Setting watchdog for 200 seconds at Thu Feb 27 07:04:04 UTC 2020
3 ms. Memory: 51200K Free: 28785K (56%)
ptolemy.util.test.WatchDog.cancel(): canceling Thu Feb 27 07:04:05 UTC 2020
auto.tcl: Setting watchdog for 200 seconds at Thu Feb 27 07:04:05 UTC 2020
3 ms. Memory: 51200K Free: 27624K (54%)
ptolemy.util.test.WatchDog.cancel(): canceling Thu Feb 27 07:04:05 UTC 2020
------------------ testing $PTII/ptolemy/domains/de/test/auto/multirate2.xml
auto.tcl: Setting watchdog for 200 seconds at Thu Feb 27 07:04:05 UTC 2020
2 ms. Memory: 51200K Free: 29339K (57%)
ptolemy.util.test.WatchDog.cancel(): canceling Thu Feb 27 07:04:05 UTC 2020
auto.tcl: Setting watchdog for 200 seconds at Thu Feb 27 07:04:05 UTC 2020
3 ms. Memory: 51200K Free: 27805K (54%)
ptolemy.util.test.WatchDog.cancel(): canceling Thu Feb 27 07:04:05 UTC 2020
------------------ testing $PTII/ptolemy/domains/de/test/auto/realtime.xml
auto.tcl: Setting watchdog for 200 seconds at Thu Feb 27 07:04:05 UTC 2020
10001 ms. Memory: 51200K Free: 31588K (62%)
ptolemy.util.test.WatchDog.cancel(): canceling Thu Feb 27 07:04:15 UTC 2020
auto.tcl: Setting watchdog for 200 seconds at Thu Feb 27 07:04:15 UTC 2020
10002 ms. Memory: 51200K Free: 30875K (60%)
ptolemy.util.test.WatchDog.cancel(): canceling Thu Feb 27 07:04:25 UTC 2020
------------------ testing $PTII/ptolemy/domains/de/test/auto/relationGroup.xml
auto.tcl: Setting watchdog for 200 seconds at Thu Feb 27 07:04:25 UTC 2020
1 ms. Memory: 51200K Free: 32659K (64%)
ptolemy.util.test.WatchDog.cancel(): canceling Thu Feb 27 07:04:25 UTC 2020
auto.tcl: Setting watchdog for 200 seconds at Thu Feb 27 07:04:25 UTC 2020
2 ms. Memory: 51200K Free: 32148K (63%)
ptolemy.util.test.WatchDog.cancel(): canceling Thu Feb 27 07:04:25 UTC 2020
------------------ testing $PTII/ptolemy/domains/de/test/auto/relationGroup2.xml
auto.tcl: Setting watchdog for 200 seconds at Thu Feb 27 07:04:25 UTC 2020
1 ms. Memory: 51200K Free: 32715K (64%)
ptolemy.util.test.WatchDog.cancel(): canceling Thu Feb 27 07:04:25 UTC 2020
auto.tcl: Setting watchdog for 200 seconds at Thu Feb 27 07:04:25 UTC 2020
2 ms. Memory: 51200K Free: 32220K (63%)
ptolemy.util.test.WatchDog.cancel(): canceling Thu Feb 27 07:04:25 UTC 2020
------------------ testing $PTII/ptolemy/domains/de/test/auto/sortWithOpaquePorts.xml
auto.tcl: Setting watchdog for 200 seconds at Thu Feb 27 07:04:25 UTC 2020
1 ms. Memory: 51200K Free: 31453K (61%)
ptolemy.util.test.WatchDog.cancel(): canceling Thu Feb 27 07:04:25 UTC 2020
auto.tcl: Setting watchdog for 200 seconds at Thu Feb 27 07:04:25 UTC 2020
2 ms. Memory: 51200K Free: 30430K (59%)
ptolemy.util.test.WatchDog.cancel(): canceling Thu Feb 27 07:04:25 UTC 2020
------------------ testing $PTII/ptolemy/domains/de/test/auto/transferInputsandOutputs.xml
auto.tcl: Setting watchdog for 200 seconds at Thu Feb 27 07:04:25 UTC 2020
5 ms. Memory: 51200K Free: 28896K (56%)
ptolemy.util.test.WatchDog.cancel(): canceling Thu Feb 27 07:04:25 UTC 2020
auto.tcl: Setting watchdog for 200 seconds at Thu Feb 27 07:04:25 UTC 2020
2 ms. Memory: 51200K Free: 27875K (54%)
ptolemy.util.test.WatchDog.cancel(): canceling Thu Feb 27 07:04:25 UTC 2020
------------------ testing $PTII/ptolemy/domains/de/test/auto/triggerType.xml
auto.tcl: Setting watchdog for 200 seconds at Thu Feb 27 07:04:25 UTC 2020
2 ms. Memory: 51200K Free: 31921K (62%)
ptolemy.util.test.WatchDog.cancel(): canceling Thu Feb 27 07:04:25 UTC 2020
auto.tcl: Setting watchdog for 200 seconds at Thu Feb 27 07:04:25 UTC 2020
1 ms. Memory: 51200K Free: 30897K (60%)
ptolemy.util.test.WatchDog.cancel(): canceling Thu Feb 27 07:04:25 UTC 2020
02/27/20 07:04:25
Failed: 0  Total Tests: 192  ((Passed: 187, Newly Passed: 1)  Known Failed: 5) /home/travis/build/icyphy/ptII/ptolemy/domains/de/test
02/27/20 07:04:25
Failed: 0  Total Tests: 192  ((Passed: 187, Newly Passed: 1)  Known Failed: 5) /home/travis/build/icyphy/ptII/ptolemy/domains/de/test
----------------- testing (KnownFailure) /home/travis/build/icyphy/ptII/ptolemy/domains/de/test/auto/knownFailedTests/DESDFClockTest.xml
2010 ms. Memory: 51200K Free: 25316K (49%)
Known Failure: java.lang.reflect.InvocationTargetException
----------------- testing (KnownFailure) /home/travis/build/icyphy/ptII/ptolemy/domains/de/test/auto/knownFailedTests/DirectFeedback.xml
10 ms. Memory: 51200K Free: 21734K (42%)
Known Failure: java.lang.reflect.InvocationTargetException
----------------- testing (KnownFailure) /home/travis/build/icyphy/ptII/ptolemy/domains/de/test/auto/knownFailedTests/FSMSource.xml
14 ms. Memory: 51200K Free: 14566K (28%)
----------------- testing (KnownFailure) /home/travis/build/icyphy/ptII/ptolemy/domains/de/test/auto/knownFailedTests/HierarchicalModel.xml
3 ms. Memory: 51200K Free: 26723K (52%)
Known Failure: java.lang.reflect.InvocationTargetException
----------------- testing (KnownFailure) /home/travis/build/icyphy/ptII/ptolemy/domains/de/test/auto/knownFailedTests/dependencyLoop.xml
3 ms. Memory: 51200K Free: 11435K (22%)
Known Failure: java.lang.reflect.InvocationTargetException
----------------- testing (KnownFailure) /home/travis/build/icyphy/ptII/ptolemy/domains/de/test/auto/knownFailedTests/dependencyLoop2.xml
6 ms. Memory: 51200K Free: 24314K (47%)
Known Failure: java.lang.reflect.InvocationTargetException
No auto/linux-amd64/*.xml tests in /home/travis/build/icyphy/ptII/ptolemy/domains/de/test
AutoTests.java: About to close Vertx.
AutoTests.java: Vertx closed.

===========================================================================================
----------------- testing Thu Feb 27 07:04:27 UTC 2020 /home/travis/build/icyphy/ptII/ptolemy/domains/de/test/auto/ActorDepthCalculation_actorWithoutPorts.xml
----------------- Instantiating /home/travis/build/icyphy/ptII/ptolemy/domains/de/test/auto/ActorDepthCalculation_actorWithoutPorts.xml
3 ms. Memory: 51200K Free: 17862K (35%)
----------------- Invoking toplevel() on ptolemy.moml.MoMLSimpleApplication@48159a06
----------------- Done invoking toplevel() on ptolemy.moml.MoMLSimpleApplication@48159a06
reloadAllAccessors: .ActorDepthCalculation_actorWithoutPorts

===========================================================================================
----------------- testing Thu Feb 27 07:04:27 UTC 2020 /home/travis/build/icyphy/ptII/ptolemy/domains/de/test/auto/AssemblyLine.xml
----------------- Instantiating /home/travis/build/icyphy/ptII/ptolemy/domains/de/test/auto/AssemblyLine.xml
2 ms. Memory: 51200K Free: 10401K (20%)
----------------- Invoking toplevel() on ptolemy.moml.MoMLSimpleApplication@7fd6752f
----------------- Done invoking toplevel() on ptolemy.moml.MoMLSimpleApplication@7fd6752f
reloadAllAccessors: .AssemblyLine

===========================================================================================
----------------- testing Thu Feb 27 07:04:27 UTC 2020 /home/travis/build/icyphy/ptII/ptolemy/domains/de/test/auto/CQBug1.xml
----------------- Instantiating /home/travis/build/icyphy/ptII/ptolemy/domains/de/test/auto/CQBug1.xml
5 ms. Memory: 51200K Free: 35557K (69%)
----------------- Invoking toplevel() on ptolemy.moml.MoMLSimpleApplication@580f9774
----------------- Done invoking toplevel() on ptolemy.moml.MoMLSimpleApplication@580f9774
reloadAllAccessors: .CQBug1

===========================================================================================
----------------- testing Thu Feb 27 07:04:27 UTC 2020 /home/travis/build/icyphy/ptII/ptolemy/domains/de/test/auto/CancelFireAt.xml
----------------- Instantiating /home/travis/build/icyphy/ptII/ptolemy/domains/de/test/auto/CancelFireAt.xml
0 ms. Memory: 51200K Free: 32999K (64%)
----------------- Invoking toplevel() on ptolemy.moml.MoMLSimpleApplication@1cba8491
----------------- Done invoking toplevel() on ptolemy.moml.MoMLSimpleApplication@1cba8491
reloadAllAccessors: .CancelFireAt

===========================================================================================
----------------- testing Thu Feb 27 07:04:27 UTC 2020 /home/travis/build/icyphy/ptII/ptolemy/domains/de/test/auto/CausalityAndComposabilityAnalysis.xml
----------------- Instantiating /home/travis/build/icyphy/ptII/ptolemy/domains/de/test/auto/CausalityAndComposabilityAnalysis.xml
2 ms. Memory: 51200K Free: 28713K (56%)
----------------- Invoking toplevel() on ptolemy.moml.MoMLSimpleApplication@1dd01997
----------------- Done invoking toplevel() on ptolemy.moml.MoMLSimpleApplication@1dd01997
reloadAllAccessors: .CausalityAndComposabilityAnalysis

===========================================================================================
----------------- testing Thu Feb 27 07:04:27 UTC 2020 /home/travis/build/icyphy/ptII/ptolemy/domains/de/test/auto/CausalityInterface1.xml
----------------- Instantiating /home/travis/build/icyphy/ptII/ptolemy/domains/de/test/auto/CausalityInterface1.xml
5 ms. Memory: 51200K Free: 23767K (46%)
----------------- Invoking toplevel() on ptolemy.moml.MoMLSimpleApplication@33dd86bf
----------------- Done invoking toplevel() on ptolemy.moml.MoMLSimpleApplication@33dd86bf
reloadAllAccessors: .CausalityInterface1

===========================================================================================
----------------- testing Thu Feb 27 07:04:27 UTC 2020 /home/travis/build/icyphy/ptII/ptolemy/domains/de/test/auto/CausalityInterface15.xml
----------------- Instantiating /home/travis/build/icyphy/ptII/ptolemy/domains/de/test/auto/CausalityInterface15.xml
2 ms. Memory: 51200K Free: 18599K (36%)
----------------- Invoking toplevel() on ptolemy.moml.MoMLSimpleApplication@7db5173d
----------------- Done invoking toplevel() on ptolemy.moml.MoMLSimpleApplication@7db5173d
reloadAllAccessors: .CausalityInterface15

===========================================================================================
----------------- testing Thu Feb 27 07:04:27 UTC 2020 /home/travis/build/icyphy/ptII/ptolemy/domains/de/test/auto/CausalityInterface2.xml
----------------- Instantiating /home/travis/build/icyphy/ptII/ptolemy/domains/de/test/auto/CausalityInterface2.xml
1 ms. Memory: 51200K Free: 13952K (27%)
[...]
	at ptolemy.actor.Manager.run(Manager.java:1263)
	at ptolemy.actor.Manager$PtolemyRunThread.run(Manager.java:1933)
java.lang.RuntimeException: Execution failed
	at ptolemy.moml.MoMLSimpleApplication$UnloadThread.run(MoMLSimpleApplication.java:402)
Caused by: ptolemy.kernel.util.IllegalActionException: Actor is not ready to fire.  Perhaps UpSample.prefire() returned false? Try debugging the actor by selecting "Listen to Actor".  Also, for SDF check moml for tokenConsumptionRate on input.
  in .DESDFClockTest.Play Bell.Copy1:SDF Director and .DESDFClockTest.Play Bell.UpSample
	at ptolemy.actor.sched.StaticSchedulingDirector.fire(StaticSchedulingDirector.java:227)
	at ptolemy.domains.sdf.kernel.SDFDirector.fire(SDFDirector.java:500)
	at ptolemy.actor.CompositeActor.fire(CompositeActor.java:455)
	at ptolemy.domains.de.kernel.DEDirector._fire(DEDirector.java:1949)
	at ptolemy.domains.de.kernel.DEDirector.fire(DEDirector.java:502)
	at ptolemy.actor.CompositeActor.fire(CompositeActor.java:455)
	at ptolemy.actor.Manager.iterate(Manager.java:851)
	at ptolemy.actor.Manager.execute(Manager.java:369)
	at ptolemy.actor.Manager.run(Manager.java:1263)
	at ptolemy.actor.Manager$PtolemyRunThread.run(Manager.java:1933)
java.lang.reflect.InvocationTargetException
	at java.base/jdk.internal.reflect.NativeConstructorAccessorImpl.newInstance0(Native Method)
	at java.base/jdk.internal.reflect.NativeConstructorAccessorImpl.newInstance(NativeConstructorAccessorImpl.java:62)
	at java.base/jdk.internal.reflect.DelegatingConstructorAccessorImpl.newInstance(DelegatingConstructorAccessorImpl.java:45)
	at java.base/java.lang.reflect.Constructor.newInstance(Constructor.java:490)
	at ptolemy.util.test.junit.AutoKnownFailedTests.RunModel(AutoKnownFailedTests.java:105)
	at java.base/jdk.internal.reflect.NativeMethodAccessorImpl.invoke0(Native Method)
	at java.base/jdk.internal.reflect.NativeMethodAccessorImpl.invoke(NativeMethodAccessorImpl.java:62)
	at java.base/jdk.internal.reflect.DelegatingMethodAccessorImpl.invoke(DelegatingMethodAccessorImpl.java:43)
	at java.base/java.lang.reflect.Method.invoke(Method.java:566)
	at org.junit.runners.model.FrameworkMethod$1.runReflectiveCall(FrameworkMethod.java:44)
	at org.junit.internal.runners.model.ReflectiveCallable.run(ReflectiveCallable.java:15)
	at org.junit.runners.model.FrameworkMethod.invokeExplosively(FrameworkMethod.java:41)
	at junitparams.internal.InvokeParameterisedMethod.evaluate(InvokeParameterisedMethod.java:102)
	at org.junit.internal.runners.statements.FailOnTimeout$1.run(FailOnTimeout.java:28)
Caused by: ptolemy.kernel.util.IllegalActionException: Actor is not ready to fire.  Perhaps UpSample.prefire() returned false? Try debugging the actor by selecting "Listen to Actor".  Also, for SDF check moml for tokenConsumptionRate on input.
  in .DESDFClockTest.Play Bell.Copy1:SDF Director and .DESDFClockTest.Play Bell.UpSample
	at ptolemy.actor.sched.StaticSchedulingDirector.fire(StaticSchedulingDirector.java:227)
	at ptolemy.domains.sdf.kernel.SDFDirector.fire(SDFDirector.java:500)
	at ptolemy.actor.CompositeActor.fire(CompositeActor.java:455)
	at ptolemy.domains.de.kernel.DEDirector._fire(DEDirector.java:1949)
	at ptolemy.domains.de.kernel.DEDirector.fire(DEDirector.java:502)
	at ptolemy.actor.CompositeActor.fire(CompositeActor.java:455)
	at ptolemy.actor.Manager.iterate(Manager.java:851)
	at ptolemy.actor.Manager.execute(Manager.java:369)
	at ptolemy.actor.Manager.run(Manager.java:1263)
	at ptolemy.actor.Manager$PtolemyRunThread.run(Manager.java:1933)
java.lang.RuntimeException: Execution failed
	at ptolemy.moml.MoMLSimpleApplication$UnloadThread.run(MoMLSimpleApplication.java:402)
Caused by: ptolemy.kernel.util.IllegalActionException: Test fails in iteration 1.
Value was: 1.0. Should have been: 2.0
  in .DirectFeedback.Test
	at ptolemy.actor.lib.Test.fire(Test.java:268)
	at ptolemy.domains.de.kernel.DEDirector._fire(DEDirector.java:1949)
	at ptolemy.domains.de.kernel.DEDirector.fire(DEDirector.java:502)
	at ptolemy.actor.CompositeActor.fire(CompositeActor.java:455)
	at ptolemy.actor.Manager.iterate(Manager.java:851)
	at ptolemy.actor.Manager.execute(Manager.java:369)
	at ptolemy.actor.Manager.run(Manager.java:1263)
	at ptolemy.actor.Manager$PtolemyRunThread.run(Manager.java:1933)
java.lang.reflect.InvocationTargetException
	at java.base/jdk.internal.reflect.NativeConstructorAccessorImpl.newInstance0(Native Method)
	at java.base/jdk.internal.reflect.NativeConstructorAccessorImpl.newInstance(NativeConstructorAccessorImpl.java:62)
	at java.base/jdk.internal.reflect.DelegatingConstructorAccessorImpl.newInstance(DelegatingConstructorAccessorImpl.java:45)
	at java.base/java.lang.reflect.Constructor.newInstance(Constructor.java:490)
	at ptolemy.util.test.junit.AutoKnownFailedTests.RunModel(AutoKnownFailedTests.java:105)
	at java.base/jdk.internal.reflect.NativeMethodAccessorImpl.invoke0(Native Method)
	at java.base/jdk.internal.reflect.NativeMethodAccessorImpl.invoke(NativeMethodAccessorImpl.java:62)
	at java.base/jdk.internal.reflect.DelegatingMethodAccessorImpl.invoke(DelegatingMethodAccessorImpl.java:43)
	at java.base/java.lang.reflect.Method.invoke(Method.java:566)
	at org.junit.runners.model.FrameworkMethod$1.runReflectiveCall(FrameworkMethod.java:44)
	at org.junit.internal.runners.model.ReflectiveCallable.run(ReflectiveCallable.java:15)
	at org.junit.runners.model.FrameworkMethod.invokeExplosively(FrameworkMethod.java:41)
	at junitparams.internal.InvokeParameterisedMethod.evaluate(InvokeParameterisedMethod.java:102)
	at org.junit.internal.runners.statements.FailOnTimeout$1.run(FailOnTimeout.java:28)
Caused by: ptolemy.kernel.util.IllegalActionException: Test fails in iteration 1.
Value was: 1.0. Should have been: 2.0
  in .DirectFeedback.Test
	at ptolemy.actor.lib.Test.fire(Test.java:268)
	at ptolemy.domains.de.kernel.DEDirector._fire(DEDirector.java:1949)
	at ptolemy.domains.de.kernel.DEDirector.fire(DEDirector.java:502)
	at ptolemy.actor.CompositeActor.fire(CompositeActor.java:455)
	at ptolemy.actor.Manager.iterate(Manager.java:851)
	at ptolemy.actor.Manager.execute(Manager.java:369)
	at ptolemy.actor.Manager.run(Manager.java:1263)
	at ptolemy.actor.Manager$PtolemyRunThread.run(Manager.java:1933)
java.lang.RuntimeException: Execution failed
	at ptolemy.moml.MoMLSimpleApplication$UnloadThread.run(MoMLSimpleApplication.java:402)
Caused by: ptolemy.kernel.util.IllegalActionException: Found a zero delay loop containing .HierarchicalModel.A
  in .HierarchicalModel and .HierarchicalModel.A
	at ptolemy.actor.util.CausalityInterfaceForComposites._computeOutputPortDepth(CausalityInterfaceForComposites.java:759)
	at ptolemy.actor.util.CausalityInterfaceForComposites._computeInputDepth(CausalityInterfaceForComposites.java:696)
	at ptolemy.actor.util.CausalityInterfaceForComposites._computeOutputPortDepth(CausalityInterfaceForComposites.java:765)
	at ptolemy.actor.util.CausalityInterfaceForComposites._computeInputDepth(CausalityInterfaceForComposites.java:696)
	at ptolemy.actor.util.CausalityInterfaceForComposites._computeOutputPortDepth(CausalityInterfaceForComposites.java:765)
	at ptolemy.actor.util.CausalityInterfaceForComposites._computeInputDepth(CausalityInterfaceForComposites.java:696)
	at ptolemy.actor.util.CausalityInterfaceForComposites._computeActorDepth(CausalityInterfaceForComposites.java:532)
	at ptolemy.actor.util.CausalityInterfaceForComposites.checkForCycles(CausalityInterfaceForComposites.java:96)
	at ptolemy.domains.de.kernel.DEDirector.preinitialize(DEDirector.java:1338)
	at ptolemy.actor.CompositeActor.preinitialize(CompositeActor.java:1828)
	at ptolemy.actor.Manager.preinitializeAndResolveTypes(Manager.java:1040)
	at ptolemy.actor.Manager.initialize(Manager.java:710)
	at ptolemy.actor.Manager.execute(Manager.java:356)
	at ptolemy.actor.Manager.run(Manager.java:1263)
	at ptolemy.actor.Manager$PtolemyRunThread.run(Manager.java:1933)
java.lang.reflect.InvocationTargetException
	at java.base/jdk.internal.reflect.NativeConstructorAccessorImpl.newInstance0(Native Method)
	at java.base/jdk.internal.reflect.NativeConstructorAccessorImpl.newInstance(NativeConstructorAccessorImpl.java:62)
	at java.base/jdk.internal.reflect.DelegatingConstructorAccessorImpl.newInstance(DelegatingConstructorAccessorImpl.java:45)
	at java.base/java.lang.reflect.Constructor.newInstance(Constructor.java:490)
	at ptolemy.util.test.junit.AutoKnownFailedTests.RunModel(AutoKnownFailedTests.java:105)
	at java.base/jdk.internal.reflect.NativeMethodAccessorImpl.invoke0(Native Method)
	at java.base/jdk.internal.reflect.NativeMethodAccessorImpl.invoke(NativeMethodAccessorImpl.java:62)
	at java.base/jdk.internal.reflect.DelegatingMethodAccessorImpl.invoke(DelegatingMethodAccessorImpl.java:43)
	at java.base/java.lang.reflect.Method.invoke(Method.java:566)
	at org.junit.runners.model.FrameworkMethod$1.runReflectiveCall(FrameworkMethod.java:44)
	at org.junit.internal.runners.model.ReflectiveCallable.run(ReflectiveCallable.java:15)
	at org.junit.runners.model.FrameworkMethod.invokeExplosively(FrameworkMethod.java:41)
	at junitparams.internal.InvokeParameterisedMethod.evaluate(InvokeParameterisedMethod.java:102)
	at org.junit.internal.runners.statements.FailOnTimeout$1.run(FailOnTimeout.java:28)
Caused by: ptolemy.kernel.util.IllegalActionException: Found a zero delay loop containing .HierarchicalModel.A
  in .HierarchicalModel and .HierarchicalModel.A
	at ptolemy.actor.util.CausalityInterfaceForComposites._computeOutputPortDepth(CausalityInterfaceForComposites.java:759)
	at ptolemy.actor.util.CausalityInterfaceForComposites._computeInputDepth(CausalityInterfaceForComposites.java:696)
	at ptolemy.actor.util.CausalityInterfaceForComposites._computeOutputPortDepth(CausalityInterfaceForComposites.java:765)
	at ptolemy.actor.util.CausalityInterfaceForComposites._computeInputDepth(CausalityInterfaceForComposites.java:696)
	at ptolemy.actor.util.CausalityInterfaceForComposites._computeOutputPortDepth(CausalityInterfaceForComposites.java:765)
	at ptolemy.actor.util.CausalityInterfaceForComposites._computeInputDepth(CausalityInterfaceForComposites.java:696)
	at ptolemy.actor.util.CausalityInterfaceForComposites._computeActorDepth(CausalityInterfaceForComposites.java:532)
	at ptolemy.actor.util.CausalityInterfaceForComposites.checkForCycles(CausalityInterfaceForComposites.java:96)
	at ptolemy.domains.de.kernel.DEDirector.preinitialize(DEDirector.java:1338)
	at ptolemy.actor.CompositeActor.preinitialize(CompositeActor.java:1828)
	at ptolemy.actor.Manager.preinitializeAndResolveTypes(Manager.java:1040)
	at ptolemy.actor.Manager.initialize(Manager.java:710)
	at ptolemy.actor.Manager.execute(Manager.java:356)
	at ptolemy.actor.Manager.run(Manager.java:1263)
	at ptolemy.actor.Manager$PtolemyRunThread.run(Manager.java:1933)
java.lang.RuntimeException: Execution failed
	at ptolemy.moml.MoMLSimpleApplication$UnloadThread.run(MoMLSimpleApplication.java:402)
Caused by: ptolemy.kernel.util.IllegalActionException: Found a zero delay loop containing .dependencyLoop.original
  in .dependencyLoop and .dependencyLoop.original
	at ptolemy.actor.util.CausalityInterfaceForComposites._computeOutputPortDepth(CausalityInterfaceForComposites.java:759)
	at ptolemy.actor.util.CausalityInterfaceForComposites._computeInputDepth(CausalityInterfaceForComposites.java:696)
	at ptolemy.actor.util.CausalityInterfaceForComposites._computeOutputPortDepth(CausalityInterfaceForComposites.java:765)
	at ptolemy.actor.util.CausalityInterfaceForComposites._computeInputDepth(CausalityInterfaceForComposites.java:696)
	at ptolemy.actor.util.CausalityInterfaceForComposites._computeOutputPortDepth(CausalityInterfaceForComposites.java:765)
	at ptolemy.actor.util.CausalityInterfaceForComposites._computeInputDepth(CausalityInterfaceForComposites.java:696)
	at ptolemy.actor.util.CausalityInterfaceForComposites._computeActorDepth(CausalityInterfaceForComposites.java:532)
	at ptolemy.actor.util.CausalityInterfaceForComposites.checkForCycles(CausalityInterfaceForComposites.java:96)
	at ptolemy.domains.de.kernel.DEDirector.preinitialize(DEDirector.java:1338)
	at ptolemy.actor.CompositeActor.preinitialize(CompositeActor.java:1828)
	at ptolemy.actor.Manager.preinitializeAndResolveTypes(Manager.java:1040)
	at ptolemy.actor.Manager.initialize(Manager.java:710)
	at ptolemy.actor.Manager.execute(Manager.java:356)
	at ptolemy.actor.Manager.run(Manager.java:1263)
	at ptolemy.actor.Manager$PtolemyRunThread.run(Manager.java:1933)
java.lang.reflect.InvocationTargetException
	at java.base/jdk.internal.reflect.NativeConstructorAccessorImpl.newInstance0(Native Method)
	at java.base/jdk.internal.reflect.NativeConstructorAccessorImpl.newInstance(NativeConstructorAccessorImpl.java:62)
	at java.base/jdk.internal.reflect.DelegatingConstructorAccessorImpl.newInstance(DelegatingConstructorAccessorImpl.java:45)
	at java.base/java.lang.reflect.Constructor.newInstance(Constructor.java:490)
	at ptolemy.util.test.junit.AutoKnownFailedTests.RunModel(AutoKnownFailedTests.java:105)
	at java.base/jdk.internal.reflect.NativeMethodAccessorImpl.invoke0(Native Method)
	at java.base/jdk.internal.reflect.NativeMethodAccessorImpl.invoke(NativeMethodAccessorImpl.java:62)
	at java.base/jdk.internal.reflect.DelegatingMethodAccessorImpl.invoke(DelegatingMethodAccessorImpl.java:43)
	at java.base/java.lang.reflect.Method.invoke(Method.java:566)
	at org.junit.runners.model.FrameworkMethod$1.runReflectiveCall(FrameworkMethod.java:44)
	at org.junit.internal.runners.model.ReflectiveCallable.run(ReflectiveCallable.java:15)
	at org.junit.runners.model.FrameworkMethod.invokeExplosively(FrameworkMethod.java:41)
	at junitparams.internal.InvokeParameterisedMethod.evaluate(InvokeParameterisedMethod.java:102)
	at org.junit.internal.runners.statements.FailOnTimeout$1.run(FailOnTimeout.java:28)
Caused by: ptolemy.kernel.util.IllegalActionException: Found a zero delay loop containing .dependencyLoop.original
  in .dependencyLoop and .dependencyLoop.original
	at ptolemy.actor.util.CausalityInterfaceForComposites._computeOutputPortDepth(CausalityInterfaceForComposites.java:759)
	at ptolemy.actor.util.CausalityInterfaceForComposites._computeInputDepth(CausalityInterfaceForComposites.java:696)
	at ptolemy.actor.util.CausalityInterfaceForComposites._computeOutputPortDepth(CausalityInterfaceForComposites.java:765)
	at ptolemy.actor.util.CausalityInterfaceForComposites._computeInputDepth(CausalityInterfaceForComposites.java:696)
	at ptolemy.actor.util.CausalityInterfaceForComposites._computeOutputPortDepth(CausalityInterfaceForComposites.java:765)
	at ptolemy.actor.util.CausalityInterfaceForComposites._computeInputDepth(CausalityInterfaceForComposites.java:696)
	at ptolemy.actor.util.CausalityInterfaceForComposites._computeActorDepth(CausalityInterfaceForComposites.java:532)
	at ptolemy.actor.util.CausalityInterfaceForComposites.checkForCycles(CausalityInterfaceForComposites.java:96)
	at ptolemy.domains.de.kernel.DEDirector.preinitialize(DEDirector.java:1338)
	at ptolemy.actor.CompositeActor.preinitialize(CompositeActor.java:1828)
	at ptolemy.actor.Manager.preinitializeAndResolveTypes(Manager.java:1040)
	at ptolemy.actor.Manager.initialize(Manager.java:710)
	at ptolemy.actor.Manager.execute(Manager.java:356)
	at ptolemy.actor.Manager.run(Manager.java:1263)
	at ptolemy.actor.Manager$PtolemyRunThread.run(Manager.java:1933)
java.lang.RuntimeException: Execution failed
	at ptolemy.moml.MoMLSimpleApplication$UnloadThread.run(MoMLSimpleApplication.java:402)
Caused by: ptolemy.kernel.util.IllegalActionException: Found a zero delay loop containing .dependencyLoop2.original
  in .dependencyLoop2 and .dependencyLoop2.original
	at ptolemy.actor.util.CausalityInterfaceForComposites._computeOutputPortDepth(CausalityInterfaceForComposites.java:759)
	at ptolemy.actor.util.CausalityInterfaceForComposites._computeInputDepth(CausalityInterfaceForComposites.java:696)
	at ptolemy.actor.util.CausalityInterfaceForComposites._computeOutputPortDepth(CausalityInterfaceForComposites.java:765)
	at ptolemy.actor.util.CausalityInterfaceForComposites._computeInputDepth(CausalityInterfaceForComposites.java:696)
	at ptolemy.actor.util.CausalityInterfaceForComposites._computeOutputPortDepth(CausalityInterfaceForComposites.java:765)
	at ptolemy.actor.util.CausalityInterfaceForComposites._computeInputDepth(CausalityInterfaceForComposites.java:696)
	at ptolemy.actor.util.CausalityInterfaceForComposites._computeActorDepth(CausalityInterfaceForComposites.java:532)
	at ptolemy.actor.util.CausalityInterfaceForComposites.checkForCycles(CausalityInterfaceForComposites.java:96)
	at ptolemy.domains.de.kernel.DEDirector.preinitialize(DEDirector.java:1338)
	at ptolemy.actor.CompositeActor.preinitialize(CompositeActor.java:1828)
	at ptolemy.actor.Manager.preinitializeAndResolveTypes(Manager.java:1040)
	at ptolemy.actor.Manager.initialize(Manager.java:710)
	at ptolemy.actor.Manager.execute(Manager.java:356)
	at ptolemy.actor.Manager.run(Manager.java:1263)
	at ptolemy.actor.Manager$PtolemyRunThread.run(Manager.java:1933)
java.lang.reflect.InvocationTargetException
	at java.base/jdk.internal.reflect.NativeConstructorAccessorImpl.newInstance0(Native Method)
	at java.base/jdk.internal.reflect.NativeConstructorAccessorImpl.newInstance(NativeConstructorAccessorImpl.java:62)
	at java.base/jdk.internal.reflect.DelegatingConstructorAccessorImpl.newInstance(DelegatingConstructorAccessorImpl.java:45)
	at java.base/java.lang.reflect.Constructor.newInstance(Constructor.java:490)
	at ptolemy.util.test.junit.AutoKnownFailedTests.RunModel(AutoKnownFailedTests.java:105)
	at java.base/jdk.internal.reflect.NativeMethodAccessorImpl.invoke0(Native Method)
	at java.base/jdk.internal.reflect.NativeMethodAccessorImpl.invoke(NativeMethodAccessorImpl.java:62)
	at java.base/jdk.internal.reflect.DelegatingMethodAccessorImpl.invoke(DelegatingMethodAccessorImpl.java:43)
	at java.base/java.lang.reflect.Method.invoke(Method.java:566)
	at org.junit.runners.model.FrameworkMethod$1.runReflectiveCall(FrameworkMethod.java:44)
	at org.junit.internal.runners.model.ReflectiveCallable.run(ReflectiveCallable.java:15)
	at org.junit.runners.model.FrameworkMethod.invokeExplosively(FrameworkMethod.java:41)
	at junitparams.internal.InvokeParameterisedMethod.evaluate(InvokeParameterisedMethod.java:102)
	at org.junit.internal.runners.statements.FailOnTimeout$1.run(FailOnTimeout.java:28)
Caused by: ptolemy.kernel.util.IllegalActionException: Found a zero delay loop containing .dependencyLoop2.original
  in .dependencyLoop2 and .dependencyLoop2.original
	at ptolemy.actor.util.CausalityInterfaceForComposites._computeOutputPortDepth(CausalityInterfaceForComposites.java:759)
	at ptolemy.actor.util.CausalityInterfaceForComposites._computeInputDepth(CausalityInterfaceForComposites.java:696)
	at ptolemy.actor.util.CausalityInterfaceForComposites._computeOutputPortDepth(CausalityInterfaceForComposites.java:765)
	at ptolemy.actor.util.CausalityInterfaceForComposites._computeInputDepth(CausalityInterfaceForComposites.java:696)
	at ptolemy.actor.util.CausalityInterfaceForComposites._computeOutputPortDepth(CausalityInterfaceForComposites.java:765)
	at ptolemy.actor.util.CausalityInterfaceForComposites._computeInputDepth(CausalityInterfaceForComposites.java:696)
	at ptolemy.actor.util.CausalityInterfaceForComposites._computeActorDepth(CausalityInterfaceForComposites.java:532)
	at ptolemy.actor.util.CausalityInterfaceForComposites.checkForCycles(CausalityInterfaceForComposites.java:96)
	at ptolemy.domains.de.kernel.DEDirector.preinitialize(DEDirector.java:1338)
	at ptolemy.actor.CompositeActor.preinitialize(CompositeActor.java:1828)
	at ptolemy.actor.Manager.preinitializeAndResolveTypes(Manager.java:1040)
	at ptolemy.actor.Manager.initialize(Manager.java:710)
	at ptolemy.actor.Manager.execute(Manager.java:356)
	at ptolemy.actor.Manager.run(Manager.java:1263)
	at ptolemy.actor.Manager$PtolemyRunThread.run(Manager.java:1933)
]]></system-err>
</testsuite>
