<?xml version="1.0" encoding="UTF-8" ?>
<testsuite errors="0" failures="0" hostname="travis-job-ba5f805e-6203-4b19-81f8-35405b174862" name="ptolemy.domains.sdf.test.junit.JUnitTclTest" skipped="0" tests="66" time="19.198" timestamp="2019-01-27T03:25:35">
  <properties>
[...]
</properties>
  <testcase classname="ptolemy.util.test.junit.TclTests" name="[0] /home/travis/build/icyphy/ptII/ptolemy/domains/sdf/test/SDFSchedulerErrors.tcl (RunTclFile)" time="0.645" />
  <testcase classname="ptolemy.util.test.junit.TclTests" name="[1] /home/travis/build/icyphy/ptII/ptolemy/domains/sdf/test/composition.tcl (RunTclFile)" time="0.151" />
  <testcase classname="ptolemy.util.test.junit.TclTests" name="[2] /home/travis/build/icyphy/ptII/ptolemy/domains/sdf/test/cycle.tcl (RunTclFile)" time="0.033" />
  <testcase classname="ptolemy.util.test.junit.AutoKnownFailedTests" name="[0] ThereAreNoKnowFailedTests (RunModel)" time="0.001" />
  <testcase classname="ptolemy.util.test.junit.AutoNameArchTests" name="[0] ThereAreNoAutoArchTests (RunModel)" time="0.0" />
  <testcase classname="ptolemy.util.test.junit.AutoTests" name="[0] /home/travis/build/icyphy/ptII/ptolemy/domains/sdf/test/auto/Array.xml (RunModel)" time="0.177" />
  <testcase classname="ptolemy.util.test.junit.AutoTests" name="[1] /home/travis/build/icyphy/ptII/ptolemy/domains/sdf/test/auto/Butterfly.xml (RunModel)" time="0.194" />
  <testcase classname="ptolemy.util.test.junit.AutoTests" name="[2] /home/travis/build/icyphy/ptII/ptolemy/domains/sdf/test/auto/Expression.xml (RunModel)" time="0.127" />
  <testcase classname="ptolemy.util.test.junit.AutoTests" name="[3] /home/travis/build/icyphy/ptII/ptolemy/domains/sdf/test/auto/Eye.xml (RunModel)" time="0.297" />
  <testcase classname="ptolemy.util.test.junit.AutoTests" name="[4] /home/travis/build/icyphy/ptII/ptolemy/domains/sdf/test/auto/FixFIR.xml (RunModel)" time="0.266" />
  <testcase classname="ptolemy.util.test.junit.AutoTests" name="[5] /home/travis/build/icyphy/ptII/ptolemy/domains/sdf/test/auto/FixPoint.xml (RunModel)" time="0.022" />
  <testcase classname="ptolemy.util.test.junit.AutoTests" name="[6] /home/travis/build/icyphy/ptII/ptolemy/domains/sdf/test/auto/Gravitation.xml (RunModel)" time="3.265" />
  <testcase classname="ptolemy.util.test.junit.AutoTests" name="[7] /home/travis/build/icyphy/ptII/ptolemy/domains/sdf/test/auto/GravitationWithCollisionDetection.xml (RunModel)" time="6.093" />
  <testcase classname="ptolemy.util.test.junit.AutoTests" name="[8] /home/travis/build/icyphy/ptII/ptolemy/domains/sdf/test/auto/HDF.xml (RunModel)" time="0.081" />
  <testcase classname="ptolemy.util.test.junit.AutoTests" name="[9] /home/travis/build/icyphy/ptII/ptolemy/domains/sdf/test/auto/HDFwithTransientStates.xml (RunModel)" time="0.11" />
  <testcase classname="ptolemy.util.test.junit.AutoTests" name="[10] /home/travis/build/icyphy/ptII/ptolemy/domains/sdf/test/auto/HTVQ.xml (RunModel)" time="0.789" />
  <testcase classname="ptolemy.util.test.junit.AutoTests" name="[11] /home/travis/build/icyphy/ptII/ptolemy/domains/sdf/test/auto/InferInitProduction.xml (RunModel)" time="0.026" />
  <testcase classname="ptolemy.util.test.junit.AutoTests" name="[12] /home/travis/build/icyphy/ptII/ptolemy/domains/sdf/test/auto/InferInitProductionDeeper.xml (RunModel)" time="0.027" />
  <testcase classname="ptolemy.util.test.junit.AutoTests" name="[13] /home/travis/build/icyphy/ptII/ptolemy/domains/sdf/test/auto/LMSAdaptive.xml (RunModel)" time="0.077" />
  <testcase classname="ptolemy.util.test.junit.AutoTests" name="[14] /home/travis/build/icyphy/ptII/ptolemy/domains/sdf/test/auto/LogisticMap.xml (RunModel)" time="0.457" />
  <testcase classname="ptolemy.util.test.junit.AutoTests" name="[15] /home/travis/build/icyphy/ptII/ptolemy/domains/sdf/test/auto/MaximumEntropySpectrum.xml (RunModel)" time="0.251" />
  <testcase classname="ptolemy.util.test.junit.AutoTests" name="[16] /home/travis/build/icyphy/ptII/ptolemy/domains/sdf/test/auto/MultirateSDF.xml (RunModel)" time="0.06" />
  <testcase classname="ptolemy.util.test.junit.AutoTests" name="[17] /home/travis/build/icyphy/ptII/ptolemy/domains/sdf/test/auto/MultirateSDFwithTransientStates.xml (RunModel)" time="0.068" />
  <testcase classname="ptolemy.util.test.junit.AutoTests" name="[18] /home/travis/build/icyphy/ptII/ptolemy/domains/sdf/test/auto/NoisySinewave.xml (RunModel)" time="0.055" />
  <testcase classname="ptolemy.util.test.junit.AutoTests" name="[19] /home/travis/build/icyphy/ptII/ptolemy/domains/sdf/test/auto/Objects.xml (RunModel)" time="0.042" />
  <testcase classname="ptolemy.util.test.junit.AutoTests" name="[20] /home/travis/build/icyphy/ptII/ptolemy/domains/sdf/test/auto/OrthogonalCom.xml (RunModel)" time="0.036" />
  <testcase classname="ptolemy.util.test.junit.AutoTests" name="[21] /home/travis/build/icyphy/ptII/ptolemy/domains/sdf/test/auto/RijndaelEncryption.xml (RunModel)" time="0.453" />
  <testcase classname="ptolemy.util.test.junit.AutoTests" name="[22] /home/travis/build/icyphy/ptII/ptolemy/domains/sdf/test/auto/SDFEmptyIterations.xml (RunModel)" time="0.017" />
  <testcase classname="ptolemy.util.test.junit.AutoTests" name="[23] /home/travis/build/icyphy/ptII/ptolemy/domains/sdf/test/auto/Spectrum.xml (RunModel)" time="0.076" />
  <testcase classname="ptolemy.util.test.junit.AutoTests" name="[24] /home/travis/build/icyphy/ptII/ptolemy/domains/sdf/test/auto/de_inside_sdf.xml (RunModel)" time="0.024" />
  <testcase classname="ptolemy.util.test.junit.AutoTests" name="[25] /home/travis/build/icyphy/ptII/ptolemy/domains/sdf/test/auto/disconnectedHierarchicalSDF.xml (RunModel)" time="0.021" />
  <testcase classname="ptolemy.util.test.junit.AutoTests" name="[26] /home/travis/build/icyphy/ptII/ptolemy/domains/sdf/test/auto/disconnectedSDF.xml (RunModel)" time="0.013" />
  <testcase classname="ptolemy.util.test.junit.AutoTests" name="[27] /home/travis/build/icyphy/ptII/ptolemy/domains/sdf/test/auto/emptyRefinement.xml (RunModel)" time="0.01" />
  <testcase classname="ptolemy.util.test.junit.AutoTests" name="[28] /home/travis/build/icyphy/ptII/ptolemy/domains/sdf/test/auto/filePortParameter.xml (RunModel)" time="0.046" />
  <testcase classname="ptolemy.util.test.junit.AutoTests" name="[29] /home/travis/build/icyphy/ptII/ptolemy/domains/sdf/test/auto/inferRelationWidth1.xml (RunModel)" time="0.009" />
  <testcase classname="ptolemy.util.test.junit.AutoTests" name="[30] /home/travis/build/icyphy/ptII/ptolemy/domains/sdf/test/auto/initProductionInference.xml (RunModel)" time="0.018" />
  <testcase classname="ptolemy.util.test.junit.AutoTests" name="[31] /home/travis/build/icyphy/ptII/ptolemy/domains/sdf/test/auto/relationGroup.xml (RunModel)" time="0.013" />
  <testcase classname="ptolemy.util.test.junit.AutoTests" name="[32] /home/travis/build/icyphy/ptII/ptolemy/domains/sdf/test/auto/relationGroup10.xml (RunModel)" time="0.014" />
  <testcase classname="ptolemy.util.test.junit.AutoTests" name="[33] /home/travis/build/icyphy/ptII/ptolemy/domains/sdf/test/auto/relationGroup11.xml (RunModel)" time="0.016" />
  <testcase classname="ptolemy.util.test.junit.AutoTests" name="[34] /home/travis/build/icyphy/ptII/ptolemy/domains/sdf/test/auto/relationGroup12.xml (RunModel)" time="0.014" />
  <testcase classname="ptolemy.util.test.junit.AutoTests" name="[35] /home/travis/build/icyphy/ptII/ptolemy/domains/sdf/test/auto/relationGroup13.xml (RunModel)" time="0.021" />
  <testcase classname="ptolemy.util.test.junit.AutoTests" name="[36] /home/travis/build/icyphy/ptII/ptolemy/domains/sdf/test/auto/relationGroup14.xml (RunModel)" time="0.026" />
  <testcase classname="ptolemy.util.test.junit.AutoTests" name="[37] /home/travis/build/icyphy/ptII/ptolemy/domains/sdf/test/auto/relationGroup15.xml (RunModel)" time="0.015" />
  <testcase classname="ptolemy.util.test.junit.AutoTests" name="[38] /home/travis/build/icyphy/ptII/ptolemy/domains/sdf/test/auto/relationGroup2.xml (RunModel)" time="0.021" />
  <testcase classname="ptolemy.util.test.junit.AutoTests" name="[39] /home/travis/build/icyphy/ptII/ptolemy/domains/sdf/test/auto/relationGroup3.xml (RunModel)" time="0.021" />
  <testcase classname="ptolemy.util.test.junit.AutoTests" name="[40] /home/travis/build/icyphy/ptII/ptolemy/domains/sdf/test/auto/relationGroup4.xml (RunModel)" time="0.025" />
  <testcase classname="ptolemy.util.test.junit.AutoTests" name="[41] /home/travis/build/icyphy/ptII/ptolemy/domains/sdf/test/auto/relationGroup5.xml (RunModel)" time="0.016" />
  <testcase classname="ptolemy.util.test.junit.AutoTests" name="[42] /home/travis/build/icyphy/ptII/ptolemy/domains/sdf/test/auto/relationGroup6.xml (RunModel)" time="0.021" />
  <testcase classname="ptolemy.util.test.junit.AutoTests" name="[43] /home/travis/build/icyphy/ptII/ptolemy/domains/sdf/test/auto/relationGroup7.xml (RunModel)" time="0.013" />
  <testcase classname="ptolemy.util.test.junit.AutoTests" name="[44] /home/travis/build/icyphy/ptII/ptolemy/domains/sdf/test/auto/relationGroup8.xml (RunModel)" time="0.013" />
  <testcase classname="ptolemy.util.test.junit.AutoTests" name="[45] /home/travis/build/icyphy/ptII/ptolemy/domains/sdf/test/auto/relationGroup9.xml (RunModel)" time="0.02" />
  <testcase classname="ptolemy.util.test.junit.AutoTests" name="[46] /home/travis/build/icyphy/ptII/ptolemy/domains/sdf/test/auto/sdf_inside_de.xml (RunModel)" time="0.044" />
  <testcase classname="ptolemy.util.test.junit.AutoTests" name="[47] /home/travis/build/icyphy/ptII/ptolemy/domains/sdf/test/auto/sdf_inside_pn.xml (RunModel)" time="0.06" />
  <testcase classname="ptolemy.util.test.junit.AutoTests" name="[48] /home/travis/build/icyphy/ptII/ptolemy/domains/sdf/test/auto/sdf_sdf1.xml (RunModel)" time="0.015" />
  <testcase classname="ptolemy.util.test.junit.AutoTests" name="[49] /home/travis/build/icyphy/ptII/ptolemy/domains/sdf/test/auto/test1.xml (RunModel)" time="0.013" />
  <testcase classname="ptolemy.util.test.junit.AutoTests" name="[50] /home/travis/build/icyphy/ptII/ptolemy/domains/sdf/test/auto/time1.xml (RunModel)" time="0.007" />
  <testcase classname="ptolemy.util.test.junit.AutoTests" name="[51] /home/travis/build/icyphy/ptII/ptolemy/domains/sdf/test/auto/time2.xml (RunModel)" time="0.008" />
  <testcase classname="ptolemy.util.test.junit.AutoTests" name="[52] /home/travis/build/icyphy/ptII/ptolemy/domains/sdf/test/auto/time3.xml (RunModel)" time="0.014" />
  <testcase classname="ptolemy.util.test.junit.AutoTests" name="[53] /home/travis/build/icyphy/ptII/ptolemy/domains/sdf/test/auto/time4.xml (RunModel)" time="0.032" />
  <testcase classname="ptolemy.util.test.junit.AutoTests" name="[54] /home/travis/build/icyphy/ptII/ptolemy/domains/sdf/test/auto/time5.xml (RunModel)" time="4.008" />
  <testcase classname="ptolemy.util.test.junit.AutoTests" name="[55] /home/travis/build/icyphy/ptII/ptolemy/domains/sdf/test/auto/typeSystem_Const_Integer_smallest_Type.xml (RunModel)" time="0.04" />
  <testcase classname="ptolemy.util.test.junit.AutoTests" name="[56] /home/travis/build/icyphy/ptII/ptolemy/domains/sdf/test/auto/typeSystem_declared_Inports_OutportTypeException.xml (RunModel)" time="0.014" />
  <testcase classname="ptolemy.util.test.junit.AutoTests" name="[57] /home/travis/build/icyphy/ptII/ptolemy/domains/sdf/test/auto/typeSystem_oneDeclaredInportType_wrongTypeOutport.xml (RunModel)" time="0.011" />
  <testcase classname="ptolemy.util.test.junit.AutoTests" name="[58] /home/travis/build/icyphy/ptII/ptolemy/domains/sdf/test/auto/width.xml (RunModel)" time="0.009" />
  <testcase classname="ptolemy.util.test.junit.AutoTests" name="[59] /home/travis/build/icyphy/ptII/ptolemy/domains/sdf/test/auto/width2.xml (RunModel)" time="0.033" />
  <testcase classname="ptolemy.util.test.junit.AutoTests" name="[60] /home/travis/build/icyphy/ptII/ptolemy/domains/sdf/test/auto/width3.xml (RunModel)" time="0.03" />
  <system-out><![CDATA[/home/travis/build/icyphy/ptII/ptolemy/domains/sdf/test/SDFSchedulerErrors.tcl
testDefs.tcl: setting time out to 9000 seconds at Sun Jan 27 03:25:35 UTC 2019
20 ms. Memory: 116224K Free: 108759K (94%)
14 ms. Memory: 116224K Free: 102347K (88%)
4 ms. Memory: 116224K Free: 95347K (82%)
2 ms. Memory: 116224K Free: 92244K (79%)
/home/travis/build/icyphy/ptII/ptolemy/domains/sdf/test/composition.tcl
25 ms. Memory: 116224K Free: 88604K (76%)
16 ms. Memory: 116224K Free: 86798K (75%)
/home/travis/build/icyphy/ptII/ptolemy/domains/sdf/test/cycle.tcl
.Toplevel.Director Preinitializing ...
Invoking preinitialize():  .Toplevel.Actor1
Invoking preinitialize():  .Toplevel.Actor2
Invoking preinitialize():  .Toplevel.Delay
.Toplevel.Director Finished preinitialize().
### Schedule:
Execute Schedule{
Fire Actor ptolemy.domains.sdf.kernel.test.SDFTestDelay {.Toplevel.Actor1}
Fire Actor ptolemy.domains.sdf.kernel.test.SDFTestDelay {.Toplevel.Actor2}
Fire Actor ptolemy.domains.sdf.lib.SampleDelay {.Toplevel.Delay}
}
### End schedule
Called initialize().
Invoking initialize():  .Toplevel.Actor1
Initializing actor: .Toplevel.Actor1.
Invoking initialize():  .Toplevel.Actor2
Initializing actor: .Toplevel.Actor2.
Invoking initialize():  .Toplevel.Delay
Initializing actor: .Toplevel.Delay.
Director: Called prefire().
-- Setting current time to 0.0
Director prefire returns true.
The actor .Toplevel.Actor1 will be iterated.
The actor .Toplevel.Actor1 was iterated.
The actor .Toplevel.Actor2 will be iterated.
The actor .Toplevel.Actor2 was iterated.
The actor .Toplevel.Delay will be iterated.
The actor .Toplevel.Delay was iterated.
Director: Called postfire().
Postfire returns: true
Director: Called prefire().
-- Setting current time to 0.0
Director prefire returns true.
The actor .Toplevel.Actor1 will be iterated.
The actor .Toplevel.Actor1 was iterated.
The actor .Toplevel.Actor2 will be iterated.
The actor .Toplevel.Actor2 was iterated.
The actor .Toplevel.Delay will be iterated.
The actor .Toplevel.Delay was iterated.
Director: Called postfire().
Postfire returns: true
Director: Called prefire().
-- Setting current time to 0.0
Director prefire returns true.
The actor .Toplevel.Actor1 will be iterated.
The actor .Toplevel.Actor1 was iterated.
The actor .Toplevel.Actor2 will be iterated.
The actor .Toplevel.Actor2 was iterated.
The actor .Toplevel.Delay will be iterated.
The actor .Toplevel.Delay was iterated.
Director: Called postfire().
Postfire returns: true
Director: Called prefire().
-- Setting current time to 0.0
Director prefire returns true.
The actor .Toplevel.Actor1 will be iterated.
The actor .Toplevel.Actor1 was iterated.
The actor .Toplevel.Actor2 will be iterated.
The actor .Toplevel.Actor2 was iterated.
The actor .Toplevel.Delay will be iterated.
The actor .Toplevel.Delay was iterated.
Director: Called postfire().
Postfire returns: true
Director: Called prefire().
-- Setting current time to 0.0
Director prefire returns true.
The actor .Toplevel.Actor1 will be iterated.
The actor .Toplevel.Actor1 was iterated.
The actor .Toplevel.Actor2 will be iterated.
The actor .Toplevel.Actor2 was iterated.
The actor .Toplevel.Delay will be iterated.
The actor .Toplevel.Delay was iterated.
Director: Called postfire().
Postfire returns: true
Director: Called prefire().
-- Setting current time to 0.0
Director prefire returns true.
The actor .Toplevel.Actor1 will be iterated.
The actor .Toplevel.Actor1 was iterated.
The actor .Toplevel.Actor2 will be iterated.
The actor .Toplevel.Actor2 was iterated.
The actor .Toplevel.Delay will be iterated.
The actor .Toplevel.Delay was iterated.
Reached specified number of iterations: 6
Director: Called wrapup().
7 ms. Memory: 116224K Free: 84416K (73%)
01/27/19 03:25:36
Failed: 0  Total Tests: 8  ((Passed: 8, Newly Passed: 0)  Known Failed: 0) /home/travis/build/icyphy/ptII/ptolemy/domains/sdf/test
No auto/knownFailedTests/*.xml tests in /home/travis/build/icyphy/ptII/ptolemy/domains/sdf/test
No auto/linux-amd64/*.xml tests in /home/travis/build/icyphy/ptII/ptolemy/domains/sdf/test
AutoTests.java: About to close Vertx.
AutoTests.java: Vertx closed.

===========================================================================================
----------------- testing Sun Jan 27 03:25:36 UTC 2019 /home/travis/build/icyphy/ptII/ptolemy/domains/sdf/test/auto/Array.xml
----------------- Instantiating /home/travis/build/icyphy/ptII/ptolemy/domains/sdf/test/auto/Array.xml
45 ms. Memory: 146944K Free: 110133K (75%)
----------------- Invoking toplevel() on ptolemy.moml.MoMLSimpleApplication@62c897d
----------------- Done invoking toplevel() on ptolemy.moml.MoMLSimpleApplication@62c897d
reloadAllAccessors: .Array

===========================================================================================
----------------- testing Sun Jan 27 03:25:37 UTC 2019 /home/travis/build/icyphy/ptII/ptolemy/domains/sdf/test/auto/Butterfly.xml
----------------- Instantiating /home/travis/build/icyphy/ptII/ptolemy/domains/sdf/test/auto/Butterfly.xml
122 ms. Memory: 146944K Free: 102834K (70%)
----------------- Invoking toplevel() on ptolemy.moml.MoMLSimpleApplication@7d359b0d
----------------- Done invoking toplevel() on ptolemy.moml.MoMLSimpleApplication@7d359b0d
reloadAllAccessors: .Butterfly

===========================================================================================
----------------- testing Sun Jan 27 03:25:37 UTC 2019 /home/travis/build/icyphy/ptII/ptolemy/domains/sdf/test/auto/Expression.xml
----------------- Instantiating /home/travis/build/icyphy/ptII/ptolemy/domains/sdf/test/auto/Expression.xml
66 ms. Memory: 146944K Free: 97863K (67%)
----------------- Invoking toplevel() on ptolemy.moml.MoMLSimpleApplication@182a369d
----------------- Done invoking toplevel() on ptolemy.moml.MoMLSimpleApplication@182a369d
reloadAllAccessors: .Expression

===========================================================================================
----------------- testing Sun Jan 27 03:25:37 UTC 2019 /home/travis/build/icyphy/ptII/ptolemy/domains/sdf/test/auto/Eye.xml
----------------- Instantiating /home/travis/build/icyphy/ptII/ptolemy/domains/sdf/test/auto/Eye.xml
182 ms. Memory: 146944K Free: 130105K (89%)
----------------- Invoking toplevel() on ptolemy.moml.MoMLSimpleApplication@3447b8b7
----------------- Done invoking toplevel() on ptolemy.moml.MoMLSimpleApplication@3447b8b7
reloadAllAccessors: .Eye

===========================================================================================
----------------- testing Sun Jan 27 03:25:37 UTC 2019 /home/travis/build/icyphy/ptII/ptolemy/domains/sdf/test/auto/FixFIR.xml
----------------- Instantiating /home/travis/build/icyphy/ptII/ptolemy/domains/sdf/test/auto/FixFIR.xml
129 ms. Memory: 146944K Free: 93469K (64%)
----------------- Invoking toplevel() on ptolemy.moml.MoMLSimpleApplication@48119bc7
----------------- Done invoking toplevel() on ptolemy.moml.MoMLSimpleApplication@48119bc7
reloadAllAccessors: .FixFIR

===========================================================================================
----------------- testing Sun Jan 27 03:25:37 UTC 2019 /home/travis/build/icyphy/ptII/ptolemy/domains/sdf/test/auto/FixPoint.xml
----------------- Instantiating /home/travis/build/icyphy/ptII/ptolemy/domains/sdf/test/auto/FixPoint.xml
8 ms. Memory: 146944K Free: 88907K (61%)
----------------- Invoking toplevel() on ptolemy.moml.MoMLSimpleApplication@5a307b0f
----------------- Done invoking toplevel() on ptolemy.moml.MoMLSimpleApplication@5a307b0f
reloadAllAccessors: .FixPoint

===========================================================================================
----------------- testing Sun Jan 27 03:25:37 UTC 2019 /home/travis/build/icyphy/ptII/ptolemy/domains/sdf/test/auto/Gravitation.xml
----------------- Instantiating /home/travis/build/icyphy/ptII/ptolemy/domains/sdf/test/auto/Gravitation.xml
3147 ms. Memory: 208384K Free: 124498K (60%)
----------------- Invoking toplevel() on ptolemy.moml.MoMLSimpleApplication@289dfc63
----------------- Done invoking toplevel() on ptolemy.moml.MoMLSimpleApplication@289dfc63
reloadAllAccessors: .Gravitation

===========================================================================================
----------------- testing Sun Jan 27 03:25:41 UTC 2019 /home/travis/build/icyphy/ptII/ptolemy/domains/sdf/test/auto/GravitationWithCollisionDetection.xml
----------------- Instantiating /home/travis/build/icyphy/ptII/ptolemy/domains/sdf/test/auto/GravitationWithCollisionDetection.xml
5877 ms. Memory: 872448K Free: 294828K (34%)
----------------- Invoking toplevel() on ptolemy.moml.MoMLSimpleApplication@35d7b75
----------------- Done invoking toplevel() on ptolemy.moml.MoMLSimpleApplication@35d7b75
reloadAllAccessors: .GravitationWithCollisionDetection

===========================================================================================
----------------- testing Sun Jan 27 03:25:47 UTC 2019 /home/travis/build/icyphy/ptII/ptolemy/domains/sdf/test/auto/HDF.xml
----------------- Instantiating /home/travis/build/icyphy/ptII/ptolemy/domains/sdf/test/auto/HDF.xml
38 ms. Memory: 872448K Free: 262627K (30%)
----------------- Invoking toplevel() on ptolemy.moml.MoMLSimpleApplication@59b844b9
----------------- Done invoking toplevel() on ptolemy.moml.MoMLSimpleApplication@59b844b9
reloadAllAccessors: .HDF

===========================================================================================
----------------- testing Sun Jan 27 03:25:47 UTC 2019 /home/travis/build/icyphy/ptII/ptolemy/domains/sdf/test/auto/HDFwithTransientStates.xml
----------------- Instantiating /home/travis/build/icyphy/ptII/ptolemy/domains/sdf/test/auto/HDFwithTransientStates.xml
31 ms. Memory: 872448K Free: 238702K (27%)
----------------- Invoking toplevel() on ptolemy.moml.MoMLSimpleApplication@1bb86efc
----------------- Done invoking toplevel() on ptolemy.moml.MoMLSimpleApplication@1bb86efc
reloadAllAccessors: .HDFwithTransientStates

===========================================================================================
----------------- testing Sun Jan 27 03:25:47 UTC 2019 /home/travis/build/icyphy/ptII/ptolemy/domains/sdf/test/auto/HTVQ.xml
----------------- Instantiating /home/travis/build/icyphy/ptII/ptolemy/domains/sdf/test/auto/HTVQ.xml
753 ms. Memory: 872960K Free: 845558K (97%)
----------------- Invoking toplevel() on ptolemy.moml.MoMLSimpleApplication@28183ae
----------------- Done invoking toplevel() on ptolemy.moml.MoMLSimpleApplication@28183ae
reloadAllAccessors: .HTVQ

===========================================================================================
----------------- testing Sun Jan 27 03:25:48 UTC 2019 /home/travis/build/icyphy/ptII/ptolemy/domains/sdf/test/auto/InferInitProduction.xml
----------------- Instantiating /home/travis/build/icyphy/ptII/ptolemy/domains/sdf/test/auto/InferInitProduction.xml
14 ms. Memory: 872960K Free: 827910K (95%)
----------------- Invoking toplevel() on ptolemy.moml.MoMLSimpleApplication@264a6054
----------------- Done invoking toplevel() on ptolemy.moml.MoMLSimpleApplication@264a6054
reloadAllAccessors: .InferInitProduction

===========================================================================================
----------------- testing Sun Jan 27 03:25:48 UTC 2019 /home/travis/build/icyphy/ptII/ptolemy/domains/sdf/test/auto/InferInitProductionDeeper.xml
----------------- Instantiating /home/travis/build/icyphy/ptII/ptolemy/domains/sdf/test/auto/InferInitProductionDeeper.xml
6 ms. Memory: 872960K Free: 817452K (94%)
----------------- Invoking toplevel() on ptolemy.moml.MoMLSimpleApplication@523a21f4
----------------- Done invoking toplevel() on ptolemy.moml.MoMLSimpleApplication@523a21f4
reloadAllAccessors: .InferInitProductionDeeper

===========================================================================================
----------------- testing Sun Jan 27 03:25:48 UTC 2019 /home/travis/build/icyphy/ptII/ptolemy/domains/sdf/test/auto/LMSAdaptive.xml
----------------- Instantiating /home/travis/build/icyphy/ptII/ptolemy/domains/sdf/test/auto/LMSAdaptive.xml
8 ms. Memory: 872960K Free: 801764K (92%)
----------------- Invoking toplevel() on ptolemy.moml.MoMLSimpleApplication@4ee41c8c
----------------- Done invoking toplevel() on ptolemy.moml.MoMLSimpleApplication@4ee41c8c
reloadAllAccessors: .LMSAdaptive

===========================================================================================
----------------- testing Sun Jan 27 03:25:48 UTC 2019 /home/travis/build/icyphy/ptII/ptolemy/domains/sdf/test/auto/LogisticMap.xml
----------------- Instantiating /home/travis/build/icyphy/ptII/ptolemy/domains/sdf/test/auto/LogisticMap.xml
434 ms. Memory: 872960K Free: 791306K (91%)
----------------- Invoking toplevel() on ptolemy.moml.MoMLSimpleApplication@1872102e
----------------- Done invoking toplevel() on ptolemy.moml.MoMLSimpleApplication@1872102e
reloadAllAccessors: .LogisticMap

===========================================================================================
----------------- testing Sun Jan 27 03:25:48 UTC 2019 /home/travis/build/icyphy/ptII/ptolemy/domains/sdf/test/auto/MaximumEntropySpectrum.xml
----------------- Instantiating /home/travis/build/icyphy/ptII/ptolemy/domains/sdf/test/auto/MaximumEntropySpectrum.xml
53 ms. Memory: 872960K Free: 723173K (83%)
----------------- Invoking toplevel() on ptolemy.moml.MoMLSimpleApplication@dfa301c
----------------- Done invoking toplevel() on ptolemy.moml.MoMLSimpleApplication@dfa301c
reloadAllAccessors: .MaximumEntropySpectrum

===========================================================================================
----------------- testing Sun Jan 27 03:25:49 UTC 2019 /home/travis/build/icyphy/ptII/ptolemy/domains/sdf/test/auto/MultirateSDF.xml
----------------- Instantiating /home/travis/build/icyphy/ptII/ptolemy/domains/sdf/test/auto/MultirateSDF.xml
18 ms. Memory: 872960K Free: 702224K (80%)
----------------- Invoking toplevel() on ptolemy.moml.MoMLSimpleApplication@1f1167ab
----------------- Done invoking toplevel() on ptolemy.moml.MoMLSimpleApplication@1f1167ab
reloadAllAccessors: .MultirateSDF

===========================================================================================
----------------- testing Sun Jan 27 03:25:49 UTC 2019 /home/travis/build/icyphy/ptII/ptolemy/domains/sdf/test/auto/MultirateSDFwithTransientStates.xml
----------------- Instantiating /home/travis/build/icyphy/ptII/ptolemy/domains/sdf/test/auto/MultirateSDFwithTransientStates.xml
23 ms. Memory: 872960K Free: 676046K (77%)
----------------- Invoking toplevel() on ptolemy.moml.MoMLSimpleApplication@6c8df4cf
----------------- Done invoking toplevel() on ptolemy.moml.MoMLSimpleApplication@6c8df4cf
reloadAllAccessors: .MultirateSDFwithTransientStates

===========================================================================================
----------------- testing Sun Jan 27 03:25:49 UTC 2019 /home/travis/build/icyphy/ptII/ptolemy/domains/sdf/test/auto/NoisySinewave.xml
----------------- Instantiating /home/travis/build/icyphy/ptII/ptolemy/domains/sdf/test/auto/NoisySinewave.xml
9 ms. Memory: 872960K Free: 655097K (75%)
----------------- Invoking toplevel() on ptolemy.moml.MoMLSimpleApplication@51757ed9
----------------- Done invoking toplevel() on ptolemy.moml.MoMLSimpleApplication@51757ed9
reloadAllAccessors: .NoisySinewave

===========================================================================================
----------------- testing Sun Jan 27 03:25:49 UTC 2019 /home/travis/build/icyphy/ptII/ptolemy/domains/sdf/test/auto/Objects.xml
----------------- Instantiating /home/travis/build/icyphy/ptII/ptolemy/domains/sdf/test/auto/Objects.xml
2 ms. Memory: 872960K Free: 639393K (73%)
----------------- Invoking toplevel() on ptolemy.moml.MoMLSimpleApplication@1049c923
----------------- Done invoking toplevel() on ptolemy.moml.MoMLSimpleApplication@1049c923
reloadAllAccessors: .Objects

===========================================================================================
----------------- testing Sun Jan 27 03:25:49 UTC 2019 /home/travis/build/icyphy/ptII/ptolemy/domains/sdf/test/auto/OrthogonalCom.xml
----------------- Instantiating /home/travis/build/icyphy/ptII/ptolemy/domains/sdf/test/auto/OrthogonalCom.xml
5 ms. Memory: 872960K Free: 620759K (71%)
----------------- Invoking toplevel() on ptolemy.moml.MoMLSimpleApplication@1ed6eab2
----------------- Done invoking toplevel() on ptolemy.moml.MoMLSimpleApplication@1ed6eab2
reloadAllAccessors: .OrthogonalCom

===========================================================================================
----------------- testing Sun Jan 27 03:25:49 UTC 2019 /home/travis/build/icyphy/ptII/ptolemy/domains/sdf/test/auto/RijndaelEncryption.xml
----------------- Instantiating /home/travis/build/icyphy/ptII/ptolemy/domains/sdf/test/auto/RijndaelEncryption.xml
219 ms. Memory: 872960K Free: 458403K (53%)
----------------- Invoking toplevel() on ptolemy.moml.MoMLSimpleApplication@41a06cdb
----------------- Done invoking toplevel() on ptolemy.moml.MoMLSimpleApplication@41a06cdb
reloadAllAccessors: .RijndaelEncryption

===========================================================================================
----------------- testing Sun Jan 27 03:25:49 UTC 2019 /home/travis/build/icyphy/ptII/ptolemy/domains/sdf/test/auto/SDFEmptyIterations.xml
----------------- Instantiating /home/travis/build/icyphy/ptII/ptolemy/domains/sdf/test/auto/SDFEmptyIterations.xml
5 ms. Memory: 872960K Free: 447945K (51%)
----------------- Invoking toplevel() on ptolemy.moml.MoMLSimpleApplication@130e5dc
----------------- Done invoking toplevel() on ptolemy.moml.MoMLSimpleApplication@130e5dc
reloadAllAccessors: .SDFEmptyIterations

===========================================================================================
----------------- testing Sun Jan 27 03:25:49 UTC 2019 /home/travis/build/icyphy/ptII/ptolemy/domains/sdf/test/auto/Spectrum.xml
----------------- Instantiating /home/travis/build/icyphy/ptII/ptolemy/domains/sdf/test/auto/Spectrum.xml
39 ms. Memory: 872960K Free: 427028K (49%)
----------------- Invoking toplevel() on ptolemy.moml.MoMLSimpleApplication@1a962daf
----------------- Done invoking toplevel() on ptolemy.moml.MoMLSimpleApplication@1a962daf
reloadAllAccessors: .Spectrum

===========================================================================================
----------------- testing Sun Jan 27 03:25:49 UTC 2019 /home/travis/build/icyphy/ptII/ptolemy/domains/sdf/test/auto/de_inside_sdf.xml
----------------- Instantiating /home/travis/build/icyphy/ptII/ptolemy/domains/sdf/test/auto/de_inside_sdf.xml
8 ms. Memory: 872960K Free: 416569K (48%)
----------------- Invoking toplevel() on ptolemy.moml.MoMLSimpleApplication@621cf54
----------------- Done invoking toplevel() on ptolemy.moml.MoMLSimpleApplication@621cf54
reloadAllAccessors: .de_inside_sdf

===========================================================================================
----------------- testing Sun Jan 27 03:25:49 UTC 2019 /home/travis/build/icyphy/ptII/ptolemy/domains/sdf/test/auto/disconnectedHierarchicalSDF.xml
----------------- Instantiating /home/travis/build/icyphy/ptII/ptolemy/domains/sdf/test/auto/disconnectedHierarchicalSDF.xml
6 ms. Memory: 872960K Free: 406111K (47%)
----------------- Invoking toplevel() on ptolemy.moml.MoMLSimpleApplication@7deff702
----------------- Done invoking toplevel() on ptolemy.moml.MoMLSimpleApplication@7deff702
reloadAllAccessors: .disconnectedHierarchicalSDF

===========================================================================================
----------------- testing Sun Jan 27 03:25:50 UTC 2019 /home/travis/build/icyphy/ptII/ptolemy/domains/sdf/test/auto/disconnectedSDF.xml
----------------- Instantiating /home/travis/build/icyphy/ptII/ptolemy/domains/sdf/test/auto/disconnectedSDF.xml
2 ms. Memory: 872960K Free: 395652K (45%)
----------------- Invoking toplevel() on ptolemy.moml.MoMLSimpleApplication@2932fea2
----------------- Done invoking toplevel() on ptolemy.moml.MoMLSimpleApplication@2932fea2
reloadAllAccessors: .disconnectedSDF

===========================================================================================
----------------- testing Sun Jan 27 03:25:50 UTC 2019 /home/travis/build/icyphy/ptII/ptolemy/domains/sdf/test/auto/emptyRefinement.xml
----------------- Instantiating /home/travis/build/icyphy/ptII/ptolemy/domains/sdf/test/auto/emptyRefinement.xml
3 ms. Memory: 872960K Free: 385194K (44%)
----------------- Invoking toplevel() on ptolemy.moml.MoMLSimpleApplication@763bd31c
----------------- Done invoking toplevel() on ptolemy.moml.MoMLSimpleApplication@763bd31c
reloadAllAccessors: .emptyRefinement

===========================================================================================
----------------- testing Sun Jan 27 03:25:50 UTC 2019 /home/travis/build/icyphy/ptII/ptolemy/domains/sdf/test/auto/filePortParameter.xml
----------------- Instantiating /home/travis/build/icyphy/ptII/ptolemy/domains/sdf/test/auto/filePortParameter.xml
12 ms. Memory: 872960K Free: 369490K (42%)
----------------- Invoking toplevel() on ptolemy.moml.MoMLSimpleApplication@3540e62f
----------------- Done invoking toplevel() on ptolemy.moml.MoMLSimpleApplication@3540e62f
reloadAllAccessors: .filePortParameter

===========================================================================================
----------------- testing Sun Jan 27 03:25:50 UTC 2019 /home/travis/build/icyphy/ptII/ptolemy/domains/sdf/test/auto/inferRelationWidth1.xml
----------------- Instantiating /home/travis/build/icyphy/ptII/ptolemy/domains/sdf/test/auto/inferRelationWidth1.xml
3 ms. Memory: 872960K Free: 356093K (41%)
----------------- Invoking toplevel() on ptolemy.moml.MoMLSimpleApplication@1cbbd4ef
----------------- Done invoking toplevel() on ptolemy.moml.MoMLSimpleApplication@1cbbd4ef
reloadAllAccessors: .inferRelationWidth1

===========================================================================================
----------------- testing Sun Jan 27 03:25:50 UTC 2019 /home/travis/build/icyphy/ptII/ptolemy/domains/sdf/test/auto/initProductionInference.xml
----------------- Instantiating /home/travis/build/icyphy/ptII/ptolemy/domains/sdf/test/auto/initProductionInference.xml
6 ms. Memory: 872960K Free: 345634K (40%)
----------------- Invoking toplevel() on ptolemy.moml.MoMLSimpleApplication@4f2cc7a4
----------------- Done invoking toplevel() on ptolemy.moml.MoMLSimpleApplication@4f2cc7a4
reloadAllAccessors: .initProductionInference

===========================================================================================
----------------- testing Sun Jan 27 03:25:50 UTC 2019 /home/travis/build/icyphy/ptII/ptolemy/domains/sdf/test/auto/relationGroup.xml
----------------- Instantiating /home/travis/build/icyphy/ptII/ptolemy/domains/sdf/test/auto/relationGroup.xml
2 ms. Memory: 872960K Free: 335176K (38%)
----------------- Invoking toplevel() on ptolemy.moml.MoMLSimpleApplication@487b507b
----------------- Done invoking toplevel() on ptolemy.moml.MoMLSimpleApplication@487b507b
reloadAllAccessors: .relationGroup

===========================================================================================
----------------- testing Sun Jan 27 03:25:50 UTC 2019 /home/travis/build/icyphy/ptII/ptolemy/domains/sdf/test/auto/relationGroup10.xml
----------------- Instantiating /home/travis/build/icyphy/ptII/ptolemy/domains/sdf/test/auto/relationGroup10.xml
2 ms. Memory: 872960K Free: 324717K (37%)
----------------- Invoking toplevel() on ptolemy.moml.MoMLSimpleApplication@f4ebd15
----------------- Done invoking toplevel() on ptolemy.moml.MoMLSimpleApplication@f4ebd15
reloadAllAccessors: .relationGroup10

===========================================================================================
----------------- testing Sun Jan 27 03:25:50 UTC 2019 /home/travis/build/icyphy/ptII/ptolemy/domains/sdf/test/auto/relationGroup11.xml
----------------- Instantiating /home/travis/build/icyphy/ptII/ptolemy/domains/sdf/test/auto/relationGroup11.xml
6 ms. Memory: 872960K Free: 314259K (36%)
----------------- Invoking toplevel() on ptolemy.moml.MoMLSimpleApplication@e393a96
----------------- Done invoking toplevel() on ptolemy.moml.MoMLSimpleApplication@e393a96
reloadAllAccessors: .relationGroup11

===========================================================================================
----------------- testing Sun Jan 27 03:25:50 UTC 2019 /home/travis/build/icyphy/ptII/ptolemy/domains/sdf/test/auto/relationGroup12.xml
----------------- Instantiating /home/travis/build/icyphy/ptII/ptolemy/domains/sdf/test/auto/relationGroup12.xml
2 ms. Memory: 872960K Free: 303801K (35%)
----------------- Invoking toplevel() on ptolemy.moml.MoMLSimpleApplication@6b2407ae
----------------- Done invoking toplevel() on ptolemy.moml.MoMLSimpleApplication@6b2407ae
reloadAllAccessors: .relationGroup12

===========================================================================================
----------------- testing Sun Jan 27 03:25:50 UTC 2019 /home/travis/build/icyphy/ptII/ptolemy/domains/sdf/test/auto/relationGroup13.xml
----------------- Instantiating /home/travis/build/icyphy/ptII/ptolemy/domains/sdf/test/auto/relationGroup13.xml
2 ms. Memory: 872960K Free: 293342K (34%)
----------------- Invoking toplevel() on ptolemy.moml.MoMLSimpleApplication@3756d7eb
----------------- Done invoking toplevel() on ptolemy.moml.MoMLSimpleApplication@3756d7eb
reloadAllAccessors: .relationGroup13

===========================================================================================
----------------- testing Sun Jan 27 03:25:50 UTC 2019 /home/travis/build/icyphy/ptII/ptolemy/domains/sdf/test/auto/relationGroup14.xml
----------------- Instantiating /home/travis/build/icyphy/ptII/ptolemy/domains/sdf/test/auto/relationGroup14.xml
5 ms. Memory: 872960K Free: 282884K (32%)
----------------- Invoking toplevel() on ptolemy.moml.MoMLSimpleApplication@6ad68b24
----------------- Done invoking toplevel() on ptolemy.moml.MoMLSimpleApplication@6ad68b24
reloadAllAccessors: .relationGroup14

===========================================================================================
----------------- testing Sun Jan 27 03:25:50 UTC 2019 /home/travis/build/icyphy/ptII/ptolemy/domains/sdf/test/auto/relationGroup15.xml
----------------- Instantiating /home/travis/build/icyphy/ptII/ptolemy/domains/sdf/test/auto/relationGroup15.xml
2 ms. Memory: 872960K Free: 269486K (31%)
----------------- Invoking toplevel() on ptolemy.moml.MoMLSimpleApplication@2464bdb5
----------------- Done invoking toplevel() on ptolemy.moml.MoMLSimpleApplication@2464bdb5
reloadAllAccessors: .relationGroup15

===========================================================================================
----------------- testing Sun Jan 27 03:25:50 UTC 2019 /home/travis/build/icyphy/ptII/ptolemy/domains/sdf/test/auto/relationGroup2.xml
----------------- Instantiating /home/travis/build/icyphy/ptII/ptolemy/domains/sdf/test/auto/relationGroup2.xml
2 ms. Memory: 872960K Free: 259027K (30%)
----------------- Invoking toplevel() on ptolemy.moml.MoMLSimpleApplication@57f9f0bb
----------------- Done invoking toplevel() on ptolemy.moml.MoMLSimpleApplication@57f9f0bb
reloadAllAccessors: .relationGroup2

===========================================================================================
----------------- testing Sun Jan 27 03:25:50 UTC 2019 /home/travis/build/icyphy/ptII/ptolemy/domains/sdf/test/auto/relationGroup3.xml
----------------- Instantiating /home/travis/build/icyphy/ptII/ptolemy/domains/sdf/test/auto/relationGroup3.xml
4 ms. Memory: 872960K Free: 248569K (28%)
----------------- Invoking toplevel() on ptolemy.moml.MoMLSimpleApplication@1c0d4b3c
----------------- Done invoking toplevel() on ptolemy.moml.MoMLSimpleApplication@1c0d4b3c
reloadAllAccessors: .relationGroup3

===========================================================================================
----------------- testing Sun Jan 27 03:25:50 UTC 2019 /home/travis/build/icyphy/ptII/ptolemy/domains/sdf/test/auto/relationGroup4.xml
----------------- Instantiating /home/travis/build/icyphy/ptII/ptolemy/domains/sdf/test/auto/relationGroup4.xml
5 ms. Memory: 872960K Free: 238111K (27%)
----------------- Invoking toplevel() on ptolemy.moml.MoMLSimpleApplication@2605473a
----------------- Done invoking toplevel() on ptolemy.moml.MoMLSimpleApplication@2605473a
reloadAllAccessors: .relationGroup4

===========================================================================================
----------------- testing Sun Jan 27 03:25:50 UTC 2019 /home/travis/build/icyphy/ptII/ptolemy/domains/sdf/test/auto/relationGroup5.xml
----------------- Instantiating /home/travis/build/icyphy/ptII/ptolemy/domains/sdf/test/auto/relationGroup5.xml
2 ms. Memory: 872960K Free: 227652K (26%)
----------------- Invoking toplevel() on ptolemy.moml.MoMLSimpleApplication@5d2f65be
----------------- Done invoking toplevel() on ptolemy.moml.MoMLSimpleApplication@5d2f65be
reloadAllAccessors: .relationGroup5

===========================================================================================
----------------- testing Sun Jan 27 03:25:50 UTC 2019 /home/travis/build/icyphy/ptII/ptolemy/domains/sdf/test/auto/relationGroup6.xml
----------------- Instantiating /home/travis/build/icyphy/ptII/ptolemy/domains/sdf/test/auto/relationGroup6.xml
5 ms. Memory: 872960K Free: 217194K (25%)
----------------- Invoking toplevel() on ptolemy.moml.MoMLSimpleApplication@6807c1f0
----------------- Done invoking toplevel() on ptolemy.moml.MoMLSimpleApplication@6807c1f0
reloadAllAccessors: .relationGroup6

===========================================================================================
----------------- testing Sun Jan 27 03:25:50 UTC 2019 /home/travis/build/icyphy/ptII/ptolemy/domains/sdf/test/auto/relationGroup7.xml
----------------- Instantiating /home/travis/build/icyphy/ptII/ptolemy/domains/sdf/test/auto/relationGroup7.xml
1 ms. Memory: 872960K Free: 206735K (24%)
----------------- Invoking toplevel() on ptolemy.moml.MoMLSimpleApplication@70ec68e8
----------------- Done invoking toplevel() on ptolemy.moml.MoMLSimpleApplication@70ec68e8
reloadAllAccessors: .relationGroup7

===========================================================================================
----------------- testing Sun Jan 27 03:25:50 UTC 2019 /home/travis/build/icyphy/ptII/ptolemy/domains/sdf/test/auto/relationGroup8.xml
----------------- Instantiating /home/travis/build/icyphy/ptII/ptolemy/domains/sdf/test/auto/relationGroup8.xml
1 ms. Memory: 872960K Free: 196277K (22%)
----------------- Invoking toplevel() on ptolemy.moml.MoMLSimpleApplication@655491ab
----------------- Done invoking toplevel() on ptolemy.moml.MoMLSimpleApplication@655491ab
reloadAllAccessors: .relationGroup8

===========================================================================================
----------------- testing Sun Jan 27 03:25:50 UTC 2019 /home/travis/build/icyphy/ptII/ptolemy/domains/sdf/test/auto/relationGroup9.xml
----------------- Instantiating /home/travis/build/icyphy/ptII/ptolemy/domains/sdf/test/auto/relationGroup9.xml
7 ms. Memory: 872960K Free: 182879K (21%)
----------------- Invoking toplevel() on ptolemy.moml.MoMLSimpleApplication@5aa55207
----------------- Done invoking toplevel() on ptolemy.moml.MoMLSimpleApplication@5aa55207
reloadAllAccessors: .relationGroup9

===========================================================================================
----------------- testing Sun Jan 27 03:25:50 UTC 2019 /home/travis/build/icyphy/ptII/ptolemy/domains/sdf/test/auto/sdf_inside_de.xml
----------------- Instantiating /home/travis/build/icyphy/ptII/ptolemy/domains/sdf/test/auto/sdf_inside_de.xml
16 ms. Memory: 872960K Free: 167175K (19%)
----------------- Invoking toplevel() on ptolemy.moml.MoMLSimpleApplication@27d170ba
----------------- Done invoking toplevel() on ptolemy.moml.MoMLSimpleApplication@27d170ba
reloadAllAccessors: .sdf_inside_de

===========================================================================================
----------------- testing Sun Jan 27 03:25:50 UTC 2019 /home/travis/build/icyphy/ptII/ptolemy/domains/sdf/test/auto/sdf_inside_pn.xml
----------------- Instantiating /home/travis/build/icyphy/ptII/ptolemy/domains/sdf/test/auto/sdf_inside_pn.xml
35 ms. Memory: 872960K Free: 130571K (15%)
----------------- Invoking toplevel() on ptolemy.moml.MoMLSimpleApplication@30b7ca13
----------------- Done invoking toplevel() on ptolemy.moml.MoMLSimpleApplication@30b7ca13
reloadAllAccessors: .sdf_inside_pn

===========================================================================================
----------------- testing Sun Jan 27 03:25:50 UTC 2019 /home/travis/build/icyphy/ptII/ptolemy/domains/sdf/test/auto/sdf_sdf1.xml
----------------- Instantiating /home/travis/build/icyphy/ptII/ptolemy/domains/sdf/test/auto/sdf_sdf1.xml
4 ms. Memory: 872960K Free: 120112K (14%)
----------------- Invoking toplevel() on ptolemy.moml.MoMLSimpleApplication@4dc5c59c
----------------- Done invoking toplevel() on ptolemy.moml.MoMLSimpleApplication@4dc5c59c
reloadAllAccessors: .sdf_sdf1

===========================================================================================
----------------- testing Sun Jan 27 03:25:50 UTC 2019 /home/travis/build/icyphy/ptII/ptolemy/domains/sdf/test/auto/test1.xml
----------------- Instantiating /home/travis/build/icyphy/ptII/ptolemy/domains/sdf/test/auto/test1.xml
2 ms. Memory: 872960K Free: 109654K (13%)
----------------- Invoking toplevel() on ptolemy.moml.MoMLSimpleApplication@4fd42232
----------------- Done invoking toplevel() on ptolemy.moml.MoMLSimpleApplication@4fd42232
reloadAllAccessors: .test1

===========================================================================================
----------------- testing Sun Jan 27 03:25:50 UTC 2019 /home/travis/build/icyphy/ptII/ptolemy/domains/sdf/test/auto/time1.xml
----------------- Instantiating /home/travis/build/icyphy/ptII/ptolemy/domains/sdf/test/auto/time1.xml
2 ms. Memory: 872960K Free: 99195K (11%)
----------------- Invoking toplevel() on ptolemy.moml.MoMLSimpleApplication@22a33a37
----------------- Done invoking toplevel() on ptolemy.moml.MoMLSimpleApplication@22a33a37
reloadAllAccessors: .time1

===========================================================================================
----------------- testing Sun Jan 27 03:25:50 UTC 2019 /home/travis/build/icyphy/ptII/ptolemy/domains/sdf/test/auto/time2.xml
----------------- Instantiating /home/travis/build/icyphy/ptII/ptolemy/domains/sdf/test/auto/time2.xml
1 ms. Memory: 872960K Free: 88737K (10%)
----------------- Invoking toplevel() on ptolemy.moml.MoMLSimpleApplication@4e86c8ea
----------------- Done invoking toplevel() on ptolemy.moml.MoMLSimpleApplication@4e86c8ea
reloadAllAccessors: .time2

===========================================================================================
----------------- testing Sun Jan 27 03:25:50 UTC 2019 /home/travis/build/icyphy/ptII/ptolemy/domains/sdf/test/auto/time3.xml
----------------- Instantiating /home/travis/build/icyphy/ptII/ptolemy/domains/sdf/test/auto/time3.xml
4 ms. Memory: 872960K Free: 78278K (9%)
----------------- Invoking toplevel() on ptolemy.moml.MoMLSimpleApplication@7ffb7a45
----------------- Done invoking toplevel() on ptolemy.moml.MoMLSimpleApplication@7ffb7a45
reloadAllAccessors: .time3

===========================================================================================
----------------- testing Sun Jan 27 03:25:50 UTC 2019 /home/travis/build/icyphy/ptII/ptolemy/domains/sdf/test/auto/time4.xml
----------------- Instantiating /home/travis/build/icyphy/ptII/ptolemy/domains/sdf/test/auto/time4.xml
4 ms. Memory: 829952K Free: 804785K (97%)
----------------- Invoking toplevel() on ptolemy.moml.MoMLSimpleApplication@5a70d722
----------------- Done invoking toplevel() on ptolemy.moml.MoMLSimpleApplication@5a70d722
reloadAllAccessors: .time4

===========================================================================================
----------------- testing Sun Jan 27 03:25:50 UTC 2019 /home/travis/build/icyphy/ptII/ptolemy/domains/sdf/test/auto/time5.xml
----------------- Instantiating /home/travis/build/icyphy/ptII/ptolemy/domains/sdf/test/auto/time5.xml
4001 ms. Memory: 829952K Free: 792746K (96%)
----------------- Invoking toplevel() on ptolemy.moml.MoMLSimpleApplication@75aa1685
----------------- Done invoking toplevel() on ptolemy.moml.MoMLSimpleApplication@75aa1685
reloadAllAccessors: .time5

===========================================================================================
----------------- testing Sun Jan 27 03:25:54 UTC 2019 /home/travis/build/icyphy/ptII/ptolemy/domains/sdf/test/auto/typeSystem_Const_Integer_smallest_Type.xml
----------------- Instantiating /home/travis/build/icyphy/ptII/ptolemy/domains/sdf/test/auto/typeSystem_Const_Integer_smallest_Type.xml
3 ms. Memory: 829952K Free: 782786K (94%)
----------------- Invoking toplevel() on ptolemy.moml.MoMLSimpleApplication@639f02c4
----------------- Done invoking toplevel() on ptolemy.moml.MoMLSimpleApplication@639f02c4
reloadAllAccessors: .typeSystem_Const_Integer_smallest_Type

===========================================================================================
----------------- testing Sun Jan 27 03:25:54 UTC 2019 /home/travis/build/icyphy/ptII/ptolemy/domains/sdf/test/auto/typeSystem_declared_Inports_OutportTypeException.xml
----------------- Instantiating /home/travis/build/icyphy/ptII/ptolemy/domains/sdf/test/auto/typeSystem_declared_Inports_OutportTypeException.xml
.typeSystem_declared_Inports_OutportTypeException.TestExceptionAttribute: initialize() was not invoked, but wrapup() was.  This is unusual, but not always a problem.  For example, exporting JNLP will do this.
2 ms. Memory: 829952K Free: 772826K (93%)
----------------- Invoking toplevel() on ptolemy.moml.MoMLSimpleApplication@38106228
----------------- Done invoking toplevel() on ptolemy.moml.MoMLSimpleApplication@38106228
reloadAllAccessors: .typeSystem_declared_Inports_OutportTypeException

===========================================================================================
----------------- testing Sun Jan 27 03:25:54 UTC 2019 /home/travis/build/icyphy/ptII/ptolemy/domains/sdf/test/auto/typeSystem_oneDeclaredInportType_wrongTypeOutport.xml
----------------- Instantiating /home/travis/build/icyphy/ptII/ptolemy/domains/sdf/test/auto/typeSystem_oneDeclaredInportType_wrongTypeOutport.xml
2 ms. Memory: 829952K Free: 762866K (92%)
----------------- Invoking toplevel() on ptolemy.moml.MoMLSimpleApplication@48fba941
----------------- Done invoking toplevel() on ptolemy.moml.MoMLSimpleApplication@48fba941
reloadAllAccessors: .typeSystem_oneDeclaredInportType_wrongTypeOutport

===========================================================================================
----------------- testing Sun Jan 27 03:25:54 UTC 2019 /home/travis/build/icyphy/ptII/ptolemy/domains/sdf/test/auto/width.xml
----------------- Instantiating /home/travis/build/icyphy/ptII/ptolemy/domains/sdf/test/auto/width.xml
1 ms. Memory: 829952K Free: 752906K (91%)
----------------- Invoking toplevel() on ptolemy.moml.MoMLSimpleApplication@64b7603b
----------------- Done invoking toplevel() on ptolemy.moml.MoMLSimpleApplication@64b7603b
reloadAllAccessors: .width

===========================================================================================
----------------- testing Sun Jan 27 03:25:54 UTC 2019 /home/travis/build/icyphy/ptII/ptolemy/domains/sdf/test/auto/width2.xml
----------------- Instantiating /home/travis/build/icyphy/ptII/ptolemy/domains/sdf/test/auto/width2.xml
25 ms. Memory: 829952K Free: 741022K (89%)
----------------- Invoking toplevel() on ptolemy.moml.MoMLSimpleApplication@52d9d9db
----------------- Done invoking toplevel() on ptolemy.moml.MoMLSimpleApplication@52d9d9db
reloadAllAccessors: .width2

===========================================================================================
----------------- testing Sun Jan 27 03:25:54 UTC 2019 /home/travis/build/icyphy/ptII/ptolemy/domains/sdf/test/auto/width3.xml
----------------- Instantiating /home/travis/build/icyphy/ptII/ptolemy/domains/sdf/test/auto/width3.xml
23 ms. Memory: 829952K Free: 731062K (88%)
----------------- Invoking toplevel() on ptolemy.moml.MoMLSimpleApplication@2f9a7800
----------------- Done invoking toplevel() on ptolemy.moml.MoMLSimpleApplication@2f9a7800
reloadAllAccessors: .width3
AutoTests.java: About to close Vertx.
AutoTests.java: Vertx closed.
]]></system-out>
  <system-err><![CDATA[java.lang.RuntimeException: Execution failed
	at ptolemy.moml.MoMLSimpleApplication$UnloadThread.run(MoMLSimpleApplication.java:402)
Caused by: ptolemy.actor.sched.NotSchedulableException: No solution exists for the balance equations.
Graph is not consistent under the SDF domain detected on external port .rateConsistency.actor.port2
  in .rateConsistency.SDF Director.Scheduler
	at ptolemy.domains.sdf.kernel.SDFScheduler._propagatePort(SDFScheduler.java:1425)
	at ptolemy.domains.sdf.kernel.SDFScheduler._solveBalanceEquations(SDFScheduler.java:710)
	at ptolemy.domains.sdf.kernel.SDFScheduler._getSchedule(SDFScheduler.java:566)
	at ptolemy.actor.sched.Scheduler.getSchedule(Scheduler.java:189)
	at ptolemy.domains.sdf.kernel.SDFDirector.createSchedule(SDFDirector.java:408)
	at ptolemy.domains.sdf.kernel.SDFDirector.preinitialize(SDFDirector.java:764)
	at ptolemy.actor.CompositeActor.preinitialize(CompositeActor.java:1828)
	at ptolemy.actor.Manager.preinitializeAndResolveTypes(Manager.java:1040)
	at ptolemy.actor.Manager.initialize(Manager.java:710)
	at ptolemy.actor.Manager.execute(Manager.java:356)
	at ptolemy.actor.Manager.run(Manager.java:1263)
	at ptolemy.actor.Manager$PtolemyRunThread.run(Manager.java:1915)
java.lang.RuntimeException: Execution failed
	at ptolemy.moml.MoMLSimpleApplication$UnloadThread.run(MoMLSimpleApplication.java:402)
Caused by: ptolemy.kernel.util.IllegalActionException: Failed to compute schedule:
  in .badRateChanges.typed composite actor.SDF Director
Because:
The SDF rate parameter may change. This is not allowed in SDF models that will be run through the code generator.  If you don't care about code generation, then you might consider setting the allowRateChanges parameter of the SDF director to false.
  in .badRateChanges.typed composite actor.Repeat.output.tokenProductionRate
	at ptolemy.domains.sdf.kernel.SDFDirector.createSchedule(SDFDirector.java:418)
	at ptolemy.domains.sdf.kernel.SDFDirector.preinitialize(SDFDirector.java:764)
	at ptolemy.actor.CompositeActor.preinitialize(CompositeActor.java:1828)
	at ptolemy.actor.Director.preinitialize(Director.java:1302)
	at ptolemy.actor.Director.preinitialize(Director.java:1257)
	at ptolemy.domains.sdf.kernel.SDFDirector.preinitialize(SDFDirector.java:763)
	at ptolemy.actor.CompositeActor.preinitialize(CompositeActor.java:1828)
	at ptolemy.actor.Manager.preinitializeAndResolveTypes(Manager.java:1040)
	at ptolemy.actor.Manager.initialize(Manager.java:710)
	at ptolemy.actor.Manager.execute(Manager.java:356)
	at ptolemy.actor.Manager.run(Manager.java:1263)
	at ptolemy.actor.Manager$PtolemyRunThread.run(Manager.java:1915)
Caused by: ptolemy.kernel.util.IllegalActionException: The SDF rate parameter may change. This is not allowed in SDF models that will be run through the code generator.  If you don't care about code generation, then you might consider setting the allowRateChanges parameter of the SDF director to false.
  in .badRateChanges.typed composite actor.Repeat.output.tokenProductionRate
	at ptolemy.domains.sdf.kernel.SDFScheduler._assertDynamicRateVariable(SDFScheduler.java:931)
	at ptolemy.domains.sdf.kernel.SDFScheduler._checkDynamicRateVariables(SDFScheduler.java:339)
	at ptolemy.domains.sdf.kernel.SDFScheduler._getSchedule(SDFScheduler.java:527)
	at ptolemy.actor.sched.Scheduler.getSchedule(Scheduler.java:189)
	at ptolemy.domains.sdf.kernel.SDFDirector.createSchedule(SDFDirector.java:408)
	... 11 more
java.lang.RuntimeException: Execution failed
	at ptolemy.moml.MoMLSimpleApplication$UnloadThread.run(MoMLSimpleApplication.java:402)
Caused by: ptolemy.kernel.util.IllegalActionException: Failed to compute schedule:
  in .badRateChanges2.typed composite actor.SDF Director
Because:
The SDF rate parameter may change. This is not allowed in SDF models that will be run through the code generator.  If you don't care about code generation, then you might consider setting the allowRateChanges parameter of the SDF director to false.
  in .badRateChanges2.typed composite actor.Repeat.output.tokenProductionRate
	at ptolemy.domains.sdf.kernel.SDFDirector.createSchedule(SDFDirector.java:418)
	at ptolemy.domains.sdf.kernel.SDFDirector.preinitialize(SDFDirector.java:764)
	at ptolemy.actor.CompositeActor.preinitialize(CompositeActor.java:1828)
	at ptolemy.actor.Director.preinitialize(Director.java:1302)
	at ptolemy.actor.Director.preinitialize(Director.java:1257)
	at ptolemy.domains.sdf.kernel.SDFDirector.preinitialize(SDFDirector.java:763)
	at ptolemy.actor.CompositeActor.preinitialize(CompositeActor.java:1828)
	at ptolemy.actor.Manager.preinitializeAndResolveTypes(Manager.java:1040)
	at ptolemy.actor.Manager.initialize(Manager.java:710)
	at ptolemy.actor.Manager.execute(Manager.java:356)
	at ptolemy.actor.Manager.run(Manager.java:1263)
	at ptolemy.actor.Manager$PtolemyRunThread.run(Manager.java:1915)
Caused by: ptolemy.kernel.util.IllegalActionException: The SDF rate parameter may change. This is not allowed in SDF models that will be run through the code generator.  If you don't care about code generation, then you might consider setting the allowRateChanges parameter of the SDF director to false.
  in .badRateChanges2.typed composite actor.Repeat.output.tokenProductionRate
	at ptolemy.domains.sdf.kernel.SDFScheduler._assertDynamicRateVariable(SDFScheduler.java:931)
	at ptolemy.domains.sdf.kernel.SDFScheduler._checkDynamicRateVariables(SDFScheduler.java:339)
	at ptolemy.domains.sdf.kernel.SDFScheduler._getSchedule(SDFScheduler.java:527)
	at ptolemy.actor.sched.Scheduler.getSchedule(Scheduler.java:189)
	at ptolemy.domains.sdf.kernel.SDFDirector.createSchedule(SDFDirector.java:408)
	... 11 more
java.lang.RuntimeException: Execution failed
	at ptolemy.moml.MoMLSimpleApplication$UnloadThread.run(MoMLSimpleApplication.java:402)
Caused by: ptolemy.actor.sched.NotSchedulableException: Actors remain that cannot be scheduled!

There are several possible reasons:
* SDF Graphs with feedback loops should have an actor with a delay in the loop, such as a SampleDelay.
* The SDF director has an "allowDisconnectedGraphs"parameter, which, when true, permits disconnected SDF graphs.
* The token consumption rate and production rates might be mismatched.
Usually, actors produce one token or consume one token on a port.  To produce or consume multiple tokens per firing, add a "tokenConsumptionRate" or "tokenProductionRate" parameter to the appropriate port.
Unscheduled actors:
.partiallyConnected.Const2 
Scheduled actors:
.partiallyConnected.Const 
  in .partiallyConnected.SDF Director.Scheduler
	at ptolemy.domains.sdf.kernel.SDFScheduler._scheduleConnectedActors(SDFScheduler.java:1828)
	at ptolemy.domains.sdf.kernel.SDFScheduler._getSchedule(SDFScheduler.java:587)
	at ptolemy.actor.sched.Scheduler.getSchedule(Scheduler.java:189)
	at ptolemy.domains.sdf.kernel.SDFDirector.createSchedule(SDFDirector.java:408)
	at ptolemy.domains.sdf.kernel.SDFDirector.preinitialize(SDFDirector.java:764)
	at ptolemy.actor.CompositeActor.preinitialize(CompositeActor.java:1828)
	at ptolemy.actor.Manager.preinitializeAndResolveTypes(Manager.java:1040)
	at ptolemy.actor.Manager.initialize(Manager.java:710)
	at ptolemy.actor.Manager.execute(Manager.java:356)
	at ptolemy.actor.Manager.run(Manager.java:1263)
	at ptolemy.actor.Manager$PtolemyRunThread.run(Manager.java:1915)
]]></system-err>
</testsuite>
