<?xml version="1.0" encoding="UTF-8" ?>
<testsuite errors="0" failures="0" hostname="travis-job-30418039-bf7f-4ba3-b5c5-18838c396640" name="ptolemy.domains.continuous.test.junit.JUnitTclTest" skipped="0" tests="156" time="71.54" timestamp="2020-08-10T15:21:07">
  <properties>
[...]
</properties>
  <testcase classname="ptolemy.util.test.junit.TclTests" name="[0] ThereAreNoTclTests (RunTclFile)" time="0.008" />
  <testcase classname="ptolemy.util.test.junit.AutoKnownFailedTests" name="[0] ThereAreNoKnowFailedTests (RunModel)" time="0.001" />
  <testcase classname="ptolemy.util.test.junit.AutoNameArchTests" name="[0] ThereAreNoAutoArchTests (RunModel)" time="0.022" />
  <testcase classname="ptolemy.util.test.junit.AutoTests" name="[0] /home/travis/build/icyphy/ptII/ptolemy/domains/continuous/test/auto/BouncingBall.xml (RunModel)" time="3.103" />
  <testcase classname="ptolemy.util.test.junit.AutoTests" name="[1] /home/travis/build/icyphy/ptII/ptolemy/domains/continuous/test/auto/BouncingBallWithoutGR.xml (RunModel)" time="0.91" />
  <testcase classname="ptolemy.util.test.junit.AutoTests" name="[2] /home/travis/build/icyphy/ptII/ptolemy/domains/continuous/test/auto/Brownian.xml (RunModel)" time="0.1" />
  <testcase classname="ptolemy.util.test.junit.AutoTests" name="[3] /home/travis/build/icyphy/ptII/ptolemy/domains/continuous/test/auto/CarTracking.xml (RunModel)" time="4.163" />
  <testcase classname="ptolemy.util.test.junit.AutoTests" name="[4] /home/travis/build/icyphy/ptII/ptolemy/domains/continuous/test/auto/CartPendulum.xml (RunModel)" time="0.525" />
  <testcase classname="ptolemy.util.test.junit.AutoTests" name="[5] /home/travis/build/icyphy/ptII/ptolemy/domains/continuous/test/auto/CausalityInterface10.xml (RunModel)" time="0.062" />
  <testcase classname="ptolemy.util.test.junit.AutoTests" name="[6] /home/travis/build/icyphy/ptII/ptolemy/domains/continuous/test/auto/CausalityInterface11.xml (RunModel)" time="0.038" />
  <testcase classname="ptolemy.util.test.junit.AutoTests" name="[7] /home/travis/build/icyphy/ptII/ptolemy/domains/continuous/test/auto/CausalityInterface12.xml (RunModel)" time="0.041" />
  <testcase classname="ptolemy.util.test.junit.AutoTests" name="[8] /home/travis/build/icyphy/ptII/ptolemy/domains/continuous/test/auto/CausalityInterface13.xml (RunModel)" time="0.039" />
  <testcase classname="ptolemy.util.test.junit.AutoTests" name="[9] /home/travis/build/icyphy/ptII/ptolemy/domains/continuous/test/auto/CausalityInterface14.xml (RunModel)" time="0.032" />
  <testcase classname="ptolemy.util.test.junit.AutoTests" name="[10] /home/travis/build/icyphy/ptII/ptolemy/domains/continuous/test/auto/CausalityInterface4.xml (RunModel)" time="0.045" />
  <testcase classname="ptolemy.util.test.junit.AutoTests" name="[11] /home/travis/build/icyphy/ptII/ptolemy/domains/continuous/test/auto/CausalityInterface5.xml (RunModel)" time="0.046" />
  <testcase classname="ptolemy.util.test.junit.AutoTests" name="[12] /home/travis/build/icyphy/ptII/ptolemy/domains/continuous/test/auto/CausalityInterface6.xml (RunModel)" time="0.029" />
  <testcase classname="ptolemy.util.test.junit.AutoTests" name="[13] /home/travis/build/icyphy/ptII/ptolemy/domains/continuous/test/auto/CausalityInterface7.xml (RunModel)" time="0.046" />
  <testcase classname="ptolemy.util.test.junit.AutoTests" name="[14] /home/travis/build/icyphy/ptII/ptolemy/domains/continuous/test/auto/CausalityInterface8.xml (RunModel)" time="0.044" />
  <testcase classname="ptolemy.util.test.junit.AutoTests" name="[15] /home/travis/build/icyphy/ptII/ptolemy/domains/continuous/test/auto/CausalityInterface9.xml (RunModel)" time="0.044" />
  <testcase classname="ptolemy.util.test.junit.AutoTests" name="[16] /home/travis/build/icyphy/ptII/ptolemy/domains/continuous/test/auto/CausalityInterfaceFeedback1.xml (RunModel)" time="0.027" />
  <testcase classname="ptolemy.util.test.junit.AutoTests" name="[17] /home/travis/build/icyphy/ptII/ptolemy/domains/continuous/test/auto/CausalityInterfaceFeedback2.xml (RunModel)" time="0.041" />
  <testcase classname="ptolemy.util.test.junit.AutoTests" name="[18] /home/travis/build/icyphy/ptII/ptolemy/domains/continuous/test/auto/CompareWithCurrentTime.xml (RunModel)" time="0.028" />
  <testcase classname="ptolemy.util.test.junit.AutoTests" name="[19] /home/travis/build/icyphy/ptII/ptolemy/domains/continuous/test/auto/ComparedClocks.xml (RunModel)" time="0.08" />
  <testcase classname="ptolemy.util.test.junit.AutoTests" name="[20] /home/travis/build/icyphy/ptII/ptolemy/domains/continuous/test/auto/ContinuousAOCClone.xml (RunModel)" time="2.735" />
  <testcase classname="ptolemy.util.test.junit.AutoTests" name="[21] /home/travis/build/icyphy/ptII/ptolemy/domains/continuous/test/auto/ContinuousClock.xml (RunModel)" time="0.091" />
  <testcase classname="ptolemy.util.test.junit.AutoTests" name="[22] /home/travis/build/icyphy/ptII/ptolemy/domains/continuous/test/auto/ContinuousInContinuous.xml (RunModel)" time="0.081" />
  <testcase classname="ptolemy.util.test.junit.AutoTests" name="[23] /home/travis/build/icyphy/ptII/ptolemy/domains/continuous/test/auto/ContinuousInContinuousInContinuous.xml (RunModel)" time="0.03" />
  <testcase classname="ptolemy.util.test.junit.AutoTests" name="[24] /home/travis/build/icyphy/ptII/ptolemy/domains/continuous/test/auto/ContinuousInDE.xml (RunModel)" time="0.112" />
  <testcase classname="ptolemy.util.test.junit.AutoTests" name="[25] /home/travis/build/icyphy/ptII/ptolemy/domains/continuous/test/auto/ContinuousInDE2.xml (RunModel)" time="0.051" />
  <testcase classname="ptolemy.util.test.junit.AutoTests" name="[26] /home/travis/build/icyphy/ptII/ptolemy/domains/continuous/test/auto/ContinuousInDE3.xml (RunModel)" time="0.04" />
  <testcase classname="ptolemy.util.test.junit.AutoTests" name="[27] /home/travis/build/icyphy/ptII/ptolemy/domains/continuous/test/auto/ContinuousInDE4.xml (RunModel)" time="0.031" />
  <testcase classname="ptolemy.util.test.junit.AutoTests" name="[28] /home/travis/build/icyphy/ptII/ptolemy/domains/continuous/test/auto/ContinuousInDEDifferentRefinements.xml (RunModel)" time="0.086" />
  <testcase classname="ptolemy.util.test.junit.AutoTests" name="[29] /home/travis/build/icyphy/ptII/ptolemy/domains/continuous/test/auto/ContinuousInDEDifferentRefinementsPreemptive.xml (RunModel)" time="0.083" />
  <testcase classname="ptolemy.util.test.junit.AutoTests" name="[30] /home/travis/build/icyphy/ptII/ptolemy/domains/continuous/test/auto/ContinuousInDEInContinuous2.xml (RunModel)" time="0.056" />
  <testcase classname="ptolemy.util.test.junit.AutoTests" name="[31] /home/travis/build/icyphy/ptII/ptolemy/domains/continuous/test/auto/ContinuousInDEInContinuous3.xml (RunModel)" time="0.061" />
  <testcase classname="ptolemy.util.test.junit.AutoTests" name="[32] /home/travis/build/icyphy/ptII/ptolemy/domains/continuous/test/auto/ContinuousInDEInput.xml (RunModel)" time="0.039" />
  <testcase classname="ptolemy.util.test.junit.AutoTests" name="[33] /home/travis/build/icyphy/ptII/ptolemy/domains/continuous/test/auto/ContinuousInDEInput2.xml (RunModel)" time="0.037" />
  <testcase classname="ptolemy.util.test.junit.AutoTests" name="[34] /home/travis/build/icyphy/ptII/ptolemy/domains/continuous/test/auto/ContinuousInDEInput3.xml (RunModel)" time="0.032" />
  <testcase classname="ptolemy.util.test.junit.AutoTests" name="[35] /home/travis/build/icyphy/ptII/ptolemy/domains/continuous/test/auto/ContinuousInDESharingRefinement.xml (RunModel)" time="0.192" />
  <testcase classname="ptolemy.util.test.junit.AutoTests" name="[36] /home/travis/build/icyphy/ptII/ptolemy/domains/continuous/test/auto/ContinuousInDEwithNoPorts.xml (RunModel)" time="0.018" />
  <testcase classname="ptolemy.util.test.junit.AutoTests" name="[37] /home/travis/build/icyphy/ptII/ptolemy/domains/continuous/test/auto/ContinuousInsideDE.xml (RunModel)" time="0.082" />
  <testcase classname="ptolemy.util.test.junit.AutoTests" name="[38] /home/travis/build/icyphy/ptII/ptolemy/domains/continuous/test/auto/ContinuousMerge1.xml (RunModel)" time="0.016" />
  <testcase classname="ptolemy.util.test.junit.AutoTests" name="[39] /home/travis/build/icyphy/ptII/ptolemy/domains/continuous/test/auto/ContinuousMerge2.xml (RunModel)" time="0.044" />
  <testcase classname="ptolemy.util.test.junit.AutoTests" name="[40] /home/travis/build/icyphy/ptII/ptolemy/domains/continuous/test/auto/ContinuousMerge3.xml (RunModel)" time="0.064" />
  <testcase classname="ptolemy.util.test.junit.AutoTests" name="[41] /home/travis/build/icyphy/ptII/ptolemy/domains/continuous/test/auto/ContinuousWithinContinuous.xml (RunModel)" time="0.052" />
  <testcase classname="ptolemy.util.test.junit.AutoTests" name="[42] /home/travis/build/icyphy/ptII/ptolemy/domains/continuous/test/auto/ContinuousWithinContinuous2.xml (RunModel)" time="0.087" />
  <testcase classname="ptolemy.util.test.junit.AutoTests" name="[43] /home/travis/build/icyphy/ptII/ptolemy/domains/continuous/test/auto/ContinuousWithinContinuous3.xml (RunModel)" time="0.03" />
  <testcase classname="ptolemy.util.test.junit.AutoTests" name="[44] /home/travis/build/icyphy/ptII/ptolemy/domains/continuous/test/auto/ContinuousWithinContinuous4.xml (RunModel)" time="0.093" />
  <testcase classname="ptolemy.util.test.junit.AutoTests" name="[45] /home/travis/build/icyphy/ptII/ptolemy/domains/continuous/test/auto/ContinuousWithinContinuous5.xml (RunModel)" time="0.039" />
  <testcase classname="ptolemy.util.test.junit.AutoTests" name="[46] /home/travis/build/icyphy/ptII/ptolemy/domains/continuous/test/auto/ContinuousWithinContinuous6.xml (RunModel)" time="0.044" />
  <testcase classname="ptolemy.util.test.junit.AutoTests" name="[47] /home/travis/build/icyphy/ptII/ptolemy/domains/continuous/test/auto/ContinuousWithinContinuous7.xml (RunModel)" time="0.063" />
  <testcase classname="ptolemy.util.test.junit.AutoTests" name="[48] /home/travis/build/icyphy/ptII/ptolemy/domains/continuous/test/auto/DCMotor.xml (RunModel)" time="14.199" />
  <testcase classname="ptolemy.util.test.junit.AutoTests" name="[49] /home/travis/build/icyphy/ptII/ptolemy/domains/continuous/test/auto/DEInContinuous.xml (RunModel)" time="0.043" />
  <testcase classname="ptolemy.util.test.junit.AutoTests" name="[50] /home/travis/build/icyphy/ptII/ptolemy/domains/continuous/test/auto/DEinContinuous2.xml (RunModel)" time="0.025" />
  <testcase classname="ptolemy.util.test.junit.AutoTests" name="[51] /home/travis/build/icyphy/ptII/ptolemy/domains/continuous/test/auto/Derivative.xml (RunModel)" time="0.182" />
  <testcase classname="ptolemy.util.test.junit.AutoTests" name="[52] /home/travis/build/icyphy/ptII/ptolemy/domains/continuous/test/auto/Derivative1.xml (RunModel)" time="0.056" />
  <testcase classname="ptolemy.util.test.junit.AutoTests" name="[53] /home/travis/build/icyphy/ptII/ptolemy/domains/continuous/test/auto/DiscreteClock.xml (RunModel)" time="0.014" />
  <testcase classname="ptolemy.util.test.junit.AutoTests" name="[54] /home/travis/build/icyphy/ptII/ptolemy/domains/continuous/test/auto/EfficiencyCurve.xml (RunModel)" time="0.081" />
  <testcase classname="ptolemy.util.test.junit.AutoTests" name="[55] /home/travis/build/icyphy/ptII/ptolemy/domains/continuous/test/auto/ExponentialResponse.xml (RunModel)" time="0.117" />
  <testcase classname="ptolemy.util.test.junit.AutoTests" name="[56] /home/travis/build/icyphy/ptII/ptolemy/domains/continuous/test/auto/ExponentialResponseRK45.xml (RunModel)" time="0.047" />
  <testcase classname="ptolemy.util.test.junit.AutoTests" name="[57] /home/travis/build/icyphy/ptII/ptolemy/domains/continuous/test/auto/Friction.xml (RunModel)" time="1.438" />
  <testcase classname="ptolemy.util.test.junit.AutoTests" name="[58] /home/travis/build/icyphy/ptII/ptolemy/domains/continuous/test/auto/FurutaPendulum.xml (RunModel)" time="3.113" />
  <testcase classname="ptolemy.util.test.junit.AutoTests" name="[59] /home/travis/build/icyphy/ptII/ptolemy/domains/continuous/test/auto/HierarchicalExecution.xml (RunModel)" time="1.854" />
  <testcase classname="ptolemy.util.test.junit.AutoTests" name="[60] /home/travis/build/icyphy/ptII/ptolemy/domains/continuous/test/auto/HybridPlant.xml (RunModel)" time="0.556" />
  <testcase classname="ptolemy.util.test.junit.AutoTests" name="[61] /home/travis/build/icyphy/ptII/ptolemy/domains/continuous/test/auto/Hysteresis.xml (RunModel)" time="0.177" />
  <testcase classname="ptolemy.util.test.junit.AutoTests" name="[62] /home/travis/build/icyphy/ptII/ptolemy/domains/continuous/test/auto/HysteresisWithRandomDelay.xml (RunModel)" time="0.244" />
  <testcase classname="ptolemy.util.test.junit.AutoTests" name="[63] /home/travis/build/icyphy/ptII/ptolemy/domains/continuous/test/auto/HysteresisWithRandomLosses.xml (RunModel)" time="2.28" />
  <testcase classname="ptolemy.util.test.junit.AutoTests" name="[64] /home/travis/build/icyphy/ptII/ptolemy/domains/continuous/test/auto/ImmediateTransitions.xml (RunModel)" time="0.034" />
  <testcase classname="ptolemy.util.test.junit.AutoTests" name="[65] /home/travis/build/icyphy/ptII/ptolemy/domains/continuous/test/auto/ImpulseFeedback.xml (RunModel)" time="0.021" />
  <testcase classname="ptolemy.util.test.junit.AutoTests" name="[66] /home/travis/build/icyphy/ptII/ptolemy/domains/continuous/test/auto/ImpulseFeedback2.xml (RunModel)" time="0.018" />
  <testcase classname="ptolemy.util.test.junit.AutoTests" name="[67] /home/travis/build/icyphy/ptII/ptolemy/domains/continuous/test/auto/IncreasingRatePoisson.xml (RunModel)" time="0.604" />
  <testcase classname="ptolemy.util.test.junit.AutoTests" name="[68] /home/travis/build/icyphy/ptII/ptolemy/domains/continuous/test/auto/InitialStateFeedback.xml (RunModel)" time="0.018" />
  <testcase classname="ptolemy.util.test.junit.AutoTests" name="[69] /home/travis/build/icyphy/ptII/ptolemy/domains/continuous/test/auto/Integration.xml (RunModel)" time="0.009" />
  <testcase classname="ptolemy.util.test.junit.AutoTests" name="[70] /home/travis/build/icyphy/ptII/ptolemy/domains/continuous/test/auto/Integration2.xml (RunModel)" time="0.074" />
  <testcase classname="ptolemy.util.test.junit.AutoTests" name="[71] /home/travis/build/icyphy/ptII/ptolemy/domains/continuous/test/auto/Integration3.xml (RunModel)" time="0.017" />
  <testcase classname="ptolemy.util.test.junit.AutoTests" name="[72] /home/travis/build/icyphy/ptII/ptolemy/domains/continuous/test/auto/Integration5.xml (RunModel)" time="0.01" />
  <testcase classname="ptolemy.util.test.junit.AutoTests" name="[73] /home/travis/build/icyphy/ptII/ptolemy/domains/continuous/test/auto/IntegratorImpulse.xml (RunModel)" time="0.018" />
  <testcase classname="ptolemy.util.test.junit.AutoTests" name="[74] /home/travis/build/icyphy/ptII/ptolemy/domains/continuous/test/auto/IntegratorImpulse2.xml (RunModel)" time="0.03" />
  <testcase classname="ptolemy.util.test.junit.AutoTests" name="[75] /home/travis/build/icyphy/ptII/ptolemy/domains/continuous/test/auto/LevelCrossing1.xml (RunModel)" time="0.012" />
  <testcase classname="ptolemy.util.test.junit.AutoTests" name="[76] /home/travis/build/icyphy/ptII/ptolemy/domains/continuous/test/auto/LevelCrossing2.xml (RunModel)" time="0.012" />
  <testcase classname="ptolemy.util.test.junit.AutoTests" name="[77] /home/travis/build/icyphy/ptII/ptolemy/domains/continuous/test/auto/LevelCrossing3.xml (RunModel)" time="0.016" />
  <testcase classname="ptolemy.util.test.junit.AutoTests" name="[78] /home/travis/build/icyphy/ptII/ptolemy/domains/continuous/test/auto/LevelCrossing4.xml (RunModel)" time="0.017" />
  <testcase classname="ptolemy.util.test.junit.AutoTests" name="[79] /home/travis/build/icyphy/ptII/ptolemy/domains/continuous/test/auto/LevelCrossing5.xml (RunModel)" time="0.018" />
  <testcase classname="ptolemy.util.test.junit.AutoTests" name="[80] /home/travis/build/icyphy/ptII/ptolemy/domains/continuous/test/auto/LevelCrossing6.xml (RunModel)" time="0.014" />
  <testcase classname="ptolemy.util.test.junit.AutoTests" name="[81] /home/travis/build/icyphy/ptII/ptolemy/domains/continuous/test/auto/LevelCrossingDetector.xml (RunModel)" time="0.038" />
  <testcase classname="ptolemy.util.test.junit.AutoTests" name="[82] /home/travis/build/icyphy/ptII/ptolemy/domains/continuous/test/auto/LevelCrossingDetectorDetectingDirections.xml (RunModel)" time="0.08" />
  <testcase classname="ptolemy.util.test.junit.AutoTests" name="[83] /home/travis/build/icyphy/ptII/ptolemy/domains/continuous/test/auto/LevelCrossingDetectorDetectsGlitches.xml (RunModel)" time="0.054" />
  <testcase classname="ptolemy.util.test.junit.AutoTests" name="[84] /home/travis/build/icyphy/ptII/ptolemy/domains/continuous/test/auto/LevelCrossingNoInitialOuput.xml (RunModel)" time="0.016" />
  <testcase classname="ptolemy.util.test.junit.AutoTests" name="[85] /home/travis/build/icyphy/ptII/ptolemy/domains/continuous/test/auto/LinearStateSpaceExample.xml (RunModel)" time="0.056" />
  <testcase classname="ptolemy.util.test.junit.AutoTests" name="[86] /home/travis/build/icyphy/ptII/ptolemy/domains/continuous/test/auto/Lorenz.xml (RunModel)" time="3.118" />
  <testcase classname="ptolemy.util.test.junit.AutoTests" name="[87] /home/travis/build/icyphy/ptII/ptolemy/domains/continuous/test/auto/LorenzDifferentialSystem.xml (RunModel)" time="0.966" />
  <testcase classname="ptolemy.util.test.junit.AutoTests" name="[88] /home/travis/build/icyphy/ptII/ptolemy/domains/continuous/test/auto/LorenzDifferentialSystemWithInput.xml (RunModel)" time="1.134" />
  <testcase classname="ptolemy.util.test.junit.AutoTests" name="[89] /home/travis/build/icyphy/ptII/ptolemy/domains/continuous/test/auto/LorenzDifferentialSystemWithTime.xml (RunModel)" time="0.652" />
  <testcase classname="ptolemy.util.test.junit.AutoTests" name="[90] /home/travis/build/icyphy/ptII/ptolemy/domains/continuous/test/auto/Microsteps.xml (RunModel)" time="0.025" />
  <testcase classname="ptolemy.util.test.junit.AutoTests" name="[91] /home/travis/build/icyphy/ptII/ptolemy/domains/continuous/test/auto/Modal1.xml (RunModel)" time="0.041" />
  <testcase classname="ptolemy.util.test.junit.AutoTests" name="[92] /home/travis/build/icyphy/ptII/ptolemy/domains/continuous/test/auto/Modal2.xml (RunModel)" time="0.052" />
  <testcase classname="ptolemy.util.test.junit.AutoTests" name="[93] /home/travis/build/icyphy/ptII/ptolemy/domains/continuous/test/auto/ModalTransitionGuardWithReset.xml (RunModel)" time="0.03" />
  <testcase classname="ptolemy.util.test.junit.AutoTests" name="[94] /home/travis/build/icyphy/ptII/ptolemy/domains/continuous/test/auto/ModalTransitionGuardWithResetUsingPreemptiveTransition.xml (RunModel)" time="0.028" />
  <testcase classname="ptolemy.util.test.junit.AutoTests" name="[95] /home/travis/build/icyphy/ptII/ptolemy/domains/continuous/test/auto/ModalTransitionGuardWithResetUsingPreemptiveTransition2.xml (RunModel)" time="0.039" />
  <testcase classname="ptolemy.util.test.junit.AutoTests" name="[96] /home/travis/build/icyphy/ptII/ptolemy/domains/continuous/test/auto/ModalTransitionGuardWithResetUsingPreemptiveTransition3.xml (RunModel)" time="0.028" />
  <testcase classname="ptolemy.util.test.junit.AutoTests" name="[97] /home/travis/build/icyphy/ptII/ptolemy/domains/continuous/test/auto/NewtonsCradle.xml (RunModel)" time="0.825" />
  <testcase classname="ptolemy.util.test.junit.AutoTests" name="[98] /home/travis/build/icyphy/ptII/ptolemy/domains/continuous/test/auto/NewtonsCradleAnimated.xml (RunModel)" time="1.25" />
  <testcase classname="ptolemy.util.test.junit.AutoTests" name="[99] /home/travis/build/icyphy/ptII/ptolemy/domains/continuous/test/auto/NewtonsCradleComplicated.xml (RunModel)" time="0.897" />
  <testcase classname="ptolemy.util.test.junit.AutoTests" name="[100] /home/travis/build/icyphy/ptII/ptolemy/domains/continuous/test/auto/NewtonsCradleNondeterministic.xml (RunModel)" time="0.623" />
  <testcase classname="ptolemy.util.test.junit.AutoTests" name="[101] /home/travis/build/icyphy/ptII/ptolemy/domains/continuous/test/auto/NewtonsCradlePerfectlyInelastic1.xml (RunModel)" time="1.312" />
  <testcase classname="ptolemy.util.test.junit.AutoTests" name="[102] /home/travis/build/icyphy/ptII/ptolemy/domains/continuous/test/auto/Noise.xml (RunModel)" time="0.189" />
  <testcase classname="ptolemy.util.test.junit.AutoTests" name="[103] /home/travis/build/icyphy/ptII/ptolemy/domains/continuous/test/auto/NoiseSpectrum.xml (RunModel)" time="0.669" />
  <testcase classname="ptolemy.util.test.junit.AutoTests" name="[104] /home/travis/build/icyphy/ptII/ptolemy/domains/continuous/test/auto/ParameterizedNewtonsCradleAnimated.xml (RunModel)" time="0.356" />
  <testcase classname="ptolemy.util.test.junit.AutoTests" name="[105] /home/travis/build/icyphy/ptII/ptolemy/domains/continuous/test/auto/ParameterizedNewtonsCradleAnimatedNondeterministic.xml (RunModel)" time="1.121" />
  <testcase classname="ptolemy.util.test.junit.AutoTests" name="[106] /home/travis/build/icyphy/ptII/ptolemy/domains/continuous/test/auto/Pendulum3D.xml (RunModel)" time="0.172" />
  <testcase classname="ptolemy.util.test.junit.AutoTests" name="[107] /home/travis/build/icyphy/ptII/ptolemy/domains/continuous/test/auto/PeriodicSampler.xml (RunModel)" time="0.01" />
  <testcase classname="ptolemy.util.test.junit.AutoTests" name="[108] /home/travis/build/icyphy/ptII/ptolemy/domains/continuous/test/auto/PeriodicSampler1.xml (RunModel)" time="0.045" />
  <testcase classname="ptolemy.util.test.junit.AutoTests" name="[109] /home/travis/build/icyphy/ptII/ptolemy/domains/continuous/test/auto/PeriodicSampler2.xml (RunModel)" time="0.076" />
  <testcase classname="ptolemy.util.test.junit.AutoTests" name="[110] /home/travis/build/icyphy/ptII/ptolemy/domains/continuous/test/auto/Poisson.xml (RunModel)" time="0.431" />
  <testcase classname="ptolemy.util.test.junit.AutoTests" name="[111] /home/travis/build/icyphy/ptII/ptolemy/domains/continuous/test/auto/PoissonClock.xml (RunModel)" time="0.013" />
  <testcase classname="ptolemy.util.test.junit.AutoTests" name="[112] /home/travis/build/icyphy/ptII/ptolemy/domains/continuous/test/auto/PoissonClock2.xml (RunModel)" time="0.012" />
  <testcase classname="ptolemy.util.test.junit.AutoTests" name="[113] /home/travis/build/icyphy/ptII/ptolemy/domains/continuous/test/auto/PortParameterHierarchy.xml (RunModel)" time="0.025" />
  <testcase classname="ptolemy.util.test.junit.AutoTests" name="[114] /home/travis/build/icyphy/ptII/ptolemy/domains/continuous/test/auto/RandomHybridPlant.xml (RunModel)" time="0.544" />
  <testcase classname="ptolemy.util.test.junit.AutoTests" name="[115] /home/travis/build/icyphy/ptII/ptolemy/domains/continuous/test/auto/ResetTransitionWithStartTime1.xml (RunModel)" time="0.047" />
  <testcase classname="ptolemy.util.test.junit.AutoTests" name="[116] /home/travis/build/icyphy/ptII/ptolemy/domains/continuous/test/auto/ResetTransitionWithStartTime2.xml (RunModel)" time="0.038" />
  <testcase classname="ptolemy.util.test.junit.AutoTests" name="[117] /home/travis/build/icyphy/ptII/ptolemy/domains/continuous/test/auto/ResetTransitionWithStartTime3.xml (RunModel)" time="0.04" />
  <testcase classname="ptolemy.util.test.junit.AutoTests" name="[118] /home/travis/build/icyphy/ptII/ptolemy/domains/continuous/test/auto/ResetTransitionWithStartTime4.xml (RunModel)" time="0.029" />
  <testcase classname="ptolemy.util.test.junit.AutoTests" name="[119] /home/travis/build/icyphy/ptII/ptolemy/domains/continuous/test/auto/ResetTransitionWithStartTime5.xml (RunModel)" time="0.032" />
  <testcase classname="ptolemy.util.test.junit.AutoTests" name="[120] /home/travis/build/icyphy/ptII/ptolemy/domains/continuous/test/auto/ResetTransitionWithStartTime6.xml (RunModel)" time="0.024" />
  <testcase classname="ptolemy.util.test.junit.AutoTests" name="[121] /home/travis/build/icyphy/ptII/ptolemy/domains/continuous/test/auto/SRinContinuous.xml (RunModel)" time="0.02" />
  <testcase classname="ptolemy.util.test.junit.AutoTests" name="[122] /home/travis/build/icyphy/ptII/ptolemy/domains/continuous/test/auto/SampledClocks.xml (RunModel)" time="0.032" />
  <testcase classname="ptolemy.util.test.junit.AutoTests" name="[123] /home/travis/build/icyphy/ptII/ptolemy/domains/continuous/test/auto/Satellite.xml (RunModel)" time="0.834" />
  <testcase classname="ptolemy.util.test.junit.AutoTests" name="[124] /home/travis/build/icyphy/ptII/ptolemy/domains/continuous/test/auto/SigmaDelta.xml (RunModel)" time="1.966" />
  <testcase classname="ptolemy.util.test.junit.AutoTests" name="[125] /home/travis/build/icyphy/ptII/ptolemy/domains/continuous/test/auto/SingleRefinement.xml (RunModel)" time="0.423" />
  <testcase classname="ptolemy.util.test.junit.AutoTests" name="[126] /home/travis/build/icyphy/ptII/ptolemy/domains/continuous/test/auto/SinuBouncingBall.xml (RunModel)" time="0.834" />
  <testcase classname="ptolemy.util.test.junit.AutoTests" name="[127] /home/travis/build/icyphy/ptII/ptolemy/domains/continuous/test/auto/Sinusoid.xml (RunModel)" time="0.015" />
  <testcase classname="ptolemy.util.test.junit.AutoTests" name="[128] /home/travis/build/icyphy/ptII/ptolemy/domains/continuous/test/auto/SinusoidInNoise.xml (RunModel)" time="0.967" />
  <testcase classname="ptolemy.util.test.junit.AutoTests" name="[129] /home/travis/build/icyphy/ptII/ptolemy/domains/continuous/test/auto/SinusoidRK45.xml (RunModel)" time="0.017" />
  <testcase classname="ptolemy.util.test.junit.AutoTests" name="[130] /home/travis/build/icyphy/ptII/ptolemy/domains/continuous/test/auto/SinusoidWithMultipleImpulses.xml (RunModel)" time="0.011" />
  <testcase classname="ptolemy.util.test.junit.AutoTests" name="[131] /home/travis/build/icyphy/ptII/ptolemy/domains/continuous/test/auto/SquareWave.xml (RunModel)" time="0.176" />
  <testcase classname="ptolemy.util.test.junit.AutoTests" name="[132] /home/travis/build/icyphy/ptII/ptolemy/domains/continuous/test/auto/Starmac.xml (RunModel)" time="3.319" />
  <testcase classname="ptolemy.util.test.junit.AutoTests" name="[133] /home/travis/build/icyphy/ptII/ptolemy/domains/continuous/test/auto/StaticUnits.xml (RunModel)" time="2.375" />
  <testcase classname="ptolemy.util.test.junit.AutoTests" name="[134] /home/travis/build/icyphy/ptII/ptolemy/domains/continuous/test/auto/StickyMasses.xml (RunModel)" time="0.188" />
  <testcase classname="ptolemy.util.test.junit.AutoTests" name="[135] /home/travis/build/icyphy/ptII/ptolemy/domains/continuous/test/auto/StopTime.xml (RunModel)" time="0.064" />
  <testcase classname="ptolemy.util.test.junit.AutoTests" name="[136] /home/travis/build/icyphy/ptII/ptolemy/domains/continuous/test/auto/StopTime2.xml (RunModel)" time="0.056" />
  <testcase classname="ptolemy.util.test.junit.AutoTests" name="[137] /home/travis/build/icyphy/ptII/ptolemy/domains/continuous/test/auto/Switch.xml (RunModel)" time="0.061" />
  <testcase classname="ptolemy.util.test.junit.AutoTests" name="[138] /home/travis/build/icyphy/ptII/ptolemy/domains/continuous/test/auto/Thermostat.xml (RunModel)" time="0.231" />
  <testcase classname="ptolemy.util.test.junit.AutoTests" name="[139] /home/travis/build/icyphy/ptII/ptolemy/domains/continuous/test/auto/TimeDelay.xml (RunModel)" time="0.013" />
  <testcase classname="ptolemy.util.test.junit.AutoTests" name="[140] /home/travis/build/icyphy/ptII/ptolemy/domains/continuous/test/auto/TimeDelay2.xml (RunModel)" time="0.024" />
  <testcase classname="ptolemy.util.test.junit.AutoTests" name="[141] /home/travis/build/icyphy/ptII/ptolemy/domains/continuous/test/auto/TimeDelay3.xml (RunModel)" time="0.013" />
  <testcase classname="ptolemy.util.test.junit.AutoTests" name="[142] /home/travis/build/icyphy/ptII/ptolemy/domains/continuous/test/auto/TransferAbsentToInside.xml (RunModel)" time="0.108" />
  <testcase classname="ptolemy.util.test.junit.AutoTests" name="[143] /home/travis/build/icyphy/ptII/ptolemy/domains/continuous/test/auto/Transmission.xml (RunModel)" time="0.784" />
  <testcase classname="ptolemy.util.test.junit.AutoTests" name="[144] /home/travis/build/icyphy/ptII/ptolemy/domains/continuous/test/auto/TriggeredContinuousClock.xml (RunModel)" time="0.076" />
  <testcase classname="ptolemy.util.test.junit.AutoTests" name="[145] /home/travis/build/icyphy/ptII/ptolemy/domains/continuous/test/auto/TwoMachineInfiniteBusControl.xml (RunModel)" time="2.568" />
  <testcase classname="ptolemy.util.test.junit.AutoTests" name="[146] /home/travis/build/icyphy/ptII/ptolemy/domains/continuous/test/auto/V2V.xml (RunModel)" time="0.838" />
  <testcase classname="ptolemy.util.test.junit.AutoTests" name="[147] /home/travis/build/icyphy/ptII/ptolemy/domains/continuous/test/auto/hierarchicalModalModel.xml (RunModel)" time="0.032" />
  <testcase classname="ptolemy.util.test.junit.AutoTests" name="[148] /home/travis/build/icyphy/ptII/ptolemy/domains/continuous/test/auto/hierarchicalModalModel1.xml (RunModel)" time="0.027" />
  <testcase classname="ptolemy.util.test.junit.AutoTests" name="[149] /home/travis/build/icyphy/ptII/ptolemy/domains/continuous/test/auto/hierarchicalModalModel2.xml (RunModel)" time="0.028" />
  <testcase classname="ptolemy.util.test.junit.AutoTests" name="[150] /home/travis/build/icyphy/ptII/ptolemy/domains/continuous/test/auto/hierarchicalModalModel3.xml (RunModel)" time="0.022" />
  <testcase classname="ptolemy.util.test.junit.AutoTests" name="[151] /home/travis/build/icyphy/ptII/ptolemy/domains/continuous/test/auto/hierarchicalModalModel4.xml (RunModel)" time="0.023" />
  <testcase classname="ptolemy.util.test.junit.AutoTests" name="[152] /home/travis/build/icyphy/ptII/ptolemy/domains/continuous/test/auto/junk.xml (RunModel)" time="0.128" />
  <system-out><![CDATA[No tcl tests in /home/travis/build/icyphy/ptII/ptolemy/domains/continuous/test
No auto/knownFailedTests/*.xml tests in /home/travis/build/icyphy/ptII/ptolemy/domains/continuous/test
No auto/linux-amd64/*.xml tests in /home/travis/build/icyphy/ptII/ptolemy/domains/continuous/test
AutoTests.java: About to close Vertx.
AutoTests.java: Vertx closed.

===========================================================================================
----------------- testing Mon Aug 10 15:21:07 UTC 2020 /home/travis/build/icyphy/ptII/ptolemy/domains/continuous/test/auto/BouncingBall.xml
----------------- Instantiating /home/travis/build/icyphy/ptII/ptolemy/domains/continuous/test/auto/BouncingBall.xml
2425 ms. Memory: 155648K Free: 119619K (77%)
----------------- Invoking toplevel() on ptolemy.moml.MoMLSimpleApplication@3c2b036b
----------------- Done invoking toplevel() on ptolemy.moml.MoMLSimpleApplication@3c2b036b
reloadAllAccessors: .BouncingBall

===========================================================================================
----------------- testing Mon Aug 10 15:21:10 UTC 2020 /home/travis/build/icyphy/ptII/ptolemy/domains/continuous/test/auto/BouncingBallWithoutGR.xml
----------------- Instantiating /home/travis/build/icyphy/ptII/ptolemy/domains/continuous/test/auto/BouncingBallWithoutGR.xml
796 ms. Memory: 155648K Free: 124118K (80%)
----------------- Invoking toplevel() on ptolemy.moml.MoMLSimpleApplication@24f1ce2f
----------------- Done invoking toplevel() on ptolemy.moml.MoMLSimpleApplication@24f1ce2f
reloadAllAccessors: .BouncingBallWithoutGR

===========================================================================================
----------------- testing Mon Aug 10 15:21:11 UTC 2020 /home/travis/build/icyphy/ptII/ptolemy/domains/continuous/test/auto/Brownian.xml
----------------- Instantiating /home/travis/build/icyphy/ptII/ptolemy/domains/continuous/test/auto/Brownian.xml
28 ms. Memory: 155648K Free: 114902K (74%)
----------------- Invoking toplevel() on ptolemy.moml.MoMLSimpleApplication@6d6dea71
----------------- Done invoking toplevel() on ptolemy.moml.MoMLSimpleApplication@6d6dea71
reloadAllAccessors: .Brownian

===========================================================================================
----------------- testing Mon Aug 10 15:21:11 UTC 2020 /home/travis/build/icyphy/ptII/ptolemy/domains/continuous/test/auto/CarTracking.xml
----------------- Instantiating /home/travis/build/icyphy/ptII/ptolemy/domains/continuous/test/auto/CarTracking.xml
3795 ms. Memory: 228352K Free: 164881K (72%)
----------------- Invoking toplevel() on ptolemy.moml.MoMLSimpleApplication@1b18dddd
----------------- Done invoking toplevel() on ptolemy.moml.MoMLSimpleApplication@1b18dddd
reloadAllAccessors: .CarTracking

===========================================================================================
----------------- testing Mon Aug 10 15:21:15 UTC 2020 /home/travis/build/icyphy/ptII/ptolemy/domains/continuous/test/auto/CartPendulum.xml
----------------- Instantiating /home/travis/build/icyphy/ptII/ptolemy/domains/continuous/test/auto/CartPendulum.xml
388 ms. Memory: 228352K Free: 207725K (91%)
----------------- Invoking toplevel() on ptolemy.moml.MoMLSimpleApplication@5d43f483
----------------- Done invoking toplevel() on ptolemy.moml.MoMLSimpleApplication@5d43f483
reloadAllAccessors: .CartPendulum

===========================================================================================
----------------- testing Mon Aug 10 15:21:16 UTC 2020 /home/travis/build/icyphy/ptII/ptolemy/domains/continuous/test/auto/CausalityInterface10.xml
----------------- Instantiating /home/travis/build/icyphy/ptII/ptolemy/domains/continuous/test/auto/CausalityInterface10.xml
14 ms. Memory: 228352K Free: 196988K (86%)
----------------- Invoking toplevel() on ptolemy.moml.MoMLSimpleApplication@47d109b7
----------------- Done invoking toplevel() on ptolemy.moml.MoMLSimpleApplication@47d109b7
reloadAllAccessors: .CausalityInterface10

===========================================================================================
----------------- testing Mon Aug 10 15:21:16 UTC 2020 /home/travis/build/icyphy/ptII/ptolemy/domains/continuous/test/auto/CausalityInterface11.xml
----------------- Instantiating /home/travis/build/icyphy/ptII/ptolemy/domains/continuous/test/auto/CausalityInterface11.xml
10 ms. Memory: 228352K Free: 190846K (84%)
----------------- Invoking toplevel() on ptolemy.moml.MoMLSimpleApplication@7d1a9165
----------------- Done invoking toplevel() on ptolemy.moml.MoMLSimpleApplication@7d1a9165
reloadAllAccessors: .CausalityInterface11

===========================================================================================
----------------- testing Mon Aug 10 15:21:16 UTC 2020 /home/travis/build/icyphy/ptII/ptolemy/domains/continuous/test/auto/CausalityInterface12.xml
----------------- Instantiating /home/travis/build/icyphy/ptII/ptolemy/domains/continuous/test/auto/CausalityInterface12.xml
10 ms. Memory: 228352K Free: 184702K (81%)
----------------- Invoking toplevel() on ptolemy.moml.MoMLSimpleApplication@4e9f669a
----------------- Done invoking toplevel() on ptolemy.moml.MoMLSimpleApplication@4e9f669a
reloadAllAccessors: .CausalityInterface12

===========================================================================================
----------------- testing Mon Aug 10 15:21:16 UTC 2020 /home/travis/build/icyphy/ptII/ptolemy/domains/continuous/test/auto/CausalityInterface13.xml
----------------- Instantiating /home/travis/build/icyphy/ptII/ptolemy/domains/continuous/test/auto/CausalityInterface13.xml
10 ms. Memory: 228352K Free: 178558K (78%)
----------------- Invoking toplevel() on ptolemy.moml.MoMLSimpleApplication@3f123614
----------------- Done invoking toplevel() on ptolemy.moml.MoMLSimpleApplication@3f123614
reloadAllAccessors: .CausalityInterface13

===========================================================================================
----------------- testing Mon Aug 10 15:21:16 UTC 2020 /home/travis/build/icyphy/ptII/ptolemy/domains/continuous/test/auto/CausalityInterface14.xml
----------------- Instantiating /home/travis/build/icyphy/ptII/ptolemy/domains/continuous/test/auto/CausalityInterface14.xml
4 ms. Memory: 228352K Free: 172909K (76%)
----------------- Invoking toplevel() on ptolemy.moml.MoMLSimpleApplication@23c1d94d
----------------- Done invoking toplevel() on ptolemy.moml.MoMLSimpleApplication@23c1d94d
reloadAllAccessors: .CausalityInterface14

===========================================================================================
----------------- testing Mon Aug 10 15:21:16 UTC 2020 /home/travis/build/icyphy/ptII/ptolemy/domains/continuous/test/auto/CausalityInterface4.xml
----------------- Instantiating /home/travis/build/icyphy/ptII/ptolemy/domains/continuous/test/auto/CausalityInterface4.xml
3 ms. Memory: 228352K Free: 165741K (73%)
----------------- Invoking toplevel() on ptolemy.moml.MoMLSimpleApplication@16fa9bd4
----------------- Done invoking toplevel() on ptolemy.moml.MoMLSimpleApplication@16fa9bd4
reloadAllAccessors: .CausalityInterface4

===========================================================================================
----------------- testing Mon Aug 10 15:21:16 UTC 2020 /home/travis/build/icyphy/ptII/ptolemy/domains/continuous/test/auto/CausalityInterface5.xml
----------------- Instantiating /home/travis/build/icyphy/ptII/ptolemy/domains/continuous/test/auto/CausalityInterface5.xml
10 ms. Memory: 228352K Free: 157564K (69%)
----------------- Invoking toplevel() on ptolemy.moml.MoMLSimpleApplication@6daac513
----------------- Done invoking toplevel() on ptolemy.moml.MoMLSimpleApplication@6daac513
reloadAllAccessors: .CausalityInterface5

===========================================================================================
----------------- testing Mon Aug 10 15:21:16 UTC 2020 /home/travis/build/icyphy/ptII/ptolemy/domains/continuous/test/auto/CausalityInterface6.xml
----------------- Instantiating /home/travis/build/icyphy/ptII/ptolemy/domains/continuous/test/auto/CausalityInterface6.xml
10 ms. Memory: 228352K Free: 152429K (67%)
----------------- Invoking toplevel() on ptolemy.moml.MoMLSimpleApplication@140a6d2a
----------------- Done invoking toplevel() on ptolemy.moml.MoMLSimpleApplication@140a6d2a
reloadAllAccessors: .CausalityInterface6

===========================================================================================
----------------- testing Mon Aug 10 15:21:16 UTC 2020 /home/travis/build/icyphy/ptII/ptolemy/domains/continuous/test/auto/CausalityInterface7.xml
----------------- Instantiating /home/travis/build/icyphy/ptII/ptolemy/domains/continuous/test/auto/CausalityInterface7.xml
10 ms. Memory: 228352K Free: 143742K (63%)
----------------- Invoking toplevel() on ptolemy.moml.MoMLSimpleApplication@6ca1c1a3
----------------- Done invoking toplevel() on ptolemy.moml.MoMLSimpleApplication@6ca1c1a3
reloadAllAccessors: .CausalityInterface7

===========================================================================================
----------------- testing Mon Aug 10 15:21:16 UTC 2020 /home/travis/build/icyphy/ptII/ptolemy/domains/continuous/test/auto/CausalityInterface8.xml
----------------- Instantiating /home/travis/build/icyphy/ptII/ptolemy/domains/continuous/test/auto/CausalityInterface8.xml
6 ms. Memory: 228352K Free: 134526K (59%)
----------------- Invoking toplevel() on ptolemy.moml.MoMLSimpleApplication@6c35a638
----------------- Done invoking toplevel() on ptolemy.moml.MoMLSimpleApplication@6c35a638
reloadAllAccessors: .CausalityInterface8

===========================================================================================
----------------- testing Mon Aug 10 15:21:16 UTC 2020 /home/travis/build/icyphy/ptII/ptolemy/domains/continuous/test/auto/CausalityInterface9.xml
----------------- Instantiating /home/travis/build/icyphy/ptII/ptolemy/domains/continuous/test/auto/CausalityInterface9.xml
5 ms. Memory: 228352K Free: 123766K (54%)
----------------- Invoking toplevel() on ptolemy.moml.MoMLSimpleApplication@23209595
----------------- Done invoking toplevel() on ptolemy.moml.MoMLSimpleApplication@23209595
reloadAllAccessors: .CausalityInterface9

===========================================================================================
----------------- testing Mon Aug 10 15:21:16 UTC 2020 /home/travis/build/icyphy/ptII/ptolemy/domains/continuous/test/auto/CausalityInterfaceFeedback1.xml
----------------- Instantiating /home/travis/build/icyphy/ptII/ptolemy/domains/continuous/test/auto/CausalityInterfaceFeedback1.xml
3 ms. Memory: 228352K Free: 117118K (51%)
----------------- Invoking toplevel() on ptolemy.moml.MoMLSimpleApplication@5e6e0b67
----------------- Done invoking toplevel() on ptolemy.moml.MoMLSimpleApplication@5e6e0b67
reloadAllAccessors: .CausalityInterfaceFeedback1

===========================================================================================
----------------- testing Mon Aug 10 15:21:16 UTC 2020 /home/travis/build/icyphy/ptII/ptolemy/domains/continuous/test/auto/CausalityInterfaceFeedback2.xml
----------------- Instantiating /home/travis/build/icyphy/ptII/ptolemy/domains/continuous/test/auto/CausalityInterfaceFeedback2.xml
9 ms. Memory: 228352K Free: 110429K (48%)
----------------- Invoking toplevel() on ptolemy.moml.MoMLSimpleApplication@40bfa88d
----------------- Done invoking toplevel() on ptolemy.moml.MoMLSimpleApplication@40bfa88d
reloadAllAccessors: .CausalityInterfaceFeedback2

===========================================================================================
----------------- testing Mon Aug 10 15:21:17 UTC 2020 /home/travis/build/icyphy/ptII/ptolemy/domains/continuous/test/auto/CompareWithCurrentTime.xml
----------------- Instantiating /home/travis/build/icyphy/ptII/ptolemy/domains/continuous/test/auto/CompareWithCurrentTime.xml
3 ms. Memory: 228352K Free: 106364K (47%)
----------------- Invoking toplevel() on ptolemy.moml.MoMLSimpleApplication@178b93a1
----------------- Done invoking toplevel() on ptolemy.moml.MoMLSimpleApplication@178b93a1
reloadAllAccessors: .CompareWithCurrentTime

===========================================================================================
----------------- testing Mon Aug 10 15:21:17 UTC 2020 /home/travis/build/icyphy/ptII/ptolemy/domains/continuous/test/auto/ComparedClocks.xml
----------------- Instantiating /home/travis/build/icyphy/ptII/ptolemy/domains/continuous/test/auto/ComparedClocks.xml
7 ms. Memory: 228352K Free: 90989K (40%)
----------------- Invoking toplevel() on ptolemy.moml.MoMLSimpleApplication@caf2b63
----------------- Done invoking toplevel() on ptolemy.moml.MoMLSimpleApplication@caf2b63
reloadAllAccessors: .ComparedClocks

===========================================================================================
----------------- testing Mon Aug 10 15:21:17 UTC 2020 /home/travis/build/icyphy/ptII/ptolemy/domains/continuous/test/auto/ContinuousAOCClone.xml
----------------- Instantiating /home/travis/build/icyphy/ptII/ptolemy/domains/continuous/test/auto/ContinuousAOCClone.xml
2462 ms. Memory: 274432K Free: 148823K (54%)
----------------- Invoking toplevel() on ptolemy.moml.MoMLSimpleApplication@fa72ff5
----------------- Done invoking toplevel() on ptolemy.moml.MoMLSimpleApplication@fa72ff5
reloadAllAccessors: .ContinuousAOCClone

===========================================================================================
----------------- testing Mon Aug 10 15:21:19 UTC 2020 /home/travis/build/icyphy/ptII/ptolemy/domains/continuous/test/auto/ContinuousClock.xml
----------------- Instantiating /home/travis/build/icyphy/ptII/ptolemy/domains/continuous/test/auto/ContinuousClock.xml
34 ms. Memory: 274432K Free: 126805K (46%)
----------------- Invoking toplevel() on ptolemy.moml.MoMLSimpleApplication@5fe98c11
----------------- Done invoking toplevel() on ptolemy.moml.MoMLSimpleApplication@5fe98c11
reloadAllAccessors: .ContinuousClock

===========================================================================================
----------------- testing Mon Aug 10 15:21:19 UTC 2020 /home/travis/build/icyphy/ptII/ptolemy/domains/continuous/test/auto/ContinuousInContinuous.xml
----------------- Instantiating /home/travis/build/icyphy/ptII/ptolemy/domains/continuous/test/auto/ContinuousInContinuous.xml
44 ms. Memory: 274432K Free: 103247K (38%)
----------------- Invoking toplevel() on ptolemy.moml.MoMLSimpleApplication@33681c4d
----------------- Done invoking toplevel() on ptolemy.moml.MoMLSimpleApplication@33681c4d
reloadAllAccessors: .ContinuousInContinuous

===========================================================================================
----------------- testing Mon Aug 10 15:21:20 UTC 2020 /home/travis/build/icyphy/ptII/ptolemy/domains/continuous/test/auto/ContinuousInContinuousInContinuous.xml
----------------- Instantiating /home/travis/build/icyphy/ptII/ptolemy/domains/continuous/test/auto/ContinuousInContinuousInContinuous.xml
11 ms. Memory: 274432K Free: 258351K (94%)
----------------- Invoking toplevel() on ptolemy.moml.MoMLSimpleApplication@290c7342
----------------- Done invoking toplevel() on ptolemy.moml.MoMLSimpleApplication@290c7342
reloadAllAccessors: .ContinuousInContinuousInContinuous

===========================================================================================
----------------- testing Mon Aug 10 15:21:20 UTC 2020 /home/travis/build/icyphy/ptII/ptolemy/domains/continuous/test/auto/ContinuousInDE.xml
----------------- Instantiating /home/travis/build/icyphy/ptII/ptolemy/domains/continuous/test/auto/ContinuousInDE.xml
91 ms. Memory: 274432K Free: 247087K (90%)
----------------- Invoking toplevel() on ptolemy.moml.MoMLSimpleApplication@58a2d591
----------------- Done invoking toplevel() on ptolemy.moml.MoMLSimpleApplication@58a2d591
reloadAllAccessors: .ContinuousInDE

===========================================================================================
----------------- testing Mon Aug 10 15:21:20 UTC 2020 /home/travis/build/icyphy/ptII/ptolemy/domains/continuous/test/auto/ContinuousInDE2.xml
----------------- Instantiating /home/travis/build/icyphy/ptII/ptolemy/domains/continuous/test/auto/ContinuousInDE2.xml
33 ms. Memory: 274432K Free: 237357K (86%)
----------------- Invoking toplevel() on ptolemy.moml.MoMLSimpleApplication@60d8c3dc
----------------- Done invoking toplevel() on ptolemy.moml.MoMLSimpleApplication@60d8c3dc
reloadAllAccessors: .ContinuousInDE2

===========================================================================================
----------------- testing Mon Aug 10 15:21:20 UTC 2020 /home/travis/build/icyphy/ptII/ptolemy/domains/continuous/test/auto/ContinuousInDE3.xml
----------------- Instantiating /home/travis/build/icyphy/ptII/ptolemy/domains/continuous/test/auto/ContinuousInDE3.xml
28 ms. Memory: 274432K Free: 227631K (83%)
----------------- Invoking toplevel() on ptolemy.moml.MoMLSimpleApplication@6d5888ce
----------------- Done invoking toplevel() on ptolemy.moml.MoMLSimpleApplication@6d5888ce
reloadAllAccessors: .ContinuousInDE3

===========================================================================================
----------------- testing Mon Aug 10 15:21:20 UTC 2020 /home/travis/build/icyphy/ptII/ptolemy/domains/continuous/test/auto/ContinuousInDE4.xml
----------------- Instantiating /home/travis/build/icyphy/ptII/ptolemy/domains/continuous/test/auto/ContinuousInDE4.xml
12 ms. Memory: 274432K Free: 221487K (81%)
----------------- Invoking toplevel() on ptolemy.moml.MoMLSimpleApplication@61d6bccf
----------------- Done invoking toplevel() on ptolemy.moml.MoMLSimpleApplication@61d6bccf
reloadAllAccessors: .ContinuousInDE4

===========================================================================================
----------------- testing Mon Aug 10 15:21:20 UTC 2020 /home/travis/build/icyphy/ptII/ptolemy/domains/continuous/test/auto/ContinuousInDEDifferentRefinements.xml
----------------- Instantiating /home/travis/build/icyphy/ptII/ptolemy/domains/continuous/test/auto/ContinuousInDEDifferentRefinements.xml
50 ms. Memory: 274432K Free: 190253K (69%)
----------------- Invoking toplevel() on ptolemy.moml.MoMLSimpleApplication@311953b1
----------------- Done invoking toplevel() on ptolemy.moml.MoMLSimpleApplication@311953b1
reloadAllAccessors: .ContinuousInDEDifferentRefinements

===========================================================================================
----------------- testing Mon Aug 10 15:21:20 UTC 2020 /home/travis/build/icyphy/ptII/ptolemy/domains/continuous/test/auto/ContinuousInDEDifferentRefinementsPreemptive.xml
----------------- Instantiating /home/travis/build/icyphy/ptII/ptolemy/domains/continuous/test/auto/ContinuousInDEDifferentRefinementsPreemptive.xml
43 ms. Memory: 274432K Free: 159519K (58%)
----------------- Invoking toplevel() on ptolemy.moml.MoMLSimpleApplication@77aab23
----------------- Done invoking toplevel() on ptolemy.moml.MoMLSimpleApplication@77aab23
reloadAllAccessors: .ContinuousInDEDifferentRefinementsPreemptive

===========================================================================================
----------------- testing Mon Aug 10 15:21:20 UTC 2020 /home/travis/build/icyphy/ptII/ptolemy/domains/continuous/test/auto/ContinuousInDEInContinuous2.xml
----------------- Instantiating /home/travis/build/icyphy/ptII/ptolemy/domains/continuous/test/auto/ContinuousInDEInContinuous2.xml
36 ms. Memory: 274432K Free: 148269K (54%)
----------------- Invoking toplevel() on ptolemy.moml.MoMLSimpleApplication@b2a5373
----------------- Done invoking toplevel() on ptolemy.moml.MoMLSimpleApplication@b2a5373
reloadAllAccessors: .ContinuousInDEInContinuous2

===========================================================================================
----------------- testing Mon Aug 10 15:21:20 UTC 2020 /home/travis/build/icyphy/ptII/ptolemy/domains/continuous/test/auto/ContinuousInDEInContinuous3.xml
----------------- Instantiating /home/travis/build/icyphy/ptII/ptolemy/domains/continuous/test/auto/ContinuousInDEInContinuous3.xml
38 ms. Memory: 274432K Free: 136495K (50%)
----------------- Invoking toplevel() on ptolemy.moml.MoMLSimpleApplication@51c74e93
----------------- Done invoking toplevel() on ptolemy.moml.MoMLSimpleApplication@51c74e93
reloadAllAccessors: .ContinuousInDEInContinuous3

===========================================================================================
----------------- testing Mon Aug 10 15:21:20 UTC 2020 /home/travis/build/icyphy/ptII/ptolemy/domains/continuous/test/auto/ContinuousInDEInput.xml
----------------- Instantiating /home/travis/build/icyphy/ptII/ptolemy/domains/continuous/test/auto/ContinuousInDEInput.xml
19 ms. Memory: 274432K Free: 128813K (47%)
----------------- Invoking toplevel() on ptolemy.moml.MoMLSimpleApplication@32242782
----------------- Done invoking toplevel() on ptolemy.moml.MoMLSimpleApplication@32242782
reloadAllAccessors: .ContinuousInDEInput

===========================================================================================
----------------- testing Mon Aug 10 15:21:20 UTC 2020 /home/travis/build/icyphy/ptII/ptolemy/domains/continuous/test/auto/ContinuousInDEInput2.xml
----------------- Instantiating /home/travis/build/icyphy/ptII/ptolemy/domains/continuous/test/auto/ContinuousInDEInput2.xml
15 ms. Memory: 274432K Free: 121645K (44%)
----------------- Invoking toplevel() on ptolemy.moml.MoMLSimpleApplication@42a1338e
----------------- Done invoking toplevel() on ptolemy.moml.MoMLSimpleApplication@42a1338e
reloadAllAccessors: .ContinuousInDEInput2

===========================================================================================
----------------- testing Mon Aug 10 15:21:20 UTC 2020 /home/travis/build/icyphy/ptII/ptolemy/domains/continuous/test/auto/ContinuousInDEInput3.xml
----------------- Instantiating /home/travis/build/icyphy/ptII/ptolemy/domains/continuous/test/auto/ContinuousInDEInput3.xml
15 ms. Memory: 274432K Free: 114477K (42%)
----------------- Invoking toplevel() on ptolemy.moml.MoMLSimpleApplication@2ea919b8
----------------- Done invoking toplevel() on ptolemy.moml.MoMLSimpleApplication@2ea919b8
reloadAllAccessors: .ContinuousInDEInput3

===========================================================================================
----------------- testing Mon Aug 10 15:21:20 UTC 2020 /home/travis/build/icyphy/ptII/ptolemy/domains/continuous/test/auto/ContinuousInDESharingRefinement.xml
----------------- Instantiating /home/travis/build/icyphy/ptII/ptolemy/domains/continuous/test/auto/ContinuousInDESharingRefinement.xml
164 ms. Memory: 274432K Free: 182898K (67%)
----------------- Invoking toplevel() on ptolemy.moml.MoMLSimpleApplication@4ce9d56b
----------------- Done invoking toplevel() on ptolemy.moml.MoMLSimpleApplication@4ce9d56b
reloadAllAccessors: .ContinuousInDESharingRefinement

===========================================================================================
----------------- testing Mon Aug 10 15:21:20 UTC 2020 /home/travis/build/icyphy/ptII/ptolemy/domains/continuous/test/auto/ContinuousInDEwithNoPorts.xml
----------------- Instantiating /home/travis/build/icyphy/ptII/ptolemy/domains/continuous/test/auto/ContinuousInDEwithNoPorts.xml
4 ms. Memory: 274432K Free: 178548K (65%)
----------------- Invoking toplevel() on ptolemy.moml.MoMLSimpleApplication@4e28dbd3
----------------- Done invoking toplevel() on ptolemy.moml.MoMLSimpleApplication@4e28dbd3
reloadAllAccessors: .ContinuousInDEwithNoPorts

===========================================================================================
----------------- testing Mon Aug 10 15:21:20 UTC 2020 /home/travis/build/icyphy/ptII/ptolemy/domains/continuous/test/auto/ContinuousInsideDE.xml
----------------- Instantiating /home/travis/build/icyphy/ptII/ptolemy/domains/continuous/test/auto/ContinuousInsideDE.xml
36 ms. Memory: 274432K Free: 166770K (61%)
----------------- Invoking toplevel() on ptolemy.moml.MoMLSimpleApplication@79e21dc4
----------------- Done invoking toplevel() on ptolemy.moml.MoMLSimpleApplication@79e21dc4
reloadAllAccessors: .ContinuousInsideDE

===========================================================================================
----------------- testing Mon Aug 10 15:21:21 UTC 2020 /home/travis/build/icyphy/ptII/ptolemy/domains/continuous/test/auto/ContinuousMerge1.xml
----------------- Instantiating /home/travis/build/icyphy/ptII/ptolemy/domains/continuous/test/auto/ContinuousMerge1.xml
2 ms. Memory: 274432K Free: 162644K (59%)
----------------- Invoking toplevel() on ptolemy.moml.MoMLSimpleApplication@2e7ab6b2
----------------- Done invoking toplevel() on ptolemy.moml.MoMLSimpleApplication@2e7ab6b2
reloadAllAccessors: .ContinuousMerge1

===========================================================================================
----------------- testing Mon Aug 10 15:21:21 UTC 2020 /home/travis/build/icyphy/ptII/ptolemy/domains/continuous/test/auto/ContinuousMerge2.xml
----------------- Instantiating /home/travis/build/icyphy/ptII/ptolemy/domains/continuous/test/auto/ContinuousMerge2.xml
14 ms. Memory: 274432K Free: 152434K (56%)
----------------- Invoking toplevel() on ptolemy.moml.MoMLSimpleApplication@4e29ef06
----------------- Done invoking toplevel() on ptolemy.moml.MoMLSimpleApplication@4e29ef06
reloadAllAccessors: .ContinuousMerge2

===========================================================================================
----------------- testing Mon Aug 10 15:21:21 UTC 2020 /home/travis/build/icyphy/ptII/ptolemy/domains/continuous/test/auto/ContinuousMerge3.xml
----------------- Instantiating /home/travis/build/icyphy/ptII/ptolemy/domains/continuous/test/auto/ContinuousMerge3.xml
43 ms. Memory: 274432K Free: 141684K (52%)
----------------- Invoking toplevel() on ptolemy.moml.MoMLSimpleApplication@31062311
----------------- Done invoking toplevel() on ptolemy.moml.MoMLSimpleApplication@31062311
reloadAllAccessors: .ContinuousMerge3

===========================================================================================
----------------- testing Mon Aug 10 15:21:21 UTC 2020 /home/travis/build/icyphy/ptII/ptolemy/domains/continuous/test/auto/ContinuousWithinContinuous.xml
----------------- Instantiating /home/travis/build/icyphy/ptII/ptolemy/domains/continuous/test/auto/ContinuousWithinContinuous.xml
36 ms. Memory: 274432K Free: 132468K (48%)
----------------- Invoking toplevel() on ptolemy.moml.MoMLSimpleApplication@6539ef40
----------------- Done invoking toplevel() on ptolemy.moml.MoMLSimpleApplication@6539ef40
reloadAllAccessors: .ContinuousWithinContinuous

===========================================================================================
----------------- testing Mon Aug 10 15:21:21 UTC 2020 /home/travis/build/icyphy/ptII/ptolemy/domains/continuous/test/auto/ContinuousWithinContinuous2.xml
----------------- Instantiating /home/travis/build/icyphy/ptII/ptolemy/domains/continuous/test/auto/ContinuousWithinContinuous2.xml
69 ms. Memory: 274432K Free: 121714K (44%)
----------------- Invoking toplevel() on ptolemy.moml.MoMLSimpleApplication@2c76a5e8
----------------- Done invoking toplevel() on ptolemy.moml.MoMLSimpleApplication@2c76a5e8
reloadAllAccessors: .ContinuousWithinContinuous2

===========================================================================================
----------------- testing Mon Aug 10 15:21:21 UTC 2020 /home/travis/build/icyphy/ptII/ptolemy/domains/continuous/test/auto/ContinuousWithinContinuous3.xml
----------------- Instantiating /home/travis/build/icyphy/ptII/ptolemy/domains/continuous/test/auto/ContinuousWithinContinuous3.xml
13 ms. Memory: 274432K Free: 115060K (42%)
----------------- Invoking toplevel() on ptolemy.moml.MoMLSimpleApplication@58cc5495
----------------- Done invoking toplevel() on ptolemy.moml.MoMLSimpleApplication@58cc5495
reloadAllAccessors: .ContinuousWithinContinuous3

===========================================================================================
----------------- testing Mon Aug 10 15:21:21 UTC 2020 /home/travis/build/icyphy/ptII/ptolemy/domains/continuous/test/auto/ContinuousWithinContinuous4.xml
----------------- Instantiating /home/travis/build/icyphy/ptII/ptolemy/domains/continuous/test/auto/ContinuousWithinContinuous4.xml
73 ms. Memory: 274432K Free: 102258K (37%)
----------------- Invoking toplevel() on ptolemy.moml.MoMLSimpleApplication@2153e881
----------------- Done invoking toplevel() on ptolemy.moml.MoMLSimpleApplication@2153e881
reloadAllAccessors: .ContinuousWithinContinuous4

===========================================================================================
----------------- testing Mon Aug 10 15:21:21 UTC 2020 /home/travis/build/icyphy/ptII/ptolemy/domains/continuous/test/auto/ContinuousWithinContinuous5.xml
----------------- Instantiating /home/travis/build/icyphy/ptII/ptolemy/domains/continuous/test/auto/ContinuousWithinContinuous5.xml
20 ms. Memory: 274432K Free: 258012K (94%)
----------------- Invoking toplevel() on ptolemy.moml.MoMLSimpleApplication@5771cdc2
----------------- Done invoking toplevel() on ptolemy.moml.MoMLSimpleApplication@5771cdc2
reloadAllAccessors: .ContinuousWithinContinuous5

===========================================================================================
----------------- testing Mon Aug 10 15:21:21 UTC 2020 /home/travis/build/icyphy/ptII/ptolemy/domains/continuous/test/auto/ContinuousWithinContinuous6.xml
----------------- Instantiating /home/travis/build/icyphy/ptII/ptolemy/domains/continuous/test/auto/ContinuousWithinContinuous6.xml
11 ms. Memory: 274432K Free: 250334K (91%)
----------------- Invoking toplevel() on ptolemy.moml.MoMLSimpleApplication@65b05129
----------------- Done invoking toplevel() on ptolemy.moml.MoMLSimpleApplication@65b05129
reloadAllAccessors: .ContinuousWithinContinuous6

===========================================================================================
----------------- testing Mon Aug 10 15:21:21 UTC 2020 /home/travis/build/icyphy/ptII/ptolemy/domains/continuous/test/auto/ContinuousWithinContinuous7.xml
----------------- Instantiating /home/travis/build/icyphy/ptII/ptolemy/domains/continuous/test/auto/ContinuousWithinContinuous7.xml
51 ms. Memory: 274432K Free: 239580K (87%)
----------------- Invoking toplevel() on ptolemy.moml.MoMLSimpleApplication@4c5893b6
----------------- Done invoking toplevel() on ptolemy.moml.MoMLSimpleApplication@4c5893b6
reloadAllAccessors: .ContinuousWithinContinuous7

===========================================================================================
----------------- testing Mon Aug 10 15:21:21 UTC 2020 /home/travis/build/icyphy/ptII/ptolemy/domains/continuous/test/auto/DCMotor.xml
----------------- Instantiating /home/travis/build/icyphy/ptII/ptolemy/domains/continuous/test/auto/DCMotor.xml
14128 ms. Memory: 274432K Free: 106469K (39%)
----------------- Invoking toplevel() on ptolemy.moml.MoMLSimpleApplication@53e15129
----------------- Done invoking toplevel() on ptolemy.moml.MoMLSimpleApplication@53e15129
reloadAllAccessors: .DCMotor

===========================================================================================
----------------- testing Mon Aug 10 15:21:35 UTC 2020 /home/travis/build/icyphy/ptII/ptolemy/domains/continuous/test/auto/DEInContinuous.xml
----------------- Instantiating /home/travis/build/icyphy/ptII/ptolemy/domains/continuous/test/auto/DEInContinuous.xml
20 ms. Memory: 274432K Free: 100325K (37%)
----------------- Invoking toplevel() on ptolemy.moml.MoMLSimpleApplication@7de1774d
----------------- Done invoking toplevel() on ptolemy.moml.MoMLSimpleApplication@7de1774d
reloadAllAccessors: .DEInContinuous

===========================================================================================
----------------- testing Mon Aug 10 15:21:35 UTC 2020 /home/travis/build/icyphy/ptII/ptolemy/domains/continuous/test/auto/DEinContinuous2.xml
----------------- Instantiating /home/travis/build/icyphy/ptII/ptolemy/domains/continuous/test/auto/DEinContinuous2.xml
6 ms. Memory: 274432K Free: 254634K (93%)
----------------- Invoking toplevel() on ptolemy.moml.MoMLSimpleApplication@11d22650
----------------- Done invoking toplevel() on ptolemy.moml.MoMLSimpleApplication@11d22650
reloadAllAccessors: .DEinContinuous2

===========================================================================================
----------------- testing Mon Aug 10 15:21:35 UTC 2020 /home/travis/build/icyphy/ptII/ptolemy/domains/continuous/test/auto/Derivative.xml
----------------- Instantiating /home/travis/build/icyphy/ptII/ptolemy/domains/continuous/test/auto/Derivative.xml
126 ms. Memory: 274432K Free: 225448K (82%)
----------------- Invoking toplevel() on ptolemy.moml.MoMLSimpleApplication@496f64ff
----------------- Done invoking toplevel() on ptolemy.moml.MoMLSimpleApplication@496f64ff
reloadAllAccessors: .Derivative2

===========================================================================================
----------------- testing Mon Aug 10 15:21:36 UTC 2020 /home/travis/build/icyphy/ptII/ptolemy/domains/continuous/test/auto/Derivative1.xml
----------------- Instantiating /home/travis/build/icyphy/ptII/ptolemy/domains/continuous/test/auto/Derivative1.xml
27 ms. Memory: 274432K Free: 211112K (77%)
----------------- Invoking toplevel() on ptolemy.moml.MoMLSimpleApplication@5e45803a
----------------- Done invoking toplevel() on ptolemy.moml.MoMLSimpleApplication@5e45803a
reloadAllAccessors: .Derivative1

===========================================================================================
----------------- testing Mon Aug 10 15:21:36 UTC 2020 /home/travis/build/icyphy/ptII/ptolemy/domains/continuous/test/auto/DiscreteClock.xml
----------------- Instantiating /home/travis/build/icyphy/ptII/ptolemy/domains/continuous/test/auto/DiscreteClock.xml
4 ms. Memory: 274432K Free: 205992K (75%)
----------------- Invoking toplevel() on ptolemy.moml.MoMLSimpleApplication@1b94af50
----------------- Done invoking toplevel() on ptolemy.moml.MoMLSimpleApplication@1b94af50
reloadAllAccessors: .DiscreteClock

===========================================================================================
----------------- testing Mon Aug 10 15:21:36 UTC 2020 /home/travis/build/icyphy/ptII/ptolemy/domains/continuous/test/auto/EfficiencyCurve.xml
----------------- Instantiating /home/travis/build/icyphy/ptII/ptolemy/domains/continuous/test/auto/EfficiencyCurve.xml
55 ms. Memory: 274432K Free: 196776K (72%)
----------------- Invoking toplevel() on ptolemy.moml.MoMLSimpleApplication@760ece7d
----------------- Done invoking toplevel() on ptolemy.moml.MoMLSimpleApplication@760ece7d
reloadAllAccessors: .EfficiencyCurve

===========================================================================================
----------------- testing Mon Aug 10 15:21:36 UTC 2020 /home/travis/build/icyphy/ptII/ptolemy/domains/continuous/test/auto/ExponentialResponse.xml
----------------- Instantiating /home/travis/build/icyphy/ptII/ptolemy/domains/continuous/test/auto/ExponentialResponse.xml
93 ms. Memory: 274432K Free: 181416K (66%)
----------------- Invoking toplevel() on ptolemy.moml.MoMLSimpleApplication@10305f74
----------------- Done invoking toplevel() on ptolemy.moml.MoMLSimpleApplication@10305f74
reloadAllAccessors: .ExponentialResponse

===========================================================================================
----------------- testing Mon Aug 10 15:21:36 UTC 2020 /home/travis/build/icyphy/ptII/ptolemy/domains/continuous/test/auto/ExponentialResponseRK45.xml
----------------- Instantiating /home/travis/build/icyphy/ptII/ptolemy/domains/continuous/test/auto/ExponentialResponseRK45.xml
23 ms. Memory: 274432K Free: 174762K (64%)
----------------- Invoking toplevel() on ptolemy.moml.MoMLSimpleApplication@824eb80
----------------- Done invoking toplevel() on ptolemy.moml.MoMLSimpleApplication@824eb80
reloadAllAccessors: .ExponentialResponseRK45

===========================================================================================
----------------- testing Mon Aug 10 15:21:36 UTC 2020 /home/travis/build/icyphy/ptII/ptolemy/domains/continuous/test/auto/Friction.xml
----------------- Instantiating /home/travis/build/icyphy/ptII/ptolemy/domains/continuous/test/auto/Friction.xml
1316 ms. Memory: 274432K Free: 242595K (88%)
----------------- Invoking toplevel() on ptolemy.moml.MoMLSimpleApplication@50405168
----------------- Done invoking toplevel() on ptolemy.moml.MoMLSimpleApplication@50405168
reloadAllAccessors: .Friction

===========================================================================================
----------------- testing Mon Aug 10 15:21:37 UTC 2020 /home/travis/build/icyphy/ptII/ptolemy/domains/continuous/test/auto/FurutaPendulum.xml
----------------- Instantiating /home/travis/build/icyphy/ptII/ptolemy/domains/continuous/test/auto/FurutaPendulum.xml
2956 ms. Memory: 274432K Free: 241494K (88%)
----------------- Invoking toplevel() on ptolemy.moml.MoMLSimpleApplication@20cb3e86
----------------- Done invoking toplevel() on ptolemy.moml.MoMLSimpleApplication@20cb3e86
reloadAllAccessors: .FurutaPendulum

===========================================================================================
----------------- testing Mon Aug 10 15:21:40 UTC 2020 /home/travis/build/icyphy/ptII/ptolemy/domains/continuous/test/auto/HierarchicalExecution.xml
----------------- Instantiating /home/travis/build/icyphy/ptII/ptolemy/domains/continuous/test/auto/HierarchicalExecution.xml
1514 ms. Memory: 274432K Free: 123033K (45%)
----------------- Invoking toplevel() on ptolemy.moml.MoMLSimpleApplication@46ecaca2
----------------- Done invoking toplevel() on ptolemy.moml.MoMLSimpleApplication@46ecaca2
reloadAllAccessors: .HierarchicalExecution

===========================================================================================
----------------- testing Mon Aug 10 15:21:42 UTC 2020 /home/travis/build/icyphy/ptII/ptolemy/domains/continuous/test/auto/HybridPlant.xml
----------------- Instantiating /home/travis/build/icyphy/ptII/ptolemy/domains/continuous/test/auto/HybridPlant.xml
490 ms. Memory: 274432K Free: 183759K (67%)
----------------- Invoking toplevel() on ptolemy.moml.MoMLSimpleApplication@2fd7d6a4
----------------- Done invoking toplevel() on ptolemy.moml.MoMLSimpleApplication@2fd7d6a4
reloadAllAccessors: .HybridPlant

===========================================================================================
----------------- testing Mon Aug 10 15:21:43 UTC 2020 /home/travis/build/icyphy/ptII/ptolemy/domains/continuous/test/auto/Hysteresis.xml
----------------- Instantiating /home/travis/build/icyphy/ptII/ptolemy/domains/continuous/test/auto/Hysteresis.xml
129 ms. Memory: 274432K Free: 121279K (44%)
----------------- Invoking toplevel() on ptolemy.moml.MoMLSimpleApplication@4dcb4c72
----------------- Done invoking toplevel() on ptolemy.moml.MoMLSimpleApplication@4dcb4c72
reloadAllAccessors: .Hysteresis

===========================================================================================
----------------- testing Mon Aug 10 15:21:43 UTC 2020 /home/travis/build/icyphy/ptII/ptolemy/domains/continuous/test/auto/HysteresisWithRandomDelay.xml
----------------- Instantiating /home/travis/build/icyphy/ptII/ptolemy/domains/continuous/test/auto/HysteresisWithRandomDelay.xml
187 ms. Memory: 274432K Free: 212608K (77%)
----------------- Invoking toplevel() on ptolemy.moml.MoMLSimpleApplication@643346bb
----------------- Done invoking toplevel() on ptolemy.moml.MoMLSimpleApplication@643346bb
reloadAllAccessors: .HysteresisWithRandomDelay

===========================================================================================
----------------- testing Mon Aug 10 15:21:43 UTC 2020 /home/travis/build/icyphy/ptII/ptolemy/domains/continuous/test/auto/HysteresisWithRandomLosses.xml
----------------- Instantiating /home/travis/build/icyphy/ptII/ptolemy/domains/continuous/test/auto/HysteresisWithRandomLosses.xml
2206 ms. Memory: 274432K Free: 123551K (45%)
----------------- Invoking toplevel() on ptolemy.moml.MoMLSimpleApplication@6b6595dc
----------------- Done invoking toplevel() on ptolemy.moml.MoMLSimpleApplication@6b6595dc
reloadAllAccessors: .HysteresisWithRandomLosses

===========================================================================================
----------------- testing Mon Aug 10 15:21:46 UTC 2020 /home/travis/build/icyphy/ptII/ptolemy/domains/continuous/test/auto/ImmediateTransitions.xml
----------------- Instantiating /home/travis/build/icyphy/ptII/ptolemy/domains/continuous/test/auto/ImmediateTransitions.xml
9 ms. Memory: 274432K Free: 112783K (41%)
----------------- Invoking toplevel() on ptolemy.moml.MoMLSimpleApplication@ffd7b8e
----------------- Done invoking toplevel() on ptolemy.moml.MoMLSimpleApplication@ffd7b8e
reloadAllAccessors: .ImmediateTransitions

===========================================================================================
----------------- testing Mon Aug 10 15:21:46 UTC 2020 /home/travis/build/icyphy/ptII/ptolemy/domains/continuous/test/auto/ImpulseFeedback.xml
----------------- Instantiating /home/travis/build/icyphy/ptII/ptolemy/domains/continuous/test/auto/ImpulseFeedback.xml
7 ms. Memory: 274432K Free: 107167K (39%)
----------------- Invoking toplevel() on ptolemy.moml.MoMLSimpleApplication@6d481cb8
----------------- Done invoking toplevel() on ptolemy.moml.MoMLSimpleApplication@6d481cb8
reloadAllAccessors: .ImpulseFeedback

===========================================================================================
----------------- testing Mon Aug 10 15:21:46 UTC 2020 /home/travis/build/icyphy/ptII/ptolemy/domains/continuous/test/auto/ImpulseFeedback2.xml
----------------- Instantiating /home/travis/build/icyphy/ptII/ptolemy/domains/continuous/test/auto/ImpulseFeedback2.xml
5 ms. Memory: 274432K Free: 101533K (37%)
----------------- Invoking toplevel() on ptolemy.moml.MoMLSimpleApplication@72db4e26
----------------- Done invoking toplevel() on ptolemy.moml.MoMLSimpleApplication@72db4e26
reloadAllAccessors: .ImpulseFeedback2

===========================================================================================
----------------- testing Mon Aug 10 15:21:46 UTC 2020 /home/travis/build/icyphy/ptII/ptolemy/domains/continuous/test/auto/IncreasingRatePoisson.xml
----------------- Instantiating /home/travis/build/icyphy/ptII/ptolemy/domains/continuous/test/auto/IncreasingRatePoisson.xml
580 ms. Memory: 274432K Free: 151401K (55%)
----------------- Invoking toplevel() on ptolemy.moml.MoMLSimpleApplication@608b8b3d
----------------- Done invoking toplevel() on ptolemy.moml.MoMLSimpleApplication@608b8b3d
reloadAllAccessors: .IncreasingRatePoisson

===========================================================================================
----------------- testing Mon Aug 10 15:21:46 UTC 2020 /home/travis/build/icyphy/ptII/ptolemy/domains/continuous/test/auto/InitialStateFeedback.xml
----------------- Instantiating /home/travis/build/icyphy/ptII/ptolemy/domains/continuous/test/auto/InitialStateFeedback.xml
6 ms. Memory: 274432K Free: 146795K (53%)
----------------- Invoking toplevel() on ptolemy.moml.MoMLSimpleApplication@292078f9
----------------- Done invoking toplevel() on ptolemy.moml.MoMLSimpleApplication@292078f9
reloadAllAccessors: .InitialStateFeedback

===========================================================================================
----------------- testing Mon Aug 10 15:21:46 UTC 2020 /home/travis/build/icyphy/ptII/ptolemy/domains/continuous/test/auto/Integration.xml
----------------- Instantiating /home/travis/build/icyphy/ptII/ptolemy/domains/continuous/test/auto/Integration.xml
3 ms. Memory: 274432K Free: 142699K (52%)
----------------- Invoking toplevel() on ptolemy.moml.MoMLSimpleApplication@32cc9e4
----------------- Done invoking toplevel() on ptolemy.moml.MoMLSimpleApplication@32cc9e4
reloadAllAccessors: .Integration

===========================================================================================
----------------- testing Mon Aug 10 15:21:46 UTC 2020 /home/travis/build/icyphy/ptII/ptolemy/domains/continuous/test/auto/Integration2.xml
----------------- Instantiating /home/travis/build/icyphy/ptII/ptolemy/domains/continuous/test/auto/Integration2.xml
65 ms. Memory: 274432K Free: 128363K (47%)
----------------- Invoking toplevel() on ptolemy.moml.MoMLSimpleApplication@3b2a5aa2
----------------- Done invoking toplevel() on ptolemy.moml.MoMLSimpleApplication@3b2a5aa2
reloadAllAccessors: .Integration2

===========================================================================================
----------------- testing Mon Aug 10 15:21:46 UTC 2020 /home/travis/build/icyphy/ptII/ptolemy/domains/continuous/test/auto/Integration3.xml
----------------- Instantiating /home/travis/build/icyphy/ptII/ptolemy/domains/continuous/test/auto/Integration3.xml
2 ms. Memory: 274432K Free: 123753K (45%)
----------------- Invoking toplevel() on ptolemy.moml.MoMLSimpleApplication@3b39e63a
----------------- Done invoking toplevel() on ptolemy.moml.MoMLSimpleApplication@3b39e63a
reloadAllAccessors: .Integration3

===========================================================================================
----------------- testing Mon Aug 10 15:21:46 UTC 2020 /home/travis/build/icyphy/ptII/ptolemy/domains/continuous/test/auto/Integration5.xml
----------------- Instantiating /home/travis/build/icyphy/ptII/ptolemy/domains/continuous/test/auto/Integration5.xml
2 ms. Memory: 274432K Free: 119657K (44%)
----------------- Invoking toplevel() on ptolemy.moml.MoMLSimpleApplication@4e906004
----------------- Done invoking toplevel() on ptolemy.moml.MoMLSimpleApplication@4e906004
reloadAllAccessors: .Integration5

===========================================================================================
----------------- testing Mon Aug 10 15:21:46 UTC 2020 /home/travis/build/icyphy/ptII/ptolemy/domains/continuous/test/auto/IntegratorImpulse.xml
----------------- Instantiating /home/travis/build/icyphy/ptII/ptolemy/domains/continuous/test/auto/IntegratorImpulse.xml
2 ms. Memory: 274432K Free: 115547K (42%)
----------------- Invoking toplevel() on ptolemy.moml.MoMLSimpleApplication@66d148c5
----------------- Done invoking toplevel() on ptolemy.moml.MoMLSimpleApplication@66d148c5
reloadAllAccessors: .IntegratorImpulse

===========================================================================================
----------------- testing Mon Aug 10 15:21:46 UTC 2020 /home/travis/build/icyphy/ptII/ptolemy/domains/continuous/test/auto/IntegratorImpulse2.xml
----------------- Instantiating /home/travis/build/icyphy/ptII/ptolemy/domains/continuous/test/auto/IntegratorImpulse2.xml
4 ms. Memory: 274432K Free: 110955K (40%)
----------------- Invoking toplevel() on ptolemy.moml.MoMLSimpleApplication@64e8c0d4
----------------- Done invoking toplevel() on ptolemy.moml.MoMLSimpleApplication@64e8c0d4
reloadAllAccessors: .IntegratorImpulse2

===========================================================================================
----------------- testing Mon Aug 10 15:21:46 UTC 2020 /home/travis/build/icyphy/ptII/ptolemy/domains/continuous/test/auto/LevelCrossing1.xml
----------------- Instantiating /home/travis/build/icyphy/ptII/ptolemy/domains/continuous/test/auto/LevelCrossing1.xml
3 ms. Memory: 274432K Free: 105835K (39%)
----------------- Invoking toplevel() on ptolemy.moml.MoMLSimpleApplication@3c57598d
----------------- Done invoking toplevel() on ptolemy.moml.MoMLSimpleApplication@3c57598d
reloadAllAccessors: .LevelCrossing1

===========================================================================================
----------------- testing Mon Aug 10 15:21:46 UTC 2020 /home/travis/build/icyphy/ptII/ptolemy/domains/continuous/test/auto/LevelCrossing2.xml
----------------- Instantiating /home/travis/build/icyphy/ptII/ptolemy/domains/continuous/test/auto/LevelCrossing2.xml
3 ms. Memory: 274432K Free: 100715K (37%)
----------------- Invoking toplevel() on ptolemy.moml.MoMLSimpleApplication@61f8a2cc
----------------- Done invoking toplevel() on ptolemy.moml.MoMLSimpleApplication@61f8a2cc
reloadAllAccessors: .LevelCrossing2

===========================================================================================
----------------- testing Mon Aug 10 15:21:46 UTC 2020 /home/travis/build/icyphy/ptII/ptolemy/domains/continuous/test/auto/LevelCrossing3.xml
----------------- Instantiating /home/travis/build/icyphy/ptII/ptolemy/domains/continuous/test/auto/LevelCrossing3.xml
6 ms. Memory: 274432K Free: 95595K (35%)
----------------- Invoking toplevel() on ptolemy.moml.MoMLSimpleApplication@6f25537b
----------------- Done invoking toplevel() on ptolemy.moml.MoMLSimpleApplication@6f25537b
reloadAllAccessors: .LevelCrossing3

===========================================================================================
----------------- testing Mon Aug 10 15:21:46 UTC 2020 /home/travis/build/icyphy/ptII/ptolemy/domains/continuous/test/auto/LevelCrossing4.xml
----------------- Instantiating /home/travis/build/icyphy/ptII/ptolemy/domains/continuous/test/auto/LevelCrossing4.xml
4 ms. Memory: 274432K Free: 253452K (92%)
----------------- Invoking toplevel() on ptolemy.moml.MoMLSimpleApplication@4eadb77b
----------------- Done invoking toplevel() on ptolemy.moml.MoMLSimpleApplication@4eadb77b
reloadAllAccessors: .LevelCrossing4

===========================================================================================
----------------- testing Mon Aug 10 15:21:46 UTC 2020 /home/travis/build/icyphy/ptII/ptolemy/domains/continuous/test/auto/LevelCrossing5.xml
----------------- Instantiating /home/travis/build/icyphy/ptII/ptolemy/domains/continuous/test/auto/LevelCrossing5.xml
3 ms. Memory: 274432K Free: 248332K (90%)
----------------- Invoking toplevel() on ptolemy.moml.MoMLSimpleApplication@6827021e
----------------- Done invoking toplevel() on ptolemy.moml.MoMLSimpleApplication@6827021e
reloadAllAccessors: .LevelCrossing5

===========================================================================================
[...]
----------------- testing Mon Aug 10 15:22:02 UTC 2020 /home/travis/build/icyphy/ptII/ptolemy/domains/continuous/test/auto/SRinContinuous.xml
----------------- Instantiating /home/travis/build/icyphy/ptII/ptolemy/domains/continuous/test/auto/SRinContinuous.xml
5 ms. Memory: 274432K Free: 109136K (40%)
----------------- Invoking toplevel() on ptolemy.moml.MoMLSimpleApplication@74ed61fa
----------------- Done invoking toplevel() on ptolemy.moml.MoMLSimpleApplication@74ed61fa
reloadAllAccessors: .SRinContinuous

===========================================================================================
----------------- testing Mon Aug 10 15:22:02 UTC 2020 /home/travis/build/icyphy/ptII/ptolemy/domains/continuous/test/auto/SampledClocks.xml
----------------- Instantiating /home/travis/build/icyphy/ptII/ptolemy/domains/continuous/test/auto/SampledClocks.xml
7 ms. Memory: 274432K Free: 96334K (35%)
----------------- Invoking toplevel() on ptolemy.moml.MoMLSimpleApplication@23006227
----------------- Done invoking toplevel() on ptolemy.moml.MoMLSimpleApplication@23006227
reloadAllAccessors: .SampledClocks

===========================================================================================
----------------- testing Mon Aug 10 15:22:02 UTC 2020 /home/travis/build/icyphy/ptII/ptolemy/domains/continuous/test/auto/Satellite.xml
----------------- Instantiating /home/travis/build/icyphy/ptII/ptolemy/domains/continuous/test/auto/Satellite.xml
814 ms. Memory: 274432K Free: 230563K (84%)
----------------- Invoking toplevel() on ptolemy.moml.MoMLSimpleApplication@52a507d2
----------------- Done invoking toplevel() on ptolemy.moml.MoMLSimpleApplication@52a507d2
reloadAllAccessors: .Satellite

===========================================================================================
----------------- testing Mon Aug 10 15:22:03 UTC 2020 /home/travis/build/icyphy/ptII/ptolemy/domains/continuous/test/auto/SigmaDelta.xml
----------------- Instantiating /home/travis/build/icyphy/ptII/ptolemy/domains/continuous/test/auto/SigmaDelta.xml
1826 ms. Memory: 274432K Free: 132368K (48%)
----------------- Invoking toplevel() on ptolemy.moml.MoMLSimpleApplication@6ad5a01e
----------------- Done invoking toplevel() on ptolemy.moml.MoMLSimpleApplication@6ad5a01e
reloadAllAccessors: .SigmaDelta

===========================================================================================
----------------- testing Mon Aug 10 15:22:05 UTC 2020 /home/travis/build/icyphy/ptII/ptolemy/domains/continuous/test/auto/SingleRefinement.xml
----------------- Instantiating /home/travis/build/icyphy/ptII/ptolemy/domains/continuous/test/auto/SingleRefinement.xml
303 ms. Memory: 274432K Free: 111438K (41%)
----------------- Invoking toplevel() on ptolemy.moml.MoMLSimpleApplication@1c195a03
----------------- Done invoking toplevel() on ptolemy.moml.MoMLSimpleApplication@1c195a03
reloadAllAccessors: .SingleRefinement

===========================================================================================
----------------- testing Mon Aug 10 15:22:05 UTC 2020 /home/travis/build/icyphy/ptII/ptolemy/domains/continuous/test/auto/SinuBouncingBall.xml
----------------- Instantiating /home/travis/build/icyphy/ptII/ptolemy/domains/continuous/test/auto/SinuBouncingBall.xml
758 ms. Memory: 274432K Free: 223328K (81%)
----------------- Invoking toplevel() on ptolemy.moml.MoMLSimpleApplication@14817823
----------------- Done invoking toplevel() on ptolemy.moml.MoMLSimpleApplication@14817823
reloadAllAccessors: .SinuBouncingBall

===========================================================================================
----------------- testing Mon Aug 10 15:22:06 UTC 2020 /home/travis/build/icyphy/ptII/ptolemy/domains/continuous/test/auto/Sinusoid.xml
----------------- Instantiating /home/travis/build/icyphy/ptII/ptolemy/domains/continuous/test/auto/Sinusoid.xml
4 ms. Memory: 274432K Free: 218722K (80%)
----------------- Invoking toplevel() on ptolemy.moml.MoMLSimpleApplication@1b66f37f
----------------- Done invoking toplevel() on ptolemy.moml.MoMLSimpleApplication@1b66f37f
reloadAllAccessors: .Sinusoid

===========================================================================================
----------------- testing Mon Aug 10 15:22:06 UTC 2020 /home/travis/build/icyphy/ptII/ptolemy/domains/continuous/test/auto/SinusoidInNoise.xml
----------------- Instantiating /home/travis/build/icyphy/ptII/ptolemy/domains/continuous/test/auto/SinusoidInNoise.xml
931 ms. Memory: 274432K Free: 247093K (90%)
----------------- Invoking toplevel() on ptolemy.moml.MoMLSimpleApplication@656c2209
----------------- Done invoking toplevel() on ptolemy.moml.MoMLSimpleApplication@656c2209
reloadAllAccessors: .SinusoidInNoise

===========================================================================================
----------------- testing Mon Aug 10 15:22:07 UTC 2020 /home/travis/build/icyphy/ptII/ptolemy/domains/continuous/test/auto/SinusoidRK45.xml
----------------- Instantiating /home/travis/build/icyphy/ptII/ptolemy/domains/continuous/test/auto/SinusoidRK45.xml
2 ms. Memory: 274432K Free: 242477K (88%)
----------------- Invoking toplevel() on ptolemy.moml.MoMLSimpleApplication@1d8c67e7
----------------- Done invoking toplevel() on ptolemy.moml.MoMLSimpleApplication@1d8c67e7
reloadAllAccessors: .SinusoidRK45

===========================================================================================
----------------- testing Mon Aug 10 15:22:07 UTC 2020 /home/travis/build/icyphy/ptII/ptolemy/domains/continuous/test/auto/SinusoidWithMultipleImpulses.xml
----------------- Instantiating /home/travis/build/icyphy/ptII/ptolemy/domains/continuous/test/auto/SinusoidWithMultipleImpulses.xml
3 ms. Memory: 274432K Free: 237877K (87%)
----------------- Invoking toplevel() on ptolemy.moml.MoMLSimpleApplication@698e1eef
----------------- Done invoking toplevel() on ptolemy.moml.MoMLSimpleApplication@698e1eef
reloadAllAccessors: .SinusoidWithMultipleImpulses

===========================================================================================
----------------- testing Mon Aug 10 15:22:07 UTC 2020 /home/travis/build/icyphy/ptII/ptolemy/domains/continuous/test/auto/SquareWave.xml
----------------- Instantiating /home/travis/build/icyphy/ptII/ptolemy/domains/continuous/test/auto/SquareWave.xml
148 ms. Memory: 274432K Free: 211253K (77%)
----------------- Invoking toplevel() on ptolemy.moml.MoMLSimpleApplication@3783c77f
----------------- Done invoking toplevel() on ptolemy.moml.MoMLSimpleApplication@3783c77f
reloadAllAccessors: .SquareWave

===========================================================================================
----------------- testing Mon Aug 10 15:22:07 UTC 2020 /home/travis/build/icyphy/ptII/ptolemy/domains/continuous/test/auto/Starmac.xml
----------------- Instantiating /home/travis/build/icyphy/ptII/ptolemy/domains/continuous/test/auto/Starmac.xml
3045 ms. Memory: 274432K Free: 219361K (80%)
----------------- Invoking toplevel() on ptolemy.moml.MoMLSimpleApplication@762c6131
----------------- Done invoking toplevel() on ptolemy.moml.MoMLSimpleApplication@762c6131
reloadAllAccessors: .Starmac

===========================================================================================
----------------- testing Mon Aug 10 15:22:10 UTC 2020 /home/travis/build/icyphy/ptII/ptolemy/domains/continuous/test/auto/StaticUnits.xml
----------------- Instantiating /home/travis/build/icyphy/ptII/ptolemy/domains/continuous/test/auto/StaticUnits.xml
1746 ms. Memory: 274432K Free: 239816K (87%)
----------------- Invoking toplevel() on ptolemy.moml.MoMLSimpleApplication@2026efc8
----------------- Done invoking toplevel() on ptolemy.moml.MoMLSimpleApplication@2026efc8
reloadAllAccessors: .StaticUnits

===========================================================================================
----------------- testing Mon Aug 10 15:22:13 UTC 2020 /home/travis/build/icyphy/ptII/ptolemy/domains/continuous/test/auto/StickyMasses.xml
----------------- Instantiating /home/travis/build/icyphy/ptII/ptolemy/domains/continuous/test/auto/StickyMasses.xml
138 ms. Memory: 274432K Free: 190154K (69%)
----------------- Invoking toplevel() on ptolemy.moml.MoMLSimpleApplication@7d10750d
----------------- Done invoking toplevel() on ptolemy.moml.MoMLSimpleApplication@7d10750d
reloadAllAccessors: .StickyMasses

===========================================================================================
----------------- testing Mon Aug 10 15:22:13 UTC 2020 /home/travis/build/icyphy/ptII/ptolemy/domains/continuous/test/auto/StopTime.xml
----------------- Instantiating /home/travis/build/icyphy/ptII/ptolemy/domains/continuous/test/auto/StopTime.xml
44 ms. Memory: 274432K Free: 164554K (60%)
----------------- Invoking toplevel() on ptolemy.moml.MoMLSimpleApplication@12681846
----------------- Done invoking toplevel() on ptolemy.moml.MoMLSimpleApplication@12681846
reloadAllAccessors: .StopTime

===========================================================================================
----------------- testing Mon Aug 10 15:22:13 UTC 2020 /home/travis/build/icyphy/ptII/ptolemy/domains/continuous/test/auto/StopTime2.xml
----------------- Instantiating /home/travis/build/icyphy/ptII/ptolemy/domains/continuous/test/auto/StopTime2.xml
36 ms. Memory: 274432K Free: 142536K (52%)
----------------- Invoking toplevel() on ptolemy.moml.MoMLSimpleApplication@27b3163d
----------------- Done invoking toplevel() on ptolemy.moml.MoMLSimpleApplication@27b3163d
reloadAllAccessors: .StopTime2

===========================================================================================
----------------- testing Mon Aug 10 15:22:13 UTC 2020 /home/travis/build/icyphy/ptII/ptolemy/domains/continuous/test/auto/Switch.xml
----------------- Instantiating /home/travis/build/icyphy/ptII/ptolemy/domains/continuous/test/auto/Switch.xml
40 ms. Memory: 274432K Free: 117946K (43%)
----------------- Invoking toplevel() on ptolemy.moml.MoMLSimpleApplication@1b708600
----------------- Done invoking toplevel() on ptolemy.moml.MoMLSimpleApplication@1b708600
reloadAllAccessors: .Switch

===========================================================================================
----------------- testing Mon Aug 10 15:22:13 UTC 2020 /home/travis/build/icyphy/ptII/ptolemy/domains/continuous/test/auto/Thermostat.xml
----------------- Instantiating /home/travis/build/icyphy/ptII/ptolemy/domains/continuous/test/auto/Thermostat.xml
206 ms. Memory: 274432K Free: 204651K (75%)
----------------- Invoking toplevel() on ptolemy.moml.MoMLSimpleApplication@12b5e52d
----------------- Done invoking toplevel() on ptolemy.moml.MoMLSimpleApplication@12b5e52d
reloadAllAccessors: .Thermostat

===========================================================================================
----------------- testing Mon Aug 10 15:22:13 UTC 2020 /home/travis/build/icyphy/ptII/ptolemy/domains/continuous/test/auto/TimeDelay.xml
----------------- Instantiating /home/travis/build/icyphy/ptII/ptolemy/domains/continuous/test/auto/TimeDelay.xml
6 ms. Memory: 274432K Free: 199865K (73%)
----------------- Invoking toplevel() on ptolemy.moml.MoMLSimpleApplication@7f259682
----------------- Done invoking toplevel() on ptolemy.moml.MoMLSimpleApplication@7f259682
reloadAllAccessors: .TimeDelay

===========================================================================================
----------------- testing Mon Aug 10 15:22:13 UTC 2020 /home/travis/build/icyphy/ptII/ptolemy/domains/continuous/test/auto/TimeDelay2.xml
----------------- Instantiating /home/travis/build/icyphy/ptII/ptolemy/domains/continuous/test/auto/TimeDelay2.xml
6 ms. Memory: 274432K Free: 190146K (69%)
----------------- Invoking toplevel() on ptolemy.moml.MoMLSimpleApplication@47fddda9
----------------- Done invoking toplevel() on ptolemy.moml.MoMLSimpleApplication@47fddda9
reloadAllAccessors: .TimeDelay2

===========================================================================================
----------------- testing Mon Aug 10 15:22:13 UTC 2020 /home/travis/build/icyphy/ptII/ptolemy/domains/continuous/test/auto/TimeDelay3.xml
----------------- Instantiating /home/travis/build/icyphy/ptII/ptolemy/domains/continuous/test/auto/TimeDelay3.xml
4 ms. Memory: 274432K Free: 185519K (68%)
----------------- Invoking toplevel() on ptolemy.moml.MoMLSimpleApplication@105f5b7e
----------------- Done invoking toplevel() on ptolemy.moml.MoMLSimpleApplication@105f5b7e
reloadAllAccessors: .TimeDelay3

===========================================================================================
----------------- testing Mon Aug 10 15:22:13 UTC 2020 /home/travis/build/icyphy/ptII/ptolemy/domains/continuous/test/auto/TransferAbsentToInside.xml
----------------- Instantiating /home/travis/build/icyphy/ptII/ptolemy/domains/continuous/test/auto/TransferAbsentToInside.xml
38 ms. Memory: 274432K Free: 132257K (48%)
----------------- Invoking toplevel() on ptolemy.moml.MoMLSimpleApplication@320d556a
----------------- Done invoking toplevel() on ptolemy.moml.MoMLSimpleApplication@320d556a
reloadAllAccessors: .TransferAbsentToInside

===========================================================================================
----------------- testing Mon Aug 10 15:22:14 UTC 2020 /home/travis/build/icyphy/ptII/ptolemy/domains/continuous/test/auto/Transmission.xml
----------------- Instantiating /home/travis/build/icyphy/ptII/ptolemy/domains/continuous/test/auto/Transmission.xml
754 ms. Memory: 329728K Free: 272016K (82%)
----------------- Invoking toplevel() on ptolemy.moml.MoMLSimpleApplication@23d3da20
----------------- Done invoking toplevel() on ptolemy.moml.MoMLSimpleApplication@23d3da20
reloadAllAccessors: .Transmission

===========================================================================================
----------------- testing Mon Aug 10 15:22:14 UTC 2020 /home/travis/build/icyphy/ptII/ptolemy/domains/continuous/test/auto/TriggeredContinuousClock.xml
----------------- Instantiating /home/travis/build/icyphy/ptII/ptolemy/domains/continuous/test/auto/TriggeredContinuousClock.xml
40 ms. Memory: 329728K Free: 242336K (73%)
----------------- Invoking toplevel() on ptolemy.moml.MoMLSimpleApplication@6f684ab9
----------------- Done invoking toplevel() on ptolemy.moml.MoMLSimpleApplication@6f684ab9
reloadAllAccessors: .TriggeredContinuousClock

===========================================================================================
----------------- testing Mon Aug 10 15:22:14 UTC 2020 /home/travis/build/icyphy/ptII/ptolemy/domains/continuous/test/auto/TwoMachineInfiniteBusControl.xml
----------------- Instantiating /home/travis/build/icyphy/ptII/ptolemy/domains/continuous/test/auto/TwoMachineInfiniteBusControl.xml
2445 ms. Memory: 329728K Free: 260726K (79%)
----------------- Invoking toplevel() on ptolemy.moml.MoMLSimpleApplication@3c67022a
----------------- Done invoking toplevel() on ptolemy.moml.MoMLSimpleApplication@3c67022a
reloadAllAccessors: .TwoMachineInfiniteBusControl

===========================================================================================
----------------- testing Mon Aug 10 15:22:17 UTC 2020 /home/travis/build/icyphy/ptII/ptolemy/domains/continuous/test/auto/V2V.xml
----------------- Instantiating /home/travis/build/icyphy/ptII/ptolemy/domains/continuous/test/auto/V2V.xml
767 ms. Memory: 329728K Free: 265848K (81%)
----------------- Invoking toplevel() on ptolemy.moml.MoMLSimpleApplication@717c9a9a
----------------- Done invoking toplevel() on ptolemy.moml.MoMLSimpleApplication@717c9a9a
reloadAllAccessors: .V2V

===========================================================================================
----------------- testing Mon Aug 10 15:22:18 UTC 2020 /home/travis/build/icyphy/ptII/ptolemy/domains/continuous/test/auto/hierarchicalModalModel.xml
----------------- Instantiating /home/travis/build/icyphy/ptII/ptolemy/domains/continuous/test/auto/hierarchicalModalModel.xml
8 ms. Memory: 329728K Free: 251504K (76%)
----------------- Invoking toplevel() on ptolemy.moml.MoMLSimpleApplication@56f85b66
----------------- Done invoking toplevel() on ptolemy.moml.MoMLSimpleApplication@56f85b66
reloadAllAccessors: .hierarchicalModalModel

===========================================================================================
----------------- testing Mon Aug 10 15:22:18 UTC 2020 /home/travis/build/icyphy/ptII/ptolemy/domains/continuous/test/auto/hierarchicalModalModel1.xml
----------------- Instantiating /home/travis/build/icyphy/ptII/ptolemy/domains/continuous/test/auto/hierarchicalModalModel1.xml
8 ms. Memory: 329728K Free: 237182K (72%)
----------------- Invoking toplevel() on ptolemy.moml.MoMLSimpleApplication@7ec1e6e3
----------------- Done invoking toplevel() on ptolemy.moml.MoMLSimpleApplication@7ec1e6e3
reloadAllAccessors: .hierarchicalModalModel1

===========================================================================================
----------------- testing Mon Aug 10 15:22:18 UTC 2020 /home/travis/build/icyphy/ptII/ptolemy/domains/continuous/test/auto/hierarchicalModalModel2.xml
----------------- Instantiating /home/travis/build/icyphy/ptII/ptolemy/domains/continuous/test/auto/hierarchicalModalModel2.xml
7 ms. Memory: 329728K Free: 224880K (68%)
----------------- Invoking toplevel() on ptolemy.moml.MoMLSimpleApplication@5e8b2851
----------------- Done invoking toplevel() on ptolemy.moml.MoMLSimpleApplication@5e8b2851
reloadAllAccessors: .hierarchicalModalModel2

===========================================================================================
----------------- testing Mon Aug 10 15:22:18 UTC 2020 /home/travis/build/icyphy/ptII/ptolemy/domains/continuous/test/auto/hierarchicalModalModel3.xml
----------------- Instantiating /home/travis/build/icyphy/ptII/ptolemy/domains/continuous/test/auto/hierarchicalModalModel3.xml
5 ms. Memory: 329728K Free: 214144K (65%)
----------------- Invoking toplevel() on ptolemy.moml.MoMLSimpleApplication@1cbe8f99
----------------- Done invoking toplevel() on ptolemy.moml.MoMLSimpleApplication@1cbe8f99
reloadAllAccessors: .hierarchicalModalModel3

===========================================================================================
----------------- testing Mon Aug 10 15:22:18 UTC 2020 /home/travis/build/icyphy/ptII/ptolemy/domains/continuous/test/auto/hierarchicalModalModel4.xml
----------------- Instantiating /home/travis/build/icyphy/ptII/ptolemy/domains/continuous/test/auto/hierarchicalModalModel4.xml
5 ms. Memory: 329728K Free: 202366K (61%)
----------------- Invoking toplevel() on ptolemy.moml.MoMLSimpleApplication@1c0c91b7
----------------- Done invoking toplevel() on ptolemy.moml.MoMLSimpleApplication@1c0c91b7
reloadAllAccessors: .hierarchicalModalModel4

===========================================================================================
----------------- testing Mon Aug 10 15:22:18 UTC 2020 /home/travis/build/icyphy/ptII/ptolemy/domains/continuous/test/auto/junk.xml
----------------- Instantiating /home/travis/build/icyphy/ptII/ptolemy/domains/continuous/test/auto/junk.xml
113 ms. Memory: 329728K Free: 177280K (54%)
----------------- Invoking toplevel() on ptolemy.moml.MoMLSimpleApplication@12a4910d
----------------- Done invoking toplevel() on ptolemy.moml.MoMLSimpleApplication@12a4910d
reloadAllAccessors: .junk
AutoTests.java: About to close Vertx.
AutoTests.java: Vertx closed.
]]></system-out>
  <system-err><![CDATA[Warning: '.HysteresisWithRandomDelay.NonStrictTest3' The test produced only 29 tokens, yet the correctValues parameter was expecting 30 tokens.
Warning: '.IncreasingRatePoisson.NonStrictTest' The test produced only 349 tokens, yet the correctValues parameter was expecting 402 tokens.
Warning: '.Poisson.NonStrictTest' The test produced only 395 tokens, yet the correctValues parameter was expecting 430 tokens.
]]></system-err>
</testsuite>
