<?xml version="1.0" encoding="UTF-8" ?>
<testsuite errors="0" failures="0" hostname="travis-job-c0ccdfc5-cb2d-4094-abd4-4cca050caa0d" name="ptolemy.domains.sdf.test.junit.JUnitTclTest" skipped="0" tests="66" time="20.775" timestamp="2019-07-09T20:16:15">
  <properties>
[...]
</properties>
  <testcase classname="ptolemy.util.test.junit.TclTests" name="[0] /home/travis/build/icyphy/ptII/ptolemy/domains/sdf/test/SDFSchedulerErrors.tcl (RunTclFile)" time="0.95" />
  <testcase classname="ptolemy.util.test.junit.TclTests" name="[1] /home/travis/build/icyphy/ptII/ptolemy/domains/sdf/test/composition.tcl (RunTclFile)" time="0.21" />
  <testcase classname="ptolemy.util.test.junit.TclTests" name="[2] /home/travis/build/icyphy/ptII/ptolemy/domains/sdf/test/cycle.tcl (RunTclFile)" time="0.05" />
  <testcase classname="ptolemy.util.test.junit.AutoKnownFailedTests" name="[0] ThereAreNoKnowFailedTests (RunModel)" time="0.002" />
  <testcase classname="ptolemy.util.test.junit.AutoNameArchTests" name="[0] ThereAreNoAutoArchTests (RunModel)" time="0.002" />
  <testcase classname="ptolemy.util.test.junit.AutoTests" name="[0] /home/travis/build/icyphy/ptII/ptolemy/domains/sdf/test/auto/Array.xml (RunModel)" time="0.321" />
  <testcase classname="ptolemy.util.test.junit.AutoTests" name="[1] /home/travis/build/icyphy/ptII/ptolemy/domains/sdf/test/auto/Butterfly.xml (RunModel)" time="0.188" />
  <testcase classname="ptolemy.util.test.junit.AutoTests" name="[2] /home/travis/build/icyphy/ptII/ptolemy/domains/sdf/test/auto/Expression.xml (RunModel)" time="0.098" />
  <testcase classname="ptolemy.util.test.junit.AutoTests" name="[3] /home/travis/build/icyphy/ptII/ptolemy/domains/sdf/test/auto/Eye.xml (RunModel)" time="0.203" />
  <testcase classname="ptolemy.util.test.junit.AutoTests" name="[4] /home/travis/build/icyphy/ptII/ptolemy/domains/sdf/test/auto/FixFIR.xml (RunModel)" time="0.292" />
  <testcase classname="ptolemy.util.test.junit.AutoTests" name="[5] /home/travis/build/icyphy/ptII/ptolemy/domains/sdf/test/auto/FixPoint.xml (RunModel)" time="0.049" />
  <testcase classname="ptolemy.util.test.junit.AutoTests" name="[6] /home/travis/build/icyphy/ptII/ptolemy/domains/sdf/test/auto/Gravitation.xml (RunModel)" time="3.253" />
  <testcase classname="ptolemy.util.test.junit.AutoTests" name="[7] /home/travis/build/icyphy/ptII/ptolemy/domains/sdf/test/auto/GravitationWithCollisionDetection.xml (RunModel)" time="6.724" />
  <testcase classname="ptolemy.util.test.junit.AutoTests" name="[8] /home/travis/build/icyphy/ptII/ptolemy/domains/sdf/test/auto/HDF.xml (RunModel)" time="0.101" />
  <testcase classname="ptolemy.util.test.junit.AutoTests" name="[9] /home/travis/build/icyphy/ptII/ptolemy/domains/sdf/test/auto/HDFwithTransientStates.xml (RunModel)" time="0.063" />
  <testcase classname="ptolemy.util.test.junit.AutoTests" name="[10] /home/travis/build/icyphy/ptII/ptolemy/domains/sdf/test/auto/HTVQ.xml (RunModel)" time="0.857" />
  <testcase classname="ptolemy.util.test.junit.AutoTests" name="[11] /home/travis/build/icyphy/ptII/ptolemy/domains/sdf/test/auto/InferInitProduction.xml (RunModel)" time="0.035" />
  <testcase classname="ptolemy.util.test.junit.AutoTests" name="[12] /home/travis/build/icyphy/ptII/ptolemy/domains/sdf/test/auto/InferInitProductionDeeper.xml (RunModel)" time="0.026" />
  <testcase classname="ptolemy.util.test.junit.AutoTests" name="[13] /home/travis/build/icyphy/ptII/ptolemy/domains/sdf/test/auto/LMSAdaptive.xml (RunModel)" time="0.077" />
  <testcase classname="ptolemy.util.test.junit.AutoTests" name="[14] /home/travis/build/icyphy/ptII/ptolemy/domains/sdf/test/auto/LogisticMap.xml (RunModel)" time="0.463" />
  <testcase classname="ptolemy.util.test.junit.AutoTests" name="[15] /home/travis/build/icyphy/ptII/ptolemy/domains/sdf/test/auto/MaximumEntropySpectrum.xml (RunModel)" time="0.282" />
  <testcase classname="ptolemy.util.test.junit.AutoTests" name="[16] /home/travis/build/icyphy/ptII/ptolemy/domains/sdf/test/auto/MultirateSDF.xml (RunModel)" time="0.052" />
  <testcase classname="ptolemy.util.test.junit.AutoTests" name="[17] /home/travis/build/icyphy/ptII/ptolemy/domains/sdf/test/auto/MultirateSDFwithTransientStates.xml (RunModel)" time="0.075" />
  <testcase classname="ptolemy.util.test.junit.AutoTests" name="[18] /home/travis/build/icyphy/ptII/ptolemy/domains/sdf/test/auto/NoisySinewave.xml (RunModel)" time="0.052" />
  <testcase classname="ptolemy.util.test.junit.AutoTests" name="[19] /home/travis/build/icyphy/ptII/ptolemy/domains/sdf/test/auto/Objects.xml (RunModel)" time="0.044" />
  <testcase classname="ptolemy.util.test.junit.AutoTests" name="[20] /home/travis/build/icyphy/ptII/ptolemy/domains/sdf/test/auto/OrthogonalCom.xml (RunModel)" time="0.054" />
  <testcase classname="ptolemy.util.test.junit.AutoTests" name="[21] /home/travis/build/icyphy/ptII/ptolemy/domains/sdf/test/auto/RijndaelEncryption.xml (RunModel)" time="0.605" />
  <testcase classname="ptolemy.util.test.junit.AutoTests" name="[22] /home/travis/build/icyphy/ptII/ptolemy/domains/sdf/test/auto/SDFEmptyIterations.xml (RunModel)" time="0.014" />
  <testcase classname="ptolemy.util.test.junit.AutoTests" name="[23] /home/travis/build/icyphy/ptII/ptolemy/domains/sdf/test/auto/Spectrum.xml (RunModel)" time="0.091" />
  <testcase classname="ptolemy.util.test.junit.AutoTests" name="[24] /home/travis/build/icyphy/ptII/ptolemy/domains/sdf/test/auto/de_inside_sdf.xml (RunModel)" time="0.024" />
  <testcase classname="ptolemy.util.test.junit.AutoTests" name="[25] /home/travis/build/icyphy/ptII/ptolemy/domains/sdf/test/auto/disconnectedHierarchicalSDF.xml (RunModel)" time="0.028" />
  <testcase classname="ptolemy.util.test.junit.AutoTests" name="[26] /home/travis/build/icyphy/ptII/ptolemy/domains/sdf/test/auto/disconnectedSDF.xml (RunModel)" time="0.023" />
  <testcase classname="ptolemy.util.test.junit.AutoTests" name="[27] /home/travis/build/icyphy/ptII/ptolemy/domains/sdf/test/auto/emptyRefinement.xml (RunModel)" time="0.024" />
  <testcase classname="ptolemy.util.test.junit.AutoTests" name="[28] /home/travis/build/icyphy/ptII/ptolemy/domains/sdf/test/auto/filePortParameter.xml (RunModel)" time="0.036" />
  <testcase classname="ptolemy.util.test.junit.AutoTests" name="[29] /home/travis/build/icyphy/ptII/ptolemy/domains/sdf/test/auto/inferRelationWidth1.xml (RunModel)" time="0.017" />
  <testcase classname="ptolemy.util.test.junit.AutoTests" name="[30] /home/travis/build/icyphy/ptII/ptolemy/domains/sdf/test/auto/initProductionInference.xml (RunModel)" time="0.03" />
  <testcase classname="ptolemy.util.test.junit.AutoTests" name="[31] /home/travis/build/icyphy/ptII/ptolemy/domains/sdf/test/auto/relationGroup.xml (RunModel)" time="0.024" />
  <testcase classname="ptolemy.util.test.junit.AutoTests" name="[32] /home/travis/build/icyphy/ptII/ptolemy/domains/sdf/test/auto/relationGroup10.xml (RunModel)" time="0.012" />
  <testcase classname="ptolemy.util.test.junit.AutoTests" name="[33] /home/travis/build/icyphy/ptII/ptolemy/domains/sdf/test/auto/relationGroup11.xml (RunModel)" time="0.017" />
  <testcase classname="ptolemy.util.test.junit.AutoTests" name="[34] /home/travis/build/icyphy/ptII/ptolemy/domains/sdf/test/auto/relationGroup12.xml (RunModel)" time="0.013" />
  <testcase classname="ptolemy.util.test.junit.AutoTests" name="[35] /home/travis/build/icyphy/ptII/ptolemy/domains/sdf/test/auto/relationGroup13.xml (RunModel)" time="0.025" />
  <testcase classname="ptolemy.util.test.junit.AutoTests" name="[36] /home/travis/build/icyphy/ptII/ptolemy/domains/sdf/test/auto/relationGroup14.xml (RunModel)" time="0.017" />
  <testcase classname="ptolemy.util.test.junit.AutoTests" name="[37] /home/travis/build/icyphy/ptII/ptolemy/domains/sdf/test/auto/relationGroup15.xml (RunModel)" time="0.011" />
  <testcase classname="ptolemy.util.test.junit.AutoTests" name="[38] /home/travis/build/icyphy/ptII/ptolemy/domains/sdf/test/auto/relationGroup2.xml (RunModel)" time="0.007" />
  <testcase classname="ptolemy.util.test.junit.AutoTests" name="[39] /home/travis/build/icyphy/ptII/ptolemy/domains/sdf/test/auto/relationGroup3.xml (RunModel)" time="0.006" />
  <testcase classname="ptolemy.util.test.junit.AutoTests" name="[40] /home/travis/build/icyphy/ptII/ptolemy/domains/sdf/test/auto/relationGroup4.xml (RunModel)" time="0.009" />
  <testcase classname="ptolemy.util.test.junit.AutoTests" name="[41] /home/travis/build/icyphy/ptII/ptolemy/domains/sdf/test/auto/relationGroup5.xml (RunModel)" time="0.015" />
  <testcase classname="ptolemy.util.test.junit.AutoTests" name="[42] /home/travis/build/icyphy/ptII/ptolemy/domains/sdf/test/auto/relationGroup6.xml (RunModel)" time="0.015" />
  <testcase classname="ptolemy.util.test.junit.AutoTests" name="[43] /home/travis/build/icyphy/ptII/ptolemy/domains/sdf/test/auto/relationGroup7.xml (RunModel)" time="0.008" />
  <testcase classname="ptolemy.util.test.junit.AutoTests" name="[44] /home/travis/build/icyphy/ptII/ptolemy/domains/sdf/test/auto/relationGroup8.xml (RunModel)" time="0.016" />
  <testcase classname="ptolemy.util.test.junit.AutoTests" name="[45] /home/travis/build/icyphy/ptII/ptolemy/domains/sdf/test/auto/relationGroup9.xml (RunModel)" time="0.013" />
  <testcase classname="ptolemy.util.test.junit.AutoTests" name="[46] /home/travis/build/icyphy/ptII/ptolemy/domains/sdf/test/auto/sdf_inside_de.xml (RunModel)" time="0.036" />
  <testcase classname="ptolemy.util.test.junit.AutoTests" name="[47] /home/travis/build/icyphy/ptII/ptolemy/domains/sdf/test/auto/sdf_inside_pn.xml (RunModel)" time="0.055" />
  <testcase classname="ptolemy.util.test.junit.AutoTests" name="[48] /home/travis/build/icyphy/ptII/ptolemy/domains/sdf/test/auto/sdf_sdf1.xml (RunModel)" time="0.031" />
  <testcase classname="ptolemy.util.test.junit.AutoTests" name="[49] /home/travis/build/icyphy/ptII/ptolemy/domains/sdf/test/auto/test1.xml (RunModel)" time="0.02" />
  <testcase classname="ptolemy.util.test.junit.AutoTests" name="[50] /home/travis/build/icyphy/ptII/ptolemy/domains/sdf/test/auto/time1.xml (RunModel)" time="0.01" />
  <testcase classname="ptolemy.util.test.junit.AutoTests" name="[51] /home/travis/build/icyphy/ptII/ptolemy/domains/sdf/test/auto/time2.xml (RunModel)" time="0.009" />
  <testcase classname="ptolemy.util.test.junit.AutoTests" name="[52] /home/travis/build/icyphy/ptII/ptolemy/domains/sdf/test/auto/time3.xml (RunModel)" time="0.021" />
  <testcase classname="ptolemy.util.test.junit.AutoTests" name="[53] /home/travis/build/icyphy/ptII/ptolemy/domains/sdf/test/auto/time4.xml (RunModel)" time="0.029" />
  <testcase classname="ptolemy.util.test.junit.AutoTests" name="[54] /home/travis/build/icyphy/ptII/ptolemy/domains/sdf/test/auto/time5.xml (RunModel)" time="4.011" />
  <testcase classname="ptolemy.util.test.junit.AutoTests" name="[55] /home/travis/build/icyphy/ptII/ptolemy/domains/sdf/test/auto/typeSystem_Const_Integer_smallest_Type.xml (RunModel)" time="0.043" />
  <testcase classname="ptolemy.util.test.junit.AutoTests" name="[56] /home/travis/build/icyphy/ptII/ptolemy/domains/sdf/test/auto/typeSystem_declared_Inports_OutportTypeException.xml (RunModel)" time="0.034" />
  <testcase classname="ptolemy.util.test.junit.AutoTests" name="[57] /home/travis/build/icyphy/ptII/ptolemy/domains/sdf/test/auto/typeSystem_oneDeclaredInportType_wrongTypeOutport.xml (RunModel)" time="0.015" />
  <testcase classname="ptolemy.util.test.junit.AutoTests" name="[58] /home/travis/build/icyphy/ptII/ptolemy/domains/sdf/test/auto/width.xml (RunModel)" time="0.026" />
  <testcase classname="ptolemy.util.test.junit.AutoTests" name="[59] /home/travis/build/icyphy/ptII/ptolemy/domains/sdf/test/auto/width2.xml (RunModel)" time="0.046" />
  <testcase classname="ptolemy.util.test.junit.AutoTests" name="[60] /home/travis/build/icyphy/ptII/ptolemy/domains/sdf/test/auto/width3.xml (RunModel)" time="0.05" />
  <system-out><![CDATA[/home/travis/build/icyphy/ptII/ptolemy/domains/sdf/test/SDFSchedulerErrors.tcl
testDefs.tcl: setting time out to 9000 seconds at Tue Jul 09 20:16:16 UTC 2019
101 ms. Memory: 120832K Free: 96852K (80%)
13 ms. Memory: 120832K Free: 103007K (85%)
22 ms. Memory: 120832K Free: 96839K (80%)
13 ms. Memory: 120832K Free: 94342K (78%)
/home/travis/build/icyphy/ptII/ptolemy/domains/sdf/test/composition.tcl
45 ms. Memory: 120832K Free: 91418K (76%)
8 ms. Memory: 120832K Free: 89332K (74%)
/home/travis/build/icyphy/ptII/ptolemy/domains/sdf/test/cycle.tcl
.Toplevel.Director Preinitializing ...
Invoking preinitialize():  .Toplevel.Actor1
Invoking preinitialize():  .Toplevel.Actor2
Invoking preinitialize():  .Toplevel.Delay
.Toplevel.Director Finished preinitialize().
### Schedule:
Execute Schedule{
Fire Actor ptolemy.domains.sdf.kernel.test.SDFTestDelay {.Toplevel.Actor1}
Fire Actor ptolemy.domains.sdf.kernel.test.SDFTestDelay {.Toplevel.Actor2}
Fire Actor ptolemy.domains.sdf.lib.SampleDelay {.Toplevel.Delay}
}
### End schedule
Called initialize().
Invoking initialize():  .Toplevel.Actor1
Initializing actor: .Toplevel.Actor1.
Invoking initialize():  .Toplevel.Actor2
Initializing actor: .Toplevel.Actor2.
Invoking initialize():  .Toplevel.Delay
Initializing actor: .Toplevel.Delay.
Director: Called prefire().
-- Setting current time to 0.0
Director prefire returns true.
The actor .Toplevel.Actor1 will be iterated.
The actor .Toplevel.Actor1 was iterated.
The actor .Toplevel.Actor2 will be iterated.
The actor .Toplevel.Actor2 was iterated.
The actor .Toplevel.Delay will be iterated.
The actor .Toplevel.Delay was iterated.
Director: Called postfire().
Postfire returns: true
Director: Called prefire().
-- Setting current time to 0.0
Director prefire returns true.
The actor .Toplevel.Actor1 will be iterated.
The actor .Toplevel.Actor1 was iterated.
The actor .Toplevel.Actor2 will be iterated.
The actor .Toplevel.Actor2 was iterated.
The actor .Toplevel.Delay will be iterated.
The actor .Toplevel.Delay was iterated.
Director: Called postfire().
Postfire returns: true
Director: Called prefire().
-- Setting current time to 0.0
Director prefire returns true.
The actor .Toplevel.Actor1 will be iterated.
The actor .Toplevel.Actor1 was iterated.
The actor .Toplevel.Actor2 will be iterated.
The actor .Toplevel.Actor2 was iterated.
The actor .Toplevel.Delay will be iterated.
The actor .Toplevel.Delay was iterated.
Director: Called postfire().
Postfire returns: true
Director: Called prefire().
-- Setting current time to 0.0
Director prefire returns true.
The actor .Toplevel.Actor1 will be iterated.
The actor .Toplevel.Actor1 was iterated.
The actor .Toplevel.Actor2 will be iterated.
The actor .Toplevel.Actor2 was iterated.
The actor .Toplevel.Delay will be iterated.
The actor .Toplevel.Delay was iterated.
Director: Called postfire().
Postfire returns: true
Director: Called prefire().
-- Setting current time to 0.0
Director prefire returns true.
The actor .Toplevel.Actor1 will be iterated.
The actor .Toplevel.Actor1 was iterated.
The actor .Toplevel.Actor2 will be iterated.
The actor .Toplevel.Actor2 was iterated.
The actor .Toplevel.Delay will be iterated.
The actor .Toplevel.Delay was iterated.
Director: Called postfire().
Postfire returns: true
Director: Called prefire().
-- Setting current time to 0.0
Director prefire returns true.
The actor .Toplevel.Actor1 will be iterated.
The actor .Toplevel.Actor1 was iterated.
The actor .Toplevel.Actor2 will be iterated.
The actor .Toplevel.Actor2 was iterated.
The actor .Toplevel.Delay will be iterated.
The actor .Toplevel.Delay was iterated.
Reached specified number of iterations: 6
Director: Called wrapup().
21 ms. Memory: 159744K Free: 146288K (92%)
07/09/19 08:16:17
Failed: 0  Total Tests: 8  ((Passed: 8, Newly Passed: 0)  Known Failed: 0) /home/travis/build/icyphy/ptII/ptolemy/domains/sdf/test
No auto/knownFailedTests/*.xml tests in /home/travis/build/icyphy/ptII/ptolemy/domains/sdf/test
No auto/linux-amd64/*.xml tests in /home/travis/build/icyphy/ptII/ptolemy/domains/sdf/test
AutoTests.java: About to close Vertx.
AutoTests.java: Vertx closed.

===========================================================================================
----------------- testing Tue Jul 09 20:16:17 UTC 2019 /home/travis/build/icyphy/ptII/ptolemy/domains/sdf/test/auto/Array.xml
----------------- Instantiating /home/travis/build/icyphy/ptII/ptolemy/domains/sdf/test/auto/Array.xml
63 ms. Memory: 159744K Free: 130166K (81%)
----------------- Invoking toplevel() on ptolemy.moml.MoMLSimpleApplication@2e27793b
----------------- Done invoking toplevel() on ptolemy.moml.MoMLSimpleApplication@2e27793b
reloadAllAccessors: .Array

===========================================================================================
----------------- testing Tue Jul 09 20:16:17 UTC 2019 /home/travis/build/icyphy/ptII/ptolemy/domains/sdf/test/auto/Butterfly.xml
----------------- Instantiating /home/travis/build/icyphy/ptII/ptolemy/domains/sdf/test/auto/Butterfly.xml
113 ms. Memory: 159744K Free: 124400K (78%)
----------------- Invoking toplevel() on ptolemy.moml.MoMLSimpleApplication@2e8d53d5
----------------- Done invoking toplevel() on ptolemy.moml.MoMLSimpleApplication@2e8d53d5
reloadAllAccessors: .Butterfly

===========================================================================================
----------------- testing Tue Jul 09 20:16:18 UTC 2019 /home/travis/build/icyphy/ptII/ptolemy/domains/sdf/test/auto/Expression.xml
----------------- Instantiating /home/travis/build/icyphy/ptII/ptolemy/domains/sdf/test/auto/Expression.xml
48 ms. Memory: 159744K Free: 119280K (75%)
----------------- Invoking toplevel() on ptolemy.moml.MoMLSimpleApplication@55502218
----------------- Done invoking toplevel() on ptolemy.moml.MoMLSimpleApplication@55502218
reloadAllAccessors: .Expression

===========================================================================================
----------------- testing Tue Jul 09 20:16:18 UTC 2019 /home/travis/build/icyphy/ptII/ptolemy/domains/sdf/test/auto/Eye.xml
----------------- Instantiating /home/travis/build/icyphy/ptII/ptolemy/domains/sdf/test/auto/Eye.xml
117 ms. Memory: 159744K Free: 127404K (80%)
----------------- Invoking toplevel() on ptolemy.moml.MoMLSimpleApplication@21f9c132
----------------- Done invoking toplevel() on ptolemy.moml.MoMLSimpleApplication@21f9c132
reloadAllAccessors: .Eye

===========================================================================================
----------------- testing Tue Jul 09 20:16:18 UTC 2019 /home/travis/build/icyphy/ptII/ptolemy/domains/sdf/test/auto/FixFIR.xml
----------------- Instantiating /home/travis/build/icyphy/ptII/ptolemy/domains/sdf/test/auto/FixFIR.xml
155 ms. Memory: 159744K Free: 94122K (59%)
----------------- Invoking toplevel() on ptolemy.moml.MoMLSimpleApplication@684b8012
----------------- Done invoking toplevel() on ptolemy.moml.MoMLSimpleApplication@684b8012
reloadAllAccessors: .FixFIR

===========================================================================================
----------------- testing Tue Jul 09 20:16:18 UTC 2019 /home/travis/build/icyphy/ptII/ptolemy/domains/sdf/test/auto/FixPoint.xml
----------------- Instantiating /home/travis/build/icyphy/ptII/ptolemy/domains/sdf/test/auto/FixPoint.xml
17 ms. Memory: 159744K Free: 90026K (56%)
----------------- Invoking toplevel() on ptolemy.moml.MoMLSimpleApplication@1b1b8953
----------------- Done invoking toplevel() on ptolemy.moml.MoMLSimpleApplication@1b1b8953
reloadAllAccessors: .FixPoint

===========================================================================================
----------------- testing Tue Jul 09 20:16:18 UTC 2019 /home/travis/build/icyphy/ptII/ptolemy/domains/sdf/test/auto/Gravitation.xml
----------------- Instantiating /home/travis/build/icyphy/ptII/ptolemy/domains/sdf/test/auto/Gravitation.xml
3187 ms. Memory: 196608K Free: 133424K (68%)
----------------- Invoking toplevel() on ptolemy.moml.MoMLSimpleApplication@7f72ecd6
----------------- Done invoking toplevel() on ptolemy.moml.MoMLSimpleApplication@7f72ecd6
reloadAllAccessors: .Gravitation

===========================================================================================
----------------- testing Tue Jul 09 20:16:22 UTC 2019 /home/travis/build/icyphy/ptII/ptolemy/domains/sdf/test/auto/GravitationWithCollisionDetection.xml
----------------- Instantiating /home/travis/build/icyphy/ptII/ptolemy/domains/sdf/test/auto/GravitationWithCollisionDetection.xml
6583 ms. Memory: 348160K Free: 168470K (48%)
----------------- Invoking toplevel() on ptolemy.moml.MoMLSimpleApplication@558c0fbc
----------------- Done invoking toplevel() on ptolemy.moml.MoMLSimpleApplication@558c0fbc
reloadAllAccessors: .GravitationWithCollisionDetection

===========================================================================================
----------------- testing Tue Jul 09 20:16:28 UTC 2019 /home/travis/build/icyphy/ptII/ptolemy/domains/sdf/test/auto/HDF.xml
----------------- Instantiating /home/travis/build/icyphy/ptII/ptolemy/domains/sdf/test/auto/HDF.xml
33 ms. Memory: 348160K Free: 153110K (44%)
----------------- Invoking toplevel() on ptolemy.moml.MoMLSimpleApplication@1a14139a
----------------- Done invoking toplevel() on ptolemy.moml.MoMLSimpleApplication@1a14139a
reloadAllAccessors: .HDF

===========================================================================================
----------------- testing Tue Jul 09 20:16:28 UTC 2019 /home/travis/build/icyphy/ptII/ptolemy/domains/sdf/test/auto/HDFwithTransientStates.xml
----------------- Instantiating /home/travis/build/icyphy/ptII/ptolemy/domains/sdf/test/auto/HDFwithTransientStates.xml
20 ms. Memory: 348160K Free: 134164K (39%)
----------------- Invoking toplevel() on ptolemy.moml.MoMLSimpleApplication@2301994c
----------------- Done invoking toplevel() on ptolemy.moml.MoMLSimpleApplication@2301994c
reloadAllAccessors: .HDFwithTransientStates

===========================================================================================
----------------- testing Tue Jul 09 20:16:28 UTC 2019 /home/travis/build/icyphy/ptII/ptolemy/domains/sdf/test/auto/HTVQ.xml
----------------- Instantiating /home/travis/build/icyphy/ptII/ptolemy/domains/sdf/test/auto/HTVQ.xml
802 ms. Memory: 348160K Free: 178029K (51%)
----------------- Invoking toplevel() on ptolemy.moml.MoMLSimpleApplication@324cf0f1
----------------- Done invoking toplevel() on ptolemy.moml.MoMLSimpleApplication@324cf0f1
reloadAllAccessors: .HTVQ

===========================================================================================
----------------- testing Tue Jul 09 20:16:29 UTC 2019 /home/travis/build/icyphy/ptII/ptolemy/domains/sdf/test/auto/InferInitProduction.xml
----------------- Instantiating /home/travis/build/icyphy/ptII/ptolemy/domains/sdf/test/auto/InferInitProduction.xml
9 ms. Memory: 348160K Free: 172399K (50%)
----------------- Invoking toplevel() on ptolemy.moml.MoMLSimpleApplication@755edcc3
----------------- Done invoking toplevel() on ptolemy.moml.MoMLSimpleApplication@755edcc3
reloadAllAccessors: .InferInitProduction

===========================================================================================
----------------- testing Tue Jul 09 20:16:29 UTC 2019 /home/travis/build/icyphy/ptII/ptolemy/domains/sdf/test/auto/InferInitProductionDeeper.xml
----------------- Instantiating /home/travis/build/icyphy/ptII/ptolemy/domains/sdf/test/auto/InferInitProductionDeeper.xml
7 ms. Memory: 348160K Free: 166751K (48%)
----------------- Invoking toplevel() on ptolemy.moml.MoMLSimpleApplication@b6439ab
----------------- Done invoking toplevel() on ptolemy.moml.MoMLSimpleApplication@b6439ab
reloadAllAccessors: .InferInitProductionDeeper

===========================================================================================
----------------- testing Tue Jul 09 20:16:29 UTC 2019 /home/travis/build/icyphy/ptII/ptolemy/domains/sdf/test/auto/LMSAdaptive.xml
----------------- Instantiating /home/travis/build/icyphy/ptII/ptolemy/domains/sdf/test/auto/LMSAdaptive.xml
16 ms. Memory: 348160K Free: 157039K (45%)
----------------- Invoking toplevel() on ptolemy.moml.MoMLSimpleApplication@35cfdd2b
----------------- Done invoking toplevel() on ptolemy.moml.MoMLSimpleApplication@35cfdd2b
reloadAllAccessors: .LMSAdaptive

===========================================================================================
----------------- testing Tue Jul 09 20:16:29 UTC 2019 /home/travis/build/icyphy/ptII/ptolemy/domains/sdf/test/auto/LogisticMap.xml
----------------- Instantiating /home/travis/build/icyphy/ptII/ptolemy/domains/sdf/test/auto/LogisticMap.xml
433 ms. Memory: 348160K Free: 151405K (43%)
----------------- Invoking toplevel() on ptolemy.moml.MoMLSimpleApplication@18302d49
----------------- Done invoking toplevel() on ptolemy.moml.MoMLSimpleApplication@18302d49
reloadAllAccessors: .LogisticMap

===========================================================================================
----------------- testing Tue Jul 09 20:16:30 UTC 2019 /home/travis/build/icyphy/ptII/ptolemy/domains/sdf/test/auto/MaximumEntropySpectrum.xml
----------------- Instantiating /home/travis/build/icyphy/ptII/ptolemy/domains/sdf/test/auto/MaximumEntropySpectrum.xml
67 ms. Memory: 348160K Free: 297101K (85%)
----------------- Invoking toplevel() on ptolemy.moml.MoMLSimpleApplication@7339170e
----------------- Done invoking toplevel() on ptolemy.moml.MoMLSimpleApplication@7339170e
reloadAllAccessors: .MaximumEntropySpectrum

===========================================================================================
----------------- testing Tue Jul 09 20:16:30 UTC 2019 /home/travis/build/icyphy/ptII/ptolemy/domains/sdf/test/auto/MultirateSDF.xml
----------------- Instantiating /home/travis/build/icyphy/ptII/ptolemy/domains/sdf/test/auto/MultirateSDF.xml
17 ms. Memory: 348160K Free: 282255K (81%)
----------------- Invoking toplevel() on ptolemy.moml.MoMLSimpleApplication@5e59093e
----------------- Done invoking toplevel() on ptolemy.moml.MoMLSimpleApplication@5e59093e
reloadAllAccessors: .MultirateSDF

===========================================================================================
----------------- testing Tue Jul 09 20:16:30 UTC 2019 /home/travis/build/icyphy/ptII/ptolemy/domains/sdf/test/auto/MultirateSDFwithTransientStates.xml
----------------- Instantiating /home/travis/build/icyphy/ptII/ptolemy/domains/sdf/test/auto/MultirateSDFwithTransientStates.xml
25 ms. Memory: 348160K Free: 263823K (76%)
----------------- Invoking toplevel() on ptolemy.moml.MoMLSimpleApplication@252656d8
----------------- Done invoking toplevel() on ptolemy.moml.MoMLSimpleApplication@252656d8
reloadAllAccessors: .MultirateSDFwithTransientStates

===========================================================================================
----------------- testing Tue Jul 09 20:16:30 UTC 2019 /home/travis/build/icyphy/ptII/ptolemy/domains/sdf/test/auto/NoisySinewave.xml
----------------- Instantiating /home/travis/build/icyphy/ptII/ptolemy/domains/sdf/test/auto/NoisySinewave.xml
15 ms. Memory: 348160K Free: 247439K (71%)
----------------- Invoking toplevel() on ptolemy.moml.MoMLSimpleApplication@3864507f
----------------- Done invoking toplevel() on ptolemy.moml.MoMLSimpleApplication@3864507f
reloadAllAccessors: .NoisySinewave

===========================================================================================
----------------- testing Tue Jul 09 20:16:30 UTC 2019 /home/travis/build/icyphy/ptII/ptolemy/domains/sdf/test/auto/Objects.xml
----------------- Instantiating /home/travis/build/icyphy/ptII/ptolemy/domains/sdf/test/auto/Objects.xml
5 ms. Memory: 348160K Free: 239247K (69%)
----------------- Invoking toplevel() on ptolemy.moml.MoMLSimpleApplication@4a3ca983
----------------- Done invoking toplevel() on ptolemy.moml.MoMLSimpleApplication@4a3ca983
reloadAllAccessors: .Objects

===========================================================================================
----------------- testing Tue Jul 09 20:16:30 UTC 2019 /home/travis/build/icyphy/ptII/ptolemy/domains/sdf/test/auto/OrthogonalCom.xml
----------------- Instantiating /home/travis/build/icyphy/ptII/ptolemy/domains/sdf/test/auto/OrthogonalCom.xml
10 ms. Memory: 348160K Free: 231055K (66%)
----------------- Invoking toplevel() on ptolemy.moml.MoMLSimpleApplication@273db9b6
----------------- Done invoking toplevel() on ptolemy.moml.MoMLSimpleApplication@273db9b6
reloadAllAccessors: .OrthogonalCom

===========================================================================================
----------------- testing Tue Jul 09 20:16:30 UTC 2019 /home/travis/build/icyphy/ptII/ptolemy/domains/sdf/test/auto/RijndaelEncryption.xml
----------------- Instantiating /home/travis/build/icyphy/ptII/ptolemy/domains/sdf/test/auto/RijndaelEncryption.xml
329 ms. Memory: 348160K Free: 291588K (84%)
----------------- Invoking toplevel() on ptolemy.moml.MoMLSimpleApplication@18b90911
----------------- Done invoking toplevel() on ptolemy.moml.MoMLSimpleApplication@18b90911
reloadAllAccessors: .RijndaelEncryption

===========================================================================================
----------------- testing Tue Jul 09 20:16:31 UTC 2019 /home/travis/build/icyphy/ptII/ptolemy/domains/sdf/test/auto/SDFEmptyIterations.xml
----------------- Instantiating /home/travis/build/icyphy/ptII/ptolemy/domains/sdf/test/auto/SDFEmptyIterations.xml
5 ms. Memory: 348160K Free: 286768K (82%)
----------------- Invoking toplevel() on ptolemy.moml.MoMLSimpleApplication@16b7547d
----------------- Done invoking toplevel() on ptolemy.moml.MoMLSimpleApplication@16b7547d
reloadAllAccessors: .SDFEmptyIterations

===========================================================================================
----------------- testing Tue Jul 09 20:16:31 UTC 2019 /home/travis/build/icyphy/ptII/ptolemy/domains/sdf/test/auto/Spectrum.xml
----------------- Instantiating /home/travis/build/icyphy/ptII/ptolemy/domains/sdf/test/auto/Spectrum.xml
35 ms. Memory: 348160K Free: 262206K (75%)
----------------- Invoking toplevel() on ptolemy.moml.MoMLSimpleApplication@5d5d7ae0
----------------- Done invoking toplevel() on ptolemy.moml.MoMLSimpleApplication@5d5d7ae0
reloadAllAccessors: .Spectrum

===========================================================================================
----------------- testing Tue Jul 09 20:16:31 UTC 2019 /home/travis/build/icyphy/ptII/ptolemy/domains/sdf/test/auto/de_inside_sdf.xml
----------------- Instantiating /home/travis/build/icyphy/ptII/ptolemy/domains/sdf/test/auto/de_inside_sdf.xml
7 ms. Memory: 348160K Free: 257056K (74%)
----------------- Invoking toplevel() on ptolemy.moml.MoMLSimpleApplication@7f1135c8
----------------- Done invoking toplevel() on ptolemy.moml.MoMLSimpleApplication@7f1135c8
reloadAllAccessors: .de_inside_sdf

===========================================================================================
----------------- testing Tue Jul 09 20:16:31 UTC 2019 /home/travis/build/icyphy/ptII/ptolemy/domains/sdf/test/auto/disconnectedHierarchicalSDF.xml
----------------- Instantiating /home/travis/build/icyphy/ptII/ptolemy/domains/sdf/test/auto/disconnectedHierarchicalSDF.xml
5 ms. Memory: 348160K Free: 250928K (72%)
----------------- Invoking toplevel() on ptolemy.moml.MoMLSimpleApplication@1f893d3e
----------------- Done invoking toplevel() on ptolemy.moml.MoMLSimpleApplication@1f893d3e
reloadAllAccessors: .disconnectedHierarchicalSDF

===========================================================================================
----------------- testing Tue Jul 09 20:16:31 UTC 2019 /home/travis/build/icyphy/ptII/ptolemy/domains/sdf/test/auto/disconnectedSDF.xml
----------------- Instantiating /home/travis/build/icyphy/ptII/ptolemy/domains/sdf/test/auto/disconnectedSDF.xml
2 ms. Memory: 348160K Free: 246846K (71%)
----------------- Invoking toplevel() on ptolemy.moml.MoMLSimpleApplication@1393c10f
----------------- Done invoking toplevel() on ptolemy.moml.MoMLSimpleApplication@1393c10f
reloadAllAccessors: .disconnectedSDF

===========================================================================================
----------------- testing Tue Jul 09 20:16:31 UTC 2019 /home/travis/build/icyphy/ptII/ptolemy/domains/sdf/test/auto/emptyRefinement.xml
----------------- Instantiating /home/travis/build/icyphy/ptII/ptolemy/domains/sdf/test/auto/emptyRefinement.xml
5 ms. Memory: 348160K Free: 242720K (70%)
----------------- Invoking toplevel() on ptolemy.moml.MoMLSimpleApplication@1973f0b
----------------- Done invoking toplevel() on ptolemy.moml.MoMLSimpleApplication@1973f0b
reloadAllAccessors: .emptyRefinement

===========================================================================================
----------------- testing Tue Jul 09 20:16:31 UTC 2019 /home/travis/build/icyphy/ptII/ptolemy/domains/sdf/test/auto/filePortParameter.xml
----------------- Instantiating /home/travis/build/icyphy/ptII/ptolemy/domains/sdf/test/auto/filePortParameter.xml
13 ms. Memory: 348160K Free: 235582K (68%)
----------------- Invoking toplevel() on ptolemy.moml.MoMLSimpleApplication@37ae0f4a
----------------- Done invoking toplevel() on ptolemy.moml.MoMLSimpleApplication@37ae0f4a
reloadAllAccessors: .filePortParameter

===========================================================================================
----------------- testing Tue Jul 09 20:16:31 UTC 2019 /home/travis/build/icyphy/ptII/ptolemy/domains/sdf/test/auto/inferRelationWidth1.xml
----------------- Instantiating /home/travis/build/icyphy/ptII/ptolemy/domains/sdf/test/auto/inferRelationWidth1.xml
2 ms. Memory: 348160K Free: 232510K (67%)
----------------- Invoking toplevel() on ptolemy.moml.MoMLSimpleApplication@785e4f5b
----------------- Done invoking toplevel() on ptolemy.moml.MoMLSimpleApplication@785e4f5b
reloadAllAccessors: .inferRelationWidth1

===========================================================================================
----------------- testing Tue Jul 09 20:16:31 UTC 2019 /home/travis/build/icyphy/ptII/ptolemy/domains/sdf/test/auto/initProductionInference.xml
----------------- Instantiating /home/travis/build/icyphy/ptII/ptolemy/domains/sdf/test/auto/initProductionInference.xml
11 ms. Memory: 348160K Free: 228400K (66%)
----------------- Invoking toplevel() on ptolemy.moml.MoMLSimpleApplication@610f77d8
----------------- Done invoking toplevel() on ptolemy.moml.MoMLSimpleApplication@610f77d8
reloadAllAccessors: .initProductionInference

===========================================================================================
----------------- testing Tue Jul 09 20:16:31 UTC 2019 /home/travis/build/icyphy/ptII/ptolemy/domains/sdf/test/auto/relationGroup.xml
----------------- Instantiating /home/travis/build/icyphy/ptII/ptolemy/domains/sdf/test/auto/relationGroup.xml
2 ms. Memory: 348160K Free: 225342K (65%)
----------------- Invoking toplevel() on ptolemy.moml.MoMLSimpleApplication@76e616e0
----------------- Done invoking toplevel() on ptolemy.moml.MoMLSimpleApplication@76e616e0
reloadAllAccessors: .relationGroup

===========================================================================================
----------------- testing Tue Jul 09 20:16:31 UTC 2019 /home/travis/build/icyphy/ptII/ptolemy/domains/sdf/test/auto/relationGroup10.xml
----------------- Instantiating /home/travis/build/icyphy/ptII/ptolemy/domains/sdf/test/auto/relationGroup10.xml
2 ms. Memory: 348160K Free: 221760K (64%)
----------------- Invoking toplevel() on ptolemy.moml.MoMLSimpleApplication@161d8267
----------------- Done invoking toplevel() on ptolemy.moml.MoMLSimpleApplication@161d8267
reloadAllAccessors: .relationGroup10

===========================================================================================
----------------- testing Tue Jul 09 20:16:31 UTC 2019 /home/travis/build/icyphy/ptII/ptolemy/domains/sdf/test/auto/relationGroup11.xml
----------------- Instantiating /home/travis/build/icyphy/ptII/ptolemy/domains/sdf/test/auto/relationGroup11.xml
4 ms. Memory: 348160K Free: 218174K (63%)
----------------- Invoking toplevel() on ptolemy.moml.MoMLSimpleApplication@fb1d712
----------------- Done invoking toplevel() on ptolemy.moml.MoMLSimpleApplication@fb1d712
reloadAllAccessors: .relationGroup11

===========================================================================================
----------------- testing Tue Jul 09 20:16:31 UTC 2019 /home/travis/build/icyphy/ptII/ptolemy/domains/sdf/test/auto/relationGroup12.xml
----------------- Instantiating /home/travis/build/icyphy/ptII/ptolemy/domains/sdf/test/auto/relationGroup12.xml
2 ms. Memory: 348160K Free: 214592K (62%)
----------------- Invoking toplevel() on ptolemy.moml.MoMLSimpleApplication@1da17a8
----------------- Done invoking toplevel() on ptolemy.moml.MoMLSimpleApplication@1da17a8
reloadAllAccessors: .relationGroup12

===========================================================================================
----------------- testing Tue Jul 09 20:16:31 UTC 2019 /home/travis/build/icyphy/ptII/ptolemy/domains/sdf/test/auto/relationGroup13.xml
----------------- Instantiating /home/travis/build/icyphy/ptII/ptolemy/domains/sdf/test/auto/relationGroup13.xml
12 ms. Memory: 348160K Free: 209982K (60%)
----------------- Invoking toplevel() on ptolemy.moml.MoMLSimpleApplication@7a700d38
----------------- Done invoking toplevel() on ptolemy.moml.MoMLSimpleApplication@7a700d38
reloadAllAccessors: .relationGroup13

===========================================================================================
----------------- testing Tue Jul 09 20:16:31 UTC 2019 /home/travis/build/icyphy/ptII/ptolemy/domains/sdf/test/auto/relationGroup14.xml
----------------- Instantiating /home/travis/build/icyphy/ptII/ptolemy/domains/sdf/test/auto/relationGroup14.xml
3 ms. Memory: 348160K Free: 205376K (59%)
----------------- Invoking toplevel() on ptolemy.moml.MoMLSimpleApplication@3afe1f22
----------------- Done invoking toplevel() on ptolemy.moml.MoMLSimpleApplication@3afe1f22
reloadAllAccessors: .relationGroup14

===========================================================================================
----------------- testing Tue Jul 09 20:16:31 UTC 2019 /home/travis/build/icyphy/ptII/ptolemy/domains/sdf/test/auto/relationGroup15.xml
----------------- Instantiating /home/travis/build/icyphy/ptII/ptolemy/domains/sdf/test/auto/relationGroup15.xml
2 ms. Memory: 348160K Free: 201790K (58%)
----------------- Invoking toplevel() on ptolemy.moml.MoMLSimpleApplication@2c6ba5f5
----------------- Done invoking toplevel() on ptolemy.moml.MoMLSimpleApplication@2c6ba5f5
reloadAllAccessors: .relationGroup15

===========================================================================================
----------------- testing Tue Jul 09 20:16:32 UTC 2019 /home/travis/build/icyphy/ptII/ptolemy/domains/sdf/test/auto/relationGroup2.xml
----------------- Instantiating /home/travis/build/icyphy/ptII/ptolemy/domains/sdf/test/auto/relationGroup2.xml
1 ms. Memory: 348160K Free: 198718K (57%)
----------------- Invoking toplevel() on ptolemy.moml.MoMLSimpleApplication@4ee24e9e
----------------- Done invoking toplevel() on ptolemy.moml.MoMLSimpleApplication@4ee24e9e
reloadAllAccessors: .relationGroup2

===========================================================================================
----------------- testing Tue Jul 09 20:16:32 UTC 2019 /home/travis/build/icyphy/ptII/ptolemy/domains/sdf/test/auto/relationGroup3.xml
----------------- Instantiating /home/travis/build/icyphy/ptII/ptolemy/domains/sdf/test/auto/relationGroup3.xml
2 ms. Memory: 348160K Free: 195646K (56%)
----------------- Invoking toplevel() on ptolemy.moml.MoMLSimpleApplication@1d8d4740
----------------- Done invoking toplevel() on ptolemy.moml.MoMLSimpleApplication@1d8d4740
reloadAllAccessors: .relationGroup3

===========================================================================================
----------------- testing Tue Jul 09 20:16:32 UTC 2019 /home/travis/build/icyphy/ptII/ptolemy/domains/sdf/test/auto/relationGroup4.xml
----------------- Instantiating /home/travis/build/icyphy/ptII/ptolemy/domains/sdf/test/auto/relationGroup4.xml
2 ms. Memory: 348160K Free: 191040K (55%)
----------------- Invoking toplevel() on ptolemy.moml.MoMLSimpleApplication@7b5ba311
----------------- Done invoking toplevel() on ptolemy.moml.MoMLSimpleApplication@7b5ba311
reloadAllAccessors: .relationGroup4

===========================================================================================
----------------- testing Tue Jul 09 20:16:32 UTC 2019 /home/travis/build/icyphy/ptII/ptolemy/domains/sdf/test/auto/relationGroup5.xml
----------------- Instantiating /home/travis/build/icyphy/ptII/ptolemy/domains/sdf/test/auto/relationGroup5.xml
3 ms. Memory: 348160K Free: 186430K (54%)
----------------- Invoking toplevel() on ptolemy.moml.MoMLSimpleApplication@29ea89cf
----------------- Done invoking toplevel() on ptolemy.moml.MoMLSimpleApplication@29ea89cf
reloadAllAccessors: .relationGroup5

===========================================================================================
----------------- testing Tue Jul 09 20:16:32 UTC 2019 /home/travis/build/icyphy/ptII/ptolemy/domains/sdf/test/auto/relationGroup6.xml
----------------- Instantiating /home/travis/build/icyphy/ptII/ptolemy/domains/sdf/test/auto/relationGroup6.xml
4 ms. Memory: 348160K Free: 181824K (52%)
----------------- Invoking toplevel() on ptolemy.moml.MoMLSimpleApplication@694a355e
----------------- Done invoking toplevel() on ptolemy.moml.MoMLSimpleApplication@694a355e
reloadAllAccessors: .relationGroup6

===========================================================================================
----------------- testing Tue Jul 09 20:16:32 UTC 2019 /home/travis/build/icyphy/ptII/ptolemy/domains/sdf/test/auto/relationGroup7.xml
----------------- Instantiating /home/travis/build/icyphy/ptII/ptolemy/domains/sdf/test/auto/relationGroup7.xml
1 ms. Memory: 348160K Free: 178752K (51%)
----------------- Invoking toplevel() on ptolemy.moml.MoMLSimpleApplication@aaeeb93
----------------- Done invoking toplevel() on ptolemy.moml.MoMLSimpleApplication@aaeeb93
reloadAllAccessors: .relationGroup7

===========================================================================================
----------------- testing Tue Jul 09 20:16:32 UTC 2019 /home/travis/build/icyphy/ptII/ptolemy/domains/sdf/test/auto/relationGroup8.xml
----------------- Instantiating /home/travis/build/icyphy/ptII/ptolemy/domains/sdf/test/auto/relationGroup8.xml
1 ms. Memory: 348160K Free: 175680K (50%)
----------------- Invoking toplevel() on ptolemy.moml.MoMLSimpleApplication@5fc99e47
----------------- Done invoking toplevel() on ptolemy.moml.MoMLSimpleApplication@5fc99e47
reloadAllAccessors: .relationGroup8

===========================================================================================
----------------- testing Tue Jul 09 20:16:32 UTC 2019 /home/travis/build/icyphy/ptII/ptolemy/domains/sdf/test/auto/relationGroup9.xml
----------------- Instantiating /home/travis/build/icyphy/ptII/ptolemy/domains/sdf/test/auto/relationGroup9.xml
2 ms. Memory: 348160K Free: 171070K (49%)
----------------- Invoking toplevel() on ptolemy.moml.MoMLSimpleApplication@1c9a5014
----------------- Done invoking toplevel() on ptolemy.moml.MoMLSimpleApplication@1c9a5014
reloadAllAccessors: .relationGroup9

===========================================================================================
----------------- testing Tue Jul 09 20:16:32 UTC 2019 /home/travis/build/icyphy/ptII/ptolemy/domains/sdf/test/auto/sdf_inside_de.xml
----------------- Instantiating /home/travis/build/icyphy/ptII/ptolemy/domains/sdf/test/auto/sdf_inside_de.xml
13 ms. Memory: 348160K Free: 162368K (47%)
----------------- Invoking toplevel() on ptolemy.moml.MoMLSimpleApplication@5642b4f
----------------- Done invoking toplevel() on ptolemy.moml.MoMLSimpleApplication@5642b4f
reloadAllAccessors: .sdf_inside_de

===========================================================================================
----------------- testing Tue Jul 09 20:16:32 UTC 2019 /home/travis/build/icyphy/ptII/ptolemy/domains/sdf/test/auto/sdf_inside_pn.xml
----------------- Instantiating /home/travis/build/icyphy/ptII/ptolemy/domains/sdf/test/auto/sdf_inside_pn.xml
31 ms. Memory: 348160K Free: 154176K (44%)
----------------- Invoking toplevel() on ptolemy.moml.MoMLSimpleApplication@30fe90fb
----------------- Done invoking toplevel() on ptolemy.moml.MoMLSimpleApplication@30fe90fb
reloadAllAccessors: .sdf_inside_pn

===========================================================================================
----------------- testing Tue Jul 09 20:16:32 UTC 2019 /home/travis/build/icyphy/ptII/ptolemy/domains/sdf/test/auto/sdf_sdf1.xml
----------------- Instantiating /home/travis/build/icyphy/ptII/ptolemy/domains/sdf/test/auto/sdf_sdf1.xml
13 ms. Memory: 348160K Free: 148512K (43%)
----------------- Invoking toplevel() on ptolemy.moml.MoMLSimpleApplication@e15707f
----------------- Done invoking toplevel() on ptolemy.moml.MoMLSimpleApplication@e15707f
reloadAllAccessors: .sdf_sdf1

===========================================================================================
----------------- testing Tue Jul 09 20:16:32 UTC 2019 /home/travis/build/icyphy/ptII/ptolemy/domains/sdf/test/auto/test1.xml
----------------- Instantiating /home/travis/build/icyphy/ptII/ptolemy/domains/sdf/test/auto/test1.xml
4 ms. Memory: 348160K Free: 143422K (41%)
----------------- Invoking toplevel() on ptolemy.moml.MoMLSimpleApplication@39e8af50
----------------- Done invoking toplevel() on ptolemy.moml.MoMLSimpleApplication@39e8af50
reloadAllAccessors: .test1

===========================================================================================
----------------- testing Tue Jul 09 20:16:32 UTC 2019 /home/travis/build/icyphy/ptII/ptolemy/domains/sdf/test/auto/time1.xml
----------------- Instantiating /home/travis/build/icyphy/ptII/ptolemy/domains/sdf/test/auto/time1.xml
2 ms. Memory: 348160K Free: 139840K (40%)
----------------- Invoking toplevel() on ptolemy.moml.MoMLSimpleApplication@46f88e42
----------------- Done invoking toplevel() on ptolemy.moml.MoMLSimpleApplication@46f88e42
reloadAllAccessors: .time1

===========================================================================================
----------------- testing Tue Jul 09 20:16:32 UTC 2019 /home/travis/build/icyphy/ptII/ptolemy/domains/sdf/test/auto/time2.xml
----------------- Instantiating /home/travis/build/icyphy/ptII/ptolemy/domains/sdf/test/auto/time2.xml
2 ms. Memory: 348160K Free: 136254K (39%)
----------------- Invoking toplevel() on ptolemy.moml.MoMLSimpleApplication@3ae622ac
----------------- Done invoking toplevel() on ptolemy.moml.MoMLSimpleApplication@3ae622ac
reloadAllAccessors: .time2

===========================================================================================
----------------- testing Tue Jul 09 20:16:32 UTC 2019 /home/travis/build/icyphy/ptII/ptolemy/domains/sdf/test/auto/time3.xml
----------------- Instantiating /home/travis/build/icyphy/ptII/ptolemy/domains/sdf/test/auto/time3.xml
6 ms. Memory: 348160K Free: 131134K (38%)
----------------- Invoking toplevel() on ptolemy.moml.MoMLSimpleApplication@6cde92e4
----------------- Done invoking toplevel() on ptolemy.moml.MoMLSimpleApplication@6cde92e4
reloadAllAccessors: .time3

===========================================================================================
----------------- testing Tue Jul 09 20:16:32 UTC 2019 /home/travis/build/icyphy/ptII/ptolemy/domains/sdf/test/auto/time4.xml
----------------- Instantiating /home/travis/build/icyphy/ptII/ptolemy/domains/sdf/test/auto/time4.xml
17 ms. Memory: 348160K Free: 332987K (96%)
----------------- Invoking toplevel() on ptolemy.moml.MoMLSimpleApplication@28b9756c
----------------- Done invoking toplevel() on ptolemy.moml.MoMLSimpleApplication@28b9756c
reloadAllAccessors: .time4

===========================================================================================
----------------- testing Tue Jul 09 20:16:32 UTC 2019 /home/travis/build/icyphy/ptII/ptolemy/domains/sdf/test/auto/time5.xml
----------------- Instantiating /home/travis/build/icyphy/ptII/ptolemy/domains/sdf/test/auto/time5.xml
4002 ms. Memory: 348160K Free: 329204K (95%)
----------------- Invoking toplevel() on ptolemy.moml.MoMLSimpleApplication@24bf80f0
----------------- Done invoking toplevel() on ptolemy.moml.MoMLSimpleApplication@24bf80f0
reloadAllAccessors: .time5

===========================================================================================
----------------- testing Tue Jul 09 20:16:36 UTC 2019 /home/travis/build/icyphy/ptII/ptolemy/domains/sdf/test/auto/typeSystem_Const_Integer_smallest_Type.xml
----------------- Instantiating /home/travis/build/icyphy/ptII/ptolemy/domains/sdf/test/auto/typeSystem_Const_Integer_smallest_Type.xml
5 ms. Memory: 348160K Free: 324598K (93%)
----------------- Invoking toplevel() on ptolemy.moml.MoMLSimpleApplication@538e938b
----------------- Done invoking toplevel() on ptolemy.moml.MoMLSimpleApplication@538e938b
reloadAllAccessors: .typeSystem_Const_Integer_smallest_Type

===========================================================================================
----------------- testing Tue Jul 09 20:16:36 UTC 2019 /home/travis/build/icyphy/ptII/ptolemy/domains/sdf/test/auto/typeSystem_declared_Inports_OutportTypeException.xml
----------------- Instantiating /home/travis/build/icyphy/ptII/ptolemy/domains/sdf/test/auto/typeSystem_declared_Inports_OutportTypeException.xml
.typeSystem_declared_Inports_OutportTypeException.TestExceptionAttribute: initialize() was not invoked, but wrapup() was.  This is unusual, but not always a problem.  For example, exporting JNLP will do this.
18 ms. Memory: 348160K Free: 320502K (92%)
----------------- Invoking toplevel() on ptolemy.moml.MoMLSimpleApplication@1cbc792f
----------------- Done invoking toplevel() on ptolemy.moml.MoMLSimpleApplication@1cbc792f
reloadAllAccessors: .typeSystem_declared_Inports_OutportTypeException

===========================================================================================
----------------- testing Tue Jul 09 20:16:36 UTC 2019 /home/travis/build/icyphy/ptII/ptolemy/domains/sdf/test/auto/typeSystem_oneDeclaredInportType_wrongTypeOutport.xml
----------------- Instantiating /home/travis/build/icyphy/ptII/ptolemy/domains/sdf/test/auto/typeSystem_oneDeclaredInportType_wrongTypeOutport.xml
3 ms. Memory: 348160K Free: 316406K (91%)
----------------- Invoking toplevel() on ptolemy.moml.MoMLSimpleApplication@30d7c1d
----------------- Done invoking toplevel() on ptolemy.moml.MoMLSimpleApplication@30d7c1d
reloadAllAccessors: .typeSystem_oneDeclaredInportType_wrongTypeOutport

===========================================================================================
----------------- testing Tue Jul 09 20:16:36 UTC 2019 /home/travis/build/icyphy/ptII/ptolemy/domains/sdf/test/auto/width.xml
----------------- Instantiating /home/travis/build/icyphy/ptII/ptolemy/domains/sdf/test/auto/width.xml
1 ms. Memory: 348160K Free: 312310K (90%)
----------------- Invoking toplevel() on ptolemy.moml.MoMLSimpleApplication@330a7320
----------------- Done invoking toplevel() on ptolemy.moml.MoMLSimpleApplication@330a7320
reloadAllAccessors: .width

===========================================================================================
----------------- testing Tue Jul 09 20:16:36 UTC 2019 /home/travis/build/icyphy/ptII/ptolemy/domains/sdf/test/auto/width2.xml
----------------- Instantiating /home/travis/build/icyphy/ptII/ptolemy/domains/sdf/test/auto/width2.xml
36 ms. Memory: 348160K Free: 307700K (88%)
----------------- Invoking toplevel() on ptolemy.moml.MoMLSimpleApplication@1295761f
----------------- Done invoking toplevel() on ptolemy.moml.MoMLSimpleApplication@1295761f
reloadAllAccessors: .width2

===========================================================================================
----------------- testing Tue Jul 09 20:16:36 UTC 2019 /home/travis/build/icyphy/ptII/ptolemy/domains/sdf/test/auto/width3.xml
----------------- Instantiating /home/travis/build/icyphy/ptII/ptolemy/domains/sdf/test/auto/width3.xml
39 ms. Memory: 348160K Free: 302580K (87%)
----------------- Invoking toplevel() on ptolemy.moml.MoMLSimpleApplication@3289edde
----------------- Done invoking toplevel() on ptolemy.moml.MoMLSimpleApplication@3289edde
reloadAllAccessors: .width3
AutoTests.java: About to close Vertx.
AutoTests.java: Vertx closed.
]]></system-out>
  <system-err><![CDATA[java.lang.RuntimeException: Execution failed
	at ptolemy.moml.MoMLSimpleApplication$UnloadThread.run(MoMLSimpleApplication.java:402)
Caused by: ptolemy.actor.sched.NotSchedulableException: No solution exists for the balance equations.
Graph is not consistent under the SDF domain detected on external port .rateConsistency.actor.port2
  in .rateConsistency.SDF Director.Scheduler
	at ptolemy.domains.sdf.kernel.SDFScheduler._propagatePort(SDFScheduler.java:1425)
	at ptolemy.domains.sdf.kernel.SDFScheduler._solveBalanceEquations(SDFScheduler.java:710)
	at ptolemy.domains.sdf.kernel.SDFScheduler._getSchedule(SDFScheduler.java:566)
	at ptolemy.actor.sched.Scheduler.getSchedule(Scheduler.java:189)
	at ptolemy.domains.sdf.kernel.SDFDirector.createSchedule(SDFDirector.java:408)
	at ptolemy.domains.sdf.kernel.SDFDirector.preinitialize(SDFDirector.java:764)
	at ptolemy.actor.CompositeActor.preinitialize(CompositeActor.java:1828)
	at ptolemy.actor.Manager.preinitializeAndResolveTypes(Manager.java:1040)
	at ptolemy.actor.Manager.initialize(Manager.java:710)
	at ptolemy.actor.Manager.execute(Manager.java:356)
	at ptolemy.actor.Manager.run(Manager.java:1263)
	at ptolemy.actor.Manager$PtolemyRunThread.run(Manager.java:1915)
java.lang.RuntimeException: Execution failed
	at ptolemy.moml.MoMLSimpleApplication$UnloadThread.run(MoMLSimpleApplication.java:402)
Caused by: ptolemy.kernel.util.IllegalActionException: Failed to compute schedule:
  in .badRateChanges.typed composite actor.SDF Director
Because:
The SDF rate parameter may change. This is not allowed in SDF models that will be run through the code generator.  If you don't care about code generation, then you might consider setting the allowRateChanges parameter of the SDF director to false.
  in .badRateChanges.typed composite actor.Repeat.output.tokenProductionRate
	at ptolemy.domains.sdf.kernel.SDFDirector.createSchedule(SDFDirector.java:418)
	at ptolemy.domains.sdf.kernel.SDFDirector.preinitialize(SDFDirector.java:764)
	at ptolemy.actor.CompositeActor.preinitialize(CompositeActor.java:1828)
	at ptolemy.actor.Director.preinitialize(Director.java:1302)
	at ptolemy.actor.Director.preinitialize(Director.java:1257)
	at ptolemy.domains.sdf.kernel.SDFDirector.preinitialize(SDFDirector.java:763)
	at ptolemy.actor.CompositeActor.preinitialize(CompositeActor.java:1828)
	at ptolemy.actor.Manager.preinitializeAndResolveTypes(Manager.java:1040)
	at ptolemy.actor.Manager.initialize(Manager.java:710)
	at ptolemy.actor.Manager.execute(Manager.java:356)
	at ptolemy.actor.Manager.run(Manager.java:1263)
	at ptolemy.actor.Manager$PtolemyRunThread.run(Manager.java:1915)
Caused by: ptolemy.kernel.util.IllegalActionException: The SDF rate parameter may change. This is not allowed in SDF models that will be run through the code generator.  If you don't care about code generation, then you might consider setting the allowRateChanges parameter of the SDF director to false.
  in .badRateChanges.typed composite actor.Repeat.output.tokenProductionRate
	at ptolemy.domains.sdf.kernel.SDFScheduler._assertDynamicRateVariable(SDFScheduler.java:931)
	at ptolemy.domains.sdf.kernel.SDFScheduler._checkDynamicRateVariables(SDFScheduler.java:339)
	at ptolemy.domains.sdf.kernel.SDFScheduler._getSchedule(SDFScheduler.java:527)
	at ptolemy.actor.sched.Scheduler.getSchedule(Scheduler.java:189)
	at ptolemy.domains.sdf.kernel.SDFDirector.createSchedule(SDFDirector.java:408)
	... 11 more
java.lang.RuntimeException: Execution failed
	at ptolemy.moml.MoMLSimpleApplication$UnloadThread.run(MoMLSimpleApplication.java:402)
Caused by: ptolemy.kernel.util.IllegalActionException: Failed to compute schedule:
  in .badRateChanges2.typed composite actor.SDF Director
Because:
The SDF rate parameter may change. This is not allowed in SDF models that will be run through the code generator.  If you don't care about code generation, then you might consider setting the allowRateChanges parameter of the SDF director to false.
  in .badRateChanges2.typed composite actor.Repeat.output.tokenProductionRate
	at ptolemy.domains.sdf.kernel.SDFDirector.createSchedule(SDFDirector.java:418)
	at ptolemy.domains.sdf.kernel.SDFDirector.preinitialize(SDFDirector.java:764)
	at ptolemy.actor.CompositeActor.preinitialize(CompositeActor.java:1828)
	at ptolemy.actor.Director.preinitialize(Director.java:1302)
	at ptolemy.actor.Director.preinitialize(Director.java:1257)
	at ptolemy.domains.sdf.kernel.SDFDirector.preinitialize(SDFDirector.java:763)
	at ptolemy.actor.CompositeActor.preinitialize(CompositeActor.java:1828)
	at ptolemy.actor.Manager.preinitializeAndResolveTypes(Manager.java:1040)
	at ptolemy.actor.Manager.initialize(Manager.java:710)
	at ptolemy.actor.Manager.execute(Manager.java:356)
	at ptolemy.actor.Manager.run(Manager.java:1263)
	at ptolemy.actor.Manager$PtolemyRunThread.run(Manager.java:1915)
Caused by: ptolemy.kernel.util.IllegalActionException: The SDF rate parameter may change. This is not allowed in SDF models that will be run through the code generator.  If you don't care about code generation, then you might consider setting the allowRateChanges parameter of the SDF director to false.
  in .badRateChanges2.typed composite actor.Repeat.output.tokenProductionRate
	at ptolemy.domains.sdf.kernel.SDFScheduler._assertDynamicRateVariable(SDFScheduler.java:931)
	at ptolemy.domains.sdf.kernel.SDFScheduler._checkDynamicRateVariables(SDFScheduler.java:339)
	at ptolemy.domains.sdf.kernel.SDFScheduler._getSchedule(SDFScheduler.java:527)
	at ptolemy.actor.sched.Scheduler.getSchedule(Scheduler.java:189)
	at ptolemy.domains.sdf.kernel.SDFDirector.createSchedule(SDFDirector.java:408)
	... 11 more
java.lang.RuntimeException: Execution failed
	at ptolemy.moml.MoMLSimpleApplication$UnloadThread.run(MoMLSimpleApplication.java:402)
Caused by: ptolemy.actor.sched.NotSchedulableException: Actors remain that cannot be scheduled!

There are several possible reasons:
* SDF Graphs with feedback loops should have an actor with a delay in the loop, such as a SampleDelay.
* The SDF director has an "allowDisconnectedGraphs"parameter, which, when true, permits disconnected SDF graphs.
* The token consumption rate and production rates might be mismatched.
Usually, actors produce one token or consume one token on a port.  To produce or consume multiple tokens per firing, add a "tokenConsumptionRate" or "tokenProductionRate" parameter to the appropriate port.
Unscheduled actors:
.partiallyConnected.Const2 
Scheduled actors:
.partiallyConnected.Const 
  in .partiallyConnected.SDF Director.Scheduler
	at ptolemy.domains.sdf.kernel.SDFScheduler._scheduleConnectedActors(SDFScheduler.java:1828)
	at ptolemy.domains.sdf.kernel.SDFScheduler._getSchedule(SDFScheduler.java:587)
	at ptolemy.actor.sched.Scheduler.getSchedule(Scheduler.java:189)
	at ptolemy.domains.sdf.kernel.SDFDirector.createSchedule(SDFDirector.java:408)
	at ptolemy.domains.sdf.kernel.SDFDirector.preinitialize(SDFDirector.java:764)
	at ptolemy.actor.CompositeActor.preinitialize(CompositeActor.java:1828)
	at ptolemy.actor.Manager.preinitializeAndResolveTypes(Manager.java:1040)
	at ptolemy.actor.Manager.initialize(Manager.java:710)
	at ptolemy.actor.Manager.execute(Manager.java:356)
	at ptolemy.actor.Manager.run(Manager.java:1263)
	at ptolemy.actor.Manager$PtolemyRunThread.run(Manager.java:1915)
]]></system-err>
</testsuite>
