<?xml version="1.0" encoding="UTF-8" ?>
<testsuite errors="0" failures="0" hostname="travis-job-7b9484a9-8f0d-4762-a834-4912114e20a1" name="ptolemy.actor.lib.hoc.test.junit.JUnitTclTest" skipped="0" tests="58" time="30.44" timestamp="2020-03-14T07:14:18">
  <properties>
[...]
</properties>
  <testcase classname="ptolemy.util.test.junit.TclTests" name="[0] /home/travis/build/icyphy/ptII/ptolemy/actor/lib/hoc/test/IterateOverArray.tcl (RunTclFile)" time="0.283" />
  <testcase classname="ptolemy.util.test.junit.AutoKnownFailedTests" name="[0] /home/travis/build/icyphy/ptII/ptolemy/actor/lib/hoc/test/auto/knownFailedTests/PreinitializeMustBeInvokedRunComposite.xml (RunModel)" time="0.341" />
  <testcase classname="ptolemy.util.test.junit.AutoNameArchTests" name="[0] ThereAreNoAutoArchTests (RunModel)" time="0.001" />
  <testcase classname="ptolemy.util.test.junit.AutoTests" name="[0] /home/travis/build/icyphy/ptII/ptolemy/actor/lib/hoc/test/auto/AllToAllMultiInstanceComposite.xml (RunModel)" time="0.396" />
  <testcase classname="ptolemy.util.test.junit.AutoTests" name="[1] /home/travis/build/icyphy/ptII/ptolemy/actor/lib/hoc/test/auto/ApplyFFTTest.xml (RunModel)" time="0.396" />
  <testcase classname="ptolemy.util.test.junit.AutoTests" name="[2] /home/travis/build/icyphy/ptII/ptolemy/actor/lib/hoc/test/auto/ApplyFunction.xml (RunModel)" time="0.053" />
  <testcase classname="ptolemy.util.test.junit.AutoTests" name="[3] /home/travis/build/icyphy/ptII/ptolemy/actor/lib/hoc/test/auto/BackgroundExecution.xml (RunModel)" time="0.716" />
  <testcase classname="ptolemy.util.test.junit.AutoTests" name="[4] /home/travis/build/icyphy/ptII/ptolemy/actor/lib/hoc/test/auto/Case.xml (RunModel)" time="0.09" />
  <testcase classname="ptolemy.util.test.junit.AutoTests" name="[5] /home/travis/build/icyphy/ptII/ptolemy/actor/lib/hoc/test/auto/Case1.xml (RunModel)" time="0.044" />
  <testcase classname="ptolemy.util.test.junit.AutoTests" name="[6] /home/travis/build/icyphy/ptII/ptolemy/actor/lib/hoc/test/auto/Case2.xml (RunModel)" time="0.095" />
  <testcase classname="ptolemy.util.test.junit.AutoTests" name="[7] /home/travis/build/icyphy/ptII/ptolemy/actor/lib/hoc/test/auto/Case3.xml (RunModel)" time="0.057" />
  <testcase classname="ptolemy.util.test.junit.AutoTests" name="[8] /home/travis/build/icyphy/ptII/ptolemy/actor/lib/hoc/test/auto/Case4.xml (RunModel)" time="0.063" />
  <testcase classname="ptolemy.util.test.junit.AutoTests" name="[9] /home/travis/build/icyphy/ptII/ptolemy/actor/lib/hoc/test/auto/Case5.xml (RunModel)" time="0.05" />
  <testcase classname="ptolemy.util.test.junit.AutoTests" name="[10] /home/travis/build/icyphy/ptII/ptolemy/actor/lib/hoc/test/auto/Case6.xml (RunModel)" time="0.097" />
  <testcase classname="ptolemy.util.test.junit.AutoTests" name="[11] /home/travis/build/icyphy/ptII/ptolemy/actor/lib/hoc/test/auto/CaseString2.xml (RunModel)" time="0.046" />
  <testcase classname="ptolemy.util.test.junit.AutoTests" name="[12] /home/travis/build/icyphy/ptII/ptolemy/actor/lib/hoc/test/auto/CatchUpComposite1.xml (RunModel)" time="0.089" />
  <testcase classname="ptolemy.util.test.junit.AutoTests" name="[13] /home/travis/build/icyphy/ptII/ptolemy/actor/lib/hoc/test/auto/CatchUpComposite2.xml (RunModel)" time="0.041" />
  <testcase classname="ptolemy.util.test.junit.AutoTests" name="[14] /home/travis/build/icyphy/ptII/ptolemy/actor/lib/hoc/test/auto/CatchUpComposite3.xml (RunModel)" time="0.07" />
  <testcase classname="ptolemy.util.test.junit.AutoTests" name="[15] /home/travis/build/icyphy/ptII/ptolemy/actor/lib/hoc/test/auto/CatchUpComposite4.xml (RunModel)" time="0.07" />
  <testcase classname="ptolemy.util.test.junit.AutoTests" name="[16] /home/travis/build/icyphy/ptII/ptolemy/actor/lib/hoc/test/auto/CatchUpComposite5.xml (RunModel)" time="0.041" />
  <testcase classname="ptolemy.util.test.junit.AutoTests" name="[17] /home/travis/build/icyphy/ptII/ptolemy/actor/lib/hoc/test/auto/CatchUpComposite6.xml (RunModel)" time="0.157" />
  <testcase classname="ptolemy.util.test.junit.AutoTests" name="[18] /home/travis/build/icyphy/ptII/ptolemy/actor/lib/hoc/test/auto/CatchUpComposite7.xml (RunModel)" time="0.107" />
  <testcase classname="ptolemy.util.test.junit.AutoTests" name="[19] /home/travis/build/icyphy/ptII/ptolemy/actor/lib/hoc/test/auto/ConcurrentExecutionTimeSDF.xml (RunModel)" time="1.054" />
  <testcase classname="ptolemy.util.test.junit.AutoTests" name="[20] /home/travis/build/icyphy/ptII/ptolemy/actor/lib/hoc/test/auto/ConcurrentSleep.xml (RunModel)" time="0.757" />
  <testcase classname="ptolemy.util.test.junit.AutoTests" name="[21] /home/travis/build/icyphy/ptII/ptolemy/actor/lib/hoc/test/auto/DEInPNInRunCompositeActor.xml (RunModel)" time="0.026" />
  <testcase classname="ptolemy.util.test.junit.AutoTests" name="[22] /home/travis/build/icyphy/ptII/ptolemy/actor/lib/hoc/test/auto/DFTSubSetTest.xml (RunModel)" time="0.269" />
  <testcase classname="ptolemy.util.test.junit.AutoTests" name="[23] /home/travis/build/icyphy/ptII/ptolemy/actor/lib/hoc/test/auto/HocDE.xml (RunModel)" time="0.174" />
  <testcase classname="ptolemy.util.test.junit.AutoTests" name="[24] /home/travis/build/icyphy/ptII/ptolemy/actor/lib/hoc/test/auto/IterateOverArray.xml (RunModel)" time="0.039" />
  <testcase classname="ptolemy.util.test.junit.AutoTests" name="[25] /home/travis/build/icyphy/ptII/ptolemy/actor/lib/hoc/test/auto/IterateOverArray10.xml (RunModel)" time="0.021" />
  <testcase classname="ptolemy.util.test.junit.AutoTests" name="[26] /home/travis/build/icyphy/ptII/ptolemy/actor/lib/hoc/test/auto/IterateOverArray11.xml (RunModel)" time="0.02" />
  <testcase classname="ptolemy.util.test.junit.AutoTests" name="[27] /home/travis/build/icyphy/ptII/ptolemy/actor/lib/hoc/test/auto/IterateOverArray12.xml (RunModel)" time="0.038" />
  <testcase classname="ptolemy.util.test.junit.AutoTests" name="[28] /home/travis/build/icyphy/ptII/ptolemy/actor/lib/hoc/test/auto/IterateOverArray13.xml (RunModel)" time="0.145" />
  <testcase classname="ptolemy.util.test.junit.AutoTests" name="[29] /home/travis/build/icyphy/ptII/ptolemy/actor/lib/hoc/test/auto/IterateOverArray14.xml (RunModel)" time="0.146" />
  <testcase classname="ptolemy.util.test.junit.AutoTests" name="[30] /home/travis/build/icyphy/ptII/ptolemy/actor/lib/hoc/test/auto/IterateOverArray2.xml (RunModel)" time="0.028" />
  <testcase classname="ptolemy.util.test.junit.AutoTests" name="[31] /home/travis/build/icyphy/ptII/ptolemy/actor/lib/hoc/test/auto/IterateOverArray3.xml (RunModel)" time="0.038" />
  <testcase classname="ptolemy.util.test.junit.AutoTests" name="[32] /home/travis/build/icyphy/ptII/ptolemy/actor/lib/hoc/test/auto/IterateOverArray4.xml (RunModel)" time="0.019" />
  <testcase classname="ptolemy.util.test.junit.AutoTests" name="[33] /home/travis/build/icyphy/ptII/ptolemy/actor/lib/hoc/test/auto/IterateOverArray5.xml (RunModel)" time="0.017" />
  <testcase classname="ptolemy.util.test.junit.AutoTests" name="[34] /home/travis/build/icyphy/ptII/ptolemy/actor/lib/hoc/test/auto/IterateOverArray6.xml (RunModel)" time="0.012" />
  <testcase classname="ptolemy.util.test.junit.AutoTests" name="[35] /home/travis/build/icyphy/ptII/ptolemy/actor/lib/hoc/test/auto/IterateOverArray7.xml (RunModel)" time="0.026" />
  <testcase classname="ptolemy.util.test.junit.AutoTests" name="[36] /home/travis/build/icyphy/ptII/ptolemy/actor/lib/hoc/test/auto/IterateOverArray8.xml (RunModel)" time="0.021" />
  <testcase classname="ptolemy.util.test.junit.AutoTests" name="[37] /home/travis/build/icyphy/ptII/ptolemy/actor/lib/hoc/test/auto/IterateOverArray9.xml (RunModel)" time="0.024" />
  <testcase classname="ptolemy.util.test.junit.AutoTests" name="[38] /home/travis/build/icyphy/ptII/ptolemy/actor/lib/hoc/test/auto/IterateOverArrayCoercedOutputType.xml (RunModel)" time="0.036" />
  <testcase classname="ptolemy.util.test.junit.AutoTests" name="[39] /home/travis/build/icyphy/ptII/ptolemy/actor/lib/hoc/test/auto/IterateOverArrayInferredOutputType.xml (RunModel)" time="0.018" />
  <testcase classname="ptolemy.util.test.junit.AutoTests" name="[40] /home/travis/build/icyphy/ptII/ptolemy/actor/lib/hoc/test/auto/MobileFunctionTest.xml (RunModel)" time="0.014" />
  <testcase classname="ptolemy.util.test.junit.AutoTests" name="[41] /home/travis/build/icyphy/ptII/ptolemy/actor/lib/hoc/test/auto/MobileModelTest.xml (RunModel)" time="0.2" />
  <testcase classname="ptolemy.util.test.junit.AutoTests" name="[42] /home/travis/build/icyphy/ptII/ptolemy/actor/lib/hoc/test/auto/ModelReference.xml (RunModel)" time="0.066" />
  <testcase classname="ptolemy.util.test.junit.AutoTests" name="[43] /home/travis/build/icyphy/ptII/ptolemy/actor/lib/hoc/test/auto/ModelReference3.xml (RunModel)" time="0.038" />
  <testcase classname="ptolemy.util.test.junit.AutoTests" name="[44] /home/travis/build/icyphy/ptII/ptolemy/actor/lib/hoc/test/auto/ModelReference4.xml (RunModel)" time="10.031" />
  <testcase classname="ptolemy.util.test.junit.AutoTests" name="[45] /home/travis/build/icyphy/ptII/ptolemy/actor/lib/hoc/test/auto/MultiInstanceComposite.xml (RunModel)" time="0.053" />
  <testcase classname="ptolemy.util.test.junit.AutoTests" name="[46] /home/travis/build/icyphy/ptII/ptolemy/actor/lib/hoc/test/auto/MultiInstanceComposite2.xml (RunModel)" time="0.03" />
  <testcase classname="ptolemy.util.test.junit.AutoTests" name="[47] /home/travis/build/icyphy/ptII/ptolemy/actor/lib/hoc/test/auto/MulticoreExecution.xml (RunModel)" time="1.078" />
  <testcase classname="ptolemy.util.test.junit.AutoTests" name="[48] /home/travis/build/icyphy/ptII/ptolemy/actor/lib/hoc/test/auto/ParallelExecution.xml (RunModel)" time="0.936" />
  <testcase classname="ptolemy.util.test.junit.AutoTests" name="[49] /home/travis/build/icyphy/ptII/ptolemy/actor/lib/hoc/test/auto/RunCompositeActor.xml (RunModel)" time="0.02" />
  <testcase classname="ptolemy.util.test.junit.AutoTests" name="[50] /home/travis/build/icyphy/ptII/ptolemy/actor/lib/hoc/test/auto/RunCompositeActor2.xml (RunModel)" time="0.017" />
  <testcase classname="ptolemy.util.test.junit.AutoTests" name="[51] /home/travis/build/icyphy/ptII/ptolemy/actor/lib/hoc/test/auto/RunCompositeActor3.xml (RunModel)" time="0.022" />
  <testcase classname="ptolemy.util.test.junit.AutoTests" name="[52] /home/travis/build/icyphy/ptII/ptolemy/actor/lib/hoc/test/auto/RunCompositeActor4.xml (RunModel)" time="0.025" />
  <testcase classname="ptolemy.util.test.junit.AutoTests" name="[53] /home/travis/build/icyphy/ptII/ptolemy/actor/lib/hoc/test/auto/RunCompositeIterateOverArray.xml (RunModel)" time="0.024" />
  <testcase classname="ptolemy.util.test.junit.AutoTests" name="[54] /home/travis/build/icyphy/ptII/ptolemy/actor/lib/hoc/test/auto/ThreadedJS.xml (RunModel)" time="11.017" />
  <system-out><![CDATA[/home/travis/build/icyphy/ptII/ptolemy/actor/lib/hoc/test/IterateOverArray.tcl
testDefs.tcl: setting time out to 9000 seconds at Sat Mar 14 07:14:18 UTC 2020
03/14/20 07:14:18
Failed: 0  Total Tests: 2  ((Passed: 2, Newly Passed: 0)  Known Failed: 0) /home/travis/build/icyphy/ptII/ptolemy/actor/lib/hoc/test
----------------- testing (KnownFailure) /home/travis/build/icyphy/ptII/ptolemy/actor/lib/hoc/test/auto/knownFailedTests/PreinitializeMustBeInvokedRunComposite.xml
75 ms. Memory: 129024K Free: 85954K (67%)
Known Failure: java.lang.reflect.InvocationTargetException
No auto/linux-amd64/*.xml tests in /home/travis/build/icyphy/ptII/ptolemy/actor/lib/hoc/test
AutoTests.java: About to close Vertx.
AutoTests.java: Vertx closed.

===========================================================================================
----------------- testing Sat Mar 14 07:14:19 UTC 2020 /home/travis/build/icyphy/ptII/ptolemy/actor/lib/hoc/test/auto/AllToAllMultiInstanceComposite.xml
----------------- Instantiating /home/travis/build/icyphy/ptII/ptolemy/actor/lib/hoc/test/auto/AllToAllMultiInstanceComposite.xml
149 ms. Memory: 129024K Free: 109480K (85%)
----------------- Invoking toplevel() on ptolemy.moml.MoMLSimpleApplication@66f17592
----------------- Done invoking toplevel() on ptolemy.moml.MoMLSimpleApplication@66f17592
reloadAllAccessors: .AllToAllMultiInstanceComposite

===========================================================================================
----------------- testing Sat Mar 14 07:14:19 UTC 2020 /home/travis/build/icyphy/ptII/ptolemy/actor/lib/hoc/test/auto/ApplyFFTTest.xml
----------------- Instantiating /home/travis/build/icyphy/ptII/ptolemy/actor/lib/hoc/test/auto/ApplyFFTTest.xml
153 ms. Memory: 129024K Free: 90029K (70%)
----------------- Invoking toplevel() on ptolemy.moml.MoMLSimpleApplication@30051e7a
----------------- Done invoking toplevel() on ptolemy.moml.MoMLSimpleApplication@30051e7a
reloadAllAccessors: .ApplyFFTTest

===========================================================================================
----------------- testing Sat Mar 14 07:14:20 UTC 2020 /home/travis/build/icyphy/ptII/ptolemy/actor/lib/hoc/test/auto/ApplyFunction.xml
----------------- Instantiating /home/travis/build/icyphy/ptII/ptolemy/actor/lib/hoc/test/auto/ApplyFunction.xml
5 ms. Memory: 129024K Free: 86660K (67%)
----------------- Invoking toplevel() on ptolemy.moml.MoMLSimpleApplication@30ef25c1
----------------- Done invoking toplevel() on ptolemy.moml.MoMLSimpleApplication@30ef25c1
reloadAllAccessors: .ApplyFunction

===========================================================================================
----------------- testing Sat Mar 14 07:14:20 UTC 2020 /home/travis/build/icyphy/ptII/ptolemy/actor/lib/hoc/test/auto/BackgroundExecution.xml
----------------- Instantiating /home/travis/build/icyphy/ptII/ptolemy/actor/lib/hoc/test/auto/BackgroundExecution.xml
625 ms. Memory: 129024K Free: 79789K (62%)
----------------- Invoking toplevel() on ptolemy.moml.MoMLSimpleApplication@4fdee9ba
----------------- Done invoking toplevel() on ptolemy.moml.MoMLSimpleApplication@4fdee9ba
reloadAllAccessors: .BackgroundExecution

===========================================================================================
----------------- testing Sat Mar 14 07:14:20 UTC 2020 /home/travis/build/icyphy/ptII/ptolemy/actor/lib/hoc/test/auto/Case.xml
----------------- Instantiating /home/travis/build/icyphy/ptII/ptolemy/actor/lib/hoc/test/auto/Case.xml
30 ms. Memory: 129024K Free: 72380K (56%)
----------------- Invoking toplevel() on ptolemy.moml.MoMLSimpleApplication@20c8e247
----------------- Done invoking toplevel() on ptolemy.moml.MoMLSimpleApplication@20c8e247
reloadAllAccessors: .Case

===========================================================================================
----------------- testing Sat Mar 14 07:14:21 UTC 2020 /home/travis/build/icyphy/ptII/ptolemy/actor/lib/hoc/test/auto/Case1.xml
----------------- Instantiating /home/travis/build/icyphy/ptII/ptolemy/actor/lib/hoc/test/auto/Case1.xml
15 ms. Memory: 129024K Free: 111629K (87%)
----------------- Invoking toplevel() on ptolemy.moml.MoMLSimpleApplication@3a780f96
----------------- Done invoking toplevel() on ptolemy.moml.MoMLSimpleApplication@3a780f96
reloadAllAccessors: .Case1

===========================================================================================
----------------- testing Sat Mar 14 07:14:21 UTC 2020 /home/travis/build/icyphy/ptII/ptolemy/actor/lib/hoc/test/auto/Case2.xml
----------------- Instantiating /home/travis/build/icyphy/ptII/ptolemy/actor/lib/hoc/test/auto/Case2.xml
29 ms. Memory: 129024K Free: 101157K (78%)
----------------- Invoking toplevel() on ptolemy.moml.MoMLSimpleApplication@325fe25c
----------------- Done invoking toplevel() on ptolemy.moml.MoMLSimpleApplication@325fe25c
reloadAllAccessors: .Case2

===========================================================================================
----------------- testing Sat Mar 14 07:14:21 UTC 2020 /home/travis/build/icyphy/ptII/ptolemy/actor/lib/hoc/test/auto/Case3.xml
----------------- Instantiating /home/travis/build/icyphy/ptII/ptolemy/actor/lib/hoc/test/auto/Case3.xml
9 ms. Memory: 129024K Free: 95253K (74%)
----------------- Invoking toplevel() on ptolemy.moml.MoMLSimpleApplication@34575b4f
----------------- Done invoking toplevel() on ptolemy.moml.MoMLSimpleApplication@34575b4f
reloadAllAccessors: .Case3

===========================================================================================
----------------- testing Sat Mar 14 07:14:21 UTC 2020 /home/travis/build/icyphy/ptII/ptolemy/actor/lib/hoc/test/auto/Case4.xml
----------------- Instantiating /home/travis/build/icyphy/ptII/ptolemy/actor/lib/hoc/test/auto/Case4.xml
8 ms. Memory: 129024K Free: 87344K (68%)
----------------- Invoking toplevel() on ptolemy.moml.MoMLSimpleApplication@585bf77e
----------------- Done invoking toplevel() on ptolemy.moml.MoMLSimpleApplication@585bf77e
reloadAllAccessors: .Case4

===========================================================================================
----------------- testing Sat Mar 14 07:14:21 UTC 2020 /home/travis/build/icyphy/ptII/ptolemy/actor/lib/hoc/test/auto/Case5.xml
----------------- Instantiating /home/travis/build/icyphy/ptII/ptolemy/actor/lib/hoc/test/auto/Case5.xml
31 ms. Memory: 129024K Free: 81200K (63%)
----------------- Invoking toplevel() on ptolemy.moml.MoMLSimpleApplication@42d037a
----------------- Done invoking toplevel() on ptolemy.moml.MoMLSimpleApplication@42d037a
reloadAllAccessors: .junk

===========================================================================================
----------------- testing Sat Mar 14 07:14:21 UTC 2020 /home/travis/build/icyphy/ptII/ptolemy/actor/lib/hoc/test/auto/Case6.xml
----------------- Instantiating /home/travis/build/icyphy/ptII/ptolemy/actor/lib/hoc/test/auto/Case6.xml
37 ms. Memory: 129024K Free: 69675K (54%)
----------------- Invoking toplevel() on ptolemy.moml.MoMLSimpleApplication@1f96c3bb
----------------- Done invoking toplevel() on ptolemy.moml.MoMLSimpleApplication@1f96c3bb
reloadAllAccessors: .Case6

===========================================================================================
----------------- testing Sat Mar 14 07:14:21 UTC 2020 /home/travis/build/icyphy/ptII/ptolemy/actor/lib/hoc/test/auto/CaseString2.xml
----------------- Instantiating /home/travis/build/icyphy/ptII/ptolemy/actor/lib/hoc/test/auto/CaseString2.xml
15 ms. Memory: 129024K Free: 113791K (88%)
----------------- Invoking toplevel() on ptolemy.moml.MoMLSimpleApplication@10ba29bd
----------------- Done invoking toplevel() on ptolemy.moml.MoMLSimpleApplication@10ba29bd
reloadAllAccessors: .CaseString2

===========================================================================================
----------------- testing Sat Mar 14 07:14:21 UTC 2020 /home/travis/build/icyphy/ptII/ptolemy/actor/lib/hoc/test/auto/CatchUpComposite1.xml
----------------- Instantiating /home/travis/build/icyphy/ptII/ptolemy/actor/lib/hoc/test/auto/CatchUpComposite1.xml
37 ms. Memory: 129024K Free: 104403K (81%)
----------------- Invoking toplevel() on ptolemy.moml.MoMLSimpleApplication@54302c72
----------------- Done invoking toplevel() on ptolemy.moml.MoMLSimpleApplication@54302c72
reloadAllAccessors: .CatchUpComposite1

===========================================================================================
----------------- testing Sat Mar 14 07:14:21 UTC 2020 /home/travis/build/icyphy/ptII/ptolemy/actor/lib/hoc/test/auto/CatchUpComposite2.xml
----------------- Instantiating /home/travis/build/icyphy/ptII/ptolemy/actor/lib/hoc/test/auto/CatchUpComposite2.xml
8 ms. Memory: 129024K Free: 96211K (75%)
----------------- Invoking toplevel() on ptolemy.moml.MoMLSimpleApplication@387116a9
----------------- Done invoking toplevel() on ptolemy.moml.MoMLSimpleApplication@387116a9
reloadAllAccessors: .CatchUpComposite2

===========================================================================================
----------------- testing Sat Mar 14 07:14:21 UTC 2020 /home/travis/build/icyphy/ptII/ptolemy/actor/lib/hoc/test/auto/CatchUpComposite3.xml
----------------- Instantiating /home/travis/build/icyphy/ptII/ptolemy/actor/lib/hoc/test/auto/CatchUpComposite3.xml
24 ms. Memory: 129024K Free: 87673K (68%)
----------------- Invoking toplevel() on ptolemy.moml.MoMLSimpleApplication@31cd796c
----------------- Done invoking toplevel() on ptolemy.moml.MoMLSimpleApplication@31cd796c
reloadAllAccessors: .CatchUpComposite3

===========================================================================================
----------------- testing Sat Mar 14 07:14:21 UTC 2020 /home/travis/build/icyphy/ptII/ptolemy/actor/lib/hoc/test/auto/CatchUpComposite4.xml
----------------- Instantiating /home/travis/build/icyphy/ptII/ptolemy/actor/lib/hoc/test/auto/CatchUpComposite4.xml
24 ms. Memory: 129024K Free: 79733K (62%)
----------------- Invoking toplevel() on ptolemy.moml.MoMLSimpleApplication@69b96502
----------------- Done invoking toplevel() on ptolemy.moml.MoMLSimpleApplication@69b96502
reloadAllAccessors: .CatchUpComposite4

===========================================================================================
----------------- testing Sat Mar 14 07:14:21 UTC 2020 /home/travis/build/icyphy/ptII/ptolemy/actor/lib/hoc/test/auto/CatchUpComposite5.xml
----------------- Instantiating /home/travis/build/icyphy/ptII/ptolemy/actor/lib/hoc/test/auto/CatchUpComposite5.xml
15 ms. Memory: 129024K Free: 72313K (56%)
----------------- Invoking toplevel() on ptolemy.moml.MoMLSimpleApplication@5f67b0d1
----------------- Done invoking toplevel() on ptolemy.moml.MoMLSimpleApplication@5f67b0d1
reloadAllAccessors: .CatchUpComposite5

===========================================================================================
----------------- testing Sat Mar 14 07:14:21 UTC 2020 /home/travis/build/icyphy/ptII/ptolemy/actor/lib/hoc/test/auto/CatchUpComposite6.xml
----------------- Instantiating /home/travis/build/icyphy/ptII/ptolemy/actor/lib/hoc/test/auto/CatchUpComposite6.xml
WARNING: The execution aspects in this model can influence the timing of actors by delaying the 
execution, potentially changing the behavior. There is no guarantee that actors fire at the 
time they request to be fired. 
Use Ptides for deterministic DE behavior that is not influenced by execution aspects. 

87 ms. Memory: 129024K Free: 57637K (45%)
----------------- Invoking toplevel() on ptolemy.moml.MoMLSimpleApplication@48354be1
----------------- Done invoking toplevel() on ptolemy.moml.MoMLSimpleApplication@48354be1
reloadAllAccessors: .CatchUpComposite6

===========================================================================================
----------------- testing Sat Mar 14 07:14:22 UTC 2020 /home/travis/build/icyphy/ptII/ptolemy/actor/lib/hoc/test/auto/CatchUpComposite7.xml
----------------- Instantiating /home/travis/build/icyphy/ptII/ptolemy/actor/lib/hoc/test/auto/CatchUpComposite7.xml
WARNING: The execution aspects in this model can influence the timing of actors by delaying the 
execution, potentially changing the behavior. There is no guarantee that actors fire at the 
time they request to be fired. 
Use Ptides for deterministic DE behavior that is not influenced by execution aspects. 

52 ms. Memory: 129024K Free: 110820K (86%)
----------------- Invoking toplevel() on ptolemy.moml.MoMLSimpleApplication@67b13497
----------------- Done invoking toplevel() on ptolemy.moml.MoMLSimpleApplication@67b13497
reloadAllAccessors: .CatchUpComposite7

===========================================================================================
----------------- testing Sat Mar 14 07:14:22 UTC 2020 /home/travis/build/icyphy/ptII/ptolemy/actor/lib/hoc/test/auto/ConcurrentExecutionTimeSDF.xml
----------------- Instantiating /home/travis/build/icyphy/ptII/ptolemy/actor/lib/hoc/test/auto/ConcurrentExecutionTimeSDF.xml
Fired ExecutionTime: 40400000
Fired ExecutionTime: 40400000
Fired ExecutionTime: 40400000
Fired ExecutionTime: 40400000
Fired ExecutionTime: 40400000
Fired ExecutionTime: 40400000
Fired ExecutionTime: 40400000
Fired ExecutionTime: 40400000
Fired ExecutionTime: 40400000
Fired ExecutionTime: 40400000
Fired ExecutionTime: 40400000
Fired ExecutionTime: 40400000
Fired ExecutionTime: 40400000
Fired ExecutionTime: 40400000
Fired ExecutionTime: 40400000
Fired ExecutionTime: 40400000
Fired ExecutionTime: 40400000
Fired ExecutionTime: 40400000
Fired ExecutionTime: 40400000
Fired ExecutionTime: 40400000
1026 ms. Memory: 129024K Free: 103652K (80%)
----------------- Invoking toplevel() on ptolemy.moml.MoMLSimpleApplication@6b017245
----------------- Done invoking toplevel() on ptolemy.moml.MoMLSimpleApplication@6b017245
reloadAllAccessors: .ConcurrentExecutionTimeSDF

===========================================================================================
----------------- testing Sat Mar 14 07:14:23 UTC 2020 /home/travis/build/icyphy/ptII/ptolemy/actor/lib/hoc/test/auto/ConcurrentSleep.xml
----------------- Instantiating /home/travis/build/icyphy/ptII/ptolemy/actor/lib/hoc/test/auto/ConcurrentSleep.xml
731 ms. Memory: 129024K Free: 93036K (72%)
----------------- Invoking toplevel() on ptolemy.moml.MoMLSimpleApplication@7c38d7dd
----------------- Done invoking toplevel() on ptolemy.moml.MoMLSimpleApplication@7c38d7dd
reloadAllAccessors: .ConcurrentSleep

===========================================================================================
----------------- testing Sat Mar 14 07:14:23 UTC 2020 /home/travis/build/icyphy/ptII/ptolemy/actor/lib/hoc/test/auto/DEInPNInRunCompositeActor.xml
----------------- Instantiating /home/travis/build/icyphy/ptII/ptolemy/actor/lib/hoc/test/auto/DEInPNInRunCompositeActor.xml
13 ms. Memory: 129024K Free: 87542K (68%)
----------------- Invoking toplevel() on ptolemy.moml.MoMLSimpleApplication@4d541fa3
----------------- Done invoking toplevel() on ptolemy.moml.MoMLSimpleApplication@4d541fa3
reloadAllAccessors: .DEInPNInRunCompositeActor

===========================================================================================
----------------- testing Sat Mar 14 07:14:23 UTC 2020 /home/travis/build/icyphy/ptII/ptolemy/actor/lib/hoc/test/auto/DFTSubSetTest.xml
----------------- Instantiating /home/travis/build/icyphy/ptII/ptolemy/actor/lib/hoc/test/auto/DFTSubSetTest.xml
163 ms. Memory: 129024K Free: 44908K (35%)
----------------- Invoking toplevel() on ptolemy.moml.MoMLSimpleApplication@6b5c34fc
----------------- Done invoking toplevel() on ptolemy.moml.MoMLSimpleApplication@6b5c34fc
reloadAllAccessors: .DFTSubSetTest

===========================================================================================
----------------- testing Sat Mar 14 07:14:24 UTC 2020 /home/travis/build/icyphy/ptII/ptolemy/actor/lib/hoc/test/auto/HocDE.xml
----------------- Instantiating /home/travis/build/icyphy/ptII/ptolemy/actor/lib/hoc/test/auto/HocDE.xml
125 ms. Memory: 162816K Free: 128137K (79%)
----------------- Invoking toplevel() on ptolemy.moml.MoMLSimpleApplication@2494c98a
----------------- Done invoking toplevel() on ptolemy.moml.MoMLSimpleApplication@2494c98a
reloadAllAccessors: .HocDE

===========================================================================================
----------------- testing Sat Mar 14 07:14:24 UTC 2020 /home/travis/build/icyphy/ptII/ptolemy/actor/lib/hoc/test/auto/IterateOverArray.xml
----------------- Instantiating /home/travis/build/icyphy/ptII/ptolemy/actor/lib/hoc/test/auto/IterateOverArray.xml
7 ms. Memory: 162816K Free: 123527K (76%)
----------------- Invoking toplevel() on ptolemy.moml.MoMLSimpleApplication@426e5d61
----------------- Done invoking toplevel() on ptolemy.moml.MoMLSimpleApplication@426e5d61
reloadAllAccessors: .IterateOverArray

===========================================================================================
----------------- testing Sat Mar 14 07:14:24 UTC 2020 /home/travis/build/icyphy/ptII/ptolemy/actor/lib/hoc/test/auto/IterateOverArray10.xml
----------------- Instantiating /home/travis/build/icyphy/ptII/ptolemy/actor/lib/hoc/test/auto/IterateOverArray10.xml
4 ms. Memory: 162816K Free: 120455K (74%)
----------------- Invoking toplevel() on ptolemy.moml.MoMLSimpleApplication@6fef4c1b
----------------- Done invoking toplevel() on ptolemy.moml.MoMLSimpleApplication@6fef4c1b
reloadAllAccessors: .IterateOverArray10

===========================================================================================
----------------- testing Sat Mar 14 07:14:24 UTC 2020 /home/travis/build/icyphy/ptII/ptolemy/actor/lib/hoc/test/auto/IterateOverArray11.xml
----------------- Instantiating /home/travis/build/icyphy/ptII/ptolemy/actor/lib/hoc/test/auto/IterateOverArray11.xml
6 ms. Memory: 162816K Free: 116359K (71%)
----------------- Invoking toplevel() on ptolemy.moml.MoMLSimpleApplication@717331f7
----------------- Done invoking toplevel() on ptolemy.moml.MoMLSimpleApplication@717331f7
reloadAllAccessors: .IterateOverArray11

===========================================================================================
----------------- testing Sat Mar 14 07:14:24 UTC 2020 /home/travis/build/icyphy/ptII/ptolemy/actor/lib/hoc/test/auto/IterateOverArray12.xml
----------------- Instantiating /home/travis/build/icyphy/ptII/ptolemy/actor/lib/hoc/test/auto/IterateOverArray12.xml
19 ms. Memory: 162816K Free: 110215K (68%)
----------------- Invoking toplevel() on ptolemy.moml.MoMLSimpleApplication@38ed7be6
----------------- Done invoking toplevel() on ptolemy.moml.MoMLSimpleApplication@38ed7be6
reloadAllAccessors: .IterateOverArray12

===========================================================================================
----------------- testing Sat Mar 14 07:14:24 UTC 2020 /home/travis/build/icyphy/ptII/ptolemy/actor/lib/hoc/test/auto/IterateOverArray13.xml
----------------- Instantiating /home/travis/build/icyphy/ptII/ptolemy/actor/lib/hoc/test/auto/IterateOverArray13.xml
67 ms. Memory: 162816K Free: 81033K (50%)
----------------- Invoking toplevel() on ptolemy.moml.MoMLSimpleApplication@2bd84222
----------------- Done invoking toplevel() on ptolemy.moml.MoMLSimpleApplication@2bd84222
reloadAllAccessors: .IterateOverArray13

===========================================================================================
----------------- testing Sat Mar 14 07:14:24 UTC 2020 /home/travis/build/icyphy/ptII/ptolemy/actor/lib/hoc/test/auto/IterateOverArray14.xml
----------------- Instantiating /home/travis/build/icyphy/ptII/ptolemy/actor/lib/hoc/test/auto/IterateOverArray14.xml
63 ms. Memory: 162816K Free: 135043K (83%)
----------------- Invoking toplevel() on ptolemy.moml.MoMLSimpleApplication@3a8d4960
----------------- Done invoking toplevel() on ptolemy.moml.MoMLSimpleApplication@3a8d4960
reloadAllAccessors: .IterateOverArray14

===========================================================================================
----------------- testing Sat Mar 14 07:14:24 UTC 2020 /home/travis/build/icyphy/ptII/ptolemy/actor/lib/hoc/test/auto/IterateOverArray2.xml
----------------- Instantiating /home/travis/build/icyphy/ptII/ptolemy/actor/lib/hoc/test/auto/IterateOverArray2.xml
7 ms. Memory: 162816K Free: 130433K (80%)
----------------- Invoking toplevel() on ptolemy.moml.MoMLSimpleApplication@35d3c6e
----------------- Done invoking toplevel() on ptolemy.moml.MoMLSimpleApplication@35d3c6e
reloadAllAccessors: .IterateOverArray2

===========================================================================================
----------------- testing Sat Mar 14 07:14:24 UTC 2020 /home/travis/build/icyphy/ptII/ptolemy/actor/lib/hoc/test/auto/IterateOverArray3.xml
----------------- Instantiating /home/travis/build/icyphy/ptII/ptolemy/actor/lib/hoc/test/auto/IterateOverArray3.xml
16 ms. Memory: 162816K Free: 124289K (76%)
----------------- Invoking toplevel() on ptolemy.moml.MoMLSimpleApplication@4426ae47
----------------- Done invoking toplevel() on ptolemy.moml.MoMLSimpleApplication@4426ae47
reloadAllAccessors: .IterateOverArray3

===========================================================================================
----------------- testing Sat Mar 14 07:14:24 UTC 2020 /home/travis/build/icyphy/ptII/ptolemy/actor/lib/hoc/test/auto/IterateOverArray4.xml
----------------- Instantiating /home/travis/build/icyphy/ptII/ptolemy/actor/lib/hoc/test/auto/IterateOverArray4.xml
4 ms. Memory: 162816K Free: 120193K (74%)
----------------- Invoking toplevel() on ptolemy.moml.MoMLSimpleApplication@51bbe787
----------------- Done invoking toplevel() on ptolemy.moml.MoMLSimpleApplication@51bbe787
reloadAllAccessors: .IterateOverArray4

===========================================================================================
----------------- testing Sat Mar 14 07:14:24 UTC 2020 /home/travis/build/icyphy/ptII/ptolemy/actor/lib/hoc/test/auto/IterateOverArray5.xml
----------------- Instantiating /home/travis/build/icyphy/ptII/ptolemy/actor/lib/hoc/test/auto/IterateOverArray5.xml
2 ms. Memory: 162816K Free: 116097K (71%)
----------------- Invoking toplevel() on ptolemy.moml.MoMLSimpleApplication@4e4e5056
----------------- Done invoking toplevel() on ptolemy.moml.MoMLSimpleApplication@4e4e5056
reloadAllAccessors: .IterateOverArray5

===========================================================================================
----------------- testing Sat Mar 14 07:14:24 UTC 2020 /home/travis/build/icyphy/ptII/ptolemy/actor/lib/hoc/test/auto/IterateOverArray6.xml
----------------- Instantiating /home/travis/build/icyphy/ptII/ptolemy/actor/lib/hoc/test/auto/IterateOverArray6.xml
3 ms. Memory: 162816K Free: 113025K (69%)
----------------- Invoking toplevel() on ptolemy.moml.MoMLSimpleApplication@5796bda9
----------------- Done invoking toplevel() on ptolemy.moml.MoMLSimpleApplication@5796bda9
reloadAllAccessors: .IterateOverArray6

===========================================================================================
----------------- testing Sat Mar 14 07:14:24 UTC 2020 /home/travis/build/icyphy/ptII/ptolemy/actor/lib/hoc/test/auto/IterateOverArray7.xml
----------------- Instantiating /home/travis/build/icyphy/ptII/ptolemy/actor/lib/hoc/test/auto/IterateOverArray7.xml
4 ms. Memory: 162816K Free: 108419K (67%)
----------------- Invoking toplevel() on ptolemy.moml.MoMLSimpleApplication@7dae0a19
----------------- Done invoking toplevel() on ptolemy.moml.MoMLSimpleApplication@7dae0a19
reloadAllAccessors: .IterateOverArray7

===========================================================================================
----------------- testing Sat Mar 14 07:14:24 UTC 2020 /home/travis/build/icyphy/ptII/ptolemy/actor/lib/hoc/test/auto/IterateOverArray8.xml
----------------- Instantiating /home/travis/build/icyphy/ptII/ptolemy/actor/lib/hoc/test/auto/IterateOverArray8.xml
4 ms. Memory: 162816K Free: 104323K (64%)
----------------- Invoking toplevel() on ptolemy.moml.MoMLSimpleApplication@33b86f8a
----------------- Done invoking toplevel() on ptolemy.moml.MoMLSimpleApplication@33b86f8a
reloadAllAccessors: .IterateOverArray8

===========================================================================================
----------------- testing Sat Mar 14 07:14:24 UTC 2020 /home/travis/build/icyphy/ptII/ptolemy/actor/lib/hoc/test/auto/IterateOverArray9.xml
----------------- Instantiating /home/travis/build/icyphy/ptII/ptolemy/actor/lib/hoc/test/auto/IterateOverArray9.xml
6 ms. Memory: 162816K Free: 100227K (62%)
----------------- Invoking toplevel() on ptolemy.moml.MoMLSimpleApplication@13e8d36d
----------------- Done invoking toplevel() on ptolemy.moml.MoMLSimpleApplication@13e8d36d
reloadAllAccessors: .IterateOverArray9

===========================================================================================
----------------- testing Sat Mar 14 07:14:25 UTC 2020 /home/travis/build/icyphy/ptII/ptolemy/actor/lib/hoc/test/auto/IterateOverArrayCoercedOutputType.xml
----------------- Instantiating /home/travis/build/icyphy/ptII/ptolemy/actor/lib/hoc/test/auto/IterateOverArrayCoercedOutputType.xml
4 ms. Memory: 162816K Free: 95107K (58%)
----------------- Invoking toplevel() on ptolemy.moml.MoMLSimpleApplication@79f5ece5
----------------- Done invoking toplevel() on ptolemy.moml.MoMLSimpleApplication@79f5ece5
reloadAllAccessors: .IterateOverArrayCoercedOutputType

===========================================================================================
----------------- testing Sat Mar 14 07:14:25 UTC 2020 /home/travis/build/icyphy/ptII/ptolemy/actor/lib/hoc/test/auto/IterateOverArrayInferredOutputType.xml
----------------- Instantiating /home/travis/build/icyphy/ptII/ptolemy/actor/lib/hoc/test/auto/IterateOverArrayInferredOutputType.xml
5 ms. Memory: 162816K Free: 90497K (56%)
----------------- Invoking toplevel() on ptolemy.moml.MoMLSimpleApplication@5c83ff28
----------------- Done invoking toplevel() on ptolemy.moml.MoMLSimpleApplication@5c83ff28
reloadAllAccessors: .IterateOverArrayInferredOutputType

===========================================================================================
----------------- testing Sat Mar 14 07:14:25 UTC 2020 /home/travis/build/icyphy/ptII/ptolemy/actor/lib/hoc/test/auto/MobileFunctionTest.xml
----------------- Instantiating /home/travis/build/icyphy/ptII/ptolemy/actor/lib/hoc/test/auto/MobileFunctionTest.xml
3 ms. Memory: 162816K Free: 85891K (53%)
----------------- Invoking toplevel() on ptolemy.moml.MoMLSimpleApplication@4376782b
----------------- Done invoking toplevel() on ptolemy.moml.MoMLSimpleApplication@4376782b
reloadAllAccessors: .MobileFunctionTest

===========================================================================================
----------------- testing Sat Mar 14 07:14:25 UTC 2020 /home/travis/build/icyphy/ptII/ptolemy/actor/lib/hoc/test/auto/MobileModelTest.xml
----------------- Instantiating /home/travis/build/icyphy/ptII/ptolemy/actor/lib/hoc/test/auto/MobileModelTest.xml
158 ms. Memory: 162816K Free: 64897K (40%)
----------------- Invoking toplevel() on ptolemy.moml.MoMLSimpleApplication@3dea5b5f
----------------- Done invoking toplevel() on ptolemy.moml.MoMLSimpleApplication@3dea5b5f
reloadAllAccessors: .MobileModelTest

===========================================================================================
----------------- testing Sat Mar 14 07:14:25 UTC 2020 /home/travis/build/icyphy/ptII/ptolemy/actor/lib/hoc/test/auto/ModelReference.xml
----------------- Instantiating /home/travis/build/icyphy/ptII/ptolemy/actor/lib/hoc/test/auto/ModelReference.xml
2 ms. Memory: 162816K Free: 58243K (36%)
4 ms. Memory: 162816K Free: 57699K (35%)
1 ms. Memory: 162816K Free: 56691K (35%)
2 ms. Memory: 162816K Free: 55667K (34%)
1 ms. Memory: 162816K Free: 55171K (34%)
2 ms. Memory: 162816K Free: 54147K (33%)
1 ms. Memory: 162816K Free: 53603K (33%)
12 ms. Memory: 162816K Free: 146885K (90%)
2 ms. Memory: 162816K Free: 145861K (90%)
2 ms. Memory: 162816K Free: 145184K (89%)
35 ms. Memory: 162816K Free: 145184K (89%)
----------------- Invoking toplevel() on ptolemy.moml.MoMLSimpleApplication@64ac0907
----------------- Done invoking toplevel() on ptolemy.moml.MoMLSimpleApplication@64ac0907
reloadAllAccessors: .ModelReference

===========================================================================================
----------------- testing Sat Mar 14 07:14:25 UTC 2020 /home/travis/build/icyphy/ptII/ptolemy/actor/lib/hoc/test/auto/ModelReference3.xml
----------------- Instantiating /home/travis/build/icyphy/ptII/ptolemy/actor/lib/hoc/test/auto/ModelReference3.xml
1 ms. Memory: 162816K Free: 140064K (86%)
3 ms. Memory: 162816K Free: 139506K (86%)
1 ms. Memory: 162816K Free: 138526K (85%)
3 ms. Memory: 162816K Free: 138016K (85%)
3 ms. Memory: 162816K Free: 136992K (84%)
1 ms. Memory: 162816K Free: 135968K (84%)
3 ms. Memory: 162816K Free: 135448K (83%)
2 ms. Memory: 162816K Free: 134430K (83%)
1 ms. Memory: 162816K Free: 133920K (82%)
1 ms. Memory: 162816K Free: 132896K (82%)
28 ms. Memory: 162816K Free: 132896K (82%)
----------------- Invoking toplevel() on ptolemy.moml.MoMLSimpleApplication@3a4bc7ea
----------------- Done invoking toplevel() on ptolemy.moml.MoMLSimpleApplication@3a4bc7ea
reloadAllAccessors: .ModelReference3

===========================================================================================
----------------- testing Sat Mar 14 07:14:25 UTC 2020 /home/travis/build/icyphy/ptII/ptolemy/actor/lib/hoc/test/auto/ModelReference4.xml
----------------- Instantiating /home/travis/build/icyphy/ptII/ptolemy/actor/lib/hoc/test/auto/ModelReference4.xml
3 ms. Memory: 162816K Free: 128272K (79%)
1 ms. Memory: 162816K Free: 126752K (78%)
1 ms. Memory: 162816K Free: 125728K (77%)
2 ms. Memory: 162816K Free: 124184K (76%)
2 ms. Memory: 162816K Free: 123152K (76%)
2 ms. Memory: 162816K Free: 122136K (75%)
3 ms. Memory: 162816K Free: 120608K (74%)
2 ms. Memory: 162816K Free: 119584K (73%)
2 ms. Memory: 162816K Free: 118040K (72%)
1 ms. Memory: 162816K Free: 117008K (72%)
10015 ms. Memory: 162816K Free: 117008K (72%)
----------------- Invoking toplevel() on ptolemy.moml.MoMLSimpleApplication@563d122c
----------------- Done invoking toplevel() on ptolemy.moml.MoMLSimpleApplication@563d122c
reloadAllAccessors: .ModelReference4

===========================================================================================
----------------- testing Sat Mar 14 07:14:35 UTC 2020 /home/travis/build/icyphy/ptII/ptolemy/actor/lib/hoc/test/auto/MultiInstanceComposite.xml
----------------- Instantiating /home/travis/build/icyphy/ptII/ptolemy/actor/lib/hoc/test/auto/MultiInstanceComposite.xml
28 ms. Memory: 162816K Free: 97566K (60%)
----------------- Invoking toplevel() on ptolemy.moml.MoMLSimpleApplication@4f37adbe
----------------- Done invoking toplevel() on ptolemy.moml.MoMLSimpleApplication@4f37adbe
reloadAllAccessors: .MultiInstanceComposite

===========================================================================================
----------------- testing Sat Mar 14 07:14:35 UTC 2020 /home/travis/build/icyphy/ptII/ptolemy/actor/lib/hoc/test/auto/MultiInstanceComposite2.xml
----------------- Instantiating /home/travis/build/icyphy/ptII/ptolemy/actor/lib/hoc/test/auto/MultiInstanceComposite2.xml
15 ms. Memory: 162816K Free: 86302K (53%)
----------------- Invoking toplevel() on ptolemy.moml.MoMLSimpleApplication@7a3e3e2c
----------------- Done invoking toplevel() on ptolemy.moml.MoMLSimpleApplication@7a3e3e2c
reloadAllAccessors: .MultiInstanceComposite2

===========================================================================================
----------------- testing Sat Mar 14 07:14:35 UTC 2020 /home/travis/build/icyphy/ptII/ptolemy/actor/lib/hoc/test/auto/MulticoreExecution.xml
----------------- Instantiating /home/travis/build/icyphy/ptII/ptolemy/actor/lib/hoc/test/auto/MulticoreExecution.xml
Fired ExecutionTime: 4400000
Fired ExecutionTime: 2400000
Fired ExecutionTime: 2800000
Fired ExecutionTime: 2400000
Fired ExecutionTime: 111600000
Fired ExecutionTime: 62000000
Fired ExecutionTime: 109200000
Fired ExecutionTime: 110800000
Fired ExecutionTime: 110800000
Fired ExecutionTime: 80800000
Fired ExecutionTime: 112400000
Fired ExecutionTime: 113200000
Fired ExecutionTime: 109200000
Fired ExecutionTime: 110800000
Fired ExecutionTime: 109600000
Fired ExecutionTime: 109600000
Fired ExecutionTime: 109600000
Fired ExecutionTime: 100000000
Fired ExecutionTime: 106400000
Fired ExecutionTime: 112400000
1057 ms. Memory: 162816K Free: 77600K (48%)
----------------- Invoking toplevel() on ptolemy.moml.MoMLSimpleApplication@2b3b6ed
----------------- Done invoking toplevel() on ptolemy.moml.MoMLSimpleApplication@2b3b6ed
reloadAllAccessors: .MulticoreExecution

===========================================================================================
----------------- testing Sat Mar 14 07:14:36 UTC 2020 /home/travis/build/icyphy/ptII/ptolemy/actor/lib/hoc/test/auto/ParallelExecution.xml
----------------- Instantiating /home/travis/build/icyphy/ptII/ptolemy/actor/lib/hoc/test/auto/ParallelExecution.xml
915 ms. Memory: 162816K Free: 69918K (43%)
----------------- Invoking toplevel() on ptolemy.moml.MoMLSimpleApplication@41ce889e
----------------- Done invoking toplevel() on ptolemy.moml.MoMLSimpleApplication@41ce889e
reloadAllAccessors: .ParallelExecution

===========================================================================================
----------------- testing Sat Mar 14 07:14:37 UTC 2020 /home/travis/build/icyphy/ptII/ptolemy/actor/lib/hoc/test/auto/RunCompositeActor.xml
----------------- Instantiating /home/travis/build/icyphy/ptII/ptolemy/actor/lib/hoc/test/auto/RunCompositeActor.xml
7 ms. Memory: 162816K Free: 62720K (39%)
----------------- Invoking toplevel() on ptolemy.moml.MoMLSimpleApplication@176dcc31
----------------- Done invoking toplevel() on ptolemy.moml.MoMLSimpleApplication@176dcc31
reloadAllAccessors: .RunCompositeActor

===========================================================================================
----------------- testing Sat Mar 14 07:14:37 UTC 2020 /home/travis/build/icyphy/ptII/ptolemy/actor/lib/hoc/test/auto/RunCompositeActor2.xml
----------------- Instantiating /home/travis/build/icyphy/ptII/ptolemy/actor/lib/hoc/test/auto/RunCompositeActor2.xml
3 ms. Memory: 162816K Free: 56592K (35%)
----------------- Invoking toplevel() on ptolemy.moml.MoMLSimpleApplication@61b6d02
----------------- Done invoking toplevel() on ptolemy.moml.MoMLSimpleApplication@61b6d02
reloadAllAccessors: .RunCompositeActor2

===========================================================================================
----------------- testing Sat Mar 14 07:14:37 UTC 2020 /home/travis/build/icyphy/ptII/ptolemy/actor/lib/hoc/test/auto/RunCompositeActor3.xml
----------------- Instantiating /home/travis/build/icyphy/ptII/ptolemy/actor/lib/hoc/test/auto/RunCompositeActor3.xml
4 ms. Memory: 162816K Free: 145239K (89%)
----------------- Invoking toplevel() on ptolemy.moml.MoMLSimpleApplication@576fddf
----------------- Done invoking toplevel() on ptolemy.moml.MoMLSimpleApplication@576fddf
reloadAllAccessors: .RunCompositeActor3

===========================================================================================
----------------- testing Sat Mar 14 07:14:37 UTC 2020 /home/travis/build/icyphy/ptII/ptolemy/actor/lib/hoc/test/auto/RunCompositeActor4.xml
----------------- Instantiating /home/travis/build/icyphy/ptII/ptolemy/actor/lib/hoc/test/auto/RunCompositeActor4.xml
10 ms. Memory: 162816K Free: 137047K (84%)
----------------- Invoking toplevel() on ptolemy.moml.MoMLSimpleApplication@1924b83
----------------- Done invoking toplevel() on ptolemy.moml.MoMLSimpleApplication@1924b83
reloadAllAccessors: .RunCompositeActor4

===========================================================================================
----------------- testing Sat Mar 14 07:14:37 UTC 2020 /home/travis/build/icyphy/ptII/ptolemy/actor/lib/hoc/test/auto/RunCompositeIterateOverArray.xml
----------------- Instantiating /home/travis/build/icyphy/ptII/ptolemy/actor/lib/hoc/test/auto/RunCompositeIterateOverArray.xml
7 ms. Memory: 162816K Free: 130903K (80%)
----------------- Invoking toplevel() on ptolemy.moml.MoMLSimpleApplication@3f7cf2ab
----------------- Done invoking toplevel() on ptolemy.moml.MoMLSimpleApplication@3f7cf2ab
reloadAllAccessors: .RunCompositeIterateOverArray

===========================================================================================
----------------- testing Sat Mar 14 07:14:37 UTC 2020 /home/travis/build/icyphy/ptII/ptolemy/actor/lib/hoc/test/auto/ThreadedJS.xml
----------------- Instantiating /home/travis/build/icyphy/ptII/ptolemy/actor/lib/hoc/test/auto/ThreadedJS.xml
5252 ms. Memory: 235520K Free: 99840K (42%)
----------------- Invoking toplevel() on ptolemy.moml.MoMLSimpleApplication@28d4a790
----------------- Done invoking toplevel() on ptolemy.moml.MoMLSimpleApplication@28d4a790
reloadAllAccessors: .ThreadedJS
AutoTests.java: About to close Vertx.
AutoTests.java: Vertx closed.
]]></system-out>
  <system-err><![CDATA[java.lang.RuntimeException: Execution failed
	at ptolemy.moml.MoMLSimpleApplication$UnloadThread.run(MoMLSimpleApplication.java:402)
Caused by: ptolemy.kernel.util.IllegalActionException: initialize() was called after wrapup() was called but preinitialize() was not called after wrapup().
	at ptolemy.actor.lib.hoc.test.PreinitializeMustBeInvoked.initialize(PreinitializeMustBeInvoked.java:78)
	at ptolemy.actor.Director.initialize(Director.java:938)
	at ptolemy.actor.Director.initialize(Director.java:907)
	at ptolemy.actor.sched.StaticSchedulingDirector.initialize(StaticSchedulingDirector.java:159)
	at ptolemy.domains.sdf.kernel.SDFDirector.initialize(SDFDirector.java:544)
	at ptolemy.actor.CompositeActor.initialize(CompositeActor.java:935)
	at ptolemy.actor.lib.hoc.LifeCycleManager._executeInsideModel(LifeCycleManager.java:339)
	at ptolemy.actor.lib.hoc.RunCompositeActor.fire(RunCompositeActor.java:205)
	at ptolemy.actor.CompositeActor.iterate(CompositeActor.java:1146)
	at ptolemy.actor.sched.StaticSchedulingDirector.fire(StaticSchedulingDirector.java:216)
	at ptolemy.domains.sdf.kernel.SDFDirector.fire(SDFDirector.java:500)
	at ptolemy.actor.CompositeActor.fire(CompositeActor.java:455)
	at ptolemy.actor.Manager.iterate(Manager.java:851)
	at ptolemy.actor.Manager.execute(Manager.java:369)
	at ptolemy.actor.Manager.run(Manager.java:1263)
	at ptolemy.actor.Manager$PtolemyRunThread.run(Manager.java:1933)
java.lang.reflect.InvocationTargetException
	at java.base/jdk.internal.reflect.NativeConstructorAccessorImpl.newInstance0(Native Method)
	at java.base/jdk.internal.reflect.NativeConstructorAccessorImpl.newInstance(NativeConstructorAccessorImpl.java:62)
	at java.base/jdk.internal.reflect.DelegatingConstructorAccessorImpl.newInstance(DelegatingConstructorAccessorImpl.java:45)
	at java.base/java.lang.reflect.Constructor.newInstance(Constructor.java:490)
	at ptolemy.util.test.junit.AutoKnownFailedTests.RunModel(AutoKnownFailedTests.java:105)
	at java.base/jdk.internal.reflect.NativeMethodAccessorImpl.invoke0(Native Method)
	at java.base/jdk.internal.reflect.NativeMethodAccessorImpl.invoke(NativeMethodAccessorImpl.java:62)
	at java.base/jdk.internal.reflect.DelegatingMethodAccessorImpl.invoke(DelegatingMethodAccessorImpl.java:43)
	at java.base/java.lang.reflect.Method.invoke(Method.java:566)
	at org.junit.runners.model.FrameworkMethod$1.runReflectiveCall(FrameworkMethod.java:44)
	at org.junit.internal.runners.model.ReflectiveCallable.run(ReflectiveCallable.java:15)
	at org.junit.runners.model.FrameworkMethod.invokeExplosively(FrameworkMethod.java:41)
	at junitparams.internal.InvokeParameterisedMethod.evaluate(InvokeParameterisedMethod.java:102)
	at org.junit.internal.runners.statements.FailOnTimeout$1.run(FailOnTimeout.java:28)
Caused by: ptolemy.kernel.util.IllegalActionException: initialize() was called after wrapup() was called but preinitialize() was not called after wrapup().
	at ptolemy.actor.lib.hoc.test.PreinitializeMustBeInvoked.initialize(PreinitializeMustBeInvoked.java:78)
	at ptolemy.actor.Director.initialize(Director.java:938)
	at ptolemy.actor.Director.initialize(Director.java:907)
	at ptolemy.actor.sched.StaticSchedulingDirector.initialize(StaticSchedulingDirector.java:159)
	at ptolemy.domains.sdf.kernel.SDFDirector.initialize(SDFDirector.java:544)
	at ptolemy.actor.CompositeActor.initialize(CompositeActor.java:935)
	at ptolemy.actor.lib.hoc.LifeCycleManager._executeInsideModel(LifeCycleManager.java:339)
	at ptolemy.actor.lib.hoc.RunCompositeActor.fire(RunCompositeActor.java:205)
	at ptolemy.actor.CompositeActor.iterate(CompositeActor.java:1146)
	at ptolemy.actor.sched.StaticSchedulingDirector.fire(StaticSchedulingDirector.java:216)
	at ptolemy.domains.sdf.kernel.SDFDirector.fire(SDFDirector.java:500)
	at ptolemy.actor.CompositeActor.fire(CompositeActor.java:455)
	at ptolemy.actor.Manager.iterate(Manager.java:851)
	at ptolemy.actor.Manager.execute(Manager.java:369)
	at ptolemy.actor.Manager.run(Manager.java:1263)
	at ptolemy.actor.Manager$PtolemyRunThread.run(Manager.java:1933)
Warning: Nashorn engine is planned to be removed from a future JDK release
Warning: Nashorn engine is planned to be removed from a future JDK release
Warning: Nashorn engine is planned to be removed from a future JDK release
Warning: Nashorn engine is planned to be removed from a future JDK release
Warning: Nashorn engine is planned to be removed from a future JDK release
Warning: Nashorn engine is planned to be removed from a future JDK release
Warning: Nashorn engine is planned to be removed from a future JDK release
Warning: Nashorn engine is planned to be removed from a future JDK release
]]></system-err>
</testsuite>
