<?xml version="1.0" encoding="UTF-8" ?>
<testsuite errors="0" failures="0" hostname="travis-job-0d4a2b1d-7075-4a38-bfad-a2ecb58ab5d4" name="ptolemy.domains.de.test.junit.JUnitTclTest" skipped="0" tests="101" time="129.513" timestamp="2018-07-22T01:44:23">
  <properties>
[...]
</properties>
  <testcase classname="ptolemy.util.test.junit.TclTests" name="[0] /home/travis/build/icyphy/ptII/ptolemy/domains/de/test/DependencyLoop.tcl (RunTclFile)" time="0.797" />
  <testcase classname="ptolemy.util.test.junit.TclTests" name="[1] /home/travis/build/icyphy/ptII/ptolemy/domains/de/test/RunDETestsAsQSS.tcl (RunTclFile)" time="88.818" />
  <testcase classname="ptolemy.util.test.junit.AutoKnownFailedTests" name="[0] /home/travis/build/icyphy/ptII/ptolemy/domains/de/test/auto/knownFailedTests/DESDFClockTest.xml (RunModel)" time="2.037" />
  <testcase classname="ptolemy.util.test.junit.AutoKnownFailedTests" name="[1] /home/travis/build/icyphy/ptII/ptolemy/domains/de/test/auto/knownFailedTests/DirectFeedback.xml (RunModel)" time="0.009" />
  <testcase classname="ptolemy.util.test.junit.AutoKnownFailedTests" name="[2] /home/travis/build/icyphy/ptII/ptolemy/domains/de/test/auto/knownFailedTests/FSMSource.xml (RunModel)" time="0.023" />
  <testcase classname="ptolemy.util.test.junit.AutoKnownFailedTests" name="[3] /home/travis/build/icyphy/ptII/ptolemy/domains/de/test/auto/knownFailedTests/HierarchicalModel.xml (RunModel)" time="0.037" />
  <testcase classname="ptolemy.util.test.junit.AutoKnownFailedTests" name="[4] /home/travis/build/icyphy/ptII/ptolemy/domains/de/test/auto/knownFailedTests/dependencyLoop.xml (RunModel)" time="0.031" />
  <testcase classname="ptolemy.util.test.junit.AutoKnownFailedTests" name="[5] /home/travis/build/icyphy/ptII/ptolemy/domains/de/test/auto/knownFailedTests/dependencyLoop2.xml (RunModel)" time="0.028" />
  <testcase classname="ptolemy.util.test.junit.AutoNameArchTests" name="[0] ThereAreNoAutoArchTests (RunModel)" time="0.006" />
  <testcase classname="ptolemy.util.test.junit.AutoTests" name="[0] /home/travis/build/icyphy/ptII/ptolemy/domains/de/test/auto/ActorDepthCalculation_actorWithoutPorts.xml (RunModel)" time="0.014" />
  <testcase classname="ptolemy.util.test.junit.AutoTests" name="[1] /home/travis/build/icyphy/ptII/ptolemy/domains/de/test/auto/AssemblyLine.xml (RunModel)" time="0.015" />
  <testcase classname="ptolemy.util.test.junit.AutoTests" name="[2] /home/travis/build/icyphy/ptII/ptolemy/domains/de/test/auto/CQBug1.xml (RunModel)" time="0.01" />
  <testcase classname="ptolemy.util.test.junit.AutoTests" name="[3] /home/travis/build/icyphy/ptII/ptolemy/domains/de/test/auto/CancelFireAt.xml (RunModel)" time="0.01" />
  <testcase classname="ptolemy.util.test.junit.AutoTests" name="[4] /home/travis/build/icyphy/ptII/ptolemy/domains/de/test/auto/CausalityAndComposabilityAnalysis.xml (RunModel)" time="0.011" />
  <testcase classname="ptolemy.util.test.junit.AutoTests" name="[5] /home/travis/build/icyphy/ptII/ptolemy/domains/de/test/auto/CausalityInterface1.xml (RunModel)" time="0.011" />
  <testcase classname="ptolemy.util.test.junit.AutoTests" name="[6] /home/travis/build/icyphy/ptII/ptolemy/domains/de/test/auto/CausalityInterface15.xml (RunModel)" time="0.011" />
  <testcase classname="ptolemy.util.test.junit.AutoTests" name="[7] /home/travis/build/icyphy/ptII/ptolemy/domains/de/test/auto/CausalityInterface2.xml (RunModel)" time="0.007" />
  <testcase classname="ptolemy.util.test.junit.AutoTests" name="[8] /home/travis/build/icyphy/ptII/ptolemy/domains/de/test/auto/CausalityInterface3.xml (RunModel)" time="0.008" />
  <testcase classname="ptolemy.util.test.junit.AutoTests" name="[9] /home/travis/build/icyphy/ptII/ptolemy/domains/de/test/auto/ClockDrift.xml (RunModel)" time="0.023" />
  <testcase classname="ptolemy.util.test.junit.AutoTests" name="[10] /home/travis/build/icyphy/ptII/ptolemy/domains/de/test/auto/ClockDriftAndValueChange.xml (RunModel)" time="0.021" />
  <testcase classname="ptolemy.util.test.junit.AutoTests" name="[11] /home/travis/build/icyphy/ptII/ptolemy/domains/de/test/auto/ClockDriftChange.xml (RunModel)" time="0.018" />
  <testcase classname="ptolemy.util.test.junit.AutoTests" name="[12] /home/travis/build/icyphy/ptII/ptolemy/domains/de/test/auto/ComposableCausalityAnalysis.xml (RunModel)" time="0.013" />
  <testcase classname="ptolemy.util.test.junit.AutoTests" name="[13] /home/travis/build/icyphy/ptII/ptolemy/domains/de/test/auto/DEFixedPointLimitation.xml (RunModel)" time="0.006" />
  <testcase classname="ptolemy.util.test.junit.AutoTests" name="[14] /home/travis/build/icyphy/ptII/ptolemy/domains/de/test/auto/DEScheduleTest.xml (RunModel)" time="0.007" />
  <testcase classname="ptolemy.util.test.junit.AutoTests" name="[15] /home/travis/build/icyphy/ptII/ptolemy/domains/de/test/auto/DEinDEwithStartTimes.xml (RunModel)" time="0.008" />
  <testcase classname="ptolemy.util.test.junit.AutoTests" name="[16] /home/travis/build/icyphy/ptII/ptolemy/domains/de/test/auto/DEinDEwithStartTimes2.xml (RunModel)" time="0.009" />
  <testcase classname="ptolemy.util.test.junit.AutoTests" name="[17] /home/travis/build/icyphy/ptII/ptolemy/domains/de/test/auto/DateDemo.xml (RunModel)" time="0.019" />
  <testcase classname="ptolemy.util.test.junit.AutoTests" name="[18] /home/travis/build/icyphy/ptII/ptolemy/domains/de/test/auto/DateToEvent.xml (RunModel)" time="2.028" />
  <testcase classname="ptolemy.util.test.junit.AutoTests" name="[19] /home/travis/build/icyphy/ptII/ptolemy/domains/de/test/auto/DepthTest1.xml (RunModel)" time="0.021" />
  <testcase classname="ptolemy.util.test.junit.AutoTests" name="[20] /home/travis/build/icyphy/ptII/ptolemy/domains/de/test/auto/DepthTest2.xml (RunModel)" time="0.028" />
  <testcase classname="ptolemy.util.test.junit.AutoTests" name="[21] /home/travis/build/icyphy/ptII/ptolemy/domains/de/test/auto/DepthTest3.xml (RunModel)" time="0.009" />
  <testcase classname="ptolemy.util.test.junit.AutoTests" name="[22] /home/travis/build/icyphy/ptII/ptolemy/domains/de/test/auto/DepthTest4.xml (RunModel)" time="0.014" />
  <testcase classname="ptolemy.util.test.junit.AutoTests" name="[23] /home/travis/build/icyphy/ptII/ptolemy/domains/de/test/auto/DepthTest5.xml (RunModel)" time="0.02" />
  <testcase classname="ptolemy.util.test.junit.AutoTests" name="[24] /home/travis/build/icyphy/ptII/ptolemy/domains/de/test/auto/DepthTest6.xml (RunModel)" time="0.02" />
  <testcase classname="ptolemy.util.test.junit.AutoTests" name="[25] /home/travis/build/icyphy/ptII/ptolemy/domains/de/test/auto/DepthTest7.xml (RunModel)" time="0.018" />
  <testcase classname="ptolemy.util.test.junit.AutoTests" name="[26] /home/travis/build/icyphy/ptII/ptolemy/domains/de/test/auto/EventToDate.xml (RunModel)" time="3.043" />
  <testcase classname="ptolemy.util.test.junit.AutoTests" name="[27] /home/travis/build/icyphy/ptII/ptolemy/domains/de/test/auto/FSM1.xml (RunModel)" time="0.032" />
  <testcase classname="ptolemy.util.test.junit.AutoTests" name="[28] /home/travis/build/icyphy/ptII/ptolemy/domains/de/test/auto/FSM7.xml (RunModel)" time="0.035" />
  <testcase classname="ptolemy.util.test.junit.AutoTests" name="[29] /home/travis/build/icyphy/ptII/ptolemy/domains/de/test/auto/Inspection.xml (RunModel)" time="0.062" />
  <testcase classname="ptolemy.util.test.junit.AutoTests" name="[30] /home/travis/build/icyphy/ptII/ptolemy/domains/de/test/auto/Iteration.xml (RunModel)" time="0.022" />
  <testcase classname="ptolemy.util.test.junit.AutoTests" name="[31] /home/travis/build/icyphy/ptII/ptolemy/domains/de/test/auto/LineFault.xml (RunModel)" time="0.634" />
  <testcase classname="ptolemy.util.test.junit.AutoTests" name="[32] /home/travis/build/icyphy/ptII/ptolemy/domains/de/test/auto/MergeModel1Add.xml (RunModel)" time="0.044" />
  <testcase classname="ptolemy.util.test.junit.AutoTests" name="[33] /home/travis/build/icyphy/ptII/ptolemy/domains/de/test/auto/MergeModel2Add.xml (RunModel)" time="0.043" />
  <testcase classname="ptolemy.util.test.junit.AutoTests" name="[34] /home/travis/build/icyphy/ptII/ptolemy/domains/de/test/auto/MergeModel3Add.xml (RunModel)" time="0.049" />
  <testcase classname="ptolemy.util.test.junit.AutoTests" name="[35] /home/travis/build/icyphy/ptII/ptolemy/domains/de/test/auto/MergeWithoutDiscard.xml (RunModel)" time="0.013" />
  <testcase classname="ptolemy.util.test.junit.AutoTests" name="[36] /home/travis/build/icyphy/ptII/ptolemy/domains/de/test/auto/Modal1.xml (RunModel)" time="0.034" />
  <testcase classname="ptolemy.util.test.junit.AutoTests" name="[37] /home/travis/build/icyphy/ptII/ptolemy/domains/de/test/auto/Modal2.xml (RunModel)" time="0.033" />
  <testcase classname="ptolemy.util.test.junit.AutoTests" name="[38] /home/travis/build/icyphy/ptII/ptolemy/domains/de/test/auto/Modal3.xml (RunModel)" time="0.033" />
  <testcase classname="ptolemy.util.test.junit.AutoTests" name="[39] /home/travis/build/icyphy/ptII/ptolemy/domains/de/test/auto/Modal4.xml (RunModel)" time="0.037" />
  <testcase classname="ptolemy.util.test.junit.AutoTests" name="[40] /home/travis/build/icyphy/ptII/ptolemy/domains/de/test/auto/Modal5.xml (RunModel)" time="0.029" />
  <testcase classname="ptolemy.util.test.junit.AutoTests" name="[41] /home/travis/build/icyphy/ptII/ptolemy/domains/de/test/auto/Modal6.xml (RunModel)" time="0.03" />
  <testcase classname="ptolemy.util.test.junit.AutoTests" name="[42] /home/travis/build/icyphy/ptII/ptolemy/domains/de/test/auto/Modal7.xml (RunModel)" time="0.031" />
  <testcase classname="ptolemy.util.test.junit.AutoTests" name="[43] /home/travis/build/icyphy/ptII/ptolemy/domains/de/test/auto/ModalModel.xml (RunModel)" time="0.2" />
  <testcase classname="ptolemy.util.test.junit.AutoTests" name="[44] /home/travis/build/icyphy/ptII/ptolemy/domains/de/test/auto/ModalSource.xml (RunModel)" time="0.019" />
  <testcase classname="ptolemy.util.test.junit.AutoTests" name="[45] /home/travis/build/icyphy/ptII/ptolemy/domains/de/test/auto/NonInterruptibleTimerZeroDelay.xml (RunModel)" time="0.014" />
  <testcase classname="ptolemy.util.test.junit.AutoTests" name="[46] /home/travis/build/icyphy/ptII/ptolemy/domains/de/test/auto/OpenQueueingNetwork.xml (RunModel)" time="2.029" />
  <testcase classname="ptolemy.util.test.junit.AutoTests" name="[47] /home/travis/build/icyphy/ptII/ptolemy/domains/de/test/auto/OpenQueuingNetwork.xml (RunModel)" time="0.238" />
  <testcase classname="ptolemy.util.test.junit.AutoTests" name="[48] /home/travis/build/icyphy/ptII/ptolemy/domains/de/test/auto/PeriodicSampler.xml (RunModel)" time="0.009" />
  <testcase classname="ptolemy.util.test.junit.AutoTests" name="[49] /home/travis/build/icyphy/ptII/ptolemy/domains/de/test/auto/PersistentIO.xml (RunModel)" time="0.022" />
  <testcase classname="ptolemy.util.test.junit.AutoTests" name="[50] /home/travis/build/icyphy/ptII/ptolemy/domains/de/test/auto/PortParameterResetOnInitialize.xml (RunModel)" time="0.009" />
  <testcase classname="ptolemy.util.test.junit.AutoTests" name="[51] /home/travis/build/icyphy/ptII/ptolemy/domains/de/test/auto/PortParameterUpdates.xml (RunModel)" time="0.015" />
  <testcase classname="ptolemy.util.test.junit.AutoTests" name="[52] /home/travis/build/icyphy/ptII/ptolemy/domains/de/test/auto/QueueAndServer.xml (RunModel)" time="0.02" />
  <testcase classname="ptolemy.util.test.junit.AutoTests" name="[53] /home/travis/build/icyphy/ptII/ptolemy/domains/de/test/auto/Records.xml (RunModel)" time="0.014" />
  <testcase classname="ptolemy.util.test.junit.AutoTests" name="[54] /home/travis/build/icyphy/ptII/ptolemy/domains/de/test/auto/ResetTransitionWithStartTime1.xml (RunModel)" time="0.019" />
  <testcase classname="ptolemy.util.test.junit.AutoTests" name="[55] /home/travis/build/icyphy/ptII/ptolemy/domains/de/test/auto/ResetTransitionWithStartTime2.xml (RunModel)" time="0.018" />
  <testcase classname="ptolemy.util.test.junit.AutoTests" name="[56] /home/travis/build/icyphy/ptII/ptolemy/domains/de/test/auto/ResetTransitionWithStartTime3.xml (RunModel)" time="0.02" />
  <testcase classname="ptolemy.util.test.junit.AutoTests" name="[57] /home/travis/build/icyphy/ptII/ptolemy/domains/de/test/auto/ResetTransitionWithStartTime4.xml (RunModel)" time="0.019" />
  <testcase classname="ptolemy.util.test.junit.AutoTests" name="[58] /home/travis/build/icyphy/ptII/ptolemy/domains/de/test/auto/ResettableTimer1.xml (RunModel)" time="0.01" />
  <testcase classname="ptolemy.util.test.junit.AutoTests" name="[59] /home/travis/build/icyphy/ptII/ptolemy/domains/de/test/auto/ResettableTimer2.xml (RunModel)" time="0.01" />
  <testcase classname="ptolemy.util.test.junit.AutoTests" name="[60] /home/travis/build/icyphy/ptII/ptolemy/domains/de/test/auto/ResettableTimer3.xml (RunModel)" time="0.009" />
  <testcase classname="ptolemy.util.test.junit.AutoTests" name="[61] /home/travis/build/icyphy/ptII/ptolemy/domains/de/test/auto/ResettableTimer4.xml (RunModel)" time="0.008" />
  <testcase classname="ptolemy.util.test.junit.AutoTests" name="[62] /home/travis/build/icyphy/ptII/ptolemy/domains/de/test/auto/ResettableTimer5.xml (RunModel)" time="0.009" />
  <testcase classname="ptolemy.util.test.junit.AutoTests" name="[63] /home/travis/build/icyphy/ptII/ptolemy/domains/de/test/auto/ResettableTimer6.xml (RunModel)" time="0.01" />
  <testcase classname="ptolemy.util.test.junit.AutoTests" name="[64] /home/travis/build/icyphy/ptII/ptolemy/domains/de/test/auto/ServerZeroDelay.xml (RunModel)" time="0.01" />
  <testcase classname="ptolemy.util.test.junit.AutoTests" name="[65] /home/travis/build/icyphy/ptII/ptolemy/domains/de/test/auto/SmartSender.xml (RunModel)" time="3.008" />
  <testcase classname="ptolemy.util.test.junit.AutoTests" name="[66] /home/travis/build/icyphy/ptII/ptolemy/domains/de/test/auto/ThreadedComposite.xml (RunModel)" time="0.253" />
  <testcase classname="ptolemy.util.test.junit.AutoTests" name="[67] /home/travis/build/icyphy/ptII/ptolemy/domains/de/test/auto/Time.xml (RunModel)" time="0.476" />
  <testcase classname="ptolemy.util.test.junit.AutoTests" name="[68] /home/travis/build/icyphy/ptII/ptolemy/domains/de/test/auto/TimeDelayZeroDelay.xml (RunModel)" time="0.011" />
  <testcase classname="ptolemy.util.test.junit.AutoTests" name="[69] /home/travis/build/icyphy/ptII/ptolemy/domains/de/test/auto/TimerZeroDelay.xml (RunModel)" time="0.01" />
  <testcase classname="ptolemy.util.test.junit.AutoTests" name="[70] /home/travis/build/icyphy/ptII/ptolemy/domains/de/test/auto/TimingParadox.xml (RunModel)" time="0.362" />
  <testcase classname="ptolemy.util.test.junit.AutoTests" name="[71] /home/travis/build/icyphy/ptII/ptolemy/domains/de/test/auto/TransferInputs.xml (RunModel)" time="0.009" />
  <testcase classname="ptolemy.util.test.junit.AutoTests" name="[72] /home/travis/build/icyphy/ptII/ptolemy/domains/de/test/auto/TransferOutputs2.xml (RunModel)" time="0.019" />
  <testcase classname="ptolemy.util.test.junit.AutoTests" name="[73] /home/travis/build/icyphy/ptII/ptolemy/domains/de/test/auto/Trilateration.xml (RunModel)" time="11.753" />
  <testcase classname="ptolemy.util.test.junit.AutoTests" name="[74] /home/travis/build/icyphy/ptII/ptolemy/domains/de/test/auto/TwoSigmaDelta.xml (RunModel)" time="2.01" />
  <testcase classname="ptolemy.util.test.junit.AutoTests" name="[75] /home/travis/build/icyphy/ptII/ptolemy/domains/de/test/auto/VariableDelay.xml (RunModel)" time="0.011" />
  <testcase classname="ptolemy.util.test.junit.AutoTests" name="[76] /home/travis/build/icyphy/ptII/ptolemy/domains/de/test/auto/VariableDelay2.xml (RunModel)" time="0.008" />
  <testcase classname="ptolemy.util.test.junit.AutoTests" name="[77] /home/travis/build/icyphy/ptII/ptolemy/domains/de/test/auto/VariableDelayZeroDelay.xml (RunModel)" time="0.01" />
  <testcase classname="ptolemy.util.test.junit.AutoTests" name="[78] /home/travis/build/icyphy/ptII/ptolemy/domains/de/test/auto/VariableDelayZeroDelay2.xml (RunModel)" time="0.01" />
  <testcase classname="ptolemy.util.test.junit.AutoTests" name="[79] /home/travis/build/icyphy/ptII/ptolemy/domains/de/test/auto/deInCt.xml (RunModel)" time="0.013" />
  <testcase classname="ptolemy.util.test.junit.AutoTests" name="[80] /home/travis/build/icyphy/ptII/ptolemy/domains/de/test/auto/deInCt2.xml (RunModel)" time="0.013" />
  <testcase classname="ptolemy.util.test.junit.AutoTests" name="[81] /home/travis/build/icyphy/ptII/ptolemy/domains/de/test/auto/dynamicCausalityInterface1.xml (RunModel)" time="0.019" />
  <testcase classname="ptolemy.util.test.junit.AutoTests" name="[82] /home/travis/build/icyphy/ptII/ptolemy/domains/de/test/auto/fsm_de_test.xml (RunModel)" time="0.023" />
  <testcase classname="ptolemy.util.test.junit.AutoTests" name="[83] /home/travis/build/icyphy/ptII/ptolemy/domains/de/test/auto/functionDependencyReconstruction.xml (RunModel)" time="0.035" />
  <testcase classname="ptolemy.util.test.junit.AutoTests" name="[84] /home/travis/build/icyphy/ptII/ptolemy/domains/de/test/auto/multirate.xml (RunModel)" time="0.016" />
  <testcase classname="ptolemy.util.test.junit.AutoTests" name="[85] /home/travis/build/icyphy/ptII/ptolemy/domains/de/test/auto/multirate2.xml (RunModel)" time="0.015" />
  <testcase classname="ptolemy.util.test.junit.AutoTests" name="[86] /home/travis/build/icyphy/ptII/ptolemy/domains/de/test/auto/realtime.xml (RunModel)" time="10.011" />
  <testcase classname="ptolemy.util.test.junit.AutoTests" name="[87] /home/travis/build/icyphy/ptII/ptolemy/domains/de/test/auto/relationGroup.xml (RunModel)" time="0.007" />
  <testcase classname="ptolemy.util.test.junit.AutoTests" name="[88] /home/travis/build/icyphy/ptII/ptolemy/domains/de/test/auto/relationGroup2.xml (RunModel)" time="0.008" />
  <testcase classname="ptolemy.util.test.junit.AutoTests" name="[89] /home/travis/build/icyphy/ptII/ptolemy/domains/de/test/auto/sortWithOpaquePorts.xml (RunModel)" time="0.007" />
  <testcase classname="ptolemy.util.test.junit.AutoTests" name="[90] /home/travis/build/icyphy/ptII/ptolemy/domains/de/test/auto/transferInputsandOutputs.xml (RunModel)" time="0.012" />
  <testcase classname="ptolemy.util.test.junit.AutoTests" name="[91] /home/travis/build/icyphy/ptII/ptolemy/domains/de/test/auto/triggerType.xml (RunModel)" time="0.008" />
  <system-out><![CDATA[/home/travis/build/icyphy/ptII/ptolemy/domains/de/test/DependencyLoop.tcl
testDefs.tcl: setting time out to 9000 seconds at Sun Jul 22 01:44:23 UTC 2018
15 ms. Memory: 116224K Free: 93435K (80%)
9 ms. Memory: 146944K Free: 135472K (92%)
/home/travis/build/icyphy/ptII/ptolemy/domains/de/test/RunDETestsAsQSS.tcl
Run the DE tests using ptolemy.domains.qss.test.QSSDirectorTest, which extends QSSDirector and prints a message in the constructors.
------------------ testing $PTII/ptolemy/domains/de/test/auto/knownFailedTests/dependencyLoop.xml (Known Failure) 
8 ms. Memory: 146944K Free: 132359K (90%)


==== $PTIIhome/travis/build/icyphy/ptII/ptolemy/domains/de/test/../../../../: Auto Automatic test in file $PTII/ptolemy/domains/de/test/auto/knownFailedTests/dependencyLoop.xml
==== Contents of test case:

	    # FIXME: we should use $relativeFilename here, but it
	    # might have backslashes under Windows, which causes no end
	    # of trouble.
	    createAndExecute $file
	    list {}
	
.... Test generated KNOWN error:
    while executing
ptolemy.kernel.util.IllegalActionException: Found a zero delay loop containing .dependencyLoop.original
  in .dependencyLoop and .dependencyLoop.original
	at ptolemy.actor.util.CausalityInterfaceForComposites._computeOutputPortDepth(CausalityInterfaceForComposites.java:759)
	at ptolemy.actor.util.CausalityInterfaceForComposites._computeInputDepth(CausalityInterfaceForComposites.java:696)
	at ptolemy.actor.util.CausalityInterfaceForComposites._computeOutputPortDepth(CausalityInterfaceForComposites.java:765)
	at ptolemy.actor.util.CausalityInterfaceForComposites._computeInputDepth(CausalityInterfaceForComposites.java:696)
	at ptolemy.actor.util.CausalityInterfaceForComposites._computeOutputPortDepth(CausalityInterfaceForComposites.java:765)
	at ptolemy.actor.util.CausalityInterfaceForComposites._computeInputDepth(CausalityInterfaceForComposites.java:696)
	at ptolemy.actor.util.CausalityInterfaceForComposites._computeActorDepth(CausalityInterfaceForComposites.java:532)
	at ptolemy.actor.util.CausalityInterfaceForComposites.checkForCycles(CausalityInterfaceForComposites.java:96)
	at ptolemy.domains.de.kernel.DEDirector.preinitialize(DEDirector.java:1338)
	at ptolemy.actor.CompositeActor.preinitialize(CompositeActor.java:1828)
	at ptolemy.actor.Manager.preinitializeAndResolveTypes(Manager.java:1040)
	at ptolemy.actor.Manager.initialize(Manager.java:710)
	at ptolemy.actor.Manager.execute(Manager.java:356)
	at ptolemy.actor.Manager.run(Manager.java:1263)
	at ptolemy.actor.Manager$PtolemyRunThread.run(Manager.java:1915)

    while executing
ptolemy.kernel.util.IllegalActionException: Found a zero delay loop containing .dependencyLoop.original
  in .dependencyLoop and .dependencyLoop.original
    while executing
"java::new ptolemy.moml.MoMLSimpleApplication $file
"
    (procedure "createAndExecute" line 2)
    invoked from within
"createAndExecute $file"
    ("uplevel" body line 5)
    invoked from within
"uplevel $contents_of_test"
------------------ testing $PTII/ptolemy/domains/de/test/auto/knownFailedTests/DESDFClockTest.xml (Known Failure) 
2089 ms. Memory: 146944K Free: 116515K (79%)


==== $PTIIhome/travis/build/icyphy/ptII/ptolemy/domains/de/test/../../../../: Auto Automatic test in file $PTII/ptolemy/domains/de/test/auto/knownFailedTests/DESDFClockTest.xml
==== Contents of test case:

	    # FIXME: we should use $relativeFilename here, but it
	    # might have backslashes under Windows, which causes no end
	    # of trouble.
	    createAndExecute $file
	    list {}
	
.... Test generated KNOWN error:
    while executing
ptolemy.kernel.util.IllegalActionException: Actor is not ready to fire.  Perhaps UpSample.prefire() returned false? Try debugging the actor by selecting "Listen to Actor".  Also, for SDF check moml for tokenConsumptionRate on input.
  in .DESDFClockTest.Play Bell.Copy1:SDF Director and .DESDFClockTest.Play Bell.UpSample
	at ptolemy.actor.sched.StaticSchedulingDirector.fire(StaticSchedulingDirector.java:227)
	at ptolemy.domains.sdf.kernel.SDFDirector.fire(SDFDirector.java:500)
	at ptolemy.actor.CompositeActor.fire(CompositeActor.java:455)
	at ptolemy.domains.de.kernel.DEDirector._fire(DEDirector.java:1949)
	at ptolemy.domains.de.kernel.DEDirector.fire(DEDirector.java:502)
	at ptolemy.actor.CompositeActor.fire(CompositeActor.java:455)
	at ptolemy.actor.Manager.iterate(Manager.java:851)
	at ptolemy.actor.Manager.execute(Manager.java:369)
	at ptolemy.actor.Manager.run(Manager.java:1263)
	at ptolemy.actor.Manager$PtolemyRunThread.run(Manager.java:1915)

    while executing
ptolemy.kernel.util.IllegalActionException: Actor is not ready to fire.  Perhaps UpSample.prefire() returned false? Try debugging the actor by selecting "Listen to Actor".  Also, for SDF check moml for tokenConsumptionRate on input.
  in .DESDFClockTest.Play Bell.Copy1:SDF Director and .DESDFClockTest.Play Bell.UpSample
    while executing
"java::new ptolemy.moml.MoMLSimpleApplication $file
"
    (procedure "createAndExecute" line 2)
    invoked from within
"createAndExecute $file"
    ("uplevel" body line 5)
    invoked from within
"uplevel $contents_of_test"
------------------ testing $PTII/ptolemy/domains/de/test/auto/knownFailedTests/FSMSource.xml (Known Failure) 
29 ms. Memory: 146944K Free: 107517K (73%)
!!!! Auto was marked as failing, but now passes
------------------ testing $PTII/ptolemy/domains/de/test/auto/knownFailedTests/dependencyLoop2.xml (Known Failure) 
13 ms. Memory: 146944K Free: 105633K (72%)


==== $PTIIhome/travis/build/icyphy/ptII/ptolemy/domains/de/test/../../../../: Auto Automatic test in file $PTII/ptolemy/domains/de/test/auto/knownFailedTests/dependencyLoop2.xml
==== Contents of test case:

	    # FIXME: we should use $relativeFilename here, but it
	    # might have backslashes under Windows, which causes no end
	    # of trouble.
	    createAndExecute $file
	    list {}
	
.... Test generated KNOWN error:
    while executing
ptolemy.kernel.util.IllegalActionException: Found a zero delay loop containing .dependencyLoop2.original
  in .dependencyLoop2 and .dependencyLoop2.original
	at ptolemy.actor.util.CausalityInterfaceForComposites._computeOutputPortDepth(CausalityInterfaceForComposites.java:759)
	at ptolemy.actor.util.CausalityInterfaceForComposites._computeInputDepth(CausalityInterfaceForComposites.java:696)
	at ptolemy.actor.util.CausalityInterfaceForComposites._computeOutputPortDepth(CausalityInterfaceForComposites.java:765)
	at ptolemy.actor.util.CausalityInterfaceForComposites._computeInputDepth(CausalityInterfaceForComposites.java:696)
	at ptolemy.actor.util.CausalityInterfaceForComposites._computeOutputPortDepth(CausalityInterfaceForComposites.java:765)
	at ptolemy.actor.util.CausalityInterfaceForComposites._computeInputDepth(CausalityInterfaceForComposites.java:696)
	at ptolemy.actor.util.CausalityInterfaceForComposites._computeActorDepth(CausalityInterfaceForComposites.java:532)
	at ptolemy.actor.util.CausalityInterfaceForComposites.checkForCycles(CausalityInterfaceForComposites.java:96)
	at ptolemy.domains.de.kernel.DEDirector.preinitialize(DEDirector.java:1338)
	at ptolemy.actor.CompositeActor.preinitialize(CompositeActor.java:1828)
	at ptolemy.actor.Manager.preinitializeAndResolveTypes(Manager.java:1040)
	at ptolemy.actor.Manager.initialize(Manager.java:710)
	at ptolemy.actor.Manager.execute(Manager.java:356)
	at ptolemy.actor.Manager.run(Manager.java:1263)
	at ptolemy.actor.Manager$PtolemyRunThread.run(Manager.java:1915)

    while executing
ptolemy.kernel.util.IllegalActionException: Found a zero delay loop containing .dependencyLoop2.original
  in .dependencyLoop2 and .dependencyLoop2.original
    while executing
"java::new ptolemy.moml.MoMLSimpleApplication $file
"
    (procedure "createAndExecute" line 2)
    invoked from within
"createAndExecute $file"
    ("uplevel" body line 5)
    invoked from within
"uplevel $contents_of_test"
------------------ testing $PTII/ptolemy/domains/de/test/auto/knownFailedTests/HierarchicalModel.xml (Known Failure) 
6 ms. Memory: 146944K Free: 85036K (58%)


==== $PTIIhome/travis/build/icyphy/ptII/ptolemy/domains/de/test/../../../../: Auto Automatic test in file $PTII/ptolemy/domains/de/test/auto/knownFailedTests/HierarchicalModel.xml
==== Contents of test case:

	    # FIXME: we should use $relativeFilename here, but it
	    # might have backslashes under Windows, which causes no end
	    # of trouble.
	    createAndExecute $file
	    list {}
	
.... Test generated KNOWN error:
    while executing
ptolemy.kernel.util.IllegalActionException: Found a zero delay loop containing .HierarchicalModel.A
  in .HierarchicalModel and .HierarchicalModel.A
	at ptolemy.actor.util.CausalityInterfaceForComposites._computeOutputPortDepth(CausalityInterfaceForComposites.java:759)
	at ptolemy.actor.util.CausalityInterfaceForComposites._computeInputDepth(CausalityInterfaceForComposites.java:696)
	at ptolemy.actor.util.CausalityInterfaceForComposites._computeOutputPortDepth(CausalityInterfaceForComposites.java:765)
	at ptolemy.actor.util.CausalityInterfaceForComposites._computeInputDepth(CausalityInterfaceForComposites.java:696)
	at ptolemy.actor.util.CausalityInterfaceForComposites._computeOutputPortDepth(CausalityInterfaceForComposites.java:765)
	at ptolemy.actor.util.CausalityInterfaceForComposites._computeInputDepth(CausalityInterfaceForComposites.java:696)
	at ptolemy.actor.util.CausalityInterfaceForComposites._computeActorDepth(CausalityInterfaceForComposites.java:532)
	at ptolemy.actor.util.CausalityInterfaceForComposites.checkForCycles(CausalityInterfaceForComposites.java:96)
	at ptolemy.domains.de.kernel.DEDirector.preinitialize(DEDirector.java:1338)
	at ptolemy.actor.CompositeActor.preinitialize(CompositeActor.java:1828)
	at ptolemy.actor.Manager.preinitializeAndResolveTypes(Manager.java:1040)
	at ptolemy.actor.Manager.initialize(Manager.java:710)
	at ptolemy.actor.Manager.execute(Manager.java:356)
	at ptolemy.actor.Manager.run(Manager.java:1263)
	at ptolemy.actor.Manager$PtolemyRunThread.run(Manager.java:1915)

    while executing
ptolemy.kernel.util.IllegalActionException: Found a zero delay loop containing .HierarchicalModel.A
  in .HierarchicalModel and .HierarchicalModel.A
    while executing
"java::new ptolemy.moml.MoMLSimpleApplication $file
"
    (procedure "createAndExecute" line 2)
    invoked from within
"createAndExecute $file"
    ("uplevel" body line 5)
    invoked from within
"uplevel $contents_of_test"
------------------ testing $PTII/ptolemy/domains/de/test/auto/knownFailedTests/DirectFeedback.xml (Known Failure) 
12 ms. Memory: 146944K Free: 141344K (96%)


==== $PTIIhome/travis/build/icyphy/ptII/ptolemy/domains/de/test/../../../../: Auto Automatic test in file $PTII/ptolemy/domains/de/test/auto/knownFailedTests/DirectFeedback.xml
==== Contents of test case:

	    # FIXME: we should use $relativeFilename here, but it
	    # might have backslashes under Windows, which causes no end
	    # of trouble.
	    createAndExecute $file
	    list {}
	
.... Test generated KNOWN error:
    while executing
ptolemy.kernel.util.IllegalActionException: Test fails in iteration 1.
Value was: 1.0. Should have been: 2.0
  in .DirectFeedback.Test
	at ptolemy.actor.lib.Test.fire(Test.java:268)
	at ptolemy.domains.de.kernel.DEDirector._fire(DEDirector.java:1949)
	at ptolemy.domains.de.kernel.DEDirector.fire(DEDirector.java:502)
	at ptolemy.actor.CompositeActor.fire(CompositeActor.java:455)
	at ptolemy.actor.Manager.iterate(Manager.java:851)
	at ptolemy.actor.Manager.execute(Manager.java:369)
	at ptolemy.actor.Manager.run(Manager.java:1263)
	at ptolemy.actor.Manager$PtolemyRunThread.run(Manager.java:1915)

    while executing
ptolemy.kernel.util.IllegalActionException: Test fails in iteration 1.
Value was: 1.0. Should have been: 2.0
  in .DirectFeedback.Test
    while executing
"java::new ptolemy.moml.MoMLSimpleApplication $file
"
    (procedure "createAndExecute" line 2)
    invoked from within
"createAndExecute $file"
    ("uplevel" body line 5)
    invoked from within
"uplevel $contents_of_test"
------------------ testing $PTII/ptolemy/domains/de/test/auto/ActorDepthCalculation_actorWithoutPorts.xml
auto.tcl: Setting watchdog for 200 seconds at Sun Jul 22 01:44:27 UTC 2018
5 ms. Memory: 146944K Free: 132350K (90%)
ptolemy.util.test.WatchDog.cancel(): canceling Sun Jul 22 01:44:27 UTC 2018
auto.tcl: Setting watchdog for 200 seconds at Sun Jul 22 01:44:27 UTC 2018
5 ms. Memory: 146944K Free: 131304K (89%)
ptolemy.util.test.WatchDog.cancel(): canceling Sun Jul 22 01:44:27 UTC 2018
------------------ testing $PTII/ptolemy/domains/de/test/auto/AssemblyLine.xml
auto.tcl: Setting watchdog for 200 seconds at Sun Jul 22 01:44:27 UTC 2018
13 ms. Memory: 208384K Free: 186331K (89%)
ptolemy.util.test.WatchDog.cancel(): canceling Sun Jul 22 01:44:27 UTC 2018
auto.tcl: Setting watchdog for 200 seconds at Sun Jul 22 01:44:27 UTC 2018
12 ms. Memory: 208384K Free: 186331K (89%)
ptolemy.util.test.WatchDog.cancel(): canceling Sun Jul 22 01:44:27 UTC 2018
------------------ testing $PTII/ptolemy/domains/de/test/auto/CQBug1.xml
auto.tcl: Setting watchdog for 200 seconds at Sun Jul 22 01:44:27 UTC 2018
5 ms. Memory: 208384K Free: 197724K (95%)
ptolemy.util.test.WatchDog.cancel(): canceling Sun Jul 22 01:44:27 UTC 2018
auto.tcl: Setting watchdog for 200 seconds at Sun Jul 22 01:44:27 UTC 2018
2 ms. Memory: 208384K Free: 197724K (95%)
ptolemy.util.test.WatchDog.cancel(): canceling Sun Jul 22 01:44:27 UTC 2018
------------------ testing $PTII/ptolemy/domains/de/test/auto/CancelFireAt.xml
auto.tcl: Setting watchdog for 200 seconds at Sun Jul 22 01:44:27 UTC 2018
5 ms. Memory: 208384K Free: 201440K (97%)
ptolemy.util.test.WatchDog.cancel(): canceling Sun Jul 22 01:44:27 UTC 2018
auto.tcl: Setting watchdog for 200 seconds at Sun Jul 22 01:44:27 UTC 2018
3 ms. Memory: 208384K Free: 199342K (96%)
ptolemy.util.test.WatchDog.cancel(): canceling Sun Jul 22 01:44:27 UTC 2018
------------------ testing $PTII/ptolemy/domains/de/test/auto/CausalityAndComposabilityAnalysis.xml
auto.tcl: Setting watchdog for 200 seconds at Sun Jul 22 01:44:28 UTC 2018
15 ms. Memory: 208384K Free: 196506K (94%)
ptolemy.util.test.WatchDog.cancel(): canceling Sun Jul 22 01:44:28 UTC 2018
auto.tcl: Setting watchdog for 200 seconds at Sun Jul 22 01:44:28 UTC 2018
15 ms. Memory: 208384K Free: 196506K (94%)
ptolemy.util.test.WatchDog.cancel(): canceling Sun Jul 22 01:44:28 UTC 2018
------------------ testing $PTII/ptolemy/domains/de/test/auto/CausalityInterface1.xml
auto.tcl: Setting watchdog for 200 seconds at Sun Jul 22 01:44:28 UTC 2018
18 ms. Memory: 208384K Free: 196443K (94%)
ptolemy.util.test.WatchDog.cancel(): canceling Sun Jul 22 01:44:28 UTC 2018
auto.tcl: Setting watchdog for 200 seconds at Sun Jul 22 01:44:28 UTC 2018
4 ms. Memory: 208384K Free: 196443K (94%)
ptolemy.util.test.WatchDog.cancel(): canceling Sun Jul 22 01:44:28 UTC 2018
------------------ testing $PTII/ptolemy/domains/de/test/auto/CausalityInterface15.xml
auto.tcl: Setting watchdog for 200 seconds at Sun Jul 22 01:44:28 UTC 2018
17 ms. Memory: 208384K Free: 196434K (94%)
ptolemy.util.test.WatchDog.cancel(): canceling Sun Jul 22 01:44:28 UTC 2018
auto.tcl: Setting watchdog for 200 seconds at Sun Jul 22 01:44:28 UTC 2018
5 ms. Memory: 208384K Free: 196434K (94%)
ptolemy.util.test.WatchDog.cancel(): canceling Sun Jul 22 01:44:28 UTC 2018
------------------ testing $PTII/ptolemy/domains/de/test/auto/CausalityInterface2.xml
auto.tcl: Setting watchdog for 200 seconds at Sun Jul 22 01:44:28 UTC 2018
3 ms. Memory: 208384K Free: 196419K (94%)
ptolemy.util.test.WatchDog.cancel(): canceling Sun Jul 22 01:44:28 UTC 2018
auto.tcl: Setting watchdog for 200 seconds at Sun Jul 22 01:44:28 UTC 2018
3 ms. Memory: 208384K Free: 196419K (94%)
ptolemy.util.test.WatchDog.cancel(): canceling Sun Jul 22 01:44:28 UTC 2018
------------------ testing $PTII/ptolemy/domains/de/test/auto/CausalityInterface3.xml
auto.tcl: Setting watchdog for 200 seconds at Sun Jul 22 01:44:28 UTC 2018
11 ms. Memory: 208384K Free: 196431K (94%)
ptolemy.util.test.WatchDog.cancel(): canceling Sun Jul 22 01:44:28 UTC 2018
auto.tcl: Setting watchdog for 200 seconds at Sun Jul 22 01:44:28 UTC 2018
3 ms. Memory: 208384K Free: 196431K (94%)
ptolemy.util.test.WatchDog.cancel(): canceling Sun Jul 22 01:44:28 UTC 2018
------------------ testing $PTII/ptolemy/domains/de/test/auto/ClockDrift.xml
auto.tcl: Setting watchdog for 200 seconds at Sun Jul 22 01:44:28 UTC 2018
84 ms. Memory: 208384K Free: 187671K (90%)
ptolemy.util.test.WatchDog.cancel(): canceling Sun Jul 22 01:44:28 UTC 2018
auto.tcl: Setting watchdog for 200 seconds at Sun Jul 22 01:44:28 UTC 2018
77 ms. Memory: 208384K Free: 185574K (89%)
ptolemy.util.test.WatchDog.cancel(): canceling Sun Jul 22 01:44:28 UTC 2018
------------------ testing $PTII/ptolemy/domains/de/test/auto/ClockDriftAndValueChange.xml
auto.tcl: Setting watchdog for 200 seconds at Sun Jul 22 01:44:28 UTC 2018
50 ms. Memory: 208384K Free: 187498K (90%)
ptolemy.util.test.WatchDog.cancel(): canceling Sun Jul 22 01:44:29 UTC 2018
auto.tcl: Setting watchdog for 200 seconds at Sun Jul 22 01:44:29 UTC 2018
29 ms. Memory: 208384K Free: 185401K (89%)
ptolemy.util.test.WatchDog.cancel(): canceling Sun Jul 22 01:44:29 UTC 2018
------------------ testing $PTII/ptolemy/domains/de/test/auto/ClockDriftChange.xml
auto.tcl: Setting watchdog for 200 seconds at Sun Jul 22 01:44:29 UTC 2018
27 ms. Memory: 208384K Free: 190822K (92%)
ptolemy.util.test.WatchDog.cancel(): canceling Sun Jul 22 01:44:29 UTC 2018
auto.tcl: Setting watchdog for 200 seconds at Sun Jul 22 01:44:29 UTC 2018
30 ms. Memory: 208384K Free: 188725K (91%)
ptolemy.util.test.WatchDog.cancel(): canceling Sun Jul 22 01:44:29 UTC 2018
------------------ testing $PTII/ptolemy/domains/de/test/auto/ComposableCausalityAnalysis.xml
auto.tcl: Setting watchdog for 200 seconds at Sun Jul 22 01:44:29 UTC 2018
3 ms. Memory: 208384K Free: 196285K (94%)
ptolemy.util.test.WatchDog.cancel(): canceling Sun Jul 22 01:44:29 UTC 2018
auto.tcl: Setting watchdog for 200 seconds at Sun Jul 22 01:44:29 UTC 2018
3 ms. Memory: 208384K Free: 194187K (93%)
ptolemy.util.test.WatchDog.cancel(): canceling Sun Jul 22 01:44:29 UTC 2018
------------------ testing $PTII/ptolemy/domains/de/test/auto/DEFixedPointLimitation.xml
auto.tcl: Setting watchdog for 200 seconds at Sun Jul 22 01:44:29 UTC 2018
2 ms. Memory: 208384K Free: 196366K (94%)
ptolemy.util.test.WatchDog.cancel(): canceling Sun Jul 22 01:44:29 UTC 2018
auto.tcl: Setting watchdog for 200 seconds at Sun Jul 22 01:44:29 UTC 2018
2 ms. Memory: 208384K Free: 196366K (94%)
ptolemy.util.test.WatchDog.cancel(): canceling Sun Jul 22 01:44:29 UTC 2018
------------------ testing $PTII/ptolemy/domains/de/test/auto/DEScheduleTest.xml
auto.tcl: Setting watchdog for 200 seconds at Sun Jul 22 01:44:29 UTC 2018
5 ms. Memory: 208384K Free: 198499K (95%)
ptolemy.util.test.WatchDog.cancel(): canceling Sun Jul 22 01:44:29 UTC 2018
auto.tcl: Setting watchdog for 200 seconds at Sun Jul 22 01:44:29 UTC 2018
6 ms. Memory: 208384K Free: 196402K (94%)
ptolemy.util.test.WatchDog.cancel(): canceling Sun Jul 22 01:44:29 UTC 2018
------------------ testing $PTII/ptolemy/domains/de/test/auto/DEinDEwithStartTimes.xml
auto.tcl: Setting watchdog for 200 seconds at Sun Jul 22 01:44:29 UTC 2018
4 ms. Memory: 208384K Free: 196709K (94%)
ptolemy.util.test.WatchDog.cancel(): canceling Sun Jul 22 01:44:29 UTC 2018
auto.tcl: Setting watchdog for 200 seconds at Sun Jul 22 01:44:29 UTC 2018
7 ms. Memory: 208384K Free: 194274K (93%)
ptolemy.util.test.WatchDog.cancel(): canceling Sun Jul 22 01:44:29 UTC 2018
------------------ testing $PTII/ptolemy/domains/de/test/auto/DEinDEwithStartTimes2.xml
auto.tcl: Setting watchdog for 200 seconds at Sun Jul 22 01:44:29 UTC 2018
11 ms. Memory: 208384K Free: 196350K (94%)
ptolemy.util.test.WatchDog.cancel(): canceling Sun Jul 22 01:44:29 UTC 2018
auto.tcl: Setting watchdog for 200 seconds at Sun Jul 22 01:44:29 UTC 2018
4 ms. Memory: 208384K Free: 194253K (93%)
ptolemy.util.test.WatchDog.cancel(): canceling Sun Jul 22 01:44:29 UTC 2018
------------------ testing $PTII/ptolemy/domains/de/test/auto/DateDemo.xml
auto.tcl: Setting watchdog for 200 seconds at Sun Jul 22 01:44:29 UTC 2018
13 ms. Memory: 208384K Free: 188795K (91%)
ptolemy.util.test.WatchDog.cancel(): canceling Sun Jul 22 01:44:29 UTC 2018
auto.tcl: Setting watchdog for 200 seconds at Sun Jul 22 01:44:29 UTC 2018
5 ms. Memory: 208384K Free: 186698K (90%)
ptolemy.util.test.WatchDog.cancel(): canceling Sun Jul 22 01:44:29 UTC 2018
------------------ testing $PTII/ptolemy/domains/de/test/auto/DateToEvent.xml
auto.tcl: Setting watchdog for 200 seconds at Sun Jul 22 01:44:29 UTC 2018
2009 ms. Memory: 208384K Free: 181068K (87%)
ptolemy.util.test.WatchDog.cancel(): canceling Sun Jul 22 01:44:31 UTC 2018
auto.tcl: Setting watchdog for 200 seconds at Sun Jul 22 01:44:31 UTC 2018
2005 ms. Memory: 208384K Free: 181068K (87%)
ptolemy.util.test.WatchDog.cancel(): canceling Sun Jul 22 01:44:33 UTC 2018
------------------ testing $PTII/ptolemy/domains/de/test/auto/DepthTest1.xml
auto.tcl: Setting watchdog for 200 seconds at Sun Jul 22 01:44:33 UTC 2018
2 ms. Memory: 208384K Free: 198024K (95%)
ptolemy.util.test.WatchDog.cancel(): canceling Sun Jul 22 01:44:33 UTC 2018
auto.tcl: Setting watchdog for 200 seconds at Sun Jul 22 01:44:33 UTC 2018
7 ms. Memory: 208384K Free: 198024K (95%)
ptolemy.util.test.WatchDog.cancel(): canceling Sun Jul 22 01:44:33 UTC 2018
------------------ testing $PTII/ptolemy/domains/de/test/auto/DepthTest2.xml
auto.tcl: Setting watchdog for 200 seconds at Sun Jul 22 01:44:33 UTC 2018
4 ms. Memory: 208384K Free: 194568K (93%)
ptolemy.util.test.WatchDog.cancel(): canceling Sun Jul 22 01:44:34 UTC 2018
auto.tcl: Setting watchdog for 200 seconds at Sun Jul 22 01:44:34 UTC 2018
6 ms. Memory: 208384K Free: 194568K (93%)
ptolemy.util.test.WatchDog.cancel(): canceling Sun Jul 22 01:44:34 UTC 2018
------------------ testing $PTII/ptolemy/domains/de/test/auto/DepthTest3.xml
auto.tcl: Setting watchdog for 200 seconds at Sun Jul 22 01:44:34 UTC 2018
5 ms. Memory: 208384K Free: 198359K (95%)
ptolemy.util.test.WatchDog.cancel(): canceling Sun Jul 22 01:44:34 UTC 2018
auto.tcl: Setting watchdog for 200 seconds at Sun Jul 22 01:44:34 UTC 2018
2 ms. Memory: 208384K Free: 198359K (95%)
ptolemy.util.test.WatchDog.cancel(): canceling Sun Jul 22 01:44:34 UTC 2018
------------------ testing $PTII/ptolemy/domains/de/test/auto/DepthTest4.xml
auto.tcl: Setting watchdog for 200 seconds at Sun Jul 22 01:44:34 UTC 2018
6 ms. Memory: 208384K Free: 196686K (94%)
ptolemy.util.test.WatchDog.cancel(): canceling Sun Jul 22 01:44:34 UTC 2018
auto.tcl: Setting watchdog for 200 seconds at Sun Jul 22 01:44:34 UTC 2018
2 ms. Memory: 208384K Free: 196349K (94%)
ptolemy.util.test.WatchDog.cancel(): canceling Sun Jul 22 01:44:34 UTC 2018
------------------ testing $PTII/ptolemy/domains/de/test/auto/DepthTest5.xml
auto.tcl: Setting watchdog for 200 seconds at Sun Jul 22 01:44:34 UTC 2018
6 ms. Memory: 208384K Free: 196296K (94%)
ptolemy.util.test.WatchDog.cancel(): canceling Sun Jul 22 01:44:34 UTC 2018
auto.tcl: Setting watchdog for 200 seconds at Sun Jul 22 01:44:34 UTC 2018
3 ms. Memory: 208384K Free: 196296K (94%)
ptolemy.util.test.WatchDog.cancel(): canceling Sun Jul 22 01:44:34 UTC 2018
------------------ testing $PTII/ptolemy/domains/de/test/auto/DepthTest6.xml
auto.tcl: Setting watchdog for 200 seconds at Sun Jul 22 01:44:34 UTC 2018
11 ms. Memory: 208384K Free: 196264K (94%)
ptolemy.util.test.WatchDog.cancel(): canceling Sun Jul 22 01:44:34 UTC 2018
auto.tcl: Setting watchdog for 200 seconds at Sun Jul 22 01:44:34 UTC 2018
3 ms. Memory: 208384K Free: 196264K (94%)
ptolemy.util.test.WatchDog.cancel(): canceling Sun Jul 22 01:44:34 UTC 2018
------------------ testing $PTII/ptolemy/domains/de/test/auto/DepthTest7.xml
auto.tcl: Setting watchdog for 200 seconds at Sun Jul 22 01:44:34 UTC 2018
3 ms. Memory: 208384K Free: 196236K (94%)
ptolemy.util.test.WatchDog.cancel(): canceling Sun Jul 22 01:44:34 UTC 2018
auto.tcl: Setting watchdog for 200 seconds at Sun Jul 22 01:44:34 UTC 2018
2 ms. Memory: 208384K Free: 196236K (94%)
ptolemy.util.test.WatchDog.cancel(): canceling Sun Jul 22 01:44:34 UTC 2018
------------------ testing $PTII/ptolemy/domains/de/test/auto/EventToDate.xml
auto.tcl: Setting watchdog for 200 seconds at Sun Jul 22 01:44:34 UTC 2018
3013 ms. Memory: 208384K Free: 185740K (89%)
ptolemy.util.test.WatchDog.cancel(): canceling Sun Jul 22 01:44:37 UTC 2018
auto.tcl: Setting watchdog for 200 seconds at Sun Jul 22 01:44:37 UTC 2018
3003 ms. Memory: 208384K Free: 185740K (89%)
ptolemy.util.test.WatchDog.cancel(): canceling Sun Jul 22 01:44:40 UTC 2018
------------------ testing $PTII/ptolemy/domains/de/test/auto/FSM1.xml
auto.tcl: Setting watchdog for 200 seconds at Sun Jul 22 01:44:40 UTC 2018
30 ms. Memory: 208384K Free: 189593K (91%)
ptolemy.util.test.WatchDog.cancel(): canceling Sun Jul 22 01:44:40 UTC 2018
auto.tcl: Setting watchdog for 200 seconds at Sun Jul 22 01:44:40 UTC 2018
14 ms. Memory: 208384K Free: 185045K (89%)
ptolemy.util.test.WatchDog.cancel(): canceling Sun Jul 22 01:44:40 UTC 2018
------------------ testing $PTII/ptolemy/domains/de/test/auto/FSM7.xml
auto.tcl: Setting watchdog for 200 seconds at Sun Jul 22 01:44:40 UTC 2018
15 ms. Memory: 208384K Free: 187354K (90%)
ptolemy.util.test.WatchDog.cancel(): canceling Sun Jul 22 01:44:40 UTC 2018
auto.tcl: Setting watchdog for 200 seconds at Sun Jul 22 01:44:40 UTC 2018
15 ms. Memory: 208384K Free: 185257K (89%)
ptolemy.util.test.WatchDog.cancel(): canceling Sun Jul 22 01:44:40 UTC 2018
------------------ testing $PTII/ptolemy/domains/de/test/auto/Inspection.xml
auto.tcl: Setting watchdog for 200 seconds at Sun Jul 22 01:44:40 UTC 2018
45 ms. Memory: 208384K Free: 188593K (91%)
ptolemy.util.test.WatchDog.cancel(): canceling Sun Jul 22 01:44:40 UTC 2018
auto.tcl: Setting watchdog for 200 seconds at Sun Jul 22 01:44:40 UTC 2018
33 ms. Memory: 208384K Free: 186480K (89%)
ptolemy.util.test.WatchDog.cancel(): canceling Sun Jul 22 01:44:40 UTC 2018
------------------ testing $PTII/ptolemy/domains/de/test/auto/Iteration.xml
auto.tcl: Setting watchdog for 200 seconds at Sun Jul 22 01:44:41 UTC 2018
10 ms. Memory: 208384K Free: 196384K (94%)
ptolemy.util.test.WatchDog.cancel(): canceling Sun Jul 22 01:44:41 UTC 2018
auto.tcl: Setting watchdog for 200 seconds at Sun Jul 22 01:44:41 UTC 2018
7 ms. Memory: 208384K Free: 193941K (93%)
ptolemy.util.test.WatchDog.cancel(): canceling Sun Jul 22 01:44:41 UTC 2018
------------------ testing $PTII/ptolemy/domains/de/test/auto/LineFault.xml
auto.tcl: Setting watchdog for 200 seconds at Sun Jul 22 01:44:41 UTC 2018
778 ms. Memory: 208384K Free: 196253K (94%)
ptolemy.util.test.WatchDog.cancel(): canceling Sun Jul 22 01:44:42 UTC 2018
auto.tcl: Setting watchdog for 200 seconds at Sun Jul 22 01:44:42 UTC 2018
639 ms. Memory: 208384K Free: 140750K (68%)
ptolemy.util.test.WatchDog.cancel(): canceling Sun Jul 22 01:44:42 UTC 2018
------------------ testing $PTII/ptolemy/domains/de/test/auto/MergeModel1Add.xml
auto.tcl: Setting watchdog for 200 seconds at Sun Jul 22 01:44:42 UTC 2018
18 ms. Memory: 331264K Free: 298852K (90%)
ptolemy.util.test.WatchDog.cancel(): canceling Sun Jul 22 01:44:43 UTC 2018
auto.tcl: Setting watchdog for 200 seconds at Sun Jul 22 01:44:43 UTC 2018
10 ms. Memory: 331264K Free: 298852K (90%)
ptolemy.util.test.WatchDog.cancel(): canceling Sun Jul 22 01:44:43 UTC 2018
------------------ testing $PTII/ptolemy/domains/de/test/auto/MergeModel2Add.xml
auto.tcl: Setting watchdog for 200 seconds at Sun Jul 22 01:44:43 UTC 2018
14 ms. Memory: 331264K Free: 304149K (92%)
ptolemy.util.test.WatchDog.cancel(): canceling Sun Jul 22 01:44:43 UTC 2018
auto.tcl: Setting watchdog for 200 seconds at Sun Jul 22 01:44:43 UTC 2018
8 ms. Memory: 331264K Free: 300190K (91%)
ptolemy.util.test.WatchDog.cancel(): canceling Sun Jul 22 01:44:43 UTC 2018
------------------ testing $PTII/ptolemy/domains/de/test/auto/MergeModel3Add.xml
auto.tcl: Setting watchdog for 200 seconds at Sun Jul 22 01:44:43 UTC 2018
11 ms. Memory: 331264K Free: 304151K (92%)
ptolemy.util.test.WatchDog.cancel(): canceling Sun Jul 22 01:44:43 UTC 2018
auto.tcl: Setting watchdog for 200 seconds at Sun Jul 22 01:44:43 UTC 2018
10 ms. Memory: 331264K Free: 300208K (91%)
ptolemy.util.test.WatchDog.cancel(): canceling Sun Jul 22 01:44:43 UTC 2018
------------------ testing $PTII/ptolemy/domains/de/test/auto/MergeWithoutDiscard.xml
auto.tcl: Setting watchdog for 200 seconds at Sun Jul 22 01:44:43 UTC 2018
2 ms. Memory: 331264K Free: 320237K (97%)
ptolemy.util.test.WatchDog.cancel(): canceling Sun Jul 22 01:44:43 UTC 2018
auto.tcl: Setting watchdog for 200 seconds at Sun Jul 22 01:44:43 UTC 2018
2 ms. Memory: 331264K Free: 316294K (95%)
ptolemy.util.test.WatchDog.cancel(): canceling Sun Jul 22 01:44:43 UTC 2018
------------------ testing $PTII/ptolemy/domains/de/test/auto/Modal1.xml
auto.tcl: Setting watchdog for 200 seconds at Sun Jul 22 01:44:43 UTC 2018
23 ms. Memory: 331264K Free: 309890K (94%)
ptolemy.util.test.WatchDog.cancel(): canceling Sun Jul 22 01:44:43 UTC 2018
auto.tcl: Setting watchdog for 200 seconds at Sun Jul 22 01:44:43 UTC 2018
18 ms. Memory: 331264K Free: 305947K (92%)
ptolemy.util.test.WatchDog.cancel(): canceling Sun Jul 22 01:44:43 UTC 2018
------------------ testing $PTII/ptolemy/domains/de/test/auto/Modal2.xml
auto.tcl: Setting watchdog for 200 seconds at Sun Jul 22 01:44:43 UTC 2018
15 ms. Memory: 331264K Free: 309779K (94%)
ptolemy.util.test.WatchDog.cancel(): canceling Sun Jul 22 01:44:43 UTC 2018
auto.tcl: Setting watchdog for 200 seconds at Sun Jul 22 01:44:43 UTC 2018
12 ms. Memory: 331264K Free: 305836K (92%)
ptolemy.util.test.WatchDog.cancel(): canceling Sun Jul 22 01:44:43 UTC 2018
------------------ testing $PTII/ptolemy/domains/de/test/auto/Modal3.xml
auto.tcl: Setting watchdog for 200 seconds at Sun Jul 22 01:44:43 UTC 2018
10 ms. Memory: 331264K Free: 310047K (94%)
ptolemy.util.test.WatchDog.cancel(): canceling Sun Jul 22 01:44:43 UTC 2018
auto.tcl: Setting watchdog for 200 seconds at Sun Jul 22 01:44:43 UTC 2018
11 ms. Memory: 331264K Free: 305802K (92%)
ptolemy.util.test.WatchDog.cancel(): canceling Sun Jul 22 01:44:43 UTC 2018
------------------ testing $PTII/ptolemy/domains/de/test/auto/Modal4.xml
auto.tcl: Setting watchdog for 200 seconds at Sun Jul 22 01:44:43 UTC 2018
27 ms. Memory: 331264K Free: 309781K (94%)
ptolemy.util.test.WatchDog.cancel(): canceling Sun Jul 22 01:44:43 UTC 2018
auto.tcl: Setting watchdog for 200 seconds at Sun Jul 22 01:44:43 UTC 2018
22 ms. Memory: 331264K Free: 305830K (92%)
ptolemy.util.test.WatchDog.cancel(): canceling Sun Jul 22 01:44:43 UTC 2018
------------------ testing $PTII/ptolemy/domains/de/test/auto/Modal5.xml
auto.tcl: Setting watchdog for 200 seconds at Sun Jul 22 01:44:43 UTC 2018
21 ms. Memory: 331264K Free: 309769K (94%)
ptolemy.util.test.WatchDog.cancel(): canceling Sun Jul 22 01:44:43 UTC 2018
auto.tcl: Setting watchdog for 200 seconds at Sun Jul 22 01:44:43 UTC 2018
18 ms. Memory: 331264K Free: 305826K (92%)
ptolemy.util.test.WatchDog.cancel(): canceling Sun Jul 22 01:44:43 UTC 2018
------------------ testing $PTII/ptolemy/domains/de/test/auto/Modal6.xml
auto.tcl: Setting watchdog for 200 seconds at Sun Jul 22 01:44:44 UTC 2018
16 ms. Memory: 331264K Free: 309766K (94%)
ptolemy.util.test.WatchDog.cancel(): canceling Sun Jul 22 01:44:44 UTC 2018
auto.tcl: Setting watchdog for 200 seconds at Sun Jul 22 01:44:44 UTC 2018
17 ms. Memory: 331264K Free: 305816K (92%)
ptolemy.util.test.WatchDog.cancel(): canceling Sun Jul 22 01:44:44 UTC 2018
------------------ testing $PTII/ptolemy/domains/de/test/auto/Modal7.xml
auto.tcl: Setting watchdog for 200 seconds at Sun Jul 22 01:44:44 UTC 2018
19 ms. Memory: 331264K Free: 309758K (94%)
ptolemy.util.test.WatchDog.cancel(): canceling Sun Jul 22 01:44:44 UTC 2018
auto.tcl: Setting watchdog for 200 seconds at Sun Jul 22 01:44:44 UTC 2018
12 ms. Memory: 331264K Free: 305816K (92%)
ptolemy.util.test.WatchDog.cancel(): canceling Sun Jul 22 01:44:44 UTC 2018
------------------ testing $PTII/ptolemy/domains/de/test/auto/ModalModel.xml
auto.tcl: Setting watchdog for 200 seconds at Sun Jul 22 01:44:44 UTC 2018
246 ms. Memory: 331264K Free: 248545K (75%)
ptolemy.util.test.WatchDog.cancel(): canceling Sun Jul 22 01:44:44 UTC 2018
auto.tcl: Setting watchdog for 200 seconds at Sun Jul 22 01:44:44 UTC 2018
215 ms. Memory: 331264K Free: 193211K (58%)
ptolemy.util.test.WatchDog.cancel(): canceling Sun Jul 22 01:44:44 UTC 2018
------------------ testing $PTII/ptolemy/domains/de/test/auto/ModalSource.xml
auto.tcl: Setting watchdog for 200 seconds at Sun Jul 22 01:44:44 UTC 2018
6 ms. Memory: 331264K Free: 316510K (96%)
ptolemy.util.test.WatchDog.cancel(): canceling Sun Jul 22 01:44:44 UTC 2018
auto.tcl: Setting watchdog for 200 seconds at Sun Jul 22 01:44:44 UTC 2018
7 ms. Memory: 331264K Free: 312981K (94%)
ptolemy.util.test.WatchDog.cancel(): canceling Sun Jul 22 01:44:44 UTC 2018
------------------ testing $PTII/ptolemy/domains/de/test/auto/NonInterruptibleTimerZeroDelay.xml
auto.tcl: Setting watchdog for 200 seconds at Sun Jul 22 01:44:44 UTC 2018
4 ms. Memory: 331264K Free: 320885K (97%)
ptolemy.util.test.WatchDog.cancel(): canceling Sun Jul 22 01:44:44 UTC 2018
auto.tcl: Setting watchdog for 200 seconds at Sun Jul 22 01:44:44 UTC 2018
3 ms. Memory: 331264K Free: 317356K (96%)
ptolemy.util.test.WatchDog.cancel(): canceling Sun Jul 22 01:44:44 UTC 2018
------------------ testing $PTII/ptolemy/domains/de/test/auto/OpenQueueingNetwork.xml
auto.tcl: Setting watchdog for 200 seconds at Sun Jul 22 01:44:44 UTC 2018
3415 ms. Memory: 317952K Free: 164624K (52%)
ptolemy.util.test.WatchDog.cancel(): canceling Sun Jul 22 01:44:48 UTC 2018
auto.tcl: Setting watchdog for 200 seconds at Sun Jul 22 01:44:48 UTC 2018
2547 ms. Memory: 287232K Free: 255417K (89%)
ptolemy.util.test.WatchDog.cancel(): canceling Sun Jul 22 01:44:51 UTC 2018
------------------ testing $PTII/ptolemy/domains/de/test/auto/OpenQueuingNetwork.xml
auto.tcl: Setting watchdog for 200 seconds at Sun Jul 22 01:44:51 UTC 2018
255 ms. Memory: 287232K Free: 190563K (66%)
ptolemy.util.test.WatchDog.cancel(): canceling Sun Jul 22 01:44:51 UTC 2018
auto.tcl: Setting watchdog for 200 seconds at Sun Jul 22 01:44:51 UTC 2018
273 ms. Memory: 287232K Free: 129828K (45%)
ptolemy.util.test.WatchDog.cancel(): canceling Sun Jul 22 01:44:51 UTC 2018
------------------ testing $PTII/ptolemy/domains/de/test/auto/PeriodicSampler.xml
auto.tcl: Setting watchdog for 200 seconds at Sun Jul 22 01:44:51 UTC 2018
3 ms. Memory: 289792K Free: 274760K (95%)
ptolemy.util.test.WatchDog.cancel(): canceling Sun Jul 22 01:44:51 UTC 2018
auto.tcl: Setting watchdog for 200 seconds at Sun Jul 22 01:44:51 UTC 2018
3 ms. Memory: 289792K Free: 274760K (95%)
ptolemy.util.test.WatchDog.cancel(): canceling Sun Jul 22 01:44:51 UTC 2018
------------------ testing $PTII/ptolemy/domains/de/test/auto/PersistentIO.xml
auto.tcl: Setting watchdog for 200 seconds at Sun Jul 22 01:44:51 UTC 2018
13 ms. Memory: 287232K Free: 267085K (93%)
ptolemy.util.test.WatchDog.cancel(): canceling Sun Jul 22 01:44:51 UTC 2018
auto.tcl: Setting watchdog for 200 seconds at Sun Jul 22 01:44:51 UTC 2018
4 ms. Memory: 287232K Free: 267085K (93%)
ptolemy.util.test.WatchDog.cancel(): canceling Sun Jul 22 01:44:51 UTC 2018
------------------ testing $PTII/ptolemy/domains/de/test/auto/PortParameterResetOnInitialize.xml
auto.tcl: Setting watchdog for 200 seconds at Sun Jul 22 01:44:51 UTC 2018
2 ms. Memory: 289280K Free: 274716K (95%)
ptolemy.util.test.WatchDog.cancel(): canceling Sun Jul 22 01:44:51 UTC 2018
auto.tcl: Setting watchdog for 200 seconds at Sun Jul 22 01:44:51 UTC 2018
2 ms. Memory: 289280K Free: 274716K (95%)
ptolemy.util.test.WatchDog.cancel(): canceling Sun Jul 22 01:44:51 UTC 2018
------------------ testing $PTII/ptolemy/domains/de/test/auto/PortParameterUpdates.xml
auto.tcl: Setting watchdog for 200 seconds at Sun Jul 22 01:44:52 UTC 2018
6 ms. Memory: 287232K Free: 274844K (96%)
ptolemy.util.test.WatchDog.cancel(): canceling Sun Jul 22 01:44:52 UTC 2018
auto.tcl: Setting watchdog for 200 seconds at Sun Jul 22 01:44:52 UTC 2018
5 ms. Memory: 287232K Free: 271945K (95%)
ptolemy.util.test.WatchDog.cancel(): canceling Sun Jul 22 01:44:52 UTC 2018
------------------ testing $PTII/ptolemy/domains/de/test/auto/QueueAndServer.xml
auto.tcl: Setting watchdog for 200 seconds at Sun Jul 22 01:44:52 UTC 2018
19 ms. Memory: 289280K Free: 274040K (95%)
ptolemy.util.test.WatchDog.cancel(): canceling Sun Jul 22 01:44:52 UTC 2018
auto.tcl: Setting watchdog for 200 seconds at Sun Jul 22 01:44:52 UTC 2018
9 ms. Memory: 289280K Free: 274040K (95%)
ptolemy.util.test.WatchDog.cancel(): canceling Sun Jul 22 01:44:52 UTC 2018
------------------ testing $PTII/ptolemy/domains/de/test/auto/Records.xml
auto.tcl: Setting watchdog for 200 seconds at Sun Jul 22 01:44:52 UTC 2018
6 ms. Memory: 287232K Free: 272707K (95%)
ptolemy.util.test.WatchDog.cancel(): canceling Sun Jul 22 01:44:52 UTC 2018
auto.tcl: Setting watchdog for 200 seconds at Sun Jul 22 01:44:52 UTC 2018
2 ms. Memory: 287232K Free: 272707K (95%)
ptolemy.util.test.WatchDog.cancel(): canceling Sun Jul 22 01:44:52 UTC 2018
------------------ testing $PTII/ptolemy/domains/de/test/auto/ResetTransitionWithStartTime1.xml
auto.tcl: Setting watchdog for 200 seconds at Sun Jul 22 01:44:52 UTC 2018
14 ms. Memory: 288768K Free: 273412K (95%)
ptolemy.util.test.WatchDog.cancel(): canceling Sun Jul 22 01:44:52 UTC 2018
auto.tcl: Setting watchdog for 200 seconds at Sun Jul 22 01:44:52 UTC 2018
7 ms. Memory: 288768K Free: 270505K (94%)
ptolemy.util.test.WatchDog.cancel(): canceling Sun Jul 22 01:44:52 UTC 2018
------------------ testing $PTII/ptolemy/domains/de/test/auto/ResetTransitionWithStartTime2.xml
auto.tcl: Setting watchdog for 200 seconds at Sun Jul 22 01:44:52 UTC 2018
5 ms. Memory: 287232K Free: 271976K (95%)
ptolemy.util.test.WatchDog.cancel(): canceling Sun Jul 22 01:44:52 UTC 2018
auto.tcl: Setting watchdog for 200 seconds at Sun Jul 22 01:44:52 UTC 2018
6 ms. Memory: 287232K Free: 269077K (94%)
ptolemy.util.test.WatchDog.cancel(): canceling Sun Jul 22 01:44:52 UTC 2018
------------------ testing $PTII/ptolemy/domains/de/test/auto/ResetTransitionWithStartTime3.xml
auto.tcl: Setting watchdog for 200 seconds at Sun Jul 22 01:44:52 UTC 2018
8 ms. Memory: 288768K Free: 271336K (94%)
ptolemy.util.test.WatchDog.cancel(): canceling Sun Jul 22 01:44:52 UTC 2018
auto.tcl: Setting watchdog for 200 seconds at Sun Jul 22 01:44:52 UTC 2018
9 ms. Memory: 288768K Free: 268437K (93%)
ptolemy.util.test.WatchDog.cancel(): canceling Sun Jul 22 01:44:52 UTC 2018
------------------ testing $PTII/ptolemy/domains/de/test/auto/ResetTransitionWithStartTime4.xml
auto.tcl: Setting watchdog for 200 seconds at Sun Jul 22 01:44:52 UTC 2018
4 ms. Memory: 287232K Free: 271880K (95%)
ptolemy.util.test.WatchDog.cancel(): canceling Sun Jul 22 01:44:52 UTC 2018
auto.tcl: Setting watchdog for 200 seconds at Sun Jul 22 01:44:52 UTC 2018
4 ms. Memory: 287232K Free: 271880K (95%)
ptolemy.util.test.WatchDog.cancel(): canceling Sun Jul 22 01:44:52 UTC 2018
------------------ testing $PTII/ptolemy/domains/de/test/auto/ResettableTimer1.xml
auto.tcl: Setting watchdog for 200 seconds at Sun Jul 22 01:44:52 UTC 2018
4 ms. Memory: 288768K Free: 276294K (96%)
ptolemy.util.test.WatchDog.cancel(): canceling Sun Jul 22 01:44:52 UTC 2018
auto.tcl: Setting watchdog for 200 seconds at Sun Jul 22 01:44:52 UTC 2018
3 ms. Memory: 288768K Free: 276294K (96%)
ptolemy.util.test.WatchDog.cancel(): canceling Sun Jul 22 01:44:52 UTC 2018
------------------ testing $PTII/ptolemy/domains/de/test/auto/ResettableTimer2.xml
auto.tcl: Setting watchdog for 200 seconds at Sun Jul 22 01:44:52 UTC 2018
6 ms. Memory: 287232K Free: 274925K (96%)
ptolemy.util.test.WatchDog.cancel(): canceling Sun Jul 22 01:44:52 UTC 2018
auto.tcl: Setting watchdog for 200 seconds at Sun Jul 22 01:44:52 UTC 2018
2 ms. Memory: 287232K Free: 274925K (96%)
ptolemy.util.test.WatchDog.cancel(): canceling Sun Jul 22 01:44:52 UTC 2018
------------------ testing $PTII/ptolemy/domains/de/test/auto/ResettableTimer3.xml
auto.tcl: Setting watchdog for 200 seconds at Sun Jul 22 01:44:52 UTC 2018
1 ms. Memory: 288256K Free: 275840K (96%)
ptolemy.util.test.WatchDog.cancel(): canceling Sun Jul 22 01:44:52 UTC 2018
auto.tcl: Setting watchdog for 200 seconds at Sun Jul 22 01:44:52 UTC 2018
2 ms. Memory: 288256K Free: 275840K (96%)
ptolemy.util.test.WatchDog.cancel(): canceling Sun Jul 22 01:44:52 UTC 2018
------------------ testing $PTII/ptolemy/domains/de/test/auto/ResettableTimer4.xml
auto.tcl: Setting watchdog for 200 seconds at Sun Jul 22 01:44:52 UTC 2018
2 ms. Memory: 287232K Free: 274930K (96%)
ptolemy.util.test.WatchDog.cancel(): canceling Sun Jul 22 01:44:52 UTC 2018
auto.tcl: Setting watchdog for 200 seconds at Sun Jul 22 01:44:52 UTC 2018
1 ms. Memory: 287232K Free: 274930K (96%)
ptolemy.util.test.WatchDog.cancel(): canceling Sun Jul 22 01:44:52 UTC 2018
------------------ testing $PTII/ptolemy/domains/de/test/auto/ResettableTimer5.xml
auto.tcl: Setting watchdog for 200 seconds at Sun Jul 22 01:44:52 UTC 2018
1 ms. Memory: 288256K Free: 273902K (95%)
ptolemy.util.test.WatchDog.cancel(): canceling Sun Jul 22 01:44:52 UTC 2018
auto.tcl: Setting watchdog for 200 seconds at Sun Jul 22 01:44:52 UTC 2018
1 ms. Memory: 288256K Free: 273902K (95%)
ptolemy.util.test.WatchDog.cancel(): canceling Sun Jul 22 01:44:52 UTC 2018
------------------ testing $PTII/ptolemy/domains/de/test/auto/ResettableTimer6.xml
auto.tcl: Setting watchdog for 200 seconds at Sun Jul 22 01:44:52 UTC 2018
1 ms. Memory: 287232K Free: 272718K (95%)
ptolemy.util.test.WatchDog.cancel(): canceling Sun Jul 22 01:44:52 UTC 2018
auto.tcl: Setting watchdog for 200 seconds at Sun Jul 22 01:44:52 UTC 2018
1 ms. Memory: 287232K Free: 272718K (95%)
ptolemy.util.test.WatchDog.cancel(): canceling Sun Jul 22 01:44:52 UTC 2018
------------------ testing $PTII/ptolemy/domains/de/test/auto/ServerZeroDelay.xml
auto.tcl: Setting watchdog for 200 seconds at Sun Jul 22 01:44:52 UTC 2018
3 ms. Memory: 288256K Free: 275892K (96%)
ptolemy.util.test.WatchDog.cancel(): canceling Sun Jul 22 01:44:52 UTC 2018
auto.tcl: Setting watchdog for 200 seconds at Sun Jul 22 01:44:52 UTC 2018
3 ms. Memory: 288256K Free: 275892K (96%)
ptolemy.util.test.WatchDog.cancel(): canceling Sun Jul 22 01:44:52 UTC 2018
------------------ testing $PTII/ptolemy/domains/de/test/auto/SmartSender.xml
auto.tcl: Setting watchdog for 200 seconds at Sun Jul 22 01:44:52 UTC 2018
3001 ms. Memory: 287232K Free: 272821K (95%)
ptolemy.util.test.WatchDog.cancel(): canceling Sun Jul 22 01:44:55 UTC 2018
auto.tcl: Setting watchdog for 200 seconds at Sun Jul 22 01:44:55 UTC 2018
3001 ms. Memory: 287232K Free: 272821K (95%)
ptolemy.util.test.WatchDog.cancel(): canceling Sun Jul 22 01:44:58 UTC 2018
------------------ testing $PTII/ptolemy/domains/de/test/auto/ThreadedComposite.xml
auto.tcl: Setting watchdog for 200 seconds at Sun Jul 22 01:44:59 UTC 2018
317 ms. Memory: 288256K Free: 252679K (88%)
ptolemy.util.test.WatchDog.cancel(): canceling Sun Jul 22 01:44:59 UTC 2018
auto.tcl: Setting watchdog for 200 seconds at Sun Jul 22 01:44:59 UTC 2018
207 ms. Memory: 288256K Free: 237430K (82%)
ptolemy.util.test.WatchDog.cancel(): canceling Sun Jul 22 01:44:59 UTC 2018
------------------ testing $PTII/ptolemy/domains/de/test/auto/Time.xml
auto.tcl: Setting watchdog for 200 seconds at Sun Jul 22 01:44:59 UTC 2018
666 ms. Memory: 287232K Free: 223030K (78%)
ptolemy.util.test.WatchDog.cancel(): canceling Sun Jul 22 01:45:00 UTC 2018
auto.tcl: Setting watchdog for 200 seconds at Sun Jul 22 01:45:00 UTC 2018
600 ms. Memory: 287232K Free: 170846K (59%)
ptolemy.util.test.WatchDog.cancel(): canceling Sun Jul 22 01:45:00 UTC 2018
------------------ testing $PTII/ptolemy/domains/de/test/auto/TimeDelayZeroDelay.xml
auto.tcl: Setting watchdog for 200 seconds at Sun Jul 22 01:45:00 UTC 2018
6 ms. Memory: 287744K Free: 275847K (96%)
ptolemy.util.test.WatchDog.cancel(): canceling Sun Jul 22 01:45:01 UTC 2018
auto.tcl: Setting watchdog for 200 seconds at Sun Jul 22 01:45:01 UTC 2018
2 ms. Memory: 287744K Free: 275847K (96%)
ptolemy.util.test.WatchDog.cancel(): canceling Sun Jul 22 01:45:01 UTC 2018
------------------ testing $PTII/ptolemy/domains/de/test/auto/TimerZeroDelay.xml
auto.tcl: Setting watchdog for 200 seconds at Sun Jul 22 01:45:01 UTC 2018
4 ms. Memory: 287232K Free: 275445K (96%)
ptolemy.util.test.WatchDog.cancel(): canceling Sun Jul 22 01:45:01 UTC 2018
auto.tcl: Setting watchdog for 200 seconds at Sun Jul 22 01:45:01 UTC 2018
2 ms. Memory: 287232K Free: 275445K (96%)
ptolemy.util.test.WatchDog.cancel(): canceling Sun Jul 22 01:45:01 UTC 2018
------------------ testing $PTII/ptolemy/domains/de/test/auto/TimingParadox.xml
auto.tcl: Setting watchdog for 200 seconds at Sun Jul 22 01:45:01 UTC 2018
338 ms. Memory: 287744K Free: 211681K (74%)
ptolemy.util.test.WatchDog.cancel(): canceling Sun Jul 22 01:45:01 UTC 2018
auto.tcl: Setting watchdog for 200 seconds at Sun Jul 22 01:45:01 UTC 2018
355 ms. Memory: 287744K Free: 177939K (62%)
ptolemy.util.test.WatchDog.cancel(): canceling Sun Jul 22 01:45:01 UTC 2018
------------------ testing $PTII/ptolemy/domains/de/test/auto/TransferInputs.xml
auto.tcl: Setting watchdog for 200 seconds at Sun Jul 22 01:45:02 UTC 2018
2 ms. Memory: 287744K Free: 274820K (96%)
ptolemy.util.test.WatchDog.cancel(): canceling Sun Jul 22 01:45:02 UTC 2018
auto.tcl: Setting watchdog for 200 seconds at Sun Jul 22 01:45:02 UTC 2018
2 ms. Memory: 287744K Free: 274820K (96%)
ptolemy.util.test.WatchDog.cancel(): canceling Sun Jul 22 01:45:02 UTC 2018
------------------ testing $PTII/ptolemy/domains/de/test/auto/TransferOutputs2.xml
auto.tcl: Setting watchdog for 200 seconds at Sun Jul 22 01:45:02 UTC 2018
3 ms. Memory: 287232K Free: 270749K (94%)
ptolemy.util.test.WatchDog.cancel(): canceling Sun Jul 22 01:45:02 UTC 2018
auto.tcl: Setting watchdog for 200 seconds at Sun Jul 22 01:45:02 UTC 2018
3 ms. Memory: 287232K Free: 268121K (93%)
ptolemy.util.test.WatchDog.cancel(): canceling Sun Jul 22 01:45:02 UTC 2018
------------------ testing $PTII/ptolemy/domains/de/test/auto/Trilateration.xml
auto.tcl: Setting watchdog for 200 seconds at Sun Jul 22 01:45:02 UTC 2018
12483 ms. Memory: 455168K Free: 195314K (43%)
ptolemy.util.test.WatchDog.cancel(): canceling Sun Jul 22 01:45:15 UTC 2018
auto.tcl: Setting watchdog for 200 seconds at Sun Jul 22 01:45:15 UTC 2018
10532 ms. Memory: 326144K Free: 269822K (83%)
ptolemy.util.test.WatchDog.cancel(): canceling Sun Jul 22 01:45:26 UTC 2018
------------------ testing $PTII/ptolemy/domains/de/test/auto/TwoSigmaDelta.xml
auto.tcl: Setting watchdog for 200 seconds at Sun Jul 22 01:45:26 UTC 2018
3109 ms. Memory: 315904K Free: 258670K (82%)
ptolemy.util.test.WatchDog.cancel(): canceling Sun Jul 22 01:45:29 UTC 2018
auto.tcl: Setting watchdog for 200 seconds at Sun Jul 22 01:45:29 UTC 2018
2120 ms. Memory: 305152K Free: 248938K (82%)
ptolemy.util.test.WatchDog.cancel(): canceling Sun Jul 22 01:45:32 UTC 2018
------------------ testing $PTII/ptolemy/domains/de/test/auto/VariableDelay.xml
auto.tcl: Setting watchdog for 200 seconds at Sun Jul 22 01:45:32 UTC 2018
3 ms. Memory: 305152K Free: 289092K (95%)
ptolemy.util.test.WatchDog.cancel(): canceling Sun Jul 22 01:45:32 UTC 2018
auto.tcl: Setting watchdog for 200 seconds at Sun Jul 22 01:45:32 UTC 2018
1 ms. Memory: 305152K Free: 289092K (95%)
ptolemy.util.test.WatchDog.cancel(): canceling Sun Jul 22 01:45:32 UTC 2018
------------------ testing $PTII/ptolemy/domains/de/test/auto/VariableDelay2.xml
auto.tcl: Setting watchdog for 200 seconds at Sun Jul 22 01:45:32 UTC 2018
8 ms. Memory: 307200K Free: 293780K (96%)
ptolemy.util.test.WatchDog.cancel(): canceling Sun Jul 22 01:45:32 UTC 2018
auto.tcl: Setting watchdog for 200 seconds at Sun Jul 22 01:45:32 UTC 2018
2 ms. Memory: 307200K Free: 293780K (96%)
ptolemy.util.test.WatchDog.cancel(): canceling Sun Jul 22 01:45:32 UTC 2018
------------------ testing $PTII/ptolemy/domains/de/test/auto/VariableDelayZeroDelay.xml
auto.tcl: Setting watchdog for 200 seconds at Sun Jul 22 01:45:32 UTC 2018
3 ms. Memory: 305152K Free: 292763K (96%)
ptolemy.util.test.WatchDog.cancel(): canceling Sun Jul 22 01:45:32 UTC 2018
auto.tcl: Setting watchdog for 200 seconds at Sun Jul 22 01:45:32 UTC 2018
2 ms. Memory: 305152K Free: 289501K (95%)
ptolemy.util.test.WatchDog.cancel(): canceling Sun Jul 22 01:45:32 UTC 2018
------------------ testing $PTII/ptolemy/domains/de/test/auto/VariableDelayZeroDelay2.xml
auto.tcl: Setting watchdog for 200 seconds at Sun Jul 22 01:45:32 UTC 2018
2 ms. Memory: 306688K Free: 291027K (95%)
ptolemy.util.test.WatchDog.cancel(): canceling Sun Jul 22 01:45:32 UTC 2018
auto.tcl: Setting watchdog for 200 seconds at Sun Jul 22 01:45:32 UTC 2018
2 ms. Memory: 306688K Free: 291027K (95%)
ptolemy.util.test.WatchDog.cancel(): canceling Sun Jul 22 01:45:32 UTC 2018
------------------ testing $PTII/ptolemy/domains/de/test/auto/deInCt.xml
auto.tcl: Setting watchdog for 200 seconds at Sun Jul 22 01:45:32 UTC 2018
0
1
1
1
0
0
0
1
1
0
0
0
1
1
1
0
0
0
1
1
0
0
1
1
1
1
0
0
0
1
1
1
1
0
0
0
1
1
1
0
0
0
1
1
1
1
0
0
0
0
12 ms. Memory: 305152K Free: 289497K (95%)
ptolemy.util.test.WatchDog.cancel(): canceling Sun Jul 22 01:45:32 UTC 2018
auto.tcl: Setting watchdog for 200 seconds at Sun Jul 22 01:45:32 UTC 2018
0
1
1
1
1
0
0
0
1
1
1
0
0
0
0
0
1
1
0
0
0
1
1
1
0
0
0
1
1
1
0
0
0
1
1
1
0
0
0
0
0
7 ms. Memory: 305152K Free: 289497K (95%)
ptolemy.util.test.WatchDog.cancel(): canceling Sun Jul 22 01:45:32 UTC 2018
------------------ testing $PTII/ptolemy/domains/de/test/auto/deInCt2.xml
auto.tcl: Setting watchdog for 200 seconds at Sun Jul 22 01:45:32 UTC 2018
0
1
1
1
0
0
1
1
1
0
0
1
1
1
0
0
1
1
1
0
0
1
1
1
0
0
1
1
1
0
0
1
1
1
0
0
1
1
1
0
0
0
12 ms. Memory: 306688K Free: 291032K (95%)
ptolemy.util.test.WatchDog.cancel(): canceling Sun Jul 22 01:45:32 UTC 2018
auto.tcl: Setting watchdog for 200 seconds at Sun Jul 22 01:45:32 UTC 2018
0
1
1
1
0
0
1
1
1
0
0
1
1
1
0
0
1
1
1
0
0
1
1
1
0
0
1
1
1
0
0
1
1
1
0
0
1
1
1
0
0
0
7 ms. Memory: 306688K Free: 291032K (95%)
ptolemy.util.test.WatchDog.cancel(): canceling Sun Jul 22 01:45:32 UTC 2018
------------------ testing $PTII/ptolemy/domains/de/test/auto/dynamicCausalityInterface1.xml
auto.tcl: Setting watchdog for 200 seconds at Sun Jul 22 01:45:32 UTC 2018
2 ms. Memory: 305152K Free: 286230K (94%)
ptolemy.util.test.WatchDog.cancel(): canceling Sun Jul 22 01:45:32 UTC 2018
auto.tcl: Setting watchdog for 200 seconds at Sun Jul 22 01:45:32 UTC 2018
1 ms. Memory: 305152K Free: 282975K (93%)
ptolemy.util.test.WatchDog.cancel(): canceling Sun Jul 22 01:45:32 UTC 2018
------------------ testing $PTII/ptolemy/domains/de/test/auto/fsm_de_test.xml
auto.tcl: Setting watchdog for 200 seconds at Sun Jul 22 01:45:32 UTC 2018
7 ms. Memory: 306176K Free: 287148K (94%)
ptolemy.util.test.WatchDog.cancel(): canceling Sun Jul 22 01:45:32 UTC 2018
auto.tcl: Setting watchdog for 200 seconds at Sun Jul 22 01:45:32 UTC 2018
5 ms. Memory: 306176K Free: 283878K (93%)
ptolemy.util.test.WatchDog.cancel(): canceling Sun Jul 22 01:45:32 UTC 2018
------------------ testing $PTII/ptolemy/domains/de/test/auto/functionDependencyReconstruction.xml
auto.tcl: Setting watchdog for 200 seconds at Sun Jul 22 01:45:32 UTC 2018
3 ms. Memory: 305152K Free: 279607K (92%)
ptolemy.util.test.WatchDog.cancel(): canceling Sun Jul 22 01:45:32 UTC 2018
auto.tcl: Setting watchdog for 200 seconds at Sun Jul 22 01:45:32 UTC 2018
3 ms. Memory: 305152K Free: 276336K (91%)
ptolemy.util.test.WatchDog.cancel(): canceling Sun Jul 22 01:45:32 UTC 2018
------------------ testing $PTII/ptolemy/domains/de/test/auto/multirate.xml
auto.tcl: Setting watchdog for 200 seconds at Sun Jul 22 01:45:32 UTC 2018
6 ms. Memory: 306176K Free: 290270K (95%)
ptolemy.util.test.WatchDog.cancel(): canceling Sun Jul 22 01:45:32 UTC 2018
auto.tcl: Setting watchdog for 200 seconds at Sun Jul 22 01:45:32 UTC 2018
3 ms. Memory: 306176K Free: 287000K (94%)
ptolemy.util.test.WatchDog.cancel(): canceling Sun Jul 22 01:45:32 UTC 2018
------------------ testing $PTII/ptolemy/domains/de/test/auto/multirate2.xml
auto.tcl: Setting watchdog for 200 seconds at Sun Jul 22 01:45:32 UTC 2018
2 ms. Memory: 305152K Free: 289435K (95%)
ptolemy.util.test.WatchDog.cancel(): canceling Sun Jul 22 01:45:32 UTC 2018
auto.tcl: Setting watchdog for 200 seconds at Sun Jul 22 01:45:32 UTC 2018
3 ms. Memory: 305152K Free: 286172K (94%)
ptolemy.util.test.WatchDog.cancel(): canceling Sun Jul 22 01:45:32 UTC 2018
------------------ testing $PTII/ptolemy/domains/de/test/auto/realtime.xml
auto.tcl: Setting watchdog for 200 seconds at Sun Jul 22 01:45:32 UTC 2018
10001 ms. Memory: 306176K Free: 290469K (95%)
ptolemy.util.test.WatchDog.cancel(): canceling Sun Jul 22 01:45:42 UTC 2018
auto.tcl: Setting watchdog for 200 seconds at Sun Jul 22 01:45:42 UTC 2018
10003 ms. Memory: 306176K Free: 290469K (95%)
ptolemy.util.test.WatchDog.cancel(): canceling Sun Jul 22 01:45:52 UTC 2018
------------------ testing $PTII/ptolemy/domains/de/test/auto/relationGroup.xml
auto.tcl: Setting watchdog for 200 seconds at Sun Jul 22 01:45:52 UTC 2018
3 ms. Memory: 305152K Free: 292729K (96%)
ptolemy.util.test.WatchDog.cancel(): canceling Sun Jul 22 01:45:52 UTC 2018
auto.tcl: Setting watchdog for 200 seconds at Sun Jul 22 01:45:52 UTC 2018
1 ms. Memory: 305152K Free: 289475K (95%)
ptolemy.util.test.WatchDog.cancel(): canceling Sun Jul 22 01:45:52 UTC 2018
------------------ testing $PTII/ptolemy/domains/de/test/auto/relationGroup2.xml
auto.tcl: Setting watchdog for 200 seconds at Sun Jul 22 01:45:53 UTC 2018
1 ms. Memory: 305664K Free: 293268K (96%)
ptolemy.util.test.WatchDog.cancel(): canceling Sun Jul 22 01:45:53 UTC 2018
auto.tcl: Setting watchdog for 200 seconds at Sun Jul 22 01:45:53 UTC 2018
1 ms. Memory: 305664K Free: 293268K (96%)
ptolemy.util.test.WatchDog.cancel(): canceling Sun Jul 22 01:45:53 UTC 2018
------------------ testing $PTII/ptolemy/domains/de/test/auto/sortWithOpaquePorts.xml
auto.tcl: Setting watchdog for 200 seconds at Sun Jul 22 01:45:53 UTC 2018
1 ms. Memory: 305152K Free: 289503K (95%)
ptolemy.util.test.WatchDog.cancel(): canceling Sun Jul 22 01:45:53 UTC 2018
auto.tcl: Setting watchdog for 200 seconds at Sun Jul 22 01:45:53 UTC 2018
1 ms. Memory: 305152K Free: 289503K (95%)
ptolemy.util.test.WatchDog.cancel(): canceling Sun Jul 22 01:45:53 UTC 2018
------------------ testing $PTII/ptolemy/domains/de/test/auto/transferInputsandOutputs.xml
auto.tcl: Setting watchdog for 200 seconds at Sun Jul 22 01:45:53 UTC 2018
2 ms. Memory: 305664K Free: 289994K (95%)
ptolemy.util.test.WatchDog.cancel(): canceling Sun Jul 22 01:45:53 UTC 2018
auto.tcl: Setting watchdog for 200 seconds at Sun Jul 22 01:45:53 UTC 2018
2 ms. Memory: 305664K Free: 286724K (94%)
ptolemy.util.test.WatchDog.cancel(): canceling Sun Jul 22 01:45:53 UTC 2018
------------------ testing $PTII/ptolemy/domains/de/test/auto/triggerType.xml
auto.tcl: Setting watchdog for 200 seconds at Sun Jul 22 01:45:53 UTC 2018
3 ms. Memory: 305152K Free: 289423K (95%)
ptolemy.util.test.WatchDog.cancel(): canceling Sun Jul 22 01:45:53 UTC 2018
auto.tcl: Setting watchdog for 200 seconds at Sun Jul 22 01:45:53 UTC 2018
1 ms. Memory: 305152K Free: 289423K (95%)
ptolemy.util.test.WatchDog.cancel(): canceling Sun Jul 22 01:45:53 UTC 2018
07/22/18 01:45:53
Failed: 0  Total Tests: 192  ((Passed: 187, Newly Passed: 1)  Known Failed: 5) /home/travis/build/icyphy/ptII/ptolemy/domains/de/test
07/22/18 01:45:53
Failed: 0  Total Tests: 192  ((Passed: 187, Newly Passed: 1)  Known Failed: 5) /home/travis/build/icyphy/ptII/ptolemy/domains/de/test
----------------- testing (KnownFailure) /home/travis/build/icyphy/ptII/ptolemy/domains/de/test/auto/knownFailedTests/DESDFClockTest.xml
2013 ms. Memory: 305664K Free: 284290K (93%)
Known Failure: java.lang.reflect.InvocationTargetException
----------------- testing (KnownFailure) /home/travis/build/icyphy/ptII/ptolemy/domains/de/test/auto/knownFailedTests/DirectFeedback.xml
1 ms. Memory: 305664K Free: 266390K (87%)
Known Failure: java.lang.reflect.InvocationTargetException
----------------- testing (KnownFailure) /home/travis/build/icyphy/ptII/ptolemy/domains/de/test/auto/knownFailedTests/FSMSource.xml
14 ms. Memory: 305664K Free: 244000K (80%)
----------------- testing (KnownFailure) /home/travis/build/icyphy/ptII/ptolemy/domains/de/test/auto/knownFailedTests/HierarchicalModel.xml
1 ms. Memory: 305664K Free: 221601K (72%)
Known Failure: java.lang.reflect.InvocationTargetException
----------------- testing (KnownFailure) /home/travis/build/icyphy/ptII/ptolemy/domains/de/test/auto/knownFailedTests/dependencyLoop.xml
2 ms. Memory: 305664K Free: 190245K (62%)
Known Failure: java.lang.reflect.InvocationTargetException
----------------- testing (KnownFailure) /home/travis/build/icyphy/ptII/ptolemy/domains/de/test/auto/knownFailedTests/dependencyLoop2.xml
2 ms. Memory: 305664K Free: 158888K (52%)
Known Failure: java.lang.reflect.InvocationTargetException
No auto/linux-amd64/*.xml tests in /home/travis/build/icyphy/ptII/ptolemy/domains/de/test
AutoTests.java: About to close Vertx.
AutoTests.java: Vertx closed.

===========================================================================================
----------------- testing Sun Jul 22 01:45:55 UTC 2018 /home/travis/build/icyphy/ptII/ptolemy/domains/de/test/auto/ActorDepthCalculation_actorWithoutPorts.xml
----------------- Instantiating /home/travis/build/icyphy/ptII/ptolemy/domains/de/test/auto/ActorDepthCalculation_actorWithoutPorts.xml
1 ms. Memory: 305664K Free: 132023K (43%)
----------------- Invoking toplevel() on ptolemy.moml.MoMLSimpleApplication@5b5e0e85
----------------- Done invoking toplevel() on ptolemy.moml.MoMLSimpleApplication@5b5e0e85
reloadAllAccessors: .ActorDepthCalculation_actorWithoutPorts

===========================================================================================
----------------- testing Sun Jul 22 01:45:55 UTC 2018 /home/travis/build/icyphy/ptII/ptolemy/domains/de/test/auto/AssemblyLine.xml
----------------- Instantiating /home/travis/build/icyphy/ptII/ptolemy/domains/de/test/auto/AssemblyLine.xml
2 ms. Memory: 305664K Free: 118582K (39%)
----------------- Invoking toplevel() on ptolemy.moml.MoMLSimpleApplication@60d75586
----------------- Done invoking toplevel() on ptolemy.moml.MoMLSimpleApplication@60d75586
reloadAllAccessors: .AssemblyLine

===========================================================================================
----------------- testing Sun Jul 22 01:45:55 UTC 2018 /home/travis/build/icyphy/ptII/ptolemy/domains/de/test/auto/CQBug1.xml
----------------- Instantiating /home/travis/build/icyphy/ptII/ptolemy/domains/de/test/auto/CQBug1.xml
1 ms. Memory: 305664K Free: 109632K (36%)
----------------- Invoking toplevel() on ptolemy.moml.MoMLSimpleApplication@2f5d9a92
----------------- Done invoking toplevel() on ptolemy.moml.MoMLSimpleApplication@2f5d9a92
reloadAllAccessors: .CQBug1

===========================================================================================
----------------- testing Sun Jul 22 01:45:55 UTC 2018 /home/travis/build/icyphy/ptII/ptolemy/domains/de/test/auto/CancelFireAt.xml
----------------- Instantiating /home/travis/build/icyphy/ptII/ptolemy/domains/de/test/auto/CancelFireAt.xml
1 ms. Memory: 305664K Free: 100682K (33%)
----------------- Invoking toplevel() on ptolemy.moml.MoMLSimpleApplication@7aac4e71
----------------- Done invoking toplevel() on ptolemy.moml.MoMLSimpleApplication@7aac4e71
reloadAllAccessors: .CancelFireAt

===========================================================================================
----------------- testing Sun Jul 22 01:45:55 UTC 2018 /home/travis/build/icyphy/ptII/ptolemy/domains/de/test/auto/CausalityAndComposabilityAnalysis.xml
----------------- Instantiating /home/travis/build/icyphy/ptII/ptolemy/domains/de/test/auto/CausalityAndComposabilityAnalysis.xml
3 ms. Memory: 305664K Free: 91733K (30%)
----------------- Invoking toplevel() on ptolemy.moml.MoMLSimpleApplication@61215ba6
----------------- Done invoking toplevel() on ptolemy.moml.MoMLSimpleApplication@61215ba6
reloadAllAccessors: .CausalityAndComposabilityAnalysis

===========================================================================================
----------------- testing Sun Jul 22 01:45:55 UTC 2018 /home/travis/build/icyphy/ptII/ptolemy/domains/de/test/auto/CausalityInterface1.xml
----------------- Instantiating /home/travis/build/icyphy/ptII/ptolemy/domains/de/test/auto/CausalityInterface1.xml
4 ms. Memory: 305664K Free: 79528K (26%)
----------------- Invoking toplevel() on ptolemy.moml.MoMLSimpleApplication@40561803
----------------- Done invoking toplevel() on ptolemy.moml.MoMLSimpleApplication@40561803
reloadAllAccessors: .CausalityInterface1

===========================================================================================
----------------- testing Sun Jul 22 01:45:55 UTC 2018 /home/travis/build/icyphy/ptII/ptolemy/domains/de/test/auto/CausalityInterface15.xml
----------------- Instantiating /home/travis/build/icyphy/ptII/ptolemy/domains/de/test/auto/CausalityInterface15.xml
1 ms. Memory: 295424K Free: 283796K (96%)
----------------- Invoking toplevel() on ptolemy.moml.MoMLSimpleApplication@315936aa
----------------- Done invoking toplevel() on ptolemy.moml.MoMLSimpleApplication@315936aa
reloadAllAccessors: .CausalityInterface15

[...]
java.lang.RuntimeException: Execution failed
	at ptolemy.moml.MoMLSimpleApplication$UnloadThread.run(MoMLSimpleApplication.java:402)
Caused by: ptolemy.kernel.util.IllegalActionException: Test fails in iteration 1.
Value was: 1.0. Should have been: 2.0
  in .DirectFeedback.Test
	at ptolemy.actor.lib.Test.fire(Test.java:268)
	at ptolemy.domains.de.kernel.DEDirector._fire(DEDirector.java:1949)
	at ptolemy.domains.de.kernel.DEDirector.fire(DEDirector.java:502)
	at ptolemy.actor.CompositeActor.fire(CompositeActor.java:455)
	at ptolemy.actor.Manager.iterate(Manager.java:851)
	at ptolemy.actor.Manager.execute(Manager.java:369)
	at ptolemy.actor.Manager.run(Manager.java:1263)
	at ptolemy.actor.Manager$PtolemyRunThread.run(Manager.java:1915)
java.lang.RuntimeException: Execution failed
	at ptolemy.moml.MoMLSimpleApplication$UnloadThread.run(MoMLSimpleApplication.java:402)
Caused by: ptolemy.kernel.util.IllegalActionException: Actor is not ready to fire.  Perhaps UpSample.prefire() returned false? Try debugging the actor by selecting "Listen to Actor".  Also, for SDF check moml for tokenConsumptionRate on input.
  in .DESDFClockTest.Play Bell.Copy1:SDF Director and .DESDFClockTest.Play Bell.UpSample
	at ptolemy.actor.sched.StaticSchedulingDirector.fire(StaticSchedulingDirector.java:227)
	at ptolemy.domains.sdf.kernel.SDFDirector.fire(SDFDirector.java:500)
	at ptolemy.actor.CompositeActor.fire(CompositeActor.java:455)
	at ptolemy.domains.de.kernel.DEDirector._fire(DEDirector.java:1949)
	at ptolemy.domains.de.kernel.DEDirector.fire(DEDirector.java:502)
	at ptolemy.actor.CompositeActor.fire(CompositeActor.java:455)
	at ptolemy.actor.Manager.iterate(Manager.java:851)
	at ptolemy.actor.Manager.execute(Manager.java:369)
	at ptolemy.actor.Manager.run(Manager.java:1263)
	at ptolemy.actor.Manager$PtolemyRunThread.run(Manager.java:1915)
java.lang.reflect.InvocationTargetException
	at sun.reflect.NativeConstructorAccessorImpl.newInstance0(Native Method)
	at sun.reflect.NativeConstructorAccessorImpl.newInstance(NativeConstructorAccessorImpl.java:62)
	at sun.reflect.DelegatingConstructorAccessorImpl.newInstance(DelegatingConstructorAccessorImpl.java:45)
	at java.lang.reflect.Constructor.newInstance(Constructor.java:423)
	at ptolemy.util.test.junit.AutoKnownFailedTests.RunModel(AutoKnownFailedTests.java:107)
	at sun.reflect.NativeMethodAccessorImpl.invoke0(Native Method)
	at sun.reflect.NativeMethodAccessorImpl.invoke(NativeMethodAccessorImpl.java:62)
	at sun.reflect.DelegatingMethodAccessorImpl.invoke(DelegatingMethodAccessorImpl.java:43)
	at java.lang.reflect.Method.invoke(Method.java:498)
	at org.junit.runners.model.FrameworkMethod$1.runReflectiveCall(FrameworkMethod.java:44)
	at org.junit.internal.runners.model.ReflectiveCallable.run(ReflectiveCallable.java:15)
	at org.junit.runners.model.FrameworkMethod.invokeExplosively(FrameworkMethod.java:41)
	at junitparams.internal.InvokeParameterisedMethod.evaluate(InvokeParameterisedMethod.java:102)
	at org.junit.internal.runners.statements.FailOnTimeout$1.run(FailOnTimeout.java:28)
Caused by: ptolemy.kernel.util.IllegalActionException: Actor is not ready to fire.  Perhaps UpSample.prefire() returned false? Try debugging the actor by selecting "Listen to Actor".  Also, for SDF check moml for tokenConsumptionRate on input.
  in .DESDFClockTest.Play Bell.Copy1:SDF Director and .DESDFClockTest.Play Bell.UpSample
	at ptolemy.actor.sched.StaticSchedulingDirector.fire(StaticSchedulingDirector.java:227)
	at ptolemy.domains.sdf.kernel.SDFDirector.fire(SDFDirector.java:500)
	at ptolemy.actor.CompositeActor.fire(CompositeActor.java:455)
	at ptolemy.domains.de.kernel.DEDirector._fire(DEDirector.java:1949)
	at ptolemy.domains.de.kernel.DEDirector.fire(DEDirector.java:502)
	at ptolemy.actor.CompositeActor.fire(CompositeActor.java:455)
	at ptolemy.actor.Manager.iterate(Manager.java:851)
	at ptolemy.actor.Manager.execute(Manager.java:369)
	at ptolemy.actor.Manager.run(Manager.java:1263)
	at ptolemy.actor.Manager$PtolemyRunThread.run(Manager.java:1915)
java.lang.RuntimeException: Execution failed
	at ptolemy.moml.MoMLSimpleApplication$UnloadThread.run(MoMLSimpleApplication.java:402)
Caused by: ptolemy.kernel.util.IllegalActionException: Test fails in iteration 1.
Value was: 1.0. Should have been: 2.0
  in .DirectFeedback.Test
	at ptolemy.actor.lib.Test.fire(Test.java:268)
	at ptolemy.domains.de.kernel.DEDirector._fire(DEDirector.java:1949)
	at ptolemy.domains.de.kernel.DEDirector.fire(DEDirector.java:502)
	at ptolemy.actor.CompositeActor.fire(CompositeActor.java:455)
	at ptolemy.actor.Manager.iterate(Manager.java:851)
	at ptolemy.actor.Manager.execute(Manager.java:369)
	at ptolemy.actor.Manager.run(Manager.java:1263)
	at ptolemy.actor.Manager$PtolemyRunThread.run(Manager.java:1915)
java.lang.reflect.InvocationTargetException
	at sun.reflect.NativeConstructorAccessorImpl.newInstance0(Native Method)
	at sun.reflect.NativeConstructorAccessorImpl.newInstance(NativeConstructorAccessorImpl.java:62)
	at sun.reflect.DelegatingConstructorAccessorImpl.newInstance(DelegatingConstructorAccessorImpl.java:45)
	at java.lang.reflect.Constructor.newInstance(Constructor.java:423)
	at ptolemy.util.test.junit.AutoKnownFailedTests.RunModel(AutoKnownFailedTests.java:107)
	at sun.reflect.NativeMethodAccessorImpl.invoke0(Native Method)
	at sun.reflect.NativeMethodAccessorImpl.invoke(NativeMethodAccessorImpl.java:62)
	at sun.reflect.DelegatingMethodAccessorImpl.invoke(DelegatingMethodAccessorImpl.java:43)
	at java.lang.reflect.Method.invoke(Method.java:498)
	at org.junit.runners.model.FrameworkMethod$1.runReflectiveCall(FrameworkMethod.java:44)
	at org.junit.internal.runners.model.ReflectiveCallable.run(ReflectiveCallable.java:15)
	at org.junit.runners.model.FrameworkMethod.invokeExplosively(FrameworkMethod.java:41)
	at junitparams.internal.InvokeParameterisedMethod.evaluate(InvokeParameterisedMethod.java:102)
	at org.junit.internal.runners.statements.FailOnTimeout$1.run(FailOnTimeout.java:28)
Caused by: ptolemy.kernel.util.IllegalActionException: Test fails in iteration 1.
Value was: 1.0. Should have been: 2.0
  in .DirectFeedback.Test
	at ptolemy.actor.lib.Test.fire(Test.java:268)
	at ptolemy.domains.de.kernel.DEDirector._fire(DEDirector.java:1949)
	at ptolemy.domains.de.kernel.DEDirector.fire(DEDirector.java:502)
	at ptolemy.actor.CompositeActor.fire(CompositeActor.java:455)
	at ptolemy.actor.Manager.iterate(Manager.java:851)
	at ptolemy.actor.Manager.execute(Manager.java:369)
	at ptolemy.actor.Manager.run(Manager.java:1263)
	at ptolemy.actor.Manager$PtolemyRunThread.run(Manager.java:1915)
java.lang.RuntimeException: Execution failed
	at ptolemy.moml.MoMLSimpleApplication$UnloadThread.run(MoMLSimpleApplication.java:402)
Caused by: ptolemy.kernel.util.IllegalActionException: Found a zero delay loop containing .HierarchicalModel.A
  in .HierarchicalModel and .HierarchicalModel.A
	at ptolemy.actor.util.CausalityInterfaceForComposites._computeOutputPortDepth(CausalityInterfaceForComposites.java:759)
	at ptolemy.actor.util.CausalityInterfaceForComposites._computeInputDepth(CausalityInterfaceForComposites.java:696)
	at ptolemy.actor.util.CausalityInterfaceForComposites._computeOutputPortDepth(CausalityInterfaceForComposites.java:765)
	at ptolemy.actor.util.CausalityInterfaceForComposites._computeInputDepth(CausalityInterfaceForComposites.java:696)
	at ptolemy.actor.util.CausalityInterfaceForComposites._computeOutputPortDepth(CausalityInterfaceForComposites.java:765)
	at ptolemy.actor.util.CausalityInterfaceForComposites._computeInputDepth(CausalityInterfaceForComposites.java:696)
	at ptolemy.actor.util.CausalityInterfaceForComposites._computeActorDepth(CausalityInterfaceForComposites.java:532)
	at ptolemy.actor.util.CausalityInterfaceForComposites.checkForCycles(CausalityInterfaceForComposites.java:96)
	at ptolemy.domains.de.kernel.DEDirector.preinitialize(DEDirector.java:1338)
	at ptolemy.actor.CompositeActor.preinitialize(CompositeActor.java:1828)
	at ptolemy.actor.Manager.preinitializeAndResolveTypes(Manager.java:1040)
	at ptolemy.actor.Manager.initialize(Manager.java:710)
	at ptolemy.actor.Manager.execute(Manager.java:356)
	at ptolemy.actor.Manager.run(Manager.java:1263)
	at ptolemy.actor.Manager$PtolemyRunThread.run(Manager.java:1915)
java.lang.reflect.InvocationTargetException
	at sun.reflect.NativeConstructorAccessorImpl.newInstance0(Native Method)
	at sun.reflect.NativeConstructorAccessorImpl.newInstance(NativeConstructorAccessorImpl.java:62)
	at sun.reflect.DelegatingConstructorAccessorImpl.newInstance(DelegatingConstructorAccessorImpl.java:45)
	at java.lang.reflect.Constructor.newInstance(Constructor.java:423)
	at ptolemy.util.test.junit.AutoKnownFailedTests.RunModel(AutoKnownFailedTests.java:107)
	at sun.reflect.NativeMethodAccessorImpl.invoke0(Native Method)
	at sun.reflect.NativeMethodAccessorImpl.invoke(NativeMethodAccessorImpl.java:62)
	at sun.reflect.DelegatingMethodAccessorImpl.invoke(DelegatingMethodAccessorImpl.java:43)
	at java.lang.reflect.Method.invoke(Method.java:498)
	at org.junit.runners.model.FrameworkMethod$1.runReflectiveCall(FrameworkMethod.java:44)
	at org.junit.internal.runners.model.ReflectiveCallable.run(ReflectiveCallable.java:15)
	at org.junit.runners.model.FrameworkMethod.invokeExplosively(FrameworkMethod.java:41)
	at junitparams.internal.InvokeParameterisedMethod.evaluate(InvokeParameterisedMethod.java:102)
	at org.junit.internal.runners.statements.FailOnTimeout$1.run(FailOnTimeout.java:28)
Caused by: ptolemy.kernel.util.IllegalActionException: Found a zero delay loop containing .HierarchicalModel.A
  in .HierarchicalModel and .HierarchicalModel.A
	at ptolemy.actor.util.CausalityInterfaceForComposites._computeOutputPortDepth(CausalityInterfaceForComposites.java:759)
	at ptolemy.actor.util.CausalityInterfaceForComposites._computeInputDepth(CausalityInterfaceForComposites.java:696)
	at ptolemy.actor.util.CausalityInterfaceForComposites._computeOutputPortDepth(CausalityInterfaceForComposites.java:765)
	at ptolemy.actor.util.CausalityInterfaceForComposites._computeInputDepth(CausalityInterfaceForComposites.java:696)
	at ptolemy.actor.util.CausalityInterfaceForComposites._computeOutputPortDepth(CausalityInterfaceForComposites.java:765)
	at ptolemy.actor.util.CausalityInterfaceForComposites._computeInputDepth(CausalityInterfaceForComposites.java:696)
	at ptolemy.actor.util.CausalityInterfaceForComposites._computeActorDepth(CausalityInterfaceForComposites.java:532)
	at ptolemy.actor.util.CausalityInterfaceForComposites.checkForCycles(CausalityInterfaceForComposites.java:96)
	at ptolemy.domains.de.kernel.DEDirector.preinitialize(DEDirector.java:1338)
	at ptolemy.actor.CompositeActor.preinitialize(CompositeActor.java:1828)
	at ptolemy.actor.Manager.preinitializeAndResolveTypes(Manager.java:1040)
	at ptolemy.actor.Manager.initialize(Manager.java:710)
	at ptolemy.actor.Manager.execute(Manager.java:356)
	at ptolemy.actor.Manager.run(Manager.java:1263)
	at ptolemy.actor.Manager$PtolemyRunThread.run(Manager.java:1915)
java.lang.RuntimeException: Execution failed
	at ptolemy.moml.MoMLSimpleApplication$UnloadThread.run(MoMLSimpleApplication.java:402)
Caused by: ptolemy.kernel.util.IllegalActionException: Found a zero delay loop containing .dependencyLoop.original
  in .dependencyLoop and .dependencyLoop.original
	at ptolemy.actor.util.CausalityInterfaceForComposites._computeOutputPortDepth(CausalityInterfaceForComposites.java:759)
	at ptolemy.actor.util.CausalityInterfaceForComposites._computeInputDepth(CausalityInterfaceForComposites.java:696)
	at ptolemy.actor.util.CausalityInterfaceForComposites._computeOutputPortDepth(CausalityInterfaceForComposites.java:765)
	at ptolemy.actor.util.CausalityInterfaceForComposites._computeInputDepth(CausalityInterfaceForComposites.java:696)
	at ptolemy.actor.util.CausalityInterfaceForComposites._computeOutputPortDepth(CausalityInterfaceForComposites.java:765)
	at ptolemy.actor.util.CausalityInterfaceForComposites._computeInputDepth(CausalityInterfaceForComposites.java:696)
	at ptolemy.actor.util.CausalityInterfaceForComposites._computeActorDepth(CausalityInterfaceForComposites.java:532)
	at ptolemy.actor.util.CausalityInterfaceForComposites.checkForCycles(CausalityInterfaceForComposites.java:96)
	at ptolemy.domains.de.kernel.DEDirector.preinitialize(DEDirector.java:1338)
	at ptolemy.actor.CompositeActor.preinitialize(CompositeActor.java:1828)
	at ptolemy.actor.Manager.preinitializeAndResolveTypes(Manager.java:1040)
	at ptolemy.actor.Manager.initialize(Manager.java:710)
	at ptolemy.actor.Manager.execute(Manager.java:356)
	at ptolemy.actor.Manager.run(Manager.java:1263)
	at ptolemy.actor.Manager$PtolemyRunThread.run(Manager.java:1915)
java.lang.reflect.InvocationTargetException
	at sun.reflect.NativeConstructorAccessorImpl.newInstance0(Native Method)
	at sun.reflect.NativeConstructorAccessorImpl.newInstance(NativeConstructorAccessorImpl.java:62)
	at sun.reflect.DelegatingConstructorAccessorImpl.newInstance(DelegatingConstructorAccessorImpl.java:45)
	at java.lang.reflect.Constructor.newInstance(Constructor.java:423)
	at ptolemy.util.test.junit.AutoKnownFailedTests.RunModel(AutoKnownFailedTests.java:107)
	at sun.reflect.NativeMethodAccessorImpl.invoke0(Native Method)
	at sun.reflect.NativeMethodAccessorImpl.invoke(NativeMethodAccessorImpl.java:62)
	at sun.reflect.DelegatingMethodAccessorImpl.invoke(DelegatingMethodAccessorImpl.java:43)
	at java.lang.reflect.Method.invoke(Method.java:498)
	at org.junit.runners.model.FrameworkMethod$1.runReflectiveCall(FrameworkMethod.java:44)
	at org.junit.internal.runners.model.ReflectiveCallable.run(ReflectiveCallable.java:15)
	at org.junit.runners.model.FrameworkMethod.invokeExplosively(FrameworkMethod.java:41)
	at junitparams.internal.InvokeParameterisedMethod.evaluate(InvokeParameterisedMethod.java:102)
	at org.junit.internal.runners.statements.FailOnTimeout$1.run(FailOnTimeout.java:28)
Caused by: ptolemy.kernel.util.IllegalActionException: Found a zero delay loop containing .dependencyLoop.original
  in .dependencyLoop and .dependencyLoop.original
	at ptolemy.actor.util.CausalityInterfaceForComposites._computeOutputPortDepth(CausalityInterfaceForComposites.java:759)
	at ptolemy.actor.util.CausalityInterfaceForComposites._computeInputDepth(CausalityInterfaceForComposites.java:696)
	at ptolemy.actor.util.CausalityInterfaceForComposites._computeOutputPortDepth(CausalityInterfaceForComposites.java:765)
	at ptolemy.actor.util.CausalityInterfaceForComposites._computeInputDepth(CausalityInterfaceForComposites.java:696)
	at ptolemy.actor.util.CausalityInterfaceForComposites._computeOutputPortDepth(CausalityInterfaceForComposites.java:765)
	at ptolemy.actor.util.CausalityInterfaceForComposites._computeInputDepth(CausalityInterfaceForComposites.java:696)
	at ptolemy.actor.util.CausalityInterfaceForComposites._computeActorDepth(CausalityInterfaceForComposites.java:532)
	at ptolemy.actor.util.CausalityInterfaceForComposites.checkForCycles(CausalityInterfaceForComposites.java:96)
	at ptolemy.domains.de.kernel.DEDirector.preinitialize(DEDirector.java:1338)
	at ptolemy.actor.CompositeActor.preinitialize(CompositeActor.java:1828)
	at ptolemy.actor.Manager.preinitializeAndResolveTypes(Manager.java:1040)
	at ptolemy.actor.Manager.initialize(Manager.java:710)
	at ptolemy.actor.Manager.execute(Manager.java:356)
	at ptolemy.actor.Manager.run(Manager.java:1263)
	at ptolemy.actor.Manager$PtolemyRunThread.run(Manager.java:1915)
java.lang.RuntimeException: Execution failed
	at ptolemy.moml.MoMLSimpleApplication$UnloadThread.run(MoMLSimpleApplication.java:402)
Caused by: ptolemy.kernel.util.IllegalActionException: Found a zero delay loop containing .dependencyLoop2.original
  in .dependencyLoop2 and .dependencyLoop2.original
	at ptolemy.actor.util.CausalityInterfaceForComposites._computeOutputPortDepth(CausalityInterfaceForComposites.java:759)
	at ptolemy.actor.util.CausalityInterfaceForComposites._computeInputDepth(CausalityInterfaceForComposites.java:696)
	at ptolemy.actor.util.CausalityInterfaceForComposites._computeOutputPortDepth(CausalityInterfaceForComposites.java:765)
	at ptolemy.actor.util.CausalityInterfaceForComposites._computeInputDepth(CausalityInterfaceForComposites.java:696)
	at ptolemy.actor.util.CausalityInterfaceForComposites._computeOutputPortDepth(CausalityInterfaceForComposites.java:765)
	at ptolemy.actor.util.CausalityInterfaceForComposites._computeInputDepth(CausalityInterfaceForComposites.java:696)
	at ptolemy.actor.util.CausalityInterfaceForComposites._computeActorDepth(CausalityInterfaceForComposites.java:532)
	at ptolemy.actor.util.CausalityInterfaceForComposites.checkForCycles(CausalityInterfaceForComposites.java:96)
	at ptolemy.domains.de.kernel.DEDirector.preinitialize(DEDirector.java:1338)
	at ptolemy.actor.CompositeActor.preinitialize(CompositeActor.java:1828)
	at ptolemy.actor.Manager.preinitializeAndResolveTypes(Manager.java:1040)
	at ptolemy.actor.Manager.initialize(Manager.java:710)
	at ptolemy.actor.Manager.execute(Manager.java:356)
	at ptolemy.actor.Manager.run(Manager.java:1263)
	at ptolemy.actor.Manager$PtolemyRunThread.run(Manager.java:1915)
java.lang.reflect.InvocationTargetException
	at sun.reflect.NativeConstructorAccessorImpl.newInstance0(Native Method)
	at sun.reflect.NativeConstructorAccessorImpl.newInstance(NativeConstructorAccessorImpl.java:62)
	at sun.reflect.DelegatingConstructorAccessorImpl.newInstance(DelegatingConstructorAccessorImpl.java:45)
	at java.lang.reflect.Constructor.newInstance(Constructor.java:423)
	at ptolemy.util.test.junit.AutoKnownFailedTests.RunModel(AutoKnownFailedTests.java:107)
	at sun.reflect.NativeMethodAccessorImpl.invoke0(Native Method)
	at sun.reflect.NativeMethodAccessorImpl.invoke(NativeMethodAccessorImpl.java:62)
	at sun.reflect.DelegatingMethodAccessorImpl.invoke(DelegatingMethodAccessorImpl.java:43)
	at java.lang.reflect.Method.invoke(Method.java:498)
	at org.junit.runners.model.FrameworkMethod$1.runReflectiveCall(FrameworkMethod.java:44)
	at org.junit.internal.runners.model.ReflectiveCallable.run(ReflectiveCallable.java:15)
	at org.junit.runners.model.FrameworkMethod.invokeExplosively(FrameworkMethod.java:41)
	at junitparams.internal.InvokeParameterisedMethod.evaluate(InvokeParameterisedMethod.java:102)
	at org.junit.internal.runners.statements.FailOnTimeout$1.run(FailOnTimeout.java:28)
Caused by: ptolemy.kernel.util.IllegalActionException: Found a zero delay loop containing .dependencyLoop2.original
  in .dependencyLoop2 and .dependencyLoop2.original
	at ptolemy.actor.util.CausalityInterfaceForComposites._computeOutputPortDepth(CausalityInterfaceForComposites.java:759)
	at ptolemy.actor.util.CausalityInterfaceForComposites._computeInputDepth(CausalityInterfaceForComposites.java:696)
	at ptolemy.actor.util.CausalityInterfaceForComposites._computeOutputPortDepth(CausalityInterfaceForComposites.java:765)
	at ptolemy.actor.util.CausalityInterfaceForComposites._computeInputDepth(CausalityInterfaceForComposites.java:696)
	at ptolemy.actor.util.CausalityInterfaceForComposites._computeOutputPortDepth(CausalityInterfaceForComposites.java:765)
	at ptolemy.actor.util.CausalityInterfaceForComposites._computeInputDepth(CausalityInterfaceForComposites.java:696)
	at ptolemy.actor.util.CausalityInterfaceForComposites._computeActorDepth(CausalityInterfaceForComposites.java:532)
	at ptolemy.actor.util.CausalityInterfaceForComposites.checkForCycles(CausalityInterfaceForComposites.java:96)
	at ptolemy.domains.de.kernel.DEDirector.preinitialize(DEDirector.java:1338)
	at ptolemy.actor.CompositeActor.preinitialize(CompositeActor.java:1828)
	at ptolemy.actor.Manager.preinitializeAndResolveTypes(Manager.java:1040)
	at ptolemy.actor.Manager.initialize(Manager.java:710)
	at ptolemy.actor.Manager.execute(Manager.java:356)
	at ptolemy.actor.Manager.run(Manager.java:1263)
	at ptolemy.actor.Manager$PtolemyRunThread.run(Manager.java:1915)
]]></system-err>
</testsuite>
