<?xml version="1.0" encoding="UTF-8" ?>
<testsuite errors="0" failures="0" hostname="travis-job-7439a7a7-3b5e-4ec8-a083-e822e6879ab5" name="ptolemy.actor.lib.hoc.test.junit.JUnitTclTest" skipped="0" tests="58" time="24.307" timestamp="2018-07-21T01:51:30">
  <properties>
[...]
</properties>
  <testcase classname="ptolemy.util.test.junit.TclTests" name="[0] /home/travis/build/icyphy/ptII/ptolemy/actor/lib/hoc/test/IterateOverArray.tcl (RunTclFile)" time="0.264" />
  <testcase classname="ptolemy.util.test.junit.AutoKnownFailedTests" name="[0] /home/travis/build/icyphy/ptII/ptolemy/actor/lib/hoc/test/auto/knownFailedTests/PreinitializeMustBeInvokedRunComposite.xml (RunModel)" time="0.227" />
  <testcase classname="ptolemy.util.test.junit.AutoNameArchTests" name="[0] ThereAreNoAutoArchTests (RunModel)" time="0.001" />
  <testcase classname="ptolemy.util.test.junit.AutoTests" name="[0] /home/travis/build/icyphy/ptII/ptolemy/actor/lib/hoc/test/auto/AllToAllMultiInstanceComposite.xml (RunModel)" time="0.327" />
  <testcase classname="ptolemy.util.test.junit.AutoTests" name="[1] /home/travis/build/icyphy/ptII/ptolemy/actor/lib/hoc/test/auto/ApplyFFTTest.xml (RunModel)" time="0.281" />
  <testcase classname="ptolemy.util.test.junit.AutoTests" name="[2] /home/travis/build/icyphy/ptII/ptolemy/actor/lib/hoc/test/auto/ApplyFunction.xml (RunModel)" time="0.025" />
  <testcase classname="ptolemy.util.test.junit.AutoTests" name="[3] /home/travis/build/icyphy/ptII/ptolemy/actor/lib/hoc/test/auto/BackgroundExecution.xml (RunModel)" time="0.715" />
  <testcase classname="ptolemy.util.test.junit.AutoTests" name="[4] /home/travis/build/icyphy/ptII/ptolemy/actor/lib/hoc/test/auto/Case.xml (RunModel)" time="0.05" />
  <testcase classname="ptolemy.util.test.junit.AutoTests" name="[5] /home/travis/build/icyphy/ptII/ptolemy/actor/lib/hoc/test/auto/Case1.xml (RunModel)" time="0.081" />
  <testcase classname="ptolemy.util.test.junit.AutoTests" name="[6] /home/travis/build/icyphy/ptII/ptolemy/actor/lib/hoc/test/auto/Case2.xml (RunModel)" time="0.098" />
  <testcase classname="ptolemy.util.test.junit.AutoTests" name="[7] /home/travis/build/icyphy/ptII/ptolemy/actor/lib/hoc/test/auto/Case3.xml (RunModel)" time="0.061" />
  <testcase classname="ptolemy.util.test.junit.AutoTests" name="[8] /home/travis/build/icyphy/ptII/ptolemy/actor/lib/hoc/test/auto/Case4.xml (RunModel)" time="0.051" />
  <testcase classname="ptolemy.util.test.junit.AutoTests" name="[9] /home/travis/build/icyphy/ptII/ptolemy/actor/lib/hoc/test/auto/Case5.xml (RunModel)" time="0.077" />
  <testcase classname="ptolemy.util.test.junit.AutoTests" name="[10] /home/travis/build/icyphy/ptII/ptolemy/actor/lib/hoc/test/auto/Case6.xml (RunModel)" time="0.126" />
  <testcase classname="ptolemy.util.test.junit.AutoTests" name="[11] /home/travis/build/icyphy/ptII/ptolemy/actor/lib/hoc/test/auto/CaseString2.xml (RunModel)" time="0.054" />
  <testcase classname="ptolemy.util.test.junit.AutoTests" name="[12] /home/travis/build/icyphy/ptII/ptolemy/actor/lib/hoc/test/auto/CatchUpComposite1.xml (RunModel)" time="0.078" />
  <testcase classname="ptolemy.util.test.junit.AutoTests" name="[13] /home/travis/build/icyphy/ptII/ptolemy/actor/lib/hoc/test/auto/CatchUpComposite2.xml (RunModel)" time="0.057" />
  <testcase classname="ptolemy.util.test.junit.AutoTests" name="[14] /home/travis/build/icyphy/ptII/ptolemy/actor/lib/hoc/test/auto/CatchUpComposite3.xml (RunModel)" time="0.053" />
  <testcase classname="ptolemy.util.test.junit.AutoTests" name="[15] /home/travis/build/icyphy/ptII/ptolemy/actor/lib/hoc/test/auto/CatchUpComposite4.xml (RunModel)" time="0.065" />
  <testcase classname="ptolemy.util.test.junit.AutoTests" name="[16] /home/travis/build/icyphy/ptII/ptolemy/actor/lib/hoc/test/auto/CatchUpComposite5.xml (RunModel)" time="0.037" />
  <testcase classname="ptolemy.util.test.junit.AutoTests" name="[17] /home/travis/build/icyphy/ptII/ptolemy/actor/lib/hoc/test/auto/CatchUpComposite6.xml (RunModel)" time="0.165" />
  <testcase classname="ptolemy.util.test.junit.AutoTests" name="[18] /home/travis/build/icyphy/ptII/ptolemy/actor/lib/hoc/test/auto/CatchUpComposite7.xml (RunModel)" time="0.096" />
  <testcase classname="ptolemy.util.test.junit.AutoTests" name="[19] /home/travis/build/icyphy/ptII/ptolemy/actor/lib/hoc/test/auto/ConcurrentExecutionTimeSDF.xml (RunModel)" time="1.495" />
  <testcase classname="ptolemy.util.test.junit.AutoTests" name="[20] /home/travis/build/icyphy/ptII/ptolemy/actor/lib/hoc/test/auto/ConcurrentSleep.xml (RunModel)" time="0.782" />
  <testcase classname="ptolemy.util.test.junit.AutoTests" name="[21] /home/travis/build/icyphy/ptII/ptolemy/actor/lib/hoc/test/auto/DEInPNInRunCompositeActor.xml (RunModel)" time="0.065" />
  <testcase classname="ptolemy.util.test.junit.AutoTests" name="[22] /home/travis/build/icyphy/ptII/ptolemy/actor/lib/hoc/test/auto/DFTSubSetTest.xml (RunModel)" time="0.264" />
  <testcase classname="ptolemy.util.test.junit.AutoTests" name="[23] /home/travis/build/icyphy/ptII/ptolemy/actor/lib/hoc/test/auto/HocDE.xml (RunModel)" time="0.161" />
  <testcase classname="ptolemy.util.test.junit.AutoTests" name="[24] /home/travis/build/icyphy/ptII/ptolemy/actor/lib/hoc/test/auto/IterateOverArray.xml (RunModel)" time="0.042" />
  <testcase classname="ptolemy.util.test.junit.AutoTests" name="[25] /home/travis/build/icyphy/ptII/ptolemy/actor/lib/hoc/test/auto/IterateOverArray10.xml (RunModel)" time="0.023" />
  <testcase classname="ptolemy.util.test.junit.AutoTests" name="[26] /home/travis/build/icyphy/ptII/ptolemy/actor/lib/hoc/test/auto/IterateOverArray11.xml (RunModel)" time="0.026" />
  <testcase classname="ptolemy.util.test.junit.AutoTests" name="[27] /home/travis/build/icyphy/ptII/ptolemy/actor/lib/hoc/test/auto/IterateOverArray12.xml (RunModel)" time="0.046" />
  <testcase classname="ptolemy.util.test.junit.AutoTests" name="[28] /home/travis/build/icyphy/ptII/ptolemy/actor/lib/hoc/test/auto/IterateOverArray13.xml (RunModel)" time="0.16" />
  <testcase classname="ptolemy.util.test.junit.AutoTests" name="[29] /home/travis/build/icyphy/ptII/ptolemy/actor/lib/hoc/test/auto/IterateOverArray14.xml (RunModel)" time="0.131" />
  <testcase classname="ptolemy.util.test.junit.AutoTests" name="[30] /home/travis/build/icyphy/ptII/ptolemy/actor/lib/hoc/test/auto/IterateOverArray2.xml (RunModel)" time="0.031" />
  <testcase classname="ptolemy.util.test.junit.AutoTests" name="[31] /home/travis/build/icyphy/ptII/ptolemy/actor/lib/hoc/test/auto/IterateOverArray3.xml (RunModel)" time="0.047" />
  <testcase classname="ptolemy.util.test.junit.AutoTests" name="[32] /home/travis/build/icyphy/ptII/ptolemy/actor/lib/hoc/test/auto/IterateOverArray4.xml (RunModel)" time="0.021" />
  <testcase classname="ptolemy.util.test.junit.AutoTests" name="[33] /home/travis/build/icyphy/ptII/ptolemy/actor/lib/hoc/test/auto/IterateOverArray5.xml (RunModel)" time="0.021" />
  <testcase classname="ptolemy.util.test.junit.AutoTests" name="[34] /home/travis/build/icyphy/ptII/ptolemy/actor/lib/hoc/test/auto/IterateOverArray6.xml (RunModel)" time="0.017" />
  <testcase classname="ptolemy.util.test.junit.AutoTests" name="[35] /home/travis/build/icyphy/ptII/ptolemy/actor/lib/hoc/test/auto/IterateOverArray7.xml (RunModel)" time="0.027" />
  <testcase classname="ptolemy.util.test.junit.AutoTests" name="[36] /home/travis/build/icyphy/ptII/ptolemy/actor/lib/hoc/test/auto/IterateOverArray8.xml (RunModel)" time="0.018" />
  <testcase classname="ptolemy.util.test.junit.AutoTests" name="[37] /home/travis/build/icyphy/ptII/ptolemy/actor/lib/hoc/test/auto/IterateOverArray9.xml (RunModel)" time="0.024" />
  <testcase classname="ptolemy.util.test.junit.AutoTests" name="[38] /home/travis/build/icyphy/ptII/ptolemy/actor/lib/hoc/test/auto/IterateOverArrayCoercedOutputType.xml (RunModel)" time="0.048" />
  <testcase classname="ptolemy.util.test.junit.AutoTests" name="[39] /home/travis/build/icyphy/ptII/ptolemy/actor/lib/hoc/test/auto/IterateOverArrayInferredOutputType.xml (RunModel)" time="0.028" />
  <testcase classname="ptolemy.util.test.junit.AutoTests" name="[40] /home/travis/build/icyphy/ptII/ptolemy/actor/lib/hoc/test/auto/MobileFunctionTest.xml (RunModel)" time="0.02" />
  <testcase classname="ptolemy.util.test.junit.AutoTests" name="[41] /home/travis/build/icyphy/ptII/ptolemy/actor/lib/hoc/test/auto/MobileModelTest.xml (RunModel)" time="0.086" />
  <testcase classname="ptolemy.util.test.junit.AutoTests" name="[42] /home/travis/build/icyphy/ptII/ptolemy/actor/lib/hoc/test/auto/ModelReference.xml (RunModel)" time="0.055" />
  <testcase classname="ptolemy.util.test.junit.AutoTests" name="[43] /home/travis/build/icyphy/ptII/ptolemy/actor/lib/hoc/test/auto/ModelReference3.xml (RunModel)" time="0.043" />
  <testcase classname="ptolemy.util.test.junit.AutoTests" name="[44] /home/travis/build/icyphy/ptII/ptolemy/actor/lib/hoc/test/auto/ModelReference4.xml (RunModel)" time="10.036" />
  <testcase classname="ptolemy.util.test.junit.AutoTests" name="[45] /home/travis/build/icyphy/ptII/ptolemy/actor/lib/hoc/test/auto/MultiInstanceComposite.xml (RunModel)" time="0.05" />
  <testcase classname="ptolemy.util.test.junit.AutoTests" name="[46] /home/travis/build/icyphy/ptII/ptolemy/actor/lib/hoc/test/auto/MultiInstanceComposite2.xml (RunModel)" time="0.058" />
  <testcase classname="ptolemy.util.test.junit.AutoTests" name="[47] /home/travis/build/icyphy/ptII/ptolemy/actor/lib/hoc/test/auto/MulticoreExecution.xml (RunModel)" time="1.139" />
  <testcase classname="ptolemy.util.test.junit.AutoTests" name="[48] /home/travis/build/icyphy/ptII/ptolemy/actor/lib/hoc/test/auto/ParallelExecution.xml (RunModel)" time="0.94" />
  <testcase classname="ptolemy.util.test.junit.AutoTests" name="[49] /home/travis/build/icyphy/ptII/ptolemy/actor/lib/hoc/test/auto/RunCompositeActor.xml (RunModel)" time="0.027" />
  <testcase classname="ptolemy.util.test.junit.AutoTests" name="[50] /home/travis/build/icyphy/ptII/ptolemy/actor/lib/hoc/test/auto/RunCompositeActor2.xml (RunModel)" time="0.028" />
  <testcase classname="ptolemy.util.test.junit.AutoTests" name="[51] /home/travis/build/icyphy/ptII/ptolemy/actor/lib/hoc/test/auto/RunCompositeActor3.xml (RunModel)" time="0.021" />
  <testcase classname="ptolemy.util.test.junit.AutoTests" name="[52] /home/travis/build/icyphy/ptII/ptolemy/actor/lib/hoc/test/auto/RunCompositeActor4.xml (RunModel)" time="0.025" />
  <testcase classname="ptolemy.util.test.junit.AutoTests" name="[53] /home/travis/build/icyphy/ptII/ptolemy/actor/lib/hoc/test/auto/RunCompositeIterateOverArray.xml (RunModel)" time="0.026" />
  <testcase classname="ptolemy.util.test.junit.AutoTests" name="[54] /home/travis/build/icyphy/ptII/ptolemy/actor/lib/hoc/test/auto/ThreadedJS.xml (RunModel)" time="4.8" />
  <system-out><![CDATA[/home/travis/build/icyphy/ptII/ptolemy/actor/lib/hoc/test/IterateOverArray.tcl
testDefs.tcl: setting time out to 9000 seconds at Sat Jul 21 01:51:30 UTC 2018
07/21/18 01:51:30
Failed: 0  Total Tests: 2  ((Passed: 2, Newly Passed: 0)  Known Failed: 0) /home/travis/build/icyphy/ptII/ptolemy/actor/lib/hoc/test
----------------- testing (KnownFailure) /home/travis/build/icyphy/ptII/ptolemy/actor/lib/hoc/test/auto/knownFailedTests/PreinitializeMustBeInvokedRunComposite.xml
31 ms. Memory: 116224K Free: 103535K (89%)
Known Failure: java.lang.reflect.InvocationTargetException
No auto/linux-amd64/*.xml tests in /home/travis/build/icyphy/ptII/ptolemy/actor/lib/hoc/test
AutoTests.java: About to close Vertx.
AutoTests.java: Vertx closed.

===========================================================================================
----------------- testing Sat Jul 21 01:51:31 UTC 2018 /home/travis/build/icyphy/ptII/ptolemy/actor/lib/hoc/test/auto/AllToAllMultiInstanceComposite.xml
----------------- Instantiating /home/travis/build/icyphy/ptII/ptolemy/actor/lib/hoc/test/auto/AllToAllMultiInstanceComposite.xml
157 ms. Memory: 146944K Free: 108200K (74%)
----------------- Invoking toplevel() on ptolemy.moml.MoMLSimpleApplication@77629a12
----------------- Done invoking toplevel() on ptolemy.moml.MoMLSimpleApplication@77629a12
reloadAllAccessors: .AllToAllMultiInstanceComposite

===========================================================================================
----------------- testing Sat Jul 21 01:51:31 UTC 2018 /home/travis/build/icyphy/ptII/ptolemy/actor/lib/hoc/test/auto/ApplyFFTTest.xml
----------------- Instantiating /home/travis/build/icyphy/ptII/ptolemy/actor/lib/hoc/test/auto/ApplyFFTTest.xml
123 ms. Memory: 146944K Free: 88241K (60%)
----------------- Invoking toplevel() on ptolemy.moml.MoMLSimpleApplication@198a9ace
----------------- Done invoking toplevel() on ptolemy.moml.MoMLSimpleApplication@198a9ace
reloadAllAccessors: .ApplyFFTTest

===========================================================================================
----------------- testing Sat Jul 21 01:51:31 UTC 2018 /home/travis/build/icyphy/ptII/ptolemy/actor/lib/hoc/test/auto/ApplyFunction.xml
----------------- Instantiating /home/travis/build/icyphy/ptII/ptolemy/actor/lib/hoc/test/auto/ApplyFunction.xml
5 ms. Memory: 146944K Free: 84538K (58%)
----------------- Invoking toplevel() on ptolemy.moml.MoMLSimpleApplication@60ea323b
----------------- Done invoking toplevel() on ptolemy.moml.MoMLSimpleApplication@60ea323b
reloadAllAccessors: .ApplyFunction

===========================================================================================
----------------- testing Sat Jul 21 01:51:32 UTC 2018 /home/travis/build/icyphy/ptII/ptolemy/actor/lib/hoc/test/auto/BackgroundExecution.xml
----------------- Instantiating /home/travis/build/icyphy/ptII/ptolemy/actor/lib/hoc/test/auto/BackgroundExecution.xml
625 ms. Memory: 146944K Free: 136235K (93%)
----------------- Invoking toplevel() on ptolemy.moml.MoMLSimpleApplication@281b93d9
----------------- Done invoking toplevel() on ptolemy.moml.MoMLSimpleApplication@281b93d9
reloadAllAccessors: .BackgroundExecution

===========================================================================================
----------------- testing Sat Jul 21 01:51:32 UTC 2018 /home/travis/build/icyphy/ptII/ptolemy/actor/lib/hoc/test/auto/Case.xml
----------------- Instantiating /home/travis/build/icyphy/ptII/ptolemy/actor/lib/hoc/test/auto/Case.xml
15 ms. Memory: 146944K Free: 127878K (87%)
----------------- Invoking toplevel() on ptolemy.moml.MoMLSimpleApplication@f488632
----------------- Done invoking toplevel() on ptolemy.moml.MoMLSimpleApplication@f488632
reloadAllAccessors: .Case

===========================================================================================
----------------- testing Sat Jul 21 01:51:32 UTC 2018 /home/travis/build/icyphy/ptII/ptolemy/actor/lib/hoc/test/auto/Case1.xml
----------------- Instantiating /home/travis/build/icyphy/ptII/ptolemy/actor/lib/hoc/test/auto/Case1.xml
24 ms. Memory: 146944K Free: 120706K (82%)
----------------- Invoking toplevel() on ptolemy.moml.MoMLSimpleApplication@5c14fca9
----------------- Done invoking toplevel() on ptolemy.moml.MoMLSimpleApplication@5c14fca9
reloadAllAccessors: .Case1

===========================================================================================
----------------- testing Sat Jul 21 01:51:32 UTC 2018 /home/travis/build/icyphy/ptII/ptolemy/actor/lib/hoc/test/auto/Case2.xml
----------------- Instantiating /home/travis/build/icyphy/ptII/ptolemy/actor/lib/hoc/test/auto/Case2.xml
32 ms. Memory: 146944K Free: 108960K (74%)
----------------- Invoking toplevel() on ptolemy.moml.MoMLSimpleApplication@135d2e2b
----------------- Done invoking toplevel() on ptolemy.moml.MoMLSimpleApplication@135d2e2b
reloadAllAccessors: .Case2

===========================================================================================
----------------- testing Sat Jul 21 01:51:32 UTC 2018 /home/travis/build/icyphy/ptII/ptolemy/actor/lib/hoc/test/auto/Case3.xml
----------------- Instantiating /home/travis/build/icyphy/ptII/ptolemy/actor/lib/hoc/test/auto/Case3.xml
14 ms. Memory: 146944K Free: 102607K (70%)
----------------- Invoking toplevel() on ptolemy.moml.MoMLSimpleApplication@138688d
----------------- Done invoking toplevel() on ptolemy.moml.MoMLSimpleApplication@138688d
reloadAllAccessors: .Case3

===========================================================================================
----------------- testing Sat Jul 21 01:51:33 UTC 2018 /home/travis/build/icyphy/ptII/ptolemy/actor/lib/hoc/test/auto/Case4.xml
----------------- Instantiating /home/travis/build/icyphy/ptII/ptolemy/actor/lib/hoc/test/auto/Case4.xml
20 ms. Memory: 146944K Free: 93591K (64%)
----------------- Invoking toplevel() on ptolemy.moml.MoMLSimpleApplication@5c8c0335
----------------- Done invoking toplevel() on ptolemy.moml.MoMLSimpleApplication@5c8c0335
reloadAllAccessors: .Case4

===========================================================================================
----------------- testing Sat Jul 21 01:51:33 UTC 2018 /home/travis/build/icyphy/ptII/ptolemy/actor/lib/hoc/test/auto/Case5.xml
----------------- Instantiating /home/travis/build/icyphy/ptII/ptolemy/actor/lib/hoc/test/auto/Case5.xml
48 ms. Memory: 146944K Free: 86812K (59%)
----------------- Invoking toplevel() on ptolemy.moml.MoMLSimpleApplication@71f38d0c
----------------- Done invoking toplevel() on ptolemy.moml.MoMLSimpleApplication@71f38d0c
reloadAllAccessors: .junk

===========================================================================================
----------------- testing Sat Jul 21 01:51:33 UTC 2018 /home/travis/build/icyphy/ptII/ptolemy/actor/lib/hoc/test/auto/Case6.xml
----------------- Instantiating /home/travis/build/icyphy/ptII/ptolemy/actor/lib/hoc/test/auto/Case6.xml
50 ms. Memory: 208384K Free: 196566K (94%)
----------------- Invoking toplevel() on ptolemy.moml.MoMLSimpleApplication@2b954e50
----------------- Done invoking toplevel() on ptolemy.moml.MoMLSimpleApplication@2b954e50
reloadAllAccessors: .Case6

===========================================================================================
----------------- testing Sat Jul 21 01:51:33 UTC 2018 /home/travis/build/icyphy/ptII/ptolemy/actor/lib/hoc/test/auto/CaseString2.xml
----------------- Instantiating /home/travis/build/icyphy/ptII/ptolemy/actor/lib/hoc/test/auto/CaseString2.xml
18 ms. Memory: 208384K Free: 186977K (90%)
----------------- Invoking toplevel() on ptolemy.moml.MoMLSimpleApplication@6a698de6
----------------- Done invoking toplevel() on ptolemy.moml.MoMLSimpleApplication@6a698de6
reloadAllAccessors: .CaseString2

===========================================================================================
----------------- testing Sat Jul 21 01:51:33 UTC 2018 /home/travis/build/icyphy/ptII/ptolemy/actor/lib/hoc/test/auto/CatchUpComposite1.xml
----------------- Instantiating /home/travis/build/icyphy/ptII/ptolemy/actor/lib/hoc/test/auto/CatchUpComposite1.xml
27 ms. Memory: 208384K Free: 177632K (85%)
----------------- Invoking toplevel() on ptolemy.moml.MoMLSimpleApplication@28134ac6
----------------- Done invoking toplevel() on ptolemy.moml.MoMLSimpleApplication@28134ac6
reloadAllAccessors: .CatchUpComposite1

===========================================================================================
----------------- testing Sat Jul 21 01:51:33 UTC 2018 /home/travis/build/icyphy/ptII/ptolemy/actor/lib/hoc/test/auto/CatchUpComposite2.xml
----------------- Instantiating /home/travis/build/icyphy/ptII/ptolemy/actor/lib/hoc/test/auto/CatchUpComposite2.xml
15 ms. Memory: 208384K Free: 168384K (81%)
----------------- Invoking toplevel() on ptolemy.moml.MoMLSimpleApplication@db46c0d
----------------- Done invoking toplevel() on ptolemy.moml.MoMLSimpleApplication@db46c0d
reloadAllAccessors: .CatchUpComposite2

===========================================================================================
----------------- testing Sat Jul 21 01:51:33 UTC 2018 /home/travis/build/icyphy/ptII/ptolemy/actor/lib/hoc/test/auto/CatchUpComposite3.xml
----------------- Instantiating /home/travis/build/icyphy/ptII/ptolemy/actor/lib/hoc/test/auto/CatchUpComposite3.xml
11 ms. Memory: 208384K Free: 158212K (76%)
----------------- Invoking toplevel() on ptolemy.moml.MoMLSimpleApplication@66eaadf4
----------------- Done invoking toplevel() on ptolemy.moml.MoMLSimpleApplication@66eaadf4
reloadAllAccessors: .CatchUpComposite3

===========================================================================================
----------------- testing Sat Jul 21 01:51:33 UTC 2018 /home/travis/build/icyphy/ptII/ptolemy/actor/lib/hoc/test/auto/CatchUpComposite4.xml
----------------- Instantiating /home/travis/build/icyphy/ptII/ptolemy/actor/lib/hoc/test/auto/CatchUpComposite4.xml
19 ms. Memory: 208384K Free: 148931K (71%)
----------------- Invoking toplevel() on ptolemy.moml.MoMLSimpleApplication@66ad3396
----------------- Done invoking toplevel() on ptolemy.moml.MoMLSimpleApplication@66ad3396
reloadAllAccessors: .CatchUpComposite4

===========================================================================================
----------------- testing Sat Jul 21 01:51:33 UTC 2018 /home/travis/build/icyphy/ptII/ptolemy/actor/lib/hoc/test/auto/CatchUpComposite5.xml
----------------- Instantiating /home/travis/build/icyphy/ptII/ptolemy/actor/lib/hoc/test/auto/CatchUpComposite5.xml
12 ms. Memory: 208384K Free: 140265K (67%)
----------------- Invoking toplevel() on ptolemy.moml.MoMLSimpleApplication@2e9dc165
----------------- Done invoking toplevel() on ptolemy.moml.MoMLSimpleApplication@2e9dc165
reloadAllAccessors: .CatchUpComposite5

===========================================================================================
----------------- testing Sat Jul 21 01:51:33 UTC 2018 /home/travis/build/icyphy/ptII/ptolemy/actor/lib/hoc/test/auto/CatchUpComposite6.xml
----------------- Instantiating /home/travis/build/icyphy/ptII/ptolemy/actor/lib/hoc/test/auto/CatchUpComposite6.xml
WARNING: The execution aspects in this model can influence the timing of actors by delaying the 
execution, potentially changing the behavior. There is no guarantee that actors fire at the 
time they request to be fired. 
Use Ptides for deterministic DE behavior that is not influenced by execution aspects. 

93 ms. Memory: 208384K Free: 121267K (58%)
----------------- Invoking toplevel() on ptolemy.moml.MoMLSimpleApplication@657844c5
----------------- Done invoking toplevel() on ptolemy.moml.MoMLSimpleApplication@657844c5
reloadAllAccessors: .CatchUpComposite6

===========================================================================================
----------------- testing Sat Jul 21 01:51:33 UTC 2018 /home/travis/build/icyphy/ptII/ptolemy/actor/lib/hoc/test/auto/CatchUpComposite7.xml
----------------- Instantiating /home/travis/build/icyphy/ptII/ptolemy/actor/lib/hoc/test/auto/CatchUpComposite7.xml
WARNING: The execution aspects in this model can influence the timing of actors by delaying the 
execution, potentially changing the behavior. There is no guarantee that actors fire at the 
time they request to be fired. 
Use Ptides for deterministic DE behavior that is not influenced by execution aspects. 

45 ms. Memory: 208384K Free: 104500K (50%)
----------------- Invoking toplevel() on ptolemy.moml.MoMLSimpleApplication@4554d86
----------------- Done invoking toplevel() on ptolemy.moml.MoMLSimpleApplication@4554d86
reloadAllAccessors: .CatchUpComposite7

===========================================================================================
----------------- testing Sat Jul 21 01:51:33 UTC 2018 /home/travis/build/icyphy/ptII/ptolemy/actor/lib/hoc/test/auto/ConcurrentExecutionTimeSDF.xml
----------------- Instantiating /home/travis/build/icyphy/ptII/ptolemy/actor/lib/hoc/test/auto/ConcurrentExecutionTimeSDF.xml
Fired ExecutionTime: 40400000
Fired ExecutionTime: 40400000
Fired ExecutionTime: 40400000
Fired ExecutionTime: 40400000
Fired ExecutionTime: 40400000
Fired ExecutionTime: 40400000
Fired ExecutionTime: 40400000
Fired ExecutionTime: 40400000
Fired ExecutionTime: 40400000
Fired ExecutionTime: 40400000
Fired ExecutionTime: 40400000
Fired ExecutionTime: 40400000
Fired ExecutionTime: 40400000
Fired ExecutionTime: 40400000
Fired ExecutionTime: 40400000
Fired ExecutionTime: 40400000
Fired ExecutionTime: 40400000
Fired ExecutionTime: 40400000
Fired ExecutionTime: 40400000
Fired ExecutionTime: 40400000
1457 ms. Memory: 208384K Free: 95834K (46%)
----------------- Invoking toplevel() on ptolemy.moml.MoMLSimpleApplication@1a06d217
----------------- Done invoking toplevel() on ptolemy.moml.MoMLSimpleApplication@1a06d217
reloadAllAccessors: .ConcurrentExecutionTimeSDF

===========================================================================================
----------------- testing Sat Jul 21 01:51:35 UTC 2018 /home/travis/build/icyphy/ptII/ptolemy/actor/lib/hoc/test/auto/ConcurrentSleep.xml
----------------- Instantiating /home/travis/build/icyphy/ptII/ptolemy/actor/lib/hoc/test/auto/ConcurrentSleep.xml
741 ms. Memory: 208384K Free: 81345K (39%)
----------------- Invoking toplevel() on ptolemy.moml.MoMLSimpleApplication@4e529d93
----------------- Done invoking toplevel() on ptolemy.moml.MoMLSimpleApplication@4e529d93
reloadAllAccessors: .ConcurrentSleep

===========================================================================================
----------------- testing Sat Jul 21 01:51:36 UTC 2018 /home/travis/build/icyphy/ptII/ptolemy/actor/lib/hoc/test/auto/DEInPNInRunCompositeActor.xml
----------------- Instantiating /home/travis/build/icyphy/ptII/ptolemy/actor/lib/hoc/test/auto/DEInPNInRunCompositeActor.xml
13 ms. Memory: 208384K Free: 196700K (94%)
----------------- Invoking toplevel() on ptolemy.moml.MoMLSimpleApplication@1f14524a
----------------- Done invoking toplevel() on ptolemy.moml.MoMLSimpleApplication@1f14524a
reloadAllAccessors: .DEInPNInRunCompositeActor

===========================================================================================
----------------- testing Sat Jul 21 01:51:36 UTC 2018 /home/travis/build/icyphy/ptII/ptolemy/actor/lib/hoc/test/auto/DFTSubSetTest.xml
----------------- Instantiating /home/travis/build/icyphy/ptII/ptolemy/actor/lib/hoc/test/auto/DFTSubSetTest.xml
170 ms. Memory: 208384K Free: 149114K (72%)
----------------- Invoking toplevel() on ptolemy.moml.MoMLSimpleApplication@2e7bf878
----------------- Done invoking toplevel() on ptolemy.moml.MoMLSimpleApplication@2e7bf878
reloadAllAccessors: .DFTSubSetTest

===========================================================================================
----------------- testing Sat Jul 21 01:51:36 UTC 2018 /home/travis/build/icyphy/ptII/ptolemy/actor/lib/hoc/test/auto/HocDE.xml
----------------- Instantiating /home/travis/build/icyphy/ptII/ptolemy/actor/lib/hoc/test/auto/HocDE.xml
120 ms. Memory: 208384K Free: 122063K (59%)
----------------- Invoking toplevel() on ptolemy.moml.MoMLSimpleApplication@72ab28ab
----------------- Done invoking toplevel() on ptolemy.moml.MoMLSimpleApplication@72ab28ab
reloadAllAccessors: .HocDE

===========================================================================================
----------------- testing Sat Jul 21 01:51:36 UTC 2018 /home/travis/build/icyphy/ptII/ptolemy/actor/lib/hoc/test/auto/IterateOverArray.xml
----------------- Instantiating /home/travis/build/icyphy/ptII/ptolemy/actor/lib/hoc/test/auto/IterateOverArray.xml
8 ms. Memory: 208384K Free: 115697K (56%)
----------------- Invoking toplevel() on ptolemy.moml.MoMLSimpleApplication@2bcd438f
----------------- Done invoking toplevel() on ptolemy.moml.MoMLSimpleApplication@2bcd438f
reloadAllAccessors: .IterateOverArray

===========================================================================================
----------------- testing Sat Jul 21 01:51:36 UTC 2018 /home/travis/build/icyphy/ptII/ptolemy/actor/lib/hoc/test/auto/IterateOverArray10.xml
----------------- Instantiating /home/travis/build/icyphy/ptII/ptolemy/actor/lib/hoc/test/auto/IterateOverArray10.xml
2 ms. Memory: 208384K Free: 111601K (54%)
----------------- Invoking toplevel() on ptolemy.moml.MoMLSimpleApplication@3098ef3a
----------------- Done invoking toplevel() on ptolemy.moml.MoMLSimpleApplication@3098ef3a
reloadAllAccessors: .IterateOverArray10

===========================================================================================
----------------- testing Sat Jul 21 01:51:36 UTC 2018 /home/travis/build/icyphy/ptII/ptolemy/actor/lib/hoc/test/auto/IterateOverArray11.xml
----------------- Instantiating /home/travis/build/icyphy/ptII/ptolemy/actor/lib/hoc/test/auto/IterateOverArray11.xml
6 ms. Memory: 208384K Free: 106038K (51%)
----------------- Invoking toplevel() on ptolemy.moml.MoMLSimpleApplication@7e7038c8
----------------- Done invoking toplevel() on ptolemy.moml.MoMLSimpleApplication@7e7038c8
reloadAllAccessors: .IterateOverArray11

===========================================================================================
----------------- testing Sat Jul 21 01:51:36 UTC 2018 /home/travis/build/icyphy/ptII/ptolemy/actor/lib/hoc/test/auto/IterateOverArray12.xml
----------------- Instantiating /home/travis/build/icyphy/ptII/ptolemy/actor/lib/hoc/test/auto/IterateOverArray12.xml
20 ms. Memory: 208384K Free: 98665K (47%)
----------------- Invoking toplevel() on ptolemy.moml.MoMLSimpleApplication@c39f659
----------------- Done invoking toplevel() on ptolemy.moml.MoMLSimpleApplication@c39f659
reloadAllAccessors: .IterateOverArray12

===========================================================================================
----------------- testing Sat Jul 21 01:51:36 UTC 2018 /home/travis/build/icyphy/ptII/ptolemy/actor/lib/hoc/test/auto/IterateOverArray13.xml
----------------- Instantiating /home/travis/build/icyphy/ptII/ptolemy/actor/lib/hoc/test/auto/IterateOverArray13.xml
68 ms. Memory: 331776K Free: 313409K (94%)
----------------- Invoking toplevel() on ptolemy.moml.MoMLSimpleApplication@2c658781
----------------- Done invoking toplevel() on ptolemy.moml.MoMLSimpleApplication@2c658781
reloadAllAccessors: .IterateOverArray13

===========================================================================================
----------------- testing Sat Jul 21 01:51:36 UTC 2018 /home/travis/build/icyphy/ptII/ptolemy/actor/lib/hoc/test/auto/IterateOverArray14.xml
----------------- Instantiating /home/travis/build/icyphy/ptII/ptolemy/actor/lib/hoc/test/auto/IterateOverArray14.xml
61 ms. Memory: 331776K Free: 276596K (83%)
----------------- Invoking toplevel() on ptolemy.moml.MoMLSimpleApplication@500043bb
----------------- Done invoking toplevel() on ptolemy.moml.MoMLSimpleApplication@500043bb
reloadAllAccessors: .IterateOverArray14

===========================================================================================
----------------- testing Sat Jul 21 01:51:37 UTC 2018 /home/travis/build/icyphy/ptII/ptolemy/actor/lib/hoc/test/auto/IterateOverArray2.xml
----------------- Instantiating /home/travis/build/icyphy/ptII/ptolemy/actor/lib/hoc/test/auto/IterateOverArray2.xml
8 ms. Memory: 331776K Free: 270056K (81%)
----------------- Invoking toplevel() on ptolemy.moml.MoMLSimpleApplication@6e78133f
----------------- Done invoking toplevel() on ptolemy.moml.MoMLSimpleApplication@6e78133f
reloadAllAccessors: .IterateOverArray2

===========================================================================================
----------------- testing Sat Jul 21 01:51:37 UTC 2018 /home/travis/build/icyphy/ptII/ptolemy/actor/lib/hoc/test/auto/IterateOverArray3.xml
----------------- Instantiating /home/travis/build/icyphy/ptII/ptolemy/actor/lib/hoc/test/auto/IterateOverArray3.xml
21 ms. Memory: 331776K Free: 262673K (79%)
----------------- Invoking toplevel() on ptolemy.moml.MoMLSimpleApplication@14e30ade
----------------- Done invoking toplevel() on ptolemy.moml.MoMLSimpleApplication@14e30ade
reloadAllAccessors: .IterateOverArray3

===========================================================================================
----------------- testing Sat Jul 21 01:51:37 UTC 2018 /home/travis/build/icyphy/ptII/ptolemy/actor/lib/hoc/test/auto/IterateOverArray4.xml
----------------- Instantiating /home/travis/build/icyphy/ptII/ptolemy/actor/lib/hoc/test/auto/IterateOverArray4.xml
5 ms. Memory: 331776K Free: 257768K (78%)
----------------- Invoking toplevel() on ptolemy.moml.MoMLSimpleApplication@73389dc7
----------------- Done invoking toplevel() on ptolemy.moml.MoMLSimpleApplication@73389dc7
reloadAllAccessors: .IterateOverArray4

===========================================================================================
----------------- testing Sat Jul 21 01:51:37 UTC 2018 /home/travis/build/icyphy/ptII/ptolemy/actor/lib/hoc/test/auto/IterateOverArray5.xml
----------------- Instantiating /home/travis/build/icyphy/ptII/ptolemy/actor/lib/hoc/test/auto/IterateOverArray5.xml
3 ms. Memory: 331776K Free: 252863K (76%)
----------------- Invoking toplevel() on ptolemy.moml.MoMLSimpleApplication@6b268a03
----------------- Done invoking toplevel() on ptolemy.moml.MoMLSimpleApplication@6b268a03
reloadAllAccessors: .IterateOverArray5

===========================================================================================
----------------- testing Sat Jul 21 01:51:37 UTC 2018 /home/travis/build/icyphy/ptII/ptolemy/actor/lib/hoc/test/auto/IterateOverArray6.xml
----------------- Instantiating /home/travis/build/icyphy/ptII/ptolemy/actor/lib/hoc/test/auto/IterateOverArray6.xml
3 ms. Memory: 331776K Free: 247099K (74%)
----------------- Invoking toplevel() on ptolemy.moml.MoMLSimpleApplication@bea57e6
----------------- Done invoking toplevel() on ptolemy.moml.MoMLSimpleApplication@bea57e6
reloadAllAccessors: .IterateOverArray6

===========================================================================================
----------------- testing Sat Jul 21 01:51:37 UTC 2018 /home/travis/build/icyphy/ptII/ptolemy/actor/lib/hoc/test/auto/IterateOverArray7.xml
----------------- Instantiating /home/travis/build/icyphy/ptII/ptolemy/actor/lib/hoc/test/auto/IterateOverArray7.xml
5 ms. Memory: 331776K Free: 242178K (73%)
----------------- Invoking toplevel() on ptolemy.moml.MoMLSimpleApplication@49cc766b
----------------- Done invoking toplevel() on ptolemy.moml.MoMLSimpleApplication@49cc766b
reloadAllAccessors: .IterateOverArray7

===========================================================================================
----------------- testing Sat Jul 21 01:51:37 UTC 2018 /home/travis/build/icyphy/ptII/ptolemy/actor/lib/hoc/test/auto/IterateOverArray8.xml
----------------- Instantiating /home/travis/build/icyphy/ptII/ptolemy/actor/lib/hoc/test/auto/IterateOverArray8.xml
5 ms. Memory: 331776K Free: 236431K (71%)
----------------- Invoking toplevel() on ptolemy.moml.MoMLSimpleApplication@4a7b1def
----------------- Done invoking toplevel() on ptolemy.moml.MoMLSimpleApplication@4a7b1def
reloadAllAccessors: .IterateOverArray8

===========================================================================================
----------------- testing Sat Jul 21 01:51:37 UTC 2018 /home/travis/build/icyphy/ptII/ptolemy/actor/lib/hoc/test/auto/IterateOverArray9.xml
----------------- Instantiating /home/travis/build/icyphy/ptII/ptolemy/actor/lib/hoc/test/auto/IterateOverArray9.xml
9 ms. Memory: 331776K Free: 231510K (70%)
----------------- Invoking toplevel() on ptolemy.moml.MoMLSimpleApplication@3369e034
----------------- Done invoking toplevel() on ptolemy.moml.MoMLSimpleApplication@3369e034
reloadAllAccessors: .IterateOverArray9

===========================================================================================
----------------- testing Sat Jul 21 01:51:37 UTC 2018 /home/travis/build/icyphy/ptII/ptolemy/actor/lib/hoc/test/auto/IterateOverArrayCoercedOutputType.xml
----------------- Instantiating /home/travis/build/icyphy/ptII/ptolemy/actor/lib/hoc/test/auto/IterateOverArrayCoercedOutputType.xml
4 ms. Memory: 331776K Free: 224962K (68%)
----------------- Invoking toplevel() on ptolemy.moml.MoMLSimpleApplication@4ad73f94
----------------- Done invoking toplevel() on ptolemy.moml.MoMLSimpleApplication@4ad73f94
reloadAllAccessors: .IterateOverArrayCoercedOutputType

===========================================================================================
----------------- testing Sat Jul 21 01:51:37 UTC 2018 /home/travis/build/icyphy/ptII/ptolemy/actor/lib/hoc/test/auto/IterateOverArrayInferredOutputType.xml
----------------- Instantiating /home/travis/build/icyphy/ptII/ptolemy/actor/lib/hoc/test/auto/IterateOverArrayInferredOutputType.xml
5 ms. Memory: 331776K Free: 217563K (66%)
----------------- Invoking toplevel() on ptolemy.moml.MoMLSimpleApplication@2961afa2
----------------- Done invoking toplevel() on ptolemy.moml.MoMLSimpleApplication@2961afa2
reloadAllAccessors: .IterateOverArrayInferredOutputType

===========================================================================================
----------------- testing Sat Jul 21 01:51:37 UTC 2018 /home/travis/build/icyphy/ptII/ptolemy/actor/lib/hoc/test/auto/MobileFunctionTest.xml
----------------- Instantiating /home/travis/build/icyphy/ptII/ptolemy/actor/lib/hoc/test/auto/MobileFunctionTest.xml
5 ms. Memory: 331776K Free: 210975K (64%)
----------------- Invoking toplevel() on ptolemy.moml.MoMLSimpleApplication@6f1e64db
----------------- Done invoking toplevel() on ptolemy.moml.MoMLSimpleApplication@6f1e64db
reloadAllAccessors: .MobileFunctionTest

===========================================================================================
----------------- testing Sat Jul 21 01:51:37 UTC 2018 /home/travis/build/icyphy/ptII/ptolemy/actor/lib/hoc/test/auto/MobileModelTest.xml
----------------- Instantiating /home/travis/build/icyphy/ptII/ptolemy/actor/lib/hoc/test/auto/MobileModelTest.xml
57 ms. Memory: 331776K Free: 188836K (57%)
----------------- Invoking toplevel() on ptolemy.moml.MoMLSimpleApplication@708d996e
----------------- Done invoking toplevel() on ptolemy.moml.MoMLSimpleApplication@708d996e
reloadAllAccessors: .MobileModelTest

===========================================================================================
----------------- testing Sat Jul 21 01:51:37 UTC 2018 /home/travis/build/icyphy/ptII/ptolemy/actor/lib/hoc/test/auto/ModelReference.xml
----------------- Instantiating /home/travis/build/icyphy/ptII/ptolemy/actor/lib/hoc/test/auto/ModelReference.xml
4 ms. Memory: 331776K Free: 178978K (54%)
2 ms. Memory: 331776K Free: 178978K (54%)
1 ms. Memory: 331776K Free: 177327K (53%)
1 ms. Memory: 331776K Free: 177327K (53%)
1 ms. Memory: 331776K Free: 175692K (53%)
2 ms. Memory: 331776K Free: 175692K (53%)
1 ms. Memory: 331776K Free: 174057K (52%)
2 ms. Memory: 331776K Free: 174057K (52%)
1 ms. Memory: 331776K Free: 174057K (52%)
1 ms. Memory: 331776K Free: 172422K (52%)
23 ms. Memory: 331776K Free: 172422K (52%)
----------------- Invoking toplevel() on ptolemy.moml.MoMLSimpleApplication@22e6ea8
----------------- Done invoking toplevel() on ptolemy.moml.MoMLSimpleApplication@22e6ea8
reloadAllAccessors: .ModelReference

===========================================================================================
----------------- testing Sat Jul 21 01:51:37 UTC 2018 /home/travis/build/icyphy/ptII/ptolemy/actor/lib/hoc/test/auto/ModelReference3.xml
----------------- Instantiating /home/travis/build/icyphy/ptII/ptolemy/actor/lib/hoc/test/auto/ModelReference3.xml
2 ms. Memory: 331776K Free: 167516K (50%)
1 ms. Memory: 331776K Free: 165865K (50%)
1 ms. Memory: 331776K Free: 165865K (50%)
1 ms. Memory: 331776K Free: 164222K (49%)
2 ms. Memory: 331776K Free: 164222K (49%)
1 ms. Memory: 331776K Free: 162571K (49%)
2 ms. Memory: 331776K Free: 162571K (49%)
3 ms. Memory: 331776K Free: 160920K (49%)
4 ms. Memory: 331776K Free: 160920K (49%)
1 ms. Memory: 331776K Free: 159285K (48%)
28 ms. Memory: 331776K Free: 159285K (48%)
----------------- Invoking toplevel() on ptolemy.moml.MoMLSimpleApplication@1a4ed407
----------------- Done invoking toplevel() on ptolemy.moml.MoMLSimpleApplication@1a4ed407
reloadAllAccessors: .ModelReference3

===========================================================================================
----------------- testing Sat Jul 21 01:51:37 UTC 2018 /home/travis/build/icyphy/ptII/ptolemy/actor/lib/hoc/test/auto/ModelReference4.xml
----------------- Instantiating /home/travis/build/icyphy/ptII/ptolemy/actor/lib/hoc/test/auto/ModelReference4.xml
3 ms. Memory: 331776K Free: 151886K (46%)
2 ms. Memory: 331776K Free: 150251K (45%)
2 ms. Memory: 331776K Free: 148616K (45%)
2 ms. Memory: 331776K Free: 146981K (44%)
3 ms. Memory: 331776K Free: 143695K (43%)
3 ms. Memory: 331776K Free: 142061K (43%)
10 ms. Memory: 331776K Free: 140426K (42%)
9 ms. Memory: 331776K Free: 138791K (42%)
3 ms. Memory: 331776K Free: 137156K (41%)
2 ms. Memory: 331776K Free: 135521K (41%)
10023 ms. Memory: 331776K Free: 135521K (41%)
----------------- Invoking toplevel() on ptolemy.moml.MoMLSimpleApplication@12c55cd3
----------------- Done invoking toplevel() on ptolemy.moml.MoMLSimpleApplication@12c55cd3
reloadAllAccessors: .ModelReference4

===========================================================================================
----------------- testing Sat Jul 21 01:51:47 UTC 2018 /home/travis/build/icyphy/ptII/ptolemy/actor/lib/hoc/test/auto/MultiInstanceComposite.xml
----------------- Instantiating /home/travis/build/icyphy/ptII/ptolemy/actor/lib/hoc/test/auto/MultiInstanceComposite.xml
24 ms. Memory: 331776K Free: 117487K (35%)
----------------- Invoking toplevel() on ptolemy.moml.MoMLSimpleApplication@6a9292f7
----------------- Done invoking toplevel() on ptolemy.moml.MoMLSimpleApplication@6a9292f7
reloadAllAccessors: .MultiInstanceComposite

===========================================================================================
----------------- testing Sat Jul 21 01:51:47 UTC 2018 /home/travis/build/icyphy/ptII/ptolemy/actor/lib/hoc/test/auto/MultiInstanceComposite2.xml
----------------- Instantiating /home/travis/build/icyphy/ptII/ptolemy/actor/lib/hoc/test/auto/MultiInstanceComposite2.xml
30 ms. Memory: 331776K Free: 103500K (31%)
----------------- Invoking toplevel() on ptolemy.moml.MoMLSimpleApplication@26a20742
----------------- Done invoking toplevel() on ptolemy.moml.MoMLSimpleApplication@26a20742
reloadAllAccessors: .MultiInstanceComposite2

===========================================================================================
----------------- testing Sat Jul 21 01:51:47 UTC 2018 /home/travis/build/icyphy/ptII/ptolemy/actor/lib/hoc/test/auto/MulticoreExecution.xml
----------------- Instantiating /home/travis/build/icyphy/ptII/ptolemy/actor/lib/hoc/test/auto/MulticoreExecution.xml
Fired ExecutionTime: 2800000
Fired ExecutionTime: 2800000
Fired ExecutionTime: 3600000
Fired ExecutionTime: 2400000
Fired ExecutionTime: 4400000
Fired ExecutionTime: 2400000
Fired ExecutionTime: 1600000
Fired ExecutionTime: 4400000
Fired ExecutionTime: 2800000
Fired ExecutionTime: 2800000
Fired ExecutionTime: 2800000
Fired ExecutionTime: 2800000
Fired ExecutionTime: 2800000
Fired ExecutionTime: 3200000
Fired ExecutionTime: 2000000
Fired ExecutionTime: 4400000
Fired ExecutionTime: 2800000
Fired ExecutionTime: 2800000
Fired ExecutionTime: 58800000
Fired ExecutionTime: 62800000
1110 ms. Memory: 331776K Free: 90388K (27%)
----------------- Invoking toplevel() on ptolemy.moml.MoMLSimpleApplication@22ca1916
----------------- Done invoking toplevel() on ptolemy.moml.MoMLSimpleApplication@22ca1916
reloadAllAccessors: .MulticoreExecution

===========================================================================================
----------------- testing Sat Jul 21 01:51:48 UTC 2018 /home/travis/build/icyphy/ptII/ptolemy/actor/lib/hoc/test/auto/ParallelExecution.xml
----------------- Instantiating /home/travis/build/icyphy/ptII/ptolemy/actor/lib/hoc/test/auto/ParallelExecution.xml
922 ms. Memory: 331776K Free: 79440K (24%)
----------------- Invoking toplevel() on ptolemy.moml.MoMLSimpleApplication@735e0db7
----------------- Done invoking toplevel() on ptolemy.moml.MoMLSimpleApplication@735e0db7
reloadAllAccessors: .ParallelExecution

===========================================================================================
----------------- testing Sat Jul 21 01:51:49 UTC 2018 /home/travis/build/icyphy/ptII/ptolemy/actor/lib/hoc/test/auto/RunCompositeActor.xml
----------------- Instantiating /home/travis/build/icyphy/ptII/ptolemy/actor/lib/hoc/test/auto/RunCompositeActor.xml
7 ms. Memory: 332288K Free: 316754K (95%)
----------------- Invoking toplevel() on ptolemy.moml.MoMLSimpleApplication@716a3238
----------------- Done invoking toplevel() on ptolemy.moml.MoMLSimpleApplication@716a3238
reloadAllAccessors: .RunCompositeActor

===========================================================================================
----------------- testing Sat Jul 21 01:51:49 UTC 2018 /home/travis/build/icyphy/ptII/ptolemy/actor/lib/hoc/test/auto/RunCompositeActor2.xml
----------------- Instantiating /home/travis/build/icyphy/ptII/ptolemy/actor/lib/hoc/test/auto/RunCompositeActor2.xml
4 ms. Memory: 332288K Free: 308563K (93%)
----------------- Invoking toplevel() on ptolemy.moml.MoMLSimpleApplication@c194f14
----------------- Done invoking toplevel() on ptolemy.moml.MoMLSimpleApplication@c194f14
reloadAllAccessors: .RunCompositeActor2

===========================================================================================
----------------- testing Sat Jul 21 01:51:49 UTC 2018 /home/travis/build/icyphy/ptII/ptolemy/actor/lib/hoc/test/auto/RunCompositeActor3.xml
----------------- Instantiating /home/travis/build/icyphy/ptII/ptolemy/actor/lib/hoc/test/auto/RunCompositeActor3.xml
3 ms. Memory: 332288K Free: 301225K (91%)
----------------- Invoking toplevel() on ptolemy.moml.MoMLSimpleApplication@18294858
----------------- Done invoking toplevel() on ptolemy.moml.MoMLSimpleApplication@18294858
reloadAllAccessors: .RunCompositeActor3

===========================================================================================
----------------- testing Sat Jul 21 01:51:49 UTC 2018 /home/travis/build/icyphy/ptII/ptolemy/actor/lib/hoc/test/auto/RunCompositeActor4.xml
----------------- Instantiating /home/travis/build/icyphy/ptII/ptolemy/actor/lib/hoc/test/auto/RunCompositeActor4.xml
6 ms. Memory: 332288K Free: 292421K (88%)
----------------- Invoking toplevel() on ptolemy.moml.MoMLSimpleApplication@17fe030f
----------------- Done invoking toplevel() on ptolemy.moml.MoMLSimpleApplication@17fe030f
reloadAllAccessors: .RunCompositeActor4

===========================================================================================
----------------- testing Sat Jul 21 01:51:49 UTC 2018 /home/travis/build/icyphy/ptII/ptolemy/actor/lib/hoc/test/auto/RunCompositeIterateOverArray.xml
----------------- Instantiating /home/travis/build/icyphy/ptII/ptolemy/actor/lib/hoc/test/auto/RunCompositeIterateOverArray.xml
5 ms. Memory: 332288K Free: 285881K (86%)
----------------- Invoking toplevel() on ptolemy.moml.MoMLSimpleApplication@3023ea86
----------------- Done invoking toplevel() on ptolemy.moml.MoMLSimpleApplication@3023ea86
reloadAllAccessors: .RunCompositeIterateOverArray

===========================================================================================
----------------- testing Sat Jul 21 01:51:49 UTC 2018 /home/travis/build/icyphy/ptII/ptolemy/actor/lib/hoc/test/auto/ThreadedJS.xml
----------------- Instantiating /home/travis/build/icyphy/ptII/ptolemy/actor/lib/hoc/test/auto/ThreadedJS.xml
1712 ms. Memory: 541184K Free: 161352K (30%)
----------------- Invoking toplevel() on ptolemy.moml.MoMLSimpleApplication@388f5c89
----------------- Done invoking toplevel() on ptolemy.moml.MoMLSimpleApplication@388f5c89
reloadAllAccessors: .ThreadedJS
AutoTests.java: About to close Vertx.
AutoTests.java: Vertx closed.
]]></system-out>
  <system-err><![CDATA[java.lang.RuntimeException: Execution failed
	at ptolemy.moml.MoMLSimpleApplication$UnloadThread.run(MoMLSimpleApplication.java:402)
Caused by: ptolemy.kernel.util.IllegalActionException: initialize() was called after wrapup() was called but preinitialize() was not called after wrapup().
	at ptolemy.actor.lib.hoc.test.PreinitializeMustBeInvoked.initialize(PreinitializeMustBeInvoked.java:78)
	at ptolemy.actor.Director.initialize(Director.java:938)
	at ptolemy.actor.Director.initialize(Director.java:907)
	at ptolemy.actor.sched.StaticSchedulingDirector.initialize(StaticSchedulingDirector.java:159)
	at ptolemy.domains.sdf.kernel.SDFDirector.initialize(SDFDirector.java:544)
	at ptolemy.actor.CompositeActor.initialize(CompositeActor.java:935)
	at ptolemy.actor.lib.hoc.LifeCycleManager._executeInsideModel(LifeCycleManager.java:339)
	at ptolemy.actor.lib.hoc.RunCompositeActor.fire(RunCompositeActor.java:205)
	at ptolemy.actor.CompositeActor.iterate(CompositeActor.java:1146)
	at ptolemy.actor.sched.StaticSchedulingDirector.fire(StaticSchedulingDirector.java:216)
	at ptolemy.domains.sdf.kernel.SDFDirector.fire(SDFDirector.java:500)
	at ptolemy.actor.CompositeActor.fire(CompositeActor.java:455)
	at ptolemy.actor.Manager.iterate(Manager.java:851)
	at ptolemy.actor.Manager.execute(Manager.java:369)
	at ptolemy.actor.Manager.run(Manager.java:1263)
	at ptolemy.actor.Manager$PtolemyRunThread.run(Manager.java:1915)
java.lang.reflect.InvocationTargetException
	at sun.reflect.NativeConstructorAccessorImpl.newInstance0(Native Method)
	at sun.reflect.NativeConstructorAccessorImpl.newInstance(NativeConstructorAccessorImpl.java:62)
	at sun.reflect.DelegatingConstructorAccessorImpl.newInstance(DelegatingConstructorAccessorImpl.java:45)
	at java.lang.reflect.Constructor.newInstance(Constructor.java:423)
	at ptolemy.util.test.junit.AutoKnownFailedTests.RunModel(AutoKnownFailedTests.java:107)
	at sun.reflect.NativeMethodAccessorImpl.invoke0(Native Method)
	at sun.reflect.NativeMethodAccessorImpl.invoke(NativeMethodAccessorImpl.java:62)
	at sun.reflect.DelegatingMethodAccessorImpl.invoke(DelegatingMethodAccessorImpl.java:43)
	at java.lang.reflect.Method.invoke(Method.java:498)
	at org.junit.runners.model.FrameworkMethod$1.runReflectiveCall(FrameworkMethod.java:44)
	at org.junit.internal.runners.model.ReflectiveCallable.run(ReflectiveCallable.java:15)
	at org.junit.runners.model.FrameworkMethod.invokeExplosively(FrameworkMethod.java:41)
	at junitparams.internal.InvokeParameterisedMethod.evaluate(InvokeParameterisedMethod.java:102)
	at org.junit.internal.runners.statements.FailOnTimeout$1.run(FailOnTimeout.java:28)
Caused by: ptolemy.kernel.util.IllegalActionException: initialize() was called after wrapup() was called but preinitialize() was not called after wrapup().
	at ptolemy.actor.lib.hoc.test.PreinitializeMustBeInvoked.initialize(PreinitializeMustBeInvoked.java:78)
	at ptolemy.actor.Director.initialize(Director.java:938)
	at ptolemy.actor.Director.initialize(Director.java:907)
	at ptolemy.actor.sched.StaticSchedulingDirector.initialize(StaticSchedulingDirector.java:159)
	at ptolemy.domains.sdf.kernel.SDFDirector.initialize(SDFDirector.java:544)
	at ptolemy.actor.CompositeActor.initialize(CompositeActor.java:935)
	at ptolemy.actor.lib.hoc.LifeCycleManager._executeInsideModel(LifeCycleManager.java:339)
	at ptolemy.actor.lib.hoc.RunCompositeActor.fire(RunCompositeActor.java:205)
	at ptolemy.actor.CompositeActor.iterate(CompositeActor.java:1146)
	at ptolemy.actor.sched.StaticSchedulingDirector.fire(StaticSchedulingDirector.java:216)
	at ptolemy.domains.sdf.kernel.SDFDirector.fire(SDFDirector.java:500)
	at ptolemy.actor.CompositeActor.fire(CompositeActor.java:455)
	at ptolemy.actor.Manager.iterate(Manager.java:851)
	at ptolemy.actor.Manager.execute(Manager.java:369)
	at ptolemy.actor.Manager.run(Manager.java:1263)
	at ptolemy.actor.Manager$PtolemyRunThread.run(Manager.java:1915)
]]></system-err>
</testsuite>
