<?xml version="1.0" encoding="UTF-8" ?>
<testsuite errors="0" failures="0" hostname="travis-job-81b76df4-1dd5-4b9b-9935-577b2337c72e" name="ptolemy.domains.continuous.test.junit.JUnitTclTest" skipped="0" tests="156" time="78.501" timestamp="2019-09-23T05:39:42">
  <properties>
[...]
</properties>
  <testcase classname="ptolemy.util.test.junit.TclTests" name="[0] ThereAreNoTclTests (RunTclFile)" time="0.009" />
  <testcase classname="ptolemy.util.test.junit.AutoKnownFailedTests" name="[0] ThereAreNoKnowFailedTests (RunModel)" time="0.008" />
  <testcase classname="ptolemy.util.test.junit.AutoNameArchTests" name="[0] ThereAreNoAutoArchTests (RunModel)" time="0.022" />
  <testcase classname="ptolemy.util.test.junit.AutoTests" name="[0] /home/travis/build/icyphy/ptII/ptolemy/domains/continuous/test/auto/BouncingBall.xml (RunModel)" time="3.1" />
  <testcase classname="ptolemy.util.test.junit.AutoTests" name="[1] /home/travis/build/icyphy/ptII/ptolemy/domains/continuous/test/auto/BouncingBallWithoutGR.xml (RunModel)" time="1.041" />
  <testcase classname="ptolemy.util.test.junit.AutoTests" name="[2] /home/travis/build/icyphy/ptII/ptolemy/domains/continuous/test/auto/Brownian.xml (RunModel)" time="0.134" />
  <testcase classname="ptolemy.util.test.junit.AutoTests" name="[3] /home/travis/build/icyphy/ptII/ptolemy/domains/continuous/test/auto/CarTracking.xml (RunModel)" time="4.412" />
  <testcase classname="ptolemy.util.test.junit.AutoTests" name="[4] /home/travis/build/icyphy/ptII/ptolemy/domains/continuous/test/auto/CartPendulum.xml (RunModel)" time="0.563" />
  <testcase classname="ptolemy.util.test.junit.AutoTests" name="[5] /home/travis/build/icyphy/ptII/ptolemy/domains/continuous/test/auto/CausalityInterface10.xml (RunModel)" time="0.044" />
  <testcase classname="ptolemy.util.test.junit.AutoTests" name="[6] /home/travis/build/icyphy/ptII/ptolemy/domains/continuous/test/auto/CausalityInterface11.xml (RunModel)" time="0.023" />
  <testcase classname="ptolemy.util.test.junit.AutoTests" name="[7] /home/travis/build/icyphy/ptII/ptolemy/domains/continuous/test/auto/CausalityInterface12.xml (RunModel)" time="0.048" />
  <testcase classname="ptolemy.util.test.junit.AutoTests" name="[8] /home/travis/build/icyphy/ptII/ptolemy/domains/continuous/test/auto/CausalityInterface13.xml (RunModel)" time="0.036" />
  <testcase classname="ptolemy.util.test.junit.AutoTests" name="[9] /home/travis/build/icyphy/ptII/ptolemy/domains/continuous/test/auto/CausalityInterface14.xml (RunModel)" time="0.025" />
  <testcase classname="ptolemy.util.test.junit.AutoTests" name="[10] /home/travis/build/icyphy/ptII/ptolemy/domains/continuous/test/auto/CausalityInterface4.xml (RunModel)" time="0.045" />
  <testcase classname="ptolemy.util.test.junit.AutoTests" name="[11] /home/travis/build/icyphy/ptII/ptolemy/domains/continuous/test/auto/CausalityInterface5.xml (RunModel)" time="0.042" />
  <testcase classname="ptolemy.util.test.junit.AutoTests" name="[12] /home/travis/build/icyphy/ptII/ptolemy/domains/continuous/test/auto/CausalityInterface6.xml (RunModel)" time="0.025" />
  <testcase classname="ptolemy.util.test.junit.AutoTests" name="[13] /home/travis/build/icyphy/ptII/ptolemy/domains/continuous/test/auto/CausalityInterface7.xml (RunModel)" time="0.039" />
  <testcase classname="ptolemy.util.test.junit.AutoTests" name="[14] /home/travis/build/icyphy/ptII/ptolemy/domains/continuous/test/auto/CausalityInterface8.xml (RunModel)" time="0.043" />
  <testcase classname="ptolemy.util.test.junit.AutoTests" name="[15] /home/travis/build/icyphy/ptII/ptolemy/domains/continuous/test/auto/CausalityInterface9.xml (RunModel)" time="0.05" />
  <testcase classname="ptolemy.util.test.junit.AutoTests" name="[16] /home/travis/build/icyphy/ptII/ptolemy/domains/continuous/test/auto/CausalityInterfaceFeedback1.xml (RunModel)" time="0.034" />
  <testcase classname="ptolemy.util.test.junit.AutoTests" name="[17] /home/travis/build/icyphy/ptII/ptolemy/domains/continuous/test/auto/CausalityInterfaceFeedback2.xml (RunModel)" time="0.034" />
  <testcase classname="ptolemy.util.test.junit.AutoTests" name="[18] /home/travis/build/icyphy/ptII/ptolemy/domains/continuous/test/auto/CompareWithCurrentTime.xml (RunModel)" time="0.023" />
  <testcase classname="ptolemy.util.test.junit.AutoTests" name="[19] /home/travis/build/icyphy/ptII/ptolemy/domains/continuous/test/auto/ComparedClocks.xml (RunModel)" time="0.079" />
  <testcase classname="ptolemy.util.test.junit.AutoTests" name="[20] /home/travis/build/icyphy/ptII/ptolemy/domains/continuous/test/auto/ContinuousAOCClone.xml (RunModel)" time="2.994" />
  <testcase classname="ptolemy.util.test.junit.AutoTests" name="[21] /home/travis/build/icyphy/ptII/ptolemy/domains/continuous/test/auto/ContinuousClock.xml (RunModel)" time="0.095" />
  <testcase classname="ptolemy.util.test.junit.AutoTests" name="[22] /home/travis/build/icyphy/ptII/ptolemy/domains/continuous/test/auto/ContinuousInContinuous.xml (RunModel)" time="0.086" />
  <testcase classname="ptolemy.util.test.junit.AutoTests" name="[23] /home/travis/build/icyphy/ptII/ptolemy/domains/continuous/test/auto/ContinuousInContinuousInContinuous.xml (RunModel)" time="0.023" />
  <testcase classname="ptolemy.util.test.junit.AutoTests" name="[24] /home/travis/build/icyphy/ptII/ptolemy/domains/continuous/test/auto/ContinuousInDE.xml (RunModel)" time="0.115" />
  <testcase classname="ptolemy.util.test.junit.AutoTests" name="[25] /home/travis/build/icyphy/ptII/ptolemy/domains/continuous/test/auto/ContinuousInDE2.xml (RunModel)" time="0.063" />
  <testcase classname="ptolemy.util.test.junit.AutoTests" name="[26] /home/travis/build/icyphy/ptII/ptolemy/domains/continuous/test/auto/ContinuousInDE3.xml (RunModel)" time="0.06" />
  <testcase classname="ptolemy.util.test.junit.AutoTests" name="[27] /home/travis/build/icyphy/ptII/ptolemy/domains/continuous/test/auto/ContinuousInDE4.xml (RunModel)" time="0.043" />
  <testcase classname="ptolemy.util.test.junit.AutoTests" name="[28] /home/travis/build/icyphy/ptII/ptolemy/domains/continuous/test/auto/ContinuousInDEDifferentRefinements.xml (RunModel)" time="0.103" />
  <testcase classname="ptolemy.util.test.junit.AutoTests" name="[29] /home/travis/build/icyphy/ptII/ptolemy/domains/continuous/test/auto/ContinuousInDEDifferentRefinementsPreemptive.xml (RunModel)" time="0.087" />
  <testcase classname="ptolemy.util.test.junit.AutoTests" name="[30] /home/travis/build/icyphy/ptII/ptolemy/domains/continuous/test/auto/ContinuousInDEInContinuous2.xml (RunModel)" time="0.051" />
  <testcase classname="ptolemy.util.test.junit.AutoTests" name="[31] /home/travis/build/icyphy/ptII/ptolemy/domains/continuous/test/auto/ContinuousInDEInContinuous3.xml (RunModel)" time="0.055" />
  <testcase classname="ptolemy.util.test.junit.AutoTests" name="[32] /home/travis/build/icyphy/ptII/ptolemy/domains/continuous/test/auto/ContinuousInDEInput.xml (RunModel)" time="0.036" />
  <testcase classname="ptolemy.util.test.junit.AutoTests" name="[33] /home/travis/build/icyphy/ptII/ptolemy/domains/continuous/test/auto/ContinuousInDEInput2.xml (RunModel)" time="0.031" />
  <testcase classname="ptolemy.util.test.junit.AutoTests" name="[34] /home/travis/build/icyphy/ptII/ptolemy/domains/continuous/test/auto/ContinuousInDEInput3.xml (RunModel)" time="0.031" />
  <testcase classname="ptolemy.util.test.junit.AutoTests" name="[35] /home/travis/build/icyphy/ptII/ptolemy/domains/continuous/test/auto/ContinuousInDESharingRefinement.xml (RunModel)" time="0.177" />
  <testcase classname="ptolemy.util.test.junit.AutoTests" name="[36] /home/travis/build/icyphy/ptII/ptolemy/domains/continuous/test/auto/ContinuousInDEwithNoPorts.xml (RunModel)" time="0.026" />
  <testcase classname="ptolemy.util.test.junit.AutoTests" name="[37] /home/travis/build/icyphy/ptII/ptolemy/domains/continuous/test/auto/ContinuousInsideDE.xml (RunModel)" time="0.085" />
  <testcase classname="ptolemy.util.test.junit.AutoTests" name="[38] /home/travis/build/icyphy/ptII/ptolemy/domains/continuous/test/auto/ContinuousMerge1.xml (RunModel)" time="0.017" />
  <testcase classname="ptolemy.util.test.junit.AutoTests" name="[39] /home/travis/build/icyphy/ptII/ptolemy/domains/continuous/test/auto/ContinuousMerge2.xml (RunModel)" time="0.047" />
  <testcase classname="ptolemy.util.test.junit.AutoTests" name="[40] /home/travis/build/icyphy/ptII/ptolemy/domains/continuous/test/auto/ContinuousMerge3.xml (RunModel)" time="0.088" />
  <testcase classname="ptolemy.util.test.junit.AutoTests" name="[41] /home/travis/build/icyphy/ptII/ptolemy/domains/continuous/test/auto/ContinuousWithinContinuous.xml (RunModel)" time="0.068" />
  <testcase classname="ptolemy.util.test.junit.AutoTests" name="[42] /home/travis/build/icyphy/ptII/ptolemy/domains/continuous/test/auto/ContinuousWithinContinuous2.xml (RunModel)" time="0.09" />
  <testcase classname="ptolemy.util.test.junit.AutoTests" name="[43] /home/travis/build/icyphy/ptII/ptolemy/domains/continuous/test/auto/ContinuousWithinContinuous3.xml (RunModel)" time="0.03" />
  <testcase classname="ptolemy.util.test.junit.AutoTests" name="[44] /home/travis/build/icyphy/ptII/ptolemy/domains/continuous/test/auto/ContinuousWithinContinuous4.xml (RunModel)" time="0.087" />
  <testcase classname="ptolemy.util.test.junit.AutoTests" name="[45] /home/travis/build/icyphy/ptII/ptolemy/domains/continuous/test/auto/ContinuousWithinContinuous5.xml (RunModel)" time="0.039" />
  <testcase classname="ptolemy.util.test.junit.AutoTests" name="[46] /home/travis/build/icyphy/ptII/ptolemy/domains/continuous/test/auto/ContinuousWithinContinuous6.xml (RunModel)" time="0.03" />
  <testcase classname="ptolemy.util.test.junit.AutoTests" name="[47] /home/travis/build/icyphy/ptII/ptolemy/domains/continuous/test/auto/ContinuousWithinContinuous7.xml (RunModel)" time="0.072" />
  <testcase classname="ptolemy.util.test.junit.AutoTests" name="[48] /home/travis/build/icyphy/ptII/ptolemy/domains/continuous/test/auto/DCMotor.xml (RunModel)" time="14.195" />
  <testcase classname="ptolemy.util.test.junit.AutoTests" name="[49] /home/travis/build/icyphy/ptII/ptolemy/domains/continuous/test/auto/DEInContinuous.xml (RunModel)" time="0.04" />
  <testcase classname="ptolemy.util.test.junit.AutoTests" name="[50] /home/travis/build/icyphy/ptII/ptolemy/domains/continuous/test/auto/DEinContinuous2.xml (RunModel)" time="0.028" />
  <testcase classname="ptolemy.util.test.junit.AutoTests" name="[51] /home/travis/build/icyphy/ptII/ptolemy/domains/continuous/test/auto/Derivative.xml (RunModel)" time="0.225" />
  <testcase classname="ptolemy.util.test.junit.AutoTests" name="[52] /home/travis/build/icyphy/ptII/ptolemy/domains/continuous/test/auto/Derivative1.xml (RunModel)" time="0.062" />
  <testcase classname="ptolemy.util.test.junit.AutoTests" name="[53] /home/travis/build/icyphy/ptII/ptolemy/domains/continuous/test/auto/DiscreteClock.xml (RunModel)" time="0.019" />
  <testcase classname="ptolemy.util.test.junit.AutoTests" name="[54] /home/travis/build/icyphy/ptII/ptolemy/domains/continuous/test/auto/EfficiencyCurve.xml (RunModel)" time="0.107" />
  <testcase classname="ptolemy.util.test.junit.AutoTests" name="[55] /home/travis/build/icyphy/ptII/ptolemy/domains/continuous/test/auto/ExponentialResponse.xml (RunModel)" time="0.136" />
  <testcase classname="ptolemy.util.test.junit.AutoTests" name="[56] /home/travis/build/icyphy/ptII/ptolemy/domains/continuous/test/auto/ExponentialResponseRK45.xml (RunModel)" time="0.036" />
  <testcase classname="ptolemy.util.test.junit.AutoTests" name="[57] /home/travis/build/icyphy/ptII/ptolemy/domains/continuous/test/auto/Friction.xml (RunModel)" time="1.784" />
  <testcase classname="ptolemy.util.test.junit.AutoTests" name="[58] /home/travis/build/icyphy/ptII/ptolemy/domains/continuous/test/auto/FurutaPendulum.xml (RunModel)" time="3.695" />
  <testcase classname="ptolemy.util.test.junit.AutoTests" name="[59] /home/travis/build/icyphy/ptII/ptolemy/domains/continuous/test/auto/HierarchicalExecution.xml (RunModel)" time="2.104" />
  <testcase classname="ptolemy.util.test.junit.AutoTests" name="[60] /home/travis/build/icyphy/ptII/ptolemy/domains/continuous/test/auto/HybridPlant.xml (RunModel)" time="0.595" />
  <testcase classname="ptolemy.util.test.junit.AutoTests" name="[61] /home/travis/build/icyphy/ptII/ptolemy/domains/continuous/test/auto/Hysteresis.xml (RunModel)" time="0.198" />
  <testcase classname="ptolemy.util.test.junit.AutoTests" name="[62] /home/travis/build/icyphy/ptII/ptolemy/domains/continuous/test/auto/HysteresisWithRandomDelay.xml (RunModel)" time="0.254" />
  <testcase classname="ptolemy.util.test.junit.AutoTests" name="[63] /home/travis/build/icyphy/ptII/ptolemy/domains/continuous/test/auto/HysteresisWithRandomLosses.xml (RunModel)" time="2.393" />
  <testcase classname="ptolemy.util.test.junit.AutoTests" name="[64] /home/travis/build/icyphy/ptII/ptolemy/domains/continuous/test/auto/ImmediateTransitions.xml (RunModel)" time="0.031" />
  <testcase classname="ptolemy.util.test.junit.AutoTests" name="[65] /home/travis/build/icyphy/ptII/ptolemy/domains/continuous/test/auto/ImpulseFeedback.xml (RunModel)" time="0.025" />
  <testcase classname="ptolemy.util.test.junit.AutoTests" name="[66] /home/travis/build/icyphy/ptII/ptolemy/domains/continuous/test/auto/ImpulseFeedback2.xml (RunModel)" time="0.019" />
  <testcase classname="ptolemy.util.test.junit.AutoTests" name="[67] /home/travis/build/icyphy/ptII/ptolemy/domains/continuous/test/auto/IncreasingRatePoisson.xml (RunModel)" time="0.78" />
  <testcase classname="ptolemy.util.test.junit.AutoTests" name="[68] /home/travis/build/icyphy/ptII/ptolemy/domains/continuous/test/auto/InitialStateFeedback.xml (RunModel)" time="0.018" />
  <testcase classname="ptolemy.util.test.junit.AutoTests" name="[69] /home/travis/build/icyphy/ptII/ptolemy/domains/continuous/test/auto/Integration.xml (RunModel)" time="0.009" />
  <testcase classname="ptolemy.util.test.junit.AutoTests" name="[70] /home/travis/build/icyphy/ptII/ptolemy/domains/continuous/test/auto/Integration2.xml (RunModel)" time="0.092" />
  <testcase classname="ptolemy.util.test.junit.AutoTests" name="[71] /home/travis/build/icyphy/ptII/ptolemy/domains/continuous/test/auto/Integration3.xml (RunModel)" time="0.011" />
  <testcase classname="ptolemy.util.test.junit.AutoTests" name="[72] /home/travis/build/icyphy/ptII/ptolemy/domains/continuous/test/auto/Integration5.xml (RunModel)" time="0.025" />
  <testcase classname="ptolemy.util.test.junit.AutoTests" name="[73] /home/travis/build/icyphy/ptII/ptolemy/domains/continuous/test/auto/IntegratorImpulse.xml (RunModel)" time="0.01" />
  <testcase classname="ptolemy.util.test.junit.AutoTests" name="[74] /home/travis/build/icyphy/ptII/ptolemy/domains/continuous/test/auto/IntegratorImpulse2.xml (RunModel)" time="0.011" />
  <testcase classname="ptolemy.util.test.junit.AutoTests" name="[75] /home/travis/build/icyphy/ptII/ptolemy/domains/continuous/test/auto/LevelCrossing1.xml (RunModel)" time="0.011" />
  <testcase classname="ptolemy.util.test.junit.AutoTests" name="[76] /home/travis/build/icyphy/ptII/ptolemy/domains/continuous/test/auto/LevelCrossing2.xml (RunModel)" time="0.019" />
  <testcase classname="ptolemy.util.test.junit.AutoTests" name="[77] /home/travis/build/icyphy/ptII/ptolemy/domains/continuous/test/auto/LevelCrossing3.xml (RunModel)" time="0.011" />
  <testcase classname="ptolemy.util.test.junit.AutoTests" name="[78] /home/travis/build/icyphy/ptII/ptolemy/domains/continuous/test/auto/LevelCrossing4.xml (RunModel)" time="0.015" />
  <testcase classname="ptolemy.util.test.junit.AutoTests" name="[79] /home/travis/build/icyphy/ptII/ptolemy/domains/continuous/test/auto/LevelCrossing5.xml (RunModel)" time="0.013" />
  <testcase classname="ptolemy.util.test.junit.AutoTests" name="[80] /home/travis/build/icyphy/ptII/ptolemy/domains/continuous/test/auto/LevelCrossing6.xml (RunModel)" time="0.014" />
  <testcase classname="ptolemy.util.test.junit.AutoTests" name="[81] /home/travis/build/icyphy/ptII/ptolemy/domains/continuous/test/auto/LevelCrossingDetector.xml (RunModel)" time="0.036" />
  <testcase classname="ptolemy.util.test.junit.AutoTests" name="[82] /home/travis/build/icyphy/ptII/ptolemy/domains/continuous/test/auto/LevelCrossingDetectorDetectingDirections.xml (RunModel)" time="0.088" />
  <testcase classname="ptolemy.util.test.junit.AutoTests" name="[83] /home/travis/build/icyphy/ptII/ptolemy/domains/continuous/test/auto/LevelCrossingDetectorDetectsGlitches.xml (RunModel)" time="0.062" />
  <testcase classname="ptolemy.util.test.junit.AutoTests" name="[84] /home/travis/build/icyphy/ptII/ptolemy/domains/continuous/test/auto/LevelCrossingNoInitialOuput.xml (RunModel)" time="0.019" />
  <testcase classname="ptolemy.util.test.junit.AutoTests" name="[85] /home/travis/build/icyphy/ptII/ptolemy/domains/continuous/test/auto/LinearStateSpaceExample.xml (RunModel)" time="0.061" />
  <testcase classname="ptolemy.util.test.junit.AutoTests" name="[86] /home/travis/build/icyphy/ptII/ptolemy/domains/continuous/test/auto/Lorenz.xml (RunModel)" time="4.172" />
  <testcase classname="ptolemy.util.test.junit.AutoTests" name="[87] /home/travis/build/icyphy/ptII/ptolemy/domains/continuous/test/auto/LorenzDifferentialSystem.xml (RunModel)" time="1.15" />
  <testcase classname="ptolemy.util.test.junit.AutoTests" name="[88] /home/travis/build/icyphy/ptII/ptolemy/domains/continuous/test/auto/LorenzDifferentialSystemWithInput.xml (RunModel)" time="1.365" />
  <testcase classname="ptolemy.util.test.junit.AutoTests" name="[89] /home/travis/build/icyphy/ptII/ptolemy/domains/continuous/test/auto/LorenzDifferentialSystemWithTime.xml (RunModel)" time="0.775" />
  <testcase classname="ptolemy.util.test.junit.AutoTests" name="[90] /home/travis/build/icyphy/ptII/ptolemy/domains/continuous/test/auto/Microsteps.xml (RunModel)" time="0.027" />
  <testcase classname="ptolemy.util.test.junit.AutoTests" name="[91] /home/travis/build/icyphy/ptII/ptolemy/domains/continuous/test/auto/Modal1.xml (RunModel)" time="0.059" />
  <testcase classname="ptolemy.util.test.junit.AutoTests" name="[92] /home/travis/build/icyphy/ptII/ptolemy/domains/continuous/test/auto/Modal2.xml (RunModel)" time="0.055" />
  <testcase classname="ptolemy.util.test.junit.AutoTests" name="[93] /home/travis/build/icyphy/ptII/ptolemy/domains/continuous/test/auto/ModalTransitionGuardWithReset.xml (RunModel)" time="0.029" />
  <testcase classname="ptolemy.util.test.junit.AutoTests" name="[94] /home/travis/build/icyphy/ptII/ptolemy/domains/continuous/test/auto/ModalTransitionGuardWithResetUsingPreemptiveTransition.xml (RunModel)" time="0.03" />
  <testcase classname="ptolemy.util.test.junit.AutoTests" name="[95] /home/travis/build/icyphy/ptII/ptolemy/domains/continuous/test/auto/ModalTransitionGuardWithResetUsingPreemptiveTransition2.xml (RunModel)" time="0.052" />
  <testcase classname="ptolemy.util.test.junit.AutoTests" name="[96] /home/travis/build/icyphy/ptII/ptolemy/domains/continuous/test/auto/ModalTransitionGuardWithResetUsingPreemptiveTransition3.xml (RunModel)" time="0.033" />
  <testcase classname="ptolemy.util.test.junit.AutoTests" name="[97] /home/travis/build/icyphy/ptII/ptolemy/domains/continuous/test/auto/NewtonsCradle.xml (RunModel)" time="0.848" />
  <testcase classname="ptolemy.util.test.junit.AutoTests" name="[98] /home/travis/build/icyphy/ptII/ptolemy/domains/continuous/test/auto/NewtonsCradleAnimated.xml (RunModel)" time="1.37" />
  <testcase classname="ptolemy.util.test.junit.AutoTests" name="[99] /home/travis/build/icyphy/ptII/ptolemy/domains/continuous/test/auto/NewtonsCradleComplicated.xml (RunModel)" time="1.095" />
  <testcase classname="ptolemy.util.test.junit.AutoTests" name="[100] /home/travis/build/icyphy/ptII/ptolemy/domains/continuous/test/auto/NewtonsCradleNondeterministic.xml (RunModel)" time="0.735" />
  <testcase classname="ptolemy.util.test.junit.AutoTests" name="[101] /home/travis/build/icyphy/ptII/ptolemy/domains/continuous/test/auto/NewtonsCradlePerfectlyInelastic1.xml (RunModel)" time="1.325" />
  <testcase classname="ptolemy.util.test.junit.AutoTests" name="[102] /home/travis/build/icyphy/ptII/ptolemy/domains/continuous/test/auto/Noise.xml (RunModel)" time="0.206" />
  <testcase classname="ptolemy.util.test.junit.AutoTests" name="[103] /home/travis/build/icyphy/ptII/ptolemy/domains/continuous/test/auto/NoiseSpectrum.xml (RunModel)" time="0.826" />
  <testcase classname="ptolemy.util.test.junit.AutoTests" name="[104] /home/travis/build/icyphy/ptII/ptolemy/domains/continuous/test/auto/ParameterizedNewtonsCradleAnimated.xml (RunModel)" time="0.414" />
  <testcase classname="ptolemy.util.test.junit.AutoTests" name="[105] /home/travis/build/icyphy/ptII/ptolemy/domains/continuous/test/auto/ParameterizedNewtonsCradleAnimatedNondeterministic.xml (RunModel)" time="1.267" />
  <testcase classname="ptolemy.util.test.junit.AutoTests" name="[106] /home/travis/build/icyphy/ptII/ptolemy/domains/continuous/test/auto/Pendulum3D.xml (RunModel)" time="0.168" />
  <testcase classname="ptolemy.util.test.junit.AutoTests" name="[107] /home/travis/build/icyphy/ptII/ptolemy/domains/continuous/test/auto/PeriodicSampler.xml (RunModel)" time="0.009" />
  <testcase classname="ptolemy.util.test.junit.AutoTests" name="[108] /home/travis/build/icyphy/ptII/ptolemy/domains/continuous/test/auto/PeriodicSampler1.xml (RunModel)" time="0.042" />
  <testcase classname="ptolemy.util.test.junit.AutoTests" name="[109] /home/travis/build/icyphy/ptII/ptolemy/domains/continuous/test/auto/PeriodicSampler2.xml (RunModel)" time="0.086" />
  <testcase classname="ptolemy.util.test.junit.AutoTests" name="[110] /home/travis/build/icyphy/ptII/ptolemy/domains/continuous/test/auto/Poisson.xml (RunModel)" time="0.442" />
  <testcase classname="ptolemy.util.test.junit.AutoTests" name="[111] /home/travis/build/icyphy/ptII/ptolemy/domains/continuous/test/auto/PoissonClock.xml (RunModel)" time="0.015" />
  <testcase classname="ptolemy.util.test.junit.AutoTests" name="[112] /home/travis/build/icyphy/ptII/ptolemy/domains/continuous/test/auto/PoissonClock2.xml (RunModel)" time="0.012" />
  <testcase classname="ptolemy.util.test.junit.AutoTests" name="[113] /home/travis/build/icyphy/ptII/ptolemy/domains/continuous/test/auto/PortParameterHierarchy.xml (RunModel)" time="0.029" />
  <testcase classname="ptolemy.util.test.junit.AutoTests" name="[114] /home/travis/build/icyphy/ptII/ptolemy/domains/continuous/test/auto/RandomHybridPlant.xml (RunModel)" time="0.55" />
  <testcase classname="ptolemy.util.test.junit.AutoTests" name="[115] /home/travis/build/icyphy/ptII/ptolemy/domains/continuous/test/auto/ResetTransitionWithStartTime1.xml (RunModel)" time="0.029" />
  <testcase classname="ptolemy.util.test.junit.AutoTests" name="[116] /home/travis/build/icyphy/ptII/ptolemy/domains/continuous/test/auto/ResetTransitionWithStartTime2.xml (RunModel)" time="0.037" />
  <testcase classname="ptolemy.util.test.junit.AutoTests" name="[117] /home/travis/build/icyphy/ptII/ptolemy/domains/continuous/test/auto/ResetTransitionWithStartTime3.xml (RunModel)" time="0.036" />
  <testcase classname="ptolemy.util.test.junit.AutoTests" name="[118] /home/travis/build/icyphy/ptII/ptolemy/domains/continuous/test/auto/ResetTransitionWithStartTime4.xml (RunModel)" time="0.031" />
  <testcase classname="ptolemy.util.test.junit.AutoTests" name="[119] /home/travis/build/icyphy/ptII/ptolemy/domains/continuous/test/auto/ResetTransitionWithStartTime5.xml (RunModel)" time="0.041" />
  <testcase classname="ptolemy.util.test.junit.AutoTests" name="[120] /home/travis/build/icyphy/ptII/ptolemy/domains/continuous/test/auto/ResetTransitionWithStartTime6.xml (RunModel)" time="0.027" />
  <testcase classname="ptolemy.util.test.junit.AutoTests" name="[121] /home/travis/build/icyphy/ptII/ptolemy/domains/continuous/test/auto/SRinContinuous.xml (RunModel)" time="0.022" />
  <testcase classname="ptolemy.util.test.junit.AutoTests" name="[122] /home/travis/build/icyphy/ptII/ptolemy/domains/continuous/test/auto/SampledClocks.xml (RunModel)" time="0.033" />
  <testcase classname="ptolemy.util.test.junit.AutoTests" name="[123] /home/travis/build/icyphy/ptII/ptolemy/domains/continuous/test/auto/Satellite.xml (RunModel)" time="0.919" />
  <testcase classname="ptolemy.util.test.junit.AutoTests" name="[124] /home/travis/build/icyphy/ptII/ptolemy/domains/continuous/test/auto/SigmaDelta.xml (RunModel)" time="2.511" />
  <testcase classname="ptolemy.util.test.junit.AutoTests" name="[125] /home/travis/build/icyphy/ptII/ptolemy/domains/continuous/test/auto/SingleRefinement.xml (RunModel)" time="0.425" />
  <testcase classname="ptolemy.util.test.junit.AutoTests" name="[126] /home/travis/build/icyphy/ptII/ptolemy/domains/continuous/test/auto/SinuBouncingBall.xml (RunModel)" time="0.911" />
  <testcase classname="ptolemy.util.test.junit.AutoTests" name="[127] /home/travis/build/icyphy/ptII/ptolemy/domains/continuous/test/auto/Sinusoid.xml (RunModel)" time="0.023" />
  <testcase classname="ptolemy.util.test.junit.AutoTests" name="[128] /home/travis/build/icyphy/ptII/ptolemy/domains/continuous/test/auto/SinusoidInNoise.xml (RunModel)" time="1.103" />
  <testcase classname="ptolemy.util.test.junit.AutoTests" name="[129] /home/travis/build/icyphy/ptII/ptolemy/domains/continuous/test/auto/SinusoidRK45.xml (RunModel)" time="0.012" />
  <testcase classname="ptolemy.util.test.junit.AutoTests" name="[130] /home/travis/build/icyphy/ptII/ptolemy/domains/continuous/test/auto/SinusoidWithMultipleImpulses.xml (RunModel)" time="0.011" />
  <testcase classname="ptolemy.util.test.junit.AutoTests" name="[131] /home/travis/build/icyphy/ptII/ptolemy/domains/continuous/test/auto/SquareWave.xml (RunModel)" time="0.198" />
  <testcase classname="ptolemy.util.test.junit.AutoTests" name="[132] /home/travis/build/icyphy/ptII/ptolemy/domains/continuous/test/auto/Starmac.xml (RunModel)" time="3.404" />
  <testcase classname="ptolemy.util.test.junit.AutoTests" name="[133] /home/travis/build/icyphy/ptII/ptolemy/domains/continuous/test/auto/StaticUnits.xml (RunModel)" time="2.96" />
  <testcase classname="ptolemy.util.test.junit.AutoTests" name="[134] /home/travis/build/icyphy/ptII/ptolemy/domains/continuous/test/auto/StickyMasses.xml (RunModel)" time="0.207" />
  <testcase classname="ptolemy.util.test.junit.AutoTests" name="[135] /home/travis/build/icyphy/ptII/ptolemy/domains/continuous/test/auto/StopTime.xml (RunModel)" time="0.067" />
  <testcase classname="ptolemy.util.test.junit.AutoTests" name="[136] /home/travis/build/icyphy/ptII/ptolemy/domains/continuous/test/auto/StopTime2.xml (RunModel)" time="0.054" />
  <testcase classname="ptolemy.util.test.junit.AutoTests" name="[137] /home/travis/build/icyphy/ptII/ptolemy/domains/continuous/test/auto/Switch.xml (RunModel)" time="0.059" />
  <testcase classname="ptolemy.util.test.junit.AutoTests" name="[138] /home/travis/build/icyphy/ptII/ptolemy/domains/continuous/test/auto/Thermostat.xml (RunModel)" time="0.204" />
  <testcase classname="ptolemy.util.test.junit.AutoTests" name="[139] /home/travis/build/icyphy/ptII/ptolemy/domains/continuous/test/auto/TimeDelay.xml (RunModel)" time="0.013" />
  <testcase classname="ptolemy.util.test.junit.AutoTests" name="[140] /home/travis/build/icyphy/ptII/ptolemy/domains/continuous/test/auto/TimeDelay2.xml (RunModel)" time="0.024" />
  <testcase classname="ptolemy.util.test.junit.AutoTests" name="[141] /home/travis/build/icyphy/ptII/ptolemy/domains/continuous/test/auto/TimeDelay3.xml (RunModel)" time="0.009" />
  <testcase classname="ptolemy.util.test.junit.AutoTests" name="[142] /home/travis/build/icyphy/ptII/ptolemy/domains/continuous/test/auto/TransferAbsentToInside.xml (RunModel)" time="0.098" />
  <testcase classname="ptolemy.util.test.junit.AutoTests" name="[143] /home/travis/build/icyphy/ptII/ptolemy/domains/continuous/test/auto/Transmission.xml (RunModel)" time="0.823" />
  <testcase classname="ptolemy.util.test.junit.AutoTests" name="[144] /home/travis/build/icyphy/ptII/ptolemy/domains/continuous/test/auto/TriggeredContinuousClock.xml (RunModel)" time="0.078" />
  <testcase classname="ptolemy.util.test.junit.AutoTests" name="[145] /home/travis/build/icyphy/ptII/ptolemy/domains/continuous/test/auto/TwoMachineInfiniteBusControl.xml (RunModel)" time="2.98" />
  <testcase classname="ptolemy.util.test.junit.AutoTests" name="[146] /home/travis/build/icyphy/ptII/ptolemy/domains/continuous/test/auto/V2V.xml (RunModel)" time="0.86" />
  <testcase classname="ptolemy.util.test.junit.AutoTests" name="[147] /home/travis/build/icyphy/ptII/ptolemy/domains/continuous/test/auto/hierarchicalModalModel.xml (RunModel)" time="0.033" />
  <testcase classname="ptolemy.util.test.junit.AutoTests" name="[148] /home/travis/build/icyphy/ptII/ptolemy/domains/continuous/test/auto/hierarchicalModalModel1.xml (RunModel)" time="0.035" />
  <testcase classname="ptolemy.util.test.junit.AutoTests" name="[149] /home/travis/build/icyphy/ptII/ptolemy/domains/continuous/test/auto/hierarchicalModalModel2.xml (RunModel)" time="0.026" />
  <testcase classname="ptolemy.util.test.junit.AutoTests" name="[150] /home/travis/build/icyphy/ptII/ptolemy/domains/continuous/test/auto/hierarchicalModalModel3.xml (RunModel)" time="0.024" />
  <testcase classname="ptolemy.util.test.junit.AutoTests" name="[151] /home/travis/build/icyphy/ptII/ptolemy/domains/continuous/test/auto/hierarchicalModalModel4.xml (RunModel)" time="0.024" />
  <testcase classname="ptolemy.util.test.junit.AutoTests" name="[152] /home/travis/build/icyphy/ptII/ptolemy/domains/continuous/test/auto/junk.xml (RunModel)" time="0.161" />
  <system-out><![CDATA[No tcl tests in /home/travis/build/icyphy/ptII/ptolemy/domains/continuous/test
No auto/knownFailedTests/*.xml tests in /home/travis/build/icyphy/ptII/ptolemy/domains/continuous/test
No auto/linux-amd64/*.xml tests in /home/travis/build/icyphy/ptII/ptolemy/domains/continuous/test
AutoTests.java: About to close Vertx.
AutoTests.java: Vertx closed.

===========================================================================================
----------------- testing Mon Sep 23 05:39:43 UTC 2019 /home/travis/build/icyphy/ptII/ptolemy/domains/continuous/test/auto/BouncingBall.xml
----------------- Instantiating /home/travis/build/icyphy/ptII/ptolemy/domains/continuous/test/auto/BouncingBall.xml
2422 ms. Memory: 145408K Free: 84468K (58%)
----------------- Invoking toplevel() on ptolemy.moml.MoMLSimpleApplication@5072617f
----------------- Done invoking toplevel() on ptolemy.moml.MoMLSimpleApplication@5072617f
reloadAllAccessors: .BouncingBall

===========================================================================================
----------------- testing Mon Sep 23 05:39:46 UTC 2019 /home/travis/build/icyphy/ptII/ptolemy/domains/continuous/test/auto/BouncingBallWithoutGR.xml
----------------- Instantiating /home/travis/build/icyphy/ptII/ptolemy/domains/continuous/test/auto/BouncingBallWithoutGR.xml
887 ms. Memory: 145408K Free: 74709K (51%)
----------------- Invoking toplevel() on ptolemy.moml.MoMLSimpleApplication@bfbf79d
----------------- Done invoking toplevel() on ptolemy.moml.MoMLSimpleApplication@bfbf79d
reloadAllAccessors: .BouncingBallWithoutGR

===========================================================================================
----------------- testing Mon Sep 23 05:39:47 UTC 2019 /home/travis/build/icyphy/ptII/ptolemy/domains/continuous/test/auto/Brownian.xml
----------------- Instantiating /home/travis/build/icyphy/ptII/ptolemy/domains/continuous/test/auto/Brownian.xml
34 ms. Memory: 145408K Free: 65493K (45%)
----------------- Invoking toplevel() on ptolemy.moml.MoMLSimpleApplication@14edacd4
----------------- Done invoking toplevel() on ptolemy.moml.MoMLSimpleApplication@14edacd4
reloadAllAccessors: .Brownian

===========================================================================================
----------------- testing Mon Sep 23 05:39:47 UTC 2019 /home/travis/build/icyphy/ptII/ptolemy/domains/continuous/test/auto/CarTracking.xml
----------------- Instantiating /home/travis/build/icyphy/ptII/ptolemy/domains/continuous/test/auto/CarTracking.xml
3878 ms. Memory: 210944K Free: 99731K (47%)
----------------- Invoking toplevel() on ptolemy.moml.MoMLSimpleApplication@350b4ce5
----------------- Done invoking toplevel() on ptolemy.moml.MoMLSimpleApplication@350b4ce5
reloadAllAccessors: .CarTracking

===========================================================================================
----------------- testing Mon Sep 23 05:39:51 UTC 2019 /home/travis/build/icyphy/ptII/ptolemy/domains/continuous/test/auto/CartPendulum.xml
----------------- Instantiating /home/travis/build/icyphy/ptII/ptolemy/domains/continuous/test/auto/CartPendulum.xml
421 ms. Memory: 210944K Free: 135263K (64%)
----------------- Invoking toplevel() on ptolemy.moml.MoMLSimpleApplication@356373c1
----------------- Done invoking toplevel() on ptolemy.moml.MoMLSimpleApplication@356373c1
reloadAllAccessors: .CartPendulum

===========================================================================================
----------------- testing Mon Sep 23 05:39:52 UTC 2019 /home/travis/build/icyphy/ptII/ptolemy/domains/continuous/test/auto/CausalityInterface10.xml
----------------- Instantiating /home/travis/build/icyphy/ptII/ptolemy/domains/continuous/test/auto/CausalityInterface10.xml
10 ms. Memory: 210944K Free: 124509K (59%)
----------------- Invoking toplevel() on ptolemy.moml.MoMLSimpleApplication@7f1f595b
----------------- Done invoking toplevel() on ptolemy.moml.MoMLSimpleApplication@7f1f595b
reloadAllAccessors: .CausalityInterface10

===========================================================================================
----------------- testing Mon Sep 23 05:39:52 UTC 2019 /home/travis/build/icyphy/ptII/ptolemy/domains/continuous/test/auto/CausalityInterface11.xml
----------------- Instantiating /home/travis/build/icyphy/ptII/ptolemy/domains/continuous/test/auto/CausalityInterface11.xml
5 ms. Memory: 210944K Free: 118351K (56%)
----------------- Invoking toplevel() on ptolemy.moml.MoMLSimpleApplication@499ae476
----------------- Done invoking toplevel() on ptolemy.moml.MoMLSimpleApplication@499ae476
reloadAllAccessors: .CausalityInterface11

===========================================================================================
----------------- testing Mon Sep 23 05:39:52 UTC 2019 /home/travis/build/icyphy/ptII/ptolemy/domains/continuous/test/auto/CausalityInterface12.xml
----------------- Instantiating /home/travis/build/icyphy/ptII/ptolemy/domains/continuous/test/auto/CausalityInterface12.xml
10 ms. Memory: 210944K Free: 112221K (53%)
----------------- Invoking toplevel() on ptolemy.moml.MoMLSimpleApplication@7a531c86
----------------- Done invoking toplevel() on ptolemy.moml.MoMLSimpleApplication@7a531c86
reloadAllAccessors: .CausalityInterface12

===========================================================================================
----------------- testing Mon Sep 23 05:39:52 UTC 2019 /home/travis/build/icyphy/ptII/ptolemy/domains/continuous/test/auto/CausalityInterface13.xml
----------------- Instantiating /home/travis/build/icyphy/ptII/ptolemy/domains/continuous/test/auto/CausalityInterface13.xml
7 ms. Memory: 210944K Free: 106063K (50%)
----------------- Invoking toplevel() on ptolemy.moml.MoMLSimpleApplication@5c43780
----------------- Done invoking toplevel() on ptolemy.moml.MoMLSimpleApplication@5c43780
reloadAllAccessors: .CausalityInterface13

===========================================================================================
----------------- testing Mon Sep 23 05:39:52 UTC 2019 /home/travis/build/icyphy/ptII/ptolemy/domains/continuous/test/auto/CausalityInterface14.xml
----------------- Instantiating /home/travis/build/icyphy/ptII/ptolemy/domains/continuous/test/auto/CausalityInterface14.xml
4 ms. Memory: 210944K Free: 100447K (48%)
----------------- Invoking toplevel() on ptolemy.moml.MoMLSimpleApplication@5c1ceb77
----------------- Done invoking toplevel() on ptolemy.moml.MoMLSimpleApplication@5c1ceb77
reloadAllAccessors: .CausalityInterface14

===========================================================================================
----------------- testing Mon Sep 23 05:39:52 UTC 2019 /home/travis/build/icyphy/ptII/ptolemy/domains/continuous/test/auto/CausalityInterface4.xml
----------------- Instantiating /home/travis/build/icyphy/ptII/ptolemy/domains/continuous/test/auto/CausalityInterface4.xml
5 ms. Memory: 210944K Free: 93775K (44%)
----------------- Invoking toplevel() on ptolemy.moml.MoMLSimpleApplication@3700bb0c
----------------- Done invoking toplevel() on ptolemy.moml.MoMLSimpleApplication@3700bb0c
reloadAllAccessors: .CausalityInterface4

===========================================================================================
----------------- testing Mon Sep 23 05:39:52 UTC 2019 /home/travis/build/icyphy/ptII/ptolemy/domains/continuous/test/auto/CausalityInterface5.xml
----------------- Instantiating /home/travis/build/icyphy/ptII/ptolemy/domains/continuous/test/auto/CausalityInterface5.xml
9 ms. Memory: 210944K Free: 85597K (41%)
----------------- Invoking toplevel() on ptolemy.moml.MoMLSimpleApplication@3d874c6c
----------------- Done invoking toplevel() on ptolemy.moml.MoMLSimpleApplication@3d874c6c
reloadAllAccessors: .CausalityInterface5

===========================================================================================
----------------- testing Mon Sep 23 05:39:52 UTC 2019 /home/travis/build/icyphy/ptII/ptolemy/domains/continuous/test/auto/CausalityInterface6.xml
----------------- Instantiating /home/travis/build/icyphy/ptII/ptolemy/domains/continuous/test/auto/CausalityInterface6.xml
5 ms. Memory: 210944K Free: 79967K (38%)
----------------- Invoking toplevel() on ptolemy.moml.MoMLSimpleApplication@4de8eb5c
----------------- Done invoking toplevel() on ptolemy.moml.MoMLSimpleApplication@4de8eb5c
reloadAllAccessors: .CausalityInterface6

===========================================================================================
----------------- testing Mon Sep 23 05:39:52 UTC 2019 /home/travis/build/icyphy/ptII/ptolemy/domains/continuous/test/auto/CausalityInterface7.xml
----------------- Instantiating /home/travis/build/icyphy/ptII/ptolemy/domains/continuous/test/auto/CausalityInterface7.xml
6 ms. Memory: 210944K Free: 71775K (34%)
----------------- Invoking toplevel() on ptolemy.moml.MoMLSimpleApplication@3ebe9aad
----------------- Done invoking toplevel() on ptolemy.moml.MoMLSimpleApplication@3ebe9aad
reloadAllAccessors: .CausalityInterface7

===========================================================================================
----------------- testing Mon Sep 23 05:39:52 UTC 2019 /home/travis/build/icyphy/ptII/ptolemy/domains/continuous/test/auto/CausalityInterface8.xml
----------------- Instantiating /home/travis/build/icyphy/ptII/ptolemy/domains/continuous/test/auto/CausalityInterface8.xml
5 ms. Memory: 210944K Free: 188505K (89%)
----------------- Invoking toplevel() on ptolemy.moml.MoMLSimpleApplication@6bb2aecf
----------------- Done invoking toplevel() on ptolemy.moml.MoMLSimpleApplication@6bb2aecf
reloadAllAccessors: .CausalityInterface8

===========================================================================================
----------------- testing Mon Sep 23 05:39:52 UTC 2019 /home/travis/build/icyphy/ptII/ptolemy/domains/continuous/test/auto/CausalityInterface9.xml
----------------- Instantiating /home/travis/build/icyphy/ptII/ptolemy/domains/continuous/test/auto/CausalityInterface9.xml
7 ms. Memory: 210944K Free: 177755K (84%)
----------------- Invoking toplevel() on ptolemy.moml.MoMLSimpleApplication@35070c62
----------------- Done invoking toplevel() on ptolemy.moml.MoMLSimpleApplication@35070c62
reloadAllAccessors: .CausalityInterface9

===========================================================================================
----------------- testing Mon Sep 23 05:39:52 UTC 2019 /home/travis/build/icyphy/ptII/ptolemy/domains/continuous/test/auto/CausalityInterfaceFeedback1.xml
----------------- Instantiating /home/travis/build/icyphy/ptII/ptolemy/domains/continuous/test/auto/CausalityInterfaceFeedback1.xml
7 ms. Memory: 210944K Free: 171067K (81%)
----------------- Invoking toplevel() on ptolemy.moml.MoMLSimpleApplication@11a9c536
----------------- Done invoking toplevel() on ptolemy.moml.MoMLSimpleApplication@11a9c536
reloadAllAccessors: .CausalityInterfaceFeedback1

===========================================================================================
----------------- testing Mon Sep 23 05:39:52 UTC 2019 /home/travis/build/icyphy/ptII/ptolemy/domains/continuous/test/auto/CausalityInterfaceFeedback2.xml
----------------- Instantiating /home/travis/build/icyphy/ptII/ptolemy/domains/continuous/test/auto/CausalityInterfaceFeedback2.xml
7 ms. Memory: 210944K Free: 164443K (78%)
----------------- Invoking toplevel() on ptolemy.moml.MoMLSimpleApplication@4b1ea285
----------------- Done invoking toplevel() on ptolemy.moml.MoMLSimpleApplication@4b1ea285
reloadAllAccessors: .CausalityInterfaceFeedback2

===========================================================================================
----------------- testing Mon Sep 23 05:39:52 UTC 2019 /home/travis/build/icyphy/ptII/ptolemy/domains/continuous/test/auto/CompareWithCurrentTime.xml
----------------- Instantiating /home/travis/build/icyphy/ptII/ptolemy/domains/continuous/test/auto/CompareWithCurrentTime.xml
4 ms. Memory: 210944K Free: 160347K (76%)
----------------- Invoking toplevel() on ptolemy.moml.MoMLSimpleApplication@23fbe5b2
----------------- Done invoking toplevel() on ptolemy.moml.MoMLSimpleApplication@23fbe5b2
reloadAllAccessors: .CompareWithCurrentTime

===========================================================================================
----------------- testing Mon Sep 23 05:39:52 UTC 2019 /home/travis/build/icyphy/ptII/ptolemy/domains/continuous/test/auto/ComparedClocks.xml
----------------- Instantiating /home/travis/build/icyphy/ptII/ptolemy/domains/continuous/test/auto/ComparedClocks.xml
6 ms. Memory: 210944K Free: 144987K (69%)
----------------- Invoking toplevel() on ptolemy.moml.MoMLSimpleApplication@46f6278c
----------------- Done invoking toplevel() on ptolemy.moml.MoMLSimpleApplication@46f6278c
reloadAllAccessors: .ComparedClocks

===========================================================================================
----------------- testing Mon Sep 23 05:39:53 UTC 2019 /home/travis/build/icyphy/ptII/ptolemy/domains/continuous/test/auto/ContinuousAOCClone.xml
----------------- Instantiating /home/travis/build/icyphy/ptII/ptolemy/domains/continuous/test/auto/ContinuousAOCClone.xml
2722 ms. Memory: 253952K Free: 176075K (69%)
----------------- Invoking toplevel() on ptolemy.moml.MoMLSimpleApplication@7221e9a2
----------------- Done invoking toplevel() on ptolemy.moml.MoMLSimpleApplication@7221e9a2
reloadAllAccessors: .ContinuousAOCClone

===========================================================================================
----------------- testing Mon Sep 23 05:39:56 UTC 2019 /home/travis/build/icyphy/ptII/ptolemy/domains/continuous/test/auto/ContinuousClock.xml
----------------- Instantiating /home/travis/build/icyphy/ptII/ptolemy/domains/continuous/test/auto/ContinuousClock.xml
39 ms. Memory: 253952K Free: 154075K (61%)
----------------- Invoking toplevel() on ptolemy.moml.MoMLSimpleApplication@243c83b5
----------------- Done invoking toplevel() on ptolemy.moml.MoMLSimpleApplication@243c83b5
reloadAllAccessors: .ContinuousClock

===========================================================================================
----------------- testing Mon Sep 23 05:39:56 UTC 2019 /home/travis/build/icyphy/ptII/ptolemy/domains/continuous/test/auto/ContinuousInContinuous.xml
----------------- Instantiating /home/travis/build/icyphy/ptII/ptolemy/domains/continuous/test/auto/ContinuousInContinuous.xml
40 ms. Memory: 253952K Free: 130523K (51%)
----------------- Invoking toplevel() on ptolemy.moml.MoMLSimpleApplication@269429a8
----------------- Done invoking toplevel() on ptolemy.moml.MoMLSimpleApplication@269429a8
reloadAllAccessors: .ContinuousInContinuous

===========================================================================================
----------------- testing Mon Sep 23 05:39:56 UTC 2019 /home/travis/build/icyphy/ptII/ptolemy/domains/continuous/test/auto/ContinuousInContinuousInContinuous.xml
----------------- Instantiating /home/travis/build/icyphy/ptII/ptolemy/domains/continuous/test/auto/ContinuousInContinuousInContinuous.xml
7 ms. Memory: 253952K Free: 122841K (48%)
----------------- Invoking toplevel() on ptolemy.moml.MoMLSimpleApplication@459792f9
----------------- Done invoking toplevel() on ptolemy.moml.MoMLSimpleApplication@459792f9
reloadAllAccessors: .ContinuousInContinuousInContinuous

===========================================================================================
----------------- testing Mon Sep 23 05:39:56 UTC 2019 /home/travis/build/icyphy/ptII/ptolemy/domains/continuous/test/auto/ContinuousInDE.xml
----------------- Instantiating /home/travis/build/icyphy/ptII/ptolemy/domains/continuous/test/auto/ContinuousInDE.xml
86 ms. Memory: 253952K Free: 112091K (44%)
----------------- Invoking toplevel() on ptolemy.moml.MoMLSimpleApplication@700af182
----------------- Done invoking toplevel() on ptolemy.moml.MoMLSimpleApplication@700af182
reloadAllAccessors: .ContinuousInDE

===========================================================================================
----------------- testing Mon Sep 23 05:39:56 UTC 2019 /home/travis/build/icyphy/ptII/ptolemy/domains/continuous/test/auto/ContinuousInDE2.xml
----------------- Instantiating /home/travis/build/icyphy/ptII/ptolemy/domains/continuous/test/auto/ContinuousInDE2.xml
41 ms. Memory: 253952K Free: 102361K (40%)
----------------- Invoking toplevel() on ptolemy.moml.MoMLSimpleApplication@7c788525
----------------- Done invoking toplevel() on ptolemy.moml.MoMLSimpleApplication@7c788525
reloadAllAccessors: .ContinuousInDE2

===========================================================================================
----------------- testing Mon Sep 23 05:39:56 UTC 2019 /home/travis/build/icyphy/ptII/ptolemy/domains/continuous/test/auto/ContinuousInDE3.xml
----------------- Instantiating /home/travis/build/icyphy/ptII/ptolemy/domains/continuous/test/auto/ContinuousInDE3.xml
38 ms. Memory: 253952K Free: 92635K (36%)
----------------- Invoking toplevel() on ptolemy.moml.MoMLSimpleApplication@22e5723e
----------------- Done invoking toplevel() on ptolemy.moml.MoMLSimpleApplication@22e5723e
reloadAllAccessors: .ContinuousInDE3

===========================================================================================
----------------- testing Mon Sep 23 05:39:56 UTC 2019 /home/travis/build/icyphy/ptII/ptolemy/domains/continuous/test/auto/ContinuousInDE4.xml
----------------- Instantiating /home/travis/build/icyphy/ptII/ptolemy/domains/continuous/test/auto/ContinuousInDE4.xml
16 ms. Memory: 253952K Free: 236404K (93%)
----------------- Invoking toplevel() on ptolemy.moml.MoMLSimpleApplication@18f22813
----------------- Done invoking toplevel() on ptolemy.moml.MoMLSimpleApplication@18f22813
reloadAllAccessors: .ContinuousInDE4

===========================================================================================
----------------- testing Mon Sep 23 05:39:56 UTC 2019 /home/travis/build/icyphy/ptII/ptolemy/domains/continuous/test/auto/ContinuousInDEDifferentRefinements.xml
----------------- Instantiating /home/travis/build/icyphy/ptII/ptolemy/domains/continuous/test/auto/ContinuousInDEDifferentRefinements.xml
60 ms. Memory: 253952K Free: 205158K (81%)
----------------- Invoking toplevel() on ptolemy.moml.MoMLSimpleApplication@45609d86
----------------- Done invoking toplevel() on ptolemy.moml.MoMLSimpleApplication@45609d86
reloadAllAccessors: .ContinuousInDEDifferentRefinements

===========================================================================================
----------------- testing Mon Sep 23 05:39:56 UTC 2019 /home/travis/build/icyphy/ptII/ptolemy/domains/continuous/test/auto/ContinuousInDEDifferentRefinementsPreemptive.xml
----------------- Instantiating /home/travis/build/icyphy/ptII/ptolemy/domains/continuous/test/auto/ContinuousInDEDifferentRefinementsPreemptive.xml
48 ms. Memory: 253952K Free: 174452K (69%)
----------------- Invoking toplevel() on ptolemy.moml.MoMLSimpleApplication@265691ca
----------------- Done invoking toplevel() on ptolemy.moml.MoMLSimpleApplication@265691ca
reloadAllAccessors: .ContinuousInDEDifferentRefinementsPreemptive

===========================================================================================
----------------- testing Mon Sep 23 05:39:56 UTC 2019 /home/travis/build/icyphy/ptII/ptolemy/domains/continuous/test/auto/ContinuousInDEInContinuous2.xml
----------------- Instantiating /home/travis/build/icyphy/ptII/ptolemy/domains/continuous/test/auto/ContinuousInDEInContinuous2.xml
33 ms. Memory: 253952K Free: 163188K (64%)
----------------- Invoking toplevel() on ptolemy.moml.MoMLSimpleApplication@44bd9524
----------------- Done invoking toplevel() on ptolemy.moml.MoMLSimpleApplication@44bd9524
reloadAllAccessors: .ContinuousInDEInContinuous2

===========================================================================================
----------------- testing Mon Sep 23 05:39:56 UTC 2019 /home/travis/build/icyphy/ptII/ptolemy/domains/continuous/test/auto/ContinuousInDEInContinuous3.xml
----------------- Instantiating /home/travis/build/icyphy/ptII/ptolemy/domains/continuous/test/auto/ContinuousInDEInContinuous3.xml
33 ms. Memory: 253952K Free: 150900K (59%)
----------------- Invoking toplevel() on ptolemy.moml.MoMLSimpleApplication@1c403898
----------------- Done invoking toplevel() on ptolemy.moml.MoMLSimpleApplication@1c403898
reloadAllAccessors: .ContinuousInDEInContinuous3

===========================================================================================
----------------- testing Mon Sep 23 05:39:56 UTC 2019 /home/travis/build/icyphy/ptII/ptolemy/domains/continuous/test/auto/ContinuousInDEInput.xml
----------------- Instantiating /home/travis/build/icyphy/ptII/ptolemy/domains/continuous/test/auto/ContinuousInDEInput.xml
15 ms. Memory: 253952K Free: 143732K (57%)
----------------- Invoking toplevel() on ptolemy.moml.MoMLSimpleApplication@5944b51
----------------- Done invoking toplevel() on ptolemy.moml.MoMLSimpleApplication@5944b51
reloadAllAccessors: .ContinuousInDEInput

===========================================================================================
----------------- testing Mon Sep 23 05:39:56 UTC 2019 /home/travis/build/icyphy/ptII/ptolemy/domains/continuous/test/auto/ContinuousInDEInput2.xml
----------------- Instantiating /home/travis/build/icyphy/ptII/ptolemy/domains/continuous/test/auto/ContinuousInDEInput2.xml
13 ms. Memory: 253952K Free: 136564K (54%)
----------------- Invoking toplevel() on ptolemy.moml.MoMLSimpleApplication@3d071c9c
----------------- Done invoking toplevel() on ptolemy.moml.MoMLSimpleApplication@3d071c9c
reloadAllAccessors: .ContinuousInDEInput2

===========================================================================================
----------------- testing Mon Sep 23 05:39:56 UTC 2019 /home/travis/build/icyphy/ptII/ptolemy/domains/continuous/test/auto/ContinuousInDEInput3.xml
----------------- Instantiating /home/travis/build/icyphy/ptII/ptolemy/domains/continuous/test/auto/ContinuousInDEInput3.xml
14 ms. Memory: 253952K Free: 129396K (51%)
----------------- Invoking toplevel() on ptolemy.moml.MoMLSimpleApplication@2808434e
----------------- Done invoking toplevel() on ptolemy.moml.MoMLSimpleApplication@2808434e
reloadAllAccessors: .ContinuousInDEInput3

===========================================================================================
----------------- testing Mon Sep 23 05:39:56 UTC 2019 /home/travis/build/icyphy/ptII/ptolemy/domains/continuous/test/auto/ContinuousInDESharingRefinement.xml
----------------- Instantiating /home/travis/build/icyphy/ptII/ptolemy/domains/continuous/test/auto/ContinuousInDESharingRefinement.xml
150 ms. Memory: 253952K Free: 185839K (73%)
----------------- Invoking toplevel() on ptolemy.moml.MoMLSimpleApplication@562c9806
----------------- Done invoking toplevel() on ptolemy.moml.MoMLSimpleApplication@562c9806
reloadAllAccessors: .ContinuousInDESharingRefinement

===========================================================================================
----------------- testing Mon Sep 23 05:39:57 UTC 2019 /home/travis/build/icyphy/ptII/ptolemy/domains/continuous/test/auto/ContinuousInDEwithNoPorts.xml
----------------- Instantiating /home/travis/build/icyphy/ptII/ptolemy/domains/continuous/test/auto/ContinuousInDEwithNoPorts.xml
7 ms. Memory: 253952K Free: 181247K (71%)
----------------- Invoking toplevel() on ptolemy.moml.MoMLSimpleApplication@5e735913
----------------- Done invoking toplevel() on ptolemy.moml.MoMLSimpleApplication@5e735913
reloadAllAccessors: .ContinuousInDEwithNoPorts

===========================================================================================
----------------- testing Mon Sep 23 05:39:57 UTC 2019 /home/travis/build/icyphy/ptII/ptolemy/domains/continuous/test/auto/ContinuousInsideDE.xml
----------------- Instantiating /home/travis/build/icyphy/ptII/ptolemy/domains/continuous/test/auto/ContinuousInsideDE.xml
40 ms. Memory: 253952K Free: 169983K (67%)
----------------- Invoking toplevel() on ptolemy.moml.MoMLSimpleApplication@22de79e9
----------------- Done invoking toplevel() on ptolemy.moml.MoMLSimpleApplication@22de79e9
reloadAllAccessors: .ContinuousInsideDE

===========================================================================================
----------------- testing Mon Sep 23 05:39:57 UTC 2019 /home/travis/build/icyphy/ptII/ptolemy/domains/continuous/test/auto/ContinuousMerge1.xml
----------------- Instantiating /home/travis/build/icyphy/ptII/ptolemy/domains/continuous/test/auto/ContinuousMerge1.xml
3 ms. Memory: 253952K Free: 165359K (65%)
----------------- Invoking toplevel() on ptolemy.moml.MoMLSimpleApplication@3ee2ae86
----------------- Done invoking toplevel() on ptolemy.moml.MoMLSimpleApplication@3ee2ae86
reloadAllAccessors: .ContinuousMerge1

===========================================================================================
----------------- testing Mon Sep 23 05:39:57 UTC 2019 /home/travis/build/icyphy/ptII/ptolemy/domains/continuous/test/auto/ContinuousMerge2.xml
----------------- Instantiating /home/travis/build/icyphy/ptII/ptolemy/domains/continuous/test/auto/ContinuousMerge2.xml
17 ms. Memory: 253952K Free: 155133K (61%)
----------------- Invoking toplevel() on ptolemy.moml.MoMLSimpleApplication@22f78fbb
----------------- Done invoking toplevel() on ptolemy.moml.MoMLSimpleApplication@22f78fbb
reloadAllAccessors: .ContinuousMerge2

===========================================================================================
----------------- testing Mon Sep 23 05:39:57 UTC 2019 /home/travis/build/icyphy/ptII/ptolemy/domains/continuous/test/auto/ContinuousMerge3.xml
----------------- Instantiating /home/travis/build/icyphy/ptII/ptolemy/domains/continuous/test/auto/ContinuousMerge3.xml
62 ms. Memory: 253952K Free: 144383K (57%)
----------------- Invoking toplevel() on ptolemy.moml.MoMLSimpleApplication@1114789e
----------------- Done invoking toplevel() on ptolemy.moml.MoMLSimpleApplication@1114789e
reloadAllAccessors: .ContinuousMerge3

===========================================================================================
----------------- testing Mon Sep 23 05:39:57 UTC 2019 /home/travis/build/icyphy/ptII/ptolemy/domains/continuous/test/auto/ContinuousWithinContinuous.xml
----------------- Instantiating /home/travis/build/icyphy/ptII/ptolemy/domains/continuous/test/auto/ContinuousWithinContinuous.xml
46 ms. Memory: 253952K Free: 135167K (53%)
----------------- Invoking toplevel() on ptolemy.moml.MoMLSimpleApplication@7ba50ba4
----------------- Done invoking toplevel() on ptolemy.moml.MoMLSimpleApplication@7ba50ba4
reloadAllAccessors: .ContinuousWithinContinuous

===========================================================================================
----------------- testing Mon Sep 23 05:39:57 UTC 2019 /home/travis/build/icyphy/ptII/ptolemy/domains/continuous/test/auto/ContinuousWithinContinuous2.xml
----------------- Instantiating /home/travis/build/icyphy/ptII/ptolemy/domains/continuous/test/auto/ContinuousWithinContinuous2.xml
76 ms. Memory: 253952K Free: 123903K (49%)
----------------- Invoking toplevel() on ptolemy.moml.MoMLSimpleApplication@de2c3ad
----------------- Done invoking toplevel() on ptolemy.moml.MoMLSimpleApplication@de2c3ad
reloadAllAccessors: .ContinuousWithinContinuous2

===========================================================================================
----------------- testing Mon Sep 23 05:39:57 UTC 2019 /home/travis/build/icyphy/ptII/ptolemy/domains/continuous/test/auto/ContinuousWithinContinuous3.xml
----------------- Instantiating /home/travis/build/icyphy/ptII/ptolemy/domains/continuous/test/auto/ContinuousWithinContinuous3.xml
13 ms. Memory: 253952K Free: 117245K (46%)
----------------- Invoking toplevel() on ptolemy.moml.MoMLSimpleApplication@2cdd75c
----------------- Done invoking toplevel() on ptolemy.moml.MoMLSimpleApplication@2cdd75c
reloadAllAccessors: .ContinuousWithinContinuous3

===========================================================================================
----------------- testing Mon Sep 23 05:39:57 UTC 2019 /home/travis/build/icyphy/ptII/ptolemy/domains/continuous/test/auto/ContinuousWithinContinuous4.xml
----------------- Instantiating /home/travis/build/icyphy/ptII/ptolemy/domains/continuous/test/auto/ContinuousWithinContinuous4.xml
72 ms. Memory: 253952K Free: 104957K (41%)
----------------- Invoking toplevel() on ptolemy.moml.MoMLSimpleApplication@2fe686fc
----------------- Done invoking toplevel() on ptolemy.moml.MoMLSimpleApplication@2fe686fc
reloadAllAccessors: .ContinuousWithinContinuous4

===========================================================================================
----------------- testing Mon Sep 23 05:39:57 UTC 2019 /home/travis/build/icyphy/ptII/ptolemy/domains/continuous/test/auto/ContinuousWithinContinuous5.xml
----------------- Instantiating /home/travis/build/icyphy/ptII/ptolemy/domains/continuous/test/auto/ContinuousWithinContinuous5.xml
12 ms. Memory: 253952K Free: 97789K (39%)
----------------- Invoking toplevel() on ptolemy.moml.MoMLSimpleApplication@5c8bf101
----------------- Done invoking toplevel() on ptolemy.moml.MoMLSimpleApplication@5c8bf101
reloadAllAccessors: .ContinuousWithinContinuous5

===========================================================================================
----------------- testing Mon Sep 23 05:39:57 UTC 2019 /home/travis/build/icyphy/ptII/ptolemy/domains/continuous/test/auto/ContinuousWithinContinuous6.xml
----------------- Instantiating /home/travis/build/icyphy/ptII/ptolemy/domains/continuous/test/auto/ContinuousWithinContinuous6.xml
13 ms. Memory: 253952K Free: 90621K (36%)
----------------- Invoking toplevel() on ptolemy.moml.MoMLSimpleApplication@3f490e1c
----------------- Done invoking toplevel() on ptolemy.moml.MoMLSimpleApplication@3f490e1c
reloadAllAccessors: .ContinuousWithinContinuous6

===========================================================================================
----------------- testing Mon Sep 23 05:39:57 UTC 2019 /home/travis/build/icyphy/ptII/ptolemy/domains/continuous/test/auto/ContinuousWithinContinuous7.xml
----------------- Instantiating /home/travis/build/icyphy/ptII/ptolemy/domains/continuous/test/auto/ContinuousWithinContinuous7.xml
55 ms. Memory: 253952K Free: 230374K (91%)
----------------- Invoking toplevel() on ptolemy.moml.MoMLSimpleApplication@4f032c8
----------------- Done invoking toplevel() on ptolemy.moml.MoMLSimpleApplication@4f032c8
reloadAllAccessors: .ContinuousWithinContinuous7

===========================================================================================
----------------- testing Mon Sep 23 05:39:57 UTC 2019 /home/travis/build/icyphy/ptII/ptolemy/domains/continuous/test/auto/DCMotor.xml
----------------- Instantiating /home/travis/build/icyphy/ptII/ptolemy/domains/continuous/test/auto/DCMotor.xml
14120 ms. Memory: 253952K Free: 136811K (54%)
----------------- Invoking toplevel() on ptolemy.moml.MoMLSimpleApplication@4d54ab08
----------------- Done invoking toplevel() on ptolemy.moml.MoMLSimpleApplication@4d54ab08
reloadAllAccessors: .DCMotor

===========================================================================================
----------------- testing Mon Sep 23 05:40:12 UTC 2019 /home/travis/build/icyphy/ptII/ptolemy/domains/continuous/test/auto/DEInContinuous.xml
----------------- Instantiating /home/travis/build/icyphy/ptII/ptolemy/domains/continuous/test/auto/DEInContinuous.xml
23 ms. Memory: 253952K Free: 130667K (51%)
----------------- Invoking toplevel() on ptolemy.moml.MoMLSimpleApplication@4e9cde03
----------------- Done invoking toplevel() on ptolemy.moml.MoMLSimpleApplication@4e9cde03
reloadAllAccessors: .DEInContinuous

===========================================================================================
----------------- testing Mon Sep 23 05:40:12 UTC 2019 /home/travis/build/icyphy/ptII/ptolemy/domains/continuous/test/auto/DEinContinuous2.xml
----------------- Instantiating /home/travis/build/icyphy/ptII/ptolemy/domains/continuous/test/auto/DEinContinuous2.xml
6 ms. Memory: 253952K Free: 122475K (48%)
----------------- Invoking toplevel() on ptolemy.moml.MoMLSimpleApplication@68366879
----------------- Done invoking toplevel() on ptolemy.moml.MoMLSimpleApplication@68366879
reloadAllAccessors: .DEinContinuous2

===========================================================================================
----------------- testing Mon Sep 23 05:40:12 UTC 2019 /home/travis/build/icyphy/ptII/ptolemy/domains/continuous/test/auto/Derivative.xml
----------------- Instantiating /home/travis/build/icyphy/ptII/ptolemy/domains/continuous/test/auto/Derivative.xml
168 ms. Memory: 253952K Free: 93289K (37%)
----------------- Invoking toplevel() on ptolemy.moml.MoMLSimpleApplication@3fc1da80
----------------- Done invoking toplevel() on ptolemy.moml.MoMLSimpleApplication@3fc1da80
reloadAllAccessors: .Derivative2

===========================================================================================
----------------- testing Mon Sep 23 05:40:12 UTC 2019 /home/travis/build/icyphy/ptII/ptolemy/domains/continuous/test/auto/Derivative1.xml
----------------- Instantiating /home/travis/build/icyphy/ptII/ptolemy/domains/continuous/test/auto/Derivative1.xml
31 ms. Memory: 253952K Free: 229646K (90%)
----------------- Invoking toplevel() on ptolemy.moml.MoMLSimpleApplication@7cf99547
----------------- Done invoking toplevel() on ptolemy.moml.MoMLSimpleApplication@7cf99547
reloadAllAccessors: .Derivative1

===========================================================================================
----------------- testing Mon Sep 23 05:40:12 UTC 2019 /home/travis/build/icyphy/ptII/ptolemy/domains/continuous/test/auto/DiscreteClock.xml
----------------- Instantiating /home/travis/build/icyphy/ptII/ptolemy/domains/continuous/test/auto/DiscreteClock.xml
4 ms. Memory: 253952K Free: 224526K (88%)
----------------- Invoking toplevel() on ptolemy.moml.MoMLSimpleApplication@2f5879ab
----------------- Done invoking toplevel() on ptolemy.moml.MoMLSimpleApplication@2f5879ab
reloadAllAccessors: .DiscreteClock

===========================================================================================
----------------- testing Mon Sep 23 05:40:12 UTC 2019 /home/travis/build/icyphy/ptII/ptolemy/domains/continuous/test/auto/EfficiencyCurve.xml
----------------- Instantiating /home/travis/build/icyphy/ptII/ptolemy/domains/continuous/test/auto/EfficiencyCurve.xml
68 ms. Memory: 253952K Free: 215310K (85%)
----------------- Invoking toplevel() on ptolemy.moml.MoMLSimpleApplication@137496ac
----------------- Done invoking toplevel() on ptolemy.moml.MoMLSimpleApplication@137496ac
reloadAllAccessors: .EfficiencyCurve

===========================================================================================
----------------- testing Mon Sep 23 05:40:12 UTC 2019 /home/travis/build/icyphy/ptII/ptolemy/domains/continuous/test/auto/ExponentialResponse.xml
----------------- Instantiating /home/travis/build/icyphy/ptII/ptolemy/domains/continuous/test/auto/ExponentialResponse.xml
127 ms. Memory: 253952K Free: 199436K (79%)
----------------- Invoking toplevel() on ptolemy.moml.MoMLSimpleApplication@6c2c8729
----------------- Done invoking toplevel() on ptolemy.moml.MoMLSimpleApplication@6c2c8729
reloadAllAccessors: .ExponentialResponse

===========================================================================================
----------------- testing Mon Sep 23 05:40:12 UTC 2019 /home/travis/build/icyphy/ptII/ptolemy/domains/continuous/test/auto/ExponentialResponseRK45.xml
----------------- Instantiating /home/travis/build/icyphy/ptII/ptolemy/domains/continuous/test/auto/ExponentialResponseRK45.xml
27 ms. Memory: 253952K Free: 192782K (76%)
----------------- Invoking toplevel() on ptolemy.moml.MoMLSimpleApplication@40667c7e
----------------- Done invoking toplevel() on ptolemy.moml.MoMLSimpleApplication@40667c7e
reloadAllAccessors: .ExponentialResponseRK45

===========================================================================================
----------------- testing Mon Sep 23 05:40:12 UTC 2019 /home/travis/build/icyphy/ptII/ptolemy/domains/continuous/test/auto/Friction.xml
----------------- Instantiating /home/travis/build/icyphy/ptII/ptolemy/domains/continuous/test/auto/Friction.xml
1634 ms. Memory: 253952K Free: 217509K (86%)
----------------- Invoking toplevel() on ptolemy.moml.MoMLSimpleApplication@2f433023
----------------- Done invoking toplevel() on ptolemy.moml.MoMLSimpleApplication@2f433023
reloadAllAccessors: .Friction

===========================================================================================
----------------- testing Mon Sep 23 05:40:14 UTC 2019 /home/travis/build/icyphy/ptII/ptolemy/domains/continuous/test/auto/FurutaPendulum.xml
----------------- Instantiating /home/travis/build/icyphy/ptII/ptolemy/domains/continuous/test/auto/FurutaPendulum.xml
3551 ms. Memory: 253952K Free: 171015K (67%)
----------------- Invoking toplevel() on ptolemy.moml.MoMLSimpleApplication@469a215
----------------- Done invoking toplevel() on ptolemy.moml.MoMLSimpleApplication@469a215
reloadAllAccessors: .FurutaPendulum

===========================================================================================
----------------- testing Mon Sep 23 05:40:18 UTC 2019 /home/travis/build/icyphy/ptII/ptolemy/domains/continuous/test/auto/HierarchicalExecution.xml
----------------- Instantiating /home/travis/build/icyphy/ptII/ptolemy/domains/continuous/test/auto/HierarchicalExecution.xml
1808 ms. Memory: 305152K Free: 263291K (86%)
----------------- Invoking toplevel() on ptolemy.moml.MoMLSimpleApplication@68cb32e7
----------------- Done invoking toplevel() on ptolemy.moml.MoMLSimpleApplication@68cb32e7
reloadAllAccessors: .HierarchicalExecution

===========================================================================================
----------------- testing Mon Sep 23 05:40:20 UTC 2019 /home/travis/build/icyphy/ptII/ptolemy/domains/continuous/test/auto/HybridPlant.xml
----------------- Instantiating /home/travis/build/icyphy/ptII/ptolemy/domains/continuous/test/auto/HybridPlant.xml
534 ms. Memory: 305152K Free: 180347K (59%)
----------------- Invoking toplevel() on ptolemy.moml.MoMLSimpleApplication@2cf814e8
----------------- Done invoking toplevel() on ptolemy.moml.MoMLSimpleApplication@2cf814e8
reloadAllAccessors: .HybridPlant

===========================================================================================
----------------- testing Mon Sep 23 05:40:20 UTC 2019 /home/travis/build/icyphy/ptII/ptolemy/domains/continuous/test/auto/Hysteresis.xml
----------------- Instantiating /home/travis/build/icyphy/ptII/ptolemy/domains/continuous/test/auto/Hysteresis.xml
150 ms. Memory: 305152K Free: 118378K (39%)
----------------- Invoking toplevel() on ptolemy.moml.MoMLSimpleApplication@7d00512
----------------- Done invoking toplevel() on ptolemy.moml.MoMLSimpleApplication@7d00512
reloadAllAccessors: .Hysteresis

===========================================================================================
----------------- testing Mon Sep 23 05:40:21 UTC 2019 /home/travis/build/icyphy/ptII/ptolemy/domains/continuous/test/auto/HysteresisWithRandomDelay.xml
----------------- Instantiating /home/travis/build/icyphy/ptII/ptolemy/domains/continuous/test/auto/HysteresisWithRandomDelay.xml
192 ms. Memory: 305152K Free: 227499K (75%)
----------------- Invoking toplevel() on ptolemy.moml.MoMLSimpleApplication@8db6a5f
----------------- Done invoking toplevel() on ptolemy.moml.MoMLSimpleApplication@8db6a5f
reloadAllAccessors: .HysteresisWithRandomDelay

===========================================================================================
----------------- testing Mon Sep 23 05:40:21 UTC 2019 /home/travis/build/icyphy/ptII/ptolemy/domains/continuous/test/auto/HysteresisWithRandomLosses.xml
----------------- Instantiating /home/travis/build/icyphy/ptII/ptolemy/domains/continuous/test/auto/HysteresisWithRandomLosses.xml
2314 ms. Memory: 305152K Free: 211250K (69%)
----------------- Invoking toplevel() on ptolemy.moml.MoMLSimpleApplication@1e2be88a
----------------- Done invoking toplevel() on ptolemy.moml.MoMLSimpleApplication@1e2be88a
reloadAllAccessors: .HysteresisWithRandomLosses

===========================================================================================
----------------- testing Mon Sep 23 05:40:23 UTC 2019 /home/travis/build/icyphy/ptII/ptolemy/domains/continuous/test/auto/ImmediateTransitions.xml
----------------- Instantiating /home/travis/build/icyphy/ptII/ptolemy/domains/continuous/test/auto/ImmediateTransitions.xml
9 ms. Memory: 305152K Free: 199986K (66%)
----------------- Invoking toplevel() on ptolemy.moml.MoMLSimpleApplication@7d9f8026
----------------- Done invoking toplevel() on ptolemy.moml.MoMLSimpleApplication@7d9f8026
reloadAllAccessors: .ImmediateTransitions

===========================================================================================
----------------- testing Mon Sep 23 05:40:23 UTC 2019 /home/travis/build/icyphy/ptII/ptolemy/domains/continuous/test/auto/ImpulseFeedback.xml
----------------- Instantiating /home/travis/build/icyphy/ptII/ptolemy/domains/continuous/test/auto/ImpulseFeedback.xml
8 ms. Memory: 305152K Free: 194352K (64%)
----------------- Invoking toplevel() on ptolemy.moml.MoMLSimpleApplication@c13b93e
----------------- Done invoking toplevel() on ptolemy.moml.MoMLSimpleApplication@c13b93e
reloadAllAccessors: .ImpulseFeedback

===========================================================================================
----------------- testing Mon Sep 23 05:40:23 UTC 2019 /home/travis/build/icyphy/ptII/ptolemy/domains/continuous/test/auto/ImpulseFeedback2.xml
----------------- Instantiating /home/travis/build/icyphy/ptII/ptolemy/domains/continuous/test/auto/ImpulseFeedback2.xml
6 ms. Memory: 305152K Free: 188722K (62%)
----------------- Invoking toplevel() on ptolemy.moml.MoMLSimpleApplication@771a6db
----------------- Done invoking toplevel() on ptolemy.moml.MoMLSimpleApplication@771a6db
reloadAllAccessors: .ImpulseFeedback2

===========================================================================================
----------------- testing Mon Sep 23 05:40:23 UTC 2019 /home/travis/build/icyphy/ptII/ptolemy/domains/continuous/test/auto/IncreasingRatePoisson.xml
----------------- Instantiating /home/travis/build/icyphy/ptII/ptolemy/domains/continuous/test/auto/IncreasingRatePoisson.xml
750 ms. Memory: 305152K Free: 228195K (75%)
----------------- Invoking toplevel() on ptolemy.moml.MoMLSimpleApplication@1dbaa0f0
----------------- Done invoking toplevel() on ptolemy.moml.MoMLSimpleApplication@1dbaa0f0
reloadAllAccessors: .IncreasingRatePoisson

===========================================================================================
----------------- testing Mon Sep 23 05:40:24 UTC 2019 /home/travis/build/icyphy/ptII/ptolemy/domains/continuous/test/auto/InitialStateFeedback.xml
----------------- Instantiating /home/travis/build/icyphy/ptII/ptolemy/domains/continuous/test/auto/InitialStateFeedback.xml
7 ms. Memory: 305152K Free: 223585K (73%)
----------------- Invoking toplevel() on ptolemy.moml.MoMLSimpleApplication@2baf4324
----------------- Done invoking toplevel() on ptolemy.moml.MoMLSimpleApplication@2baf4324
reloadAllAccessors: .InitialStateFeedback

===========================================================================================
----------------- testing Mon Sep 23 05:40:24 UTC 2019 /home/travis/build/icyphy/ptII/ptolemy/domains/continuous/test/auto/Integration.xml
----------------- Instantiating /home/travis/build/icyphy/ptII/ptolemy/domains/continuous/test/auto/Integration.xml
2 ms. Memory: 305152K Free: 219489K (72%)
----------------- Invoking toplevel() on ptolemy.moml.MoMLSimpleApplication@665024d3
----------------- Done invoking toplevel() on ptolemy.moml.MoMLSimpleApplication@665024d3
reloadAllAccessors: .Integration

===========================================================================================
----------------- testing Mon Sep 23 05:40:24 UTC 2019 /home/travis/build/icyphy/ptII/ptolemy/domains/continuous/test/auto/Integration2.xml
----------------- Instantiating /home/travis/build/icyphy/ptII/ptolemy/domains/continuous/test/auto/Integration2.xml
83 ms. Memory: 305152K Free: 205153K (67%)
----------------- Invoking toplevel() on ptolemy.moml.MoMLSimpleApplication@744924b1
----------------- Done invoking toplevel() on ptolemy.moml.MoMLSimpleApplication@744924b1
reloadAllAccessors: .Integration2

===========================================================================================
----------------- testing Mon Sep 23 05:40:24 UTC 2019 /home/travis/build/icyphy/ptII/ptolemy/domains/continuous/test/auto/Integration3.xml
----------------- Instantiating /home/travis/build/icyphy/ptII/ptolemy/domains/continuous/test/auto/Integration3.xml
2 ms. Memory: 305152K Free: 200547K (66%)
----------------- Invoking toplevel() on ptolemy.moml.MoMLSimpleApplication@378a5e1c
----------------- Done invoking toplevel() on ptolemy.moml.MoMLSimpleApplication@378a5e1c
reloadAllAccessors: .Integration3

===========================================================================================
----------------- testing Mon Sep 23 05:40:24 UTC 2019 /home/travis/build/icyphy/ptII/ptolemy/domains/continuous/test/auto/Integration5.xml
----------------- Instantiating /home/travis/build/icyphy/ptII/ptolemy/domains/continuous/test/auto/Integration5.xml
2 ms. Memory: 305152K Free: 196451K (64%)
----------------- Invoking toplevel() on ptolemy.moml.MoMLSimpleApplication@6df117ab
----------------- Done invoking toplevel() on ptolemy.moml.MoMLSimpleApplication@6df117ab
reloadAllAccessors: .Integration5

===========================================================================================
----------------- testing Mon Sep 23 05:40:24 UTC 2019 /home/travis/build/icyphy/ptII/ptolemy/domains/continuous/test/auto/IntegratorImpulse.xml
----------------- Instantiating /home/travis/build/icyphy/ptII/ptolemy/domains/continuous/test/auto/IntegratorImpulse.xml
2 ms. Memory: 305152K Free: 192355K (63%)
----------------- Invoking toplevel() on ptolemy.moml.MoMLSimpleApplication@3b37bfda
----------------- Done invoking toplevel() on ptolemy.moml.MoMLSimpleApplication@3b37bfda
reloadAllAccessors: .IntegratorImpulse

===========================================================================================
----------------- testing Mon Sep 23 05:40:24 UTC 2019 /home/travis/build/icyphy/ptII/ptolemy/domains/continuous/test/auto/IntegratorImpulse2.xml
----------------- Instantiating /home/travis/build/icyphy/ptII/ptolemy/domains/continuous/test/auto/IntegratorImpulse2.xml
4 ms. Memory: 305152K Free: 187715K (62%)
----------------- Invoking toplevel() on ptolemy.moml.MoMLSimpleApplication@73642d56
----------------- Done invoking toplevel() on ptolemy.moml.MoMLSimpleApplication@73642d56
reloadAllAccessors: .IntegratorImpulse2

===========================================================================================
----------------- testing Mon Sep 23 05:40:24 UTC 2019 /home/travis/build/icyphy/ptII/ptolemy/domains/continuous/test/auto/LevelCrossing1.xml
----------------- Instantiating /home/travis/build/icyphy/ptII/ptolemy/domains/continuous/test/auto/LevelCrossing1.xml
2 ms. Memory: 305152K Free: 182625K (60%)
----------------- Invoking toplevel() on ptolemy.moml.MoMLSimpleApplication@5f0d56ff
----------------- Done invoking toplevel() on ptolemy.moml.MoMLSimpleApplication@5f0d56ff
reloadAllAccessors: .LevelCrossing1

===========================================================================================
----------------- testing Mon Sep 23 05:40:24 UTC 2019 /home/travis/build/icyphy/ptII/ptolemy/domains/continuous/test/auto/LevelCrossing2.xml
----------------- Instantiating /home/travis/build/icyphy/ptII/ptolemy/domains/continuous/test/auto/LevelCrossing2.xml
3 ms. Memory: 305152K Free: 177505K (58%)
----------------- Invoking toplevel() on ptolemy.moml.MoMLSimpleApplication@2b594a6a
----------------- Done invoking toplevel() on ptolemy.moml.MoMLSimpleApplication@2b594a6a
reloadAllAccessors: .LevelCrossing2

===========================================================================================
----------------- testing Mon Sep 23 05:40:24 UTC 2019 /home/travis/build/icyphy/ptII/ptolemy/domains/continuous/test/auto/LevelCrossing3.xml
----------------- Instantiating /home/travis/build/icyphy/ptII/ptolemy/domains/continuous/test/auto/LevelCrossing3.xml
2 ms. Memory: 305152K Free: 172385K (56%)
----------------- Invoking toplevel() on ptolemy.moml.MoMLSimpleApplication@5d27beb8
----------------- Done invoking toplevel() on ptolemy.moml.MoMLSimpleApplication@5d27beb8
reloadAllAccessors: .LevelCrossing3

===========================================================================================
----------------- testing Mon Sep 23 05:40:24 UTC 2019 /home/travis/build/icyphy/ptII/ptolemy/domains/continuous/test/auto/LevelCrossing4.xml
----------------- Instantiating /home/travis/build/icyphy/ptII/ptolemy/domains/continuous/test/auto/LevelCrossing4.xml
3 ms. Memory: 305152K Free: 167251K (55%)
----------------- Invoking toplevel() on ptolemy.moml.MoMLSimpleApplication@1268ff2c
----------------- Done invoking toplevel() on ptolemy.moml.MoMLSimpleApplication@1268ff2c
reloadAllAccessors: .LevelCrossing4

===========================================================================================
----------------- testing Mon Sep 23 05:40:24 UTC 2019 /home/travis/build/icyphy/ptII/ptolemy/domains/continuous/test/auto/LevelCrossing5.xml
----------------- Instantiating /home/travis/build/icyphy/ptII/ptolemy/domains/continuous/test/auto/LevelCrossing5.xml
3 ms. Memory: 305152K Free: 162145K (53%)
----------------- Invoking toplevel() on ptolemy.moml.MoMLSimpleApplication@45337af5
----------------- Done invoking toplevel() on ptolemy.moml.MoMLSimpleApplication@45337af5
reloadAllAccessors: .LevelCrossing5

===========================================================================================
[...]
reloadAllAccessors: .ResetTransitionWithStartTime6

===========================================================================================
----------------- testing Mon Sep 23 05:40:42 UTC 2019 /home/travis/build/icyphy/ptII/ptolemy/domains/continuous/test/auto/SRinContinuous.xml
----------------- Instantiating /home/travis/build/icyphy/ptII/ptolemy/domains/continuous/test/auto/SRinContinuous.xml
5 ms. Memory: 305152K Free: 266323K (87%)
----------------- Invoking toplevel() on ptolemy.moml.MoMLSimpleApplication@7355dcee
----------------- Done invoking toplevel() on ptolemy.moml.MoMLSimpleApplication@7355dcee
reloadAllAccessors: .SRinContinuous

===========================================================================================
----------------- testing Mon Sep 23 05:40:42 UTC 2019 /home/travis/build/icyphy/ptII/ptolemy/domains/continuous/test/auto/SampledClocks.xml
----------------- Instantiating /home/travis/build/icyphy/ptII/ptolemy/domains/continuous/test/auto/SampledClocks.xml
7 ms. Memory: 305152K Free: 253525K (83%)
----------------- Invoking toplevel() on ptolemy.moml.MoMLSimpleApplication@77d8db4a
----------------- Done invoking toplevel() on ptolemy.moml.MoMLSimpleApplication@77d8db4a
reloadAllAccessors: .SampledClocks

===========================================================================================
----------------- testing Mon Sep 23 05:40:42 UTC 2019 /home/travis/build/icyphy/ptII/ptolemy/domains/continuous/test/auto/Satellite.xml
----------------- Instantiating /home/travis/build/icyphy/ptII/ptolemy/domains/continuous/test/auto/Satellite.xml
900 ms. Memory: 305152K Free: 242502K (79%)
----------------- Invoking toplevel() on ptolemy.moml.MoMLSimpleApplication@6f6dcbf9
----------------- Done invoking toplevel() on ptolemy.moml.MoMLSimpleApplication@6f6dcbf9
reloadAllAccessors: .Satellite

===========================================================================================
----------------- testing Mon Sep 23 05:40:43 UTC 2019 /home/travis/build/icyphy/ptII/ptolemy/domains/continuous/test/auto/SigmaDelta.xml
----------------- Instantiating /home/travis/build/icyphy/ptII/ptolemy/domains/continuous/test/auto/SigmaDelta.xml
2377 ms. Memory: 305152K Free: 161240K (53%)
----------------- Invoking toplevel() on ptolemy.moml.MoMLSimpleApplication@7cda7671
----------------- Done invoking toplevel() on ptolemy.moml.MoMLSimpleApplication@7cda7671
reloadAllAccessors: .SigmaDelta

===========================================================================================
----------------- testing Mon Sep 23 05:40:46 UTC 2019 /home/travis/build/icyphy/ptII/ptolemy/domains/continuous/test/auto/SingleRefinement.xml
----------------- Instantiating /home/travis/build/icyphy/ptII/ptolemy/domains/continuous/test/auto/SingleRefinement.xml
320 ms. Memory: 305152K Free: 158699K (52%)
----------------- Invoking toplevel() on ptolemy.moml.MoMLSimpleApplication@608187cb
----------------- Done invoking toplevel() on ptolemy.moml.MoMLSimpleApplication@608187cb
reloadAllAccessors: .SingleRefinement

===========================================================================================
----------------- testing Mon Sep 23 05:40:46 UTC 2019 /home/travis/build/icyphy/ptII/ptolemy/domains/continuous/test/auto/SinuBouncingBall.xml
----------------- Instantiating /home/travis/build/icyphy/ptII/ptolemy/domains/continuous/test/auto/SinuBouncingBall.xml
836 ms. Memory: 305152K Free: 123025K (40%)
----------------- Invoking toplevel() on ptolemy.moml.MoMLSimpleApplication@1e0313
----------------- Done invoking toplevel() on ptolemy.moml.MoMLSimpleApplication@1e0313
reloadAllAccessors: .SinuBouncingBall

===========================================================================================
----------------- testing Mon Sep 23 05:40:47 UTC 2019 /home/travis/build/icyphy/ptII/ptolemy/domains/continuous/test/auto/Sinusoid.xml
----------------- Instantiating /home/travis/build/icyphy/ptII/ptolemy/domains/continuous/test/auto/Sinusoid.xml
4 ms. Memory: 305152K Free: 118867K (39%)
----------------- Invoking toplevel() on ptolemy.moml.MoMLSimpleApplication@32f438b8
----------------- Done invoking toplevel() on ptolemy.moml.MoMLSimpleApplication@32f438b8
reloadAllAccessors: .Sinusoid

===========================================================================================
----------------- testing Mon Sep 23 05:40:47 UTC 2019 /home/travis/build/icyphy/ptII/ptolemy/domains/continuous/test/auto/SinusoidInNoise.xml
----------------- Instantiating /home/travis/build/icyphy/ptII/ptolemy/domains/continuous/test/auto/SinusoidInNoise.xml
1035 ms. Memory: 305152K Free: 164470K (54%)
----------------- Invoking toplevel() on ptolemy.moml.MoMLSimpleApplication@6706801a
----------------- Done invoking toplevel() on ptolemy.moml.MoMLSimpleApplication@6706801a
reloadAllAccessors: .SinusoidInNoise

===========================================================================================
----------------- testing Mon Sep 23 05:40:48 UTC 2019 /home/travis/build/icyphy/ptII/ptolemy/domains/continuous/test/auto/SinusoidRK45.xml
----------------- Instantiating /home/travis/build/icyphy/ptII/ptolemy/domains/continuous/test/auto/SinusoidRK45.xml
2 ms. Memory: 305152K Free: 160374K (53%)
----------------- Invoking toplevel() on ptolemy.moml.MoMLSimpleApplication@51ed5e3b
----------------- Done invoking toplevel() on ptolemy.moml.MoMLSimpleApplication@51ed5e3b
reloadAllAccessors: .SinusoidRK45

===========================================================================================
----------------- testing Mon Sep 23 05:40:48 UTC 2019 /home/travis/build/icyphy/ptII/ptolemy/domains/continuous/test/auto/SinusoidWithMultipleImpulses.xml
----------------- Instantiating /home/travis/build/icyphy/ptII/ptolemy/domains/continuous/test/auto/SinusoidWithMultipleImpulses.xml
3 ms. Memory: 305152K Free: 155764K (51%)
----------------- Invoking toplevel() on ptolemy.moml.MoMLSimpleApplication@73f9b5d2
----------------- Done invoking toplevel() on ptolemy.moml.MoMLSimpleApplication@73f9b5d2
reloadAllAccessors: .SinusoidWithMultipleImpulses

===========================================================================================
----------------- testing Mon Sep 23 05:40:48 UTC 2019 /home/travis/build/icyphy/ptII/ptolemy/domains/continuous/test/auto/SquareWave.xml
----------------- Instantiating /home/travis/build/icyphy/ptII/ptolemy/domains/continuous/test/auto/SquareWave.xml
169 ms. Memory: 305152K Free: 128116K (42%)
----------------- Invoking toplevel() on ptolemy.moml.MoMLSimpleApplication@5f2e89ac
----------------- Done invoking toplevel() on ptolemy.moml.MoMLSimpleApplication@5f2e89ac
reloadAllAccessors: .SquareWave

===========================================================================================
----------------- testing Mon Sep 23 05:40:48 UTC 2019 /home/travis/build/icyphy/ptII/ptolemy/domains/continuous/test/auto/Starmac.xml
----------------- Instantiating /home/travis/build/icyphy/ptII/ptolemy/domains/continuous/test/auto/Starmac.xml
3083 ms. Memory: 305152K Free: 173688K (57%)
----------------- Invoking toplevel() on ptolemy.moml.MoMLSimpleApplication@66773e1c
----------------- Done invoking toplevel() on ptolemy.moml.MoMLSimpleApplication@66773e1c
reloadAllAccessors: .Starmac

===========================================================================================
----------------- testing Mon Sep 23 05:40:52 UTC 2019 /home/travis/build/icyphy/ptII/ptolemy/domains/continuous/test/auto/StaticUnits.xml
----------------- Instantiating /home/travis/build/icyphy/ptII/ptolemy/domains/continuous/test/auto/StaticUnits.xml
2199 ms. Memory: 305152K Free: 247475K (81%)
----------------- Invoking toplevel() on ptolemy.moml.MoMLSimpleApplication@43cdc243
----------------- Done invoking toplevel() on ptolemy.moml.MoMLSimpleApplication@43cdc243
reloadAllAccessors: .StaticUnits

===========================================================================================
----------------- testing Mon Sep 23 05:40:55 UTC 2019 /home/travis/build/icyphy/ptII/ptolemy/domains/continuous/test/auto/StickyMasses.xml
----------------- Instantiating /home/travis/build/icyphy/ptII/ptolemy/domains/continuous/test/auto/StickyMasses.xml
159 ms. Memory: 305152K Free: 198323K (65%)
----------------- Invoking toplevel() on ptolemy.moml.MoMLSimpleApplication@7536bafb
----------------- Done invoking toplevel() on ptolemy.moml.MoMLSimpleApplication@7536bafb
reloadAllAccessors: .StickyMasses

===========================================================================================
----------------- testing Mon Sep 23 05:40:55 UTC 2019 /home/travis/build/icyphy/ptII/ptolemy/domains/continuous/test/auto/StopTime.xml
----------------- Instantiating /home/travis/build/icyphy/ptII/ptolemy/domains/continuous/test/auto/StopTime.xml
43 ms. Memory: 305152K Free: 173747K (57%)
----------------- Invoking toplevel() on ptolemy.moml.MoMLSimpleApplication@1daf0300
----------------- Done invoking toplevel() on ptolemy.moml.MoMLSimpleApplication@1daf0300
reloadAllAccessors: .StopTime

===========================================================================================
----------------- testing Mon Sep 23 05:40:55 UTC 2019 /home/travis/build/icyphy/ptII/ptolemy/domains/continuous/test/auto/StopTime2.xml
----------------- Instantiating /home/travis/build/icyphy/ptII/ptolemy/domains/continuous/test/auto/StopTime2.xml
35 ms. Memory: 305152K Free: 151715K (50%)
----------------- Invoking toplevel() on ptolemy.moml.MoMLSimpleApplication@37ab7a5a
----------------- Done invoking toplevel() on ptolemy.moml.MoMLSimpleApplication@37ab7a5a
reloadAllAccessors: .StopTime2

===========================================================================================
----------------- testing Mon Sep 23 05:40:55 UTC 2019 /home/travis/build/icyphy/ptII/ptolemy/domains/continuous/test/auto/Switch.xml
----------------- Instantiating /home/travis/build/icyphy/ptII/ptolemy/domains/continuous/test/auto/Switch.xml
38 ms. Memory: 305152K Free: 127139K (42%)
----------------- Invoking toplevel() on ptolemy.moml.MoMLSimpleApplication@e625ffc
----------------- Done invoking toplevel() on ptolemy.moml.MoMLSimpleApplication@e625ffc
reloadAllAccessors: .Switch

===========================================================================================
----------------- testing Mon Sep 23 05:40:55 UTC 2019 /home/travis/build/icyphy/ptII/ptolemy/domains/continuous/test/auto/Thermostat.xml
----------------- Instantiating /home/travis/build/icyphy/ptII/ptolemy/domains/continuous/test/auto/Thermostat.xml
181 ms. Memory: 305152K Free: 237197K (78%)
----------------- Invoking toplevel() on ptolemy.moml.MoMLSimpleApplication@5a955d1b
----------------- Done invoking toplevel() on ptolemy.moml.MoMLSimpleApplication@5a955d1b
reloadAllAccessors: .Thermostat

===========================================================================================
----------------- testing Mon Sep 23 05:40:55 UTC 2019 /home/travis/build/icyphy/ptII/ptolemy/domains/continuous/test/auto/TimeDelay.xml
----------------- Instantiating /home/travis/build/icyphy/ptII/ptolemy/domains/continuous/test/auto/TimeDelay.xml
5 ms. Memory: 305152K Free: 232382K (76%)
----------------- Invoking toplevel() on ptolemy.moml.MoMLSimpleApplication@7482af9e
----------------- Done invoking toplevel() on ptolemy.moml.MoMLSimpleApplication@7482af9e
reloadAllAccessors: .TimeDelay

===========================================================================================
----------------- testing Mon Sep 23 05:40:55 UTC 2019 /home/travis/build/icyphy/ptII/ptolemy/domains/continuous/test/auto/TimeDelay2.xml
----------------- Instantiating /home/travis/build/icyphy/ptII/ptolemy/domains/continuous/test/auto/TimeDelay2.xml
7 ms. Memory: 305152K Free: 222662K (73%)
----------------- Invoking toplevel() on ptolemy.moml.MoMLSimpleApplication@5121de7b
----------------- Done invoking toplevel() on ptolemy.moml.MoMLSimpleApplication@5121de7b
reloadAllAccessors: .TimeDelay2

===========================================================================================
----------------- testing Mon Sep 23 05:40:55 UTC 2019 /home/travis/build/icyphy/ptII/ptolemy/domains/continuous/test/auto/TimeDelay3.xml
----------------- Instantiating /home/travis/build/icyphy/ptII/ptolemy/domains/continuous/test/auto/TimeDelay3.xml
2 ms. Memory: 305152K Free: 218566K (72%)
----------------- Invoking toplevel() on ptolemy.moml.MoMLSimpleApplication@6200213d
----------------- Done invoking toplevel() on ptolemy.moml.MoMLSimpleApplication@6200213d
reloadAllAccessors: .TimeDelay3

===========================================================================================
----------------- testing Mon Sep 23 05:40:55 UTC 2019 /home/travis/build/icyphy/ptII/ptolemy/domains/continuous/test/auto/TransferAbsentToInside.xml
----------------- Instantiating /home/travis/build/icyphy/ptII/ptolemy/domains/continuous/test/auto/TransferAbsentToInside.xml
29 ms. Memory: 305152K Free: 165318K (54%)
----------------- Invoking toplevel() on ptolemy.moml.MoMLSimpleApplication@439b89db
----------------- Done invoking toplevel() on ptolemy.moml.MoMLSimpleApplication@439b89db
reloadAllAccessors: .TransferAbsentToInside

===========================================================================================
----------------- testing Mon Sep 23 05:40:55 UTC 2019 /home/travis/build/icyphy/ptII/ptolemy/domains/continuous/test/auto/Transmission.xml
----------------- Instantiating /home/travis/build/icyphy/ptII/ptolemy/domains/continuous/test/auto/Transmission.xml
795 ms. Memory: 305152K Free: 116085K (38%)
----------------- Invoking toplevel() on ptolemy.moml.MoMLSimpleApplication@2424fcdd
----------------- Done invoking toplevel() on ptolemy.moml.MoMLSimpleApplication@2424fcdd
reloadAllAccessors: .Transmission

===========================================================================================
----------------- testing Mon Sep 23 05:40:56 UTC 2019 /home/travis/build/icyphy/ptII/ptolemy/domains/continuous/test/auto/TriggeredContinuousClock.xml
----------------- Instantiating /home/travis/build/icyphy/ptII/ptolemy/domains/continuous/test/auto/TriggeredContinuousClock.xml
44 ms. Memory: 305152K Free: 268157K (88%)
----------------- Invoking toplevel() on ptolemy.moml.MoMLSimpleApplication@768a864f
----------------- Done invoking toplevel() on ptolemy.moml.MoMLSimpleApplication@768a864f
reloadAllAccessors: .TriggeredContinuousClock

===========================================================================================
----------------- testing Mon Sep 23 05:40:56 UTC 2019 /home/travis/build/icyphy/ptII/ptolemy/domains/continuous/test/auto/TwoMachineInfiniteBusControl.xml
----------------- Instantiating /home/travis/build/icyphy/ptII/ptolemy/domains/continuous/test/auto/TwoMachineInfiniteBusControl.xml
2850 ms. Memory: 305152K Free: 245395K (80%)
----------------- Invoking toplevel() on ptolemy.moml.MoMLSimpleApplication@2bcbdb0c
----------------- Done invoking toplevel() on ptolemy.moml.MoMLSimpleApplication@2bcbdb0c
reloadAllAccessors: .TwoMachineInfiniteBusControl

===========================================================================================
----------------- testing Mon Sep 23 05:40:59 UTC 2019 /home/travis/build/icyphy/ptII/ptolemy/domains/continuous/test/auto/V2V.xml
----------------- Instantiating /home/travis/build/icyphy/ptII/ptolemy/domains/continuous/test/auto/V2V.xml
787 ms. Memory: 305152K Free: 239607K (79%)
----------------- Invoking toplevel() on ptolemy.moml.MoMLSimpleApplication@60adb093
----------------- Done invoking toplevel() on ptolemy.moml.MoMLSimpleApplication@60adb093
reloadAllAccessors: .V2V

===========================================================================================
----------------- testing Mon Sep 23 05:41:00 UTC 2019 /home/travis/build/icyphy/ptII/ptolemy/domains/continuous/test/auto/hierarchicalModalModel.xml
----------------- Instantiating /home/travis/build/icyphy/ptII/ptolemy/domains/continuous/test/auto/hierarchicalModalModel.xml
11 ms. Memory: 305152K Free: 225271K (74%)
----------------- Invoking toplevel() on ptolemy.moml.MoMLSimpleApplication@683b615c
----------------- Done invoking toplevel() on ptolemy.moml.MoMLSimpleApplication@683b615c
reloadAllAccessors: .hierarchicalModalModel

===========================================================================================
----------------- testing Mon Sep 23 05:41:00 UTC 2019 /home/travis/build/icyphy/ptII/ptolemy/domains/continuous/test/auto/hierarchicalModalModel1.xml
----------------- Instantiating /home/travis/build/icyphy/ptII/ptolemy/domains/continuous/test/auto/hierarchicalModalModel1.xml
9 ms. Memory: 305152K Free: 210935K (69%)
----------------- Invoking toplevel() on ptolemy.moml.MoMLSimpleApplication@7d382026
----------------- Done invoking toplevel() on ptolemy.moml.MoMLSimpleApplication@7d382026
reloadAllAccessors: .hierarchicalModalModel1

===========================================================================================
----------------- testing Mon Sep 23 05:41:00 UTC 2019 /home/travis/build/icyphy/ptII/ptolemy/domains/continuous/test/auto/hierarchicalModalModel2.xml
----------------- Instantiating /home/travis/build/icyphy/ptII/ptolemy/domains/continuous/test/auto/hierarchicalModalModel2.xml
7 ms. Memory: 305152K Free: 198647K (65%)
----------------- Invoking toplevel() on ptolemy.moml.MoMLSimpleApplication@1b7b3a21
----------------- Done invoking toplevel() on ptolemy.moml.MoMLSimpleApplication@1b7b3a21
reloadAllAccessors: .hierarchicalModalModel2

===========================================================================================
----------------- testing Mon Sep 23 05:41:00 UTC 2019 /home/travis/build/icyphy/ptII/ptolemy/domains/continuous/test/auto/hierarchicalModalModel3.xml
----------------- Instantiating /home/travis/build/icyphy/ptII/ptolemy/domains/continuous/test/auto/hierarchicalModalModel3.xml
7 ms. Memory: 305152K Free: 187893K (62%)
----------------- Invoking toplevel() on ptolemy.moml.MoMLSimpleApplication@67a71815
----------------- Done invoking toplevel() on ptolemy.moml.MoMLSimpleApplication@67a71815
reloadAllAccessors: .hierarchicalModalModel3

===========================================================================================
----------------- testing Mon Sep 23 05:41:00 UTC 2019 /home/travis/build/icyphy/ptII/ptolemy/domains/continuous/test/auto/hierarchicalModalModel4.xml
----------------- Instantiating /home/travis/build/icyphy/ptII/ptolemy/domains/continuous/test/auto/hierarchicalModalModel4.xml
5 ms. Memory: 305152K Free: 176119K (58%)
----------------- Invoking toplevel() on ptolemy.moml.MoMLSimpleApplication@589f968c
----------------- Done invoking toplevel() on ptolemy.moml.MoMLSimpleApplication@589f968c
reloadAllAccessors: .hierarchicalModalModel4

===========================================================================================
----------------- testing Mon Sep 23 05:41:00 UTC 2019 /home/travis/build/icyphy/ptII/ptolemy/domains/continuous/test/auto/junk.xml
----------------- Instantiating /home/travis/build/icyphy/ptII/ptolemy/domains/continuous/test/auto/junk.xml
146 ms. Memory: 305152K Free: 151029K (49%)
----------------- Invoking toplevel() on ptolemy.moml.MoMLSimpleApplication@110454d6
----------------- Done invoking toplevel() on ptolemy.moml.MoMLSimpleApplication@110454d6
reloadAllAccessors: .junk
AutoTests.java: About to close Vertx.
AutoTests.java: Vertx closed.
]]></system-out>
  <system-err><![CDATA[Warning: '.HysteresisWithRandomDelay.NonStrictTest3' The test produced only 21 tokens, yet the correctValues parameter was expecting 30 tokens.
Warning: '.Poisson.NonStrictTest' The test produced only 379 tokens, yet the correctValues parameter was expecting 430 tokens.
]]></system-err>
</testsuite>
