<?xml version="1.0" encoding="UTF-8" ?>
<testsuite errors="0" failures="0" hostname="travis-job-70207edb-d911-48dd-9cc3-73e99e73352e" name="ptolemy.actor.lib.hoc.test.junit.JUnitTclTest" skipped="0" tests="58" time="23.773" timestamp="2018-12-08T02:54:14">
  <properties>
[...]
</properties>
  <testcase classname="ptolemy.util.test.junit.TclTests" name="[0] /home/travis/build/icyphy/ptII/ptolemy/actor/lib/hoc/test/IterateOverArray.tcl (RunTclFile)" time="0.279" />
  <testcase classname="ptolemy.util.test.junit.AutoKnownFailedTests" name="[0] /home/travis/build/icyphy/ptII/ptolemy/actor/lib/hoc/test/auto/knownFailedTests/PreinitializeMustBeInvokedRunComposite.xml (RunModel)" time="0.22" />
  <testcase classname="ptolemy.util.test.junit.AutoNameArchTests" name="[0] ThereAreNoAutoArchTests (RunModel)" time="0.0" />
  <testcase classname="ptolemy.util.test.junit.AutoTests" name="[0] /home/travis/build/icyphy/ptII/ptolemy/actor/lib/hoc/test/auto/AllToAllMultiInstanceComposite.xml (RunModel)" time="0.265" />
  <testcase classname="ptolemy.util.test.junit.AutoTests" name="[1] /home/travis/build/icyphy/ptII/ptolemy/actor/lib/hoc/test/auto/ApplyFFTTest.xml (RunModel)" time="0.265" />
  <testcase classname="ptolemy.util.test.junit.AutoTests" name="[2] /home/travis/build/icyphy/ptII/ptolemy/actor/lib/hoc/test/auto/ApplyFunction.xml (RunModel)" time="0.05" />
  <testcase classname="ptolemy.util.test.junit.AutoTests" name="[3] /home/travis/build/icyphy/ptII/ptolemy/actor/lib/hoc/test/auto/BackgroundExecution.xml (RunModel)" time="0.732" />
  <testcase classname="ptolemy.util.test.junit.AutoTests" name="[4] /home/travis/build/icyphy/ptII/ptolemy/actor/lib/hoc/test/auto/Case.xml (RunModel)" time="0.077" />
  <testcase classname="ptolemy.util.test.junit.AutoTests" name="[5] /home/travis/build/icyphy/ptII/ptolemy/actor/lib/hoc/test/auto/Case1.xml (RunModel)" time="0.039" />
  <testcase classname="ptolemy.util.test.junit.AutoTests" name="[6] /home/travis/build/icyphy/ptII/ptolemy/actor/lib/hoc/test/auto/Case2.xml (RunModel)" time="0.126" />
  <testcase classname="ptolemy.util.test.junit.AutoTests" name="[7] /home/travis/build/icyphy/ptII/ptolemy/actor/lib/hoc/test/auto/Case3.xml (RunModel)" time="0.052" />
  <testcase classname="ptolemy.util.test.junit.AutoTests" name="[8] /home/travis/build/icyphy/ptII/ptolemy/actor/lib/hoc/test/auto/Case4.xml (RunModel)" time="0.065" />
  <testcase classname="ptolemy.util.test.junit.AutoTests" name="[9] /home/travis/build/icyphy/ptII/ptolemy/actor/lib/hoc/test/auto/Case5.xml (RunModel)" time="0.07" />
  <testcase classname="ptolemy.util.test.junit.AutoTests" name="[10] /home/travis/build/icyphy/ptII/ptolemy/actor/lib/hoc/test/auto/Case6.xml (RunModel)" time="0.133" />
  <testcase classname="ptolemy.util.test.junit.AutoTests" name="[11] /home/travis/build/icyphy/ptII/ptolemy/actor/lib/hoc/test/auto/CaseString2.xml (RunModel)" time="0.057" />
  <testcase classname="ptolemy.util.test.junit.AutoTests" name="[12] /home/travis/build/icyphy/ptII/ptolemy/actor/lib/hoc/test/auto/CatchUpComposite1.xml (RunModel)" time="0.069" />
  <testcase classname="ptolemy.util.test.junit.AutoTests" name="[13] /home/travis/build/icyphy/ptII/ptolemy/actor/lib/hoc/test/auto/CatchUpComposite2.xml (RunModel)" time="0.051" />
  <testcase classname="ptolemy.util.test.junit.AutoTests" name="[14] /home/travis/build/icyphy/ptII/ptolemy/actor/lib/hoc/test/auto/CatchUpComposite3.xml (RunModel)" time="0.059" />
  <testcase classname="ptolemy.util.test.junit.AutoTests" name="[15] /home/travis/build/icyphy/ptII/ptolemy/actor/lib/hoc/test/auto/CatchUpComposite4.xml (RunModel)" time="0.061" />
  <testcase classname="ptolemy.util.test.junit.AutoTests" name="[16] /home/travis/build/icyphy/ptII/ptolemy/actor/lib/hoc/test/auto/CatchUpComposite5.xml (RunModel)" time="0.033" />
  <testcase classname="ptolemy.util.test.junit.AutoTests" name="[17] /home/travis/build/icyphy/ptII/ptolemy/actor/lib/hoc/test/auto/CatchUpComposite6.xml (RunModel)" time="0.162" />
  <testcase classname="ptolemy.util.test.junit.AutoTests" name="[18] /home/travis/build/icyphy/ptII/ptolemy/actor/lib/hoc/test/auto/CatchUpComposite7.xml (RunModel)" time="0.1" />
  <testcase classname="ptolemy.util.test.junit.AutoTests" name="[19] /home/travis/build/icyphy/ptII/ptolemy/actor/lib/hoc/test/auto/ConcurrentExecutionTimeSDF.xml (RunModel)" time="1.15" />
  <testcase classname="ptolemy.util.test.junit.AutoTests" name="[20] /home/travis/build/icyphy/ptII/ptolemy/actor/lib/hoc/test/auto/ConcurrentSleep.xml (RunModel)" time="0.786" />
  <testcase classname="ptolemy.util.test.junit.AutoTests" name="[21] /home/travis/build/icyphy/ptII/ptolemy/actor/lib/hoc/test/auto/DEInPNInRunCompositeActor.xml (RunModel)" time="0.037" />
  <testcase classname="ptolemy.util.test.junit.AutoTests" name="[22] /home/travis/build/icyphy/ptII/ptolemy/actor/lib/hoc/test/auto/DFTSubSetTest.xml (RunModel)" time="0.261" />
  <testcase classname="ptolemy.util.test.junit.AutoTests" name="[23] /home/travis/build/icyphy/ptII/ptolemy/actor/lib/hoc/test/auto/HocDE.xml (RunModel)" time="0.167" />
  <testcase classname="ptolemy.util.test.junit.AutoTests" name="[24] /home/travis/build/icyphy/ptII/ptolemy/actor/lib/hoc/test/auto/IterateOverArray.xml (RunModel)" time="0.027" />
  <testcase classname="ptolemy.util.test.junit.AutoTests" name="[25] /home/travis/build/icyphy/ptII/ptolemy/actor/lib/hoc/test/auto/IterateOverArray10.xml (RunModel)" time="0.038" />
  <testcase classname="ptolemy.util.test.junit.AutoTests" name="[26] /home/travis/build/icyphy/ptII/ptolemy/actor/lib/hoc/test/auto/IterateOverArray11.xml (RunModel)" time="0.025" />
  <testcase classname="ptolemy.util.test.junit.AutoTests" name="[27] /home/travis/build/icyphy/ptII/ptolemy/actor/lib/hoc/test/auto/IterateOverArray12.xml (RunModel)" time="0.041" />
  <testcase classname="ptolemy.util.test.junit.AutoTests" name="[28] /home/travis/build/icyphy/ptII/ptolemy/actor/lib/hoc/test/auto/IterateOverArray13.xml (RunModel)" time="0.16" />
  <testcase classname="ptolemy.util.test.junit.AutoTests" name="[29] /home/travis/build/icyphy/ptII/ptolemy/actor/lib/hoc/test/auto/IterateOverArray14.xml (RunModel)" time="0.148" />
  <testcase classname="ptolemy.util.test.junit.AutoTests" name="[30] /home/travis/build/icyphy/ptII/ptolemy/actor/lib/hoc/test/auto/IterateOverArray2.xml (RunModel)" time="0.026" />
  <testcase classname="ptolemy.util.test.junit.AutoTests" name="[31] /home/travis/build/icyphy/ptII/ptolemy/actor/lib/hoc/test/auto/IterateOverArray3.xml (RunModel)" time="0.039" />
  <testcase classname="ptolemy.util.test.junit.AutoTests" name="[32] /home/travis/build/icyphy/ptII/ptolemy/actor/lib/hoc/test/auto/IterateOverArray4.xml (RunModel)" time="0.02" />
  <testcase classname="ptolemy.util.test.junit.AutoTests" name="[33] /home/travis/build/icyphy/ptII/ptolemy/actor/lib/hoc/test/auto/IterateOverArray5.xml (RunModel)" time="0.018" />
  <testcase classname="ptolemy.util.test.junit.AutoTests" name="[34] /home/travis/build/icyphy/ptII/ptolemy/actor/lib/hoc/test/auto/IterateOverArray6.xml (RunModel)" time="0.016" />
  <testcase classname="ptolemy.util.test.junit.AutoTests" name="[35] /home/travis/build/icyphy/ptII/ptolemy/actor/lib/hoc/test/auto/IterateOverArray7.xml (RunModel)" time="0.017" />
  <testcase classname="ptolemy.util.test.junit.AutoTests" name="[36] /home/travis/build/icyphy/ptII/ptolemy/actor/lib/hoc/test/auto/IterateOverArray8.xml (RunModel)" time="0.017" />
  <testcase classname="ptolemy.util.test.junit.AutoTests" name="[37] /home/travis/build/icyphy/ptII/ptolemy/actor/lib/hoc/test/auto/IterateOverArray9.xml (RunModel)" time="0.021" />
  <testcase classname="ptolemy.util.test.junit.AutoTests" name="[38] /home/travis/build/icyphy/ptII/ptolemy/actor/lib/hoc/test/auto/IterateOverArrayCoercedOutputType.xml (RunModel)" time="0.033" />
  <testcase classname="ptolemy.util.test.junit.AutoTests" name="[39] /home/travis/build/icyphy/ptII/ptolemy/actor/lib/hoc/test/auto/IterateOverArrayInferredOutputType.xml (RunModel)" time="0.046" />
  <testcase classname="ptolemy.util.test.junit.AutoTests" name="[40] /home/travis/build/icyphy/ptII/ptolemy/actor/lib/hoc/test/auto/MobileFunctionTest.xml (RunModel)" time="0.027" />
  <testcase classname="ptolemy.util.test.junit.AutoTests" name="[41] /home/travis/build/icyphy/ptII/ptolemy/actor/lib/hoc/test/auto/MobileModelTest.xml (RunModel)" time="0.107" />
  <testcase classname="ptolemy.util.test.junit.AutoTests" name="[42] /home/travis/build/icyphy/ptII/ptolemy/actor/lib/hoc/test/auto/ModelReference.xml (RunModel)" time="0.069" />
  <testcase classname="ptolemy.util.test.junit.AutoTests" name="[43] /home/travis/build/icyphy/ptII/ptolemy/actor/lib/hoc/test/auto/ModelReference3.xml (RunModel)" time="0.069" />
  <testcase classname="ptolemy.util.test.junit.AutoTests" name="[44] /home/travis/build/icyphy/ptII/ptolemy/actor/lib/hoc/test/auto/ModelReference4.xml (RunModel)" time="10.035" />
  <testcase classname="ptolemy.util.test.junit.AutoTests" name="[45] /home/travis/build/icyphy/ptII/ptolemy/actor/lib/hoc/test/auto/MultiInstanceComposite.xml (RunModel)" time="0.046" />
  <testcase classname="ptolemy.util.test.junit.AutoTests" name="[46] /home/travis/build/icyphy/ptII/ptolemy/actor/lib/hoc/test/auto/MultiInstanceComposite2.xml (RunModel)" time="0.045" />
  <testcase classname="ptolemy.util.test.junit.AutoTests" name="[47] /home/travis/build/icyphy/ptII/ptolemy/actor/lib/hoc/test/auto/MulticoreExecution.xml (RunModel)" time="1.171" />
  <testcase classname="ptolemy.util.test.junit.AutoTests" name="[48] /home/travis/build/icyphy/ptII/ptolemy/actor/lib/hoc/test/auto/ParallelExecution.xml (RunModel)" time="0.943" />
  <testcase classname="ptolemy.util.test.junit.AutoTests" name="[49] /home/travis/build/icyphy/ptII/ptolemy/actor/lib/hoc/test/auto/RunCompositeActor.xml (RunModel)" time="0.048" />
  <testcase classname="ptolemy.util.test.junit.AutoTests" name="[50] /home/travis/build/icyphy/ptII/ptolemy/actor/lib/hoc/test/auto/RunCompositeActor2.xml (RunModel)" time="0.023" />
  <testcase classname="ptolemy.util.test.junit.AutoTests" name="[51] /home/travis/build/icyphy/ptII/ptolemy/actor/lib/hoc/test/auto/RunCompositeActor3.xml (RunModel)" time="0.022" />
  <testcase classname="ptolemy.util.test.junit.AutoTests" name="[52] /home/travis/build/icyphy/ptII/ptolemy/actor/lib/hoc/test/auto/RunCompositeActor4.xml (RunModel)" time="0.024" />
  <testcase classname="ptolemy.util.test.junit.AutoTests" name="[53] /home/travis/build/icyphy/ptII/ptolemy/actor/lib/hoc/test/auto/RunCompositeIterateOverArray.xml (RunModel)" time="0.024" />
  <testcase classname="ptolemy.util.test.junit.AutoTests" name="[54] /home/travis/build/icyphy/ptII/ptolemy/actor/lib/hoc/test/auto/ThreadedJS.xml (RunModel)" time="4.399" />
  <system-out><![CDATA[/home/travis/build/icyphy/ptII/ptolemy/actor/lib/hoc/test/IterateOverArray.tcl
testDefs.tcl: setting time out to 9000 seconds at Sat Dec 08 02:54:14 UTC 2018
12/08/18 02:54:15
Failed: 0  Total Tests: 2  ((Passed: 2, Newly Passed: 0)  Known Failed: 0) /home/travis/build/icyphy/ptII/ptolemy/actor/lib/hoc/test
----------------- testing (KnownFailure) /home/travis/build/icyphy/ptII/ptolemy/actor/lib/hoc/test/auto/knownFailedTests/PreinitializeMustBeInvokedRunComposite.xml
38 ms. Memory: 116224K Free: 103521K (89%)
Known Failure: java.lang.reflect.InvocationTargetException
No auto/linux-amd64/*.xml tests in /home/travis/build/icyphy/ptII/ptolemy/actor/lib/hoc/test
AutoTests.java: About to close Vertx.
AutoTests.java: Vertx closed.

===========================================================================================
----------------- testing Sat Dec 08 02:54:15 UTC 2018 /home/travis/build/icyphy/ptII/ptolemy/actor/lib/hoc/test/auto/AllToAllMultiInstanceComposite.xml
----------------- Instantiating /home/travis/build/icyphy/ptII/ptolemy/actor/lib/hoc/test/auto/AllToAllMultiInstanceComposite.xml
132 ms. Memory: 146944K Free: 108598K (74%)
----------------- Invoking toplevel() on ptolemy.moml.MoMLSimpleApplication@51ae7c2a
----------------- Done invoking toplevel() on ptolemy.moml.MoMLSimpleApplication@51ae7c2a
reloadAllAccessors: .AllToAllMultiInstanceComposite

===========================================================================================
----------------- testing Sat Dec 08 02:54:15 UTC 2018 /home/travis/build/icyphy/ptII/ptolemy/actor/lib/hoc/test/auto/ApplyFFTTest.xml
----------------- Instantiating /home/travis/build/icyphy/ptII/ptolemy/actor/lib/hoc/test/auto/ApplyFFTTest.xml
102 ms. Memory: 146944K Free: 87626K (60%)
----------------- Invoking toplevel() on ptolemy.moml.MoMLSimpleApplication@43c7d833
----------------- Done invoking toplevel() on ptolemy.moml.MoMLSimpleApplication@43c7d833
reloadAllAccessors: .ApplyFFTTest

===========================================================================================
----------------- testing Sat Dec 08 02:54:16 UTC 2018 /home/travis/build/icyphy/ptII/ptolemy/actor/lib/hoc/test/auto/ApplyFunction.xml
----------------- Instantiating /home/travis/build/icyphy/ptII/ptolemy/actor/lib/hoc/test/auto/ApplyFunction.xml
8 ms. Memory: 146944K Free: 83923K (57%)
----------------- Invoking toplevel() on ptolemy.moml.MoMLSimpleApplication@6f1b4e15
----------------- Done invoking toplevel() on ptolemy.moml.MoMLSimpleApplication@6f1b4e15
reloadAllAccessors: .ApplyFunction

===========================================================================================
----------------- testing Sat Dec 08 02:54:16 UTC 2018 /home/travis/build/icyphy/ptII/ptolemy/actor/lib/hoc/test/auto/BackgroundExecution.xml
----------------- Instantiating /home/travis/build/icyphy/ptII/ptolemy/actor/lib/hoc/test/auto/BackgroundExecution.xml
638 ms. Memory: 146944K Free: 136762K (93%)
----------------- Invoking toplevel() on ptolemy.moml.MoMLSimpleApplication@4ce7fe08
----------------- Done invoking toplevel() on ptolemy.moml.MoMLSimpleApplication@4ce7fe08
reloadAllAccessors: .BackgroundExecution

===========================================================================================
----------------- testing Sat Dec 08 02:54:16 UTC 2018 /home/travis/build/icyphy/ptII/ptolemy/actor/lib/hoc/test/auto/Case.xml
----------------- Instantiating /home/travis/build/icyphy/ptII/ptolemy/actor/lib/hoc/test/auto/Case.xml
16 ms. Memory: 146944K Free: 127945K (87%)
----------------- Invoking toplevel() on ptolemy.moml.MoMLSimpleApplication@17c6bab6
----------------- Done invoking toplevel() on ptolemy.moml.MoMLSimpleApplication@17c6bab6
reloadAllAccessors: .Case

===========================================================================================
----------------- testing Sat Dec 08 02:54:17 UTC 2018 /home/travis/build/icyphy/ptII/ptolemy/actor/lib/hoc/test/auto/Case1.xml
----------------- Instantiating /home/travis/build/icyphy/ptII/ptolemy/actor/lib/hoc/test/auto/Case1.xml
14 ms. Memory: 146944K Free: 120757K (82%)
----------------- Invoking toplevel() on ptolemy.moml.MoMLSimpleApplication@1c6dd740
----------------- Done invoking toplevel() on ptolemy.moml.MoMLSimpleApplication@1c6dd740
reloadAllAccessors: .Case1

===========================================================================================
----------------- testing Sat Dec 08 02:54:17 UTC 2018 /home/travis/build/icyphy/ptII/ptolemy/actor/lib/hoc/test/auto/Case2.xml
----------------- Instantiating /home/travis/build/icyphy/ptII/ptolemy/actor/lib/hoc/test/auto/Case2.xml
42 ms. Memory: 146944K Free: 108735K (74%)
----------------- Invoking toplevel() on ptolemy.moml.MoMLSimpleApplication@3543fd29
----------------- Done invoking toplevel() on ptolemy.moml.MoMLSimpleApplication@3543fd29
reloadAllAccessors: .Case2

===========================================================================================
----------------- testing Sat Dec 08 02:54:17 UTC 2018 /home/travis/build/icyphy/ptII/ptolemy/actor/lib/hoc/test/auto/Case3.xml
----------------- Instantiating /home/travis/build/icyphy/ptII/ptolemy/actor/lib/hoc/test/auto/Case3.xml
16 ms. Memory: 146944K Free: 102334K (70%)
----------------- Invoking toplevel() on ptolemy.moml.MoMLSimpleApplication@1d035c4b
----------------- Done invoking toplevel() on ptolemy.moml.MoMLSimpleApplication@1d035c4b
reloadAllAccessors: .Case3

===========================================================================================
----------------- testing Sat Dec 08 02:54:17 UTC 2018 /home/travis/build/icyphy/ptII/ptolemy/actor/lib/hoc/test/auto/Case4.xml
----------------- Instantiating /home/travis/build/icyphy/ptII/ptolemy/actor/lib/hoc/test/auto/Case4.xml
17 ms. Memory: 146944K Free: 93252K (63%)
----------------- Invoking toplevel() on ptolemy.moml.MoMLSimpleApplication@12e1a443
----------------- Done invoking toplevel() on ptolemy.moml.MoMLSimpleApplication@12e1a443
reloadAllAccessors: .Case4

===========================================================================================
----------------- testing Sat Dec 08 02:54:17 UTC 2018 /home/travis/build/icyphy/ptII/ptolemy/actor/lib/hoc/test/auto/Case5.xml
----------------- Instantiating /home/travis/build/icyphy/ptII/ptolemy/actor/lib/hoc/test/auto/Case5.xml
40 ms. Memory: 146944K Free: 86161K (59%)
----------------- Invoking toplevel() on ptolemy.moml.MoMLSimpleApplication@66d03ef6
----------------- Done invoking toplevel() on ptolemy.moml.MoMLSimpleApplication@66d03ef6
reloadAllAccessors: .junk

===========================================================================================
----------------- testing Sat Dec 08 02:54:17 UTC 2018 /home/travis/build/icyphy/ptII/ptolemy/actor/lib/hoc/test/auto/Case6.xml
----------------- Instantiating /home/travis/build/icyphy/ptII/ptolemy/actor/lib/hoc/test/auto/Case6.xml
43 ms. Memory: 208384K Free: 195387K (94%)
----------------- Invoking toplevel() on ptolemy.moml.MoMLSimpleApplication@487f97a8
----------------- Done invoking toplevel() on ptolemy.moml.MoMLSimpleApplication@487f97a8
reloadAllAccessors: .Case6

===========================================================================================
----------------- testing Sat Dec 08 02:54:17 UTC 2018 /home/travis/build/icyphy/ptII/ptolemy/actor/lib/hoc/test/auto/CaseString2.xml
----------------- Instantiating /home/travis/build/icyphy/ptII/ptolemy/actor/lib/hoc/test/auto/CaseString2.xml
17 ms. Memory: 208384K Free: 185783K (89%)
----------------- Invoking toplevel() on ptolemy.moml.MoMLSimpleApplication@3eaf8d3a
----------------- Done invoking toplevel() on ptolemy.moml.MoMLSimpleApplication@3eaf8d3a
reloadAllAccessors: .CaseString2

===========================================================================================
----------------- testing Sat Dec 08 02:54:17 UTC 2018 /home/travis/build/icyphy/ptII/ptolemy/actor/lib/hoc/test/auto/CatchUpComposite1.xml
----------------- Instantiating /home/travis/build/icyphy/ptII/ptolemy/actor/lib/hoc/test/auto/CatchUpComposite1.xml
19 ms. Memory: 208384K Free: 175904K (84%)
----------------- Invoking toplevel() on ptolemy.moml.MoMLSimpleApplication@3bb54b13
----------------- Done invoking toplevel() on ptolemy.moml.MoMLSimpleApplication@3bb54b13
reloadAllAccessors: .CatchUpComposite1

===========================================================================================
----------------- testing Sat Dec 08 02:54:17 UTC 2018 /home/travis/build/icyphy/ptII/ptolemy/actor/lib/hoc/test/auto/CatchUpComposite2.xml
----------------- Instantiating /home/travis/build/icyphy/ptII/ptolemy/actor/lib/hoc/test/auto/CatchUpComposite2.xml
17 ms. Memory: 208384K Free: 166009K (80%)
----------------- Invoking toplevel() on ptolemy.moml.MoMLSimpleApplication@7af08295
----------------- Done invoking toplevel() on ptolemy.moml.MoMLSimpleApplication@7af08295
reloadAllAccessors: .CatchUpComposite2

===========================================================================================
----------------- testing Sat Dec 08 02:54:17 UTC 2018 /home/travis/build/icyphy/ptII/ptolemy/actor/lib/hoc/test/auto/CatchUpComposite3.xml
----------------- Instantiating /home/travis/build/icyphy/ptII/ptolemy/actor/lib/hoc/test/auto/CatchUpComposite3.xml
13 ms. Memory: 208384K Free: 155208K (74%)
----------------- Invoking toplevel() on ptolemy.moml.MoMLSimpleApplication@3b15f8e1
----------------- Done invoking toplevel() on ptolemy.moml.MoMLSimpleApplication@3b15f8e1
reloadAllAccessors: .CatchUpComposite3

===========================================================================================
----------------- testing Sat Dec 08 02:54:17 UTC 2018 /home/travis/build/icyphy/ptII/ptolemy/actor/lib/hoc/test/auto/CatchUpComposite4.xml
----------------- Instantiating /home/travis/build/icyphy/ptII/ptolemy/actor/lib/hoc/test/auto/CatchUpComposite4.xml
15 ms. Memory: 208384K Free: 145927K (70%)
----------------- Invoking toplevel() on ptolemy.moml.MoMLSimpleApplication@36307f94
----------------- Done invoking toplevel() on ptolemy.moml.MoMLSimpleApplication@36307f94
reloadAllAccessors: .CatchUpComposite4

===========================================================================================
----------------- testing Sat Dec 08 02:54:17 UTC 2018 /home/travis/build/icyphy/ptII/ptolemy/actor/lib/hoc/test/auto/CatchUpComposite5.xml
----------------- Instantiating /home/travis/build/icyphy/ptII/ptolemy/actor/lib/hoc/test/auto/CatchUpComposite5.xml
11 ms. Memory: 208384K Free: 137261K (66%)
----------------- Invoking toplevel() on ptolemy.moml.MoMLSimpleApplication@4c9c934f
----------------- Done invoking toplevel() on ptolemy.moml.MoMLSimpleApplication@4c9c934f
reloadAllAccessors: .CatchUpComposite5

===========================================================================================
----------------- testing Sat Dec 08 02:54:17 UTC 2018 /home/travis/build/icyphy/ptII/ptolemy/actor/lib/hoc/test/auto/CatchUpComposite6.xml
----------------- Instantiating /home/travis/build/icyphy/ptII/ptolemy/actor/lib/hoc/test/auto/CatchUpComposite6.xml
WARNING: The execution aspects in this model can influence the timing of actors by delaying the 
execution, potentially changing the behavior. There is no guarantee that actors fire at the 
time they request to be fired. 
Use Ptides for deterministic DE behavior that is not influenced by execution aspects. 

83 ms. Memory: 208384K Free: 118376K (57%)
----------------- Invoking toplevel() on ptolemy.moml.MoMLSimpleApplication@36bc01f8
----------------- Done invoking toplevel() on ptolemy.moml.MoMLSimpleApplication@36bc01f8
reloadAllAccessors: .CatchUpComposite6

===========================================================================================
----------------- testing Sat Dec 08 02:54:18 UTC 2018 /home/travis/build/icyphy/ptII/ptolemy/actor/lib/hoc/test/auto/CatchUpComposite7.xml
----------------- Instantiating /home/travis/build/icyphy/ptII/ptolemy/actor/lib/hoc/test/auto/CatchUpComposite7.xml
WARNING: The execution aspects in this model can influence the timing of actors by delaying the 
execution, potentially changing the behavior. There is no guarantee that actors fire at the 
time they request to be fired. 
Use Ptides for deterministic DE behavior that is not influenced by execution aspects. 

42 ms. Memory: 208384K Free: 100995K (48%)
----------------- Invoking toplevel() on ptolemy.moml.MoMLSimpleApplication@5c61efbe
----------------- Done invoking toplevel() on ptolemy.moml.MoMLSimpleApplication@5c61efbe
reloadAllAccessors: .CatchUpComposite7

===========================================================================================
----------------- testing Sat Dec 08 02:54:18 UTC 2018 /home/travis/build/icyphy/ptII/ptolemy/actor/lib/hoc/test/auto/ConcurrentExecutionTimeSDF.xml
----------------- Instantiating /home/travis/build/icyphy/ptII/ptolemy/actor/lib/hoc/test/auto/ConcurrentExecutionTimeSDF.xml
Fired ExecutionTime: 40400000
Fired ExecutionTime: 40400000
Fired ExecutionTime: 40400000
Fired ExecutionTime: 40400000
Fired ExecutionTime: 40400000
Fired ExecutionTime: 40400000
Fired ExecutionTime: 40400000
Fired ExecutionTime: 40400000
Fired ExecutionTime: 40400000
Fired ExecutionTime: 40400000
Fired ExecutionTime: 40400000
Fired ExecutionTime: 40400000
Fired ExecutionTime: 40400000
Fired ExecutionTime: 40400000
Fired ExecutionTime: 40400000
Fired ExecutionTime: 40400000
Fired ExecutionTime: 40400000
Fired ExecutionTime: 40400000
Fired ExecutionTime: 40400000
Fired ExecutionTime: 40400000
1128 ms. Memory: 208384K Free: 92911K (45%)
----------------- Invoking toplevel() on ptolemy.moml.MoMLSimpleApplication@54671906
----------------- Done invoking toplevel() on ptolemy.moml.MoMLSimpleApplication@54671906
reloadAllAccessors: .ConcurrentExecutionTimeSDF

===========================================================================================
----------------- testing Sat Dec 08 02:54:19 UTC 2018 /home/travis/build/icyphy/ptII/ptolemy/actor/lib/hoc/test/auto/ConcurrentSleep.xml
----------------- Instantiating /home/travis/build/icyphy/ptII/ptolemy/actor/lib/hoc/test/auto/ConcurrentSleep.xml
756 ms. Memory: 208384K Free: 200164K (96%)
----------------- Invoking toplevel() on ptolemy.moml.MoMLSimpleApplication@2d3d5529
----------------- Done invoking toplevel() on ptolemy.moml.MoMLSimpleApplication@2d3d5529
reloadAllAccessors: .ConcurrentSleep

===========================================================================================
----------------- testing Sat Dec 08 02:54:20 UTC 2018 /home/travis/build/icyphy/ptII/ptolemy/actor/lib/hoc/test/auto/DEInPNInRunCompositeActor.xml
----------------- Instantiating /home/travis/build/icyphy/ptII/ptolemy/actor/lib/hoc/test/auto/DEInPNInRunCompositeActor.xml
9 ms. Memory: 208384K Free: 192384K (92%)
----------------- Invoking toplevel() on ptolemy.moml.MoMLSimpleApplication@4cf22f1b
----------------- Done invoking toplevel() on ptolemy.moml.MoMLSimpleApplication@4cf22f1b
reloadAllAccessors: .DEInPNInRunCompositeActor

===========================================================================================
----------------- testing Sat Dec 08 02:54:20 UTC 2018 /home/travis/build/icyphy/ptII/ptolemy/actor/lib/hoc/test/auto/DFTSubSetTest.xml
----------------- Instantiating /home/travis/build/icyphy/ptII/ptolemy/actor/lib/hoc/test/auto/DFTSubSetTest.xml
167 ms. Memory: 208384K Free: 145280K (70%)
----------------- Invoking toplevel() on ptolemy.moml.MoMLSimpleApplication@5e08fb29
----------------- Done invoking toplevel() on ptolemy.moml.MoMLSimpleApplication@5e08fb29
reloadAllAccessors: .DFTSubSetTest

===========================================================================================
----------------- testing Sat Dec 08 02:54:20 UTC 2018 /home/travis/build/icyphy/ptII/ptolemy/actor/lib/hoc/test/auto/HocDE.xml
----------------- Instantiating /home/travis/build/icyphy/ptII/ptolemy/actor/lib/hoc/test/auto/HocDE.xml
131 ms. Memory: 208384K Free: 117468K (56%)
----------------- Invoking toplevel() on ptolemy.moml.MoMLSimpleApplication@36a9e3af
----------------- Done invoking toplevel() on ptolemy.moml.MoMLSimpleApplication@36a9e3af
reloadAllAccessors: .HocDE

===========================================================================================
----------------- testing Sat Dec 08 02:54:20 UTC 2018 /home/travis/build/icyphy/ptII/ptolemy/actor/lib/hoc/test/auto/IterateOverArray.xml
----------------- Instantiating /home/travis/build/icyphy/ptII/ptolemy/actor/lib/hoc/test/auto/IterateOverArray.xml
5 ms. Memory: 208384K Free: 112521K (54%)
----------------- Invoking toplevel() on ptolemy.moml.MoMLSimpleApplication@528760be
----------------- Done invoking toplevel() on ptolemy.moml.MoMLSimpleApplication@528760be
reloadAllAccessors: .IterateOverArray

===========================================================================================
----------------- testing Sat Dec 08 02:54:20 UTC 2018 /home/travis/build/icyphy/ptII/ptolemy/actor/lib/hoc/test/auto/IterateOverArray10.xml
----------------- Instantiating /home/travis/build/icyphy/ptII/ptolemy/actor/lib/hoc/test/auto/IterateOverArray10.xml
6 ms. Memory: 208384K Free: 108201K (52%)
----------------- Invoking toplevel() on ptolemy.moml.MoMLSimpleApplication@127c2d72
----------------- Done invoking toplevel() on ptolemy.moml.MoMLSimpleApplication@127c2d72
reloadAllAccessors: .IterateOverArray10

===========================================================================================
----------------- testing Sat Dec 08 02:54:20 UTC 2018 /home/travis/build/icyphy/ptII/ptolemy/actor/lib/hoc/test/auto/IterateOverArray11.xml
----------------- Instantiating /home/travis/build/icyphy/ptII/ptolemy/actor/lib/hoc/test/auto/IterateOverArray11.xml
6 ms. Memory: 208384K Free: 103270K (50%)
----------------- Invoking toplevel() on ptolemy.moml.MoMLSimpleApplication@25fc91b6
----------------- Done invoking toplevel() on ptolemy.moml.MoMLSimpleApplication@25fc91b6
reloadAllAccessors: .IterateOverArray11

===========================================================================================
----------------- testing Sat Dec 08 02:54:20 UTC 2018 /home/travis/build/icyphy/ptII/ptolemy/actor/lib/hoc/test/auto/IterateOverArray12.xml
----------------- Instantiating /home/travis/build/icyphy/ptII/ptolemy/actor/lib/hoc/test/auto/IterateOverArray12.xml
16 ms. Memory: 208384K Free: 95878K (46%)
----------------- Invoking toplevel() on ptolemy.moml.MoMLSimpleApplication@6c1cf385
----------------- Done invoking toplevel() on ptolemy.moml.MoMLSimpleApplication@6c1cf385
reloadAllAccessors: .IterateOverArray12

===========================================================================================
----------------- testing Sat Dec 08 02:54:20 UTC 2018 /home/travis/build/icyphy/ptII/ptolemy/actor/lib/hoc/test/auto/IterateOverArray13.xml
----------------- Instantiating /home/travis/build/icyphy/ptII/ptolemy/actor/lib/hoc/test/auto/IterateOverArray13.xml
66 ms. Memory: 331264K Free: 311212K (94%)
----------------- Invoking toplevel() on ptolemy.moml.MoMLSimpleApplication@4e97f091
----------------- Done invoking toplevel() on ptolemy.moml.MoMLSimpleApplication@4e97f091
reloadAllAccessors: .IterateOverArray13

===========================================================================================
----------------- testing Sat Dec 08 02:54:20 UTC 2018 /home/travis/build/icyphy/ptII/ptolemy/actor/lib/hoc/test/auto/IterateOverArray14.xml
----------------- Instantiating /home/travis/build/icyphy/ptII/ptolemy/actor/lib/hoc/test/auto/IterateOverArray14.xml
71 ms. Memory: 331264K Free: 273653K (83%)
----------------- Invoking toplevel() on ptolemy.moml.MoMLSimpleApplication@16c3f8d0
----------------- Done invoking toplevel() on ptolemy.moml.MoMLSimpleApplication@16c3f8d0
reloadAllAccessors: .IterateOverArray14

===========================================================================================
----------------- testing Sat Dec 08 02:54:21 UTC 2018 /home/travis/build/icyphy/ptII/ptolemy/actor/lib/hoc/test/auto/IterateOverArray2.xml
----------------- Instantiating /home/travis/build/icyphy/ptII/ptolemy/actor/lib/hoc/test/auto/IterateOverArray2.xml
5 ms. Memory: 331264K Free: 267534K (81%)
----------------- Invoking toplevel() on ptolemy.moml.MoMLSimpleApplication@4dfd3190
----------------- Done invoking toplevel() on ptolemy.moml.MoMLSimpleApplication@4dfd3190
reloadAllAccessors: .IterateOverArray2

===========================================================================================
----------------- testing Sat Dec 08 02:54:21 UTC 2018 /home/travis/build/icyphy/ptII/ptolemy/actor/lib/hoc/test/auto/IterateOverArray3.xml
----------------- Instantiating /home/travis/build/icyphy/ptII/ptolemy/actor/lib/hoc/test/auto/IterateOverArray3.xml
14 ms. Memory: 331264K Free: 258119K (78%)
----------------- Invoking toplevel() on ptolemy.moml.MoMLSimpleApplication@18ad13a
----------------- Done invoking toplevel() on ptolemy.moml.MoMLSimpleApplication@18ad13a
reloadAllAccessors: .IterateOverArray3

===========================================================================================
----------------- testing Sat Dec 08 02:54:21 UTC 2018 /home/travis/build/icyphy/ptII/ptolemy/actor/lib/hoc/test/auto/IterateOverArray4.xml
----------------- Instantiating /home/travis/build/icyphy/ptII/ptolemy/actor/lib/hoc/test/auto/IterateOverArray4.xml
5 ms. Memory: 331264K Free: 253224K (76%)
----------------- Invoking toplevel() on ptolemy.moml.MoMLSimpleApplication@27a4d4
----------------- Done invoking toplevel() on ptolemy.moml.MoMLSimpleApplication@27a4d4
reloadAllAccessors: .IterateOverArray4

===========================================================================================
----------------- testing Sat Dec 08 02:54:21 UTC 2018 /home/travis/build/icyphy/ptII/ptolemy/actor/lib/hoc/test/auto/IterateOverArray5.xml
----------------- Instantiating /home/travis/build/icyphy/ptII/ptolemy/actor/lib/hoc/test/auto/IterateOverArray5.xml
2 ms. Memory: 331264K Free: 248329K (75%)
----------------- Invoking toplevel() on ptolemy.moml.MoMLSimpleApplication@49aeef23
----------------- Done invoking toplevel() on ptolemy.moml.MoMLSimpleApplication@49aeef23
reloadAllAccessors: .IterateOverArray5

===========================================================================================
----------------- testing Sat Dec 08 02:54:21 UTC 2018 /home/travis/build/icyphy/ptII/ptolemy/actor/lib/hoc/test/auto/IterateOverArray6.xml
----------------- Instantiating /home/travis/build/icyphy/ptII/ptolemy/actor/lib/hoc/test/auto/IterateOverArray6.xml
3 ms. Memory: 331264K Free: 243809K (74%)
----------------- Invoking toplevel() on ptolemy.moml.MoMLSimpleApplication@408cc6a3
----------------- Done invoking toplevel() on ptolemy.moml.MoMLSimpleApplication@408cc6a3
reloadAllAccessors: .IterateOverArray6

===========================================================================================
----------------- testing Sat Dec 08 02:54:21 UTC 2018 /home/travis/build/icyphy/ptII/ptolemy/actor/lib/hoc/test/auto/IterateOverArray7.xml
----------------- Instantiating /home/travis/build/icyphy/ptII/ptolemy/actor/lib/hoc/test/auto/IterateOverArray7.xml
3 ms. Memory: 331264K Free: 238914K (72%)
----------------- Invoking toplevel() on ptolemy.moml.MoMLSimpleApplication@1e71f7f7
----------------- Done invoking toplevel() on ptolemy.moml.MoMLSimpleApplication@1e71f7f7
reloadAllAccessors: .IterateOverArray7

===========================================================================================
----------------- testing Sat Dec 08 02:54:21 UTC 2018 /home/travis/build/icyphy/ptII/ptolemy/actor/lib/hoc/test/auto/IterateOverArray8.xml
----------------- Instantiating /home/travis/build/icyphy/ptII/ptolemy/actor/lib/hoc/test/auto/IterateOverArray8.xml
3 ms. Memory: 331264K Free: 233171K (70%)
----------------- Invoking toplevel() on ptolemy.moml.MoMLSimpleApplication@f5359d3
----------------- Done invoking toplevel() on ptolemy.moml.MoMLSimpleApplication@f5359d3
reloadAllAccessors: .IterateOverArray8

===========================================================================================
----------------- testing Sat Dec 08 02:54:21 UTC 2018 /home/travis/build/icyphy/ptII/ptolemy/actor/lib/hoc/test/auto/IterateOverArray9.xml
----------------- Instantiating /home/travis/build/icyphy/ptII/ptolemy/actor/lib/hoc/test/auto/IterateOverArray9.xml
6 ms. Memory: 331264K Free: 228276K (69%)
----------------- Invoking toplevel() on ptolemy.moml.MoMLSimpleApplication@7e2e6319
----------------- Done invoking toplevel() on ptolemy.moml.MoMLSimpleApplication@7e2e6319
reloadAllAccessors: .IterateOverArray9

===========================================================================================
----------------- testing Sat Dec 08 02:54:21 UTC 2018 /home/travis/build/icyphy/ptII/ptolemy/actor/lib/hoc/test/auto/IterateOverArrayCoercedOutputType.xml
----------------- Instantiating /home/travis/build/icyphy/ptII/ptolemy/actor/lib/hoc/test/auto/IterateOverArrayCoercedOutputType.xml
5 ms. Memory: 331264K Free: 222157K (67%)
----------------- Invoking toplevel() on ptolemy.moml.MoMLSimpleApplication@3106ea12
----------------- Done invoking toplevel() on ptolemy.moml.MoMLSimpleApplication@3106ea12
reloadAllAccessors: .IterateOverArrayCoercedOutputType

===========================================================================================
----------------- testing Sat Dec 08 02:54:21 UTC 2018 /home/travis/build/icyphy/ptII/ptolemy/actor/lib/hoc/test/auto/IterateOverArrayInferredOutputType.xml
----------------- Instantiating /home/travis/build/icyphy/ptII/ptolemy/actor/lib/hoc/test/auto/IterateOverArrayInferredOutputType.xml
17 ms. Memory: 331264K Free: 215190K (65%)
----------------- Invoking toplevel() on ptolemy.moml.MoMLSimpleApplication@36e2d211
----------------- Done invoking toplevel() on ptolemy.moml.MoMLSimpleApplication@36e2d211
reloadAllAccessors: .IterateOverArrayInferredOutputType

===========================================================================================
----------------- testing Sat Dec 08 02:54:21 UTC 2018 /home/travis/build/icyphy/ptII/ptolemy/actor/lib/hoc/test/auto/MobileFunctionTest.xml
----------------- Instantiating /home/travis/build/icyphy/ptII/ptolemy/actor/lib/hoc/test/auto/MobileFunctionTest.xml
7 ms. Memory: 331264K Free: 210295K (63%)
----------------- Invoking toplevel() on ptolemy.moml.MoMLSimpleApplication@787d481e
----------------- Done invoking toplevel() on ptolemy.moml.MoMLSimpleApplication@787d481e
reloadAllAccessors: .MobileFunctionTest

===========================================================================================
----------------- testing Sat Dec 08 02:54:21 UTC 2018 /home/travis/build/icyphy/ptII/ptolemy/actor/lib/hoc/test/auto/MobileModelTest.xml
----------------- Instantiating /home/travis/build/icyphy/ptII/ptolemy/actor/lib/hoc/test/auto/MobileModelTest.xml
76 ms. Memory: 331264K Free: 189460K (57%)
----------------- Invoking toplevel() on ptolemy.moml.MoMLSimpleApplication@38533f4c
----------------- Done invoking toplevel() on ptolemy.moml.MoMLSimpleApplication@38533f4c
reloadAllAccessors: .MobileModelTest

===========================================================================================
----------------- testing Sat Dec 08 02:54:21 UTC 2018 /home/travis/build/icyphy/ptII/ptolemy/actor/lib/hoc/test/auto/ModelReference.xml
----------------- Instantiating /home/travis/build/icyphy/ptII/ptolemy/actor/lib/hoc/test/auto/ModelReference.xml
2 ms. Memory: 331264K Free: 180045K (54%)
2 ms. Memory: 331264K Free: 178821K (54%)
2 ms. Memory: 331264K Free: 178821K (54%)
2 ms. Memory: 331264K Free: 177597K (54%)
1 ms. Memory: 331264K Free: 176374K (53%)
1 ms. Memory: 331264K Free: 176374K (53%)
2 ms. Memory: 331264K Free: 175150K (53%)
5 ms. Memory: 331264K Free: 173926K (53%)
1 ms. Memory: 331264K Free: 173926K (53%)
2 ms. Memory: 331264K Free: 172703K (52%)
28 ms. Memory: 331264K Free: 172703K (52%)
----------------- Invoking toplevel() on ptolemy.moml.MoMLSimpleApplication@1a109002
----------------- Done invoking toplevel() on ptolemy.moml.MoMLSimpleApplication@1a109002
reloadAllAccessors: .ModelReference

===========================================================================================
----------------- testing Sat Dec 08 02:54:21 UTC 2018 /home/travis/build/icyphy/ptII/ptolemy/actor/lib/hoc/test/auto/ModelReference3.xml
----------------- Instantiating /home/travis/build/icyphy/ptII/ptolemy/actor/lib/hoc/test/auto/ModelReference3.xml
2 ms. Memory: 331264K Free: 166584K (50%)
5 ms. Memory: 331264K Free: 166584K (50%)
1 ms. Memory: 331264K Free: 165360K (50%)
3 ms. Memory: 331264K Free: 164137K (50%)
1 ms. Memory: 331264K Free: 164137K (50%)
2 ms. Memory: 331264K Free: 162913K (49%)
1 ms. Memory: 331264K Free: 161689K (49%)
4 ms. Memory: 331264K Free: 161689K (49%)
1 ms. Memory: 331264K Free: 160466K (48%)
3 ms. Memory: 331264K Free: 159242K (48%)
31 ms. Memory: 331264K Free: 159242K (48%)
----------------- Invoking toplevel() on ptolemy.moml.MoMLSimpleApplication@72c3f289
----------------- Done invoking toplevel() on ptolemy.moml.MoMLSimpleApplication@72c3f289
reloadAllAccessors: .ModelReference3

===========================================================================================
----------------- testing Sat Dec 08 02:54:21 UTC 2018 /home/travis/build/icyphy/ptII/ptolemy/actor/lib/hoc/test/auto/ModelReference4.xml
----------------- Instantiating /home/travis/build/icyphy/ptII/ptolemy/actor/lib/hoc/test/auto/ModelReference4.xml
5 ms. Memory: 331264K Free: 152275K (46%)
9 ms. Memory: 331264K Free: 151051K (46%)
2 ms. Memory: 331264K Free: 148604K (45%)
1 ms. Memory: 331264K Free: 147380K (44%)
2 ms. Memory: 331264K Free: 146156K (44%)
2 ms. Memory: 331264K Free: 144933K (44%)
2 ms. Memory: 331264K Free: 143709K (43%)
2 ms. Memory: 331264K Free: 142485K (43%)
9 ms. Memory: 331264K Free: 140038K (42%)
1 ms. Memory: 331264K Free: 138814K (42%)
10022 ms. Memory: 331264K Free: 138814K (42%)
----------------- Invoking toplevel() on ptolemy.moml.MoMLSimpleApplication@116a5db9
----------------- Done invoking toplevel() on ptolemy.moml.MoMLSimpleApplication@116a5db9
reloadAllAccessors: .ModelReference4

===========================================================================================
----------------- testing Sat Dec 08 02:54:31 UTC 2018 /home/travis/build/icyphy/ptII/ptolemy/actor/lib/hoc/test/auto/MultiInstanceComposite.xml
----------------- Instantiating /home/travis/build/icyphy/ptII/ptolemy/actor/lib/hoc/test/auto/MultiInstanceComposite.xml
28 ms. Memory: 331264K Free: 121683K (37%)
----------------- Invoking toplevel() on ptolemy.moml.MoMLSimpleApplication@1b1fd8fc
----------------- Done invoking toplevel() on ptolemy.moml.MoMLSimpleApplication@1b1fd8fc
reloadAllAccessors: .MultiInstanceComposite

===========================================================================================
----------------- testing Sat Dec 08 02:54:31 UTC 2018 /home/travis/build/icyphy/ptII/ptolemy/actor/lib/hoc/test/auto/MultiInstanceComposite2.xml
----------------- Instantiating /home/travis/build/icyphy/ptII/ptolemy/actor/lib/hoc/test/auto/MultiInstanceComposite2.xml
22 ms. Memory: 331264K Free: 108222K (33%)
----------------- Invoking toplevel() on ptolemy.moml.MoMLSimpleApplication@6d6c84b4
----------------- Done invoking toplevel() on ptolemy.moml.MoMLSimpleApplication@6d6c84b4
reloadAllAccessors: .MultiInstanceComposite2

===========================================================================================
----------------- testing Sat Dec 08 02:54:31 UTC 2018 /home/travis/build/icyphy/ptII/ptolemy/actor/lib/hoc/test/auto/MulticoreExecution.xml
----------------- Instantiating /home/travis/build/icyphy/ptII/ptolemy/actor/lib/hoc/test/auto/MulticoreExecution.xml
Fired ExecutionTime: 2800000
Fired ExecutionTime: 2800000
Fired ExecutionTime: 1600000
Fired ExecutionTime: 4400000
Fired ExecutionTime: 2800000
Fired ExecutionTime: 3200000
Fired ExecutionTime: 3200000
Fired ExecutionTime: 3600000
Fired ExecutionTime: 3200000
Fired ExecutionTime: 3200000
Fired ExecutionTime: 3600000
Fired ExecutionTime: 2800000
Fired ExecutionTime: 2800000
Fired ExecutionTime: 3200000
Fired ExecutionTime: 2000000
Fired ExecutionTime: 4400000
Fired ExecutionTime: 4000000
Fired ExecutionTime: 2400000
Fired ExecutionTime: 4400000
Fired ExecutionTime: 2000000
1149 ms. Memory: 331264K Free: 93912K (28%)
----------------- Invoking toplevel() on ptolemy.moml.MoMLSimpleApplication@4b4a25ca
----------------- Done invoking toplevel() on ptolemy.moml.MoMLSimpleApplication@4b4a25ca
reloadAllAccessors: .MulticoreExecution

===========================================================================================
----------------- testing Sat Dec 08 02:54:32 UTC 2018 /home/travis/build/icyphy/ptII/ptolemy/actor/lib/hoc/test/auto/ParallelExecution.xml
----------------- Instantiating /home/travis/build/icyphy/ptII/ptolemy/actor/lib/hoc/test/auto/ParallelExecution.xml
919 ms. Memory: 331264K Free: 82899K (25%)
----------------- Invoking toplevel() on ptolemy.moml.MoMLSimpleApplication@4128ec2c
----------------- Done invoking toplevel() on ptolemy.moml.MoMLSimpleApplication@4128ec2c
reloadAllAccessors: .ParallelExecution

===========================================================================================
----------------- testing Sat Dec 08 02:54:33 UTC 2018 /home/travis/build/icyphy/ptII/ptolemy/actor/lib/hoc/test/auto/RunCompositeActor.xml
----------------- Instantiating /home/travis/build/icyphy/ptII/ptolemy/actor/lib/hoc/test/auto/RunCompositeActor.xml
7 ms. Memory: 332288K Free: 317327K (95%)
----------------- Invoking toplevel() on ptolemy.moml.MoMLSimpleApplication@2c84aaaf
----------------- Done invoking toplevel() on ptolemy.moml.MoMLSimpleApplication@2c84aaaf
reloadAllAccessors: .RunCompositeActor

===========================================================================================
----------------- testing Sat Dec 08 02:54:33 UTC 2018 /home/travis/build/icyphy/ptII/ptolemy/actor/lib/hoc/test/auto/RunCompositeActor2.xml
----------------- Instantiating /home/travis/build/icyphy/ptII/ptolemy/actor/lib/hoc/test/auto/RunCompositeActor2.xml
3 ms. Memory: 332288K Free: 309317K (93%)
----------------- Invoking toplevel() on ptolemy.moml.MoMLSimpleApplication@19b4be4a
----------------- Done invoking toplevel() on ptolemy.moml.MoMLSimpleApplication@19b4be4a
reloadAllAccessors: .RunCompositeActor2

===========================================================================================
----------------- testing Sat Dec 08 02:54:33 UTC 2018 /home/travis/build/icyphy/ptII/ptolemy/actor/lib/hoc/test/auto/RunCompositeActor3.xml
----------------- Instantiating /home/travis/build/icyphy/ptII/ptolemy/actor/lib/hoc/test/auto/RunCompositeActor3.xml
3 ms. Memory: 332288K Free: 302531K (91%)
----------------- Invoking toplevel() on ptolemy.moml.MoMLSimpleApplication@612814af
----------------- Done invoking toplevel() on ptolemy.moml.MoMLSimpleApplication@612814af
reloadAllAccessors: .RunCompositeActor3

===========================================================================================
----------------- testing Sat Dec 08 02:54:33 UTC 2018 /home/travis/build/icyphy/ptII/ptolemy/actor/lib/hoc/test/auto/RunCompositeActor4.xml
----------------- Instantiating /home/travis/build/icyphy/ptII/ptolemy/actor/lib/hoc/test/auto/RunCompositeActor4.xml
11 ms. Memory: 332288K Free: 292556K (88%)
----------------- Invoking toplevel() on ptolemy.moml.MoMLSimpleApplication@5aacb425
----------------- Done invoking toplevel() on ptolemy.moml.MoMLSimpleApplication@5aacb425
reloadAllAccessors: .RunCompositeActor4

===========================================================================================
----------------- testing Sat Dec 08 02:54:33 UTC 2018 /home/travis/build/icyphy/ptII/ptolemy/actor/lib/hoc/test/auto/RunCompositeIterateOverArray.xml
----------------- Instantiating /home/travis/build/icyphy/ptII/ptolemy/actor/lib/hoc/test/auto/RunCompositeIterateOverArray.xml
6 ms. Memory: 332288K Free: 284586K (86%)
----------------- Invoking toplevel() on ptolemy.moml.MoMLSimpleApplication@4cece888
----------------- Done invoking toplevel() on ptolemy.moml.MoMLSimpleApplication@4cece888
reloadAllAccessors: .RunCompositeIterateOverArray

===========================================================================================
----------------- testing Sat Dec 08 02:54:34 UTC 2018 /home/travis/build/icyphy/ptII/ptolemy/actor/lib/hoc/test/auto/ThreadedJS.xml
----------------- Instantiating /home/travis/build/icyphy/ptII/ptolemy/actor/lib/hoc/test/auto/ThreadedJS.xml
1580 ms. Memory: 538624K Free: 154770K (29%)
----------------- Invoking toplevel() on ptolemy.moml.MoMLSimpleApplication@3670967e
----------------- Done invoking toplevel() on ptolemy.moml.MoMLSimpleApplication@3670967e
reloadAllAccessors: .ThreadedJS
AutoTests.java: About to close Vertx.
AutoTests.java: Vertx closed.
]]></system-out>
  <system-err><![CDATA[java.lang.RuntimeException: Execution failed
	at ptolemy.moml.MoMLSimpleApplication$UnloadThread.run(MoMLSimpleApplication.java:402)
Caused by: ptolemy.kernel.util.IllegalActionException: initialize() was called after wrapup() was called but preinitialize() was not called after wrapup().
	at ptolemy.actor.lib.hoc.test.PreinitializeMustBeInvoked.initialize(PreinitializeMustBeInvoked.java:78)
	at ptolemy.actor.Director.initialize(Director.java:938)
	at ptolemy.actor.Director.initialize(Director.java:907)
	at ptolemy.actor.sched.StaticSchedulingDirector.initialize(StaticSchedulingDirector.java:159)
	at ptolemy.domains.sdf.kernel.SDFDirector.initialize(SDFDirector.java:544)
	at ptolemy.actor.CompositeActor.initialize(CompositeActor.java:935)
	at ptolemy.actor.lib.hoc.LifeCycleManager._executeInsideModel(LifeCycleManager.java:339)
	at ptolemy.actor.lib.hoc.RunCompositeActor.fire(RunCompositeActor.java:205)
	at ptolemy.actor.CompositeActor.iterate(CompositeActor.java:1146)
	at ptolemy.actor.sched.StaticSchedulingDirector.fire(StaticSchedulingDirector.java:216)
	at ptolemy.domains.sdf.kernel.SDFDirector.fire(SDFDirector.java:500)
	at ptolemy.actor.CompositeActor.fire(CompositeActor.java:455)
	at ptolemy.actor.Manager.iterate(Manager.java:851)
	at ptolemy.actor.Manager.execute(Manager.java:369)
	at ptolemy.actor.Manager.run(Manager.java:1263)
	at ptolemy.actor.Manager$PtolemyRunThread.run(Manager.java:1915)
java.lang.reflect.InvocationTargetException
	at sun.reflect.NativeConstructorAccessorImpl.newInstance0(Native Method)
	at sun.reflect.NativeConstructorAccessorImpl.newInstance(NativeConstructorAccessorImpl.java:62)
	at sun.reflect.DelegatingConstructorAccessorImpl.newInstance(DelegatingConstructorAccessorImpl.java:45)
	at java.lang.reflect.Constructor.newInstance(Constructor.java:423)
	at ptolemy.util.test.junit.AutoKnownFailedTests.RunModel(AutoKnownFailedTests.java:105)
	at sun.reflect.NativeMethodAccessorImpl.invoke0(Native Method)
	at sun.reflect.NativeMethodAccessorImpl.invoke(NativeMethodAccessorImpl.java:62)
	at sun.reflect.DelegatingMethodAccessorImpl.invoke(DelegatingMethodAccessorImpl.java:43)
	at java.lang.reflect.Method.invoke(Method.java:498)
	at org.junit.runners.model.FrameworkMethod$1.runReflectiveCall(FrameworkMethod.java:44)
	at org.junit.internal.runners.model.ReflectiveCallable.run(ReflectiveCallable.java:15)
	at org.junit.runners.model.FrameworkMethod.invokeExplosively(FrameworkMethod.java:41)
	at junitparams.internal.InvokeParameterisedMethod.evaluate(InvokeParameterisedMethod.java:102)
	at org.junit.internal.runners.statements.FailOnTimeout$1.run(FailOnTimeout.java:28)
Caused by: ptolemy.kernel.util.IllegalActionException: initialize() was called after wrapup() was called but preinitialize() was not called after wrapup().
	at ptolemy.actor.lib.hoc.test.PreinitializeMustBeInvoked.initialize(PreinitializeMustBeInvoked.java:78)
	at ptolemy.actor.Director.initialize(Director.java:938)
	at ptolemy.actor.Director.initialize(Director.java:907)
	at ptolemy.actor.sched.StaticSchedulingDirector.initialize(StaticSchedulingDirector.java:159)
	at ptolemy.domains.sdf.kernel.SDFDirector.initialize(SDFDirector.java:544)
	at ptolemy.actor.CompositeActor.initialize(CompositeActor.java:935)
	at ptolemy.actor.lib.hoc.LifeCycleManager._executeInsideModel(LifeCycleManager.java:339)
	at ptolemy.actor.lib.hoc.RunCompositeActor.fire(RunCompositeActor.java:205)
	at ptolemy.actor.CompositeActor.iterate(CompositeActor.java:1146)
	at ptolemy.actor.sched.StaticSchedulingDirector.fire(StaticSchedulingDirector.java:216)
	at ptolemy.domains.sdf.kernel.SDFDirector.fire(SDFDirector.java:500)
	at ptolemy.actor.CompositeActor.fire(CompositeActor.java:455)
	at ptolemy.actor.Manager.iterate(Manager.java:851)
	at ptolemy.actor.Manager.execute(Manager.java:369)
	at ptolemy.actor.Manager.run(Manager.java:1263)
	at ptolemy.actor.Manager$PtolemyRunThread.run(Manager.java:1915)
]]></system-err>
</testsuite>
