<?xml version="1.0" encoding="UTF-8" ?>
<testsuite errors="0" failures="0" hostname="travis-job-7053d4b9-daea-4b23-be7a-798762ff9c53" name="ptolemy.domains.sdf.lib.test.junit.JUnitTclTest" skipped="0" tests="82" time="9.518" timestamp="2019-11-09T06:51:25">
  <properties>
[...]
</properties>
  <testcase classname="ptolemy.util.test.junit.TclTests" name="[0] /home/travis/build/icyphy/ptII/ptolemy/domains/sdf/lib/test/ArrayToSequence.tcl (RunTclFile)" time="0.563" />
  <testcase classname="ptolemy.util.test.junit.TclTests" name="[1] /home/travis/build/icyphy/ptII/ptolemy/domains/sdf/lib/test/BitsToInt.tcl (RunTclFile)" time="0.081" />
  <testcase classname="ptolemy.util.test.junit.TclTests" name="[2] /home/travis/build/icyphy/ptII/ptolemy/domains/sdf/lib/test/DelayLine.tcl (RunTclFile)" time="0.051" />
  <testcase classname="ptolemy.util.test.junit.TclTests" name="[3] /home/travis/build/icyphy/ptII/ptolemy/domains/sdf/lib/test/FFT.tcl (RunTclFile)" time="0.024" />
  <testcase classname="ptolemy.util.test.junit.TclTests" name="[4] /home/travis/build/icyphy/ptII/ptolemy/domains/sdf/lib/test/FIR.tcl (RunTclFile)" time="0.132" />
  <testcase classname="ptolemy.util.test.junit.TclTests" name="[5] /home/travis/build/icyphy/ptII/ptolemy/domains/sdf/lib/test/IntToBits.tcl (RunTclFile)" time="0.032" />
  <testcase classname="ptolemy.util.test.junit.TclTests" name="[6] /home/travis/build/icyphy/ptII/ptolemy/domains/sdf/lib/test/MaximumEntropySpectrum.tcl (RunTclFile)" time="0.37" />
  <testcase classname="ptolemy.util.test.junit.TclTests" name="[7] /home/travis/build/icyphy/ptII/ptolemy/domains/sdf/lib/test/Repeat.tcl (RunTclFile)" time="0.022" />
  <testcase classname="ptolemy.util.test.junit.TclTests" name="[8] /home/travis/build/icyphy/ptII/ptolemy/domains/sdf/lib/test/SampleDelay.tcl (RunTclFile)" time="0.039" />
  <testcase classname="ptolemy.util.test.junit.TclTests" name="[9] /home/travis/build/icyphy/ptII/ptolemy/domains/sdf/lib/test/SequenceToArray.tcl (RunTclFile)" time="0.038" />
  <testcase classname="ptolemy.util.test.junit.AutoKnownFailedTests" name="[0] ThereAreNoKnowFailedTests (RunModel)" time="0.006" />
  <testcase classname="ptolemy.util.test.junit.AutoNameArchTests" name="[0] ThereAreNoAutoArchTests (RunModel)" time="0.003" />
  <testcase classname="ptolemy.util.test.junit.AutoTests" name="[0] /home/travis/build/icyphy/ptII/ptolemy/domains/sdf/lib/test/auto/ArrayToSequence.xml (RunModel)" time="0.287" />
  <testcase classname="ptolemy.util.test.junit.AutoTests" name="[1] /home/travis/build/icyphy/ptII/ptolemy/domains/sdf/lib/test/auto/ArrayToSequenceTest.xml (RunModel)" time="0.11" />
  <testcase classname="ptolemy.util.test.junit.AutoTests" name="[2] /home/travis/build/icyphy/ptII/ptolemy/domains/sdf/lib/test/auto/Autocorrelation.xml (RunModel)" time="0.059" />
  <testcase classname="ptolemy.util.test.junit.AutoTests" name="[3] /home/travis/build/icyphy/ptII/ptolemy/domains/sdf/lib/test/auto/Autocorrelation2.xml (RunModel)" time="0.065" />
  <testcase classname="ptolemy.util.test.junit.AutoTests" name="[4] /home/travis/build/icyphy/ptII/ptolemy/domains/sdf/lib/test/auto/Autocorrelation3.xml (RunModel)" time="0.041" />
  <testcase classname="ptolemy.util.test.junit.AutoTests" name="[5] /home/travis/build/icyphy/ptII/ptolemy/domains/sdf/lib/test/auto/Autocorrelation4.xml (RunModel)" time="0.023" />
  <testcase classname="ptolemy.util.test.junit.AutoTests" name="[6] /home/travis/build/icyphy/ptII/ptolemy/domains/sdf/lib/test/auto/Autocorrelation5.xml (RunModel)" time="0.107" />
  <testcase classname="ptolemy.util.test.junit.AutoTests" name="[7] /home/travis/build/icyphy/ptII/ptolemy/domains/sdf/lib/test/auto/BitsToInt.xml (RunModel)" time="0.019" />
  <testcase classname="ptolemy.util.test.junit.AutoTests" name="[8] /home/travis/build/icyphy/ptII/ptolemy/domains/sdf/lib/test/auto/BooleanJoin.xml (RunModel)" time="0.051" />
  <testcase classname="ptolemy.util.test.junit.AutoTests" name="[9] /home/travis/build/icyphy/ptII/ptolemy/domains/sdf/lib/test/auto/BootstrapSampleDelay.xml (RunModel)" time="0.051" />
  <testcase classname="ptolemy.util.test.junit.AutoTests" name="[10] /home/travis/build/icyphy/ptII/ptolemy/domains/sdf/lib/test/auto/Chop.xml (RunModel)" time="0.052" />
  <testcase classname="ptolemy.util.test.junit.AutoTests" name="[11] /home/travis/build/icyphy/ptII/ptolemy/domains/sdf/lib/test/auto/Chop2.xml (RunModel)" time="0.043" />
  <testcase classname="ptolemy.util.test.junit.AutoTests" name="[12] /home/travis/build/icyphy/ptII/ptolemy/domains/sdf/lib/test/auto/ComplexJoin.xml (RunModel)" time="0.031" />
  <testcase classname="ptolemy.util.test.junit.AutoTests" name="[13] /home/travis/build/icyphy/ptII/ptolemy/domains/sdf/lib/test/auto/CountTrues.xml (RunModel)" time="0.043" />
  <testcase classname="ptolemy.util.test.junit.AutoTests" name="[14] /home/travis/build/icyphy/ptII/ptolemy/domains/sdf/lib/test/auto/DelayLine.xml (RunModel)" time="0.067" />
  <testcase classname="ptolemy.util.test.junit.AutoTests" name="[15] /home/travis/build/icyphy/ptII/ptolemy/domains/sdf/lib/test/auto/DotProduct.xml (RunModel)" time="0.038" />
  <testcase classname="ptolemy.util.test.junit.AutoTests" name="[16] /home/travis/build/icyphy/ptII/ptolemy/domains/sdf/lib/test/auto/DotProductMatrix.xml (RunModel)" time="0.036" />
  <testcase classname="ptolemy.util.test.junit.AutoTests" name="[17] /home/travis/build/icyphy/ptII/ptolemy/domains/sdf/lib/test/auto/DownSample1.xml (RunModel)" time="0.045" />
  <testcase classname="ptolemy.util.test.junit.AutoTests" name="[18] /home/travis/build/icyphy/ptII/ptolemy/domains/sdf/lib/test/auto/DynamicRateChange.xml (RunModel)" time="0.046" />
  <testcase classname="ptolemy.util.test.junit.AutoTests" name="[19] /home/travis/build/icyphy/ptII/ptolemy/domains/sdf/lib/test/auto/DynamicRates.xml (RunModel)" time="0.033" />
  <testcase classname="ptolemy.util.test.junit.AutoTests" name="[20] /home/travis/build/icyphy/ptII/ptolemy/domains/sdf/lib/test/auto/FFT1.xml (RunModel)" time="0.03" />
  <testcase classname="ptolemy.util.test.junit.AutoTests" name="[21] /home/travis/build/icyphy/ptII/ptolemy/domains/sdf/lib/test/auto/FIR1.xml (RunModel)" time="0.067" />
  <testcase classname="ptolemy.util.test.junit.AutoTests" name="[22] /home/travis/build/icyphy/ptII/ptolemy/domains/sdf/lib/test/auto/FIR2.xml (RunModel)" time="0.031" />
  <testcase classname="ptolemy.util.test.junit.AutoTests" name="[23] /home/travis/build/icyphy/ptII/ptolemy/domains/sdf/lib/test/auto/FIR4.xml (RunModel)" time="0.062" />
  <testcase classname="ptolemy.util.test.junit.AutoTests" name="[24] /home/travis/build/icyphy/ptII/ptolemy/domains/sdf/lib/test/auto/FixJoin.xml (RunModel)" time="0.06" />
  <testcase classname="ptolemy.util.test.junit.AutoTests" name="[25] /home/travis/build/icyphy/ptII/ptolemy/domains/sdf/lib/test/auto/IntJoin1.xml (RunModel)" time="0.023" />
  <testcase classname="ptolemy.util.test.junit.AutoTests" name="[26] /home/travis/build/icyphy/ptII/ptolemy/domains/sdf/lib/test/auto/IntJoin2.xml (RunModel)" time="0.021" />
  <testcase classname="ptolemy.util.test.junit.AutoTests" name="[27] /home/travis/build/icyphy/ptII/ptolemy/domains/sdf/lib/test/auto/IntJoin3.xml (RunModel)" time="0.028" />
  <testcase classname="ptolemy.util.test.junit.AutoTests" name="[28] /home/travis/build/icyphy/ptII/ptolemy/domains/sdf/lib/test/auto/IntJoin4.xml (RunModel)" time="0.025" />
  <testcase classname="ptolemy.util.test.junit.AutoTests" name="[29] /home/travis/build/icyphy/ptII/ptolemy/domains/sdf/lib/test/auto/IntJoin5.xml (RunModel)" time="0.028" />
  <testcase classname="ptolemy.util.test.junit.AutoTests" name="[30] /home/travis/build/icyphy/ptII/ptolemy/domains/sdf/lib/test/auto/IntToBits.xml (RunModel)" time="0.022" />
  <testcase classname="ptolemy.util.test.junit.AutoTests" name="[31] /home/travis/build/icyphy/ptII/ptolemy/domains/sdf/lib/test/auto/LMSAdaptive.xml (RunModel)" time="0.063" />
  <testcase classname="ptolemy.util.test.junit.AutoTests" name="[32] /home/travis/build/icyphy/ptII/ptolemy/domains/sdf/lib/test/auto/LMSAdaptiveFIR.xml (RunModel)" time="0.337" />
  <testcase classname="ptolemy.util.test.junit.AutoTests" name="[33] /home/travis/build/icyphy/ptII/ptolemy/domains/sdf/lib/test/auto/LMSAdaptiveFIR2.xml (RunModel)" time="0.555" />
  <testcase classname="ptolemy.util.test.junit.AutoTests" name="[34] /home/travis/build/icyphy/ptII/ptolemy/domains/sdf/lib/test/auto/LongJoin.xml (RunModel)" time="0.037" />
  <testcase classname="ptolemy.util.test.junit.AutoTests" name="[35] /home/travis/build/icyphy/ptII/ptolemy/domains/sdf/lib/test/auto/Matrix1.xml (RunModel)" time="0.016" />
  <testcase classname="ptolemy.util.test.junit.AutoTests" name="[36] /home/travis/build/icyphy/ptII/ptolemy/domains/sdf/lib/test/auto/Matrix2.xml (RunModel)" time="0.024" />
  <testcase classname="ptolemy.util.test.junit.AutoTests" name="[37] /home/travis/build/icyphy/ptII/ptolemy/domains/sdf/lib/test/auto/MatrixJoin1.xml (RunModel)" time="0.026" />
  <testcase classname="ptolemy.util.test.junit.AutoTests" name="[38] /home/travis/build/icyphy/ptII/ptolemy/domains/sdf/lib/test/auto/MatrixJoin2.xml (RunModel)" time="0.021" />
  <testcase classname="ptolemy.util.test.junit.AutoTests" name="[39] /home/travis/build/icyphy/ptII/ptolemy/domains/sdf/lib/test/auto/MatrixJoin3.xml (RunModel)" time="0.022" />
  <testcase classname="ptolemy.util.test.junit.AutoTests" name="[40] /home/travis/build/icyphy/ptII/ptolemy/domains/sdf/lib/test/auto/MatrixJoin4.xml (RunModel)" time="0.02" />
  <testcase classname="ptolemy.util.test.junit.AutoTests" name="[41] /home/travis/build/icyphy/ptII/ptolemy/domains/sdf/lib/test/auto/MatrixJoin5.xml (RunModel)" time="0.016" />
  <testcase classname="ptolemy.util.test.junit.AutoTests" name="[42] /home/travis/build/icyphy/ptII/ptolemy/domains/sdf/lib/test/auto/MatrixSplit1.xml (RunModel)" time="0.026" />
  <testcase classname="ptolemy.util.test.junit.AutoTests" name="[43] /home/travis/build/icyphy/ptII/ptolemy/domains/sdf/lib/test/auto/MatrixSplit10.xml (RunModel)" time="0.02" />
  <testcase classname="ptolemy.util.test.junit.AutoTests" name="[44] /home/travis/build/icyphy/ptII/ptolemy/domains/sdf/lib/test/auto/MatrixSplit11.xml (RunModel)" time="0.014" />
  <testcase classname="ptolemy.util.test.junit.AutoTests" name="[45] /home/travis/build/icyphy/ptII/ptolemy/domains/sdf/lib/test/auto/MatrixSplit12.xml (RunModel)" time="0.02" />
  <testcase classname="ptolemy.util.test.junit.AutoTests" name="[46] /home/travis/build/icyphy/ptII/ptolemy/domains/sdf/lib/test/auto/MatrixSplit13.xml (RunModel)" time="0.032" />
  <testcase classname="ptolemy.util.test.junit.AutoTests" name="[47] /home/travis/build/icyphy/ptII/ptolemy/domains/sdf/lib/test/auto/MatrixSplit14.xml (RunModel)" time="0.015" />
  <testcase classname="ptolemy.util.test.junit.AutoTests" name="[48] /home/travis/build/icyphy/ptII/ptolemy/domains/sdf/lib/test/auto/MatrixSplit2.xml (RunModel)" time="0.013" />
  <testcase classname="ptolemy.util.test.junit.AutoTests" name="[49] /home/travis/build/icyphy/ptII/ptolemy/domains/sdf/lib/test/auto/MatrixSplit3.xml (RunModel)" time="0.016" />
  <testcase classname="ptolemy.util.test.junit.AutoTests" name="[50] /home/travis/build/icyphy/ptII/ptolemy/domains/sdf/lib/test/auto/MatrixSplit4.xml (RunModel)" time="0.01" />
  <testcase classname="ptolemy.util.test.junit.AutoTests" name="[51] /home/travis/build/icyphy/ptII/ptolemy/domains/sdf/lib/test/auto/MatrixSplit5.xml (RunModel)" time="0.012" />
  <testcase classname="ptolemy.util.test.junit.AutoTests" name="[52] /home/travis/build/icyphy/ptII/ptolemy/domains/sdf/lib/test/auto/MatrixSplit6.xml (RunModel)" time="0.016" />
  <testcase classname="ptolemy.util.test.junit.AutoTests" name="[53] /home/travis/build/icyphy/ptII/ptolemy/domains/sdf/lib/test/auto/MatrixSplit7.xml (RunModel)" time="0.014" />
  <testcase classname="ptolemy.util.test.junit.AutoTests" name="[54] /home/travis/build/icyphy/ptII/ptolemy/domains/sdf/lib/test/auto/MatrixSplit8.xml (RunModel)" time="0.015" />
  <testcase classname="ptolemy.util.test.junit.AutoTests" name="[55] /home/travis/build/icyphy/ptII/ptolemy/domains/sdf/lib/test/auto/MatrixSplit9.xml (RunModel)" time="0.027" />
  <testcase classname="ptolemy.util.test.junit.AutoTests" name="[56] /home/travis/build/icyphy/ptII/ptolemy/domains/sdf/lib/test/auto/MatrixToSequence.xml (RunModel)" time="0.039" />
  <testcase classname="ptolemy.util.test.junit.AutoTests" name="[57] /home/travis/build/icyphy/ptII/ptolemy/domains/sdf/lib/test/auto/MaximumEntropySpectrum.xml (RunModel)" time="0.07" />
  <testcase classname="ptolemy.util.test.junit.AutoTests" name="[58] /home/travis/build/icyphy/ptII/ptolemy/domains/sdf/lib/test/auto/SampleDelayConversion.xml (RunModel)" time="0.017" />
  <testcase classname="ptolemy.util.test.junit.AutoTests" name="[59] /home/travis/build/icyphy/ptII/ptolemy/domains/sdf/lib/test/auto/SequenceToArray.xml (RunModel)" time="0.041" />
  <testcase classname="ptolemy.util.test.junit.AutoTests" name="[60] /home/travis/build/icyphy/ptII/ptolemy/domains/sdf/lib/test/auto/SequenceToMatrix.xml (RunModel)" time="4.025" />
  <testcase classname="ptolemy.util.test.junit.AutoTests" name="[61] /home/travis/build/icyphy/ptII/ptolemy/domains/sdf/lib/test/auto/SmoothedPeriodogram.xml (RunModel)" time="0.05" />
  <testcase classname="ptolemy.util.test.junit.AutoTests" name="[62] /home/travis/build/icyphy/ptII/ptolemy/domains/sdf/lib/test/auto/UpDownSample1.xml (RunModel)" time="0.018" />
  <testcase classname="ptolemy.util.test.junit.AutoTests" name="[63] /home/travis/build/icyphy/ptII/ptolemy/domains/sdf/lib/test/auto/UpSample1.xml (RunModel)" time="0.021" />
  <testcase classname="ptolemy.util.test.junit.AutoTests" name="[64] /home/travis/build/icyphy/ptII/ptolemy/domains/sdf/lib/test/auto/VariableFIR.xml (RunModel)" time="0.03" />
  <testcase classname="ptolemy.util.test.junit.AutoTests" name="[65] /home/travis/build/icyphy/ptII/ptolemy/domains/sdf/lib/test/auto/VariableFIR2.xml (RunModel)" time="0.024" />
  <testcase classname="ptolemy.util.test.junit.AutoTests" name="[66] /home/travis/build/icyphy/ptII/ptolemy/domains/sdf/lib/test/auto/VariableLattice.xml (RunModel)" time="0.025" />
  <testcase classname="ptolemy.util.test.junit.AutoTests" name="[67] /home/travis/build/icyphy/ptII/ptolemy/domains/sdf/lib/test/auto/VariableLattice2.xml (RunModel)" time="0.022" />
  <testcase classname="ptolemy.util.test.junit.AutoTests" name="[68] /home/travis/build/icyphy/ptII/ptolemy/domains/sdf/lib/test/auto/VariableRecursiveLattice.xml (RunModel)" time="0.017" />
  <testcase classname="ptolemy.util.test.junit.AutoTests" name="[69] /home/travis/build/icyphy/ptII/ptolemy/domains/sdf/lib/test/auto/VariableRecursiveLattice2.xml (RunModel)" time="0.017" />
  <system-out><![CDATA[/home/travis/build/icyphy/ptII/ptolemy/domains/sdf/lib/test/ArrayToSequence.tcl
testDefs.tcl: setting time out to 9000 seconds at Sat Nov 09 06:51:25 UTC 2019
80 ms. Memory: 120832K Free: 86984K (72%)
11 ms. Memory: 120832K Free: 84936K (70%)
13 ms. Memory: 120832K Free: 82888K (69%)
29 ms. Memory: 120832K Free: 81350K (67%)
/home/travis/build/icyphy/ptII/ptolemy/domains/sdf/lib/test/BitsToInt.tcl
13 ms. Memory: 120832K Free: 79816K (66%)
17 ms. Memory: 120832K Free: 77768K (64%)
/home/travis/build/icyphy/ptII/ptolemy/domains/sdf/lib/test/DelayLine.tcl
7 ms. Memory: 120832K Free: 76230K (63%)
/home/travis/build/icyphy/ptII/ptolemy/domains/sdf/lib/test/FFT.tcl
6 ms. Memory: 120832K Free: 74182K (61%)
/home/travis/build/icyphy/ptII/ptolemy/domains/sdf/lib/test/FIR.tcl
8 ms. Memory: 120832K Free: 72648K (60%)
66 ms. Memory: 120832K Free: 68038K (56%)
ptolemy.kernel.util.IllegalActionException: multiplyReverse method not supported between ptolemy.data.FixToken 'fix(-0.0625,6,2)' and ptolemy.data.IntToken '1' because the types are incomparable.
  in .top.FIRclone
Because:
multiplyReverse method not supported between ptolemy.data.FixToken 'fix(-0.0625,6,2)' and ptolemy.data.IntToken '1' because the types are incomparable.
20 ms. Memory: 120832K Free: 65990K (55%)
/home/travis/build/icyphy/ptII/ptolemy/domains/sdf/lib/test/IntToBits.tcl
7 ms. Memory: 120832K Free: 64456K (53%)
6 ms. Memory: 120832K Free: 62911K (52%)
/home/travis/build/icyphy/ptII/ptolemy/domains/sdf/lib/test/MaximumEntropySpectrum.tcl
/home/travis/build/icyphy/ptII/ptolemy/domains/sdf/lib/test/Repeat.tcl
7 ms. Memory: 120832K Free: 102548K (85%)
/home/travis/build/icyphy/ptII/ptolemy/domains/sdf/lib/test/SampleDelay.tcl
4 ms. Memory: 120832K Free: 101010K (84%)
4 ms. Memory: 120832K Free: 99971K (83%)
4 ms. Memory: 120832K Free: 98955K (82%)
4 ms. Memory: 120832K Free: 98452K (81%)
3 ms. Memory: 120832K Free: 97907K (81%)
1 ms. Memory: 120832K Free: 97428K (81%)
/home/travis/build/icyphy/ptII/ptolemy/domains/sdf/lib/test/SequenceToArray.tcl
6 ms. Memory: 120832K Free: 95875K (79%)
5 ms. Memory: 120832K Free: 94866K (79%)
6 ms. Memory: 120832K Free: 93332K (77%)
5 ms. Memory: 120832K Free: 92308K (76%)
11/09/19 06:51:26
Failed: 0  Total Tests: 41  ((Passed: 41, Newly Passed: 0)  Known Failed: 0) /home/travis/build/icyphy/ptII/ptolemy/domains/sdf/lib/test
No auto/knownFailedTests/*.xml tests in /home/travis/build/icyphy/ptII/ptolemy/domains/sdf/lib/test
No auto/linux-amd64/*.xml tests in /home/travis/build/icyphy/ptII/ptolemy/domains/sdf/lib/test
AutoTests.java: About to close Vertx.
AutoTests.java: Vertx closed.

===========================================================================================
----------------- testing Sat Nov 09 06:51:27 UTC 2019 /home/travis/build/icyphy/ptII/ptolemy/domains/sdf/lib/test/auto/ArrayToSequence.xml
----------------- Instantiating /home/travis/build/icyphy/ptII/ptolemy/domains/sdf/lib/test/auto/ArrayToSequence.xml
49 ms. Memory: 120832K Free: 85979K (71%)
----------------- Invoking toplevel() on ptolemy.moml.MoMLSimpleApplication@517ebe03
----------------- Done invoking toplevel() on ptolemy.moml.MoMLSimpleApplication@517ebe03
reloadAllAccessors: .ArrayToSequence

===========================================================================================
----------------- testing Sat Nov 09 06:51:27 UTC 2019 /home/travis/build/icyphy/ptII/ptolemy/domains/sdf/lib/test/auto/ArrayToSequenceTest.xml
----------------- Instantiating /home/travis/build/icyphy/ptII/ptolemy/domains/sdf/lib/test/auto/ArrayToSequenceTest.xml
17 ms. Memory: 120832K Free: 79803K (66%)
----------------- Invoking toplevel() on ptolemy.moml.MoMLSimpleApplication@65576091
----------------- Done invoking toplevel() on ptolemy.moml.MoMLSimpleApplication@65576091
reloadAllAccessors: .ArrayToSequenceTest

===========================================================================================
----------------- testing Sat Nov 09 06:51:27 UTC 2019 /home/travis/build/icyphy/ptII/ptolemy/domains/sdf/lib/test/auto/Autocorrelation.xml
----------------- Instantiating /home/travis/build/icyphy/ptII/ptolemy/domains/sdf/lib/test/auto/Autocorrelation.xml
17 ms. Memory: 120832K Free: 104887K (87%)
----------------- Invoking toplevel() on ptolemy.moml.MoMLSimpleApplication@695d19a3
----------------- Done invoking toplevel() on ptolemy.moml.MoMLSimpleApplication@695d19a3
reloadAllAccessors: .Autocorrelation

===========================================================================================
----------------- testing Sat Nov 09 06:51:27 UTC 2019 /home/travis/build/icyphy/ptII/ptolemy/domains/sdf/lib/test/auto/Autocorrelation2.xml
----------------- Instantiating /home/travis/build/icyphy/ptII/ptolemy/domains/sdf/lib/test/auto/Autocorrelation2.xml
4 ms. Memory: 120832K Free: 100397K (83%)
----------------- Invoking toplevel() on ptolemy.moml.MoMLSimpleApplication@687e8214
----------------- Done invoking toplevel() on ptolemy.moml.MoMLSimpleApplication@687e8214
reloadAllAccessors: .Autocorrelation2

===========================================================================================
----------------- testing Sat Nov 09 06:51:27 UTC 2019 /home/travis/build/icyphy/ptII/ptolemy/domains/sdf/lib/test/auto/Autocorrelation3.xml
----------------- Instantiating /home/travis/build/icyphy/ptII/ptolemy/domains/sdf/lib/test/auto/Autocorrelation3.xml
4 ms. Memory: 120832K Free: 97006K (80%)
----------------- Invoking toplevel() on ptolemy.moml.MoMLSimpleApplication@29872fcd
----------------- Done invoking toplevel() on ptolemy.moml.MoMLSimpleApplication@29872fcd
reloadAllAccessors: .Autocorrelation3

===========================================================================================
----------------- testing Sat Nov 09 06:51:27 UTC 2019 /home/travis/build/icyphy/ptII/ptolemy/domains/sdf/lib/test/auto/Autocorrelation4.xml
----------------- Instantiating /home/travis/build/icyphy/ptII/ptolemy/domains/sdf/lib/test/auto/Autocorrelation4.xml
4 ms. Memory: 120832K Free: 92318K (76%)
----------------- Invoking toplevel() on ptolemy.moml.MoMLSimpleApplication@317c25bb
----------------- Done invoking toplevel() on ptolemy.moml.MoMLSimpleApplication@317c25bb
reloadAllAccessors: .Autocorrelation4

===========================================================================================
----------------- testing Sat Nov 09 06:51:27 UTC 2019 /home/travis/build/icyphy/ptII/ptolemy/domains/sdf/lib/test/auto/Autocorrelation5.xml
----------------- Instantiating /home/travis/build/icyphy/ptII/ptolemy/domains/sdf/lib/test/auto/Autocorrelation5.xml
45 ms. Memory: 120832K Free: 85469K (71%)
----------------- Invoking toplevel() on ptolemy.moml.MoMLSimpleApplication@386fa718
----------------- Done invoking toplevel() on ptolemy.moml.MoMLSimpleApplication@386fa718
reloadAllAccessors: .Autocorrelation5

===========================================================================================
----------------- testing Sat Nov 09 06:51:27 UTC 2019 /home/travis/build/icyphy/ptII/ptolemy/domains/sdf/lib/test/auto/BitsToInt.xml
----------------- Instantiating /home/travis/build/icyphy/ptII/ptolemy/domains/sdf/lib/test/auto/BitsToInt.xml
3 ms. Memory: 120832K Free: 82086K (68%)
----------------- Invoking toplevel() on ptolemy.moml.MoMLSimpleApplication@85288fd
----------------- Done invoking toplevel() on ptolemy.moml.MoMLSimpleApplication@85288fd
reloadAllAccessors: .BitsToInt

===========================================================================================
----------------- testing Sat Nov 09 06:51:27 UTC 2019 /home/travis/build/icyphy/ptII/ptolemy/domains/sdf/lib/test/auto/BooleanJoin.xml
----------------- Instantiating /home/travis/build/icyphy/ptII/ptolemy/domains/sdf/lib/test/auto/BooleanJoin.xml
12 ms. Memory: 120832K Free: 78004K (65%)
----------------- Invoking toplevel() on ptolemy.moml.MoMLSimpleApplication@57734bef
----------------- Done invoking toplevel() on ptolemy.moml.MoMLSimpleApplication@57734bef
reloadAllAccessors: .BooleanJoin

===========================================================================================
----------------- testing Sat Nov 09 06:51:27 UTC 2019 /home/travis/build/icyphy/ptII/ptolemy/domains/sdf/lib/test/auto/BootstrapSampleDelay.xml
----------------- Instantiating /home/travis/build/icyphy/ptII/ptolemy/domains/sdf/lib/test/auto/BootstrapSampleDelay.xml
10 ms. Memory: 120832K Free: 74205K (61%)
----------------- Invoking toplevel() on ptolemy.moml.MoMLSimpleApplication@2561f0ec
----------------- Done invoking toplevel() on ptolemy.moml.MoMLSimpleApplication@2561f0ec
reloadAllAccessors: .BootstrapSampleDelay

===========================================================================================
----------------- testing Sat Nov 09 06:51:27 UTC 2019 /home/travis/build/icyphy/ptII/ptolemy/domains/sdf/lib/test/auto/Chop.xml
----------------- Instantiating /home/travis/build/icyphy/ptII/ptolemy/domains/sdf/lib/test/auto/Chop.xml
10 ms. Memory: 120832K Free: 66740K (55%)
----------------- Invoking toplevel() on ptolemy.moml.MoMLSimpleApplication@4b3e5309
----------------- Done invoking toplevel() on ptolemy.moml.MoMLSimpleApplication@4b3e5309
reloadAllAccessors: .Chop

===========================================================================================
----------------- testing Sat Nov 09 06:51:27 UTC 2019 /home/travis/build/icyphy/ptII/ptolemy/domains/sdf/lib/test/auto/Chop2.xml
----------------- Instantiating /home/travis/build/icyphy/ptII/ptolemy/domains/sdf/lib/test/auto/Chop2.xml
5 ms. Memory: 146432K Free: 127012K (87%)
----------------- Invoking toplevel() on ptolemy.moml.MoMLSimpleApplication@883fa81
----------------- Done invoking toplevel() on ptolemy.moml.MoMLSimpleApplication@883fa81
reloadAllAccessors: .Chop2

===========================================================================================
----------------- testing Sat Nov 09 06:51:28 UTC 2019 /home/travis/build/icyphy/ptII/ptolemy/domains/sdf/lib/test/auto/ComplexJoin.xml
----------------- Instantiating /home/travis/build/icyphy/ptII/ptolemy/domains/sdf/lib/test/auto/ComplexJoin.xml
4 ms. Memory: 146432K Free: 122640K (84%)
----------------- Invoking toplevel() on ptolemy.moml.MoMLSimpleApplication@10e75bd2
----------------- Done invoking toplevel() on ptolemy.moml.MoMLSimpleApplication@10e75bd2
reloadAllAccessors: .ComplexJoin

===========================================================================================
----------------- testing Sat Nov 09 06:51:28 UTC 2019 /home/travis/build/icyphy/ptII/ptolemy/domains/sdf/lib/test/auto/CountTrues.xml
----------------- Instantiating /home/travis/build/icyphy/ptII/ptolemy/domains/sdf/lib/test/auto/CountTrues.xml
3 ms. Memory: 146432K Free: 119204K (81%)
----------------- Invoking toplevel() on ptolemy.moml.MoMLSimpleApplication@f9e47d
----------------- Done invoking toplevel() on ptolemy.moml.MoMLSimpleApplication@f9e47d
reloadAllAccessors: .CountTrues

===========================================================================================
----------------- testing Sat Nov 09 06:51:28 UTC 2019 /home/travis/build/icyphy/ptII/ptolemy/domains/sdf/lib/test/auto/DelayLine.xml
----------------- Instantiating /home/travis/build/icyphy/ptII/ptolemy/domains/sdf/lib/test/auto/DelayLine.xml
6 ms. Memory: 146432K Free: 114084K (78%)
----------------- Invoking toplevel() on ptolemy.moml.MoMLSimpleApplication@7a16f051
----------------- Done invoking toplevel() on ptolemy.moml.MoMLSimpleApplication@7a16f051
reloadAllAccessors: .DelayLine

===========================================================================================
----------------- testing Sat Nov 09 06:51:28 UTC 2019 /home/travis/build/icyphy/ptII/ptolemy/domains/sdf/lib/test/auto/DotProduct.xml
----------------- Instantiating /home/travis/build/icyphy/ptII/ptolemy/domains/sdf/lib/test/auto/DotProduct.xml
5 ms. Memory: 146432K Free: 110650K (76%)
----------------- Invoking toplevel() on ptolemy.moml.MoMLSimpleApplication@7ade4074
----------------- Done invoking toplevel() on ptolemy.moml.MoMLSimpleApplication@7ade4074
reloadAllAccessors: .DotProduct

===========================================================================================
----------------- testing Sat Nov 09 06:51:28 UTC 2019 /home/travis/build/icyphy/ptII/ptolemy/domains/sdf/lib/test/auto/DotProductMatrix.xml
----------------- Instantiating /home/travis/build/icyphy/ptII/ptolemy/domains/sdf/lib/test/auto/DotProductMatrix.xml
5 ms. Memory: 146432K Free: 107902K (74%)
----------------- Invoking toplevel() on ptolemy.moml.MoMLSimpleApplication@20539346
----------------- Done invoking toplevel() on ptolemy.moml.MoMLSimpleApplication@20539346
reloadAllAccessors: .DotProductMatrix

===========================================================================================
----------------- testing Sat Nov 09 06:51:28 UTC 2019 /home/travis/build/icyphy/ptII/ptolemy/domains/sdf/lib/test/auto/DownSample1.xml
----------------- Instantiating /home/travis/build/icyphy/ptII/ptolemy/domains/sdf/lib/test/auto/DownSample1.xml
7 ms. Memory: 146432K Free: 104490K (71%)
----------------- Invoking toplevel() on ptolemy.moml.MoMLSimpleApplication@79b01629
----------------- Done invoking toplevel() on ptolemy.moml.MoMLSimpleApplication@79b01629
reloadAllAccessors: .DownSample1

===========================================================================================
----------------- testing Sat Nov 09 06:51:28 UTC 2019 /home/travis/build/icyphy/ptII/ptolemy/domains/sdf/lib/test/auto/DynamicRateChange.xml
----------------- Instantiating /home/travis/build/icyphy/ptII/ptolemy/domains/sdf/lib/test/auto/DynamicRateChange.xml
20 ms. Memory: 146432K Free: 99370K (68%)
----------------- Invoking toplevel() on ptolemy.moml.MoMLSimpleApplication@7c1c081c
----------------- Done invoking toplevel() on ptolemy.moml.MoMLSimpleApplication@7c1c081c
reloadAllAccessors: .DynamicRateChange

===========================================================================================
----------------- testing Sat Nov 09 06:51:28 UTC 2019 /home/travis/build/icyphy/ptII/ptolemy/domains/sdf/lib/test/auto/DynamicRates.xml
----------------- Instantiating /home/travis/build/icyphy/ptII/ptolemy/domains/sdf/lib/test/auto/DynamicRates.xml
17 ms. Memory: 146432K Free: 94628K (65%)
----------------- Invoking toplevel() on ptolemy.moml.MoMLSimpleApplication@4d04640
----------------- Done invoking toplevel() on ptolemy.moml.MoMLSimpleApplication@4d04640
reloadAllAccessors: .DynamicRates

===========================================================================================
----------------- testing Sat Nov 09 06:51:28 UTC 2019 /home/travis/build/icyphy/ptII/ptolemy/domains/sdf/lib/test/auto/FFT1.xml
----------------- Instantiating /home/travis/build/icyphy/ptII/ptolemy/domains/sdf/lib/test/auto/FFT1.xml
9 ms. Memory: 146432K Free: 89872K (61%)
----------------- Invoking toplevel() on ptolemy.moml.MoMLSimpleApplication@18ffd862
----------------- Done invoking toplevel() on ptolemy.moml.MoMLSimpleApplication@18ffd862
reloadAllAccessors: .FFT1

===========================================================================================
----------------- testing Sat Nov 09 06:51:28 UTC 2019 /home/travis/build/icyphy/ptII/ptolemy/domains/sdf/lib/test/auto/FIR1.xml
----------------- Instantiating /home/travis/build/icyphy/ptII/ptolemy/domains/sdf/lib/test/auto/FIR1.xml
25 ms. Memory: 146432K Free: 83001K (57%)
----------------- Invoking toplevel() on ptolemy.moml.MoMLSimpleApplication@f04a8ad
----------------- Done invoking toplevel() on ptolemy.moml.MoMLSimpleApplication@f04a8ad
reloadAllAccessors: .FIR1

===========================================================================================
----------------- testing Sat Nov 09 06:51:28 UTC 2019 /home/travis/build/icyphy/ptII/ptolemy/domains/sdf/lib/test/auto/FIR2.xml
----------------- Instantiating /home/travis/build/icyphy/ptII/ptolemy/domains/sdf/lib/test/auto/FIR2.xml
8 ms. Memory: 146432K Free: 79632K (54%)
----------------- Invoking toplevel() on ptolemy.moml.MoMLSimpleApplication@328ead5c
----------------- Done invoking toplevel() on ptolemy.moml.MoMLSimpleApplication@328ead5c
reloadAllAccessors: .FIR2

===========================================================================================
----------------- testing Sat Nov 09 06:51:28 UTC 2019 /home/travis/build/icyphy/ptII/ptolemy/domains/sdf/lib/test/auto/FIR4.xml
----------------- Instantiating /home/travis/build/icyphy/ptII/ptolemy/domains/sdf/lib/test/auto/FIR4.xml
9 ms. Memory: 146432K Free: 126457K (86%)
----------------- Invoking toplevel() on ptolemy.moml.MoMLSimpleApplication@27107afc
----------------- Done invoking toplevel() on ptolemy.moml.MoMLSimpleApplication@27107afc
reloadAllAccessors: .FIR4

===========================================================================================
----------------- testing Sat Nov 09 06:51:28 UTC 2019 /home/travis/build/icyphy/ptII/ptolemy/domains/sdf/lib/test/auto/FixJoin.xml
----------------- Instantiating /home/travis/build/icyphy/ptII/ptolemy/domains/sdf/lib/test/auto/FixJoin.xml
6 ms. Memory: 146432K Free: 121337K (83%)
----------------- Invoking toplevel() on ptolemy.moml.MoMLSimpleApplication@5663a546
----------------- Done invoking toplevel() on ptolemy.moml.MoMLSimpleApplication@5663a546
reloadAllAccessors: .FixJoin

===========================================================================================
----------------- testing Sat Nov 09 06:51:28 UTC 2019 /home/travis/build/icyphy/ptII/ptolemy/domains/sdf/lib/test/auto/IntJoin1.xml
----------------- Instantiating /home/travis/build/icyphy/ptII/ptolemy/domains/sdf/lib/test/auto/IntJoin1.xml
2 ms. Memory: 146432K Free: 116757K (80%)
----------------- Invoking toplevel() on ptolemy.moml.MoMLSimpleApplication@471ba6b8
----------------- Done invoking toplevel() on ptolemy.moml.MoMLSimpleApplication@471ba6b8
reloadAllAccessors: .IntJoin1

===========================================================================================
----------------- testing Sat Nov 09 06:51:28 UTC 2019 /home/travis/build/icyphy/ptII/ptolemy/domains/sdf/lib/test/auto/IntJoin2.xml
----------------- Instantiating /home/travis/build/icyphy/ptII/ptolemy/domains/sdf/lib/test/auto/IntJoin2.xml
3 ms. Memory: 146432K Free: 112661K (77%)
----------------- Invoking toplevel() on ptolemy.moml.MoMLSimpleApplication@2843728b
----------------- Done invoking toplevel() on ptolemy.moml.MoMLSimpleApplication@2843728b
reloadAllAccessors: .IntJoin2

===========================================================================================
----------------- testing Sat Nov 09 06:51:28 UTC 2019 /home/travis/build/icyphy/ptII/ptolemy/domains/sdf/lib/test/auto/IntJoin3.xml
----------------- Instantiating /home/travis/build/icyphy/ptII/ptolemy/domains/sdf/lib/test/auto/IntJoin3.xml
6 ms. Memory: 146432K Free: 108025K (74%)
----------------- Invoking toplevel() on ptolemy.moml.MoMLSimpleApplication@1f7efd29
----------------- Done invoking toplevel() on ptolemy.moml.MoMLSimpleApplication@1f7efd29
reloadAllAccessors: .IntJoin3

===========================================================================================
----------------- testing Sat Nov 09 06:51:28 UTC 2019 /home/travis/build/icyphy/ptII/ptolemy/domains/sdf/lib/test/auto/IntJoin4.xml
----------------- Instantiating /home/travis/build/icyphy/ptII/ptolemy/domains/sdf/lib/test/auto/IntJoin4.xml
4 ms. Memory: 146432K Free: 103929K (71%)
----------------- Invoking toplevel() on ptolemy.moml.MoMLSimpleApplication@4448a2e2
----------------- Done invoking toplevel() on ptolemy.moml.MoMLSimpleApplication@4448a2e2
reloadAllAccessors: .IntJoin4

===========================================================================================
----------------- testing Sat Nov 09 06:51:28 UTC 2019 /home/travis/build/icyphy/ptII/ptolemy/domains/sdf/lib/test/auto/IntJoin5.xml
----------------- Instantiating /home/travis/build/icyphy/ptII/ptolemy/domains/sdf/lib/test/auto/IntJoin5.xml
3 ms. Memory: 146432K Free: 99349K (68%)
----------------- Invoking toplevel() on ptolemy.moml.MoMLSimpleApplication@2778bdf
----------------- Done invoking toplevel() on ptolemy.moml.MoMLSimpleApplication@2778bdf
reloadAllAccessors: .IntJoin5

===========================================================================================
----------------- testing Sat Nov 09 06:51:28 UTC 2019 /home/travis/build/icyphy/ptII/ptolemy/domains/sdf/lib/test/auto/IntToBits.xml
----------------- Instantiating /home/travis/build/icyphy/ptII/ptolemy/domains/sdf/lib/test/auto/IntToBits.xml
2 ms. Memory: 146432K Free: 96315K (66%)
----------------- Invoking toplevel() on ptolemy.moml.MoMLSimpleApplication@550ec80a
----------------- Done invoking toplevel() on ptolemy.moml.MoMLSimpleApplication@550ec80a
reloadAllAccessors: .IntToBits

===========================================================================================
----------------- testing Sat Nov 09 06:51:28 UTC 2019 /home/travis/build/icyphy/ptII/ptolemy/domains/sdf/lib/test/auto/LMSAdaptive.xml
----------------- Instantiating /home/travis/build/icyphy/ptII/ptolemy/domains/sdf/lib/test/auto/LMSAdaptive.xml
11 ms. Memory: 146432K Free: 87656K (60%)
----------------- Invoking toplevel() on ptolemy.moml.MoMLSimpleApplication@7855882e
----------------- Done invoking toplevel() on ptolemy.moml.MoMLSimpleApplication@7855882e
reloadAllAccessors: .LMSAdaptive

===========================================================================================
----------------- testing Sat Nov 09 06:51:28 UTC 2019 /home/travis/build/icyphy/ptII/ptolemy/domains/sdf/lib/test/auto/LMSAdaptiveFIR.xml
----------------- Instantiating /home/travis/build/icyphy/ptII/ptolemy/domains/sdf/lib/test/auto/LMSAdaptiveFIR.xml
262 ms. Memory: 146432K Free: 119218K (81%)
----------------- Invoking toplevel() on ptolemy.moml.MoMLSimpleApplication@321a04
----------------- Done invoking toplevel() on ptolemy.moml.MoMLSimpleApplication@321a04
reloadAllAccessors: .LMSAdaptiveFIR

===========================================================================================
----------------- testing Sat Nov 09 06:51:29 UTC 2019 /home/travis/build/icyphy/ptII/ptolemy/domains/sdf/lib/test/auto/LMSAdaptiveFIR2.xml
----------------- Instantiating /home/travis/build/icyphy/ptII/ptolemy/domains/sdf/lib/test/auto/LMSAdaptiveFIR2.xml
469 ms. Memory: 146432K Free: 60729K (41%)
----------------- Invoking toplevel() on ptolemy.moml.MoMLSimpleApplication@7bd2ba88
----------------- Done invoking toplevel() on ptolemy.moml.MoMLSimpleApplication@7bd2ba88
reloadAllAccessors: .LMSAdaptiveFIR2

===========================================================================================
----------------- testing Sat Nov 09 06:51:29 UTC 2019 /home/travis/build/icyphy/ptII/ptolemy/domains/sdf/lib/test/auto/LongJoin.xml
----------------- Instantiating /home/travis/build/icyphy/ptII/ptolemy/domains/sdf/lib/test/auto/LongJoin.xml
4 ms. Memory: 146432K Free: 127771K (87%)
----------------- Invoking toplevel() on ptolemy.moml.MoMLSimpleApplication@7e61409
----------------- Done invoking toplevel() on ptolemy.moml.MoMLSimpleApplication@7e61409
reloadAllAccessors: .LongJoin

===========================================================================================
----------------- testing Sat Nov 09 06:51:29 UTC 2019 /home/travis/build/icyphy/ptII/ptolemy/domains/sdf/lib/test/auto/Matrix1.xml
----------------- Instantiating /home/travis/build/icyphy/ptII/ptolemy/domains/sdf/lib/test/auto/Matrix1.xml
6 ms. Memory: 146432K Free: 123927K (85%)
----------------- Invoking toplevel() on ptolemy.moml.MoMLSimpleApplication@accc1c0
----------------- Done invoking toplevel() on ptolemy.moml.MoMLSimpleApplication@accc1c0
reloadAllAccessors: .Matrix1

===========================================================================================
----------------- testing Sat Nov 09 06:51:29 UTC 2019 /home/travis/build/icyphy/ptII/ptolemy/domains/sdf/lib/test/auto/Matrix2.xml
----------------- Instantiating /home/travis/build/icyphy/ptII/ptolemy/domains/sdf/lib/test/auto/Matrix2.xml
7 ms. Memory: 146432K Free: 119831K (82%)
----------------- Invoking toplevel() on ptolemy.moml.MoMLSimpleApplication@d1adb85
----------------- Done invoking toplevel() on ptolemy.moml.MoMLSimpleApplication@d1adb85
reloadAllAccessors: .Matrix2

===========================================================================================
----------------- testing Sat Nov 09 06:51:29 UTC 2019 /home/travis/build/icyphy/ptII/ptolemy/domains/sdf/lib/test/auto/MatrixJoin1.xml
----------------- Instantiating /home/travis/build/icyphy/ptII/ptolemy/domains/sdf/lib/test/auto/MatrixJoin1.xml
3 ms. Memory: 146432K Free: 115237K (79%)
----------------- Invoking toplevel() on ptolemy.moml.MoMLSimpleApplication@2d79b796
----------------- Done invoking toplevel() on ptolemy.moml.MoMLSimpleApplication@2d79b796
reloadAllAccessors: .MatrixJoin1

===========================================================================================
----------------- testing Sat Nov 09 06:51:29 UTC 2019 /home/travis/build/icyphy/ptII/ptolemy/domains/sdf/lib/test/auto/MatrixJoin2.xml
----------------- Instantiating /home/travis/build/icyphy/ptII/ptolemy/domains/sdf/lib/test/auto/MatrixJoin2.xml
2 ms. Memory: 146432K Free: 110615K (76%)
----------------- Invoking toplevel() on ptolemy.moml.MoMLSimpleApplication@c49780f
----------------- Done invoking toplevel() on ptolemy.moml.MoMLSimpleApplication@c49780f
reloadAllAccessors: .MatrixJoin2

===========================================================================================
----------------- testing Sat Nov 09 06:51:29 UTC 2019 /home/travis/build/icyphy/ptII/ptolemy/domains/sdf/lib/test/auto/MatrixJoin3.xml
----------------- Instantiating /home/travis/build/icyphy/ptII/ptolemy/domains/sdf/lib/test/auto/MatrixJoin3.xml
5 ms. Memory: 146432K Free: 106519K (73%)
----------------- Invoking toplevel() on ptolemy.moml.MoMLSimpleApplication@2a652b1d
----------------- Done invoking toplevel() on ptolemy.moml.MoMLSimpleApplication@2a652b1d
reloadAllAccessors: .MatrixJoin3

===========================================================================================
----------------- testing Sat Nov 09 06:51:29 UTC 2019 /home/travis/build/icyphy/ptII/ptolemy/domains/sdf/lib/test/auto/MatrixJoin4.xml
----------------- Instantiating /home/travis/build/icyphy/ptII/ptolemy/domains/sdf/lib/test/auto/MatrixJoin4.xml
3 ms. Memory: 146432K Free: 102404K (70%)
----------------- Invoking toplevel() on ptolemy.moml.MoMLSimpleApplication@798bd019
----------------- Done invoking toplevel() on ptolemy.moml.MoMLSimpleApplication@798bd019
reloadAllAccessors: .MatrixJoin4

===========================================================================================
----------------- testing Sat Nov 09 06:51:29 UTC 2019 /home/travis/build/icyphy/ptII/ptolemy/domains/sdf/lib/test/auto/MatrixJoin5.xml
----------------- Instantiating /home/travis/build/icyphy/ptII/ptolemy/domains/sdf/lib/test/auto/MatrixJoin5.xml
1 ms. Memory: 146432K Free: 98327K (67%)
----------------- Invoking toplevel() on ptolemy.moml.MoMLSimpleApplication@1e5ab16a
----------------- Done invoking toplevel() on ptolemy.moml.MoMLSimpleApplication@1e5ab16a
reloadAllAccessors: .MatrixJoin5

===========================================================================================
----------------- testing Sat Nov 09 06:51:29 UTC 2019 /home/travis/build/icyphy/ptII/ptolemy/domains/sdf/lib/test/auto/MatrixSplit1.xml
----------------- Instantiating /home/travis/build/icyphy/ptII/ptolemy/domains/sdf/lib/test/auto/MatrixSplit1.xml
4 ms. Memory: 146432K Free: 93188K (64%)
----------------- Invoking toplevel() on ptolemy.moml.MoMLSimpleApplication@7b72229a
----------------- Done invoking toplevel() on ptolemy.moml.MoMLSimpleApplication@7b72229a
reloadAllAccessors: .MatrixSplit1

===========================================================================================
----------------- testing Sat Nov 09 06:51:29 UTC 2019 /home/travis/build/icyphy/ptII/ptolemy/domains/sdf/lib/test/auto/MatrixSplit10.xml
----------------- Instantiating /home/travis/build/icyphy/ptII/ptolemy/domains/sdf/lib/test/auto/MatrixSplit10.xml
3 ms. Memory: 146432K Free: 89637K (61%)
----------------- Invoking toplevel() on ptolemy.moml.MoMLSimpleApplication@199d2c91
----------------- Done invoking toplevel() on ptolemy.moml.MoMLSimpleApplication@199d2c91
reloadAllAccessors: .MatrixSplit10

===========================================================================================
----------------- testing Sat Nov 09 06:51:29 UTC 2019 /home/travis/build/icyphy/ptII/ptolemy/domains/sdf/lib/test/auto/MatrixSplit11.xml
----------------- Instantiating /home/travis/build/icyphy/ptII/ptolemy/domains/sdf/lib/test/auto/MatrixSplit11.xml
2 ms. Memory: 146432K Free: 86039K (59%)
----------------- Invoking toplevel() on ptolemy.moml.MoMLSimpleApplication@7aed8b86
----------------- Done invoking toplevel() on ptolemy.moml.MoMLSimpleApplication@7aed8b86
reloadAllAccessors: .MatrixSplit11

===========================================================================================
----------------- testing Sat Nov 09 06:51:30 UTC 2019 /home/travis/build/icyphy/ptII/ptolemy/domains/sdf/lib/test/auto/MatrixSplit12.xml
----------------- Instantiating /home/travis/build/icyphy/ptII/ptolemy/domains/sdf/lib/test/auto/MatrixSplit12.xml
2 ms. Memory: 146432K Free: 82444K (56%)
----------------- Invoking toplevel() on ptolemy.moml.MoMLSimpleApplication@1323b049
----------------- Done invoking toplevel() on ptolemy.moml.MoMLSimpleApplication@1323b049
reloadAllAccessors: .MatrixSplit12

===========================================================================================
----------------- testing Sat Nov 09 06:51:30 UTC 2019 /home/travis/build/icyphy/ptII/ptolemy/domains/sdf/lib/test/auto/MatrixSplit13.xml
----------------- Instantiating /home/travis/build/icyphy/ptII/ptolemy/domains/sdf/lib/test/auto/MatrixSplit13.xml
7 ms. Memory: 146432K Free: 78359K (54%)
----------------- Invoking toplevel() on ptolemy.moml.MoMLSimpleApplication@3c5fde2e
----------------- Done invoking toplevel() on ptolemy.moml.MoMLSimpleApplication@3c5fde2e
reloadAllAccessors: .MatrixSplit13

===========================================================================================
----------------- testing Sat Nov 09 06:51:30 UTC 2019 /home/travis/build/icyphy/ptII/ptolemy/domains/sdf/lib/test/auto/MatrixSplit14.xml
----------------- Instantiating /home/travis/build/icyphy/ptII/ptolemy/domains/sdf/lib/test/auto/MatrixSplit14.xml
1 ms. Memory: 146432K Free: 74775K (51%)
----------------- Invoking toplevel() on ptolemy.moml.MoMLSimpleApplication@1c244081
----------------- Done invoking toplevel() on ptolemy.moml.MoMLSimpleApplication@1c244081
reloadAllAccessors: .MatrixSplit14

===========================================================================================
----------------- testing Sat Nov 09 06:51:30 UTC 2019 /home/travis/build/icyphy/ptII/ptolemy/domains/sdf/lib/test/auto/MatrixSplit2.xml
----------------- Instantiating /home/travis/build/icyphy/ptII/ptolemy/domains/sdf/lib/test/auto/MatrixSplit2.xml
2 ms. Memory: 146432K Free: 71180K (49%)
----------------- Invoking toplevel() on ptolemy.moml.MoMLSimpleApplication@505ed3f5
----------------- Done invoking toplevel() on ptolemy.moml.MoMLSimpleApplication@505ed3f5
reloadAllAccessors: .MatrixSplit2

===========================================================================================
----------------- testing Sat Nov 09 06:51:30 UTC 2019 /home/travis/build/icyphy/ptII/ptolemy/domains/sdf/lib/test/auto/MatrixSplit3.xml
----------------- Instantiating /home/travis/build/icyphy/ptII/ptolemy/domains/sdf/lib/test/auto/MatrixSplit3.xml
2 ms. Memory: 146432K Free: 67607K (46%)
----------------- Invoking toplevel() on ptolemy.moml.MoMLSimpleApplication@6706d676
----------------- Done invoking toplevel() on ptolemy.moml.MoMLSimpleApplication@6706d676
reloadAllAccessors: .MatrixSplit3

===========================================================================================
----------------- testing Sat Nov 09 06:51:30 UTC 2019 /home/travis/build/icyphy/ptII/ptolemy/domains/sdf/lib/test/auto/MatrixSplit4.xml
----------------- Instantiating /home/travis/build/icyphy/ptII/ptolemy/domains/sdf/lib/test/auto/MatrixSplit4.xml
1 ms. Memory: 146432K Free: 64017K (44%)
----------------- Invoking toplevel() on ptolemy.moml.MoMLSimpleApplication@7f7f14de
----------------- Done invoking toplevel() on ptolemy.moml.MoMLSimpleApplication@7f7f14de
reloadAllAccessors: .MatrixSplit4

===========================================================================================
----------------- testing Sat Nov 09 06:51:30 UTC 2019 /home/travis/build/icyphy/ptII/ptolemy/domains/sdf/lib/test/auto/MatrixSplit5.xml
----------------- Instantiating /home/travis/build/icyphy/ptII/ptolemy/domains/sdf/lib/test/auto/MatrixSplit5.xml
1 ms. Memory: 146432K Free: 60439K (41%)
----------------- Invoking toplevel() on ptolemy.moml.MoMLSimpleApplication@46017768
----------------- Done invoking toplevel() on ptolemy.moml.MoMLSimpleApplication@46017768
reloadAllAccessors: .MatrixSplit5

===========================================================================================
----------------- testing Sat Nov 09 06:51:30 UTC 2019 /home/travis/build/icyphy/ptII/ptolemy/domains/sdf/lib/test/auto/MatrixSplit6.xml
----------------- Instantiating /home/travis/build/icyphy/ptII/ptolemy/domains/sdf/lib/test/auto/MatrixSplit6.xml
2 ms. Memory: 146432K Free: 56844K (39%)
----------------- Invoking toplevel() on ptolemy.moml.MoMLSimpleApplication@1e292550
----------------- Done invoking toplevel() on ptolemy.moml.MoMLSimpleApplication@1e292550
reloadAllAccessors: .MatrixSplit6

===========================================================================================
----------------- testing Sat Nov 09 06:51:30 UTC 2019 /home/travis/build/icyphy/ptII/ptolemy/domains/sdf/lib/test/auto/MatrixSplit7.xml
----------------- Instantiating /home/travis/build/icyphy/ptII/ptolemy/domains/sdf/lib/test/auto/MatrixSplit7.xml
1 ms. Memory: 146432K Free: 128000K (87%)
----------------- Invoking toplevel() on ptolemy.moml.MoMLSimpleApplication@3901ac97
----------------- Done invoking toplevel() on ptolemy.moml.MoMLSimpleApplication@3901ac97
reloadAllAccessors: .MatrixSplit7

===========================================================================================
----------------- testing Sat Nov 09 06:51:30 UTC 2019 /home/travis/build/icyphy/ptII/ptolemy/domains/sdf/lib/test/auto/MatrixSplit8.xml
----------------- Instantiating /home/travis/build/icyphy/ptII/ptolemy/domains/sdf/lib/test/auto/MatrixSplit8.xml
2 ms. Memory: 146432K Free: 124898K (85%)
----------------- Invoking toplevel() on ptolemy.moml.MoMLSimpleApplication@424a55f4
----------------- Done invoking toplevel() on ptolemy.moml.MoMLSimpleApplication@424a55f4
reloadAllAccessors: .MatrixSplit8

===========================================================================================
----------------- testing Sat Nov 09 06:51:30 UTC 2019 /home/travis/build/icyphy/ptII/ptolemy/domains/sdf/lib/test/auto/MatrixSplit9.xml
----------------- Instantiating /home/travis/build/icyphy/ptII/ptolemy/domains/sdf/lib/test/auto/MatrixSplit9.xml
3 ms. Memory: 146432K Free: 121346K (83%)
----------------- Invoking toplevel() on ptolemy.moml.MoMLSimpleApplication@526c7cc
----------------- Done invoking toplevel() on ptolemy.moml.MoMLSimpleApplication@526c7cc
reloadAllAccessors: .MatrixSplit9

===========================================================================================
----------------- testing Sat Nov 09 06:51:30 UTC 2019 /home/travis/build/icyphy/ptII/ptolemy/domains/sdf/lib/test/auto/MatrixToSequence.xml
----------------- Instantiating /home/travis/build/icyphy/ptII/ptolemy/domains/sdf/lib/test/auto/MatrixToSequence.xml
11 ms. Memory: 146432K Free: 112130K (77%)
----------------- Invoking toplevel() on ptolemy.moml.MoMLSimpleApplication@7073316f
----------------- Done invoking toplevel() on ptolemy.moml.MoMLSimpleApplication@7073316f
reloadAllAccessors: .MatrixToSequence

===========================================================================================
----------------- testing Sat Nov 09 06:51:30 UTC 2019 /home/travis/build/icyphy/ptII/ptolemy/domains/sdf/lib/test/auto/MaximumEntropySpectrum.xml
----------------- Instantiating /home/travis/build/icyphy/ptII/ptolemy/domains/sdf/lib/test/auto/MaximumEntropySpectrum.xml
8 ms. Memory: 146432K Free: 91136K (62%)
----------------- Invoking toplevel() on ptolemy.moml.MoMLSimpleApplication@59f06648
----------------- Done invoking toplevel() on ptolemy.moml.MoMLSimpleApplication@59f06648
reloadAllAccessors: .MaximumEntropySpectrum

===========================================================================================
----------------- testing Sat Nov 09 06:51:30 UTC 2019 /home/travis/build/icyphy/ptII/ptolemy/domains/sdf/lib/test/auto/SampleDelayConversion.xml
----------------- Instantiating /home/travis/build/icyphy/ptII/ptolemy/domains/sdf/lib/test/auto/SampleDelayConversion.xml
2 ms. Memory: 146432K Free: 87040K (59%)
----------------- Invoking toplevel() on ptolemy.moml.MoMLSimpleApplication@5041ee52
----------------- Done invoking toplevel() on ptolemy.moml.MoMLSimpleApplication@5041ee52
reloadAllAccessors: .SampleDelayConversion

===========================================================================================
----------------- testing Sat Nov 09 06:51:30 UTC 2019 /home/travis/build/icyphy/ptII/ptolemy/domains/sdf/lib/test/auto/SequenceToArray.xml
----------------- Instantiating /home/travis/build/icyphy/ptII/ptolemy/domains/sdf/lib/test/auto/SequenceToArray.xml
10 ms. Memory: 146432K Free: 75746K (52%)
----------------- Invoking toplevel() on ptolemy.moml.MoMLSimpleApplication@166cd8ab
----------------- Done invoking toplevel() on ptolemy.moml.MoMLSimpleApplication@166cd8ab
reloadAllAccessors: .SequenceToArray

===========================================================================================
----------------- testing Sat Nov 09 06:51:30 UTC 2019 /home/travis/build/icyphy/ptII/ptolemy/domains/sdf/lib/test/auto/SequenceToMatrix.xml
----------------- Instantiating /home/travis/build/icyphy/ptII/ptolemy/domains/sdf/lib/test/auto/SequenceToMatrix.xml
4005 ms. Memory: 146432K Free: 62735K (43%)
----------------- Invoking toplevel() on ptolemy.moml.MoMLSimpleApplication@14fb6ea5
----------------- Done invoking toplevel() on ptolemy.moml.MoMLSimpleApplication@14fb6ea5
reloadAllAccessors: .SequenceToMatrix

===========================================================================================
----------------- testing Sat Nov 09 06:51:34 UTC 2019 /home/travis/build/icyphy/ptII/ptolemy/domains/sdf/lib/test/auto/SmoothedPeriodogram.xml
----------------- Instantiating /home/travis/build/icyphy/ptII/ptolemy/domains/sdf/lib/test/auto/SmoothedPeriodogram.xml
11 ms. Memory: 146432K Free: 47375K (32%)
----------------- Invoking toplevel() on ptolemy.moml.MoMLSimpleApplication@2531c935
----------------- Done invoking toplevel() on ptolemy.moml.MoMLSimpleApplication@2531c935
reloadAllAccessors: .SmoothedPeriodogram

===========================================================================================
----------------- testing Sat Nov 09 06:51:34 UTC 2019 /home/travis/build/icyphy/ptII/ptolemy/domains/sdf/lib/test/auto/UpDownSample1.xml
----------------- Instantiating /home/travis/build/icyphy/ptII/ptolemy/domains/sdf/lib/test/auto/UpDownSample1.xml
3 ms. Memory: 146432K Free: 127243K (87%)
----------------- Invoking toplevel() on ptolemy.moml.MoMLSimpleApplication@4f14c92d
----------------- Done invoking toplevel() on ptolemy.moml.MoMLSimpleApplication@4f14c92d
reloadAllAccessors: .UpDownSample1

===========================================================================================
----------------- testing Sat Nov 09 06:51:34 UTC 2019 /home/travis/build/icyphy/ptII/ptolemy/domains/sdf/lib/test/auto/UpSample1.xml
----------------- Instantiating /home/travis/build/icyphy/ptII/ptolemy/domains/sdf/lib/test/auto/UpSample1.xml
2 ms. Memory: 146432K Free: 123657K (84%)
----------------- Invoking toplevel() on ptolemy.moml.MoMLSimpleApplication@40862f07
----------------- Done invoking toplevel() on ptolemy.moml.MoMLSimpleApplication@40862f07
reloadAllAccessors: .UpSample1

===========================================================================================
----------------- testing Sat Nov 09 06:51:34 UTC 2019 /home/travis/build/icyphy/ptII/ptolemy/domains/sdf/lib/test/auto/VariableFIR.xml
----------------- Instantiating /home/travis/build/icyphy/ptII/ptolemy/domains/sdf/lib/test/auto/VariableFIR.xml
13 ms. Memory: 146432K Free: 118537K (81%)
----------------- Invoking toplevel() on ptolemy.moml.MoMLSimpleApplication@2b54befd
----------------- Done invoking toplevel() on ptolemy.moml.MoMLSimpleApplication@2b54befd
reloadAllAccessors: .VariableFIR

===========================================================================================
----------------- testing Sat Nov 09 06:51:34 UTC 2019 /home/travis/build/icyphy/ptII/ptolemy/domains/sdf/lib/test/auto/VariableFIR2.xml
----------------- Instantiating /home/travis/build/icyphy/ptII/ptolemy/domains/sdf/lib/test/auto/VariableFIR2.xml
6 ms. Memory: 146432K Free: 113411K (77%)
----------------- Invoking toplevel() on ptolemy.moml.MoMLSimpleApplication@1fd7ebae
----------------- Done invoking toplevel() on ptolemy.moml.MoMLSimpleApplication@1fd7ebae
reloadAllAccessors: .VariableFIR2

===========================================================================================
----------------- testing Sat Nov 09 06:51:34 UTC 2019 /home/travis/build/icyphy/ptII/ptolemy/domains/sdf/lib/test/auto/VariableLattice.xml
----------------- Instantiating /home/travis/build/icyphy/ptII/ptolemy/domains/sdf/lib/test/auto/VariableLattice.xml
6 ms. Memory: 146432K Free: 106763K (73%)
----------------- Invoking toplevel() on ptolemy.moml.MoMLSimpleApplication@115e36a7
----------------- Done invoking toplevel() on ptolemy.moml.MoMLSimpleApplication@115e36a7
reloadAllAccessors: .VariableLattice

===========================================================================================
----------------- testing Sat Nov 09 06:51:34 UTC 2019 /home/travis/build/icyphy/ptII/ptolemy/domains/sdf/lib/test/auto/VariableLattice2.xml
----------------- Instantiating /home/travis/build/icyphy/ptII/ptolemy/domains/sdf/lib/test/auto/VariableLattice2.xml
1.0
-1.999999602036
1.9099998677481
-0.9099996420674
0.205
0.0
0.0
1.0
-0.25
-0.5
0.0
0.0
0.0
0.0
8 ms. Memory: 146432K Free: 102153K (70%)
----------------- Invoking toplevel() on ptolemy.moml.MoMLSimpleApplication@487b40c7
----------------- Done invoking toplevel() on ptolemy.moml.MoMLSimpleApplication@487b40c7
reloadAllAccessors: .VariableLattice2

===========================================================================================
----------------- testing Sat Nov 09 06:51:34 UTC 2019 /home/travis/build/icyphy/ptII/ptolemy/domains/sdf/lib/test/auto/VariableRecursiveLattice.xml
----------------- Instantiating /home/travis/build/icyphy/ptII/ptolemy/domains/sdf/lib/test/auto/VariableRecursiveLattice.xml
3 ms. Memory: 146432K Free: 97547K (67%)
----------------- Invoking toplevel() on ptolemy.moml.MoMLSimpleApplication@7bcfc840
----------------- Done invoking toplevel() on ptolemy.moml.MoMLSimpleApplication@7bcfc840
reloadAllAccessors: .VariableRecursiveLattice

===========================================================================================
----------------- testing Sat Nov 09 06:51:34 UTC 2019 /home/travis/build/icyphy/ptII/ptolemy/domains/sdf/lib/test/auto/VariableRecursiveLattice2.xml
----------------- Instantiating /home/travis/build/icyphy/ptII/ptolemy/domains/sdf/lib/test/auto/VariableRecursiveLattice2.xml
2 ms. Memory: 146432K Free: 93451K (64%)
----------------- Invoking toplevel() on ptolemy.moml.MoMLSimpleApplication@5806b746
----------------- Done invoking toplevel() on ptolemy.moml.MoMLSimpleApplication@5806b746
reloadAllAccessors: .VariableRecursiveLattice2
AutoTests.java: About to close Vertx.
AutoTests.java: Vertx closed.
]]></system-out>
  <system-err><![CDATA[]]></system-err>
</testsuite>
