<?xml version="1.0" encoding="UTF-8" ?>
<testsuite errors="0" failures="0" hostname="travis-job-c8456778-40a2-4074-bf8b-48d2f27beaf3" name="ptolemy.domains.sdf.lib.test.junit.JUnitTclTest" skipped="0" tests="82" time="9.766" timestamp="2019-07-14T05:10:07">
  <properties>
[...]
</properties>
  <testcase classname="ptolemy.util.test.junit.TclTests" name="[0] /home/travis/build/icyphy/ptII/ptolemy/domains/sdf/lib/test/ArrayToSequence.tcl (RunTclFile)" time="0.558" />
  <testcase classname="ptolemy.util.test.junit.TclTests" name="[1] /home/travis/build/icyphy/ptII/ptolemy/domains/sdf/lib/test/BitsToInt.tcl (RunTclFile)" time="0.056" />
  <testcase classname="ptolemy.util.test.junit.TclTests" name="[2] /home/travis/build/icyphy/ptII/ptolemy/domains/sdf/lib/test/DelayLine.tcl (RunTclFile)" time="0.049" />
  <testcase classname="ptolemy.util.test.junit.TclTests" name="[3] /home/travis/build/icyphy/ptII/ptolemy/domains/sdf/lib/test/FFT.tcl (RunTclFile)" time="0.021" />
  <testcase classname="ptolemy.util.test.junit.TclTests" name="[4] /home/travis/build/icyphy/ptII/ptolemy/domains/sdf/lib/test/FIR.tcl (RunTclFile)" time="0.282" />
  <testcase classname="ptolemy.util.test.junit.TclTests" name="[5] /home/travis/build/icyphy/ptII/ptolemy/domains/sdf/lib/test/IntToBits.tcl (RunTclFile)" time="0.061" />
  <testcase classname="ptolemy.util.test.junit.TclTests" name="[6] /home/travis/build/icyphy/ptII/ptolemy/domains/sdf/lib/test/MaximumEntropySpectrum.tcl (RunTclFile)" time="0.363" />
  <testcase classname="ptolemy.util.test.junit.TclTests" name="[7] /home/travis/build/icyphy/ptII/ptolemy/domains/sdf/lib/test/Repeat.tcl (RunTclFile)" time="0.044" />
  <testcase classname="ptolemy.util.test.junit.TclTests" name="[8] /home/travis/build/icyphy/ptII/ptolemy/domains/sdf/lib/test/SampleDelay.tcl (RunTclFile)" time="0.123" />
  <testcase classname="ptolemy.util.test.junit.TclTests" name="[9] /home/travis/build/icyphy/ptII/ptolemy/domains/sdf/lib/test/SequenceToArray.tcl (RunTclFile)" time="0.077" />
  <testcase classname="ptolemy.util.test.junit.AutoKnownFailedTests" name="[0] ThereAreNoKnowFailedTests (RunModel)" time="0.001" />
  <testcase classname="ptolemy.util.test.junit.AutoNameArchTests" name="[0] ThereAreNoAutoArchTests (RunModel)" time="0.013" />
  <testcase classname="ptolemy.util.test.junit.AutoTests" name="[0] /home/travis/build/icyphy/ptII/ptolemy/domains/sdf/lib/test/auto/ArrayToSequence.xml (RunModel)" time="0.24" />
  <testcase classname="ptolemy.util.test.junit.AutoTests" name="[1] /home/travis/build/icyphy/ptII/ptolemy/domains/sdf/lib/test/auto/ArrayToSequenceTest.xml (RunModel)" time="0.096" />
  <testcase classname="ptolemy.util.test.junit.AutoTests" name="[2] /home/travis/build/icyphy/ptII/ptolemy/domains/sdf/lib/test/auto/Autocorrelation.xml (RunModel)" time="0.038" />
  <testcase classname="ptolemy.util.test.junit.AutoTests" name="[3] /home/travis/build/icyphy/ptII/ptolemy/domains/sdf/lib/test/auto/Autocorrelation2.xml (RunModel)" time="0.075" />
  <testcase classname="ptolemy.util.test.junit.AutoTests" name="[4] /home/travis/build/icyphy/ptII/ptolemy/domains/sdf/lib/test/auto/Autocorrelation3.xml (RunModel)" time="0.052" />
  <testcase classname="ptolemy.util.test.junit.AutoTests" name="[5] /home/travis/build/icyphy/ptII/ptolemy/domains/sdf/lib/test/auto/Autocorrelation4.xml (RunModel)" time="0.036" />
  <testcase classname="ptolemy.util.test.junit.AutoTests" name="[6] /home/travis/build/icyphy/ptII/ptolemy/domains/sdf/lib/test/auto/Autocorrelation5.xml (RunModel)" time="0.106" />
  <testcase classname="ptolemy.util.test.junit.AutoTests" name="[7] /home/travis/build/icyphy/ptII/ptolemy/domains/sdf/lib/test/auto/BitsToInt.xml (RunModel)" time="0.017" />
  <testcase classname="ptolemy.util.test.junit.AutoTests" name="[8] /home/travis/build/icyphy/ptII/ptolemy/domains/sdf/lib/test/auto/BooleanJoin.xml (RunModel)" time="0.065" />
  <testcase classname="ptolemy.util.test.junit.AutoTests" name="[9] /home/travis/build/icyphy/ptII/ptolemy/domains/sdf/lib/test/auto/BootstrapSampleDelay.xml (RunModel)" time="0.04" />
  <testcase classname="ptolemy.util.test.junit.AutoTests" name="[10] /home/travis/build/icyphy/ptII/ptolemy/domains/sdf/lib/test/auto/Chop.xml (RunModel)" time="0.075" />
  <testcase classname="ptolemy.util.test.junit.AutoTests" name="[11] /home/travis/build/icyphy/ptII/ptolemy/domains/sdf/lib/test/auto/Chop2.xml (RunModel)" time="0.073" />
  <testcase classname="ptolemy.util.test.junit.AutoTests" name="[12] /home/travis/build/icyphy/ptII/ptolemy/domains/sdf/lib/test/auto/ComplexJoin.xml (RunModel)" time="0.051" />
  <testcase classname="ptolemy.util.test.junit.AutoTests" name="[13] /home/travis/build/icyphy/ptII/ptolemy/domains/sdf/lib/test/auto/CountTrues.xml (RunModel)" time="0.048" />
  <testcase classname="ptolemy.util.test.junit.AutoTests" name="[14] /home/travis/build/icyphy/ptII/ptolemy/domains/sdf/lib/test/auto/DelayLine.xml (RunModel)" time="0.051" />
  <testcase classname="ptolemy.util.test.junit.AutoTests" name="[15] /home/travis/build/icyphy/ptII/ptolemy/domains/sdf/lib/test/auto/DotProduct.xml (RunModel)" time="0.024" />
  <testcase classname="ptolemy.util.test.junit.AutoTests" name="[16] /home/travis/build/icyphy/ptII/ptolemy/domains/sdf/lib/test/auto/DotProductMatrix.xml (RunModel)" time="0.031" />
  <testcase classname="ptolemy.util.test.junit.AutoTests" name="[17] /home/travis/build/icyphy/ptII/ptolemy/domains/sdf/lib/test/auto/DownSample1.xml (RunModel)" time="0.03" />
  <testcase classname="ptolemy.util.test.junit.AutoTests" name="[18] /home/travis/build/icyphy/ptII/ptolemy/domains/sdf/lib/test/auto/DynamicRateChange.xml (RunModel)" time="0.044" />
  <testcase classname="ptolemy.util.test.junit.AutoTests" name="[19] /home/travis/build/icyphy/ptII/ptolemy/domains/sdf/lib/test/auto/DynamicRates.xml (RunModel)" time="0.038" />
  <testcase classname="ptolemy.util.test.junit.AutoTests" name="[20] /home/travis/build/icyphy/ptII/ptolemy/domains/sdf/lib/test/auto/FFT1.xml (RunModel)" time="0.054" />
  <testcase classname="ptolemy.util.test.junit.AutoTests" name="[21] /home/travis/build/icyphy/ptII/ptolemy/domains/sdf/lib/test/auto/FIR1.xml (RunModel)" time="0.06" />
  <testcase classname="ptolemy.util.test.junit.AutoTests" name="[22] /home/travis/build/icyphy/ptII/ptolemy/domains/sdf/lib/test/auto/FIR2.xml (RunModel)" time="0.023" />
  <testcase classname="ptolemy.util.test.junit.AutoTests" name="[23] /home/travis/build/icyphy/ptII/ptolemy/domains/sdf/lib/test/auto/FIR4.xml (RunModel)" time="0.05" />
  <testcase classname="ptolemy.util.test.junit.AutoTests" name="[24] /home/travis/build/icyphy/ptII/ptolemy/domains/sdf/lib/test/auto/FixJoin.xml (RunModel)" time="0.056" />
  <testcase classname="ptolemy.util.test.junit.AutoTests" name="[25] /home/travis/build/icyphy/ptII/ptolemy/domains/sdf/lib/test/auto/IntJoin1.xml (RunModel)" time="0.03" />
  <testcase classname="ptolemy.util.test.junit.AutoTests" name="[26] /home/travis/build/icyphy/ptII/ptolemy/domains/sdf/lib/test/auto/IntJoin2.xml (RunModel)" time="0.02" />
  <testcase classname="ptolemy.util.test.junit.AutoTests" name="[27] /home/travis/build/icyphy/ptII/ptolemy/domains/sdf/lib/test/auto/IntJoin3.xml (RunModel)" time="0.023" />
  <testcase classname="ptolemy.util.test.junit.AutoTests" name="[28] /home/travis/build/icyphy/ptII/ptolemy/domains/sdf/lib/test/auto/IntJoin4.xml (RunModel)" time="0.02" />
  <testcase classname="ptolemy.util.test.junit.AutoTests" name="[29] /home/travis/build/icyphy/ptII/ptolemy/domains/sdf/lib/test/auto/IntJoin5.xml (RunModel)" time="0.022" />
  <testcase classname="ptolemy.util.test.junit.AutoTests" name="[30] /home/travis/build/icyphy/ptII/ptolemy/domains/sdf/lib/test/auto/IntToBits.xml (RunModel)" time="0.015" />
  <testcase classname="ptolemy.util.test.junit.AutoTests" name="[31] /home/travis/build/icyphy/ptII/ptolemy/domains/sdf/lib/test/auto/LMSAdaptive.xml (RunModel)" time="0.077" />
  <testcase classname="ptolemy.util.test.junit.AutoTests" name="[32] /home/travis/build/icyphy/ptII/ptolemy/domains/sdf/lib/test/auto/LMSAdaptiveFIR.xml (RunModel)" time="0.405" />
  <testcase classname="ptolemy.util.test.junit.AutoTests" name="[33] /home/travis/build/icyphy/ptII/ptolemy/domains/sdf/lib/test/auto/LMSAdaptiveFIR2.xml (RunModel)" time="0.436" />
  <testcase classname="ptolemy.util.test.junit.AutoTests" name="[34] /home/travis/build/icyphy/ptII/ptolemy/domains/sdf/lib/test/auto/LongJoin.xml (RunModel)" time="0.022" />
  <testcase classname="ptolemy.util.test.junit.AutoTests" name="[35] /home/travis/build/icyphy/ptII/ptolemy/domains/sdf/lib/test/auto/Matrix1.xml (RunModel)" time="0.014" />
  <testcase classname="ptolemy.util.test.junit.AutoTests" name="[36] /home/travis/build/icyphy/ptII/ptolemy/domains/sdf/lib/test/auto/Matrix2.xml (RunModel)" time="0.018" />
  <testcase classname="ptolemy.util.test.junit.AutoTests" name="[37] /home/travis/build/icyphy/ptII/ptolemy/domains/sdf/lib/test/auto/MatrixJoin1.xml (RunModel)" time="0.025" />
  <testcase classname="ptolemy.util.test.junit.AutoTests" name="[38] /home/travis/build/icyphy/ptII/ptolemy/domains/sdf/lib/test/auto/MatrixJoin2.xml (RunModel)" time="0.027" />
  <testcase classname="ptolemy.util.test.junit.AutoTests" name="[39] /home/travis/build/icyphy/ptII/ptolemy/domains/sdf/lib/test/auto/MatrixJoin3.xml (RunModel)" time="0.03" />
  <testcase classname="ptolemy.util.test.junit.AutoTests" name="[40] /home/travis/build/icyphy/ptII/ptolemy/domains/sdf/lib/test/auto/MatrixJoin4.xml (RunModel)" time="0.031" />
  <testcase classname="ptolemy.util.test.junit.AutoTests" name="[41] /home/travis/build/icyphy/ptII/ptolemy/domains/sdf/lib/test/auto/MatrixJoin5.xml (RunModel)" time="0.019" />
  <testcase classname="ptolemy.util.test.junit.AutoTests" name="[42] /home/travis/build/icyphy/ptII/ptolemy/domains/sdf/lib/test/auto/MatrixSplit1.xml (RunModel)" time="0.027" />
  <testcase classname="ptolemy.util.test.junit.AutoTests" name="[43] /home/travis/build/icyphy/ptII/ptolemy/domains/sdf/lib/test/auto/MatrixSplit10.xml (RunModel)" time="0.013" />
  <testcase classname="ptolemy.util.test.junit.AutoTests" name="[44] /home/travis/build/icyphy/ptII/ptolemy/domains/sdf/lib/test/auto/MatrixSplit11.xml (RunModel)" time="0.03" />
  <testcase classname="ptolemy.util.test.junit.AutoTests" name="[45] /home/travis/build/icyphy/ptII/ptolemy/domains/sdf/lib/test/auto/MatrixSplit12.xml (RunModel)" time="0.019" />
  <testcase classname="ptolemy.util.test.junit.AutoTests" name="[46] /home/travis/build/icyphy/ptII/ptolemy/domains/sdf/lib/test/auto/MatrixSplit13.xml (RunModel)" time="0.026" />
  <testcase classname="ptolemy.util.test.junit.AutoTests" name="[47] /home/travis/build/icyphy/ptII/ptolemy/domains/sdf/lib/test/auto/MatrixSplit14.xml (RunModel)" time="0.037" />
  <testcase classname="ptolemy.util.test.junit.AutoTests" name="[48] /home/travis/build/icyphy/ptII/ptolemy/domains/sdf/lib/test/auto/MatrixSplit2.xml (RunModel)" time="0.013" />
  <testcase classname="ptolemy.util.test.junit.AutoTests" name="[49] /home/travis/build/icyphy/ptII/ptolemy/domains/sdf/lib/test/auto/MatrixSplit3.xml (RunModel)" time="0.017" />
  <testcase classname="ptolemy.util.test.junit.AutoTests" name="[50] /home/travis/build/icyphy/ptII/ptolemy/domains/sdf/lib/test/auto/MatrixSplit4.xml (RunModel)" time="0.024" />
  <testcase classname="ptolemy.util.test.junit.AutoTests" name="[51] /home/travis/build/icyphy/ptII/ptolemy/domains/sdf/lib/test/auto/MatrixSplit5.xml (RunModel)" time="0.026" />
  <testcase classname="ptolemy.util.test.junit.AutoTests" name="[52] /home/travis/build/icyphy/ptII/ptolemy/domains/sdf/lib/test/auto/MatrixSplit6.xml (RunModel)" time="0.016" />
  <testcase classname="ptolemy.util.test.junit.AutoTests" name="[53] /home/travis/build/icyphy/ptII/ptolemy/domains/sdf/lib/test/auto/MatrixSplit7.xml (RunModel)" time="0.015" />
  <testcase classname="ptolemy.util.test.junit.AutoTests" name="[54] /home/travis/build/icyphy/ptII/ptolemy/domains/sdf/lib/test/auto/MatrixSplit8.xml (RunModel)" time="0.014" />
  <testcase classname="ptolemy.util.test.junit.AutoTests" name="[55] /home/travis/build/icyphy/ptII/ptolemy/domains/sdf/lib/test/auto/MatrixSplit9.xml (RunModel)" time="0.029" />
  <testcase classname="ptolemy.util.test.junit.AutoTests" name="[56] /home/travis/build/icyphy/ptII/ptolemy/domains/sdf/lib/test/auto/MatrixToSequence.xml (RunModel)" time="0.046" />
  <testcase classname="ptolemy.util.test.junit.AutoTests" name="[57] /home/travis/build/icyphy/ptII/ptolemy/domains/sdf/lib/test/auto/MaximumEntropySpectrum.xml (RunModel)" time="0.121" />
  <testcase classname="ptolemy.util.test.junit.AutoTests" name="[58] /home/travis/build/icyphy/ptII/ptolemy/domains/sdf/lib/test/auto/SampleDelayConversion.xml (RunModel)" time="0.04" />
  <testcase classname="ptolemy.util.test.junit.AutoTests" name="[59] /home/travis/build/icyphy/ptII/ptolemy/domains/sdf/lib/test/auto/SequenceToArray.xml (RunModel)" time="0.047" />
  <testcase classname="ptolemy.util.test.junit.AutoTests" name="[60] /home/travis/build/icyphy/ptII/ptolemy/domains/sdf/lib/test/auto/SequenceToMatrix.xml (RunModel)" time="3.846" />
  <testcase classname="ptolemy.util.test.junit.AutoTests" name="[61] /home/travis/build/icyphy/ptII/ptolemy/domains/sdf/lib/test/auto/SmoothedPeriodogram.xml (RunModel)" time="0.07" />
  <testcase classname="ptolemy.util.test.junit.AutoTests" name="[62] /home/travis/build/icyphy/ptII/ptolemy/domains/sdf/lib/test/auto/UpDownSample1.xml (RunModel)" time="0.023" />
  <testcase classname="ptolemy.util.test.junit.AutoTests" name="[63] /home/travis/build/icyphy/ptII/ptolemy/domains/sdf/lib/test/auto/UpSample1.xml (RunModel)" time="0.022" />
  <testcase classname="ptolemy.util.test.junit.AutoTests" name="[64] /home/travis/build/icyphy/ptII/ptolemy/domains/sdf/lib/test/auto/VariableFIR.xml (RunModel)" time="0.025" />
  <testcase classname="ptolemy.util.test.junit.AutoTests" name="[65] /home/travis/build/icyphy/ptII/ptolemy/domains/sdf/lib/test/auto/VariableFIR2.xml (RunModel)" time="0.025" />
  <testcase classname="ptolemy.util.test.junit.AutoTests" name="[66] /home/travis/build/icyphy/ptII/ptolemy/domains/sdf/lib/test/auto/VariableLattice.xml (RunModel)" time="0.031" />
  <testcase classname="ptolemy.util.test.junit.AutoTests" name="[67] /home/travis/build/icyphy/ptII/ptolemy/domains/sdf/lib/test/auto/VariableLattice2.xml (RunModel)" time="0.021" />
  <testcase classname="ptolemy.util.test.junit.AutoTests" name="[68] /home/travis/build/icyphy/ptII/ptolemy/domains/sdf/lib/test/auto/VariableRecursiveLattice.xml (RunModel)" time="0.019" />
  <testcase classname="ptolemy.util.test.junit.AutoTests" name="[69] /home/travis/build/icyphy/ptII/ptolemy/domains/sdf/lib/test/auto/VariableRecursiveLattice2.xml (RunModel)" time="0.017" />
  <system-out><![CDATA[/home/travis/build/icyphy/ptII/ptolemy/domains/sdf/lib/test/ArrayToSequence.tcl
testDefs.tcl: setting time out to 9000 seconds at Sun Jul 14 05:10:07 UTC 2019
66 ms. Memory: 120832K Free: 86979K (72%)
12 ms. Memory: 120832K Free: 84931K (70%)
18 ms. Memory: 120832K Free: 82883K (69%)
14 ms. Memory: 120832K Free: 81330K (67%)
/home/travis/build/icyphy/ptII/ptolemy/domains/sdf/lib/test/BitsToInt.tcl
11 ms. Memory: 120832K Free: 79282K (66%)
19 ms. Memory: 120832K Free: 77763K (64%)
/home/travis/build/icyphy/ptII/ptolemy/domains/sdf/lib/test/DelayLine.tcl
13 ms. Memory: 120832K Free: 76225K (63%)
/home/travis/build/icyphy/ptII/ptolemy/domains/sdf/lib/test/FFT.tcl
7 ms. Memory: 120832K Free: 74177K (61%)
/home/travis/build/icyphy/ptII/ptolemy/domains/sdf/lib/test/FIR.tcl
19 ms. Memory: 120832K Free: 72129K (60%)
119 ms. Memory: 120832K Free: 68033K (56%)
ptolemy.kernel.util.IllegalActionException: multiplyReverse method not supported between ptolemy.data.FixToken 'fix(-0.0625,6,2)' and ptolemy.data.IntToken '1' because the types are incomparable.
  in .top.FIRclone
Because:
multiplyReverse method not supported between ptolemy.data.FixToken 'fix(-0.0625,6,2)' and ptolemy.data.IntToken '1' because the types are incomparable.
56 ms. Memory: 120832K Free: 65985K (55%)
/home/travis/build/icyphy/ptII/ptolemy/domains/sdf/lib/test/IntToBits.tcl
6 ms. Memory: 120832K Free: 64451K (53%)
20 ms. Memory: 120832K Free: 62403K (52%)
/home/travis/build/icyphy/ptII/ptolemy/domains/sdf/lib/test/MaximumEntropySpectrum.tcl
/home/travis/build/icyphy/ptII/ptolemy/domains/sdf/lib/test/Repeat.tcl
14 ms. Memory: 120832K Free: 102649K (85%)
/home/travis/build/icyphy/ptII/ptolemy/domains/sdf/lib/test/SampleDelay.tcl
14 ms. Memory: 120832K Free: 105220K (87%)
13 ms. Memory: 120832K Free: 104556K (87%)
10 ms. Memory: 120832K Free: 103562K (86%)
10 ms. Memory: 120832K Free: 102900K (85%)
6 ms. Memory: 120832K Free: 102161K (85%)
7 ms. Memory: 120832K Free: 101876K (84%)
/home/travis/build/icyphy/ptII/ptolemy/domains/sdf/lib/test/SequenceToArray.tcl
17 ms. Memory: 120832K Free: 100092K (83%)
12 ms. Memory: 120832K Free: 98804K (82%)
14 ms. Memory: 120832K Free: 97418K (81%)
5 ms. Memory: 120832K Free: 96372K (80%)
07/14/19 05:10:09
Failed: 0  Total Tests: 41  ((Passed: 41, Newly Passed: 0)  Known Failed: 0) /home/travis/build/icyphy/ptII/ptolemy/domains/sdf/lib/test
No auto/knownFailedTests/*.xml tests in /home/travis/build/icyphy/ptII/ptolemy/domains/sdf/lib/test
No auto/linux-amd64/*.xml tests in /home/travis/build/icyphy/ptII/ptolemy/domains/sdf/lib/test
AutoTests.java: About to close Vertx.
AutoTests.java: Vertx closed.

===========================================================================================
----------------- testing Sun Jul 14 05:10:09 UTC 2019 /home/travis/build/icyphy/ptII/ptolemy/domains/sdf/lib/test/auto/ArrayToSequence.xml
----------------- Instantiating /home/travis/build/icyphy/ptII/ptolemy/domains/sdf/lib/test/auto/ArrayToSequence.xml
33 ms. Memory: 120832K Free: 86480K (72%)
----------------- Invoking toplevel() on ptolemy.moml.MoMLSimpleApplication@506ff56b
----------------- Done invoking toplevel() on ptolemy.moml.MoMLSimpleApplication@506ff56b
reloadAllAccessors: .ArrayToSequence

===========================================================================================
----------------- testing Sun Jul 14 05:10:10 UTC 2019 /home/travis/build/icyphy/ptII/ptolemy/domains/sdf/lib/test/auto/ArrayToSequenceTest.xml
----------------- Instantiating /home/travis/build/icyphy/ptII/ptolemy/domains/sdf/lib/test/auto/ArrayToSequenceTest.xml
12 ms. Memory: 120832K Free: 80316K (66%)
----------------- Invoking toplevel() on ptolemy.moml.MoMLSimpleApplication@f8207ee
----------------- Done invoking toplevel() on ptolemy.moml.MoMLSimpleApplication@f8207ee
reloadAllAccessors: .ArrayToSequenceTest

===========================================================================================
----------------- testing Sun Jul 14 05:10:10 UTC 2019 /home/travis/build/icyphy/ptII/ptolemy/domains/sdf/lib/test/auto/Autocorrelation.xml
----------------- Instantiating /home/travis/build/icyphy/ptII/ptolemy/domains/sdf/lib/test/auto/Autocorrelation.xml
9 ms. Memory: 120832K Free: 76206K (63%)
----------------- Invoking toplevel() on ptolemy.moml.MoMLSimpleApplication@1b0e13f4
----------------- Done invoking toplevel() on ptolemy.moml.MoMLSimpleApplication@1b0e13f4
reloadAllAccessors: .Autocorrelation

===========================================================================================
----------------- testing Sun Jul 14 05:10:10 UTC 2019 /home/travis/build/icyphy/ptII/ptolemy/domains/sdf/lib/test/auto/Autocorrelation2.xml
----------------- Instantiating /home/travis/build/icyphy/ptII/ptolemy/domains/sdf/lib/test/auto/Autocorrelation2.xml
4 ms. Memory: 120832K Free: 103504K (86%)
----------------- Invoking toplevel() on ptolemy.moml.MoMLSimpleApplication@615105ec
----------------- Done invoking toplevel() on ptolemy.moml.MoMLSimpleApplication@615105ec
reloadAllAccessors: .Autocorrelation2

===========================================================================================
----------------- testing Sun Jul 14 05:10:10 UTC 2019 /home/travis/build/icyphy/ptII/ptolemy/domains/sdf/lib/test/auto/Autocorrelation3.xml
----------------- Instantiating /home/travis/build/icyphy/ptII/ptolemy/domains/sdf/lib/test/auto/Autocorrelation3.xml
5 ms. Memory: 120832K Free: 99374K (82%)
----------------- Invoking toplevel() on ptolemy.moml.MoMLSimpleApplication@24ee218b
----------------- Done invoking toplevel() on ptolemy.moml.MoMLSimpleApplication@24ee218b
reloadAllAccessors: .Autocorrelation3

===========================================================================================
----------------- testing Sun Jul 14 05:10:10 UTC 2019 /home/travis/build/icyphy/ptII/ptolemy/domains/sdf/lib/test/auto/Autocorrelation4.xml
----------------- Instantiating /home/travis/build/icyphy/ptII/ptolemy/domains/sdf/lib/test/auto/Autocorrelation4.xml
4 ms. Memory: 120832K Free: 95308K (79%)
----------------- Invoking toplevel() on ptolemy.moml.MoMLSimpleApplication@2b194eae
----------------- Done invoking toplevel() on ptolemy.moml.MoMLSimpleApplication@2b194eae
reloadAllAccessors: .Autocorrelation4

===========================================================================================
----------------- testing Sun Jul 14 05:10:10 UTC 2019 /home/travis/build/icyphy/ptII/ptolemy/domains/sdf/lib/test/auto/Autocorrelation5.xml
----------------- Instantiating /home/travis/build/icyphy/ptII/ptolemy/domains/sdf/lib/test/auto/Autocorrelation5.xml
39 ms. Memory: 120832K Free: 88442K (73%)
----------------- Invoking toplevel() on ptolemy.moml.MoMLSimpleApplication@31ad5ec4
----------------- Done invoking toplevel() on ptolemy.moml.MoMLSimpleApplication@31ad5ec4
reloadAllAccessors: .Autocorrelation5

===========================================================================================
----------------- testing Sun Jul 14 05:10:10 UTC 2019 /home/travis/build/icyphy/ptII/ptolemy/domains/sdf/lib/test/auto/BitsToInt.xml
----------------- Instantiating /home/travis/build/icyphy/ptII/ptolemy/domains/sdf/lib/test/auto/BitsToInt.xml
2 ms. Memory: 120832K Free: 85046K (70%)
----------------- Invoking toplevel() on ptolemy.moml.MoMLSimpleApplication@7fe3958e
----------------- Done invoking toplevel() on ptolemy.moml.MoMLSimpleApplication@7fe3958e
reloadAllAccessors: .BitsToInt

===========================================================================================
----------------- testing Sun Jul 14 05:10:10 UTC 2019 /home/travis/build/icyphy/ptII/ptolemy/domains/sdf/lib/test/auto/BooleanJoin.xml
----------------- Instantiating /home/travis/build/icyphy/ptII/ptolemy/domains/sdf/lib/test/auto/BooleanJoin.xml
6 ms. Memory: 120832K Free: 80956K (67%)
----------------- Invoking toplevel() on ptolemy.moml.MoMLSimpleApplication@50e3287d
----------------- Done invoking toplevel() on ptolemy.moml.MoMLSimpleApplication@50e3287d
reloadAllAccessors: .BooleanJoin

===========================================================================================
----------------- testing Sun Jul 14 05:10:10 UTC 2019 /home/travis/build/icyphy/ptII/ptolemy/domains/sdf/lib/test/auto/BootstrapSampleDelay.xml
----------------- Instantiating /home/travis/build/icyphy/ptII/ptolemy/domains/sdf/lib/test/auto/BootstrapSampleDelay.xml
11 ms. Memory: 120832K Free: 76844K (64%)
----------------- Invoking toplevel() on ptolemy.moml.MoMLSimpleApplication@2ec93ee9
----------------- Done invoking toplevel() on ptolemy.moml.MoMLSimpleApplication@2ec93ee9
reloadAllAccessors: .BootstrapSampleDelay

===========================================================================================
----------------- testing Sun Jul 14 05:10:10 UTC 2019 /home/travis/build/icyphy/ptII/ptolemy/domains/sdf/lib/test/auto/Chop.xml
----------------- Instantiating /home/travis/build/icyphy/ptII/ptolemy/domains/sdf/lib/test/auto/Chop.xml
12 ms. Memory: 120832K Free: 69708K (58%)
----------------- Invoking toplevel() on ptolemy.moml.MoMLSimpleApplication@2f12297b
----------------- Done invoking toplevel() on ptolemy.moml.MoMLSimpleApplication@2f12297b
reloadAllAccessors: .Chop

===========================================================================================
----------------- testing Sun Jul 14 05:10:10 UTC 2019 /home/travis/build/icyphy/ptII/ptolemy/domains/sdf/lib/test/auto/Chop2.xml
----------------- Instantiating /home/travis/build/icyphy/ptII/ptolemy/domains/sdf/lib/test/auto/Chop2.xml
5 ms. Memory: 120832K Free: 63486K (53%)
----------------- Invoking toplevel() on ptolemy.moml.MoMLSimpleApplication@364f590
----------------- Done invoking toplevel() on ptolemy.moml.MoMLSimpleApplication@364f590
reloadAllAccessors: .Chop2

===========================================================================================
----------------- testing Sun Jul 14 05:10:10 UTC 2019 /home/travis/build/icyphy/ptII/ptolemy/domains/sdf/lib/test/auto/ComplexJoin.xml
----------------- Instantiating /home/travis/build/icyphy/ptII/ptolemy/domains/sdf/lib/test/auto/ComplexJoin.xml
4 ms. Memory: 151552K Free: 133381K (88%)
----------------- Invoking toplevel() on ptolemy.moml.MoMLSimpleApplication@619c1ad2
----------------- Done invoking toplevel() on ptolemy.moml.MoMLSimpleApplication@619c1ad2
reloadAllAccessors: .ComplexJoin

===========================================================================================
----------------- testing Sun Jul 14 05:10:10 UTC 2019 /home/travis/build/icyphy/ptII/ptolemy/domains/sdf/lib/test/auto/CountTrues.xml
----------------- Instantiating /home/travis/build/icyphy/ptII/ptolemy/domains/sdf/lib/test/auto/CountTrues.xml
3 ms. Memory: 151552K Free: 129951K (86%)
----------------- Invoking toplevel() on ptolemy.moml.MoMLSimpleApplication@1b909588
----------------- Done invoking toplevel() on ptolemy.moml.MoMLSimpleApplication@1b909588
reloadAllAccessors: .CountTrues

===========================================================================================
----------------- testing Sun Jul 14 05:10:10 UTC 2019 /home/travis/build/icyphy/ptII/ptolemy/domains/sdf/lib/test/auto/DelayLine.xml
----------------- Instantiating /home/travis/build/icyphy/ptII/ptolemy/domains/sdf/lib/test/auto/DelayLine.xml
8 ms. Memory: 151552K Free: 124823K (82%)
----------------- Invoking toplevel() on ptolemy.moml.MoMLSimpleApplication@2d6b24fd
----------------- Done invoking toplevel() on ptolemy.moml.MoMLSimpleApplication@2d6b24fd
reloadAllAccessors: .DelayLine

===========================================================================================
----------------- testing Sun Jul 14 05:10:10 UTC 2019 /home/travis/build/icyphy/ptII/ptolemy/domains/sdf/lib/test/auto/DotProduct.xml
----------------- Instantiating /home/travis/build/icyphy/ptII/ptolemy/domains/sdf/lib/test/auto/DotProduct.xml
4 ms. Memory: 151552K Free: 121745K (80%)
----------------- Invoking toplevel() on ptolemy.moml.MoMLSimpleApplication@37a9b4f2
----------------- Done invoking toplevel() on ptolemy.moml.MoMLSimpleApplication@37a9b4f2
reloadAllAccessors: .DotProduct

===========================================================================================
----------------- testing Sun Jul 14 05:10:10 UTC 2019 /home/travis/build/icyphy/ptII/ptolemy/domains/sdf/lib/test/auto/DotProductMatrix.xml
----------------- Instantiating /home/travis/build/icyphy/ptII/ptolemy/domains/sdf/lib/test/auto/DotProductMatrix.xml
4 ms. Memory: 151552K Free: 118457K (78%)
----------------- Invoking toplevel() on ptolemy.moml.MoMLSimpleApplication@12064fd
----------------- Done invoking toplevel() on ptolemy.moml.MoMLSimpleApplication@12064fd
reloadAllAccessors: .DotProductMatrix

===========================================================================================
----------------- testing Sun Jul 14 05:10:10 UTC 2019 /home/travis/build/icyphy/ptII/ptolemy/domains/sdf/lib/test/auto/DownSample1.xml
----------------- Instantiating /home/travis/build/icyphy/ptII/ptolemy/domains/sdf/lib/test/auto/DownSample1.xml
6 ms. Memory: 151552K Free: 115599K (76%)
----------------- Invoking toplevel() on ptolemy.moml.MoMLSimpleApplication@74384ddc
----------------- Done invoking toplevel() on ptolemy.moml.MoMLSimpleApplication@74384ddc
reloadAllAccessors: .DownSample1

===========================================================================================
----------------- testing Sun Jul 14 05:10:10 UTC 2019 /home/travis/build/icyphy/ptII/ptolemy/domains/sdf/lib/test/auto/DynamicRateChange.xml
----------------- Instantiating /home/travis/build/icyphy/ptII/ptolemy/domains/sdf/lib/test/auto/DynamicRateChange.xml
16 ms. Memory: 151552K Free: 109867K (72%)
----------------- Invoking toplevel() on ptolemy.moml.MoMLSimpleApplication@61bd2059
----------------- Done invoking toplevel() on ptolemy.moml.MoMLSimpleApplication@61bd2059
reloadAllAccessors: .DynamicRateChange

===========================================================================================
----------------- testing Sun Jul 14 05:10:11 UTC 2019 /home/travis/build/icyphy/ptII/ptolemy/domains/sdf/lib/test/auto/DynamicRates.xml
----------------- Instantiating /home/travis/build/icyphy/ptII/ptolemy/domains/sdf/lib/test/auto/DynamicRates.xml
12 ms. Memory: 151552K Free: 104747K (69%)
----------------- Invoking toplevel() on ptolemy.moml.MoMLSimpleApplication@3efa536a
----------------- Done invoking toplevel() on ptolemy.moml.MoMLSimpleApplication@3efa536a
reloadAllAccessors: .DynamicRates

===========================================================================================
----------------- testing Sun Jul 14 05:10:11 UTC 2019 /home/travis/build/icyphy/ptII/ptolemy/domains/sdf/lib/test/auto/FFT1.xml
----------------- Instantiating /home/travis/build/icyphy/ptII/ptolemy/domains/sdf/lib/test/auto/FFT1.xml
6 ms. Memory: 151552K Free: 100231K (66%)
----------------- Invoking toplevel() on ptolemy.moml.MoMLSimpleApplication@70cbcd4f
----------------- Done invoking toplevel() on ptolemy.moml.MoMLSimpleApplication@70cbcd4f
reloadAllAccessors: .FFT1

===========================================================================================
----------------- testing Sun Jul 14 05:10:11 UTC 2019 /home/travis/build/icyphy/ptII/ptolemy/domains/sdf/lib/test/auto/FIR1.xml
----------------- Instantiating /home/travis/build/icyphy/ptII/ptolemy/domains/sdf/lib/test/auto/FIR1.xml
21 ms. Memory: 151552K Free: 93482K (62%)
----------------- Invoking toplevel() on ptolemy.moml.MoMLSimpleApplication@4c5f8998
----------------- Done invoking toplevel() on ptolemy.moml.MoMLSimpleApplication@4c5f8998
reloadAllAccessors: .FIR1

===========================================================================================
----------------- testing Sun Jul 14 05:10:11 UTC 2019 /home/travis/build/icyphy/ptII/ptolemy/domains/sdf/lib/test/auto/FIR2.xml
----------------- Instantiating /home/travis/build/icyphy/ptII/ptolemy/domains/sdf/lib/test/auto/FIR2.xml
3 ms. Memory: 151552K Free: 89785K (59%)
----------------- Invoking toplevel() on ptolemy.moml.MoMLSimpleApplication@5cfc4ce6
----------------- Done invoking toplevel() on ptolemy.moml.MoMLSimpleApplication@5cfc4ce6
reloadAllAccessors: .FIR2

===========================================================================================
----------------- testing Sun Jul 14 05:10:11 UTC 2019 /home/travis/build/icyphy/ptII/ptolemy/domains/sdf/lib/test/auto/FIR4.xml
----------------- Instantiating /home/travis/build/icyphy/ptII/ptolemy/domains/sdf/lib/test/auto/FIR4.xml
7 ms. Memory: 151552K Free: 82839K (55%)
----------------- Invoking toplevel() on ptolemy.moml.MoMLSimpleApplication@6815b236
----------------- Done invoking toplevel() on ptolemy.moml.MoMLSimpleApplication@6815b236
reloadAllAccessors: .FIR4

===========================================================================================
----------------- testing Sun Jul 14 05:10:11 UTC 2019 /home/travis/build/icyphy/ptII/ptolemy/domains/sdf/lib/test/auto/FixJoin.xml
----------------- Instantiating /home/travis/build/icyphy/ptII/ptolemy/domains/sdf/lib/test/auto/FixJoin.xml
5 ms. Memory: 151552K Free: 78085K (52%)
----------------- Invoking toplevel() on ptolemy.moml.MoMLSimpleApplication@77ca4119
----------------- Done invoking toplevel() on ptolemy.moml.MoMLSimpleApplication@77ca4119
reloadAllAccessors: .FixJoin

===========================================================================================
----------------- testing Sun Jul 14 05:10:11 UTC 2019 /home/travis/build/icyphy/ptII/ptolemy/domains/sdf/lib/test/auto/IntJoin1.xml
----------------- Instantiating /home/travis/build/icyphy/ptII/ptolemy/domains/sdf/lib/test/auto/IntJoin1.xml
2 ms. Memory: 151552K Free: 133036K (88%)
----------------- Invoking toplevel() on ptolemy.moml.MoMLSimpleApplication@fa781f2
----------------- Done invoking toplevel() on ptolemy.moml.MoMLSimpleApplication@fa781f2
reloadAllAccessors: .IntJoin1

===========================================================================================
----------------- testing Sun Jul 14 05:10:11 UTC 2019 /home/travis/build/icyphy/ptII/ptolemy/domains/sdf/lib/test/auto/IntJoin2.xml
----------------- Instantiating /home/travis/build/icyphy/ptII/ptolemy/domains/sdf/lib/test/auto/IntJoin2.xml
3 ms. Memory: 151552K Free: 128706K (85%)
----------------- Invoking toplevel() on ptolemy.moml.MoMLSimpleApplication@6baa16be
----------------- Done invoking toplevel() on ptolemy.moml.MoMLSimpleApplication@6baa16be
reloadAllAccessors: .IntJoin2

===========================================================================================
----------------- testing Sun Jul 14 05:10:11 UTC 2019 /home/travis/build/icyphy/ptII/ptolemy/domains/sdf/lib/test/auto/IntJoin3.xml
----------------- Instantiating /home/travis/build/icyphy/ptII/ptolemy/domains/sdf/lib/test/auto/IntJoin3.xml
3 ms. Memory: 151552K Free: 124078K (82%)
----------------- Invoking toplevel() on ptolemy.moml.MoMLSimpleApplication@7b4417ff
----------------- Done invoking toplevel() on ptolemy.moml.MoMLSimpleApplication@7b4417ff
reloadAllAccessors: .IntJoin3

===========================================================================================
----------------- testing Sun Jul 14 05:10:11 UTC 2019 /home/travis/build/icyphy/ptII/ptolemy/domains/sdf/lib/test/auto/IntJoin4.xml
----------------- Instantiating /home/travis/build/icyphy/ptII/ptolemy/domains/sdf/lib/test/auto/IntJoin4.xml
2 ms. Memory: 151552K Free: 119961K (79%)
----------------- Invoking toplevel() on ptolemy.moml.MoMLSimpleApplication@40344740
----------------- Done invoking toplevel() on ptolemy.moml.MoMLSimpleApplication@40344740
reloadAllAccessors: .IntJoin4

===========================================================================================
----------------- testing Sun Jul 14 05:10:11 UTC 2019 /home/travis/build/icyphy/ptII/ptolemy/domains/sdf/lib/test/auto/IntJoin5.xml
----------------- Instantiating /home/travis/build/icyphy/ptII/ptolemy/domains/sdf/lib/test/auto/IntJoin5.xml
3 ms. Memory: 151552K Free: 115377K (76%)
----------------- Invoking toplevel() on ptolemy.moml.MoMLSimpleApplication@1ac2e27
----------------- Done invoking toplevel() on ptolemy.moml.MoMLSimpleApplication@1ac2e27
reloadAllAccessors: .IntJoin5

===========================================================================================
----------------- testing Sun Jul 14 05:10:11 UTC 2019 /home/travis/build/icyphy/ptII/ptolemy/domains/sdf/lib/test/auto/IntToBits.xml
----------------- Instantiating /home/travis/build/icyphy/ptII/ptolemy/domains/sdf/lib/test/auto/IntToBits.xml
3 ms. Memory: 151552K Free: 112344K (74%)
----------------- Invoking toplevel() on ptolemy.moml.MoMLSimpleApplication@71ac0b46
----------------- Done invoking toplevel() on ptolemy.moml.MoMLSimpleApplication@71ac0b46
reloadAllAccessors: .IntToBits

===========================================================================================
----------------- testing Sun Jul 14 05:10:11 UTC 2019 /home/travis/build/icyphy/ptII/ptolemy/domains/sdf/lib/test/auto/LMSAdaptive.xml
----------------- Instantiating /home/travis/build/icyphy/ptII/ptolemy/domains/sdf/lib/test/auto/LMSAdaptive.xml
16 ms. Memory: 151552K Free: 103599K (68%)
----------------- Invoking toplevel() on ptolemy.moml.MoMLSimpleApplication@b97c191
----------------- Done invoking toplevel() on ptolemy.moml.MoMLSimpleApplication@b97c191
reloadAllAccessors: .LMSAdaptive

===========================================================================================
----------------- testing Sun Jul 14 05:10:11 UTC 2019 /home/travis/build/icyphy/ptII/ptolemy/domains/sdf/lib/test/auto/LMSAdaptiveFIR.xml
----------------- Instantiating /home/travis/build/icyphy/ptII/ptolemy/domains/sdf/lib/test/auto/LMSAdaptiveFIR.xml
298 ms. Memory: 151552K Free: 69807K (46%)
----------------- Invoking toplevel() on ptolemy.moml.MoMLSimpleApplication@6310ba40
----------------- Done invoking toplevel() on ptolemy.moml.MoMLSimpleApplication@6310ba40
reloadAllAccessors: .LMSAdaptiveFIR

===========================================================================================
----------------- testing Sun Jul 14 05:10:11 UTC 2019 /home/travis/build/icyphy/ptII/ptolemy/domains/sdf/lib/test/auto/LMSAdaptiveFIR2.xml
----------------- Instantiating /home/travis/build/icyphy/ptII/ptolemy/domains/sdf/lib/test/auto/LMSAdaptiveFIR2.xml
346 ms. Memory: 151552K Free: 82144K (54%)
----------------- Invoking toplevel() on ptolemy.moml.MoMLSimpleApplication@60144b74
----------------- Done invoking toplevel() on ptolemy.moml.MoMLSimpleApplication@60144b74
reloadAllAccessors: .LMSAdaptiveFIR2

===========================================================================================
----------------- testing Sun Jul 14 05:10:12 UTC 2019 /home/travis/build/icyphy/ptII/ptolemy/domains/sdf/lib/test/auto/LongJoin.xml
----------------- Instantiating /home/travis/build/icyphy/ptII/ptolemy/domains/sdf/lib/test/auto/LongJoin.xml
3 ms. Memory: 151552K Free: 77548K (51%)
----------------- Invoking toplevel() on ptolemy.moml.MoMLSimpleApplication@59d47fd
----------------- Done invoking toplevel() on ptolemy.moml.MoMLSimpleApplication@59d47fd
reloadAllAccessors: .LongJoin

===========================================================================================
----------------- testing Sun Jul 14 05:10:12 UTC 2019 /home/travis/build/icyphy/ptII/ptolemy/domains/sdf/lib/test/auto/Matrix1.xml
----------------- Instantiating /home/travis/build/icyphy/ptII/ptolemy/domains/sdf/lib/test/auto/Matrix1.xml
3 ms. Memory: 151552K Free: 73452K (48%)
----------------- Invoking toplevel() on ptolemy.moml.MoMLSimpleApplication@6c4cd85f
----------------- Done invoking toplevel() on ptolemy.moml.MoMLSimpleApplication@6c4cd85f
reloadAllAccessors: .Matrix1

===========================================================================================
----------------- testing Sun Jul 14 05:10:12 UTC 2019 /home/travis/build/icyphy/ptII/ptolemy/domains/sdf/lib/test/auto/Matrix2.xml
----------------- Instantiating /home/travis/build/icyphy/ptII/ptolemy/domains/sdf/lib/test/auto/Matrix2.xml
3 ms. Memory: 151552K Free: 69356K (46%)
----------------- Invoking toplevel() on ptolemy.moml.MoMLSimpleApplication@5fe33478
----------------- Done invoking toplevel() on ptolemy.moml.MoMLSimpleApplication@5fe33478
reloadAllAccessors: .Matrix2

===========================================================================================
----------------- testing Sun Jul 14 05:10:12 UTC 2019 /home/travis/build/icyphy/ptII/ptolemy/domains/sdf/lib/test/auto/MatrixJoin1.xml
----------------- Instantiating /home/travis/build/icyphy/ptII/ptolemy/domains/sdf/lib/test/auto/MatrixJoin1.xml
2 ms. Memory: 151552K Free: 64742K (43%)
----------------- Invoking toplevel() on ptolemy.moml.MoMLSimpleApplication@5059c6be
----------------- Done invoking toplevel() on ptolemy.moml.MoMLSimpleApplication@5059c6be
reloadAllAccessors: .MatrixJoin1

===========================================================================================
----------------- testing Sun Jul 14 05:10:12 UTC 2019 /home/travis/build/icyphy/ptII/ptolemy/domains/sdf/lib/test/auto/MatrixJoin2.xml
----------------- Instantiating /home/travis/build/icyphy/ptII/ptolemy/domains/sdf/lib/test/auto/MatrixJoin2.xml
2 ms. Memory: 151552K Free: 135742K (90%)
----------------- Invoking toplevel() on ptolemy.moml.MoMLSimpleApplication@7817bab7
----------------- Done invoking toplevel() on ptolemy.moml.MoMLSimpleApplication@7817bab7
reloadAllAccessors: .MatrixJoin2

===========================================================================================
----------------- testing Sun Jul 14 05:10:12 UTC 2019 /home/travis/build/icyphy/ptII/ptolemy/domains/sdf/lib/test/auto/MatrixJoin3.xml
----------------- Instantiating /home/travis/build/icyphy/ptII/ptolemy/domains/sdf/lib/test/auto/MatrixJoin3.xml
7 ms. Memory: 151552K Free: 131484K (87%)
----------------- Invoking toplevel() on ptolemy.moml.MoMLSimpleApplication@130647f2
----------------- Done invoking toplevel() on ptolemy.moml.MoMLSimpleApplication@130647f2
reloadAllAccessors: .MatrixJoin3

===========================================================================================
----------------- testing Sun Jul 14 05:10:12 UTC 2019 /home/travis/build/icyphy/ptII/ptolemy/domains/sdf/lib/test/auto/MatrixJoin4.xml
----------------- Instantiating /home/travis/build/icyphy/ptII/ptolemy/domains/sdf/lib/test/auto/MatrixJoin4.xml
3 ms. Memory: 151552K Free: 127388K (84%)
----------------- Invoking toplevel() on ptolemy.moml.MoMLSimpleApplication@562fb466
----------------- Done invoking toplevel() on ptolemy.moml.MoMLSimpleApplication@562fb466
reloadAllAccessors: .MatrixJoin4

===========================================================================================
----------------- testing Sun Jul 14 05:10:12 UTC 2019 /home/travis/build/icyphy/ptII/ptolemy/domains/sdf/lib/test/auto/MatrixJoin5.xml
----------------- Instantiating /home/travis/build/icyphy/ptII/ptolemy/domains/sdf/lib/test/auto/MatrixJoin5.xml
2 ms. Memory: 151552K Free: 123292K (81%)
----------------- Invoking toplevel() on ptolemy.moml.MoMLSimpleApplication@49f6038f
----------------- Done invoking toplevel() on ptolemy.moml.MoMLSimpleApplication@49f6038f
reloadAllAccessors: .MatrixJoin5

===========================================================================================
----------------- testing Sun Jul 14 05:10:12 UTC 2019 /home/travis/build/icyphy/ptII/ptolemy/domains/sdf/lib/test/auto/MatrixSplit1.xml
----------------- Instantiating /home/travis/build/icyphy/ptII/ptolemy/domains/sdf/lib/test/auto/MatrixSplit1.xml
3 ms. Memory: 151552K Free: 117658K (78%)
----------------- Invoking toplevel() on ptolemy.moml.MoMLSimpleApplication@2b0787a8
----------------- Done invoking toplevel() on ptolemy.moml.MoMLSimpleApplication@2b0787a8
reloadAllAccessors: .MatrixSplit1

===========================================================================================
----------------- testing Sun Jul 14 05:10:12 UTC 2019 /home/travis/build/icyphy/ptII/ptolemy/domains/sdf/lib/test/auto/MatrixSplit10.xml
----------------- Instantiating /home/travis/build/icyphy/ptII/ptolemy/domains/sdf/lib/test/auto/MatrixSplit10.xml
2 ms. Memory: 151552K Free: 114076K (75%)
----------------- Invoking toplevel() on ptolemy.moml.MoMLSimpleApplication@122c3735
----------------- Done invoking toplevel() on ptolemy.moml.MoMLSimpleApplication@122c3735
reloadAllAccessors: .MatrixSplit10

===========================================================================================
----------------- testing Sun Jul 14 05:10:12 UTC 2019 /home/travis/build/icyphy/ptII/ptolemy/domains/sdf/lib/test/auto/MatrixSplit11.xml
----------------- Instantiating /home/travis/build/icyphy/ptII/ptolemy/domains/sdf/lib/test/auto/MatrixSplit11.xml
2 ms. Memory: 151552K Free: 110490K (73%)
----------------- Invoking toplevel() on ptolemy.moml.MoMLSimpleApplication@4443d85a
----------------- Done invoking toplevel() on ptolemy.moml.MoMLSimpleApplication@4443d85a
reloadAllAccessors: .MatrixSplit11

===========================================================================================
----------------- testing Sun Jul 14 05:10:12 UTC 2019 /home/travis/build/icyphy/ptII/ptolemy/domains/sdf/lib/test/auto/MatrixSplit12.xml
----------------- Instantiating /home/travis/build/icyphy/ptII/ptolemy/domains/sdf/lib/test/auto/MatrixSplit12.xml
2 ms. Memory: 151552K Free: 106908K (71%)
----------------- Invoking toplevel() on ptolemy.moml.MoMLSimpleApplication@2c0d678f
----------------- Done invoking toplevel() on ptolemy.moml.MoMLSimpleApplication@2c0d678f
reloadAllAccessors: .MatrixSplit12

===========================================================================================
----------------- testing Sun Jul 14 05:10:12 UTC 2019 /home/travis/build/icyphy/ptII/ptolemy/domains/sdf/lib/test/auto/MatrixSplit13.xml
----------------- Instantiating /home/travis/build/icyphy/ptII/ptolemy/domains/sdf/lib/test/auto/MatrixSplit13.xml
6 ms. Memory: 151552K Free: 103322K (68%)
----------------- Invoking toplevel() on ptolemy.moml.MoMLSimpleApplication@6834806b
----------------- Done invoking toplevel() on ptolemy.moml.MoMLSimpleApplication@6834806b
reloadAllAccessors: .MatrixSplit13

===========================================================================================
----------------- testing Sun Jul 14 05:10:12 UTC 2019 /home/travis/build/icyphy/ptII/ptolemy/domains/sdf/lib/test/auto/MatrixSplit14.xml
----------------- Instantiating /home/travis/build/icyphy/ptII/ptolemy/domains/sdf/lib/test/auto/MatrixSplit14.xml
2 ms. Memory: 151552K Free: 99740K (66%)
----------------- Invoking toplevel() on ptolemy.moml.MoMLSimpleApplication@1bcfbc96
----------------- Done invoking toplevel() on ptolemy.moml.MoMLSimpleApplication@1bcfbc96
reloadAllAccessors: .MatrixSplit14

===========================================================================================
----------------- testing Sun Jul 14 05:10:12 UTC 2019 /home/travis/build/icyphy/ptII/ptolemy/domains/sdf/lib/test/auto/MatrixSplit2.xml
----------------- Instantiating /home/travis/build/icyphy/ptII/ptolemy/domains/sdf/lib/test/auto/MatrixSplit2.xml
2 ms. Memory: 151552K Free: 96154K (63%)
----------------- Invoking toplevel() on ptolemy.moml.MoMLSimpleApplication@115eda4c
----------------- Done invoking toplevel() on ptolemy.moml.MoMLSimpleApplication@115eda4c
reloadAllAccessors: .MatrixSplit2

===========================================================================================
----------------- testing Sun Jul 14 05:10:12 UTC 2019 /home/travis/build/icyphy/ptII/ptolemy/domains/sdf/lib/test/auto/MatrixSplit3.xml
----------------- Instantiating /home/travis/build/icyphy/ptII/ptolemy/domains/sdf/lib/test/auto/MatrixSplit3.xml
2 ms. Memory: 151552K Free: 92572K (61%)
----------------- Invoking toplevel() on ptolemy.moml.MoMLSimpleApplication@502ef045
----------------- Done invoking toplevel() on ptolemy.moml.MoMLSimpleApplication@502ef045
reloadAllAccessors: .MatrixSplit3

===========================================================================================
----------------- testing Sun Jul 14 05:10:12 UTC 2019 /home/travis/build/icyphy/ptII/ptolemy/domains/sdf/lib/test/auto/MatrixSplit4.xml
----------------- Instantiating /home/travis/build/icyphy/ptII/ptolemy/domains/sdf/lib/test/auto/MatrixSplit4.xml
10 ms. Memory: 151552K Free: 88986K (59%)
----------------- Invoking toplevel() on ptolemy.moml.MoMLSimpleApplication@fb887fe
----------------- Done invoking toplevel() on ptolemy.moml.MoMLSimpleApplication@fb887fe
reloadAllAccessors: .MatrixSplit4

===========================================================================================
----------------- testing Sun Jul 14 05:10:12 UTC 2019 /home/travis/build/icyphy/ptII/ptolemy/domains/sdf/lib/test/auto/MatrixSplit5.xml
----------------- Instantiating /home/travis/build/icyphy/ptII/ptolemy/domains/sdf/lib/test/auto/MatrixSplit5.xml
10 ms. Memory: 151552K Free: 85404K (56%)
----------------- Invoking toplevel() on ptolemy.moml.MoMLSimpleApplication@75bd5b66
----------------- Done invoking toplevel() on ptolemy.moml.MoMLSimpleApplication@75bd5b66
reloadAllAccessors: .MatrixSplit5

===========================================================================================
----------------- testing Sun Jul 14 05:10:12 UTC 2019 /home/travis/build/icyphy/ptII/ptolemy/domains/sdf/lib/test/auto/MatrixSplit6.xml
----------------- Instantiating /home/travis/build/icyphy/ptII/ptolemy/domains/sdf/lib/test/auto/MatrixSplit6.xml
3 ms. Memory: 151552K Free: 81818K (54%)
----------------- Invoking toplevel() on ptolemy.moml.MoMLSimpleApplication@4eadb50
----------------- Done invoking toplevel() on ptolemy.moml.MoMLSimpleApplication@4eadb50
reloadAllAccessors: .MatrixSplit6

===========================================================================================
----------------- testing Sun Jul 14 05:10:12 UTC 2019 /home/travis/build/icyphy/ptII/ptolemy/domains/sdf/lib/test/auto/MatrixSplit7.xml
----------------- Instantiating /home/travis/build/icyphy/ptII/ptolemy/domains/sdf/lib/test/auto/MatrixSplit7.xml
3 ms. Memory: 151552K Free: 78236K (52%)
----------------- Invoking toplevel() on ptolemy.moml.MoMLSimpleApplication@45b0d43a
----------------- Done invoking toplevel() on ptolemy.moml.MoMLSimpleApplication@45b0d43a
reloadAllAccessors: .MatrixSplit7

===========================================================================================
----------------- testing Sun Jul 14 05:10:12 UTC 2019 /home/travis/build/icyphy/ptII/ptolemy/domains/sdf/lib/test/auto/MatrixSplit8.xml
----------------- Instantiating /home/travis/build/icyphy/ptII/ptolemy/domains/sdf/lib/test/auto/MatrixSplit8.xml
2 ms. Memory: 151552K Free: 74651K (49%)
----------------- Invoking toplevel() on ptolemy.moml.MoMLSimpleApplication@75b0dcb1
----------------- Done invoking toplevel() on ptolemy.moml.MoMLSimpleApplication@75b0dcb1
reloadAllAccessors: .MatrixSplit8

===========================================================================================
----------------- testing Sun Jul 14 05:10:12 UTC 2019 /home/travis/build/icyphy/ptII/ptolemy/domains/sdf/lib/test/auto/MatrixSplit9.xml
----------------- Instantiating /home/travis/build/icyphy/ptII/ptolemy/domains/sdf/lib/test/auto/MatrixSplit9.xml
3 ms. Memory: 151552K Free: 71069K (47%)
----------------- Invoking toplevel() on ptolemy.moml.MoMLSimpleApplication@3c2b55f
----------------- Done invoking toplevel() on ptolemy.moml.MoMLSimpleApplication@3c2b55f
reloadAllAccessors: .MatrixSplit9

===========================================================================================
----------------- testing Sun Jul 14 05:10:12 UTC 2019 /home/travis/build/icyphy/ptII/ptolemy/domains/sdf/lib/test/auto/MatrixToSequence.xml
----------------- Instantiating /home/travis/build/icyphy/ptII/ptolemy/domains/sdf/lib/test/auto/MatrixToSequence.xml
15 ms. Memory: 151552K Free: 61853K (41%)
----------------- Invoking toplevel() on ptolemy.moml.MoMLSimpleApplication@623ae111
----------------- Done invoking toplevel() on ptolemy.moml.MoMLSimpleApplication@623ae111
reloadAllAccessors: .MatrixToSequence

===========================================================================================
----------------- testing Sun Jul 14 05:10:12 UTC 2019 /home/travis/build/icyphy/ptII/ptolemy/domains/sdf/lib/test/auto/MaximumEntropySpectrum.xml
----------------- Instantiating /home/travis/build/icyphy/ptII/ptolemy/domains/sdf/lib/test/auto/MaximumEntropySpectrum.xml
13 ms. Memory: 151552K Free: 125634K (83%)
----------------- Invoking toplevel() on ptolemy.moml.MoMLSimpleApplication@75e5eeb4
----------------- Done invoking toplevel() on ptolemy.moml.MoMLSimpleApplication@75e5eeb4
reloadAllAccessors: .MaximumEntropySpectrum

===========================================================================================
----------------- testing Sun Jul 14 05:10:13 UTC 2019 /home/travis/build/icyphy/ptII/ptolemy/domains/sdf/lib/test/auto/SampleDelayConversion.xml
----------------- Instantiating /home/travis/build/icyphy/ptII/ptolemy/domains/sdf/lib/test/auto/SampleDelayConversion.xml
2 ms. Memory: 151552K Free: 121538K (80%)
----------------- Invoking toplevel() on ptolemy.moml.MoMLSimpleApplication@5c39143d
----------------- Done invoking toplevel() on ptolemy.moml.MoMLSimpleApplication@5c39143d
reloadAllAccessors: .SampleDelayConversion

===========================================================================================
----------------- testing Sun Jul 14 05:10:13 UTC 2019 /home/travis/build/icyphy/ptII/ptolemy/domains/sdf/lib/test/auto/SequenceToArray.xml
----------------- Instantiating /home/travis/build/icyphy/ptII/ptolemy/domains/sdf/lib/test/auto/SequenceToArray.xml
11 ms. Memory: 151552K Free: 110788K (73%)
----------------- Invoking toplevel() on ptolemy.moml.MoMLSimpleApplication@628a0531
----------------- Done invoking toplevel() on ptolemy.moml.MoMLSimpleApplication@628a0531
reloadAllAccessors: .SequenceToArray

===========================================================================================
----------------- testing Sun Jul 14 05:10:13 UTC 2019 /home/travis/build/icyphy/ptII/ptolemy/domains/sdf/lib/test/auto/SequenceToMatrix.xml
----------------- Instantiating /home/travis/build/icyphy/ptII/ptolemy/domains/sdf/lib/test/auto/SequenceToMatrix.xml
3802 ms. Memory: 151552K Free: 50049K (33%)
----------------- Invoking toplevel() on ptolemy.moml.MoMLSimpleApplication@42b202e9
----------------- Done invoking toplevel() on ptolemy.moml.MoMLSimpleApplication@42b202e9
reloadAllAccessors: .SequenceToMatrix

===========================================================================================
----------------- testing Sun Jul 14 05:10:17 UTC 2019 /home/travis/build/icyphy/ptII/ptolemy/domains/sdf/lib/test/auto/SmoothedPeriodogram.xml
----------------- Instantiating /home/travis/build/icyphy/ptII/ptolemy/domains/sdf/lib/test/auto/SmoothedPeriodogram.xml
9 ms. Memory: 182272K Free: 153234K (84%)
----------------- Invoking toplevel() on ptolemy.moml.MoMLSimpleApplication@b64d9bb
----------------- Done invoking toplevel() on ptolemy.moml.MoMLSimpleApplication@b64d9bb
reloadAllAccessors: .SmoothedPeriodogram

===========================================================================================
----------------- testing Sun Jul 14 05:10:17 UTC 2019 /home/travis/build/icyphy/ptII/ptolemy/domains/sdf/lib/test/auto/UpDownSample1.xml
----------------- Instantiating /home/travis/build/icyphy/ptII/ptolemy/domains/sdf/lib/test/auto/UpDownSample1.xml
5 ms. Memory: 182272K Free: 149138K (82%)
----------------- Invoking toplevel() on ptolemy.moml.MoMLSimpleApplication@2579088
----------------- Done invoking toplevel() on ptolemy.moml.MoMLSimpleApplication@2579088
reloadAllAccessors: .UpDownSample1

===========================================================================================
----------------- testing Sun Jul 14 05:10:17 UTC 2019 /home/travis/build/icyphy/ptII/ptolemy/domains/sdf/lib/test/auto/UpSample1.xml
----------------- Instantiating /home/travis/build/icyphy/ptII/ptolemy/domains/sdf/lib/test/auto/UpSample1.xml
3 ms. Memory: 182272K Free: 145556K (80%)
----------------- Invoking toplevel() on ptolemy.moml.MoMLSimpleApplication@777f91a7
----------------- Done invoking toplevel() on ptolemy.moml.MoMLSimpleApplication@777f91a7
reloadAllAccessors: .UpSample1

===========================================================================================
----------------- testing Sun Jul 14 05:10:17 UTC 2019 /home/travis/build/icyphy/ptII/ptolemy/domains/sdf/lib/test/auto/VariableFIR.xml
----------------- Instantiating /home/travis/build/icyphy/ptII/ptolemy/domains/sdf/lib/test/auto/VariableFIR.xml
4 ms. Memory: 182272K Free: 140436K (77%)
----------------- Invoking toplevel() on ptolemy.moml.MoMLSimpleApplication@2af7d0cb
----------------- Done invoking toplevel() on ptolemy.moml.MoMLSimpleApplication@2af7d0cb
reloadAllAccessors: .VariableFIR

===========================================================================================
----------------- testing Sun Jul 14 05:10:17 UTC 2019 /home/travis/build/icyphy/ptII/ptolemy/domains/sdf/lib/test/auto/VariableFIR2.xml
----------------- Instantiating /home/travis/build/icyphy/ptII/ptolemy/domains/sdf/lib/test/auto/VariableFIR2.xml
3 ms. Memory: 182272K Free: 135316K (74%)
----------------- Invoking toplevel() on ptolemy.moml.MoMLSimpleApplication@4d3b3c57
----------------- Done invoking toplevel() on ptolemy.moml.MoMLSimpleApplication@4d3b3c57
reloadAllAccessors: .VariableFIR2

===========================================================================================
----------------- testing Sun Jul 14 05:10:17 UTC 2019 /home/travis/build/icyphy/ptII/ptolemy/domains/sdf/lib/test/auto/VariableLattice.xml
----------------- Instantiating /home/travis/build/icyphy/ptII/ptolemy/domains/sdf/lib/test/auto/VariableLattice.xml
5 ms. Memory: 182272K Free: 129172K (71%)
----------------- Invoking toplevel() on ptolemy.moml.MoMLSimpleApplication@788e686a
----------------- Done invoking toplevel() on ptolemy.moml.MoMLSimpleApplication@788e686a
reloadAllAccessors: .VariableLattice

===========================================================================================
----------------- testing Sun Jul 14 05:10:17 UTC 2019 /home/travis/build/icyphy/ptII/ptolemy/domains/sdf/lib/test/auto/VariableLattice2.xml
----------------- Instantiating /home/travis/build/icyphy/ptII/ptolemy/domains/sdf/lib/test/auto/VariableLattice2.xml
1.0
-1.999999602036
1.9099998677481
-0.9099996420674
0.205
0.0
0.0
1.0
-0.25
-0.5
0.0
0.0
0.0
0.0
5 ms. Memory: 182272K Free: 124562K (68%)
----------------- Invoking toplevel() on ptolemy.moml.MoMLSimpleApplication@2b818c30
----------------- Done invoking toplevel() on ptolemy.moml.MoMLSimpleApplication@2b818c30
reloadAllAccessors: .VariableLattice2

===========================================================================================
----------------- testing Sun Jul 14 05:10:17 UTC 2019 /home/travis/build/icyphy/ptII/ptolemy/domains/sdf/lib/test/auto/VariableRecursiveLattice.xml
----------------- Instantiating /home/travis/build/icyphy/ptII/ptolemy/domains/sdf/lib/test/auto/VariableRecursiveLattice.xml
4 ms. Memory: 182272K Free: 119956K (66%)
----------------- Invoking toplevel() on ptolemy.moml.MoMLSimpleApplication@12e75dd6
----------------- Done invoking toplevel() on ptolemy.moml.MoMLSimpleApplication@12e75dd6
reloadAllAccessors: .VariableRecursiveLattice

===========================================================================================
----------------- testing Sun Jul 14 05:10:17 UTC 2019 /home/travis/build/icyphy/ptII/ptolemy/domains/sdf/lib/test/auto/VariableRecursiveLattice2.xml
----------------- Instantiating /home/travis/build/icyphy/ptII/ptolemy/domains/sdf/lib/test/auto/VariableRecursiveLattice2.xml
2 ms. Memory: 182272K Free: 115346K (63%)
----------------- Invoking toplevel() on ptolemy.moml.MoMLSimpleApplication@58a72561
----------------- Done invoking toplevel() on ptolemy.moml.MoMLSimpleApplication@58a72561
reloadAllAccessors: .VariableRecursiveLattice2
AutoTests.java: About to close Vertx.
AutoTests.java: Vertx closed.
]]></system-out>
  <system-err><![CDATA[]]></system-err>
</testsuite>
