<?xml version="1.0" encoding="UTF-8" ?>
<testsuite errors="0" failures="0" hostname="travis-job-f099ea09-a828-4b4e-a11a-18b81091c044" name="ptolemy.domains.sdf.lib.test.junit.JUnitTclTest" skipped="0" tests="82" time="9.656" timestamp="2019-10-12T06:28:57">
  <properties>
[...]
</properties>
  <testcase classname="ptolemy.util.test.junit.TclTests" name="[0] /home/travis/build/icyphy/ptII/ptolemy/domains/sdf/lib/test/ArrayToSequence.tcl (RunTclFile)" time="0.557" />
  <testcase classname="ptolemy.util.test.junit.TclTests" name="[1] /home/travis/build/icyphy/ptII/ptolemy/domains/sdf/lib/test/BitsToInt.tcl (RunTclFile)" time="0.041" />
  <testcase classname="ptolemy.util.test.junit.TclTests" name="[2] /home/travis/build/icyphy/ptII/ptolemy/domains/sdf/lib/test/DelayLine.tcl (RunTclFile)" time="0.024" />
  <testcase classname="ptolemy.util.test.junit.TclTests" name="[3] /home/travis/build/icyphy/ptII/ptolemy/domains/sdf/lib/test/FFT.tcl (RunTclFile)" time="0.038" />
  <testcase classname="ptolemy.util.test.junit.TclTests" name="[4] /home/travis/build/icyphy/ptII/ptolemy/domains/sdf/lib/test/FIR.tcl (RunTclFile)" time="0.198" />
  <testcase classname="ptolemy.util.test.junit.TclTests" name="[5] /home/travis/build/icyphy/ptII/ptolemy/domains/sdf/lib/test/IntToBits.tcl (RunTclFile)" time="0.078" />
  <testcase classname="ptolemy.util.test.junit.TclTests" name="[6] /home/travis/build/icyphy/ptII/ptolemy/domains/sdf/lib/test/MaximumEntropySpectrum.tcl (RunTclFile)" time="0.396" />
  <testcase classname="ptolemy.util.test.junit.TclTests" name="[7] /home/travis/build/icyphy/ptII/ptolemy/domains/sdf/lib/test/Repeat.tcl (RunTclFile)" time="0.048" />
  <testcase classname="ptolemy.util.test.junit.TclTests" name="[8] /home/travis/build/icyphy/ptII/ptolemy/domains/sdf/lib/test/SampleDelay.tcl (RunTclFile)" time="0.083" />
  <testcase classname="ptolemy.util.test.junit.TclTests" name="[9] /home/travis/build/icyphy/ptII/ptolemy/domains/sdf/lib/test/SequenceToArray.tcl (RunTclFile)" time="0.096" />
  <testcase classname="ptolemy.util.test.junit.AutoKnownFailedTests" name="[0] ThereAreNoKnowFailedTests (RunModel)" time="0.003" />
  <testcase classname="ptolemy.util.test.junit.AutoNameArchTests" name="[0] ThereAreNoAutoArchTests (RunModel)" time="0.005" />
  <testcase classname="ptolemy.util.test.junit.AutoTests" name="[0] /home/travis/build/icyphy/ptII/ptolemy/domains/sdf/lib/test/auto/ArrayToSequence.xml (RunModel)" time="0.193" />
  <testcase classname="ptolemy.util.test.junit.AutoTests" name="[1] /home/travis/build/icyphy/ptII/ptolemy/domains/sdf/lib/test/auto/ArrayToSequenceTest.xml (RunModel)" time="0.067" />
  <testcase classname="ptolemy.util.test.junit.AutoTests" name="[2] /home/travis/build/icyphy/ptII/ptolemy/domains/sdf/lib/test/auto/Autocorrelation.xml (RunModel)" time="0.067" />
  <testcase classname="ptolemy.util.test.junit.AutoTests" name="[3] /home/travis/build/icyphy/ptII/ptolemy/domains/sdf/lib/test/auto/Autocorrelation2.xml (RunModel)" time="0.065" />
  <testcase classname="ptolemy.util.test.junit.AutoTests" name="[4] /home/travis/build/icyphy/ptII/ptolemy/domains/sdf/lib/test/auto/Autocorrelation3.xml (RunModel)" time="0.054" />
  <testcase classname="ptolemy.util.test.junit.AutoTests" name="[5] /home/travis/build/icyphy/ptII/ptolemy/domains/sdf/lib/test/auto/Autocorrelation4.xml (RunModel)" time="0.064" />
  <testcase classname="ptolemy.util.test.junit.AutoTests" name="[6] /home/travis/build/icyphy/ptII/ptolemy/domains/sdf/lib/test/auto/Autocorrelation5.xml (RunModel)" time="0.132" />
  <testcase classname="ptolemy.util.test.junit.AutoTests" name="[7] /home/travis/build/icyphy/ptII/ptolemy/domains/sdf/lib/test/auto/BitsToInt.xml (RunModel)" time="0.049" />
  <testcase classname="ptolemy.util.test.junit.AutoTests" name="[8] /home/travis/build/icyphy/ptII/ptolemy/domains/sdf/lib/test/auto/BooleanJoin.xml (RunModel)" time="0.057" />
  <testcase classname="ptolemy.util.test.junit.AutoTests" name="[9] /home/travis/build/icyphy/ptII/ptolemy/domains/sdf/lib/test/auto/BootstrapSampleDelay.xml (RunModel)" time="0.066" />
  <testcase classname="ptolemy.util.test.junit.AutoTests" name="[10] /home/travis/build/icyphy/ptII/ptolemy/domains/sdf/lib/test/auto/Chop.xml (RunModel)" time="0.082" />
  <testcase classname="ptolemy.util.test.junit.AutoTests" name="[11] /home/travis/build/icyphy/ptII/ptolemy/domains/sdf/lib/test/auto/Chop2.xml (RunModel)" time="0.067" />
  <testcase classname="ptolemy.util.test.junit.AutoTests" name="[12] /home/travis/build/icyphy/ptII/ptolemy/domains/sdf/lib/test/auto/ComplexJoin.xml (RunModel)" time="0.062" />
  <testcase classname="ptolemy.util.test.junit.AutoTests" name="[13] /home/travis/build/icyphy/ptII/ptolemy/domains/sdf/lib/test/auto/CountTrues.xml (RunModel)" time="0.038" />
  <testcase classname="ptolemy.util.test.junit.AutoTests" name="[14] /home/travis/build/icyphy/ptII/ptolemy/domains/sdf/lib/test/auto/DelayLine.xml (RunModel)" time="0.043" />
  <testcase classname="ptolemy.util.test.junit.AutoTests" name="[15] /home/travis/build/icyphy/ptII/ptolemy/domains/sdf/lib/test/auto/DotProduct.xml (RunModel)" time="0.03" />
  <testcase classname="ptolemy.util.test.junit.AutoTests" name="[16] /home/travis/build/icyphy/ptII/ptolemy/domains/sdf/lib/test/auto/DotProductMatrix.xml (RunModel)" time="0.018" />
  <testcase classname="ptolemy.util.test.junit.AutoTests" name="[17] /home/travis/build/icyphy/ptII/ptolemy/domains/sdf/lib/test/auto/DownSample1.xml (RunModel)" time="0.027" />
  <testcase classname="ptolemy.util.test.junit.AutoTests" name="[18] /home/travis/build/icyphy/ptII/ptolemy/domains/sdf/lib/test/auto/DynamicRateChange.xml (RunModel)" time="0.039" />
  <testcase classname="ptolemy.util.test.junit.AutoTests" name="[19] /home/travis/build/icyphy/ptII/ptolemy/domains/sdf/lib/test/auto/DynamicRates.xml (RunModel)" time="0.04" />
  <testcase classname="ptolemy.util.test.junit.AutoTests" name="[20] /home/travis/build/icyphy/ptII/ptolemy/domains/sdf/lib/test/auto/FFT1.xml (RunModel)" time="0.035" />
  <testcase classname="ptolemy.util.test.junit.AutoTests" name="[21] /home/travis/build/icyphy/ptII/ptolemy/domains/sdf/lib/test/auto/FIR1.xml (RunModel)" time="0.059" />
  <testcase classname="ptolemy.util.test.junit.AutoTests" name="[22] /home/travis/build/icyphy/ptII/ptolemy/domains/sdf/lib/test/auto/FIR2.xml (RunModel)" time="0.027" />
  <testcase classname="ptolemy.util.test.junit.AutoTests" name="[23] /home/travis/build/icyphy/ptII/ptolemy/domains/sdf/lib/test/auto/FIR4.xml (RunModel)" time="0.04" />
  <testcase classname="ptolemy.util.test.junit.AutoTests" name="[24] /home/travis/build/icyphy/ptII/ptolemy/domains/sdf/lib/test/auto/FixJoin.xml (RunModel)" time="0.063" />
  <testcase classname="ptolemy.util.test.junit.AutoTests" name="[25] /home/travis/build/icyphy/ptII/ptolemy/domains/sdf/lib/test/auto/IntJoin1.xml (RunModel)" time="0.02" />
  <testcase classname="ptolemy.util.test.junit.AutoTests" name="[26] /home/travis/build/icyphy/ptII/ptolemy/domains/sdf/lib/test/auto/IntJoin2.xml (RunModel)" time="0.019" />
  <testcase classname="ptolemy.util.test.junit.AutoTests" name="[27] /home/travis/build/icyphy/ptII/ptolemy/domains/sdf/lib/test/auto/IntJoin3.xml (RunModel)" time="0.021" />
  <testcase classname="ptolemy.util.test.junit.AutoTests" name="[28] /home/travis/build/icyphy/ptII/ptolemy/domains/sdf/lib/test/auto/IntJoin4.xml (RunModel)" time="0.029" />
  <testcase classname="ptolemy.util.test.junit.AutoTests" name="[29] /home/travis/build/icyphy/ptII/ptolemy/domains/sdf/lib/test/auto/IntJoin5.xml (RunModel)" time="0.027" />
  <testcase classname="ptolemy.util.test.junit.AutoTests" name="[30] /home/travis/build/icyphy/ptII/ptolemy/domains/sdf/lib/test/auto/IntToBits.xml (RunModel)" time="0.027" />
  <testcase classname="ptolemy.util.test.junit.AutoTests" name="[31] /home/travis/build/icyphy/ptII/ptolemy/domains/sdf/lib/test/auto/LMSAdaptive.xml (RunModel)" time="0.064" />
  <testcase classname="ptolemy.util.test.junit.AutoTests" name="[32] /home/travis/build/icyphy/ptII/ptolemy/domains/sdf/lib/test/auto/LMSAdaptiveFIR.xml (RunModel)" time="0.424" />
  <testcase classname="ptolemy.util.test.junit.AutoTests" name="[33] /home/travis/build/icyphy/ptII/ptolemy/domains/sdf/lib/test/auto/LMSAdaptiveFIR2.xml (RunModel)" time="0.465" />
  <testcase classname="ptolemy.util.test.junit.AutoTests" name="[34] /home/travis/build/icyphy/ptII/ptolemy/domains/sdf/lib/test/auto/LongJoin.xml (RunModel)" time="0.03" />
  <testcase classname="ptolemy.util.test.junit.AutoTests" name="[35] /home/travis/build/icyphy/ptII/ptolemy/domains/sdf/lib/test/auto/Matrix1.xml (RunModel)" time="0.022" />
  <testcase classname="ptolemy.util.test.junit.AutoTests" name="[36] /home/travis/build/icyphy/ptII/ptolemy/domains/sdf/lib/test/auto/Matrix2.xml (RunModel)" time="0.023" />
  <testcase classname="ptolemy.util.test.junit.AutoTests" name="[37] /home/travis/build/icyphy/ptII/ptolemy/domains/sdf/lib/test/auto/MatrixJoin1.xml (RunModel)" time="0.035" />
  <testcase classname="ptolemy.util.test.junit.AutoTests" name="[38] /home/travis/build/icyphy/ptII/ptolemy/domains/sdf/lib/test/auto/MatrixJoin2.xml (RunModel)" time="0.024" />
  <testcase classname="ptolemy.util.test.junit.AutoTests" name="[39] /home/travis/build/icyphy/ptII/ptolemy/domains/sdf/lib/test/auto/MatrixJoin3.xml (RunModel)" time="0.03" />
  <testcase classname="ptolemy.util.test.junit.AutoTests" name="[40] /home/travis/build/icyphy/ptII/ptolemy/domains/sdf/lib/test/auto/MatrixJoin4.xml (RunModel)" time="0.017" />
  <testcase classname="ptolemy.util.test.junit.AutoTests" name="[41] /home/travis/build/icyphy/ptII/ptolemy/domains/sdf/lib/test/auto/MatrixJoin5.xml (RunModel)" time="0.016" />
  <testcase classname="ptolemy.util.test.junit.AutoTests" name="[42] /home/travis/build/icyphy/ptII/ptolemy/domains/sdf/lib/test/auto/MatrixSplit1.xml (RunModel)" time="0.026" />
  <testcase classname="ptolemy.util.test.junit.AutoTests" name="[43] /home/travis/build/icyphy/ptII/ptolemy/domains/sdf/lib/test/auto/MatrixSplit10.xml (RunModel)" time="0.015" />
  <testcase classname="ptolemy.util.test.junit.AutoTests" name="[44] /home/travis/build/icyphy/ptII/ptolemy/domains/sdf/lib/test/auto/MatrixSplit11.xml (RunModel)" time="0.012" />
  <testcase classname="ptolemy.util.test.junit.AutoTests" name="[45] /home/travis/build/icyphy/ptII/ptolemy/domains/sdf/lib/test/auto/MatrixSplit12.xml (RunModel)" time="0.02" />
  <testcase classname="ptolemy.util.test.junit.AutoTests" name="[46] /home/travis/build/icyphy/ptII/ptolemy/domains/sdf/lib/test/auto/MatrixSplit13.xml (RunModel)" time="0.026" />
  <testcase classname="ptolemy.util.test.junit.AutoTests" name="[47] /home/travis/build/icyphy/ptII/ptolemy/domains/sdf/lib/test/auto/MatrixSplit14.xml (RunModel)" time="0.017" />
  <testcase classname="ptolemy.util.test.junit.AutoTests" name="[48] /home/travis/build/icyphy/ptII/ptolemy/domains/sdf/lib/test/auto/MatrixSplit2.xml (RunModel)" time="0.013" />
  <testcase classname="ptolemy.util.test.junit.AutoTests" name="[49] /home/travis/build/icyphy/ptII/ptolemy/domains/sdf/lib/test/auto/MatrixSplit3.xml (RunModel)" time="0.015" />
  <testcase classname="ptolemy.util.test.junit.AutoTests" name="[50] /home/travis/build/icyphy/ptII/ptolemy/domains/sdf/lib/test/auto/MatrixSplit4.xml (RunModel)" time="0.015" />
  <testcase classname="ptolemy.util.test.junit.AutoTests" name="[51] /home/travis/build/icyphy/ptII/ptolemy/domains/sdf/lib/test/auto/MatrixSplit5.xml (RunModel)" time="0.025" />
  <testcase classname="ptolemy.util.test.junit.AutoTests" name="[52] /home/travis/build/icyphy/ptII/ptolemy/domains/sdf/lib/test/auto/MatrixSplit6.xml (RunModel)" time="0.019" />
  <testcase classname="ptolemy.util.test.junit.AutoTests" name="[53] /home/travis/build/icyphy/ptII/ptolemy/domains/sdf/lib/test/auto/MatrixSplit7.xml (RunModel)" time="0.015" />
  <testcase classname="ptolemy.util.test.junit.AutoTests" name="[54] /home/travis/build/icyphy/ptII/ptolemy/domains/sdf/lib/test/auto/MatrixSplit8.xml (RunModel)" time="0.023" />
  <testcase classname="ptolemy.util.test.junit.AutoTests" name="[55] /home/travis/build/icyphy/ptII/ptolemy/domains/sdf/lib/test/auto/MatrixSplit9.xml (RunModel)" time="0.027" />
  <testcase classname="ptolemy.util.test.junit.AutoTests" name="[56] /home/travis/build/icyphy/ptII/ptolemy/domains/sdf/lib/test/auto/MatrixToSequence.xml (RunModel)" time="0.04" />
  <testcase classname="ptolemy.util.test.junit.AutoTests" name="[57] /home/travis/build/icyphy/ptII/ptolemy/domains/sdf/lib/test/auto/MaximumEntropySpectrum.xml (RunModel)" time="0.114" />
  <testcase classname="ptolemy.util.test.junit.AutoTests" name="[58] /home/travis/build/icyphy/ptII/ptolemy/domains/sdf/lib/test/auto/SampleDelayConversion.xml (RunModel)" time="0.02" />
  <testcase classname="ptolemy.util.test.junit.AutoTests" name="[59] /home/travis/build/icyphy/ptII/ptolemy/domains/sdf/lib/test/auto/SequenceToArray.xml (RunModel)" time="0.036" />
  <testcase classname="ptolemy.util.test.junit.AutoTests" name="[60] /home/travis/build/icyphy/ptII/ptolemy/domains/sdf/lib/test/auto/SequenceToMatrix.xml (RunModel)" time="3.929" />
  <testcase classname="ptolemy.util.test.junit.AutoTests" name="[61] /home/travis/build/icyphy/ptII/ptolemy/domains/sdf/lib/test/auto/SmoothedPeriodogram.xml (RunModel)" time="0.045" />
  <testcase classname="ptolemy.util.test.junit.AutoTests" name="[62] /home/travis/build/icyphy/ptII/ptolemy/domains/sdf/lib/test/auto/UpDownSample1.xml (RunModel)" time="0.033" />
  <testcase classname="ptolemy.util.test.junit.AutoTests" name="[63] /home/travis/build/icyphy/ptII/ptolemy/domains/sdf/lib/test/auto/UpSample1.xml (RunModel)" time="0.017" />
  <testcase classname="ptolemy.util.test.junit.AutoTests" name="[64] /home/travis/build/icyphy/ptII/ptolemy/domains/sdf/lib/test/auto/VariableFIR.xml (RunModel)" time="0.022" />
  <testcase classname="ptolemy.util.test.junit.AutoTests" name="[65] /home/travis/build/icyphy/ptII/ptolemy/domains/sdf/lib/test/auto/VariableFIR2.xml (RunModel)" time="0.022" />
  <testcase classname="ptolemy.util.test.junit.AutoTests" name="[66] /home/travis/build/icyphy/ptII/ptolemy/domains/sdf/lib/test/auto/VariableLattice.xml (RunModel)" time="0.026" />
  <testcase classname="ptolemy.util.test.junit.AutoTests" name="[67] /home/travis/build/icyphy/ptII/ptolemy/domains/sdf/lib/test/auto/VariableLattice2.xml (RunModel)" time="0.032" />
  <testcase classname="ptolemy.util.test.junit.AutoTests" name="[68] /home/travis/build/icyphy/ptII/ptolemy/domains/sdf/lib/test/auto/VariableRecursiveLattice.xml (RunModel)" time="0.032" />
  <testcase classname="ptolemy.util.test.junit.AutoTests" name="[69] /home/travis/build/icyphy/ptII/ptolemy/domains/sdf/lib/test/auto/VariableRecursiveLattice2.xml (RunModel)" time="0.015" />
  <system-out><![CDATA[/home/travis/build/icyphy/ptII/ptolemy/domains/sdf/lib/test/ArrayToSequence.tcl
testDefs.tcl: setting time out to 9000 seconds at Sat Oct 12 06:28:57 UTC 2019
109 ms. Memory: 120832K Free: 87493K (72%)
12 ms. Memory: 120832K Free: 85430K (71%)
13 ms. Memory: 120832K Free: 83397K (69%)
12 ms. Memory: 120832K Free: 81863K (68%)
/home/travis/build/icyphy/ptII/ptolemy/domains/sdf/lib/test/BitsToInt.tcl
12 ms. Memory: 120832K Free: 80318K (66%)
8 ms. Memory: 120832K Free: 78270K (65%)
/home/travis/build/icyphy/ptII/ptolemy/domains/sdf/lib/test/DelayLine.tcl
8 ms. Memory: 120832K Free: 76743K (64%)
/home/travis/build/icyphy/ptII/ptolemy/domains/sdf/lib/test/FFT.tcl
14 ms. Memory: 120832K Free: 74695K (62%)
/home/travis/build/icyphy/ptII/ptolemy/domains/sdf/lib/test/FIR.tcl
24 ms. Memory: 120832K Free: 73126K (61%)
95 ms. Memory: 120832K Free: 68551K (57%)
ptolemy.kernel.util.IllegalActionException: multiplyReverse method not supported between ptolemy.data.FixToken 'fix(-0.0625,6,2)' and ptolemy.data.IntToken '1' because the types are incomparable.
  in .top.FIRclone
Because:
multiplyReverse method not supported between ptolemy.data.FixToken 'fix(-0.0625,6,2)' and ptolemy.data.IntToken '1' because the types are incomparable.
26 ms. Memory: 120832K Free: 66503K (55%)
/home/travis/build/icyphy/ptII/ptolemy/domains/sdf/lib/test/IntToBits.tcl
14 ms. Memory: 120832K Free: 64950K (54%)
11 ms. Memory: 120832K Free: 63431K (52%)
/home/travis/build/icyphy/ptII/ptolemy/domains/sdf/lib/test/MaximumEntropySpectrum.tcl
/home/travis/build/icyphy/ptII/ptolemy/domains/sdf/lib/test/Repeat.tcl
15 ms. Memory: 120832K Free: 103701K (86%)
/home/travis/build/icyphy/ptII/ptolemy/domains/sdf/lib/test/SampleDelay.tcl
8 ms. Memory: 120832K Free: 101664K (84%)
13 ms. Memory: 120832K Free: 100647K (83%)
4 ms. Memory: 120832K Free: 100100K (83%)
8 ms. Memory: 120832K Free: 99087K (82%)
12 ms. Memory: 120832K Free: 98581K (82%)
2 ms. Memory: 120832K Free: 98047K (81%)
/home/travis/build/icyphy/ptII/ptolemy/domains/sdf/lib/test/SequenceToArray.tcl
5 ms. Memory: 120832K Free: 96533K (80%)
44 ms. Memory: 120832K Free: 105776K (88%)
11 ms. Memory: 120832K Free: 104264K (86%)
17 ms. Memory: 120832K Free: 103240K (85%)
10/12/19 06:28:59
Failed: 0  Total Tests: 41  ((Passed: 41, Newly Passed: 0)  Known Failed: 0) /home/travis/build/icyphy/ptII/ptolemy/domains/sdf/lib/test
No auto/knownFailedTests/*.xml tests in /home/travis/build/icyphy/ptII/ptolemy/domains/sdf/lib/test
No auto/linux-amd64/*.xml tests in /home/travis/build/icyphy/ptII/ptolemy/domains/sdf/lib/test
AutoTests.java: About to close Vertx.
AutoTests.java: Vertx closed.

===========================================================================================
----------------- testing Sat Oct 12 06:28:59 UTC 2019 /home/travis/build/icyphy/ptII/ptolemy/domains/sdf/lib/test/auto/ArrayToSequence.xml
----------------- Instantiating /home/travis/build/icyphy/ptII/ptolemy/domains/sdf/lib/test/auto/ArrayToSequence.xml
35 ms. Memory: 120832K Free: 85851K (71%)
----------------- Invoking toplevel() on ptolemy.moml.MoMLSimpleApplication@75c5e003
----------------- Done invoking toplevel() on ptolemy.moml.MoMLSimpleApplication@75c5e003
reloadAllAccessors: .ArrayToSequence

===========================================================================================
----------------- testing Sat Oct 12 06:28:59 UTC 2019 /home/travis/build/icyphy/ptII/ptolemy/domains/sdf/lib/test/auto/ArrayToSequenceTest.xml
----------------- Instantiating /home/travis/build/icyphy/ptII/ptolemy/domains/sdf/lib/test/auto/ArrayToSequenceTest.xml
31 ms. Memory: 120832K Free: 80041K (66%)
----------------- Invoking toplevel() on ptolemy.moml.MoMLSimpleApplication@1ba1adea
----------------- Done invoking toplevel() on ptolemy.moml.MoMLSimpleApplication@1ba1adea
reloadAllAccessors: .ArrayToSequenceTest

===========================================================================================
----------------- testing Sat Oct 12 06:28:59 UTC 2019 /home/travis/build/icyphy/ptII/ptolemy/domains/sdf/lib/test/auto/Autocorrelation.xml
----------------- Instantiating /home/travis/build/icyphy/ptII/ptolemy/domains/sdf/lib/test/auto/Autocorrelation.xml
4 ms. Memory: 120832K Free: 75283K (62%)
----------------- Invoking toplevel() on ptolemy.moml.MoMLSimpleApplication@7e6f79fa
----------------- Done invoking toplevel() on ptolemy.moml.MoMLSimpleApplication@7e6f79fa
reloadAllAccessors: .Autocorrelation

===========================================================================================
----------------- testing Sat Oct 12 06:28:59 UTC 2019 /home/travis/build/icyphy/ptII/ptolemy/domains/sdf/lib/test/auto/Autocorrelation2.xml
----------------- Instantiating /home/travis/build/icyphy/ptII/ptolemy/domains/sdf/lib/test/auto/Autocorrelation2.xml
11 ms. Memory: 120832K Free: 103888K (86%)
----------------- Invoking toplevel() on ptolemy.moml.MoMLSimpleApplication@5aab16cd
----------------- Done invoking toplevel() on ptolemy.moml.MoMLSimpleApplication@5aab16cd
reloadAllAccessors: .Autocorrelation2

===========================================================================================
----------------- testing Sat Oct 12 06:28:59 UTC 2019 /home/travis/build/icyphy/ptII/ptolemy/domains/sdf/lib/test/auto/Autocorrelation3.xml
----------------- Instantiating /home/travis/build/icyphy/ptII/ptolemy/domains/sdf/lib/test/auto/Autocorrelation3.xml
4 ms. Memory: 120832K Free: 99792K (83%)
----------------- Invoking toplevel() on ptolemy.moml.MoMLSimpleApplication@7dcba8f3
----------------- Done invoking toplevel() on ptolemy.moml.MoMLSimpleApplication@7dcba8f3
reloadAllAccessors: .Autocorrelation3

===========================================================================================
----------------- testing Sat Oct 12 06:28:59 UTC 2019 /home/travis/build/icyphy/ptII/ptolemy/domains/sdf/lib/test/auto/Autocorrelation4.xml
----------------- Instantiating /home/travis/build/icyphy/ptII/ptolemy/domains/sdf/lib/test/auto/Autocorrelation4.xml
5 ms. Memory: 120832K Free: 95696K (79%)
----------------- Invoking toplevel() on ptolemy.moml.MoMLSimpleApplication@7551db05
----------------- Done invoking toplevel() on ptolemy.moml.MoMLSimpleApplication@7551db05
reloadAllAccessors: .Autocorrelation4

===========================================================================================
----------------- testing Sat Oct 12 06:28:59 UTC 2019 /home/travis/build/icyphy/ptII/ptolemy/domains/sdf/lib/test/auto/Autocorrelation5.xml
----------------- Instantiating /home/travis/build/icyphy/ptII/ptolemy/domains/sdf/lib/test/auto/Autocorrelation5.xml
45 ms. Memory: 120832K Free: 88221K (73%)
----------------- Invoking toplevel() on ptolemy.moml.MoMLSimpleApplication@e246718
----------------- Done invoking toplevel() on ptolemy.moml.MoMLSimpleApplication@e246718
reloadAllAccessors: .Autocorrelation5

===========================================================================================
----------------- testing Sat Oct 12 06:29:00 UTC 2019 /home/travis/build/icyphy/ptII/ptolemy/domains/sdf/lib/test/auto/BitsToInt.xml
----------------- Instantiating /home/travis/build/icyphy/ptII/ptolemy/domains/sdf/lib/test/auto/BitsToInt.xml
3 ms. Memory: 120832K Free: 85442K (71%)
----------------- Invoking toplevel() on ptolemy.moml.MoMLSimpleApplication@871167b
----------------- Done invoking toplevel() on ptolemy.moml.MoMLSimpleApplication@871167b
reloadAllAccessors: .BitsToInt

===========================================================================================
----------------- testing Sat Oct 12 06:29:00 UTC 2019 /home/travis/build/icyphy/ptII/ptolemy/domains/sdf/lib/test/auto/BooleanJoin.xml
----------------- Instantiating /home/travis/build/icyphy/ptII/ptolemy/domains/sdf/lib/test/auto/BooleanJoin.xml
8 ms. Memory: 120832K Free: 80683K (67%)
----------------- Invoking toplevel() on ptolemy.moml.MoMLSimpleApplication@7a00facd
----------------- Done invoking toplevel() on ptolemy.moml.MoMLSimpleApplication@7a00facd
reloadAllAccessors: .BooleanJoin

===========================================================================================
----------------- testing Sat Oct 12 06:29:00 UTC 2019 /home/travis/build/icyphy/ptII/ptolemy/domains/sdf/lib/test/auto/BootstrapSampleDelay.xml
----------------- Instantiating /home/travis/build/icyphy/ptII/ptolemy/domains/sdf/lib/test/auto/BootstrapSampleDelay.xml
12 ms. Memory: 120832K Free: 76911K (64%)
----------------- Invoking toplevel() on ptolemy.moml.MoMLSimpleApplication@5be22f78
----------------- Done invoking toplevel() on ptolemy.moml.MoMLSimpleApplication@5be22f78
reloadAllAccessors: .BootstrapSampleDelay

===========================================================================================
----------------- testing Sat Oct 12 06:29:00 UTC 2019 /home/travis/build/icyphy/ptII/ptolemy/domains/sdf/lib/test/auto/Chop.xml
----------------- Instantiating /home/travis/build/icyphy/ptII/ptolemy/domains/sdf/lib/test/auto/Chop.xml
13 ms. Memory: 120832K Free: 69767K (58%)
----------------- Invoking toplevel() on ptolemy.moml.MoMLSimpleApplication@4c64f844
----------------- Done invoking toplevel() on ptolemy.moml.MoMLSimpleApplication@4c64f844
reloadAllAccessors: .Chop

===========================================================================================
----------------- testing Sat Oct 12 06:29:00 UTC 2019 /home/travis/build/icyphy/ptII/ptolemy/domains/sdf/lib/test/auto/Chop2.xml
----------------- Instantiating /home/travis/build/icyphy/ptII/ptolemy/domains/sdf/lib/test/auto/Chop2.xml
5 ms. Memory: 120832K Free: 63623K (53%)
----------------- Invoking toplevel() on ptolemy.moml.MoMLSimpleApplication@198c26fd
----------------- Done invoking toplevel() on ptolemy.moml.MoMLSimpleApplication@198c26fd
reloadAllAccessors: .Chop2

===========================================================================================
----------------- testing Sat Oct 12 06:29:00 UTC 2019 /home/travis/build/icyphy/ptII/ptolemy/domains/sdf/lib/test/auto/ComplexJoin.xml
----------------- Instantiating /home/travis/build/icyphy/ptII/ptolemy/domains/sdf/lib/test/auto/ComplexJoin.xml
11 ms. Memory: 120832K Free: 105364K (87%)
----------------- Invoking toplevel() on ptolemy.moml.MoMLSimpleApplication@73f65c09
----------------- Done invoking toplevel() on ptolemy.moml.MoMLSimpleApplication@73f65c09
reloadAllAccessors: .ComplexJoin

===========================================================================================
----------------- testing Sat Oct 12 06:29:00 UTC 2019 /home/travis/build/icyphy/ptII/ptolemy/domains/sdf/lib/test/auto/CountTrues.xml
----------------- Instantiating /home/travis/build/icyphy/ptII/ptolemy/domains/sdf/lib/test/auto/CountTrues.xml
4 ms. Memory: 120832K Free: 101507K (84%)
----------------- Invoking toplevel() on ptolemy.moml.MoMLSimpleApplication@1e2543f5
----------------- Done invoking toplevel() on ptolemy.moml.MoMLSimpleApplication@1e2543f5
reloadAllAccessors: .CountTrues

===========================================================================================
----------------- testing Sat Oct 12 06:29:00 UTC 2019 /home/travis/build/icyphy/ptII/ptolemy/domains/sdf/lib/test/auto/DelayLine.xml
----------------- Instantiating /home/travis/build/icyphy/ptII/ptolemy/domains/sdf/lib/test/auto/DelayLine.xml
8 ms. Memory: 120832K Free: 96758K (80%)
----------------- Invoking toplevel() on ptolemy.moml.MoMLSimpleApplication@747c9a49
----------------- Done invoking toplevel() on ptolemy.moml.MoMLSimpleApplication@747c9a49
reloadAllAccessors: .DelayLine

===========================================================================================
----------------- testing Sat Oct 12 06:29:00 UTC 2019 /home/travis/build/icyphy/ptII/ptolemy/domains/sdf/lib/test/auto/DotProduct.xml
----------------- Instantiating /home/travis/build/icyphy/ptII/ptolemy/domains/sdf/lib/test/auto/DotProduct.xml
5 ms. Memory: 120832K Free: 93686K (78%)
----------------- Invoking toplevel() on ptolemy.moml.MoMLSimpleApplication@50959b2a
----------------- Done invoking toplevel() on ptolemy.moml.MoMLSimpleApplication@50959b2a
reloadAllAccessors: .DotProduct

===========================================================================================
----------------- testing Sat Oct 12 06:29:00 UTC 2019 /home/travis/build/icyphy/ptII/ptolemy/domains/sdf/lib/test/auto/DotProductMatrix.xml
----------------- Instantiating /home/travis/build/icyphy/ptII/ptolemy/domains/sdf/lib/test/auto/DotProductMatrix.xml
8 ms. Memory: 120832K Free: 90614K (75%)
----------------- Invoking toplevel() on ptolemy.moml.MoMLSimpleApplication@3f36eda9
----------------- Done invoking toplevel() on ptolemy.moml.MoMLSimpleApplication@3f36eda9
reloadAllAccessors: .DotProductMatrix

===========================================================================================
----------------- testing Sat Oct 12 06:29:00 UTC 2019 /home/travis/build/icyphy/ptII/ptolemy/domains/sdf/lib/test/auto/DownSample1.xml
----------------- Instantiating /home/travis/build/icyphy/ptII/ptolemy/domains/sdf/lib/test/auto/DownSample1.xml
5 ms. Memory: 120832K Free: 87802K (73%)
----------------- Invoking toplevel() on ptolemy.moml.MoMLSimpleApplication@4586cd9b
----------------- Done invoking toplevel() on ptolemy.moml.MoMLSimpleApplication@4586cd9b
reloadAllAccessors: .DownSample1

===========================================================================================
----------------- testing Sat Oct 12 06:29:00 UTC 2019 /home/travis/build/icyphy/ptII/ptolemy/domains/sdf/lib/test/auto/DynamicRateChange.xml
----------------- Instantiating /home/travis/build/icyphy/ptII/ptolemy/domains/sdf/lib/test/auto/DynamicRateChange.xml
14 ms. Memory: 120832K Free: 82051K (68%)
----------------- Invoking toplevel() on ptolemy.moml.MoMLSimpleApplication@e82be3d
----------------- Done invoking toplevel() on ptolemy.moml.MoMLSimpleApplication@e82be3d
reloadAllAccessors: .DynamicRateChange

===========================================================================================
----------------- testing Sat Oct 12 06:29:00 UTC 2019 /home/travis/build/icyphy/ptII/ptolemy/domains/sdf/lib/test/auto/DynamicRates.xml
----------------- Instantiating /home/travis/build/icyphy/ptII/ptolemy/domains/sdf/lib/test/auto/DynamicRates.xml
12 ms. Memory: 120832K Free: 76931K (64%)
----------------- Invoking toplevel() on ptolemy.moml.MoMLSimpleApplication@f93a5e4
----------------- Done invoking toplevel() on ptolemy.moml.MoMLSimpleApplication@f93a5e4
reloadAllAccessors: .DynamicRates

===========================================================================================
----------------- testing Sat Oct 12 06:29:00 UTC 2019 /home/travis/build/icyphy/ptII/ptolemy/domains/sdf/lib/test/auto/FFT1.xml
----------------- Instantiating /home/travis/build/icyphy/ptII/ptolemy/domains/sdf/lib/test/auto/FFT1.xml
10 ms. Memory: 120832K Free: 72436K (60%)
----------------- Invoking toplevel() on ptolemy.moml.MoMLSimpleApplication@3600b76
----------------- Done invoking toplevel() on ptolemy.moml.MoMLSimpleApplication@3600b76
reloadAllAccessors: .FFT1

===========================================================================================
----------------- testing Sat Oct 12 06:29:00 UTC 2019 /home/travis/build/icyphy/ptII/ptolemy/domains/sdf/lib/test/auto/FIR1.xml
----------------- Instantiating /home/travis/build/icyphy/ptII/ptolemy/domains/sdf/lib/test/auto/FIR1.xml
25 ms. Memory: 120832K Free: 65298K (54%)
----------------- Invoking toplevel() on ptolemy.moml.MoMLSimpleApplication@6445158c
----------------- Done invoking toplevel() on ptolemy.moml.MoMLSimpleApplication@6445158c
reloadAllAccessors: .FIR1

===========================================================================================
----------------- testing Sat Oct 12 06:29:00 UTC 2019 /home/travis/build/icyphy/ptII/ptolemy/domains/sdf/lib/test/auto/FIR2.xml
----------------- Instantiating /home/travis/build/icyphy/ptII/ptolemy/domains/sdf/lib/test/auto/FIR2.xml
7 ms. Memory: 120832K Free: 61942K (51%)
----------------- Invoking toplevel() on ptolemy.moml.MoMLSimpleApplication@365659c7
----------------- Done invoking toplevel() on ptolemy.moml.MoMLSimpleApplication@365659c7
reloadAllAccessors: .FIR2

===========================================================================================
----------------- testing Sat Oct 12 06:29:00 UTC 2019 /home/travis/build/icyphy/ptII/ptolemy/domains/sdf/lib/test/auto/FIR4.xml
----------------- Instantiating /home/travis/build/icyphy/ptII/ptolemy/domains/sdf/lib/test/auto/FIR4.xml
6 ms. Memory: 120832K Free: 54774K (45%)
----------------- Invoking toplevel() on ptolemy.moml.MoMLSimpleApplication@805f1
----------------- Done invoking toplevel() on ptolemy.moml.MoMLSimpleApplication@805f1
reloadAllAccessors: .FIR4

===========================================================================================
----------------- testing Sat Oct 12 06:29:00 UTC 2019 /home/travis/build/icyphy/ptII/ptolemy/domains/sdf/lib/test/auto/FixJoin.xml
----------------- Instantiating /home/travis/build/icyphy/ptII/ptolemy/domains/sdf/lib/test/auto/FixJoin.xml
14 ms. Memory: 120832K Free: 105611K (87%)
----------------- Invoking toplevel() on ptolemy.moml.MoMLSimpleApplication@37e9f4e
----------------- Done invoking toplevel() on ptolemy.moml.MoMLSimpleApplication@37e9f4e
reloadAllAccessors: .FixJoin

===========================================================================================
----------------- testing Sat Oct 12 06:29:00 UTC 2019 /home/travis/build/icyphy/ptII/ptolemy/domains/sdf/lib/test/auto/IntJoin1.xml
----------------- Instantiating /home/travis/build/icyphy/ptII/ptolemy/domains/sdf/lib/test/auto/IntJoin1.xml
2 ms. Memory: 120832K Free: 100829K (83%)
----------------- Invoking toplevel() on ptolemy.moml.MoMLSimpleApplication@3d390536
----------------- Done invoking toplevel() on ptolemy.moml.MoMLSimpleApplication@3d390536
reloadAllAccessors: .IntJoin1

===========================================================================================
----------------- testing Sat Oct 12 06:29:00 UTC 2019 /home/travis/build/icyphy/ptII/ptolemy/domains/sdf/lib/test/auto/IntJoin2.xml
----------------- Instantiating /home/travis/build/icyphy/ptII/ptolemy/domains/sdf/lib/test/auto/IntJoin2.xml
2 ms. Memory: 120832K Free: 96687K (80%)
----------------- Invoking toplevel() on ptolemy.moml.MoMLSimpleApplication@2d27c7cc
----------------- Done invoking toplevel() on ptolemy.moml.MoMLSimpleApplication@2d27c7cc
reloadAllAccessors: .IntJoin2

===========================================================================================
----------------- testing Sat Oct 12 06:29:00 UTC 2019 /home/travis/build/icyphy/ptII/ptolemy/domains/sdf/lib/test/auto/IntJoin3.xml
----------------- Instantiating /home/travis/build/icyphy/ptII/ptolemy/domains/sdf/lib/test/auto/IntJoin3.xml
3 ms. Memory: 120832K Free: 92205K (76%)
----------------- Invoking toplevel() on ptolemy.moml.MoMLSimpleApplication@45fa98d1
----------------- Done invoking toplevel() on ptolemy.moml.MoMLSimpleApplication@45fa98d1
reloadAllAccessors: .IntJoin3

===========================================================================================
----------------- testing Sat Oct 12 06:29:01 UTC 2019 /home/travis/build/icyphy/ptII/ptolemy/domains/sdf/lib/test/auto/IntJoin4.xml
----------------- Instantiating /home/travis/build/icyphy/ptII/ptolemy/domains/sdf/lib/test/auto/IntJoin4.xml
3 ms. Memory: 120832K Free: 87803K (73%)
----------------- Invoking toplevel() on ptolemy.moml.MoMLSimpleApplication@5346baa1
----------------- Done invoking toplevel() on ptolemy.moml.MoMLSimpleApplication@5346baa1
reloadAllAccessors: .IntJoin4

===========================================================================================
----------------- testing Sat Oct 12 06:29:01 UTC 2019 /home/travis/build/icyphy/ptII/ptolemy/domains/sdf/lib/test/auto/IntJoin5.xml
----------------- Instantiating /home/travis/build/icyphy/ptII/ptolemy/domains/sdf/lib/test/auto/IntJoin5.xml
2 ms. Memory: 120832K Free: 83699K (69%)
----------------- Invoking toplevel() on ptolemy.moml.MoMLSimpleApplication@3d1057d6
----------------- Done invoking toplevel() on ptolemy.moml.MoMLSimpleApplication@3d1057d6
reloadAllAccessors: .IntJoin5

===========================================================================================
----------------- testing Sat Oct 12 06:29:01 UTC 2019 /home/travis/build/icyphy/ptII/ptolemy/domains/sdf/lib/test/auto/IntToBits.xml
----------------- Instantiating /home/travis/build/icyphy/ptII/ptolemy/domains/sdf/lib/test/auto/IntToBits.xml
8 ms. Memory: 120832K Free: 80335K (66%)
----------------- Invoking toplevel() on ptolemy.moml.MoMLSimpleApplication@43eed2db
----------------- Done invoking toplevel() on ptolemy.moml.MoMLSimpleApplication@43eed2db
reloadAllAccessors: .IntToBits

===========================================================================================
----------------- testing Sat Oct 12 06:29:01 UTC 2019 /home/travis/build/icyphy/ptII/ptolemy/domains/sdf/lib/test/auto/LMSAdaptive.xml
----------------- Instantiating /home/travis/build/icyphy/ptII/ptolemy/domains/sdf/lib/test/auto/LMSAdaptive.xml
13 ms. Memory: 120832K Free: 72409K (60%)
----------------- Invoking toplevel() on ptolemy.moml.MoMLSimpleApplication@99b4155
----------------- Done invoking toplevel() on ptolemy.moml.MoMLSimpleApplication@99b4155
reloadAllAccessors: .LMSAdaptive

===========================================================================================
----------------- testing Sat Oct 12 06:29:01 UTC 2019 /home/travis/build/icyphy/ptII/ptolemy/domains/sdf/lib/test/auto/LMSAdaptiveFIR.xml
----------------- Instantiating /home/travis/build/icyphy/ptII/ptolemy/domains/sdf/lib/test/auto/LMSAdaptiveFIR.xml
291 ms. Memory: 151552K Free: 126190K (83%)
----------------- Invoking toplevel() on ptolemy.moml.MoMLSimpleApplication@5a2567f2
----------------- Done invoking toplevel() on ptolemy.moml.MoMLSimpleApplication@5a2567f2
reloadAllAccessors: .LMSAdaptiveFIR

===========================================================================================
----------------- testing Sat Oct 12 06:29:01 UTC 2019 /home/travis/build/icyphy/ptII/ptolemy/domains/sdf/lib/test/auto/LMSAdaptiveFIR2.xml
----------------- Instantiating /home/travis/build/icyphy/ptII/ptolemy/domains/sdf/lib/test/auto/LMSAdaptiveFIR2.xml
363 ms. Memory: 151552K Free: 67797K (45%)
----------------- Invoking toplevel() on ptolemy.moml.MoMLSimpleApplication@abc6562
----------------- Done invoking toplevel() on ptolemy.moml.MoMLSimpleApplication@abc6562
reloadAllAccessors: .LMSAdaptiveFIR2

===========================================================================================
----------------- testing Sat Oct 12 06:29:02 UTC 2019 /home/travis/build/icyphy/ptII/ptolemy/domains/sdf/lib/test/auto/LongJoin.xml
----------------- Instantiating /home/travis/build/icyphy/ptII/ptolemy/domains/sdf/lib/test/auto/LongJoin.xml
4 ms. Memory: 151552K Free: 63324K (42%)
----------------- Invoking toplevel() on ptolemy.moml.MoMLSimpleApplication@32b41427
----------------- Done invoking toplevel() on ptolemy.moml.MoMLSimpleApplication@32b41427
reloadAllAccessors: .LongJoin

===========================================================================================
----------------- testing Sat Oct 12 06:29:02 UTC 2019 /home/travis/build/icyphy/ptII/ptolemy/domains/sdf/lib/test/auto/Matrix1.xml
----------------- Instantiating /home/travis/build/icyphy/ptII/ptolemy/domains/sdf/lib/test/auto/Matrix1.xml
3 ms. Memory: 151552K Free: 132885K (88%)
----------------- Invoking toplevel() on ptolemy.moml.MoMLSimpleApplication@1c637776
----------------- Done invoking toplevel() on ptolemy.moml.MoMLSimpleApplication@1c637776
reloadAllAccessors: .Matrix1

===========================================================================================
----------------- testing Sat Oct 12 06:29:02 UTC 2019 /home/travis/build/icyphy/ptII/ptolemy/domains/sdf/lib/test/auto/Matrix2.xml
----------------- Instantiating /home/travis/build/icyphy/ptII/ptolemy/domains/sdf/lib/test/auto/Matrix2.xml
4 ms. Memory: 151552K Free: 128803K (85%)
----------------- Invoking toplevel() on ptolemy.moml.MoMLSimpleApplication@75707a2
----------------- Done invoking toplevel() on ptolemy.moml.MoMLSimpleApplication@75707a2
reloadAllAccessors: .Matrix2

===========================================================================================
----------------- testing Sat Oct 12 06:29:02 UTC 2019 /home/travis/build/icyphy/ptII/ptolemy/domains/sdf/lib/test/auto/MatrixJoin1.xml
----------------- Instantiating /home/travis/build/icyphy/ptII/ptolemy/domains/sdf/lib/test/auto/MatrixJoin1.xml
2 ms. Memory: 151552K Free: 124693K (82%)
----------------- Invoking toplevel() on ptolemy.moml.MoMLSimpleApplication@3a0cf688
----------------- Done invoking toplevel() on ptolemy.moml.MoMLSimpleApplication@3a0cf688
reloadAllAccessors: .MatrixJoin1

===========================================================================================
----------------- testing Sat Oct 12 06:29:02 UTC 2019 /home/travis/build/icyphy/ptII/ptolemy/domains/sdf/lib/test/auto/MatrixJoin2.xml
----------------- Instantiating /home/travis/build/icyphy/ptII/ptolemy/domains/sdf/lib/test/auto/MatrixJoin2.xml
3 ms. Memory: 151552K Free: 119587K (79%)
----------------- Invoking toplevel() on ptolemy.moml.MoMLSimpleApplication@7817bab7
----------------- Done invoking toplevel() on ptolemy.moml.MoMLSimpleApplication@7817bab7
reloadAllAccessors: .MatrixJoin2

===========================================================================================
----------------- testing Sat Oct 12 06:29:02 UTC 2019 /home/travis/build/icyphy/ptII/ptolemy/domains/sdf/lib/test/auto/MatrixJoin3.xml
----------------- Instantiating /home/travis/build/icyphy/ptII/ptolemy/domains/sdf/lib/test/auto/MatrixJoin3.xml
7 ms. Memory: 151552K Free: 115491K (76%)
----------------- Invoking toplevel() on ptolemy.moml.MoMLSimpleApplication@130647f2
----------------- Done invoking toplevel() on ptolemy.moml.MoMLSimpleApplication@130647f2
reloadAllAccessors: .MatrixJoin3

===========================================================================================
----------------- testing Sat Oct 12 06:29:02 UTC 2019 /home/travis/build/icyphy/ptII/ptolemy/domains/sdf/lib/test/auto/MatrixJoin4.xml
----------------- Instantiating /home/travis/build/icyphy/ptII/ptolemy/domains/sdf/lib/test/auto/MatrixJoin4.xml
1 ms. Memory: 151552K Free: 111383K (73%)
----------------- Invoking toplevel() on ptolemy.moml.MoMLSimpleApplication@60a6eae0
----------------- Done invoking toplevel() on ptolemy.moml.MoMLSimpleApplication@60a6eae0
reloadAllAccessors: .MatrixJoin4

===========================================================================================
----------------- testing Sat Oct 12 06:29:02 UTC 2019 /home/travis/build/icyphy/ptII/ptolemy/domains/sdf/lib/test/auto/MatrixJoin5.xml
----------------- Instantiating /home/travis/build/icyphy/ptII/ptolemy/domains/sdf/lib/test/auto/MatrixJoin5.xml
1 ms. Memory: 151552K Free: 106794K (70%)
----------------- Invoking toplevel() on ptolemy.moml.MoMLSimpleApplication@7ac8f95f
----------------- Done invoking toplevel() on ptolemy.moml.MoMLSimpleApplication@7ac8f95f
reloadAllAccessors: .MatrixJoin5

===========================================================================================
----------------- testing Sat Oct 12 06:29:02 UTC 2019 /home/travis/build/icyphy/ptII/ptolemy/domains/sdf/lib/test/auto/MatrixSplit1.xml
----------------- Instantiating /home/travis/build/icyphy/ptII/ptolemy/domains/sdf/lib/test/auto/MatrixSplit1.xml
2 ms. Memory: 151552K Free: 101155K (67%)
----------------- Invoking toplevel() on ptolemy.moml.MoMLSimpleApplication@271cc78e
----------------- Done invoking toplevel() on ptolemy.moml.MoMLSimpleApplication@271cc78e
reloadAllAccessors: .MatrixSplit1

===========================================================================================
----------------- testing Sat Oct 12 06:29:02 UTC 2019 /home/travis/build/icyphy/ptII/ptolemy/domains/sdf/lib/test/auto/MatrixSplit10.xml
----------------- Instantiating /home/travis/build/icyphy/ptII/ptolemy/domains/sdf/lib/test/auto/MatrixSplit10.xml
2 ms. Memory: 151552K Free: 97567K (64%)
----------------- Invoking toplevel() on ptolemy.moml.MoMLSimpleApplication@743d6d7b
----------------- Done invoking toplevel() on ptolemy.moml.MoMLSimpleApplication@743d6d7b
reloadAllAccessors: .MatrixSplit10

===========================================================================================
----------------- testing Sat Oct 12 06:29:02 UTC 2019 /home/travis/build/icyphy/ptII/ptolemy/domains/sdf/lib/test/auto/MatrixSplit11.xml
----------------- Instantiating /home/travis/build/icyphy/ptII/ptolemy/domains/sdf/lib/test/auto/MatrixSplit11.xml
2 ms. Memory: 151552K Free: 93987K (62%)
----------------- Invoking toplevel() on ptolemy.moml.MoMLSimpleApplication@424a55f4
----------------- Done invoking toplevel() on ptolemy.moml.MoMLSimpleApplication@424a55f4
reloadAllAccessors: .MatrixSplit11

===========================================================================================
----------------- testing Sat Oct 12 06:29:02 UTC 2019 /home/travis/build/icyphy/ptII/ptolemy/domains/sdf/lib/test/auto/MatrixSplit12.xml
----------------- Instantiating /home/travis/build/icyphy/ptII/ptolemy/domains/sdf/lib/test/auto/MatrixSplit12.xml
2 ms. Memory: 151552K Free: 90410K (60%)
----------------- Invoking toplevel() on ptolemy.moml.MoMLSimpleApplication@37f1d6cf
----------------- Done invoking toplevel() on ptolemy.moml.MoMLSimpleApplication@37f1d6cf
reloadAllAccessors: .MatrixSplit12

===========================================================================================
----------------- testing Sat Oct 12 06:29:02 UTC 2019 /home/travis/build/icyphy/ptII/ptolemy/domains/sdf/lib/test/auto/MatrixSplit13.xml
----------------- Instantiating /home/travis/build/icyphy/ptII/ptolemy/domains/sdf/lib/test/auto/MatrixSplit13.xml
3 ms. Memory: 151552K Free: 86807K (57%)
----------------- Invoking toplevel() on ptolemy.moml.MoMLSimpleApplication@697351b8
----------------- Done invoking toplevel() on ptolemy.moml.MoMLSimpleApplication@697351b8
reloadAllAccessors: .MatrixSplit13

===========================================================================================
----------------- testing Sat Oct 12 06:29:02 UTC 2019 /home/travis/build/icyphy/ptII/ptolemy/domains/sdf/lib/test/auto/MatrixSplit14.xml
----------------- Instantiating /home/travis/build/icyphy/ptII/ptolemy/domains/sdf/lib/test/auto/MatrixSplit14.xml
3 ms. Memory: 151552K Free: 83231K (55%)
----------------- Invoking toplevel() on ptolemy.moml.MoMLSimpleApplication@37441ada
----------------- Done invoking toplevel() on ptolemy.moml.MoMLSimpleApplication@37441ada
reloadAllAccessors: .MatrixSplit14

===========================================================================================
----------------- testing Sat Oct 12 06:29:02 UTC 2019 /home/travis/build/icyphy/ptII/ptolemy/domains/sdf/lib/test/auto/MatrixSplit2.xml
----------------- Instantiating /home/travis/build/icyphy/ptII/ptolemy/domains/sdf/lib/test/auto/MatrixSplit2.xml
2 ms. Memory: 151552K Free: 79651K (53%)
----------------- Invoking toplevel() on ptolemy.moml.MoMLSimpleApplication@7ee878de
----------------- Done invoking toplevel() on ptolemy.moml.MoMLSimpleApplication@7ee878de
reloadAllAccessors: .MatrixSplit2

===========================================================================================
----------------- testing Sat Oct 12 06:29:02 UTC 2019 /home/travis/build/icyphy/ptII/ptolemy/domains/sdf/lib/test/auto/MatrixSplit3.xml
----------------- Instantiating /home/travis/build/icyphy/ptII/ptolemy/domains/sdf/lib/test/auto/MatrixSplit3.xml
2 ms. Memory: 151552K Free: 76063K (50%)
----------------- Invoking toplevel() on ptolemy.moml.MoMLSimpleApplication@64bad79b
----------------- Done invoking toplevel() on ptolemy.moml.MoMLSimpleApplication@64bad79b
reloadAllAccessors: .MatrixSplit3

===========================================================================================
----------------- testing Sat Oct 12 06:29:02 UTC 2019 /home/travis/build/icyphy/ptII/ptolemy/domains/sdf/lib/test/auto/MatrixSplit4.xml
----------------- Instantiating /home/travis/build/icyphy/ptII/ptolemy/domains/sdf/lib/test/auto/MatrixSplit4.xml
2 ms. Memory: 151552K Free: 72483K (48%)
----------------- Invoking toplevel() on ptolemy.moml.MoMLSimpleApplication@fb887fe
----------------- Done invoking toplevel() on ptolemy.moml.MoMLSimpleApplication@fb887fe
reloadAllAccessors: .MatrixSplit4

===========================================================================================
----------------- testing Sat Oct 12 06:29:02 UTC 2019 /home/travis/build/icyphy/ptII/ptolemy/domains/sdf/lib/test/auto/MatrixSplit5.xml
----------------- Instantiating /home/travis/build/icyphy/ptII/ptolemy/domains/sdf/lib/test/auto/MatrixSplit5.xml
10 ms. Memory: 151552K Free: 68895K (45%)
----------------- Invoking toplevel() on ptolemy.moml.MoMLSimpleApplication@131f032c
----------------- Done invoking toplevel() on ptolemy.moml.MoMLSimpleApplication@131f032c
reloadAllAccessors: .MatrixSplit5

===========================================================================================
----------------- testing Sat Oct 12 06:29:02 UTC 2019 /home/travis/build/icyphy/ptII/ptolemy/domains/sdf/lib/test/auto/MatrixSplit6.xml
----------------- Instantiating /home/travis/build/icyphy/ptII/ptolemy/domains/sdf/lib/test/auto/MatrixSplit6.xml
3 ms. Memory: 151552K Free: 65315K (43%)
----------------- Invoking toplevel() on ptolemy.moml.MoMLSimpleApplication@78cadc7e
----------------- Done invoking toplevel() on ptolemy.moml.MoMLSimpleApplication@78cadc7e
reloadAllAccessors: .MatrixSplit6

===========================================================================================
----------------- testing Sat Oct 12 06:29:02 UTC 2019 /home/travis/build/icyphy/ptII/ptolemy/domains/sdf/lib/test/auto/MatrixSplit7.xml
----------------- Instantiating /home/travis/build/icyphy/ptII/ptolemy/domains/sdf/lib/test/auto/MatrixSplit7.xml
2 ms. Memory: 151552K Free: 61727K (41%)
----------------- Invoking toplevel() on ptolemy.moml.MoMLSimpleApplication@75b0dcb1
----------------- Done invoking toplevel() on ptolemy.moml.MoMLSimpleApplication@75b0dcb1
reloadAllAccessors: .MatrixSplit7

===========================================================================================
----------------- testing Sat Oct 12 06:29:02 UTC 2019 /home/travis/build/icyphy/ptII/ptolemy/domains/sdf/lib/test/auto/MatrixSplit8.xml
----------------- Instantiating /home/travis/build/icyphy/ptII/ptolemy/domains/sdf/lib/test/auto/MatrixSplit8.xml
2 ms. Memory: 151552K Free: 133657K (88%)
----------------- Invoking toplevel() on ptolemy.moml.MoMLSimpleApplication@3c2b55f
----------------- Done invoking toplevel() on ptolemy.moml.MoMLSimpleApplication@3c2b55f
reloadAllAccessors: .MatrixSplit8

===========================================================================================
----------------- testing Sat Oct 12 06:29:02 UTC 2019 /home/travis/build/icyphy/ptII/ptolemy/domains/sdf/lib/test/auto/MatrixSplit9.xml
----------------- Instantiating /home/travis/build/icyphy/ptII/ptolemy/domains/sdf/lib/test/auto/MatrixSplit9.xml
3 ms. Memory: 151552K Free: 130075K (86%)
----------------- Invoking toplevel() on ptolemy.moml.MoMLSimpleApplication@c1f96db
----------------- Done invoking toplevel() on ptolemy.moml.MoMLSimpleApplication@c1f96db
reloadAllAccessors: .MatrixSplit9

===========================================================================================
----------------- testing Sat Oct 12 06:29:02 UTC 2019 /home/travis/build/icyphy/ptII/ptolemy/domains/sdf/lib/test/auto/MatrixToSequence.xml
----------------- Instantiating /home/travis/build/icyphy/ptII/ptolemy/domains/sdf/lib/test/auto/MatrixToSequence.xml
14 ms. Memory: 151552K Free: 120857K (80%)
----------------- Invoking toplevel() on ptolemy.moml.MoMLSimpleApplication@fa295e8
----------------- Done invoking toplevel() on ptolemy.moml.MoMLSimpleApplication@fa295e8
reloadAllAccessors: .MatrixToSequence

===========================================================================================
----------------- testing Sat Oct 12 06:29:02 UTC 2019 /home/travis/build/icyphy/ptII/ptolemy/domains/sdf/lib/test/auto/MaximumEntropySpectrum.xml
----------------- Instantiating /home/travis/build/icyphy/ptII/ptolemy/domains/sdf/lib/test/auto/MaximumEntropySpectrum.xml
12 ms. Memory: 151552K Free: 99865K (66%)
----------------- Invoking toplevel() on ptolemy.moml.MoMLSimpleApplication@277cd182
----------------- Done invoking toplevel() on ptolemy.moml.MoMLSimpleApplication@277cd182
reloadAllAccessors: .MaximumEntropySpectrum

===========================================================================================
----------------- testing Sat Oct 12 06:29:02 UTC 2019 /home/travis/build/icyphy/ptII/ptolemy/domains/sdf/lib/test/auto/SampleDelayConversion.xml
----------------- Instantiating /home/travis/build/icyphy/ptII/ptolemy/domains/sdf/lib/test/auto/SampleDelayConversion.xml
2 ms. Memory: 151552K Free: 95769K (63%)
----------------- Invoking toplevel() on ptolemy.moml.MoMLSimpleApplication@fea998a
----------------- Done invoking toplevel() on ptolemy.moml.MoMLSimpleApplication@fea998a
reloadAllAccessors: .SampleDelayConversion

===========================================================================================
----------------- testing Sat Oct 12 06:29:02 UTC 2019 /home/travis/build/icyphy/ptII/ptolemy/domains/sdf/lib/test/auto/SequenceToArray.xml
----------------- Instantiating /home/travis/build/icyphy/ptII/ptolemy/domains/sdf/lib/test/auto/SequenceToArray.xml
7 ms. Memory: 151552K Free: 84475K (56%)
----------------- Invoking toplevel() on ptolemy.moml.MoMLSimpleApplication@5a6f40c2
----------------- Done invoking toplevel() on ptolemy.moml.MoMLSimpleApplication@5a6f40c2
reloadAllAccessors: .SequenceToArray

===========================================================================================
----------------- testing Sat Oct 12 06:29:02 UTC 2019 /home/travis/build/icyphy/ptII/ptolemy/domains/sdf/lib/test/auto/SequenceToMatrix.xml
----------------- Instantiating /home/travis/build/icyphy/ptII/ptolemy/domains/sdf/lib/test/auto/SequenceToMatrix.xml
3910 ms. Memory: 151552K Free: 92177K (61%)
----------------- Invoking toplevel() on ptolemy.moml.MoMLSimpleApplication@7d1231ec
----------------- Done invoking toplevel() on ptolemy.moml.MoMLSimpleApplication@7d1231ec
reloadAllAccessors: .SequenceToMatrix

===========================================================================================
----------------- testing Sat Oct 12 06:29:06 UTC 2019 /home/travis/build/icyphy/ptII/ptolemy/domains/sdf/lib/test/auto/SmoothedPeriodogram.xml
----------------- Instantiating /home/travis/build/icyphy/ptII/ptolemy/domains/sdf/lib/test/auto/SmoothedPeriodogram.xml
12 ms. Memory: 151552K Free: 76817K (51%)
----------------- Invoking toplevel() on ptolemy.moml.MoMLSimpleApplication@496aa25d
----------------- Done invoking toplevel() on ptolemy.moml.MoMLSimpleApplication@496aa25d
reloadAllAccessors: .SmoothedPeriodogram

===========================================================================================
----------------- testing Sat Oct 12 06:29:06 UTC 2019 /home/travis/build/icyphy/ptII/ptolemy/domains/sdf/lib/test/auto/UpDownSample1.xml
----------------- Instantiating /home/travis/build/icyphy/ptII/ptolemy/domains/sdf/lib/test/auto/UpDownSample1.xml
2 ms. Memory: 151552K Free: 72721K (48%)
----------------- Invoking toplevel() on ptolemy.moml.MoMLSimpleApplication@2579088
----------------- Done invoking toplevel() on ptolemy.moml.MoMLSimpleApplication@2579088
reloadAllAccessors: .UpDownSample1

===========================================================================================
----------------- testing Sat Oct 12 06:29:06 UTC 2019 /home/travis/build/icyphy/ptII/ptolemy/domains/sdf/lib/test/auto/UpSample1.xml
----------------- Instantiating /home/travis/build/icyphy/ptII/ptolemy/domains/sdf/lib/test/auto/UpSample1.xml
3 ms. Memory: 151552K Free: 69135K (46%)
----------------- Invoking toplevel() on ptolemy.moml.MoMLSimpleApplication@26d0a6bd
----------------- Done invoking toplevel() on ptolemy.moml.MoMLSimpleApplication@26d0a6bd
reloadAllAccessors: .UpSample1

===========================================================================================
----------------- testing Sat Oct 12 06:29:06 UTC 2019 /home/travis/build/icyphy/ptII/ptolemy/domains/sdf/lib/test/auto/VariableFIR.xml
----------------- Instantiating /home/travis/build/icyphy/ptII/ptolemy/domains/sdf/lib/test/auto/VariableFIR.xml
5 ms. Memory: 151552K Free: 63505K (42%)
----------------- Invoking toplevel() on ptolemy.moml.MoMLSimpleApplication@58cefb01
----------------- Done invoking toplevel() on ptolemy.moml.MoMLSimpleApplication@58cefb01
reloadAllAccessors: .VariableFIR

===========================================================================================
----------------- testing Sat Oct 12 06:29:06 UTC 2019 /home/travis/build/icyphy/ptII/ptolemy/domains/sdf/lib/test/auto/VariableFIR2.xml
----------------- Instantiating /home/travis/build/icyphy/ptII/ptolemy/domains/sdf/lib/test/auto/VariableFIR2.xml
3 ms. Memory: 151552K Free: 58385K (39%)
----------------- Invoking toplevel() on ptolemy.moml.MoMLSimpleApplication@6ee5f235
----------------- Done invoking toplevel() on ptolemy.moml.MoMLSimpleApplication@6ee5f235
reloadAllAccessors: .VariableFIR2

===========================================================================================
----------------- testing Sat Oct 12 06:29:06 UTC 2019 /home/travis/build/icyphy/ptII/ptolemy/domains/sdf/lib/test/auto/VariableLattice.xml
----------------- Instantiating /home/travis/build/icyphy/ptII/ptolemy/domains/sdf/lib/test/auto/VariableLattice.xml
6 ms. Memory: 151552K Free: 52241K (34%)
----------------- Invoking toplevel() on ptolemy.moml.MoMLSimpleApplication@b0c969d
----------------- Done invoking toplevel() on ptolemy.moml.MoMLSimpleApplication@b0c969d
reloadAllAccessors: .VariableLattice

===========================================================================================
----------------- testing Sat Oct 12 06:29:06 UTC 2019 /home/travis/build/icyphy/ptII/ptolemy/domains/sdf/lib/test/auto/VariableLattice2.xml
----------------- Instantiating /home/travis/build/icyphy/ptII/ptolemy/domains/sdf/lib/test/auto/VariableLattice2.xml
1.0
-1.999999602036
1.9099998677481
-0.9099996420674
0.205
0.0
0.0
1.0
-0.25
-0.5
0.0
0.0
0.0
0.0
3 ms. Memory: 151552K Free: 135150K (89%)
----------------- Invoking toplevel() on ptolemy.moml.MoMLSimpleApplication@6722423e
----------------- Done invoking toplevel() on ptolemy.moml.MoMLSimpleApplication@6722423e
reloadAllAccessors: .VariableLattice2

===========================================================================================
----------------- testing Sat Oct 12 06:29:06 UTC 2019 /home/travis/build/icyphy/ptII/ptolemy/domains/sdf/lib/test/auto/VariableRecursiveLattice.xml
----------------- Instantiating /home/travis/build/icyphy/ptII/ptolemy/domains/sdf/lib/test/auto/VariableRecursiveLattice.xml
3 ms. Memory: 151552K Free: 130540K (86%)
----------------- Invoking toplevel() on ptolemy.moml.MoMLSimpleApplication@7a897d39
----------------- Done invoking toplevel() on ptolemy.moml.MoMLSimpleApplication@7a897d39
reloadAllAccessors: .VariableRecursiveLattice

===========================================================================================
----------------- testing Sat Oct 12 06:29:06 UTC 2019 /home/travis/build/icyphy/ptII/ptolemy/domains/sdf/lib/test/auto/VariableRecursiveLattice2.xml
----------------- Instantiating /home/travis/build/icyphy/ptII/ptolemy/domains/sdf/lib/test/auto/VariableRecursiveLattice2.xml
2 ms. Memory: 151552K Free: 126444K (83%)
----------------- Invoking toplevel() on ptolemy.moml.MoMLSimpleApplication@58a72561
----------------- Done invoking toplevel() on ptolemy.moml.MoMLSimpleApplication@58a72561
reloadAllAccessors: .VariableRecursiveLattice2
AutoTests.java: About to close Vertx.
AutoTests.java: Vertx closed.
]]></system-out>
  <system-err><![CDATA[]]></system-err>
</testsuite>
