<?xml version="1.0" encoding="UTF-8" ?>
<testsuite errors="0" failures="0" hostname="travis-job-af3897b3-6a5d-4b76-bf43-9ddb7f70ea17" name="ptolemy.domains.de.test.junit.JUnitTclTest" skipped="0" tests="101" time="128.481" timestamp="2018-06-12T01:31:21">
  <properties>
[...]
</properties>
  <testcase classname="ptolemy.util.test.junit.TclTests" name="[0] /home/travis/build/icyphy/ptII/ptolemy/domains/de/test/DependencyLoop.tcl (RunTclFile)" time="0.763" />
  <testcase classname="ptolemy.util.test.junit.TclTests" name="[1] /home/travis/build/icyphy/ptII/ptolemy/domains/de/test/RunDETestsAsQSS.tcl (RunTclFile)" time="87.247" />
  <testcase classname="ptolemy.util.test.junit.AutoKnownFailedTests" name="[0] /home/travis/build/icyphy/ptII/ptolemy/domains/de/test/auto/knownFailedTests/DESDFClockTest.xml (RunModel)" time="2.027" />
  <testcase classname="ptolemy.util.test.junit.AutoKnownFailedTests" name="[1] /home/travis/build/icyphy/ptII/ptolemy/domains/de/test/auto/knownFailedTests/DirectFeedback.xml (RunModel)" time="0.009" />
  <testcase classname="ptolemy.util.test.junit.AutoKnownFailedTests" name="[2] /home/travis/build/icyphy/ptII/ptolemy/domains/de/test/auto/knownFailedTests/FSMSource.xml (RunModel)" time="0.028" />
  <testcase classname="ptolemy.util.test.junit.AutoKnownFailedTests" name="[3] /home/travis/build/icyphy/ptII/ptolemy/domains/de/test/auto/knownFailedTests/HierarchicalModel.xml (RunModel)" time="0.04" />
  <testcase classname="ptolemy.util.test.junit.AutoKnownFailedTests" name="[4] /home/travis/build/icyphy/ptII/ptolemy/domains/de/test/auto/knownFailedTests/dependencyLoop.xml (RunModel)" time="0.029" />
  <testcase classname="ptolemy.util.test.junit.AutoKnownFailedTests" name="[5] /home/travis/build/icyphy/ptII/ptolemy/domains/de/test/auto/knownFailedTests/dependencyLoop2.xml (RunModel)" time="0.028" />
  <testcase classname="ptolemy.util.test.junit.AutoNameArchTests" name="[0] ThereAreNoAutoArchTests (RunModel)" time="0.007" />
  <testcase classname="ptolemy.util.test.junit.AutoTests" name="[0] /home/travis/build/icyphy/ptII/ptolemy/domains/de/test/auto/ActorDepthCalculation_actorWithoutPorts.xml (RunModel)" time="0.021" />
  <testcase classname="ptolemy.util.test.junit.AutoTests" name="[1] /home/travis/build/icyphy/ptII/ptolemy/domains/de/test/auto/AssemblyLine.xml (RunModel)" time="0.023" />
  <testcase classname="ptolemy.util.test.junit.AutoTests" name="[2] /home/travis/build/icyphy/ptII/ptolemy/domains/de/test/auto/CQBug1.xml (RunModel)" time="0.013" />
  <testcase classname="ptolemy.util.test.junit.AutoTests" name="[3] /home/travis/build/icyphy/ptII/ptolemy/domains/de/test/auto/CancelFireAt.xml (RunModel)" time="0.01" />
  <testcase classname="ptolemy.util.test.junit.AutoTests" name="[4] /home/travis/build/icyphy/ptII/ptolemy/domains/de/test/auto/CausalityAndComposabilityAnalysis.xml (RunModel)" time="0.012" />
  <testcase classname="ptolemy.util.test.junit.AutoTests" name="[5] /home/travis/build/icyphy/ptII/ptolemy/domains/de/test/auto/CausalityInterface1.xml (RunModel)" time="0.013" />
  <testcase classname="ptolemy.util.test.junit.AutoTests" name="[6] /home/travis/build/icyphy/ptII/ptolemy/domains/de/test/auto/CausalityInterface15.xml (RunModel)" time="0.017" />
  <testcase classname="ptolemy.util.test.junit.AutoTests" name="[7] /home/travis/build/icyphy/ptII/ptolemy/domains/de/test/auto/CausalityInterface2.xml (RunModel)" time="0.013" />
  <testcase classname="ptolemy.util.test.junit.AutoTests" name="[8] /home/travis/build/icyphy/ptII/ptolemy/domains/de/test/auto/CausalityInterface3.xml (RunModel)" time="0.01" />
  <testcase classname="ptolemy.util.test.junit.AutoTests" name="[9] /home/travis/build/icyphy/ptII/ptolemy/domains/de/test/auto/ClockDrift.xml (RunModel)" time="0.026" />
  <testcase classname="ptolemy.util.test.junit.AutoTests" name="[10] /home/travis/build/icyphy/ptII/ptolemy/domains/de/test/auto/ClockDriftAndValueChange.xml (RunModel)" time="0.025" />
  <testcase classname="ptolemy.util.test.junit.AutoTests" name="[11] /home/travis/build/icyphy/ptII/ptolemy/domains/de/test/auto/ClockDriftChange.xml (RunModel)" time="0.02" />
  <testcase classname="ptolemy.util.test.junit.AutoTests" name="[12] /home/travis/build/icyphy/ptII/ptolemy/domains/de/test/auto/ComposableCausalityAnalysis.xml (RunModel)" time="0.01" />
  <testcase classname="ptolemy.util.test.junit.AutoTests" name="[13] /home/travis/build/icyphy/ptII/ptolemy/domains/de/test/auto/DEFixedPointLimitation.xml (RunModel)" time="0.008" />
  <testcase classname="ptolemy.util.test.junit.AutoTests" name="[14] /home/travis/build/icyphy/ptII/ptolemy/domains/de/test/auto/DEScheduleTest.xml (RunModel)" time="0.009" />
  <testcase classname="ptolemy.util.test.junit.AutoTests" name="[15] /home/travis/build/icyphy/ptII/ptolemy/domains/de/test/auto/DEinDEwithStartTimes.xml (RunModel)" time="0.011" />
  <testcase classname="ptolemy.util.test.junit.AutoTests" name="[16] /home/travis/build/icyphy/ptII/ptolemy/domains/de/test/auto/DEinDEwithStartTimes2.xml (RunModel)" time="0.012" />
  <testcase classname="ptolemy.util.test.junit.AutoTests" name="[17] /home/travis/build/icyphy/ptII/ptolemy/domains/de/test/auto/DateDemo.xml (RunModel)" time="0.03" />
  <testcase classname="ptolemy.util.test.junit.AutoTests" name="[18] /home/travis/build/icyphy/ptII/ptolemy/domains/de/test/auto/DateToEvent.xml (RunModel)" time="2.03" />
  <testcase classname="ptolemy.util.test.junit.AutoTests" name="[19] /home/travis/build/icyphy/ptII/ptolemy/domains/de/test/auto/DepthTest1.xml (RunModel)" time="0.011" />
  <testcase classname="ptolemy.util.test.junit.AutoTests" name="[20] /home/travis/build/icyphy/ptII/ptolemy/domains/de/test/auto/DepthTest2.xml (RunModel)" time="0.02" />
  <testcase classname="ptolemy.util.test.junit.AutoTests" name="[21] /home/travis/build/icyphy/ptII/ptolemy/domains/de/test/auto/DepthTest3.xml (RunModel)" time="0.009" />
  <testcase classname="ptolemy.util.test.junit.AutoTests" name="[22] /home/travis/build/icyphy/ptII/ptolemy/domains/de/test/auto/DepthTest4.xml (RunModel)" time="0.013" />
  <testcase classname="ptolemy.util.test.junit.AutoTests" name="[23] /home/travis/build/icyphy/ptII/ptolemy/domains/de/test/auto/DepthTest5.xml (RunModel)" time="0.015" />
  <testcase classname="ptolemy.util.test.junit.AutoTests" name="[24] /home/travis/build/icyphy/ptII/ptolemy/domains/de/test/auto/DepthTest6.xml (RunModel)" time="0.015" />
  <testcase classname="ptolemy.util.test.junit.AutoTests" name="[25] /home/travis/build/icyphy/ptII/ptolemy/domains/de/test/auto/DepthTest7.xml (RunModel)" time="0.017" />
  <testcase classname="ptolemy.util.test.junit.AutoTests" name="[26] /home/travis/build/icyphy/ptII/ptolemy/domains/de/test/auto/EventToDate.xml (RunModel)" time="3.041" />
  <testcase classname="ptolemy.util.test.junit.AutoTests" name="[27] /home/travis/build/icyphy/ptII/ptolemy/domains/de/test/auto/FSM1.xml (RunModel)" time="0.03" />
  <testcase classname="ptolemy.util.test.junit.AutoTests" name="[28] /home/travis/build/icyphy/ptII/ptolemy/domains/de/test/auto/FSM7.xml (RunModel)" time="0.031" />
  <testcase classname="ptolemy.util.test.junit.AutoTests" name="[29] /home/travis/build/icyphy/ptII/ptolemy/domains/de/test/auto/Inspection.xml (RunModel)" time="0.04" />
  <testcase classname="ptolemy.util.test.junit.AutoTests" name="[30] /home/travis/build/icyphy/ptII/ptolemy/domains/de/test/auto/Iteration.xml (RunModel)" time="0.016" />
  <testcase classname="ptolemy.util.test.junit.AutoTests" name="[31] /home/travis/build/icyphy/ptII/ptolemy/domains/de/test/auto/LineFault.xml (RunModel)" time="0.541" />
  <testcase classname="ptolemy.util.test.junit.AutoTests" name="[32] /home/travis/build/icyphy/ptII/ptolemy/domains/de/test/auto/MergeModel1Add.xml (RunModel)" time="0.041" />
  <testcase classname="ptolemy.util.test.junit.AutoTests" name="[33] /home/travis/build/icyphy/ptII/ptolemy/domains/de/test/auto/MergeModel2Add.xml (RunModel)" time="0.038" />
  <testcase classname="ptolemy.util.test.junit.AutoTests" name="[34] /home/travis/build/icyphy/ptII/ptolemy/domains/de/test/auto/MergeModel3Add.xml (RunModel)" time="0.037" />
  <testcase classname="ptolemy.util.test.junit.AutoTests" name="[35] /home/travis/build/icyphy/ptII/ptolemy/domains/de/test/auto/MergeWithoutDiscard.xml (RunModel)" time="0.01" />
  <testcase classname="ptolemy.util.test.junit.AutoTests" name="[36] /home/travis/build/icyphy/ptII/ptolemy/domains/de/test/auto/Modal1.xml (RunModel)" time="0.025" />
  <testcase classname="ptolemy.util.test.junit.AutoTests" name="[37] /home/travis/build/icyphy/ptII/ptolemy/domains/de/test/auto/Modal2.xml (RunModel)" time="0.028" />
  <testcase classname="ptolemy.util.test.junit.AutoTests" name="[38] /home/travis/build/icyphy/ptII/ptolemy/domains/de/test/auto/Modal3.xml (RunModel)" time="0.031" />
  <testcase classname="ptolemy.util.test.junit.AutoTests" name="[39] /home/travis/build/icyphy/ptII/ptolemy/domains/de/test/auto/Modal4.xml (RunModel)" time="0.027" />
  <testcase classname="ptolemy.util.test.junit.AutoTests" name="[40] /home/travis/build/icyphy/ptII/ptolemy/domains/de/test/auto/Modal5.xml (RunModel)" time="0.027" />
  <testcase classname="ptolemy.util.test.junit.AutoTests" name="[41] /home/travis/build/icyphy/ptII/ptolemy/domains/de/test/auto/Modal6.xml (RunModel)" time="0.026" />
  <testcase classname="ptolemy.util.test.junit.AutoTests" name="[42] /home/travis/build/icyphy/ptII/ptolemy/domains/de/test/auto/Modal7.xml (RunModel)" time="0.027" />
  <testcase classname="ptolemy.util.test.junit.AutoTests" name="[43] /home/travis/build/icyphy/ptII/ptolemy/domains/de/test/auto/ModalModel.xml (RunModel)" time="0.161" />
  <testcase classname="ptolemy.util.test.junit.AutoTests" name="[44] /home/travis/build/icyphy/ptII/ptolemy/domains/de/test/auto/ModalSource.xml (RunModel)" time="0.016" />
  <testcase classname="ptolemy.util.test.junit.AutoTests" name="[45] /home/travis/build/icyphy/ptII/ptolemy/domains/de/test/auto/NonInterruptibleTimerZeroDelay.xml (RunModel)" time="0.011" />
  <testcase classname="ptolemy.util.test.junit.AutoTests" name="[46] /home/travis/build/icyphy/ptII/ptolemy/domains/de/test/auto/OpenQueueingNetwork.xml (RunModel)" time="2.192" />
  <testcase classname="ptolemy.util.test.junit.AutoTests" name="[47] /home/travis/build/icyphy/ptII/ptolemy/domains/de/test/auto/OpenQueuingNetwork.xml (RunModel)" time="0.248" />
  <testcase classname="ptolemy.util.test.junit.AutoTests" name="[48] /home/travis/build/icyphy/ptII/ptolemy/domains/de/test/auto/PeriodicSampler.xml (RunModel)" time="0.007" />
  <testcase classname="ptolemy.util.test.junit.AutoTests" name="[49] /home/travis/build/icyphy/ptII/ptolemy/domains/de/test/auto/PersistentIO.xml (RunModel)" time="0.016" />
  <testcase classname="ptolemy.util.test.junit.AutoTests" name="[50] /home/travis/build/icyphy/ptII/ptolemy/domains/de/test/auto/PortParameterResetOnInitialize.xml (RunModel)" time="0.009" />
  <testcase classname="ptolemy.util.test.junit.AutoTests" name="[51] /home/travis/build/icyphy/ptII/ptolemy/domains/de/test/auto/PortParameterUpdates.xml (RunModel)" time="0.017" />
  <testcase classname="ptolemy.util.test.junit.AutoTests" name="[52] /home/travis/build/icyphy/ptII/ptolemy/domains/de/test/auto/QueueAndServer.xml (RunModel)" time="0.018" />
  <testcase classname="ptolemy.util.test.junit.AutoTests" name="[53] /home/travis/build/icyphy/ptII/ptolemy/domains/de/test/auto/Records.xml (RunModel)" time="0.012" />
  <testcase classname="ptolemy.util.test.junit.AutoTests" name="[54] /home/travis/build/icyphy/ptII/ptolemy/domains/de/test/auto/ResetTransitionWithStartTime1.xml (RunModel)" time="0.015" />
  <testcase classname="ptolemy.util.test.junit.AutoTests" name="[55] /home/travis/build/icyphy/ptII/ptolemy/domains/de/test/auto/ResetTransitionWithStartTime2.xml (RunModel)" time="0.017" />
  <testcase classname="ptolemy.util.test.junit.AutoTests" name="[56] /home/travis/build/icyphy/ptII/ptolemy/domains/de/test/auto/ResetTransitionWithStartTime3.xml (RunModel)" time="0.017" />
  <testcase classname="ptolemy.util.test.junit.AutoTests" name="[57] /home/travis/build/icyphy/ptII/ptolemy/domains/de/test/auto/ResetTransitionWithStartTime4.xml (RunModel)" time="0.016" />
  <testcase classname="ptolemy.util.test.junit.AutoTests" name="[58] /home/travis/build/icyphy/ptII/ptolemy/domains/de/test/auto/ResettableTimer1.xml (RunModel)" time="0.011" />
  <testcase classname="ptolemy.util.test.junit.AutoTests" name="[59] /home/travis/build/icyphy/ptII/ptolemy/domains/de/test/auto/ResettableTimer2.xml (RunModel)" time="0.009" />
  <testcase classname="ptolemy.util.test.junit.AutoTests" name="[60] /home/travis/build/icyphy/ptII/ptolemy/domains/de/test/auto/ResettableTimer3.xml (RunModel)" time="0.008" />
  <testcase classname="ptolemy.util.test.junit.AutoTests" name="[61] /home/travis/build/icyphy/ptII/ptolemy/domains/de/test/auto/ResettableTimer4.xml (RunModel)" time="0.01" />
  <testcase classname="ptolemy.util.test.junit.AutoTests" name="[62] /home/travis/build/icyphy/ptII/ptolemy/domains/de/test/auto/ResettableTimer5.xml (RunModel)" time="0.009" />
  <testcase classname="ptolemy.util.test.junit.AutoTests" name="[63] /home/travis/build/icyphy/ptII/ptolemy/domains/de/test/auto/ResettableTimer6.xml (RunModel)" time="0.018" />
  <testcase classname="ptolemy.util.test.junit.AutoTests" name="[64] /home/travis/build/icyphy/ptII/ptolemy/domains/de/test/auto/ServerZeroDelay.xml (RunModel)" time="0.009" />
  <testcase classname="ptolemy.util.test.junit.AutoTests" name="[65] /home/travis/build/icyphy/ptII/ptolemy/domains/de/test/auto/SmartSender.xml (RunModel)" time="3.007" />
  <testcase classname="ptolemy.util.test.junit.AutoTests" name="[66] /home/travis/build/icyphy/ptII/ptolemy/domains/de/test/auto/ThreadedComposite.xml (RunModel)" time="0.409" />
  <testcase classname="ptolemy.util.test.junit.AutoTests" name="[67] /home/travis/build/icyphy/ptII/ptolemy/domains/de/test/auto/Time.xml (RunModel)" time="0.407" />
  <testcase classname="ptolemy.util.test.junit.AutoTests" name="[68] /home/travis/build/icyphy/ptII/ptolemy/domains/de/test/auto/TimeDelayZeroDelay.xml (RunModel)" time="0.015" />
  <testcase classname="ptolemy.util.test.junit.AutoTests" name="[69] /home/travis/build/icyphy/ptII/ptolemy/domains/de/test/auto/TimerZeroDelay.xml (RunModel)" time="0.009" />
  <testcase classname="ptolemy.util.test.junit.AutoTests" name="[70] /home/travis/build/icyphy/ptII/ptolemy/domains/de/test/auto/TimingParadox.xml (RunModel)" time="0.339" />
  <testcase classname="ptolemy.util.test.junit.AutoTests" name="[71] /home/travis/build/icyphy/ptII/ptolemy/domains/de/test/auto/TransferInputs.xml (RunModel)" time="0.016" />
  <testcase classname="ptolemy.util.test.junit.AutoTests" name="[72] /home/travis/build/icyphy/ptII/ptolemy/domains/de/test/auto/TransferOutputs2.xml (RunModel)" time="0.017" />
  <testcase classname="ptolemy.util.test.junit.AutoTests" name="[73] /home/travis/build/icyphy/ptII/ptolemy/domains/de/test/auto/Trilateration.xml (RunModel)" time="12.31" />
  <testcase classname="ptolemy.util.test.junit.AutoTests" name="[74] /home/travis/build/icyphy/ptII/ptolemy/domains/de/test/auto/TwoSigmaDelta.xml (RunModel)" time="2.014" />
  <testcase classname="ptolemy.util.test.junit.AutoTests" name="[75] /home/travis/build/icyphy/ptII/ptolemy/domains/de/test/auto/VariableDelay.xml (RunModel)" time="0.013" />
  <testcase classname="ptolemy.util.test.junit.AutoTests" name="[76] /home/travis/build/icyphy/ptII/ptolemy/domains/de/test/auto/VariableDelay2.xml (RunModel)" time="0.008" />
  <testcase classname="ptolemy.util.test.junit.AutoTests" name="[77] /home/travis/build/icyphy/ptII/ptolemy/domains/de/test/auto/VariableDelayZeroDelay.xml (RunModel)" time="0.009" />
  <testcase classname="ptolemy.util.test.junit.AutoTests" name="[78] /home/travis/build/icyphy/ptII/ptolemy/domains/de/test/auto/VariableDelayZeroDelay2.xml (RunModel)" time="0.009" />
  <testcase classname="ptolemy.util.test.junit.AutoTests" name="[79] /home/travis/build/icyphy/ptII/ptolemy/domains/de/test/auto/deInCt.xml (RunModel)" time="0.013" />
  <testcase classname="ptolemy.util.test.junit.AutoTests" name="[80] /home/travis/build/icyphy/ptII/ptolemy/domains/de/test/auto/deInCt2.xml (RunModel)" time="0.016" />
  <testcase classname="ptolemy.util.test.junit.AutoTests" name="[81] /home/travis/build/icyphy/ptII/ptolemy/domains/de/test/auto/dynamicCausalityInterface1.xml (RunModel)" time="0.018" />
  <testcase classname="ptolemy.util.test.junit.AutoTests" name="[82] /home/travis/build/icyphy/ptII/ptolemy/domains/de/test/auto/fsm_de_test.xml (RunModel)" time="0.022" />
  <testcase classname="ptolemy.util.test.junit.AutoTests" name="[83] /home/travis/build/icyphy/ptII/ptolemy/domains/de/test/auto/functionDependencyReconstruction.xml (RunModel)" time="0.033" />
  <testcase classname="ptolemy.util.test.junit.AutoTests" name="[84] /home/travis/build/icyphy/ptII/ptolemy/domains/de/test/auto/multirate.xml (RunModel)" time="0.02" />
  <testcase classname="ptolemy.util.test.junit.AutoTests" name="[85] /home/travis/build/icyphy/ptII/ptolemy/domains/de/test/auto/multirate2.xml (RunModel)" time="0.017" />
  <testcase classname="ptolemy.util.test.junit.AutoTests" name="[86] /home/travis/build/icyphy/ptII/ptolemy/domains/de/test/auto/realtime.xml (RunModel)" time="10.01" />
  <testcase classname="ptolemy.util.test.junit.AutoTests" name="[87] /home/travis/build/icyphy/ptII/ptolemy/domains/de/test/auto/relationGroup.xml (RunModel)" time="0.013" />
  <testcase classname="ptolemy.util.test.junit.AutoTests" name="[88] /home/travis/build/icyphy/ptII/ptolemy/domains/de/test/auto/relationGroup2.xml (RunModel)" time="0.011" />
  <testcase classname="ptolemy.util.test.junit.AutoTests" name="[89] /home/travis/build/icyphy/ptII/ptolemy/domains/de/test/auto/sortWithOpaquePorts.xml (RunModel)" time="0.012" />
  <testcase classname="ptolemy.util.test.junit.AutoTests" name="[90] /home/travis/build/icyphy/ptII/ptolemy/domains/de/test/auto/transferInputsandOutputs.xml (RunModel)" time="0.016" />
  <testcase classname="ptolemy.util.test.junit.AutoTests" name="[91] /home/travis/build/icyphy/ptII/ptolemy/domains/de/test/auto/triggerType.xml (RunModel)" time="0.008" />
  <system-out><![CDATA[/home/travis/build/icyphy/ptII/ptolemy/domains/de/test/DependencyLoop.tcl
testDefs.tcl: setting time out to 9000 seconds at Tue Jun 12 01:31:21 UTC 2018
13 ms. Memory: 116224K Free: 95052K (82%)
5 ms. Memory: 146944K Free: 137791K (94%)
/home/travis/build/icyphy/ptII/ptolemy/domains/de/test/RunDETestsAsQSS.tcl
Run the DE tests using ptolemy.domains.qss.test.QSSDirectorTest, which extends QSSDirector and prints a message in the constructors.
------------------ testing $PTII/ptolemy/domains/de/test/auto/knownFailedTests/dependencyLoop.xml (Known Failure) 
5 ms. Memory: 146944K Free: 133515K (91%)


==== $PTIIhome/travis/build/icyphy/ptII/ptolemy/domains/de/test/../../../../: Auto Automatic test in file $PTII/ptolemy/domains/de/test/auto/knownFailedTests/dependencyLoop.xml
==== Contents of test case:

	    # FIXME: we should use $relativeFilename here, but it
	    # might have backslashes under Windows, which causes no end
	    # of trouble.
	    createAndExecute $file
	    list {}
	
.... Test generated KNOWN error:
    while executing
ptolemy.kernel.util.IllegalActionException: Found a zero delay loop containing .dependencyLoop.original
  in .dependencyLoop and .dependencyLoop.original
	at ptolemy.actor.util.CausalityInterfaceForComposites._computeOutputPortDepth(CausalityInterfaceForComposites.java:759)
	at ptolemy.actor.util.CausalityInterfaceForComposites._computeInputDepth(CausalityInterfaceForComposites.java:696)
	at ptolemy.actor.util.CausalityInterfaceForComposites._computeOutputPortDepth(CausalityInterfaceForComposites.java:765)
	at ptolemy.actor.util.CausalityInterfaceForComposites._computeInputDepth(CausalityInterfaceForComposites.java:696)
	at ptolemy.actor.util.CausalityInterfaceForComposites._computeOutputPortDepth(CausalityInterfaceForComposites.java:765)
	at ptolemy.actor.util.CausalityInterfaceForComposites._computeInputDepth(CausalityInterfaceForComposites.java:696)
	at ptolemy.actor.util.CausalityInterfaceForComposites._computeActorDepth(CausalityInterfaceForComposites.java:532)
	at ptolemy.actor.util.CausalityInterfaceForComposites.checkForCycles(CausalityInterfaceForComposites.java:96)
	at ptolemy.domains.de.kernel.DEDirector.preinitialize(DEDirector.java:1338)
	at ptolemy.actor.CompositeActor.preinitialize(CompositeActor.java:1828)
	at ptolemy.actor.Manager.preinitializeAndResolveTypes(Manager.java:1040)
	at ptolemy.actor.Manager.initialize(Manager.java:710)
	at ptolemy.actor.Manager.execute(Manager.java:356)
	at ptolemy.actor.Manager.run(Manager.java:1263)
	at ptolemy.actor.Manager$PtolemyRunThread.run(Manager.java:1915)

    while executing
ptolemy.kernel.util.IllegalActionException: Found a zero delay loop containing .dependencyLoop.original
  in .dependencyLoop and .dependencyLoop.original
    while executing
"java::new ptolemy.moml.MoMLSimpleApplication $file
"
    (procedure "createAndExecute" line 2)
    invoked from within
"createAndExecute $file"
    ("uplevel" body line 5)
    invoked from within
"uplevel $contents_of_test"
------------------ testing $PTII/ptolemy/domains/de/test/auto/knownFailedTests/DESDFClockTest.xml (Known Failure) 
2054 ms. Memory: 146944K Free: 117686K (80%)


==== $PTIIhome/travis/build/icyphy/ptII/ptolemy/domains/de/test/../../../../: Auto Automatic test in file $PTII/ptolemy/domains/de/test/auto/knownFailedTests/DESDFClockTest.xml
==== Contents of test case:

	    # FIXME: we should use $relativeFilename here, but it
	    # might have backslashes under Windows, which causes no end
	    # of trouble.
	    createAndExecute $file
	    list {}
	
.... Test generated KNOWN error:
    while executing
ptolemy.kernel.util.IllegalActionException: Actor is not ready to fire.  Perhaps UpSample.prefire() returned false? Try debugging the actor by selecting "Listen to Actor".  Also, for SDF check moml for tokenConsumptionRate on input.
  in .DESDFClockTest.Play Bell.Copy1:SDF Director and .DESDFClockTest.Play Bell.UpSample
	at ptolemy.actor.sched.StaticSchedulingDirector.fire(StaticSchedulingDirector.java:227)
	at ptolemy.domains.sdf.kernel.SDFDirector.fire(SDFDirector.java:500)
	at ptolemy.actor.CompositeActor.fire(CompositeActor.java:455)
	at ptolemy.domains.de.kernel.DEDirector._fire(DEDirector.java:1949)
	at ptolemy.domains.de.kernel.DEDirector.fire(DEDirector.java:502)
	at ptolemy.actor.CompositeActor.fire(CompositeActor.java:455)
	at ptolemy.actor.Manager.iterate(Manager.java:851)
	at ptolemy.actor.Manager.execute(Manager.java:369)
	at ptolemy.actor.Manager.run(Manager.java:1263)
	at ptolemy.actor.Manager$PtolemyRunThread.run(Manager.java:1915)

    while executing
ptolemy.kernel.util.IllegalActionException: Actor is not ready to fire.  Perhaps UpSample.prefire() returned false? Try debugging the actor by selecting "Listen to Actor".  Also, for SDF check moml for tokenConsumptionRate on input.
  in .DESDFClockTest.Play Bell.Copy1:SDF Director and .DESDFClockTest.Play Bell.UpSample
    while executing
"java::new ptolemy.moml.MoMLSimpleApplication $file
"
    (procedure "createAndExecute" line 2)
    invoked from within
"createAndExecute $file"
    ("uplevel" body line 5)
    invoked from within
"uplevel $contents_of_test"
------------------ testing $PTII/ptolemy/domains/de/test/auto/knownFailedTests/FSMSource.xml (Known Failure) 
18 ms. Memory: 146944K Free: 108682K (74%)
!!!! Auto was marked as failing, but now passes
------------------ testing $PTII/ptolemy/domains/de/test/auto/knownFailedTests/dependencyLoop2.xml (Known Failure) 
5 ms. Memory: 146944K Free: 106799K (73%)


==== $PTIIhome/travis/build/icyphy/ptII/ptolemy/domains/de/test/../../../../: Auto Automatic test in file $PTII/ptolemy/domains/de/test/auto/knownFailedTests/dependencyLoop2.xml
==== Contents of test case:

	    # FIXME: we should use $relativeFilename here, but it
	    # might have backslashes under Windows, which causes no end
	    # of trouble.
	    createAndExecute $file
	    list {}
	
.... Test generated KNOWN error:
    while executing
ptolemy.kernel.util.IllegalActionException: Found a zero delay loop containing .dependencyLoop2.original
  in .dependencyLoop2 and .dependencyLoop2.original
	at ptolemy.actor.util.CausalityInterfaceForComposites._computeOutputPortDepth(CausalityInterfaceForComposites.java:759)
	at ptolemy.actor.util.CausalityInterfaceForComposites._computeInputDepth(CausalityInterfaceForComposites.java:696)
	at ptolemy.actor.util.CausalityInterfaceForComposites._computeOutputPortDepth(CausalityInterfaceForComposites.java:765)
	at ptolemy.actor.util.CausalityInterfaceForComposites._computeInputDepth(CausalityInterfaceForComposites.java:696)
	at ptolemy.actor.util.CausalityInterfaceForComposites._computeOutputPortDepth(CausalityInterfaceForComposites.java:765)
	at ptolemy.actor.util.CausalityInterfaceForComposites._computeInputDepth(CausalityInterfaceForComposites.java:696)
	at ptolemy.actor.util.CausalityInterfaceForComposites._computeActorDepth(CausalityInterfaceForComposites.java:532)
	at ptolemy.actor.util.CausalityInterfaceForComposites.checkForCycles(CausalityInterfaceForComposites.java:96)
	at ptolemy.domains.de.kernel.DEDirector.preinitialize(DEDirector.java:1338)
	at ptolemy.actor.CompositeActor.preinitialize(CompositeActor.java:1828)
	at ptolemy.actor.Manager.preinitializeAndResolveTypes(Manager.java:1040)
	at ptolemy.actor.Manager.initialize(Manager.java:710)
	at ptolemy.actor.Manager.execute(Manager.java:356)
	at ptolemy.actor.Manager.run(Manager.java:1263)
	at ptolemy.actor.Manager$PtolemyRunThread.run(Manager.java:1915)

    while executing
ptolemy.kernel.util.IllegalActionException: Found a zero delay loop containing .dependencyLoop2.original
  in .dependencyLoop2 and .dependencyLoop2.original
    while executing
"java::new ptolemy.moml.MoMLSimpleApplication $file
"
    (procedure "createAndExecute" line 2)
    invoked from within
"createAndExecute $file"
    ("uplevel" body line 5)
    invoked from within
"uplevel $contents_of_test"
------------------ testing $PTII/ptolemy/domains/de/test/auto/knownFailedTests/HierarchicalModel.xml (Known Failure) 
5 ms. Memory: 146944K Free: 86205K (59%)


==== $PTIIhome/travis/build/icyphy/ptII/ptolemy/domains/de/test/../../../../: Auto Automatic test in file $PTII/ptolemy/domains/de/test/auto/knownFailedTests/HierarchicalModel.xml
==== Contents of test case:

	    # FIXME: we should use $relativeFilename here, but it
	    # might have backslashes under Windows, which causes no end
	    # of trouble.
	    createAndExecute $file
	    list {}
	
.... Test generated KNOWN error:
    while executing
ptolemy.kernel.util.IllegalActionException: Found a zero delay loop containing .HierarchicalModel.A
  in .HierarchicalModel and .HierarchicalModel.A
	at ptolemy.actor.util.CausalityInterfaceForComposites._computeOutputPortDepth(CausalityInterfaceForComposites.java:759)
	at ptolemy.actor.util.CausalityInterfaceForComposites._computeInputDepth(CausalityInterfaceForComposites.java:696)
	at ptolemy.actor.util.CausalityInterfaceForComposites._computeOutputPortDepth(CausalityInterfaceForComposites.java:765)
	at ptolemy.actor.util.CausalityInterfaceForComposites._computeInputDepth(CausalityInterfaceForComposites.java:696)
	at ptolemy.actor.util.CausalityInterfaceForComposites._computeOutputPortDepth(CausalityInterfaceForComposites.java:765)
	at ptolemy.actor.util.CausalityInterfaceForComposites._computeInputDepth(CausalityInterfaceForComposites.java:696)
	at ptolemy.actor.util.CausalityInterfaceForComposites._computeActorDepth(CausalityInterfaceForComposites.java:532)
	at ptolemy.actor.util.CausalityInterfaceForComposites.checkForCycles(CausalityInterfaceForComposites.java:96)
	at ptolemy.domains.de.kernel.DEDirector.preinitialize(DEDirector.java:1338)
	at ptolemy.actor.CompositeActor.preinitialize(CompositeActor.java:1828)
	at ptolemy.actor.Manager.preinitializeAndResolveTypes(Manager.java:1040)
	at ptolemy.actor.Manager.initialize(Manager.java:710)
	at ptolemy.actor.Manager.execute(Manager.java:356)
	at ptolemy.actor.Manager.run(Manager.java:1263)
	at ptolemy.actor.Manager$PtolemyRunThread.run(Manager.java:1915)

    while executing
ptolemy.kernel.util.IllegalActionException: Found a zero delay loop containing .HierarchicalModel.A
  in .HierarchicalModel and .HierarchicalModel.A
    while executing
"java::new ptolemy.moml.MoMLSimpleApplication $file
"
    (procedure "createAndExecute" line 2)
    invoked from within
"createAndExecute $file"
    ("uplevel" body line 5)
    invoked from within
"uplevel $contents_of_test"
------------------ testing $PTII/ptolemy/domains/de/test/auto/knownFailedTests/DirectFeedback.xml (Known Failure) 
8 ms. Memory: 146944K Free: 82034K (56%)


==== $PTIIhome/travis/build/icyphy/ptII/ptolemy/domains/de/test/../../../../: Auto Automatic test in file $PTII/ptolemy/domains/de/test/auto/knownFailedTests/DirectFeedback.xml
==== Contents of test case:

	    # FIXME: we should use $relativeFilename here, but it
	    # might have backslashes under Windows, which causes no end
	    # of trouble.
	    createAndExecute $file
	    list {}
	
.... Test generated KNOWN error:
    while executing
ptolemy.kernel.util.IllegalActionException: Test fails in iteration 1.
Value was: 1.0. Should have been: 2.0
  in .DirectFeedback.Test
	at ptolemy.actor.lib.Test.fire(Test.java:268)
	at ptolemy.domains.de.kernel.DEDirector._fire(DEDirector.java:1949)
	at ptolemy.domains.de.kernel.DEDirector.fire(DEDirector.java:502)
	at ptolemy.actor.CompositeActor.fire(CompositeActor.java:455)
	at ptolemy.actor.Manager.iterate(Manager.java:851)
	at ptolemy.actor.Manager.execute(Manager.java:369)
	at ptolemy.actor.Manager.run(Manager.java:1263)
	at ptolemy.actor.Manager$PtolemyRunThread.run(Manager.java:1915)

    while executing
ptolemy.kernel.util.IllegalActionException: Test fails in iteration 1.
Value was: 1.0. Should have been: 2.0
  in .DirectFeedback.Test
    while executing
"java::new ptolemy.moml.MoMLSimpleApplication $file
"
    (procedure "createAndExecute" line 2)
    invoked from within
"createAndExecute $file"
    ("uplevel" body line 5)
    invoked from within
"uplevel $contents_of_test"
------------------ testing $PTII/ptolemy/domains/de/test/auto/ActorDepthCalculation_actorWithoutPorts.xml
auto.tcl: Setting watchdog for 200 seconds at Tue Jun 12 01:31:24 UTC 2018
4 ms. Memory: 146944K Free: 134932K (92%)
ptolemy.util.test.WatchDog.cancel(): canceling Tue Jun 12 01:31:24 UTC 2018
auto.tcl: Setting watchdog for 200 seconds at Tue Jun 12 01:31:24 UTC 2018
4 ms. Memory: 146944K Free: 132881K (90%)
ptolemy.util.test.WatchDog.cancel(): canceling Tue Jun 12 01:31:24 UTC 2018
------------------ testing $PTII/ptolemy/domains/de/test/auto/AssemblyLine.xml
auto.tcl: Setting watchdog for 200 seconds at Tue Jun 12 01:31:25 UTC 2018
11 ms. Memory: 208384K Free: 186026K (89%)
ptolemy.util.test.WatchDog.cancel(): canceling Tue Jun 12 01:31:25 UTC 2018
auto.tcl: Setting watchdog for 200 seconds at Tue Jun 12 01:31:25 UTC 2018
6 ms. Memory: 208384K Free: 186026K (89%)
ptolemy.util.test.WatchDog.cancel(): canceling Tue Jun 12 01:31:25 UTC 2018
------------------ testing $PTII/ptolemy/domains/de/test/auto/CQBug1.xml
auto.tcl: Setting watchdog for 200 seconds at Tue Jun 12 01:31:25 UTC 2018
6 ms. Memory: 208384K Free: 197671K (95%)
ptolemy.util.test.WatchDog.cancel(): canceling Tue Jun 12 01:31:25 UTC 2018
auto.tcl: Setting watchdog for 200 seconds at Tue Jun 12 01:31:25 UTC 2018
2 ms. Memory: 208384K Free: 197671K (95%)
ptolemy.util.test.WatchDog.cancel(): canceling Tue Jun 12 01:31:25 UTC 2018
------------------ testing $PTII/ptolemy/domains/de/test/auto/CancelFireAt.xml
auto.tcl: Setting watchdog for 200 seconds at Tue Jun 12 01:31:25 UTC 2018
3 ms. Memory: 208384K Free: 201078K (96%)
ptolemy.util.test.WatchDog.cancel(): canceling Tue Jun 12 01:31:25 UTC 2018
auto.tcl: Setting watchdog for 200 seconds at Tue Jun 12 01:31:25 UTC 2018
14 ms. Memory: 208384K Free: 198954K (95%)
ptolemy.util.test.WatchDog.cancel(): canceling Tue Jun 12 01:31:25 UTC 2018
------------------ testing $PTII/ptolemy/domains/de/test/auto/CausalityAndComposabilityAnalysis.xml
auto.tcl: Setting watchdog for 200 seconds at Tue Jun 12 01:31:25 UTC 2018
10 ms. Memory: 208384K Free: 198961K (95%)
ptolemy.util.test.WatchDog.cancel(): canceling Tue Jun 12 01:31:25 UTC 2018
auto.tcl: Setting watchdog for 200 seconds at Tue Jun 12 01:31:25 UTC 2018
5 ms. Memory: 208384K Free: 196837K (94%)
ptolemy.util.test.WatchDog.cancel(): canceling Tue Jun 12 01:31:25 UTC 2018
------------------ testing $PTII/ptolemy/domains/de/test/auto/CausalityInterface1.xml
auto.tcl: Setting watchdog for 200 seconds at Tue Jun 12 01:31:25 UTC 2018
8 ms. Memory: 208384K Free: 196364K (94%)
ptolemy.util.test.WatchDog.cancel(): canceling Tue Jun 12 01:31:25 UTC 2018
auto.tcl: Setting watchdog for 200 seconds at Tue Jun 12 01:31:25 UTC 2018
4 ms. Memory: 208384K Free: 196364K (94%)
ptolemy.util.test.WatchDog.cancel(): canceling Tue Jun 12 01:31:25 UTC 2018
------------------ testing $PTII/ptolemy/domains/de/test/auto/CausalityInterface15.xml
auto.tcl: Setting watchdog for 200 seconds at Tue Jun 12 01:31:25 UTC 2018
13 ms. Memory: 208384K Free: 196355K (94%)
ptolemy.util.test.WatchDog.cancel(): canceling Tue Jun 12 01:31:25 UTC 2018
auto.tcl: Setting watchdog for 200 seconds at Tue Jun 12 01:31:25 UTC 2018
8 ms. Memory: 208384K Free: 196355K (94%)
ptolemy.util.test.WatchDog.cancel(): canceling Tue Jun 12 01:31:25 UTC 2018
------------------ testing $PTII/ptolemy/domains/de/test/auto/CausalityInterface2.xml
auto.tcl: Setting watchdog for 200 seconds at Tue Jun 12 01:31:25 UTC 2018
8 ms. Memory: 208384K Free: 196339K (94%)
ptolemy.util.test.WatchDog.cancel(): canceling Tue Jun 12 01:31:25 UTC 2018
auto.tcl: Setting watchdog for 200 seconds at Tue Jun 12 01:31:25 UTC 2018
2 ms. Memory: 208384K Free: 196339K (94%)
ptolemy.util.test.WatchDog.cancel(): canceling Tue Jun 12 01:31:25 UTC 2018
------------------ testing $PTII/ptolemy/domains/de/test/auto/CausalityInterface3.xml
auto.tcl: Setting watchdog for 200 seconds at Tue Jun 12 01:31:25 UTC 2018
9 ms. Memory: 208384K Free: 196352K (94%)
ptolemy.util.test.WatchDog.cancel(): canceling Tue Jun 12 01:31:25 UTC 2018
auto.tcl: Setting watchdog for 200 seconds at Tue Jun 12 01:31:25 UTC 2018
8 ms. Memory: 208384K Free: 196352K (94%)
ptolemy.util.test.WatchDog.cancel(): canceling Tue Jun 12 01:31:25 UTC 2018
------------------ testing $PTII/ptolemy/domains/de/test/auto/ClockDrift.xml
auto.tcl: Setting watchdog for 200 seconds at Tue Jun 12 01:31:25 UTC 2018
83 ms. Memory: 208384K Free: 187510K (90%)
ptolemy.util.test.WatchDog.cancel(): canceling Tue Jun 12 01:31:26 UTC 2018
auto.tcl: Setting watchdog for 200 seconds at Tue Jun 12 01:31:26 UTC 2018
56 ms. Memory: 208384K Free: 185385K (89%)
ptolemy.util.test.WatchDog.cancel(): canceling Tue Jun 12 01:31:26 UTC 2018
------------------ testing $PTII/ptolemy/domains/de/test/auto/ClockDriftAndValueChange.xml
auto.tcl: Setting watchdog for 200 seconds at Tue Jun 12 01:31:26 UTC 2018
39 ms. Memory: 208384K Free: 187343K (90%)
ptolemy.util.test.WatchDog.cancel(): canceling Tue Jun 12 01:31:26 UTC 2018
auto.tcl: Setting watchdog for 200 seconds at Tue Jun 12 01:31:26 UTC 2018
32 ms. Memory: 208384K Free: 185219K (89%)
ptolemy.util.test.WatchDog.cancel(): canceling Tue Jun 12 01:31:26 UTC 2018
------------------ testing $PTII/ptolemy/domains/de/test/auto/ClockDriftChange.xml
auto.tcl: Setting watchdog for 200 seconds at Tue Jun 12 01:31:26 UTC 2018
34 ms. Memory: 208384K Free: 190690K (92%)
ptolemy.util.test.WatchDog.cancel(): canceling Tue Jun 12 01:31:26 UTC 2018
auto.tcl: Setting watchdog for 200 seconds at Tue Jun 12 01:31:26 UTC 2018
25 ms. Memory: 208384K Free: 188565K (90%)
ptolemy.util.test.WatchDog.cancel(): canceling Tue Jun 12 01:31:26 UTC 2018
------------------ testing $PTII/ptolemy/domains/de/test/auto/ComposableCausalityAnalysis.xml
auto.tcl: Setting watchdog for 200 seconds at Tue Jun 12 01:31:26 UTC 2018
2 ms. Memory: 208384K Free: 196544K (94%)
ptolemy.util.test.WatchDog.cancel(): canceling Tue Jun 12 01:31:26 UTC 2018
auto.tcl: Setting watchdog for 200 seconds at Tue Jun 12 01:31:26 UTC 2018
1 ms. Memory: 208384K Free: 194420K (93%)
ptolemy.util.test.WatchDog.cancel(): canceling Tue Jun 12 01:31:26 UTC 2018
------------------ testing $PTII/ptolemy/domains/de/test/auto/DEFixedPointLimitation.xml
auto.tcl: Setting watchdog for 200 seconds at Tue Jun 12 01:31:26 UTC 2018
2 ms. Memory: 208384K Free: 198413K (95%)
ptolemy.util.test.WatchDog.cancel(): canceling Tue Jun 12 01:31:26 UTC 2018
auto.tcl: Setting watchdog for 200 seconds at Tue Jun 12 01:31:26 UTC 2018
1 ms. Memory: 208384K Free: 196287K (94%)
ptolemy.util.test.WatchDog.cancel(): canceling Tue Jun 12 01:31:26 UTC 2018
------------------ testing $PTII/ptolemy/domains/de/test/auto/DEScheduleTest.xml
auto.tcl: Setting watchdog for 200 seconds at Tue Jun 12 01:31:26 UTC 2018
7 ms. Memory: 208384K Free: 198448K (95%)
ptolemy.util.test.WatchDog.cancel(): canceling Tue Jun 12 01:31:26 UTC 2018
auto.tcl: Setting watchdog for 200 seconds at Tue Jun 12 01:31:26 UTC 2018
6 ms. Memory: 208384K Free: 196323K (94%)
ptolemy.util.test.WatchDog.cancel(): canceling Tue Jun 12 01:31:26 UTC 2018
------------------ testing $PTII/ptolemy/domains/de/test/auto/DEinDEwithStartTimes.xml
auto.tcl: Setting watchdog for 200 seconds at Tue Jun 12 01:31:26 UTC 2018
4 ms. Memory: 208384K Free: 196292K (94%)
ptolemy.util.test.WatchDog.cancel(): canceling Tue Jun 12 01:31:26 UTC 2018
auto.tcl: Setting watchdog for 200 seconds at Tue Jun 12 01:31:26 UTC 2018
3 ms. Memory: 208384K Free: 194168K (93%)
ptolemy.util.test.WatchDog.cancel(): canceling Tue Jun 12 01:31:26 UTC 2018
------------------ testing $PTII/ptolemy/domains/de/test/auto/DEinDEwithStartTimes2.xml
auto.tcl: Setting watchdog for 200 seconds at Tue Jun 12 01:31:26 UTC 2018
8 ms. Memory: 208384K Free: 196610K (94%)
ptolemy.util.test.WatchDog.cancel(): canceling Tue Jun 12 01:31:26 UTC 2018
auto.tcl: Setting watchdog for 200 seconds at Tue Jun 12 01:31:26 UTC 2018
4 ms. Memory: 208384K Free: 194147K (93%)
ptolemy.util.test.WatchDog.cancel(): canceling Tue Jun 12 01:31:26 UTC 2018
------------------ testing $PTII/ptolemy/domains/de/test/auto/DateDemo.xml
auto.tcl: Setting watchdog for 200 seconds at Tue Jun 12 01:31:26 UTC 2018
16 ms. Memory: 208384K Free: 188635K (91%)
ptolemy.util.test.WatchDog.cancel(): canceling Tue Jun 12 01:31:27 UTC 2018
auto.tcl: Setting watchdog for 200 seconds at Tue Jun 12 01:31:27 UTC 2018
11 ms. Memory: 208384K Free: 186510K (90%)
ptolemy.util.test.WatchDog.cancel(): canceling Tue Jun 12 01:31:27 UTC 2018
------------------ testing $PTII/ptolemy/domains/de/test/auto/DateToEvent.xml
auto.tcl: Setting watchdog for 200 seconds at Tue Jun 12 01:31:27 UTC 2018
2019 ms. Memory: 208384K Free: 183260K (88%)
ptolemy.util.test.WatchDog.cancel(): canceling Tue Jun 12 01:31:29 UTC 2018
auto.tcl: Setting watchdog for 200 seconds at Tue Jun 12 01:31:29 UTC 2018
2004 ms. Memory: 208384K Free: 180802K (87%)
ptolemy.util.test.WatchDog.cancel(): canceling Tue Jun 12 01:31:31 UTC 2018
------------------ testing $PTII/ptolemy/domains/de/test/auto/DepthTest1.xml
auto.tcl: Setting watchdog for 200 seconds at Tue Jun 12 01:31:31 UTC 2018
4 ms. Memory: 208384K Free: 197975K (95%)
ptolemy.util.test.WatchDog.cancel(): canceling Tue Jun 12 01:31:31 UTC 2018
auto.tcl: Setting watchdog for 200 seconds at Tue Jun 12 01:31:31 UTC 2018
2 ms. Memory: 208384K Free: 197975K (95%)
ptolemy.util.test.WatchDog.cancel(): canceling Tue Jun 12 01:31:31 UTC 2018
------------------ testing $PTII/ptolemy/domains/de/test/auto/DepthTest2.xml
auto.tcl: Setting watchdog for 200 seconds at Tue Jun 12 01:31:31 UTC 2018
7 ms. Memory: 208384K Free: 193677K (93%)
ptolemy.util.test.WatchDog.cancel(): canceling Tue Jun 12 01:31:31 UTC 2018
auto.tcl: Setting watchdog for 200 seconds at Tue Jun 12 01:31:31 UTC 2018
2 ms. Memory: 208384K Free: 193677K (93%)
ptolemy.util.test.WatchDog.cancel(): canceling Tue Jun 12 01:31:31 UTC 2018
------------------ testing $PTII/ptolemy/domains/de/test/auto/DepthTest3.xml
auto.tcl: Setting watchdog for 200 seconds at Tue Jun 12 01:31:31 UTC 2018
3 ms. Memory: 208384K Free: 197827K (95%)
ptolemy.util.test.WatchDog.cancel(): canceling Tue Jun 12 01:31:31 UTC 2018
auto.tcl: Setting watchdog for 200 seconds at Tue Jun 12 01:31:31 UTC 2018
2 ms. Memory: 208384K Free: 197827K (95%)
ptolemy.util.test.WatchDog.cancel(): canceling Tue Jun 12 01:31:31 UTC 2018
------------------ testing $PTII/ptolemy/domains/de/test/auto/DepthTest4.xml
auto.tcl: Setting watchdog for 200 seconds at Tue Jun 12 01:31:31 UTC 2018
3 ms. Memory: 208384K Free: 195789K (94%)
ptolemy.util.test.WatchDog.cancel(): canceling Tue Jun 12 01:31:31 UTC 2018
auto.tcl: Setting watchdog for 200 seconds at Tue Jun 12 01:31:31 UTC 2018
2 ms. Memory: 208384K Free: 195789K (94%)
ptolemy.util.test.WatchDog.cancel(): canceling Tue Jun 12 01:31:31 UTC 2018
------------------ testing $PTII/ptolemy/domains/de/test/auto/DepthTest5.xml
auto.tcl: Setting watchdog for 200 seconds at Tue Jun 12 01:31:31 UTC 2018
4 ms. Memory: 208384K Free: 195737K (94%)
ptolemy.util.test.WatchDog.cancel(): canceling Tue Jun 12 01:31:31 UTC 2018
auto.tcl: Setting watchdog for 200 seconds at Tue Jun 12 01:31:31 UTC 2018
2 ms. Memory: 208384K Free: 195737K (94%)
ptolemy.util.test.WatchDog.cancel(): canceling Tue Jun 12 01:31:31 UTC 2018
------------------ testing $PTII/ptolemy/domains/de/test/auto/DepthTest6.xml
auto.tcl: Setting watchdog for 200 seconds at Tue Jun 12 01:31:31 UTC 2018
8 ms. Memory: 208384K Free: 195698K (94%)
ptolemy.util.test.WatchDog.cancel(): canceling Tue Jun 12 01:31:31 UTC 2018
auto.tcl: Setting watchdog for 200 seconds at Tue Jun 12 01:31:31 UTC 2018
3 ms. Memory: 208384K Free: 195698K (94%)
ptolemy.util.test.WatchDog.cancel(): canceling Tue Jun 12 01:31:31 UTC 2018
------------------ testing $PTII/ptolemy/domains/de/test/auto/DepthTest7.xml
auto.tcl: Setting watchdog for 200 seconds at Tue Jun 12 01:31:31 UTC 2018
2 ms. Memory: 208384K Free: 195694K (94%)
ptolemy.util.test.WatchDog.cancel(): canceling Tue Jun 12 01:31:31 UTC 2018
auto.tcl: Setting watchdog for 200 seconds at Tue Jun 12 01:31:31 UTC 2018
3 ms. Memory: 208384K Free: 195694K (94%)
ptolemy.util.test.WatchDog.cancel(): canceling Tue Jun 12 01:31:31 UTC 2018
------------------ testing $PTII/ptolemy/domains/de/test/auto/EventToDate.xml
auto.tcl: Setting watchdog for 200 seconds at Tue Jun 12 01:31:31 UTC 2018
3011 ms. Memory: 208384K Free: 185092K (89%)
ptolemy.util.test.WatchDog.cancel(): canceling Tue Jun 12 01:31:34 UTC 2018
auto.tcl: Setting watchdog for 200 seconds at Tue Jun 12 01:31:34 UTC 2018
3004 ms. Memory: 208384K Free: 185092K (89%)
ptolemy.util.test.WatchDog.cancel(): canceling Tue Jun 12 01:31:37 UTC 2018
------------------ testing $PTII/ptolemy/domains/de/test/auto/FSM1.xml
auto.tcl: Setting watchdog for 200 seconds at Tue Jun 12 01:31:37 UTC 2018
31 ms. Memory: 208384K Free: 188697K (91%)
ptolemy.util.test.WatchDog.cancel(): canceling Tue Jun 12 01:31:37 UTC 2018
auto.tcl: Setting watchdog for 200 seconds at Tue Jun 12 01:31:37 UTC 2018
22 ms. Memory: 208384K Free: 184448K (89%)
ptolemy.util.test.WatchDog.cancel(): canceling Tue Jun 12 01:31:38 UTC 2018
------------------ testing $PTII/ptolemy/domains/de/test/auto/FSM7.xml
auto.tcl: Setting watchdog for 200 seconds at Tue Jun 12 01:31:38 UTC 2018
25 ms. Memory: 208384K Free: 186775K (90%)
ptolemy.util.test.WatchDog.cancel(): canceling Tue Jun 12 01:31:38 UTC 2018
auto.tcl: Setting watchdog for 200 seconds at Tue Jun 12 01:31:38 UTC 2018
17 ms. Memory: 208384K Free: 184650K (89%)
ptolemy.util.test.WatchDog.cancel(): canceling Tue Jun 12 01:31:38 UTC 2018
------------------ testing $PTII/ptolemy/domains/de/test/auto/Inspection.xml
auto.tcl: Setting watchdog for 200 seconds at Tue Jun 12 01:31:38 UTC 2018
46 ms. Memory: 208384K Free: 188326K (90%)
ptolemy.util.test.WatchDog.cancel(): canceling Tue Jun 12 01:31:38 UTC 2018
auto.tcl: Setting watchdog for 200 seconds at Tue Jun 12 01:31:38 UTC 2018
27 ms. Memory: 208384K Free: 186202K (89%)
ptolemy.util.test.WatchDog.cancel(): canceling Tue Jun 12 01:31:38 UTC 2018
------------------ testing $PTII/ptolemy/domains/de/test/auto/Iteration.xml
auto.tcl: Setting watchdog for 200 seconds at Tue Jun 12 01:31:38 UTC 2018
7 ms. Memory: 208384K Free: 195499K (94%)
ptolemy.util.test.WatchDog.cancel(): canceling Tue Jun 12 01:31:38 UTC 2018
auto.tcl: Setting watchdog for 200 seconds at Tue Jun 12 01:31:38 UTC 2018
6 ms. Memory: 208384K Free: 193374K (93%)
ptolemy.util.test.WatchDog.cancel(): canceling Tue Jun 12 01:31:38 UTC 2018
------------------ testing $PTII/ptolemy/domains/de/test/auto/LineFault.xml
auto.tcl: Setting watchdog for 200 seconds at Tue Jun 12 01:31:38 UTC 2018
729 ms. Memory: 208384K Free: 194632K (93%)
ptolemy.util.test.WatchDog.cancel(): canceling Tue Jun 12 01:31:39 UTC 2018
auto.tcl: Setting watchdog for 200 seconds at Tue Jun 12 01:31:39 UTC 2018
598 ms. Memory: 208384K Free: 138486K (66%)
ptolemy.util.test.WatchDog.cancel(): canceling Tue Jun 12 01:31:40 UTC 2018
------------------ testing $PTII/ptolemy/domains/de/test/auto/MergeModel1Add.xml
auto.tcl: Setting watchdog for 200 seconds at Tue Jun 12 01:31:40 UTC 2018
16 ms. Memory: 331264K Free: 302362K (91%)
ptolemy.util.test.WatchDog.cancel(): canceling Tue Jun 12 01:31:40 UTC 2018
auto.tcl: Setting watchdog for 200 seconds at Tue Jun 12 01:31:40 UTC 2018
16 ms. Memory: 331264K Free: 298420K (90%)
ptolemy.util.test.WatchDog.cancel(): canceling Tue Jun 12 01:31:40 UTC 2018
------------------ testing $PTII/ptolemy/domains/de/test/auto/MergeModel2Add.xml
auto.tcl: Setting watchdog for 200 seconds at Tue Jun 12 01:31:40 UTC 2018
17 ms. Memory: 331264K Free: 303701K (92%)
ptolemy.util.test.WatchDog.cancel(): canceling Tue Jun 12 01:31:40 UTC 2018
auto.tcl: Setting watchdog for 200 seconds at Tue Jun 12 01:31:40 UTC 2018
12 ms. Memory: 331264K Free: 299759K (90%)
ptolemy.util.test.WatchDog.cancel(): canceling Tue Jun 12 01:31:40 UTC 2018
------------------ testing $PTII/ptolemy/domains/de/test/auto/MergeModel3Add.xml
auto.tcl: Setting watchdog for 200 seconds at Tue Jun 12 01:31:40 UTC 2018
8 ms. Memory: 331264K Free: 303711K (92%)
ptolemy.util.test.WatchDog.cancel(): canceling Tue Jun 12 01:31:40 UTC 2018
auto.tcl: Setting watchdog for 200 seconds at Tue Jun 12 01:31:40 UTC 2018
8 ms. Memory: 331264K Free: 299769K (90%)
ptolemy.util.test.WatchDog.cancel(): canceling Tue Jun 12 01:31:40 UTC 2018
------------------ testing $PTII/ptolemy/domains/de/test/auto/MergeWithoutDiscard.xml
auto.tcl: Setting watchdog for 200 seconds at Tue Jun 12 01:31:40 UTC 2018
5 ms. Memory: 331264K Free: 315819K (95%)
ptolemy.util.test.WatchDog.cancel(): canceling Tue Jun 12 01:31:40 UTC 2018
auto.tcl: Setting watchdog for 200 seconds at Tue Jun 12 01:31:40 UTC 2018
1 ms. Memory: 331264K Free: 315819K (95%)
ptolemy.util.test.WatchDog.cancel(): canceling Tue Jun 12 01:31:40 UTC 2018
------------------ testing $PTII/ptolemy/domains/de/test/auto/Modal1.xml
auto.tcl: Setting watchdog for 200 seconds at Tue Jun 12 01:31:40 UTC 2018
16 ms. Memory: 331264K Free: 309433K (93%)
ptolemy.util.test.WatchDog.cancel(): canceling Tue Jun 12 01:31:40 UTC 2018
auto.tcl: Setting watchdog for 200 seconds at Tue Jun 12 01:31:40 UTC 2018
27 ms. Memory: 331264K Free: 305491K (92%)
ptolemy.util.test.WatchDog.cancel(): canceling Tue Jun 12 01:31:40 UTC 2018
------------------ testing $PTII/ptolemy/domains/de/test/auto/Modal2.xml
auto.tcl: Setting watchdog for 200 seconds at Tue Jun 12 01:31:40 UTC 2018
16 ms. Memory: 331264K Free: 309321K (93%)
ptolemy.util.test.WatchDog.cancel(): canceling Tue Jun 12 01:31:40 UTC 2018
auto.tcl: Setting watchdog for 200 seconds at Tue Jun 12 01:31:40 UTC 2018
19 ms. Memory: 331264K Free: 305380K (92%)
ptolemy.util.test.WatchDog.cancel(): canceling Tue Jun 12 01:31:40 UTC 2018
------------------ testing $PTII/ptolemy/domains/de/test/auto/Modal3.xml
auto.tcl: Setting watchdog for 200 seconds at Tue Jun 12 01:31:40 UTC 2018
16 ms. Memory: 331264K Free: 309590K (93%)
ptolemy.util.test.WatchDog.cancel(): canceling Tue Jun 12 01:31:40 UTC 2018
auto.tcl: Setting watchdog for 200 seconds at Tue Jun 12 01:31:40 UTC 2018
14 ms. Memory: 331264K Free: 305362K (92%)
ptolemy.util.test.WatchDog.cancel(): canceling Tue Jun 12 01:31:40 UTC 2018
------------------ testing $PTII/ptolemy/domains/de/test/auto/Modal4.xml
auto.tcl: Setting watchdog for 200 seconds at Tue Jun 12 01:31:40 UTC 2018
23 ms. Memory: 331264K Free: 309317K (93%)
ptolemy.util.test.WatchDog.cancel(): canceling Tue Jun 12 01:31:41 UTC 2018
auto.tcl: Setting watchdog for 200 seconds at Tue Jun 12 01:31:41 UTC 2018
17 ms. Memory: 331264K Free: 305376K (92%)
ptolemy.util.test.WatchDog.cancel(): canceling Tue Jun 12 01:31:41 UTC 2018
------------------ testing $PTII/ptolemy/domains/de/test/auto/Modal5.xml
auto.tcl: Setting watchdog for 200 seconds at Tue Jun 12 01:31:41 UTC 2018
11 ms. Memory: 331264K Free: 309305K (93%)
ptolemy.util.test.WatchDog.cancel(): canceling Tue Jun 12 01:31:41 UTC 2018
auto.tcl: Setting watchdog for 200 seconds at Tue Jun 12 01:31:41 UTC 2018
12 ms. Memory: 331264K Free: 305363K (92%)
ptolemy.util.test.WatchDog.cancel(): canceling Tue Jun 12 01:31:41 UTC 2018
------------------ testing $PTII/ptolemy/domains/de/test/auto/Modal6.xml
auto.tcl: Setting watchdog for 200 seconds at Tue Jun 12 01:31:41 UTC 2018
13 ms. Memory: 331264K Free: 309302K (93%)
ptolemy.util.test.WatchDog.cancel(): canceling Tue Jun 12 01:31:41 UTC 2018
auto.tcl: Setting watchdog for 200 seconds at Tue Jun 12 01:31:41 UTC 2018
17 ms. Memory: 331264K Free: 305361K (92%)
ptolemy.util.test.WatchDog.cancel(): canceling Tue Jun 12 01:31:41 UTC 2018
------------------ testing $PTII/ptolemy/domains/de/test/auto/Modal7.xml
auto.tcl: Setting watchdog for 200 seconds at Tue Jun 12 01:31:41 UTC 2018
13 ms. Memory: 331264K Free: 309302K (93%)
ptolemy.util.test.WatchDog.cancel(): canceling Tue Jun 12 01:31:41 UTC 2018
auto.tcl: Setting watchdog for 200 seconds at Tue Jun 12 01:31:41 UTC 2018
9 ms. Memory: 331264K Free: 305360K (92%)
ptolemy.util.test.WatchDog.cancel(): canceling Tue Jun 12 01:31:41 UTC 2018
------------------ testing $PTII/ptolemy/domains/de/test/auto/ModalModel.xml
auto.tcl: Setting watchdog for 200 seconds at Tue Jun 12 01:31:41 UTC 2018
190 ms. Memory: 331264K Free: 245835K (74%)
ptolemy.util.test.WatchDog.cancel(): canceling Tue Jun 12 01:31:41 UTC 2018
auto.tcl: Setting watchdog for 200 seconds at Tue Jun 12 01:31:41 UTC 2018
166 ms. Memory: 331264K Free: 190649K (58%)
ptolemy.util.test.WatchDog.cancel(): canceling Tue Jun 12 01:31:41 UTC 2018
------------------ testing $PTII/ptolemy/domains/de/test/auto/ModalSource.xml
auto.tcl: Setting watchdog for 200 seconds at Tue Jun 12 01:31:41 UTC 2018
5 ms. Memory: 331264K Free: 316081K (95%)
ptolemy.util.test.WatchDog.cancel(): canceling Tue Jun 12 01:31:41 UTC 2018
auto.tcl: Setting watchdog for 200 seconds at Tue Jun 12 01:31:41 UTC 2018
6 ms. Memory: 331264K Free: 312570K (94%)
ptolemy.util.test.WatchDog.cancel(): canceling Tue Jun 12 01:31:41 UTC 2018
------------------ testing $PTII/ptolemy/domains/de/test/auto/NonInterruptibleTimerZeroDelay.xml
auto.tcl: Setting watchdog for 200 seconds at Tue Jun 12 01:31:41 UTC 2018
3 ms. Memory: 331264K Free: 320429K (97%)
ptolemy.util.test.WatchDog.cancel(): canceling Tue Jun 12 01:31:41 UTC 2018
auto.tcl: Setting watchdog for 200 seconds at Tue Jun 12 01:31:41 UTC 2018
2 ms. Memory: 331264K Free: 316918K (96%)
ptolemy.util.test.WatchDog.cancel(): canceling Tue Jun 12 01:31:41 UTC 2018
------------------ testing $PTII/ptolemy/domains/de/test/auto/OpenQueueingNetwork.xml
auto.tcl: Setting watchdog for 200 seconds at Tue Jun 12 01:31:41 UTC 2018
2823 ms. Memory: 573952K Free: 421029K (73%)
ptolemy.util.test.WatchDog.cancel(): canceling Tue Jun 12 01:31:44 UTC 2018
auto.tcl: Setting watchdog for 200 seconds at Tue Jun 12 01:31:44 UTC 2018
2480 ms. Memory: 550912K Free: 314833K (57%)
ptolemy.util.test.WatchDog.cancel(): canceling Tue Jun 12 01:31:47 UTC 2018
------------------ testing $PTII/ptolemy/domains/de/test/auto/OpenQueuingNetwork.xml
auto.tcl: Setting watchdog for 200 seconds at Tue Jun 12 01:31:47 UTC 2018
214 ms. Memory: 549888K Free: 445048K (81%)
ptolemy.util.test.WatchDog.cancel(): canceling Tue Jun 12 01:31:47 UTC 2018
auto.tcl: Setting watchdog for 200 seconds at Tue Jun 12 01:31:47 UTC 2018
218 ms. Memory: 549888K Free: 384982K (70%)
ptolemy.util.test.WatchDog.cancel(): canceling Tue Jun 12 01:31:48 UTC 2018
------------------ testing $PTII/ptolemy/domains/de/test/auto/PeriodicSampler.xml
auto.tcl: Setting watchdog for 200 seconds at Tue Jun 12 01:31:48 UTC 2018
2 ms. Memory: 551936K Free: 529900K (96%)
ptolemy.util.test.WatchDog.cancel(): canceling Tue Jun 12 01:31:48 UTC 2018
auto.tcl: Setting watchdog for 200 seconds at Tue Jun 12 01:31:48 UTC 2018
2 ms. Memory: 551936K Free: 529900K (96%)
ptolemy.util.test.WatchDog.cancel(): canceling Tue Jun 12 01:31:48 UTC 2018
------------------ testing $PTII/ptolemy/domains/de/test/auto/PersistentIO.xml
auto.tcl: Setting watchdog for 200 seconds at Tue Jun 12 01:31:48 UTC 2018
11 ms. Memory: 549376K Free: 522462K (95%)
ptolemy.util.test.WatchDog.cancel(): canceling Tue Jun 12 01:31:48 UTC 2018
auto.tcl: Setting watchdog for 200 seconds at Tue Jun 12 01:31:48 UTC 2018
3 ms. Memory: 549376K Free: 522462K (95%)
ptolemy.util.test.WatchDog.cancel(): canceling Tue Jun 12 01:31:48 UTC 2018
------------------ testing $PTII/ptolemy/domains/de/test/auto/PortParameterResetOnInitialize.xml
auto.tcl: Setting watchdog for 200 seconds at Tue Jun 12 01:31:48 UTC 2018
2 ms. Memory: 551424K Free: 529617K (96%)
ptolemy.util.test.WatchDog.cancel(): canceling Tue Jun 12 01:31:48 UTC 2018
auto.tcl: Setting watchdog for 200 seconds at Tue Jun 12 01:31:48 UTC 2018
1 ms. Memory: 551424K Free: 529617K (96%)
ptolemy.util.test.WatchDog.cancel(): canceling Tue Jun 12 01:31:48 UTC 2018
------------------ testing $PTII/ptolemy/domains/de/test/auto/PortParameterUpdates.xml
auto.tcl: Setting watchdog for 200 seconds at Tue Jun 12 01:31:48 UTC 2018
5 ms. Memory: 549376K Free: 532382K (97%)
ptolemy.util.test.WatchDog.cancel(): canceling Tue Jun 12 01:31:48 UTC 2018
auto.tcl: Setting watchdog for 200 seconds at Tue Jun 12 01:31:48 UTC 2018
6 ms. Memory: 549376K Free: 526922K (96%)
ptolemy.util.test.WatchDog.cancel(): canceling Tue Jun 12 01:31:48 UTC 2018
------------------ testing $PTII/ptolemy/domains/de/test/auto/QueueAndServer.xml
auto.tcl: Setting watchdog for 200 seconds at Tue Jun 12 01:31:48 UTC 2018
21 ms. Memory: 551424K Free: 528924K (96%)
ptolemy.util.test.WatchDog.cancel(): canceling Tue Jun 12 01:31:48 UTC 2018
auto.tcl: Setting watchdog for 200 seconds at Tue Jun 12 01:31:48 UTC 2018
5 ms. Memory: 551424K Free: 528924K (96%)
ptolemy.util.test.WatchDog.cancel(): canceling Tue Jun 12 01:31:48 UTC 2018
------------------ testing $PTII/ptolemy/domains/de/test/auto/Records.xml
auto.tcl: Setting watchdog for 200 seconds at Tue Jun 12 01:31:48 UTC 2018
4 ms. Memory: 549376K Free: 532286K (97%)
ptolemy.util.test.WatchDog.cancel(): canceling Tue Jun 12 01:31:48 UTC 2018
auto.tcl: Setting watchdog for 200 seconds at Tue Jun 12 01:31:48 UTC 2018
2 ms. Memory: 549376K Free: 532286K (97%)
ptolemy.util.test.WatchDog.cancel(): canceling Tue Jun 12 01:31:48 UTC 2018
------------------ testing $PTII/ptolemy/domains/de/test/auto/ResetTransitionWithStartTime1.xml
auto.tcl: Setting watchdog for 200 seconds at Tue Jun 12 01:31:48 UTC 2018
7 ms. Memory: 551424K Free: 528884K (96%)
ptolemy.util.test.WatchDog.cancel(): canceling Tue Jun 12 01:31:48 UTC 2018
auto.tcl: Setting watchdog for 200 seconds at Tue Jun 12 01:31:48 UTC 2018
5 ms. Memory: 551424K Free: 528884K (96%)
ptolemy.util.test.WatchDog.cancel(): canceling Tue Jun 12 01:31:48 UTC 2018
------------------ testing $PTII/ptolemy/domains/de/test/auto/ResetTransitionWithStartTime2.xml
auto.tcl: Setting watchdog for 200 seconds at Tue Jun 12 01:31:48 UTC 2018
5 ms. Memory: 549376K Free: 527056K (96%)
ptolemy.util.test.WatchDog.cancel(): canceling Tue Jun 12 01:31:48 UTC 2018
auto.tcl: Setting watchdog for 200 seconds at Tue Jun 12 01:31:48 UTC 2018
9 ms. Memory: 549376K Free: 527056K (96%)
ptolemy.util.test.WatchDog.cancel(): canceling Tue Jun 12 01:31:48 UTC 2018
------------------ testing $PTII/ptolemy/domains/de/test/auto/ResetTransitionWithStartTime3.xml
auto.tcl: Setting watchdog for 200 seconds at Tue Jun 12 01:31:48 UTC 2018
8 ms. Memory: 550912K Free: 528361K (96%)
ptolemy.util.test.WatchDog.cancel(): canceling Tue Jun 12 01:31:48 UTC 2018
auto.tcl: Setting watchdog for 200 seconds at Tue Jun 12 01:31:48 UTC 2018
9 ms. Memory: 550912K Free: 528361K (96%)
ptolemy.util.test.WatchDog.cancel(): canceling Tue Jun 12 01:31:48 UTC 2018
------------------ testing $PTII/ptolemy/domains/de/test/auto/ResetTransitionWithStartTime4.xml
auto.tcl: Setting watchdog for 200 seconds at Tue Jun 12 01:31:48 UTC 2018
5 ms. Memory: 549376K Free: 526823K (96%)
ptolemy.util.test.WatchDog.cancel(): canceling Tue Jun 12 01:31:48 UTC 2018
auto.tcl: Setting watchdog for 200 seconds at Tue Jun 12 01:31:48 UTC 2018
3 ms. Memory: 549376K Free: 526823K (96%)
ptolemy.util.test.WatchDog.cancel(): canceling Tue Jun 12 01:31:48 UTC 2018
------------------ testing $PTII/ptolemy/domains/de/test/auto/ResettableTimer1.xml
auto.tcl: Setting watchdog for 200 seconds at Tue Jun 12 01:31:48 UTC 2018
5 ms. Memory: 550912K Free: 533831K (97%)
ptolemy.util.test.WatchDog.cancel(): canceling Tue Jun 12 01:31:48 UTC 2018
auto.tcl: Setting watchdog for 200 seconds at Tue Jun 12 01:31:48 UTC 2018
1 ms. Memory: 550912K Free: 533831K (97%)
ptolemy.util.test.WatchDog.cancel(): canceling Tue Jun 12 01:31:48 UTC 2018
------------------ testing $PTII/ptolemy/domains/de/test/auto/ResettableTimer2.xml
auto.tcl: Setting watchdog for 200 seconds at Tue Jun 12 01:31:48 UTC 2018
5 ms. Memory: 549376K Free: 532583K (97%)
ptolemy.util.test.WatchDog.cancel(): canceling Tue Jun 12 01:31:48 UTC 2018
auto.tcl: Setting watchdog for 200 seconds at Tue Jun 12 01:31:48 UTC 2018
2 ms. Memory: 549376K Free: 532583K (97%)
ptolemy.util.test.WatchDog.cancel(): canceling Tue Jun 12 01:31:48 UTC 2018
------------------ testing $PTII/ptolemy/domains/de/test/auto/ResettableTimer3.xml
auto.tcl: Setting watchdog for 200 seconds at Tue Jun 12 01:31:48 UTC 2018
1 ms. Memory: 550912K Free: 533888K (97%)
ptolemy.util.test.WatchDog.cancel(): canceling Tue Jun 12 01:31:49 UTC 2018
auto.tcl: Setting watchdog for 200 seconds at Tue Jun 12 01:31:49 UTC 2018
1 ms. Memory: 550912K Free: 533888K (97%)
ptolemy.util.test.WatchDog.cancel(): canceling Tue Jun 12 01:31:49 UTC 2018
------------------ testing $PTII/ptolemy/domains/de/test/auto/ResettableTimer4.xml
auto.tcl: Setting watchdog for 200 seconds at Tue Jun 12 01:31:49 UTC 2018
1 ms. Memory: 549376K Free: 532595K (97%)
ptolemy.util.test.WatchDog.cancel(): canceling Tue Jun 12 01:31:49 UTC 2018
auto.tcl: Setting watchdog for 200 seconds at Tue Jun 12 01:31:49 UTC 2018
1 ms. Memory: 549376K Free: 532595K (97%)
ptolemy.util.test.WatchDog.cancel(): canceling Tue Jun 12 01:31:49 UTC 2018
------------------ testing $PTII/ptolemy/domains/de/test/auto/ResettableTimer5.xml
auto.tcl: Setting watchdog for 200 seconds at Tue Jun 12 01:31:49 UTC 2018
1 ms. Memory: 550400K Free: 528937K (96%)
ptolemy.util.test.WatchDog.cancel(): canceling Tue Jun 12 01:31:49 UTC 2018
auto.tcl: Setting watchdog for 200 seconds at Tue Jun 12 01:31:49 UTC 2018
2 ms. Memory: 550400K Free: 528937K (96%)
ptolemy.util.test.WatchDog.cancel(): canceling Tue Jun 12 01:31:49 UTC 2018
------------------ testing $PTII/ptolemy/domains/de/test/auto/ResettableTimer6.xml
auto.tcl: Setting watchdog for 200 seconds at Tue Jun 12 01:31:49 UTC 2018
1 ms. Memory: 549376K Free: 527633K (96%)
ptolemy.util.test.WatchDog.cancel(): canceling Tue Jun 12 01:31:49 UTC 2018
auto.tcl: Setting watchdog for 200 seconds at Tue Jun 12 01:31:49 UTC 2018
2 ms. Memory: 549376K Free: 527633K (96%)
ptolemy.util.test.WatchDog.cancel(): canceling Tue Jun 12 01:31:49 UTC 2018
------------------ testing $PTII/ptolemy/domains/de/test/auto/ServerZeroDelay.xml
auto.tcl: Setting watchdog for 200 seconds at Tue Jun 12 01:31:49 UTC 2018
3 ms. Memory: 550400K Free: 533557K (97%)
ptolemy.util.test.WatchDog.cancel(): canceling Tue Jun 12 01:31:49 UTC 2018
auto.tcl: Setting watchdog for 200 seconds at Tue Jun 12 01:31:49 UTC 2018
3 ms. Memory: 550400K Free: 533557K (97%)
ptolemy.util.test.WatchDog.cancel(): canceling Tue Jun 12 01:31:49 UTC 2018
------------------ testing $PTII/ptolemy/domains/de/test/auto/SmartSender.xml
auto.tcl: Setting watchdog for 200 seconds at Tue Jun 12 01:31:49 UTC 2018
3001 ms. Memory: 549376K Free: 527848K (96%)
ptolemy.util.test.WatchDog.cancel(): canceling Tue Jun 12 01:31:52 UTC 2018
auto.tcl: Setting watchdog for 200 seconds at Tue Jun 12 01:31:52 UTC 2018
3001 ms. Memory: 549376K Free: 527848K (96%)
ptolemy.util.test.WatchDog.cancel(): canceling Tue Jun 12 01:31:55 UTC 2018
------------------ testing $PTII/ptolemy/domains/de/test/auto/ThreadedComposite.xml
auto.tcl: Setting watchdog for 200 seconds at Tue Jun 12 01:31:55 UTC 2018
358 ms. Memory: 550400K Free: 499009K (91%)
ptolemy.util.test.WatchDog.cancel(): canceling Tue Jun 12 01:31:55 UTC 2018
auto.tcl: Setting watchdog for 200 seconds at Tue Jun 12 01:31:55 UTC 2018
191 ms. Memory: 550400K Free: 474830K (86%)
ptolemy.util.test.WatchDog.cancel(): canceling Tue Jun 12 01:31:56 UTC 2018
------------------ testing $PTII/ptolemy/domains/de/test/auto/Time.xml
auto.tcl: Setting watchdog for 200 seconds at Tue Jun 12 01:31:56 UTC 2018
523 ms. Memory: 549376K Free: 471187K (86%)
ptolemy.util.test.WatchDog.cancel(): canceling Tue Jun 12 01:31:56 UTC 2018
auto.tcl: Setting watchdog for 200 seconds at Tue Jun 12 01:31:56 UTC 2018
467 ms. Memory: 549376K Free: 416582K (76%)
ptolemy.util.test.WatchDog.cancel(): canceling Tue Jun 12 01:31:57 UTC 2018
------------------ testing $PTII/ptolemy/domains/de/test/auto/TimeDelayZeroDelay.xml
auto.tcl: Setting watchdog for 200 seconds at Tue Jun 12 01:31:57 UTC 2018
6 ms. Memory: 550400K Free: 533245K (97%)
ptolemy.util.test.WatchDog.cancel(): canceling Tue Jun 12 01:31:57 UTC 2018
auto.tcl: Setting watchdog for 200 seconds at Tue Jun 12 01:31:57 UTC 2018
2 ms. Memory: 550400K Free: 533245K (97%)
ptolemy.util.test.WatchDog.cancel(): canceling Tue Jun 12 01:31:57 UTC 2018
------------------ testing $PTII/ptolemy/domains/de/test/auto/TimerZeroDelay.xml
auto.tcl: Setting watchdog for 200 seconds at Tue Jun 12 01:31:57 UTC 2018
4 ms. Memory: 549376K Free: 532495K (97%)
ptolemy.util.test.WatchDog.cancel(): canceling Tue Jun 12 01:31:57 UTC 2018
auto.tcl: Setting watchdog for 200 seconds at Tue Jun 12 01:31:57 UTC 2018
2 ms. Memory: 549376K Free: 532495K (97%)
ptolemy.util.test.WatchDog.cancel(): canceling Tue Jun 12 01:31:57 UTC 2018
------------------ testing $PTII/ptolemy/domains/de/test/auto/TimingParadox.xml
auto.tcl: Setting watchdog for 200 seconds at Tue Jun 12 01:31:57 UTC 2018
302 ms. Memory: 549888K Free: 467215K (85%)
ptolemy.util.test.WatchDog.cancel(): canceling Tue Jun 12 01:31:57 UTC 2018
auto.tcl: Setting watchdog for 200 seconds at Tue Jun 12 01:31:57 UTC 2018
306 ms. Memory: 549888K Free: 434452K (79%)
ptolemy.util.test.WatchDog.cancel(): canceling Tue Jun 12 01:31:58 UTC 2018
------------------ testing $PTII/ptolemy/domains/de/test/auto/TransferInputs.xml
auto.tcl: Setting watchdog for 200 seconds at Tue Jun 12 01:31:58 UTC 2018
2 ms. Memory: 549888K Free: 531907K (97%)
ptolemy.util.test.WatchDog.cancel(): canceling Tue Jun 12 01:31:58 UTC 2018
auto.tcl: Setting watchdog for 200 seconds at Tue Jun 12 01:31:58 UTC 2018
1 ms. Memory: 549888K Free: 531907K (97%)
ptolemy.util.test.WatchDog.cancel(): canceling Tue Jun 12 01:31:58 UTC 2018
------------------ testing $PTII/ptolemy/domains/de/test/auto/TransferOutputs2.xml
auto.tcl: Setting watchdog for 200 seconds at Tue Jun 12 01:31:58 UTC 2018
2 ms. Memory: 549376K Free: 527036K (96%)
ptolemy.util.test.WatchDog.cancel(): canceling Tue Jun 12 01:31:58 UTC 2018
auto.tcl: Setting watchdog for 200 seconds at Tue Jun 12 01:31:58 UTC 2018
2 ms. Memory: 549376K Free: 527036K (96%)
ptolemy.util.test.WatchDog.cancel(): canceling Tue Jun 12 01:31:58 UTC 2018
------------------ testing $PTII/ptolemy/domains/de/test/auto/Trilateration.xml
auto.tcl: Setting watchdog for 200 seconds at Tue Jun 12 01:31:58 UTC 2018
12969 ms. Memory: 453632K Free: 136934K (30%)
ptolemy.util.test.WatchDog.cancel(): canceling Tue Jun 12 01:32:12 UTC 2018
auto.tcl: Setting watchdog for 200 seconds at Tue Jun 12 01:32:12 UTC 2018
10818 ms. Memory: 331264K Free: 243549K (74%)
ptolemy.util.test.WatchDog.cancel(): canceling Tue Jun 12 01:32:23 UTC 2018
------------------ testing $PTII/ptolemy/domains/de/test/auto/TwoSigmaDelta.xml
auto.tcl: Setting watchdog for 200 seconds at Tue Jun 12 01:32:23 UTC 2018
2626 ms. Memory: 320000K Free: 255642K (80%)
ptolemy.util.test.WatchDog.cancel(): canceling Tue Jun 12 01:32:25 UTC 2018
auto.tcl: Setting watchdog for 200 seconds at Tue Jun 12 01:32:25 UTC 2018
2045 ms. Memory: 307712K Free: 245992K (80%)
ptolemy.util.test.WatchDog.cancel(): canceling Tue Jun 12 01:32:28 UTC 2018
------------------ testing $PTII/ptolemy/domains/de/test/auto/VariableDelay.xml
auto.tcl: Setting watchdog for 200 seconds at Tue Jun 12 01:32:28 UTC 2018
2 ms. Memory: 309760K Free: 291416K (94%)
ptolemy.util.test.WatchDog.cancel(): canceling Tue Jun 12 01:32:28 UTC 2018
auto.tcl: Setting watchdog for 200 seconds at Tue Jun 12 01:32:28 UTC 2018
1 ms. Memory: 309760K Free: 291416K (94%)
ptolemy.util.test.WatchDog.cancel(): canceling Tue Jun 12 01:32:28 UTC 2018
------------------ testing $PTII/ptolemy/domains/de/test/auto/VariableDelay2.xml
auto.tcl: Setting watchdog for 200 seconds at Tue Jun 12 01:32:28 UTC 2018
6 ms. Memory: 307712K Free: 292045K (95%)
ptolemy.util.test.WatchDog.cancel(): canceling Tue Jun 12 01:32:28 UTC 2018
auto.tcl: Setting watchdog for 200 seconds at Tue Jun 12 01:32:28 UTC 2018
1 ms. Memory: 307712K Free: 292045K (95%)
ptolemy.util.test.WatchDog.cancel(): canceling Tue Jun 12 01:32:28 UTC 2018
------------------ testing $PTII/ptolemy/domains/de/test/auto/VariableDelayZeroDelay.xml
auto.tcl: Setting watchdog for 200 seconds at Tue Jun 12 01:32:28 UTC 2018
2 ms. Memory: 309248K Free: 294591K (95%)
ptolemy.util.test.WatchDog.cancel(): canceling Tue Jun 12 01:32:28 UTC 2018
auto.tcl: Setting watchdog for 200 seconds at Tue Jun 12 01:32:28 UTC 2018
2 ms. Memory: 309248K Free: 291326K (94%)
ptolemy.util.test.WatchDog.cancel(): canceling Tue Jun 12 01:32:28 UTC 2018
------------------ testing $PTII/ptolemy/domains/de/test/auto/VariableDelayZeroDelay2.xml
auto.tcl: Setting watchdog for 200 seconds at Tue Jun 12 01:32:28 UTC 2018
1 ms. Memory: 307712K Free: 289795K (94%)
ptolemy.util.test.WatchDog.cancel(): canceling Tue Jun 12 01:32:28 UTC 2018
auto.tcl: Setting watchdog for 200 seconds at Tue Jun 12 01:32:28 UTC 2018
2 ms. Memory: 307712K Free: 289795K (94%)
ptolemy.util.test.WatchDog.cancel(): canceling Tue Jun 12 01:32:28 UTC 2018
------------------ testing $PTII/ptolemy/domains/de/test/auto/deInCt.xml
auto.tcl: Setting watchdog for 200 seconds at Tue Jun 12 01:32:28 UTC 2018
0
1
1
1
1
0
0
0
0
1
1
1
1
0
0
0
1
1
1
0
0
0
1
1
1
1
0
0
0
1
1
1
0
0
0
0
0
0
12 ms. Memory: 309248K Free: 291305K (94%)
ptolemy.util.test.WatchDog.cancel(): canceling Tue Jun 12 01:32:28 UTC 2018
auto.tcl: Setting watchdog for 200 seconds at Tue Jun 12 01:32:28 UTC 2018
0
1
1
1
0
0
0
1
1
1
0
0
0
1
1
1
1
1
1
1
0
0
0
1
1
1
0
0
0
0
1
1
1
0
0
0
0
8 ms. Memory: 309248K Free: 291305K (94%)
ptolemy.util.test.WatchDog.cancel(): canceling Tue Jun 12 01:32:28 UTC 2018
------------------ testing $PTII/ptolemy/domains/de/test/auto/deInCt2.xml
auto.tcl: Setting watchdog for 200 seconds at Tue Jun 12 01:32:28 UTC 2018
0
1
1
1
0
0
1
1
1
0
0
1
1
1
0
0
1
1
1
0
0
1
1
1
0
0
1
1
1
0
0
1
1
1
0
0
1
1
1
0
0
0
9 ms. Memory: 307712K Free: 289768K (94%)
ptolemy.util.test.WatchDog.cancel(): canceling Tue Jun 12 01:32:28 UTC 2018
auto.tcl: Setting watchdog for 200 seconds at Tue Jun 12 01:32:28 UTC 2018
0
1
1
1
0
0
1
1
1
0
0
1
1
1
0
0
1
1
1
0
0
1
1
1
0
0
1
1
1
0
0
1
1
1
0
0
1
1
1
0
0
0
5 ms. Memory: 307712K Free: 289768K (94%)
ptolemy.util.test.WatchDog.cancel(): canceling Tue Jun 12 01:32:28 UTC 2018
------------------ testing $PTII/ptolemy/domains/de/test/auto/dynamicCausalityInterface1.xml
auto.tcl: Setting watchdog for 200 seconds at Tue Jun 12 01:32:28 UTC 2018
1 ms. Memory: 308736K Free: 289794K (94%)
ptolemy.util.test.WatchDog.cancel(): canceling Tue Jun 12 01:32:28 UTC 2018
auto.tcl: Setting watchdog for 200 seconds at Tue Jun 12 01:32:28 UTC 2018
0 ms. Memory: 308736K Free: 286528K (93%)
ptolemy.util.test.WatchDog.cancel(): canceling Tue Jun 12 01:32:28 UTC 2018
------------------ testing $PTII/ptolemy/domains/de/test/auto/fsm_de_test.xml
auto.tcl: Setting watchdog for 200 seconds at Tue Jun 12 01:32:28 UTC 2018
13 ms. Memory: 307712K Free: 286410K (93%)
ptolemy.util.test.WatchDog.cancel(): canceling Tue Jun 12 01:32:28 UTC 2018
auto.tcl: Setting watchdog for 200 seconds at Tue Jun 12 01:32:28 UTC 2018
7 ms. Memory: 307712K Free: 283136K (92%)
ptolemy.util.test.WatchDog.cancel(): canceling Tue Jun 12 01:32:28 UTC 2018
------------------ testing $PTII/ptolemy/domains/de/test/auto/functionDependencyReconstruction.xml
auto.tcl: Setting watchdog for 200 seconds at Tue Jun 12 01:32:28 UTC 2018
3 ms. Memory: 308736K Free: 280894K (91%)
ptolemy.util.test.WatchDog.cancel(): canceling Tue Jun 12 01:32:28 UTC 2018
auto.tcl: Setting watchdog for 200 seconds at Tue Jun 12 01:32:28 UTC 2018
2 ms. Memory: 308736K Free: 277620K (90%)
ptolemy.util.test.WatchDog.cancel(): canceling Tue Jun 12 01:32:28 UTC 2018
------------------ testing $PTII/ptolemy/domains/de/test/auto/multirate.xml
auto.tcl: Setting watchdog for 200 seconds at Tue Jun 12 01:32:28 UTC 2018
4 ms. Memory: 307712K Free: 289534K (94%)
ptolemy.util.test.WatchDog.cancel(): canceling Tue Jun 12 01:32:28 UTC 2018
auto.tcl: Setting watchdog for 200 seconds at Tue Jun 12 01:32:28 UTC 2018
2 ms. Memory: 307712K Free: 286261K (93%)
ptolemy.util.test.WatchDog.cancel(): canceling Tue Jun 12 01:32:28 UTC 2018
------------------ testing $PTII/ptolemy/domains/de/test/auto/multirate2.xml
auto.tcl: Setting watchdog for 200 seconds at Tue Jun 12 01:32:28 UTC 2018
2 ms. Memory: 308736K Free: 290761K (94%)
ptolemy.util.test.WatchDog.cancel(): canceling Tue Jun 12 01:32:28 UTC 2018
auto.tcl: Setting watchdog for 200 seconds at Tue Jun 12 01:32:28 UTC 2018
3 ms. Memory: 308736K Free: 287503K (93%)
ptolemy.util.test.WatchDog.cancel(): canceling Tue Jun 12 01:32:28 UTC 2018
------------------ testing $PTII/ptolemy/domains/de/test/auto/realtime.xml
auto.tcl: Setting watchdog for 200 seconds at Tue Jun 12 01:32:28 UTC 2018
10001 ms. Memory: 307712K Free: 289720K (94%)
ptolemy.util.test.WatchDog.cancel(): canceling Tue Jun 12 01:32:38 UTC 2018
auto.tcl: Setting watchdog for 200 seconds at Tue Jun 12 01:32:38 UTC 2018
10001 ms. Memory: 307712K Free: 289720K (94%)
ptolemy.util.test.WatchDog.cancel(): canceling Tue Jun 12 01:32:48 UTC 2018
------------------ testing $PTII/ptolemy/domains/de/test/auto/relationGroup.xml
auto.tcl: Setting watchdog for 200 seconds at Tue Jun 12 01:32:48 UTC 2018
1 ms. Memory: 308224K Free: 293530K (95%)
ptolemy.util.test.WatchDog.cancel(): canceling Tue Jun 12 01:32:48 UTC 2018
auto.tcl: Setting watchdog for 200 seconds at Tue Jun 12 01:32:48 UTC 2018
1 ms. Memory: 308224K Free: 290265K (94%)
ptolemy.util.test.WatchDog.cancel(): canceling Tue Jun 12 01:32:48 UTC 2018
------------------ testing $PTII/ptolemy/domains/de/test/auto/relationGroup2.xml
auto.tcl: Setting watchdog for 200 seconds at Tue Jun 12 01:32:49 UTC 2018
1 ms. Memory: 307712K Free: 293045K (95%)
ptolemy.util.test.WatchDog.cancel(): canceling Tue Jun 12 01:32:49 UTC 2018
auto.tcl: Setting watchdog for 200 seconds at Tue Jun 12 01:32:49 UTC 2018
1 ms. Memory: 307712K Free: 289771K (94%)
ptolemy.util.test.WatchDog.cancel(): canceling Tue Jun 12 01:32:49 UTC 2018
------------------ testing $PTII/ptolemy/domains/de/test/auto/sortWithOpaquePorts.xml
auto.tcl: Setting watchdog for 200 seconds at Tue Jun 12 01:32:49 UTC 2018
1 ms. Memory: 308224K Free: 290300K (94%)
ptolemy.util.test.WatchDog.cancel(): canceling Tue Jun 12 01:32:49 UTC 2018
auto.tcl: Setting watchdog for 200 seconds at Tue Jun 12 01:32:49 UTC 2018
1 ms. Memory: 308224K Free: 290300K (94%)
ptolemy.util.test.WatchDog.cancel(): canceling Tue Jun 12 01:32:49 UTC 2018
------------------ testing $PTII/ptolemy/domains/de/test/auto/transferInputsandOutputs.xml
auto.tcl: Setting watchdog for 200 seconds at Tue Jun 12 01:32:49 UTC 2018
2 ms. Memory: 307712K Free: 289759K (94%)
ptolemy.util.test.WatchDog.cancel(): canceling Tue Jun 12 01:32:49 UTC 2018
auto.tcl: Setting watchdog for 200 seconds at Tue Jun 12 01:32:49 UTC 2018
1 ms. Memory: 307712K Free: 286502K (93%)
ptolemy.util.test.WatchDog.cancel(): canceling Tue Jun 12 01:32:49 UTC 2018
------------------ testing $PTII/ptolemy/domains/de/test/auto/triggerType.xml
auto.tcl: Setting watchdog for 200 seconds at Tue Jun 12 01:32:49 UTC 2018
1 ms. Memory: 308224K Free: 290222K (94%)
ptolemy.util.test.WatchDog.cancel(): canceling Tue Jun 12 01:32:49 UTC 2018
auto.tcl: Setting watchdog for 200 seconds at Tue Jun 12 01:32:49 UTC 2018
2 ms. Memory: 308224K Free: 290222K (94%)
ptolemy.util.test.WatchDog.cancel(): canceling Tue Jun 12 01:32:49 UTC 2018
06/12/18 01:32:49
Failed: 0  Total Tests: 192  ((Passed: 187, Newly Passed: 1)  Known Failed: 5) /home/travis/build/icyphy/ptII/ptolemy/domains/de/test
06/12/18 01:32:49
Failed: 0  Total Tests: 192  ((Passed: 187, Newly Passed: 1)  Known Failed: 5) /home/travis/build/icyphy/ptII/ptolemy/domains/de/test
----------------- testing (KnownFailure) /home/travis/build/icyphy/ptII/ptolemy/domains/de/test/auto/knownFailedTests/DESDFClockTest.xml
2010 ms. Memory: 307712K Free: 283960K (92%)
Known Failure: java.lang.reflect.InvocationTargetException
----------------- testing (KnownFailure) /home/travis/build/icyphy/ptII/ptolemy/domains/de/test/auto/knownFailedTests/DirectFeedback.xml
1 ms. Memory: 307712K Free: 265856K (86%)
Known Failure: java.lang.reflect.InvocationTargetException
----------------- testing (KnownFailure) /home/travis/build/icyphy/ptII/ptolemy/domains/de/test/auto/knownFailedTests/FSMSource.xml
13 ms. Memory: 307712K Free: 238683K (78%)
----------------- testing (KnownFailure) /home/travis/build/icyphy/ptII/ptolemy/domains/de/test/auto/knownFailedTests/HierarchicalModel.xml
2 ms. Memory: 307712K Free: 216020K (70%)
Known Failure: java.lang.reflect.InvocationTargetException
----------------- testing (KnownFailure) /home/travis/build/icyphy/ptII/ptolemy/domains/de/test/auto/knownFailedTests/dependencyLoop.xml
1 ms. Memory: 307712K Free: 184305K (60%)
Known Failure: java.lang.reflect.InvocationTargetException
----------------- testing (KnownFailure) /home/travis/build/icyphy/ptII/ptolemy/domains/de/test/auto/knownFailedTests/dependencyLoop2.xml
2 ms. Memory: 307712K Free: 152599K (50%)
Known Failure: java.lang.reflect.InvocationTargetException
No auto/linux-amd64/*.xml tests in /home/travis/build/icyphy/ptII/ptolemy/domains/de/test
AutoTests.java: About to close Vertx.
AutoTests.java: Vertx closed.

===========================================================================================
----------------- testing Tue Jun 12 01:32:51 UTC 2018 /home/travis/build/icyphy/ptII/ptolemy/domains/de/test/auto/ActorDepthCalculation_actorWithoutPorts.xml
----------------- Instantiating /home/travis/build/icyphy/ptII/ptolemy/domains/de/test/auto/ActorDepthCalculation_actorWithoutPorts.xml
1 ms. Memory: 307712K Free: 125426K (41%)
----------------- Invoking toplevel() on ptolemy.moml.MoMLSimpleApplication@14474260
----------------- Done invoking toplevel() on ptolemy.moml.MoMLSimpleApplication@14474260
reloadAllAccessors: .ActorDepthCalculation_actorWithoutPorts

===========================================================================================
----------------- testing Tue Jun 12 01:32:51 UTC 2018 /home/travis/build/icyphy/ptII/ptolemy/domains/de/test/auto/AssemblyLine.xml
----------------- Instantiating /home/travis/build/icyphy/ptII/ptolemy/domains/de/test/auto/AssemblyLine.xml
4 ms. Memory: 307712K Free: 111831K (36%)
----------------- Invoking toplevel() on ptolemy.moml.MoMLSimpleApplication@179bf713
----------------- Done invoking toplevel() on ptolemy.moml.MoMLSimpleApplication@179bf713
reloadAllAccessors: .AssemblyLine

===========================================================================================
----------------- testing Tue Jun 12 01:32:51 UTC 2018 /home/travis/build/icyphy/ptII/ptolemy/domains/de/test/auto/CQBug1.xml
----------------- Instantiating /home/travis/build/icyphy/ptII/ptolemy/domains/de/test/auto/CQBug1.xml
1 ms. Memory: 307712K Free: 102779K (33%)
----------------- Invoking toplevel() on ptolemy.moml.MoMLSimpleApplication@3888698b
----------------- Done invoking toplevel() on ptolemy.moml.MoMLSimpleApplication@3888698b
reloadAllAccessors: .CQBug1

===========================================================================================
----------------- testing Tue Jun 12 01:32:51 UTC 2018 /home/travis/build/icyphy/ptII/ptolemy/domains/de/test/auto/CancelFireAt.xml
----------------- Instantiating /home/travis/build/icyphy/ptII/ptolemy/domains/de/test/auto/CancelFireAt.xml
1 ms. Memory: 307712K Free: 93727K (30%)
----------------- Invoking toplevel() on ptolemy.moml.MoMLSimpleApplication@1ef0181d
----------------- Done invoking toplevel() on ptolemy.moml.MoMLSimpleApplication@1ef0181d
reloadAllAccessors: .CancelFireAt

===========================================================================================
----------------- testing Tue Jun 12 01:32:51 UTC 2018 /home/travis/build/icyphy/ptII/ptolemy/domains/de/test/auto/CausalityAndComposabilityAnalysis.xml
----------------- Instantiating /home/travis/build/icyphy/ptII/ptolemy/domains/de/test/auto/CausalityAndComposabilityAnalysis.xml
1 ms. Memory: 307712K Free: 84675K (28%)
----------------- Invoking toplevel() on ptolemy.moml.MoMLSimpleApplication@108b699a
----------------- Done invoking toplevel() on ptolemy.moml.MoMLSimpleApplication@108b699a
reloadAllAccessors: .CausalityAndComposabilityAnalysis

===========================================================================================
----------------- testing Tue Jun 12 01:32:51 UTC 2018 /home/travis/build/icyphy/ptII/ptolemy/domains/de/test/auto/CausalityInterface1.xml
----------------- Instantiating /home/travis/build/icyphy/ptII/ptolemy/domains/de/test/auto/CausalityInterface1.xml
5 ms. Memory: 307712K Free: 74516K (24%)
----------------- Invoking toplevel() on ptolemy.moml.MoMLSimpleApplication@66339e6a
----------------- Done invoking toplevel() on ptolemy.moml.MoMLSimpleApplication@66339e6a
reloadAllAccessors: .CausalityInterface1

===========================================================================================
----------------- testing Tue Jun 12 01:32:51 UTC 2018 /home/travis/build/icyphy/ptII/ptolemy/domains/de/test/auto/CausalityInterface15.xml
----------------- Instantiating /home/travis/build/icyphy/ptII/ptolemy/domains/de/test/auto/CausalityInterface15.xml
1 ms. Memory: 298496K Free: 280534K (94%)
----------------- Invoking toplevel() on ptolemy.moml.MoMLSimpleApplication@17f1f9ac
----------------- Done invoking toplevel() on ptolemy.moml.MoMLSimpleApplication@17f1f9ac
reloadAllAccessors: .CausalityInterface15

[...]
java.lang.RuntimeException: Execution failed
	at ptolemy.moml.MoMLSimpleApplication$UnloadThread.run(MoMLSimpleApplication.java:402)
Caused by: ptolemy.kernel.util.IllegalActionException: Test fails in iteration 1.
Value was: 1.0. Should have been: 2.0
  in .DirectFeedback.Test
	at ptolemy.actor.lib.Test.fire(Test.java:268)
	at ptolemy.domains.de.kernel.DEDirector._fire(DEDirector.java:1949)
	at ptolemy.domains.de.kernel.DEDirector.fire(DEDirector.java:502)
	at ptolemy.actor.CompositeActor.fire(CompositeActor.java:455)
	at ptolemy.actor.Manager.iterate(Manager.java:851)
	at ptolemy.actor.Manager.execute(Manager.java:369)
	at ptolemy.actor.Manager.run(Manager.java:1263)
	at ptolemy.actor.Manager$PtolemyRunThread.run(Manager.java:1915)
java.lang.RuntimeException: Execution failed
	at ptolemy.moml.MoMLSimpleApplication$UnloadThread.run(MoMLSimpleApplication.java:402)
Caused by: ptolemy.kernel.util.IllegalActionException: Actor is not ready to fire.  Perhaps UpSample.prefire() returned false? Try debugging the actor by selecting "Listen to Actor".  Also, for SDF check moml for tokenConsumptionRate on input.
  in .DESDFClockTest.Play Bell.Copy1:SDF Director and .DESDFClockTest.Play Bell.UpSample
	at ptolemy.actor.sched.StaticSchedulingDirector.fire(StaticSchedulingDirector.java:227)
	at ptolemy.domains.sdf.kernel.SDFDirector.fire(SDFDirector.java:500)
	at ptolemy.actor.CompositeActor.fire(CompositeActor.java:455)
	at ptolemy.domains.de.kernel.DEDirector._fire(DEDirector.java:1949)
	at ptolemy.domains.de.kernel.DEDirector.fire(DEDirector.java:502)
	at ptolemy.actor.CompositeActor.fire(CompositeActor.java:455)
	at ptolemy.actor.Manager.iterate(Manager.java:851)
	at ptolemy.actor.Manager.execute(Manager.java:369)
	at ptolemy.actor.Manager.run(Manager.java:1263)
	at ptolemy.actor.Manager$PtolemyRunThread.run(Manager.java:1915)
java.lang.reflect.InvocationTargetException
	at sun.reflect.NativeConstructorAccessorImpl.newInstance0(Native Method)
	at sun.reflect.NativeConstructorAccessorImpl.newInstance(NativeConstructorAccessorImpl.java:62)
	at sun.reflect.DelegatingConstructorAccessorImpl.newInstance(DelegatingConstructorAccessorImpl.java:45)
	at java.lang.reflect.Constructor.newInstance(Constructor.java:423)
	at ptolemy.util.test.junit.AutoKnownFailedTests.RunModel(AutoKnownFailedTests.java:107)
	at sun.reflect.NativeMethodAccessorImpl.invoke0(Native Method)
	at sun.reflect.NativeMethodAccessorImpl.invoke(NativeMethodAccessorImpl.java:62)
	at sun.reflect.DelegatingMethodAccessorImpl.invoke(DelegatingMethodAccessorImpl.java:43)
	at java.lang.reflect.Method.invoke(Method.java:498)
	at org.junit.runners.model.FrameworkMethod$1.runReflectiveCall(FrameworkMethod.java:44)
	at org.junit.internal.runners.model.ReflectiveCallable.run(ReflectiveCallable.java:15)
	at org.junit.runners.model.FrameworkMethod.invokeExplosively(FrameworkMethod.java:41)
	at junitparams.internal.InvokeParameterisedMethod.evaluate(InvokeParameterisedMethod.java:102)
	at org.junit.internal.runners.statements.FailOnTimeout$1.run(FailOnTimeout.java:28)
Caused by: ptolemy.kernel.util.IllegalActionException: Actor is not ready to fire.  Perhaps UpSample.prefire() returned false? Try debugging the actor by selecting "Listen to Actor".  Also, for SDF check moml for tokenConsumptionRate on input.
  in .DESDFClockTest.Play Bell.Copy1:SDF Director and .DESDFClockTest.Play Bell.UpSample
	at ptolemy.actor.sched.StaticSchedulingDirector.fire(StaticSchedulingDirector.java:227)
	at ptolemy.domains.sdf.kernel.SDFDirector.fire(SDFDirector.java:500)
	at ptolemy.actor.CompositeActor.fire(CompositeActor.java:455)
	at ptolemy.domains.de.kernel.DEDirector._fire(DEDirector.java:1949)
	at ptolemy.domains.de.kernel.DEDirector.fire(DEDirector.java:502)
	at ptolemy.actor.CompositeActor.fire(CompositeActor.java:455)
	at ptolemy.actor.Manager.iterate(Manager.java:851)
	at ptolemy.actor.Manager.execute(Manager.java:369)
	at ptolemy.actor.Manager.run(Manager.java:1263)
	at ptolemy.actor.Manager$PtolemyRunThread.run(Manager.java:1915)
java.lang.RuntimeException: Execution failed
	at ptolemy.moml.MoMLSimpleApplication$UnloadThread.run(MoMLSimpleApplication.java:402)
Caused by: ptolemy.kernel.util.IllegalActionException: Test fails in iteration 1.
Value was: 1.0. Should have been: 2.0
  in .DirectFeedback.Test
	at ptolemy.actor.lib.Test.fire(Test.java:268)
	at ptolemy.domains.de.kernel.DEDirector._fire(DEDirector.java:1949)
	at ptolemy.domains.de.kernel.DEDirector.fire(DEDirector.java:502)
	at ptolemy.actor.CompositeActor.fire(CompositeActor.java:455)
	at ptolemy.actor.Manager.iterate(Manager.java:851)
	at ptolemy.actor.Manager.execute(Manager.java:369)
	at ptolemy.actor.Manager.run(Manager.java:1263)
	at ptolemy.actor.Manager$PtolemyRunThread.run(Manager.java:1915)
java.lang.reflect.InvocationTargetException
	at sun.reflect.NativeConstructorAccessorImpl.newInstance0(Native Method)
	at sun.reflect.NativeConstructorAccessorImpl.newInstance(NativeConstructorAccessorImpl.java:62)
	at sun.reflect.DelegatingConstructorAccessorImpl.newInstance(DelegatingConstructorAccessorImpl.java:45)
	at java.lang.reflect.Constructor.newInstance(Constructor.java:423)
	at ptolemy.util.test.junit.AutoKnownFailedTests.RunModel(AutoKnownFailedTests.java:107)
	at sun.reflect.NativeMethodAccessorImpl.invoke0(Native Method)
	at sun.reflect.NativeMethodAccessorImpl.invoke(NativeMethodAccessorImpl.java:62)
	at sun.reflect.DelegatingMethodAccessorImpl.invoke(DelegatingMethodAccessorImpl.java:43)
	at java.lang.reflect.Method.invoke(Method.java:498)
	at org.junit.runners.model.FrameworkMethod$1.runReflectiveCall(FrameworkMethod.java:44)
	at org.junit.internal.runners.model.ReflectiveCallable.run(ReflectiveCallable.java:15)
	at org.junit.runners.model.FrameworkMethod.invokeExplosively(FrameworkMethod.java:41)
	at junitparams.internal.InvokeParameterisedMethod.evaluate(InvokeParameterisedMethod.java:102)
	at org.junit.internal.runners.statements.FailOnTimeout$1.run(FailOnTimeout.java:28)
Caused by: ptolemy.kernel.util.IllegalActionException: Test fails in iteration 1.
Value was: 1.0. Should have been: 2.0
  in .DirectFeedback.Test
	at ptolemy.actor.lib.Test.fire(Test.java:268)
	at ptolemy.domains.de.kernel.DEDirector._fire(DEDirector.java:1949)
	at ptolemy.domains.de.kernel.DEDirector.fire(DEDirector.java:502)
	at ptolemy.actor.CompositeActor.fire(CompositeActor.java:455)
	at ptolemy.actor.Manager.iterate(Manager.java:851)
	at ptolemy.actor.Manager.execute(Manager.java:369)
	at ptolemy.actor.Manager.run(Manager.java:1263)
	at ptolemy.actor.Manager$PtolemyRunThread.run(Manager.java:1915)
java.lang.RuntimeException: Execution failed
	at ptolemy.moml.MoMLSimpleApplication$UnloadThread.run(MoMLSimpleApplication.java:402)
Caused by: ptolemy.kernel.util.IllegalActionException: Found a zero delay loop containing .HierarchicalModel.A
  in .HierarchicalModel and .HierarchicalModel.A
	at ptolemy.actor.util.CausalityInterfaceForComposites._computeOutputPortDepth(CausalityInterfaceForComposites.java:759)
	at ptolemy.actor.util.CausalityInterfaceForComposites._computeInputDepth(CausalityInterfaceForComposites.java:696)
	at ptolemy.actor.util.CausalityInterfaceForComposites._computeOutputPortDepth(CausalityInterfaceForComposites.java:765)
	at ptolemy.actor.util.CausalityInterfaceForComposites._computeInputDepth(CausalityInterfaceForComposites.java:696)
	at ptolemy.actor.util.CausalityInterfaceForComposites._computeOutputPortDepth(CausalityInterfaceForComposites.java:765)
	at ptolemy.actor.util.CausalityInterfaceForComposites._computeInputDepth(CausalityInterfaceForComposites.java:696)
	at ptolemy.actor.util.CausalityInterfaceForComposites._computeActorDepth(CausalityInterfaceForComposites.java:532)
	at ptolemy.actor.util.CausalityInterfaceForComposites.checkForCycles(CausalityInterfaceForComposites.java:96)
	at ptolemy.domains.de.kernel.DEDirector.preinitialize(DEDirector.java:1338)
	at ptolemy.actor.CompositeActor.preinitialize(CompositeActor.java:1828)
	at ptolemy.actor.Manager.preinitializeAndResolveTypes(Manager.java:1040)
	at ptolemy.actor.Manager.initialize(Manager.java:710)
	at ptolemy.actor.Manager.execute(Manager.java:356)
	at ptolemy.actor.Manager.run(Manager.java:1263)
	at ptolemy.actor.Manager$PtolemyRunThread.run(Manager.java:1915)
java.lang.reflect.InvocationTargetException
	at sun.reflect.NativeConstructorAccessorImpl.newInstance0(Native Method)
	at sun.reflect.NativeConstructorAccessorImpl.newInstance(NativeConstructorAccessorImpl.java:62)
	at sun.reflect.DelegatingConstructorAccessorImpl.newInstance(DelegatingConstructorAccessorImpl.java:45)
	at java.lang.reflect.Constructor.newInstance(Constructor.java:423)
	at ptolemy.util.test.junit.AutoKnownFailedTests.RunModel(AutoKnownFailedTests.java:107)
	at sun.reflect.NativeMethodAccessorImpl.invoke0(Native Method)
	at sun.reflect.NativeMethodAccessorImpl.invoke(NativeMethodAccessorImpl.java:62)
	at sun.reflect.DelegatingMethodAccessorImpl.invoke(DelegatingMethodAccessorImpl.java:43)
	at java.lang.reflect.Method.invoke(Method.java:498)
	at org.junit.runners.model.FrameworkMethod$1.runReflectiveCall(FrameworkMethod.java:44)
	at org.junit.internal.runners.model.ReflectiveCallable.run(ReflectiveCallable.java:15)
	at org.junit.runners.model.FrameworkMethod.invokeExplosively(FrameworkMethod.java:41)
	at junitparams.internal.InvokeParameterisedMethod.evaluate(InvokeParameterisedMethod.java:102)
	at org.junit.internal.runners.statements.FailOnTimeout$1.run(FailOnTimeout.java:28)
Caused by: ptolemy.kernel.util.IllegalActionException: Found a zero delay loop containing .HierarchicalModel.A
  in .HierarchicalModel and .HierarchicalModel.A
	at ptolemy.actor.util.CausalityInterfaceForComposites._computeOutputPortDepth(CausalityInterfaceForComposites.java:759)
	at ptolemy.actor.util.CausalityInterfaceForComposites._computeInputDepth(CausalityInterfaceForComposites.java:696)
	at ptolemy.actor.util.CausalityInterfaceForComposites._computeOutputPortDepth(CausalityInterfaceForComposites.java:765)
	at ptolemy.actor.util.CausalityInterfaceForComposites._computeInputDepth(CausalityInterfaceForComposites.java:696)
	at ptolemy.actor.util.CausalityInterfaceForComposites._computeOutputPortDepth(CausalityInterfaceForComposites.java:765)
	at ptolemy.actor.util.CausalityInterfaceForComposites._computeInputDepth(CausalityInterfaceForComposites.java:696)
	at ptolemy.actor.util.CausalityInterfaceForComposites._computeActorDepth(CausalityInterfaceForComposites.java:532)
	at ptolemy.actor.util.CausalityInterfaceForComposites.checkForCycles(CausalityInterfaceForComposites.java:96)
	at ptolemy.domains.de.kernel.DEDirector.preinitialize(DEDirector.java:1338)
	at ptolemy.actor.CompositeActor.preinitialize(CompositeActor.java:1828)
	at ptolemy.actor.Manager.preinitializeAndResolveTypes(Manager.java:1040)
	at ptolemy.actor.Manager.initialize(Manager.java:710)
	at ptolemy.actor.Manager.execute(Manager.java:356)
	at ptolemy.actor.Manager.run(Manager.java:1263)
	at ptolemy.actor.Manager$PtolemyRunThread.run(Manager.java:1915)
java.lang.RuntimeException: Execution failed
	at ptolemy.moml.MoMLSimpleApplication$UnloadThread.run(MoMLSimpleApplication.java:402)
Caused by: ptolemy.kernel.util.IllegalActionException: Found a zero delay loop containing .dependencyLoop.original
  in .dependencyLoop and .dependencyLoop.original
	at ptolemy.actor.util.CausalityInterfaceForComposites._computeOutputPortDepth(CausalityInterfaceForComposites.java:759)
	at ptolemy.actor.util.CausalityInterfaceForComposites._computeInputDepth(CausalityInterfaceForComposites.java:696)
	at ptolemy.actor.util.CausalityInterfaceForComposites._computeOutputPortDepth(CausalityInterfaceForComposites.java:765)
	at ptolemy.actor.util.CausalityInterfaceForComposites._computeInputDepth(CausalityInterfaceForComposites.java:696)
	at ptolemy.actor.util.CausalityInterfaceForComposites._computeOutputPortDepth(CausalityInterfaceForComposites.java:765)
	at ptolemy.actor.util.CausalityInterfaceForComposites._computeInputDepth(CausalityInterfaceForComposites.java:696)
	at ptolemy.actor.util.CausalityInterfaceForComposites._computeActorDepth(CausalityInterfaceForComposites.java:532)
	at ptolemy.actor.util.CausalityInterfaceForComposites.checkForCycles(CausalityInterfaceForComposites.java:96)
	at ptolemy.domains.de.kernel.DEDirector.preinitialize(DEDirector.java:1338)
	at ptolemy.actor.CompositeActor.preinitialize(CompositeActor.java:1828)
	at ptolemy.actor.Manager.preinitializeAndResolveTypes(Manager.java:1040)
	at ptolemy.actor.Manager.initialize(Manager.java:710)
	at ptolemy.actor.Manager.execute(Manager.java:356)
	at ptolemy.actor.Manager.run(Manager.java:1263)
	at ptolemy.actor.Manager$PtolemyRunThread.run(Manager.java:1915)
java.lang.reflect.InvocationTargetException
	at sun.reflect.NativeConstructorAccessorImpl.newInstance0(Native Method)
	at sun.reflect.NativeConstructorAccessorImpl.newInstance(NativeConstructorAccessorImpl.java:62)
	at sun.reflect.DelegatingConstructorAccessorImpl.newInstance(DelegatingConstructorAccessorImpl.java:45)
	at java.lang.reflect.Constructor.newInstance(Constructor.java:423)
	at ptolemy.util.test.junit.AutoKnownFailedTests.RunModel(AutoKnownFailedTests.java:107)
	at sun.reflect.NativeMethodAccessorImpl.invoke0(Native Method)
	at sun.reflect.NativeMethodAccessorImpl.invoke(NativeMethodAccessorImpl.java:62)
	at sun.reflect.DelegatingMethodAccessorImpl.invoke(DelegatingMethodAccessorImpl.java:43)
	at java.lang.reflect.Method.invoke(Method.java:498)
	at org.junit.runners.model.FrameworkMethod$1.runReflectiveCall(FrameworkMethod.java:44)
	at org.junit.internal.runners.model.ReflectiveCallable.run(ReflectiveCallable.java:15)
	at org.junit.runners.model.FrameworkMethod.invokeExplosively(FrameworkMethod.java:41)
	at junitparams.internal.InvokeParameterisedMethod.evaluate(InvokeParameterisedMethod.java:102)
	at org.junit.internal.runners.statements.FailOnTimeout$1.run(FailOnTimeout.java:28)
Caused by: ptolemy.kernel.util.IllegalActionException: Found a zero delay loop containing .dependencyLoop.original
  in .dependencyLoop and .dependencyLoop.original
	at ptolemy.actor.util.CausalityInterfaceForComposites._computeOutputPortDepth(CausalityInterfaceForComposites.java:759)
	at ptolemy.actor.util.CausalityInterfaceForComposites._computeInputDepth(CausalityInterfaceForComposites.java:696)
	at ptolemy.actor.util.CausalityInterfaceForComposites._computeOutputPortDepth(CausalityInterfaceForComposites.java:765)
	at ptolemy.actor.util.CausalityInterfaceForComposites._computeInputDepth(CausalityInterfaceForComposites.java:696)
	at ptolemy.actor.util.CausalityInterfaceForComposites._computeOutputPortDepth(CausalityInterfaceForComposites.java:765)
	at ptolemy.actor.util.CausalityInterfaceForComposites._computeInputDepth(CausalityInterfaceForComposites.java:696)
	at ptolemy.actor.util.CausalityInterfaceForComposites._computeActorDepth(CausalityInterfaceForComposites.java:532)
	at ptolemy.actor.util.CausalityInterfaceForComposites.checkForCycles(CausalityInterfaceForComposites.java:96)
	at ptolemy.domains.de.kernel.DEDirector.preinitialize(DEDirector.java:1338)
	at ptolemy.actor.CompositeActor.preinitialize(CompositeActor.java:1828)
	at ptolemy.actor.Manager.preinitializeAndResolveTypes(Manager.java:1040)
	at ptolemy.actor.Manager.initialize(Manager.java:710)
	at ptolemy.actor.Manager.execute(Manager.java:356)
	at ptolemy.actor.Manager.run(Manager.java:1263)
	at ptolemy.actor.Manager$PtolemyRunThread.run(Manager.java:1915)
java.lang.RuntimeException: Execution failed
	at ptolemy.moml.MoMLSimpleApplication$UnloadThread.run(MoMLSimpleApplication.java:402)
Caused by: ptolemy.kernel.util.IllegalActionException: Found a zero delay loop containing .dependencyLoop2.original
  in .dependencyLoop2 and .dependencyLoop2.original
	at ptolemy.actor.util.CausalityInterfaceForComposites._computeOutputPortDepth(CausalityInterfaceForComposites.java:759)
	at ptolemy.actor.util.CausalityInterfaceForComposites._computeInputDepth(CausalityInterfaceForComposites.java:696)
	at ptolemy.actor.util.CausalityInterfaceForComposites._computeOutputPortDepth(CausalityInterfaceForComposites.java:765)
	at ptolemy.actor.util.CausalityInterfaceForComposites._computeInputDepth(CausalityInterfaceForComposites.java:696)
	at ptolemy.actor.util.CausalityInterfaceForComposites._computeOutputPortDepth(CausalityInterfaceForComposites.java:765)
	at ptolemy.actor.util.CausalityInterfaceForComposites._computeInputDepth(CausalityInterfaceForComposites.java:696)
	at ptolemy.actor.util.CausalityInterfaceForComposites._computeActorDepth(CausalityInterfaceForComposites.java:532)
	at ptolemy.actor.util.CausalityInterfaceForComposites.checkForCycles(CausalityInterfaceForComposites.java:96)
	at ptolemy.domains.de.kernel.DEDirector.preinitialize(DEDirector.java:1338)
	at ptolemy.actor.CompositeActor.preinitialize(CompositeActor.java:1828)
	at ptolemy.actor.Manager.preinitializeAndResolveTypes(Manager.java:1040)
	at ptolemy.actor.Manager.initialize(Manager.java:710)
	at ptolemy.actor.Manager.execute(Manager.java:356)
	at ptolemy.actor.Manager.run(Manager.java:1263)
	at ptolemy.actor.Manager$PtolemyRunThread.run(Manager.java:1915)
java.lang.reflect.InvocationTargetException
	at sun.reflect.NativeConstructorAccessorImpl.newInstance0(Native Method)
	at sun.reflect.NativeConstructorAccessorImpl.newInstance(NativeConstructorAccessorImpl.java:62)
	at sun.reflect.DelegatingConstructorAccessorImpl.newInstance(DelegatingConstructorAccessorImpl.java:45)
	at java.lang.reflect.Constructor.newInstance(Constructor.java:423)
	at ptolemy.util.test.junit.AutoKnownFailedTests.RunModel(AutoKnownFailedTests.java:107)
	at sun.reflect.NativeMethodAccessorImpl.invoke0(Native Method)
	at sun.reflect.NativeMethodAccessorImpl.invoke(NativeMethodAccessorImpl.java:62)
	at sun.reflect.DelegatingMethodAccessorImpl.invoke(DelegatingMethodAccessorImpl.java:43)
	at java.lang.reflect.Method.invoke(Method.java:498)
	at org.junit.runners.model.FrameworkMethod$1.runReflectiveCall(FrameworkMethod.java:44)
	at org.junit.internal.runners.model.ReflectiveCallable.run(ReflectiveCallable.java:15)
	at org.junit.runners.model.FrameworkMethod.invokeExplosively(FrameworkMethod.java:41)
	at junitparams.internal.InvokeParameterisedMethod.evaluate(InvokeParameterisedMethod.java:102)
	at org.junit.internal.runners.statements.FailOnTimeout$1.run(FailOnTimeout.java:28)
Caused by: ptolemy.kernel.util.IllegalActionException: Found a zero delay loop containing .dependencyLoop2.original
  in .dependencyLoop2 and .dependencyLoop2.original
	at ptolemy.actor.util.CausalityInterfaceForComposites._computeOutputPortDepth(CausalityInterfaceForComposites.java:759)
	at ptolemy.actor.util.CausalityInterfaceForComposites._computeInputDepth(CausalityInterfaceForComposites.java:696)
	at ptolemy.actor.util.CausalityInterfaceForComposites._computeOutputPortDepth(CausalityInterfaceForComposites.java:765)
	at ptolemy.actor.util.CausalityInterfaceForComposites._computeInputDepth(CausalityInterfaceForComposites.java:696)
	at ptolemy.actor.util.CausalityInterfaceForComposites._computeOutputPortDepth(CausalityInterfaceForComposites.java:765)
	at ptolemy.actor.util.CausalityInterfaceForComposites._computeInputDepth(CausalityInterfaceForComposites.java:696)
	at ptolemy.actor.util.CausalityInterfaceForComposites._computeActorDepth(CausalityInterfaceForComposites.java:532)
	at ptolemy.actor.util.CausalityInterfaceForComposites.checkForCycles(CausalityInterfaceForComposites.java:96)
	at ptolemy.domains.de.kernel.DEDirector.preinitialize(DEDirector.java:1338)
	at ptolemy.actor.CompositeActor.preinitialize(CompositeActor.java:1828)
	at ptolemy.actor.Manager.preinitializeAndResolveTypes(Manager.java:1040)
	at ptolemy.actor.Manager.initialize(Manager.java:710)
	at ptolemy.actor.Manager.execute(Manager.java:356)
	at ptolemy.actor.Manager.run(Manager.java:1263)
	at ptolemy.actor.Manager$PtolemyRunThread.run(Manager.java:1915)
]]></system-err>
</testsuite>
