<?xml version="1.0" encoding="UTF-8" ?>
<testsuite errors="0" failures="0" hostname="travis-job-60ac78e5-2eea-45f1-b9d2-af3eab514efe" name="ptolemy.domains.de.test.junit.JUnitTclTest" skipped="0" tests="101" time="131.475" timestamp="2019-07-21T18:04:02">
  <properties>
[...]
</properties>
  <testcase classname="ptolemy.util.test.junit.TclTests" name="[0] /home/travis/build/icyphy/ptII/ptolemy/domains/de/test/DependencyLoop.tcl (RunTclFile)" time="0.947" />
  <testcase classname="ptolemy.util.test.junit.TclTests" name="[1] /home/travis/build/icyphy/ptII/ptolemy/domains/de/test/RunDETestsAsQSS.tcl (RunTclFile)" time="89.573" />
  <testcase classname="ptolemy.util.test.junit.AutoKnownFailedTests" name="[0] /home/travis/build/icyphy/ptII/ptolemy/domains/de/test/auto/knownFailedTests/DESDFClockTest.xml (RunModel)" time="2.04" />
  <testcase classname="ptolemy.util.test.junit.AutoKnownFailedTests" name="[1] /home/travis/build/icyphy/ptII/ptolemy/domains/de/test/auto/knownFailedTests/DirectFeedback.xml (RunModel)" time="0.017" />
  <testcase classname="ptolemy.util.test.junit.AutoKnownFailedTests" name="[2] /home/travis/build/icyphy/ptII/ptolemy/domains/de/test/auto/knownFailedTests/FSMSource.xml (RunModel)" time="0.025" />
  <testcase classname="ptolemy.util.test.junit.AutoKnownFailedTests" name="[3] /home/travis/build/icyphy/ptII/ptolemy/domains/de/test/auto/knownFailedTests/HierarchicalModel.xml (RunModel)" time="0.072" />
  <testcase classname="ptolemy.util.test.junit.AutoKnownFailedTests" name="[4] /home/travis/build/icyphy/ptII/ptolemy/domains/de/test/auto/knownFailedTests/dependencyLoop.xml (RunModel)" time="0.054" />
  <testcase classname="ptolemy.util.test.junit.AutoKnownFailedTests" name="[5] /home/travis/build/icyphy/ptII/ptolemy/domains/de/test/auto/knownFailedTests/dependencyLoop2.xml (RunModel)" time="0.047" />
  <testcase classname="ptolemy.util.test.junit.AutoNameArchTests" name="[0] ThereAreNoAutoArchTests (RunModel)" time="0.001" />
  <testcase classname="ptolemy.util.test.junit.AutoTests" name="[0] /home/travis/build/icyphy/ptII/ptolemy/domains/de/test/auto/ActorDepthCalculation_actorWithoutPorts.xml (RunModel)" time="0.031" />
  <testcase classname="ptolemy.util.test.junit.AutoTests" name="[1] /home/travis/build/icyphy/ptII/ptolemy/domains/de/test/auto/AssemblyLine.xml (RunModel)" time="0.024" />
  <testcase classname="ptolemy.util.test.junit.AutoTests" name="[2] /home/travis/build/icyphy/ptII/ptolemy/domains/de/test/auto/CQBug1.xml (RunModel)" time="0.01" />
  <testcase classname="ptolemy.util.test.junit.AutoTests" name="[3] /home/travis/build/icyphy/ptII/ptolemy/domains/de/test/auto/CancelFireAt.xml (RunModel)" time="0.013" />
  <testcase classname="ptolemy.util.test.junit.AutoTests" name="[4] /home/travis/build/icyphy/ptII/ptolemy/domains/de/test/auto/CausalityAndComposabilityAnalysis.xml (RunModel)" time="0.017" />
  <testcase classname="ptolemy.util.test.junit.AutoTests" name="[5] /home/travis/build/icyphy/ptII/ptolemy/domains/de/test/auto/CausalityInterface1.xml (RunModel)" time="0.019" />
  <testcase classname="ptolemy.util.test.junit.AutoTests" name="[6] /home/travis/build/icyphy/ptII/ptolemy/domains/de/test/auto/CausalityInterface15.xml (RunModel)" time="0.019" />
  <testcase classname="ptolemy.util.test.junit.AutoTests" name="[7] /home/travis/build/icyphy/ptII/ptolemy/domains/de/test/auto/CausalityInterface2.xml (RunModel)" time="0.02" />
  <testcase classname="ptolemy.util.test.junit.AutoTests" name="[8] /home/travis/build/icyphy/ptII/ptolemy/domains/de/test/auto/CausalityInterface3.xml (RunModel)" time="0.013" />
  <testcase classname="ptolemy.util.test.junit.AutoTests" name="[9] /home/travis/build/icyphy/ptII/ptolemy/domains/de/test/auto/ClockDrift.xml (RunModel)" time="0.035" />
  <testcase classname="ptolemy.util.test.junit.AutoTests" name="[10] /home/travis/build/icyphy/ptII/ptolemy/domains/de/test/auto/ClockDriftAndValueChange.xml (RunModel)" time="0.04" />
  <testcase classname="ptolemy.util.test.junit.AutoTests" name="[11] /home/travis/build/icyphy/ptII/ptolemy/domains/de/test/auto/ClockDriftChange.xml (RunModel)" time="0.035" />
  <testcase classname="ptolemy.util.test.junit.AutoTests" name="[12] /home/travis/build/icyphy/ptII/ptolemy/domains/de/test/auto/ComposableCausalityAnalysis.xml (RunModel)" time="0.016" />
  <testcase classname="ptolemy.util.test.junit.AutoTests" name="[13] /home/travis/build/icyphy/ptII/ptolemy/domains/de/test/auto/DEFixedPointLimitation.xml (RunModel)" time="0.013" />
  <testcase classname="ptolemy.util.test.junit.AutoTests" name="[14] /home/travis/build/icyphy/ptII/ptolemy/domains/de/test/auto/DEScheduleTest.xml (RunModel)" time="0.013" />
  <testcase classname="ptolemy.util.test.junit.AutoTests" name="[15] /home/travis/build/icyphy/ptII/ptolemy/domains/de/test/auto/DEinDEwithStartTimes.xml (RunModel)" time="0.015" />
  <testcase classname="ptolemy.util.test.junit.AutoTests" name="[16] /home/travis/build/icyphy/ptII/ptolemy/domains/de/test/auto/DEinDEwithStartTimes2.xml (RunModel)" time="0.017" />
  <testcase classname="ptolemy.util.test.junit.AutoTests" name="[17] /home/travis/build/icyphy/ptII/ptolemy/domains/de/test/auto/DateDemo.xml (RunModel)" time="0.031" />
  <testcase classname="ptolemy.util.test.junit.AutoTests" name="[18] /home/travis/build/icyphy/ptII/ptolemy/domains/de/test/auto/DateToEvent.xml (RunModel)" time="2.045" />
  <testcase classname="ptolemy.util.test.junit.AutoTests" name="[19] /home/travis/build/icyphy/ptII/ptolemy/domains/de/test/auto/DepthTest1.xml (RunModel)" time="0.015" />
  <testcase classname="ptolemy.util.test.junit.AutoTests" name="[20] /home/travis/build/icyphy/ptII/ptolemy/domains/de/test/auto/DepthTest2.xml (RunModel)" time="0.019" />
  <testcase classname="ptolemy.util.test.junit.AutoTests" name="[21] /home/travis/build/icyphy/ptII/ptolemy/domains/de/test/auto/DepthTest3.xml (RunModel)" time="0.013" />
  <testcase classname="ptolemy.util.test.junit.AutoTests" name="[22] /home/travis/build/icyphy/ptII/ptolemy/domains/de/test/auto/DepthTest4.xml (RunModel)" time="0.011" />
  <testcase classname="ptolemy.util.test.junit.AutoTests" name="[23] /home/travis/build/icyphy/ptII/ptolemy/domains/de/test/auto/DepthTest5.xml (RunModel)" time="0.013" />
  <testcase classname="ptolemy.util.test.junit.AutoTests" name="[24] /home/travis/build/icyphy/ptII/ptolemy/domains/de/test/auto/DepthTest6.xml (RunModel)" time="0.012" />
  <testcase classname="ptolemy.util.test.junit.AutoTests" name="[25] /home/travis/build/icyphy/ptII/ptolemy/domains/de/test/auto/DepthTest7.xml (RunModel)" time="0.013" />
  <testcase classname="ptolemy.util.test.junit.AutoTests" name="[26] /home/travis/build/icyphy/ptII/ptolemy/domains/de/test/auto/EventToDate.xml (RunModel)" time="3.04" />
  <testcase classname="ptolemy.util.test.junit.AutoTests" name="[27] /home/travis/build/icyphy/ptII/ptolemy/domains/de/test/auto/FSM1.xml (RunModel)" time="0.054" />
  <testcase classname="ptolemy.util.test.junit.AutoTests" name="[28] /home/travis/build/icyphy/ptII/ptolemy/domains/de/test/auto/FSM7.xml (RunModel)" time="0.042" />
  <testcase classname="ptolemy.util.test.junit.AutoTests" name="[29] /home/travis/build/icyphy/ptII/ptolemy/domains/de/test/auto/Inspection.xml (RunModel)" time="0.04" />
  <testcase classname="ptolemy.util.test.junit.AutoTests" name="[30] /home/travis/build/icyphy/ptII/ptolemy/domains/de/test/auto/Iteration.xml (RunModel)" time="0.047" />
  <testcase classname="ptolemy.util.test.junit.AutoTests" name="[31] /home/travis/build/icyphy/ptII/ptolemy/domains/de/test/auto/LineFault.xml (RunModel)" time="0.595" />
  <testcase classname="ptolemy.util.test.junit.AutoTests" name="[32] /home/travis/build/icyphy/ptII/ptolemy/domains/de/test/auto/MergeModel1Add.xml (RunModel)" time="0.047" />
  <testcase classname="ptolemy.util.test.junit.AutoTests" name="[33] /home/travis/build/icyphy/ptII/ptolemy/domains/de/test/auto/MergeModel2Add.xml (RunModel)" time="0.043" />
  <testcase classname="ptolemy.util.test.junit.AutoTests" name="[34] /home/travis/build/icyphy/ptII/ptolemy/domains/de/test/auto/MergeModel3Add.xml (RunModel)" time="0.039" />
  <testcase classname="ptolemy.util.test.junit.AutoTests" name="[35] /home/travis/build/icyphy/ptII/ptolemy/domains/de/test/auto/MergeWithoutDiscard.xml (RunModel)" time="0.018" />
  <testcase classname="ptolemy.util.test.junit.AutoTests" name="[36] /home/travis/build/icyphy/ptII/ptolemy/domains/de/test/auto/Modal1.xml (RunModel)" time="0.037" />
  <testcase classname="ptolemy.util.test.junit.AutoTests" name="[37] /home/travis/build/icyphy/ptII/ptolemy/domains/de/test/auto/Modal2.xml (RunModel)" time="0.031" />
  <testcase classname="ptolemy.util.test.junit.AutoTests" name="[38] /home/travis/build/icyphy/ptII/ptolemy/domains/de/test/auto/Modal3.xml (RunModel)" time="0.027" />
  <testcase classname="ptolemy.util.test.junit.AutoTests" name="[39] /home/travis/build/icyphy/ptII/ptolemy/domains/de/test/auto/Modal4.xml (RunModel)" time="0.032" />
  <testcase classname="ptolemy.util.test.junit.AutoTests" name="[40] /home/travis/build/icyphy/ptII/ptolemy/domains/de/test/auto/Modal5.xml (RunModel)" time="0.032" />
  <testcase classname="ptolemy.util.test.junit.AutoTests" name="[41] /home/travis/build/icyphy/ptII/ptolemy/domains/de/test/auto/Modal6.xml (RunModel)" time="0.028" />
  <testcase classname="ptolemy.util.test.junit.AutoTests" name="[42] /home/travis/build/icyphy/ptII/ptolemy/domains/de/test/auto/Modal7.xml (RunModel)" time="0.038" />
  <testcase classname="ptolemy.util.test.junit.AutoTests" name="[43] /home/travis/build/icyphy/ptII/ptolemy/domains/de/test/auto/ModalModel.xml (RunModel)" time="0.19" />
  <testcase classname="ptolemy.util.test.junit.AutoTests" name="[44] /home/travis/build/icyphy/ptII/ptolemy/domains/de/test/auto/ModalSource.xml (RunModel)" time="0.026" />
  <testcase classname="ptolemy.util.test.junit.AutoTests" name="[45] /home/travis/build/icyphy/ptII/ptolemy/domains/de/test/auto/NonInterruptibleTimerZeroDelay.xml (RunModel)" time="0.009" />
  <testcase classname="ptolemy.util.test.junit.AutoTests" name="[46] /home/travis/build/icyphy/ptII/ptolemy/domains/de/test/auto/OpenQueueingNetwork.xml (RunModel)" time="2.442" />
  <testcase classname="ptolemy.util.test.junit.AutoTests" name="[47] /home/travis/build/icyphy/ptII/ptolemy/domains/de/test/auto/OpenQueuingNetwork.xml (RunModel)" time="0.295" />
  <testcase classname="ptolemy.util.test.junit.AutoTests" name="[48] /home/travis/build/icyphy/ptII/ptolemy/domains/de/test/auto/PeriodicSampler.xml (RunModel)" time="0.008" />
  <testcase classname="ptolemy.util.test.junit.AutoTests" name="[49] /home/travis/build/icyphy/ptII/ptolemy/domains/de/test/auto/PersistentIO.xml (RunModel)" time="0.021" />
  <testcase classname="ptolemy.util.test.junit.AutoTests" name="[50] /home/travis/build/icyphy/ptII/ptolemy/domains/de/test/auto/PortParameterResetOnInitialize.xml (RunModel)" time="0.009" />
  <testcase classname="ptolemy.util.test.junit.AutoTests" name="[51] /home/travis/build/icyphy/ptII/ptolemy/domains/de/test/auto/PortParameterUpdates.xml (RunModel)" time="0.013" />
  <testcase classname="ptolemy.util.test.junit.AutoTests" name="[52] /home/travis/build/icyphy/ptII/ptolemy/domains/de/test/auto/QueueAndServer.xml (RunModel)" time="0.019" />
  <testcase classname="ptolemy.util.test.junit.AutoTests" name="[53] /home/travis/build/icyphy/ptII/ptolemy/domains/de/test/auto/Records.xml (RunModel)" time="0.019" />
  <testcase classname="ptolemy.util.test.junit.AutoTests" name="[54] /home/travis/build/icyphy/ptII/ptolemy/domains/de/test/auto/ResetTransitionWithStartTime1.xml (RunModel)" time="0.022" />
  <testcase classname="ptolemy.util.test.junit.AutoTests" name="[55] /home/travis/build/icyphy/ptII/ptolemy/domains/de/test/auto/ResetTransitionWithStartTime2.xml (RunModel)" time="0.021" />
  <testcase classname="ptolemy.util.test.junit.AutoTests" name="[56] /home/travis/build/icyphy/ptII/ptolemy/domains/de/test/auto/ResetTransitionWithStartTime3.xml (RunModel)" time="0.019" />
  <testcase classname="ptolemy.util.test.junit.AutoTests" name="[57] /home/travis/build/icyphy/ptII/ptolemy/domains/de/test/auto/ResetTransitionWithStartTime4.xml (RunModel)" time="0.022" />
  <testcase classname="ptolemy.util.test.junit.AutoTests" name="[58] /home/travis/build/icyphy/ptII/ptolemy/domains/de/test/auto/ResettableTimer1.xml (RunModel)" time="0.012" />
  <testcase classname="ptolemy.util.test.junit.AutoTests" name="[59] /home/travis/build/icyphy/ptII/ptolemy/domains/de/test/auto/ResettableTimer2.xml (RunModel)" time="0.011" />
  <testcase classname="ptolemy.util.test.junit.AutoTests" name="[60] /home/travis/build/icyphy/ptII/ptolemy/domains/de/test/auto/ResettableTimer3.xml (RunModel)" time="0.009" />
  <testcase classname="ptolemy.util.test.junit.AutoTests" name="[61] /home/travis/build/icyphy/ptII/ptolemy/domains/de/test/auto/ResettableTimer4.xml (RunModel)" time="0.012" />
  <testcase classname="ptolemy.util.test.junit.AutoTests" name="[62] /home/travis/build/icyphy/ptII/ptolemy/domains/de/test/auto/ResettableTimer5.xml (RunModel)" time="0.009" />
  <testcase classname="ptolemy.util.test.junit.AutoTests" name="[63] /home/travis/build/icyphy/ptII/ptolemy/domains/de/test/auto/ResettableTimer6.xml (RunModel)" time="0.017" />
  <testcase classname="ptolemy.util.test.junit.AutoTests" name="[64] /home/travis/build/icyphy/ptII/ptolemy/domains/de/test/auto/ServerZeroDelay.xml (RunModel)" time="0.011" />
  <testcase classname="ptolemy.util.test.junit.AutoTests" name="[65] /home/travis/build/icyphy/ptII/ptolemy/domains/de/test/auto/SmartSender.xml (RunModel)" time="3.012" />
  <testcase classname="ptolemy.util.test.junit.AutoTests" name="[66] /home/travis/build/icyphy/ptII/ptolemy/domains/de/test/auto/ThreadedComposite.xml (RunModel)" time="0.132" />
  <testcase classname="ptolemy.util.test.junit.AutoTests" name="[67] /home/travis/build/icyphy/ptII/ptolemy/domains/de/test/auto/Time.xml (RunModel)" time="0.437" />
  <testcase classname="ptolemy.util.test.junit.AutoTests" name="[68] /home/travis/build/icyphy/ptII/ptolemy/domains/de/test/auto/TimeDelayZeroDelay.xml (RunModel)" time="0.012" />
  <testcase classname="ptolemy.util.test.junit.AutoTests" name="[69] /home/travis/build/icyphy/ptII/ptolemy/domains/de/test/auto/TimerZeroDelay.xml (RunModel)" time="0.008" />
  <testcase classname="ptolemy.util.test.junit.AutoTests" name="[70] /home/travis/build/icyphy/ptII/ptolemy/domains/de/test/auto/TimingParadox.xml (RunModel)" time="0.386" />
  <testcase classname="ptolemy.util.test.junit.AutoTests" name="[71] /home/travis/build/icyphy/ptII/ptolemy/domains/de/test/auto/TransferInputs.xml (RunModel)" time="0.015" />
  <testcase classname="ptolemy.util.test.junit.AutoTests" name="[72] /home/travis/build/icyphy/ptII/ptolemy/domains/de/test/auto/TransferOutputs2.xml (RunModel)" time="0.016" />
  <testcase classname="ptolemy.util.test.junit.AutoTests" name="[73] /home/travis/build/icyphy/ptII/ptolemy/domains/de/test/auto/Trilateration.xml (RunModel)" time="12.017" />
  <testcase classname="ptolemy.util.test.junit.AutoTests" name="[74] /home/travis/build/icyphy/ptII/ptolemy/domains/de/test/auto/TwoSigmaDelta.xml (RunModel)" time="2.128" />
  <testcase classname="ptolemy.util.test.junit.AutoTests" name="[75] /home/travis/build/icyphy/ptII/ptolemy/domains/de/test/auto/VariableDelay.xml (RunModel)" time="0.009" />
  <testcase classname="ptolemy.util.test.junit.AutoTests" name="[76] /home/travis/build/icyphy/ptII/ptolemy/domains/de/test/auto/VariableDelay2.xml (RunModel)" time="0.01" />
  <testcase classname="ptolemy.util.test.junit.AutoTests" name="[77] /home/travis/build/icyphy/ptII/ptolemy/domains/de/test/auto/VariableDelayZeroDelay.xml (RunModel)" time="0.013" />
  <testcase classname="ptolemy.util.test.junit.AutoTests" name="[78] /home/travis/build/icyphy/ptII/ptolemy/domains/de/test/auto/VariableDelayZeroDelay2.xml (RunModel)" time="0.019" />
  <testcase classname="ptolemy.util.test.junit.AutoTests" name="[79] /home/travis/build/icyphy/ptII/ptolemy/domains/de/test/auto/deInCt.xml (RunModel)" time="0.017" />
  <testcase classname="ptolemy.util.test.junit.AutoTests" name="[80] /home/travis/build/icyphy/ptII/ptolemy/domains/de/test/auto/deInCt2.xml (RunModel)" time="0.014" />
  <testcase classname="ptolemy.util.test.junit.AutoTests" name="[81] /home/travis/build/icyphy/ptII/ptolemy/domains/de/test/auto/dynamicCausalityInterface1.xml (RunModel)" time="0.017" />
  <testcase classname="ptolemy.util.test.junit.AutoTests" name="[82] /home/travis/build/icyphy/ptII/ptolemy/domains/de/test/auto/fsm_de_test.xml (RunModel)" time="0.02" />
  <testcase classname="ptolemy.util.test.junit.AutoTests" name="[83] /home/travis/build/icyphy/ptII/ptolemy/domains/de/test/auto/functionDependencyReconstruction.xml (RunModel)" time="0.03" />
  <testcase classname="ptolemy.util.test.junit.AutoTests" name="[84] /home/travis/build/icyphy/ptII/ptolemy/domains/de/test/auto/multirate.xml (RunModel)" time="0.016" />
  <testcase classname="ptolemy.util.test.junit.AutoTests" name="[85] /home/travis/build/icyphy/ptII/ptolemy/domains/de/test/auto/multirate2.xml (RunModel)" time="0.017" />
  <testcase classname="ptolemy.util.test.junit.AutoTests" name="[86] /home/travis/build/icyphy/ptII/ptolemy/domains/de/test/auto/realtime.xml (RunModel)" time="10.009" />
  <testcase classname="ptolemy.util.test.junit.AutoTests" name="[87] /home/travis/build/icyphy/ptII/ptolemy/domains/de/test/auto/relationGroup.xml (RunModel)" time="0.008" />
  <testcase classname="ptolemy.util.test.junit.AutoTests" name="[88] /home/travis/build/icyphy/ptII/ptolemy/domains/de/test/auto/relationGroup2.xml (RunModel)" time="0.009" />
  <testcase classname="ptolemy.util.test.junit.AutoTests" name="[89] /home/travis/build/icyphy/ptII/ptolemy/domains/de/test/auto/sortWithOpaquePorts.xml (RunModel)" time="0.011" />
  <testcase classname="ptolemy.util.test.junit.AutoTests" name="[90] /home/travis/build/icyphy/ptII/ptolemy/domains/de/test/auto/transferInputsandOutputs.xml (RunModel)" time="0.016" />
  <testcase classname="ptolemy.util.test.junit.AutoTests" name="[91] /home/travis/build/icyphy/ptII/ptolemy/domains/de/test/auto/triggerType.xml (RunModel)" time="0.009" />
  <system-out><![CDATA[/home/travis/build/icyphy/ptII/ptolemy/domains/de/test/DependencyLoop.tcl
testDefs.tcl: setting time out to 9000 seconds at Sun Jul 21 18:04:02 UTC 2019
64 ms. Memory: 120832K Free: 72134K (60%)
13 ms. Memory: 120832K Free: 54711K (45%)
/home/travis/build/icyphy/ptII/ptolemy/domains/de/test/RunDETestsAsQSS.tcl
Run the DE tests using ptolemy.domains.qss.test.QSSDirectorTest, which extends QSSDirector and prints a message in the constructors.
------------------ testing $PTII/ptolemy/domains/de/test/auto/knownFailedTests/DirectFeedback.xml (Known Failure) 
68 ms. Memory: 120832K Free: 49096K (41%)


==== $PTIIhome/travis/build/icyphy/ptII/ptolemy/domains/de/test/../../../../: Auto Automatic test in file $PTII/ptolemy/domains/de/test/auto/knownFailedTests/DirectFeedback.xml
==== Contents of test case:

	    # FIXME: we should use $relativeFilename here, but it
	    # might have backslashes under Windows, which causes no end
	    # of trouble.
	    createAndExecute $file
	    list {}
	
.... Test generated KNOWN error:
    while executing
ptolemy.kernel.util.IllegalActionException: Test fails in iteration 1.
Value was: 1.0. Should have been: 2.0
  in .DirectFeedback.Test
	at ptolemy.actor.lib.Test.fire(Test.java:268)
	at ptolemy.domains.de.kernel.DEDirector._fire(DEDirector.java:1949)
	at ptolemy.domains.de.kernel.DEDirector.fire(DEDirector.java:502)
	at ptolemy.actor.CompositeActor.fire(CompositeActor.java:455)
	at ptolemy.actor.Manager.iterate(Manager.java:851)
	at ptolemy.actor.Manager.execute(Manager.java:369)
	at ptolemy.actor.Manager.run(Manager.java:1263)
	at ptolemy.actor.Manager$PtolemyRunThread.run(Manager.java:1933)

    while executing
ptolemy.kernel.util.IllegalActionException: Test fails in iteration 1.
Value was: 1.0. Should have been: 2.0
  in .DirectFeedback.Test
    while executing
"java::new ptolemy.moml.MoMLSimpleApplication $file
"
    (procedure "createAndExecute" line 2)
    invoked from within
"createAndExecute $file"
    ("uplevel" body line 5)
    invoked from within
"uplevel $contents_of_test"
------------------ testing $PTII/ptolemy/domains/de/test/auto/knownFailedTests/dependencyLoop.xml (Known Failure) 
9 ms. Memory: 120832K Free: 46024K (38%)


==== $PTIIhome/travis/build/icyphy/ptII/ptolemy/domains/de/test/../../../../: Auto Automatic test in file $PTII/ptolemy/domains/de/test/auto/knownFailedTests/dependencyLoop.xml
==== Contents of test case:

	    # FIXME: we should use $relativeFilename here, but it
	    # might have backslashes under Windows, which causes no end
	    # of trouble.
	    createAndExecute $file
	    list {}
	
.... Test generated KNOWN error:
    while executing
ptolemy.kernel.util.IllegalActionException: Found a zero delay loop containing .dependencyLoop.original
  in .dependencyLoop and .dependencyLoop.original
	at ptolemy.actor.util.CausalityInterfaceForComposites._computeOutputPortDepth(CausalityInterfaceForComposites.java:759)
	at ptolemy.actor.util.CausalityInterfaceForComposites._computeInputDepth(CausalityInterfaceForComposites.java:696)
	at ptolemy.actor.util.CausalityInterfaceForComposites._computeOutputPortDepth(CausalityInterfaceForComposites.java:765)
	at ptolemy.actor.util.CausalityInterfaceForComposites._computeInputDepth(CausalityInterfaceForComposites.java:696)
	at ptolemy.actor.util.CausalityInterfaceForComposites._computeOutputPortDepth(CausalityInterfaceForComposites.java:765)
	at ptolemy.actor.util.CausalityInterfaceForComposites._computeInputDepth(CausalityInterfaceForComposites.java:696)
	at ptolemy.actor.util.CausalityInterfaceForComposites._computeActorDepth(CausalityInterfaceForComposites.java:532)
	at ptolemy.actor.util.CausalityInterfaceForComposites.checkForCycles(CausalityInterfaceForComposites.java:96)
	at ptolemy.domains.de.kernel.DEDirector.preinitialize(DEDirector.java:1338)
	at ptolemy.actor.CompositeActor.preinitialize(CompositeActor.java:1828)
	at ptolemy.actor.Manager.preinitializeAndResolveTypes(Manager.java:1040)
	at ptolemy.actor.Manager.initialize(Manager.java:710)
	at ptolemy.actor.Manager.execute(Manager.java:356)
	at ptolemy.actor.Manager.run(Manager.java:1263)
	at ptolemy.actor.Manager$PtolemyRunThread.run(Manager.java:1933)

    while executing
ptolemy.kernel.util.IllegalActionException: Found a zero delay loop containing .dependencyLoop.original
  in .dependencyLoop and .dependencyLoop.original
    while executing
"java::new ptolemy.moml.MoMLSimpleApplication $file
"
    (procedure "createAndExecute" line 2)
    invoked from within
"createAndExecute $file"
    ("uplevel" body line 5)
    invoked from within
"uplevel $contents_of_test"
------------------ testing $PTII/ptolemy/domains/de/test/auto/knownFailedTests/FSMSource.xml (Known Failure) 
72 ms. Memory: 120832K Free: 99434K (82%)
!!!! Auto was marked as failing, but now passes
------------------ testing $PTII/ptolemy/domains/de/test/auto/knownFailedTests/HierarchicalModel.xml (Known Failure) 
6 ms. Memory: 120832K Free: 82050K (68%)


==== $PTIIhome/travis/build/icyphy/ptII/ptolemy/domains/de/test/../../../../: Auto Automatic test in file $PTII/ptolemy/domains/de/test/auto/knownFailedTests/HierarchicalModel.xml
==== Contents of test case:

	    # FIXME: we should use $relativeFilename here, but it
	    # might have backslashes under Windows, which causes no end
	    # of trouble.
	    createAndExecute $file
	    list {}
	
.... Test generated KNOWN error:
    while executing
ptolemy.kernel.util.IllegalActionException: Found a zero delay loop containing .HierarchicalModel.A
  in .HierarchicalModel and .HierarchicalModel.A
	at ptolemy.actor.util.CausalityInterfaceForComposites._computeOutputPortDepth(CausalityInterfaceForComposites.java:759)
	at ptolemy.actor.util.CausalityInterfaceForComposites._computeInputDepth(CausalityInterfaceForComposites.java:696)
	at ptolemy.actor.util.CausalityInterfaceForComposites._computeOutputPortDepth(CausalityInterfaceForComposites.java:765)
	at ptolemy.actor.util.CausalityInterfaceForComposites._computeInputDepth(CausalityInterfaceForComposites.java:696)
	at ptolemy.actor.util.CausalityInterfaceForComposites._computeOutputPortDepth(CausalityInterfaceForComposites.java:765)
	at ptolemy.actor.util.CausalityInterfaceForComposites._computeInputDepth(CausalityInterfaceForComposites.java:696)
	at ptolemy.actor.util.CausalityInterfaceForComposites._computeActorDepth(CausalityInterfaceForComposites.java:532)
	at ptolemy.actor.util.CausalityInterfaceForComposites.checkForCycles(CausalityInterfaceForComposites.java:96)
	at ptolemy.domains.de.kernel.DEDirector.preinitialize(DEDirector.java:1338)
	at ptolemy.actor.CompositeActor.preinitialize(CompositeActor.java:1828)
	at ptolemy.actor.Manager.preinitializeAndResolveTypes(Manager.java:1040)
	at ptolemy.actor.Manager.initialize(Manager.java:710)
	at ptolemy.actor.Manager.execute(Manager.java:356)
	at ptolemy.actor.Manager.run(Manager.java:1263)
	at ptolemy.actor.Manager$PtolemyRunThread.run(Manager.java:1933)

    while executing
ptolemy.kernel.util.IllegalActionException: Found a zero delay loop containing .HierarchicalModel.A
  in .HierarchicalModel and .HierarchicalModel.A
    while executing
"java::new ptolemy.moml.MoMLSimpleApplication $file
"
    (procedure "createAndExecute" line 2)
    invoked from within
"createAndExecute $file"
    ("uplevel" body line 5)
    invoked from within
"uplevel $contents_of_test"
------------------ testing $PTII/ptolemy/domains/de/test/auto/knownFailedTests/dependencyLoop2.xml (Known Failure) 
28 ms. Memory: 120832K Free: 105902K (88%)


==== $PTIIhome/travis/build/icyphy/ptII/ptolemy/domains/de/test/../../../../: Auto Automatic test in file $PTII/ptolemy/domains/de/test/auto/knownFailedTests/dependencyLoop2.xml
==== Contents of test case:

	    # FIXME: we should use $relativeFilename here, but it
	    # might have backslashes under Windows, which causes no end
	    # of trouble.
	    createAndExecute $file
	    list {}
	
.... Test generated KNOWN error:
    while executing
ptolemy.kernel.util.IllegalActionException: Found a zero delay loop containing .dependencyLoop2.original
  in .dependencyLoop2 and .dependencyLoop2.original
	at ptolemy.actor.util.CausalityInterfaceForComposites._computeOutputPortDepth(CausalityInterfaceForComposites.java:759)
	at ptolemy.actor.util.CausalityInterfaceForComposites._computeInputDepth(CausalityInterfaceForComposites.java:696)
	at ptolemy.actor.util.CausalityInterfaceForComposites._computeOutputPortDepth(CausalityInterfaceForComposites.java:765)
	at ptolemy.actor.util.CausalityInterfaceForComposites._computeInputDepth(CausalityInterfaceForComposites.java:696)
	at ptolemy.actor.util.CausalityInterfaceForComposites._computeOutputPortDepth(CausalityInterfaceForComposites.java:765)
	at ptolemy.actor.util.CausalityInterfaceForComposites._computeInputDepth(CausalityInterfaceForComposites.java:696)
	at ptolemy.actor.util.CausalityInterfaceForComposites._computeActorDepth(CausalityInterfaceForComposites.java:532)
	at ptolemy.actor.util.CausalityInterfaceForComposites.checkForCycles(CausalityInterfaceForComposites.java:96)
	at ptolemy.domains.de.kernel.DEDirector.preinitialize(DEDirector.java:1338)
	at ptolemy.actor.CompositeActor.preinitialize(CompositeActor.java:1828)
	at ptolemy.actor.Manager.preinitializeAndResolveTypes(Manager.java:1040)
	at ptolemy.actor.Manager.initialize(Manager.java:710)
	at ptolemy.actor.Manager.execute(Manager.java:356)
	at ptolemy.actor.Manager.run(Manager.java:1263)
	at ptolemy.actor.Manager$PtolemyRunThread.run(Manager.java:1933)

    while executing
ptolemy.kernel.util.IllegalActionException: Found a zero delay loop containing .dependencyLoop2.original
  in .dependencyLoop2 and .dependencyLoop2.original
    while executing
"java::new ptolemy.moml.MoMLSimpleApplication $file
"
    (procedure "createAndExecute" line 2)
    invoked from within
"createAndExecute $file"
    ("uplevel" body line 5)
    invoked from within
"uplevel $contents_of_test"
------------------ testing $PTII/ptolemy/domains/de/test/auto/knownFailedTests/DESDFClockTest.xml (Known Failure) 
2046 ms. Memory: 120832K Free: 92913K (77%)


==== $PTIIhome/travis/build/icyphy/ptII/ptolemy/domains/de/test/../../../../: Auto Automatic test in file $PTII/ptolemy/domains/de/test/auto/knownFailedTests/DESDFClockTest.xml
==== Contents of test case:

	    # FIXME: we should use $relativeFilename here, but it
	    # might have backslashes under Windows, which causes no end
	    # of trouble.
	    createAndExecute $file
	    list {}
	
.... Test generated KNOWN error:
    while executing
ptolemy.kernel.util.IllegalActionException: Actor is not ready to fire.  Perhaps UpSample.prefire() returned false? Try debugging the actor by selecting "Listen to Actor".  Also, for SDF check moml for tokenConsumptionRate on input.
  in .DESDFClockTest.Play Bell.Copy1:SDF Director and .DESDFClockTest.Play Bell.UpSample
	at ptolemy.actor.sched.StaticSchedulingDirector.fire(StaticSchedulingDirector.java:227)
	at ptolemy.domains.sdf.kernel.SDFDirector.fire(SDFDirector.java:500)
	at ptolemy.actor.CompositeActor.fire(CompositeActor.java:455)
	at ptolemy.domains.de.kernel.DEDirector._fire(DEDirector.java:1949)
	at ptolemy.domains.de.kernel.DEDirector.fire(DEDirector.java:502)
	at ptolemy.actor.CompositeActor.fire(CompositeActor.java:455)
	at ptolemy.actor.Manager.iterate(Manager.java:851)
	at ptolemy.actor.Manager.execute(Manager.java:369)
	at ptolemy.actor.Manager.run(Manager.java:1263)
	at ptolemy.actor.Manager$PtolemyRunThread.run(Manager.java:1933)

    while executing
ptolemy.kernel.util.IllegalActionException: Actor is not ready to fire.  Perhaps UpSample.prefire() returned false? Try debugging the actor by selecting "Listen to Actor".  Also, for SDF check moml for tokenConsumptionRate on input.
  in .DESDFClockTest.Play Bell.Copy1:SDF Director and .DESDFClockTest.Play Bell.UpSample
    while executing
"java::new ptolemy.moml.MoMLSimpleApplication $file
"
    (procedure "createAndExecute" line 2)
    invoked from within
"createAndExecute $file"
    ("uplevel" body line 5)
    invoked from within
"uplevel $contents_of_test"
------------------ testing $PTII/ptolemy/domains/de/test/auto/ActorDepthCalculation_actorWithoutPorts.xml
auto.tcl: Setting watchdog for 200 seconds at Sun Jul 21 18:04:06 UTC 2019
5 ms. Memory: 120832K Free: 85745K (71%)
ptolemy.util.test.WatchDog.cancel(): canceling Sun Jul 21 18:04:06 UTC 2019
auto.tcl: Setting watchdog for 200 seconds at Sun Jul 21 18:04:06 UTC 2019
5 ms. Memory: 120832K Free: 84207K (70%)
ptolemy.util.test.WatchDog.cancel(): canceling Sun Jul 21 18:04:06 UTC 2019
------------------ testing $PTII/ptolemy/domains/de/test/auto/AssemblyLine.xml
auto.tcl: Setting watchdog for 200 seconds at Sun Jul 21 18:04:06 UTC 2019
15 ms. Memory: 48128K Free: 25505K (53%)
ptolemy.util.test.WatchDog.cancel(): canceling Sun Jul 21 18:04:07 UTC 2019
auto.tcl: Setting watchdog for 200 seconds at Sun Jul 21 18:04:07 UTC 2019
9 ms. Memory: 48128K Free: 25031K (52%)
ptolemy.util.test.WatchDog.cancel(): canceling Sun Jul 21 18:04:07 UTC 2019
------------------ testing $PTII/ptolemy/domains/de/test/auto/CQBug1.xml
auto.tcl: Setting watchdog for 200 seconds at Sun Jul 21 18:04:07 UTC 2019
3 ms. Memory: 48128K Free: 31482K (65%)
ptolemy.util.test.WatchDog.cancel(): canceling Sun Jul 21 18:04:07 UTC 2019
auto.tcl: Setting watchdog for 200 seconds at Sun Jul 21 18:04:07 UTC 2019
2 ms. Memory: 48128K Free: 31016K (64%)
ptolemy.util.test.WatchDog.cancel(): canceling Sun Jul 21 18:04:07 UTC 2019
------------------ testing $PTII/ptolemy/domains/de/test/auto/CancelFireAt.xml
auto.tcl: Setting watchdog for 200 seconds at Sun Jul 21 18:04:07 UTC 2019
2 ms. Memory: 45056K Free: 29697K (66%)
ptolemy.util.test.WatchDog.cancel(): canceling Sun Jul 21 18:04:07 UTC 2019
auto.tcl: Setting watchdog for 200 seconds at Sun Jul 21 18:04:07 UTC 2019
2 ms. Memory: 45056K Free: 29249K (65%)
ptolemy.util.test.WatchDog.cancel(): canceling Sun Jul 21 18:04:07 UTC 2019
------------------ testing $PTII/ptolemy/domains/de/test/auto/CausalityAndComposabilityAnalysis.xml
auto.tcl: Setting watchdog for 200 seconds at Sun Jul 21 18:04:07 UTC 2019
9 ms. Memory: 45056K Free: 27922K (62%)
ptolemy.util.test.WatchDog.cancel(): canceling Sun Jul 21 18:04:07 UTC 2019
auto.tcl: Setting watchdog for 200 seconds at Sun Jul 21 18:04:07 UTC 2019
6 ms. Memory: 45056K Free: 27070K (60%)
ptolemy.util.test.WatchDog.cancel(): canceling Sun Jul 21 18:04:07 UTC 2019
------------------ testing $PTII/ptolemy/domains/de/test/auto/CausalityInterface1.xml
auto.tcl: Setting watchdog for 200 seconds at Sun Jul 21 18:04:07 UTC 2019
20 ms. Memory: 45056K Free: 26385K (59%)
ptolemy.util.test.WatchDog.cancel(): canceling Sun Jul 21 18:04:07 UTC 2019
auto.tcl: Setting watchdog for 200 seconds at Sun Jul 21 18:04:07 UTC 2019
7 ms. Memory: 45056K Free: 25399K (56%)
ptolemy.util.test.WatchDog.cancel(): canceling Sun Jul 21 18:04:07 UTC 2019
------------------ testing $PTII/ptolemy/domains/de/test/auto/CausalityInterface15.xml
auto.tcl: Setting watchdog for 200 seconds at Sun Jul 21 18:04:07 UTC 2019
4 ms. Memory: 45056K Free: 26420K (59%)
ptolemy.util.test.WatchDog.cancel(): canceling Sun Jul 21 18:04:07 UTC 2019
auto.tcl: Setting watchdog for 200 seconds at Sun Jul 21 18:04:07 UTC 2019
4 ms. Memory: 45056K Free: 25345K (56%)
ptolemy.util.test.WatchDog.cancel(): canceling Sun Jul 21 18:04:07 UTC 2019
------------------ testing $PTII/ptolemy/domains/de/test/auto/CausalityInterface2.xml
auto.tcl: Setting watchdog for 200 seconds at Sun Jul 21 18:04:07 UTC 2019
7 ms. Memory: 45056K Free: 27089K (60%)
ptolemy.util.test.WatchDog.cancel(): canceling Sun Jul 21 18:04:07 UTC 2019
auto.tcl: Setting watchdog for 200 seconds at Sun Jul 21 18:04:07 UTC 2019
3 ms. Memory: 45056K Free: 25960K (58%)
ptolemy.util.test.WatchDog.cancel(): canceling Sun Jul 21 18:04:07 UTC 2019
------------------ testing $PTII/ptolemy/domains/de/test/auto/CausalityInterface3.xml
auto.tcl: Setting watchdog for 200 seconds at Sun Jul 21 18:04:07 UTC 2019
3 ms. Memory: 45056K Free: 26554K (59%)
ptolemy.util.test.WatchDog.cancel(): canceling Sun Jul 21 18:04:07 UTC 2019
auto.tcl: Setting watchdog for 200 seconds at Sun Jul 21 18:04:07 UTC 2019
3 ms. Memory: 45056K Free: 25758K (57%)
ptolemy.util.test.WatchDog.cancel(): canceling Sun Jul 21 18:04:07 UTC 2019
------------------ testing $PTII/ptolemy/domains/de/test/auto/ClockDrift.xml
auto.tcl: Setting watchdog for 200 seconds at Sun Jul 21 18:04:07 UTC 2019
93 ms. Memory: 45056K Free: 19055K (42%)
ptolemy.util.test.WatchDog.cancel(): canceling Sun Jul 21 18:04:07 UTC 2019
auto.tcl: Setting watchdog for 200 seconds at Sun Jul 21 18:04:07 UTC 2019
51 ms. Memory: 45056K Free: 15637K (35%)
ptolemy.util.test.WatchDog.cancel(): canceling Sun Jul 21 18:04:08 UTC 2019
------------------ testing $PTII/ptolemy/domains/de/test/auto/ClockDriftAndValueChange.xml
auto.tcl: Setting watchdog for 200 seconds at Sun Jul 21 18:04:08 UTC 2019
41 ms. Memory: 45056K Free: 19354K (43%)
ptolemy.util.test.WatchDog.cancel(): canceling Sun Jul 21 18:04:08 UTC 2019
auto.tcl: Setting watchdog for 200 seconds at Sun Jul 21 18:04:08 UTC 2019
18 ms. Memory: 45056K Free: 16282K (36%)
ptolemy.util.test.WatchDog.cancel(): canceling Sun Jul 21 18:04:08 UTC 2019
------------------ testing $PTII/ptolemy/domains/de/test/auto/ClockDriftChange.xml
auto.tcl: Setting watchdog for 200 seconds at Sun Jul 21 18:04:08 UTC 2019
24 ms. Memory: 45056K Free: 21187K (47%)
ptolemy.util.test.WatchDog.cancel(): canceling Sun Jul 21 18:04:08 UTC 2019
auto.tcl: Setting watchdog for 200 seconds at Sun Jul 21 18:04:08 UTC 2019
18 ms. Memory: 45056K Free: 18655K (41%)
ptolemy.util.test.WatchDog.cancel(): canceling Sun Jul 21 18:04:08 UTC 2019
------------------ testing $PTII/ptolemy/domains/de/test/auto/ComposableCausalityAnalysis.xml
auto.tcl: Setting watchdog for 200 seconds at Sun Jul 21 18:04:08 UTC 2019
2 ms. Memory: 45056K Free: 25807K (57%)
ptolemy.util.test.WatchDog.cancel(): canceling Sun Jul 21 18:04:08 UTC 2019
auto.tcl: Setting watchdog for 200 seconds at Sun Jul 21 18:04:08 UTC 2019
5 ms. Memory: 45056K Free: 24793K (55%)
ptolemy.util.test.WatchDog.cancel(): canceling Sun Jul 21 18:04:08 UTC 2019
------------------ testing $PTII/ptolemy/domains/de/test/auto/DEFixedPointLimitation.xml
auto.tcl: Setting watchdog for 200 seconds at Sun Jul 21 18:04:08 UTC 2019
3 ms. Memory: 45056K Free: 27154K (60%)
ptolemy.util.test.WatchDog.cancel(): canceling Sun Jul 21 18:04:08 UTC 2019
auto.tcl: Setting watchdog for 200 seconds at Sun Jul 21 18:04:08 UTC 2019
2 ms. Memory: 45056K Free: 26242K (58%)
ptolemy.util.test.WatchDog.cancel(): canceling Sun Jul 21 18:04:08 UTC 2019
------------------ testing $PTII/ptolemy/domains/de/test/auto/DEScheduleTest.xml
auto.tcl: Setting watchdog for 200 seconds at Sun Jul 21 18:04:08 UTC 2019
14 ms. Memory: 45056K Free: 27424K (61%)
ptolemy.util.test.WatchDog.cancel(): canceling Sun Jul 21 18:04:08 UTC 2019
auto.tcl: Setting watchdog for 200 seconds at Sun Jul 21 18:04:08 UTC 2019
3 ms. Memory: 45056K Free: 26684K (59%)
ptolemy.util.test.WatchDog.cancel(): canceling Sun Jul 21 18:04:08 UTC 2019
------------------ testing $PTII/ptolemy/domains/de/test/auto/DEinDEwithStartTimes.xml
auto.tcl: Setting watchdog for 200 seconds at Sun Jul 21 18:04:08 UTC 2019
6 ms. Memory: 45056K Free: 25625K (57%)
ptolemy.util.test.WatchDog.cancel(): canceling Sun Jul 21 18:04:08 UTC 2019
auto.tcl: Setting watchdog for 200 seconds at Sun Jul 21 18:04:08 UTC 2019
5 ms. Memory: 45056K Free: 24574K (55%)
ptolemy.util.test.WatchDog.cancel(): canceling Sun Jul 21 18:04:08 UTC 2019
------------------ testing $PTII/ptolemy/domains/de/test/auto/DEinDEwithStartTimes2.xml
auto.tcl: Setting watchdog for 200 seconds at Sun Jul 21 18:04:08 UTC 2019
6 ms. Memory: 45056K Free: 24844K (55%)
ptolemy.util.test.WatchDog.cancel(): canceling Sun Jul 21 18:04:08 UTC 2019
auto.tcl: Setting watchdog for 200 seconds at Sun Jul 21 18:04:08 UTC 2019
4 ms. Memory: 45056K Free: 23530K (52%)
ptolemy.util.test.WatchDog.cancel(): canceling Sun Jul 21 18:04:08 UTC 2019
------------------ testing $PTII/ptolemy/domains/de/test/auto/DateDemo.xml
auto.tcl: Setting watchdog for 200 seconds at Sun Jul 21 18:04:08 UTC 2019
21 ms. Memory: 45056K Free: 19181K (43%)
ptolemy.util.test.WatchDog.cancel(): canceling Sun Jul 21 18:04:08 UTC 2019
auto.tcl: Setting watchdog for 200 seconds at Sun Jul 21 18:04:08 UTC 2019
9 ms. Memory: 45056K Free: 17628K (39%)
ptolemy.util.test.WatchDog.cancel(): canceling Sun Jul 21 18:04:08 UTC 2019
------------------ testing $PTII/ptolemy/domains/de/test/auto/DateToEvent.xml
auto.tcl: Setting watchdog for 200 seconds at Sun Jul 21 18:04:08 UTC 2019
2010 ms. Memory: 45056K Free: 15094K (34%)
ptolemy.util.test.WatchDog.cancel(): canceling Sun Jul 21 18:04:10 UTC 2019
auto.tcl: Setting watchdog for 200 seconds at Sun Jul 21 18:04:10 UTC 2019
2004 ms. Memory: 45056K Free: 14385K (32%)
ptolemy.util.test.WatchDog.cancel(): canceling Sun Jul 21 18:04:12 UTC 2019
------------------ testing $PTII/ptolemy/domains/de/test/auto/DepthTest1.xml
auto.tcl: Setting watchdog for 200 seconds at Sun Jul 21 18:04:13 UTC 2019
3 ms. Memory: 45056K Free: 28392K (63%)
ptolemy.util.test.WatchDog.cancel(): canceling Sun Jul 21 18:04:13 UTC 2019
auto.tcl: Setting watchdog for 200 seconds at Sun Jul 21 18:04:13 UTC 2019
2 ms. Memory: 45056K Free: 27840K (62%)
ptolemy.util.test.WatchDog.cancel(): canceling Sun Jul 21 18:04:13 UTC 2019
------------------ testing $PTII/ptolemy/domains/de/test/auto/DepthTest2.xml
auto.tcl: Setting watchdog for 200 seconds at Sun Jul 21 18:04:13 UTC 2019
3 ms. Memory: 45056K Free: 25110K (56%)
ptolemy.util.test.WatchDog.cancel(): canceling Sun Jul 21 18:04:13 UTC 2019
auto.tcl: Setting watchdog for 200 seconds at Sun Jul 21 18:04:13 UTC 2019
2 ms. Memory: 45056K Free: 24716K (55%)
ptolemy.util.test.WatchDog.cancel(): canceling Sun Jul 21 18:04:13 UTC 2019
------------------ testing $PTII/ptolemy/domains/de/test/auto/DepthTest3.xml
auto.tcl: Setting watchdog for 200 seconds at Sun Jul 21 18:04:13 UTC 2019
3 ms. Memory: 45056K Free: 28714K (64%)
ptolemy.util.test.WatchDog.cancel(): canceling Sun Jul 21 18:04:13 UTC 2019
auto.tcl: Setting watchdog for 200 seconds at Sun Jul 21 18:04:13 UTC 2019
1 ms. Memory: 45056K Free: 28186K (63%)
ptolemy.util.test.WatchDog.cancel(): canceling Sun Jul 21 18:04:13 UTC 2019
------------------ testing $PTII/ptolemy/domains/de/test/auto/DepthTest4.xml
auto.tcl: Setting watchdog for 200 seconds at Sun Jul 21 18:04:13 UTC 2019
3 ms. Memory: 45056K Free: 26935K (60%)
ptolemy.util.test.WatchDog.cancel(): canceling Sun Jul 21 18:04:13 UTC 2019
auto.tcl: Setting watchdog for 200 seconds at Sun Jul 21 18:04:13 UTC 2019
2 ms. Memory: 45056K Free: 26228K (58%)
ptolemy.util.test.WatchDog.cancel(): canceling Sun Jul 21 18:04:13 UTC 2019
------------------ testing $PTII/ptolemy/domains/de/test/auto/DepthTest5.xml
auto.tcl: Setting watchdog for 200 seconds at Sun Jul 21 18:04:13 UTC 2019
7 ms. Memory: 45056K Free: 26329K (58%)
ptolemy.util.test.WatchDog.cancel(): canceling Sun Jul 21 18:04:13 UTC 2019
auto.tcl: Setting watchdog for 200 seconds at Sun Jul 21 18:04:13 UTC 2019
3 ms. Memory: 45056K Free: 25541K (57%)
ptolemy.util.test.WatchDog.cancel(): canceling Sun Jul 21 18:04:13 UTC 2019
------------------ testing $PTII/ptolemy/domains/de/test/auto/DepthTest6.xml
auto.tcl: Setting watchdog for 200 seconds at Sun Jul 21 18:04:13 UTC 2019
3 ms. Memory: 45056K Free: 26008K (58%)
ptolemy.util.test.WatchDog.cancel(): canceling Sun Jul 21 18:04:13 UTC 2019
auto.tcl: Setting watchdog for 200 seconds at Sun Jul 21 18:04:13 UTC 2019
2 ms. Memory: 45056K Free: 25511K (57%)
ptolemy.util.test.WatchDog.cancel(): canceling Sun Jul 21 18:04:13 UTC 2019
------------------ testing $PTII/ptolemy/domains/de/test/auto/DepthTest7.xml
auto.tcl: Setting watchdog for 200 seconds at Sun Jul 21 18:04:13 UTC 2019
3 ms. Memory: 45056K Free: 26854K (60%)
ptolemy.util.test.WatchDog.cancel(): canceling Sun Jul 21 18:04:13 UTC 2019
auto.tcl: Setting watchdog for 200 seconds at Sun Jul 21 18:04:13 UTC 2019
3 ms. Memory: 45056K Free: 26122K (58%)
ptolemy.util.test.WatchDog.cancel(): canceling Sun Jul 21 18:04:13 UTC 2019
------------------ testing $PTII/ptolemy/domains/de/test/auto/EventToDate.xml
auto.tcl: Setting watchdog for 200 seconds at Sun Jul 21 18:04:13 UTC 2019
3005 ms. Memory: 45056K Free: 17612K (39%)
ptolemy.util.test.WatchDog.cancel(): canceling Sun Jul 21 18:04:16 UTC 2019
auto.tcl: Setting watchdog for 200 seconds at Sun Jul 21 18:04:16 UTC 2019
3006 ms. Memory: 45056K Free: 16948K (38%)
ptolemy.util.test.WatchDog.cancel(): canceling Sun Jul 21 18:04:19 UTC 2019
------------------ testing $PTII/ptolemy/domains/de/test/auto/FSM1.xml
auto.tcl: Setting watchdog for 200 seconds at Sun Jul 21 18:04:19 UTC 2019
26 ms. Memory: 45056K Free: 18629K (41%)
ptolemy.util.test.WatchDog.cancel(): canceling Sun Jul 21 18:04:19 UTC 2019
auto.tcl: Setting watchdog for 200 seconds at Sun Jul 21 18:04:19 UTC 2019
31 ms. Memory: 45056K Free: 15239K (34%)
ptolemy.util.test.WatchDog.cancel(): canceling Sun Jul 21 18:04:19 UTC 2019
------------------ testing $PTII/ptolemy/domains/de/test/auto/FSM7.xml
auto.tcl: Setting watchdog for 200 seconds at Sun Jul 21 18:04:19 UTC 2019
19 ms. Memory: 45056K Free: 18577K (41%)
ptolemy.util.test.WatchDog.cancel(): canceling Sun Jul 21 18:04:19 UTC 2019
auto.tcl: Setting watchdog for 200 seconds at Sun Jul 21 18:04:19 UTC 2019
21 ms. Memory: 45056K Free: 15444K (34%)
ptolemy.util.test.WatchDog.cancel(): canceling Sun Jul 21 18:04:19 UTC 2019
------------------ testing $PTII/ptolemy/domains/de/test/auto/Inspection.xml
auto.tcl: Setting watchdog for 200 seconds at Sun Jul 21 18:04:19 UTC 2019
34 ms. Memory: 45056K Free: 18619K (41%)
ptolemy.util.test.WatchDog.cancel(): canceling Sun Jul 21 18:04:19 UTC 2019
auto.tcl: Setting watchdog for 200 seconds at Sun Jul 21 18:04:19 UTC 2019
35 ms. Memory: 45056K Free: 16868K (37%)
ptolemy.util.test.WatchDog.cancel(): canceling Sun Jul 21 18:04:20 UTC 2019
------------------ testing $PTII/ptolemy/domains/de/test/auto/Iteration.xml
auto.tcl: Setting watchdog for 200 seconds at Sun Jul 21 18:04:20 UTC 2019
7 ms. Memory: 45056K Free: 24390K (54%)
ptolemy.util.test.WatchDog.cancel(): canceling Sun Jul 21 18:04:20 UTC 2019
auto.tcl: Setting watchdog for 200 seconds at Sun Jul 21 18:04:20 UTC 2019
7 ms. Memory: 45056K Free: 23275K (52%)
ptolemy.util.test.WatchDog.cancel(): canceling Sun Jul 21 18:04:20 UTC 2019
------------------ testing $PTII/ptolemy/domains/de/test/auto/LineFault.xml
auto.tcl: Setting watchdog for 200 seconds at Sun Jul 21 18:04:20 UTC 2019
624 ms. Memory: 57344K Free: 19383K (34%)
ptolemy.util.test.WatchDog.cancel(): canceling Sun Jul 21 18:04:21 UTC 2019
auto.tcl: Setting watchdog for 200 seconds at Sun Jul 21 18:04:21 UTC 2019
592 ms. Memory: 57344K Free: 18317K (32%)
ptolemy.util.test.WatchDog.cancel(): canceling Sun Jul 21 18:04:21 UTC 2019
------------------ testing $PTII/ptolemy/domains/de/test/auto/MergeModel1Add.xml
auto.tcl: Setting watchdog for 200 seconds at Sun Jul 21 18:04:21 UTC 2019
29 ms. Memory: 55296K Free: 20204K (37%)
ptolemy.util.test.WatchDog.cancel(): canceling Sun Jul 21 18:04:21 UTC 2019
auto.tcl: Setting watchdog for 200 seconds at Sun Jul 21 18:04:21 UTC 2019
11 ms. Memory: 55296K Free: 18548K (34%)
ptolemy.util.test.WatchDog.cancel(): canceling Sun Jul 21 18:04:21 UTC 2019
------------------ testing $PTII/ptolemy/domains/de/test/auto/MergeModel2Add.xml
auto.tcl: Setting watchdog for 200 seconds at Sun Jul 21 18:04:21 UTC 2019
11 ms. Memory: 51200K Free: 18147K (35%)
ptolemy.util.test.WatchDog.cancel(): canceling Sun Jul 21 18:04:21 UTC 2019
auto.tcl: Setting watchdog for 200 seconds at Sun Jul 21 18:04:21 UTC 2019
10 ms. Memory: 51200K Free: 16202K (32%)
ptolemy.util.test.WatchDog.cancel(): canceling Sun Jul 21 18:04:21 UTC 2019
------------------ testing $PTII/ptolemy/domains/de/test/auto/MergeModel3Add.xml
auto.tcl: Setting watchdog for 200 seconds at Sun Jul 21 18:04:21 UTC 2019
7 ms. Memory: 51200K Free: 18140K (35%)
ptolemy.util.test.WatchDog.cancel(): canceling Sun Jul 21 18:04:22 UTC 2019
auto.tcl: Setting watchdog for 200 seconds at Sun Jul 21 18:04:22 UTC 2019
7 ms. Memory: 51200K Free: 16752K (33%)
ptolemy.util.test.WatchDog.cancel(): canceling Sun Jul 21 18:04:22 UTC 2019
------------------ testing $PTII/ptolemy/domains/de/test/auto/MergeWithoutDiscard.xml
auto.tcl: Setting watchdog for 200 seconds at Sun Jul 21 18:04:22 UTC 2019
2 ms. Memory: 48128K Free: 30000K (62%)
ptolemy.util.test.WatchDog.cancel(): canceling Sun Jul 21 18:04:22 UTC 2019
auto.tcl: Setting watchdog for 200 seconds at Sun Jul 21 18:04:22 UTC 2019
1 ms. Memory: 48128K Free: 29083K (60%)
ptolemy.util.test.WatchDog.cancel(): canceling Sun Jul 21 18:04:22 UTC 2019
------------------ testing $PTII/ptolemy/domains/de/test/auto/Modal1.xml
auto.tcl: Setting watchdog for 200 seconds at Sun Jul 21 18:04:22 UTC 2019
14 ms. Memory: 48128K Free: 22093K (46%)
ptolemy.util.test.WatchDog.cancel(): canceling Sun Jul 21 18:04:22 UTC 2019
auto.tcl: Setting watchdog for 200 seconds at Sun Jul 21 18:04:22 UTC 2019
25 ms. Memory: 48128K Free: 18552K (39%)
ptolemy.util.test.WatchDog.cancel(): canceling Sun Jul 21 18:04:22 UTC 2019
------------------ testing $PTII/ptolemy/domains/de/test/auto/Modal2.xml
auto.tcl: Setting watchdog for 200 seconds at Sun Jul 21 18:04:22 UTC 2019
19 ms. Memory: 48128K Free: 21970K (46%)
ptolemy.util.test.WatchDog.cancel(): canceling Sun Jul 21 18:04:22 UTC 2019
auto.tcl: Setting watchdog for 200 seconds at Sun Jul 21 18:04:22 UTC 2019
14 ms. Memory: 48128K Free: 18458K (38%)
ptolemy.util.test.WatchDog.cancel(): canceling Sun Jul 21 18:04:22 UTC 2019
------------------ testing $PTII/ptolemy/domains/de/test/auto/Modal3.xml
auto.tcl: Setting watchdog for 200 seconds at Sun Jul 21 18:04:22 UTC 2019
15 ms. Memory: 48128K Free: 21711K (45%)
ptolemy.util.test.WatchDog.cancel(): canceling Sun Jul 21 18:04:22 UTC 2019
auto.tcl: Setting watchdog for 200 seconds at Sun Jul 21 18:04:22 UTC 2019
14 ms. Memory: 48128K Free: 18470K (38%)
ptolemy.util.test.WatchDog.cancel(): canceling Sun Jul 21 18:04:22 UTC 2019
------------------ testing $PTII/ptolemy/domains/de/test/auto/Modal4.xml
auto.tcl: Setting watchdog for 200 seconds at Sun Jul 21 18:04:22 UTC 2019
31 ms. Memory: 48128K Free: 20669K (43%)
ptolemy.util.test.WatchDog.cancel(): canceling Sun Jul 21 18:04:22 UTC 2019
auto.tcl: Setting watchdog for 200 seconds at Sun Jul 21 18:04:22 UTC 2019
16 ms. Memory: 48128K Free: 16845K (35%)
ptolemy.util.test.WatchDog.cancel(): canceling Sun Jul 21 18:04:22 UTC 2019
------------------ testing $PTII/ptolemy/domains/de/test/auto/Modal5.xml
auto.tcl: Setting watchdog for 200 seconds at Sun Jul 21 18:04:22 UTC 2019
14 ms. Memory: 48128K Free: 20656K (43%)
ptolemy.util.test.WatchDog.cancel(): canceling Sun Jul 21 18:04:22 UTC 2019
auto.tcl: Setting watchdog for 200 seconds at Sun Jul 21 18:04:22 UTC 2019
14 ms. Memory: 48128K Free: 17016K (35%)
ptolemy.util.test.WatchDog.cancel(): canceling Sun Jul 21 18:04:22 UTC 2019
------------------ testing $PTII/ptolemy/domains/de/test/auto/Modal6.xml
auto.tcl: Setting watchdog for 200 seconds at Sun Jul 21 18:04:22 UTC 2019
12 ms. Memory: 48128K Free: 21428K (45%)
ptolemy.util.test.WatchDog.cancel(): canceling Sun Jul 21 18:04:22 UTC 2019
auto.tcl: Setting watchdog for 200 seconds at Sun Jul 21 18:04:22 UTC 2019
14 ms. Memory: 48128K Free: 17852K (37%)
ptolemy.util.test.WatchDog.cancel(): canceling Sun Jul 21 18:04:22 UTC 2019
------------------ testing $PTII/ptolemy/domains/de/test/auto/Modal7.xml
auto.tcl: Setting watchdog for 200 seconds at Sun Jul 21 18:04:22 UTC 2019
9 ms. Memory: 48128K Free: 20639K (43%)
ptolemy.util.test.WatchDog.cancel(): canceling Sun Jul 21 18:04:22 UTC 2019
auto.tcl: Setting watchdog for 200 seconds at Sun Jul 21 18:04:22 UTC 2019
8 ms. Memory: 48128K Free: 17060K (35%)
ptolemy.util.test.WatchDog.cancel(): canceling Sun Jul 21 18:04:22 UTC 2019
------------------ testing $PTII/ptolemy/domains/de/test/auto/ModalModel.xml
auto.tcl: Setting watchdog for 200 seconds at Sun Jul 21 18:04:22 UTC 2019
200 ms. Memory: 58368K Free: 29438K (50%)
ptolemy.util.test.WatchDog.cancel(): canceling Sun Jul 21 18:04:23 UTC 2019
auto.tcl: Setting watchdog for 200 seconds at Sun Jul 21 18:04:23 UTC 2019
176 ms. Memory: 58368K Free: 31397K (54%)
ptolemy.util.test.WatchDog.cancel(): canceling Sun Jul 21 18:04:23 UTC 2019
------------------ testing $PTII/ptolemy/domains/de/test/auto/ModalSource.xml
auto.tcl: Setting watchdog for 200 seconds at Sun Jul 21 18:04:23 UTC 2019
5 ms. Memory: 51200K Free: 28578K (56%)
ptolemy.util.test.WatchDog.cancel(): canceling Sun Jul 21 18:04:23 UTC 2019
auto.tcl: Setting watchdog for 200 seconds at Sun Jul 21 18:04:23 UTC 2019
5 ms. Memory: 51200K Free: 26656K (52%)
ptolemy.util.test.WatchDog.cancel(): canceling Sun Jul 21 18:04:23 UTC 2019
------------------ testing $PTII/ptolemy/domains/de/test/auto/NonInterruptibleTimerZeroDelay.xml
auto.tcl: Setting watchdog for 200 seconds at Sun Jul 21 18:04:23 UTC 2019
3 ms. Memory: 51200K Free: 33705K (66%)
ptolemy.util.test.WatchDog.cancel(): canceling Sun Jul 21 18:04:23 UTC 2019
auto.tcl: Setting watchdog for 200 seconds at Sun Jul 21 18:04:23 UTC 2019
2 ms. Memory: 51200K Free: 32859K (64%)
ptolemy.util.test.WatchDog.cancel(): canceling Sun Jul 21 18:04:23 UTC 2019
------------------ testing $PTII/ptolemy/domains/de/test/auto/OpenQueueingNetwork.xml
auto.tcl: Setting watchdog for 200 seconds at Sun Jul 21 18:04:23 UTC 2019
2901 ms. Memory: 96256K Free: 32018K (33%)
ptolemy.util.test.WatchDog.cancel(): canceling Sun Jul 21 18:04:26 UTC 2019
auto.tcl: Setting watchdog for 200 seconds at Sun Jul 21 18:04:26 UTC 2019
2592 ms. Memory: 139264K Free: 77665K (56%)
ptolemy.util.test.WatchDog.cancel(): canceling Sun Jul 21 18:04:29 UTC 2019
------------------ testing $PTII/ptolemy/domains/de/test/auto/OpenQueuingNetwork.xml
auto.tcl: Setting watchdog for 200 seconds at Sun Jul 21 18:04:29 UTC 2019
257 ms. Memory: 55296K Free: 25984K (47%)
ptolemy.util.test.WatchDog.cancel(): canceling Sun Jul 21 18:04:29 UTC 2019
auto.tcl: Setting watchdog for 200 seconds at Sun Jul 21 18:04:29 UTC 2019
236 ms. Memory: 55296K Free: 35181K (64%)
ptolemy.util.test.WatchDog.cancel(): canceling Sun Jul 21 18:04:29 UTC 2019
------------------ testing $PTII/ptolemy/domains/de/test/auto/PeriodicSampler.xml
auto.tcl: Setting watchdog for 200 seconds at Sun Jul 21 18:04:29 UTC 2019
3 ms. Memory: 51200K Free: 32710K (64%)
ptolemy.util.test.WatchDog.cancel(): canceling Sun Jul 21 18:04:29 UTC 2019
auto.tcl: Setting watchdog for 200 seconds at Sun Jul 21 18:04:29 UTC 2019
2 ms. Memory: 51200K Free: 32186K (63%)
ptolemy.util.test.WatchDog.cancel(): canceling Sun Jul 21 18:04:29 UTC 2019
------------------ testing $PTII/ptolemy/domains/de/test/auto/PersistentIO.xml
auto.tcl: Setting watchdog for 200 seconds at Sun Jul 21 18:04:29 UTC 2019
12 ms. Memory: 51200K Free: 27634K (54%)
ptolemy.util.test.WatchDog.cancel(): canceling Sun Jul 21 18:04:29 UTC 2019
auto.tcl: Setting watchdog for 200 seconds at Sun Jul 21 18:04:29 UTC 2019
5 ms. Memory: 51200K Free: 26131K (51%)
ptolemy.util.test.WatchDog.cancel(): canceling Sun Jul 21 18:04:30 UTC 2019
------------------ testing $PTII/ptolemy/domains/de/test/auto/PortParameterResetOnInitialize.xml
auto.tcl: Setting watchdog for 200 seconds at Sun Jul 21 18:04:30 UTC 2019
2 ms. Memory: 51200K Free: 32621K (64%)
ptolemy.util.test.WatchDog.cancel(): canceling Sun Jul 21 18:04:30 UTC 2019
auto.tcl: Setting watchdog for 200 seconds at Sun Jul 21 18:04:30 UTC 2019
2 ms. Memory: 51200K Free: 32125K (63%)
ptolemy.util.test.WatchDog.cancel(): canceling Sun Jul 21 18:04:30 UTC 2019
------------------ testing $PTII/ptolemy/domains/de/test/auto/PortParameterUpdates.xml
auto.tcl: Setting watchdog for 200 seconds at Sun Jul 21 18:04:30 UTC 2019
9 ms. Memory: 51200K Free: 30928K (60%)
ptolemy.util.test.WatchDog.cancel(): canceling Sun Jul 21 18:04:30 UTC 2019
auto.tcl: Setting watchdog for 200 seconds at Sun Jul 21 18:04:30 UTC 2019
4 ms. Memory: 51200K Free: 29713K (58%)
ptolemy.util.test.WatchDog.cancel(): canceling Sun Jul 21 18:04:30 UTC 2019
------------------ testing $PTII/ptolemy/domains/de/test/auto/QueueAndServer.xml
auto.tcl: Setting watchdog for 200 seconds at Sun Jul 21 18:04:30 UTC 2019
14 ms. Memory: 48128K Free: 26820K (56%)
ptolemy.util.test.WatchDog.cancel(): canceling Sun Jul 21 18:04:30 UTC 2019
auto.tcl: Setting watchdog for 200 seconds at Sun Jul 21 18:04:30 UTC 2019
7 ms. Memory: 48128K Free: 25125K (52%)
ptolemy.util.test.WatchDog.cancel(): canceling Sun Jul 21 18:04:30 UTC 2019
------------------ testing $PTII/ptolemy/domains/de/test/auto/Records.xml
auto.tcl: Setting watchdog for 200 seconds at Sun Jul 21 18:04:30 UTC 2019
3 ms. Memory: 48128K Free: 29091K (60%)
ptolemy.util.test.WatchDog.cancel(): canceling Sun Jul 21 18:04:30 UTC 2019
auto.tcl: Setting watchdog for 200 seconds at Sun Jul 21 18:04:30 UTC 2019
2 ms. Memory: 48128K Free: 28600K (59%)
ptolemy.util.test.WatchDog.cancel(): canceling Sun Jul 21 18:04:30 UTC 2019
------------------ testing $PTII/ptolemy/domains/de/test/auto/ResetTransitionWithStartTime1.xml
auto.tcl: Setting watchdog for 200 seconds at Sun Jul 21 18:04:30 UTC 2019
12 ms. Memory: 48128K Free: 26048K (54%)
ptolemy.util.test.WatchDog.cancel(): canceling Sun Jul 21 18:04:30 UTC 2019
auto.tcl: Setting watchdog for 200 seconds at Sun Jul 21 18:04:30 UTC 2019
5 ms. Memory: 48128K Free: 24000K (50%)
ptolemy.util.test.WatchDog.cancel(): canceling Sun Jul 21 18:04:30 UTC 2019
------------------ testing $PTII/ptolemy/domains/de/test/auto/ResetTransitionWithStartTime2.xml
auto.tcl: Setting watchdog for 200 seconds at Sun Jul 21 18:04:30 UTC 2019
5 ms. Memory: 48128K Free: 26002K (54%)
ptolemy.util.test.WatchDog.cancel(): canceling Sun Jul 21 18:04:30 UTC 2019
auto.tcl: Setting watchdog for 200 seconds at Sun Jul 21 18:04:30 UTC 2019
6 ms. Memory: 48128K Free: 23479K (49%)
ptolemy.util.test.WatchDog.cancel(): canceling Sun Jul 21 18:04:30 UTC 2019
------------------ testing $PTII/ptolemy/domains/de/test/auto/ResetTransitionWithStartTime3.xml
auto.tcl: Setting watchdog for 200 seconds at Sun Jul 21 18:04:30 UTC 2019
11 ms. Memory: 48128K Free: 26001K (54%)
ptolemy.util.test.WatchDog.cancel(): canceling Sun Jul 21 18:04:30 UTC 2019
auto.tcl: Setting watchdog for 200 seconds at Sun Jul 21 18:04:30 UTC 2019
7 ms. Memory: 48128K Free: 23953K (50%)
ptolemy.util.test.WatchDog.cancel(): canceling Sun Jul 21 18:04:30 UTC 2019
------------------ testing $PTII/ptolemy/domains/de/test/auto/ResetTransitionWithStartTime4.xml
auto.tcl: Setting watchdog for 200 seconds at Sun Jul 21 18:04:30 UTC 2019
9 ms. Memory: 48128K Free: 26490K (55%)
ptolemy.util.test.WatchDog.cancel(): canceling Sun Jul 21 18:04:30 UTC 2019
auto.tcl: Setting watchdog for 200 seconds at Sun Jul 21 18:04:30 UTC 2019
4 ms. Memory: 48128K Free: 25032K (52%)
ptolemy.util.test.WatchDog.cancel(): canceling Sun Jul 21 18:04:30 UTC 2019
------------------ testing $PTII/ptolemy/domains/de/test/auto/ResettableTimer1.xml
auto.tcl: Setting watchdog for 200 seconds at Sun Jul 21 18:04:30 UTC 2019
2 ms. Memory: 48128K Free: 30464K (63%)
ptolemy.util.test.WatchDog.cancel(): canceling Sun Jul 21 18:04:30 UTC 2019
auto.tcl: Setting watchdog for 200 seconds at Sun Jul 21 18:04:30 UTC 2019
2 ms. Memory: 48128K Free: 29596K (61%)
ptolemy.util.test.WatchDog.cancel(): canceling Sun Jul 21 18:04:30 UTC 2019
------------------ testing $PTII/ptolemy/domains/de/test/auto/ResettableTimer2.xml
auto.tcl: Setting watchdog for 200 seconds at Sun Jul 21 18:04:30 UTC 2019
3 ms. Memory: 48128K Free: 30510K (63%)
ptolemy.util.test.WatchDog.cancel(): canceling Sun Jul 21 18:04:30 UTC 2019
auto.tcl: Setting watchdog for 200 seconds at Sun Jul 21 18:04:30 UTC 2019
2 ms. Memory: 48128K Free: 29645K (62%)
ptolemy.util.test.WatchDog.cancel(): canceling Sun Jul 21 18:04:30 UTC 2019
------------------ testing $PTII/ptolemy/domains/de/test/auto/ResettableTimer3.xml
auto.tcl: Setting watchdog for 200 seconds at Sun Jul 21 18:04:30 UTC 2019
1 ms. Memory: 48128K Free: 30630K (64%)
ptolemy.util.test.WatchDog.cancel(): canceling Sun Jul 21 18:04:30 UTC 2019
auto.tcl: Setting watchdog for 200 seconds at Sun Jul 21 18:04:30 UTC 2019
2 ms. Memory: 48128K Free: 30134K (63%)
ptolemy.util.test.WatchDog.cancel(): canceling Sun Jul 21 18:04:30 UTC 2019
------------------ testing $PTII/ptolemy/domains/de/test/auto/ResettableTimer4.xml
auto.tcl: Setting watchdog for 200 seconds at Sun Jul 21 18:04:30 UTC 2019
3 ms. Memory: 48128K Free: 30201K (63%)
ptolemy.util.test.WatchDog.cancel(): canceling Sun Jul 21 18:04:30 UTC 2019
auto.tcl: Setting watchdog for 200 seconds at Sun Jul 21 18:04:30 UTC 2019
1 ms. Memory: 48128K Free: 29689K (62%)
ptolemy.util.test.WatchDog.cancel(): canceling Sun Jul 21 18:04:30 UTC 2019
------------------ testing $PTII/ptolemy/domains/de/test/auto/ResettableTimer5.xml
auto.tcl: Setting watchdog for 200 seconds at Sun Jul 21 18:04:30 UTC 2019
1 ms. Memory: 48128K Free: 29618K (62%)
ptolemy.util.test.WatchDog.cancel(): canceling Sun Jul 21 18:04:30 UTC 2019
auto.tcl: Setting watchdog for 200 seconds at Sun Jul 21 18:04:30 UTC 2019
2 ms. Memory: 48128K Free: 29129K (61%)
ptolemy.util.test.WatchDog.cancel(): canceling Sun Jul 21 18:04:30 UTC 2019
------------------ testing $PTII/ptolemy/domains/de/test/auto/ResettableTimer6.xml
auto.tcl: Setting watchdog for 200 seconds at Sun Jul 21 18:04:30 UTC 2019
1 ms. Memory: 48128K Free: 29608K (62%)
ptolemy.util.test.WatchDog.cancel(): canceling Sun Jul 21 18:04:31 UTC 2019
auto.tcl: Setting watchdog for 200 seconds at Sun Jul 21 18:04:31 UTC 2019
2 ms. Memory: 48128K Free: 29152K (61%)
ptolemy.util.test.WatchDog.cancel(): canceling Sun Jul 21 18:04:31 UTC 2019
------------------ testing $PTII/ptolemy/domains/de/test/auto/ServerZeroDelay.xml
auto.tcl: Setting watchdog for 200 seconds at Sun Jul 21 18:04:31 UTC 2019
4 ms. Memory: 48128K Free: 30128K (63%)
ptolemy.util.test.WatchDog.cancel(): canceling Sun Jul 21 18:04:31 UTC 2019
auto.tcl: Setting watchdog for 200 seconds at Sun Jul 21 18:04:31 UTC 2019
3 ms. Memory: 48128K Free: 29183K (61%)
ptolemy.util.test.WatchDog.cancel(): canceling Sun Jul 21 18:04:31 UTC 2019
------------------ testing $PTII/ptolemy/domains/de/test/auto/SmartSender.xml
auto.tcl: Setting watchdog for 200 seconds at Sun Jul 21 18:04:31 UTC 2019
3001 ms. Memory: 48128K Free: 30176K (63%)
ptolemy.util.test.WatchDog.cancel(): canceling Sun Jul 21 18:04:34 UTC 2019
auto.tcl: Setting watchdog for 200 seconds at Sun Jul 21 18:04:34 UTC 2019
3003 ms. Memory: 48128K Free: 29634K (62%)
ptolemy.util.test.WatchDog.cancel(): canceling Sun Jul 21 18:04:37 UTC 2019
------------------ testing $PTII/ptolemy/domains/de/test/auto/ThreadedComposite.xml
auto.tcl: Setting watchdog for 200 seconds at Sun Jul 21 18:04:37 UTC 2019
226 ms. Memory: 48128K Free: 10166K (21%)
ptolemy.util.test.WatchDog.cancel(): canceling Sun Jul 21 18:04:37 UTC 2019
auto.tcl: Setting watchdog for 200 seconds at Sun Jul 21 18:04:37 UTC 2019
230 ms. Memory: 48128K Free: 15612K (32%)
ptolemy.util.test.WatchDog.cancel(): canceling Sun Jul 21 18:04:37 UTC 2019
------------------ testing $PTII/ptolemy/domains/de/test/auto/Time.xml
auto.tcl: Setting watchdog for 200 seconds at Sun Jul 21 18:04:37 UTC 2019
598 ms. Memory: 48128K Free: 29288K (61%)
ptolemy.util.test.WatchDog.cancel(): canceling Sun Jul 21 18:04:38 UTC 2019
auto.tcl: Setting watchdog for 200 seconds at Sun Jul 21 18:04:38 UTC 2019
592 ms. Memory: 65536K Free: 44557K (68%)
ptolemy.util.test.WatchDog.cancel(): canceling Sun Jul 21 18:04:38 UTC 2019
------------------ testing $PTII/ptolemy/domains/de/test/auto/TimeDelayZeroDelay.xml
auto.tcl: Setting watchdog for 200 seconds at Sun Jul 21 18:04:39 UTC 2019
3 ms. Memory: 51200K Free: 33620K (66%)
ptolemy.util.test.WatchDog.cancel(): canceling Sun Jul 21 18:04:39 UTC 2019
auto.tcl: Setting watchdog for 200 seconds at Sun Jul 21 18:04:39 UTC 2019
1 ms. Memory: 51200K Free: 33124K (65%)
ptolemy.util.test.WatchDog.cancel(): canceling Sun Jul 21 18:04:39 UTC 2019
------------------ testing $PTII/ptolemy/domains/de/test/auto/TimerZeroDelay.xml
auto.tcl: Setting watchdog for 200 seconds at Sun Jul 21 18:04:39 UTC 2019
3 ms. Memory: 51200K Free: 33647K (66%)
ptolemy.util.test.WatchDog.cancel(): canceling Sun Jul 21 18:04:39 UTC 2019
auto.tcl: Setting watchdog for 200 seconds at Sun Jul 21 18:04:39 UTC 2019
2 ms. Memory: 51200K Free: 33204K (65%)
ptolemy.util.test.WatchDog.cancel(): canceling Sun Jul 21 18:04:39 UTC 2019
------------------ testing $PTII/ptolemy/domains/de/test/auto/TimingParadox.xml
auto.tcl: Setting watchdog for 200 seconds at Sun Jul 21 18:04:39 UTC 2019
400 ms. Memory: 51200K Free: 21065K (41%)
ptolemy.util.test.WatchDog.cancel(): canceling Sun Jul 21 18:04:39 UTC 2019
auto.tcl: Setting watchdog for 200 seconds at Sun Jul 21 18:04:39 UTC 2019
346 ms. Memory: 51200K Free: 12585K (25%)
ptolemy.util.test.WatchDog.cancel(): canceling Sun Jul 21 18:04:39 UTC 2019
------------------ testing $PTII/ptolemy/domains/de/test/auto/TransferInputs.xml
auto.tcl: Setting watchdog for 200 seconds at Sun Jul 21 18:04:40 UTC 2019
1 ms. Memory: 51200K Free: 31635K (62%)
ptolemy.util.test.WatchDog.cancel(): canceling Sun Jul 21 18:04:40 UTC 2019
auto.tcl: Setting watchdog for 200 seconds at Sun Jul 21 18:04:40 UTC 2019
2 ms. Memory: 51200K Free: 30755K (60%)
ptolemy.util.test.WatchDog.cancel(): canceling Sun Jul 21 18:04:40 UTC 2019
------------------ testing $PTII/ptolemy/domains/de/test/auto/TransferOutputs2.xml
auto.tcl: Setting watchdog for 200 seconds at Sun Jul 21 18:04:40 UTC 2019
11 ms. Memory: 48128K Free: 26005K (54%)
ptolemy.util.test.WatchDog.cancel(): canceling Sun Jul 21 18:04:40 UTC 2019
auto.tcl: Setting watchdog for 200 seconds at Sun Jul 21 18:04:40 UTC 2019
3 ms. Memory: 48128K Free: 24611K (51%)
ptolemy.util.test.WatchDog.cancel(): canceling Sun Jul 21 18:04:40 UTC 2019
------------------ testing $PTII/ptolemy/domains/de/test/auto/Trilateration.xml
auto.tcl: Setting watchdog for 200 seconds at Sun Jul 21 18:04:40 UTC 2019
14716 ms. Memory: 450560K Free: 244699K (54%)
ptolemy.util.test.WatchDog.cancel(): canceling Sun Jul 21 18:04:56 UTC 2019
auto.tcl: Setting watchdog for 200 seconds at Sun Jul 21 18:04:56 UTC 2019
10834 ms. Memory: 450560K Free: 282456K (63%)
ptolemy.util.test.WatchDog.cancel(): canceling Sun Jul 21 18:05:06 UTC 2019
------------------ testing $PTII/ptolemy/domains/de/test/auto/TwoSigmaDelta.xml
auto.tcl: Setting watchdog for 200 seconds at Sun Jul 21 18:05:07 UTC 2019
2629 ms. Memory: 89088K Free: 33341K (37%)
ptolemy.util.test.WatchDog.cancel(): canceling Sun Jul 21 18:05:09 UTC 2019
auto.tcl: Setting watchdog for 200 seconds at Sun Jul 21 18:05:09 UTC 2019
1933 ms. Memory: 89088K Free: 31831K (36%)
ptolemy.util.test.WatchDog.cancel(): canceling Sun Jul 21 18:05:11 UTC 2019
------------------ testing $PTII/ptolemy/domains/de/test/auto/VariableDelay.xml
auto.tcl: Setting watchdog for 200 seconds at Sun Jul 21 18:05:11 UTC 2019
3 ms. Memory: 51200K Free: 32129K (63%)
ptolemy.util.test.WatchDog.cancel(): canceling Sun Jul 21 18:05:11 UTC 2019
auto.tcl: Setting watchdog for 200 seconds at Sun Jul 21 18:05:11 UTC 2019
1 ms. Memory: 51200K Free: 31089K (61%)
ptolemy.util.test.WatchDog.cancel(): canceling Sun Jul 21 18:05:11 UTC 2019
------------------ testing $PTII/ptolemy/domains/de/test/auto/VariableDelay2.xml
auto.tcl: Setting watchdog for 200 seconds at Sun Jul 21 18:05:11 UTC 2019
3 ms. Memory: 51200K Free: 32438K (63%)
ptolemy.util.test.WatchDog.cancel(): canceling Sun Jul 21 18:05:11 UTC 2019
auto.tcl: Setting watchdog for 200 seconds at Sun Jul 21 18:05:11 UTC 2019
2 ms. Memory: 51200K Free: 31488K (62%)
ptolemy.util.test.WatchDog.cancel(): canceling Sun Jul 21 18:05:11 UTC 2019
------------------ testing $PTII/ptolemy/domains/de/test/auto/VariableDelayZeroDelay.xml
auto.tcl: Setting watchdog for 200 seconds at Sun Jul 21 18:05:11 UTC 2019
2 ms. Memory: 51200K Free: 33055K (65%)
ptolemy.util.test.WatchDog.cancel(): canceling Sun Jul 21 18:05:11 UTC 2019
auto.tcl: Setting watchdog for 200 seconds at Sun Jul 21 18:05:11 UTC 2019
2 ms. Memory: 51200K Free: 32541K (64%)
ptolemy.util.test.WatchDog.cancel(): canceling Sun Jul 21 18:05:11 UTC 2019
------------------ testing $PTII/ptolemy/domains/de/test/auto/VariableDelayZeroDelay2.xml
auto.tcl: Setting watchdog for 200 seconds at Sun Jul 21 18:05:11 UTC 2019
2 ms. Memory: 48128K Free: 29982K (62%)
ptolemy.util.test.WatchDog.cancel(): canceling Sun Jul 21 18:05:11 UTC 2019
auto.tcl: Setting watchdog for 200 seconds at Sun Jul 21 18:05:11 UTC 2019
1 ms. Memory: 48128K Free: 28975K (60%)
ptolemy.util.test.WatchDog.cancel(): canceling Sun Jul 21 18:05:11 UTC 2019
------------------ testing $PTII/ptolemy/domains/de/test/auto/deInCt.xml
auto.tcl: Setting watchdog for 200 seconds at Sun Jul 21 18:05:12 UTC 2019
0
1
1
1
0
0
1
1
1
1
1
0
0
0
1
1
1
0
0
0
0
1
1
1
1
0
0
0
1
1
1
1
1
1
14 ms. Memory: 48128K Free: 28955K (60%)
ptolemy.util.test.WatchDog.cancel(): canceling Sun Jul 21 18:05:12 UTC 2019
auto.tcl: Setting watchdog for 200 seconds at Sun Jul 21 18:05:12 UTC 2019
0
1
1
1
0
0
0
0
1
1
0
0
0
1
1
1
1
1
0
0
0
1
1
1
0
0
0
1
1
1
1
0
0
1
1
1
1
12 ms. Memory: 48128K Free: 27420K (57%)
ptolemy.util.test.WatchDog.cancel(): canceling Sun Jul 21 18:05:12 UTC 2019
------------------ testing $PTII/ptolemy/domains/de/test/auto/deInCt2.xml
auto.tcl: Setting watchdog for 200 seconds at Sun Jul 21 18:05:12 UTC 2019
0
1
1
1
0
0
1
1
1
0
0
1
1
1
0
0
1
1
1
0
0
1
1
1
0
0
1
1
1
0
0
1
1
1
0
0
1
1
1
0
0
0
11 ms. Memory: 48128K Free: 28957K (60%)
ptolemy.util.test.WatchDog.cancel(): canceling Sun Jul 21 18:05:12 UTC 2019
auto.tcl: Setting watchdog for 200 seconds at Sun Jul 21 18:05:12 UTC 2019
0
1
1
1
0
0
1
1
1
0
0
1
1
1
0
0
1
1
1
0
0
1
1
1
0
0
1
1
1
0
0
1
1
1
0
0
1
1
1
0
0
0
8 ms. Memory: 48128K Free: 27440K (57%)
ptolemy.util.test.WatchDog.cancel(): canceling Sun Jul 21 18:05:12 UTC 2019
------------------ testing $PTII/ptolemy/domains/de/test/auto/dynamicCausalityInterface1.xml
auto.tcl: Setting watchdog for 200 seconds at Sun Jul 21 18:05:12 UTC 2019
1 ms. Memory: 48128K Free: 24856K (52%)
ptolemy.util.test.WatchDog.cancel(): canceling Sun Jul 21 18:05:12 UTC 2019
auto.tcl: Setting watchdog for 200 seconds at Sun Jul 21 18:05:12 UTC 2019
1 ms. Memory: 48128K Free: 24377K (51%)
ptolemy.util.test.WatchDog.cancel(): canceling Sun Jul 21 18:05:12 UTC 2019
------------------ testing $PTII/ptolemy/domains/de/test/auto/fsm_de_test.xml
auto.tcl: Setting watchdog for 200 seconds at Sun Jul 21 18:05:12 UTC 2019
7 ms. Memory: 48128K Free: 24921K (52%)
ptolemy.util.test.WatchDog.cancel(): canceling Sun Jul 21 18:05:12 UTC 2019
auto.tcl: Setting watchdog for 200 seconds at Sun Jul 21 18:05:12 UTC 2019
4 ms. Memory: 48128K Free: 22745K (47%)
ptolemy.util.test.WatchDog.cancel(): canceling Sun Jul 21 18:05:12 UTC 2019
------------------ testing $PTII/ptolemy/domains/de/test/auto/functionDependencyReconstruction.xml
auto.tcl: Setting watchdog for 200 seconds at Sun Jul 21 18:05:12 UTC 2019
3 ms. Memory: 48128K Free: 18600K (39%)
ptolemy.util.test.WatchDog.cancel(): canceling Sun Jul 21 18:05:12 UTC 2019
auto.tcl: Setting watchdog for 200 seconds at Sun Jul 21 18:05:12 UTC 2019
3 ms. Memory: 48128K Free: 16591K (34%)
ptolemy.util.test.WatchDog.cancel(): canceling Sun Jul 21 18:05:12 UTC 2019
------------------ testing $PTII/ptolemy/domains/de/test/auto/multirate.xml
auto.tcl: Setting watchdog for 200 seconds at Sun Jul 21 18:05:12 UTC 2019
3 ms. Memory: 48128K Free: 27391K (57%)
ptolemy.util.test.WatchDog.cancel(): canceling Sun Jul 21 18:05:12 UTC 2019
auto.tcl: Setting watchdog for 200 seconds at Sun Jul 21 18:05:12 UTC 2019
3 ms. Memory: 48128K Free: 25714K (53%)
ptolemy.util.test.WatchDog.cancel(): canceling Sun Jul 21 18:05:12 UTC 2019
------------------ testing $PTII/ptolemy/domains/de/test/auto/multirate2.xml
auto.tcl: Setting watchdog for 200 seconds at Sun Jul 21 18:05:12 UTC 2019
2 ms. Memory: 48128K Free: 27351K (57%)
ptolemy.util.test.WatchDog.cancel(): canceling Sun Jul 21 18:05:12 UTC 2019
auto.tcl: Setting watchdog for 200 seconds at Sun Jul 21 18:05:12 UTC 2019
3 ms. Memory: 48128K Free: 25851K (54%)
ptolemy.util.test.WatchDog.cancel(): canceling Sun Jul 21 18:05:12 UTC 2019
------------------ testing $PTII/ptolemy/domains/de/test/auto/realtime.xml
auto.tcl: Setting watchdog for 200 seconds at Sun Jul 21 18:05:12 UTC 2019
10001 ms. Memory: 48128K Free: 29624K (62%)
ptolemy.util.test.WatchDog.cancel(): canceling Sun Jul 21 18:05:22 UTC 2019
auto.tcl: Setting watchdog for 200 seconds at Sun Jul 21 18:05:22 UTC 2019
10001 ms. Memory: 48128K Free: 28901K (60%)
ptolemy.util.test.WatchDog.cancel(): canceling Sun Jul 21 18:05:32 UTC 2019
------------------ testing $PTII/ptolemy/domains/de/test/auto/relationGroup.xml
auto.tcl: Setting watchdog for 200 seconds at Sun Jul 21 18:05:32 UTC 2019
2 ms. Memory: 48128K Free: 30737K (64%)
ptolemy.util.test.WatchDog.cancel(): canceling Sun Jul 21 18:05:32 UTC 2019
auto.tcl: Setting watchdog for 200 seconds at Sun Jul 21 18:05:32 UTC 2019
2 ms. Memory: 48128K Free: 29981K (62%)
ptolemy.util.test.WatchDog.cancel(): canceling Sun Jul 21 18:05:32 UTC 2019
------------------ testing $PTII/ptolemy/domains/de/test/auto/relationGroup2.xml
auto.tcl: Setting watchdog for 200 seconds at Sun Jul 21 18:05:32 UTC 2019
2 ms. Memory: 48128K Free: 30517K (63%)
ptolemy.util.test.WatchDog.cancel(): canceling Sun Jul 21 18:05:32 UTC 2019
auto.tcl: Setting watchdog for 200 seconds at Sun Jul 21 18:05:32 UTC 2019
1 ms. Memory: 48128K Free: 30019K (62%)
ptolemy.util.test.WatchDog.cancel(): canceling Sun Jul 21 18:05:32 UTC 2019
------------------ testing $PTII/ptolemy/domains/de/test/auto/sortWithOpaquePorts.xml
auto.tcl: Setting watchdog for 200 seconds at Sun Jul 21 18:05:32 UTC 2019
2 ms. Memory: 48128K Free: 30007K (62%)
ptolemy.util.test.WatchDog.cancel(): canceling Sun Jul 21 18:05:32 UTC 2019
auto.tcl: Setting watchdog for 200 seconds at Sun Jul 21 18:05:32 UTC 2019
2 ms. Memory: 48128K Free: 28510K (59%)
ptolemy.util.test.WatchDog.cancel(): canceling Sun Jul 21 18:05:32 UTC 2019
------------------ testing $PTII/ptolemy/domains/de/test/auto/transferInputsandOutputs.xml
auto.tcl: Setting watchdog for 200 seconds at Sun Jul 21 18:05:32 UTC 2019
5 ms. Memory: 48128K Free: 26923K (56%)
ptolemy.util.test.WatchDog.cancel(): canceling Sun Jul 21 18:05:32 UTC 2019
auto.tcl: Setting watchdog for 200 seconds at Sun Jul 21 18:05:32 UTC 2019
5 ms. Memory: 48128K Free: 25963K (54%)
ptolemy.util.test.WatchDog.cancel(): canceling Sun Jul 21 18:05:32 UTC 2019
------------------ testing $PTII/ptolemy/domains/de/test/auto/triggerType.xml
auto.tcl: Setting watchdog for 200 seconds at Sun Jul 21 18:05:33 UTC 2019
1 ms. Memory: 48128K Free: 29948K (62%)
ptolemy.util.test.WatchDog.cancel(): canceling Sun Jul 21 18:05:33 UTC 2019
auto.tcl: Setting watchdog for 200 seconds at Sun Jul 21 18:05:33 UTC 2019
2 ms. Memory: 48128K Free: 28989K (60%)
ptolemy.util.test.WatchDog.cancel(): canceling Sun Jul 21 18:05:33 UTC 2019
07/21/19 06:05:33
Failed: 0  Total Tests: 192  ((Passed: 187, Newly Passed: 1)  Known Failed: 5) /home/travis/build/icyphy/ptII/ptolemy/domains/de/test
07/21/19 06:05:33
Failed: 0  Total Tests: 192  ((Passed: 187, Newly Passed: 1)  Known Failed: 5) /home/travis/build/icyphy/ptII/ptolemy/domains/de/test
----------------- testing (KnownFailure) /home/travis/build/icyphy/ptII/ptolemy/domains/de/test/auto/knownFailedTests/DESDFClockTest.xml
2011 ms. Memory: 48128K Free: 23343K (49%)
Known Failure: java.lang.reflect.InvocationTargetException
----------------- testing (KnownFailure) /home/travis/build/icyphy/ptII/ptolemy/domains/de/test/auto/knownFailedTests/DirectFeedback.xml
1 ms. Memory: 48128K Free: 19761K (41%)
Known Failure: java.lang.reflect.InvocationTargetException
----------------- testing (KnownFailure) /home/travis/build/icyphy/ptII/ptolemy/domains/de/test/auto/knownFailedTests/FSMSource.xml
6 ms. Memory: 48128K Free: 12079K (25%)
----------------- testing (KnownFailure) /home/travis/build/icyphy/ptII/ptolemy/domains/de/test/auto/knownFailedTests/HierarchicalModel.xml
3 ms. Memory: 48128K Free: 21720K (45%)
Known Failure: java.lang.reflect.InvocationTargetException
----------------- testing (KnownFailure) /home/travis/build/icyphy/ptII/ptolemy/domains/de/test/auto/knownFailedTests/dependencyLoop.xml
9 ms. Memory: 48128K Free: 31670K (66%)
Known Failure: java.lang.reflect.InvocationTargetException
----------------- testing (KnownFailure) /home/travis/build/icyphy/ptII/ptolemy/domains/de/test/auto/knownFailedTests/dependencyLoop2.xml
6 ms. Memory: 48128K Free: 16476K (34%)
Known Failure: java.lang.reflect.InvocationTargetException
No auto/linux-amd64/*.xml tests in /home/travis/build/icyphy/ptII/ptolemy/domains/de/test
AutoTests.java: About to close Vertx.
AutoTests.java: Vertx closed.

===========================================================================================
----------------- testing Sun Jul 21 18:05:35 UTC 2019 /home/travis/build/icyphy/ptII/ptolemy/domains/de/test/auto/ActorDepthCalculation_actorWithoutPorts.xml
----------------- Instantiating /home/travis/build/icyphy/ptII/ptolemy/domains/de/test/auto/ActorDepthCalculation_actorWithoutPorts.xml
3 ms. Memory: 48128K Free: 9908K (21%)
----------------- Invoking toplevel() on ptolemy.moml.MoMLSimpleApplication@531e43d1
----------------- Done invoking toplevel() on ptolemy.moml.MoMLSimpleApplication@531e43d1
reloadAllAccessors: .ActorDepthCalculation_actorWithoutPorts

===========================================================================================
----------------- testing Sun Jul 21 18:05:35 UTC 2019 /home/travis/build/icyphy/ptII/ptolemy/domains/de/test/auto/AssemblyLine.xml
----------------- Instantiating /home/travis/build/icyphy/ptII/ptolemy/domains/de/test/auto/AssemblyLine.xml
3 ms. Memory: 48128K Free: 28305K (59%)
----------------- Invoking toplevel() on ptolemy.moml.MoMLSimpleApplication@7c6a4e4a
----------------- Done invoking toplevel() on ptolemy.moml.MoMLSimpleApplication@7c6a4e4a
reloadAllAccessors: .AssemblyLine

===========================================================================================
----------------- testing Sun Jul 21 18:05:35 UTC 2019 /home/travis/build/icyphy/ptII/ptolemy/domains/de/test/auto/CQBug1.xml
----------------- Instantiating /home/travis/build/icyphy/ptII/ptolemy/domains/de/test/auto/CQBug1.xml
1 ms. Memory: 48128K Free: 25208K (52%)
----------------- Invoking toplevel() on ptolemy.moml.MoMLSimpleApplication@5f6700ef
----------------- Done invoking toplevel() on ptolemy.moml.MoMLSimpleApplication@5f6700ef
reloadAllAccessors: .CQBug1

===========================================================================================
----------------- testing Sun Jul 21 18:05:35 UTC 2019 /home/travis/build/icyphy/ptII/ptolemy/domains/de/test/auto/CancelFireAt.xml
----------------- Instantiating /home/travis/build/icyphy/ptII/ptolemy/domains/de/test/auto/CancelFireAt.xml
1 ms. Memory: 48128K Free: 22601K (47%)
----------------- Invoking toplevel() on ptolemy.moml.MoMLSimpleApplication@349301b0
----------------- Done invoking toplevel() on ptolemy.moml.MoMLSimpleApplication@349301b0
reloadAllAccessors: .CancelFireAt

===========================================================================================
----------------- testing Sun Jul 21 18:05:35 UTC 2019 /home/travis/build/icyphy/ptII/ptolemy/domains/de/test/auto/CausalityAndComposabilityAnalysis.xml
----------------- Instantiating /home/travis/build/icyphy/ptII/ptolemy/domains/de/test/auto/CausalityAndComposabilityAnalysis.xml
3 ms. Memory: 48128K Free: 18057K (38%)
----------------- Invoking toplevel() on ptolemy.moml.MoMLSimpleApplication@673aad60
----------------- Done invoking toplevel() on ptolemy.moml.MoMLSimpleApplication@673aad60
reloadAllAccessors: .CausalityAndComposabilityAnalysis

===========================================================================================
----------------- testing Sun Jul 21 18:05:35 UTC 2019 /home/travis/build/icyphy/ptII/ptolemy/domains/de/test/auto/CausalityInterface1.xml
----------------- Instantiating /home/travis/build/icyphy/ptII/ptolemy/domains/de/test/auto/CausalityInterface1.xml
5 ms. Memory: 48128K Free: 13233K (27%)
----------------- Invoking toplevel() on ptolemy.moml.MoMLSimpleApplication@7079c54a
----------------- Done invoking toplevel() on ptolemy.moml.MoMLSimpleApplication@7079c54a
reloadAllAccessors: .CausalityInterface1

===========================================================================================
----------------- testing Sun Jul 21 18:05:35 UTC 2019 /home/travis/build/icyphy/ptII/ptolemy/domains/de/test/auto/CausalityInterface15.xml
----------------- Instantiating /home/travis/build/icyphy/ptII/ptolemy/domains/de/test/auto/CausalityInterface15.xml
5 ms. Memory: 48128K Free: 33693K (70%)
----------------- Invoking toplevel() on ptolemy.moml.MoMLSimpleApplication@130aee93
----------------- Done invoking toplevel() on ptolemy.moml.MoMLSimpleApplication@130aee93
reloadAllAccessors: .CausalityInterface15

===========================================================================================
----------------- testing Sun Jul 21 18:05:35 UTC 2019 /home/travis/build/icyphy/ptII/ptolemy/domains/de/test/auto/CausalityInterface2.xml
----------------- Instantiating /home/travis/build/icyphy/ptII/ptolemy/domains/de/test/auto/CausalityInterface2.xml
2 ms. Memory: 48128K Free: 28953K (60%)
[...]
	at ptolemy.actor.Manager.run(Manager.java:1263)
	at ptolemy.actor.Manager$PtolemyRunThread.run(Manager.java:1933)
java.lang.RuntimeException: Execution failed
	at ptolemy.moml.MoMLSimpleApplication$UnloadThread.run(MoMLSimpleApplication.java:402)
Caused by: ptolemy.kernel.util.IllegalActionException: Actor is not ready to fire.  Perhaps UpSample.prefire() returned false? Try debugging the actor by selecting "Listen to Actor".  Also, for SDF check moml for tokenConsumptionRate on input.
  in .DESDFClockTest.Play Bell.Copy1:SDF Director and .DESDFClockTest.Play Bell.UpSample
	at ptolemy.actor.sched.StaticSchedulingDirector.fire(StaticSchedulingDirector.java:227)
	at ptolemy.domains.sdf.kernel.SDFDirector.fire(SDFDirector.java:500)
	at ptolemy.actor.CompositeActor.fire(CompositeActor.java:455)
	at ptolemy.domains.de.kernel.DEDirector._fire(DEDirector.java:1949)
	at ptolemy.domains.de.kernel.DEDirector.fire(DEDirector.java:502)
	at ptolemy.actor.CompositeActor.fire(CompositeActor.java:455)
	at ptolemy.actor.Manager.iterate(Manager.java:851)
	at ptolemy.actor.Manager.execute(Manager.java:369)
	at ptolemy.actor.Manager.run(Manager.java:1263)
	at ptolemy.actor.Manager$PtolemyRunThread.run(Manager.java:1933)
java.lang.reflect.InvocationTargetException
	at java.base/jdk.internal.reflect.NativeConstructorAccessorImpl.newInstance0(Native Method)
	at java.base/jdk.internal.reflect.NativeConstructorAccessorImpl.newInstance(NativeConstructorAccessorImpl.java:62)
	at java.base/jdk.internal.reflect.DelegatingConstructorAccessorImpl.newInstance(DelegatingConstructorAccessorImpl.java:45)
	at java.base/java.lang.reflect.Constructor.newInstance(Constructor.java:490)
	at ptolemy.util.test.junit.AutoKnownFailedTests.RunModel(AutoKnownFailedTests.java:105)
	at java.base/jdk.internal.reflect.NativeMethodAccessorImpl.invoke0(Native Method)
	at java.base/jdk.internal.reflect.NativeMethodAccessorImpl.invoke(NativeMethodAccessorImpl.java:62)
	at java.base/jdk.internal.reflect.DelegatingMethodAccessorImpl.invoke(DelegatingMethodAccessorImpl.java:43)
	at java.base/java.lang.reflect.Method.invoke(Method.java:566)
	at org.junit.runners.model.FrameworkMethod$1.runReflectiveCall(FrameworkMethod.java:44)
	at org.junit.internal.runners.model.ReflectiveCallable.run(ReflectiveCallable.java:15)
	at org.junit.runners.model.FrameworkMethod.invokeExplosively(FrameworkMethod.java:41)
	at junitparams.internal.InvokeParameterisedMethod.evaluate(InvokeParameterisedMethod.java:102)
	at org.junit.internal.runners.statements.FailOnTimeout$1.run(FailOnTimeout.java:28)
Caused by: ptolemy.kernel.util.IllegalActionException: Actor is not ready to fire.  Perhaps UpSample.prefire() returned false? Try debugging the actor by selecting "Listen to Actor".  Also, for SDF check moml for tokenConsumptionRate on input.
  in .DESDFClockTest.Play Bell.Copy1:SDF Director and .DESDFClockTest.Play Bell.UpSample
	at ptolemy.actor.sched.StaticSchedulingDirector.fire(StaticSchedulingDirector.java:227)
	at ptolemy.domains.sdf.kernel.SDFDirector.fire(SDFDirector.java:500)
	at ptolemy.actor.CompositeActor.fire(CompositeActor.java:455)
	at ptolemy.domains.de.kernel.DEDirector._fire(DEDirector.java:1949)
	at ptolemy.domains.de.kernel.DEDirector.fire(DEDirector.java:502)
	at ptolemy.actor.CompositeActor.fire(CompositeActor.java:455)
	at ptolemy.actor.Manager.iterate(Manager.java:851)
	at ptolemy.actor.Manager.execute(Manager.java:369)
	at ptolemy.actor.Manager.run(Manager.java:1263)
	at ptolemy.actor.Manager$PtolemyRunThread.run(Manager.java:1933)
java.lang.RuntimeException: Execution failed
	at ptolemy.moml.MoMLSimpleApplication$UnloadThread.run(MoMLSimpleApplication.java:402)
Caused by: ptolemy.kernel.util.IllegalActionException: Test fails in iteration 1.
Value was: 1.0. Should have been: 2.0
  in .DirectFeedback.Test
	at ptolemy.actor.lib.Test.fire(Test.java:268)
	at ptolemy.domains.de.kernel.DEDirector._fire(DEDirector.java:1949)
	at ptolemy.domains.de.kernel.DEDirector.fire(DEDirector.java:502)
	at ptolemy.actor.CompositeActor.fire(CompositeActor.java:455)
	at ptolemy.actor.Manager.iterate(Manager.java:851)
	at ptolemy.actor.Manager.execute(Manager.java:369)
	at ptolemy.actor.Manager.run(Manager.java:1263)
	at ptolemy.actor.Manager$PtolemyRunThread.run(Manager.java:1933)
java.lang.reflect.InvocationTargetException
	at java.base/jdk.internal.reflect.NativeConstructorAccessorImpl.newInstance0(Native Method)
	at java.base/jdk.internal.reflect.NativeConstructorAccessorImpl.newInstance(NativeConstructorAccessorImpl.java:62)
	at java.base/jdk.internal.reflect.DelegatingConstructorAccessorImpl.newInstance(DelegatingConstructorAccessorImpl.java:45)
	at java.base/java.lang.reflect.Constructor.newInstance(Constructor.java:490)
	at ptolemy.util.test.junit.AutoKnownFailedTests.RunModel(AutoKnownFailedTests.java:105)
	at java.base/jdk.internal.reflect.NativeMethodAccessorImpl.invoke0(Native Method)
	at java.base/jdk.internal.reflect.NativeMethodAccessorImpl.invoke(NativeMethodAccessorImpl.java:62)
	at java.base/jdk.internal.reflect.DelegatingMethodAccessorImpl.invoke(DelegatingMethodAccessorImpl.java:43)
	at java.base/java.lang.reflect.Method.invoke(Method.java:566)
	at org.junit.runners.model.FrameworkMethod$1.runReflectiveCall(FrameworkMethod.java:44)
	at org.junit.internal.runners.model.ReflectiveCallable.run(ReflectiveCallable.java:15)
	at org.junit.runners.model.FrameworkMethod.invokeExplosively(FrameworkMethod.java:41)
	at junitparams.internal.InvokeParameterisedMethod.evaluate(InvokeParameterisedMethod.java:102)
	at org.junit.internal.runners.statements.FailOnTimeout$1.run(FailOnTimeout.java:28)
Caused by: ptolemy.kernel.util.IllegalActionException: Test fails in iteration 1.
Value was: 1.0. Should have been: 2.0
  in .DirectFeedback.Test
	at ptolemy.actor.lib.Test.fire(Test.java:268)
	at ptolemy.domains.de.kernel.DEDirector._fire(DEDirector.java:1949)
	at ptolemy.domains.de.kernel.DEDirector.fire(DEDirector.java:502)
	at ptolemy.actor.CompositeActor.fire(CompositeActor.java:455)
	at ptolemy.actor.Manager.iterate(Manager.java:851)
	at ptolemy.actor.Manager.execute(Manager.java:369)
	at ptolemy.actor.Manager.run(Manager.java:1263)
	at ptolemy.actor.Manager$PtolemyRunThread.run(Manager.java:1933)
java.lang.RuntimeException: Execution failed
	at ptolemy.moml.MoMLSimpleApplication$UnloadThread.run(MoMLSimpleApplication.java:402)
Caused by: ptolemy.kernel.util.IllegalActionException: Found a zero delay loop containing .HierarchicalModel.A
  in .HierarchicalModel and .HierarchicalModel.A
	at ptolemy.actor.util.CausalityInterfaceForComposites._computeOutputPortDepth(CausalityInterfaceForComposites.java:759)
	at ptolemy.actor.util.CausalityInterfaceForComposites._computeInputDepth(CausalityInterfaceForComposites.java:696)
	at ptolemy.actor.util.CausalityInterfaceForComposites._computeOutputPortDepth(CausalityInterfaceForComposites.java:765)
	at ptolemy.actor.util.CausalityInterfaceForComposites._computeInputDepth(CausalityInterfaceForComposites.java:696)
	at ptolemy.actor.util.CausalityInterfaceForComposites._computeOutputPortDepth(CausalityInterfaceForComposites.java:765)
	at ptolemy.actor.util.CausalityInterfaceForComposites._computeInputDepth(CausalityInterfaceForComposites.java:696)
	at ptolemy.actor.util.CausalityInterfaceForComposites._computeActorDepth(CausalityInterfaceForComposites.java:532)
	at ptolemy.actor.util.CausalityInterfaceForComposites.checkForCycles(CausalityInterfaceForComposites.java:96)
	at ptolemy.domains.de.kernel.DEDirector.preinitialize(DEDirector.java:1338)
	at ptolemy.actor.CompositeActor.preinitialize(CompositeActor.java:1828)
	at ptolemy.actor.Manager.preinitializeAndResolveTypes(Manager.java:1040)
	at ptolemy.actor.Manager.initialize(Manager.java:710)
	at ptolemy.actor.Manager.execute(Manager.java:356)
	at ptolemy.actor.Manager.run(Manager.java:1263)
	at ptolemy.actor.Manager$PtolemyRunThread.run(Manager.java:1933)
java.lang.reflect.InvocationTargetException
	at java.base/jdk.internal.reflect.NativeConstructorAccessorImpl.newInstance0(Native Method)
	at java.base/jdk.internal.reflect.NativeConstructorAccessorImpl.newInstance(NativeConstructorAccessorImpl.java:62)
	at java.base/jdk.internal.reflect.DelegatingConstructorAccessorImpl.newInstance(DelegatingConstructorAccessorImpl.java:45)
	at java.base/java.lang.reflect.Constructor.newInstance(Constructor.java:490)
	at ptolemy.util.test.junit.AutoKnownFailedTests.RunModel(AutoKnownFailedTests.java:105)
	at java.base/jdk.internal.reflect.NativeMethodAccessorImpl.invoke0(Native Method)
	at java.base/jdk.internal.reflect.NativeMethodAccessorImpl.invoke(NativeMethodAccessorImpl.java:62)
	at java.base/jdk.internal.reflect.DelegatingMethodAccessorImpl.invoke(DelegatingMethodAccessorImpl.java:43)
	at java.base/java.lang.reflect.Method.invoke(Method.java:566)
	at org.junit.runners.model.FrameworkMethod$1.runReflectiveCall(FrameworkMethod.java:44)
	at org.junit.internal.runners.model.ReflectiveCallable.run(ReflectiveCallable.java:15)
	at org.junit.runners.model.FrameworkMethod.invokeExplosively(FrameworkMethod.java:41)
	at junitparams.internal.InvokeParameterisedMethod.evaluate(InvokeParameterisedMethod.java:102)
	at org.junit.internal.runners.statements.FailOnTimeout$1.run(FailOnTimeout.java:28)
Caused by: ptolemy.kernel.util.IllegalActionException: Found a zero delay loop containing .HierarchicalModel.A
  in .HierarchicalModel and .HierarchicalModel.A
	at ptolemy.actor.util.CausalityInterfaceForComposites._computeOutputPortDepth(CausalityInterfaceForComposites.java:759)
	at ptolemy.actor.util.CausalityInterfaceForComposites._computeInputDepth(CausalityInterfaceForComposites.java:696)
	at ptolemy.actor.util.CausalityInterfaceForComposites._computeOutputPortDepth(CausalityInterfaceForComposites.java:765)
	at ptolemy.actor.util.CausalityInterfaceForComposites._computeInputDepth(CausalityInterfaceForComposites.java:696)
	at ptolemy.actor.util.CausalityInterfaceForComposites._computeOutputPortDepth(CausalityInterfaceForComposites.java:765)
	at ptolemy.actor.util.CausalityInterfaceForComposites._computeInputDepth(CausalityInterfaceForComposites.java:696)
	at ptolemy.actor.util.CausalityInterfaceForComposites._computeActorDepth(CausalityInterfaceForComposites.java:532)
	at ptolemy.actor.util.CausalityInterfaceForComposites.checkForCycles(CausalityInterfaceForComposites.java:96)
	at ptolemy.domains.de.kernel.DEDirector.preinitialize(DEDirector.java:1338)
	at ptolemy.actor.CompositeActor.preinitialize(CompositeActor.java:1828)
	at ptolemy.actor.Manager.preinitializeAndResolveTypes(Manager.java:1040)
	at ptolemy.actor.Manager.initialize(Manager.java:710)
	at ptolemy.actor.Manager.execute(Manager.java:356)
	at ptolemy.actor.Manager.run(Manager.java:1263)
	at ptolemy.actor.Manager$PtolemyRunThread.run(Manager.java:1933)
java.lang.RuntimeException: Execution failed
	at ptolemy.moml.MoMLSimpleApplication$UnloadThread.run(MoMLSimpleApplication.java:402)
Caused by: ptolemy.kernel.util.IllegalActionException: Found a zero delay loop containing .dependencyLoop.original
  in .dependencyLoop and .dependencyLoop.original
	at ptolemy.actor.util.CausalityInterfaceForComposites._computeOutputPortDepth(CausalityInterfaceForComposites.java:759)
	at ptolemy.actor.util.CausalityInterfaceForComposites._computeInputDepth(CausalityInterfaceForComposites.java:696)
	at ptolemy.actor.util.CausalityInterfaceForComposites._computeOutputPortDepth(CausalityInterfaceForComposites.java:765)
	at ptolemy.actor.util.CausalityInterfaceForComposites._computeInputDepth(CausalityInterfaceForComposites.java:696)
	at ptolemy.actor.util.CausalityInterfaceForComposites._computeOutputPortDepth(CausalityInterfaceForComposites.java:765)
	at ptolemy.actor.util.CausalityInterfaceForComposites._computeInputDepth(CausalityInterfaceForComposites.java:696)
	at ptolemy.actor.util.CausalityInterfaceForComposites._computeActorDepth(CausalityInterfaceForComposites.java:532)
	at ptolemy.actor.util.CausalityInterfaceForComposites.checkForCycles(CausalityInterfaceForComposites.java:96)
	at ptolemy.domains.de.kernel.DEDirector.preinitialize(DEDirector.java:1338)
	at ptolemy.actor.CompositeActor.preinitialize(CompositeActor.java:1828)
	at ptolemy.actor.Manager.preinitializeAndResolveTypes(Manager.java:1040)
	at ptolemy.actor.Manager.initialize(Manager.java:710)
	at ptolemy.actor.Manager.execute(Manager.java:356)
	at ptolemy.actor.Manager.run(Manager.java:1263)
	at ptolemy.actor.Manager$PtolemyRunThread.run(Manager.java:1933)
java.lang.reflect.InvocationTargetException
	at java.base/jdk.internal.reflect.NativeConstructorAccessorImpl.newInstance0(Native Method)
	at java.base/jdk.internal.reflect.NativeConstructorAccessorImpl.newInstance(NativeConstructorAccessorImpl.java:62)
	at java.base/jdk.internal.reflect.DelegatingConstructorAccessorImpl.newInstance(DelegatingConstructorAccessorImpl.java:45)
	at java.base/java.lang.reflect.Constructor.newInstance(Constructor.java:490)
	at ptolemy.util.test.junit.AutoKnownFailedTests.RunModel(AutoKnownFailedTests.java:105)
	at java.base/jdk.internal.reflect.NativeMethodAccessorImpl.invoke0(Native Method)
	at java.base/jdk.internal.reflect.NativeMethodAccessorImpl.invoke(NativeMethodAccessorImpl.java:62)
	at java.base/jdk.internal.reflect.DelegatingMethodAccessorImpl.invoke(DelegatingMethodAccessorImpl.java:43)
	at java.base/java.lang.reflect.Method.invoke(Method.java:566)
	at org.junit.runners.model.FrameworkMethod$1.runReflectiveCall(FrameworkMethod.java:44)
	at org.junit.internal.runners.model.ReflectiveCallable.run(ReflectiveCallable.java:15)
	at org.junit.runners.model.FrameworkMethod.invokeExplosively(FrameworkMethod.java:41)
	at junitparams.internal.InvokeParameterisedMethod.evaluate(InvokeParameterisedMethod.java:102)
	at org.junit.internal.runners.statements.FailOnTimeout$1.run(FailOnTimeout.java:28)
Caused by: ptolemy.kernel.util.IllegalActionException: Found a zero delay loop containing .dependencyLoop.original
  in .dependencyLoop and .dependencyLoop.original
	at ptolemy.actor.util.CausalityInterfaceForComposites._computeOutputPortDepth(CausalityInterfaceForComposites.java:759)
	at ptolemy.actor.util.CausalityInterfaceForComposites._computeInputDepth(CausalityInterfaceForComposites.java:696)
	at ptolemy.actor.util.CausalityInterfaceForComposites._computeOutputPortDepth(CausalityInterfaceForComposites.java:765)
	at ptolemy.actor.util.CausalityInterfaceForComposites._computeInputDepth(CausalityInterfaceForComposites.java:696)
	at ptolemy.actor.util.CausalityInterfaceForComposites._computeOutputPortDepth(CausalityInterfaceForComposites.java:765)
	at ptolemy.actor.util.CausalityInterfaceForComposites._computeInputDepth(CausalityInterfaceForComposites.java:696)
	at ptolemy.actor.util.CausalityInterfaceForComposites._computeActorDepth(CausalityInterfaceForComposites.java:532)
	at ptolemy.actor.util.CausalityInterfaceForComposites.checkForCycles(CausalityInterfaceForComposites.java:96)
	at ptolemy.domains.de.kernel.DEDirector.preinitialize(DEDirector.java:1338)
	at ptolemy.actor.CompositeActor.preinitialize(CompositeActor.java:1828)
	at ptolemy.actor.Manager.preinitializeAndResolveTypes(Manager.java:1040)
	at ptolemy.actor.Manager.initialize(Manager.java:710)
	at ptolemy.actor.Manager.execute(Manager.java:356)
	at ptolemy.actor.Manager.run(Manager.java:1263)
	at ptolemy.actor.Manager$PtolemyRunThread.run(Manager.java:1933)
java.lang.RuntimeException: Execution failed
	at ptolemy.moml.MoMLSimpleApplication$UnloadThread.run(MoMLSimpleApplication.java:402)
Caused by: ptolemy.kernel.util.IllegalActionException: Found a zero delay loop containing .dependencyLoop2.original
  in .dependencyLoop2 and .dependencyLoop2.original
	at ptolemy.actor.util.CausalityInterfaceForComposites._computeOutputPortDepth(CausalityInterfaceForComposites.java:759)
	at ptolemy.actor.util.CausalityInterfaceForComposites._computeInputDepth(CausalityInterfaceForComposites.java:696)
	at ptolemy.actor.util.CausalityInterfaceForComposites._computeOutputPortDepth(CausalityInterfaceForComposites.java:765)
	at ptolemy.actor.util.CausalityInterfaceForComposites._computeInputDepth(CausalityInterfaceForComposites.java:696)
	at ptolemy.actor.util.CausalityInterfaceForComposites._computeOutputPortDepth(CausalityInterfaceForComposites.java:765)
	at ptolemy.actor.util.CausalityInterfaceForComposites._computeInputDepth(CausalityInterfaceForComposites.java:696)
	at ptolemy.actor.util.CausalityInterfaceForComposites._computeActorDepth(CausalityInterfaceForComposites.java:532)
	at ptolemy.actor.util.CausalityInterfaceForComposites.checkForCycles(CausalityInterfaceForComposites.java:96)
	at ptolemy.domains.de.kernel.DEDirector.preinitialize(DEDirector.java:1338)
	at ptolemy.actor.CompositeActor.preinitialize(CompositeActor.java:1828)
	at ptolemy.actor.Manager.preinitializeAndResolveTypes(Manager.java:1040)
	at ptolemy.actor.Manager.initialize(Manager.java:710)
	at ptolemy.actor.Manager.execute(Manager.java:356)
	at ptolemy.actor.Manager.run(Manager.java:1263)
	at ptolemy.actor.Manager$PtolemyRunThread.run(Manager.java:1933)
java.lang.reflect.InvocationTargetException
	at java.base/jdk.internal.reflect.NativeConstructorAccessorImpl.newInstance0(Native Method)
	at java.base/jdk.internal.reflect.NativeConstructorAccessorImpl.newInstance(NativeConstructorAccessorImpl.java:62)
	at java.base/jdk.internal.reflect.DelegatingConstructorAccessorImpl.newInstance(DelegatingConstructorAccessorImpl.java:45)
	at java.base/java.lang.reflect.Constructor.newInstance(Constructor.java:490)
	at ptolemy.util.test.junit.AutoKnownFailedTests.RunModel(AutoKnownFailedTests.java:105)
	at java.base/jdk.internal.reflect.NativeMethodAccessorImpl.invoke0(Native Method)
	at java.base/jdk.internal.reflect.NativeMethodAccessorImpl.invoke(NativeMethodAccessorImpl.java:62)
	at java.base/jdk.internal.reflect.DelegatingMethodAccessorImpl.invoke(DelegatingMethodAccessorImpl.java:43)
	at java.base/java.lang.reflect.Method.invoke(Method.java:566)
	at org.junit.runners.model.FrameworkMethod$1.runReflectiveCall(FrameworkMethod.java:44)
	at org.junit.internal.runners.model.ReflectiveCallable.run(ReflectiveCallable.java:15)
	at org.junit.runners.model.FrameworkMethod.invokeExplosively(FrameworkMethod.java:41)
	at junitparams.internal.InvokeParameterisedMethod.evaluate(InvokeParameterisedMethod.java:102)
	at org.junit.internal.runners.statements.FailOnTimeout$1.run(FailOnTimeout.java:28)
Caused by: ptolemy.kernel.util.IllegalActionException: Found a zero delay loop containing .dependencyLoop2.original
  in .dependencyLoop2 and .dependencyLoop2.original
	at ptolemy.actor.util.CausalityInterfaceForComposites._computeOutputPortDepth(CausalityInterfaceForComposites.java:759)
	at ptolemy.actor.util.CausalityInterfaceForComposites._computeInputDepth(CausalityInterfaceForComposites.java:696)
	at ptolemy.actor.util.CausalityInterfaceForComposites._computeOutputPortDepth(CausalityInterfaceForComposites.java:765)
	at ptolemy.actor.util.CausalityInterfaceForComposites._computeInputDepth(CausalityInterfaceForComposites.java:696)
	at ptolemy.actor.util.CausalityInterfaceForComposites._computeOutputPortDepth(CausalityInterfaceForComposites.java:765)
	at ptolemy.actor.util.CausalityInterfaceForComposites._computeInputDepth(CausalityInterfaceForComposites.java:696)
	at ptolemy.actor.util.CausalityInterfaceForComposites._computeActorDepth(CausalityInterfaceForComposites.java:532)
	at ptolemy.actor.util.CausalityInterfaceForComposites.checkForCycles(CausalityInterfaceForComposites.java:96)
	at ptolemy.domains.de.kernel.DEDirector.preinitialize(DEDirector.java:1338)
	at ptolemy.actor.CompositeActor.preinitialize(CompositeActor.java:1828)
	at ptolemy.actor.Manager.preinitializeAndResolveTypes(Manager.java:1040)
	at ptolemy.actor.Manager.initialize(Manager.java:710)
	at ptolemy.actor.Manager.execute(Manager.java:356)
	at ptolemy.actor.Manager.run(Manager.java:1263)
	at ptolemy.actor.Manager$PtolemyRunThread.run(Manager.java:1933)
]]></system-err>
</testsuite>
