<?xml version="1.0" encoding="UTF-8" ?>
<testsuite errors="0" failures="0" hostname="travis-job-6ab436a6-212a-4a50-9234-d58dbb17af9d" name="ptolemy.domains.de.test.junit.JUnitTclTest" skipped="0" tests="101" time="128.909" timestamp="2018-09-07T02:05:59">
  <properties>
[...]
</properties>
  <testcase classname="ptolemy.util.test.junit.TclTests" name="[0] /home/travis/build/icyphy/ptII/ptolemy/domains/de/test/DependencyLoop.tcl (RunTclFile)" time="0.756" />
  <testcase classname="ptolemy.util.test.junit.TclTests" name="[1] /home/travis/build/icyphy/ptII/ptolemy/domains/de/test/RunDETestsAsQSS.tcl (RunTclFile)" time="88.567" />
  <testcase classname="ptolemy.util.test.junit.AutoKnownFailedTests" name="[0] /home/travis/build/icyphy/ptII/ptolemy/domains/de/test/auto/knownFailedTests/DESDFClockTest.xml (RunModel)" time="2.033" />
  <testcase classname="ptolemy.util.test.junit.AutoKnownFailedTests" name="[1] /home/travis/build/icyphy/ptII/ptolemy/domains/de/test/auto/knownFailedTests/DirectFeedback.xml (RunModel)" time="0.015" />
  <testcase classname="ptolemy.util.test.junit.AutoKnownFailedTests" name="[2] /home/travis/build/icyphy/ptII/ptolemy/domains/de/test/auto/knownFailedTests/FSMSource.xml (RunModel)" time="0.029" />
  <testcase classname="ptolemy.util.test.junit.AutoKnownFailedTests" name="[3] /home/travis/build/icyphy/ptII/ptolemy/domains/de/test/auto/knownFailedTests/HierarchicalModel.xml (RunModel)" time="0.049" />
  <testcase classname="ptolemy.util.test.junit.AutoKnownFailedTests" name="[4] /home/travis/build/icyphy/ptII/ptolemy/domains/de/test/auto/knownFailedTests/dependencyLoop.xml (RunModel)" time="0.034" />
  <testcase classname="ptolemy.util.test.junit.AutoKnownFailedTests" name="[5] /home/travis/build/icyphy/ptII/ptolemy/domains/de/test/auto/knownFailedTests/dependencyLoop2.xml (RunModel)" time="0.044" />
  <testcase classname="ptolemy.util.test.junit.AutoNameArchTests" name="[0] ThereAreNoAutoArchTests (RunModel)" time="0.0" />
  <testcase classname="ptolemy.util.test.junit.AutoTests" name="[0] /home/travis/build/icyphy/ptII/ptolemy/domains/de/test/auto/ActorDepthCalculation_actorWithoutPorts.xml (RunModel)" time="0.018" />
  <testcase classname="ptolemy.util.test.junit.AutoTests" name="[1] /home/travis/build/icyphy/ptII/ptolemy/domains/de/test/auto/AssemblyLine.xml (RunModel)" time="0.027" />
  <testcase classname="ptolemy.util.test.junit.AutoTests" name="[2] /home/travis/build/icyphy/ptII/ptolemy/domains/de/test/auto/CQBug1.xml (RunModel)" time="0.012" />
  <testcase classname="ptolemy.util.test.junit.AutoTests" name="[3] /home/travis/build/icyphy/ptII/ptolemy/domains/de/test/auto/CancelFireAt.xml (RunModel)" time="0.012" />
  <testcase classname="ptolemy.util.test.junit.AutoTests" name="[4] /home/travis/build/icyphy/ptII/ptolemy/domains/de/test/auto/CausalityAndComposabilityAnalysis.xml (RunModel)" time="0.014" />
  <testcase classname="ptolemy.util.test.junit.AutoTests" name="[5] /home/travis/build/icyphy/ptII/ptolemy/domains/de/test/auto/CausalityInterface1.xml (RunModel)" time="0.014" />
  <testcase classname="ptolemy.util.test.junit.AutoTests" name="[6] /home/travis/build/icyphy/ptII/ptolemy/domains/de/test/auto/CausalityInterface15.xml (RunModel)" time="0.016" />
  <testcase classname="ptolemy.util.test.junit.AutoTests" name="[7] /home/travis/build/icyphy/ptII/ptolemy/domains/de/test/auto/CausalityInterface2.xml (RunModel)" time="0.013" />
  <testcase classname="ptolemy.util.test.junit.AutoTests" name="[8] /home/travis/build/icyphy/ptII/ptolemy/domains/de/test/auto/CausalityInterface3.xml (RunModel)" time="0.011" />
  <testcase classname="ptolemy.util.test.junit.AutoTests" name="[9] /home/travis/build/icyphy/ptII/ptolemy/domains/de/test/auto/ClockDrift.xml (RunModel)" time="0.034" />
  <testcase classname="ptolemy.util.test.junit.AutoTests" name="[10] /home/travis/build/icyphy/ptII/ptolemy/domains/de/test/auto/ClockDriftAndValueChange.xml (RunModel)" time="0.03" />
  <testcase classname="ptolemy.util.test.junit.AutoTests" name="[11] /home/travis/build/icyphy/ptII/ptolemy/domains/de/test/auto/ClockDriftChange.xml (RunModel)" time="0.027" />
  <testcase classname="ptolemy.util.test.junit.AutoTests" name="[12] /home/travis/build/icyphy/ptII/ptolemy/domains/de/test/auto/ComposableCausalityAnalysis.xml (RunModel)" time="0.019" />
  <testcase classname="ptolemy.util.test.junit.AutoTests" name="[13] /home/travis/build/icyphy/ptII/ptolemy/domains/de/test/auto/DEFixedPointLimitation.xml (RunModel)" time="0.009" />
  <testcase classname="ptolemy.util.test.junit.AutoTests" name="[14] /home/travis/build/icyphy/ptII/ptolemy/domains/de/test/auto/DEScheduleTest.xml (RunModel)" time="0.011" />
  <testcase classname="ptolemy.util.test.junit.AutoTests" name="[15] /home/travis/build/icyphy/ptII/ptolemy/domains/de/test/auto/DEinDEwithStartTimes.xml (RunModel)" time="0.013" />
  <testcase classname="ptolemy.util.test.junit.AutoTests" name="[16] /home/travis/build/icyphy/ptII/ptolemy/domains/de/test/auto/DEinDEwithStartTimes2.xml (RunModel)" time="0.013" />
  <testcase classname="ptolemy.util.test.junit.AutoTests" name="[17] /home/travis/build/icyphy/ptII/ptolemy/domains/de/test/auto/DateDemo.xml (RunModel)" time="0.024" />
  <testcase classname="ptolemy.util.test.junit.AutoTests" name="[18] /home/travis/build/icyphy/ptII/ptolemy/domains/de/test/auto/DateToEvent.xml (RunModel)" time="2.04" />
  <testcase classname="ptolemy.util.test.junit.AutoTests" name="[19] /home/travis/build/icyphy/ptII/ptolemy/domains/de/test/auto/DepthTest1.xml (RunModel)" time="0.01" />
  <testcase classname="ptolemy.util.test.junit.AutoTests" name="[20] /home/travis/build/icyphy/ptII/ptolemy/domains/de/test/auto/DepthTest2.xml (RunModel)" time="0.02" />
  <testcase classname="ptolemy.util.test.junit.AutoTests" name="[21] /home/travis/build/icyphy/ptII/ptolemy/domains/de/test/auto/DepthTest3.xml (RunModel)" time="0.007" />
  <testcase classname="ptolemy.util.test.junit.AutoTests" name="[22] /home/travis/build/icyphy/ptII/ptolemy/domains/de/test/auto/DepthTest4.xml (RunModel)" time="0.012" />
  <testcase classname="ptolemy.util.test.junit.AutoTests" name="[23] /home/travis/build/icyphy/ptII/ptolemy/domains/de/test/auto/DepthTest5.xml (RunModel)" time="0.014" />
  <testcase classname="ptolemy.util.test.junit.AutoTests" name="[24] /home/travis/build/icyphy/ptII/ptolemy/domains/de/test/auto/DepthTest6.xml (RunModel)" time="0.013" />
  <testcase classname="ptolemy.util.test.junit.AutoTests" name="[25] /home/travis/build/icyphy/ptII/ptolemy/domains/de/test/auto/DepthTest7.xml (RunModel)" time="0.011" />
  <testcase classname="ptolemy.util.test.junit.AutoTests" name="[26] /home/travis/build/icyphy/ptII/ptolemy/domains/de/test/auto/EventToDate.xml (RunModel)" time="3.034" />
  <testcase classname="ptolemy.util.test.junit.AutoTests" name="[27] /home/travis/build/icyphy/ptII/ptolemy/domains/de/test/auto/FSM1.xml (RunModel)" time="0.033" />
  <testcase classname="ptolemy.util.test.junit.AutoTests" name="[28] /home/travis/build/icyphy/ptII/ptolemy/domains/de/test/auto/FSM7.xml (RunModel)" time="0.059" />
  <testcase classname="ptolemy.util.test.junit.AutoTests" name="[29] /home/travis/build/icyphy/ptII/ptolemy/domains/de/test/auto/Inspection.xml (RunModel)" time="0.044" />
  <testcase classname="ptolemy.util.test.junit.AutoTests" name="[30] /home/travis/build/icyphy/ptII/ptolemy/domains/de/test/auto/Iteration.xml (RunModel)" time="0.03" />
  <testcase classname="ptolemy.util.test.junit.AutoTests" name="[31] /home/travis/build/icyphy/ptII/ptolemy/domains/de/test/auto/LineFault.xml (RunModel)" time="0.462" />
  <testcase classname="ptolemy.util.test.junit.AutoTests" name="[32] /home/travis/build/icyphy/ptII/ptolemy/domains/de/test/auto/MergeModel1Add.xml (RunModel)" time="0.035" />
  <testcase classname="ptolemy.util.test.junit.AutoTests" name="[33] /home/travis/build/icyphy/ptII/ptolemy/domains/de/test/auto/MergeModel2Add.xml (RunModel)" time="0.028" />
  <testcase classname="ptolemy.util.test.junit.AutoTests" name="[34] /home/travis/build/icyphy/ptII/ptolemy/domains/de/test/auto/MergeModel3Add.xml (RunModel)" time="0.03" />
  <testcase classname="ptolemy.util.test.junit.AutoTests" name="[35] /home/travis/build/icyphy/ptII/ptolemy/domains/de/test/auto/MergeWithoutDiscard.xml (RunModel)" time="0.008" />
  <testcase classname="ptolemy.util.test.junit.AutoTests" name="[36] /home/travis/build/icyphy/ptII/ptolemy/domains/de/test/auto/Modal1.xml (RunModel)" time="0.022" />
  <testcase classname="ptolemy.util.test.junit.AutoTests" name="[37] /home/travis/build/icyphy/ptII/ptolemy/domains/de/test/auto/Modal2.xml (RunModel)" time="0.021" />
  <testcase classname="ptolemy.util.test.junit.AutoTests" name="[38] /home/travis/build/icyphy/ptII/ptolemy/domains/de/test/auto/Modal3.xml (RunModel)" time="0.021" />
  <testcase classname="ptolemy.util.test.junit.AutoTests" name="[39] /home/travis/build/icyphy/ptII/ptolemy/domains/de/test/auto/Modal4.xml (RunModel)" time="0.022" />
  <testcase classname="ptolemy.util.test.junit.AutoTests" name="[40] /home/travis/build/icyphy/ptII/ptolemy/domains/de/test/auto/Modal5.xml (RunModel)" time="0.025" />
  <testcase classname="ptolemy.util.test.junit.AutoTests" name="[41] /home/travis/build/icyphy/ptII/ptolemy/domains/de/test/auto/Modal6.xml (RunModel)" time="0.023" />
  <testcase classname="ptolemy.util.test.junit.AutoTests" name="[42] /home/travis/build/icyphy/ptII/ptolemy/domains/de/test/auto/Modal7.xml (RunModel)" time="0.023" />
  <testcase classname="ptolemy.util.test.junit.AutoTests" name="[43] /home/travis/build/icyphy/ptII/ptolemy/domains/de/test/auto/ModalModel.xml (RunModel)" time="0.114" />
  <testcase classname="ptolemy.util.test.junit.AutoTests" name="[44] /home/travis/build/icyphy/ptII/ptolemy/domains/de/test/auto/ModalSource.xml (RunModel)" time="0.014" />
  <testcase classname="ptolemy.util.test.junit.AutoTests" name="[45] /home/travis/build/icyphy/ptII/ptolemy/domains/de/test/auto/NonInterruptibleTimerZeroDelay.xml (RunModel)" time="0.008" />
  <testcase classname="ptolemy.util.test.junit.AutoTests" name="[46] /home/travis/build/icyphy/ptII/ptolemy/domains/de/test/auto/OpenQueueingNetwork.xml (RunModel)" time="2.118" />
  <testcase classname="ptolemy.util.test.junit.AutoTests" name="[47] /home/travis/build/icyphy/ptII/ptolemy/domains/de/test/auto/OpenQueuingNetwork.xml (RunModel)" time="0.272" />
  <testcase classname="ptolemy.util.test.junit.AutoTests" name="[48] /home/travis/build/icyphy/ptII/ptolemy/domains/de/test/auto/PeriodicSampler.xml (RunModel)" time="0.012" />
  <testcase classname="ptolemy.util.test.junit.AutoTests" name="[49] /home/travis/build/icyphy/ptII/ptolemy/domains/de/test/auto/PersistentIO.xml (RunModel)" time="0.024" />
  <testcase classname="ptolemy.util.test.junit.AutoTests" name="[50] /home/travis/build/icyphy/ptII/ptolemy/domains/de/test/auto/PortParameterResetOnInitialize.xml (RunModel)" time="0.01" />
  <testcase classname="ptolemy.util.test.junit.AutoTests" name="[51] /home/travis/build/icyphy/ptII/ptolemy/domains/de/test/auto/PortParameterUpdates.xml (RunModel)" time="0.015" />
  <testcase classname="ptolemy.util.test.junit.AutoTests" name="[52] /home/travis/build/icyphy/ptII/ptolemy/domains/de/test/auto/QueueAndServer.xml (RunModel)" time="0.024" />
  <testcase classname="ptolemy.util.test.junit.AutoTests" name="[53] /home/travis/build/icyphy/ptII/ptolemy/domains/de/test/auto/Records.xml (RunModel)" time="0.022" />
  <testcase classname="ptolemy.util.test.junit.AutoTests" name="[54] /home/travis/build/icyphy/ptII/ptolemy/domains/de/test/auto/ResetTransitionWithStartTime1.xml (RunModel)" time="0.022" />
  <testcase classname="ptolemy.util.test.junit.AutoTests" name="[55] /home/travis/build/icyphy/ptII/ptolemy/domains/de/test/auto/ResetTransitionWithStartTime2.xml (RunModel)" time="0.017" />
  <testcase classname="ptolemy.util.test.junit.AutoTests" name="[56] /home/travis/build/icyphy/ptII/ptolemy/domains/de/test/auto/ResetTransitionWithStartTime3.xml (RunModel)" time="0.019" />
  <testcase classname="ptolemy.util.test.junit.AutoTests" name="[57] /home/travis/build/icyphy/ptII/ptolemy/domains/de/test/auto/ResetTransitionWithStartTime4.xml (RunModel)" time="0.019" />
  <testcase classname="ptolemy.util.test.junit.AutoTests" name="[58] /home/travis/build/icyphy/ptII/ptolemy/domains/de/test/auto/ResettableTimer1.xml (RunModel)" time="0.011" />
  <testcase classname="ptolemy.util.test.junit.AutoTests" name="[59] /home/travis/build/icyphy/ptII/ptolemy/domains/de/test/auto/ResettableTimer2.xml (RunModel)" time="0.009" />
  <testcase classname="ptolemy.util.test.junit.AutoTests" name="[60] /home/travis/build/icyphy/ptII/ptolemy/domains/de/test/auto/ResettableTimer3.xml (RunModel)" time="0.009" />
  <testcase classname="ptolemy.util.test.junit.AutoTests" name="[61] /home/travis/build/icyphy/ptII/ptolemy/domains/de/test/auto/ResettableTimer4.xml (RunModel)" time="0.011" />
  <testcase classname="ptolemy.util.test.junit.AutoTests" name="[62] /home/travis/build/icyphy/ptII/ptolemy/domains/de/test/auto/ResettableTimer5.xml (RunModel)" time="0.012" />
  <testcase classname="ptolemy.util.test.junit.AutoTests" name="[63] /home/travis/build/icyphy/ptII/ptolemy/domains/de/test/auto/ResettableTimer6.xml (RunModel)" time="0.02" />
  <testcase classname="ptolemy.util.test.junit.AutoTests" name="[64] /home/travis/build/icyphy/ptII/ptolemy/domains/de/test/auto/ServerZeroDelay.xml (RunModel)" time="0.015" />
  <testcase classname="ptolemy.util.test.junit.AutoTests" name="[65] /home/travis/build/icyphy/ptII/ptolemy/domains/de/test/auto/SmartSender.xml (RunModel)" time="3.01" />
  <testcase classname="ptolemy.util.test.junit.AutoTests" name="[66] /home/travis/build/icyphy/ptII/ptolemy/domains/de/test/auto/ThreadedComposite.xml (RunModel)" time="0.19" />
  <testcase classname="ptolemy.util.test.junit.AutoTests" name="[67] /home/travis/build/icyphy/ptII/ptolemy/domains/de/test/auto/Time.xml (RunModel)" time="0.426" />
  <testcase classname="ptolemy.util.test.junit.AutoTests" name="[68] /home/travis/build/icyphy/ptII/ptolemy/domains/de/test/auto/TimeDelayZeroDelay.xml (RunModel)" time="0.011" />
  <testcase classname="ptolemy.util.test.junit.AutoTests" name="[69] /home/travis/build/icyphy/ptII/ptolemy/domains/de/test/auto/TimerZeroDelay.xml (RunModel)" time="0.009" />
  <testcase classname="ptolemy.util.test.junit.AutoTests" name="[70] /home/travis/build/icyphy/ptII/ptolemy/domains/de/test/auto/TimingParadox.xml (RunModel)" time="0.342" />
  <testcase classname="ptolemy.util.test.junit.AutoTests" name="[71] /home/travis/build/icyphy/ptII/ptolemy/domains/de/test/auto/TransferInputs.xml (RunModel)" time="0.014" />
  <testcase classname="ptolemy.util.test.junit.AutoTests" name="[72] /home/travis/build/icyphy/ptII/ptolemy/domains/de/test/auto/TransferOutputs2.xml (RunModel)" time="0.015" />
  <testcase classname="ptolemy.util.test.junit.AutoTests" name="[73] /home/travis/build/icyphy/ptII/ptolemy/domains/de/test/auto/Trilateration.xml (RunModel)" time="11.515" />
  <testcase classname="ptolemy.util.test.junit.AutoTests" name="[74] /home/travis/build/icyphy/ptII/ptolemy/domains/de/test/auto/TwoSigmaDelta.xml (RunModel)" time="2.197" />
  <testcase classname="ptolemy.util.test.junit.AutoTests" name="[75] /home/travis/build/icyphy/ptII/ptolemy/domains/de/test/auto/VariableDelay.xml (RunModel)" time="0.01" />
  <testcase classname="ptolemy.util.test.junit.AutoTests" name="[76] /home/travis/build/icyphy/ptII/ptolemy/domains/de/test/auto/VariableDelay2.xml (RunModel)" time="0.009" />
  <testcase classname="ptolemy.util.test.junit.AutoTests" name="[77] /home/travis/build/icyphy/ptII/ptolemy/domains/de/test/auto/VariableDelayZeroDelay.xml (RunModel)" time="0.012" />
  <testcase classname="ptolemy.util.test.junit.AutoTests" name="[78] /home/travis/build/icyphy/ptII/ptolemy/domains/de/test/auto/VariableDelayZeroDelay2.xml (RunModel)" time="0.01" />
  <testcase classname="ptolemy.util.test.junit.AutoTests" name="[79] /home/travis/build/icyphy/ptII/ptolemy/domains/de/test/auto/deInCt.xml (RunModel)" time="0.015" />
  <testcase classname="ptolemy.util.test.junit.AutoTests" name="[80] /home/travis/build/icyphy/ptII/ptolemy/domains/de/test/auto/deInCt2.xml (RunModel)" time="0.015" />
  <testcase classname="ptolemy.util.test.junit.AutoTests" name="[81] /home/travis/build/icyphy/ptII/ptolemy/domains/de/test/auto/dynamicCausalityInterface1.xml (RunModel)" time="0.018" />
  <testcase classname="ptolemy.util.test.junit.AutoTests" name="[82] /home/travis/build/icyphy/ptII/ptolemy/domains/de/test/auto/fsm_de_test.xml (RunModel)" time="0.024" />
  <testcase classname="ptolemy.util.test.junit.AutoTests" name="[83] /home/travis/build/icyphy/ptII/ptolemy/domains/de/test/auto/functionDependencyReconstruction.xml (RunModel)" time="0.03" />
  <testcase classname="ptolemy.util.test.junit.AutoTests" name="[84] /home/travis/build/icyphy/ptII/ptolemy/domains/de/test/auto/multirate.xml (RunModel)" time="0.015" />
  <testcase classname="ptolemy.util.test.junit.AutoTests" name="[85] /home/travis/build/icyphy/ptII/ptolemy/domains/de/test/auto/multirate2.xml (RunModel)" time="0.015" />
  <testcase classname="ptolemy.util.test.junit.AutoTests" name="[86] /home/travis/build/icyphy/ptII/ptolemy/domains/de/test/auto/realtime.xml (RunModel)" time="10.01" />
  <testcase classname="ptolemy.util.test.junit.AutoTests" name="[87] /home/travis/build/icyphy/ptII/ptolemy/domains/de/test/auto/relationGroup.xml (RunModel)" time="0.009" />
  <testcase classname="ptolemy.util.test.junit.AutoTests" name="[88] /home/travis/build/icyphy/ptII/ptolemy/domains/de/test/auto/relationGroup2.xml (RunModel)" time="0.007" />
  <testcase classname="ptolemy.util.test.junit.AutoTests" name="[89] /home/travis/build/icyphy/ptII/ptolemy/domains/de/test/auto/sortWithOpaquePorts.xml (RunModel)" time="0.009" />
  <testcase classname="ptolemy.util.test.junit.AutoTests" name="[90] /home/travis/build/icyphy/ptII/ptolemy/domains/de/test/auto/transferInputsandOutputs.xml (RunModel)" time="0.014" />
  <testcase classname="ptolemy.util.test.junit.AutoTests" name="[91] /home/travis/build/icyphy/ptII/ptolemy/domains/de/test/auto/triggerType.xml (RunModel)" time="0.009" />
  <system-out><![CDATA[/home/travis/build/icyphy/ptII/ptolemy/domains/de/test/DependencyLoop.tcl
testDefs.tcl: setting time out to 9000 seconds at Fri Sep 07 02:05:59 UTC 2018
16 ms. Memory: 116224K Free: 93849K (81%)
10 ms. Memory: 146944K Free: 135442K (92%)
/home/travis/build/icyphy/ptII/ptolemy/domains/de/test/RunDETestsAsQSS.tcl
Run the DE tests using ptolemy.domains.qss.test.QSSDirectorTest, which extends QSSDirector and prints a message in the constructors.
------------------ testing $PTII/ptolemy/domains/de/test/auto/knownFailedTests/dependencyLoop.xml (Known Failure) 
7 ms. Memory: 146944K Free: 132330K (90%)


==== $PTIIhome/travis/build/icyphy/ptII/ptolemy/domains/de/test/../../../../: Auto Automatic test in file $PTII/ptolemy/domains/de/test/auto/knownFailedTests/dependencyLoop.xml
==== Contents of test case:

	    # FIXME: we should use $relativeFilename here, but it
	    # might have backslashes under Windows, which causes no end
	    # of trouble.
	    createAndExecute $file
	    list {}
	
.... Test generated KNOWN error:
    while executing
ptolemy.kernel.util.IllegalActionException: Found a zero delay loop containing .dependencyLoop.original
  in .dependencyLoop and .dependencyLoop.original
	at ptolemy.actor.util.CausalityInterfaceForComposites._computeOutputPortDepth(CausalityInterfaceForComposites.java:759)
	at ptolemy.actor.util.CausalityInterfaceForComposites._computeInputDepth(CausalityInterfaceForComposites.java:696)
	at ptolemy.actor.util.CausalityInterfaceForComposites._computeOutputPortDepth(CausalityInterfaceForComposites.java:765)
	at ptolemy.actor.util.CausalityInterfaceForComposites._computeInputDepth(CausalityInterfaceForComposites.java:696)
	at ptolemy.actor.util.CausalityInterfaceForComposites._computeOutputPortDepth(CausalityInterfaceForComposites.java:765)
	at ptolemy.actor.util.CausalityInterfaceForComposites._computeInputDepth(CausalityInterfaceForComposites.java:696)
	at ptolemy.actor.util.CausalityInterfaceForComposites._computeActorDepth(CausalityInterfaceForComposites.java:532)
	at ptolemy.actor.util.CausalityInterfaceForComposites.checkForCycles(CausalityInterfaceForComposites.java:96)
	at ptolemy.domains.de.kernel.DEDirector.preinitialize(DEDirector.java:1338)
	at ptolemy.actor.CompositeActor.preinitialize(CompositeActor.java:1828)
	at ptolemy.actor.Manager.preinitializeAndResolveTypes(Manager.java:1040)
	at ptolemy.actor.Manager.initialize(Manager.java:710)
	at ptolemy.actor.Manager.execute(Manager.java:356)
	at ptolemy.actor.Manager.run(Manager.java:1263)
	at ptolemy.actor.Manager$PtolemyRunThread.run(Manager.java:1915)

    while executing
ptolemy.kernel.util.IllegalActionException: Found a zero delay loop containing .dependencyLoop.original
  in .dependencyLoop and .dependencyLoop.original
    while executing
"java::new ptolemy.moml.MoMLSimpleApplication $file
"
    (procedure "createAndExecute" line 2)
    invoked from within
"createAndExecute $file"
    ("uplevel" body line 5)
    invoked from within
"uplevel $contents_of_test"
------------------ testing $PTII/ptolemy/domains/de/test/auto/knownFailedTests/DESDFClockTest.xml (Known Failure) 
2064 ms. Memory: 146944K Free: 116490K (79%)


==== $PTIIhome/travis/build/icyphy/ptII/ptolemy/domains/de/test/../../../../: Auto Automatic test in file $PTII/ptolemy/domains/de/test/auto/knownFailedTests/DESDFClockTest.xml
==== Contents of test case:

	    # FIXME: we should use $relativeFilename here, but it
	    # might have backslashes under Windows, which causes no end
	    # of trouble.
	    createAndExecute $file
	    list {}
	
.... Test generated KNOWN error:
    while executing
ptolemy.kernel.util.IllegalActionException: Actor is not ready to fire.  Perhaps UpSample.prefire() returned false? Try debugging the actor by selecting "Listen to Actor".  Also, for SDF check moml for tokenConsumptionRate on input.
  in .DESDFClockTest.Play Bell.Copy1:SDF Director and .DESDFClockTest.Play Bell.UpSample
	at ptolemy.actor.sched.StaticSchedulingDirector.fire(StaticSchedulingDirector.java:227)
	at ptolemy.domains.sdf.kernel.SDFDirector.fire(SDFDirector.java:500)
	at ptolemy.actor.CompositeActor.fire(CompositeActor.java:455)
	at ptolemy.domains.de.kernel.DEDirector._fire(DEDirector.java:1949)
	at ptolemy.domains.de.kernel.DEDirector.fire(DEDirector.java:502)
	at ptolemy.actor.CompositeActor.fire(CompositeActor.java:455)
	at ptolemy.actor.Manager.iterate(Manager.java:851)
	at ptolemy.actor.Manager.execute(Manager.java:369)
	at ptolemy.actor.Manager.run(Manager.java:1263)
	at ptolemy.actor.Manager$PtolemyRunThread.run(Manager.java:1915)

    while executing
ptolemy.kernel.util.IllegalActionException: Actor is not ready to fire.  Perhaps UpSample.prefire() returned false? Try debugging the actor by selecting "Listen to Actor".  Also, for SDF check moml for tokenConsumptionRate on input.
  in .DESDFClockTest.Play Bell.Copy1:SDF Director and .DESDFClockTest.Play Bell.UpSample
    while executing
"java::new ptolemy.moml.MoMLSimpleApplication $file
"
    (procedure "createAndExecute" line 2)
    invoked from within
"createAndExecute $file"
    ("uplevel" body line 5)
    invoked from within
"uplevel $contents_of_test"
------------------ testing $PTII/ptolemy/domains/de/test/auto/knownFailedTests/FSMSource.xml (Known Failure) 
30 ms. Memory: 146944K Free: 107443K (73%)
!!!! Auto was marked as failing, but now passes
------------------ testing $PTII/ptolemy/domains/de/test/auto/knownFailedTests/dependencyLoop2.xml (Known Failure) 
9 ms. Memory: 146944K Free: 105560K (72%)


==== $PTIIhome/travis/build/icyphy/ptII/ptolemy/domains/de/test/../../../../: Auto Automatic test in file $PTII/ptolemy/domains/de/test/auto/knownFailedTests/dependencyLoop2.xml
==== Contents of test case:

	    # FIXME: we should use $relativeFilename here, but it
	    # might have backslashes under Windows, which causes no end
	    # of trouble.
	    createAndExecute $file
	    list {}
	
.... Test generated KNOWN error:
    while executing
ptolemy.kernel.util.IllegalActionException: Found a zero delay loop containing .dependencyLoop2.original
  in .dependencyLoop2 and .dependencyLoop2.original
	at ptolemy.actor.util.CausalityInterfaceForComposites._computeOutputPortDepth(CausalityInterfaceForComposites.java:759)
	at ptolemy.actor.util.CausalityInterfaceForComposites._computeInputDepth(CausalityInterfaceForComposites.java:696)
	at ptolemy.actor.util.CausalityInterfaceForComposites._computeOutputPortDepth(CausalityInterfaceForComposites.java:765)
	at ptolemy.actor.util.CausalityInterfaceForComposites._computeInputDepth(CausalityInterfaceForComposites.java:696)
	at ptolemy.actor.util.CausalityInterfaceForComposites._computeOutputPortDepth(CausalityInterfaceForComposites.java:765)
	at ptolemy.actor.util.CausalityInterfaceForComposites._computeInputDepth(CausalityInterfaceForComposites.java:696)
	at ptolemy.actor.util.CausalityInterfaceForComposites._computeActorDepth(CausalityInterfaceForComposites.java:532)
	at ptolemy.actor.util.CausalityInterfaceForComposites.checkForCycles(CausalityInterfaceForComposites.java:96)
	at ptolemy.domains.de.kernel.DEDirector.preinitialize(DEDirector.java:1338)
	at ptolemy.actor.CompositeActor.preinitialize(CompositeActor.java:1828)
	at ptolemy.actor.Manager.preinitializeAndResolveTypes(Manager.java:1040)
	at ptolemy.actor.Manager.initialize(Manager.java:710)
	at ptolemy.actor.Manager.execute(Manager.java:356)
	at ptolemy.actor.Manager.run(Manager.java:1263)
	at ptolemy.actor.Manager$PtolemyRunThread.run(Manager.java:1915)

    while executing
ptolemy.kernel.util.IllegalActionException: Found a zero delay loop containing .dependencyLoop2.original
  in .dependencyLoop2 and .dependencyLoop2.original
    while executing
"java::new ptolemy.moml.MoMLSimpleApplication $file
"
    (procedure "createAndExecute" line 2)
    invoked from within
"createAndExecute $file"
    ("uplevel" body line 5)
    invoked from within
"uplevel $contents_of_test"
------------------ testing $PTII/ptolemy/domains/de/test/auto/knownFailedTests/HierarchicalModel.xml (Known Failure) 
5 ms. Memory: 146944K Free: 85051K (58%)


==== $PTIIhome/travis/build/icyphy/ptII/ptolemy/domains/de/test/../../../../: Auto Automatic test in file $PTII/ptolemy/domains/de/test/auto/knownFailedTests/HierarchicalModel.xml
==== Contents of test case:

	    # FIXME: we should use $relativeFilename here, but it
	    # might have backslashes under Windows, which causes no end
	    # of trouble.
	    createAndExecute $file
	    list {}
	
.... Test generated KNOWN error:
    while executing
ptolemy.kernel.util.IllegalActionException: Found a zero delay loop containing .HierarchicalModel.A
  in .HierarchicalModel and .HierarchicalModel.A
	at ptolemy.actor.util.CausalityInterfaceForComposites._computeOutputPortDepth(CausalityInterfaceForComposites.java:759)
	at ptolemy.actor.util.CausalityInterfaceForComposites._computeInputDepth(CausalityInterfaceForComposites.java:696)
	at ptolemy.actor.util.CausalityInterfaceForComposites._computeOutputPortDepth(CausalityInterfaceForComposites.java:765)
	at ptolemy.actor.util.CausalityInterfaceForComposites._computeInputDepth(CausalityInterfaceForComposites.java:696)
	at ptolemy.actor.util.CausalityInterfaceForComposites._computeOutputPortDepth(CausalityInterfaceForComposites.java:765)
	at ptolemy.actor.util.CausalityInterfaceForComposites._computeInputDepth(CausalityInterfaceForComposites.java:696)
	at ptolemy.actor.util.CausalityInterfaceForComposites._computeActorDepth(CausalityInterfaceForComposites.java:532)
	at ptolemy.actor.util.CausalityInterfaceForComposites.checkForCycles(CausalityInterfaceForComposites.java:96)
	at ptolemy.domains.de.kernel.DEDirector.preinitialize(DEDirector.java:1338)
	at ptolemy.actor.CompositeActor.preinitialize(CompositeActor.java:1828)
	at ptolemy.actor.Manager.preinitializeAndResolveTypes(Manager.java:1040)
	at ptolemy.actor.Manager.initialize(Manager.java:710)
	at ptolemy.actor.Manager.execute(Manager.java:356)
	at ptolemy.actor.Manager.run(Manager.java:1263)
	at ptolemy.actor.Manager$PtolemyRunThread.run(Manager.java:1915)

    while executing
ptolemy.kernel.util.IllegalActionException: Found a zero delay loop containing .HierarchicalModel.A
  in .HierarchicalModel and .HierarchicalModel.A
    while executing
"java::new ptolemy.moml.MoMLSimpleApplication $file
"
    (procedure "createAndExecute" line 2)
    invoked from within
"createAndExecute $file"
    ("uplevel" body line 5)
    invoked from within
"uplevel $contents_of_test"
------------------ testing $PTII/ptolemy/domains/de/test/auto/knownFailedTests/DirectFeedback.xml (Known Failure) 
4 ms. Memory: 146944K Free: 141367K (96%)


==== $PTIIhome/travis/build/icyphy/ptII/ptolemy/domains/de/test/../../../../: Auto Automatic test in file $PTII/ptolemy/domains/de/test/auto/knownFailedTests/DirectFeedback.xml
==== Contents of test case:

	    # FIXME: we should use $relativeFilename here, but it
	    # might have backslashes under Windows, which causes no end
	    # of trouble.
	    createAndExecute $file
	    list {}
	
.... Test generated KNOWN error:
    while executing
ptolemy.kernel.util.IllegalActionException: Test fails in iteration 1.
Value was: 1.0. Should have been: 2.0
  in .DirectFeedback.Test
	at ptolemy.actor.lib.Test.fire(Test.java:268)
	at ptolemy.domains.de.kernel.DEDirector._fire(DEDirector.java:1949)
	at ptolemy.domains.de.kernel.DEDirector.fire(DEDirector.java:502)
	at ptolemy.actor.CompositeActor.fire(CompositeActor.java:455)
	at ptolemy.actor.Manager.iterate(Manager.java:851)
	at ptolemy.actor.Manager.execute(Manager.java:369)
	at ptolemy.actor.Manager.run(Manager.java:1263)
	at ptolemy.actor.Manager$PtolemyRunThread.run(Manager.java:1915)

    while executing
ptolemy.kernel.util.IllegalActionException: Test fails in iteration 1.
Value was: 1.0. Should have been: 2.0
  in .DirectFeedback.Test
    while executing
"java::new ptolemy.moml.MoMLSimpleApplication $file
"
    (procedure "createAndExecute" line 2)
    invoked from within
"createAndExecute $file"
    ("uplevel" body line 5)
    invoked from within
"uplevel $contents_of_test"
------------------ testing $PTII/ptolemy/domains/de/test/auto/ActorDepthCalculation_actorWithoutPorts.xml
auto.tcl: Setting watchdog for 200 seconds at Fri Sep 07 02:06:02 UTC 2018
10 ms. Memory: 146944K Free: 133390K (91%)
ptolemy.util.test.WatchDog.cancel(): canceling Fri Sep 07 02:06:02 UTC 2018
auto.tcl: Setting watchdog for 200 seconds at Fri Sep 07 02:06:02 UTC 2018
4 ms. Memory: 146944K Free: 131286K (89%)
ptolemy.util.test.WatchDog.cancel(): canceling Fri Sep 07 02:06:02 UTC 2018
------------------ testing $PTII/ptolemy/domains/de/test/auto/AssemblyLine.xml
auto.tcl: Setting watchdog for 200 seconds at Fri Sep 07 02:06:03 UTC 2018
35 ms. Memory: 208384K Free: 182773K (88%)
ptolemy.util.test.WatchDog.cancel(): canceling Fri Sep 07 02:06:03 UTC 2018
auto.tcl: Setting watchdog for 200 seconds at Fri Sep 07 02:06:03 UTC 2018
7 ms. Memory: 208384K Free: 182773K (88%)
ptolemy.util.test.WatchDog.cancel(): canceling Fri Sep 07 02:06:03 UTC 2018
------------------ testing $PTII/ptolemy/domains/de/test/auto/CQBug1.xml
auto.tcl: Setting watchdog for 200 seconds at Fri Sep 07 02:06:03 UTC 2018
7 ms. Memory: 208384K Free: 197676K (95%)
ptolemy.util.test.WatchDog.cancel(): canceling Fri Sep 07 02:06:03 UTC 2018
auto.tcl: Setting watchdog for 200 seconds at Fri Sep 07 02:06:03 UTC 2018
3 ms. Memory: 208384K Free: 197676K (95%)
ptolemy.util.test.WatchDog.cancel(): canceling Fri Sep 07 02:06:03 UTC 2018
------------------ testing $PTII/ptolemy/domains/de/test/auto/CancelFireAt.xml
auto.tcl: Setting watchdog for 200 seconds at Fri Sep 07 02:06:03 UTC 2018
9 ms. Memory: 208384K Free: 201074K (96%)
ptolemy.util.test.WatchDog.cancel(): canceling Fri Sep 07 02:06:03 UTC 2018
auto.tcl: Setting watchdog for 200 seconds at Fri Sep 07 02:06:03 UTC 2018
13 ms. Memory: 208384K Free: 198959K (95%)
ptolemy.util.test.WatchDog.cancel(): canceling Fri Sep 07 02:06:03 UTC 2018
------------------ testing $PTII/ptolemy/domains/de/test/auto/CausalityAndComposabilityAnalysis.xml
auto.tcl: Setting watchdog for 200 seconds at Fri Sep 07 02:06:03 UTC 2018
8 ms. Memory: 208384K Free: 198556K (95%)
ptolemy.util.test.WatchDog.cancel(): canceling Fri Sep 07 02:06:03 UTC 2018
auto.tcl: Setting watchdog for 200 seconds at Fri Sep 07 02:06:03 UTC 2018
9 ms. Memory: 208384K Free: 196441K (94%)
ptolemy.util.test.WatchDog.cancel(): canceling Fri Sep 07 02:06:03 UTC 2018
------------------ testing $PTII/ptolemy/domains/de/test/auto/CausalityInterface1.xml
auto.tcl: Setting watchdog for 200 seconds at Fri Sep 07 02:06:03 UTC 2018
15 ms. Memory: 208384K Free: 196379K (94%)
ptolemy.util.test.WatchDog.cancel(): canceling Fri Sep 07 02:06:03 UTC 2018
auto.tcl: Setting watchdog for 200 seconds at Fri Sep 07 02:06:03 UTC 2018
4 ms. Memory: 208384K Free: 196379K (94%)
ptolemy.util.test.WatchDog.cancel(): canceling Fri Sep 07 02:06:03 UTC 2018
------------------ testing $PTII/ptolemy/domains/de/test/auto/CausalityInterface15.xml
auto.tcl: Setting watchdog for 200 seconds at Fri Sep 07 02:06:03 UTC 2018
4 ms. Memory: 208384K Free: 196370K (94%)
ptolemy.util.test.WatchDog.cancel(): canceling Fri Sep 07 02:06:03 UTC 2018
auto.tcl: Setting watchdog for 200 seconds at Fri Sep 07 02:06:03 UTC 2018
6 ms. Memory: 208384K Free: 196370K (94%)
ptolemy.util.test.WatchDog.cancel(): canceling Fri Sep 07 02:06:03 UTC 2018
------------------ testing $PTII/ptolemy/domains/de/test/auto/CausalityInterface2.xml
auto.tcl: Setting watchdog for 200 seconds at Fri Sep 07 02:06:03 UTC 2018
8 ms. Memory: 208384K Free: 196354K (94%)
ptolemy.util.test.WatchDog.cancel(): canceling Fri Sep 07 02:06:04 UTC 2018
auto.tcl: Setting watchdog for 200 seconds at Fri Sep 07 02:06:04 UTC 2018
2 ms. Memory: 208384K Free: 196354K (94%)
ptolemy.util.test.WatchDog.cancel(): canceling Fri Sep 07 02:06:04 UTC 2018
------------------ testing $PTII/ptolemy/domains/de/test/auto/CausalityInterface3.xml
auto.tcl: Setting watchdog for 200 seconds at Fri Sep 07 02:06:04 UTC 2018
7 ms. Memory: 208384K Free: 196367K (94%)
ptolemy.util.test.WatchDog.cancel(): canceling Fri Sep 07 02:06:04 UTC 2018
auto.tcl: Setting watchdog for 200 seconds at Fri Sep 07 02:06:04 UTC 2018
8 ms. Memory: 208384K Free: 196367K (94%)
ptolemy.util.test.WatchDog.cancel(): canceling Fri Sep 07 02:06:04 UTC 2018
------------------ testing $PTII/ptolemy/domains/de/test/auto/ClockDrift.xml
auto.tcl: Setting watchdog for 200 seconds at Fri Sep 07 02:06:04 UTC 2018
97 ms. Memory: 208384K Free: 187555K (90%)
ptolemy.util.test.WatchDog.cancel(): canceling Fri Sep 07 02:06:04 UTC 2018
auto.tcl: Setting watchdog for 200 seconds at Fri Sep 07 02:06:04 UTC 2018
34 ms. Memory: 208384K Free: 185440K (89%)
ptolemy.util.test.WatchDog.cancel(): canceling Fri Sep 07 02:06:04 UTC 2018
------------------ testing $PTII/ptolemy/domains/de/test/auto/ClockDriftAndValueChange.xml
auto.tcl: Setting watchdog for 200 seconds at Fri Sep 07 02:06:04 UTC 2018
26 ms. Memory: 208384K Free: 187392K (90%)
ptolemy.util.test.WatchDog.cancel(): canceling Fri Sep 07 02:06:04 UTC 2018
auto.tcl: Setting watchdog for 200 seconds at Fri Sep 07 02:06:04 UTC 2018
26 ms. Memory: 208384K Free: 185277K (89%)
ptolemy.util.test.WatchDog.cancel(): canceling Fri Sep 07 02:06:04 UTC 2018
------------------ testing $PTII/ptolemy/domains/de/test/auto/ClockDriftChange.xml
auto.tcl: Setting watchdog for 200 seconds at Fri Sep 07 02:06:04 UTC 2018
43 ms. Memory: 208384K Free: 190737K (92%)
ptolemy.util.test.WatchDog.cancel(): canceling Fri Sep 07 02:06:04 UTC 2018
auto.tcl: Setting watchdog for 200 seconds at Fri Sep 07 02:06:04 UTC 2018
31 ms. Memory: 208384K Free: 188622K (91%)
ptolemy.util.test.WatchDog.cancel(): canceling Fri Sep 07 02:06:04 UTC 2018
------------------ testing $PTII/ptolemy/domains/de/test/auto/ComposableCausalityAnalysis.xml
auto.tcl: Setting watchdog for 200 seconds at Fri Sep 07 02:06:04 UTC 2018
2 ms. Memory: 208384K Free: 196230K (94%)
ptolemy.util.test.WatchDog.cancel(): canceling Fri Sep 07 02:06:04 UTC 2018
auto.tcl: Setting watchdog for 200 seconds at Fri Sep 07 02:06:04 UTC 2018
1 ms. Memory: 208384K Free: 194115K (93%)
ptolemy.util.test.WatchDog.cancel(): canceling Fri Sep 07 02:06:04 UTC 2018
------------------ testing $PTII/ptolemy/domains/de/test/auto/DEFixedPointLimitation.xml
auto.tcl: Setting watchdog for 200 seconds at Fri Sep 07 02:06:04 UTC 2018
1 ms. Memory: 208384K Free: 196309K (94%)
ptolemy.util.test.WatchDog.cancel(): canceling Fri Sep 07 02:06:04 UTC 2018
auto.tcl: Setting watchdog for 200 seconds at Fri Sep 07 02:06:04 UTC 2018
1 ms. Memory: 208384K Free: 196309K (94%)
ptolemy.util.test.WatchDog.cancel(): canceling Fri Sep 07 02:06:04 UTC 2018
------------------ testing $PTII/ptolemy/domains/de/test/auto/DEScheduleTest.xml
auto.tcl: Setting watchdog for 200 seconds at Fri Sep 07 02:06:04 UTC 2018
3 ms. Memory: 208384K Free: 198461K (95%)
ptolemy.util.test.WatchDog.cancel(): canceling Fri Sep 07 02:06:04 UTC 2018
auto.tcl: Setting watchdog for 200 seconds at Fri Sep 07 02:06:04 UTC 2018
3 ms. Memory: 208384K Free: 196346K (94%)
ptolemy.util.test.WatchDog.cancel(): canceling Fri Sep 07 02:06:04 UTC 2018
------------------ testing $PTII/ptolemy/domains/de/test/auto/DEinDEwithStartTimes.xml
auto.tcl: Setting watchdog for 200 seconds at Fri Sep 07 02:06:05 UTC 2018
4 ms. Memory: 208384K Free: 196315K (94%)
ptolemy.util.test.WatchDog.cancel(): canceling Fri Sep 07 02:06:05 UTC 2018
auto.tcl: Setting watchdog for 200 seconds at Fri Sep 07 02:06:05 UTC 2018
4 ms. Memory: 208384K Free: 194200K (93%)
ptolemy.util.test.WatchDog.cancel(): canceling Fri Sep 07 02:06:05 UTC 2018
------------------ testing $PTII/ptolemy/domains/de/test/auto/DEinDEwithStartTimes2.xml
auto.tcl: Setting watchdog for 200 seconds at Fri Sep 07 02:06:05 UTC 2018
7 ms. Memory: 208384K Free: 196295K (94%)
ptolemy.util.test.WatchDog.cancel(): canceling Fri Sep 07 02:06:05 UTC 2018
auto.tcl: Setting watchdog for 200 seconds at Fri Sep 07 02:06:05 UTC 2018
7 ms. Memory: 208384K Free: 194180K (93%)
ptolemy.util.test.WatchDog.cancel(): canceling Fri Sep 07 02:06:05 UTC 2018
------------------ testing $PTII/ptolemy/domains/de/test/auto/DateDemo.xml
auto.tcl: Setting watchdog for 200 seconds at Fri Sep 07 02:06:05 UTC 2018
7 ms. Memory: 208384K Free: 188679K (91%)
ptolemy.util.test.WatchDog.cancel(): canceling Fri Sep 07 02:06:05 UTC 2018
auto.tcl: Setting watchdog for 200 seconds at Fri Sep 07 02:06:05 UTC 2018
12 ms. Memory: 208384K Free: 186564K (90%)
ptolemy.util.test.WatchDog.cancel(): canceling Fri Sep 07 02:06:05 UTC 2018
------------------ testing $PTII/ptolemy/domains/de/test/auto/DateToEvent.xml
auto.tcl: Setting watchdog for 200 seconds at Fri Sep 07 02:06:05 UTC 2018
2009 ms. Memory: 208384K Free: 183340K (88%)
ptolemy.util.test.WatchDog.cancel(): canceling Fri Sep 07 02:06:07 UTC 2018
auto.tcl: Setting watchdog for 200 seconds at Fri Sep 07 02:06:07 UTC 2018
2006 ms. Memory: 208384K Free: 180883K (87%)
ptolemy.util.test.WatchDog.cancel(): canceling Fri Sep 07 02:06:09 UTC 2018
------------------ testing $PTII/ptolemy/domains/de/test/auto/DepthTest1.xml
auto.tcl: Setting watchdog for 200 seconds at Fri Sep 07 02:06:09 UTC 2018
4 ms. Memory: 208384K Free: 197662K (95%)
ptolemy.util.test.WatchDog.cancel(): canceling Fri Sep 07 02:06:09 UTC 2018
auto.tcl: Setting watchdog for 200 seconds at Fri Sep 07 02:06:09 UTC 2018
2 ms. Memory: 208384K Free: 197662K (95%)
ptolemy.util.test.WatchDog.cancel(): canceling Fri Sep 07 02:06:09 UTC 2018
------------------ testing $PTII/ptolemy/domains/de/test/auto/DepthTest2.xml
auto.tcl: Setting watchdog for 200 seconds at Fri Sep 07 02:06:09 UTC 2018
10 ms. Memory: 208384K Free: 193832K (93%)
ptolemy.util.test.WatchDog.cancel(): canceling Fri Sep 07 02:06:09 UTC 2018
auto.tcl: Setting watchdog for 200 seconds at Fri Sep 07 02:06:09 UTC 2018
3 ms. Memory: 208384K Free: 193832K (93%)
ptolemy.util.test.WatchDog.cancel(): canceling Fri Sep 07 02:06:09 UTC 2018
------------------ testing $PTII/ptolemy/domains/de/test/auto/DepthTest3.xml
auto.tcl: Setting watchdog for 200 seconds at Fri Sep 07 02:06:09 UTC 2018
2 ms. Memory: 208384K Free: 197995K (95%)
ptolemy.util.test.WatchDog.cancel(): canceling Fri Sep 07 02:06:09 UTC 2018
auto.tcl: Setting watchdog for 200 seconds at Fri Sep 07 02:06:09 UTC 2018
2 ms. Memory: 208384K Free: 197995K (95%)
ptolemy.util.test.WatchDog.cancel(): canceling Fri Sep 07 02:06:09 UTC 2018
------------------ testing $PTII/ptolemy/domains/de/test/auto/DepthTest4.xml
auto.tcl: Setting watchdog for 200 seconds at Fri Sep 07 02:06:09 UTC 2018
3 ms. Memory: 208384K Free: 195967K (94%)
ptolemy.util.test.WatchDog.cancel(): canceling Fri Sep 07 02:06:09 UTC 2018
auto.tcl: Setting watchdog for 200 seconds at Fri Sep 07 02:06:09 UTC 2018
3 ms. Memory: 208384K Free: 195967K (94%)
ptolemy.util.test.WatchDog.cancel(): canceling Fri Sep 07 02:06:09 UTC 2018
------------------ testing $PTII/ptolemy/domains/de/test/auto/DepthTest5.xml
auto.tcl: Setting watchdog for 200 seconds at Fri Sep 07 02:06:09 UTC 2018
5 ms. Memory: 208384K Free: 195915K (94%)
ptolemy.util.test.WatchDog.cancel(): canceling Fri Sep 07 02:06:09 UTC 2018
auto.tcl: Setting watchdog for 200 seconds at Fri Sep 07 02:06:09 UTC 2018
2 ms. Memory: 208384K Free: 195915K (94%)
ptolemy.util.test.WatchDog.cancel(): canceling Fri Sep 07 02:06:09 UTC 2018
------------------ testing $PTII/ptolemy/domains/de/test/auto/DepthTest6.xml
auto.tcl: Setting watchdog for 200 seconds at Fri Sep 07 02:06:09 UTC 2018
10 ms. Memory: 208384K Free: 196211K (94%)
ptolemy.util.test.WatchDog.cancel(): canceling Fri Sep 07 02:06:09 UTC 2018
auto.tcl: Setting watchdog for 200 seconds at Fri Sep 07 02:06:09 UTC 2018
2 ms. Memory: 208384K Free: 196211K (94%)
ptolemy.util.test.WatchDog.cancel(): canceling Fri Sep 07 02:06:09 UTC 2018
------------------ testing $PTII/ptolemy/domains/de/test/auto/DepthTest7.xml
auto.tcl: Setting watchdog for 200 seconds at Fri Sep 07 02:06:09 UTC 2018
3 ms. Memory: 208384K Free: 195872K (94%)
ptolemy.util.test.WatchDog.cancel(): canceling Fri Sep 07 02:06:09 UTC 2018
auto.tcl: Setting watchdog for 200 seconds at Fri Sep 07 02:06:09 UTC 2018
1 ms. Memory: 208384K Free: 195872K (94%)
ptolemy.util.test.WatchDog.cancel(): canceling Fri Sep 07 02:06:09 UTC 2018
------------------ testing $PTII/ptolemy/domains/de/test/auto/EventToDate.xml
auto.tcl: Setting watchdog for 200 seconds at Fri Sep 07 02:06:09 UTC 2018
3008 ms. Memory: 208384K Free: 185320K (89%)
ptolemy.util.test.WatchDog.cancel(): canceling Fri Sep 07 02:06:12 UTC 2018
auto.tcl: Setting watchdog for 200 seconds at Fri Sep 07 02:06:12 UTC 2018
3003 ms. Memory: 208384K Free: 185320K (89%)
ptolemy.util.test.WatchDog.cancel(): canceling Fri Sep 07 02:06:15 UTC 2018
------------------ testing $PTII/ptolemy/domains/de/test/auto/FSM1.xml
auto.tcl: Setting watchdog for 200 seconds at Fri Sep 07 02:06:16 UTC 2018
32 ms. Memory: 208384K Free: 188895K (91%)
ptolemy.util.test.WatchDog.cancel(): canceling Fri Sep 07 02:06:16 UTC 2018
auto.tcl: Setting watchdog for 200 seconds at Fri Sep 07 02:06:16 UTC 2018
21 ms. Memory: 208384K Free: 184665K (89%)
ptolemy.util.test.WatchDog.cancel(): canceling Fri Sep 07 02:06:16 UTC 2018
------------------ testing $PTII/ptolemy/domains/de/test/auto/FSM7.xml
auto.tcl: Setting watchdog for 200 seconds at Fri Sep 07 02:06:16 UTC 2018
23 ms. Memory: 208384K Free: 186984K (90%)
ptolemy.util.test.WatchDog.cancel(): canceling Fri Sep 07 02:06:16 UTC 2018
auto.tcl: Setting watchdog for 200 seconds at Fri Sep 07 02:06:16 UTC 2018
20 ms. Memory: 208384K Free: 184869K (89%)
ptolemy.util.test.WatchDog.cancel(): canceling Fri Sep 07 02:06:16 UTC 2018
------------------ testing $PTII/ptolemy/domains/de/test/auto/Inspection.xml
auto.tcl: Setting watchdog for 200 seconds at Fri Sep 07 02:06:16 UTC 2018
44 ms. Memory: 208384K Free: 188533K (90%)
ptolemy.util.test.WatchDog.cancel(): canceling Fri Sep 07 02:06:16 UTC 2018
auto.tcl: Setting watchdog for 200 seconds at Fri Sep 07 02:06:16 UTC 2018
26 ms. Memory: 208384K Free: 186418K (89%)
ptolemy.util.test.WatchDog.cancel(): canceling Fri Sep 07 02:06:16 UTC 2018
------------------ testing $PTII/ptolemy/domains/de/test/auto/Iteration.xml
auto.tcl: Setting watchdog for 200 seconds at Fri Sep 07 02:06:16 UTC 2018
8 ms. Memory: 208384K Free: 196015K (94%)
ptolemy.util.test.WatchDog.cancel(): canceling Fri Sep 07 02:06:16 UTC 2018
auto.tcl: Setting watchdog for 200 seconds at Fri Sep 07 02:06:16 UTC 2018
8 ms. Memory: 208384K Free: 193900K (93%)
ptolemy.util.test.WatchDog.cancel(): canceling Fri Sep 07 02:06:16 UTC 2018
------------------ testing $PTII/ptolemy/domains/de/test/auto/LineFault.xml
auto.tcl: Setting watchdog for 200 seconds at Fri Sep 07 02:06:16 UTC 2018
676 ms. Memory: 208384K Free: 194528K (93%)
ptolemy.util.test.WatchDog.cancel(): canceling Fri Sep 07 02:06:17 UTC 2018
auto.tcl: Setting watchdog for 200 seconds at Fri Sep 07 02:06:17 UTC 2018
603 ms. Memory: 208384K Free: 138645K (67%)
ptolemy.util.test.WatchDog.cancel(): canceling Fri Sep 07 02:06:18 UTC 2018
------------------ testing $PTII/ptolemy/domains/de/test/auto/MergeModel1Add.xml
auto.tcl: Setting watchdog for 200 seconds at Fri Sep 07 02:06:18 UTC 2018
17 ms. Memory: 331264K Free: 298710K (90%)
ptolemy.util.test.WatchDog.cancel(): canceling Fri Sep 07 02:06:18 UTC 2018
auto.tcl: Setting watchdog for 200 seconds at Fri Sep 07 02:06:18 UTC 2018
13 ms. Memory: 331264K Free: 298710K (90%)
ptolemy.util.test.WatchDog.cancel(): canceling Fri Sep 07 02:06:18 UTC 2018
------------------ testing $PTII/ptolemy/domains/de/test/auto/MergeModel2Add.xml
auto.tcl: Setting watchdog for 200 seconds at Fri Sep 07 02:06:18 UTC 2018
18 ms. Memory: 331264K Free: 303966K (92%)
ptolemy.util.test.WatchDog.cancel(): canceling Fri Sep 07 02:06:18 UTC 2018
auto.tcl: Setting watchdog for 200 seconds at Fri Sep 07 02:06:18 UTC 2018
11 ms. Memory: 331264K Free: 300047K (91%)
ptolemy.util.test.WatchDog.cancel(): canceling Fri Sep 07 02:06:18 UTC 2018
------------------ testing $PTII/ptolemy/domains/de/test/auto/MergeModel3Add.xml
auto.tcl: Setting watchdog for 200 seconds at Fri Sep 07 02:06:18 UTC 2018
10 ms. Memory: 331264K Free: 303977K (92%)
ptolemy.util.test.WatchDog.cancel(): canceling Fri Sep 07 02:06:18 UTC 2018
auto.tcl: Setting watchdog for 200 seconds at Fri Sep 07 02:06:18 UTC 2018
9 ms. Memory: 331264K Free: 300058K (91%)
ptolemy.util.test.WatchDog.cancel(): canceling Fri Sep 07 02:06:18 UTC 2018
------------------ testing $PTII/ptolemy/domains/de/test/auto/MergeWithoutDiscard.xml
auto.tcl: Setting watchdog for 200 seconds at Fri Sep 07 02:06:18 UTC 2018
2 ms. Memory: 331264K Free: 319935K (97%)
ptolemy.util.test.WatchDog.cancel(): canceling Fri Sep 07 02:06:18 UTC 2018
auto.tcl: Setting watchdog for 200 seconds at Fri Sep 07 02:06:18 UTC 2018
1 ms. Memory: 331264K Free: 315727K (95%)
ptolemy.util.test.WatchDog.cancel(): canceling Fri Sep 07 02:06:18 UTC 2018
------------------ testing $PTII/ptolemy/domains/de/test/auto/Modal1.xml
auto.tcl: Setting watchdog for 200 seconds at Fri Sep 07 02:06:18 UTC 2018
13 ms. Memory: 331264K Free: 309660K (93%)
ptolemy.util.test.WatchDog.cancel(): canceling Fri Sep 07 02:06:18 UTC 2018
auto.tcl: Setting watchdog for 200 seconds at Fri Sep 07 02:06:18 UTC 2018
17 ms. Memory: 331264K Free: 305741K (92%)
ptolemy.util.test.WatchDog.cancel(): canceling Fri Sep 07 02:06:18 UTC 2018
------------------ testing $PTII/ptolemy/domains/de/test/auto/Modal2.xml
auto.tcl: Setting watchdog for 200 seconds at Fri Sep 07 02:06:18 UTC 2018
10 ms. Memory: 331264K Free: 309533K (93%)
ptolemy.util.test.WatchDog.cancel(): canceling Fri Sep 07 02:06:18 UTC 2018
auto.tcl: Setting watchdog for 200 seconds at Fri Sep 07 02:06:18 UTC 2018
10 ms. Memory: 331264K Free: 305614K (92%)
ptolemy.util.test.WatchDog.cancel(): canceling Fri Sep 07 02:06:18 UTC 2018
------------------ testing $PTII/ptolemy/domains/de/test/auto/Modal3.xml
auto.tcl: Setting watchdog for 200 seconds at Fri Sep 07 02:06:18 UTC 2018
17 ms. Memory: 331264K Free: 304902K (92%)
ptolemy.util.test.WatchDog.cancel(): canceling Fri Sep 07 02:06:18 UTC 2018
auto.tcl: Setting watchdog for 200 seconds at Fri Sep 07 02:06:18 UTC 2018
15 ms. Memory: 331264K Free: 300697K (91%)
ptolemy.util.test.WatchDog.cancel(): canceling Fri Sep 07 02:06:19 UTC 2018
------------------ testing $PTII/ptolemy/domains/de/test/auto/Modal4.xml
auto.tcl: Setting watchdog for 200 seconds at Fri Sep 07 02:06:19 UTC 2018
18 ms. Memory: 331264K Free: 309537K (93%)
ptolemy.util.test.WatchDog.cancel(): canceling Fri Sep 07 02:06:19 UTC 2018
auto.tcl: Setting watchdog for 200 seconds at Fri Sep 07 02:06:19 UTC 2018
12 ms. Memory: 331264K Free: 305618K (92%)
ptolemy.util.test.WatchDog.cancel(): canceling Fri Sep 07 02:06:19 UTC 2018
------------------ testing $PTII/ptolemy/domains/de/test/auto/Modal5.xml
auto.tcl: Setting watchdog for 200 seconds at Fri Sep 07 02:06:19 UTC 2018
15 ms. Memory: 331264K Free: 309524K (93%)
ptolemy.util.test.WatchDog.cancel(): canceling Fri Sep 07 02:06:19 UTC 2018
auto.tcl: Setting watchdog for 200 seconds at Fri Sep 07 02:06:19 UTC 2018
12 ms. Memory: 331264K Free: 305605K (92%)
ptolemy.util.test.WatchDog.cancel(): canceling Fri Sep 07 02:06:19 UTC 2018
------------------ testing $PTII/ptolemy/domains/de/test/auto/Modal6.xml
auto.tcl: Setting watchdog for 200 seconds at Fri Sep 07 02:06:19 UTC 2018
14 ms. Memory: 331264K Free: 309522K (93%)
ptolemy.util.test.WatchDog.cancel(): canceling Fri Sep 07 02:06:19 UTC 2018
auto.tcl: Setting watchdog for 200 seconds at Fri Sep 07 02:06:19 UTC 2018
16 ms. Memory: 331264K Free: 305603K (92%)
ptolemy.util.test.WatchDog.cancel(): canceling Fri Sep 07 02:06:19 UTC 2018
------------------ testing $PTII/ptolemy/domains/de/test/auto/Modal7.xml
auto.tcl: Setting watchdog for 200 seconds at Fri Sep 07 02:06:19 UTC 2018
12 ms. Memory: 331264K Free: 305603K (92%)
ptolemy.util.test.WatchDog.cancel(): canceling Fri Sep 07 02:06:19 UTC 2018
auto.tcl: Setting watchdog for 200 seconds at Fri Sep 07 02:06:19 UTC 2018
19 ms. Memory: 331264K Free: 305603K (92%)
ptolemy.util.test.WatchDog.cancel(): canceling Fri Sep 07 02:06:19 UTC 2018
------------------ testing $PTII/ptolemy/domains/de/test/auto/ModalModel.xml
auto.tcl: Setting watchdog for 200 seconds at Fri Sep 07 02:06:19 UTC 2018
195 ms. Memory: 331264K Free: 246123K (74%)
ptolemy.util.test.WatchDog.cancel(): canceling Fri Sep 07 02:06:19 UTC 2018
auto.tcl: Setting watchdog for 200 seconds at Fri Sep 07 02:06:19 UTC 2018
165 ms. Memory: 331264K Free: 191177K (58%)
ptolemy.util.test.WatchDog.cancel(): canceling Fri Sep 07 02:06:19 UTC 2018
------------------ testing $PTII/ptolemy/domains/de/test/auto/ModalSource.xml
auto.tcl: Setting watchdog for 200 seconds at Fri Sep 07 02:06:19 UTC 2018
7 ms. Memory: 331264K Free: 316264K (95%)
ptolemy.util.test.WatchDog.cancel(): canceling Fri Sep 07 02:06:19 UTC 2018
auto.tcl: Setting watchdog for 200 seconds at Fri Sep 07 02:06:19 UTC 2018
6 ms. Memory: 331264K Free: 312753K (94%)
ptolemy.util.test.WatchDog.cancel(): canceling Fri Sep 07 02:06:19 UTC 2018
------------------ testing $PTII/ptolemy/domains/de/test/auto/NonInterruptibleTimerZeroDelay.xml
auto.tcl: Setting watchdog for 200 seconds at Fri Sep 07 02:06:20 UTC 2018
4 ms. Memory: 331264K Free: 320596K (97%)
ptolemy.util.test.WatchDog.cancel(): canceling Fri Sep 07 02:06:20 UTC 2018
auto.tcl: Setting watchdog for 200 seconds at Fri Sep 07 02:06:20 UTC 2018
4 ms. Memory: 331264K Free: 317086K (96%)
ptolemy.util.test.WatchDog.cancel(): canceling Fri Sep 07 02:06:20 UTC 2018
------------------ testing $PTII/ptolemy/domains/de/test/auto/OpenQueueingNetwork.xml
auto.tcl: Setting watchdog for 200 seconds at Fri Sep 07 02:06:20 UTC 2018
2627 ms. Memory: 573952K Free: 413281K (72%)
ptolemy.util.test.WatchDog.cancel(): canceling Fri Sep 07 02:06:22 UTC 2018
auto.tcl: Setting watchdog for 200 seconds at Fri Sep 07 02:06:22 UTC 2018
2391 ms. Memory: 550912K Free: 301685K (55%)
ptolemy.util.test.WatchDog.cancel(): canceling Fri Sep 07 02:06:25 UTC 2018
------------------ testing $PTII/ptolemy/domains/de/test/auto/OpenQueuingNetwork.xml
auto.tcl: Setting watchdog for 200 seconds at Fri Sep 07 02:06:25 UTC 2018
245 ms. Memory: 549888K Free: 444417K (81%)
ptolemy.util.test.WatchDog.cancel(): canceling Fri Sep 07 02:06:25 UTC 2018
auto.tcl: Setting watchdog for 200 seconds at Fri Sep 07 02:06:25 UTC 2018
236 ms. Memory: 549888K Free: 384042K (70%)
ptolemy.util.test.WatchDog.cancel(): canceling Fri Sep 07 02:06:25 UTC 2018
------------------ testing $PTII/ptolemy/domains/de/test/auto/PeriodicSampler.xml
auto.tcl: Setting watchdog for 200 seconds at Fri Sep 07 02:06:25 UTC 2018
3 ms. Memory: 551936K Free: 530545K (96%)
ptolemy.util.test.WatchDog.cancel(): canceling Fri Sep 07 02:06:25 UTC 2018
auto.tcl: Setting watchdog for 200 seconds at Fri Sep 07 02:06:25 UTC 2018
2 ms. Memory: 551936K Free: 530545K (96%)
ptolemy.util.test.WatchDog.cancel(): canceling Fri Sep 07 02:06:25 UTC 2018
------------------ testing $PTII/ptolemy/domains/de/test/auto/PersistentIO.xml
auto.tcl: Setting watchdog for 200 seconds at Fri Sep 07 02:06:25 UTC 2018
9 ms. Memory: 549376K Free: 521858K (95%)
ptolemy.util.test.WatchDog.cancel(): canceling Fri Sep 07 02:06:26 UTC 2018
auto.tcl: Setting watchdog for 200 seconds at Fri Sep 07 02:06:26 UTC 2018
4 ms. Memory: 549376K Free: 521858K (95%)
ptolemy.util.test.WatchDog.cancel(): canceling Fri Sep 07 02:06:26 UTC 2018
------------------ testing $PTII/ptolemy/domains/de/test/auto/PortParameterResetOnInitialize.xml
auto.tcl: Setting watchdog for 200 seconds at Fri Sep 07 02:06:26 UTC 2018
3 ms. Memory: 551424K Free: 530263K (96%)
ptolemy.util.test.WatchDog.cancel(): canceling Fri Sep 07 02:06:26 UTC 2018
auto.tcl: Setting watchdog for 200 seconds at Fri Sep 07 02:06:26 UTC 2018
7 ms. Memory: 551424K Free: 530263K (96%)
ptolemy.util.test.WatchDog.cancel(): canceling Fri Sep 07 02:06:26 UTC 2018
------------------ testing $PTII/ptolemy/domains/de/test/auto/PortParameterUpdates.xml
auto.tcl: Setting watchdog for 200 seconds at Fri Sep 07 02:06:26 UTC 2018
5 ms. Memory: 549376K Free: 528347K (96%)
ptolemy.util.test.WatchDog.cancel(): canceling Fri Sep 07 02:06:26 UTC 2018
auto.tcl: Setting watchdog for 200 seconds at Fri Sep 07 02:06:26 UTC 2018
5 ms. Memory: 549376K Free: 528347K (96%)
ptolemy.util.test.WatchDog.cancel(): canceling Fri Sep 07 02:06:26 UTC 2018
------------------ testing $PTII/ptolemy/domains/de/test/auto/QueueAndServer.xml
auto.tcl: Setting watchdog for 200 seconds at Fri Sep 07 02:06:26 UTC 2018
18 ms. Memory: 551424K Free: 535037K (97%)
ptolemy.util.test.WatchDog.cancel(): canceling Fri Sep 07 02:06:26 UTC 2018
auto.tcl: Setting watchdog for 200 seconds at Fri Sep 07 02:06:26 UTC 2018
6 ms. Memory: 551424K Free: 528313K (96%)
ptolemy.util.test.WatchDog.cancel(): canceling Fri Sep 07 02:06:26 UTC 2018
------------------ testing $PTII/ptolemy/domains/de/test/auto/Records.xml
auto.tcl: Setting watchdog for 200 seconds at Fri Sep 07 02:06:26 UTC 2018
11 ms. Memory: 549376K Free: 532932K (97%)
ptolemy.util.test.WatchDog.cancel(): canceling Fri Sep 07 02:06:26 UTC 2018
auto.tcl: Setting watchdog for 200 seconds at Fri Sep 07 02:06:26 UTC 2018
2 ms. Memory: 549376K Free: 532932K (97%)
ptolemy.util.test.WatchDog.cancel(): canceling Fri Sep 07 02:06:26 UTC 2018
------------------ testing $PTII/ptolemy/domains/de/test/auto/ResetTransitionWithStartTime1.xml
auto.tcl: Setting watchdog for 200 seconds at Fri Sep 07 02:06:26 UTC 2018
14 ms. Memory: 551424K Free: 535235K (97%)
ptolemy.util.test.WatchDog.cancel(): canceling Fri Sep 07 02:06:26 UTC 2018
auto.tcl: Setting watchdog for 200 seconds at Fri Sep 07 02:06:26 UTC 2018
3 ms. Memory: 551424K Free: 528297K (96%)
ptolemy.util.test.WatchDog.cancel(): canceling Fri Sep 07 02:06:26 UTC 2018
------------------ testing $PTII/ptolemy/domains/de/test/auto/ResetTransitionWithStartTime2.xml
auto.tcl: Setting watchdog for 200 seconds at Fri Sep 07 02:06:26 UTC 2018
5 ms. Memory: 549376K Free: 526454K (96%)
ptolemy.util.test.WatchDog.cancel(): canceling Fri Sep 07 02:06:26 UTC 2018
auto.tcl: Setting watchdog for 200 seconds at Fri Sep 07 02:06:26 UTC 2018
6 ms. Memory: 549376K Free: 526454K (96%)
ptolemy.util.test.WatchDog.cancel(): canceling Fri Sep 07 02:06:26 UTC 2018
------------------ testing $PTII/ptolemy/domains/de/test/auto/ResetTransitionWithStartTime3.xml
auto.tcl: Setting watchdog for 200 seconds at Fri Sep 07 02:06:26 UTC 2018
6 ms. Memory: 550912K Free: 534484K (97%)
ptolemy.util.test.WatchDog.cancel(): canceling Fri Sep 07 02:06:26 UTC 2018
auto.tcl: Setting watchdog for 200 seconds at Fri Sep 07 02:06:26 UTC 2018
5 ms. Memory: 550912K Free: 527775K (96%)
ptolemy.util.test.WatchDog.cancel(): canceling Fri Sep 07 02:06:26 UTC 2018
------------------ testing $PTII/ptolemy/domains/de/test/auto/ResetTransitionWithStartTime4.xml
auto.tcl: Setting watchdog for 200 seconds at Fri Sep 07 02:06:26 UTC 2018
4 ms. Memory: 549376K Free: 526238K (96%)
ptolemy.util.test.WatchDog.cancel(): canceling Fri Sep 07 02:06:26 UTC 2018
auto.tcl: Setting watchdog for 200 seconds at Fri Sep 07 02:06:26 UTC 2018
4 ms. Memory: 549376K Free: 526238K (96%)
ptolemy.util.test.WatchDog.cancel(): canceling Fri Sep 07 02:06:26 UTC 2018
------------------ testing $PTII/ptolemy/domains/de/test/auto/ResettableTimer1.xml
auto.tcl: Setting watchdog for 200 seconds at Fri Sep 07 02:06:26 UTC 2018
3 ms. Memory: 550912K Free: 534477K (97%)
ptolemy.util.test.WatchDog.cancel(): canceling Fri Sep 07 02:06:26 UTC 2018
auto.tcl: Setting watchdog for 200 seconds at Fri Sep 07 02:06:26 UTC 2018
1 ms. Memory: 550912K Free: 534477K (97%)
ptolemy.util.test.WatchDog.cancel(): canceling Fri Sep 07 02:06:26 UTC 2018
------------------ testing $PTII/ptolemy/domains/de/test/auto/ResettableTimer2.xml
auto.tcl: Setting watchdog for 200 seconds at Fri Sep 07 02:06:26 UTC 2018
2 ms. Memory: 549376K Free: 533230K (97%)
ptolemy.util.test.WatchDog.cancel(): canceling Fri Sep 07 02:06:26 UTC 2018
auto.tcl: Setting watchdog for 200 seconds at Fri Sep 07 02:06:26 UTC 2018
2 ms. Memory: 549376K Free: 533230K (97%)
ptolemy.util.test.WatchDog.cancel(): canceling Fri Sep 07 02:06:26 UTC 2018
------------------ testing $PTII/ptolemy/domains/de/test/auto/ResettableTimer3.xml
auto.tcl: Setting watchdog for 200 seconds at Fri Sep 07 02:06:26 UTC 2018
1 ms. Memory: 550912K Free: 534536K (97%)
ptolemy.util.test.WatchDog.cancel(): canceling Fri Sep 07 02:06:26 UTC 2018
auto.tcl: Setting watchdog for 200 seconds at Fri Sep 07 02:06:26 UTC 2018
1 ms. Memory: 550912K Free: 534536K (97%)
ptolemy.util.test.WatchDog.cancel(): canceling Fri Sep 07 02:06:26 UTC 2018
------------------ testing $PTII/ptolemy/domains/de/test/auto/ResettableTimer4.xml
auto.tcl: Setting watchdog for 200 seconds at Fri Sep 07 02:06:26 UTC 2018
1 ms. Memory: 549376K Free: 533242K (97%)
ptolemy.util.test.WatchDog.cancel(): canceling Fri Sep 07 02:06:26 UTC 2018
auto.tcl: Setting watchdog for 200 seconds at Fri Sep 07 02:06:26 UTC 2018
1 ms. Memory: 549376K Free: 533242K (97%)
ptolemy.util.test.WatchDog.cancel(): canceling Fri Sep 07 02:06:26 UTC 2018
------------------ testing $PTII/ptolemy/domains/de/test/auto/ResettableTimer5.xml
auto.tcl: Setting watchdog for 200 seconds at Fri Sep 07 02:06:26 UTC 2018
2 ms. Memory: 550400K Free: 529585K (96%)
ptolemy.util.test.WatchDog.cancel(): canceling Fri Sep 07 02:06:26 UTC 2018
auto.tcl: Setting watchdog for 200 seconds at Fri Sep 07 02:06:26 UTC 2018
1 ms. Memory: 550400K Free: 529585K (96%)
ptolemy.util.test.WatchDog.cancel(): canceling Fri Sep 07 02:06:27 UTC 2018
------------------ testing $PTII/ptolemy/domains/de/test/auto/ResettableTimer6.xml
auto.tcl: Setting watchdog for 200 seconds at Fri Sep 07 02:06:27 UTC 2018
1 ms. Memory: 549376K Free: 528280K (96%)
ptolemy.util.test.WatchDog.cancel(): canceling Fri Sep 07 02:06:27 UTC 2018
auto.tcl: Setting watchdog for 200 seconds at Fri Sep 07 02:06:27 UTC 2018
1 ms. Memory: 549376K Free: 528280K (96%)
ptolemy.util.test.WatchDog.cancel(): canceling Fri Sep 07 02:06:27 UTC 2018
------------------ testing $PTII/ptolemy/domains/de/test/auto/ServerZeroDelay.xml
auto.tcl: Setting watchdog for 200 seconds at Fri Sep 07 02:06:27 UTC 2018
5 ms. Memory: 550400K Free: 534205K (97%)
ptolemy.util.test.WatchDog.cancel(): canceling Fri Sep 07 02:06:27 UTC 2018
auto.tcl: Setting watchdog for 200 seconds at Fri Sep 07 02:06:27 UTC 2018
2 ms. Memory: 550400K Free: 534205K (97%)
ptolemy.util.test.WatchDog.cancel(): canceling Fri Sep 07 02:06:27 UTC 2018
------------------ testing $PTII/ptolemy/domains/de/test/auto/SmartSender.xml
auto.tcl: Setting watchdog for 200 seconds at Fri Sep 07 02:06:27 UTC 2018
3001 ms. Memory: 549376K Free: 528496K (96%)
ptolemy.util.test.WatchDog.cancel(): canceling Fri Sep 07 02:06:30 UTC 2018
auto.tcl: Setting watchdog for 200 seconds at Fri Sep 07 02:06:30 UTC 2018
3002 ms. Memory: 549376K Free: 528496K (96%)
ptolemy.util.test.WatchDog.cancel(): canceling Fri Sep 07 02:06:33 UTC 2018
------------------ testing $PTII/ptolemy/domains/de/test/auto/ThreadedComposite.xml
auto.tcl: Setting watchdog for 200 seconds at Fri Sep 07 02:06:33 UTC 2018
197 ms. Memory: 550400K Free: 513235K (93%)
ptolemy.util.test.WatchDog.cancel(): canceling Fri Sep 07 02:06:33 UTC 2018
auto.tcl: Setting watchdog for 200 seconds at Fri Sep 07 02:06:33 UTC 2018
111 ms. Memory: 550400K Free: 497151K (90%)
ptolemy.util.test.WatchDog.cancel(): canceling Fri Sep 07 02:06:33 UTC 2018
------------------ testing $PTII/ptolemy/domains/de/test/auto/Time.xml
auto.tcl: Setting watchdog for 200 seconds at Fri Sep 07 02:06:33 UTC 2018
518 ms. Memory: 549376K Free: 481193K (88%)
ptolemy.util.test.WatchDog.cancel(): canceling Fri Sep 07 02:06:34 UTC 2018
auto.tcl: Setting watchdog for 200 seconds at Fri Sep 07 02:06:34 UTC 2018
489 ms. Memory: 549376K Free: 427527K (78%)
ptolemy.util.test.WatchDog.cancel(): canceling Fri Sep 07 02:06:34 UTC 2018
------------------ testing $PTII/ptolemy/domains/de/test/auto/TimeDelayZeroDelay.xml
auto.tcl: Setting watchdog for 200 seconds at Fri Sep 07 02:06:34 UTC 2018
2 ms. Memory: 550400K Free: 533892K (97%)
ptolemy.util.test.WatchDog.cancel(): canceling Fri Sep 07 02:06:34 UTC 2018
auto.tcl: Setting watchdog for 200 seconds at Fri Sep 07 02:06:34 UTC 2018
2 ms. Memory: 550400K Free: 533892K (97%)
ptolemy.util.test.WatchDog.cancel(): canceling Fri Sep 07 02:06:34 UTC 2018
------------------ testing $PTII/ptolemy/domains/de/test/auto/TimerZeroDelay.xml
auto.tcl: Setting watchdog for 200 seconds at Fri Sep 07 02:06:34 UTC 2018
3 ms. Memory: 549376K Free: 533141K (97%)
ptolemy.util.test.WatchDog.cancel(): canceling Fri Sep 07 02:06:34 UTC 2018
auto.tcl: Setting watchdog for 200 seconds at Fri Sep 07 02:06:34 UTC 2018
2 ms. Memory: 549376K Free: 533141K (97%)
ptolemy.util.test.WatchDog.cancel(): canceling Fri Sep 07 02:06:34 UTC 2018
------------------ testing $PTII/ptolemy/domains/de/test/auto/TimingParadox.xml
auto.tcl: Setting watchdog for 200 seconds at Fri Sep 07 02:06:34 UTC 2018
327 ms. Memory: 549888K Free: 467091K (85%)
ptolemy.util.test.WatchDog.cancel(): canceling Fri Sep 07 02:06:35 UTC 2018
auto.tcl: Setting watchdog for 200 seconds at Fri Sep 07 02:06:35 UTC 2018
323 ms. Memory: 549888K Free: 433550K (79%)
ptolemy.util.test.WatchDog.cancel(): canceling Fri Sep 07 02:06:35 UTC 2018
------------------ testing $PTII/ptolemy/domains/de/test/auto/TransferInputs.xml
auto.tcl: Setting watchdog for 200 seconds at Fri Sep 07 02:06:35 UTC 2018
2 ms. Memory: 549888K Free: 532557K (97%)
ptolemy.util.test.WatchDog.cancel(): canceling Fri Sep 07 02:06:35 UTC 2018
auto.tcl: Setting watchdog for 200 seconds at Fri Sep 07 02:06:35 UTC 2018
1 ms. Memory: 549888K Free: 532557K (97%)
ptolemy.util.test.WatchDog.cancel(): canceling Fri Sep 07 02:06:35 UTC 2018
------------------ testing $PTII/ptolemy/domains/de/test/auto/TransferOutputs2.xml
auto.tcl: Setting watchdog for 200 seconds at Fri Sep 07 02:06:35 UTC 2018
7 ms. Memory: 549376K Free: 521743K (95%)
ptolemy.util.test.WatchDog.cancel(): canceling Fri Sep 07 02:06:35 UTC 2018
auto.tcl: Setting watchdog for 200 seconds at Fri Sep 07 02:06:35 UTC 2018
3 ms. Memory: 549376K Free: 521743K (95%)
ptolemy.util.test.WatchDog.cancel(): canceling Fri Sep 07 02:06:35 UTC 2018
------------------ testing $PTII/ptolemy/domains/de/test/auto/Trilateration.xml
auto.tcl: Setting watchdog for 200 seconds at Fri Sep 07 02:06:35 UTC 2018
14539 ms. Memory: 766976K Free: 155659K (20%)
ptolemy.util.test.WatchDog.cancel(): canceling Fri Sep 07 02:06:51 UTC 2018
auto.tcl: Setting watchdog for 200 seconds at Fri Sep 07 02:06:51 UTC 2018
11547 ms. Memory: 623104K Free: 477141K (77%)
ptolemy.util.test.WatchDog.cancel(): canceling Fri Sep 07 02:07:02 UTC 2018
------------------ testing $PTII/ptolemy/domains/de/test/auto/TwoSigmaDelta.xml
auto.tcl: Setting watchdog for 200 seconds at Fri Sep 07 02:07:03 UTC 2018
2594 ms. Memory: 619520K Free: 303875K (49%)
ptolemy.util.test.WatchDog.cancel(): canceling Fri Sep 07 02:07:05 UTC 2018
auto.tcl: Setting watchdog for 200 seconds at Fri Sep 07 02:07:05 UTC 2018
1888 ms. Memory: 619520K Free: 76793K (12%)
ptolemy.util.test.WatchDog.cancel(): canceling Fri Sep 07 02:07:07 UTC 2018
------------------ testing $PTII/ptolemy/domains/de/test/auto/VariableDelay.xml
auto.tcl: Setting watchdog for 200 seconds at Fri Sep 07 02:07:07 UTC 2018
2 ms. Memory: 623104K Free: 598736K (96%)
ptolemy.util.test.WatchDog.cancel(): canceling Fri Sep 07 02:07:07 UTC 2018
auto.tcl: Setting watchdog for 200 seconds at Fri Sep 07 02:07:07 UTC 2018
2 ms. Memory: 623104K Free: 598736K (96%)
ptolemy.util.test.WatchDog.cancel(): canceling Fri Sep 07 02:07:07 UTC 2018
------------------ testing $PTII/ptolemy/domains/de/test/auto/VariableDelay2.xml
auto.tcl: Setting watchdog for 200 seconds at Fri Sep 07 02:07:07 UTC 2018
7 ms. Memory: 619520K Free: 600977K (97%)
ptolemy.util.test.WatchDog.cancel(): canceling Fri Sep 07 02:07:07 UTC 2018
auto.tcl: Setting watchdog for 200 seconds at Fri Sep 07 02:07:07 UTC 2018
2 ms. Memory: 619520K Free: 600977K (97%)
ptolemy.util.test.WatchDog.cancel(): canceling Fri Sep 07 02:07:07 UTC 2018
------------------ testing $PTII/ptolemy/domains/de/test/auto/VariableDelayZeroDelay.xml
auto.tcl: Setting watchdog for 200 seconds at Fri Sep 07 02:07:07 UTC 2018
2 ms. Memory: 622592K Free: 598667K (96%)
ptolemy.util.test.WatchDog.cancel(): canceling Fri Sep 07 02:07:07 UTC 2018
auto.tcl: Setting watchdog for 200 seconds at Fri Sep 07 02:07:07 UTC 2018
2 ms. Memory: 622592K Free: 598667K (96%)
ptolemy.util.test.WatchDog.cancel(): canceling Fri Sep 07 02:07:07 UTC 2018
------------------ testing $PTII/ptolemy/domains/de/test/auto/VariableDelayZeroDelay2.xml
auto.tcl: Setting watchdog for 200 seconds at Fri Sep 07 02:07:07 UTC 2018
2 ms. Memory: 619520K Free: 595593K (96%)
ptolemy.util.test.WatchDog.cancel(): canceling Fri Sep 07 02:07:07 UTC 2018
auto.tcl: Setting watchdog for 200 seconds at Fri Sep 07 02:07:07 UTC 2018
4 ms. Memory: 619520K Free: 595593K (96%)
ptolemy.util.test.WatchDog.cancel(): canceling Fri Sep 07 02:07:07 UTC 2018
------------------ testing $PTII/ptolemy/domains/de/test/auto/deInCt.xml
auto.tcl: Setting watchdog for 200 seconds at Fri Sep 07 02:07:07 UTC 2018
0
1
1
1
0
0
0
1
1
1
0
0
1
1
1
1
0
0
0
1
1
0
0
0
1
1
1
0
0
0
1
1
1
1
0
0
0
1
1
1
1
0
0
0
1
1
1
8 ms. Memory: 622080K Free: 598120K (96%)
ptolemy.util.test.WatchDog.cancel(): canceling Fri Sep 07 02:07:07 UTC 2018
auto.tcl: Setting watchdog for 200 seconds at Fri Sep 07 02:07:07 UTC 2018
0
1
1
1
1
0
0
1
1
1
1
1
0
0
1
1
1
0
0
0
1
1
1
0
0
0
0
1
1
1
1
0
0
0
0
7 ms. Memory: 622080K Free: 598120K (96%)
ptolemy.util.test.WatchDog.cancel(): canceling Fri Sep 07 02:07:07 UTC 2018
------------------ testing $PTII/ptolemy/domains/de/test/auto/deInCt2.xml
auto.tcl: Setting watchdog for 200 seconds at Fri Sep 07 02:07:07 UTC 2018
0
1
1
1
0
0
1
1
1
0
0
1
1
1
0
0
1
1
1
0
0
1
1
1
0
0
1
1
1
0
0
1
1
1
0
0
1
1
1
0
0
0
8 ms. Memory: 619520K Free: 595590K (96%)
ptolemy.util.test.WatchDog.cancel(): canceling Fri Sep 07 02:07:07 UTC 2018
auto.tcl: Setting watchdog for 200 seconds at Fri Sep 07 02:07:07 UTC 2018
0
1
1
1
0
0
1
1
1
0
0
1
1
1
0
0
1
1
1
0
0
1
1
1
0
0
1
1
1
0
0
1
1
1
0
0
1
1
1
0
0
0
5 ms. Memory: 619520K Free: 595590K (96%)
ptolemy.util.test.WatchDog.cancel(): canceling Fri Sep 07 02:07:07 UTC 2018
------------------ testing $PTII/ptolemy/domains/de/test/auto/dynamicCausalityInterface1.xml
auto.tcl: Setting watchdog for 200 seconds at Fri Sep 07 02:07:08 UTC 2018
1 ms. Memory: 621568K Free: 589448K (95%)
ptolemy.util.test.WatchDog.cancel(): canceling Fri Sep 07 02:07:08 UTC 2018
auto.tcl: Setting watchdog for 200 seconds at Fri Sep 07 02:07:08 UTC 2018
1 ms. Memory: 621568K Free: 589448K (95%)
ptolemy.util.test.WatchDog.cancel(): canceling Fri Sep 07 02:07:08 UTC 2018
------------------ testing $PTII/ptolemy/domains/de/test/auto/fsm_de_test.xml
auto.tcl: Setting watchdog for 200 seconds at Fri Sep 07 02:07:08 UTC 2018
6 ms. Memory: 619520K Free: 595481K (96%)
ptolemy.util.test.WatchDog.cancel(): canceling Fri Sep 07 02:07:08 UTC 2018
auto.tcl: Setting watchdog for 200 seconds at Fri Sep 07 02:07:08 UTC 2018
4 ms. Memory: 619520K Free: 587279K (95%)
ptolemy.util.test.WatchDog.cancel(): canceling Fri Sep 07 02:07:08 UTC 2018
------------------ testing $PTII/ptolemy/domains/de/test/auto/functionDependencyReconstruction.xml
auto.tcl: Setting watchdog for 200 seconds at Fri Sep 07 02:07:08 UTC 2018
2 ms. Memory: 621568K Free: 589318K (95%)
ptolemy.util.test.WatchDog.cancel(): canceling Fri Sep 07 02:07:08 UTC 2018
auto.tcl: Setting watchdog for 200 seconds at Fri Sep 07 02:07:08 UTC 2018
2 ms. Memory: 621568K Free: 581116K (93%)
ptolemy.util.test.WatchDog.cancel(): canceling Fri Sep 07 02:07:08 UTC 2018
------------------ testing $PTII/ptolemy/domains/de/test/auto/multirate.xml
auto.tcl: Setting watchdog for 200 seconds at Fri Sep 07 02:07:08 UTC 2018
3 ms. Memory: 619520K Free: 595349K (96%)
ptolemy.util.test.WatchDog.cancel(): canceling Fri Sep 07 02:07:08 UTC 2018
auto.tcl: Setting watchdog for 200 seconds at Fri Sep 07 02:07:08 UTC 2018
3 ms. Memory: 619520K Free: 595349K (96%)
ptolemy.util.test.WatchDog.cancel(): canceling Fri Sep 07 02:07:08 UTC 2018
------------------ testing $PTII/ptolemy/domains/de/test/auto/multirate2.xml
auto.tcl: Setting watchdog for 200 seconds at Fri Sep 07 02:07:08 UTC 2018
7 ms. Memory: 621056K Free: 597073K (96%)
ptolemy.util.test.WatchDog.cancel(): canceling Fri Sep 07 02:07:08 UTC 2018
auto.tcl: Setting watchdog for 200 seconds at Fri Sep 07 02:07:08 UTC 2018
3 ms. Memory: 621056K Free: 597073K (96%)
ptolemy.util.test.WatchDog.cancel(): canceling Fri Sep 07 02:07:08 UTC 2018
------------------ testing $PTII/ptolemy/domains/de/test/auto/realtime.xml
auto.tcl: Setting watchdog for 200 seconds at Fri Sep 07 02:07:08 UTC 2018
10001 ms. Memory: 619520K Free: 595505K (96%)
ptolemy.util.test.WatchDog.cancel(): canceling Fri Sep 07 02:07:18 UTC 2018
auto.tcl: Setting watchdog for 200 seconds at Fri Sep 07 02:07:18 UTC 2018
10001 ms. Memory: 619520K Free: 595505K (96%)
ptolemy.util.test.WatchDog.cancel(): canceling Fri Sep 07 02:07:28 UTC 2018
------------------ testing $PTII/ptolemy/domains/de/test/auto/relationGroup.xml
auto.tcl: Setting watchdog for 200 seconds at Fri Sep 07 02:07:28 UTC 2018
1 ms. Memory: 621056K Free: 597096K (96%)
ptolemy.util.test.WatchDog.cancel(): canceling Fri Sep 07 02:07:28 UTC 2018
auto.tcl: Setting watchdog for 200 seconds at Fri Sep 07 02:07:28 UTC 2018
1 ms. Memory: 621056K Free: 597096K (96%)
ptolemy.util.test.WatchDog.cancel(): canceling Fri Sep 07 02:07:28 UTC 2018
------------------ testing $PTII/ptolemy/domains/de/test/auto/relationGroup2.xml
auto.tcl: Setting watchdog for 200 seconds at Fri Sep 07 02:07:28 UTC 2018
2 ms. Memory: 619520K Free: 595587K (96%)
ptolemy.util.test.WatchDog.cancel(): canceling Fri Sep 07 02:07:28 UTC 2018
auto.tcl: Setting watchdog for 200 seconds at Fri Sep 07 02:07:28 UTC 2018
1 ms. Memory: 619520K Free: 595587K (96%)
ptolemy.util.test.WatchDog.cancel(): canceling Fri Sep 07 02:07:28 UTC 2018
------------------ testing $PTII/ptolemy/domains/de/test/auto/sortWithOpaquePorts.xml
auto.tcl: Setting watchdog for 200 seconds at Fri Sep 07 02:07:28 UTC 2018
1 ms. Memory: 620544K Free: 596611K (96%)
ptolemy.util.test.WatchDog.cancel(): canceling Fri Sep 07 02:07:28 UTC 2018
auto.tcl: Setting watchdog for 200 seconds at Fri Sep 07 02:07:28 UTC 2018
2 ms. Memory: 620544K Free: 596611K (96%)
ptolemy.util.test.WatchDog.cancel(): canceling Fri Sep 07 02:07:28 UTC 2018
------------------ testing $PTII/ptolemy/domains/de/test/auto/transferInputsandOutputs.xml
auto.tcl: Setting watchdog for 200 seconds at Fri Sep 07 02:07:28 UTC 2018
2 ms. Memory: 619520K Free: 595575K (96%)
ptolemy.util.test.WatchDog.cancel(): canceling Fri Sep 07 02:07:28 UTC 2018
auto.tcl: Setting watchdog for 200 seconds at Fri Sep 07 02:07:28 UTC 2018
3 ms. Memory: 619520K Free: 595575K (96%)
ptolemy.util.test.WatchDog.cancel(): canceling Fri Sep 07 02:07:28 UTC 2018
------------------ testing $PTII/ptolemy/domains/de/test/auto/triggerType.xml
auto.tcl: Setting watchdog for 200 seconds at Fri Sep 07 02:07:28 UTC 2018
1 ms. Memory: 620544K Free: 596549K (96%)
ptolemy.util.test.WatchDog.cancel(): canceling Fri Sep 07 02:07:28 UTC 2018
auto.tcl: Setting watchdog for 200 seconds at Fri Sep 07 02:07:28 UTC 2018
2 ms. Memory: 620544K Free: 596549K (96%)
ptolemy.util.test.WatchDog.cancel(): canceling Fri Sep 07 02:07:28 UTC 2018
09/07/18 02:07:28
Failed: 0  Total Tests: 192  ((Passed: 187, Newly Passed: 1)  Known Failed: 5) /home/travis/build/icyphy/ptII/ptolemy/domains/de/test
09/07/18 02:07:28
Failed: 0  Total Tests: 192  ((Passed: 187, Newly Passed: 1)  Known Failed: 5) /home/travis/build/icyphy/ptII/ptolemy/domains/de/test
----------------- testing (KnownFailure) /home/travis/build/icyphy/ptII/ptolemy/domains/de/test/auto/knownFailedTests/DESDFClockTest.xml
2012 ms. Memory: 619520K Free: 584786K (94%)
Known Failure: java.lang.reflect.InvocationTargetException
----------------- testing (KnownFailure) /home/travis/build/icyphy/ptII/ptolemy/domains/de/test/auto/knownFailedTests/DirectFeedback.xml
5 ms. Memory: 619520K Free: 541737K (87%)
Known Failure: java.lang.reflect.InvocationTargetException
----------------- testing (KnownFailure) /home/travis/build/icyphy/ptII/ptolemy/domains/de/test/auto/knownFailedTests/FSMSource.xml
14 ms. Memory: 619520K Free: 498688K (80%)
----------------- testing (KnownFailure) /home/travis/build/icyphy/ptII/ptolemy/domains/de/test/auto/knownFailedTests/HierarchicalModel.xml
3 ms. Memory: 619520K Free: 466385K (75%)
Known Failure: java.lang.reflect.InvocationTargetException
----------------- testing (KnownFailure) /home/travis/build/icyphy/ptII/ptolemy/domains/de/test/auto/knownFailedTests/dependencyLoop.xml
2 ms. Memory: 619520K Free: 412557K (67%)
Known Failure: java.lang.reflect.InvocationTargetException
----------------- testing (KnownFailure) /home/travis/build/icyphy/ptII/ptolemy/domains/de/test/auto/knownFailedTests/dependencyLoop2.xml
2 ms. Memory: 619520K Free: 358730K (58%)
Known Failure: java.lang.reflect.InvocationTargetException
No auto/linux-amd64/*.xml tests in /home/travis/build/icyphy/ptII/ptolemy/domains/de/test
AutoTests.java: About to close Vertx.
AutoTests.java: Vertx closed.

===========================================================================================
----------------- testing Fri Sep 07 02:07:31 UTC 2018 /home/travis/build/icyphy/ptII/ptolemy/domains/de/test/auto/ActorDepthCalculation_actorWithoutPorts.xml
----------------- Instantiating /home/travis/build/icyphy/ptII/ptolemy/domains/de/test/auto/ActorDepthCalculation_actorWithoutPorts.xml
2 ms. Memory: 619520K Free: 304918K (49%)
----------------- Invoking toplevel() on ptolemy.moml.MoMLSimpleApplication@4597d37c
----------------- Done invoking toplevel() on ptolemy.moml.MoMLSimpleApplication@4597d37c
reloadAllAccessors: .ActorDepthCalculation_actorWithoutPorts

===========================================================================================
----------------- testing Fri Sep 07 02:07:31 UTC 2018 /home/travis/build/icyphy/ptII/ptolemy/domains/de/test/auto/AssemblyLine.xml
----------------- Instantiating /home/travis/build/icyphy/ptII/ptolemy/domains/de/test/auto/AssemblyLine.xml
4 ms. Memory: 619520K Free: 283394K (46%)
----------------- Invoking toplevel() on ptolemy.moml.MoMLSimpleApplication@49bdcc2f
----------------- Done invoking toplevel() on ptolemy.moml.MoMLSimpleApplication@49bdcc2f
reloadAllAccessors: .AssemblyLine

===========================================================================================
----------------- testing Fri Sep 07 02:07:31 UTC 2018 /home/travis/build/icyphy/ptII/ptolemy/domains/de/test/auto/CQBug1.xml
----------------- Instantiating /home/travis/build/icyphy/ptII/ptolemy/domains/de/test/auto/CQBug1.xml
0 ms. Memory: 619520K Free: 261869K (42%)
----------------- Invoking toplevel() on ptolemy.moml.MoMLSimpleApplication@4f94d781
----------------- Done invoking toplevel() on ptolemy.moml.MoMLSimpleApplication@4f94d781
reloadAllAccessors: .CQBug1

===========================================================================================
----------------- testing Fri Sep 07 02:07:31 UTC 2018 /home/travis/build/icyphy/ptII/ptolemy/domains/de/test/auto/CancelFireAt.xml
----------------- Instantiating /home/travis/build/icyphy/ptII/ptolemy/domains/de/test/auto/CancelFireAt.xml
1 ms. Memory: 619520K Free: 240345K (39%)
----------------- Invoking toplevel() on ptolemy.moml.MoMLSimpleApplication@6b50ecfd
----------------- Done invoking toplevel() on ptolemy.moml.MoMLSimpleApplication@6b50ecfd
reloadAllAccessors: .CancelFireAt

===========================================================================================
----------------- testing Fri Sep 07 02:07:31 UTC 2018 /home/travis/build/icyphy/ptII/ptolemy/domains/de/test/auto/CausalityAndComposabilityAnalysis.xml
----------------- Instantiating /home/travis/build/icyphy/ptII/ptolemy/domains/de/test/auto/CausalityAndComposabilityAnalysis.xml
1 ms. Memory: 619520K Free: 218820K (35%)
----------------- Invoking toplevel() on ptolemy.moml.MoMLSimpleApplication@16d9ea61
----------------- Done invoking toplevel() on ptolemy.moml.MoMLSimpleApplication@16d9ea61
reloadAllAccessors: .CausalityAndComposabilityAnalysis

===========================================================================================
----------------- testing Fri Sep 07 02:07:31 UTC 2018 /home/travis/build/icyphy/ptII/ptolemy/domains/de/test/auto/CausalityInterface1.xml
----------------- Instantiating /home/travis/build/icyphy/ptII/ptolemy/domains/de/test/auto/CausalityInterface1.xml
5 ms. Memory: 619520K Free: 197296K (32%)
----------------- Invoking toplevel() on ptolemy.moml.MoMLSimpleApplication@1e985136
----------------- Done invoking toplevel() on ptolemy.moml.MoMLSimpleApplication@1e985136
reloadAllAccessors: .CausalityInterface1

===========================================================================================
----------------- testing Fri Sep 07 02:07:31 UTC 2018 /home/travis/build/icyphy/ptII/ptolemy/domains/de/test/auto/CausalityInterface15.xml
----------------- Instantiating /home/travis/build/icyphy/ptII/ptolemy/domains/de/test/auto/CausalityInterface15.xml
2 ms. Memory: 619520K Free: 175771K (28%)
----------------- Invoking toplevel() on ptolemy.moml.MoMLSimpleApplication@6fa3f872
----------------- Done invoking toplevel() on ptolemy.moml.MoMLSimpleApplication@6fa3f872
reloadAllAccessors: .CausalityInterface15

[...]
java.lang.RuntimeException: Execution failed
	at ptolemy.moml.MoMLSimpleApplication$UnloadThread.run(MoMLSimpleApplication.java:402)
Caused by: ptolemy.kernel.util.IllegalActionException: Test fails in iteration 1.
Value was: 1.0. Should have been: 2.0
  in .DirectFeedback.Test
	at ptolemy.actor.lib.Test.fire(Test.java:268)
	at ptolemy.domains.de.kernel.DEDirector._fire(DEDirector.java:1949)
	at ptolemy.domains.de.kernel.DEDirector.fire(DEDirector.java:502)
	at ptolemy.actor.CompositeActor.fire(CompositeActor.java:455)
	at ptolemy.actor.Manager.iterate(Manager.java:851)
	at ptolemy.actor.Manager.execute(Manager.java:369)
	at ptolemy.actor.Manager.run(Manager.java:1263)
	at ptolemy.actor.Manager$PtolemyRunThread.run(Manager.java:1915)
java.lang.RuntimeException: Execution failed
	at ptolemy.moml.MoMLSimpleApplication$UnloadThread.run(MoMLSimpleApplication.java:402)
Caused by: ptolemy.kernel.util.IllegalActionException: Actor is not ready to fire.  Perhaps UpSample.prefire() returned false? Try debugging the actor by selecting "Listen to Actor".  Also, for SDF check moml for tokenConsumptionRate on input.
  in .DESDFClockTest.Play Bell.Copy1:SDF Director and .DESDFClockTest.Play Bell.UpSample
	at ptolemy.actor.sched.StaticSchedulingDirector.fire(StaticSchedulingDirector.java:227)
	at ptolemy.domains.sdf.kernel.SDFDirector.fire(SDFDirector.java:500)
	at ptolemy.actor.CompositeActor.fire(CompositeActor.java:455)
	at ptolemy.domains.de.kernel.DEDirector._fire(DEDirector.java:1949)
	at ptolemy.domains.de.kernel.DEDirector.fire(DEDirector.java:502)
	at ptolemy.actor.CompositeActor.fire(CompositeActor.java:455)
	at ptolemy.actor.Manager.iterate(Manager.java:851)
	at ptolemy.actor.Manager.execute(Manager.java:369)
	at ptolemy.actor.Manager.run(Manager.java:1263)
	at ptolemy.actor.Manager$PtolemyRunThread.run(Manager.java:1915)
java.lang.reflect.InvocationTargetException
	at sun.reflect.NativeConstructorAccessorImpl.newInstance0(Native Method)
	at sun.reflect.NativeConstructorAccessorImpl.newInstance(NativeConstructorAccessorImpl.java:62)
	at sun.reflect.DelegatingConstructorAccessorImpl.newInstance(DelegatingConstructorAccessorImpl.java:45)
	at java.lang.reflect.Constructor.newInstance(Constructor.java:423)
	at ptolemy.util.test.junit.AutoKnownFailedTests.RunModel(AutoKnownFailedTests.java:107)
	at sun.reflect.NativeMethodAccessorImpl.invoke0(Native Method)
	at sun.reflect.NativeMethodAccessorImpl.invoke(NativeMethodAccessorImpl.java:62)
	at sun.reflect.DelegatingMethodAccessorImpl.invoke(DelegatingMethodAccessorImpl.java:43)
	at java.lang.reflect.Method.invoke(Method.java:498)
	at org.junit.runners.model.FrameworkMethod$1.runReflectiveCall(FrameworkMethod.java:44)
	at org.junit.internal.runners.model.ReflectiveCallable.run(ReflectiveCallable.java:15)
	at org.junit.runners.model.FrameworkMethod.invokeExplosively(FrameworkMethod.java:41)
	at junitparams.internal.InvokeParameterisedMethod.evaluate(InvokeParameterisedMethod.java:102)
	at org.junit.internal.runners.statements.FailOnTimeout$1.run(FailOnTimeout.java:28)
Caused by: ptolemy.kernel.util.IllegalActionException: Actor is not ready to fire.  Perhaps UpSample.prefire() returned false? Try debugging the actor by selecting "Listen to Actor".  Also, for SDF check moml for tokenConsumptionRate on input.
  in .DESDFClockTest.Play Bell.Copy1:SDF Director and .DESDFClockTest.Play Bell.UpSample
	at ptolemy.actor.sched.StaticSchedulingDirector.fire(StaticSchedulingDirector.java:227)
	at ptolemy.domains.sdf.kernel.SDFDirector.fire(SDFDirector.java:500)
	at ptolemy.actor.CompositeActor.fire(CompositeActor.java:455)
	at ptolemy.domains.de.kernel.DEDirector._fire(DEDirector.java:1949)
	at ptolemy.domains.de.kernel.DEDirector.fire(DEDirector.java:502)
	at ptolemy.actor.CompositeActor.fire(CompositeActor.java:455)
	at ptolemy.actor.Manager.iterate(Manager.java:851)
	at ptolemy.actor.Manager.execute(Manager.java:369)
	at ptolemy.actor.Manager.run(Manager.java:1263)
	at ptolemy.actor.Manager$PtolemyRunThread.run(Manager.java:1915)
java.lang.RuntimeException: Execution failed
	at ptolemy.moml.MoMLSimpleApplication$UnloadThread.run(MoMLSimpleApplication.java:402)
Caused by: ptolemy.kernel.util.IllegalActionException: Test fails in iteration 1.
Value was: 1.0. Should have been: 2.0
  in .DirectFeedback.Test
	at ptolemy.actor.lib.Test.fire(Test.java:268)
	at ptolemy.domains.de.kernel.DEDirector._fire(DEDirector.java:1949)
	at ptolemy.domains.de.kernel.DEDirector.fire(DEDirector.java:502)
	at ptolemy.actor.CompositeActor.fire(CompositeActor.java:455)
	at ptolemy.actor.Manager.iterate(Manager.java:851)
	at ptolemy.actor.Manager.execute(Manager.java:369)
	at ptolemy.actor.Manager.run(Manager.java:1263)
	at ptolemy.actor.Manager$PtolemyRunThread.run(Manager.java:1915)
java.lang.reflect.InvocationTargetException
	at sun.reflect.NativeConstructorAccessorImpl.newInstance0(Native Method)
	at sun.reflect.NativeConstructorAccessorImpl.newInstance(NativeConstructorAccessorImpl.java:62)
	at sun.reflect.DelegatingConstructorAccessorImpl.newInstance(DelegatingConstructorAccessorImpl.java:45)
	at java.lang.reflect.Constructor.newInstance(Constructor.java:423)
	at ptolemy.util.test.junit.AutoKnownFailedTests.RunModel(AutoKnownFailedTests.java:107)
	at sun.reflect.NativeMethodAccessorImpl.invoke0(Native Method)
	at sun.reflect.NativeMethodAccessorImpl.invoke(NativeMethodAccessorImpl.java:62)
	at sun.reflect.DelegatingMethodAccessorImpl.invoke(DelegatingMethodAccessorImpl.java:43)
	at java.lang.reflect.Method.invoke(Method.java:498)
	at org.junit.runners.model.FrameworkMethod$1.runReflectiveCall(FrameworkMethod.java:44)
	at org.junit.internal.runners.model.ReflectiveCallable.run(ReflectiveCallable.java:15)
	at org.junit.runners.model.FrameworkMethod.invokeExplosively(FrameworkMethod.java:41)
	at junitparams.internal.InvokeParameterisedMethod.evaluate(InvokeParameterisedMethod.java:102)
	at org.junit.internal.runners.statements.FailOnTimeout$1.run(FailOnTimeout.java:28)
Caused by: ptolemy.kernel.util.IllegalActionException: Test fails in iteration 1.
Value was: 1.0. Should have been: 2.0
  in .DirectFeedback.Test
	at ptolemy.actor.lib.Test.fire(Test.java:268)
	at ptolemy.domains.de.kernel.DEDirector._fire(DEDirector.java:1949)
	at ptolemy.domains.de.kernel.DEDirector.fire(DEDirector.java:502)
	at ptolemy.actor.CompositeActor.fire(CompositeActor.java:455)
	at ptolemy.actor.Manager.iterate(Manager.java:851)
	at ptolemy.actor.Manager.execute(Manager.java:369)
	at ptolemy.actor.Manager.run(Manager.java:1263)
	at ptolemy.actor.Manager$PtolemyRunThread.run(Manager.java:1915)
java.lang.RuntimeException: Execution failed
	at ptolemy.moml.MoMLSimpleApplication$UnloadThread.run(MoMLSimpleApplication.java:402)
Caused by: ptolemy.kernel.util.IllegalActionException: Found a zero delay loop containing .HierarchicalModel.A
  in .HierarchicalModel and .HierarchicalModel.A
	at ptolemy.actor.util.CausalityInterfaceForComposites._computeOutputPortDepth(CausalityInterfaceForComposites.java:759)
	at ptolemy.actor.util.CausalityInterfaceForComposites._computeInputDepth(CausalityInterfaceForComposites.java:696)
	at ptolemy.actor.util.CausalityInterfaceForComposites._computeOutputPortDepth(CausalityInterfaceForComposites.java:765)
	at ptolemy.actor.util.CausalityInterfaceForComposites._computeInputDepth(CausalityInterfaceForComposites.java:696)
	at ptolemy.actor.util.CausalityInterfaceForComposites._computeOutputPortDepth(CausalityInterfaceForComposites.java:765)
	at ptolemy.actor.util.CausalityInterfaceForComposites._computeInputDepth(CausalityInterfaceForComposites.java:696)
	at ptolemy.actor.util.CausalityInterfaceForComposites._computeActorDepth(CausalityInterfaceForComposites.java:532)
	at ptolemy.actor.util.CausalityInterfaceForComposites.checkForCycles(CausalityInterfaceForComposites.java:96)
	at ptolemy.domains.de.kernel.DEDirector.preinitialize(DEDirector.java:1338)
	at ptolemy.actor.CompositeActor.preinitialize(CompositeActor.java:1828)
	at ptolemy.actor.Manager.preinitializeAndResolveTypes(Manager.java:1040)
	at ptolemy.actor.Manager.initialize(Manager.java:710)
	at ptolemy.actor.Manager.execute(Manager.java:356)
	at ptolemy.actor.Manager.run(Manager.java:1263)
	at ptolemy.actor.Manager$PtolemyRunThread.run(Manager.java:1915)
java.lang.reflect.InvocationTargetException
	at sun.reflect.NativeConstructorAccessorImpl.newInstance0(Native Method)
	at sun.reflect.NativeConstructorAccessorImpl.newInstance(NativeConstructorAccessorImpl.java:62)
	at sun.reflect.DelegatingConstructorAccessorImpl.newInstance(DelegatingConstructorAccessorImpl.java:45)
	at java.lang.reflect.Constructor.newInstance(Constructor.java:423)
	at ptolemy.util.test.junit.AutoKnownFailedTests.RunModel(AutoKnownFailedTests.java:107)
	at sun.reflect.NativeMethodAccessorImpl.invoke0(Native Method)
	at sun.reflect.NativeMethodAccessorImpl.invoke(NativeMethodAccessorImpl.java:62)
	at sun.reflect.DelegatingMethodAccessorImpl.invoke(DelegatingMethodAccessorImpl.java:43)
	at java.lang.reflect.Method.invoke(Method.java:498)
	at org.junit.runners.model.FrameworkMethod$1.runReflectiveCall(FrameworkMethod.java:44)
	at org.junit.internal.runners.model.ReflectiveCallable.run(ReflectiveCallable.java:15)
	at org.junit.runners.model.FrameworkMethod.invokeExplosively(FrameworkMethod.java:41)
	at junitparams.internal.InvokeParameterisedMethod.evaluate(InvokeParameterisedMethod.java:102)
	at org.junit.internal.runners.statements.FailOnTimeout$1.run(FailOnTimeout.java:28)
Caused by: ptolemy.kernel.util.IllegalActionException: Found a zero delay loop containing .HierarchicalModel.A
  in .HierarchicalModel and .HierarchicalModel.A
	at ptolemy.actor.util.CausalityInterfaceForComposites._computeOutputPortDepth(CausalityInterfaceForComposites.java:759)
	at ptolemy.actor.util.CausalityInterfaceForComposites._computeInputDepth(CausalityInterfaceForComposites.java:696)
	at ptolemy.actor.util.CausalityInterfaceForComposites._computeOutputPortDepth(CausalityInterfaceForComposites.java:765)
	at ptolemy.actor.util.CausalityInterfaceForComposites._computeInputDepth(CausalityInterfaceForComposites.java:696)
	at ptolemy.actor.util.CausalityInterfaceForComposites._computeOutputPortDepth(CausalityInterfaceForComposites.java:765)
	at ptolemy.actor.util.CausalityInterfaceForComposites._computeInputDepth(CausalityInterfaceForComposites.java:696)
	at ptolemy.actor.util.CausalityInterfaceForComposites._computeActorDepth(CausalityInterfaceForComposites.java:532)
	at ptolemy.actor.util.CausalityInterfaceForComposites.checkForCycles(CausalityInterfaceForComposites.java:96)
	at ptolemy.domains.de.kernel.DEDirector.preinitialize(DEDirector.java:1338)
	at ptolemy.actor.CompositeActor.preinitialize(CompositeActor.java:1828)
	at ptolemy.actor.Manager.preinitializeAndResolveTypes(Manager.java:1040)
	at ptolemy.actor.Manager.initialize(Manager.java:710)
	at ptolemy.actor.Manager.execute(Manager.java:356)
	at ptolemy.actor.Manager.run(Manager.java:1263)
	at ptolemy.actor.Manager$PtolemyRunThread.run(Manager.java:1915)
java.lang.RuntimeException: Execution failed
	at ptolemy.moml.MoMLSimpleApplication$UnloadThread.run(MoMLSimpleApplication.java:402)
Caused by: ptolemy.kernel.util.IllegalActionException: Found a zero delay loop containing .dependencyLoop.original
  in .dependencyLoop and .dependencyLoop.original
	at ptolemy.actor.util.CausalityInterfaceForComposites._computeOutputPortDepth(CausalityInterfaceForComposites.java:759)
	at ptolemy.actor.util.CausalityInterfaceForComposites._computeInputDepth(CausalityInterfaceForComposites.java:696)
	at ptolemy.actor.util.CausalityInterfaceForComposites._computeOutputPortDepth(CausalityInterfaceForComposites.java:765)
	at ptolemy.actor.util.CausalityInterfaceForComposites._computeInputDepth(CausalityInterfaceForComposites.java:696)
	at ptolemy.actor.util.CausalityInterfaceForComposites._computeOutputPortDepth(CausalityInterfaceForComposites.java:765)
	at ptolemy.actor.util.CausalityInterfaceForComposites._computeInputDepth(CausalityInterfaceForComposites.java:696)
	at ptolemy.actor.util.CausalityInterfaceForComposites._computeActorDepth(CausalityInterfaceForComposites.java:532)
	at ptolemy.actor.util.CausalityInterfaceForComposites.checkForCycles(CausalityInterfaceForComposites.java:96)
	at ptolemy.domains.de.kernel.DEDirector.preinitialize(DEDirector.java:1338)
	at ptolemy.actor.CompositeActor.preinitialize(CompositeActor.java:1828)
	at ptolemy.actor.Manager.preinitializeAndResolveTypes(Manager.java:1040)
	at ptolemy.actor.Manager.initialize(Manager.java:710)
	at ptolemy.actor.Manager.execute(Manager.java:356)
	at ptolemy.actor.Manager.run(Manager.java:1263)
	at ptolemy.actor.Manager$PtolemyRunThread.run(Manager.java:1915)
java.lang.reflect.InvocationTargetException
	at sun.reflect.NativeConstructorAccessorImpl.newInstance0(Native Method)
	at sun.reflect.NativeConstructorAccessorImpl.newInstance(NativeConstructorAccessorImpl.java:62)
	at sun.reflect.DelegatingConstructorAccessorImpl.newInstance(DelegatingConstructorAccessorImpl.java:45)
	at java.lang.reflect.Constructor.newInstance(Constructor.java:423)
	at ptolemy.util.test.junit.AutoKnownFailedTests.RunModel(AutoKnownFailedTests.java:107)
	at sun.reflect.NativeMethodAccessorImpl.invoke0(Native Method)
	at sun.reflect.NativeMethodAccessorImpl.invoke(NativeMethodAccessorImpl.java:62)
	at sun.reflect.DelegatingMethodAccessorImpl.invoke(DelegatingMethodAccessorImpl.java:43)
	at java.lang.reflect.Method.invoke(Method.java:498)
	at org.junit.runners.model.FrameworkMethod$1.runReflectiveCall(FrameworkMethod.java:44)
	at org.junit.internal.runners.model.ReflectiveCallable.run(ReflectiveCallable.java:15)
	at org.junit.runners.model.FrameworkMethod.invokeExplosively(FrameworkMethod.java:41)
	at junitparams.internal.InvokeParameterisedMethod.evaluate(InvokeParameterisedMethod.java:102)
	at org.junit.internal.runners.statements.FailOnTimeout$1.run(FailOnTimeout.java:28)
Caused by: ptolemy.kernel.util.IllegalActionException: Found a zero delay loop containing .dependencyLoop.original
  in .dependencyLoop and .dependencyLoop.original
	at ptolemy.actor.util.CausalityInterfaceForComposites._computeOutputPortDepth(CausalityInterfaceForComposites.java:759)
	at ptolemy.actor.util.CausalityInterfaceForComposites._computeInputDepth(CausalityInterfaceForComposites.java:696)
	at ptolemy.actor.util.CausalityInterfaceForComposites._computeOutputPortDepth(CausalityInterfaceForComposites.java:765)
	at ptolemy.actor.util.CausalityInterfaceForComposites._computeInputDepth(CausalityInterfaceForComposites.java:696)
	at ptolemy.actor.util.CausalityInterfaceForComposites._computeOutputPortDepth(CausalityInterfaceForComposites.java:765)
	at ptolemy.actor.util.CausalityInterfaceForComposites._computeInputDepth(CausalityInterfaceForComposites.java:696)
	at ptolemy.actor.util.CausalityInterfaceForComposites._computeActorDepth(CausalityInterfaceForComposites.java:532)
	at ptolemy.actor.util.CausalityInterfaceForComposites.checkForCycles(CausalityInterfaceForComposites.java:96)
	at ptolemy.domains.de.kernel.DEDirector.preinitialize(DEDirector.java:1338)
	at ptolemy.actor.CompositeActor.preinitialize(CompositeActor.java:1828)
	at ptolemy.actor.Manager.preinitializeAndResolveTypes(Manager.java:1040)
	at ptolemy.actor.Manager.initialize(Manager.java:710)
	at ptolemy.actor.Manager.execute(Manager.java:356)
	at ptolemy.actor.Manager.run(Manager.java:1263)
	at ptolemy.actor.Manager$PtolemyRunThread.run(Manager.java:1915)
java.lang.RuntimeException: Execution failed
	at ptolemy.moml.MoMLSimpleApplication$UnloadThread.run(MoMLSimpleApplication.java:402)
Caused by: ptolemy.kernel.util.IllegalActionException: Found a zero delay loop containing .dependencyLoop2.original
  in .dependencyLoop2 and .dependencyLoop2.original
	at ptolemy.actor.util.CausalityInterfaceForComposites._computeOutputPortDepth(CausalityInterfaceForComposites.java:759)
	at ptolemy.actor.util.CausalityInterfaceForComposites._computeInputDepth(CausalityInterfaceForComposites.java:696)
	at ptolemy.actor.util.CausalityInterfaceForComposites._computeOutputPortDepth(CausalityInterfaceForComposites.java:765)
	at ptolemy.actor.util.CausalityInterfaceForComposites._computeInputDepth(CausalityInterfaceForComposites.java:696)
	at ptolemy.actor.util.CausalityInterfaceForComposites._computeOutputPortDepth(CausalityInterfaceForComposites.java:765)
	at ptolemy.actor.util.CausalityInterfaceForComposites._computeInputDepth(CausalityInterfaceForComposites.java:696)
	at ptolemy.actor.util.CausalityInterfaceForComposites._computeActorDepth(CausalityInterfaceForComposites.java:532)
	at ptolemy.actor.util.CausalityInterfaceForComposites.checkForCycles(CausalityInterfaceForComposites.java:96)
	at ptolemy.domains.de.kernel.DEDirector.preinitialize(DEDirector.java:1338)
	at ptolemy.actor.CompositeActor.preinitialize(CompositeActor.java:1828)
	at ptolemy.actor.Manager.preinitializeAndResolveTypes(Manager.java:1040)
	at ptolemy.actor.Manager.initialize(Manager.java:710)
	at ptolemy.actor.Manager.execute(Manager.java:356)
	at ptolemy.actor.Manager.run(Manager.java:1263)
	at ptolemy.actor.Manager$PtolemyRunThread.run(Manager.java:1915)
java.lang.reflect.InvocationTargetException
	at sun.reflect.NativeConstructorAccessorImpl.newInstance0(Native Method)
	at sun.reflect.NativeConstructorAccessorImpl.newInstance(NativeConstructorAccessorImpl.java:62)
	at sun.reflect.DelegatingConstructorAccessorImpl.newInstance(DelegatingConstructorAccessorImpl.java:45)
	at java.lang.reflect.Constructor.newInstance(Constructor.java:423)
	at ptolemy.util.test.junit.AutoKnownFailedTests.RunModel(AutoKnownFailedTests.java:107)
	at sun.reflect.NativeMethodAccessorImpl.invoke0(Native Method)
	at sun.reflect.NativeMethodAccessorImpl.invoke(NativeMethodAccessorImpl.java:62)
	at sun.reflect.DelegatingMethodAccessorImpl.invoke(DelegatingMethodAccessorImpl.java:43)
	at java.lang.reflect.Method.invoke(Method.java:498)
	at org.junit.runners.model.FrameworkMethod$1.runReflectiveCall(FrameworkMethod.java:44)
	at org.junit.internal.runners.model.ReflectiveCallable.run(ReflectiveCallable.java:15)
	at org.junit.runners.model.FrameworkMethod.invokeExplosively(FrameworkMethod.java:41)
	at junitparams.internal.InvokeParameterisedMethod.evaluate(InvokeParameterisedMethod.java:102)
	at org.junit.internal.runners.statements.FailOnTimeout$1.run(FailOnTimeout.java:28)
Caused by: ptolemy.kernel.util.IllegalActionException: Found a zero delay loop containing .dependencyLoop2.original
  in .dependencyLoop2 and .dependencyLoop2.original
	at ptolemy.actor.util.CausalityInterfaceForComposites._computeOutputPortDepth(CausalityInterfaceForComposites.java:759)
	at ptolemy.actor.util.CausalityInterfaceForComposites._computeInputDepth(CausalityInterfaceForComposites.java:696)
	at ptolemy.actor.util.CausalityInterfaceForComposites._computeOutputPortDepth(CausalityInterfaceForComposites.java:765)
	at ptolemy.actor.util.CausalityInterfaceForComposites._computeInputDepth(CausalityInterfaceForComposites.java:696)
	at ptolemy.actor.util.CausalityInterfaceForComposites._computeOutputPortDepth(CausalityInterfaceForComposites.java:765)
	at ptolemy.actor.util.CausalityInterfaceForComposites._computeInputDepth(CausalityInterfaceForComposites.java:696)
	at ptolemy.actor.util.CausalityInterfaceForComposites._computeActorDepth(CausalityInterfaceForComposites.java:532)
	at ptolemy.actor.util.CausalityInterfaceForComposites.checkForCycles(CausalityInterfaceForComposites.java:96)
	at ptolemy.domains.de.kernel.DEDirector.preinitialize(DEDirector.java:1338)
	at ptolemy.actor.CompositeActor.preinitialize(CompositeActor.java:1828)
	at ptolemy.actor.Manager.preinitializeAndResolveTypes(Manager.java:1040)
	at ptolemy.actor.Manager.initialize(Manager.java:710)
	at ptolemy.actor.Manager.execute(Manager.java:356)
	at ptolemy.actor.Manager.run(Manager.java:1263)
	at ptolemy.actor.Manager$PtolemyRunThread.run(Manager.java:1915)
]]></system-err>
</testsuite>
