<?xml version="1.0" encoding="UTF-8" ?>
<testsuite errors="0" failures="0" hostname="travis-job-c01e3d4a-9c45-4bdd-af5c-dcf647d6f72f" name="ptolemy.domains.modal.test.junit.JUnitTclTest" skipped="0" tests="148" time="10.722" timestamp="2020-08-16T15:28:08">
  <properties>
[...]
</properties>
  <testcase classname="ptolemy.util.test.junit.TclTests" name="[0] /home/travis/build/icyphy/ptII/ptolemy/domains/modal/test/SystemLevelType.tcl (RunTclFile)" time="1.965" />
  <testcase classname="ptolemy.util.test.junit.AutoKnownFailedTests" name="[0] /home/travis/build/icyphy/ptII/ptolemy/domains/modal/test/auto/knownFailedTests/CannotAnalysisWithPreemption.xml (RunModel)" time="0.336" />
  <testcase classname="ptolemy.util.test.junit.AutoNameArchTests" name="[0] ThereAreNoAutoArchTests (RunModel)" time="0.004" />
  <testcase classname="ptolemy.util.test.junit.AutoTests" name="[0] /home/travis/build/icyphy/ptII/ptolemy/domains/modal/test/auto/ABPTest.xml (RunModel)" time="0.803" />
  <testcase classname="ptolemy.util.test.junit.AutoTests" name="[1] /home/travis/build/icyphy/ptII/ptolemy/domains/modal/test/auto/ABROFlat.xml (RunModel)" time="0.104" />
  <testcase classname="ptolemy.util.test.junit.AutoTests" name="[2] /home/travis/build/icyphy/ptII/ptolemy/domains/modal/test/auto/ABROFlat2.xml (RunModel)" time="0.061" />
  <testcase classname="ptolemy.util.test.junit.AutoTests" name="[3] /home/travis/build/icyphy/ptII/ptolemy/domains/modal/test/auto/ABRO_present_hmm.xml (RunModel)" time="0.164" />
  <testcase classname="ptolemy.util.test.junit.AutoTests" name="[4] /home/travis/build/icyphy/ptII/ptolemy/domains/modal/test/auto/AMICoderExample.xml (RunModel)" time="0.088" />
  <testcase classname="ptolemy.util.test.junit.AutoTests" name="[5] /home/travis/build/icyphy/ptII/ptolemy/domains/modal/test/auto/AbsentToPresent.xml (RunModel)" time="0.019" />
  <testcase classname="ptolemy.util.test.junit.AutoTests" name="[6] /home/travis/build/icyphy/ptII/ptolemy/domains/modal/test/auto/Blending.xml (RunModel)" time="0.306" />
  <testcase classname="ptolemy.util.test.junit.AutoTests" name="[7] /home/travis/build/icyphy/ptII/ptolemy/domains/modal/test/auto/Broadcast.xml (RunModel)" time="0.037" />
  <testcase classname="ptolemy.util.test.junit.AutoTests" name="[8] /home/travis/build/icyphy/ptII/ptolemy/domains/modal/test/auto/BroadcastHierarchy.xml (RunModel)" time="0.068" />
  <testcase classname="ptolemy.util.test.junit.AutoTests" name="[9] /home/travis/build/icyphy/ptII/ptolemy/domains/modal/test/auto/BroadcastHierarchy2.xml (RunModel)" time="0.118" />
  <testcase classname="ptolemy.util.test.junit.AutoTests" name="[10] /home/travis/build/icyphy/ptII/ptolemy/domains/modal/test/auto/BroadcastHierarchy3.xml (RunModel)" time="0.079" />
  <testcase classname="ptolemy.util.test.junit.AutoTests" name="[11] /home/travis/build/icyphy/ptII/ptolemy/domains/modal/test/auto/BroadcastHierarchy4.xml (RunModel)" time="0.092" />
  <testcase classname="ptolemy.util.test.junit.AutoTests" name="[12] /home/travis/build/icyphy/ptII/ptolemy/domains/modal/test/auto/CannotAnalysisWithPreemption2.xml (RunModel)" time="0.033" />
  <testcase classname="ptolemy.util.test.junit.AutoTests" name="[13] /home/travis/build/icyphy/ptII/ptolemy/domains/modal/test/auto/CannotAnalysisWithPreemption3.xml (RunModel)" time="0.043" />
  <testcase classname="ptolemy.util.test.junit.AutoTests" name="[14] /home/travis/build/icyphy/ptII/ptolemy/domains/modal/test/auto/CannotProduce.xml (RunModel)" time="0.035" />
  <testcase classname="ptolemy.util.test.junit.AutoTests" name="[15] /home/travis/build/icyphy/ptII/ptolemy/domains/modal/test/auto/CannotProduceModal.xml (RunModel)" time="0.032" />
  <testcase classname="ptolemy.util.test.junit.AutoTests" name="[16] /home/travis/build/icyphy/ptII/ptolemy/domains/modal/test/auto/Case.xml (RunModel)" time="0.086" />
  <testcase classname="ptolemy.util.test.junit.AutoTests" name="[17] /home/travis/build/icyphy/ptII/ptolemy/domains/modal/test/auto/Case1.xml (RunModel)" time="0.036" />
  <testcase classname="ptolemy.util.test.junit.AutoTests" name="[18] /home/travis/build/icyphy/ptII/ptolemy/domains/modal/test/auto/Case2.xml (RunModel)" time="0.071" />
  <testcase classname="ptolemy.util.test.junit.AutoTests" name="[19] /home/travis/build/icyphy/ptII/ptolemy/domains/modal/test/auto/CausalityInterface1.xml (RunModel)" time="0.04" />
  <testcase classname="ptolemy.util.test.junit.AutoTests" name="[20] /home/travis/build/icyphy/ptII/ptolemy/domains/modal/test/auto/CausalityInterface10.xml (RunModel)" time="0.059" />
  <testcase classname="ptolemy.util.test.junit.AutoTests" name="[21] /home/travis/build/icyphy/ptII/ptolemy/domains/modal/test/auto/CausalityInterface11.xml (RunModel)" time="0.052" />
  <testcase classname="ptolemy.util.test.junit.AutoTests" name="[22] /home/travis/build/icyphy/ptII/ptolemy/domains/modal/test/auto/CausalityInterface12.xml (RunModel)" time="0.053" />
  <testcase classname="ptolemy.util.test.junit.AutoTests" name="[23] /home/travis/build/icyphy/ptII/ptolemy/domains/modal/test/auto/CausalityInterface13.xml (RunModel)" time="0.063" />
  <testcase classname="ptolemy.util.test.junit.AutoTests" name="[24] /home/travis/build/icyphy/ptII/ptolemy/domains/modal/test/auto/CausalityInterface14.xml (RunModel)" time="0.061" />
  <testcase classname="ptolemy.util.test.junit.AutoTests" name="[25] /home/travis/build/icyphy/ptII/ptolemy/domains/modal/test/auto/CausalityInterface2.xml (RunModel)" time="0.031" />
  <testcase classname="ptolemy.util.test.junit.AutoTests" name="[26] /home/travis/build/icyphy/ptII/ptolemy/domains/modal/test/auto/CausalityInterface3.xml (RunModel)" time="0.029" />
  <testcase classname="ptolemy.util.test.junit.AutoTests" name="[27] /home/travis/build/icyphy/ptII/ptolemy/domains/modal/test/auto/CausalityInterface4.xml (RunModel)" time="0.045" />
  <testcase classname="ptolemy.util.test.junit.AutoTests" name="[28] /home/travis/build/icyphy/ptII/ptolemy/domains/modal/test/auto/CausalityInterface5.xml (RunModel)" time="0.024" />
  <testcase classname="ptolemy.util.test.junit.AutoTests" name="[29] /home/travis/build/icyphy/ptII/ptolemy/domains/modal/test/auto/CausalityInterface6.xml (RunModel)" time="0.023" />
  <testcase classname="ptolemy.util.test.junit.AutoTests" name="[30] /home/travis/build/icyphy/ptII/ptolemy/domains/modal/test/auto/CausalityInterface7.xml (RunModel)" time="0.026" />
  <testcase classname="ptolemy.util.test.junit.AutoTests" name="[31] /home/travis/build/icyphy/ptII/ptolemy/domains/modal/test/auto/CausalityInterface8.xml (RunModel)" time="0.03" />
  <testcase classname="ptolemy.util.test.junit.AutoTests" name="[32] /home/travis/build/icyphy/ptII/ptolemy/domains/modal/test/auto/CausalityInterface9.xml (RunModel)" time="0.055" />
  <testcase classname="ptolemy.util.test.junit.AutoTests" name="[33] /home/travis/build/icyphy/ptII/ptolemy/domains/modal/test/auto/ChainedTransitions.xml (RunModel)" time="0.173" />
  <testcase classname="ptolemy.util.test.junit.AutoTests" name="[34] /home/travis/build/icyphy/ptII/ptolemy/domains/modal/test/auto/CycleOfImmediateTransitionsFSM.xml (RunModel)" time="0.023" />
  <testcase classname="ptolemy.util.test.junit.AutoTests" name="[35] /home/travis/build/icyphy/ptII/ptolemy/domains/modal/test/auto/CycleOfImmediateTransitionsModal.xml (RunModel)" time="0.028" />
  <testcase classname="ptolemy.util.test.junit.AutoTests" name="[36] /home/travis/build/icyphy/ptII/ptolemy/domains/modal/test/auto/CycleOfImmediateTransitionsModal2.xml (RunModel)" time="0.032" />
  <testcase classname="ptolemy.util.test.junit.AutoTests" name="[37] /home/travis/build/icyphy/ptII/ptolemy/domains/modal/test/auto/CycleOfImmediateTransitionsModal3.xml (RunModel)" time="0.074" />
  <testcase classname="ptolemy.util.test.junit.AutoTests" name="[38] /home/travis/build/icyphy/ptII/ptolemy/domains/modal/test/auto/DeepModal1.xml (RunModel)" time="0.07" />
  <testcase classname="ptolemy.util.test.junit.AutoTests" name="[39] /home/travis/build/icyphy/ptII/ptolemy/domains/modal/test/auto/DeepModal2.xml (RunModel)" time="0.055" />
  <testcase classname="ptolemy.util.test.junit.AutoTests" name="[40] /home/travis/build/icyphy/ptII/ptolemy/domains/modal/test/auto/DeepModal3.xml (RunModel)" time="0.067" />
  <testcase classname="ptolemy.util.test.junit.AutoTests" name="[41] /home/travis/build/icyphy/ptII/ptolemy/domains/modal/test/auto/DeepModal4.xml (RunModel)" time="0.073" />
  <testcase classname="ptolemy.util.test.junit.AutoTests" name="[42] /home/travis/build/icyphy/ptII/ptolemy/domains/modal/test/auto/Default1.xml (RunModel)" time="0.022" />
  <testcase classname="ptolemy.util.test.junit.AutoTests" name="[43] /home/travis/build/icyphy/ptII/ptolemy/domains/modal/test/auto/Default2.xml (RunModel)" time="0.02" />
  <testcase classname="ptolemy.util.test.junit.AutoTests" name="[44] /home/travis/build/icyphy/ptII/ptolemy/domains/modal/test/auto/Default3.xml (RunModel)" time="0.021" />
  <testcase classname="ptolemy.util.test.junit.AutoTests" name="[45] /home/travis/build/icyphy/ptII/ptolemy/domains/modal/test/auto/Default4.xml (RunModel)" time="0.027" />
  <testcase classname="ptolemy.util.test.junit.AutoTests" name="[46] /home/travis/build/icyphy/ptII/ptolemy/domains/modal/test/auto/Default5.xml (RunModel)" time="0.024" />
  <testcase classname="ptolemy.util.test.junit.AutoTests" name="[47] /home/travis/build/icyphy/ptII/ptolemy/domains/modal/test/auto/EmptyGuard.xml (RunModel)" time="0.022" />
  <testcase classname="ptolemy.util.test.junit.AutoTests" name="[48] /home/travis/build/icyphy/ptII/ptolemy/domains/modal/test/auto/ErrorTransition1.xml (RunModel)" time="0.046" />
  <testcase classname="ptolemy.util.test.junit.AutoTests" name="[49] /home/travis/build/icyphy/ptII/ptolemy/domains/modal/test/auto/ErrorTransition10.xml (RunModel)" time="0.034" />
  <testcase classname="ptolemy.util.test.junit.AutoTests" name="[50] /home/travis/build/icyphy/ptII/ptolemy/domains/modal/test/auto/ErrorTransition11.xml (RunModel)" time="0.031" />
  <testcase classname="ptolemy.util.test.junit.AutoTests" name="[51] /home/travis/build/icyphy/ptII/ptolemy/domains/modal/test/auto/ErrorTransition2.xml (RunModel)" time="0.025" />
  <testcase classname="ptolemy.util.test.junit.AutoTests" name="[52] /home/travis/build/icyphy/ptII/ptolemy/domains/modal/test/auto/ErrorTransition3.xml (RunModel)" time="0.033" />
  <testcase classname="ptolemy.util.test.junit.AutoTests" name="[53] /home/travis/build/icyphy/ptII/ptolemy/domains/modal/test/auto/ErrorTransition4.xml (RunModel)" time="0.034" />
  <testcase classname="ptolemy.util.test.junit.AutoTests" name="[54] /home/travis/build/icyphy/ptII/ptolemy/domains/modal/test/auto/ErrorTransition5.xml (RunModel)" time="0.028" />
  <testcase classname="ptolemy.util.test.junit.AutoTests" name="[55] /home/travis/build/icyphy/ptII/ptolemy/domains/modal/test/auto/ErrorTransition6.xml (RunModel)" time="0.036" />
  <testcase classname="ptolemy.util.test.junit.AutoTests" name="[56] /home/travis/build/icyphy/ptII/ptolemy/domains/modal/test/auto/ErrorTransition7.xml (RunModel)" time="0.049" />
  <testcase classname="ptolemy.util.test.junit.AutoTests" name="[57] /home/travis/build/icyphy/ptII/ptolemy/domains/modal/test/auto/ErrorTransition8.xml (RunModel)" time="0.059" />
  <testcase classname="ptolemy.util.test.junit.AutoTests" name="[58] /home/travis/build/icyphy/ptII/ptolemy/domains/modal/test/auto/ErrorTransition9.xml (RunModel)" time="0.057" />
  <testcase classname="ptolemy.util.test.junit.AutoTests" name="[59] /home/travis/build/icyphy/ptII/ptolemy/domains/modal/test/auto/ExtendedFSM.xml (RunModel)" time="0.025" />
  <testcase classname="ptolemy.util.test.junit.AutoTests" name="[60] /home/travis/build/icyphy/ptII/ptolemy/domains/modal/test/auto/FinalStates.xml (RunModel)" time="0.026" />
  <testcase classname="ptolemy.util.test.junit.AutoTests" name="[61] /home/travis/build/icyphy/ptII/ptolemy/domains/modal/test/auto/FixedPointFSM.xml (RunModel)" time="0.051" />
  <testcase classname="ptolemy.util.test.junit.AutoTests" name="[62] /home/travis/build/icyphy/ptII/ptolemy/domains/modal/test/auto/FixedPointIterationFSMActor.xml (RunModel)" time="0.032" />
  <testcase classname="ptolemy.util.test.junit.AutoTests" name="[63] /home/travis/build/icyphy/ptII/ptolemy/domains/modal/test/auto/FixedPointIterationFSMActor2.xml (RunModel)" time="0.033" />
  <testcase classname="ptolemy.util.test.junit.AutoTests" name="[64] /home/travis/build/icyphy/ptII/ptolemy/domains/modal/test/auto/ForbiddenInstantanousLoop.xml (RunModel)" time="0.034" />
  <testcase classname="ptolemy.util.test.junit.AutoTests" name="[65] /home/travis/build/icyphy/ptII/ptolemy/domains/modal/test/auto/FunctionDependencyOfFSMActorTest.xml (RunModel)" time="0.03" />
  <testcase classname="ptolemy.util.test.junit.AutoTests" name="[66] /home/travis/build/icyphy/ptII/ptolemy/domains/modal/test/auto/GuardExpression.xml (RunModel)" time="0.019" />
  <testcase classname="ptolemy.util.test.junit.AutoTests" name="[67] /home/travis/build/icyphy/ptII/ptolemy/domains/modal/test/auto/GuardNotEvaluated.xml (RunModel)" time="0.03" />
  <testcase classname="ptolemy.util.test.junit.AutoTests" name="[68] /home/travis/build/icyphy/ptII/ptolemy/domains/modal/test/auto/GuardNotEvaluated2.xml (RunModel)" time="0.027" />
  <testcase classname="ptolemy.util.test.junit.AutoTests" name="[69] /home/travis/build/icyphy/ptII/ptolemy/domains/modal/test/auto/GuardOnAbsent.xml (RunModel)" time="0.024" />
  <testcase classname="ptolemy.util.test.junit.AutoTests" name="[70] /home/travis/build/icyphy/ptII/ptolemy/domains/modal/test/auto/HierarchicalFSMTypeInference.xml (RunModel)" time="0.031" />
  <testcase classname="ptolemy.util.test.junit.AutoTests" name="[71] /home/travis/build/icyphy/ptII/ptolemy/domains/modal/test/auto/Hysteresis.xml (RunModel)" time="0.058" />
  <testcase classname="ptolemy.util.test.junit.AutoTests" name="[72] /home/travis/build/icyphy/ptII/ptolemy/domains/modal/test/auto/HysteresisWithDefault.xml (RunModel)" time="0.065" />
  <testcase classname="ptolemy.util.test.junit.AutoTests" name="[73] /home/travis/build/icyphy/ptII/ptolemy/domains/modal/test/auto/HysteresisWithDefault2.xml (RunModel)" time="0.067" />
  <testcase classname="ptolemy.util.test.junit.AutoTests" name="[74] /home/travis/build/icyphy/ptII/ptolemy/domains/modal/test/auto/ImmediateNonConstructiveness.xml (RunModel)" time="0.019" />
  <testcase classname="ptolemy.util.test.junit.AutoTests" name="[75] /home/travis/build/icyphy/ptII/ptolemy/domains/modal/test/auto/ImmediateNonConstructiveness2.xml (RunModel)" time="0.018" />
  <testcase classname="ptolemy.util.test.junit.AutoTests" name="[76] /home/travis/build/icyphy/ptII/ptolemy/domains/modal/test/auto/ImmediateTransitionReset.xml (RunModel)" time="0.036" />
  <testcase classname="ptolemy.util.test.junit.AutoTests" name="[77] /home/travis/build/icyphy/ptII/ptolemy/domains/modal/test/auto/ImmediateTransitions1.xml (RunModel)" time="0.014" />
  <testcase classname="ptolemy.util.test.junit.AutoTests" name="[78] /home/travis/build/icyphy/ptII/ptolemy/domains/modal/test/auto/ImmediateTransitionsInstantaneousCommunication.xml (RunModel)" time="0.033" />
  <testcase classname="ptolemy.util.test.junit.AutoTests" name="[79] /home/travis/build/icyphy/ptII/ptolemy/domains/modal/test/auto/InitialImmediateTransition.xml (RunModel)" time="0.018" />
  <testcase classname="ptolemy.util.test.junit.AutoTests" name="[80] /home/travis/build/icyphy/ptII/ptolemy/domains/modal/test/auto/InitialOutputs.xml (RunModel)" time="0.017" />
  <testcase classname="ptolemy.util.test.junit.AutoTests" name="[81] /home/travis/build/icyphy/ptII/ptolemy/domains/modal/test/auto/InitialStateTransition1.xml (RunModel)" time="0.021" />
  <testcase classname="ptolemy.util.test.junit.AutoTests" name="[82] /home/travis/build/icyphy/ptII/ptolemy/domains/modal/test/auto/InitialStateTransition2.xml (RunModel)" time="0.023" />
  <testcase classname="ptolemy.util.test.junit.AutoTests" name="[83] /home/travis/build/icyphy/ptII/ptolemy/domains/modal/test/auto/InitialStateTransition3.xml (RunModel)" time="0.047" />
  <testcase classname="ptolemy.util.test.junit.AutoTests" name="[84] /home/travis/build/icyphy/ptII/ptolemy/domains/modal/test/auto/InitialStateTransition4.xml (RunModel)" time="0.024" />
  <testcase classname="ptolemy.util.test.junit.AutoTests" name="[85] /home/travis/build/icyphy/ptII/ptolemy/domains/modal/test/auto/MalformedGuardExpressionNotCaught.xml (RunModel)" time="0.033" />
  <testcase classname="ptolemy.util.test.junit.AutoTests" name="[86] /home/travis/build/icyphy/ptII/ptolemy/domains/modal/test/auto/ModalBSC.xml (RunModel)" time="0.09" />
  <testcase classname="ptolemy.util.test.junit.AutoTests" name="[87] /home/travis/build/icyphy/ptII/ptolemy/domains/modal/test/auto/ModalClocks.xml (RunModel)" time="0.072" />
  <testcase classname="ptolemy.util.test.junit.AutoTests" name="[88] /home/travis/build/icyphy/ptII/ptolemy/domains/modal/test/auto/ModalDelay.xml (RunModel)" time="0.041" />
  <testcase classname="ptolemy.util.test.junit.AutoTests" name="[89] /home/travis/build/icyphy/ptII/ptolemy/domains/modal/test/auto/ModalDelay2.xml (RunModel)" time="0.041" />
  <testcase classname="ptolemy.util.test.junit.AutoTests" name="[90] /home/travis/build/icyphy/ptII/ptolemy/domains/modal/test/auto/ModalModelFromMemo.xml (RunModel)" time="0.053" />
  <testcase classname="ptolemy.util.test.junit.AutoTests" name="[91] /home/travis/build/icyphy/ptII/ptolemy/domains/modal/test/auto/ModalModelWithMultirateTransient.xml (RunModel)" time="0.054" />
  <testcase classname="ptolemy.util.test.junit.AutoTests" name="[92] /home/travis/build/icyphy/ptII/ptolemy/domains/modal/test/auto/ModalModelWithReset.xml (RunModel)" time="0.065" />
  <testcase classname="ptolemy.util.test.junit.AutoTests" name="[93] /home/travis/build/icyphy/ptII/ptolemy/domains/modal/test/auto/MouseClickFSM.xml (RunModel)" time="0.044" />
  <testcase classname="ptolemy.util.test.junit.AutoTests" name="[94] /home/travis/build/icyphy/ptII/ptolemy/domains/modal/test/auto/MouseClickFSMModal.xml (RunModel)" time="0.032" />
  <testcase classname="ptolemy.util.test.junit.AutoTests" name="[95] /home/travis/build/icyphy/ptII/ptolemy/domains/modal/test/auto/NonStrictFSM_FeedbackLoop.xml (RunModel)" time="0.041" />
  <testcase classname="ptolemy.util.test.junit.AutoTests" name="[96] /home/travis/build/icyphy/ptII/ptolemy/domains/modal/test/auto/NonStrictFSM_FeedbackLoop_Refinement.xml (RunModel)" time="0.084" />
  <testcase classname="ptolemy.util.test.junit.AutoTests" name="[97] /home/travis/build/icyphy/ptII/ptolemy/domains/modal/test/auto/NonStrictFSM_FeedbackLoop_preemptive.xml (RunModel)" time="0.047" />
  <testcase classname="ptolemy.util.test.junit.AutoTests" name="[98] /home/travis/build/icyphy/ptII/ptolemy/domains/modal/test/auto/NormalTermination.xml (RunModel)" time="0.04" />
  <testcase classname="ptolemy.util.test.junit.AutoTests" name="[99] /home/travis/build/icyphy/ptII/ptolemy/domains/modal/test/auto/Pong.xml (RunModel)" time="0.082" />
  <testcase classname="ptolemy.util.test.junit.AutoTests" name="[100] /home/travis/build/icyphy/ptII/ptolemy/domains/modal/test/auto/Pong_test.xml (RunModel)" time="0.125" />
  <testcase classname="ptolemy.util.test.junit.AutoTests" name="[101] /home/travis/build/icyphy/ptII/ptolemy/domains/modal/test/auto/PreemptionHierarchy.xml (RunModel)" time="0.033" />
  <testcase classname="ptolemy.util.test.junit.AutoTests" name="[102] /home/travis/build/icyphy/ptII/ptolemy/domains/modal/test/auto/PreemptionHierarchy2.xml (RunModel)" time="0.034" />
  <testcase classname="ptolemy.util.test.junit.AutoTests" name="[103] /home/travis/build/icyphy/ptII/ptolemy/domains/modal/test/auto/PreemptiveTransition.xml (RunModel)" time="0.026" />
  <testcase classname="ptolemy.util.test.junit.AutoTests" name="[104] /home/travis/build/icyphy/ptII/ptolemy/domains/modal/test/auto/Priorities.xml (RunModel)" time="0.107" />
  <testcase classname="ptolemy.util.test.junit.AutoTests" name="[105] /home/travis/build/icyphy/ptII/ptolemy/domains/modal/test/auto/ResetFinal.xml (RunModel)" time="0.041" />
  <testcase classname="ptolemy.util.test.junit.AutoTests" name="[106] /home/travis/build/icyphy/ptII/ptolemy/domains/modal/test/auto/ResetFinal2.xml (RunModel)" time="0.036" />
  <testcase classname="ptolemy.util.test.junit.AutoTests" name="[107] /home/travis/build/icyphy/ptII/ptolemy/domains/modal/test/auto/ResetTransitionWithStartTime.xml (RunModel)" time="0.03" />
  <testcase classname="ptolemy.util.test.junit.AutoTests" name="[108] /home/travis/build/icyphy/ptII/ptolemy/domains/modal/test/auto/SDF-FSMComposite.xml (RunModel)" time="0.023" />
  <testcase classname="ptolemy.util.test.junit.AutoTests" name="[109] /home/travis/build/icyphy/ptII/ptolemy/domains/modal/test/auto/SeeminglyNondeterminate.xml (RunModel)" time="0.065" />
  <testcase classname="ptolemy.util.test.junit.AutoTests" name="[110] /home/travis/build/icyphy/ptII/ptolemy/domains/modal/test/auto/SeeminglyNondeterminate2.xml (RunModel)" time="0.096" />
  <testcase classname="ptolemy.util.test.junit.AutoTests" name="[111] /home/travis/build/icyphy/ptII/ptolemy/domains/modal/test/auto/SpontaneousFSM.xml (RunModel)" time="0.043" />
  <testcase classname="ptolemy.util.test.junit.AutoTests" name="[112] /home/travis/build/icyphy/ptII/ptolemy/domains/modal/test/auto/SpontaneousFSM2.xml (RunModel)" time="0.029" />
  <testcase classname="ptolemy.util.test.junit.AutoTests" name="[113] /home/travis/build/icyphy/ptII/ptolemy/domains/modal/test/auto/SpontaneousFSM3.xml (RunModel)" time="0.037" />
  <testcase classname="ptolemy.util.test.junit.AutoTests" name="[114] /home/travis/build/icyphy/ptII/ptolemy/domains/modal/test/auto/SpontaneousFSM4.xml (RunModel)" time="0.047" />
  <testcase classname="ptolemy.util.test.junit.AutoTests" name="[115] /home/travis/build/icyphy/ptII/ptolemy/domains/modal/test/auto/StateTrackerTest.xml (RunModel)" time="0.043" />
  <testcase classname="ptolemy.util.test.junit.AutoTests" name="[116] /home/travis/build/icyphy/ptII/ptolemy/domains/modal/test/auto/StrongImmediateTransition.xml (RunModel)" time="0.02" />
  <testcase classname="ptolemy.util.test.junit.AutoTests" name="[117] /home/travis/build/icyphy/ptII/ptolemy/domains/modal/test/auto/SustainHierarchy.xml (RunModel)" time="0.027" />
  <testcase classname="ptolemy.util.test.junit.AutoTests" name="[118] /home/travis/build/icyphy/ptII/ptolemy/domains/modal/test/auto/TerminationTransition1.xml (RunModel)" time="0.02" />
  <testcase classname="ptolemy.util.test.junit.AutoTests" name="[119] /home/travis/build/icyphy/ptII/ptolemy/domains/modal/test/auto/TerminationTransition2.xml (RunModel)" time="0.025" />
  <testcase classname="ptolemy.util.test.junit.AutoTests" name="[120] /home/travis/build/icyphy/ptII/ptolemy/domains/modal/test/auto/TerminationTransition3.xml (RunModel)" time="0.024" />
  <testcase classname="ptolemy.util.test.junit.AutoTests" name="[121] /home/travis/build/icyphy/ptII/ptolemy/domains/modal/test/auto/TerminationTransition4.xml (RunModel)" time="0.034" />
  <testcase classname="ptolemy.util.test.junit.AutoTests" name="[122] /home/travis/build/icyphy/ptII/ptolemy/domains/modal/test/auto/TerminationTransition5.xml (RunModel)" time="0.031" />
  <testcase classname="ptolemy.util.test.junit.AutoTests" name="[123] /home/travis/build/icyphy/ptII/ptolemy/domains/modal/test/auto/TerminationTransition6.xml (RunModel)" time="0.022" />
  <testcase classname="ptolemy.util.test.junit.AutoTests" name="[124] /home/travis/build/icyphy/ptII/ptolemy/domains/modal/test/auto/TerminationTransition7.xml (RunModel)" time="0.038" />
  <testcase classname="ptolemy.util.test.junit.AutoTests" name="[125] /home/travis/build/icyphy/ptII/ptolemy/domains/modal/test/auto/TerminationTransition8.xml (RunModel)" time="0.021" />
  <testcase classname="ptolemy.util.test.junit.AutoTests" name="[126] /home/travis/build/icyphy/ptII/ptolemy/domains/modal/test/auto/Thermostat_NoHysteresis.xml (RunModel)" time="0.057" />
  <testcase classname="ptolemy.util.test.junit.AutoTests" name="[127] /home/travis/build/icyphy/ptII/ptolemy/domains/modal/test/auto/TimedFSM.xml (RunModel)" time="0.028" />
  <testcase classname="ptolemy.util.test.junit.AutoTests" name="[128] /home/travis/build/icyphy/ptII/ptolemy/domains/modal/test/auto/Timeout1.xml (RunModel)" time="0.014" />
  <testcase classname="ptolemy.util.test.junit.AutoTests" name="[129] /home/travis/build/icyphy/ptII/ptolemy/domains/modal/test/auto/Timeout2.xml (RunModel)" time="0.02" />
  <testcase classname="ptolemy.util.test.junit.AutoTests" name="[130] /home/travis/build/icyphy/ptII/ptolemy/domains/modal/test/auto/Timeout3.xml (RunModel)" time="0.011" />
  <testcase classname="ptolemy.util.test.junit.AutoTests" name="[131] /home/travis/build/icyphy/ptII/ptolemy/domains/modal/test/auto/Timeout4.xml (RunModel)" time="0.011" />
  <testcase classname="ptolemy.util.test.junit.AutoTests" name="[132] /home/travis/build/icyphy/ptII/ptolemy/domains/modal/test/auto/TransientstateModelAdvanced.xml (RunModel)" time="0.025" />
  <testcase classname="ptolemy.util.test.junit.AutoTests" name="[133] /home/travis/build/icyphy/ptII/ptolemy/domains/modal/test/auto/TransientstateModelAdvanced2.xml (RunModel)" time="0.027" />
  <testcase classname="ptolemy.util.test.junit.AutoTests" name="[134] /home/travis/build/icyphy/ptII/ptolemy/domains/modal/test/auto/TransitionRefinements.xml (RunModel)" time="0.024" />
  <testcase classname="ptolemy.util.test.junit.AutoTests" name="[135] /home/travis/build/icyphy/ptII/ptolemy/domains/modal/test/auto/TwoRefinements1.xml (RunModel)" time="0.022" />
  <testcase classname="ptolemy.util.test.junit.AutoTests" name="[136] /home/travis/build/icyphy/ptII/ptolemy/domains/modal/test/auto/TwoRefinements2.xml (RunModel)" time="0.021" />
  <testcase classname="ptolemy.util.test.junit.AutoTests" name="[137] /home/travis/build/icyphy/ptII/ptolemy/domains/modal/test/auto/WeakImmediateTransition.xml (RunModel)" time="0.024" />
  <testcase classname="ptolemy.util.test.junit.AutoTests" name="[138] /home/travis/build/icyphy/ptII/ptolemy/domains/modal/test/auto/booleanSelect.xml (RunModel)" time="0.067" />
  <testcase classname="ptolemy.util.test.junit.AutoTests" name="[139] /home/travis/build/icyphy/ptII/ptolemy/domains/modal/test/auto/modalChangingParams.xml (RunModel)" time="0.269" />
  <testcase classname="ptolemy.util.test.junit.AutoTests" name="[140] /home/travis/build/icyphy/ptII/ptolemy/domains/modal/test/auto/modalModel.xml (RunModel)" time="0.022" />
  <testcase classname="ptolemy.util.test.junit.AutoTests" name="[141] /home/travis/build/icyphy/ptII/ptolemy/domains/modal/test/auto/modalModel2.xml (RunModel)" time="0.032" />
  <testcase classname="ptolemy.util.test.junit.AutoTests" name="[142] /home/travis/build/icyphy/ptII/ptolemy/domains/modal/test/auto/modalModel3.xml (RunModel)" time="0.041" />
  <testcase classname="ptolemy.util.test.junit.AutoTests" name="[143] /home/travis/build/icyphy/ptII/ptolemy/domains/modal/test/auto/model1.xml (RunModel)" time="0.022" />
  <testcase classname="ptolemy.util.test.junit.AutoTests" name="[144] /home/travis/build/icyphy/ptII/ptolemy/domains/modal/test/auto/test-direct-in-out.xml (RunModel)" time="0.019" />
  <system-out><![CDATA[/home/travis/build/icyphy/ptII/ptolemy/domains/modal/test/SystemLevelType.tcl
testDefs.tcl: setting time out to 9000 seconds at Sun Aug 16 15:28:08 UTC 2020
08/16/20 03:28:10
Failed: 0  Total Tests: 1  ((Passed: 1, Newly Passed: 0)  Known Failed: 0) /home/travis/build/icyphy/ptII/ptolemy/domains/modal/test
----------------- testing (KnownFailure) /home/travis/build/icyphy/ptII/ptolemy/domains/modal/test/auto/knownFailedTests/CannotAnalysisWithPreemption.xml
147 ms. Memory: 129024K Free: 87571K (68%)
Known Failure: java.lang.reflect.InvocationTargetException
No auto/linux-amd64/*.xml tests in /home/travis/build/icyphy/ptII/ptolemy/domains/modal/test
AutoTests.java: About to close Vertx.
AutoTests.java: Vertx closed.

===========================================================================================
----------------- testing Sun Aug 16 15:28:11 UTC 2020 /home/travis/build/icyphy/ptII/ptolemy/domains/modal/test/auto/ABPTest.xml
----------------- Instantiating /home/travis/build/icyphy/ptII/ptolemy/domains/modal/test/auto/ABPTest.xml
400 ms. Memory: 161792K Free: 126230K (78%)
----------------- Invoking toplevel() on ptolemy.moml.MoMLSimpleApplication@b83af53
----------------- Done invoking toplevel() on ptolemy.moml.MoMLSimpleApplication@b83af53
reloadAllAccessors: .ABPTest

===========================================================================================
----------------- testing Sun Aug 16 15:28:12 UTC 2020 /home/travis/build/icyphy/ptII/ptolemy/domains/modal/test/auto/ABROFlat.xml
----------------- Instantiating /home/travis/build/icyphy/ptII/ptolemy/domains/modal/test/auto/ABROFlat.xml
30 ms. Memory: 161792K Free: 110358K (68%)
----------------- Invoking toplevel() on ptolemy.moml.MoMLSimpleApplication@339de461
----------------- Done invoking toplevel() on ptolemy.moml.MoMLSimpleApplication@339de461
reloadAllAccessors: .ABROFlat

===========================================================================================
----------------- testing Sun Aug 16 15:28:12 UTC 2020 /home/travis/build/icyphy/ptII/ptolemy/domains/modal/test/auto/ABROFlat2.xml
----------------- Instantiating /home/travis/build/icyphy/ptII/ptolemy/domains/modal/test/auto/ABROFlat2.xml
16 ms. Memory: 161792K Free: 93974K (58%)
----------------- Invoking toplevel() on ptolemy.moml.MoMLSimpleApplication@7eef5cf5
----------------- Done invoking toplevel() on ptolemy.moml.MoMLSimpleApplication@7eef5cf5
reloadAllAccessors: .ABROFlat2

===========================================================================================
----------------- testing Sun Aug 16 15:28:12 UTC 2020 /home/travis/build/icyphy/ptII/ptolemy/domains/modal/test/auto/ABRO_present_hmm.xml
----------------- Instantiating /home/travis/build/icyphy/ptII/ptolemy/domains/modal/test/auto/ABRO_present_hmm.xml
40 ms. Memory: 161792K Free: 67350K (42%)
----------------- Invoking toplevel() on ptolemy.moml.MoMLSimpleApplication@139a72ec
----------------- Done invoking toplevel() on ptolemy.moml.MoMLSimpleApplication@139a72ec
reloadAllAccessors: .ABRO_present_hmm

===========================================================================================
----------------- testing Sun Aug 16 15:28:12 UTC 2020 /home/travis/build/icyphy/ptII/ptolemy/domains/modal/test/auto/AMICoderExample.xml
----------------- Instantiating /home/travis/build/icyphy/ptII/ptolemy/domains/modal/test/auto/AMICoderExample.xml
50 ms. Memory: 161792K Free: 57614K (36%)
----------------- Invoking toplevel() on ptolemy.moml.MoMLSimpleApplication@497541ab
----------------- Done invoking toplevel() on ptolemy.moml.MoMLSimpleApplication@497541ab
reloadAllAccessors: .AMICoderExample

===========================================================================================
----------------- testing Sun Aug 16 15:28:12 UTC 2020 /home/travis/build/icyphy/ptII/ptolemy/domains/modal/test/auto/AbsentToPresent.xml
----------------- Instantiating /home/travis/build/icyphy/ptII/ptolemy/domains/modal/test/auto/AbsentToPresent.xml
4 ms. Memory: 161792K Free: 53510K (33%)
----------------- Invoking toplevel() on ptolemy.moml.MoMLSimpleApplication@2fe704bf
----------------- Done invoking toplevel() on ptolemy.moml.MoMLSimpleApplication@2fe704bf
reloadAllAccessors: .AbsentToPresent

===========================================================================================
----------------- testing Sun Aug 16 15:28:12 UTC 2020 /home/travis/build/icyphy/ptII/ptolemy/domains/modal/test/auto/Blending.xml
----------------- Instantiating /home/travis/build/icyphy/ptII/ptolemy/domains/modal/test/auto/Blending.xml
171 ms. Memory: 161792K Free: 98461K (61%)
----------------- Invoking toplevel() on ptolemy.moml.MoMLSimpleApplication@7ce9bee4
----------------- Done invoking toplevel() on ptolemy.moml.MoMLSimpleApplication@7ce9bee4
reloadAllAccessors: .Blending

===========================================================================================
----------------- testing Sun Aug 16 15:28:12 UTC 2020 /home/travis/build/icyphy/ptII/ptolemy/domains/modal/test/auto/Broadcast.xml
----------------- Instantiating /home/travis/build/icyphy/ptII/ptolemy/domains/modal/test/auto/Broadcast.xml
9 ms. Memory: 161792K Free: 88235K (55%)
----------------- Invoking toplevel() on ptolemy.moml.MoMLSimpleApplication@59f668fe
----------------- Done invoking toplevel() on ptolemy.moml.MoMLSimpleApplication@59f668fe
reloadAllAccessors: .Broadcast

===========================================================================================
----------------- testing Sun Aug 16 15:28:12 UTC 2020 /home/travis/build/icyphy/ptII/ptolemy/domains/modal/test/auto/BroadcastHierarchy.xml
----------------- Instantiating /home/travis/build/icyphy/ptII/ptolemy/domains/modal/test/auto/BroadcastHierarchy.xml
16 ms. Memory: 161792K Free: 74413K (46%)
----------------- Invoking toplevel() on ptolemy.moml.MoMLSimpleApplication@34788c71
----------------- Done invoking toplevel() on ptolemy.moml.MoMLSimpleApplication@34788c71
reloadAllAccessors: .BroadcastHierarchy

===========================================================================================
----------------- testing Sun Aug 16 15:28:12 UTC 2020 /home/travis/build/icyphy/ptII/ptolemy/domains/modal/test/auto/BroadcastHierarchy2.xml
----------------- Instantiating /home/travis/build/icyphy/ptII/ptolemy/domains/modal/test/auto/BroadcastHierarchy2.xml
17 ms. Memory: 161792K Free: 136831K (85%)
----------------- Invoking toplevel() on ptolemy.moml.MoMLSimpleApplication@490f8849
----------------- Done invoking toplevel() on ptolemy.moml.MoMLSimpleApplication@490f8849
reloadAllAccessors: .BroadcastHierarchy2

===========================================================================================
----------------- testing Sun Aug 16 15:28:13 UTC 2020 /home/travis/build/icyphy/ptII/ptolemy/domains/modal/test/auto/BroadcastHierarchy3.xml
----------------- Instantiating /home/travis/build/icyphy/ptII/ptolemy/domains/modal/test/auto/BroadcastHierarchy3.xml
16 ms. Memory: 161792K Free: 116909K (72%)
----------------- Invoking toplevel() on ptolemy.moml.MoMLSimpleApplication@473c867
----------------- Done invoking toplevel() on ptolemy.moml.MoMLSimpleApplication@473c867
reloadAllAccessors: .BroadcastHierarchy3

===========================================================================================
----------------- testing Sun Aug 16 15:28:13 UTC 2020 /home/travis/build/icyphy/ptII/ptolemy/domains/modal/test/auto/BroadcastHierarchy4.xml
----------------- Instantiating /home/travis/build/icyphy/ptII/ptolemy/domains/modal/test/auto/BroadcastHierarchy4.xml
19 ms. Memory: 161792K Free: 92333K (57%)
----------------- Invoking toplevel() on ptolemy.moml.MoMLSimpleApplication@19729896
----------------- Done invoking toplevel() on ptolemy.moml.MoMLSimpleApplication@19729896
reloadAllAccessors: .BroadcastHierarchy4

===========================================================================================
----------------- testing Sun Aug 16 15:28:13 UTC 2020 /home/travis/build/icyphy/ptII/ptolemy/domains/modal/test/auto/CannotAnalysisWithPreemption2.xml
----------------- Instantiating /home/travis/build/icyphy/ptII/ptolemy/domains/modal/test/auto/CannotAnalysisWithPreemption2.xml
5 ms. Memory: 161792K Free: 85165K (53%)
----------------- Invoking toplevel() on ptolemy.moml.MoMLSimpleApplication@4e87d337
----------------- Done invoking toplevel() on ptolemy.moml.MoMLSimpleApplication@4e87d337
reloadAllAccessors: .CannotAnalysisWithPreemption2

===========================================================================================
----------------- testing Sun Aug 16 15:28:13 UTC 2020 /home/travis/build/icyphy/ptII/ptolemy/domains/modal/test/auto/CannotAnalysisWithPreemption3.xml
----------------- Instantiating /home/travis/build/icyphy/ptII/ptolemy/domains/modal/test/auto/CannotAnalysisWithPreemption3.xml
7 ms. Memory: 161792K Free: 75421K (47%)
----------------- Invoking toplevel() on ptolemy.moml.MoMLSimpleApplication@7074897d
----------------- Done invoking toplevel() on ptolemy.moml.MoMLSimpleApplication@7074897d
reloadAllAccessors: .CannotAnalysisWithPreemption3

===========================================================================================
----------------- testing Sun Aug 16 15:28:13 UTC 2020 /home/travis/build/icyphy/ptII/ptolemy/domains/modal/test/auto/CannotProduce.xml
----------------- Instantiating /home/travis/build/icyphy/ptII/ptolemy/domains/modal/test/auto/CannotProduce.xml
13 ms. Memory: 161792K Free: 68267K (42%)
----------------- Invoking toplevel() on ptolemy.moml.MoMLSimpleApplication@27327708
----------------- Done invoking toplevel() on ptolemy.moml.MoMLSimpleApplication@27327708
reloadAllAccessors: .CannotProduce

===========================================================================================
----------------- testing Sun Aug 16 15:28:13 UTC 2020 /home/travis/build/icyphy/ptII/ptolemy/domains/modal/test/auto/CannotProduceModal.xml
----------------- Instantiating /home/travis/build/icyphy/ptII/ptolemy/domains/modal/test/auto/CannotProduceModal.xml
13 ms. Memory: 161792K Free: 62109K (38%)
----------------- Invoking toplevel() on ptolemy.moml.MoMLSimpleApplication@4e8ccf3f
----------------- Done invoking toplevel() on ptolemy.moml.MoMLSimpleApplication@4e8ccf3f
reloadAllAccessors: .CannotProduceModal

===========================================================================================
----------------- testing Sun Aug 16 15:28:13 UTC 2020 /home/travis/build/icyphy/ptII/ptolemy/domains/modal/test/auto/Case.xml
----------------- Instantiating /home/travis/build/icyphy/ptII/ptolemy/domains/modal/test/auto/Case.xml
41 ms. Memory: 195584K Free: 174253K (89%)
----------------- Invoking toplevel() on ptolemy.moml.MoMLSimpleApplication@643b789b
----------------- Done invoking toplevel() on ptolemy.moml.MoMLSimpleApplication@643b789b
reloadAllAccessors: .Case

===========================================================================================
----------------- testing Sun Aug 16 15:28:13 UTC 2020 /home/travis/build/icyphy/ptII/ptolemy/domains/modal/test/auto/Case1.xml
----------------- Instantiating /home/travis/build/icyphy/ptII/ptolemy/domains/modal/test/auto/Case1.xml
10 ms. Memory: 195584K Free: 166571K (85%)
----------------- Invoking toplevel() on ptolemy.moml.MoMLSimpleApplication@673c076f
----------------- Done invoking toplevel() on ptolemy.moml.MoMLSimpleApplication@673c076f
reloadAllAccessors: .Case1

===========================================================================================
----------------- testing Sun Aug 16 15:28:13 UTC 2020 /home/travis/build/icyphy/ptII/ptolemy/domains/modal/test/auto/Case2.xml
----------------- Instantiating /home/travis/build/icyphy/ptII/ptolemy/domains/modal/test/auto/Case2.xml
33 ms. Memory: 195584K Free: 155821K (80%)
----------------- Invoking toplevel() on ptolemy.moml.MoMLSimpleApplication@7922f35c
----------------- Done invoking toplevel() on ptolemy.moml.MoMLSimpleApplication@7922f35c
reloadAllAccessors: .Case2

===========================================================================================
----------------- testing Sun Aug 16 15:28:13 UTC 2020 /home/travis/build/icyphy/ptII/ptolemy/domains/modal/test/auto/CausalityInterface1.xml
----------------- Instantiating /home/travis/build/icyphy/ptII/ptolemy/domains/modal/test/auto/CausalityInterface1.xml
6 ms. Memory: 195584K Free: 150701K (77%)
----------------- Invoking toplevel() on ptolemy.moml.MoMLSimpleApplication@24633ef6
----------------- Done invoking toplevel() on ptolemy.moml.MoMLSimpleApplication@24633ef6
reloadAllAccessors: .CausalityInterface1

===========================================================================================
----------------- testing Sun Aug 16 15:28:13 UTC 2020 /home/travis/build/icyphy/ptII/ptolemy/domains/modal/test/auto/CausalityInterface10.xml
----------------- Instantiating /home/travis/build/icyphy/ptII/ptolemy/domains/modal/test/auto/CausalityInterface10.xml
8 ms. Memory: 195584K Free: 137389K (70%)
----------------- Invoking toplevel() on ptolemy.moml.MoMLSimpleApplication@38eea0b6
----------------- Done invoking toplevel() on ptolemy.moml.MoMLSimpleApplication@38eea0b6
reloadAllAccessors: .CausalityInterface10

===========================================================================================
----------------- testing Sun Aug 16 15:28:13 UTC 2020 /home/travis/build/icyphy/ptII/ptolemy/domains/modal/test/auto/CausalityInterface11.xml
----------------- Instantiating /home/travis/build/icyphy/ptII/ptolemy/domains/modal/test/auto/CausalityInterface11.xml
9 ms. Memory: 195584K Free: 124077K (63%)
----------------- Invoking toplevel() on ptolemy.moml.MoMLSimpleApplication@61293d87
----------------- Done invoking toplevel() on ptolemy.moml.MoMLSimpleApplication@61293d87
reloadAllAccessors: .CausalityInterface11

===========================================================================================
----------------- testing Sun Aug 16 15:28:13 UTC 2020 /home/travis/build/icyphy/ptII/ptolemy/domains/modal/test/auto/CausalityInterface12.xml
----------------- Instantiating /home/travis/build/icyphy/ptII/ptolemy/domains/modal/test/auto/CausalityInterface12.xml
10 ms. Memory: 195584K Free: 110765K (57%)
----------------- Invoking toplevel() on ptolemy.moml.MoMLSimpleApplication@14e25baa
----------------- Done invoking toplevel() on ptolemy.moml.MoMLSimpleApplication@14e25baa
reloadAllAccessors: .CausalityInterface12

===========================================================================================
----------------- testing Sun Aug 16 15:28:13 UTC 2020 /home/travis/build/icyphy/ptII/ptolemy/domains/modal/test/auto/CausalityInterface13.xml
----------------- Instantiating /home/travis/build/icyphy/ptII/ptolemy/domains/modal/test/auto/CausalityInterface13.xml
7 ms. Memory: 195584K Free: 96925K (50%)
----------------- Invoking toplevel() on ptolemy.moml.MoMLSimpleApplication@29de19b6
----------------- Done invoking toplevel() on ptolemy.moml.MoMLSimpleApplication@29de19b6
reloadAllAccessors: .CausalityInterface13

===========================================================================================
----------------- testing Sun Aug 16 15:28:13 UTC 2020 /home/travis/build/icyphy/ptII/ptolemy/domains/modal/test/auto/CausalityInterface14.xml
----------------- Instantiating /home/travis/build/icyphy/ptII/ptolemy/domains/modal/test/auto/CausalityInterface14.xml
13 ms. Memory: 195584K Free: 83117K (42%)
----------------- Invoking toplevel() on ptolemy.moml.MoMLSimpleApplication@76691f05
----------------- Done invoking toplevel() on ptolemy.moml.MoMLSimpleApplication@76691f05
reloadAllAccessors: .CausalityInterface14

===========================================================================================
----------------- testing Sun Aug 16 15:28:13 UTC 2020 /home/travis/build/icyphy/ptII/ptolemy/domains/modal/test/auto/CausalityInterface2.xml
----------------- Instantiating /home/travis/build/icyphy/ptII/ptolemy/domains/modal/test/auto/CausalityInterface2.xml
8 ms. Memory: 195584K Free: 76973K (39%)
----------------- Invoking toplevel() on ptolemy.moml.MoMLSimpleApplication@22810b17
----------------- Done invoking toplevel() on ptolemy.moml.MoMLSimpleApplication@22810b17
reloadAllAccessors: .CausalityInterface2

===========================================================================================
----------------- testing Sun Aug 16 15:28:13 UTC 2020 /home/travis/build/icyphy/ptII/ptolemy/domains/modal/test/auto/CausalityInterface3.xml
----------------- Instantiating /home/travis/build/icyphy/ptII/ptolemy/domains/modal/test/auto/CausalityInterface3.xml
3 ms. Memory: 195584K Free: 70829K (36%)
----------------- Invoking toplevel() on ptolemy.moml.MoMLSimpleApplication@149fb23d
----------------- Done invoking toplevel() on ptolemy.moml.MoMLSimpleApplication@149fb23d
reloadAllAccessors: .CausalityInterface3

===========================================================================================
----------------- testing Sun Aug 16 15:28:14 UTC 2020 /home/travis/build/icyphy/ptII/ptolemy/domains/modal/test/auto/CausalityInterface4.xml
----------------- Instantiating /home/travis/build/icyphy/ptII/ptolemy/domains/modal/test/auto/CausalityInterface4.xml
19 ms. Memory: 195584K Free: 175789K (90%)
----------------- Invoking toplevel() on ptolemy.moml.MoMLSimpleApplication@499f3de3
----------------- Done invoking toplevel() on ptolemy.moml.MoMLSimpleApplication@499f3de3
reloadAllAccessors: .CausalityInterface4

===========================================================================================
----------------- testing Sun Aug 16 15:28:14 UTC 2020 /home/travis/build/icyphy/ptII/ptolemy/domains/modal/test/auto/CausalityInterface5.xml
----------------- Instantiating /home/travis/build/icyphy/ptII/ptolemy/domains/modal/test/auto/CausalityInterface5.xml
4 ms. Memory: 195584K Free: 167069K (85%)
----------------- Invoking toplevel() on ptolemy.moml.MoMLSimpleApplication@146eaf40
----------------- Done invoking toplevel() on ptolemy.moml.MoMLSimpleApplication@146eaf40
reloadAllAccessors: .CausalityInterface5

===========================================================================================
----------------- testing Sun Aug 16 15:28:14 UTC 2020 /home/travis/build/icyphy/ptII/ptolemy/domains/modal/test/auto/CausalityInterface6.xml
----------------- Instantiating /home/travis/build/icyphy/ptII/ptolemy/domains/modal/test/auto/CausalityInterface6.xml
3 ms. Memory: 195584K Free: 158877K (81%)
----------------- Invoking toplevel() on ptolemy.moml.MoMLSimpleApplication@1c4f44d9
----------------- Done invoking toplevel() on ptolemy.moml.MoMLSimpleApplication@1c4f44d9
reloadAllAccessors: .CausalityInterface6

===========================================================================================
----------------- testing Sun Aug 16 15:28:14 UTC 2020 /home/travis/build/icyphy/ptII/ptolemy/domains/modal/test/auto/CausalityInterface7.xml
----------------- Instantiating /home/travis/build/icyphy/ptII/ptolemy/domains/modal/test/auto/CausalityInterface7.xml
4 ms. Memory: 195584K Free: 150685K (77%)
----------------- Invoking toplevel() on ptolemy.moml.MoMLSimpleApplication@1cd8b75f
----------------- Done invoking toplevel() on ptolemy.moml.MoMLSimpleApplication@1cd8b75f
reloadAllAccessors: .CausalityInterface7

===========================================================================================
----------------- testing Sun Aug 16 15:28:14 UTC 2020 /home/travis/build/icyphy/ptII/ptolemy/domains/modal/test/auto/CausalityInterface8.xml
----------------- Instantiating /home/travis/build/icyphy/ptII/ptolemy/domains/modal/test/auto/CausalityInterface8.xml
5 ms. Memory: 195584K Free: 142493K (73%)
----------------- Invoking toplevel() on ptolemy.moml.MoMLSimpleApplication@576c738a
----------------- Done invoking toplevel() on ptolemy.moml.MoMLSimpleApplication@576c738a
reloadAllAccessors: .CausalityInterface8

===========================================================================================
----------------- testing Sun Aug 16 15:28:14 UTC 2020 /home/travis/build/icyphy/ptII/ptolemy/domains/modal/test/auto/CausalityInterface9.xml
----------------- Instantiating /home/travis/build/icyphy/ptII/ptolemy/domains/modal/test/auto/CausalityInterface9.xml
5 ms. Memory: 195584K Free: 133291K (68%)
----------------- Invoking toplevel() on ptolemy.moml.MoMLSimpleApplication@77cd1dd2
----------------- Done invoking toplevel() on ptolemy.moml.MoMLSimpleApplication@77cd1dd2
reloadAllAccessors: .CausalityInterface9

===========================================================================================
----------------- testing Sun Aug 16 15:28:14 UTC 2020 /home/travis/build/icyphy/ptII/ptolemy/domains/modal/test/auto/ChainedTransitions.xml
----------------- Instantiating /home/travis/build/icyphy/ptII/ptolemy/domains/modal/test/auto/ChainedTransitions.xml
102 ms. Memory: 195584K Free: 108205K (55%)
----------------- Invoking toplevel() on ptolemy.moml.MoMLSimpleApplication@52a36c3d
----------------- Done invoking toplevel() on ptolemy.moml.MoMLSimpleApplication@52a36c3d
reloadAllAccessors: .ChainedTransitions

===========================================================================================
----------------- testing Sun Aug 16 15:28:14 UTC 2020 /home/travis/build/icyphy/ptII/ptolemy/domains/modal/test/auto/CycleOfImmediateTransitionsFSM.xml
----------------- Instantiating /home/travis/build/icyphy/ptII/ptolemy/domains/modal/test/auto/CycleOfImmediateTransitionsFSM.xml
3 ms. Memory: 195584K Free: 102571K (52%)
----------------- Invoking toplevel() on ptolemy.moml.MoMLSimpleApplication@270c49e2
----------------- Done invoking toplevel() on ptolemy.moml.MoMLSimpleApplication@270c49e2
reloadAllAccessors: .CycleOfImmediateTransitionsFSM

===========================================================================================
----------------- testing Sun Aug 16 15:28:14 UTC 2020 /home/travis/build/icyphy/ptII/ptolemy/domains/modal/test/auto/CycleOfImmediateTransitionsModal.xml
----------------- Instantiating /home/travis/build/icyphy/ptII/ptolemy/domains/modal/test/auto/CycleOfImmediateTransitionsModal.xml
3 ms. Memory: 195584K Free: 96427K (49%)
----------------- Invoking toplevel() on ptolemy.moml.MoMLSimpleApplication@2f3f73be
----------------- Done invoking toplevel() on ptolemy.moml.MoMLSimpleApplication@2f3f73be
reloadAllAccessors: .CycleOfImmediateTransitionsModal

===========================================================================================
----------------- testing Sun Aug 16 15:28:14 UTC 2020 /home/travis/build/icyphy/ptII/ptolemy/domains/modal/test/auto/CycleOfImmediateTransitionsModal2.xml
----------------- Instantiating /home/travis/build/icyphy/ptII/ptolemy/domains/modal/test/auto/CycleOfImmediateTransitionsModal2.xml
10 ms. Memory: 195584K Free: 89773K (46%)
----------------- Invoking toplevel() on ptolemy.moml.MoMLSimpleApplication@287bedc4
----------------- Done invoking toplevel() on ptolemy.moml.MoMLSimpleApplication@287bedc4
reloadAllAccessors: .CycleOfImmediateTransitionsModal2

===========================================================================================
----------------- testing Sun Aug 16 15:28:14 UTC 2020 /home/travis/build/icyphy/ptII/ptolemy/domains/modal/test/auto/CycleOfImmediateTransitionsModal3.xml
----------------- Instantiating /home/travis/build/icyphy/ptII/ptolemy/domains/modal/test/auto/CycleOfImmediateTransitionsModal3.xml
11 ms. Memory: 195584K Free: 67741K (35%)
----------------- Invoking toplevel() on ptolemy.moml.MoMLSimpleApplication@794ba8e2
----------------- Done invoking toplevel() on ptolemy.moml.MoMLSimpleApplication@794ba8e2
reloadAllAccessors: .CycleOfImmediateTransitionsModal3

===========================================================================================
----------------- testing Sun Aug 16 15:28:14 UTC 2020 /home/travis/build/icyphy/ptII/ptolemy/domains/modal/test/auto/DeepModal1.xml
----------------- Instantiating /home/travis/build/icyphy/ptII/ptolemy/domains/modal/test/auto/DeepModal1.xml
28 ms. Memory: 195584K Free: 164525K (84%)
----------------- Invoking toplevel() on ptolemy.moml.MoMLSimpleApplication@3663d686
----------------- Done invoking toplevel() on ptolemy.moml.MoMLSimpleApplication@3663d686
reloadAllAccessors: .DeepModal1

===========================================================================================
----------------- testing Sun Aug 16 15:28:14 UTC 2020 /home/travis/build/icyphy/ptII/ptolemy/domains/modal/test/auto/DeepModal2.xml
----------------- Instantiating /home/travis/build/icyphy/ptII/ptolemy/domains/modal/test/auto/DeepModal2.xml
22 ms. Memory: 195584K Free: 145579K (74%)
----------------- Invoking toplevel() on ptolemy.moml.MoMLSimpleApplication@29b462b8
----------------- Done invoking toplevel() on ptolemy.moml.MoMLSimpleApplication@29b462b8
reloadAllAccessors: .DeepModal2

===========================================================================================
----------------- testing Sun Aug 16 15:28:14 UTC 2020 /home/travis/build/icyphy/ptII/ptolemy/domains/modal/test/auto/DeepModal3.xml
----------------- Instantiating /home/travis/build/icyphy/ptII/ptolemy/domains/modal/test/auto/DeepModal3.xml
31 ms. Memory: 195584K Free: 126123K (64%)
----------------- Invoking toplevel() on ptolemy.moml.MoMLSimpleApplication@440dd73c
----------------- Done invoking toplevel() on ptolemy.moml.MoMLSimpleApplication@440dd73c
reloadAllAccessors: .DeepModal3

===========================================================================================
----------------- testing Sun Aug 16 15:28:14 UTC 2020 /home/travis/build/icyphy/ptII/ptolemy/domains/modal/test/auto/DeepModal4.xml
----------------- Instantiating /home/travis/build/icyphy/ptII/ptolemy/domains/modal/test/auto/DeepModal4.xml
30 ms. Memory: 195584K Free: 106667K (55%)
----------------- Invoking toplevel() on ptolemy.moml.MoMLSimpleApplication@65099e50
----------------- Done invoking toplevel() on ptolemy.moml.MoMLSimpleApplication@65099e50
reloadAllAccessors: .DeepModal4

===========================================================================================
----------------- testing Sun Aug 16 15:28:14 UTC 2020 /home/travis/build/icyphy/ptII/ptolemy/domains/modal/test/auto/Default1.xml
----------------- Instantiating /home/travis/build/icyphy/ptII/ptolemy/domains/modal/test/auto/Default1.xml
2 ms. Memory: 195584K Free: 100523K (51%)
----------------- Invoking toplevel() on ptolemy.moml.MoMLSimpleApplication@413b5000
----------------- Done invoking toplevel() on ptolemy.moml.MoMLSimpleApplication@413b5000
reloadAllAccessors: .Default1

===========================================================================================
----------------- testing Sun Aug 16 15:28:14 UTC 2020 /home/travis/build/icyphy/ptII/ptolemy/domains/modal/test/auto/Default2.xml
----------------- Instantiating /home/travis/build/icyphy/ptII/ptolemy/domains/modal/test/auto/Default2.xml
8 ms. Memory: 195584K Free: 94891K (49%)
----------------- Invoking toplevel() on ptolemy.moml.MoMLSimpleApplication@5fac6fb
----------------- Done invoking toplevel() on ptolemy.moml.MoMLSimpleApplication@5fac6fb
reloadAllAccessors: .Default2

===========================================================================================
----------------- testing Sun Aug 16 15:28:14 UTC 2020 /home/travis/build/icyphy/ptII/ptolemy/domains/modal/test/auto/Default3.xml
----------------- Instantiating /home/travis/build/icyphy/ptII/ptolemy/domains/modal/test/auto/Default3.xml
5 ms. Memory: 195584K Free: 89259K (46%)
----------------- Invoking toplevel() on ptolemy.moml.MoMLSimpleApplication@203530d8
----------------- Done invoking toplevel() on ptolemy.moml.MoMLSimpleApplication@203530d8
reloadAllAccessors: .Default3

===========================================================================================
----------------- testing Sun Aug 16 15:28:14 UTC 2020 /home/travis/build/icyphy/ptII/ptolemy/domains/modal/test/auto/Default4.xml
----------------- Instantiating /home/travis/build/icyphy/ptII/ptolemy/domains/modal/test/auto/Default4.xml
8 ms. Memory: 195584K Free: 82603K (42%)
----------------- Invoking toplevel() on ptolemy.moml.MoMLSimpleApplication@112ec68
----------------- Done invoking toplevel() on ptolemy.moml.MoMLSimpleApplication@112ec68
reloadAllAccessors: .Default4

===========================================================================================
----------------- testing Sun Aug 16 15:28:14 UTC 2020 /home/travis/build/icyphy/ptII/ptolemy/domains/modal/test/auto/Default5.xml
----------------- Instantiating /home/travis/build/icyphy/ptII/ptolemy/domains/modal/test/auto/Default5.xml
3 ms. Memory: 195584K Free: 74413K (38%)
----------------- Invoking toplevel() on ptolemy.moml.MoMLSimpleApplication@4737fc9d
----------------- Done invoking toplevel() on ptolemy.moml.MoMLSimpleApplication@4737fc9d
reloadAllAccessors: .Default5

===========================================================================================
----------------- testing Sun Aug 16 15:28:14 UTC 2020 /home/travis/build/icyphy/ptII/ptolemy/domains/modal/test/auto/EmptyGuard.xml
----------------- Instantiating /home/travis/build/icyphy/ptII/ptolemy/domains/modal/test/auto/EmptyGuard.xml
5 ms. Memory: 195584K Free: 66725K (34%)
----------------- Invoking toplevel() on ptolemy.moml.MoMLSimpleApplication@352ebf1d
----------------- Done invoking toplevel() on ptolemy.moml.MoMLSimpleApplication@352ebf1d
reloadAllAccessors: .EmptyGuard

===========================================================================================
----------------- testing Sun Aug 16 15:28:14 UTC 2020 /home/travis/build/icyphy/ptII/ptolemy/domains/modal/test/auto/ErrorTransition1.xml
----------------- Instantiating /home/travis/build/icyphy/ptII/ptolemy/domains/modal/test/auto/ErrorTransition1.xml
10 ms. Memory: 195584K Free: 168619K (86%)
----------------- Invoking toplevel() on ptolemy.moml.MoMLSimpleApplication@57c21715
----------------- Done invoking toplevel() on ptolemy.moml.MoMLSimpleApplication@57c21715
reloadAllAccessors: .ErrorTransition1

===========================================================================================
----------------- testing Sun Aug 16 15:28:15 UTC 2020 /home/travis/build/icyphy/ptII/ptolemy/domains/modal/test/auto/ErrorTransition10.xml
----------------- Instantiating /home/travis/build/icyphy/ptII/ptolemy/domains/modal/test/auto/ErrorTransition10.xml
11 ms. Memory: 195584K Free: 154781K (79%)
----------------- Invoking toplevel() on ptolemy.moml.MoMLSimpleApplication@518b8615
----------------- Done invoking toplevel() on ptolemy.moml.MoMLSimpleApplication@518b8615
reloadAllAccessors: .ErrorTransition10

===========================================================================================
----------------- testing Sun Aug 16 15:28:15 UTC 2020 /home/travis/build/icyphy/ptII/ptolemy/domains/modal/test/auto/ErrorTransition11.xml
----------------- Instantiating /home/travis/build/icyphy/ptII/ptolemy/domains/modal/test/auto/ErrorTransition11.xml
4 ms. Memory: 195584K Free: 143531K (73%)
----------------- Invoking toplevel() on ptolemy.moml.MoMLSimpleApplication@7e0cd2af
----------------- Done invoking toplevel() on ptolemy.moml.MoMLSimpleApplication@7e0cd2af
reloadAllAccessors: .ErrorTransition11

===========================================================================================
----------------- testing Sun Aug 16 15:28:15 UTC 2020 /home/travis/build/icyphy/ptII/ptolemy/domains/modal/test/auto/ErrorTransition2.xml
----------------- Instantiating /home/travis/build/icyphy/ptII/ptolemy/domains/modal/test/auto/ErrorTransition2.xml
7 ms. Memory: 195584K Free: 134315K (69%)
----------------- Invoking toplevel() on ptolemy.moml.MoMLSimpleApplication@742ce325
----------------- Done invoking toplevel() on ptolemy.moml.MoMLSimpleApplication@742ce325
reloadAllAccessors: .ErrorTransition2

===========================================================================================
----------------- testing Sun Aug 16 15:28:15 UTC 2020 /home/travis/build/icyphy/ptII/ptolemy/domains/modal/test/auto/ErrorTransition3.xml
----------------- Instantiating /home/travis/build/icyphy/ptII/ptolemy/domains/modal/test/auto/ErrorTransition3.xml
13 ms. Memory: 195584K Free: 124589K (64%)
----------------- Invoking toplevel() on ptolemy.moml.MoMLSimpleApplication@3481f283
----------------- Done invoking toplevel() on ptolemy.moml.MoMLSimpleApplication@3481f283
reloadAllAccessors: .ErrorTransition3

===========================================================================================
----------------- testing Sun Aug 16 15:28:15 UTC 2020 /home/travis/build/icyphy/ptII/ptolemy/domains/modal/test/auto/ErrorTransition4.xml
----------------- Instantiating /home/travis/build/icyphy/ptII/ptolemy/domains/modal/test/auto/ErrorTransition4.xml
12 ms. Memory: 195584K Free: 113325K (58%)
----------------- Invoking toplevel() on ptolemy.moml.MoMLSimpleApplication@5110365
----------------- Done invoking toplevel() on ptolemy.moml.MoMLSimpleApplication@5110365
reloadAllAccessors: .ErrorTransition4

===========================================================================================
----------------- testing Sun Aug 16 15:28:15 UTC 2020 /home/travis/build/icyphy/ptII/ptolemy/domains/modal/test/auto/ErrorTransition5.xml
----------------- Instantiating /home/travis/build/icyphy/ptII/ptolemy/domains/modal/test/auto/ErrorTransition5.xml
6 ms. Memory: 195584K Free: 103085K (53%)
----------------- Invoking toplevel() on ptolemy.moml.MoMLSimpleApplication@4401a70c
----------------- Done invoking toplevel() on ptolemy.moml.MoMLSimpleApplication@4401a70c
reloadAllAccessors: .ErrorTransition5

===========================================================================================
----------------- testing Sun Aug 16 15:28:15 UTC 2020 /home/travis/build/icyphy/ptII/ptolemy/domains/modal/test/auto/ErrorTransition6.xml
----------------- Instantiating /home/travis/build/icyphy/ptII/ptolemy/domains/modal/test/auto/ErrorTransition6.xml
11 ms. Memory: 195584K Free: 92331K (47%)
----------------- Invoking toplevel() on ptolemy.moml.MoMLSimpleApplication@27b94665
----------------- Done invoking toplevel() on ptolemy.moml.MoMLSimpleApplication@27b94665
reloadAllAccessors: .ErrorTransition6

===========================================================================================
----------------- testing Sun Aug 16 15:28:15 UTC 2020 /home/travis/build/icyphy/ptII/ptolemy/domains/modal/test/auto/ErrorTransition7.xml
----------------- Instantiating /home/travis/build/icyphy/ptII/ptolemy/domains/modal/test/auto/ErrorTransition7.xml
15 ms. Memory: 195584K Free: 79533K (41%)
----------------- Invoking toplevel() on ptolemy.moml.MoMLSimpleApplication@63e651eb
----------------- Done invoking toplevel() on ptolemy.moml.MoMLSimpleApplication@63e651eb
reloadAllAccessors: .ErrorTransition7

===========================================================================================
----------------- testing Sun Aug 16 15:28:15 UTC 2020 /home/travis/build/icyphy/ptII/ptolemy/domains/modal/test/auto/ErrorTransition8.xml
----------------- Instantiating /home/travis/build/icyphy/ptII/ptolemy/domains/modal/test/auto/ErrorTransition8.xml
35 ms. Memory: 195584K Free: 66221K (34%)
----------------- Invoking toplevel() on ptolemy.moml.MoMLSimpleApplication@6f86cdc0
----------------- Done invoking toplevel() on ptolemy.moml.MoMLSimpleApplication@6f86cdc0
reloadAllAccessors: .ErrorTransition8

===========================================================================================
----------------- testing Sun Aug 16 15:28:15 UTC 2020 /home/travis/build/icyphy/ptII/ptolemy/domains/modal/test/auto/ErrorTransition9.xml
----------------- Instantiating /home/travis/build/icyphy/ptII/ptolemy/domains/modal/test/auto/ErrorTransition9.xml
20 ms. Memory: 238592K Free: 205997K (86%)
----------------- Invoking toplevel() on ptolemy.moml.MoMLSimpleApplication@3c80bff7
----------------- Done invoking toplevel() on ptolemy.moml.MoMLSimpleApplication@3c80bff7
reloadAllAccessors: .ErrorTransition9

===========================================================================================
----------------- testing Sun Aug 16 15:28:15 UTC 2020 /home/travis/build/icyphy/ptII/ptolemy/domains/modal/test/auto/ExtendedFSM.xml
----------------- Instantiating /home/travis/build/icyphy/ptII/ptolemy/domains/modal/test/auto/ExtendedFSM.xml
8 ms. Memory: 238592K Free: 197277K (83%)
----------------- Invoking toplevel() on ptolemy.moml.MoMLSimpleApplication@7f0c9c76
----------------- Done invoking toplevel() on ptolemy.moml.MoMLSimpleApplication@7f0c9c76
reloadAllAccessors: .ExtendedFSM

===========================================================================================
----------------- testing Sun Aug 16 15:28:15 UTC 2020 /home/travis/build/icyphy/ptII/ptolemy/domains/modal/test/auto/FinalStates.xml
----------------- Instantiating /home/travis/build/icyphy/ptII/ptolemy/domains/modal/test/auto/FinalStates.xml
7 ms. Memory: 238592K Free: 189085K (79%)
----------------- Invoking toplevel() on ptolemy.moml.MoMLSimpleApplication@4c90e318
----------------- Done invoking toplevel() on ptolemy.moml.MoMLSimpleApplication@4c90e318
reloadAllAccessors: .FinalStates

===========================================================================================
----------------- testing Sun Aug 16 15:28:15 UTC 2020 /home/travis/build/icyphy/ptII/ptolemy/domains/modal/test/auto/FixedPointFSM.xml
----------------- Instantiating /home/travis/build/icyphy/ptII/ptolemy/domains/modal/test/auto/FixedPointFSM.xml
21 ms. Memory: 238592K Free: 174253K (73%)
----------------- Invoking toplevel() on ptolemy.moml.MoMLSimpleApplication@5794a94b
----------------- Done invoking toplevel() on ptolemy.moml.MoMLSimpleApplication@5794a94b
reloadAllAccessors: .FixedPointFSM

===========================================================================================
----------------- testing Sun Aug 16 15:28:15 UTC 2020 /home/travis/build/icyphy/ptII/ptolemy/domains/modal/test/auto/FixedPointIterationFSMActor.xml
----------------- Instantiating /home/travis/build/icyphy/ptII/ptolemy/domains/modal/test/auto/FixedPointIterationFSMActor.xml
7 ms. Memory: 238592K Free: 163493K (69%)
----------------- Invoking toplevel() on ptolemy.moml.MoMLSimpleApplication@610b48c3
----------------- Done invoking toplevel() on ptolemy.moml.MoMLSimpleApplication@610b48c3
reloadAllAccessors: .FixedPointIterationFSMActor

===========================================================================================
----------------- testing Sun Aug 16 15:28:15 UTC 2020 /home/travis/build/icyphy/ptII/ptolemy/domains/modal/test/auto/FixedPointIterationFSMActor2.xml
----------------- Instantiating /home/travis/build/icyphy/ptII/ptolemy/domains/modal/test/auto/FixedPointIterationFSMActor2.xml
12 ms. Memory: 238592K Free: 151725K (64%)
----------------- Invoking toplevel() on ptolemy.moml.MoMLSimpleApplication@6361e664
----------------- Done invoking toplevel() on ptolemy.moml.MoMLSimpleApplication@6361e664
reloadAllAccessors: .FixedPointIterationFSMActor2

===========================================================================================
----------------- testing Sun Aug 16 15:28:15 UTC 2020 /home/travis/build/icyphy/ptII/ptolemy/domains/modal/test/auto/ForbiddenInstantanousLoop.xml
----------------- Instantiating /home/travis/build/icyphy/ptII/ptolemy/domains/modal/test/auto/ForbiddenInstantanousLoop.xml
6 ms. Memory: 238592K Free: 139437K (58%)
----------------- Invoking toplevel() on ptolemy.moml.MoMLSimpleApplication@20f0e5a2
----------------- Done invoking toplevel() on ptolemy.moml.MoMLSimpleApplication@20f0e5a2
reloadAllAccessors: .ForbiddenInstantanousLoop

===========================================================================================
----------------- testing Sun Aug 16 15:28:15 UTC 2020 /home/travis/build/icyphy/ptII/ptolemy/domains/modal/test/auto/FunctionDependencyOfFSMActorTest.xml
----------------- Instantiating /home/travis/build/icyphy/ptII/ptolemy/domains/modal/test/auto/FunctionDependencyOfFSMActorTest.xml
12 ms. Memory: 238592K Free: 132765K (56%)
----------------- Invoking toplevel() on ptolemy.moml.MoMLSimpleApplication@1b2b8a3b
----------------- Done invoking toplevel() on ptolemy.moml.MoMLSimpleApplication@1b2b8a3b
reloadAllAccessors: .FunctionDependencyOfFSMActorTest

===========================================================================================
----------------- testing Sun Aug 16 15:28:15 UTC 2020 /home/travis/build/icyphy/ptII/ptolemy/domains/modal/test/auto/GuardExpression.xml
----------------- Instantiating /home/travis/build/icyphy/ptII/ptolemy/domains/modal/test/auto/GuardExpression.xml
2 ms. Memory: 238592K Free: 127659K (54%)
----------------- Invoking toplevel() on ptolemy.moml.MoMLSimpleApplication@5ebf3b3
----------------- Done invoking toplevel() on ptolemy.moml.MoMLSimpleApplication@5ebf3b3
reloadAllAccessors: .GuardExpression

===========================================================================================
----------------- testing Sun Aug 16 15:28:15 UTC 2020 /home/travis/build/icyphy/ptII/ptolemy/domains/modal/test/auto/GuardNotEvaluated.xml
----------------- Instantiating /home/travis/build/icyphy/ptII/ptolemy/domains/modal/test/auto/GuardNotEvaluated.xml
8 ms. Memory: 238592K Free: 118443K (50%)
----------------- Invoking toplevel() on ptolemy.moml.MoMLSimpleApplication@37238e64
----------------- Done invoking toplevel() on ptolemy.moml.MoMLSimpleApplication@37238e64
reloadAllAccessors: .GuardNotEvaluated

===========================================================================================
----------------- testing Sun Aug 16 15:28:15 UTC 2020 /home/travis/build/icyphy/ptII/ptolemy/domains/modal/test/auto/GuardNotEvaluated2.xml
----------------- Instantiating /home/travis/build/icyphy/ptII/ptolemy/domains/modal/test/auto/GuardNotEvaluated2.xml
7 ms. Memory: 238592K Free: 108717K (46%)
----------------- Invoking toplevel() on ptolemy.moml.MoMLSimpleApplication@7265b4b
----------------- Done invoking toplevel() on ptolemy.moml.MoMLSimpleApplication@7265b4b
reloadAllAccessors: .GuardNotEvaluated2

===========================================================================================
----------------- testing Sun Aug 16 15:28:15 UTC 2020 /home/travis/build/icyphy/ptII/ptolemy/domains/modal/test/auto/GuardOnAbsent.xml
----------------- Instantiating /home/travis/build/icyphy/ptII/ptolemy/domains/modal/test/auto/GuardOnAbsent.xml
9 ms. Memory: 238592K Free: 101005K (42%)
----------------- Invoking toplevel() on ptolemy.moml.MoMLSimpleApplication@2204f557
----------------- Done invoking toplevel() on ptolemy.moml.MoMLSimpleApplication@2204f557
reloadAllAccessors: .GuardOnAbsent

===========================================================================================
----------------- testing Sun Aug 16 15:28:15 UTC 2020 /home/travis/build/icyphy/ptII/ptolemy/domains/modal/test/auto/HierarchicalFSMTypeInference.xml
----------------- Instantiating /home/travis/build/icyphy/ptII/ptolemy/domains/modal/test/auto/HierarchicalFSMTypeInference.xml
5 ms. Memory: 238592K Free: 90795K (38%)
----------------- Invoking toplevel() on ptolemy.moml.MoMLSimpleApplication@397507d3
----------------- Done invoking toplevel() on ptolemy.moml.MoMLSimpleApplication@397507d3
reloadAllAccessors: .HierarchicalFSMTypeInference

===========================================================================================
----------------- testing Sun Aug 16 15:28:15 UTC 2020 /home/travis/build/icyphy/ptII/ptolemy/domains/modal/test/auto/Hysteresis.xml
----------------- Instantiating /home/travis/build/icyphy/ptII/ptolemy/domains/modal/test/auto/Hysteresis.xml
10 ms. Memory: 238592K Free: 213149K (89%)
----------------- Invoking toplevel() on ptolemy.moml.MoMLSimpleApplication@53d6caf7
----------------- Done invoking toplevel() on ptolemy.moml.MoMLSimpleApplication@53d6caf7
reloadAllAccessors: .Hysteresis

===========================================================================================
----------------- testing Sun Aug 16 15:28:15 UTC 2020 /home/travis/build/icyphy/ptII/ptolemy/domains/modal/test/auto/HysteresisWithDefault.xml
----------------- Instantiating /home/travis/build/icyphy/ptII/ptolemy/domains/modal/test/auto/HysteresisWithDefault.xml
36 ms. Memory: 238592K Free: 190125K (80%)
----------------- Invoking toplevel() on ptolemy.moml.MoMLSimpleApplication@f76c91a
----------------- Done invoking toplevel() on ptolemy.moml.MoMLSimpleApplication@f76c91a
reloadAllAccessors: .HysteresisWithDefault

===========================================================================================
----------------- testing Sun Aug 16 15:28:15 UTC 2020 /home/travis/build/icyphy/ptII/ptolemy/domains/modal/test/auto/HysteresisWithDefault2.xml
----------------- Instantiating /home/travis/build/icyphy/ptII/ptolemy/domains/modal/test/auto/HysteresisWithDefault2.xml
39 ms. Memory: 238592K Free: 160934K (67%)
----------------- Invoking toplevel() on ptolemy.moml.MoMLSimpleApplication@105980ac
----------------- Done invoking toplevel() on ptolemy.moml.MoMLSimpleApplication@105980ac
reloadAllAccessors: .HysteresisWithDefault2

===========================================================================================
----------------- testing Sun Aug 16 15:28:16 UTC 2020 /home/travis/build/icyphy/ptII/ptolemy/domains/modal/test/auto/ImmediateNonConstructiveness.xml
----------------- Instantiating /home/travis/build/icyphy/ptII/ptolemy/domains/modal/test/auto/ImmediateNonConstructiveness.xml
3 ms. Memory: 238592K Free: 153757K (64%)
----------------- Invoking toplevel() on ptolemy.moml.MoMLSimpleApplication@44d36e44
----------------- Done invoking toplevel() on ptolemy.moml.MoMLSimpleApplication@44d36e44
reloadAllAccessors: .ImmediateNonConstructiveness

===========================================================================================
----------------- testing Sun Aug 16 15:28:16 UTC 2020 /home/travis/build/icyphy/ptII/ptolemy/domains/modal/test/auto/ImmediateNonConstructiveness2.xml
----------------- Instantiating /home/travis/build/icyphy/ptII/ptolemy/domains/modal/test/auto/ImmediateNonConstructiveness2.xml
2 ms. Memory: 238592K Free: 147117K (62%)
----------------- Invoking toplevel() on ptolemy.moml.MoMLSimpleApplication@132d1525
----------------- Done invoking toplevel() on ptolemy.moml.MoMLSimpleApplication@132d1525
reloadAllAccessors: .ImmediateNonConstructiveness2

===========================================================================================
----------------- testing Sun Aug 16 15:28:16 UTC 2020 /home/travis/build/icyphy/ptII/ptolemy/domains/modal/test/auto/ImmediateTransitionReset.xml
----------------- Instantiating /home/travis/build/icyphy/ptII/ptolemy/domains/modal/test/auto/ImmediateTransitionReset.xml
5 ms. Memory: 238592K Free: 135339K (57%)
----------------- Invoking toplevel() on ptolemy.moml.MoMLSimpleApplication@5deafeb0
----------------- Done invoking toplevel() on ptolemy.moml.MoMLSimpleApplication@5deafeb0
reloadAllAccessors: .ImmediateTransitionReset

===========================================================================================
----------------- testing Sun Aug 16 15:28:16 UTC 2020 /home/travis/build/icyphy/ptII/ptolemy/domains/modal/test/auto/ImmediateTransitions1.xml
----------------- Instantiating /home/travis/build/icyphy/ptII/ptolemy/domains/modal/test/auto/ImmediateTransitions1.xml
2 ms. Memory: 238592K Free: 130219K (55%)
----------------- Invoking toplevel() on ptolemy.moml.MoMLSimpleApplication@25b86d3a
----------------- Done invoking toplevel() on ptolemy.moml.MoMLSimpleApplication@25b86d3a
reloadAllAccessors: .ImmediateTransitions1

===========================================================================================
----------------- testing Sun Aug 16 15:28:16 UTC 2020 /home/travis/build/icyphy/ptII/ptolemy/domains/modal/test/auto/ImmediateTransitionsInstantaneousCommunication.xml
----------------- Instantiating /home/travis/build/icyphy/ptII/ptolemy/domains/modal/test/auto/ImmediateTransitionsInstantaneousCommunication.xml
4 ms. Memory: 238592K Free: 117925K (49%)
----------------- Invoking toplevel() on ptolemy.moml.MoMLSimpleApplication@31b677e8
----------------- Done invoking toplevel() on ptolemy.moml.MoMLSimpleApplication@31b677e8
reloadAllAccessors: .ImmediateTransitionsInstantaneousCommunication

===========================================================================================
----------------- testing Sun Aug 16 15:28:16 UTC 2020 /home/travis/build/icyphy/ptII/ptolemy/domains/modal/test/auto/InitialImmediateTransition.xml
----------------- Instantiating /home/travis/build/icyphy/ptII/ptolemy/domains/modal/test/auto/InitialImmediateTransition.xml
4 ms. Memory: 238592K Free: 110757K (46%)
----------------- Invoking toplevel() on ptolemy.moml.MoMLSimpleApplication@7259d26
----------------- Done invoking toplevel() on ptolemy.moml.MoMLSimpleApplication@7259d26
reloadAllAccessors: .InitialImmediateTransition

===========================================================================================
----------------- testing Sun Aug 16 15:28:16 UTC 2020 /home/travis/build/icyphy/ptII/ptolemy/domains/modal/test/auto/InitialOutputs.xml
----------------- Instantiating /home/travis/build/icyphy/ptII/ptolemy/domains/modal/test/auto/InitialOutputs.xml
3 ms. Memory: 238592K Free: 104109K (44%)
----------------- Invoking toplevel() on ptolemy.moml.MoMLSimpleApplication@6fd59a91
----------------- Done invoking toplevel() on ptolemy.moml.MoMLSimpleApplication@6fd59a91
reloadAllAccessors: .InitialOutputs

===========================================================================================
----------------- testing Sun Aug 16 15:28:16 UTC 2020 /home/travis/build/icyphy/ptII/ptolemy/domains/modal/test/auto/InitialStateTransition1.xml
----------------- Instantiating /home/travis/build/icyphy/ptII/ptolemy/domains/modal/test/auto/InitialStateTransition1.xml
3 ms. Memory: 238592K Free: 96941K (41%)
----------------- Invoking toplevel() on ptolemy.moml.MoMLSimpleApplication@7d0911cc
----------------- Done invoking toplevel() on ptolemy.moml.MoMLSimpleApplication@7d0911cc
reloadAllAccessors: .InitialStateTransition1

===========================================================================================
----------------- testing Sun Aug 16 15:28:16 UTC 2020 /home/travis/build/icyphy/ptII/ptolemy/domains/modal/test/auto/InitialStateTransition2.xml
----------------- Instantiating /home/travis/build/icyphy/ptII/ptolemy/domains/modal/test/auto/InitialStateTransition2.xml
.InitialStateTransition2.TestExceptionAttributeNonConstructive: initialize() was not invoked, but wrapup() was.  This is unusual, but not always a problem.  For example, exporting JNLP will do this.
4 ms. Memory: 238592K Free: 89773K (38%)
----------------- Invoking toplevel() on ptolemy.moml.MoMLSimpleApplication@3f0777d0
----------------- Done invoking toplevel() on ptolemy.moml.MoMLSimpleApplication@3f0777d0
reloadAllAccessors: .InitialStateTransition2

===========================================================================================
----------------- testing Sun Aug 16 15:28:16 UTC 2020 /home/travis/build/icyphy/ptII/ptolemy/domains/modal/test/auto/InitialStateTransition3.xml
----------------- Instantiating /home/travis/build/icyphy/ptII/ptolemy/domains/modal/test/auto/InitialStateTransition3.xml
4 ms. Memory: 238592K Free: 216747K (91%)
----------------- Invoking toplevel() on ptolemy.moml.MoMLSimpleApplication@3cd4cd95
----------------- Done invoking toplevel() on ptolemy.moml.MoMLSimpleApplication@3cd4cd95
reloadAllAccessors: .InitialStateTransition3

===========================================================================================
----------------- testing Sun Aug 16 15:28:16 UTC 2020 /home/travis/build/icyphy/ptII/ptolemy/domains/modal/test/auto/InitialStateTransition4.xml
----------------- Instantiating /home/travis/build/icyphy/ptII/ptolemy/domains/modal/test/auto/InitialStateTransition4.xml
3 ms. Memory: 238592K Free: 207021K (87%)
----------------- Invoking toplevel() on ptolemy.moml.MoMLSimpleApplication@4da6fa5
----------------- Done invoking toplevel() on ptolemy.moml.MoMLSimpleApplication@4da6fa5
[...]
reloadAllAccessors: .TerminationTransition3

===========================================================================================
----------------- testing Sun Aug 16 15:28:18 UTC 2020 /home/travis/build/icyphy/ptII/ptolemy/domains/modal/test/auto/TerminationTransition4.xml
----------------- Instantiating /home/travis/build/icyphy/ptII/ptolemy/domains/modal/test/auto/TerminationTransition4.xml
6 ms. Memory: 299008K Free: 131676K (44%)
----------------- Invoking toplevel() on ptolemy.moml.MoMLSimpleApplication@348d47ed
----------------- Done invoking toplevel() on ptolemy.moml.MoMLSimpleApplication@348d47ed
reloadAllAccessors: .TerminationTransition4

===========================================================================================
----------------- testing Sun Aug 16 15:28:18 UTC 2020 /home/travis/build/icyphy/ptII/ptolemy/domains/modal/test/auto/TerminationTransition5.xml
----------------- Instantiating /home/travis/build/icyphy/ptII/ptolemy/domains/modal/test/auto/TerminationTransition5.xml
3 ms. Memory: 299008K Free: 117854K (39%)
----------------- Invoking toplevel() on ptolemy.moml.MoMLSimpleApplication@7883c73c
----------------- Done invoking toplevel() on ptolemy.moml.MoMLSimpleApplication@7883c73c
reloadAllAccessors: .TerminationTransition5

===========================================================================================
----------------- testing Sun Aug 16 15:28:18 UTC 2020 /home/travis/build/icyphy/ptII/ptolemy/domains/modal/test/auto/TerminationTransition6.xml
----------------- Instantiating /home/travis/build/icyphy/ptII/ptolemy/domains/modal/test/auto/TerminationTransition6.xml
2 ms. Memory: 299008K Free: 109662K (37%)
----------------- Invoking toplevel() on ptolemy.moml.MoMLSimpleApplication@353b3398
----------------- Done invoking toplevel() on ptolemy.moml.MoMLSimpleApplication@353b3398
reloadAllAccessors: .TerminationTransition6

===========================================================================================
----------------- testing Sun Aug 16 15:28:18 UTC 2020 /home/travis/build/icyphy/ptII/ptolemy/domains/modal/test/auto/TerminationTransition7.xml
----------------- Instantiating /home/travis/build/icyphy/ptII/ptolemy/domains/modal/test/auto/TerminationTransition7.xml
2 ms. Memory: 299008K Free: 274634K (92%)
----------------- Invoking toplevel() on ptolemy.moml.MoMLSimpleApplication@64de2d13
----------------- Done invoking toplevel() on ptolemy.moml.MoMLSimpleApplication@64de2d13
reloadAllAccessors: .TerminationTransition7

===========================================================================================
----------------- testing Sun Aug 16 15:28:18 UTC 2020 /home/travis/build/icyphy/ptII/ptolemy/domains/modal/test/auto/TerminationTransition8.xml
----------------- Instantiating /home/travis/build/icyphy/ptII/ptolemy/domains/modal/test/auto/TerminationTransition8.xml
2 ms. Memory: 299008K Free: 265418K (89%)
----------------- Invoking toplevel() on ptolemy.moml.MoMLSimpleApplication@5f26a92a
----------------- Done invoking toplevel() on ptolemy.moml.MoMLSimpleApplication@5f26a92a
reloadAllAccessors: .TerminationTransition8

===========================================================================================
----------------- testing Sun Aug 16 15:28:18 UTC 2020 /home/travis/build/icyphy/ptII/ptolemy/domains/modal/test/auto/Thermostat_NoHysteresis.xml
----------------- Instantiating /home/travis/build/icyphy/ptII/ptolemy/domains/modal/test/auto/Thermostat_NoHysteresis.xml
23 ms. Memory: 299008K Free: 240842K (81%)
----------------- Invoking toplevel() on ptolemy.moml.MoMLSimpleApplication@791acac
----------------- Done invoking toplevel() on ptolemy.moml.MoMLSimpleApplication@791acac
reloadAllAccessors: .Thermostat_NoHysteresis

===========================================================================================
----------------- testing Sun Aug 16 15:28:18 UTC 2020 /home/travis/build/icyphy/ptII/ptolemy/domains/modal/test/auto/TimedFSM.xml
----------------- Instantiating /home/travis/build/icyphy/ptII/ptolemy/domains/modal/test/auto/TimedFSM.xml
7 ms. Memory: 299008K Free: 229058K (77%)
----------------- Invoking toplevel() on ptolemy.moml.MoMLSimpleApplication@79b911b4
----------------- Done invoking toplevel() on ptolemy.moml.MoMLSimpleApplication@79b911b4
reloadAllAccessors: .TimedFSM

===========================================================================================
----------------- testing Sun Aug 16 15:28:18 UTC 2020 /home/travis/build/icyphy/ptII/ptolemy/domains/modal/test/auto/Timeout1.xml
----------------- Instantiating /home/travis/build/icyphy/ptII/ptolemy/domains/modal/test/auto/Timeout1.xml
4 ms. Memory: 299008K Free: 223434K (75%)
----------------- Invoking toplevel() on ptolemy.moml.MoMLSimpleApplication@11364e39
----------------- Done invoking toplevel() on ptolemy.moml.MoMLSimpleApplication@11364e39
reloadAllAccessors: .Timeout1

===========================================================================================
----------------- testing Sun Aug 16 15:28:18 UTC 2020 /home/travis/build/icyphy/ptII/ptolemy/domains/modal/test/auto/Timeout2.xml
----------------- Instantiating /home/travis/build/icyphy/ptII/ptolemy/domains/modal/test/auto/Timeout2.xml
7 ms. Memory: 299008K Free: 214714K (72%)
----------------- Invoking toplevel() on ptolemy.moml.MoMLSimpleApplication@4c4c3971
----------------- Done invoking toplevel() on ptolemy.moml.MoMLSimpleApplication@4c4c3971
reloadAllAccessors: .Timeout2

===========================================================================================
----------------- testing Sun Aug 16 15:28:18 UTC 2020 /home/travis/build/icyphy/ptII/ptolemy/domains/modal/test/auto/Timeout3.xml
----------------- Instantiating /home/travis/build/icyphy/ptII/ptolemy/domains/modal/test/auto/Timeout3.xml
2 ms. Memory: 299008K Free: 209594K (70%)
----------------- Invoking toplevel() on ptolemy.moml.MoMLSimpleApplication@44dceee0
----------------- Done invoking toplevel() on ptolemy.moml.MoMLSimpleApplication@44dceee0
reloadAllAccessors: .Timeout3

===========================================================================================
----------------- testing Sun Aug 16 15:28:18 UTC 2020 /home/travis/build/icyphy/ptII/ptolemy/domains/modal/test/auto/Timeout4.xml
----------------- Instantiating /home/travis/build/icyphy/ptII/ptolemy/domains/modal/test/auto/Timeout4.xml
2 ms. Memory: 299008K Free: 204458K (68%)
----------------- Invoking toplevel() on ptolemy.moml.MoMLSimpleApplication@750a30ca
----------------- Done invoking toplevel() on ptolemy.moml.MoMLSimpleApplication@750a30ca
reloadAllAccessors: .Timeout4

===========================================================================================
----------------- testing Sun Aug 16 15:28:18 UTC 2020 /home/travis/build/icyphy/ptII/ptolemy/domains/modal/test/auto/TransientstateModelAdvanced.xml
----------------- Instantiating /home/travis/build/icyphy/ptII/ptolemy/domains/modal/test/auto/TransientstateModelAdvanced.xml
3 ms. Memory: 299008K Free: 192170K (64%)
----------------- Invoking toplevel() on ptolemy.moml.MoMLSimpleApplication@74ff2631
----------------- Done invoking toplevel() on ptolemy.moml.MoMLSimpleApplication@74ff2631
reloadAllAccessors: .TransientstateModelAdvanced

===========================================================================================
----------------- testing Sun Aug 16 15:28:18 UTC 2020 /home/travis/build/icyphy/ptII/ptolemy/domains/modal/test/auto/TransientstateModelAdvanced2.xml
----------------- Instantiating /home/travis/build/icyphy/ptII/ptolemy/domains/modal/test/auto/TransientstateModelAdvanced2.xml
2 ms. Memory: 299008K Free: 177850K (59%)
----------------- Invoking toplevel() on ptolemy.moml.MoMLSimpleApplication@1e82a5d5
----------------- Done invoking toplevel() on ptolemy.moml.MoMLSimpleApplication@1e82a5d5
reloadAllAccessors: .transientstatemodelAdvanced

===========================================================================================
----------------- testing Sun Aug 16 15:28:18 UTC 2020 /home/travis/build/icyphy/ptII/ptolemy/domains/modal/test/auto/TransitionRefinements.xml
----------------- Instantiating /home/travis/build/icyphy/ptII/ptolemy/domains/modal/test/auto/TransitionRefinements.xml
6 ms. Memory: 299008K Free: 168138K (56%)
----------------- Invoking toplevel() on ptolemy.moml.MoMLSimpleApplication@42c0259c
----------------- Done invoking toplevel() on ptolemy.moml.MoMLSimpleApplication@42c0259c
reloadAllAccessors: .TransitionRefinements

===========================================================================================
----------------- testing Sun Aug 16 15:28:18 UTC 2020 /home/travis/build/icyphy/ptII/ptolemy/domains/modal/test/auto/TwoRefinements1.xml
----------------- Instantiating /home/travis/build/icyphy/ptII/ptolemy/domains/modal/test/auto/TwoRefinements1.xml
3 ms. Memory: 299008K Free: 158408K (53%)
----------------- Invoking toplevel() on ptolemy.moml.MoMLSimpleApplication@797c433c
----------------- Done invoking toplevel() on ptolemy.moml.MoMLSimpleApplication@797c433c
reloadAllAccessors: .TwoRefinements1

===========================================================================================
----------------- testing Sun Aug 16 15:28:18 UTC 2020 /home/travis/build/icyphy/ptII/ptolemy/domains/modal/test/auto/TwoRefinements2.xml
----------------- Instantiating /home/travis/build/icyphy/ptII/ptolemy/domains/modal/test/auto/TwoRefinements2.xml
2 ms. Memory: 299008K Free: 148682K (50%)
----------------- Invoking toplevel() on ptolemy.moml.MoMLSimpleApplication@6969927c
----------------- Done invoking toplevel() on ptolemy.moml.MoMLSimpleApplication@6969927c
reloadAllAccessors: .TwoRefinements2

===========================================================================================
----------------- testing Sun Aug 16 15:28:18 UTC 2020 /home/travis/build/icyphy/ptII/ptolemy/domains/modal/test/auto/WeakImmediateTransition.xml
----------------- Instantiating /home/travis/build/icyphy/ptII/ptolemy/domains/modal/test/auto/WeakImmediateTransition.xml
3 ms. Memory: 299008K Free: 139976K (47%)
----------------- Invoking toplevel() on ptolemy.moml.MoMLSimpleApplication@402430ab
----------------- Done invoking toplevel() on ptolemy.moml.MoMLSimpleApplication@402430ab
reloadAllAccessors: .WeakImmediateTransition

===========================================================================================
----------------- testing Sun Aug 16 15:28:18 UTC 2020 /home/travis/build/icyphy/ptII/ptolemy/domains/modal/test/auto/booleanSelect.xml
----------------- Instantiating /home/travis/build/icyphy/ptII/ptolemy/domains/modal/test/auto/booleanSelect.xml
33 ms. Memory: 299008K Free: 122058K (41%)
----------------- Invoking toplevel() on ptolemy.moml.MoMLSimpleApplication@13f80aa3
----------------- Done invoking toplevel() on ptolemy.moml.MoMLSimpleApplication@13f80aa3
reloadAllAccessors: .booleanSelect

===========================================================================================
----------------- testing Sun Aug 16 15:28:18 UTC 2020 /home/travis/build/icyphy/ptII/ptolemy/domains/modal/test/auto/modalChangingParams.xml
----------------- Instantiating /home/travis/build/icyphy/ptII/ptolemy/domains/modal/test/auto/modalChangingParams.xml
0
1
0
2
4
6
8
7
0
2
4
6
8
13
0
2
4
6
8
19
0
2
4
6
8
25
0
2
4
6
8
31
0
2
4
6
8
37
0
2
4
6
8
43
0
2
4
6
8
49
0
2
4
6
8
55
0
2
4
6
8
61
0
2
4
6
8
67
0
2
4
6
8
73
0
2
4
6
8
79
0
2
4
6
8
85
0
2
4
6
8
91
0
2
4
6
8
97
0
2
4
6
8
103
0
2
4
6
8
109
0
2
4
6
8
115
0
2
4
6
8
121
0
2
4
6
8
127
0
2
4
6
8
133
0
2
4
6
8
139
0
2
4
6
8
145
0
2
4
6
8
151
0
2
4
6
8
157
0
2
4
6
8
163
0
2
4
6
8
169
0
2
4
6
8
175
0
2
4
6
8
181
0
2
4
6
8
187
0
2
4
6
8
193
0
2
4
6
8
199
0
2
4
6
8
205
0
2
4
6
8
211
0
2
4
6
8
217
0
2
4
6
8
223
0
2
4
6
8
229
0
2
4
6
8
235
0
2
4
6
8
241
0
2
4
6
8
247
0
2
4
6
8
253
0
2
4
6
8
259
0
2
4
6
8
265
0
2
4
6
8
271
0
2
4
6
8
277
0
2
4
6
8
283
0
2
4
6
8
289
0
2
4
6
8
295
0
2
4
6
8
301
0
2
4
6
8
307
0
2
4
6
8
313
0
2
4
6
8
319
0
2
4
6
8
325
0
2
4
6
8
331
0
2
4
6
8
337
0
2
4
6
8
343
0
2
4
6
8
349
0
2
4
6
8
355
0
2
4
6
8
361
0
2
4
6
8
367
0
2
4
6
8
373
0
2
4
6
8
379
0
2
4
6
8
385
0
2
4
6
8
391
0
2
4
6
8
397
0
2
4
6
8
403
0
2
4
6
8
409
0
2
4
6
8
415
0
2
4
6
8
421
0
2
4
6
8
427
0
2
4
6
8
433
0
2
4
6
8
439
0
2
4
6
8
445
0
2
4
6
8
451
0
2
4
6
8
457
0
2
4
6
8
463
0
2
4
6
8
469
0
2
4
6
8
475
0
2
4
6
8
481
0
2
4
6
8
487
0
2
4
6
8
493
0
2
4
6
8
499
0
2
4
6
8
505
0
2
4
6
8
511
0
2
4
6
8
517
0
2
4
6
8
523
0
2
4
6
8
529
0
2
4
6
8
535
0
2
4
6
8
541
0
2
4
6
8
547
0
2
4
6
8
553
0
2
4
6
8
559
0
2
4
6
8
565
0
2
4
6
8
571
0
2
4
6
8
577
0
2
4
6
8
583
0
2
4
6
8
589
0
2
4
6
8
595
0
2
4
6
8
601
0
2
4
6
8
607
0
2
4
6
8
613
0
2
4
6
8
619
0
2
4
6
8
625
0
2
4
6
8
631
0
2
4
6
8
637
0
2
4
6
8
643
0
2
4
6
8
649
0
2
4
6
8
655
0
2
4
6
8
661
0
2
4
6
8
667
0
2
4
6
8
673
0
2
4
6
8
679
0
2
4
6
8
685
0
2
4
6
8
691
0
2
4
6
8
697
0
2
4
6
8
703
0
2
4
6
8
709
0
2
4
6
8
715
0
2
4
6
8
721
0
2
4
6
8
727
0
2
4
6
8
733
0
2
4
6
8
739
0
2
4
6
8
745
0
2
4
6
8
751
0
2
4
6
8
757
0
2
4
6
8
763
0
2
4
6
8
769
0
2
4
6
8
775
0
2
4
6
8
781
0
2
4
6
8
787
0
2
4
6
8
793
0
2
4
6
8
799
0
2
4
6
8
805
0
2
4
6
8
811
0
2
4
6
8
817
0
2
4
6
8
823
0
2
4
6
8
829
0
2
4
6
8
835
0
2
4
6
8
841
0
2
4
6
8
847
0
2
4
6
8
853
0
2
4
6
8
859
0
2
4
6
8
865
0
2
4
6
8
871
0
2
4
6
8
877
0
2
4
6
8
883
0
2
4
6
8
889
0
2
4
6
8
895
0
2
4
6
8
901
0
2
4
6
8
907
0
2
4
6
8
913
0
2
4
6
8
919
0
2
4
6
8
925
0
2
4
6
8
931
0
2
4
6
8
937
0
2
4
6
8
943
0
2
4
6
8
949
0
2
4
6
8
955
0
2
4
6
8
961
0
2
4
6
8
967
0
2
4
6
8
973
0
2
4
6
8
979
0
2
4
6
8
985
0
2
4
6
8
991
0
2
4
6
8
997
0
2
245 ms. Memory: 299008K Free: 182989K (61%)
----------------- Invoking toplevel() on ptolemy.moml.MoMLSimpleApplication@7e181208
----------------- Done invoking toplevel() on ptolemy.moml.MoMLSimpleApplication@7e181208
reloadAllAccessors: .modalChangingParams

===========================================================================================
----------------- testing Sun Aug 16 15:28:19 UTC 2020 /home/travis/build/icyphy/ptII/ptolemy/domains/modal/test/auto/modalModel.xml
----------------- Instantiating /home/travis/build/icyphy/ptII/ptolemy/domains/modal/test/auto/modalModel.xml
6 ms. Memory: 299008K Free: 174155K (58%)
----------------- Invoking toplevel() on ptolemy.moml.MoMLSimpleApplication@42ab9368
----------------- Done invoking toplevel() on ptolemy.moml.MoMLSimpleApplication@42ab9368
reloadAllAccessors: .modalModel

===========================================================================================
----------------- testing Sun Aug 16 15:28:19 UTC 2020 /home/travis/build/icyphy/ptII/ptolemy/domains/modal/test/auto/modalModel2.xml
----------------- Instantiating /home/travis/build/icyphy/ptII/ptolemy/domains/modal/test/auto/modalModel2.xml
10 ms. Memory: 299008K Free: 163371K (55%)
----------------- Invoking toplevel() on ptolemy.moml.MoMLSimpleApplication@19a35fc5
----------------- Done invoking toplevel() on ptolemy.moml.MoMLSimpleApplication@19a35fc5
reloadAllAccessors: .modalModel2

===========================================================================================
----------------- testing Sun Aug 16 15:28:19 UTC 2020 /home/travis/build/icyphy/ptII/ptolemy/domains/modal/test/auto/modalModel3.xml
----------------- Instantiating /home/travis/build/icyphy/ptII/ptolemy/domains/modal/test/auto/modalModel3.xml
0	0	0
3	2	1
6	4	2
9	6	3
4	0	4
7	2	5
10	4	6
13	6	7
8	0	8
11	2	9
14	4	10
17	6	11
12	0	12
15	2	13
18	4	14
17 ms. Memory: 299008K Free: 148555K (50%)
----------------- Invoking toplevel() on ptolemy.moml.MoMLSimpleApplication@7bb95ee0
----------------- Done invoking toplevel() on ptolemy.moml.MoMLSimpleApplication@7bb95ee0
reloadAllAccessors: .modalModel3

===========================================================================================
----------------- testing Sun Aug 16 15:28:19 UTC 2020 /home/travis/build/icyphy/ptII/ptolemy/domains/modal/test/auto/model1.xml
----------------- Instantiating /home/travis/build/icyphy/ptII/ptolemy/domains/modal/test/auto/model1.xml
11 ms. Memory: 299008K Free: 142915K (48%)
----------------- Invoking toplevel() on ptolemy.moml.MoMLSimpleApplication@1c27e1b
----------------- Done invoking toplevel() on ptolemy.moml.MoMLSimpleApplication@1c27e1b
reloadAllAccessors: .model1

===========================================================================================
----------------- testing Sun Aug 16 15:28:19 UTC 2020 /home/travis/build/icyphy/ptII/ptolemy/domains/modal/test/auto/test-direct-in-out.xml
----------------- Instantiating /home/travis/build/icyphy/ptII/ptolemy/domains/modal/test/auto/test-direct-in-out.xml
4 ms. Memory: 299008K Free: 135243K (45%)
----------------- Invoking toplevel() on ptolemy.moml.MoMLSimpleApplication@15b104d7
----------------- Done invoking toplevel() on ptolemy.moml.MoMLSimpleApplication@15b104d7
reloadAllAccessors: .test-direct-in-out
AutoTests.java: About to close Vertx.
AutoTests.java: Vertx closed.
]]></system-out>
  <system-err><![CDATA[java.lang.RuntimeException: Execution failed
	at ptolemy.moml.MoMLSimpleApplication$UnloadThread.run(MoMLSimpleApplication.java:402)
Caused by: ptolemy.kernel.util.IllegalActionException: Unknown inputs remain. Possible causality loop:
L_model_1893289564i

  in .CannotAnalysisWithPreemption.model_1893289564_region_1 and .CannotAnalysisWithPreemption.model_1893289564_region_1.L_model_1893289564i
	at ptolemy.actor.sched.FixedPointDirector.postfire(FixedPointDirector.java:515)
	at ptolemy.domains.sr.kernel.SRDirector.postfire(SRDirector.java:417)
	at ptolemy.actor.CompositeActor.postfire(CompositeActor.java:1668)
	at ptolemy.actor.Manager.iterate(Manager.java:852)
	at ptolemy.actor.Manager.execute(Manager.java:369)
	at ptolemy.actor.Manager.run(Manager.java:1263)
	at ptolemy.actor.Manager$PtolemyRunThread.run(Manager.java:1933)
java.lang.reflect.InvocationTargetException
	at java.base/jdk.internal.reflect.NativeConstructorAccessorImpl.newInstance0(Native Method)
	at java.base/jdk.internal.reflect.NativeConstructorAccessorImpl.newInstance(NativeConstructorAccessorImpl.java:62)
	at java.base/jdk.internal.reflect.DelegatingConstructorAccessorImpl.newInstance(DelegatingConstructorAccessorImpl.java:45)
	at java.base/java.lang.reflect.Constructor.newInstance(Constructor.java:490)
	at ptolemy.util.test.junit.AutoKnownFailedTests.RunModel(AutoKnownFailedTests.java:105)
	at java.base/jdk.internal.reflect.NativeMethodAccessorImpl.invoke0(Native Method)
	at java.base/jdk.internal.reflect.NativeMethodAccessorImpl.invoke(NativeMethodAccessorImpl.java:62)
	at java.base/jdk.internal.reflect.DelegatingMethodAccessorImpl.invoke(DelegatingMethodAccessorImpl.java:43)
	at java.base/java.lang.reflect.Method.invoke(Method.java:566)
	at org.junit.runners.model.FrameworkMethod$1.runReflectiveCall(FrameworkMethod.java:44)
	at org.junit.internal.runners.model.ReflectiveCallable.run(ReflectiveCallable.java:15)
	at org.junit.runners.model.FrameworkMethod.invokeExplosively(FrameworkMethod.java:41)
	at junitparams.internal.InvokeParameterisedMethod.evaluate(InvokeParameterisedMethod.java:102)
	at org.junit.internal.runners.statements.FailOnTimeout$1.run(FailOnTimeout.java:28)
Caused by: ptolemy.kernel.util.IllegalActionException: Unknown inputs remain. Possible causality loop:
L_model_1893289564i

  in .CannotAnalysisWithPreemption.model_1893289564_region_1 and .CannotAnalysisWithPreemption.model_1893289564_region_1.L_model_1893289564i
	at ptolemy.actor.sched.FixedPointDirector.postfire(FixedPointDirector.java:515)
	at ptolemy.domains.sr.kernel.SRDirector.postfire(SRDirector.java:417)
	at ptolemy.actor.CompositeActor.postfire(CompositeActor.java:1668)
	at ptolemy.actor.Manager.iterate(Manager.java:852)
	at ptolemy.actor.Manager.execute(Manager.java:369)
	at ptolemy.actor.Manager.run(Manager.java:1263)
	at ptolemy.actor.Manager$PtolemyRunThread.run(Manager.java:1933)
]]></system-err>
</testsuite>
