<?xml version="1.0" encoding="UTF-8" ?>
<testsuite errors="0" failures="0" hostname="travis-job-55164e78-e997-4915-ab85-559d531c891f" name="ptolemy.domains.de.test.junit.JUnitTclTest" skipped="0" tests="101" time="122.634" timestamp="2020-10-16T15:47:43">
  <properties>
[...]
</properties>
  <testcase classname="ptolemy.util.test.junit.TclTests" name="[0] /home/travis/build/icyphy/ptII/ptolemy/domains/de/test/DependencyLoop.tcl (RunTclFile)" time="0.876" />
  <testcase classname="ptolemy.util.test.junit.TclTests" name="[1] /home/travis/build/icyphy/ptII/ptolemy/domains/de/test/RunDETestsAsQSS.tcl (RunTclFile)" time="82.711" />
  <testcase classname="ptolemy.util.test.junit.AutoKnownFailedTests" name="[0] /home/travis/build/icyphy/ptII/ptolemy/domains/de/test/auto/knownFailedTests/DESDFClockTest.xml (RunModel)" time="2.042" />
  <testcase classname="ptolemy.util.test.junit.AutoKnownFailedTests" name="[1] /home/travis/build/icyphy/ptII/ptolemy/domains/de/test/auto/knownFailedTests/DirectFeedback.xml (RunModel)" time="0.03" />
  <testcase classname="ptolemy.util.test.junit.AutoKnownFailedTests" name="[2] /home/travis/build/icyphy/ptII/ptolemy/domains/de/test/auto/knownFailedTests/FSMSource.xml (RunModel)" time="0.031" />
  <testcase classname="ptolemy.util.test.junit.AutoKnownFailedTests" name="[3] /home/travis/build/icyphy/ptII/ptolemy/domains/de/test/auto/knownFailedTests/HierarchicalModel.xml (RunModel)" time="0.04" />
  <testcase classname="ptolemy.util.test.junit.AutoKnownFailedTests" name="[4] /home/travis/build/icyphy/ptII/ptolemy/domains/de/test/auto/knownFailedTests/dependencyLoop.xml (RunModel)" time="0.041" />
  <testcase classname="ptolemy.util.test.junit.AutoKnownFailedTests" name="[5] /home/travis/build/icyphy/ptII/ptolemy/domains/de/test/auto/knownFailedTests/dependencyLoop2.xml (RunModel)" time="0.048" />
  <testcase classname="ptolemy.util.test.junit.AutoNameArchTests" name="[0] ThereAreNoAutoArchTests (RunModel)" time="0.001" />
  <testcase classname="ptolemy.util.test.junit.AutoTests" name="[0] /home/travis/build/icyphy/ptII/ptolemy/domains/de/test/auto/ActorDepthCalculation_actorWithoutPorts.xml (RunModel)" time="0.021" />
  <testcase classname="ptolemy.util.test.junit.AutoTests" name="[1] /home/travis/build/icyphy/ptII/ptolemy/domains/de/test/auto/AssemblyLine.xml (RunModel)" time="0.026" />
  <testcase classname="ptolemy.util.test.junit.AutoTests" name="[2] /home/travis/build/icyphy/ptII/ptolemy/domains/de/test/auto/CQBug1.xml (RunModel)" time="0.015" />
  <testcase classname="ptolemy.util.test.junit.AutoTests" name="[3] /home/travis/build/icyphy/ptII/ptolemy/domains/de/test/auto/CancelFireAt.xml (RunModel)" time="0.033" />
  <testcase classname="ptolemy.util.test.junit.AutoTests" name="[4] /home/travis/build/icyphy/ptII/ptolemy/domains/de/test/auto/CausalityAndComposabilityAnalysis.xml (RunModel)" time="0.016" />
  <testcase classname="ptolemy.util.test.junit.AutoTests" name="[5] /home/travis/build/icyphy/ptII/ptolemy/domains/de/test/auto/CausalityInterface1.xml (RunModel)" time="0.014" />
  <testcase classname="ptolemy.util.test.junit.AutoTests" name="[6] /home/travis/build/icyphy/ptII/ptolemy/domains/de/test/auto/CausalityInterface15.xml (RunModel)" time="0.015" />
  <testcase classname="ptolemy.util.test.junit.AutoTests" name="[7] /home/travis/build/icyphy/ptII/ptolemy/domains/de/test/auto/CausalityInterface2.xml (RunModel)" time="0.014" />
  <testcase classname="ptolemy.util.test.junit.AutoTests" name="[8] /home/travis/build/icyphy/ptII/ptolemy/domains/de/test/auto/CausalityInterface3.xml (RunModel)" time="0.012" />
  <testcase classname="ptolemy.util.test.junit.AutoTests" name="[9] /home/travis/build/icyphy/ptII/ptolemy/domains/de/test/auto/ClockDrift.xml (RunModel)" time="0.039" />
  <testcase classname="ptolemy.util.test.junit.AutoTests" name="[10] /home/travis/build/icyphy/ptII/ptolemy/domains/de/test/auto/ClockDriftAndValueChange.xml (RunModel)" time="0.028" />
  <testcase classname="ptolemy.util.test.junit.AutoTests" name="[11] /home/travis/build/icyphy/ptII/ptolemy/domains/de/test/auto/ClockDriftChange.xml (RunModel)" time="0.035" />
  <testcase classname="ptolemy.util.test.junit.AutoTests" name="[12] /home/travis/build/icyphy/ptII/ptolemy/domains/de/test/auto/ComposableCausalityAnalysis.xml (RunModel)" time="0.014" />
  <testcase classname="ptolemy.util.test.junit.AutoTests" name="[13] /home/travis/build/icyphy/ptII/ptolemy/domains/de/test/auto/DEFixedPointLimitation.xml (RunModel)" time="0.01" />
  <testcase classname="ptolemy.util.test.junit.AutoTests" name="[14] /home/travis/build/icyphy/ptII/ptolemy/domains/de/test/auto/DEScheduleTest.xml (RunModel)" time="0.014" />
  <testcase classname="ptolemy.util.test.junit.AutoTests" name="[15] /home/travis/build/icyphy/ptII/ptolemy/domains/de/test/auto/DEinDEwithStartTimes.xml (RunModel)" time="0.015" />
  <testcase classname="ptolemy.util.test.junit.AutoTests" name="[16] /home/travis/build/icyphy/ptII/ptolemy/domains/de/test/auto/DEinDEwithStartTimes2.xml (RunModel)" time="0.024" />
  <testcase classname="ptolemy.util.test.junit.AutoTests" name="[17] /home/travis/build/icyphy/ptII/ptolemy/domains/de/test/auto/DateDemo.xml (RunModel)" time="0.029" />
  <testcase classname="ptolemy.util.test.junit.AutoTests" name="[18] /home/travis/build/icyphy/ptII/ptolemy/domains/de/test/auto/DateToEvent.xml (RunModel)" time="2.037" />
  <testcase classname="ptolemy.util.test.junit.AutoTests" name="[19] /home/travis/build/icyphy/ptII/ptolemy/domains/de/test/auto/DepthTest1.xml (RunModel)" time="0.015" />
  <testcase classname="ptolemy.util.test.junit.AutoTests" name="[20] /home/travis/build/icyphy/ptII/ptolemy/domains/de/test/auto/DepthTest2.xml (RunModel)" time="0.018" />
  <testcase classname="ptolemy.util.test.junit.AutoTests" name="[21] /home/travis/build/icyphy/ptII/ptolemy/domains/de/test/auto/DepthTest3.xml (RunModel)" time="0.012" />
  <testcase classname="ptolemy.util.test.junit.AutoTests" name="[22] /home/travis/build/icyphy/ptII/ptolemy/domains/de/test/auto/DepthTest4.xml (RunModel)" time="0.017" />
  <testcase classname="ptolemy.util.test.junit.AutoTests" name="[23] /home/travis/build/icyphy/ptII/ptolemy/domains/de/test/auto/DepthTest5.xml (RunModel)" time="0.013" />
  <testcase classname="ptolemy.util.test.junit.AutoTests" name="[24] /home/travis/build/icyphy/ptII/ptolemy/domains/de/test/auto/DepthTest6.xml (RunModel)" time="0.011" />
  <testcase classname="ptolemy.util.test.junit.AutoTests" name="[25] /home/travis/build/icyphy/ptII/ptolemy/domains/de/test/auto/DepthTest7.xml (RunModel)" time="0.012" />
  <testcase classname="ptolemy.util.test.junit.AutoTests" name="[26] /home/travis/build/icyphy/ptII/ptolemy/domains/de/test/auto/EventToDate.xml (RunModel)" time="3.032" />
  <testcase classname="ptolemy.util.test.junit.AutoTests" name="[27] /home/travis/build/icyphy/ptII/ptolemy/domains/de/test/auto/FSM1.xml (RunModel)" time="0.033" />
  <testcase classname="ptolemy.util.test.junit.AutoTests" name="[28] /home/travis/build/icyphy/ptII/ptolemy/domains/de/test/auto/FSM7.xml (RunModel)" time="0.051" />
  <testcase classname="ptolemy.util.test.junit.AutoTests" name="[29] /home/travis/build/icyphy/ptII/ptolemy/domains/de/test/auto/Inspection.xml (RunModel)" time="0.04" />
  <testcase classname="ptolemy.util.test.junit.AutoTests" name="[30] /home/travis/build/icyphy/ptII/ptolemy/domains/de/test/auto/Iteration.xml (RunModel)" time="0.028" />
  <testcase classname="ptolemy.util.test.junit.AutoTests" name="[31] /home/travis/build/icyphy/ptII/ptolemy/domains/de/test/auto/LineFault.xml (RunModel)" time="0.506" />
  <testcase classname="ptolemy.util.test.junit.AutoTests" name="[32] /home/travis/build/icyphy/ptII/ptolemy/domains/de/test/auto/MergeModel1Add.xml (RunModel)" time="0.048" />
  <testcase classname="ptolemy.util.test.junit.AutoTests" name="[33] /home/travis/build/icyphy/ptII/ptolemy/domains/de/test/auto/MergeModel2Add.xml (RunModel)" time="0.033" />
  <testcase classname="ptolemy.util.test.junit.AutoTests" name="[34] /home/travis/build/icyphy/ptII/ptolemy/domains/de/test/auto/MergeModel3Add.xml (RunModel)" time="0.043" />
  <testcase classname="ptolemy.util.test.junit.AutoTests" name="[35] /home/travis/build/icyphy/ptII/ptolemy/domains/de/test/auto/MergeWithoutDiscard.xml (RunModel)" time="0.012" />
  <testcase classname="ptolemy.util.test.junit.AutoTests" name="[36] /home/travis/build/icyphy/ptII/ptolemy/domains/de/test/auto/Modal1.xml (RunModel)" time="0.029" />
  <testcase classname="ptolemy.util.test.junit.AutoTests" name="[37] /home/travis/build/icyphy/ptII/ptolemy/domains/de/test/auto/Modal2.xml (RunModel)" time="0.034" />
  <testcase classname="ptolemy.util.test.junit.AutoTests" name="[38] /home/travis/build/icyphy/ptII/ptolemy/domains/de/test/auto/Modal3.xml (RunModel)" time="0.032" />
  <testcase classname="ptolemy.util.test.junit.AutoTests" name="[39] /home/travis/build/icyphy/ptII/ptolemy/domains/de/test/auto/Modal4.xml (RunModel)" time="0.033" />
  <testcase classname="ptolemy.util.test.junit.AutoTests" name="[40] /home/travis/build/icyphy/ptII/ptolemy/domains/de/test/auto/Modal5.xml (RunModel)" time="0.031" />
  <testcase classname="ptolemy.util.test.junit.AutoTests" name="[41] /home/travis/build/icyphy/ptII/ptolemy/domains/de/test/auto/Modal6.xml (RunModel)" time="0.027" />
  <testcase classname="ptolemy.util.test.junit.AutoTests" name="[42] /home/travis/build/icyphy/ptII/ptolemy/domains/de/test/auto/Modal7.xml (RunModel)" time="0.033" />
  <testcase classname="ptolemy.util.test.junit.AutoTests" name="[43] /home/travis/build/icyphy/ptII/ptolemy/domains/de/test/auto/ModalModel.xml (RunModel)" time="0.192" />
  <testcase classname="ptolemy.util.test.junit.AutoTests" name="[44] /home/travis/build/icyphy/ptII/ptolemy/domains/de/test/auto/ModalSource.xml (RunModel)" time="0.022" />
  <testcase classname="ptolemy.util.test.junit.AutoTests" name="[45] /home/travis/build/icyphy/ptII/ptolemy/domains/de/test/auto/NonInterruptibleTimerZeroDelay.xml (RunModel)" time="0.011" />
  <testcase classname="ptolemy.util.test.junit.AutoTests" name="[46] /home/travis/build/icyphy/ptII/ptolemy/domains/de/test/auto/OpenQueueingNetwork.xml (RunModel)" time="2.127" />
  <testcase classname="ptolemy.util.test.junit.AutoTests" name="[47] /home/travis/build/icyphy/ptII/ptolemy/domains/de/test/auto/OpenQueuingNetwork.xml (RunModel)" time="0.278" />
  <testcase classname="ptolemy.util.test.junit.AutoTests" name="[48] /home/travis/build/icyphy/ptII/ptolemy/domains/de/test/auto/PeriodicSampler.xml (RunModel)" time="0.013" />
  <testcase classname="ptolemy.util.test.junit.AutoTests" name="[49] /home/travis/build/icyphy/ptII/ptolemy/domains/de/test/auto/PersistentIO.xml (RunModel)" time="0.022" />
  <testcase classname="ptolemy.util.test.junit.AutoTests" name="[50] /home/travis/build/icyphy/ptII/ptolemy/domains/de/test/auto/PortParameterResetOnInitialize.xml (RunModel)" time="0.02" />
  <testcase classname="ptolemy.util.test.junit.AutoTests" name="[51] /home/travis/build/icyphy/ptII/ptolemy/domains/de/test/auto/PortParameterUpdates.xml (RunModel)" time="0.014" />
  <testcase classname="ptolemy.util.test.junit.AutoTests" name="[52] /home/travis/build/icyphy/ptII/ptolemy/domains/de/test/auto/QueueAndServer.xml (RunModel)" time="0.02" />
  <testcase classname="ptolemy.util.test.junit.AutoTests" name="[53] /home/travis/build/icyphy/ptII/ptolemy/domains/de/test/auto/Records.xml (RunModel)" time="0.013" />
  <testcase classname="ptolemy.util.test.junit.AutoTests" name="[54] /home/travis/build/icyphy/ptII/ptolemy/domains/de/test/auto/ResetTransitionWithStartTime1.xml (RunModel)" time="0.023" />
  <testcase classname="ptolemy.util.test.junit.AutoTests" name="[55] /home/travis/build/icyphy/ptII/ptolemy/domains/de/test/auto/ResetTransitionWithStartTime2.xml (RunModel)" time="0.023" />
  <testcase classname="ptolemy.util.test.junit.AutoTests" name="[56] /home/travis/build/icyphy/ptII/ptolemy/domains/de/test/auto/ResetTransitionWithStartTime3.xml (RunModel)" time="0.021" />
  <testcase classname="ptolemy.util.test.junit.AutoTests" name="[57] /home/travis/build/icyphy/ptII/ptolemy/domains/de/test/auto/ResetTransitionWithStartTime4.xml (RunModel)" time="0.016" />
  <testcase classname="ptolemy.util.test.junit.AutoTests" name="[58] /home/travis/build/icyphy/ptII/ptolemy/domains/de/test/auto/ResettableTimer1.xml (RunModel)" time="0.009" />
  <testcase classname="ptolemy.util.test.junit.AutoTests" name="[59] /home/travis/build/icyphy/ptII/ptolemy/domains/de/test/auto/ResettableTimer2.xml (RunModel)" time="0.008" />
  <testcase classname="ptolemy.util.test.junit.AutoTests" name="[60] /home/travis/build/icyphy/ptII/ptolemy/domains/de/test/auto/ResettableTimer3.xml (RunModel)" time="0.01" />
  <testcase classname="ptolemy.util.test.junit.AutoTests" name="[61] /home/travis/build/icyphy/ptII/ptolemy/domains/de/test/auto/ResettableTimer4.xml (RunModel)" time="0.008" />
  <testcase classname="ptolemy.util.test.junit.AutoTests" name="[62] /home/travis/build/icyphy/ptII/ptolemy/domains/de/test/auto/ResettableTimer5.xml (RunModel)" time="0.01" />
  <testcase classname="ptolemy.util.test.junit.AutoTests" name="[63] /home/travis/build/icyphy/ptII/ptolemy/domains/de/test/auto/ResettableTimer6.xml (RunModel)" time="0.015" />
  <testcase classname="ptolemy.util.test.junit.AutoTests" name="[64] /home/travis/build/icyphy/ptII/ptolemy/domains/de/test/auto/ServerZeroDelay.xml (RunModel)" time="0.01" />
  <testcase classname="ptolemy.util.test.junit.AutoTests" name="[65] /home/travis/build/icyphy/ptII/ptolemy/domains/de/test/auto/SmartSender.xml (RunModel)" time="3.01" />
  <testcase classname="ptolemy.util.test.junit.AutoTests" name="[66] /home/travis/build/icyphy/ptII/ptolemy/domains/de/test/auto/ThreadedComposite.xml (RunModel)" time="0.663" />
  <testcase classname="ptolemy.util.test.junit.AutoTests" name="[67] /home/travis/build/icyphy/ptII/ptolemy/domains/de/test/auto/Time.xml (RunModel)" time="0.378" />
  <testcase classname="ptolemy.util.test.junit.AutoTests" name="[68] /home/travis/build/icyphy/ptII/ptolemy/domains/de/test/auto/TimeDelayZeroDelay.xml (RunModel)" time="0.014" />
  <testcase classname="ptolemy.util.test.junit.AutoTests" name="[69] /home/travis/build/icyphy/ptII/ptolemy/domains/de/test/auto/TimerZeroDelay.xml (RunModel)" time="0.009" />
  <testcase classname="ptolemy.util.test.junit.AutoTests" name="[70] /home/travis/build/icyphy/ptII/ptolemy/domains/de/test/auto/TimingParadox.xml (RunModel)" time="0.307" />
  <testcase classname="ptolemy.util.test.junit.AutoTests" name="[71] /home/travis/build/icyphy/ptII/ptolemy/domains/de/test/auto/TransferInputs.xml (RunModel)" time="0.026" />
  <testcase classname="ptolemy.util.test.junit.AutoTests" name="[72] /home/travis/build/icyphy/ptII/ptolemy/domains/de/test/auto/TransferOutputs2.xml (RunModel)" time="0.017" />
  <testcase classname="ptolemy.util.test.junit.AutoTests" name="[73] /home/travis/build/icyphy/ptII/ptolemy/domains/de/test/auto/Trilateration.xml (RunModel)" time="10.736" />
  <testcase classname="ptolemy.util.test.junit.AutoTests" name="[74] /home/travis/build/icyphy/ptII/ptolemy/domains/de/test/auto/TwoSigmaDelta.xml (RunModel)" time="1.583" />
  <testcase classname="ptolemy.util.test.junit.AutoTests" name="[75] /home/travis/build/icyphy/ptII/ptolemy/domains/de/test/auto/VariableDelay.xml (RunModel)" time="0.01" />
  <testcase classname="ptolemy.util.test.junit.AutoTests" name="[76] /home/travis/build/icyphy/ptII/ptolemy/domains/de/test/auto/VariableDelay2.xml (RunModel)" time="0.012" />
  <testcase classname="ptolemy.util.test.junit.AutoTests" name="[77] /home/travis/build/icyphy/ptII/ptolemy/domains/de/test/auto/VariableDelayZeroDelay.xml (RunModel)" time="0.019" />
  <testcase classname="ptolemy.util.test.junit.AutoTests" name="[78] /home/travis/build/icyphy/ptII/ptolemy/domains/de/test/auto/VariableDelayZeroDelay2.xml (RunModel)" time="0.013" />
  <testcase classname="ptolemy.util.test.junit.AutoTests" name="[79] /home/travis/build/icyphy/ptII/ptolemy/domains/de/test/auto/deInCt.xml (RunModel)" time="0.015" />
  <testcase classname="ptolemy.util.test.junit.AutoTests" name="[80] /home/travis/build/icyphy/ptII/ptolemy/domains/de/test/auto/deInCt2.xml (RunModel)" time="0.014" />
  <testcase classname="ptolemy.util.test.junit.AutoTests" name="[81] /home/travis/build/icyphy/ptII/ptolemy/domains/de/test/auto/dynamicCausalityInterface1.xml (RunModel)" time="0.018" />
  <testcase classname="ptolemy.util.test.junit.AutoTests" name="[82] /home/travis/build/icyphy/ptII/ptolemy/domains/de/test/auto/fsm_de_test.xml (RunModel)" time="0.029" />
  <testcase classname="ptolemy.util.test.junit.AutoTests" name="[83] /home/travis/build/icyphy/ptII/ptolemy/domains/de/test/auto/functionDependencyReconstruction.xml (RunModel)" time="0.045" />
  <testcase classname="ptolemy.util.test.junit.AutoTests" name="[84] /home/travis/build/icyphy/ptII/ptolemy/domains/de/test/auto/multirate.xml (RunModel)" time="0.026" />
  <testcase classname="ptolemy.util.test.junit.AutoTests" name="[85] /home/travis/build/icyphy/ptII/ptolemy/domains/de/test/auto/multirate2.xml (RunModel)" time="0.015" />
  <testcase classname="ptolemy.util.test.junit.AutoTests" name="[86] /home/travis/build/icyphy/ptII/ptolemy/domains/de/test/auto/realtime.xml (RunModel)" time="10.01" />
  <testcase classname="ptolemy.util.test.junit.AutoTests" name="[87] /home/travis/build/icyphy/ptII/ptolemy/domains/de/test/auto/relationGroup.xml (RunModel)" time="0.01" />
  <testcase classname="ptolemy.util.test.junit.AutoTests" name="[88] /home/travis/build/icyphy/ptII/ptolemy/domains/de/test/auto/relationGroup2.xml (RunModel)" time="0.006" />
  <testcase classname="ptolemy.util.test.junit.AutoTests" name="[89] /home/travis/build/icyphy/ptII/ptolemy/domains/de/test/auto/sortWithOpaquePorts.xml (RunModel)" time="0.015" />
  <testcase classname="ptolemy.util.test.junit.AutoTests" name="[90] /home/travis/build/icyphy/ptII/ptolemy/domains/de/test/auto/transferInputsandOutputs.xml (RunModel)" time="0.017" />
  <testcase classname="ptolemy.util.test.junit.AutoTests" name="[91] /home/travis/build/icyphy/ptII/ptolemy/domains/de/test/auto/triggerType.xml (RunModel)" time="0.008" />
  <system-out><![CDATA[/home/travis/build/icyphy/ptII/ptolemy/domains/de/test/DependencyLoop.tcl
testDefs.tcl: setting time out to 9000 seconds at Fri Oct 16 15:47:44 UTC 2020
85 ms. Memory: 129024K Free: 78278K (61%)
11 ms. Memory: 129024K Free: 60855K (47%)
/home/travis/build/icyphy/ptII/ptolemy/domains/de/test/RunDETestsAsQSS.tcl
Run the DE tests using ptolemy.domains.qss.test.QSSDirectorTest, which extends QSSDirector and prints a message in the constructors.
------------------ testing $PTII/ptolemy/domains/de/test/auto/knownFailedTests/DirectFeedback.xml (Known Failure) 
37 ms. Memory: 129024K Free: 54726K (42%)


==== $PTIIhome/travis/build/icyphy/ptII/ptolemy/domains/de/test/../../../../: Auto Automatic test in file $PTII/ptolemy/domains/de/test/auto/knownFailedTests/DirectFeedback.xml
==== Contents of test case:

	    # FIXME: we should use $relativeFilename here, but it
	    # might have backslashes under Windows, which causes no end
	    # of trouble.
	    createAndExecute $file
	    list {}
	
.... Test generated KNOWN error:
    while executing
ptolemy.kernel.util.IllegalActionException: Test fails in iteration 1.
Value was: 1.0. Should have been: 2.0
  in .DirectFeedback.Test
	at ptolemy.actor.lib.Test.fire(Test.java:268)
	at ptolemy.domains.de.kernel.DEDirector._fire(DEDirector.java:1949)
	at ptolemy.domains.de.kernel.DEDirector.fire(DEDirector.java:502)
	at ptolemy.actor.CompositeActor.fire(CompositeActor.java:455)
	at ptolemy.actor.Manager.iterate(Manager.java:851)
	at ptolemy.actor.Manager.execute(Manager.java:369)
	at ptolemy.actor.Manager.run(Manager.java:1263)
	at ptolemy.actor.Manager$PtolemyRunThread.run(Manager.java:1933)

    while executing
ptolemy.kernel.util.IllegalActionException: Test fails in iteration 1.
Value was: 1.0. Should have been: 2.0
  in .DirectFeedback.Test
    while executing
"java::new ptolemy.moml.MoMLSimpleApplication $file
"
    (procedure "createAndExecute" line 2)
    invoked from within
"createAndExecute $file"
    ("uplevel" body line 5)
    invoked from within
"uplevel $contents_of_test"
------------------ testing $PTII/ptolemy/domains/de/test/auto/knownFailedTests/dependencyLoop.xml (Known Failure) 
14 ms. Memory: 129024K Free: 51654K (40%)


==== $PTIIhome/travis/build/icyphy/ptII/ptolemy/domains/de/test/../../../../: Auto Automatic test in file $PTII/ptolemy/domains/de/test/auto/knownFailedTests/dependencyLoop.xml
==== Contents of test case:

	    # FIXME: we should use $relativeFilename here, but it
	    # might have backslashes under Windows, which causes no end
	    # of trouble.
	    createAndExecute $file
	    list {}
	
.... Test generated KNOWN error:
    while executing
ptolemy.kernel.util.IllegalActionException: Found a zero delay loop containing .dependencyLoop.original
  in .dependencyLoop and .dependencyLoop.original
	at ptolemy.actor.util.CausalityInterfaceForComposites._computeOutputPortDepth(CausalityInterfaceForComposites.java:759)
	at ptolemy.actor.util.CausalityInterfaceForComposites._computeInputDepth(CausalityInterfaceForComposites.java:696)
	at ptolemy.actor.util.CausalityInterfaceForComposites._computeOutputPortDepth(CausalityInterfaceForComposites.java:765)
	at ptolemy.actor.util.CausalityInterfaceForComposites._computeInputDepth(CausalityInterfaceForComposites.java:696)
	at ptolemy.actor.util.CausalityInterfaceForComposites._computeOutputPortDepth(CausalityInterfaceForComposites.java:765)
	at ptolemy.actor.util.CausalityInterfaceForComposites._computeInputDepth(CausalityInterfaceForComposites.java:696)
	at ptolemy.actor.util.CausalityInterfaceForComposites._computeActorDepth(CausalityInterfaceForComposites.java:532)
	at ptolemy.actor.util.CausalityInterfaceForComposites.checkForCycles(CausalityInterfaceForComposites.java:96)
	at ptolemy.domains.de.kernel.DEDirector.preinitialize(DEDirector.java:1338)
	at ptolemy.actor.CompositeActor.preinitialize(CompositeActor.java:1828)
	at ptolemy.actor.Manager.preinitializeAndResolveTypes(Manager.java:1040)
	at ptolemy.actor.Manager.initialize(Manager.java:710)
	at ptolemy.actor.Manager.execute(Manager.java:356)
	at ptolemy.actor.Manager.run(Manager.java:1263)
	at ptolemy.actor.Manager$PtolemyRunThread.run(Manager.java:1933)

    while executing
ptolemy.kernel.util.IllegalActionException: Found a zero delay loop containing .dependencyLoop.original
  in .dependencyLoop and .dependencyLoop.original
    while executing
"java::new ptolemy.moml.MoMLSimpleApplication $file
"
    (procedure "createAndExecute" line 2)
    invoked from within
"createAndExecute $file"
    ("uplevel" body line 5)
    invoked from within
"uplevel $contents_of_test"
------------------ testing $PTII/ptolemy/domains/de/test/auto/knownFailedTests/FSMSource.xml (Known Failure) 
68 ms. Memory: 129024K Free: 110072K (85%)
!!!! Auto was marked as failing, but now passes
------------------ testing $PTII/ptolemy/domains/de/test/auto/knownFailedTests/HierarchicalModel.xml (Known Failure) 
14 ms. Memory: 129024K Free: 92333K (72%)


==== $PTIIhome/travis/build/icyphy/ptII/ptolemy/domains/de/test/../../../../: Auto Automatic test in file $PTII/ptolemy/domains/de/test/auto/knownFailedTests/HierarchicalModel.xml
==== Contents of test case:

	    # FIXME: we should use $relativeFilename here, but it
	    # might have backslashes under Windows, which causes no end
	    # of trouble.
	    createAndExecute $file
	    list {}
	
.... Test generated KNOWN error:
    while executing
ptolemy.kernel.util.IllegalActionException: Found a zero delay loop containing .HierarchicalModel.A
  in .HierarchicalModel and .HierarchicalModel.A
	at ptolemy.actor.util.CausalityInterfaceForComposites._computeOutputPortDepth(CausalityInterfaceForComposites.java:759)
	at ptolemy.actor.util.CausalityInterfaceForComposites._computeInputDepth(CausalityInterfaceForComposites.java:696)
	at ptolemy.actor.util.CausalityInterfaceForComposites._computeOutputPortDepth(CausalityInterfaceForComposites.java:765)
	at ptolemy.actor.util.CausalityInterfaceForComposites._computeInputDepth(CausalityInterfaceForComposites.java:696)
	at ptolemy.actor.util.CausalityInterfaceForComposites._computeOutputPortDepth(CausalityInterfaceForComposites.java:765)
	at ptolemy.actor.util.CausalityInterfaceForComposites._computeInputDepth(CausalityInterfaceForComposites.java:696)
	at ptolemy.actor.util.CausalityInterfaceForComposites._computeActorDepth(CausalityInterfaceForComposites.java:532)
	at ptolemy.actor.util.CausalityInterfaceForComposites.checkForCycles(CausalityInterfaceForComposites.java:96)
	at ptolemy.domains.de.kernel.DEDirector.preinitialize(DEDirector.java:1338)
	at ptolemy.actor.CompositeActor.preinitialize(CompositeActor.java:1828)
	at ptolemy.actor.Manager.preinitializeAndResolveTypes(Manager.java:1040)
	at ptolemy.actor.Manager.initialize(Manager.java:710)
	at ptolemy.actor.Manager.execute(Manager.java:356)
	at ptolemy.actor.Manager.run(Manager.java:1263)
	at ptolemy.actor.Manager$PtolemyRunThread.run(Manager.java:1933)

    while executing
ptolemy.kernel.util.IllegalActionException: Found a zero delay loop containing .HierarchicalModel.A
  in .HierarchicalModel and .HierarchicalModel.A
    while executing
"java::new ptolemy.moml.MoMLSimpleApplication $file
"
    (procedure "createAndExecute" line 2)
    invoked from within
"createAndExecute $file"
    ("uplevel" body line 5)
    invoked from within
"uplevel $contents_of_test"
------------------ testing $PTII/ptolemy/domains/de/test/auto/knownFailedTests/dependencyLoop2.xml (Known Failure) 
15 ms. Memory: 129024K Free: 76685K (59%)


==== $PTIIhome/travis/build/icyphy/ptII/ptolemy/domains/de/test/../../../../: Auto Automatic test in file $PTII/ptolemy/domains/de/test/auto/knownFailedTests/dependencyLoop2.xml
==== Contents of test case:

	    # FIXME: we should use $relativeFilename here, but it
	    # might have backslashes under Windows, which causes no end
	    # of trouble.
	    createAndExecute $file
	    list {}
	
.... Test generated KNOWN error:
    while executing
ptolemy.kernel.util.IllegalActionException: Found a zero delay loop containing .dependencyLoop2.original
  in .dependencyLoop2 and .dependencyLoop2.original
	at ptolemy.actor.util.CausalityInterfaceForComposites._computeOutputPortDepth(CausalityInterfaceForComposites.java:759)
	at ptolemy.actor.util.CausalityInterfaceForComposites._computeInputDepth(CausalityInterfaceForComposites.java:696)
	at ptolemy.actor.util.CausalityInterfaceForComposites._computeOutputPortDepth(CausalityInterfaceForComposites.java:765)
	at ptolemy.actor.util.CausalityInterfaceForComposites._computeInputDepth(CausalityInterfaceForComposites.java:696)
	at ptolemy.actor.util.CausalityInterfaceForComposites._computeOutputPortDepth(CausalityInterfaceForComposites.java:765)
	at ptolemy.actor.util.CausalityInterfaceForComposites._computeInputDepth(CausalityInterfaceForComposites.java:696)
	at ptolemy.actor.util.CausalityInterfaceForComposites._computeActorDepth(CausalityInterfaceForComposites.java:532)
	at ptolemy.actor.util.CausalityInterfaceForComposites.checkForCycles(CausalityInterfaceForComposites.java:96)
	at ptolemy.domains.de.kernel.DEDirector.preinitialize(DEDirector.java:1338)
	at ptolemy.actor.CompositeActor.preinitialize(CompositeActor.java:1828)
	at ptolemy.actor.Manager.preinitializeAndResolveTypes(Manager.java:1040)
	at ptolemy.actor.Manager.initialize(Manager.java:710)
	at ptolemy.actor.Manager.execute(Manager.java:356)
	at ptolemy.actor.Manager.run(Manager.java:1263)
	at ptolemy.actor.Manager$PtolemyRunThread.run(Manager.java:1933)

    while executing
ptolemy.kernel.util.IllegalActionException: Found a zero delay loop containing .dependencyLoop2.original
  in .dependencyLoop2 and .dependencyLoop2.original
    while executing
"java::new ptolemy.moml.MoMLSimpleApplication $file
"
    (procedure "createAndExecute" line 2)
    invoked from within
"createAndExecute $file"
    ("uplevel" body line 5)
    invoked from within
"uplevel $contents_of_test"
------------------ testing $PTII/ptolemy/domains/de/test/auto/knownFailedTests/DESDFClockTest.xml (Known Failure) 
2061 ms. Memory: 129024K Free: 106302K (82%)


==== $PTIIhome/travis/build/icyphy/ptII/ptolemy/domains/de/test/../../../../: Auto Automatic test in file $PTII/ptolemy/domains/de/test/auto/knownFailedTests/DESDFClockTest.xml
==== Contents of test case:

	    # FIXME: we should use $relativeFilename here, but it
	    # might have backslashes under Windows, which causes no end
	    # of trouble.
	    createAndExecute $file
	    list {}
	
.... Test generated KNOWN error:
    while executing
ptolemy.kernel.util.IllegalActionException: Actor is not ready to fire.  Perhaps UpSample.prefire() returned false? Try debugging the actor by selecting "Listen to Actor".  Also, for SDF check moml for tokenConsumptionRate on input.
  in .DESDFClockTest.Play Bell.Copy1:SDF Director and .DESDFClockTest.Play Bell.UpSample
	at ptolemy.actor.sched.StaticSchedulingDirector.fire(StaticSchedulingDirector.java:227)
	at ptolemy.domains.sdf.kernel.SDFDirector.fire(SDFDirector.java:500)
	at ptolemy.actor.CompositeActor.fire(CompositeActor.java:455)
	at ptolemy.domains.de.kernel.DEDirector._fire(DEDirector.java:1949)
	at ptolemy.domains.de.kernel.DEDirector.fire(DEDirector.java:502)
	at ptolemy.actor.CompositeActor.fire(CompositeActor.java:455)
	at ptolemy.actor.Manager.iterate(Manager.java:851)
	at ptolemy.actor.Manager.execute(Manager.java:369)
	at ptolemy.actor.Manager.run(Manager.java:1263)
	at ptolemy.actor.Manager$PtolemyRunThread.run(Manager.java:1933)

    while executing
ptolemy.kernel.util.IllegalActionException: Actor is not ready to fire.  Perhaps UpSample.prefire() returned false? Try debugging the actor by selecting "Listen to Actor".  Also, for SDF check moml for tokenConsumptionRate on input.
  in .DESDFClockTest.Play Bell.Copy1:SDF Director and .DESDFClockTest.Play Bell.UpSample
    while executing
"java::new ptolemy.moml.MoMLSimpleApplication $file
"
    (procedure "createAndExecute" line 2)
    invoked from within
"createAndExecute $file"
    ("uplevel" body line 5)
    invoked from within
"uplevel $contents_of_test"
------------------ testing $PTII/ptolemy/domains/de/test/auto/ActorDepthCalculation_actorWithoutPorts.xml
auto.tcl: Setting watchdog for 200 seconds at Fri Oct 16 15:47:47 UTC 2020
4 ms. Memory: 129024K Free: 98606K (76%)
ptolemy.util.test.WatchDog.cancel(): canceling Fri Oct 16 15:47:47 UTC 2020
auto.tcl: Setting watchdog for 200 seconds at Fri Oct 16 15:47:47 UTC 2020
4 ms. Memory: 129024K Free: 97086K (75%)
ptolemy.util.test.WatchDog.cancel(): canceling Fri Oct 16 15:47:47 UTC 2020
------------------ testing $PTII/ptolemy/domains/de/test/auto/AssemblyLine.xml
auto.tcl: Setting watchdog for 200 seconds at Fri Oct 16 15:47:48 UTC 2020
19 ms. Memory: 48128K Free: 24932K (52%)
ptolemy.util.test.WatchDog.cancel(): canceling Fri Oct 16 15:47:48 UTC 2020
auto.tcl: Setting watchdog for 200 seconds at Fri Oct 16 15:47:48 UTC 2020
6 ms. Memory: 48128K Free: 24239K (50%)
ptolemy.util.test.WatchDog.cancel(): canceling Fri Oct 16 15:47:48 UTC 2020
------------------ testing $PTII/ptolemy/domains/de/test/auto/CQBug1.xml
auto.tcl: Setting watchdog for 200 seconds at Fri Oct 16 15:47:48 UTC 2020
4 ms. Memory: 48128K Free: 30510K (63%)
ptolemy.util.test.WatchDog.cancel(): canceling Fri Oct 16 15:47:48 UTC 2020
auto.tcl: Setting watchdog for 200 seconds at Fri Oct 16 15:47:48 UTC 2020
2 ms. Memory: 48128K Free: 30077K (62%)
ptolemy.util.test.WatchDog.cancel(): canceling Fri Oct 16 15:47:48 UTC 2020
------------------ testing $PTII/ptolemy/domains/de/test/auto/CancelFireAt.xml
auto.tcl: Setting watchdog for 200 seconds at Fri Oct 16 15:47:48 UTC 2020
4 ms. Memory: 48128K Free: 31640K (66%)
ptolemy.util.test.WatchDog.cancel(): canceling Fri Oct 16 15:47:48 UTC 2020
auto.tcl: Setting watchdog for 200 seconds at Fri Oct 16 15:47:48 UTC 2020
2 ms. Memory: 48128K Free: 31199K (65%)
ptolemy.util.test.WatchDog.cancel(): canceling Fri Oct 16 15:47:48 UTC 2020
------------------ testing $PTII/ptolemy/domains/de/test/auto/CausalityAndComposabilityAnalysis.xml
auto.tcl: Setting watchdog for 200 seconds at Fri Oct 16 15:47:48 UTC 2020
8 ms. Memory: 48128K Free: 29410K (61%)
ptolemy.util.test.WatchDog.cancel(): canceling Fri Oct 16 15:47:48 UTC 2020
auto.tcl: Setting watchdog for 200 seconds at Fri Oct 16 15:47:48 UTC 2020
4 ms. Memory: 48128K Free: 28977K (60%)
ptolemy.util.test.WatchDog.cancel(): canceling Fri Oct 16 15:47:48 UTC 2020
------------------ testing $PTII/ptolemy/domains/de/test/auto/CausalityInterface1.xml
auto.tcl: Setting watchdog for 200 seconds at Fri Oct 16 15:47:48 UTC 2020
31 ms. Memory: 48128K Free: 28339K (59%)
ptolemy.util.test.WatchDog.cancel(): canceling Fri Oct 16 15:47:48 UTC 2020
auto.tcl: Setting watchdog for 200 seconds at Fri Oct 16 15:47:48 UTC 2020
5 ms. Memory: 48128K Free: 27360K (57%)
ptolemy.util.test.WatchDog.cancel(): canceling Fri Oct 16 15:47:48 UTC 2020
------------------ testing $PTII/ptolemy/domains/de/test/auto/CausalityInterface15.xml
auto.tcl: Setting watchdog for 200 seconds at Fri Oct 16 15:47:48 UTC 2020
7 ms. Memory: 48128K Free: 28266K (59%)
ptolemy.util.test.WatchDog.cancel(): canceling Fri Oct 16 15:47:48 UTC 2020
auto.tcl: Setting watchdog for 200 seconds at Fri Oct 16 15:47:48 UTC 2020
4 ms. Memory: 48128K Free: 27285K (57%)
ptolemy.util.test.WatchDog.cancel(): canceling Fri Oct 16 15:47:48 UTC 2020
------------------ testing $PTII/ptolemy/domains/de/test/auto/CausalityInterface2.xml
auto.tcl: Setting watchdog for 200 seconds at Fri Oct 16 15:47:48 UTC 2020
5 ms. Memory: 48128K Free: 29038K (60%)
ptolemy.util.test.WatchDog.cancel(): canceling Fri Oct 16 15:47:48 UTC 2020
auto.tcl: Setting watchdog for 200 seconds at Fri Oct 16 15:47:48 UTC 2020
3 ms. Memory: 48128K Free: 27899K (58%)
ptolemy.util.test.WatchDog.cancel(): canceling Fri Oct 16 15:47:48 UTC 2020
------------------ testing $PTII/ptolemy/domains/de/test/auto/CausalityInterface3.xml
auto.tcl: Setting watchdog for 200 seconds at Fri Oct 16 15:47:48 UTC 2020
4 ms. Memory: 48128K Free: 28517K (59%)
ptolemy.util.test.WatchDog.cancel(): canceling Fri Oct 16 15:47:48 UTC 2020
auto.tcl: Setting watchdog for 200 seconds at Fri Oct 16 15:47:48 UTC 2020
3 ms. Memory: 48128K Free: 28067K (58%)
ptolemy.util.test.WatchDog.cancel(): canceling Fri Oct 16 15:47:48 UTC 2020
------------------ testing $PTII/ptolemy/domains/de/test/auto/ClockDrift.xml
auto.tcl: Setting watchdog for 200 seconds at Fri Oct 16 15:47:49 UTC 2020
75 ms. Memory: 48128K Free: 20606K (43%)
ptolemy.util.test.WatchDog.cancel(): canceling Fri Oct 16 15:47:49 UTC 2020
auto.tcl: Setting watchdog for 200 seconds at Fri Oct 16 15:47:49 UTC 2020
34 ms. Memory: 48128K Free: 17651K (37%)
ptolemy.util.test.WatchDog.cancel(): canceling Fri Oct 16 15:47:49 UTC 2020
------------------ testing $PTII/ptolemy/domains/de/test/auto/ClockDriftAndValueChange.xml
auto.tcl: Setting watchdog for 200 seconds at Fri Oct 16 15:47:49 UTC 2020
35 ms. Memory: 48128K Free: 20939K (44%)
ptolemy.util.test.WatchDog.cancel(): canceling Fri Oct 16 15:47:49 UTC 2020
auto.tcl: Setting watchdog for 200 seconds at Fri Oct 16 15:47:49 UTC 2020
30 ms. Memory: 48128K Free: 17948K (37%)
ptolemy.util.test.WatchDog.cancel(): canceling Fri Oct 16 15:47:49 UTC 2020
------------------ testing $PTII/ptolemy/domains/de/test/auto/ClockDriftChange.xml
auto.tcl: Setting watchdog for 200 seconds at Fri Oct 16 15:47:49 UTC 2020
18 ms. Memory: 48128K Free: 22987K (48%)
ptolemy.util.test.WatchDog.cancel(): canceling Fri Oct 16 15:47:49 UTC 2020
auto.tcl: Setting watchdog for 200 seconds at Fri Oct 16 15:47:49 UTC 2020
28 ms. Memory: 48128K Free: 20408K (42%)
ptolemy.util.test.WatchDog.cancel(): canceling Fri Oct 16 15:47:49 UTC 2020
------------------ testing $PTII/ptolemy/domains/de/test/auto/ComposableCausalityAnalysis.xml
auto.tcl: Setting watchdog for 200 seconds at Fri Oct 16 15:47:49 UTC 2020
2 ms. Memory: 48128K Free: 27870K (58%)
ptolemy.util.test.WatchDog.cancel(): canceling Fri Oct 16 15:47:49 UTC 2020
auto.tcl: Setting watchdog for 200 seconds at Fri Oct 16 15:47:49 UTC 2020
5 ms. Memory: 48128K Free: 26819K (56%)
ptolemy.util.test.WatchDog.cancel(): canceling Fri Oct 16 15:47:49 UTC 2020
------------------ testing $PTII/ptolemy/domains/de/test/auto/DEFixedPointLimitation.xml
auto.tcl: Setting watchdog for 200 seconds at Fri Oct 16 15:47:49 UTC 2020
2 ms. Memory: 48128K Free: 29211K (61%)
ptolemy.util.test.WatchDog.cancel(): canceling Fri Oct 16 15:47:49 UTC 2020
auto.tcl: Setting watchdog for 200 seconds at Fri Oct 16 15:47:49 UTC 2020
2 ms. Memory: 48128K Free: 28289K (59%)
ptolemy.util.test.WatchDog.cancel(): canceling Fri Oct 16 15:47:49 UTC 2020
------------------ testing $PTII/ptolemy/domains/de/test/auto/DEScheduleTest.xml
auto.tcl: Setting watchdog for 200 seconds at Fri Oct 16 15:47:49 UTC 2020
8 ms. Memory: 48128K Free: 29492K (61%)
ptolemy.util.test.WatchDog.cancel(): canceling Fri Oct 16 15:47:49 UTC 2020
auto.tcl: Setting watchdog for 200 seconds at Fri Oct 16 15:47:49 UTC 2020
3 ms. Memory: 48128K Free: 28753K (60%)
ptolemy.util.test.WatchDog.cancel(): canceling Fri Oct 16 15:47:49 UTC 2020
------------------ testing $PTII/ptolemy/domains/de/test/auto/DEinDEwithStartTimes.xml
auto.tcl: Setting watchdog for 200 seconds at Fri Oct 16 15:47:49 UTC 2020
4 ms. Memory: 48128K Free: 27681K (58%)
ptolemy.util.test.WatchDog.cancel(): canceling Fri Oct 16 15:47:49 UTC 2020
auto.tcl: Setting watchdog for 200 seconds at Fri Oct 16 15:47:49 UTC 2020
5 ms. Memory: 48128K Free: 26657K (55%)
ptolemy.util.test.WatchDog.cancel(): canceling Fri Oct 16 15:47:49 UTC 2020
------------------ testing $PTII/ptolemy/domains/de/test/auto/DEinDEwithStartTimes2.xml
auto.tcl: Setting watchdog for 200 seconds at Fri Oct 16 15:47:49 UTC 2020
7 ms. Memory: 48128K Free: 26838K (56%)
ptolemy.util.test.WatchDog.cancel(): canceling Fri Oct 16 15:47:49 UTC 2020
auto.tcl: Setting watchdog for 200 seconds at Fri Oct 16 15:47:49 UTC 2020
4 ms. Memory: 48128K Free: 25612K (53%)
ptolemy.util.test.WatchDog.cancel(): canceling Fri Oct 16 15:47:49 UTC 2020
------------------ testing $PTII/ptolemy/domains/de/test/auto/DateDemo.xml
auto.tcl: Setting watchdog for 200 seconds at Fri Oct 16 15:47:49 UTC 2020
20 ms. Memory: 48128K Free: 21244K (44%)
ptolemy.util.test.WatchDog.cancel(): canceling Fri Oct 16 15:47:49 UTC 2020
auto.tcl: Setting watchdog for 200 seconds at Fri Oct 16 15:47:49 UTC 2020
13 ms. Memory: 48128K Free: 19625K (41%)
ptolemy.util.test.WatchDog.cancel(): canceling Fri Oct 16 15:47:50 UTC 2020
------------------ testing $PTII/ptolemy/domains/de/test/auto/DateToEvent.xml
auto.tcl: Setting watchdog for 200 seconds at Fri Oct 16 15:47:50 UTC 2020
2012 ms. Memory: 48128K Free: 17176K (36%)
ptolemy.util.test.WatchDog.cancel(): canceling Fri Oct 16 15:47:52 UTC 2020
auto.tcl: Setting watchdog for 200 seconds at Fri Oct 16 15:47:52 UTC 2020
2005 ms. Memory: 48128K Free: 16396K (34%)
ptolemy.util.test.WatchDog.cancel(): canceling Fri Oct 16 15:47:54 UTC 2020
------------------ testing $PTII/ptolemy/domains/de/test/auto/DepthTest1.xml
auto.tcl: Setting watchdog for 200 seconds at Fri Oct 16 15:47:54 UTC 2020
3 ms. Memory: 48128K Free: 30324K (63%)
ptolemy.util.test.WatchDog.cancel(): canceling Fri Oct 16 15:47:54 UTC 2020
auto.tcl: Setting watchdog for 200 seconds at Fri Oct 16 15:47:54 UTC 2020
2 ms. Memory: 48128K Free: 29890K (62%)
ptolemy.util.test.WatchDog.cancel(): canceling Fri Oct 16 15:47:54 UTC 2020
------------------ testing $PTII/ptolemy/domains/de/test/auto/DepthTest2.xml
auto.tcl: Setting watchdog for 200 seconds at Fri Oct 16 15:47:54 UTC 2020
3 ms. Memory: 48128K Free: 27112K (56%)
ptolemy.util.test.WatchDog.cancel(): canceling Fri Oct 16 15:47:54 UTC 2020
auto.tcl: Setting watchdog for 200 seconds at Fri Oct 16 15:47:54 UTC 2020
1 ms. Memory: 48128K Free: 26677K (55%)
ptolemy.util.test.WatchDog.cancel(): canceling Fri Oct 16 15:47:54 UTC 2020
------------------ testing $PTII/ptolemy/domains/de/test/auto/DepthTest3.xml
auto.tcl: Setting watchdog for 200 seconds at Fri Oct 16 15:47:54 UTC 2020
3 ms. Memory: 48128K Free: 30724K (64%)
ptolemy.util.test.WatchDog.cancel(): canceling Fri Oct 16 15:47:54 UTC 2020
auto.tcl: Setting watchdog for 200 seconds at Fri Oct 16 15:47:54 UTC 2020
1 ms. Memory: 48128K Free: 30210K (63%)
ptolemy.util.test.WatchDog.cancel(): canceling Fri Oct 16 15:47:54 UTC 2020
------------------ testing $PTII/ptolemy/domains/de/test/auto/DepthTest4.xml
auto.tcl: Setting watchdog for 200 seconds at Fri Oct 16 15:47:54 UTC 2020
7 ms. Memory: 48128K Free: 28924K (60%)
ptolemy.util.test.WatchDog.cancel(): canceling Fri Oct 16 15:47:54 UTC 2020
auto.tcl: Setting watchdog for 200 seconds at Fri Oct 16 15:47:54 UTC 2020
2 ms. Memory: 48128K Free: 28229K (59%)
ptolemy.util.test.WatchDog.cancel(): canceling Fri Oct 16 15:47:54 UTC 2020
------------------ testing $PTII/ptolemy/domains/de/test/auto/DepthTest5.xml
auto.tcl: Setting watchdog for 200 seconds at Fri Oct 16 15:47:54 UTC 2020
6 ms. Memory: 48128K Free: 28360K (59%)
ptolemy.util.test.WatchDog.cancel(): canceling Fri Oct 16 15:47:54 UTC 2020
auto.tcl: Setting watchdog for 200 seconds at Fri Oct 16 15:47:54 UTC 2020
2 ms. Memory: 48128K Free: 27614K (57%)
ptolemy.util.test.WatchDog.cancel(): canceling Fri Oct 16 15:47:54 UTC 2020
------------------ testing $PTII/ptolemy/domains/de/test/auto/DepthTest6.xml
auto.tcl: Setting watchdog for 200 seconds at Fri Oct 16 15:47:54 UTC 2020
5 ms. Memory: 48128K Free: 28060K (58%)
ptolemy.util.test.WatchDog.cancel(): canceling Fri Oct 16 15:47:54 UTC 2020
auto.tcl: Setting watchdog for 200 seconds at Fri Oct 16 15:47:54 UTC 2020
2 ms. Memory: 48128K Free: 27641K (57%)
ptolemy.util.test.WatchDog.cancel(): canceling Fri Oct 16 15:47:54 UTC 2020
------------------ testing $PTII/ptolemy/domains/de/test/auto/DepthTest7.xml
auto.tcl: Setting watchdog for 200 seconds at Fri Oct 16 15:47:54 UTC 2020
7 ms. Memory: 48128K Free: 28849K (60%)
ptolemy.util.test.WatchDog.cancel(): canceling Fri Oct 16 15:47:54 UTC 2020
auto.tcl: Setting watchdog for 200 seconds at Fri Oct 16 15:47:54 UTC 2020
2 ms. Memory: 48128K Free: 28161K (59%)
ptolemy.util.test.WatchDog.cancel(): canceling Fri Oct 16 15:47:54 UTC 2020
------------------ testing $PTII/ptolemy/domains/de/test/auto/EventToDate.xml
auto.tcl: Setting watchdog for 200 seconds at Fri Oct 16 15:47:54 UTC 2020
3006 ms. Memory: 48128K Free: 19497K (41%)
ptolemy.util.test.WatchDog.cancel(): canceling Fri Oct 16 15:47:57 UTC 2020
auto.tcl: Setting watchdog for 200 seconds at Fri Oct 16 15:47:57 UTC 2020
3003 ms. Memory: 48128K Free: 19013K (40%)
ptolemy.util.test.WatchDog.cancel(): canceling Fri Oct 16 15:48:00 UTC 2020
------------------ testing $PTII/ptolemy/domains/de/test/auto/FSM1.xml
auto.tcl: Setting watchdog for 200 seconds at Fri Oct 16 15:48:00 UTC 2020
28 ms. Memory: 48128K Free: 20920K (43%)
ptolemy.util.test.WatchDog.cancel(): canceling Fri Oct 16 15:48:00 UTC 2020
auto.tcl: Setting watchdog for 200 seconds at Fri Oct 16 15:48:00 UTC 2020
23 ms. Memory: 48128K Free: 17662K (37%)
ptolemy.util.test.WatchDog.cancel(): canceling Fri Oct 16 15:48:00 UTC 2020
------------------ testing $PTII/ptolemy/domains/de/test/auto/FSM7.xml
auto.tcl: Setting watchdog for 200 seconds at Fri Oct 16 15:48:00 UTC 2020
27 ms. Memory: 48128K Free: 20605K (43%)
ptolemy.util.test.WatchDog.cancel(): canceling Fri Oct 16 15:48:00 UTC 2020
auto.tcl: Setting watchdog for 200 seconds at Fri Oct 16 15:48:00 UTC 2020
24 ms. Memory: 48128K Free: 17470K (36%)
ptolemy.util.test.WatchDog.cancel(): canceling Fri Oct 16 15:48:00 UTC 2020
------------------ testing $PTII/ptolemy/domains/de/test/auto/Inspection.xml
auto.tcl: Setting watchdog for 200 seconds at Fri Oct 16 15:48:00 UTC 2020
29 ms. Memory: 48128K Free: 20607K (43%)
ptolemy.util.test.WatchDog.cancel(): canceling Fri Oct 16 15:48:01 UTC 2020
auto.tcl: Setting watchdog for 200 seconds at Fri Oct 16 15:48:01 UTC 2020
26 ms. Memory: 48128K Free: 18896K (39%)
ptolemy.util.test.WatchDog.cancel(): canceling Fri Oct 16 15:48:01 UTC 2020
------------------ testing $PTII/ptolemy/domains/de/test/auto/Iteration.xml
auto.tcl: Setting watchdog for 200 seconds at Fri Oct 16 15:48:01 UTC 2020
8 ms. Memory: 48128K Free: 26381K (55%)
ptolemy.util.test.WatchDog.cancel(): canceling Fri Oct 16 15:48:01 UTC 2020
auto.tcl: Setting watchdog for 200 seconds at Fri Oct 16 15:48:01 UTC 2020
8 ms. Memory: 48128K Free: 24952K (52%)
ptolemy.util.test.WatchDog.cancel(): canceling Fri Oct 16 15:48:01 UTC 2020
------------------ testing $PTII/ptolemy/domains/de/test/auto/LineFault.xml
auto.tcl: Setting watchdog for 200 seconds at Fri Oct 16 15:48:01 UTC 2020
567 ms. Memory: 48128K Free: 24642K (51%)
ptolemy.util.test.WatchDog.cancel(): canceling Fri Oct 16 15:48:02 UTC 2020
auto.tcl: Setting watchdog for 200 seconds at Fri Oct 16 15:48:02 UTC 2020
507 ms. Memory: 58368K Free: 20656K (35%)
ptolemy.util.test.WatchDog.cancel(): canceling Fri Oct 16 15:48:02 UTC 2020
------------------ testing $PTII/ptolemy/domains/de/test/auto/MergeModel1Add.xml
auto.tcl: Setting watchdog for 200 seconds at Fri Oct 16 15:48:02 UTC 2020
19 ms. Memory: 58368K Free: 22606K (39%)
ptolemy.util.test.WatchDog.cancel(): canceling Fri Oct 16 15:48:02 UTC 2020
auto.tcl: Setting watchdog for 200 seconds at Fri Oct 16 15:48:02 UTC 2020
11 ms. Memory: 58368K Free: 20932K (36%)
ptolemy.util.test.WatchDog.cancel(): canceling Fri Oct 16 15:48:02 UTC 2020
------------------ testing $PTII/ptolemy/domains/de/test/auto/MergeModel2Add.xml
auto.tcl: Setting watchdog for 200 seconds at Fri Oct 16 15:48:02 UTC 2020
8 ms. Memory: 55296K Free: 21339K (39%)
ptolemy.util.test.WatchDog.cancel(): canceling Fri Oct 16 15:48:02 UTC 2020
auto.tcl: Setting watchdog for 200 seconds at Fri Oct 16 15:48:02 UTC 2020
10 ms. Memory: 55296K Free: 19619K (35%)
ptolemy.util.test.WatchDog.cancel(): canceling Fri Oct 16 15:48:02 UTC 2020
------------------ testing $PTII/ptolemy/domains/de/test/auto/MergeModel3Add.xml
auto.tcl: Setting watchdog for 200 seconds at Fri Oct 16 15:48:02 UTC 2020
9 ms. Memory: 55296K Free: 21588K (39%)
ptolemy.util.test.WatchDog.cancel(): canceling Fri Oct 16 15:48:02 UTC 2020
auto.tcl: Setting watchdog for 200 seconds at Fri Oct 16 15:48:02 UTC 2020
10 ms. Memory: 55296K Free: 20184K (37%)
ptolemy.util.test.WatchDog.cancel(): canceling Fri Oct 16 15:48:02 UTC 2020
------------------ testing $PTII/ptolemy/domains/de/test/auto/MergeWithoutDiscard.xml
auto.tcl: Setting watchdog for 200 seconds at Fri Oct 16 15:48:02 UTC 2020
2 ms. Memory: 55296K Free: 36136K (65%)
ptolemy.util.test.WatchDog.cancel(): canceling Fri Oct 16 15:48:02 UTC 2020
auto.tcl: Setting watchdog for 200 seconds at Fri Oct 16 15:48:02 UTC 2020
2 ms. Memory: 55296K Free: 35700K (65%)
ptolemy.util.test.WatchDog.cancel(): canceling Fri Oct 16 15:48:02 UTC 2020
------------------ testing $PTII/ptolemy/domains/de/test/auto/Modal1.xml
auto.tcl: Setting watchdog for 200 seconds at Fri Oct 16 15:48:03 UTC 2020
16 ms. Memory: 55296K Free: 28064K (51%)
ptolemy.util.test.WatchDog.cancel(): canceling Fri Oct 16 15:48:03 UTC 2020
auto.tcl: Setting watchdog for 200 seconds at Fri Oct 16 15:48:03 UTC 2020
10 ms. Memory: 55296K Free: 24609K (45%)
ptolemy.util.test.WatchDog.cancel(): canceling Fri Oct 16 15:48:03 UTC 2020
------------------ testing $PTII/ptolemy/domains/de/test/auto/Modal2.xml
auto.tcl: Setting watchdog for 200 seconds at Fri Oct 16 15:48:03 UTC 2020
15 ms. Memory: 51200K Free: 24100K (47%)
ptolemy.util.test.WatchDog.cancel(): canceling Fri Oct 16 15:48:03 UTC 2020
auto.tcl: Setting watchdog for 200 seconds at Fri Oct 16 15:48:03 UTC 2020
12 ms. Memory: 51200K Free: 20868K (41%)
ptolemy.util.test.WatchDog.cancel(): canceling Fri Oct 16 15:48:03 UTC 2020
------------------ testing $PTII/ptolemy/domains/de/test/auto/Modal3.xml
auto.tcl: Setting watchdog for 200 seconds at Fri Oct 16 15:48:03 UTC 2020
10 ms. Memory: 51200K Free: 23626K (46%)
ptolemy.util.test.WatchDog.cancel(): canceling Fri Oct 16 15:48:03 UTC 2020
auto.tcl: Setting watchdog for 200 seconds at Fri Oct 16 15:48:03 UTC 2020
11 ms. Memory: 51200K Free: 20476K (40%)
ptolemy.util.test.WatchDog.cancel(): canceling Fri Oct 16 15:48:03 UTC 2020
------------------ testing $PTII/ptolemy/domains/de/test/auto/Modal4.xml
auto.tcl: Setting watchdog for 200 seconds at Fri Oct 16 15:48:03 UTC 2020
25 ms. Memory: 51200K Free: 23047K (45%)
ptolemy.util.test.WatchDog.cancel(): canceling Fri Oct 16 15:48:03 UTC 2020
auto.tcl: Setting watchdog for 200 seconds at Fri Oct 16 15:48:03 UTC 2020
21 ms. Memory: 51200K Free: 19227K (38%)
ptolemy.util.test.WatchDog.cancel(): canceling Fri Oct 16 15:48:03 UTC 2020
------------------ testing $PTII/ptolemy/domains/de/test/auto/Modal5.xml
auto.tcl: Setting watchdog for 200 seconds at Fri Oct 16 15:48:03 UTC 2020
16 ms. Memory: 51200K Free: 23058K (45%)
ptolemy.util.test.WatchDog.cancel(): canceling Fri Oct 16 15:48:03 UTC 2020
auto.tcl: Setting watchdog for 200 seconds at Fri Oct 16 15:48:03 UTC 2020
13 ms. Memory: 51200K Free: 19213K (38%)
ptolemy.util.test.WatchDog.cancel(): canceling Fri Oct 16 15:48:03 UTC 2020
------------------ testing $PTII/ptolemy/domains/de/test/auto/Modal6.xml
auto.tcl: Setting watchdog for 200 seconds at Fri Oct 16 15:48:03 UTC 2020
17 ms. Memory: 51200K Free: 23844K (47%)
ptolemy.util.test.WatchDog.cancel(): canceling Fri Oct 16 15:48:03 UTC 2020
auto.tcl: Setting watchdog for 200 seconds at Fri Oct 16 15:48:03 UTC 2020
20 ms. Memory: 51200K Free: 19871K (39%)
ptolemy.util.test.WatchDog.cancel(): canceling Fri Oct 16 15:48:03 UTC 2020
------------------ testing $PTII/ptolemy/domains/de/test/auto/Modal7.xml
auto.tcl: Setting watchdog for 200 seconds at Fri Oct 16 15:48:03 UTC 2020
15 ms. Memory: 51200K Free: 22790K (45%)
ptolemy.util.test.WatchDog.cancel(): canceling Fri Oct 16 15:48:03 UTC 2020
auto.tcl: Setting watchdog for 200 seconds at Fri Oct 16 15:48:03 UTC 2020
21 ms. Memory: 51200K Free: 19213K (38%)
ptolemy.util.test.WatchDog.cancel(): canceling Fri Oct 16 15:48:03 UTC 2020
------------------ testing $PTII/ptolemy/domains/de/test/auto/ModalModel.xml
auto.tcl: Setting watchdog for 200 seconds at Fri Oct 16 15:48:03 UTC 2020
208 ms. Memory: 51200K Free: 13162K (26%)
ptolemy.util.test.WatchDog.cancel(): canceling Fri Oct 16 15:48:04 UTC 2020
auto.tcl: Setting watchdog for 200 seconds at Fri Oct 16 15:48:04 UTC 2020
206 ms. Memory: 61440K Free: 40397K (66%)
ptolemy.util.test.WatchDog.cancel(): canceling Fri Oct 16 15:48:04 UTC 2020
------------------ testing $PTII/ptolemy/domains/de/test/auto/ModalSource.xml
auto.tcl: Setting watchdog for 200 seconds at Fri Oct 16 15:48:04 UTC 2020
8 ms. Memory: 55296K Free: 31983K (58%)
ptolemy.util.test.WatchDog.cancel(): canceling Fri Oct 16 15:48:04 UTC 2020
auto.tcl: Setting watchdog for 200 seconds at Fri Oct 16 15:48:04 UTC 2020
6 ms. Memory: 55296K Free: 29935K (54%)
ptolemy.util.test.WatchDog.cancel(): canceling Fri Oct 16 15:48:04 UTC 2020
------------------ testing $PTII/ptolemy/domains/de/test/auto/NonInterruptibleTimerZeroDelay.xml
auto.tcl: Setting watchdog for 200 seconds at Fri Oct 16 15:48:04 UTC 2020
3 ms. Memory: 55296K Free: 36865K (67%)
ptolemy.util.test.WatchDog.cancel(): canceling Fri Oct 16 15:48:04 UTC 2020
auto.tcl: Setting watchdog for 200 seconds at Fri Oct 16 15:48:04 UTC 2020
3 ms. Memory: 55296K Free: 36253K (66%)
ptolemy.util.test.WatchDog.cancel(): canceling Fri Oct 16 15:48:04 UTC 2020
------------------ testing $PTII/ptolemy/domains/de/test/auto/OpenQueueingNetwork.xml
auto.tcl: Setting watchdog for 200 seconds at Fri Oct 16 15:48:04 UTC 2020
3058 ms. Memory: 103424K Free: 53424K (52%)
ptolemy.util.test.WatchDog.cancel(): canceling Fri Oct 16 15:48:07 UTC 2020
auto.tcl: Setting watchdog for 200 seconds at Fri Oct 16 15:48:07 UTC 2020
2370 ms. Memory: 124928K Free: 72381K (58%)
ptolemy.util.test.WatchDog.cancel(): canceling Fri Oct 16 15:48:10 UTC 2020
------------------ testing $PTII/ptolemy/domains/de/test/auto/OpenQueuingNetwork.xml
auto.tcl: Setting watchdog for 200 seconds at Fri Oct 16 15:48:10 UTC 2020
302 ms. Memory: 66560K Free: 34589K (52%)
ptolemy.util.test.WatchDog.cancel(): canceling Fri Oct 16 15:48:10 UTC 2020
auto.tcl: Setting watchdog for 200 seconds at Fri Oct 16 15:48:10 UTC 2020
246 ms. Memory: 66560K Free: 19155K (29%)
ptolemy.util.test.WatchDog.cancel(): canceling Fri Oct 16 15:48:10 UTC 2020
------------------ testing $PTII/ptolemy/domains/de/test/auto/PeriodicSampler.xml
auto.tcl: Setting watchdog for 200 seconds at Fri Oct 16 15:48:10 UTC 2020
3 ms. Memory: 55296K Free: 36120K (65%)
ptolemy.util.test.WatchDog.cancel(): canceling Fri Oct 16 15:48:10 UTC 2020
auto.tcl: Setting watchdog for 200 seconds at Fri Oct 16 15:48:10 UTC 2020
2 ms. Memory: 55296K Free: 35600K (64%)
ptolemy.util.test.WatchDog.cancel(): canceling Fri Oct 16 15:48:10 UTC 2020
------------------ testing $PTII/ptolemy/domains/de/test/auto/PersistentIO.xml
auto.tcl: Setting watchdog for 200 seconds at Fri Oct 16 15:48:10 UTC 2020
13 ms. Memory: 51200K Free: 26948K (53%)
ptolemy.util.test.WatchDog.cancel(): canceling Fri Oct 16 15:48:10 UTC 2020
auto.tcl: Setting watchdog for 200 seconds at Fri Oct 16 15:48:10 UTC 2020
5 ms. Memory: 51200K Free: 25428K (50%)
ptolemy.util.test.WatchDog.cancel(): canceling Fri Oct 16 15:48:10 UTC 2020
------------------ testing $PTII/ptolemy/domains/de/test/auto/PortParameterResetOnInitialize.xml
auto.tcl: Setting watchdog for 200 seconds at Fri Oct 16 15:48:10 UTC 2020
2 ms. Memory: 51200K Free: 31933K (62%)
ptolemy.util.test.WatchDog.cancel(): canceling Fri Oct 16 15:48:10 UTC 2020
auto.tcl: Setting watchdog for 200 seconds at Fri Oct 16 15:48:10 UTC 2020
2 ms. Memory: 51200K Free: 31437K (61%)
ptolemy.util.test.WatchDog.cancel(): canceling Fri Oct 16 15:48:10 UTC 2020
------------------ testing $PTII/ptolemy/domains/de/test/auto/PortParameterUpdates.xml
auto.tcl: Setting watchdog for 200 seconds at Fri Oct 16 15:48:10 UTC 2020
4 ms. Memory: 51200K Free: 30031K (59%)
ptolemy.util.test.WatchDog.cancel(): canceling Fri Oct 16 15:48:10 UTC 2020
auto.tcl: Setting watchdog for 200 seconds at Fri Oct 16 15:48:10 UTC 2020
4 ms. Memory: 51200K Free: 29016K (57%)
ptolemy.util.test.WatchDog.cancel(): canceling Fri Oct 16 15:48:10 UTC 2020
------------------ testing $PTII/ptolemy/domains/de/test/auto/QueueAndServer.xml
auto.tcl: Setting watchdog for 200 seconds at Fri Oct 16 15:48:11 UTC 2020
5 ms. Memory: 51200K Free: 28971K (57%)
ptolemy.util.test.WatchDog.cancel(): canceling Fri Oct 16 15:48:11 UTC 2020
auto.tcl: Setting watchdog for 200 seconds at Fri Oct 16 15:48:11 UTC 2020
6 ms. Memory: 51200K Free: 27483K (54%)
ptolemy.util.test.WatchDog.cancel(): canceling Fri Oct 16 15:48:11 UTC 2020
------------------ testing $PTII/ptolemy/domains/de/test/auto/Records.xml
auto.tcl: Setting watchdog for 200 seconds at Fri Oct 16 15:48:11 UTC 2020
5 ms. Memory: 51200K Free: 31186K (61%)
ptolemy.util.test.WatchDog.cancel(): canceling Fri Oct 16 15:48:11 UTC 2020
auto.tcl: Setting watchdog for 200 seconds at Fri Oct 16 15:48:11 UTC 2020
3 ms. Memory: 51200K Free: 30682K (60%)
ptolemy.util.test.WatchDog.cancel(): canceling Fri Oct 16 15:48:11 UTC 2020
------------------ testing $PTII/ptolemy/domains/de/test/auto/ResetTransitionWithStartTime1.xml
auto.tcl: Setting watchdog for 200 seconds at Fri Oct 16 15:48:11 UTC 2020
14 ms. Memory: 51200K Free: 28433K (56%)
ptolemy.util.test.WatchDog.cancel(): canceling Fri Oct 16 15:48:11 UTC 2020
auto.tcl: Setting watchdog for 200 seconds at Fri Oct 16 15:48:11 UTC 2020
7 ms. Memory: 51200K Free: 25895K (51%)
ptolemy.util.test.WatchDog.cancel(): canceling Fri Oct 16 15:48:11 UTC 2020
------------------ testing $PTII/ptolemy/domains/de/test/auto/ResetTransitionWithStartTime2.xml
auto.tcl: Setting watchdog for 200 seconds at Fri Oct 16 15:48:11 UTC 2020
5 ms. Memory: 51200K Free: 28388K (55%)
ptolemy.util.test.WatchDog.cancel(): canceling Fri Oct 16 15:48:11 UTC 2020
auto.tcl: Setting watchdog for 200 seconds at Fri Oct 16 15:48:11 UTC 2020
7 ms. Memory: 51200K Free: 25832K (50%)
ptolemy.util.test.WatchDog.cancel(): canceling Fri Oct 16 15:48:11 UTC 2020
------------------ testing $PTII/ptolemy/domains/de/test/auto/ResetTransitionWithStartTime3.xml
auto.tcl: Setting watchdog for 200 seconds at Fri Oct 16 15:48:11 UTC 2020
9 ms. Memory: 51200K Free: 28387K (55%)
ptolemy.util.test.WatchDog.cancel(): canceling Fri Oct 16 15:48:11 UTC 2020
auto.tcl: Setting watchdog for 200 seconds at Fri Oct 16 15:48:11 UTC 2020
11 ms. Memory: 51200K Free: 26339K (51%)
ptolemy.util.test.WatchDog.cancel(): canceling Fri Oct 16 15:48:11 UTC 2020
------------------ testing $PTII/ptolemy/domains/de/test/auto/ResetTransitionWithStartTime4.xml
auto.tcl: Setting watchdog for 200 seconds at Fri Oct 16 15:48:11 UTC 2020
7 ms. Memory: 51200K Free: 28809K (56%)
ptolemy.util.test.WatchDog.cancel(): canceling Fri Oct 16 15:48:11 UTC 2020
auto.tcl: Setting watchdog for 200 seconds at Fri Oct 16 15:48:11 UTC 2020
3 ms. Memory: 51200K Free: 27362K (53%)
ptolemy.util.test.WatchDog.cancel(): canceling Fri Oct 16 15:48:11 UTC 2020
------------------ testing $PTII/ptolemy/domains/de/test/auto/ResettableTimer1.xml
auto.tcl: Setting watchdog for 200 seconds at Fri Oct 16 15:48:11 UTC 2020
2 ms. Memory: 51200K Free: 32593K (64%)
ptolemy.util.test.WatchDog.cancel(): canceling Fri Oct 16 15:48:11 UTC 2020
auto.tcl: Setting watchdog for 200 seconds at Fri Oct 16 15:48:11 UTC 2020
2 ms. Memory: 51200K Free: 31943K (62%)
ptolemy.util.test.WatchDog.cancel(): canceling Fri Oct 16 15:48:11 UTC 2020
------------------ testing $PTII/ptolemy/domains/de/test/auto/ResettableTimer2.xml
auto.tcl: Setting watchdog for 200 seconds at Fri Oct 16 15:48:11 UTC 2020
3 ms. Memory: 51200K Free: 32620K (64%)
ptolemy.util.test.WatchDog.cancel(): canceling Fri Oct 16 15:48:11 UTC 2020
auto.tcl: Setting watchdog for 200 seconds at Fri Oct 16 15:48:11 UTC 2020
2 ms. Memory: 51200K Free: 31542K (62%)
ptolemy.util.test.WatchDog.cancel(): canceling Fri Oct 16 15:48:11 UTC 2020
------------------ testing $PTII/ptolemy/domains/de/test/auto/ResettableTimer3.xml
auto.tcl: Setting watchdog for 200 seconds at Fri Oct 16 15:48:11 UTC 2020
1 ms. Memory: 51200K Free: 32999K (64%)
ptolemy.util.test.WatchDog.cancel(): canceling Fri Oct 16 15:48:11 UTC 2020
auto.tcl: Setting watchdog for 200 seconds at Fri Oct 16 15:48:11 UTC 2020
1 ms. Memory: 51200K Free: 32519K (64%)
ptolemy.util.test.WatchDog.cancel(): canceling Fri Oct 16 15:48:11 UTC 2020
------------------ testing $PTII/ptolemy/domains/de/test/auto/ResettableTimer4.xml
auto.tcl: Setting watchdog for 200 seconds at Fri Oct 16 15:48:11 UTC 2020
2 ms. Memory: 51200K Free: 32532K (64%)
ptolemy.util.test.WatchDog.cancel(): canceling Fri Oct 16 15:48:11 UTC 2020
auto.tcl: Setting watchdog for 200 seconds at Fri Oct 16 15:48:11 UTC 2020
1 ms. Memory: 51200K Free: 32025K (63%)
ptolemy.util.test.WatchDog.cancel(): canceling Fri Oct 16 15:48:11 UTC 2020
------------------ testing $PTII/ptolemy/domains/de/test/auto/ResettableTimer5.xml
auto.tcl: Setting watchdog for 200 seconds at Fri Oct 16 15:48:11 UTC 2020
2 ms. Memory: 51200K Free: 32017K (63%)
ptolemy.util.test.WatchDog.cancel(): canceling Fri Oct 16 15:48:11 UTC 2020
auto.tcl: Setting watchdog for 200 seconds at Fri Oct 16 15:48:11 UTC 2020
1 ms. Memory: 51200K Free: 31529K (62%)
ptolemy.util.test.WatchDog.cancel(): canceling Fri Oct 16 15:48:11 UTC 2020
------------------ testing $PTII/ptolemy/domains/de/test/auto/ResettableTimer6.xml
auto.tcl: Setting watchdog for 200 seconds at Fri Oct 16 15:48:11 UTC 2020
1 ms. Memory: 51200K Free: 32001K (63%)
ptolemy.util.test.WatchDog.cancel(): canceling Fri Oct 16 15:48:11 UTC 2020
auto.tcl: Setting watchdog for 200 seconds at Fri Oct 16 15:48:11 UTC 2020
1 ms. Memory: 51200K Free: 31497K (62%)
ptolemy.util.test.WatchDog.cancel(): canceling Fri Oct 16 15:48:11 UTC 2020
------------------ testing $PTII/ptolemy/domains/de/test/auto/ServerZeroDelay.xml
auto.tcl: Setting watchdog for 200 seconds at Fri Oct 16 15:48:11 UTC 2020
2 ms. Memory: 51200K Free: 32513K (64%)
ptolemy.util.test.WatchDog.cancel(): canceling Fri Oct 16 15:48:11 UTC 2020
auto.tcl: Setting watchdog for 200 seconds at Fri Oct 16 15:48:11 UTC 2020
3 ms. Memory: 51200K Free: 31502K (62%)
ptolemy.util.test.WatchDog.cancel(): canceling Fri Oct 16 15:48:11 UTC 2020
------------------ testing $PTII/ptolemy/domains/de/test/auto/SmartSender.xml
auto.tcl: Setting watchdog for 200 seconds at Fri Oct 16 15:48:11 UTC 2020
3002 ms. Memory: 51200K Free: 32507K (63%)
ptolemy.util.test.WatchDog.cancel(): canceling Fri Oct 16 15:48:14 UTC 2020
auto.tcl: Setting watchdog for 200 seconds at Fri Oct 16 15:48:14 UTC 2020
3003 ms. Memory: 51200K Free: 32016K (63%)
ptolemy.util.test.WatchDog.cancel(): canceling Fri Oct 16 15:48:17 UTC 2020
------------------ testing $PTII/ptolemy/domains/de/test/auto/ThreadedComposite.xml
auto.tcl: Setting watchdog for 200 seconds at Fri Oct 16 15:48:17 UTC 2020
211 ms. Memory: 51200K Free: 13065K (26%)
ptolemy.util.test.WatchDog.cancel(): canceling Fri Oct 16 15:48:18 UTC 2020
auto.tcl: Setting watchdog for 200 seconds at Fri Oct 16 15:48:18 UTC 2020
143 ms. Memory: 51200K Free: 27962K (55%)
ptolemy.util.test.WatchDog.cancel(): canceling Fri Oct 16 15:48:18 UTC 2020
------------------ testing $PTII/ptolemy/domains/de/test/auto/Time.xml
auto.tcl: Setting watchdog for 200 seconds at Fri Oct 16 15:48:18 UTC 2020
548 ms. Memory: 51200K Free: 34144K (67%)
ptolemy.util.test.WatchDog.cancel(): canceling Fri Oct 16 15:48:18 UTC 2020
auto.tcl: Setting watchdog for 200 seconds at Fri Oct 16 15:48:18 UTC 2020
529 ms. Memory: 51200K Free: 34710K (68%)
ptolemy.util.test.WatchDog.cancel(): canceling Fri Oct 16 15:48:19 UTC 2020
------------------ testing $PTII/ptolemy/domains/de/test/auto/TimeDelayZeroDelay.xml
auto.tcl: Setting watchdog for 200 seconds at Fri Oct 16 15:48:19 UTC 2020
2 ms. Memory: 51200K Free: 32436K (63%)
ptolemy.util.test.WatchDog.cancel(): canceling Fri Oct 16 15:48:19 UTC 2020
auto.tcl: Setting watchdog for 200 seconds at Fri Oct 16 15:48:19 UTC 2020
2 ms. Memory: 51200K Free: 31950K (62%)
ptolemy.util.test.WatchDog.cancel(): canceling Fri Oct 16 15:48:19 UTC 2020
------------------ testing $PTII/ptolemy/domains/de/test/auto/TimerZeroDelay.xml
auto.tcl: Setting watchdog for 200 seconds at Fri Oct 16 15:48:19 UTC 2020
2 ms. Memory: 51200K Free: 32479K (63%)
ptolemy.util.test.WatchDog.cancel(): canceling Fri Oct 16 15:48:19 UTC 2020
auto.tcl: Setting watchdog for 200 seconds at Fri Oct 16 15:48:19 UTC 2020
2 ms. Memory: 51200K Free: 32001K (63%)
ptolemy.util.test.WatchDog.cancel(): canceling Fri Oct 16 15:48:19 UTC 2020
------------------ testing $PTII/ptolemy/domains/de/test/auto/TimingParadox.xml
auto.tcl: Setting watchdog for 200 seconds at Fri Oct 16 15:48:19 UTC 2020
354 ms. Memory: 51200K Free: 20106K (39%)
ptolemy.util.test.WatchDog.cancel(): canceling Fri Oct 16 15:48:20 UTC 2020
auto.tcl: Setting watchdog for 200 seconds at Fri Oct 16 15:48:20 UTC 2020
339 ms. Memory: 51200K Free: 9999K (20%)
ptolemy.util.test.WatchDog.cancel(): canceling Fri Oct 16 15:48:20 UTC 2020
------------------ testing $PTII/ptolemy/domains/de/test/auto/TransferInputs.xml
auto.tcl: Setting watchdog for 200 seconds at Fri Oct 16 15:48:20 UTC 2020
2 ms. Memory: 51200K Free: 30946K (60%)
ptolemy.util.test.WatchDog.cancel(): canceling Fri Oct 16 15:48:20 UTC 2020
auto.tcl: Setting watchdog for 200 seconds at Fri Oct 16 15:48:20 UTC 2020
2 ms. Memory: 51200K Free: 30053K (59%)
ptolemy.util.test.WatchDog.cancel(): canceling Fri Oct 16 15:48:20 UTC 2020
------------------ testing $PTII/ptolemy/domains/de/test/auto/TransferOutputs2.xml
auto.tcl: Setting watchdog for 200 seconds at Fri Oct 16 15:48:20 UTC 2020
3 ms. Memory: 51200K Free: 28389K (55%)
ptolemy.util.test.WatchDog.cancel(): canceling Fri Oct 16 15:48:20 UTC 2020
auto.tcl: Setting watchdog for 200 seconds at Fri Oct 16 15:48:20 UTC 2020
3 ms. Memory: 51200K Free: 26937K (53%)
ptolemy.util.test.WatchDog.cancel(): canceling Fri Oct 16 15:48:20 UTC 2020
------------------ testing $PTII/ptolemy/domains/de/test/auto/Trilateration.xml
auto.tcl: Setting watchdog for 200 seconds at Fri Oct 16 15:48:20 UTC 2020
11217 ms. Memory: 486400K Free: 210228K (43%)
ptolemy.util.test.WatchDog.cancel(): canceling Fri Oct 16 15:48:32 UTC 2020
auto.tcl: Setting watchdog for 200 seconds at Fri Oct 16 15:48:32 UTC 2020
9069 ms. Memory: 486400K Free: 184277K (38%)
ptolemy.util.test.WatchDog.cancel(): canceling Fri Oct 16 15:48:42 UTC 2020
------------------ testing $PTII/ptolemy/domains/de/test/auto/TwoSigmaDelta.xml
auto.tcl: Setting watchdog for 200 seconds at Fri Oct 16 15:48:42 UTC 2020
2351 ms. Memory: 92160K Free: 31677K (34%)
ptolemy.util.test.WatchDog.cancel(): canceling Fri Oct 16 15:48:44 UTC 2020
auto.tcl: Setting watchdog for 200 seconds at Fri Oct 16 15:48:44 UTC 2020
1776 ms. Memory: 92160K Free: 37283K (40%)
ptolemy.util.test.WatchDog.cancel(): canceling Fri Oct 16 15:48:46 UTC 2020
------------------ testing $PTII/ptolemy/domains/de/test/auto/VariableDelay.xml
auto.tcl: Setting watchdog for 200 seconds at Fri Oct 16 15:48:46 UTC 2020
3 ms. Memory: 51200K Free: 31424K (61%)
ptolemy.util.test.WatchDog.cancel(): canceling Fri Oct 16 15:48:46 UTC 2020
auto.tcl: Setting watchdog for 200 seconds at Fri Oct 16 15:48:46 UTC 2020
1 ms. Memory: 51200K Free: 30430K (59%)
ptolemy.util.test.WatchDog.cancel(): canceling Fri Oct 16 15:48:46 UTC 2020
------------------ testing $PTII/ptolemy/domains/de/test/auto/VariableDelay2.xml
auto.tcl: Setting watchdog for 200 seconds at Fri Oct 16 15:48:46 UTC 2020
2 ms. Memory: 51200K Free: 31777K (62%)
ptolemy.util.test.WatchDog.cancel(): canceling Fri Oct 16 15:48:46 UTC 2020
auto.tcl: Setting watchdog for 200 seconds at Fri Oct 16 15:48:46 UTC 2020
1 ms. Memory: 51200K Free: 30807K (60%)
ptolemy.util.test.WatchDog.cancel(): canceling Fri Oct 16 15:48:46 UTC 2020
------------------ testing $PTII/ptolemy/domains/de/test/auto/VariableDelayZeroDelay.xml
auto.tcl: Setting watchdog for 200 seconds at Fri Oct 16 15:48:46 UTC 2020
2 ms. Memory: 51200K Free: 32366K (63%)
ptolemy.util.test.WatchDog.cancel(): canceling Fri Oct 16 15:48:46 UTC 2020
auto.tcl: Setting watchdog for 200 seconds at Fri Oct 16 15:48:46 UTC 2020
2 ms. Memory: 51200K Free: 31841K (62%)
ptolemy.util.test.WatchDog.cancel(): canceling Fri Oct 16 15:48:46 UTC 2020
------------------ testing $PTII/ptolemy/domains/de/test/auto/VariableDelayZeroDelay2.xml
auto.tcl: Setting watchdog for 200 seconds at Fri Oct 16 15:48:46 UTC 2020
2 ms. Memory: 51200K Free: 32364K (63%)
ptolemy.util.test.WatchDog.cancel(): canceling Fri Oct 16 15:48:46 UTC 2020
auto.tcl: Setting watchdog for 200 seconds at Fri Oct 16 15:48:46 UTC 2020
2 ms. Memory: 51200K Free: 31340K (61%)
ptolemy.util.test.WatchDog.cancel(): canceling Fri Oct 16 15:48:46 UTC 2020
------------------ testing $PTII/ptolemy/domains/de/test/auto/deInCt.xml
auto.tcl: Setting watchdog for 200 seconds at Fri Oct 16 15:48:46 UTC 2020
0
1
1
1
0
0
0
1
1
1
1
0
0
0
0
1
1
1
0
0
0
0
1
1
1
1
0
0
0
0
1
1
1
0
0
0
1
1
1
12 ms. Memory: 51200K Free: 31338K (61%)
ptolemy.util.test.WatchDog.cancel(): canceling Fri Oct 16 15:48:46 UTC 2020
auto.tcl: Setting watchdog for 200 seconds at Fri Oct 16 15:48:46 UTC 2020
0
1
1
1
0
0
0
1
1
1
1
0
0
0
0
1
1
1
1
0
0
0
1
1
0
0
0
0
0
0
0
0
12 ms. Memory: 51200K Free: 29800K (58%)
ptolemy.util.test.WatchDog.cancel(): canceling Fri Oct 16 15:48:46 UTC 2020
------------------ testing $PTII/ptolemy/domains/de/test/auto/deInCt2.xml
auto.tcl: Setting watchdog for 200 seconds at Fri Oct 16 15:48:46 UTC 2020
0
1
1
1
0
0
1
1
1
0
0
1
1
1
0
0
1
1
1
0
0
1
1
1
0
0
1
1
1
0
0
1
1
1
0
0
1
1
1
0
0
0
10 ms. Memory: 51200K Free: 31339K (61%)
ptolemy.util.test.WatchDog.cancel(): canceling Fri Oct 16 15:48:46 UTC 2020
auto.tcl: Setting watchdog for 200 seconds at Fri Oct 16 15:48:46 UTC 2020
0
1
1
1
0
0
1
1
1
0
0
1
1
1
0
0
1
1
1
0
0
1
1
1
0
0
1
1
1
0
0
1
1
1
0
0
1
1
1
0
0
0
8 ms. Memory: 51200K Free: 29787K (58%)
ptolemy.util.test.WatchDog.cancel(): canceling Fri Oct 16 15:48:46 UTC 2020
------------------ testing $PTII/ptolemy/domains/de/test/auto/dynamicCausalityInterface1.xml
auto.tcl: Setting watchdog for 200 seconds at Fri Oct 16 15:48:46 UTC 2020
1 ms. Memory: 51200K Free: 27237K (53%)
ptolemy.util.test.WatchDog.cancel(): canceling Fri Oct 16 15:48:46 UTC 2020
auto.tcl: Setting watchdog for 200 seconds at Fri Oct 16 15:48:46 UTC 2020
1 ms. Memory: 51200K Free: 26723K (52%)
ptolemy.util.test.WatchDog.cancel(): canceling Fri Oct 16 15:48:46 UTC 2020
------------------ testing $PTII/ptolemy/domains/de/test/auto/fsm_de_test.xml
auto.tcl: Setting watchdog for 200 seconds at Fri Oct 16 15:48:46 UTC 2020
12 ms. Memory: 51200K Free: 27135K (53%)
ptolemy.util.test.WatchDog.cancel(): canceling Fri Oct 16 15:48:46 UTC 2020
auto.tcl: Setting watchdog for 200 seconds at Fri Oct 16 15:48:46 UTC 2020
7 ms. Memory: 51200K Free: 25087K (49%)
ptolemy.util.test.WatchDog.cancel(): canceling Fri Oct 16 15:48:46 UTC 2020
------------------ testing $PTII/ptolemy/domains/de/test/auto/functionDependencyReconstruction.xml
auto.tcl: Setting watchdog for 200 seconds at Fri Oct 16 15:48:46 UTC 2020
3 ms. Memory: 51200K Free: 21071K (41%)
ptolemy.util.test.WatchDog.cancel(): canceling Fri Oct 16 15:48:47 UTC 2020
auto.tcl: Setting watchdog for 200 seconds at Fri Oct 16 15:48:47 UTC 2020
3 ms. Memory: 51200K Free: 18933K (37%)
ptolemy.util.test.WatchDog.cancel(): canceling Fri Oct 16 15:48:47 UTC 2020
------------------ testing $PTII/ptolemy/domains/de/test/auto/multirate.xml
auto.tcl: Setting watchdog for 200 seconds at Fri Oct 16 15:48:47 UTC 2020
3 ms. Memory: 51200K Free: 29776K (58%)
ptolemy.util.test.WatchDog.cancel(): canceling Fri Oct 16 15:48:47 UTC 2020
auto.tcl: Setting watchdog for 200 seconds at Fri Oct 16 15:48:47 UTC 2020
3 ms. Memory: 51200K Free: 28033K (55%)
ptolemy.util.test.WatchDog.cancel(): canceling Fri Oct 16 15:48:47 UTC 2020
------------------ testing $PTII/ptolemy/domains/de/test/auto/multirate2.xml
auto.tcl: Setting watchdog for 200 seconds at Fri Oct 16 15:48:47 UTC 2020
3 ms. Memory: 51200K Free: 29732K (58%)
ptolemy.util.test.WatchDog.cancel(): canceling Fri Oct 16 15:48:47 UTC 2020
auto.tcl: Setting watchdog for 200 seconds at Fri Oct 16 15:48:47 UTC 2020
3 ms. Memory: 51200K Free: 28212K (55%)
ptolemy.util.test.WatchDog.cancel(): canceling Fri Oct 16 15:48:47 UTC 2020
------------------ testing $PTII/ptolemy/domains/de/test/auto/realtime.xml
auto.tcl: Setting watchdog for 200 seconds at Fri Oct 16 15:48:47 UTC 2020
10002 ms. Memory: 51200K Free: 31980K (62%)
ptolemy.util.test.WatchDog.cancel(): canceling Fri Oct 16 15:48:57 UTC 2020
auto.tcl: Setting watchdog for 200 seconds at Fri Oct 16 15:48:57 UTC 2020
10002 ms. Memory: 51200K Free: 31283K (61%)
ptolemy.util.test.WatchDog.cancel(): canceling Fri Oct 16 15:49:07 UTC 2020
------------------ testing $PTII/ptolemy/domains/de/test/auto/relationGroup.xml
auto.tcl: Setting watchdog for 200 seconds at Fri Oct 16 15:49:07 UTC 2020
2 ms. Memory: 51200K Free: 33068K (65%)
ptolemy.util.test.WatchDog.cancel(): canceling Fri Oct 16 15:49:07 UTC 2020
auto.tcl: Setting watchdog for 200 seconds at Fri Oct 16 15:49:07 UTC 2020
2 ms. Memory: 51200K Free: 32533K (64%)
ptolemy.util.test.WatchDog.cancel(): canceling Fri Oct 16 15:49:07 UTC 2020
------------------ testing $PTII/ptolemy/domains/de/test/auto/relationGroup2.xml
auto.tcl: Setting watchdog for 200 seconds at Fri Oct 16 15:49:07 UTC 2020
1 ms. Memory: 51200K Free: 32900K (64%)
ptolemy.util.test.WatchDog.cancel(): canceling Fri Oct 16 15:49:07 UTC 2020
auto.tcl: Setting watchdog for 200 seconds at Fri Oct 16 15:49:07 UTC 2020
2 ms. Memory: 51200K Free: 32390K (63%)
ptolemy.util.test.WatchDog.cancel(): canceling Fri Oct 16 15:49:07 UTC 2020
------------------ testing $PTII/ptolemy/domains/de/test/auto/sortWithOpaquePorts.xml
auto.tcl: Setting watchdog for 200 seconds at Fri Oct 16 15:49:07 UTC 2020
1 ms. Memory: 51200K Free: 31876K (62%)
ptolemy.util.test.WatchDog.cancel(): canceling Fri Oct 16 15:49:07 UTC 2020
auto.tcl: Setting watchdog for 200 seconds at Fri Oct 16 15:49:07 UTC 2020
2 ms. Memory: 51200K Free: 30349K (59%)
ptolemy.util.test.WatchDog.cancel(): canceling Fri Oct 16 15:49:07 UTC 2020
------------------ testing $PTII/ptolemy/domains/de/test/auto/transferInputsandOutputs.xml
auto.tcl: Setting watchdog for 200 seconds at Fri Oct 16 15:49:07 UTC 2020
2 ms. Memory: 51200K Free: 29306K (57%)
ptolemy.util.test.WatchDog.cancel(): canceling Fri Oct 16 15:49:07 UTC 2020
auto.tcl: Setting watchdog for 200 seconds at Fri Oct 16 15:49:07 UTC 2020
2 ms. Memory: 51200K Free: 28282K (55%)
ptolemy.util.test.WatchDog.cancel(): canceling Fri Oct 16 15:49:07 UTC 2020
------------------ testing $PTII/ptolemy/domains/de/test/auto/triggerType.xml
auto.tcl: Setting watchdog for 200 seconds at Fri Oct 16 15:49:07 UTC 2020
2 ms. Memory: 51200K Free: 32331K (63%)
ptolemy.util.test.WatchDog.cancel(): canceling Fri Oct 16 15:49:07 UTC 2020
auto.tcl: Setting watchdog for 200 seconds at Fri Oct 16 15:49:07 UTC 2020
2 ms. Memory: 51200K Free: 31307K (61%)
ptolemy.util.test.WatchDog.cancel(): canceling Fri Oct 16 15:49:07 UTC 2020
10/16/20 03:49:07
Failed: 0  Total Tests: 192  ((Passed: 187, Newly Passed: 1)  Known Failed: 5) /home/travis/build/icyphy/ptII/ptolemy/domains/de/test
10/16/20 03:49:07
Failed: 0  Total Tests: 192  ((Passed: 187, Newly Passed: 1)  Known Failed: 5) /home/travis/build/icyphy/ptII/ptolemy/domains/de/test
----------------- testing (KnownFailure) /home/travis/build/icyphy/ptII/ptolemy/domains/de/test/auto/knownFailedTests/DESDFClockTest.xml
2018 ms. Memory: 51200K Free: 25214K (49%)
Known Failure: java.lang.reflect.InvocationTargetException
----------------- testing (KnownFailure) /home/travis/build/icyphy/ptII/ptolemy/domains/de/test/auto/knownFailedTests/DirectFeedback.xml
2 ms. Memory: 51200K Free: 21630K (42%)
Known Failure: java.lang.reflect.InvocationTargetException
----------------- testing (KnownFailure) /home/travis/build/icyphy/ptII/ptolemy/domains/de/test/auto/knownFailedTests/FSMSource.xml
15 ms. Memory: 51200K Free: 13952K (27%)
----------------- testing (KnownFailure) /home/travis/build/icyphy/ptII/ptolemy/domains/de/test/auto/knownFailedTests/HierarchicalModel.xml
3 ms. Memory: 51200K Free: 26894K (53%)
Known Failure: java.lang.reflect.InvocationTargetException
----------------- testing (KnownFailure) /home/travis/build/icyphy/ptII/ptolemy/domains/de/test/auto/knownFailedTests/dependencyLoop.xml
2 ms. Memory: 51200K Free: 11508K (22%)
Known Failure: java.lang.reflect.InvocationTargetException
----------------- testing (KnownFailure) /home/travis/build/icyphy/ptII/ptolemy/domains/de/test/auto/knownFailedTests/dependencyLoop2.xml
5 ms. Memory: 51200K Free: 25450K (50%)
Known Failure: java.lang.reflect.InvocationTargetException
No auto/linux-amd64/*.xml tests in /home/travis/build/icyphy/ptII/ptolemy/domains/de/test
AutoTests.java: About to close Vertx.
AutoTests.java: Vertx closed.

===========================================================================================
----------------- testing Fri Oct 16 15:49:09 UTC 2020 /home/travis/build/icyphy/ptII/ptolemy/domains/de/test/auto/ActorDepthCalculation_actorWithoutPorts.xml
----------------- Instantiating /home/travis/build/icyphy/ptII/ptolemy/domains/de/test/auto/ActorDepthCalculation_actorWithoutPorts.xml
1 ms. Memory: 51200K Free: 18296K (36%)
----------------- Invoking toplevel() on ptolemy.moml.MoMLSimpleApplication@e046641
----------------- Done invoking toplevel() on ptolemy.moml.MoMLSimpleApplication@e046641
reloadAllAccessors: .ActorDepthCalculation_actorWithoutPorts

===========================================================================================
----------------- testing Fri Oct 16 15:49:09 UTC 2020 /home/travis/build/icyphy/ptII/ptolemy/domains/de/test/auto/AssemblyLine.xml
----------------- Instantiating /home/travis/build/icyphy/ptII/ptolemy/domains/de/test/auto/AssemblyLine.xml
4 ms. Memory: 51200K Free: 11128K (22%)
----------------- Invoking toplevel() on ptolemy.moml.MoMLSimpleApplication@2e48ea7e
----------------- Done invoking toplevel() on ptolemy.moml.MoMLSimpleApplication@2e48ea7e
reloadAllAccessors: .AssemblyLine

===========================================================================================
----------------- testing Fri Oct 16 15:49:09 UTC 2020 /home/travis/build/icyphy/ptII/ptolemy/domains/de/test/auto/CQBug1.xml
----------------- Instantiating /home/travis/build/icyphy/ptII/ptolemy/domains/de/test/auto/CQBug1.xml
1 ms. Memory: 51200K Free: 8345K (16%)
----------------- Invoking toplevel() on ptolemy.moml.MoMLSimpleApplication@372f8a00
----------------- Done invoking toplevel() on ptolemy.moml.MoMLSimpleApplication@372f8a00
reloadAllAccessors: .CQBug1

===========================================================================================
----------------- testing Fri Oct 16 15:49:09 UTC 2020 /home/travis/build/icyphy/ptII/ptolemy/domains/de/test/auto/CancelFireAt.xml
----------------- Instantiating /home/travis/build/icyphy/ptII/ptolemy/domains/de/test/auto/CancelFireAt.xml
0 ms. Memory: 51200K Free: 34386K (67%)
----------------- Invoking toplevel() on ptolemy.moml.MoMLSimpleApplication@694bf313
----------------- Done invoking toplevel() on ptolemy.moml.MoMLSimpleApplication@694bf313
reloadAllAccessors: .CancelFireAt

===========================================================================================
----------------- testing Fri Oct 16 15:49:09 UTC 2020 /home/travis/build/icyphy/ptII/ptolemy/domains/de/test/auto/CausalityAndComposabilityAnalysis.xml
----------------- Instantiating /home/travis/build/icyphy/ptII/ptolemy/domains/de/test/auto/CausalityAndComposabilityAnalysis.xml
2 ms. Memory: 51200K Free: 29756K (58%)
----------------- Invoking toplevel() on ptolemy.moml.MoMLSimpleApplication@38c05707
----------------- Done invoking toplevel() on ptolemy.moml.MoMLSimpleApplication@38c05707
reloadAllAccessors: .CausalityAndComposabilityAnalysis

===========================================================================================
----------------- testing Fri Oct 16 15:49:09 UTC 2020 /home/travis/build/icyphy/ptII/ptolemy/domains/de/test/auto/CausalityInterface1.xml
----------------- Instantiating /home/travis/build/icyphy/ptII/ptolemy/domains/de/test/auto/CausalityInterface1.xml
5 ms. Memory: 51200K Free: 24993K (49%)
----------------- Invoking toplevel() on ptolemy.moml.MoMLSimpleApplication@46c440e4
----------------- Done invoking toplevel() on ptolemy.moml.MoMLSimpleApplication@46c440e4
reloadAllAccessors: .CausalityInterface1

===========================================================================================
----------------- testing Fri Oct 16 15:49:10 UTC 2020 /home/travis/build/icyphy/ptII/ptolemy/domains/de/test/auto/CausalityInterface15.xml
----------------- Instantiating /home/travis/build/icyphy/ptII/ptolemy/domains/de/test/auto/CausalityInterface15.xml
2 ms. Memory: 51200K Free: 19516K (38%)
----------------- Invoking toplevel() on ptolemy.moml.MoMLSimpleApplication@99619e9
----------------- Done invoking toplevel() on ptolemy.moml.MoMLSimpleApplication@99619e9
reloadAllAccessors: .CausalityInterface15

===========================================================================================
----------------- testing Fri Oct 16 15:49:10 UTC 2020 /home/travis/build/icyphy/ptII/ptolemy/domains/de/test/auto/CausalityInterface2.xml
----------------- Instantiating /home/travis/build/icyphy/ptII/ptolemy/domains/de/test/auto/CausalityInterface2.xml
1 ms. Memory: 51200K Free: 15119K (30%)
[...]
	at ptolemy.actor.Manager.run(Manager.java:1263)
	at ptolemy.actor.Manager$PtolemyRunThread.run(Manager.java:1933)
java.lang.RuntimeException: Execution failed
	at ptolemy.moml.MoMLSimpleApplication$UnloadThread.run(MoMLSimpleApplication.java:402)
Caused by: ptolemy.kernel.util.IllegalActionException: Actor is not ready to fire.  Perhaps UpSample.prefire() returned false? Try debugging the actor by selecting "Listen to Actor".  Also, for SDF check moml for tokenConsumptionRate on input.
  in .DESDFClockTest.Play Bell.Copy1:SDF Director and .DESDFClockTest.Play Bell.UpSample
	at ptolemy.actor.sched.StaticSchedulingDirector.fire(StaticSchedulingDirector.java:227)
	at ptolemy.domains.sdf.kernel.SDFDirector.fire(SDFDirector.java:500)
	at ptolemy.actor.CompositeActor.fire(CompositeActor.java:455)
	at ptolemy.domains.de.kernel.DEDirector._fire(DEDirector.java:1949)
	at ptolemy.domains.de.kernel.DEDirector.fire(DEDirector.java:502)
	at ptolemy.actor.CompositeActor.fire(CompositeActor.java:455)
	at ptolemy.actor.Manager.iterate(Manager.java:851)
	at ptolemy.actor.Manager.execute(Manager.java:369)
	at ptolemy.actor.Manager.run(Manager.java:1263)
	at ptolemy.actor.Manager$PtolemyRunThread.run(Manager.java:1933)
java.lang.reflect.InvocationTargetException
	at java.base/jdk.internal.reflect.NativeConstructorAccessorImpl.newInstance0(Native Method)
	at java.base/jdk.internal.reflect.NativeConstructorAccessorImpl.newInstance(NativeConstructorAccessorImpl.java:62)
	at java.base/jdk.internal.reflect.DelegatingConstructorAccessorImpl.newInstance(DelegatingConstructorAccessorImpl.java:45)
	at java.base/java.lang.reflect.Constructor.newInstance(Constructor.java:490)
	at ptolemy.util.test.junit.AutoKnownFailedTests.RunModel(AutoKnownFailedTests.java:105)
	at java.base/jdk.internal.reflect.NativeMethodAccessorImpl.invoke0(Native Method)
	at java.base/jdk.internal.reflect.NativeMethodAccessorImpl.invoke(NativeMethodAccessorImpl.java:62)
	at java.base/jdk.internal.reflect.DelegatingMethodAccessorImpl.invoke(DelegatingMethodAccessorImpl.java:43)
	at java.base/java.lang.reflect.Method.invoke(Method.java:566)
	at org.junit.runners.model.FrameworkMethod$1.runReflectiveCall(FrameworkMethod.java:44)
	at org.junit.internal.runners.model.ReflectiveCallable.run(ReflectiveCallable.java:15)
	at org.junit.runners.model.FrameworkMethod.invokeExplosively(FrameworkMethod.java:41)
	at junitparams.internal.InvokeParameterisedMethod.evaluate(InvokeParameterisedMethod.java:102)
	at org.junit.internal.runners.statements.FailOnTimeout$1.run(FailOnTimeout.java:28)
Caused by: ptolemy.kernel.util.IllegalActionException: Actor is not ready to fire.  Perhaps UpSample.prefire() returned false? Try debugging the actor by selecting "Listen to Actor".  Also, for SDF check moml for tokenConsumptionRate on input.
  in .DESDFClockTest.Play Bell.Copy1:SDF Director and .DESDFClockTest.Play Bell.UpSample
	at ptolemy.actor.sched.StaticSchedulingDirector.fire(StaticSchedulingDirector.java:227)
	at ptolemy.domains.sdf.kernel.SDFDirector.fire(SDFDirector.java:500)
	at ptolemy.actor.CompositeActor.fire(CompositeActor.java:455)
	at ptolemy.domains.de.kernel.DEDirector._fire(DEDirector.java:1949)
	at ptolemy.domains.de.kernel.DEDirector.fire(DEDirector.java:502)
	at ptolemy.actor.CompositeActor.fire(CompositeActor.java:455)
	at ptolemy.actor.Manager.iterate(Manager.java:851)
	at ptolemy.actor.Manager.execute(Manager.java:369)
	at ptolemy.actor.Manager.run(Manager.java:1263)
	at ptolemy.actor.Manager$PtolemyRunThread.run(Manager.java:1933)
java.lang.RuntimeException: Execution failed
	at ptolemy.moml.MoMLSimpleApplication$UnloadThread.run(MoMLSimpleApplication.java:402)
Caused by: ptolemy.kernel.util.IllegalActionException: Test fails in iteration 1.
Value was: 1.0. Should have been: 2.0
  in .DirectFeedback.Test
	at ptolemy.actor.lib.Test.fire(Test.java:268)
	at ptolemy.domains.de.kernel.DEDirector._fire(DEDirector.java:1949)
	at ptolemy.domains.de.kernel.DEDirector.fire(DEDirector.java:502)
	at ptolemy.actor.CompositeActor.fire(CompositeActor.java:455)
	at ptolemy.actor.Manager.iterate(Manager.java:851)
	at ptolemy.actor.Manager.execute(Manager.java:369)
	at ptolemy.actor.Manager.run(Manager.java:1263)
	at ptolemy.actor.Manager$PtolemyRunThread.run(Manager.java:1933)
java.lang.reflect.InvocationTargetException
	at java.base/jdk.internal.reflect.NativeConstructorAccessorImpl.newInstance0(Native Method)
	at java.base/jdk.internal.reflect.NativeConstructorAccessorImpl.newInstance(NativeConstructorAccessorImpl.java:62)
	at java.base/jdk.internal.reflect.DelegatingConstructorAccessorImpl.newInstance(DelegatingConstructorAccessorImpl.java:45)
	at java.base/java.lang.reflect.Constructor.newInstance(Constructor.java:490)
	at ptolemy.util.test.junit.AutoKnownFailedTests.RunModel(AutoKnownFailedTests.java:105)
	at java.base/jdk.internal.reflect.NativeMethodAccessorImpl.invoke0(Native Method)
	at java.base/jdk.internal.reflect.NativeMethodAccessorImpl.invoke(NativeMethodAccessorImpl.java:62)
	at java.base/jdk.internal.reflect.DelegatingMethodAccessorImpl.invoke(DelegatingMethodAccessorImpl.java:43)
	at java.base/java.lang.reflect.Method.invoke(Method.java:566)
	at org.junit.runners.model.FrameworkMethod$1.runReflectiveCall(FrameworkMethod.java:44)
	at org.junit.internal.runners.model.ReflectiveCallable.run(ReflectiveCallable.java:15)
	at org.junit.runners.model.FrameworkMethod.invokeExplosively(FrameworkMethod.java:41)
	at junitparams.internal.InvokeParameterisedMethod.evaluate(InvokeParameterisedMethod.java:102)
	at org.junit.internal.runners.statements.FailOnTimeout$1.run(FailOnTimeout.java:28)
Caused by: ptolemy.kernel.util.IllegalActionException: Test fails in iteration 1.
Value was: 1.0. Should have been: 2.0
  in .DirectFeedback.Test
	at ptolemy.actor.lib.Test.fire(Test.java:268)
	at ptolemy.domains.de.kernel.DEDirector._fire(DEDirector.java:1949)
	at ptolemy.domains.de.kernel.DEDirector.fire(DEDirector.java:502)
	at ptolemy.actor.CompositeActor.fire(CompositeActor.java:455)
	at ptolemy.actor.Manager.iterate(Manager.java:851)
	at ptolemy.actor.Manager.execute(Manager.java:369)
	at ptolemy.actor.Manager.run(Manager.java:1263)
	at ptolemy.actor.Manager$PtolemyRunThread.run(Manager.java:1933)
java.lang.RuntimeException: Execution failed
	at ptolemy.moml.MoMLSimpleApplication$UnloadThread.run(MoMLSimpleApplication.java:402)
Caused by: ptolemy.kernel.util.IllegalActionException: Found a zero delay loop containing .HierarchicalModel.A
  in .HierarchicalModel and .HierarchicalModel.A
	at ptolemy.actor.util.CausalityInterfaceForComposites._computeOutputPortDepth(CausalityInterfaceForComposites.java:759)
	at ptolemy.actor.util.CausalityInterfaceForComposites._computeInputDepth(CausalityInterfaceForComposites.java:696)
	at ptolemy.actor.util.CausalityInterfaceForComposites._computeOutputPortDepth(CausalityInterfaceForComposites.java:765)
	at ptolemy.actor.util.CausalityInterfaceForComposites._computeInputDepth(CausalityInterfaceForComposites.java:696)
	at ptolemy.actor.util.CausalityInterfaceForComposites._computeOutputPortDepth(CausalityInterfaceForComposites.java:765)
	at ptolemy.actor.util.CausalityInterfaceForComposites._computeInputDepth(CausalityInterfaceForComposites.java:696)
	at ptolemy.actor.util.CausalityInterfaceForComposites._computeActorDepth(CausalityInterfaceForComposites.java:532)
	at ptolemy.actor.util.CausalityInterfaceForComposites.checkForCycles(CausalityInterfaceForComposites.java:96)
	at ptolemy.domains.de.kernel.DEDirector.preinitialize(DEDirector.java:1338)
	at ptolemy.actor.CompositeActor.preinitialize(CompositeActor.java:1828)
	at ptolemy.actor.Manager.preinitializeAndResolveTypes(Manager.java:1040)
	at ptolemy.actor.Manager.initialize(Manager.java:710)
	at ptolemy.actor.Manager.execute(Manager.java:356)
	at ptolemy.actor.Manager.run(Manager.java:1263)
	at ptolemy.actor.Manager$PtolemyRunThread.run(Manager.java:1933)
java.lang.reflect.InvocationTargetException
	at java.base/jdk.internal.reflect.NativeConstructorAccessorImpl.newInstance0(Native Method)
	at java.base/jdk.internal.reflect.NativeConstructorAccessorImpl.newInstance(NativeConstructorAccessorImpl.java:62)
	at java.base/jdk.internal.reflect.DelegatingConstructorAccessorImpl.newInstance(DelegatingConstructorAccessorImpl.java:45)
	at java.base/java.lang.reflect.Constructor.newInstance(Constructor.java:490)
	at ptolemy.util.test.junit.AutoKnownFailedTests.RunModel(AutoKnownFailedTests.java:105)
	at java.base/jdk.internal.reflect.NativeMethodAccessorImpl.invoke0(Native Method)
	at java.base/jdk.internal.reflect.NativeMethodAccessorImpl.invoke(NativeMethodAccessorImpl.java:62)
	at java.base/jdk.internal.reflect.DelegatingMethodAccessorImpl.invoke(DelegatingMethodAccessorImpl.java:43)
	at java.base/java.lang.reflect.Method.invoke(Method.java:566)
	at org.junit.runners.model.FrameworkMethod$1.runReflectiveCall(FrameworkMethod.java:44)
	at org.junit.internal.runners.model.ReflectiveCallable.run(ReflectiveCallable.java:15)
	at org.junit.runners.model.FrameworkMethod.invokeExplosively(FrameworkMethod.java:41)
	at junitparams.internal.InvokeParameterisedMethod.evaluate(InvokeParameterisedMethod.java:102)
	at org.junit.internal.runners.statements.FailOnTimeout$1.run(FailOnTimeout.java:28)
Caused by: ptolemy.kernel.util.IllegalActionException: Found a zero delay loop containing .HierarchicalModel.A
  in .HierarchicalModel and .HierarchicalModel.A
	at ptolemy.actor.util.CausalityInterfaceForComposites._computeOutputPortDepth(CausalityInterfaceForComposites.java:759)
	at ptolemy.actor.util.CausalityInterfaceForComposites._computeInputDepth(CausalityInterfaceForComposites.java:696)
	at ptolemy.actor.util.CausalityInterfaceForComposites._computeOutputPortDepth(CausalityInterfaceForComposites.java:765)
	at ptolemy.actor.util.CausalityInterfaceForComposites._computeInputDepth(CausalityInterfaceForComposites.java:696)
	at ptolemy.actor.util.CausalityInterfaceForComposites._computeOutputPortDepth(CausalityInterfaceForComposites.java:765)
	at ptolemy.actor.util.CausalityInterfaceForComposites._computeInputDepth(CausalityInterfaceForComposites.java:696)
	at ptolemy.actor.util.CausalityInterfaceForComposites._computeActorDepth(CausalityInterfaceForComposites.java:532)
	at ptolemy.actor.util.CausalityInterfaceForComposites.checkForCycles(CausalityInterfaceForComposites.java:96)
	at ptolemy.domains.de.kernel.DEDirector.preinitialize(DEDirector.java:1338)
	at ptolemy.actor.CompositeActor.preinitialize(CompositeActor.java:1828)
	at ptolemy.actor.Manager.preinitializeAndResolveTypes(Manager.java:1040)
	at ptolemy.actor.Manager.initialize(Manager.java:710)
	at ptolemy.actor.Manager.execute(Manager.java:356)
	at ptolemy.actor.Manager.run(Manager.java:1263)
	at ptolemy.actor.Manager$PtolemyRunThread.run(Manager.java:1933)
java.lang.RuntimeException: Execution failed
	at ptolemy.moml.MoMLSimpleApplication$UnloadThread.run(MoMLSimpleApplication.java:402)
Caused by: ptolemy.kernel.util.IllegalActionException: Found a zero delay loop containing .dependencyLoop.original
  in .dependencyLoop and .dependencyLoop.original
	at ptolemy.actor.util.CausalityInterfaceForComposites._computeOutputPortDepth(CausalityInterfaceForComposites.java:759)
	at ptolemy.actor.util.CausalityInterfaceForComposites._computeInputDepth(CausalityInterfaceForComposites.java:696)
	at ptolemy.actor.util.CausalityInterfaceForComposites._computeOutputPortDepth(CausalityInterfaceForComposites.java:765)
	at ptolemy.actor.util.CausalityInterfaceForComposites._computeInputDepth(CausalityInterfaceForComposites.java:696)
	at ptolemy.actor.util.CausalityInterfaceForComposites._computeOutputPortDepth(CausalityInterfaceForComposites.java:765)
	at ptolemy.actor.util.CausalityInterfaceForComposites._computeInputDepth(CausalityInterfaceForComposites.java:696)
	at ptolemy.actor.util.CausalityInterfaceForComposites._computeActorDepth(CausalityInterfaceForComposites.java:532)
	at ptolemy.actor.util.CausalityInterfaceForComposites.checkForCycles(CausalityInterfaceForComposites.java:96)
	at ptolemy.domains.de.kernel.DEDirector.preinitialize(DEDirector.java:1338)
	at ptolemy.actor.CompositeActor.preinitialize(CompositeActor.java:1828)
	at ptolemy.actor.Manager.preinitializeAndResolveTypes(Manager.java:1040)
	at ptolemy.actor.Manager.initialize(Manager.java:710)
	at ptolemy.actor.Manager.execute(Manager.java:356)
	at ptolemy.actor.Manager.run(Manager.java:1263)
	at ptolemy.actor.Manager$PtolemyRunThread.run(Manager.java:1933)
java.lang.reflect.InvocationTargetException
	at java.base/jdk.internal.reflect.NativeConstructorAccessorImpl.newInstance0(Native Method)
	at java.base/jdk.internal.reflect.NativeConstructorAccessorImpl.newInstance(NativeConstructorAccessorImpl.java:62)
	at java.base/jdk.internal.reflect.DelegatingConstructorAccessorImpl.newInstance(DelegatingConstructorAccessorImpl.java:45)
	at java.base/java.lang.reflect.Constructor.newInstance(Constructor.java:490)
	at ptolemy.util.test.junit.AutoKnownFailedTests.RunModel(AutoKnownFailedTests.java:105)
	at java.base/jdk.internal.reflect.NativeMethodAccessorImpl.invoke0(Native Method)
	at java.base/jdk.internal.reflect.NativeMethodAccessorImpl.invoke(NativeMethodAccessorImpl.java:62)
	at java.base/jdk.internal.reflect.DelegatingMethodAccessorImpl.invoke(DelegatingMethodAccessorImpl.java:43)
	at java.base/java.lang.reflect.Method.invoke(Method.java:566)
	at org.junit.runners.model.FrameworkMethod$1.runReflectiveCall(FrameworkMethod.java:44)
	at org.junit.internal.runners.model.ReflectiveCallable.run(ReflectiveCallable.java:15)
	at org.junit.runners.model.FrameworkMethod.invokeExplosively(FrameworkMethod.java:41)
	at junitparams.internal.InvokeParameterisedMethod.evaluate(InvokeParameterisedMethod.java:102)
	at org.junit.internal.runners.statements.FailOnTimeout$1.run(FailOnTimeout.java:28)
Caused by: ptolemy.kernel.util.IllegalActionException: Found a zero delay loop containing .dependencyLoop.original
  in .dependencyLoop and .dependencyLoop.original
	at ptolemy.actor.util.CausalityInterfaceForComposites._computeOutputPortDepth(CausalityInterfaceForComposites.java:759)
	at ptolemy.actor.util.CausalityInterfaceForComposites._computeInputDepth(CausalityInterfaceForComposites.java:696)
	at ptolemy.actor.util.CausalityInterfaceForComposites._computeOutputPortDepth(CausalityInterfaceForComposites.java:765)
	at ptolemy.actor.util.CausalityInterfaceForComposites._computeInputDepth(CausalityInterfaceForComposites.java:696)
	at ptolemy.actor.util.CausalityInterfaceForComposites._computeOutputPortDepth(CausalityInterfaceForComposites.java:765)
	at ptolemy.actor.util.CausalityInterfaceForComposites._computeInputDepth(CausalityInterfaceForComposites.java:696)
	at ptolemy.actor.util.CausalityInterfaceForComposites._computeActorDepth(CausalityInterfaceForComposites.java:532)
	at ptolemy.actor.util.CausalityInterfaceForComposites.checkForCycles(CausalityInterfaceForComposites.java:96)
	at ptolemy.domains.de.kernel.DEDirector.preinitialize(DEDirector.java:1338)
	at ptolemy.actor.CompositeActor.preinitialize(CompositeActor.java:1828)
	at ptolemy.actor.Manager.preinitializeAndResolveTypes(Manager.java:1040)
	at ptolemy.actor.Manager.initialize(Manager.java:710)
	at ptolemy.actor.Manager.execute(Manager.java:356)
	at ptolemy.actor.Manager.run(Manager.java:1263)
	at ptolemy.actor.Manager$PtolemyRunThread.run(Manager.java:1933)
java.lang.RuntimeException: Execution failed
	at ptolemy.moml.MoMLSimpleApplication$UnloadThread.run(MoMLSimpleApplication.java:402)
Caused by: ptolemy.kernel.util.IllegalActionException: Found a zero delay loop containing .dependencyLoop2.original
  in .dependencyLoop2 and .dependencyLoop2.original
	at ptolemy.actor.util.CausalityInterfaceForComposites._computeOutputPortDepth(CausalityInterfaceForComposites.java:759)
	at ptolemy.actor.util.CausalityInterfaceForComposites._computeInputDepth(CausalityInterfaceForComposites.java:696)
	at ptolemy.actor.util.CausalityInterfaceForComposites._computeOutputPortDepth(CausalityInterfaceForComposites.java:765)
	at ptolemy.actor.util.CausalityInterfaceForComposites._computeInputDepth(CausalityInterfaceForComposites.java:696)
	at ptolemy.actor.util.CausalityInterfaceForComposites._computeOutputPortDepth(CausalityInterfaceForComposites.java:765)
	at ptolemy.actor.util.CausalityInterfaceForComposites._computeInputDepth(CausalityInterfaceForComposites.java:696)
	at ptolemy.actor.util.CausalityInterfaceForComposites._computeActorDepth(CausalityInterfaceForComposites.java:532)
	at ptolemy.actor.util.CausalityInterfaceForComposites.checkForCycles(CausalityInterfaceForComposites.java:96)
	at ptolemy.domains.de.kernel.DEDirector.preinitialize(DEDirector.java:1338)
	at ptolemy.actor.CompositeActor.preinitialize(CompositeActor.java:1828)
	at ptolemy.actor.Manager.preinitializeAndResolveTypes(Manager.java:1040)
	at ptolemy.actor.Manager.initialize(Manager.java:710)
	at ptolemy.actor.Manager.execute(Manager.java:356)
	at ptolemy.actor.Manager.run(Manager.java:1263)
	at ptolemy.actor.Manager$PtolemyRunThread.run(Manager.java:1933)
java.lang.reflect.InvocationTargetException
	at java.base/jdk.internal.reflect.NativeConstructorAccessorImpl.newInstance0(Native Method)
	at java.base/jdk.internal.reflect.NativeConstructorAccessorImpl.newInstance(NativeConstructorAccessorImpl.java:62)
	at java.base/jdk.internal.reflect.DelegatingConstructorAccessorImpl.newInstance(DelegatingConstructorAccessorImpl.java:45)
	at java.base/java.lang.reflect.Constructor.newInstance(Constructor.java:490)
	at ptolemy.util.test.junit.AutoKnownFailedTests.RunModel(AutoKnownFailedTests.java:105)
	at java.base/jdk.internal.reflect.NativeMethodAccessorImpl.invoke0(Native Method)
	at java.base/jdk.internal.reflect.NativeMethodAccessorImpl.invoke(NativeMethodAccessorImpl.java:62)
	at java.base/jdk.internal.reflect.DelegatingMethodAccessorImpl.invoke(DelegatingMethodAccessorImpl.java:43)
	at java.base/java.lang.reflect.Method.invoke(Method.java:566)
	at org.junit.runners.model.FrameworkMethod$1.runReflectiveCall(FrameworkMethod.java:44)
	at org.junit.internal.runners.model.ReflectiveCallable.run(ReflectiveCallable.java:15)
	at org.junit.runners.model.FrameworkMethod.invokeExplosively(FrameworkMethod.java:41)
	at junitparams.internal.InvokeParameterisedMethod.evaluate(InvokeParameterisedMethod.java:102)
	at org.junit.internal.runners.statements.FailOnTimeout$1.run(FailOnTimeout.java:28)
Caused by: ptolemy.kernel.util.IllegalActionException: Found a zero delay loop containing .dependencyLoop2.original
  in .dependencyLoop2 and .dependencyLoop2.original
	at ptolemy.actor.util.CausalityInterfaceForComposites._computeOutputPortDepth(CausalityInterfaceForComposites.java:759)
	at ptolemy.actor.util.CausalityInterfaceForComposites._computeInputDepth(CausalityInterfaceForComposites.java:696)
	at ptolemy.actor.util.CausalityInterfaceForComposites._computeOutputPortDepth(CausalityInterfaceForComposites.java:765)
	at ptolemy.actor.util.CausalityInterfaceForComposites._computeInputDepth(CausalityInterfaceForComposites.java:696)
	at ptolemy.actor.util.CausalityInterfaceForComposites._computeOutputPortDepth(CausalityInterfaceForComposites.java:765)
	at ptolemy.actor.util.CausalityInterfaceForComposites._computeInputDepth(CausalityInterfaceForComposites.java:696)
	at ptolemy.actor.util.CausalityInterfaceForComposites._computeActorDepth(CausalityInterfaceForComposites.java:532)
	at ptolemy.actor.util.CausalityInterfaceForComposites.checkForCycles(CausalityInterfaceForComposites.java:96)
	at ptolemy.domains.de.kernel.DEDirector.preinitialize(DEDirector.java:1338)
	at ptolemy.actor.CompositeActor.preinitialize(CompositeActor.java:1828)
	at ptolemy.actor.Manager.preinitializeAndResolveTypes(Manager.java:1040)
	at ptolemy.actor.Manager.initialize(Manager.java:710)
	at ptolemy.actor.Manager.execute(Manager.java:356)
	at ptolemy.actor.Manager.run(Manager.java:1263)
	at ptolemy.actor.Manager$PtolemyRunThread.run(Manager.java:1933)
]]></system-err>
</testsuite>
