<?xml version="1.0" encoding="UTF-8" ?>
<testsuite errors="0" failures="0" hostname="travis-job-3cc2c465-1b3b-4a63-8609-1ad57352d7e8" name="ptolemy.domains.continuous.test.junit.JUnitTclTest" skipped="0" tests="156" time="77.491" timestamp="2019-06-23T20:50:49">
  <properties>
[...]
</properties>
  <testcase classname="ptolemy.util.test.junit.TclTests" name="[0] ThereAreNoTclTests (RunTclFile)" time="0.027" />
  <testcase classname="ptolemy.util.test.junit.AutoKnownFailedTests" name="[0] ThereAreNoKnowFailedTests (RunModel)" time="0.004" />
  <testcase classname="ptolemy.util.test.junit.AutoNameArchTests" name="[0] ThereAreNoAutoArchTests (RunModel)" time="0.028" />
  <testcase classname="ptolemy.util.test.junit.AutoTests" name="[0] /home/travis/build/icyphy/ptII/ptolemy/domains/continuous/test/auto/BouncingBall.xml (RunModel)" time="3.162" />
  <testcase classname="ptolemy.util.test.junit.AutoTests" name="[1] /home/travis/build/icyphy/ptII/ptolemy/domains/continuous/test/auto/BouncingBallWithoutGR.xml (RunModel)" time="0.957" />
  <testcase classname="ptolemy.util.test.junit.AutoTests" name="[2] /home/travis/build/icyphy/ptII/ptolemy/domains/continuous/test/auto/Brownian.xml (RunModel)" time="0.126" />
  <testcase classname="ptolemy.util.test.junit.AutoTests" name="[3] /home/travis/build/icyphy/ptII/ptolemy/domains/continuous/test/auto/CarTracking.xml (RunModel)" time="4.044" />
  <testcase classname="ptolemy.util.test.junit.AutoTests" name="[4] /home/travis/build/icyphy/ptII/ptolemy/domains/continuous/test/auto/CartPendulum.xml (RunModel)" time="0.529" />
  <testcase classname="ptolemy.util.test.junit.AutoTests" name="[5] /home/travis/build/icyphy/ptII/ptolemy/domains/continuous/test/auto/CausalityInterface10.xml (RunModel)" time="0.046" />
  <testcase classname="ptolemy.util.test.junit.AutoTests" name="[6] /home/travis/build/icyphy/ptII/ptolemy/domains/continuous/test/auto/CausalityInterface11.xml (RunModel)" time="0.026" />
  <testcase classname="ptolemy.util.test.junit.AutoTests" name="[7] /home/travis/build/icyphy/ptII/ptolemy/domains/continuous/test/auto/CausalityInterface12.xml (RunModel)" time="0.031" />
  <testcase classname="ptolemy.util.test.junit.AutoTests" name="[8] /home/travis/build/icyphy/ptII/ptolemy/domains/continuous/test/auto/CausalityInterface13.xml (RunModel)" time="0.031" />
  <testcase classname="ptolemy.util.test.junit.AutoTests" name="[9] /home/travis/build/icyphy/ptII/ptolemy/domains/continuous/test/auto/CausalityInterface14.xml (RunModel)" time="0.032" />
  <testcase classname="ptolemy.util.test.junit.AutoTests" name="[10] /home/travis/build/icyphy/ptII/ptolemy/domains/continuous/test/auto/CausalityInterface4.xml (RunModel)" time="0.026" />
  <testcase classname="ptolemy.util.test.junit.AutoTests" name="[11] /home/travis/build/icyphy/ptII/ptolemy/domains/continuous/test/auto/CausalityInterface5.xml (RunModel)" time="0.03" />
  <testcase classname="ptolemy.util.test.junit.AutoTests" name="[12] /home/travis/build/icyphy/ptII/ptolemy/domains/continuous/test/auto/CausalityInterface6.xml (RunModel)" time="0.029" />
  <testcase classname="ptolemy.util.test.junit.AutoTests" name="[13] /home/travis/build/icyphy/ptII/ptolemy/domains/continuous/test/auto/CausalityInterface7.xml (RunModel)" time="0.056" />
  <testcase classname="ptolemy.util.test.junit.AutoTests" name="[14] /home/travis/build/icyphy/ptII/ptolemy/domains/continuous/test/auto/CausalityInterface8.xml (RunModel)" time="0.039" />
  <testcase classname="ptolemy.util.test.junit.AutoTests" name="[15] /home/travis/build/icyphy/ptII/ptolemy/domains/continuous/test/auto/CausalityInterface9.xml (RunModel)" time="0.055" />
  <testcase classname="ptolemy.util.test.junit.AutoTests" name="[16] /home/travis/build/icyphy/ptII/ptolemy/domains/continuous/test/auto/CausalityInterfaceFeedback1.xml (RunModel)" time="0.037" />
  <testcase classname="ptolemy.util.test.junit.AutoTests" name="[17] /home/travis/build/icyphy/ptII/ptolemy/domains/continuous/test/auto/CausalityInterfaceFeedback2.xml (RunModel)" time="0.036" />
  <testcase classname="ptolemy.util.test.junit.AutoTests" name="[18] /home/travis/build/icyphy/ptII/ptolemy/domains/continuous/test/auto/CompareWithCurrentTime.xml (RunModel)" time="0.018" />
  <testcase classname="ptolemy.util.test.junit.AutoTests" name="[19] /home/travis/build/icyphy/ptII/ptolemy/domains/continuous/test/auto/ComparedClocks.xml (RunModel)" time="0.083" />
  <testcase classname="ptolemy.util.test.junit.AutoTests" name="[20] /home/travis/build/icyphy/ptII/ptolemy/domains/continuous/test/auto/ContinuousAOCClone.xml (RunModel)" time="3.02" />
  <testcase classname="ptolemy.util.test.junit.AutoTests" name="[21] /home/travis/build/icyphy/ptII/ptolemy/domains/continuous/test/auto/ContinuousClock.xml (RunModel)" time="0.088" />
  <testcase classname="ptolemy.util.test.junit.AutoTests" name="[22] /home/travis/build/icyphy/ptII/ptolemy/domains/continuous/test/auto/ContinuousInContinuous.xml (RunModel)" time="0.098" />
  <testcase classname="ptolemy.util.test.junit.AutoTests" name="[23] /home/travis/build/icyphy/ptII/ptolemy/domains/continuous/test/auto/ContinuousInContinuousInContinuous.xml (RunModel)" time="0.032" />
  <testcase classname="ptolemy.util.test.junit.AutoTests" name="[24] /home/travis/build/icyphy/ptII/ptolemy/domains/continuous/test/auto/ContinuousInDE.xml (RunModel)" time="0.133" />
  <testcase classname="ptolemy.util.test.junit.AutoTests" name="[25] /home/travis/build/icyphy/ptII/ptolemy/domains/continuous/test/auto/ContinuousInDE2.xml (RunModel)" time="0.055" />
  <testcase classname="ptolemy.util.test.junit.AutoTests" name="[26] /home/travis/build/icyphy/ptII/ptolemy/domains/continuous/test/auto/ContinuousInDE3.xml (RunModel)" time="0.065" />
  <testcase classname="ptolemy.util.test.junit.AutoTests" name="[27] /home/travis/build/icyphy/ptII/ptolemy/domains/continuous/test/auto/ContinuousInDE4.xml (RunModel)" time="0.042" />
  <testcase classname="ptolemy.util.test.junit.AutoTests" name="[28] /home/travis/build/icyphy/ptII/ptolemy/domains/continuous/test/auto/ContinuousInDEDifferentRefinements.xml (RunModel)" time="0.129" />
  <testcase classname="ptolemy.util.test.junit.AutoTests" name="[29] /home/travis/build/icyphy/ptII/ptolemy/domains/continuous/test/auto/ContinuousInDEDifferentRefinementsPreemptive.xml (RunModel)" time="0.104" />
  <testcase classname="ptolemy.util.test.junit.AutoTests" name="[30] /home/travis/build/icyphy/ptII/ptolemy/domains/continuous/test/auto/ContinuousInDEInContinuous2.xml (RunModel)" time="0.066" />
  <testcase classname="ptolemy.util.test.junit.AutoTests" name="[31] /home/travis/build/icyphy/ptII/ptolemy/domains/continuous/test/auto/ContinuousInDEInContinuous3.xml (RunModel)" time="0.068" />
  <testcase classname="ptolemy.util.test.junit.AutoTests" name="[32] /home/travis/build/icyphy/ptII/ptolemy/domains/continuous/test/auto/ContinuousInDEInput.xml (RunModel)" time="0.037" />
  <testcase classname="ptolemy.util.test.junit.AutoTests" name="[33] /home/travis/build/icyphy/ptII/ptolemy/domains/continuous/test/auto/ContinuousInDEInput2.xml (RunModel)" time="0.038" />
  <testcase classname="ptolemy.util.test.junit.AutoTests" name="[34] /home/travis/build/icyphy/ptII/ptolemy/domains/continuous/test/auto/ContinuousInDEInput3.xml (RunModel)" time="0.048" />
  <testcase classname="ptolemy.util.test.junit.AutoTests" name="[35] /home/travis/build/icyphy/ptII/ptolemy/domains/continuous/test/auto/ContinuousInDESharingRefinement.xml (RunModel)" time="0.196" />
  <testcase classname="ptolemy.util.test.junit.AutoTests" name="[36] /home/travis/build/icyphy/ptII/ptolemy/domains/continuous/test/auto/ContinuousInDEwithNoPorts.xml (RunModel)" time="0.021" />
  <testcase classname="ptolemy.util.test.junit.AutoTests" name="[37] /home/travis/build/icyphy/ptII/ptolemy/domains/continuous/test/auto/ContinuousInsideDE.xml (RunModel)" time="0.094" />
  <testcase classname="ptolemy.util.test.junit.AutoTests" name="[38] /home/travis/build/icyphy/ptII/ptolemy/domains/continuous/test/auto/ContinuousMerge1.xml (RunModel)" time="0.02" />
  <testcase classname="ptolemy.util.test.junit.AutoTests" name="[39] /home/travis/build/icyphy/ptII/ptolemy/domains/continuous/test/auto/ContinuousMerge2.xml (RunModel)" time="0.055" />
  <testcase classname="ptolemy.util.test.junit.AutoTests" name="[40] /home/travis/build/icyphy/ptII/ptolemy/domains/continuous/test/auto/ContinuousMerge3.xml (RunModel)" time="0.066" />
  <testcase classname="ptolemy.util.test.junit.AutoTests" name="[41] /home/travis/build/icyphy/ptII/ptolemy/domains/continuous/test/auto/ContinuousWithinContinuous.xml (RunModel)" time="0.055" />
  <testcase classname="ptolemy.util.test.junit.AutoTests" name="[42] /home/travis/build/icyphy/ptII/ptolemy/domains/continuous/test/auto/ContinuousWithinContinuous2.xml (RunModel)" time="0.091" />
  <testcase classname="ptolemy.util.test.junit.AutoTests" name="[43] /home/travis/build/icyphy/ptII/ptolemy/domains/continuous/test/auto/ContinuousWithinContinuous3.xml (RunModel)" time="0.033" />
  <testcase classname="ptolemy.util.test.junit.AutoTests" name="[44] /home/travis/build/icyphy/ptII/ptolemy/domains/continuous/test/auto/ContinuousWithinContinuous4.xml (RunModel)" time="0.092" />
  <testcase classname="ptolemy.util.test.junit.AutoTests" name="[45] /home/travis/build/icyphy/ptII/ptolemy/domains/continuous/test/auto/ContinuousWithinContinuous5.xml (RunModel)" time="0.031" />
  <testcase classname="ptolemy.util.test.junit.AutoTests" name="[46] /home/travis/build/icyphy/ptII/ptolemy/domains/continuous/test/auto/ContinuousWithinContinuous6.xml (RunModel)" time="0.041" />
  <testcase classname="ptolemy.util.test.junit.AutoTests" name="[47] /home/travis/build/icyphy/ptII/ptolemy/domains/continuous/test/auto/ContinuousWithinContinuous7.xml (RunModel)" time="0.069" />
  <testcase classname="ptolemy.util.test.junit.AutoTests" name="[48] /home/travis/build/icyphy/ptII/ptolemy/domains/continuous/test/auto/DCMotor.xml (RunModel)" time="13.625" />
  <testcase classname="ptolemy.util.test.junit.AutoTests" name="[49] /home/travis/build/icyphy/ptII/ptolemy/domains/continuous/test/auto/DEInContinuous.xml (RunModel)" time="0.027" />
  <testcase classname="ptolemy.util.test.junit.AutoTests" name="[50] /home/travis/build/icyphy/ptII/ptolemy/domains/continuous/test/auto/DEinContinuous2.xml (RunModel)" time="0.051" />
  <testcase classname="ptolemy.util.test.junit.AutoTests" name="[51] /home/travis/build/icyphy/ptII/ptolemy/domains/continuous/test/auto/Derivative.xml (RunModel)" time="0.203" />
  <testcase classname="ptolemy.util.test.junit.AutoTests" name="[52] /home/travis/build/icyphy/ptII/ptolemy/domains/continuous/test/auto/Derivative1.xml (RunModel)" time="0.054" />
  <testcase classname="ptolemy.util.test.junit.AutoTests" name="[53] /home/travis/build/icyphy/ptII/ptolemy/domains/continuous/test/auto/DiscreteClock.xml (RunModel)" time="0.024" />
  <testcase classname="ptolemy.util.test.junit.AutoTests" name="[54] /home/travis/build/icyphy/ptII/ptolemy/domains/continuous/test/auto/EfficiencyCurve.xml (RunModel)" time="0.148" />
  <testcase classname="ptolemy.util.test.junit.AutoTests" name="[55] /home/travis/build/icyphy/ptII/ptolemy/domains/continuous/test/auto/ExponentialResponse.xml (RunModel)" time="0.148" />
  <testcase classname="ptolemy.util.test.junit.AutoTests" name="[56] /home/travis/build/icyphy/ptII/ptolemy/domains/continuous/test/auto/ExponentialResponseRK45.xml (RunModel)" time="0.043" />
  <testcase classname="ptolemy.util.test.junit.AutoTests" name="[57] /home/travis/build/icyphy/ptII/ptolemy/domains/continuous/test/auto/Friction.xml (RunModel)" time="1.649" />
  <testcase classname="ptolemy.util.test.junit.AutoTests" name="[58] /home/travis/build/icyphy/ptII/ptolemy/domains/continuous/test/auto/FurutaPendulum.xml (RunModel)" time="3.606" />
  <testcase classname="ptolemy.util.test.junit.AutoTests" name="[59] /home/travis/build/icyphy/ptII/ptolemy/domains/continuous/test/auto/HierarchicalExecution.xml (RunModel)" time="2.315" />
  <testcase classname="ptolemy.util.test.junit.AutoTests" name="[60] /home/travis/build/icyphy/ptII/ptolemy/domains/continuous/test/auto/HybridPlant.xml (RunModel)" time="0.59" />
  <testcase classname="ptolemy.util.test.junit.AutoTests" name="[61] /home/travis/build/icyphy/ptII/ptolemy/domains/continuous/test/auto/Hysteresis.xml (RunModel)" time="0.195" />
  <testcase classname="ptolemy.util.test.junit.AutoTests" name="[62] /home/travis/build/icyphy/ptII/ptolemy/domains/continuous/test/auto/HysteresisWithRandomDelay.xml (RunModel)" time="0.255" />
  <testcase classname="ptolemy.util.test.junit.AutoTests" name="[63] /home/travis/build/icyphy/ptII/ptolemy/domains/continuous/test/auto/HysteresisWithRandomLosses.xml (RunModel)" time="2.534" />
  <testcase classname="ptolemy.util.test.junit.AutoTests" name="[64] /home/travis/build/icyphy/ptII/ptolemy/domains/continuous/test/auto/ImmediateTransitions.xml (RunModel)" time="0.042" />
  <testcase classname="ptolemy.util.test.junit.AutoTests" name="[65] /home/travis/build/icyphy/ptII/ptolemy/domains/continuous/test/auto/ImpulseFeedback.xml (RunModel)" time="0.023" />
  <testcase classname="ptolemy.util.test.junit.AutoTests" name="[66] /home/travis/build/icyphy/ptII/ptolemy/domains/continuous/test/auto/ImpulseFeedback2.xml (RunModel)" time="0.026" />
  <testcase classname="ptolemy.util.test.junit.AutoTests" name="[67] /home/travis/build/icyphy/ptII/ptolemy/domains/continuous/test/auto/IncreasingRatePoisson.xml (RunModel)" time="0.74" />
  <testcase classname="ptolemy.util.test.junit.AutoTests" name="[68] /home/travis/build/icyphy/ptII/ptolemy/domains/continuous/test/auto/InitialStateFeedback.xml (RunModel)" time="0.02" />
  <testcase classname="ptolemy.util.test.junit.AutoTests" name="[69] /home/travis/build/icyphy/ptII/ptolemy/domains/continuous/test/auto/Integration.xml (RunModel)" time="0.018" />
  <testcase classname="ptolemy.util.test.junit.AutoTests" name="[70] /home/travis/build/icyphy/ptII/ptolemy/domains/continuous/test/auto/Integration2.xml (RunModel)" time="0.101" />
  <testcase classname="ptolemy.util.test.junit.AutoTests" name="[71] /home/travis/build/icyphy/ptII/ptolemy/domains/continuous/test/auto/Integration3.xml (RunModel)" time="0.033" />
  <testcase classname="ptolemy.util.test.junit.AutoTests" name="[72] /home/travis/build/icyphy/ptII/ptolemy/domains/continuous/test/auto/Integration5.xml (RunModel)" time="0.011" />
  <testcase classname="ptolemy.util.test.junit.AutoTests" name="[73] /home/travis/build/icyphy/ptII/ptolemy/domains/continuous/test/auto/IntegratorImpulse.xml (RunModel)" time="0.01" />
  <testcase classname="ptolemy.util.test.junit.AutoTests" name="[74] /home/travis/build/icyphy/ptII/ptolemy/domains/continuous/test/auto/IntegratorImpulse2.xml (RunModel)" time="0.015" />
  <testcase classname="ptolemy.util.test.junit.AutoTests" name="[75] /home/travis/build/icyphy/ptII/ptolemy/domains/continuous/test/auto/LevelCrossing1.xml (RunModel)" time="0.017" />
  <testcase classname="ptolemy.util.test.junit.AutoTests" name="[76] /home/travis/build/icyphy/ptII/ptolemy/domains/continuous/test/auto/LevelCrossing2.xml (RunModel)" time="0.015" />
  <testcase classname="ptolemy.util.test.junit.AutoTests" name="[77] /home/travis/build/icyphy/ptII/ptolemy/domains/continuous/test/auto/LevelCrossing3.xml (RunModel)" time="0.017" />
  <testcase classname="ptolemy.util.test.junit.AutoTests" name="[78] /home/travis/build/icyphy/ptII/ptolemy/domains/continuous/test/auto/LevelCrossing4.xml (RunModel)" time="0.014" />
  <testcase classname="ptolemy.util.test.junit.AutoTests" name="[79] /home/travis/build/icyphy/ptII/ptolemy/domains/continuous/test/auto/LevelCrossing5.xml (RunModel)" time="0.017" />
  <testcase classname="ptolemy.util.test.junit.AutoTests" name="[80] /home/travis/build/icyphy/ptII/ptolemy/domains/continuous/test/auto/LevelCrossing6.xml (RunModel)" time="0.017" />
  <testcase classname="ptolemy.util.test.junit.AutoTests" name="[81] /home/travis/build/icyphy/ptII/ptolemy/domains/continuous/test/auto/LevelCrossingDetector.xml (RunModel)" time="0.041" />
  <testcase classname="ptolemy.util.test.junit.AutoTests" name="[82] /home/travis/build/icyphy/ptII/ptolemy/domains/continuous/test/auto/LevelCrossingDetectorDetectingDirections.xml (RunModel)" time="0.095" />
  <testcase classname="ptolemy.util.test.junit.AutoTests" name="[83] /home/travis/build/icyphy/ptII/ptolemy/domains/continuous/test/auto/LevelCrossingDetectorDetectsGlitches.xml (RunModel)" time="0.064" />
  <testcase classname="ptolemy.util.test.junit.AutoTests" name="[84] /home/travis/build/icyphy/ptII/ptolemy/domains/continuous/test/auto/LevelCrossingNoInitialOuput.xml (RunModel)" time="0.015" />
  <testcase classname="ptolemy.util.test.junit.AutoTests" name="[85] /home/travis/build/icyphy/ptII/ptolemy/domains/continuous/test/auto/LinearStateSpaceExample.xml (RunModel)" time="0.077" />
  <testcase classname="ptolemy.util.test.junit.AutoTests" name="[86] /home/travis/build/icyphy/ptII/ptolemy/domains/continuous/test/auto/Lorenz.xml (RunModel)" time="4.088" />
  <testcase classname="ptolemy.util.test.junit.AutoTests" name="[87] /home/travis/build/icyphy/ptII/ptolemy/domains/continuous/test/auto/LorenzDifferentialSystem.xml (RunModel)" time="1.04" />
  <testcase classname="ptolemy.util.test.junit.AutoTests" name="[88] /home/travis/build/icyphy/ptII/ptolemy/domains/continuous/test/auto/LorenzDifferentialSystemWithInput.xml (RunModel)" time="1.566" />
  <testcase classname="ptolemy.util.test.junit.AutoTests" name="[89] /home/travis/build/icyphy/ptII/ptolemy/domains/continuous/test/auto/LorenzDifferentialSystemWithTime.xml (RunModel)" time="0.792" />
  <testcase classname="ptolemy.util.test.junit.AutoTests" name="[90] /home/travis/build/icyphy/ptII/ptolemy/domains/continuous/test/auto/Microsteps.xml (RunModel)" time="0.02" />
  <testcase classname="ptolemy.util.test.junit.AutoTests" name="[91] /home/travis/build/icyphy/ptII/ptolemy/domains/continuous/test/auto/Modal1.xml (RunModel)" time="0.045" />
  <testcase classname="ptolemy.util.test.junit.AutoTests" name="[92] /home/travis/build/icyphy/ptII/ptolemy/domains/continuous/test/auto/Modal2.xml (RunModel)" time="0.054" />
  <testcase classname="ptolemy.util.test.junit.AutoTests" name="[93] /home/travis/build/icyphy/ptII/ptolemy/domains/continuous/test/auto/ModalTransitionGuardWithReset.xml (RunModel)" time="0.037" />
  <testcase classname="ptolemy.util.test.junit.AutoTests" name="[94] /home/travis/build/icyphy/ptII/ptolemy/domains/continuous/test/auto/ModalTransitionGuardWithResetUsingPreemptiveTransition.xml (RunModel)" time="0.035" />
  <testcase classname="ptolemy.util.test.junit.AutoTests" name="[95] /home/travis/build/icyphy/ptII/ptolemy/domains/continuous/test/auto/ModalTransitionGuardWithResetUsingPreemptiveTransition2.xml (RunModel)" time="0.028" />
  <testcase classname="ptolemy.util.test.junit.AutoTests" name="[96] /home/travis/build/icyphy/ptII/ptolemy/domains/continuous/test/auto/ModalTransitionGuardWithResetUsingPreemptiveTransition3.xml (RunModel)" time="0.028" />
  <testcase classname="ptolemy.util.test.junit.AutoTests" name="[97] /home/travis/build/icyphy/ptII/ptolemy/domains/continuous/test/auto/NewtonsCradle.xml (RunModel)" time="0.818" />
  <testcase classname="ptolemy.util.test.junit.AutoTests" name="[98] /home/travis/build/icyphy/ptII/ptolemy/domains/continuous/test/auto/NewtonsCradleAnimated.xml (RunModel)" time="1.407" />
  <testcase classname="ptolemy.util.test.junit.AutoTests" name="[99] /home/travis/build/icyphy/ptII/ptolemy/domains/continuous/test/auto/NewtonsCradleComplicated.xml (RunModel)" time="1.001" />
  <testcase classname="ptolemy.util.test.junit.AutoTests" name="[100] /home/travis/build/icyphy/ptII/ptolemy/domains/continuous/test/auto/NewtonsCradleNondeterministic.xml (RunModel)" time="0.786" />
  <testcase classname="ptolemy.util.test.junit.AutoTests" name="[101] /home/travis/build/icyphy/ptII/ptolemy/domains/continuous/test/auto/NewtonsCradlePerfectlyInelastic1.xml (RunModel)" time="1.301" />
  <testcase classname="ptolemy.util.test.junit.AutoTests" name="[102] /home/travis/build/icyphy/ptII/ptolemy/domains/continuous/test/auto/Noise.xml (RunModel)" time="0.195" />
  <testcase classname="ptolemy.util.test.junit.AutoTests" name="[103] /home/travis/build/icyphy/ptII/ptolemy/domains/continuous/test/auto/NoiseSpectrum.xml (RunModel)" time="0.834" />
  <testcase classname="ptolemy.util.test.junit.AutoTests" name="[104] /home/travis/build/icyphy/ptII/ptolemy/domains/continuous/test/auto/ParameterizedNewtonsCradleAnimated.xml (RunModel)" time="0.4" />
  <testcase classname="ptolemy.util.test.junit.AutoTests" name="[105] /home/travis/build/icyphy/ptII/ptolemy/domains/continuous/test/auto/ParameterizedNewtonsCradleAnimatedNondeterministic.xml (RunModel)" time="1.235" />
  <testcase classname="ptolemy.util.test.junit.AutoTests" name="[106] /home/travis/build/icyphy/ptII/ptolemy/domains/continuous/test/auto/Pendulum3D.xml (RunModel)" time="0.192" />
  <testcase classname="ptolemy.util.test.junit.AutoTests" name="[107] /home/travis/build/icyphy/ptII/ptolemy/domains/continuous/test/auto/PeriodicSampler.xml (RunModel)" time="0.011" />
  <testcase classname="ptolemy.util.test.junit.AutoTests" name="[108] /home/travis/build/icyphy/ptII/ptolemy/domains/continuous/test/auto/PeriodicSampler1.xml (RunModel)" time="0.057" />
  <testcase classname="ptolemy.util.test.junit.AutoTests" name="[109] /home/travis/build/icyphy/ptII/ptolemy/domains/continuous/test/auto/PeriodicSampler2.xml (RunModel)" time="0.1" />
  <testcase classname="ptolemy.util.test.junit.AutoTests" name="[110] /home/travis/build/icyphy/ptII/ptolemy/domains/continuous/test/auto/Poisson.xml (RunModel)" time="0.463" />
  <testcase classname="ptolemy.util.test.junit.AutoTests" name="[111] /home/travis/build/icyphy/ptII/ptolemy/domains/continuous/test/auto/PoissonClock.xml (RunModel)" time="0.013" />
  <testcase classname="ptolemy.util.test.junit.AutoTests" name="[112] /home/travis/build/icyphy/ptII/ptolemy/domains/continuous/test/auto/PoissonClock2.xml (RunModel)" time="0.013" />
  <testcase classname="ptolemy.util.test.junit.AutoTests" name="[113] /home/travis/build/icyphy/ptII/ptolemy/domains/continuous/test/auto/PortParameterHierarchy.xml (RunModel)" time="0.024" />
  <testcase classname="ptolemy.util.test.junit.AutoTests" name="[114] /home/travis/build/icyphy/ptII/ptolemy/domains/continuous/test/auto/RandomHybridPlant.xml (RunModel)" time="0.571" />
  <testcase classname="ptolemy.util.test.junit.AutoTests" name="[115] /home/travis/build/icyphy/ptII/ptolemy/domains/continuous/test/auto/ResetTransitionWithStartTime1.xml (RunModel)" time="0.035" />
  <testcase classname="ptolemy.util.test.junit.AutoTests" name="[116] /home/travis/build/icyphy/ptII/ptolemy/domains/continuous/test/auto/ResetTransitionWithStartTime2.xml (RunModel)" time="0.036" />
  <testcase classname="ptolemy.util.test.junit.AutoTests" name="[117] /home/travis/build/icyphy/ptII/ptolemy/domains/continuous/test/auto/ResetTransitionWithStartTime3.xml (RunModel)" time="0.044" />
  <testcase classname="ptolemy.util.test.junit.AutoTests" name="[118] /home/travis/build/icyphy/ptII/ptolemy/domains/continuous/test/auto/ResetTransitionWithStartTime4.xml (RunModel)" time="0.031" />
  <testcase classname="ptolemy.util.test.junit.AutoTests" name="[119] /home/travis/build/icyphy/ptII/ptolemy/domains/continuous/test/auto/ResetTransitionWithStartTime5.xml (RunModel)" time="0.034" />
  <testcase classname="ptolemy.util.test.junit.AutoTests" name="[120] /home/travis/build/icyphy/ptII/ptolemy/domains/continuous/test/auto/ResetTransitionWithStartTime6.xml (RunModel)" time="0.03" />
  <testcase classname="ptolemy.util.test.junit.AutoTests" name="[121] /home/travis/build/icyphy/ptII/ptolemy/domains/continuous/test/auto/SRinContinuous.xml (RunModel)" time="0.023" />
  <testcase classname="ptolemy.util.test.junit.AutoTests" name="[122] /home/travis/build/icyphy/ptII/ptolemy/domains/continuous/test/auto/SampledClocks.xml (RunModel)" time="0.034" />
  <testcase classname="ptolemy.util.test.junit.AutoTests" name="[123] /home/travis/build/icyphy/ptII/ptolemy/domains/continuous/test/auto/Satellite.xml (RunModel)" time="0.805" />
  <testcase classname="ptolemy.util.test.junit.AutoTests" name="[124] /home/travis/build/icyphy/ptII/ptolemy/domains/continuous/test/auto/SigmaDelta.xml (RunModel)" time="2.33" />
  <testcase classname="ptolemy.util.test.junit.AutoTests" name="[125] /home/travis/build/icyphy/ptII/ptolemy/domains/continuous/test/auto/SingleRefinement.xml (RunModel)" time="0.408" />
  <testcase classname="ptolemy.util.test.junit.AutoTests" name="[126] /home/travis/build/icyphy/ptII/ptolemy/domains/continuous/test/auto/SinuBouncingBall.xml (RunModel)" time="0.874" />
  <testcase classname="ptolemy.util.test.junit.AutoTests" name="[127] /home/travis/build/icyphy/ptII/ptolemy/domains/continuous/test/auto/Sinusoid.xml (RunModel)" time="0.013" />
  <testcase classname="ptolemy.util.test.junit.AutoTests" name="[128] /home/travis/build/icyphy/ptII/ptolemy/domains/continuous/test/auto/SinusoidInNoise.xml (RunModel)" time="1.045" />
  <testcase classname="ptolemy.util.test.junit.AutoTests" name="[129] /home/travis/build/icyphy/ptII/ptolemy/domains/continuous/test/auto/SinusoidRK45.xml (RunModel)" time="0.019" />
  <testcase classname="ptolemy.util.test.junit.AutoTests" name="[130] /home/travis/build/icyphy/ptII/ptolemy/domains/continuous/test/auto/SinusoidWithMultipleImpulses.xml (RunModel)" time="0.012" />
  <testcase classname="ptolemy.util.test.junit.AutoTests" name="[131] /home/travis/build/icyphy/ptII/ptolemy/domains/continuous/test/auto/SquareWave.xml (RunModel)" time="0.209" />
  <testcase classname="ptolemy.util.test.junit.AutoTests" name="[132] /home/travis/build/icyphy/ptII/ptolemy/domains/continuous/test/auto/Starmac.xml (RunModel)" time="3.437" />
  <testcase classname="ptolemy.util.test.junit.AutoTests" name="[133] /home/travis/build/icyphy/ptII/ptolemy/domains/continuous/test/auto/StaticUnits.xml (RunModel)" time="2.654" />
  <testcase classname="ptolemy.util.test.junit.AutoTests" name="[134] /home/travis/build/icyphy/ptII/ptolemy/domains/continuous/test/auto/StickyMasses.xml (RunModel)" time="0.2" />
  <testcase classname="ptolemy.util.test.junit.AutoTests" name="[135] /home/travis/build/icyphy/ptII/ptolemy/domains/continuous/test/auto/StopTime.xml (RunModel)" time="0.088" />
  <testcase classname="ptolemy.util.test.junit.AutoTests" name="[136] /home/travis/build/icyphy/ptII/ptolemy/domains/continuous/test/auto/StopTime2.xml (RunModel)" time="0.132" />
  <testcase classname="ptolemy.util.test.junit.AutoTests" name="[137] /home/travis/build/icyphy/ptII/ptolemy/domains/continuous/test/auto/Switch.xml (RunModel)" time="0.077" />
  <testcase classname="ptolemy.util.test.junit.AutoTests" name="[138] /home/travis/build/icyphy/ptII/ptolemy/domains/continuous/test/auto/Thermostat.xml (RunModel)" time="0.281" />
  <testcase classname="ptolemy.util.test.junit.AutoTests" name="[139] /home/travis/build/icyphy/ptII/ptolemy/domains/continuous/test/auto/TimeDelay.xml (RunModel)" time="0.016" />
  <testcase classname="ptolemy.util.test.junit.AutoTests" name="[140] /home/travis/build/icyphy/ptII/ptolemy/domains/continuous/test/auto/TimeDelay2.xml (RunModel)" time="0.028" />
  <testcase classname="ptolemy.util.test.junit.AutoTests" name="[141] /home/travis/build/icyphy/ptII/ptolemy/domains/continuous/test/auto/TimeDelay3.xml (RunModel)" time="0.015" />
  <testcase classname="ptolemy.util.test.junit.AutoTests" name="[142] /home/travis/build/icyphy/ptII/ptolemy/domains/continuous/test/auto/TransferAbsentToInside.xml (RunModel)" time="0.107" />
  <testcase classname="ptolemy.util.test.junit.AutoTests" name="[143] /home/travis/build/icyphy/ptII/ptolemy/domains/continuous/test/auto/Transmission.xml (RunModel)" time="0.884" />
  <testcase classname="ptolemy.util.test.junit.AutoTests" name="[144] /home/travis/build/icyphy/ptII/ptolemy/domains/continuous/test/auto/TriggeredContinuousClock.xml (RunModel)" time="0.062" />
  <testcase classname="ptolemy.util.test.junit.AutoTests" name="[145] /home/travis/build/icyphy/ptII/ptolemy/domains/continuous/test/auto/TwoMachineInfiniteBusControl.xml (RunModel)" time="2.902" />
  <testcase classname="ptolemy.util.test.junit.AutoTests" name="[146] /home/travis/build/icyphy/ptII/ptolemy/domains/continuous/test/auto/V2V.xml (RunModel)" time="0.846" />
  <testcase classname="ptolemy.util.test.junit.AutoTests" name="[147] /home/travis/build/icyphy/ptII/ptolemy/domains/continuous/test/auto/hierarchicalModalModel.xml (RunModel)" time="0.034" />
  <testcase classname="ptolemy.util.test.junit.AutoTests" name="[148] /home/travis/build/icyphy/ptII/ptolemy/domains/continuous/test/auto/hierarchicalModalModel1.xml (RunModel)" time="0.058" />
  <testcase classname="ptolemy.util.test.junit.AutoTests" name="[149] /home/travis/build/icyphy/ptII/ptolemy/domains/continuous/test/auto/hierarchicalModalModel2.xml (RunModel)" time="0.028" />
  <testcase classname="ptolemy.util.test.junit.AutoTests" name="[150] /home/travis/build/icyphy/ptII/ptolemy/domains/continuous/test/auto/hierarchicalModalModel3.xml (RunModel)" time="0.026" />
  <testcase classname="ptolemy.util.test.junit.AutoTests" name="[151] /home/travis/build/icyphy/ptII/ptolemy/domains/continuous/test/auto/hierarchicalModalModel4.xml (RunModel)" time="0.027" />
  <testcase classname="ptolemy.util.test.junit.AutoTests" name="[152] /home/travis/build/icyphy/ptII/ptolemy/domains/continuous/test/auto/junk.xml (RunModel)" time="0.17" />
  <system-out><![CDATA[No tcl tests in /home/travis/build/icyphy/ptII/ptolemy/domains/continuous/test
No auto/knownFailedTests/*.xml tests in /home/travis/build/icyphy/ptII/ptolemy/domains/continuous/test
No auto/linux-amd64/*.xml tests in /home/travis/build/icyphy/ptII/ptolemy/domains/continuous/test
AutoTests.java: About to close Vertx.
AutoTests.java: Vertx closed.

===========================================================================================
----------------- testing Sun Jun 23 20:50:50 UTC 2019 /home/travis/build/icyphy/ptII/ptolemy/domains/continuous/test/auto/BouncingBall.xml
----------------- Instantiating /home/travis/build/icyphy/ptII/ptolemy/domains/continuous/test/auto/BouncingBall.xml
2457 ms. Memory: 193536K Free: 137873K (71%)
----------------- Invoking toplevel() on ptolemy.moml.MoMLSimpleApplication@5b8736d9
----------------- Done invoking toplevel() on ptolemy.moml.MoMLSimpleApplication@5b8736d9
reloadAllAccessors: .BouncingBall

===========================================================================================
----------------- testing Sun Jun 23 20:50:53 UTC 2019 /home/travis/build/icyphy/ptII/ptolemy/domains/continuous/test/auto/BouncingBallWithoutGR.xml
----------------- Instantiating /home/travis/build/icyphy/ptII/ptolemy/domains/continuous/test/auto/BouncingBallWithoutGR.xml
841 ms. Memory: 193536K Free: 69895K (36%)
----------------- Invoking toplevel() on ptolemy.moml.MoMLSimpleApplication@3b7ecd2d
----------------- Done invoking toplevel() on ptolemy.moml.MoMLSimpleApplication@3b7ecd2d
reloadAllAccessors: .BouncingBallWithoutGR

===========================================================================================
----------------- testing Sun Jun 23 20:50:54 UTC 2019 /home/travis/build/icyphy/ptII/ptolemy/domains/continuous/test/auto/Brownian.xml
----------------- Instantiating /home/travis/build/icyphy/ptII/ptolemy/domains/continuous/test/auto/Brownian.xml
36 ms. Memory: 232448K Free: 213976K (92%)
----------------- Invoking toplevel() on ptolemy.moml.MoMLSimpleApplication@73078e09
----------------- Done invoking toplevel() on ptolemy.moml.MoMLSimpleApplication@73078e09
reloadAllAccessors: .Brownian

===========================================================================================
----------------- testing Sun Jun 23 20:50:54 UTC 2019 /home/travis/build/icyphy/ptII/ptolemy/domains/continuous/test/auto/CarTracking.xml
----------------- Instantiating /home/travis/build/icyphy/ptII/ptolemy/domains/continuous/test/auto/CarTracking.xml
3579 ms. Memory: 279552K Free: 248502K (89%)
----------------- Invoking toplevel() on ptolemy.moml.MoMLSimpleApplication@116034cc
----------------- Done invoking toplevel() on ptolemy.moml.MoMLSimpleApplication@116034cc
reloadAllAccessors: .CarTracking

===========================================================================================
----------------- testing Sun Jun 23 20:50:58 UTC 2019 /home/travis/build/icyphy/ptII/ptolemy/domains/continuous/test/auto/CartPendulum.xml
----------------- Instantiating /home/travis/build/icyphy/ptII/ptolemy/domains/continuous/test/auto/CartPendulum.xml
412 ms. Memory: 279552K Free: 156852K (56%)
----------------- Invoking toplevel() on ptolemy.moml.MoMLSimpleApplication@cf9b1
----------------- Done invoking toplevel() on ptolemy.moml.MoMLSimpleApplication@cf9b1
reloadAllAccessors: .CartPendulum

===========================================================================================
----------------- testing Sun Jun 23 20:50:58 UTC 2019 /home/travis/build/icyphy/ptII/ptolemy/domains/continuous/test/auto/CausalityInterface10.xml
----------------- Instantiating /home/travis/build/icyphy/ptII/ptolemy/domains/continuous/test/auto/CausalityInterface10.xml
8 ms. Memory: 279552K Free: 146612K (52%)
----------------- Invoking toplevel() on ptolemy.moml.MoMLSimpleApplication@36220be1
----------------- Done invoking toplevel() on ptolemy.moml.MoMLSimpleApplication@36220be1
reloadAllAccessors: .CausalityInterface10

===========================================================================================
----------------- testing Sun Jun 23 20:50:58 UTC 2019 /home/travis/build/icyphy/ptII/ptolemy/domains/continuous/test/auto/CausalityInterface11.xml
----------------- Instantiating /home/travis/build/icyphy/ptII/ptolemy/domains/continuous/test/auto/CausalityInterface11.xml
5 ms. Memory: 279552K Free: 140438K (50%)
----------------- Invoking toplevel() on ptolemy.moml.MoMLSimpleApplication@ab4a07a
----------------- Done invoking toplevel() on ptolemy.moml.MoMLSimpleApplication@ab4a07a
reloadAllAccessors: .CausalityInterface11

===========================================================================================
----------------- testing Sun Jun 23 20:50:58 UTC 2019 /home/travis/build/icyphy/ptII/ptolemy/domains/continuous/test/auto/CausalityInterface12.xml
----------------- Instantiating /home/travis/build/icyphy/ptII/ptolemy/domains/continuous/test/auto/CausalityInterface12.xml
5 ms. Memory: 279552K Free: 134310K (48%)
----------------- Invoking toplevel() on ptolemy.moml.MoMLSimpleApplication@7b773a65
----------------- Done invoking toplevel() on ptolemy.moml.MoMLSimpleApplication@7b773a65
reloadAllAccessors: .CausalityInterface12

===========================================================================================
----------------- testing Sun Jun 23 20:50:58 UTC 2019 /home/travis/build/icyphy/ptII/ptolemy/domains/continuous/test/auto/CausalityInterface13.xml
----------------- Instantiating /home/travis/build/icyphy/ptII/ptolemy/domains/continuous/test/auto/CausalityInterface13.xml
8 ms. Memory: 279552K Free: 128166K (46%)
----------------- Invoking toplevel() on ptolemy.moml.MoMLSimpleApplication@7a6e5c16
----------------- Done invoking toplevel() on ptolemy.moml.MoMLSimpleApplication@7a6e5c16
reloadAllAccessors: .CausalityInterface13

===========================================================================================
----------------- testing Sun Jun 23 20:50:58 UTC 2019 /home/travis/build/icyphy/ptII/ptolemy/domains/continuous/test/auto/CausalityInterface14.xml
----------------- Instantiating /home/travis/build/icyphy/ptII/ptolemy/domains/continuous/test/auto/CausalityInterface14.xml
4 ms. Memory: 279552K Free: 122550K (44%)
----------------- Invoking toplevel() on ptolemy.moml.MoMLSimpleApplication@6ba0c74f
----------------- Done invoking toplevel() on ptolemy.moml.MoMLSimpleApplication@6ba0c74f
reloadAllAccessors: .CausalityInterface14

===========================================================================================
----------------- testing Sun Jun 23 20:50:59 UTC 2019 /home/travis/build/icyphy/ptII/ptolemy/domains/continuous/test/auto/CausalityInterface4.xml
----------------- Instantiating /home/travis/build/icyphy/ptII/ptolemy/domains/continuous/test/auto/CausalityInterface4.xml
4 ms. Memory: 279552K Free: 115892K (41%)
----------------- Invoking toplevel() on ptolemy.moml.MoMLSimpleApplication@73548b1c
----------------- Done invoking toplevel() on ptolemy.moml.MoMLSimpleApplication@73548b1c
reloadAllAccessors: .CausalityInterface4

===========================================================================================
----------------- testing Sun Jun 23 20:50:59 UTC 2019 /home/travis/build/icyphy/ptII/ptolemy/domains/continuous/test/auto/CausalityInterface5.xml
----------------- Instantiating /home/travis/build/icyphy/ptII/ptolemy/domains/continuous/test/auto/CausalityInterface5.xml
5 ms. Memory: 279552K Free: 107700K (39%)
----------------- Invoking toplevel() on ptolemy.moml.MoMLSimpleApplication@231fec29
----------------- Done invoking toplevel() on ptolemy.moml.MoMLSimpleApplication@231fec29
reloadAllAccessors: .CausalityInterface5

===========================================================================================
----------------- testing Sun Jun 23 20:50:59 UTC 2019 /home/travis/build/icyphy/ptII/ptolemy/domains/continuous/test/auto/CausalityInterface6.xml
----------------- Instantiating /home/travis/build/icyphy/ptII/ptolemy/domains/continuous/test/auto/CausalityInterface6.xml
3 ms. Memory: 279552K Free: 102566K (37%)
----------------- Invoking toplevel() on ptolemy.moml.MoMLSimpleApplication@4e9b32c4
----------------- Done invoking toplevel() on ptolemy.moml.MoMLSimpleApplication@4e9b32c4
reloadAllAccessors: .CausalityInterface6

===========================================================================================
----------------- testing Sun Jun 23 20:50:59 UTC 2019 /home/travis/build/icyphy/ptII/ptolemy/domains/continuous/test/auto/CausalityInterface7.xml
----------------- Instantiating /home/travis/build/icyphy/ptII/ptolemy/domains/continuous/test/auto/CausalityInterface7.xml
12 ms. Memory: 279552K Free: 259070K (93%)
----------------- Invoking toplevel() on ptolemy.moml.MoMLSimpleApplication@4bbaf0da
----------------- Done invoking toplevel() on ptolemy.moml.MoMLSimpleApplication@4bbaf0da
reloadAllAccessors: .CausalityInterface7

===========================================================================================
----------------- testing Sun Jun 23 20:50:59 UTC 2019 /home/travis/build/icyphy/ptII/ptolemy/domains/continuous/test/auto/CausalityInterface8.xml
----------------- Instantiating /home/travis/build/icyphy/ptII/ptolemy/domains/continuous/test/auto/CausalityInterface8.xml
6 ms. Memory: 279552K Free: 249854K (89%)
----------------- Invoking toplevel() on ptolemy.moml.MoMLSimpleApplication@162570ad
----------------- Done invoking toplevel() on ptolemy.moml.MoMLSimpleApplication@162570ad
reloadAllAccessors: .CausalityInterface8

===========================================================================================
----------------- testing Sun Jun 23 20:50:59 UTC 2019 /home/travis/build/icyphy/ptII/ptolemy/domains/continuous/test/auto/CausalityInterface9.xml
----------------- Instantiating /home/travis/build/icyphy/ptII/ptolemy/domains/continuous/test/auto/CausalityInterface9.xml
12 ms. Memory: 279552K Free: 239100K (86%)
----------------- Invoking toplevel() on ptolemy.moml.MoMLSimpleApplication@72f3f415
----------------- Done invoking toplevel() on ptolemy.moml.MoMLSimpleApplication@72f3f415
reloadAllAccessors: .CausalityInterface9

===========================================================================================
----------------- testing Sun Jun 23 20:50:59 UTC 2019 /home/travis/build/icyphy/ptII/ptolemy/domains/continuous/test/auto/CausalityInterfaceFeedback1.xml
----------------- Instantiating /home/travis/build/icyphy/ptII/ptolemy/domains/continuous/test/auto/CausalityInterfaceFeedback1.xml
5 ms. Memory: 279552K Free: 232446K (83%)
----------------- Invoking toplevel() on ptolemy.moml.MoMLSimpleApplication@46f93d3a
----------------- Done invoking toplevel() on ptolemy.moml.MoMLSimpleApplication@46f93d3a
reloadAllAccessors: .CausalityInterfaceFeedback1

===========================================================================================
----------------- testing Sun Jun 23 20:50:59 UTC 2019 /home/travis/build/icyphy/ptII/ptolemy/domains/continuous/test/auto/CausalityInterfaceFeedback2.xml
----------------- Instantiating /home/travis/build/icyphy/ptII/ptolemy/domains/continuous/test/auto/CausalityInterfaceFeedback2.xml
7 ms. Memory: 279552K Free: 225774K (81%)
----------------- Invoking toplevel() on ptolemy.moml.MoMLSimpleApplication@67305d1c
----------------- Done invoking toplevel() on ptolemy.moml.MoMLSimpleApplication@67305d1c
reloadAllAccessors: .CausalityInterfaceFeedback2

===========================================================================================
----------------- testing Sun Jun 23 20:50:59 UTC 2019 /home/travis/build/icyphy/ptII/ptolemy/domains/continuous/test/auto/CompareWithCurrentTime.xml
----------------- Instantiating /home/travis/build/icyphy/ptII/ptolemy/domains/continuous/test/auto/CompareWithCurrentTime.xml
4 ms. Memory: 279552K Free: 221692K (79%)
----------------- Invoking toplevel() on ptolemy.moml.MoMLSimpleApplication@1dbc6a4
----------------- Done invoking toplevel() on ptolemy.moml.MoMLSimpleApplication@1dbc6a4
reloadAllAccessors: .CompareWithCurrentTime

===========================================================================================
----------------- testing Sun Jun 23 20:50:59 UTC 2019 /home/travis/build/icyphy/ptII/ptolemy/domains/continuous/test/auto/ComparedClocks.xml
----------------- Instantiating /home/travis/build/icyphy/ptII/ptolemy/domains/continuous/test/auto/ComparedClocks.xml
10 ms. Memory: 279552K Free: 206846K (74%)
----------------- Invoking toplevel() on ptolemy.moml.MoMLSimpleApplication@304b14a1
----------------- Done invoking toplevel() on ptolemy.moml.MoMLSimpleApplication@304b14a1
reloadAllAccessors: .ComparedClocks

===========================================================================================
----------------- testing Sun Jun 23 20:50:59 UTC 2019 /home/travis/build/icyphy/ptII/ptolemy/domains/continuous/test/auto/ContinuousAOCClone.xml
----------------- Instantiating /home/travis/build/icyphy/ptII/ptolemy/domains/continuous/test/auto/ContinuousAOCClone.xml
2709 ms. Memory: 335872K Free: 268661K (80%)
----------------- Invoking toplevel() on ptolemy.moml.MoMLSimpleApplication@7d4353d2
----------------- Done invoking toplevel() on ptolemy.moml.MoMLSimpleApplication@7d4353d2
reloadAllAccessors: .ContinuousAOCClone

===========================================================================================
----------------- testing Sun Jun 23 20:51:02 UTC 2019 /home/travis/build/icyphy/ptII/ptolemy/domains/continuous/test/auto/ContinuousClock.xml
----------------- Instantiating /home/travis/build/icyphy/ptII/ptolemy/domains/continuous/test/auto/ContinuousClock.xml
30 ms. Memory: 335872K Free: 246662K (73%)
----------------- Invoking toplevel() on ptolemy.moml.MoMLSimpleApplication@6813ddaa
----------------- Done invoking toplevel() on ptolemy.moml.MoMLSimpleApplication@6813ddaa
reloadAllAccessors: .ContinuousClock

===========================================================================================
----------------- testing Sun Jun 23 20:51:02 UTC 2019 /home/travis/build/icyphy/ptII/ptolemy/domains/continuous/test/auto/ContinuousInContinuous.xml
----------------- Instantiating /home/travis/build/icyphy/ptII/ptolemy/domains/continuous/test/auto/ContinuousInContinuous.xml
46 ms. Memory: 335872K Free: 223110K (66%)
----------------- Invoking toplevel() on ptolemy.moml.MoMLSimpleApplication@a8f542d
----------------- Done invoking toplevel() on ptolemy.moml.MoMLSimpleApplication@a8f542d
reloadAllAccessors: .ContinuousInContinuous

===========================================================================================
----------------- testing Sun Jun 23 20:51:02 UTC 2019 /home/travis/build/icyphy/ptII/ptolemy/domains/continuous/test/auto/ContinuousInContinuousInContinuous.xml
----------------- Instantiating /home/travis/build/icyphy/ptII/ptolemy/domains/continuous/test/auto/ContinuousInContinuousInContinuous.xml
7 ms. Memory: 335872K Free: 215428K (64%)
----------------- Invoking toplevel() on ptolemy.moml.MoMLSimpleApplication@22567b4a
----------------- Done invoking toplevel() on ptolemy.moml.MoMLSimpleApplication@22567b4a
reloadAllAccessors: .ContinuousInContinuousInContinuous

===========================================================================================
----------------- testing Sun Jun 23 20:51:02 UTC 2019 /home/travis/build/icyphy/ptII/ptolemy/domains/continuous/test/auto/ContinuousInDE.xml
----------------- Instantiating /home/travis/build/icyphy/ptII/ptolemy/domains/continuous/test/auto/ContinuousInDE.xml
103 ms. Memory: 335872K Free: 204678K (61%)
----------------- Invoking toplevel() on ptolemy.moml.MoMLSimpleApplication@7944e3f8
----------------- Done invoking toplevel() on ptolemy.moml.MoMLSimpleApplication@7944e3f8
reloadAllAccessors: .ContinuousInDE

===========================================================================================
----------------- testing Sun Jun 23 20:51:02 UTC 2019 /home/travis/build/icyphy/ptII/ptolemy/domains/continuous/test/auto/ContinuousInDE2.xml
----------------- Instantiating /home/travis/build/icyphy/ptII/ptolemy/domains/continuous/test/auto/ContinuousInDE2.xml
39 ms. Memory: 335872K Free: 195462K (58%)
----------------- Invoking toplevel() on ptolemy.moml.MoMLSimpleApplication@509842d1
----------------- Done invoking toplevel() on ptolemy.moml.MoMLSimpleApplication@509842d1
reloadAllAccessors: .ContinuousInDE2

===========================================================================================
----------------- testing Sun Jun 23 20:51:02 UTC 2019 /home/travis/build/icyphy/ptII/ptolemy/domains/continuous/test/auto/ContinuousInDE3.xml
----------------- Instantiating /home/travis/build/icyphy/ptII/ptolemy/domains/continuous/test/auto/ContinuousInDE3.xml
45 ms. Memory: 335872K Free: 185732K (55%)
----------------- Invoking toplevel() on ptolemy.moml.MoMLSimpleApplication@569a9e46
----------------- Done invoking toplevel() on ptolemy.moml.MoMLSimpleApplication@569a9e46
reloadAllAccessors: .ContinuousInDE3

===========================================================================================
----------------- testing Sun Jun 23 20:51:02 UTC 2019 /home/travis/build/icyphy/ptII/ptolemy/domains/continuous/test/auto/ContinuousInDE4.xml
----------------- Instantiating /home/travis/build/icyphy/ptII/ptolemy/domains/continuous/test/auto/ContinuousInDE4.xml
21 ms. Memory: 335872K Free: 179588K (53%)
----------------- Invoking toplevel() on ptolemy.moml.MoMLSimpleApplication@28b02c17
----------------- Done invoking toplevel() on ptolemy.moml.MoMLSimpleApplication@28b02c17
reloadAllAccessors: .ContinuousInDE4

===========================================================================================
----------------- testing Sun Jun 23 20:51:03 UTC 2019 /home/travis/build/icyphy/ptII/ptolemy/domains/continuous/test/auto/ContinuousInDEDifferentRefinements.xml
----------------- Instantiating /home/travis/build/icyphy/ptII/ptolemy/domains/continuous/test/auto/ContinuousInDEDifferentRefinements.xml
73 ms. Memory: 335872K Free: 148358K (44%)
----------------- Invoking toplevel() on ptolemy.moml.MoMLSimpleApplication@31d641fb
----------------- Done invoking toplevel() on ptolemy.moml.MoMLSimpleApplication@31d641fb
reloadAllAccessors: .ContinuousInDEDifferentRefinements

===========================================================================================
----------------- testing Sun Jun 23 20:51:03 UTC 2019 /home/travis/build/icyphy/ptII/ptolemy/domains/continuous/test/auto/ContinuousInDEDifferentRefinementsPreemptive.xml
----------------- Instantiating /home/travis/build/icyphy/ptII/ptolemy/domains/continuous/test/auto/ContinuousInDEDifferentRefinementsPreemptive.xml
57 ms. Memory: 335872K Free: 316530K (94%)
----------------- Invoking toplevel() on ptolemy.moml.MoMLSimpleApplication@7c2afc1e
----------------- Done invoking toplevel() on ptolemy.moml.MoMLSimpleApplication@7c2afc1e
reloadAllAccessors: .ContinuousInDEDifferentRefinementsPreemptive

===========================================================================================
----------------- testing Sun Jun 23 20:51:03 UTC 2019 /home/travis/build/icyphy/ptII/ptolemy/domains/continuous/test/auto/ContinuousInDEInContinuous2.xml
----------------- Instantiating /home/travis/build/icyphy/ptII/ptolemy/domains/continuous/test/auto/ContinuousInDEInContinuous2.xml
43 ms. Memory: 335872K Free: 304503K (91%)
----------------- Invoking toplevel() on ptolemy.moml.MoMLSimpleApplication@2f10f76
----------------- Done invoking toplevel() on ptolemy.moml.MoMLSimpleApplication@2f10f76
reloadAllAccessors: .ContinuousInDEInContinuous2

===========================================================================================
----------------- testing Sun Jun 23 20:51:03 UTC 2019 /home/travis/build/icyphy/ptII/ptolemy/domains/continuous/test/auto/ContinuousInDEInContinuous3.xml
----------------- Instantiating /home/travis/build/icyphy/ptII/ptolemy/domains/continuous/test/auto/ContinuousInDEInContinuous3.xml
39 ms. Memory: 335872K Free: 292729K (87%)
----------------- Invoking toplevel() on ptolemy.moml.MoMLSimpleApplication@3173f07a
----------------- Done invoking toplevel() on ptolemy.moml.MoMLSimpleApplication@3173f07a
reloadAllAccessors: .ContinuousInDEInContinuous3

===========================================================================================
----------------- testing Sun Jun 23 20:51:03 UTC 2019 /home/travis/build/icyphy/ptII/ptolemy/domains/continuous/test/auto/ContinuousInDEInput.xml
----------------- Instantiating /home/travis/build/icyphy/ptII/ptolemy/domains/continuous/test/auto/ContinuousInDEInput.xml
16 ms. Memory: 335872K Free: 285561K (85%)
----------------- Invoking toplevel() on ptolemy.moml.MoMLSimpleApplication@74566da
----------------- Done invoking toplevel() on ptolemy.moml.MoMLSimpleApplication@74566da
reloadAllAccessors: .ContinuousInDEInput

===========================================================================================
----------------- testing Sun Jun 23 20:51:03 UTC 2019 /home/travis/build/icyphy/ptII/ptolemy/domains/continuous/test/auto/ContinuousInDEInput2.xml
----------------- Instantiating /home/travis/build/icyphy/ptII/ptolemy/domains/continuous/test/auto/ContinuousInDEInput2.xml
13 ms. Memory: 335872K Free: 278393K (83%)
----------------- Invoking toplevel() on ptolemy.moml.MoMLSimpleApplication@563df9b
----------------- Done invoking toplevel() on ptolemy.moml.MoMLSimpleApplication@563df9b
reloadAllAccessors: .ContinuousInDEInput2

===========================================================================================
----------------- testing Sun Jun 23 20:51:03 UTC 2019 /home/travis/build/icyphy/ptII/ptolemy/domains/continuous/test/auto/ContinuousInDEInput3.xml
----------------- Instantiating /home/travis/build/icyphy/ptII/ptolemy/domains/continuous/test/auto/ContinuousInDEInput3.xml
24 ms. Memory: 335872K Free: 271225K (81%)
----------------- Invoking toplevel() on ptolemy.moml.MoMLSimpleApplication@64f959cd
----------------- Done invoking toplevel() on ptolemy.moml.MoMLSimpleApplication@64f959cd
reloadAllAccessors: .ContinuousInDEInput3

===========================================================================================
----------------- testing Sun Jun 23 20:51:03 UTC 2019 /home/travis/build/icyphy/ptII/ptolemy/domains/continuous/test/auto/ContinuousInDESharingRefinement.xml
----------------- Instantiating /home/travis/build/icyphy/ptII/ptolemy/domains/continuous/test/auto/ContinuousInDESharingRefinement.xml
159 ms. Memory: 335872K Free: 177017K (53%)
----------------- Invoking toplevel() on ptolemy.moml.MoMLSimpleApplication@b8abddd
----------------- Done invoking toplevel() on ptolemy.moml.MoMLSimpleApplication@b8abddd
reloadAllAccessors: .ContinuousInDESharingRefinement

===========================================================================================
----------------- testing Sun Jun 23 20:51:03 UTC 2019 /home/travis/build/icyphy/ptII/ptolemy/domains/continuous/test/auto/ContinuousInDEwithNoPorts.xml
----------------- Instantiating /home/travis/build/icyphy/ptII/ptolemy/domains/continuous/test/auto/ContinuousInDEwithNoPorts.xml
7 ms. Memory: 335872K Free: 172392K (51%)
----------------- Invoking toplevel() on ptolemy.moml.MoMLSimpleApplication@56bfe3ec
----------------- Done invoking toplevel() on ptolemy.moml.MoMLSimpleApplication@56bfe3ec
reloadAllAccessors: .ContinuousInDEwithNoPorts

===========================================================================================
----------------- testing Sun Jun 23 20:51:03 UTC 2019 /home/travis/build/icyphy/ptII/ptolemy/domains/continuous/test/auto/ContinuousInsideDE.xml
----------------- Instantiating /home/travis/build/icyphy/ptII/ptolemy/domains/continuous/test/auto/ContinuousInsideDE.xml
33 ms. Memory: 335872K Free: 161143K (48%)
----------------- Invoking toplevel() on ptolemy.moml.MoMLSimpleApplication@2cc7c593
----------------- Done invoking toplevel() on ptolemy.moml.MoMLSimpleApplication@2cc7c593
reloadAllAccessors: .ContinuousInsideDE

===========================================================================================
----------------- testing Sun Jun 23 20:51:03 UTC 2019 /home/travis/build/icyphy/ptII/ptolemy/domains/continuous/test/auto/ContinuousMerge1.xml
----------------- Instantiating /home/travis/build/icyphy/ptII/ptolemy/domains/continuous/test/auto/ContinuousMerge1.xml
3 ms. Memory: 335872K Free: 157047K (47%)
----------------- Invoking toplevel() on ptolemy.moml.MoMLSimpleApplication@64567b00
----------------- Done invoking toplevel() on ptolemy.moml.MoMLSimpleApplication@64567b00
reloadAllAccessors: .ContinuousMerge1

===========================================================================================
----------------- testing Sun Jun 23 20:51:03 UTC 2019 /home/travis/build/icyphy/ptII/ptolemy/domains/continuous/test/auto/ContinuousMerge2.xml
----------------- Instantiating /home/travis/build/icyphy/ptII/ptolemy/domains/continuous/test/auto/ContinuousMerge2.xml
22 ms. Memory: 335872K Free: 146807K (44%)
----------------- Invoking toplevel() on ptolemy.moml.MoMLSimpleApplication@14bfaab1
----------------- Done invoking toplevel() on ptolemy.moml.MoMLSimpleApplication@14bfaab1
reloadAllAccessors: .ContinuousMerge2

===========================================================================================
----------------- testing Sun Jun 23 20:51:03 UTC 2019 /home/travis/build/icyphy/ptII/ptolemy/domains/continuous/test/auto/ContinuousMerge3.xml
----------------- Instantiating /home/travis/build/icyphy/ptII/ptolemy/domains/continuous/test/auto/ContinuousMerge3.xml
42 ms. Memory: 335872K Free: 136057K (41%)
----------------- Invoking toplevel() on ptolemy.moml.MoMLSimpleApplication@45f92979
----------------- Done invoking toplevel() on ptolemy.moml.MoMLSimpleApplication@45f92979
reloadAllAccessors: .ContinuousMerge3

===========================================================================================
----------------- testing Sun Jun 23 20:51:04 UTC 2019 /home/travis/build/icyphy/ptII/ptolemy/domains/continuous/test/auto/ContinuousWithinContinuous.xml
----------------- Instantiating /home/travis/build/icyphy/ptII/ptolemy/domains/continuous/test/auto/ContinuousWithinContinuous.xml
35 ms. Memory: 335872K Free: 126841K (38%)
----------------- Invoking toplevel() on ptolemy.moml.MoMLSimpleApplication@3f589c3a
----------------- Done invoking toplevel() on ptolemy.moml.MoMLSimpleApplication@3f589c3a
reloadAllAccessors: .ContinuousWithinContinuous

===========================================================================================
----------------- testing Sun Jun 23 20:51:04 UTC 2019 /home/travis/build/icyphy/ptII/ptolemy/domains/continuous/test/auto/ContinuousWithinContinuous2.xml
----------------- Instantiating /home/travis/build/icyphy/ptII/ptolemy/domains/continuous/test/auto/ContinuousWithinContinuous2.xml
70 ms. Memory: 335872K Free: 315283K (94%)
----------------- Invoking toplevel() on ptolemy.moml.MoMLSimpleApplication@14a17fc8
----------------- Done invoking toplevel() on ptolemy.moml.MoMLSimpleApplication@14a17fc8
reloadAllAccessors: .ContinuousWithinContinuous2

===========================================================================================
----------------- testing Sun Jun 23 20:51:04 UTC 2019 /home/travis/build/icyphy/ptII/ptolemy/domains/continuous/test/auto/ContinuousWithinContinuous3.xml
----------------- Instantiating /home/travis/build/icyphy/ptII/ptolemy/domains/continuous/test/auto/ContinuousWithinContinuous3.xml
13 ms. Memory: 335872K Free: 308115K (92%)
----------------- Invoking toplevel() on ptolemy.moml.MoMLSimpleApplication@249f3d35
----------------- Done invoking toplevel() on ptolemy.moml.MoMLSimpleApplication@249f3d35
reloadAllAccessors: .ContinuousWithinContinuous3

===========================================================================================
----------------- testing Sun Jun 23 20:51:04 UTC 2019 /home/travis/build/icyphy/ptII/ptolemy/domains/continuous/test/auto/ContinuousWithinContinuous4.xml
----------------- Instantiating /home/travis/build/icyphy/ptII/ptolemy/domains/continuous/test/auto/ContinuousWithinContinuous4.xml
67 ms. Memory: 335872K Free: 295827K (88%)
----------------- Invoking toplevel() on ptolemy.moml.MoMLSimpleApplication@28bb35c4
----------------- Done invoking toplevel() on ptolemy.moml.MoMLSimpleApplication@28bb35c4
reloadAllAccessors: .ContinuousWithinContinuous4

===========================================================================================
----------------- testing Sun Jun 23 20:51:04 UTC 2019 /home/travis/build/icyphy/ptII/ptolemy/domains/continuous/test/auto/ContinuousWithinContinuous5.xml
----------------- Instantiating /home/travis/build/icyphy/ptII/ptolemy/domains/continuous/test/auto/ContinuousWithinContinuous5.xml
12 ms. Memory: 335872K Free: 288659K (86%)
----------------- Invoking toplevel() on ptolemy.moml.MoMLSimpleApplication@7aaa152a
----------------- Done invoking toplevel() on ptolemy.moml.MoMLSimpleApplication@7aaa152a
reloadAllAccessors: .ContinuousWithinContinuous5

===========================================================================================
----------------- testing Sun Jun 23 20:51:04 UTC 2019 /home/travis/build/icyphy/ptII/ptolemy/domains/continuous/test/auto/ContinuousWithinContinuous6.xml
----------------- Instantiating /home/travis/build/icyphy/ptII/ptolemy/domains/continuous/test/auto/ContinuousWithinContinuous6.xml
12 ms. Memory: 335872K Free: 281491K (84%)
----------------- Invoking toplevel() on ptolemy.moml.MoMLSimpleApplication@12b84dbc
----------------- Done invoking toplevel() on ptolemy.moml.MoMLSimpleApplication@12b84dbc
reloadAllAccessors: .ContinuousWithinContinuous6

===========================================================================================
----------------- testing Sun Jun 23 20:51:04 UTC 2019 /home/travis/build/icyphy/ptII/ptolemy/domains/continuous/test/auto/ContinuousWithinContinuous7.xml
----------------- Instantiating /home/travis/build/icyphy/ptII/ptolemy/domains/continuous/test/auto/ContinuousWithinContinuous7.xml
55 ms. Memory: 335872K Free: 270741K (81%)
----------------- Invoking toplevel() on ptolemy.moml.MoMLSimpleApplication@179131f
----------------- Done invoking toplevel() on ptolemy.moml.MoMLSimpleApplication@179131f
reloadAllAccessors: .ContinuousWithinContinuous7

===========================================================================================
----------------- testing Sun Jun 23 20:51:04 UTC 2019 /home/travis/build/icyphy/ptII/ptolemy/domains/continuous/test/auto/DCMotor.xml
----------------- Instantiating /home/travis/build/icyphy/ptII/ptolemy/domains/continuous/test/auto/DCMotor.xml
13526 ms. Memory: 335872K Free: 231370K (69%)
----------------- Invoking toplevel() on ptolemy.moml.MoMLSimpleApplication@43fa8c9d
----------------- Done invoking toplevel() on ptolemy.moml.MoMLSimpleApplication@43fa8c9d
reloadAllAccessors: .DCMotor

===========================================================================================
----------------- testing Sun Jun 23 20:51:18 UTC 2019 /home/travis/build/icyphy/ptII/ptolemy/domains/continuous/test/auto/DEInContinuous.xml
----------------- Instantiating /home/travis/build/icyphy/ptII/ptolemy/domains/continuous/test/auto/DEInContinuous.xml
9 ms. Memory: 335872K Free: 225226K (67%)
----------------- Invoking toplevel() on ptolemy.moml.MoMLSimpleApplication@17518649
----------------- Done invoking toplevel() on ptolemy.moml.MoMLSimpleApplication@17518649
reloadAllAccessors: .DEInContinuous

===========================================================================================
----------------- testing Sun Jun 23 20:51:18 UTC 2019 /home/travis/build/icyphy/ptII/ptolemy/domains/continuous/test/auto/DEinContinuous2.xml
----------------- Instantiating /home/travis/build/icyphy/ptII/ptolemy/domains/continuous/test/auto/DEinContinuous2.xml
11 ms. Memory: 335872K Free: 217034K (65%)
----------------- Invoking toplevel() on ptolemy.moml.MoMLSimpleApplication@a9641c
----------------- Done invoking toplevel() on ptolemy.moml.MoMLSimpleApplication@a9641c
reloadAllAccessors: .DEinContinuous2

===========================================================================================
----------------- testing Sun Jun 23 20:51:18 UTC 2019 /home/travis/build/icyphy/ptII/ptolemy/domains/continuous/test/auto/Derivative.xml
----------------- Instantiating /home/travis/build/icyphy/ptII/ptolemy/domains/continuous/test/auto/Derivative.xml
155 ms. Memory: 335872K Free: 187848K (56%)
----------------- Invoking toplevel() on ptolemy.moml.MoMLSimpleApplication@1af6e5c0
----------------- Done invoking toplevel() on ptolemy.moml.MoMLSimpleApplication@1af6e5c0
reloadAllAccessors: .Derivative2

===========================================================================================
----------------- testing Sun Jun 23 20:51:18 UTC 2019 /home/travis/build/icyphy/ptII/ptolemy/domains/continuous/test/auto/Derivative1.xml
----------------- Instantiating /home/travis/build/icyphy/ptII/ptolemy/domains/continuous/test/auto/Derivative1.xml
24 ms. Memory: 335872K Free: 174026K (52%)
----------------- Invoking toplevel() on ptolemy.moml.MoMLSimpleApplication@2840b215
----------------- Done invoking toplevel() on ptolemy.moml.MoMLSimpleApplication@2840b215
reloadAllAccessors: .Derivative1

===========================================================================================
----------------- testing Sun Jun 23 20:51:18 UTC 2019 /home/travis/build/icyphy/ptII/ptolemy/domains/continuous/test/auto/DiscreteClock.xml
----------------- Instantiating /home/travis/build/icyphy/ptII/ptolemy/domains/continuous/test/auto/DiscreteClock.xml
5 ms. Memory: 335872K Free: 168906K (50%)
----------------- Invoking toplevel() on ptolemy.moml.MoMLSimpleApplication@35199922
----------------- Done invoking toplevel() on ptolemy.moml.MoMLSimpleApplication@35199922
reloadAllAccessors: .DiscreteClock

===========================================================================================
----------------- testing Sun Jun 23 20:51:18 UTC 2019 /home/travis/build/icyphy/ptII/ptolemy/domains/continuous/test/auto/EfficiencyCurve.xml
----------------- Instantiating /home/travis/build/icyphy/ptII/ptolemy/domains/continuous/test/auto/EfficiencyCurve.xml
123 ms. Memory: 335872K Free: 159690K (48%)
----------------- Invoking toplevel() on ptolemy.moml.MoMLSimpleApplication@d037cae
----------------- Done invoking toplevel() on ptolemy.moml.MoMLSimpleApplication@d037cae
reloadAllAccessors: .EfficiencyCurve

===========================================================================================
----------------- testing Sun Jun 23 20:51:18 UTC 2019 /home/travis/build/icyphy/ptII/ptolemy/domains/continuous/test/auto/ExponentialResponse.xml
----------------- Instantiating /home/travis/build/icyphy/ptII/ptolemy/domains/continuous/test/auto/ExponentialResponse.xml
136 ms. Memory: 335872K Free: 143816K (43%)
----------------- Invoking toplevel() on ptolemy.moml.MoMLSimpleApplication@4e9d446f
----------------- Done invoking toplevel() on ptolemy.moml.MoMLSimpleApplication@4e9d446f
reloadAllAccessors: .ExponentialResponse

===========================================================================================
----------------- testing Sun Jun 23 20:51:18 UTC 2019 /home/travis/build/icyphy/ptII/ptolemy/domains/continuous/test/auto/ExponentialResponseRK45.xml
----------------- Instantiating /home/travis/build/icyphy/ptII/ptolemy/domains/continuous/test/auto/ExponentialResponseRK45.xml
32 ms. Memory: 335872K Free: 137162K (41%)
----------------- Invoking toplevel() on ptolemy.moml.MoMLSimpleApplication@1e129224
----------------- Done invoking toplevel() on ptolemy.moml.MoMLSimpleApplication@1e129224
reloadAllAccessors: .ExponentialResponseRK45

===========================================================================================
----------------- testing Sun Jun 23 20:51:18 UTC 2019 /home/travis/build/icyphy/ptII/ptolemy/domains/continuous/test/auto/Friction.xml
----------------- Instantiating /home/travis/build/icyphy/ptII/ptolemy/domains/continuous/test/auto/Friction.xml
1520 ms. Memory: 335872K Free: 308705K (92%)
----------------- Invoking toplevel() on ptolemy.moml.MoMLSimpleApplication@159b57af
----------------- Done invoking toplevel() on ptolemy.moml.MoMLSimpleApplication@159b57af
reloadAllAccessors: .Friction

===========================================================================================
----------------- testing Sun Jun 23 20:51:20 UTC 2019 /home/travis/build/icyphy/ptII/ptolemy/domains/continuous/test/auto/FurutaPendulum.xml
----------------- Instantiating /home/travis/build/icyphy/ptII/ptolemy/domains/continuous/test/auto/FurutaPendulum.xml
3445 ms. Memory: 335872K Free: 211185K (63%)
----------------- Invoking toplevel() on ptolemy.moml.MoMLSimpleApplication@56033f07
----------------- Done invoking toplevel() on ptolemy.moml.MoMLSimpleApplication@56033f07
reloadAllAccessors: .FurutaPendulum

===========================================================================================
----------------- testing Sun Jun 23 20:51:24 UTC 2019 /home/travis/build/icyphy/ptII/ptolemy/domains/continuous/test/auto/HierarchicalExecution.xml
----------------- Instantiating /home/travis/build/icyphy/ptII/ptolemy/domains/continuous/test/auto/HierarchicalExecution.xml
2036 ms. Memory: 335872K Free: 131215K (39%)
----------------- Invoking toplevel() on ptolemy.moml.MoMLSimpleApplication@43877178
----------------- Done invoking toplevel() on ptolemy.moml.MoMLSimpleApplication@43877178
reloadAllAccessors: .HierarchicalExecution

===========================================================================================
----------------- testing Sun Jun 23 20:51:26 UTC 2019 /home/travis/build/icyphy/ptII/ptolemy/domains/continuous/test/auto/HybridPlant.xml
----------------- Instantiating /home/travis/build/icyphy/ptII/ptolemy/domains/continuous/test/auto/HybridPlant.xml
523 ms. Memory: 335872K Free: 267102K (80%)
----------------- Invoking toplevel() on ptolemy.moml.MoMLSimpleApplication@ab9a2d2
----------------- Done invoking toplevel() on ptolemy.moml.MoMLSimpleApplication@ab9a2d2
reloadAllAccessors: .HybridPlant

===========================================================================================
----------------- testing Sun Jun 23 20:51:26 UTC 2019 /home/travis/build/icyphy/ptII/ptolemy/domains/continuous/test/auto/Hysteresis.xml
----------------- Instantiating /home/travis/build/icyphy/ptII/ptolemy/domains/continuous/test/auto/Hysteresis.xml
145 ms. Memory: 335872K Free: 205133K (61%)
----------------- Invoking toplevel() on ptolemy.moml.MoMLSimpleApplication@356e24ed
----------------- Done invoking toplevel() on ptolemy.moml.MoMLSimpleApplication@356e24ed
reloadAllAccessors: .Hysteresis

===========================================================================================
----------------- testing Sun Jun 23 20:51:27 UTC 2019 /home/travis/build/icyphy/ptII/ptolemy/domains/continuous/test/auto/HysteresisWithRandomDelay.xml
----------------- Instantiating /home/travis/build/icyphy/ptII/ptolemy/domains/continuous/test/auto/HysteresisWithRandomDelay.xml
197 ms. Memory: 335872K Free: 134492K (40%)
----------------- Invoking toplevel() on ptolemy.moml.MoMLSimpleApplication@760a0127
----------------- Done invoking toplevel() on ptolemy.moml.MoMLSimpleApplication@760a0127
reloadAllAccessors: .HysteresisWithRandomDelay

===========================================================================================
----------------- testing Sun Jun 23 20:51:27 UTC 2019 /home/travis/build/icyphy/ptII/ptolemy/domains/continuous/test/auto/HysteresisWithRandomLosses.xml
----------------- Instantiating /home/travis/build/icyphy/ptII/ptolemy/domains/continuous/test/auto/HysteresisWithRandomLosses.xml
2446 ms. Memory: 335872K Free: 190370K (57%)
----------------- Invoking toplevel() on ptolemy.moml.MoMLSimpleApplication@1046229d
----------------- Done invoking toplevel() on ptolemy.moml.MoMLSimpleApplication@1046229d
reloadAllAccessors: .HysteresisWithRandomLosses

===========================================================================================
----------------- testing Sun Jun 23 20:51:29 UTC 2019 /home/travis/build/icyphy/ptII/ptolemy/domains/continuous/test/auto/ImmediateTransitions.xml
----------------- Instantiating /home/travis/build/icyphy/ptII/ptolemy/domains/continuous/test/auto/ImmediateTransitions.xml
11 ms. Memory: 335872K Free: 179620K (53%)
----------------- Invoking toplevel() on ptolemy.moml.MoMLSimpleApplication@45cca023
----------------- Done invoking toplevel() on ptolemy.moml.MoMLSimpleApplication@45cca023
reloadAllAccessors: .ImmediateTransitions

===========================================================================================
----------------- testing Sun Jun 23 20:51:29 UTC 2019 /home/travis/build/icyphy/ptII/ptolemy/domains/continuous/test/auto/ImpulseFeedback.xml
----------------- Instantiating /home/travis/build/icyphy/ptII/ptolemy/domains/continuous/test/auto/ImpulseFeedback.xml
8 ms. Memory: 335872K Free: 173986K (52%)
----------------- Invoking toplevel() on ptolemy.moml.MoMLSimpleApplication@3fd19401
----------------- Done invoking toplevel() on ptolemy.moml.MoMLSimpleApplication@3fd19401
reloadAllAccessors: .ImpulseFeedback

===========================================================================================
----------------- testing Sun Jun 23 20:51:30 UTC 2019 /home/travis/build/icyphy/ptII/ptolemy/domains/continuous/test/auto/ImpulseFeedback2.xml
----------------- Instantiating /home/travis/build/icyphy/ptII/ptolemy/domains/continuous/test/auto/ImpulseFeedback2.xml
6 ms. Memory: 335872K Free: 168356K (50%)
----------------- Invoking toplevel() on ptolemy.moml.MoMLSimpleApplication@28501eba
----------------- Done invoking toplevel() on ptolemy.moml.MoMLSimpleApplication@28501eba
reloadAllAccessors: .ImpulseFeedback2

===========================================================================================
----------------- testing Sun Jun 23 20:51:30 UTC 2019 /home/travis/build/icyphy/ptII/ptolemy/domains/continuous/test/auto/IncreasingRatePoisson.xml
----------------- Instantiating /home/travis/build/icyphy/ptII/ptolemy/domains/continuous/test/auto/IncreasingRatePoisson.xml
712 ms. Memory: 335872K Free: 255801K (76%)
----------------- Invoking toplevel() on ptolemy.moml.MoMLSimpleApplication@5230a47d
----------------- Done invoking toplevel() on ptolemy.moml.MoMLSimpleApplication@5230a47d
reloadAllAccessors: .IncreasingRatePoisson

===========================================================================================
----------------- testing Sun Jun 23 20:51:30 UTC 2019 /home/travis/build/icyphy/ptII/ptolemy/domains/continuous/test/auto/InitialStateFeedback.xml
----------------- Instantiating /home/travis/build/icyphy/ptII/ptolemy/domains/continuous/test/auto/InitialStateFeedback.xml
4 ms. Memory: 335872K Free: 251201K (75%)
----------------- Invoking toplevel() on ptolemy.moml.MoMLSimpleApplication@3fbb7f6e
----------------- Done invoking toplevel() on ptolemy.moml.MoMLSimpleApplication@3fbb7f6e
reloadAllAccessors: .InitialStateFeedback

===========================================================================================
----------------- testing Sun Jun 23 20:51:30 UTC 2019 /home/travis/build/icyphy/ptII/ptolemy/domains/continuous/test/auto/Integration.xml
----------------- Instantiating /home/travis/build/icyphy/ptII/ptolemy/domains/continuous/test/auto/Integration.xml
5 ms. Memory: 335872K Free: 247105K (74%)
----------------- Invoking toplevel() on ptolemy.moml.MoMLSimpleApplication@55435865
----------------- Done invoking toplevel() on ptolemy.moml.MoMLSimpleApplication@55435865
reloadAllAccessors: .Integration

===========================================================================================
----------------- testing Sun Jun 23 20:51:30 UTC 2019 /home/travis/build/icyphy/ptII/ptolemy/domains/continuous/test/auto/Integration2.xml
----------------- Instantiating /home/travis/build/icyphy/ptII/ptolemy/domains/continuous/test/auto/Integration2.xml
89 ms. Memory: 335872K Free: 233279K (69%)
----------------- Invoking toplevel() on ptolemy.moml.MoMLSimpleApplication@1f862901
----------------- Done invoking toplevel() on ptolemy.moml.MoMLSimpleApplication@1f862901
reloadAllAccessors: .Integration2

===========================================================================================
----------------- testing Sun Jun 23 20:51:30 UTC 2019 /home/travis/build/icyphy/ptII/ptolemy/domains/continuous/test/auto/Integration3.xml
----------------- Instantiating /home/travis/build/icyphy/ptII/ptolemy/domains/continuous/test/auto/Integration3.xml
2 ms. Memory: 335872K Free: 228673K (68%)
----------------- Invoking toplevel() on ptolemy.moml.MoMLSimpleApplication@4555447b
----------------- Done invoking toplevel() on ptolemy.moml.MoMLSimpleApplication@4555447b
reloadAllAccessors: .Integration3

===========================================================================================
----------------- testing Sun Jun 23 20:51:30 UTC 2019 /home/travis/build/icyphy/ptII/ptolemy/domains/continuous/test/auto/Integration5.xml
----------------- Instantiating /home/travis/build/icyphy/ptII/ptolemy/domains/continuous/test/auto/Integration5.xml
2 ms. Memory: 335872K Free: 224577K (67%)
----------------- Invoking toplevel() on ptolemy.moml.MoMLSimpleApplication@2ac26d47
----------------- Done invoking toplevel() on ptolemy.moml.MoMLSimpleApplication@2ac26d47
reloadAllAccessors: .Integration5

===========================================================================================
----------------- testing Sun Jun 23 20:51:30 UTC 2019 /home/travis/build/icyphy/ptII/ptolemy/domains/continuous/test/auto/IntegratorImpulse.xml
----------------- Instantiating /home/travis/build/icyphy/ptII/ptolemy/domains/continuous/test/auto/IntegratorImpulse.xml
2 ms. Memory: 335872K Free: 220481K (66%)
----------------- Invoking toplevel() on ptolemy.moml.MoMLSimpleApplication@109d1cdb
----------------- Done invoking toplevel() on ptolemy.moml.MoMLSimpleApplication@109d1cdb
reloadAllAccessors: .IntegratorImpulse

===========================================================================================
----------------- testing Sun Jun 23 20:51:30 UTC 2019 /home/travis/build/icyphy/ptII/ptolemy/domains/continuous/test/auto/IntegratorImpulse2.xml
----------------- Instantiating /home/travis/build/icyphy/ptII/ptolemy/domains/continuous/test/auto/IntegratorImpulse2.xml
5 ms. Memory: 335872K Free: 215857K (64%)
----------------- Invoking toplevel() on ptolemy.moml.MoMLSimpleApplication@ba37f01
----------------- Done invoking toplevel() on ptolemy.moml.MoMLSimpleApplication@ba37f01
reloadAllAccessors: .IntegratorImpulse2

===========================================================================================
----------------- testing Sun Jun 23 20:51:31 UTC 2019 /home/travis/build/icyphy/ptII/ptolemy/domains/continuous/test/auto/LevelCrossing1.xml
----------------- Instantiating /home/travis/build/icyphy/ptII/ptolemy/domains/continuous/test/auto/LevelCrossing1.xml
3 ms. Memory: 335872K Free: 210745K (63%)
----------------- Invoking toplevel() on ptolemy.moml.MoMLSimpleApplication@360eda5a
----------------- Done invoking toplevel() on ptolemy.moml.MoMLSimpleApplication@360eda5a
reloadAllAccessors: .LevelCrossing1

===========================================================================================
----------------- testing Sun Jun 23 20:51:31 UTC 2019 /home/travis/build/icyphy/ptII/ptolemy/domains/continuous/test/auto/LevelCrossing2.xml
----------------- Instantiating /home/travis/build/icyphy/ptII/ptolemy/domains/continuous/test/auto/LevelCrossing2.xml
3 ms. Memory: 335872K Free: 205631K (61%)
----------------- Invoking toplevel() on ptolemy.moml.MoMLSimpleApplication@4bb5f1c1
----------------- Done invoking toplevel() on ptolemy.moml.MoMLSimpleApplication@4bb5f1c1
reloadAllAccessors: .LevelCrossing2

===========================================================================================
----------------- testing Sun Jun 23 20:51:31 UTC 2019 /home/travis/build/icyphy/ptII/ptolemy/domains/continuous/test/auto/LevelCrossing3.xml
----------------- Instantiating /home/travis/build/icyphy/ptII/ptolemy/domains/continuous/test/auto/LevelCrossing3.xml
3 ms. Memory: 335872K Free: 200511K (60%)
----------------- Invoking toplevel() on ptolemy.moml.MoMLSimpleApplication@2c4f3d0a
----------------- Done invoking toplevel() on ptolemy.moml.MoMLSimpleApplication@2c4f3d0a
reloadAllAccessors: .LevelCrossing3

===========================================================================================
----------------- testing Sun Jun 23 20:51:31 UTC 2019 /home/travis/build/icyphy/ptII/ptolemy/domains/continuous/test/auto/LevelCrossing4.xml
----------------- Instantiating /home/travis/build/icyphy/ptII/ptolemy/domains/continuous/test/auto/LevelCrossing4.xml
3 ms. Memory: 335872K Free: 195377K (58%)
----------------- Invoking toplevel() on ptolemy.moml.MoMLSimpleApplication@489e8855
----------------- Done invoking toplevel() on ptolemy.moml.MoMLSimpleApplication@489e8855
reloadAllAccessors: .LevelCrossing4

===========================================================================================
----------------- testing Sun Jun 23 20:51:31 UTC 2019 /home/travis/build/icyphy/ptII/ptolemy/domains/continuous/test/auto/LevelCrossing5.xml
----------------- Instantiating /home/travis/build/icyphy/ptII/ptolemy/domains/continuous/test/auto/LevelCrossing5.xml
3 ms. Memory: 335872K Free: 190257K (57%)
----------------- Invoking toplevel() on ptolemy.moml.MoMLSimpleApplication@3a8263a6
----------------- Done invoking toplevel() on ptolemy.moml.MoMLSimpleApplication@3a8263a6
reloadAllAccessors: .LevelCrossing5

===========================================================================================
[...]
----------------- Instantiating /home/travis/build/icyphy/ptII/ptolemy/domains/continuous/test/auto/SRinContinuous.xml
4 ms. Memory: 335872K Free: 274394K (82%)
----------------- Invoking toplevel() on ptolemy.moml.MoMLSimpleApplication@4b73ff07
----------------- Done invoking toplevel() on ptolemy.moml.MoMLSimpleApplication@4b73ff07
reloadAllAccessors: .SRinContinuous

===========================================================================================
----------------- testing Sun Jun 23 20:51:48 UTC 2019 /home/travis/build/icyphy/ptII/ptolemy/domains/continuous/test/auto/SampledClocks.xml
----------------- Instantiating /home/travis/build/icyphy/ptII/ptolemy/domains/continuous/test/auto/SampledClocks.xml
7 ms. Memory: 335872K Free: 262106K (78%)
----------------- Invoking toplevel() on ptolemy.moml.MoMLSimpleApplication@5a91437b
----------------- Done invoking toplevel() on ptolemy.moml.MoMLSimpleApplication@5a91437b
reloadAllAccessors: .SampledClocks

===========================================================================================
----------------- testing Sun Jun 23 20:51:48 UTC 2019 /home/travis/build/icyphy/ptII/ptolemy/domains/continuous/test/auto/Satellite.xml
----------------- Instantiating /home/travis/build/icyphy/ptII/ptolemy/domains/continuous/test/auto/Satellite.xml
784 ms. Memory: 335872K Free: 274142K (82%)
----------------- Invoking toplevel() on ptolemy.moml.MoMLSimpleApplication@289db65b
----------------- Done invoking toplevel() on ptolemy.moml.MoMLSimpleApplication@289db65b
reloadAllAccessors: .Satellite

===========================================================================================
----------------- testing Sun Jun 23 20:51:49 UTC 2019 /home/travis/build/icyphy/ptII/ptolemy/domains/continuous/test/auto/SigmaDelta.xml
----------------- Instantiating /home/travis/build/icyphy/ptII/ptolemy/domains/continuous/test/auto/SigmaDelta.xml
2169 ms. Memory: 335872K Free: 211310K (63%)
----------------- Invoking toplevel() on ptolemy.moml.MoMLSimpleApplication@28674f4f
----------------- Done invoking toplevel() on ptolemy.moml.MoMLSimpleApplication@28674f4f
reloadAllAccessors: .SigmaDelta

===========================================================================================
----------------- testing Sun Jun 23 20:51:52 UTC 2019 /home/travis/build/icyphy/ptII/ptolemy/domains/continuous/test/auto/SingleRefinement.xml
----------------- Instantiating /home/travis/build/icyphy/ptII/ptolemy/domains/continuous/test/auto/SingleRefinement.xml
303 ms. Memory: 335872K Free: 229697K (68%)
----------------- Invoking toplevel() on ptolemy.moml.MoMLSimpleApplication@11566eac
----------------- Done invoking toplevel() on ptolemy.moml.MoMLSimpleApplication@11566eac
reloadAllAccessors: .SingleRefinement

===========================================================================================
----------------- testing Sun Jun 23 20:51:52 UTC 2019 /home/travis/build/icyphy/ptII/ptolemy/domains/continuous/test/auto/SinuBouncingBall.xml
----------------- Instantiating /home/travis/build/icyphy/ptII/ptolemy/domains/continuous/test/auto/SinuBouncingBall.xml
796 ms. Memory: 335872K Free: 216001K (64%)
----------------- Invoking toplevel() on ptolemy.moml.MoMLSimpleApplication@1a5ad4ff
----------------- Done invoking toplevel() on ptolemy.moml.MoMLSimpleApplication@1a5ad4ff
reloadAllAccessors: .SinuBouncingBall

===========================================================================================
----------------- testing Sun Jun 23 20:51:53 UTC 2019 /home/travis/build/icyphy/ptII/ptolemy/domains/continuous/test/auto/Sinusoid.xml
----------------- Instantiating /home/travis/build/icyphy/ptII/ptolemy/domains/continuous/test/auto/Sinusoid.xml
4 ms. Memory: 335872K Free: 211409K (63%)
----------------- Invoking toplevel() on ptolemy.moml.MoMLSimpleApplication@211aaa44
----------------- Done invoking toplevel() on ptolemy.moml.MoMLSimpleApplication@211aaa44
reloadAllAccessors: .Sinusoid

===========================================================================================
----------------- testing Sun Jun 23 20:51:53 UTC 2019 /home/travis/build/icyphy/ptII/ptolemy/domains/continuous/test/auto/SinusoidInNoise.xml
----------------- Instantiating /home/travis/build/icyphy/ptII/ptolemy/domains/continuous/test/auto/SinusoidInNoise.xml
1000 ms. Memory: 335872K Free: 275621K (82%)
----------------- Invoking toplevel() on ptolemy.moml.MoMLSimpleApplication@1fe58977
----------------- Done invoking toplevel() on ptolemy.moml.MoMLSimpleApplication@1fe58977
reloadAllAccessors: .SinusoidInNoise

===========================================================================================
----------------- testing Sun Jun 23 20:51:54 UTC 2019 /home/travis/build/icyphy/ptII/ptolemy/domains/continuous/test/auto/SinusoidRK45.xml
----------------- Instantiating /home/travis/build/icyphy/ptII/ptolemy/domains/continuous/test/auto/SinusoidRK45.xml
2 ms. Memory: 335872K Free: 270997K (81%)
----------------- Invoking toplevel() on ptolemy.moml.MoMLSimpleApplication@16ce8079
----------------- Done invoking toplevel() on ptolemy.moml.MoMLSimpleApplication@16ce8079
reloadAllAccessors: .SinusoidRK45

===========================================================================================
----------------- testing Sun Jun 23 20:51:54 UTC 2019 /home/travis/build/icyphy/ptII/ptolemy/domains/continuous/test/auto/SinusoidWithMultipleImpulses.xml
----------------- Instantiating /home/travis/build/icyphy/ptII/ptolemy/domains/continuous/test/auto/SinusoidWithMultipleImpulses.xml
3 ms. Memory: 335872K Free: 266405K (79%)
----------------- Invoking toplevel() on ptolemy.moml.MoMLSimpleApplication@3dc002d9
----------------- Done invoking toplevel() on ptolemy.moml.MoMLSimpleApplication@3dc002d9
reloadAllAccessors: .SinusoidWithMultipleImpulses

===========================================================================================
----------------- testing Sun Jun 23 20:51:54 UTC 2019 /home/travis/build/icyphy/ptII/ptolemy/domains/continuous/test/auto/SquareWave.xml
----------------- Instantiating /home/travis/build/icyphy/ptII/ptolemy/domains/continuous/test/auto/SquareWave.xml
173 ms. Memory: 335872K Free: 239267K (71%)
----------------- Invoking toplevel() on ptolemy.moml.MoMLSimpleApplication@8ddf052
----------------- Done invoking toplevel() on ptolemy.moml.MoMLSimpleApplication@8ddf052
reloadAllAccessors: .SquareWave

===========================================================================================
----------------- testing Sun Jun 23 20:51:54 UTC 2019 /home/travis/build/icyphy/ptII/ptolemy/domains/continuous/test/auto/Starmac.xml
----------------- Instantiating /home/travis/build/icyphy/ptII/ptolemy/domains/continuous/test/auto/Starmac.xml
3086 ms. Memory: 335872K Free: 131557K (39%)
----------------- Invoking toplevel() on ptolemy.moml.MoMLSimpleApplication@4a524cb5
----------------- Done invoking toplevel() on ptolemy.moml.MoMLSimpleApplication@4a524cb5
reloadAllAccessors: .Starmac

===========================================================================================
----------------- testing Sun Jun 23 20:51:58 UTC 2019 /home/travis/build/icyphy/ptII/ptolemy/domains/continuous/test/auto/StaticUnits.xml
----------------- Instantiating /home/travis/build/icyphy/ptII/ptolemy/domains/continuous/test/auto/StaticUnits.xml
2134 ms. Memory: 335872K Free: 276793K (82%)
----------------- Invoking toplevel() on ptolemy.moml.MoMLSimpleApplication@1031d017
----------------- Done invoking toplevel() on ptolemy.moml.MoMLSimpleApplication@1031d017
reloadAllAccessors: .StaticUnits

===========================================================================================
----------------- testing Sun Jun 23 20:52:00 UTC 2019 /home/travis/build/icyphy/ptII/ptolemy/domains/continuous/test/auto/StickyMasses.xml
----------------- Instantiating /home/travis/build/icyphy/ptII/ptolemy/domains/continuous/test/auto/StickyMasses.xml
145 ms. Memory: 335872K Free: 227131K (68%)
----------------- Invoking toplevel() on ptolemy.moml.MoMLSimpleApplication@38886fb0
----------------- Done invoking toplevel() on ptolemy.moml.MoMLSimpleApplication@38886fb0
reloadAllAccessors: .StickyMasses

===========================================================================================
----------------- testing Sun Jun 23 20:52:00 UTC 2019 /home/travis/build/icyphy/ptII/ptolemy/domains/continuous/test/auto/StopTime.xml
----------------- Instantiating /home/travis/build/icyphy/ptII/ptolemy/domains/continuous/test/auto/StopTime.xml
60 ms. Memory: 335872K Free: 202555K (60%)
----------------- Invoking toplevel() on ptolemy.moml.MoMLSimpleApplication@56cfa1b
----------------- Done invoking toplevel() on ptolemy.moml.MoMLSimpleApplication@56cfa1b
reloadAllAccessors: .StopTime

===========================================================================================
----------------- testing Sun Jun 23 20:52:01 UTC 2019 /home/travis/build/icyphy/ptII/ptolemy/domains/continuous/test/auto/StopTime2.xml
----------------- Instantiating /home/travis/build/icyphy/ptII/ptolemy/domains/continuous/test/auto/StopTime2.xml
70 ms. Memory: 335872K Free: 180523K (54%)
----------------- Invoking toplevel() on ptolemy.moml.MoMLSimpleApplication@1428376e
----------------- Done invoking toplevel() on ptolemy.moml.MoMLSimpleApplication@1428376e
reloadAllAccessors: .StopTime2

===========================================================================================
----------------- testing Sun Jun 23 20:52:01 UTC 2019 /home/travis/build/icyphy/ptII/ptolemy/domains/continuous/test/auto/Switch.xml
----------------- Instantiating /home/travis/build/icyphy/ptII/ptolemy/domains/continuous/test/auto/Switch.xml
40 ms. Memory: 335872K Free: 155961K (46%)
----------------- Invoking toplevel() on ptolemy.moml.MoMLSimpleApplication@39fceec2
----------------- Done invoking toplevel() on ptolemy.moml.MoMLSimpleApplication@39fceec2
reloadAllAccessors: .Switch

===========================================================================================
----------------- testing Sun Jun 23 20:52:01 UTC 2019 /home/travis/build/icyphy/ptII/ptolemy/domains/continuous/test/auto/Thermostat.xml
----------------- Instantiating /home/travis/build/icyphy/ptII/ptolemy/domains/continuous/test/auto/Thermostat.xml
234 ms. Memory: 335872K Free: 279278K (83%)
----------------- Invoking toplevel() on ptolemy.moml.MoMLSimpleApplication@1709ec68
----------------- Done invoking toplevel() on ptolemy.moml.MoMLSimpleApplication@1709ec68
reloadAllAccessors: .Thermostat

===========================================================================================
----------------- testing Sun Jun 23 20:52:01 UTC 2019 /home/travis/build/icyphy/ptII/ptolemy/domains/continuous/test/auto/TimeDelay.xml
----------------- Instantiating /home/travis/build/icyphy/ptII/ptolemy/domains/continuous/test/auto/TimeDelay.xml
6 ms. Memory: 335872K Free: 274158K (82%)
----------------- Invoking toplevel() on ptolemy.moml.MoMLSimpleApplication@65a01f94
----------------- Done invoking toplevel() on ptolemy.moml.MoMLSimpleApplication@65a01f94
reloadAllAccessors: .TimeDelay

===========================================================================================
----------------- testing Sun Jun 23 20:52:01 UTC 2019 /home/travis/build/icyphy/ptII/ptolemy/domains/continuous/test/auto/TimeDelay2.xml
----------------- Instantiating /home/travis/build/icyphy/ptII/ptolemy/domains/continuous/test/auto/TimeDelay2.xml
7 ms. Memory: 335872K Free: 263918K (79%)
----------------- Invoking toplevel() on ptolemy.moml.MoMLSimpleApplication@686d284d
----------------- Done invoking toplevel() on ptolemy.moml.MoMLSimpleApplication@686d284d
reloadAllAccessors: .TimeDelay2

===========================================================================================
----------------- testing Sun Jun 23 20:52:01 UTC 2019 /home/travis/build/icyphy/ptII/ptolemy/domains/continuous/test/auto/TimeDelay3.xml
----------------- Instantiating /home/travis/build/icyphy/ptII/ptolemy/domains/continuous/test/auto/TimeDelay3.xml
5 ms. Memory: 335872K Free: 259291K (77%)
----------------- Invoking toplevel() on ptolemy.moml.MoMLSimpleApplication@5b93295e
----------------- Done invoking toplevel() on ptolemy.moml.MoMLSimpleApplication@5b93295e
reloadAllAccessors: .TimeDelay3

===========================================================================================
----------------- testing Sun Jun 23 20:52:01 UTC 2019 /home/travis/build/icyphy/ptII/ptolemy/domains/continuous/test/auto/TransferAbsentToInside.xml
----------------- Instantiating /home/travis/build/icyphy/ptII/ptolemy/domains/continuous/test/auto/TransferAbsentToInside.xml
29 ms. Memory: 335872K Free: 206030K (61%)
----------------- Invoking toplevel() on ptolemy.moml.MoMLSimpleApplication@58b62b78
----------------- Done invoking toplevel() on ptolemy.moml.MoMLSimpleApplication@58b62b78
reloadAllAccessors: .TransferAbsentToInside

===========================================================================================
----------------- testing Sun Jun 23 20:52:01 UTC 2019 /home/travis/build/icyphy/ptII/ptolemy/domains/continuous/test/auto/Transmission.xml
----------------- Instantiating /home/travis/build/icyphy/ptII/ptolemy/domains/continuous/test/auto/Transmission.xml
849 ms. Memory: 403456K Free: 238825K (59%)
----------------- Invoking toplevel() on ptolemy.moml.MoMLSimpleApplication@ba2c9a8
----------------- Done invoking toplevel() on ptolemy.moml.MoMLSimpleApplication@ba2c9a8
reloadAllAccessors: .Transmission

===========================================================================================
----------------- testing Sun Jun 23 20:52:02 UTC 2019 /home/travis/build/icyphy/ptII/ptolemy/domains/continuous/test/auto/TriggeredContinuousClock.xml
----------------- Instantiating /home/travis/build/icyphy/ptII/ptolemy/domains/continuous/test/auto/TriggeredContinuousClock.xml
34 ms. Memory: 403456K Free: 209129K (52%)
----------------- Invoking toplevel() on ptolemy.moml.MoMLSimpleApplication@269dc29d
----------------- Done invoking toplevel() on ptolemy.moml.MoMLSimpleApplication@269dc29d
reloadAllAccessors: .TriggeredContinuousClock

===========================================================================================
----------------- testing Sun Jun 23 20:52:02 UTC 2019 /home/travis/build/icyphy/ptII/ptolemy/domains/continuous/test/auto/TwoMachineInfiniteBusControl.xml
----------------- Instantiating /home/travis/build/icyphy/ptII/ptolemy/domains/continuous/test/auto/TwoMachineInfiniteBusControl.xml
2769 ms. Memory: 403456K Free: 353480K (88%)
----------------- Invoking toplevel() on ptolemy.moml.MoMLSimpleApplication@4ae46959
----------------- Done invoking toplevel() on ptolemy.moml.MoMLSimpleApplication@4ae46959
reloadAllAccessors: .TwoMachineInfiniteBusControl

===========================================================================================
----------------- testing Sun Jun 23 20:52:05 UTC 2019 /home/travis/build/icyphy/ptII/ptolemy/domains/continuous/test/auto/V2V.xml
----------------- Instantiating /home/travis/build/icyphy/ptII/ptolemy/domains/continuous/test/auto/V2V.xml
768 ms. Memory: 403456K Free: 165543K (41%)
----------------- Invoking toplevel() on ptolemy.moml.MoMLSimpleApplication@37b6050c
----------------- Done invoking toplevel() on ptolemy.moml.MoMLSimpleApplication@37b6050c
reloadAllAccessors: .V2V

===========================================================================================
----------------- testing Sun Jun 23 20:52:06 UTC 2019 /home/travis/build/icyphy/ptII/ptolemy/domains/continuous/test/auto/hierarchicalModalModel.xml
----------------- Instantiating /home/travis/build/icyphy/ptII/ptolemy/domains/continuous/test/auto/hierarchicalModalModel.xml
10 ms. Memory: 403456K Free: 151223K (37%)
----------------- Invoking toplevel() on ptolemy.moml.MoMLSimpleApplication@79fb05f6
----------------- Done invoking toplevel() on ptolemy.moml.MoMLSimpleApplication@79fb05f6
reloadAllAccessors: .hierarchicalModalModel

===========================================================================================
----------------- testing Sun Jun 23 20:52:06 UTC 2019 /home/travis/build/icyphy/ptII/ptolemy/domains/continuous/test/auto/hierarchicalModalModel1.xml
----------------- Instantiating /home/travis/build/icyphy/ptII/ptolemy/domains/continuous/test/auto/hierarchicalModalModel1.xml
8 ms. Memory: 403456K Free: 372921K (92%)
----------------- Invoking toplevel() on ptolemy.moml.MoMLSimpleApplication@1bdc4ed3
----------------- Done invoking toplevel() on ptolemy.moml.MoMLSimpleApplication@1bdc4ed3
reloadAllAccessors: .hierarchicalModalModel1

===========================================================================================
----------------- testing Sun Jun 23 20:52:06 UTC 2019 /home/travis/build/icyphy/ptII/ptolemy/domains/continuous/test/auto/hierarchicalModalModel2.xml
----------------- Instantiating /home/travis/build/icyphy/ptII/ptolemy/domains/continuous/test/auto/hierarchicalModalModel2.xml
6 ms. Memory: 403456K Free: 360633K (89%)
----------------- Invoking toplevel() on ptolemy.moml.MoMLSimpleApplication@7f1bc1d9
----------------- Done invoking toplevel() on ptolemy.moml.MoMLSimpleApplication@7f1bc1d9
reloadAllAccessors: .hierarchicalModalModel2

===========================================================================================
----------------- testing Sun Jun 23 20:52:06 UTC 2019 /home/travis/build/icyphy/ptII/ptolemy/domains/continuous/test/auto/hierarchicalModalModel3.xml
----------------- Instantiating /home/travis/build/icyphy/ptII/ptolemy/domains/continuous/test/auto/hierarchicalModalModel3.xml
8 ms. Memory: 403456K Free: 349879K (87%)
----------------- Invoking toplevel() on ptolemy.moml.MoMLSimpleApplication@d78c7d9
----------------- Done invoking toplevel() on ptolemy.moml.MoMLSimpleApplication@d78c7d9
reloadAllAccessors: .hierarchicalModalModel3

===========================================================================================
----------------- testing Sun Jun 23 20:52:06 UTC 2019 /home/travis/build/icyphy/ptII/ptolemy/domains/continuous/test/auto/hierarchicalModalModel4.xml
----------------- Instantiating /home/travis/build/icyphy/ptII/ptolemy/domains/continuous/test/auto/hierarchicalModalModel4.xml
6 ms. Memory: 403456K Free: 338105K (84%)
----------------- Invoking toplevel() on ptolemy.moml.MoMLSimpleApplication@4f96cab0
----------------- Done invoking toplevel() on ptolemy.moml.MoMLSimpleApplication@4f96cab0
reloadAllAccessors: .hierarchicalModalModel4

===========================================================================================
----------------- testing Sun Jun 23 20:52:06 UTC 2019 /home/travis/build/icyphy/ptII/ptolemy/domains/continuous/test/auto/junk.xml
----------------- Instantiating /home/travis/build/icyphy/ptII/ptolemy/domains/continuous/test/auto/junk.xml
145 ms. Memory: 403456K Free: 310457K (77%)
----------------- Invoking toplevel() on ptolemy.moml.MoMLSimpleApplication@30003fc2
----------------- Done invoking toplevel() on ptolemy.moml.MoMLSimpleApplication@30003fc2
reloadAllAccessors: .junk
AutoTests.java: About to close Vertx.
AutoTests.java: Vertx closed.
]]></system-out>
  <system-err><![CDATA[Warning: '.HysteresisWithRandomDelay.NonStrictTest' The test produced only 221 tokens, yet the correctValues parameter was expecting 222 tokens.
Warning: '.HysteresisWithRandomDelay.NonStrictTest2' The test produced only 220 tokens, yet the correctValues parameter was expecting 221 tokens.
Warning: '.HysteresisWithRandomDelay.NonStrictTest3' The test produced only 23 tokens, yet the correctValues parameter was expecting 30 tokens.
Warning: '.Poisson.NonStrictTest' The test produced only 387 tokens, yet the correctValues parameter was expecting 430 tokens.
]]></system-err>
</testsuite>
