<?xml version="1.0" encoding="UTF-8" ?>
<testsuite errors="0" failures="0" hostname="travis-job-0685b72a-edf7-46b6-9aae-fe179d62f38f" name="ptolemy.domains.continuous.test.junit.JUnitTclTest" skipped="0" tests="156" time="68.912" timestamp="2020-01-17T06:41:53">
  <properties>
[...]
</properties>
  <testcase classname="ptolemy.util.test.junit.TclTests" name="[0] ThereAreNoTclTests (RunTclFile)" time="0.02" />
  <testcase classname="ptolemy.util.test.junit.AutoKnownFailedTests" name="[0] ThereAreNoKnowFailedTests (RunModel)" time="0.004" />
  <testcase classname="ptolemy.util.test.junit.AutoNameArchTests" name="[0] ThereAreNoAutoArchTests (RunModel)" time="0.012" />
  <testcase classname="ptolemy.util.test.junit.AutoTests" name="[0] /home/travis/build/icyphy/ptII/ptolemy/domains/continuous/test/auto/BouncingBall.xml (RunModel)" time="2.851" />
  <testcase classname="ptolemy.util.test.junit.AutoTests" name="[1] /home/travis/build/icyphy/ptII/ptolemy/domains/continuous/test/auto/BouncingBallWithoutGR.xml (RunModel)" time="0.927" />
  <testcase classname="ptolemy.util.test.junit.AutoTests" name="[2] /home/travis/build/icyphy/ptII/ptolemy/domains/continuous/test/auto/Brownian.xml (RunModel)" time="0.103" />
  <testcase classname="ptolemy.util.test.junit.AutoTests" name="[3] /home/travis/build/icyphy/ptII/ptolemy/domains/continuous/test/auto/CarTracking.xml (RunModel)" time="3.818" />
  <testcase classname="ptolemy.util.test.junit.AutoTests" name="[4] /home/travis/build/icyphy/ptII/ptolemy/domains/continuous/test/auto/CartPendulum.xml (RunModel)" time="0.536" />
  <testcase classname="ptolemy.util.test.junit.AutoTests" name="[5] /home/travis/build/icyphy/ptII/ptolemy/domains/continuous/test/auto/CausalityInterface10.xml (RunModel)" time="0.054" />
  <testcase classname="ptolemy.util.test.junit.AutoTests" name="[6] /home/travis/build/icyphy/ptII/ptolemy/domains/continuous/test/auto/CausalityInterface11.xml (RunModel)" time="0.034" />
  <testcase classname="ptolemy.util.test.junit.AutoTests" name="[7] /home/travis/build/icyphy/ptII/ptolemy/domains/continuous/test/auto/CausalityInterface12.xml (RunModel)" time="0.027" />
  <testcase classname="ptolemy.util.test.junit.AutoTests" name="[8] /home/travis/build/icyphy/ptII/ptolemy/domains/continuous/test/auto/CausalityInterface13.xml (RunModel)" time="0.038" />
  <testcase classname="ptolemy.util.test.junit.AutoTests" name="[9] /home/travis/build/icyphy/ptII/ptolemy/domains/continuous/test/auto/CausalityInterface14.xml (RunModel)" time="0.023" />
  <testcase classname="ptolemy.util.test.junit.AutoTests" name="[10] /home/travis/build/icyphy/ptII/ptolemy/domains/continuous/test/auto/CausalityInterface4.xml (RunModel)" time="0.032" />
  <testcase classname="ptolemy.util.test.junit.AutoTests" name="[11] /home/travis/build/icyphy/ptII/ptolemy/domains/continuous/test/auto/CausalityInterface5.xml (RunModel)" time="0.037" />
  <testcase classname="ptolemy.util.test.junit.AutoTests" name="[12] /home/travis/build/icyphy/ptII/ptolemy/domains/continuous/test/auto/CausalityInterface6.xml (RunModel)" time="0.021" />
  <testcase classname="ptolemy.util.test.junit.AutoTests" name="[13] /home/travis/build/icyphy/ptII/ptolemy/domains/continuous/test/auto/CausalityInterface7.xml (RunModel)" time="0.036" />
  <testcase classname="ptolemy.util.test.junit.AutoTests" name="[14] /home/travis/build/icyphy/ptII/ptolemy/domains/continuous/test/auto/CausalityInterface8.xml (RunModel)" time="0.03" />
  <testcase classname="ptolemy.util.test.junit.AutoTests" name="[15] /home/travis/build/icyphy/ptII/ptolemy/domains/continuous/test/auto/CausalityInterface9.xml (RunModel)" time="0.041" />
  <testcase classname="ptolemy.util.test.junit.AutoTests" name="[16] /home/travis/build/icyphy/ptII/ptolemy/domains/continuous/test/auto/CausalityInterfaceFeedback1.xml (RunModel)" time="0.028" />
  <testcase classname="ptolemy.util.test.junit.AutoTests" name="[17] /home/travis/build/icyphy/ptII/ptolemy/domains/continuous/test/auto/CausalityInterfaceFeedback2.xml (RunModel)" time="0.033" />
  <testcase classname="ptolemy.util.test.junit.AutoTests" name="[18] /home/travis/build/icyphy/ptII/ptolemy/domains/continuous/test/auto/CompareWithCurrentTime.xml (RunModel)" time="0.018" />
  <testcase classname="ptolemy.util.test.junit.AutoTests" name="[19] /home/travis/build/icyphy/ptII/ptolemy/domains/continuous/test/auto/ComparedClocks.xml (RunModel)" time="0.07" />
  <testcase classname="ptolemy.util.test.junit.AutoTests" name="[20] /home/travis/build/icyphy/ptII/ptolemy/domains/continuous/test/auto/ContinuousAOCClone.xml (RunModel)" time="2.702" />
  <testcase classname="ptolemy.util.test.junit.AutoTests" name="[21] /home/travis/build/icyphy/ptII/ptolemy/domains/continuous/test/auto/ContinuousClock.xml (RunModel)" time="0.085" />
  <testcase classname="ptolemy.util.test.junit.AutoTests" name="[22] /home/travis/build/icyphy/ptII/ptolemy/domains/continuous/test/auto/ContinuousInContinuous.xml (RunModel)" time="0.079" />
  <testcase classname="ptolemy.util.test.junit.AutoTests" name="[23] /home/travis/build/icyphy/ptII/ptolemy/domains/continuous/test/auto/ContinuousInContinuousInContinuous.xml (RunModel)" time="0.023" />
  <testcase classname="ptolemy.util.test.junit.AutoTests" name="[24] /home/travis/build/icyphy/ptII/ptolemy/domains/continuous/test/auto/ContinuousInDE.xml (RunModel)" time="0.113" />
  <testcase classname="ptolemy.util.test.junit.AutoTests" name="[25] /home/travis/build/icyphy/ptII/ptolemy/domains/continuous/test/auto/ContinuousInDE2.xml (RunModel)" time="0.045" />
  <testcase classname="ptolemy.util.test.junit.AutoTests" name="[26] /home/travis/build/icyphy/ptII/ptolemy/domains/continuous/test/auto/ContinuousInDE3.xml (RunModel)" time="0.048" />
  <testcase classname="ptolemy.util.test.junit.AutoTests" name="[27] /home/travis/build/icyphy/ptII/ptolemy/domains/continuous/test/auto/ContinuousInDE4.xml (RunModel)" time="0.039" />
  <testcase classname="ptolemy.util.test.junit.AutoTests" name="[28] /home/travis/build/icyphy/ptII/ptolemy/domains/continuous/test/auto/ContinuousInDEDifferentRefinements.xml (RunModel)" time="0.109" />
  <testcase classname="ptolemy.util.test.junit.AutoTests" name="[29] /home/travis/build/icyphy/ptII/ptolemy/domains/continuous/test/auto/ContinuousInDEDifferentRefinementsPreemptive.xml (RunModel)" time="0.085" />
  <testcase classname="ptolemy.util.test.junit.AutoTests" name="[30] /home/travis/build/icyphy/ptII/ptolemy/domains/continuous/test/auto/ContinuousInDEInContinuous2.xml (RunModel)" time="0.054" />
  <testcase classname="ptolemy.util.test.junit.AutoTests" name="[31] /home/travis/build/icyphy/ptII/ptolemy/domains/continuous/test/auto/ContinuousInDEInContinuous3.xml (RunModel)" time="0.057" />
  <testcase classname="ptolemy.util.test.junit.AutoTests" name="[32] /home/travis/build/icyphy/ptII/ptolemy/domains/continuous/test/auto/ContinuousInDEInput.xml (RunModel)" time="0.035" />
  <testcase classname="ptolemy.util.test.junit.AutoTests" name="[33] /home/travis/build/icyphy/ptII/ptolemy/domains/continuous/test/auto/ContinuousInDEInput2.xml (RunModel)" time="0.031" />
  <testcase classname="ptolemy.util.test.junit.AutoTests" name="[34] /home/travis/build/icyphy/ptII/ptolemy/domains/continuous/test/auto/ContinuousInDEInput3.xml (RunModel)" time="0.027" />
  <testcase classname="ptolemy.util.test.junit.AutoTests" name="[35] /home/travis/build/icyphy/ptII/ptolemy/domains/continuous/test/auto/ContinuousInDESharingRefinement.xml (RunModel)" time="0.157" />
  <testcase classname="ptolemy.util.test.junit.AutoTests" name="[36] /home/travis/build/icyphy/ptII/ptolemy/domains/continuous/test/auto/ContinuousInDEwithNoPorts.xml (RunModel)" time="0.017" />
  <testcase classname="ptolemy.util.test.junit.AutoTests" name="[37] /home/travis/build/icyphy/ptII/ptolemy/domains/continuous/test/auto/ContinuousInsideDE.xml (RunModel)" time="0.08" />
  <testcase classname="ptolemy.util.test.junit.AutoTests" name="[38] /home/travis/build/icyphy/ptII/ptolemy/domains/continuous/test/auto/ContinuousMerge1.xml (RunModel)" time="0.014" />
  <testcase classname="ptolemy.util.test.junit.AutoTests" name="[39] /home/travis/build/icyphy/ptII/ptolemy/domains/continuous/test/auto/ContinuousMerge2.xml (RunModel)" time="0.042" />
  <testcase classname="ptolemy.util.test.junit.AutoTests" name="[40] /home/travis/build/icyphy/ptII/ptolemy/domains/continuous/test/auto/ContinuousMerge3.xml (RunModel)" time="0.07" />
  <testcase classname="ptolemy.util.test.junit.AutoTests" name="[41] /home/travis/build/icyphy/ptII/ptolemy/domains/continuous/test/auto/ContinuousWithinContinuous.xml (RunModel)" time="0.049" />
  <testcase classname="ptolemy.util.test.junit.AutoTests" name="[42] /home/travis/build/icyphy/ptII/ptolemy/domains/continuous/test/auto/ContinuousWithinContinuous2.xml (RunModel)" time="0.073" />
  <testcase classname="ptolemy.util.test.junit.AutoTests" name="[43] /home/travis/build/icyphy/ptII/ptolemy/domains/continuous/test/auto/ContinuousWithinContinuous3.xml (RunModel)" time="0.029" />
  <testcase classname="ptolemy.util.test.junit.AutoTests" name="[44] /home/travis/build/icyphy/ptII/ptolemy/domains/continuous/test/auto/ContinuousWithinContinuous4.xml (RunModel)" time="0.078" />
  <testcase classname="ptolemy.util.test.junit.AutoTests" name="[45] /home/travis/build/icyphy/ptII/ptolemy/domains/continuous/test/auto/ContinuousWithinContinuous5.xml (RunModel)" time="0.036" />
  <testcase classname="ptolemy.util.test.junit.AutoTests" name="[46] /home/travis/build/icyphy/ptII/ptolemy/domains/continuous/test/auto/ContinuousWithinContinuous6.xml (RunModel)" time="0.032" />
  <testcase classname="ptolemy.util.test.junit.AutoTests" name="[47] /home/travis/build/icyphy/ptII/ptolemy/domains/continuous/test/auto/ContinuousWithinContinuous7.xml (RunModel)" time="0.069" />
  <testcase classname="ptolemy.util.test.junit.AutoTests" name="[48] /home/travis/build/icyphy/ptII/ptolemy/domains/continuous/test/auto/DCMotor.xml (RunModel)" time="12.755" />
  <testcase classname="ptolemy.util.test.junit.AutoTests" name="[49] /home/travis/build/icyphy/ptII/ptolemy/domains/continuous/test/auto/DEInContinuous.xml (RunModel)" time="0.031" />
  <testcase classname="ptolemy.util.test.junit.AutoTests" name="[50] /home/travis/build/icyphy/ptII/ptolemy/domains/continuous/test/auto/DEinContinuous2.xml (RunModel)" time="0.038" />
  <testcase classname="ptolemy.util.test.junit.AutoTests" name="[51] /home/travis/build/icyphy/ptII/ptolemy/domains/continuous/test/auto/Derivative.xml (RunModel)" time="0.192" />
  <testcase classname="ptolemy.util.test.junit.AutoTests" name="[52] /home/travis/build/icyphy/ptII/ptolemy/domains/continuous/test/auto/Derivative1.xml (RunModel)" time="0.057" />
  <testcase classname="ptolemy.util.test.junit.AutoTests" name="[53] /home/travis/build/icyphy/ptII/ptolemy/domains/continuous/test/auto/DiscreteClock.xml (RunModel)" time="0.015" />
  <testcase classname="ptolemy.util.test.junit.AutoTests" name="[54] /home/travis/build/icyphy/ptII/ptolemy/domains/continuous/test/auto/EfficiencyCurve.xml (RunModel)" time="0.103" />
  <testcase classname="ptolemy.util.test.junit.AutoTests" name="[55] /home/travis/build/icyphy/ptII/ptolemy/domains/continuous/test/auto/ExponentialResponse.xml (RunModel)" time="0.104" />
  <testcase classname="ptolemy.util.test.junit.AutoTests" name="[56] /home/travis/build/icyphy/ptII/ptolemy/domains/continuous/test/auto/ExponentialResponseRK45.xml (RunModel)" time="0.031" />
  <testcase classname="ptolemy.util.test.junit.AutoTests" name="[57] /home/travis/build/icyphy/ptII/ptolemy/domains/continuous/test/auto/Friction.xml (RunModel)" time="1.508" />
  <testcase classname="ptolemy.util.test.junit.AutoTests" name="[58] /home/travis/build/icyphy/ptII/ptolemy/domains/continuous/test/auto/FurutaPendulum.xml (RunModel)" time="2.908" />
  <testcase classname="ptolemy.util.test.junit.AutoTests" name="[59] /home/travis/build/icyphy/ptII/ptolemy/domains/continuous/test/auto/HierarchicalExecution.xml (RunModel)" time="1.714" />
  <testcase classname="ptolemy.util.test.junit.AutoTests" name="[60] /home/travis/build/icyphy/ptII/ptolemy/domains/continuous/test/auto/HybridPlant.xml (RunModel)" time="0.537" />
  <testcase classname="ptolemy.util.test.junit.AutoTests" name="[61] /home/travis/build/icyphy/ptII/ptolemy/domains/continuous/test/auto/Hysteresis.xml (RunModel)" time="0.188" />
  <testcase classname="ptolemy.util.test.junit.AutoTests" name="[62] /home/travis/build/icyphy/ptII/ptolemy/domains/continuous/test/auto/HysteresisWithRandomDelay.xml (RunModel)" time="0.214" />
  <testcase classname="ptolemy.util.test.junit.AutoTests" name="[63] /home/travis/build/icyphy/ptII/ptolemy/domains/continuous/test/auto/HysteresisWithRandomLosses.xml (RunModel)" time="2.381" />
  <testcase classname="ptolemy.util.test.junit.AutoTests" name="[64] /home/travis/build/icyphy/ptII/ptolemy/domains/continuous/test/auto/ImmediateTransitions.xml (RunModel)" time="0.034" />
  <testcase classname="ptolemy.util.test.junit.AutoTests" name="[65] /home/travis/build/icyphy/ptII/ptolemy/domains/continuous/test/auto/ImpulseFeedback.xml (RunModel)" time="0.018" />
  <testcase classname="ptolemy.util.test.junit.AutoTests" name="[66] /home/travis/build/icyphy/ptII/ptolemy/domains/continuous/test/auto/ImpulseFeedback2.xml (RunModel)" time="0.015" />
  <testcase classname="ptolemy.util.test.junit.AutoTests" name="[67] /home/travis/build/icyphy/ptII/ptolemy/domains/continuous/test/auto/IncreasingRatePoisson.xml (RunModel)" time="0.739" />
  <testcase classname="ptolemy.util.test.junit.AutoTests" name="[68] /home/travis/build/icyphy/ptII/ptolemy/domains/continuous/test/auto/InitialStateFeedback.xml (RunModel)" time="0.021" />
  <testcase classname="ptolemy.util.test.junit.AutoTests" name="[69] /home/travis/build/icyphy/ptII/ptolemy/domains/continuous/test/auto/Integration.xml (RunModel)" time="0.014" />
  <testcase classname="ptolemy.util.test.junit.AutoTests" name="[70] /home/travis/build/icyphy/ptII/ptolemy/domains/continuous/test/auto/Integration2.xml (RunModel)" time="0.074" />
  <testcase classname="ptolemy.util.test.junit.AutoTests" name="[71] /home/travis/build/icyphy/ptII/ptolemy/domains/continuous/test/auto/Integration3.xml (RunModel)" time="0.029" />
  <testcase classname="ptolemy.util.test.junit.AutoTests" name="[72] /home/travis/build/icyphy/ptII/ptolemy/domains/continuous/test/auto/Integration5.xml (RunModel)" time="0.009" />
  <testcase classname="ptolemy.util.test.junit.AutoTests" name="[73] /home/travis/build/icyphy/ptII/ptolemy/domains/continuous/test/auto/IntegratorImpulse.xml (RunModel)" time="0.007" />
  <testcase classname="ptolemy.util.test.junit.AutoTests" name="[74] /home/travis/build/icyphy/ptII/ptolemy/domains/continuous/test/auto/IntegratorImpulse2.xml (RunModel)" time="0.011" />
  <testcase classname="ptolemy.util.test.junit.AutoTests" name="[75] /home/travis/build/icyphy/ptII/ptolemy/domains/continuous/test/auto/LevelCrossing1.xml (RunModel)" time="0.01" />
  <testcase classname="ptolemy.util.test.junit.AutoTests" name="[76] /home/travis/build/icyphy/ptII/ptolemy/domains/continuous/test/auto/LevelCrossing2.xml (RunModel)" time="0.015" />
  <testcase classname="ptolemy.util.test.junit.AutoTests" name="[77] /home/travis/build/icyphy/ptII/ptolemy/domains/continuous/test/auto/LevelCrossing3.xml (RunModel)" time="0.011" />
  <testcase classname="ptolemy.util.test.junit.AutoTests" name="[78] /home/travis/build/icyphy/ptII/ptolemy/domains/continuous/test/auto/LevelCrossing4.xml (RunModel)" time="0.014" />
  <testcase classname="ptolemy.util.test.junit.AutoTests" name="[79] /home/travis/build/icyphy/ptII/ptolemy/domains/continuous/test/auto/LevelCrossing5.xml (RunModel)" time="0.014" />
  <testcase classname="ptolemy.util.test.junit.AutoTests" name="[80] /home/travis/build/icyphy/ptII/ptolemy/domains/continuous/test/auto/LevelCrossing6.xml (RunModel)" time="0.01" />
  <testcase classname="ptolemy.util.test.junit.AutoTests" name="[81] /home/travis/build/icyphy/ptII/ptolemy/domains/continuous/test/auto/LevelCrossingDetector.xml (RunModel)" time="0.03" />
  <testcase classname="ptolemy.util.test.junit.AutoTests" name="[82] /home/travis/build/icyphy/ptII/ptolemy/domains/continuous/test/auto/LevelCrossingDetectorDetectingDirections.xml (RunModel)" time="0.084" />
  <testcase classname="ptolemy.util.test.junit.AutoTests" name="[83] /home/travis/build/icyphy/ptII/ptolemy/domains/continuous/test/auto/LevelCrossingDetectorDetectsGlitches.xml (RunModel)" time="0.054" />
  <testcase classname="ptolemy.util.test.junit.AutoTests" name="[84] /home/travis/build/icyphy/ptII/ptolemy/domains/continuous/test/auto/LevelCrossingNoInitialOuput.xml (RunModel)" time="0.01" />
  <testcase classname="ptolemy.util.test.junit.AutoTests" name="[85] /home/travis/build/icyphy/ptII/ptolemy/domains/continuous/test/auto/LinearStateSpaceExample.xml (RunModel)" time="0.087" />
  <testcase classname="ptolemy.util.test.junit.AutoTests" name="[86] /home/travis/build/icyphy/ptII/ptolemy/domains/continuous/test/auto/Lorenz.xml (RunModel)" time="3.366" />
  <testcase classname="ptolemy.util.test.junit.AutoTests" name="[87] /home/travis/build/icyphy/ptII/ptolemy/domains/continuous/test/auto/LorenzDifferentialSystem.xml (RunModel)" time="0.925" />
  <testcase classname="ptolemy.util.test.junit.AutoTests" name="[88] /home/travis/build/icyphy/ptII/ptolemy/domains/continuous/test/auto/LorenzDifferentialSystemWithInput.xml (RunModel)" time="1.406" />
  <testcase classname="ptolemy.util.test.junit.AutoTests" name="[89] /home/travis/build/icyphy/ptII/ptolemy/domains/continuous/test/auto/LorenzDifferentialSystemWithTime.xml (RunModel)" time="0.665" />
  <testcase classname="ptolemy.util.test.junit.AutoTests" name="[90] /home/travis/build/icyphy/ptII/ptolemy/domains/continuous/test/auto/Microsteps.xml (RunModel)" time="0.031" />
  <testcase classname="ptolemy.util.test.junit.AutoTests" name="[91] /home/travis/build/icyphy/ptII/ptolemy/domains/continuous/test/auto/Modal1.xml (RunModel)" time="0.039" />
  <testcase classname="ptolemy.util.test.junit.AutoTests" name="[92] /home/travis/build/icyphy/ptII/ptolemy/domains/continuous/test/auto/Modal2.xml (RunModel)" time="0.049" />
  <testcase classname="ptolemy.util.test.junit.AutoTests" name="[93] /home/travis/build/icyphy/ptII/ptolemy/domains/continuous/test/auto/ModalTransitionGuardWithReset.xml (RunModel)" time="0.027" />
  <testcase classname="ptolemy.util.test.junit.AutoTests" name="[94] /home/travis/build/icyphy/ptII/ptolemy/domains/continuous/test/auto/ModalTransitionGuardWithResetUsingPreemptiveTransition.xml (RunModel)" time="0.022" />
  <testcase classname="ptolemy.util.test.junit.AutoTests" name="[95] /home/travis/build/icyphy/ptII/ptolemy/domains/continuous/test/auto/ModalTransitionGuardWithResetUsingPreemptiveTransition2.xml (RunModel)" time="0.018" />
  <testcase classname="ptolemy.util.test.junit.AutoTests" name="[96] /home/travis/build/icyphy/ptII/ptolemy/domains/continuous/test/auto/ModalTransitionGuardWithResetUsingPreemptiveTransition3.xml (RunModel)" time="0.023" />
  <testcase classname="ptolemy.util.test.junit.AutoTests" name="[97] /home/travis/build/icyphy/ptII/ptolemy/domains/continuous/test/auto/NewtonsCradle.xml (RunModel)" time="0.697" />
  <testcase classname="ptolemy.util.test.junit.AutoTests" name="[98] /home/travis/build/icyphy/ptII/ptolemy/domains/continuous/test/auto/NewtonsCradleAnimated.xml (RunModel)" time="1.188" />
  <testcase classname="ptolemy.util.test.junit.AutoTests" name="[99] /home/travis/build/icyphy/ptII/ptolemy/domains/continuous/test/auto/NewtonsCradleComplicated.xml (RunModel)" time="0.848" />
  <testcase classname="ptolemy.util.test.junit.AutoTests" name="[100] /home/travis/build/icyphy/ptII/ptolemy/domains/continuous/test/auto/NewtonsCradleNondeterministic.xml (RunModel)" time="0.611" />
  <testcase classname="ptolemy.util.test.junit.AutoTests" name="[101] /home/travis/build/icyphy/ptII/ptolemy/domains/continuous/test/auto/NewtonsCradlePerfectlyInelastic1.xml (RunModel)" time="1.09" />
  <testcase classname="ptolemy.util.test.junit.AutoTests" name="[102] /home/travis/build/icyphy/ptII/ptolemy/domains/continuous/test/auto/Noise.xml (RunModel)" time="0.152" />
  <testcase classname="ptolemy.util.test.junit.AutoTests" name="[103] /home/travis/build/icyphy/ptII/ptolemy/domains/continuous/test/auto/NoiseSpectrum.xml (RunModel)" time="0.65" />
  <testcase classname="ptolemy.util.test.junit.AutoTests" name="[104] /home/travis/build/icyphy/ptII/ptolemy/domains/continuous/test/auto/ParameterizedNewtonsCradleAnimated.xml (RunModel)" time="0.356" />
  <testcase classname="ptolemy.util.test.junit.AutoTests" name="[105] /home/travis/build/icyphy/ptII/ptolemy/domains/continuous/test/auto/ParameterizedNewtonsCradleAnimatedNondeterministic.xml (RunModel)" time="1.09" />
  <testcase classname="ptolemy.util.test.junit.AutoTests" name="[106] /home/travis/build/icyphy/ptII/ptolemy/domains/continuous/test/auto/Pendulum3D.xml (RunModel)" time="0.159" />
  <testcase classname="ptolemy.util.test.junit.AutoTests" name="[107] /home/travis/build/icyphy/ptII/ptolemy/domains/continuous/test/auto/PeriodicSampler.xml (RunModel)" time="0.01" />
  <testcase classname="ptolemy.util.test.junit.AutoTests" name="[108] /home/travis/build/icyphy/ptII/ptolemy/domains/continuous/test/auto/PeriodicSampler1.xml (RunModel)" time="0.043" />
  <testcase classname="ptolemy.util.test.junit.AutoTests" name="[109] /home/travis/build/icyphy/ptII/ptolemy/domains/continuous/test/auto/PeriodicSampler2.xml (RunModel)" time="0.076" />
  <testcase classname="ptolemy.util.test.junit.AutoTests" name="[110] /home/travis/build/icyphy/ptII/ptolemy/domains/continuous/test/auto/Poisson.xml (RunModel)" time="0.473" />
  <testcase classname="ptolemy.util.test.junit.AutoTests" name="[111] /home/travis/build/icyphy/ptII/ptolemy/domains/continuous/test/auto/PoissonClock.xml (RunModel)" time="0.013" />
  <testcase classname="ptolemy.util.test.junit.AutoTests" name="[112] /home/travis/build/icyphy/ptII/ptolemy/domains/continuous/test/auto/PoissonClock2.xml (RunModel)" time="0.012" />
  <testcase classname="ptolemy.util.test.junit.AutoTests" name="[113] /home/travis/build/icyphy/ptII/ptolemy/domains/continuous/test/auto/PortParameterHierarchy.xml (RunModel)" time="0.022" />
  <testcase classname="ptolemy.util.test.junit.AutoTests" name="[114] /home/travis/build/icyphy/ptII/ptolemy/domains/continuous/test/auto/RandomHybridPlant.xml (RunModel)" time="0.525" />
  <testcase classname="ptolemy.util.test.junit.AutoTests" name="[115] /home/travis/build/icyphy/ptII/ptolemy/domains/continuous/test/auto/ResetTransitionWithStartTime1.xml (RunModel)" time="0.026" />
  <testcase classname="ptolemy.util.test.junit.AutoTests" name="[116] /home/travis/build/icyphy/ptII/ptolemy/domains/continuous/test/auto/ResetTransitionWithStartTime2.xml (RunModel)" time="0.032" />
  <testcase classname="ptolemy.util.test.junit.AutoTests" name="[117] /home/travis/build/icyphy/ptII/ptolemy/domains/continuous/test/auto/ResetTransitionWithStartTime3.xml (RunModel)" time="0.035" />
  <testcase classname="ptolemy.util.test.junit.AutoTests" name="[118] /home/travis/build/icyphy/ptII/ptolemy/domains/continuous/test/auto/ResetTransitionWithStartTime4.xml (RunModel)" time="0.025" />
  <testcase classname="ptolemy.util.test.junit.AutoTests" name="[119] /home/travis/build/icyphy/ptII/ptolemy/domains/continuous/test/auto/ResetTransitionWithStartTime5.xml (RunModel)" time="0.03" />
  <testcase classname="ptolemy.util.test.junit.AutoTests" name="[120] /home/travis/build/icyphy/ptII/ptolemy/domains/continuous/test/auto/ResetTransitionWithStartTime6.xml (RunModel)" time="0.025" />
  <testcase classname="ptolemy.util.test.junit.AutoTests" name="[121] /home/travis/build/icyphy/ptII/ptolemy/domains/continuous/test/auto/SRinContinuous.xml (RunModel)" time="0.021" />
  <testcase classname="ptolemy.util.test.junit.AutoTests" name="[122] /home/travis/build/icyphy/ptII/ptolemy/domains/continuous/test/auto/SampledClocks.xml (RunModel)" time="0.029" />
  <testcase classname="ptolemy.util.test.junit.AutoTests" name="[123] /home/travis/build/icyphy/ptII/ptolemy/domains/continuous/test/auto/Satellite.xml (RunModel)" time="0.627" />
  <testcase classname="ptolemy.util.test.junit.AutoTests" name="[124] /home/travis/build/icyphy/ptII/ptolemy/domains/continuous/test/auto/SigmaDelta.xml (RunModel)" time="2.005" />
  <testcase classname="ptolemy.util.test.junit.AutoTests" name="[125] /home/travis/build/icyphy/ptII/ptolemy/domains/continuous/test/auto/SingleRefinement.xml (RunModel)" time="0.384" />
  <testcase classname="ptolemy.util.test.junit.AutoTests" name="[126] /home/travis/build/icyphy/ptII/ptolemy/domains/continuous/test/auto/SinuBouncingBall.xml (RunModel)" time="0.798" />
  <testcase classname="ptolemy.util.test.junit.AutoTests" name="[127] /home/travis/build/icyphy/ptII/ptolemy/domains/continuous/test/auto/Sinusoid.xml (RunModel)" time="0.013" />
  <testcase classname="ptolemy.util.test.junit.AutoTests" name="[128] /home/travis/build/icyphy/ptII/ptolemy/domains/continuous/test/auto/SinusoidInNoise.xml (RunModel)" time="0.831" />
  <testcase classname="ptolemy.util.test.junit.AutoTests" name="[129] /home/travis/build/icyphy/ptII/ptolemy/domains/continuous/test/auto/SinusoidRK45.xml (RunModel)" time="0.025" />
  <testcase classname="ptolemy.util.test.junit.AutoTests" name="[130] /home/travis/build/icyphy/ptII/ptolemy/domains/continuous/test/auto/SinusoidWithMultipleImpulses.xml (RunModel)" time="0.014" />
  <testcase classname="ptolemy.util.test.junit.AutoTests" name="[131] /home/travis/build/icyphy/ptII/ptolemy/domains/continuous/test/auto/SquareWave.xml (RunModel)" time="0.183" />
  <testcase classname="ptolemy.util.test.junit.AutoTests" name="[132] /home/travis/build/icyphy/ptII/ptolemy/domains/continuous/test/auto/Starmac.xml (RunModel)" time="3.362" />
  <testcase classname="ptolemy.util.test.junit.AutoTests" name="[133] /home/travis/build/icyphy/ptII/ptolemy/domains/continuous/test/auto/StaticUnits.xml (RunModel)" time="2.144" />
  <testcase classname="ptolemy.util.test.junit.AutoTests" name="[134] /home/travis/build/icyphy/ptII/ptolemy/domains/continuous/test/auto/StickyMasses.xml (RunModel)" time="0.18" />
  <testcase classname="ptolemy.util.test.junit.AutoTests" name="[135] /home/travis/build/icyphy/ptII/ptolemy/domains/continuous/test/auto/StopTime.xml (RunModel)" time="0.071" />
  <testcase classname="ptolemy.util.test.junit.AutoTests" name="[136] /home/travis/build/icyphy/ptII/ptolemy/domains/continuous/test/auto/StopTime2.xml (RunModel)" time="0.112" />
  <testcase classname="ptolemy.util.test.junit.AutoTests" name="[137] /home/travis/build/icyphy/ptII/ptolemy/domains/continuous/test/auto/Switch.xml (RunModel)" time="0.124" />
  <testcase classname="ptolemy.util.test.junit.AutoTests" name="[138] /home/travis/build/icyphy/ptII/ptolemy/domains/continuous/test/auto/Thermostat.xml (RunModel)" time="0.253" />
  <testcase classname="ptolemy.util.test.junit.AutoTests" name="[139] /home/travis/build/icyphy/ptII/ptolemy/domains/continuous/test/auto/TimeDelay.xml (RunModel)" time="0.015" />
  <testcase classname="ptolemy.util.test.junit.AutoTests" name="[140] /home/travis/build/icyphy/ptII/ptolemy/domains/continuous/test/auto/TimeDelay2.xml (RunModel)" time="0.023" />
  <testcase classname="ptolemy.util.test.junit.AutoTests" name="[141] /home/travis/build/icyphy/ptII/ptolemy/domains/continuous/test/auto/TimeDelay3.xml (RunModel)" time="0.008" />
  <testcase classname="ptolemy.util.test.junit.AutoTests" name="[142] /home/travis/build/icyphy/ptII/ptolemy/domains/continuous/test/auto/TransferAbsentToInside.xml (RunModel)" time="0.128" />
  <testcase classname="ptolemy.util.test.junit.AutoTests" name="[143] /home/travis/build/icyphy/ptII/ptolemy/domains/continuous/test/auto/Transmission.xml (RunModel)" time="0.807" />
  <testcase classname="ptolemy.util.test.junit.AutoTests" name="[144] /home/travis/build/icyphy/ptII/ptolemy/domains/continuous/test/auto/TriggeredContinuousClock.xml (RunModel)" time="0.065" />
  <testcase classname="ptolemy.util.test.junit.AutoTests" name="[145] /home/travis/build/icyphy/ptII/ptolemy/domains/continuous/test/auto/TwoMachineInfiniteBusControl.xml (RunModel)" time="2.745" />
  <testcase classname="ptolemy.util.test.junit.AutoTests" name="[146] /home/travis/build/icyphy/ptII/ptolemy/domains/continuous/test/auto/V2V.xml (RunModel)" time="0.834" />
  <testcase classname="ptolemy.util.test.junit.AutoTests" name="[147] /home/travis/build/icyphy/ptII/ptolemy/domains/continuous/test/auto/hierarchicalModalModel.xml (RunModel)" time="0.048" />
  <testcase classname="ptolemy.util.test.junit.AutoTests" name="[148] /home/travis/build/icyphy/ptII/ptolemy/domains/continuous/test/auto/hierarchicalModalModel1.xml (RunModel)" time="0.03" />
  <testcase classname="ptolemy.util.test.junit.AutoTests" name="[149] /home/travis/build/icyphy/ptII/ptolemy/domains/continuous/test/auto/hierarchicalModalModel2.xml (RunModel)" time="0.024" />
  <testcase classname="ptolemy.util.test.junit.AutoTests" name="[150] /home/travis/build/icyphy/ptII/ptolemy/domains/continuous/test/auto/hierarchicalModalModel3.xml (RunModel)" time="0.019" />
  <testcase classname="ptolemy.util.test.junit.AutoTests" name="[151] /home/travis/build/icyphy/ptII/ptolemy/domains/continuous/test/auto/hierarchicalModalModel4.xml (RunModel)" time="0.021" />
  <testcase classname="ptolemy.util.test.junit.AutoTests" name="[152] /home/travis/build/icyphy/ptII/ptolemy/domains/continuous/test/auto/junk.xml (RunModel)" time="0.152" />
  <system-out><![CDATA[No tcl tests in /home/travis/build/icyphy/ptII/ptolemy/domains/continuous/test
No auto/knownFailedTests/*.xml tests in /home/travis/build/icyphy/ptII/ptolemy/domains/continuous/test
No auto/linux-amd64/*.xml tests in /home/travis/build/icyphy/ptII/ptolemy/domains/continuous/test
AutoTests.java: About to close Vertx.
AutoTests.java: Vertx closed.

===========================================================================================
----------------- testing Fri Jan 17 06:41:54 UTC 2020 /home/travis/build/icyphy/ptII/ptolemy/domains/continuous/test/auto/BouncingBall.xml
----------------- Instantiating /home/travis/build/icyphy/ptII/ptolemy/domains/continuous/test/auto/BouncingBall.xml
2179 ms. Memory: 129024K Free: 97480K (76%)
----------------- Invoking toplevel() on ptolemy.moml.MoMLSimpleApplication@66da50ab
----------------- Done invoking toplevel() on ptolemy.moml.MoMLSimpleApplication@66da50ab
reloadAllAccessors: .BouncingBall

===========================================================================================
----------------- testing Fri Jan 17 06:41:57 UTC 2020 /home/travis/build/icyphy/ptII/ptolemy/domains/continuous/test/auto/BouncingBallWithoutGR.xml
----------------- Instantiating /home/travis/build/icyphy/ptII/ptolemy/domains/continuous/test/auto/BouncingBallWithoutGR.xml
784 ms. Memory: 155648K Free: 90269K (58%)
----------------- Invoking toplevel() on ptolemy.moml.MoMLSimpleApplication@49237d8c
----------------- Done invoking toplevel() on ptolemy.moml.MoMLSimpleApplication@49237d8c
reloadAllAccessors: .BouncingBallWithoutGR

===========================================================================================
----------------- testing Fri Jan 17 06:41:58 UTC 2020 /home/travis/build/icyphy/ptII/ptolemy/domains/continuous/test/auto/Brownian.xml
----------------- Instantiating /home/travis/build/icyphy/ptII/ptolemy/domains/continuous/test/auto/Brownian.xml
34 ms. Memory: 155648K Free: 81053K (52%)
----------------- Invoking toplevel() on ptolemy.moml.MoMLSimpleApplication@7a3e9c02
----------------- Done invoking toplevel() on ptolemy.moml.MoMLSimpleApplication@7a3e9c02
reloadAllAccessors: .Brownian

===========================================================================================
----------------- testing Fri Jan 17 06:41:58 UTC 2020 /home/travis/build/icyphy/ptII/ptolemy/domains/continuous/test/auto/CarTracking.xml
----------------- Instantiating /home/travis/build/icyphy/ptII/ptolemy/domains/continuous/test/auto/CarTracking.xml
3413 ms. Memory: 187392K Free: 70926K (38%)
----------------- Invoking toplevel() on ptolemy.moml.MoMLSimpleApplication@66d8072d
----------------- Done invoking toplevel() on ptolemy.moml.MoMLSimpleApplication@66d8072d
reloadAllAccessors: .CarTracking

===========================================================================================
----------------- testing Fri Jan 17 06:42:02 UTC 2020 /home/travis/build/icyphy/ptII/ptolemy/domains/continuous/test/auto/CartPendulum.xml
----------------- Instantiating /home/travis/build/icyphy/ptII/ptolemy/domains/continuous/test/auto/CartPendulum.xml
387 ms. Memory: 225280K Free: 130272K (58%)
----------------- Invoking toplevel() on ptolemy.moml.MoMLSimpleApplication@87bf074
----------------- Done invoking toplevel() on ptolemy.moml.MoMLSimpleApplication@87bf074
reloadAllAccessors: .CartPendulum

===========================================================================================
----------------- testing Fri Jan 17 06:42:02 UTC 2020 /home/travis/build/icyphy/ptII/ptolemy/domains/continuous/test/auto/CausalityInterface10.xml
----------------- Instantiating /home/travis/build/icyphy/ptII/ptolemy/domains/continuous/test/auto/CausalityInterface10.xml
12 ms. Memory: 225280K Free: 120032K (53%)
----------------- Invoking toplevel() on ptolemy.moml.MoMLSimpleApplication@466e6bf2
----------------- Done invoking toplevel() on ptolemy.moml.MoMLSimpleApplication@466e6bf2
reloadAllAccessors: .CausalityInterface10

===========================================================================================
----------------- testing Fri Jan 17 06:42:02 UTC 2020 /home/travis/build/icyphy/ptII/ptolemy/domains/continuous/test/auto/CausalityInterface11.xml
----------------- Instantiating /home/travis/build/icyphy/ptII/ptolemy/domains/continuous/test/auto/CausalityInterface11.xml
9 ms. Memory: 225280K Free: 113888K (51%)
----------------- Invoking toplevel() on ptolemy.moml.MoMLSimpleApplication@1298e66c
----------------- Done invoking toplevel() on ptolemy.moml.MoMLSimpleApplication@1298e66c
reloadAllAccessors: .CausalityInterface11

===========================================================================================
----------------- testing Fri Jan 17 06:42:02 UTC 2020 /home/travis/build/icyphy/ptII/ptolemy/domains/continuous/test/auto/CausalityInterface12.xml
----------------- Instantiating /home/travis/build/icyphy/ptII/ptolemy/domains/continuous/test/auto/CausalityInterface12.xml
4 ms. Memory: 225280K Free: 107744K (48%)
----------------- Invoking toplevel() on ptolemy.moml.MoMLSimpleApplication@7bc74bd5
----------------- Done invoking toplevel() on ptolemy.moml.MoMLSimpleApplication@7bc74bd5
reloadAllAccessors: .CausalityInterface12

===========================================================================================
----------------- testing Fri Jan 17 06:42:02 UTC 2020 /home/travis/build/icyphy/ptII/ptolemy/domains/continuous/test/auto/CausalityInterface13.xml
----------------- Instantiating /home/travis/build/icyphy/ptII/ptolemy/domains/continuous/test/auto/CausalityInterface13.xml
7 ms. Memory: 225280K Free: 101600K (45%)
----------------- Invoking toplevel() on ptolemy.moml.MoMLSimpleApplication@27387b00
----------------- Done invoking toplevel() on ptolemy.moml.MoMLSimpleApplication@27387b00
reloadAllAccessors: .CausalityInterface13

===========================================================================================
----------------- testing Fri Jan 17 06:42:02 UTC 2020 /home/travis/build/icyphy/ptII/ptolemy/domains/continuous/test/auto/CausalityInterface14.xml
----------------- Instantiating /home/travis/build/icyphy/ptII/ptolemy/domains/continuous/test/auto/CausalityInterface14.xml
4 ms. Memory: 225280K Free: 95935K (43%)
----------------- Invoking toplevel() on ptolemy.moml.MoMLSimpleApplication@4eb4f804
----------------- Done invoking toplevel() on ptolemy.moml.MoMLSimpleApplication@4eb4f804
reloadAllAccessors: .CausalityInterface14

===========================================================================================
----------------- testing Fri Jan 17 06:42:02 UTC 2020 /home/travis/build/icyphy/ptII/ptolemy/domains/continuous/test/auto/CausalityInterface4.xml
----------------- Instantiating /home/travis/build/icyphy/ptII/ptolemy/domains/continuous/test/auto/CausalityInterface4.xml
6 ms. Memory: 225280K Free: 89312K (40%)
----------------- Invoking toplevel() on ptolemy.moml.MoMLSimpleApplication@4cf97c91
----------------- Done invoking toplevel() on ptolemy.moml.MoMLSimpleApplication@4cf97c91
reloadAllAccessors: .CausalityInterface4

===========================================================================================
----------------- testing Fri Jan 17 06:42:02 UTC 2020 /home/travis/build/icyphy/ptII/ptolemy/domains/continuous/test/auto/CausalityInterface5.xml
----------------- Instantiating /home/travis/build/icyphy/ptII/ptolemy/domains/continuous/test/auto/CausalityInterface5.xml
6 ms. Memory: 225280K Free: 81120K (36%)
----------------- Invoking toplevel() on ptolemy.moml.MoMLSimpleApplication@592271
----------------- Done invoking toplevel() on ptolemy.moml.MoMLSimpleApplication@592271
reloadAllAccessors: .CausalityInterface5

===========================================================================================
----------------- testing Fri Jan 17 06:42:02 UTC 2020 /home/travis/build/icyphy/ptII/ptolemy/domains/continuous/test/auto/CausalityInterface6.xml
----------------- Instantiating /home/travis/build/icyphy/ptII/ptolemy/domains/continuous/test/auto/CausalityInterface6.xml
5 ms. Memory: 225280K Free: 76000K (34%)
----------------- Invoking toplevel() on ptolemy.moml.MoMLSimpleApplication@48b0bb82
----------------- Done invoking toplevel() on ptolemy.moml.MoMLSimpleApplication@48b0bb82
reloadAllAccessors: .CausalityInterface6

===========================================================================================
----------------- testing Fri Jan 17 06:42:02 UTC 2020 /home/travis/build/icyphy/ptII/ptolemy/domains/continuous/test/auto/CausalityInterface7.xml
----------------- Instantiating /home/travis/build/icyphy/ptII/ptolemy/domains/continuous/test/auto/CausalityInterface7.xml
10 ms. Memory: 225280K Free: 201934K (90%)
----------------- Invoking toplevel() on ptolemy.moml.MoMLSimpleApplication@5b98a77b
----------------- Done invoking toplevel() on ptolemy.moml.MoMLSimpleApplication@5b98a77b
reloadAllAccessors: .CausalityInterface7

===========================================================================================
----------------- testing Fri Jan 17 06:42:02 UTC 2020 /home/travis/build/icyphy/ptII/ptolemy/domains/continuous/test/auto/CausalityInterface8.xml
----------------- Instantiating /home/travis/build/icyphy/ptII/ptolemy/domains/continuous/test/auto/CausalityInterface8.xml
6 ms. Memory: 225280K Free: 193232K (86%)
----------------- Invoking toplevel() on ptolemy.moml.MoMLSimpleApplication@5ddab512
----------------- Done invoking toplevel() on ptolemy.moml.MoMLSimpleApplication@5ddab512
reloadAllAccessors: .CausalityInterface8

===========================================================================================
----------------- testing Fri Jan 17 06:42:02 UTC 2020 /home/travis/build/icyphy/ptII/ptolemy/domains/continuous/test/auto/CausalityInterface9.xml
----------------- Instantiating /home/travis/build/icyphy/ptII/ptolemy/domains/continuous/test/auto/CausalityInterface9.xml
10 ms. Memory: 225280K Free: 182478K (81%)
----------------- Invoking toplevel() on ptolemy.moml.MoMLSimpleApplication@4d223fff
----------------- Done invoking toplevel() on ptolemy.moml.MoMLSimpleApplication@4d223fff
reloadAllAccessors: .CausalityInterface9

===========================================================================================
----------------- testing Fri Jan 17 06:42:02 UTC 2020 /home/travis/build/icyphy/ptII/ptolemy/domains/continuous/test/auto/CausalityInterfaceFeedback1.xml
----------------- Instantiating /home/travis/build/icyphy/ptII/ptolemy/domains/continuous/test/auto/CausalityInterfaceFeedback1.xml
4 ms. Memory: 225280K Free: 175824K (78%)
----------------- Invoking toplevel() on ptolemy.moml.MoMLSimpleApplication@442312e6
----------------- Done invoking toplevel() on ptolemy.moml.MoMLSimpleApplication@442312e6
reloadAllAccessors: .CausalityInterfaceFeedback1

===========================================================================================
----------------- testing Fri Jan 17 06:42:03 UTC 2020 /home/travis/build/icyphy/ptII/ptolemy/domains/continuous/test/auto/CausalityInterfaceFeedback2.xml
----------------- Instantiating /home/travis/build/icyphy/ptII/ptolemy/domains/continuous/test/auto/CausalityInterfaceFeedback2.xml
5 ms. Memory: 225280K Free: 169166K (75%)
----------------- Invoking toplevel() on ptolemy.moml.MoMLSimpleApplication@3164abe2
----------------- Done invoking toplevel() on ptolemy.moml.MoMLSimpleApplication@3164abe2
reloadAllAccessors: .CausalityInterfaceFeedback2

===========================================================================================
----------------- testing Fri Jan 17 06:42:03 UTC 2020 /home/travis/build/icyphy/ptII/ptolemy/domains/continuous/test/auto/CompareWithCurrentTime.xml
----------------- Instantiating /home/travis/build/icyphy/ptII/ptolemy/domains/continuous/test/auto/CompareWithCurrentTime.xml
4 ms. Memory: 225280K Free: 165070K (73%)
----------------- Invoking toplevel() on ptolemy.moml.MoMLSimpleApplication@261cbc31
----------------- Done invoking toplevel() on ptolemy.moml.MoMLSimpleApplication@261cbc31
reloadAllAccessors: .CompareWithCurrentTime

===========================================================================================
----------------- testing Fri Jan 17 06:42:03 UTC 2020 /home/travis/build/icyphy/ptII/ptolemy/domains/continuous/test/auto/ComparedClocks.xml
----------------- Instantiating /home/travis/build/icyphy/ptII/ptolemy/domains/continuous/test/auto/ComparedClocks.xml
7 ms. Memory: 225280K Free: 150224K (67%)
----------------- Invoking toplevel() on ptolemy.moml.MoMLSimpleApplication@27cf7fe
----------------- Done invoking toplevel() on ptolemy.moml.MoMLSimpleApplication@27cf7fe
reloadAllAccessors: .ComparedClocks

===========================================================================================
----------------- testing Fri Jan 17 06:42:03 UTC 2020 /home/travis/build/icyphy/ptII/ptolemy/domains/continuous/test/auto/ContinuousAOCClone.xml
----------------- Instantiating /home/travis/build/icyphy/ptII/ptolemy/domains/continuous/test/auto/ContinuousAOCClone.xml
2509 ms. Memory: 225280K Free: 151724K (67%)
----------------- Invoking toplevel() on ptolemy.moml.MoMLSimpleApplication@fab350f
----------------- Done invoking toplevel() on ptolemy.moml.MoMLSimpleApplication@fab350f
reloadAllAccessors: .ContinuousAOCClone

===========================================================================================
----------------- testing Fri Jan 17 06:42:05 UTC 2020 /home/travis/build/icyphy/ptII/ptolemy/domains/continuous/test/auto/ContinuousClock.xml
----------------- Instantiating /home/travis/build/icyphy/ptII/ptolemy/domains/continuous/test/auto/ContinuousClock.xml
28 ms. Memory: 225280K Free: 129725K (58%)
----------------- Invoking toplevel() on ptolemy.moml.MoMLSimpleApplication@3de3388e
----------------- Done invoking toplevel() on ptolemy.moml.MoMLSimpleApplication@3de3388e
reloadAllAccessors: .ContinuousClock

===========================================================================================
----------------- testing Fri Jan 17 06:42:05 UTC 2020 /home/travis/build/icyphy/ptII/ptolemy/domains/continuous/test/auto/ContinuousInContinuous.xml
----------------- Instantiating /home/travis/build/icyphy/ptII/ptolemy/domains/continuous/test/auto/ContinuousInContinuous.xml
40 ms. Memory: 225280K Free: 106683K (47%)
----------------- Invoking toplevel() on ptolemy.moml.MoMLSimpleApplication@3af4c1ca
----------------- Done invoking toplevel() on ptolemy.moml.MoMLSimpleApplication@3af4c1ca
reloadAllAccessors: .ContinuousInContinuous

===========================================================================================
----------------- testing Fri Jan 17 06:42:06 UTC 2020 /home/travis/build/icyphy/ptII/ptolemy/domains/continuous/test/auto/ContinuousInContinuousInContinuous.xml
----------------- Instantiating /home/travis/build/icyphy/ptII/ptolemy/domains/continuous/test/auto/ContinuousInContinuousInContinuous.xml
7 ms. Memory: 225280K Free: 98491K (44%)
----------------- Invoking toplevel() on ptolemy.moml.MoMLSimpleApplication@4902c39c
----------------- Done invoking toplevel() on ptolemy.moml.MoMLSimpleApplication@4902c39c
reloadAllAccessors: .ContinuousInContinuousInContinuous

===========================================================================================
----------------- testing Fri Jan 17 06:42:06 UTC 2020 /home/travis/build/icyphy/ptII/ptolemy/domains/continuous/test/auto/ContinuousInDE.xml
----------------- Instantiating /home/travis/build/icyphy/ptII/ptolemy/domains/continuous/test/auto/ContinuousInDE.xml
90 ms. Memory: 225280K Free: 88251K (39%)
----------------- Invoking toplevel() on ptolemy.moml.MoMLSimpleApplication@2bd62a48
----------------- Done invoking toplevel() on ptolemy.moml.MoMLSimpleApplication@2bd62a48
reloadAllAccessors: .ContinuousInDE

===========================================================================================
----------------- testing Fri Jan 17 06:42:06 UTC 2020 /home/travis/build/icyphy/ptII/ptolemy/domains/continuous/test/auto/ContinuousInDE2.xml
----------------- Instantiating /home/travis/build/icyphy/ptII/ptolemy/domains/continuous/test/auto/ContinuousInDE2.xml
31 ms. Memory: 225280K Free: 78011K (35%)
----------------- Invoking toplevel() on ptolemy.moml.MoMLSimpleApplication@56010daf
----------------- Done invoking toplevel() on ptolemy.moml.MoMLSimpleApplication@56010daf
reloadAllAccessors: .ContinuousInDE2

===========================================================================================
----------------- testing Fri Jan 17 06:42:06 UTC 2020 /home/travis/build/icyphy/ptII/ptolemy/domains/continuous/test/auto/ContinuousInDE3.xml
----------------- Instantiating /home/travis/build/icyphy/ptII/ptolemy/domains/continuous/test/auto/ContinuousInDE3.xml
32 ms. Memory: 270336K Free: 247386K (92%)
----------------- Invoking toplevel() on ptolemy.moml.MoMLSimpleApplication@15c56d73
----------------- Done invoking toplevel() on ptolemy.moml.MoMLSimpleApplication@15c56d73
reloadAllAccessors: .ContinuousInDE3

===========================================================================================
----------------- testing Fri Jan 17 06:42:06 UTC 2020 /home/travis/build/icyphy/ptII/ptolemy/domains/continuous/test/auto/ContinuousInDE4.xml
----------------- Instantiating /home/travis/build/icyphy/ptII/ptolemy/domains/continuous/test/auto/ContinuousInDE4.xml
18 ms. Memory: 270336K Free: 240732K (89%)
----------------- Invoking toplevel() on ptolemy.moml.MoMLSimpleApplication@5b432b8f
----------------- Done invoking toplevel() on ptolemy.moml.MoMLSimpleApplication@5b432b8f
reloadAllAccessors: .ContinuousInDE4

===========================================================================================
----------------- testing Fri Jan 17 06:42:06 UTC 2020 /home/travis/build/icyphy/ptII/ptolemy/domains/continuous/test/auto/ContinuousInDEDifferentRefinements.xml
----------------- Instantiating /home/travis/build/icyphy/ptII/ptolemy/domains/continuous/test/auto/ContinuousInDEDifferentRefinements.xml
57 ms. Memory: 270336K Free: 210012K (78%)
----------------- Invoking toplevel() on ptolemy.moml.MoMLSimpleApplication@6fcf64c7
----------------- Done invoking toplevel() on ptolemy.moml.MoMLSimpleApplication@6fcf64c7
reloadAllAccessors: .ContinuousInDEDifferentRefinements

===========================================================================================
----------------- testing Fri Jan 17 06:42:06 UTC 2020 /home/travis/build/icyphy/ptII/ptolemy/domains/continuous/test/auto/ContinuousInDEDifferentRefinementsPreemptive.xml
----------------- Instantiating /home/travis/build/icyphy/ptII/ptolemy/domains/continuous/test/auto/ContinuousInDEDifferentRefinementsPreemptive.xml
46 ms. Memory: 270336K Free: 179292K (66%)
----------------- Invoking toplevel() on ptolemy.moml.MoMLSimpleApplication@217892b5
----------------- Done invoking toplevel() on ptolemy.moml.MoMLSimpleApplication@217892b5
reloadAllAccessors: .ContinuousInDEDifferentRefinementsPreemptive

===========================================================================================
----------------- testing Fri Jan 17 06:42:06 UTC 2020 /home/travis/build/icyphy/ptII/ptolemy/domains/continuous/test/auto/ContinuousInDEInContinuous2.xml
----------------- Instantiating /home/travis/build/icyphy/ptII/ptolemy/domains/continuous/test/auto/ContinuousInDEInContinuous2.xml
34 ms. Memory: 270336K Free: 168028K (62%)
----------------- Invoking toplevel() on ptolemy.moml.MoMLSimpleApplication@7f447dc2
----------------- Done invoking toplevel() on ptolemy.moml.MoMLSimpleApplication@7f447dc2
reloadAllAccessors: .ContinuousInDEInContinuous2

===========================================================================================
----------------- testing Fri Jan 17 06:42:06 UTC 2020 /home/travis/build/icyphy/ptII/ptolemy/domains/continuous/test/auto/ContinuousInDEInContinuous3.xml
----------------- Instantiating /home/travis/build/icyphy/ptII/ptolemy/domains/continuous/test/auto/ContinuousInDEInContinuous3.xml
34 ms. Memory: 270336K Free: 156250K (58%)
----------------- Invoking toplevel() on ptolemy.moml.MoMLSimpleApplication@59db72d5
----------------- Done invoking toplevel() on ptolemy.moml.MoMLSimpleApplication@59db72d5
reloadAllAccessors: .ContinuousInDEInContinuous3

===========================================================================================
----------------- testing Fri Jan 17 06:42:06 UTC 2020 /home/travis/build/icyphy/ptII/ptolemy/domains/continuous/test/auto/ContinuousInDEInput.xml
----------------- Instantiating /home/travis/build/icyphy/ptII/ptolemy/domains/continuous/test/auto/ContinuousInDEInput.xml
17 ms. Memory: 270336K Free: 149082K (55%)
----------------- Invoking toplevel() on ptolemy.moml.MoMLSimpleApplication@3ace4e17
----------------- Done invoking toplevel() on ptolemy.moml.MoMLSimpleApplication@3ace4e17
reloadAllAccessors: .ContinuousInDEInput

===========================================================================================
----------------- testing Fri Jan 17 06:42:06 UTC 2020 /home/travis/build/icyphy/ptII/ptolemy/domains/continuous/test/auto/ContinuousInDEInput2.xml
----------------- Instantiating /home/travis/build/icyphy/ptII/ptolemy/domains/continuous/test/auto/ContinuousInDEInput2.xml
11 ms. Memory: 270336K Free: 141914K (52%)
----------------- Invoking toplevel() on ptolemy.moml.MoMLSimpleApplication@a821006
----------------- Done invoking toplevel() on ptolemy.moml.MoMLSimpleApplication@a821006
reloadAllAccessors: .ContinuousInDEInput2

===========================================================================================
----------------- testing Fri Jan 17 06:42:06 UTC 2020 /home/travis/build/icyphy/ptII/ptolemy/domains/continuous/test/auto/ContinuousInDEInput3.xml
----------------- Instantiating /home/travis/build/icyphy/ptII/ptolemy/domains/continuous/test/auto/ContinuousInDEInput3.xml
12 ms. Memory: 270336K Free: 134746K (50%)
----------------- Invoking toplevel() on ptolemy.moml.MoMLSimpleApplication@44d8ac2
----------------- Done invoking toplevel() on ptolemy.moml.MoMLSimpleApplication@44d8ac2
reloadAllAccessors: .ContinuousInDEInput3

===========================================================================================
----------------- testing Fri Jan 17 06:42:06 UTC 2020 /home/travis/build/icyphy/ptII/ptolemy/domains/continuous/test/auto/ContinuousInDESharingRefinement.xml
----------------- Instantiating /home/travis/build/icyphy/ptII/ptolemy/domains/continuous/test/auto/ContinuousInDESharingRefinement.xml
136 ms. Memory: 270336K Free: 201101K (74%)
----------------- Invoking toplevel() on ptolemy.moml.MoMLSimpleApplication@3d9268a1
----------------- Done invoking toplevel() on ptolemy.moml.MoMLSimpleApplication@3d9268a1
reloadAllAccessors: .ContinuousInDESharingRefinement

===========================================================================================
----------------- testing Fri Jan 17 06:42:06 UTC 2020 /home/travis/build/icyphy/ptII/ptolemy/domains/continuous/test/auto/ContinuousInDEwithNoPorts.xml
----------------- Instantiating /home/travis/build/icyphy/ptII/ptolemy/domains/continuous/test/auto/ContinuousInDEwithNoPorts.xml
4 ms. Memory: 270336K Free: 196485K (73%)
----------------- Invoking toplevel() on ptolemy.moml.MoMLSimpleApplication@65e70c46
----------------- Done invoking toplevel() on ptolemy.moml.MoMLSimpleApplication@65e70c46
reloadAllAccessors: .ContinuousInDEwithNoPorts

===========================================================================================
----------------- testing Fri Jan 17 06:42:06 UTC 2020 /home/travis/build/icyphy/ptII/ptolemy/domains/continuous/test/auto/ContinuousInsideDE.xml
----------------- Instantiating /home/travis/build/icyphy/ptII/ptolemy/domains/continuous/test/auto/ContinuousInsideDE.xml
32 ms. Memory: 270336K Free: 185227K (69%)
----------------- Invoking toplevel() on ptolemy.moml.MoMLSimpleApplication@740de35d
----------------- Done invoking toplevel() on ptolemy.moml.MoMLSimpleApplication@740de35d
reloadAllAccessors: .ContinuousInsideDE

===========================================================================================
----------------- testing Fri Jan 17 06:42:06 UTC 2020 /home/travis/build/icyphy/ptII/ptolemy/domains/continuous/test/auto/ContinuousMerge1.xml
----------------- Instantiating /home/travis/build/icyphy/ptII/ptolemy/domains/continuous/test/auto/ContinuousMerge1.xml
3 ms. Memory: 270336K Free: 180621K (67%)
----------------- Invoking toplevel() on ptolemy.moml.MoMLSimpleApplication@e87dbf
----------------- Done invoking toplevel() on ptolemy.moml.MoMLSimpleApplication@e87dbf
reloadAllAccessors: .ContinuousMerge1

===========================================================================================
----------------- testing Fri Jan 17 06:42:06 UTC 2020 /home/travis/build/icyphy/ptII/ptolemy/domains/continuous/test/auto/ContinuousMerge2.xml
----------------- Instantiating /home/travis/build/icyphy/ptII/ptolemy/domains/continuous/test/auto/ContinuousMerge2.xml
12 ms. Memory: 270336K Free: 169867K (63%)
----------------- Invoking toplevel() on ptolemy.moml.MoMLSimpleApplication@fa22e7b
----------------- Done invoking toplevel() on ptolemy.moml.MoMLSimpleApplication@fa22e7b
reloadAllAccessors: .ContinuousMerge2

===========================================================================================
----------------- testing Fri Jan 17 06:42:07 UTC 2020 /home/travis/build/icyphy/ptII/ptolemy/domains/continuous/test/auto/ContinuousMerge3.xml
----------------- Instantiating /home/travis/build/icyphy/ptII/ptolemy/domains/continuous/test/auto/ContinuousMerge3.xml
46 ms. Memory: 270336K Free: 159117K (59%)
----------------- Invoking toplevel() on ptolemy.moml.MoMLSimpleApplication@1a2ae83b
----------------- Done invoking toplevel() on ptolemy.moml.MoMLSimpleApplication@1a2ae83b
reloadAllAccessors: .ContinuousMerge3

===========================================================================================
----------------- testing Fri Jan 17 06:42:07 UTC 2020 /home/travis/build/icyphy/ptII/ptolemy/domains/continuous/test/auto/ContinuousWithinContinuous.xml
----------------- Instantiating /home/travis/build/icyphy/ptII/ptolemy/domains/continuous/test/auto/ContinuousWithinContinuous.xml
31 ms. Memory: 270336K Free: 150411K (56%)
----------------- Invoking toplevel() on ptolemy.moml.MoMLSimpleApplication@4e4e825a
----------------- Done invoking toplevel() on ptolemy.moml.MoMLSimpleApplication@4e4e825a
reloadAllAccessors: .ContinuousWithinContinuous

===========================================================================================
----------------- testing Fri Jan 17 06:42:07 UTC 2020 /home/travis/build/icyphy/ptII/ptolemy/domains/continuous/test/auto/ContinuousWithinContinuous2.xml
----------------- Instantiating /home/travis/build/icyphy/ptII/ptolemy/domains/continuous/test/auto/ContinuousWithinContinuous2.xml
61 ms. Memory: 270336K Free: 139661K (52%)
----------------- Invoking toplevel() on ptolemy.moml.MoMLSimpleApplication@10801b0f
----------------- Done invoking toplevel() on ptolemy.moml.MoMLSimpleApplication@10801b0f
reloadAllAccessors: .ContinuousWithinContinuous2

===========================================================================================
----------------- testing Fri Jan 17 06:42:07 UTC 2020 /home/travis/build/icyphy/ptII/ptolemy/domains/continuous/test/auto/ContinuousWithinContinuous3.xml
----------------- Instantiating /home/travis/build/icyphy/ptII/ptolemy/domains/continuous/test/auto/ContinuousWithinContinuous3.xml
11 ms. Memory: 270336K Free: 132493K (49%)
----------------- Invoking toplevel() on ptolemy.moml.MoMLSimpleApplication@322ffd36
----------------- Done invoking toplevel() on ptolemy.moml.MoMLSimpleApplication@322ffd36
reloadAllAccessors: .ContinuousWithinContinuous3

===========================================================================================
----------------- testing Fri Jan 17 06:42:07 UTC 2020 /home/travis/build/icyphy/ptII/ptolemy/domains/continuous/test/auto/ContinuousWithinContinuous4.xml
----------------- Instantiating /home/travis/build/icyphy/ptII/ptolemy/domains/continuous/test/auto/ContinuousWithinContinuous4.xml
63 ms. Memory: 270336K Free: 120715K (45%)
----------------- Invoking toplevel() on ptolemy.moml.MoMLSimpleApplication@5b4472c1
----------------- Done invoking toplevel() on ptolemy.moml.MoMLSimpleApplication@5b4472c1
reloadAllAccessors: .ContinuousWithinContinuous4

===========================================================================================
----------------- testing Fri Jan 17 06:42:07 UTC 2020 /home/travis/build/icyphy/ptII/ptolemy/domains/continuous/test/auto/ContinuousWithinContinuous5.xml
----------------- Instantiating /home/travis/build/icyphy/ptII/ptolemy/domains/continuous/test/auto/ContinuousWithinContinuous5.xml
11 ms. Memory: 270336K Free: 113547K (42%)
----------------- Invoking toplevel() on ptolemy.moml.MoMLSimpleApplication@289e527
----------------- Done invoking toplevel() on ptolemy.moml.MoMLSimpleApplication@289e527
reloadAllAccessors: .ContinuousWithinContinuous5

===========================================================================================
----------------- testing Fri Jan 17 06:42:07 UTC 2020 /home/travis/build/icyphy/ptII/ptolemy/domains/continuous/test/auto/ContinuousWithinContinuous6.xml
----------------- Instantiating /home/travis/build/icyphy/ptII/ptolemy/domains/continuous/test/auto/ContinuousWithinContinuous6.xml
12 ms. Memory: 270336K Free: 106379K (39%)
----------------- Invoking toplevel() on ptolemy.moml.MoMLSimpleApplication@19a871e9
----------------- Done invoking toplevel() on ptolemy.moml.MoMLSimpleApplication@19a871e9
reloadAllAccessors: .ContinuousWithinContinuous6

===========================================================================================
----------------- testing Fri Jan 17 06:42:07 UTC 2020 /home/travis/build/icyphy/ptII/ptolemy/domains/continuous/test/auto/ContinuousWithinContinuous7.xml
----------------- Instantiating /home/travis/build/icyphy/ptII/ptolemy/domains/continuous/test/auto/ContinuousWithinContinuous7.xml
54 ms. Memory: 270336K Free: 95629K (35%)
----------------- Invoking toplevel() on ptolemy.moml.MoMLSimpleApplication@20684bca
----------------- Done invoking toplevel() on ptolemy.moml.MoMLSimpleApplication@20684bca
reloadAllAccessors: .ContinuousWithinContinuous7

===========================================================================================
----------------- testing Fri Jan 17 06:42:07 UTC 2020 /home/travis/build/icyphy/ptII/ptolemy/domains/continuous/test/auto/DCMotor.xml
----------------- Instantiating /home/travis/build/icyphy/ptII/ptolemy/domains/continuous/test/auto/DCMotor.xml
12661 ms. Memory: 270336K Free: 246064K (91%)
----------------- Invoking toplevel() on ptolemy.moml.MoMLSimpleApplication@48cae98a
----------------- Done invoking toplevel() on ptolemy.moml.MoMLSimpleApplication@48cae98a
reloadAllAccessors: .DCMotor

===========================================================================================
----------------- testing Fri Jan 17 06:42:20 UTC 2020 /home/travis/build/icyphy/ptII/ptolemy/domains/continuous/test/auto/DEInContinuous.xml
----------------- Instantiating /home/travis/build/icyphy/ptII/ptolemy/domains/continuous/test/auto/DEInContinuous.xml
17 ms. Memory: 270336K Free: 239950K (89%)
----------------- Invoking toplevel() on ptolemy.moml.MoMLSimpleApplication@7e4d1ee7
----------------- Done invoking toplevel() on ptolemy.moml.MoMLSimpleApplication@7e4d1ee7
reloadAllAccessors: .DEInContinuous

===========================================================================================
----------------- testing Fri Jan 17 06:42:20 UTC 2020 /home/travis/build/icyphy/ptII/ptolemy/domains/continuous/test/auto/DEinContinuous2.xml
----------------- Instantiating /home/travis/build/icyphy/ptII/ptolemy/domains/continuous/test/auto/DEinContinuous2.xml
10 ms. Memory: 270336K Free: 232272K (86%)
----------------- Invoking toplevel() on ptolemy.moml.MoMLSimpleApplication@6703ac14
----------------- Done invoking toplevel() on ptolemy.moml.MoMLSimpleApplication@6703ac14
reloadAllAccessors: .DEinContinuous2

===========================================================================================
----------------- testing Fri Jan 17 06:42:20 UTC 2020 /home/travis/build/icyphy/ptII/ptolemy/domains/continuous/test/auto/Derivative.xml
----------------- Instantiating /home/travis/build/icyphy/ptII/ptolemy/domains/continuous/test/auto/Derivative.xml
144 ms. Memory: 270336K Free: 203600K (75%)
----------------- Invoking toplevel() on ptolemy.moml.MoMLSimpleApplication@6b0530b9
----------------- Done invoking toplevel() on ptolemy.moml.MoMLSimpleApplication@6b0530b9
reloadAllAccessors: .Derivative2

===========================================================================================
----------------- testing Fri Jan 17 06:42:20 UTC 2020 /home/travis/build/icyphy/ptII/ptolemy/domains/continuous/test/auto/Derivative1.xml
----------------- Instantiating /home/travis/build/icyphy/ptII/ptolemy/domains/continuous/test/auto/Derivative1.xml
31 ms. Memory: 270336K Free: 189264K (70%)
----------------- Invoking toplevel() on ptolemy.moml.MoMLSimpleApplication@7c4ef8dc
----------------- Done invoking toplevel() on ptolemy.moml.MoMLSimpleApplication@7c4ef8dc
reloadAllAccessors: .Derivative1

===========================================================================================
----------------- testing Fri Jan 17 06:42:20 UTC 2020 /home/travis/build/icyphy/ptII/ptolemy/domains/continuous/test/auto/DiscreteClock.xml
----------------- Instantiating /home/travis/build/icyphy/ptII/ptolemy/domains/continuous/test/auto/DiscreteClock.xml
6 ms. Memory: 270336K Free: 184144K (68%)
----------------- Invoking toplevel() on ptolemy.moml.MoMLSimpleApplication@aaeff7
----------------- Done invoking toplevel() on ptolemy.moml.MoMLSimpleApplication@aaeff7
reloadAllAccessors: .DiscreteClock

===========================================================================================
----------------- testing Fri Jan 17 06:42:20 UTC 2020 /home/travis/build/icyphy/ptII/ptolemy/domains/continuous/test/auto/EfficiencyCurve.xml
----------------- Instantiating /home/travis/build/icyphy/ptII/ptolemy/domains/continuous/test/auto/EfficiencyCurve.xml
51 ms. Memory: 270336K Free: 175438K (65%)
----------------- Invoking toplevel() on ptolemy.moml.MoMLSimpleApplication@4d74f623
----------------- Done invoking toplevel() on ptolemy.moml.MoMLSimpleApplication@4d74f623
reloadAllAccessors: .EfficiencyCurve

===========================================================================================
----------------- testing Fri Jan 17 06:42:20 UTC 2020 /home/travis/build/icyphy/ptII/ptolemy/domains/continuous/test/auto/ExponentialResponse.xml
----------------- Instantiating /home/travis/build/icyphy/ptII/ptolemy/domains/continuous/test/auto/ExponentialResponse.xml
95 ms. Memory: 270336K Free: 160078K (59%)
----------------- Invoking toplevel() on ptolemy.moml.MoMLSimpleApplication@174024e8
----------------- Done invoking toplevel() on ptolemy.moml.MoMLSimpleApplication@174024e8
reloadAllAccessors: .ExponentialResponse

===========================================================================================
----------------- testing Fri Jan 17 06:42:20 UTC 2020 /home/travis/build/icyphy/ptII/ptolemy/domains/continuous/test/auto/ExponentialResponseRK45.xml
----------------- Instantiating /home/travis/build/icyphy/ptII/ptolemy/domains/continuous/test/auto/ExponentialResponseRK45.xml
22 ms. Memory: 270336K Free: 153424K (57%)
----------------- Invoking toplevel() on ptolemy.moml.MoMLSimpleApplication@77ea1d5a
----------------- Done invoking toplevel() on ptolemy.moml.MoMLSimpleApplication@77ea1d5a
reloadAllAccessors: .ExponentialResponseRK45

===========================================================================================
----------------- testing Fri Jan 17 06:42:20 UTC 2020 /home/travis/build/icyphy/ptII/ptolemy/domains/continuous/test/auto/Friction.xml
----------------- Instantiating /home/travis/build/icyphy/ptII/ptolemy/domains/continuous/test/auto/Friction.xml
1403 ms. Memory: 270336K Free: 212758K (79%)
----------------- Invoking toplevel() on ptolemy.moml.MoMLSimpleApplication@29192ba3
----------------- Done invoking toplevel() on ptolemy.moml.MoMLSimpleApplication@29192ba3
reloadAllAccessors: .Friction

===========================================================================================
----------------- testing Fri Jan 17 06:42:22 UTC 2020 /home/travis/build/icyphy/ptII/ptolemy/domains/continuous/test/auto/FurutaPendulum.xml
----------------- Instantiating /home/travis/build/icyphy/ptII/ptolemy/domains/continuous/test/auto/FurutaPendulum.xml
2776 ms. Memory: 270336K Free: 211675K (78%)
----------------- Invoking toplevel() on ptolemy.moml.MoMLSimpleApplication@97679b2
----------------- Done invoking toplevel() on ptolemy.moml.MoMLSimpleApplication@97679b2
reloadAllAccessors: .FurutaPendulum

===========================================================================================
----------------- testing Fri Jan 17 06:42:25 UTC 2020 /home/travis/build/icyphy/ptII/ptolemy/domains/continuous/test/auto/HierarchicalExecution.xml
----------------- Instantiating /home/travis/build/icyphy/ptII/ptolemy/domains/continuous/test/auto/HierarchicalExecution.xml
1451 ms. Memory: 270336K Free: 95102K (35%)
----------------- Invoking toplevel() on ptolemy.moml.MoMLSimpleApplication@5546a814
----------------- Done invoking toplevel() on ptolemy.moml.MoMLSimpleApplication@5546a814
reloadAllAccessors: .HierarchicalExecution

===========================================================================================
----------------- testing Fri Jan 17 06:42:26 UTC 2020 /home/travis/build/icyphy/ptII/ptolemy/domains/continuous/test/auto/HybridPlant.xml
----------------- Instantiating /home/travis/build/icyphy/ptII/ptolemy/domains/continuous/test/auto/HybridPlant.xml
482 ms. Memory: 270336K Free: 152916K (57%)
----------------- Invoking toplevel() on ptolemy.moml.MoMLSimpleApplication@6fdc191a
----------------- Done invoking toplevel() on ptolemy.moml.MoMLSimpleApplication@6fdc191a
reloadAllAccessors: .HybridPlant

===========================================================================================
----------------- testing Fri Jan 17 06:42:27 UTC 2020 /home/travis/build/icyphy/ptII/ptolemy/domains/continuous/test/auto/Hysteresis.xml
----------------- Instantiating /home/travis/build/icyphy/ptII/ptolemy/domains/continuous/test/auto/Hysteresis.xml
142 ms. Memory: 270336K Free: 251860K (93%)
----------------- Invoking toplevel() on ptolemy.moml.MoMLSimpleApplication@522e30cd
----------------- Done invoking toplevel() on ptolemy.moml.MoMLSimpleApplication@522e30cd
reloadAllAccessors: .Hysteresis

===========================================================================================
----------------- testing Fri Jan 17 06:42:27 UTC 2020 /home/travis/build/icyphy/ptII/ptolemy/domains/continuous/test/auto/HysteresisWithRandomDelay.xml
----------------- Instantiating /home/travis/build/icyphy/ptII/ptolemy/domains/continuous/test/auto/HysteresisWithRandomDelay.xml
175 ms. Memory: 270336K Free: 180676K (67%)
----------------- Invoking toplevel() on ptolemy.moml.MoMLSimpleApplication@3eac5e70
----------------- Done invoking toplevel() on ptolemy.moml.MoMLSimpleApplication@3eac5e70
reloadAllAccessors: .HysteresisWithRandomDelay

===========================================================================================
----------------- testing Fri Jan 17 06:42:27 UTC 2020 /home/travis/build/icyphy/ptII/ptolemy/domains/continuous/test/auto/HysteresisWithRandomLosses.xml
----------------- Instantiating /home/travis/build/icyphy/ptII/ptolemy/domains/continuous/test/auto/HysteresisWithRandomLosses.xml
2307 ms. Memory: 270336K Free: 240855K (89%)
----------------- Invoking toplevel() on ptolemy.moml.MoMLSimpleApplication@7aca63cb
----------------- Done invoking toplevel() on ptolemy.moml.MoMLSimpleApplication@7aca63cb
reloadAllAccessors: .HysteresisWithRandomLosses

===========================================================================================
----------------- testing Fri Jan 17 06:42:30 UTC 2020 /home/travis/build/icyphy/ptII/ptolemy/domains/continuous/test/auto/ImmediateTransitions.xml
----------------- Instantiating /home/travis/build/icyphy/ptII/ptolemy/domains/continuous/test/auto/ImmediateTransitions.xml
10 ms. Memory: 270336K Free: 229591K (85%)
----------------- Invoking toplevel() on ptolemy.moml.MoMLSimpleApplication@7f12ce40
----------------- Done invoking toplevel() on ptolemy.moml.MoMLSimpleApplication@7f12ce40
reloadAllAccessors: .ImmediateTransitions

===========================================================================================
----------------- testing Fri Jan 17 06:42:30 UTC 2020 /home/travis/build/icyphy/ptII/ptolemy/domains/continuous/test/auto/ImpulseFeedback.xml
----------------- Instantiating /home/travis/build/icyphy/ptII/ptolemy/domains/continuous/test/auto/ImpulseFeedback.xml
7 ms. Memory: 270336K Free: 223957K (83%)
----------------- Invoking toplevel() on ptolemy.moml.MoMLSimpleApplication@7072afbc
----------------- Done invoking toplevel() on ptolemy.moml.MoMLSimpleApplication@7072afbc
reloadAllAccessors: .ImpulseFeedback

===========================================================================================
----------------- testing Fri Jan 17 06:42:30 UTC 2020 /home/travis/build/icyphy/ptII/ptolemy/domains/continuous/test/auto/ImpulseFeedback2.xml
----------------- Instantiating /home/travis/build/icyphy/ptII/ptolemy/domains/continuous/test/auto/ImpulseFeedback2.xml
5 ms. Memory: 270336K Free: 218327K (81%)
----------------- Invoking toplevel() on ptolemy.moml.MoMLSimpleApplication@2953869b
----------------- Done invoking toplevel() on ptolemy.moml.MoMLSimpleApplication@2953869b
reloadAllAccessors: .ImpulseFeedback2

===========================================================================================
----------------- testing Fri Jan 17 06:42:30 UTC 2020 /home/travis/build/icyphy/ptII/ptolemy/domains/continuous/test/auto/IncreasingRatePoisson.xml
----------------- Instantiating /home/travis/build/icyphy/ptII/ptolemy/domains/continuous/test/auto/IncreasingRatePoisson.xml
720 ms. Memory: 270336K Free: 215206K (80%)
----------------- Invoking toplevel() on ptolemy.moml.MoMLSimpleApplication@16aefceb
----------------- Done invoking toplevel() on ptolemy.moml.MoMLSimpleApplication@16aefceb
reloadAllAccessors: .IncreasingRatePoisson

===========================================================================================
----------------- testing Fri Jan 17 06:42:31 UTC 2020 /home/travis/build/icyphy/ptII/ptolemy/domains/continuous/test/auto/InitialStateFeedback.xml
----------------- Instantiating /home/travis/build/icyphy/ptII/ptolemy/domains/continuous/test/auto/InitialStateFeedback.xml
6 ms. Memory: 270336K Free: 210596K (78%)
----------------- Invoking toplevel() on ptolemy.moml.MoMLSimpleApplication@66b89abf
----------------- Done invoking toplevel() on ptolemy.moml.MoMLSimpleApplication@66b89abf
reloadAllAccessors: .InitialStateFeedback

===========================================================================================
----------------- testing Fri Jan 17 06:42:31 UTC 2020 /home/travis/build/icyphy/ptII/ptolemy/domains/continuous/test/auto/Integration.xml
----------------- Instantiating /home/travis/build/icyphy/ptII/ptolemy/domains/continuous/test/auto/Integration.xml
2 ms. Memory: 270336K Free: 206500K (76%)
----------------- Invoking toplevel() on ptolemy.moml.MoMLSimpleApplication@674e6588
----------------- Done invoking toplevel() on ptolemy.moml.MoMLSimpleApplication@674e6588
reloadAllAccessors: .Integration

===========================================================================================
----------------- testing Fri Jan 17 06:42:31 UTC 2020 /home/travis/build/icyphy/ptII/ptolemy/domains/continuous/test/auto/Integration2.xml
----------------- Instantiating /home/travis/build/icyphy/ptII/ptolemy/domains/continuous/test/auto/Integration2.xml
63 ms. Memory: 270336K Free: 192678K (71%)
----------------- Invoking toplevel() on ptolemy.moml.MoMLSimpleApplication@49a92ff4
----------------- Done invoking toplevel() on ptolemy.moml.MoMLSimpleApplication@49a92ff4
reloadAllAccessors: .Integration2

===========================================================================================
----------------- testing Fri Jan 17 06:42:31 UTC 2020 /home/travis/build/icyphy/ptII/ptolemy/domains/continuous/test/auto/Integration3.xml
----------------- Instantiating /home/travis/build/icyphy/ptII/ptolemy/domains/continuous/test/auto/Integration3.xml
2 ms. Memory: 270336K Free: 188068K (70%)
----------------- Invoking toplevel() on ptolemy.moml.MoMLSimpleApplication@529f9d3d
----------------- Done invoking toplevel() on ptolemy.moml.MoMLSimpleApplication@529f9d3d
reloadAllAccessors: .Integration3

===========================================================================================
----------------- testing Fri Jan 17 06:42:31 UTC 2020 /home/travis/build/icyphy/ptII/ptolemy/domains/continuous/test/auto/Integration5.xml
----------------- Instantiating /home/travis/build/icyphy/ptII/ptolemy/domains/continuous/test/auto/Integration5.xml
2 ms. Memory: 270336K Free: 183972K (68%)
----------------- Invoking toplevel() on ptolemy.moml.MoMLSimpleApplication@1d9320a9
----------------- Done invoking toplevel() on ptolemy.moml.MoMLSimpleApplication@1d9320a9
reloadAllAccessors: .Integration5

===========================================================================================
----------------- testing Fri Jan 17 06:42:31 UTC 2020 /home/travis/build/icyphy/ptII/ptolemy/domains/continuous/test/auto/IntegratorImpulse.xml
----------------- Instantiating /home/travis/build/icyphy/ptII/ptolemy/domains/continuous/test/auto/IntegratorImpulse.xml
2 ms. Memory: 270336K Free: 179870K (67%)
----------------- Invoking toplevel() on ptolemy.moml.MoMLSimpleApplication@6222ff62
----------------- Done invoking toplevel() on ptolemy.moml.MoMLSimpleApplication@6222ff62
reloadAllAccessors: .IntegratorImpulse

===========================================================================================
----------------- testing Fri Jan 17 06:42:31 UTC 2020 /home/travis/build/icyphy/ptII/ptolemy/domains/continuous/test/auto/IntegratorImpulse2.xml
----------------- Instantiating /home/travis/build/icyphy/ptII/ptolemy/domains/continuous/test/auto/IntegratorImpulse2.xml
4 ms. Memory: 270336K Free: 175270K (65%)
----------------- Invoking toplevel() on ptolemy.moml.MoMLSimpleApplication@56d5bf1c
----------------- Done invoking toplevel() on ptolemy.moml.MoMLSimpleApplication@56d5bf1c
reloadAllAccessors: .IntegratorImpulse2

===========================================================================================
----------------- testing Fri Jan 17 06:42:31 UTC 2020 /home/travis/build/icyphy/ptII/ptolemy/domains/continuous/test/auto/LevelCrossing1.xml
----------------- Instantiating /home/travis/build/icyphy/ptII/ptolemy/domains/continuous/test/auto/LevelCrossing1.xml
2 ms. Memory: 270336K Free: 170150K (63%)
----------------- Invoking toplevel() on ptolemy.moml.MoMLSimpleApplication@21b6e82d
----------------- Done invoking toplevel() on ptolemy.moml.MoMLSimpleApplication@21b6e82d
reloadAllAccessors: .LevelCrossing1

===========================================================================================
----------------- testing Fri Jan 17 06:42:31 UTC 2020 /home/travis/build/icyphy/ptII/ptolemy/domains/continuous/test/auto/LevelCrossing2.xml
----------------- Instantiating /home/travis/build/icyphy/ptII/ptolemy/domains/continuous/test/auto/LevelCrossing2.xml
6 ms. Memory: 270336K Free: 165030K (61%)
----------------- Invoking toplevel() on ptolemy.moml.MoMLSimpleApplication@22233a4f
----------------- Done invoking toplevel() on ptolemy.moml.MoMLSimpleApplication@22233a4f
reloadAllAccessors: .LevelCrossing2

===========================================================================================
----------------- testing Fri Jan 17 06:42:31 UTC 2020 /home/travis/build/icyphy/ptII/ptolemy/domains/continuous/test/auto/LevelCrossing3.xml
----------------- Instantiating /home/travis/build/icyphy/ptII/ptolemy/domains/continuous/test/auto/LevelCrossing3.xml
3 ms. Memory: 270336K Free: 159910K (59%)
----------------- Invoking toplevel() on ptolemy.moml.MoMLSimpleApplication@4655719e
----------------- Done invoking toplevel() on ptolemy.moml.MoMLSimpleApplication@4655719e
reloadAllAccessors: .LevelCrossing3

===========================================================================================
----------------- testing Fri Jan 17 06:42:31 UTC 2020 /home/travis/build/icyphy/ptII/ptolemy/domains/continuous/test/auto/LevelCrossing4.xml
----------------- Instantiating /home/travis/build/icyphy/ptII/ptolemy/domains/continuous/test/auto/LevelCrossing4.xml
3 ms. Memory: 270336K Free: 154790K (57%)
----------------- Invoking toplevel() on ptolemy.moml.MoMLSimpleApplication@7f942ee
----------------- Done invoking toplevel() on ptolemy.moml.MoMLSimpleApplication@7f942ee
reloadAllAccessors: .LevelCrossing4

===========================================================================================
----------------- testing Fri Jan 17 06:42:31 UTC 2020 /home/travis/build/icyphy/ptII/ptolemy/domains/continuous/test/auto/LevelCrossing5.xml
----------------- Instantiating /home/travis/build/icyphy/ptII/ptolemy/domains/continuous/test/auto/LevelCrossing5.xml
2 ms. Memory: 270336K Free: 149670K (55%)
----------------- Invoking toplevel() on ptolemy.moml.MoMLSimpleApplication@15574897
----------------- Done invoking toplevel() on ptolemy.moml.MoMLSimpleApplication@15574897
reloadAllAccessors: .LevelCrossing5

===========================================================================================
[...]
reloadAllAccessors: .ResetTransitionWithStartTime6

===========================================================================================
----------------- testing Fri Jan 17 06:42:46 UTC 2020 /home/travis/build/icyphy/ptII/ptolemy/domains/continuous/test/auto/SRinContinuous.xml
----------------- Instantiating /home/travis/build/icyphy/ptII/ptolemy/domains/continuous/test/auto/SRinContinuous.xml
5 ms. Memory: 324608K Free: 138129K (43%)
----------------- Invoking toplevel() on ptolemy.moml.MoMLSimpleApplication@1320d0c3
----------------- Done invoking toplevel() on ptolemy.moml.MoMLSimpleApplication@1320d0c3
reloadAllAccessors: .SRinContinuous

===========================================================================================
----------------- testing Fri Jan 17 06:42:46 UTC 2020 /home/travis/build/icyphy/ptII/ptolemy/domains/continuous/test/auto/SampledClocks.xml
----------------- Instantiating /home/travis/build/icyphy/ptII/ptolemy/domains/continuous/test/auto/SampledClocks.xml
6 ms. Memory: 324608K Free: 125331K (39%)
----------------- Invoking toplevel() on ptolemy.moml.MoMLSimpleApplication@3bb179fd
----------------- Done invoking toplevel() on ptolemy.moml.MoMLSimpleApplication@3bb179fd
reloadAllAccessors: .SampledClocks

===========================================================================================
----------------- testing Fri Jan 17 06:42:46 UTC 2020 /home/travis/build/icyphy/ptII/ptolemy/domains/continuous/test/auto/Satellite.xml
----------------- Instantiating /home/travis/build/icyphy/ptII/ptolemy/domains/continuous/test/auto/Satellite.xml
610 ms. Memory: 324608K Free: 129943K (40%)
----------------- Invoking toplevel() on ptolemy.moml.MoMLSimpleApplication@7f8345f4
----------------- Done invoking toplevel() on ptolemy.moml.MoMLSimpleApplication@7f8345f4
reloadAllAccessors: .Satellite

===========================================================================================
----------------- testing Fri Jan 17 06:42:47 UTC 2020 /home/travis/build/icyphy/ptII/ptolemy/domains/continuous/test/auto/SigmaDelta.xml
----------------- Instantiating /home/travis/build/icyphy/ptII/ptolemy/domains/continuous/test/auto/SigmaDelta.xml
1873 ms. Memory: 324608K Free: 251363K (77%)
----------------- Invoking toplevel() on ptolemy.moml.MoMLSimpleApplication@7d9ddf36
----------------- Done invoking toplevel() on ptolemy.moml.MoMLSimpleApplication@7d9ddf36
reloadAllAccessors: .SigmaDelta

===========================================================================================
----------------- testing Fri Jan 17 06:42:49 UTC 2020 /home/travis/build/icyphy/ptII/ptolemy/domains/continuous/test/auto/SingleRefinement.xml
----------------- Instantiating /home/travis/build/icyphy/ptII/ptolemy/domains/continuous/test/auto/SingleRefinement.xml
279 ms. Memory: 324608K Free: 262329K (81%)
----------------- Invoking toplevel() on ptolemy.moml.MoMLSimpleApplication@80a4e4e
----------------- Done invoking toplevel() on ptolemy.moml.MoMLSimpleApplication@80a4e4e
reloadAllAccessors: .SingleRefinement

===========================================================================================
----------------- testing Fri Jan 17 06:42:49 UTC 2020 /home/travis/build/icyphy/ptII/ptolemy/domains/continuous/test/auto/SinuBouncingBall.xml
----------------- Instantiating /home/travis/build/icyphy/ptII/ptolemy/domains/continuous/test/auto/SinuBouncingBall.xml
733 ms. Memory: 324608K Free: 243659K (75%)
----------------- Invoking toplevel() on ptolemy.moml.MoMLSimpleApplication@7772e91b
----------------- Done invoking toplevel() on ptolemy.moml.MoMLSimpleApplication@7772e91b
reloadAllAccessors: .SinuBouncingBall

===========================================================================================
----------------- testing Fri Jan 17 06:42:50 UTC 2020 /home/travis/build/icyphy/ptII/ptolemy/domains/continuous/test/auto/Sinusoid.xml
----------------- Instantiating /home/travis/build/icyphy/ptII/ptolemy/domains/continuous/test/auto/Sinusoid.xml
4 ms. Memory: 324608K Free: 239067K (74%)
----------------- Invoking toplevel() on ptolemy.moml.MoMLSimpleApplication@45d22407
----------------- Done invoking toplevel() on ptolemy.moml.MoMLSimpleApplication@45d22407
reloadAllAccessors: .Sinusoid

===========================================================================================
----------------- testing Fri Jan 17 06:42:50 UTC 2020 /home/travis/build/icyphy/ptII/ptolemy/domains/continuous/test/auto/SinusoidInNoise.xml
----------------- Instantiating /home/travis/build/icyphy/ptII/ptolemy/domains/continuous/test/auto/SinusoidInNoise.xml
793 ms. Memory: 324608K Free: 297646K (92%)
----------------- Invoking toplevel() on ptolemy.moml.MoMLSimpleApplication@3ca1062b
----------------- Done invoking toplevel() on ptolemy.moml.MoMLSimpleApplication@3ca1062b
reloadAllAccessors: .SinusoidInNoise

===========================================================================================
----------------- testing Fri Jan 17 06:42:51 UTC 2020 /home/travis/build/icyphy/ptII/ptolemy/domains/continuous/test/auto/SinusoidRK45.xml
----------------- Instantiating /home/travis/build/icyphy/ptII/ptolemy/domains/continuous/test/auto/SinusoidRK45.xml
7 ms. Memory: 324608K Free: 293040K (90%)
----------------- Invoking toplevel() on ptolemy.moml.MoMLSimpleApplication@4359d160
----------------- Done invoking toplevel() on ptolemy.moml.MoMLSimpleApplication@4359d160
reloadAllAccessors: .SinusoidRK45

===========================================================================================
----------------- testing Fri Jan 17 06:42:51 UTC 2020 /home/travis/build/icyphy/ptII/ptolemy/domains/continuous/test/auto/SinusoidWithMultipleImpulses.xml
----------------- Instantiating /home/travis/build/icyphy/ptII/ptolemy/domains/continuous/test/auto/SinusoidWithMultipleImpulses.xml
3 ms. Memory: 324608K Free: 288430K (89%)
----------------- Invoking toplevel() on ptolemy.moml.MoMLSimpleApplication@570f3a5c
----------------- Done invoking toplevel() on ptolemy.moml.MoMLSimpleApplication@570f3a5c
reloadAllAccessors: .SinusoidWithMultipleImpulses

===========================================================================================
----------------- testing Fri Jan 17 06:42:51 UTC 2020 /home/travis/build/icyphy/ptII/ptolemy/domains/continuous/test/auto/SquareWave.xml
----------------- Instantiating /home/travis/build/icyphy/ptII/ptolemy/domains/continuous/test/auto/SquareWave.xml
138 ms. Memory: 324608K Free: 261296K (80%)
----------------- Invoking toplevel() on ptolemy.moml.MoMLSimpleApplication@4db4a2fa
----------------- Done invoking toplevel() on ptolemy.moml.MoMLSimpleApplication@4db4a2fa
reloadAllAccessors: .SquareWave

===========================================================================================
----------------- testing Fri Jan 17 06:42:51 UTC 2020 /home/travis/build/icyphy/ptII/ptolemy/domains/continuous/test/auto/Starmac.xml
----------------- Instantiating /home/travis/build/icyphy/ptII/ptolemy/domains/continuous/test/auto/Starmac.xml
3071 ms. Memory: 324608K Free: 145580K (45%)
----------------- Invoking toplevel() on ptolemy.moml.MoMLSimpleApplication@4f6a268d
----------------- Done invoking toplevel() on ptolemy.moml.MoMLSimpleApplication@4f6a268d
reloadAllAccessors: .Starmac

===========================================================================================
----------------- testing Fri Jan 17 06:42:54 UTC 2020 /home/travis/build/icyphy/ptII/ptolemy/domains/continuous/test/auto/StaticUnits.xml
----------------- Instantiating /home/travis/build/icyphy/ptII/ptolemy/domains/continuous/test/auto/StaticUnits.xml
1695 ms. Memory: 324608K Free: 266840K (82%)
----------------- Invoking toplevel() on ptolemy.moml.MoMLSimpleApplication@5643b270
----------------- Done invoking toplevel() on ptolemy.moml.MoMLSimpleApplication@5643b270
reloadAllAccessors: .StaticUnits

===========================================================================================
----------------- testing Fri Jan 17 06:42:56 UTC 2020 /home/travis/build/icyphy/ptII/ptolemy/domains/continuous/test/auto/StickyMasses.xml
----------------- Instantiating /home/travis/build/icyphy/ptII/ptolemy/domains/continuous/test/auto/StickyMasses.xml
133 ms. Memory: 324608K Free: 217688K (67%)
----------------- Invoking toplevel() on ptolemy.moml.MoMLSimpleApplication@c0f49ac
----------------- Done invoking toplevel() on ptolemy.moml.MoMLSimpleApplication@c0f49ac
reloadAllAccessors: .StickyMasses

===========================================================================================
----------------- testing Fri Jan 17 06:42:57 UTC 2020 /home/travis/build/icyphy/ptII/ptolemy/domains/continuous/test/auto/StopTime.xml
----------------- Instantiating /home/travis/build/icyphy/ptII/ptolemy/domains/continuous/test/auto/StopTime.xml
42 ms. Memory: 324608K Free: 193112K (59%)
----------------- Invoking toplevel() on ptolemy.moml.MoMLSimpleApplication@566526e5
----------------- Done invoking toplevel() on ptolemy.moml.MoMLSimpleApplication@566526e5
reloadAllAccessors: .StopTime

===========================================================================================
----------------- testing Fri Jan 17 06:42:57 UTC 2020 /home/travis/build/icyphy/ptII/ptolemy/domains/continuous/test/auto/StopTime2.xml
----------------- Instantiating /home/travis/build/icyphy/ptII/ptolemy/domains/continuous/test/auto/StopTime2.xml
57 ms. Memory: 324608K Free: 171087K (53%)
----------------- Invoking toplevel() on ptolemy.moml.MoMLSimpleApplication@40662c5e
----------------- Done invoking toplevel() on ptolemy.moml.MoMLSimpleApplication@40662c5e
reloadAllAccessors: .StopTime2

===========================================================================================
----------------- testing Fri Jan 17 06:42:57 UTC 2020 /home/travis/build/icyphy/ptII/ptolemy/domains/continuous/test/auto/Switch.xml
----------------- Instantiating /home/travis/build/icyphy/ptII/ptolemy/domains/continuous/test/auto/Switch.xml
76 ms. Memory: 324608K Free: 146511K (45%)
----------------- Invoking toplevel() on ptolemy.moml.MoMLSimpleApplication@703328bd
----------------- Done invoking toplevel() on ptolemy.moml.MoMLSimpleApplication@703328bd
reloadAllAccessors: .Switch

===========================================================================================
----------------- testing Fri Jan 17 06:42:57 UTC 2020 /home/travis/build/icyphy/ptII/ptolemy/domains/continuous/test/auto/Thermostat.xml
----------------- Instantiating /home/travis/build/icyphy/ptII/ptolemy/domains/continuous/test/auto/Thermostat.xml
201 ms. Memory: 324608K Free: 263251K (81%)
----------------- Invoking toplevel() on ptolemy.moml.MoMLSimpleApplication@7a84f92
----------------- Done invoking toplevel() on ptolemy.moml.MoMLSimpleApplication@7a84f92
reloadAllAccessors: .Thermostat

===========================================================================================
----------------- testing Fri Jan 17 06:42:57 UTC 2020 /home/travis/build/icyphy/ptII/ptolemy/domains/continuous/test/auto/TimeDelay.xml
----------------- Instantiating /home/travis/build/icyphy/ptII/ptolemy/domains/continuous/test/auto/TimeDelay.xml
4 ms. Memory: 324608K Free: 258131K (80%)
----------------- Invoking toplevel() on ptolemy.moml.MoMLSimpleApplication@1519f272
----------------- Done invoking toplevel() on ptolemy.moml.MoMLSimpleApplication@1519f272
reloadAllAccessors: .TimeDelay

===========================================================================================
----------------- testing Fri Jan 17 06:42:57 UTC 2020 /home/travis/build/icyphy/ptII/ptolemy/domains/continuous/test/auto/TimeDelay2.xml
----------------- Instantiating /home/travis/build/icyphy/ptII/ptolemy/domains/continuous/test/auto/TimeDelay2.xml
6 ms. Memory: 324608K Free: 248401K (77%)
----------------- Invoking toplevel() on ptolemy.moml.MoMLSimpleApplication@77c87559
----------------- Done invoking toplevel() on ptolemy.moml.MoMLSimpleApplication@77c87559
reloadAllAccessors: .TimeDelay2

===========================================================================================
----------------- testing Fri Jan 17 06:42:57 UTC 2020 /home/travis/build/icyphy/ptII/ptolemy/domains/continuous/test/auto/TimeDelay3.xml
----------------- Instantiating /home/travis/build/icyphy/ptII/ptolemy/domains/continuous/test/auto/TimeDelay3.xml
3 ms. Memory: 324608K Free: 243795K (75%)
----------------- Invoking toplevel() on ptolemy.moml.MoMLSimpleApplication@49a7bf48
----------------- Done invoking toplevel() on ptolemy.moml.MoMLSimpleApplication@49a7bf48
reloadAllAccessors: .TimeDelay3

===========================================================================================
----------------- testing Fri Jan 17 06:42:57 UTC 2020 /home/travis/build/icyphy/ptII/ptolemy/domains/continuous/test/auto/TransferAbsentToInside.xml
----------------- Instantiating /home/travis/build/icyphy/ptII/ptolemy/domains/continuous/test/auto/TransferAbsentToInside.xml
51 ms. Memory: 324608K Free: 191027K (59%)
----------------- Invoking toplevel() on ptolemy.moml.MoMLSimpleApplication@31f78c2e
----------------- Done invoking toplevel() on ptolemy.moml.MoMLSimpleApplication@31f78c2e
reloadAllAccessors: .TransferAbsentToInside

===========================================================================================
----------------- testing Fri Jan 17 06:42:57 UTC 2020 /home/travis/build/icyphy/ptII/ptolemy/domains/continuous/test/auto/Transmission.xml
----------------- Instantiating /home/travis/build/icyphy/ptII/ptolemy/domains/continuous/test/auto/Transmission.xml
760 ms. Memory: 324608K Free: 150099K (46%)
----------------- Invoking toplevel() on ptolemy.moml.MoMLSimpleApplication@283105bc
----------------- Done invoking toplevel() on ptolemy.moml.MoMLSimpleApplication@283105bc
reloadAllAccessors: .Transmission

===========================================================================================
----------------- testing Fri Jan 17 06:42:58 UTC 2020 /home/travis/build/icyphy/ptII/ptolemy/domains/continuous/test/auto/TriggeredContinuousClock.xml
----------------- Instantiating /home/travis/build/icyphy/ptII/ptolemy/domains/continuous/test/auto/TriggeredContinuousClock.xml
36 ms. Memory: 324608K Free: 120899K (37%)
----------------- Invoking toplevel() on ptolemy.moml.MoMLSimpleApplication@58d2b523
----------------- Done invoking toplevel() on ptolemy.moml.MoMLSimpleApplication@58d2b523
reloadAllAccessors: .TriggeredContinuousClock

===========================================================================================
----------------- testing Fri Jan 17 06:42:58 UTC 2020 /home/travis/build/icyphy/ptII/ptolemy/domains/continuous/test/auto/TwoMachineInfiniteBusControl.xml
----------------- Instantiating /home/travis/build/icyphy/ptII/ptolemy/domains/continuous/test/auto/TwoMachineInfiniteBusControl.xml
2612 ms. Memory: 324608K Free: 124976K (39%)
----------------- Invoking toplevel() on ptolemy.moml.MoMLSimpleApplication@567d9850
----------------- Done invoking toplevel() on ptolemy.moml.MoMLSimpleApplication@567d9850
reloadAllAccessors: .TwoMachineInfiniteBusControl

===========================================================================================
----------------- testing Fri Jan 17 06:43:01 UTC 2020 /home/travis/build/icyphy/ptII/ptolemy/domains/continuous/test/auto/V2V.xml
----------------- Instantiating /home/travis/build/icyphy/ptII/ptolemy/domains/continuous/test/auto/V2V.xml
744 ms. Memory: 324608K Free: 127315K (39%)
----------------- Invoking toplevel() on ptolemy.moml.MoMLSimpleApplication@8808e0c
----------------- Done invoking toplevel() on ptolemy.moml.MoMLSimpleApplication@8808e0c
reloadAllAccessors: .V2V

===========================================================================================
----------------- testing Fri Jan 17 06:43:02 UTC 2020 /home/travis/build/icyphy/ptII/ptolemy/domains/continuous/test/auto/hierarchicalModalModel.xml
----------------- Instantiating /home/travis/build/icyphy/ptII/ptolemy/domains/continuous/test/auto/hierarchicalModalModel.xml
25 ms. Memory: 324608K Free: 301724K (93%)
----------------- Invoking toplevel() on ptolemy.moml.MoMLSimpleApplication@1927d6a6
----------------- Done invoking toplevel() on ptolemy.moml.MoMLSimpleApplication@1927d6a6
reloadAllAccessors: .hierarchicalModalModel

===========================================================================================
----------------- testing Fri Jan 17 06:43:02 UTC 2020 /home/travis/build/icyphy/ptII/ptolemy/domains/continuous/test/auto/hierarchicalModalModel1.xml
----------------- Instantiating /home/travis/build/icyphy/ptII/ptolemy/domains/continuous/test/auto/hierarchicalModalModel1.xml
7 ms. Memory: 324608K Free: 287240K (88%)
----------------- Invoking toplevel() on ptolemy.moml.MoMLSimpleApplication@24bc1a43
----------------- Done invoking toplevel() on ptolemy.moml.MoMLSimpleApplication@24bc1a43
reloadAllAccessors: .hierarchicalModalModel1

===========================================================================================
----------------- testing Fri Jan 17 06:43:02 UTC 2020 /home/travis/build/icyphy/ptII/ptolemy/domains/continuous/test/auto/hierarchicalModalModel2.xml
----------------- Instantiating /home/travis/build/icyphy/ptII/ptolemy/domains/continuous/test/auto/hierarchicalModalModel2.xml
6 ms. Memory: 324608K Free: 274952K (85%)
----------------- Invoking toplevel() on ptolemy.moml.MoMLSimpleApplication@79e22c19
----------------- Done invoking toplevel() on ptolemy.moml.MoMLSimpleApplication@79e22c19
reloadAllAccessors: .hierarchicalModalModel2

===========================================================================================
----------------- testing Fri Jan 17 06:43:02 UTC 2020 /home/travis/build/icyphy/ptII/ptolemy/domains/continuous/test/auto/hierarchicalModalModel3.xml
----------------- Instantiating /home/travis/build/icyphy/ptII/ptolemy/domains/continuous/test/auto/hierarchicalModalModel3.xml
5 ms. Memory: 324608K Free: 264198K (81%)
----------------- Invoking toplevel() on ptolemy.moml.MoMLSimpleApplication@395ed96c
----------------- Done invoking toplevel() on ptolemy.moml.MoMLSimpleApplication@395ed96c
reloadAllAccessors: .hierarchicalModalModel3

===========================================================================================
----------------- testing Fri Jan 17 06:43:02 UTC 2020 /home/travis/build/icyphy/ptII/ptolemy/domains/continuous/test/auto/hierarchicalModalModel4.xml
----------------- Instantiating /home/travis/build/icyphy/ptII/ptolemy/domains/continuous/test/auto/hierarchicalModalModel4.xml
4 ms. Memory: 324608K Free: 252424K (78%)
----------------- Invoking toplevel() on ptolemy.moml.MoMLSimpleApplication@af2ba48
----------------- Done invoking toplevel() on ptolemy.moml.MoMLSimpleApplication@af2ba48
reloadAllAccessors: .hierarchicalModalModel4

===========================================================================================
----------------- testing Fri Jan 17 06:43:02 UTC 2020 /home/travis/build/icyphy/ptII/ptolemy/domains/continuous/test/auto/junk.xml
----------------- Instantiating /home/travis/build/icyphy/ptII/ptolemy/domains/continuous/test/auto/junk.xml
125 ms. Memory: 324608K Free: 224776K (69%)
----------------- Invoking toplevel() on ptolemy.moml.MoMLSimpleApplication@6efc849
----------------- Done invoking toplevel() on ptolemy.moml.MoMLSimpleApplication@6efc849
reloadAllAccessors: .junk
AutoTests.java: About to close Vertx.
AutoTests.java: Vertx closed.
]]></system-out>
  <system-err><![CDATA[Warning: '.HysteresisWithRandomDelay.NonStrictTest3' The test produced only 24 tokens, yet the correctValues parameter was expecting 30 tokens.
Warning: '.Poisson.NonStrictTest' The test produced only 382 tokens, yet the correctValues parameter was expecting 430 tokens.
]]></system-err>
</testsuite>
