<?xml version="1.0" encoding="UTF-8" ?>
<testsuite errors="0" failures="0" hostname="travis-job-860c4d39-27c1-4974-8489-975cbf924f1c" name="ptolemy.actor.lib.security.test.junit.JUnitTclTest" skipped="0" tests="9" time="12.578" timestamp="2019-11-02T06:16:53">
  <properties>
[...]
</properties>
  <testcase classname="ptolemy.util.test.junit.TclTests" name="[0] /home/travis/build/icyphy/ptII/ptolemy/actor/lib/security/test/KeyReader.tcl (RunTclFile)" time="3.512" />
  <testcase classname="ptolemy.util.test.junit.TclTests" name="[1] /home/travis/build/icyphy/ptII/ptolemy/actor/lib/security/test/KeyToken.tcl (RunTclFile)" time="0.071" />
  <testcase classname="ptolemy.util.test.junit.TclTests" name="[2] /home/travis/build/icyphy/ptII/ptolemy/actor/lib/security/test/info.tcl (RunTclFile)" time="0.001" />
  <testcase classname="ptolemy.util.test.junit.AutoKnownFailedTests" name="[0] ThereAreNoKnowFailedTests (RunModel)" time="0.001" />
  <testcase classname="ptolemy.util.test.junit.AutoNameArchTests" name="[0] ThereAreNoAutoArchTests (RunModel)" time="0.001" />
  <testcase classname="ptolemy.util.test.junit.AutoTests" name="[0] /home/travis/build/icyphy/ptII/ptolemy/actor/lib/security/test/auto/KeyReader.xml (RunModel)" time="2.244" />
  <testcase classname="ptolemy.util.test.junit.AutoTests" name="[1] /home/travis/build/icyphy/ptII/ptolemy/actor/lib/security/test/auto/KeyWriter.xml (RunModel)" time="0.245" />
  <testcase classname="ptolemy.util.test.junit.AutoTests" name="[2] /home/travis/build/icyphy/ptII/ptolemy/actor/lib/security/test/auto/Signature.xml (RunModel)" time="4.523" />
  <testcase classname="ptolemy.util.test.junit.AutoTests" name="[3] /home/travis/build/icyphy/ptII/ptolemy/actor/lib/security/test/auto/Symmetric.xml (RunModel)" time="1.475" />
  <system-out><![CDATA[/home/travis/build/icyphy/ptII/ptolemy/actor/lib/security/test/KeyReader.tcl
testDefs.tcl: setting time out to 9000 seconds at Sat Nov 02 06:16:54 UTC 2019
Creating keystore foo.keystore
Keystore Command: /usr/local/lib/jvm/openjdk11/bin/keytool -genkey -dname "CN=ClaudiusPtolemaus, OU=YourProject, O=YourUniversity, L=YourTown, ST=YourState, C=US" -keystore foo.keystore -storetype JCEKS -alias $aliasName -storepass "this.is.the.storeAndKeyPassword,change.it" -keypass "this.is.the.storeAndKeyPassword,change.it"
Keystore Command: /usr/local/lib/jvm/openjdk11/bin/keytool -selfcert -keystore foo.keystore -storetype JCEKS -alias $aliasName -storepass "this.is.the.storeAndKeyPassword,change.it" -keypass "this.is.the.storeAndKeyPassword,change.it"
Keystore Command: /usr/local/lib/jvm/openjdk11/bin/keytool -list -v -keystore foo.keystore -storetype JCEKS -alias $aliasName -storepass "this.is.the.storeAndKeyPassword,change.it" -keypass "this.is.the.storeAndKeyPassword,change.it"
Alias name: $aliasName
Creation date: Nov 2, 2019
Entry type: PrivateKeyEntry
Certificate chain length: 1
Certificate[1]:
Owner: CN=ClaudiusPtolemaus, OU=YourProject, O=YourUniversity, L=YourTown, ST=YourState, C=US
Issuer: CN=ClaudiusPtolemaus, OU=YourProject, O=YourUniversity, L=YourTown, ST=YourState, C=US
Serial number: 1c2b4600
Valid from: Sat Nov 02 06:16:56 UTC 2019 until: Fri Jan 31 06:16:56 UTC 2020
Certificate fingerprints:
	 SHA1: 21:78:60:51:4D:28:39:0A:97:4B:68:D2:98:03:E0:AA:CB:9E:64:7A
	 SHA256: B4:B4:52:D4:AD:A6:D6:5A:90:64:D7:1C:B7:35:E0:A2:C8:92:45:D2:46:EC:DA:8C:7D:76:26:F1:25:0D:8E:F5
Signature algorithm name: SHA256withDSA
Subject Public Key Algorithm: 2048-bit DSA key
Version: 3

Extensions: 

#1: ObjectId: 2.5.29.14 Criticality=false
SubjectKeyIdentifier [
KeyIdentifier [
0000: 3C 58 86 4B D5 35 5E 6C   3B 00 C9 46 4F 6A 96 5B  <X.K.5^l;..FOj.[
0010: 3F 30 28 E3                                        ?0(.
]
]

2873 ms. Memory: 120832K Free: 62913K (52%)
/home/travis/build/icyphy/ptII/ptolemy/actor/lib/security/test/KeyToken.tcl
Available Ciphers: PBEWITHHMACSHA384ANDAES_128 AES_256/GCM/NOPADDING AES_192/GCM/NOPADDING PBEWITHHMACSHA512ANDAES_128 AES_256/CBC/NOPADDING AES_256/ECB/NOPADDING CHACHA20 PBEWITHHMACSHA224ANDAES_256 AES_128/CBC/NOPADDING AESWRAP AESWRAP_192 PBEWITHMD5ANDDES AES_192/CBC/NOPADDING PBEWITHHMACSHA256ANDAES_256 PBEWITHHMACSHA1ANDAES_128 PBEWITHSHA1ANDRC4_128 AES_192/OFB/NOPADDING DESEDEWRAP AES_128/ECB/NOPADDING AESWRAP_256 RC2 AESWRAP_128 PBEWITHSHA1ANDRC4_40 RSA PBEWITHHMACSHA512ANDAES_256 CHACHA20-POLY1305 AES_192/CFB/NOPADDING AES_128/CFB/NOPADDING DESEDE AES_192/ECB/NOPADDING BLOWFISH ARCFOUR AES_256/CFB/NOPADDING AES AES_128/OFB/NOPADDING AES_128/GCM/NOPADDING PBEWITHHMACSHA256ANDAES_128 DES PBEWITHSHA1ANDDESEDE PBEWITHSHA1ANDRC2_40 PBEWITHSHA1ANDRC2_128 PBEWITHHMACSHA384ANDAES_256 AES_256/OFB/NOPADDING PBEWITHMD5ANDTRIPLEDES PBEWITHHMACSHA1ANDAES_256 PBEWITHHMACSHA224ANDAES_128
Using BLOWFISH
/home/travis/build/icyphy/ptII/ptolemy/actor/lib/security/test/info.tcl
11/02/19 06:16:57
Failed: 0  Total Tests: 15  ((Passed: 15, Newly Passed: 0)  Known Failed: 0) /home/travis/build/icyphy/ptII/ptolemy/actor/lib/security/test
No auto/knownFailedTests/*.xml tests in /home/travis/build/icyphy/ptII/ptolemy/actor/lib/security/test
No auto/linux-amd64/*.xml tests in /home/travis/build/icyphy/ptII/ptolemy/actor/lib/security/test
AutoTests.java: About to close Vertx.
AutoTests.java: Vertx closed.

===========================================================================================
----------------- testing Sat Nov 02 06:16:58 UTC 2019 /home/travis/build/icyphy/ptII/ptolemy/actor/lib/security/test/auto/KeyReader.xml
----------------- Instantiating /home/travis/build/icyphy/ptII/ptolemy/actor/lib/security/test/auto/KeyReader.xml
Creating keystore foo.keystore
Keystore Command: /usr/local/lib/jvm/openjdk11/bin/keytool -genkey -dname "CN=ClaudiusPtolemaus, OU=YourProject, O=YourUniversity, L=YourTown, ST=YourState, C=US" -keystore foo.keystore -storetype JCEKS -alias $aliasName -storepass "this.is.the.storeAndKeyPassword,change.it" -keypass "this.is.the.storeAndKeyPassword,change.it"
keytool error: java.lang.Exception: Key pair not generated, alias <$aliasName> already exists
Keystore Command: /usr/local/lib/jvm/openjdk11/bin/keytool -selfcert -keystore foo.keystore -storetype JCEKS -alias $aliasName -storepass "this.is.the.storeAndKeyPassword,change.it" -keypass "this.is.the.storeAndKeyPassword,change.it"
keytool error: java.lang.ClassCastException: class javax.crypto.spec.SecretKeySpec cannot be cast to class java.security.PrivateKey (javax.crypto.spec.SecretKeySpec and java.security.PrivateKey are in module java.base of loader 'bootstrap')
Keystore Command: /usr/local/lib/jvm/openjdk11/bin/keytool -list -v -keystore foo.keystore -storetype JCEKS -alias $aliasName -storepass "this.is.the.storeAndKeyPassword,change.it" -keypass "this.is.the.storeAndKeyPassword,change.it"
Alias name: $aliasName
Creation date: Nov 2, 2019
Entry type: SecretKeyEntry
2099 ms. Memory: 120832K Free: 85389K (71%)
----------------- Invoking toplevel() on ptolemy.moml.MoMLSimpleApplication@552e4957
----------------- Done invoking toplevel() on ptolemy.moml.MoMLSimpleApplication@552e4957
reloadAllAccessors: .KeyReader

===========================================================================================
----------------- testing Sat Nov 02 06:17:00 UTC 2019 /home/travis/build/icyphy/ptII/ptolemy/actor/lib/security/test/auto/KeyWriter.xml
----------------- Instantiating /home/travis/build/icyphy/ptII/ptolemy/actor/lib/security/test/auto/KeyWriter.xml
223 ms. Memory: 120832K Free: 105771K (88%)
----------------- Invoking toplevel() on ptolemy.moml.MoMLSimpleApplication@2f52f316
----------------- Done invoking toplevel() on ptolemy.moml.MoMLSimpleApplication@2f52f316
reloadAllAccessors: .KeyWriter

===========================================================================================
----------------- testing Sat Nov 02 06:17:00 UTC 2019 /home/travis/build/icyphy/ptII/ptolemy/actor/lib/security/test/auto/Signature.xml
----------------- Instantiating /home/travis/build/icyphy/ptII/ptolemy/actor/lib/security/test/auto/Signature.xml
Creating keystore /home/travis/build/icyphy/ptII/ptKeystore
Keystore Command: /usr/local/lib/jvm/openjdk11/bin/keytool -genkey -dname "CN=ClaudiusPtolemaus, OU=YourProject, O=YourUniversity, L=YourTown, ST=YourState, C=US" -keystore /home/travis/build/icyphy/ptII/ptKeystore -storetype pkcs12 -alias ptolemy -storepass "this.is.the.storeAndKeyPassword,change.it" -keypass "this.is.the.storeAndKeyPassword,change.it"
Keystore Command: /usr/local/lib/jvm/openjdk11/bin/keytool -selfcert -keystore /home/travis/build/icyphy/ptII/ptKeystore -storetype pkcs12 -alias ptolemy -storepass "this.is.the.storeAndKeyPassword,change.it" -keypass "this.is.the.storeAndKeyPassword,change.it"
Keystore Command: /usr/local/lib/jvm/openjdk11/bin/keytool -list -v -keystore /home/travis/build/icyphy/ptII/ptKeystore -storetype pkcs12 -alias ptolemy -storepass "this.is.the.storeAndKeyPassword,change.it" -keypass "this.is.the.storeAndKeyPassword,change.it"
Alias name: ptolemy
Creation date: Nov 2, 2019
Entry type: PrivateKeyEntry
Certificate chain length: 1
Certificate[1]:
Owner: CN=ClaudiusPtolemaus, OU=YourProject, O=YourUniversity, L=YourTown, ST=YourState, C=US
Issuer: CN=ClaudiusPtolemaus, OU=YourProject, O=YourUniversity, L=YourTown, ST=YourState, C=US
Serial number: 72138030
Valid from: Sat Nov 02 06:17:02 UTC 2019 until: Fri Jan 31 06:17:02 UTC 2020
Certificate fingerprints:
	 SHA1: 6B:09:D3:C9:3A:41:99:3D:7C:DF:60:20:8D:A3:27:5F:35:3F:4F:66
	 SHA256: 84:15:9B:AD:61:6A:A3:A2:25:F7:D4:D0:99:C8:F9:32:E6:DE:74:0F:71:A5:5D:C5:B7:29:60:77:E5:E0:70:80
Signature algorithm name: SHA256withDSA
Subject Public Key Algorithm: 2048-bit DSA key
Version: 3

Extensions: 

#1: ObjectId: 2.5.29.14 Criticality=false
SubjectKeyIdentifier [
KeyIdentifier [
0000: 91 39 DC C9 3E C1 A1 9B   52 78 2B A0 B4 B7 37 23  .9..>...Rx+...7#
0010: F3 C6 38 4A                                        ..8J
]
]

4443 ms. Memory: 120832K Free: 63130K (52%)
----------------- Invoking toplevel() on ptolemy.moml.MoMLSimpleApplication@21020d2b
----------------- Done invoking toplevel() on ptolemy.moml.MoMLSimpleApplication@21020d2b
reloadAllAccessors: .Signature

===========================================================================================
----------------- testing Sat Nov 02 06:17:05 UTC 2019 /home/travis/build/icyphy/ptII/ptolemy/actor/lib/security/test/auto/Symmetric.xml
----------------- Instantiating /home/travis/build/icyphy/ptII/ptolemy/actor/lib/security/test/auto/Symmetric.xml
1384 ms. Memory: 120832K Free: 100592K (83%)
----------------- Invoking toplevel() on ptolemy.moml.MoMLSimpleApplication@d5eb37f
----------------- Done invoking toplevel() on ptolemy.moml.MoMLSimpleApplication@d5eb37f
reloadAllAccessors: .Symmetric
AutoTests.java: About to close Vertx.
AutoTests.java: Vertx closed.
]]></system-out>
  <system-err><![CDATA[
Warning:
The JCEKS keystore uses a proprietary format. It is recommended to migrate to PKCS12 which is an industry standard format using "keytool -importkeystore -srckeystore foo.keystore -destkeystore foo.keystore -deststoretype pkcs12".
]]></system-err>
</testsuite>
