<?xml version="1.0" encoding="UTF-8" ?>
<testsuite errors="0" failures="0" hostname="travis-job-a597d8f8-b791-4724-a761-ae6701333ecf" name="ptolemy.actor.lib.hoc.test.junit.JUnitTclTest" skipped="0" tests="58" time="35.496" timestamp="2019-09-13T05:43:47">
  <properties>
[...]
</properties>
  <testcase classname="ptolemy.util.test.junit.TclTests" name="[0] /home/travis/build/icyphy/ptII/ptolemy/actor/lib/hoc/test/IterateOverArray.tcl (RunTclFile)" time="0.296" />
  <testcase classname="ptolemy.util.test.junit.AutoKnownFailedTests" name="[0] /home/travis/build/icyphy/ptII/ptolemy/actor/lib/hoc/test/auto/knownFailedTests/PreinitializeMustBeInvokedRunComposite.xml (RunModel)" time="0.528" />
  <testcase classname="ptolemy.util.test.junit.AutoNameArchTests" name="[0] ThereAreNoAutoArchTests (RunModel)" time="0.01" />
  <testcase classname="ptolemy.util.test.junit.AutoTests" name="[0] /home/travis/build/icyphy/ptII/ptolemy/actor/lib/hoc/test/auto/AllToAllMultiInstanceComposite.xml (RunModel)" time="0.59" />
  <testcase classname="ptolemy.util.test.junit.AutoTests" name="[1] /home/travis/build/icyphy/ptII/ptolemy/actor/lib/hoc/test/auto/ApplyFFTTest.xml (RunModel)" time="0.405" />
  <testcase classname="ptolemy.util.test.junit.AutoTests" name="[2] /home/travis/build/icyphy/ptII/ptolemy/actor/lib/hoc/test/auto/ApplyFunction.xml (RunModel)" time="0.061" />
  <testcase classname="ptolemy.util.test.junit.AutoTests" name="[3] /home/travis/build/icyphy/ptII/ptolemy/actor/lib/hoc/test/auto/BackgroundExecution.xml (RunModel)" time="0.739" />
  <testcase classname="ptolemy.util.test.junit.AutoTests" name="[4] /home/travis/build/icyphy/ptII/ptolemy/actor/lib/hoc/test/auto/Case.xml (RunModel)" time="0.105" />
  <testcase classname="ptolemy.util.test.junit.AutoTests" name="[5] /home/travis/build/icyphy/ptII/ptolemy/actor/lib/hoc/test/auto/Case1.xml (RunModel)" time="0.081" />
  <testcase classname="ptolemy.util.test.junit.AutoTests" name="[6] /home/travis/build/icyphy/ptII/ptolemy/actor/lib/hoc/test/auto/Case2.xml (RunModel)" time="0.138" />
  <testcase classname="ptolemy.util.test.junit.AutoTests" name="[7] /home/travis/build/icyphy/ptII/ptolemy/actor/lib/hoc/test/auto/Case3.xml (RunModel)" time="0.046" />
  <testcase classname="ptolemy.util.test.junit.AutoTests" name="[8] /home/travis/build/icyphy/ptII/ptolemy/actor/lib/hoc/test/auto/Case4.xml (RunModel)" time="0.081" />
  <testcase classname="ptolemy.util.test.junit.AutoTests" name="[9] /home/travis/build/icyphy/ptII/ptolemy/actor/lib/hoc/test/auto/Case5.xml (RunModel)" time="0.101" />
  <testcase classname="ptolemy.util.test.junit.AutoTests" name="[10] /home/travis/build/icyphy/ptII/ptolemy/actor/lib/hoc/test/auto/Case6.xml (RunModel)" time="0.066" />
  <testcase classname="ptolemy.util.test.junit.AutoTests" name="[11] /home/travis/build/icyphy/ptII/ptolemy/actor/lib/hoc/test/auto/CaseString2.xml (RunModel)" time="0.034" />
  <testcase classname="ptolemy.util.test.junit.AutoTests" name="[12] /home/travis/build/icyphy/ptII/ptolemy/actor/lib/hoc/test/auto/CatchUpComposite1.xml (RunModel)" time="0.106" />
  <testcase classname="ptolemy.util.test.junit.AutoTests" name="[13] /home/travis/build/icyphy/ptII/ptolemy/actor/lib/hoc/test/auto/CatchUpComposite2.xml (RunModel)" time="0.074" />
  <testcase classname="ptolemy.util.test.junit.AutoTests" name="[14] /home/travis/build/icyphy/ptII/ptolemy/actor/lib/hoc/test/auto/CatchUpComposite3.xml (RunModel)" time="0.076" />
  <testcase classname="ptolemy.util.test.junit.AutoTests" name="[15] /home/travis/build/icyphy/ptII/ptolemy/actor/lib/hoc/test/auto/CatchUpComposite4.xml (RunModel)" time="0.101" />
  <testcase classname="ptolemy.util.test.junit.AutoTests" name="[16] /home/travis/build/icyphy/ptII/ptolemy/actor/lib/hoc/test/auto/CatchUpComposite5.xml (RunModel)" time="0.048" />
  <testcase classname="ptolemy.util.test.junit.AutoTests" name="[17] /home/travis/build/icyphy/ptII/ptolemy/actor/lib/hoc/test/auto/CatchUpComposite6.xml (RunModel)" time="0.17" />
  <testcase classname="ptolemy.util.test.junit.AutoTests" name="[18] /home/travis/build/icyphy/ptII/ptolemy/actor/lib/hoc/test/auto/CatchUpComposite7.xml (RunModel)" time="0.101" />
  <testcase classname="ptolemy.util.test.junit.AutoTests" name="[19] /home/travis/build/icyphy/ptII/ptolemy/actor/lib/hoc/test/auto/ConcurrentExecutionTimeSDF.xml (RunModel)" time="1.785" />
  <testcase classname="ptolemy.util.test.junit.AutoTests" name="[20] /home/travis/build/icyphy/ptII/ptolemy/actor/lib/hoc/test/auto/ConcurrentSleep.xml (RunModel)" time="0.775" />
  <testcase classname="ptolemy.util.test.junit.AutoTests" name="[21] /home/travis/build/icyphy/ptII/ptolemy/actor/lib/hoc/test/auto/DEInPNInRunCompositeActor.xml (RunModel)" time="0.062" />
  <testcase classname="ptolemy.util.test.junit.AutoTests" name="[22] /home/travis/build/icyphy/ptII/ptolemy/actor/lib/hoc/test/auto/DFTSubSetTest.xml (RunModel)" time="0.357" />
  <testcase classname="ptolemy.util.test.junit.AutoTests" name="[23] /home/travis/build/icyphy/ptII/ptolemy/actor/lib/hoc/test/auto/HocDE.xml (RunModel)" time="0.195" />
  <testcase classname="ptolemy.util.test.junit.AutoTests" name="[24] /home/travis/build/icyphy/ptII/ptolemy/actor/lib/hoc/test/auto/IterateOverArray.xml (RunModel)" time="0.034" />
  <testcase classname="ptolemy.util.test.junit.AutoTests" name="[25] /home/travis/build/icyphy/ptII/ptolemy/actor/lib/hoc/test/auto/IterateOverArray10.xml (RunModel)" time="0.023" />
  <testcase classname="ptolemy.util.test.junit.AutoTests" name="[26] /home/travis/build/icyphy/ptII/ptolemy/actor/lib/hoc/test/auto/IterateOverArray11.xml (RunModel)" time="0.024" />
  <testcase classname="ptolemy.util.test.junit.AutoTests" name="[27] /home/travis/build/icyphy/ptII/ptolemy/actor/lib/hoc/test/auto/IterateOverArray12.xml (RunModel)" time="0.038" />
  <testcase classname="ptolemy.util.test.junit.AutoTests" name="[28] /home/travis/build/icyphy/ptII/ptolemy/actor/lib/hoc/test/auto/IterateOverArray13.xml (RunModel)" time="0.151" />
  <testcase classname="ptolemy.util.test.junit.AutoTests" name="[29] /home/travis/build/icyphy/ptII/ptolemy/actor/lib/hoc/test/auto/IterateOverArray14.xml (RunModel)" time="0.166" />
  <testcase classname="ptolemy.util.test.junit.AutoTests" name="[30] /home/travis/build/icyphy/ptII/ptolemy/actor/lib/hoc/test/auto/IterateOverArray2.xml (RunModel)" time="0.023" />
  <testcase classname="ptolemy.util.test.junit.AutoTests" name="[31] /home/travis/build/icyphy/ptII/ptolemy/actor/lib/hoc/test/auto/IterateOverArray3.xml (RunModel)" time="0.046" />
  <testcase classname="ptolemy.util.test.junit.AutoTests" name="[32] /home/travis/build/icyphy/ptII/ptolemy/actor/lib/hoc/test/auto/IterateOverArray4.xml (RunModel)" time="0.03" />
  <testcase classname="ptolemy.util.test.junit.AutoTests" name="[33] /home/travis/build/icyphy/ptII/ptolemy/actor/lib/hoc/test/auto/IterateOverArray5.xml (RunModel)" time="0.025" />
  <testcase classname="ptolemy.util.test.junit.AutoTests" name="[34] /home/travis/build/icyphy/ptII/ptolemy/actor/lib/hoc/test/auto/IterateOverArray6.xml (RunModel)" time="0.019" />
  <testcase classname="ptolemy.util.test.junit.AutoTests" name="[35] /home/travis/build/icyphy/ptII/ptolemy/actor/lib/hoc/test/auto/IterateOverArray7.xml (RunModel)" time="0.027" />
  <testcase classname="ptolemy.util.test.junit.AutoTests" name="[36] /home/travis/build/icyphy/ptII/ptolemy/actor/lib/hoc/test/auto/IterateOverArray8.xml (RunModel)" time="0.026" />
  <testcase classname="ptolemy.util.test.junit.AutoTests" name="[37] /home/travis/build/icyphy/ptII/ptolemy/actor/lib/hoc/test/auto/IterateOverArray9.xml (RunModel)" time="0.035" />
  <testcase classname="ptolemy.util.test.junit.AutoTests" name="[38] /home/travis/build/icyphy/ptII/ptolemy/actor/lib/hoc/test/auto/IterateOverArrayCoercedOutputType.xml (RunModel)" time="0.047" />
  <testcase classname="ptolemy.util.test.junit.AutoTests" name="[39] /home/travis/build/icyphy/ptII/ptolemy/actor/lib/hoc/test/auto/IterateOverArrayInferredOutputType.xml (RunModel)" time="0.033" />
  <testcase classname="ptolemy.util.test.junit.AutoTests" name="[40] /home/travis/build/icyphy/ptII/ptolemy/actor/lib/hoc/test/auto/MobileFunctionTest.xml (RunModel)" time="0.02" />
  <testcase classname="ptolemy.util.test.junit.AutoTests" name="[41] /home/travis/build/icyphy/ptII/ptolemy/actor/lib/hoc/test/auto/MobileModelTest.xml (RunModel)" time="0.189" />
  <testcase classname="ptolemy.util.test.junit.AutoTests" name="[42] /home/travis/build/icyphy/ptII/ptolemy/actor/lib/hoc/test/auto/ModelReference.xml (RunModel)" time="0.099" />
  <testcase classname="ptolemy.util.test.junit.AutoTests" name="[43] /home/travis/build/icyphy/ptII/ptolemy/actor/lib/hoc/test/auto/ModelReference3.xml (RunModel)" time="0.053" />
  <testcase classname="ptolemy.util.test.junit.AutoTests" name="[44] /home/travis/build/icyphy/ptII/ptolemy/actor/lib/hoc/test/auto/ModelReference4.xml (RunModel)" time="10.056" />
  <testcase classname="ptolemy.util.test.junit.AutoTests" name="[45] /home/travis/build/icyphy/ptII/ptolemy/actor/lib/hoc/test/auto/MultiInstanceComposite.xml (RunModel)" time="0.059" />
  <testcase classname="ptolemy.util.test.junit.AutoTests" name="[46] /home/travis/build/icyphy/ptII/ptolemy/actor/lib/hoc/test/auto/MultiInstanceComposite2.xml (RunModel)" time="0.048" />
  <testcase classname="ptolemy.util.test.junit.AutoTests" name="[47] /home/travis/build/icyphy/ptII/ptolemy/actor/lib/hoc/test/auto/MulticoreExecution.xml (RunModel)" time="1.093" />
  <testcase classname="ptolemy.util.test.junit.AutoTests" name="[48] /home/travis/build/icyphy/ptII/ptolemy/actor/lib/hoc/test/auto/ParallelExecution.xml (RunModel)" time="0.94" />
  <testcase classname="ptolemy.util.test.junit.AutoTests" name="[49] /home/travis/build/icyphy/ptII/ptolemy/actor/lib/hoc/test/auto/RunCompositeActor.xml (RunModel)" time="0.028" />
  <testcase classname="ptolemy.util.test.junit.AutoTests" name="[50] /home/travis/build/icyphy/ptII/ptolemy/actor/lib/hoc/test/auto/RunCompositeActor2.xml (RunModel)" time="0.028" />
  <testcase classname="ptolemy.util.test.junit.AutoTests" name="[51] /home/travis/build/icyphy/ptII/ptolemy/actor/lib/hoc/test/auto/RunCompositeActor3.xml (RunModel)" time="0.02" />
  <testcase classname="ptolemy.util.test.junit.AutoTests" name="[52] /home/travis/build/icyphy/ptII/ptolemy/actor/lib/hoc/test/auto/RunCompositeActor4.xml (RunModel)" time="0.044" />
  <testcase classname="ptolemy.util.test.junit.AutoTests" name="[53] /home/travis/build/icyphy/ptII/ptolemy/actor/lib/hoc/test/auto/RunCompositeIterateOverArray.xml (RunModel)" time="0.03" />
  <testcase classname="ptolemy.util.test.junit.AutoTests" name="[54] /home/travis/build/icyphy/ptII/ptolemy/actor/lib/hoc/test/auto/ThreadedJS.xml (RunModel)" time="14.074" />
  <system-out><![CDATA[/home/travis/build/icyphy/ptII/ptolemy/actor/lib/hoc/test/IterateOverArray.tcl
testDefs.tcl: setting time out to 9000 seconds at Fri Sep 13 05:43:47 UTC 2019
09/13/19 05:43:47
Failed: 0  Total Tests: 2  ((Passed: 2, Newly Passed: 0)  Known Failed: 0) /home/travis/build/icyphy/ptII/ptolemy/actor/lib/hoc/test
----------------- testing (KnownFailure) /home/travis/build/icyphy/ptII/ptolemy/actor/lib/hoc/test/auto/knownFailedTests/PreinitializeMustBeInvokedRunComposite.xml
90 ms. Memory: 120832K Free: 79816K (66%)
Known Failure: java.lang.reflect.InvocationTargetException
No auto/linux-amd64/*.xml tests in /home/travis/build/icyphy/ptII/ptolemy/actor/lib/hoc/test
AutoTests.java: About to close Vertx.
AutoTests.java: Vertx closed.

===========================================================================================
----------------- testing Fri Sep 13 05:43:48 UTC 2019 /home/travis/build/icyphy/ptII/ptolemy/actor/lib/hoc/test/auto/AllToAllMultiInstanceComposite.xml
----------------- Instantiating /home/travis/build/icyphy/ptII/ptolemy/actor/lib/hoc/test/auto/AllToAllMultiInstanceComposite.xml
288 ms. Memory: 120832K Free: 101069K (84%)
----------------- Invoking toplevel() on ptolemy.moml.MoMLSimpleApplication@6c50299f
----------------- Done invoking toplevel() on ptolemy.moml.MoMLSimpleApplication@6c50299f
reloadAllAccessors: .AllToAllMultiInstanceComposite

===========================================================================================
----------------- testing Fri Sep 13 05:43:49 UTC 2019 /home/travis/build/icyphy/ptII/ptolemy/actor/lib/hoc/test/auto/ApplyFFTTest.xml
----------------- Instantiating /home/travis/build/icyphy/ptII/ptolemy/actor/lib/hoc/test/auto/ApplyFFTTest.xml
157 ms. Memory: 120832K Free: 82215K (68%)
----------------- Invoking toplevel() on ptolemy.moml.MoMLSimpleApplication@fc714dc
----------------- Done invoking toplevel() on ptolemy.moml.MoMLSimpleApplication@fc714dc
reloadAllAccessors: .ApplyFFTTest

===========================================================================================
----------------- testing Fri Sep 13 05:43:49 UTC 2019 /home/travis/build/icyphy/ptII/ptolemy/actor/lib/hoc/test/auto/ApplyFunction.xml
----------------- Instantiating /home/travis/build/icyphy/ptII/ptolemy/actor/lib/hoc/test/auto/ApplyFunction.xml
16 ms. Memory: 120832K Free: 79360K (66%)
----------------- Invoking toplevel() on ptolemy.moml.MoMLSimpleApplication@1f293f9d
----------------- Done invoking toplevel() on ptolemy.moml.MoMLSimpleApplication@1f293f9d
reloadAllAccessors: .ApplyFunction

===========================================================================================
----------------- testing Fri Sep 13 05:43:49 UTC 2019 /home/travis/build/icyphy/ptII/ptolemy/actor/lib/hoc/test/auto/BackgroundExecution.xml
----------------- Instantiating /home/travis/build/icyphy/ptII/ptolemy/actor/lib/hoc/test/auto/BackgroundExecution.xml
664 ms. Memory: 120832K Free: 104020K (86%)
----------------- Invoking toplevel() on ptolemy.moml.MoMLSimpleApplication@77c3ecf5
----------------- Done invoking toplevel() on ptolemy.moml.MoMLSimpleApplication@77c3ecf5
reloadAllAccessors: .BackgroundExecution

===========================================================================================
----------------- testing Fri Sep 13 05:43:50 UTC 2019 /home/travis/build/icyphy/ptII/ptolemy/actor/lib/hoc/test/auto/Case.xml
----------------- Instantiating /home/travis/build/icyphy/ptII/ptolemy/actor/lib/hoc/test/auto/Case.xml
32 ms. Memory: 120832K Free: 96645K (80%)
----------------- Invoking toplevel() on ptolemy.moml.MoMLSimpleApplication@4af88e31
----------------- Done invoking toplevel() on ptolemy.moml.MoMLSimpleApplication@4af88e31
reloadAllAccessors: .Case

===========================================================================================
----------------- testing Fri Sep 13 05:43:50 UTC 2019 /home/travis/build/icyphy/ptII/ptolemy/actor/lib/hoc/test/auto/Case1.xml
----------------- Instantiating /home/travis/build/icyphy/ptII/ptolemy/actor/lib/hoc/test/auto/Case1.xml
20 ms. Memory: 120832K Free: 90476K (75%)
----------------- Invoking toplevel() on ptolemy.moml.MoMLSimpleApplication@77534cc2
----------------- Done invoking toplevel() on ptolemy.moml.MoMLSimpleApplication@77534cc2
reloadAllAccessors: .Case1

===========================================================================================
----------------- testing Fri Sep 13 05:43:50 UTC 2019 /home/travis/build/icyphy/ptII/ptolemy/actor/lib/hoc/test/auto/Case2.xml
----------------- Instantiating /home/travis/build/icyphy/ptII/ptolemy/actor/lib/hoc/test/auto/Case2.xml
68 ms. Memory: 120832K Free: 80261K (66%)
----------------- Invoking toplevel() on ptolemy.moml.MoMLSimpleApplication@1cba579d
----------------- Done invoking toplevel() on ptolemy.moml.MoMLSimpleApplication@1cba579d
reloadAllAccessors: .Case2

===========================================================================================
----------------- testing Fri Sep 13 05:43:50 UTC 2019 /home/travis/build/icyphy/ptII/ptolemy/actor/lib/hoc/test/auto/Case3.xml
----------------- Instantiating /home/travis/build/icyphy/ptII/ptolemy/actor/lib/hoc/test/auto/Case3.xml
7 ms. Memory: 120832K Free: 74495K (62%)
----------------- Invoking toplevel() on ptolemy.moml.MoMLSimpleApplication@7dfdd7
----------------- Done invoking toplevel() on ptolemy.moml.MoMLSimpleApplication@7dfdd7
reloadAllAccessors: .Case3

===========================================================================================
----------------- testing Fri Sep 13 05:43:50 UTC 2019 /home/travis/build/icyphy/ptII/ptolemy/actor/lib/hoc/test/auto/Case4.xml
----------------- Instantiating /home/travis/build/icyphy/ptII/ptolemy/actor/lib/hoc/test/auto/Case4.xml
19 ms. Memory: 120832K Free: 66949K (55%)
----------------- Invoking toplevel() on ptolemy.moml.MoMLSimpleApplication@77a24747
----------------- Done invoking toplevel() on ptolemy.moml.MoMLSimpleApplication@77a24747
reloadAllAccessors: .Case4

===========================================================================================
----------------- testing Fri Sep 13 05:43:50 UTC 2019 /home/travis/build/icyphy/ptII/ptolemy/actor/lib/hoc/test/auto/Case5.xml
----------------- Instantiating /home/travis/build/icyphy/ptII/ptolemy/actor/lib/hoc/test/auto/Case5.xml
57 ms. Memory: 120832K Free: 101347K (84%)
----------------- Invoking toplevel() on ptolemy.moml.MoMLSimpleApplication@457aa68b
----------------- Done invoking toplevel() on ptolemy.moml.MoMLSimpleApplication@457aa68b
reloadAllAccessors: .junk

===========================================================================================
----------------- testing Fri Sep 13 05:43:50 UTC 2019 /home/travis/build/icyphy/ptII/ptolemy/actor/lib/hoc/test/auto/Case6.xml
----------------- Instantiating /home/travis/build/icyphy/ptII/ptolemy/actor/lib/hoc/test/auto/Case6.xml
24 ms. Memory: 120832K Free: 89744K (74%)
----------------- Invoking toplevel() on ptolemy.moml.MoMLSimpleApplication@7333510c
----------------- Done invoking toplevel() on ptolemy.moml.MoMLSimpleApplication@7333510c
reloadAllAccessors: .Case6

===========================================================================================
----------------- testing Fri Sep 13 05:43:50 UTC 2019 /home/travis/build/icyphy/ptII/ptolemy/actor/lib/hoc/test/auto/CaseString2.xml
----------------- Instantiating /home/travis/build/icyphy/ptII/ptolemy/actor/lib/hoc/test/auto/CaseString2.xml
9 ms. Memory: 120832K Free: 81877K (68%)
----------------- Invoking toplevel() on ptolemy.moml.MoMLSimpleApplication@1d7cfdeb
----------------- Done invoking toplevel() on ptolemy.moml.MoMLSimpleApplication@1d7cfdeb
reloadAllAccessors: .CaseString2

===========================================================================================
----------------- testing Fri Sep 13 05:43:50 UTC 2019 /home/travis/build/icyphy/ptII/ptolemy/actor/lib/hoc/test/auto/CatchUpComposite1.xml
----------------- Instantiating /home/travis/build/icyphy/ptII/ptolemy/actor/lib/hoc/test/auto/CatchUpComposite1.xml
48 ms. Memory: 120832K Free: 72675K (60%)
----------------- Invoking toplevel() on ptolemy.moml.MoMLSimpleApplication@1cf27292
----------------- Done invoking toplevel() on ptolemy.moml.MoMLSimpleApplication@1cf27292
reloadAllAccessors: .CatchUpComposite1

===========================================================================================
----------------- testing Fri Sep 13 05:43:51 UTC 2019 /home/travis/build/icyphy/ptII/ptolemy/actor/lib/hoc/test/auto/CatchUpComposite2.xml
----------------- Instantiating /home/travis/build/icyphy/ptII/ptolemy/actor/lib/hoc/test/auto/CatchUpComposite2.xml
22 ms. Memory: 120832K Free: 64825K (54%)
----------------- Invoking toplevel() on ptolemy.moml.MoMLSimpleApplication@ae05ee5
----------------- Done invoking toplevel() on ptolemy.moml.MoMLSimpleApplication@ae05ee5
reloadAllAccessors: .CatchUpComposite2

===========================================================================================
----------------- testing Fri Sep 13 05:43:51 UTC 2019 /home/travis/build/icyphy/ptII/ptolemy/actor/lib/hoc/test/auto/CatchUpComposite3.xml
----------------- Instantiating /home/travis/build/icyphy/ptII/ptolemy/actor/lib/hoc/test/auto/CatchUpComposite3.xml
27 ms. Memory: 120832K Free: 56261K (47%)
----------------- Invoking toplevel() on ptolemy.moml.MoMLSimpleApplication@7e8c81ad
----------------- Done invoking toplevel() on ptolemy.moml.MoMLSimpleApplication@7e8c81ad
reloadAllAccessors: .CatchUpComposite3

===========================================================================================
----------------- testing Fri Sep 13 05:43:51 UTC 2019 /home/travis/build/icyphy/ptII/ptolemy/actor/lib/hoc/test/auto/CatchUpComposite4.xml
----------------- Instantiating /home/travis/build/icyphy/ptII/ptolemy/actor/lib/hoc/test/auto/CatchUpComposite4.xml
18 ms. Memory: 155648K Free: 134545K (86%)
----------------- Invoking toplevel() on ptolemy.moml.MoMLSimpleApplication@4c37b732
----------------- Done invoking toplevel() on ptolemy.moml.MoMLSimpleApplication@4c37b732
reloadAllAccessors: .CatchUpComposite4

===========================================================================================
----------------- testing Fri Sep 13 05:43:51 UTC 2019 /home/travis/build/icyphy/ptII/ptolemy/actor/lib/hoc/test/auto/CatchUpComposite5.xml
----------------- Instantiating /home/travis/build/icyphy/ptII/ptolemy/actor/lib/hoc/test/auto/CatchUpComposite5.xml
17 ms. Memory: 155648K Free: 126904K (82%)
----------------- Invoking toplevel() on ptolemy.moml.MoMLSimpleApplication@5f67b0d1
----------------- Done invoking toplevel() on ptolemy.moml.MoMLSimpleApplication@5f67b0d1
reloadAllAccessors: .CatchUpComposite5

===========================================================================================
----------------- testing Fri Sep 13 05:43:51 UTC 2019 /home/travis/build/icyphy/ptII/ptolemy/actor/lib/hoc/test/auto/CatchUpComposite6.xml
----------------- Instantiating /home/travis/build/icyphy/ptII/ptolemy/actor/lib/hoc/test/auto/CatchUpComposite6.xml
WARNING: The execution aspects in this model can influence the timing of actors by delaying the 
execution, potentially changing the behavior. There is no guarantee that actors fire at the 
time they request to be fired. 
Use Ptides for deterministic DE behavior that is not influenced by execution aspects. 

69 ms. Memory: 155648K Free: 112206K (72%)
----------------- Invoking toplevel() on ptolemy.moml.MoMLSimpleApplication@4668ae4a
----------------- Done invoking toplevel() on ptolemy.moml.MoMLSimpleApplication@4668ae4a
reloadAllAccessors: .CatchUpComposite6

===========================================================================================
----------------- testing Fri Sep 13 05:43:51 UTC 2019 /home/travis/build/icyphy/ptII/ptolemy/actor/lib/hoc/test/auto/CatchUpComposite7.xml
----------------- Instantiating /home/travis/build/icyphy/ptII/ptolemy/actor/lib/hoc/test/auto/CatchUpComposite7.xml
WARNING: The execution aspects in this model can influence the timing of actors by delaying the 
execution, potentially changing the behavior. There is no guarantee that actors fire at the 
time they request to be fired. 
Use Ptides for deterministic DE behavior that is not influenced by execution aspects. 

49 ms. Memory: 155648K Free: 98286K (63%)
----------------- Invoking toplevel() on ptolemy.moml.MoMLSimpleApplication@6eb186cb
----------------- Done invoking toplevel() on ptolemy.moml.MoMLSimpleApplication@6eb186cb
reloadAllAccessors: .CatchUpComposite7

===========================================================================================
----------------- testing Fri Sep 13 05:43:51 UTC 2019 /home/travis/build/icyphy/ptII/ptolemy/actor/lib/hoc/test/auto/ConcurrentExecutionTimeSDF.xml
----------------- Instantiating /home/travis/build/icyphy/ptII/ptolemy/actor/lib/hoc/test/auto/ConcurrentExecutionTimeSDF.xml
Fired ExecutionTime: 40400000
Fired ExecutionTime: 40400000
Fired ExecutionTime: 40400000
Fired ExecutionTime: 40400000
Fired ExecutionTime: 40400000
Fired ExecutionTime: 40400000
Fired ExecutionTime: 40400000
Fired ExecutionTime: 40400000
Fired ExecutionTime: 40400000
Fired ExecutionTime: 40400000
Fired ExecutionTime: 40400000
Fired ExecutionTime: 40400000
Fired ExecutionTime: 40400000
Fired ExecutionTime: 40400000
Fired ExecutionTime: 40400000
Fired ExecutionTime: 40400000
Fired ExecutionTime: 40400000
Fired ExecutionTime: 40400000
Fired ExecutionTime: 40400000
Fired ExecutionTime: 40400000
1747 ms. Memory: 155648K Free: 91537K (59%)
----------------- Invoking toplevel() on ptolemy.moml.MoMLSimpleApplication@6b017245
----------------- Done invoking toplevel() on ptolemy.moml.MoMLSimpleApplication@6b017245
reloadAllAccessors: .ConcurrentExecutionTimeSDF

===========================================================================================
----------------- testing Fri Sep 13 05:43:53 UTC 2019 /home/travis/build/icyphy/ptII/ptolemy/actor/lib/hoc/test/auto/ConcurrentSleep.xml
----------------- Instantiating /home/travis/build/icyphy/ptII/ptolemy/actor/lib/hoc/test/auto/ConcurrentSleep.xml
732 ms. Memory: 155648K Free: 81297K (52%)
----------------- Invoking toplevel() on ptolemy.moml.MoMLSimpleApplication@1d363512
----------------- Done invoking toplevel() on ptolemy.moml.MoMLSimpleApplication@1d363512
reloadAllAccessors: .ConcurrentSleep

===========================================================================================
----------------- testing Fri Sep 13 05:43:54 UTC 2019 /home/travis/build/icyphy/ptII/ptolemy/actor/lib/hoc/test/auto/DEInPNInRunCompositeActor.xml
----------------- Instantiating /home/travis/build/icyphy/ptII/ptolemy/actor/lib/hoc/test/auto/DEInPNInRunCompositeActor.xml
14 ms. Memory: 155648K Free: 137560K (88%)
----------------- Invoking toplevel() on ptolemy.moml.MoMLSimpleApplication@6a97bb62
----------------- Done invoking toplevel() on ptolemy.moml.MoMLSimpleApplication@6a97bb62
reloadAllAccessors: .DEInPNInRunCompositeActor

===========================================================================================
----------------- testing Fri Sep 13 05:43:54 UTC 2019 /home/travis/build/icyphy/ptII/ptolemy/actor/lib/hoc/test/auto/DFTSubSetTest.xml
----------------- Instantiating /home/travis/build/icyphy/ptII/ptolemy/actor/lib/hoc/test/auto/DFTSubSetTest.xml
226 ms. Memory: 155648K Free: 94577K (61%)
----------------- Invoking toplevel() on ptolemy.moml.MoMLSimpleApplication@57f70711
----------------- Done invoking toplevel() on ptolemy.moml.MoMLSimpleApplication@57f70711
reloadAllAccessors: .DFTSubSetTest

===========================================================================================
----------------- testing Fri Sep 13 05:43:54 UTC 2019 /home/travis/build/icyphy/ptII/ptolemy/actor/lib/hoc/test/auto/HocDE.xml
----------------- Instantiating /home/travis/build/icyphy/ptII/ptolemy/actor/lib/hoc/test/auto/HocDE.xml
142 ms. Memory: 155648K Free: 69476K (45%)
----------------- Invoking toplevel() on ptolemy.moml.MoMLSimpleApplication@73455104
----------------- Done invoking toplevel() on ptolemy.moml.MoMLSimpleApplication@73455104
reloadAllAccessors: .HocDE

===========================================================================================
----------------- testing Fri Sep 13 05:43:54 UTC 2019 /home/travis/build/icyphy/ptII/ptolemy/actor/lib/hoc/test/auto/IterateOverArray.xml
----------------- Instantiating /home/travis/build/icyphy/ptII/ptolemy/actor/lib/hoc/test/auto/IterateOverArray.xml
6 ms. Memory: 155648K Free: 140071K (90%)
----------------- Invoking toplevel() on ptolemy.moml.MoMLSimpleApplication@4edfca45
----------------- Done invoking toplevel() on ptolemy.moml.MoMLSimpleApplication@4edfca45
reloadAllAccessors: .IterateOverArray

===========================================================================================
----------------- testing Fri Sep 13 05:43:54 UTC 2019 /home/travis/build/icyphy/ptII/ptolemy/actor/lib/hoc/test/auto/IterateOverArray10.xml
----------------- Instantiating /home/travis/build/icyphy/ptII/ptolemy/actor/lib/hoc/test/auto/IterateOverArray10.xml
5 ms. Memory: 155648K Free: 136519K (88%)
----------------- Invoking toplevel() on ptolemy.moml.MoMLSimpleApplication@69fb7fa5
----------------- Done invoking toplevel() on ptolemy.moml.MoMLSimpleApplication@69fb7fa5
reloadAllAccessors: .IterateOverArray10

===========================================================================================
----------------- testing Fri Sep 13 05:43:54 UTC 2019 /home/travis/build/icyphy/ptII/ptolemy/actor/lib/hoc/test/auto/IterateOverArray11.xml
----------------- Instantiating /home/travis/build/icyphy/ptII/ptolemy/actor/lib/hoc/test/auto/IterateOverArray11.xml
6 ms. Memory: 155648K Free: 132421K (85%)
----------------- Invoking toplevel() on ptolemy.moml.MoMLSimpleApplication@79ef2569
----------------- Done invoking toplevel() on ptolemy.moml.MoMLSimpleApplication@79ef2569
reloadAllAccessors: .IterateOverArray11

===========================================================================================
----------------- testing Fri Sep 13 05:43:54 UTC 2019 /home/travis/build/icyphy/ptII/ptolemy/actor/lib/hoc/test/auto/IterateOverArray12.xml
----------------- Instantiating /home/travis/build/icyphy/ptII/ptolemy/actor/lib/hoc/test/auto/IterateOverArray12.xml
18 ms. Memory: 155648K Free: 126279K (81%)
----------------- Invoking toplevel() on ptolemy.moml.MoMLSimpleApplication@71981091
----------------- Done invoking toplevel() on ptolemy.moml.MoMLSimpleApplication@71981091
reloadAllAccessors: .IterateOverArray12

===========================================================================================
----------------- testing Fri Sep 13 05:43:55 UTC 2019 /home/travis/build/icyphy/ptII/ptolemy/actor/lib/hoc/test/auto/IterateOverArray13.xml
----------------- Instantiating /home/travis/build/icyphy/ptII/ptolemy/actor/lib/hoc/test/auto/IterateOverArray13.xml
72 ms. Memory: 155648K Free: 96583K (62%)
----------------- Invoking toplevel() on ptolemy.moml.MoMLSimpleApplication@594f7a18
----------------- Done invoking toplevel() on ptolemy.moml.MoMLSimpleApplication@594f7a18
reloadAllAccessors: .IterateOverArray13

===========================================================================================
----------------- testing Fri Sep 13 05:43:55 UTC 2019 /home/travis/build/icyphy/ptII/ptolemy/actor/lib/hoc/test/auto/IterateOverArray14.xml
----------------- Instantiating /home/travis/build/icyphy/ptII/ptolemy/actor/lib/hoc/test/auto/IterateOverArray14.xml
62 ms. Memory: 155648K Free: 63815K (41%)
----------------- Invoking toplevel() on ptolemy.moml.MoMLSimpleApplication@6a0fdf36
----------------- Done invoking toplevel() on ptolemy.moml.MoMLSimpleApplication@6a0fdf36
reloadAllAccessors: .IterateOverArray14

===========================================================================================
----------------- testing Fri Sep 13 05:43:55 UTC 2019 /home/travis/build/icyphy/ptII/ptolemy/actor/lib/hoc/test/auto/IterateOverArray2.xml
----------------- Instantiating /home/travis/build/icyphy/ptII/ptolemy/actor/lib/hoc/test/auto/IterateOverArray2.xml
7 ms. Memory: 155648K Free: 59205K (38%)
----------------- Invoking toplevel() on ptolemy.moml.MoMLSimpleApplication@dd0d931
----------------- Done invoking toplevel() on ptolemy.moml.MoMLSimpleApplication@dd0d931
reloadAllAccessors: .IterateOverArray2

===========================================================================================
----------------- testing Fri Sep 13 05:43:55 UTC 2019 /home/travis/build/icyphy/ptII/ptolemy/actor/lib/hoc/test/auto/IterateOverArray3.xml
----------------- Instantiating /home/travis/build/icyphy/ptII/ptolemy/actor/lib/hoc/test/auto/IterateOverArray3.xml
11 ms. Memory: 155648K Free: 136785K (88%)
----------------- Invoking toplevel() on ptolemy.moml.MoMLSimpleApplication@3deb077c
----------------- Done invoking toplevel() on ptolemy.moml.MoMLSimpleApplication@3deb077c
reloadAllAccessors: .IterateOverArray3

===========================================================================================
----------------- testing Fri Sep 13 05:43:55 UTC 2019 /home/travis/build/icyphy/ptII/ptolemy/actor/lib/hoc/test/auto/IterateOverArray4.xml
----------------- Instantiating /home/travis/build/icyphy/ptII/ptolemy/actor/lib/hoc/test/auto/IterateOverArray4.xml
11 ms. Memory: 155648K Free: 132689K (85%)
----------------- Invoking toplevel() on ptolemy.moml.MoMLSimpleApplication@3ace922b
----------------- Done invoking toplevel() on ptolemy.moml.MoMLSimpleApplication@3ace922b
reloadAllAccessors: .IterateOverArray4

===========================================================================================
----------------- testing Fri Sep 13 05:43:55 UTC 2019 /home/travis/build/icyphy/ptII/ptolemy/actor/lib/hoc/test/auto/IterateOverArray5.xml
----------------- Instantiating /home/travis/build/icyphy/ptII/ptolemy/actor/lib/hoc/test/auto/IterateOverArray5.xml
4 ms. Memory: 155648K Free: 128593K (83%)
----------------- Invoking toplevel() on ptolemy.moml.MoMLSimpleApplication@44903ab8
----------------- Done invoking toplevel() on ptolemy.moml.MoMLSimpleApplication@44903ab8
reloadAllAccessors: .IterateOverArray5

===========================================================================================
----------------- testing Fri Sep 13 05:43:55 UTC 2019 /home/travis/build/icyphy/ptII/ptolemy/actor/lib/hoc/test/auto/IterateOverArray6.xml
----------------- Instantiating /home/travis/build/icyphy/ptII/ptolemy/actor/lib/hoc/test/auto/IterateOverArray6.xml
3 ms. Memory: 155648K Free: 125011K (80%)
----------------- Invoking toplevel() on ptolemy.moml.MoMLSimpleApplication@6b4baebf
----------------- Done invoking toplevel() on ptolemy.moml.MoMLSimpleApplication@6b4baebf
reloadAllAccessors: .IterateOverArray6

===========================================================================================
----------------- testing Fri Sep 13 05:43:55 UTC 2019 /home/travis/build/icyphy/ptII/ptolemy/actor/lib/hoc/test/auto/IterateOverArray7.xml
----------------- Instantiating /home/travis/build/icyphy/ptII/ptolemy/actor/lib/hoc/test/auto/IterateOverArray7.xml
4 ms. Memory: 155648K Free: 120401K (77%)
----------------- Invoking toplevel() on ptolemy.moml.MoMLSimpleApplication@5f5093ae
----------------- Done invoking toplevel() on ptolemy.moml.MoMLSimpleApplication@5f5093ae
reloadAllAccessors: .IterateOverArray7

===========================================================================================
----------------- testing Fri Sep 13 05:43:55 UTC 2019 /home/travis/build/icyphy/ptII/ptolemy/actor/lib/hoc/test/auto/IterateOverArray8.xml
----------------- Instantiating /home/travis/build/icyphy/ptII/ptolemy/actor/lib/hoc/test/auto/IterateOverArray8.xml
3 ms. Memory: 155648K Free: 116305K (75%)
----------------- Invoking toplevel() on ptolemy.moml.MoMLSimpleApplication@368f6fe6
----------------- Done invoking toplevel() on ptolemy.moml.MoMLSimpleApplication@368f6fe6
reloadAllAccessors: .IterateOverArray8

===========================================================================================
----------------- testing Fri Sep 13 05:43:55 UTC 2019 /home/travis/build/icyphy/ptII/ptolemy/actor/lib/hoc/test/auto/IterateOverArray9.xml
----------------- Instantiating /home/travis/build/icyphy/ptII/ptolemy/actor/lib/hoc/test/auto/IterateOverArray9.xml
11 ms. Memory: 155648K Free: 112209K (72%)
----------------- Invoking toplevel() on ptolemy.moml.MoMLSimpleApplication@77769a50
----------------- Done invoking toplevel() on ptolemy.moml.MoMLSimpleApplication@77769a50
reloadAllAccessors: .IterateOverArray9

===========================================================================================
----------------- testing Fri Sep 13 05:43:55 UTC 2019 /home/travis/build/icyphy/ptII/ptolemy/actor/lib/hoc/test/auto/IterateOverArrayCoercedOutputType.xml
----------------- Instantiating /home/travis/build/icyphy/ptII/ptolemy/actor/lib/hoc/test/auto/IterateOverArrayCoercedOutputType.xml
8 ms. Memory: 155648K Free: 107089K (69%)
----------------- Invoking toplevel() on ptolemy.moml.MoMLSimpleApplication@6e2c4ebe
----------------- Done invoking toplevel() on ptolemy.moml.MoMLSimpleApplication@6e2c4ebe
reloadAllAccessors: .IterateOverArrayCoercedOutputType

===========================================================================================
----------------- testing Fri Sep 13 05:43:55 UTC 2019 /home/travis/build/icyphy/ptII/ptolemy/actor/lib/hoc/test/auto/IterateOverArrayInferredOutputType.xml
----------------- Instantiating /home/travis/build/icyphy/ptII/ptolemy/actor/lib/hoc/test/auto/IterateOverArrayInferredOutputType.xml
15 ms. Memory: 155648K Free: 102483K (66%)
----------------- Invoking toplevel() on ptolemy.moml.MoMLSimpleApplication@adf94b1
----------------- Done invoking toplevel() on ptolemy.moml.MoMLSimpleApplication@adf94b1
reloadAllAccessors: .IterateOverArrayInferredOutputType

===========================================================================================
----------------- testing Fri Sep 13 05:43:55 UTC 2019 /home/travis/build/icyphy/ptII/ptolemy/actor/lib/hoc/test/auto/MobileFunctionTest.xml
----------------- Instantiating /home/travis/build/icyphy/ptII/ptolemy/actor/lib/hoc/test/auto/MobileFunctionTest.xml
4 ms. Memory: 155648K Free: 97843K (63%)
----------------- Invoking toplevel() on ptolemy.moml.MoMLSimpleApplication@48074dad
----------------- Done invoking toplevel() on ptolemy.moml.MoMLSimpleApplication@48074dad
reloadAllAccessors: .MobileFunctionTest

===========================================================================================
----------------- testing Fri Sep 13 05:43:55 UTC 2019 /home/travis/build/icyphy/ptII/ptolemy/actor/lib/hoc/test/auto/MobileModelTest.xml
----------------- Instantiating /home/travis/build/icyphy/ptII/ptolemy/actor/lib/hoc/test/auto/MobileModelTest.xml
161 ms. Memory: 155648K Free: 76883K (49%)
----------------- Invoking toplevel() on ptolemy.moml.MoMLSimpleApplication@34553d95
----------------- Done invoking toplevel() on ptolemy.moml.MoMLSimpleApplication@34553d95
reloadAllAccessors: .MobileModelTest

===========================================================================================
----------------- testing Fri Sep 13 05:43:55 UTC 2019 /home/travis/build/icyphy/ptII/ptolemy/actor/lib/hoc/test/auto/ModelReference.xml
----------------- Instantiating /home/travis/build/icyphy/ptII/ptolemy/actor/lib/hoc/test/auto/ModelReference.xml
5 ms. Memory: 155648K Free: 70225K (45%)
2 ms. Memory: 155648K Free: 69715K (45%)
2 ms. Memory: 155648K Free: 68691K (44%)
6 ms. Memory: 155648K Free: 68147K (44%)
2 ms. Memory: 155648K Free: 67139K (43%)
4 ms. Memory: 155648K Free: 66129K (42%)
1 ms. Memory: 155648K Free: 65619K (42%)
3 ms. Memory: 155648K Free: 64595K (42%)
2 ms. Memory: 155648K Free: 63571K (41%)
1 ms. Memory: 155648K Free: 63057K (41%)
40 ms. Memory: 155648K Free: 63057K (41%)
----------------- Invoking toplevel() on ptolemy.moml.MoMLSimpleApplication@2887dbc2
----------------- Done invoking toplevel() on ptolemy.moml.MoMLSimpleApplication@2887dbc2
reloadAllAccessors: .ModelReference

===========================================================================================
----------------- testing Fri Sep 13 05:43:56 UTC 2019 /home/travis/build/icyphy/ptII/ptolemy/actor/lib/hoc/test/auto/ModelReference3.xml
----------------- Instantiating /home/travis/build/icyphy/ptII/ptolemy/actor/lib/hoc/test/auto/ModelReference3.xml
2 ms. Memory: 155648K Free: 58451K (38%)
4 ms. Memory: 155648K Free: 57907K (37%)
2 ms. Memory: 155648K Free: 56913K (37%)
4 ms. Memory: 155648K Free: 56403K (36%)
3 ms. Memory: 155648K Free: 55379K (36%)
1 ms. Memory: 155648K Free: 54355K (35%)
4 ms. Memory: 155648K Free: 53827K (35%)
4 ms. Memory: 155648K Free: 52817K (34%)
3 ms. Memory: 155648K Free: 52307K (34%)
2 ms. Memory: 155648K Free: 51283K (33%)
39 ms. Memory: 155648K Free: 51283K (33%)
----------------- Invoking toplevel() on ptolemy.moml.MoMLSimpleApplication@16a57660
----------------- Done invoking toplevel() on ptolemy.moml.MoMLSimpleApplication@16a57660
reloadAllAccessors: .ModelReference3

===========================================================================================
----------------- testing Fri Sep 13 05:43:56 UTC 2019 /home/travis/build/icyphy/ptII/ptolemy/actor/lib/hoc/test/auto/ModelReference4.xml
----------------- Instantiating /home/travis/build/icyphy/ptII/ptolemy/actor/lib/hoc/test/auto/ModelReference4.xml
4 ms. Memory: 155648K Free: 135579K (87%)
2 ms. Memory: 155648K Free: 134547K (86%)
3 ms. Memory: 155648K Free: 132483K (85%)
2 ms. Memory: 155648K Free: 131489K (84%)
2 ms. Memory: 155648K Free: 129955K (83%)
4 ms. Memory: 155648K Free: 128931K (83%)
7 ms. Memory: 155648K Free: 127907K (82%)
2 ms. Memory: 155648K Free: 126339K (81%)
2 ms. Memory: 155648K Free: 125345K (81%)
2 ms. Memory: 155648K Free: 123811K (80%)
10018 ms. Memory: 155648K Free: 123811K (80%)
----------------- Invoking toplevel() on ptolemy.moml.MoMLSimpleApplication@78f33eb
----------------- Done invoking toplevel() on ptolemy.moml.MoMLSimpleApplication@78f33eb
reloadAllAccessors: .ModelReference4

===========================================================================================
----------------- testing Fri Sep 13 05:44:06 UTC 2019 /home/travis/build/icyphy/ptII/ptolemy/actor/lib/hoc/test/auto/MultiInstanceComposite.xml
----------------- Instantiating /home/travis/build/icyphy/ptII/ptolemy/actor/lib/hoc/test/auto/MultiInstanceComposite.xml
29 ms. Memory: 155648K Free: 104865K (67%)
----------------- Invoking toplevel() on ptolemy.moml.MoMLSimpleApplication@1e9fe4d4
----------------- Done invoking toplevel() on ptolemy.moml.MoMLSimpleApplication@1e9fe4d4
reloadAllAccessors: .MultiInstanceComposite

===========================================================================================
----------------- testing Fri Sep 13 05:44:06 UTC 2019 /home/travis/build/icyphy/ptII/ptolemy/actor/lib/hoc/test/auto/MultiInstanceComposite2.xml
----------------- Instantiating /home/travis/build/icyphy/ptII/ptolemy/actor/lib/hoc/test/auto/MultiInstanceComposite2.xml
29 ms. Memory: 155648K Free: 93601K (60%)
----------------- Invoking toplevel() on ptolemy.moml.MoMLSimpleApplication@7beebe8d
----------------- Done invoking toplevel() on ptolemy.moml.MoMLSimpleApplication@7beebe8d
reloadAllAccessors: .MultiInstanceComposite2

===========================================================================================
----------------- testing Fri Sep 13 05:44:06 UTC 2019 /home/travis/build/icyphy/ptII/ptolemy/actor/lib/hoc/test/auto/MulticoreExecution.xml
----------------- Instantiating /home/travis/build/icyphy/ptII/ptolemy/actor/lib/hoc/test/auto/MulticoreExecution.xml
Fired ExecutionTime: 2400000
Fired ExecutionTime: 2800000
Fired ExecutionTime: 68000000
Fired ExecutionTime: 70800000
Fired ExecutionTime: 88000000
Fired ExecutionTime: 91600000
Fired ExecutionTime: 90400000
Fired ExecutionTime: 90400000
Fired ExecutionTime: 90400000
Fired ExecutionTime: 92000000
Fired ExecutionTime: 92000000
Fired ExecutionTime: 91200000
Fired ExecutionTime: 88400000
Fired ExecutionTime: 87200000
Fired ExecutionTime: 89200000
Fired ExecutionTime: 88800000
Fired ExecutionTime: 88800000
Fired ExecutionTime: 95600000
Fired ExecutionTime: 89600000
Fired ExecutionTime: 89600000
1066 ms. Memory: 155648K Free: 84385K (54%)
----------------- Invoking toplevel() on ptolemy.moml.MoMLSimpleApplication@28f1a69a
----------------- Done invoking toplevel() on ptolemy.moml.MoMLSimpleApplication@28f1a69a
reloadAllAccessors: .MulticoreExecution

===========================================================================================
----------------- testing Fri Sep 13 05:44:07 UTC 2019 /home/travis/build/icyphy/ptII/ptolemy/actor/lib/hoc/test/auto/ParallelExecution.xml
----------------- Instantiating /home/travis/build/icyphy/ptII/ptolemy/actor/lib/hoc/test/auto/ParallelExecution.xml
918 ms. Memory: 155648K Free: 76707K (49%)
----------------- Invoking toplevel() on ptolemy.moml.MoMLSimpleApplication@2aafa4b6
----------------- Done invoking toplevel() on ptolemy.moml.MoMLSimpleApplication@2aafa4b6
reloadAllAccessors: .ParallelExecution

===========================================================================================
----------------- testing Fri Sep 13 05:44:08 UTC 2019 /home/travis/build/icyphy/ptII/ptolemy/actor/lib/hoc/test/auto/RunCompositeActor.xml
----------------- Instantiating /home/travis/build/icyphy/ptII/ptolemy/actor/lib/hoc/test/auto/RunCompositeActor.xml
8 ms. Memory: 155648K Free: 69539K (45%)
----------------- Invoking toplevel() on ptolemy.moml.MoMLSimpleApplication@3beb5840
----------------- Done invoking toplevel() on ptolemy.moml.MoMLSimpleApplication@3beb5840
reloadAllAccessors: .RunCompositeActor

===========================================================================================
----------------- testing Fri Sep 13 05:44:08 UTC 2019 /home/travis/build/icyphy/ptII/ptolemy/actor/lib/hoc/test/auto/RunCompositeActor2.xml
----------------- Instantiating /home/travis/build/icyphy/ptII/ptolemy/actor/lib/hoc/test/auto/RunCompositeActor2.xml
11 ms. Memory: 155648K Free: 63395K (41%)
----------------- Invoking toplevel() on ptolemy.moml.MoMLSimpleApplication@785c573
----------------- Done invoking toplevel() on ptolemy.moml.MoMLSimpleApplication@785c573
reloadAllAccessors: .RunCompositeActor2

===========================================================================================
----------------- testing Fri Sep 13 05:44:08 UTC 2019 /home/travis/build/icyphy/ptII/ptolemy/actor/lib/hoc/test/auto/RunCompositeActor3.xml
----------------- Instantiating /home/travis/build/icyphy/ptII/ptolemy/actor/lib/hoc/test/auto/RunCompositeActor3.xml
4 ms. Memory: 155648K Free: 57761K (37%)
----------------- Invoking toplevel() on ptolemy.moml.MoMLSimpleApplication@4c19011f
----------------- Done invoking toplevel() on ptolemy.moml.MoMLSimpleApplication@4c19011f
reloadAllAccessors: .RunCompositeActor3

===========================================================================================
----------------- testing Fri Sep 13 05:44:08 UTC 2019 /home/travis/build/icyphy/ptII/ptolemy/actor/lib/hoc/test/auto/RunCompositeActor4.xml
----------------- Instantiating /home/travis/build/icyphy/ptII/ptolemy/actor/lib/hoc/test/auto/RunCompositeActor4.xml
28 ms. Memory: 155648K Free: 140336K (90%)
----------------- Invoking toplevel() on ptolemy.moml.MoMLSimpleApplication@1646a4a8
----------------- Done invoking toplevel() on ptolemy.moml.MoMLSimpleApplication@1646a4a8
reloadAllAccessors: .RunCompositeActor4

===========================================================================================
----------------- testing Fri Sep 13 05:44:08 UTC 2019 /home/travis/build/icyphy/ptII/ptolemy/actor/lib/hoc/test/auto/RunCompositeIterateOverArray.xml
----------------- Instantiating /home/travis/build/icyphy/ptII/ptolemy/actor/lib/hoc/test/auto/RunCompositeIterateOverArray.xml
6 ms. Memory: 155648K Free: 134576K (86%)
----------------- Invoking toplevel() on ptolemy.moml.MoMLSimpleApplication@71efb87e
----------------- Done invoking toplevel() on ptolemy.moml.MoMLSimpleApplication@71efb87e
reloadAllAccessors: .RunCompositeIterateOverArray

===========================================================================================
----------------- testing Fri Sep 13 05:44:08 UTC 2019 /home/travis/build/icyphy/ptII/ptolemy/actor/lib/hoc/test/auto/ThreadedJS.xml
----------------- Instantiating /home/travis/build/icyphy/ptII/ptolemy/actor/lib/hoc/test/auto/ThreadedJS.xml
6514 ms. Memory: 225280K Free: 59455K (26%)
----------------- Invoking toplevel() on ptolemy.moml.MoMLSimpleApplication@3eb64461
----------------- Done invoking toplevel() on ptolemy.moml.MoMLSimpleApplication@3eb64461
reloadAllAccessors: .ThreadedJS
AutoTests.java: About to close Vertx.
AutoTests.java: Vertx closed.
]]></system-out>
  <system-err><![CDATA[java.lang.RuntimeException: Execution failed
	at ptolemy.moml.MoMLSimpleApplication$UnloadThread.run(MoMLSimpleApplication.java:402)
Caused by: ptolemy.kernel.util.IllegalActionException: initialize() was called after wrapup() was called but preinitialize() was not called after wrapup().
	at ptolemy.actor.lib.hoc.test.PreinitializeMustBeInvoked.initialize(PreinitializeMustBeInvoked.java:78)
	at ptolemy.actor.Director.initialize(Director.java:938)
	at ptolemy.actor.Director.initialize(Director.java:907)
	at ptolemy.actor.sched.StaticSchedulingDirector.initialize(StaticSchedulingDirector.java:159)
	at ptolemy.domains.sdf.kernel.SDFDirector.initialize(SDFDirector.java:544)
	at ptolemy.actor.CompositeActor.initialize(CompositeActor.java:935)
	at ptolemy.actor.lib.hoc.LifeCycleManager._executeInsideModel(LifeCycleManager.java:339)
	at ptolemy.actor.lib.hoc.RunCompositeActor.fire(RunCompositeActor.java:205)
	at ptolemy.actor.CompositeActor.iterate(CompositeActor.java:1146)
	at ptolemy.actor.sched.StaticSchedulingDirector.fire(StaticSchedulingDirector.java:216)
	at ptolemy.domains.sdf.kernel.SDFDirector.fire(SDFDirector.java:500)
	at ptolemy.actor.CompositeActor.fire(CompositeActor.java:455)
	at ptolemy.actor.Manager.iterate(Manager.java:851)
	at ptolemy.actor.Manager.execute(Manager.java:369)
	at ptolemy.actor.Manager.run(Manager.java:1263)
	at ptolemy.actor.Manager$PtolemyRunThread.run(Manager.java:1933)
java.lang.reflect.InvocationTargetException
	at java.base/jdk.internal.reflect.NativeConstructorAccessorImpl.newInstance0(Native Method)
	at java.base/jdk.internal.reflect.NativeConstructorAccessorImpl.newInstance(NativeConstructorAccessorImpl.java:62)
	at java.base/jdk.internal.reflect.DelegatingConstructorAccessorImpl.newInstance(DelegatingConstructorAccessorImpl.java:45)
	at java.base/java.lang.reflect.Constructor.newInstance(Constructor.java:490)
	at ptolemy.util.test.junit.AutoKnownFailedTests.RunModel(AutoKnownFailedTests.java:105)
	at java.base/jdk.internal.reflect.NativeMethodAccessorImpl.invoke0(Native Method)
	at java.base/jdk.internal.reflect.NativeMethodAccessorImpl.invoke(NativeMethodAccessorImpl.java:62)
	at java.base/jdk.internal.reflect.DelegatingMethodAccessorImpl.invoke(DelegatingMethodAccessorImpl.java:43)
	at java.base/java.lang.reflect.Method.invoke(Method.java:566)
	at org.junit.runners.model.FrameworkMethod$1.runReflectiveCall(FrameworkMethod.java:44)
	at org.junit.internal.runners.model.ReflectiveCallable.run(ReflectiveCallable.java:15)
	at org.junit.runners.model.FrameworkMethod.invokeExplosively(FrameworkMethod.java:41)
	at junitparams.internal.InvokeParameterisedMethod.evaluate(InvokeParameterisedMethod.java:102)
	at org.junit.internal.runners.statements.FailOnTimeout$1.run(FailOnTimeout.java:28)
Caused by: ptolemy.kernel.util.IllegalActionException: initialize() was called after wrapup() was called but preinitialize() was not called after wrapup().
	at ptolemy.actor.lib.hoc.test.PreinitializeMustBeInvoked.initialize(PreinitializeMustBeInvoked.java:78)
	at ptolemy.actor.Director.initialize(Director.java:938)
	at ptolemy.actor.Director.initialize(Director.java:907)
	at ptolemy.actor.sched.StaticSchedulingDirector.initialize(StaticSchedulingDirector.java:159)
	at ptolemy.domains.sdf.kernel.SDFDirector.initialize(SDFDirector.java:544)
	at ptolemy.actor.CompositeActor.initialize(CompositeActor.java:935)
	at ptolemy.actor.lib.hoc.LifeCycleManager._executeInsideModel(LifeCycleManager.java:339)
	at ptolemy.actor.lib.hoc.RunCompositeActor.fire(RunCompositeActor.java:205)
	at ptolemy.actor.CompositeActor.iterate(CompositeActor.java:1146)
	at ptolemy.actor.sched.StaticSchedulingDirector.fire(StaticSchedulingDirector.java:216)
	at ptolemy.domains.sdf.kernel.SDFDirector.fire(SDFDirector.java:500)
	at ptolemy.actor.CompositeActor.fire(CompositeActor.java:455)
	at ptolemy.actor.Manager.iterate(Manager.java:851)
	at ptolemy.actor.Manager.execute(Manager.java:369)
	at ptolemy.actor.Manager.run(Manager.java:1263)
	at ptolemy.actor.Manager$PtolemyRunThread.run(Manager.java:1933)
Warning: Nashorn engine is planned to be removed from a future JDK release
Warning: Nashorn engine is planned to be removed from a future JDK release
Warning: Nashorn engine is planned to be removed from a future JDK release
Warning: Nashorn engine is planned to be removed from a future JDK release
Warning: Nashorn engine is planned to be removed from a future JDK release
Warning: Nashorn engine is planned to be removed from a future JDK release
Warning: Nashorn engine is planned to be removed from a future JDK release
Warning: Nashorn engine is planned to be removed from a future JDK release
]]></system-err>
</testsuite>
