<?xml version="1.0" encoding="UTF-8" ?>
<testsuite errors="0" failures="0" hostname="travis-job-a9cab412-c5bd-49ea-b051-41fc5c1c5f00" name="ptolemy.domains.de.test.junit.JUnitTclTest" skipped="0" tests="101" time="122.662" timestamp="2019-05-13T04:17:55">
  <properties>
[...]
</properties>
  <testcase classname="ptolemy.util.test.junit.TclTests" name="[0] /home/travis/build/icyphy/ptII/ptolemy/domains/de/test/DependencyLoop.tcl (RunTclFile)" time="0.761" />
  <testcase classname="ptolemy.util.test.junit.TclTests" name="[1] /home/travis/build/icyphy/ptII/ptolemy/domains/de/test/RunDETestsAsQSS.tcl (RunTclFile)" time="83.617" />
  <testcase classname="ptolemy.util.test.junit.AutoKnownFailedTests" name="[0] /home/travis/build/icyphy/ptII/ptolemy/domains/de/test/auto/knownFailedTests/DESDFClockTest.xml (RunModel)" time="2.036" />
  <testcase classname="ptolemy.util.test.junit.AutoKnownFailedTests" name="[1] /home/travis/build/icyphy/ptII/ptolemy/domains/de/test/auto/knownFailedTests/DirectFeedback.xml (RunModel)" time="0.026" />
  <testcase classname="ptolemy.util.test.junit.AutoKnownFailedTests" name="[2] /home/travis/build/icyphy/ptII/ptolemy/domains/de/test/auto/knownFailedTests/FSMSource.xml (RunModel)" time="0.017" />
  <testcase classname="ptolemy.util.test.junit.AutoKnownFailedTests" name="[3] /home/travis/build/icyphy/ptII/ptolemy/domains/de/test/auto/knownFailedTests/HierarchicalModel.xml (RunModel)" time="0.035" />
  <testcase classname="ptolemy.util.test.junit.AutoKnownFailedTests" name="[4] /home/travis/build/icyphy/ptII/ptolemy/domains/de/test/auto/knownFailedTests/dependencyLoop.xml (RunModel)" time="0.039" />
  <testcase classname="ptolemy.util.test.junit.AutoKnownFailedTests" name="[5] /home/travis/build/icyphy/ptII/ptolemy/domains/de/test/auto/knownFailedTests/dependencyLoop2.xml (RunModel)" time="0.044" />
  <testcase classname="ptolemy.util.test.junit.AutoNameArchTests" name="[0] ThereAreNoAutoArchTests (RunModel)" time="0.001" />
  <testcase classname="ptolemy.util.test.junit.AutoTests" name="[0] /home/travis/build/icyphy/ptII/ptolemy/domains/de/test/auto/ActorDepthCalculation_actorWithoutPorts.xml (RunModel)" time="0.015" />
  <testcase classname="ptolemy.util.test.junit.AutoTests" name="[1] /home/travis/build/icyphy/ptII/ptolemy/domains/de/test/auto/AssemblyLine.xml (RunModel)" time="0.019" />
  <testcase classname="ptolemy.util.test.junit.AutoTests" name="[2] /home/travis/build/icyphy/ptII/ptolemy/domains/de/test/auto/CQBug1.xml (RunModel)" time="0.01" />
  <testcase classname="ptolemy.util.test.junit.AutoTests" name="[3] /home/travis/build/icyphy/ptII/ptolemy/domains/de/test/auto/CancelFireAt.xml (RunModel)" time="0.006" />
  <testcase classname="ptolemy.util.test.junit.AutoTests" name="[4] /home/travis/build/icyphy/ptII/ptolemy/domains/de/test/auto/CausalityAndComposabilityAnalysis.xml (RunModel)" time="0.01" />
  <testcase classname="ptolemy.util.test.junit.AutoTests" name="[5] /home/travis/build/icyphy/ptII/ptolemy/domains/de/test/auto/CausalityInterface1.xml (RunModel)" time="0.012" />
  <testcase classname="ptolemy.util.test.junit.AutoTests" name="[6] /home/travis/build/icyphy/ptII/ptolemy/domains/de/test/auto/CausalityInterface15.xml (RunModel)" time="0.012" />
  <testcase classname="ptolemy.util.test.junit.AutoTests" name="[7] /home/travis/build/icyphy/ptII/ptolemy/domains/de/test/auto/CausalityInterface2.xml (RunModel)" time="0.01" />
  <testcase classname="ptolemy.util.test.junit.AutoTests" name="[8] /home/travis/build/icyphy/ptII/ptolemy/domains/de/test/auto/CausalityInterface3.xml (RunModel)" time="0.011" />
  <testcase classname="ptolemy.util.test.junit.AutoTests" name="[9] /home/travis/build/icyphy/ptII/ptolemy/domains/de/test/auto/ClockDrift.xml (RunModel)" time="0.034" />
  <testcase classname="ptolemy.util.test.junit.AutoTests" name="[10] /home/travis/build/icyphy/ptII/ptolemy/domains/de/test/auto/ClockDriftAndValueChange.xml (RunModel)" time="0.03" />
  <testcase classname="ptolemy.util.test.junit.AutoTests" name="[11] /home/travis/build/icyphy/ptII/ptolemy/domains/de/test/auto/ClockDriftChange.xml (RunModel)" time="0.026" />
  <testcase classname="ptolemy.util.test.junit.AutoTests" name="[12] /home/travis/build/icyphy/ptII/ptolemy/domains/de/test/auto/ComposableCausalityAnalysis.xml (RunModel)" time="0.016" />
  <testcase classname="ptolemy.util.test.junit.AutoTests" name="[13] /home/travis/build/icyphy/ptII/ptolemy/domains/de/test/auto/DEFixedPointLimitation.xml (RunModel)" time="0.013" />
  <testcase classname="ptolemy.util.test.junit.AutoTests" name="[14] /home/travis/build/icyphy/ptII/ptolemy/domains/de/test/auto/DEScheduleTest.xml (RunModel)" time="0.025" />
  <testcase classname="ptolemy.util.test.junit.AutoTests" name="[15] /home/travis/build/icyphy/ptII/ptolemy/domains/de/test/auto/DEinDEwithStartTimes.xml (RunModel)" time="0.022" />
  <testcase classname="ptolemy.util.test.junit.AutoTests" name="[16] /home/travis/build/icyphy/ptII/ptolemy/domains/de/test/auto/DEinDEwithStartTimes2.xml (RunModel)" time="0.015" />
  <testcase classname="ptolemy.util.test.junit.AutoTests" name="[17] /home/travis/build/icyphy/ptII/ptolemy/domains/de/test/auto/DateDemo.xml (RunModel)" time="0.038" />
  <testcase classname="ptolemy.util.test.junit.AutoTests" name="[18] /home/travis/build/icyphy/ptII/ptolemy/domains/de/test/auto/DateToEvent.xml (RunModel)" time="2.045" />
  <testcase classname="ptolemy.util.test.junit.AutoTests" name="[19] /home/travis/build/icyphy/ptII/ptolemy/domains/de/test/auto/DepthTest1.xml (RunModel)" time="0.014" />
  <testcase classname="ptolemy.util.test.junit.AutoTests" name="[20] /home/travis/build/icyphy/ptII/ptolemy/domains/de/test/auto/DepthTest2.xml (RunModel)" time="0.017" />
  <testcase classname="ptolemy.util.test.junit.AutoTests" name="[21] /home/travis/build/icyphy/ptII/ptolemy/domains/de/test/auto/DepthTest3.xml (RunModel)" time="0.011" />
  <testcase classname="ptolemy.util.test.junit.AutoTests" name="[22] /home/travis/build/icyphy/ptII/ptolemy/domains/de/test/auto/DepthTest4.xml (RunModel)" time="0.011" />
  <testcase classname="ptolemy.util.test.junit.AutoTests" name="[23] /home/travis/build/icyphy/ptII/ptolemy/domains/de/test/auto/DepthTest5.xml (RunModel)" time="0.017" />
  <testcase classname="ptolemy.util.test.junit.AutoTests" name="[24] /home/travis/build/icyphy/ptII/ptolemy/domains/de/test/auto/DepthTest6.xml (RunModel)" time="0.012" />
  <testcase classname="ptolemy.util.test.junit.AutoTests" name="[25] /home/travis/build/icyphy/ptII/ptolemy/domains/de/test/auto/DepthTest7.xml (RunModel)" time="0.019" />
  <testcase classname="ptolemy.util.test.junit.AutoTests" name="[26] /home/travis/build/icyphy/ptII/ptolemy/domains/de/test/auto/EventToDate.xml (RunModel)" time="3.036" />
  <testcase classname="ptolemy.util.test.junit.AutoTests" name="[27] /home/travis/build/icyphy/ptII/ptolemy/domains/de/test/auto/FSM1.xml (RunModel)" time="0.029" />
  <testcase classname="ptolemy.util.test.junit.AutoTests" name="[28] /home/travis/build/icyphy/ptII/ptolemy/domains/de/test/auto/FSM7.xml (RunModel)" time="0.026" />
  <testcase classname="ptolemy.util.test.junit.AutoTests" name="[29] /home/travis/build/icyphy/ptII/ptolemy/domains/de/test/auto/Inspection.xml (RunModel)" time="0.035" />
  <testcase classname="ptolemy.util.test.junit.AutoTests" name="[30] /home/travis/build/icyphy/ptII/ptolemy/domains/de/test/auto/Iteration.xml (RunModel)" time="0.017" />
  <testcase classname="ptolemy.util.test.junit.AutoTests" name="[31] /home/travis/build/icyphy/ptII/ptolemy/domains/de/test/auto/LineFault.xml (RunModel)" time="0.496" />
  <testcase classname="ptolemy.util.test.junit.AutoTests" name="[32] /home/travis/build/icyphy/ptII/ptolemy/domains/de/test/auto/MergeModel1Add.xml (RunModel)" time="0.034" />
  <testcase classname="ptolemy.util.test.junit.AutoTests" name="[33] /home/travis/build/icyphy/ptII/ptolemy/domains/de/test/auto/MergeModel2Add.xml (RunModel)" time="0.036" />
  <testcase classname="ptolemy.util.test.junit.AutoTests" name="[34] /home/travis/build/icyphy/ptII/ptolemy/domains/de/test/auto/MergeModel3Add.xml (RunModel)" time="0.037" />
  <testcase classname="ptolemy.util.test.junit.AutoTests" name="[35] /home/travis/build/icyphy/ptII/ptolemy/domains/de/test/auto/MergeWithoutDiscard.xml (RunModel)" time="0.01" />
  <testcase classname="ptolemy.util.test.junit.AutoTests" name="[36] /home/travis/build/icyphy/ptII/ptolemy/domains/de/test/auto/Modal1.xml (RunModel)" time="0.029" />
  <testcase classname="ptolemy.util.test.junit.AutoTests" name="[37] /home/travis/build/icyphy/ptII/ptolemy/domains/de/test/auto/Modal2.xml (RunModel)" time="0.028" />
  <testcase classname="ptolemy.util.test.junit.AutoTests" name="[38] /home/travis/build/icyphy/ptII/ptolemy/domains/de/test/auto/Modal3.xml (RunModel)" time="0.03" />
  <testcase classname="ptolemy.util.test.junit.AutoTests" name="[39] /home/travis/build/icyphy/ptII/ptolemy/domains/de/test/auto/Modal4.xml (RunModel)" time="0.026" />
  <testcase classname="ptolemy.util.test.junit.AutoTests" name="[40] /home/travis/build/icyphy/ptII/ptolemy/domains/de/test/auto/Modal5.xml (RunModel)" time="0.026" />
  <testcase classname="ptolemy.util.test.junit.AutoTests" name="[41] /home/travis/build/icyphy/ptII/ptolemy/domains/de/test/auto/Modal6.xml (RunModel)" time="0.025" />
  <testcase classname="ptolemy.util.test.junit.AutoTests" name="[42] /home/travis/build/icyphy/ptII/ptolemy/domains/de/test/auto/Modal7.xml (RunModel)" time="0.027" />
  <testcase classname="ptolemy.util.test.junit.AutoTests" name="[43] /home/travis/build/icyphy/ptII/ptolemy/domains/de/test/auto/ModalModel.xml (RunModel)" time="0.142" />
  <testcase classname="ptolemy.util.test.junit.AutoTests" name="[44] /home/travis/build/icyphy/ptII/ptolemy/domains/de/test/auto/ModalSource.xml (RunModel)" time="0.018" />
  <testcase classname="ptolemy.util.test.junit.AutoTests" name="[45] /home/travis/build/icyphy/ptII/ptolemy/domains/de/test/auto/NonInterruptibleTimerZeroDelay.xml (RunModel)" time="0.009" />
  <testcase classname="ptolemy.util.test.junit.AutoTests" name="[46] /home/travis/build/icyphy/ptII/ptolemy/domains/de/test/auto/OpenQueueingNetwork.xml (RunModel)" time="2.145" />
  <testcase classname="ptolemy.util.test.junit.AutoTests" name="[47] /home/travis/build/icyphy/ptII/ptolemy/domains/de/test/auto/OpenQueuingNetwork.xml (RunModel)" time="0.259" />
  <testcase classname="ptolemy.util.test.junit.AutoTests" name="[48] /home/travis/build/icyphy/ptII/ptolemy/domains/de/test/auto/PeriodicSampler.xml (RunModel)" time="0.009" />
  <testcase classname="ptolemy.util.test.junit.AutoTests" name="[49] /home/travis/build/icyphy/ptII/ptolemy/domains/de/test/auto/PersistentIO.xml (RunModel)" time="0.02" />
  <testcase classname="ptolemy.util.test.junit.AutoTests" name="[50] /home/travis/build/icyphy/ptII/ptolemy/domains/de/test/auto/PortParameterResetOnInitialize.xml (RunModel)" time="0.009" />
  <testcase classname="ptolemy.util.test.junit.AutoTests" name="[51] /home/travis/build/icyphy/ptII/ptolemy/domains/de/test/auto/PortParameterUpdates.xml (RunModel)" time="0.019" />
  <testcase classname="ptolemy.util.test.junit.AutoTests" name="[52] /home/travis/build/icyphy/ptII/ptolemy/domains/de/test/auto/QueueAndServer.xml (RunModel)" time="0.02" />
  <testcase classname="ptolemy.util.test.junit.AutoTests" name="[53] /home/travis/build/icyphy/ptII/ptolemy/domains/de/test/auto/Records.xml (RunModel)" time="0.02" />
  <testcase classname="ptolemy.util.test.junit.AutoTests" name="[54] /home/travis/build/icyphy/ptII/ptolemy/domains/de/test/auto/ResetTransitionWithStartTime1.xml (RunModel)" time="0.017" />
  <testcase classname="ptolemy.util.test.junit.AutoTests" name="[55] /home/travis/build/icyphy/ptII/ptolemy/domains/de/test/auto/ResetTransitionWithStartTime2.xml (RunModel)" time="0.015" />
  <testcase classname="ptolemy.util.test.junit.AutoTests" name="[56] /home/travis/build/icyphy/ptII/ptolemy/domains/de/test/auto/ResetTransitionWithStartTime3.xml (RunModel)" time="0.017" />
  <testcase classname="ptolemy.util.test.junit.AutoTests" name="[57] /home/travis/build/icyphy/ptII/ptolemy/domains/de/test/auto/ResetTransitionWithStartTime4.xml (RunModel)" time="0.016" />
  <testcase classname="ptolemy.util.test.junit.AutoTests" name="[58] /home/travis/build/icyphy/ptII/ptolemy/domains/de/test/auto/ResettableTimer1.xml (RunModel)" time="0.009" />
  <testcase classname="ptolemy.util.test.junit.AutoTests" name="[59] /home/travis/build/icyphy/ptII/ptolemy/domains/de/test/auto/ResettableTimer2.xml (RunModel)" time="0.008" />
  <testcase classname="ptolemy.util.test.junit.AutoTests" name="[60] /home/travis/build/icyphy/ptII/ptolemy/domains/de/test/auto/ResettableTimer3.xml (RunModel)" time="0.007" />
  <testcase classname="ptolemy.util.test.junit.AutoTests" name="[61] /home/travis/build/icyphy/ptII/ptolemy/domains/de/test/auto/ResettableTimer4.xml (RunModel)" time="0.01" />
  <testcase classname="ptolemy.util.test.junit.AutoTests" name="[62] /home/travis/build/icyphy/ptII/ptolemy/domains/de/test/auto/ResettableTimer5.xml (RunModel)" time="0.009" />
  <testcase classname="ptolemy.util.test.junit.AutoTests" name="[63] /home/travis/build/icyphy/ptII/ptolemy/domains/de/test/auto/ResettableTimer6.xml (RunModel)" time="0.016" />
  <testcase classname="ptolemy.util.test.junit.AutoTests" name="[64] /home/travis/build/icyphy/ptII/ptolemy/domains/de/test/auto/ServerZeroDelay.xml (RunModel)" time="0.011" />
  <testcase classname="ptolemy.util.test.junit.AutoTests" name="[65] /home/travis/build/icyphy/ptII/ptolemy/domains/de/test/auto/SmartSender.xml (RunModel)" time="3.008" />
  <testcase classname="ptolemy.util.test.junit.AutoTests" name="[66] /home/travis/build/icyphy/ptII/ptolemy/domains/de/test/auto/ThreadedComposite.xml (RunModel)" time="0.118" />
  <testcase classname="ptolemy.util.test.junit.AutoTests" name="[67] /home/travis/build/icyphy/ptII/ptolemy/domains/de/test/auto/Time.xml (RunModel)" time="0.404" />
  <testcase classname="ptolemy.util.test.junit.AutoTests" name="[68] /home/travis/build/icyphy/ptII/ptolemy/domains/de/test/auto/TimeDelayZeroDelay.xml (RunModel)" time="0.012" />
  <testcase classname="ptolemy.util.test.junit.AutoTests" name="[69] /home/travis/build/icyphy/ptII/ptolemy/domains/de/test/auto/TimerZeroDelay.xml (RunModel)" time="0.009" />
  <testcase classname="ptolemy.util.test.junit.AutoTests" name="[70] /home/travis/build/icyphy/ptII/ptolemy/domains/de/test/auto/TimingParadox.xml (RunModel)" time="0.333" />
  <testcase classname="ptolemy.util.test.junit.AutoTests" name="[71] /home/travis/build/icyphy/ptII/ptolemy/domains/de/test/auto/TransferInputs.xml (RunModel)" time="0.019" />
  <testcase classname="ptolemy.util.test.junit.AutoTests" name="[72] /home/travis/build/icyphy/ptII/ptolemy/domains/de/test/auto/TransferOutputs2.xml (RunModel)" time="0.014" />
  <testcase classname="ptolemy.util.test.junit.AutoTests" name="[73] /home/travis/build/icyphy/ptII/ptolemy/domains/de/test/auto/Trilateration.xml (RunModel)" time="10.461" />
  <testcase classname="ptolemy.util.test.junit.AutoTests" name="[74] /home/travis/build/icyphy/ptII/ptolemy/domains/de/test/auto/TwoSigmaDelta.xml (RunModel)" time="2.005" />
  <testcase classname="ptolemy.util.test.junit.AutoTests" name="[75] /home/travis/build/icyphy/ptII/ptolemy/domains/de/test/auto/VariableDelay.xml (RunModel)" time="0.014" />
  <testcase classname="ptolemy.util.test.junit.AutoTests" name="[76] /home/travis/build/icyphy/ptII/ptolemy/domains/de/test/auto/VariableDelay2.xml (RunModel)" time="0.007" />
  <testcase classname="ptolemy.util.test.junit.AutoTests" name="[77] /home/travis/build/icyphy/ptII/ptolemy/domains/de/test/auto/VariableDelayZeroDelay.xml (RunModel)" time="0.009" />
  <testcase classname="ptolemy.util.test.junit.AutoTests" name="[78] /home/travis/build/icyphy/ptII/ptolemy/domains/de/test/auto/VariableDelayZeroDelay2.xml (RunModel)" time="0.014" />
  <testcase classname="ptolemy.util.test.junit.AutoTests" name="[79] /home/travis/build/icyphy/ptII/ptolemy/domains/de/test/auto/deInCt.xml (RunModel)" time="0.013" />
  <testcase classname="ptolemy.util.test.junit.AutoTests" name="[80] /home/travis/build/icyphy/ptII/ptolemy/domains/de/test/auto/deInCt2.xml (RunModel)" time="0.011" />
  <testcase classname="ptolemy.util.test.junit.AutoTests" name="[81] /home/travis/build/icyphy/ptII/ptolemy/domains/de/test/auto/dynamicCausalityInterface1.xml (RunModel)" time="0.017" />
  <testcase classname="ptolemy.util.test.junit.AutoTests" name="[82] /home/travis/build/icyphy/ptII/ptolemy/domains/de/test/auto/fsm_de_test.xml (RunModel)" time="0.02" />
  <testcase classname="ptolemy.util.test.junit.AutoTests" name="[83] /home/travis/build/icyphy/ptII/ptolemy/domains/de/test/auto/functionDependencyReconstruction.xml (RunModel)" time="0.028" />
  <testcase classname="ptolemy.util.test.junit.AutoTests" name="[84] /home/travis/build/icyphy/ptII/ptolemy/domains/de/test/auto/multirate.xml (RunModel)" time="0.014" />
  <testcase classname="ptolemy.util.test.junit.AutoTests" name="[85] /home/travis/build/icyphy/ptII/ptolemy/domains/de/test/auto/multirate2.xml (RunModel)" time="0.013" />
  <testcase classname="ptolemy.util.test.junit.AutoTests" name="[86] /home/travis/build/icyphy/ptII/ptolemy/domains/de/test/auto/realtime.xml (RunModel)" time="10.009" />
  <testcase classname="ptolemy.util.test.junit.AutoTests" name="[87] /home/travis/build/icyphy/ptII/ptolemy/domains/de/test/auto/relationGroup.xml (RunModel)" time="0.006" />
  <testcase classname="ptolemy.util.test.junit.AutoTests" name="[88] /home/travis/build/icyphy/ptII/ptolemy/domains/de/test/auto/relationGroup2.xml (RunModel)" time="0.007" />
  <testcase classname="ptolemy.util.test.junit.AutoTests" name="[89] /home/travis/build/icyphy/ptII/ptolemy/domains/de/test/auto/sortWithOpaquePorts.xml (RunModel)" time="0.007" />
  <testcase classname="ptolemy.util.test.junit.AutoTests" name="[90] /home/travis/build/icyphy/ptII/ptolemy/domains/de/test/auto/transferInputsandOutputs.xml (RunModel)" time="0.011" />
  <testcase classname="ptolemy.util.test.junit.AutoTests" name="[91] /home/travis/build/icyphy/ptII/ptolemy/domains/de/test/auto/triggerType.xml (RunModel)" time="0.006" />
  <system-out><![CDATA[/home/travis/build/icyphy/ptII/ptolemy/domains/de/test/DependencyLoop.tcl
testDefs.tcl: setting time out to 9000 seconds at Mon May 13 04:17:55 UTC 2019
17 ms. Memory: 116224K Free: 97399K (84%)
27 ms. Memory: 146944K Free: 141505K (96%)
/home/travis/build/icyphy/ptII/ptolemy/domains/de/test/RunDETestsAsQSS.tcl
Run the DE tests using ptolemy.domains.qss.test.QSSDirectorTest, which extends QSSDirector and prints a message in the constructors.
------------------ testing $PTII/ptolemy/domains/de/test/auto/knownFailedTests/dependencyLoop.xml (Known Failure) 
9 ms. Memory: 146944K Free: 137255K (93%)


==== $PTIIhome/travis/build/icyphy/ptII/ptolemy/domains/de/test/../../../../: Auto Automatic test in file $PTII/ptolemy/domains/de/test/auto/knownFailedTests/dependencyLoop.xml
==== Contents of test case:

	    # FIXME: we should use $relativeFilename here, but it
	    # might have backslashes under Windows, which causes no end
	    # of trouble.
	    createAndExecute $file
	    list {}
	
.... Test generated KNOWN error:
    while executing
ptolemy.kernel.util.IllegalActionException: Found a zero delay loop containing .dependencyLoop.original
  in .dependencyLoop and .dependencyLoop.original
	at ptolemy.actor.util.CausalityInterfaceForComposites._computeOutputPortDepth(CausalityInterfaceForComposites.java:759)
	at ptolemy.actor.util.CausalityInterfaceForComposites._computeInputDepth(CausalityInterfaceForComposites.java:696)
	at ptolemy.actor.util.CausalityInterfaceForComposites._computeOutputPortDepth(CausalityInterfaceForComposites.java:765)
	at ptolemy.actor.util.CausalityInterfaceForComposites._computeInputDepth(CausalityInterfaceForComposites.java:696)
	at ptolemy.actor.util.CausalityInterfaceForComposites._computeOutputPortDepth(CausalityInterfaceForComposites.java:765)
	at ptolemy.actor.util.CausalityInterfaceForComposites._computeInputDepth(CausalityInterfaceForComposites.java:696)
	at ptolemy.actor.util.CausalityInterfaceForComposites._computeActorDepth(CausalityInterfaceForComposites.java:532)
	at ptolemy.actor.util.CausalityInterfaceForComposites.checkForCycles(CausalityInterfaceForComposites.java:96)
	at ptolemy.domains.de.kernel.DEDirector.preinitialize(DEDirector.java:1338)
	at ptolemy.actor.CompositeActor.preinitialize(CompositeActor.java:1828)
	at ptolemy.actor.Manager.preinitializeAndResolveTypes(Manager.java:1040)
	at ptolemy.actor.Manager.initialize(Manager.java:710)
	at ptolemy.actor.Manager.execute(Manager.java:356)
	at ptolemy.actor.Manager.run(Manager.java:1263)
	at ptolemy.actor.Manager$PtolemyRunThread.run(Manager.java:1915)

    while executing
ptolemy.kernel.util.IllegalActionException: Found a zero delay loop containing .dependencyLoop.original
  in .dependencyLoop and .dependencyLoop.original
    while executing
"java::new ptolemy.moml.MoMLSimpleApplication $file
"
    (procedure "createAndExecute" line 2)
    invoked from within
"createAndExecute $file"
    ("uplevel" body line 5)
    invoked from within
"uplevel $contents_of_test"
------------------ testing $PTII/ptolemy/domains/de/test/auto/knownFailedTests/DESDFClockTest.xml (Known Failure) 
2065 ms. Memory: 146944K Free: 121652K (83%)


==== $PTIIhome/travis/build/icyphy/ptII/ptolemy/domains/de/test/../../../../: Auto Automatic test in file $PTII/ptolemy/domains/de/test/auto/knownFailedTests/DESDFClockTest.xml
==== Contents of test case:

	    # FIXME: we should use $relativeFilename here, but it
	    # might have backslashes under Windows, which causes no end
	    # of trouble.
	    createAndExecute $file
	    list {}
	
.... Test generated KNOWN error:
    while executing
ptolemy.kernel.util.IllegalActionException: Actor is not ready to fire.  Perhaps UpSample.prefire() returned false? Try debugging the actor by selecting "Listen to Actor".  Also, for SDF check moml for tokenConsumptionRate on input.
  in .DESDFClockTest.Play Bell.Copy1:SDF Director and .DESDFClockTest.Play Bell.UpSample
	at ptolemy.actor.sched.StaticSchedulingDirector.fire(StaticSchedulingDirector.java:227)
	at ptolemy.domains.sdf.kernel.SDFDirector.fire(SDFDirector.java:500)
	at ptolemy.actor.CompositeActor.fire(CompositeActor.java:455)
	at ptolemy.domains.de.kernel.DEDirector._fire(DEDirector.java:1949)
	at ptolemy.domains.de.kernel.DEDirector.fire(DEDirector.java:502)
	at ptolemy.actor.CompositeActor.fire(CompositeActor.java:455)
	at ptolemy.actor.Manager.iterate(Manager.java:851)
	at ptolemy.actor.Manager.execute(Manager.java:369)
	at ptolemy.actor.Manager.run(Manager.java:1263)
	at ptolemy.actor.Manager$PtolemyRunThread.run(Manager.java:1915)

    while executing
ptolemy.kernel.util.IllegalActionException: Actor is not ready to fire.  Perhaps UpSample.prefire() returned false? Try debugging the actor by selecting "Listen to Actor".  Also, for SDF check moml for tokenConsumptionRate on input.
  in .DESDFClockTest.Play Bell.Copy1:SDF Director and .DESDFClockTest.Play Bell.UpSample
    while executing
"java::new ptolemy.moml.MoMLSimpleApplication $file
"
    (procedure "createAndExecute" line 2)
    invoked from within
"createAndExecute $file"
    ("uplevel" body line 5)
    invoked from within
"uplevel $contents_of_test"
------------------ testing $PTII/ptolemy/domains/de/test/auto/knownFailedTests/FSMSource.xml (Known Failure) 
22 ms. Memory: 146944K Free: 112763K (77%)
!!!! Auto was marked as failing, but now passes
------------------ testing $PTII/ptolemy/domains/de/test/auto/knownFailedTests/dependencyLoop2.xml (Known Failure) 
7 ms. Memory: 146944K Free: 110880K (75%)


==== $PTIIhome/travis/build/icyphy/ptII/ptolemy/domains/de/test/../../../../: Auto Automatic test in file $PTII/ptolemy/domains/de/test/auto/knownFailedTests/dependencyLoop2.xml
==== Contents of test case:

	    # FIXME: we should use $relativeFilename here, but it
	    # might have backslashes under Windows, which causes no end
	    # of trouble.
	    createAndExecute $file
	    list {}
	
.... Test generated KNOWN error:
    while executing
ptolemy.kernel.util.IllegalActionException: Found a zero delay loop containing .dependencyLoop2.original
  in .dependencyLoop2 and .dependencyLoop2.original
	at ptolemy.actor.util.CausalityInterfaceForComposites._computeOutputPortDepth(CausalityInterfaceForComposites.java:759)
	at ptolemy.actor.util.CausalityInterfaceForComposites._computeInputDepth(CausalityInterfaceForComposites.java:696)
	at ptolemy.actor.util.CausalityInterfaceForComposites._computeOutputPortDepth(CausalityInterfaceForComposites.java:765)
	at ptolemy.actor.util.CausalityInterfaceForComposites._computeInputDepth(CausalityInterfaceForComposites.java:696)
	at ptolemy.actor.util.CausalityInterfaceForComposites._computeOutputPortDepth(CausalityInterfaceForComposites.java:765)
	at ptolemy.actor.util.CausalityInterfaceForComposites._computeInputDepth(CausalityInterfaceForComposites.java:696)
	at ptolemy.actor.util.CausalityInterfaceForComposites._computeActorDepth(CausalityInterfaceForComposites.java:532)
	at ptolemy.actor.util.CausalityInterfaceForComposites.checkForCycles(CausalityInterfaceForComposites.java:96)
	at ptolemy.domains.de.kernel.DEDirector.preinitialize(DEDirector.java:1338)
	at ptolemy.actor.CompositeActor.preinitialize(CompositeActor.java:1828)
	at ptolemy.actor.Manager.preinitializeAndResolveTypes(Manager.java:1040)
	at ptolemy.actor.Manager.initialize(Manager.java:710)
	at ptolemy.actor.Manager.execute(Manager.java:356)
	at ptolemy.actor.Manager.run(Manager.java:1263)
	at ptolemy.actor.Manager$PtolemyRunThread.run(Manager.java:1915)

    while executing
ptolemy.kernel.util.IllegalActionException: Found a zero delay loop containing .dependencyLoop2.original
  in .dependencyLoop2 and .dependencyLoop2.original
    while executing
"java::new ptolemy.moml.MoMLSimpleApplication $file
"
    (procedure "createAndExecute" line 2)
    invoked from within
"createAndExecute $file"
    ("uplevel" body line 5)
    invoked from within
"uplevel $contents_of_test"
------------------ testing $PTII/ptolemy/domains/de/test/auto/knownFailedTests/HierarchicalModel.xml (Known Failure) 
5 ms. Memory: 146944K Free: 90564K (62%)


==== $PTIIhome/travis/build/icyphy/ptII/ptolemy/domains/de/test/../../../../: Auto Automatic test in file $PTII/ptolemy/domains/de/test/auto/knownFailedTests/HierarchicalModel.xml
==== Contents of test case:

	    # FIXME: we should use $relativeFilename here, but it
	    # might have backslashes under Windows, which causes no end
	    # of trouble.
	    createAndExecute $file
	    list {}
	
.... Test generated KNOWN error:
    while executing
ptolemy.kernel.util.IllegalActionException: Found a zero delay loop containing .HierarchicalModel.A
  in .HierarchicalModel and .HierarchicalModel.A
	at ptolemy.actor.util.CausalityInterfaceForComposites._computeOutputPortDepth(CausalityInterfaceForComposites.java:759)
	at ptolemy.actor.util.CausalityInterfaceForComposites._computeInputDepth(CausalityInterfaceForComposites.java:696)
	at ptolemy.actor.util.CausalityInterfaceForComposites._computeOutputPortDepth(CausalityInterfaceForComposites.java:765)
	at ptolemy.actor.util.CausalityInterfaceForComposites._computeInputDepth(CausalityInterfaceForComposites.java:696)
	at ptolemy.actor.util.CausalityInterfaceForComposites._computeOutputPortDepth(CausalityInterfaceForComposites.java:765)
	at ptolemy.actor.util.CausalityInterfaceForComposites._computeInputDepth(CausalityInterfaceForComposites.java:696)
	at ptolemy.actor.util.CausalityInterfaceForComposites._computeActorDepth(CausalityInterfaceForComposites.java:532)
	at ptolemy.actor.util.CausalityInterfaceForComposites.checkForCycles(CausalityInterfaceForComposites.java:96)
	at ptolemy.domains.de.kernel.DEDirector.preinitialize(DEDirector.java:1338)
	at ptolemy.actor.CompositeActor.preinitialize(CompositeActor.java:1828)
	at ptolemy.actor.Manager.preinitializeAndResolveTypes(Manager.java:1040)
	at ptolemy.actor.Manager.initialize(Manager.java:710)
	at ptolemy.actor.Manager.execute(Manager.java:356)
	at ptolemy.actor.Manager.run(Manager.java:1263)
	at ptolemy.actor.Manager$PtolemyRunThread.run(Manager.java:1915)

    while executing
ptolemy.kernel.util.IllegalActionException: Found a zero delay loop containing .HierarchicalModel.A
  in .HierarchicalModel and .HierarchicalModel.A
    while executing
"java::new ptolemy.moml.MoMLSimpleApplication $file
"
    (procedure "createAndExecute" line 2)
    invoked from within
"createAndExecute $file"
    ("uplevel" body line 5)
    invoked from within
"uplevel $contents_of_test"
------------------ testing $PTII/ptolemy/domains/de/test/auto/knownFailedTests/DirectFeedback.xml (Known Failure) 
9 ms. Memory: 146944K Free: 86445K (59%)


==== $PTIIhome/travis/build/icyphy/ptII/ptolemy/domains/de/test/../../../../: Auto Automatic test in file $PTII/ptolemy/domains/de/test/auto/knownFailedTests/DirectFeedback.xml
==== Contents of test case:

	    # FIXME: we should use $relativeFilename here, but it
	    # might have backslashes under Windows, which causes no end
	    # of trouble.
	    createAndExecute $file
	    list {}
	
.... Test generated KNOWN error:
    while executing
ptolemy.kernel.util.IllegalActionException: Test fails in iteration 1.
Value was: 1.0. Should have been: 2.0
  in .DirectFeedback.Test
	at ptolemy.actor.lib.Test.fire(Test.java:268)
	at ptolemy.domains.de.kernel.DEDirector._fire(DEDirector.java:1949)
	at ptolemy.domains.de.kernel.DEDirector.fire(DEDirector.java:502)
	at ptolemy.actor.CompositeActor.fire(CompositeActor.java:455)
	at ptolemy.actor.Manager.iterate(Manager.java:851)
	at ptolemy.actor.Manager.execute(Manager.java:369)
	at ptolemy.actor.Manager.run(Manager.java:1263)
	at ptolemy.actor.Manager$PtolemyRunThread.run(Manager.java:1915)

    while executing
ptolemy.kernel.util.IllegalActionException: Test fails in iteration 1.
Value was: 1.0. Should have been: 2.0
  in .DirectFeedback.Test
    while executing
"java::new ptolemy.moml.MoMLSimpleApplication $file
"
    (procedure "createAndExecute" line 2)
    invoked from within
"createAndExecute $file"
    ("uplevel" body line 5)
    invoked from within
"uplevel $contents_of_test"
------------------ testing $PTII/ptolemy/domains/de/test/auto/ActorDepthCalculation_actorWithoutPorts.xml
auto.tcl: Setting watchdog for 200 seconds at Mon May 13 04:17:58 UTC 2019
4 ms. Memory: 146944K Free: 139947K (95%)
ptolemy.util.test.WatchDog.cancel(): canceling Mon May 13 04:17:58 UTC 2019
auto.tcl: Setting watchdog for 200 seconds at Mon May 13 04:17:58 UTC 2019
5 ms. Memory: 146944K Free: 138652K (94%)
ptolemy.util.test.WatchDog.cancel(): canceling Mon May 13 04:17:58 UTC 2019
------------------ testing $PTII/ptolemy/domains/de/test/auto/AssemblyLine.xml
auto.tcl: Setting watchdog for 200 seconds at Mon May 13 04:17:59 UTC 2019
24 ms. Memory: 208384K Free: 183790K (88%)
ptolemy.util.test.WatchDog.cancel(): canceling Mon May 13 04:17:59 UTC 2019
auto.tcl: Setting watchdog for 200 seconds at Mon May 13 04:17:59 UTC 2019
7 ms. Memory: 208384K Free: 183790K (88%)
ptolemy.util.test.WatchDog.cancel(): canceling Mon May 13 04:17:59 UTC 2019
------------------ testing $PTII/ptolemy/domains/de/test/auto/CQBug1.xml
auto.tcl: Setting watchdog for 200 seconds at Mon May 13 04:17:59 UTC 2019
3 ms. Memory: 208384K Free: 197843K (95%)
ptolemy.util.test.WatchDog.cancel(): canceling Mon May 13 04:17:59 UTC 2019
auto.tcl: Setting watchdog for 200 seconds at Mon May 13 04:17:59 UTC 2019
2 ms. Memory: 208384K Free: 197843K (95%)
ptolemy.util.test.WatchDog.cancel(): canceling Mon May 13 04:17:59 UTC 2019
------------------ testing $PTII/ptolemy/domains/de/test/auto/CancelFireAt.xml
auto.tcl: Setting watchdog for 200 seconds at Mon May 13 04:17:59 UTC 2019
4 ms. Memory: 208384K Free: 201126K (97%)
ptolemy.util.test.WatchDog.cancel(): canceling Mon May 13 04:17:59 UTC 2019
auto.tcl: Setting watchdog for 200 seconds at Mon May 13 04:17:59 UTC 2019
6 ms. Memory: 208384K Free: 199054K (96%)
ptolemy.util.test.WatchDog.cancel(): canceling Mon May 13 04:17:59 UTC 2019
------------------ testing $PTII/ptolemy/domains/de/test/auto/CausalityAndComposabilityAnalysis.xml
auto.tcl: Setting watchdog for 200 seconds at Mon May 13 04:17:59 UTC 2019
7 ms. Memory: 208384K Free: 199061K (96%)
ptolemy.util.test.WatchDog.cancel(): canceling Mon May 13 04:17:59 UTC 2019
auto.tcl: Setting watchdog for 200 seconds at Mon May 13 04:17:59 UTC 2019
8 ms. Memory: 208384K Free: 196470K (94%)
ptolemy.util.test.WatchDog.cancel(): canceling Mon May 13 04:17:59 UTC 2019
------------------ testing $PTII/ptolemy/domains/de/test/auto/CausalityInterface1.xml
auto.tcl: Setting watchdog for 200 seconds at Mon May 13 04:17:59 UTC 2019
19 ms. Memory: 208384K Free: 198480K (95%)
ptolemy.util.test.WatchDog.cancel(): canceling Mon May 13 04:17:59 UTC 2019
auto.tcl: Setting watchdog for 200 seconds at Mon May 13 04:17:59 UTC 2019
4 ms. Memory: 208384K Free: 196407K (94%)
ptolemy.util.test.WatchDog.cancel(): canceling Mon May 13 04:17:59 UTC 2019
------------------ testing $PTII/ptolemy/domains/de/test/auto/CausalityInterface15.xml
auto.tcl: Setting watchdog for 200 seconds at Mon May 13 04:17:59 UTC 2019
4 ms. Memory: 208384K Free: 196399K (94%)
ptolemy.util.test.WatchDog.cancel(): canceling Mon May 13 04:17:59 UTC 2019
auto.tcl: Setting watchdog for 200 seconds at Mon May 13 04:17:59 UTC 2019
8 ms. Memory: 208384K Free: 196399K (94%)
ptolemy.util.test.WatchDog.cancel(): canceling Mon May 13 04:17:59 UTC 2019
------------------ testing $PTII/ptolemy/domains/de/test/auto/CausalityInterface2.xml
auto.tcl: Setting watchdog for 200 seconds at Mon May 13 04:17:59 UTC 2019
3 ms. Memory: 208384K Free: 196382K (94%)
ptolemy.util.test.WatchDog.cancel(): canceling Mon May 13 04:17:59 UTC 2019
auto.tcl: Setting watchdog for 200 seconds at Mon May 13 04:17:59 UTC 2019
7 ms. Memory: 208384K Free: 196382K (94%)
ptolemy.util.test.WatchDog.cancel(): canceling Mon May 13 04:17:59 UTC 2019
------------------ testing $PTII/ptolemy/domains/de/test/auto/CausalityInterface3.xml
auto.tcl: Setting watchdog for 200 seconds at Mon May 13 04:17:59 UTC 2019
3 ms. Memory: 208384K Free: 196395K (94%)
ptolemy.util.test.WatchDog.cancel(): canceling Mon May 13 04:17:59 UTC 2019
auto.tcl: Setting watchdog for 200 seconds at Mon May 13 04:17:59 UTC 2019
7 ms. Memory: 208384K Free: 196395K (94%)
ptolemy.util.test.WatchDog.cancel(): canceling Mon May 13 04:17:59 UTC 2019
------------------ testing $PTII/ptolemy/domains/de/test/auto/ClockDrift.xml
auto.tcl: Setting watchdog for 200 seconds at Mon May 13 04:18:00 UTC 2019
75 ms. Memory: 208384K Free: 187710K (90%)
ptolemy.util.test.WatchDog.cancel(): canceling Mon May 13 04:18:00 UTC 2019
auto.tcl: Setting watchdog for 200 seconds at Mon May 13 04:18:00 UTC 2019
37 ms. Memory: 208384K Free: 185638K (89%)
ptolemy.util.test.WatchDog.cancel(): canceling Mon May 13 04:18:00 UTC 2019
------------------ testing $PTII/ptolemy/domains/de/test/auto/ClockDriftAndValueChange.xml
auto.tcl: Setting watchdog for 200 seconds at Mon May 13 04:18:00 UTC 2019
56 ms. Memory: 208384K Free: 189617K (91%)
ptolemy.util.test.WatchDog.cancel(): canceling Mon May 13 04:18:00 UTC 2019
auto.tcl: Setting watchdog for 200 seconds at Mon May 13 04:18:00 UTC 2019
36 ms. Memory: 208384K Free: 185474K (89%)
ptolemy.util.test.WatchDog.cancel(): canceling Mon May 13 04:18:00 UTC 2019
------------------ testing $PTII/ptolemy/domains/de/test/auto/ClockDriftChange.xml
auto.tcl: Setting watchdog for 200 seconds at Mon May 13 04:18:00 UTC 2019
36 ms. Memory: 208384K Free: 190841K (92%)
ptolemy.util.test.WatchDog.cancel(): canceling Mon May 13 04:18:00 UTC 2019
auto.tcl: Setting watchdog for 200 seconds at Mon May 13 04:18:00 UTC 2019
26 ms. Memory: 208384K Free: 188769K (91%)
ptolemy.util.test.WatchDog.cancel(): canceling Mon May 13 04:18:00 UTC 2019
------------------ testing $PTII/ptolemy/domains/de/test/auto/ComposableCausalityAnalysis.xml
auto.tcl: Setting watchdog for 200 seconds at Mon May 13 04:18:00 UTC 2019
2 ms. Memory: 208384K Free: 196250K (94%)
ptolemy.util.test.WatchDog.cancel(): canceling Mon May 13 04:18:00 UTC 2019
auto.tcl: Setting watchdog for 200 seconds at Mon May 13 04:18:00 UTC 2019
2 ms. Memory: 208384K Free: 196250K (94%)
ptolemy.util.test.WatchDog.cancel(): canceling Mon May 13 04:18:00 UTC 2019
------------------ testing $PTII/ptolemy/domains/de/test/auto/DEFixedPointLimitation.xml
auto.tcl: Setting watchdog for 200 seconds at Mon May 13 04:18:00 UTC 2019
3 ms. Memory: 208384K Free: 198402K (95%)
ptolemy.util.test.WatchDog.cancel(): canceling Mon May 13 04:18:00 UTC 2019
auto.tcl: Setting watchdog for 200 seconds at Mon May 13 04:18:00 UTC 2019
1 ms. Memory: 208384K Free: 196330K (94%)
ptolemy.util.test.WatchDog.cancel(): canceling Mon May 13 04:18:00 UTC 2019
------------------ testing $PTII/ptolemy/domains/de/test/auto/DEScheduleTest.xml
auto.tcl: Setting watchdog for 200 seconds at Mon May 13 04:18:00 UTC 2019
8 ms. Memory: 208384K Free: 198437K (95%)
ptolemy.util.test.WatchDog.cancel(): canceling Mon May 13 04:18:00 UTC 2019
auto.tcl: Setting watchdog for 200 seconds at Mon May 13 04:18:00 UTC 2019
6 ms. Memory: 208384K Free: 196365K (94%)
ptolemy.util.test.WatchDog.cancel(): canceling Mon May 13 04:18:00 UTC 2019
------------------ testing $PTII/ptolemy/domains/de/test/auto/DEinDEwithStartTimes.xml
auto.tcl: Setting watchdog for 200 seconds at Mon May 13 04:18:00 UTC 2019
4 ms. Memory: 208384K Free: 196335K (94%)
ptolemy.util.test.WatchDog.cancel(): canceling Mon May 13 04:18:00 UTC 2019
auto.tcl: Setting watchdog for 200 seconds at Mon May 13 04:18:00 UTC 2019
8 ms. Memory: 208384K Free: 196335K (94%)
ptolemy.util.test.WatchDog.cancel(): canceling Mon May 13 04:18:00 UTC 2019
------------------ testing $PTII/ptolemy/domains/de/test/auto/DEinDEwithStartTimes2.xml
auto.tcl: Setting watchdog for 200 seconds at Mon May 13 04:18:00 UTC 2019
7 ms. Memory: 208384K Free: 196314K (94%)
ptolemy.util.test.WatchDog.cancel(): canceling Mon May 13 04:18:01 UTC 2019
auto.tcl: Setting watchdog for 200 seconds at Mon May 13 04:18:01 UTC 2019
4 ms. Memory: 208384K Free: 194242K (93%)
ptolemy.util.test.WatchDog.cancel(): canceling Mon May 13 04:18:01 UTC 2019
------------------ testing $PTII/ptolemy/domains/de/test/auto/DateDemo.xml
auto.tcl: Setting watchdog for 200 seconds at Mon May 13 04:18:01 UTC 2019
17 ms. Memory: 208384K Free: 188840K (91%)
ptolemy.util.test.WatchDog.cancel(): canceling Mon May 13 04:18:01 UTC 2019
auto.tcl: Setting watchdog for 200 seconds at Mon May 13 04:18:01 UTC 2019
13 ms. Memory: 208384K Free: 186768K (90%)
ptolemy.util.test.WatchDog.cancel(): canceling Mon May 13 04:18:01 UTC 2019
------------------ testing $PTII/ptolemy/domains/de/test/auto/DateToEvent.xml
auto.tcl: Setting watchdog for 200 seconds at Mon May 13 04:18:01 UTC 2019
2009 ms. Memory: 208384K Free: 183650K (88%)
ptolemy.util.test.WatchDog.cancel(): canceling Mon May 13 04:18:03 UTC 2019
auto.tcl: Setting watchdog for 200 seconds at Mon May 13 04:18:03 UTC 2019
2004 ms. Memory: 208384K Free: 183650K (88%)
ptolemy.util.test.WatchDog.cancel(): canceling Mon May 13 04:18:05 UTC 2019
------------------ testing $PTII/ptolemy/domains/de/test/auto/DepthTest1.xml
auto.tcl: Setting watchdog for 200 seconds at Mon May 13 04:18:05 UTC 2019
2 ms. Memory: 208384K Free: 197638K (95%)
ptolemy.util.test.WatchDog.cancel(): canceling Mon May 13 04:18:05 UTC 2019
auto.tcl: Setting watchdog for 200 seconds at Mon May 13 04:18:05 UTC 2019
6 ms. Memory: 208384K Free: 197638K (95%)
ptolemy.util.test.WatchDog.cancel(): canceling Mon May 13 04:18:05 UTC 2019
------------------ testing $PTII/ptolemy/domains/de/test/auto/DepthTest2.xml
auto.tcl: Setting watchdog for 200 seconds at Mon May 13 04:18:05 UTC 2019
7 ms. Memory: 208384K Free: 193926K (93%)
ptolemy.util.test.WatchDog.cancel(): canceling Mon May 13 04:18:05 UTC 2019
auto.tcl: Setting watchdog for 200 seconds at Mon May 13 04:18:05 UTC 2019
5 ms. Memory: 208384K Free: 193926K (93%)
ptolemy.util.test.WatchDog.cancel(): canceling Mon May 13 04:18:05 UTC 2019
------------------ testing $PTII/ptolemy/domains/de/test/auto/DepthTest3.xml
auto.tcl: Setting watchdog for 200 seconds at Mon May 13 04:18:05 UTC 2019
4 ms. Memory: 208384K Free: 198491K (95%)
ptolemy.util.test.WatchDog.cancel(): canceling Mon May 13 04:18:05 UTC 2019
auto.tcl: Setting watchdog for 200 seconds at Mon May 13 04:18:05 UTC 2019
2 ms. Memory: 208384K Free: 198491K (95%)
ptolemy.util.test.WatchDog.cancel(): canceling Mon May 13 04:18:05 UTC 2019
------------------ testing $PTII/ptolemy/domains/de/test/auto/DepthTest4.xml
auto.tcl: Setting watchdog for 200 seconds at Mon May 13 04:18:05 UTC 2019
3 ms. Memory: 208384K Free: 195988K (94%)
ptolemy.util.test.WatchDog.cancel(): canceling Mon May 13 04:18:05 UTC 2019
auto.tcl: Setting watchdog for 200 seconds at Mon May 13 04:18:05 UTC 2019
2 ms. Memory: 208384K Free: 195988K (94%)
ptolemy.util.test.WatchDog.cancel(): canceling Mon May 13 04:18:05 UTC 2019
------------------ testing $PTII/ptolemy/domains/de/test/auto/DepthTest5.xml
auto.tcl: Setting watchdog for 200 seconds at Mon May 13 04:18:05 UTC 2019
3 ms. Memory: 208384K Free: 195935K (94%)
ptolemy.util.test.WatchDog.cancel(): canceling Mon May 13 04:18:05 UTC 2019
auto.tcl: Setting watchdog for 200 seconds at Mon May 13 04:18:05 UTC 2019
2 ms. Memory: 208384K Free: 195935K (94%)
ptolemy.util.test.WatchDog.cancel(): canceling Mon May 13 04:18:05 UTC 2019
------------------ testing $PTII/ptolemy/domains/de/test/auto/DepthTest6.xml
auto.tcl: Setting watchdog for 200 seconds at Mon May 13 04:18:05 UTC 2019
9 ms. Memory: 208384K Free: 196429K (94%)
ptolemy.util.test.WatchDog.cancel(): canceling Mon May 13 04:18:05 UTC 2019
auto.tcl: Setting watchdog for 200 seconds at Mon May 13 04:18:05 UTC 2019
3 ms. Memory: 208384K Free: 196429K (94%)
ptolemy.util.test.WatchDog.cancel(): canceling Mon May 13 04:18:05 UTC 2019
------------------ testing $PTII/ptolemy/domains/de/test/auto/DepthTest7.xml
auto.tcl: Setting watchdog for 200 seconds at Mon May 13 04:18:05 UTC 2019
8 ms. Memory: 208384K Free: 195892K (94%)
ptolemy.util.test.WatchDog.cancel(): canceling Mon May 13 04:18:05 UTC 2019
auto.tcl: Setting watchdog for 200 seconds at Mon May 13 04:18:05 UTC 2019
2 ms. Memory: 208384K Free: 195892K (94%)
ptolemy.util.test.WatchDog.cancel(): canceling Mon May 13 04:18:05 UTC 2019
------------------ testing $PTII/ptolemy/domains/de/test/auto/EventToDate.xml
auto.tcl: Setting watchdog for 200 seconds at Mon May 13 04:18:05 UTC 2019
3010 ms. Memory: 208384K Free: 187595K (90%)
ptolemy.util.test.WatchDog.cancel(): canceling Mon May 13 04:18:08 UTC 2019
auto.tcl: Setting watchdog for 200 seconds at Mon May 13 04:18:08 UTC 2019
3005 ms. Memory: 208384K Free: 185523K (89%)
ptolemy.util.test.WatchDog.cancel(): canceling Mon May 13 04:18:11 UTC 2019
------------------ testing $PTII/ptolemy/domains/de/test/auto/FSM1.xml
auto.tcl: Setting watchdog for 200 seconds at Mon May 13 04:18:11 UTC 2019
40 ms. Memory: 208384K Free: 186544K (90%)
ptolemy.util.test.WatchDog.cancel(): canceling Mon May 13 04:18:12 UTC 2019
auto.tcl: Setting watchdog for 200 seconds at Mon May 13 04:18:12 UTC 2019
22 ms. Memory: 208384K Free: 182400K (88%)
ptolemy.util.test.WatchDog.cancel(): canceling Mon May 13 04:18:12 UTC 2019
------------------ testing $PTII/ptolemy/domains/de/test/auto/FSM7.xml
auto.tcl: Setting watchdog for 200 seconds at Mon May 13 04:18:12 UTC 2019
15 ms. Memory: 208384K Free: 189204K (91%)
ptolemy.util.test.WatchDog.cancel(): canceling Mon May 13 04:18:12 UTC 2019
auto.tcl: Setting watchdog for 200 seconds at Mon May 13 04:18:12 UTC 2019
18 ms. Memory: 208384K Free: 185061K (89%)
ptolemy.util.test.WatchDog.cancel(): canceling Mon May 13 04:18:12 UTC 2019
------------------ testing $PTII/ptolemy/domains/de/test/auto/Inspection.xml
auto.tcl: Setting watchdog for 200 seconds at Mon May 13 04:18:12 UTC 2019
35 ms. Memory: 208384K Free: 188332K (90%)
ptolemy.util.test.WatchDog.cancel(): canceling Mon May 13 04:18:12 UTC 2019
auto.tcl: Setting watchdog for 200 seconds at Mon May 13 04:18:12 UTC 2019
25 ms. Memory: 208384K Free: 186260K (89%)
ptolemy.util.test.WatchDog.cancel(): canceling Mon May 13 04:18:12 UTC 2019
------------------ testing $PTII/ptolemy/domains/de/test/auto/Iteration.xml
auto.tcl: Setting watchdog for 200 seconds at Mon May 13 04:18:12 UTC 2019
8 ms. Memory: 208384K Free: 196220K (94%)
ptolemy.util.test.WatchDog.cancel(): canceling Mon May 13 04:18:12 UTC 2019
auto.tcl: Setting watchdog for 200 seconds at Mon May 13 04:18:12 UTC 2019
7 ms. Memory: 208384K Free: 193629K (93%)
ptolemy.util.test.WatchDog.cancel(): canceling Mon May 13 04:18:12 UTC 2019
------------------ testing $PTII/ptolemy/domains/de/test/auto/LineFault.xml
auto.tcl: Setting watchdog for 200 seconds at Mon May 13 04:18:12 UTC 2019
529 ms. Memory: 208384K Free: 197971K (95%)
ptolemy.util.test.WatchDog.cancel(): canceling Mon May 13 04:18:13 UTC 2019
auto.tcl: Setting watchdog for 200 seconds at Mon May 13 04:18:13 UTC 2019
507 ms. Memory: 208384K Free: 141851K (68%)
ptolemy.util.test.WatchDog.cancel(): canceling Mon May 13 04:18:13 UTC 2019
------------------ testing $PTII/ptolemy/domains/de/test/auto/MergeModel1Add.xml
auto.tcl: Setting watchdog for 200 seconds at Mon May 13 04:18:13 UTC 2019
19 ms. Memory: 331264K Free: 302539K (91%)
ptolemy.util.test.WatchDog.cancel(): canceling Mon May 13 04:18:14 UTC 2019
auto.tcl: Setting watchdog for 200 seconds at Mon May 13 04:18:14 UTC 2019
9 ms. Memory: 331264K Free: 298618K (90%)
ptolemy.util.test.WatchDog.cancel(): canceling Mon May 13 04:18:14 UTC 2019
------------------ testing $PTII/ptolemy/domains/de/test/auto/MergeModel2Add.xml
auto.tcl: Setting watchdog for 200 seconds at Mon May 13 04:18:14 UTC 2019
12 ms. Memory: 331264K Free: 303878K (92%)
ptolemy.util.test.WatchDog.cancel(): canceling Mon May 13 04:18:14 UTC 2019
auto.tcl: Setting watchdog for 200 seconds at Mon May 13 04:18:14 UTC 2019
9 ms. Memory: 331264K Free: 303878K (92%)
ptolemy.util.test.WatchDog.cancel(): canceling Mon May 13 04:18:14 UTC 2019
------------------ testing $PTII/ptolemy/domains/de/test/auto/MergeModel3Add.xml
auto.tcl: Setting watchdog for 200 seconds at Mon May 13 04:18:14 UTC 2019
9 ms. Memory: 331264K Free: 303888K (92%)
ptolemy.util.test.WatchDog.cancel(): canceling Mon May 13 04:18:14 UTC 2019
auto.tcl: Setting watchdog for 200 seconds at Mon May 13 04:18:14 UTC 2019
6 ms. Memory: 331264K Free: 303888K (92%)
ptolemy.util.test.WatchDog.cancel(): canceling Mon May 13 04:18:14 UTC 2019
------------------ testing $PTII/ptolemy/domains/de/test/auto/MergeWithoutDiscard.xml
auto.tcl: Setting watchdog for 200 seconds at Mon May 13 04:18:14 UTC 2019
5 ms. Memory: 331264K Free: 319566K (96%)
ptolemy.util.test.WatchDog.cancel(): canceling Mon May 13 04:18:14 UTC 2019
auto.tcl: Setting watchdog for 200 seconds at Mon May 13 04:18:14 UTC 2019
1 ms. Memory: 331264K Free: 315646K (95%)
ptolemy.util.test.WatchDog.cancel(): canceling Mon May 13 04:18:14 UTC 2019
------------------ testing $PTII/ptolemy/domains/de/test/auto/Modal1.xml
auto.tcl: Setting watchdog for 200 seconds at Mon May 13 04:18:14 UTC 2019
22 ms. Memory: 331264K Free: 309581K (93%)
ptolemy.util.test.WatchDog.cancel(): canceling Mon May 13 04:18:14 UTC 2019
auto.tcl: Setting watchdog for 200 seconds at Mon May 13 04:18:14 UTC 2019
18 ms. Memory: 331264K Free: 305661K (92%)
ptolemy.util.test.WatchDog.cancel(): canceling Mon May 13 04:18:14 UTC 2019
------------------ testing $PTII/ptolemy/domains/de/test/auto/Modal2.xml
auto.tcl: Setting watchdog for 200 seconds at Mon May 13 04:18:14 UTC 2019
11 ms. Memory: 331264K Free: 309453K (93%)
ptolemy.util.test.WatchDog.cancel(): canceling Mon May 13 04:18:14 UTC 2019
auto.tcl: Setting watchdog for 200 seconds at Mon May 13 04:18:14 UTC 2019
13 ms. Memory: 331264K Free: 305533K (92%)
ptolemy.util.test.WatchDog.cancel(): canceling Mon May 13 04:18:14 UTC 2019
------------------ testing $PTII/ptolemy/domains/de/test/auto/Modal3.xml
auto.tcl: Setting watchdog for 200 seconds at Mon May 13 04:18:14 UTC 2019
14 ms. Memory: 331264K Free: 309242K (93%)
ptolemy.util.test.WatchDog.cancel(): canceling Mon May 13 04:18:14 UTC 2019
auto.tcl: Setting watchdog for 200 seconds at Mon May 13 04:18:14 UTC 2019
11 ms. Memory: 331264K Free: 305322K (92%)
ptolemy.util.test.WatchDog.cancel(): canceling Mon May 13 04:18:14 UTC 2019
------------------ testing $PTII/ptolemy/domains/de/test/auto/Modal4.xml
auto.tcl: Setting watchdog for 200 seconds at Mon May 13 04:18:14 UTC 2019
24 ms. Memory: 331264K Free: 309239K (93%)
ptolemy.util.test.WatchDog.cancel(): canceling Mon May 13 04:18:14 UTC 2019
auto.tcl: Setting watchdog for 200 seconds at Mon May 13 04:18:14 UTC 2019
17 ms. Memory: 331264K Free: 305319K (92%)
ptolemy.util.test.WatchDog.cancel(): canceling Mon May 13 04:18:14 UTC 2019
------------------ testing $PTII/ptolemy/domains/de/test/auto/Modal5.xml
auto.tcl: Setting watchdog for 200 seconds at Mon May 13 04:18:14 UTC 2019
15 ms. Memory: 331264K Free: 309226K (93%)
ptolemy.util.test.WatchDog.cancel(): canceling Mon May 13 04:18:14 UTC 2019
auto.tcl: Setting watchdog for 200 seconds at Mon May 13 04:18:14 UTC 2019
12 ms. Memory: 331264K Free: 305306K (92%)
ptolemy.util.test.WatchDog.cancel(): canceling Mon May 13 04:18:14 UTC 2019
------------------ testing $PTII/ptolemy/domains/de/test/auto/Modal6.xml
auto.tcl: Setting watchdog for 200 seconds at Mon May 13 04:18:14 UTC 2019
10 ms. Memory: 331264K Free: 309223K (93%)
ptolemy.util.test.WatchDog.cancel(): canceling Mon May 13 04:18:15 UTC 2019
auto.tcl: Setting watchdog for 200 seconds at Mon May 13 04:18:15 UTC 2019
12 ms. Memory: 331264K Free: 305303K (92%)
ptolemy.util.test.WatchDog.cancel(): canceling Mon May 13 04:18:15 UTC 2019
------------------ testing $PTII/ptolemy/domains/de/test/auto/Modal7.xml
auto.tcl: Setting watchdog for 200 seconds at Mon May 13 04:18:15 UTC 2019
9 ms. Memory: 331264K Free: 309224K (93%)
ptolemy.util.test.WatchDog.cancel(): canceling Mon May 13 04:18:15 UTC 2019
auto.tcl: Setting watchdog for 200 seconds at Mon May 13 04:18:15 UTC 2019
10 ms. Memory: 331264K Free: 305303K (92%)
ptolemy.util.test.WatchDog.cancel(): canceling Mon May 13 04:18:15 UTC 2019
------------------ testing $PTII/ptolemy/domains/de/test/auto/ModalModel.xml
auto.tcl: Setting watchdog for 200 seconds at Mon May 13 04:18:15 UTC 2019
157 ms. Memory: 331264K Free: 249741K (75%)
ptolemy.util.test.WatchDog.cancel(): canceling Mon May 13 04:18:15 UTC 2019
auto.tcl: Setting watchdog for 200 seconds at Mon May 13 04:18:15 UTC 2019
185 ms. Memory: 331264K Free: 186020K (56%)
ptolemy.util.test.WatchDog.cancel(): canceling Mon May 13 04:18:15 UTC 2019
------------------ testing $PTII/ptolemy/domains/de/test/auto/ModalSource.xml
auto.tcl: Setting watchdog for 200 seconds at Mon May 13 04:18:15 UTC 2019
6 ms. Memory: 331264K Free: 316091K (95%)
ptolemy.util.test.WatchDog.cancel(): canceling Mon May 13 04:18:15 UTC 2019
auto.tcl: Setting watchdog for 200 seconds at Mon May 13 04:18:15 UTC 2019
5 ms. Memory: 331264K Free: 312630K (94%)
ptolemy.util.test.WatchDog.cancel(): canceling Mon May 13 04:18:15 UTC 2019
------------------ testing $PTII/ptolemy/domains/de/test/auto/NonInterruptibleTimerZeroDelay.xml
auto.tcl: Setting watchdog for 200 seconds at Mon May 13 04:18:15 UTC 2019
4 ms. Memory: 331264K Free: 320490K (97%)
ptolemy.util.test.WatchDog.cancel(): canceling Mon May 13 04:18:15 UTC 2019
auto.tcl: Setting watchdog for 200 seconds at Mon May 13 04:18:15 UTC 2019
2 ms. Memory: 331264K Free: 317029K (96%)
ptolemy.util.test.WatchDog.cancel(): canceling Mon May 13 04:18:15 UTC 2019
------------------ testing $PTII/ptolemy/domains/de/test/auto/OpenQueueingNetwork.xml
auto.tcl: Setting watchdog for 200 seconds at Mon May 13 04:18:15 UTC 2019
2584 ms. Memory: 573952K Free: 404741K (71%)
ptolemy.util.test.WatchDog.cancel(): canceling Mon May 13 04:18:18 UTC 2019
auto.tcl: Setting watchdog for 200 seconds at Mon May 13 04:18:18 UTC 2019
2223 ms. Memory: 574464K Free: 339393K (59%)
ptolemy.util.test.WatchDog.cancel(): canceling Mon May 13 04:18:20 UTC 2019
------------------ testing $PTII/ptolemy/domains/de/test/auto/OpenQueuingNetwork.xml
auto.tcl: Setting watchdog for 200 seconds at Mon May 13 04:18:20 UTC 2019
228 ms. Memory: 1064960K Free: 945741K (89%)
ptolemy.util.test.WatchDog.cancel(): canceling Mon May 13 04:18:21 UTC 2019
auto.tcl: Setting watchdog for 200 seconds at Mon May 13 04:18:21 UTC 2019
211 ms. Memory: 1064960K Free: 890076K (84%)
ptolemy.util.test.WatchDog.cancel(): canceling Mon May 13 04:18:21 UTC 2019
------------------ testing $PTII/ptolemy/domains/de/test/auto/PeriodicSampler.xml
auto.tcl: Setting watchdog for 200 seconds at Mon May 13 04:18:21 UTC 2019
4 ms. Memory: 1065472K Free: 1039055K (98%)
ptolemy.util.test.WatchDog.cancel(): canceling Mon May 13 04:18:21 UTC 2019
auto.tcl: Setting watchdog for 200 seconds at Mon May 13 04:18:21 UTC 2019
2 ms. Memory: 1065472K Free: 1039055K (98%)
ptolemy.util.test.WatchDog.cancel(): canceling Mon May 13 04:18:21 UTC 2019
------------------ testing $PTII/ptolemy/domains/de/test/auto/PersistentIO.xml
auto.tcl: Setting watchdog for 200 seconds at Mon May 13 04:18:21 UTC 2019
5 ms. Memory: 1065472K Free: 1029824K (97%)
ptolemy.util.test.WatchDog.cancel(): canceling Mon May 13 04:18:21 UTC 2019
auto.tcl: Setting watchdog for 200 seconds at Mon May 13 04:18:21 UTC 2019
4 ms. Memory: 1065472K Free: 1029824K (97%)
ptolemy.util.test.WatchDog.cancel(): canceling Mon May 13 04:18:21 UTC 2019
------------------ testing $PTII/ptolemy/domains/de/test/auto/PortParameterResetOnInitialize.xml
auto.tcl: Setting watchdog for 200 seconds at Mon May 13 04:18:21 UTC 2019
2 ms. Memory: 1065472K Free: 1029685K (97%)
ptolemy.util.test.WatchDog.cancel(): canceling Mon May 13 04:18:21 UTC 2019
auto.tcl: Setting watchdog for 200 seconds at Mon May 13 04:18:21 UTC 2019
1 ms. Memory: 1065472K Free: 1029685K (97%)
ptolemy.util.test.WatchDog.cancel(): canceling Mon May 13 04:18:21 UTC 2019
------------------ testing $PTII/ptolemy/domains/de/test/auto/PortParameterUpdates.xml
auto.tcl: Setting watchdog for 200 seconds at Mon May 13 04:18:21 UTC 2019
3 ms. Memory: 1065472K Free: 1029818K (97%)
ptolemy.util.test.WatchDog.cancel(): canceling Mon May 13 04:18:21 UTC 2019
auto.tcl: Setting watchdog for 200 seconds at Mon May 13 04:18:21 UTC 2019
4 ms. Memory: 1065472K Free: 1029818K (97%)
ptolemy.util.test.WatchDog.cancel(): canceling Mon May 13 04:18:21 UTC 2019
------------------ testing $PTII/ptolemy/domains/de/test/auto/QueueAndServer.xml
auto.tcl: Setting watchdog for 200 seconds at Mon May 13 04:18:21 UTC 2019
21 ms. Memory: 1065472K Free: 1029041K (97%)
ptolemy.util.test.WatchDog.cancel(): canceling Mon May 13 04:18:21 UTC 2019
auto.tcl: Setting watchdog for 200 seconds at Mon May 13 04:18:21 UTC 2019
7 ms. Memory: 1065472K Free: 1029041K (97%)
ptolemy.util.test.WatchDog.cancel(): canceling Mon May 13 04:18:21 UTC 2019
------------------ testing $PTII/ptolemy/domains/de/test/auto/Records.xml
auto.tcl: Setting watchdog for 200 seconds at Mon May 13 04:18:21 UTC 2019
13 ms. Memory: 1065472K Free: 1028982K (97%)
ptolemy.util.test.WatchDog.cancel(): canceling Mon May 13 04:18:21 UTC 2019
auto.tcl: Setting watchdog for 200 seconds at Mon May 13 04:18:21 UTC 2019
2 ms. Memory: 1065472K Free: 1028982K (97%)
ptolemy.util.test.WatchDog.cancel(): canceling Mon May 13 04:18:21 UTC 2019
------------------ testing $PTII/ptolemy/domains/de/test/auto/ResetTransitionWithStartTime1.xml
auto.tcl: Setting watchdog for 200 seconds at Mon May 13 04:18:21 UTC 2019
14 ms. Memory: 1065472K Free: 1038827K (97%)
ptolemy.util.test.WatchDog.cancel(): canceling Mon May 13 04:18:21 UTC 2019
auto.tcl: Setting watchdog for 200 seconds at Mon May 13 04:18:21 UTC 2019
5 ms. Memory: 1065472K Free: 1038827K (97%)
ptolemy.util.test.WatchDog.cancel(): canceling Mon May 13 04:18:21 UTC 2019
------------------ testing $PTII/ptolemy/domains/de/test/auto/ResetTransitionWithStartTime2.xml
auto.tcl: Setting watchdog for 200 seconds at Mon May 13 04:18:21 UTC 2019
6 ms. Memory: 1064448K Free: 1038535K (98%)
ptolemy.util.test.WatchDog.cancel(): canceling Mon May 13 04:18:21 UTC 2019
auto.tcl: Setting watchdog for 200 seconds at Mon May 13 04:18:21 UTC 2019
5 ms. Memory: 1064448K Free: 1038535K (98%)
ptolemy.util.test.WatchDog.cancel(): canceling Mon May 13 04:18:21 UTC 2019
------------------ testing $PTII/ptolemy/domains/de/test/auto/ResetTransitionWithStartTime3.xml
auto.tcl: Setting watchdog for 200 seconds at Mon May 13 04:18:21 UTC 2019
8 ms. Memory: 1064960K Free: 1028485K (97%)
ptolemy.util.test.WatchDog.cancel(): canceling Mon May 13 04:18:22 UTC 2019
auto.tcl: Setting watchdog for 200 seconds at Mon May 13 04:18:22 UTC 2019
5 ms. Memory: 1064960K Free: 1028485K (97%)
ptolemy.util.test.WatchDog.cancel(): canceling Mon May 13 04:18:22 UTC 2019
------------------ testing $PTII/ptolemy/domains/de/test/auto/ResetTransitionWithStartTime4.xml
auto.tcl: Setting watchdog for 200 seconds at Mon May 13 04:18:22 UTC 2019
5 ms. Memory: 1064960K Free: 1038304K (97%)
ptolemy.util.test.WatchDog.cancel(): canceling Mon May 13 04:18:22 UTC 2019
auto.tcl: Setting watchdog for 200 seconds at Mon May 13 04:18:22 UTC 2019
4 ms. Memory: 1064960K Free: 1038304K (97%)
ptolemy.util.test.WatchDog.cancel(): canceling Mon May 13 04:18:22 UTC 2019
------------------ testing $PTII/ptolemy/domains/de/test/auto/ResettableTimer1.xml
auto.tcl: Setting watchdog for 200 seconds at Mon May 13 04:18:22 UTC 2019
5 ms. Memory: 1064960K Free: 1038299K (97%)
ptolemy.util.test.WatchDog.cancel(): canceling Mon May 13 04:18:22 UTC 2019
auto.tcl: Setting watchdog for 200 seconds at Mon May 13 04:18:22 UTC 2019
3 ms. Memory: 1064960K Free: 1038299K (97%)
ptolemy.util.test.WatchDog.cancel(): canceling Mon May 13 04:18:22 UTC 2019
------------------ testing $PTII/ptolemy/domains/de/test/auto/ResettableTimer2.xml
auto.tcl: Setting watchdog for 200 seconds at Mon May 13 04:18:22 UTC 2019
3 ms. Memory: 1064960K Free: 1039098K (98%)
ptolemy.util.test.WatchDog.cancel(): canceling Mon May 13 04:18:22 UTC 2019
auto.tcl: Setting watchdog for 200 seconds at Mon May 13 04:18:22 UTC 2019
2 ms. Memory: 1064960K Free: 1039098K (98%)
ptolemy.util.test.WatchDog.cancel(): canceling Mon May 13 04:18:22 UTC 2019
------------------ testing $PTII/ptolemy/domains/de/test/auto/ResettableTimer3.xml
auto.tcl: Setting watchdog for 200 seconds at Mon May 13 04:18:22 UTC 2019
2 ms. Memory: 1064960K Free: 1038356K (98%)
ptolemy.util.test.WatchDog.cancel(): canceling Mon May 13 04:18:22 UTC 2019
auto.tcl: Setting watchdog for 200 seconds at Mon May 13 04:18:22 UTC 2019
1 ms. Memory: 1064960K Free: 1038356K (98%)
ptolemy.util.test.WatchDog.cancel(): canceling Mon May 13 04:18:22 UTC 2019
------------------ testing $PTII/ptolemy/domains/de/test/auto/ResettableTimer4.xml
auto.tcl: Setting watchdog for 200 seconds at Mon May 13 04:18:22 UTC 2019
2 ms. Memory: 1063936K Free: 1038086K (98%)
ptolemy.util.test.WatchDog.cancel(): canceling Mon May 13 04:18:22 UTC 2019
auto.tcl: Setting watchdog for 200 seconds at Mon May 13 04:18:22 UTC 2019
1 ms. Memory: 1063936K Free: 1038086K (98%)
ptolemy.util.test.WatchDog.cancel(): canceling Mon May 13 04:18:22 UTC 2019
------------------ testing $PTII/ptolemy/domains/de/test/auto/ResettableTimer5.xml
auto.tcl: Setting watchdog for 200 seconds at Mon May 13 04:18:22 UTC 2019
1 ms. Memory: 1064448K Free: 1028776K (97%)
ptolemy.util.test.WatchDog.cancel(): canceling Mon May 13 04:18:22 UTC 2019
auto.tcl: Setting watchdog for 200 seconds at Mon May 13 04:18:22 UTC 2019
1 ms. Memory: 1064448K Free: 1028776K (97%)
ptolemy.util.test.WatchDog.cancel(): canceling Mon May 13 04:18:22 UTC 2019
------------------ testing $PTII/ptolemy/domains/de/test/auto/ResettableTimer6.xml
auto.tcl: Setting watchdog for 200 seconds at Mon May 13 04:18:22 UTC 2019
2 ms. Memory: 1064448K Free: 1027985K (97%)
ptolemy.util.test.WatchDog.cancel(): canceling Mon May 13 04:18:22 UTC 2019
auto.tcl: Setting watchdog for 200 seconds at Mon May 13 04:18:22 UTC 2019
2 ms. Memory: 1064448K Free: 1027985K (97%)
ptolemy.util.test.WatchDog.cancel(): canceling Mon May 13 04:18:22 UTC 2019
------------------ testing $PTII/ptolemy/domains/de/test/auto/ServerZeroDelay.xml
auto.tcl: Setting watchdog for 200 seconds at Mon May 13 04:18:22 UTC 2019
6 ms. Memory: 1064448K Free: 1038536K (98%)
ptolemy.util.test.WatchDog.cancel(): canceling Mon May 13 04:18:22 UTC 2019
auto.tcl: Setting watchdog for 200 seconds at Mon May 13 04:18:22 UTC 2019
2 ms. Memory: 1064448K Free: 1038536K (98%)
ptolemy.util.test.WatchDog.cancel(): canceling Mon May 13 04:18:22 UTC 2019
------------------ testing $PTII/ptolemy/domains/de/test/auto/SmartSender.xml
auto.tcl: Setting watchdog for 200 seconds at Mon May 13 04:18:22 UTC 2019
3001 ms. Memory: 1064448K Free: 1028711K (97%)
ptolemy.util.test.WatchDog.cancel(): canceling Mon May 13 04:18:25 UTC 2019
auto.tcl: Setting watchdog for 200 seconds at Mon May 13 04:18:25 UTC 2019
3001 ms. Memory: 1064448K Free: 1028711K (97%)
ptolemy.util.test.WatchDog.cancel(): canceling Mon May 13 04:18:28 UTC 2019
------------------ testing $PTII/ptolemy/domains/de/test/auto/ThreadedComposite.xml
auto.tcl: Setting watchdog for 200 seconds at Mon May 13 04:18:28 UTC 2019
232 ms. Memory: 1064448K Free: 997189K (94%)
ptolemy.util.test.WatchDog.cancel(): canceling Mon May 13 04:18:28 UTC 2019
auto.tcl: Setting watchdog for 200 seconds at Mon May 13 04:18:28 UTC 2019
133 ms. Memory: 1064448K Free: 977549K (92%)
ptolemy.util.test.WatchDog.cancel(): canceling Mon May 13 04:18:29 UTC 2019
------------------ testing $PTII/ptolemy/domains/de/test/auto/Time.xml
auto.tcl: Setting watchdog for 200 seconds at Mon May 13 04:18:29 UTC 2019
479 ms. Memory: 1064448K Free: 988415K (93%)
ptolemy.util.test.WatchDog.cancel(): canceling Mon May 13 04:18:29 UTC 2019
auto.tcl: Setting watchdog for 200 seconds at Mon May 13 04:18:29 UTC 2019
418 ms. Memory: 1064448K Free: 932721K (88%)
ptolemy.util.test.WatchDog.cancel(): canceling Mon May 13 04:18:30 UTC 2019
------------------ testing $PTII/ptolemy/domains/de/test/auto/TimeDelayZeroDelay.xml
auto.tcl: Setting watchdog for 200 seconds at Mon May 13 04:18:30 UTC 2019
1 ms. Memory: 1064448K Free: 1037713K (97%)
ptolemy.util.test.WatchDog.cancel(): canceling Mon May 13 04:18:30 UTC 2019
auto.tcl: Setting watchdog for 200 seconds at Mon May 13 04:18:30 UTC 2019
2 ms. Memory: 1064448K Free: 1037713K (97%)
ptolemy.util.test.WatchDog.cancel(): canceling Mon May 13 04:18:30 UTC 2019
------------------ testing $PTII/ptolemy/domains/de/test/auto/TimerZeroDelay.xml
auto.tcl: Setting watchdog for 200 seconds at Mon May 13 04:18:30 UTC 2019
2 ms. Memory: 1063424K Free: 1037474K (98%)
ptolemy.util.test.WatchDog.cancel(): canceling Mon May 13 04:18:30 UTC 2019
auto.tcl: Setting watchdog for 200 seconds at Mon May 13 04:18:30 UTC 2019
2 ms. Memory: 1063424K Free: 1037474K (98%)
ptolemy.util.test.WatchDog.cancel(): canceling Mon May 13 04:18:30 UTC 2019
------------------ testing $PTII/ptolemy/domains/de/test/auto/TimingParadox.xml
auto.tcl: Setting watchdog for 200 seconds at Mon May 13 04:18:30 UTC 2019
331 ms. Memory: 1063936K Free: 974336K (92%)
ptolemy.util.test.WatchDog.cancel(): canceling Mon May 13 04:18:30 UTC 2019
auto.tcl: Setting watchdog for 200 seconds at Mon May 13 04:18:30 UTC 2019
314 ms. Memory: 1063936K Free: 940919K (88%)
ptolemy.util.test.WatchDog.cancel(): canceling Mon May 13 04:18:30 UTC 2019
------------------ testing $PTII/ptolemy/domains/de/test/auto/TransferInputs.xml
auto.tcl: Setting watchdog for 200 seconds at Mon May 13 04:18:31 UTC 2019
1 ms. Memory: 1063424K Free: 1036443K (97%)
ptolemy.util.test.WatchDog.cancel(): canceling Mon May 13 04:18:31 UTC 2019
auto.tcl: Setting watchdog for 200 seconds at Mon May 13 04:18:31 UTC 2019
1 ms. Memory: 1063424K Free: 1036443K (97%)
ptolemy.util.test.WatchDog.cancel(): canceling Mon May 13 04:18:31 UTC 2019
------------------ testing $PTII/ptolemy/domains/de/test/auto/TransferOutputs2.xml
auto.tcl: Setting watchdog for 200 seconds at Mon May 13 04:18:31 UTC 2019
3 ms. Memory: 1063936K Free: 1028241K (97%)
ptolemy.util.test.WatchDog.cancel(): canceling Mon May 13 04:18:31 UTC 2019
auto.tcl: Setting watchdog for 200 seconds at Mon May 13 04:18:31 UTC 2019
2 ms. Memory: 1063936K Free: 1028241K (97%)
ptolemy.util.test.WatchDog.cancel(): canceling Mon May 13 04:18:31 UTC 2019
------------------ testing $PTII/ptolemy/domains/de/test/auto/Trilateration.xml
auto.tcl: Setting watchdog for 200 seconds at Mon May 13 04:18:31 UTC 2019
12112 ms. Memory: 933376K Free: 806319K (86%)
ptolemy.util.test.WatchDog.cancel(): canceling Mon May 13 04:18:44 UTC 2019
auto.tcl: Setting watchdog for 200 seconds at Mon May 13 04:18:44 UTC 2019
9846 ms. Memory: 812544K Free: 523620K (64%)
ptolemy.util.test.WatchDog.cancel(): canceling Mon May 13 04:18:53 UTC 2019
------------------ testing $PTII/ptolemy/domains/de/test/auto/TwoSigmaDelta.xml
auto.tcl: Setting watchdog for 200 seconds at Mon May 13 04:18:54 UTC 2019
2423 ms. Memory: 816640K Free: 526256K (64%)
ptolemy.util.test.WatchDog.cancel(): canceling Mon May 13 04:18:56 UTC 2019
auto.tcl: Setting watchdog for 200 seconds at Mon May 13 04:18:56 UTC 2019
1962 ms. Memory: 816640K Free: 291998K (36%)
ptolemy.util.test.WatchDog.cancel(): canceling Mon May 13 04:18:58 UTC 2019
------------------ testing $PTII/ptolemy/domains/de/test/auto/VariableDelay.xml
auto.tcl: Setting watchdog for 200 seconds at Mon May 13 04:18:58 UTC 2019
2 ms. Memory: 813056K Free: 789672K (97%)
ptolemy.util.test.WatchDog.cancel(): canceling Mon May 13 04:18:58 UTC 2019
auto.tcl: Setting watchdog for 200 seconds at Mon May 13 04:18:58 UTC 2019
2 ms. Memory: 813056K Free: 789672K (97%)
ptolemy.util.test.WatchDog.cancel(): canceling Mon May 13 04:18:58 UTC 2019
------------------ testing $PTII/ptolemy/domains/de/test/auto/VariableDelay2.xml
auto.tcl: Setting watchdog for 200 seconds at Mon May 13 04:18:58 UTC 2019
6 ms. Memory: 812544K Free: 789672K (97%)
ptolemy.util.test.WatchDog.cancel(): canceling Mon May 13 04:18:58 UTC 2019
auto.tcl: Setting watchdog for 200 seconds at Mon May 13 04:18:58 UTC 2019
2 ms. Memory: 812544K Free: 789672K (97%)
ptolemy.util.test.WatchDog.cancel(): canceling Mon May 13 04:18:58 UTC 2019
------------------ testing $PTII/ptolemy/domains/de/test/auto/VariableDelayZeroDelay.xml
auto.tcl: Setting watchdog for 200 seconds at Mon May 13 04:18:58 UTC 2019
2 ms. Memory: 812544K Free: 782359K (96%)
ptolemy.util.test.WatchDog.cancel(): canceling Mon May 13 04:18:58 UTC 2019
auto.tcl: Setting watchdog for 200 seconds at Mon May 13 04:18:58 UTC 2019
2 ms. Memory: 812544K Free: 782359K (96%)
ptolemy.util.test.WatchDog.cancel(): canceling Mon May 13 04:18:58 UTC 2019
------------------ testing $PTII/ptolemy/domains/de/test/auto/VariableDelayZeroDelay2.xml
auto.tcl: Setting watchdog for 200 seconds at Mon May 13 04:18:58 UTC 2019
1 ms. Memory: 815616K Free: 785430K (96%)
ptolemy.util.test.WatchDog.cancel(): canceling Mon May 13 04:18:58 UTC 2019
auto.tcl: Setting watchdog for 200 seconds at Mon May 13 04:18:58 UTC 2019
1 ms. Memory: 815616K Free: 785430K (96%)
ptolemy.util.test.WatchDog.cancel(): canceling Mon May 13 04:18:58 UTC 2019
------------------ testing $PTII/ptolemy/domains/de/test/auto/deInCt.xml
auto.tcl: Setting watchdog for 200 seconds at Mon May 13 04:18:58 UTC 2019
0
1
1
1
0
0
0
1
1
1
1
0
0
0
1
1
1
1
0
0
0
1
1
1
0
0
0
1
1
1
0
0
0
0
1
1
1
0
0
1
1
1
1
1
10 ms. Memory: 812544K Free: 782355K (96%)
ptolemy.util.test.WatchDog.cancel(): canceling Mon May 13 04:18:58 UTC 2019
auto.tcl: Setting watchdog for 200 seconds at Mon May 13 04:18:58 UTC 2019
0
1
1
1
1
0
0
0
1
1
1
1
0
0
0
1
1
1
1
0
0
0
1
1
1
0
0
0
1
1
1
1
1
0
0
0
1
1
1
1
5 ms. Memory: 812544K Free: 782355K (96%)
ptolemy.util.test.WatchDog.cancel(): canceling Mon May 13 04:18:58 UTC 2019
------------------ testing $PTII/ptolemy/domains/de/test/auto/deInCt2.xml
auto.tcl: Setting watchdog for 200 seconds at Mon May 13 04:18:59 UTC 2019
0
1
1
1
0
0
1
1
1
0
0
1
1
1
0
0
1
1
1
0
0
1
1
1
0
0
1
1
1
0
0
1
1
1
0
0
1
1
1
0
0
0
12 ms. Memory: 815616K Free: 785328K (96%)
ptolemy.util.test.WatchDog.cancel(): canceling Mon May 13 04:18:59 UTC 2019
auto.tcl: Setting watchdog for 200 seconds at Mon May 13 04:18:59 UTC 2019
0
1
1
1
0
0
1
1
1
0
0
1
1
1
0
0
1
1
1
0
0
1
1
1
0
0
1
1
1
0
0
1
1
1
0
0
1
1
1
0
0
0
6 ms. Memory: 815616K Free: 785328K (96%)
ptolemy.util.test.WatchDog.cancel(): canceling Mon May 13 04:18:59 UTC 2019
------------------ testing $PTII/ptolemy/domains/de/test/auto/dynamicCausalityInterface1.xml
auto.tcl: Setting watchdog for 200 seconds at Mon May 13 04:18:59 UTC 2019
1 ms. Memory: 812544K Free: 782349K (96%)
ptolemy.util.test.WatchDog.cancel(): canceling Mon May 13 04:18:59 UTC 2019
auto.tcl: Setting watchdog for 200 seconds at Mon May 13 04:18:59 UTC 2019
1 ms. Memory: 812544K Free: 782349K (96%)
ptolemy.util.test.WatchDog.cancel(): canceling Mon May 13 04:18:59 UTC 2019
------------------ testing $PTII/ptolemy/domains/de/test/auto/fsm_de_test.xml
auto.tcl: Setting watchdog for 200 seconds at Mon May 13 04:18:59 UTC 2019
14 ms. Memory: 815104K Free: 784802K (96%)
ptolemy.util.test.WatchDog.cancel(): canceling Mon May 13 04:18:59 UTC 2019
auto.tcl: Setting watchdog for 200 seconds at Mon May 13 04:18:59 UTC 2019
7 ms. Memory: 815104K Free: 784802K (96%)
ptolemy.util.test.WatchDog.cancel(): canceling Mon May 13 04:18:59 UTC 2019
------------------ testing $PTII/ptolemy/domains/de/test/auto/functionDependencyReconstruction.xml
auto.tcl: Setting watchdog for 200 seconds at Mon May 13 04:18:59 UTC 2019
2 ms. Memory: 812544K Free: 771618K (95%)
ptolemy.util.test.WatchDog.cancel(): canceling Mon May 13 04:18:59 UTC 2019
auto.tcl: Setting watchdog for 200 seconds at Mon May 13 04:18:59 UTC 2019
2 ms. Memory: 812544K Free: 771618K (95%)
ptolemy.util.test.WatchDog.cancel(): canceling Mon May 13 04:18:59 UTC 2019
------------------ testing $PTII/ptolemy/domains/de/test/auto/multirate.xml
auto.tcl: Setting watchdog for 200 seconds at Mon May 13 04:18:59 UTC 2019
3 ms. Memory: 814592K Free: 784157K (96%)
ptolemy.util.test.WatchDog.cancel(): canceling Mon May 13 04:18:59 UTC 2019
auto.tcl: Setting watchdog for 200 seconds at Mon May 13 04:18:59 UTC 2019
3 ms. Memory: 814592K Free: 784058K (96%)
ptolemy.util.test.WatchDog.cancel(): canceling Mon May 13 04:18:59 UTC 2019
------------------ testing $PTII/ptolemy/domains/de/test/auto/multirate2.xml
auto.tcl: Setting watchdog for 200 seconds at Mon May 13 04:18:59 UTC 2019
6 ms. Memory: 812544K Free: 789608K (97%)
ptolemy.util.test.WatchDog.cancel(): canceling Mon May 13 04:18:59 UTC 2019
auto.tcl: Setting watchdog for 200 seconds at Mon May 13 04:18:59 UTC 2019
5 ms. Memory: 812544K Free: 789608K (97%)
ptolemy.util.test.WatchDog.cancel(): canceling Mon May 13 04:18:59 UTC 2019
------------------ testing $PTII/ptolemy/domains/de/test/auto/realtime.xml
auto.tcl: Setting watchdog for 200 seconds at Mon May 13 04:18:59 UTC 2019
10001 ms. Memory: 814592K Free: 784245K (96%)
ptolemy.util.test.WatchDog.cancel(): canceling Mon May 13 04:19:09 UTC 2019
auto.tcl: Setting watchdog for 200 seconds at Mon May 13 04:19:09 UTC 2019
10001 ms. Memory: 814592K Free: 784245K (96%)
ptolemy.util.test.WatchDog.cancel(): canceling Mon May 13 04:19:19 UTC 2019
------------------ testing $PTII/ptolemy/domains/de/test/auto/relationGroup.xml
auto.tcl: Setting watchdog for 200 seconds at Mon May 13 04:19:19 UTC 2019
1 ms. Memory: 812544K Free: 789632K (97%)
ptolemy.util.test.WatchDog.cancel(): canceling Mon May 13 04:19:19 UTC 2019
auto.tcl: Setting watchdog for 200 seconds at Mon May 13 04:19:19 UTC 2019
2 ms. Memory: 812544K Free: 789632K (97%)
ptolemy.util.test.WatchDog.cancel(): canceling Mon May 13 04:19:19 UTC 2019
------------------ testing $PTII/ptolemy/domains/de/test/auto/relationGroup2.xml
auto.tcl: Setting watchdog for 200 seconds at Mon May 13 04:19:19 UTC 2019
1 ms. Memory: 814080K Free: 783884K (96%)
ptolemy.util.test.WatchDog.cancel(): canceling Mon May 13 04:19:19 UTC 2019
auto.tcl: Setting watchdog for 200 seconds at Mon May 13 04:19:19 UTC 2019
1 ms. Memory: 814080K Free: 783884K (96%)
ptolemy.util.test.WatchDog.cancel(): canceling Mon May 13 04:19:19 UTC 2019
------------------ testing $PTII/ptolemy/domains/de/test/auto/sortWithOpaquePorts.xml
auto.tcl: Setting watchdog for 200 seconds at Mon May 13 04:19:19 UTC 2019
2 ms. Memory: 812544K Free: 782349K (96%)
ptolemy.util.test.WatchDog.cancel(): canceling Mon May 13 04:19:19 UTC 2019
auto.tcl: Setting watchdog for 200 seconds at Mon May 13 04:19:19 UTC 2019
2 ms. Memory: 812544K Free: 782349K (96%)
ptolemy.util.test.WatchDog.cancel(): canceling Mon May 13 04:19:19 UTC 2019
------------------ testing $PTII/ptolemy/domains/de/test/auto/transferInputsandOutputs.xml
auto.tcl: Setting watchdog for 200 seconds at Mon May 13 04:19:19 UTC 2019
3 ms. Memory: 814080K Free: 783871K (96%)
ptolemy.util.test.WatchDog.cancel(): canceling Mon May 13 04:19:19 UTC 2019
auto.tcl: Setting watchdog for 200 seconds at Mon May 13 04:19:19 UTC 2019
3 ms. Memory: 814080K Free: 783871K (96%)
ptolemy.util.test.WatchDog.cancel(): canceling Mon May 13 04:19:19 UTC 2019
------------------ testing $PTII/ptolemy/domains/de/test/auto/triggerType.xml
auto.tcl: Setting watchdog for 200 seconds at Mon May 13 04:19:19 UTC 2019
1 ms. Memory: 812544K Free: 782285K (96%)
ptolemy.util.test.WatchDog.cancel(): canceling Mon May 13 04:19:19 UTC 2019
auto.tcl: Setting watchdog for 200 seconds at Mon May 13 04:19:19 UTC 2019
1 ms. Memory: 812544K Free: 782285K (96%)
ptolemy.util.test.WatchDog.cancel(): canceling Mon May 13 04:19:19 UTC 2019
05/13/19 04:19:19
Failed: 0  Total Tests: 192  ((Passed: 187, Newly Passed: 1)  Known Failed: 5) /home/travis/build/icyphy/ptII/ptolemy/domains/de/test
05/13/19 04:19:19
Failed: 0  Total Tests: 192  ((Passed: 187, Newly Passed: 1)  Known Failed: 5) /home/travis/build/icyphy/ptII/ptolemy/domains/de/test
----------------- testing (KnownFailure) /home/travis/build/icyphy/ptII/ptolemy/domains/de/test/auto/knownFailedTests/DESDFClockTest.xml
2013 ms. Memory: 813568K Free: 768641K (94%)
Known Failure: java.lang.reflect.InvocationTargetException
----------------- testing (KnownFailure) /home/travis/build/icyphy/ptII/ptolemy/domains/de/test/auto/knownFailedTests/DirectFeedback.xml
2 ms. Memory: 813568K Free: 710150K (87%)
Known Failure: java.lang.reflect.InvocationTargetException
----------------- testing (KnownFailure) /home/travis/build/icyphy/ptII/ptolemy/domains/de/test/auto/knownFailedTests/FSMSource.xml
6 ms. Memory: 813568K Free: 651659K (80%)
----------------- testing (KnownFailure) /home/travis/build/icyphy/ptII/ptolemy/domains/de/test/auto/knownFailedTests/HierarchicalModel.xml
2 ms. Memory: 813568K Free: 607775K (75%)
Known Failure: java.lang.reflect.InvocationTargetException
----------------- testing (KnownFailure) /home/travis/build/icyphy/ptII/ptolemy/domains/de/test/auto/knownFailedTests/dependencyLoop.xml
2 ms. Memory: 813568K Free: 549284K (68%)
Known Failure: java.lang.reflect.InvocationTargetException
----------------- testing (KnownFailure) /home/travis/build/icyphy/ptII/ptolemy/domains/de/test/auto/knownFailedTests/dependencyLoop2.xml
5 ms. Memory: 813568K Free: 490792K (60%)
Known Failure: java.lang.reflect.InvocationTargetException
No auto/linux-amd64/*.xml tests in /home/travis/build/icyphy/ptII/ptolemy/domains/de/test
AutoTests.java: About to close Vertx.
AutoTests.java: Vertx closed.

===========================================================================================
----------------- testing Mon May 13 04:19:22 UTC 2019 /home/travis/build/icyphy/ptII/ptolemy/domains/de/test/auto/ActorDepthCalculation_actorWithoutPorts.xml
----------------- Instantiating /home/travis/build/icyphy/ptII/ptolemy/domains/de/test/auto/ActorDepthCalculation_actorWithoutPorts.xml
1 ms. Memory: 813568K Free: 417679K (51%)
----------------- Invoking toplevel() on ptolemy.moml.MoMLSimpleApplication@1a7ba8e
----------------- Done invoking toplevel() on ptolemy.moml.MoMLSimpleApplication@1a7ba8e
reloadAllAccessors: .ActorDepthCalculation_actorWithoutPorts

===========================================================================================
----------------- testing Mon May 13 04:19:22 UTC 2019 /home/travis/build/icyphy/ptII/ptolemy/domains/de/test/auto/AssemblyLine.xml
----------------- Instantiating /home/travis/build/icyphy/ptII/ptolemy/domains/de/test/auto/AssemblyLine.xml
2 ms. Memory: 813568K Free: 388433K (48%)
----------------- Invoking toplevel() on ptolemy.moml.MoMLSimpleApplication@49bdcc2f
----------------- Done invoking toplevel() on ptolemy.moml.MoMLSimpleApplication@49bdcc2f
reloadAllAccessors: .AssemblyLine

===========================================================================================
----------------- testing Mon May 13 04:19:22 UTC 2019 /home/travis/build/icyphy/ptII/ptolemy/domains/de/test/auto/CQBug1.xml
----------------- Instantiating /home/travis/build/icyphy/ptII/ptolemy/domains/de/test/auto/CQBug1.xml
1 ms. Memory: 813568K Free: 359188K (44%)
----------------- Invoking toplevel() on ptolemy.moml.MoMLSimpleApplication@6556e2a6
----------------- Done invoking toplevel() on ptolemy.moml.MoMLSimpleApplication@6556e2a6
reloadAllAccessors: .CQBug1

===========================================================================================
----------------- testing Mon May 13 04:19:22 UTC 2019 /home/travis/build/icyphy/ptII/ptolemy/domains/de/test/auto/CancelFireAt.xml
----------------- Instantiating /home/travis/build/icyphy/ptII/ptolemy/domains/de/test/auto/CancelFireAt.xml
0 ms. Memory: 813568K Free: 329942K (41%)
----------------- Invoking toplevel() on ptolemy.moml.MoMLSimpleApplication@1078f127
----------------- Done invoking toplevel() on ptolemy.moml.MoMLSimpleApplication@1078f127
reloadAllAccessors: .CancelFireAt

===========================================================================================
----------------- testing Mon May 13 04:19:22 UTC 2019 /home/travis/build/icyphy/ptII/ptolemy/domains/de/test/auto/CausalityAndComposabilityAnalysis.xml
----------------- Instantiating /home/travis/build/icyphy/ptII/ptolemy/domains/de/test/auto/CausalityAndComposabilityAnalysis.xml
1 ms. Memory: 813568K Free: 300697K (37%)
----------------- Invoking toplevel() on ptolemy.moml.MoMLSimpleApplication@65928e29
----------------- Done invoking toplevel() on ptolemy.moml.MoMLSimpleApplication@65928e29
reloadAllAccessors: .CausalityAndComposabilityAnalysis

===========================================================================================
----------------- testing Mon May 13 04:19:22 UTC 2019 /home/travis/build/icyphy/ptII/ptolemy/domains/de/test/auto/CausalityInterface1.xml
----------------- Instantiating /home/travis/build/icyphy/ptII/ptolemy/domains/de/test/auto/CausalityInterface1.xml
4 ms. Memory: 813568K Free: 271451K (33%)
----------------- Invoking toplevel() on ptolemy.moml.MoMLSimpleApplication@1e985136
----------------- Done invoking toplevel() on ptolemy.moml.MoMLSimpleApplication@1e985136
reloadAllAccessors: .CausalityInterface1

===========================================================================================
----------------- testing Mon May 13 04:19:22 UTC 2019 /home/travis/build/icyphy/ptII/ptolemy/domains/de/test/auto/CausalityInterface15.xml
----------------- Instantiating /home/travis/build/icyphy/ptII/ptolemy/domains/de/test/auto/CausalityInterface15.xml
1 ms. Memory: 813568K Free: 242206K (30%)
----------------- Invoking toplevel() on ptolemy.moml.MoMLSimpleApplication@69c30746
[...]
java.lang.RuntimeException: Execution failed
	at ptolemy.moml.MoMLSimpleApplication$UnloadThread.run(MoMLSimpleApplication.java:402)
Caused by: ptolemy.kernel.util.IllegalActionException: Test fails in iteration 1.
Value was: 1.0. Should have been: 2.0
  in .DirectFeedback.Test
	at ptolemy.actor.lib.Test.fire(Test.java:268)
	at ptolemy.domains.de.kernel.DEDirector._fire(DEDirector.java:1949)
	at ptolemy.domains.de.kernel.DEDirector.fire(DEDirector.java:502)
	at ptolemy.actor.CompositeActor.fire(CompositeActor.java:455)
	at ptolemy.actor.Manager.iterate(Manager.java:851)
	at ptolemy.actor.Manager.execute(Manager.java:369)
	at ptolemy.actor.Manager.run(Manager.java:1263)
	at ptolemy.actor.Manager$PtolemyRunThread.run(Manager.java:1915)
java.lang.RuntimeException: Execution failed
	at ptolemy.moml.MoMLSimpleApplication$UnloadThread.run(MoMLSimpleApplication.java:402)
Caused by: ptolemy.kernel.util.IllegalActionException: Actor is not ready to fire.  Perhaps UpSample.prefire() returned false? Try debugging the actor by selecting "Listen to Actor".  Also, for SDF check moml for tokenConsumptionRate on input.
  in .DESDFClockTest.Play Bell.Copy1:SDF Director and .DESDFClockTest.Play Bell.UpSample
	at ptolemy.actor.sched.StaticSchedulingDirector.fire(StaticSchedulingDirector.java:227)
	at ptolemy.domains.sdf.kernel.SDFDirector.fire(SDFDirector.java:500)
	at ptolemy.actor.CompositeActor.fire(CompositeActor.java:455)
	at ptolemy.domains.de.kernel.DEDirector._fire(DEDirector.java:1949)
	at ptolemy.domains.de.kernel.DEDirector.fire(DEDirector.java:502)
	at ptolemy.actor.CompositeActor.fire(CompositeActor.java:455)
	at ptolemy.actor.Manager.iterate(Manager.java:851)
	at ptolemy.actor.Manager.execute(Manager.java:369)
	at ptolemy.actor.Manager.run(Manager.java:1263)
	at ptolemy.actor.Manager$PtolemyRunThread.run(Manager.java:1915)
java.lang.reflect.InvocationTargetException
	at sun.reflect.NativeConstructorAccessorImpl.newInstance0(Native Method)
	at sun.reflect.NativeConstructorAccessorImpl.newInstance(NativeConstructorAccessorImpl.java:62)
	at sun.reflect.DelegatingConstructorAccessorImpl.newInstance(DelegatingConstructorAccessorImpl.java:45)
	at java.lang.reflect.Constructor.newInstance(Constructor.java:423)
	at ptolemy.util.test.junit.AutoKnownFailedTests.RunModel(AutoKnownFailedTests.java:105)
	at sun.reflect.NativeMethodAccessorImpl.invoke0(Native Method)
	at sun.reflect.NativeMethodAccessorImpl.invoke(NativeMethodAccessorImpl.java:62)
	at sun.reflect.DelegatingMethodAccessorImpl.invoke(DelegatingMethodAccessorImpl.java:43)
	at java.lang.reflect.Method.invoke(Method.java:498)
	at org.junit.runners.model.FrameworkMethod$1.runReflectiveCall(FrameworkMethod.java:44)
	at org.junit.internal.runners.model.ReflectiveCallable.run(ReflectiveCallable.java:15)
	at org.junit.runners.model.FrameworkMethod.invokeExplosively(FrameworkMethod.java:41)
	at junitparams.internal.InvokeParameterisedMethod.evaluate(InvokeParameterisedMethod.java:102)
	at org.junit.internal.runners.statements.FailOnTimeout$1.run(FailOnTimeout.java:28)
Caused by: ptolemy.kernel.util.IllegalActionException: Actor is not ready to fire.  Perhaps UpSample.prefire() returned false? Try debugging the actor by selecting "Listen to Actor".  Also, for SDF check moml for tokenConsumptionRate on input.
  in .DESDFClockTest.Play Bell.Copy1:SDF Director and .DESDFClockTest.Play Bell.UpSample
	at ptolemy.actor.sched.StaticSchedulingDirector.fire(StaticSchedulingDirector.java:227)
	at ptolemy.domains.sdf.kernel.SDFDirector.fire(SDFDirector.java:500)
	at ptolemy.actor.CompositeActor.fire(CompositeActor.java:455)
	at ptolemy.domains.de.kernel.DEDirector._fire(DEDirector.java:1949)
	at ptolemy.domains.de.kernel.DEDirector.fire(DEDirector.java:502)
	at ptolemy.actor.CompositeActor.fire(CompositeActor.java:455)
	at ptolemy.actor.Manager.iterate(Manager.java:851)
	at ptolemy.actor.Manager.execute(Manager.java:369)
	at ptolemy.actor.Manager.run(Manager.java:1263)
	at ptolemy.actor.Manager$PtolemyRunThread.run(Manager.java:1915)
java.lang.RuntimeException: Execution failed
	at ptolemy.moml.MoMLSimpleApplication$UnloadThread.run(MoMLSimpleApplication.java:402)
Caused by: ptolemy.kernel.util.IllegalActionException: Test fails in iteration 1.
Value was: 1.0. Should have been: 2.0
  in .DirectFeedback.Test
	at ptolemy.actor.lib.Test.fire(Test.java:268)
	at ptolemy.domains.de.kernel.DEDirector._fire(DEDirector.java:1949)
	at ptolemy.domains.de.kernel.DEDirector.fire(DEDirector.java:502)
	at ptolemy.actor.CompositeActor.fire(CompositeActor.java:455)
	at ptolemy.actor.Manager.iterate(Manager.java:851)
	at ptolemy.actor.Manager.execute(Manager.java:369)
	at ptolemy.actor.Manager.run(Manager.java:1263)
	at ptolemy.actor.Manager$PtolemyRunThread.run(Manager.java:1915)
java.lang.reflect.InvocationTargetException
	at sun.reflect.NativeConstructorAccessorImpl.newInstance0(Native Method)
	at sun.reflect.NativeConstructorAccessorImpl.newInstance(NativeConstructorAccessorImpl.java:62)
	at sun.reflect.DelegatingConstructorAccessorImpl.newInstance(DelegatingConstructorAccessorImpl.java:45)
	at java.lang.reflect.Constructor.newInstance(Constructor.java:423)
	at ptolemy.util.test.junit.AutoKnownFailedTests.RunModel(AutoKnownFailedTests.java:105)
	at sun.reflect.NativeMethodAccessorImpl.invoke0(Native Method)
	at sun.reflect.NativeMethodAccessorImpl.invoke(NativeMethodAccessorImpl.java:62)
	at sun.reflect.DelegatingMethodAccessorImpl.invoke(DelegatingMethodAccessorImpl.java:43)
	at java.lang.reflect.Method.invoke(Method.java:498)
	at org.junit.runners.model.FrameworkMethod$1.runReflectiveCall(FrameworkMethod.java:44)
	at org.junit.internal.runners.model.ReflectiveCallable.run(ReflectiveCallable.java:15)
	at org.junit.runners.model.FrameworkMethod.invokeExplosively(FrameworkMethod.java:41)
	at junitparams.internal.InvokeParameterisedMethod.evaluate(InvokeParameterisedMethod.java:102)
	at org.junit.internal.runners.statements.FailOnTimeout$1.run(FailOnTimeout.java:28)
Caused by: ptolemy.kernel.util.IllegalActionException: Test fails in iteration 1.
Value was: 1.0. Should have been: 2.0
  in .DirectFeedback.Test
	at ptolemy.actor.lib.Test.fire(Test.java:268)
	at ptolemy.domains.de.kernel.DEDirector._fire(DEDirector.java:1949)
	at ptolemy.domains.de.kernel.DEDirector.fire(DEDirector.java:502)
	at ptolemy.actor.CompositeActor.fire(CompositeActor.java:455)
	at ptolemy.actor.Manager.iterate(Manager.java:851)
	at ptolemy.actor.Manager.execute(Manager.java:369)
	at ptolemy.actor.Manager.run(Manager.java:1263)
	at ptolemy.actor.Manager$PtolemyRunThread.run(Manager.java:1915)
java.lang.RuntimeException: Execution failed
	at ptolemy.moml.MoMLSimpleApplication$UnloadThread.run(MoMLSimpleApplication.java:402)
Caused by: ptolemy.kernel.util.IllegalActionException: Found a zero delay loop containing .HierarchicalModel.A
  in .HierarchicalModel and .HierarchicalModel.A
	at ptolemy.actor.util.CausalityInterfaceForComposites._computeOutputPortDepth(CausalityInterfaceForComposites.java:759)
	at ptolemy.actor.util.CausalityInterfaceForComposites._computeInputDepth(CausalityInterfaceForComposites.java:696)
	at ptolemy.actor.util.CausalityInterfaceForComposites._computeOutputPortDepth(CausalityInterfaceForComposites.java:765)
	at ptolemy.actor.util.CausalityInterfaceForComposites._computeInputDepth(CausalityInterfaceForComposites.java:696)
	at ptolemy.actor.util.CausalityInterfaceForComposites._computeOutputPortDepth(CausalityInterfaceForComposites.java:765)
	at ptolemy.actor.util.CausalityInterfaceForComposites._computeInputDepth(CausalityInterfaceForComposites.java:696)
	at ptolemy.actor.util.CausalityInterfaceForComposites._computeActorDepth(CausalityInterfaceForComposites.java:532)
	at ptolemy.actor.util.CausalityInterfaceForComposites.checkForCycles(CausalityInterfaceForComposites.java:96)
	at ptolemy.domains.de.kernel.DEDirector.preinitialize(DEDirector.java:1338)
	at ptolemy.actor.CompositeActor.preinitialize(CompositeActor.java:1828)
	at ptolemy.actor.Manager.preinitializeAndResolveTypes(Manager.java:1040)
	at ptolemy.actor.Manager.initialize(Manager.java:710)
	at ptolemy.actor.Manager.execute(Manager.java:356)
	at ptolemy.actor.Manager.run(Manager.java:1263)
	at ptolemy.actor.Manager$PtolemyRunThread.run(Manager.java:1915)
java.lang.reflect.InvocationTargetException
	at sun.reflect.NativeConstructorAccessorImpl.newInstance0(Native Method)
	at sun.reflect.NativeConstructorAccessorImpl.newInstance(NativeConstructorAccessorImpl.java:62)
	at sun.reflect.DelegatingConstructorAccessorImpl.newInstance(DelegatingConstructorAccessorImpl.java:45)
	at java.lang.reflect.Constructor.newInstance(Constructor.java:423)
	at ptolemy.util.test.junit.AutoKnownFailedTests.RunModel(AutoKnownFailedTests.java:105)
	at sun.reflect.NativeMethodAccessorImpl.invoke0(Native Method)
	at sun.reflect.NativeMethodAccessorImpl.invoke(NativeMethodAccessorImpl.java:62)
	at sun.reflect.DelegatingMethodAccessorImpl.invoke(DelegatingMethodAccessorImpl.java:43)
	at java.lang.reflect.Method.invoke(Method.java:498)
	at org.junit.runners.model.FrameworkMethod$1.runReflectiveCall(FrameworkMethod.java:44)
	at org.junit.internal.runners.model.ReflectiveCallable.run(ReflectiveCallable.java:15)
	at org.junit.runners.model.FrameworkMethod.invokeExplosively(FrameworkMethod.java:41)
	at junitparams.internal.InvokeParameterisedMethod.evaluate(InvokeParameterisedMethod.java:102)
	at org.junit.internal.runners.statements.FailOnTimeout$1.run(FailOnTimeout.java:28)
Caused by: ptolemy.kernel.util.IllegalActionException: Found a zero delay loop containing .HierarchicalModel.A
  in .HierarchicalModel and .HierarchicalModel.A
	at ptolemy.actor.util.CausalityInterfaceForComposites._computeOutputPortDepth(CausalityInterfaceForComposites.java:759)
	at ptolemy.actor.util.CausalityInterfaceForComposites._computeInputDepth(CausalityInterfaceForComposites.java:696)
	at ptolemy.actor.util.CausalityInterfaceForComposites._computeOutputPortDepth(CausalityInterfaceForComposites.java:765)
	at ptolemy.actor.util.CausalityInterfaceForComposites._computeInputDepth(CausalityInterfaceForComposites.java:696)
	at ptolemy.actor.util.CausalityInterfaceForComposites._computeOutputPortDepth(CausalityInterfaceForComposites.java:765)
	at ptolemy.actor.util.CausalityInterfaceForComposites._computeInputDepth(CausalityInterfaceForComposites.java:696)
	at ptolemy.actor.util.CausalityInterfaceForComposites._computeActorDepth(CausalityInterfaceForComposites.java:532)
	at ptolemy.actor.util.CausalityInterfaceForComposites.checkForCycles(CausalityInterfaceForComposites.java:96)
	at ptolemy.domains.de.kernel.DEDirector.preinitialize(DEDirector.java:1338)
	at ptolemy.actor.CompositeActor.preinitialize(CompositeActor.java:1828)
	at ptolemy.actor.Manager.preinitializeAndResolveTypes(Manager.java:1040)
	at ptolemy.actor.Manager.initialize(Manager.java:710)
	at ptolemy.actor.Manager.execute(Manager.java:356)
	at ptolemy.actor.Manager.run(Manager.java:1263)
	at ptolemy.actor.Manager$PtolemyRunThread.run(Manager.java:1915)
java.lang.RuntimeException: Execution failed
	at ptolemy.moml.MoMLSimpleApplication$UnloadThread.run(MoMLSimpleApplication.java:402)
Caused by: ptolemy.kernel.util.IllegalActionException: Found a zero delay loop containing .dependencyLoop.original
  in .dependencyLoop and .dependencyLoop.original
	at ptolemy.actor.util.CausalityInterfaceForComposites._computeOutputPortDepth(CausalityInterfaceForComposites.java:759)
	at ptolemy.actor.util.CausalityInterfaceForComposites._computeInputDepth(CausalityInterfaceForComposites.java:696)
	at ptolemy.actor.util.CausalityInterfaceForComposites._computeOutputPortDepth(CausalityInterfaceForComposites.java:765)
	at ptolemy.actor.util.CausalityInterfaceForComposites._computeInputDepth(CausalityInterfaceForComposites.java:696)
	at ptolemy.actor.util.CausalityInterfaceForComposites._computeOutputPortDepth(CausalityInterfaceForComposites.java:765)
	at ptolemy.actor.util.CausalityInterfaceForComposites._computeInputDepth(CausalityInterfaceForComposites.java:696)
	at ptolemy.actor.util.CausalityInterfaceForComposites._computeActorDepth(CausalityInterfaceForComposites.java:532)
	at ptolemy.actor.util.CausalityInterfaceForComposites.checkForCycles(CausalityInterfaceForComposites.java:96)
	at ptolemy.domains.de.kernel.DEDirector.preinitialize(DEDirector.java:1338)
	at ptolemy.actor.CompositeActor.preinitialize(CompositeActor.java:1828)
	at ptolemy.actor.Manager.preinitializeAndResolveTypes(Manager.java:1040)
	at ptolemy.actor.Manager.initialize(Manager.java:710)
	at ptolemy.actor.Manager.execute(Manager.java:356)
	at ptolemy.actor.Manager.run(Manager.java:1263)
	at ptolemy.actor.Manager$PtolemyRunThread.run(Manager.java:1915)
java.lang.reflect.InvocationTargetException
	at sun.reflect.NativeConstructorAccessorImpl.newInstance0(Native Method)
	at sun.reflect.NativeConstructorAccessorImpl.newInstance(NativeConstructorAccessorImpl.java:62)
	at sun.reflect.DelegatingConstructorAccessorImpl.newInstance(DelegatingConstructorAccessorImpl.java:45)
	at java.lang.reflect.Constructor.newInstance(Constructor.java:423)
	at ptolemy.util.test.junit.AutoKnownFailedTests.RunModel(AutoKnownFailedTests.java:105)
	at sun.reflect.NativeMethodAccessorImpl.invoke0(Native Method)
	at sun.reflect.NativeMethodAccessorImpl.invoke(NativeMethodAccessorImpl.java:62)
	at sun.reflect.DelegatingMethodAccessorImpl.invoke(DelegatingMethodAccessorImpl.java:43)
	at java.lang.reflect.Method.invoke(Method.java:498)
	at org.junit.runners.model.FrameworkMethod$1.runReflectiveCall(FrameworkMethod.java:44)
	at org.junit.internal.runners.model.ReflectiveCallable.run(ReflectiveCallable.java:15)
	at org.junit.runners.model.FrameworkMethod.invokeExplosively(FrameworkMethod.java:41)
	at junitparams.internal.InvokeParameterisedMethod.evaluate(InvokeParameterisedMethod.java:102)
	at org.junit.internal.runners.statements.FailOnTimeout$1.run(FailOnTimeout.java:28)
Caused by: ptolemy.kernel.util.IllegalActionException: Found a zero delay loop containing .dependencyLoop.original
  in .dependencyLoop and .dependencyLoop.original
	at ptolemy.actor.util.CausalityInterfaceForComposites._computeOutputPortDepth(CausalityInterfaceForComposites.java:759)
	at ptolemy.actor.util.CausalityInterfaceForComposites._computeInputDepth(CausalityInterfaceForComposites.java:696)
	at ptolemy.actor.util.CausalityInterfaceForComposites._computeOutputPortDepth(CausalityInterfaceForComposites.java:765)
	at ptolemy.actor.util.CausalityInterfaceForComposites._computeInputDepth(CausalityInterfaceForComposites.java:696)
	at ptolemy.actor.util.CausalityInterfaceForComposites._computeOutputPortDepth(CausalityInterfaceForComposites.java:765)
	at ptolemy.actor.util.CausalityInterfaceForComposites._computeInputDepth(CausalityInterfaceForComposites.java:696)
	at ptolemy.actor.util.CausalityInterfaceForComposites._computeActorDepth(CausalityInterfaceForComposites.java:532)
	at ptolemy.actor.util.CausalityInterfaceForComposites.checkForCycles(CausalityInterfaceForComposites.java:96)
	at ptolemy.domains.de.kernel.DEDirector.preinitialize(DEDirector.java:1338)
	at ptolemy.actor.CompositeActor.preinitialize(CompositeActor.java:1828)
	at ptolemy.actor.Manager.preinitializeAndResolveTypes(Manager.java:1040)
	at ptolemy.actor.Manager.initialize(Manager.java:710)
	at ptolemy.actor.Manager.execute(Manager.java:356)
	at ptolemy.actor.Manager.run(Manager.java:1263)
	at ptolemy.actor.Manager$PtolemyRunThread.run(Manager.java:1915)
java.lang.RuntimeException: Execution failed
	at ptolemy.moml.MoMLSimpleApplication$UnloadThread.run(MoMLSimpleApplication.java:402)
Caused by: ptolemy.kernel.util.IllegalActionException: Found a zero delay loop containing .dependencyLoop2.original
  in .dependencyLoop2 and .dependencyLoop2.original
	at ptolemy.actor.util.CausalityInterfaceForComposites._computeOutputPortDepth(CausalityInterfaceForComposites.java:759)
	at ptolemy.actor.util.CausalityInterfaceForComposites._computeInputDepth(CausalityInterfaceForComposites.java:696)
	at ptolemy.actor.util.CausalityInterfaceForComposites._computeOutputPortDepth(CausalityInterfaceForComposites.java:765)
	at ptolemy.actor.util.CausalityInterfaceForComposites._computeInputDepth(CausalityInterfaceForComposites.java:696)
	at ptolemy.actor.util.CausalityInterfaceForComposites._computeOutputPortDepth(CausalityInterfaceForComposites.java:765)
	at ptolemy.actor.util.CausalityInterfaceForComposites._computeInputDepth(CausalityInterfaceForComposites.java:696)
	at ptolemy.actor.util.CausalityInterfaceForComposites._computeActorDepth(CausalityInterfaceForComposites.java:532)
	at ptolemy.actor.util.CausalityInterfaceForComposites.checkForCycles(CausalityInterfaceForComposites.java:96)
	at ptolemy.domains.de.kernel.DEDirector.preinitialize(DEDirector.java:1338)
	at ptolemy.actor.CompositeActor.preinitialize(CompositeActor.java:1828)
	at ptolemy.actor.Manager.preinitializeAndResolveTypes(Manager.java:1040)
	at ptolemy.actor.Manager.initialize(Manager.java:710)
	at ptolemy.actor.Manager.execute(Manager.java:356)
	at ptolemy.actor.Manager.run(Manager.java:1263)
	at ptolemy.actor.Manager$PtolemyRunThread.run(Manager.java:1915)
java.lang.reflect.InvocationTargetException
	at sun.reflect.NativeConstructorAccessorImpl.newInstance0(Native Method)
	at sun.reflect.NativeConstructorAccessorImpl.newInstance(NativeConstructorAccessorImpl.java:62)
	at sun.reflect.DelegatingConstructorAccessorImpl.newInstance(DelegatingConstructorAccessorImpl.java:45)
	at java.lang.reflect.Constructor.newInstance(Constructor.java:423)
	at ptolemy.util.test.junit.AutoKnownFailedTests.RunModel(AutoKnownFailedTests.java:105)
	at sun.reflect.NativeMethodAccessorImpl.invoke0(Native Method)
	at sun.reflect.NativeMethodAccessorImpl.invoke(NativeMethodAccessorImpl.java:62)
	at sun.reflect.DelegatingMethodAccessorImpl.invoke(DelegatingMethodAccessorImpl.java:43)
	at java.lang.reflect.Method.invoke(Method.java:498)
	at org.junit.runners.model.FrameworkMethod$1.runReflectiveCall(FrameworkMethod.java:44)
	at org.junit.internal.runners.model.ReflectiveCallable.run(ReflectiveCallable.java:15)
	at org.junit.runners.model.FrameworkMethod.invokeExplosively(FrameworkMethod.java:41)
	at junitparams.internal.InvokeParameterisedMethod.evaluate(InvokeParameterisedMethod.java:102)
	at org.junit.internal.runners.statements.FailOnTimeout$1.run(FailOnTimeout.java:28)
Caused by: ptolemy.kernel.util.IllegalActionException: Found a zero delay loop containing .dependencyLoop2.original
  in .dependencyLoop2 and .dependencyLoop2.original
	at ptolemy.actor.util.CausalityInterfaceForComposites._computeOutputPortDepth(CausalityInterfaceForComposites.java:759)
	at ptolemy.actor.util.CausalityInterfaceForComposites._computeInputDepth(CausalityInterfaceForComposites.java:696)
	at ptolemy.actor.util.CausalityInterfaceForComposites._computeOutputPortDepth(CausalityInterfaceForComposites.java:765)
	at ptolemy.actor.util.CausalityInterfaceForComposites._computeInputDepth(CausalityInterfaceForComposites.java:696)
	at ptolemy.actor.util.CausalityInterfaceForComposites._computeOutputPortDepth(CausalityInterfaceForComposites.java:765)
	at ptolemy.actor.util.CausalityInterfaceForComposites._computeInputDepth(CausalityInterfaceForComposites.java:696)
	at ptolemy.actor.util.CausalityInterfaceForComposites._computeActorDepth(CausalityInterfaceForComposites.java:532)
	at ptolemy.actor.util.CausalityInterfaceForComposites.checkForCycles(CausalityInterfaceForComposites.java:96)
	at ptolemy.domains.de.kernel.DEDirector.preinitialize(DEDirector.java:1338)
	at ptolemy.actor.CompositeActor.preinitialize(CompositeActor.java:1828)
	at ptolemy.actor.Manager.preinitializeAndResolveTypes(Manager.java:1040)
	at ptolemy.actor.Manager.initialize(Manager.java:710)
	at ptolemy.actor.Manager.execute(Manager.java:356)
	at ptolemy.actor.Manager.run(Manager.java:1263)
	at ptolemy.actor.Manager$PtolemyRunThread.run(Manager.java:1915)
]]></system-err>
</testsuite>
