<?xml version="1.0" encoding="UTF-8" ?>
<testsuite errors="0" failures="0" hostname="travis-job-8a77559c-21dc-4b20-af71-18949afcc838" name="ptolemy.domains.sdf.lib.test.junit.JUnitTclTest" skipped="0" tests="82" time="9.923" timestamp="2019-12-16T07:02:52">
  <properties>
[...]
</properties>
  <testcase classname="ptolemy.util.test.junit.TclTests" name="[0] /home/travis/build/icyphy/ptII/ptolemy/domains/sdf/lib/test/ArrayToSequence.tcl (RunTclFile)" time="0.673" />
  <testcase classname="ptolemy.util.test.junit.TclTests" name="[1] /home/travis/build/icyphy/ptII/ptolemy/domains/sdf/lib/test/BitsToInt.tcl (RunTclFile)" time="0.069" />
  <testcase classname="ptolemy.util.test.junit.TclTests" name="[2] /home/travis/build/icyphy/ptII/ptolemy/domains/sdf/lib/test/DelayLine.tcl (RunTclFile)" time="0.047" />
  <testcase classname="ptolemy.util.test.junit.TclTests" name="[3] /home/travis/build/icyphy/ptII/ptolemy/domains/sdf/lib/test/FFT.tcl (RunTclFile)" time="0.022" />
  <testcase classname="ptolemy.util.test.junit.TclTests" name="[4] /home/travis/build/icyphy/ptII/ptolemy/domains/sdf/lib/test/FIR.tcl (RunTclFile)" time="0.217" />
  <testcase classname="ptolemy.util.test.junit.TclTests" name="[5] /home/travis/build/icyphy/ptII/ptolemy/domains/sdf/lib/test/IntToBits.tcl (RunTclFile)" time="0.03" />
  <testcase classname="ptolemy.util.test.junit.TclTests" name="[6] /home/travis/build/icyphy/ptII/ptolemy/domains/sdf/lib/test/MaximumEntropySpectrum.tcl (RunTclFile)" time="0.375" />
  <testcase classname="ptolemy.util.test.junit.TclTests" name="[7] /home/travis/build/icyphy/ptII/ptolemy/domains/sdf/lib/test/Repeat.tcl (RunTclFile)" time="0.029" />
  <testcase classname="ptolemy.util.test.junit.TclTests" name="[8] /home/travis/build/icyphy/ptII/ptolemy/domains/sdf/lib/test/SampleDelay.tcl (RunTclFile)" time="0.038" />
  <testcase classname="ptolemy.util.test.junit.TclTests" name="[9] /home/travis/build/icyphy/ptII/ptolemy/domains/sdf/lib/test/SequenceToArray.tcl (RunTclFile)" time="0.07" />
  <testcase classname="ptolemy.util.test.junit.AutoKnownFailedTests" name="[0] ThereAreNoKnowFailedTests (RunModel)" time="0.002" />
  <testcase classname="ptolemy.util.test.junit.AutoNameArchTests" name="[0] ThereAreNoAutoArchTests (RunModel)" time="0.012" />
  <testcase classname="ptolemy.util.test.junit.AutoTests" name="[0] /home/travis/build/icyphy/ptII/ptolemy/domains/sdf/lib/test/auto/ArrayToSequence.xml (RunModel)" time="0.231" />
  <testcase classname="ptolemy.util.test.junit.AutoTests" name="[1] /home/travis/build/icyphy/ptII/ptolemy/domains/sdf/lib/test/auto/ArrayToSequenceTest.xml (RunModel)" time="0.086" />
  <testcase classname="ptolemy.util.test.junit.AutoTests" name="[2] /home/travis/build/icyphy/ptII/ptolemy/domains/sdf/lib/test/auto/Autocorrelation.xml (RunModel)" time="0.064" />
  <testcase classname="ptolemy.util.test.junit.AutoTests" name="[3] /home/travis/build/icyphy/ptII/ptolemy/domains/sdf/lib/test/auto/Autocorrelation2.xml (RunModel)" time="0.069" />
  <testcase classname="ptolemy.util.test.junit.AutoTests" name="[4] /home/travis/build/icyphy/ptII/ptolemy/domains/sdf/lib/test/auto/Autocorrelation3.xml (RunModel)" time="0.056" />
  <testcase classname="ptolemy.util.test.junit.AutoTests" name="[5] /home/travis/build/icyphy/ptII/ptolemy/domains/sdf/lib/test/auto/Autocorrelation4.xml (RunModel)" time="0.06" />
  <testcase classname="ptolemy.util.test.junit.AutoTests" name="[6] /home/travis/build/icyphy/ptII/ptolemy/domains/sdf/lib/test/auto/Autocorrelation5.xml (RunModel)" time="0.144" />
  <testcase classname="ptolemy.util.test.junit.AutoTests" name="[7] /home/travis/build/icyphy/ptII/ptolemy/domains/sdf/lib/test/auto/BitsToInt.xml (RunModel)" time="0.037" />
  <testcase classname="ptolemy.util.test.junit.AutoTests" name="[8] /home/travis/build/icyphy/ptII/ptolemy/domains/sdf/lib/test/auto/BooleanJoin.xml (RunModel)" time="0.046" />
  <testcase classname="ptolemy.util.test.junit.AutoTests" name="[9] /home/travis/build/icyphy/ptII/ptolemy/domains/sdf/lib/test/auto/BootstrapSampleDelay.xml (RunModel)" time="0.035" />
  <testcase classname="ptolemy.util.test.junit.AutoTests" name="[10] /home/travis/build/icyphy/ptII/ptolemy/domains/sdf/lib/test/auto/Chop.xml (RunModel)" time="0.035" />
  <testcase classname="ptolemy.util.test.junit.AutoTests" name="[11] /home/travis/build/icyphy/ptII/ptolemy/domains/sdf/lib/test/auto/Chop2.xml (RunModel)" time="0.06" />
  <testcase classname="ptolemy.util.test.junit.AutoTests" name="[12] /home/travis/build/icyphy/ptII/ptolemy/domains/sdf/lib/test/auto/ComplexJoin.xml (RunModel)" time="0.076" />
  <testcase classname="ptolemy.util.test.junit.AutoTests" name="[13] /home/travis/build/icyphy/ptII/ptolemy/domains/sdf/lib/test/auto/CountTrues.xml (RunModel)" time="0.016" />
  <testcase classname="ptolemy.util.test.junit.AutoTests" name="[14] /home/travis/build/icyphy/ptII/ptolemy/domains/sdf/lib/test/auto/DelayLine.xml (RunModel)" time="0.057" />
  <testcase classname="ptolemy.util.test.junit.AutoTests" name="[15] /home/travis/build/icyphy/ptII/ptolemy/domains/sdf/lib/test/auto/DotProduct.xml (RunModel)" time="0.036" />
  <testcase classname="ptolemy.util.test.junit.AutoTests" name="[16] /home/travis/build/icyphy/ptII/ptolemy/domains/sdf/lib/test/auto/DotProductMatrix.xml (RunModel)" time="0.041" />
  <testcase classname="ptolemy.util.test.junit.AutoTests" name="[17] /home/travis/build/icyphy/ptII/ptolemy/domains/sdf/lib/test/auto/DownSample1.xml (RunModel)" time="0.04" />
  <testcase classname="ptolemy.util.test.junit.AutoTests" name="[18] /home/travis/build/icyphy/ptII/ptolemy/domains/sdf/lib/test/auto/DynamicRateChange.xml (RunModel)" time="0.041" />
  <testcase classname="ptolemy.util.test.junit.AutoTests" name="[19] /home/travis/build/icyphy/ptII/ptolemy/domains/sdf/lib/test/auto/DynamicRates.xml (RunModel)" time="0.043" />
  <testcase classname="ptolemy.util.test.junit.AutoTests" name="[20] /home/travis/build/icyphy/ptII/ptolemy/domains/sdf/lib/test/auto/FFT1.xml (RunModel)" time="0.04" />
  <testcase classname="ptolemy.util.test.junit.AutoTests" name="[21] /home/travis/build/icyphy/ptII/ptolemy/domains/sdf/lib/test/auto/FIR1.xml (RunModel)" time="0.047" />
  <testcase classname="ptolemy.util.test.junit.AutoTests" name="[22] /home/travis/build/icyphy/ptII/ptolemy/domains/sdf/lib/test/auto/FIR2.xml (RunModel)" time="0.03" />
  <testcase classname="ptolemy.util.test.junit.AutoTests" name="[23] /home/travis/build/icyphy/ptII/ptolemy/domains/sdf/lib/test/auto/FIR4.xml (RunModel)" time="0.048" />
  <testcase classname="ptolemy.util.test.junit.AutoTests" name="[24] /home/travis/build/icyphy/ptII/ptolemy/domains/sdf/lib/test/auto/FixJoin.xml (RunModel)" time="0.05" />
  <testcase classname="ptolemy.util.test.junit.AutoTests" name="[25] /home/travis/build/icyphy/ptII/ptolemy/domains/sdf/lib/test/auto/IntJoin1.xml (RunModel)" time="0.021" />
  <testcase classname="ptolemy.util.test.junit.AutoTests" name="[26] /home/travis/build/icyphy/ptII/ptolemy/domains/sdf/lib/test/auto/IntJoin2.xml (RunModel)" time="0.047" />
  <testcase classname="ptolemy.util.test.junit.AutoTests" name="[27] /home/travis/build/icyphy/ptII/ptolemy/domains/sdf/lib/test/auto/IntJoin3.xml (RunModel)" time="0.024" />
  <testcase classname="ptolemy.util.test.junit.AutoTests" name="[28] /home/travis/build/icyphy/ptII/ptolemy/domains/sdf/lib/test/auto/IntJoin4.xml (RunModel)" time="0.019" />
  <testcase classname="ptolemy.util.test.junit.AutoTests" name="[29] /home/travis/build/icyphy/ptII/ptolemy/domains/sdf/lib/test/auto/IntJoin5.xml (RunModel)" time="0.042" />
  <testcase classname="ptolemy.util.test.junit.AutoTests" name="[30] /home/travis/build/icyphy/ptII/ptolemy/domains/sdf/lib/test/auto/IntToBits.xml (RunModel)" time="0.027" />
  <testcase classname="ptolemy.util.test.junit.AutoTests" name="[31] /home/travis/build/icyphy/ptII/ptolemy/domains/sdf/lib/test/auto/LMSAdaptive.xml (RunModel)" time="0.058" />
  <testcase classname="ptolemy.util.test.junit.AutoTests" name="[32] /home/travis/build/icyphy/ptII/ptolemy/domains/sdf/lib/test/auto/LMSAdaptiveFIR.xml (RunModel)" time="0.388" />
  <testcase classname="ptolemy.util.test.junit.AutoTests" name="[33] /home/travis/build/icyphy/ptII/ptolemy/domains/sdf/lib/test/auto/LMSAdaptiveFIR2.xml (RunModel)" time="0.513" />
  <testcase classname="ptolemy.util.test.junit.AutoTests" name="[34] /home/travis/build/icyphy/ptII/ptolemy/domains/sdf/lib/test/auto/LongJoin.xml (RunModel)" time="0.043" />
  <testcase classname="ptolemy.util.test.junit.AutoTests" name="[35] /home/travis/build/icyphy/ptII/ptolemy/domains/sdf/lib/test/auto/Matrix1.xml (RunModel)" time="0.035" />
  <testcase classname="ptolemy.util.test.junit.AutoTests" name="[36] /home/travis/build/icyphy/ptII/ptolemy/domains/sdf/lib/test/auto/Matrix2.xml (RunModel)" time="0.015" />
  <testcase classname="ptolemy.util.test.junit.AutoTests" name="[37] /home/travis/build/icyphy/ptII/ptolemy/domains/sdf/lib/test/auto/MatrixJoin1.xml (RunModel)" time="0.033" />
  <testcase classname="ptolemy.util.test.junit.AutoTests" name="[38] /home/travis/build/icyphy/ptII/ptolemy/domains/sdf/lib/test/auto/MatrixJoin2.xml (RunModel)" time="0.026" />
  <testcase classname="ptolemy.util.test.junit.AutoTests" name="[39] /home/travis/build/icyphy/ptII/ptolemy/domains/sdf/lib/test/auto/MatrixJoin3.xml (RunModel)" time="0.016" />
  <testcase classname="ptolemy.util.test.junit.AutoTests" name="[40] /home/travis/build/icyphy/ptII/ptolemy/domains/sdf/lib/test/auto/MatrixJoin4.xml (RunModel)" time="0.022" />
  <testcase classname="ptolemy.util.test.junit.AutoTests" name="[41] /home/travis/build/icyphy/ptII/ptolemy/domains/sdf/lib/test/auto/MatrixJoin5.xml (RunModel)" time="0.022" />
  <testcase classname="ptolemy.util.test.junit.AutoTests" name="[42] /home/travis/build/icyphy/ptII/ptolemy/domains/sdf/lib/test/auto/MatrixSplit1.xml (RunModel)" time="0.02" />
  <testcase classname="ptolemy.util.test.junit.AutoTests" name="[43] /home/travis/build/icyphy/ptII/ptolemy/domains/sdf/lib/test/auto/MatrixSplit10.xml (RunModel)" time="0.029" />
  <testcase classname="ptolemy.util.test.junit.AutoTests" name="[44] /home/travis/build/icyphy/ptII/ptolemy/domains/sdf/lib/test/auto/MatrixSplit11.xml (RunModel)" time="0.015" />
  <testcase classname="ptolemy.util.test.junit.AutoTests" name="[45] /home/travis/build/icyphy/ptII/ptolemy/domains/sdf/lib/test/auto/MatrixSplit12.xml (RunModel)" time="0.022" />
  <testcase classname="ptolemy.util.test.junit.AutoTests" name="[46] /home/travis/build/icyphy/ptII/ptolemy/domains/sdf/lib/test/auto/MatrixSplit13.xml (RunModel)" time="0.027" />
  <testcase classname="ptolemy.util.test.junit.AutoTests" name="[47] /home/travis/build/icyphy/ptII/ptolemy/domains/sdf/lib/test/auto/MatrixSplit14.xml (RunModel)" time="0.016" />
  <testcase classname="ptolemy.util.test.junit.AutoTests" name="[48] /home/travis/build/icyphy/ptII/ptolemy/domains/sdf/lib/test/auto/MatrixSplit2.xml (RunModel)" time="0.012" />
  <testcase classname="ptolemy.util.test.junit.AutoTests" name="[49] /home/travis/build/icyphy/ptII/ptolemy/domains/sdf/lib/test/auto/MatrixSplit3.xml (RunModel)" time="0.016" />
  <testcase classname="ptolemy.util.test.junit.AutoTests" name="[50] /home/travis/build/icyphy/ptII/ptolemy/domains/sdf/lib/test/auto/MatrixSplit4.xml (RunModel)" time="0.015" />
  <testcase classname="ptolemy.util.test.junit.AutoTests" name="[51] /home/travis/build/icyphy/ptII/ptolemy/domains/sdf/lib/test/auto/MatrixSplit5.xml (RunModel)" time="0.02" />
  <testcase classname="ptolemy.util.test.junit.AutoTests" name="[52] /home/travis/build/icyphy/ptII/ptolemy/domains/sdf/lib/test/auto/MatrixSplit6.xml (RunModel)" time="0.018" />
  <testcase classname="ptolemy.util.test.junit.AutoTests" name="[53] /home/travis/build/icyphy/ptII/ptolemy/domains/sdf/lib/test/auto/MatrixSplit7.xml (RunModel)" time="0.015" />
  <testcase classname="ptolemy.util.test.junit.AutoTests" name="[54] /home/travis/build/icyphy/ptII/ptolemy/domains/sdf/lib/test/auto/MatrixSplit8.xml (RunModel)" time="0.016" />
  <testcase classname="ptolemy.util.test.junit.AutoTests" name="[55] /home/travis/build/icyphy/ptII/ptolemy/domains/sdf/lib/test/auto/MatrixSplit9.xml (RunModel)" time="0.029" />
  <testcase classname="ptolemy.util.test.junit.AutoTests" name="[56] /home/travis/build/icyphy/ptII/ptolemy/domains/sdf/lib/test/auto/MatrixToSequence.xml (RunModel)" time="0.041" />
  <testcase classname="ptolemy.util.test.junit.AutoTests" name="[57] /home/travis/build/icyphy/ptII/ptolemy/domains/sdf/lib/test/auto/MaximumEntropySpectrum.xml (RunModel)" time="0.11" />
  <testcase classname="ptolemy.util.test.junit.AutoTests" name="[58] /home/travis/build/icyphy/ptII/ptolemy/domains/sdf/lib/test/auto/SampleDelayConversion.xml (RunModel)" time="0.022" />
  <testcase classname="ptolemy.util.test.junit.AutoTests" name="[59] /home/travis/build/icyphy/ptII/ptolemy/domains/sdf/lib/test/auto/SequenceToArray.xml (RunModel)" time="0.045" />
  <testcase classname="ptolemy.util.test.junit.AutoTests" name="[60] /home/travis/build/icyphy/ptII/ptolemy/domains/sdf/lib/test/auto/SequenceToMatrix.xml (RunModel)" time="4.182" />
  <testcase classname="ptolemy.util.test.junit.AutoTests" name="[61] /home/travis/build/icyphy/ptII/ptolemy/domains/sdf/lib/test/auto/SmoothedPeriodogram.xml (RunModel)" time="0.046" />
  <testcase classname="ptolemy.util.test.junit.AutoTests" name="[62] /home/travis/build/icyphy/ptII/ptolemy/domains/sdf/lib/test/auto/UpDownSample1.xml (RunModel)" time="0.026" />
  <testcase classname="ptolemy.util.test.junit.AutoTests" name="[63] /home/travis/build/icyphy/ptII/ptolemy/domains/sdf/lib/test/auto/UpSample1.xml (RunModel)" time="0.017" />
  <testcase classname="ptolemy.util.test.junit.AutoTests" name="[64] /home/travis/build/icyphy/ptII/ptolemy/domains/sdf/lib/test/auto/VariableFIR.xml (RunModel)" time="0.022" />
  <testcase classname="ptolemy.util.test.junit.AutoTests" name="[65] /home/travis/build/icyphy/ptII/ptolemy/domains/sdf/lib/test/auto/VariableFIR2.xml (RunModel)" time="0.022" />
  <testcase classname="ptolemy.util.test.junit.AutoTests" name="[66] /home/travis/build/icyphy/ptII/ptolemy/domains/sdf/lib/test/auto/VariableLattice.xml (RunModel)" time="0.025" />
  <testcase classname="ptolemy.util.test.junit.AutoTests" name="[67] /home/travis/build/icyphy/ptII/ptolemy/domains/sdf/lib/test/auto/VariableLattice2.xml (RunModel)" time="0.018" />
  <testcase classname="ptolemy.util.test.junit.AutoTests" name="[68] /home/travis/build/icyphy/ptII/ptolemy/domains/sdf/lib/test/auto/VariableRecursiveLattice.xml (RunModel)" time="0.018" />
  <testcase classname="ptolemy.util.test.junit.AutoTests" name="[69] /home/travis/build/icyphy/ptII/ptolemy/domains/sdf/lib/test/auto/VariableRecursiveLattice2.xml (RunModel)" time="0.013" />
  <system-out><![CDATA[/home/travis/build/icyphy/ptII/ptolemy/domains/sdf/lib/test/ArrayToSequence.tcl
testDefs.tcl: setting time out to 9000 seconds at Mon Dec 16 07:02:52 UTC 2019
101 ms. Memory: 120832K Free: 86984K (72%)
11 ms. Memory: 120832K Free: 84936K (70%)
30 ms. Memory: 120832K Free: 82888K (69%)
21 ms. Memory: 120832K Free: 81350K (67%)
/home/travis/build/icyphy/ptII/ptolemy/domains/sdf/lib/test/BitsToInt.tcl
13 ms. Memory: 120832K Free: 79816K (66%)
23 ms. Memory: 120832K Free: 77768K (64%)
/home/travis/build/icyphy/ptII/ptolemy/domains/sdf/lib/test/DelayLine.tcl
18 ms. Memory: 120832K Free: 76223K (63%)
/home/travis/build/icyphy/ptII/ptolemy/domains/sdf/lib/test/FFT.tcl
8 ms. Memory: 120832K Free: 74182K (61%)
/home/travis/build/icyphy/ptII/ptolemy/domains/sdf/lib/test/FIR.tcl
10 ms. Memory: 120832K Free: 72648K (60%)
107 ms. Memory: 120832K Free: 68038K (56%)
ptolemy.kernel.util.IllegalActionException: multiplyReverse method not supported between ptolemy.data.FixToken 'fix(-0.0625,6,2)' and ptolemy.data.IntToken '1' because the types are incomparable.
  in .top.FIRclone
Because:
multiplyReverse method not supported between ptolemy.data.FixToken 'fix(-0.0625,6,2)' and ptolemy.data.IntToken '1' because the types are incomparable.
29 ms. Memory: 120832K Free: 65990K (55%)
/home/travis/build/icyphy/ptII/ptolemy/domains/sdf/lib/test/IntToBits.tcl
6 ms. Memory: 120832K Free: 64456K (53%)
6 ms. Memory: 120832K Free: 62911K (52%)
/home/travis/build/icyphy/ptII/ptolemy/domains/sdf/lib/test/MaximumEntropySpectrum.tcl
/home/travis/build/icyphy/ptII/ptolemy/domains/sdf/lib/test/Repeat.tcl
6 ms. Memory: 120832K Free: 102451K (85%)
/home/travis/build/icyphy/ptII/ptolemy/domains/sdf/lib/test/SampleDelay.tcl
4 ms. Memory: 120832K Free: 100899K (84%)
4 ms. Memory: 120832K Free: 99859K (83%)
3 ms. Memory: 120832K Free: 98835K (82%)
3 ms. Memory: 120832K Free: 98355K (81%)
2 ms. Memory: 120832K Free: 97841K (81%)
2 ms. Memory: 120832K Free: 97331K (81%)
/home/travis/build/icyphy/ptII/ptolemy/domains/sdf/lib/test/SequenceToArray.tcl
5 ms. Memory: 120832K Free: 95793K (79%)
5 ms. Memory: 120832K Free: 94763K (78%)
40 ms. Memory: 120832K Free: 105900K (88%)
5 ms. Memory: 120832K Free: 104876K (87%)
12/16/19 07:02:54
Failed: 0  Total Tests: 41  ((Passed: 41, Newly Passed: 0)  Known Failed: 0) /home/travis/build/icyphy/ptII/ptolemy/domains/sdf/lib/test
No auto/knownFailedTests/*.xml tests in /home/travis/build/icyphy/ptII/ptolemy/domains/sdf/lib/test
No auto/linux-amd64/*.xml tests in /home/travis/build/icyphy/ptII/ptolemy/domains/sdf/lib/test
AutoTests.java: About to close Vertx.
AutoTests.java: Vertx closed.

===========================================================================================
----------------- testing Mon Dec 16 07:02:54 UTC 2019 /home/travis/build/icyphy/ptII/ptolemy/domains/sdf/lib/test/auto/ArrayToSequence.xml
----------------- Instantiating /home/travis/build/icyphy/ptII/ptolemy/domains/sdf/lib/test/auto/ArrayToSequence.xml
27 ms. Memory: 120832K Free: 85924K (71%)
----------------- Invoking toplevel() on ptolemy.moml.MoMLSimpleApplication@7a706047
----------------- Done invoking toplevel() on ptolemy.moml.MoMLSimpleApplication@7a706047
reloadAllAccessors: .ArrayToSequence

===========================================================================================
----------------- testing Mon Dec 16 07:02:54 UTC 2019 /home/travis/build/icyphy/ptII/ptolemy/domains/sdf/lib/test/auto/ArrayToSequenceTest.xml
----------------- Instantiating /home/travis/build/icyphy/ptII/ptolemy/domains/sdf/lib/test/auto/ArrayToSequenceTest.xml
23 ms. Memory: 120832K Free: 79067K (65%)
----------------- Invoking toplevel() on ptolemy.moml.MoMLSimpleApplication@1afc1c91
----------------- Done invoking toplevel() on ptolemy.moml.MoMLSimpleApplication@1afc1c91
reloadAllAccessors: .ArrayToSequenceTest

===========================================================================================
----------------- testing Mon Dec 16 07:02:54 UTC 2019 /home/travis/build/icyphy/ptII/ptolemy/domains/sdf/lib/test/auto/Autocorrelation.xml
----------------- Instantiating /home/travis/build/icyphy/ptII/ptolemy/domains/sdf/lib/test/auto/Autocorrelation.xml
6 ms. Memory: 120832K Free: 74971K (62%)
----------------- Invoking toplevel() on ptolemy.moml.MoMLSimpleApplication@66d0f006
----------------- Done invoking toplevel() on ptolemy.moml.MoMLSimpleApplication@66d0f006
reloadAllAccessors: .Autocorrelation

===========================================================================================
----------------- testing Mon Dec 16 07:02:54 UTC 2019 /home/travis/build/icyphy/ptII/ptolemy/domains/sdf/lib/test/auto/Autocorrelation2.xml
----------------- Instantiating /home/travis/build/icyphy/ptII/ptolemy/domains/sdf/lib/test/auto/Autocorrelation2.xml
17 ms. Memory: 120832K Free: 104395K (86%)
----------------- Invoking toplevel() on ptolemy.moml.MoMLSimpleApplication@6a93a34a
----------------- Done invoking toplevel() on ptolemy.moml.MoMLSimpleApplication@6a93a34a
reloadAllAccessors: .Autocorrelation2

===========================================================================================
----------------- testing Mon Dec 16 07:02:54 UTC 2019 /home/travis/build/icyphy/ptII/ptolemy/domains/sdf/lib/test/auto/Autocorrelation3.xml
----------------- Instantiating /home/travis/build/icyphy/ptII/ptolemy/domains/sdf/lib/test/auto/Autocorrelation3.xml
4 ms. Memory: 120832K Free: 100266K (83%)
----------------- Invoking toplevel() on ptolemy.moml.MoMLSimpleApplication@62f64f98
----------------- Done invoking toplevel() on ptolemy.moml.MoMLSimpleApplication@62f64f98
reloadAllAccessors: .Autocorrelation3

===========================================================================================
----------------- testing Mon Dec 16 07:02:55 UTC 2019 /home/travis/build/icyphy/ptII/ptolemy/domains/sdf/lib/test/auto/Autocorrelation4.xml
----------------- Instantiating /home/travis/build/icyphy/ptII/ptolemy/domains/sdf/lib/test/auto/Autocorrelation4.xml
5 ms. Memory: 120832K Free: 96162K (80%)
----------------- Invoking toplevel() on ptolemy.moml.MoMLSimpleApplication@3a4abea2
----------------- Done invoking toplevel() on ptolemy.moml.MoMLSimpleApplication@3a4abea2
reloadAllAccessors: .Autocorrelation4

===========================================================================================
----------------- testing Mon Dec 16 07:02:55 UTC 2019 /home/travis/build/icyphy/ptII/ptolemy/domains/sdf/lib/test/auto/Autocorrelation5.xml
----------------- Instantiating /home/travis/build/icyphy/ptII/ptolemy/domains/sdf/lib/test/auto/Autocorrelation5.xml
69 ms. Memory: 120832K Free: 89619K (74%)
----------------- Invoking toplevel() on ptolemy.moml.MoMLSimpleApplication@524c16cb
----------------- Done invoking toplevel() on ptolemy.moml.MoMLSimpleApplication@524c16cb
reloadAllAccessors: .Autocorrelation5

===========================================================================================
----------------- testing Mon Dec 16 07:02:55 UTC 2019 /home/travis/build/icyphy/ptII/ptolemy/domains/sdf/lib/test/auto/BitsToInt.xml
----------------- Instantiating /home/travis/build/icyphy/ptII/ptolemy/domains/sdf/lib/test/auto/BitsToInt.xml
3 ms. Memory: 120832K Free: 86176K (71%)
----------------- Invoking toplevel() on ptolemy.moml.MoMLSimpleApplication@4f1f7cd
----------------- Done invoking toplevel() on ptolemy.moml.MoMLSimpleApplication@4f1f7cd
reloadAllAccessors: .BitsToInt

===========================================================================================
----------------- testing Mon Dec 16 07:02:55 UTC 2019 /home/travis/build/icyphy/ptII/ptolemy/domains/sdf/lib/test/auto/BooleanJoin.xml
----------------- Instantiating /home/travis/build/icyphy/ptII/ptolemy/domains/sdf/lib/test/auto/BooleanJoin.xml
5 ms. Memory: 120832K Free: 81764K (68%)
----------------- Invoking toplevel() on ptolemy.moml.MoMLSimpleApplication@df2037a
----------------- Done invoking toplevel() on ptolemy.moml.MoMLSimpleApplication@df2037a
reloadAllAccessors: .BooleanJoin

===========================================================================================
----------------- testing Mon Dec 16 07:02:55 UTC 2019 /home/travis/build/icyphy/ptII/ptolemy/domains/sdf/lib/test/auto/BootstrapSampleDelay.xml
----------------- Instantiating /home/travis/build/icyphy/ptII/ptolemy/domains/sdf/lib/test/auto/BootstrapSampleDelay.xml
12 ms. Memory: 120832K Free: 77689K (64%)
----------------- Invoking toplevel() on ptolemy.moml.MoMLSimpleApplication@50c2110a
----------------- Done invoking toplevel() on ptolemy.moml.MoMLSimpleApplication@50c2110a
reloadAllAccessors: .BootstrapSampleDelay

===========================================================================================
----------------- testing Mon Dec 16 07:02:55 UTC 2019 /home/travis/build/icyphy/ptII/ptolemy/domains/sdf/lib/test/auto/Chop.xml
----------------- Instantiating /home/travis/build/icyphy/ptII/ptolemy/domains/sdf/lib/test/auto/Chop.xml
9 ms. Memory: 120832K Free: 70554K (58%)
----------------- Invoking toplevel() on ptolemy.moml.MoMLSimpleApplication@5e2c575
----------------- Done invoking toplevel() on ptolemy.moml.MoMLSimpleApplication@5e2c575
reloadAllAccessors: .Chop

===========================================================================================
----------------- testing Mon Dec 16 07:02:55 UTC 2019 /home/travis/build/icyphy/ptII/ptolemy/domains/sdf/lib/test/auto/Chop2.xml
----------------- Instantiating /home/travis/build/icyphy/ptII/ptolemy/domains/sdf/lib/test/auto/Chop2.xml
4 ms. Memory: 120832K Free: 64364K (53%)
----------------- Invoking toplevel() on ptolemy.moml.MoMLSimpleApplication@35326db6
----------------- Done invoking toplevel() on ptolemy.moml.MoMLSimpleApplication@35326db6
reloadAllAccessors: .Chop2

===========================================================================================
----------------- testing Mon Dec 16 07:02:55 UTC 2019 /home/travis/build/icyphy/ptII/ptolemy/domains/sdf/lib/test/auto/ComplexJoin.xml
----------------- Instantiating /home/travis/build/icyphy/ptII/ptolemy/domains/sdf/lib/test/auto/ComplexJoin.xml
10 ms. Memory: 158720K Free: 141922K (89%)
----------------- Invoking toplevel() on ptolemy.moml.MoMLSimpleApplication@4bbdff6
----------------- Done invoking toplevel() on ptolemy.moml.MoMLSimpleApplication@4bbdff6
reloadAllAccessors: .ComplexJoin

===========================================================================================
----------------- testing Mon Dec 16 07:02:55 UTC 2019 /home/travis/build/icyphy/ptII/ptolemy/domains/sdf/lib/test/auto/CountTrues.xml
----------------- Instantiating /home/travis/build/icyphy/ptII/ptolemy/domains/sdf/lib/test/auto/CountTrues.xml
2 ms. Memory: 158720K Free: 138229K (87%)
----------------- Invoking toplevel() on ptolemy.moml.MoMLSimpleApplication@474ab68c
----------------- Done invoking toplevel() on ptolemy.moml.MoMLSimpleApplication@474ab68c
reloadAllAccessors: .CountTrues

===========================================================================================
----------------- testing Mon Dec 16 07:02:55 UTC 2019 /home/travis/build/icyphy/ptII/ptolemy/domains/sdf/lib/test/auto/DelayLine.xml
----------------- Instantiating /home/travis/build/icyphy/ptII/ptolemy/domains/sdf/lib/test/auto/DelayLine.xml
11 ms. Memory: 158720K Free: 133147K (84%)
----------------- Invoking toplevel() on ptolemy.moml.MoMLSimpleApplication@1a4cd648
----------------- Done invoking toplevel() on ptolemy.moml.MoMLSimpleApplication@1a4cd648
reloadAllAccessors: .DelayLine

===========================================================================================
----------------- testing Mon Dec 16 07:02:55 UTC 2019 /home/travis/build/icyphy/ptII/ptolemy/domains/sdf/lib/test/auto/DotProduct.xml
----------------- Instantiating /home/travis/build/icyphy/ptII/ptolemy/domains/sdf/lib/test/auto/DotProduct.xml
5 ms. Memory: 158720K Free: 130480K (82%)
----------------- Invoking toplevel() on ptolemy.moml.MoMLSimpleApplication@4dd1ca80
----------------- Done invoking toplevel() on ptolemy.moml.MoMLSimpleApplication@4dd1ca80
reloadAllAccessors: .DotProduct

===========================================================================================
----------------- testing Mon Dec 16 07:02:55 UTC 2019 /home/travis/build/icyphy/ptII/ptolemy/domains/sdf/lib/test/auto/DotProductMatrix.xml
----------------- Instantiating /home/travis/build/icyphy/ptII/ptolemy/domains/sdf/lib/test/auto/DotProductMatrix.xml
5 ms. Memory: 158720K Free: 127408K (80%)
----------------- Invoking toplevel() on ptolemy.moml.MoMLSimpleApplication@608a82bc
----------------- Done invoking toplevel() on ptolemy.moml.MoMLSimpleApplication@608a82bc
reloadAllAccessors: .DotProductMatrix

===========================================================================================
----------------- testing Mon Dec 16 07:02:55 UTC 2019 /home/travis/build/icyphy/ptII/ptolemy/domains/sdf/lib/test/auto/DownSample1.xml
----------------- Instantiating /home/travis/build/icyphy/ptII/ptolemy/domains/sdf/lib/test/auto/DownSample1.xml
6 ms. Memory: 158720K Free: 124520K (78%)
----------------- Invoking toplevel() on ptolemy.moml.MoMLSimpleApplication@2115fad6
----------------- Done invoking toplevel() on ptolemy.moml.MoMLSimpleApplication@2115fad6
reloadAllAccessors: .DownSample1

===========================================================================================
----------------- testing Mon Dec 16 07:02:55 UTC 2019 /home/travis/build/icyphy/ptII/ptolemy/domains/sdf/lib/test/auto/DynamicRateChange.xml
----------------- Instantiating /home/travis/build/icyphy/ptII/ptolemy/domains/sdf/lib/test/auto/DynamicRateChange.xml
16 ms. Memory: 158720K Free: 118811K (75%)
----------------- Invoking toplevel() on ptolemy.moml.MoMLSimpleApplication@7218ff3d
----------------- Done invoking toplevel() on ptolemy.moml.MoMLSimpleApplication@7218ff3d
reloadAllAccessors: .DynamicRateChange

===========================================================================================
----------------- testing Mon Dec 16 07:02:55 UTC 2019 /home/travis/build/icyphy/ptII/ptolemy/domains/sdf/lib/test/auto/DynamicRates.xml
----------------- Instantiating /home/travis/build/icyphy/ptII/ptolemy/domains/sdf/lib/test/auto/DynamicRates.xml
12 ms. Memory: 158720K Free: 114096K (72%)
----------------- Invoking toplevel() on ptolemy.moml.MoMLSimpleApplication@62229204
----------------- Done invoking toplevel() on ptolemy.moml.MoMLSimpleApplication@62229204
reloadAllAccessors: .DynamicRates

===========================================================================================
----------------- testing Mon Dec 16 07:02:55 UTC 2019 /home/travis/build/icyphy/ptII/ptolemy/domains/sdf/lib/test/auto/FFT1.xml
----------------- Instantiating /home/travis/build/icyphy/ptII/ptolemy/domains/sdf/lib/test/auto/FFT1.xml
11 ms. Memory: 158720K Free: 110000K (69%)
----------------- Invoking toplevel() on ptolemy.moml.MoMLSimpleApplication@7486ff4b
----------------- Done invoking toplevel() on ptolemy.moml.MoMLSimpleApplication@7486ff4b
reloadAllAccessors: .FFT1

===========================================================================================
----------------- testing Mon Dec 16 07:02:55 UTC 2019 /home/travis/build/icyphy/ptII/ptolemy/domains/sdf/lib/test/auto/FIR1.xml
----------------- Instantiating /home/travis/build/icyphy/ptII/ptolemy/domains/sdf/lib/test/auto/FIR1.xml
20 ms. Memory: 158720K Free: 103048K (65%)
----------------- Invoking toplevel() on ptolemy.moml.MoMLSimpleApplication@13f04fc4
----------------- Done invoking toplevel() on ptolemy.moml.MoMLSimpleApplication@13f04fc4
reloadAllAccessors: .FIR1

===========================================================================================
----------------- testing Mon Dec 16 07:02:55 UTC 2019 /home/travis/build/icyphy/ptII/ptolemy/domains/sdf/lib/test/auto/FIR2.xml
----------------- Instantiating /home/travis/build/icyphy/ptII/ptolemy/domains/sdf/lib/test/auto/FIR2.xml
3 ms. Memory: 158720K Free: 99760K (63%)
----------------- Invoking toplevel() on ptolemy.moml.MoMLSimpleApplication@52769949
----------------- Done invoking toplevel() on ptolemy.moml.MoMLSimpleApplication@52769949
reloadAllAccessors: .FIR2

===========================================================================================
----------------- testing Mon Dec 16 07:02:55 UTC 2019 /home/travis/build/icyphy/ptII/ptolemy/domains/sdf/lib/test/auto/FIR4.xml
----------------- Instantiating /home/travis/build/icyphy/ptII/ptolemy/domains/sdf/lib/test/auto/FIR4.xml
5 ms. Memory: 158720K Free: 92187K (58%)
----------------- Invoking toplevel() on ptolemy.moml.MoMLSimpleApplication@3837659a
----------------- Done invoking toplevel() on ptolemy.moml.MoMLSimpleApplication@3837659a
reloadAllAccessors: .FIR4

===========================================================================================
----------------- testing Mon Dec 16 07:02:56 UTC 2019 /home/travis/build/icyphy/ptII/ptolemy/domains/sdf/lib/test/auto/FixJoin.xml
----------------- Instantiating /home/travis/build/icyphy/ptII/ptolemy/domains/sdf/lib/test/auto/FixJoin.xml
4 ms. Memory: 158720K Free: 87688K (55%)
----------------- Invoking toplevel() on ptolemy.moml.MoMLSimpleApplication@632ac619
----------------- Done invoking toplevel() on ptolemy.moml.MoMLSimpleApplication@632ac619
reloadAllAccessors: .FixJoin

===========================================================================================
----------------- testing Mon Dec 16 07:02:56 UTC 2019 /home/travis/build/icyphy/ptII/ptolemy/domains/sdf/lib/test/auto/IntJoin1.xml
----------------- Instantiating /home/travis/build/icyphy/ptII/ptolemy/domains/sdf/lib/test/auto/IntJoin1.xml
2 ms. Memory: 158720K Free: 83376K (53%)
----------------- Invoking toplevel() on ptolemy.moml.MoMLSimpleApplication@240b1728
----------------- Done invoking toplevel() on ptolemy.moml.MoMLSimpleApplication@240b1728
reloadAllAccessors: .IntJoin1

===========================================================================================
----------------- testing Mon Dec 16 07:02:56 UTC 2019 /home/travis/build/icyphy/ptII/ptolemy/domains/sdf/lib/test/auto/IntJoin2.xml
----------------- Instantiating /home/travis/build/icyphy/ptII/ptolemy/domains/sdf/lib/test/auto/IntJoin2.xml
2 ms. Memory: 158720K Free: 139281K (88%)
----------------- Invoking toplevel() on ptolemy.moml.MoMLSimpleApplication@77a1116c
----------------- Done invoking toplevel() on ptolemy.moml.MoMLSimpleApplication@77a1116c
reloadAllAccessors: .IntJoin2

===========================================================================================
----------------- testing Mon Dec 16 07:02:56 UTC 2019 /home/travis/build/icyphy/ptII/ptolemy/domains/sdf/lib/test/auto/IntJoin3.xml
----------------- Instantiating /home/travis/build/icyphy/ptII/ptolemy/domains/sdf/lib/test/auto/IntJoin3.xml
3 ms. Memory: 158720K Free: 135163K (85%)
----------------- Invoking toplevel() on ptolemy.moml.MoMLSimpleApplication@6cf35bd6
----------------- Done invoking toplevel() on ptolemy.moml.MoMLSimpleApplication@6cf35bd6
reloadAllAccessors: .IntJoin3

===========================================================================================
----------------- testing Mon Dec 16 07:02:56 UTC 2019 /home/travis/build/icyphy/ptII/ptolemy/domains/sdf/lib/test/auto/IntJoin4.xml
----------------- Instantiating /home/travis/build/icyphy/ptII/ptolemy/domains/sdf/lib/test/auto/IntJoin4.xml
2 ms. Memory: 158720K Free: 130584K (82%)
----------------- Invoking toplevel() on ptolemy.moml.MoMLSimpleApplication@633ddf35
----------------- Done invoking toplevel() on ptolemy.moml.MoMLSimpleApplication@633ddf35
reloadAllAccessors: .IntJoin4

===========================================================================================
----------------- testing Mon Dec 16 07:02:56 UTC 2019 /home/travis/build/icyphy/ptII/ptolemy/domains/sdf/lib/test/auto/IntJoin5.xml
----------------- Instantiating /home/travis/build/icyphy/ptII/ptolemy/domains/sdf/lib/test/auto/IntJoin5.xml
3 ms. Memory: 158720K Free: 126464K (80%)
----------------- Invoking toplevel() on ptolemy.moml.MoMLSimpleApplication@8664c5a
----------------- Done invoking toplevel() on ptolemy.moml.MoMLSimpleApplication@8664c5a
reloadAllAccessors: .IntJoin5

===========================================================================================
----------------- testing Mon Dec 16 07:02:56 UTC 2019 /home/travis/build/icyphy/ptII/ptolemy/domains/sdf/lib/test/auto/IntToBits.xml
----------------- Instantiating /home/travis/build/icyphy/ptII/ptolemy/domains/sdf/lib/test/auto/IntToBits.xml
8 ms. Memory: 158720K Free: 122897K (77%)
----------------- Invoking toplevel() on ptolemy.moml.MoMLSimpleApplication@577cce38
----------------- Done invoking toplevel() on ptolemy.moml.MoMLSimpleApplication@577cce38
reloadAllAccessors: .IntToBits

===========================================================================================
----------------- testing Mon Dec 16 07:02:56 UTC 2019 /home/travis/build/icyphy/ptII/ptolemy/domains/sdf/lib/test/auto/LMSAdaptive.xml
----------------- Instantiating /home/travis/build/icyphy/ptII/ptolemy/domains/sdf/lib/test/auto/LMSAdaptive.xml
9 ms. Memory: 158720K Free: 114690K (72%)
----------------- Invoking toplevel() on ptolemy.moml.MoMLSimpleApplication@7be5aefe
----------------- Done invoking toplevel() on ptolemy.moml.MoMLSimpleApplication@7be5aefe
reloadAllAccessors: .LMSAdaptive

===========================================================================================
----------------- testing Mon Dec 16 07:02:56 UTC 2019 /home/travis/build/icyphy/ptII/ptolemy/domains/sdf/lib/test/auto/LMSAdaptiveFIR.xml
----------------- Instantiating /home/travis/build/icyphy/ptII/ptolemy/domains/sdf/lib/test/auto/LMSAdaptiveFIR.xml
296 ms. Memory: 158720K Free: 80913K (51%)
----------------- Invoking toplevel() on ptolemy.moml.MoMLSimpleApplication@667ebac1
----------------- Done invoking toplevel() on ptolemy.moml.MoMLSimpleApplication@667ebac1
reloadAllAccessors: .LMSAdaptiveFIR

===========================================================================================
----------------- testing Mon Dec 16 07:02:56 UTC 2019 /home/travis/build/icyphy/ptII/ptolemy/domains/sdf/lib/test/auto/LMSAdaptiveFIR2.xml
----------------- Instantiating /home/travis/build/icyphy/ptII/ptolemy/domains/sdf/lib/test/auto/LMSAdaptiveFIR2.xml
383 ms. Memory: 158720K Free: 96239K (61%)
----------------- Invoking toplevel() on ptolemy.moml.MoMLSimpleApplication@39548eff
----------------- Done invoking toplevel() on ptolemy.moml.MoMLSimpleApplication@39548eff
reloadAllAccessors: .LMSAdaptiveFIR2

===========================================================================================
----------------- testing Mon Dec 16 07:02:57 UTC 2019 /home/travis/build/icyphy/ptII/ptolemy/domains/sdf/lib/test/auto/LongJoin.xml
----------------- Instantiating /home/travis/build/icyphy/ptII/ptolemy/domains/sdf/lib/test/auto/LongJoin.xml
3 ms. Memory: 158720K Free: 91633K (58%)
----------------- Invoking toplevel() on ptolemy.moml.MoMLSimpleApplication@24de6ea0
----------------- Done invoking toplevel() on ptolemy.moml.MoMLSimpleApplication@24de6ea0
reloadAllAccessors: .LongJoin

===========================================================================================
----------------- testing Mon Dec 16 07:02:57 UTC 2019 /home/travis/build/icyphy/ptII/ptolemy/domains/sdf/lib/test/auto/Matrix1.xml
----------------- Instantiating /home/travis/build/icyphy/ptII/ptolemy/domains/sdf/lib/test/auto/Matrix1.xml
10 ms. Memory: 158720K Free: 87537K (55%)
----------------- Invoking toplevel() on ptolemy.moml.MoMLSimpleApplication@4c389089
----------------- Done invoking toplevel() on ptolemy.moml.MoMLSimpleApplication@4c389089
reloadAllAccessors: .Matrix1

===========================================================================================
----------------- testing Mon Dec 16 07:02:57 UTC 2019 /home/travis/build/icyphy/ptII/ptolemy/domains/sdf/lib/test/auto/Matrix2.xml
----------------- Instantiating /home/travis/build/icyphy/ptII/ptolemy/domains/sdf/lib/test/auto/Matrix2.xml
3 ms. Memory: 158720K Free: 83441K (53%)
----------------- Invoking toplevel() on ptolemy.moml.MoMLSimpleApplication@6a76092b
----------------- Done invoking toplevel() on ptolemy.moml.MoMLSimpleApplication@6a76092b
reloadAllAccessors: .Matrix2

===========================================================================================
----------------- testing Mon Dec 16 07:02:57 UTC 2019 /home/travis/build/icyphy/ptII/ptolemy/domains/sdf/lib/test/auto/MatrixJoin1.xml
----------------- Instantiating /home/travis/build/icyphy/ptII/ptolemy/domains/sdf/lib/test/auto/MatrixJoin1.xml
3 ms. Memory: 158720K Free: 79345K (50%)
----------------- Invoking toplevel() on ptolemy.moml.MoMLSimpleApplication@c49780f
----------------- Done invoking toplevel() on ptolemy.moml.MoMLSimpleApplication@c49780f
reloadAllAccessors: .MatrixJoin1

===========================================================================================
----------------- testing Mon Dec 16 07:02:57 UTC 2019 /home/travis/build/icyphy/ptII/ptolemy/domains/sdf/lib/test/auto/MatrixJoin2.xml
----------------- Instantiating /home/travis/build/icyphy/ptII/ptolemy/domains/sdf/lib/test/auto/MatrixJoin2.xml
3 ms. Memory: 158720K Free: 74735K (47%)
----------------- Invoking toplevel() on ptolemy.moml.MoMLSimpleApplication@41a672fb
----------------- Done invoking toplevel() on ptolemy.moml.MoMLSimpleApplication@41a672fb
reloadAllAccessors: .MatrixJoin2

===========================================================================================
----------------- testing Mon Dec 16 07:02:57 UTC 2019 /home/travis/build/icyphy/ptII/ptolemy/domains/sdf/lib/test/auto/MatrixJoin3.xml
----------------- Instantiating /home/travis/build/icyphy/ptII/ptolemy/domains/sdf/lib/test/auto/MatrixJoin3.xml
3 ms. Memory: 158720K Free: 70129K (44%)
----------------- Invoking toplevel() on ptolemy.moml.MoMLSimpleApplication@5e8a984f
----------------- Done invoking toplevel() on ptolemy.moml.MoMLSimpleApplication@5e8a984f
reloadAllAccessors: .MatrixJoin3

===========================================================================================
----------------- testing Mon Dec 16 07:02:57 UTC 2019 /home/travis/build/icyphy/ptII/ptolemy/domains/sdf/lib/test/auto/MatrixJoin4.xml
----------------- Instantiating /home/travis/build/icyphy/ptII/ptolemy/domains/sdf/lib/test/auto/MatrixJoin4.xml
8 ms. Memory: 158720K Free: 143190K (90%)
----------------- Invoking toplevel() on ptolemy.moml.MoMLSimpleApplication@19dc6237
----------------- Done invoking toplevel() on ptolemy.moml.MoMLSimpleApplication@19dc6237
reloadAllAccessors: .MatrixJoin4

===========================================================================================
----------------- testing Mon Dec 16 07:02:57 UTC 2019 /home/travis/build/icyphy/ptII/ptolemy/domains/sdf/lib/test/auto/MatrixJoin5.xml
----------------- Instantiating /home/travis/build/icyphy/ptII/ptolemy/domains/sdf/lib/test/auto/MatrixJoin5.xml
2 ms. Memory: 158720K Free: 138584K (87%)
----------------- Invoking toplevel() on ptolemy.moml.MoMLSimpleApplication@4016f112
----------------- Done invoking toplevel() on ptolemy.moml.MoMLSimpleApplication@4016f112
reloadAllAccessors: .MatrixJoin5

===========================================================================================
----------------- testing Mon Dec 16 07:02:57 UTC 2019 /home/travis/build/icyphy/ptII/ptolemy/domains/sdf/lib/test/auto/MatrixSplit1.xml
----------------- Instantiating /home/travis/build/icyphy/ptII/ptolemy/domains/sdf/lib/test/auto/MatrixSplit1.xml
2 ms. Memory: 158720K Free: 132950K (84%)
----------------- Invoking toplevel() on ptolemy.moml.MoMLSimpleApplication@5b93268d
----------------- Done invoking toplevel() on ptolemy.moml.MoMLSimpleApplication@5b93268d
reloadAllAccessors: .MatrixSplit1

===========================================================================================
----------------- testing Mon Dec 16 07:02:57 UTC 2019 /home/travis/build/icyphy/ptII/ptolemy/domains/sdf/lib/test/auto/MatrixSplit10.xml
----------------- Instantiating /home/travis/build/icyphy/ptII/ptolemy/domains/sdf/lib/test/auto/MatrixSplit10.xml
2 ms. Memory: 158720K Free: 129368K (82%)
----------------- Invoking toplevel() on ptolemy.moml.MoMLSimpleApplication@238c28a
----------------- Done invoking toplevel() on ptolemy.moml.MoMLSimpleApplication@238c28a
reloadAllAccessors: .MatrixSplit10

===========================================================================================
----------------- testing Mon Dec 16 07:02:57 UTC 2019 /home/travis/build/icyphy/ptII/ptolemy/domains/sdf/lib/test/auto/MatrixSplit11.xml
----------------- Instantiating /home/travis/build/icyphy/ptII/ptolemy/domains/sdf/lib/test/auto/MatrixSplit11.xml
2 ms. Memory: 158720K Free: 126296K (80%)
----------------- Invoking toplevel() on ptolemy.moml.MoMLSimpleApplication@1323b049
----------------- Done invoking toplevel() on ptolemy.moml.MoMLSimpleApplication@1323b049
reloadAllAccessors: .MatrixSplit11

===========================================================================================
----------------- testing Mon Dec 16 07:02:57 UTC 2019 /home/travis/build/icyphy/ptII/ptolemy/domains/sdf/lib/test/auto/MatrixSplit12.xml
----------------- Instantiating /home/travis/build/icyphy/ptII/ptolemy/domains/sdf/lib/test/auto/MatrixSplit12.xml
2 ms. Memory: 158720K Free: 122710K (77%)
----------------- Invoking toplevel() on ptolemy.moml.MoMLSimpleApplication@48656f3a
----------------- Done invoking toplevel() on ptolemy.moml.MoMLSimpleApplication@48656f3a
reloadAllAccessors: .MatrixSplit12

===========================================================================================
----------------- testing Mon Dec 16 07:02:57 UTC 2019 /home/travis/build/icyphy/ptII/ptolemy/domains/sdf/lib/test/auto/MatrixSplit13.xml
----------------- Instantiating /home/travis/build/icyphy/ptII/ptolemy/domains/sdf/lib/test/auto/MatrixSplit13.xml
6 ms. Memory: 158720K Free: 119128K (75%)
----------------- Invoking toplevel() on ptolemy.moml.MoMLSimpleApplication@39adb47e
----------------- Done invoking toplevel() on ptolemy.moml.MoMLSimpleApplication@39adb47e
reloadAllAccessors: .MatrixSplit13

===========================================================================================
----------------- testing Mon Dec 16 07:02:57 UTC 2019 /home/travis/build/icyphy/ptII/ptolemy/domains/sdf/lib/test/auto/MatrixSplit14.xml
----------------- Instantiating /home/travis/build/icyphy/ptII/ptolemy/domains/sdf/lib/test/auto/MatrixSplit14.xml
2 ms. Memory: 158720K Free: 115542K (73%)
----------------- Invoking toplevel() on ptolemy.moml.MoMLSimpleApplication@b45cbf6
----------------- Done invoking toplevel() on ptolemy.moml.MoMLSimpleApplication@b45cbf6
reloadAllAccessors: .MatrixSplit14

===========================================================================================
----------------- testing Mon Dec 16 07:02:57 UTC 2019 /home/travis/build/icyphy/ptII/ptolemy/domains/sdf/lib/test/auto/MatrixSplit2.xml
----------------- Instantiating /home/travis/build/icyphy/ptII/ptolemy/domains/sdf/lib/test/auto/MatrixSplit2.xml
1 ms. Memory: 158720K Free: 111960K (71%)
----------------- Invoking toplevel() on ptolemy.moml.MoMLSimpleApplication@4fcdf825
----------------- Done invoking toplevel() on ptolemy.moml.MoMLSimpleApplication@4fcdf825
reloadAllAccessors: .MatrixSplit2

===========================================================================================
----------------- testing Mon Dec 16 07:02:57 UTC 2019 /home/travis/build/icyphy/ptII/ptolemy/domains/sdf/lib/test/auto/MatrixSplit3.xml
----------------- Instantiating /home/travis/build/icyphy/ptII/ptolemy/domains/sdf/lib/test/auto/MatrixSplit3.xml
2 ms. Memory: 158720K Free: 108374K (68%)
----------------- Invoking toplevel() on ptolemy.moml.MoMLSimpleApplication@1619a909
----------------- Done invoking toplevel() on ptolemy.moml.MoMLSimpleApplication@1619a909
reloadAllAccessors: .MatrixSplit3

===========================================================================================
----------------- testing Mon Dec 16 07:02:57 UTC 2019 /home/travis/build/icyphy/ptII/ptolemy/domains/sdf/lib/test/auto/MatrixSplit4.xml
----------------- Instantiating /home/travis/build/icyphy/ptII/ptolemy/domains/sdf/lib/test/auto/MatrixSplit4.xml
2 ms. Memory: 158720K Free: 104792K (66%)
----------------- Invoking toplevel() on ptolemy.moml.MoMLSimpleApplication@7f7f14de
----------------- Done invoking toplevel() on ptolemy.moml.MoMLSimpleApplication@7f7f14de
reloadAllAccessors: .MatrixSplit4

===========================================================================================
----------------- testing Mon Dec 16 07:02:57 UTC 2019 /home/travis/build/icyphy/ptII/ptolemy/domains/sdf/lib/test/auto/MatrixSplit5.xml
----------------- Instantiating /home/travis/build/icyphy/ptII/ptolemy/domains/sdf/lib/test/auto/MatrixSplit5.xml
7 ms. Memory: 158720K Free: 101720K (64%)
----------------- Invoking toplevel() on ptolemy.moml.MoMLSimpleApplication@3bc8948c
----------------- Done invoking toplevel() on ptolemy.moml.MoMLSimpleApplication@3bc8948c
reloadAllAccessors: .MatrixSplit5

===========================================================================================
----------------- testing Mon Dec 16 07:02:57 UTC 2019 /home/travis/build/icyphy/ptII/ptolemy/domains/sdf/lib/test/auto/MatrixSplit6.xml
----------------- Instantiating /home/travis/build/icyphy/ptII/ptolemy/domains/sdf/lib/test/auto/MatrixSplit6.xml
2 ms. Memory: 158720K Free: 98134K (62%)
----------------- Invoking toplevel() on ptolemy.moml.MoMLSimpleApplication@3fc3cfaa
----------------- Done invoking toplevel() on ptolemy.moml.MoMLSimpleApplication@3fc3cfaa
reloadAllAccessors: .MatrixSplit6

===========================================================================================
----------------- testing Mon Dec 16 07:02:57 UTC 2019 /home/travis/build/icyphy/ptII/ptolemy/domains/sdf/lib/test/auto/MatrixSplit7.xml
----------------- Instantiating /home/travis/build/icyphy/ptII/ptolemy/domains/sdf/lib/test/auto/MatrixSplit7.xml
2 ms. Memory: 158720K Free: 94552K (60%)
----------------- Invoking toplevel() on ptolemy.moml.MoMLSimpleApplication@609f1e90
----------------- Done invoking toplevel() on ptolemy.moml.MoMLSimpleApplication@609f1e90
reloadAllAccessors: .MatrixSplit7

===========================================================================================
----------------- testing Mon Dec 16 07:02:57 UTC 2019 /home/travis/build/icyphy/ptII/ptolemy/domains/sdf/lib/test/auto/MatrixSplit8.xml
----------------- Instantiating /home/travis/build/icyphy/ptII/ptolemy/domains/sdf/lib/test/auto/MatrixSplit8.xml
2 ms. Memory: 158720K Free: 90966K (57%)
----------------- Invoking toplevel() on ptolemy.moml.MoMLSimpleApplication@424a55f4
----------------- Done invoking toplevel() on ptolemy.moml.MoMLSimpleApplication@424a55f4
reloadAllAccessors: .MatrixSplit8

===========================================================================================
----------------- testing Mon Dec 16 07:02:57 UTC 2019 /home/travis/build/icyphy/ptII/ptolemy/domains/sdf/lib/test/auto/MatrixSplit9.xml
----------------- Instantiating /home/travis/build/icyphy/ptII/ptolemy/domains/sdf/lib/test/auto/MatrixSplit9.xml
4 ms. Memory: 158720K Free: 87384K (55%)
----------------- Invoking toplevel() on ptolemy.moml.MoMLSimpleApplication@526c7cc
----------------- Done invoking toplevel() on ptolemy.moml.MoMLSimpleApplication@526c7cc
reloadAllAccessors: .MatrixSplit9

===========================================================================================
----------------- testing Mon Dec 16 07:02:57 UTC 2019 /home/travis/build/icyphy/ptII/ptolemy/domains/sdf/lib/test/auto/MatrixToSequence.xml
----------------- Instantiating /home/travis/build/icyphy/ptII/ptolemy/domains/sdf/lib/test/auto/MatrixToSequence.xml
12 ms. Memory: 158720K Free: 78166K (49%)
----------------- Invoking toplevel() on ptolemy.moml.MoMLSimpleApplication@23c69dd3
----------------- Done invoking toplevel() on ptolemy.moml.MoMLSimpleApplication@23c69dd3
reloadAllAccessors: .MatrixToSequence

===========================================================================================
----------------- testing Mon Dec 16 07:02:57 UTC 2019 /home/travis/build/icyphy/ptII/ptolemy/domains/sdf/lib/test/auto/MaximumEntropySpectrum.xml
----------------- Instantiating /home/travis/build/icyphy/ptII/ptolemy/domains/sdf/lib/test/auto/MaximumEntropySpectrum.xml
15 ms. Memory: 158720K Free: 138634K (87%)
----------------- Invoking toplevel() on ptolemy.moml.MoMLSimpleApplication@59f06648
----------------- Done invoking toplevel() on ptolemy.moml.MoMLSimpleApplication@59f06648
reloadAllAccessors: .MaximumEntropySpectrum

===========================================================================================
----------------- testing Mon Dec 16 07:02:57 UTC 2019 /home/travis/build/icyphy/ptII/ptolemy/domains/sdf/lib/test/auto/SampleDelayConversion.xml
----------------- Instantiating /home/travis/build/icyphy/ptII/ptolemy/domains/sdf/lib/test/auto/SampleDelayConversion.xml
2 ms. Memory: 158720K Free: 134538K (85%)
----------------- Invoking toplevel() on ptolemy.moml.MoMLSimpleApplication@6f5ea26f
----------------- Done invoking toplevel() on ptolemy.moml.MoMLSimpleApplication@6f5ea26f
reloadAllAccessors: .SampleDelayConversion

===========================================================================================
----------------- testing Mon Dec 16 07:02:57 UTC 2019 /home/travis/build/icyphy/ptII/ptolemy/domains/sdf/lib/test/auto/SequenceToArray.xml
----------------- Instantiating /home/travis/build/icyphy/ptII/ptolemy/domains/sdf/lib/test/auto/SequenceToArray.xml
9 ms. Memory: 158720K Free: 123260K (78%)
----------------- Invoking toplevel() on ptolemy.moml.MoMLSimpleApplication@34feace3
----------------- Done invoking toplevel() on ptolemy.moml.MoMLSimpleApplication@34feace3
reloadAllAccessors: .SequenceToArray

===========================================================================================
----------------- testing Mon Dec 16 07:02:57 UTC 2019 /home/travis/build/icyphy/ptII/ptolemy/domains/sdf/lib/test/auto/SequenceToMatrix.xml
----------------- Instantiating /home/travis/build/icyphy/ptII/ptolemy/domains/sdf/lib/test/auto/SequenceToMatrix.xml
4159 ms. Memory: 190464K Free: 83517K (44%)
----------------- Invoking toplevel() on ptolemy.moml.MoMLSimpleApplication@2453c8f0
----------------- Done invoking toplevel() on ptolemy.moml.MoMLSimpleApplication@2453c8f0
reloadAllAccessors: .SequenceToMatrix

===========================================================================================
----------------- testing Mon Dec 16 07:03:02 UTC 2019 /home/travis/build/icyphy/ptII/ptolemy/domains/sdf/lib/test/auto/SmoothedPeriodogram.xml
----------------- Instantiating /home/travis/build/icyphy/ptII/ptolemy/domains/sdf/lib/test/auto/SmoothedPeriodogram.xml
9 ms. Memory: 190464K Free: 68157K (36%)
----------------- Invoking toplevel() on ptolemy.moml.MoMLSimpleApplication@4389d3c1
----------------- Done invoking toplevel() on ptolemy.moml.MoMLSimpleApplication@4389d3c1
reloadAllAccessors: .SmoothedPeriodogram

===========================================================================================
----------------- testing Mon Dec 16 07:03:02 UTC 2019 /home/travis/build/icyphy/ptII/ptolemy/domains/sdf/lib/test/auto/UpDownSample1.xml
----------------- Instantiating /home/travis/build/icyphy/ptII/ptolemy/domains/sdf/lib/test/auto/UpDownSample1.xml
13 ms. Memory: 190464K Free: 175104K (92%)
----------------- Invoking toplevel() on ptolemy.moml.MoMLSimpleApplication@5a26e74f
----------------- Done invoking toplevel() on ptolemy.moml.MoMLSimpleApplication@5a26e74f
reloadAllAccessors: .UpDownSample1

===========================================================================================
----------------- testing Mon Dec 16 07:03:02 UTC 2019 /home/travis/build/icyphy/ptII/ptolemy/domains/sdf/lib/test/auto/UpSample1.xml
----------------- Instantiating /home/travis/build/icyphy/ptII/ptolemy/domains/sdf/lib/test/auto/UpSample1.xml
2 ms. Memory: 190464K Free: 171274K (90%)
----------------- Invoking toplevel() on ptolemy.moml.MoMLSimpleApplication@40862f07
----------------- Done invoking toplevel() on ptolemy.moml.MoMLSimpleApplication@40862f07
reloadAllAccessors: .UpSample1

===========================================================================================
----------------- testing Mon Dec 16 07:03:02 UTC 2019 /home/travis/build/icyphy/ptII/ptolemy/domains/sdf/lib/test/auto/VariableFIR.xml
----------------- Instantiating /home/travis/build/icyphy/ptII/ptolemy/domains/sdf/lib/test/auto/VariableFIR.xml
3 ms. Memory: 190464K Free: 166154K (87%)
----------------- Invoking toplevel() on ptolemy.moml.MoMLSimpleApplication@1fb5802a
----------------- Done invoking toplevel() on ptolemy.moml.MoMLSimpleApplication@1fb5802a
reloadAllAccessors: .VariableFIR

===========================================================================================
----------------- testing Mon Dec 16 07:03:02 UTC 2019 /home/travis/build/icyphy/ptII/ptolemy/domains/sdf/lib/test/auto/VariableFIR2.xml
----------------- Instantiating /home/travis/build/icyphy/ptII/ptolemy/domains/sdf/lib/test/auto/VariableFIR2.xml
4 ms. Memory: 190464K Free: 161034K (85%)
----------------- Invoking toplevel() on ptolemy.moml.MoMLSimpleApplication@723795c4
----------------- Done invoking toplevel() on ptolemy.moml.MoMLSimpleApplication@723795c4
reloadAllAccessors: .VariableFIR2

===========================================================================================
----------------- testing Mon Dec 16 07:03:02 UTC 2019 /home/travis/build/icyphy/ptII/ptolemy/domains/sdf/lib/test/auto/VariableLattice.xml
----------------- Instantiating /home/travis/build/icyphy/ptII/ptolemy/domains/sdf/lib/test/auto/VariableLattice.xml
4 ms. Memory: 190464K Free: 154890K (81%)
----------------- Invoking toplevel() on ptolemy.moml.MoMLSimpleApplication@789170f0
----------------- Done invoking toplevel() on ptolemy.moml.MoMLSimpleApplication@789170f0
reloadAllAccessors: .VariableLattice

===========================================================================================
----------------- testing Mon Dec 16 07:03:02 UTC 2019 /home/travis/build/icyphy/ptII/ptolemy/domains/sdf/lib/test/auto/VariableLattice2.xml
----------------- Instantiating /home/travis/build/icyphy/ptII/ptolemy/domains/sdf/lib/test/auto/VariableLattice2.xml
1.0
-1.999999602036
1.9099998677481
-0.9099996420674
0.205
0.0
0.0
1.0
-0.25
-0.5
0.0
0.0
0.0
0.0
5 ms. Memory: 190464K Free: 150280K (79%)
----------------- Invoking toplevel() on ptolemy.moml.MoMLSimpleApplication@1c11365f
----------------- Done invoking toplevel() on ptolemy.moml.MoMLSimpleApplication@1c11365f
reloadAllAccessors: .VariableLattice2

===========================================================================================
----------------- testing Mon Dec 16 07:03:02 UTC 2019 /home/travis/build/icyphy/ptII/ptolemy/domains/sdf/lib/test/auto/VariableRecursiveLattice.xml
----------------- Instantiating /home/travis/build/icyphy/ptII/ptolemy/domains/sdf/lib/test/auto/VariableRecursiveLattice.xml
7 ms. Memory: 190464K Free: 145674K (76%)
----------------- Invoking toplevel() on ptolemy.moml.MoMLSimpleApplication@7bcfc840
----------------- Done invoking toplevel() on ptolemy.moml.MoMLSimpleApplication@7bcfc840
reloadAllAccessors: .VariableRecursiveLattice

===========================================================================================
----------------- testing Mon Dec 16 07:03:02 UTC 2019 /home/travis/build/icyphy/ptII/ptolemy/domains/sdf/lib/test/auto/VariableRecursiveLattice2.xml
----------------- Instantiating /home/travis/build/icyphy/ptII/ptolemy/domains/sdf/lib/test/auto/VariableRecursiveLattice2.xml
1 ms. Memory: 190464K Free: 142073K (75%)
----------------- Invoking toplevel() on ptolemy.moml.MoMLSimpleApplication@5806b746
----------------- Done invoking toplevel() on ptolemy.moml.MoMLSimpleApplication@5806b746
reloadAllAccessors: .VariableRecursiveLattice2
AutoTests.java: About to close Vertx.
AutoTests.java: Vertx closed.
]]></system-out>
  <system-err><![CDATA[]]></system-err>
</testsuite>
