<?xml version="1.0" encoding="UTF-8" ?>
<testsuite errors="0" failures="0" hostname="travis-job-0fd87f24-993f-4315-a3df-322ed994ffb5" name="ptolemy.actor.lib.hoc.test.junit.JUnitTclTest" skipped="0" tests="58" time="23.497" timestamp="2019-01-30T03:21:21">
  <properties>
[...]
</properties>
  <testcase classname="ptolemy.util.test.junit.TclTests" name="[0] /home/travis/build/icyphy/ptII/ptolemy/actor/lib/hoc/test/IterateOverArray.tcl (RunTclFile)" time="0.237" />
  <testcase classname="ptolemy.util.test.junit.AutoKnownFailedTests" name="[0] /home/travis/build/icyphy/ptII/ptolemy/actor/lib/hoc/test/auto/knownFailedTests/PreinitializeMustBeInvokedRunComposite.xml (RunModel)" time="0.198" />
  <testcase classname="ptolemy.util.test.junit.AutoNameArchTests" name="[0] ThereAreNoAutoArchTests (RunModel)" time="0.001" />
  <testcase classname="ptolemy.util.test.junit.AutoTests" name="[0] /home/travis/build/icyphy/ptII/ptolemy/actor/lib/hoc/test/auto/AllToAllMultiInstanceComposite.xml (RunModel)" time="0.201" />
  <testcase classname="ptolemy.util.test.junit.AutoTests" name="[1] /home/travis/build/icyphy/ptII/ptolemy/actor/lib/hoc/test/auto/ApplyFFTTest.xml (RunModel)" time="0.266" />
  <testcase classname="ptolemy.util.test.junit.AutoTests" name="[2] /home/travis/build/icyphy/ptII/ptolemy/actor/lib/hoc/test/auto/ApplyFunction.xml (RunModel)" time="0.028" />
  <testcase classname="ptolemy.util.test.junit.AutoTests" name="[3] /home/travis/build/icyphy/ptII/ptolemy/actor/lib/hoc/test/auto/BackgroundExecution.xml (RunModel)" time="0.689" />
  <testcase classname="ptolemy.util.test.junit.AutoTests" name="[4] /home/travis/build/icyphy/ptII/ptolemy/actor/lib/hoc/test/auto/Case.xml (RunModel)" time="0.079" />
  <testcase classname="ptolemy.util.test.junit.AutoTests" name="[5] /home/travis/build/icyphy/ptII/ptolemy/actor/lib/hoc/test/auto/Case1.xml (RunModel)" time="0.052" />
  <testcase classname="ptolemy.util.test.junit.AutoTests" name="[6] /home/travis/build/icyphy/ptII/ptolemy/actor/lib/hoc/test/auto/Case2.xml (RunModel)" time="0.138" />
  <testcase classname="ptolemy.util.test.junit.AutoTests" name="[7] /home/travis/build/icyphy/ptII/ptolemy/actor/lib/hoc/test/auto/Case3.xml (RunModel)" time="0.042" />
  <testcase classname="ptolemy.util.test.junit.AutoTests" name="[8] /home/travis/build/icyphy/ptII/ptolemy/actor/lib/hoc/test/auto/Case4.xml (RunModel)" time="0.072" />
  <testcase classname="ptolemy.util.test.junit.AutoTests" name="[9] /home/travis/build/icyphy/ptII/ptolemy/actor/lib/hoc/test/auto/Case5.xml (RunModel)" time="0.094" />
  <testcase classname="ptolemy.util.test.junit.AutoTests" name="[10] /home/travis/build/icyphy/ptII/ptolemy/actor/lib/hoc/test/auto/Case6.xml (RunModel)" time="0.115" />
  <testcase classname="ptolemy.util.test.junit.AutoTests" name="[11] /home/travis/build/icyphy/ptII/ptolemy/actor/lib/hoc/test/auto/CaseString2.xml (RunModel)" time="0.046" />
  <testcase classname="ptolemy.util.test.junit.AutoTests" name="[12] /home/travis/build/icyphy/ptII/ptolemy/actor/lib/hoc/test/auto/CatchUpComposite1.xml (RunModel)" time="0.094" />
  <testcase classname="ptolemy.util.test.junit.AutoTests" name="[13] /home/travis/build/icyphy/ptII/ptolemy/actor/lib/hoc/test/auto/CatchUpComposite2.xml (RunModel)" time="0.058" />
  <testcase classname="ptolemy.util.test.junit.AutoTests" name="[14] /home/travis/build/icyphy/ptII/ptolemy/actor/lib/hoc/test/auto/CatchUpComposite3.xml (RunModel)" time="0.057" />
  <testcase classname="ptolemy.util.test.junit.AutoTests" name="[15] /home/travis/build/icyphy/ptII/ptolemy/actor/lib/hoc/test/auto/CatchUpComposite4.xml (RunModel)" time="0.039" />
  <testcase classname="ptolemy.util.test.junit.AutoTests" name="[16] /home/travis/build/icyphy/ptII/ptolemy/actor/lib/hoc/test/auto/CatchUpComposite5.xml (RunModel)" time="0.04" />
  <testcase classname="ptolemy.util.test.junit.AutoTests" name="[17] /home/travis/build/icyphy/ptII/ptolemy/actor/lib/hoc/test/auto/CatchUpComposite6.xml (RunModel)" time="0.152" />
  <testcase classname="ptolemy.util.test.junit.AutoTests" name="[18] /home/travis/build/icyphy/ptII/ptolemy/actor/lib/hoc/test/auto/CatchUpComposite7.xml (RunModel)" time="0.087" />
  <testcase classname="ptolemy.util.test.junit.AutoTests" name="[19] /home/travis/build/icyphy/ptII/ptolemy/actor/lib/hoc/test/auto/ConcurrentExecutionTimeSDF.xml (RunModel)" time="1.204" />
  <testcase classname="ptolemy.util.test.junit.AutoTests" name="[20] /home/travis/build/icyphy/ptII/ptolemy/actor/lib/hoc/test/auto/ConcurrentSleep.xml (RunModel)" time="0.768" />
  <testcase classname="ptolemy.util.test.junit.AutoTests" name="[21] /home/travis/build/icyphy/ptII/ptolemy/actor/lib/hoc/test/auto/DEInPNInRunCompositeActor.xml (RunModel)" time="0.032" />
  <testcase classname="ptolemy.util.test.junit.AutoTests" name="[22] /home/travis/build/icyphy/ptII/ptolemy/actor/lib/hoc/test/auto/DFTSubSetTest.xml (RunModel)" time="0.244" />
  <testcase classname="ptolemy.util.test.junit.AutoTests" name="[23] /home/travis/build/icyphy/ptII/ptolemy/actor/lib/hoc/test/auto/HocDE.xml (RunModel)" time="0.164" />
  <testcase classname="ptolemy.util.test.junit.AutoTests" name="[24] /home/travis/build/icyphy/ptII/ptolemy/actor/lib/hoc/test/auto/IterateOverArray.xml (RunModel)" time="0.022" />
  <testcase classname="ptolemy.util.test.junit.AutoTests" name="[25] /home/travis/build/icyphy/ptII/ptolemy/actor/lib/hoc/test/auto/IterateOverArray10.xml (RunModel)" time="0.035" />
  <testcase classname="ptolemy.util.test.junit.AutoTests" name="[26] /home/travis/build/icyphy/ptII/ptolemy/actor/lib/hoc/test/auto/IterateOverArray11.xml (RunModel)" time="0.024" />
  <testcase classname="ptolemy.util.test.junit.AutoTests" name="[27] /home/travis/build/icyphy/ptII/ptolemy/actor/lib/hoc/test/auto/IterateOverArray12.xml (RunModel)" time="0.043" />
  <testcase classname="ptolemy.util.test.junit.AutoTests" name="[28] /home/travis/build/icyphy/ptII/ptolemy/actor/lib/hoc/test/auto/IterateOverArray13.xml (RunModel)" time="0.125" />
  <testcase classname="ptolemy.util.test.junit.AutoTests" name="[29] /home/travis/build/icyphy/ptII/ptolemy/actor/lib/hoc/test/auto/IterateOverArray14.xml (RunModel)" time="0.176" />
  <testcase classname="ptolemy.util.test.junit.AutoTests" name="[30] /home/travis/build/icyphy/ptII/ptolemy/actor/lib/hoc/test/auto/IterateOverArray2.xml (RunModel)" time="0.028" />
  <testcase classname="ptolemy.util.test.junit.AutoTests" name="[31] /home/travis/build/icyphy/ptII/ptolemy/actor/lib/hoc/test/auto/IterateOverArray3.xml (RunModel)" time="0.044" />
  <testcase classname="ptolemy.util.test.junit.AutoTests" name="[32] /home/travis/build/icyphy/ptII/ptolemy/actor/lib/hoc/test/auto/IterateOverArray4.xml (RunModel)" time="0.025" />
  <testcase classname="ptolemy.util.test.junit.AutoTests" name="[33] /home/travis/build/icyphy/ptII/ptolemy/actor/lib/hoc/test/auto/IterateOverArray5.xml (RunModel)" time="0.02" />
  <testcase classname="ptolemy.util.test.junit.AutoTests" name="[34] /home/travis/build/icyphy/ptII/ptolemy/actor/lib/hoc/test/auto/IterateOverArray6.xml (RunModel)" time="0.019" />
  <testcase classname="ptolemy.util.test.junit.AutoTests" name="[35] /home/travis/build/icyphy/ptII/ptolemy/actor/lib/hoc/test/auto/IterateOverArray7.xml (RunModel)" time="0.019" />
  <testcase classname="ptolemy.util.test.junit.AutoTests" name="[36] /home/travis/build/icyphy/ptII/ptolemy/actor/lib/hoc/test/auto/IterateOverArray8.xml (RunModel)" time="0.021" />
  <testcase classname="ptolemy.util.test.junit.AutoTests" name="[37] /home/travis/build/icyphy/ptII/ptolemy/actor/lib/hoc/test/auto/IterateOverArray9.xml (RunModel)" time="0.02" />
  <testcase classname="ptolemy.util.test.junit.AutoTests" name="[38] /home/travis/build/icyphy/ptII/ptolemy/actor/lib/hoc/test/auto/IterateOverArrayCoercedOutputType.xml (RunModel)" time="0.045" />
  <testcase classname="ptolemy.util.test.junit.AutoTests" name="[39] /home/travis/build/icyphy/ptII/ptolemy/actor/lib/hoc/test/auto/IterateOverArrayInferredOutputType.xml (RunModel)" time="0.024" />
  <testcase classname="ptolemy.util.test.junit.AutoTests" name="[40] /home/travis/build/icyphy/ptII/ptolemy/actor/lib/hoc/test/auto/MobileFunctionTest.xml (RunModel)" time="0.02" />
  <testcase classname="ptolemy.util.test.junit.AutoTests" name="[41] /home/travis/build/icyphy/ptII/ptolemy/actor/lib/hoc/test/auto/MobileModelTest.xml (RunModel)" time="0.104" />
  <testcase classname="ptolemy.util.test.junit.AutoTests" name="[42] /home/travis/build/icyphy/ptII/ptolemy/actor/lib/hoc/test/auto/ModelReference.xml (RunModel)" time="0.071" />
  <testcase classname="ptolemy.util.test.junit.AutoTests" name="[43] /home/travis/build/icyphy/ptII/ptolemy/actor/lib/hoc/test/auto/ModelReference3.xml (RunModel)" time="0.07" />
  <testcase classname="ptolemy.util.test.junit.AutoTests" name="[44] /home/travis/build/icyphy/ptII/ptolemy/actor/lib/hoc/test/auto/ModelReference4.xml (RunModel)" time="10.039" />
  <testcase classname="ptolemy.util.test.junit.AutoTests" name="[45] /home/travis/build/icyphy/ptII/ptolemy/actor/lib/hoc/test/auto/MultiInstanceComposite.xml (RunModel)" time="0.038" />
  <testcase classname="ptolemy.util.test.junit.AutoTests" name="[46] /home/travis/build/icyphy/ptII/ptolemy/actor/lib/hoc/test/auto/MultiInstanceComposite2.xml (RunModel)" time="0.026" />
  <testcase classname="ptolemy.util.test.junit.AutoTests" name="[47] /home/travis/build/icyphy/ptII/ptolemy/actor/lib/hoc/test/auto/MulticoreExecution.xml (RunModel)" time="1.107" />
  <testcase classname="ptolemy.util.test.junit.AutoTests" name="[48] /home/travis/build/icyphy/ptII/ptolemy/actor/lib/hoc/test/auto/ParallelExecution.xml (RunModel)" time="0.929" />
  <testcase classname="ptolemy.util.test.junit.AutoTests" name="[49] /home/travis/build/icyphy/ptII/ptolemy/actor/lib/hoc/test/auto/RunCompositeActor.xml (RunModel)" time="0.027" />
  <testcase classname="ptolemy.util.test.junit.AutoTests" name="[50] /home/travis/build/icyphy/ptII/ptolemy/actor/lib/hoc/test/auto/RunCompositeActor2.xml (RunModel)" time="0.022" />
  <testcase classname="ptolemy.util.test.junit.AutoTests" name="[51] /home/travis/build/icyphy/ptII/ptolemy/actor/lib/hoc/test/auto/RunCompositeActor3.xml (RunModel)" time="0.026" />
  <testcase classname="ptolemy.util.test.junit.AutoTests" name="[52] /home/travis/build/icyphy/ptII/ptolemy/actor/lib/hoc/test/auto/RunCompositeActor4.xml (RunModel)" time="0.051" />
  <testcase classname="ptolemy.util.test.junit.AutoTests" name="[53] /home/travis/build/icyphy/ptII/ptolemy/actor/lib/hoc/test/auto/RunCompositeIterateOverArray.xml (RunModel)" time="0.025" />
  <testcase classname="ptolemy.util.test.junit.AutoTests" name="[54] /home/travis/build/icyphy/ptII/ptolemy/actor/lib/hoc/test/auto/ThreadedJS.xml (RunModel)" time="4.581" />
  <system-out><![CDATA[/home/travis/build/icyphy/ptII/ptolemy/actor/lib/hoc/test/IterateOverArray.tcl
testDefs.tcl: setting time out to 9000 seconds at Wed Jan 30 03:21:21 UTC 2019
01/30/19 03:21:21
Failed: 0  Total Tests: 2  ((Passed: 2, Newly Passed: 0)  Known Failed: 0) /home/travis/build/icyphy/ptII/ptolemy/actor/lib/hoc/test
----------------- testing (KnownFailure) /home/travis/build/icyphy/ptII/ptolemy/actor/lib/hoc/test/auto/knownFailedTests/PreinitializeMustBeInvokedRunComposite.xml
35 ms. Memory: 116224K Free: 106877K (92%)
Known Failure: java.lang.reflect.InvocationTargetException
No auto/linux-amd64/*.xml tests in /home/travis/build/icyphy/ptII/ptolemy/actor/lib/hoc/test
AutoTests.java: About to close Vertx.
AutoTests.java: Vertx closed.

===========================================================================================
----------------- testing Wed Jan 30 03:21:21 UTC 2019 /home/travis/build/icyphy/ptII/ptolemy/actor/lib/hoc/test/auto/AllToAllMultiInstanceComposite.xml
----------------- Instantiating /home/travis/build/icyphy/ptII/ptolemy/actor/lib/hoc/test/auto/AllToAllMultiInstanceComposite.xml
78 ms. Memory: 146944K Free: 120882K (82%)
----------------- Invoking toplevel() on ptolemy.moml.MoMLSimpleApplication@754e21c
----------------- Done invoking toplevel() on ptolemy.moml.MoMLSimpleApplication@754e21c
reloadAllAccessors: .AllToAllMultiInstanceComposite

===========================================================================================
----------------- testing Wed Jan 30 03:21:22 UTC 2019 /home/travis/build/icyphy/ptII/ptolemy/actor/lib/hoc/test/auto/ApplyFFTTest.xml
----------------- Instantiating /home/travis/build/icyphy/ptII/ptolemy/actor/lib/hoc/test/auto/ApplyFFTTest.xml
88 ms. Memory: 146944K Free: 100690K (69%)
----------------- Invoking toplevel() on ptolemy.moml.MoMLSimpleApplication@5d420fc8
----------------- Done invoking toplevel() on ptolemy.moml.MoMLSimpleApplication@5d420fc8
reloadAllAccessors: .ApplyFFTTest

===========================================================================================
----------------- testing Wed Jan 30 03:21:22 UTC 2019 /home/travis/build/icyphy/ptII/ptolemy/actor/lib/hoc/test/auto/ApplyFunction.xml
----------------- Instantiating /home/travis/build/icyphy/ptII/ptolemy/actor/lib/hoc/test/auto/ApplyFunction.xml
4 ms. Memory: 146944K Free: 97373K (66%)
----------------- Invoking toplevel() on ptolemy.moml.MoMLSimpleApplication@6f1b4e15
----------------- Done invoking toplevel() on ptolemy.moml.MoMLSimpleApplication@6f1b4e15
reloadAllAccessors: .ApplyFunction

===========================================================================================
----------------- testing Wed Jan 30 03:21:22 UTC 2019 /home/travis/build/icyphy/ptII/ptolemy/actor/lib/hoc/test/auto/BackgroundExecution.xml
----------------- Instantiating /home/travis/build/icyphy/ptII/ptolemy/actor/lib/hoc/test/auto/BackgroundExecution.xml
623 ms. Memory: 146944K Free: 89325K (61%)
----------------- Invoking toplevel() on ptolemy.moml.MoMLSimpleApplication@51210887
----------------- Done invoking toplevel() on ptolemy.moml.MoMLSimpleApplication@51210887
reloadAllAccessors: .BackgroundExecution

===========================================================================================
----------------- testing Wed Jan 30 03:21:23 UTC 2019 /home/travis/build/icyphy/ptII/ptolemy/actor/lib/hoc/test/auto/Case.xml
----------------- Instantiating /home/travis/build/icyphy/ptII/ptolemy/actor/lib/hoc/test/auto/Case.xml
31 ms. Memory: 146944K Free: 80724K (55%)
----------------- Invoking toplevel() on ptolemy.moml.MoMLSimpleApplication@17c6bab6
----------------- Done invoking toplevel() on ptolemy.moml.MoMLSimpleApplication@17c6bab6
reloadAllAccessors: .Case

===========================================================================================
----------------- testing Wed Jan 30 03:21:23 UTC 2019 /home/travis/build/icyphy/ptII/ptolemy/actor/lib/hoc/test/auto/Case1.xml
----------------- Instantiating /home/travis/build/icyphy/ptII/ptolemy/actor/lib/hoc/test/auto/Case1.xml
14 ms. Memory: 146944K Free: 135562K (92%)
----------------- Invoking toplevel() on ptolemy.moml.MoMLSimpleApplication@1c6dd740
----------------- Done invoking toplevel() on ptolemy.moml.MoMLSimpleApplication@1c6dd740
reloadAllAccessors: .Case1

===========================================================================================
----------------- testing Wed Jan 30 03:21:23 UTC 2019 /home/travis/build/icyphy/ptII/ptolemy/actor/lib/hoc/test/auto/Case2.xml
----------------- Instantiating /home/travis/build/icyphy/ptII/ptolemy/actor/lib/hoc/test/auto/Case2.xml
67 ms. Memory: 146944K Free: 124142K (84%)
----------------- Invoking toplevel() on ptolemy.moml.MoMLSimpleApplication@1a1fdf8a
----------------- Done invoking toplevel() on ptolemy.moml.MoMLSimpleApplication@1a1fdf8a
reloadAllAccessors: .Case2

===========================================================================================
----------------- testing Wed Jan 30 03:21:23 UTC 2019 /home/travis/build/icyphy/ptII/ptolemy/actor/lib/hoc/test/auto/Case3.xml
----------------- Instantiating /home/travis/build/icyphy/ptII/ptolemy/actor/lib/hoc/test/auto/Case3.xml
12 ms. Memory: 146944K Free: 117909K (80%)
----------------- Invoking toplevel() on ptolemy.moml.MoMLSimpleApplication@1d035c4b
----------------- Done invoking toplevel() on ptolemy.moml.MoMLSimpleApplication@1d035c4b
reloadAllAccessors: .Case3

===========================================================================================
----------------- testing Wed Jan 30 03:21:23 UTC 2019 /home/travis/build/icyphy/ptII/ptolemy/actor/lib/hoc/test/auto/Case4.xml
----------------- Instantiating /home/travis/build/icyphy/ptII/ptolemy/actor/lib/hoc/test/auto/Case4.xml
18 ms. Memory: 146944K Free: 109316K (74%)
----------------- Invoking toplevel() on ptolemy.moml.MoMLSimpleApplication@12e1a443
----------------- Done invoking toplevel() on ptolemy.moml.MoMLSimpleApplication@12e1a443
reloadAllAccessors: .Case4

===========================================================================================
----------------- testing Wed Jan 30 03:21:23 UTC 2019 /home/travis/build/icyphy/ptII/ptolemy/actor/lib/hoc/test/auto/Case5.xml
----------------- Instantiating /home/travis/build/icyphy/ptII/ptolemy/actor/lib/hoc/test/auto/Case5.xml
59 ms. Memory: 146944K Free: 102561K (70%)
----------------- Invoking toplevel() on ptolemy.moml.MoMLSimpleApplication@4ef1d74
----------------- Done invoking toplevel() on ptolemy.moml.MoMLSimpleApplication@4ef1d74
reloadAllAccessors: .junk

===========================================================================================
----------------- testing Wed Jan 30 03:21:23 UTC 2019 /home/travis/build/icyphy/ptII/ptolemy/actor/lib/hoc/test/auto/Case6.xml
----------------- Instantiating /home/travis/build/icyphy/ptII/ptolemy/actor/lib/hoc/test/auto/Case6.xml
39 ms. Memory: 146944K Free: 89350K (61%)
----------------- Invoking toplevel() on ptolemy.moml.MoMLSimpleApplication@487f97a8
----------------- Done invoking toplevel() on ptolemy.moml.MoMLSimpleApplication@487f97a8
reloadAllAccessors: .Case6

===========================================================================================
----------------- testing Wed Jan 30 03:21:23 UTC 2019 /home/travis/build/icyphy/ptII/ptolemy/actor/lib/hoc/test/auto/CaseString2.xml
----------------- Instantiating /home/travis/build/icyphy/ptII/ptolemy/actor/lib/hoc/test/auto/CaseString2.xml
17 ms. Memory: 146944K Free: 81343K (55%)
----------------- Invoking toplevel() on ptolemy.moml.MoMLSimpleApplication@6f2a8b14
----------------- Done invoking toplevel() on ptolemy.moml.MoMLSimpleApplication@6f2a8b14
reloadAllAccessors: .CaseString2

===========================================================================================
----------------- testing Wed Jan 30 03:21:23 UTC 2019 /home/travis/build/icyphy/ptII/ptolemy/actor/lib/hoc/test/auto/CatchUpComposite1.xml
----------------- Instantiating /home/travis/build/icyphy/ptII/ptolemy/actor/lib/hoc/test/auto/CatchUpComposite1.xml
22 ms. Memory: 208384K Free: 194242K (93%)
----------------- Invoking toplevel() on ptolemy.moml.MoMLSimpleApplication@3bb54b13
----------------- Done invoking toplevel() on ptolemy.moml.MoMLSimpleApplication@3bb54b13
reloadAllAccessors: .CatchUpComposite1

===========================================================================================
----------------- testing Wed Jan 30 03:21:23 UTC 2019 /home/travis/build/icyphy/ptII/ptolemy/actor/lib/hoc/test/auto/CatchUpComposite2.xml
----------------- Instantiating /home/travis/build/icyphy/ptII/ptolemy/actor/lib/hoc/test/auto/CatchUpComposite2.xml
19 ms. Memory: 208384K Free: 184374K (88%)
----------------- Invoking toplevel() on ptolemy.moml.MoMLSimpleApplication@600ef0f1
----------------- Done invoking toplevel() on ptolemy.moml.MoMLSimpleApplication@600ef0f1
reloadAllAccessors: .CatchUpComposite2

===========================================================================================
----------------- testing Wed Jan 30 03:21:23 UTC 2019 /home/travis/build/icyphy/ptII/ptolemy/actor/lib/hoc/test/auto/CatchUpComposite3.xml
----------------- Instantiating /home/travis/build/icyphy/ptII/ptolemy/actor/lib/hoc/test/auto/CatchUpComposite3.xml
11 ms. Memory: 208384K Free: 174529K (84%)
----------------- Invoking toplevel() on ptolemy.moml.MoMLSimpleApplication@3b15f8e1
----------------- Done invoking toplevel() on ptolemy.moml.MoMLSimpleApplication@3b15f8e1
reloadAllAccessors: .CatchUpComposite3

===========================================================================================
----------------- testing Wed Jan 30 03:21:23 UTC 2019 /home/travis/build/icyphy/ptII/ptolemy/actor/lib/hoc/test/auto/CatchUpComposite4.xml
----------------- Instantiating /home/travis/build/icyphy/ptII/ptolemy/actor/lib/hoc/test/auto/CatchUpComposite4.xml
9 ms. Memory: 208384K Free: 164661K (79%)
----------------- Invoking toplevel() on ptolemy.moml.MoMLSimpleApplication@218570d8
----------------- Done invoking toplevel() on ptolemy.moml.MoMLSimpleApplication@218570d8
reloadAllAccessors: .CatchUpComposite4

===========================================================================================
----------------- testing Wed Jan 30 03:21:24 UTC 2019 /home/travis/build/icyphy/ptII/ptolemy/actor/lib/hoc/test/auto/CatchUpComposite5.xml
----------------- Instantiating /home/travis/build/icyphy/ptII/ptolemy/actor/lib/hoc/test/auto/CatchUpComposite5.xml
12 ms. Memory: 208384K Free: 156357K (75%)
----------------- Invoking toplevel() on ptolemy.moml.MoMLSimpleApplication@2a66f916
----------------- Done invoking toplevel() on ptolemy.moml.MoMLSimpleApplication@2a66f916
reloadAllAccessors: .CatchUpComposite5

===========================================================================================
----------------- testing Wed Jan 30 03:21:24 UTC 2019 /home/travis/build/icyphy/ptII/ptolemy/actor/lib/hoc/test/auto/CatchUpComposite6.xml
----------------- Instantiating /home/travis/build/icyphy/ptII/ptolemy/actor/lib/hoc/test/auto/CatchUpComposite6.xml
WARNING: The execution aspects in this model can influence the timing of actors by delaying the 
execution, potentially changing the behavior. There is no guarantee that actors fire at the 
time they request to be fired. 
Use Ptides for deterministic DE behavior that is not influenced by execution aspects. 

90 ms. Memory: 208384K Free: 139102K (67%)
----------------- Invoking toplevel() on ptolemy.moml.MoMLSimpleApplication@685cc730
----------------- Done invoking toplevel() on ptolemy.moml.MoMLSimpleApplication@685cc730
reloadAllAccessors: .CatchUpComposite6

===========================================================================================
----------------- testing Wed Jan 30 03:21:24 UTC 2019 /home/travis/build/icyphy/ptII/ptolemy/actor/lib/hoc/test/auto/CatchUpComposite7.xml
----------------- Instantiating /home/travis/build/icyphy/ptII/ptolemy/actor/lib/hoc/test/auto/CatchUpComposite7.xml
WARNING: The execution aspects in this model can influence the timing of actors by delaying the 
execution, potentially changing the behavior. There is no guarantee that actors fire at the 
time they request to be fired. 
Use Ptides for deterministic DE behavior that is not influenced by execution aspects. 

36 ms. Memory: 208384K Free: 122631K (59%)
----------------- Invoking toplevel() on ptolemy.moml.MoMLSimpleApplication@3823eda6
----------------- Done invoking toplevel() on ptolemy.moml.MoMLSimpleApplication@3823eda6
reloadAllAccessors: .CatchUpComposite7

===========================================================================================
----------------- testing Wed Jan 30 03:21:24 UTC 2019 /home/travis/build/icyphy/ptII/ptolemy/actor/lib/hoc/test/auto/ConcurrentExecutionTimeSDF.xml
----------------- Instantiating /home/travis/build/icyphy/ptII/ptolemy/actor/lib/hoc/test/auto/ConcurrentExecutionTimeSDF.xml
Fired ExecutionTime: 40400000
Fired ExecutionTime: 40400000
Fired ExecutionTime: 40400000
Fired ExecutionTime: 40400000
Fired ExecutionTime: 40400000
Fired ExecutionTime: 40400000
Fired ExecutionTime: 40400000
Fired ExecutionTime: 40400000
Fired ExecutionTime: 40400000
Fired ExecutionTime: 40400000
Fired ExecutionTime: 40400000
Fired ExecutionTime: 40400000
Fired ExecutionTime: 40400000
Fired ExecutionTime: 40400000
Fired ExecutionTime: 40400000
Fired ExecutionTime: 40400000
Fired ExecutionTime: 40400000
Fired ExecutionTime: 40400000
Fired ExecutionTime: 40400000
Fired ExecutionTime: 40400000
1176 ms. Memory: 208384K Free: 114407K (55%)
----------------- Invoking toplevel() on ptolemy.moml.MoMLSimpleApplication@65a7b30f
----------------- Done invoking toplevel() on ptolemy.moml.MoMLSimpleApplication@65a7b30f
reloadAllAccessors: .ConcurrentExecutionTimeSDF

===========================================================================================
----------------- testing Wed Jan 30 03:21:25 UTC 2019 /home/travis/build/icyphy/ptII/ptolemy/actor/lib/hoc/test/auto/ConcurrentSleep.xml
----------------- Instantiating /home/travis/build/icyphy/ptII/ptolemy/actor/lib/hoc/test/auto/ConcurrentSleep.xml
739 ms. Memory: 208384K Free: 100464K (48%)
----------------- Invoking toplevel() on ptolemy.moml.MoMLSimpleApplication@268d8f0b
----------------- Done invoking toplevel() on ptolemy.moml.MoMLSimpleApplication@268d8f0b
reloadAllAccessors: .ConcurrentSleep

===========================================================================================
----------------- testing Wed Jan 30 03:21:26 UTC 2019 /home/travis/build/icyphy/ptII/ptolemy/actor/lib/hoc/test/auto/DEInPNInRunCompositeActor.xml
----------------- Instantiating /home/travis/build/icyphy/ptII/ptolemy/actor/lib/hoc/test/auto/DEInPNInRunCompositeActor.xml
13 ms. Memory: 208384K Free: 92234K (44%)
----------------- Invoking toplevel() on ptolemy.moml.MoMLSimpleApplication@7f91eaa8
----------------- Done invoking toplevel() on ptolemy.moml.MoMLSimpleApplication@7f91eaa8
reloadAllAccessors: .DEInPNInRunCompositeActor

===========================================================================================
----------------- testing Wed Jan 30 03:21:26 UTC 2019 /home/travis/build/icyphy/ptII/ptolemy/actor/lib/hoc/test/auto/DFTSubSetTest.xml
----------------- Instantiating /home/travis/build/icyphy/ptII/ptolemy/actor/lib/hoc/test/auto/DFTSubSetTest.xml
158 ms. Memory: 208384K Free: 168086K (81%)
----------------- Invoking toplevel() on ptolemy.moml.MoMLSimpleApplication@37317a6f
----------------- Done invoking toplevel() on ptolemy.moml.MoMLSimpleApplication@37317a6f
reloadAllAccessors: .DFTSubSetTest

===========================================================================================
----------------- testing Wed Jan 30 03:21:26 UTC 2019 /home/travis/build/icyphy/ptII/ptolemy/actor/lib/hoc/test/auto/HocDE.xml
----------------- Instantiating /home/travis/build/icyphy/ptII/ptolemy/actor/lib/hoc/test/auto/HocDE.xml
125 ms. Memory: 208384K Free: 141279K (68%)
----------------- Invoking toplevel() on ptolemy.moml.MoMLSimpleApplication@5972818a
----------------- Done invoking toplevel() on ptolemy.moml.MoMLSimpleApplication@5972818a
reloadAllAccessors: .HocDE

===========================================================================================
----------------- testing Wed Jan 30 03:21:26 UTC 2019 /home/travis/build/icyphy/ptII/ptolemy/actor/lib/hoc/test/auto/IterateOverArray.xml
----------------- Instantiating /home/travis/build/icyphy/ptII/ptolemy/actor/lib/hoc/test/auto/IterateOverArray.xml
5 ms. Memory: 208384K Free: 135756K (65%)
----------------- Invoking toplevel() on ptolemy.moml.MoMLSimpleApplication@6a8f89ee
----------------- Done invoking toplevel() on ptolemy.moml.MoMLSimpleApplication@6a8f89ee
reloadAllAccessors: .IterateOverArray

===========================================================================================
----------------- testing Wed Jan 30 03:21:26 UTC 2019 /home/travis/build/icyphy/ptII/ptolemy/actor/lib/hoc/test/auto/IterateOverArray10.xml
----------------- Instantiating /home/travis/build/icyphy/ptII/ptolemy/actor/lib/hoc/test/auto/IterateOverArray10.xml
2 ms. Memory: 208384K Free: 131644K (63%)
----------------- Invoking toplevel() on ptolemy.moml.MoMLSimpleApplication@75c0f25c
----------------- Done invoking toplevel() on ptolemy.moml.MoMLSimpleApplication@75c0f25c
reloadAllAccessors: .IterateOverArray10

===========================================================================================
----------------- testing Wed Jan 30 03:21:26 UTC 2019 /home/travis/build/icyphy/ptII/ptolemy/actor/lib/hoc/test/auto/IterateOverArray11.xml
----------------- Instantiating /home/travis/build/icyphy/ptII/ptolemy/actor/lib/hoc/test/auto/IterateOverArray11.xml
6 ms. Memory: 208384K Free: 126121K (61%)
----------------- Invoking toplevel() on ptolemy.moml.MoMLSimpleApplication@56e4e24d
----------------- Done invoking toplevel() on ptolemy.moml.MoMLSimpleApplication@56e4e24d
reloadAllAccessors: .IterateOverArray11

===========================================================================================
----------------- testing Wed Jan 30 03:21:26 UTC 2019 /home/travis/build/icyphy/ptII/ptolemy/actor/lib/hoc/test/auto/IterateOverArray12.xml
----------------- Instantiating /home/travis/build/icyphy/ptII/ptolemy/actor/lib/hoc/test/auto/IterateOverArray12.xml
18 ms. Memory: 208384K Free: 119551K (57%)
----------------- Invoking toplevel() on ptolemy.moml.MoMLSimpleApplication@7ba64857
----------------- Done invoking toplevel() on ptolemy.moml.MoMLSimpleApplication@7ba64857
reloadAllAccessors: .IterateOverArray12

===========================================================================================
----------------- testing Wed Jan 30 03:21:26 UTC 2019 /home/travis/build/icyphy/ptII/ptolemy/actor/lib/hoc/test/auto/IterateOverArray13.xml
----------------- Instantiating /home/travis/build/icyphy/ptII/ptolemy/actor/lib/hoc/test/auto/IterateOverArray13.xml
62 ms. Memory: 208384K Free: 91025K (44%)
----------------- Invoking toplevel() on ptolemy.moml.MoMLSimpleApplication@67402fe0
----------------- Done invoking toplevel() on ptolemy.moml.MoMLSimpleApplication@67402fe0
reloadAllAccessors: .IterateOverArray13

===========================================================================================
----------------- testing Wed Jan 30 03:21:26 UTC 2019 /home/travis/build/icyphy/ptII/ptolemy/actor/lib/hoc/test/auto/IterateOverArray14.xml
----------------- Instantiating /home/travis/build/icyphy/ptII/ptolemy/actor/lib/hoc/test/auto/IterateOverArray14.xml
68 ms. Memory: 331776K Free: 299741K (90%)
----------------- Invoking toplevel() on ptolemy.moml.MoMLSimpleApplication@64679bf
----------------- Done invoking toplevel() on ptolemy.moml.MoMLSimpleApplication@64679bf
reloadAllAccessors: .IterateOverArray14

===========================================================================================
----------------- testing Wed Jan 30 03:21:27 UTC 2019 /home/travis/build/icyphy/ptII/ptolemy/actor/lib/hoc/test/auto/IterateOverArray2.xml
----------------- Instantiating /home/travis/build/icyphy/ptII/ptolemy/actor/lib/hoc/test/auto/IterateOverArray2.xml
9 ms. Memory: 331776K Free: 292431K (88%)
----------------- Invoking toplevel() on ptolemy.moml.MoMLSimpleApplication@512ab891
----------------- Done invoking toplevel() on ptolemy.moml.MoMLSimpleApplication@512ab891
reloadAllAccessors: .IterateOverArray2

===========================================================================================
----------------- testing Wed Jan 30 03:21:27 UTC 2019 /home/travis/build/icyphy/ptII/ptolemy/actor/lib/hoc/test/auto/IterateOverArray3.xml
----------------- Instantiating /home/travis/build/icyphy/ptII/ptolemy/actor/lib/hoc/test/auto/IterateOverArray3.xml
15 ms. Memory: 331776K Free: 285905K (86%)
----------------- Invoking toplevel() on ptolemy.moml.MoMLSimpleApplication@1ff37afb
----------------- Done invoking toplevel() on ptolemy.moml.MoMLSimpleApplication@1ff37afb
reloadAllAccessors: .IterateOverArray3

===========================================================================================
----------------- testing Wed Jan 30 03:21:27 UTC 2019 /home/travis/build/icyphy/ptII/ptolemy/actor/lib/hoc/test/auto/IterateOverArray4.xml
----------------- Instantiating /home/travis/build/icyphy/ptII/ptolemy/actor/lib/hoc/test/auto/IterateOverArray4.xml
4 ms. Memory: 331776K Free: 280235K (84%)
----------------- Invoking toplevel() on ptolemy.moml.MoMLSimpleApplication@79a0071
----------------- Done invoking toplevel() on ptolemy.moml.MoMLSimpleApplication@79a0071
reloadAllAccessors: .IterateOverArray4

===========================================================================================
----------------- testing Wed Jan 30 03:21:27 UTC 2019 /home/travis/build/icyphy/ptII/ptolemy/actor/lib/hoc/test/auto/IterateOverArray5.xml
----------------- Instantiating /home/travis/build/icyphy/ptII/ptolemy/actor/lib/hoc/test/auto/IterateOverArray5.xml
3 ms. Memory: 331776K Free: 275340K (83%)
----------------- Invoking toplevel() on ptolemy.moml.MoMLSimpleApplication@3a3eeb20
----------------- Done invoking toplevel() on ptolemy.moml.MoMLSimpleApplication@3a3eeb20
reloadAllAccessors: .IterateOverArray5

===========================================================================================
----------------- testing Wed Jan 30 03:21:27 UTC 2019 /home/travis/build/icyphy/ptII/ptolemy/actor/lib/hoc/test/auto/IterateOverArray6.xml
----------------- Instantiating /home/travis/build/icyphy/ptII/ptolemy/actor/lib/hoc/test/auto/IterateOverArray6.xml
2 ms. Memory: 331776K Free: 269670K (81%)
----------------- Invoking toplevel() on ptolemy.moml.MoMLSimpleApplication@421875d9
----------------- Done invoking toplevel() on ptolemy.moml.MoMLSimpleApplication@421875d9
reloadAllAccessors: .IterateOverArray6

===========================================================================================
----------------- testing Wed Jan 30 03:21:27 UTC 2019 /home/travis/build/icyphy/ptII/ptolemy/actor/lib/hoc/test/auto/IterateOverArray7.xml
----------------- Instantiating /home/travis/build/icyphy/ptII/ptolemy/actor/lib/hoc/test/auto/IterateOverArray7.xml
4 ms. Memory: 331776K Free: 264775K (80%)
----------------- Invoking toplevel() on ptolemy.moml.MoMLSimpleApplication@5f359718
----------------- Done invoking toplevel() on ptolemy.moml.MoMLSimpleApplication@5f359718
reloadAllAccessors: .IterateOverArray7

===========================================================================================
----------------- testing Wed Jan 30 03:21:27 UTC 2019 /home/travis/build/icyphy/ptII/ptolemy/actor/lib/hoc/test/auto/IterateOverArray8.xml
----------------- Instantiating /home/travis/build/icyphy/ptII/ptolemy/actor/lib/hoc/test/auto/IterateOverArray8.xml
5 ms. Memory: 331776K Free: 259880K (78%)
----------------- Invoking toplevel() on ptolemy.moml.MoMLSimpleApplication@3fae4593
----------------- Done invoking toplevel() on ptolemy.moml.MoMLSimpleApplication@3fae4593
reloadAllAccessors: .IterateOverArray8

===========================================================================================
----------------- testing Wed Jan 30 03:21:27 UTC 2019 /home/travis/build/icyphy/ptII/ptolemy/actor/lib/hoc/test/auto/IterateOverArray9.xml
----------------- Instantiating /home/travis/build/icyphy/ptII/ptolemy/actor/lib/hoc/test/auto/IterateOverArray9.xml
8 ms. Memory: 331776K Free: 254210K (77%)
----------------- Invoking toplevel() on ptolemy.moml.MoMLSimpleApplication@3fb79ea2
----------------- Done invoking toplevel() on ptolemy.moml.MoMLSimpleApplication@3fb79ea2
reloadAllAccessors: .IterateOverArray9

===========================================================================================
----------------- testing Wed Jan 30 03:21:27 UTC 2019 /home/travis/build/icyphy/ptII/ptolemy/actor/lib/hoc/test/auto/IterateOverArrayCoercedOutputType.xml
----------------- Instantiating /home/travis/build/icyphy/ptII/ptolemy/actor/lib/hoc/test/auto/IterateOverArrayCoercedOutputType.xml
3 ms. Memory: 331776K Free: 247683K (75%)
----------------- Invoking toplevel() on ptolemy.moml.MoMLSimpleApplication@48789db2
----------------- Done invoking toplevel() on ptolemy.moml.MoMLSimpleApplication@48789db2
reloadAllAccessors: .IterateOverArrayCoercedOutputType

===========================================================================================
----------------- testing Wed Jan 30 03:21:27 UTC 2019 /home/travis/build/icyphy/ptII/ptolemy/actor/lib/hoc/test/auto/IterateOverArrayInferredOutputType.xml
----------------- Instantiating /home/travis/build/icyphy/ptII/ptolemy/actor/lib/hoc/test/auto/IterateOverArrayInferredOutputType.xml
4 ms. Memory: 331776K Free: 240381K (72%)
----------------- Invoking toplevel() on ptolemy.moml.MoMLSimpleApplication@6d04e354
----------------- Done invoking toplevel() on ptolemy.moml.MoMLSimpleApplication@6d04e354
reloadAllAccessors: .IterateOverArrayInferredOutputType

===========================================================================================
----------------- testing Wed Jan 30 03:21:27 UTC 2019 /home/travis/build/icyphy/ptII/ptolemy/actor/lib/hoc/test/auto/MobileFunctionTest.xml
----------------- Instantiating /home/travis/build/icyphy/ptII/ptolemy/actor/lib/hoc/test/auto/MobileFunctionTest.xml
2 ms. Memory: 331776K Free: 235486K (71%)
----------------- Invoking toplevel() on ptolemy.moml.MoMLSimpleApplication@3dbd4f94
----------------- Done invoking toplevel() on ptolemy.moml.MoMLSimpleApplication@3dbd4f94
reloadAllAccessors: .MobileFunctionTest

===========================================================================================
----------------- testing Wed Jan 30 03:21:27 UTC 2019 /home/travis/build/icyphy/ptII/ptolemy/actor/lib/hoc/test/auto/MobileModelTest.xml
----------------- Instantiating /home/travis/build/icyphy/ptII/ptolemy/actor/lib/hoc/test/auto/MobileModelTest.xml
72 ms. Memory: 331776K Free: 213468K (64%)
----------------- Invoking toplevel() on ptolemy.moml.MoMLSimpleApplication@219ae72f
----------------- Done invoking toplevel() on ptolemy.moml.MoMLSimpleApplication@219ae72f
reloadAllAccessors: .MobileModelTest

===========================================================================================
----------------- testing Wed Jan 30 03:21:27 UTC 2019 /home/travis/build/icyphy/ptII/ptolemy/actor/lib/hoc/test/auto/ModelReference.xml
----------------- Instantiating /home/travis/build/icyphy/ptII/ptolemy/actor/lib/hoc/test/auto/ModelReference.xml
2 ms. Memory: 331776K Free: 205310K (62%)
6 ms. Memory: 331776K Free: 205310K (62%)
1 ms. Memory: 331776K Free: 203679K (61%)
5 ms. Memory: 331776K Free: 203679K (61%)
1 ms. Memory: 331776K Free: 202047K (61%)
2 ms. Memory: 331776K Free: 202047K (61%)
1 ms. Memory: 331776K Free: 200415K (60%)
1 ms. Memory: 331776K Free: 200415K (60%)
3 ms. Memory: 331776K Free: 198784K (60%)
1 ms. Memory: 331776K Free: 198784K (60%)
32 ms. Memory: 331776K Free: 198784K (60%)
----------------- Invoking toplevel() on ptolemy.moml.MoMLSimpleApplication@7302484f
----------------- Done invoking toplevel() on ptolemy.moml.MoMLSimpleApplication@7302484f
reloadAllAccessors: .ModelReference

===========================================================================================
----------------- testing Wed Jan 30 03:21:27 UTC 2019 /home/travis/build/icyphy/ptII/ptolemy/actor/lib/hoc/test/auto/ModelReference3.xml
----------------- Instantiating /home/travis/build/icyphy/ptII/ptolemy/actor/lib/hoc/test/auto/ModelReference3.xml
2 ms. Memory: 331776K Free: 193889K (58%)
5 ms. Memory: 331776K Free: 192258K (58%)
1 ms. Memory: 331776K Free: 192258K (58%)
4 ms. Memory: 331776K Free: 190626K (57%)
2 ms. Memory: 331776K Free: 190626K (57%)
2 ms. Memory: 331776K Free: 188994K (57%)
1 ms. Memory: 331776K Free: 188994K (57%)
3 ms. Memory: 331776K Free: 187363K (56%)
2 ms. Memory: 331776K Free: 187363K (56%)
3 ms. Memory: 331776K Free: 185731K (56%)
31 ms. Memory: 331776K Free: 185731K (56%)
----------------- Invoking toplevel() on ptolemy.moml.MoMLSimpleApplication@466137e0
----------------- Done invoking toplevel() on ptolemy.moml.MoMLSimpleApplication@466137e0
reloadAllAccessors: .ModelReference3

===========================================================================================
----------------- testing Wed Jan 30 03:21:27 UTC 2019 /home/travis/build/icyphy/ptII/ptolemy/actor/lib/hoc/test/auto/ModelReference4.xml
----------------- Instantiating /home/travis/build/icyphy/ptII/ptolemy/actor/lib/hoc/test/auto/ModelReference4.xml
4 ms. Memory: 331776K Free: 178429K (54%)
6 ms. Memory: 331776K Free: 176797K (53%)
7 ms. Memory: 331776K Free: 175166K (53%)
3 ms. Memory: 331776K Free: 173534K (52%)
2 ms. Memory: 331776K Free: 170271K (51%)
2 ms. Memory: 331776K Free: 168640K (51%)
2 ms. Memory: 331776K Free: 167008K (50%)
2 ms. Memory: 331776K Free: 165376K (50%)
2 ms. Memory: 331776K Free: 163745K (49%)
2 ms. Memory: 331776K Free: 162113K (49%)
10024 ms. Memory: 331776K Free: 162113K (49%)
----------------- Invoking toplevel() on ptolemy.moml.MoMLSimpleApplication@5157b55
----------------- Done invoking toplevel() on ptolemy.moml.MoMLSimpleApplication@5157b55
reloadAllAccessors: .ModelReference4

===========================================================================================
----------------- testing Wed Jan 30 03:21:37 UTC 2019 /home/travis/build/icyphy/ptII/ptolemy/actor/lib/hoc/test/auto/MultiInstanceComposite.xml
----------------- Instantiating /home/travis/build/icyphy/ptII/ptolemy/actor/lib/hoc/test/auto/MultiInstanceComposite.xml
20 ms. Memory: 331776K Free: 144117K (43%)
----------------- Invoking toplevel() on ptolemy.moml.MoMLSimpleApplication@18f9bee3
----------------- Done invoking toplevel() on ptolemy.moml.MoMLSimpleApplication@18f9bee3
reloadAllAccessors: .MultiInstanceComposite

===========================================================================================
----------------- testing Wed Jan 30 03:21:37 UTC 2019 /home/travis/build/icyphy/ptII/ptolemy/actor/lib/hoc/test/auto/MultiInstanceComposite2.xml
----------------- Instantiating /home/travis/build/icyphy/ptII/ptolemy/actor/lib/hoc/test/auto/MultiInstanceComposite2.xml
9 ms. Memory: 331776K Free: 130217K (39%)
----------------- Invoking toplevel() on ptolemy.moml.MoMLSimpleApplication@21bc0f8b
----------------- Done invoking toplevel() on ptolemy.moml.MoMLSimpleApplication@21bc0f8b
reloadAllAccessors: .MultiInstanceComposite2

===========================================================================================
----------------- testing Wed Jan 30 03:21:37 UTC 2019 /home/travis/build/icyphy/ptII/ptolemy/actor/lib/hoc/test/auto/MulticoreExecution.xml
----------------- Instantiating /home/travis/build/icyphy/ptII/ptolemy/actor/lib/hoc/test/auto/MulticoreExecution.xml
Fired ExecutionTime: 15200000
Fired ExecutionTime: 5200000
Fired ExecutionTime: 12000000
Fired ExecutionTime: 12800000
Fired ExecutionTime: 8000000
Fired ExecutionTime: 14800000
Fired ExecutionTime: 10400000
Fired ExecutionTime: 11600000
Fired ExecutionTime: 6000000
Fired ExecutionTime: 16000000
Fired ExecutionTime: 10400000
Fired ExecutionTime: 10000000
Fired ExecutionTime: 10400000
Fired ExecutionTime: 10800000
Fired ExecutionTime: 24400000
Fired ExecutionTime: 14800000
Fired ExecutionTime: 36400000
Fired ExecutionTime: 36000000
Fired ExecutionTime: 64400000
Fired ExecutionTime: 64800000
1091 ms. Memory: 331776K Free: 117116K (35%)
----------------- Invoking toplevel() on ptolemy.moml.MoMLSimpleApplication@bd564ab
----------------- Done invoking toplevel() on ptolemy.moml.MoMLSimpleApplication@bd564ab
reloadAllAccessors: .MulticoreExecution

===========================================================================================
----------------- testing Wed Jan 30 03:21:38 UTC 2019 /home/travis/build/icyphy/ptII/ptolemy/actor/lib/hoc/test/auto/ParallelExecution.xml
----------------- Instantiating /home/travis/build/icyphy/ptII/ptolemy/actor/lib/hoc/test/auto/ParallelExecution.xml
914 ms. Memory: 331776K Free: 104871K (32%)
----------------- Invoking toplevel() on ptolemy.moml.MoMLSimpleApplication@6c0f4fec
----------------- Done invoking toplevel() on ptolemy.moml.MoMLSimpleApplication@6c0f4fec
reloadAllAccessors: .ParallelExecution

===========================================================================================
----------------- testing Wed Jan 30 03:21:39 UTC 2019 /home/travis/build/icyphy/ptII/ptolemy/actor/lib/hoc/test/auto/RunCompositeActor.xml
----------------- Instantiating /home/travis/build/icyphy/ptII/ptolemy/actor/lib/hoc/test/auto/RunCompositeActor.xml
7 ms. Memory: 331776K Free: 96689K (29%)
----------------- Invoking toplevel() on ptolemy.moml.MoMLSimpleApplication@74b84af4
----------------- Done invoking toplevel() on ptolemy.moml.MoMLSimpleApplication@74b84af4
reloadAllAccessors: .RunCompositeActor

===========================================================================================
----------------- testing Wed Jan 30 03:21:39 UTC 2019 /home/travis/build/icyphy/ptII/ptolemy/actor/lib/hoc/test/auto/RunCompositeActor2.xml
----------------- Instantiating /home/travis/build/icyphy/ptII/ptolemy/actor/lib/hoc/test/auto/RunCompositeActor2.xml
4 ms. Memory: 331776K Free: 90155K (27%)
----------------- Invoking toplevel() on ptolemy.moml.MoMLSimpleApplication@3a9c8e3a
----------------- Done invoking toplevel() on ptolemy.moml.MoMLSimpleApplication@3a9c8e3a
reloadAllAccessors: .RunCompositeActor2

===========================================================================================
----------------- testing Wed Jan 30 03:21:39 UTC 2019 /home/travis/build/icyphy/ptII/ptolemy/actor/lib/hoc/test/auto/RunCompositeActor3.xml
----------------- Instantiating /home/travis/build/icyphy/ptII/ptolemy/actor/lib/hoc/test/auto/RunCompositeActor3.xml
4 ms. Memory: 331776K Free: 82836K (25%)
----------------- Invoking toplevel() on ptolemy.moml.MoMLSimpleApplication@1d936eae
----------------- Done invoking toplevel() on ptolemy.moml.MoMLSimpleApplication@1d936eae
reloadAllAccessors: .RunCompositeActor3

===========================================================================================
----------------- testing Wed Jan 30 03:21:39 UTC 2019 /home/travis/build/icyphy/ptII/ptolemy/actor/lib/hoc/test/auto/RunCompositeActor4.xml
----------------- Instantiating /home/travis/build/icyphy/ptII/ptolemy/actor/lib/hoc/test/auto/RunCompositeActor4.xml
9 ms. Memory: 332800K Free: 317377K (95%)
----------------- Invoking toplevel() on ptolemy.moml.MoMLSimpleApplication@355e4435
----------------- Done invoking toplevel() on ptolemy.moml.MoMLSimpleApplication@355e4435
reloadAllAccessors: .RunCompositeActor4

===========================================================================================
----------------- testing Wed Jan 30 03:21:39 UTC 2019 /home/travis/build/icyphy/ptII/ptolemy/actor/lib/hoc/test/auto/RunCompositeIterateOverArray.xml
----------------- Instantiating /home/travis/build/icyphy/ptII/ptolemy/actor/lib/hoc/test/auto/RunCompositeIterateOverArray.xml
5 ms. Memory: 332800K Free: 310077K (93%)
----------------- Invoking toplevel() on ptolemy.moml.MoMLSimpleApplication@5847e7b6
----------------- Done invoking toplevel() on ptolemy.moml.MoMLSimpleApplication@5847e7b6
reloadAllAccessors: .RunCompositeIterateOverArray

===========================================================================================
----------------- testing Wed Jan 30 03:21:40 UTC 2019 /home/travis/build/icyphy/ptII/ptolemy/actor/lib/hoc/test/auto/ThreadedJS.xml
----------------- Instantiating /home/travis/build/icyphy/ptII/ptolemy/actor/lib/hoc/test/auto/ThreadedJS.xml
1675 ms. Memory: 539136K Free: 168515K (31%)
----------------- Invoking toplevel() on ptolemy.moml.MoMLSimpleApplication@52b1dc58
----------------- Done invoking toplevel() on ptolemy.moml.MoMLSimpleApplication@52b1dc58
reloadAllAccessors: .ThreadedJS
AutoTests.java: About to close Vertx.
AutoTests.java: Vertx closed.
]]></system-out>
  <system-err><![CDATA[java.lang.RuntimeException: Execution failed
	at ptolemy.moml.MoMLSimpleApplication$UnloadThread.run(MoMLSimpleApplication.java:402)
Caused by: ptolemy.kernel.util.IllegalActionException: initialize() was called after wrapup() was called but preinitialize() was not called after wrapup().
	at ptolemy.actor.lib.hoc.test.PreinitializeMustBeInvoked.initialize(PreinitializeMustBeInvoked.java:78)
	at ptolemy.actor.Director.initialize(Director.java:938)
	at ptolemy.actor.Director.initialize(Director.java:907)
	at ptolemy.actor.sched.StaticSchedulingDirector.initialize(StaticSchedulingDirector.java:159)
	at ptolemy.domains.sdf.kernel.SDFDirector.initialize(SDFDirector.java:544)
	at ptolemy.actor.CompositeActor.initialize(CompositeActor.java:935)
	at ptolemy.actor.lib.hoc.LifeCycleManager._executeInsideModel(LifeCycleManager.java:339)
	at ptolemy.actor.lib.hoc.RunCompositeActor.fire(RunCompositeActor.java:205)
	at ptolemy.actor.CompositeActor.iterate(CompositeActor.java:1146)
	at ptolemy.actor.sched.StaticSchedulingDirector.fire(StaticSchedulingDirector.java:216)
	at ptolemy.domains.sdf.kernel.SDFDirector.fire(SDFDirector.java:500)
	at ptolemy.actor.CompositeActor.fire(CompositeActor.java:455)
	at ptolemy.actor.Manager.iterate(Manager.java:851)
	at ptolemy.actor.Manager.execute(Manager.java:369)
	at ptolemy.actor.Manager.run(Manager.java:1263)
	at ptolemy.actor.Manager$PtolemyRunThread.run(Manager.java:1915)
java.lang.reflect.InvocationTargetException
	at sun.reflect.NativeConstructorAccessorImpl.newInstance0(Native Method)
	at sun.reflect.NativeConstructorAccessorImpl.newInstance(NativeConstructorAccessorImpl.java:62)
	at sun.reflect.DelegatingConstructorAccessorImpl.newInstance(DelegatingConstructorAccessorImpl.java:45)
	at java.lang.reflect.Constructor.newInstance(Constructor.java:423)
	at ptolemy.util.test.junit.AutoKnownFailedTests.RunModel(AutoKnownFailedTests.java:105)
	at sun.reflect.NativeMethodAccessorImpl.invoke0(Native Method)
	at sun.reflect.NativeMethodAccessorImpl.invoke(NativeMethodAccessorImpl.java:62)
	at sun.reflect.DelegatingMethodAccessorImpl.invoke(DelegatingMethodAccessorImpl.java:43)
	at java.lang.reflect.Method.invoke(Method.java:498)
	at org.junit.runners.model.FrameworkMethod$1.runReflectiveCall(FrameworkMethod.java:44)
	at org.junit.internal.runners.model.ReflectiveCallable.run(ReflectiveCallable.java:15)
	at org.junit.runners.model.FrameworkMethod.invokeExplosively(FrameworkMethod.java:41)
	at junitparams.internal.InvokeParameterisedMethod.evaluate(InvokeParameterisedMethod.java:102)
	at org.junit.internal.runners.statements.FailOnTimeout$1.run(FailOnTimeout.java:28)
Caused by: ptolemy.kernel.util.IllegalActionException: initialize() was called after wrapup() was called but preinitialize() was not called after wrapup().
	at ptolemy.actor.lib.hoc.test.PreinitializeMustBeInvoked.initialize(PreinitializeMustBeInvoked.java:78)
	at ptolemy.actor.Director.initialize(Director.java:938)
	at ptolemy.actor.Director.initialize(Director.java:907)
	at ptolemy.actor.sched.StaticSchedulingDirector.initialize(StaticSchedulingDirector.java:159)
	at ptolemy.domains.sdf.kernel.SDFDirector.initialize(SDFDirector.java:544)
	at ptolemy.actor.CompositeActor.initialize(CompositeActor.java:935)
	at ptolemy.actor.lib.hoc.LifeCycleManager._executeInsideModel(LifeCycleManager.java:339)
	at ptolemy.actor.lib.hoc.RunCompositeActor.fire(RunCompositeActor.java:205)
	at ptolemy.actor.CompositeActor.iterate(CompositeActor.java:1146)
	at ptolemy.actor.sched.StaticSchedulingDirector.fire(StaticSchedulingDirector.java:216)
	at ptolemy.domains.sdf.kernel.SDFDirector.fire(SDFDirector.java:500)
	at ptolemy.actor.CompositeActor.fire(CompositeActor.java:455)
	at ptolemy.actor.Manager.iterate(Manager.java:851)
	at ptolemy.actor.Manager.execute(Manager.java:369)
	at ptolemy.actor.Manager.run(Manager.java:1263)
	at ptolemy.actor.Manager$PtolemyRunThread.run(Manager.java:1915)
]]></system-err>
</testsuite>
