<?xml version="1.0" encoding="UTF-8" ?>
<testsuite errors="0" failures="0" hostname="travis-job-84bb38f3-e24b-4864-8d43-521ad7378cec" name="ptolemy.domains.continuous.test.junit.JUnitTclTest" skipped="0" tests="156" time="73.532" timestamp="2020-02-21T07:00:15">
  <properties>
[...]
</properties>
  <testcase classname="ptolemy.util.test.junit.TclTests" name="[0] ThereAreNoTclTests (RunTclFile)" time="0.009" />
  <testcase classname="ptolemy.util.test.junit.AutoKnownFailedTests" name="[0] ThereAreNoKnowFailedTests (RunModel)" time="0.001" />
  <testcase classname="ptolemy.util.test.junit.AutoNameArchTests" name="[0] ThereAreNoAutoArchTests (RunModel)" time="0.01" />
  <testcase classname="ptolemy.util.test.junit.AutoTests" name="[0] /home/travis/build/icyphy/ptII/ptolemy/domains/continuous/test/auto/BouncingBall.xml (RunModel)" time="2.965" />
  <testcase classname="ptolemy.util.test.junit.AutoTests" name="[1] /home/travis/build/icyphy/ptII/ptolemy/domains/continuous/test/auto/BouncingBallWithoutGR.xml (RunModel)" time="0.814" />
  <testcase classname="ptolemy.util.test.junit.AutoTests" name="[2] /home/travis/build/icyphy/ptII/ptolemy/domains/continuous/test/auto/Brownian.xml (RunModel)" time="0.071" />
  <testcase classname="ptolemy.util.test.junit.AutoTests" name="[3] /home/travis/build/icyphy/ptII/ptolemy/domains/continuous/test/auto/CarTracking.xml (RunModel)" time="4.092" />
  <testcase classname="ptolemy.util.test.junit.AutoTests" name="[4] /home/travis/build/icyphy/ptII/ptolemy/domains/continuous/test/auto/CartPendulum.xml (RunModel)" time="0.555" />
  <testcase classname="ptolemy.util.test.junit.AutoTests" name="[5] /home/travis/build/icyphy/ptII/ptolemy/domains/continuous/test/auto/CausalityInterface10.xml (RunModel)" time="0.041" />
  <testcase classname="ptolemy.util.test.junit.AutoTests" name="[6] /home/travis/build/icyphy/ptII/ptolemy/domains/continuous/test/auto/CausalityInterface11.xml (RunModel)" time="0.026" />
  <testcase classname="ptolemy.util.test.junit.AutoTests" name="[7] /home/travis/build/icyphy/ptII/ptolemy/domains/continuous/test/auto/CausalityInterface12.xml (RunModel)" time="0.05" />
  <testcase classname="ptolemy.util.test.junit.AutoTests" name="[8] /home/travis/build/icyphy/ptII/ptolemy/domains/continuous/test/auto/CausalityInterface13.xml (RunModel)" time="0.035" />
  <testcase classname="ptolemy.util.test.junit.AutoTests" name="[9] /home/travis/build/icyphy/ptII/ptolemy/domains/continuous/test/auto/CausalityInterface14.xml (RunModel)" time="0.028" />
  <testcase classname="ptolemy.util.test.junit.AutoTests" name="[10] /home/travis/build/icyphy/ptII/ptolemy/domains/continuous/test/auto/CausalityInterface4.xml (RunModel)" time="0.042" />
  <testcase classname="ptolemy.util.test.junit.AutoTests" name="[11] /home/travis/build/icyphy/ptII/ptolemy/domains/continuous/test/auto/CausalityInterface5.xml (RunModel)" time="0.023" />
  <testcase classname="ptolemy.util.test.junit.AutoTests" name="[12] /home/travis/build/icyphy/ptII/ptolemy/domains/continuous/test/auto/CausalityInterface6.xml (RunModel)" time="0.025" />
  <testcase classname="ptolemy.util.test.junit.AutoTests" name="[13] /home/travis/build/icyphy/ptII/ptolemy/domains/continuous/test/auto/CausalityInterface7.xml (RunModel)" time="0.037" />
  <testcase classname="ptolemy.util.test.junit.AutoTests" name="[14] /home/travis/build/icyphy/ptII/ptolemy/domains/continuous/test/auto/CausalityInterface8.xml (RunModel)" time="0.04" />
  <testcase classname="ptolemy.util.test.junit.AutoTests" name="[15] /home/travis/build/icyphy/ptII/ptolemy/domains/continuous/test/auto/CausalityInterface9.xml (RunModel)" time="0.053" />
  <testcase classname="ptolemy.util.test.junit.AutoTests" name="[16] /home/travis/build/icyphy/ptII/ptolemy/domains/continuous/test/auto/CausalityInterfaceFeedback1.xml (RunModel)" time="0.031" />
  <testcase classname="ptolemy.util.test.junit.AutoTests" name="[17] /home/travis/build/icyphy/ptII/ptolemy/domains/continuous/test/auto/CausalityInterfaceFeedback2.xml (RunModel)" time="0.029" />
  <testcase classname="ptolemy.util.test.junit.AutoTests" name="[18] /home/travis/build/icyphy/ptII/ptolemy/domains/continuous/test/auto/CompareWithCurrentTime.xml (RunModel)" time="0.021" />
  <testcase classname="ptolemy.util.test.junit.AutoTests" name="[19] /home/travis/build/icyphy/ptII/ptolemy/domains/continuous/test/auto/ComparedClocks.xml (RunModel)" time="0.093" />
  <testcase classname="ptolemy.util.test.junit.AutoTests" name="[20] /home/travis/build/icyphy/ptII/ptolemy/domains/continuous/test/auto/ContinuousAOCClone.xml (RunModel)" time="2.524" />
  <testcase classname="ptolemy.util.test.junit.AutoTests" name="[21] /home/travis/build/icyphy/ptII/ptolemy/domains/continuous/test/auto/ContinuousClock.xml (RunModel)" time="0.073" />
  <testcase classname="ptolemy.util.test.junit.AutoTests" name="[22] /home/travis/build/icyphy/ptII/ptolemy/domains/continuous/test/auto/ContinuousInContinuous.xml (RunModel)" time="0.092" />
  <testcase classname="ptolemy.util.test.junit.AutoTests" name="[23] /home/travis/build/icyphy/ptII/ptolemy/domains/continuous/test/auto/ContinuousInContinuousInContinuous.xml (RunModel)" time="0.025" />
  <testcase classname="ptolemy.util.test.junit.AutoTests" name="[24] /home/travis/build/icyphy/ptII/ptolemy/domains/continuous/test/auto/ContinuousInDE.xml (RunModel)" time="0.123" />
  <testcase classname="ptolemy.util.test.junit.AutoTests" name="[25] /home/travis/build/icyphy/ptII/ptolemy/domains/continuous/test/auto/ContinuousInDE2.xml (RunModel)" time="0.051" />
  <testcase classname="ptolemy.util.test.junit.AutoTests" name="[26] /home/travis/build/icyphy/ptII/ptolemy/domains/continuous/test/auto/ContinuousInDE3.xml (RunModel)" time="0.052" />
  <testcase classname="ptolemy.util.test.junit.AutoTests" name="[27] /home/travis/build/icyphy/ptII/ptolemy/domains/continuous/test/auto/ContinuousInDE4.xml (RunModel)" time="0.032" />
  <testcase classname="ptolemy.util.test.junit.AutoTests" name="[28] /home/travis/build/icyphy/ptII/ptolemy/domains/continuous/test/auto/ContinuousInDEDifferentRefinements.xml (RunModel)" time="0.106" />
  <testcase classname="ptolemy.util.test.junit.AutoTests" name="[29] /home/travis/build/icyphy/ptII/ptolemy/domains/continuous/test/auto/ContinuousInDEDifferentRefinementsPreemptive.xml (RunModel)" time="0.081" />
  <testcase classname="ptolemy.util.test.junit.AutoTests" name="[30] /home/travis/build/icyphy/ptII/ptolemy/domains/continuous/test/auto/ContinuousInDEInContinuous2.xml (RunModel)" time="0.048" />
  <testcase classname="ptolemy.util.test.junit.AutoTests" name="[31] /home/travis/build/icyphy/ptII/ptolemy/domains/continuous/test/auto/ContinuousInDEInContinuous3.xml (RunModel)" time="0.054" />
  <testcase classname="ptolemy.util.test.junit.AutoTests" name="[32] /home/travis/build/icyphy/ptII/ptolemy/domains/continuous/test/auto/ContinuousInDEInput.xml (RunModel)" time="0.035" />
  <testcase classname="ptolemy.util.test.junit.AutoTests" name="[33] /home/travis/build/icyphy/ptII/ptolemy/domains/continuous/test/auto/ContinuousInDEInput2.xml (RunModel)" time="0.047" />
  <testcase classname="ptolemy.util.test.junit.AutoTests" name="[34] /home/travis/build/icyphy/ptII/ptolemy/domains/continuous/test/auto/ContinuousInDEInput3.xml (RunModel)" time="0.026" />
  <testcase classname="ptolemy.util.test.junit.AutoTests" name="[35] /home/travis/build/icyphy/ptII/ptolemy/domains/continuous/test/auto/ContinuousInDESharingRefinement.xml (RunModel)" time="0.16" />
  <testcase classname="ptolemy.util.test.junit.AutoTests" name="[36] /home/travis/build/icyphy/ptII/ptolemy/domains/continuous/test/auto/ContinuousInDEwithNoPorts.xml (RunModel)" time="0.023" />
  <testcase classname="ptolemy.util.test.junit.AutoTests" name="[37] /home/travis/build/icyphy/ptII/ptolemy/domains/continuous/test/auto/ContinuousInsideDE.xml (RunModel)" time="0.083" />
  <testcase classname="ptolemy.util.test.junit.AutoTests" name="[38] /home/travis/build/icyphy/ptII/ptolemy/domains/continuous/test/auto/ContinuousMerge1.xml (RunModel)" time="0.029" />
  <testcase classname="ptolemy.util.test.junit.AutoTests" name="[39] /home/travis/build/icyphy/ptII/ptolemy/domains/continuous/test/auto/ContinuousMerge2.xml (RunModel)" time="0.045" />
  <testcase classname="ptolemy.util.test.junit.AutoTests" name="[40] /home/travis/build/icyphy/ptII/ptolemy/domains/continuous/test/auto/ContinuousMerge3.xml (RunModel)" time="0.055" />
  <testcase classname="ptolemy.util.test.junit.AutoTests" name="[41] /home/travis/build/icyphy/ptII/ptolemy/domains/continuous/test/auto/ContinuousWithinContinuous.xml (RunModel)" time="0.048" />
  <testcase classname="ptolemy.util.test.junit.AutoTests" name="[42] /home/travis/build/icyphy/ptII/ptolemy/domains/continuous/test/auto/ContinuousWithinContinuous2.xml (RunModel)" time="0.072" />
  <testcase classname="ptolemy.util.test.junit.AutoTests" name="[43] /home/travis/build/icyphy/ptII/ptolemy/domains/continuous/test/auto/ContinuousWithinContinuous3.xml (RunModel)" time="0.031" />
  <testcase classname="ptolemy.util.test.junit.AutoTests" name="[44] /home/travis/build/icyphy/ptII/ptolemy/domains/continuous/test/auto/ContinuousWithinContinuous4.xml (RunModel)" time="0.075" />
  <testcase classname="ptolemy.util.test.junit.AutoTests" name="[45] /home/travis/build/icyphy/ptII/ptolemy/domains/continuous/test/auto/ContinuousWithinContinuous5.xml (RunModel)" time="0.034" />
  <testcase classname="ptolemy.util.test.junit.AutoTests" name="[46] /home/travis/build/icyphy/ptII/ptolemy/domains/continuous/test/auto/ContinuousWithinContinuous6.xml (RunModel)" time="0.039" />
  <testcase classname="ptolemy.util.test.junit.AutoTests" name="[47] /home/travis/build/icyphy/ptII/ptolemy/domains/continuous/test/auto/ContinuousWithinContinuous7.xml (RunModel)" time="0.059" />
  <testcase classname="ptolemy.util.test.junit.AutoTests" name="[48] /home/travis/build/icyphy/ptII/ptolemy/domains/continuous/test/auto/DCMotor.xml (RunModel)" time="13.219" />
  <testcase classname="ptolemy.util.test.junit.AutoTests" name="[49] /home/travis/build/icyphy/ptII/ptolemy/domains/continuous/test/auto/DEInContinuous.xml (RunModel)" time="0.036" />
  <testcase classname="ptolemy.util.test.junit.AutoTests" name="[50] /home/travis/build/icyphy/ptII/ptolemy/domains/continuous/test/auto/DEinContinuous2.xml (RunModel)" time="0.04" />
  <testcase classname="ptolemy.util.test.junit.AutoTests" name="[51] /home/travis/build/icyphy/ptII/ptolemy/domains/continuous/test/auto/Derivative.xml (RunModel)" time="0.179" />
  <testcase classname="ptolemy.util.test.junit.AutoTests" name="[52] /home/travis/build/icyphy/ptII/ptolemy/domains/continuous/test/auto/Derivative1.xml (RunModel)" time="0.089" />
  <testcase classname="ptolemy.util.test.junit.AutoTests" name="[53] /home/travis/build/icyphy/ptII/ptolemy/domains/continuous/test/auto/DiscreteClock.xml (RunModel)" time="0.02" />
  <testcase classname="ptolemy.util.test.junit.AutoTests" name="[54] /home/travis/build/icyphy/ptII/ptolemy/domains/continuous/test/auto/EfficiencyCurve.xml (RunModel)" time="0.12" />
  <testcase classname="ptolemy.util.test.junit.AutoTests" name="[55] /home/travis/build/icyphy/ptII/ptolemy/domains/continuous/test/auto/ExponentialResponse.xml (RunModel)" time="0.103" />
  <testcase classname="ptolemy.util.test.junit.AutoTests" name="[56] /home/travis/build/icyphy/ptII/ptolemy/domains/continuous/test/auto/ExponentialResponseRK45.xml (RunModel)" time="0.033" />
  <testcase classname="ptolemy.util.test.junit.AutoTests" name="[57] /home/travis/build/icyphy/ptII/ptolemy/domains/continuous/test/auto/Friction.xml (RunModel)" time="1.781" />
  <testcase classname="ptolemy.util.test.junit.AutoTests" name="[58] /home/travis/build/icyphy/ptII/ptolemy/domains/continuous/test/auto/FurutaPendulum.xml (RunModel)" time="3.466" />
  <testcase classname="ptolemy.util.test.junit.AutoTests" name="[59] /home/travis/build/icyphy/ptII/ptolemy/domains/continuous/test/auto/HierarchicalExecution.xml (RunModel)" time="2.448" />
  <testcase classname="ptolemy.util.test.junit.AutoTests" name="[60] /home/travis/build/icyphy/ptII/ptolemy/domains/continuous/test/auto/HybridPlant.xml (RunModel)" time="0.609" />
  <testcase classname="ptolemy.util.test.junit.AutoTests" name="[61] /home/travis/build/icyphy/ptII/ptolemy/domains/continuous/test/auto/Hysteresis.xml (RunModel)" time="0.199" />
  <testcase classname="ptolemy.util.test.junit.AutoTests" name="[62] /home/travis/build/icyphy/ptII/ptolemy/domains/continuous/test/auto/HysteresisWithRandomDelay.xml (RunModel)" time="0.251" />
  <testcase classname="ptolemy.util.test.junit.AutoTests" name="[63] /home/travis/build/icyphy/ptII/ptolemy/domains/continuous/test/auto/HysteresisWithRandomLosses.xml (RunModel)" time="2.54" />
  <testcase classname="ptolemy.util.test.junit.AutoTests" name="[64] /home/travis/build/icyphy/ptII/ptolemy/domains/continuous/test/auto/ImmediateTransitions.xml (RunModel)" time="0.042" />
  <testcase classname="ptolemy.util.test.junit.AutoTests" name="[65] /home/travis/build/icyphy/ptII/ptolemy/domains/continuous/test/auto/ImpulseFeedback.xml (RunModel)" time="0.022" />
  <testcase classname="ptolemy.util.test.junit.AutoTests" name="[66] /home/travis/build/icyphy/ptII/ptolemy/domains/continuous/test/auto/ImpulseFeedback2.xml (RunModel)" time="0.017" />
  <testcase classname="ptolemy.util.test.junit.AutoTests" name="[67] /home/travis/build/icyphy/ptII/ptolemy/domains/continuous/test/auto/IncreasingRatePoisson.xml (RunModel)" time="0.817" />
  <testcase classname="ptolemy.util.test.junit.AutoTests" name="[68] /home/travis/build/icyphy/ptII/ptolemy/domains/continuous/test/auto/InitialStateFeedback.xml (RunModel)" time="0.012" />
  <testcase classname="ptolemy.util.test.junit.AutoTests" name="[69] /home/travis/build/icyphy/ptII/ptolemy/domains/continuous/test/auto/Integration.xml (RunModel)" time="0.01" />
  <testcase classname="ptolemy.util.test.junit.AutoTests" name="[70] /home/travis/build/icyphy/ptII/ptolemy/domains/continuous/test/auto/Integration2.xml (RunModel)" time="0.09" />
  <testcase classname="ptolemy.util.test.junit.AutoTests" name="[71] /home/travis/build/icyphy/ptII/ptolemy/domains/continuous/test/auto/Integration3.xml (RunModel)" time="0.013" />
  <testcase classname="ptolemy.util.test.junit.AutoTests" name="[72] /home/travis/build/icyphy/ptII/ptolemy/domains/continuous/test/auto/Integration5.xml (RunModel)" time="0.012" />
  <testcase classname="ptolemy.util.test.junit.AutoTests" name="[73] /home/travis/build/icyphy/ptII/ptolemy/domains/continuous/test/auto/IntegratorImpulse.xml (RunModel)" time="0.01" />
  <testcase classname="ptolemy.util.test.junit.AutoTests" name="[74] /home/travis/build/icyphy/ptII/ptolemy/domains/continuous/test/auto/IntegratorImpulse2.xml (RunModel)" time="0.02" />
  <testcase classname="ptolemy.util.test.junit.AutoTests" name="[75] /home/travis/build/icyphy/ptII/ptolemy/domains/continuous/test/auto/LevelCrossing1.xml (RunModel)" time="0.012" />
  <testcase classname="ptolemy.util.test.junit.AutoTests" name="[76] /home/travis/build/icyphy/ptII/ptolemy/domains/continuous/test/auto/LevelCrossing2.xml (RunModel)" time="0.018" />
  <testcase classname="ptolemy.util.test.junit.AutoTests" name="[77] /home/travis/build/icyphy/ptII/ptolemy/domains/continuous/test/auto/LevelCrossing3.xml (RunModel)" time="0.012" />
  <testcase classname="ptolemy.util.test.junit.AutoTests" name="[78] /home/travis/build/icyphy/ptII/ptolemy/domains/continuous/test/auto/LevelCrossing4.xml (RunModel)" time="0.018" />
  <testcase classname="ptolemy.util.test.junit.AutoTests" name="[79] /home/travis/build/icyphy/ptII/ptolemy/domains/continuous/test/auto/LevelCrossing5.xml (RunModel)" time="0.014" />
  <testcase classname="ptolemy.util.test.junit.AutoTests" name="[80] /home/travis/build/icyphy/ptII/ptolemy/domains/continuous/test/auto/LevelCrossing6.xml (RunModel)" time="0.013" />
  <testcase classname="ptolemy.util.test.junit.AutoTests" name="[81] /home/travis/build/icyphy/ptII/ptolemy/domains/continuous/test/auto/LevelCrossingDetector.xml (RunModel)" time="0.042" />
  <testcase classname="ptolemy.util.test.junit.AutoTests" name="[82] /home/travis/build/icyphy/ptII/ptolemy/domains/continuous/test/auto/LevelCrossingDetectorDetectingDirections.xml (RunModel)" time="0.09" />
  <testcase classname="ptolemy.util.test.junit.AutoTests" name="[83] /home/travis/build/icyphy/ptII/ptolemy/domains/continuous/test/auto/LevelCrossingDetectorDetectsGlitches.xml (RunModel)" time="0.06" />
  <testcase classname="ptolemy.util.test.junit.AutoTests" name="[84] /home/travis/build/icyphy/ptII/ptolemy/domains/continuous/test/auto/LevelCrossingNoInitialOuput.xml (RunModel)" time="0.014" />
  <testcase classname="ptolemy.util.test.junit.AutoTests" name="[85] /home/travis/build/icyphy/ptII/ptolemy/domains/continuous/test/auto/LinearStateSpaceExample.xml (RunModel)" time="0.082" />
  <testcase classname="ptolemy.util.test.junit.AutoTests" name="[86] /home/travis/build/icyphy/ptII/ptolemy/domains/continuous/test/auto/Lorenz.xml (RunModel)" time="3.445" />
  <testcase classname="ptolemy.util.test.junit.AutoTests" name="[87] /home/travis/build/icyphy/ptII/ptolemy/domains/continuous/test/auto/LorenzDifferentialSystem.xml (RunModel)" time="0.985" />
  <testcase classname="ptolemy.util.test.junit.AutoTests" name="[88] /home/travis/build/icyphy/ptII/ptolemy/domains/continuous/test/auto/LorenzDifferentialSystemWithInput.xml (RunModel)" time="1.332" />
  <testcase classname="ptolemy.util.test.junit.AutoTests" name="[89] /home/travis/build/icyphy/ptII/ptolemy/domains/continuous/test/auto/LorenzDifferentialSystemWithTime.xml (RunModel)" time="0.804" />
  <testcase classname="ptolemy.util.test.junit.AutoTests" name="[90] /home/travis/build/icyphy/ptII/ptolemy/domains/continuous/test/auto/Microsteps.xml (RunModel)" time="0.035" />
  <testcase classname="ptolemy.util.test.junit.AutoTests" name="[91] /home/travis/build/icyphy/ptII/ptolemy/domains/continuous/test/auto/Modal1.xml (RunModel)" time="0.035" />
  <testcase classname="ptolemy.util.test.junit.AutoTests" name="[92] /home/travis/build/icyphy/ptII/ptolemy/domains/continuous/test/auto/Modal2.xml (RunModel)" time="0.038" />
  <testcase classname="ptolemy.util.test.junit.AutoTests" name="[93] /home/travis/build/icyphy/ptII/ptolemy/domains/continuous/test/auto/ModalTransitionGuardWithReset.xml (RunModel)" time="0.034" />
  <testcase classname="ptolemy.util.test.junit.AutoTests" name="[94] /home/travis/build/icyphy/ptII/ptolemy/domains/continuous/test/auto/ModalTransitionGuardWithResetUsingPreemptiveTransition.xml (RunModel)" time="0.031" />
  <testcase classname="ptolemy.util.test.junit.AutoTests" name="[95] /home/travis/build/icyphy/ptII/ptolemy/domains/continuous/test/auto/ModalTransitionGuardWithResetUsingPreemptiveTransition2.xml (RunModel)" time="0.027" />
  <testcase classname="ptolemy.util.test.junit.AutoTests" name="[96] /home/travis/build/icyphy/ptII/ptolemy/domains/continuous/test/auto/ModalTransitionGuardWithResetUsingPreemptiveTransition3.xml (RunModel)" time="0.027" />
  <testcase classname="ptolemy.util.test.junit.AutoTests" name="[97] /home/travis/build/icyphy/ptII/ptolemy/domains/continuous/test/auto/NewtonsCradle.xml (RunModel)" time="0.844" />
  <testcase classname="ptolemy.util.test.junit.AutoTests" name="[98] /home/travis/build/icyphy/ptII/ptolemy/domains/continuous/test/auto/NewtonsCradleAnimated.xml (RunModel)" time="1.334" />
  <testcase classname="ptolemy.util.test.junit.AutoTests" name="[99] /home/travis/build/icyphy/ptII/ptolemy/domains/continuous/test/auto/NewtonsCradleComplicated.xml (RunModel)" time="1.011" />
  <testcase classname="ptolemy.util.test.junit.AutoTests" name="[100] /home/travis/build/icyphy/ptII/ptolemy/domains/continuous/test/auto/NewtonsCradleNondeterministic.xml (RunModel)" time="0.844" />
  <testcase classname="ptolemy.util.test.junit.AutoTests" name="[101] /home/travis/build/icyphy/ptII/ptolemy/domains/continuous/test/auto/NewtonsCradlePerfectlyInelastic1.xml (RunModel)" time="1.324" />
  <testcase classname="ptolemy.util.test.junit.AutoTests" name="[102] /home/travis/build/icyphy/ptII/ptolemy/domains/continuous/test/auto/Noise.xml (RunModel)" time="0.196" />
  <testcase classname="ptolemy.util.test.junit.AutoTests" name="[103] /home/travis/build/icyphy/ptII/ptolemy/domains/continuous/test/auto/NoiseSpectrum.xml (RunModel)" time="0.727" />
  <testcase classname="ptolemy.util.test.junit.AutoTests" name="[104] /home/travis/build/icyphy/ptII/ptolemy/domains/continuous/test/auto/ParameterizedNewtonsCradleAnimated.xml (RunModel)" time="0.372" />
  <testcase classname="ptolemy.util.test.junit.AutoTests" name="[105] /home/travis/build/icyphy/ptII/ptolemy/domains/continuous/test/auto/ParameterizedNewtonsCradleAnimatedNondeterministic.xml (RunModel)" time="1.178" />
  <testcase classname="ptolemy.util.test.junit.AutoTests" name="[106] /home/travis/build/icyphy/ptII/ptolemy/domains/continuous/test/auto/Pendulum3D.xml (RunModel)" time="0.164" />
  <testcase classname="ptolemy.util.test.junit.AutoTests" name="[107] /home/travis/build/icyphy/ptII/ptolemy/domains/continuous/test/auto/PeriodicSampler.xml (RunModel)" time="0.014" />
  <testcase classname="ptolemy.util.test.junit.AutoTests" name="[108] /home/travis/build/icyphy/ptII/ptolemy/domains/continuous/test/auto/PeriodicSampler1.xml (RunModel)" time="0.046" />
  <testcase classname="ptolemy.util.test.junit.AutoTests" name="[109] /home/travis/build/icyphy/ptII/ptolemy/domains/continuous/test/auto/PeriodicSampler2.xml (RunModel)" time="0.077" />
  <testcase classname="ptolemy.util.test.junit.AutoTests" name="[110] /home/travis/build/icyphy/ptII/ptolemy/domains/continuous/test/auto/Poisson.xml (RunModel)" time="0.49" />
  <testcase classname="ptolemy.util.test.junit.AutoTests" name="[111] /home/travis/build/icyphy/ptII/ptolemy/domains/continuous/test/auto/PoissonClock.xml (RunModel)" time="0.014" />
  <testcase classname="ptolemy.util.test.junit.AutoTests" name="[112] /home/travis/build/icyphy/ptII/ptolemy/domains/continuous/test/auto/PoissonClock2.xml (RunModel)" time="0.013" />
  <testcase classname="ptolemy.util.test.junit.AutoTests" name="[113] /home/travis/build/icyphy/ptII/ptolemy/domains/continuous/test/auto/PortParameterHierarchy.xml (RunModel)" time="0.025" />
  <testcase classname="ptolemy.util.test.junit.AutoTests" name="[114] /home/travis/build/icyphy/ptII/ptolemy/domains/continuous/test/auto/RandomHybridPlant.xml (RunModel)" time="0.547" />
  <testcase classname="ptolemy.util.test.junit.AutoTests" name="[115] /home/travis/build/icyphy/ptII/ptolemy/domains/continuous/test/auto/ResetTransitionWithStartTime1.xml (RunModel)" time="0.034" />
  <testcase classname="ptolemy.util.test.junit.AutoTests" name="[116] /home/travis/build/icyphy/ptII/ptolemy/domains/continuous/test/auto/ResetTransitionWithStartTime2.xml (RunModel)" time="0.041" />
  <testcase classname="ptolemy.util.test.junit.AutoTests" name="[117] /home/travis/build/icyphy/ptII/ptolemy/domains/continuous/test/auto/ResetTransitionWithStartTime3.xml (RunModel)" time="0.036" />
  <testcase classname="ptolemy.util.test.junit.AutoTests" name="[118] /home/travis/build/icyphy/ptII/ptolemy/domains/continuous/test/auto/ResetTransitionWithStartTime4.xml (RunModel)" time="0.028" />
  <testcase classname="ptolemy.util.test.junit.AutoTests" name="[119] /home/travis/build/icyphy/ptII/ptolemy/domains/continuous/test/auto/ResetTransitionWithStartTime5.xml (RunModel)" time="0.034" />
  <testcase classname="ptolemy.util.test.junit.AutoTests" name="[120] /home/travis/build/icyphy/ptII/ptolemy/domains/continuous/test/auto/ResetTransitionWithStartTime6.xml (RunModel)" time="0.029" />
  <testcase classname="ptolemy.util.test.junit.AutoTests" name="[121] /home/travis/build/icyphy/ptII/ptolemy/domains/continuous/test/auto/SRinContinuous.xml (RunModel)" time="0.021" />
  <testcase classname="ptolemy.util.test.junit.AutoTests" name="[122] /home/travis/build/icyphy/ptII/ptolemy/domains/continuous/test/auto/SampledClocks.xml (RunModel)" time="0.031" />
  <testcase classname="ptolemy.util.test.junit.AutoTests" name="[123] /home/travis/build/icyphy/ptII/ptolemy/domains/continuous/test/auto/Satellite.xml (RunModel)" time="0.74" />
  <testcase classname="ptolemy.util.test.junit.AutoTests" name="[124] /home/travis/build/icyphy/ptII/ptolemy/domains/continuous/test/auto/SigmaDelta.xml (RunModel)" time="2.212" />
  <testcase classname="ptolemy.util.test.junit.AutoTests" name="[125] /home/travis/build/icyphy/ptII/ptolemy/domains/continuous/test/auto/SingleRefinement.xml (RunModel)" time="0.436" />
  <testcase classname="ptolemy.util.test.junit.AutoTests" name="[126] /home/travis/build/icyphy/ptII/ptolemy/domains/continuous/test/auto/SinuBouncingBall.xml (RunModel)" time="0.832" />
  <testcase classname="ptolemy.util.test.junit.AutoTests" name="[127] /home/travis/build/icyphy/ptII/ptolemy/domains/continuous/test/auto/Sinusoid.xml (RunModel)" time="0.018" />
  <testcase classname="ptolemy.util.test.junit.AutoTests" name="[128] /home/travis/build/icyphy/ptII/ptolemy/domains/continuous/test/auto/SinusoidInNoise.xml (RunModel)" time="0.832" />
  <testcase classname="ptolemy.util.test.junit.AutoTests" name="[129] /home/travis/build/icyphy/ptII/ptolemy/domains/continuous/test/auto/SinusoidRK45.xml (RunModel)" time="0.014" />
  <testcase classname="ptolemy.util.test.junit.AutoTests" name="[130] /home/travis/build/icyphy/ptII/ptolemy/domains/continuous/test/auto/SinusoidWithMultipleImpulses.xml (RunModel)" time="0.01" />
  <testcase classname="ptolemy.util.test.junit.AutoTests" name="[131] /home/travis/build/icyphy/ptII/ptolemy/domains/continuous/test/auto/SquareWave.xml (RunModel)" time="0.172" />
  <testcase classname="ptolemy.util.test.junit.AutoTests" name="[132] /home/travis/build/icyphy/ptII/ptolemy/domains/continuous/test/auto/Starmac.xml (RunModel)" time="3.425" />
  <testcase classname="ptolemy.util.test.junit.AutoTests" name="[133] /home/travis/build/icyphy/ptII/ptolemy/domains/continuous/test/auto/StaticUnits.xml (RunModel)" time="2.453" />
  <testcase classname="ptolemy.util.test.junit.AutoTests" name="[134] /home/travis/build/icyphy/ptII/ptolemy/domains/continuous/test/auto/StickyMasses.xml (RunModel)" time="0.199" />
  <testcase classname="ptolemy.util.test.junit.AutoTests" name="[135] /home/travis/build/icyphy/ptII/ptolemy/domains/continuous/test/auto/StopTime.xml (RunModel)" time="0.083" />
  <testcase classname="ptolemy.util.test.junit.AutoTests" name="[136] /home/travis/build/icyphy/ptII/ptolemy/domains/continuous/test/auto/StopTime2.xml (RunModel)" time="0.075" />
  <testcase classname="ptolemy.util.test.junit.AutoTests" name="[137] /home/travis/build/icyphy/ptII/ptolemy/domains/continuous/test/auto/Switch.xml (RunModel)" time="0.064" />
  <testcase classname="ptolemy.util.test.junit.AutoTests" name="[138] /home/travis/build/icyphy/ptII/ptolemy/domains/continuous/test/auto/Thermostat.xml (RunModel)" time="0.222" />
  <testcase classname="ptolemy.util.test.junit.AutoTests" name="[139] /home/travis/build/icyphy/ptII/ptolemy/domains/continuous/test/auto/TimeDelay.xml (RunModel)" time="0.013" />
  <testcase classname="ptolemy.util.test.junit.AutoTests" name="[140] /home/travis/build/icyphy/ptII/ptolemy/domains/continuous/test/auto/TimeDelay2.xml (RunModel)" time="0.046" />
  <testcase classname="ptolemy.util.test.junit.AutoTests" name="[141] /home/travis/build/icyphy/ptII/ptolemy/domains/continuous/test/auto/TimeDelay3.xml (RunModel)" time="0.012" />
  <testcase classname="ptolemy.util.test.junit.AutoTests" name="[142] /home/travis/build/icyphy/ptII/ptolemy/domains/continuous/test/auto/TransferAbsentToInside.xml (RunModel)" time="0.118" />
  <testcase classname="ptolemy.util.test.junit.AutoTests" name="[143] /home/travis/build/icyphy/ptII/ptolemy/domains/continuous/test/auto/Transmission.xml (RunModel)" time="0.823" />
  <testcase classname="ptolemy.util.test.junit.AutoTests" name="[144] /home/travis/build/icyphy/ptII/ptolemy/domains/continuous/test/auto/TriggeredContinuousClock.xml (RunModel)" time="0.062" />
  <testcase classname="ptolemy.util.test.junit.AutoTests" name="[145] /home/travis/build/icyphy/ptII/ptolemy/domains/continuous/test/auto/TwoMachineInfiniteBusControl.xml (RunModel)" time="2.59" />
  <testcase classname="ptolemy.util.test.junit.AutoTests" name="[146] /home/travis/build/icyphy/ptII/ptolemy/domains/continuous/test/auto/V2V.xml (RunModel)" time="0.814" />
  <testcase classname="ptolemy.util.test.junit.AutoTests" name="[147] /home/travis/build/icyphy/ptII/ptolemy/domains/continuous/test/auto/hierarchicalModalModel.xml (RunModel)" time="0.038" />
  <testcase classname="ptolemy.util.test.junit.AutoTests" name="[148] /home/travis/build/icyphy/ptII/ptolemy/domains/continuous/test/auto/hierarchicalModalModel1.xml (RunModel)" time="0.03" />
  <testcase classname="ptolemy.util.test.junit.AutoTests" name="[149] /home/travis/build/icyphy/ptII/ptolemy/domains/continuous/test/auto/hierarchicalModalModel2.xml (RunModel)" time="0.025" />
  <testcase classname="ptolemy.util.test.junit.AutoTests" name="[150] /home/travis/build/icyphy/ptII/ptolemy/domains/continuous/test/auto/hierarchicalModalModel3.xml (RunModel)" time="0.021" />
  <testcase classname="ptolemy.util.test.junit.AutoTests" name="[151] /home/travis/build/icyphy/ptII/ptolemy/domains/continuous/test/auto/hierarchicalModalModel4.xml (RunModel)" time="0.025" />
  <testcase classname="ptolemy.util.test.junit.AutoTests" name="[152] /home/travis/build/icyphy/ptII/ptolemy/domains/continuous/test/auto/junk.xml (RunModel)" time="0.134" />
  <system-out><![CDATA[No tcl tests in /home/travis/build/icyphy/ptII/ptolemy/domains/continuous/test
No auto/knownFailedTests/*.xml tests in /home/travis/build/icyphy/ptII/ptolemy/domains/continuous/test
No auto/linux-amd64/*.xml tests in /home/travis/build/icyphy/ptII/ptolemy/domains/continuous/test
AutoTests.java: About to close Vertx.
AutoTests.java: Vertx closed.

===========================================================================================
----------------- testing Fri Feb 21 07:00:16 UTC 2020 /home/travis/build/icyphy/ptII/ptolemy/domains/continuous/test/auto/BouncingBall.xml
----------------- Instantiating /home/travis/build/icyphy/ptII/ptolemy/domains/continuous/test/auto/BouncingBall.xml
2329 ms. Memory: 155648K Free: 92281K (59%)
----------------- Invoking toplevel() on ptolemy.moml.MoMLSimpleApplication@34cb5e90
----------------- Done invoking toplevel() on ptolemy.moml.MoMLSimpleApplication@34cb5e90
reloadAllAccessors: .BouncingBall

===========================================================================================
----------------- testing Fri Feb 21 07:00:18 UTC 2020 /home/travis/build/icyphy/ptII/ptolemy/domains/continuous/test/auto/BouncingBallWithoutGR.xml
----------------- Instantiating /home/travis/build/icyphy/ptII/ptolemy/domains/continuous/test/auto/BouncingBallWithoutGR.xml
726 ms. Memory: 187392K Free: 126061K (67%)
----------------- Invoking toplevel() on ptolemy.moml.MoMLSimpleApplication@44725ea1
----------------- Done invoking toplevel() on ptolemy.moml.MoMLSimpleApplication@44725ea1
reloadAllAccessors: .BouncingBallWithoutGR

===========================================================================================
----------------- testing Fri Feb 21 07:00:19 UTC 2020 /home/travis/build/icyphy/ptII/ptolemy/domains/continuous/test/auto/Brownian.xml
----------------- Instantiating /home/travis/build/icyphy/ptII/ptolemy/domains/continuous/test/auto/Brownian.xml
26 ms. Memory: 187392K Free: 116845K (62%)
----------------- Invoking toplevel() on ptolemy.moml.MoMLSimpleApplication@116da583
----------------- Done invoking toplevel() on ptolemy.moml.MoMLSimpleApplication@116da583
reloadAllAccessors: .Brownian

===========================================================================================
----------------- testing Fri Feb 21 07:00:19 UTC 2020 /home/travis/build/icyphy/ptII/ptolemy/domains/continuous/test/auto/CarTracking.xml
----------------- Instantiating /home/travis/build/icyphy/ptII/ptolemy/domains/continuous/test/auto/CarTracking.xml
3591 ms. Memory: 225280K Free: 125112K (56%)
----------------- Invoking toplevel() on ptolemy.moml.MoMLSimpleApplication@3371bd07
----------------- Done invoking toplevel() on ptolemy.moml.MoMLSimpleApplication@3371bd07
reloadAllAccessors: .CarTracking

===========================================================================================
----------------- testing Fri Feb 21 07:00:23 UTC 2020 /home/travis/build/icyphy/ptII/ptolemy/domains/continuous/test/auto/CartPendulum.xml
----------------- Instantiating /home/travis/build/icyphy/ptII/ptolemy/domains/continuous/test/auto/CartPendulum.xml
405 ms. Memory: 225280K Free: 164379K (73%)
----------------- Invoking toplevel() on ptolemy.moml.MoMLSimpleApplication@72a6a8a5
----------------- Done invoking toplevel() on ptolemy.moml.MoMLSimpleApplication@72a6a8a5
reloadAllAccessors: .CartPendulum

===========================================================================================
----------------- testing Fri Feb 21 07:00:24 UTC 2020 /home/travis/build/icyphy/ptII/ptolemy/domains/continuous/test/auto/CausalityInterface10.xml
----------------- Instantiating /home/travis/build/icyphy/ptII/ptolemy/domains/continuous/test/auto/CausalityInterface10.xml
7 ms. Memory: 225280K Free: 153625K (68%)
----------------- Invoking toplevel() on ptolemy.moml.MoMLSimpleApplication@350417f2
----------------- Done invoking toplevel() on ptolemy.moml.MoMLSimpleApplication@350417f2
reloadAllAccessors: .CausalityInterface10

===========================================================================================
----------------- testing Fri Feb 21 07:00:24 UTC 2020 /home/travis/build/icyphy/ptII/ptolemy/domains/continuous/test/auto/CausalityInterface11.xml
----------------- Instantiating /home/travis/build/icyphy/ptII/ptolemy/domains/continuous/test/auto/CausalityInterface11.xml
9 ms. Memory: 225280K Free: 147481K (65%)
----------------- Invoking toplevel() on ptolemy.moml.MoMLSimpleApplication@7548b1c7
----------------- Done invoking toplevel() on ptolemy.moml.MoMLSimpleApplication@7548b1c7
reloadAllAccessors: .CausalityInterface11

===========================================================================================
----------------- testing Fri Feb 21 07:00:24 UTC 2020 /home/travis/build/icyphy/ptII/ptolemy/domains/continuous/test/auto/CausalityInterface12.xml
----------------- Instantiating /home/travis/build/icyphy/ptII/ptolemy/domains/continuous/test/auto/CausalityInterface12.xml
13 ms. Memory: 225280K Free: 141337K (63%)
----------------- Invoking toplevel() on ptolemy.moml.MoMLSimpleApplication@313bcb2c
----------------- Done invoking toplevel() on ptolemy.moml.MoMLSimpleApplication@313bcb2c
reloadAllAccessors: .CausalityInterface12

===========================================================================================
----------------- testing Fri Feb 21 07:00:24 UTC 2020 /home/travis/build/icyphy/ptII/ptolemy/domains/continuous/test/auto/CausalityInterface13.xml
----------------- Instantiating /home/travis/build/icyphy/ptII/ptolemy/domains/continuous/test/auto/CausalityInterface13.xml
7 ms. Memory: 225280K Free: 135193K (60%)
----------------- Invoking toplevel() on ptolemy.moml.MoMLSimpleApplication@207f14aa
----------------- Done invoking toplevel() on ptolemy.moml.MoMLSimpleApplication@207f14aa
reloadAllAccessors: .CausalityInterface13

===========================================================================================
----------------- testing Fri Feb 21 07:00:24 UTC 2020 /home/travis/build/icyphy/ptII/ptolemy/domains/continuous/test/auto/CausalityInterface14.xml
----------------- Instantiating /home/travis/build/icyphy/ptII/ptolemy/domains/continuous/test/auto/CausalityInterface14.xml
4 ms. Memory: 225280K Free: 129544K (58%)
----------------- Invoking toplevel() on ptolemy.moml.MoMLSimpleApplication@5ebd6ce
----------------- Done invoking toplevel() on ptolemy.moml.MoMLSimpleApplication@5ebd6ce
reloadAllAccessors: .CausalityInterface14

===========================================================================================
----------------- testing Fri Feb 21 07:00:24 UTC 2020 /home/travis/build/icyphy/ptII/ptolemy/domains/continuous/test/auto/CausalityInterface4.xml
----------------- Instantiating /home/travis/build/icyphy/ptII/ptolemy/domains/continuous/test/auto/CausalityInterface4.xml
3 ms. Memory: 225280K Free: 122905K (55%)
----------------- Invoking toplevel() on ptolemy.moml.MoMLSimpleApplication@58b8f375
----------------- Done invoking toplevel() on ptolemy.moml.MoMLSimpleApplication@58b8f375
reloadAllAccessors: .CausalityInterface4

===========================================================================================
----------------- testing Fri Feb 21 07:00:24 UTC 2020 /home/travis/build/icyphy/ptII/ptolemy/domains/continuous/test/auto/CausalityInterface5.xml
----------------- Instantiating /home/travis/build/icyphy/ptII/ptolemy/domains/continuous/test/auto/CausalityInterface5.xml
4 ms. Memory: 225280K Free: 114713K (51%)
----------------- Invoking toplevel() on ptolemy.moml.MoMLSimpleApplication@6c0e5cdd
----------------- Done invoking toplevel() on ptolemy.moml.MoMLSimpleApplication@6c0e5cdd
reloadAllAccessors: .CausalityInterface5

===========================================================================================
----------------- testing Fri Feb 21 07:00:24 UTC 2020 /home/travis/build/icyphy/ptII/ptolemy/domains/continuous/test/auto/CausalityInterface6.xml
----------------- Instantiating /home/travis/build/icyphy/ptII/ptolemy/domains/continuous/test/auto/CausalityInterface6.xml
7 ms. Memory: 225280K Free: 109593K (49%)
----------------- Invoking toplevel() on ptolemy.moml.MoMLSimpleApplication@23d89f6a
----------------- Done invoking toplevel() on ptolemy.moml.MoMLSimpleApplication@23d89f6a
reloadAllAccessors: .CausalityInterface6

===========================================================================================
----------------- testing Fri Feb 21 07:00:24 UTC 2020 /home/travis/build/icyphy/ptII/ptolemy/domains/continuous/test/auto/CausalityInterface7.xml
----------------- Instantiating /home/travis/build/icyphy/ptII/ptolemy/domains/continuous/test/auto/CausalityInterface7.xml
11 ms. Memory: 225280K Free: 100887K (45%)
----------------- Invoking toplevel() on ptolemy.moml.MoMLSimpleApplication@64eff02f
----------------- Done invoking toplevel() on ptolemy.moml.MoMLSimpleApplication@64eff02f
reloadAllAccessors: .CausalityInterface7

===========================================================================================
----------------- testing Fri Feb 21 07:00:24 UTC 2020 /home/travis/build/icyphy/ptII/ptolemy/domains/continuous/test/auto/CausalityInterface8.xml
----------------- Instantiating /home/travis/build/icyphy/ptII/ptolemy/domains/continuous/test/auto/CausalityInterface8.xml
8 ms. Memory: 225280K Free: 91671K (41%)
----------------- Invoking toplevel() on ptolemy.moml.MoMLSimpleApplication@7aee8853
----------------- Done invoking toplevel() on ptolemy.moml.MoMLSimpleApplication@7aee8853
reloadAllAccessors: .CausalityInterface8

===========================================================================================
----------------- testing Fri Feb 21 07:00:24 UTC 2020 /home/travis/build/icyphy/ptII/ptolemy/domains/continuous/test/auto/CausalityInterface9.xml
----------------- Instantiating /home/travis/build/icyphy/ptII/ptolemy/domains/continuous/test/auto/CausalityInterface9.xml
12 ms. Memory: 225280K Free: 80921K (36%)
----------------- Invoking toplevel() on ptolemy.moml.MoMLSimpleApplication@35070c62
----------------- Done invoking toplevel() on ptolemy.moml.MoMLSimpleApplication@35070c62
reloadAllAccessors: .CausalityInterface9

===========================================================================================
----------------- testing Fri Feb 21 07:00:24 UTC 2020 /home/travis/build/icyphy/ptII/ptolemy/domains/continuous/test/auto/CausalityInterfaceFeedback1.xml
----------------- Instantiating /home/travis/build/icyphy/ptII/ptolemy/domains/continuous/test/auto/CausalityInterfaceFeedback1.xml
4 ms. Memory: 270336K Free: 252681K (93%)
----------------- Invoking toplevel() on ptolemy.moml.MoMLSimpleApplication@2783345
----------------- Done invoking toplevel() on ptolemy.moml.MoMLSimpleApplication@2783345
reloadAllAccessors: .CausalityInterfaceFeedback1

===========================================================================================
----------------- testing Fri Feb 21 07:00:24 UTC 2020 /home/travis/build/icyphy/ptII/ptolemy/domains/continuous/test/auto/CausalityInterfaceFeedback2.xml
----------------- Instantiating /home/travis/build/icyphy/ptII/ptolemy/domains/continuous/test/auto/CausalityInterfaceFeedback2.xml
4 ms. Memory: 270336K Free: 246041K (91%)
----------------- Invoking toplevel() on ptolemy.moml.MoMLSimpleApplication@48ce0e9c
----------------- Done invoking toplevel() on ptolemy.moml.MoMLSimpleApplication@48ce0e9c
reloadAllAccessors: .CausalityInterfaceFeedback2

===========================================================================================
----------------- testing Fri Feb 21 07:00:24 UTC 2020 /home/travis/build/icyphy/ptII/ptolemy/domains/continuous/test/auto/CompareWithCurrentTime.xml
----------------- Instantiating /home/travis/build/icyphy/ptII/ptolemy/domains/continuous/test/auto/CompareWithCurrentTime.xml
3 ms. Memory: 270336K Free: 241945K (89%)
----------------- Invoking toplevel() on ptolemy.moml.MoMLSimpleApplication@61167d47
----------------- Done invoking toplevel() on ptolemy.moml.MoMLSimpleApplication@61167d47
reloadAllAccessors: .CompareWithCurrentTime

===========================================================================================
----------------- testing Fri Feb 21 07:00:24 UTC 2020 /home/travis/build/icyphy/ptII/ptolemy/domains/continuous/test/auto/ComparedClocks.xml
----------------- Instantiating /home/travis/build/icyphy/ptII/ptolemy/domains/continuous/test/auto/ComparedClocks.xml
7 ms. Memory: 270336K Free: 227081K (84%)
----------------- Invoking toplevel() on ptolemy.moml.MoMLSimpleApplication@574c81d1
----------------- Done invoking toplevel() on ptolemy.moml.MoMLSimpleApplication@574c81d1
reloadAllAccessors: .ComparedClocks

===========================================================================================
----------------- testing Fri Feb 21 07:00:25 UTC 2020 /home/travis/build/icyphy/ptII/ptolemy/domains/continuous/test/auto/ContinuousAOCClone.xml
----------------- Instantiating /home/travis/build/icyphy/ptII/ptolemy/domains/continuous/test/auto/ContinuousAOCClone.xml
2280 ms. Memory: 270336K Free: 185964K (69%)
----------------- Invoking toplevel() on ptolemy.moml.MoMLSimpleApplication@6c7fa236
----------------- Done invoking toplevel() on ptolemy.moml.MoMLSimpleApplication@6c7fa236
reloadAllAccessors: .ContinuousAOCClone

===========================================================================================
----------------- testing Fri Feb 21 07:00:27 UTC 2020 /home/travis/build/icyphy/ptII/ptolemy/domains/continuous/test/auto/ContinuousClock.xml
----------------- Instantiating /home/travis/build/icyphy/ptII/ptolemy/domains/continuous/test/auto/ContinuousClock.xml
36 ms. Memory: 270336K Free: 164460K (61%)
----------------- Invoking toplevel() on ptolemy.moml.MoMLSimpleApplication@5d7da3ea
----------------- Done invoking toplevel() on ptolemy.moml.MoMLSimpleApplication@5d7da3ea
reloadAllAccessors: .ContinuousClock

===========================================================================================
----------------- testing Fri Feb 21 07:00:27 UTC 2020 /home/travis/build/icyphy/ptII/ptolemy/domains/continuous/test/auto/ContinuousInContinuous.xml
----------------- Instantiating /home/travis/build/icyphy/ptII/ptolemy/domains/continuous/test/auto/ContinuousInContinuous.xml
41 ms. Memory: 270336K Free: 140908K (52%)
----------------- Invoking toplevel() on ptolemy.moml.MoMLSimpleApplication@5c1e9d78
----------------- Done invoking toplevel() on ptolemy.moml.MoMLSimpleApplication@5c1e9d78
reloadAllAccessors: .ContinuousInContinuous

===========================================================================================
----------------- testing Fri Feb 21 07:00:27 UTC 2020 /home/travis/build/icyphy/ptII/ptolemy/domains/continuous/test/auto/ContinuousInContinuousInContinuous.xml
----------------- Instantiating /home/travis/build/icyphy/ptII/ptolemy/domains/continuous/test/auto/ContinuousInContinuousInContinuous.xml
6 ms. Memory: 270336K Free: 133226K (49%)
----------------- Invoking toplevel() on ptolemy.moml.MoMLSimpleApplication@133c512b
----------------- Done invoking toplevel() on ptolemy.moml.MoMLSimpleApplication@133c512b
reloadAllAccessors: .ContinuousInContinuousInContinuous

===========================================================================================
----------------- testing Fri Feb 21 07:00:27 UTC 2020 /home/travis/build/icyphy/ptII/ptolemy/domains/continuous/test/auto/ContinuousInDE.xml
----------------- Instantiating /home/travis/build/icyphy/ptII/ptolemy/domains/continuous/test/auto/ContinuousInDE.xml
93 ms. Memory: 270336K Free: 122476K (45%)
----------------- Invoking toplevel() on ptolemy.moml.MoMLSimpleApplication@270c3784
----------------- Done invoking toplevel() on ptolemy.moml.MoMLSimpleApplication@270c3784
reloadAllAccessors: .ContinuousInDE

===========================================================================================
----------------- testing Fri Feb 21 07:00:27 UTC 2020 /home/travis/build/icyphy/ptII/ptolemy/domains/continuous/test/auto/ContinuousInDE2.xml
----------------- Instantiating /home/travis/build/icyphy/ptII/ptolemy/domains/continuous/test/auto/ContinuousInDE2.xml
29 ms. Memory: 270336K Free: 112746K (42%)
----------------- Invoking toplevel() on ptolemy.moml.MoMLSimpleApplication@1114fc2b
----------------- Done invoking toplevel() on ptolemy.moml.MoMLSimpleApplication@1114fc2b
reloadAllAccessors: .ContinuousInDE2

===========================================================================================
----------------- testing Fri Feb 21 07:00:27 UTC 2020 /home/travis/build/icyphy/ptII/ptolemy/domains/continuous/test/auto/ContinuousInDE3.xml
----------------- Instantiating /home/travis/build/icyphy/ptII/ptolemy/domains/continuous/test/auto/ContinuousInDE3.xml
34 ms. Memory: 270336K Free: 103020K (38%)
----------------- Invoking toplevel() on ptolemy.moml.MoMLSimpleApplication@1ae5219e
----------------- Done invoking toplevel() on ptolemy.moml.MoMLSimpleApplication@1ae5219e
reloadAllAccessors: .ContinuousInDE3

===========================================================================================
----------------- testing Fri Feb 21 07:00:28 UTC 2020 /home/travis/build/icyphy/ptII/ptolemy/domains/continuous/test/auto/ContinuousInDE4.xml
----------------- Instantiating /home/travis/build/icyphy/ptII/ptolemy/domains/continuous/test/auto/ContinuousInDE4.xml
14 ms. Memory: 270336K Free: 96362K (36%)
----------------- Invoking toplevel() on ptolemy.moml.MoMLSimpleApplication@781c8a6
----------------- Done invoking toplevel() on ptolemy.moml.MoMLSimpleApplication@781c8a6
reloadAllAccessors: .ContinuousInDE4

===========================================================================================
----------------- testing Fri Feb 21 07:00:28 UTC 2020 /home/travis/build/icyphy/ptII/ptolemy/domains/continuous/test/auto/ContinuousInDEDifferentRefinements.xml
----------------- Instantiating /home/travis/build/icyphy/ptII/ptolemy/domains/continuous/test/auto/ContinuousInDEDifferentRefinements.xml
58 ms. Memory: 270336K Free: 225873K (84%)
----------------- Invoking toplevel() on ptolemy.moml.MoMLSimpleApplication@527ca553
----------------- Done invoking toplevel() on ptolemy.moml.MoMLSimpleApplication@527ca553
reloadAllAccessors: .ContinuousInDEDifferentRefinements

===========================================================================================
----------------- testing Fri Feb 21 07:00:28 UTC 2020 /home/travis/build/icyphy/ptII/ptolemy/domains/continuous/test/auto/ContinuousInDEDifferentRefinementsPreemptive.xml
----------------- Instantiating /home/travis/build/icyphy/ptII/ptolemy/domains/continuous/test/auto/ContinuousInDEDifferentRefinementsPreemptive.xml
45 ms. Memory: 270336K Free: 195137K (72%)
----------------- Invoking toplevel() on ptolemy.moml.MoMLSimpleApplication@e6e2571
----------------- Done invoking toplevel() on ptolemy.moml.MoMLSimpleApplication@e6e2571
reloadAllAccessors: .ContinuousInDEDifferentRefinementsPreemptive

===========================================================================================
----------------- testing Fri Feb 21 07:00:28 UTC 2020 /home/travis/build/icyphy/ptII/ptolemy/domains/continuous/test/auto/ContinuousInDEInContinuous2.xml
----------------- Instantiating /home/travis/build/icyphy/ptII/ptolemy/domains/continuous/test/auto/ContinuousInDEInContinuous2.xml
29 ms. Memory: 270336K Free: 183903K (68%)
----------------- Invoking toplevel() on ptolemy.moml.MoMLSimpleApplication@f630d3b
----------------- Done invoking toplevel() on ptolemy.moml.MoMLSimpleApplication@f630d3b
reloadAllAccessors: .ContinuousInDEInContinuous2

===========================================================================================
----------------- testing Fri Feb 21 07:00:28 UTC 2020 /home/travis/build/icyphy/ptII/ptolemy/domains/continuous/test/auto/ContinuousInDEInContinuous3.xml
----------------- Instantiating /home/travis/build/icyphy/ptII/ptolemy/domains/continuous/test/auto/ContinuousInDEInContinuous3.xml
29 ms. Memory: 270336K Free: 171615K (63%)
----------------- Invoking toplevel() on ptolemy.moml.MoMLSimpleApplication@1a9cd1d2
----------------- Done invoking toplevel() on ptolemy.moml.MoMLSimpleApplication@1a9cd1d2
reloadAllAccessors: .ContinuousInDEInContinuous3

===========================================================================================
----------------- testing Fri Feb 21 07:00:28 UTC 2020 /home/travis/build/icyphy/ptII/ptolemy/domains/continuous/test/auto/ContinuousInDEInput.xml
----------------- Instantiating /home/travis/build/icyphy/ptII/ptolemy/domains/continuous/test/auto/ContinuousInDEInput.xml
13 ms. Memory: 270336K Free: 164447K (61%)
----------------- Invoking toplevel() on ptolemy.moml.MoMLSimpleApplication@28ad72aa
----------------- Done invoking toplevel() on ptolemy.moml.MoMLSimpleApplication@28ad72aa
reloadAllAccessors: .ContinuousInDEInput

===========================================================================================
----------------- testing Fri Feb 21 07:00:28 UTC 2020 /home/travis/build/icyphy/ptII/ptolemy/domains/continuous/test/auto/ContinuousInDEInput2.xml
----------------- Instantiating /home/travis/build/icyphy/ptII/ptolemy/domains/continuous/test/auto/ContinuousInDEInput2.xml
25 ms. Memory: 270336K Free: 157279K (58%)
----------------- Invoking toplevel() on ptolemy.moml.MoMLSimpleApplication@10f92088
----------------- Done invoking toplevel() on ptolemy.moml.MoMLSimpleApplication@10f92088
reloadAllAccessors: .ContinuousInDEInput2

===========================================================================================
----------------- testing Fri Feb 21 07:00:28 UTC 2020 /home/travis/build/icyphy/ptII/ptolemy/domains/continuous/test/auto/ContinuousInDEInput3.xml
----------------- Instantiating /home/travis/build/icyphy/ptII/ptolemy/domains/continuous/test/auto/ContinuousInDEInput3.xml
11 ms. Memory: 270336K Free: 150111K (56%)
----------------- Invoking toplevel() on ptolemy.moml.MoMLSimpleApplication@5a96a0b3
----------------- Done invoking toplevel() on ptolemy.moml.MoMLSimpleApplication@5a96a0b3
reloadAllAccessors: .ContinuousInDEInput3

===========================================================================================
----------------- testing Fri Feb 21 07:00:28 UTC 2020 /home/travis/build/icyphy/ptII/ptolemy/domains/continuous/test/auto/ContinuousInDESharingRefinement.xml
----------------- Instantiating /home/travis/build/icyphy/ptII/ptolemy/domains/continuous/test/auto/ContinuousInDESharingRefinement.xml
135 ms. Memory: 270336K Free: 216720K (80%)
----------------- Invoking toplevel() on ptolemy.moml.MoMLSimpleApplication@43528d9b
----------------- Done invoking toplevel() on ptolemy.moml.MoMLSimpleApplication@43528d9b
reloadAllAccessors: .ContinuousInDESharingRefinement

===========================================================================================
----------------- testing Fri Feb 21 07:00:28 UTC 2020 /home/travis/build/icyphy/ptII/ptolemy/domains/continuous/test/auto/ContinuousInDEwithNoPorts.xml
----------------- Instantiating /home/travis/build/icyphy/ptII/ptolemy/domains/continuous/test/auto/ContinuousInDEwithNoPorts.xml
5 ms. Memory: 270336K Free: 212144K (78%)
----------------- Invoking toplevel() on ptolemy.moml.MoMLSimpleApplication@18a1b951
----------------- Done invoking toplevel() on ptolemy.moml.MoMLSimpleApplication@18a1b951
reloadAllAccessors: .ContinuousInDEwithNoPorts

===========================================================================================
----------------- testing Fri Feb 21 07:00:28 UTC 2020 /home/travis/build/icyphy/ptII/ptolemy/domains/continuous/test/auto/ContinuousInsideDE.xml
----------------- Instantiating /home/travis/build/icyphy/ptII/ptolemy/domains/continuous/test/auto/ContinuousInsideDE.xml
29 ms. Memory: 270336K Free: 200880K (74%)
----------------- Invoking toplevel() on ptolemy.moml.MoMLSimpleApplication@6b794b3d
----------------- Done invoking toplevel() on ptolemy.moml.MoMLSimpleApplication@6b794b3d
reloadAllAccessors: .ContinuousInsideDE

===========================================================================================
----------------- testing Fri Feb 21 07:00:28 UTC 2020 /home/travis/build/icyphy/ptII/ptolemy/domains/continuous/test/auto/ContinuousMerge1.xml
----------------- Instantiating /home/travis/build/icyphy/ptII/ptolemy/domains/continuous/test/auto/ContinuousMerge1.xml
2 ms. Memory: 270336K Free: 196256K (73%)
----------------- Invoking toplevel() on ptolemy.moml.MoMLSimpleApplication@6fba3476
----------------- Done invoking toplevel() on ptolemy.moml.MoMLSimpleApplication@6fba3476
reloadAllAccessors: .ContinuousMerge1

===========================================================================================
----------------- testing Fri Feb 21 07:00:28 UTC 2020 /home/travis/build/icyphy/ptII/ptolemy/domains/continuous/test/auto/ContinuousMerge2.xml
----------------- Instantiating /home/travis/build/icyphy/ptII/ptolemy/domains/continuous/test/auto/ContinuousMerge2.xml
11 ms. Memory: 270336K Free: 186030K (69%)
----------------- Invoking toplevel() on ptolemy.moml.MoMLSimpleApplication@242c4400
----------------- Done invoking toplevel() on ptolemy.moml.MoMLSimpleApplication@242c4400
reloadAllAccessors: .ContinuousMerge2

===========================================================================================
----------------- testing Fri Feb 21 07:00:28 UTC 2020 /home/travis/build/icyphy/ptII/ptolemy/domains/continuous/test/auto/ContinuousMerge3.xml
----------------- Instantiating /home/travis/build/icyphy/ptII/ptolemy/domains/continuous/test/auto/ContinuousMerge3.xml
33 ms. Memory: 270336K Free: 175280K (65%)
----------------- Invoking toplevel() on ptolemy.moml.MoMLSimpleApplication@6d57b96
----------------- Done invoking toplevel() on ptolemy.moml.MoMLSimpleApplication@6d57b96
reloadAllAccessors: .ContinuousMerge3

===========================================================================================
----------------- testing Fri Feb 21 07:00:28 UTC 2020 /home/travis/build/icyphy/ptII/ptolemy/domains/continuous/test/auto/ContinuousWithinContinuous.xml
----------------- Instantiating /home/travis/build/icyphy/ptII/ptolemy/domains/continuous/test/auto/ContinuousWithinContinuous.xml
28 ms. Memory: 270336K Free: 166064K (61%)
----------------- Invoking toplevel() on ptolemy.moml.MoMLSimpleApplication@39874ed6
----------------- Done invoking toplevel() on ptolemy.moml.MoMLSimpleApplication@39874ed6
reloadAllAccessors: .ContinuousWithinContinuous

===========================================================================================
----------------- testing Fri Feb 21 07:00:28 UTC 2020 /home/travis/build/icyphy/ptII/ptolemy/domains/continuous/test/auto/ContinuousWithinContinuous2.xml
----------------- Instantiating /home/travis/build/icyphy/ptII/ptolemy/domains/continuous/test/auto/ContinuousWithinContinuous2.xml
58 ms. Memory: 270336K Free: 155824K (58%)
----------------- Invoking toplevel() on ptolemy.moml.MoMLSimpleApplication@28569cf
----------------- Done invoking toplevel() on ptolemy.moml.MoMLSimpleApplication@28569cf
reloadAllAccessors: .ContinuousWithinContinuous2

===========================================================================================
----------------- testing Fri Feb 21 07:00:29 UTC 2020 /home/travis/build/icyphy/ptII/ptolemy/domains/continuous/test/auto/ContinuousWithinContinuous3.xml
----------------- Instantiating /home/travis/build/icyphy/ptII/ptolemy/domains/continuous/test/auto/ContinuousWithinContinuous3.xml
12 ms. Memory: 270336K Free: 148656K (55%)
----------------- Invoking toplevel() on ptolemy.moml.MoMLSimpleApplication@e7212cd
----------------- Done invoking toplevel() on ptolemy.moml.MoMLSimpleApplication@e7212cd
reloadAllAccessors: .ContinuousWithinContinuous3

===========================================================================================
----------------- testing Fri Feb 21 07:00:29 UTC 2020 /home/travis/build/icyphy/ptII/ptolemy/domains/continuous/test/auto/ContinuousWithinContinuous4.xml
----------------- Instantiating /home/travis/build/icyphy/ptII/ptolemy/domains/continuous/test/auto/ContinuousWithinContinuous4.xml
58 ms. Memory: 270336K Free: 136368K (50%)
----------------- Invoking toplevel() on ptolemy.moml.MoMLSimpleApplication@1b2dcd5a
----------------- Done invoking toplevel() on ptolemy.moml.MoMLSimpleApplication@1b2dcd5a
reloadAllAccessors: .ContinuousWithinContinuous4

===========================================================================================
----------------- testing Fri Feb 21 07:00:29 UTC 2020 /home/travis/build/icyphy/ptII/ptolemy/domains/continuous/test/auto/ContinuousWithinContinuous5.xml
----------------- Instantiating /home/travis/build/icyphy/ptII/ptolemy/domains/continuous/test/auto/ContinuousWithinContinuous5.xml
14 ms. Memory: 270336K Free: 129200K (48%)
----------------- Invoking toplevel() on ptolemy.moml.MoMLSimpleApplication@464bfc9b
----------------- Done invoking toplevel() on ptolemy.moml.MoMLSimpleApplication@464bfc9b
reloadAllAccessors: .ContinuousWithinContinuous5

===========================================================================================
----------------- testing Fri Feb 21 07:00:29 UTC 2020 /home/travis/build/icyphy/ptII/ptolemy/domains/continuous/test/auto/ContinuousWithinContinuous6.xml
----------------- Instantiating /home/travis/build/icyphy/ptII/ptolemy/domains/continuous/test/auto/ContinuousWithinContinuous6.xml
19 ms. Memory: 270336K Free: 122032K (45%)
----------------- Invoking toplevel() on ptolemy.moml.MoMLSimpleApplication@372d3cfe
----------------- Done invoking toplevel() on ptolemy.moml.MoMLSimpleApplication@372d3cfe
reloadAllAccessors: .ContinuousWithinContinuous6

===========================================================================================
----------------- testing Fri Feb 21 07:00:29 UTC 2020 /home/travis/build/icyphy/ptII/ptolemy/domains/continuous/test/auto/ContinuousWithinContinuous7.xml
----------------- Instantiating /home/travis/build/icyphy/ptII/ptolemy/domains/continuous/test/auto/ContinuousWithinContinuous7.xml
46 ms. Memory: 270336K Free: 111278K (41%)
----------------- Invoking toplevel() on ptolemy.moml.MoMLSimpleApplication@56d6f443
----------------- Done invoking toplevel() on ptolemy.moml.MoMLSimpleApplication@56d6f443
reloadAllAccessors: .ContinuousWithinContinuous7

===========================================================================================
----------------- testing Fri Feb 21 07:00:29 UTC 2020 /home/travis/build/icyphy/ptII/ptolemy/domains/continuous/test/auto/DCMotor.xml
----------------- Instantiating /home/travis/build/icyphy/ptII/ptolemy/domains/continuous/test/auto/DCMotor.xml
13120 ms. Memory: 270336K Free: 103130K (38%)
----------------- Invoking toplevel() on ptolemy.moml.MoMLSimpleApplication@36044fae
----------------- Done invoking toplevel() on ptolemy.moml.MoMLSimpleApplication@36044fae
reloadAllAccessors: .DCMotor

===========================================================================================
----------------- testing Fri Feb 21 07:00:42 UTC 2020 /home/travis/build/icyphy/ptII/ptolemy/domains/continuous/test/auto/DEInContinuous.xml
----------------- Instantiating /home/travis/build/icyphy/ptII/ptolemy/domains/continuous/test/auto/DEInContinuous.xml
17 ms. Memory: 270336K Free: 96986K (36%)
----------------- Invoking toplevel() on ptolemy.moml.MoMLSimpleApplication@7de1774d
----------------- Done invoking toplevel() on ptolemy.moml.MoMLSimpleApplication@7de1774d
reloadAllAccessors: .DEInContinuous

===========================================================================================
----------------- testing Fri Feb 21 07:00:42 UTC 2020 /home/travis/build/icyphy/ptII/ptolemy/domains/continuous/test/auto/DEinContinuous2.xml
----------------- Instantiating /home/travis/build/icyphy/ptII/ptolemy/domains/continuous/test/auto/DEinContinuous2.xml
10 ms. Memory: 270336K Free: 249735K (92%)
----------------- Invoking toplevel() on ptolemy.moml.MoMLSimpleApplication@1158a135
----------------- Done invoking toplevel() on ptolemy.moml.MoMLSimpleApplication@1158a135
reloadAllAccessors: .DEinContinuous2

===========================================================================================
----------------- testing Fri Feb 21 07:00:42 UTC 2020 /home/travis/build/icyphy/ptII/ptolemy/domains/continuous/test/auto/Derivative.xml
----------------- Instantiating /home/travis/build/icyphy/ptII/ptolemy/domains/continuous/test/auto/Derivative.xml
129 ms. Memory: 270336K Free: 220053K (81%)
----------------- Invoking toplevel() on ptolemy.moml.MoMLSimpleApplication@3df6e4f1
----------------- Done invoking toplevel() on ptolemy.moml.MoMLSimpleApplication@3df6e4f1
reloadAllAccessors: .Derivative2

===========================================================================================
----------------- testing Fri Feb 21 07:00:42 UTC 2020 /home/travis/build/icyphy/ptII/ptolemy/domains/continuous/test/auto/Derivative1.xml
----------------- Instantiating /home/travis/build/icyphy/ptII/ptolemy/domains/continuous/test/auto/Derivative1.xml
37 ms. Memory: 270336K Free: 205717K (76%)
----------------- Invoking toplevel() on ptolemy.moml.MoMLSimpleApplication@5e1eb93d
----------------- Done invoking toplevel() on ptolemy.moml.MoMLSimpleApplication@5e1eb93d
reloadAllAccessors: .Derivative1

===========================================================================================
----------------- testing Fri Feb 21 07:00:42 UTC 2020 /home/travis/build/icyphy/ptII/ptolemy/domains/continuous/test/auto/DiscreteClock.xml
----------------- Instantiating /home/travis/build/icyphy/ptII/ptolemy/domains/continuous/test/auto/DiscreteClock.xml
9 ms. Memory: 270336K Free: 200597K (74%)
----------------- Invoking toplevel() on ptolemy.moml.MoMLSimpleApplication@20f0a73e
----------------- Done invoking toplevel() on ptolemy.moml.MoMLSimpleApplication@20f0a73e
reloadAllAccessors: .DiscreteClock

===========================================================================================
----------------- testing Fri Feb 21 07:00:42 UTC 2020 /home/travis/build/icyphy/ptII/ptolemy/domains/continuous/test/auto/EfficiencyCurve.xml
----------------- Instantiating /home/travis/build/icyphy/ptII/ptolemy/domains/continuous/test/auto/EfficiencyCurve.xml
68 ms. Memory: 270336K Free: 191381K (71%)
----------------- Invoking toplevel() on ptolemy.moml.MoMLSimpleApplication@27fec1c9
----------------- Done invoking toplevel() on ptolemy.moml.MoMLSimpleApplication@27fec1c9
reloadAllAccessors: .EfficiencyCurve

===========================================================================================
----------------- testing Fri Feb 21 07:00:42 UTC 2020 /home/travis/build/icyphy/ptII/ptolemy/domains/continuous/test/auto/ExponentialResponse.xml
----------------- Instantiating /home/travis/build/icyphy/ptII/ptolemy/domains/continuous/test/auto/ExponentialResponse.xml
95 ms. Memory: 270336K Free: 175511K (65%)
----------------- Invoking toplevel() on ptolemy.moml.MoMLSimpleApplication@7208786
----------------- Done invoking toplevel() on ptolemy.moml.MoMLSimpleApplication@7208786
reloadAllAccessors: .ExponentialResponse

===========================================================================================
----------------- testing Fri Feb 21 07:00:43 UTC 2020 /home/travis/build/icyphy/ptII/ptolemy/domains/continuous/test/auto/ExponentialResponseRK45.xml
----------------- Instantiating /home/travis/build/icyphy/ptII/ptolemy/domains/continuous/test/auto/ExponentialResponseRK45.xml
23 ms. Memory: 270336K Free: 168853K (62%)
----------------- Invoking toplevel() on ptolemy.moml.MoMLSimpleApplication@52d8a635
----------------- Done invoking toplevel() on ptolemy.moml.MoMLSimpleApplication@52d8a635
reloadAllAccessors: .ExponentialResponseRK45

===========================================================================================
----------------- testing Fri Feb 21 07:00:43 UTC 2020 /home/travis/build/icyphy/ptII/ptolemy/domains/continuous/test/auto/Friction.xml
----------------- Instantiating /home/travis/build/icyphy/ptII/ptolemy/domains/continuous/test/auto/Friction.xml
1669 ms. Memory: 270336K Free: 224407K (83%)
----------------- Invoking toplevel() on ptolemy.moml.MoMLSimpleApplication@683bab7a
----------------- Done invoking toplevel() on ptolemy.moml.MoMLSimpleApplication@683bab7a
reloadAllAccessors: .Friction

===========================================================================================
----------------- testing Fri Feb 21 07:00:44 UTC 2020 /home/travis/build/icyphy/ptII/ptolemy/domains/continuous/test/auto/FurutaPendulum.xml
----------------- Instantiating /home/travis/build/icyphy/ptII/ptolemy/domains/continuous/test/auto/FurutaPendulum.xml
3327 ms. Memory: 270336K Free: 185942K (69%)
----------------- Invoking toplevel() on ptolemy.moml.MoMLSimpleApplication@4dc19971
----------------- Done invoking toplevel() on ptolemy.moml.MoMLSimpleApplication@4dc19971
reloadAllAccessors: .FurutaPendulum

===========================================================================================
----------------- testing Fri Feb 21 07:00:48 UTC 2020 /home/travis/build/icyphy/ptII/ptolemy/domains/continuous/test/auto/HierarchicalExecution.xml
----------------- Instantiating /home/travis/build/icyphy/ptII/ptolemy/domains/continuous/test/auto/HierarchicalExecution.xml
2006 ms. Memory: 270336K Free: 207735K (77%)
----------------- Invoking toplevel() on ptolemy.moml.MoMLSimpleApplication@46ecaca2
----------------- Done invoking toplevel() on ptolemy.moml.MoMLSimpleApplication@46ecaca2
reloadAllAccessors: .HierarchicalExecution

===========================================================================================
----------------- testing Fri Feb 21 07:00:50 UTC 2020 /home/travis/build/icyphy/ptII/ptolemy/domains/continuous/test/auto/HybridPlant.xml
----------------- Instantiating /home/travis/build/icyphy/ptII/ptolemy/domains/continuous/test/auto/HybridPlant.xml
539 ms. Memory: 270336K Free: 104141K (39%)
----------------- Invoking toplevel() on ptolemy.moml.MoMLSimpleApplication@44ae4719
----------------- Done invoking toplevel() on ptolemy.moml.MoMLSimpleApplication@44ae4719
reloadAllAccessors: .HybridPlant

===========================================================================================
----------------- testing Fri Feb 21 07:00:51 UTC 2020 /home/travis/build/icyphy/ptII/ptolemy/domains/continuous/test/auto/Hysteresis.xml
----------------- Instantiating /home/travis/build/icyphy/ptII/ptolemy/domains/continuous/test/auto/Hysteresis.xml
149 ms. Memory: 270336K Free: 202673K (75%)
----------------- Invoking toplevel() on ptolemy.moml.MoMLSimpleApplication@5a344fdb
----------------- Done invoking toplevel() on ptolemy.moml.MoMLSimpleApplication@5a344fdb
reloadAllAccessors: .Hysteresis

===========================================================================================
----------------- testing Fri Feb 21 07:00:51 UTC 2020 /home/travis/build/icyphy/ptII/ptolemy/domains/continuous/test/auto/HysteresisWithRandomDelay.xml
----------------- Instantiating /home/travis/build/icyphy/ptII/ptolemy/domains/continuous/test/auto/HysteresisWithRandomDelay.xml
193 ms. Memory: 270336K Free: 131503K (49%)
----------------- Invoking toplevel() on ptolemy.moml.MoMLSimpleApplication@86f013d
----------------- Done invoking toplevel() on ptolemy.moml.MoMLSimpleApplication@86f013d
reloadAllAccessors: .HysteresisWithRandomDelay

===========================================================================================
----------------- testing Fri Feb 21 07:00:51 UTC 2020 /home/travis/build/icyphy/ptII/ptolemy/domains/continuous/test/auto/HysteresisWithRandomLosses.xml
----------------- Instantiating /home/travis/build/icyphy/ptII/ptolemy/domains/continuous/test/auto/HysteresisWithRandomLosses.xml
2467 ms. Memory: 270336K Free: 200771K (74%)
----------------- Invoking toplevel() on ptolemy.moml.MoMLSimpleApplication@3dc880f6
----------------- Done invoking toplevel() on ptolemy.moml.MoMLSimpleApplication@3dc880f6
reloadAllAccessors: .HysteresisWithRandomLosses

===========================================================================================
----------------- testing Fri Feb 21 07:00:54 UTC 2020 /home/travis/build/icyphy/ptII/ptolemy/domains/continuous/test/auto/ImmediateTransitions.xml
----------------- Instantiating /home/travis/build/icyphy/ptII/ptolemy/domains/continuous/test/auto/ImmediateTransitions.xml
10 ms. Memory: 270336K Free: 190003K (70%)
----------------- Invoking toplevel() on ptolemy.moml.MoMLSimpleApplication@8f3b433
----------------- Done invoking toplevel() on ptolemy.moml.MoMLSimpleApplication@8f3b433
reloadAllAccessors: .ImmediateTransitions

===========================================================================================
----------------- testing Fri Feb 21 07:00:54 UTC 2020 /home/travis/build/icyphy/ptII/ptolemy/domains/continuous/test/auto/ImpulseFeedback.xml
----------------- Instantiating /home/travis/build/icyphy/ptII/ptolemy/domains/continuous/test/auto/ImpulseFeedback.xml
7 ms. Memory: 270336K Free: 184387K (68%)
----------------- Invoking toplevel() on ptolemy.moml.MoMLSimpleApplication@56993e71
----------------- Done invoking toplevel() on ptolemy.moml.MoMLSimpleApplication@56993e71
reloadAllAccessors: .ImpulseFeedback

===========================================================================================
----------------- testing Fri Feb 21 07:00:54 UTC 2020 /home/travis/build/icyphy/ptII/ptolemy/domains/continuous/test/auto/ImpulseFeedback2.xml
----------------- Instantiating /home/travis/build/icyphy/ptII/ptolemy/domains/continuous/test/auto/ImpulseFeedback2.xml
5 ms. Memory: 270336K Free: 178753K (66%)
----------------- Invoking toplevel() on ptolemy.moml.MoMLSimpleApplication@41237894
----------------- Done invoking toplevel() on ptolemy.moml.MoMLSimpleApplication@41237894
reloadAllAccessors: .ImpulseFeedback2

===========================================================================================
----------------- testing Fri Feb 21 07:00:54 UTC 2020 /home/travis/build/icyphy/ptII/ptolemy/domains/continuous/test/auto/IncreasingRatePoisson.xml
----------------- Instantiating /home/travis/build/icyphy/ptII/ptolemy/domains/continuous/test/auto/IncreasingRatePoisson.xml
790 ms. Memory: 270336K Free: 181302K (67%)
----------------- Invoking toplevel() on ptolemy.moml.MoMLSimpleApplication@1898eef8
----------------- Done invoking toplevel() on ptolemy.moml.MoMLSimpleApplication@1898eef8
reloadAllAccessors: .IncreasingRatePoisson

===========================================================================================
----------------- testing Fri Feb 21 07:00:55 UTC 2020 /home/travis/build/icyphy/ptII/ptolemy/domains/continuous/test/auto/InitialStateFeedback.xml
----------------- Instantiating /home/travis/build/icyphy/ptII/ptolemy/domains/continuous/test/auto/InitialStateFeedback.xml
3 ms. Memory: 270336K Free: 176692K (65%)
----------------- Invoking toplevel() on ptolemy.moml.MoMLSimpleApplication@102d40af
----------------- Done invoking toplevel() on ptolemy.moml.MoMLSimpleApplication@102d40af
reloadAllAccessors: .InitialStateFeedback

===========================================================================================
----------------- testing Fri Feb 21 07:00:55 UTC 2020 /home/travis/build/icyphy/ptII/ptolemy/domains/continuous/test/auto/Integration.xml
----------------- Instantiating /home/travis/build/icyphy/ptII/ptolemy/domains/continuous/test/auto/Integration.xml
2 ms. Memory: 270336K Free: 172596K (64%)
----------------- Invoking toplevel() on ptolemy.moml.MoMLSimpleApplication@2268240f
----------------- Done invoking toplevel() on ptolemy.moml.MoMLSimpleApplication@2268240f
reloadAllAccessors: .Integration

===========================================================================================
----------------- testing Fri Feb 21 07:00:55 UTC 2020 /home/travis/build/icyphy/ptII/ptolemy/domains/continuous/test/auto/Integration2.xml
----------------- Instantiating /home/travis/build/icyphy/ptII/ptolemy/domains/continuous/test/auto/Integration2.xml
76 ms. Memory: 270336K Free: 158260K (59%)
----------------- Invoking toplevel() on ptolemy.moml.MoMLSimpleApplication@3f1e748f
----------------- Done invoking toplevel() on ptolemy.moml.MoMLSimpleApplication@3f1e748f
reloadAllAccessors: .Integration2

===========================================================================================
----------------- testing Fri Feb 21 07:00:55 UTC 2020 /home/travis/build/icyphy/ptII/ptolemy/domains/continuous/test/auto/Integration3.xml
----------------- Instantiating /home/travis/build/icyphy/ptII/ptolemy/domains/continuous/test/auto/Integration3.xml
2 ms. Memory: 270336K Free: 153654K (57%)
----------------- Invoking toplevel() on ptolemy.moml.MoMLSimpleApplication@3805112c
----------------- Done invoking toplevel() on ptolemy.moml.MoMLSimpleApplication@3805112c
reloadAllAccessors: .Integration3

===========================================================================================
----------------- testing Fri Feb 21 07:00:55 UTC 2020 /home/travis/build/icyphy/ptII/ptolemy/domains/continuous/test/auto/Integration5.xml
----------------- Instantiating /home/travis/build/icyphy/ptII/ptolemy/domains/continuous/test/auto/Integration5.xml
4 ms. Memory: 270336K Free: 149558K (55%)
----------------- Invoking toplevel() on ptolemy.moml.MoMLSimpleApplication@5e607938
----------------- Done invoking toplevel() on ptolemy.moml.MoMLSimpleApplication@5e607938
reloadAllAccessors: .Integration5

===========================================================================================
----------------- testing Fri Feb 21 07:00:55 UTC 2020 /home/travis/build/icyphy/ptII/ptolemy/domains/continuous/test/auto/IntegratorImpulse.xml
----------------- Instantiating /home/travis/build/icyphy/ptII/ptolemy/domains/continuous/test/auto/IntegratorImpulse.xml
2 ms. Memory: 270336K Free: 145462K (54%)
----------------- Invoking toplevel() on ptolemy.moml.MoMLSimpleApplication@7b16ef80
----------------- Done invoking toplevel() on ptolemy.moml.MoMLSimpleApplication@7b16ef80
reloadAllAccessors: .IntegratorImpulse

===========================================================================================
----------------- testing Fri Feb 21 07:00:55 UTC 2020 /home/travis/build/icyphy/ptII/ptolemy/domains/continuous/test/auto/IntegratorImpulse2.xml
----------------- Instantiating /home/travis/build/icyphy/ptII/ptolemy/domains/continuous/test/auto/IntegratorImpulse2.xml
3 ms. Memory: 270336K Free: 140822K (52%)
----------------- Invoking toplevel() on ptolemy.moml.MoMLSimpleApplication@6899ebe6
----------------- Done invoking toplevel() on ptolemy.moml.MoMLSimpleApplication@6899ebe6
reloadAllAccessors: .IntegratorImpulse2

===========================================================================================
----------------- testing Fri Feb 21 07:00:55 UTC 2020 /home/travis/build/icyphy/ptII/ptolemy/domains/continuous/test/auto/LevelCrossing1.xml
----------------- Instantiating /home/travis/build/icyphy/ptII/ptolemy/domains/continuous/test/auto/LevelCrossing1.xml
3 ms. Memory: 270336K Free: 135718K (50%)
----------------- Invoking toplevel() on ptolemy.moml.MoMLSimpleApplication@aa4bbaf
----------------- Done invoking toplevel() on ptolemy.moml.MoMLSimpleApplication@aa4bbaf
reloadAllAccessors: .LevelCrossing1

===========================================================================================
----------------- testing Fri Feb 21 07:00:55 UTC 2020 /home/travis/build/icyphy/ptII/ptolemy/domains/continuous/test/auto/LevelCrossing2.xml
----------------- Instantiating /home/travis/build/icyphy/ptII/ptolemy/domains/continuous/test/auto/LevelCrossing2.xml
9 ms. Memory: 270336K Free: 130598K (48%)
----------------- Invoking toplevel() on ptolemy.moml.MoMLSimpleApplication@6869c6ff
----------------- Done invoking toplevel() on ptolemy.moml.MoMLSimpleApplication@6869c6ff
reloadAllAccessors: .LevelCrossing2

===========================================================================================
----------------- testing Fri Feb 21 07:00:55 UTC 2020 /home/travis/build/icyphy/ptII/ptolemy/domains/continuous/test/auto/LevelCrossing3.xml
----------------- Instantiating /home/travis/build/icyphy/ptII/ptolemy/domains/continuous/test/auto/LevelCrossing3.xml
3 ms. Memory: 270336K Free: 125492K (46%)
----------------- Invoking toplevel() on ptolemy.moml.MoMLSimpleApplication@22a90856
----------------- Done invoking toplevel() on ptolemy.moml.MoMLSimpleApplication@22a90856
reloadAllAccessors: .LevelCrossing3

===========================================================================================
----------------- testing Fri Feb 21 07:00:55 UTC 2020 /home/travis/build/icyphy/ptII/ptolemy/domains/continuous/test/auto/LevelCrossing4.xml
----------------- Instantiating /home/travis/build/icyphy/ptII/ptolemy/domains/continuous/test/auto/LevelCrossing4.xml
3 ms. Memory: 270336K Free: 120372K (45%)
----------------- Invoking toplevel() on ptolemy.moml.MoMLSimpleApplication@4c691cdc
----------------- Done invoking toplevel() on ptolemy.moml.MoMLSimpleApplication@4c691cdc
reloadAllAccessors: .LevelCrossing4

===========================================================================================
----------------- testing Fri Feb 21 07:00:55 UTC 2020 /home/travis/build/icyphy/ptII/ptolemy/domains/continuous/test/auto/LevelCrossing5.xml
----------------- Instantiating /home/travis/build/icyphy/ptII/ptolemy/domains/continuous/test/auto/LevelCrossing5.xml
3 ms. Memory: 270336K Free: 115252K (43%)
----------------- Invoking toplevel() on ptolemy.moml.MoMLSimpleApplication@1f7b2a71
----------------- Done invoking toplevel() on ptolemy.moml.MoMLSimpleApplication@1f7b2a71
reloadAllAccessors: .LevelCrossing5

===========================================================================================
[...]
----------------- testing Fri Feb 21 07:01:12 UTC 2020 /home/travis/build/icyphy/ptII/ptolemy/domains/continuous/test/auto/SRinContinuous.xml
----------------- Instantiating /home/travis/build/icyphy/ptII/ptolemy/domains/continuous/test/auto/SRinContinuous.xml
4 ms. Memory: 270336K Free: 169197K (63%)
----------------- Invoking toplevel() on ptolemy.moml.MoMLSimpleApplication@672b73ba
----------------- Done invoking toplevel() on ptolemy.moml.MoMLSimpleApplication@672b73ba
reloadAllAccessors: .SRinContinuous

===========================================================================================
----------------- testing Fri Feb 21 07:01:12 UTC 2020 /home/travis/build/icyphy/ptII/ptolemy/domains/continuous/test/auto/SampledClocks.xml
----------------- Instantiating /home/travis/build/icyphy/ptII/ptolemy/domains/continuous/test/auto/SampledClocks.xml
5 ms. Memory: 270336K Free: 156395K (58%)
----------------- Invoking toplevel() on ptolemy.moml.MoMLSimpleApplication@35506f35
----------------- Done invoking toplevel() on ptolemy.moml.MoMLSimpleApplication@35506f35
reloadAllAccessors: .SampledClocks

===========================================================================================
----------------- testing Fri Feb 21 07:01:12 UTC 2020 /home/travis/build/icyphy/ptII/ptolemy/domains/continuous/test/auto/Satellite.xml
----------------- Instantiating /home/travis/build/icyphy/ptII/ptolemy/domains/continuous/test/auto/Satellite.xml
722 ms. Memory: 270336K Free: 117686K (44%)
----------------- Invoking toplevel() on ptolemy.moml.MoMLSimpleApplication@3968f69a
----------------- Done invoking toplevel() on ptolemy.moml.MoMLSimpleApplication@3968f69a
reloadAllAccessors: .Satellite

===========================================================================================
----------------- testing Fri Feb 21 07:01:12 UTC 2020 /home/travis/build/icyphy/ptII/ptolemy/domains/continuous/test/auto/SigmaDelta.xml
----------------- Instantiating /home/travis/build/icyphy/ptII/ptolemy/domains/continuous/test/auto/SigmaDelta.xml
2077 ms. Memory: 270336K Free: 172729K (64%)
----------------- Invoking toplevel() on ptolemy.moml.MoMLSimpleApplication@5bf43ab2
----------------- Done invoking toplevel() on ptolemy.moml.MoMLSimpleApplication@5bf43ab2
reloadAllAccessors: .SigmaDelta

===========================================================================================
----------------- testing Fri Feb 21 07:01:15 UTC 2020 /home/travis/build/icyphy/ptII/ptolemy/domains/continuous/test/auto/SingleRefinement.xml
----------------- Instantiating /home/travis/build/icyphy/ptII/ptolemy/domains/continuous/test/auto/SingleRefinement.xml
322 ms. Memory: 270336K Free: 148070K (55%)
----------------- Invoking toplevel() on ptolemy.moml.MoMLSimpleApplication@2bf32d1c
----------------- Done invoking toplevel() on ptolemy.moml.MoMLSimpleApplication@2bf32d1c
reloadAllAccessors: .SingleRefinement

===========================================================================================
----------------- testing Fri Feb 21 07:01:15 UTC 2020 /home/travis/build/icyphy/ptII/ptolemy/domains/continuous/test/auto/SinuBouncingBall.xml
----------------- Instantiating /home/travis/build/icyphy/ptII/ptolemy/domains/continuous/test/auto/SinuBouncingBall.xml
762 ms. Memory: 270336K Free: 249180K (92%)
----------------- Invoking toplevel() on ptolemy.moml.MoMLSimpleApplication@29dc23ea
----------------- Done invoking toplevel() on ptolemy.moml.MoMLSimpleApplication@29dc23ea
reloadAllAccessors: .SinuBouncingBall

===========================================================================================
----------------- testing Fri Feb 21 07:01:16 UTC 2020 /home/travis/build/icyphy/ptII/ptolemy/domains/continuous/test/auto/Sinusoid.xml
----------------- Instantiating /home/travis/build/icyphy/ptII/ptolemy/domains/continuous/test/auto/Sinusoid.xml
4 ms. Memory: 270336K Free: 244556K (90%)
----------------- Invoking toplevel() on ptolemy.moml.MoMLSimpleApplication@2404a9a3
----------------- Done invoking toplevel() on ptolemy.moml.MoMLSimpleApplication@2404a9a3
reloadAllAccessors: .Sinusoid

===========================================================================================
----------------- testing Fri Feb 21 07:01:16 UTC 2020 /home/travis/build/icyphy/ptII/ptolemy/domains/continuous/test/auto/SinusoidInNoise.xml
----------------- Instantiating /home/travis/build/icyphy/ptII/ptolemy/domains/continuous/test/auto/SinusoidInNoise.xml
795 ms. Memory: 270336K Free: 111964K (41%)
----------------- Invoking toplevel() on ptolemy.moml.MoMLSimpleApplication@441fc17c
----------------- Done invoking toplevel() on ptolemy.moml.MoMLSimpleApplication@441fc17c
reloadAllAccessors: .SinusoidInNoise

===========================================================================================
----------------- testing Fri Feb 21 07:01:17 UTC 2020 /home/travis/build/icyphy/ptII/ptolemy/domains/continuous/test/auto/SinusoidRK45.xml
----------------- Instantiating /home/travis/build/icyphy/ptII/ptolemy/domains/continuous/test/auto/SinusoidRK45.xml
3 ms. Memory: 270336K Free: 107868K (40%)
----------------- Invoking toplevel() on ptolemy.moml.MoMLSimpleApplication@4ba51ca0
----------------- Done invoking toplevel() on ptolemy.moml.MoMLSimpleApplication@4ba51ca0
reloadAllAccessors: .SinusoidRK45

===========================================================================================
----------------- testing Fri Feb 21 07:01:17 UTC 2020 /home/travis/build/icyphy/ptII/ptolemy/domains/continuous/test/auto/SinusoidWithMultipleImpulses.xml
----------------- Instantiating /home/travis/build/icyphy/ptII/ptolemy/domains/continuous/test/auto/SinusoidWithMultipleImpulses.xml
3 ms. Memory: 270336K Free: 103258K (38%)
----------------- Invoking toplevel() on ptolemy.moml.MoMLSimpleApplication@449d3d1d
----------------- Done invoking toplevel() on ptolemy.moml.MoMLSimpleApplication@449d3d1d
reloadAllAccessors: .SinusoidWithMultipleImpulses

===========================================================================================
----------------- testing Fri Feb 21 07:01:17 UTC 2020 /home/travis/build/icyphy/ptII/ptolemy/domains/continuous/test/auto/SquareWave.xml
----------------- Instantiating /home/travis/build/icyphy/ptII/ptolemy/domains/continuous/test/auto/SquareWave.xml
139 ms. Memory: 270336K Free: 236434K (87%)
----------------- Invoking toplevel() on ptolemy.moml.MoMLSimpleApplication@2d59a143
----------------- Done invoking toplevel() on ptolemy.moml.MoMLSimpleApplication@2d59a143
reloadAllAccessors: .SquareWave

===========================================================================================
----------------- testing Fri Feb 21 07:01:17 UTC 2020 /home/travis/build/icyphy/ptII/ptolemy/domains/continuous/test/auto/Starmac.xml
----------------- Instantiating /home/travis/build/icyphy/ptII/ptolemy/domains/continuous/test/auto/Starmac.xml
3089 ms. Memory: 270336K Free: 227813K (84%)
----------------- Invoking toplevel() on ptolemy.moml.MoMLSimpleApplication@4e6e4f60
----------------- Done invoking toplevel() on ptolemy.moml.MoMLSimpleApplication@4e6e4f60
reloadAllAccessors: .Starmac

===========================================================================================
----------------- testing Fri Feb 21 07:01:20 UTC 2020 /home/travis/build/icyphy/ptII/ptolemy/domains/continuous/test/auto/StaticUnits.xml
----------------- Instantiating /home/travis/build/icyphy/ptII/ptolemy/domains/continuous/test/auto/StaticUnits.xml
1781 ms. Memory: 270336K Free: 213455K (79%)
----------------- Invoking toplevel() on ptolemy.moml.MoMLSimpleApplication@7a9d5ba2
----------------- Done invoking toplevel() on ptolemy.moml.MoMLSimpleApplication@7a9d5ba2
reloadAllAccessors: .StaticUnits

===========================================================================================
----------------- testing Fri Feb 21 07:01:23 UTC 2020 /home/travis/build/icyphy/ptII/ptolemy/domains/continuous/test/auto/StickyMasses.xml
----------------- Instantiating /home/travis/build/icyphy/ptII/ptolemy/domains/continuous/test/auto/StickyMasses.xml
147 ms. Memory: 270336K Free: 164303K (61%)
----------------- Invoking toplevel() on ptolemy.moml.MoMLSimpleApplication@27563492
----------------- Done invoking toplevel() on ptolemy.moml.MoMLSimpleApplication@27563492
reloadAllAccessors: .StickyMasses

===========================================================================================
----------------- testing Fri Feb 21 07:01:23 UTC 2020 /home/travis/build/icyphy/ptII/ptolemy/domains/continuous/test/auto/StopTime.xml
----------------- Instantiating /home/travis/build/icyphy/ptII/ptolemy/domains/continuous/test/auto/StopTime.xml
53 ms. Memory: 270336K Free: 139727K (52%)
----------------- Invoking toplevel() on ptolemy.moml.MoMLSimpleApplication@11c01a6b
----------------- Done invoking toplevel() on ptolemy.moml.MoMLSimpleApplication@11c01a6b
reloadAllAccessors: .StopTime

===========================================================================================
----------------- testing Fri Feb 21 07:01:23 UTC 2020 /home/travis/build/icyphy/ptII/ptolemy/domains/continuous/test/auto/StopTime2.xml
----------------- Instantiating /home/travis/build/icyphy/ptII/ptolemy/domains/continuous/test/auto/StopTime2.xml
47 ms. Memory: 270336K Free: 117703K (44%)
----------------- Invoking toplevel() on ptolemy.moml.MoMLSimpleApplication@29cf73f2
----------------- Done invoking toplevel() on ptolemy.moml.MoMLSimpleApplication@29cf73f2
reloadAllAccessors: .StopTime2

===========================================================================================
----------------- testing Fri Feb 21 07:01:23 UTC 2020 /home/travis/build/icyphy/ptII/ptolemy/domains/continuous/test/auto/Switch.xml
----------------- Instantiating /home/travis/build/icyphy/ptII/ptolemy/domains/continuous/test/auto/Switch.xml
39 ms. Memory: 270336K Free: 93133K (34%)
----------------- Invoking toplevel() on ptolemy.moml.MoMLSimpleApplication@6541974a
----------------- Done invoking toplevel() on ptolemy.moml.MoMLSimpleApplication@6541974a
reloadAllAccessors: .Switch

===========================================================================================
----------------- testing Fri Feb 21 07:01:23 UTC 2020 /home/travis/build/icyphy/ptII/ptolemy/domains/continuous/test/auto/Thermostat.xml
----------------- Instantiating /home/travis/build/icyphy/ptII/ptolemy/domains/continuous/test/auto/Thermostat.xml
180 ms. Memory: 270336K Free: 179149K (66%)
----------------- Invoking toplevel() on ptolemy.moml.MoMLSimpleApplication@1c583909
----------------- Done invoking toplevel() on ptolemy.moml.MoMLSimpleApplication@1c583909
reloadAllAccessors: .Thermostat

===========================================================================================
----------------- testing Fri Feb 21 07:01:24 UTC 2020 /home/travis/build/icyphy/ptII/ptolemy/domains/continuous/test/auto/TimeDelay.xml
----------------- Instantiating /home/travis/build/icyphy/ptII/ptolemy/domains/continuous/test/auto/TimeDelay.xml
5 ms. Memory: 270336K Free: 174543K (65%)
----------------- Invoking toplevel() on ptolemy.moml.MoMLSimpleApplication@56fe84e
----------------- Done invoking toplevel() on ptolemy.moml.MoMLSimpleApplication@56fe84e
reloadAllAccessors: .TimeDelay

===========================================================================================
----------------- testing Fri Feb 21 07:01:24 UTC 2020 /home/travis/build/icyphy/ptII/ptolemy/domains/continuous/test/auto/TimeDelay2.xml
----------------- Instantiating /home/travis/build/icyphy/ptII/ptolemy/domains/continuous/test/auto/TimeDelay2.xml
7 ms. Memory: 270336K Free: 164813K (61%)
----------------- Invoking toplevel() on ptolemy.moml.MoMLSimpleApplication@53ca2460
----------------- Done invoking toplevel() on ptolemy.moml.MoMLSimpleApplication@53ca2460
reloadAllAccessors: .TimeDelay2

===========================================================================================
----------------- testing Fri Feb 21 07:01:24 UTC 2020 /home/travis/build/icyphy/ptII/ptolemy/domains/continuous/test/auto/TimeDelay3.xml
----------------- Instantiating /home/travis/build/icyphy/ptII/ptolemy/domains/continuous/test/auto/TimeDelay3.xml
5 ms. Memory: 270336K Free: 160205K (59%)
----------------- Invoking toplevel() on ptolemy.moml.MoMLSimpleApplication@44ca06db
----------------- Done invoking toplevel() on ptolemy.moml.MoMLSimpleApplication@44ca06db
reloadAllAccessors: .TimeDelay3

===========================================================================================
----------------- testing Fri Feb 21 07:01:24 UTC 2020 /home/travis/build/icyphy/ptII/ptolemy/domains/continuous/test/auto/TransferAbsentToInside.xml
----------------- Instantiating /home/travis/build/icyphy/ptII/ptolemy/domains/continuous/test/auto/TransferAbsentToInside.xml
30 ms. Memory: 270336K Free: 106431K (39%)
----------------- Invoking toplevel() on ptolemy.moml.MoMLSimpleApplication@19fc5b7f
----------------- Done invoking toplevel() on ptolemy.moml.MoMLSimpleApplication@19fc5b7f
reloadAllAccessors: .TransferAbsentToInside

===========================================================================================
----------------- testing Fri Feb 21 07:01:24 UTC 2020 /home/travis/build/icyphy/ptII/ptolemy/domains/continuous/test/auto/Transmission.xml
----------------- Instantiating /home/travis/build/icyphy/ptII/ptolemy/domains/continuous/test/auto/Transmission.xml
792 ms. Memory: 270336K Free: 187832K (69%)
----------------- Invoking toplevel() on ptolemy.moml.MoMLSimpleApplication@5ceed0f2
----------------- Done invoking toplevel() on ptolemy.moml.MoMLSimpleApplication@5ceed0f2
reloadAllAccessors: .Transmission

===========================================================================================
----------------- testing Fri Feb 21 07:01:25 UTC 2020 /home/travis/build/icyphy/ptII/ptolemy/domains/continuous/test/auto/TriggeredContinuousClock.xml
----------------- Instantiating /home/travis/build/icyphy/ptII/ptolemy/domains/continuous/test/auto/TriggeredContinuousClock.xml
35 ms. Memory: 270336K Free: 158657K (59%)
----------------- Invoking toplevel() on ptolemy.moml.MoMLSimpleApplication@6651e9b1
----------------- Done invoking toplevel() on ptolemy.moml.MoMLSimpleApplication@6651e9b1
reloadAllAccessors: .TriggeredContinuousClock

===========================================================================================
----------------- testing Fri Feb 21 07:01:25 UTC 2020 /home/travis/build/icyphy/ptII/ptolemy/domains/continuous/test/auto/TwoMachineInfiniteBusControl.xml
----------------- Instantiating /home/travis/build/icyphy/ptII/ptolemy/domains/continuous/test/auto/TwoMachineInfiniteBusControl.xml
2472 ms. Memory: 324608K Free: 293770K (90%)
----------------- Invoking toplevel() on ptolemy.moml.MoMLSimpleApplication@e095559
----------------- Done invoking toplevel() on ptolemy.moml.MoMLSimpleApplication@e095559
reloadAllAccessors: .TwoMachineInfiniteBusControl

===========================================================================================
----------------- testing Fri Feb 21 07:01:27 UTC 2020 /home/travis/build/icyphy/ptII/ptolemy/domains/continuous/test/auto/V2V.xml
----------------- Instantiating /home/travis/build/icyphy/ptII/ptolemy/domains/continuous/test/auto/V2V.xml
724 ms. Memory: 324608K Free: 296834K (91%)
----------------- Invoking toplevel() on ptolemy.moml.MoMLSimpleApplication@34b1d7c3
----------------- Done invoking toplevel() on ptolemy.moml.MoMLSimpleApplication@34b1d7c3
reloadAllAccessors: .V2V

===========================================================================================
----------------- testing Fri Feb 21 07:01:28 UTC 2020 /home/travis/build/icyphy/ptII/ptolemy/domains/continuous/test/auto/hierarchicalModalModel.xml
----------------- Instantiating /home/travis/build/icyphy/ptII/ptolemy/domains/continuous/test/auto/hierarchicalModalModel.xml
9 ms. Memory: 324608K Free: 282483K (87%)
----------------- Invoking toplevel() on ptolemy.moml.MoMLSimpleApplication@75f87b4e
----------------- Done invoking toplevel() on ptolemy.moml.MoMLSimpleApplication@75f87b4e
reloadAllAccessors: .hierarchicalModalModel

===========================================================================================
----------------- testing Fri Feb 21 07:01:28 UTC 2020 /home/travis/build/icyphy/ptII/ptolemy/domains/continuous/test/auto/hierarchicalModalModel1.xml
----------------- Instantiating /home/travis/build/icyphy/ptII/ptolemy/domains/continuous/test/auto/hierarchicalModalModel1.xml
9 ms. Memory: 324608K Free: 268162K (83%)
----------------- Invoking toplevel() on ptolemy.moml.MoMLSimpleApplication@494593e2
----------------- Done invoking toplevel() on ptolemy.moml.MoMLSimpleApplication@494593e2
reloadAllAccessors: .hierarchicalModalModel1

===========================================================================================
----------------- testing Fri Feb 21 07:01:28 UTC 2020 /home/travis/build/icyphy/ptII/ptolemy/domains/continuous/test/auto/hierarchicalModalModel2.xml
----------------- Instantiating /home/travis/build/icyphy/ptII/ptolemy/domains/continuous/test/auto/hierarchicalModalModel2.xml
7 ms. Memory: 324608K Free: 255874K (79%)
----------------- Invoking toplevel() on ptolemy.moml.MoMLSimpleApplication@5c86f77
----------------- Done invoking toplevel() on ptolemy.moml.MoMLSimpleApplication@5c86f77
reloadAllAccessors: .hierarchicalModalModel2

===========================================================================================
----------------- testing Fri Feb 21 07:01:28 UTC 2020 /home/travis/build/icyphy/ptII/ptolemy/domains/continuous/test/auto/hierarchicalModalModel3.xml
----------------- Instantiating /home/travis/build/icyphy/ptII/ptolemy/domains/continuous/test/auto/hierarchicalModalModel3.xml
5 ms. Memory: 324608K Free: 245124K (76%)
----------------- Invoking toplevel() on ptolemy.moml.MoMLSimpleApplication@6bd49823
----------------- Done invoking toplevel() on ptolemy.moml.MoMLSimpleApplication@6bd49823
reloadAllAccessors: .hierarchicalModalModel3

===========================================================================================
----------------- testing Fri Feb 21 07:01:28 UTC 2020 /home/travis/build/icyphy/ptII/ptolemy/domains/continuous/test/auto/hierarchicalModalModel4.xml
----------------- Instantiating /home/travis/build/icyphy/ptII/ptolemy/domains/continuous/test/auto/hierarchicalModalModel4.xml
5 ms. Memory: 324608K Free: 233346K (72%)
----------------- Invoking toplevel() on ptolemy.moml.MoMLSimpleApplication@2f2729ed
----------------- Done invoking toplevel() on ptolemy.moml.MoMLSimpleApplication@2f2729ed
reloadAllAccessors: .hierarchicalModalModel4

===========================================================================================
----------------- testing Fri Feb 21 07:01:28 UTC 2020 /home/travis/build/icyphy/ptII/ptolemy/domains/continuous/test/auto/junk.xml
----------------- Instantiating /home/travis/build/icyphy/ptII/ptolemy/domains/continuous/test/auto/junk.xml
118 ms. Memory: 324608K Free: 208260K (64%)
----------------- Invoking toplevel() on ptolemy.moml.MoMLSimpleApplication@58e39245
----------------- Done invoking toplevel() on ptolemy.moml.MoMLSimpleApplication@58e39245
reloadAllAccessors: .junk
AutoTests.java: About to close Vertx.
AutoTests.java: Vertx closed.
]]></system-out>
  <system-err><![CDATA[Warning: '.HysteresisWithRandomDelay.NonStrictTest' The test produced only 221 tokens, yet the correctValues parameter was expecting 222 tokens.
Warning: '.HysteresisWithRandomDelay.NonStrictTest2' The test produced only 220 tokens, yet the correctValues parameter was expecting 221 tokens.
Warning: '.Poisson.NonStrictTest' The test produced only 414 tokens, yet the correctValues parameter was expecting 430 tokens.
]]></system-err>
</testsuite>
