<?xml version="1.0" encoding="UTF-8" ?>
<testsuite errors="0" failures="0" hostname="travis-job-dd2515ee-d5cd-4a54-bbc2-c1b3947d78da" name="ptolemy.actor.lib.hoc.test.junit.JUnitTclTest" skipped="0" tests="58" time="33.307" timestamp="2019-07-10T06:42:41">
  <properties>
[...]
</properties>
  <testcase classname="ptolemy.util.test.junit.TclTests" name="[0] /home/travis/build/icyphy/ptII/ptolemy/actor/lib/hoc/test/IterateOverArray.tcl (RunTclFile)" time="0.315" />
  <testcase classname="ptolemy.util.test.junit.AutoKnownFailedTests" name="[0] /home/travis/build/icyphy/ptII/ptolemy/actor/lib/hoc/test/auto/knownFailedTests/PreinitializeMustBeInvokedRunComposite.xml (RunModel)" time="0.488" />
  <testcase classname="ptolemy.util.test.junit.AutoNameArchTests" name="[0] ThereAreNoAutoArchTests (RunModel)" time="0.006" />
  <testcase classname="ptolemy.util.test.junit.AutoTests" name="[0] /home/travis/build/icyphy/ptII/ptolemy/actor/lib/hoc/test/auto/AllToAllMultiInstanceComposite.xml (RunModel)" time="0.464" />
  <testcase classname="ptolemy.util.test.junit.AutoTests" name="[1] /home/travis/build/icyphy/ptII/ptolemy/actor/lib/hoc/test/auto/ApplyFFTTest.xml (RunModel)" time="0.488" />
  <testcase classname="ptolemy.util.test.junit.AutoTests" name="[2] /home/travis/build/icyphy/ptII/ptolemy/actor/lib/hoc/test/auto/ApplyFunction.xml (RunModel)" time="0.054" />
  <testcase classname="ptolemy.util.test.junit.AutoTests" name="[3] /home/travis/build/icyphy/ptII/ptolemy/actor/lib/hoc/test/auto/BackgroundExecution.xml (RunModel)" time="0.684" />
  <testcase classname="ptolemy.util.test.junit.AutoTests" name="[4] /home/travis/build/icyphy/ptII/ptolemy/actor/lib/hoc/test/auto/Case.xml (RunModel)" time="0.102" />
  <testcase classname="ptolemy.util.test.junit.AutoTests" name="[5] /home/travis/build/icyphy/ptII/ptolemy/actor/lib/hoc/test/auto/Case1.xml (RunModel)" time="0.05" />
  <testcase classname="ptolemy.util.test.junit.AutoTests" name="[6] /home/travis/build/icyphy/ptII/ptolemy/actor/lib/hoc/test/auto/Case2.xml (RunModel)" time="0.118" />
  <testcase classname="ptolemy.util.test.junit.AutoTests" name="[7] /home/travis/build/icyphy/ptII/ptolemy/actor/lib/hoc/test/auto/Case3.xml (RunModel)" time="0.063" />
  <testcase classname="ptolemy.util.test.junit.AutoTests" name="[8] /home/travis/build/icyphy/ptII/ptolemy/actor/lib/hoc/test/auto/Case4.xml (RunModel)" time="0.044" />
  <testcase classname="ptolemy.util.test.junit.AutoTests" name="[9] /home/travis/build/icyphy/ptII/ptolemy/actor/lib/hoc/test/auto/Case5.xml (RunModel)" time="0.089" />
  <testcase classname="ptolemy.util.test.junit.AutoTests" name="[10] /home/travis/build/icyphy/ptII/ptolemy/actor/lib/hoc/test/auto/Case6.xml (RunModel)" time="0.138" />
  <testcase classname="ptolemy.util.test.junit.AutoTests" name="[11] /home/travis/build/icyphy/ptII/ptolemy/actor/lib/hoc/test/auto/CaseString2.xml (RunModel)" time="0.055" />
  <testcase classname="ptolemy.util.test.junit.AutoTests" name="[12] /home/travis/build/icyphy/ptII/ptolemy/actor/lib/hoc/test/auto/CatchUpComposite1.xml (RunModel)" time="0.087" />
  <testcase classname="ptolemy.util.test.junit.AutoTests" name="[13] /home/travis/build/icyphy/ptII/ptolemy/actor/lib/hoc/test/auto/CatchUpComposite2.xml (RunModel)" time="0.061" />
  <testcase classname="ptolemy.util.test.junit.AutoTests" name="[14] /home/travis/build/icyphy/ptII/ptolemy/actor/lib/hoc/test/auto/CatchUpComposite3.xml (RunModel)" time="0.11" />
  <testcase classname="ptolemy.util.test.junit.AutoTests" name="[15] /home/travis/build/icyphy/ptII/ptolemy/actor/lib/hoc/test/auto/CatchUpComposite4.xml (RunModel)" time="0.078" />
  <testcase classname="ptolemy.util.test.junit.AutoTests" name="[16] /home/travis/build/icyphy/ptII/ptolemy/actor/lib/hoc/test/auto/CatchUpComposite5.xml (RunModel)" time="0.057" />
  <testcase classname="ptolemy.util.test.junit.AutoTests" name="[17] /home/travis/build/icyphy/ptII/ptolemy/actor/lib/hoc/test/auto/CatchUpComposite6.xml (RunModel)" time="0.19" />
  <testcase classname="ptolemy.util.test.junit.AutoTests" name="[18] /home/travis/build/icyphy/ptII/ptolemy/actor/lib/hoc/test/auto/CatchUpComposite7.xml (RunModel)" time="0.066" />
  <testcase classname="ptolemy.util.test.junit.AutoTests" name="[19] /home/travis/build/icyphy/ptII/ptolemy/actor/lib/hoc/test/auto/ConcurrentExecutionTimeSDF.xml (RunModel)" time="1.441" />
  <testcase classname="ptolemy.util.test.junit.AutoTests" name="[20] /home/travis/build/icyphy/ptII/ptolemy/actor/lib/hoc/test/auto/ConcurrentSleep.xml (RunModel)" time="0.777" />
  <testcase classname="ptolemy.util.test.junit.AutoTests" name="[21] /home/travis/build/icyphy/ptII/ptolemy/actor/lib/hoc/test/auto/DEInPNInRunCompositeActor.xml (RunModel)" time="0.032" />
  <testcase classname="ptolemy.util.test.junit.AutoTests" name="[22] /home/travis/build/icyphy/ptII/ptolemy/actor/lib/hoc/test/auto/DFTSubSetTest.xml (RunModel)" time="0.301" />
  <testcase classname="ptolemy.util.test.junit.AutoTests" name="[23] /home/travis/build/icyphy/ptII/ptolemy/actor/lib/hoc/test/auto/HocDE.xml (RunModel)" time="0.171" />
  <testcase classname="ptolemy.util.test.junit.AutoTests" name="[24] /home/travis/build/icyphy/ptII/ptolemy/actor/lib/hoc/test/auto/IterateOverArray.xml (RunModel)" time="0.034" />
  <testcase classname="ptolemy.util.test.junit.AutoTests" name="[25] /home/travis/build/icyphy/ptII/ptolemy/actor/lib/hoc/test/auto/IterateOverArray10.xml (RunModel)" time="0.019" />
  <testcase classname="ptolemy.util.test.junit.AutoTests" name="[26] /home/travis/build/icyphy/ptII/ptolemy/actor/lib/hoc/test/auto/IterateOverArray11.xml (RunModel)" time="0.022" />
  <testcase classname="ptolemy.util.test.junit.AutoTests" name="[27] /home/travis/build/icyphy/ptII/ptolemy/actor/lib/hoc/test/auto/IterateOverArray12.xml (RunModel)" time="0.033" />
  <testcase classname="ptolemy.util.test.junit.AutoTests" name="[28] /home/travis/build/icyphy/ptII/ptolemy/actor/lib/hoc/test/auto/IterateOverArray13.xml (RunModel)" time="0.155" />
  <testcase classname="ptolemy.util.test.junit.AutoTests" name="[29] /home/travis/build/icyphy/ptII/ptolemy/actor/lib/hoc/test/auto/IterateOverArray14.xml (RunModel)" time="0.162" />
  <testcase classname="ptolemy.util.test.junit.AutoTests" name="[30] /home/travis/build/icyphy/ptII/ptolemy/actor/lib/hoc/test/auto/IterateOverArray2.xml (RunModel)" time="0.031" />
  <testcase classname="ptolemy.util.test.junit.AutoTests" name="[31] /home/travis/build/icyphy/ptII/ptolemy/actor/lib/hoc/test/auto/IterateOverArray3.xml (RunModel)" time="0.033" />
  <testcase classname="ptolemy.util.test.junit.AutoTests" name="[32] /home/travis/build/icyphy/ptII/ptolemy/actor/lib/hoc/test/auto/IterateOverArray4.xml (RunModel)" time="0.026" />
  <testcase classname="ptolemy.util.test.junit.AutoTests" name="[33] /home/travis/build/icyphy/ptII/ptolemy/actor/lib/hoc/test/auto/IterateOverArray5.xml (RunModel)" time="0.02" />
  <testcase classname="ptolemy.util.test.junit.AutoTests" name="[34] /home/travis/build/icyphy/ptII/ptolemy/actor/lib/hoc/test/auto/IterateOverArray6.xml (RunModel)" time="0.016" />
  <testcase classname="ptolemy.util.test.junit.AutoTests" name="[35] /home/travis/build/icyphy/ptII/ptolemy/actor/lib/hoc/test/auto/IterateOverArray7.xml (RunModel)" time="0.025" />
  <testcase classname="ptolemy.util.test.junit.AutoTests" name="[36] /home/travis/build/icyphy/ptII/ptolemy/actor/lib/hoc/test/auto/IterateOverArray8.xml (RunModel)" time="0.021" />
  <testcase classname="ptolemy.util.test.junit.AutoTests" name="[37] /home/travis/build/icyphy/ptII/ptolemy/actor/lib/hoc/test/auto/IterateOverArray9.xml (RunModel)" time="0.025" />
  <testcase classname="ptolemy.util.test.junit.AutoTests" name="[38] /home/travis/build/icyphy/ptII/ptolemy/actor/lib/hoc/test/auto/IterateOverArrayCoercedOutputType.xml (RunModel)" time="0.053" />
  <testcase classname="ptolemy.util.test.junit.AutoTests" name="[39] /home/travis/build/icyphy/ptII/ptolemy/actor/lib/hoc/test/auto/IterateOverArrayInferredOutputType.xml (RunModel)" time="0.026" />
  <testcase classname="ptolemy.util.test.junit.AutoTests" name="[40] /home/travis/build/icyphy/ptII/ptolemy/actor/lib/hoc/test/auto/MobileFunctionTest.xml (RunModel)" time="0.023" />
  <testcase classname="ptolemy.util.test.junit.AutoTests" name="[41] /home/travis/build/icyphy/ptII/ptolemy/actor/lib/hoc/test/auto/MobileModelTest.xml (RunModel)" time="0.199" />
  <testcase classname="ptolemy.util.test.junit.AutoTests" name="[42] /home/travis/build/icyphy/ptII/ptolemy/actor/lib/hoc/test/auto/ModelReference.xml (RunModel)" time="0.073" />
  <testcase classname="ptolemy.util.test.junit.AutoTests" name="[43] /home/travis/build/icyphy/ptII/ptolemy/actor/lib/hoc/test/auto/ModelReference3.xml (RunModel)" time="0.046" />
  <testcase classname="ptolemy.util.test.junit.AutoTests" name="[44] /home/travis/build/icyphy/ptII/ptolemy/actor/lib/hoc/test/auto/ModelReference4.xml (RunModel)" time="10.029" />
  <testcase classname="ptolemy.util.test.junit.AutoTests" name="[45] /home/travis/build/icyphy/ptII/ptolemy/actor/lib/hoc/test/auto/MultiInstanceComposite.xml (RunModel)" time="0.052" />
  <testcase classname="ptolemy.util.test.junit.AutoTests" name="[46] /home/travis/build/icyphy/ptII/ptolemy/actor/lib/hoc/test/auto/MultiInstanceComposite2.xml (RunModel)" time="0.039" />
  <testcase classname="ptolemy.util.test.junit.AutoTests" name="[47] /home/travis/build/icyphy/ptII/ptolemy/actor/lib/hoc/test/auto/MulticoreExecution.xml (RunModel)" time="1.111" />
  <testcase classname="ptolemy.util.test.junit.AutoTests" name="[48] /home/travis/build/icyphy/ptII/ptolemy/actor/lib/hoc/test/auto/ParallelExecution.xml (RunModel)" time="0.95" />
  <testcase classname="ptolemy.util.test.junit.AutoTests" name="[49] /home/travis/build/icyphy/ptII/ptolemy/actor/lib/hoc/test/auto/RunCompositeActor.xml (RunModel)" time="0.02" />
  <testcase classname="ptolemy.util.test.junit.AutoTests" name="[50] /home/travis/build/icyphy/ptII/ptolemy/actor/lib/hoc/test/auto/RunCompositeActor2.xml (RunModel)" time="0.023" />
  <testcase classname="ptolemy.util.test.junit.AutoTests" name="[51] /home/travis/build/icyphy/ptII/ptolemy/actor/lib/hoc/test/auto/RunCompositeActor3.xml (RunModel)" time="0.019" />
  <testcase classname="ptolemy.util.test.junit.AutoTests" name="[52] /home/travis/build/icyphy/ptII/ptolemy/actor/lib/hoc/test/auto/RunCompositeActor4.xml (RunModel)" time="0.036" />
  <testcase classname="ptolemy.util.test.junit.AutoTests" name="[53] /home/travis/build/icyphy/ptII/ptolemy/actor/lib/hoc/test/auto/RunCompositeIterateOverArray.xml (RunModel)" time="0.046" />
  <testcase classname="ptolemy.util.test.junit.AutoTests" name="[54] /home/travis/build/icyphy/ptII/ptolemy/actor/lib/hoc/test/auto/ThreadedJS.xml (RunModel)" time="12.594" />
  <system-out><![CDATA[/home/travis/build/icyphy/ptII/ptolemy/actor/lib/hoc/test/IterateOverArray.tcl
testDefs.tcl: setting time out to 9000 seconds at Wed Jul 10 06:42:42 UTC 2019
07/10/19 06:42:42
Failed: 0  Total Tests: 2  ((Passed: 2, Newly Passed: 0)  Known Failed: 0) /home/travis/build/icyphy/ptII/ptolemy/actor/lib/hoc/test
----------------- testing (KnownFailure) /home/travis/build/icyphy/ptII/ptolemy/actor/lib/hoc/test/auto/knownFailedTests/PreinitializeMustBeInvokedRunComposite.xml
135 ms. Memory: 120832K Free: 105538K (87%)
Known Failure: java.lang.reflect.InvocationTargetException
No auto/linux-amd64/*.xml tests in /home/travis/build/icyphy/ptII/ptolemy/actor/lib/hoc/test
AutoTests.java: About to close Vertx.
AutoTests.java: Vertx closed.

===========================================================================================
----------------- testing Wed Jul 10 06:42:43 UTC 2019 /home/travis/build/icyphy/ptII/ptolemy/actor/lib/hoc/test/auto/AllToAllMultiInstanceComposite.xml
----------------- Instantiating /home/travis/build/icyphy/ptII/ptolemy/actor/lib/hoc/test/auto/AllToAllMultiInstanceComposite.xml
211 ms. Memory: 182272K Free: 139556K (77%)
----------------- Invoking toplevel() on ptolemy.moml.MoMLSimpleApplication@f709880
----------------- Done invoking toplevel() on ptolemy.moml.MoMLSimpleApplication@f709880
reloadAllAccessors: .AllToAllMultiInstanceComposite

===========================================================================================
----------------- testing Wed Jul 10 06:42:43 UTC 2019 /home/travis/build/icyphy/ptII/ptolemy/actor/lib/hoc/test/auto/ApplyFFTTest.xml
----------------- Instantiating /home/travis/build/icyphy/ptII/ptolemy/actor/lib/hoc/test/auto/ApplyFFTTest.xml
163 ms. Memory: 182272K Free: 121638K (67%)
----------------- Invoking toplevel() on ptolemy.moml.MoMLSimpleApplication@1c17ceba
----------------- Done invoking toplevel() on ptolemy.moml.MoMLSimpleApplication@1c17ceba
reloadAllAccessors: .ApplyFFTTest

===========================================================================================
----------------- testing Wed Jul 10 06:42:44 UTC 2019 /home/travis/build/icyphy/ptII/ptolemy/actor/lib/hoc/test/auto/ApplyFunction.xml
----------------- Instantiating /home/travis/build/icyphy/ptII/ptolemy/actor/lib/hoc/test/auto/ApplyFunction.xml
8 ms. Memory: 182272K Free: 118052K (65%)
----------------- Invoking toplevel() on ptolemy.moml.MoMLSimpleApplication@26174f1e
----------------- Done invoking toplevel() on ptolemy.moml.MoMLSimpleApplication@26174f1e
reloadAllAccessors: .ApplyFunction

===========================================================================================
----------------- testing Wed Jul 10 06:42:44 UTC 2019 /home/travis/build/icyphy/ptII/ptolemy/actor/lib/hoc/test/auto/BackgroundExecution.xml
----------------- Instantiating /home/travis/build/icyphy/ptII/ptolemy/actor/lib/hoc/test/auto/BackgroundExecution.xml
623 ms. Memory: 182272K Free: 109860K (60%)
----------------- Invoking toplevel() on ptolemy.moml.MoMLSimpleApplication@401accb3
----------------- Done invoking toplevel() on ptolemy.moml.MoMLSimpleApplication@401accb3
reloadAllAccessors: .BackgroundExecution

===========================================================================================
----------------- testing Wed Jul 10 06:42:44 UTC 2019 /home/travis/build/icyphy/ptII/ptolemy/actor/lib/hoc/test/auto/Case.xml
----------------- Instantiating /home/travis/build/icyphy/ptII/ptolemy/actor/lib/hoc/test/auto/Case.xml
28 ms. Memory: 182272K Free: 102692K (56%)
----------------- Invoking toplevel() on ptolemy.moml.MoMLSimpleApplication@4bc9a31c
----------------- Done invoking toplevel() on ptolemy.moml.MoMLSimpleApplication@4bc9a31c
reloadAllAccessors: .Case

===========================================================================================
----------------- testing Wed Jul 10 06:42:44 UTC 2019 /home/travis/build/icyphy/ptII/ptolemy/actor/lib/hoc/test/auto/Case1.xml
----------------- Instantiating /home/travis/build/icyphy/ptII/ptolemy/actor/lib/hoc/test/auto/Case1.xml
15 ms. Memory: 182272K Free: 96038K (53%)
----------------- Invoking toplevel() on ptolemy.moml.MoMLSimpleApplication@26cc609a
----------------- Done invoking toplevel() on ptolemy.moml.MoMLSimpleApplication@26cc609a
reloadAllAccessors: .Case1

===========================================================================================
----------------- testing Wed Jul 10 06:42:44 UTC 2019 /home/travis/build/icyphy/ptII/ptolemy/actor/lib/hoc/test/auto/Case2.xml
----------------- Instantiating /home/travis/build/icyphy/ptII/ptolemy/actor/lib/hoc/test/auto/Case2.xml
39 ms. Memory: 182272K Free: 85284K (47%)
----------------- Invoking toplevel() on ptolemy.moml.MoMLSimpleApplication@329b5a7a
----------------- Done invoking toplevel() on ptolemy.moml.MoMLSimpleApplication@329b5a7a
reloadAllAccessors: .Case2

===========================================================================================
----------------- testing Wed Jul 10 06:42:45 UTC 2019 /home/travis/build/icyphy/ptII/ptolemy/actor/lib/hoc/test/auto/Case3.xml
----------------- Instantiating /home/travis/build/icyphy/ptII/ptolemy/actor/lib/hoc/test/auto/Case3.xml
17 ms. Memory: 182272K Free: 79654K (44%)
----------------- Invoking toplevel() on ptolemy.moml.MoMLSimpleApplication@6891af4b
----------------- Done invoking toplevel() on ptolemy.moml.MoMLSimpleApplication@6891af4b
reloadAllAccessors: .Case3

===========================================================================================
----------------- testing Wed Jul 10 06:42:45 UTC 2019 /home/travis/build/icyphy/ptII/ptolemy/actor/lib/hoc/test/auto/Case4.xml
----------------- Instantiating /home/travis/build/icyphy/ptII/ptolemy/actor/lib/hoc/test/auto/Case4.xml
12 ms. Memory: 182272K Free: 71958K (39%)
----------------- Invoking toplevel() on ptolemy.moml.MoMLSimpleApplication@5b08d656
----------------- Done invoking toplevel() on ptolemy.moml.MoMLSimpleApplication@5b08d656
reloadAllAccessors: .Case4

===========================================================================================
----------------- testing Wed Jul 10 06:42:45 UTC 2019 /home/travis/build/icyphy/ptII/ptolemy/actor/lib/hoc/test/auto/Case5.xml
----------------- Instantiating /home/travis/build/icyphy/ptII/ptolemy/actor/lib/hoc/test/auto/Case5.xml
50 ms. Memory: 182272K Free: 65318K (36%)
----------------- Invoking toplevel() on ptolemy.moml.MoMLSimpleApplication@5745e562
----------------- Done invoking toplevel() on ptolemy.moml.MoMLSimpleApplication@5745e562
reloadAllAccessors: .junk

===========================================================================================
----------------- testing Wed Jul 10 06:42:45 UTC 2019 /home/travis/build/icyphy/ptII/ptolemy/actor/lib/hoc/test/auto/Case6.xml
----------------- Instantiating /home/travis/build/icyphy/ptII/ptolemy/actor/lib/hoc/test/auto/Case6.xml
50 ms. Memory: 182272K Free: 157505K (86%)
----------------- Invoking toplevel() on ptolemy.moml.MoMLSimpleApplication@657a0d72
----------------- Done invoking toplevel() on ptolemy.moml.MoMLSimpleApplication@657a0d72
reloadAllAccessors: .Case6

===========================================================================================
----------------- testing Wed Jul 10 06:42:45 UTC 2019 /home/travis/build/icyphy/ptII/ptolemy/actor/lib/hoc/test/auto/CaseString2.xml
----------------- Instantiating /home/travis/build/icyphy/ptII/ptolemy/actor/lib/hoc/test/auto/CaseString2.xml
15 ms. Memory: 182272K Free: 149823K (82%)
----------------- Invoking toplevel() on ptolemy.moml.MoMLSimpleApplication@14192deb
----------------- Done invoking toplevel() on ptolemy.moml.MoMLSimpleApplication@14192deb
reloadAllAccessors: .CaseString2

===========================================================================================
----------------- testing Wed Jul 10 06:42:45 UTC 2019 /home/travis/build/icyphy/ptII/ptolemy/actor/lib/hoc/test/auto/CatchUpComposite1.xml
----------------- Instantiating /home/travis/build/icyphy/ptII/ptolemy/actor/lib/hoc/test/auto/CatchUpComposite1.xml
30 ms. Memory: 182272K Free: 140097K (77%)
----------------- Invoking toplevel() on ptolemy.moml.MoMLSimpleApplication@12615fc9
----------------- Done invoking toplevel() on ptolemy.moml.MoMLSimpleApplication@12615fc9
reloadAllAccessors: .CatchUpComposite1

===========================================================================================
----------------- testing Wed Jul 10 06:42:45 UTC 2019 /home/travis/build/icyphy/ptII/ptolemy/actor/lib/hoc/test/auto/CatchUpComposite2.xml
----------------- Instantiating /home/travis/build/icyphy/ptII/ptolemy/actor/lib/hoc/test/auto/CatchUpComposite2.xml
17 ms. Memory: 182272K Free: 130881K (72%)
----------------- Invoking toplevel() on ptolemy.moml.MoMLSimpleApplication@100bde3
----------------- Done invoking toplevel() on ptolemy.moml.MoMLSimpleApplication@100bde3
reloadAllAccessors: .CatchUpComposite2

===========================================================================================
----------------- testing Wed Jul 10 06:42:45 UTC 2019 /home/travis/build/icyphy/ptII/ptolemy/actor/lib/hoc/test/auto/CatchUpComposite3.xml
----------------- Instantiating /home/travis/build/icyphy/ptII/ptolemy/actor/lib/hoc/test/auto/CatchUpComposite3.xml
31 ms. Memory: 182272K Free: 121665K (67%)
----------------- Invoking toplevel() on ptolemy.moml.MoMLSimpleApplication@110ca25
----------------- Done invoking toplevel() on ptolemy.moml.MoMLSimpleApplication@110ca25
reloadAllAccessors: .CatchUpComposite3

===========================================================================================
----------------- testing Wed Jul 10 06:42:45 UTC 2019 /home/travis/build/icyphy/ptII/ptolemy/actor/lib/hoc/test/auto/CatchUpComposite4.xml
----------------- Instantiating /home/travis/build/icyphy/ptII/ptolemy/actor/lib/hoc/test/auto/CatchUpComposite4.xml
12 ms. Memory: 182272K Free: 113953K (63%)
----------------- Invoking toplevel() on ptolemy.moml.MoMLSimpleApplication@4d92de96
----------------- Done invoking toplevel() on ptolemy.moml.MoMLSimpleApplication@4d92de96
reloadAllAccessors: .CatchUpComposite4

===========================================================================================
----------------- testing Wed Jul 10 06:42:45 UTC 2019 /home/travis/build/icyphy/ptII/ptolemy/actor/lib/hoc/test/auto/CatchUpComposite5.xml
----------------- Instantiating /home/travis/build/icyphy/ptII/ptolemy/actor/lib/hoc/test/auto/CatchUpComposite5.xml
10 ms. Memory: 182272K Free: 105791K (58%)
----------------- Invoking toplevel() on ptolemy.moml.MoMLSimpleApplication@4fc753f1
----------------- Done invoking toplevel() on ptolemy.moml.MoMLSimpleApplication@4fc753f1
reloadAllAccessors: .CatchUpComposite5

===========================================================================================
----------------- testing Wed Jul 10 06:42:45 UTC 2019 /home/travis/build/icyphy/ptII/ptolemy/actor/lib/hoc/test/auto/CatchUpComposite6.xml
----------------- Instantiating /home/travis/build/icyphy/ptII/ptolemy/actor/lib/hoc/test/auto/CatchUpComposite6.xml
WARNING: The execution aspects in this model can influence the timing of actors by delaying the 
execution, potentially changing the behavior. There is no guarantee that actors fire at the 
time they request to be fired. 
Use Ptides for deterministic DE behavior that is not influenced by execution aspects. 

100 ms. Memory: 182272K Free: 91455K (50%)
----------------- Invoking toplevel() on ptolemy.moml.MoMLSimpleApplication@32fb3caa
----------------- Done invoking toplevel() on ptolemy.moml.MoMLSimpleApplication@32fb3caa
reloadAllAccessors: .CatchUpComposite6

===========================================================================================
----------------- testing Wed Jul 10 06:42:46 UTC 2019 /home/travis/build/icyphy/ptII/ptolemy/actor/lib/hoc/test/auto/CatchUpComposite7.xml
----------------- Instantiating /home/travis/build/icyphy/ptII/ptolemy/actor/lib/hoc/test/auto/CatchUpComposite7.xml
WARNING: The execution aspects in this model can influence the timing of actors by delaying the 
execution, potentially changing the behavior. There is no guarantee that actors fire at the 
time they request to be fired. 
Use Ptides for deterministic DE behavior that is not influenced by execution aspects. 

22 ms. Memory: 182272K Free: 77633K (43%)
----------------- Invoking toplevel() on ptolemy.moml.MoMLSimpleApplication@5183cebd
----------------- Done invoking toplevel() on ptolemy.moml.MoMLSimpleApplication@5183cebd
reloadAllAccessors: .CatchUpComposite7

===========================================================================================
----------------- testing Wed Jul 10 06:42:46 UTC 2019 /home/travis/build/icyphy/ptII/ptolemy/actor/lib/hoc/test/auto/ConcurrentExecutionTimeSDF.xml
----------------- Instantiating /home/travis/build/icyphy/ptII/ptolemy/actor/lib/hoc/test/auto/ConcurrentExecutionTimeSDF.xml
Fired ExecutionTime: 40400000
Fired ExecutionTime: 40400000
Fired ExecutionTime: 40400000
Fired ExecutionTime: 40400000
Fired ExecutionTime: 40400000
Fired ExecutionTime: 40400000
Fired ExecutionTime: 40400000
Fired ExecutionTime: 40400000
Fired ExecutionTime: 40400000
Fired ExecutionTime: 40400000
Fired ExecutionTime: 40400000
Fired ExecutionTime: 40400000
Fired ExecutionTime: 40400000
Fired ExecutionTime: 40400000
Fired ExecutionTime: 40400000
Fired ExecutionTime: 40400000
Fired ExecutionTime: 40400000
Fired ExecutionTime: 40400000
Fired ExecutionTime: 40400000
Fired ExecutionTime: 40400000
1422 ms. Memory: 182272K Free: 69951K (38%)
----------------- Invoking toplevel() on ptolemy.moml.MoMLSimpleApplication@4e1950f2
----------------- Done invoking toplevel() on ptolemy.moml.MoMLSimpleApplication@4e1950f2
reloadAllAccessors: .ConcurrentExecutionTimeSDF

===========================================================================================
----------------- testing Wed Jul 10 06:42:47 UTC 2019 /home/travis/build/icyphy/ptII/ptolemy/actor/lib/hoc/test/auto/ConcurrentSleep.xml
----------------- Instantiating /home/travis/build/icyphy/ptII/ptolemy/actor/lib/hoc/test/auto/ConcurrentSleep.xml
734 ms. Memory: 182272K Free: 163055K (89%)
----------------- Invoking toplevel() on ptolemy.moml.MoMLSimpleApplication@7d1ddc8
----------------- Done invoking toplevel() on ptolemy.moml.MoMLSimpleApplication@7d1ddc8
reloadAllAccessors: .ConcurrentSleep

===========================================================================================
----------------- testing Wed Jul 10 06:42:48 UTC 2019 /home/travis/build/icyphy/ptII/ptolemy/actor/lib/hoc/test/auto/DEInPNInRunCompositeActor.xml
----------------- Instantiating /home/travis/build/icyphy/ptII/ptolemy/actor/lib/hoc/test/auto/DEInPNInRunCompositeActor.xml
13 ms. Memory: 182272K Free: 156401K (86%)
----------------- Invoking toplevel() on ptolemy.moml.MoMLSimpleApplication@ddda06a
----------------- Done invoking toplevel() on ptolemy.moml.MoMLSimpleApplication@ddda06a
reloadAllAccessors: .DEInPNInRunCompositeActor

===========================================================================================
----------------- testing Wed Jul 10 06:42:48 UTC 2019 /home/travis/build/icyphy/ptII/ptolemy/actor/lib/hoc/test/auto/DFTSubSetTest.xml
----------------- Instantiating /home/travis/build/icyphy/ptII/ptolemy/actor/lib/hoc/test/auto/DFTSubSetTest.xml
174 ms. Memory: 182272K Free: 113393K (62%)
----------------- Invoking toplevel() on ptolemy.moml.MoMLSimpleApplication@339e10b8
----------------- Done invoking toplevel() on ptolemy.moml.MoMLSimpleApplication@339e10b8
reloadAllAccessors: .DFTSubSetTest

===========================================================================================
----------------- testing Wed Jul 10 06:42:48 UTC 2019 /home/travis/build/icyphy/ptII/ptolemy/actor/lib/hoc/test/auto/HocDE.xml
----------------- Instantiating /home/travis/build/icyphy/ptII/ptolemy/actor/lib/hoc/test/auto/HocDE.xml
132 ms. Memory: 182272K Free: 88303K (48%)
----------------- Invoking toplevel() on ptolemy.moml.MoMLSimpleApplication@179520bc
----------------- Done invoking toplevel() on ptolemy.moml.MoMLSimpleApplication@179520bc
reloadAllAccessors: .HocDE

===========================================================================================
----------------- testing Wed Jul 10 06:42:48 UTC 2019 /home/travis/build/icyphy/ptII/ptolemy/actor/lib/hoc/test/auto/IterateOverArray.xml
----------------- Instantiating /home/travis/build/icyphy/ptII/ptolemy/actor/lib/hoc/test/auto/IterateOverArray.xml
5 ms. Memory: 182272K Free: 83697K (46%)
----------------- Invoking toplevel() on ptolemy.moml.MoMLSimpleApplication@6c441f83
----------------- Done invoking toplevel() on ptolemy.moml.MoMLSimpleApplication@6c441f83
reloadAllAccessors: .IterateOverArray

===========================================================================================
----------------- testing Wed Jul 10 06:42:48 UTC 2019 /home/travis/build/icyphy/ptII/ptolemy/actor/lib/hoc/test/auto/IterateOverArray10.xml
----------------- Instantiating /home/travis/build/icyphy/ptII/ptolemy/actor/lib/hoc/test/auto/IterateOverArray10.xml
3 ms. Memory: 182272K Free: 80625K (44%)
----------------- Invoking toplevel() on ptolemy.moml.MoMLSimpleApplication@312e6fd1
----------------- Done invoking toplevel() on ptolemy.moml.MoMLSimpleApplication@312e6fd1
reloadAllAccessors: .IterateOverArray10

===========================================================================================
----------------- testing Wed Jul 10 06:42:48 UTC 2019 /home/travis/build/icyphy/ptII/ptolemy/actor/lib/hoc/test/auto/IterateOverArray11.xml
----------------- Instantiating /home/travis/build/icyphy/ptII/ptolemy/actor/lib/hoc/test/auto/IterateOverArray11.xml
4 ms. Memory: 182272K Free: 77039K (42%)
----------------- Invoking toplevel() on ptolemy.moml.MoMLSimpleApplication@366d4f0e
----------------- Done invoking toplevel() on ptolemy.moml.MoMLSimpleApplication@366d4f0e
reloadAllAccessors: .IterateOverArray11

===========================================================================================
----------------- testing Wed Jul 10 06:42:48 UTC 2019 /home/travis/build/icyphy/ptII/ptolemy/actor/lib/hoc/test/auto/IterateOverArray12.xml
----------------- Instantiating /home/travis/build/icyphy/ptII/ptolemy/actor/lib/hoc/test/auto/IterateOverArray12.xml
14 ms. Memory: 182272K Free: 70895K (39%)
----------------- Invoking toplevel() on ptolemy.moml.MoMLSimpleApplication@de8310e
----------------- Done invoking toplevel() on ptolemy.moml.MoMLSimpleApplication@de8310e
reloadAllAccessors: .IterateOverArray12

===========================================================================================
----------------- testing Wed Jul 10 06:42:49 UTC 2019 /home/travis/build/icyphy/ptII/ptolemy/actor/lib/hoc/test/auto/IterateOverArray13.xml
----------------- Instantiating /home/travis/build/icyphy/ptII/ptolemy/actor/lib/hoc/test/auto/IterateOverArray13.xml
68 ms. Memory: 182272K Free: 147966K (81%)
----------------- Invoking toplevel() on ptolemy.moml.MoMLSimpleApplication@3164a765
----------------- Done invoking toplevel() on ptolemy.moml.MoMLSimpleApplication@3164a765
reloadAllAccessors: .IterateOverArray13

===========================================================================================
----------------- testing Wed Jul 10 06:42:49 UTC 2019 /home/travis/build/icyphy/ptII/ptolemy/actor/lib/hoc/test/auto/IterateOverArray14.xml
----------------- Instantiating /home/travis/build/icyphy/ptII/ptolemy/actor/lib/hoc/test/auto/IterateOverArray14.xml
75 ms. Memory: 182272K Free: 115198K (63%)
----------------- Invoking toplevel() on ptolemy.moml.MoMLSimpleApplication@9923875
----------------- Done invoking toplevel() on ptolemy.moml.MoMLSimpleApplication@9923875
reloadAllAccessors: .IterateOverArray14

===========================================================================================
----------------- testing Wed Jul 10 06:42:49 UTC 2019 /home/travis/build/icyphy/ptII/ptolemy/actor/lib/hoc/test/auto/IterateOverArray2.xml
----------------- Instantiating /home/travis/build/icyphy/ptII/ptolemy/actor/lib/hoc/test/auto/IterateOverArray2.xml
9 ms. Memory: 182272K Free: 110592K (61%)
----------------- Invoking toplevel() on ptolemy.moml.MoMLSimpleApplication@1787815c
----------------- Done invoking toplevel() on ptolemy.moml.MoMLSimpleApplication@1787815c
reloadAllAccessors: .IterateOverArray2

===========================================================================================
----------------- testing Wed Jul 10 06:42:49 UTC 2019 /home/travis/build/icyphy/ptII/ptolemy/actor/lib/hoc/test/auto/IterateOverArray3.xml
----------------- Instantiating /home/travis/build/icyphy/ptII/ptolemy/actor/lib/hoc/test/auto/IterateOverArray3.xml
13 ms. Memory: 182272K Free: 104446K (57%)
----------------- Invoking toplevel() on ptolemy.moml.MoMLSimpleApplication@55fed365
----------------- Done invoking toplevel() on ptolemy.moml.MoMLSimpleApplication@55fed365
reloadAllAccessors: .IterateOverArray3

===========================================================================================
----------------- testing Wed Jul 10 06:42:49 UTC 2019 /home/travis/build/icyphy/ptII/ptolemy/actor/lib/hoc/test/auto/IterateOverArray4.xml
----------------- Instantiating /home/travis/build/icyphy/ptII/ptolemy/actor/lib/hoc/test/auto/IterateOverArray4.xml
4 ms. Memory: 182272K Free: 100862K (55%)
----------------- Invoking toplevel() on ptolemy.moml.MoMLSimpleApplication@452f4b3a
----------------- Done invoking toplevel() on ptolemy.moml.MoMLSimpleApplication@452f4b3a
reloadAllAccessors: .IterateOverArray4

===========================================================================================
----------------- testing Wed Jul 10 06:42:49 UTC 2019 /home/travis/build/icyphy/ptII/ptolemy/actor/lib/hoc/test/auto/IterateOverArray5.xml
----------------- Instantiating /home/travis/build/icyphy/ptII/ptolemy/actor/lib/hoc/test/auto/IterateOverArray5.xml
3 ms. Memory: 182272K Free: 96766K (53%)
----------------- Invoking toplevel() on ptolemy.moml.MoMLSimpleApplication@1a469e61
----------------- Done invoking toplevel() on ptolemy.moml.MoMLSimpleApplication@1a469e61
reloadAllAccessors: .IterateOverArray5

===========================================================================================
----------------- testing Wed Jul 10 06:42:49 UTC 2019 /home/travis/build/icyphy/ptII/ptolemy/actor/lib/hoc/test/auto/IterateOverArray6.xml
----------------- Instantiating /home/travis/build/icyphy/ptII/ptolemy/actor/lib/hoc/test/auto/IterateOverArray6.xml
3 ms. Memory: 182272K Free: 93694K (51%)
----------------- Invoking toplevel() on ptolemy.moml.MoMLSimpleApplication@1791baf2
----------------- Done invoking toplevel() on ptolemy.moml.MoMLSimpleApplication@1791baf2
reloadAllAccessors: .IterateOverArray6

===========================================================================================
----------------- testing Wed Jul 10 06:42:49 UTC 2019 /home/travis/build/icyphy/ptII/ptolemy/actor/lib/hoc/test/auto/IterateOverArray7.xml
----------------- Instantiating /home/travis/build/icyphy/ptII/ptolemy/actor/lib/hoc/test/auto/IterateOverArray7.xml
7 ms. Memory: 182272K Free: 88574K (49%)
----------------- Invoking toplevel() on ptolemy.moml.MoMLSimpleApplication@f9b6efb
----------------- Done invoking toplevel() on ptolemy.moml.MoMLSimpleApplication@f9b6efb
reloadAllAccessors: .IterateOverArray7

===========================================================================================
----------------- testing Wed Jul 10 06:42:49 UTC 2019 /home/travis/build/icyphy/ptII/ptolemy/actor/lib/hoc/test/auto/IterateOverArray8.xml
----------------- Instantiating /home/travis/build/icyphy/ptII/ptolemy/actor/lib/hoc/test/auto/IterateOverArray8.xml
4 ms. Memory: 182272K Free: 84992K (47%)
----------------- Invoking toplevel() on ptolemy.moml.MoMLSimpleApplication@7f5361b0
----------------- Done invoking toplevel() on ptolemy.moml.MoMLSimpleApplication@7f5361b0
reloadAllAccessors: .IterateOverArray8

===========================================================================================
----------------- testing Wed Jul 10 06:42:49 UTC 2019 /home/travis/build/icyphy/ptII/ptolemy/actor/lib/hoc/test/auto/IterateOverArray9.xml
----------------- Instantiating /home/travis/build/icyphy/ptII/ptolemy/actor/lib/hoc/test/auto/IterateOverArray9.xml
6 ms. Memory: 182272K Free: 80896K (44%)
----------------- Invoking toplevel() on ptolemy.moml.MoMLSimpleApplication@2d8267ca
----------------- Done invoking toplevel() on ptolemy.moml.MoMLSimpleApplication@2d8267ca
reloadAllAccessors: .IterateOverArray9

===========================================================================================
----------------- testing Wed Jul 10 06:42:49 UTC 2019 /home/travis/build/icyphy/ptII/ptolemy/actor/lib/hoc/test/auto/IterateOverArrayCoercedOutputType.xml
----------------- Instantiating /home/travis/build/icyphy/ptII/ptolemy/actor/lib/hoc/test/auto/IterateOverArrayCoercedOutputType.xml
12 ms. Memory: 182272K Free: 75776K (42%)
----------------- Invoking toplevel() on ptolemy.moml.MoMLSimpleApplication@67359a39
----------------- Done invoking toplevel() on ptolemy.moml.MoMLSimpleApplication@67359a39
reloadAllAccessors: .IterateOverArrayCoercedOutputType

===========================================================================================
----------------- testing Wed Jul 10 06:42:49 UTC 2019 /home/travis/build/icyphy/ptII/ptolemy/actor/lib/hoc/test/auto/IterateOverArrayInferredOutputType.xml
----------------- Instantiating /home/travis/build/icyphy/ptII/ptolemy/actor/lib/hoc/test/auto/IterateOverArrayInferredOutputType.xml
7 ms. Memory: 182272K Free: 70656K (39%)
----------------- Invoking toplevel() on ptolemy.moml.MoMLSimpleApplication@6d0182e3
----------------- Done invoking toplevel() on ptolemy.moml.MoMLSimpleApplication@6d0182e3
reloadAllAccessors: .IterateOverArrayInferredOutputType

===========================================================================================
----------------- testing Wed Jul 10 06:42:49 UTC 2019 /home/travis/build/icyphy/ptII/ptolemy/actor/lib/hoc/test/auto/MobileFunctionTest.xml
----------------- Instantiating /home/travis/build/icyphy/ptII/ptolemy/actor/lib/hoc/test/auto/MobileFunctionTest.xml
4 ms. Memory: 182272K Free: 66560K (37%)
----------------- Invoking toplevel() on ptolemy.moml.MoMLSimpleApplication@5212d8e1
----------------- Done invoking toplevel() on ptolemy.moml.MoMLSimpleApplication@5212d8e1
reloadAllAccessors: .MobileFunctionTest

===========================================================================================
----------------- testing Wed Jul 10 06:42:49 UTC 2019 /home/travis/build/icyphy/ptII/ptolemy/actor/lib/hoc/test/auto/MobileModelTest.xml
----------------- Instantiating /home/travis/build/icyphy/ptII/ptolemy/actor/lib/hoc/test/auto/MobileModelTest.xml
152 ms. Memory: 219136K Free: 187451K (86%)
----------------- Invoking toplevel() on ptolemy.moml.MoMLSimpleApplication@5ade1629
----------------- Done invoking toplevel() on ptolemy.moml.MoMLSimpleApplication@5ade1629
reloadAllAccessors: .MobileModelTest

===========================================================================================
----------------- testing Wed Jul 10 06:42:50 UTC 2019 /home/travis/build/icyphy/ptII/ptolemy/actor/lib/hoc/test/auto/ModelReference.xml
----------------- Instantiating /home/travis/build/icyphy/ptII/ptolemy/actor/lib/hoc/test/auto/ModelReference.xml
3 ms. Memory: 219136K Free: 180811K (83%)
4 ms. Memory: 219136K Free: 180267K (82%)
2 ms. Memory: 219136K Free: 179259K (82%)
2 ms. Memory: 219136K Free: 178235K (81%)
2 ms. Memory: 219136K Free: 177739K (81%)
2 ms. Memory: 219136K Free: 176715K (81%)
1 ms. Memory: 219136K Free: 176187K (80%)
2 ms. Memory: 219136K Free: 175163K (80%)
3 ms. Memory: 219136K Free: 174139K (79%)
2 ms. Memory: 219136K Free: 173643K (79%)
34 ms. Memory: 219136K Free: 173643K (79%)
----------------- Invoking toplevel() on ptolemy.moml.MoMLSimpleApplication@3ea2601c
----------------- Done invoking toplevel() on ptolemy.moml.MoMLSimpleApplication@3ea2601c
reloadAllAccessors: .ModelReference

===========================================================================================
----------------- testing Wed Jul 10 06:42:50 UTC 2019 /home/travis/build/icyphy/ptII/ptolemy/actor/lib/hoc/test/auto/ModelReference3.xml
----------------- Instantiating /home/travis/build/icyphy/ptII/ptolemy/actor/lib/hoc/test/auto/ModelReference3.xml
2 ms. Memory: 219136K Free: 168523K (77%)
4 ms. Memory: 219136K Free: 167979K (77%)
2 ms. Memory: 219136K Free: 166985K (76%)
3 ms. Memory: 219136K Free: 166475K (76%)
2 ms. Memory: 219136K Free: 165451K (76%)
1 ms. Memory: 219136K Free: 164427K (75%)
3 ms. Memory: 219136K Free: 163899K (75%)
3 ms. Memory: 219136K Free: 162889K (74%)
2 ms. Memory: 219136K Free: 162379K (74%)
1 ms. Memory: 219136K Free: 161355K (74%)
29 ms. Memory: 219136K Free: 161355K (74%)
----------------- Invoking toplevel() on ptolemy.moml.MoMLSimpleApplication@7baa468
----------------- Done invoking toplevel() on ptolemy.moml.MoMLSimpleApplication@7baa468
reloadAllAccessors: .ModelReference3

===========================================================================================
----------------- testing Wed Jul 10 06:42:50 UTC 2019 /home/travis/build/icyphy/ptII/ptolemy/actor/lib/hoc/test/auto/ModelReference4.xml
----------------- Instantiating /home/travis/build/icyphy/ptII/ptolemy/actor/lib/hoc/test/auto/ModelReference4.xml
2 ms. Memory: 219136K Free: 156731K (72%)
3 ms. Memory: 219136K Free: 155211K (71%)
2 ms. Memory: 219136K Free: 154187K (70%)
2 ms. Memory: 219136K Free: 152643K (70%)
2 ms. Memory: 219136K Free: 151611K (69%)
2 ms. Memory: 219136K Free: 150595K (69%)
2 ms. Memory: 219136K Free: 149067K (68%)
1 ms. Memory: 219136K Free: 148043K (68%)
1 ms. Memory: 219136K Free: 146499K (67%)
2 ms. Memory: 219136K Free: 145467K (66%)
10016 ms. Memory: 219136K Free: 145467K (66%)
----------------- Invoking toplevel() on ptolemy.moml.MoMLSimpleApplication@fb46793
----------------- Done invoking toplevel() on ptolemy.moml.MoMLSimpleApplication@fb46793
reloadAllAccessors: .ModelReference4

===========================================================================================
----------------- testing Wed Jul 10 06:43:00 UTC 2019 /home/travis/build/icyphy/ptII/ptolemy/actor/lib/hoc/test/auto/MultiInstanceComposite.xml
----------------- Instantiating /home/travis/build/icyphy/ptII/ptolemy/actor/lib/hoc/test/auto/MultiInstanceComposite.xml
23 ms. Memory: 219136K Free: 126539K (58%)
----------------- Invoking toplevel() on ptolemy.moml.MoMLSimpleApplication@4261006f
----------------- Done invoking toplevel() on ptolemy.moml.MoMLSimpleApplication@4261006f
reloadAllAccessors: .MultiInstanceComposite

===========================================================================================
----------------- testing Wed Jul 10 06:43:00 UTC 2019 /home/travis/build/icyphy/ptII/ptolemy/actor/lib/hoc/test/auto/MultiInstanceComposite2.xml
----------------- Instantiating /home/travis/build/icyphy/ptII/ptolemy/actor/lib/hoc/test/auto/MultiInstanceComposite2.xml
16 ms. Memory: 219136K Free: 115275K (53%)
----------------- Invoking toplevel() on ptolemy.moml.MoMLSimpleApplication@65a20c54
----------------- Done invoking toplevel() on ptolemy.moml.MoMLSimpleApplication@65a20c54
reloadAllAccessors: .MultiInstanceComposite2

===========================================================================================
----------------- testing Wed Jul 10 06:43:00 UTC 2019 /home/travis/build/icyphy/ptII/ptolemy/actor/lib/hoc/test/auto/MulticoreExecution.xml
----------------- Instantiating /home/travis/build/icyphy/ptII/ptolemy/actor/lib/hoc/test/auto/MulticoreExecution.xml
Fired ExecutionTime: 2800000
Fired ExecutionTime: 2800000
Fired ExecutionTime: 2800000
Fired ExecutionTime: 2800000
Fired ExecutionTime: 3200000
Fired ExecutionTime: 3600000
Fired ExecutionTime: 4400000
Fired ExecutionTime: 2400000
Fired ExecutionTime: 3200000
Fired ExecutionTime: 2800000
Fired ExecutionTime: 65600000
Fired ExecutionTime: 62800000
Fired ExecutionTime: 74000000
Fired ExecutionTime: 74400000
Fired ExecutionTime: 131600000
Fired ExecutionTime: 131600000
Fired ExecutionTime: 130400000
Fired ExecutionTime: 132000000
Fired ExecutionTime: 87200000
Fired ExecutionTime: 66800000
1091 ms. Memory: 219136K Free: 106059K (48%)
----------------- Invoking toplevel() on ptolemy.moml.MoMLSimpleApplication@27afc324
----------------- Done invoking toplevel() on ptolemy.moml.MoMLSimpleApplication@27afc324
reloadAllAccessors: .MulticoreExecution

===========================================================================================
----------------- testing Wed Jul 10 06:43:01 UTC 2019 /home/travis/build/icyphy/ptII/ptolemy/actor/lib/hoc/test/auto/ParallelExecution.xml
----------------- Instantiating /home/travis/build/icyphy/ptII/ptolemy/actor/lib/hoc/test/auto/ParallelExecution.xml
922 ms. Memory: 219136K Free: 98377K (45%)
----------------- Invoking toplevel() on ptolemy.moml.MoMLSimpleApplication@3e837b75
----------------- Done invoking toplevel() on ptolemy.moml.MoMLSimpleApplication@3e837b75
reloadAllAccessors: .ParallelExecution

===========================================================================================
----------------- testing Wed Jul 10 06:43:02 UTC 2019 /home/travis/build/icyphy/ptII/ptolemy/actor/lib/hoc/test/auto/RunCompositeActor.xml
----------------- Instantiating /home/travis/build/icyphy/ptII/ptolemy/actor/lib/hoc/test/auto/RunCompositeActor.xml
7 ms. Memory: 219136K Free: 91723K (42%)
----------------- Invoking toplevel() on ptolemy.moml.MoMLSimpleApplication@3655b87d
----------------- Done invoking toplevel() on ptolemy.moml.MoMLSimpleApplication@3655b87d
reloadAllAccessors: .RunCompositeActor

===========================================================================================
----------------- testing Wed Jul 10 06:43:02 UTC 2019 /home/travis/build/icyphy/ptII/ptolemy/actor/lib/hoc/test/auto/RunCompositeActor2.xml
----------------- Instantiating /home/travis/build/icyphy/ptII/ptolemy/actor/lib/hoc/test/auto/RunCompositeActor2.xml
7 ms. Memory: 219136K Free: 85579K (39%)
----------------- Invoking toplevel() on ptolemy.moml.MoMLSimpleApplication@915eed2
----------------- Done invoking toplevel() on ptolemy.moml.MoMLSimpleApplication@915eed2
reloadAllAccessors: .RunCompositeActor2

===========================================================================================
----------------- testing Wed Jul 10 06:43:02 UTC 2019 /home/travis/build/icyphy/ptII/ptolemy/actor/lib/hoc/test/auto/RunCompositeActor3.xml
----------------- Instantiating /home/travis/build/icyphy/ptII/ptolemy/actor/lib/hoc/test/auto/RunCompositeActor3.xml
4 ms. Memory: 219136K Free: 80459K (37%)
----------------- Invoking toplevel() on ptolemy.moml.MoMLSimpleApplication@b577c03
----------------- Done invoking toplevel() on ptolemy.moml.MoMLSimpleApplication@b577c03
reloadAllAccessors: .RunCompositeActor3

===========================================================================================
----------------- testing Wed Jul 10 06:43:02 UTC 2019 /home/travis/build/icyphy/ptII/ptolemy/actor/lib/hoc/test/auto/RunCompositeActor4.xml
----------------- Instantiating /home/travis/build/icyphy/ptII/ptolemy/actor/lib/hoc/test/auto/RunCompositeActor4.xml
11 ms. Memory: 219136K Free: 198992K (91%)
----------------- Invoking toplevel() on ptolemy.moml.MoMLSimpleApplication@48373cb2
----------------- Done invoking toplevel() on ptolemy.moml.MoMLSimpleApplication@48373cb2
reloadAllAccessors: .RunCompositeActor4

===========================================================================================
----------------- testing Wed Jul 10 06:43:02 UTC 2019 /home/travis/build/icyphy/ptII/ptolemy/actor/lib/hoc/test/auto/RunCompositeIterateOverArray.xml
----------------- Instantiating /home/travis/build/icyphy/ptII/ptolemy/actor/lib/hoc/test/auto/RunCompositeIterateOverArray.xml
4 ms. Memory: 219136K Free: 192848K (88%)
----------------- Invoking toplevel() on ptolemy.moml.MoMLSimpleApplication@5ce6005e
----------------- Done invoking toplevel() on ptolemy.moml.MoMLSimpleApplication@5ce6005e
reloadAllAccessors: .RunCompositeIterateOverArray

===========================================================================================
----------------- testing Wed Jul 10 06:43:02 UTC 2019 /home/travis/build/icyphy/ptII/ptolemy/actor/lib/hoc/test/auto/ThreadedJS.xml
----------------- Instantiating /home/travis/build/icyphy/ptII/ptolemy/actor/lib/hoc/test/auto/ThreadedJS.xml
5700 ms. Memory: 316416K Free: 144131K (46%)
----------------- Invoking toplevel() on ptolemy.moml.MoMLSimpleApplication@1dd11230
----------------- Done invoking toplevel() on ptolemy.moml.MoMLSimpleApplication@1dd11230
reloadAllAccessors: .ThreadedJS
AutoTests.java: About to close Vertx.
AutoTests.java: Vertx closed.
]]></system-out>
  <system-err><![CDATA[java.lang.RuntimeException: Execution failed
	at ptolemy.moml.MoMLSimpleApplication$UnloadThread.run(MoMLSimpleApplication.java:402)
Caused by: ptolemy.kernel.util.IllegalActionException: initialize() was called after wrapup() was called but preinitialize() was not called after wrapup().
	at ptolemy.actor.lib.hoc.test.PreinitializeMustBeInvoked.initialize(PreinitializeMustBeInvoked.java:78)
	at ptolemy.actor.Director.initialize(Director.java:938)
	at ptolemy.actor.Director.initialize(Director.java:907)
	at ptolemy.actor.sched.StaticSchedulingDirector.initialize(StaticSchedulingDirector.java:159)
	at ptolemy.domains.sdf.kernel.SDFDirector.initialize(SDFDirector.java:544)
	at ptolemy.actor.CompositeActor.initialize(CompositeActor.java:935)
	at ptolemy.actor.lib.hoc.LifeCycleManager._executeInsideModel(LifeCycleManager.java:339)
	at ptolemy.actor.lib.hoc.RunCompositeActor.fire(RunCompositeActor.java:205)
	at ptolemy.actor.CompositeActor.iterate(CompositeActor.java:1146)
	at ptolemy.actor.sched.StaticSchedulingDirector.fire(StaticSchedulingDirector.java:216)
	at ptolemy.domains.sdf.kernel.SDFDirector.fire(SDFDirector.java:500)
	at ptolemy.actor.CompositeActor.fire(CompositeActor.java:455)
	at ptolemy.actor.Manager.iterate(Manager.java:851)
	at ptolemy.actor.Manager.execute(Manager.java:369)
	at ptolemy.actor.Manager.run(Manager.java:1263)
	at ptolemy.actor.Manager$PtolemyRunThread.run(Manager.java:1915)
java.lang.reflect.InvocationTargetException
	at java.base/jdk.internal.reflect.NativeConstructorAccessorImpl.newInstance0(Native Method)
	at java.base/jdk.internal.reflect.NativeConstructorAccessorImpl.newInstance(NativeConstructorAccessorImpl.java:62)
	at java.base/jdk.internal.reflect.DelegatingConstructorAccessorImpl.newInstance(DelegatingConstructorAccessorImpl.java:45)
	at java.base/java.lang.reflect.Constructor.newInstance(Constructor.java:488)
	at ptolemy.util.test.junit.AutoKnownFailedTests.RunModel(AutoKnownFailedTests.java:105)
	at java.base/jdk.internal.reflect.NativeMethodAccessorImpl.invoke0(Native Method)
	at java.base/jdk.internal.reflect.NativeMethodAccessorImpl.invoke(NativeMethodAccessorImpl.java:62)
	at java.base/jdk.internal.reflect.DelegatingMethodAccessorImpl.invoke(DelegatingMethodAccessorImpl.java:43)
	at java.base/java.lang.reflect.Method.invoke(Method.java:564)
	at org.junit.runners.model.FrameworkMethod$1.runReflectiveCall(FrameworkMethod.java:44)
	at org.junit.internal.runners.model.ReflectiveCallable.run(ReflectiveCallable.java:15)
	at org.junit.runners.model.FrameworkMethod.invokeExplosively(FrameworkMethod.java:41)
	at junitparams.internal.InvokeParameterisedMethod.evaluate(InvokeParameterisedMethod.java:102)
	at org.junit.internal.runners.statements.FailOnTimeout$1.run(FailOnTimeout.java:28)
Caused by: ptolemy.kernel.util.IllegalActionException: initialize() was called after wrapup() was called but preinitialize() was not called after wrapup().
	at ptolemy.actor.lib.hoc.test.PreinitializeMustBeInvoked.initialize(PreinitializeMustBeInvoked.java:78)
	at ptolemy.actor.Director.initialize(Director.java:938)
	at ptolemy.actor.Director.initialize(Director.java:907)
	at ptolemy.actor.sched.StaticSchedulingDirector.initialize(StaticSchedulingDirector.java:159)
	at ptolemy.domains.sdf.kernel.SDFDirector.initialize(SDFDirector.java:544)
	at ptolemy.actor.CompositeActor.initialize(CompositeActor.java:935)
	at ptolemy.actor.lib.hoc.LifeCycleManager._executeInsideModel(LifeCycleManager.java:339)
	at ptolemy.actor.lib.hoc.RunCompositeActor.fire(RunCompositeActor.java:205)
	at ptolemy.actor.CompositeActor.iterate(CompositeActor.java:1146)
	at ptolemy.actor.sched.StaticSchedulingDirector.fire(StaticSchedulingDirector.java:216)
	at ptolemy.domains.sdf.kernel.SDFDirector.fire(SDFDirector.java:500)
	at ptolemy.actor.CompositeActor.fire(CompositeActor.java:455)
	at ptolemy.actor.Manager.iterate(Manager.java:851)
	at ptolemy.actor.Manager.execute(Manager.java:369)
	at ptolemy.actor.Manager.run(Manager.java:1263)
	at ptolemy.actor.Manager$PtolemyRunThread.run(Manager.java:1915)
]]></system-err>
</testsuite>
