<?xml version="1.0" encoding="UTF-8" ?>
<testsuite errors="0" failures="0" hostname="travis-job-b5ba10e0-9202-4259-b669-481545f6fe1b" name="ptolemy.actor.lib.hoc.test.junit.JUnitTclTest" skipped="0" tests="58" time="24.012" timestamp="2019-03-15T03:41:40">
  <properties>
[...]
</properties>
  <testcase classname="ptolemy.util.test.junit.TclTests" name="[0] /home/travis/build/icyphy/ptII/ptolemy/actor/lib/hoc/test/IterateOverArray.tcl (RunTclFile)" time="0.259" />
  <testcase classname="ptolemy.util.test.junit.AutoKnownFailedTests" name="[0] /home/travis/build/icyphy/ptII/ptolemy/actor/lib/hoc/test/auto/knownFailedTests/PreinitializeMustBeInvokedRunComposite.xml (RunModel)" time="0.211" />
  <testcase classname="ptolemy.util.test.junit.AutoNameArchTests" name="[0] ThereAreNoAutoArchTests (RunModel)" time="0.005" />
  <testcase classname="ptolemy.util.test.junit.AutoTests" name="[0] /home/travis/build/icyphy/ptII/ptolemy/actor/lib/hoc/test/auto/AllToAllMultiInstanceComposite.xml (RunModel)" time="0.31" />
  <testcase classname="ptolemy.util.test.junit.AutoTests" name="[1] /home/travis/build/icyphy/ptII/ptolemy/actor/lib/hoc/test/auto/ApplyFFTTest.xml (RunModel)" time="0.243" />
  <testcase classname="ptolemy.util.test.junit.AutoTests" name="[2] /home/travis/build/icyphy/ptII/ptolemy/actor/lib/hoc/test/auto/ApplyFunction.xml (RunModel)" time="0.036" />
  <testcase classname="ptolemy.util.test.junit.AutoTests" name="[3] /home/travis/build/icyphy/ptII/ptolemy/actor/lib/hoc/test/auto/BackgroundExecution.xml (RunModel)" time="0.745" />
  <testcase classname="ptolemy.util.test.junit.AutoTests" name="[4] /home/travis/build/icyphy/ptII/ptolemy/actor/lib/hoc/test/auto/Case.xml (RunModel)" time="0.058" />
  <testcase classname="ptolemy.util.test.junit.AutoTests" name="[5] /home/travis/build/icyphy/ptII/ptolemy/actor/lib/hoc/test/auto/Case1.xml (RunModel)" time="0.068" />
  <testcase classname="ptolemy.util.test.junit.AutoTests" name="[6] /home/travis/build/icyphy/ptII/ptolemy/actor/lib/hoc/test/auto/Case2.xml (RunModel)" time="0.126" />
  <testcase classname="ptolemy.util.test.junit.AutoTests" name="[7] /home/travis/build/icyphy/ptII/ptolemy/actor/lib/hoc/test/auto/Case3.xml (RunModel)" time="0.063" />
  <testcase classname="ptolemy.util.test.junit.AutoTests" name="[8] /home/travis/build/icyphy/ptII/ptolemy/actor/lib/hoc/test/auto/Case4.xml (RunModel)" time="0.062" />
  <testcase classname="ptolemy.util.test.junit.AutoTests" name="[9] /home/travis/build/icyphy/ptII/ptolemy/actor/lib/hoc/test/auto/Case5.xml (RunModel)" time="0.094" />
  <testcase classname="ptolemy.util.test.junit.AutoTests" name="[10] /home/travis/build/icyphy/ptII/ptolemy/actor/lib/hoc/test/auto/Case6.xml (RunModel)" time="0.118" />
  <testcase classname="ptolemy.util.test.junit.AutoTests" name="[11] /home/travis/build/icyphy/ptII/ptolemy/actor/lib/hoc/test/auto/CaseString2.xml (RunModel)" time="0.053" />
  <testcase classname="ptolemy.util.test.junit.AutoTests" name="[12] /home/travis/build/icyphy/ptII/ptolemy/actor/lib/hoc/test/auto/CatchUpComposite1.xml (RunModel)" time="0.077" />
  <testcase classname="ptolemy.util.test.junit.AutoTests" name="[13] /home/travis/build/icyphy/ptII/ptolemy/actor/lib/hoc/test/auto/CatchUpComposite2.xml (RunModel)" time="0.057" />
  <testcase classname="ptolemy.util.test.junit.AutoTests" name="[14] /home/travis/build/icyphy/ptII/ptolemy/actor/lib/hoc/test/auto/CatchUpComposite3.xml (RunModel)" time="0.041" />
  <testcase classname="ptolemy.util.test.junit.AutoTests" name="[15] /home/travis/build/icyphy/ptII/ptolemy/actor/lib/hoc/test/auto/CatchUpComposite4.xml (RunModel)" time="0.056" />
  <testcase classname="ptolemy.util.test.junit.AutoTests" name="[16] /home/travis/build/icyphy/ptII/ptolemy/actor/lib/hoc/test/auto/CatchUpComposite5.xml (RunModel)" time="0.038" />
  <testcase classname="ptolemy.util.test.junit.AutoTests" name="[17] /home/travis/build/icyphy/ptII/ptolemy/actor/lib/hoc/test/auto/CatchUpComposite6.xml (RunModel)" time="0.131" />
  <testcase classname="ptolemy.util.test.junit.AutoTests" name="[18] /home/travis/build/icyphy/ptII/ptolemy/actor/lib/hoc/test/auto/CatchUpComposite7.xml (RunModel)" time="0.08" />
  <testcase classname="ptolemy.util.test.junit.AutoTests" name="[19] /home/travis/build/icyphy/ptII/ptolemy/actor/lib/hoc/test/auto/ConcurrentExecutionTimeSDF.xml (RunModel)" time="1.012" />
  <testcase classname="ptolemy.util.test.junit.AutoTests" name="[20] /home/travis/build/icyphy/ptII/ptolemy/actor/lib/hoc/test/auto/ConcurrentSleep.xml (RunModel)" time="0.769" />
  <testcase classname="ptolemy.util.test.junit.AutoTests" name="[21] /home/travis/build/icyphy/ptII/ptolemy/actor/lib/hoc/test/auto/DEInPNInRunCompositeActor.xml (RunModel)" time="0.048" />
  <testcase classname="ptolemy.util.test.junit.AutoTests" name="[22] /home/travis/build/icyphy/ptII/ptolemy/actor/lib/hoc/test/auto/DFTSubSetTest.xml (RunModel)" time="0.264" />
  <testcase classname="ptolemy.util.test.junit.AutoTests" name="[23] /home/travis/build/icyphy/ptII/ptolemy/actor/lib/hoc/test/auto/HocDE.xml (RunModel)" time="0.184" />
  <testcase classname="ptolemy.util.test.junit.AutoTests" name="[24] /home/travis/build/icyphy/ptII/ptolemy/actor/lib/hoc/test/auto/IterateOverArray.xml (RunModel)" time="0.027" />
  <testcase classname="ptolemy.util.test.junit.AutoTests" name="[25] /home/travis/build/icyphy/ptII/ptolemy/actor/lib/hoc/test/auto/IterateOverArray10.xml (RunModel)" time="0.026" />
  <testcase classname="ptolemy.util.test.junit.AutoTests" name="[26] /home/travis/build/icyphy/ptII/ptolemy/actor/lib/hoc/test/auto/IterateOverArray11.xml (RunModel)" time="0.021" />
  <testcase classname="ptolemy.util.test.junit.AutoTests" name="[27] /home/travis/build/icyphy/ptII/ptolemy/actor/lib/hoc/test/auto/IterateOverArray12.xml (RunModel)" time="0.028" />
  <testcase classname="ptolemy.util.test.junit.AutoTests" name="[28] /home/travis/build/icyphy/ptII/ptolemy/actor/lib/hoc/test/auto/IterateOverArray13.xml (RunModel)" time="0.144" />
  <testcase classname="ptolemy.util.test.junit.AutoTests" name="[29] /home/travis/build/icyphy/ptII/ptolemy/actor/lib/hoc/test/auto/IterateOverArray14.xml (RunModel)" time="0.159" />
  <testcase classname="ptolemy.util.test.junit.AutoTests" name="[30] /home/travis/build/icyphy/ptII/ptolemy/actor/lib/hoc/test/auto/IterateOverArray2.xml (RunModel)" time="0.032" />
  <testcase classname="ptolemy.util.test.junit.AutoTests" name="[31] /home/travis/build/icyphy/ptII/ptolemy/actor/lib/hoc/test/auto/IterateOverArray3.xml (RunModel)" time="0.043" />
  <testcase classname="ptolemy.util.test.junit.AutoTests" name="[32] /home/travis/build/icyphy/ptII/ptolemy/actor/lib/hoc/test/auto/IterateOverArray4.xml (RunModel)" time="0.017" />
  <testcase classname="ptolemy.util.test.junit.AutoTests" name="[33] /home/travis/build/icyphy/ptII/ptolemy/actor/lib/hoc/test/auto/IterateOverArray5.xml (RunModel)" time="0.018" />
  <testcase classname="ptolemy.util.test.junit.AutoTests" name="[34] /home/travis/build/icyphy/ptII/ptolemy/actor/lib/hoc/test/auto/IterateOverArray6.xml (RunModel)" time="0.014" />
  <testcase classname="ptolemy.util.test.junit.AutoTests" name="[35] /home/travis/build/icyphy/ptII/ptolemy/actor/lib/hoc/test/auto/IterateOverArray7.xml (RunModel)" time="0.022" />
  <testcase classname="ptolemy.util.test.junit.AutoTests" name="[36] /home/travis/build/icyphy/ptII/ptolemy/actor/lib/hoc/test/auto/IterateOverArray8.xml (RunModel)" time="0.02" />
  <testcase classname="ptolemy.util.test.junit.AutoTests" name="[37] /home/travis/build/icyphy/ptII/ptolemy/actor/lib/hoc/test/auto/IterateOverArray9.xml (RunModel)" time="0.026" />
  <testcase classname="ptolemy.util.test.junit.AutoTests" name="[38] /home/travis/build/icyphy/ptII/ptolemy/actor/lib/hoc/test/auto/IterateOverArrayCoercedOutputType.xml (RunModel)" time="0.031" />
  <testcase classname="ptolemy.util.test.junit.AutoTests" name="[39] /home/travis/build/icyphy/ptII/ptolemy/actor/lib/hoc/test/auto/IterateOverArrayInferredOutputType.xml (RunModel)" time="0.036" />
  <testcase classname="ptolemy.util.test.junit.AutoTests" name="[40] /home/travis/build/icyphy/ptII/ptolemy/actor/lib/hoc/test/auto/MobileFunctionTest.xml (RunModel)" time="0.028" />
  <testcase classname="ptolemy.util.test.junit.AutoTests" name="[41] /home/travis/build/icyphy/ptII/ptolemy/actor/lib/hoc/test/auto/MobileModelTest.xml (RunModel)" time="0.12" />
  <testcase classname="ptolemy.util.test.junit.AutoTests" name="[42] /home/travis/build/icyphy/ptII/ptolemy/actor/lib/hoc/test/auto/ModelReference.xml (RunModel)" time="0.048" />
  <testcase classname="ptolemy.util.test.junit.AutoTests" name="[43] /home/travis/build/icyphy/ptII/ptolemy/actor/lib/hoc/test/auto/ModelReference3.xml (RunModel)" time="0.039" />
  <testcase classname="ptolemy.util.test.junit.AutoTests" name="[44] /home/travis/build/icyphy/ptII/ptolemy/actor/lib/hoc/test/auto/ModelReference4.xml (RunModel)" time="10.033" />
  <testcase classname="ptolemy.util.test.junit.AutoTests" name="[45] /home/travis/build/icyphy/ptII/ptolemy/actor/lib/hoc/test/auto/MultiInstanceComposite.xml (RunModel)" time="0.052" />
  <testcase classname="ptolemy.util.test.junit.AutoTests" name="[46] /home/travis/build/icyphy/ptII/ptolemy/actor/lib/hoc/test/auto/MultiInstanceComposite2.xml (RunModel)" time="0.046" />
  <testcase classname="ptolemy.util.test.junit.AutoTests" name="[47] /home/travis/build/icyphy/ptII/ptolemy/actor/lib/hoc/test/auto/MulticoreExecution.xml (RunModel)" time="1.059" />
  <testcase classname="ptolemy.util.test.junit.AutoTests" name="[48] /home/travis/build/icyphy/ptII/ptolemy/actor/lib/hoc/test/auto/ParallelExecution.xml (RunModel)" time="0.939" />
  <testcase classname="ptolemy.util.test.junit.AutoTests" name="[49] /home/travis/build/icyphy/ptII/ptolemy/actor/lib/hoc/test/auto/RunCompositeActor.xml (RunModel)" time="0.051" />
  <testcase classname="ptolemy.util.test.junit.AutoTests" name="[50] /home/travis/build/icyphy/ptII/ptolemy/actor/lib/hoc/test/auto/RunCompositeActor2.xml (RunModel)" time="0.024" />
  <testcase classname="ptolemy.util.test.junit.AutoTests" name="[51] /home/travis/build/icyphy/ptII/ptolemy/actor/lib/hoc/test/auto/RunCompositeActor3.xml (RunModel)" time="0.024" />
  <testcase classname="ptolemy.util.test.junit.AutoTests" name="[52] /home/travis/build/icyphy/ptII/ptolemy/actor/lib/hoc/test/auto/RunCompositeActor4.xml (RunModel)" time="0.046" />
  <testcase classname="ptolemy.util.test.junit.AutoTests" name="[53] /home/travis/build/icyphy/ptII/ptolemy/actor/lib/hoc/test/auto/RunCompositeIterateOverArray.xml (RunModel)" time="0.046" />
  <testcase classname="ptolemy.util.test.junit.AutoTests" name="[54] /home/travis/build/icyphy/ptII/ptolemy/actor/lib/hoc/test/auto/ThreadedJS.xml (RunModel)" time="5.097" />
  <system-out><![CDATA[/home/travis/build/icyphy/ptII/ptolemy/actor/lib/hoc/test/IterateOverArray.tcl
testDefs.tcl: setting time out to 9000 seconds at Fri Mar 15 03:41:40 UTC 2019
03/15/19 03:41:40
Failed: 0  Total Tests: 2  ((Passed: 2, Newly Passed: 0)  Known Failed: 0) /home/travis/build/icyphy/ptII/ptolemy/actor/lib/hoc/test
----------------- testing (KnownFailure) /home/travis/build/icyphy/ptII/ptolemy/actor/lib/hoc/test/auto/knownFailedTests/PreinitializeMustBeInvokedRunComposite.xml
33 ms. Memory: 116224K Free: 106892K (92%)
Known Failure: java.lang.reflect.InvocationTargetException
No auto/linux-amd64/*.xml tests in /home/travis/build/icyphy/ptII/ptolemy/actor/lib/hoc/test
AutoTests.java: About to close Vertx.
AutoTests.java: Vertx closed.

===========================================================================================
----------------- testing Fri Mar 15 03:41:41 UTC 2019 /home/travis/build/icyphy/ptII/ptolemy/actor/lib/hoc/test/auto/AllToAllMultiInstanceComposite.xml
----------------- Instantiating /home/travis/build/icyphy/ptII/ptolemy/actor/lib/hoc/test/auto/AllToAllMultiInstanceComposite.xml
117 ms. Memory: 146944K Free: 120988K (82%)
----------------- Invoking toplevel() on ptolemy.moml.MoMLSimpleApplication@2a501c86
----------------- Done invoking toplevel() on ptolemy.moml.MoMLSimpleApplication@2a501c86
reloadAllAccessors: .AllToAllMultiInstanceComposite

===========================================================================================
----------------- testing Fri Mar 15 03:41:41 UTC 2019 /home/travis/build/icyphy/ptII/ptolemy/actor/lib/hoc/test/auto/ApplyFFTTest.xml
----------------- Instantiating /home/travis/build/icyphy/ptII/ptolemy/actor/lib/hoc/test/auto/ApplyFFTTest.xml
89 ms. Memory: 146944K Free: 100663K (69%)
----------------- Invoking toplevel() on ptolemy.moml.MoMLSimpleApplication@1db5b014
----------------- Done invoking toplevel() on ptolemy.moml.MoMLSimpleApplication@1db5b014
reloadAllAccessors: .ApplyFFTTest

===========================================================================================
----------------- testing Fri Mar 15 03:41:41 UTC 2019 /home/travis/build/icyphy/ptII/ptolemy/actor/lib/hoc/test/auto/ApplyFunction.xml
----------------- Instantiating /home/travis/build/icyphy/ptII/ptolemy/actor/lib/hoc/test/auto/ApplyFunction.xml
9 ms. Memory: 146944K Free: 97338K (66%)
----------------- Invoking toplevel() on ptolemy.moml.MoMLSimpleApplication@53e4bfea
----------------- Done invoking toplevel() on ptolemy.moml.MoMLSimpleApplication@53e4bfea
reloadAllAccessors: .ApplyFunction

===========================================================================================
----------------- testing Fri Mar 15 03:41:42 UTC 2019 /home/travis/build/icyphy/ptII/ptolemy/actor/lib/hoc/test/auto/BackgroundExecution.xml
----------------- Instantiating /home/travis/build/icyphy/ptII/ptolemy/actor/lib/hoc/test/auto/BackgroundExecution.xml
637 ms. Memory: 146944K Free: 89778K (61%)
----------------- Invoking toplevel() on ptolemy.moml.MoMLSimpleApplication@ba13414
----------------- Done invoking toplevel() on ptolemy.moml.MoMLSimpleApplication@ba13414
reloadAllAccessors: .BackgroundExecution

===========================================================================================
----------------- testing Fri Mar 15 03:41:42 UTC 2019 /home/travis/build/icyphy/ptII/ptolemy/actor/lib/hoc/test/auto/Case.xml
----------------- Instantiating /home/travis/build/icyphy/ptII/ptolemy/actor/lib/hoc/test/auto/Case.xml
16 ms. Memory: 146944K Free: 81217K (55%)
----------------- Invoking toplevel() on ptolemy.moml.MoMLSimpleApplication@7dc48fa1
----------------- Done invoking toplevel() on ptolemy.moml.MoMLSimpleApplication@7dc48fa1
reloadAllAccessors: .Case

===========================================================================================
----------------- testing Fri Mar 15 03:41:42 UTC 2019 /home/travis/build/icyphy/ptII/ptolemy/actor/lib/hoc/test/auto/Case1.xml
----------------- Instantiating /home/travis/build/icyphy/ptII/ptolemy/actor/lib/hoc/test/auto/Case1.xml
17 ms. Memory: 146944K Free: 136229K (93%)
----------------- Invoking toplevel() on ptolemy.moml.MoMLSimpleApplication@41dd4246
----------------- Done invoking toplevel() on ptolemy.moml.MoMLSimpleApplication@41dd4246
reloadAllAccessors: .Case1

===========================================================================================
----------------- testing Fri Mar 15 03:41:42 UTC 2019 /home/travis/build/icyphy/ptII/ptolemy/actor/lib/hoc/test/auto/Case2.xml
----------------- Instantiating /home/travis/build/icyphy/ptII/ptolemy/actor/lib/hoc/test/auto/Case2.xml
47 ms. Memory: 146944K Free: 124720K (85%)
----------------- Invoking toplevel() on ptolemy.moml.MoMLSimpleApplication@561bd15b
----------------- Done invoking toplevel() on ptolemy.moml.MoMLSimpleApplication@561bd15b
reloadAllAccessors: .Case2

===========================================================================================
----------------- testing Fri Mar 15 03:41:43 UTC 2019 /home/travis/build/icyphy/ptII/ptolemy/actor/lib/hoc/test/auto/Case3.xml
----------------- Instantiating /home/travis/build/icyphy/ptII/ptolemy/actor/lib/hoc/test/auto/Case3.xml
15 ms. Memory: 146944K Free: 118464K (81%)
----------------- Invoking toplevel() on ptolemy.moml.MoMLSimpleApplication@45121db
----------------- Done invoking toplevel() on ptolemy.moml.MoMLSimpleApplication@45121db
reloadAllAccessors: .Case3

===========================================================================================
----------------- testing Fri Mar 15 03:41:43 UTC 2019 /home/travis/build/icyphy/ptII/ptolemy/actor/lib/hoc/test/auto/Case4.xml
----------------- Instantiating /home/travis/build/icyphy/ptII/ptolemy/actor/lib/hoc/test/auto/Case4.xml
14 ms. Memory: 146944K Free: 109863K (75%)
----------------- Invoking toplevel() on ptolemy.moml.MoMLSimpleApplication@16a62342
----------------- Done invoking toplevel() on ptolemy.moml.MoMLSimpleApplication@16a62342
reloadAllAccessors: .Case4

===========================================================================================
----------------- testing Fri Mar 15 03:41:43 UTC 2019 /home/travis/build/icyphy/ptII/ptolemy/actor/lib/hoc/test/auto/Case5.xml
----------------- Instantiating /home/travis/build/icyphy/ptII/ptolemy/actor/lib/hoc/test/auto/Case5.xml
68 ms. Memory: 146944K Free: 103213K (70%)
----------------- Invoking toplevel() on ptolemy.moml.MoMLSimpleApplication@6b5559da
----------------- Done invoking toplevel() on ptolemy.moml.MoMLSimpleApplication@6b5559da
reloadAllAccessors: .junk

===========================================================================================
----------------- testing Fri Mar 15 03:41:43 UTC 2019 /home/travis/build/icyphy/ptII/ptolemy/actor/lib/hoc/test/auto/Case6.xml
----------------- Instantiating /home/travis/build/icyphy/ptII/ptolemy/actor/lib/hoc/test/auto/Case6.xml
42 ms. Memory: 146944K Free: 89632K (61%)
----------------- Invoking toplevel() on ptolemy.moml.MoMLSimpleApplication@2d0564d6
----------------- Done invoking toplevel() on ptolemy.moml.MoMLSimpleApplication@2d0564d6
reloadAllAccessors: .Case6

===========================================================================================
----------------- testing Fri Mar 15 03:41:43 UTC 2019 /home/travis/build/icyphy/ptII/ptolemy/actor/lib/hoc/test/auto/CaseString2.xml
----------------- Instantiating /home/travis/build/icyphy/ptII/ptolemy/actor/lib/hoc/test/auto/CaseString2.xml
23 ms. Memory: 146944K Free: 81311K (55%)
----------------- Invoking toplevel() on ptolemy.moml.MoMLSimpleApplication@724f8122
----------------- Done invoking toplevel() on ptolemy.moml.MoMLSimpleApplication@724f8122
reloadAllAccessors: .CaseString2

===========================================================================================
----------------- testing Fri Mar 15 03:41:43 UTC 2019 /home/travis/build/icyphy/ptII/ptolemy/actor/lib/hoc/test/auto/CatchUpComposite1.xml
----------------- Instantiating /home/travis/build/icyphy/ptII/ptolemy/actor/lib/hoc/test/auto/CatchUpComposite1.xml
17 ms. Memory: 208384K Free: 194198K (93%)
----------------- Invoking toplevel() on ptolemy.moml.MoMLSimpleApplication@113e275
----------------- Done invoking toplevel() on ptolemy.moml.MoMLSimpleApplication@113e275
reloadAllAccessors: .CatchUpComposite1

===========================================================================================
----------------- testing Fri Mar 15 03:41:43 UTC 2019 /home/travis/build/icyphy/ptII/ptolemy/actor/lib/hoc/test/auto/CatchUpComposite2.xml
----------------- Instantiating /home/travis/build/icyphy/ptII/ptolemy/actor/lib/hoc/test/auto/CatchUpComposite2.xml
15 ms. Memory: 208384K Free: 184330K (88%)
----------------- Invoking toplevel() on ptolemy.moml.MoMLSimpleApplication@2b5b329d
----------------- Done invoking toplevel() on ptolemy.moml.MoMLSimpleApplication@2b5b329d
reloadAllAccessors: .CatchUpComposite2

===========================================================================================
----------------- testing Fri Mar 15 03:41:43 UTC 2019 /home/travis/build/icyphy/ptII/ptolemy/actor/lib/hoc/test/auto/CatchUpComposite3.xml
----------------- Instantiating /home/travis/build/icyphy/ptII/ptolemy/actor/lib/hoc/test/auto/CatchUpComposite3.xml
9 ms. Memory: 208384K Free: 174454K (84%)
----------------- Invoking toplevel() on ptolemy.moml.MoMLSimpleApplication@30c10826
----------------- Done invoking toplevel() on ptolemy.moml.MoMLSimpleApplication@30c10826
reloadAllAccessors: .CatchUpComposite3

===========================================================================================
----------------- testing Fri Mar 15 03:41:43 UTC 2019 /home/travis/build/icyphy/ptII/ptolemy/actor/lib/hoc/test/auto/CatchUpComposite4.xml
----------------- Instantiating /home/travis/build/icyphy/ptII/ptolemy/actor/lib/hoc/test/auto/CatchUpComposite4.xml
19 ms. Memory: 208384K Free: 164585K (79%)
----------------- Invoking toplevel() on ptolemy.moml.MoMLSimpleApplication@692c0dda
----------------- Done invoking toplevel() on ptolemy.moml.MoMLSimpleApplication@692c0dda
reloadAllAccessors: .CatchUpComposite4

===========================================================================================
----------------- testing Fri Mar 15 03:41:43 UTC 2019 /home/travis/build/icyphy/ptII/ptolemy/actor/lib/hoc/test/auto/CatchUpComposite5.xml
----------------- Instantiating /home/travis/build/icyphy/ptII/ptolemy/actor/lib/hoc/test/auto/CatchUpComposite5.xml
11 ms. Memory: 208384K Free: 156393K (75%)
----------------- Invoking toplevel() on ptolemy.moml.MoMLSimpleApplication@6d3aac4d
----------------- Done invoking toplevel() on ptolemy.moml.MoMLSimpleApplication@6d3aac4d
reloadAllAccessors: .CatchUpComposite5

===========================================================================================
----------------- testing Fri Mar 15 03:41:43 UTC 2019 /home/travis/build/icyphy/ptII/ptolemy/actor/lib/hoc/test/auto/CatchUpComposite6.xml
----------------- Instantiating /home/travis/build/icyphy/ptII/ptolemy/actor/lib/hoc/test/auto/CatchUpComposite6.xml
WARNING: The execution aspects in this model can influence the timing of actors by delaying the 
execution, potentially changing the behavior. There is no guarantee that actors fire at the 
time they request to be fired. 
Use Ptides for deterministic DE behavior that is not influenced by execution aspects. 

67 ms. Memory: 208384K Free: 138258K (66%)
----------------- Invoking toplevel() on ptolemy.moml.MoMLSimpleApplication@20b27601
----------------- Done invoking toplevel() on ptolemy.moml.MoMLSimpleApplication@20b27601
reloadAllAccessors: .CatchUpComposite6

===========================================================================================
----------------- testing Fri Mar 15 03:41:43 UTC 2019 /home/travis/build/icyphy/ptII/ptolemy/actor/lib/hoc/test/auto/CatchUpComposite7.xml
----------------- Instantiating /home/travis/build/icyphy/ptII/ptolemy/actor/lib/hoc/test/auto/CatchUpComposite7.xml
WARNING: The execution aspects in this model can influence the timing of actors by delaying the 
execution, potentially changing the behavior. There is no guarantee that actors fire at the 
time they request to be fired. 
Use Ptides for deterministic DE behavior that is not influenced by execution aspects. 

34 ms. Memory: 208384K Free: 121644K (58%)
----------------- Invoking toplevel() on ptolemy.moml.MoMLSimpleApplication@59566309
----------------- Done invoking toplevel() on ptolemy.moml.MoMLSimpleApplication@59566309
reloadAllAccessors: .CatchUpComposite7

===========================================================================================
----------------- testing Fri Mar 15 03:41:43 UTC 2019 /home/travis/build/icyphy/ptII/ptolemy/actor/lib/hoc/test/auto/ConcurrentExecutionTimeSDF.xml
----------------- Instantiating /home/travis/build/icyphy/ptII/ptolemy/actor/lib/hoc/test/auto/ConcurrentExecutionTimeSDF.xml
Fired ExecutionTime: 40400000
Fired ExecutionTime: 40400000
Fired ExecutionTime: 40400000
Fired ExecutionTime: 40400000
Fired ExecutionTime: 40400000
Fired ExecutionTime: 40400000
Fired ExecutionTime: 40400000
Fired ExecutionTime: 40400000
Fired ExecutionTime: 40400000
Fired ExecutionTime: 40400000
Fired ExecutionTime: 40400000
Fired ExecutionTime: 40400000
Fired ExecutionTime: 40400000
Fired ExecutionTime: 40400000
Fired ExecutionTime: 40400000
Fired ExecutionTime: 40400000
Fired ExecutionTime: 40400000
Fired ExecutionTime: 40400000
Fired ExecutionTime: 40400000
Fired ExecutionTime: 40400000
990 ms. Memory: 208384K Free: 113436K (54%)
----------------- Invoking toplevel() on ptolemy.moml.MoMLSimpleApplication@5b17babf
----------------- Done invoking toplevel() on ptolemy.moml.MoMLSimpleApplication@5b17babf
reloadAllAccessors: .ConcurrentExecutionTimeSDF

===========================================================================================
----------------- testing Fri Mar 15 03:41:44 UTC 2019 /home/travis/build/icyphy/ptII/ptolemy/actor/lib/hoc/test/auto/ConcurrentSleep.xml
----------------- Instantiating /home/travis/build/icyphy/ptII/ptolemy/actor/lib/hoc/test/auto/ConcurrentSleep.xml
733 ms. Memory: 208384K Free: 99493K (48%)
----------------- Invoking toplevel() on ptolemy.moml.MoMLSimpleApplication@268d8f0b
----------------- Done invoking toplevel() on ptolemy.moml.MoMLSimpleApplication@268d8f0b
reloadAllAccessors: .ConcurrentSleep

===========================================================================================
----------------- testing Fri Mar 15 03:41:45 UTC 2019 /home/travis/build/icyphy/ptII/ptolemy/actor/lib/hoc/test/auto/DEInPNInRunCompositeActor.xml
----------------- Instantiating /home/travis/build/icyphy/ptII/ptolemy/actor/lib/hoc/test/auto/DEInPNInRunCompositeActor.xml
11 ms. Memory: 208384K Free: 91264K (44%)
----------------- Invoking toplevel() on ptolemy.moml.MoMLSimpleApplication@446e9680
----------------- Done invoking toplevel() on ptolemy.moml.MoMLSimpleApplication@446e9680
reloadAllAccessors: .DEInPNInRunCompositeActor

===========================================================================================
----------------- testing Fri Mar 15 03:41:45 UTC 2019 /home/travis/build/icyphy/ptII/ptolemy/actor/lib/hoc/test/auto/DFTSubSetTest.xml
----------------- Instantiating /home/travis/build/icyphy/ptII/ptolemy/actor/lib/hoc/test/auto/DFTSubSetTest.xml
155 ms. Memory: 208384K Free: 167948K (81%)
----------------- Invoking toplevel() on ptolemy.moml.MoMLSimpleApplication@1a4c76a
----------------- Done invoking toplevel() on ptolemy.moml.MoMLSimpleApplication@1a4c76a
reloadAllAccessors: .DFTSubSetTest

===========================================================================================
----------------- testing Fri Mar 15 03:41:46 UTC 2019 /home/travis/build/icyphy/ptII/ptolemy/actor/lib/hoc/test/auto/HocDE.xml
----------------- Instantiating /home/travis/build/icyphy/ptII/ptolemy/actor/lib/hoc/test/auto/HocDE.xml
135 ms. Memory: 208384K Free: 141077K (68%)
----------------- Invoking toplevel() on ptolemy.moml.MoMLSimpleApplication@77e2e9a7
----------------- Done invoking toplevel() on ptolemy.moml.MoMLSimpleApplication@77e2e9a7
reloadAllAccessors: .HocDE

===========================================================================================
----------------- testing Fri Mar 15 03:41:46 UTC 2019 /home/travis/build/icyphy/ptII/ptolemy/actor/lib/hoc/test/auto/IterateOverArray.xml
----------------- Instantiating /home/travis/build/icyphy/ptII/ptolemy/actor/lib/hoc/test/auto/IterateOverArray.xml
7 ms. Memory: 208384K Free: 135506K (65%)
----------------- Invoking toplevel() on ptolemy.moml.MoMLSimpleApplication@4e079334
----------------- Done invoking toplevel() on ptolemy.moml.MoMLSimpleApplication@4e079334
reloadAllAccessors: .IterateOverArray

===========================================================================================
----------------- testing Fri Mar 15 03:41:46 UTC 2019 /home/travis/build/icyphy/ptII/ptolemy/actor/lib/hoc/test/auto/IterateOverArray10.xml
----------------- Instantiating /home/travis/build/icyphy/ptII/ptolemy/actor/lib/hoc/test/auto/IterateOverArray10.xml
9 ms. Memory: 208384K Free: 131410K (63%)
----------------- Invoking toplevel() on ptolemy.moml.MoMLSimpleApplication@75c0f25c
----------------- Done invoking toplevel() on ptolemy.moml.MoMLSimpleApplication@75c0f25c
reloadAllAccessors: .IterateOverArray10

===========================================================================================
----------------- testing Fri Mar 15 03:41:46 UTC 2019 /home/travis/build/icyphy/ptII/ptolemy/actor/lib/hoc/test/auto/IterateOverArray11.xml
----------------- Instantiating /home/travis/build/icyphy/ptII/ptolemy/actor/lib/hoc/test/auto/IterateOverArray11.xml
4 ms. Memory: 208384K Free: 125855K (60%)
----------------- Invoking toplevel() on ptolemy.moml.MoMLSimpleApplication@5947ff68
----------------- Done invoking toplevel() on ptolemy.moml.MoMLSimpleApplication@5947ff68
reloadAllAccessors: .IterateOverArray11

===========================================================================================
----------------- testing Fri Mar 15 03:41:46 UTC 2019 /home/travis/build/icyphy/ptII/ptolemy/actor/lib/hoc/test/auto/IterateOverArray12.xml
----------------- Instantiating /home/travis/build/icyphy/ptII/ptolemy/actor/lib/hoc/test/auto/IterateOverArray12.xml
11 ms. Memory: 208384K Free: 119301K (57%)
----------------- Invoking toplevel() on ptolemy.moml.MoMLSimpleApplication@1f5e6a1a
----------------- Done invoking toplevel() on ptolemy.moml.MoMLSimpleApplication@1f5e6a1a
reloadAllAccessors: .IterateOverArray12

===========================================================================================
----------------- testing Fri Mar 15 03:41:46 UTC 2019 /home/travis/build/icyphy/ptII/ptolemy/actor/lib/hoc/test/auto/IterateOverArray13.xml
----------------- Instantiating /home/travis/build/icyphy/ptII/ptolemy/actor/lib/hoc/test/auto/IterateOverArray13.xml
63 ms. Memory: 208384K Free: 91579K (44%)
----------------- Invoking toplevel() on ptolemy.moml.MoMLSimpleApplication@402ddbc9
----------------- Done invoking toplevel() on ptolemy.moml.MoMLSimpleApplication@402ddbc9
reloadAllAccessors: .IterateOverArray13

===========================================================================================
----------------- testing Fri Mar 15 03:41:46 UTC 2019 /home/travis/build/icyphy/ptII/ptolemy/actor/lib/hoc/test/auto/IterateOverArray14.xml
----------------- Instantiating /home/travis/build/icyphy/ptII/ptolemy/actor/lib/hoc/test/auto/IterateOverArray14.xml
65 ms. Memory: 332288K Free: 301924K (91%)
----------------- Invoking toplevel() on ptolemy.moml.MoMLSimpleApplication@22e192c4
----------------- Done invoking toplevel() on ptolemy.moml.MoMLSimpleApplication@22e192c4
reloadAllAccessors: .IterateOverArray14

===========================================================================================
----------------- testing Fri Mar 15 03:41:46 UTC 2019 /home/travis/build/icyphy/ptII/ptolemy/actor/lib/hoc/test/auto/IterateOverArray2.xml
----------------- Instantiating /home/travis/build/icyphy/ptII/ptolemy/actor/lib/hoc/test/auto/IterateOverArray2.xml
10 ms. Memory: 332288K Free: 294590K (89%)
----------------- Invoking toplevel() on ptolemy.moml.MoMLSimpleApplication@6c506477
----------------- Done invoking toplevel() on ptolemy.moml.MoMLSimpleApplication@6c506477
reloadAllAccessors: .IterateOverArray2

===========================================================================================
----------------- testing Fri Mar 15 03:41:46 UTC 2019 /home/travis/build/icyphy/ptII/ptolemy/actor/lib/hoc/test/auto/IterateOverArray3.xml
----------------- Instantiating /home/travis/build/icyphy/ptII/ptolemy/actor/lib/hoc/test/auto/IterateOverArray3.xml
17 ms. Memory: 332288K Free: 288050K (87%)
----------------- Invoking toplevel() on ptolemy.moml.MoMLSimpleApplication@6182a906
----------------- Done invoking toplevel() on ptolemy.moml.MoMLSimpleApplication@6182a906
reloadAllAccessors: .IterateOverArray3

===========================================================================================
----------------- testing Fri Mar 15 03:41:46 UTC 2019 /home/travis/build/icyphy/ptII/ptolemy/actor/lib/hoc/test/auto/IterateOverArray4.xml
----------------- Instantiating /home/travis/build/icyphy/ptII/ptolemy/actor/lib/hoc/test/auto/IterateOverArray4.xml
4 ms. Memory: 332288K Free: 282368K (85%)
----------------- Invoking toplevel() on ptolemy.moml.MoMLSimpleApplication@2dc72036
----------------- Done invoking toplevel() on ptolemy.moml.MoMLSimpleApplication@2dc72036
reloadAllAccessors: .IterateOverArray4

===========================================================================================
----------------- testing Fri Mar 15 03:41:46 UTC 2019 /home/travis/build/icyphy/ptII/ptolemy/actor/lib/hoc/test/auto/IterateOverArray5.xml
----------------- Instantiating /home/travis/build/icyphy/ptII/ptolemy/actor/lib/hoc/test/auto/IterateOverArray5.xml
3 ms. Memory: 332288K Free: 277463K (84%)
----------------- Invoking toplevel() on ptolemy.moml.MoMLSimpleApplication@390ff8fb
----------------- Done invoking toplevel() on ptolemy.moml.MoMLSimpleApplication@390ff8fb
reloadAllAccessors: .IterateOverArray5

===========================================================================================
----------------- testing Fri Mar 15 03:41:46 UTC 2019 /home/travis/build/icyphy/ptII/ptolemy/actor/lib/hoc/test/auto/IterateOverArray6.xml
----------------- Instantiating /home/travis/build/icyphy/ptII/ptolemy/actor/lib/hoc/test/auto/IterateOverArray6.xml
2 ms. Memory: 332288K Free: 271780K (82%)
----------------- Invoking toplevel() on ptolemy.moml.MoMLSimpleApplication@35bf651f
----------------- Done invoking toplevel() on ptolemy.moml.MoMLSimpleApplication@35bf651f
reloadAllAccessors: .IterateOverArray6

===========================================================================================
----------------- testing Fri Mar 15 03:41:46 UTC 2019 /home/travis/build/icyphy/ptII/ptolemy/actor/lib/hoc/test/auto/IterateOverArray7.xml
----------------- Instantiating /home/travis/build/icyphy/ptII/ptolemy/actor/lib/hoc/test/auto/IterateOverArray7.xml
4 ms. Memory: 332288K Free: 266875K (80%)
----------------- Invoking toplevel() on ptolemy.moml.MoMLSimpleApplication@7f7e3002
----------------- Done invoking toplevel() on ptolemy.moml.MoMLSimpleApplication@7f7e3002
reloadAllAccessors: .IterateOverArray7

===========================================================================================
----------------- testing Fri Mar 15 03:41:46 UTC 2019 /home/travis/build/icyphy/ptII/ptolemy/actor/lib/hoc/test/auto/IterateOverArray8.xml
----------------- Instantiating /home/travis/build/icyphy/ptII/ptolemy/actor/lib/hoc/test/auto/IterateOverArray8.xml
3 ms. Memory: 332288K Free: 261970K (79%)
----------------- Invoking toplevel() on ptolemy.moml.MoMLSimpleApplication@f5359d3
----------------- Done invoking toplevel() on ptolemy.moml.MoMLSimpleApplication@f5359d3
reloadAllAccessors: .IterateOverArray8

===========================================================================================
----------------- testing Fri Mar 15 03:41:46 UTC 2019 /home/travis/build/icyphy/ptII/ptolemy/actor/lib/hoc/test/auto/IterateOverArray9.xml
----------------- Instantiating /home/travis/build/icyphy/ptII/ptolemy/actor/lib/hoc/test/auto/IterateOverArray9.xml
10 ms. Memory: 332288K Free: 256288K (77%)
----------------- Invoking toplevel() on ptolemy.moml.MoMLSimpleApplication@7e2e6319
----------------- Done invoking toplevel() on ptolemy.moml.MoMLSimpleApplication@7e2e6319
reloadAllAccessors: .IterateOverArray9

===========================================================================================
----------------- testing Fri Mar 15 03:41:46 UTC 2019 /home/travis/build/icyphy/ptII/ptolemy/actor/lib/hoc/test/auto/IterateOverArrayCoercedOutputType.xml
----------------- Instantiating /home/travis/build/icyphy/ptII/ptolemy/actor/lib/hoc/test/auto/IterateOverArrayCoercedOutputType.xml
4 ms. Memory: 332288K Free: 249748K (75%)
----------------- Invoking toplevel() on ptolemy.moml.MoMLSimpleApplication@5ddd7252
----------------- Done invoking toplevel() on ptolemy.moml.MoMLSimpleApplication@5ddd7252
reloadAllAccessors: .IterateOverArrayCoercedOutputType

===========================================================================================
----------------- testing Fri Mar 15 03:41:46 UTC 2019 /home/travis/build/icyphy/ptII/ptolemy/actor/lib/hoc/test/auto/IterateOverArrayInferredOutputType.xml
----------------- Instantiating /home/travis/build/icyphy/ptII/ptolemy/actor/lib/hoc/test/auto/IterateOverArrayInferredOutputType.xml
13 ms. Memory: 332288K Free: 242430K (73%)
----------------- Invoking toplevel() on ptolemy.moml.MoMLSimpleApplication@4b71ebba
----------------- Done invoking toplevel() on ptolemy.moml.MoMLSimpleApplication@4b71ebba
reloadAllAccessors: .IterateOverArrayInferredOutputType

===========================================================================================
----------------- testing Fri Mar 15 03:41:46 UTC 2019 /home/travis/build/icyphy/ptII/ptolemy/actor/lib/hoc/test/auto/MobileFunctionTest.xml
----------------- Instantiating /home/travis/build/icyphy/ptII/ptolemy/actor/lib/hoc/test/auto/MobileFunctionTest.xml
4 ms. Memory: 332288K Free: 237526K (71%)
----------------- Invoking toplevel() on ptolemy.moml.MoMLSimpleApplication@4ed9578e
----------------- Done invoking toplevel() on ptolemy.moml.MoMLSimpleApplication@4ed9578e
reloadAllAccessors: .MobileFunctionTest

===========================================================================================
----------------- testing Fri Mar 15 03:41:46 UTC 2019 /home/travis/build/icyphy/ptII/ptolemy/actor/lib/hoc/test/auto/MobileModelTest.xml
----------------- Instantiating /home/travis/build/icyphy/ptII/ptolemy/actor/lib/hoc/test/auto/MobileModelTest.xml
87 ms. Memory: 332288K Free: 215491K (65%)
----------------- Invoking toplevel() on ptolemy.moml.MoMLSimpleApplication@20e4d9d1
----------------- Done invoking toplevel() on ptolemy.moml.MoMLSimpleApplication@20e4d9d1
reloadAllAccessors: .MobileModelTest

===========================================================================================
----------------- testing Fri Mar 15 03:41:47 UTC 2019 /home/travis/build/icyphy/ptII/ptolemy/actor/lib/hoc/test/auto/ModelReference.xml
----------------- Instantiating /home/travis/build/icyphy/ptII/ptolemy/actor/lib/hoc/test/auto/ModelReference.xml
3 ms. Memory: 332288K Free: 207316K (62%)
2 ms. Memory: 332288K Free: 207316K (62%)
2 ms. Memory: 332288K Free: 205682K (62%)
2 ms. Memory: 332288K Free: 205682K (62%)
1 ms. Memory: 332288K Free: 204047K (61%)
1 ms. Memory: 332288K Free: 204047K (61%)
2 ms. Memory: 332288K Free: 202412K (61%)
1 ms. Memory: 332288K Free: 202412K (61%)
1 ms. Memory: 332288K Free: 200777K (60%)
2 ms. Memory: 332288K Free: 200777K (60%)
22 ms. Memory: 332288K Free: 200777K (60%)
----------------- Invoking toplevel() on ptolemy.moml.MoMLSimpleApplication@19d134f9
----------------- Done invoking toplevel() on ptolemy.moml.MoMLSimpleApplication@19d134f9
reloadAllAccessors: .ModelReference

===========================================================================================
----------------- testing Fri Mar 15 03:41:47 UTC 2019 /home/travis/build/icyphy/ptII/ptolemy/actor/lib/hoc/test/auto/ModelReference3.xml
----------------- Instantiating /home/travis/build/icyphy/ptII/ptolemy/actor/lib/hoc/test/auto/ModelReference3.xml
2 ms. Memory: 332288K Free: 195872K (59%)
1 ms. Memory: 332288K Free: 194237K (58%)
1 ms. Memory: 332288K Free: 194237K (58%)
2 ms. Memory: 332288K Free: 192602K (58%)
1 ms. Memory: 332288K Free: 192602K (58%)
1 ms. Memory: 332288K Free: 190967K (57%)
1 ms. Memory: 332288K Free: 190967K (57%)
1 ms. Memory: 332288K Free: 189332K (57%)
2 ms. Memory: 332288K Free: 189332K (57%)
1 ms. Memory: 332288K Free: 187697K (56%)
25 ms. Memory: 332288K Free: 187697K (56%)
----------------- Invoking toplevel() on ptolemy.moml.MoMLSimpleApplication@69c157f0
----------------- Done invoking toplevel() on ptolemy.moml.MoMLSimpleApplication@69c157f0
reloadAllAccessors: .ModelReference3

===========================================================================================
----------------- testing Fri Mar 15 03:41:47 UTC 2019 /home/travis/build/icyphy/ptII/ptolemy/actor/lib/hoc/test/auto/ModelReference4.xml
----------------- Instantiating /home/travis/build/icyphy/ptII/ptolemy/actor/lib/hoc/test/auto/ModelReference4.xml
1 ms. Memory: 332288K Free: 180378K (54%)
12 ms. Memory: 332288K Free: 178744K (54%)
3 ms. Memory: 332288K Free: 177109K (53%)
5 ms. Memory: 332288K Free: 175474K (53%)
6 ms. Memory: 332288K Free: 172204K (52%)
2 ms. Memory: 332288K Free: 170569K (51%)
3 ms. Memory: 332288K Free: 168934K (51%)
3 ms. Memory: 332288K Free: 167299K (50%)
8 ms. Memory: 332288K Free: 165664K (50%)
2 ms. Memory: 332288K Free: 164029K (49%)
10018 ms. Memory: 332288K Free: 164029K (49%)
----------------- Invoking toplevel() on ptolemy.moml.MoMLSimpleApplication@5157b55
----------------- Done invoking toplevel() on ptolemy.moml.MoMLSimpleApplication@5157b55
reloadAllAccessors: .ModelReference4

===========================================================================================
----------------- testing Fri Mar 15 03:41:57 UTC 2019 /home/travis/build/icyphy/ptII/ptolemy/actor/lib/hoc/test/auto/MultiInstanceComposite.xml
----------------- Instantiating /home/travis/build/icyphy/ptII/ptolemy/actor/lib/hoc/test/auto/MultiInstanceComposite.xml
30 ms. Memory: 332288K Free: 146044K (44%)
----------------- Invoking toplevel() on ptolemy.moml.MoMLSimpleApplication@58b51fdf
----------------- Done invoking toplevel() on ptolemy.moml.MoMLSimpleApplication@58b51fdf
reloadAllAccessors: .MultiInstanceComposite

===========================================================================================
----------------- testing Fri Mar 15 03:41:57 UTC 2019 /home/travis/build/icyphy/ptII/ptolemy/actor/lib/hoc/test/auto/MultiInstanceComposite2.xml
----------------- Instantiating /home/travis/build/icyphy/ptII/ptolemy/actor/lib/hoc/test/auto/MultiInstanceComposite2.xml
22 ms. Memory: 332288K Free: 132122K (40%)
----------------- Invoking toplevel() on ptolemy.moml.MoMLSimpleApplication@1c5bca73
----------------- Done invoking toplevel() on ptolemy.moml.MoMLSimpleApplication@1c5bca73
reloadAllAccessors: .MultiInstanceComposite2

===========================================================================================
----------------- testing Fri Mar 15 03:41:57 UTC 2019 /home/travis/build/icyphy/ptII/ptolemy/actor/lib/hoc/test/auto/MulticoreExecution.xml
----------------- Instantiating /home/travis/build/icyphy/ptII/ptolemy/actor/lib/hoc/test/auto/MulticoreExecution.xml
Fired ExecutionTime: 14400000
Fired ExecutionTime: 20400000
Fired ExecutionTime: 51200000
Fired ExecutionTime: 50800000
Fired ExecutionTime: 50800000
Fired ExecutionTime: 50800000
Fired ExecutionTime: 50800000
Fired ExecutionTime: 51200000
Fired ExecutionTime: 41200000
Fired ExecutionTime: 50800000
Fired ExecutionTime: 66000000
Fired ExecutionTime: 66400000
Fired ExecutionTime: 66000000
Fired ExecutionTime: 66000000
Fired ExecutionTime: 66800000
Fired ExecutionTime: 68000000
Fired ExecutionTime: 71200000
Fired ExecutionTime: 54000000
Fired ExecutionTime: 54000000
Fired ExecutionTime: 69600000
1036 ms. Memory: 332288K Free: 119002K (36%)
----------------- Invoking toplevel() on ptolemy.moml.MoMLSimpleApplication@3837a129
----------------- Done invoking toplevel() on ptolemy.moml.MoMLSimpleApplication@3837a129
reloadAllAccessors: .MulticoreExecution

===========================================================================================
----------------- testing Fri Mar 15 03:41:58 UTC 2019 /home/travis/build/icyphy/ptII/ptolemy/actor/lib/hoc/test/auto/ParallelExecution.xml
----------------- Instantiating /home/travis/build/icyphy/ptII/ptolemy/actor/lib/hoc/test/auto/ParallelExecution.xml
920 ms. Memory: 332288K Free: 106756K (32%)
----------------- Invoking toplevel() on ptolemy.moml.MoMLSimpleApplication@6c0f4fec
----------------- Done invoking toplevel() on ptolemy.moml.MoMLSimpleApplication@6c0f4fec
reloadAllAccessors: .ParallelExecution

===========================================================================================
----------------- testing Fri Mar 15 03:41:59 UTC 2019 /home/travis/build/icyphy/ptII/ptolemy/actor/lib/hoc/test/auto/RunCompositeActor.xml
----------------- Instantiating /home/travis/build/icyphy/ptII/ptolemy/actor/lib/hoc/test/auto/RunCompositeActor.xml
7 ms. Memory: 332288K Free: 98549K (30%)
----------------- Invoking toplevel() on ptolemy.moml.MoMLSimpleApplication@43358047
----------------- Done invoking toplevel() on ptolemy.moml.MoMLSimpleApplication@43358047
reloadAllAccessors: .RunCompositeActor

===========================================================================================
----------------- testing Fri Mar 15 03:41:59 UTC 2019 /home/travis/build/icyphy/ptII/ptolemy/actor/lib/hoc/test/auto/RunCompositeActor2.xml
----------------- Instantiating /home/travis/build/icyphy/ptII/ptolemy/actor/lib/hoc/test/auto/RunCompositeActor2.xml
4 ms. Memory: 332288K Free: 91993K (28%)
----------------- Invoking toplevel() on ptolemy.moml.MoMLSimpleApplication@3422d9f0
----------------- Done invoking toplevel() on ptolemy.moml.MoMLSimpleApplication@3422d9f0
reloadAllAccessors: .RunCompositeActor2

===========================================================================================
----------------- testing Fri Mar 15 03:41:59 UTC 2019 /home/travis/build/icyphy/ptII/ptolemy/actor/lib/hoc/test/auto/RunCompositeActor3.xml
----------------- Instantiating /home/travis/build/icyphy/ptII/ptolemy/actor/lib/hoc/test/auto/RunCompositeActor3.xml
7 ms. Memory: 332288K Free: 84667K (25%)
----------------- Invoking toplevel() on ptolemy.moml.MoMLSimpleApplication@162502e7
----------------- Done invoking toplevel() on ptolemy.moml.MoMLSimpleApplication@162502e7
reloadAllAccessors: .RunCompositeActor3

===========================================================================================
----------------- testing Fri Mar 15 03:41:59 UTC 2019 /home/travis/build/icyphy/ptII/ptolemy/actor/lib/hoc/test/auto/RunCompositeActor4.xml
----------------- Instantiating /home/travis/build/icyphy/ptII/ptolemy/actor/lib/hoc/test/auto/RunCompositeActor4.xml
30 ms. Memory: 332800K Free: 321166K (97%)
----------------- Invoking toplevel() on ptolemy.moml.MoMLSimpleApplication@74dcaab8
----------------- Done invoking toplevel() on ptolemy.moml.MoMLSimpleApplication@74dcaab8
reloadAllAccessors: .RunCompositeActor4

===========================================================================================
----------------- testing Fri Mar 15 03:41:59 UTC 2019 /home/travis/build/icyphy/ptII/ptolemy/actor/lib/hoc/test/auto/RunCompositeIterateOverArray.xml
----------------- Instantiating /home/travis/build/icyphy/ptII/ptolemy/actor/lib/hoc/test/auto/RunCompositeIterateOverArray.xml
6 ms. Memory: 332800K Free: 313203K (94%)
----------------- Invoking toplevel() on ptolemy.moml.MoMLSimpleApplication@5847e7b6
----------------- Done invoking toplevel() on ptolemy.moml.MoMLSimpleApplication@5847e7b6
reloadAllAccessors: .RunCompositeIterateOverArray

===========================================================================================
----------------- testing Fri Mar 15 03:41:59 UTC 2019 /home/travis/build/icyphy/ptII/ptolemy/actor/lib/hoc/test/auto/ThreadedJS.xml
----------------- Instantiating /home/travis/build/icyphy/ptII/ptolemy/actor/lib/hoc/test/auto/ThreadedJS.xml
1753 ms. Memory: 542208K Free: 162515K (30%)
----------------- Invoking toplevel() on ptolemy.moml.MoMLSimpleApplication@6e285e28
----------------- Done invoking toplevel() on ptolemy.moml.MoMLSimpleApplication@6e285e28
reloadAllAccessors: .ThreadedJS
AutoTests.java: About to close Vertx.
AutoTests.java: Vertx closed.
]]></system-out>
  <system-err><![CDATA[java.lang.RuntimeException: Execution failed
	at ptolemy.moml.MoMLSimpleApplication$UnloadThread.run(MoMLSimpleApplication.java:402)
Caused by: ptolemy.kernel.util.IllegalActionException: initialize() was called after wrapup() was called but preinitialize() was not called after wrapup().
	at ptolemy.actor.lib.hoc.test.PreinitializeMustBeInvoked.initialize(PreinitializeMustBeInvoked.java:78)
	at ptolemy.actor.Director.initialize(Director.java:938)
	at ptolemy.actor.Director.initialize(Director.java:907)
	at ptolemy.actor.sched.StaticSchedulingDirector.initialize(StaticSchedulingDirector.java:159)
	at ptolemy.domains.sdf.kernel.SDFDirector.initialize(SDFDirector.java:544)
	at ptolemy.actor.CompositeActor.initialize(CompositeActor.java:935)
	at ptolemy.actor.lib.hoc.LifeCycleManager._executeInsideModel(LifeCycleManager.java:339)
	at ptolemy.actor.lib.hoc.RunCompositeActor.fire(RunCompositeActor.java:205)
	at ptolemy.actor.CompositeActor.iterate(CompositeActor.java:1146)
	at ptolemy.actor.sched.StaticSchedulingDirector.fire(StaticSchedulingDirector.java:216)
	at ptolemy.domains.sdf.kernel.SDFDirector.fire(SDFDirector.java:500)
	at ptolemy.actor.CompositeActor.fire(CompositeActor.java:455)
	at ptolemy.actor.Manager.iterate(Manager.java:851)
	at ptolemy.actor.Manager.execute(Manager.java:369)
	at ptolemy.actor.Manager.run(Manager.java:1263)
	at ptolemy.actor.Manager$PtolemyRunThread.run(Manager.java:1915)
java.lang.reflect.InvocationTargetException
	at sun.reflect.NativeConstructorAccessorImpl.newInstance0(Native Method)
	at sun.reflect.NativeConstructorAccessorImpl.newInstance(NativeConstructorAccessorImpl.java:62)
	at sun.reflect.DelegatingConstructorAccessorImpl.newInstance(DelegatingConstructorAccessorImpl.java:45)
	at java.lang.reflect.Constructor.newInstance(Constructor.java:423)
	at ptolemy.util.test.junit.AutoKnownFailedTests.RunModel(AutoKnownFailedTests.java:105)
	at sun.reflect.NativeMethodAccessorImpl.invoke0(Native Method)
	at sun.reflect.NativeMethodAccessorImpl.invoke(NativeMethodAccessorImpl.java:62)
	at sun.reflect.DelegatingMethodAccessorImpl.invoke(DelegatingMethodAccessorImpl.java:43)
	at java.lang.reflect.Method.invoke(Method.java:498)
	at org.junit.runners.model.FrameworkMethod$1.runReflectiveCall(FrameworkMethod.java:44)
	at org.junit.internal.runners.model.ReflectiveCallable.run(ReflectiveCallable.java:15)
	at org.junit.runners.model.FrameworkMethod.invokeExplosively(FrameworkMethod.java:41)
	at junitparams.internal.InvokeParameterisedMethod.evaluate(InvokeParameterisedMethod.java:102)
	at org.junit.internal.runners.statements.FailOnTimeout$1.run(FailOnTimeout.java:28)
Caused by: ptolemy.kernel.util.IllegalActionException: initialize() was called after wrapup() was called but preinitialize() was not called after wrapup().
	at ptolemy.actor.lib.hoc.test.PreinitializeMustBeInvoked.initialize(PreinitializeMustBeInvoked.java:78)
	at ptolemy.actor.Director.initialize(Director.java:938)
	at ptolemy.actor.Director.initialize(Director.java:907)
	at ptolemy.actor.sched.StaticSchedulingDirector.initialize(StaticSchedulingDirector.java:159)
	at ptolemy.domains.sdf.kernel.SDFDirector.initialize(SDFDirector.java:544)
	at ptolemy.actor.CompositeActor.initialize(CompositeActor.java:935)
	at ptolemy.actor.lib.hoc.LifeCycleManager._executeInsideModel(LifeCycleManager.java:339)
	at ptolemy.actor.lib.hoc.RunCompositeActor.fire(RunCompositeActor.java:205)
	at ptolemy.actor.CompositeActor.iterate(CompositeActor.java:1146)
	at ptolemy.actor.sched.StaticSchedulingDirector.fire(StaticSchedulingDirector.java:216)
	at ptolemy.domains.sdf.kernel.SDFDirector.fire(SDFDirector.java:500)
	at ptolemy.actor.CompositeActor.fire(CompositeActor.java:455)
	at ptolemy.actor.Manager.iterate(Manager.java:851)
	at ptolemy.actor.Manager.execute(Manager.java:369)
	at ptolemy.actor.Manager.run(Manager.java:1263)
	at ptolemy.actor.Manager$PtolemyRunThread.run(Manager.java:1915)
]]></system-err>
</testsuite>
