<?xml version="1.0" encoding="UTF-8" ?>
<testsuite errors="0" failures="0" hostname="travis-job-ff1740d5-aeee-42b8-97e8-23ff4794d3fa" name="ptolemy.actor.lib.hoc.test.junit.JUnitTclTest" skipped="0" tests="58" time="23.646" timestamp="2018-06-06T18:25:39">
  <properties>
[...]
</properties>
  <testcase classname="ptolemy.util.test.junit.TclTests" name="[0] /home/travis/build/icyphy/ptII/ptolemy/actor/lib/hoc/test/IterateOverArray.tcl (RunTclFile)" time="0.295" />
  <testcase classname="ptolemy.util.test.junit.AutoKnownFailedTests" name="[0] /home/travis/build/icyphy/ptII/ptolemy/actor/lib/hoc/test/auto/knownFailedTests/PreinitializeMustBeInvokedRunComposite.xml (RunModel)" time="0.211" />
  <testcase classname="ptolemy.util.test.junit.AutoNameArchTests" name="[0] ThereAreNoAutoArchTests (RunModel)" time="0.0" />
  <testcase classname="ptolemy.util.test.junit.AutoTests" name="[0] /home/travis/build/icyphy/ptII/ptolemy/actor/lib/hoc/test/auto/AllToAllMultiInstanceComposite.xml (RunModel)" time="0.245" />
  <testcase classname="ptolemy.util.test.junit.AutoTests" name="[1] /home/travis/build/icyphy/ptII/ptolemy/actor/lib/hoc/test/auto/ApplyFFTTest.xml (RunModel)" time="0.293" />
  <testcase classname="ptolemy.util.test.junit.AutoTests" name="[2] /home/travis/build/icyphy/ptII/ptolemy/actor/lib/hoc/test/auto/ApplyFunction.xml (RunModel)" time="0.056" />
  <testcase classname="ptolemy.util.test.junit.AutoTests" name="[3] /home/travis/build/icyphy/ptII/ptolemy/actor/lib/hoc/test/auto/BackgroundExecution.xml (RunModel)" time="0.73" />
  <testcase classname="ptolemy.util.test.junit.AutoTests" name="[4] /home/travis/build/icyphy/ptII/ptolemy/actor/lib/hoc/test/auto/Case.xml (RunModel)" time="0.042" />
  <testcase classname="ptolemy.util.test.junit.AutoTests" name="[5] /home/travis/build/icyphy/ptII/ptolemy/actor/lib/hoc/test/auto/Case1.xml (RunModel)" time="0.046" />
  <testcase classname="ptolemy.util.test.junit.AutoTests" name="[6] /home/travis/build/icyphy/ptII/ptolemy/actor/lib/hoc/test/auto/Case2.xml (RunModel)" time="0.091" />
  <testcase classname="ptolemy.util.test.junit.AutoTests" name="[7] /home/travis/build/icyphy/ptII/ptolemy/actor/lib/hoc/test/auto/Case3.xml (RunModel)" time="0.035" />
  <testcase classname="ptolemy.util.test.junit.AutoTests" name="[8] /home/travis/build/icyphy/ptII/ptolemy/actor/lib/hoc/test/auto/Case4.xml (RunModel)" time="0.04" />
  <testcase classname="ptolemy.util.test.junit.AutoTests" name="[9] /home/travis/build/icyphy/ptII/ptolemy/actor/lib/hoc/test/auto/Case5.xml (RunModel)" time="0.043" />
  <testcase classname="ptolemy.util.test.junit.AutoTests" name="[10] /home/travis/build/icyphy/ptII/ptolemy/actor/lib/hoc/test/auto/Case6.xml (RunModel)" time="0.105" />
  <testcase classname="ptolemy.util.test.junit.AutoTests" name="[11] /home/travis/build/icyphy/ptII/ptolemy/actor/lib/hoc/test/auto/CaseString2.xml (RunModel)" time="0.057" />
  <testcase classname="ptolemy.util.test.junit.AutoTests" name="[12] /home/travis/build/icyphy/ptII/ptolemy/actor/lib/hoc/test/auto/CatchUpComposite1.xml (RunModel)" time="0.051" />
  <testcase classname="ptolemy.util.test.junit.AutoTests" name="[13] /home/travis/build/icyphy/ptII/ptolemy/actor/lib/hoc/test/auto/CatchUpComposite2.xml (RunModel)" time="0.055" />
  <testcase classname="ptolemy.util.test.junit.AutoTests" name="[14] /home/travis/build/icyphy/ptII/ptolemy/actor/lib/hoc/test/auto/CatchUpComposite3.xml (RunModel)" time="0.057" />
  <testcase classname="ptolemy.util.test.junit.AutoTests" name="[15] /home/travis/build/icyphy/ptII/ptolemy/actor/lib/hoc/test/auto/CatchUpComposite4.xml (RunModel)" time="0.07" />
  <testcase classname="ptolemy.util.test.junit.AutoTests" name="[16] /home/travis/build/icyphy/ptII/ptolemy/actor/lib/hoc/test/auto/CatchUpComposite5.xml (RunModel)" time="0.048" />
  <testcase classname="ptolemy.util.test.junit.AutoTests" name="[17] /home/travis/build/icyphy/ptII/ptolemy/actor/lib/hoc/test/auto/CatchUpComposite6.xml (RunModel)" time="0.166" />
  <testcase classname="ptolemy.util.test.junit.AutoTests" name="[18] /home/travis/build/icyphy/ptII/ptolemy/actor/lib/hoc/test/auto/CatchUpComposite7.xml (RunModel)" time="0.097" />
  <testcase classname="ptolemy.util.test.junit.AutoTests" name="[19] /home/travis/build/icyphy/ptII/ptolemy/actor/lib/hoc/test/auto/ConcurrentExecutionTimeSDF.xml (RunModel)" time="1.338" />
  <testcase classname="ptolemy.util.test.junit.AutoTests" name="[20] /home/travis/build/icyphy/ptII/ptolemy/actor/lib/hoc/test/auto/ConcurrentSleep.xml (RunModel)" time="0.789" />
  <testcase classname="ptolemy.util.test.junit.AutoTests" name="[21] /home/travis/build/icyphy/ptII/ptolemy/actor/lib/hoc/test/auto/DEInPNInRunCompositeActor.xml (RunModel)" time="0.042" />
  <testcase classname="ptolemy.util.test.junit.AutoTests" name="[22] /home/travis/build/icyphy/ptII/ptolemy/actor/lib/hoc/test/auto/DFTSubSetTest.xml (RunModel)" time="0.237" />
  <testcase classname="ptolemy.util.test.junit.AutoTests" name="[23] /home/travis/build/icyphy/ptII/ptolemy/actor/lib/hoc/test/auto/HocDE.xml (RunModel)" time="0.156" />
  <testcase classname="ptolemy.util.test.junit.AutoTests" name="[24] /home/travis/build/icyphy/ptII/ptolemy/actor/lib/hoc/test/auto/IterateOverArray.xml (RunModel)" time="0.039" />
  <testcase classname="ptolemy.util.test.junit.AutoTests" name="[25] /home/travis/build/icyphy/ptII/ptolemy/actor/lib/hoc/test/auto/IterateOverArray10.xml (RunModel)" time="0.019" />
  <testcase classname="ptolemy.util.test.junit.AutoTests" name="[26] /home/travis/build/icyphy/ptII/ptolemy/actor/lib/hoc/test/auto/IterateOverArray11.xml (RunModel)" time="0.028" />
  <testcase classname="ptolemy.util.test.junit.AutoTests" name="[27] /home/travis/build/icyphy/ptII/ptolemy/actor/lib/hoc/test/auto/IterateOverArray12.xml (RunModel)" time="0.034" />
  <testcase classname="ptolemy.util.test.junit.AutoTests" name="[28] /home/travis/build/icyphy/ptII/ptolemy/actor/lib/hoc/test/auto/IterateOverArray13.xml (RunModel)" time="0.168" />
  <testcase classname="ptolemy.util.test.junit.AutoTests" name="[29] /home/travis/build/icyphy/ptII/ptolemy/actor/lib/hoc/test/auto/IterateOverArray14.xml (RunModel)" time="0.127" />
  <testcase classname="ptolemy.util.test.junit.AutoTests" name="[30] /home/travis/build/icyphy/ptII/ptolemy/actor/lib/hoc/test/auto/IterateOverArray2.xml (RunModel)" time="0.03" />
  <testcase classname="ptolemy.util.test.junit.AutoTests" name="[31] /home/travis/build/icyphy/ptII/ptolemy/actor/lib/hoc/test/auto/IterateOverArray3.xml (RunModel)" time="0.035" />
  <testcase classname="ptolemy.util.test.junit.AutoTests" name="[32] /home/travis/build/icyphy/ptII/ptolemy/actor/lib/hoc/test/auto/IterateOverArray4.xml (RunModel)" time="0.018" />
  <testcase classname="ptolemy.util.test.junit.AutoTests" name="[33] /home/travis/build/icyphy/ptII/ptolemy/actor/lib/hoc/test/auto/IterateOverArray5.xml (RunModel)" time="0.022" />
  <testcase classname="ptolemy.util.test.junit.AutoTests" name="[34] /home/travis/build/icyphy/ptII/ptolemy/actor/lib/hoc/test/auto/IterateOverArray6.xml (RunModel)" time="0.016" />
  <testcase classname="ptolemy.util.test.junit.AutoTests" name="[35] /home/travis/build/icyphy/ptII/ptolemy/actor/lib/hoc/test/auto/IterateOverArray7.xml (RunModel)" time="0.019" />
  <testcase classname="ptolemy.util.test.junit.AutoTests" name="[36] /home/travis/build/icyphy/ptII/ptolemy/actor/lib/hoc/test/auto/IterateOverArray8.xml (RunModel)" time="0.024" />
  <testcase classname="ptolemy.util.test.junit.AutoTests" name="[37] /home/travis/build/icyphy/ptII/ptolemy/actor/lib/hoc/test/auto/IterateOverArray9.xml (RunModel)" time="0.03" />
  <testcase classname="ptolemy.util.test.junit.AutoTests" name="[38] /home/travis/build/icyphy/ptII/ptolemy/actor/lib/hoc/test/auto/IterateOverArrayCoercedOutputType.xml (RunModel)" time="0.034" />
  <testcase classname="ptolemy.util.test.junit.AutoTests" name="[39] /home/travis/build/icyphy/ptII/ptolemy/actor/lib/hoc/test/auto/IterateOverArrayInferredOutputType.xml (RunModel)" time="0.029" />
  <testcase classname="ptolemy.util.test.junit.AutoTests" name="[40] /home/travis/build/icyphy/ptII/ptolemy/actor/lib/hoc/test/auto/MobileFunctionTest.xml (RunModel)" time="0.032" />
  <testcase classname="ptolemy.util.test.junit.AutoTests" name="[41] /home/travis/build/icyphy/ptII/ptolemy/actor/lib/hoc/test/auto/MobileModelTest.xml (RunModel)" time="0.101" />
  <testcase classname="ptolemy.util.test.junit.AutoTests" name="[42] /home/travis/build/icyphy/ptII/ptolemy/actor/lib/hoc/test/auto/ModelReference.xml (RunModel)" time="0.084" />
  <testcase classname="ptolemy.util.test.junit.AutoTests" name="[43] /home/travis/build/icyphy/ptII/ptolemy/actor/lib/hoc/test/auto/ModelReference3.xml (RunModel)" time="0.041" />
  <testcase classname="ptolemy.util.test.junit.AutoTests" name="[44] /home/travis/build/icyphy/ptII/ptolemy/actor/lib/hoc/test/auto/ModelReference4.xml (RunModel)" time="10.067" />
  <testcase classname="ptolemy.util.test.junit.AutoTests" name="[45] /home/travis/build/icyphy/ptII/ptolemy/actor/lib/hoc/test/auto/MultiInstanceComposite.xml (RunModel)" time="0.051" />
  <testcase classname="ptolemy.util.test.junit.AutoTests" name="[46] /home/travis/build/icyphy/ptII/ptolemy/actor/lib/hoc/test/auto/MultiInstanceComposite2.xml (RunModel)" time="0.046" />
  <testcase classname="ptolemy.util.test.junit.AutoTests" name="[47] /home/travis/build/icyphy/ptII/ptolemy/actor/lib/hoc/test/auto/MulticoreExecution.xml (RunModel)" time="1.078" />
  <testcase classname="ptolemy.util.test.junit.AutoTests" name="[48] /home/travis/build/icyphy/ptII/ptolemy/actor/lib/hoc/test/auto/ParallelExecution.xml (RunModel)" time="0.945" />
  <testcase classname="ptolemy.util.test.junit.AutoTests" name="[49] /home/travis/build/icyphy/ptII/ptolemy/actor/lib/hoc/test/auto/RunCompositeActor.xml (RunModel)" time="0.034" />
  <testcase classname="ptolemy.util.test.junit.AutoTests" name="[50] /home/travis/build/icyphy/ptII/ptolemy/actor/lib/hoc/test/auto/RunCompositeActor2.xml (RunModel)" time="0.038" />
  <testcase classname="ptolemy.util.test.junit.AutoTests" name="[51] /home/travis/build/icyphy/ptII/ptolemy/actor/lib/hoc/test/auto/RunCompositeActor3.xml (RunModel)" time="0.016" />
  <testcase classname="ptolemy.util.test.junit.AutoTests" name="[52] /home/travis/build/icyphy/ptII/ptolemy/actor/lib/hoc/test/auto/RunCompositeActor4.xml (RunModel)" time="0.022" />
  <testcase classname="ptolemy.util.test.junit.AutoTests" name="[53] /home/travis/build/icyphy/ptII/ptolemy/actor/lib/hoc/test/auto/RunCompositeIterateOverArray.xml (RunModel)" time="0.024" />
  <testcase classname="ptolemy.util.test.junit.AutoTests" name="[54] /home/travis/build/icyphy/ptII/ptolemy/actor/lib/hoc/test/auto/ThreadedJS.xml (RunModel)" time="4.506" />
  <system-out><![CDATA[/home/travis/build/icyphy/ptII/ptolemy/actor/lib/hoc/test/IterateOverArray.tcl
testDefs.tcl: setting time out to 9000 seconds at Wed Jun 06 18:25:39 UTC 2018
06/06/18 06:25:39
Failed: 0  Total Tests: 2  ((Passed: 2, Newly Passed: 0)  Known Failed: 0) /home/travis/build/icyphy/ptII/ptolemy/actor/lib/hoc/test
----------------- testing (KnownFailure) /home/travis/build/icyphy/ptII/ptolemy/actor/lib/hoc/test/auto/knownFailedTests/PreinitializeMustBeInvokedRunComposite.xml
31 ms. Memory: 116224K Free: 104447K (90%)
Known Failure: java.lang.reflect.InvocationTargetException
No auto/linux-amd64/*.xml tests in /home/travis/build/icyphy/ptII/ptolemy/actor/lib/hoc/test
AutoTests.java: About to close Vertx.
AutoTests.java: Vertx closed.

===========================================================================================
----------------- testing Wed Jun 06 18:25:40 UTC 2018 /home/travis/build/icyphy/ptII/ptolemy/actor/lib/hoc/test/auto/AllToAllMultiInstanceComposite.xml
----------------- Instantiating /home/travis/build/icyphy/ptII/ptolemy/actor/lib/hoc/test/auto/AllToAllMultiInstanceComposite.xml
76 ms. Memory: 146944K Free: 112451K (77%)
----------------- Invoking toplevel() on ptolemy.moml.MoMLSimpleApplication@52de9c9d
----------------- Done invoking toplevel() on ptolemy.moml.MoMLSimpleApplication@52de9c9d
reloadAllAccessors: .AllToAllMultiInstanceComposite

===========================================================================================
----------------- testing Wed Jun 06 18:25:40 UTC 2018 /home/travis/build/icyphy/ptII/ptolemy/actor/lib/hoc/test/auto/ApplyFFTTest.xml
----------------- Instantiating /home/travis/build/icyphy/ptII/ptolemy/actor/lib/hoc/test/auto/ApplyFFTTest.xml
143 ms. Memory: 146944K Free: 92274K (63%)
----------------- Invoking toplevel() on ptolemy.moml.MoMLSimpleApplication@198a9ace
----------------- Done invoking toplevel() on ptolemy.moml.MoMLSimpleApplication@198a9ace
reloadAllAccessors: .ApplyFFTTest

===========================================================================================
----------------- testing Wed Jun 06 18:25:40 UTC 2018 /home/travis/build/icyphy/ptII/ptolemy/actor/lib/hoc/test/auto/ApplyFunction.xml
----------------- Instantiating /home/travis/build/icyphy/ptII/ptolemy/actor/lib/hoc/test/auto/ApplyFunction.xml
8 ms. Memory: 146944K Free: 88467K (60%)
----------------- Invoking toplevel() on ptolemy.moml.MoMLSimpleApplication@60ea323b
----------------- Done invoking toplevel() on ptolemy.moml.MoMLSimpleApplication@60ea323b
reloadAllAccessors: .ApplyFunction

===========================================================================================
----------------- testing Wed Jun 06 18:25:40 UTC 2018 /home/travis/build/icyphy/ptII/ptolemy/actor/lib/hoc/test/auto/BackgroundExecution.xml
----------------- Instantiating /home/travis/build/icyphy/ptII/ptolemy/actor/lib/hoc/test/auto/BackgroundExecution.xml
649 ms. Memory: 146944K Free: 140336K (96%)
----------------- Invoking toplevel() on ptolemy.moml.MoMLSimpleApplication@20faafc2
----------------- Done invoking toplevel() on ptolemy.moml.MoMLSimpleApplication@20faafc2
reloadAllAccessors: .BackgroundExecution

===========================================================================================
----------------- testing Wed Jun 06 18:25:41 UTC 2018 /home/travis/build/icyphy/ptII/ptolemy/actor/lib/hoc/test/auto/Case.xml
----------------- Instantiating /home/travis/build/icyphy/ptII/ptolemy/actor/lib/hoc/test/auto/Case.xml
14 ms. Memory: 146944K Free: 131560K (90%)
----------------- Invoking toplevel() on ptolemy.moml.MoMLSimpleApplication@f488632
----------------- Done invoking toplevel() on ptolemy.moml.MoMLSimpleApplication@f488632
reloadAllAccessors: .Case

===========================================================================================
----------------- testing Wed Jun 06 18:25:41 UTC 2018 /home/travis/build/icyphy/ptII/ptolemy/actor/lib/hoc/test/auto/Case1.xml
----------------- Instantiating /home/travis/build/icyphy/ptII/ptolemy/actor/lib/hoc/test/auto/Case1.xml
25 ms. Memory: 146944K Free: 124667K (85%)
----------------- Invoking toplevel() on ptolemy.moml.MoMLSimpleApplication@5c14fca9
----------------- Done invoking toplevel() on ptolemy.moml.MoMLSimpleApplication@5c14fca9
reloadAllAccessors: .Case1

===========================================================================================
----------------- testing Wed Jun 06 18:25:41 UTC 2018 /home/travis/build/icyphy/ptII/ptolemy/actor/lib/hoc/test/auto/Case2.xml
----------------- Instantiating /home/travis/build/icyphy/ptII/ptolemy/actor/lib/hoc/test/auto/Case2.xml
39 ms. Memory: 146944K Free: 113042K (77%)
----------------- Invoking toplevel() on ptolemy.moml.MoMLSimpleApplication@135d2e2b
----------------- Done invoking toplevel() on ptolemy.moml.MoMLSimpleApplication@135d2e2b
reloadAllAccessors: .Case2

===========================================================================================
----------------- testing Wed Jun 06 18:25:41 UTC 2018 /home/travis/build/icyphy/ptII/ptolemy/actor/lib/hoc/test/auto/Case3.xml
----------------- Instantiating /home/travis/build/icyphy/ptII/ptolemy/actor/lib/hoc/test/auto/Case3.xml
8 ms. Memory: 146944K Free: 106601K (73%)
----------------- Invoking toplevel() on ptolemy.moml.MoMLSimpleApplication@566e9193
----------------- Done invoking toplevel() on ptolemy.moml.MoMLSimpleApplication@566e9193
reloadAllAccessors: .Case3

===========================================================================================
----------------- testing Wed Jun 06 18:25:41 UTC 2018 /home/travis/build/icyphy/ptII/ptolemy/actor/lib/hoc/test/auto/Case4.xml
----------------- Instantiating /home/travis/build/icyphy/ptII/ptolemy/actor/lib/hoc/test/auto/Case4.xml
8 ms. Memory: 146944K Free: 97997K (67%)
----------------- Invoking toplevel() on ptolemy.moml.MoMLSimpleApplication@5c8c0335
----------------- Done invoking toplevel() on ptolemy.moml.MoMLSimpleApplication@5c8c0335
reloadAllAccessors: .Case4

===========================================================================================
----------------- testing Wed Jun 06 18:25:41 UTC 2018 /home/travis/build/icyphy/ptII/ptolemy/actor/lib/hoc/test/auto/Case5.xml
----------------- Instantiating /home/travis/build/icyphy/ptII/ptolemy/actor/lib/hoc/test/auto/Case5.xml
26 ms. Memory: 146944K Free: 91321K (62%)
----------------- Invoking toplevel() on ptolemy.moml.MoMLSimpleApplication@71f38d0c
----------------- Done invoking toplevel() on ptolemy.moml.MoMLSimpleApplication@71f38d0c
reloadAllAccessors: .junk

===========================================================================================
----------------- testing Wed Jun 06 18:25:41 UTC 2018 /home/travis/build/icyphy/ptII/ptolemy/actor/lib/hoc/test/auto/Case6.xml
----------------- Instantiating /home/travis/build/icyphy/ptII/ptolemy/actor/lib/hoc/test/auto/Case6.xml
62 ms. Memory: 208384K Free: 200646K (96%)
----------------- Invoking toplevel() on ptolemy.moml.MoMLSimpleApplication@2b954e50
----------------- Done invoking toplevel() on ptolemy.moml.MoMLSimpleApplication@2b954e50
reloadAllAccessors: .Case6

===========================================================================================
----------------- testing Wed Jun 06 18:25:42 UTC 2018 /home/travis/build/icyphy/ptII/ptolemy/actor/lib/hoc/test/auto/CaseString2.xml
----------------- Instantiating /home/travis/build/icyphy/ptII/ptolemy/actor/lib/hoc/test/auto/CaseString2.xml
17 ms. Memory: 208384K Free: 190595K (91%)
----------------- Invoking toplevel() on ptolemy.moml.MoMLSimpleApplication@7902a523
----------------- Done invoking toplevel() on ptolemy.moml.MoMLSimpleApplication@7902a523
reloadAllAccessors: .CaseString2

===========================================================================================
----------------- testing Wed Jun 06 18:25:42 UTC 2018 /home/travis/build/icyphy/ptII/ptolemy/actor/lib/hoc/test/auto/CatchUpComposite1.xml
----------------- Instantiating /home/travis/build/icyphy/ptII/ptolemy/actor/lib/hoc/test/auto/CatchUpComposite1.xml
16 ms. Memory: 208384K Free: 181346K (87%)
----------------- Invoking toplevel() on ptolemy.moml.MoMLSimpleApplication@1a04e5cc
----------------- Done invoking toplevel() on ptolemy.moml.MoMLSimpleApplication@1a04e5cc
reloadAllAccessors: .CatchUpComposite1

===========================================================================================
----------------- testing Wed Jun 06 18:25:42 UTC 2018 /home/travis/build/icyphy/ptII/ptolemy/actor/lib/hoc/test/auto/CatchUpComposite2.xml
----------------- Instantiating /home/travis/build/icyphy/ptII/ptolemy/actor/lib/hoc/test/auto/CatchUpComposite2.xml
30 ms. Memory: 208384K Free: 172066K (83%)
----------------- Invoking toplevel() on ptolemy.moml.MoMLSimpleApplication@5c307dd5
----------------- Done invoking toplevel() on ptolemy.moml.MoMLSimpleApplication@5c307dd5
reloadAllAccessors: .CatchUpComposite2

===========================================================================================
----------------- testing Wed Jun 06 18:25:42 UTC 2018 /home/travis/build/icyphy/ptII/ptolemy/actor/lib/hoc/test/auto/CatchUpComposite3.xml
----------------- Instantiating /home/travis/build/icyphy/ptII/ptolemy/actor/lib/hoc/test/auto/CatchUpComposite3.xml
12 ms. Memory: 208384K Free: 161892K (78%)
----------------- Invoking toplevel() on ptolemy.moml.MoMLSimpleApplication@39d1c49
----------------- Done invoking toplevel() on ptolemy.moml.MoMLSimpleApplication@39d1c49
reloadAllAccessors: .CatchUpComposite3

===========================================================================================
----------------- testing Wed Jun 06 18:25:42 UTC 2018 /home/travis/build/icyphy/ptII/ptolemy/actor/lib/hoc/test/auto/CatchUpComposite4.xml
----------------- Instantiating /home/travis/build/icyphy/ptII/ptolemy/actor/lib/hoc/test/auto/CatchUpComposite4.xml
16 ms. Memory: 208384K Free: 152611K (73%)
----------------- Invoking toplevel() on ptolemy.moml.MoMLSimpleApplication@3563eaee
----------------- Done invoking toplevel() on ptolemy.moml.MoMLSimpleApplication@3563eaee
reloadAllAccessors: .CatchUpComposite4

===========================================================================================
----------------- testing Wed Jun 06 18:25:42 UTC 2018 /home/travis/build/icyphy/ptII/ptolemy/actor/lib/hoc/test/auto/CatchUpComposite5.xml
----------------- Instantiating /home/travis/build/icyphy/ptII/ptolemy/actor/lib/hoc/test/auto/CatchUpComposite5.xml
14 ms. Memory: 208384K Free: 143945K (69%)
----------------- Invoking toplevel() on ptolemy.moml.MoMLSimpleApplication@2e9dc165
----------------- Done invoking toplevel() on ptolemy.moml.MoMLSimpleApplication@2e9dc165
reloadAllAccessors: .CatchUpComposite5

===========================================================================================
----------------- testing Wed Jun 06 18:25:42 UTC 2018 /home/travis/build/icyphy/ptII/ptolemy/actor/lib/hoc/test/auto/CatchUpComposite6.xml
----------------- Instantiating /home/travis/build/icyphy/ptII/ptolemy/actor/lib/hoc/test/auto/CatchUpComposite6.xml
WARNING: The execution aspects in this model can influence the timing of actors by delaying the 
execution, potentially changing the behavior. There is no guarantee that actors fire at the 
time they request to be fired. 
Use Ptides for deterministic DE behavior that is not influenced by execution aspects. 

90 ms. Memory: 208384K Free: 124961K (60%)
----------------- Invoking toplevel() on ptolemy.moml.MoMLSimpleApplication@657844c5
----------------- Done invoking toplevel() on ptolemy.moml.MoMLSimpleApplication@657844c5
reloadAllAccessors: .CatchUpComposite6

===========================================================================================
----------------- testing Wed Jun 06 18:25:42 UTC 2018 /home/travis/build/icyphy/ptII/ptolemy/actor/lib/hoc/test/auto/CatchUpComposite7.xml
----------------- Instantiating /home/travis/build/icyphy/ptII/ptolemy/actor/lib/hoc/test/auto/CatchUpComposite7.xml
WARNING: The execution aspects in this model can influence the timing of actors by delaying the 
execution, potentially changing the behavior. There is no guarantee that actors fire at the 
time they request to be fired. 
Use Ptides for deterministic DE behavior that is not influenced by execution aspects. 

37 ms. Memory: 208384K Free: 108194K (52%)
----------------- Invoking toplevel() on ptolemy.moml.MoMLSimpleApplication@4554d86
----------------- Done invoking toplevel() on ptolemy.moml.MoMLSimpleApplication@4554d86
reloadAllAccessors: .CatchUpComposite7

===========================================================================================
----------------- testing Wed Jun 06 18:25:42 UTC 2018 /home/travis/build/icyphy/ptII/ptolemy/actor/lib/hoc/test/auto/ConcurrentExecutionTimeSDF.xml
----------------- Instantiating /home/travis/build/icyphy/ptII/ptolemy/actor/lib/hoc/test/auto/ConcurrentExecutionTimeSDF.xml
Fired ExecutionTime: 40400000
Fired ExecutionTime: 40400000
Fired ExecutionTime: 40400000
Fired ExecutionTime: 40400000
Fired ExecutionTime: 40400000
Fired ExecutionTime: 40400000
Fired ExecutionTime: 40400000
Fired ExecutionTime: 40400000
Fired ExecutionTime: 40400000
Fired ExecutionTime: 40400000
Fired ExecutionTime: 40400000
Fired ExecutionTime: 40400000
Fired ExecutionTime: 40400000
Fired ExecutionTime: 40400000
Fired ExecutionTime: 40400000
Fired ExecutionTime: 40400000
Fired ExecutionTime: 40400000
Fired ExecutionTime: 40400000
Fired ExecutionTime: 40400000
Fired ExecutionTime: 40400000
1312 ms. Memory: 208384K Free: 99576K (48%)
----------------- Invoking toplevel() on ptolemy.moml.MoMLSimpleApplication@10e49941
----------------- Done invoking toplevel() on ptolemy.moml.MoMLSimpleApplication@10e49941
reloadAllAccessors: .ConcurrentExecutionTimeSDF

===========================================================================================
----------------- testing Wed Jun 06 18:25:44 UTC 2018 /home/travis/build/icyphy/ptII/ptolemy/actor/lib/hoc/test/auto/ConcurrentSleep.xml
----------------- Instantiating /home/travis/build/icyphy/ptII/ptolemy/actor/lib/hoc/test/auto/ConcurrentSleep.xml
753 ms. Memory: 208384K Free: 85118K (41%)
----------------- Invoking toplevel() on ptolemy.moml.MoMLSimpleApplication@5c0c960f
----------------- Done invoking toplevel() on ptolemy.moml.MoMLSimpleApplication@5c0c960f
reloadAllAccessors: .ConcurrentSleep

===========================================================================================
----------------- testing Wed Jun 06 18:25:44 UTC 2018 /home/travis/build/icyphy/ptII/ptolemy/actor/lib/hoc/test/auto/DEInPNInRunCompositeActor.xml
----------------- Instantiating /home/travis/build/icyphy/ptII/ptolemy/actor/lib/hoc/test/auto/DEInPNInRunCompositeActor.xml
22 ms. Memory: 208384K Free: 201277K (97%)
----------------- Invoking toplevel() on ptolemy.moml.MoMLSimpleApplication@6c7887d4
----------------- Done invoking toplevel() on ptolemy.moml.MoMLSimpleApplication@6c7887d4
reloadAllAccessors: .DEInPNInRunCompositeActor

===========================================================================================
----------------- testing Wed Jun 06 18:25:44 UTC 2018 /home/travis/build/icyphy/ptII/ptolemy/actor/lib/hoc/test/auto/DFTSubSetTest.xml
----------------- Instantiating /home/travis/build/icyphy/ptII/ptolemy/actor/lib/hoc/test/auto/DFTSubSetTest.xml
138 ms. Memory: 208384K Free: 153569K (74%)
----------------- Invoking toplevel() on ptolemy.moml.MoMLSimpleApplication@230d161a
----------------- Done invoking toplevel() on ptolemy.moml.MoMLSimpleApplication@230d161a
reloadAllAccessors: .DFTSubSetTest

===========================================================================================
----------------- testing Wed Jun 06 18:25:45 UTC 2018 /home/travis/build/icyphy/ptII/ptolemy/actor/lib/hoc/test/auto/HocDE.xml
----------------- Instantiating /home/travis/build/icyphy/ptII/ptolemy/actor/lib/hoc/test/auto/HocDE.xml
123 ms. Memory: 208384K Free: 126406K (61%)
----------------- Invoking toplevel() on ptolemy.moml.MoMLSimpleApplication@72ab28ab
----------------- Done invoking toplevel() on ptolemy.moml.MoMLSimpleApplication@72ab28ab
reloadAllAccessors: .HocDE

===========================================================================================
----------------- testing Wed Jun 06 18:25:45 UTC 2018 /home/travis/build/icyphy/ptII/ptolemy/actor/lib/hoc/test/auto/IterateOverArray.xml
----------------- Instantiating /home/travis/build/icyphy/ptII/ptolemy/actor/lib/hoc/test/auto/IterateOverArray.xml
6 ms. Memory: 208384K Free: 120876K (58%)
----------------- Invoking toplevel() on ptolemy.moml.MoMLSimpleApplication@5b0e08f4
----------------- Done invoking toplevel() on ptolemy.moml.MoMLSimpleApplication@5b0e08f4
reloadAllAccessors: .IterateOverArray

===========================================================================================
----------------- testing Wed Jun 06 18:25:45 UTC 2018 /home/travis/build/icyphy/ptII/ptolemy/actor/lib/hoc/test/auto/IterateOverArray10.xml
----------------- Instantiating /home/travis/build/icyphy/ptII/ptolemy/actor/lib/hoc/test/auto/IterateOverArray10.xml
2 ms. Memory: 208384K Free: 116551K (56%)
----------------- Invoking toplevel() on ptolemy.moml.MoMLSimpleApplication@3d176591
----------------- Done invoking toplevel() on ptolemy.moml.MoMLSimpleApplication@3d176591
reloadAllAccessors: .IterateOverArray10

===========================================================================================
----------------- testing Wed Jun 06 18:25:45 UTC 2018 /home/travis/build/icyphy/ptII/ptolemy/actor/lib/hoc/test/auto/IterateOverArray11.xml
----------------- Instantiating /home/travis/build/icyphy/ptII/ptolemy/actor/lib/hoc/test/auto/IterateOverArray11.xml
6 ms. Memory: 208384K Free: 111620K (54%)
----------------- Invoking toplevel() on ptolemy.moml.MoMLSimpleApplication@4f2571d6
----------------- Done invoking toplevel() on ptolemy.moml.MoMLSimpleApplication@4f2571d6
reloadAllAccessors: .IterateOverArray11

===========================================================================================
----------------- testing Wed Jun 06 18:25:45 UTC 2018 /home/travis/build/icyphy/ptII/ptolemy/actor/lib/hoc/test/auto/IterateOverArray12.xml
----------------- Instantiating /home/travis/build/icyphy/ptII/ptolemy/actor/lib/hoc/test/auto/IterateOverArray12.xml
11 ms. Memory: 208384K Free: 104230K (50%)
----------------- Invoking toplevel() on ptolemy.moml.MoMLSimpleApplication@26aa1a38
----------------- Done invoking toplevel() on ptolemy.moml.MoMLSimpleApplication@26aa1a38
reloadAllAccessors: .IterateOverArray12

===========================================================================================
----------------- testing Wed Jun 06 18:25:45 UTC 2018 /home/travis/build/icyphy/ptII/ptolemy/actor/lib/hoc/test/auto/IterateOverArray13.xml
----------------- Instantiating /home/travis/build/icyphy/ptII/ptolemy/actor/lib/hoc/test/auto/IterateOverArray13.xml
89 ms. Memory: 331264K Free: 319470K (96%)
----------------- Invoking toplevel() on ptolemy.moml.MoMLSimpleApplication@261992bd
----------------- Done invoking toplevel() on ptolemy.moml.MoMLSimpleApplication@261992bd
reloadAllAccessors: .IterateOverArray13

===========================================================================================
----------------- testing Wed Jun 06 18:25:45 UTC 2018 /home/travis/build/icyphy/ptII/ptolemy/actor/lib/hoc/test/auto/IterateOverArray14.xml
----------------- Instantiating /home/travis/build/icyphy/ptII/ptolemy/actor/lib/hoc/test/auto/IterateOverArray14.xml
57 ms. Memory: 331264K Free: 282186K (85%)
----------------- Invoking toplevel() on ptolemy.moml.MoMLSimpleApplication@3d7c0f1
----------------- Done invoking toplevel() on ptolemy.moml.MoMLSimpleApplication@3d7c0f1
reloadAllAccessors: .IterateOverArray14

===========================================================================================
----------------- testing Wed Jun 06 18:25:45 UTC 2018 /home/travis/build/icyphy/ptII/ptolemy/actor/lib/hoc/test/auto/IterateOverArray2.xml
----------------- Instantiating /home/travis/build/icyphy/ptII/ptolemy/actor/lib/hoc/test/auto/IterateOverArray2.xml
8 ms. Memory: 331264K Free: 277292K (84%)
----------------- Invoking toplevel() on ptolemy.moml.MoMLSimpleApplication@fe1bf9
----------------- Done invoking toplevel() on ptolemy.moml.MoMLSimpleApplication@fe1bf9
reloadAllAccessors: .IterateOverArray2

===========================================================================================
----------------- testing Wed Jun 06 18:25:45 UTC 2018 /home/travis/build/icyphy/ptII/ptolemy/actor/lib/hoc/test/auto/IterateOverArray3.xml
----------------- Instantiating /home/travis/build/icyphy/ptII/ptolemy/actor/lib/hoc/test/auto/IterateOverArray3.xml
10 ms. Memory: 331264K Free: 267896K (81%)
----------------- Invoking toplevel() on ptolemy.moml.MoMLSimpleApplication@282351c0
----------------- Done invoking toplevel() on ptolemy.moml.MoMLSimpleApplication@282351c0
reloadAllAccessors: .IterateOverArray3

===========================================================================================
----------------- testing Wed Jun 06 18:25:45 UTC 2018 /home/travis/build/icyphy/ptII/ptolemy/actor/lib/hoc/test/auto/IterateOverArray4.xml
----------------- Instantiating /home/travis/build/icyphy/ptII/ptolemy/actor/lib/hoc/test/auto/IterateOverArray4.xml
4 ms. Memory: 331264K Free: 263001K (79%)
----------------- Invoking toplevel() on ptolemy.moml.MoMLSimpleApplication@1e1caca4
----------------- Done invoking toplevel() on ptolemy.moml.MoMLSimpleApplication@1e1caca4
reloadAllAccessors: .IterateOverArray4

===========================================================================================
----------------- testing Wed Jun 06 18:25:45 UTC 2018 /home/travis/build/icyphy/ptII/ptolemy/actor/lib/hoc/test/auto/IterateOverArray5.xml
----------------- Instantiating /home/travis/build/icyphy/ptII/ptolemy/actor/lib/hoc/test/auto/IterateOverArray5.xml
3 ms. Memory: 331264K Free: 258107K (78%)
----------------- Invoking toplevel() on ptolemy.moml.MoMLSimpleApplication@190f2d2a
----------------- Done invoking toplevel() on ptolemy.moml.MoMLSimpleApplication@190f2d2a
reloadAllAccessors: .IterateOverArray5

===========================================================================================
----------------- testing Wed Jun 06 18:25:45 UTC 2018 /home/travis/build/icyphy/ptII/ptolemy/actor/lib/hoc/test/auto/IterateOverArray6.xml
----------------- Instantiating /home/travis/build/icyphy/ptII/ptolemy/actor/lib/hoc/test/auto/IterateOverArray6.xml
3 ms. Memory: 331264K Free: 253606K (77%)
----------------- Invoking toplevel() on ptolemy.moml.MoMLSimpleApplication@662d2a1d
----------------- Done invoking toplevel() on ptolemy.moml.MoMLSimpleApplication@662d2a1d
reloadAllAccessors: .IterateOverArray6

===========================================================================================
----------------- testing Wed Jun 06 18:25:45 UTC 2018 /home/travis/build/icyphy/ptII/ptolemy/actor/lib/hoc/test/auto/IterateOverArray7.xml
----------------- Instantiating /home/travis/build/icyphy/ptII/ptolemy/actor/lib/hoc/test/auto/IterateOverArray7.xml
4 ms. Memory: 331264K Free: 248711K (75%)
----------------- Invoking toplevel() on ptolemy.moml.MoMLSimpleApplication@36a66066
----------------- Done invoking toplevel() on ptolemy.moml.MoMLSimpleApplication@36a66066
reloadAllAccessors: .IterateOverArray7

===========================================================================================
----------------- testing Wed Jun 06 18:25:45 UTC 2018 /home/travis/build/icyphy/ptII/ptolemy/actor/lib/hoc/test/auto/IterateOverArray8.xml
----------------- Instantiating /home/travis/build/icyphy/ptII/ptolemy/actor/lib/hoc/test/auto/IterateOverArray8.xml
5 ms. Memory: 331264K Free: 242987K (73%)
----------------- Invoking toplevel() on ptolemy.moml.MoMLSimpleApplication@70f455fd
----------------- Done invoking toplevel() on ptolemy.moml.MoMLSimpleApplication@70f455fd
reloadAllAccessors: .IterateOverArray8

===========================================================================================
----------------- testing Wed Jun 06 18:25:45 UTC 2018 /home/travis/build/icyphy/ptII/ptolemy/actor/lib/hoc/test/auto/IterateOverArray9.xml
----------------- Instantiating /home/travis/build/icyphy/ptII/ptolemy/actor/lib/hoc/test/auto/IterateOverArray9.xml
8 ms. Memory: 331264K Free: 238092K (72%)
----------------- Invoking toplevel() on ptolemy.moml.MoMLSimpleApplication@4954a7a0
----------------- Done invoking toplevel() on ptolemy.moml.MoMLSimpleApplication@4954a7a0
reloadAllAccessors: .IterateOverArray9

===========================================================================================
----------------- testing Wed Jun 06 18:25:45 UTC 2018 /home/travis/build/icyphy/ptII/ptolemy/actor/lib/hoc/test/auto/IterateOverArrayCoercedOutputType.xml
----------------- Instantiating /home/travis/build/icyphy/ptII/ptolemy/actor/lib/hoc/test/auto/IterateOverArrayCoercedOutputType.xml
4 ms. Memory: 331264K Free: 231974K (70%)
----------------- Invoking toplevel() on ptolemy.moml.MoMLSimpleApplication@4a56cf91
----------------- Done invoking toplevel() on ptolemy.moml.MoMLSimpleApplication@4a56cf91
reloadAllAccessors: .IterateOverArrayCoercedOutputType

===========================================================================================
----------------- testing Wed Jun 06 18:25:45 UTC 2018 /home/travis/build/icyphy/ptII/ptolemy/actor/lib/hoc/test/auto/IterateOverArrayInferredOutputType.xml
----------------- Instantiating /home/travis/build/icyphy/ptII/ptolemy/actor/lib/hoc/test/auto/IterateOverArrayInferredOutputType.xml
11 ms. Memory: 331264K Free: 225026K (68%)
----------------- Invoking toplevel() on ptolemy.moml.MoMLSimpleApplication@758197bb
----------------- Done invoking toplevel() on ptolemy.moml.MoMLSimpleApplication@758197bb
reloadAllAccessors: .IterateOverArrayInferredOutputType

===========================================================================================
----------------- testing Wed Jun 06 18:25:45 UTC 2018 /home/travis/build/icyphy/ptII/ptolemy/actor/lib/hoc/test/auto/MobileFunctionTest.xml
----------------- Instantiating /home/travis/build/icyphy/ptII/ptolemy/actor/lib/hoc/test/auto/MobileFunctionTest.xml
8 ms. Memory: 331264K Free: 220131K (66%)
----------------- Invoking toplevel() on ptolemy.moml.MoMLSimpleApplication@7035356e
----------------- Done invoking toplevel() on ptolemy.moml.MoMLSimpleApplication@7035356e
reloadAllAccessors: .MobileFunctionTest

===========================================================================================
----------------- testing Wed Jun 06 18:25:45 UTC 2018 /home/travis/build/icyphy/ptII/ptolemy/actor/lib/hoc/test/auto/MobileModelTest.xml
----------------- Instantiating /home/travis/build/icyphy/ptII/ptolemy/actor/lib/hoc/test/auto/MobileModelTest.xml
68 ms. Memory: 331264K Free: 198499K (60%)
----------------- Invoking toplevel() on ptolemy.moml.MoMLSimpleApplication@3f337f62
----------------- Done invoking toplevel() on ptolemy.moml.MoMLSimpleApplication@3f337f62
reloadAllAccessors: .MobileModelTest

===========================================================================================
----------------- testing Wed Jun 06 18:25:46 UTC 2018 /home/travis/build/icyphy/ptII/ptolemy/actor/lib/hoc/test/auto/ModelReference.xml
----------------- Instantiating /home/travis/build/icyphy/ptII/ptolemy/actor/lib/hoc/test/auto/ModelReference.xml
4 ms. Memory: 331264K Free: 189933K (57%)
9 ms. Memory: 331264K Free: 188709K (57%)
1 ms. Memory: 331264K Free: 188709K (57%)
4 ms. Memory: 331264K Free: 187485K (57%)
1 ms. Memory: 331264K Free: 186262K (56%)
1 ms. Memory: 331264K Free: 186262K (56%)
1 ms. Memory: 331264K Free: 185038K (56%)
1 ms. Memory: 331264K Free: 183814K (55%)
2 ms. Memory: 331264K Free: 183814K (55%)
4 ms. Memory: 331264K Free: 182591K (55%)
40 ms. Memory: 331264K Free: 182591K (55%)
----------------- Invoking toplevel() on ptolemy.moml.MoMLSimpleApplication@47ba7437
----------------- Done invoking toplevel() on ptolemy.moml.MoMLSimpleApplication@47ba7437
reloadAllAccessors: .ModelReference

===========================================================================================
----------------- testing Wed Jun 06 18:25:46 UTC 2018 /home/travis/build/icyphy/ptII/ptolemy/actor/lib/hoc/test/auto/ModelReference3.xml
----------------- Instantiating /home/travis/build/icyphy/ptII/ptolemy/actor/lib/hoc/test/auto/ModelReference3.xml
1 ms. Memory: 331264K Free: 176472K (53%)
4 ms. Memory: 331264K Free: 176472K (53%)
2 ms. Memory: 331264K Free: 175248K (53%)
3 ms. Memory: 331264K Free: 174025K (53%)
1 ms. Memory: 331264K Free: 174025K (53%)
1 ms. Memory: 331264K Free: 172801K (52%)
1 ms. Memory: 331264K Free: 171577K (52%)
3 ms. Memory: 331264K Free: 171577K (52%)
1 ms. Memory: 331264K Free: 170354K (51%)
3 ms. Memory: 331264K Free: 169130K (51%)
27 ms. Memory: 331264K Free: 169130K (51%)
----------------- Invoking toplevel() on ptolemy.moml.MoMLSimpleApplication@2c7a0a10
----------------- Done invoking toplevel() on ptolemy.moml.MoMLSimpleApplication@2c7a0a10
reloadAllAccessors: .ModelReference3

===========================================================================================
----------------- testing Wed Jun 06 18:25:46 UTC 2018 /home/travis/build/icyphy/ptII/ptolemy/actor/lib/hoc/test/auto/ModelReference4.xml
----------------- Instantiating /home/travis/build/icyphy/ptII/ptolemy/actor/lib/hoc/test/auto/ModelReference4.xml
4 ms. Memory: 331264K Free: 162183K (49%)
3 ms. Memory: 331264K Free: 160959K (49%)
3 ms. Memory: 331264K Free: 158495K (48%)
2 ms. Memory: 331264K Free: 157272K (47%)
2 ms. Memory: 331264K Free: 156048K (47%)
3 ms. Memory: 331264K Free: 154824K (47%)
3 ms. Memory: 331264K Free: 153601K (46%)
2 ms. Memory: 331264K Free: 152377K (46%)
3 ms. Memory: 331264K Free: 149914K (45%)
4 ms. Memory: 331264K Free: 148690K (45%)
10049 ms. Memory: 331264K Free: 148690K (45%)
----------------- Invoking toplevel() on ptolemy.moml.MoMLSimpleApplication@41435e14
----------------- Done invoking toplevel() on ptolemy.moml.MoMLSimpleApplication@41435e14
reloadAllAccessors: .ModelReference4

===========================================================================================
----------------- testing Wed Jun 06 18:25:56 UTC 2018 /home/travis/build/icyphy/ptII/ptolemy/actor/lib/hoc/test/auto/MultiInstanceComposite.xml
----------------- Instantiating /home/travis/build/icyphy/ptII/ptolemy/actor/lib/hoc/test/auto/MultiInstanceComposite.xml
31 ms. Memory: 331264K Free: 131470K (40%)
----------------- Invoking toplevel() on ptolemy.moml.MoMLSimpleApplication@6f6fb17a
----------------- Done invoking toplevel() on ptolemy.moml.MoMLSimpleApplication@6f6fb17a
reloadAllAccessors: .MultiInstanceComposite

===========================================================================================
----------------- testing Wed Jun 06 18:25:56 UTC 2018 /home/travis/build/icyphy/ptII/ptolemy/actor/lib/hoc/test/auto/MultiInstanceComposite2.xml
----------------- Instantiating /home/travis/build/icyphy/ptII/ptolemy/actor/lib/hoc/test/auto/MultiInstanceComposite2.xml
17 ms. Memory: 331264K Free: 117092K (35%)
----------------- Invoking toplevel() on ptolemy.moml.MoMLSimpleApplication@29b0106b
----------------- Done invoking toplevel() on ptolemy.moml.MoMLSimpleApplication@29b0106b
reloadAllAccessors: .MultiInstanceComposite2

===========================================================================================
----------------- testing Wed Jun 06 18:25:56 UTC 2018 /home/travis/build/icyphy/ptII/ptolemy/actor/lib/hoc/test/auto/MulticoreExecution.xml
----------------- Instantiating /home/travis/build/icyphy/ptII/ptolemy/actor/lib/hoc/test/auto/MulticoreExecution.xml
Fired ExecutionTime: 2800000
Fired ExecutionTime: 2800000
Fired ExecutionTime: 39600000
Fired ExecutionTime: 24400000
Fired ExecutionTime: 29600000
Fired ExecutionTime: 29600000
Fired ExecutionTime: 68800000
Fired ExecutionTime: 69600000
Fired ExecutionTime: 66400000
Fired ExecutionTime: 67200000
Fired ExecutionTime: 63600000
Fired ExecutionTime: 67600000
Fired ExecutionTime: 67200000
Fired ExecutionTime: 67200000
Fired ExecutionTime: 66800000
Fired ExecutionTime: 67200000
Fired ExecutionTime: 66400000
Fired ExecutionTime: 68400000
Fired ExecutionTime: 65200000
Fired ExecutionTime: 65600000
1054 ms. Memory: 331264K Free: 104822K (32%)
----------------- Invoking toplevel() on ptolemy.moml.MoMLSimpleApplication@33708afd
----------------- Done invoking toplevel() on ptolemy.moml.MoMLSimpleApplication@33708afd
reloadAllAccessors: .MulticoreExecution

===========================================================================================
----------------- testing Wed Jun 06 18:25:57 UTC 2018 /home/travis/build/icyphy/ptII/ptolemy/actor/lib/hoc/test/auto/ParallelExecution.xml
----------------- Instantiating /home/travis/build/icyphy/ptII/ptolemy/actor/lib/hoc/test/auto/ParallelExecution.xml
919 ms. Memory: 331264K Free: 93785K (28%)
----------------- Invoking toplevel() on ptolemy.moml.MoMLSimpleApplication@6b7fe92a
----------------- Done invoking toplevel() on ptolemy.moml.MoMLSimpleApplication@6b7fe92a
reloadAllAccessors: .ParallelExecution

===========================================================================================
----------------- testing Wed Jun 06 18:25:58 UTC 2018 /home/travis/build/icyphy/ptII/ptolemy/actor/lib/hoc/test/auto/RunCompositeActor.xml
----------------- Instantiating /home/travis/build/icyphy/ptII/ptolemy/actor/lib/hoc/test/auto/RunCompositeActor.xml
22 ms. Memory: 331264K Free: 84341K (25%)
----------------- Invoking toplevel() on ptolemy.moml.MoMLSimpleApplication@55533886
----------------- Done invoking toplevel() on ptolemy.moml.MoMLSimpleApplication@55533886
reloadAllAccessors: .RunCompositeActor

===========================================================================================
----------------- testing Wed Jun 06 18:25:58 UTC 2018 /home/travis/build/icyphy/ptII/ptolemy/actor/lib/hoc/test/auto/RunCompositeActor2.xml
----------------- Instantiating /home/travis/build/icyphy/ptII/ptolemy/actor/lib/hoc/test/auto/RunCompositeActor2.xml
15 ms. Memory: 332288K Free: 325156K (98%)
----------------- Invoking toplevel() on ptolemy.moml.MoMLSimpleApplication@208cbc2c
----------------- Done invoking toplevel() on ptolemy.moml.MoMLSimpleApplication@208cbc2c
reloadAllAccessors: .RunCompositeActor2

===========================================================================================
----------------- testing Wed Jun 06 18:25:58 UTC 2018 /home/travis/build/icyphy/ptII/ptolemy/actor/lib/hoc/test/auto/RunCompositeActor3.xml
----------------- Instantiating /home/travis/build/icyphy/ptII/ptolemy/actor/lib/hoc/test/auto/RunCompositeActor3.xml
2 ms. Memory: 332288K Free: 316162K (95%)
----------------- Invoking toplevel() on ptolemy.moml.MoMLSimpleApplication@6a2d5524
----------------- Done invoking toplevel() on ptolemy.moml.MoMLSimpleApplication@6a2d5524
reloadAllAccessors: .RunCompositeActor3

===========================================================================================
----------------- testing Wed Jun 06 18:25:58 UTC 2018 /home/travis/build/icyphy/ptII/ptolemy/actor/lib/hoc/test/auto/RunCompositeActor4.xml
----------------- Instantiating /home/travis/build/icyphy/ptII/ptolemy/actor/lib/hoc/test/auto/RunCompositeActor4.xml
9 ms. Memory: 332288K Free: 306775K (92%)
----------------- Invoking toplevel() on ptolemy.moml.MoMLSimpleApplication@288e320a
----------------- Done invoking toplevel() on ptolemy.moml.MoMLSimpleApplication@288e320a
reloadAllAccessors: .RunCompositeActor4

===========================================================================================
----------------- testing Wed Jun 06 18:25:58 UTC 2018 /home/travis/build/icyphy/ptII/ptolemy/actor/lib/hoc/test/auto/RunCompositeIterateOverArray.xml
----------------- Instantiating /home/travis/build/icyphy/ptII/ptolemy/actor/lib/hoc/test/auto/RunCompositeIterateOverArray.xml
6 ms. Memory: 332288K Free: 300617K (90%)
----------------- Invoking toplevel() on ptolemy.moml.MoMLSimpleApplication@67cb7015
----------------- Done invoking toplevel() on ptolemy.moml.MoMLSimpleApplication@67cb7015
reloadAllAccessors: .RunCompositeIterateOverArray

===========================================================================================
----------------- testing Wed Jun 06 18:25:58 UTC 2018 /home/travis/build/icyphy/ptII/ptolemy/actor/lib/hoc/test/auto/ThreadedJS.xml
----------------- Instantiating /home/travis/build/icyphy/ptII/ptolemy/actor/lib/hoc/test/auto/ThreadedJS.xml
1711 ms. Memory: 543232K Free: 163670K (30%)
----------------- Invoking toplevel() on ptolemy.moml.MoMLSimpleApplication@13ed0cef
----------------- Done invoking toplevel() on ptolemy.moml.MoMLSimpleApplication@13ed0cef
reloadAllAccessors: .ThreadedJS
AutoTests.java: About to close Vertx.
AutoTests.java: Vertx closed.
]]></system-out>
  <system-err><![CDATA[java.lang.RuntimeException: Execution failed
	at ptolemy.moml.MoMLSimpleApplication$UnloadThread.run(MoMLSimpleApplication.java:402)
Caused by: ptolemy.kernel.util.IllegalActionException: initialize() was called after wrapup() was called but preinitialize() was not called after wrapup().
	at ptolemy.actor.lib.hoc.test.PreinitializeMustBeInvoked.initialize(PreinitializeMustBeInvoked.java:78)
	at ptolemy.actor.Director.initialize(Director.java:938)
	at ptolemy.actor.Director.initialize(Director.java:907)
	at ptolemy.actor.sched.StaticSchedulingDirector.initialize(StaticSchedulingDirector.java:159)
	at ptolemy.domains.sdf.kernel.SDFDirector.initialize(SDFDirector.java:544)
	at ptolemy.actor.CompositeActor.initialize(CompositeActor.java:935)
	at ptolemy.actor.lib.hoc.LifeCycleManager._executeInsideModel(LifeCycleManager.java:339)
	at ptolemy.actor.lib.hoc.RunCompositeActor.fire(RunCompositeActor.java:205)
	at ptolemy.actor.CompositeActor.iterate(CompositeActor.java:1146)
	at ptolemy.actor.sched.StaticSchedulingDirector.fire(StaticSchedulingDirector.java:216)
	at ptolemy.domains.sdf.kernel.SDFDirector.fire(SDFDirector.java:500)
	at ptolemy.actor.CompositeActor.fire(CompositeActor.java:455)
	at ptolemy.actor.Manager.iterate(Manager.java:851)
	at ptolemy.actor.Manager.execute(Manager.java:369)
	at ptolemy.actor.Manager.run(Manager.java:1263)
	at ptolemy.actor.Manager$PtolemyRunThread.run(Manager.java:1915)
java.lang.reflect.InvocationTargetException
	at sun.reflect.NativeConstructorAccessorImpl.newInstance0(Native Method)
	at sun.reflect.NativeConstructorAccessorImpl.newInstance(NativeConstructorAccessorImpl.java:62)
	at sun.reflect.DelegatingConstructorAccessorImpl.newInstance(DelegatingConstructorAccessorImpl.java:45)
	at java.lang.reflect.Constructor.newInstance(Constructor.java:423)
	at ptolemy.util.test.junit.AutoKnownFailedTests.RunModel(AutoKnownFailedTests.java:107)
	at sun.reflect.NativeMethodAccessorImpl.invoke0(Native Method)
	at sun.reflect.NativeMethodAccessorImpl.invoke(NativeMethodAccessorImpl.java:62)
	at sun.reflect.DelegatingMethodAccessorImpl.invoke(DelegatingMethodAccessorImpl.java:43)
	at java.lang.reflect.Method.invoke(Method.java:498)
	at org.junit.runners.model.FrameworkMethod$1.runReflectiveCall(FrameworkMethod.java:44)
	at org.junit.internal.runners.model.ReflectiveCallable.run(ReflectiveCallable.java:15)
	at org.junit.runners.model.FrameworkMethod.invokeExplosively(FrameworkMethod.java:41)
	at junitparams.internal.InvokeParameterisedMethod.evaluate(InvokeParameterisedMethod.java:102)
	at org.junit.internal.runners.statements.FailOnTimeout$1.run(FailOnTimeout.java:28)
Caused by: ptolemy.kernel.util.IllegalActionException: initialize() was called after wrapup() was called but preinitialize() was not called after wrapup().
	at ptolemy.actor.lib.hoc.test.PreinitializeMustBeInvoked.initialize(PreinitializeMustBeInvoked.java:78)
	at ptolemy.actor.Director.initialize(Director.java:938)
	at ptolemy.actor.Director.initialize(Director.java:907)
	at ptolemy.actor.sched.StaticSchedulingDirector.initialize(StaticSchedulingDirector.java:159)
	at ptolemy.domains.sdf.kernel.SDFDirector.initialize(SDFDirector.java:544)
	at ptolemy.actor.CompositeActor.initialize(CompositeActor.java:935)
	at ptolemy.actor.lib.hoc.LifeCycleManager._executeInsideModel(LifeCycleManager.java:339)
	at ptolemy.actor.lib.hoc.RunCompositeActor.fire(RunCompositeActor.java:205)
	at ptolemy.actor.CompositeActor.iterate(CompositeActor.java:1146)
	at ptolemy.actor.sched.StaticSchedulingDirector.fire(StaticSchedulingDirector.java:216)
	at ptolemy.domains.sdf.kernel.SDFDirector.fire(SDFDirector.java:500)
	at ptolemy.actor.CompositeActor.fire(CompositeActor.java:455)
	at ptolemy.actor.Manager.iterate(Manager.java:851)
	at ptolemy.actor.Manager.execute(Manager.java:369)
	at ptolemy.actor.Manager.run(Manager.java:1263)
	at ptolemy.actor.Manager$PtolemyRunThread.run(Manager.java:1915)
]]></system-err>
</testsuite>
