<?xml version="1.0" encoding="UTF-8" ?>
<testsuite errors="0" failures="0" hostname="travis-job-d1a620c8-1731-40ef-a376-f54a19103122" name="ptolemy.domains.continuous.test.junit.JUnitTclTest" skipped="0" tests="156" time="72.722" timestamp="2020-08-01T15:14:19">
  <properties>
[...]
</properties>
  <testcase classname="ptolemy.util.test.junit.TclTests" name="[0] ThereAreNoTclTests (RunTclFile)" time="0.02" />
  <testcase classname="ptolemy.util.test.junit.AutoKnownFailedTests" name="[0] ThereAreNoKnowFailedTests (RunModel)" time="0.005" />
  <testcase classname="ptolemy.util.test.junit.AutoNameArchTests" name="[0] ThereAreNoAutoArchTests (RunModel)" time="0.024" />
  <testcase classname="ptolemy.util.test.junit.AutoTests" name="[0] /home/travis/build/icyphy/ptII/ptolemy/domains/continuous/test/auto/BouncingBall.xml (RunModel)" time="2.993" />
  <testcase classname="ptolemy.util.test.junit.AutoTests" name="[1] /home/travis/build/icyphy/ptII/ptolemy/domains/continuous/test/auto/BouncingBallWithoutGR.xml (RunModel)" time="0.948" />
  <testcase classname="ptolemy.util.test.junit.AutoTests" name="[2] /home/travis/build/icyphy/ptII/ptolemy/domains/continuous/test/auto/Brownian.xml (RunModel)" time="0.078" />
  <testcase classname="ptolemy.util.test.junit.AutoTests" name="[3] /home/travis/build/icyphy/ptII/ptolemy/domains/continuous/test/auto/CarTracking.xml (RunModel)" time="4.021" />
  <testcase classname="ptolemy.util.test.junit.AutoTests" name="[4] /home/travis/build/icyphy/ptII/ptolemy/domains/continuous/test/auto/CartPendulum.xml (RunModel)" time="0.593" />
  <testcase classname="ptolemy.util.test.junit.AutoTests" name="[5] /home/travis/build/icyphy/ptII/ptolemy/domains/continuous/test/auto/CausalityInterface10.xml (RunModel)" time="0.082" />
  <testcase classname="ptolemy.util.test.junit.AutoTests" name="[6] /home/travis/build/icyphy/ptII/ptolemy/domains/continuous/test/auto/CausalityInterface11.xml (RunModel)" time="0.032" />
  <testcase classname="ptolemy.util.test.junit.AutoTests" name="[7] /home/travis/build/icyphy/ptII/ptolemy/domains/continuous/test/auto/CausalityInterface12.xml (RunModel)" time="0.041" />
  <testcase classname="ptolemy.util.test.junit.AutoTests" name="[8] /home/travis/build/icyphy/ptII/ptolemy/domains/continuous/test/auto/CausalityInterface13.xml (RunModel)" time="0.059" />
  <testcase classname="ptolemy.util.test.junit.AutoTests" name="[9] /home/travis/build/icyphy/ptII/ptolemy/domains/continuous/test/auto/CausalityInterface14.xml (RunModel)" time="0.025" />
  <testcase classname="ptolemy.util.test.junit.AutoTests" name="[10] /home/travis/build/icyphy/ptII/ptolemy/domains/continuous/test/auto/CausalityInterface4.xml (RunModel)" time="0.045" />
  <testcase classname="ptolemy.util.test.junit.AutoTests" name="[11] /home/travis/build/icyphy/ptII/ptolemy/domains/continuous/test/auto/CausalityInterface5.xml (RunModel)" time="0.041" />
  <testcase classname="ptolemy.util.test.junit.AutoTests" name="[12] /home/travis/build/icyphy/ptII/ptolemy/domains/continuous/test/auto/CausalityInterface6.xml (RunModel)" time="0.03" />
  <testcase classname="ptolemy.util.test.junit.AutoTests" name="[13] /home/travis/build/icyphy/ptII/ptolemy/domains/continuous/test/auto/CausalityInterface7.xml (RunModel)" time="0.063" />
  <testcase classname="ptolemy.util.test.junit.AutoTests" name="[14] /home/travis/build/icyphy/ptII/ptolemy/domains/continuous/test/auto/CausalityInterface8.xml (RunModel)" time="0.047" />
  <testcase classname="ptolemy.util.test.junit.AutoTests" name="[15] /home/travis/build/icyphy/ptII/ptolemy/domains/continuous/test/auto/CausalityInterface9.xml (RunModel)" time="0.054" />
  <testcase classname="ptolemy.util.test.junit.AutoTests" name="[16] /home/travis/build/icyphy/ptII/ptolemy/domains/continuous/test/auto/CausalityInterfaceFeedback1.xml (RunModel)" time="0.035" />
  <testcase classname="ptolemy.util.test.junit.AutoTests" name="[17] /home/travis/build/icyphy/ptII/ptolemy/domains/continuous/test/auto/CausalityInterfaceFeedback2.xml (RunModel)" time="0.044" />
  <testcase classname="ptolemy.util.test.junit.AutoTests" name="[18] /home/travis/build/icyphy/ptII/ptolemy/domains/continuous/test/auto/CompareWithCurrentTime.xml (RunModel)" time="0.025" />
  <testcase classname="ptolemy.util.test.junit.AutoTests" name="[19] /home/travis/build/icyphy/ptII/ptolemy/domains/continuous/test/auto/ComparedClocks.xml (RunModel)" time="0.085" />
  <testcase classname="ptolemy.util.test.junit.AutoTests" name="[20] /home/travis/build/icyphy/ptII/ptolemy/domains/continuous/test/auto/ContinuousAOCClone.xml (RunModel)" time="2.695" />
  <testcase classname="ptolemy.util.test.junit.AutoTests" name="[21] /home/travis/build/icyphy/ptII/ptolemy/domains/continuous/test/auto/ContinuousClock.xml (RunModel)" time="0.104" />
  <testcase classname="ptolemy.util.test.junit.AutoTests" name="[22] /home/travis/build/icyphy/ptII/ptolemy/domains/continuous/test/auto/ContinuousInContinuous.xml (RunModel)" time="0.084" />
  <testcase classname="ptolemy.util.test.junit.AutoTests" name="[23] /home/travis/build/icyphy/ptII/ptolemy/domains/continuous/test/auto/ContinuousInContinuousInContinuous.xml (RunModel)" time="0.037" />
  <testcase classname="ptolemy.util.test.junit.AutoTests" name="[24] /home/travis/build/icyphy/ptII/ptolemy/domains/continuous/test/auto/ContinuousInDE.xml (RunModel)" time="0.13" />
  <testcase classname="ptolemy.util.test.junit.AutoTests" name="[25] /home/travis/build/icyphy/ptII/ptolemy/domains/continuous/test/auto/ContinuousInDE2.xml (RunModel)" time="0.046" />
  <testcase classname="ptolemy.util.test.junit.AutoTests" name="[26] /home/travis/build/icyphy/ptII/ptolemy/domains/continuous/test/auto/ContinuousInDE3.xml (RunModel)" time="0.055" />
  <testcase classname="ptolemy.util.test.junit.AutoTests" name="[27] /home/travis/build/icyphy/ptII/ptolemy/domains/continuous/test/auto/ContinuousInDE4.xml (RunModel)" time="0.033" />
  <testcase classname="ptolemy.util.test.junit.AutoTests" name="[28] /home/travis/build/icyphy/ptII/ptolemy/domains/continuous/test/auto/ContinuousInDEDifferentRefinements.xml (RunModel)" time="0.149" />
  <testcase classname="ptolemy.util.test.junit.AutoTests" name="[29] /home/travis/build/icyphy/ptII/ptolemy/domains/continuous/test/auto/ContinuousInDEDifferentRefinementsPreemptive.xml (RunModel)" time="0.087" />
  <testcase classname="ptolemy.util.test.junit.AutoTests" name="[30] /home/travis/build/icyphy/ptII/ptolemy/domains/continuous/test/auto/ContinuousInDEInContinuous2.xml (RunModel)" time="0.051" />
  <testcase classname="ptolemy.util.test.junit.AutoTests" name="[31] /home/travis/build/icyphy/ptII/ptolemy/domains/continuous/test/auto/ContinuousInDEInContinuous3.xml (RunModel)" time="0.053" />
  <testcase classname="ptolemy.util.test.junit.AutoTests" name="[32] /home/travis/build/icyphy/ptII/ptolemy/domains/continuous/test/auto/ContinuousInDEInput.xml (RunModel)" time="0.043" />
  <testcase classname="ptolemy.util.test.junit.AutoTests" name="[33] /home/travis/build/icyphy/ptII/ptolemy/domains/continuous/test/auto/ContinuousInDEInput2.xml (RunModel)" time="0.036" />
  <testcase classname="ptolemy.util.test.junit.AutoTests" name="[34] /home/travis/build/icyphy/ptII/ptolemy/domains/continuous/test/auto/ContinuousInDEInput3.xml (RunModel)" time="0.028" />
  <testcase classname="ptolemy.util.test.junit.AutoTests" name="[35] /home/travis/build/icyphy/ptII/ptolemy/domains/continuous/test/auto/ContinuousInDESharingRefinement.xml (RunModel)" time="0.173" />
  <testcase classname="ptolemy.util.test.junit.AutoTests" name="[36] /home/travis/build/icyphy/ptII/ptolemy/domains/continuous/test/auto/ContinuousInDEwithNoPorts.xml (RunModel)" time="0.018" />
  <testcase classname="ptolemy.util.test.junit.AutoTests" name="[37] /home/travis/build/icyphy/ptII/ptolemy/domains/continuous/test/auto/ContinuousInsideDE.xml (RunModel)" time="0.078" />
  <testcase classname="ptolemy.util.test.junit.AutoTests" name="[38] /home/travis/build/icyphy/ptII/ptolemy/domains/continuous/test/auto/ContinuousMerge1.xml (RunModel)" time="0.019" />
  <testcase classname="ptolemy.util.test.junit.AutoTests" name="[39] /home/travis/build/icyphy/ptII/ptolemy/domains/continuous/test/auto/ContinuousMerge2.xml (RunModel)" time="0.056" />
  <testcase classname="ptolemy.util.test.junit.AutoTests" name="[40] /home/travis/build/icyphy/ptII/ptolemy/domains/continuous/test/auto/ContinuousMerge3.xml (RunModel)" time="0.06" />
  <testcase classname="ptolemy.util.test.junit.AutoTests" name="[41] /home/travis/build/icyphy/ptII/ptolemy/domains/continuous/test/auto/ContinuousWithinContinuous.xml (RunModel)" time="0.051" />
  <testcase classname="ptolemy.util.test.junit.AutoTests" name="[42] /home/travis/build/icyphy/ptII/ptolemy/domains/continuous/test/auto/ContinuousWithinContinuous2.xml (RunModel)" time="0.077" />
  <testcase classname="ptolemy.util.test.junit.AutoTests" name="[43] /home/travis/build/icyphy/ptII/ptolemy/domains/continuous/test/auto/ContinuousWithinContinuous3.xml (RunModel)" time="0.032" />
  <testcase classname="ptolemy.util.test.junit.AutoTests" name="[44] /home/travis/build/icyphy/ptII/ptolemy/domains/continuous/test/auto/ContinuousWithinContinuous4.xml (RunModel)" time="0.074" />
  <testcase classname="ptolemy.util.test.junit.AutoTests" name="[45] /home/travis/build/icyphy/ptII/ptolemy/domains/continuous/test/auto/ContinuousWithinContinuous5.xml (RunModel)" time="0.032" />
  <testcase classname="ptolemy.util.test.junit.AutoTests" name="[46] /home/travis/build/icyphy/ptII/ptolemy/domains/continuous/test/auto/ContinuousWithinContinuous6.xml (RunModel)" time="0.029" />
  <testcase classname="ptolemy.util.test.junit.AutoTests" name="[47] /home/travis/build/icyphy/ptII/ptolemy/domains/continuous/test/auto/ContinuousWithinContinuous7.xml (RunModel)" time="0.064" />
  <testcase classname="ptolemy.util.test.junit.AutoTests" name="[48] /home/travis/build/icyphy/ptII/ptolemy/domains/continuous/test/auto/DCMotor.xml (RunModel)" time="13.519" />
  <testcase classname="ptolemy.util.test.junit.AutoTests" name="[49] /home/travis/build/icyphy/ptII/ptolemy/domains/continuous/test/auto/DEInContinuous.xml (RunModel)" time="0.045" />
  <testcase classname="ptolemy.util.test.junit.AutoTests" name="[50] /home/travis/build/icyphy/ptII/ptolemy/domains/continuous/test/auto/DEinContinuous2.xml (RunModel)" time="0.03" />
  <testcase classname="ptolemy.util.test.junit.AutoTests" name="[51] /home/travis/build/icyphy/ptII/ptolemy/domains/continuous/test/auto/Derivative.xml (RunModel)" time="0.198" />
  <testcase classname="ptolemy.util.test.junit.AutoTests" name="[52] /home/travis/build/icyphy/ptII/ptolemy/domains/continuous/test/auto/Derivative1.xml (RunModel)" time="0.057" />
  <testcase classname="ptolemy.util.test.junit.AutoTests" name="[53] /home/travis/build/icyphy/ptII/ptolemy/domains/continuous/test/auto/DiscreteClock.xml (RunModel)" time="0.02" />
  <testcase classname="ptolemy.util.test.junit.AutoTests" name="[54] /home/travis/build/icyphy/ptII/ptolemy/domains/continuous/test/auto/EfficiencyCurve.xml (RunModel)" time="0.076" />
  <testcase classname="ptolemy.util.test.junit.AutoTests" name="[55] /home/travis/build/icyphy/ptII/ptolemy/domains/continuous/test/auto/ExponentialResponse.xml (RunModel)" time="0.092" />
  <testcase classname="ptolemy.util.test.junit.AutoTests" name="[56] /home/travis/build/icyphy/ptII/ptolemy/domains/continuous/test/auto/ExponentialResponseRK45.xml (RunModel)" time="0.032" />
  <testcase classname="ptolemy.util.test.junit.AutoTests" name="[57] /home/travis/build/icyphy/ptII/ptolemy/domains/continuous/test/auto/Friction.xml (RunModel)" time="1.595" />
  <testcase classname="ptolemy.util.test.junit.AutoTests" name="[58] /home/travis/build/icyphy/ptII/ptolemy/domains/continuous/test/auto/FurutaPendulum.xml (RunModel)" time="3.299" />
  <testcase classname="ptolemy.util.test.junit.AutoTests" name="[59] /home/travis/build/icyphy/ptII/ptolemy/domains/continuous/test/auto/HierarchicalExecution.xml (RunModel)" time="2.164" />
  <testcase classname="ptolemy.util.test.junit.AutoTests" name="[60] /home/travis/build/icyphy/ptII/ptolemy/domains/continuous/test/auto/HybridPlant.xml (RunModel)" time="0.561" />
  <testcase classname="ptolemy.util.test.junit.AutoTests" name="[61] /home/travis/build/icyphy/ptII/ptolemy/domains/continuous/test/auto/Hysteresis.xml (RunModel)" time="0.182" />
  <testcase classname="ptolemy.util.test.junit.AutoTests" name="[62] /home/travis/build/icyphy/ptII/ptolemy/domains/continuous/test/auto/HysteresisWithRandomDelay.xml (RunModel)" time="0.22" />
  <testcase classname="ptolemy.util.test.junit.AutoTests" name="[63] /home/travis/build/icyphy/ptII/ptolemy/domains/continuous/test/auto/HysteresisWithRandomLosses.xml (RunModel)" time="2.307" />
  <testcase classname="ptolemy.util.test.junit.AutoTests" name="[64] /home/travis/build/icyphy/ptII/ptolemy/domains/continuous/test/auto/ImmediateTransitions.xml (RunModel)" time="0.037" />
  <testcase classname="ptolemy.util.test.junit.AutoTests" name="[65] /home/travis/build/icyphy/ptII/ptolemy/domains/continuous/test/auto/ImpulseFeedback.xml (RunModel)" time="0.021" />
  <testcase classname="ptolemy.util.test.junit.AutoTests" name="[66] /home/travis/build/icyphy/ptII/ptolemy/domains/continuous/test/auto/ImpulseFeedback2.xml (RunModel)" time="0.02" />
  <testcase classname="ptolemy.util.test.junit.AutoTests" name="[67] /home/travis/build/icyphy/ptII/ptolemy/domains/continuous/test/auto/IncreasingRatePoisson.xml (RunModel)" time="0.705" />
  <testcase classname="ptolemy.util.test.junit.AutoTests" name="[68] /home/travis/build/icyphy/ptII/ptolemy/domains/continuous/test/auto/InitialStateFeedback.xml (RunModel)" time="0.017" />
  <testcase classname="ptolemy.util.test.junit.AutoTests" name="[69] /home/travis/build/icyphy/ptII/ptolemy/domains/continuous/test/auto/Integration.xml (RunModel)" time="0.013" />
  <testcase classname="ptolemy.util.test.junit.AutoTests" name="[70] /home/travis/build/icyphy/ptII/ptolemy/domains/continuous/test/auto/Integration2.xml (RunModel)" time="0.093" />
  <testcase classname="ptolemy.util.test.junit.AutoTests" name="[71] /home/travis/build/icyphy/ptII/ptolemy/domains/continuous/test/auto/Integration3.xml (RunModel)" time="0.024" />
  <testcase classname="ptolemy.util.test.junit.AutoTests" name="[72] /home/travis/build/icyphy/ptII/ptolemy/domains/continuous/test/auto/Integration5.xml (RunModel)" time="0.011" />
  <testcase classname="ptolemy.util.test.junit.AutoTests" name="[73] /home/travis/build/icyphy/ptII/ptolemy/domains/continuous/test/auto/IntegratorImpulse.xml (RunModel)" time="0.014" />
  <testcase classname="ptolemy.util.test.junit.AutoTests" name="[74] /home/travis/build/icyphy/ptII/ptolemy/domains/continuous/test/auto/IntegratorImpulse2.xml (RunModel)" time="0.012" />
  <testcase classname="ptolemy.util.test.junit.AutoTests" name="[75] /home/travis/build/icyphy/ptII/ptolemy/domains/continuous/test/auto/LevelCrossing1.xml (RunModel)" time="0.013" />
  <testcase classname="ptolemy.util.test.junit.AutoTests" name="[76] /home/travis/build/icyphy/ptII/ptolemy/domains/continuous/test/auto/LevelCrossing2.xml (RunModel)" time="0.013" />
  <testcase classname="ptolemy.util.test.junit.AutoTests" name="[77] /home/travis/build/icyphy/ptII/ptolemy/domains/continuous/test/auto/LevelCrossing3.xml (RunModel)" time="0.012" />
  <testcase classname="ptolemy.util.test.junit.AutoTests" name="[78] /home/travis/build/icyphy/ptII/ptolemy/domains/continuous/test/auto/LevelCrossing4.xml (RunModel)" time="0.013" />
  <testcase classname="ptolemy.util.test.junit.AutoTests" name="[79] /home/travis/build/icyphy/ptII/ptolemy/domains/continuous/test/auto/LevelCrossing5.xml (RunModel)" time="0.012" />
  <testcase classname="ptolemy.util.test.junit.AutoTests" name="[80] /home/travis/build/icyphy/ptII/ptolemy/domains/continuous/test/auto/LevelCrossing6.xml (RunModel)" time="0.012" />
  <testcase classname="ptolemy.util.test.junit.AutoTests" name="[81] /home/travis/build/icyphy/ptII/ptolemy/domains/continuous/test/auto/LevelCrossingDetector.xml (RunModel)" time="0.054" />
  <testcase classname="ptolemy.util.test.junit.AutoTests" name="[82] /home/travis/build/icyphy/ptII/ptolemy/domains/continuous/test/auto/LevelCrossingDetectorDetectingDirections.xml (RunModel)" time="0.095" />
  <testcase classname="ptolemy.util.test.junit.AutoTests" name="[83] /home/travis/build/icyphy/ptII/ptolemy/domains/continuous/test/auto/LevelCrossingDetectorDetectsGlitches.xml (RunModel)" time="0.066" />
  <testcase classname="ptolemy.util.test.junit.AutoTests" name="[84] /home/travis/build/icyphy/ptII/ptolemy/domains/continuous/test/auto/LevelCrossingNoInitialOuput.xml (RunModel)" time="0.018" />
  <testcase classname="ptolemy.util.test.junit.AutoTests" name="[85] /home/travis/build/icyphy/ptII/ptolemy/domains/continuous/test/auto/LinearStateSpaceExample.xml (RunModel)" time="0.068" />
  <testcase classname="ptolemy.util.test.junit.AutoTests" name="[86] /home/travis/build/icyphy/ptII/ptolemy/domains/continuous/test/auto/Lorenz.xml (RunModel)" time="3.308" />
  <testcase classname="ptolemy.util.test.junit.AutoTests" name="[87] /home/travis/build/icyphy/ptII/ptolemy/domains/continuous/test/auto/LorenzDifferentialSystem.xml (RunModel)" time="0.968" />
  <testcase classname="ptolemy.util.test.junit.AutoTests" name="[88] /home/travis/build/icyphy/ptII/ptolemy/domains/continuous/test/auto/LorenzDifferentialSystemWithInput.xml (RunModel)" time="1.143" />
  <testcase classname="ptolemy.util.test.junit.AutoTests" name="[89] /home/travis/build/icyphy/ptII/ptolemy/domains/continuous/test/auto/LorenzDifferentialSystemWithTime.xml (RunModel)" time="0.774" />
  <testcase classname="ptolemy.util.test.junit.AutoTests" name="[90] /home/travis/build/icyphy/ptII/ptolemy/domains/continuous/test/auto/Microsteps.xml (RunModel)" time="0.034" />
  <testcase classname="ptolemy.util.test.junit.AutoTests" name="[91] /home/travis/build/icyphy/ptII/ptolemy/domains/continuous/test/auto/Modal1.xml (RunModel)" time="0.046" />
  <testcase classname="ptolemy.util.test.junit.AutoTests" name="[92] /home/travis/build/icyphy/ptII/ptolemy/domains/continuous/test/auto/Modal2.xml (RunModel)" time="0.054" />
  <testcase classname="ptolemy.util.test.junit.AutoTests" name="[93] /home/travis/build/icyphy/ptII/ptolemy/domains/continuous/test/auto/ModalTransitionGuardWithReset.xml (RunModel)" time="0.028" />
  <testcase classname="ptolemy.util.test.junit.AutoTests" name="[94] /home/travis/build/icyphy/ptII/ptolemy/domains/continuous/test/auto/ModalTransitionGuardWithResetUsingPreemptiveTransition.xml (RunModel)" time="0.031" />
  <testcase classname="ptolemy.util.test.junit.AutoTests" name="[95] /home/travis/build/icyphy/ptII/ptolemy/domains/continuous/test/auto/ModalTransitionGuardWithResetUsingPreemptiveTransition2.xml (RunModel)" time="0.032" />
  <testcase classname="ptolemy.util.test.junit.AutoTests" name="[96] /home/travis/build/icyphy/ptII/ptolemy/domains/continuous/test/auto/ModalTransitionGuardWithResetUsingPreemptiveTransition3.xml (RunModel)" time="0.026" />
  <testcase classname="ptolemy.util.test.junit.AutoTests" name="[97] /home/travis/build/icyphy/ptII/ptolemy/domains/continuous/test/auto/NewtonsCradle.xml (RunModel)" time="0.81" />
  <testcase classname="ptolemy.util.test.junit.AutoTests" name="[98] /home/travis/build/icyphy/ptII/ptolemy/domains/continuous/test/auto/NewtonsCradleAnimated.xml (RunModel)" time="1.317" />
  <testcase classname="ptolemy.util.test.junit.AutoTests" name="[99] /home/travis/build/icyphy/ptII/ptolemy/domains/continuous/test/auto/NewtonsCradleComplicated.xml (RunModel)" time="0.939" />
  <testcase classname="ptolemy.util.test.junit.AutoTests" name="[100] /home/travis/build/icyphy/ptII/ptolemy/domains/continuous/test/auto/NewtonsCradleNondeterministic.xml (RunModel)" time="0.715" />
  <testcase classname="ptolemy.util.test.junit.AutoTests" name="[101] /home/travis/build/icyphy/ptII/ptolemy/domains/continuous/test/auto/NewtonsCradlePerfectlyInelastic1.xml (RunModel)" time="1.191" />
  <testcase classname="ptolemy.util.test.junit.AutoTests" name="[102] /home/travis/build/icyphy/ptII/ptolemy/domains/continuous/test/auto/Noise.xml (RunModel)" time="0.188" />
  <testcase classname="ptolemy.util.test.junit.AutoTests" name="[103] /home/travis/build/icyphy/ptII/ptolemy/domains/continuous/test/auto/NoiseSpectrum.xml (RunModel)" time="0.714" />
  <testcase classname="ptolemy.util.test.junit.AutoTests" name="[104] /home/travis/build/icyphy/ptII/ptolemy/domains/continuous/test/auto/ParameterizedNewtonsCradleAnimated.xml (RunModel)" time="0.334" />
  <testcase classname="ptolemy.util.test.junit.AutoTests" name="[105] /home/travis/build/icyphy/ptII/ptolemy/domains/continuous/test/auto/ParameterizedNewtonsCradleAnimatedNondeterministic.xml (RunModel)" time="1.151" />
  <testcase classname="ptolemy.util.test.junit.AutoTests" name="[106] /home/travis/build/icyphy/ptII/ptolemy/domains/continuous/test/auto/Pendulum3D.xml (RunModel)" time="0.171" />
  <testcase classname="ptolemy.util.test.junit.AutoTests" name="[107] /home/travis/build/icyphy/ptII/ptolemy/domains/continuous/test/auto/PeriodicSampler.xml (RunModel)" time="0.011" />
  <testcase classname="ptolemy.util.test.junit.AutoTests" name="[108] /home/travis/build/icyphy/ptII/ptolemy/domains/continuous/test/auto/PeriodicSampler1.xml (RunModel)" time="0.042" />
  <testcase classname="ptolemy.util.test.junit.AutoTests" name="[109] /home/travis/build/icyphy/ptII/ptolemy/domains/continuous/test/auto/PeriodicSampler2.xml (RunModel)" time="0.081" />
  <testcase classname="ptolemy.util.test.junit.AutoTests" name="[110] /home/travis/build/icyphy/ptII/ptolemy/domains/continuous/test/auto/Poisson.xml (RunModel)" time="0.459" />
  <testcase classname="ptolemy.util.test.junit.AutoTests" name="[111] /home/travis/build/icyphy/ptII/ptolemy/domains/continuous/test/auto/PoissonClock.xml (RunModel)" time="0.018" />
  <testcase classname="ptolemy.util.test.junit.AutoTests" name="[112] /home/travis/build/icyphy/ptII/ptolemy/domains/continuous/test/auto/PoissonClock2.xml (RunModel)" time="0.016" />
  <testcase classname="ptolemy.util.test.junit.AutoTests" name="[113] /home/travis/build/icyphy/ptII/ptolemy/domains/continuous/test/auto/PortParameterHierarchy.xml (RunModel)" time="0.03" />
  <testcase classname="ptolemy.util.test.junit.AutoTests" name="[114] /home/travis/build/icyphy/ptII/ptolemy/domains/continuous/test/auto/RandomHybridPlant.xml (RunModel)" time="0.56" />
  <testcase classname="ptolemy.util.test.junit.AutoTests" name="[115] /home/travis/build/icyphy/ptII/ptolemy/domains/continuous/test/auto/ResetTransitionWithStartTime1.xml (RunModel)" time="0.032" />
  <testcase classname="ptolemy.util.test.junit.AutoTests" name="[116] /home/travis/build/icyphy/ptII/ptolemy/domains/continuous/test/auto/ResetTransitionWithStartTime2.xml (RunModel)" time="0.036" />
  <testcase classname="ptolemy.util.test.junit.AutoTests" name="[117] /home/travis/build/icyphy/ptII/ptolemy/domains/continuous/test/auto/ResetTransitionWithStartTime3.xml (RunModel)" time="0.037" />
  <testcase classname="ptolemy.util.test.junit.AutoTests" name="[118] /home/travis/build/icyphy/ptII/ptolemy/domains/continuous/test/auto/ResetTransitionWithStartTime4.xml (RunModel)" time="0.03" />
  <testcase classname="ptolemy.util.test.junit.AutoTests" name="[119] /home/travis/build/icyphy/ptII/ptolemy/domains/continuous/test/auto/ResetTransitionWithStartTime5.xml (RunModel)" time="0.04" />
  <testcase classname="ptolemy.util.test.junit.AutoTests" name="[120] /home/travis/build/icyphy/ptII/ptolemy/domains/continuous/test/auto/ResetTransitionWithStartTime6.xml (RunModel)" time="0.028" />
  <testcase classname="ptolemy.util.test.junit.AutoTests" name="[121] /home/travis/build/icyphy/ptII/ptolemy/domains/continuous/test/auto/SRinContinuous.xml (RunModel)" time="0.024" />
  <testcase classname="ptolemy.util.test.junit.AutoTests" name="[122] /home/travis/build/icyphy/ptII/ptolemy/domains/continuous/test/auto/SampledClocks.xml (RunModel)" time="0.032" />
  <testcase classname="ptolemy.util.test.junit.AutoTests" name="[123] /home/travis/build/icyphy/ptII/ptolemy/domains/continuous/test/auto/Satellite.xml (RunModel)" time="0.701" />
  <testcase classname="ptolemy.util.test.junit.AutoTests" name="[124] /home/travis/build/icyphy/ptII/ptolemy/domains/continuous/test/auto/SigmaDelta.xml (RunModel)" time="2.035" />
  <testcase classname="ptolemy.util.test.junit.AutoTests" name="[125] /home/travis/build/icyphy/ptII/ptolemy/domains/continuous/test/auto/SingleRefinement.xml (RunModel)" time="0.423" />
  <testcase classname="ptolemy.util.test.junit.AutoTests" name="[126] /home/travis/build/icyphy/ptII/ptolemy/domains/continuous/test/auto/SinuBouncingBall.xml (RunModel)" time="0.884" />
  <testcase classname="ptolemy.util.test.junit.AutoTests" name="[127] /home/travis/build/icyphy/ptII/ptolemy/domains/continuous/test/auto/Sinusoid.xml (RunModel)" time="0.018" />
  <testcase classname="ptolemy.util.test.junit.AutoTests" name="[128] /home/travis/build/icyphy/ptII/ptolemy/domains/continuous/test/auto/SinusoidInNoise.xml (RunModel)" time="0.789" />
  <testcase classname="ptolemy.util.test.junit.AutoTests" name="[129] /home/travis/build/icyphy/ptII/ptolemy/domains/continuous/test/auto/SinusoidRK45.xml (RunModel)" time="0.029" />
  <testcase classname="ptolemy.util.test.junit.AutoTests" name="[130] /home/travis/build/icyphy/ptII/ptolemy/domains/continuous/test/auto/SinusoidWithMultipleImpulses.xml (RunModel)" time="0.033" />
  <testcase classname="ptolemy.util.test.junit.AutoTests" name="[131] /home/travis/build/icyphy/ptII/ptolemy/domains/continuous/test/auto/SquareWave.xml (RunModel)" time="0.26" />
  <testcase classname="ptolemy.util.test.junit.AutoTests" name="[132] /home/travis/build/icyphy/ptII/ptolemy/domains/continuous/test/auto/Starmac.xml (RunModel)" time="3.396" />
  <testcase classname="ptolemy.util.test.junit.AutoTests" name="[133] /home/travis/build/icyphy/ptII/ptolemy/domains/continuous/test/auto/StaticUnits.xml (RunModel)" time="2.65" />
  <testcase classname="ptolemy.util.test.junit.AutoTests" name="[134] /home/travis/build/icyphy/ptII/ptolemy/domains/continuous/test/auto/StickyMasses.xml (RunModel)" time="0.19" />
  <testcase classname="ptolemy.util.test.junit.AutoTests" name="[135] /home/travis/build/icyphy/ptII/ptolemy/domains/continuous/test/auto/StopTime.xml (RunModel)" time="0.061" />
  <testcase classname="ptolemy.util.test.junit.AutoTests" name="[136] /home/travis/build/icyphy/ptII/ptolemy/domains/continuous/test/auto/StopTime2.xml (RunModel)" time="0.05" />
  <testcase classname="ptolemy.util.test.junit.AutoTests" name="[137] /home/travis/build/icyphy/ptII/ptolemy/domains/continuous/test/auto/Switch.xml (RunModel)" time="0.056" />
  <testcase classname="ptolemy.util.test.junit.AutoTests" name="[138] /home/travis/build/icyphy/ptII/ptolemy/domains/continuous/test/auto/Thermostat.xml (RunModel)" time="0.192" />
  <testcase classname="ptolemy.util.test.junit.AutoTests" name="[139] /home/travis/build/icyphy/ptII/ptolemy/domains/continuous/test/auto/TimeDelay.xml (RunModel)" time="0.017" />
  <testcase classname="ptolemy.util.test.junit.AutoTests" name="[140] /home/travis/build/icyphy/ptII/ptolemy/domains/continuous/test/auto/TimeDelay2.xml (RunModel)" time="0.024" />
  <testcase classname="ptolemy.util.test.junit.AutoTests" name="[141] /home/travis/build/icyphy/ptII/ptolemy/domains/continuous/test/auto/TimeDelay3.xml (RunModel)" time="0.01" />
  <testcase classname="ptolemy.util.test.junit.AutoTests" name="[142] /home/travis/build/icyphy/ptII/ptolemy/domains/continuous/test/auto/TransferAbsentToInside.xml (RunModel)" time="0.103" />
  <testcase classname="ptolemy.util.test.junit.AutoTests" name="[143] /home/travis/build/icyphy/ptII/ptolemy/domains/continuous/test/auto/Transmission.xml (RunModel)" time="0.749" />
  <testcase classname="ptolemy.util.test.junit.AutoTests" name="[144] /home/travis/build/icyphy/ptII/ptolemy/domains/continuous/test/auto/TriggeredContinuousClock.xml (RunModel)" time="0.069" />
  <testcase classname="ptolemy.util.test.junit.AutoTests" name="[145] /home/travis/build/icyphy/ptII/ptolemy/domains/continuous/test/auto/TwoMachineInfiniteBusControl.xml (RunModel)" time="2.83" />
  <testcase classname="ptolemy.util.test.junit.AutoTests" name="[146] /home/travis/build/icyphy/ptII/ptolemy/domains/continuous/test/auto/V2V.xml (RunModel)" time="0.854" />
  <testcase classname="ptolemy.util.test.junit.AutoTests" name="[147] /home/travis/build/icyphy/ptII/ptolemy/domains/continuous/test/auto/hierarchicalModalModel.xml (RunModel)" time="0.038" />
  <testcase classname="ptolemy.util.test.junit.AutoTests" name="[148] /home/travis/build/icyphy/ptII/ptolemy/domains/continuous/test/auto/hierarchicalModalModel1.xml (RunModel)" time="0.036" />
  <testcase classname="ptolemy.util.test.junit.AutoTests" name="[149] /home/travis/build/icyphy/ptII/ptolemy/domains/continuous/test/auto/hierarchicalModalModel2.xml (RunModel)" time="0.033" />
  <testcase classname="ptolemy.util.test.junit.AutoTests" name="[150] /home/travis/build/icyphy/ptII/ptolemy/domains/continuous/test/auto/hierarchicalModalModel3.xml (RunModel)" time="0.032" />
  <testcase classname="ptolemy.util.test.junit.AutoTests" name="[151] /home/travis/build/icyphy/ptII/ptolemy/domains/continuous/test/auto/hierarchicalModalModel4.xml (RunModel)" time="0.029" />
  <testcase classname="ptolemy.util.test.junit.AutoTests" name="[152] /home/travis/build/icyphy/ptII/ptolemy/domains/continuous/test/auto/junk.xml (RunModel)" time="0.16" />
  <system-out><![CDATA[No tcl tests in /home/travis/build/icyphy/ptII/ptolemy/domains/continuous/test
No auto/knownFailedTests/*.xml tests in /home/travis/build/icyphy/ptII/ptolemy/domains/continuous/test
No auto/linux-amd64/*.xml tests in /home/travis/build/icyphy/ptII/ptolemy/domains/continuous/test
AutoTests.java: About to close Vertx.
AutoTests.java: Vertx closed.

===========================================================================================
----------------- testing Sat Aug 01 15:14:20 UTC 2020 /home/travis/build/icyphy/ptII/ptolemy/domains/continuous/test/auto/BouncingBall.xml
----------------- Instantiating /home/travis/build/icyphy/ptII/ptolemy/domains/continuous/test/auto/BouncingBall.xml
2321 ms. Memory: 129024K Free: 109135K (85%)
----------------- Invoking toplevel() on ptolemy.moml.MoMLSimpleApplication@25e296d
----------------- Done invoking toplevel() on ptolemy.moml.MoMLSimpleApplication@25e296d
reloadAllAccessors: .BouncingBall

===========================================================================================
----------------- testing Sat Aug 01 15:14:23 UTC 2020 /home/travis/build/icyphy/ptII/ptolemy/domains/continuous/test/auto/BouncingBallWithoutGR.xml
----------------- Instantiating /home/travis/build/icyphy/ptII/ptolemy/domains/continuous/test/auto/BouncingBallWithoutGR.xml
795 ms. Memory: 155648K Free: 105563K (68%)
----------------- Invoking toplevel() on ptolemy.moml.MoMLSimpleApplication@39f90d8b
----------------- Done invoking toplevel() on ptolemy.moml.MoMLSimpleApplication@39f90d8b
reloadAllAccessors: .BouncingBallWithoutGR

===========================================================================================
----------------- testing Sat Aug 01 15:14:24 UTC 2020 /home/travis/build/icyphy/ptII/ptolemy/domains/continuous/test/auto/Brownian.xml
----------------- Instantiating /home/travis/build/icyphy/ptII/ptolemy/domains/continuous/test/auto/Brownian.xml
19 ms. Memory: 155648K Free: 96347K (62%)
----------------- Invoking toplevel() on ptolemy.moml.MoMLSimpleApplication@2bcf683f
----------------- Done invoking toplevel() on ptolemy.moml.MoMLSimpleApplication@2bcf683f
reloadAllAccessors: .Brownian

===========================================================================================
----------------- testing Sat Aug 01 15:14:24 UTC 2020 /home/travis/build/icyphy/ptII/ptolemy/domains/continuous/test/auto/CarTracking.xml
----------------- Instantiating /home/travis/build/icyphy/ptII/ptolemy/domains/continuous/test/auto/CarTracking.xml
3634 ms. Memory: 187392K Free: 87172K (47%)
----------------- Invoking toplevel() on ptolemy.moml.MoMLSimpleApplication@7c36fc46
----------------- Done invoking toplevel() on ptolemy.moml.MoMLSimpleApplication@7c36fc46
reloadAllAccessors: .CarTracking

===========================================================================================
----------------- testing Sat Aug 01 15:14:28 UTC 2020 /home/travis/build/icyphy/ptII/ptolemy/domains/continuous/test/auto/CartPendulum.xml
----------------- Instantiating /home/travis/build/icyphy/ptII/ptolemy/domains/continuous/test/auto/CartPendulum.xml
395 ms. Memory: 225280K Free: 142966K (63%)
----------------- Invoking toplevel() on ptolemy.moml.MoMLSimpleApplication@19765ee4
----------------- Done invoking toplevel() on ptolemy.moml.MoMLSimpleApplication@19765ee4
reloadAllAccessors: .CartPendulum

===========================================================================================
----------------- testing Sat Aug 01 15:14:29 UTC 2020 /home/travis/build/icyphy/ptII/ptolemy/domains/continuous/test/auto/CausalityInterface10.xml
----------------- Instantiating /home/travis/build/icyphy/ptII/ptolemy/domains/continuous/test/auto/CausalityInterface10.xml
13 ms. Memory: 225280K Free: 132216K (59%)
----------------- Invoking toplevel() on ptolemy.moml.MoMLSimpleApplication@7c4c4789
----------------- Done invoking toplevel() on ptolemy.moml.MoMLSimpleApplication@7c4c4789
reloadAllAccessors: .CausalityInterface10

===========================================================================================
----------------- testing Sat Aug 01 15:14:29 UTC 2020 /home/travis/build/icyphy/ptII/ptolemy/domains/continuous/test/auto/CausalityInterface11.xml
----------------- Instantiating /home/travis/build/icyphy/ptII/ptolemy/domains/continuous/test/auto/CausalityInterface11.xml
13 ms. Memory: 225280K Free: 126072K (56%)
----------------- Invoking toplevel() on ptolemy.moml.MoMLSimpleApplication@10a1f889
----------------- Done invoking toplevel() on ptolemy.moml.MoMLSimpleApplication@10a1f889
reloadAllAccessors: .CausalityInterface11

===========================================================================================
----------------- testing Sat Aug 01 15:14:29 UTC 2020 /home/travis/build/icyphy/ptII/ptolemy/domains/continuous/test/auto/CausalityInterface12.xml
----------------- Instantiating /home/travis/build/icyphy/ptII/ptolemy/domains/continuous/test/auto/CausalityInterface12.xml
10 ms. Memory: 225280K Free: 119928K (53%)
----------------- Invoking toplevel() on ptolemy.moml.MoMLSimpleApplication@64e16730
----------------- Done invoking toplevel() on ptolemy.moml.MoMLSimpleApplication@64e16730
reloadAllAccessors: .CausalityInterface12

===========================================================================================
----------------- testing Sat Aug 01 15:14:29 UTC 2020 /home/travis/build/icyphy/ptII/ptolemy/domains/continuous/test/auto/CausalityInterface13.xml
----------------- Instantiating /home/travis/build/icyphy/ptII/ptolemy/domains/continuous/test/auto/CausalityInterface13.xml
4 ms. Memory: 225280K Free: 113784K (51%)
----------------- Invoking toplevel() on ptolemy.moml.MoMLSimpleApplication@7a811244
----------------- Done invoking toplevel() on ptolemy.moml.MoMLSimpleApplication@7a811244
reloadAllAccessors: .CausalityInterface13

===========================================================================================
----------------- testing Sat Aug 01 15:14:29 UTC 2020 /home/travis/build/icyphy/ptII/ptolemy/domains/continuous/test/auto/CausalityInterface14.xml
----------------- Instantiating /home/travis/build/icyphy/ptII/ptolemy/domains/continuous/test/auto/CausalityInterface14.xml
3 ms. Memory: 225280K Free: 108135K (48%)
----------------- Invoking toplevel() on ptolemy.moml.MoMLSimpleApplication@2f78adc0
----------------- Done invoking toplevel() on ptolemy.moml.MoMLSimpleApplication@2f78adc0
reloadAllAccessors: .CausalityInterface14

===========================================================================================
----------------- testing Sat Aug 01 15:14:29 UTC 2020 /home/travis/build/icyphy/ptII/ptolemy/domains/continuous/test/auto/CausalityInterface4.xml
----------------- Instantiating /home/travis/build/icyphy/ptII/ptolemy/domains/continuous/test/auto/CausalityInterface4.xml
6 ms. Memory: 225280K Free: 101496K (45%)
----------------- Invoking toplevel() on ptolemy.moml.MoMLSimpleApplication@7d27e86c
----------------- Done invoking toplevel() on ptolemy.moml.MoMLSimpleApplication@7d27e86c
reloadAllAccessors: .CausalityInterface4

===========================================================================================
----------------- testing Sat Aug 01 15:14:29 UTC 2020 /home/travis/build/icyphy/ptII/ptolemy/domains/continuous/test/auto/CausalityInterface5.xml
----------------- Instantiating /home/travis/build/icyphy/ptII/ptolemy/domains/continuous/test/auto/CausalityInterface5.xml
8 ms. Memory: 225280K Free: 93304K (41%)
----------------- Invoking toplevel() on ptolemy.moml.MoMLSimpleApplication@4f6087e5
----------------- Done invoking toplevel() on ptolemy.moml.MoMLSimpleApplication@4f6087e5
reloadAllAccessors: .CausalityInterface5

===========================================================================================
----------------- testing Sat Aug 01 15:14:29 UTC 2020 /home/travis/build/icyphy/ptII/ptolemy/domains/continuous/test/auto/CausalityInterface6.xml
----------------- Instantiating /home/travis/build/icyphy/ptII/ptolemy/domains/continuous/test/auto/CausalityInterface6.xml
3 ms. Memory: 225280K Free: 88184K (39%)
----------------- Invoking toplevel() on ptolemy.moml.MoMLSimpleApplication@6ddf4ba9
----------------- Done invoking toplevel() on ptolemy.moml.MoMLSimpleApplication@6ddf4ba9
reloadAllAccessors: .CausalityInterface6

===========================================================================================
----------------- testing Sat Aug 01 15:14:29 UTC 2020 /home/travis/build/icyphy/ptII/ptolemy/domains/continuous/test/auto/CausalityInterface7.xml
----------------- Instantiating /home/travis/build/icyphy/ptII/ptolemy/domains/continuous/test/auto/CausalityInterface7.xml
25 ms. Memory: 225280K Free: 79478K (35%)
----------------- Invoking toplevel() on ptolemy.moml.MoMLSimpleApplication@1eb0330f
----------------- Done invoking toplevel() on ptolemy.moml.MoMLSimpleApplication@1eb0330f
reloadAllAccessors: .CausalityInterface7

===========================================================================================
----------------- testing Sat Aug 01 15:14:29 UTC 2020 /home/travis/build/icyphy/ptII/ptolemy/domains/continuous/test/auto/CausalityInterface8.xml
----------------- Instantiating /home/travis/build/icyphy/ptII/ptolemy/domains/continuous/test/auto/CausalityInterface8.xml
6 ms. Memory: 225280K Free: 204523K (91%)
----------------- Invoking toplevel() on ptolemy.moml.MoMLSimpleApplication@5c0329f5
----------------- Done invoking toplevel() on ptolemy.moml.MoMLSimpleApplication@5c0329f5
reloadAllAccessors: .CausalityInterface8

===========================================================================================
----------------- testing Sat Aug 01 15:14:29 UTC 2020 /home/travis/build/icyphy/ptII/ptolemy/domains/continuous/test/auto/CausalityInterface9.xml
----------------- Instantiating /home/travis/build/icyphy/ptII/ptolemy/domains/continuous/test/auto/CausalityInterface9.xml
11 ms. Memory: 225280K Free: 193773K (86%)
----------------- Invoking toplevel() on ptolemy.moml.MoMLSimpleApplication@445ff542
----------------- Done invoking toplevel() on ptolemy.moml.MoMLSimpleApplication@445ff542
reloadAllAccessors: .CausalityInterface9

===========================================================================================
----------------- testing Sat Aug 01 15:14:29 UTC 2020 /home/travis/build/icyphy/ptII/ptolemy/domains/continuous/test/auto/CausalityInterfaceFeedback1.xml
----------------- Instantiating /home/travis/build/icyphy/ptII/ptolemy/domains/continuous/test/auto/CausalityInterfaceFeedback1.xml
8 ms. Memory: 225280K Free: 187101K (83%)
----------------- Invoking toplevel() on ptolemy.moml.MoMLSimpleApplication@1b057ba5
----------------- Done invoking toplevel() on ptolemy.moml.MoMLSimpleApplication@1b057ba5
reloadAllAccessors: .CausalityInterfaceFeedback1

===========================================================================================
----------------- testing Sat Aug 01 15:14:29 UTC 2020 /home/travis/build/icyphy/ptII/ptolemy/domains/continuous/test/auto/CausalityInterfaceFeedback2.xml
----------------- Instantiating /home/travis/build/icyphy/ptII/ptolemy/domains/continuous/test/auto/CausalityInterfaceFeedback2.xml
10 ms. Memory: 225280K Free: 180461K (80%)
----------------- Invoking toplevel() on ptolemy.moml.MoMLSimpleApplication@a22e1e0
----------------- Done invoking toplevel() on ptolemy.moml.MoMLSimpleApplication@a22e1e0
reloadAllAccessors: .CausalityInterfaceFeedback2

===========================================================================================
----------------- testing Sat Aug 01 15:14:29 UTC 2020 /home/travis/build/icyphy/ptII/ptolemy/domains/continuous/test/auto/CompareWithCurrentTime.xml
----------------- Instantiating /home/travis/build/icyphy/ptII/ptolemy/domains/continuous/test/auto/CompareWithCurrentTime.xml
7 ms. Memory: 225280K Free: 176365K (78%)
----------------- Invoking toplevel() on ptolemy.moml.MoMLSimpleApplication@4926f970
----------------- Done invoking toplevel() on ptolemy.moml.MoMLSimpleApplication@4926f970
reloadAllAccessors: .CompareWithCurrentTime

===========================================================================================
----------------- testing Sat Aug 01 15:14:29 UTC 2020 /home/travis/build/icyphy/ptII/ptolemy/domains/continuous/test/auto/ComparedClocks.xml
----------------- Instantiating /home/travis/build/icyphy/ptII/ptolemy/domains/continuous/test/auto/ComparedClocks.xml
7 ms. Memory: 225280K Free: 161005K (71%)
----------------- Invoking toplevel() on ptolemy.moml.MoMLSimpleApplication@73ab25fc
----------------- Done invoking toplevel() on ptolemy.moml.MoMLSimpleApplication@73ab25fc
reloadAllAccessors: .ComparedClocks

===========================================================================================
----------------- testing Sat Aug 01 15:14:29 UTC 2020 /home/travis/build/icyphy/ptII/ptolemy/domains/continuous/test/auto/ContinuousAOCClone.xml
----------------- Instantiating /home/travis/build/icyphy/ptII/ptolemy/domains/continuous/test/auto/ContinuousAOCClone.xml
2417 ms. Memory: 225280K Free: 164405K (73%)
----------------- Invoking toplevel() on ptolemy.moml.MoMLSimpleApplication@24d4b849
----------------- Done invoking toplevel() on ptolemy.moml.MoMLSimpleApplication@24d4b849
reloadAllAccessors: .ContinuousAOCClone

===========================================================================================
----------------- testing Sat Aug 01 15:14:32 UTC 2020 /home/travis/build/icyphy/ptII/ptolemy/domains/continuous/test/auto/ContinuousClock.xml
----------------- Instantiating /home/travis/build/icyphy/ptII/ptolemy/domains/continuous/test/auto/ContinuousClock.xml
25 ms. Memory: 225280K Free: 142405K (63%)
----------------- Invoking toplevel() on ptolemy.moml.MoMLSimpleApplication@2541201a
----------------- Done invoking toplevel() on ptolemy.moml.MoMLSimpleApplication@2541201a
reloadAllAccessors: .ContinuousClock

===========================================================================================
----------------- testing Sat Aug 01 15:14:32 UTC 2020 /home/travis/build/icyphy/ptII/ptolemy/domains/continuous/test/auto/ContinuousInContinuous.xml
----------------- Instantiating /home/travis/build/icyphy/ptII/ptolemy/domains/continuous/test/auto/ContinuousInContinuous.xml
41 ms. Memory: 225280K Free: 118853K (53%)
----------------- Invoking toplevel() on ptolemy.moml.MoMLSimpleApplication@7204f188
----------------- Done invoking toplevel() on ptolemy.moml.MoMLSimpleApplication@7204f188
reloadAllAccessors: .ContinuousInContinuous

===========================================================================================
----------------- testing Sat Aug 01 15:14:32 UTC 2020 /home/travis/build/icyphy/ptII/ptolemy/domains/continuous/test/auto/ContinuousInContinuousInContinuous.xml
----------------- Instantiating /home/travis/build/icyphy/ptII/ptolemy/domains/continuous/test/auto/ContinuousInContinuousInContinuous.xml
8 ms. Memory: 225280K Free: 111171K (49%)
----------------- Invoking toplevel() on ptolemy.moml.MoMLSimpleApplication@69bb31e3
----------------- Done invoking toplevel() on ptolemy.moml.MoMLSimpleApplication@69bb31e3
reloadAllAccessors: .ContinuousInContinuousInContinuous

===========================================================================================
----------------- testing Sat Aug 01 15:14:32 UTC 2020 /home/travis/build/icyphy/ptII/ptolemy/domains/continuous/test/auto/ContinuousInDE.xml
----------------- Instantiating /home/travis/build/icyphy/ptII/ptolemy/domains/continuous/test/auto/ContinuousInDE.xml
104 ms. Memory: 225280K Free: 100421K (45%)
----------------- Invoking toplevel() on ptolemy.moml.MoMLSimpleApplication@55beb659
----------------- Done invoking toplevel() on ptolemy.moml.MoMLSimpleApplication@55beb659
reloadAllAccessors: .ContinuousInDE

===========================================================================================
----------------- testing Sat Aug 01 15:14:32 UTC 2020 /home/travis/build/icyphy/ptII/ptolemy/domains/continuous/test/auto/ContinuousInDE2.xml
----------------- Instantiating /home/travis/build/icyphy/ptII/ptolemy/domains/continuous/test/auto/ContinuousInDE2.xml
30 ms. Memory: 225280K Free: 91205K (40%)
----------------- Invoking toplevel() on ptolemy.moml.MoMLSimpleApplication@67d5b4d9
----------------- Done invoking toplevel() on ptolemy.moml.MoMLSimpleApplication@67d5b4d9
reloadAllAccessors: .ContinuousInDE2

===========================================================================================
----------------- testing Sat Aug 01 15:14:33 UTC 2020 /home/travis/build/icyphy/ptII/ptolemy/domains/continuous/test/auto/ContinuousInDE3.xml
----------------- Instantiating /home/travis/build/icyphy/ptII/ptolemy/domains/continuous/test/auto/ContinuousInDE3.xml
33 ms. Memory: 225280K Free: 81475K (36%)
----------------- Invoking toplevel() on ptolemy.moml.MoMLSimpleApplication@260fe24
----------------- Done invoking toplevel() on ptolemy.moml.MoMLSimpleApplication@260fe24
reloadAllAccessors: .ContinuousInDE3

===========================================================================================
----------------- testing Sat Aug 01 15:14:33 UTC 2020 /home/travis/build/icyphy/ptII/ptolemy/domains/continuous/test/auto/ContinuousInDE4.xml
----------------- Instantiating /home/travis/build/icyphy/ptII/ptolemy/domains/continuous/test/auto/ContinuousInDE4.xml
17 ms. Memory: 270336K Free: 254607K (94%)
----------------- Invoking toplevel() on ptolemy.moml.MoMLSimpleApplication@b014923
----------------- Done invoking toplevel() on ptolemy.moml.MoMLSimpleApplication@b014923
reloadAllAccessors: .ContinuousInDE4

===========================================================================================
----------------- testing Sat Aug 01 15:14:33 UTC 2020 /home/travis/build/icyphy/ptII/ptolemy/domains/continuous/test/auto/ContinuousInDEDifferentRefinements.xml
----------------- Instantiating /home/travis/build/icyphy/ptII/ptolemy/domains/continuous/test/auto/ContinuousInDEDifferentRefinements.xml
73 ms. Memory: 270336K Free: 223205K (83%)
----------------- Invoking toplevel() on ptolemy.moml.MoMLSimpleApplication@4b35da4e
----------------- Done invoking toplevel() on ptolemy.moml.MoMLSimpleApplication@4b35da4e
reloadAllAccessors: .ContinuousInDEDifferentRefinements

===========================================================================================
----------------- testing Sat Aug 01 15:14:33 UTC 2020 /home/travis/build/icyphy/ptII/ptolemy/domains/continuous/test/auto/ContinuousInDEDifferentRefinementsPreemptive.xml
----------------- Instantiating /home/travis/build/icyphy/ptII/ptolemy/domains/continuous/test/auto/ContinuousInDEDifferentRefinementsPreemptive.xml
42 ms. Memory: 270336K Free: 192485K (71%)
----------------- Invoking toplevel() on ptolemy.moml.MoMLSimpleApplication@720f0566
----------------- Done invoking toplevel() on ptolemy.moml.MoMLSimpleApplication@720f0566
reloadAllAccessors: .ContinuousInDEDifferentRefinementsPreemptive

===========================================================================================
----------------- testing Sat Aug 01 15:14:33 UTC 2020 /home/travis/build/icyphy/ptII/ptolemy/domains/continuous/test/auto/ContinuousInDEInContinuous2.xml
----------------- Instantiating /home/travis/build/icyphy/ptII/ptolemy/domains/continuous/test/auto/ContinuousInDEInContinuous2.xml
33 ms. Memory: 270336K Free: 181221K (67%)
----------------- Invoking toplevel() on ptolemy.moml.MoMLSimpleApplication@47162047
----------------- Done invoking toplevel() on ptolemy.moml.MoMLSimpleApplication@47162047
reloadAllAccessors: .ContinuousInDEInContinuous2

===========================================================================================
----------------- testing Sat Aug 01 15:14:33 UTC 2020 /home/travis/build/icyphy/ptII/ptolemy/domains/continuous/test/auto/ContinuousInDEInContinuous3.xml
----------------- Instantiating /home/travis/build/icyphy/ptII/ptolemy/domains/continuous/test/auto/ContinuousInDEInContinuous3.xml
33 ms. Memory: 270336K Free: 168933K (62%)
----------------- Invoking toplevel() on ptolemy.moml.MoMLSimpleApplication@646cd3f7
----------------- Done invoking toplevel() on ptolemy.moml.MoMLSimpleApplication@646cd3f7
reloadAllAccessors: .ContinuousInDEInContinuous3

===========================================================================================
----------------- testing Sat Aug 01 15:14:33 UTC 2020 /home/travis/build/icyphy/ptII/ptolemy/domains/continuous/test/auto/ContinuousInDEInput.xml
----------------- Instantiating /home/travis/build/icyphy/ptII/ptolemy/domains/continuous/test/auto/ContinuousInDEInput.xml
17 ms. Memory: 270336K Free: 161765K (60%)
----------------- Invoking toplevel() on ptolemy.moml.MoMLSimpleApplication@241b3295
----------------- Done invoking toplevel() on ptolemy.moml.MoMLSimpleApplication@241b3295
reloadAllAccessors: .ContinuousInDEInput

===========================================================================================
----------------- testing Sat Aug 01 15:14:33 UTC 2020 /home/travis/build/icyphy/ptII/ptolemy/domains/continuous/test/auto/ContinuousInDEInput2.xml
----------------- Instantiating /home/travis/build/icyphy/ptII/ptolemy/domains/continuous/test/auto/ContinuousInDEInput2.xml
14 ms. Memory: 270336K Free: 154083K (57%)
----------------- Invoking toplevel() on ptolemy.moml.MoMLSimpleApplication@78f27eb7
----------------- Done invoking toplevel() on ptolemy.moml.MoMLSimpleApplication@78f27eb7
reloadAllAccessors: .ContinuousInDEInput2

===========================================================================================
----------------- testing Sat Aug 01 15:14:33 UTC 2020 /home/travis/build/icyphy/ptII/ptolemy/domains/continuous/test/auto/ContinuousInDEInput3.xml
----------------- Instantiating /home/travis/build/icyphy/ptII/ptolemy/domains/continuous/test/auto/ContinuousInDEInput3.xml
10 ms. Memory: 270336K Free: 146915K (54%)
----------------- Invoking toplevel() on ptolemy.moml.MoMLSimpleApplication@6d06b7af
----------------- Done invoking toplevel() on ptolemy.moml.MoMLSimpleApplication@6d06b7af
reloadAllAccessors: .ContinuousInDEInput3

===========================================================================================
----------------- testing Sat Aug 01 15:14:33 UTC 2020 /home/travis/build/icyphy/ptII/ptolemy/domains/continuous/test/auto/ContinuousInDESharingRefinement.xml
----------------- Instantiating /home/travis/build/icyphy/ptII/ptolemy/domains/continuous/test/auto/ContinuousInDESharingRefinement.xml
143 ms. Memory: 270336K Free: 213612K (79%)
----------------- Invoking toplevel() on ptolemy.moml.MoMLSimpleApplication@2e520f73
----------------- Done invoking toplevel() on ptolemy.moml.MoMLSimpleApplication@2e520f73
reloadAllAccessors: .ContinuousInDESharingRefinement

===========================================================================================
----------------- testing Sat Aug 01 15:14:33 UTC 2020 /home/travis/build/icyphy/ptII/ptolemy/domains/continuous/test/auto/ContinuousInDEwithNoPorts.xml
----------------- Instantiating /home/travis/build/icyphy/ptII/ptolemy/domains/continuous/test/auto/ContinuousInDEwithNoPorts.xml
5 ms. Memory: 270336K Free: 209036K (77%)
----------------- Invoking toplevel() on ptolemy.moml.MoMLSimpleApplication@19f938f
----------------- Done invoking toplevel() on ptolemy.moml.MoMLSimpleApplication@19f938f
reloadAllAccessors: .ContinuousInDEwithNoPorts

===========================================================================================
----------------- testing Sat Aug 01 15:14:33 UTC 2020 /home/travis/build/icyphy/ptII/ptolemy/domains/continuous/test/auto/ContinuousInsideDE.xml
----------------- Instantiating /home/travis/build/icyphy/ptII/ptolemy/domains/continuous/test/auto/ContinuousInsideDE.xml
28 ms. Memory: 270336K Free: 197772K (73%)
----------------- Invoking toplevel() on ptolemy.moml.MoMLSimpleApplication@69bdbb82
----------------- Done invoking toplevel() on ptolemy.moml.MoMLSimpleApplication@69bdbb82
reloadAllAccessors: .ContinuousInsideDE

===========================================================================================
----------------- testing Sat Aug 01 15:14:33 UTC 2020 /home/travis/build/icyphy/ptII/ptolemy/domains/continuous/test/auto/ContinuousMerge1.xml
----------------- Instantiating /home/travis/build/icyphy/ptII/ptolemy/domains/continuous/test/auto/ContinuousMerge1.xml
3 ms. Memory: 270336K Free: 193132K (71%)
----------------- Invoking toplevel() on ptolemy.moml.MoMLSimpleApplication@4295a425
----------------- Done invoking toplevel() on ptolemy.moml.MoMLSimpleApplication@4295a425
reloadAllAccessors: .ContinuousMerge1

===========================================================================================
----------------- testing Sat Aug 01 15:14:33 UTC 2020 /home/travis/build/icyphy/ptII/ptolemy/domains/continuous/test/auto/ContinuousMerge2.xml
----------------- Instantiating /home/travis/build/icyphy/ptII/ptolemy/domains/continuous/test/auto/ContinuousMerge2.xml
16 ms. Memory: 270336K Free: 182922K (68%)
----------------- Invoking toplevel() on ptolemy.moml.MoMLSimpleApplication@5c789c87
----------------- Done invoking toplevel() on ptolemy.moml.MoMLSimpleApplication@5c789c87
reloadAllAccessors: .ContinuousMerge2

===========================================================================================
----------------- testing Sat Aug 01 15:14:33 UTC 2020 /home/travis/build/icyphy/ptII/ptolemy/domains/continuous/test/auto/ContinuousMerge3.xml
----------------- Instantiating /home/travis/build/icyphy/ptII/ptolemy/domains/continuous/test/auto/ContinuousMerge3.xml
35 ms. Memory: 270336K Free: 172172K (64%)
----------------- Invoking toplevel() on ptolemy.moml.MoMLSimpleApplication@107d2c91
----------------- Done invoking toplevel() on ptolemy.moml.MoMLSimpleApplication@107d2c91
reloadAllAccessors: .ContinuousMerge3

===========================================================================================
----------------- testing Sat Aug 01 15:14:34 UTC 2020 /home/travis/build/icyphy/ptII/ptolemy/domains/continuous/test/auto/ContinuousWithinContinuous.xml
----------------- Instantiating /home/travis/build/icyphy/ptII/ptolemy/domains/continuous/test/auto/ContinuousWithinContinuous.xml
31 ms. Memory: 270336K Free: 162442K (60%)
----------------- Invoking toplevel() on ptolemy.moml.MoMLSimpleApplication@1afd02b4
----------------- Done invoking toplevel() on ptolemy.moml.MoMLSimpleApplication@1afd02b4
reloadAllAccessors: .ContinuousWithinContinuous

===========================================================================================
----------------- testing Sat Aug 01 15:14:34 UTC 2020 /home/travis/build/icyphy/ptII/ptolemy/domains/continuous/test/auto/ContinuousWithinContinuous2.xml
----------------- Instantiating /home/travis/build/icyphy/ptII/ptolemy/domains/continuous/test/auto/ContinuousWithinContinuous2.xml
59 ms. Memory: 270336K Free: 151178K (56%)
----------------- Invoking toplevel() on ptolemy.moml.MoMLSimpleApplication@3010be99
----------------- Done invoking toplevel() on ptolemy.moml.MoMLSimpleApplication@3010be99
reloadAllAccessors: .ContinuousWithinContinuous2

===========================================================================================
----------------- testing Sat Aug 01 15:14:34 UTC 2020 /home/travis/build/icyphy/ptII/ptolemy/domains/continuous/test/auto/ContinuousWithinContinuous3.xml
----------------- Instantiating /home/travis/build/icyphy/ptII/ptolemy/domains/continuous/test/auto/ContinuousWithinContinuous3.xml
12 ms. Memory: 270336K Free: 144010K (53%)
----------------- Invoking toplevel() on ptolemy.moml.MoMLSimpleApplication@4959a319
----------------- Done invoking toplevel() on ptolemy.moml.MoMLSimpleApplication@4959a319
reloadAllAccessors: .ContinuousWithinContinuous3

===========================================================================================
----------------- testing Sat Aug 01 15:14:34 UTC 2020 /home/travis/build/icyphy/ptII/ptolemy/domains/continuous/test/auto/ContinuousWithinContinuous4.xml
----------------- Instantiating /home/travis/build/icyphy/ptII/ptolemy/domains/continuous/test/auto/ContinuousWithinContinuous4.xml
61 ms. Memory: 270336K Free: 131722K (49%)
----------------- Invoking toplevel() on ptolemy.moml.MoMLSimpleApplication@208f6f5e
----------------- Done invoking toplevel() on ptolemy.moml.MoMLSimpleApplication@208f6f5e
reloadAllAccessors: .ContinuousWithinContinuous4

===========================================================================================
----------------- testing Sat Aug 01 15:14:34 UTC 2020 /home/travis/build/icyphy/ptII/ptolemy/domains/continuous/test/auto/ContinuousWithinContinuous5.xml
----------------- Instantiating /home/travis/build/icyphy/ptII/ptolemy/domains/continuous/test/auto/ContinuousWithinContinuous5.xml
12 ms. Memory: 270336K Free: 124554K (46%)
----------------- Invoking toplevel() on ptolemy.moml.MoMLSimpleApplication@621aefb7
----------------- Done invoking toplevel() on ptolemy.moml.MoMLSimpleApplication@621aefb7
reloadAllAccessors: .ContinuousWithinContinuous5

===========================================================================================
----------------- testing Sat Aug 01 15:14:34 UTC 2020 /home/travis/build/icyphy/ptII/ptolemy/domains/continuous/test/auto/ContinuousWithinContinuous6.xml
----------------- Instantiating /home/travis/build/icyphy/ptII/ptolemy/domains/continuous/test/auto/ContinuousWithinContinuous6.xml
10 ms. Memory: 270336K Free: 117386K (43%)
----------------- Invoking toplevel() on ptolemy.moml.MoMLSimpleApplication@78d0419e
----------------- Done invoking toplevel() on ptolemy.moml.MoMLSimpleApplication@78d0419e
reloadAllAccessors: .ContinuousWithinContinuous6

===========================================================================================
----------------- testing Sat Aug 01 15:14:34 UTC 2020 /home/travis/build/icyphy/ptII/ptolemy/domains/continuous/test/auto/ContinuousWithinContinuous7.xml
----------------- Instantiating /home/travis/build/icyphy/ptII/ptolemy/domains/continuous/test/auto/ContinuousWithinContinuous7.xml
48 ms. Memory: 270336K Free: 106636K (39%)
----------------- Invoking toplevel() on ptolemy.moml.MoMLSimpleApplication@49012de3
----------------- Done invoking toplevel() on ptolemy.moml.MoMLSimpleApplication@49012de3
reloadAllAccessors: .ContinuousWithinContinuous7

===========================================================================================
----------------- testing Sat Aug 01 15:14:34 UTC 2020 /home/travis/build/icyphy/ptII/ptolemy/domains/continuous/test/auto/DCMotor.xml
----------------- Instantiating /home/travis/build/icyphy/ptII/ptolemy/domains/continuous/test/auto/DCMotor.xml
13440 ms. Memory: 270336K Free: 219301K (81%)
----------------- Invoking toplevel() on ptolemy.moml.MoMLSimpleApplication@60f34eba
----------------- Done invoking toplevel() on ptolemy.moml.MoMLSimpleApplication@60f34eba
reloadAllAccessors: .DCMotor

===========================================================================================
----------------- testing Sat Aug 01 15:14:47 UTC 2020 /home/travis/build/icyphy/ptII/ptolemy/domains/continuous/test/auto/DEInContinuous.xml
----------------- Instantiating /home/travis/build/icyphy/ptII/ptolemy/domains/continuous/test/auto/DEInContinuous.xml
23 ms. Memory: 270336K Free: 213171K (79%)
----------------- Invoking toplevel() on ptolemy.moml.MoMLSimpleApplication@2182a7fb
----------------- Done invoking toplevel() on ptolemy.moml.MoMLSimpleApplication@2182a7fb
reloadAllAccessors: .DEInContinuous

===========================================================================================
----------------- testing Sat Aug 01 15:14:47 UTC 2020 /home/travis/build/icyphy/ptII/ptolemy/domains/continuous/test/auto/DEinContinuous2.xml
----------------- Instantiating /home/travis/build/icyphy/ptII/ptolemy/domains/continuous/test/auto/DEinContinuous2.xml
8 ms. Memory: 270336K Free: 204965K (76%)
----------------- Invoking toplevel() on ptolemy.moml.MoMLSimpleApplication@2999e117
----------------- Done invoking toplevel() on ptolemy.moml.MoMLSimpleApplication@2999e117
reloadAllAccessors: .DEinContinuous2

===========================================================================================
----------------- testing Sat Aug 01 15:14:47 UTC 2020 /home/travis/build/icyphy/ptII/ptolemy/domains/continuous/test/auto/Derivative.xml
----------------- Instantiating /home/travis/build/icyphy/ptII/ptolemy/domains/continuous/test/auto/Derivative.xml
142 ms. Memory: 270336K Free: 174773K (65%)
----------------- Invoking toplevel() on ptolemy.moml.MoMLSimpleApplication@25ed8afe
----------------- Done invoking toplevel() on ptolemy.moml.MoMLSimpleApplication@25ed8afe
reloadAllAccessors: .Derivative2

===========================================================================================
----------------- testing Sat Aug 01 15:14:48 UTC 2020 /home/travis/build/icyphy/ptII/ptolemy/domains/continuous/test/auto/Derivative1.xml
----------------- Instantiating /home/travis/build/icyphy/ptII/ptolemy/domains/continuous/test/auto/Derivative1.xml
27 ms. Memory: 270336K Free: 160437K (59%)
----------------- Invoking toplevel() on ptolemy.moml.MoMLSimpleApplication@18e4a940
----------------- Done invoking toplevel() on ptolemy.moml.MoMLSimpleApplication@18e4a940
reloadAllAccessors: .Derivative1

===========================================================================================
----------------- testing Sat Aug 01 15:14:48 UTC 2020 /home/travis/build/icyphy/ptII/ptolemy/domains/continuous/test/auto/DiscreteClock.xml
----------------- Instantiating /home/travis/build/icyphy/ptII/ptolemy/domains/continuous/test/auto/DiscreteClock.xml
9 ms. Memory: 270336K Free: 155317K (57%)
----------------- Invoking toplevel() on ptolemy.moml.MoMLSimpleApplication@4d0ce61a
----------------- Done invoking toplevel() on ptolemy.moml.MoMLSimpleApplication@4d0ce61a
reloadAllAccessors: .DiscreteClock

===========================================================================================
----------------- testing Sat Aug 01 15:14:48 UTC 2020 /home/travis/build/icyphy/ptII/ptolemy/domains/continuous/test/auto/EfficiencyCurve.xml
----------------- Instantiating /home/travis/build/icyphy/ptII/ptolemy/domains/continuous/test/auto/EfficiencyCurve.xml
46 ms. Memory: 270336K Free: 146101K (54%)
----------------- Invoking toplevel() on ptolemy.moml.MoMLSimpleApplication@32329969
----------------- Done invoking toplevel() on ptolemy.moml.MoMLSimpleApplication@32329969
reloadAllAccessors: .EfficiencyCurve

===========================================================================================
----------------- testing Sat Aug 01 15:14:48 UTC 2020 /home/travis/build/icyphy/ptII/ptolemy/domains/continuous/test/auto/ExponentialResponse.xml
----------------- Instantiating /home/travis/build/icyphy/ptII/ptolemy/domains/continuous/test/auto/ExponentialResponse.xml
83 ms. Memory: 270336K Free: 130227K (48%)
----------------- Invoking toplevel() on ptolemy.moml.MoMLSimpleApplication@2eab2f13
----------------- Done invoking toplevel() on ptolemy.moml.MoMLSimpleApplication@2eab2f13
reloadAllAccessors: .ExponentialResponse

===========================================================================================
----------------- testing Sat Aug 01 15:14:48 UTC 2020 /home/travis/build/icyphy/ptII/ptolemy/domains/continuous/test/auto/ExponentialResponseRK45.xml
----------------- Instantiating /home/travis/build/icyphy/ptII/ptolemy/domains/continuous/test/auto/ExponentialResponseRK45.xml
20 ms. Memory: 270336K Free: 123573K (46%)
----------------- Invoking toplevel() on ptolemy.moml.MoMLSimpleApplication@2608dac8
----------------- Done invoking toplevel() on ptolemy.moml.MoMLSimpleApplication@2608dac8
reloadAllAccessors: .ExponentialResponseRK45

===========================================================================================
----------------- testing Sat Aug 01 15:14:48 UTC 2020 /home/travis/build/icyphy/ptII/ptolemy/domains/continuous/test/auto/Friction.xml
----------------- Instantiating /home/travis/build/icyphy/ptII/ptolemy/domains/continuous/test/auto/Friction.xml
1473 ms. Memory: 270336K Free: 178663K (66%)
----------------- Invoking toplevel() on ptolemy.moml.MoMLSimpleApplication@1d39bc4a
----------------- Done invoking toplevel() on ptolemy.moml.MoMLSimpleApplication@1d39bc4a
reloadAllAccessors: .Friction

===========================================================================================
----------------- testing Sat Aug 01 15:14:50 UTC 2020 /home/travis/build/icyphy/ptII/ptolemy/domains/continuous/test/auto/FurutaPendulum.xml
----------------- Instantiating /home/travis/build/icyphy/ptII/ptolemy/domains/continuous/test/auto/FurutaPendulum.xml
3133 ms. Memory: 270336K Free: 139840K (52%)
----------------- Invoking toplevel() on ptolemy.moml.MoMLSimpleApplication@681ed0f7
----------------- Done invoking toplevel() on ptolemy.moml.MoMLSimpleApplication@681ed0f7
reloadAllAccessors: .FurutaPendulum

===========================================================================================
----------------- testing Sat Aug 01 15:14:53 UTC 2020 /home/travis/build/icyphy/ptII/ptolemy/domains/continuous/test/auto/HierarchicalExecution.xml
----------------- Instantiating /home/travis/build/icyphy/ptII/ptolemy/domains/continuous/test/auto/HierarchicalExecution.xml
1707 ms. Memory: 324608K Free: 231756K (71%)
----------------- Invoking toplevel() on ptolemy.moml.MoMLSimpleApplication@605d23b7
----------------- Done invoking toplevel() on ptolemy.moml.MoMLSimpleApplication@605d23b7
reloadAllAccessors: .HierarchicalExecution

===========================================================================================
----------------- testing Sat Aug 01 15:14:55 UTC 2020 /home/travis/build/icyphy/ptII/ptolemy/domains/continuous/test/auto/HybridPlant.xml
----------------- Instantiating /home/travis/build/icyphy/ptII/ptolemy/domains/continuous/test/auto/HybridPlant.xml
501 ms. Memory: 324608K Free: 161445K (50%)
----------------- Invoking toplevel() on ptolemy.moml.MoMLSimpleApplication@11504078
----------------- Done invoking toplevel() on ptolemy.moml.MoMLSimpleApplication@11504078
reloadAllAccessors: .HybridPlant

===========================================================================================
----------------- testing Sat Aug 01 15:14:56 UTC 2020 /home/travis/build/icyphy/ptII/ptolemy/domains/continuous/test/auto/Hysteresis.xml
----------------- Instantiating /home/travis/build/icyphy/ptII/ptolemy/domains/continuous/test/auto/Hysteresis.xml
132 ms. Memory: 324608K Free: 292565K (90%)
----------------- Invoking toplevel() on ptolemy.moml.MoMLSimpleApplication@3c38fce
----------------- Done invoking toplevel() on ptolemy.moml.MoMLSimpleApplication@3c38fce
reloadAllAccessors: .Hysteresis

===========================================================================================
----------------- testing Sat Aug 01 15:14:56 UTC 2020 /home/travis/build/icyphy/ptII/ptolemy/domains/continuous/test/auto/HysteresisWithRandomDelay.xml
----------------- Instantiating /home/travis/build/icyphy/ptII/ptolemy/domains/continuous/test/auto/HysteresisWithRandomDelay.xml
171 ms. Memory: 324608K Free: 221395K (68%)
----------------- Invoking toplevel() on ptolemy.moml.MoMLSimpleApplication@77dbb174
----------------- Done invoking toplevel() on ptolemy.moml.MoMLSimpleApplication@77dbb174
reloadAllAccessors: .HysteresisWithRandomDelay

===========================================================================================
----------------- testing Sat Aug 01 15:14:56 UTC 2020 /home/travis/build/icyphy/ptII/ptolemy/domains/continuous/test/auto/HysteresisWithRandomLosses.xml
----------------- Instantiating /home/travis/build/icyphy/ptII/ptolemy/domains/continuous/test/auto/HysteresisWithRandomLosses.xml
2250 ms. Memory: 324608K Free: 271914K (84%)
----------------- Invoking toplevel() on ptolemy.moml.MoMLSimpleApplication@674e6bf0
----------------- Done invoking toplevel() on ptolemy.moml.MoMLSimpleApplication@674e6bf0
reloadAllAccessors: .HysteresisWithRandomLosses

===========================================================================================
----------------- testing Sat Aug 01 15:14:58 UTC 2020 /home/travis/build/icyphy/ptII/ptolemy/domains/continuous/test/auto/ImmediateTransitions.xml
----------------- Instantiating /home/travis/build/icyphy/ptII/ptolemy/domains/continuous/test/auto/ImmediateTransitions.xml
11 ms. Memory: 324608K Free: 261178K (80%)
----------------- Invoking toplevel() on ptolemy.moml.MoMLSimpleApplication@770ace18
----------------- Done invoking toplevel() on ptolemy.moml.MoMLSimpleApplication@770ace18
reloadAllAccessors: .ImmediateTransitions

===========================================================================================
----------------- testing Sat Aug 01 15:14:58 UTC 2020 /home/travis/build/icyphy/ptII/ptolemy/domains/continuous/test/auto/ImpulseFeedback.xml
----------------- Instantiating /home/travis/build/icyphy/ptII/ptolemy/domains/continuous/test/auto/ImpulseFeedback.xml
7 ms. Memory: 324608K Free: 255544K (79%)
----------------- Invoking toplevel() on ptolemy.moml.MoMLSimpleApplication@733a83fd
----------------- Done invoking toplevel() on ptolemy.moml.MoMLSimpleApplication@733a83fd
reloadAllAccessors: .ImpulseFeedback

===========================================================================================
----------------- testing Sat Aug 01 15:14:58 UTC 2020 /home/travis/build/icyphy/ptII/ptolemy/domains/continuous/test/auto/ImpulseFeedback2.xml
----------------- Instantiating /home/travis/build/icyphy/ptII/ptolemy/domains/continuous/test/auto/ImpulseFeedback2.xml
6 ms. Memory: 324608K Free: 249914K (77%)
----------------- Invoking toplevel() on ptolemy.moml.MoMLSimpleApplication@69f4b041
----------------- Done invoking toplevel() on ptolemy.moml.MoMLSimpleApplication@69f4b041
reloadAllAccessors: .ImpulseFeedback2

===========================================================================================
----------------- testing Sat Aug 01 15:14:58 UTC 2020 /home/travis/build/icyphy/ptII/ptolemy/domains/continuous/test/auto/IncreasingRatePoisson.xml
----------------- Instantiating /home/travis/build/icyphy/ptII/ptolemy/domains/continuous/test/auto/IncreasingRatePoisson.xml
679 ms. Memory: 324608K Free: 148011K (46%)
----------------- Invoking toplevel() on ptolemy.moml.MoMLSimpleApplication@7d090f7a
----------------- Done invoking toplevel() on ptolemy.moml.MoMLSimpleApplication@7d090f7a
reloadAllAccessors: .IncreasingRatePoisson

===========================================================================================
----------------- testing Sat Aug 01 15:14:59 UTC 2020 /home/travis/build/icyphy/ptII/ptolemy/domains/continuous/test/auto/InitialStateFeedback.xml
----------------- Instantiating /home/travis/build/icyphy/ptII/ptolemy/domains/continuous/test/auto/InitialStateFeedback.xml
8 ms. Memory: 324608K Free: 143411K (44%)
----------------- Invoking toplevel() on ptolemy.moml.MoMLSimpleApplication@d152fd9
----------------- Done invoking toplevel() on ptolemy.moml.MoMLSimpleApplication@d152fd9
reloadAllAccessors: .InitialStateFeedback

===========================================================================================
----------------- testing Sat Aug 01 15:14:59 UTC 2020 /home/travis/build/icyphy/ptII/ptolemy/domains/continuous/test/auto/Integration.xml
----------------- Instantiating /home/travis/build/icyphy/ptII/ptolemy/domains/continuous/test/auto/Integration.xml
2 ms. Memory: 324608K Free: 139315K (43%)
----------------- Invoking toplevel() on ptolemy.moml.MoMLSimpleApplication@42c6dd3a
----------------- Done invoking toplevel() on ptolemy.moml.MoMLSimpleApplication@42c6dd3a
reloadAllAccessors: .Integration

===========================================================================================
----------------- testing Sat Aug 01 15:14:59 UTC 2020 /home/travis/build/icyphy/ptII/ptolemy/domains/continuous/test/auto/Integration2.xml
----------------- Instantiating /home/travis/build/icyphy/ptII/ptolemy/domains/continuous/test/auto/Integration2.xml
83 ms. Memory: 324608K Free: 124979K (39%)
----------------- Invoking toplevel() on ptolemy.moml.MoMLSimpleApplication@6d05ac3e
----------------- Done invoking toplevel() on ptolemy.moml.MoMLSimpleApplication@6d05ac3e
reloadAllAccessors: .Integration2

===========================================================================================
----------------- testing Sat Aug 01 15:14:59 UTC 2020 /home/travis/build/icyphy/ptII/ptolemy/domains/continuous/test/auto/Integration3.xml
----------------- Instantiating /home/travis/build/icyphy/ptII/ptolemy/domains/continuous/test/auto/Integration3.xml
2 ms. Memory: 324608K Free: 120369K (37%)
----------------- Invoking toplevel() on ptolemy.moml.MoMLSimpleApplication@62830707
----------------- Done invoking toplevel() on ptolemy.moml.MoMLSimpleApplication@62830707
reloadAllAccessors: .Integration3

===========================================================================================
----------------- testing Sat Aug 01 15:14:59 UTC 2020 /home/travis/build/icyphy/ptII/ptolemy/domains/continuous/test/auto/Integration5.xml
----------------- Instantiating /home/travis/build/icyphy/ptII/ptolemy/domains/continuous/test/auto/Integration5.xml
2 ms. Memory: 324608K Free: 116273K (36%)
----------------- Invoking toplevel() on ptolemy.moml.MoMLSimpleApplication@37870f6e
----------------- Done invoking toplevel() on ptolemy.moml.MoMLSimpleApplication@37870f6e
reloadAllAccessors: .Integration5

===========================================================================================
----------------- testing Sat Aug 01 15:14:59 UTC 2020 /home/travis/build/icyphy/ptII/ptolemy/domains/continuous/test/auto/IntegratorImpulse.xml
----------------- Instantiating /home/travis/build/icyphy/ptII/ptolemy/domains/continuous/test/auto/IntegratorImpulse.xml
2 ms. Memory: 324608K Free: 305637K (94%)
----------------- Invoking toplevel() on ptolemy.moml.MoMLSimpleApplication@63bcd21b
----------------- Done invoking toplevel() on ptolemy.moml.MoMLSimpleApplication@63bcd21b
reloadAllAccessors: .IntegratorImpulse

===========================================================================================
----------------- testing Sat Aug 01 15:14:59 UTC 2020 /home/travis/build/icyphy/ptII/ptolemy/domains/continuous/test/auto/IntegratorImpulse2.xml
----------------- Instantiating /home/travis/build/icyphy/ptII/ptolemy/domains/continuous/test/auto/IntegratorImpulse2.xml
5 ms. Memory: 324608K Free: 301031K (93%)
----------------- Invoking toplevel() on ptolemy.moml.MoMLSimpleApplication@559a9d22
----------------- Done invoking toplevel() on ptolemy.moml.MoMLSimpleApplication@559a9d22
reloadAllAccessors: .IntegratorImpulse2

===========================================================================================
----------------- testing Sat Aug 01 15:14:59 UTC 2020 /home/travis/build/icyphy/ptII/ptolemy/domains/continuous/test/auto/LevelCrossing1.xml
----------------- Instantiating /home/travis/build/icyphy/ptII/ptolemy/domains/continuous/test/auto/LevelCrossing1.xml
3 ms. Memory: 324608K Free: 295911K (91%)
----------------- Invoking toplevel() on ptolemy.moml.MoMLSimpleApplication@468a1a52
----------------- Done invoking toplevel() on ptolemy.moml.MoMLSimpleApplication@468a1a52
reloadAllAccessors: .LevelCrossing1

===========================================================================================
----------------- testing Sat Aug 01 15:14:59 UTC 2020 /home/travis/build/icyphy/ptII/ptolemy/domains/continuous/test/auto/LevelCrossing2.xml
----------------- Instantiating /home/travis/build/icyphy/ptII/ptolemy/domains/continuous/test/auto/LevelCrossing2.xml
3 ms. Memory: 324608K Free: 290791K (90%)
----------------- Invoking toplevel() on ptolemy.moml.MoMLSimpleApplication@5a14dc1
----------------- Done invoking toplevel() on ptolemy.moml.MoMLSimpleApplication@5a14dc1
reloadAllAccessors: .LevelCrossing2

===========================================================================================
----------------- testing Sat Aug 01 15:14:59 UTC 2020 /home/travis/build/icyphy/ptII/ptolemy/domains/continuous/test/auto/LevelCrossing3.xml
----------------- Instantiating /home/travis/build/icyphy/ptII/ptolemy/domains/continuous/test/auto/LevelCrossing3.xml
3 ms. Memory: 324608K Free: 285671K (88%)
----------------- Invoking toplevel() on ptolemy.moml.MoMLSimpleApplication@3d58cccb
----------------- Done invoking toplevel() on ptolemy.moml.MoMLSimpleApplication@3d58cccb
reloadAllAccessors: .LevelCrossing3

===========================================================================================
----------------- testing Sat Aug 01 15:14:59 UTC 2020 /home/travis/build/icyphy/ptII/ptolemy/domains/continuous/test/auto/LevelCrossing4.xml
----------------- Instantiating /home/travis/build/icyphy/ptII/ptolemy/domains/continuous/test/auto/LevelCrossing4.xml
2 ms. Memory: 324608K Free: 280551K (86%)
----------------- Invoking toplevel() on ptolemy.moml.MoMLSimpleApplication@34255603
----------------- Done invoking toplevel() on ptolemy.moml.MoMLSimpleApplication@34255603
reloadAllAccessors: .LevelCrossing4

===========================================================================================
----------------- testing Sat Aug 01 15:14:59 UTC 2020 /home/travis/build/icyphy/ptII/ptolemy/domains/continuous/test/auto/LevelCrossing5.xml
----------------- Instantiating /home/travis/build/icyphy/ptII/ptolemy/domains/continuous/test/auto/LevelCrossing5.xml
2 ms. Memory: 324608K Free: 275431K (85%)
----------------- Invoking toplevel() on ptolemy.moml.MoMLSimpleApplication@329f7113
----------------- Done invoking toplevel() on ptolemy.moml.MoMLSimpleApplication@329f7113
reloadAllAccessors: .LevelCrossing5

===========================================================================================
[...]
----------------- testing Sat Aug 01 15:15:15 UTC 2020 /home/travis/build/icyphy/ptII/ptolemy/domains/continuous/test/auto/SRinContinuous.xml
----------------- Instantiating /home/travis/build/icyphy/ptII/ptolemy/domains/continuous/test/auto/SRinContinuous.xml
6 ms. Memory: 324608K Free: 191195K (59%)
----------------- Invoking toplevel() on ptolemy.moml.MoMLSimpleApplication@64573423
----------------- Done invoking toplevel() on ptolemy.moml.MoMLSimpleApplication@64573423
reloadAllAccessors: .SRinContinuous

===========================================================================================
----------------- testing Sat Aug 01 15:15:15 UTC 2020 /home/travis/build/icyphy/ptII/ptolemy/domains/continuous/test/auto/SampledClocks.xml
----------------- Instantiating /home/travis/build/icyphy/ptII/ptolemy/domains/continuous/test/auto/SampledClocks.xml
7 ms. Memory: 324608K Free: 178397K (55%)
----------------- Invoking toplevel() on ptolemy.moml.MoMLSimpleApplication@40dcb418
----------------- Done invoking toplevel() on ptolemy.moml.MoMLSimpleApplication@40dcb418
reloadAllAccessors: .SampledClocks

===========================================================================================
----------------- testing Sat Aug 01 15:15:15 UTC 2020 /home/travis/build/icyphy/ptII/ptolemy/domains/continuous/test/auto/Satellite.xml
----------------- Instantiating /home/travis/build/icyphy/ptII/ptolemy/domains/continuous/test/auto/Satellite.xml
682 ms. Memory: 324608K Free: 171844K (53%)
----------------- Invoking toplevel() on ptolemy.moml.MoMLSimpleApplication@4374286a
----------------- Done invoking toplevel() on ptolemy.moml.MoMLSimpleApplication@4374286a
reloadAllAccessors: .Satellite

===========================================================================================
----------------- testing Sat Aug 01 15:15:16 UTC 2020 /home/travis/build/icyphy/ptII/ptolemy/domains/continuous/test/auto/SigmaDelta.xml
----------------- Instantiating /home/travis/build/icyphy/ptII/ptolemy/domains/continuous/test/auto/SigmaDelta.xml
1901 ms. Memory: 324608K Free: 294439K (91%)
----------------- Invoking toplevel() on ptolemy.moml.MoMLSimpleApplication@231015d4
----------------- Done invoking toplevel() on ptolemy.moml.MoMLSimpleApplication@231015d4
reloadAllAccessors: .SigmaDelta

===========================================================================================
----------------- testing Sat Aug 01 15:15:18 UTC 2020 /home/travis/build/icyphy/ptII/ptolemy/domains/continuous/test/auto/SingleRefinement.xml
----------------- Instantiating /home/travis/build/icyphy/ptII/ptolemy/domains/continuous/test/auto/SingleRefinement.xml
317 ms. Memory: 324608K Free: 303138K (93%)
----------------- Invoking toplevel() on ptolemy.moml.MoMLSimpleApplication@36374d2c
----------------- Done invoking toplevel() on ptolemy.moml.MoMLSimpleApplication@36374d2c
reloadAllAccessors: .SingleRefinement

===========================================================================================
----------------- testing Sat Aug 01 15:15:18 UTC 2020 /home/travis/build/icyphy/ptII/ptolemy/domains/continuous/test/auto/SinuBouncingBall.xml
----------------- Instantiating /home/travis/build/icyphy/ptII/ptolemy/domains/continuous/test/auto/SinuBouncingBall.xml
810 ms. Memory: 324608K Free: 279810K (86%)
----------------- Invoking toplevel() on ptolemy.moml.MoMLSimpleApplication@6de8132f
----------------- Done invoking toplevel() on ptolemy.moml.MoMLSimpleApplication@6de8132f
reloadAllAccessors: .SinuBouncingBall

===========================================================================================
----------------- testing Sat Aug 01 15:15:19 UTC 2020 /home/travis/build/icyphy/ptII/ptolemy/domains/continuous/test/auto/Sinusoid.xml
----------------- Instantiating /home/travis/build/icyphy/ptII/ptolemy/domains/continuous/test/auto/Sinusoid.xml
4 ms. Memory: 324608K Free: 275186K (85%)
----------------- Invoking toplevel() on ptolemy.moml.MoMLSimpleApplication@74d3391e
----------------- Done invoking toplevel() on ptolemy.moml.MoMLSimpleApplication@74d3391e
reloadAllAccessors: .Sinusoid

===========================================================================================
----------------- testing Sat Aug 01 15:15:19 UTC 2020 /home/travis/build/icyphy/ptII/ptolemy/domains/continuous/test/auto/SinusoidInNoise.xml
----------------- Instantiating /home/travis/build/icyphy/ptII/ptolemy/domains/continuous/test/auto/SinusoidInNoise.xml
750 ms. Memory: 324608K Free: 145152K (45%)
----------------- Invoking toplevel() on ptolemy.moml.MoMLSimpleApplication@216bdd31
----------------- Done invoking toplevel() on ptolemy.moml.MoMLSimpleApplication@216bdd31
reloadAllAccessors: .SinusoidInNoise

===========================================================================================
----------------- testing Sat Aug 01 15:15:20 UTC 2020 /home/travis/build/icyphy/ptII/ptolemy/domains/continuous/test/auto/SinusoidRK45.xml
----------------- Instantiating /home/travis/build/icyphy/ptII/ptolemy/domains/continuous/test/auto/SinusoidRK45.xml
2 ms. Memory: 324608K Free: 141042K (43%)
----------------- Invoking toplevel() on ptolemy.moml.MoMLSimpleApplication@1cb034c7
----------------- Done invoking toplevel() on ptolemy.moml.MoMLSimpleApplication@1cb034c7
reloadAllAccessors: .SinusoidRK45

===========================================================================================
----------------- testing Sat Aug 01 15:15:20 UTC 2020 /home/travis/build/icyphy/ptII/ptolemy/domains/continuous/test/auto/SinusoidWithMultipleImpulses.xml
----------------- Instantiating /home/travis/build/icyphy/ptII/ptolemy/domains/continuous/test/auto/SinusoidWithMultipleImpulses.xml
3 ms. Memory: 324608K Free: 136450K (42%)
----------------- Invoking toplevel() on ptolemy.moml.MoMLSimpleApplication@6b58e363
----------------- Done invoking toplevel() on ptolemy.moml.MoMLSimpleApplication@6b58e363
reloadAllAccessors: .SinusoidWithMultipleImpulses

===========================================================================================
----------------- testing Sat Aug 01 15:15:20 UTC 2020 /home/travis/build/icyphy/ptII/ptolemy/domains/continuous/test/auto/SquareWave.xml
----------------- Instantiating /home/travis/build/icyphy/ptII/ptolemy/domains/continuous/test/auto/SquareWave.xml
213 ms. Memory: 324608K Free: 302415K (93%)
----------------- Invoking toplevel() on ptolemy.moml.MoMLSimpleApplication@27077c94
----------------- Done invoking toplevel() on ptolemy.moml.MoMLSimpleApplication@27077c94
reloadAllAccessors: .SquareWave

===========================================================================================
----------------- testing Sat Aug 01 15:15:20 UTC 2020 /home/travis/build/icyphy/ptII/ptolemy/domains/continuous/test/auto/Starmac.xml
----------------- Instantiating /home/travis/build/icyphy/ptII/ptolemy/domains/continuous/test/auto/Starmac.xml
3079 ms. Memory: 324608K Free: 179324K (55%)
----------------- Invoking toplevel() on ptolemy.moml.MoMLSimpleApplication@2900db93
----------------- Done invoking toplevel() on ptolemy.moml.MoMLSimpleApplication@2900db93
reloadAllAccessors: .Starmac

===========================================================================================
----------------- testing Sat Aug 01 15:15:24 UTC 2020 /home/travis/build/icyphy/ptII/ptolemy/domains/continuous/test/auto/StaticUnits.xml
----------------- Instantiating /home/travis/build/icyphy/ptII/ptolemy/domains/continuous/test/auto/StaticUnits.xml
2080 ms. Memory: 324608K Free: 280806K (87%)
----------------- Invoking toplevel() on ptolemy.moml.MoMLSimpleApplication@55aaa59d
----------------- Done invoking toplevel() on ptolemy.moml.MoMLSimpleApplication@55aaa59d
reloadAllAccessors: .StaticUnits

===========================================================================================
----------------- testing Sat Aug 01 15:15:26 UTC 2020 /home/travis/build/icyphy/ptII/ptolemy/domains/continuous/test/auto/StickyMasses.xml
----------------- Instantiating /home/travis/build/icyphy/ptII/ptolemy/domains/continuous/test/auto/StickyMasses.xml
142 ms. Memory: 324608K Free: 231144K (71%)
----------------- Invoking toplevel() on ptolemy.moml.MoMLSimpleApplication@65ecda5
----------------- Done invoking toplevel() on ptolemy.moml.MoMLSimpleApplication@65ecda5
reloadAllAccessors: .StickyMasses

===========================================================================================
----------------- testing Sat Aug 01 15:15:27 UTC 2020 /home/travis/build/icyphy/ptII/ptolemy/domains/continuous/test/auto/StopTime.xml
----------------- Instantiating /home/travis/build/icyphy/ptII/ptolemy/domains/continuous/test/auto/StopTime.xml
39 ms. Memory: 324608K Free: 206047K (63%)
----------------- Invoking toplevel() on ptolemy.moml.MoMLSimpleApplication@378f3028
----------------- Done invoking toplevel() on ptolemy.moml.MoMLSimpleApplication@378f3028
reloadAllAccessors: .StopTime

===========================================================================================
----------------- testing Sat Aug 01 15:15:27 UTC 2020 /home/travis/build/icyphy/ptII/ptolemy/domains/continuous/test/auto/StopTime2.xml
----------------- Instantiating /home/travis/build/icyphy/ptII/ptolemy/domains/continuous/test/auto/StopTime2.xml
31 ms. Memory: 324608K Free: 184040K (57%)
----------------- Invoking toplevel() on ptolemy.moml.MoMLSimpleApplication@3fd9e2ad
----------------- Done invoking toplevel() on ptolemy.moml.MoMLSimpleApplication@3fd9e2ad
reloadAllAccessors: .StopTime2

===========================================================================================
----------------- testing Sat Aug 01 15:15:27 UTC 2020 /home/travis/build/icyphy/ptII/ptolemy/domains/continuous/test/auto/Switch.xml
----------------- Instantiating /home/travis/build/icyphy/ptII/ptolemy/domains/continuous/test/auto/Switch.xml
37 ms. Memory: 324608K Free: 159464K (49%)
----------------- Invoking toplevel() on ptolemy.moml.MoMLSimpleApplication@2439edfd
----------------- Done invoking toplevel() on ptolemy.moml.MoMLSimpleApplication@2439edfd
reloadAllAccessors: .Switch

===========================================================================================
----------------- testing Sat Aug 01 15:15:27 UTC 2020 /home/travis/build/icyphy/ptII/ptolemy/domains/continuous/test/auto/Thermostat.xml
----------------- Instantiating /home/travis/build/icyphy/ptII/ptolemy/domains/continuous/test/auto/Thermostat.xml
168 ms. Memory: 324608K Free: 282124K (87%)
----------------- Invoking toplevel() on ptolemy.moml.MoMLSimpleApplication@3352e2db
----------------- Done invoking toplevel() on ptolemy.moml.MoMLSimpleApplication@3352e2db
reloadAllAccessors: .Thermostat

===========================================================================================
----------------- testing Sat Aug 01 15:15:27 UTC 2020 /home/travis/build/icyphy/ptII/ptolemy/domains/continuous/test/auto/TimeDelay.xml
----------------- Instantiating /home/travis/build/icyphy/ptII/ptolemy/domains/continuous/test/auto/TimeDelay.xml
5 ms. Memory: 324608K Free: 277004K (85%)
----------------- Invoking toplevel() on ptolemy.moml.MoMLSimpleApplication@841ff44
----------------- Done invoking toplevel() on ptolemy.moml.MoMLSimpleApplication@841ff44
reloadAllAccessors: .TimeDelay

===========================================================================================
----------------- testing Sat Aug 01 15:15:27 UTC 2020 /home/travis/build/icyphy/ptII/ptolemy/domains/continuous/test/auto/TimeDelay2.xml
----------------- Instantiating /home/travis/build/icyphy/ptII/ptolemy/domains/continuous/test/auto/TimeDelay2.xml
6 ms. Memory: 324608K Free: 267274K (82%)
----------------- Invoking toplevel() on ptolemy.moml.MoMLSimpleApplication@1c01a252
----------------- Done invoking toplevel() on ptolemy.moml.MoMLSimpleApplication@1c01a252
reloadAllAccessors: .TimeDelay2

===========================================================================================
----------------- testing Sat Aug 01 15:15:27 UTC 2020 /home/travis/build/icyphy/ptII/ptolemy/domains/continuous/test/auto/TimeDelay3.xml
----------------- Instantiating /home/travis/build/icyphy/ptII/ptolemy/domains/continuous/test/auto/TimeDelay3.xml
3 ms. Memory: 324608K Free: 262668K (81%)
----------------- Invoking toplevel() on ptolemy.moml.MoMLSimpleApplication@220a1b7a
----------------- Done invoking toplevel() on ptolemy.moml.MoMLSimpleApplication@220a1b7a
reloadAllAccessors: .TimeDelay3

===========================================================================================
----------------- testing Sat Aug 01 15:15:27 UTC 2020 /home/travis/build/icyphy/ptII/ptolemy/domains/continuous/test/auto/TransferAbsentToInside.xml
----------------- Instantiating /home/travis/build/icyphy/ptII/ptolemy/domains/continuous/test/auto/TransferAbsentToInside.xml
28 ms. Memory: 324608K Free: 209420K (65%)
----------------- Invoking toplevel() on ptolemy.moml.MoMLSimpleApplication@5894c546
----------------- Done invoking toplevel() on ptolemy.moml.MoMLSimpleApplication@5894c546
reloadAllAccessors: .TransferAbsentToInside

===========================================================================================
----------------- testing Sat Aug 01 15:15:27 UTC 2020 /home/travis/build/icyphy/ptII/ptolemy/domains/continuous/test/auto/Transmission.xml
----------------- Instantiating /home/travis/build/icyphy/ptII/ptolemy/domains/continuous/test/auto/Transmission.xml
719 ms. Memory: 324608K Free: 174375K (54%)
----------------- Invoking toplevel() on ptolemy.moml.MoMLSimpleApplication@2fd93aab
----------------- Done invoking toplevel() on ptolemy.moml.MoMLSimpleApplication@2fd93aab
reloadAllAccessors: .Transmission

===========================================================================================
----------------- testing Sat Aug 01 15:15:28 UTC 2020 /home/travis/build/icyphy/ptII/ptolemy/domains/continuous/test/auto/TriggeredContinuousClock.xml
----------------- Instantiating /home/travis/build/icyphy/ptII/ptolemy/domains/continuous/test/auto/TriggeredContinuousClock.xml
40 ms. Memory: 324608K Free: 145175K (45%)
----------------- Invoking toplevel() on ptolemy.moml.MoMLSimpleApplication@1860af1e
----------------- Done invoking toplevel() on ptolemy.moml.MoMLSimpleApplication@1860af1e
reloadAllAccessors: .TriggeredContinuousClock

===========================================================================================
----------------- testing Sat Aug 01 15:15:28 UTC 2020 /home/travis/build/icyphy/ptII/ptolemy/domains/continuous/test/auto/TwoMachineInfiniteBusControl.xml
----------------- Instantiating /home/travis/build/icyphy/ptII/ptolemy/domains/continuous/test/auto/TwoMachineInfiniteBusControl.xml
2694 ms. Memory: 324608K Free: 147823K (46%)
----------------- Invoking toplevel() on ptolemy.moml.MoMLSimpleApplication@3b8a4088
----------------- Done invoking toplevel() on ptolemy.moml.MoMLSimpleApplication@3b8a4088
reloadAllAccessors: .TwoMachineInfiniteBusControl

===========================================================================================
----------------- testing Sat Aug 01 15:15:31 UTC 2020 /home/travis/build/icyphy/ptII/ptolemy/domains/continuous/test/auto/V2V.xml
----------------- Instantiating /home/travis/build/icyphy/ptII/ptolemy/domains/continuous/test/auto/V2V.xml
777 ms. Memory: 324608K Free: 155529K (48%)
----------------- Invoking toplevel() on ptolemy.moml.MoMLSimpleApplication@7b133c1e
----------------- Done invoking toplevel() on ptolemy.moml.MoMLSimpleApplication@7b133c1e
reloadAllAccessors: .V2V

===========================================================================================
----------------- testing Sat Aug 01 15:15:32 UTC 2020 /home/travis/build/icyphy/ptII/ptolemy/domains/continuous/test/auto/hierarchicalModalModel.xml
----------------- Instantiating /home/travis/build/icyphy/ptII/ptolemy/domains/continuous/test/auto/hierarchicalModalModel.xml
9 ms. Memory: 324608K Free: 141170K (43%)
----------------- Invoking toplevel() on ptolemy.moml.MoMLSimpleApplication@60a005a2
----------------- Done invoking toplevel() on ptolemy.moml.MoMLSimpleApplication@60a005a2
reloadAllAccessors: .hierarchicalModalModel

===========================================================================================
----------------- testing Sat Aug 01 15:15:32 UTC 2020 /home/travis/build/icyphy/ptII/ptolemy/domains/continuous/test/auto/hierarchicalModalModel1.xml
----------------- Instantiating /home/travis/build/icyphy/ptII/ptolemy/domains/continuous/test/auto/hierarchicalModalModel1.xml
9 ms. Memory: 324608K Free: 126834K (39%)
----------------- Invoking toplevel() on ptolemy.moml.MoMLSimpleApplication@55457b84
----------------- Done invoking toplevel() on ptolemy.moml.MoMLSimpleApplication@55457b84
reloadAllAccessors: .hierarchicalModalModel1

===========================================================================================
----------------- testing Sat Aug 01 15:15:32 UTC 2020 /home/travis/build/icyphy/ptII/ptolemy/domains/continuous/test/auto/hierarchicalModalModel2.xml
----------------- Instantiating /home/travis/build/icyphy/ptII/ptolemy/domains/continuous/test/auto/hierarchicalModalModel2.xml
7 ms. Memory: 324608K Free: 114546K (35%)
----------------- Invoking toplevel() on ptolemy.moml.MoMLSimpleApplication@203a383
----------------- Done invoking toplevel() on ptolemy.moml.MoMLSimpleApplication@203a383
reloadAllAccessors: .hierarchicalModalModel2

===========================================================================================
----------------- testing Sat Aug 01 15:15:32 UTC 2020 /home/travis/build/icyphy/ptII/ptolemy/domains/continuous/test/auto/hierarchicalModalModel3.xml
----------------- Instantiating /home/travis/build/icyphy/ptII/ptolemy/domains/continuous/test/auto/hierarchicalModalModel3.xml
10 ms. Memory: 324608K Free: 296952K (91%)
----------------- Invoking toplevel() on ptolemy.moml.MoMLSimpleApplication@27e88925
----------------- Done invoking toplevel() on ptolemy.moml.MoMLSimpleApplication@27e88925
reloadAllAccessors: .hierarchicalModalModel3

===========================================================================================
----------------- testing Sat Aug 01 15:15:32 UTC 2020 /home/travis/build/icyphy/ptII/ptolemy/domains/continuous/test/auto/hierarchicalModalModel4.xml
----------------- Instantiating /home/travis/build/icyphy/ptII/ptolemy/domains/continuous/test/auto/hierarchicalModalModel4.xml
5 ms. Memory: 324608K Free: 285178K (88%)
----------------- Invoking toplevel() on ptolemy.moml.MoMLSimpleApplication@e012f6e
----------------- Done invoking toplevel() on ptolemy.moml.MoMLSimpleApplication@e012f6e
reloadAllAccessors: .hierarchicalModalModel4

===========================================================================================
----------------- testing Sat Aug 01 15:15:32 UTC 2020 /home/travis/build/icyphy/ptII/ptolemy/domains/continuous/test/auto/junk.xml
----------------- Instantiating /home/travis/build/icyphy/ptII/ptolemy/domains/continuous/test/auto/junk.xml
136 ms. Memory: 324608K Free: 258040K (79%)
----------------- Invoking toplevel() on ptolemy.moml.MoMLSimpleApplication@241c13f2
----------------- Done invoking toplevel() on ptolemy.moml.MoMLSimpleApplication@241c13f2
reloadAllAccessors: .junk
AutoTests.java: About to close Vertx.
AutoTests.java: Vertx closed.
]]></system-out>
  <system-err><![CDATA[Warning: '.HysteresisWithRandomDelay.NonStrictTest3' The test produced only 20 tokens, yet the correctValues parameter was expecting 30 tokens.
Warning: '.IncreasingRatePoisson.NonStrictTest' The test produced only 383 tokens, yet the correctValues parameter was expecting 402 tokens.
Warning: '.Poisson.NonStrictTest' The test produced only 400 tokens, yet the correctValues parameter was expecting 430 tokens.
]]></system-err>
</testsuite>
