<?xml version="1.0" encoding="UTF-8" ?>
<testsuite errors="0" failures="0" hostname="travis-job-7829e15e-334c-4610-9238-e45c484f0948" name="ptolemy.actor.lib.hoc.test.junit.JUnitTclTest" skipped="0" tests="58" time="30.698" timestamp="2019-12-06T06:14:47">
  <properties>
[...]
</properties>
  <testcase classname="ptolemy.util.test.junit.TclTests" name="[0] /home/travis/build/icyphy/ptII/ptolemy/actor/lib/hoc/test/IterateOverArray.tcl (RunTclFile)" time="0.287" />
  <testcase classname="ptolemy.util.test.junit.AutoKnownFailedTests" name="[0] /home/travis/build/icyphy/ptII/ptolemy/actor/lib/hoc/test/auto/knownFailedTests/PreinitializeMustBeInvokedRunComposite.xml (RunModel)" time="0.33" />
  <testcase classname="ptolemy.util.test.junit.AutoNameArchTests" name="[0] ThereAreNoAutoArchTests (RunModel)" time="0.004" />
  <testcase classname="ptolemy.util.test.junit.AutoTests" name="[0] /home/travis/build/icyphy/ptII/ptolemy/actor/lib/hoc/test/auto/AllToAllMultiInstanceComposite.xml (RunModel)" time="0.425" />
  <testcase classname="ptolemy.util.test.junit.AutoTests" name="[1] /home/travis/build/icyphy/ptII/ptolemy/actor/lib/hoc/test/auto/ApplyFFTTest.xml (RunModel)" time="0.344" />
  <testcase classname="ptolemy.util.test.junit.AutoTests" name="[2] /home/travis/build/icyphy/ptII/ptolemy/actor/lib/hoc/test/auto/ApplyFunction.xml (RunModel)" time="0.04" />
  <testcase classname="ptolemy.util.test.junit.AutoTests" name="[3] /home/travis/build/icyphy/ptII/ptolemy/actor/lib/hoc/test/auto/BackgroundExecution.xml (RunModel)" time="0.702" />
  <testcase classname="ptolemy.util.test.junit.AutoTests" name="[4] /home/travis/build/icyphy/ptII/ptolemy/actor/lib/hoc/test/auto/Case.xml (RunModel)" time="0.086" />
  <testcase classname="ptolemy.util.test.junit.AutoTests" name="[5] /home/travis/build/icyphy/ptII/ptolemy/actor/lib/hoc/test/auto/Case1.xml (RunModel)" time="0.06" />
  <testcase classname="ptolemy.util.test.junit.AutoTests" name="[6] /home/travis/build/icyphy/ptII/ptolemy/actor/lib/hoc/test/auto/Case2.xml (RunModel)" time="0.093" />
  <testcase classname="ptolemy.util.test.junit.AutoTests" name="[7] /home/travis/build/icyphy/ptII/ptolemy/actor/lib/hoc/test/auto/Case3.xml (RunModel)" time="0.044" />
  <testcase classname="ptolemy.util.test.junit.AutoTests" name="[8] /home/travis/build/icyphy/ptII/ptolemy/actor/lib/hoc/test/auto/Case4.xml (RunModel)" time="0.059" />
  <testcase classname="ptolemy.util.test.junit.AutoTests" name="[9] /home/travis/build/icyphy/ptII/ptolemy/actor/lib/hoc/test/auto/Case5.xml (RunModel)" time="0.073" />
  <testcase classname="ptolemy.util.test.junit.AutoTests" name="[10] /home/travis/build/icyphy/ptII/ptolemy/actor/lib/hoc/test/auto/Case6.xml (RunModel)" time="0.093" />
  <testcase classname="ptolemy.util.test.junit.AutoTests" name="[11] /home/travis/build/icyphy/ptII/ptolemy/actor/lib/hoc/test/auto/CaseString2.xml (RunModel)" time="0.06" />
  <testcase classname="ptolemy.util.test.junit.AutoTests" name="[12] /home/travis/build/icyphy/ptII/ptolemy/actor/lib/hoc/test/auto/CatchUpComposite1.xml (RunModel)" time="0.061" />
  <testcase classname="ptolemy.util.test.junit.AutoTests" name="[13] /home/travis/build/icyphy/ptII/ptolemy/actor/lib/hoc/test/auto/CatchUpComposite2.xml (RunModel)" time="0.029" />
  <testcase classname="ptolemy.util.test.junit.AutoTests" name="[14] /home/travis/build/icyphy/ptII/ptolemy/actor/lib/hoc/test/auto/CatchUpComposite3.xml (RunModel)" time="0.059" />
  <testcase classname="ptolemy.util.test.junit.AutoTests" name="[15] /home/travis/build/icyphy/ptII/ptolemy/actor/lib/hoc/test/auto/CatchUpComposite4.xml (RunModel)" time="0.063" />
  <testcase classname="ptolemy.util.test.junit.AutoTests" name="[16] /home/travis/build/icyphy/ptII/ptolemy/actor/lib/hoc/test/auto/CatchUpComposite5.xml (RunModel)" time="0.028" />
  <testcase classname="ptolemy.util.test.junit.AutoTests" name="[17] /home/travis/build/icyphy/ptII/ptolemy/actor/lib/hoc/test/auto/CatchUpComposite6.xml (RunModel)" time="0.156" />
  <testcase classname="ptolemy.util.test.junit.AutoTests" name="[18] /home/travis/build/icyphy/ptII/ptolemy/actor/lib/hoc/test/auto/CatchUpComposite7.xml (RunModel)" time="0.094" />
  <testcase classname="ptolemy.util.test.junit.AutoTests" name="[19] /home/travis/build/icyphy/ptII/ptolemy/actor/lib/hoc/test/auto/ConcurrentExecutionTimeSDF.xml (RunModel)" time="1.502" />
  <testcase classname="ptolemy.util.test.junit.AutoTests" name="[20] /home/travis/build/icyphy/ptII/ptolemy/actor/lib/hoc/test/auto/ConcurrentSleep.xml (RunModel)" time="0.763" />
  <testcase classname="ptolemy.util.test.junit.AutoTests" name="[21] /home/travis/build/icyphy/ptII/ptolemy/actor/lib/hoc/test/auto/DEInPNInRunCompositeActor.xml (RunModel)" time="0.047" />
  <testcase classname="ptolemy.util.test.junit.AutoTests" name="[22] /home/travis/build/icyphy/ptII/ptolemy/actor/lib/hoc/test/auto/DFTSubSetTest.xml (RunModel)" time="0.268" />
  <testcase classname="ptolemy.util.test.junit.AutoTests" name="[23] /home/travis/build/icyphy/ptII/ptolemy/actor/lib/hoc/test/auto/HocDE.xml (RunModel)" time="0.156" />
  <testcase classname="ptolemy.util.test.junit.AutoTests" name="[24] /home/travis/build/icyphy/ptII/ptolemy/actor/lib/hoc/test/auto/IterateOverArray.xml (RunModel)" time="0.033" />
  <testcase classname="ptolemy.util.test.junit.AutoTests" name="[25] /home/travis/build/icyphy/ptII/ptolemy/actor/lib/hoc/test/auto/IterateOverArray10.xml (RunModel)" time="0.015" />
  <testcase classname="ptolemy.util.test.junit.AutoTests" name="[26] /home/travis/build/icyphy/ptII/ptolemy/actor/lib/hoc/test/auto/IterateOverArray11.xml (RunModel)" time="0.025" />
  <testcase classname="ptolemy.util.test.junit.AutoTests" name="[27] /home/travis/build/icyphy/ptII/ptolemy/actor/lib/hoc/test/auto/IterateOverArray12.xml (RunModel)" time="0.031" />
  <testcase classname="ptolemy.util.test.junit.AutoTests" name="[28] /home/travis/build/icyphy/ptII/ptolemy/actor/lib/hoc/test/auto/IterateOverArray13.xml (RunModel)" time="0.133" />
  <testcase classname="ptolemy.util.test.junit.AutoTests" name="[29] /home/travis/build/icyphy/ptII/ptolemy/actor/lib/hoc/test/auto/IterateOverArray14.xml (RunModel)" time="0.135" />
  <testcase classname="ptolemy.util.test.junit.AutoTests" name="[30] /home/travis/build/icyphy/ptII/ptolemy/actor/lib/hoc/test/auto/IterateOverArray2.xml (RunModel)" time="0.026" />
  <testcase classname="ptolemy.util.test.junit.AutoTests" name="[31] /home/travis/build/icyphy/ptII/ptolemy/actor/lib/hoc/test/auto/IterateOverArray3.xml (RunModel)" time="0.025" />
  <testcase classname="ptolemy.util.test.junit.AutoTests" name="[32] /home/travis/build/icyphy/ptII/ptolemy/actor/lib/hoc/test/auto/IterateOverArray4.xml (RunModel)" time="0.015" />
  <testcase classname="ptolemy.util.test.junit.AutoTests" name="[33] /home/travis/build/icyphy/ptII/ptolemy/actor/lib/hoc/test/auto/IterateOverArray5.xml (RunModel)" time="0.015" />
  <testcase classname="ptolemy.util.test.junit.AutoTests" name="[34] /home/travis/build/icyphy/ptII/ptolemy/actor/lib/hoc/test/auto/IterateOverArray6.xml (RunModel)" time="0.015" />
  <testcase classname="ptolemy.util.test.junit.AutoTests" name="[35] /home/travis/build/icyphy/ptII/ptolemy/actor/lib/hoc/test/auto/IterateOverArray7.xml (RunModel)" time="0.036" />
  <testcase classname="ptolemy.util.test.junit.AutoTests" name="[36] /home/travis/build/icyphy/ptII/ptolemy/actor/lib/hoc/test/auto/IterateOverArray8.xml (RunModel)" time="0.021" />
  <testcase classname="ptolemy.util.test.junit.AutoTests" name="[37] /home/travis/build/icyphy/ptII/ptolemy/actor/lib/hoc/test/auto/IterateOverArray9.xml (RunModel)" time="0.024" />
  <testcase classname="ptolemy.util.test.junit.AutoTests" name="[38] /home/travis/build/icyphy/ptII/ptolemy/actor/lib/hoc/test/auto/IterateOverArrayCoercedOutputType.xml (RunModel)" time="0.036" />
  <testcase classname="ptolemy.util.test.junit.AutoTests" name="[39] /home/travis/build/icyphy/ptII/ptolemy/actor/lib/hoc/test/auto/IterateOverArrayInferredOutputType.xml (RunModel)" time="0.029" />
  <testcase classname="ptolemy.util.test.junit.AutoTests" name="[40] /home/travis/build/icyphy/ptII/ptolemy/actor/lib/hoc/test/auto/MobileFunctionTest.xml (RunModel)" time="0.027" />
  <testcase classname="ptolemy.util.test.junit.AutoTests" name="[41] /home/travis/build/icyphy/ptII/ptolemy/actor/lib/hoc/test/auto/MobileModelTest.xml (RunModel)" time="0.169" />
  <testcase classname="ptolemy.util.test.junit.AutoTests" name="[42] /home/travis/build/icyphy/ptII/ptolemy/actor/lib/hoc/test/auto/ModelReference.xml (RunModel)" time="0.079" />
  <testcase classname="ptolemy.util.test.junit.AutoTests" name="[43] /home/travis/build/icyphy/ptII/ptolemy/actor/lib/hoc/test/auto/ModelReference3.xml (RunModel)" time="0.044" />
  <testcase classname="ptolemy.util.test.junit.AutoTests" name="[44] /home/travis/build/icyphy/ptII/ptolemy/actor/lib/hoc/test/auto/ModelReference4.xml (RunModel)" time="10.026" />
  <testcase classname="ptolemy.util.test.junit.AutoTests" name="[45] /home/travis/build/icyphy/ptII/ptolemy/actor/lib/hoc/test/auto/MultiInstanceComposite.xml (RunModel)" time="0.046" />
  <testcase classname="ptolemy.util.test.junit.AutoTests" name="[46] /home/travis/build/icyphy/ptII/ptolemy/actor/lib/hoc/test/auto/MultiInstanceComposite2.xml (RunModel)" time="0.028" />
  <testcase classname="ptolemy.util.test.junit.AutoTests" name="[47] /home/travis/build/icyphy/ptII/ptolemy/actor/lib/hoc/test/auto/MulticoreExecution.xml (RunModel)" time="1.069" />
  <testcase classname="ptolemy.util.test.junit.AutoTests" name="[48] /home/travis/build/icyphy/ptII/ptolemy/actor/lib/hoc/test/auto/ParallelExecution.xml (RunModel)" time="0.927" />
  <testcase classname="ptolemy.util.test.junit.AutoTests" name="[49] /home/travis/build/icyphy/ptII/ptolemy/actor/lib/hoc/test/auto/RunCompositeActor.xml (RunModel)" time="0.023" />
  <testcase classname="ptolemy.util.test.junit.AutoTests" name="[50] /home/travis/build/icyphy/ptII/ptolemy/actor/lib/hoc/test/auto/RunCompositeActor2.xml (RunModel)" time="0.02" />
  <testcase classname="ptolemy.util.test.junit.AutoTests" name="[51] /home/travis/build/icyphy/ptII/ptolemy/actor/lib/hoc/test/auto/RunCompositeActor3.xml (RunModel)" time="0.015" />
  <testcase classname="ptolemy.util.test.junit.AutoTests" name="[52] /home/travis/build/icyphy/ptII/ptolemy/actor/lib/hoc/test/auto/RunCompositeActor4.xml (RunModel)" time="0.02" />
  <testcase classname="ptolemy.util.test.junit.AutoTests" name="[53] /home/travis/build/icyphy/ptII/ptolemy/actor/lib/hoc/test/auto/RunCompositeIterateOverArray.xml (RunModel)" time="0.021" />
  <testcase classname="ptolemy.util.test.junit.AutoTests" name="[54] /home/travis/build/icyphy/ptII/ptolemy/actor/lib/hoc/test/auto/ThreadedJS.xml (RunModel)" time="11.102" />
  <system-out><![CDATA[/home/travis/build/icyphy/ptII/ptolemy/actor/lib/hoc/test/IterateOverArray.tcl
testDefs.tcl: setting time out to 9000 seconds at Fri Dec 06 06:14:47 UTC 2019
12/06/19 06:14:47
Failed: 0  Total Tests: 2  ((Passed: 2, Newly Passed: 0)  Known Failed: 0) /home/travis/build/icyphy/ptII/ptolemy/actor/lib/hoc/test
----------------- testing (KnownFailure) /home/travis/build/icyphy/ptII/ptolemy/actor/lib/hoc/test/auto/knownFailedTests/PreinitializeMustBeInvokedRunComposite.xml
97 ms. Memory: 129024K Free: 88003K (68%)
Known Failure: java.lang.reflect.InvocationTargetException
No auto/linux-amd64/*.xml tests in /home/travis/build/icyphy/ptII/ptolemy/actor/lib/hoc/test
AutoTests.java: About to close Vertx.
AutoTests.java: Vertx closed.

===========================================================================================
----------------- testing Fri Dec 06 06:14:48 UTC 2019 /home/travis/build/icyphy/ptII/ptolemy/actor/lib/hoc/test/auto/AllToAllMultiInstanceComposite.xml
----------------- Instantiating /home/travis/build/icyphy/ptII/ptolemy/actor/lib/hoc/test/auto/AllToAllMultiInstanceComposite.xml
236 ms. Memory: 129024K Free: 104911K (81%)
----------------- Invoking toplevel() on ptolemy.moml.MoMLSimpleApplication@6f68136a
----------------- Done invoking toplevel() on ptolemy.moml.MoMLSimpleApplication@6f68136a
reloadAllAccessors: .AllToAllMultiInstanceComposite

===========================================================================================
----------------- testing Fri Dec 06 06:14:48 UTC 2019 /home/travis/build/icyphy/ptII/ptolemy/actor/lib/hoc/test/auto/ApplyFFTTest.xml
----------------- Instantiating /home/travis/build/icyphy/ptII/ptolemy/actor/lib/hoc/test/auto/ApplyFFTTest.xml
118 ms. Memory: 129024K Free: 86223K (67%)
----------------- Invoking toplevel() on ptolemy.moml.MoMLSimpleApplication@5b8b0a94
----------------- Done invoking toplevel() on ptolemy.moml.MoMLSimpleApplication@5b8b0a94
reloadAllAccessors: .ApplyFFTTest

===========================================================================================
----------------- testing Fri Dec 06 06:14:49 UTC 2019 /home/travis/build/icyphy/ptII/ptolemy/actor/lib/hoc/test/auto/ApplyFunction.xml
----------------- Instantiating /home/travis/build/icyphy/ptII/ptolemy/actor/lib/hoc/test/auto/ApplyFunction.xml
6 ms. Memory: 129024K Free: 83121K (64%)
----------------- Invoking toplevel() on ptolemy.moml.MoMLSimpleApplication@5e49b17a
----------------- Done invoking toplevel() on ptolemy.moml.MoMLSimpleApplication@5e49b17a
reloadAllAccessors: .ApplyFunction

===========================================================================================
----------------- testing Fri Dec 06 06:14:49 UTC 2019 /home/travis/build/icyphy/ptII/ptolemy/actor/lib/hoc/test/auto/BackgroundExecution.xml
----------------- Instantiating /home/travis/build/icyphy/ptII/ptolemy/actor/lib/hoc/test/auto/BackgroundExecution.xml
619 ms. Memory: 129024K Free: 75951K (59%)
----------------- Invoking toplevel() on ptolemy.moml.MoMLSimpleApplication@3ecd718
----------------- Done invoking toplevel() on ptolemy.moml.MoMLSimpleApplication@3ecd718
reloadAllAccessors: .BackgroundExecution

===========================================================================================
----------------- testing Fri Dec 06 06:14:49 UTC 2019 /home/travis/build/icyphy/ptII/ptolemy/actor/lib/hoc/test/auto/Case.xml
----------------- Instantiating /home/travis/build/icyphy/ptII/ptolemy/actor/lib/hoc/test/auto/Case.xml
20 ms. Memory: 129024K Free: 112457K (87%)
----------------- Invoking toplevel() on ptolemy.moml.MoMLSimpleApplication@4fe6d61a
----------------- Done invoking toplevel() on ptolemy.moml.MoMLSimpleApplication@4fe6d61a
reloadAllAccessors: .Case

===========================================================================================
----------------- testing Fri Dec 06 06:14:49 UTC 2019 /home/travis/build/icyphy/ptII/ptolemy/actor/lib/hoc/test/auto/Case1.xml
----------------- Instantiating /home/travis/build/icyphy/ptII/ptolemy/actor/lib/hoc/test/auto/Case1.xml
20 ms. Memory: 129024K Free: 105577K (82%)
----------------- Invoking toplevel() on ptolemy.moml.MoMLSimpleApplication@59d1238
----------------- Done invoking toplevel() on ptolemy.moml.MoMLSimpleApplication@59d1238
reloadAllAccessors: .Case1

===========================================================================================
----------------- testing Fri Dec 06 06:14:50 UTC 2019 /home/travis/build/icyphy/ptII/ptolemy/actor/lib/hoc/test/auto/Case2.xml
----------------- Instantiating /home/travis/build/icyphy/ptII/ptolemy/actor/lib/hoc/test/auto/Case2.xml
33 ms. Memory: 129024K Free: 95779K (74%)
----------------- Invoking toplevel() on ptolemy.moml.MoMLSimpleApplication@4d4fd187
----------------- Done invoking toplevel() on ptolemy.moml.MoMLSimpleApplication@4d4fd187
reloadAllAccessors: .Case2

===========================================================================================
----------------- testing Fri Dec 06 06:14:50 UTC 2019 /home/travis/build/icyphy/ptII/ptolemy/actor/lib/hoc/test/auto/Case3.xml
----------------- Instantiating /home/travis/build/icyphy/ptII/ptolemy/actor/lib/hoc/test/auto/Case3.xml
11 ms. Memory: 129024K Free: 89689K (70%)
----------------- Invoking toplevel() on ptolemy.moml.MoMLSimpleApplication@79903e4a
----------------- Done invoking toplevel() on ptolemy.moml.MoMLSimpleApplication@79903e4a
reloadAllAccessors: .Case3

===========================================================================================
----------------- testing Fri Dec 06 06:14:50 UTC 2019 /home/travis/build/icyphy/ptII/ptolemy/actor/lib/hoc/test/auto/Case4.xml
----------------- Instantiating /home/travis/build/icyphy/ptII/ptolemy/actor/lib/hoc/test/auto/Case4.xml
21 ms. Memory: 129024K Free: 82025K (64%)
----------------- Invoking toplevel() on ptolemy.moml.MoMLSimpleApplication@3edef926
----------------- Done invoking toplevel() on ptolemy.moml.MoMLSimpleApplication@3edef926
reloadAllAccessors: .Case4

===========================================================================================
----------------- testing Fri Dec 06 06:14:50 UTC 2019 /home/travis/build/icyphy/ptII/ptolemy/actor/lib/hoc/test/auto/Case5.xml
----------------- Instantiating /home/travis/build/icyphy/ptII/ptolemy/actor/lib/hoc/test/auto/Case5.xml
50 ms. Memory: 129024K Free: 75881K (59%)
----------------- Invoking toplevel() on ptolemy.moml.MoMLSimpleApplication@434da995
----------------- Done invoking toplevel() on ptolemy.moml.MoMLSimpleApplication@434da995
reloadAllAccessors: .junk

===========================================================================================
----------------- testing Fri Dec 06 06:14:50 UTC 2019 /home/travis/build/icyphy/ptII/ptolemy/actor/lib/hoc/test/auto/Case6.xml
----------------- Instantiating /home/travis/build/icyphy/ptII/ptolemy/actor/lib/hoc/test/auto/Case6.xml
36 ms. Memory: 129024K Free: 64105K (50%)
----------------- Invoking toplevel() on ptolemy.moml.MoMLSimpleApplication@6eef50d7
----------------- Done invoking toplevel() on ptolemy.moml.MoMLSimpleApplication@6eef50d7
reloadAllAccessors: .Case6

===========================================================================================
----------------- testing Fri Dec 06 06:14:50 UTC 2019 /home/travis/build/icyphy/ptII/ptolemy/actor/lib/hoc/test/auto/CaseString2.xml
----------------- Instantiating /home/travis/build/icyphy/ptII/ptolemy/actor/lib/hoc/test/auto/CaseString2.xml
14 ms. Memory: 129024K Free: 107914K (84%)
----------------- Invoking toplevel() on ptolemy.moml.MoMLSimpleApplication@3ffddddf
----------------- Done invoking toplevel() on ptolemy.moml.MoMLSimpleApplication@3ffddddf
reloadAllAccessors: .CaseString2

===========================================================================================
----------------- testing Fri Dec 06 06:14:50 UTC 2019 /home/travis/build/icyphy/ptII/ptolemy/actor/lib/hoc/test/auto/CatchUpComposite1.xml
----------------- Instantiating /home/travis/build/icyphy/ptII/ptolemy/actor/lib/hoc/test/auto/CatchUpComposite1.xml
18 ms. Memory: 129024K Free: 98698K (76%)
----------------- Invoking toplevel() on ptolemy.moml.MoMLSimpleApplication@2b520bb
----------------- Done invoking toplevel() on ptolemy.moml.MoMLSimpleApplication@2b520bb
reloadAllAccessors: .CatchUpComposite1

===========================================================================================
----------------- testing Fri Dec 06 06:14:50 UTC 2019 /home/travis/build/icyphy/ptII/ptolemy/actor/lib/hoc/test/auto/CatchUpComposite2.xml
----------------- Instantiating /home/travis/build/icyphy/ptII/ptolemy/actor/lib/hoc/test/auto/CatchUpComposite2.xml
7 ms. Memory: 129024K Free: 90506K (70%)
----------------- Invoking toplevel() on ptolemy.moml.MoMLSimpleApplication@262ccb44
----------------- Done invoking toplevel() on ptolemy.moml.MoMLSimpleApplication@262ccb44
reloadAllAccessors: .CatchUpComposite2

===========================================================================================
----------------- testing Fri Dec 06 06:14:50 UTC 2019 /home/travis/build/icyphy/ptII/ptolemy/actor/lib/hoc/test/auto/CatchUpComposite3.xml
----------------- Instantiating /home/travis/build/icyphy/ptII/ptolemy/actor/lib/hoc/test/auto/CatchUpComposite3.xml
17 ms. Memory: 129024K Free: 81425K (63%)
----------------- Invoking toplevel() on ptolemy.moml.MoMLSimpleApplication@52d40fdd
----------------- Done invoking toplevel() on ptolemy.moml.MoMLSimpleApplication@52d40fdd
reloadAllAccessors: .CatchUpComposite3

===========================================================================================
----------------- testing Fri Dec 06 06:14:50 UTC 2019 /home/travis/build/icyphy/ptII/ptolemy/actor/lib/hoc/test/auto/CatchUpComposite4.xml
----------------- Instantiating /home/travis/build/icyphy/ptII/ptolemy/actor/lib/hoc/test/auto/CatchUpComposite4.xml
17 ms. Memory: 129024K Free: 73675K (57%)
----------------- Invoking toplevel() on ptolemy.moml.MoMLSimpleApplication@70df4408
----------------- Done invoking toplevel() on ptolemy.moml.MoMLSimpleApplication@70df4408
reloadAllAccessors: .CatchUpComposite4

===========================================================================================
----------------- testing Fri Dec 06 06:14:50 UTC 2019 /home/travis/build/icyphy/ptII/ptolemy/actor/lib/hoc/test/auto/CatchUpComposite5.xml
----------------- Instantiating /home/travis/build/icyphy/ptII/ptolemy/actor/lib/hoc/test/auto/CatchUpComposite5.xml
6 ms. Memory: 129024K Free: 65485K (51%)
----------------- Invoking toplevel() on ptolemy.moml.MoMLSimpleApplication@21e75f8e
----------------- Done invoking toplevel() on ptolemy.moml.MoMLSimpleApplication@21e75f8e
reloadAllAccessors: .CatchUpComposite5

===========================================================================================
----------------- testing Fri Dec 06 06:14:50 UTC 2019 /home/travis/build/icyphy/ptII/ptolemy/actor/lib/hoc/test/auto/CatchUpComposite6.xml
----------------- Instantiating /home/travis/build/icyphy/ptII/ptolemy/actor/lib/hoc/test/auto/CatchUpComposite6.xml
WARNING: The execution aspects in this model can influence the timing of actors by delaying the 
execution, potentially changing the behavior. There is no guarantee that actors fire at the 
time they request to be fired. 
Use Ptides for deterministic DE behavior that is not influenced by execution aspects. 

74 ms. Memory: 129024K Free: 50705K (39%)
----------------- Invoking toplevel() on ptolemy.moml.MoMLSimpleApplication@5b181898
----------------- Done invoking toplevel() on ptolemy.moml.MoMLSimpleApplication@5b181898
reloadAllAccessors: .CatchUpComposite6

===========================================================================================
----------------- testing Fri Dec 06 06:14:50 UTC 2019 /home/travis/build/icyphy/ptII/ptolemy/actor/lib/hoc/test/auto/CatchUpComposite7.xml
----------------- Instantiating /home/travis/build/icyphy/ptII/ptolemy/actor/lib/hoc/test/auto/CatchUpComposite7.xml
WARNING: The execution aspects in this model can influence the timing of actors by delaying the 
execution, potentially changing the behavior. There is no guarantee that actors fire at the 
time they request to be fired. 
Use Ptides for deterministic DE behavior that is not influenced by execution aspects. 

37 ms. Memory: 129024K Free: 103574K (80%)
----------------- Invoking toplevel() on ptolemy.moml.MoMLSimpleApplication@3735c25b
----------------- Done invoking toplevel() on ptolemy.moml.MoMLSimpleApplication@3735c25b
reloadAllAccessors: .CatchUpComposite7

===========================================================================================
----------------- testing Fri Dec 06 06:14:50 UTC 2019 /home/travis/build/icyphy/ptII/ptolemy/actor/lib/hoc/test/auto/ConcurrentExecutionTimeSDF.xml
----------------- Instantiating /home/travis/build/icyphy/ptII/ptolemy/actor/lib/hoc/test/auto/ConcurrentExecutionTimeSDF.xml
Fired ExecutionTime: 40400000
Fired ExecutionTime: 40400000
Fired ExecutionTime: 40400000
Fired ExecutionTime: 40400000
Fired ExecutionTime: 40400000
Fired ExecutionTime: 40400000
Fired ExecutionTime: 40400000
Fired ExecutionTime: 40400000
Fired ExecutionTime: 40400000
Fired ExecutionTime: 40400000
Fired ExecutionTime: 40400000
Fired ExecutionTime: 40400000
Fired ExecutionTime: 40400000
Fired ExecutionTime: 40400000
Fired ExecutionTime: 40400000
Fired ExecutionTime: 40400000
Fired ExecutionTime: 40400000
Fired ExecutionTime: 40400000
Fired ExecutionTime: 40400000
Fired ExecutionTime: 40400000
1474 ms. Memory: 129024K Free: 96436K (75%)
----------------- Invoking toplevel() on ptolemy.moml.MoMLSimpleApplication@605cd20
----------------- Done invoking toplevel() on ptolemy.moml.MoMLSimpleApplication@605cd20
reloadAllAccessors: .ConcurrentExecutionTimeSDF

===========================================================================================
----------------- testing Fri Dec 06 06:14:52 UTC 2019 /home/travis/build/icyphy/ptII/ptolemy/actor/lib/hoc/test/auto/ConcurrentSleep.xml
----------------- Instantiating /home/travis/build/icyphy/ptII/ptolemy/actor/lib/hoc/test/auto/ConcurrentSleep.xml
731 ms. Memory: 129024K Free: 86157K (67%)
----------------- Invoking toplevel() on ptolemy.moml.MoMLSimpleApplication@6c80e1cd
----------------- Done invoking toplevel() on ptolemy.moml.MoMLSimpleApplication@6c80e1cd
reloadAllAccessors: .ConcurrentSleep

===========================================================================================
----------------- testing Fri Dec 06 06:14:53 UTC 2019 /home/travis/build/icyphy/ptII/ptolemy/actor/lib/hoc/test/auto/DEInPNInRunCompositeActor.xml
----------------- Instantiating /home/travis/build/icyphy/ptII/ptolemy/actor/lib/hoc/test/auto/DEInPNInRunCompositeActor.xml
19 ms. Memory: 129024K Free: 81037K (63%)
----------------- Invoking toplevel() on ptolemy.moml.MoMLSimpleApplication@1cc0d56f
----------------- Done invoking toplevel() on ptolemy.moml.MoMLSimpleApplication@1cc0d56f
reloadAllAccessors: .DEInPNInRunCompositeActor

===========================================================================================
----------------- testing Fri Dec 06 06:14:53 UTC 2019 /home/travis/build/icyphy/ptII/ptolemy/actor/lib/hoc/test/auto/DFTSubSetTest.xml
----------------- Instantiating /home/travis/build/icyphy/ptII/ptolemy/actor/lib/hoc/test/auto/DFTSubSetTest.xml
161 ms. Memory: 129024K Free: 110597K (86%)
----------------- Invoking toplevel() on ptolemy.moml.MoMLSimpleApplication@4f398a84
----------------- Done invoking toplevel() on ptolemy.moml.MoMLSimpleApplication@4f398a84
reloadAllAccessors: .DFTSubSetTest

===========================================================================================
----------------- testing Fri Dec 06 06:14:53 UTC 2019 /home/travis/build/icyphy/ptII/ptolemy/actor/lib/hoc/test/auto/HocDE.xml
----------------- Instantiating /home/travis/build/icyphy/ptII/ptolemy/actor/lib/hoc/test/auto/HocDE.xml
113 ms. Memory: 129024K Free: 85638K (66%)
----------------- Invoking toplevel() on ptolemy.moml.MoMLSimpleApplication@2dbfcf64
----------------- Done invoking toplevel() on ptolemy.moml.MoMLSimpleApplication@2dbfcf64
reloadAllAccessors: .HocDE

===========================================================================================
----------------- testing Fri Dec 06 06:14:53 UTC 2019 /home/travis/build/icyphy/ptII/ptolemy/actor/lib/hoc/test/auto/IterateOverArray.xml
----------------- Instantiating /home/travis/build/icyphy/ptII/ptolemy/actor/lib/hoc/test/auto/IterateOverArray.xml
4 ms. Memory: 129024K Free: 81538K (63%)
----------------- Invoking toplevel() on ptolemy.moml.MoMLSimpleApplication@2e18cbe1
----------------- Done invoking toplevel() on ptolemy.moml.MoMLSimpleApplication@2e18cbe1
reloadAllAccessors: .IterateOverArray

===========================================================================================
----------------- testing Fri Dec 06 06:14:53 UTC 2019 /home/travis/build/icyphy/ptII/ptolemy/actor/lib/hoc/test/auto/IterateOverArray10.xml
----------------- Instantiating /home/travis/build/icyphy/ptII/ptolemy/actor/lib/hoc/test/auto/IterateOverArray10.xml
3 ms. Memory: 129024K Free: 78102K (61%)
----------------- Invoking toplevel() on ptolemy.moml.MoMLSimpleApplication@5ecef12a
----------------- Done invoking toplevel() on ptolemy.moml.MoMLSimpleApplication@5ecef12a
reloadAllAccessors: .IterateOverArray10

===========================================================================================
----------------- testing Fri Dec 06 06:14:53 UTC 2019 /home/travis/build/icyphy/ptII/ptolemy/actor/lib/hoc/test/auto/IterateOverArray11.xml
----------------- Instantiating /home/travis/build/icyphy/ptII/ptolemy/actor/lib/hoc/test/auto/IterateOverArray11.xml
4 ms. Memory: 129024K Free: 73968K (57%)
----------------- Invoking toplevel() on ptolemy.moml.MoMLSimpleApplication@fedc703
----------------- Done invoking toplevel() on ptolemy.moml.MoMLSimpleApplication@fedc703
reloadAllAccessors: .IterateOverArray11

===========================================================================================
----------------- testing Fri Dec 06 06:14:53 UTC 2019 /home/travis/build/icyphy/ptII/ptolemy/actor/lib/hoc/test/auto/IterateOverArray12.xml
----------------- Instantiating /home/travis/build/icyphy/ptII/ptolemy/actor/lib/hoc/test/auto/IterateOverArray12.xml
11 ms. Memory: 129024K Free: 67862K (53%)
----------------- Invoking toplevel() on ptolemy.moml.MoMLSimpleApplication@1beb83e6
----------------- Done invoking toplevel() on ptolemy.moml.MoMLSimpleApplication@1beb83e6
reloadAllAccessors: .IterateOverArray12

===========================================================================================
----------------- testing Fri Dec 06 06:14:53 UTC 2019 /home/travis/build/icyphy/ptII/ptolemy/actor/lib/hoc/test/auto/IterateOverArray13.xml
----------------- Instantiating /home/travis/build/icyphy/ptII/ptolemy/actor/lib/hoc/test/auto/IterateOverArray13.xml
61 ms. Memory: 129024K Free: 42262K (33%)
----------------- Invoking toplevel() on ptolemy.moml.MoMLSimpleApplication@21fcc58b
----------------- Done invoking toplevel() on ptolemy.moml.MoMLSimpleApplication@21fcc58b
reloadAllAccessors: .IterateOverArray13

===========================================================================================
----------------- testing Fri Dec 06 06:14:53 UTC 2019 /home/travis/build/icyphy/ptII/ptolemy/actor/lib/hoc/test/auto/IterateOverArray14.xml
----------------- Instantiating /home/travis/build/icyphy/ptII/ptolemy/actor/lib/hoc/test/auto/IterateOverArray14.xml
47 ms. Memory: 155648K Free: 110056K (71%)
----------------- Invoking toplevel() on ptolemy.moml.MoMLSimpleApplication@a3ebf48
----------------- Done invoking toplevel() on ptolemy.moml.MoMLSimpleApplication@a3ebf48
reloadAllAccessors: .IterateOverArray14

===========================================================================================
----------------- testing Fri Dec 06 06:14:54 UTC 2019 /home/travis/build/icyphy/ptII/ptolemy/actor/lib/hoc/test/auto/IterateOverArray2.xml
----------------- Instantiating /home/travis/build/icyphy/ptII/ptolemy/actor/lib/hoc/test/auto/IterateOverArray2.xml
8 ms. Memory: 155648K Free: 105446K (68%)
----------------- Invoking toplevel() on ptolemy.moml.MoMLSimpleApplication@57aabc65
----------------- Done invoking toplevel() on ptolemy.moml.MoMLSimpleApplication@57aabc65
reloadAllAccessors: .IterateOverArray2

===========================================================================================
----------------- testing Fri Dec 06 06:14:54 UTC 2019 /home/travis/build/icyphy/ptII/ptolemy/actor/lib/hoc/test/auto/IterateOverArray3.xml
----------------- Instantiating /home/travis/build/icyphy/ptII/ptolemy/actor/lib/hoc/test/auto/IterateOverArray3.xml
6 ms. Memory: 155648K Free: 99816K (64%)
----------------- Invoking toplevel() on ptolemy.moml.MoMLSimpleApplication@37c6962d
----------------- Done invoking toplevel() on ptolemy.moml.MoMLSimpleApplication@37c6962d
reloadAllAccessors: .IterateOverArray3

===========================================================================================
----------------- testing Fri Dec 06 06:14:54 UTC 2019 /home/travis/build/icyphy/ptII/ptolemy/actor/lib/hoc/test/auto/IterateOverArray4.xml
----------------- Instantiating /home/travis/build/icyphy/ptII/ptolemy/actor/lib/hoc/test/auto/IterateOverArray4.xml
5 ms. Memory: 155648K Free: 95720K (61%)
----------------- Invoking toplevel() on ptolemy.moml.MoMLSimpleApplication@9cbdec3
----------------- Done invoking toplevel() on ptolemy.moml.MoMLSimpleApplication@9cbdec3
reloadAllAccessors: .IterateOverArray4

===========================================================================================
----------------- testing Fri Dec 06 06:14:54 UTC 2019 /home/travis/build/icyphy/ptII/ptolemy/actor/lib/hoc/test/auto/IterateOverArray5.xml
----------------- Instantiating /home/travis/build/icyphy/ptII/ptolemy/actor/lib/hoc/test/auto/IterateOverArray5.xml
3 ms. Memory: 155648K Free: 91624K (59%)
----------------- Invoking toplevel() on ptolemy.moml.MoMLSimpleApplication@4b2efc0a
----------------- Done invoking toplevel() on ptolemy.moml.MoMLSimpleApplication@4b2efc0a
reloadAllAccessors: .IterateOverArray5

===========================================================================================
----------------- testing Fri Dec 06 06:14:54 UTC 2019 /home/travis/build/icyphy/ptII/ptolemy/actor/lib/hoc/test/auto/IterateOverArray6.xml
----------------- Instantiating /home/travis/build/icyphy/ptII/ptolemy/actor/lib/hoc/test/auto/IterateOverArray6.xml
3 ms. Memory: 155648K Free: 88038K (57%)
----------------- Invoking toplevel() on ptolemy.moml.MoMLSimpleApplication@3b8d74f
----------------- Done invoking toplevel() on ptolemy.moml.MoMLSimpleApplication@3b8d74f
reloadAllAccessors: .IterateOverArray6

===========================================================================================
----------------- testing Fri Dec 06 06:14:54 UTC 2019 /home/travis/build/icyphy/ptII/ptolemy/actor/lib/hoc/test/auto/IterateOverArray7.xml
----------------- Instantiating /home/travis/build/icyphy/ptII/ptolemy/actor/lib/hoc/test/auto/IterateOverArray7.xml
6 ms. Memory: 155648K Free: 83432K (54%)
----------------- Invoking toplevel() on ptolemy.moml.MoMLSimpleApplication@46d4f57e
----------------- Done invoking toplevel() on ptolemy.moml.MoMLSimpleApplication@46d4f57e
reloadAllAccessors: .IterateOverArray7

===========================================================================================
----------------- testing Fri Dec 06 06:14:54 UTC 2019 /home/travis/build/icyphy/ptII/ptolemy/actor/lib/hoc/test/auto/IterateOverArray8.xml
----------------- Instantiating /home/travis/build/icyphy/ptII/ptolemy/actor/lib/hoc/test/auto/IterateOverArray8.xml
4 ms. Memory: 155648K Free: 79336K (51%)
----------------- Invoking toplevel() on ptolemy.moml.MoMLSimpleApplication@102c7329
----------------- Done invoking toplevel() on ptolemy.moml.MoMLSimpleApplication@102c7329
reloadAllAccessors: .IterateOverArray8

===========================================================================================
----------------- testing Fri Dec 06 06:14:54 UTC 2019 /home/travis/build/icyphy/ptII/ptolemy/actor/lib/hoc/test/auto/IterateOverArray9.xml
----------------- Instantiating /home/travis/build/icyphy/ptII/ptolemy/actor/lib/hoc/test/auto/IterateOverArray9.xml
6 ms. Memory: 155648K Free: 75240K (48%)
----------------- Invoking toplevel() on ptolemy.moml.MoMLSimpleApplication@539c8dcf
----------------- Done invoking toplevel() on ptolemy.moml.MoMLSimpleApplication@539c8dcf
reloadAllAccessors: .IterateOverArray9

===========================================================================================
----------------- testing Fri Dec 06 06:14:54 UTC 2019 /home/travis/build/icyphy/ptII/ptolemy/actor/lib/hoc/test/auto/IterateOverArrayCoercedOutputType.xml
----------------- Instantiating /home/travis/build/icyphy/ptII/ptolemy/actor/lib/hoc/test/auto/IterateOverArrayCoercedOutputType.xml
6 ms. Memory: 155648K Free: 70120K (45%)
----------------- Invoking toplevel() on ptolemy.moml.MoMLSimpleApplication@6e06ac99
----------------- Done invoking toplevel() on ptolemy.moml.MoMLSimpleApplication@6e06ac99
reloadAllAccessors: .IterateOverArrayCoercedOutputType

===========================================================================================
----------------- testing Fri Dec 06 06:14:54 UTC 2019 /home/travis/build/icyphy/ptII/ptolemy/actor/lib/hoc/test/auto/IterateOverArrayInferredOutputType.xml
----------------- Instantiating /home/travis/build/icyphy/ptII/ptolemy/actor/lib/hoc/test/auto/IterateOverArrayInferredOutputType.xml
9 ms. Memory: 155648K Free: 65510K (42%)
----------------- Invoking toplevel() on ptolemy.moml.MoMLSimpleApplication@79e342b2
----------------- Done invoking toplevel() on ptolemy.moml.MoMLSimpleApplication@79e342b2
reloadAllAccessors: .IterateOverArrayInferredOutputType

===========================================================================================
----------------- testing Fri Dec 06 06:14:54 UTC 2019 /home/travis/build/icyphy/ptII/ptolemy/actor/lib/hoc/test/auto/MobileFunctionTest.xml
----------------- Instantiating /home/travis/build/icyphy/ptII/ptolemy/actor/lib/hoc/test/auto/MobileFunctionTest.xml
3 ms. Memory: 155648K Free: 61384K (39%)
----------------- Invoking toplevel() on ptolemy.moml.MoMLSimpleApplication@9c42fe5
----------------- Done invoking toplevel() on ptolemy.moml.MoMLSimpleApplication@9c42fe5
reloadAllAccessors: .MobileFunctionTest

===========================================================================================
----------------- testing Fri Dec 06 06:14:54 UTC 2019 /home/travis/build/icyphy/ptII/ptolemy/actor/lib/hoc/test/auto/MobileModelTest.xml
----------------- Instantiating /home/travis/build/icyphy/ptII/ptolemy/actor/lib/hoc/test/auto/MobileModelTest.xml
145 ms. Memory: 155648K Free: 127152K (82%)
----------------- Invoking toplevel() on ptolemy.moml.MoMLSimpleApplication@3df4ec8b
----------------- Done invoking toplevel() on ptolemy.moml.MoMLSimpleApplication@3df4ec8b
reloadAllAccessors: .MobileModelTest

===========================================================================================
----------------- testing Fri Dec 06 06:14:54 UTC 2019 /home/travis/build/icyphy/ptII/ptolemy/actor/lib/hoc/test/auto/ModelReference.xml
----------------- Instantiating /home/travis/build/icyphy/ptII/ptolemy/actor/lib/hoc/test/auto/ModelReference.xml
3 ms. Memory: 155648K Free: 120392K (77%)
3 ms. Memory: 155648K Free: 119920K (77%)
2 ms. Memory: 155648K Free: 118904K (76%)
1 ms. Memory: 155648K Free: 117864K (76%)
2 ms. Memory: 155648K Free: 117328K (75%)
1 ms. Memory: 155648K Free: 116304K (75%)
1 ms. Memory: 155648K Free: 115832K (74%)
3 ms. Memory: 155648K Free: 114792K (74%)
3 ms. Memory: 155648K Free: 113776K (73%)
1 ms. Memory: 155648K Free: 113224K (73%)
35 ms. Memory: 155648K Free: 113224K (73%)
----------------- Invoking toplevel() on ptolemy.moml.MoMLSimpleApplication@1e96e8bf
----------------- Done invoking toplevel() on ptolemy.moml.MoMLSimpleApplication@1e96e8bf
reloadAllAccessors: .ModelReference

===========================================================================================
----------------- testing Fri Dec 06 06:14:54 UTC 2019 /home/travis/build/icyphy/ptII/ptolemy/actor/lib/hoc/test/auto/ModelReference3.xml
----------------- Instantiating /home/travis/build/icyphy/ptII/ptolemy/actor/lib/hoc/test/auto/ModelReference3.xml
2 ms. Memory: 155648K Free: 108134K (69%)
4 ms. Memory: 155648K Free: 107654K (69%)
2 ms. Memory: 155648K Free: 106616K (68%)
3 ms. Memory: 155648K Free: 106064K (68%)
3 ms. Memory: 155648K Free: 105008K (67%)
1 ms. Memory: 155648K Free: 104024K (67%)
3 ms. Memory: 155648K Free: 103560K (67%)
2 ms. Memory: 155648K Free: 102520K (66%)
2 ms. Memory: 155648K Free: 101968K (66%)
2 ms. Memory: 155648K Free: 100912K (65%)
28 ms. Memory: 155648K Free: 100912K (65%)
----------------- Invoking toplevel() on ptolemy.moml.MoMLSimpleApplication@1bc7efb8
----------------- Done invoking toplevel() on ptolemy.moml.MoMLSimpleApplication@1bc7efb8
reloadAllAccessors: .ModelReference3

===========================================================================================
----------------- testing Fri Dec 06 06:14:54 UTC 2019 /home/travis/build/icyphy/ptII/ptolemy/actor/lib/hoc/test/auto/ModelReference4.xml
----------------- Instantiating /home/travis/build/icyphy/ptII/ptolemy/actor/lib/hoc/test/auto/ModelReference4.xml
2 ms. Memory: 155648K Free: 96406K (62%)
4 ms. Memory: 155648K Free: 94808K (61%)
2 ms. Memory: 155648K Free: 93280K (60%)
4 ms. Memory: 155648K Free: 92288K (59%)
2 ms. Memory: 155648K Free: 90704K (58%)
2 ms. Memory: 155648K Free: 89680K (58%)
2 ms. Memory: 155648K Free: 88168K (57%)
2 ms. Memory: 155648K Free: 87152K (56%)
2 ms. Memory: 155648K Free: 86158K (55%)
2 ms. Memory: 155648K Free: 84552K (54%)
10015 ms. Memory: 155648K Free: 84552K (54%)
----------------- Invoking toplevel() on ptolemy.moml.MoMLSimpleApplication@6a82e0a8
----------------- Done invoking toplevel() on ptolemy.moml.MoMLSimpleApplication@6a82e0a8
reloadAllAccessors: .ModelReference4

===========================================================================================
----------------- testing Fri Dec 06 06:15:04 UTC 2019 /home/travis/build/icyphy/ptII/ptolemy/actor/lib/hoc/test/auto/MultiInstanceComposite.xml
----------------- Instantiating /home/travis/build/icyphy/ptII/ptolemy/actor/lib/hoc/test/auto/MultiInstanceComposite.xml
22 ms. Memory: 155648K Free: 65694K (42%)
----------------- Invoking toplevel() on ptolemy.moml.MoMLSimpleApplication@3323a146
----------------- Done invoking toplevel() on ptolemy.moml.MoMLSimpleApplication@3323a146
reloadAllAccessors: .MultiInstanceComposite

===========================================================================================
----------------- testing Fri Dec 06 06:15:04 UTC 2019 /home/travis/build/icyphy/ptII/ptolemy/actor/lib/hoc/test/auto/MultiInstanceComposite2.xml
----------------- Instantiating /home/travis/build/icyphy/ptII/ptolemy/actor/lib/hoc/test/auto/MultiInstanceComposite2.xml
11 ms. Memory: 155648K Free: 54416K (35%)
----------------- Invoking toplevel() on ptolemy.moml.MoMLSimpleApplication@47fc19f6
----------------- Done invoking toplevel() on ptolemy.moml.MoMLSimpleApplication@47fc19f6
reloadAllAccessors: .MultiInstanceComposite2

===========================================================================================
----------------- testing Fri Dec 06 06:15:04 UTC 2019 /home/travis/build/icyphy/ptII/ptolemy/actor/lib/hoc/test/auto/MulticoreExecution.xml
----------------- Instantiating /home/travis/build/icyphy/ptII/ptolemy/actor/lib/hoc/test/auto/MulticoreExecution.xml
Fired ExecutionTime: 2400000
Fired ExecutionTime: 2400000
Fired ExecutionTime: 52800000
Fired ExecutionTime: 55200000
Fired ExecutionTime: 63200000
Fired ExecutionTime: 28000000
Fired ExecutionTime: 48400000
Fired ExecutionTime: 51200000
Fired ExecutionTime: 109200000
Fired ExecutionTime: 109200000
Fired ExecutionTime: 111200000
Fired ExecutionTime: 82400000
Fired ExecutionTime: 96000000
Fired ExecutionTime: 110400000
Fired ExecutionTime: 109200000
Fired ExecutionTime: 109600000
Fired ExecutionTime: 109200000
Fired ExecutionTime: 109600000
Fired ExecutionTime: 110800000
Fired ExecutionTime: 110400000
1045 ms. Memory: 155648K Free: 136927K (88%)
----------------- Invoking toplevel() on ptolemy.moml.MoMLSimpleApplication@54e2ef26
----------------- Done invoking toplevel() on ptolemy.moml.MoMLSimpleApplication@54e2ef26
reloadAllAccessors: .MulticoreExecution

===========================================================================================
----------------- testing Fri Dec 06 06:15:05 UTC 2019 /home/travis/build/icyphy/ptII/ptolemy/actor/lib/hoc/test/auto/ParallelExecution.xml
----------------- Instantiating /home/travis/build/icyphy/ptII/ptolemy/actor/lib/hoc/test/auto/ParallelExecution.xml
912 ms. Memory: 155648K Free: 129759K (83%)
----------------- Invoking toplevel() on ptolemy.moml.MoMLSimpleApplication@db5dc7b
----------------- Done invoking toplevel() on ptolemy.moml.MoMLSimpleApplication@db5dc7b
reloadAllAccessors: .ParallelExecution

===========================================================================================
----------------- testing Fri Dec 06 06:15:06 UTC 2019 /home/travis/build/icyphy/ptII/ptolemy/actor/lib/hoc/test/auto/RunCompositeActor.xml
----------------- Instantiating /home/travis/build/icyphy/ptII/ptolemy/actor/lib/hoc/test/auto/RunCompositeActor.xml
7 ms. Memory: 155648K Free: 122680K (79%)
----------------- Invoking toplevel() on ptolemy.moml.MoMLSimpleApplication@3c8f5c25
----------------- Done invoking toplevel() on ptolemy.moml.MoMLSimpleApplication@3c8f5c25
reloadAllAccessors: .RunCompositeActor

===========================================================================================
----------------- testing Fri Dec 06 06:15:06 UTC 2019 /home/travis/build/icyphy/ptII/ptolemy/actor/lib/hoc/test/auto/RunCompositeActor2.xml
----------------- Instantiating /home/travis/build/icyphy/ptII/ptolemy/actor/lib/hoc/test/auto/RunCompositeActor2.xml
7 ms. Memory: 155648K Free: 116530K (75%)
----------------- Invoking toplevel() on ptolemy.moml.MoMLSimpleApplication@2ce0de11
----------------- Done invoking toplevel() on ptolemy.moml.MoMLSimpleApplication@2ce0de11
reloadAllAccessors: .RunCompositeActor2

===========================================================================================
----------------- testing Fri Dec 06 06:15:06 UTC 2019 /home/travis/build/icyphy/ptII/ptolemy/actor/lib/hoc/test/auto/RunCompositeActor3.xml
----------------- Instantiating /home/travis/build/icyphy/ptII/ptolemy/actor/lib/hoc/test/auto/RunCompositeActor3.xml
3 ms. Memory: 155648K Free: 111327K (72%)
----------------- Invoking toplevel() on ptolemy.moml.MoMLSimpleApplication@7cc89a8b
----------------- Done invoking toplevel() on ptolemy.moml.MoMLSimpleApplication@7cc89a8b
reloadAllAccessors: .RunCompositeActor3

===========================================================================================
----------------- testing Fri Dec 06 06:15:06 UTC 2019 /home/travis/build/icyphy/ptII/ptolemy/actor/lib/hoc/test/auto/RunCompositeActor4.xml
----------------- Instantiating /home/travis/build/icyphy/ptII/ptolemy/actor/lib/hoc/test/auto/RunCompositeActor4.xml
8 ms. Memory: 155648K Free: 103218K (66%)
----------------- Invoking toplevel() on ptolemy.moml.MoMLSimpleApplication@113334b3
----------------- Done invoking toplevel() on ptolemy.moml.MoMLSimpleApplication@113334b3
reloadAllAccessors: .RunCompositeActor4

===========================================================================================
----------------- testing Fri Dec 06 06:15:06 UTC 2019 /home/travis/build/icyphy/ptII/ptolemy/actor/lib/hoc/test/auto/RunCompositeIterateOverArray.xml
----------------- Instantiating /home/travis/build/icyphy/ptII/ptolemy/actor/lib/hoc/test/auto/RunCompositeIterateOverArray.xml
4 ms. Memory: 155648K Free: 97548K (63%)
----------------- Invoking toplevel() on ptolemy.moml.MoMLSimpleApplication@6d4da87c
----------------- Done invoking toplevel() on ptolemy.moml.MoMLSimpleApplication@6d4da87c
reloadAllAccessors: .RunCompositeIterateOverArray

===========================================================================================
----------------- testing Fri Dec 06 06:15:06 UTC 2019 /home/travis/build/icyphy/ptII/ptolemy/actor/lib/hoc/test/auto/ThreadedJS.xml
----------------- Instantiating /home/travis/build/icyphy/ptII/ptolemy/actor/lib/hoc/test/auto/ThreadedJS.xml
4879 ms. Memory: 187392K Free: 61952K (33%)
----------------- Invoking toplevel() on ptolemy.moml.MoMLSimpleApplication@6ffc0b4a
----------------- Done invoking toplevel() on ptolemy.moml.MoMLSimpleApplication@6ffc0b4a
reloadAllAccessors: .ThreadedJS
AutoTests.java: About to close Vertx.
AutoTests.java: Vertx closed.
]]></system-out>
  <system-err><![CDATA[java.lang.RuntimeException: Execution failed
	at ptolemy.moml.MoMLSimpleApplication$UnloadThread.run(MoMLSimpleApplication.java:402)
Caused by: ptolemy.kernel.util.IllegalActionException: initialize() was called after wrapup() was called but preinitialize() was not called after wrapup().
	at ptolemy.actor.lib.hoc.test.PreinitializeMustBeInvoked.initialize(PreinitializeMustBeInvoked.java:78)
	at ptolemy.actor.Director.initialize(Director.java:938)
	at ptolemy.actor.Director.initialize(Director.java:907)
	at ptolemy.actor.sched.StaticSchedulingDirector.initialize(StaticSchedulingDirector.java:159)
	at ptolemy.domains.sdf.kernel.SDFDirector.initialize(SDFDirector.java:544)
	at ptolemy.actor.CompositeActor.initialize(CompositeActor.java:935)
	at ptolemy.actor.lib.hoc.LifeCycleManager._executeInsideModel(LifeCycleManager.java:339)
	at ptolemy.actor.lib.hoc.RunCompositeActor.fire(RunCompositeActor.java:205)
	at ptolemy.actor.CompositeActor.iterate(CompositeActor.java:1146)
	at ptolemy.actor.sched.StaticSchedulingDirector.fire(StaticSchedulingDirector.java:216)
	at ptolemy.domains.sdf.kernel.SDFDirector.fire(SDFDirector.java:500)
	at ptolemy.actor.CompositeActor.fire(CompositeActor.java:455)
	at ptolemy.actor.Manager.iterate(Manager.java:851)
	at ptolemy.actor.Manager.execute(Manager.java:369)
	at ptolemy.actor.Manager.run(Manager.java:1263)
	at ptolemy.actor.Manager$PtolemyRunThread.run(Manager.java:1933)
java.lang.reflect.InvocationTargetException
	at java.base/jdk.internal.reflect.NativeConstructorAccessorImpl.newInstance0(Native Method)
	at java.base/jdk.internal.reflect.NativeConstructorAccessorImpl.newInstance(NativeConstructorAccessorImpl.java:62)
	at java.base/jdk.internal.reflect.DelegatingConstructorAccessorImpl.newInstance(DelegatingConstructorAccessorImpl.java:45)
	at java.base/java.lang.reflect.Constructor.newInstance(Constructor.java:490)
	at ptolemy.util.test.junit.AutoKnownFailedTests.RunModel(AutoKnownFailedTests.java:105)
	at java.base/jdk.internal.reflect.NativeMethodAccessorImpl.invoke0(Native Method)
	at java.base/jdk.internal.reflect.NativeMethodAccessorImpl.invoke(NativeMethodAccessorImpl.java:62)
	at java.base/jdk.internal.reflect.DelegatingMethodAccessorImpl.invoke(DelegatingMethodAccessorImpl.java:43)
	at java.base/java.lang.reflect.Method.invoke(Method.java:566)
	at org.junit.runners.model.FrameworkMethod$1.runReflectiveCall(FrameworkMethod.java:44)
	at org.junit.internal.runners.model.ReflectiveCallable.run(ReflectiveCallable.java:15)
	at org.junit.runners.model.FrameworkMethod.invokeExplosively(FrameworkMethod.java:41)
	at junitparams.internal.InvokeParameterisedMethod.evaluate(InvokeParameterisedMethod.java:102)
	at org.junit.internal.runners.statements.FailOnTimeout$1.run(FailOnTimeout.java:28)
Caused by: ptolemy.kernel.util.IllegalActionException: initialize() was called after wrapup() was called but preinitialize() was not called after wrapup().
	at ptolemy.actor.lib.hoc.test.PreinitializeMustBeInvoked.initialize(PreinitializeMustBeInvoked.java:78)
	at ptolemy.actor.Director.initialize(Director.java:938)
	at ptolemy.actor.Director.initialize(Director.java:907)
	at ptolemy.actor.sched.StaticSchedulingDirector.initialize(StaticSchedulingDirector.java:159)
	at ptolemy.domains.sdf.kernel.SDFDirector.initialize(SDFDirector.java:544)
	at ptolemy.actor.CompositeActor.initialize(CompositeActor.java:935)
	at ptolemy.actor.lib.hoc.LifeCycleManager._executeInsideModel(LifeCycleManager.java:339)
	at ptolemy.actor.lib.hoc.RunCompositeActor.fire(RunCompositeActor.java:205)
	at ptolemy.actor.CompositeActor.iterate(CompositeActor.java:1146)
	at ptolemy.actor.sched.StaticSchedulingDirector.fire(StaticSchedulingDirector.java:216)
	at ptolemy.domains.sdf.kernel.SDFDirector.fire(SDFDirector.java:500)
	at ptolemy.actor.CompositeActor.fire(CompositeActor.java:455)
	at ptolemy.actor.Manager.iterate(Manager.java:851)
	at ptolemy.actor.Manager.execute(Manager.java:369)
	at ptolemy.actor.Manager.run(Manager.java:1263)
	at ptolemy.actor.Manager$PtolemyRunThread.run(Manager.java:1933)
Warning: Nashorn engine is planned to be removed from a future JDK release
Warning: Nashorn engine is planned to be removed from a future JDK release
Warning: Nashorn engine is planned to be removed from a future JDK release
Warning: Nashorn engine is planned to be removed from a future JDK release
Warning: Nashorn engine is planned to be removed from a future JDK release
Warning: Nashorn engine is planned to be removed from a future JDK release
Warning: Nashorn engine is planned to be removed from a future JDK release
Warning: Nashorn engine is planned to be removed from a future JDK release
]]></system-err>
</testsuite>
