<?xml version="1.0" encoding="UTF-8" ?>
<testsuite errors="0" failures="0" hostname="travis-job-fbbf9478-65fc-4bb9-b625-c58ea333e55d" name="ptolemy.domains.de.test.junit.JUnitTclTest" skipped="0" tests="101" time="123.843" timestamp="2020-05-23T14:23:19">
  <properties>
[...]
</properties>
  <testcase classname="ptolemy.util.test.junit.TclTests" name="[0] /home/travis/build/icyphy/ptII/ptolemy/domains/de/test/DependencyLoop.tcl (RunTclFile)" time="1.029" />
  <testcase classname="ptolemy.util.test.junit.TclTests" name="[1] /home/travis/build/icyphy/ptII/ptolemy/domains/de/test/RunDETestsAsQSS.tcl (RunTclFile)" time="84.171" />
  <testcase classname="ptolemy.util.test.junit.AutoKnownFailedTests" name="[0] /home/travis/build/icyphy/ptII/ptolemy/domains/de/test/auto/knownFailedTests/DESDFClockTest.xml (RunModel)" time="2.039" />
  <testcase classname="ptolemy.util.test.junit.AutoKnownFailedTests" name="[1] /home/travis/build/icyphy/ptII/ptolemy/domains/de/test/auto/knownFailedTests/DirectFeedback.xml (RunModel)" time="0.017" />
  <testcase classname="ptolemy.util.test.junit.AutoKnownFailedTests" name="[2] /home/travis/build/icyphy/ptII/ptolemy/domains/de/test/auto/knownFailedTests/FSMSource.xml (RunModel)" time="0.035" />
  <testcase classname="ptolemy.util.test.junit.AutoKnownFailedTests" name="[3] /home/travis/build/icyphy/ptII/ptolemy/domains/de/test/auto/knownFailedTests/HierarchicalModel.xml (RunModel)" time="0.063" />
  <testcase classname="ptolemy.util.test.junit.AutoKnownFailedTests" name="[4] /home/travis/build/icyphy/ptII/ptolemy/domains/de/test/auto/knownFailedTests/dependencyLoop.xml (RunModel)" time="0.079" />
  <testcase classname="ptolemy.util.test.junit.AutoKnownFailedTests" name="[5] /home/travis/build/icyphy/ptII/ptolemy/domains/de/test/auto/knownFailedTests/dependencyLoop2.xml (RunModel)" time="0.095" />
  <testcase classname="ptolemy.util.test.junit.AutoNameArchTests" name="[0] ThereAreNoAutoArchTests (RunModel)" time="0.014" />
  <testcase classname="ptolemy.util.test.junit.AutoTests" name="[0] /home/travis/build/icyphy/ptII/ptolemy/domains/de/test/auto/ActorDepthCalculation_actorWithoutPorts.xml (RunModel)" time="0.03" />
  <testcase classname="ptolemy.util.test.junit.AutoTests" name="[1] /home/travis/build/icyphy/ptII/ptolemy/domains/de/test/auto/AssemblyLine.xml (RunModel)" time="0.024" />
  <testcase classname="ptolemy.util.test.junit.AutoTests" name="[2] /home/travis/build/icyphy/ptII/ptolemy/domains/de/test/auto/CQBug1.xml (RunModel)" time="0.014" />
  <testcase classname="ptolemy.util.test.junit.AutoTests" name="[3] /home/travis/build/icyphy/ptII/ptolemy/domains/de/test/auto/CancelFireAt.xml (RunModel)" time="0.022" />
  <testcase classname="ptolemy.util.test.junit.AutoTests" name="[4] /home/travis/build/icyphy/ptII/ptolemy/domains/de/test/auto/CausalityAndComposabilityAnalysis.xml (RunModel)" time="0.018" />
  <testcase classname="ptolemy.util.test.junit.AutoTests" name="[5] /home/travis/build/icyphy/ptII/ptolemy/domains/de/test/auto/CausalityInterface1.xml (RunModel)" time="0.016" />
  <testcase classname="ptolemy.util.test.junit.AutoTests" name="[6] /home/travis/build/icyphy/ptII/ptolemy/domains/de/test/auto/CausalityInterface15.xml (RunModel)" time="0.015" />
  <testcase classname="ptolemy.util.test.junit.AutoTests" name="[7] /home/travis/build/icyphy/ptII/ptolemy/domains/de/test/auto/CausalityInterface2.xml (RunModel)" time="0.014" />
  <testcase classname="ptolemy.util.test.junit.AutoTests" name="[8] /home/travis/build/icyphy/ptII/ptolemy/domains/de/test/auto/CausalityInterface3.xml (RunModel)" time="0.015" />
  <testcase classname="ptolemy.util.test.junit.AutoTests" name="[9] /home/travis/build/icyphy/ptII/ptolemy/domains/de/test/auto/ClockDrift.xml (RunModel)" time="0.037" />
  <testcase classname="ptolemy.util.test.junit.AutoTests" name="[10] /home/travis/build/icyphy/ptII/ptolemy/domains/de/test/auto/ClockDriftAndValueChange.xml (RunModel)" time="0.029" />
  <testcase classname="ptolemy.util.test.junit.AutoTests" name="[11] /home/travis/build/icyphy/ptII/ptolemy/domains/de/test/auto/ClockDriftChange.xml (RunModel)" time="0.032" />
  <testcase classname="ptolemy.util.test.junit.AutoTests" name="[12] /home/travis/build/icyphy/ptII/ptolemy/domains/de/test/auto/ComposableCausalityAnalysis.xml (RunModel)" time="0.014" />
  <testcase classname="ptolemy.util.test.junit.AutoTests" name="[13] /home/travis/build/icyphy/ptII/ptolemy/domains/de/test/auto/DEFixedPointLimitation.xml (RunModel)" time="0.009" />
  <testcase classname="ptolemy.util.test.junit.AutoTests" name="[14] /home/travis/build/icyphy/ptII/ptolemy/domains/de/test/auto/DEScheduleTest.xml (RunModel)" time="0.014" />
  <testcase classname="ptolemy.util.test.junit.AutoTests" name="[15] /home/travis/build/icyphy/ptII/ptolemy/domains/de/test/auto/DEinDEwithStartTimes.xml (RunModel)" time="0.014" />
  <testcase classname="ptolemy.util.test.junit.AutoTests" name="[16] /home/travis/build/icyphy/ptII/ptolemy/domains/de/test/auto/DEinDEwithStartTimes2.xml (RunModel)" time="0.012" />
  <testcase classname="ptolemy.util.test.junit.AutoTests" name="[17] /home/travis/build/icyphy/ptII/ptolemy/domains/de/test/auto/DateDemo.xml (RunModel)" time="0.03" />
  <testcase classname="ptolemy.util.test.junit.AutoTests" name="[18] /home/travis/build/icyphy/ptII/ptolemy/domains/de/test/auto/DateToEvent.xml (RunModel)" time="2.043" />
  <testcase classname="ptolemy.util.test.junit.AutoTests" name="[19] /home/travis/build/icyphy/ptII/ptolemy/domains/de/test/auto/DepthTest1.xml (RunModel)" time="0.009" />
  <testcase classname="ptolemy.util.test.junit.AutoTests" name="[20] /home/travis/build/icyphy/ptII/ptolemy/domains/de/test/auto/DepthTest2.xml (RunModel)" time="0.02" />
  <testcase classname="ptolemy.util.test.junit.AutoTests" name="[21] /home/travis/build/icyphy/ptII/ptolemy/domains/de/test/auto/DepthTest3.xml (RunModel)" time="0.01" />
  <testcase classname="ptolemy.util.test.junit.AutoTests" name="[22] /home/travis/build/icyphy/ptII/ptolemy/domains/de/test/auto/DepthTest4.xml (RunModel)" time="0.019" />
  <testcase classname="ptolemy.util.test.junit.AutoTests" name="[23] /home/travis/build/icyphy/ptII/ptolemy/domains/de/test/auto/DepthTest5.xml (RunModel)" time="0.024" />
  <testcase classname="ptolemy.util.test.junit.AutoTests" name="[24] /home/travis/build/icyphy/ptII/ptolemy/domains/de/test/auto/DepthTest6.xml (RunModel)" time="0.016" />
  <testcase classname="ptolemy.util.test.junit.AutoTests" name="[25] /home/travis/build/icyphy/ptII/ptolemy/domains/de/test/auto/DepthTest7.xml (RunModel)" time="0.012" />
  <testcase classname="ptolemy.util.test.junit.AutoTests" name="[26] /home/travis/build/icyphy/ptII/ptolemy/domains/de/test/auto/EventToDate.xml (RunModel)" time="3.035" />
  <testcase classname="ptolemy.util.test.junit.AutoTests" name="[27] /home/travis/build/icyphy/ptII/ptolemy/domains/de/test/auto/FSM1.xml (RunModel)" time="0.042" />
  <testcase classname="ptolemy.util.test.junit.AutoTests" name="[28] /home/travis/build/icyphy/ptII/ptolemy/domains/de/test/auto/FSM7.xml (RunModel)" time="0.043" />
  <testcase classname="ptolemy.util.test.junit.AutoTests" name="[29] /home/travis/build/icyphy/ptII/ptolemy/domains/de/test/auto/Inspection.xml (RunModel)" time="0.04" />
  <testcase classname="ptolemy.util.test.junit.AutoTests" name="[30] /home/travis/build/icyphy/ptII/ptolemy/domains/de/test/auto/Iteration.xml (RunModel)" time="0.021" />
  <testcase classname="ptolemy.util.test.junit.AutoTests" name="[31] /home/travis/build/icyphy/ptII/ptolemy/domains/de/test/auto/LineFault.xml (RunModel)" time="0.507" />
  <testcase classname="ptolemy.util.test.junit.AutoTests" name="[32] /home/travis/build/icyphy/ptII/ptolemy/domains/de/test/auto/MergeModel1Add.xml (RunModel)" time="0.04" />
  <testcase classname="ptolemy.util.test.junit.AutoTests" name="[33] /home/travis/build/icyphy/ptII/ptolemy/domains/de/test/auto/MergeModel2Add.xml (RunModel)" time="0.039" />
  <testcase classname="ptolemy.util.test.junit.AutoTests" name="[34] /home/travis/build/icyphy/ptII/ptolemy/domains/de/test/auto/MergeModel3Add.xml (RunModel)" time="0.051" />
  <testcase classname="ptolemy.util.test.junit.AutoTests" name="[35] /home/travis/build/icyphy/ptII/ptolemy/domains/de/test/auto/MergeWithoutDiscard.xml (RunModel)" time="0.01" />
  <testcase classname="ptolemy.util.test.junit.AutoTests" name="[36] /home/travis/build/icyphy/ptII/ptolemy/domains/de/test/auto/Modal1.xml (RunModel)" time="0.03" />
  <testcase classname="ptolemy.util.test.junit.AutoTests" name="[37] /home/travis/build/icyphy/ptII/ptolemy/domains/de/test/auto/Modal2.xml (RunModel)" time="0.03" />
  <testcase classname="ptolemy.util.test.junit.AutoTests" name="[38] /home/travis/build/icyphy/ptII/ptolemy/domains/de/test/auto/Modal3.xml (RunModel)" time="0.027" />
  <testcase classname="ptolemy.util.test.junit.AutoTests" name="[39] /home/travis/build/icyphy/ptII/ptolemy/domains/de/test/auto/Modal4.xml (RunModel)" time="0.036" />
  <testcase classname="ptolemy.util.test.junit.AutoTests" name="[40] /home/travis/build/icyphy/ptII/ptolemy/domains/de/test/auto/Modal5.xml (RunModel)" time="0.03" />
  <testcase classname="ptolemy.util.test.junit.AutoTests" name="[41] /home/travis/build/icyphy/ptII/ptolemy/domains/de/test/auto/Modal6.xml (RunModel)" time="0.027" />
  <testcase classname="ptolemy.util.test.junit.AutoTests" name="[42] /home/travis/build/icyphy/ptII/ptolemy/domains/de/test/auto/Modal7.xml (RunModel)" time="0.027" />
  <testcase classname="ptolemy.util.test.junit.AutoTests" name="[43] /home/travis/build/icyphy/ptII/ptolemy/domains/de/test/auto/ModalModel.xml (RunModel)" time="0.172" />
  <testcase classname="ptolemy.util.test.junit.AutoTests" name="[44] /home/travis/build/icyphy/ptII/ptolemy/domains/de/test/auto/ModalSource.xml (RunModel)" time="0.023" />
  <testcase classname="ptolemy.util.test.junit.AutoTests" name="[45] /home/travis/build/icyphy/ptII/ptolemy/domains/de/test/auto/NonInterruptibleTimerZeroDelay.xml (RunModel)" time="0.01" />
  <testcase classname="ptolemy.util.test.junit.AutoTests" name="[46] /home/travis/build/icyphy/ptII/ptolemy/domains/de/test/auto/OpenQueueingNetwork.xml (RunModel)" time="2.211" />
  <testcase classname="ptolemy.util.test.junit.AutoTests" name="[47] /home/travis/build/icyphy/ptII/ptolemy/domains/de/test/auto/OpenQueuingNetwork.xml (RunModel)" time="0.278" />
  <testcase classname="ptolemy.util.test.junit.AutoTests" name="[48] /home/travis/build/icyphy/ptII/ptolemy/domains/de/test/auto/PeriodicSampler.xml (RunModel)" time="0.01" />
  <testcase classname="ptolemy.util.test.junit.AutoTests" name="[49] /home/travis/build/icyphy/ptII/ptolemy/domains/de/test/auto/PersistentIO.xml (RunModel)" time="0.023" />
  <testcase classname="ptolemy.util.test.junit.AutoTests" name="[50] /home/travis/build/icyphy/ptII/ptolemy/domains/de/test/auto/PortParameterResetOnInitialize.xml (RunModel)" time="0.009" />
  <testcase classname="ptolemy.util.test.junit.AutoTests" name="[51] /home/travis/build/icyphy/ptII/ptolemy/domains/de/test/auto/PortParameterUpdates.xml (RunModel)" time="0.013" />
  <testcase classname="ptolemy.util.test.junit.AutoTests" name="[52] /home/travis/build/icyphy/ptII/ptolemy/domains/de/test/auto/QueueAndServer.xml (RunModel)" time="0.026" />
  <testcase classname="ptolemy.util.test.junit.AutoTests" name="[53] /home/travis/build/icyphy/ptII/ptolemy/domains/de/test/auto/Records.xml (RunModel)" time="0.014" />
  <testcase classname="ptolemy.util.test.junit.AutoTests" name="[54] /home/travis/build/icyphy/ptII/ptolemy/domains/de/test/auto/ResetTransitionWithStartTime1.xml (RunModel)" time="0.016" />
  <testcase classname="ptolemy.util.test.junit.AutoTests" name="[55] /home/travis/build/icyphy/ptII/ptolemy/domains/de/test/auto/ResetTransitionWithStartTime2.xml (RunModel)" time="0.02" />
  <testcase classname="ptolemy.util.test.junit.AutoTests" name="[56] /home/travis/build/icyphy/ptII/ptolemy/domains/de/test/auto/ResetTransitionWithStartTime3.xml (RunModel)" time="0.017" />
  <testcase classname="ptolemy.util.test.junit.AutoTests" name="[57] /home/travis/build/icyphy/ptII/ptolemy/domains/de/test/auto/ResetTransitionWithStartTime4.xml (RunModel)" time="0.022" />
  <testcase classname="ptolemy.util.test.junit.AutoTests" name="[58] /home/travis/build/icyphy/ptII/ptolemy/domains/de/test/auto/ResettableTimer1.xml (RunModel)" time="0.009" />
  <testcase classname="ptolemy.util.test.junit.AutoTests" name="[59] /home/travis/build/icyphy/ptII/ptolemy/domains/de/test/auto/ResettableTimer2.xml (RunModel)" time="0.009" />
  <testcase classname="ptolemy.util.test.junit.AutoTests" name="[60] /home/travis/build/icyphy/ptII/ptolemy/domains/de/test/auto/ResettableTimer3.xml (RunModel)" time="0.008" />
  <testcase classname="ptolemy.util.test.junit.AutoTests" name="[61] /home/travis/build/icyphy/ptII/ptolemy/domains/de/test/auto/ResettableTimer4.xml (RunModel)" time="0.008" />
  <testcase classname="ptolemy.util.test.junit.AutoTests" name="[62] /home/travis/build/icyphy/ptII/ptolemy/domains/de/test/auto/ResettableTimer5.xml (RunModel)" time="0.01" />
  <testcase classname="ptolemy.util.test.junit.AutoTests" name="[63] /home/travis/build/icyphy/ptII/ptolemy/domains/de/test/auto/ResettableTimer6.xml (RunModel)" time="0.015" />
  <testcase classname="ptolemy.util.test.junit.AutoTests" name="[64] /home/travis/build/icyphy/ptII/ptolemy/domains/de/test/auto/ServerZeroDelay.xml (RunModel)" time="0.01" />
  <testcase classname="ptolemy.util.test.junit.AutoTests" name="[65] /home/travis/build/icyphy/ptII/ptolemy/domains/de/test/auto/SmartSender.xml (RunModel)" time="3.007" />
  <testcase classname="ptolemy.util.test.junit.AutoTests" name="[66] /home/travis/build/icyphy/ptII/ptolemy/domains/de/test/auto/ThreadedComposite.xml (RunModel)" time="0.15" />
  <testcase classname="ptolemy.util.test.junit.AutoTests" name="[67] /home/travis/build/icyphy/ptII/ptolemy/domains/de/test/auto/Time.xml (RunModel)" time="0.351" />
  <testcase classname="ptolemy.util.test.junit.AutoTests" name="[68] /home/travis/build/icyphy/ptII/ptolemy/domains/de/test/auto/TimeDelayZeroDelay.xml (RunModel)" time="0.012" />
  <testcase classname="ptolemy.util.test.junit.AutoTests" name="[69] /home/travis/build/icyphy/ptII/ptolemy/domains/de/test/auto/TimerZeroDelay.xml (RunModel)" time="0.009" />
  <testcase classname="ptolemy.util.test.junit.AutoTests" name="[70] /home/travis/build/icyphy/ptII/ptolemy/domains/de/test/auto/TimingParadox.xml (RunModel)" time="0.305" />
  <testcase classname="ptolemy.util.test.junit.AutoTests" name="[71] /home/travis/build/icyphy/ptII/ptolemy/domains/de/test/auto/TransferInputs.xml (RunModel)" time="0.018" />
  <testcase classname="ptolemy.util.test.junit.AutoTests" name="[72] /home/travis/build/icyphy/ptII/ptolemy/domains/de/test/auto/TransferOutputs2.xml (RunModel)" time="0.015" />
  <testcase classname="ptolemy.util.test.junit.AutoTests" name="[73] /home/travis/build/icyphy/ptII/ptolemy/domains/de/test/auto/Trilateration.xml (RunModel)" time="10.612" />
  <testcase classname="ptolemy.util.test.junit.AutoTests" name="[74] /home/travis/build/icyphy/ptII/ptolemy/domains/de/test/auto/TwoSigmaDelta.xml (RunModel)" time="1.753" />
  <testcase classname="ptolemy.util.test.junit.AutoTests" name="[75] /home/travis/build/icyphy/ptII/ptolemy/domains/de/test/auto/VariableDelay.xml (RunModel)" time="0.013" />
  <testcase classname="ptolemy.util.test.junit.AutoTests" name="[76] /home/travis/build/icyphy/ptII/ptolemy/domains/de/test/auto/VariableDelay2.xml (RunModel)" time="0.008" />
  <testcase classname="ptolemy.util.test.junit.AutoTests" name="[77] /home/travis/build/icyphy/ptII/ptolemy/domains/de/test/auto/VariableDelayZeroDelay.xml (RunModel)" time="0.011" />
  <testcase classname="ptolemy.util.test.junit.AutoTests" name="[78] /home/travis/build/icyphy/ptII/ptolemy/domains/de/test/auto/VariableDelayZeroDelay2.xml (RunModel)" time="0.012" />
  <testcase classname="ptolemy.util.test.junit.AutoTests" name="[79] /home/travis/build/icyphy/ptII/ptolemy/domains/de/test/auto/deInCt.xml (RunModel)" time="0.027" />
  <testcase classname="ptolemy.util.test.junit.AutoTests" name="[80] /home/travis/build/icyphy/ptII/ptolemy/domains/de/test/auto/deInCt2.xml (RunModel)" time="0.018" />
  <testcase classname="ptolemy.util.test.junit.AutoTests" name="[81] /home/travis/build/icyphy/ptII/ptolemy/domains/de/test/auto/dynamicCausalityInterface1.xml (RunModel)" time="0.015" />
  <testcase classname="ptolemy.util.test.junit.AutoTests" name="[82] /home/travis/build/icyphy/ptII/ptolemy/domains/de/test/auto/fsm_de_test.xml (RunModel)" time="0.019" />
  <testcase classname="ptolemy.util.test.junit.AutoTests" name="[83] /home/travis/build/icyphy/ptII/ptolemy/domains/de/test/auto/functionDependencyReconstruction.xml (RunModel)" time="0.027" />
  <testcase classname="ptolemy.util.test.junit.AutoTests" name="[84] /home/travis/build/icyphy/ptII/ptolemy/domains/de/test/auto/multirate.xml (RunModel)" time="0.013" />
  <testcase classname="ptolemy.util.test.junit.AutoTests" name="[85] /home/travis/build/icyphy/ptII/ptolemy/domains/de/test/auto/multirate2.xml (RunModel)" time="0.017" />
  <testcase classname="ptolemy.util.test.junit.AutoTests" name="[86] /home/travis/build/icyphy/ptII/ptolemy/domains/de/test/auto/realtime.xml (RunModel)" time="10.009" />
  <testcase classname="ptolemy.util.test.junit.AutoTests" name="[87] /home/travis/build/icyphy/ptII/ptolemy/domains/de/test/auto/relationGroup.xml (RunModel)" time="0.009" />
  <testcase classname="ptolemy.util.test.junit.AutoTests" name="[88] /home/travis/build/icyphy/ptII/ptolemy/domains/de/test/auto/relationGroup2.xml (RunModel)" time="0.007" />
  <testcase classname="ptolemy.util.test.junit.AutoTests" name="[89] /home/travis/build/icyphy/ptII/ptolemy/domains/de/test/auto/sortWithOpaquePorts.xml (RunModel)" time="0.016" />
  <testcase classname="ptolemy.util.test.junit.AutoTests" name="[90] /home/travis/build/icyphy/ptII/ptolemy/domains/de/test/auto/transferInputsandOutputs.xml (RunModel)" time="0.019" />
  <testcase classname="ptolemy.util.test.junit.AutoTests" name="[91] /home/travis/build/icyphy/ptII/ptolemy/domains/de/test/auto/triggerType.xml (RunModel)" time="0.011" />
  <system-out><![CDATA[/home/travis/build/icyphy/ptII/ptolemy/domains/de/test/DependencyLoop.tcl
testDefs.tcl: setting time out to 9000 seconds at Sat May 23 14:23:19 UTC 2020
56 ms. Memory: 129024K Free: 78788K (61%)
23 ms. Memory: 129024K Free: 61380K (48%)
/home/travis/build/icyphy/ptII/ptolemy/domains/de/test/RunDETestsAsQSS.tcl
Run the DE tests using ptolemy.domains.qss.test.QSSDirectorTest, which extends QSSDirector and prints a message in the constructors.
------------------ testing $PTII/ptolemy/domains/de/test/auto/knownFailedTests/DirectFeedback.xml (Known Failure) 
36 ms. Memory: 129024K Free: 56260K (44%)


==== $PTIIhome/travis/build/icyphy/ptII/ptolemy/domains/de/test/../../../../: Auto Automatic test in file $PTII/ptolemy/domains/de/test/auto/knownFailedTests/DirectFeedback.xml
==== Contents of test case:

	    # FIXME: we should use $relativeFilename here, but it
	    # might have backslashes under Windows, which causes no end
	    # of trouble.
	    createAndExecute $file
	    list {}
	
.... Test generated KNOWN error:
    while executing
ptolemy.kernel.util.IllegalActionException: Test fails in iteration 1.
Value was: 1.0. Should have been: 2.0
  in .DirectFeedback.Test
	at ptolemy.actor.lib.Test.fire(Test.java:268)
	at ptolemy.domains.de.kernel.DEDirector._fire(DEDirector.java:1949)
	at ptolemy.domains.de.kernel.DEDirector.fire(DEDirector.java:502)
	at ptolemy.actor.CompositeActor.fire(CompositeActor.java:455)
	at ptolemy.actor.Manager.iterate(Manager.java:851)
	at ptolemy.actor.Manager.execute(Manager.java:369)
	at ptolemy.actor.Manager.run(Manager.java:1263)
	at ptolemy.actor.Manager$PtolemyRunThread.run(Manager.java:1933)

    while executing
ptolemy.kernel.util.IllegalActionException: Test fails in iteration 1.
Value was: 1.0. Should have been: 2.0
  in .DirectFeedback.Test
    while executing
"java::new ptolemy.moml.MoMLSimpleApplication $file
"
    (procedure "createAndExecute" line 2)
    invoked from within
"createAndExecute $file"
    ("uplevel" body line 5)
    invoked from within
"uplevel $contents_of_test"
------------------ testing $PTII/ptolemy/domains/de/test/auto/knownFailedTests/dependencyLoop.xml (Known Failure) 
9 ms. Memory: 129024K Free: 53188K (41%)


==== $PTIIhome/travis/build/icyphy/ptII/ptolemy/domains/de/test/../../../../: Auto Automatic test in file $PTII/ptolemy/domains/de/test/auto/knownFailedTests/dependencyLoop.xml
==== Contents of test case:

	    # FIXME: we should use $relativeFilename here, but it
	    # might have backslashes under Windows, which causes no end
	    # of trouble.
	    createAndExecute $file
	    list {}
	
.... Test generated KNOWN error:
    while executing
ptolemy.kernel.util.IllegalActionException: Found a zero delay loop containing .dependencyLoop.original
  in .dependencyLoop and .dependencyLoop.original
	at ptolemy.actor.util.CausalityInterfaceForComposites._computeOutputPortDepth(CausalityInterfaceForComposites.java:759)
	at ptolemy.actor.util.CausalityInterfaceForComposites._computeInputDepth(CausalityInterfaceForComposites.java:696)
	at ptolemy.actor.util.CausalityInterfaceForComposites._computeOutputPortDepth(CausalityInterfaceForComposites.java:765)
	at ptolemy.actor.util.CausalityInterfaceForComposites._computeInputDepth(CausalityInterfaceForComposites.java:696)
	at ptolemy.actor.util.CausalityInterfaceForComposites._computeOutputPortDepth(CausalityInterfaceForComposites.java:765)
	at ptolemy.actor.util.CausalityInterfaceForComposites._computeInputDepth(CausalityInterfaceForComposites.java:696)
	at ptolemy.actor.util.CausalityInterfaceForComposites._computeActorDepth(CausalityInterfaceForComposites.java:532)
	at ptolemy.actor.util.CausalityInterfaceForComposites.checkForCycles(CausalityInterfaceForComposites.java:96)
	at ptolemy.domains.de.kernel.DEDirector.preinitialize(DEDirector.java:1338)
	at ptolemy.actor.CompositeActor.preinitialize(CompositeActor.java:1828)
	at ptolemy.actor.Manager.preinitializeAndResolveTypes(Manager.java:1040)
	at ptolemy.actor.Manager.initialize(Manager.java:710)
	at ptolemy.actor.Manager.execute(Manager.java:356)
	at ptolemy.actor.Manager.run(Manager.java:1263)
	at ptolemy.actor.Manager$PtolemyRunThread.run(Manager.java:1933)

    while executing
ptolemy.kernel.util.IllegalActionException: Found a zero delay loop containing .dependencyLoop.original
  in .dependencyLoop and .dependencyLoop.original
    while executing
"java::new ptolemy.moml.MoMLSimpleApplication $file
"
    (procedure "createAndExecute" line 2)
    invoked from within
"createAndExecute $file"
    ("uplevel" body line 5)
    invoked from within
"uplevel $contents_of_test"
------------------ testing $PTII/ptolemy/domains/de/test/auto/knownFailedTests/FSMSource.xml (Known Failure) 
92 ms. Memory: 129024K Free: 111908K (87%)
!!!! Auto was marked as failing, but now passes
------------------ testing $PTII/ptolemy/domains/de/test/auto/knownFailedTests/HierarchicalModel.xml (Known Failure) 
9 ms. Memory: 129024K Free: 94545K (73%)


==== $PTIIhome/travis/build/icyphy/ptII/ptolemy/domains/de/test/../../../../: Auto Automatic test in file $PTII/ptolemy/domains/de/test/auto/knownFailedTests/HierarchicalModel.xml
==== Contents of test case:

	    # FIXME: we should use $relativeFilename here, but it
	    # might have backslashes under Windows, which causes no end
	    # of trouble.
	    createAndExecute $file
	    list {}
	
.... Test generated KNOWN error:
    while executing
ptolemy.kernel.util.IllegalActionException: Found a zero delay loop containing .HierarchicalModel.A
  in .HierarchicalModel and .HierarchicalModel.A
	at ptolemy.actor.util.CausalityInterfaceForComposites._computeOutputPortDepth(CausalityInterfaceForComposites.java:759)
	at ptolemy.actor.util.CausalityInterfaceForComposites._computeInputDepth(CausalityInterfaceForComposites.java:696)
	at ptolemy.actor.util.CausalityInterfaceForComposites._computeOutputPortDepth(CausalityInterfaceForComposites.java:765)
	at ptolemy.actor.util.CausalityInterfaceForComposites._computeInputDepth(CausalityInterfaceForComposites.java:696)
	at ptolemy.actor.util.CausalityInterfaceForComposites._computeOutputPortDepth(CausalityInterfaceForComposites.java:765)
	at ptolemy.actor.util.CausalityInterfaceForComposites._computeInputDepth(CausalityInterfaceForComposites.java:696)
	at ptolemy.actor.util.CausalityInterfaceForComposites._computeActorDepth(CausalityInterfaceForComposites.java:532)
	at ptolemy.actor.util.CausalityInterfaceForComposites.checkForCycles(CausalityInterfaceForComposites.java:96)
	at ptolemy.domains.de.kernel.DEDirector.preinitialize(DEDirector.java:1338)
	at ptolemy.actor.CompositeActor.preinitialize(CompositeActor.java:1828)
	at ptolemy.actor.Manager.preinitializeAndResolveTypes(Manager.java:1040)
	at ptolemy.actor.Manager.initialize(Manager.java:710)
	at ptolemy.actor.Manager.execute(Manager.java:356)
	at ptolemy.actor.Manager.run(Manager.java:1263)
	at ptolemy.actor.Manager$PtolemyRunThread.run(Manager.java:1933)

    while executing
ptolemy.kernel.util.IllegalActionException: Found a zero delay loop containing .HierarchicalModel.A
  in .HierarchicalModel and .HierarchicalModel.A
    while executing
"java::new ptolemy.moml.MoMLSimpleApplication $file
"
    (procedure "createAndExecute" line 2)
    invoked from within
"createAndExecute $file"
    ("uplevel" body line 5)
    invoked from within
"uplevel $contents_of_test"
------------------ testing $PTII/ptolemy/domains/de/test/auto/knownFailedTests/dependencyLoop2.xml (Known Failure) 
5 ms. Memory: 129024K Free: 78930K (61%)


==== $PTIIhome/travis/build/icyphy/ptII/ptolemy/domains/de/test/../../../../: Auto Automatic test in file $PTII/ptolemy/domains/de/test/auto/knownFailedTests/dependencyLoop2.xml
==== Contents of test case:

	    # FIXME: we should use $relativeFilename here, but it
	    # might have backslashes under Windows, which causes no end
	    # of trouble.
	    createAndExecute $file
	    list {}
	
.... Test generated KNOWN error:
    while executing
ptolemy.kernel.util.IllegalActionException: Found a zero delay loop containing .dependencyLoop2.original
  in .dependencyLoop2 and .dependencyLoop2.original
	at ptolemy.actor.util.CausalityInterfaceForComposites._computeOutputPortDepth(CausalityInterfaceForComposites.java:759)
	at ptolemy.actor.util.CausalityInterfaceForComposites._computeInputDepth(CausalityInterfaceForComposites.java:696)
	at ptolemy.actor.util.CausalityInterfaceForComposites._computeOutputPortDepth(CausalityInterfaceForComposites.java:765)
	at ptolemy.actor.util.CausalityInterfaceForComposites._computeInputDepth(CausalityInterfaceForComposites.java:696)
	at ptolemy.actor.util.CausalityInterfaceForComposites._computeOutputPortDepth(CausalityInterfaceForComposites.java:765)
	at ptolemy.actor.util.CausalityInterfaceForComposites._computeInputDepth(CausalityInterfaceForComposites.java:696)
	at ptolemy.actor.util.CausalityInterfaceForComposites._computeActorDepth(CausalityInterfaceForComposites.java:532)
	at ptolemy.actor.util.CausalityInterfaceForComposites.checkForCycles(CausalityInterfaceForComposites.java:96)
	at ptolemy.domains.de.kernel.DEDirector.preinitialize(DEDirector.java:1338)
	at ptolemy.actor.CompositeActor.preinitialize(CompositeActor.java:1828)
	at ptolemy.actor.Manager.preinitializeAndResolveTypes(Manager.java:1040)
	at ptolemy.actor.Manager.initialize(Manager.java:710)
	at ptolemy.actor.Manager.execute(Manager.java:356)
	at ptolemy.actor.Manager.run(Manager.java:1263)
	at ptolemy.actor.Manager$PtolemyRunThread.run(Manager.java:1933)

    while executing
ptolemy.kernel.util.IllegalActionException: Found a zero delay loop containing .dependencyLoop2.original
  in .dependencyLoop2 and .dependencyLoop2.original
    while executing
"java::new ptolemy.moml.MoMLSimpleApplication $file
"
    (procedure "createAndExecute" line 2)
    invoked from within
"createAndExecute $file"
    ("uplevel" body line 5)
    invoked from within
"uplevel $contents_of_test"
------------------ testing $PTII/ptolemy/domains/de/test/auto/knownFailedTests/DESDFClockTest.xml (Known Failure) 
2062 ms. Memory: 129024K Free: 109021K (84%)


==== $PTIIhome/travis/build/icyphy/ptII/ptolemy/domains/de/test/../../../../: Auto Automatic test in file $PTII/ptolemy/domains/de/test/auto/knownFailedTests/DESDFClockTest.xml
==== Contents of test case:

	    # FIXME: we should use $relativeFilename here, but it
	    # might have backslashes under Windows, which causes no end
	    # of trouble.
	    createAndExecute $file
	    list {}
	
.... Test generated KNOWN error:
    while executing
ptolemy.kernel.util.IllegalActionException: Actor is not ready to fire.  Perhaps UpSample.prefire() returned false? Try debugging the actor by selecting "Listen to Actor".  Also, for SDF check moml for tokenConsumptionRate on input.
  in .DESDFClockTest.Play Bell.Copy1:SDF Director and .DESDFClockTest.Play Bell.UpSample
	at ptolemy.actor.sched.StaticSchedulingDirector.fire(StaticSchedulingDirector.java:227)
	at ptolemy.domains.sdf.kernel.SDFDirector.fire(SDFDirector.java:500)
	at ptolemy.actor.CompositeActor.fire(CompositeActor.java:455)
	at ptolemy.domains.de.kernel.DEDirector._fire(DEDirector.java:1949)
	at ptolemy.domains.de.kernel.DEDirector.fire(DEDirector.java:502)
	at ptolemy.actor.CompositeActor.fire(CompositeActor.java:455)
	at ptolemy.actor.Manager.iterate(Manager.java:851)
	at ptolemy.actor.Manager.execute(Manager.java:369)
	at ptolemy.actor.Manager.run(Manager.java:1263)
	at ptolemy.actor.Manager$PtolemyRunThread.run(Manager.java:1933)

    while executing
ptolemy.kernel.util.IllegalActionException: Actor is not ready to fire.  Perhaps UpSample.prefire() returned false? Try debugging the actor by selecting "Listen to Actor".  Also, for SDF check moml for tokenConsumptionRate on input.
  in .DESDFClockTest.Play Bell.Copy1:SDF Director and .DESDFClockTest.Play Bell.UpSample
    while executing
"java::new ptolemy.moml.MoMLSimpleApplication $file
"
    (procedure "createAndExecute" line 2)
    invoked from within
"createAndExecute $file"
    ("uplevel" body line 5)
    invoked from within
"uplevel $contents_of_test"
------------------ testing $PTII/ptolemy/domains/de/test/auto/ActorDepthCalculation_actorWithoutPorts.xml
auto.tcl: Setting watchdog for 200 seconds at Sat May 23 14:23:23 UTC 2020
5 ms. Memory: 129024K Free: 101325K (79%)
ptolemy.util.test.WatchDog.cancel(): canceling Sat May 23 14:23:23 UTC 2020
auto.tcl: Setting watchdog for 200 seconds at Sat May 23 14:23:23 UTC 2020
5 ms. Memory: 129024K Free: 99805K (77%)
ptolemy.util.test.WatchDog.cancel(): canceling Sat May 23 14:23:23 UTC 2020
------------------ testing $PTII/ptolemy/domains/de/test/auto/AssemblyLine.xml
auto.tcl: Setting watchdog for 200 seconds at Sat May 23 14:23:24 UTC 2020
13 ms. Memory: 51200K Free: 27753K (54%)
ptolemy.util.test.WatchDog.cancel(): canceling Sat May 23 14:23:24 UTC 2020
auto.tcl: Setting watchdog for 200 seconds at Sat May 23 14:23:24 UTC 2020
6 ms. Memory: 51200K Free: 26780K (52%)
ptolemy.util.test.WatchDog.cancel(): canceling Sat May 23 14:23:24 UTC 2020
------------------ testing $PTII/ptolemy/domains/de/test/auto/CQBug1.xml
auto.tcl: Setting watchdog for 200 seconds at Sat May 23 14:23:24 UTC 2020
8 ms. Memory: 51200K Free: 33203K (65%)
ptolemy.util.test.WatchDog.cancel(): canceling Sat May 23 14:23:24 UTC 2020
auto.tcl: Setting watchdog for 200 seconds at Sat May 23 14:23:24 UTC 2020
2 ms. Memory: 51200K Free: 32718K (64%)
ptolemy.util.test.WatchDog.cancel(): canceling Sat May 23 14:23:24 UTC 2020
------------------ testing $PTII/ptolemy/domains/de/test/auto/CancelFireAt.xml
auto.tcl: Setting watchdog for 200 seconds at Sat May 23 14:23:24 UTC 2020
4 ms. Memory: 51200K Free: 34517K (67%)
ptolemy.util.test.WatchDog.cancel(): canceling Sat May 23 14:23:24 UTC 2020
auto.tcl: Setting watchdog for 200 seconds at Sat May 23 14:23:24 UTC 2020
2 ms. Memory: 51200K Free: 34014K (66%)
ptolemy.util.test.WatchDog.cancel(): canceling Sat May 23 14:23:24 UTC 2020
------------------ testing $PTII/ptolemy/domains/de/test/auto/CausalityAndComposabilityAnalysis.xml
auto.tcl: Setting watchdog for 200 seconds at Sat May 23 14:23:24 UTC 2020
12 ms. Memory: 51200K Free: 32621K (64%)
ptolemy.util.test.WatchDog.cancel(): canceling Sat May 23 14:23:24 UTC 2020
auto.tcl: Setting watchdog for 200 seconds at Sat May 23 14:23:24 UTC 2020
5 ms. Memory: 51200K Free: 31866K (62%)
ptolemy.util.test.WatchDog.cancel(): canceling Sat May 23 14:23:24 UTC 2020
------------------ testing $PTII/ptolemy/domains/de/test/auto/CausalityInterface1.xml
auto.tcl: Setting watchdog for 200 seconds at Sat May 23 14:23:24 UTC 2020
29 ms. Memory: 51200K Free: 31271K (61%)
ptolemy.util.test.WatchDog.cancel(): canceling Sat May 23 14:23:24 UTC 2020
auto.tcl: Setting watchdog for 200 seconds at Sat May 23 14:23:24 UTC 2020
4 ms. Memory: 51200K Free: 30294K (59%)
ptolemy.util.test.WatchDog.cancel(): canceling Sat May 23 14:23:24 UTC 2020
------------------ testing $PTII/ptolemy/domains/de/test/auto/CausalityInterface15.xml
auto.tcl: Setting watchdog for 200 seconds at Sat May 23 14:23:24 UTC 2020
9 ms. Memory: 51200K Free: 31448K (61%)
ptolemy.util.test.WatchDog.cancel(): canceling Sat May 23 14:23:24 UTC 2020
auto.tcl: Setting watchdog for 200 seconds at Sat May 23 14:23:24 UTC 2020
4 ms. Memory: 51200K Free: 30258K (59%)
ptolemy.util.test.WatchDog.cancel(): canceling Sat May 23 14:23:24 UTC 2020
------------------ testing $PTII/ptolemy/domains/de/test/auto/CausalityInterface2.xml
auto.tcl: Setting watchdog for 200 seconds at Sat May 23 14:23:24 UTC 2020
4 ms. Memory: 51200K Free: 31918K (62%)
ptolemy.util.test.WatchDog.cancel(): canceling Sat May 23 14:23:24 UTC 2020
auto.tcl: Setting watchdog for 200 seconds at Sat May 23 14:23:24 UTC 2020
3 ms. Memory: 51200K Free: 31247K (61%)
ptolemy.util.test.WatchDog.cancel(): canceling Sat May 23 14:23:24 UTC 2020
------------------ testing $PTII/ptolemy/domains/de/test/auto/CausalityInterface3.xml
auto.tcl: Setting watchdog for 200 seconds at Sat May 23 14:23:24 UTC 2020
4 ms. Memory: 51200K Free: 31454K (61%)
ptolemy.util.test.WatchDog.cancel(): canceling Sat May 23 14:23:25 UTC 2020
auto.tcl: Setting watchdog for 200 seconds at Sat May 23 14:23:25 UTC 2020
3 ms. Memory: 51200K Free: 30959K (60%)
ptolemy.util.test.WatchDog.cancel(): canceling Sat May 23 14:23:25 UTC 2020
------------------ testing $PTII/ptolemy/domains/de/test/auto/ClockDrift.xml
auto.tcl: Setting watchdog for 200 seconds at Sat May 23 14:23:25 UTC 2020
85 ms. Memory: 51200K Free: 24037K (47%)
ptolemy.util.test.WatchDog.cancel(): canceling Sat May 23 14:23:25 UTC 2020
auto.tcl: Setting watchdog for 200 seconds at Sat May 23 14:23:25 UTC 2020
57 ms. Memory: 51200K Free: 20556K (40%)
ptolemy.util.test.WatchDog.cancel(): canceling Sat May 23 14:23:25 UTC 2020
------------------ testing $PTII/ptolemy/domains/de/test/auto/ClockDriftAndValueChange.xml
auto.tcl: Setting watchdog for 200 seconds at Sat May 23 14:23:25 UTC 2020
17 ms. Memory: 51200K Free: 24408K (48%)
ptolemy.util.test.WatchDog.cancel(): canceling Sat May 23 14:23:25 UTC 2020
auto.tcl: Setting watchdog for 200 seconds at Sat May 23 14:23:25 UTC 2020
19 ms. Memory: 51200K Free: 21336K (42%)
ptolemy.util.test.WatchDog.cancel(): canceling Sat May 23 14:23:25 UTC 2020
------------------ testing $PTII/ptolemy/domains/de/test/auto/ClockDriftChange.xml
auto.tcl: Setting watchdog for 200 seconds at Sat May 23 14:23:25 UTC 2020
18 ms. Memory: 51200K Free: 25944K (51%)
ptolemy.util.test.WatchDog.cancel(): canceling Sat May 23 14:23:25 UTC 2020
auto.tcl: Setting watchdog for 200 seconds at Sat May 23 14:23:25 UTC 2020
26 ms. Memory: 51200K Free: 23572K (46%)
ptolemy.util.test.WatchDog.cancel(): canceling Sat May 23 14:23:25 UTC 2020
------------------ testing $PTII/ptolemy/domains/de/test/auto/ComposableCausalityAnalysis.xml
auto.tcl: Setting watchdog for 200 seconds at Sat May 23 14:23:25 UTC 2020
2 ms. Memory: 51200K Free: 30714K (60%)
ptolemy.util.test.WatchDog.cancel(): canceling Sat May 23 14:23:25 UTC 2020
auto.tcl: Setting watchdog for 200 seconds at Sat May 23 14:23:25 UTC 2020
4 ms. Memory: 51200K Free: 29725K (58%)
ptolemy.util.test.WatchDog.cancel(): canceling Sat May 23 14:23:25 UTC 2020
------------------ testing $PTII/ptolemy/domains/de/test/auto/DEFixedPointLimitation.xml
auto.tcl: Setting watchdog for 200 seconds at Sat May 23 14:23:25 UTC 2020
3 ms. Memory: 51200K Free: 32152K (63%)
ptolemy.util.test.WatchDog.cancel(): canceling Sat May 23 14:23:25 UTC 2020
auto.tcl: Setting watchdog for 200 seconds at Sat May 23 14:23:25 UTC 2020
1 ms. Memory: 51200K Free: 31252K (61%)
ptolemy.util.test.WatchDog.cancel(): canceling Sat May 23 14:23:25 UTC 2020
------------------ testing $PTII/ptolemy/domains/de/test/auto/DEScheduleTest.xml
auto.tcl: Setting watchdog for 200 seconds at Sat May 23 14:23:25 UTC 2020
4 ms. Memory: 51200K Free: 32497K (63%)
ptolemy.util.test.WatchDog.cancel(): canceling Sat May 23 14:23:25 UTC 2020
auto.tcl: Setting watchdog for 200 seconds at Sat May 23 14:23:25 UTC 2020
5 ms. Memory: 51200K Free: 31731K (62%)
ptolemy.util.test.WatchDog.cancel(): canceling Sat May 23 14:23:25 UTC 2020
------------------ testing $PTII/ptolemy/domains/de/test/auto/DEinDEwithStartTimes.xml
auto.tcl: Setting watchdog for 200 seconds at Sat May 23 14:23:25 UTC 2020
3 ms. Memory: 51200K Free: 30658K (60%)
ptolemy.util.test.WatchDog.cancel(): canceling Sat May 23 14:23:25 UTC 2020
auto.tcl: Setting watchdog for 200 seconds at Sat May 23 14:23:25 UTC 2020
4 ms. Memory: 51200K Free: 29790K (58%)
ptolemy.util.test.WatchDog.cancel(): canceling Sat May 23 14:23:25 UTC 2020
------------------ testing $PTII/ptolemy/domains/de/test/auto/DEinDEwithStartTimes2.xml
auto.tcl: Setting watchdog for 200 seconds at Sat May 23 14:23:25 UTC 2020
3 ms. Memory: 51200K Free: 29743K (58%)
ptolemy.util.test.WatchDog.cancel(): canceling Sat May 23 14:23:25 UTC 2020
auto.tcl: Setting watchdog for 200 seconds at Sat May 23 14:23:25 UTC 2020
3 ms. Memory: 51200K Free: 28716K (56%)
ptolemy.util.test.WatchDog.cancel(): canceling Sat May 23 14:23:25 UTC 2020
------------------ testing $PTII/ptolemy/domains/de/test/auto/DateDemo.xml
auto.tcl: Setting watchdog for 200 seconds at Sat May 23 14:23:25 UTC 2020
22 ms. Memory: 51200K Free: 24469K (48%)
ptolemy.util.test.WatchDog.cancel(): canceling Sat May 23 14:23:25 UTC 2020
auto.tcl: Setting watchdog for 200 seconds at Sat May 23 14:23:25 UTC 2020
7 ms. Memory: 51200K Free: 22586K (44%)
ptolemy.util.test.WatchDog.cancel(): canceling Sat May 23 14:23:26 UTC 2020
------------------ testing $PTII/ptolemy/domains/de/test/auto/DateToEvent.xml
auto.tcl: Setting watchdog for 200 seconds at Sat May 23 14:23:26 UTC 2020
2016 ms. Memory: 51200K Free: 20154K (39%)
ptolemy.util.test.WatchDog.cancel(): canceling Sat May 23 14:23:28 UTC 2020
auto.tcl: Setting watchdog for 200 seconds at Sat May 23 14:23:28 UTC 2020
2009 ms. Memory: 51200K Free: 19259K (38%)
ptolemy.util.test.WatchDog.cancel(): canceling Sat May 23 14:23:30 UTC 2020
------------------ testing $PTII/ptolemy/domains/de/test/auto/DepthTest1.xml
auto.tcl: Setting watchdog for 200 seconds at Sat May 23 14:23:30 UTC 2020
3 ms. Memory: 51200K Free: 33320K (65%)
ptolemy.util.test.WatchDog.cancel(): canceling Sat May 23 14:23:30 UTC 2020
auto.tcl: Setting watchdog for 200 seconds at Sat May 23 14:23:30 UTC 2020
1 ms. Memory: 51200K Free: 32831K (64%)
ptolemy.util.test.WatchDog.cancel(): canceling Sat May 23 14:23:30 UTC 2020
------------------ testing $PTII/ptolemy/domains/de/test/auto/DepthTest2.xml
auto.tcl: Setting watchdog for 200 seconds at Sat May 23 14:23:30 UTC 2020
3 ms. Memory: 51200K Free: 30101K (59%)
ptolemy.util.test.WatchDog.cancel(): canceling Sat May 23 14:23:30 UTC 2020
auto.tcl: Setting watchdog for 200 seconds at Sat May 23 14:23:30 UTC 2020
3 ms. Memory: 51200K Free: 29629K (58%)
ptolemy.util.test.WatchDog.cancel(): canceling Sat May 23 14:23:30 UTC 2020
------------------ testing $PTII/ptolemy/domains/de/test/auto/DepthTest3.xml
auto.tcl: Setting watchdog for 200 seconds at Sat May 23 14:23:30 UTC 2020
2 ms. Memory: 51200K Free: 33641K (66%)
ptolemy.util.test.WatchDog.cancel(): canceling Sat May 23 14:23:30 UTC 2020
auto.tcl: Setting watchdog for 200 seconds at Sat May 23 14:23:30 UTC 2020
2 ms. Memory: 51200K Free: 33177K (65%)
ptolemy.util.test.WatchDog.cancel(): canceling Sat May 23 14:23:30 UTC 2020
------------------ testing $PTII/ptolemy/domains/de/test/auto/DepthTest4.xml
auto.tcl: Setting watchdog for 200 seconds at Sat May 23 14:23:30 UTC 2020
6 ms. Memory: 51200K Free: 31874K (62%)
ptolemy.util.test.WatchDog.cancel(): canceling Sat May 23 14:23:30 UTC 2020
auto.tcl: Setting watchdog for 200 seconds at Sat May 23 14:23:30 UTC 2020
5 ms. Memory: 51200K Free: 31179K (61%)
ptolemy.util.test.WatchDog.cancel(): canceling Sat May 23 14:23:30 UTC 2020
------------------ testing $PTII/ptolemy/domains/de/test/auto/DepthTest5.xml
auto.tcl: Setting watchdog for 200 seconds at Sat May 23 14:23:30 UTC 2020
3 ms. Memory: 51200K Free: 31336K (61%)
ptolemy.util.test.WatchDog.cancel(): canceling Sat May 23 14:23:30 UTC 2020
auto.tcl: Setting watchdog for 200 seconds at Sat May 23 14:23:30 UTC 2020
3 ms. Memory: 51200K Free: 30592K (60%)
ptolemy.util.test.WatchDog.cancel(): canceling Sat May 23 14:23:30 UTC 2020
------------------ testing $PTII/ptolemy/domains/de/test/auto/DepthTest6.xml
auto.tcl: Setting watchdog for 200 seconds at Sat May 23 14:23:30 UTC 2020
4 ms. Memory: 51200K Free: 31029K (61%)
ptolemy.util.test.WatchDog.cancel(): canceling Sat May 23 14:23:30 UTC 2020
auto.tcl: Setting watchdog for 200 seconds at Sat May 23 14:23:30 UTC 2020
3 ms. Memory: 51200K Free: 30570K (60%)
ptolemy.util.test.WatchDog.cancel(): canceling Sat May 23 14:23:30 UTC 2020
------------------ testing $PTII/ptolemy/domains/de/test/auto/DepthTest7.xml
auto.tcl: Setting watchdog for 200 seconds at Sat May 23 14:23:30 UTC 2020
3 ms. Memory: 51200K Free: 32034K (63%)
ptolemy.util.test.WatchDog.cancel(): canceling Sat May 23 14:23:30 UTC 2020
auto.tcl: Setting watchdog for 200 seconds at Sat May 23 14:23:30 UTC 2020
3 ms. Memory: 51200K Free: 31119K (61%)
ptolemy.util.test.WatchDog.cancel(): canceling Sat May 23 14:23:30 UTC 2020
------------------ testing $PTII/ptolemy/domains/de/test/auto/EventToDate.xml
auto.tcl: Setting watchdog for 200 seconds at Sat May 23 14:23:30 UTC 2020
3007 ms. Memory: 51200K Free: 22872K (45%)
ptolemy.util.test.WatchDog.cancel(): canceling Sat May 23 14:23:33 UTC 2020
auto.tcl: Setting watchdog for 200 seconds at Sat May 23 14:23:33 UTC 2020
3005 ms. Memory: 51200K Free: 21954K (43%)
ptolemy.util.test.WatchDog.cancel(): canceling Sat May 23 14:23:36 UTC 2020
------------------ testing $PTII/ptolemy/domains/de/test/auto/FSM1.xml
auto.tcl: Setting watchdog for 200 seconds at Sat May 23 14:23:36 UTC 2020
51 ms. Memory: 51200K Free: 23542K (46%)
ptolemy.util.test.WatchDog.cancel(): canceling Sat May 23 14:23:36 UTC 2020
auto.tcl: Setting watchdog for 200 seconds at Sat May 23 14:23:36 UTC 2020
33 ms. Memory: 51200K Free: 20599K (40%)
ptolemy.util.test.WatchDog.cancel(): canceling Sat May 23 14:23:36 UTC 2020
------------------ testing $PTII/ptolemy/domains/de/test/auto/FSM7.xml
auto.tcl: Setting watchdog for 200 seconds at Sat May 23 14:23:37 UTC 2020
17 ms. Memory: 51200K Free: 23526K (46%)
ptolemy.util.test.WatchDog.cancel(): canceling Sat May 23 14:23:37 UTC 2020
auto.tcl: Setting watchdog for 200 seconds at Sat May 23 14:23:37 UTC 2020
26 ms. Memory: 51200K Free: 20386K (40%)
ptolemy.util.test.WatchDog.cancel(): canceling Sat May 23 14:23:37 UTC 2020
------------------ testing $PTII/ptolemy/domains/de/test/auto/Inspection.xml
auto.tcl: Setting watchdog for 200 seconds at Sat May 23 14:23:37 UTC 2020
27 ms. Memory: 51200K Free: 23522K (46%)
ptolemy.util.test.WatchDog.cancel(): canceling Sat May 23 14:23:37 UTC 2020
auto.tcl: Setting watchdog for 200 seconds at Sat May 23 14:23:37 UTC 2020
28 ms. Memory: 51200K Free: 21842K (43%)
ptolemy.util.test.WatchDog.cancel(): canceling Sat May 23 14:23:37 UTC 2020
------------------ testing $PTII/ptolemy/domains/de/test/auto/Iteration.xml
auto.tcl: Setting watchdog for 200 seconds at Sat May 23 14:23:37 UTC 2020
8 ms. Memory: 51200K Free: 29357K (57%)
ptolemy.util.test.WatchDog.cancel(): canceling Sat May 23 14:23:37 UTC 2020
auto.tcl: Setting watchdog for 200 seconds at Sat May 23 14:23:37 UTC 2020
7 ms. Memory: 51200K Free: 28333K (55%)
ptolemy.util.test.WatchDog.cancel(): canceling Sat May 23 14:23:37 UTC 2020
------------------ testing $PTII/ptolemy/domains/de/test/auto/LineFault.xml
auto.tcl: Setting watchdog for 200 seconds at Sat May 23 14:23:37 UTC 2020
730 ms. Memory: 61440K Free: 42025K (68%)
ptolemy.util.test.WatchDog.cancel(): canceling Sat May 23 14:23:38 UTC 2020
auto.tcl: Setting watchdog for 200 seconds at Sat May 23 14:23:38 UTC 2020
493 ms. Memory: 61440K Free: 16370K (27%)
ptolemy.util.test.WatchDog.cancel(): canceling Sat May 23 14:23:38 UTC 2020
------------------ testing $PTII/ptolemy/domains/de/test/auto/MergeModel1Add.xml
auto.tcl: Setting watchdog for 200 seconds at Sat May 23 14:23:38 UTC 2020
33 ms. Memory: 58368K Free: 22461K (38%)
ptolemy.util.test.WatchDog.cancel(): canceling Sat May 23 14:23:39 UTC 2020
auto.tcl: Setting watchdog for 200 seconds at Sat May 23 14:23:39 UTC 2020
10 ms. Memory: 58368K Free: 20722K (36%)
ptolemy.util.test.WatchDog.cancel(): canceling Sat May 23 14:23:39 UTC 2020
------------------ testing $PTII/ptolemy/domains/de/test/auto/MergeModel2Add.xml
auto.tcl: Setting watchdog for 200 seconds at Sat May 23 14:23:39 UTC 2020
10 ms. Memory: 55296K Free: 21420K (39%)
ptolemy.util.test.WatchDog.cancel(): canceling Sat May 23 14:23:39 UTC 2020
auto.tcl: Setting watchdog for 200 seconds at Sat May 23 14:23:39 UTC 2020
10 ms. Memory: 55296K Free: 19967K (36%)
ptolemy.util.test.WatchDog.cancel(): canceling Sat May 23 14:23:39 UTC 2020
------------------ testing $PTII/ptolemy/domains/de/test/auto/MergeModel3Add.xml
auto.tcl: Setting watchdog for 200 seconds at Sat May 23 14:23:39 UTC 2020
10 ms. Memory: 55296K Free: 21428K (39%)
ptolemy.util.test.WatchDog.cancel(): canceling Sat May 23 14:23:39 UTC 2020
auto.tcl: Setting watchdog for 200 seconds at Sat May 23 14:23:39 UTC 2020
10 ms. Memory: 55296K Free: 19976K (36%)
ptolemy.util.test.WatchDog.cancel(): canceling Sat May 23 14:23:39 UTC 2020
------------------ testing $PTII/ptolemy/domains/de/test/auto/MergeWithoutDiscard.xml
auto.tcl: Setting watchdog for 200 seconds at Sat May 23 14:23:39 UTC 2020
2 ms. Memory: 55296K Free: 36359K (66%)
ptolemy.util.test.WatchDog.cancel(): canceling Sat May 23 14:23:39 UTC 2020
auto.tcl: Setting watchdog for 200 seconds at Sat May 23 14:23:39 UTC 2020
1 ms. Memory: 55296K Free: 35839K (65%)
ptolemy.util.test.WatchDog.cancel(): canceling Sat May 23 14:23:39 UTC 2020
------------------ testing $PTII/ptolemy/domains/de/test/auto/Modal1.xml
auto.tcl: Setting watchdog for 200 seconds at Sat May 23 14:23:39 UTC 2020
12 ms. Memory: 55296K Free: 27962K (51%)
ptolemy.util.test.WatchDog.cancel(): canceling Sat May 23 14:23:39 UTC 2020
auto.tcl: Setting watchdog for 200 seconds at Sat May 23 14:23:39 UTC 2020
14 ms. Memory: 55296K Free: 24380K (44%)
ptolemy.util.test.WatchDog.cancel(): canceling Sat May 23 14:23:39 UTC 2020
------------------ testing $PTII/ptolemy/domains/de/test/auto/Modal2.xml
auto.tcl: Setting watchdog for 200 seconds at Sat May 23 14:23:39 UTC 2020
19 ms. Memory: 51200K Free: 23979K (47%)
ptolemy.util.test.WatchDog.cancel(): canceling Sat May 23 14:23:39 UTC 2020
auto.tcl: Setting watchdog for 200 seconds at Sat May 23 14:23:39 UTC 2020
20 ms. Memory: 51200K Free: 20711K (40%)
ptolemy.util.test.WatchDog.cancel(): canceling Sat May 23 14:23:39 UTC 2020
------------------ testing $PTII/ptolemy/domains/de/test/auto/Modal3.xml
auto.tcl: Setting watchdog for 200 seconds at Sat May 23 14:23:39 UTC 2020
17 ms. Memory: 51200K Free: 23974K (47%)
ptolemy.util.test.WatchDog.cancel(): canceling Sat May 23 14:23:39 UTC 2020
auto.tcl: Setting watchdog for 200 seconds at Sat May 23 14:23:39 UTC 2020
18 ms. Memory: 51200K Free: 20728K (40%)
ptolemy.util.test.WatchDog.cancel(): canceling Sat May 23 14:23:39 UTC 2020
------------------ testing $PTII/ptolemy/domains/de/test/auto/Modal4.xml
auto.tcl: Setting watchdog for 200 seconds at Sat May 23 14:23:39 UTC 2020
13 ms. Memory: 51200K Free: 22923K (45%)
ptolemy.util.test.WatchDog.cancel(): canceling Sat May 23 14:23:39 UTC 2020
auto.tcl: Setting watchdog for 200 seconds at Sat May 23 14:23:39 UTC 2020
15 ms. Memory: 51200K Free: 19279K (38%)
ptolemy.util.test.WatchDog.cancel(): canceling Sat May 23 14:23:39 UTC 2020
------------------ testing $PTII/ptolemy/domains/de/test/auto/Modal5.xml
auto.tcl: Setting watchdog for 200 seconds at Sat May 23 14:23:39 UTC 2020
16 ms. Memory: 51200K Free: 22947K (45%)
ptolemy.util.test.WatchDog.cancel(): canceling Sat May 23 14:23:39 UTC 2020
auto.tcl: Setting watchdog for 200 seconds at Sat May 23 14:23:39 UTC 2020
14 ms. Memory: 51200K Free: 19294K (38%)
ptolemy.util.test.WatchDog.cancel(): canceling Sat May 23 14:23:39 UTC 2020
------------------ testing $PTII/ptolemy/domains/de/test/auto/Modal6.xml
auto.tcl: Setting watchdog for 200 seconds at Sat May 23 14:23:39 UTC 2020
12 ms. Memory: 51200K Free: 23955K (47%)
ptolemy.util.test.WatchDog.cancel(): canceling Sat May 23 14:23:40 UTC 2020
auto.tcl: Setting watchdog for 200 seconds at Sat May 23 14:23:40 UTC 2020
14 ms. Memory: 51200K Free: 19723K (39%)
ptolemy.util.test.WatchDog.cancel(): canceling Sat May 23 14:23:40 UTC 2020
------------------ testing $PTII/ptolemy/domains/de/test/auto/Modal7.xml
auto.tcl: Setting watchdog for 200 seconds at Sat May 23 14:23:40 UTC 2020
10 ms. Memory: 51200K Free: 22923K (45%)
ptolemy.util.test.WatchDog.cancel(): canceling Sat May 23 14:23:40 UTC 2020
auto.tcl: Setting watchdog for 200 seconds at Sat May 23 14:23:40 UTC 2020
12 ms. Memory: 51200K Free: 19322K (38%)
ptolemy.util.test.WatchDog.cancel(): canceling Sat May 23 14:23:40 UTC 2020
------------------ testing $PTII/ptolemy/domains/de/test/auto/ModalModel.xml
auto.tcl: Setting watchdog for 200 seconds at Sat May 23 14:23:40 UTC 2020
202 ms. Memory: 51200K Free: 17771K (35%)
ptolemy.util.test.WatchDog.cancel(): canceling Sat May 23 14:23:40 UTC 2020
auto.tcl: Setting watchdog for 200 seconds at Sat May 23 14:23:40 UTC 2020
205 ms. Memory: 51200K Free: 11349K (22%)
ptolemy.util.test.WatchDog.cancel(): canceling Sat May 23 14:23:40 UTC 2020
------------------ testing $PTII/ptolemy/domains/de/test/auto/ModalSource.xml
auto.tcl: Setting watchdog for 200 seconds at Sat May 23 14:23:40 UTC 2020
10 ms. Memory: 51200K Free: 27793K (54%)
ptolemy.util.test.WatchDog.cancel(): canceling Sat May 23 14:23:40 UTC 2020
auto.tcl: Setting watchdog for 200 seconds at Sat May 23 14:23:40 UTC 2020
3 ms. Memory: 51200K Free: 25745K (50%)
ptolemy.util.test.WatchDog.cancel(): canceling Sat May 23 14:23:40 UTC 2020
------------------ testing $PTII/ptolemy/domains/de/test/auto/NonInterruptibleTimerZeroDelay.xml
auto.tcl: Setting watchdog for 200 seconds at Sat May 23 14:23:40 UTC 2020
4 ms. Memory: 51200K Free: 32737K (64%)
ptolemy.util.test.WatchDog.cancel(): canceling Sat May 23 14:23:40 UTC 2020
auto.tcl: Setting watchdog for 200 seconds at Sat May 23 14:23:40 UTC 2020
2 ms. Memory: 51200K Free: 32067K (63%)
ptolemy.util.test.WatchDog.cancel(): canceling Sat May 23 14:23:40 UTC 2020
------------------ testing $PTII/ptolemy/domains/de/test/auto/OpenQueueingNetwork.xml
auto.tcl: Setting watchdog for 200 seconds at Sat May 23 14:23:40 UTC 2020
2737 ms. Memory: 116736K Free: 47156K (40%)
ptolemy.util.test.WatchDog.cancel(): canceling Sat May 23 14:23:43 UTC 2020
auto.tcl: Setting watchdog for 200 seconds at Sat May 23 14:23:43 UTC 2020
2681 ms. Memory: 172032K Free: 68103K (40%)
ptolemy.util.test.WatchDog.cancel(): canceling Sat May 23 14:23:46 UTC 2020
------------------ testing $PTII/ptolemy/domains/de/test/auto/OpenQueuingNetwork.xml
auto.tcl: Setting watchdog for 200 seconds at Sat May 23 14:23:46 UTC 2020
232 ms. Memory: 58368K Free: 30301K (52%)
ptolemy.util.test.WatchDog.cancel(): canceling Sat May 23 14:23:46 UTC 2020
auto.tcl: Setting watchdog for 200 seconds at Sat May 23 14:23:46 UTC 2020
231 ms. Memory: 58368K Free: 9840K (17%)
ptolemy.util.test.WatchDog.cancel(): canceling Sat May 23 14:23:46 UTC 2020
------------------ testing $PTII/ptolemy/domains/de/test/auto/PeriodicSampler.xml
auto.tcl: Setting watchdog for 200 seconds at Sat May 23 14:23:47 UTC 2020
3 ms. Memory: 55296K Free: 36026K (65%)
ptolemy.util.test.WatchDog.cancel(): canceling Sat May 23 14:23:47 UTC 2020
auto.tcl: Setting watchdog for 200 seconds at Sat May 23 14:23:47 UTC 2020
2 ms. Memory: 55296K Free: 35498K (64%)
ptolemy.util.test.WatchDog.cancel(): canceling Sat May 23 14:23:47 UTC 2020
------------------ testing $PTII/ptolemy/domains/de/test/auto/PersistentIO.xml
auto.tcl: Setting watchdog for 200 seconds at Sat May 23 14:23:47 UTC 2020
6 ms. Memory: 51200K Free: 26853K (52%)
ptolemy.util.test.WatchDog.cancel(): canceling Sat May 23 14:23:47 UTC 2020
auto.tcl: Setting watchdog for 200 seconds at Sat May 23 14:23:47 UTC 2020
5 ms. Memory: 51200K Free: 25333K (49%)
ptolemy.util.test.WatchDog.cancel(): canceling Sat May 23 14:23:47 UTC 2020
------------------ testing $PTII/ptolemy/domains/de/test/auto/PortParameterResetOnInitialize.xml
auto.tcl: Setting watchdog for 200 seconds at Sat May 23 14:23:47 UTC 2020
2 ms. Memory: 51200K Free: 31821K (62%)
ptolemy.util.test.WatchDog.cancel(): canceling Sat May 23 14:23:47 UTC 2020
auto.tcl: Setting watchdog for 200 seconds at Sat May 23 14:23:47 UTC 2020
2 ms. Memory: 51200K Free: 31341K (61%)
ptolemy.util.test.WatchDog.cancel(): canceling Sat May 23 14:23:47 UTC 2020
------------------ testing $PTII/ptolemy/domains/de/test/auto/PortParameterUpdates.xml
auto.tcl: Setting watchdog for 200 seconds at Sat May 23 14:23:47 UTC 2020
3 ms. Memory: 51200K Free: 30146K (59%)
ptolemy.util.test.WatchDog.cancel(): canceling Sat May 23 14:23:47 UTC 2020
auto.tcl: Setting watchdog for 200 seconds at Sat May 23 14:23:47 UTC 2020
4 ms. Memory: 51200K Free: 28925K (56%)
ptolemy.util.test.WatchDog.cancel(): canceling Sat May 23 14:23:47 UTC 2020
------------------ testing $PTII/ptolemy/domains/de/test/auto/QueueAndServer.xml
auto.tcl: Setting watchdog for 200 seconds at Sat May 23 14:23:47 UTC 2020
14 ms. Memory: 51200K Free: 28794K (56%)
ptolemy.util.test.WatchDog.cancel(): canceling Sat May 23 14:23:47 UTC 2020
auto.tcl: Setting watchdog for 200 seconds at Sat May 23 14:23:47 UTC 2020
8 ms. Memory: 51200K Free: 27342K (53%)
ptolemy.util.test.WatchDog.cancel(): canceling Sat May 23 14:23:47 UTC 2020
------------------ testing $PTII/ptolemy/domains/de/test/auto/Records.xml
auto.tcl: Setting watchdog for 200 seconds at Sat May 23 14:23:47 UTC 2020
3 ms. Memory: 51200K Free: 31082K (61%)
ptolemy.util.test.WatchDog.cancel(): canceling Sat May 23 14:23:47 UTC 2020
auto.tcl: Setting watchdog for 200 seconds at Sat May 23 14:23:47 UTC 2020
2 ms. Memory: 51200K Free: 30567K (60%)
ptolemy.util.test.WatchDog.cancel(): canceling Sat May 23 14:23:47 UTC 2020
------------------ testing $PTII/ptolemy/domains/de/test/auto/ResetTransitionWithStartTime1.xml
auto.tcl: Setting watchdog for 200 seconds at Sat May 23 14:23:47 UTC 2020
6 ms. Memory: 51200K Free: 28337K (55%)
ptolemy.util.test.WatchDog.cancel(): canceling Sat May 23 14:23:47 UTC 2020
auto.tcl: Setting watchdog for 200 seconds at Sat May 23 14:23:47 UTC 2020
6 ms. Memory: 51200K Free: 26306K (51%)
ptolemy.util.test.WatchDog.cancel(): canceling Sat May 23 14:23:47 UTC 2020
------------------ testing $PTII/ptolemy/domains/de/test/auto/ResetTransitionWithStartTime2.xml
auto.tcl: Setting watchdog for 200 seconds at Sat May 23 14:23:47 UTC 2020
6 ms. Memory: 51200K Free: 28292K (55%)
ptolemy.util.test.WatchDog.cancel(): canceling Sat May 23 14:23:47 UTC 2020
auto.tcl: Setting watchdog for 200 seconds at Sat May 23 14:23:47 UTC 2020
7 ms. Memory: 51200K Free: 26244K (51%)
ptolemy.util.test.WatchDog.cancel(): canceling Sat May 23 14:23:47 UTC 2020
------------------ testing $PTII/ptolemy/domains/de/test/auto/ResetTransitionWithStartTime3.xml
auto.tcl: Setting watchdog for 200 seconds at Sat May 23 14:23:47 UTC 2020
7 ms. Memory: 51200K Free: 28291K (55%)
ptolemy.util.test.WatchDog.cancel(): canceling Sat May 23 14:23:47 UTC 2020
auto.tcl: Setting watchdog for 200 seconds at Sat May 23 14:23:47 UTC 2020
6 ms. Memory: 51200K Free: 26260K (51%)
ptolemy.util.test.WatchDog.cancel(): canceling Sat May 23 14:23:47 UTC 2020
------------------ testing $PTII/ptolemy/domains/de/test/auto/ResetTransitionWithStartTime4.xml
auto.tcl: Setting watchdog for 200 seconds at Sat May 23 14:23:47 UTC 2020
7 ms. Memory: 51200K Free: 28709K (56%)
ptolemy.util.test.WatchDog.cancel(): canceling Sat May 23 14:23:47 UTC 2020
auto.tcl: Setting watchdog for 200 seconds at Sat May 23 14:23:47 UTC 2020
4 ms. Memory: 51200K Free: 27266K (53%)
ptolemy.util.test.WatchDog.cancel(): canceling Sat May 23 14:23:47 UTC 2020
------------------ testing $PTII/ptolemy/domains/de/test/auto/ResettableTimer1.xml
auto.tcl: Setting watchdog for 200 seconds at Sat May 23 14:23:47 UTC 2020
3 ms. Memory: 51200K Free: 32467K (63%)
ptolemy.util.test.WatchDog.cancel(): canceling Sat May 23 14:23:47 UTC 2020
auto.tcl: Setting watchdog for 200 seconds at Sat May 23 14:23:47 UTC 2020
2 ms. Memory: 51200K Free: 31848K (62%)
ptolemy.util.test.WatchDog.cancel(): canceling Sat May 23 14:23:47 UTC 2020
------------------ testing $PTII/ptolemy/domains/de/test/auto/ResettableTimer2.xml
auto.tcl: Setting watchdog for 200 seconds at Sat May 23 14:23:47 UTC 2020
2 ms. Memory: 51200K Free: 32523K (64%)
ptolemy.util.test.WatchDog.cancel(): canceling Sat May 23 14:23:47 UTC 2020
auto.tcl: Setting watchdog for 200 seconds at Sat May 23 14:23:47 UTC 2020
2 ms. Memory: 51200K Free: 31880K (62%)
ptolemy.util.test.WatchDog.cancel(): canceling Sat May 23 14:23:47 UTC 2020
------------------ testing $PTII/ptolemy/domains/de/test/auto/ResettableTimer3.xml
auto.tcl: Setting watchdog for 200 seconds at Sat May 23 14:23:47 UTC 2020
1 ms. Memory: 51200K Free: 32435K (63%)
ptolemy.util.test.WatchDog.cancel(): canceling Sat May 23 14:23:47 UTC 2020
auto.tcl: Setting watchdog for 200 seconds at Sat May 23 14:23:47 UTC 2020
2 ms. Memory: 51200K Free: 32435K (63%)
ptolemy.util.test.WatchDog.cancel(): canceling Sat May 23 14:23:47 UTC 2020
------------------ testing $PTII/ptolemy/domains/de/test/auto/ResettableTimer4.xml
auto.tcl: Setting watchdog for 200 seconds at Sat May 23 14:23:47 UTC 2020
1 ms. Memory: 51200K Free: 32437K (63%)
ptolemy.util.test.WatchDog.cancel(): canceling Sat May 23 14:23:47 UTC 2020
auto.tcl: Setting watchdog for 200 seconds at Sat May 23 14:23:47 UTC 2020
1 ms. Memory: 51200K Free: 31923K (62%)
ptolemy.util.test.WatchDog.cancel(): canceling Sat May 23 14:23:47 UTC 2020
------------------ testing $PTII/ptolemy/domains/de/test/auto/ResettableTimer5.xml
auto.tcl: Setting watchdog for 200 seconds at Sat May 23 14:23:48 UTC 2020
2 ms. Memory: 51200K Free: 31921K (62%)
ptolemy.util.test.WatchDog.cancel(): canceling Sat May 23 14:23:48 UTC 2020
auto.tcl: Setting watchdog for 200 seconds at Sat May 23 14:23:48 UTC 2020
2 ms. Memory: 51200K Free: 31411K (61%)
ptolemy.util.test.WatchDog.cancel(): canceling Sat May 23 14:23:48 UTC 2020
------------------ testing $PTII/ptolemy/domains/de/test/auto/ResettableTimer6.xml
auto.tcl: Setting watchdog for 200 seconds at Sat May 23 14:23:48 UTC 2020
2 ms. Memory: 51200K Free: 31912K (62%)
ptolemy.util.test.WatchDog.cancel(): canceling Sat May 23 14:23:48 UTC 2020
auto.tcl: Setting watchdog for 200 seconds at Sat May 23 14:23:48 UTC 2020
2 ms. Memory: 51200K Free: 31402K (61%)
ptolemy.util.test.WatchDog.cancel(): canceling Sat May 23 14:23:48 UTC 2020
------------------ testing $PTII/ptolemy/domains/de/test/auto/ServerZeroDelay.xml
auto.tcl: Setting watchdog for 200 seconds at Sat May 23 14:23:48 UTC 2020
5 ms. Memory: 51200K Free: 32418K (63%)
ptolemy.util.test.WatchDog.cancel(): canceling Sat May 23 14:23:48 UTC 2020
auto.tcl: Setting watchdog for 200 seconds at Sat May 23 14:23:48 UTC 2020
2 ms. Memory: 51200K Free: 31394K (61%)
ptolemy.util.test.WatchDog.cancel(): canceling Sat May 23 14:23:48 UTC 2020
------------------ testing $PTII/ptolemy/domains/de/test/auto/SmartSender.xml
auto.tcl: Setting watchdog for 200 seconds at Sat May 23 14:23:48 UTC 2020
3001 ms. Memory: 51200K Free: 32423K (63%)
ptolemy.util.test.WatchDog.cancel(): canceling Sat May 23 14:23:51 UTC 2020
auto.tcl: Setting watchdog for 200 seconds at Sat May 23 14:23:51 UTC 2020
3001 ms. Memory: 51200K Free: 31884K (62%)
ptolemy.util.test.WatchDog.cancel(): canceling Sat May 23 14:23:54 UTC 2020
------------------ testing $PTII/ptolemy/domains/de/test/auto/ThreadedComposite.xml
auto.tcl: Setting watchdog for 200 seconds at Sat May 23 14:23:54 UTC 2020
146 ms. Memory: 51200K Free: 13480K (26%)
ptolemy.util.test.WatchDog.cancel(): canceling Sat May 23 14:23:54 UTC 2020
auto.tcl: Setting watchdog for 200 seconds at Sat May 23 14:23:54 UTC 2020
113 ms. Memory: 51200K Free: 28676K (56%)
ptolemy.util.test.WatchDog.cancel(): canceling Sat May 23 14:23:54 UTC 2020
------------------ testing $PTII/ptolemy/domains/de/test/auto/Time.xml
auto.tcl: Setting watchdog for 200 seconds at Sat May 23 14:23:54 UTC 2020
484 ms. Memory: 51200K Free: 34633K (68%)
ptolemy.util.test.WatchDog.cancel(): canceling Sat May 23 14:23:55 UTC 2020
auto.tcl: Setting watchdog for 200 seconds at Sat May 23 14:23:55 UTC 2020
453 ms. Memory: 51200K Free: 8435K (16%)
ptolemy.util.test.WatchDog.cancel(): canceling Sat May 23 14:23:55 UTC 2020
------------------ testing $PTII/ptolemy/domains/de/test/auto/TimeDelayZeroDelay.xml
auto.tcl: Setting watchdog for 200 seconds at Sat May 23 14:23:55 UTC 2020
3 ms. Memory: 51200K Free: 32342K (63%)
ptolemy.util.test.WatchDog.cancel(): canceling Sat May 23 14:23:55 UTC 2020
auto.tcl: Setting watchdog for 200 seconds at Sat May 23 14:23:55 UTC 2020
2 ms. Memory: 51200K Free: 31859K (62%)
ptolemy.util.test.WatchDog.cancel(): canceling Sat May 23 14:23:55 UTC 2020
------------------ testing $PTII/ptolemy/domains/de/test/auto/TimerZeroDelay.xml
auto.tcl: Setting watchdog for 200 seconds at Sat May 23 14:23:55 UTC 2020
2 ms. Memory: 51200K Free: 32384K (63%)
ptolemy.util.test.WatchDog.cancel(): canceling Sat May 23 14:23:55 UTC 2020
auto.tcl: Setting watchdog for 200 seconds at Sat May 23 14:23:55 UTC 2020
2 ms. Memory: 51200K Free: 31931K (62%)
ptolemy.util.test.WatchDog.cancel(): canceling Sat May 23 14:23:55 UTC 2020
------------------ testing $PTII/ptolemy/domains/de/test/auto/TimingParadox.xml
auto.tcl: Setting watchdog for 200 seconds at Sat May 23 14:23:55 UTC 2020
326 ms. Memory: 51200K Free: 18465K (36%)
ptolemy.util.test.WatchDog.cancel(): canceling Sat May 23 14:23:56 UTC 2020
auto.tcl: Setting watchdog for 200 seconds at Sat May 23 14:23:56 UTC 2020
298 ms. Memory: 61440K Free: 42962K (70%)
ptolemy.util.test.WatchDog.cancel(): canceling Sat May 23 14:23:56 UTC 2020
------------------ testing $PTII/ptolemy/domains/de/test/auto/TransferInputs.xml
auto.tcl: Setting watchdog for 200 seconds at Sat May 23 14:23:56 UTC 2020
2 ms. Memory: 58368K Free: 38034K (65%)
ptolemy.util.test.WatchDog.cancel(): canceling Sat May 23 14:23:56 UTC 2020
auto.tcl: Setting watchdog for 200 seconds at Sat May 23 14:23:56 UTC 2020
3 ms. Memory: 58368K Free: 37060K (63%)
ptolemy.util.test.WatchDog.cancel(): canceling Sat May 23 14:23:56 UTC 2020
------------------ testing $PTII/ptolemy/domains/de/test/auto/TransferOutputs2.xml
auto.tcl: Setting watchdog for 200 seconds at Sat May 23 14:23:56 UTC 2020
2 ms. Memory: 55296K Free: 32391K (59%)
ptolemy.util.test.WatchDog.cancel(): canceling Sat May 23 14:23:56 UTC 2020
auto.tcl: Setting watchdog for 200 seconds at Sat May 23 14:23:56 UTC 2020
3 ms. Memory: 55296K Free: 30909K (56%)
ptolemy.util.test.WatchDog.cancel(): canceling Sat May 23 14:23:56 UTC 2020
------------------ testing $PTII/ptolemy/domains/de/test/auto/Trilateration.xml
auto.tcl: Setting watchdog for 200 seconds at Sat May 23 14:23:56 UTC 2020
12705 ms. Memory: 598016K Free: 400859K (67%)
ptolemy.util.test.WatchDog.cancel(): canceling Sat May 23 14:24:10 UTC 2020
auto.tcl: Setting watchdog for 200 seconds at Sat May 23 14:24:10 UTC 2020
9250 ms. Memory: 598016K Free: 225711K (38%)
ptolemy.util.test.WatchDog.cancel(): canceling Sat May 23 14:24:19 UTC 2020
------------------ testing $PTII/ptolemy/domains/de/test/auto/TwoSigmaDelta.xml
auto.tcl: Setting watchdog for 200 seconds at Sat May 23 14:24:19 UTC 2020
2233 ms. Memory: 92160K Free: 27990K (30%)
ptolemy.util.test.WatchDog.cancel(): canceling Sat May 23 14:24:22 UTC 2020
auto.tcl: Setting watchdog for 200 seconds at Sat May 23 14:24:22 UTC 2020
1716 ms. Memory: 92160K Free: 32065K (35%)
ptolemy.util.test.WatchDog.cancel(): canceling Sat May 23 14:24:23 UTC 2020
------------------ testing $PTII/ptolemy/domains/de/test/auto/VariableDelay.xml
auto.tcl: Setting watchdog for 200 seconds at Sat May 23 14:24:23 UTC 2020
3 ms. Memory: 55296K Free: 35438K (64%)
ptolemy.util.test.WatchDog.cancel(): canceling Sat May 23 14:24:23 UTC 2020
auto.tcl: Setting watchdog for 200 seconds at Sat May 23 14:24:23 UTC 2020
2 ms. Memory: 55296K Free: 34398K (62%)
ptolemy.util.test.WatchDog.cancel(): canceling Sat May 23 14:24:23 UTC 2020
------------------ testing $PTII/ptolemy/domains/de/test/auto/VariableDelay2.xml
auto.tcl: Setting watchdog for 200 seconds at Sat May 23 14:24:24 UTC 2020
2 ms. Memory: 55296K Free: 36023K (65%)
ptolemy.util.test.WatchDog.cancel(): canceling Sat May 23 14:24:24 UTC 2020
auto.tcl: Setting watchdog for 200 seconds at Sat May 23 14:24:24 UTC 2020
1 ms. Memory: 55296K Free: 35511K (64%)
ptolemy.util.test.WatchDog.cancel(): canceling Sat May 23 14:24:24 UTC 2020
------------------ testing $PTII/ptolemy/domains/de/test/auto/VariableDelayZeroDelay.xml
auto.tcl: Setting watchdog for 200 seconds at Sat May 23 14:24:24 UTC 2020
2 ms. Memory: 55296K Free: 36363K (66%)
ptolemy.util.test.WatchDog.cancel(): canceling Sat May 23 14:24:24 UTC 2020
auto.tcl: Setting watchdog for 200 seconds at Sat May 23 14:24:24 UTC 2020
2 ms. Memory: 55296K Free: 35849K (65%)
ptolemy.util.test.WatchDog.cancel(): canceling Sat May 23 14:24:24 UTC 2020
------------------ testing $PTII/ptolemy/domains/de/test/auto/VariableDelayZeroDelay2.xml
auto.tcl: Setting watchdog for 200 seconds at Sat May 23 14:24:24 UTC 2020
2 ms. Memory: 55296K Free: 36362K (66%)
ptolemy.util.test.WatchDog.cancel(): canceling Sat May 23 14:24:24 UTC 2020
auto.tcl: Setting watchdog for 200 seconds at Sat May 23 14:24:24 UTC 2020
2 ms. Memory: 55296K Free: 35338K (64%)
ptolemy.util.test.WatchDog.cancel(): canceling Sat May 23 14:24:24 UTC 2020
------------------ testing $PTII/ptolemy/domains/de/test/auto/deInCt.xml
auto.tcl: Setting watchdog for 200 seconds at Sat May 23 14:24:24 UTC 2020
0
1
1
1
1
1
0
0
0
1
1
1
0
0
0
1
1
1
0
0
1
1
0
0
0
1
1
1
1
0
0
0
1
1
1
0
0
0
1
1
1
0
0
0
1
1
0
0
0
0
0
18 ms. Memory: 55296K Free: 35335K (64%)
ptolemy.util.test.WatchDog.cancel(): canceling Sat May 23 14:24:24 UTC 2020
auto.tcl: Setting watchdog for 200 seconds at Sat May 23 14:24:24 UTC 2020
0
1
1
1
0
0
1
1
1
0
0
0
1
1
0
0
1
1
1
1
0
0
0
1
1
1
0
0
0
1
1
0
0
0
0
1
1
1
0
0
0
1
1
1
0
0
0
0
1
1
1
0
0
0
1
1
1
0
0
0
0
14 ms. Memory: 55296K Free: 33797K (61%)
ptolemy.util.test.WatchDog.cancel(): canceling Sat May 23 14:24:24 UTC 2020
------------------ testing $PTII/ptolemy/domains/de/test/auto/deInCt2.xml
auto.tcl: Setting watchdog for 200 seconds at Sat May 23 14:24:24 UTC 2020
0
1
1
1
0
0
1
1
1
0
0
1
1
1
0
0
1
1
1
0
0
1
1
1
0
0
1
1
1
0
0
1
1
1
0
0
1
1
1
0
0
0
8 ms. Memory: 55296K Free: 35338K (64%)
ptolemy.util.test.WatchDog.cancel(): canceling Sat May 23 14:24:24 UTC 2020
auto.tcl: Setting watchdog for 200 seconds at Sat May 23 14:24:24 UTC 2020
0
1
1
1
0
0
1
1
1
0
0
1
1
1
0
0
1
1
1
0
0
1
1
1
0
0
1
1
1
0
0
1
1
1
0
0
1
1
1
0
0
0
10 ms. Memory: 55296K Free: 33800K (61%)
ptolemy.util.test.WatchDog.cancel(): canceling Sat May 23 14:24:24 UTC 2020
------------------ testing $PTII/ptolemy/domains/de/test/auto/dynamicCausalityInterface1.xml
auto.tcl: Setting watchdog for 200 seconds at Sat May 23 14:24:24 UTC 2020
1 ms. Memory: 55296K Free: 31236K (56%)
ptolemy.util.test.WatchDog.cancel(): canceling Sat May 23 14:24:24 UTC 2020
auto.tcl: Setting watchdog for 200 seconds at Sat May 23 14:24:24 UTC 2020
0 ms. Memory: 55296K Free: 30722K (56%)
ptolemy.util.test.WatchDog.cancel(): canceling Sat May 23 14:24:24 UTC 2020
------------------ testing $PTII/ptolemy/domains/de/test/auto/fsm_de_test.xml
auto.tcl: Setting watchdog for 200 seconds at Sat May 23 14:24:24 UTC 2020
6 ms. Memory: 55296K Free: 31135K (56%)
ptolemy.util.test.WatchDog.cancel(): canceling Sat May 23 14:24:24 UTC 2020
auto.tcl: Setting watchdog for 200 seconds at Sat May 23 14:24:24 UTC 2020
6 ms. Memory: 55296K Free: 29087K (53%)
ptolemy.util.test.WatchDog.cancel(): canceling Sat May 23 14:24:24 UTC 2020
------------------ testing $PTII/ptolemy/domains/de/test/auto/functionDependencyReconstruction.xml
auto.tcl: Setting watchdog for 200 seconds at Sat May 23 14:24:24 UTC 2020
7 ms. Memory: 55296K Free: 24980K (45%)
ptolemy.util.test.WatchDog.cancel(): canceling Sat May 23 14:24:24 UTC 2020
auto.tcl: Setting watchdog for 200 seconds at Sat May 23 14:24:24 UTC 2020
4 ms. Memory: 55296K Free: 22932K (41%)
ptolemy.util.test.WatchDog.cancel(): canceling Sat May 23 14:24:24 UTC 2020
------------------ testing $PTII/ptolemy/domains/de/test/auto/multirate.xml
auto.tcl: Setting watchdog for 200 seconds at Sat May 23 14:24:24 UTC 2020
4 ms. Memory: 55296K Free: 33745K (61%)
ptolemy.util.test.WatchDog.cancel(): canceling Sat May 23 14:24:24 UTC 2020
auto.tcl: Setting watchdog for 200 seconds at Sat May 23 14:24:24 UTC 2020
3 ms. Memory: 55296K Free: 32031K (58%)
ptolemy.util.test.WatchDog.cancel(): canceling Sat May 23 14:24:24 UTC 2020
------------------ testing $PTII/ptolemy/domains/de/test/auto/multirate2.xml
auto.tcl: Setting watchdog for 200 seconds at Sat May 23 14:24:24 UTC 2020
3 ms. Memory: 55296K Free: 33894K (61%)
ptolemy.util.test.WatchDog.cancel(): canceling Sat May 23 14:24:24 UTC 2020
auto.tcl: Setting watchdog for 200 seconds at Sat May 23 14:24:24 UTC 2020
3 ms. Memory: 55296K Free: 32211K (58%)
ptolemy.util.test.WatchDog.cancel(): canceling Sat May 23 14:24:24 UTC 2020
------------------ testing $PTII/ptolemy/domains/de/test/auto/realtime.xml
auto.tcl: Setting watchdog for 200 seconds at Sat May 23 14:24:24 UTC 2020
10001 ms. Memory: 55296K Free: 35986K (65%)
ptolemy.util.test.WatchDog.cancel(): canceling Sat May 23 14:24:34 UTC 2020
auto.tcl: Setting watchdog for 200 seconds at Sat May 23 14:24:34 UTC 2020
10003 ms. Memory: 55296K Free: 35282K (64%)
ptolemy.util.test.WatchDog.cancel(): canceling Sat May 23 14:24:44 UTC 2020
------------------ testing $PTII/ptolemy/domains/de/test/auto/relationGroup.xml
auto.tcl: Setting watchdog for 200 seconds at Sat May 23 14:24:44 UTC 2020
2 ms. Memory: 55296K Free: 37065K (67%)
ptolemy.util.test.WatchDog.cancel(): canceling Sat May 23 14:24:44 UTC 2020
auto.tcl: Setting watchdog for 200 seconds at Sat May 23 14:24:44 UTC 2020
2 ms. Memory: 55296K Free: 36553K (66%)
ptolemy.util.test.WatchDog.cancel(): canceling Sat May 23 14:24:44 UTC 2020
------------------ testing $PTII/ptolemy/domains/de/test/auto/relationGroup2.xml
auto.tcl: Setting watchdog for 200 seconds at Sat May 23 14:24:44 UTC 2020
2 ms. Memory: 51200K Free: 32801K (64%)
ptolemy.util.test.WatchDog.cancel(): canceling Sat May 23 14:24:44 UTC 2020
auto.tcl: Setting watchdog for 200 seconds at Sat May 23 14:24:44 UTC 2020
1 ms. Memory: 51200K Free: 32291K (63%)
ptolemy.util.test.WatchDog.cancel(): canceling Sat May 23 14:24:44 UTC 2020
------------------ testing $PTII/ptolemy/domains/de/test/auto/sortWithOpaquePorts.xml
auto.tcl: Setting watchdog for 200 seconds at Sat May 23 14:24:44 UTC 2020
2 ms. Memory: 51200K Free: 32292K (63%)
ptolemy.util.test.WatchDog.cancel(): canceling Sat May 23 14:24:44 UTC 2020
auto.tcl: Setting watchdog for 200 seconds at Sat May 23 14:24:44 UTC 2020
2 ms. Memory: 51200K Free: 30762K (60%)
ptolemy.util.test.WatchDog.cancel(): canceling Sat May 23 14:24:44 UTC 2020
------------------ testing $PTII/ptolemy/domains/de/test/auto/transferInputsandOutputs.xml
auto.tcl: Setting watchdog for 200 seconds at Sat May 23 14:24:45 UTC 2020
4 ms. Memory: 51200K Free: 29207K (57%)
ptolemy.util.test.WatchDog.cancel(): canceling Sat May 23 14:24:45 UTC 2020
auto.tcl: Setting watchdog for 200 seconds at Sat May 23 14:24:45 UTC 2020
2 ms. Memory: 51200K Free: 28183K (55%)
ptolemy.util.test.WatchDog.cancel(): canceling Sat May 23 14:24:45 UTC 2020
------------------ testing $PTII/ptolemy/domains/de/test/auto/triggerType.xml
auto.tcl: Setting watchdog for 200 seconds at Sat May 23 14:24:45 UTC 2020
1 ms. Memory: 51200K Free: 32231K (63%)
ptolemy.util.test.WatchDog.cancel(): canceling Sat May 23 14:24:45 UTC 2020
auto.tcl: Setting watchdog for 200 seconds at Sat May 23 14:24:45 UTC 2020
2 ms. Memory: 51200K Free: 31213K (61%)
ptolemy.util.test.WatchDog.cancel(): canceling Sat May 23 14:24:45 UTC 2020
05/23/20 02:24:45
Failed: 0  Total Tests: 192  ((Passed: 187, Newly Passed: 1)  Known Failed: 5) /home/travis/build/icyphy/ptII/ptolemy/domains/de/test
05/23/20 02:24:45
Failed: 0  Total Tests: 192  ((Passed: 187, Newly Passed: 1)  Known Failed: 5) /home/travis/build/icyphy/ptII/ptolemy/domains/de/test
----------------- testing (KnownFailure) /home/travis/build/icyphy/ptII/ptolemy/domains/de/test/auto/knownFailedTests/DESDFClockTest.xml
2012 ms. Memory: 51200K Free: 25626K (50%)
Known Failure: java.lang.reflect.InvocationTargetException
----------------- testing (KnownFailure) /home/travis/build/icyphy/ptII/ptolemy/domains/de/test/auto/knownFailedTests/DirectFeedback.xml
6 ms. Memory: 51200K Free: 22044K (43%)
Known Failure: java.lang.reflect.InvocationTargetException
----------------- testing (KnownFailure) /home/travis/build/icyphy/ptII/ptolemy/domains/de/test/auto/knownFailedTests/FSMSource.xml
22 ms. Memory: 51200K Free: 14876K (29%)
----------------- testing (KnownFailure) /home/travis/build/icyphy/ptII/ptolemy/domains/de/test/auto/knownFailedTests/HierarchicalModel.xml
3 ms. Memory: 51200K Free: 26675K (52%)
Known Failure: java.lang.reflect.InvocationTargetException
----------------- testing (KnownFailure) /home/travis/build/icyphy/ptII/ptolemy/domains/de/test/auto/knownFailedTests/dependencyLoop.xml
2 ms. Memory: 51200K Free: 11315K (22%)
Known Failure: java.lang.reflect.InvocationTargetException
----------------- testing (KnownFailure) /home/travis/build/icyphy/ptII/ptolemy/domains/de/test/auto/knownFailedTests/dependencyLoop2.xml
3 ms. Memory: 51200K Free: 23890K (47%)
Known Failure: java.lang.reflect.InvocationTargetException
No auto/linux-amd64/*.xml tests in /home/travis/build/icyphy/ptII/ptolemy/domains/de/test
AutoTests.java: About to close Vertx.
AutoTests.java: Vertx closed.

===========================================================================================
----------------- testing Sat May 23 14:24:47 UTC 2020 /home/travis/build/icyphy/ptII/ptolemy/domains/de/test/auto/ActorDepthCalculation_actorWithoutPorts.xml
----------------- Instantiating /home/travis/build/icyphy/ptII/ptolemy/domains/de/test/auto/ActorDepthCalculation_actorWithoutPorts.xml
2 ms. Memory: 51200K Free: 17014K (33%)
----------------- Invoking toplevel() on ptolemy.moml.MoMLSimpleApplication@4ffe5896
----------------- Done invoking toplevel() on ptolemy.moml.MoMLSimpleApplication@4ffe5896
reloadAllAccessors: .ActorDepthCalculation_actorWithoutPorts

===========================================================================================
----------------- testing Sat May 23 14:24:47 UTC 2020 /home/travis/build/icyphy/ptII/ptolemy/domains/de/test/auto/AssemblyLine.xml
----------------- Instantiating /home/travis/build/icyphy/ptII/ptolemy/domains/de/test/auto/AssemblyLine.xml
2 ms. Memory: 51200K Free: 9876K (19%)
----------------- Invoking toplevel() on ptolemy.moml.MoMLSimpleApplication@6ba39311
----------------- Done invoking toplevel() on ptolemy.moml.MoMLSimpleApplication@6ba39311
reloadAllAccessors: .AssemblyLine

===========================================================================================
----------------- testing Sat May 23 14:24:47 UTC 2020 /home/travis/build/icyphy/ptII/ptolemy/domains/de/test/auto/CQBug1.xml
----------------- Instantiating /home/travis/build/icyphy/ptII/ptolemy/domains/de/test/auto/CQBug1.xml
1 ms. Memory: 51200K Free: 34733K (68%)
----------------- Invoking toplevel() on ptolemy.moml.MoMLSimpleApplication@342b1045
----------------- Done invoking toplevel() on ptolemy.moml.MoMLSimpleApplication@342b1045
reloadAllAccessors: .CQBug1

===========================================================================================
----------------- testing Sat May 23 14:24:47 UTC 2020 /home/travis/build/icyphy/ptII/ptolemy/domains/de/test/auto/CancelFireAt.xml
----------------- Instantiating /home/travis/build/icyphy/ptII/ptolemy/domains/de/test/auto/CancelFireAt.xml
12 ms. Memory: 51200K Free: 32114K (63%)
----------------- Invoking toplevel() on ptolemy.moml.MoMLSimpleApplication@7e583a7b
----------------- Done invoking toplevel() on ptolemy.moml.MoMLSimpleApplication@7e583a7b
reloadAllAccessors: .CancelFireAt

===========================================================================================
----------------- testing Sat May 23 14:24:47 UTC 2020 /home/travis/build/icyphy/ptII/ptolemy/domains/de/test/auto/CausalityAndComposabilityAnalysis.xml
----------------- Instantiating /home/travis/build/icyphy/ptII/ptolemy/domains/de/test/auto/CausalityAndComposabilityAnalysis.xml
1 ms. Memory: 51200K Free: 27958K (55%)
----------------- Invoking toplevel() on ptolemy.moml.MoMLSimpleApplication@655b6e85
----------------- Done invoking toplevel() on ptolemy.moml.MoMLSimpleApplication@655b6e85
reloadAllAccessors: .CausalityAndComposabilityAnalysis

===========================================================================================
----------------- testing Sat May 23 14:24:47 UTC 2020 /home/travis/build/icyphy/ptII/ptolemy/domains/de/test/auto/CausalityInterface1.xml
----------------- Instantiating /home/travis/build/icyphy/ptII/ptolemy/domains/de/test/auto/CausalityInterface1.xml
6 ms. Memory: 51200K Free: 22886K (45%)
----------------- Invoking toplevel() on ptolemy.moml.MoMLSimpleApplication@27241f1e
----------------- Done invoking toplevel() on ptolemy.moml.MoMLSimpleApplication@27241f1e
reloadAllAccessors: .CausalityInterface1

===========================================================================================
----------------- testing Sat May 23 14:24:47 UTC 2020 /home/travis/build/icyphy/ptII/ptolemy/domains/de/test/auto/CausalityInterface15.xml
----------------- Instantiating /home/travis/build/icyphy/ptII/ptolemy/domains/de/test/auto/CausalityInterface15.xml
2 ms. Memory: 51200K Free: 17295K (34%)
----------------- Invoking toplevel() on ptolemy.moml.MoMLSimpleApplication@6be97db
----------------- Done invoking toplevel() on ptolemy.moml.MoMLSimpleApplication@6be97db
reloadAllAccessors: .CausalityInterface15

===========================================================================================
----------------- testing Sat May 23 14:24:47 UTC 2020 /home/travis/build/icyphy/ptII/ptolemy/domains/de/test/auto/CausalityInterface2.xml
----------------- Instantiating /home/travis/build/icyphy/ptII/ptolemy/domains/de/test/auto/CausalityInterface2.xml
[...]
	at ptolemy.actor.Manager.run(Manager.java:1263)
	at ptolemy.actor.Manager$PtolemyRunThread.run(Manager.java:1933)
java.lang.RuntimeException: Execution failed
	at ptolemy.moml.MoMLSimpleApplication$UnloadThread.run(MoMLSimpleApplication.java:402)
Caused by: ptolemy.kernel.util.IllegalActionException: Actor is not ready to fire.  Perhaps UpSample.prefire() returned false? Try debugging the actor by selecting "Listen to Actor".  Also, for SDF check moml for tokenConsumptionRate on input.
  in .DESDFClockTest.Play Bell.Copy1:SDF Director and .DESDFClockTest.Play Bell.UpSample
	at ptolemy.actor.sched.StaticSchedulingDirector.fire(StaticSchedulingDirector.java:227)
	at ptolemy.domains.sdf.kernel.SDFDirector.fire(SDFDirector.java:500)
	at ptolemy.actor.CompositeActor.fire(CompositeActor.java:455)
	at ptolemy.domains.de.kernel.DEDirector._fire(DEDirector.java:1949)
	at ptolemy.domains.de.kernel.DEDirector.fire(DEDirector.java:502)
	at ptolemy.actor.CompositeActor.fire(CompositeActor.java:455)
	at ptolemy.actor.Manager.iterate(Manager.java:851)
	at ptolemy.actor.Manager.execute(Manager.java:369)
	at ptolemy.actor.Manager.run(Manager.java:1263)
	at ptolemy.actor.Manager$PtolemyRunThread.run(Manager.java:1933)
java.lang.reflect.InvocationTargetException
	at java.base/jdk.internal.reflect.NativeConstructorAccessorImpl.newInstance0(Native Method)
	at java.base/jdk.internal.reflect.NativeConstructorAccessorImpl.newInstance(NativeConstructorAccessorImpl.java:62)
	at java.base/jdk.internal.reflect.DelegatingConstructorAccessorImpl.newInstance(DelegatingConstructorAccessorImpl.java:45)
	at java.base/java.lang.reflect.Constructor.newInstance(Constructor.java:490)
	at ptolemy.util.test.junit.AutoKnownFailedTests.RunModel(AutoKnownFailedTests.java:105)
	at java.base/jdk.internal.reflect.NativeMethodAccessorImpl.invoke0(Native Method)
	at java.base/jdk.internal.reflect.NativeMethodAccessorImpl.invoke(NativeMethodAccessorImpl.java:62)
	at java.base/jdk.internal.reflect.DelegatingMethodAccessorImpl.invoke(DelegatingMethodAccessorImpl.java:43)
	at java.base/java.lang.reflect.Method.invoke(Method.java:566)
	at org.junit.runners.model.FrameworkMethod$1.runReflectiveCall(FrameworkMethod.java:44)
	at org.junit.internal.runners.model.ReflectiveCallable.run(ReflectiveCallable.java:15)
	at org.junit.runners.model.FrameworkMethod.invokeExplosively(FrameworkMethod.java:41)
	at junitparams.internal.InvokeParameterisedMethod.evaluate(InvokeParameterisedMethod.java:102)
	at org.junit.internal.runners.statements.FailOnTimeout$1.run(FailOnTimeout.java:28)
Caused by: ptolemy.kernel.util.IllegalActionException: Actor is not ready to fire.  Perhaps UpSample.prefire() returned false? Try debugging the actor by selecting "Listen to Actor".  Also, for SDF check moml for tokenConsumptionRate on input.
  in .DESDFClockTest.Play Bell.Copy1:SDF Director and .DESDFClockTest.Play Bell.UpSample
	at ptolemy.actor.sched.StaticSchedulingDirector.fire(StaticSchedulingDirector.java:227)
	at ptolemy.domains.sdf.kernel.SDFDirector.fire(SDFDirector.java:500)
	at ptolemy.actor.CompositeActor.fire(CompositeActor.java:455)
	at ptolemy.domains.de.kernel.DEDirector._fire(DEDirector.java:1949)
	at ptolemy.domains.de.kernel.DEDirector.fire(DEDirector.java:502)
	at ptolemy.actor.CompositeActor.fire(CompositeActor.java:455)
	at ptolemy.actor.Manager.iterate(Manager.java:851)
	at ptolemy.actor.Manager.execute(Manager.java:369)
	at ptolemy.actor.Manager.run(Manager.java:1263)
	at ptolemy.actor.Manager$PtolemyRunThread.run(Manager.java:1933)
java.lang.RuntimeException: Execution failed
	at ptolemy.moml.MoMLSimpleApplication$UnloadThread.run(MoMLSimpleApplication.java:402)
Caused by: ptolemy.kernel.util.IllegalActionException: Test fails in iteration 1.
Value was: 1.0. Should have been: 2.0
  in .DirectFeedback.Test
	at ptolemy.actor.lib.Test.fire(Test.java:268)
	at ptolemy.domains.de.kernel.DEDirector._fire(DEDirector.java:1949)
	at ptolemy.domains.de.kernel.DEDirector.fire(DEDirector.java:502)
	at ptolemy.actor.CompositeActor.fire(CompositeActor.java:455)
	at ptolemy.actor.Manager.iterate(Manager.java:851)
	at ptolemy.actor.Manager.execute(Manager.java:369)
	at ptolemy.actor.Manager.run(Manager.java:1263)
	at ptolemy.actor.Manager$PtolemyRunThread.run(Manager.java:1933)
java.lang.reflect.InvocationTargetException
	at java.base/jdk.internal.reflect.NativeConstructorAccessorImpl.newInstance0(Native Method)
	at java.base/jdk.internal.reflect.NativeConstructorAccessorImpl.newInstance(NativeConstructorAccessorImpl.java:62)
	at java.base/jdk.internal.reflect.DelegatingConstructorAccessorImpl.newInstance(DelegatingConstructorAccessorImpl.java:45)
	at java.base/java.lang.reflect.Constructor.newInstance(Constructor.java:490)
	at ptolemy.util.test.junit.AutoKnownFailedTests.RunModel(AutoKnownFailedTests.java:105)
	at java.base/jdk.internal.reflect.NativeMethodAccessorImpl.invoke0(Native Method)
	at java.base/jdk.internal.reflect.NativeMethodAccessorImpl.invoke(NativeMethodAccessorImpl.java:62)
	at java.base/jdk.internal.reflect.DelegatingMethodAccessorImpl.invoke(DelegatingMethodAccessorImpl.java:43)
	at java.base/java.lang.reflect.Method.invoke(Method.java:566)
	at org.junit.runners.model.FrameworkMethod$1.runReflectiveCall(FrameworkMethod.java:44)
	at org.junit.internal.runners.model.ReflectiveCallable.run(ReflectiveCallable.java:15)
	at org.junit.runners.model.FrameworkMethod.invokeExplosively(FrameworkMethod.java:41)
	at junitparams.internal.InvokeParameterisedMethod.evaluate(InvokeParameterisedMethod.java:102)
	at org.junit.internal.runners.statements.FailOnTimeout$1.run(FailOnTimeout.java:28)
Caused by: ptolemy.kernel.util.IllegalActionException: Test fails in iteration 1.
Value was: 1.0. Should have been: 2.0
  in .DirectFeedback.Test
	at ptolemy.actor.lib.Test.fire(Test.java:268)
	at ptolemy.domains.de.kernel.DEDirector._fire(DEDirector.java:1949)
	at ptolemy.domains.de.kernel.DEDirector.fire(DEDirector.java:502)
	at ptolemy.actor.CompositeActor.fire(CompositeActor.java:455)
	at ptolemy.actor.Manager.iterate(Manager.java:851)
	at ptolemy.actor.Manager.execute(Manager.java:369)
	at ptolemy.actor.Manager.run(Manager.java:1263)
	at ptolemy.actor.Manager$PtolemyRunThread.run(Manager.java:1933)
java.lang.RuntimeException: Execution failed
	at ptolemy.moml.MoMLSimpleApplication$UnloadThread.run(MoMLSimpleApplication.java:402)
Caused by: ptolemy.kernel.util.IllegalActionException: Found a zero delay loop containing .HierarchicalModel.A
  in .HierarchicalModel and .HierarchicalModel.A
	at ptolemy.actor.util.CausalityInterfaceForComposites._computeOutputPortDepth(CausalityInterfaceForComposites.java:759)
	at ptolemy.actor.util.CausalityInterfaceForComposites._computeInputDepth(CausalityInterfaceForComposites.java:696)
	at ptolemy.actor.util.CausalityInterfaceForComposites._computeOutputPortDepth(CausalityInterfaceForComposites.java:765)
	at ptolemy.actor.util.CausalityInterfaceForComposites._computeInputDepth(CausalityInterfaceForComposites.java:696)
	at ptolemy.actor.util.CausalityInterfaceForComposites._computeOutputPortDepth(CausalityInterfaceForComposites.java:765)
	at ptolemy.actor.util.CausalityInterfaceForComposites._computeInputDepth(CausalityInterfaceForComposites.java:696)
	at ptolemy.actor.util.CausalityInterfaceForComposites._computeActorDepth(CausalityInterfaceForComposites.java:532)
	at ptolemy.actor.util.CausalityInterfaceForComposites.checkForCycles(CausalityInterfaceForComposites.java:96)
	at ptolemy.domains.de.kernel.DEDirector.preinitialize(DEDirector.java:1338)
	at ptolemy.actor.CompositeActor.preinitialize(CompositeActor.java:1828)
	at ptolemy.actor.Manager.preinitializeAndResolveTypes(Manager.java:1040)
	at ptolemy.actor.Manager.initialize(Manager.java:710)
	at ptolemy.actor.Manager.execute(Manager.java:356)
	at ptolemy.actor.Manager.run(Manager.java:1263)
	at ptolemy.actor.Manager$PtolemyRunThread.run(Manager.java:1933)
java.lang.reflect.InvocationTargetException
	at java.base/jdk.internal.reflect.NativeConstructorAccessorImpl.newInstance0(Native Method)
	at java.base/jdk.internal.reflect.NativeConstructorAccessorImpl.newInstance(NativeConstructorAccessorImpl.java:62)
	at java.base/jdk.internal.reflect.DelegatingConstructorAccessorImpl.newInstance(DelegatingConstructorAccessorImpl.java:45)
	at java.base/java.lang.reflect.Constructor.newInstance(Constructor.java:490)
	at ptolemy.util.test.junit.AutoKnownFailedTests.RunModel(AutoKnownFailedTests.java:105)
	at java.base/jdk.internal.reflect.NativeMethodAccessorImpl.invoke0(Native Method)
	at java.base/jdk.internal.reflect.NativeMethodAccessorImpl.invoke(NativeMethodAccessorImpl.java:62)
	at java.base/jdk.internal.reflect.DelegatingMethodAccessorImpl.invoke(DelegatingMethodAccessorImpl.java:43)
	at java.base/java.lang.reflect.Method.invoke(Method.java:566)
	at org.junit.runners.model.FrameworkMethod$1.runReflectiveCall(FrameworkMethod.java:44)
	at org.junit.internal.runners.model.ReflectiveCallable.run(ReflectiveCallable.java:15)
	at org.junit.runners.model.FrameworkMethod.invokeExplosively(FrameworkMethod.java:41)
	at junitparams.internal.InvokeParameterisedMethod.evaluate(InvokeParameterisedMethod.java:102)
	at org.junit.internal.runners.statements.FailOnTimeout$1.run(FailOnTimeout.java:28)
Caused by: ptolemy.kernel.util.IllegalActionException: Found a zero delay loop containing .HierarchicalModel.A
  in .HierarchicalModel and .HierarchicalModel.A
	at ptolemy.actor.util.CausalityInterfaceForComposites._computeOutputPortDepth(CausalityInterfaceForComposites.java:759)
	at ptolemy.actor.util.CausalityInterfaceForComposites._computeInputDepth(CausalityInterfaceForComposites.java:696)
	at ptolemy.actor.util.CausalityInterfaceForComposites._computeOutputPortDepth(CausalityInterfaceForComposites.java:765)
	at ptolemy.actor.util.CausalityInterfaceForComposites._computeInputDepth(CausalityInterfaceForComposites.java:696)
	at ptolemy.actor.util.CausalityInterfaceForComposites._computeOutputPortDepth(CausalityInterfaceForComposites.java:765)
	at ptolemy.actor.util.CausalityInterfaceForComposites._computeInputDepth(CausalityInterfaceForComposites.java:696)
	at ptolemy.actor.util.CausalityInterfaceForComposites._computeActorDepth(CausalityInterfaceForComposites.java:532)
	at ptolemy.actor.util.CausalityInterfaceForComposites.checkForCycles(CausalityInterfaceForComposites.java:96)
	at ptolemy.domains.de.kernel.DEDirector.preinitialize(DEDirector.java:1338)
	at ptolemy.actor.CompositeActor.preinitialize(CompositeActor.java:1828)
	at ptolemy.actor.Manager.preinitializeAndResolveTypes(Manager.java:1040)
	at ptolemy.actor.Manager.initialize(Manager.java:710)
	at ptolemy.actor.Manager.execute(Manager.java:356)
	at ptolemy.actor.Manager.run(Manager.java:1263)
	at ptolemy.actor.Manager$PtolemyRunThread.run(Manager.java:1933)
java.lang.RuntimeException: Execution failed
	at ptolemy.moml.MoMLSimpleApplication$UnloadThread.run(MoMLSimpleApplication.java:402)
Caused by: ptolemy.kernel.util.IllegalActionException: Found a zero delay loop containing .dependencyLoop.original
  in .dependencyLoop and .dependencyLoop.original
	at ptolemy.actor.util.CausalityInterfaceForComposites._computeOutputPortDepth(CausalityInterfaceForComposites.java:759)
	at ptolemy.actor.util.CausalityInterfaceForComposites._computeInputDepth(CausalityInterfaceForComposites.java:696)
	at ptolemy.actor.util.CausalityInterfaceForComposites._computeOutputPortDepth(CausalityInterfaceForComposites.java:765)
	at ptolemy.actor.util.CausalityInterfaceForComposites._computeInputDepth(CausalityInterfaceForComposites.java:696)
	at ptolemy.actor.util.CausalityInterfaceForComposites._computeOutputPortDepth(CausalityInterfaceForComposites.java:765)
	at ptolemy.actor.util.CausalityInterfaceForComposites._computeInputDepth(CausalityInterfaceForComposites.java:696)
	at ptolemy.actor.util.CausalityInterfaceForComposites._computeActorDepth(CausalityInterfaceForComposites.java:532)
	at ptolemy.actor.util.CausalityInterfaceForComposites.checkForCycles(CausalityInterfaceForComposites.java:96)
	at ptolemy.domains.de.kernel.DEDirector.preinitialize(DEDirector.java:1338)
	at ptolemy.actor.CompositeActor.preinitialize(CompositeActor.java:1828)
	at ptolemy.actor.Manager.preinitializeAndResolveTypes(Manager.java:1040)
	at ptolemy.actor.Manager.initialize(Manager.java:710)
	at ptolemy.actor.Manager.execute(Manager.java:356)
	at ptolemy.actor.Manager.run(Manager.java:1263)
	at ptolemy.actor.Manager$PtolemyRunThread.run(Manager.java:1933)
java.lang.reflect.InvocationTargetException
	at java.base/jdk.internal.reflect.NativeConstructorAccessorImpl.newInstance0(Native Method)
	at java.base/jdk.internal.reflect.NativeConstructorAccessorImpl.newInstance(NativeConstructorAccessorImpl.java:62)
	at java.base/jdk.internal.reflect.DelegatingConstructorAccessorImpl.newInstance(DelegatingConstructorAccessorImpl.java:45)
	at java.base/java.lang.reflect.Constructor.newInstance(Constructor.java:490)
	at ptolemy.util.test.junit.AutoKnownFailedTests.RunModel(AutoKnownFailedTests.java:105)
	at java.base/jdk.internal.reflect.NativeMethodAccessorImpl.invoke0(Native Method)
	at java.base/jdk.internal.reflect.NativeMethodAccessorImpl.invoke(NativeMethodAccessorImpl.java:62)
	at java.base/jdk.internal.reflect.DelegatingMethodAccessorImpl.invoke(DelegatingMethodAccessorImpl.java:43)
	at java.base/java.lang.reflect.Method.invoke(Method.java:566)
	at org.junit.runners.model.FrameworkMethod$1.runReflectiveCall(FrameworkMethod.java:44)
	at org.junit.internal.runners.model.ReflectiveCallable.run(ReflectiveCallable.java:15)
	at org.junit.runners.model.FrameworkMethod.invokeExplosively(FrameworkMethod.java:41)
	at junitparams.internal.InvokeParameterisedMethod.evaluate(InvokeParameterisedMethod.java:102)
	at org.junit.internal.runners.statements.FailOnTimeout$1.run(FailOnTimeout.java:28)
Caused by: ptolemy.kernel.util.IllegalActionException: Found a zero delay loop containing .dependencyLoop.original
  in .dependencyLoop and .dependencyLoop.original
	at ptolemy.actor.util.CausalityInterfaceForComposites._computeOutputPortDepth(CausalityInterfaceForComposites.java:759)
	at ptolemy.actor.util.CausalityInterfaceForComposites._computeInputDepth(CausalityInterfaceForComposites.java:696)
	at ptolemy.actor.util.CausalityInterfaceForComposites._computeOutputPortDepth(CausalityInterfaceForComposites.java:765)
	at ptolemy.actor.util.CausalityInterfaceForComposites._computeInputDepth(CausalityInterfaceForComposites.java:696)
	at ptolemy.actor.util.CausalityInterfaceForComposites._computeOutputPortDepth(CausalityInterfaceForComposites.java:765)
	at ptolemy.actor.util.CausalityInterfaceForComposites._computeInputDepth(CausalityInterfaceForComposites.java:696)
	at ptolemy.actor.util.CausalityInterfaceForComposites._computeActorDepth(CausalityInterfaceForComposites.java:532)
	at ptolemy.actor.util.CausalityInterfaceForComposites.checkForCycles(CausalityInterfaceForComposites.java:96)
	at ptolemy.domains.de.kernel.DEDirector.preinitialize(DEDirector.java:1338)
	at ptolemy.actor.CompositeActor.preinitialize(CompositeActor.java:1828)
	at ptolemy.actor.Manager.preinitializeAndResolveTypes(Manager.java:1040)
	at ptolemy.actor.Manager.initialize(Manager.java:710)
	at ptolemy.actor.Manager.execute(Manager.java:356)
	at ptolemy.actor.Manager.run(Manager.java:1263)
	at ptolemy.actor.Manager$PtolemyRunThread.run(Manager.java:1933)
java.lang.RuntimeException: Execution failed
	at ptolemy.moml.MoMLSimpleApplication$UnloadThread.run(MoMLSimpleApplication.java:402)
Caused by: ptolemy.kernel.util.IllegalActionException: Found a zero delay loop containing .dependencyLoop2.original
  in .dependencyLoop2 and .dependencyLoop2.original
	at ptolemy.actor.util.CausalityInterfaceForComposites._computeOutputPortDepth(CausalityInterfaceForComposites.java:759)
	at ptolemy.actor.util.CausalityInterfaceForComposites._computeInputDepth(CausalityInterfaceForComposites.java:696)
	at ptolemy.actor.util.CausalityInterfaceForComposites._computeOutputPortDepth(CausalityInterfaceForComposites.java:765)
	at ptolemy.actor.util.CausalityInterfaceForComposites._computeInputDepth(CausalityInterfaceForComposites.java:696)
	at ptolemy.actor.util.CausalityInterfaceForComposites._computeOutputPortDepth(CausalityInterfaceForComposites.java:765)
	at ptolemy.actor.util.CausalityInterfaceForComposites._computeInputDepth(CausalityInterfaceForComposites.java:696)
	at ptolemy.actor.util.CausalityInterfaceForComposites._computeActorDepth(CausalityInterfaceForComposites.java:532)
	at ptolemy.actor.util.CausalityInterfaceForComposites.checkForCycles(CausalityInterfaceForComposites.java:96)
	at ptolemy.domains.de.kernel.DEDirector.preinitialize(DEDirector.java:1338)
	at ptolemy.actor.CompositeActor.preinitialize(CompositeActor.java:1828)
	at ptolemy.actor.Manager.preinitializeAndResolveTypes(Manager.java:1040)
	at ptolemy.actor.Manager.initialize(Manager.java:710)
	at ptolemy.actor.Manager.execute(Manager.java:356)
	at ptolemy.actor.Manager.run(Manager.java:1263)
	at ptolemy.actor.Manager$PtolemyRunThread.run(Manager.java:1933)
java.lang.reflect.InvocationTargetException
	at java.base/jdk.internal.reflect.NativeConstructorAccessorImpl.newInstance0(Native Method)
	at java.base/jdk.internal.reflect.NativeConstructorAccessorImpl.newInstance(NativeConstructorAccessorImpl.java:62)
	at java.base/jdk.internal.reflect.DelegatingConstructorAccessorImpl.newInstance(DelegatingConstructorAccessorImpl.java:45)
	at java.base/java.lang.reflect.Constructor.newInstance(Constructor.java:490)
	at ptolemy.util.test.junit.AutoKnownFailedTests.RunModel(AutoKnownFailedTests.java:105)
	at java.base/jdk.internal.reflect.NativeMethodAccessorImpl.invoke0(Native Method)
	at java.base/jdk.internal.reflect.NativeMethodAccessorImpl.invoke(NativeMethodAccessorImpl.java:62)
	at java.base/jdk.internal.reflect.DelegatingMethodAccessorImpl.invoke(DelegatingMethodAccessorImpl.java:43)
	at java.base/java.lang.reflect.Method.invoke(Method.java:566)
	at org.junit.runners.model.FrameworkMethod$1.runReflectiveCall(FrameworkMethod.java:44)
	at org.junit.internal.runners.model.ReflectiveCallable.run(ReflectiveCallable.java:15)
	at org.junit.runners.model.FrameworkMethod.invokeExplosively(FrameworkMethod.java:41)
	at junitparams.internal.InvokeParameterisedMethod.evaluate(InvokeParameterisedMethod.java:102)
	at org.junit.internal.runners.statements.FailOnTimeout$1.run(FailOnTimeout.java:28)
Caused by: ptolemy.kernel.util.IllegalActionException: Found a zero delay loop containing .dependencyLoop2.original
  in .dependencyLoop2 and .dependencyLoop2.original
	at ptolemy.actor.util.CausalityInterfaceForComposites._computeOutputPortDepth(CausalityInterfaceForComposites.java:759)
	at ptolemy.actor.util.CausalityInterfaceForComposites._computeInputDepth(CausalityInterfaceForComposites.java:696)
	at ptolemy.actor.util.CausalityInterfaceForComposites._computeOutputPortDepth(CausalityInterfaceForComposites.java:765)
	at ptolemy.actor.util.CausalityInterfaceForComposites._computeInputDepth(CausalityInterfaceForComposites.java:696)
	at ptolemy.actor.util.CausalityInterfaceForComposites._computeOutputPortDepth(CausalityInterfaceForComposites.java:765)
	at ptolemy.actor.util.CausalityInterfaceForComposites._computeInputDepth(CausalityInterfaceForComposites.java:696)
	at ptolemy.actor.util.CausalityInterfaceForComposites._computeActorDepth(CausalityInterfaceForComposites.java:532)
	at ptolemy.actor.util.CausalityInterfaceForComposites.checkForCycles(CausalityInterfaceForComposites.java:96)
	at ptolemy.domains.de.kernel.DEDirector.preinitialize(DEDirector.java:1338)
	at ptolemy.actor.CompositeActor.preinitialize(CompositeActor.java:1828)
	at ptolemy.actor.Manager.preinitializeAndResolveTypes(Manager.java:1040)
	at ptolemy.actor.Manager.initialize(Manager.java:710)
	at ptolemy.actor.Manager.execute(Manager.java:356)
	at ptolemy.actor.Manager.run(Manager.java:1263)
	at ptolemy.actor.Manager$PtolemyRunThread.run(Manager.java:1933)
]]></system-err>
</testsuite>
