<?xml version="1.0" encoding="UTF-8" ?>
<testsuite errors="0" failures="0" hostname="travis-job-a858e421-8313-443c-bd2b-65674b89a5c7" name="ptolemy.actor.lib.hoc.test.junit.JUnitTclTest" skipped="0" tests="58" time="25.328" timestamp="2018-07-17T01:35:00">
  <properties>
[...]
</properties>
  <testcase classname="ptolemy.util.test.junit.TclTests" name="[0] /home/travis/build/icyphy/ptII/ptolemy/actor/lib/hoc/test/IterateOverArray.tcl (RunTclFile)" time="0.305" />
  <testcase classname="ptolemy.util.test.junit.AutoKnownFailedTests" name="[0] /home/travis/build/icyphy/ptII/ptolemy/actor/lib/hoc/test/auto/knownFailedTests/PreinitializeMustBeInvokedRunComposite.xml (RunModel)" time="0.246" />
  <testcase classname="ptolemy.util.test.junit.AutoNameArchTests" name="[0] ThereAreNoAutoArchTests (RunModel)" time="0.0" />
  <testcase classname="ptolemy.util.test.junit.AutoTests" name="[0] /home/travis/build/icyphy/ptII/ptolemy/actor/lib/hoc/test/auto/AllToAllMultiInstanceComposite.xml (RunModel)" time="0.278" />
  <testcase classname="ptolemy.util.test.junit.AutoTests" name="[1] /home/travis/build/icyphy/ptII/ptolemy/actor/lib/hoc/test/auto/ApplyFFTTest.xml (RunModel)" time="0.273" />
  <testcase classname="ptolemy.util.test.junit.AutoTests" name="[2] /home/travis/build/icyphy/ptII/ptolemy/actor/lib/hoc/test/auto/ApplyFunction.xml (RunModel)" time="0.022" />
  <testcase classname="ptolemy.util.test.junit.AutoTests" name="[3] /home/travis/build/icyphy/ptII/ptolemy/actor/lib/hoc/test/auto/BackgroundExecution.xml (RunModel)" time="0.754" />
  <testcase classname="ptolemy.util.test.junit.AutoTests" name="[4] /home/travis/build/icyphy/ptII/ptolemy/actor/lib/hoc/test/auto/Case.xml (RunModel)" time="0.086" />
  <testcase classname="ptolemy.util.test.junit.AutoTests" name="[5] /home/travis/build/icyphy/ptII/ptolemy/actor/lib/hoc/test/auto/Case1.xml (RunModel)" time="0.058" />
  <testcase classname="ptolemy.util.test.junit.AutoTests" name="[6] /home/travis/build/icyphy/ptII/ptolemy/actor/lib/hoc/test/auto/Case2.xml (RunModel)" time="0.096" />
  <testcase classname="ptolemy.util.test.junit.AutoTests" name="[7] /home/travis/build/icyphy/ptII/ptolemy/actor/lib/hoc/test/auto/Case3.xml (RunModel)" time="0.073" />
  <testcase classname="ptolemy.util.test.junit.AutoTests" name="[8] /home/travis/build/icyphy/ptII/ptolemy/actor/lib/hoc/test/auto/Case4.xml (RunModel)" time="0.071" />
  <testcase classname="ptolemy.util.test.junit.AutoTests" name="[9] /home/travis/build/icyphy/ptII/ptolemy/actor/lib/hoc/test/auto/Case5.xml (RunModel)" time="0.07" />
  <testcase classname="ptolemy.util.test.junit.AutoTests" name="[10] /home/travis/build/icyphy/ptII/ptolemy/actor/lib/hoc/test/auto/Case6.xml (RunModel)" time="0.094" />
  <testcase classname="ptolemy.util.test.junit.AutoTests" name="[11] /home/travis/build/icyphy/ptII/ptolemy/actor/lib/hoc/test/auto/CaseString2.xml (RunModel)" time="0.043" />
  <testcase classname="ptolemy.util.test.junit.AutoTests" name="[12] /home/travis/build/icyphy/ptII/ptolemy/actor/lib/hoc/test/auto/CatchUpComposite1.xml (RunModel)" time="0.076" />
  <testcase classname="ptolemy.util.test.junit.AutoTests" name="[13] /home/travis/build/icyphy/ptII/ptolemy/actor/lib/hoc/test/auto/CatchUpComposite2.xml (RunModel)" time="0.079" />
  <testcase classname="ptolemy.util.test.junit.AutoTests" name="[14] /home/travis/build/icyphy/ptII/ptolemy/actor/lib/hoc/test/auto/CatchUpComposite3.xml (RunModel)" time="0.035" />
  <testcase classname="ptolemy.util.test.junit.AutoTests" name="[15] /home/travis/build/icyphy/ptII/ptolemy/actor/lib/hoc/test/auto/CatchUpComposite4.xml (RunModel)" time="0.058" />
  <testcase classname="ptolemy.util.test.junit.AutoTests" name="[16] /home/travis/build/icyphy/ptII/ptolemy/actor/lib/hoc/test/auto/CatchUpComposite5.xml (RunModel)" time="0.05" />
  <testcase classname="ptolemy.util.test.junit.AutoTests" name="[17] /home/travis/build/icyphy/ptII/ptolemy/actor/lib/hoc/test/auto/CatchUpComposite6.xml (RunModel)" time="0.188" />
  <testcase classname="ptolemy.util.test.junit.AutoTests" name="[18] /home/travis/build/icyphy/ptII/ptolemy/actor/lib/hoc/test/auto/CatchUpComposite7.xml (RunModel)" time="0.118" />
  <testcase classname="ptolemy.util.test.junit.AutoTests" name="[19] /home/travis/build/icyphy/ptII/ptolemy/actor/lib/hoc/test/auto/ConcurrentExecutionTimeSDF.xml (RunModel)" time="1.545" />
  <testcase classname="ptolemy.util.test.junit.AutoTests" name="[20] /home/travis/build/icyphy/ptII/ptolemy/actor/lib/hoc/test/auto/ConcurrentSleep.xml (RunModel)" time="0.789" />
  <testcase classname="ptolemy.util.test.junit.AutoTests" name="[21] /home/travis/build/icyphy/ptII/ptolemy/actor/lib/hoc/test/auto/DEInPNInRunCompositeActor.xml (RunModel)" time="0.058" />
  <testcase classname="ptolemy.util.test.junit.AutoTests" name="[22] /home/travis/build/icyphy/ptII/ptolemy/actor/lib/hoc/test/auto/DFTSubSetTest.xml (RunModel)" time="0.32" />
  <testcase classname="ptolemy.util.test.junit.AutoTests" name="[23] /home/travis/build/icyphy/ptII/ptolemy/actor/lib/hoc/test/auto/HocDE.xml (RunModel)" time="0.199" />
  <testcase classname="ptolemy.util.test.junit.AutoTests" name="[24] /home/travis/build/icyphy/ptII/ptolemy/actor/lib/hoc/test/auto/IterateOverArray.xml (RunModel)" time="0.026" />
  <testcase classname="ptolemy.util.test.junit.AutoTests" name="[25] /home/travis/build/icyphy/ptII/ptolemy/actor/lib/hoc/test/auto/IterateOverArray10.xml (RunModel)" time="0.026" />
  <testcase classname="ptolemy.util.test.junit.AutoTests" name="[26] /home/travis/build/icyphy/ptII/ptolemy/actor/lib/hoc/test/auto/IterateOverArray11.xml (RunModel)" time="0.04" />
  <testcase classname="ptolemy.util.test.junit.AutoTests" name="[27] /home/travis/build/icyphy/ptII/ptolemy/actor/lib/hoc/test/auto/IterateOverArray12.xml (RunModel)" time="0.05" />
  <testcase classname="ptolemy.util.test.junit.AutoTests" name="[28] /home/travis/build/icyphy/ptII/ptolemy/actor/lib/hoc/test/auto/IterateOverArray13.xml (RunModel)" time="0.186" />
  <testcase classname="ptolemy.util.test.junit.AutoTests" name="[29] /home/travis/build/icyphy/ptII/ptolemy/actor/lib/hoc/test/auto/IterateOverArray14.xml (RunModel)" time="0.167" />
  <testcase classname="ptolemy.util.test.junit.AutoTests" name="[30] /home/travis/build/icyphy/ptII/ptolemy/actor/lib/hoc/test/auto/IterateOverArray2.xml (RunModel)" time="0.033" />
  <testcase classname="ptolemy.util.test.junit.AutoTests" name="[31] /home/travis/build/icyphy/ptII/ptolemy/actor/lib/hoc/test/auto/IterateOverArray3.xml (RunModel)" time="0.057" />
  <testcase classname="ptolemy.util.test.junit.AutoTests" name="[32] /home/travis/build/icyphy/ptII/ptolemy/actor/lib/hoc/test/auto/IterateOverArray4.xml (RunModel)" time="0.022" />
  <testcase classname="ptolemy.util.test.junit.AutoTests" name="[33] /home/travis/build/icyphy/ptII/ptolemy/actor/lib/hoc/test/auto/IterateOverArray5.xml (RunModel)" time="0.025" />
  <testcase classname="ptolemy.util.test.junit.AutoTests" name="[34] /home/travis/build/icyphy/ptII/ptolemy/actor/lib/hoc/test/auto/IterateOverArray6.xml (RunModel)" time="0.016" />
  <testcase classname="ptolemy.util.test.junit.AutoTests" name="[35] /home/travis/build/icyphy/ptII/ptolemy/actor/lib/hoc/test/auto/IterateOverArray7.xml (RunModel)" time="0.023" />
  <testcase classname="ptolemy.util.test.junit.AutoTests" name="[36] /home/travis/build/icyphy/ptII/ptolemy/actor/lib/hoc/test/auto/IterateOverArray8.xml (RunModel)" time="0.024" />
  <testcase classname="ptolemy.util.test.junit.AutoTests" name="[37] /home/travis/build/icyphy/ptII/ptolemy/actor/lib/hoc/test/auto/IterateOverArray9.xml (RunModel)" time="0.027" />
  <testcase classname="ptolemy.util.test.junit.AutoTests" name="[38] /home/travis/build/icyphy/ptII/ptolemy/actor/lib/hoc/test/auto/IterateOverArrayCoercedOutputType.xml (RunModel)" time="0.039" />
  <testcase classname="ptolemy.util.test.junit.AutoTests" name="[39] /home/travis/build/icyphy/ptII/ptolemy/actor/lib/hoc/test/auto/IterateOverArrayInferredOutputType.xml (RunModel)" time="0.042" />
  <testcase classname="ptolemy.util.test.junit.AutoTests" name="[40] /home/travis/build/icyphy/ptII/ptolemy/actor/lib/hoc/test/auto/MobileFunctionTest.xml (RunModel)" time="0.025" />
  <testcase classname="ptolemy.util.test.junit.AutoTests" name="[41] /home/travis/build/icyphy/ptII/ptolemy/actor/lib/hoc/test/auto/MobileModelTest.xml (RunModel)" time="0.13" />
  <testcase classname="ptolemy.util.test.junit.AutoTests" name="[42] /home/travis/build/icyphy/ptII/ptolemy/actor/lib/hoc/test/auto/ModelReference.xml (RunModel)" time="0.067" />
  <testcase classname="ptolemy.util.test.junit.AutoTests" name="[43] /home/travis/build/icyphy/ptII/ptolemy/actor/lib/hoc/test/auto/ModelReference3.xml (RunModel)" time="0.054" />
  <testcase classname="ptolemy.util.test.junit.AutoTests" name="[44] /home/travis/build/icyphy/ptII/ptolemy/actor/lib/hoc/test/auto/ModelReference4.xml (RunModel)" time="10.058" />
  <testcase classname="ptolemy.util.test.junit.AutoTests" name="[45] /home/travis/build/icyphy/ptII/ptolemy/actor/lib/hoc/test/auto/MultiInstanceComposite.xml (RunModel)" time="0.054" />
  <testcase classname="ptolemy.util.test.junit.AutoTests" name="[46] /home/travis/build/icyphy/ptII/ptolemy/actor/lib/hoc/test/auto/MultiInstanceComposite2.xml (RunModel)" time="0.044" />
  <testcase classname="ptolemy.util.test.junit.AutoTests" name="[47] /home/travis/build/icyphy/ptII/ptolemy/actor/lib/hoc/test/auto/MulticoreExecution.xml (RunModel)" time="1.134" />
  <testcase classname="ptolemy.util.test.junit.AutoTests" name="[48] /home/travis/build/icyphy/ptII/ptolemy/actor/lib/hoc/test/auto/ParallelExecution.xml (RunModel)" time="0.951" />
  <testcase classname="ptolemy.util.test.junit.AutoTests" name="[49] /home/travis/build/icyphy/ptII/ptolemy/actor/lib/hoc/test/auto/RunCompositeActor.xml (RunModel)" time="0.054" />
  <testcase classname="ptolemy.util.test.junit.AutoTests" name="[50] /home/travis/build/icyphy/ptII/ptolemy/actor/lib/hoc/test/auto/RunCompositeActor2.xml (RunModel)" time="0.024" />
  <testcase classname="ptolemy.util.test.junit.AutoTests" name="[51] /home/travis/build/icyphy/ptII/ptolemy/actor/lib/hoc/test/auto/RunCompositeActor3.xml (RunModel)" time="0.021" />
  <testcase classname="ptolemy.util.test.junit.AutoTests" name="[52] /home/travis/build/icyphy/ptII/ptolemy/actor/lib/hoc/test/auto/RunCompositeActor4.xml (RunModel)" time="0.028" />
  <testcase classname="ptolemy.util.test.junit.AutoTests" name="[53] /home/travis/build/icyphy/ptII/ptolemy/actor/lib/hoc/test/auto/RunCompositeIterateOverArray.xml (RunModel)" time="0.026" />
  <testcase classname="ptolemy.util.test.junit.AutoTests" name="[54] /home/travis/build/icyphy/ptII/ptolemy/actor/lib/hoc/test/auto/ThreadedJS.xml (RunModel)" time="5.368" />
  <system-out><![CDATA[/home/travis/build/icyphy/ptII/ptolemy/actor/lib/hoc/test/IterateOverArray.tcl
testDefs.tcl: setting time out to 9000 seconds at Tue Jul 17 01:35:00 UTC 2018
07/17/18 01:35:00
Failed: 0  Total Tests: 2  ((Passed: 2, Newly Passed: 0)  Known Failed: 0) /home/travis/build/icyphy/ptII/ptolemy/actor/lib/hoc/test
----------------- testing (KnownFailure) /home/travis/build/icyphy/ptII/ptolemy/actor/lib/hoc/test/auto/knownFailedTests/PreinitializeMustBeInvokedRunComposite.xml
34 ms. Memory: 116224K Free: 103488K (89%)
Known Failure: java.lang.reflect.InvocationTargetException
No auto/linux-amd64/*.xml tests in /home/travis/build/icyphy/ptII/ptolemy/actor/lib/hoc/test
AutoTests.java: About to close Vertx.
AutoTests.java: Vertx closed.

===========================================================================================
----------------- testing Tue Jul 17 01:35:01 UTC 2018 /home/travis/build/icyphy/ptII/ptolemy/actor/lib/hoc/test/auto/AllToAllMultiInstanceComposite.xml
----------------- Instantiating /home/travis/build/icyphy/ptII/ptolemy/actor/lib/hoc/test/auto/AllToAllMultiInstanceComposite.xml
145 ms. Memory: 146944K Free: 107463K (73%)
----------------- Invoking toplevel() on ptolemy.moml.MoMLSimpleApplication@83d39c6
----------------- Done invoking toplevel() on ptolemy.moml.MoMLSimpleApplication@83d39c6
reloadAllAccessors: .AllToAllMultiInstanceComposite

===========================================================================================
----------------- testing Tue Jul 17 01:35:01 UTC 2018 /home/travis/build/icyphy/ptII/ptolemy/actor/lib/hoc/test/auto/ApplyFFTTest.xml
----------------- Instantiating /home/travis/build/icyphy/ptII/ptolemy/actor/lib/hoc/test/auto/ApplyFFTTest.xml
99 ms. Memory: 146944K Free: 87537K (60%)
----------------- Invoking toplevel() on ptolemy.moml.MoMLSimpleApplication@2aa00912
----------------- Done invoking toplevel() on ptolemy.moml.MoMLSimpleApplication@2aa00912
reloadAllAccessors: .ApplyFFTTest

===========================================================================================
----------------- testing Tue Jul 17 01:35:01 UTC 2018 /home/travis/build/icyphy/ptII/ptolemy/actor/lib/hoc/test/auto/ApplyFunction.xml
----------------- Instantiating /home/travis/build/icyphy/ptII/ptolemy/actor/lib/hoc/test/auto/ApplyFunction.xml
4 ms. Memory: 146944K Free: 83826K (57%)
----------------- Invoking toplevel() on ptolemy.moml.MoMLSimpleApplication@1da5223e
----------------- Done invoking toplevel() on ptolemy.moml.MoMLSimpleApplication@1da5223e
reloadAllAccessors: .ApplyFunction

===========================================================================================
----------------- testing Tue Jul 17 01:35:01 UTC 2018 /home/travis/build/icyphy/ptII/ptolemy/actor/lib/hoc/test/auto/BackgroundExecution.xml
----------------- Instantiating /home/travis/build/icyphy/ptII/ptolemy/actor/lib/hoc/test/auto/BackgroundExecution.xml
626 ms. Memory: 146944K Free: 135464K (92%)
----------------- Invoking toplevel() on ptolemy.moml.MoMLSimpleApplication@20faafc2
----------------- Done invoking toplevel() on ptolemy.moml.MoMLSimpleApplication@20faafc2
reloadAllAccessors: .BackgroundExecution

===========================================================================================
----------------- testing Tue Jul 17 01:35:02 UTC 2018 /home/travis/build/icyphy/ptII/ptolemy/actor/lib/hoc/test/auto/Case.xml
----------------- Instantiating /home/travis/build/icyphy/ptII/ptolemy/actor/lib/hoc/test/auto/Case.xml
17 ms. Memory: 146944K Free: 127130K (87%)
----------------- Invoking toplevel() on ptolemy.moml.MoMLSimpleApplication@752740ee
----------------- Done invoking toplevel() on ptolemy.moml.MoMLSimpleApplication@752740ee
reloadAllAccessors: .Case

===========================================================================================
----------------- testing Tue Jul 17 01:35:02 UTC 2018 /home/travis/build/icyphy/ptII/ptolemy/actor/lib/hoc/test/auto/Case1.xml
----------------- Instantiating /home/travis/build/icyphy/ptII/ptolemy/actor/lib/hoc/test/auto/Case1.xml
8 ms. Memory: 146944K Free: 120005K (82%)
----------------- Invoking toplevel() on ptolemy.moml.MoMLSimpleApplication@4ef7adc3
----------------- Done invoking toplevel() on ptolemy.moml.MoMLSimpleApplication@4ef7adc3
reloadAllAccessors: .Case1

===========================================================================================
----------------- testing Tue Jul 17 01:35:02 UTC 2018 /home/travis/build/icyphy/ptII/ptolemy/actor/lib/hoc/test/auto/Case2.xml
----------------- Instantiating /home/travis/build/icyphy/ptII/ptolemy/actor/lib/hoc/test/auto/Case2.xml
59 ms. Memory: 146944K Free: 108369K (74%)
----------------- Invoking toplevel() on ptolemy.moml.MoMLSimpleApplication@7621d398
----------------- Done invoking toplevel() on ptolemy.moml.MoMLSimpleApplication@7621d398
reloadAllAccessors: .Case2

===========================================================================================
----------------- testing Tue Jul 17 01:35:02 UTC 2018 /home/travis/build/icyphy/ptII/ptolemy/actor/lib/hoc/test/auto/Case3.xml
----------------- Instantiating /home/travis/build/icyphy/ptII/ptolemy/actor/lib/hoc/test/auto/Case3.xml
16 ms. Memory: 146944K Free: 102040K (69%)
----------------- Invoking toplevel() on ptolemy.moml.MoMLSimpleApplication@8c6ae9c
----------------- Done invoking toplevel() on ptolemy.moml.MoMLSimpleApplication@8c6ae9c
reloadAllAccessors: .Case3

===========================================================================================
----------------- testing Tue Jul 17 01:35:02 UTC 2018 /home/travis/build/icyphy/ptII/ptolemy/actor/lib/hoc/test/auto/Case4.xml
----------------- Instantiating /home/travis/build/icyphy/ptII/ptolemy/actor/lib/hoc/test/auto/Case4.xml
17 ms. Memory: 146944K Free: 92966K (63%)
----------------- Invoking toplevel() on ptolemy.moml.MoMLSimpleApplication@70660a75
----------------- Done invoking toplevel() on ptolemy.moml.MoMLSimpleApplication@70660a75
reloadAllAccessors: .Case4

===========================================================================================
----------------- testing Tue Jul 17 01:35:02 UTC 2018 /home/travis/build/icyphy/ptII/ptolemy/actor/lib/hoc/test/auto/Case5.xml
----------------- Instantiating /home/travis/build/icyphy/ptII/ptolemy/actor/lib/hoc/test/auto/Case5.xml
38 ms. Memory: 146944K Free: 85810K (58%)
----------------- Invoking toplevel() on ptolemy.moml.MoMLSimpleApplication@2b6babef
----------------- Done invoking toplevel() on ptolemy.moml.MoMLSimpleApplication@2b6babef
reloadAllAccessors: .junk

===========================================================================================
----------------- testing Tue Jul 17 01:35:02 UTC 2018 /home/travis/build/icyphy/ptII/ptolemy/actor/lib/hoc/test/auto/Case6.xml
----------------- Instantiating /home/travis/build/icyphy/ptII/ptolemy/actor/lib/hoc/test/auto/Case6.xml
44 ms. Memory: 208384K Free: 195041K (94%)
----------------- Invoking toplevel() on ptolemy.moml.MoMLSimpleApplication@8ec7e1a
----------------- Done invoking toplevel() on ptolemy.moml.MoMLSimpleApplication@8ec7e1a
reloadAllAccessors: .Case6

===========================================================================================
----------------- testing Tue Jul 17 01:35:03 UTC 2018 /home/travis/build/icyphy/ptII/ptolemy/actor/lib/hoc/test/auto/CaseString2.xml
----------------- Instantiating /home/travis/build/icyphy/ptII/ptolemy/actor/lib/hoc/test/auto/CaseString2.xml
9 ms. Memory: 208384K Free: 185480K (89%)
----------------- Invoking toplevel() on ptolemy.moml.MoMLSimpleApplication@43c8c1fa
----------------- Done invoking toplevel() on ptolemy.moml.MoMLSimpleApplication@43c8c1fa
reloadAllAccessors: .CaseString2

===========================================================================================
----------------- testing Tue Jul 17 01:35:03 UTC 2018 /home/travis/build/icyphy/ptII/ptolemy/actor/lib/hoc/test/auto/CatchUpComposite1.xml
----------------- Instantiating /home/travis/build/icyphy/ptII/ptolemy/actor/lib/hoc/test/auto/CatchUpComposite1.xml
35 ms. Memory: 208384K Free: 175633K (84%)
----------------- Invoking toplevel() on ptolemy.moml.MoMLSimpleApplication@3c74e10d
----------------- Done invoking toplevel() on ptolemy.moml.MoMLSimpleApplication@3c74e10d
reloadAllAccessors: .CatchUpComposite1

===========================================================================================
----------------- testing Tue Jul 17 01:35:03 UTC 2018 /home/travis/build/icyphy/ptII/ptolemy/actor/lib/hoc/test/auto/CatchUpComposite2.xml
----------------- Instantiating /home/travis/build/icyphy/ptII/ptolemy/actor/lib/hoc/test/auto/CatchUpComposite2.xml
17 ms. Memory: 208384K Free: 166417K (80%)
----------------- Invoking toplevel() on ptolemy.moml.MoMLSimpleApplication@6209707
----------------- Done invoking toplevel() on ptolemy.moml.MoMLSimpleApplication@6209707
reloadAllAccessors: .CatchUpComposite2

===========================================================================================
----------------- testing Tue Jul 17 01:35:03 UTC 2018 /home/travis/build/icyphy/ptII/ptolemy/actor/lib/hoc/test/auto/CatchUpComposite3.xml
----------------- Instantiating /home/travis/build/icyphy/ptII/ptolemy/actor/lib/hoc/test/auto/CatchUpComposite3.xml
6 ms. Memory: 208384K Free: 156274K (75%)
----------------- Invoking toplevel() on ptolemy.moml.MoMLSimpleApplication@7caf40fa
----------------- Done invoking toplevel() on ptolemy.moml.MoMLSimpleApplication@7caf40fa
reloadAllAccessors: .CatchUpComposite3

===========================================================================================
----------------- testing Tue Jul 17 01:35:03 UTC 2018 /home/travis/build/icyphy/ptII/ptolemy/actor/lib/hoc/test/auto/CatchUpComposite4.xml
----------------- Instantiating /home/travis/build/icyphy/ptII/ptolemy/actor/lib/hoc/test/auto/CatchUpComposite4.xml
23 ms. Memory: 208384K Free: 146978K (71%)
----------------- Invoking toplevel() on ptolemy.moml.MoMLSimpleApplication@2124fab2
----------------- Done invoking toplevel() on ptolemy.moml.MoMLSimpleApplication@2124fab2
reloadAllAccessors: .CatchUpComposite4

===========================================================================================
----------------- testing Tue Jul 17 01:35:03 UTC 2018 /home/travis/build/icyphy/ptII/ptolemy/actor/lib/hoc/test/auto/CatchUpComposite5.xml
----------------- Instantiating /home/travis/build/icyphy/ptII/ptolemy/actor/lib/hoc/test/auto/CatchUpComposite5.xml
16 ms. Memory: 208384K Free: 138328K (66%)
----------------- Invoking toplevel() on ptolemy.moml.MoMLSimpleApplication@2c8ecd20
----------------- Done invoking toplevel() on ptolemy.moml.MoMLSimpleApplication@2c8ecd20
reloadAllAccessors: .CatchUpComposite5

===========================================================================================
----------------- testing Tue Jul 17 01:35:03 UTC 2018 /home/travis/build/icyphy/ptII/ptolemy/actor/lib/hoc/test/auto/CatchUpComposite6.xml
----------------- Instantiating /home/travis/build/icyphy/ptII/ptolemy/actor/lib/hoc/test/auto/CatchUpComposite6.xml
WARNING: The execution aspects in this model can influence the timing of actors by delaying the 
execution, potentially changing the behavior. There is no guarantee that actors fire at the 
time they request to be fired. 
Use Ptides for deterministic DE behavior that is not influenced by execution aspects. 

98 ms. Memory: 208384K Free: 119972K (58%)
----------------- Invoking toplevel() on ptolemy.moml.MoMLSimpleApplication@13b25c13
----------------- Done invoking toplevel() on ptolemy.moml.MoMLSimpleApplication@13b25c13
reloadAllAccessors: .CatchUpComposite6

===========================================================================================
----------------- testing Tue Jul 17 01:35:03 UTC 2018 /home/travis/build/icyphy/ptII/ptolemy/actor/lib/hoc/test/auto/CatchUpComposite7.xml
----------------- Instantiating /home/travis/build/icyphy/ptII/ptolemy/actor/lib/hoc/test/auto/CatchUpComposite7.xml
WARNING: The execution aspects in this model can influence the timing of actors by delaying the 
execution, potentially changing the behavior. There is no guarantee that actors fire at the 
time they request to be fired. 
Use Ptides for deterministic DE behavior that is not influenced by execution aspects. 

45 ms. Memory: 208384K Free: 103238K (50%)
----------------- Invoking toplevel() on ptolemy.moml.MoMLSimpleApplication@556a299a
----------------- Done invoking toplevel() on ptolemy.moml.MoMLSimpleApplication@556a299a
reloadAllAccessors: .CatchUpComposite7

===========================================================================================
----------------- testing Tue Jul 17 01:35:03 UTC 2018 /home/travis/build/icyphy/ptII/ptolemy/actor/lib/hoc/test/auto/ConcurrentExecutionTimeSDF.xml
----------------- Instantiating /home/travis/build/icyphy/ptII/ptolemy/actor/lib/hoc/test/auto/ConcurrentExecutionTimeSDF.xml
Fired ExecutionTime: 40400000
Fired ExecutionTime: 40400000
Fired ExecutionTime: 40400000
Fired ExecutionTime: 40400000
Fired ExecutionTime: 40400000
Fired ExecutionTime: 40400000
Fired ExecutionTime: 40400000
Fired ExecutionTime: 40400000
Fired ExecutionTime: 40400000
Fired ExecutionTime: 40400000
Fired ExecutionTime: 40400000
Fired ExecutionTime: 40400000
Fired ExecutionTime: 40400000
Fired ExecutionTime: 40400000
Fired ExecutionTime: 40400000
Fired ExecutionTime: 40400000
Fired ExecutionTime: 40400000
Fired ExecutionTime: 40400000
Fired ExecutionTime: 40400000
Fired ExecutionTime: 40400000
1520 ms. Memory: 208384K Free: 94636K (45%)
----------------- Invoking toplevel() on ptolemy.moml.MoMLSimpleApplication@779673fe
----------------- Done invoking toplevel() on ptolemy.moml.MoMLSimpleApplication@779673fe
reloadAllAccessors: .ConcurrentExecutionTimeSDF

===========================================================================================
----------------- testing Tue Jul 17 01:35:05 UTC 2018 /home/travis/build/icyphy/ptII/ptolemy/actor/lib/hoc/test/auto/ConcurrentSleep.xml
----------------- Instantiating /home/travis/build/icyphy/ptII/ptolemy/actor/lib/hoc/test/auto/ConcurrentSleep.xml
738 ms. Memory: 208384K Free: 80488K (39%)
----------------- Invoking toplevel() on ptolemy.moml.MoMLSimpleApplication@7d4fbb4a
----------------- Done invoking toplevel() on ptolemy.moml.MoMLSimpleApplication@7d4fbb4a
reloadAllAccessors: .ConcurrentSleep

===========================================================================================
----------------- testing Tue Jul 17 01:35:06 UTC 2018 /home/travis/build/icyphy/ptII/ptolemy/actor/lib/hoc/test/auto/DEInPNInRunCompositeActor.xml
----------------- Instantiating /home/travis/build/icyphy/ptII/ptolemy/actor/lib/hoc/test/auto/DEInPNInRunCompositeActor.xml
13 ms. Memory: 208384K Free: 195939K (94%)
----------------- Invoking toplevel() on ptolemy.moml.MoMLSimpleApplication@114dd0db
----------------- Done invoking toplevel() on ptolemy.moml.MoMLSimpleApplication@114dd0db
reloadAllAccessors: .DEInPNInRunCompositeActor

===========================================================================================
----------------- testing Tue Jul 17 01:35:06 UTC 2018 /home/travis/build/icyphy/ptII/ptolemy/actor/lib/hoc/test/auto/DFTSubSetTest.xml
----------------- Instantiating /home/travis/build/icyphy/ptII/ptolemy/actor/lib/hoc/test/auto/DFTSubSetTest.xml
193 ms. Memory: 208384K Free: 148281K (71%)
----------------- Invoking toplevel() on ptolemy.moml.MoMLSimpleApplication@5fa7103c
----------------- Done invoking toplevel() on ptolemy.moml.MoMLSimpleApplication@5fa7103c
reloadAllAccessors: .DFTSubSetTest

===========================================================================================
----------------- testing Tue Jul 17 01:35:06 UTC 2018 /home/travis/build/icyphy/ptII/ptolemy/actor/lib/hoc/test/auto/HocDE.xml
----------------- Instantiating /home/travis/build/icyphy/ptII/ptolemy/actor/lib/hoc/test/auto/HocDE.xml
154 ms. Memory: 208384K Free: 121215K (58%)
----------------- Invoking toplevel() on ptolemy.moml.MoMLSimpleApplication@1d13bde7
----------------- Done invoking toplevel() on ptolemy.moml.MoMLSimpleApplication@1d13bde7
reloadAllAccessors: .HocDE

===========================================================================================
----------------- testing Tue Jul 17 01:35:06 UTC 2018 /home/travis/build/icyphy/ptII/ptolemy/actor/lib/hoc/test/auto/IterateOverArray.xml
----------------- Instantiating /home/travis/build/icyphy/ptII/ptolemy/actor/lib/hoc/test/auto/IterateOverArray.xml
7 ms. Memory: 208384K Free: 114831K (55%)
----------------- Invoking toplevel() on ptolemy.moml.MoMLSimpleApplication@4c7f079e
----------------- Done invoking toplevel() on ptolemy.moml.MoMLSimpleApplication@4c7f079e
reloadAllAccessors: .IterateOverArray

===========================================================================================
----------------- testing Tue Jul 17 01:35:06 UTC 2018 /home/travis/build/icyphy/ptII/ptolemy/actor/lib/hoc/test/auto/IterateOverArray10.xml
----------------- Instantiating /home/travis/build/icyphy/ptII/ptolemy/actor/lib/hoc/test/auto/IterateOverArray10.xml
2 ms. Memory: 208384K Free: 110735K (53%)
----------------- Invoking toplevel() on ptolemy.moml.MoMLSimpleApplication@16d46107
----------------- Done invoking toplevel() on ptolemy.moml.MoMLSimpleApplication@16d46107
reloadAllAccessors: .IterateOverArray10

===========================================================================================
----------------- testing Tue Jul 17 01:35:06 UTC 2018 /home/travis/build/icyphy/ptII/ptolemy/actor/lib/hoc/test/auto/IterateOverArray11.xml
----------------- Instantiating /home/travis/build/icyphy/ptII/ptolemy/actor/lib/hoc/test/auto/IterateOverArray11.xml
4 ms. Memory: 208384K Free: 105185K (50%)
----------------- Invoking toplevel() on ptolemy.moml.MoMLSimpleApplication@25fc91b6
----------------- Done invoking toplevel() on ptolemy.moml.MoMLSimpleApplication@25fc91b6
reloadAllAccessors: .IterateOverArray11

===========================================================================================
----------------- testing Tue Jul 17 01:35:06 UTC 2018 /home/travis/build/icyphy/ptII/ptolemy/actor/lib/hoc/test/auto/IterateOverArray12.xml
----------------- Instantiating /home/travis/build/icyphy/ptII/ptolemy/actor/lib/hoc/test/auto/IterateOverArray12.xml
21 ms. Memory: 208384K Free: 97796K (47%)
----------------- Invoking toplevel() on ptolemy.moml.MoMLSimpleApplication@5bc782a6
----------------- Done invoking toplevel() on ptolemy.moml.MoMLSimpleApplication@5bc782a6
reloadAllAccessors: .IterateOverArray12

===========================================================================================
----------------- testing Tue Jul 17 01:35:06 UTC 2018 /home/travis/build/icyphy/ptII/ptolemy/actor/lib/hoc/test/auto/IterateOverArray13.xml
----------------- Instantiating /home/travis/build/icyphy/ptII/ptolemy/actor/lib/hoc/test/auto/IterateOverArray13.xml
81 ms. Memory: 331264K Free: 311812K (94%)
----------------- Invoking toplevel() on ptolemy.moml.MoMLSimpleApplication@4da281ec
----------------- Done invoking toplevel() on ptolemy.moml.MoMLSimpleApplication@4da281ec
reloadAllAccessors: .IterateOverArray13

===========================================================================================
----------------- testing Tue Jul 17 01:35:06 UTC 2018 /home/travis/build/icyphy/ptII/ptolemy/actor/lib/hoc/test/auto/IterateOverArray14.xml
----------------- Instantiating /home/travis/build/icyphy/ptII/ptolemy/actor/lib/hoc/test/auto/IterateOverArray14.xml
67 ms. Memory: 331264K Free: 275074K (83%)
----------------- Invoking toplevel() on ptolemy.moml.MoMLSimpleApplication@76375363
----------------- Done invoking toplevel() on ptolemy.moml.MoMLSimpleApplication@76375363
reloadAllAccessors: .IterateOverArray14

===========================================================================================
----------------- testing Tue Jul 17 01:35:07 UTC 2018 /home/travis/build/icyphy/ptII/ptolemy/actor/lib/hoc/test/auto/IterateOverArray2.xml
----------------- Instantiating /home/travis/build/icyphy/ptII/ptolemy/actor/lib/hoc/test/auto/IterateOverArray2.xml
11 ms. Memory: 331264K Free: 268547K (81%)
----------------- Invoking toplevel() on ptolemy.moml.MoMLSimpleApplication@46fd2940
----------------- Done invoking toplevel() on ptolemy.moml.MoMLSimpleApplication@46fd2940
reloadAllAccessors: .IterateOverArray2

===========================================================================================
----------------- testing Tue Jul 17 01:35:07 UTC 2018 /home/travis/build/icyphy/ptII/ptolemy/actor/lib/hoc/test/auto/IterateOverArray3.xml
----------------- Instantiating /home/travis/build/icyphy/ptII/ptolemy/actor/lib/hoc/test/auto/IterateOverArray3.xml
11 ms. Memory: 331264K Free: 259546K (78%)
----------------- Invoking toplevel() on ptolemy.moml.MoMLSimpleApplication@f36701f
----------------- Done invoking toplevel() on ptolemy.moml.MoMLSimpleApplication@f36701f
reloadAllAccessors: .IterateOverArray3

===========================================================================================
----------------- testing Tue Jul 17 01:35:07 UTC 2018 /home/travis/build/icyphy/ptII/ptolemy/actor/lib/hoc/test/auto/IterateOverArray4.xml
----------------- Instantiating /home/travis/build/icyphy/ptII/ptolemy/actor/lib/hoc/test/auto/IterateOverArray4.xml
4 ms. Memory: 331264K Free: 254651K (77%)
----------------- Invoking toplevel() on ptolemy.moml.MoMLSimpleApplication@1e18a2b9
----------------- Done invoking toplevel() on ptolemy.moml.MoMLSimpleApplication@1e18a2b9
reloadAllAccessors: .IterateOverArray4

===========================================================================================
----------------- testing Tue Jul 17 01:35:07 UTC 2018 /home/travis/build/icyphy/ptII/ptolemy/actor/lib/hoc/test/auto/IterateOverArray5.xml
----------------- Instantiating /home/travis/build/icyphy/ptII/ptolemy/actor/lib/hoc/test/auto/IterateOverArray5.xml
3 ms. Memory: 331264K Free: 249756K (75%)
----------------- Invoking toplevel() on ptolemy.moml.MoMLSimpleApplication@390ff8fb
----------------- Done invoking toplevel() on ptolemy.moml.MoMLSimpleApplication@390ff8fb
reloadAllAccessors: .IterateOverArray5

===========================================================================================
----------------- testing Tue Jul 17 01:35:07 UTC 2018 /home/travis/build/icyphy/ptII/ptolemy/actor/lib/hoc/test/auto/IterateOverArray6.xml
----------------- Instantiating /home/travis/build/icyphy/ptII/ptolemy/actor/lib/hoc/test/auto/IterateOverArray6.xml
2 ms. Memory: 331264K Free: 244018K (74%)
----------------- Invoking toplevel() on ptolemy.moml.MoMLSimpleApplication@35bf651f
----------------- Done invoking toplevel() on ptolemy.moml.MoMLSimpleApplication@35bf651f
reloadAllAccessors: .IterateOverArray6

===========================================================================================
----------------- testing Tue Jul 17 01:35:07 UTC 2018 /home/travis/build/icyphy/ptII/ptolemy/actor/lib/hoc/test/auto/IterateOverArray7.xml
----------------- Instantiating /home/travis/build/icyphy/ptII/ptolemy/actor/lib/hoc/test/auto/IterateOverArray7.xml
4 ms. Memory: 331264K Free: 239123K (72%)
----------------- Invoking toplevel() on ptolemy.moml.MoMLSimpleApplication@7f7e3002
----------------- Done invoking toplevel() on ptolemy.moml.MoMLSimpleApplication@7f7e3002
reloadAllAccessors: .IterateOverArray7

===========================================================================================
----------------- testing Tue Jul 17 01:35:07 UTC 2018 /home/travis/build/icyphy/ptII/ptolemy/actor/lib/hoc/test/auto/IterateOverArray8.xml
----------------- Instantiating /home/travis/build/icyphy/ptII/ptolemy/actor/lib/hoc/test/auto/IterateOverArray8.xml
5 ms. Memory: 331264K Free: 233385K (70%)
----------------- Invoking toplevel() on ptolemy.moml.MoMLSimpleApplication@f5359d3
----------------- Done invoking toplevel() on ptolemy.moml.MoMLSimpleApplication@f5359d3
reloadAllAccessors: .IterateOverArray8

===========================================================================================
----------------- testing Tue Jul 17 01:35:07 UTC 2018 /home/travis/build/icyphy/ptII/ptolemy/actor/lib/hoc/test/auto/IterateOverArray9.xml
----------------- Instantiating /home/travis/build/icyphy/ptII/ptolemy/actor/lib/hoc/test/auto/IterateOverArray9.xml
8 ms. Memory: 331264K Free: 228490K (69%)
----------------- Invoking toplevel() on ptolemy.moml.MoMLSimpleApplication@7e2e6319
----------------- Done invoking toplevel() on ptolemy.moml.MoMLSimpleApplication@7e2e6319
reloadAllAccessors: .IterateOverArray9

===========================================================================================
----------------- testing Tue Jul 17 01:35:07 UTC 2018 /home/travis/build/icyphy/ptII/ptolemy/actor/lib/hoc/test/auto/IterateOverArrayCoercedOutputType.xml
----------------- Instantiating /home/travis/build/icyphy/ptII/ptolemy/actor/lib/hoc/test/auto/IterateOverArrayCoercedOutputType.xml
4 ms. Memory: 331264K Free: 221964K (67%)
----------------- Invoking toplevel() on ptolemy.moml.MoMLSimpleApplication@758197bb
----------------- Done invoking toplevel() on ptolemy.moml.MoMLSimpleApplication@758197bb
reloadAllAccessors: .IterateOverArrayCoercedOutputType

===========================================================================================
----------------- testing Tue Jul 17 01:35:07 UTC 2018 /home/travis/build/icyphy/ptII/ptolemy/actor/lib/hoc/test/auto/IterateOverArrayInferredOutputType.xml
----------------- Instantiating /home/travis/build/icyphy/ptII/ptolemy/actor/lib/hoc/test/auto/IterateOverArrayInferredOutputType.xml
13 ms. Memory: 331264K Free: 214594K (65%)
----------------- Invoking toplevel() on ptolemy.moml.MoMLSimpleApplication@1f92534f
----------------- Done invoking toplevel() on ptolemy.moml.MoMLSimpleApplication@1f92534f
reloadAllAccessors: .IterateOverArrayInferredOutputType

===========================================================================================
----------------- testing Tue Jul 17 01:35:07 UTC 2018 /home/travis/build/icyphy/ptII/ptolemy/actor/lib/hoc/test/auto/MobileFunctionTest.xml
----------------- Instantiating /home/travis/build/icyphy/ptII/ptolemy/actor/lib/hoc/test/auto/MobileFunctionTest.xml
4 ms. Memory: 331264K Free: 208035K (63%)
----------------- Invoking toplevel() on ptolemy.moml.MoMLSimpleApplication@5cf11eaa
----------------- Done invoking toplevel() on ptolemy.moml.MoMLSimpleApplication@5cf11eaa
reloadAllAccessors: .MobileFunctionTest

===========================================================================================
----------------- testing Tue Jul 17 01:35:07 UTC 2018 /home/travis/build/icyphy/ptII/ptolemy/actor/lib/hoc/test/auto/MobileModelTest.xml
----------------- Instantiating /home/travis/build/icyphy/ptII/ptolemy/actor/lib/hoc/test/auto/MobileModelTest.xml
98 ms. Memory: 331264K Free: 185973K (56%)
----------------- Invoking toplevel() on ptolemy.moml.MoMLSimpleApplication@3b223c65
----------------- Done invoking toplevel() on ptolemy.moml.MoMLSimpleApplication@3b223c65
reloadAllAccessors: .MobileModelTest

===========================================================================================
----------------- testing Tue Jul 17 01:35:07 UTC 2018 /home/travis/build/icyphy/ptII/ptolemy/actor/lib/hoc/test/auto/ModelReference.xml
----------------- Instantiating /home/travis/build/icyphy/ptII/ptolemy/actor/lib/hoc/test/auto/ModelReference.xml
3 ms. Memory: 331264K Free: 176151K (53%)
2 ms. Memory: 331264K Free: 176151K (53%)
2 ms. Memory: 331264K Free: 174520K (53%)
1 ms. Memory: 331264K Free: 174520K (53%)
1 ms. Memory: 331264K Free: 172888K (52%)
2 ms. Memory: 331264K Free: 172888K (52%)
3 ms. Memory: 331264K Free: 171256K (52%)
2 ms. Memory: 331264K Free: 171256K (52%)
1 ms. Memory: 331264K Free: 169625K (51%)
2 ms. Memory: 331264K Free: 169625K (51%)
31 ms. Memory: 331264K Free: 169625K (51%)
----------------- Invoking toplevel() on ptolemy.moml.MoMLSimpleApplication@19d134f9
----------------- Done invoking toplevel() on ptolemy.moml.MoMLSimpleApplication@19d134f9
reloadAllAccessors: .ModelReference

===========================================================================================
----------------- testing Tue Jul 17 01:35:07 UTC 2018 /home/travis/build/icyphy/ptII/ptolemy/actor/lib/hoc/test/auto/ModelReference3.xml
----------------- Instantiating /home/travis/build/icyphy/ptII/ptolemy/actor/lib/hoc/test/auto/ModelReference3.xml
3 ms. Memory: 331264K Free: 164730K (50%)
4 ms. Memory: 331264K Free: 163099K (49%)
1 ms. Memory: 331264K Free: 163099K (49%)
3 ms. Memory: 331264K Free: 161467K (49%)
2 ms. Memory: 331264K Free: 161467K (49%)
2 ms. Memory: 331264K Free: 159835K (48%)
3 ms. Memory: 331264K Free: 159835K (48%)
3 ms. Memory: 331264K Free: 158204K (48%)
4 ms. Memory: 331264K Free: 158204K (48%)
2 ms. Memory: 331264K Free: 156572K (47%)
36 ms. Memory: 331264K Free: 156572K (47%)
----------------- Invoking toplevel() on ptolemy.moml.MoMLSimpleApplication@466137e0
----------------- Done invoking toplevel() on ptolemy.moml.MoMLSimpleApplication@466137e0
reloadAllAccessors: .ModelReference3

===========================================================================================
----------------- testing Tue Jul 17 01:35:07 UTC 2018 /home/travis/build/icyphy/ptII/ptolemy/actor/lib/hoc/test/auto/ModelReference4.xml
----------------- Instantiating /home/travis/build/icyphy/ptII/ptolemy/actor/lib/hoc/test/auto/ModelReference4.xml
4 ms. Memory: 331264K Free: 149202K (45%)
8 ms. Memory: 331264K Free: 147571K (45%)
13 ms. Memory: 331264K Free: 145939K (44%)
10 ms. Memory: 331264K Free: 144308K (44%)
2 ms. Memory: 331264K Free: 141045K (43%)
5 ms. Memory: 331264K Free: 139413K (42%)
2 ms. Memory: 331264K Free: 137781K (42%)
4 ms. Memory: 331264K Free: 136150K (41%)
2 ms. Memory: 331264K Free: 134518K (41%)
2 ms. Memory: 331264K Free: 132887K (40%)
10036 ms. Memory: 331264K Free: 132887K (40%)
----------------- Invoking toplevel() on ptolemy.moml.MoMLSimpleApplication@5157b55
----------------- Done invoking toplevel() on ptolemy.moml.MoMLSimpleApplication@5157b55
reloadAllAccessors: .ModelReference4

===========================================================================================
----------------- testing Tue Jul 17 01:35:17 UTC 2018 /home/travis/build/icyphy/ptII/ptolemy/actor/lib/hoc/test/auto/MultiInstanceComposite.xml
----------------- Instantiating /home/travis/build/icyphy/ptII/ptolemy/actor/lib/hoc/test/auto/MultiInstanceComposite.xml
29 ms. Memory: 331264K Free: 114939K (35%)
----------------- Invoking toplevel() on ptolemy.moml.MoMLSimpleApplication@7dee4cf2
----------------- Done invoking toplevel() on ptolemy.moml.MoMLSimpleApplication@7dee4cf2
reloadAllAccessors: .MultiInstanceComposite

===========================================================================================
----------------- testing Tue Jul 17 01:35:17 UTC 2018 /home/travis/build/icyphy/ptII/ptolemy/actor/lib/hoc/test/auto/MultiInstanceComposite2.xml
----------------- Instantiating /home/travis/build/icyphy/ptII/ptolemy/actor/lib/hoc/test/auto/MultiInstanceComposite2.xml
12 ms. Memory: 331264K Free: 101043K (31%)
----------------- Invoking toplevel() on ptolemy.moml.MoMLSimpleApplication@f6f0ef1
----------------- Done invoking toplevel() on ptolemy.moml.MoMLSimpleApplication@f6f0ef1
reloadAllAccessors: .MultiInstanceComposite2

===========================================================================================
----------------- testing Tue Jul 17 01:35:17 UTC 2018 /home/travis/build/icyphy/ptII/ptolemy/actor/lib/hoc/test/auto/MulticoreExecution.xml
----------------- Instantiating /home/travis/build/icyphy/ptII/ptolemy/actor/lib/hoc/test/auto/MulticoreExecution.xml
Fired ExecutionTime: 2400000
Fired ExecutionTime: 3200000
Fired ExecutionTime: 2800000
Fired ExecutionTime: 2800000
Fired ExecutionTime: 4800000
Fired ExecutionTime: 12400000
Fired ExecutionTime: 42400000
Fired ExecutionTime: 20000000
Fired ExecutionTime: 21600000
Fired ExecutionTime: 24800000
Fired ExecutionTime: 32000000
Fired ExecutionTime: 33200000
Fired ExecutionTime: 70000000
Fired ExecutionTime: 73200000
Fired ExecutionTime: 96400000
Fired ExecutionTime: 72000000
Fired ExecutionTime: 140000000
Fired ExecutionTime: 137200000
Fired ExecutionTime: 154000000
Fired ExecutionTime: 150800000
1109 ms. Memory: 331264K Free: 87990K (27%)
----------------- Invoking toplevel() on ptolemy.moml.MoMLSimpleApplication@4c3dba5b
----------------- Done invoking toplevel() on ptolemy.moml.MoMLSimpleApplication@4c3dba5b
reloadAllAccessors: .MulticoreExecution

===========================================================================================
----------------- testing Tue Jul 17 01:35:19 UTC 2018 /home/travis/build/icyphy/ptII/ptolemy/actor/lib/hoc/test/auto/ParallelExecution.xml
----------------- Instantiating /home/travis/build/icyphy/ptII/ptolemy/actor/lib/hoc/test/auto/ParallelExecution.xml
932 ms. Memory: 332288K Free: 319959K (96%)
----------------- Invoking toplevel() on ptolemy.moml.MoMLSimpleApplication@f2b390a
----------------- Done invoking toplevel() on ptolemy.moml.MoMLSimpleApplication@f2b390a
reloadAllAccessors: .ParallelExecution

===========================================================================================
----------------- testing Tue Jul 17 01:35:19 UTC 2018 /home/travis/build/icyphy/ptII/ptolemy/actor/lib/hoc/test/auto/RunCompositeActor.xml
----------------- Instantiating /home/travis/build/icyphy/ptII/ptolemy/actor/lib/hoc/test/auto/RunCompositeActor.xml
9 ms. Memory: 332288K Free: 309937K (93%)
----------------- Invoking toplevel() on ptolemy.moml.MoMLSimpleApplication@6042a70a
----------------- Done invoking toplevel() on ptolemy.moml.MoMLSimpleApplication@6042a70a
reloadAllAccessors: .RunCompositeActor

===========================================================================================
----------------- testing Tue Jul 17 01:35:20 UTC 2018 /home/travis/build/icyphy/ptII/ptolemy/actor/lib/hoc/test/auto/RunCompositeActor2.xml
----------------- Instantiating /home/travis/build/icyphy/ptII/ptolemy/actor/lib/hoc/test/auto/RunCompositeActor2.xml
8 ms. Memory: 332288K Free: 301938K (91%)
----------------- Invoking toplevel() on ptolemy.moml.MoMLSimpleApplication@726d548e
----------------- Done invoking toplevel() on ptolemy.moml.MoMLSimpleApplication@726d548e
reloadAllAccessors: .RunCompositeActor2

===========================================================================================
----------------- testing Tue Jul 17 01:35:20 UTC 2018 /home/travis/build/icyphy/ptII/ptolemy/actor/lib/hoc/test/auto/RunCompositeActor3.xml
----------------- Instantiating /home/travis/build/icyphy/ptII/ptolemy/actor/lib/hoc/test/auto/RunCompositeActor3.xml
2 ms. Memory: 332288K Free: 295788K (89%)
----------------- Invoking toplevel() on ptolemy.moml.MoMLSimpleApplication@7a7e0a1c
----------------- Done invoking toplevel() on ptolemy.moml.MoMLSimpleApplication@7a7e0a1c
reloadAllAccessors: .RunCompositeActor3

===========================================================================================
----------------- testing Tue Jul 17 01:35:20 UTC 2018 /home/travis/build/icyphy/ptII/ptolemy/actor/lib/hoc/test/auto/RunCompositeActor4.xml
----------------- Instantiating /home/travis/build/icyphy/ptII/ptolemy/actor/lib/hoc/test/auto/RunCompositeActor4.xml
9 ms. Memory: 332288K Free: 285221K (86%)
----------------- Invoking toplevel() on ptolemy.moml.MoMLSimpleApplication@66d4322f
----------------- Done invoking toplevel() on ptolemy.moml.MoMLSimpleApplication@66d4322f
reloadAllAccessors: .RunCompositeActor4

===========================================================================================
----------------- testing Tue Jul 17 01:35:20 UTC 2018 /home/travis/build/icyphy/ptII/ptolemy/actor/lib/hoc/test/auto/RunCompositeIterateOverArray.xml
----------------- Instantiating /home/travis/build/icyphy/ptII/ptolemy/actor/lib/hoc/test/auto/RunCompositeIterateOverArray.xml
4 ms. Memory: 332288K Free: 277855K (84%)
----------------- Invoking toplevel() on ptolemy.moml.MoMLSimpleApplication@30adbe15
----------------- Done invoking toplevel() on ptolemy.moml.MoMLSimpleApplication@30adbe15
reloadAllAccessors: .RunCompositeIterateOverArray

===========================================================================================
----------------- testing Tue Jul 17 01:35:20 UTC 2018 /home/travis/build/icyphy/ptII/ptolemy/actor/lib/hoc/test/auto/ThreadedJS.xml
----------------- Instantiating /home/travis/build/icyphy/ptII/ptolemy/actor/lib/hoc/test/auto/ThreadedJS.xml
1825 ms. Memory: 543232K Free: 166145K (31%)
----------------- Invoking toplevel() on ptolemy.moml.MoMLSimpleApplication@6bba8f0b
----------------- Done invoking toplevel() on ptolemy.moml.MoMLSimpleApplication@6bba8f0b
reloadAllAccessors: .ThreadedJS
AutoTests.java: About to close Vertx.
AutoTests.java: Vertx closed.
]]></system-out>
  <system-err><![CDATA[java.lang.RuntimeException: Execution failed
	at ptolemy.moml.MoMLSimpleApplication$UnloadThread.run(MoMLSimpleApplication.java:402)
Caused by: ptolemy.kernel.util.IllegalActionException: initialize() was called after wrapup() was called but preinitialize() was not called after wrapup().
	at ptolemy.actor.lib.hoc.test.PreinitializeMustBeInvoked.initialize(PreinitializeMustBeInvoked.java:78)
	at ptolemy.actor.Director.initialize(Director.java:938)
	at ptolemy.actor.Director.initialize(Director.java:907)
	at ptolemy.actor.sched.StaticSchedulingDirector.initialize(StaticSchedulingDirector.java:159)
	at ptolemy.domains.sdf.kernel.SDFDirector.initialize(SDFDirector.java:544)
	at ptolemy.actor.CompositeActor.initialize(CompositeActor.java:935)
	at ptolemy.actor.lib.hoc.LifeCycleManager._executeInsideModel(LifeCycleManager.java:339)
	at ptolemy.actor.lib.hoc.RunCompositeActor.fire(RunCompositeActor.java:205)
	at ptolemy.actor.CompositeActor.iterate(CompositeActor.java:1146)
	at ptolemy.actor.sched.StaticSchedulingDirector.fire(StaticSchedulingDirector.java:216)
	at ptolemy.domains.sdf.kernel.SDFDirector.fire(SDFDirector.java:500)
	at ptolemy.actor.CompositeActor.fire(CompositeActor.java:455)
	at ptolemy.actor.Manager.iterate(Manager.java:851)
	at ptolemy.actor.Manager.execute(Manager.java:369)
	at ptolemy.actor.Manager.run(Manager.java:1263)
	at ptolemy.actor.Manager$PtolemyRunThread.run(Manager.java:1915)
java.lang.reflect.InvocationTargetException
	at sun.reflect.NativeConstructorAccessorImpl.newInstance0(Native Method)
	at sun.reflect.NativeConstructorAccessorImpl.newInstance(NativeConstructorAccessorImpl.java:62)
	at sun.reflect.DelegatingConstructorAccessorImpl.newInstance(DelegatingConstructorAccessorImpl.java:45)
	at java.lang.reflect.Constructor.newInstance(Constructor.java:423)
	at ptolemy.util.test.junit.AutoKnownFailedTests.RunModel(AutoKnownFailedTests.java:107)
	at sun.reflect.NativeMethodAccessorImpl.invoke0(Native Method)
	at sun.reflect.NativeMethodAccessorImpl.invoke(NativeMethodAccessorImpl.java:62)
	at sun.reflect.DelegatingMethodAccessorImpl.invoke(DelegatingMethodAccessorImpl.java:43)
	at java.lang.reflect.Method.invoke(Method.java:498)
	at org.junit.runners.model.FrameworkMethod$1.runReflectiveCall(FrameworkMethod.java:44)
	at org.junit.internal.runners.model.ReflectiveCallable.run(ReflectiveCallable.java:15)
	at org.junit.runners.model.FrameworkMethod.invokeExplosively(FrameworkMethod.java:41)
	at junitparams.internal.InvokeParameterisedMethod.evaluate(InvokeParameterisedMethod.java:102)
	at org.junit.internal.runners.statements.FailOnTimeout$1.run(FailOnTimeout.java:28)
Caused by: ptolemy.kernel.util.IllegalActionException: initialize() was called after wrapup() was called but preinitialize() was not called after wrapup().
	at ptolemy.actor.lib.hoc.test.PreinitializeMustBeInvoked.initialize(PreinitializeMustBeInvoked.java:78)
	at ptolemy.actor.Director.initialize(Director.java:938)
	at ptolemy.actor.Director.initialize(Director.java:907)
	at ptolemy.actor.sched.StaticSchedulingDirector.initialize(StaticSchedulingDirector.java:159)
	at ptolemy.domains.sdf.kernel.SDFDirector.initialize(SDFDirector.java:544)
	at ptolemy.actor.CompositeActor.initialize(CompositeActor.java:935)
	at ptolemy.actor.lib.hoc.LifeCycleManager._executeInsideModel(LifeCycleManager.java:339)
	at ptolemy.actor.lib.hoc.RunCompositeActor.fire(RunCompositeActor.java:205)
	at ptolemy.actor.CompositeActor.iterate(CompositeActor.java:1146)
	at ptolemy.actor.sched.StaticSchedulingDirector.fire(StaticSchedulingDirector.java:216)
	at ptolemy.domains.sdf.kernel.SDFDirector.fire(SDFDirector.java:500)
	at ptolemy.actor.CompositeActor.fire(CompositeActor.java:455)
	at ptolemy.actor.Manager.iterate(Manager.java:851)
	at ptolemy.actor.Manager.execute(Manager.java:369)
	at ptolemy.actor.Manager.run(Manager.java:1263)
	at ptolemy.actor.Manager$PtolemyRunThread.run(Manager.java:1915)
]]></system-err>
</testsuite>
