<?xml version="1.0" encoding="UTF-8" ?>
<testsuite errors="0" failures="0" hostname="travis-job-69db0f22-08a6-455c-bda2-1cd6e1fb4002" name="ptolemy.domains.sdf.test.junit.JUnitTclTest" skipped="0" tests="66" time="22.049" timestamp="2019-10-02T06:08:05">
  <properties>
[...]
</properties>
  <testcase classname="ptolemy.util.test.junit.TclTests" name="[0] /home/travis/build/icyphy/ptII/ptolemy/domains/sdf/test/SDFSchedulerErrors.tcl (RunTclFile)" time="0.929" />
  <testcase classname="ptolemy.util.test.junit.TclTests" name="[1] /home/travis/build/icyphy/ptII/ptolemy/domains/sdf/test/composition.tcl (RunTclFile)" time="0.205" />
  <testcase classname="ptolemy.util.test.junit.TclTests" name="[2] /home/travis/build/icyphy/ptII/ptolemy/domains/sdf/test/cycle.tcl (RunTclFile)" time="0.11" />
  <testcase classname="ptolemy.util.test.junit.AutoKnownFailedTests" name="[0] ThereAreNoKnowFailedTests (RunModel)" time="0.014" />
  <testcase classname="ptolemy.util.test.junit.AutoNameArchTests" name="[0] ThereAreNoAutoArchTests (RunModel)" time="0.004" />
  <testcase classname="ptolemy.util.test.junit.AutoTests" name="[0] /home/travis/build/icyphy/ptII/ptolemy/domains/sdf/test/auto/Array.xml (RunModel)" time="0.31" />
  <testcase classname="ptolemy.util.test.junit.AutoTests" name="[1] /home/travis/build/icyphy/ptII/ptolemy/domains/sdf/test/auto/Butterfly.xml (RunModel)" time="0.16" />
  <testcase classname="ptolemy.util.test.junit.AutoTests" name="[2] /home/travis/build/icyphy/ptII/ptolemy/domains/sdf/test/auto/Expression.xml (RunModel)" time="0.139" />
  <testcase classname="ptolemy.util.test.junit.AutoTests" name="[3] /home/travis/build/icyphy/ptII/ptolemy/domains/sdf/test/auto/Eye.xml (RunModel)" time="0.367" />
  <testcase classname="ptolemy.util.test.junit.AutoTests" name="[4] /home/travis/build/icyphy/ptII/ptolemy/domains/sdf/test/auto/FixFIR.xml (RunModel)" time="0.404" />
  <testcase classname="ptolemy.util.test.junit.AutoTests" name="[5] /home/travis/build/icyphy/ptII/ptolemy/domains/sdf/test/auto/FixPoint.xml (RunModel)" time="0.031" />
  <testcase classname="ptolemy.util.test.junit.AutoTests" name="[6] /home/travis/build/icyphy/ptII/ptolemy/domains/sdf/test/auto/Gravitation.xml (RunModel)" time="3.334" />
  <testcase classname="ptolemy.util.test.junit.AutoTests" name="[7] /home/travis/build/icyphy/ptII/ptolemy/domains/sdf/test/auto/GravitationWithCollisionDetection.xml (RunModel)" time="7.377" />
  <testcase classname="ptolemy.util.test.junit.AutoTests" name="[8] /home/travis/build/icyphy/ptII/ptolemy/domains/sdf/test/auto/HDF.xml (RunModel)" time="0.107" />
  <testcase classname="ptolemy.util.test.junit.AutoTests" name="[9] /home/travis/build/icyphy/ptII/ptolemy/domains/sdf/test/auto/HDFwithTransientStates.xml (RunModel)" time="0.123" />
  <testcase classname="ptolemy.util.test.junit.AutoTests" name="[10] /home/travis/build/icyphy/ptII/ptolemy/domains/sdf/test/auto/HTVQ.xml (RunModel)" time="0.901" />
  <testcase classname="ptolemy.util.test.junit.AutoTests" name="[11] /home/travis/build/icyphy/ptII/ptolemy/domains/sdf/test/auto/InferInitProduction.xml (RunModel)" time="0.04" />
  <testcase classname="ptolemy.util.test.junit.AutoTests" name="[12] /home/travis/build/icyphy/ptII/ptolemy/domains/sdf/test/auto/InferInitProductionDeeper.xml (RunModel)" time="0.027" />
  <testcase classname="ptolemy.util.test.junit.AutoTests" name="[13] /home/travis/build/icyphy/ptII/ptolemy/domains/sdf/test/auto/LMSAdaptive.xml (RunModel)" time="0.097" />
  <testcase classname="ptolemy.util.test.junit.AutoTests" name="[14] /home/travis/build/icyphy/ptII/ptolemy/domains/sdf/test/auto/LogisticMap.xml (RunModel)" time="0.491" />
  <testcase classname="ptolemy.util.test.junit.AutoTests" name="[15] /home/travis/build/icyphy/ptII/ptolemy/domains/sdf/test/auto/MaximumEntropySpectrum.xml (RunModel)" time="0.319" />
  <testcase classname="ptolemy.util.test.junit.AutoTests" name="[16] /home/travis/build/icyphy/ptII/ptolemy/domains/sdf/test/auto/MultirateSDF.xml (RunModel)" time="0.066" />
  <testcase classname="ptolemy.util.test.junit.AutoTests" name="[17] /home/travis/build/icyphy/ptII/ptolemy/domains/sdf/test/auto/MultirateSDFwithTransientStates.xml (RunModel)" time="0.105" />
  <testcase classname="ptolemy.util.test.junit.AutoTests" name="[18] /home/travis/build/icyphy/ptII/ptolemy/domains/sdf/test/auto/NoisySinewave.xml (RunModel)" time="0.089" />
  <testcase classname="ptolemy.util.test.junit.AutoTests" name="[19] /home/travis/build/icyphy/ptII/ptolemy/domains/sdf/test/auto/Objects.xml (RunModel)" time="0.045" />
  <testcase classname="ptolemy.util.test.junit.AutoTests" name="[20] /home/travis/build/icyphy/ptII/ptolemy/domains/sdf/test/auto/OrthogonalCom.xml (RunModel)" time="0.042" />
  <testcase classname="ptolemy.util.test.junit.AutoTests" name="[21] /home/travis/build/icyphy/ptII/ptolemy/domains/sdf/test/auto/RijndaelEncryption.xml (RunModel)" time="0.503" />
  <testcase classname="ptolemy.util.test.junit.AutoTests" name="[22] /home/travis/build/icyphy/ptII/ptolemy/domains/sdf/test/auto/SDFEmptyIterations.xml (RunModel)" time="0.035" />
  <testcase classname="ptolemy.util.test.junit.AutoTests" name="[23] /home/travis/build/icyphy/ptII/ptolemy/domains/sdf/test/auto/Spectrum.xml (RunModel)" time="0.106" />
  <testcase classname="ptolemy.util.test.junit.AutoTests" name="[24] /home/travis/build/icyphy/ptII/ptolemy/domains/sdf/test/auto/de_inside_sdf.xml (RunModel)" time="0.033" />
  <testcase classname="ptolemy.util.test.junit.AutoTests" name="[25] /home/travis/build/icyphy/ptII/ptolemy/domains/sdf/test/auto/disconnectedHierarchicalSDF.xml (RunModel)" time="0.021" />
  <testcase classname="ptolemy.util.test.junit.AutoTests" name="[26] /home/travis/build/icyphy/ptII/ptolemy/domains/sdf/test/auto/disconnectedSDF.xml (RunModel)" time="0.017" />
  <testcase classname="ptolemy.util.test.junit.AutoTests" name="[27] /home/travis/build/icyphy/ptII/ptolemy/domains/sdf/test/auto/emptyRefinement.xml (RunModel)" time="0.017" />
  <testcase classname="ptolemy.util.test.junit.AutoTests" name="[28] /home/travis/build/icyphy/ptII/ptolemy/domains/sdf/test/auto/filePortParameter.xml (RunModel)" time="0.058" />
  <testcase classname="ptolemy.util.test.junit.AutoTests" name="[29] /home/travis/build/icyphy/ptII/ptolemy/domains/sdf/test/auto/inferRelationWidth1.xml (RunModel)" time="0.017" />
  <testcase classname="ptolemy.util.test.junit.AutoTests" name="[30] /home/travis/build/icyphy/ptII/ptolemy/domains/sdf/test/auto/initProductionInference.xml (RunModel)" time="0.029" />
  <testcase classname="ptolemy.util.test.junit.AutoTests" name="[31] /home/travis/build/icyphy/ptII/ptolemy/domains/sdf/test/auto/relationGroup.xml (RunModel)" time="0.021" />
  <testcase classname="ptolemy.util.test.junit.AutoTests" name="[32] /home/travis/build/icyphy/ptII/ptolemy/domains/sdf/test/auto/relationGroup10.xml (RunModel)" time="0.018" />
  <testcase classname="ptolemy.util.test.junit.AutoTests" name="[33] /home/travis/build/icyphy/ptII/ptolemy/domains/sdf/test/auto/relationGroup11.xml (RunModel)" time="0.021" />
  <testcase classname="ptolemy.util.test.junit.AutoTests" name="[34] /home/travis/build/icyphy/ptII/ptolemy/domains/sdf/test/auto/relationGroup12.xml (RunModel)" time="0.012" />
  <testcase classname="ptolemy.util.test.junit.AutoTests" name="[35] /home/travis/build/icyphy/ptII/ptolemy/domains/sdf/test/auto/relationGroup13.xml (RunModel)" time="0.024" />
  <testcase classname="ptolemy.util.test.junit.AutoTests" name="[36] /home/travis/build/icyphy/ptII/ptolemy/domains/sdf/test/auto/relationGroup14.xml (RunModel)" time="0.019" />
  <testcase classname="ptolemy.util.test.junit.AutoTests" name="[37] /home/travis/build/icyphy/ptII/ptolemy/domains/sdf/test/auto/relationGroup15.xml (RunModel)" time="0.016" />
  <testcase classname="ptolemy.util.test.junit.AutoTests" name="[38] /home/travis/build/icyphy/ptII/ptolemy/domains/sdf/test/auto/relationGroup2.xml (RunModel)" time="0.016" />
  <testcase classname="ptolemy.util.test.junit.AutoTests" name="[39] /home/travis/build/icyphy/ptII/ptolemy/domains/sdf/test/auto/relationGroup3.xml (RunModel)" time="0.016" />
  <testcase classname="ptolemy.util.test.junit.AutoTests" name="[40] /home/travis/build/icyphy/ptII/ptolemy/domains/sdf/test/auto/relationGroup4.xml (RunModel)" time="0.011" />
  <testcase classname="ptolemy.util.test.junit.AutoTests" name="[41] /home/travis/build/icyphy/ptII/ptolemy/domains/sdf/test/auto/relationGroup5.xml (RunModel)" time="0.01" />
  <testcase classname="ptolemy.util.test.junit.AutoTests" name="[42] /home/travis/build/icyphy/ptII/ptolemy/domains/sdf/test/auto/relationGroup6.xml (RunModel)" time="0.011" />
  <testcase classname="ptolemy.util.test.junit.AutoTests" name="[43] /home/travis/build/icyphy/ptII/ptolemy/domains/sdf/test/auto/relationGroup7.xml (RunModel)" time="0.009" />
  <testcase classname="ptolemy.util.test.junit.AutoTests" name="[44] /home/travis/build/icyphy/ptII/ptolemy/domains/sdf/test/auto/relationGroup8.xml (RunModel)" time="0.009" />
  <testcase classname="ptolemy.util.test.junit.AutoTests" name="[45] /home/travis/build/icyphy/ptII/ptolemy/domains/sdf/test/auto/relationGroup9.xml (RunModel)" time="0.017" />
  <testcase classname="ptolemy.util.test.junit.AutoTests" name="[46] /home/travis/build/icyphy/ptII/ptolemy/domains/sdf/test/auto/sdf_inside_de.xml (RunModel)" time="0.041" />
  <testcase classname="ptolemy.util.test.junit.AutoTests" name="[47] /home/travis/build/icyphy/ptII/ptolemy/domains/sdf/test/auto/sdf_inside_pn.xml (RunModel)" time="0.068" />
  <testcase classname="ptolemy.util.test.junit.AutoTests" name="[48] /home/travis/build/icyphy/ptII/ptolemy/domains/sdf/test/auto/sdf_sdf1.xml (RunModel)" time="0.028" />
  <testcase classname="ptolemy.util.test.junit.AutoTests" name="[49] /home/travis/build/icyphy/ptII/ptolemy/domains/sdf/test/auto/test1.xml (RunModel)" time="0.017" />
  <testcase classname="ptolemy.util.test.junit.AutoTests" name="[50] /home/travis/build/icyphy/ptII/ptolemy/domains/sdf/test/auto/time1.xml (RunModel)" time="0.013" />
  <testcase classname="ptolemy.util.test.junit.AutoTests" name="[51] /home/travis/build/icyphy/ptII/ptolemy/domains/sdf/test/auto/time2.xml (RunModel)" time="0.01" />
  <testcase classname="ptolemy.util.test.junit.AutoTests" name="[52] /home/travis/build/icyphy/ptII/ptolemy/domains/sdf/test/auto/time3.xml (RunModel)" time="0.024" />
  <testcase classname="ptolemy.util.test.junit.AutoTests" name="[53] /home/travis/build/icyphy/ptII/ptolemy/domains/sdf/test/auto/time4.xml (RunModel)" time="0.016" />
  <testcase classname="ptolemy.util.test.junit.AutoTests" name="[54] /home/travis/build/icyphy/ptII/ptolemy/domains/sdf/test/auto/time5.xml (RunModel)" time="4.01" />
  <testcase classname="ptolemy.util.test.junit.AutoTests" name="[55] /home/travis/build/icyphy/ptII/ptolemy/domains/sdf/test/auto/typeSystem_Const_Integer_smallest_Type.xml (RunModel)" time="0.035" />
  <testcase classname="ptolemy.util.test.junit.AutoTests" name="[56] /home/travis/build/icyphy/ptII/ptolemy/domains/sdf/test/auto/typeSystem_declared_Inports_OutportTypeException.xml (RunModel)" time="0.025" />
  <testcase classname="ptolemy.util.test.junit.AutoTests" name="[57] /home/travis/build/icyphy/ptII/ptolemy/domains/sdf/test/auto/typeSystem_oneDeclaredInportType_wrongTypeOutport.xml (RunModel)" time="0.018" />
  <testcase classname="ptolemy.util.test.junit.AutoTests" name="[58] /home/travis/build/icyphy/ptII/ptolemy/domains/sdf/test/auto/width.xml (RunModel)" time="0.016" />
  <testcase classname="ptolemy.util.test.junit.AutoTests" name="[59] /home/travis/build/icyphy/ptII/ptolemy/domains/sdf/test/auto/width2.xml (RunModel)" time="0.046" />
  <testcase classname="ptolemy.util.test.junit.AutoTests" name="[60] /home/travis/build/icyphy/ptII/ptolemy/domains/sdf/test/auto/width3.xml (RunModel)" time="0.041" />
  <system-out><![CDATA[/home/travis/build/icyphy/ptII/ptolemy/domains/sdf/test/SDFSchedulerErrors.tcl
testDefs.tcl: setting time out to 9000 seconds at Wed Oct 02 06:08:05 UTC 2019
68 ms. Memory: 120832K Free: 82374K (68%)
13 ms. Memory: 120832K Free: 74696K (62%)
17 ms. Memory: 120832K Free: 68023K (56%)
6 ms. Memory: 120832K Free: 64966K (54%)
/home/travis/build/icyphy/ptII/ptolemy/domains/sdf/test/composition.tcl
43 ms. Memory: 120832K Free: 61384K (51%)
9 ms. Memory: 120832K Free: 59336K (49%)
/home/travis/build/icyphy/ptII/ptolemy/domains/sdf/test/cycle.tcl
.Toplevel.Director Preinitializing ...
Invoking preinitialize():  .Toplevel.Actor1
Invoking preinitialize():  .Toplevel.Actor2
Invoking preinitialize():  .Toplevel.Delay
.Toplevel.Director Finished preinitialize().
### Schedule:
Execute Schedule{
Fire Actor ptolemy.domains.sdf.kernel.test.SDFTestDelay {.Toplevel.Actor1}
Fire Actor ptolemy.domains.sdf.kernel.test.SDFTestDelay {.Toplevel.Actor2}
Fire Actor ptolemy.domains.sdf.lib.SampleDelay {.Toplevel.Delay}
}
### End schedule
Called initialize().
Invoking initialize():  .Toplevel.Actor1
Initializing actor: .Toplevel.Actor1.
Invoking initialize():  .Toplevel.Actor2
Initializing actor: .Toplevel.Actor2.
Invoking initialize():  .Toplevel.Delay
Initializing actor: .Toplevel.Delay.
Director: Called prefire().
-- Setting current time to 0.0
Director prefire returns true.
The actor .Toplevel.Actor1 will be iterated.
The actor .Toplevel.Actor1 was iterated.
The actor .Toplevel.Actor2 will be iterated.
The actor .Toplevel.Actor2 was iterated.
The actor .Toplevel.Delay will be iterated.
The actor .Toplevel.Delay was iterated.
Director: Called postfire().
Postfire returns: true
Director: Called prefire().
-- Setting current time to 0.0
Director prefire returns true.
The actor .Toplevel.Actor1 will be iterated.
The actor .Toplevel.Actor1 was iterated.
The actor .Toplevel.Actor2 will be iterated.
The actor .Toplevel.Actor2 was iterated.
The actor .Toplevel.Delay will be iterated.
The actor .Toplevel.Delay was iterated.
Director: Called postfire().
Postfire returns: true
Director: Called prefire().
-- Setting current time to 0.0
Director prefire returns true.
The actor .Toplevel.Actor1 will be iterated.
The actor .Toplevel.Actor1 was iterated.
The actor .Toplevel.Actor2 will be iterated.
The actor .Toplevel.Actor2 was iterated.
The actor .Toplevel.Delay will be iterated.
The actor .Toplevel.Delay was iterated.
Director: Called postfire().
Postfire returns: true
Director: Called prefire().
-- Setting current time to 0.0
Director prefire returns true.
The actor .Toplevel.Actor1 will be iterated.
The actor .Toplevel.Actor1 was iterated.
The actor .Toplevel.Actor2 will be iterated.
The actor .Toplevel.Actor2 was iterated.
The actor .Toplevel.Delay will be iterated.
The actor .Toplevel.Delay was iterated.
Director: Called postfire().
Postfire returns: true
Director: Called prefire().
-- Setting current time to 0.0
Director prefire returns true.
The actor .Toplevel.Actor1 will be iterated.
The actor .Toplevel.Actor1 was iterated.
The actor .Toplevel.Actor2 will be iterated.
The actor .Toplevel.Actor2 was iterated.
The actor .Toplevel.Delay will be iterated.
The actor .Toplevel.Delay was iterated.
Director: Called postfire().
Postfire returns: true
Director: Called prefire().
-- Setting current time to 0.0
Director prefire returns true.
The actor .Toplevel.Actor1 will be iterated.
The actor .Toplevel.Actor1 was iterated.
The actor .Toplevel.Actor2 will be iterated.
The actor .Toplevel.Actor2 was iterated.
The actor .Toplevel.Delay will be iterated.
The actor .Toplevel.Delay was iterated.
Reached specified number of iterations: 6
Director: Called wrapup().
57 ms. Memory: 120832K Free: 56264K (47%)
10/02/19 06:08:07
Failed: 0  Total Tests: 8  ((Passed: 8, Newly Passed: 0)  Known Failed: 0) /home/travis/build/icyphy/ptII/ptolemy/domains/sdf/test
No auto/knownFailedTests/*.xml tests in /home/travis/build/icyphy/ptII/ptolemy/domains/sdf/test
No auto/linux-amd64/*.xml tests in /home/travis/build/icyphy/ptII/ptolemy/domains/sdf/test
AutoTests.java: About to close Vertx.
AutoTests.java: Vertx closed.

===========================================================================================
----------------- testing Wed Oct 02 06:08:07 UTC 2019 /home/travis/build/icyphy/ptII/ptolemy/domains/sdf/test/auto/Array.xml
----------------- Instantiating /home/travis/build/icyphy/ptII/ptolemy/domains/sdf/test/auto/Array.xml
42 ms. Memory: 120832K Free: 97139K (80%)
----------------- Invoking toplevel() on ptolemy.moml.MoMLSimpleApplication@2b5c36b7
----------------- Done invoking toplevel() on ptolemy.moml.MoMLSimpleApplication@2b5c36b7
reloadAllAccessors: .Array

===========================================================================================
----------------- testing Wed Oct 02 06:08:07 UTC 2019 /home/travis/build/icyphy/ptII/ptolemy/domains/sdf/test/auto/Butterfly.xml
----------------- Instantiating /home/travis/build/icyphy/ptII/ptolemy/domains/sdf/test/auto/Butterfly.xml
68 ms. Memory: 120832K Free: 91559K (76%)
----------------- Invoking toplevel() on ptolemy.moml.MoMLSimpleApplication@39dea7d0
----------------- Done invoking toplevel() on ptolemy.moml.MoMLSimpleApplication@39dea7d0
reloadAllAccessors: .Butterfly

===========================================================================================
----------------- testing Wed Oct 02 06:08:07 UTC 2019 /home/travis/build/icyphy/ptII/ptolemy/domains/sdf/test/auto/Expression.xml
----------------- Instantiating /home/travis/build/icyphy/ptII/ptolemy/domains/sdf/test/auto/Expression.xml
108 ms. Memory: 120832K Free: 106267K (88%)
----------------- Invoking toplevel() on ptolemy.moml.MoMLSimpleApplication@4d5911e3
----------------- Done invoking toplevel() on ptolemy.moml.MoMLSimpleApplication@4d5911e3
reloadAllAccessors: .Expression

===========================================================================================
----------------- testing Wed Oct 02 06:08:08 UTC 2019 /home/travis/build/icyphy/ptII/ptolemy/domains/sdf/test/auto/Eye.xml
----------------- Instantiating /home/travis/build/icyphy/ptII/ptolemy/domains/sdf/test/auto/Eye.xml
187 ms. Memory: 120832K Free: 81236K (67%)
----------------- Invoking toplevel() on ptolemy.moml.MoMLSimpleApplication@7bd9af6
----------------- Done invoking toplevel() on ptolemy.moml.MoMLSimpleApplication@7bd9af6
reloadAllAccessors: .Eye

===========================================================================================
----------------- testing Wed Oct 02 06:08:08 UTC 2019 /home/travis/build/icyphy/ptII/ptolemy/domains/sdf/test/auto/FixFIR.xml
----------------- Instantiating /home/travis/build/icyphy/ptII/ptolemy/domains/sdf/test/auto/FixFIR.xml
179 ms. Memory: 120832K Free: 81333K (67%)
----------------- Invoking toplevel() on ptolemy.moml.MoMLSimpleApplication@64b520fe
----------------- Done invoking toplevel() on ptolemy.moml.MoMLSimpleApplication@64b520fe
reloadAllAccessors: .FixFIR

===========================================================================================
----------------- testing Wed Oct 02 06:08:08 UTC 2019 /home/travis/build/icyphy/ptII/ptolemy/domains/sdf/test/auto/FixPoint.xml
----------------- Instantiating /home/travis/build/icyphy/ptII/ptolemy/domains/sdf/test/auto/FixPoint.xml
10 ms. Memory: 120832K Free: 77237K (64%)
----------------- Invoking toplevel() on ptolemy.moml.MoMLSimpleApplication@63ce20a2
----------------- Done invoking toplevel() on ptolemy.moml.MoMLSimpleApplication@63ce20a2
reloadAllAccessors: .FixPoint

===========================================================================================
----------------- testing Wed Oct 02 06:08:08 UTC 2019 /home/travis/build/icyphy/ptII/ptolemy/domains/sdf/test/auto/Gravitation.xml
----------------- Instantiating /home/travis/build/icyphy/ptII/ptolemy/domains/sdf/test/auto/Gravitation.xml
3227 ms. Memory: 148480K Free: 93368K (63%)
----------------- Invoking toplevel() on ptolemy.moml.MoMLSimpleApplication@72dad3bb
----------------- Done invoking toplevel() on ptolemy.moml.MoMLSimpleApplication@72dad3bb
reloadAllAccessors: .Gravitation

===========================================================================================
----------------- testing Wed Oct 02 06:08:12 UTC 2019 /home/travis/build/icyphy/ptII/ptolemy/domains/sdf/test/auto/GravitationWithCollisionDetection.xml
----------------- Instantiating /home/travis/build/icyphy/ptII/ptolemy/domains/sdf/test/auto/GravitationWithCollisionDetection.xml
7215 ms. Memory: 309248K Free: 269620K (87%)
----------------- Invoking toplevel() on ptolemy.moml.MoMLSimpleApplication@462b5afa
----------------- Done invoking toplevel() on ptolemy.moml.MoMLSimpleApplication@462b5afa
reloadAllAccessors: .GravitationWithCollisionDetection

===========================================================================================
----------------- testing Wed Oct 02 06:08:19 UTC 2019 /home/travis/build/icyphy/ptII/ptolemy/domains/sdf/test/auto/HDF.xml
----------------- Instantiating /home/travis/build/icyphy/ptII/ptolemy/domains/sdf/test/auto/HDF.xml
31 ms. Memory: 309248K Free: 253716K (82%)
----------------- Invoking toplevel() on ptolemy.moml.MoMLSimpleApplication@192e8a73
----------------- Done invoking toplevel() on ptolemy.moml.MoMLSimpleApplication@192e8a73
reloadAllAccessors: .HDF

===========================================================================================
----------------- testing Wed Oct 02 06:08:19 UTC 2019 /home/travis/build/icyphy/ptII/ptolemy/domains/sdf/test/auto/HDFwithTransientStates.xml
----------------- Instantiating /home/travis/build/icyphy/ptII/ptolemy/domains/sdf/test/auto/HDFwithTransientStates.xml
28 ms. Memory: 309248K Free: 234804K (76%)
----------------- Invoking toplevel() on ptolemy.moml.MoMLSimpleApplication@2d78674e
----------------- Done invoking toplevel() on ptolemy.moml.MoMLSimpleApplication@2d78674e
reloadAllAccessors: .HDFwithTransientStates

===========================================================================================
----------------- testing Wed Oct 02 06:08:19 UTC 2019 /home/travis/build/icyphy/ptII/ptolemy/domains/sdf/test/auto/HTVQ.xml
----------------- Instantiating /home/travis/build/icyphy/ptII/ptolemy/domains/sdf/test/auto/HTVQ.xml
862 ms. Memory: 309248K Free: 249059K (81%)
----------------- Invoking toplevel() on ptolemy.moml.MoMLSimpleApplication@734d8462
----------------- Done invoking toplevel() on ptolemy.moml.MoMLSimpleApplication@734d8462
reloadAllAccessors: .HTVQ

===========================================================================================
----------------- testing Wed Oct 02 06:08:20 UTC 2019 /home/travis/build/icyphy/ptII/ptolemy/domains/sdf/test/auto/InferInitProduction.xml
----------------- Instantiating /home/travis/build/icyphy/ptII/ptolemy/domains/sdf/test/auto/InferInitProduction.xml
3 ms. Memory: 309248K Free: 243529K (79%)
----------------- Invoking toplevel() on ptolemy.moml.MoMLSimpleApplication@4348ffa8
----------------- Done invoking toplevel() on ptolemy.moml.MoMLSimpleApplication@4348ffa8
reloadAllAccessors: .InferInitProduction

===========================================================================================
----------------- testing Wed Oct 02 06:08:20 UTC 2019 /home/travis/build/icyphy/ptII/ptolemy/domains/sdf/test/auto/InferInitProductionDeeper.xml
----------------- Instantiating /home/travis/build/icyphy/ptII/ptolemy/domains/sdf/test/auto/InferInitProductionDeeper.xml
4 ms. Memory: 309248K Free: 237880K (77%)
----------------- Invoking toplevel() on ptolemy.moml.MoMLSimpleApplication@5aa949bb
----------------- Done invoking toplevel() on ptolemy.moml.MoMLSimpleApplication@5aa949bb
reloadAllAccessors: .InferInitProductionDeeper

===========================================================================================
----------------- testing Wed Oct 02 06:08:20 UTC 2019 /home/travis/build/icyphy/ptII/ptolemy/domains/sdf/test/auto/LMSAdaptive.xml
----------------- Instantiating /home/travis/build/icyphy/ptII/ptolemy/domains/sdf/test/auto/LMSAdaptive.xml
21 ms. Memory: 309248K Free: 228169K (74%)
----------------- Invoking toplevel() on ptolemy.moml.MoMLSimpleApplication@43872e73
----------------- Done invoking toplevel() on ptolemy.moml.MoMLSimpleApplication@43872e73
reloadAllAccessors: .LMSAdaptive

===========================================================================================
----------------- testing Wed Oct 02 06:08:20 UTC 2019 /home/travis/build/icyphy/ptII/ptolemy/domains/sdf/test/auto/LogisticMap.xml
----------------- Instantiating /home/travis/build/icyphy/ptII/ptolemy/domains/sdf/test/auto/LogisticMap.xml
443 ms. Memory: 309248K Free: 222535K (72%)
----------------- Invoking toplevel() on ptolemy.moml.MoMLSimpleApplication@63ca331f
----------------- Done invoking toplevel() on ptolemy.moml.MoMLSimpleApplication@63ca331f
reloadAllAccessors: .LogisticMap

===========================================================================================
----------------- testing Wed Oct 02 06:08:21 UTC 2019 /home/travis/build/icyphy/ptII/ptolemy/domains/sdf/test/auto/MaximumEntropySpectrum.xml
----------------- Instantiating /home/travis/build/icyphy/ptII/ptolemy/domains/sdf/test/auto/MaximumEntropySpectrum.xml
93 ms. Memory: 309248K Free: 160585K (52%)
----------------- Invoking toplevel() on ptolemy.moml.MoMLSimpleApplication@2dae45dd
----------------- Done invoking toplevel() on ptolemy.moml.MoMLSimpleApplication@2dae45dd
reloadAllAccessors: .MaximumEntropySpectrum

===========================================================================================
----------------- testing Wed Oct 02 06:08:21 UTC 2019 /home/travis/build/icyphy/ptII/ptolemy/domains/sdf/test/auto/MultirateSDF.xml
----------------- Instantiating /home/travis/build/icyphy/ptII/ptolemy/domains/sdf/test/auto/MultirateSDF.xml
21 ms. Memory: 309248K Free: 146249K (47%)
----------------- Invoking toplevel() on ptolemy.moml.MoMLSimpleApplication@46d94c0d
----------------- Done invoking toplevel() on ptolemy.moml.MoMLSimpleApplication@46d94c0d
reloadAllAccessors: .MultirateSDF

===========================================================================================
----------------- testing Wed Oct 02 06:08:21 UTC 2019 /home/travis/build/icyphy/ptII/ptolemy/domains/sdf/test/auto/MultirateSDFwithTransientStates.xml
----------------- Instantiating /home/travis/build/icyphy/ptII/ptolemy/domains/sdf/test/auto/MultirateSDFwithTransientStates.xml
20 ms. Memory: 309248K Free: 127296K (41%)
----------------- Invoking toplevel() on ptolemy.moml.MoMLSimpleApplication@65a55b1a
----------------- Done invoking toplevel() on ptolemy.moml.MoMLSimpleApplication@65a55b1a
reloadAllAccessors: .MultirateSDFwithTransientStates

===========================================================================================
----------------- testing Wed Oct 02 06:08:21 UTC 2019 /home/travis/build/icyphy/ptII/ptolemy/domains/sdf/test/auto/NoisySinewave.xml
----------------- Instantiating /home/travis/build/icyphy/ptII/ptolemy/domains/sdf/test/auto/NoisySinewave.xml
19 ms. Memory: 309248K Free: 110919K (36%)
----------------- Invoking toplevel() on ptolemy.moml.MoMLSimpleApplication@27abe56d
----------------- Done invoking toplevel() on ptolemy.moml.MoMLSimpleApplication@27abe56d
reloadAllAccessors: .NoisySinewave

===========================================================================================
----------------- testing Wed Oct 02 06:08:21 UTC 2019 /home/travis/build/icyphy/ptII/ptolemy/domains/sdf/test/auto/Objects.xml
----------------- Instantiating /home/travis/build/icyphy/ptII/ptolemy/domains/sdf/test/auto/Objects.xml
3 ms. Memory: 309248K Free: 286123K (93%)
----------------- Invoking toplevel() on ptolemy.moml.MoMLSimpleApplication@239b6339
----------------- Done invoking toplevel() on ptolemy.moml.MoMLSimpleApplication@239b6339
reloadAllAccessors: .Objects

===========================================================================================
----------------- testing Wed Oct 02 06:08:21 UTC 2019 /home/travis/build/icyphy/ptII/ptolemy/domains/sdf/test/auto/OrthogonalCom.xml
----------------- Instantiating /home/travis/build/icyphy/ptII/ptolemy/domains/sdf/test/auto/OrthogonalCom.xml
8 ms. Memory: 309248K Free: 278459K (90%)
----------------- Invoking toplevel() on ptolemy.moml.MoMLSimpleApplication@48a49abe
----------------- Done invoking toplevel() on ptolemy.moml.MoMLSimpleApplication@48a49abe
reloadAllAccessors: .OrthogonalCom

===========================================================================================
----------------- testing Wed Oct 02 06:08:22 UTC 2019 /home/travis/build/icyphy/ptII/ptolemy/domains/sdf/test/auto/RijndaelEncryption.xml
----------------- Instantiating /home/travis/build/icyphy/ptII/ptolemy/domains/sdf/test/auto/RijndaelEncryption.xml
246 ms. Memory: 309248K Free: 132027K (43%)
----------------- Invoking toplevel() on ptolemy.moml.MoMLSimpleApplication@6f6ddb70
----------------- Done invoking toplevel() on ptolemy.moml.MoMLSimpleApplication@6f6ddb70
reloadAllAccessors: .RijndaelEncryption

===========================================================================================
----------------- testing Wed Oct 02 06:08:22 UTC 2019 /home/travis/build/icyphy/ptII/ptolemy/domains/sdf/test/auto/SDFEmptyIterations.xml
----------------- Instantiating /home/travis/build/icyphy/ptII/ptolemy/domains/sdf/test/auto/SDFEmptyIterations.xml
7 ms. Memory: 309248K Free: 127403K (41%)
----------------- Invoking toplevel() on ptolemy.moml.MoMLSimpleApplication@1fb52649
----------------- Done invoking toplevel() on ptolemy.moml.MoMLSimpleApplication@1fb52649
reloadAllAccessors: .SDFEmptyIterations

===========================================================================================
----------------- testing Wed Oct 02 06:08:22 UTC 2019 /home/travis/build/icyphy/ptII/ptolemy/domains/sdf/test/auto/Spectrum.xml
----------------- Instantiating /home/travis/build/icyphy/ptII/ptolemy/domains/sdf/test/auto/Spectrum.xml
37 ms. Memory: 309248K Free: 286331K (93%)
----------------- Invoking toplevel() on ptolemy.moml.MoMLSimpleApplication@448bca53
----------------- Done invoking toplevel() on ptolemy.moml.MoMLSimpleApplication@448bca53
reloadAllAccessors: .Spectrum

===========================================================================================
----------------- testing Wed Oct 02 06:08:22 UTC 2019 /home/travis/build/icyphy/ptII/ptolemy/domains/sdf/test/auto/de_inside_sdf.xml
----------------- Instantiating /home/travis/build/icyphy/ptII/ptolemy/domains/sdf/test/auto/de_inside_sdf.xml
5 ms. Memory: 309248K Free: 280698K (91%)
----------------- Invoking toplevel() on ptolemy.moml.MoMLSimpleApplication@4b6987f5
----------------- Done invoking toplevel() on ptolemy.moml.MoMLSimpleApplication@4b6987f5
reloadAllAccessors: .de_inside_sdf

===========================================================================================
----------------- testing Wed Oct 02 06:08:22 UTC 2019 /home/travis/build/icyphy/ptII/ptolemy/domains/sdf/test/auto/disconnectedHierarchicalSDF.xml
----------------- Instantiating /home/travis/build/icyphy/ptII/ptolemy/domains/sdf/test/auto/disconnectedHierarchicalSDF.xml
5 ms. Memory: 309248K Free: 274554K (89%)
----------------- Invoking toplevel() on ptolemy.moml.MoMLSimpleApplication@23772b65
----------------- Done invoking toplevel() on ptolemy.moml.MoMLSimpleApplication@23772b65
reloadAllAccessors: .disconnectedHierarchicalSDF

===========================================================================================
----------------- testing Wed Oct 02 06:08:22 UTC 2019 /home/travis/build/icyphy/ptII/ptolemy/domains/sdf/test/auto/disconnectedSDF.xml
----------------- Instantiating /home/travis/build/icyphy/ptII/ptolemy/domains/sdf/test/auto/disconnectedSDF.xml
3 ms. Memory: 309248K Free: 270458K (87%)
----------------- Invoking toplevel() on ptolemy.moml.MoMLSimpleApplication@27bbfde3
----------------- Done invoking toplevel() on ptolemy.moml.MoMLSimpleApplication@27bbfde3
reloadAllAccessors: .disconnectedSDF

===========================================================================================
----------------- testing Wed Oct 02 06:08:22 UTC 2019 /home/travis/build/icyphy/ptII/ptolemy/domains/sdf/test/auto/emptyRefinement.xml
----------------- Instantiating /home/travis/build/icyphy/ptII/ptolemy/domains/sdf/test/auto/emptyRefinement.xml
3 ms. Memory: 309248K Free: 265848K (86%)
----------------- Invoking toplevel() on ptolemy.moml.MoMLSimpleApplication@73a93f3c
----------------- Done invoking toplevel() on ptolemy.moml.MoMLSimpleApplication@73a93f3c
reloadAllAccessors: .emptyRefinement

===========================================================================================
----------------- testing Wed Oct 02 06:08:22 UTC 2019 /home/travis/build/icyphy/ptII/ptolemy/domains/sdf/test/auto/filePortParameter.xml
----------------- Instantiating /home/travis/build/icyphy/ptII/ptolemy/domains/sdf/test/auto/filePortParameter.xml
21 ms. Memory: 309248K Free: 258680K (84%)
----------------- Invoking toplevel() on ptolemy.moml.MoMLSimpleApplication@16943e26
----------------- Done invoking toplevel() on ptolemy.moml.MoMLSimpleApplication@16943e26
reloadAllAccessors: .filePortParameter

===========================================================================================
----------------- testing Wed Oct 02 06:08:22 UTC 2019 /home/travis/build/icyphy/ptII/ptolemy/domains/sdf/test/auto/inferRelationWidth1.xml
----------------- Instantiating /home/travis/build/icyphy/ptII/ptolemy/domains/sdf/test/auto/inferRelationWidth1.xml
3 ms. Memory: 309248K Free: 255608K (83%)
----------------- Invoking toplevel() on ptolemy.moml.MoMLSimpleApplication@4527ea80
----------------- Done invoking toplevel() on ptolemy.moml.MoMLSimpleApplication@4527ea80
reloadAllAccessors: .inferRelationWidth1

===========================================================================================
----------------- testing Wed Oct 02 06:08:22 UTC 2019 /home/travis/build/icyphy/ptII/ptolemy/domains/sdf/test/auto/initProductionInference.xml
----------------- Instantiating /home/travis/build/icyphy/ptII/ptolemy/domains/sdf/test/auto/initProductionInference.xml
7 ms. Memory: 309248K Free: 251512K (81%)
----------------- Invoking toplevel() on ptolemy.moml.MoMLSimpleApplication@7fc0edc7
----------------- Done invoking toplevel() on ptolemy.moml.MoMLSimpleApplication@7fc0edc7
reloadAllAccessors: .initProductionInference

===========================================================================================
----------------- testing Wed Oct 02 06:08:22 UTC 2019 /home/travis/build/icyphy/ptII/ptolemy/domains/sdf/test/auto/relationGroup.xml
----------------- Instantiating /home/travis/build/icyphy/ptII/ptolemy/domains/sdf/test/auto/relationGroup.xml
6 ms. Memory: 309248K Free: 247930K (80%)
----------------- Invoking toplevel() on ptolemy.moml.MoMLSimpleApplication@497c13a5
----------------- Done invoking toplevel() on ptolemy.moml.MoMLSimpleApplication@497c13a5
reloadAllAccessors: .relationGroup

===========================================================================================
----------------- testing Wed Oct 02 06:08:22 UTC 2019 /home/travis/build/icyphy/ptII/ptolemy/domains/sdf/test/auto/relationGroup10.xml
----------------- Instantiating /home/travis/build/icyphy/ptII/ptolemy/domains/sdf/test/auto/relationGroup10.xml
2 ms. Memory: 309248K Free: 244344K (79%)
----------------- Invoking toplevel() on ptolemy.moml.MoMLSimpleApplication@d6ce86e
----------------- Done invoking toplevel() on ptolemy.moml.MoMLSimpleApplication@d6ce86e
reloadAllAccessors: .relationGroup10

===========================================================================================
----------------- testing Wed Oct 02 06:08:22 UTC 2019 /home/travis/build/icyphy/ptII/ptolemy/domains/sdf/test/auto/relationGroup11.xml
----------------- Instantiating /home/travis/build/icyphy/ptII/ptolemy/domains/sdf/test/auto/relationGroup11.xml
2 ms. Memory: 309248K Free: 240762K (78%)
----------------- Invoking toplevel() on ptolemy.moml.MoMLSimpleApplication@2f68ec2e
----------------- Done invoking toplevel() on ptolemy.moml.MoMLSimpleApplication@2f68ec2e
reloadAllAccessors: .relationGroup11

===========================================================================================
----------------- testing Wed Oct 02 06:08:22 UTC 2019 /home/travis/build/icyphy/ptII/ptolemy/domains/sdf/test/auto/relationGroup12.xml
----------------- Instantiating /home/travis/build/icyphy/ptII/ptolemy/domains/sdf/test/auto/relationGroup12.xml
3 ms. Memory: 309248K Free: 237176K (77%)
----------------- Invoking toplevel() on ptolemy.moml.MoMLSimpleApplication@2d9d9b54
----------------- Done invoking toplevel() on ptolemy.moml.MoMLSimpleApplication@2d9d9b54
reloadAllAccessors: .relationGroup12

===========================================================================================
----------------- testing Wed Oct 02 06:08:22 UTC 2019 /home/travis/build/icyphy/ptII/ptolemy/domains/sdf/test/auto/relationGroup13.xml
----------------- Instantiating /home/travis/build/icyphy/ptII/ptolemy/domains/sdf/test/auto/relationGroup13.xml
7 ms. Memory: 309248K Free: 232056K (75%)
----------------- Invoking toplevel() on ptolemy.moml.MoMLSimpleApplication@5d62483e
----------------- Done invoking toplevel() on ptolemy.moml.MoMLSimpleApplication@5d62483e
reloadAllAccessors: .relationGroup13

===========================================================================================
----------------- testing Wed Oct 02 06:08:23 UTC 2019 /home/travis/build/icyphy/ptII/ptolemy/domains/sdf/test/auto/relationGroup14.xml
----------------- Instantiating /home/travis/build/icyphy/ptII/ptolemy/domains/sdf/test/auto/relationGroup14.xml
3 ms. Memory: 309248K Free: 227450K (74%)
----------------- Invoking toplevel() on ptolemy.moml.MoMLSimpleApplication@763c788c
----------------- Done invoking toplevel() on ptolemy.moml.MoMLSimpleApplication@763c788c
reloadAllAccessors: .relationGroup14

===========================================================================================
----------------- testing Wed Oct 02 06:08:23 UTC 2019 /home/travis/build/icyphy/ptII/ptolemy/domains/sdf/test/auto/relationGroup15.xml
----------------- Instantiating /home/travis/build/icyphy/ptII/ptolemy/domains/sdf/test/auto/relationGroup15.xml
4 ms. Memory: 309248K Free: 223864K (72%)
----------------- Invoking toplevel() on ptolemy.moml.MoMLSimpleApplication@4c559596
----------------- Done invoking toplevel() on ptolemy.moml.MoMLSimpleApplication@4c559596
reloadAllAccessors: .relationGroup15

===========================================================================================
----------------- testing Wed Oct 02 06:08:23 UTC 2019 /home/travis/build/icyphy/ptII/ptolemy/domains/sdf/test/auto/relationGroup2.xml
----------------- Instantiating /home/travis/build/icyphy/ptII/ptolemy/domains/sdf/test/auto/relationGroup2.xml
4 ms. Memory: 309248K Free: 220786K (71%)
----------------- Invoking toplevel() on ptolemy.moml.MoMLSimpleApplication@4bfcec6d
----------------- Done invoking toplevel() on ptolemy.moml.MoMLSimpleApplication@4bfcec6d
reloadAllAccessors: .relationGroup2

===========================================================================================
----------------- testing Wed Oct 02 06:08:23 UTC 2019 /home/travis/build/icyphy/ptII/ptolemy/domains/sdf/test/auto/relationGroup3.xml
----------------- Instantiating /home/travis/build/icyphy/ptII/ptolemy/domains/sdf/test/auto/relationGroup3.xml
2 ms. Memory: 309248K Free: 217714K (70%)
----------------- Invoking toplevel() on ptolemy.moml.MoMLSimpleApplication@4f1337f4
----------------- Done invoking toplevel() on ptolemy.moml.MoMLSimpleApplication@4f1337f4
reloadAllAccessors: .relationGroup3

===========================================================================================
----------------- testing Wed Oct 02 06:08:23 UTC 2019 /home/travis/build/icyphy/ptII/ptolemy/domains/sdf/test/auto/relationGroup4.xml
----------------- Instantiating /home/travis/build/icyphy/ptII/ptolemy/domains/sdf/test/auto/relationGroup4.xml
2 ms. Memory: 309248K Free: 213624K (69%)
----------------- Invoking toplevel() on ptolemy.moml.MoMLSimpleApplication@2fc597e0
----------------- Done invoking toplevel() on ptolemy.moml.MoMLSimpleApplication@2fc597e0
reloadAllAccessors: .relationGroup4

===========================================================================================
----------------- testing Wed Oct 02 06:08:23 UTC 2019 /home/travis/build/icyphy/ptII/ptolemy/domains/sdf/test/auto/relationGroup5.xml
----------------- Instantiating /home/travis/build/icyphy/ptII/ptolemy/domains/sdf/test/auto/relationGroup5.xml
3 ms. Memory: 309248K Free: 209498K (68%)
----------------- Invoking toplevel() on ptolemy.moml.MoMLSimpleApplication@2c85f569
----------------- Done invoking toplevel() on ptolemy.moml.MoMLSimpleApplication@2c85f569
reloadAllAccessors: .relationGroup5

===========================================================================================
----------------- testing Wed Oct 02 06:08:23 UTC 2019 /home/travis/build/icyphy/ptII/ptolemy/domains/sdf/test/auto/relationGroup6.xml
----------------- Instantiating /home/travis/build/icyphy/ptII/ptolemy/domains/sdf/test/auto/relationGroup6.xml
3 ms. Memory: 309248K Free: 204922K (66%)
----------------- Invoking toplevel() on ptolemy.moml.MoMLSimpleApplication@53bd80b0
----------------- Done invoking toplevel() on ptolemy.moml.MoMLSimpleApplication@53bd80b0
reloadAllAccessors: .relationGroup6

===========================================================================================
----------------- testing Wed Oct 02 06:08:23 UTC 2019 /home/travis/build/icyphy/ptII/ptolemy/domains/sdf/test/auto/relationGroup7.xml
----------------- Instantiating /home/travis/build/icyphy/ptII/ptolemy/domains/sdf/test/auto/relationGroup7.xml
1 ms. Memory: 309248K Free: 201850K (65%)
----------------- Invoking toplevel() on ptolemy.moml.MoMLSimpleApplication@16e7be9b
----------------- Done invoking toplevel() on ptolemy.moml.MoMLSimpleApplication@16e7be9b
reloadAllAccessors: .relationGroup7

===========================================================================================
----------------- testing Wed Oct 02 06:08:23 UTC 2019 /home/travis/build/icyphy/ptII/ptolemy/domains/sdf/test/auto/relationGroup8.xml
----------------- Instantiating /home/travis/build/icyphy/ptII/ptolemy/domains/sdf/test/auto/relationGroup8.xml
2 ms. Memory: 309248K Free: 198778K (64%)
----------------- Invoking toplevel() on ptolemy.moml.MoMLSimpleApplication@abc451b
----------------- Done invoking toplevel() on ptolemy.moml.MoMLSimpleApplication@abc451b
reloadAllAccessors: .relationGroup8

===========================================================================================
----------------- testing Wed Oct 02 06:08:23 UTC 2019 /home/travis/build/icyphy/ptII/ptolemy/domains/sdf/test/auto/relationGroup9.xml
----------------- Instantiating /home/travis/build/icyphy/ptII/ptolemy/domains/sdf/test/auto/relationGroup9.xml
6 ms. Memory: 309248K Free: 194168K (63%)
----------------- Invoking toplevel() on ptolemy.moml.MoMLSimpleApplication@45f86a98
----------------- Done invoking toplevel() on ptolemy.moml.MoMLSimpleApplication@45f86a98
reloadAllAccessors: .relationGroup9

===========================================================================================
----------------- testing Wed Oct 02 06:08:23 UTC 2019 /home/travis/build/icyphy/ptII/ptolemy/domains/sdf/test/auto/sdf_inside_de.xml
----------------- Instantiating /home/travis/build/icyphy/ptII/ptolemy/domains/sdf/test/auto/sdf_inside_de.xml
12 ms. Memory: 309248K Free: 185466K (60%)
----------------- Invoking toplevel() on ptolemy.moml.MoMLSimpleApplication@1656371b
----------------- Done invoking toplevel() on ptolemy.moml.MoMLSimpleApplication@1656371b
reloadAllAccessors: .sdf_inside_de

===========================================================================================
----------------- testing Wed Oct 02 06:08:23 UTC 2019 /home/travis/build/icyphy/ptII/ptolemy/domains/sdf/test/auto/sdf_inside_pn.xml
----------------- Instantiating /home/travis/build/icyphy/ptII/ptolemy/domains/sdf/test/auto/sdf_inside_pn.xml
43 ms. Memory: 309248K Free: 176250K (57%)
----------------- Invoking toplevel() on ptolemy.moml.MoMLSimpleApplication@2ce3d656
----------------- Done invoking toplevel() on ptolemy.moml.MoMLSimpleApplication@2ce3d656
reloadAllAccessors: .sdf_inside_pn

===========================================================================================
----------------- testing Wed Oct 02 06:08:23 UTC 2019 /home/travis/build/icyphy/ptII/ptolemy/domains/sdf/test/auto/sdf_sdf1.xml
----------------- Instantiating /home/travis/build/icyphy/ptII/ptolemy/domains/sdf/test/auto/sdf_sdf1.xml
4 ms. Memory: 309248K Free: 170602K (55%)
----------------- Invoking toplevel() on ptolemy.moml.MoMLSimpleApplication@4c3a76ae
----------------- Done invoking toplevel() on ptolemy.moml.MoMLSimpleApplication@4c3a76ae
reloadAllAccessors: .sdf_sdf1

===========================================================================================
----------------- testing Wed Oct 02 06:08:23 UTC 2019 /home/travis/build/icyphy/ptII/ptolemy/domains/sdf/test/auto/test1.xml
----------------- Instantiating /home/travis/build/icyphy/ptII/ptolemy/domains/sdf/test/auto/test1.xml
3 ms. Memory: 309248K Free: 165496K (54%)
----------------- Invoking toplevel() on ptolemy.moml.MoMLSimpleApplication@7876456b
----------------- Done invoking toplevel() on ptolemy.moml.MoMLSimpleApplication@7876456b
reloadAllAccessors: .test1

===========================================================================================
----------------- testing Wed Oct 02 06:08:23 UTC 2019 /home/travis/build/icyphy/ptII/ptolemy/domains/sdf/test/auto/time1.xml
----------------- Instantiating /home/travis/build/icyphy/ptII/ptolemy/domains/sdf/test/auto/time1.xml
4 ms. Memory: 309248K Free: 161914K (52%)
----------------- Invoking toplevel() on ptolemy.moml.MoMLSimpleApplication@2fdba83b
----------------- Done invoking toplevel() on ptolemy.moml.MoMLSimpleApplication@2fdba83b
reloadAllAccessors: .time1

===========================================================================================
----------------- testing Wed Oct 02 06:08:23 UTC 2019 /home/travis/build/icyphy/ptII/ptolemy/domains/sdf/test/auto/time2.xml
----------------- Instantiating /home/travis/build/icyphy/ptII/ptolemy/domains/sdf/test/auto/time2.xml
2 ms. Memory: 309248K Free: 158328K (51%)
----------------- Invoking toplevel() on ptolemy.moml.MoMLSimpleApplication@25ffad4c
----------------- Done invoking toplevel() on ptolemy.moml.MoMLSimpleApplication@25ffad4c
reloadAllAccessors: .time2

===========================================================================================
----------------- testing Wed Oct 02 06:08:23 UTC 2019 /home/travis/build/icyphy/ptII/ptolemy/domains/sdf/test/auto/time3.xml
----------------- Instantiating /home/travis/build/icyphy/ptII/ptolemy/domains/sdf/test/auto/time3.xml
7 ms. Memory: 309248K Free: 153208K (50%)
----------------- Invoking toplevel() on ptolemy.moml.MoMLSimpleApplication@36e96c0c
----------------- Done invoking toplevel() on ptolemy.moml.MoMLSimpleApplication@36e96c0c
reloadAllAccessors: .time3

===========================================================================================
----------------- testing Wed Oct 02 06:08:23 UTC 2019 /home/travis/build/icyphy/ptII/ptolemy/domains/sdf/test/auto/time4.xml
----------------- Instantiating /home/travis/build/icyphy/ptII/ptolemy/domains/sdf/test/auto/time4.xml
4 ms. Memory: 309248K Free: 147578K (48%)
----------------- Invoking toplevel() on ptolemy.moml.MoMLSimpleApplication@3f76a117
----------------- Done invoking toplevel() on ptolemy.moml.MoMLSimpleApplication@3f76a117
reloadAllAccessors: .time4

===========================================================================================
----------------- testing Wed Oct 02 06:08:23 UTC 2019 /home/travis/build/icyphy/ptII/ptolemy/domains/sdf/test/auto/time5.xml
----------------- Instantiating /home/travis/build/icyphy/ptII/ptolemy/domains/sdf/test/auto/time5.xml
4002 ms. Memory: 309248K Free: 143992K (47%)
----------------- Invoking toplevel() on ptolemy.moml.MoMLSimpleApplication@6260d87
----------------- Done invoking toplevel() on ptolemy.moml.MoMLSimpleApplication@6260d87
reloadAllAccessors: .time5

===========================================================================================
----------------- testing Wed Oct 02 06:08:27 UTC 2019 /home/travis/build/icyphy/ptII/ptolemy/domains/sdf/test/auto/typeSystem_Const_Integer_smallest_Type.xml
----------------- Instantiating /home/travis/build/icyphy/ptII/ptolemy/domains/sdf/test/auto/typeSystem_Const_Integer_smallest_Type.xml
9 ms. Memory: 309248K Free: 139386K (45%)
----------------- Invoking toplevel() on ptolemy.moml.MoMLSimpleApplication@11325bec
----------------- Done invoking toplevel() on ptolemy.moml.MoMLSimpleApplication@11325bec
reloadAllAccessors: .typeSystem_Const_Integer_smallest_Type

===========================================================================================
----------------- testing Wed Oct 02 06:08:27 UTC 2019 /home/travis/build/icyphy/ptII/ptolemy/domains/sdf/test/auto/typeSystem_declared_Inports_OutportTypeException.xml
----------------- Instantiating /home/travis/build/icyphy/ptII/ptolemy/domains/sdf/test/auto/typeSystem_declared_Inports_OutportTypeException.xml
.typeSystem_declared_Inports_OutportTypeException.TestExceptionAttribute: initialize() was not invoked, but wrapup() was.  This is unusual, but not always a problem.  For example, exporting JNLP will do this.
8 ms. Memory: 309248K Free: 135290K (44%)
----------------- Invoking toplevel() on ptolemy.moml.MoMLSimpleApplication@77ead173
----------------- Done invoking toplevel() on ptolemy.moml.MoMLSimpleApplication@77ead173
reloadAllAccessors: .typeSystem_declared_Inports_OutportTypeException

===========================================================================================
----------------- testing Wed Oct 02 06:08:27 UTC 2019 /home/travis/build/icyphy/ptII/ptolemy/domains/sdf/test/auto/typeSystem_oneDeclaredInportType_wrongTypeOutport.xml
----------------- Instantiating /home/travis/build/icyphy/ptII/ptolemy/domains/sdf/test/auto/typeSystem_oneDeclaredInportType_wrongTypeOutport.xml
3 ms. Memory: 309248K Free: 131194K (42%)
----------------- Invoking toplevel() on ptolemy.moml.MoMLSimpleApplication@681abb1f
----------------- Done invoking toplevel() on ptolemy.moml.MoMLSimpleApplication@681abb1f
reloadAllAccessors: .typeSystem_oneDeclaredInportType_wrongTypeOutport

===========================================================================================
----------------- testing Wed Oct 02 06:08:27 UTC 2019 /home/travis/build/icyphy/ptII/ptolemy/domains/sdf/test/auto/width.xml
----------------- Instantiating /home/travis/build/icyphy/ptII/ptolemy/domains/sdf/test/auto/width.xml
2 ms. Memory: 309248K Free: 127608K (41%)
----------------- Invoking toplevel() on ptolemy.moml.MoMLSimpleApplication@36e6d5fb
----------------- Done invoking toplevel() on ptolemy.moml.MoMLSimpleApplication@36e6d5fb
reloadAllAccessors: .width

===========================================================================================
----------------- testing Wed Oct 02 06:08:27 UTC 2019 /home/travis/build/icyphy/ptII/ptolemy/domains/sdf/test/auto/width2.xml
----------------- Instantiating /home/travis/build/icyphy/ptII/ptolemy/domains/sdf/test/auto/width2.xml
35 ms. Memory: 309248K Free: 122488K (40%)
----------------- Invoking toplevel() on ptolemy.moml.MoMLSimpleApplication@7f2a4d
----------------- Done invoking toplevel() on ptolemy.moml.MoMLSimpleApplication@7f2a4d
reloadAllAccessors: .width2

===========================================================================================
----------------- testing Wed Oct 02 06:08:27 UTC 2019 /home/travis/build/icyphy/ptII/ptolemy/domains/sdf/test/auto/width3.xml
----------------- Instantiating /home/travis/build/icyphy/ptII/ptolemy/domains/sdf/test/auto/width3.xml
28 ms. Memory: 309248K Free: 117368K (38%)
----------------- Invoking toplevel() on ptolemy.moml.MoMLSimpleApplication@5d1ea641
----------------- Done invoking toplevel() on ptolemy.moml.MoMLSimpleApplication@5d1ea641
reloadAllAccessors: .width3
AutoTests.java: About to close Vertx.
AutoTests.java: Vertx closed.
]]></system-out>
  <system-err><![CDATA[java.lang.RuntimeException: Execution failed
	at ptolemy.moml.MoMLSimpleApplication$UnloadThread.run(MoMLSimpleApplication.java:402)
Caused by: ptolemy.actor.sched.NotSchedulableException: No solution exists for the balance equations.
Graph is not consistent under the SDF domain detected on external port .rateConsistency.actor.port2
  in .rateConsistency.SDF Director.Scheduler
	at ptolemy.domains.sdf.kernel.SDFScheduler._propagatePort(SDFScheduler.java:1425)
	at ptolemy.domains.sdf.kernel.SDFScheduler._solveBalanceEquations(SDFScheduler.java:710)
	at ptolemy.domains.sdf.kernel.SDFScheduler._getSchedule(SDFScheduler.java:566)
	at ptolemy.actor.sched.Scheduler.getSchedule(Scheduler.java:189)
	at ptolemy.domains.sdf.kernel.SDFDirector.createSchedule(SDFDirector.java:408)
	at ptolemy.domains.sdf.kernel.SDFDirector.preinitialize(SDFDirector.java:764)
	at ptolemy.actor.CompositeActor.preinitialize(CompositeActor.java:1828)
	at ptolemy.actor.Manager.preinitializeAndResolveTypes(Manager.java:1040)
	at ptolemy.actor.Manager.initialize(Manager.java:710)
	at ptolemy.actor.Manager.execute(Manager.java:356)
	at ptolemy.actor.Manager.run(Manager.java:1263)
	at ptolemy.actor.Manager$PtolemyRunThread.run(Manager.java:1933)
java.lang.RuntimeException: Execution failed
	at ptolemy.moml.MoMLSimpleApplication$UnloadThread.run(MoMLSimpleApplication.java:402)
Caused by: ptolemy.kernel.util.IllegalActionException: Failed to compute schedule:
  in .badRateChanges.typed composite actor.SDF Director
Because:
The SDF rate parameter may change. This is not allowed in SDF models that will be run through the code generator.  If you don't care about code generation, then you might consider setting the allowRateChanges parameter of the SDF director to false.
  in .badRateChanges.typed composite actor.Repeat.output.tokenProductionRate
	at ptolemy.domains.sdf.kernel.SDFDirector.createSchedule(SDFDirector.java:418)
	at ptolemy.domains.sdf.kernel.SDFDirector.preinitialize(SDFDirector.java:764)
	at ptolemy.actor.CompositeActor.preinitialize(CompositeActor.java:1828)
	at ptolemy.actor.Director.preinitialize(Director.java:1302)
	at ptolemy.actor.Director.preinitialize(Director.java:1257)
	at ptolemy.domains.sdf.kernel.SDFDirector.preinitialize(SDFDirector.java:763)
	at ptolemy.actor.CompositeActor.preinitialize(CompositeActor.java:1828)
	at ptolemy.actor.Manager.preinitializeAndResolveTypes(Manager.java:1040)
	at ptolemy.actor.Manager.initialize(Manager.java:710)
	at ptolemy.actor.Manager.execute(Manager.java:356)
	at ptolemy.actor.Manager.run(Manager.java:1263)
	at ptolemy.actor.Manager$PtolemyRunThread.run(Manager.java:1933)
Caused by: ptolemy.kernel.util.IllegalActionException: The SDF rate parameter may change. This is not allowed in SDF models that will be run through the code generator.  If you don't care about code generation, then you might consider setting the allowRateChanges parameter of the SDF director to false.
  in .badRateChanges.typed composite actor.Repeat.output.tokenProductionRate
	at ptolemy.domains.sdf.kernel.SDFScheduler._assertDynamicRateVariable(SDFScheduler.java:931)
	at ptolemy.domains.sdf.kernel.SDFScheduler._checkDynamicRateVariables(SDFScheduler.java:339)
	at ptolemy.domains.sdf.kernel.SDFScheduler._getSchedule(SDFScheduler.java:527)
	at ptolemy.actor.sched.Scheduler.getSchedule(Scheduler.java:189)
	at ptolemy.domains.sdf.kernel.SDFDirector.createSchedule(SDFDirector.java:408)
	... 11 more
java.lang.RuntimeException: Execution failed
	at ptolemy.moml.MoMLSimpleApplication$UnloadThread.run(MoMLSimpleApplication.java:402)
Caused by: ptolemy.kernel.util.IllegalActionException: Failed to compute schedule:
  in .badRateChanges2.typed composite actor.SDF Director
Because:
The SDF rate parameter may change. This is not allowed in SDF models that will be run through the code generator.  If you don't care about code generation, then you might consider setting the allowRateChanges parameter of the SDF director to false.
  in .badRateChanges2.typed composite actor.Repeat.output.tokenProductionRate
	at ptolemy.domains.sdf.kernel.SDFDirector.createSchedule(SDFDirector.java:418)
	at ptolemy.domains.sdf.kernel.SDFDirector.preinitialize(SDFDirector.java:764)
	at ptolemy.actor.CompositeActor.preinitialize(CompositeActor.java:1828)
	at ptolemy.actor.Director.preinitialize(Director.java:1302)
	at ptolemy.actor.Director.preinitialize(Director.java:1257)
	at ptolemy.domains.sdf.kernel.SDFDirector.preinitialize(SDFDirector.java:763)
	at ptolemy.actor.CompositeActor.preinitialize(CompositeActor.java:1828)
	at ptolemy.actor.Manager.preinitializeAndResolveTypes(Manager.java:1040)
	at ptolemy.actor.Manager.initialize(Manager.java:710)
	at ptolemy.actor.Manager.execute(Manager.java:356)
	at ptolemy.actor.Manager.run(Manager.java:1263)
	at ptolemy.actor.Manager$PtolemyRunThread.run(Manager.java:1933)
Caused by: ptolemy.kernel.util.IllegalActionException: The SDF rate parameter may change. This is not allowed in SDF models that will be run through the code generator.  If you don't care about code generation, then you might consider setting the allowRateChanges parameter of the SDF director to false.
  in .badRateChanges2.typed composite actor.Repeat.output.tokenProductionRate
	at ptolemy.domains.sdf.kernel.SDFScheduler._assertDynamicRateVariable(SDFScheduler.java:931)
	at ptolemy.domains.sdf.kernel.SDFScheduler._checkDynamicRateVariables(SDFScheduler.java:339)
	at ptolemy.domains.sdf.kernel.SDFScheduler._getSchedule(SDFScheduler.java:527)
	at ptolemy.actor.sched.Scheduler.getSchedule(Scheduler.java:189)
	at ptolemy.domains.sdf.kernel.SDFDirector.createSchedule(SDFDirector.java:408)
	... 11 more
java.lang.RuntimeException: Execution failed
	at ptolemy.moml.MoMLSimpleApplication$UnloadThread.run(MoMLSimpleApplication.java:402)
Caused by: ptolemy.actor.sched.NotSchedulableException: Actors remain that cannot be scheduled!

There are several possible reasons:
* SDF Graphs with feedback loops should have an actor with a delay in the loop, such as a SampleDelay.
* The SDF director has an "allowDisconnectedGraphs"parameter, which, when true, permits disconnected SDF graphs.
* The token consumption rate and production rates might be mismatched.
Usually, actors produce one token or consume one token on a port.  To produce or consume multiple tokens per firing, add a "tokenConsumptionRate" or "tokenProductionRate" parameter to the appropriate port.
Unscheduled actors:
.partiallyConnected.Const2 
Scheduled actors:
.partiallyConnected.Const 
  in .partiallyConnected.SDF Director.Scheduler
	at ptolemy.domains.sdf.kernel.SDFScheduler._scheduleConnectedActors(SDFScheduler.java:1828)
	at ptolemy.domains.sdf.kernel.SDFScheduler._getSchedule(SDFScheduler.java:587)
	at ptolemy.actor.sched.Scheduler.getSchedule(Scheduler.java:189)
	at ptolemy.domains.sdf.kernel.SDFDirector.createSchedule(SDFDirector.java:408)
	at ptolemy.domains.sdf.kernel.SDFDirector.preinitialize(SDFDirector.java:764)
	at ptolemy.actor.CompositeActor.preinitialize(CompositeActor.java:1828)
	at ptolemy.actor.Manager.preinitializeAndResolveTypes(Manager.java:1040)
	at ptolemy.actor.Manager.initialize(Manager.java:710)
	at ptolemy.actor.Manager.execute(Manager.java:356)
	at ptolemy.actor.Manager.run(Manager.java:1263)
	at ptolemy.actor.Manager$PtolemyRunThread.run(Manager.java:1933)
]]></system-err>
</testsuite>
