<?xml version="1.0" encoding="UTF-8" ?>
<testsuite errors="0" failures="0" hostname="travis-job-daaea79d-5520-4d17-8238-c4cfb022bc61" name="ptolemy.domains.continuous.test.junit.JUnitTclTest" skipped="0" tests="156" time="72.879" timestamp="2020-03-02T07:04:35">
  <properties>
[...]
</properties>
  <testcase classname="ptolemy.util.test.junit.TclTests" name="[0] ThereAreNoTclTests (RunTclFile)" time="0.02" />
  <testcase classname="ptolemy.util.test.junit.AutoKnownFailedTests" name="[0] ThereAreNoKnowFailedTests (RunModel)" time="0.003" />
  <testcase classname="ptolemy.util.test.junit.AutoNameArchTests" name="[0] ThereAreNoAutoArchTests (RunModel)" time="0.02" />
  <testcase classname="ptolemy.util.test.junit.AutoTests" name="[0] /home/travis/build/icyphy/ptII/ptolemy/domains/continuous/test/auto/BouncingBall.xml (RunModel)" time="2.794" />
  <testcase classname="ptolemy.util.test.junit.AutoTests" name="[1] /home/travis/build/icyphy/ptII/ptolemy/domains/continuous/test/auto/BouncingBallWithoutGR.xml (RunModel)" time="0.955" />
  <testcase classname="ptolemy.util.test.junit.AutoTests" name="[2] /home/travis/build/icyphy/ptII/ptolemy/domains/continuous/test/auto/Brownian.xml (RunModel)" time="0.082" />
  <testcase classname="ptolemy.util.test.junit.AutoTests" name="[3] /home/travis/build/icyphy/ptII/ptolemy/domains/continuous/test/auto/CarTracking.xml (RunModel)" time="4.128" />
  <testcase classname="ptolemy.util.test.junit.AutoTests" name="[4] /home/travis/build/icyphy/ptII/ptolemy/domains/continuous/test/auto/CartPendulum.xml (RunModel)" time="0.452" />
  <testcase classname="ptolemy.util.test.junit.AutoTests" name="[5] /home/travis/build/icyphy/ptII/ptolemy/domains/continuous/test/auto/CausalityInterface10.xml (RunModel)" time="0.042" />
  <testcase classname="ptolemy.util.test.junit.AutoTests" name="[6] /home/travis/build/icyphy/ptII/ptolemy/domains/continuous/test/auto/CausalityInterface11.xml (RunModel)" time="0.025" />
  <testcase classname="ptolemy.util.test.junit.AutoTests" name="[7] /home/travis/build/icyphy/ptII/ptolemy/domains/continuous/test/auto/CausalityInterface12.xml (RunModel)" time="0.023" />
  <testcase classname="ptolemy.util.test.junit.AutoTests" name="[8] /home/travis/build/icyphy/ptII/ptolemy/domains/continuous/test/auto/CausalityInterface13.xml (RunModel)" time="0.029" />
  <testcase classname="ptolemy.util.test.junit.AutoTests" name="[9] /home/travis/build/icyphy/ptII/ptolemy/domains/continuous/test/auto/CausalityInterface14.xml (RunModel)" time="0.03" />
  <testcase classname="ptolemy.util.test.junit.AutoTests" name="[10] /home/travis/build/icyphy/ptII/ptolemy/domains/continuous/test/auto/CausalityInterface4.xml (RunModel)" time="0.038" />
  <testcase classname="ptolemy.util.test.junit.AutoTests" name="[11] /home/travis/build/icyphy/ptII/ptolemy/domains/continuous/test/auto/CausalityInterface5.xml (RunModel)" time="0.061" />
  <testcase classname="ptolemy.util.test.junit.AutoTests" name="[12] /home/travis/build/icyphy/ptII/ptolemy/domains/continuous/test/auto/CausalityInterface6.xml (RunModel)" time="0.024" />
  <testcase classname="ptolemy.util.test.junit.AutoTests" name="[13] /home/travis/build/icyphy/ptII/ptolemy/domains/continuous/test/auto/CausalityInterface7.xml (RunModel)" time="0.042" />
  <testcase classname="ptolemy.util.test.junit.AutoTests" name="[14] /home/travis/build/icyphy/ptII/ptolemy/domains/continuous/test/auto/CausalityInterface8.xml (RunModel)" time="0.039" />
  <testcase classname="ptolemy.util.test.junit.AutoTests" name="[15] /home/travis/build/icyphy/ptII/ptolemy/domains/continuous/test/auto/CausalityInterface9.xml (RunModel)" time="0.038" />
  <testcase classname="ptolemy.util.test.junit.AutoTests" name="[16] /home/travis/build/icyphy/ptII/ptolemy/domains/continuous/test/auto/CausalityInterfaceFeedback1.xml (RunModel)" time="0.026" />
  <testcase classname="ptolemy.util.test.junit.AutoTests" name="[17] /home/travis/build/icyphy/ptII/ptolemy/domains/continuous/test/auto/CausalityInterfaceFeedback2.xml (RunModel)" time="0.032" />
  <testcase classname="ptolemy.util.test.junit.AutoTests" name="[18] /home/travis/build/icyphy/ptII/ptolemy/domains/continuous/test/auto/CompareWithCurrentTime.xml (RunModel)" time="0.02" />
  <testcase classname="ptolemy.util.test.junit.AutoTests" name="[19] /home/travis/build/icyphy/ptII/ptolemy/domains/continuous/test/auto/ComparedClocks.xml (RunModel)" time="0.062" />
  <testcase classname="ptolemy.util.test.junit.AutoTests" name="[20] /home/travis/build/icyphy/ptII/ptolemy/domains/continuous/test/auto/ContinuousAOCClone.xml (RunModel)" time="2.739" />
  <testcase classname="ptolemy.util.test.junit.AutoTests" name="[21] /home/travis/build/icyphy/ptII/ptolemy/domains/continuous/test/auto/ContinuousClock.xml (RunModel)" time="0.086" />
  <testcase classname="ptolemy.util.test.junit.AutoTests" name="[22] /home/travis/build/icyphy/ptII/ptolemy/domains/continuous/test/auto/ContinuousInContinuous.xml (RunModel)" time="0.078" />
  <testcase classname="ptolemy.util.test.junit.AutoTests" name="[23] /home/travis/build/icyphy/ptII/ptolemy/domains/continuous/test/auto/ContinuousInContinuousInContinuous.xml (RunModel)" time="0.024" />
  <testcase classname="ptolemy.util.test.junit.AutoTests" name="[24] /home/travis/build/icyphy/ptII/ptolemy/domains/continuous/test/auto/ContinuousInDE.xml (RunModel)" time="0.103" />
  <testcase classname="ptolemy.util.test.junit.AutoTests" name="[25] /home/travis/build/icyphy/ptII/ptolemy/domains/continuous/test/auto/ContinuousInDE2.xml (RunModel)" time="0.057" />
  <testcase classname="ptolemy.util.test.junit.AutoTests" name="[26] /home/travis/build/icyphy/ptII/ptolemy/domains/continuous/test/auto/ContinuousInDE3.xml (RunModel)" time="0.052" />
  <testcase classname="ptolemy.util.test.junit.AutoTests" name="[27] /home/travis/build/icyphy/ptII/ptolemy/domains/continuous/test/auto/ContinuousInDE4.xml (RunModel)" time="0.033" />
  <testcase classname="ptolemy.util.test.junit.AutoTests" name="[28] /home/travis/build/icyphy/ptII/ptolemy/domains/continuous/test/auto/ContinuousInDEDifferentRefinements.xml (RunModel)" time="0.109" />
  <testcase classname="ptolemy.util.test.junit.AutoTests" name="[29] /home/travis/build/icyphy/ptII/ptolemy/domains/continuous/test/auto/ContinuousInDEDifferentRefinementsPreemptive.xml (RunModel)" time="0.095" />
  <testcase classname="ptolemy.util.test.junit.AutoTests" name="[30] /home/travis/build/icyphy/ptII/ptolemy/domains/continuous/test/auto/ContinuousInDEInContinuous2.xml (RunModel)" time="0.055" />
  <testcase classname="ptolemy.util.test.junit.AutoTests" name="[31] /home/travis/build/icyphy/ptII/ptolemy/domains/continuous/test/auto/ContinuousInDEInContinuous3.xml (RunModel)" time="0.062" />
  <testcase classname="ptolemy.util.test.junit.AutoTests" name="[32] /home/travis/build/icyphy/ptII/ptolemy/domains/continuous/test/auto/ContinuousInDEInput.xml (RunModel)" time="0.034" />
  <testcase classname="ptolemy.util.test.junit.AutoTests" name="[33] /home/travis/build/icyphy/ptII/ptolemy/domains/continuous/test/auto/ContinuousInDEInput2.xml (RunModel)" time="0.034" />
  <testcase classname="ptolemy.util.test.junit.AutoTests" name="[34] /home/travis/build/icyphy/ptII/ptolemy/domains/continuous/test/auto/ContinuousInDEInput3.xml (RunModel)" time="0.03" />
  <testcase classname="ptolemy.util.test.junit.AutoTests" name="[35] /home/travis/build/icyphy/ptII/ptolemy/domains/continuous/test/auto/ContinuousInDESharingRefinement.xml (RunModel)" time="0.198" />
  <testcase classname="ptolemy.util.test.junit.AutoTests" name="[36] /home/travis/build/icyphy/ptII/ptolemy/domains/continuous/test/auto/ContinuousInDEwithNoPorts.xml (RunModel)" time="0.017" />
  <testcase classname="ptolemy.util.test.junit.AutoTests" name="[37] /home/travis/build/icyphy/ptII/ptolemy/domains/continuous/test/auto/ContinuousInsideDE.xml (RunModel)" time="0.078" />
  <testcase classname="ptolemy.util.test.junit.AutoTests" name="[38] /home/travis/build/icyphy/ptII/ptolemy/domains/continuous/test/auto/ContinuousMerge1.xml (RunModel)" time="0.021" />
  <testcase classname="ptolemy.util.test.junit.AutoTests" name="[39] /home/travis/build/icyphy/ptII/ptolemy/domains/continuous/test/auto/ContinuousMerge2.xml (RunModel)" time="0.048" />
  <testcase classname="ptolemy.util.test.junit.AutoTests" name="[40] /home/travis/build/icyphy/ptII/ptolemy/domains/continuous/test/auto/ContinuousMerge3.xml (RunModel)" time="0.063" />
  <testcase classname="ptolemy.util.test.junit.AutoTests" name="[41] /home/travis/build/icyphy/ptII/ptolemy/domains/continuous/test/auto/ContinuousWithinContinuous.xml (RunModel)" time="0.051" />
  <testcase classname="ptolemy.util.test.junit.AutoTests" name="[42] /home/travis/build/icyphy/ptII/ptolemy/domains/continuous/test/auto/ContinuousWithinContinuous2.xml (RunModel)" time="0.073" />
  <testcase classname="ptolemy.util.test.junit.AutoTests" name="[43] /home/travis/build/icyphy/ptII/ptolemy/domains/continuous/test/auto/ContinuousWithinContinuous3.xml (RunModel)" time="0.033" />
  <testcase classname="ptolemy.util.test.junit.AutoTests" name="[44] /home/travis/build/icyphy/ptII/ptolemy/domains/continuous/test/auto/ContinuousWithinContinuous4.xml (RunModel)" time="0.071" />
  <testcase classname="ptolemy.util.test.junit.AutoTests" name="[45] /home/travis/build/icyphy/ptII/ptolemy/domains/continuous/test/auto/ContinuousWithinContinuous5.xml (RunModel)" time="0.029" />
  <testcase classname="ptolemy.util.test.junit.AutoTests" name="[46] /home/travis/build/icyphy/ptII/ptolemy/domains/continuous/test/auto/ContinuousWithinContinuous6.xml (RunModel)" time="0.034" />
  <testcase classname="ptolemy.util.test.junit.AutoTests" name="[47] /home/travis/build/icyphy/ptII/ptolemy/domains/continuous/test/auto/ContinuousWithinContinuous7.xml (RunModel)" time="0.061" />
  <testcase classname="ptolemy.util.test.junit.AutoTests" name="[48] /home/travis/build/icyphy/ptII/ptolemy/domains/continuous/test/auto/DCMotor.xml (RunModel)" time="13.428" />
  <testcase classname="ptolemy.util.test.junit.AutoTests" name="[49] /home/travis/build/icyphy/ptII/ptolemy/domains/continuous/test/auto/DEInContinuous.xml (RunModel)" time="0.021" />
  <testcase classname="ptolemy.util.test.junit.AutoTests" name="[50] /home/travis/build/icyphy/ptII/ptolemy/domains/continuous/test/auto/DEinContinuous2.xml (RunModel)" time="0.027" />
  <testcase classname="ptolemy.util.test.junit.AutoTests" name="[51] /home/travis/build/icyphy/ptII/ptolemy/domains/continuous/test/auto/Derivative.xml (RunModel)" time="0.178" />
  <testcase classname="ptolemy.util.test.junit.AutoTests" name="[52] /home/travis/build/icyphy/ptII/ptolemy/domains/continuous/test/auto/Derivative1.xml (RunModel)" time="0.077" />
  <testcase classname="ptolemy.util.test.junit.AutoTests" name="[53] /home/travis/build/icyphy/ptII/ptolemy/domains/continuous/test/auto/DiscreteClock.xml (RunModel)" time="0.02" />
  <testcase classname="ptolemy.util.test.junit.AutoTests" name="[54] /home/travis/build/icyphy/ptII/ptolemy/domains/continuous/test/auto/EfficiencyCurve.xml (RunModel)" time="0.084" />
  <testcase classname="ptolemy.util.test.junit.AutoTests" name="[55] /home/travis/build/icyphy/ptII/ptolemy/domains/continuous/test/auto/ExponentialResponse.xml (RunModel)" time="0.113" />
  <testcase classname="ptolemy.util.test.junit.AutoTests" name="[56] /home/travis/build/icyphy/ptII/ptolemy/domains/continuous/test/auto/ExponentialResponseRK45.xml (RunModel)" time="0.045" />
  <testcase classname="ptolemy.util.test.junit.AutoTests" name="[57] /home/travis/build/icyphy/ptII/ptolemy/domains/continuous/test/auto/Friction.xml (RunModel)" time="1.718" />
  <testcase classname="ptolemy.util.test.junit.AutoTests" name="[58] /home/travis/build/icyphy/ptII/ptolemy/domains/continuous/test/auto/FurutaPendulum.xml (RunModel)" time="3.161" />
  <testcase classname="ptolemy.util.test.junit.AutoTests" name="[59] /home/travis/build/icyphy/ptII/ptolemy/domains/continuous/test/auto/HierarchicalExecution.xml (RunModel)" time="2.251" />
  <testcase classname="ptolemy.util.test.junit.AutoTests" name="[60] /home/travis/build/icyphy/ptII/ptolemy/domains/continuous/test/auto/HybridPlant.xml (RunModel)" time="0.561" />
  <testcase classname="ptolemy.util.test.junit.AutoTests" name="[61] /home/travis/build/icyphy/ptII/ptolemy/domains/continuous/test/auto/Hysteresis.xml (RunModel)" time="0.204" />
  <testcase classname="ptolemy.util.test.junit.AutoTests" name="[62] /home/travis/build/icyphy/ptII/ptolemy/domains/continuous/test/auto/HysteresisWithRandomDelay.xml (RunModel)" time="0.24" />
  <testcase classname="ptolemy.util.test.junit.AutoTests" name="[63] /home/travis/build/icyphy/ptII/ptolemy/domains/continuous/test/auto/HysteresisWithRandomLosses.xml (RunModel)" time="2.547" />
  <testcase classname="ptolemy.util.test.junit.AutoTests" name="[64] /home/travis/build/icyphy/ptII/ptolemy/domains/continuous/test/auto/ImmediateTransitions.xml (RunModel)" time="0.038" />
  <testcase classname="ptolemy.util.test.junit.AutoTests" name="[65] /home/travis/build/icyphy/ptII/ptolemy/domains/continuous/test/auto/ImpulseFeedback.xml (RunModel)" time="0.025" />
  <testcase classname="ptolemy.util.test.junit.AutoTests" name="[66] /home/travis/build/icyphy/ptII/ptolemy/domains/continuous/test/auto/ImpulseFeedback2.xml (RunModel)" time="0.018" />
  <testcase classname="ptolemy.util.test.junit.AutoTests" name="[67] /home/travis/build/icyphy/ptII/ptolemy/domains/continuous/test/auto/IncreasingRatePoisson.xml (RunModel)" time="0.754" />
  <testcase classname="ptolemy.util.test.junit.AutoTests" name="[68] /home/travis/build/icyphy/ptII/ptolemy/domains/continuous/test/auto/InitialStateFeedback.xml (RunModel)" time="0.018" />
  <testcase classname="ptolemy.util.test.junit.AutoTests" name="[69] /home/travis/build/icyphy/ptII/ptolemy/domains/continuous/test/auto/Integration.xml (RunModel)" time="0.015" />
  <testcase classname="ptolemy.util.test.junit.AutoTests" name="[70] /home/travis/build/icyphy/ptII/ptolemy/domains/continuous/test/auto/Integration2.xml (RunModel)" time="0.088" />
  <testcase classname="ptolemy.util.test.junit.AutoTests" name="[71] /home/travis/build/icyphy/ptII/ptolemy/domains/continuous/test/auto/Integration3.xml (RunModel)" time="0.018" />
  <testcase classname="ptolemy.util.test.junit.AutoTests" name="[72] /home/travis/build/icyphy/ptII/ptolemy/domains/continuous/test/auto/Integration5.xml (RunModel)" time="0.01" />
  <testcase classname="ptolemy.util.test.junit.AutoTests" name="[73] /home/travis/build/icyphy/ptII/ptolemy/domains/continuous/test/auto/IntegratorImpulse.xml (RunModel)" time="0.011" />
  <testcase classname="ptolemy.util.test.junit.AutoTests" name="[74] /home/travis/build/icyphy/ptII/ptolemy/domains/continuous/test/auto/IntegratorImpulse2.xml (RunModel)" time="0.018" />
  <testcase classname="ptolemy.util.test.junit.AutoTests" name="[75] /home/travis/build/icyphy/ptII/ptolemy/domains/continuous/test/auto/LevelCrossing1.xml (RunModel)" time="0.012" />
  <testcase classname="ptolemy.util.test.junit.AutoTests" name="[76] /home/travis/build/icyphy/ptII/ptolemy/domains/continuous/test/auto/LevelCrossing2.xml (RunModel)" time="0.022" />
  <testcase classname="ptolemy.util.test.junit.AutoTests" name="[77] /home/travis/build/icyphy/ptII/ptolemy/domains/continuous/test/auto/LevelCrossing3.xml (RunModel)" time="0.017" />
  <testcase classname="ptolemy.util.test.junit.AutoTests" name="[78] /home/travis/build/icyphy/ptII/ptolemy/domains/continuous/test/auto/LevelCrossing4.xml (RunModel)" time="0.013" />
  <testcase classname="ptolemy.util.test.junit.AutoTests" name="[79] /home/travis/build/icyphy/ptII/ptolemy/domains/continuous/test/auto/LevelCrossing5.xml (RunModel)" time="0.018" />
  <testcase classname="ptolemy.util.test.junit.AutoTests" name="[80] /home/travis/build/icyphy/ptII/ptolemy/domains/continuous/test/auto/LevelCrossing6.xml (RunModel)" time="0.015" />
  <testcase classname="ptolemy.util.test.junit.AutoTests" name="[81] /home/travis/build/icyphy/ptII/ptolemy/domains/continuous/test/auto/LevelCrossingDetector.xml (RunModel)" time="0.054" />
  <testcase classname="ptolemy.util.test.junit.AutoTests" name="[82] /home/travis/build/icyphy/ptII/ptolemy/domains/continuous/test/auto/LevelCrossingDetectorDetectingDirections.xml (RunModel)" time="0.077" />
  <testcase classname="ptolemy.util.test.junit.AutoTests" name="[83] /home/travis/build/icyphy/ptII/ptolemy/domains/continuous/test/auto/LevelCrossingDetectorDetectsGlitches.xml (RunModel)" time="0.052" />
  <testcase classname="ptolemy.util.test.junit.AutoTests" name="[84] /home/travis/build/icyphy/ptII/ptolemy/domains/continuous/test/auto/LevelCrossingNoInitialOuput.xml (RunModel)" time="0.012" />
  <testcase classname="ptolemy.util.test.junit.AutoTests" name="[85] /home/travis/build/icyphy/ptII/ptolemy/domains/continuous/test/auto/LinearStateSpaceExample.xml (RunModel)" time="0.062" />
  <testcase classname="ptolemy.util.test.junit.AutoTests" name="[86] /home/travis/build/icyphy/ptII/ptolemy/domains/continuous/test/auto/Lorenz.xml (RunModel)" time="3.597" />
  <testcase classname="ptolemy.util.test.junit.AutoTests" name="[87] /home/travis/build/icyphy/ptII/ptolemy/domains/continuous/test/auto/LorenzDifferentialSystem.xml (RunModel)" time="0.92" />
  <testcase classname="ptolemy.util.test.junit.AutoTests" name="[88] /home/travis/build/icyphy/ptII/ptolemy/domains/continuous/test/auto/LorenzDifferentialSystemWithInput.xml (RunModel)" time="1.435" />
  <testcase classname="ptolemy.util.test.junit.AutoTests" name="[89] /home/travis/build/icyphy/ptII/ptolemy/domains/continuous/test/auto/LorenzDifferentialSystemWithTime.xml (RunModel)" time="0.669" />
  <testcase classname="ptolemy.util.test.junit.AutoTests" name="[90] /home/travis/build/icyphy/ptII/ptolemy/domains/continuous/test/auto/Microsteps.xml (RunModel)" time="0.021" />
  <testcase classname="ptolemy.util.test.junit.AutoTests" name="[91] /home/travis/build/icyphy/ptII/ptolemy/domains/continuous/test/auto/Modal1.xml (RunModel)" time="0.04" />
  <testcase classname="ptolemy.util.test.junit.AutoTests" name="[92] /home/travis/build/icyphy/ptII/ptolemy/domains/continuous/test/auto/Modal2.xml (RunModel)" time="0.055" />
  <testcase classname="ptolemy.util.test.junit.AutoTests" name="[93] /home/travis/build/icyphy/ptII/ptolemy/domains/continuous/test/auto/ModalTransitionGuardWithReset.xml (RunModel)" time="0.035" />
  <testcase classname="ptolemy.util.test.junit.AutoTests" name="[94] /home/travis/build/icyphy/ptII/ptolemy/domains/continuous/test/auto/ModalTransitionGuardWithResetUsingPreemptiveTransition.xml (RunModel)" time="0.028" />
  <testcase classname="ptolemy.util.test.junit.AutoTests" name="[95] /home/travis/build/icyphy/ptII/ptolemy/domains/continuous/test/auto/ModalTransitionGuardWithResetUsingPreemptiveTransition2.xml (RunModel)" time="0.024" />
  <testcase classname="ptolemy.util.test.junit.AutoTests" name="[96] /home/travis/build/icyphy/ptII/ptolemy/domains/continuous/test/auto/ModalTransitionGuardWithResetUsingPreemptiveTransition3.xml (RunModel)" time="0.03" />
  <testcase classname="ptolemy.util.test.junit.AutoTests" name="[97] /home/travis/build/icyphy/ptII/ptolemy/domains/continuous/test/auto/NewtonsCradle.xml (RunModel)" time="0.863" />
  <testcase classname="ptolemy.util.test.junit.AutoTests" name="[98] /home/travis/build/icyphy/ptII/ptolemy/domains/continuous/test/auto/NewtonsCradleAnimated.xml (RunModel)" time="1.351" />
  <testcase classname="ptolemy.util.test.junit.AutoTests" name="[99] /home/travis/build/icyphy/ptII/ptolemy/domains/continuous/test/auto/NewtonsCradleComplicated.xml (RunModel)" time="0.985" />
  <testcase classname="ptolemy.util.test.junit.AutoTests" name="[100] /home/travis/build/icyphy/ptII/ptolemy/domains/continuous/test/auto/NewtonsCradleNondeterministic.xml (RunModel)" time="0.73" />
  <testcase classname="ptolemy.util.test.junit.AutoTests" name="[101] /home/travis/build/icyphy/ptII/ptolemy/domains/continuous/test/auto/NewtonsCradlePerfectlyInelastic1.xml (RunModel)" time="1.218" />
  <testcase classname="ptolemy.util.test.junit.AutoTests" name="[102] /home/travis/build/icyphy/ptII/ptolemy/domains/continuous/test/auto/Noise.xml (RunModel)" time="0.179" />
  <testcase classname="ptolemy.util.test.junit.AutoTests" name="[103] /home/travis/build/icyphy/ptII/ptolemy/domains/continuous/test/auto/NoiseSpectrum.xml (RunModel)" time="0.871" />
  <testcase classname="ptolemy.util.test.junit.AutoTests" name="[104] /home/travis/build/icyphy/ptII/ptolemy/domains/continuous/test/auto/ParameterizedNewtonsCradleAnimated.xml (RunModel)" time="0.374" />
  <testcase classname="ptolemy.util.test.junit.AutoTests" name="[105] /home/travis/build/icyphy/ptII/ptolemy/domains/continuous/test/auto/ParameterizedNewtonsCradleAnimatedNondeterministic.xml (RunModel)" time="1.172" />
  <testcase classname="ptolemy.util.test.junit.AutoTests" name="[106] /home/travis/build/icyphy/ptII/ptolemy/domains/continuous/test/auto/Pendulum3D.xml (RunModel)" time="0.147" />
  <testcase classname="ptolemy.util.test.junit.AutoTests" name="[107] /home/travis/build/icyphy/ptII/ptolemy/domains/continuous/test/auto/PeriodicSampler.xml (RunModel)" time="0.01" />
  <testcase classname="ptolemy.util.test.junit.AutoTests" name="[108] /home/travis/build/icyphy/ptII/ptolemy/domains/continuous/test/auto/PeriodicSampler1.xml (RunModel)" time="0.043" />
  <testcase classname="ptolemy.util.test.junit.AutoTests" name="[109] /home/travis/build/icyphy/ptII/ptolemy/domains/continuous/test/auto/PeriodicSampler2.xml (RunModel)" time="0.075" />
  <testcase classname="ptolemy.util.test.junit.AutoTests" name="[110] /home/travis/build/icyphy/ptII/ptolemy/domains/continuous/test/auto/Poisson.xml (RunModel)" time="0.431" />
  <testcase classname="ptolemy.util.test.junit.AutoTests" name="[111] /home/travis/build/icyphy/ptII/ptolemy/domains/continuous/test/auto/PoissonClock.xml (RunModel)" time="0.016" />
  <testcase classname="ptolemy.util.test.junit.AutoTests" name="[112] /home/travis/build/icyphy/ptII/ptolemy/domains/continuous/test/auto/PoissonClock2.xml (RunModel)" time="0.012" />
  <testcase classname="ptolemy.util.test.junit.AutoTests" name="[113] /home/travis/build/icyphy/ptII/ptolemy/domains/continuous/test/auto/PortParameterHierarchy.xml (RunModel)" time="0.025" />
  <testcase classname="ptolemy.util.test.junit.AutoTests" name="[114] /home/travis/build/icyphy/ptII/ptolemy/domains/continuous/test/auto/RandomHybridPlant.xml (RunModel)" time="0.608" />
  <testcase classname="ptolemy.util.test.junit.AutoTests" name="[115] /home/travis/build/icyphy/ptII/ptolemy/domains/continuous/test/auto/ResetTransitionWithStartTime1.xml (RunModel)" time="0.031" />
  <testcase classname="ptolemy.util.test.junit.AutoTests" name="[116] /home/travis/build/icyphy/ptII/ptolemy/domains/continuous/test/auto/ResetTransitionWithStartTime2.xml (RunModel)" time="0.038" />
  <testcase classname="ptolemy.util.test.junit.AutoTests" name="[117] /home/travis/build/icyphy/ptII/ptolemy/domains/continuous/test/auto/ResetTransitionWithStartTime3.xml (RunModel)" time="0.038" />
  <testcase classname="ptolemy.util.test.junit.AutoTests" name="[118] /home/travis/build/icyphy/ptII/ptolemy/domains/continuous/test/auto/ResetTransitionWithStartTime4.xml (RunModel)" time="0.033" />
  <testcase classname="ptolemy.util.test.junit.AutoTests" name="[119] /home/travis/build/icyphy/ptII/ptolemy/domains/continuous/test/auto/ResetTransitionWithStartTime5.xml (RunModel)" time="0.035" />
  <testcase classname="ptolemy.util.test.junit.AutoTests" name="[120] /home/travis/build/icyphy/ptII/ptolemy/domains/continuous/test/auto/ResetTransitionWithStartTime6.xml (RunModel)" time="0.026" />
  <testcase classname="ptolemy.util.test.junit.AutoTests" name="[121] /home/travis/build/icyphy/ptII/ptolemy/domains/continuous/test/auto/SRinContinuous.xml (RunModel)" time="0.02" />
  <testcase classname="ptolemy.util.test.junit.AutoTests" name="[122] /home/travis/build/icyphy/ptII/ptolemy/domains/continuous/test/auto/SampledClocks.xml (RunModel)" time="0.032" />
  <testcase classname="ptolemy.util.test.junit.AutoTests" name="[123] /home/travis/build/icyphy/ptII/ptolemy/domains/continuous/test/auto/Satellite.xml (RunModel)" time="0.727" />
  <testcase classname="ptolemy.util.test.junit.AutoTests" name="[124] /home/travis/build/icyphy/ptII/ptolemy/domains/continuous/test/auto/SigmaDelta.xml (RunModel)" time="2.108" />
  <testcase classname="ptolemy.util.test.junit.AutoTests" name="[125] /home/travis/build/icyphy/ptII/ptolemy/domains/continuous/test/auto/SingleRefinement.xml (RunModel)" time="0.429" />
  <testcase classname="ptolemy.util.test.junit.AutoTests" name="[126] /home/travis/build/icyphy/ptII/ptolemy/domains/continuous/test/auto/SinuBouncingBall.xml (RunModel)" time="0.856" />
  <testcase classname="ptolemy.util.test.junit.AutoTests" name="[127] /home/travis/build/icyphy/ptII/ptolemy/domains/continuous/test/auto/Sinusoid.xml (RunModel)" time="0.017" />
  <testcase classname="ptolemy.util.test.junit.AutoTests" name="[128] /home/travis/build/icyphy/ptII/ptolemy/domains/continuous/test/auto/SinusoidInNoise.xml (RunModel)" time="0.922" />
  <testcase classname="ptolemy.util.test.junit.AutoTests" name="[129] /home/travis/build/icyphy/ptII/ptolemy/domains/continuous/test/auto/SinusoidRK45.xml (RunModel)" time="0.008" />
  <testcase classname="ptolemy.util.test.junit.AutoTests" name="[130] /home/travis/build/icyphy/ptII/ptolemy/domains/continuous/test/auto/SinusoidWithMultipleImpulses.xml (RunModel)" time="0.021" />
  <testcase classname="ptolemy.util.test.junit.AutoTests" name="[131] /home/travis/build/icyphy/ptII/ptolemy/domains/continuous/test/auto/SquareWave.xml (RunModel)" time="0.181" />
  <testcase classname="ptolemy.util.test.junit.AutoTests" name="[132] /home/travis/build/icyphy/ptII/ptolemy/domains/continuous/test/auto/Starmac.xml (RunModel)" time="3.493" />
  <testcase classname="ptolemy.util.test.junit.AutoTests" name="[133] /home/travis/build/icyphy/ptII/ptolemy/domains/continuous/test/auto/StaticUnits.xml (RunModel)" time="2.324" />
  <testcase classname="ptolemy.util.test.junit.AutoTests" name="[134] /home/travis/build/icyphy/ptII/ptolemy/domains/continuous/test/auto/StickyMasses.xml (RunModel)" time="0.176" />
  <testcase classname="ptolemy.util.test.junit.AutoTests" name="[135] /home/travis/build/icyphy/ptII/ptolemy/domains/continuous/test/auto/StopTime.xml (RunModel)" time="0.063" />
  <testcase classname="ptolemy.util.test.junit.AutoTests" name="[136] /home/travis/build/icyphy/ptII/ptolemy/domains/continuous/test/auto/StopTime2.xml (RunModel)" time="0.063" />
  <testcase classname="ptolemy.util.test.junit.AutoTests" name="[137] /home/travis/build/icyphy/ptII/ptolemy/domains/continuous/test/auto/Switch.xml (RunModel)" time="0.069" />
  <testcase classname="ptolemy.util.test.junit.AutoTests" name="[138] /home/travis/build/icyphy/ptII/ptolemy/domains/continuous/test/auto/Thermostat.xml (RunModel)" time="0.216" />
  <testcase classname="ptolemy.util.test.junit.AutoTests" name="[139] /home/travis/build/icyphy/ptII/ptolemy/domains/continuous/test/auto/TimeDelay.xml (RunModel)" time="0.018" />
  <testcase classname="ptolemy.util.test.junit.AutoTests" name="[140] /home/travis/build/icyphy/ptII/ptolemy/domains/continuous/test/auto/TimeDelay2.xml (RunModel)" time="0.026" />
  <testcase classname="ptolemy.util.test.junit.AutoTests" name="[141] /home/travis/build/icyphy/ptII/ptolemy/domains/continuous/test/auto/TimeDelay3.xml (RunModel)" time="0.008" />
  <testcase classname="ptolemy.util.test.junit.AutoTests" name="[142] /home/travis/build/icyphy/ptII/ptolemy/domains/continuous/test/auto/TransferAbsentToInside.xml (RunModel)" time="0.122" />
  <testcase classname="ptolemy.util.test.junit.AutoTests" name="[143] /home/travis/build/icyphy/ptII/ptolemy/domains/continuous/test/auto/Transmission.xml (RunModel)" time="0.807" />
  <testcase classname="ptolemy.util.test.junit.AutoTests" name="[144] /home/travis/build/icyphy/ptII/ptolemy/domains/continuous/test/auto/TriggeredContinuousClock.xml (RunModel)" time="0.063" />
  <testcase classname="ptolemy.util.test.junit.AutoTests" name="[145] /home/travis/build/icyphy/ptII/ptolemy/domains/continuous/test/auto/TwoMachineInfiniteBusControl.xml (RunModel)" time="2.49" />
  <testcase classname="ptolemy.util.test.junit.AutoTests" name="[146] /home/travis/build/icyphy/ptII/ptolemy/domains/continuous/test/auto/V2V.xml (RunModel)" time="0.826" />
  <testcase classname="ptolemy.util.test.junit.AutoTests" name="[147] /home/travis/build/icyphy/ptII/ptolemy/domains/continuous/test/auto/hierarchicalModalModel.xml (RunModel)" time="0.028" />
  <testcase classname="ptolemy.util.test.junit.AutoTests" name="[148] /home/travis/build/icyphy/ptII/ptolemy/domains/continuous/test/auto/hierarchicalModalModel1.xml (RunModel)" time="0.029" />
  <testcase classname="ptolemy.util.test.junit.AutoTests" name="[149] /home/travis/build/icyphy/ptII/ptolemy/domains/continuous/test/auto/hierarchicalModalModel2.xml (RunModel)" time="0.036" />
  <testcase classname="ptolemy.util.test.junit.AutoTests" name="[150] /home/travis/build/icyphy/ptII/ptolemy/domains/continuous/test/auto/hierarchicalModalModel3.xml (RunModel)" time="0.023" />
  <testcase classname="ptolemy.util.test.junit.AutoTests" name="[151] /home/travis/build/icyphy/ptII/ptolemy/domains/continuous/test/auto/hierarchicalModalModel4.xml (RunModel)" time="0.023" />
  <testcase classname="ptolemy.util.test.junit.AutoTests" name="[152] /home/travis/build/icyphy/ptII/ptolemy/domains/continuous/test/auto/junk.xml (RunModel)" time="0.146" />
  <system-out><![CDATA[No tcl tests in /home/travis/build/icyphy/ptII/ptolemy/domains/continuous/test
No auto/knownFailedTests/*.xml tests in /home/travis/build/icyphy/ptII/ptolemy/domains/continuous/test
No auto/linux-amd64/*.xml tests in /home/travis/build/icyphy/ptII/ptolemy/domains/continuous/test
AutoTests.java: About to close Vertx.
AutoTests.java: Vertx closed.

===========================================================================================
----------------- testing Mon Mar 02 07:04:36 UTC 2020 /home/travis/build/icyphy/ptII/ptolemy/domains/continuous/test/auto/BouncingBall.xml
----------------- Instantiating /home/travis/build/icyphy/ptII/ptolemy/domains/continuous/test/auto/BouncingBall.xml
2163 ms. Memory: 129024K Free: 93897K (73%)
----------------- Invoking toplevel() on ptolemy.moml.MoMLSimpleApplication@6e0702b4
----------------- Done invoking toplevel() on ptolemy.moml.MoMLSimpleApplication@6e0702b4
reloadAllAccessors: .BouncingBall

===========================================================================================
----------------- testing Mon Mar 02 07:04:39 UTC 2020 /home/travis/build/icyphy/ptII/ptolemy/domains/continuous/test/auto/BouncingBallWithoutGR.xml
----------------- Instantiating /home/travis/build/icyphy/ptII/ptolemy/domains/continuous/test/auto/BouncingBallWithoutGR.xml
856 ms. Memory: 155648K Free: 87080K (56%)
----------------- Invoking toplevel() on ptolemy.moml.MoMLSimpleApplication@251af5a8
----------------- Done invoking toplevel() on ptolemy.moml.MoMLSimpleApplication@251af5a8
reloadAllAccessors: .BouncingBallWithoutGR

===========================================================================================
----------------- testing Mon Mar 02 07:04:40 UTC 2020 /home/travis/build/icyphy/ptII/ptolemy/domains/continuous/test/auto/Brownian.xml
----------------- Instantiating /home/travis/build/icyphy/ptII/ptolemy/domains/continuous/test/auto/Brownian.xml
29 ms. Memory: 155648K Free: 77864K (50%)
----------------- Invoking toplevel() on ptolemy.moml.MoMLSimpleApplication@45c2c937
----------------- Done invoking toplevel() on ptolemy.moml.MoMLSimpleApplication@45c2c937
reloadAllAccessors: .Brownian

===========================================================================================
----------------- testing Mon Mar 02 07:04:40 UTC 2020 /home/travis/build/icyphy/ptII/ptolemy/domains/continuous/test/auto/CarTracking.xml
----------------- Instantiating /home/travis/build/icyphy/ptII/ptolemy/domains/continuous/test/auto/CarTracking.xml
3552 ms. Memory: 187392K Free: 73930K (39%)
----------------- Invoking toplevel() on ptolemy.moml.MoMLSimpleApplication@50c2761f
----------------- Done invoking toplevel() on ptolemy.moml.MoMLSimpleApplication@50c2761f
reloadAllAccessors: .CarTracking

===========================================================================================
----------------- testing Mon Mar 02 07:04:44 UTC 2020 /home/travis/build/icyphy/ptII/ptolemy/domains/continuous/test/auto/CartPendulum.xml
----------------- Instantiating /home/travis/build/icyphy/ptII/ptolemy/domains/continuous/test/auto/CartPendulum.xml
346 ms. Memory: 225280K Free: 130819K (58%)
----------------- Invoking toplevel() on ptolemy.moml.MoMLSimpleApplication@2457c695
----------------- Done invoking toplevel() on ptolemy.moml.MoMLSimpleApplication@2457c695
reloadAllAccessors: .CartPendulum

===========================================================================================
----------------- testing Mon Mar 02 07:04:44 UTC 2020 /home/travis/build/icyphy/ptII/ptolemy/domains/continuous/test/auto/CausalityInterface10.xml
----------------- Instantiating /home/travis/build/icyphy/ptII/ptolemy/domains/continuous/test/auto/CausalityInterface10.xml
6 ms. Memory: 225280K Free: 120579K (54%)
----------------- Invoking toplevel() on ptolemy.moml.MoMLSimpleApplication@55a9648e
----------------- Done invoking toplevel() on ptolemy.moml.MoMLSimpleApplication@55a9648e
reloadAllAccessors: .CausalityInterface10

===========================================================================================
----------------- testing Mon Mar 02 07:04:44 UTC 2020 /home/travis/build/icyphy/ptII/ptolemy/domains/continuous/test/auto/CausalityInterface11.xml
----------------- Instantiating /home/travis/build/icyphy/ptII/ptolemy/domains/continuous/test/auto/CausalityInterface11.xml
3 ms. Memory: 225280K Free: 114435K (51%)
----------------- Invoking toplevel() on ptolemy.moml.MoMLSimpleApplication@2062a04e
----------------- Done invoking toplevel() on ptolemy.moml.MoMLSimpleApplication@2062a04e
reloadAllAccessors: .CausalityInterface11

===========================================================================================
----------------- testing Mon Mar 02 07:04:45 UTC 2020 /home/travis/build/icyphy/ptII/ptolemy/domains/continuous/test/auto/CausalityInterface12.xml
----------------- Instantiating /home/travis/build/icyphy/ptII/ptolemy/domains/continuous/test/auto/CausalityInterface12.xml
5 ms. Memory: 225280K Free: 108291K (48%)
----------------- Invoking toplevel() on ptolemy.moml.MoMLSimpleApplication@66218eb1
----------------- Done invoking toplevel() on ptolemy.moml.MoMLSimpleApplication@66218eb1
reloadAllAccessors: .CausalityInterface12

===========================================================================================
----------------- testing Mon Mar 02 07:04:45 UTC 2020 /home/travis/build/icyphy/ptII/ptolemy/domains/continuous/test/auto/CausalityInterface13.xml
----------------- Instantiating /home/travis/build/icyphy/ptII/ptolemy/domains/continuous/test/auto/CausalityInterface13.xml
4 ms. Memory: 225280K Free: 102147K (45%)
----------------- Invoking toplevel() on ptolemy.moml.MoMLSimpleApplication@11ea1e38
----------------- Done invoking toplevel() on ptolemy.moml.MoMLSimpleApplication@11ea1e38
reloadAllAccessors: .CausalityInterface13

===========================================================================================
----------------- testing Mon Mar 02 07:04:45 UTC 2020 /home/travis/build/icyphy/ptII/ptolemy/domains/continuous/test/auto/CausalityInterface14.xml
----------------- Instantiating /home/travis/build/icyphy/ptII/ptolemy/domains/continuous/test/auto/CausalityInterface14.xml
4 ms. Memory: 225280K Free: 96499K (43%)
----------------- Invoking toplevel() on ptolemy.moml.MoMLSimpleApplication@7cf3708c
----------------- Done invoking toplevel() on ptolemy.moml.MoMLSimpleApplication@7cf3708c
reloadAllAccessors: .CausalityInterface14

===========================================================================================
----------------- testing Mon Mar 02 07:04:45 UTC 2020 /home/travis/build/icyphy/ptII/ptolemy/domains/continuous/test/auto/CausalityInterface4.xml
----------------- Instantiating /home/travis/build/icyphy/ptII/ptolemy/domains/continuous/test/auto/CausalityInterface4.xml
11 ms. Memory: 225280K Free: 89859K (40%)
----------------- Invoking toplevel() on ptolemy.moml.MoMLSimpleApplication@a2e9496
----------------- Done invoking toplevel() on ptolemy.moml.MoMLSimpleApplication@a2e9496
reloadAllAccessors: .CausalityInterface4

===========================================================================================
----------------- testing Mon Mar 02 07:04:45 UTC 2020 /home/travis/build/icyphy/ptII/ptolemy/domains/continuous/test/auto/CausalityInterface5.xml
----------------- Instantiating /home/travis/build/icyphy/ptII/ptolemy/domains/continuous/test/auto/CausalityInterface5.xml
11 ms. Memory: 225280K Free: 81667K (36%)
----------------- Invoking toplevel() on ptolemy.moml.MoMLSimpleApplication@77405b65
----------------- Done invoking toplevel() on ptolemy.moml.MoMLSimpleApplication@77405b65
reloadAllAccessors: .CausalityInterface5

===========================================================================================
----------------- testing Mon Mar 02 07:04:45 UTC 2020 /home/travis/build/icyphy/ptII/ptolemy/domains/continuous/test/auto/CausalityInterface6.xml
----------------- Instantiating /home/travis/build/icyphy/ptII/ptolemy/domains/continuous/test/auto/CausalityInterface6.xml
5 ms. Memory: 225280K Free: 76547K (34%)
----------------- Invoking toplevel() on ptolemy.moml.MoMLSimpleApplication@45a6bc43
----------------- Done invoking toplevel() on ptolemy.moml.MoMLSimpleApplication@45a6bc43
reloadAllAccessors: .CausalityInterface6

===========================================================================================
----------------- testing Mon Mar 02 07:04:45 UTC 2020 /home/travis/build/icyphy/ptII/ptolemy/domains/continuous/test/auto/CausalityInterface7.xml
----------------- Instantiating /home/travis/build/icyphy/ptII/ptolemy/domains/continuous/test/auto/CausalityInterface7.xml
10 ms. Memory: 225280K Free: 201889K (90%)
----------------- Invoking toplevel() on ptolemy.moml.MoMLSimpleApplication@3ca6850d
----------------- Done invoking toplevel() on ptolemy.moml.MoMLSimpleApplication@3ca6850d
reloadAllAccessors: .CausalityInterface7

===========================================================================================
----------------- testing Mon Mar 02 07:04:45 UTC 2020 /home/travis/build/icyphy/ptII/ptolemy/domains/continuous/test/auto/CausalityInterface8.xml
----------------- Instantiating /home/travis/build/icyphy/ptII/ptolemy/domains/continuous/test/auto/CausalityInterface8.xml
8 ms. Memory: 225280K Free: 192673K (86%)
----------------- Invoking toplevel() on ptolemy.moml.MoMLSimpleApplication@529d15b8
----------------- Done invoking toplevel() on ptolemy.moml.MoMLSimpleApplication@529d15b8
reloadAllAccessors: .CausalityInterface8

===========================================================================================
----------------- testing Mon Mar 02 07:04:45 UTC 2020 /home/travis/build/icyphy/ptII/ptolemy/domains/continuous/test/auto/CausalityInterface9.xml
----------------- Instantiating /home/travis/build/icyphy/ptII/ptolemy/domains/continuous/test/auto/CausalityInterface9.xml
5 ms. Memory: 225280K Free: 181923K (81%)
----------------- Invoking toplevel() on ptolemy.moml.MoMLSimpleApplication@6938fa9c
----------------- Done invoking toplevel() on ptolemy.moml.MoMLSimpleApplication@6938fa9c
reloadAllAccessors: .CausalityInterface9

===========================================================================================
----------------- testing Mon Mar 02 07:04:45 UTC 2020 /home/travis/build/icyphy/ptII/ptolemy/domains/continuous/test/auto/CausalityInterfaceFeedback1.xml
----------------- Instantiating /home/travis/build/icyphy/ptII/ptolemy/domains/continuous/test/auto/CausalityInterfaceFeedback1.xml
4 ms. Memory: 225280K Free: 175251K (78%)
----------------- Invoking toplevel() on ptolemy.moml.MoMLSimpleApplication@3c26daac
----------------- Done invoking toplevel() on ptolemy.moml.MoMLSimpleApplication@3c26daac
reloadAllAccessors: .CausalityInterfaceFeedback1

===========================================================================================
----------------- testing Mon Mar 02 07:04:45 UTC 2020 /home/travis/build/icyphy/ptII/ptolemy/domains/continuous/test/auto/CausalityInterfaceFeedback2.xml
----------------- Instantiating /home/travis/build/icyphy/ptII/ptolemy/domains/continuous/test/auto/CausalityInterfaceFeedback2.xml
4 ms. Memory: 225280K Free: 168611K (75%)
----------------- Invoking toplevel() on ptolemy.moml.MoMLSimpleApplication@32ba84d4
----------------- Done invoking toplevel() on ptolemy.moml.MoMLSimpleApplication@32ba84d4
reloadAllAccessors: .CausalityInterfaceFeedback2

===========================================================================================
----------------- testing Mon Mar 02 07:04:45 UTC 2020 /home/travis/build/icyphy/ptII/ptolemy/domains/continuous/test/auto/CompareWithCurrentTime.xml
----------------- Instantiating /home/travis/build/icyphy/ptII/ptolemy/domains/continuous/test/auto/CompareWithCurrentTime.xml
3 ms. Memory: 225280K Free: 164515K (73%)
----------------- Invoking toplevel() on ptolemy.moml.MoMLSimpleApplication@76a5c218
----------------- Done invoking toplevel() on ptolemy.moml.MoMLSimpleApplication@76a5c218
reloadAllAccessors: .CompareWithCurrentTime

===========================================================================================
----------------- testing Mon Mar 02 07:04:45 UTC 2020 /home/travis/build/icyphy/ptII/ptolemy/domains/continuous/test/auto/ComparedClocks.xml
----------------- Instantiating /home/travis/build/icyphy/ptII/ptolemy/domains/continuous/test/auto/ComparedClocks.xml
5 ms. Memory: 225280K Free: 149155K (66%)
----------------- Invoking toplevel() on ptolemy.moml.MoMLSimpleApplication@3e1ec31c
----------------- Done invoking toplevel() on ptolemy.moml.MoMLSimpleApplication@3e1ec31c
reloadAllAccessors: .ComparedClocks

===========================================================================================
----------------- testing Mon Mar 02 07:04:45 UTC 2020 /home/travis/build/icyphy/ptII/ptolemy/domains/continuous/test/auto/ContinuousAOCClone.xml
----------------- Instantiating /home/travis/build/icyphy/ptII/ptolemy/domains/continuous/test/auto/ContinuousAOCClone.xml
2468 ms. Memory: 274432K Free: 202928K (74%)
----------------- Invoking toplevel() on ptolemy.moml.MoMLSimpleApplication@7a90b69a
----------------- Done invoking toplevel() on ptolemy.moml.MoMLSimpleApplication@7a90b69a
reloadAllAccessors: .ContinuousAOCClone

===========================================================================================
----------------- testing Mon Mar 02 07:04:48 UTC 2020 /home/travis/build/icyphy/ptII/ptolemy/domains/continuous/test/auto/ContinuousClock.xml
----------------- Instantiating /home/travis/build/icyphy/ptII/ptolemy/domains/continuous/test/auto/ContinuousClock.xml
26 ms. Memory: 274432K Free: 180910K (66%)
----------------- Invoking toplevel() on ptolemy.moml.MoMLSimpleApplication@3896b9e3
----------------- Done invoking toplevel() on ptolemy.moml.MoMLSimpleApplication@3896b9e3
reloadAllAccessors: .ContinuousClock

===========================================================================================
----------------- testing Mon Mar 02 07:04:48 UTC 2020 /home/travis/build/icyphy/ptII/ptolemy/domains/continuous/test/auto/ContinuousInContinuous.xml
----------------- Instantiating /home/travis/build/icyphy/ptII/ptolemy/domains/continuous/test/auto/ContinuousInContinuous.xml
39 ms. Memory: 274432K Free: 157351K (57%)
----------------- Invoking toplevel() on ptolemy.moml.MoMLSimpleApplication@4cae8da1
----------------- Done invoking toplevel() on ptolemy.moml.MoMLSimpleApplication@4cae8da1
reloadAllAccessors: .ContinuousInContinuous

===========================================================================================
----------------- testing Mon Mar 02 07:04:48 UTC 2020 /home/travis/build/icyphy/ptII/ptolemy/domains/continuous/test/auto/ContinuousInContinuousInContinuous.xml
----------------- Instantiating /home/travis/build/icyphy/ptII/ptolemy/domains/continuous/test/auto/ContinuousInContinuousInContinuous.xml
6 ms. Memory: 274432K Free: 149680K (55%)
----------------- Invoking toplevel() on ptolemy.moml.MoMLSimpleApplication@4ae402a1
----------------- Done invoking toplevel() on ptolemy.moml.MoMLSimpleApplication@4ae402a1
reloadAllAccessors: .ContinuousInContinuousInContinuous

===========================================================================================
----------------- testing Mon Mar 02 07:04:48 UTC 2020 /home/travis/build/icyphy/ptII/ptolemy/domains/continuous/test/auto/ContinuousInDE.xml
----------------- Instantiating /home/travis/build/icyphy/ptII/ptolemy/domains/continuous/test/auto/ContinuousInDE.xml
82 ms. Memory: 274432K Free: 139440K (51%)
----------------- Invoking toplevel() on ptolemy.moml.MoMLSimpleApplication@50abea7e
----------------- Done invoking toplevel() on ptolemy.moml.MoMLSimpleApplication@50abea7e
reloadAllAccessors: .ContinuousInDE

===========================================================================================
----------------- testing Mon Mar 02 07:04:48 UTC 2020 /home/travis/build/icyphy/ptII/ptolemy/domains/continuous/test/auto/ContinuousInDE2.xml
----------------- Instantiating /home/travis/build/icyphy/ptII/ptolemy/domains/continuous/test/auto/ContinuousInDE2.xml
39 ms. Memory: 274432K Free: 129710K (47%)
----------------- Invoking toplevel() on ptolemy.moml.MoMLSimpleApplication@3371ef5e
----------------- Done invoking toplevel() on ptolemy.moml.MoMLSimpleApplication@3371ef5e
reloadAllAccessors: .ContinuousInDE2

===========================================================================================
----------------- testing Mon Mar 02 07:04:48 UTC 2020 /home/travis/build/icyphy/ptII/ptolemy/domains/continuous/test/auto/ContinuousInDE3.xml
----------------- Instantiating /home/travis/build/icyphy/ptII/ptolemy/domains/continuous/test/auto/ContinuousInDE3.xml
35 ms. Memory: 274432K Free: 119984K (44%)
----------------- Invoking toplevel() on ptolemy.moml.MoMLSimpleApplication@73e73662
----------------- Done invoking toplevel() on ptolemy.moml.MoMLSimpleApplication@73e73662
reloadAllAccessors: .ContinuousInDE3

===========================================================================================
----------------- testing Mon Mar 02 07:04:48 UTC 2020 /home/travis/build/icyphy/ptII/ptolemy/domains/continuous/test/auto/ContinuousInDE4.xml
----------------- Instantiating /home/travis/build/icyphy/ptII/ptolemy/domains/continuous/test/auto/ContinuousInDE4.xml
14 ms. Memory: 274432K Free: 113840K (41%)
----------------- Invoking toplevel() on ptolemy.moml.MoMLSimpleApplication@7fa5243
----------------- Done invoking toplevel() on ptolemy.moml.MoMLSimpleApplication@7fa5243
reloadAllAccessors: .ContinuousInDE4

===========================================================================================
----------------- testing Mon Mar 02 07:04:48 UTC 2020 /home/travis/build/icyphy/ptII/ptolemy/domains/continuous/test/auto/ContinuousInDEDifferentRefinements.xml
----------------- Instantiating /home/travis/build/icyphy/ptII/ptolemy/domains/continuous/test/auto/ContinuousInDEDifferentRefinements.xml
60 ms. Memory: 274432K Free: 245497K (89%)
----------------- Invoking toplevel() on ptolemy.moml.MoMLSimpleApplication@5fe27163
----------------- Done invoking toplevel() on ptolemy.moml.MoMLSimpleApplication@5fe27163
reloadAllAccessors: .ContinuousInDEDifferentRefinements

===========================================================================================
----------------- testing Mon Mar 02 07:04:48 UTC 2020 /home/travis/build/icyphy/ptII/ptolemy/domains/continuous/test/auto/ContinuousInDEDifferentRefinementsPreemptive.xml
----------------- Instantiating /home/travis/build/icyphy/ptII/ptolemy/domains/continuous/test/auto/ContinuousInDEDifferentRefinementsPreemptive.xml
48 ms. Memory: 274432K Free: 214095K (78%)
----------------- Invoking toplevel() on ptolemy.moml.MoMLSimpleApplication@110d69b9
----------------- Done invoking toplevel() on ptolemy.moml.MoMLSimpleApplication@110d69b9
reloadAllAccessors: .ContinuousInDEDifferentRefinementsPreemptive

===========================================================================================
----------------- testing Mon Mar 02 07:04:48 UTC 2020 /home/travis/build/icyphy/ptII/ptolemy/domains/continuous/test/auto/ContinuousInDEInContinuous2.xml
----------------- Instantiating /home/travis/build/icyphy/ptII/ptolemy/domains/continuous/test/auto/ContinuousInDEInContinuous2.xml
35 ms. Memory: 274432K Free: 202317K (74%)
----------------- Invoking toplevel() on ptolemy.moml.MoMLSimpleApplication@1f18f4ac
----------------- Done invoking toplevel() on ptolemy.moml.MoMLSimpleApplication@1f18f4ac
reloadAllAccessors: .ContinuousInDEInContinuous2

===========================================================================================
----------------- testing Mon Mar 02 07:04:48 UTC 2020 /home/travis/build/icyphy/ptII/ptolemy/domains/continuous/test/auto/ContinuousInDEInContinuous3.xml
----------------- Instantiating /home/travis/build/icyphy/ptII/ptolemy/domains/continuous/test/auto/ContinuousInDEInContinuous3.xml
32 ms. Memory: 274432K Free: 190543K (69%)
----------------- Invoking toplevel() on ptolemy.moml.MoMLSimpleApplication@42982be3
----------------- Done invoking toplevel() on ptolemy.moml.MoMLSimpleApplication@42982be3
reloadAllAccessors: .ContinuousInDEInContinuous3

===========================================================================================
----------------- testing Mon Mar 02 07:04:49 UTC 2020 /home/travis/build/icyphy/ptII/ptolemy/domains/continuous/test/auto/ContinuousInDEInput.xml
----------------- Instantiating /home/travis/build/icyphy/ptII/ptolemy/domains/continuous/test/auto/ContinuousInDEInput.xml
14 ms. Memory: 274432K Free: 183375K (67%)
----------------- Invoking toplevel() on ptolemy.moml.MoMLSimpleApplication@764922ae
----------------- Done invoking toplevel() on ptolemy.moml.MoMLSimpleApplication@764922ae
reloadAllAccessors: .ContinuousInDEInput

===========================================================================================
----------------- testing Mon Mar 02 07:04:49 UTC 2020 /home/travis/build/icyphy/ptII/ptolemy/domains/continuous/test/auto/ContinuousInDEInput2.xml
----------------- Instantiating /home/travis/build/icyphy/ptII/ptolemy/domains/continuous/test/auto/ContinuousInDEInput2.xml
12 ms. Memory: 274432K Free: 175693K (64%)
----------------- Invoking toplevel() on ptolemy.moml.MoMLSimpleApplication@26cba853
----------------- Done invoking toplevel() on ptolemy.moml.MoMLSimpleApplication@26cba853
reloadAllAccessors: .ContinuousInDEInput2

===========================================================================================
----------------- testing Mon Mar 02 07:04:49 UTC 2020 /home/travis/build/icyphy/ptII/ptolemy/domains/continuous/test/auto/ContinuousInDEInput3.xml
----------------- Instantiating /home/travis/build/icyphy/ptII/ptolemy/domains/continuous/test/auto/ContinuousInDEInput3.xml
11 ms. Memory: 274432K Free: 168525K (61%)
----------------- Invoking toplevel() on ptolemy.moml.MoMLSimpleApplication@468d3e17
----------------- Done invoking toplevel() on ptolemy.moml.MoMLSimpleApplication@468d3e17
reloadAllAccessors: .ContinuousInDEInput3

===========================================================================================
----------------- testing Mon Mar 02 07:04:49 UTC 2020 /home/travis/build/icyphy/ptII/ptolemy/domains/continuous/test/auto/ContinuousInDESharingRefinement.xml
----------------- Instantiating /home/travis/build/icyphy/ptII/ptolemy/domains/continuous/test/auto/ContinuousInDESharingRefinement.xml
166 ms. Memory: 274432K Free: 237722K (87%)
----------------- Invoking toplevel() on ptolemy.moml.MoMLSimpleApplication@5cc9625a
----------------- Done invoking toplevel() on ptolemy.moml.MoMLSimpleApplication@5cc9625a
reloadAllAccessors: .ContinuousInDESharingRefinement

===========================================================================================
----------------- testing Mon Mar 02 07:04:49 UTC 2020 /home/travis/build/icyphy/ptII/ptolemy/domains/continuous/test/auto/ContinuousInDEwithNoPorts.xml
----------------- Instantiating /home/travis/build/icyphy/ptII/ptolemy/domains/continuous/test/auto/ContinuousInDEwithNoPorts.xml
2 ms. Memory: 274432K Free: 233082K (85%)
----------------- Invoking toplevel() on ptolemy.moml.MoMLSimpleApplication@196b9e54
----------------- Done invoking toplevel() on ptolemy.moml.MoMLSimpleApplication@196b9e54
reloadAllAccessors: .ContinuousInDEwithNoPorts

===========================================================================================
----------------- testing Mon Mar 02 07:04:49 UTC 2020 /home/travis/build/icyphy/ptII/ptolemy/domains/continuous/test/auto/ContinuousInsideDE.xml
----------------- Instantiating /home/travis/build/icyphy/ptII/ptolemy/domains/continuous/test/auto/ContinuousInsideDE.xml
30 ms. Memory: 274432K Free: 221338K (81%)
----------------- Invoking toplevel() on ptolemy.moml.MoMLSimpleApplication@722a58ab
----------------- Done invoking toplevel() on ptolemy.moml.MoMLSimpleApplication@722a58ab
reloadAllAccessors: .ContinuousInsideDE

===========================================================================================
----------------- testing Mon Mar 02 07:04:49 UTC 2020 /home/travis/build/icyphy/ptII/ptolemy/domains/continuous/test/auto/ContinuousMerge1.xml
----------------- Instantiating /home/travis/build/icyphy/ptII/ptolemy/domains/continuous/test/auto/ContinuousMerge1.xml
3 ms. Memory: 274432K Free: 216698K (79%)
----------------- Invoking toplevel() on ptolemy.moml.MoMLSimpleApplication@5b6349e9
----------------- Done invoking toplevel() on ptolemy.moml.MoMLSimpleApplication@5b6349e9
reloadAllAccessors: .ContinuousMerge1

===========================================================================================
----------------- testing Mon Mar 02 07:04:49 UTC 2020 /home/travis/build/icyphy/ptII/ptolemy/domains/continuous/test/auto/ContinuousMerge2.xml
----------------- Instantiating /home/travis/build/icyphy/ptII/ptolemy/domains/continuous/test/auto/ContinuousMerge2.xml
14 ms. Memory: 274432K Free: 206488K (75%)
----------------- Invoking toplevel() on ptolemy.moml.MoMLSimpleApplication@624e8fab
----------------- Done invoking toplevel() on ptolemy.moml.MoMLSimpleApplication@624e8fab
reloadAllAccessors: .ContinuousMerge2

===========================================================================================
----------------- testing Mon Mar 02 07:04:49 UTC 2020 /home/travis/build/icyphy/ptII/ptolemy/domains/continuous/test/auto/ContinuousMerge3.xml
----------------- Instantiating /home/travis/build/icyphy/ptII/ptolemy/domains/continuous/test/auto/ContinuousMerge3.xml
36 ms. Memory: 274432K Free: 195738K (71%)
----------------- Invoking toplevel() on ptolemy.moml.MoMLSimpleApplication@6c04ff84
----------------- Done invoking toplevel() on ptolemy.moml.MoMLSimpleApplication@6c04ff84
reloadAllAccessors: .ContinuousMerge3

===========================================================================================
----------------- testing Mon Mar 02 07:04:49 UTC 2020 /home/travis/build/icyphy/ptII/ptolemy/domains/continuous/test/auto/ContinuousWithinContinuous.xml
----------------- Instantiating /home/travis/build/icyphy/ptII/ptolemy/domains/continuous/test/auto/ContinuousWithinContinuous.xml
31 ms. Memory: 274432K Free: 186008K (68%)
----------------- Invoking toplevel() on ptolemy.moml.MoMLSimpleApplication@56d655
----------------- Done invoking toplevel() on ptolemy.moml.MoMLSimpleApplication@56d655
reloadAllAccessors: .ContinuousWithinContinuous

===========================================================================================
----------------- testing Mon Mar 02 07:04:49 UTC 2020 /home/travis/build/icyphy/ptII/ptolemy/domains/continuous/test/auto/ContinuousWithinContinuous2.xml
----------------- Instantiating /home/travis/build/icyphy/ptII/ptolemy/domains/continuous/test/auto/ContinuousWithinContinuous2.xml
59 ms. Memory: 274432K Free: 175258K (64%)
----------------- Invoking toplevel() on ptolemy.moml.MoMLSimpleApplication@765e72cf
----------------- Done invoking toplevel() on ptolemy.moml.MoMLSimpleApplication@765e72cf
reloadAllAccessors: .ContinuousWithinContinuous2

===========================================================================================
----------------- testing Mon Mar 02 07:04:49 UTC 2020 /home/travis/build/icyphy/ptII/ptolemy/domains/continuous/test/auto/ContinuousWithinContinuous3.xml
----------------- Instantiating /home/travis/build/icyphy/ptII/ptolemy/domains/continuous/test/auto/ContinuousWithinContinuous3.xml
12 ms. Memory: 274432K Free: 168600K (61%)
----------------- Invoking toplevel() on ptolemy.moml.MoMLSimpleApplication@4d91ffaf
----------------- Done invoking toplevel() on ptolemy.moml.MoMLSimpleApplication@4d91ffaf
reloadAllAccessors: .ContinuousWithinContinuous3

===========================================================================================
----------------- testing Mon Mar 02 07:04:49 UTC 2020 /home/travis/build/icyphy/ptII/ptolemy/domains/continuous/test/auto/ContinuousWithinContinuous4.xml
----------------- Instantiating /home/travis/build/icyphy/ptII/ptolemy/domains/continuous/test/auto/ContinuousWithinContinuous4.xml
54 ms. Memory: 274432K Free: 156312K (57%)
----------------- Invoking toplevel() on ptolemy.moml.MoMLSimpleApplication@2bb1896a
----------------- Done invoking toplevel() on ptolemy.moml.MoMLSimpleApplication@2bb1896a
reloadAllAccessors: .ContinuousWithinContinuous4

===========================================================================================
----------------- testing Mon Mar 02 07:04:49 UTC 2020 /home/travis/build/icyphy/ptII/ptolemy/domains/continuous/test/auto/ContinuousWithinContinuous5.xml
----------------- Instantiating /home/travis/build/icyphy/ptII/ptolemy/domains/continuous/test/auto/ContinuousWithinContinuous5.xml
10 ms. Memory: 274432K Free: 149144K (54%)
----------------- Invoking toplevel() on ptolemy.moml.MoMLSimpleApplication@24499308
----------------- Done invoking toplevel() on ptolemy.moml.MoMLSimpleApplication@24499308
reloadAllAccessors: .ContinuousWithinContinuous5

===========================================================================================
----------------- testing Mon Mar 02 07:04:49 UTC 2020 /home/travis/build/icyphy/ptII/ptolemy/domains/continuous/test/auto/ContinuousWithinContinuous6.xml
----------------- Instantiating /home/travis/build/icyphy/ptII/ptolemy/domains/continuous/test/auto/ContinuousWithinContinuous6.xml
17 ms. Memory: 274432K Free: 141976K (52%)
----------------- Invoking toplevel() on ptolemy.moml.MoMLSimpleApplication@3b172408
----------------- Done invoking toplevel() on ptolemy.moml.MoMLSimpleApplication@3b172408
reloadAllAccessors: .ContinuousWithinContinuous6

===========================================================================================
----------------- testing Mon Mar 02 07:04:49 UTC 2020 /home/travis/build/icyphy/ptII/ptolemy/domains/continuous/test/auto/ContinuousWithinContinuous7.xml
----------------- Instantiating /home/travis/build/icyphy/ptII/ptolemy/domains/continuous/test/auto/ContinuousWithinContinuous7.xml
44 ms. Memory: 274432K Free: 130712K (48%)
----------------- Invoking toplevel() on ptolemy.moml.MoMLSimpleApplication@4aa83dfa
----------------- Done invoking toplevel() on ptolemy.moml.MoMLSimpleApplication@4aa83dfa
reloadAllAccessors: .ContinuousWithinContinuous7

===========================================================================================
----------------- testing Mon Mar 02 07:04:49 UTC 2020 /home/travis/build/icyphy/ptII/ptolemy/domains/continuous/test/auto/DCMotor.xml
----------------- Instantiating /home/travis/build/icyphy/ptII/ptolemy/domains/continuous/test/auto/DCMotor.xml
13340 ms. Memory: 274432K Free: 128202K (47%)
----------------- Invoking toplevel() on ptolemy.moml.MoMLSimpleApplication@316ae632
----------------- Done invoking toplevel() on ptolemy.moml.MoMLSimpleApplication@316ae632
reloadAllAccessors: .DCMotor

===========================================================================================
----------------- testing Mon Mar 02 07:05:03 UTC 2020 /home/travis/build/icyphy/ptII/ptolemy/domains/continuous/test/auto/DEInContinuous.xml
----------------- Instantiating /home/travis/build/icyphy/ptII/ptolemy/domains/continuous/test/auto/DEInContinuous.xml
8 ms. Memory: 274432K Free: 122088K (44%)
----------------- Invoking toplevel() on ptolemy.moml.MoMLSimpleApplication@b136a2c
----------------- Done invoking toplevel() on ptolemy.moml.MoMLSimpleApplication@b136a2c
reloadAllAccessors: .DEInContinuous

===========================================================================================
----------------- testing Mon Mar 02 07:05:03 UTC 2020 /home/travis/build/icyphy/ptII/ptolemy/domains/continuous/test/auto/DEinContinuous2.xml
----------------- Instantiating /home/travis/build/icyphy/ptII/ptolemy/domains/continuous/test/auto/DEinContinuous2.xml
10 ms. Memory: 274432K Free: 114410K (42%)
----------------- Invoking toplevel() on ptolemy.moml.MoMLSimpleApplication@35b4a9d2
----------------- Done invoking toplevel() on ptolemy.moml.MoMLSimpleApplication@35b4a9d2
reloadAllAccessors: .DEinContinuous2

===========================================================================================
----------------- testing Mon Mar 02 07:05:03 UTC 2020 /home/travis/build/icyphy/ptII/ptolemy/domains/continuous/test/auto/Derivative.xml
----------------- Instantiating /home/travis/build/icyphy/ptII/ptolemy/domains/continuous/test/auto/Derivative.xml
132 ms. Memory: 274432K Free: 247780K (90%)
----------------- Invoking toplevel() on ptolemy.moml.MoMLSimpleApplication@21cf8184
----------------- Done invoking toplevel() on ptolemy.moml.MoMLSimpleApplication@21cf8184
reloadAllAccessors: .Derivative2

===========================================================================================
----------------- testing Mon Mar 02 07:05:03 UTC 2020 /home/travis/build/icyphy/ptII/ptolemy/domains/continuous/test/auto/Derivative1.xml
----------------- Instantiating /home/travis/build/icyphy/ptII/ptolemy/domains/continuous/test/auto/Derivative1.xml
52 ms. Memory: 274432K Free: 233219K (85%)
----------------- Invoking toplevel() on ptolemy.moml.MoMLSimpleApplication@6fca696c
----------------- Done invoking toplevel() on ptolemy.moml.MoMLSimpleApplication@6fca696c
reloadAllAccessors: .Derivative1

===========================================================================================
----------------- testing Mon Mar 02 07:05:03 UTC 2020 /home/travis/build/icyphy/ptII/ptolemy/domains/continuous/test/auto/DiscreteClock.xml
----------------- Instantiating /home/travis/build/icyphy/ptII/ptolemy/domains/continuous/test/auto/DiscreteClock.xml
5 ms. Memory: 274432K Free: 228099K (83%)
----------------- Invoking toplevel() on ptolemy.moml.MoMLSimpleApplication@2f5879ab
----------------- Done invoking toplevel() on ptolemy.moml.MoMLSimpleApplication@2f5879ab
reloadAllAccessors: .DiscreteClock

===========================================================================================
----------------- testing Mon Mar 02 07:05:03 UTC 2020 /home/travis/build/icyphy/ptII/ptolemy/domains/continuous/test/auto/EfficiencyCurve.xml
----------------- Instantiating /home/travis/build/icyphy/ptII/ptolemy/domains/continuous/test/auto/EfficiencyCurve.xml
44 ms. Memory: 274432K Free: 219397K (80%)
----------------- Invoking toplevel() on ptolemy.moml.MoMLSimpleApplication@162f041a
----------------- Done invoking toplevel() on ptolemy.moml.MoMLSimpleApplication@162f041a
reloadAllAccessors: .EfficiencyCurve

===========================================================================================
----------------- testing Mon Mar 02 07:05:03 UTC 2020 /home/travis/build/icyphy/ptII/ptolemy/domains/continuous/test/auto/ExponentialResponse.xml
----------------- Instantiating /home/travis/build/icyphy/ptII/ptolemy/domains/continuous/test/auto/ExponentialResponse.xml
104 ms. Memory: 274432K Free: 204037K (74%)
----------------- Invoking toplevel() on ptolemy.moml.MoMLSimpleApplication@11506235
----------------- Done invoking toplevel() on ptolemy.moml.MoMLSimpleApplication@11506235
reloadAllAccessors: .ExponentialResponse

===========================================================================================
----------------- testing Mon Mar 02 07:05:03 UTC 2020 /home/travis/build/icyphy/ptII/ptolemy/domains/continuous/test/auto/ExponentialResponseRK45.xml
----------------- Instantiating /home/travis/build/icyphy/ptII/ptolemy/domains/continuous/test/auto/ExponentialResponseRK45.xml
35 ms. Memory: 274432K Free: 196869K (72%)
----------------- Invoking toplevel() on ptolemy.moml.MoMLSimpleApplication@64aa9032
----------------- Done invoking toplevel() on ptolemy.moml.MoMLSimpleApplication@64aa9032
reloadAllAccessors: .ExponentialResponseRK45

===========================================================================================
----------------- testing Mon Mar 02 07:05:03 UTC 2020 /home/travis/build/icyphy/ptII/ptolemy/domains/continuous/test/auto/Friction.xml
----------------- Instantiating /home/travis/build/icyphy/ptII/ptolemy/domains/continuous/test/auto/Friction.xml
1608 ms. Memory: 274432K Free: 96873K (35%)
----------------- Invoking toplevel() on ptolemy.moml.MoMLSimpleApplication@686f4ef0
----------------- Done invoking toplevel() on ptolemy.moml.MoMLSimpleApplication@686f4ef0
reloadAllAccessors: .Friction

===========================================================================================
----------------- testing Mon Mar 02 07:05:05 UTC 2020 /home/travis/build/icyphy/ptII/ptolemy/domains/continuous/test/auto/FurutaPendulum.xml
----------------- Instantiating /home/travis/build/icyphy/ptII/ptolemy/domains/continuous/test/auto/FurutaPendulum.xml
2998 ms. Memory: 274432K Free: 245376K (89%)
----------------- Invoking toplevel() on ptolemy.moml.MoMLSimpleApplication@1e25fc04
----------------- Done invoking toplevel() on ptolemy.moml.MoMLSimpleApplication@1e25fc04
reloadAllAccessors: .FurutaPendulum

===========================================================================================
----------------- testing Mon Mar 02 07:05:08 UTC 2020 /home/travis/build/icyphy/ptII/ptolemy/domains/continuous/test/auto/HierarchicalExecution.xml
----------------- Instantiating /home/travis/build/icyphy/ptII/ptolemy/domains/continuous/test/auto/HierarchicalExecution.xml
1699 ms. Memory: 274432K Free: 125725K (46%)
----------------- Invoking toplevel() on ptolemy.moml.MoMLSimpleApplication@5bf63ba0
----------------- Done invoking toplevel() on ptolemy.moml.MoMLSimpleApplication@5bf63ba0
reloadAllAccessors: .HierarchicalExecution

===========================================================================================
----------------- testing Mon Mar 02 07:05:11 UTC 2020 /home/travis/build/icyphy/ptII/ptolemy/domains/continuous/test/auto/HybridPlant.xml
----------------- Instantiating /home/travis/build/icyphy/ptII/ptolemy/domains/continuous/test/auto/HybridPlant.xml
497 ms. Memory: 274432K Free: 185905K (68%)
----------------- Invoking toplevel() on ptolemy.moml.MoMLSimpleApplication@49d001bd
----------------- Done invoking toplevel() on ptolemy.moml.MoMLSimpleApplication@49d001bd
reloadAllAccessors: .HybridPlant

===========================================================================================
----------------- testing Mon Mar 02 07:05:11 UTC 2020 /home/travis/build/icyphy/ptII/ptolemy/domains/continuous/test/auto/Hysteresis.xml
----------------- Instantiating /home/travis/build/icyphy/ptII/ptolemy/domains/continuous/test/auto/Hysteresis.xml
152 ms. Memory: 274432K Free: 123441K (45%)
----------------- Invoking toplevel() on ptolemy.moml.MoMLSimpleApplication@2df2eff9
----------------- Done invoking toplevel() on ptolemy.moml.MoMLSimpleApplication@2df2eff9
reloadAllAccessors: .Hysteresis

===========================================================================================
----------------- testing Mon Mar 02 07:05:11 UTC 2020 /home/travis/build/icyphy/ptII/ptolemy/domains/continuous/test/auto/HysteresisWithRandomDelay.xml
----------------- Instantiating /home/travis/build/icyphy/ptII/ptolemy/domains/continuous/test/auto/HysteresisWithRandomDelay.xml
194 ms. Memory: 274432K Free: 213389K (78%)
----------------- Invoking toplevel() on ptolemy.moml.MoMLSimpleApplication@20dbfb5f
----------------- Done invoking toplevel() on ptolemy.moml.MoMLSimpleApplication@20dbfb5f
reloadAllAccessors: .HysteresisWithRandomDelay

===========================================================================================
----------------- testing Mon Mar 02 07:05:12 UTC 2020 /home/travis/build/icyphy/ptII/ptolemy/domains/continuous/test/auto/HysteresisWithRandomLosses.xml
----------------- Instantiating /home/travis/build/icyphy/ptII/ptolemy/domains/continuous/test/auto/HysteresisWithRandomLosses.xml
2471 ms. Memory: 274432K Free: 118894K (43%)
----------------- Invoking toplevel() on ptolemy.moml.MoMLSimpleApplication@735ac41
----------------- Done invoking toplevel() on ptolemy.moml.MoMLSimpleApplication@735ac41
reloadAllAccessors: .HysteresisWithRandomLosses

===========================================================================================
----------------- testing Mon Mar 02 07:05:14 UTC 2020 /home/travis/build/icyphy/ptII/ptolemy/domains/continuous/test/auto/ImmediateTransitions.xml
----------------- Instantiating /home/travis/build/icyphy/ptII/ptolemy/domains/continuous/test/auto/ImmediateTransitions.xml
13 ms. Memory: 274432K Free: 108126K (39%)
----------------- Invoking toplevel() on ptolemy.moml.MoMLSimpleApplication@78baa8b0
----------------- Done invoking toplevel() on ptolemy.moml.MoMLSimpleApplication@78baa8b0
reloadAllAccessors: .ImmediateTransitions

===========================================================================================
----------------- testing Mon Mar 02 07:05:14 UTC 2020 /home/travis/build/icyphy/ptII/ptolemy/domains/continuous/test/auto/ImpulseFeedback.xml
----------------- Instantiating /home/travis/build/icyphy/ptII/ptolemy/domains/continuous/test/auto/ImpulseFeedback.xml
8 ms. Memory: 274432K Free: 101996K (37%)
----------------- Invoking toplevel() on ptolemy.moml.MoMLSimpleApplication@6bdccfe9
----------------- Done invoking toplevel() on ptolemy.moml.MoMLSimpleApplication@6bdccfe9
reloadAllAccessors: .ImpulseFeedback

===========================================================================================
----------------- testing Mon Mar 02 07:05:14 UTC 2020 /home/travis/build/icyphy/ptII/ptolemy/domains/continuous/test/auto/ImpulseFeedback2.xml
----------------- Instantiating /home/travis/build/icyphy/ptII/ptolemy/domains/continuous/test/auto/ImpulseFeedback2.xml
6 ms. Memory: 274432K Free: 96366K (35%)
----------------- Invoking toplevel() on ptolemy.moml.MoMLSimpleApplication@3108e2df
----------------- Done invoking toplevel() on ptolemy.moml.MoMLSimpleApplication@3108e2df
reloadAllAccessors: .ImpulseFeedback2

===========================================================================================
----------------- testing Mon Mar 02 07:05:14 UTC 2020 /home/travis/build/icyphy/ptII/ptolemy/domains/continuous/test/auto/IncreasingRatePoisson.xml
----------------- Instantiating /home/travis/build/icyphy/ptII/ptolemy/domains/continuous/test/auto/IncreasingRatePoisson.xml
727 ms. Memory: 274432K Free: 120376K (44%)
----------------- Invoking toplevel() on ptolemy.moml.MoMLSimpleApplication@46bac756
----------------- Done invoking toplevel() on ptolemy.moml.MoMLSimpleApplication@46bac756
reloadAllAccessors: .IncreasingRatePoisson

===========================================================================================
----------------- testing Mon Mar 02 07:05:15 UTC 2020 /home/travis/build/icyphy/ptII/ptolemy/domains/continuous/test/auto/InitialStateFeedback.xml
----------------- Instantiating /home/travis/build/icyphy/ptII/ptolemy/domains/continuous/test/auto/InitialStateFeedback.xml
3 ms. Memory: 274432K Free: 115784K (42%)
----------------- Invoking toplevel() on ptolemy.moml.MoMLSimpleApplication@662c6d87
----------------- Done invoking toplevel() on ptolemy.moml.MoMLSimpleApplication@662c6d87
reloadAllAccessors: .InitialStateFeedback

===========================================================================================
----------------- testing Mon Mar 02 07:05:15 UTC 2020 /home/travis/build/icyphy/ptII/ptolemy/domains/continuous/test/auto/Integration.xml
----------------- Instantiating /home/travis/build/icyphy/ptII/ptolemy/domains/continuous/test/auto/Integration.xml
5 ms. Memory: 274432K Free: 111688K (41%)
----------------- Invoking toplevel() on ptolemy.moml.MoMLSimpleApplication@3bd4ed5e
----------------- Done invoking toplevel() on ptolemy.moml.MoMLSimpleApplication@3bd4ed5e
reloadAllAccessors: .Integration

===========================================================================================
----------------- testing Mon Mar 02 07:05:15 UTC 2020 /home/travis/build/icyphy/ptII/ptolemy/domains/continuous/test/auto/Integration2.xml
----------------- Instantiating /home/travis/build/icyphy/ptII/ptolemy/domains/continuous/test/auto/Integration2.xml
77 ms. Memory: 274432K Free: 97862K (36%)
----------------- Invoking toplevel() on ptolemy.moml.MoMLSimpleApplication@7e7639dd
----------------- Done invoking toplevel() on ptolemy.moml.MoMLSimpleApplication@7e7639dd
reloadAllAccessors: .Integration2

===========================================================================================
----------------- testing Mon Mar 02 07:05:15 UTC 2020 /home/travis/build/icyphy/ptII/ptolemy/domains/continuous/test/auto/Integration3.xml
----------------- Instantiating /home/travis/build/icyphy/ptII/ptolemy/domains/continuous/test/auto/Integration3.xml
2 ms. Memory: 274432K Free: 256621K (94%)
----------------- Invoking toplevel() on ptolemy.moml.MoMLSimpleApplication@602bed08
----------------- Done invoking toplevel() on ptolemy.moml.MoMLSimpleApplication@602bed08
reloadAllAccessors: .Integration3

===========================================================================================
----------------- testing Mon Mar 02 07:05:15 UTC 2020 /home/travis/build/icyphy/ptII/ptolemy/domains/continuous/test/auto/Integration5.xml
----------------- Instantiating /home/travis/build/icyphy/ptII/ptolemy/domains/continuous/test/auto/Integration5.xml
2 ms. Memory: 274432K Free: 252539K (92%)
----------------- Invoking toplevel() on ptolemy.moml.MoMLSimpleApplication@7fa038f8
----------------- Done invoking toplevel() on ptolemy.moml.MoMLSimpleApplication@7fa038f8
reloadAllAccessors: .Integration5

===========================================================================================
----------------- testing Mon Mar 02 07:05:15 UTC 2020 /home/travis/build/icyphy/ptII/ptolemy/domains/continuous/test/auto/IntegratorImpulse.xml
----------------- Instantiating /home/travis/build/icyphy/ptII/ptolemy/domains/continuous/test/auto/IntegratorImpulse.xml
2 ms. Memory: 274432K Free: 248429K (91%)
----------------- Invoking toplevel() on ptolemy.moml.MoMLSimpleApplication@116b2acc
----------------- Done invoking toplevel() on ptolemy.moml.MoMLSimpleApplication@116b2acc
reloadAllAccessors: .IntegratorImpulse

===========================================================================================
----------------- testing Mon Mar 02 07:05:15 UTC 2020 /home/travis/build/icyphy/ptII/ptolemy/domains/continuous/test/auto/IntegratorImpulse2.xml
----------------- Instantiating /home/travis/build/icyphy/ptII/ptolemy/domains/continuous/test/auto/IntegratorImpulse2.xml
3 ms. Memory: 274432K Free: 243837K (89%)
----------------- Invoking toplevel() on ptolemy.moml.MoMLSimpleApplication@102f853a
----------------- Done invoking toplevel() on ptolemy.moml.MoMLSimpleApplication@102f853a
reloadAllAccessors: .IntegratorImpulse2

===========================================================================================
----------------- testing Mon Mar 02 07:05:15 UTC 2020 /home/travis/build/icyphy/ptII/ptolemy/domains/continuous/test/auto/LevelCrossing1.xml
----------------- Instantiating /home/travis/build/icyphy/ptII/ptolemy/domains/continuous/test/auto/LevelCrossing1.xml
2 ms. Memory: 274432K Free: 238717K (87%)
----------------- Invoking toplevel() on ptolemy.moml.MoMLSimpleApplication@6d655c04
----------------- Done invoking toplevel() on ptolemy.moml.MoMLSimpleApplication@6d655c04
reloadAllAccessors: .LevelCrossing1

===========================================================================================
----------------- testing Mon Mar 02 07:05:15 UTC 2020 /home/travis/build/icyphy/ptII/ptolemy/domains/continuous/test/auto/LevelCrossing2.xml
----------------- Instantiating /home/travis/build/icyphy/ptII/ptolemy/domains/continuous/test/auto/LevelCrossing2.xml
3 ms. Memory: 274432K Free: 233597K (85%)
----------------- Invoking toplevel() on ptolemy.moml.MoMLSimpleApplication@20c2d427
----------------- Done invoking toplevel() on ptolemy.moml.MoMLSimpleApplication@20c2d427
reloadAllAccessors: .LevelCrossing2

===========================================================================================
----------------- testing Mon Mar 02 07:05:15 UTC 2020 /home/travis/build/icyphy/ptII/ptolemy/domains/continuous/test/auto/LevelCrossing3.xml
----------------- Instantiating /home/travis/build/icyphy/ptII/ptolemy/domains/continuous/test/auto/LevelCrossing3.xml
6 ms. Memory: 274432K Free: 228477K (83%)
----------------- Invoking toplevel() on ptolemy.moml.MoMLSimpleApplication@51755b52
----------------- Done invoking toplevel() on ptolemy.moml.MoMLSimpleApplication@51755b52
reloadAllAccessors: .LevelCrossing3

===========================================================================================
----------------- testing Mon Mar 02 07:05:15 UTC 2020 /home/travis/build/icyphy/ptII/ptolemy/domains/continuous/test/auto/LevelCrossing4.xml
----------------- Instantiating /home/travis/build/icyphy/ptII/ptolemy/domains/continuous/test/auto/LevelCrossing4.xml
3 ms. Memory: 274432K Free: 223357K (81%)
----------------- Invoking toplevel() on ptolemy.moml.MoMLSimpleApplication@7ce99dc8
----------------- Done invoking toplevel() on ptolemy.moml.MoMLSimpleApplication@7ce99dc8
reloadAllAccessors: .LevelCrossing4

===========================================================================================
----------------- testing Mon Mar 02 07:05:15 UTC 2020 /home/travis/build/icyphy/ptII/ptolemy/domains/continuous/test/auto/LevelCrossing5.xml
----------------- Instantiating /home/travis/build/icyphy/ptII/ptolemy/domains/continuous/test/auto/LevelCrossing5.xml
4 ms. Memory: 274432K Free: 218237K (80%)
----------------- Invoking toplevel() on ptolemy.moml.MoMLSimpleApplication@2621b62d
----------------- Done invoking toplevel() on ptolemy.moml.MoMLSimpleApplication@2621b62d
reloadAllAccessors: .LevelCrossing5

===========================================================================================
[...]
----------------- Instantiating /home/travis/build/icyphy/ptII/ptolemy/domains/continuous/test/auto/SRinContinuous.xml
5 ms. Memory: 274432K Free: 222351K (81%)
----------------- Invoking toplevel() on ptolemy.moml.MoMLSimpleApplication@309f5dd
----------------- Done invoking toplevel() on ptolemy.moml.MoMLSimpleApplication@309f5dd
reloadAllAccessors: .SRinContinuous

===========================================================================================
----------------- testing Mon Mar 02 07:05:32 UTC 2020 /home/travis/build/icyphy/ptII/ptolemy/domains/continuous/test/auto/SampledClocks.xml
----------------- Instantiating /home/travis/build/icyphy/ptII/ptolemy/domains/continuous/test/auto/SampledClocks.xml
6 ms. Memory: 274432K Free: 209553K (76%)
----------------- Invoking toplevel() on ptolemy.moml.MoMLSimpleApplication@37caaeb1
----------------- Done invoking toplevel() on ptolemy.moml.MoMLSimpleApplication@37caaeb1
reloadAllAccessors: .SampledClocks

===========================================================================================
----------------- testing Mon Mar 02 07:05:32 UTC 2020 /home/travis/build/icyphy/ptII/ptolemy/domains/continuous/test/auto/Satellite.xml
----------------- Instantiating /home/travis/build/icyphy/ptII/ptolemy/domains/continuous/test/auto/Satellite.xml
708 ms. Memory: 274432K Free: 181686K (66%)
----------------- Invoking toplevel() on ptolemy.moml.MoMLSimpleApplication@5f252fa6
----------------- Done invoking toplevel() on ptolemy.moml.MoMLSimpleApplication@5f252fa6
reloadAllAccessors: .Satellite

===========================================================================================
----------------- testing Mon Mar 02 07:05:33 UTC 2020 /home/travis/build/icyphy/ptII/ptolemy/domains/continuous/test/auto/SigmaDelta.xml
----------------- Instantiating /home/travis/build/icyphy/ptII/ptolemy/domains/continuous/test/auto/SigmaDelta.xml
1983 ms. Memory: 274432K Free: 237622K (87%)
----------------- Invoking toplevel() on ptolemy.moml.MoMLSimpleApplication@78262be5
----------------- Done invoking toplevel() on ptolemy.moml.MoMLSimpleApplication@78262be5
reloadAllAccessors: .SigmaDelta

===========================================================================================
----------------- testing Mon Mar 02 07:05:35 UTC 2020 /home/travis/build/icyphy/ptII/ptolemy/domains/continuous/test/auto/SingleRefinement.xml
----------------- Instantiating /home/travis/build/icyphy/ptII/ptolemy/domains/continuous/test/auto/SingleRefinement.xml
318 ms. Memory: 329728K Free: 270879K (82%)
----------------- Invoking toplevel() on ptolemy.moml.MoMLSimpleApplication@7d6822a3
----------------- Done invoking toplevel() on ptolemy.moml.MoMLSimpleApplication@7d6822a3
reloadAllAccessors: .SingleRefinement

===========================================================================================
----------------- testing Mon Mar 02 07:05:35 UTC 2020 /home/travis/build/icyphy/ptII/ptolemy/domains/continuous/test/auto/SinuBouncingBall.xml
----------------- Instantiating /home/travis/build/icyphy/ptII/ptolemy/domains/continuous/test/auto/SinuBouncingBall.xml
774 ms. Memory: 329728K Free: 252693K (77%)
----------------- Invoking toplevel() on ptolemy.moml.MoMLSimpleApplication@4cf2b032
----------------- Done invoking toplevel() on ptolemy.moml.MoMLSimpleApplication@4cf2b032
reloadAllAccessors: .SinuBouncingBall

===========================================================================================
----------------- testing Mon Mar 02 07:05:36 UTC 2020 /home/travis/build/icyphy/ptII/ptolemy/domains/continuous/test/auto/Sinusoid.xml
----------------- Instantiating /home/travis/build/icyphy/ptII/ptolemy/domains/continuous/test/auto/Sinusoid.xml
4 ms. Memory: 329728K Free: 248087K (75%)
----------------- Invoking toplevel() on ptolemy.moml.MoMLSimpleApplication@49619ff
----------------- Done invoking toplevel() on ptolemy.moml.MoMLSimpleApplication@49619ff
reloadAllAccessors: .Sinusoid

===========================================================================================
----------------- testing Mon Mar 02 07:05:36 UTC 2020 /home/travis/build/icyphy/ptII/ptolemy/domains/continuous/test/auto/SinusoidInNoise.xml
----------------- Instantiating /home/travis/build/icyphy/ptII/ptolemy/domains/continuous/test/auto/SinusoidInNoise.xml
879 ms. Memory: 329728K Free: 309600K (94%)
----------------- Invoking toplevel() on ptolemy.moml.MoMLSimpleApplication@586d4c4e
----------------- Done invoking toplevel() on ptolemy.moml.MoMLSimpleApplication@586d4c4e
reloadAllAccessors: .SinusoidInNoise

===========================================================================================
----------------- testing Mon Mar 02 07:05:37 UTC 2020 /home/travis/build/icyphy/ptII/ptolemy/domains/continuous/test/auto/SinusoidRK45.xml
----------------- Instantiating /home/travis/build/icyphy/ptII/ptolemy/domains/continuous/test/auto/SinusoidRK45.xml
3 ms. Memory: 329728K Free: 304994K (92%)
----------------- Invoking toplevel() on ptolemy.moml.MoMLSimpleApplication@6b065443
----------------- Done invoking toplevel() on ptolemy.moml.MoMLSimpleApplication@6b065443
reloadAllAccessors: .SinusoidRK45

===========================================================================================
----------------- testing Mon Mar 02 07:05:37 UTC 2020 /home/travis/build/icyphy/ptII/ptolemy/domains/continuous/test/auto/SinusoidWithMultipleImpulses.xml
----------------- Instantiating /home/travis/build/icyphy/ptII/ptolemy/domains/continuous/test/auto/SinusoidWithMultipleImpulses.xml
2 ms. Memory: 329728K Free: 300384K (91%)
----------------- Invoking toplevel() on ptolemy.moml.MoMLSimpleApplication@19300d05
----------------- Done invoking toplevel() on ptolemy.moml.MoMLSimpleApplication@19300d05
reloadAllAccessors: .SinusoidWithMultipleImpulses

===========================================================================================
----------------- testing Mon Mar 02 07:05:37 UTC 2020 /home/travis/build/icyphy/ptII/ptolemy/domains/continuous/test/auto/SquareWave.xml
----------------- Instantiating /home/travis/build/icyphy/ptII/ptolemy/domains/continuous/test/auto/SquareWave.xml
149 ms. Memory: 329728K Free: 272736K (83%)
----------------- Invoking toplevel() on ptolemy.moml.MoMLSimpleApplication@3d3c5276
----------------- Done invoking toplevel() on ptolemy.moml.MoMLSimpleApplication@3d3c5276
reloadAllAccessors: .SquareWave

===========================================================================================
----------------- testing Mon Mar 02 07:05:37 UTC 2020 /home/travis/build/icyphy/ptII/ptolemy/domains/continuous/test/auto/Starmac.xml
----------------- Instantiating /home/travis/build/icyphy/ptII/ptolemy/domains/continuous/test/auto/Starmac.xml
3059 ms. Memory: 329728K Free: 156700K (48%)
----------------- Invoking toplevel() on ptolemy.moml.MoMLSimpleApplication@71c1bfa5
----------------- Done invoking toplevel() on ptolemy.moml.MoMLSimpleApplication@71c1bfa5
reloadAllAccessors: .Starmac

===========================================================================================
----------------- testing Mon Mar 02 07:05:41 UTC 2020 /home/travis/build/icyphy/ptII/ptolemy/domains/continuous/test/auto/StaticUnits.xml
----------------- Instantiating /home/travis/build/icyphy/ptII/ptolemy/domains/continuous/test/auto/StaticUnits.xml
1850 ms. Memory: 329728K Free: 286655K (87%)
----------------- Invoking toplevel() on ptolemy.moml.MoMLSimpleApplication@30264c5a
----------------- Done invoking toplevel() on ptolemy.moml.MoMLSimpleApplication@30264c5a
reloadAllAccessors: .StaticUnits

===========================================================================================
----------------- testing Mon Mar 02 07:05:43 UTC 2020 /home/travis/build/icyphy/ptII/ptolemy/domains/continuous/test/auto/StickyMasses.xml
----------------- Instantiating /home/travis/build/icyphy/ptII/ptolemy/domains/continuous/test/auto/StickyMasses.xml
120 ms. Memory: 329728K Free: 236993K (72%)
----------------- Invoking toplevel() on ptolemy.moml.MoMLSimpleApplication@47e833d1
----------------- Done invoking toplevel() on ptolemy.moml.MoMLSimpleApplication@47e833d1
reloadAllAccessors: .StickyMasses

===========================================================================================
----------------- testing Mon Mar 02 07:05:43 UTC 2020 /home/travis/build/icyphy/ptII/ptolemy/domains/continuous/test/auto/StopTime.xml
----------------- Instantiating /home/travis/build/icyphy/ptII/ptolemy/domains/continuous/test/auto/StopTime.xml
41 ms. Memory: 329728K Free: 212417K (64%)
----------------- Invoking toplevel() on ptolemy.moml.MoMLSimpleApplication@3451fb5d
----------------- Done invoking toplevel() on ptolemy.moml.MoMLSimpleApplication@3451fb5d
reloadAllAccessors: .StopTime

===========================================================================================
----------------- testing Mon Mar 02 07:05:43 UTC 2020 /home/travis/build/icyphy/ptII/ptolemy/domains/continuous/test/auto/StopTime2.xml
----------------- Instantiating /home/travis/build/icyphy/ptII/ptolemy/domains/continuous/test/auto/StopTime2.xml
37 ms. Memory: 329728K Free: 190392K (58%)
----------------- Invoking toplevel() on ptolemy.moml.MoMLSimpleApplication@1b295f1e
----------------- Done invoking toplevel() on ptolemy.moml.MoMLSimpleApplication@1b295f1e
reloadAllAccessors: .StopTime2

===========================================================================================
----------------- testing Mon Mar 02 07:05:43 UTC 2020 /home/travis/build/icyphy/ptII/ptolemy/domains/continuous/test/auto/Switch.xml
----------------- Instantiating /home/travis/build/icyphy/ptII/ptolemy/domains/continuous/test/auto/Switch.xml
44 ms. Memory: 329728K Free: 165823K (50%)
----------------- Invoking toplevel() on ptolemy.moml.MoMLSimpleApplication@5fe11206
----------------- Done invoking toplevel() on ptolemy.moml.MoMLSimpleApplication@5fe11206
reloadAllAccessors: .Switch

===========================================================================================
----------------- testing Mon Mar 02 07:05:43 UTC 2020 /home/travis/build/icyphy/ptII/ptolemy/domains/continuous/test/auto/Thermostat.xml
----------------- Instantiating /home/travis/build/icyphy/ptII/ptolemy/domains/continuous/test/auto/Thermostat.xml
189 ms. Memory: 329728K Free: 286140K (87%)
----------------- Invoking toplevel() on ptolemy.moml.MoMLSimpleApplication@6a67c6ec
----------------- Done invoking toplevel() on ptolemy.moml.MoMLSimpleApplication@6a67c6ec
reloadAllAccessors: .Thermostat

===========================================================================================
----------------- testing Mon Mar 02 07:05:44 UTC 2020 /home/travis/build/icyphy/ptII/ptolemy/domains/continuous/test/auto/TimeDelay.xml
----------------- Instantiating /home/travis/build/icyphy/ptII/ptolemy/domains/continuous/test/auto/TimeDelay.xml
5 ms. Memory: 329728K Free: 281020K (85%)
----------------- Invoking toplevel() on ptolemy.moml.MoMLSimpleApplication@76c73fcc
----------------- Done invoking toplevel() on ptolemy.moml.MoMLSimpleApplication@76c73fcc
reloadAllAccessors: .TimeDelay

===========================================================================================
----------------- testing Mon Mar 02 07:05:44 UTC 2020 /home/travis/build/icyphy/ptII/ptolemy/domains/continuous/test/auto/TimeDelay2.xml
----------------- Instantiating /home/travis/build/icyphy/ptII/ptolemy/domains/continuous/test/auto/TimeDelay2.xml
6 ms. Memory: 329728K Free: 270780K (82%)
----------------- Invoking toplevel() on ptolemy.moml.MoMLSimpleApplication@6d6b917a
----------------- Done invoking toplevel() on ptolemy.moml.MoMLSimpleApplication@6d6b917a
reloadAllAccessors: .TimeDelay2

===========================================================================================
----------------- testing Mon Mar 02 07:05:44 UTC 2020 /home/travis/build/icyphy/ptII/ptolemy/domains/continuous/test/auto/TimeDelay3.xml
----------------- Instantiating /home/travis/build/icyphy/ptII/ptolemy/domains/continuous/test/auto/TimeDelay3.xml
2 ms. Memory: 329728K Free: 266156K (81%)
----------------- Invoking toplevel() on ptolemy.moml.MoMLSimpleApplication@6ad59f78
----------------- Done invoking toplevel() on ptolemy.moml.MoMLSimpleApplication@6ad59f78
reloadAllAccessors: .TimeDelay3

===========================================================================================
----------------- testing Mon Mar 02 07:05:44 UTC 2020 /home/travis/build/icyphy/ptII/ptolemy/domains/continuous/test/auto/TransferAbsentToInside.xml
----------------- Instantiating /home/travis/build/icyphy/ptII/ptolemy/domains/continuous/test/auto/TransferAbsentToInside.xml
45 ms. Memory: 329728K Free: 212892K (65%)
----------------- Invoking toplevel() on ptolemy.moml.MoMLSimpleApplication@2b7fa383
----------------- Done invoking toplevel() on ptolemy.moml.MoMLSimpleApplication@2b7fa383
reloadAllAccessors: .TransferAbsentToInside

===========================================================================================
----------------- testing Mon Mar 02 07:05:44 UTC 2020 /home/travis/build/icyphy/ptII/ptolemy/domains/continuous/test/auto/Transmission.xml
----------------- Instantiating /home/travis/build/icyphy/ptII/ptolemy/domains/continuous/test/auto/Transmission.xml
764 ms. Memory: 329728K Free: 173484K (53%)
----------------- Invoking toplevel() on ptolemy.moml.MoMLSimpleApplication@120f920
----------------- Done invoking toplevel() on ptolemy.moml.MoMLSimpleApplication@120f920
reloadAllAccessors: .Transmission

===========================================================================================
----------------- testing Mon Mar 02 07:05:45 UTC 2020 /home/travis/build/icyphy/ptII/ptolemy/domains/continuous/test/auto/TriggeredContinuousClock.xml
----------------- Instantiating /home/travis/build/icyphy/ptII/ptolemy/domains/continuous/test/auto/TriggeredContinuousClock.xml
36 ms. Memory: 329728K Free: 143773K (44%)
----------------- Invoking toplevel() on ptolemy.moml.MoMLSimpleApplication@1314637f
----------------- Done invoking toplevel() on ptolemy.moml.MoMLSimpleApplication@1314637f
reloadAllAccessors: .TriggeredContinuousClock

===========================================================================================
----------------- testing Mon Mar 02 07:05:45 UTC 2020 /home/travis/build/icyphy/ptII/ptolemy/domains/continuous/test/auto/TwoMachineInfiniteBusControl.xml
----------------- Instantiating /home/travis/build/icyphy/ptII/ptolemy/domains/continuous/test/auto/TwoMachineInfiniteBusControl.xml
2361 ms. Memory: 329728K Free: 149900K (45%)
----------------- Invoking toplevel() on ptolemy.moml.MoMLSimpleApplication@5db92973
----------------- Done invoking toplevel() on ptolemy.moml.MoMLSimpleApplication@5db92973
reloadAllAccessors: .TwoMachineInfiniteBusControl

===========================================================================================
----------------- testing Mon Mar 02 07:05:47 UTC 2020 /home/travis/build/icyphy/ptII/ptolemy/domains/continuous/test/auto/V2V.xml
----------------- Instantiating /home/travis/build/icyphy/ptII/ptolemy/domains/continuous/test/auto/V2V.xml
753 ms. Memory: 329728K Free: 153634K (47%)
----------------- Invoking toplevel() on ptolemy.moml.MoMLSimpleApplication@17d75de9
----------------- Done invoking toplevel() on ptolemy.moml.MoMLSimpleApplication@17d75de9
reloadAllAccessors: .V2V

===========================================================================================
----------------- testing Mon Mar 02 07:05:48 UTC 2020 /home/travis/build/icyphy/ptII/ptolemy/domains/continuous/test/auto/hierarchicalModalModel.xml
----------------- Instantiating /home/travis/build/icyphy/ptII/ptolemy/domains/continuous/test/auto/hierarchicalModalModel.xml
7 ms. Memory: 329728K Free: 139621K (42%)
----------------- Invoking toplevel() on ptolemy.moml.MoMLSimpleApplication@7160edf
----------------- Done invoking toplevel() on ptolemy.moml.MoMLSimpleApplication@7160edf
reloadAllAccessors: .hierarchicalModalModel

===========================================================================================
----------------- testing Mon Mar 02 07:05:48 UTC 2020 /home/travis/build/icyphy/ptII/ptolemy/domains/continuous/test/auto/hierarchicalModalModel1.xml
----------------- Instantiating /home/travis/build/icyphy/ptII/ptolemy/domains/continuous/test/auto/hierarchicalModalModel1.xml
8 ms. Memory: 329728K Free: 125300K (38%)
----------------- Invoking toplevel() on ptolemy.moml.MoMLSimpleApplication@405876a3
----------------- Done invoking toplevel() on ptolemy.moml.MoMLSimpleApplication@405876a3
reloadAllAccessors: .hierarchicalModalModel1

===========================================================================================
----------------- testing Mon Mar 02 07:05:48 UTC 2020 /home/travis/build/icyphy/ptII/ptolemy/domains/continuous/test/auto/hierarchicalModalModel2.xml
----------------- Instantiating /home/travis/build/icyphy/ptII/ptolemy/domains/continuous/test/auto/hierarchicalModalModel2.xml
15 ms. Memory: 329728K Free: 304987K (92%)
----------------- Invoking toplevel() on ptolemy.moml.MoMLSimpleApplication@29f49b24
----------------- Done invoking toplevel() on ptolemy.moml.MoMLSimpleApplication@29f49b24
reloadAllAccessors: .hierarchicalModalModel2

===========================================================================================
----------------- testing Mon Mar 02 07:05:48 UTC 2020 /home/travis/build/icyphy/ptII/ptolemy/domains/continuous/test/auto/hierarchicalModalModel3.xml
----------------- Instantiating /home/travis/build/icyphy/ptII/ptolemy/domains/continuous/test/auto/hierarchicalModalModel3.xml
6 ms. Memory: 329728K Free: 293737K (89%)
----------------- Invoking toplevel() on ptolemy.moml.MoMLSimpleApplication@47d873b8
----------------- Done invoking toplevel() on ptolemy.moml.MoMLSimpleApplication@47d873b8
reloadAllAccessors: .hierarchicalModalModel3

===========================================================================================
----------------- testing Mon Mar 02 07:05:48 UTC 2020 /home/travis/build/icyphy/ptII/ptolemy/domains/continuous/test/auto/hierarchicalModalModel4.xml
----------------- Instantiating /home/travis/build/icyphy/ptII/ptolemy/domains/continuous/test/auto/hierarchicalModalModel4.xml
4 ms. Memory: 329728K Free: 281963K (86%)
----------------- Invoking toplevel() on ptolemy.moml.MoMLSimpleApplication@4779e67
----------------- Done invoking toplevel() on ptolemy.moml.MoMLSimpleApplication@4779e67
reloadAllAccessors: .hierarchicalModalModel4

===========================================================================================
----------------- testing Mon Mar 02 07:05:48 UTC 2020 /home/travis/build/icyphy/ptII/ptolemy/domains/continuous/test/auto/junk.xml
----------------- Instantiating /home/travis/build/icyphy/ptII/ptolemy/domains/continuous/test/auto/junk.xml
123 ms. Memory: 329728K Free: 254315K (77%)
----------------- Invoking toplevel() on ptolemy.moml.MoMLSimpleApplication@6b65da2
----------------- Done invoking toplevel() on ptolemy.moml.MoMLSimpleApplication@6b65da2
reloadAllAccessors: .junk
AutoTests.java: About to close Vertx.
AutoTests.java: Vertx closed.
]]></system-out>
  <system-err><![CDATA[Warning: '.HysteresisWithRandomDelay.NonStrictTest' The test produced only 221 tokens, yet the correctValues parameter was expecting 222 tokens.
Warning: '.HysteresisWithRandomDelay.NonStrictTest2' The test produced only 220 tokens, yet the correctValues parameter was expecting 221 tokens.
Warning: '.IncreasingRatePoisson.NonStrictTest' The test produced only 392 tokens, yet the correctValues parameter was expecting 402 tokens.
Warning: '.Poisson.NonStrictTest' The test produced only 399 tokens, yet the correctValues parameter was expecting 430 tokens.
]]></system-err>
</testsuite>
