<?xml version="1.0" encoding="UTF-8" ?>
<testsuite errors="0" failures="0" hostname="travis-job-0344c730-640a-4d1f-a755-741f7477986f" name="ptolemy.domains.de.test.junit.JUnitTclTest" skipped="0" tests="101" time="134.307" timestamp="2019-09-06T05:38:43">
  <properties>
[...]
</properties>
  <testcase classname="ptolemy.util.test.junit.TclTests" name="[0] /home/travis/build/icyphy/ptII/ptolemy/domains/de/test/DependencyLoop.tcl (RunTclFile)" time="1.116" />
  <testcase classname="ptolemy.util.test.junit.TclTests" name="[1] /home/travis/build/icyphy/ptII/ptolemy/domains/de/test/RunDETestsAsQSS.tcl (RunTclFile)" time="90.625" />
  <testcase classname="ptolemy.util.test.junit.AutoKnownFailedTests" name="[0] /home/travis/build/icyphy/ptII/ptolemy/domains/de/test/auto/knownFailedTests/DESDFClockTest.xml (RunModel)" time="2.06" />
  <testcase classname="ptolemy.util.test.junit.AutoKnownFailedTests" name="[1] /home/travis/build/icyphy/ptII/ptolemy/domains/de/test/auto/knownFailedTests/DirectFeedback.xml (RunModel)" time="0.015" />
  <testcase classname="ptolemy.util.test.junit.AutoKnownFailedTests" name="[2] /home/travis/build/icyphy/ptII/ptolemy/domains/de/test/auto/knownFailedTests/FSMSource.xml (RunModel)" time="0.035" />
  <testcase classname="ptolemy.util.test.junit.AutoKnownFailedTests" name="[3] /home/travis/build/icyphy/ptII/ptolemy/domains/de/test/auto/knownFailedTests/HierarchicalModel.xml (RunModel)" time="0.049" />
  <testcase classname="ptolemy.util.test.junit.AutoKnownFailedTests" name="[4] /home/travis/build/icyphy/ptII/ptolemy/domains/de/test/auto/knownFailedTests/dependencyLoop.xml (RunModel)" time="0.039" />
  <testcase classname="ptolemy.util.test.junit.AutoKnownFailedTests" name="[5] /home/travis/build/icyphy/ptII/ptolemy/domains/de/test/auto/knownFailedTests/dependencyLoop2.xml (RunModel)" time="0.057" />
  <testcase classname="ptolemy.util.test.junit.AutoNameArchTests" name="[0] ThereAreNoAutoArchTests (RunModel)" time="0.001" />
  <testcase classname="ptolemy.util.test.junit.AutoTests" name="[0] /home/travis/build/icyphy/ptII/ptolemy/domains/de/test/auto/ActorDepthCalculation_actorWithoutPorts.xml (RunModel)" time="0.014" />
  <testcase classname="ptolemy.util.test.junit.AutoTests" name="[1] /home/travis/build/icyphy/ptII/ptolemy/domains/de/test/auto/AssemblyLine.xml (RunModel)" time="0.02" />
  <testcase classname="ptolemy.util.test.junit.AutoTests" name="[2] /home/travis/build/icyphy/ptII/ptolemy/domains/de/test/auto/CQBug1.xml (RunModel)" time="0.009" />
  <testcase classname="ptolemy.util.test.junit.AutoTests" name="[3] /home/travis/build/icyphy/ptII/ptolemy/domains/de/test/auto/CancelFireAt.xml (RunModel)" time="0.02" />
  <testcase classname="ptolemy.util.test.junit.AutoTests" name="[4] /home/travis/build/icyphy/ptII/ptolemy/domains/de/test/auto/CausalityAndComposabilityAnalysis.xml (RunModel)" time="0.023" />
  <testcase classname="ptolemy.util.test.junit.AutoTests" name="[5] /home/travis/build/icyphy/ptII/ptolemy/domains/de/test/auto/CausalityInterface1.xml (RunModel)" time="0.015" />
  <testcase classname="ptolemy.util.test.junit.AutoTests" name="[6] /home/travis/build/icyphy/ptII/ptolemy/domains/de/test/auto/CausalityInterface15.xml (RunModel)" time="0.016" />
  <testcase classname="ptolemy.util.test.junit.AutoTests" name="[7] /home/travis/build/icyphy/ptII/ptolemy/domains/de/test/auto/CausalityInterface2.xml (RunModel)" time="0.013" />
  <testcase classname="ptolemy.util.test.junit.AutoTests" name="[8] /home/travis/build/icyphy/ptII/ptolemy/domains/de/test/auto/CausalityInterface3.xml (RunModel)" time="0.012" />
  <testcase classname="ptolemy.util.test.junit.AutoTests" name="[9] /home/travis/build/icyphy/ptII/ptolemy/domains/de/test/auto/ClockDrift.xml (RunModel)" time="0.037" />
  <testcase classname="ptolemy.util.test.junit.AutoTests" name="[10] /home/travis/build/icyphy/ptII/ptolemy/domains/de/test/auto/ClockDriftAndValueChange.xml (RunModel)" time="0.032" />
  <testcase classname="ptolemy.util.test.junit.AutoTests" name="[11] /home/travis/build/icyphy/ptII/ptolemy/domains/de/test/auto/ClockDriftChange.xml (RunModel)" time="0.032" />
  <testcase classname="ptolemy.util.test.junit.AutoTests" name="[12] /home/travis/build/icyphy/ptII/ptolemy/domains/de/test/auto/ComposableCausalityAnalysis.xml (RunModel)" time="0.013" />
  <testcase classname="ptolemy.util.test.junit.AutoTests" name="[13] /home/travis/build/icyphy/ptII/ptolemy/domains/de/test/auto/DEFixedPointLimitation.xml (RunModel)" time="0.013" />
  <testcase classname="ptolemy.util.test.junit.AutoTests" name="[14] /home/travis/build/icyphy/ptII/ptolemy/domains/de/test/auto/DEScheduleTest.xml (RunModel)" time="0.015" />
  <testcase classname="ptolemy.util.test.junit.AutoTests" name="[15] /home/travis/build/icyphy/ptII/ptolemy/domains/de/test/auto/DEinDEwithStartTimes.xml (RunModel)" time="0.015" />
  <testcase classname="ptolemy.util.test.junit.AutoTests" name="[16] /home/travis/build/icyphy/ptII/ptolemy/domains/de/test/auto/DEinDEwithStartTimes2.xml (RunModel)" time="0.02" />
  <testcase classname="ptolemy.util.test.junit.AutoTests" name="[17] /home/travis/build/icyphy/ptII/ptolemy/domains/de/test/auto/DateDemo.xml (RunModel)" time="0.037" />
  <testcase classname="ptolemy.util.test.junit.AutoTests" name="[18] /home/travis/build/icyphy/ptII/ptolemy/domains/de/test/auto/DateToEvent.xml (RunModel)" time="2.043" />
  <testcase classname="ptolemy.util.test.junit.AutoTests" name="[19] /home/travis/build/icyphy/ptII/ptolemy/domains/de/test/auto/DepthTest1.xml (RunModel)" time="0.011" />
  <testcase classname="ptolemy.util.test.junit.AutoTests" name="[20] /home/travis/build/icyphy/ptII/ptolemy/domains/de/test/auto/DepthTest2.xml (RunModel)" time="0.029" />
  <testcase classname="ptolemy.util.test.junit.AutoTests" name="[21] /home/travis/build/icyphy/ptII/ptolemy/domains/de/test/auto/DepthTest3.xml (RunModel)" time="0.015" />
  <testcase classname="ptolemy.util.test.junit.AutoTests" name="[22] /home/travis/build/icyphy/ptII/ptolemy/domains/de/test/auto/DepthTest4.xml (RunModel)" time="0.023" />
  <testcase classname="ptolemy.util.test.junit.AutoTests" name="[23] /home/travis/build/icyphy/ptII/ptolemy/domains/de/test/auto/DepthTest5.xml (RunModel)" time="0.018" />
  <testcase classname="ptolemy.util.test.junit.AutoTests" name="[24] /home/travis/build/icyphy/ptII/ptolemy/domains/de/test/auto/DepthTest6.xml (RunModel)" time="0.013" />
  <testcase classname="ptolemy.util.test.junit.AutoTests" name="[25] /home/travis/build/icyphy/ptII/ptolemy/domains/de/test/auto/DepthTest7.xml (RunModel)" time="0.016" />
  <testcase classname="ptolemy.util.test.junit.AutoTests" name="[26] /home/travis/build/icyphy/ptII/ptolemy/domains/de/test/auto/EventToDate.xml (RunModel)" time="3.043" />
  <testcase classname="ptolemy.util.test.junit.AutoTests" name="[27] /home/travis/build/icyphy/ptII/ptolemy/domains/de/test/auto/FSM1.xml (RunModel)" time="0.064" />
  <testcase classname="ptolemy.util.test.junit.AutoTests" name="[28] /home/travis/build/icyphy/ptII/ptolemy/domains/de/test/auto/FSM7.xml (RunModel)" time="0.056" />
  <testcase classname="ptolemy.util.test.junit.AutoTests" name="[29] /home/travis/build/icyphy/ptII/ptolemy/domains/de/test/auto/Inspection.xml (RunModel)" time="0.05" />
  <testcase classname="ptolemy.util.test.junit.AutoTests" name="[30] /home/travis/build/icyphy/ptII/ptolemy/domains/de/test/auto/Iteration.xml (RunModel)" time="0.031" />
  <testcase classname="ptolemy.util.test.junit.AutoTests" name="[31] /home/travis/build/icyphy/ptII/ptolemy/domains/de/test/auto/LineFault.xml (RunModel)" time="0.685" />
  <testcase classname="ptolemy.util.test.junit.AutoTests" name="[32] /home/travis/build/icyphy/ptII/ptolemy/domains/de/test/auto/MergeModel1Add.xml (RunModel)" time="0.058" />
  <testcase classname="ptolemy.util.test.junit.AutoTests" name="[33] /home/travis/build/icyphy/ptII/ptolemy/domains/de/test/auto/MergeModel2Add.xml (RunModel)" time="0.044" />
  <testcase classname="ptolemy.util.test.junit.AutoTests" name="[34] /home/travis/build/icyphy/ptII/ptolemy/domains/de/test/auto/MergeModel3Add.xml (RunModel)" time="0.049" />
  <testcase classname="ptolemy.util.test.junit.AutoTests" name="[35] /home/travis/build/icyphy/ptII/ptolemy/domains/de/test/auto/MergeWithoutDiscard.xml (RunModel)" time="0.018" />
  <testcase classname="ptolemy.util.test.junit.AutoTests" name="[36] /home/travis/build/icyphy/ptII/ptolemy/domains/de/test/auto/Modal1.xml (RunModel)" time="0.028" />
  <testcase classname="ptolemy.util.test.junit.AutoTests" name="[37] /home/travis/build/icyphy/ptII/ptolemy/domains/de/test/auto/Modal2.xml (RunModel)" time="0.032" />
  <testcase classname="ptolemy.util.test.junit.AutoTests" name="[38] /home/travis/build/icyphy/ptII/ptolemy/domains/de/test/auto/Modal3.xml (RunModel)" time="0.027" />
  <testcase classname="ptolemy.util.test.junit.AutoTests" name="[39] /home/travis/build/icyphy/ptII/ptolemy/domains/de/test/auto/Modal4.xml (RunModel)" time="0.029" />
  <testcase classname="ptolemy.util.test.junit.AutoTests" name="[40] /home/travis/build/icyphy/ptII/ptolemy/domains/de/test/auto/Modal5.xml (RunModel)" time="0.048" />
  <testcase classname="ptolemy.util.test.junit.AutoTests" name="[41] /home/travis/build/icyphy/ptII/ptolemy/domains/de/test/auto/Modal6.xml (RunModel)" time="0.033" />
  <testcase classname="ptolemy.util.test.junit.AutoTests" name="[42] /home/travis/build/icyphy/ptII/ptolemy/domains/de/test/auto/Modal7.xml (RunModel)" time="0.034" />
  <testcase classname="ptolemy.util.test.junit.AutoTests" name="[43] /home/travis/build/icyphy/ptII/ptolemy/domains/de/test/auto/ModalModel.xml (RunModel)" time="0.17" />
  <testcase classname="ptolemy.util.test.junit.AutoTests" name="[44] /home/travis/build/icyphy/ptII/ptolemy/domains/de/test/auto/ModalSource.xml (RunModel)" time="0.022" />
  <testcase classname="ptolemy.util.test.junit.AutoTests" name="[45] /home/travis/build/icyphy/ptII/ptolemy/domains/de/test/auto/NonInterruptibleTimerZeroDelay.xml (RunModel)" time="0.014" />
  <testcase classname="ptolemy.util.test.junit.AutoTests" name="[46] /home/travis/build/icyphy/ptII/ptolemy/domains/de/test/auto/OpenQueueingNetwork.xml (RunModel)" time="2.627" />
  <testcase classname="ptolemy.util.test.junit.AutoTests" name="[47] /home/travis/build/icyphy/ptII/ptolemy/domains/de/test/auto/OpenQueuingNetwork.xml (RunModel)" time="0.286" />
  <testcase classname="ptolemy.util.test.junit.AutoTests" name="[48] /home/travis/build/icyphy/ptII/ptolemy/domains/de/test/auto/PeriodicSampler.xml (RunModel)" time="0.014" />
  <testcase classname="ptolemy.util.test.junit.AutoTests" name="[49] /home/travis/build/icyphy/ptII/ptolemy/domains/de/test/auto/PersistentIO.xml (RunModel)" time="0.025" />
  <testcase classname="ptolemy.util.test.junit.AutoTests" name="[50] /home/travis/build/icyphy/ptII/ptolemy/domains/de/test/auto/PortParameterResetOnInitialize.xml (RunModel)" time="0.01" />
  <testcase classname="ptolemy.util.test.junit.AutoTests" name="[51] /home/travis/build/icyphy/ptII/ptolemy/domains/de/test/auto/PortParameterUpdates.xml (RunModel)" time="0.015" />
  <testcase classname="ptolemy.util.test.junit.AutoTests" name="[52] /home/travis/build/icyphy/ptII/ptolemy/domains/de/test/auto/QueueAndServer.xml (RunModel)" time="0.021" />
  <testcase classname="ptolemy.util.test.junit.AutoTests" name="[53] /home/travis/build/icyphy/ptII/ptolemy/domains/de/test/auto/Records.xml (RunModel)" time="0.014" />
  <testcase classname="ptolemy.util.test.junit.AutoTests" name="[54] /home/travis/build/icyphy/ptII/ptolemy/domains/de/test/auto/ResetTransitionWithStartTime1.xml (RunModel)" time="0.018" />
  <testcase classname="ptolemy.util.test.junit.AutoTests" name="[55] /home/travis/build/icyphy/ptII/ptolemy/domains/de/test/auto/ResetTransitionWithStartTime2.xml (RunModel)" time="0.018" />
  <testcase classname="ptolemy.util.test.junit.AutoTests" name="[56] /home/travis/build/icyphy/ptII/ptolemy/domains/de/test/auto/ResetTransitionWithStartTime3.xml (RunModel)" time="0.022" />
  <testcase classname="ptolemy.util.test.junit.AutoTests" name="[57] /home/travis/build/icyphy/ptII/ptolemy/domains/de/test/auto/ResetTransitionWithStartTime4.xml (RunModel)" time="0.018" />
  <testcase classname="ptolemy.util.test.junit.AutoTests" name="[58] /home/travis/build/icyphy/ptII/ptolemy/domains/de/test/auto/ResettableTimer1.xml (RunModel)" time="0.01" />
  <testcase classname="ptolemy.util.test.junit.AutoTests" name="[59] /home/travis/build/icyphy/ptII/ptolemy/domains/de/test/auto/ResettableTimer2.xml (RunModel)" time="0.009" />
  <testcase classname="ptolemy.util.test.junit.AutoTests" name="[60] /home/travis/build/icyphy/ptII/ptolemy/domains/de/test/auto/ResettableTimer3.xml (RunModel)" time="0.009" />
  <testcase classname="ptolemy.util.test.junit.AutoTests" name="[61] /home/travis/build/icyphy/ptII/ptolemy/domains/de/test/auto/ResettableTimer4.xml (RunModel)" time="0.011" />
  <testcase classname="ptolemy.util.test.junit.AutoTests" name="[62] /home/travis/build/icyphy/ptII/ptolemy/domains/de/test/auto/ResettableTimer5.xml (RunModel)" time="0.012" />
  <testcase classname="ptolemy.util.test.junit.AutoTests" name="[63] /home/travis/build/icyphy/ptII/ptolemy/domains/de/test/auto/ResettableTimer6.xml (RunModel)" time="0.021" />
  <testcase classname="ptolemy.util.test.junit.AutoTests" name="[64] /home/travis/build/icyphy/ptII/ptolemy/domains/de/test/auto/ServerZeroDelay.xml (RunModel)" time="0.01" />
  <testcase classname="ptolemy.util.test.junit.AutoTests" name="[65] /home/travis/build/icyphy/ptII/ptolemy/domains/de/test/auto/SmartSender.xml (RunModel)" time="3.01" />
  <testcase classname="ptolemy.util.test.junit.AutoTests" name="[66] /home/travis/build/icyphy/ptII/ptolemy/domains/de/test/auto/ThreadedComposite.xml (RunModel)" time="0.153" />
  <testcase classname="ptolemy.util.test.junit.AutoTests" name="[67] /home/travis/build/icyphy/ptII/ptolemy/domains/de/test/auto/Time.xml (RunModel)" time="0.462" />
  <testcase classname="ptolemy.util.test.junit.AutoTests" name="[68] /home/travis/build/icyphy/ptII/ptolemy/domains/de/test/auto/TimeDelayZeroDelay.xml (RunModel)" time="0.012" />
  <testcase classname="ptolemy.util.test.junit.AutoTests" name="[69] /home/travis/build/icyphy/ptII/ptolemy/domains/de/test/auto/TimerZeroDelay.xml (RunModel)" time="0.011" />
  <testcase classname="ptolemy.util.test.junit.AutoTests" name="[70] /home/travis/build/icyphy/ptII/ptolemy/domains/de/test/auto/TimingParadox.xml (RunModel)" time="0.413" />
  <testcase classname="ptolemy.util.test.junit.AutoTests" name="[71] /home/travis/build/icyphy/ptII/ptolemy/domains/de/test/auto/TransferInputs.xml (RunModel)" time="0.009" />
  <testcase classname="ptolemy.util.test.junit.AutoTests" name="[72] /home/travis/build/icyphy/ptII/ptolemy/domains/de/test/auto/TransferOutputs2.xml (RunModel)" time="0.017" />
  <testcase classname="ptolemy.util.test.junit.AutoTests" name="[73] /home/travis/build/icyphy/ptII/ptolemy/domains/de/test/auto/Trilateration.xml (RunModel)" time="13.177" />
  <testcase classname="ptolemy.util.test.junit.AutoTests" name="[74] /home/travis/build/icyphy/ptII/ptolemy/domains/de/test/auto/TwoSigmaDelta.xml (RunModel)" time="2.227" />
  <testcase classname="ptolemy.util.test.junit.AutoTests" name="[75] /home/travis/build/icyphy/ptII/ptolemy/domains/de/test/auto/VariableDelay.xml (RunModel)" time="0.01" />
  <testcase classname="ptolemy.util.test.junit.AutoTests" name="[76] /home/travis/build/icyphy/ptII/ptolemy/domains/de/test/auto/VariableDelay2.xml (RunModel)" time="0.008" />
  <testcase classname="ptolemy.util.test.junit.AutoTests" name="[77] /home/travis/build/icyphy/ptII/ptolemy/domains/de/test/auto/VariableDelayZeroDelay.xml (RunModel)" time="0.009" />
  <testcase classname="ptolemy.util.test.junit.AutoTests" name="[78] /home/travis/build/icyphy/ptII/ptolemy/domains/de/test/auto/VariableDelayZeroDelay2.xml (RunModel)" time="0.009" />
  <testcase classname="ptolemy.util.test.junit.AutoTests" name="[79] /home/travis/build/icyphy/ptII/ptolemy/domains/de/test/auto/deInCt.xml (RunModel)" time="0.012" />
  <testcase classname="ptolemy.util.test.junit.AutoTests" name="[80] /home/travis/build/icyphy/ptII/ptolemy/domains/de/test/auto/deInCt2.xml (RunModel)" time="0.014" />
  <testcase classname="ptolemy.util.test.junit.AutoTests" name="[81] /home/travis/build/icyphy/ptII/ptolemy/domains/de/test/auto/dynamicCausalityInterface1.xml (RunModel)" time="0.017" />
  <testcase classname="ptolemy.util.test.junit.AutoTests" name="[82] /home/travis/build/icyphy/ptII/ptolemy/domains/de/test/auto/fsm_de_test.xml (RunModel)" time="0.038" />
  <testcase classname="ptolemy.util.test.junit.AutoTests" name="[83] /home/travis/build/icyphy/ptII/ptolemy/domains/de/test/auto/functionDependencyReconstruction.xml (RunModel)" time="0.034" />
  <testcase classname="ptolemy.util.test.junit.AutoTests" name="[84] /home/travis/build/icyphy/ptII/ptolemy/domains/de/test/auto/multirate.xml (RunModel)" time="0.014" />
  <testcase classname="ptolemy.util.test.junit.AutoTests" name="[85] /home/travis/build/icyphy/ptII/ptolemy/domains/de/test/auto/multirate2.xml (RunModel)" time="0.016" />
  <testcase classname="ptolemy.util.test.junit.AutoTests" name="[86] /home/travis/build/icyphy/ptII/ptolemy/domains/de/test/auto/realtime.xml (RunModel)" time="10.014" />
  <testcase classname="ptolemy.util.test.junit.AutoTests" name="[87] /home/travis/build/icyphy/ptII/ptolemy/domains/de/test/auto/relationGroup.xml (RunModel)" time="0.01" />
  <testcase classname="ptolemy.util.test.junit.AutoTests" name="[88] /home/travis/build/icyphy/ptII/ptolemy/domains/de/test/auto/relationGroup2.xml (RunModel)" time="0.014" />
  <testcase classname="ptolemy.util.test.junit.AutoTests" name="[89] /home/travis/build/icyphy/ptII/ptolemy/domains/de/test/auto/sortWithOpaquePorts.xml (RunModel)" time="0.009" />
  <testcase classname="ptolemy.util.test.junit.AutoTests" name="[90] /home/travis/build/icyphy/ptII/ptolemy/domains/de/test/auto/transferInputsandOutputs.xml (RunModel)" time="0.015" />
  <testcase classname="ptolemy.util.test.junit.AutoTests" name="[91] /home/travis/build/icyphy/ptII/ptolemy/domains/de/test/auto/triggerType.xml (RunModel)" time="0.013" />
  <system-out><![CDATA[/home/travis/build/icyphy/ptII/ptolemy/domains/de/test/DependencyLoop.tcl
testDefs.tcl: setting time out to 9000 seconds at Fri Sep 06 05:38:43 UTC 2019
72 ms. Memory: 120832K Free: 72130K (60%)
22 ms. Memory: 120832K Free: 54707K (45%)
/home/travis/build/icyphy/ptII/ptolemy/domains/de/test/RunDETestsAsQSS.tcl
Run the DE tests using ptolemy.domains.qss.test.QSSDirectorTest, which extends QSSDirector and prints a message in the constructors.
------------------ testing $PTII/ptolemy/domains/de/test/auto/knownFailedTests/DirectFeedback.xml (Known Failure) 
46 ms. Memory: 120832K Free: 49092K (41%)


==== $PTIIhome/travis/build/icyphy/ptII/ptolemy/domains/de/test/../../../../: Auto Automatic test in file $PTII/ptolemy/domains/de/test/auto/knownFailedTests/DirectFeedback.xml
==== Contents of test case:

	    # FIXME: we should use $relativeFilename here, but it
	    # might have backslashes under Windows, which causes no end
	    # of trouble.
	    createAndExecute $file
	    list {}
	
.... Test generated KNOWN error:
    while executing
ptolemy.kernel.util.IllegalActionException: Test fails in iteration 1.
Value was: 1.0. Should have been: 2.0
  in .DirectFeedback.Test
	at ptolemy.actor.lib.Test.fire(Test.java:268)
	at ptolemy.domains.de.kernel.DEDirector._fire(DEDirector.java:1949)
	at ptolemy.domains.de.kernel.DEDirector.fire(DEDirector.java:502)
	at ptolemy.actor.CompositeActor.fire(CompositeActor.java:455)
	at ptolemy.actor.Manager.iterate(Manager.java:851)
	at ptolemy.actor.Manager.execute(Manager.java:369)
	at ptolemy.actor.Manager.run(Manager.java:1263)
	at ptolemy.actor.Manager$PtolemyRunThread.run(Manager.java:1933)

    while executing
ptolemy.kernel.util.IllegalActionException: Test fails in iteration 1.
Value was: 1.0. Should have been: 2.0
  in .DirectFeedback.Test
    while executing
"java::new ptolemy.moml.MoMLSimpleApplication $file
"
    (procedure "createAndExecute" line 2)
    invoked from within
"createAndExecute $file"
    ("uplevel" body line 5)
    invoked from within
"uplevel $contents_of_test"
------------------ testing $PTII/ptolemy/domains/de/test/auto/knownFailedTests/dependencyLoop.xml (Known Failure) 
15 ms. Memory: 120832K Free: 46020K (38%)


==== $PTIIhome/travis/build/icyphy/ptII/ptolemy/domains/de/test/../../../../: Auto Automatic test in file $PTII/ptolemy/domains/de/test/auto/knownFailedTests/dependencyLoop.xml
==== Contents of test case:

	    # FIXME: we should use $relativeFilename here, but it
	    # might have backslashes under Windows, which causes no end
	    # of trouble.
	    createAndExecute $file
	    list {}
	
.... Test generated KNOWN error:
    while executing
ptolemy.kernel.util.IllegalActionException: Found a zero delay loop containing .dependencyLoop.original
  in .dependencyLoop and .dependencyLoop.original
	at ptolemy.actor.util.CausalityInterfaceForComposites._computeOutputPortDepth(CausalityInterfaceForComposites.java:759)
	at ptolemy.actor.util.CausalityInterfaceForComposites._computeInputDepth(CausalityInterfaceForComposites.java:696)
	at ptolemy.actor.util.CausalityInterfaceForComposites._computeOutputPortDepth(CausalityInterfaceForComposites.java:765)
	at ptolemy.actor.util.CausalityInterfaceForComposites._computeInputDepth(CausalityInterfaceForComposites.java:696)
	at ptolemy.actor.util.CausalityInterfaceForComposites._computeOutputPortDepth(CausalityInterfaceForComposites.java:765)
	at ptolemy.actor.util.CausalityInterfaceForComposites._computeInputDepth(CausalityInterfaceForComposites.java:696)
	at ptolemy.actor.util.CausalityInterfaceForComposites._computeActorDepth(CausalityInterfaceForComposites.java:532)
	at ptolemy.actor.util.CausalityInterfaceForComposites.checkForCycles(CausalityInterfaceForComposites.java:96)
	at ptolemy.domains.de.kernel.DEDirector.preinitialize(DEDirector.java:1338)
	at ptolemy.actor.CompositeActor.preinitialize(CompositeActor.java:1828)
	at ptolemy.actor.Manager.preinitializeAndResolveTypes(Manager.java:1040)
	at ptolemy.actor.Manager.initialize(Manager.java:710)
	at ptolemy.actor.Manager.execute(Manager.java:356)
	at ptolemy.actor.Manager.run(Manager.java:1263)
	at ptolemy.actor.Manager$PtolemyRunThread.run(Manager.java:1933)

    while executing
ptolemy.kernel.util.IllegalActionException: Found a zero delay loop containing .dependencyLoop.original
  in .dependencyLoop and .dependencyLoop.original
    while executing
"java::new ptolemy.moml.MoMLSimpleApplication $file
"
    (procedure "createAndExecute" line 2)
    invoked from within
"createAndExecute $file"
    ("uplevel" body line 5)
    invoked from within
"uplevel $contents_of_test"
------------------ testing $PTII/ptolemy/domains/de/test/auto/knownFailedTests/FSMSource.xml (Known Failure) 
70 ms. Memory: 120832K Free: 99631K (82%)
!!!! Auto was marked as failing, but now passes
------------------ testing $PTII/ptolemy/domains/de/test/auto/knownFailedTests/HierarchicalModel.xml (Known Failure) 
7 ms. Memory: 120832K Free: 82183K (68%)


==== $PTIIhome/travis/build/icyphy/ptII/ptolemy/domains/de/test/../../../../: Auto Automatic test in file $PTII/ptolemy/domains/de/test/auto/knownFailedTests/HierarchicalModel.xml
==== Contents of test case:

	    # FIXME: we should use $relativeFilename here, but it
	    # might have backslashes under Windows, which causes no end
	    # of trouble.
	    createAndExecute $file
	    list {}
	
.... Test generated KNOWN error:
    while executing
ptolemy.kernel.util.IllegalActionException: Found a zero delay loop containing .HierarchicalModel.A
  in .HierarchicalModel and .HierarchicalModel.A
	at ptolemy.actor.util.CausalityInterfaceForComposites._computeOutputPortDepth(CausalityInterfaceForComposites.java:759)
	at ptolemy.actor.util.CausalityInterfaceForComposites._computeInputDepth(CausalityInterfaceForComposites.java:696)
	at ptolemy.actor.util.CausalityInterfaceForComposites._computeOutputPortDepth(CausalityInterfaceForComposites.java:765)
	at ptolemy.actor.util.CausalityInterfaceForComposites._computeInputDepth(CausalityInterfaceForComposites.java:696)
	at ptolemy.actor.util.CausalityInterfaceForComposites._computeOutputPortDepth(CausalityInterfaceForComposites.java:765)
	at ptolemy.actor.util.CausalityInterfaceForComposites._computeInputDepth(CausalityInterfaceForComposites.java:696)
	at ptolemy.actor.util.CausalityInterfaceForComposites._computeActorDepth(CausalityInterfaceForComposites.java:532)
	at ptolemy.actor.util.CausalityInterfaceForComposites.checkForCycles(CausalityInterfaceForComposites.java:96)
	at ptolemy.domains.de.kernel.DEDirector.preinitialize(DEDirector.java:1338)
	at ptolemy.actor.CompositeActor.preinitialize(CompositeActor.java:1828)
	at ptolemy.actor.Manager.preinitializeAndResolveTypes(Manager.java:1040)
	at ptolemy.actor.Manager.initialize(Manager.java:710)
	at ptolemy.actor.Manager.execute(Manager.java:356)
	at ptolemy.actor.Manager.run(Manager.java:1263)
	at ptolemy.actor.Manager$PtolemyRunThread.run(Manager.java:1933)

    while executing
ptolemy.kernel.util.IllegalActionException: Found a zero delay loop containing .HierarchicalModel.A
  in .HierarchicalModel and .HierarchicalModel.A
    while executing
"java::new ptolemy.moml.MoMLSimpleApplication $file
"
    (procedure "createAndExecute" line 2)
    invoked from within
"createAndExecute $file"
    ("uplevel" body line 5)
    invoked from within
"uplevel $contents_of_test"
------------------ testing $PTII/ptolemy/domains/de/test/auto/knownFailedTests/dependencyLoop2.xml (Known Failure) 
24 ms. Memory: 120832K Free: 106971K (89%)


==== $PTIIhome/travis/build/icyphy/ptII/ptolemy/domains/de/test/../../../../: Auto Automatic test in file $PTII/ptolemy/domains/de/test/auto/knownFailedTests/dependencyLoop2.xml
==== Contents of test case:

	    # FIXME: we should use $relativeFilename here, but it
	    # might have backslashes under Windows, which causes no end
	    # of trouble.
	    createAndExecute $file
	    list {}
	
.... Test generated KNOWN error:
    while executing
ptolemy.kernel.util.IllegalActionException: Found a zero delay loop containing .dependencyLoop2.original
  in .dependencyLoop2 and .dependencyLoop2.original
	at ptolemy.actor.util.CausalityInterfaceForComposites._computeOutputPortDepth(CausalityInterfaceForComposites.java:759)
	at ptolemy.actor.util.CausalityInterfaceForComposites._computeInputDepth(CausalityInterfaceForComposites.java:696)
	at ptolemy.actor.util.CausalityInterfaceForComposites._computeOutputPortDepth(CausalityInterfaceForComposites.java:765)
	at ptolemy.actor.util.CausalityInterfaceForComposites._computeInputDepth(CausalityInterfaceForComposites.java:696)
	at ptolemy.actor.util.CausalityInterfaceForComposites._computeOutputPortDepth(CausalityInterfaceForComposites.java:765)
	at ptolemy.actor.util.CausalityInterfaceForComposites._computeInputDepth(CausalityInterfaceForComposites.java:696)
	at ptolemy.actor.util.CausalityInterfaceForComposites._computeActorDepth(CausalityInterfaceForComposites.java:532)
	at ptolemy.actor.util.CausalityInterfaceForComposites.checkForCycles(CausalityInterfaceForComposites.java:96)
	at ptolemy.domains.de.kernel.DEDirector.preinitialize(DEDirector.java:1338)
	at ptolemy.actor.CompositeActor.preinitialize(CompositeActor.java:1828)
	at ptolemy.actor.Manager.preinitializeAndResolveTypes(Manager.java:1040)
	at ptolemy.actor.Manager.initialize(Manager.java:710)
	at ptolemy.actor.Manager.execute(Manager.java:356)
	at ptolemy.actor.Manager.run(Manager.java:1263)
	at ptolemy.actor.Manager$PtolemyRunThread.run(Manager.java:1933)

    while executing
ptolemy.kernel.util.IllegalActionException: Found a zero delay loop containing .dependencyLoop2.original
  in .dependencyLoop2 and .dependencyLoop2.original
    while executing
"java::new ptolemy.moml.MoMLSimpleApplication $file
"
    (procedure "createAndExecute" line 2)
    invoked from within
"createAndExecute $file"
    ("uplevel" body line 5)
    invoked from within
"uplevel $contents_of_test"
------------------ testing $PTII/ptolemy/domains/de/test/auto/knownFailedTests/DESDFClockTest.xml (Known Failure) 
2061 ms. Memory: 120832K Free: 93986K (78%)


==== $PTIIhome/travis/build/icyphy/ptII/ptolemy/domains/de/test/../../../../: Auto Automatic test in file $PTII/ptolemy/domains/de/test/auto/knownFailedTests/DESDFClockTest.xml
==== Contents of test case:

	    # FIXME: we should use $relativeFilename here, but it
	    # might have backslashes under Windows, which causes no end
	    # of trouble.
	    createAndExecute $file
	    list {}
	
.... Test generated KNOWN error:
    while executing
ptolemy.kernel.util.IllegalActionException: Actor is not ready to fire.  Perhaps UpSample.prefire() returned false? Try debugging the actor by selecting "Listen to Actor".  Also, for SDF check moml for tokenConsumptionRate on input.
  in .DESDFClockTest.Play Bell.Copy1:SDF Director and .DESDFClockTest.Play Bell.UpSample
	at ptolemy.actor.sched.StaticSchedulingDirector.fire(StaticSchedulingDirector.java:227)
	at ptolemy.domains.sdf.kernel.SDFDirector.fire(SDFDirector.java:500)
	at ptolemy.actor.CompositeActor.fire(CompositeActor.java:455)
	at ptolemy.domains.de.kernel.DEDirector._fire(DEDirector.java:1949)
	at ptolemy.domains.de.kernel.DEDirector.fire(DEDirector.java:502)
	at ptolemy.actor.CompositeActor.fire(CompositeActor.java:455)
	at ptolemy.actor.Manager.iterate(Manager.java:851)
	at ptolemy.actor.Manager.execute(Manager.java:369)
	at ptolemy.actor.Manager.run(Manager.java:1263)
	at ptolemy.actor.Manager$PtolemyRunThread.run(Manager.java:1933)

    while executing
ptolemy.kernel.util.IllegalActionException: Actor is not ready to fire.  Perhaps UpSample.prefire() returned false? Try debugging the actor by selecting "Listen to Actor".  Also, for SDF check moml for tokenConsumptionRate on input.
  in .DESDFClockTest.Play Bell.Copy1:SDF Director and .DESDFClockTest.Play Bell.UpSample
    while executing
"java::new ptolemy.moml.MoMLSimpleApplication $file
"
    (procedure "createAndExecute" line 2)
    invoked from within
"createAndExecute $file"
    ("uplevel" body line 5)
    invoked from within
"uplevel $contents_of_test"
------------------ testing $PTII/ptolemy/domains/de/test/auto/ActorDepthCalculation_actorWithoutPorts.xml
auto.tcl: Setting watchdog for 200 seconds at Fri Sep 06 05:38:47 UTC 2019
6 ms. Memory: 120832K Free: 87049K (72%)
ptolemy.util.test.WatchDog.cancel(): canceling Fri Sep 06 05:38:47 UTC 2019
auto.tcl: Setting watchdog for 200 seconds at Fri Sep 06 05:38:47 UTC 2019
9 ms. Memory: 120832K Free: 85266K (71%)
ptolemy.util.test.WatchDog.cancel(): canceling Fri Sep 06 05:38:47 UTC 2019
------------------ testing $PTII/ptolemy/domains/de/test/auto/AssemblyLine.xml
auto.tcl: Setting watchdog for 200 seconds at Fri Sep 06 05:38:47 UTC 2019
14 ms. Memory: 48128K Free: 25765K (54%)
ptolemy.util.test.WatchDog.cancel(): canceling Fri Sep 06 05:38:47 UTC 2019
auto.tcl: Setting watchdog for 200 seconds at Fri Sep 06 05:38:47 UTC 2019
7 ms. Memory: 48128K Free: 24883K (52%)
ptolemy.util.test.WatchDog.cancel(): canceling Fri Sep 06 05:38:47 UTC 2019
------------------ testing $PTII/ptolemy/domains/de/test/auto/CQBug1.xml
auto.tcl: Setting watchdog for 200 seconds at Fri Sep 06 05:38:47 UTC 2019
2 ms. Memory: 48128K Free: 31473K (65%)
ptolemy.util.test.WatchDog.cancel(): canceling Fri Sep 06 05:38:47 UTC 2019
auto.tcl: Setting watchdog for 200 seconds at Fri Sep 06 05:38:47 UTC 2019
2 ms. Memory: 48128K Free: 31033K (64%)
ptolemy.util.test.WatchDog.cancel(): canceling Fri Sep 06 05:38:47 UTC 2019
------------------ testing $PTII/ptolemy/domains/de/test/auto/CancelFireAt.xml
auto.tcl: Setting watchdog for 200 seconds at Fri Sep 06 05:38:48 UTC 2019
11 ms. Memory: 45056K Free: 29705K (66%)
ptolemy.util.test.WatchDog.cancel(): canceling Fri Sep 06 05:38:48 UTC 2019
auto.tcl: Setting watchdog for 200 seconds at Fri Sep 06 05:38:48 UTC 2019
3 ms. Memory: 45056K Free: 29275K (65%)
ptolemy.util.test.WatchDog.cancel(): canceling Fri Sep 06 05:38:48 UTC 2019
------------------ testing $PTII/ptolemy/domains/de/test/auto/CausalityAndComposabilityAnalysis.xml
auto.tcl: Setting watchdog for 200 seconds at Fri Sep 06 05:38:48 UTC 2019
6 ms. Memory: 45056K Free: 27446K (61%)
ptolemy.util.test.WatchDog.cancel(): canceling Fri Sep 06 05:38:48 UTC 2019
auto.tcl: Setting watchdog for 200 seconds at Fri Sep 06 05:38:48 UTC 2019
5 ms. Memory: 45056K Free: 27034K (60%)
ptolemy.util.test.WatchDog.cancel(): canceling Fri Sep 06 05:38:48 UTC 2019
------------------ testing $PTII/ptolemy/domains/de/test/auto/CausalityInterface1.xml
auto.tcl: Setting watchdog for 200 seconds at Fri Sep 06 05:38:48 UTC 2019
22 ms. Memory: 45056K Free: 26386K (59%)
ptolemy.util.test.WatchDog.cancel(): canceling Fri Sep 06 05:38:48 UTC 2019
auto.tcl: Setting watchdog for 200 seconds at Fri Sep 06 05:38:48 UTC 2019
3 ms. Memory: 45056K Free: 25386K (56%)
ptolemy.util.test.WatchDog.cancel(): canceling Fri Sep 06 05:38:48 UTC 2019
------------------ testing $PTII/ptolemy/domains/de/test/auto/CausalityInterface15.xml
auto.tcl: Setting watchdog for 200 seconds at Fri Sep 06 05:38:48 UTC 2019
12 ms. Memory: 45056K Free: 26000K (58%)
ptolemy.util.test.WatchDog.cancel(): canceling Fri Sep 06 05:38:48 UTC 2019
auto.tcl: Setting watchdog for 200 seconds at Fri Sep 06 05:38:48 UTC 2019
5 ms. Memory: 45056K Free: 25366K (56%)
ptolemy.util.test.WatchDog.cancel(): canceling Fri Sep 06 05:38:48 UTC 2019
------------------ testing $PTII/ptolemy/domains/de/test/auto/CausalityInterface2.xml
auto.tcl: Setting watchdog for 200 seconds at Fri Sep 06 05:38:48 UTC 2019
4 ms. Memory: 45056K Free: 27095K (60%)
ptolemy.util.test.WatchDog.cancel(): canceling Fri Sep 06 05:38:48 UTC 2019
auto.tcl: Setting watchdog for 200 seconds at Fri Sep 06 05:38:48 UTC 2019
3 ms. Memory: 45056K Free: 26345K (58%)
ptolemy.util.test.WatchDog.cancel(): canceling Fri Sep 06 05:38:48 UTC 2019
------------------ testing $PTII/ptolemy/domains/de/test/auto/CausalityInterface3.xml
auto.tcl: Setting watchdog for 200 seconds at Fri Sep 06 05:38:48 UTC 2019
6 ms. Memory: 45056K Free: 26557K (59%)
ptolemy.util.test.WatchDog.cancel(): canceling Fri Sep 06 05:38:48 UTC 2019
auto.tcl: Setting watchdog for 200 seconds at Fri Sep 06 05:38:48 UTC 2019
3 ms. Memory: 45056K Free: 25760K (57%)
ptolemy.util.test.WatchDog.cancel(): canceling Fri Sep 06 05:38:48 UTC 2019
------------------ testing $PTII/ptolemy/domains/de/test/auto/ClockDrift.xml
auto.tcl: Setting watchdog for 200 seconds at Fri Sep 06 05:38:48 UTC 2019
85 ms. Memory: 45056K Free: 19151K (43%)
ptolemy.util.test.WatchDog.cancel(): canceling Fri Sep 06 05:38:48 UTC 2019
auto.tcl: Setting watchdog for 200 seconds at Fri Sep 06 05:38:48 UTC 2019
49 ms. Memory: 45056K Free: 16134K (36%)
ptolemy.util.test.WatchDog.cancel(): canceling Fri Sep 06 05:38:48 UTC 2019
------------------ testing $PTII/ptolemy/domains/de/test/auto/ClockDriftAndValueChange.xml
auto.tcl: Setting watchdog for 200 seconds at Fri Sep 06 05:38:48 UTC 2019
27 ms. Memory: 45056K Free: 19219K (43%)
ptolemy.util.test.WatchDog.cancel(): canceling Fri Sep 06 05:38:48 UTC 2019
auto.tcl: Setting watchdog for 200 seconds at Fri Sep 06 05:38:48 UTC 2019
26 ms. Memory: 45056K Free: 16374K (36%)
ptolemy.util.test.WatchDog.cancel(): canceling Fri Sep 06 05:38:48 UTC 2019
------------------ testing $PTII/ptolemy/domains/de/test/auto/ClockDriftChange.xml
auto.tcl: Setting watchdog for 200 seconds at Fri Sep 06 05:38:49 UTC 2019
33 ms. Memory: 45056K Free: 21277K (47%)
ptolemy.util.test.WatchDog.cancel(): canceling Fri Sep 06 05:38:49 UTC 2019
auto.tcl: Setting watchdog for 200 seconds at Fri Sep 06 05:38:49 UTC 2019
31 ms. Memory: 45056K Free: 18422K (41%)
ptolemy.util.test.WatchDog.cancel(): canceling Fri Sep 06 05:38:49 UTC 2019
------------------ testing $PTII/ptolemy/domains/de/test/auto/ComposableCausalityAnalysis.xml
auto.tcl: Setting watchdog for 200 seconds at Fri Sep 06 05:38:49 UTC 2019
2 ms. Memory: 45056K Free: 25912K (58%)
ptolemy.util.test.WatchDog.cancel(): canceling Fri Sep 06 05:38:49 UTC 2019
auto.tcl: Setting watchdog for 200 seconds at Fri Sep 06 05:38:49 UTC 2019
5 ms. Memory: 45056K Free: 24885K (55%)
ptolemy.util.test.WatchDog.cancel(): canceling Fri Sep 06 05:38:49 UTC 2019
------------------ testing $PTII/ptolemy/domains/de/test/auto/DEFixedPointLimitation.xml
auto.tcl: Setting watchdog for 200 seconds at Fri Sep 06 05:38:49 UTC 2019
1 ms. Memory: 45056K Free: 27275K (61%)
ptolemy.util.test.WatchDog.cancel(): canceling Fri Sep 06 05:38:49 UTC 2019
auto.tcl: Setting watchdog for 200 seconds at Fri Sep 06 05:38:49 UTC 2019
1 ms. Memory: 45056K Free: 26353K (58%)
ptolemy.util.test.WatchDog.cancel(): canceling Fri Sep 06 05:38:49 UTC 2019
------------------ testing $PTII/ptolemy/domains/de/test/auto/DEScheduleTest.xml
auto.tcl: Setting watchdog for 200 seconds at Fri Sep 06 05:38:49 UTC 2019
11 ms. Memory: 45056K Free: 27493K (61%)
ptolemy.util.test.WatchDog.cancel(): canceling Fri Sep 06 05:38:49 UTC 2019
auto.tcl: Setting watchdog for 200 seconds at Fri Sep 06 05:38:49 UTC 2019
3 ms. Memory: 45056K Free: 26766K (59%)
ptolemy.util.test.WatchDog.cancel(): canceling Fri Sep 06 05:38:49 UTC 2019
------------------ testing $PTII/ptolemy/domains/de/test/auto/DEinDEwithStartTimes.xml
auto.tcl: Setting watchdog for 200 seconds at Fri Sep 06 05:38:49 UTC 2019
4 ms. Memory: 45056K Free: 25696K (57%)
ptolemy.util.test.WatchDog.cancel(): canceling Fri Sep 06 05:38:49 UTC 2019
auto.tcl: Setting watchdog for 200 seconds at Fri Sep 06 05:38:49 UTC 2019
4 ms. Memory: 45056K Free: 24669K (55%)
ptolemy.util.test.WatchDog.cancel(): canceling Fri Sep 06 05:38:49 UTC 2019
------------------ testing $PTII/ptolemy/domains/de/test/auto/DEinDEwithStartTimes2.xml
auto.tcl: Setting watchdog for 200 seconds at Fri Sep 06 05:38:49 UTC 2019
7 ms. Memory: 45056K Free: 25002K (55%)
ptolemy.util.test.WatchDog.cancel(): canceling Fri Sep 06 05:38:49 UTC 2019
auto.tcl: Setting watchdog for 200 seconds at Fri Sep 06 05:38:49 UTC 2019
4 ms. Memory: 45056K Free: 23624K (52%)
ptolemy.util.test.WatchDog.cancel(): canceling Fri Sep 06 05:38:49 UTC 2019
------------------ testing $PTII/ptolemy/domains/de/test/auto/DateDemo.xml
auto.tcl: Setting watchdog for 200 seconds at Fri Sep 06 05:38:49 UTC 2019
21 ms. Memory: 45056K Free: 19275K (43%)
ptolemy.util.test.WatchDog.cancel(): canceling Fri Sep 06 05:38:49 UTC 2019
auto.tcl: Setting watchdog for 200 seconds at Fri Sep 06 05:38:49 UTC 2019
9 ms. Memory: 45056K Free: 17699K (39%)
ptolemy.util.test.WatchDog.cancel(): canceling Fri Sep 06 05:38:49 UTC 2019
------------------ testing $PTII/ptolemy/domains/de/test/auto/DateToEvent.xml
auto.tcl: Setting watchdog for 200 seconds at Fri Sep 06 05:38:49 UTC 2019
2014 ms. Memory: 45056K Free: 15186K (34%)
ptolemy.util.test.WatchDog.cancel(): canceling Fri Sep 06 05:38:51 UTC 2019
auto.tcl: Setting watchdog for 200 seconds at Fri Sep 06 05:38:51 UTC 2019
2005 ms. Memory: 45056K Free: 14454K (32%)
ptolemy.util.test.WatchDog.cancel(): canceling Fri Sep 06 05:38:53 UTC 2019
------------------ testing $PTII/ptolemy/domains/de/test/auto/DepthTest1.xml
auto.tcl: Setting watchdog for 200 seconds at Fri Sep 06 05:38:53 UTC 2019
2 ms. Memory: 45056K Free: 28467K (63%)
ptolemy.util.test.WatchDog.cancel(): canceling Fri Sep 06 05:38:53 UTC 2019
auto.tcl: Setting watchdog for 200 seconds at Fri Sep 06 05:38:53 UTC 2019
2 ms. Memory: 45056K Free: 27952K (62%)
ptolemy.util.test.WatchDog.cancel(): canceling Fri Sep 06 05:38:53 UTC 2019
------------------ testing $PTII/ptolemy/domains/de/test/auto/DepthTest2.xml
auto.tcl: Setting watchdog for 200 seconds at Fri Sep 06 05:38:53 UTC 2019
8 ms. Memory: 45056K Free: 25198K (56%)
ptolemy.util.test.WatchDog.cancel(): canceling Fri Sep 06 05:38:54 UTC 2019
auto.tcl: Setting watchdog for 200 seconds at Fri Sep 06 05:38:54 UTC 2019
3 ms. Memory: 45056K Free: 24795K (55%)
ptolemy.util.test.WatchDog.cancel(): canceling Fri Sep 06 05:38:54 UTC 2019
------------------ testing $PTII/ptolemy/domains/de/test/auto/DepthTest3.xml
auto.tcl: Setting watchdog for 200 seconds at Fri Sep 06 05:38:54 UTC 2019
3 ms. Memory: 45056K Free: 28661K (64%)
ptolemy.util.test.WatchDog.cancel(): canceling Fri Sep 06 05:38:54 UTC 2019
auto.tcl: Setting watchdog for 200 seconds at Fri Sep 06 05:38:54 UTC 2019
2 ms. Memory: 45056K Free: 28251K (63%)
ptolemy.util.test.WatchDog.cancel(): canceling Fri Sep 06 05:38:54 UTC 2019
------------------ testing $PTII/ptolemy/domains/de/test/auto/DepthTest4.xml
auto.tcl: Setting watchdog for 200 seconds at Fri Sep 06 05:38:54 UTC 2019
7 ms. Memory: 45056K Free: 27019K (60%)
ptolemy.util.test.WatchDog.cancel(): canceling Fri Sep 06 05:38:54 UTC 2019
auto.tcl: Setting watchdog for 200 seconds at Fri Sep 06 05:38:54 UTC 2019
5 ms. Memory: 45056K Free: 26270K (58%)
ptolemy.util.test.WatchDog.cancel(): canceling Fri Sep 06 05:38:54 UTC 2019
------------------ testing $PTII/ptolemy/domains/de/test/auto/DepthTest5.xml
auto.tcl: Setting watchdog for 200 seconds at Fri Sep 06 05:38:54 UTC 2019
5 ms. Memory: 45056K Free: 26419K (59%)
ptolemy.util.test.WatchDog.cancel(): canceling Fri Sep 06 05:38:54 UTC 2019
auto.tcl: Setting watchdog for 200 seconds at Fri Sep 06 05:38:54 UTC 2019
2 ms. Memory: 45056K Free: 25623K (57%)
ptolemy.util.test.WatchDog.cancel(): canceling Fri Sep 06 05:38:54 UTC 2019
------------------ testing $PTII/ptolemy/domains/de/test/auto/DepthTest6.xml
auto.tcl: Setting watchdog for 200 seconds at Fri Sep 06 05:38:54 UTC 2019
7 ms. Memory: 45056K Free: 26107K (58%)
ptolemy.util.test.WatchDog.cancel(): canceling Fri Sep 06 05:38:54 UTC 2019
auto.tcl: Setting watchdog for 200 seconds at Fri Sep 06 05:38:54 UTC 2019
3 ms. Memory: 45056K Free: 25601K (57%)
ptolemy.util.test.WatchDog.cancel(): canceling Fri Sep 06 05:38:54 UTC 2019
------------------ testing $PTII/ptolemy/domains/de/test/auto/DepthTest7.xml
auto.tcl: Setting watchdog for 200 seconds at Fri Sep 06 05:38:54 UTC 2019
3 ms. Memory: 45056K Free: 26951K (60%)
ptolemy.util.test.WatchDog.cancel(): canceling Fri Sep 06 05:38:54 UTC 2019
auto.tcl: Setting watchdog for 200 seconds at Fri Sep 06 05:38:54 UTC 2019
2 ms. Memory: 45056K Free: 26221K (58%)
ptolemy.util.test.WatchDog.cancel(): canceling Fri Sep 06 05:38:54 UTC 2019
------------------ testing $PTII/ptolemy/domains/de/test/auto/EventToDate.xml
auto.tcl: Setting watchdog for 200 seconds at Fri Sep 06 05:38:54 UTC 2019
3015 ms. Memory: 45056K Free: 17717K (39%)
ptolemy.util.test.WatchDog.cancel(): canceling Fri Sep 06 05:38:57 UTC 2019
auto.tcl: Setting watchdog for 200 seconds at Fri Sep 06 05:38:57 UTC 2019
3006 ms. Memory: 45056K Free: 17055K (38%)
ptolemy.util.test.WatchDog.cancel(): canceling Fri Sep 06 05:39:00 UTC 2019
------------------ testing $PTII/ptolemy/domains/de/test/auto/FSM1.xml
auto.tcl: Setting watchdog for 200 seconds at Fri Sep 06 05:39:00 UTC 2019
40 ms. Memory: 45056K Free: 18948K (42%)
ptolemy.util.test.WatchDog.cancel(): canceling Fri Sep 06 05:39:00 UTC 2019
auto.tcl: Setting watchdog for 200 seconds at Fri Sep 06 05:39:00 UTC 2019
20 ms. Memory: 45056K Free: 15694K (35%)
ptolemy.util.test.WatchDog.cancel(): canceling Fri Sep 06 05:39:00 UTC 2019
------------------ testing $PTII/ptolemy/domains/de/test/auto/FSM7.xml
auto.tcl: Setting watchdog for 200 seconds at Fri Sep 06 05:39:00 UTC 2019
28 ms. Memory: 45056K Free: 18626K (41%)
ptolemy.util.test.WatchDog.cancel(): canceling Fri Sep 06 05:39:00 UTC 2019
auto.tcl: Setting watchdog for 200 seconds at Fri Sep 06 05:39:00 UTC 2019
24 ms. Memory: 45056K Free: 15469K (34%)
ptolemy.util.test.WatchDog.cancel(): canceling Fri Sep 06 05:39:00 UTC 2019
------------------ testing $PTII/ptolemy/domains/de/test/auto/Inspection.xml
auto.tcl: Setting watchdog for 200 seconds at Fri Sep 06 05:39:00 UTC 2019
23 ms. Memory: 45056K Free: 18705K (42%)
ptolemy.util.test.WatchDog.cancel(): canceling Fri Sep 06 05:39:01 UTC 2019
auto.tcl: Setting watchdog for 200 seconds at Fri Sep 06 05:39:01 UTC 2019
29 ms. Memory: 45056K Free: 16952K (38%)
ptolemy.util.test.WatchDog.cancel(): canceling Fri Sep 06 05:39:01 UTC 2019
------------------ testing $PTII/ptolemy/domains/de/test/auto/Iteration.xml
auto.tcl: Setting watchdog for 200 seconds at Fri Sep 06 05:39:01 UTC 2019
9 ms. Memory: 45056K Free: 24431K (54%)
ptolemy.util.test.WatchDog.cancel(): canceling Fri Sep 06 05:39:01 UTC 2019
auto.tcl: Setting watchdog for 200 seconds at Fri Sep 06 05:39:01 UTC 2019
9 ms. Memory: 45056K Free: 23009K (51%)
ptolemy.util.test.WatchDog.cancel(): canceling Fri Sep 06 05:39:01 UTC 2019
------------------ testing $PTII/ptolemy/domains/de/test/auto/LineFault.xml
auto.tcl: Setting watchdog for 200 seconds at Fri Sep 06 05:39:01 UTC 2019
823 ms. Memory: 54272K Free: 14995K (28%)
ptolemy.util.test.WatchDog.cancel(): canceling Fri Sep 06 05:39:02 UTC 2019
auto.tcl: Setting watchdog for 200 seconds at Fri Sep 06 05:39:02 UTC 2019
710 ms. Memory: 54272K Free: 37400K (69%)
ptolemy.util.test.WatchDog.cancel(): canceling Fri Sep 06 05:39:03 UTC 2019
------------------ testing $PTII/ptolemy/domains/de/test/auto/MergeModel1Add.xml
auto.tcl: Setting watchdog for 200 seconds at Fri Sep 06 05:39:03 UTC 2019
18 ms. Memory: 51200K Free: 16512K (32%)
ptolemy.util.test.WatchDog.cancel(): canceling Fri Sep 06 05:39:03 UTC 2019
auto.tcl: Setting watchdog for 200 seconds at Fri Sep 06 05:39:03 UTC 2019
19 ms. Memory: 51200K Free: 14878K (29%)
ptolemy.util.test.WatchDog.cancel(): canceling Fri Sep 06 05:39:03 UTC 2019
------------------ testing $PTII/ptolemy/domains/de/test/auto/MergeModel2Add.xml
auto.tcl: Setting watchdog for 200 seconds at Fri Sep 06 05:39:03 UTC 2019
13 ms. Memory: 48128K Free: 15240K (32%)
ptolemy.util.test.WatchDog.cancel(): canceling Fri Sep 06 05:39:03 UTC 2019
auto.tcl: Setting watchdog for 200 seconds at Fri Sep 06 05:39:03 UTC 2019
12 ms. Memory: 48128K Free: 13537K (28%)
ptolemy.util.test.WatchDog.cancel(): canceling Fri Sep 06 05:39:03 UTC 2019
------------------ testing $PTII/ptolemy/domains/de/test/auto/MergeModel3Add.xml
auto.tcl: Setting watchdog for 200 seconds at Fri Sep 06 05:39:03 UTC 2019
11 ms. Memory: 48128K Free: 15491K (32%)
ptolemy.util.test.WatchDog.cancel(): canceling Fri Sep 06 05:39:03 UTC 2019
auto.tcl: Setting watchdog for 200 seconds at Fri Sep 06 05:39:03 UTC 2019
11 ms. Memory: 48128K Free: 14090K (29%)
ptolemy.util.test.WatchDog.cancel(): canceling Fri Sep 06 05:39:03 UTC 2019
------------------ testing $PTII/ptolemy/domains/de/test/auto/MergeWithoutDiscard.xml
auto.tcl: Setting watchdog for 200 seconds at Fri Sep 06 05:39:03 UTC 2019
1 ms. Memory: 48128K Free: 30369K (63%)
ptolemy.util.test.WatchDog.cancel(): canceling Fri Sep 06 05:39:03 UTC 2019
auto.tcl: Setting watchdog for 200 seconds at Fri Sep 06 05:39:03 UTC 2019
1 ms. Memory: 48128K Free: 29476K (61%)
ptolemy.util.test.WatchDog.cancel(): canceling Fri Sep 06 05:39:03 UTC 2019
------------------ testing $PTII/ptolemy/domains/de/test/auto/Modal1.xml
auto.tcl: Setting watchdog for 200 seconds at Fri Sep 06 05:39:03 UTC 2019
12 ms. Memory: 48128K Free: 22228K (46%)
ptolemy.util.test.WatchDog.cancel(): canceling Fri Sep 06 05:39:03 UTC 2019
auto.tcl: Setting watchdog for 200 seconds at Fri Sep 06 05:39:03 UTC 2019
13 ms. Memory: 48128K Free: 18953K (39%)
ptolemy.util.test.WatchDog.cancel(): canceling Fri Sep 06 05:39:03 UTC 2019
------------------ testing $PTII/ptolemy/domains/de/test/auto/Modal2.xml
auto.tcl: Setting watchdog for 200 seconds at Fri Sep 06 05:39:03 UTC 2019
15 ms. Memory: 48128K Free: 22364K (46%)
ptolemy.util.test.WatchDog.cancel(): canceling Fri Sep 06 05:39:03 UTC 2019
auto.tcl: Setting watchdog for 200 seconds at Fri Sep 06 05:39:03 UTC 2019
23 ms. Memory: 48128K Free: 18848K (39%)
ptolemy.util.test.WatchDog.cancel(): canceling Fri Sep 06 05:39:03 UTC 2019
------------------ testing $PTII/ptolemy/domains/de/test/auto/Modal3.xml
auto.tcl: Setting watchdog for 200 seconds at Fri Sep 06 05:39:03 UTC 2019
19 ms. Memory: 48128K Free: 22065K (46%)
ptolemy.util.test.WatchDog.cancel(): canceling Fri Sep 06 05:39:03 UTC 2019
auto.tcl: Setting watchdog for 200 seconds at Fri Sep 06 05:39:03 UTC 2019
15 ms. Memory: 48128K Free: 18839K (39%)
ptolemy.util.test.WatchDog.cancel(): canceling Fri Sep 06 05:39:03 UTC 2019
------------------ testing $PTII/ptolemy/domains/de/test/auto/Modal4.xml
auto.tcl: Setting watchdog for 200 seconds at Fri Sep 06 05:39:03 UTC 2019
12 ms. Memory: 48128K Free: 21054K (44%)
ptolemy.util.test.WatchDog.cancel(): canceling Fri Sep 06 05:39:03 UTC 2019
auto.tcl: Setting watchdog for 200 seconds at Fri Sep 06 05:39:03 UTC 2019
15 ms. Memory: 48128K Free: 17238K (36%)
ptolemy.util.test.WatchDog.cancel(): canceling Fri Sep 06 05:39:03 UTC 2019
------------------ testing $PTII/ptolemy/domains/de/test/auto/Modal5.xml
auto.tcl: Setting watchdog for 200 seconds at Fri Sep 06 05:39:04 UTC 2019
11 ms. Memory: 48128K Free: 21032K (44%)
ptolemy.util.test.WatchDog.cancel(): canceling Fri Sep 06 05:39:04 UTC 2019
auto.tcl: Setting watchdog for 200 seconds at Fri Sep 06 05:39:04 UTC 2019
13 ms. Memory: 48128K Free: 17224K (36%)
ptolemy.util.test.WatchDog.cancel(): canceling Fri Sep 06 05:39:04 UTC 2019
------------------ testing $PTII/ptolemy/domains/de/test/auto/Modal6.xml
auto.tcl: Setting watchdog for 200 seconds at Fri Sep 06 05:39:04 UTC 2019
13 ms. Memory: 48128K Free: 21798K (45%)
ptolemy.util.test.WatchDog.cancel(): canceling Fri Sep 06 05:39:04 UTC 2019
auto.tcl: Setting watchdog for 200 seconds at Fri Sep 06 05:39:04 UTC 2019
15 ms. Memory: 48128K Free: 17817K (37%)
ptolemy.util.test.WatchDog.cancel(): canceling Fri Sep 06 05:39:04 UTC 2019
------------------ testing $PTII/ptolemy/domains/de/test/auto/Modal7.xml
auto.tcl: Setting watchdog for 200 seconds at Fri Sep 06 05:39:04 UTC 2019
15 ms. Memory: 48128K Free: 20774K (43%)
ptolemy.util.test.WatchDog.cancel(): canceling Fri Sep 06 05:39:04 UTC 2019
auto.tcl: Setting watchdog for 200 seconds at Fri Sep 06 05:39:04 UTC 2019
19 ms. Memory: 48128K Free: 17224K (36%)
ptolemy.util.test.WatchDog.cancel(): canceling Fri Sep 06 05:39:04 UTC 2019
------------------ testing $PTII/ptolemy/domains/de/test/auto/ModalModel.xml
auto.tcl: Setting watchdog for 200 seconds at Fri Sep 06 05:39:04 UTC 2019
208 ms. Memory: 48128K Free: 14195K (29%)
ptolemy.util.test.WatchDog.cancel(): canceling Fri Sep 06 05:39:04 UTC 2019
auto.tcl: Setting watchdog for 200 seconds at Fri Sep 06 05:39:04 UTC 2019
217 ms. Memory: 61440K Free: 22012K (36%)
ptolemy.util.test.WatchDog.cancel(): canceling Fri Sep 06 05:39:04 UTC 2019
------------------ testing $PTII/ptolemy/domains/de/test/auto/ModalSource.xml
auto.tcl: Setting watchdog for 200 seconds at Fri Sep 06 05:39:04 UTC 2019
6 ms. Memory: 51200K Free: 28970K (57%)
ptolemy.util.test.WatchDog.cancel(): canceling Fri Sep 06 05:39:04 UTC 2019
auto.tcl: Setting watchdog for 200 seconds at Fri Sep 06 05:39:04 UTC 2019
6 ms. Memory: 51200K Free: 26922K (53%)
ptolemy.util.test.WatchDog.cancel(): canceling Fri Sep 06 05:39:04 UTC 2019
------------------ testing $PTII/ptolemy/domains/de/test/auto/NonInterruptibleTimerZeroDelay.xml
auto.tcl: Setting watchdog for 200 seconds at Fri Sep 06 05:39:04 UTC 2019
3 ms. Memory: 51200K Free: 33913K (66%)
ptolemy.util.test.WatchDog.cancel(): canceling Fri Sep 06 05:39:04 UTC 2019
auto.tcl: Setting watchdog for 200 seconds at Fri Sep 06 05:39:04 UTC 2019
2 ms. Memory: 51200K Free: 33255K (65%)
ptolemy.util.test.WatchDog.cancel(): canceling Fri Sep 06 05:39:04 UTC 2019
------------------ testing $PTII/ptolemy/domains/de/test/auto/OpenQueueingNetwork.xml
auto.tcl: Setting watchdog for 200 seconds at Fri Sep 06 05:39:04 UTC 2019
3112 ms. Memory: 89088K Free: 26439K (30%)
ptolemy.util.test.WatchDog.cancel(): canceling Fri Sep 06 05:39:08 UTC 2019
auto.tcl: Setting watchdog for 200 seconds at Fri Sep 06 05:39:08 UTC 2019
3037 ms. Memory: 107520K Free: 33463K (31%)
ptolemy.util.test.WatchDog.cancel(): canceling Fri Sep 06 05:39:11 UTC 2019
------------------ testing $PTII/ptolemy/domains/de/test/auto/OpenQueuingNetwork.xml
auto.tcl: Setting watchdog for 200 seconds at Fri Sep 06 05:39:11 UTC 2019
334 ms. Memory: 51200K Free: 16435K (32%)
ptolemy.util.test.WatchDog.cancel(): canceling Fri Sep 06 05:39:11 UTC 2019
auto.tcl: Setting watchdog for 200 seconds at Fri Sep 06 05:39:11 UTC 2019
307 ms. Memory: 61440K Free: 29936K (49%)
ptolemy.util.test.WatchDog.cancel(): canceling Fri Sep 06 05:39:12 UTC 2019
------------------ testing $PTII/ptolemy/domains/de/test/auto/PeriodicSampler.xml
auto.tcl: Setting watchdog for 200 seconds at Fri Sep 06 05:39:12 UTC 2019
3 ms. Memory: 51200K Free: 33108K (65%)
ptolemy.util.test.WatchDog.cancel(): canceling Fri Sep 06 05:39:12 UTC 2019
auto.tcl: Setting watchdog for 200 seconds at Fri Sep 06 05:39:12 UTC 2019
2 ms. Memory: 51200K Free: 32603K (64%)
ptolemy.util.test.WatchDog.cancel(): canceling Fri Sep 06 05:39:12 UTC 2019
------------------ testing $PTII/ptolemy/domains/de/test/auto/PersistentIO.xml
auto.tcl: Setting watchdog for 200 seconds at Fri Sep 06 05:39:12 UTC 2019
5 ms. Memory: 51200K Free: 28033K (55%)
ptolemy.util.test.WatchDog.cancel(): canceling Fri Sep 06 05:39:12 UTC 2019
auto.tcl: Setting watchdog for 200 seconds at Fri Sep 06 05:39:12 UTC 2019
4 ms. Memory: 51200K Free: 26588K (52%)
ptolemy.util.test.WatchDog.cancel(): canceling Fri Sep 06 05:39:12 UTC 2019
------------------ testing $PTII/ptolemy/domains/de/test/auto/PortParameterResetOnInitialize.xml
auto.tcl: Setting watchdog for 200 seconds at Fri Sep 06 05:39:12 UTC 2019
8 ms. Memory: 51200K Free: 32999K (64%)
ptolemy.util.test.WatchDog.cancel(): canceling Fri Sep 06 05:39:12 UTC 2019
auto.tcl: Setting watchdog for 200 seconds at Fri Sep 06 05:39:12 UTC 2019
2 ms. Memory: 51200K Free: 32525K (64%)
ptolemy.util.test.WatchDog.cancel(): canceling Fri Sep 06 05:39:12 UTC 2019
------------------ testing $PTII/ptolemy/domains/de/test/auto/PortParameterUpdates.xml
auto.tcl: Setting watchdog for 200 seconds at Fri Sep 06 05:39:12 UTC 2019
3 ms. Memory: 51200K Free: 31115K (61%)
ptolemy.util.test.WatchDog.cancel(): canceling Fri Sep 06 05:39:12 UTC 2019
auto.tcl: Setting watchdog for 200 seconds at Fri Sep 06 05:39:12 UTC 2019
3 ms. Memory: 51200K Free: 29626K (58%)
ptolemy.util.test.WatchDog.cancel(): canceling Fri Sep 06 05:39:12 UTC 2019
------------------ testing $PTII/ptolemy/domains/de/test/auto/QueueAndServer.xml
auto.tcl: Setting watchdog for 200 seconds at Fri Sep 06 05:39:12 UTC 2019
15 ms. Memory: 51200K Free: 30055K (59%)
ptolemy.util.test.WatchDog.cancel(): canceling Fri Sep 06 05:39:12 UTC 2019
auto.tcl: Setting watchdog for 200 seconds at Fri Sep 06 05:39:12 UTC 2019
9 ms. Memory: 51200K Free: 28572K (56%)
ptolemy.util.test.WatchDog.cancel(): canceling Fri Sep 06 05:39:12 UTC 2019
------------------ testing $PTII/ptolemy/domains/de/test/auto/Records.xml
auto.tcl: Setting watchdog for 200 seconds at Fri Sep 06 05:39:12 UTC 2019
5 ms. Memory: 48128K Free: 29505K (61%)
ptolemy.util.test.WatchDog.cancel(): canceling Fri Sep 06 05:39:12 UTC 2019
auto.tcl: Setting watchdog for 200 seconds at Fri Sep 06 05:39:12 UTC 2019
2 ms. Memory: 48128K Free: 28986K (60%)
ptolemy.util.test.WatchDog.cancel(): canceling Fri Sep 06 05:39:12 UTC 2019
------------------ testing $PTII/ptolemy/domains/de/test/auto/ResetTransitionWithStartTime1.xml
auto.tcl: Setting watchdog for 200 seconds at Fri Sep 06 05:39:12 UTC 2019
13 ms. Memory: 48128K Free: 26445K (55%)
ptolemy.util.test.WatchDog.cancel(): canceling Fri Sep 06 05:39:12 UTC 2019
auto.tcl: Setting watchdog for 200 seconds at Fri Sep 06 05:39:12 UTC 2019
6 ms. Memory: 48128K Free: 23909K (50%)
ptolemy.util.test.WatchDog.cancel(): canceling Fri Sep 06 05:39:12 UTC 2019
------------------ testing $PTII/ptolemy/domains/de/test/auto/ResetTransitionWithStartTime2.xml
auto.tcl: Setting watchdog for 200 seconds at Fri Sep 06 05:39:12 UTC 2019
5 ms. Memory: 48128K Free: 26401K (55%)
ptolemy.util.test.WatchDog.cancel(): canceling Fri Sep 06 05:39:12 UTC 2019
auto.tcl: Setting watchdog for 200 seconds at Fri Sep 06 05:39:12 UTC 2019
7 ms. Memory: 48128K Free: 23895K (50%)
ptolemy.util.test.WatchDog.cancel(): canceling Fri Sep 06 05:39:12 UTC 2019
------------------ testing $PTII/ptolemy/domains/de/test/auto/ResetTransitionWithStartTime3.xml
auto.tcl: Setting watchdog for 200 seconds at Fri Sep 06 05:39:12 UTC 2019
9 ms. Memory: 48128K Free: 26400K (55%)
ptolemy.util.test.WatchDog.cancel(): canceling Fri Sep 06 05:39:12 UTC 2019
auto.tcl: Setting watchdog for 200 seconds at Fri Sep 06 05:39:12 UTC 2019
7 ms. Memory: 48128K Free: 23880K (50%)
ptolemy.util.test.WatchDog.cancel(): canceling Fri Sep 06 05:39:12 UTC 2019
------------------ testing $PTII/ptolemy/domains/de/test/auto/ResetTransitionWithStartTime4.xml
auto.tcl: Setting watchdog for 200 seconds at Fri Sep 06 05:39:12 UTC 2019
11 ms. Memory: 48128K Free: 26888K (56%)
ptolemy.util.test.WatchDog.cancel(): canceling Fri Sep 06 05:39:12 UTC 2019
auto.tcl: Setting watchdog for 200 seconds at Fri Sep 06 05:39:12 UTC 2019
4 ms. Memory: 48128K Free: 25455K (53%)
ptolemy.util.test.WatchDog.cancel(): canceling Fri Sep 06 05:39:12 UTC 2019
------------------ testing $PTII/ptolemy/domains/de/test/auto/ResettableTimer1.xml
auto.tcl: Setting watchdog for 200 seconds at Fri Sep 06 05:39:12 UTC 2019
4 ms. Memory: 48128K Free: 30877K (64%)
ptolemy.util.test.WatchDog.cancel(): canceling Fri Sep 06 05:39:12 UTC 2019
auto.tcl: Setting watchdog for 200 seconds at Fri Sep 06 05:39:12 UTC 2019
3 ms. Memory: 48128K Free: 29560K (61%)
ptolemy.util.test.WatchDog.cancel(): canceling Fri Sep 06 05:39:12 UTC 2019
------------------ testing $PTII/ptolemy/domains/de/test/auto/ResettableTimer2.xml
auto.tcl: Setting watchdog for 200 seconds at Fri Sep 06 05:39:12 UTC 2019
2 ms. Memory: 48128K Free: 30710K (64%)
ptolemy.util.test.WatchDog.cancel(): canceling Fri Sep 06 05:39:12 UTC 2019
auto.tcl: Setting watchdog for 200 seconds at Fri Sep 06 05:39:12 UTC 2019
2 ms. Memory: 48128K Free: 29590K (61%)
ptolemy.util.test.WatchDog.cancel(): canceling Fri Sep 06 05:39:12 UTC 2019
------------------ testing $PTII/ptolemy/domains/de/test/auto/ResettableTimer3.xml
auto.tcl: Setting watchdog for 200 seconds at Fri Sep 06 05:39:13 UTC 2019
1 ms. Memory: 48128K Free: 31012K (64%)
ptolemy.util.test.WatchDog.cancel(): canceling Fri Sep 06 05:39:13 UTC 2019
auto.tcl: Setting watchdog for 200 seconds at Fri Sep 06 05:39:13 UTC 2019
2 ms. Memory: 48128K Free: 30532K (63%)
ptolemy.util.test.WatchDog.cancel(): canceling Fri Sep 06 05:39:13 UTC 2019
------------------ testing $PTII/ptolemy/domains/de/test/auto/ResettableTimer4.xml
auto.tcl: Setting watchdog for 200 seconds at Fri Sep 06 05:39:13 UTC 2019
1 ms. Memory: 48128K Free: 30586K (64%)
ptolemy.util.test.WatchDog.cancel(): canceling Fri Sep 06 05:39:13 UTC 2019
auto.tcl: Setting watchdog for 200 seconds at Fri Sep 06 05:39:13 UTC 2019
1 ms. Memory: 48128K Free: 30088K (63%)
ptolemy.util.test.WatchDog.cancel(): canceling Fri Sep 06 05:39:13 UTC 2019
------------------ testing $PTII/ptolemy/domains/de/test/auto/ResettableTimer5.xml
auto.tcl: Setting watchdog for 200 seconds at Fri Sep 06 05:39:13 UTC 2019
1 ms. Memory: 48128K Free: 30030K (62%)
ptolemy.util.test.WatchDog.cancel(): canceling Fri Sep 06 05:39:13 UTC 2019
auto.tcl: Setting watchdog for 200 seconds at Fri Sep 06 05:39:13 UTC 2019
2 ms. Memory: 48128K Free: 29574K (61%)
ptolemy.util.test.WatchDog.cancel(): canceling Fri Sep 06 05:39:13 UTC 2019
------------------ testing $PTII/ptolemy/domains/de/test/auto/ResettableTimer6.xml
auto.tcl: Setting watchdog for 200 seconds at Fri Sep 06 05:39:13 UTC 2019
2 ms. Memory: 48128K Free: 30007K (62%)
ptolemy.util.test.WatchDog.cancel(): canceling Fri Sep 06 05:39:13 UTC 2019
auto.tcl: Setting watchdog for 200 seconds at Fri Sep 06 05:39:13 UTC 2019
2 ms. Memory: 48128K Free: 29511K (61%)
ptolemy.util.test.WatchDog.cancel(): canceling Fri Sep 06 05:39:13 UTC 2019
------------------ testing $PTII/ptolemy/domains/de/test/auto/ServerZeroDelay.xml
auto.tcl: Setting watchdog for 200 seconds at Fri Sep 06 05:39:13 UTC 2019
3 ms. Memory: 48128K Free: 30526K (63%)
ptolemy.util.test.WatchDog.cancel(): canceling Fri Sep 06 05:39:13 UTC 2019
auto.tcl: Setting watchdog for 200 seconds at Fri Sep 06 05:39:13 UTC 2019
2 ms. Memory: 48128K Free: 29612K (62%)
ptolemy.util.test.WatchDog.cancel(): canceling Fri Sep 06 05:39:13 UTC 2019
------------------ testing $PTII/ptolemy/domains/de/test/auto/SmartSender.xml
auto.tcl: Setting watchdog for 200 seconds at Fri Sep 06 05:39:13 UTC 2019
3002 ms. Memory: 48128K Free: 30552K (63%)
ptolemy.util.test.WatchDog.cancel(): canceling Fri Sep 06 05:39:16 UTC 2019
auto.tcl: Setting watchdog for 200 seconds at Fri Sep 06 05:39:16 UTC 2019
3002 ms. Memory: 48128K Free: 30048K (62%)
ptolemy.util.test.WatchDog.cancel(): canceling Fri Sep 06 05:39:19 UTC 2019
------------------ testing $PTII/ptolemy/domains/de/test/auto/ThreadedComposite.xml
auto.tcl: Setting watchdog for 200 seconds at Fri Sep 06 05:39:19 UTC 2019
213 ms. Memory: 48128K Free: 11588K (24%)
ptolemy.util.test.WatchDog.cancel(): canceling Fri Sep 06 05:39:19 UTC 2019
auto.tcl: Setting watchdog for 200 seconds at Fri Sep 06 05:39:19 UTC 2019
141 ms. Memory: 48128K Free: 24944K (52%)
ptolemy.util.test.WatchDog.cancel(): canceling Fri Sep 06 05:39:19 UTC 2019
------------------ testing $PTII/ptolemy/domains/de/test/auto/Time.xml
auto.tcl: Setting watchdog for 200 seconds at Fri Sep 06 05:39:19 UTC 2019
554 ms. Memory: 48128K Free: 27014K (56%)
ptolemy.util.test.WatchDog.cancel(): canceling Fri Sep 06 05:39:20 UTC 2019
auto.tcl: Setting watchdog for 200 seconds at Fri Sep 06 05:39:20 UTC 2019
523 ms. Memory: 48128K Free: 23586K (49%)
ptolemy.util.test.WatchDog.cancel(): canceling Fri Sep 06 05:39:20 UTC 2019
------------------ testing $PTII/ptolemy/domains/de/test/auto/TimeDelayZeroDelay.xml
auto.tcl: Setting watchdog for 200 seconds at Fri Sep 06 05:39:20 UTC 2019
4 ms. Memory: 48128K Free: 30945K (64%)
ptolemy.util.test.WatchDog.cancel(): canceling Fri Sep 06 05:39:20 UTC 2019
auto.tcl: Setting watchdog for 200 seconds at Fri Sep 06 05:39:20 UTC 2019
2 ms. Memory: 48128K Free: 30056K (62%)
ptolemy.util.test.WatchDog.cancel(): canceling Fri Sep 06 05:39:20 UTC 2019
------------------ testing $PTII/ptolemy/domains/de/test/auto/TimerZeroDelay.xml
auto.tcl: Setting watchdog for 200 seconds at Fri Sep 06 05:39:21 UTC 2019
2 ms. Memory: 48128K Free: 30972K (64%)
ptolemy.util.test.WatchDog.cancel(): canceling Fri Sep 06 05:39:21 UTC 2019
auto.tcl: Setting watchdog for 200 seconds at Fri Sep 06 05:39:21 UTC 2019
2 ms. Memory: 48128K Free: 30099K (63%)
ptolemy.util.test.WatchDog.cancel(): canceling Fri Sep 06 05:39:21 UTC 2019
------------------ testing $PTII/ptolemy/domains/de/test/auto/TimingParadox.xml
auto.tcl: Setting watchdog for 200 seconds at Fri Sep 06 05:39:21 UTC 2019
353 ms. Memory: 48128K Free: 11912K (25%)
ptolemy.util.test.WatchDog.cancel(): canceling Fri Sep 06 05:39:21 UTC 2019
auto.tcl: Setting watchdog for 200 seconds at Fri Sep 06 05:39:21 UTC 2019
331 ms. Memory: 58368K Free: 32023K (55%)
ptolemy.util.test.WatchDog.cancel(): canceling Fri Sep 06 05:39:21 UTC 2019
------------------ testing $PTII/ptolemy/domains/de/test/auto/TransferInputs.xml
auto.tcl: Setting watchdog for 200 seconds at Fri Sep 06 05:39:21 UTC 2019
1 ms. Memory: 55296K Free: 36136K (65%)
ptolemy.util.test.WatchDog.cancel(): canceling Fri Sep 06 05:39:21 UTC 2019
auto.tcl: Setting watchdog for 200 seconds at Fri Sep 06 05:39:21 UTC 2019
1 ms. Memory: 55296K Free: 35219K (64%)
ptolemy.util.test.WatchDog.cancel(): canceling Fri Sep 06 05:39:21 UTC 2019
------------------ testing $PTII/ptolemy/domains/de/test/auto/TransferOutputs2.xml
auto.tcl: Setting watchdog for 200 seconds at Fri Sep 06 05:39:22 UTC 2019
3 ms. Memory: 48128K Free: 26402K (55%)
ptolemy.util.test.WatchDog.cancel(): canceling Fri Sep 06 05:39:22 UTC 2019
auto.tcl: Setting watchdog for 200 seconds at Fri Sep 06 05:39:22 UTC 2019
3 ms. Memory: 48128K Free: 25005K (52%)
ptolemy.util.test.WatchDog.cancel(): canceling Fri Sep 06 05:39:22 UTC 2019
------------------ testing $PTII/ptolemy/domains/de/test/auto/Trilateration.xml
auto.tcl: Setting watchdog for 200 seconds at Fri Sep 06 05:39:22 UTC 2019
14342 ms. Memory: 337920K Free: 281977K (83%)
ptolemy.util.test.WatchDog.cancel(): canceling Fri Sep 06 05:39:37 UTC 2019
auto.tcl: Setting watchdog for 200 seconds at Fri Sep 06 05:39:37 UTC 2019
10937 ms. Memory: 337920K Free: 205839K (61%)
ptolemy.util.test.WatchDog.cancel(): canceling Fri Sep 06 05:39:48 UTC 2019
------------------ testing $PTII/ptolemy/domains/de/test/auto/TwoSigmaDelta.xml
auto.tcl: Setting watchdog for 200 seconds at Fri Sep 06 05:39:48 UTC 2019
2870 ms. Memory: 89088K Free: 24570K (28%)
ptolemy.util.test.WatchDog.cancel(): canceling Fri Sep 06 05:39:51 UTC 2019
auto.tcl: Setting watchdog for 200 seconds at Fri Sep 06 05:39:51 UTC 2019
2120 ms. Memory: 89088K Free: 20961K (24%)
ptolemy.util.test.WatchDog.cancel(): canceling Fri Sep 06 05:39:53 UTC 2019
------------------ testing $PTII/ptolemy/domains/de/test/auto/VariableDelay.xml
auto.tcl: Setting watchdog for 200 seconds at Fri Sep 06 05:39:53 UTC 2019
3 ms. Memory: 51200K Free: 32508K (63%)
ptolemy.util.test.WatchDog.cancel(): canceling Fri Sep 06 05:39:53 UTC 2019
auto.tcl: Setting watchdog for 200 seconds at Fri Sep 06 05:39:53 UTC 2019
2 ms. Memory: 51200K Free: 31514K (62%)
ptolemy.util.test.WatchDog.cancel(): canceling Fri Sep 06 05:39:53 UTC 2019
------------------ testing $PTII/ptolemy/domains/de/test/auto/VariableDelay2.xml
auto.tcl: Setting watchdog for 200 seconds at Fri Sep 06 05:39:53 UTC 2019
2 ms. Memory: 48128K Free: 29865K (62%)
ptolemy.util.test.WatchDog.cancel(): canceling Fri Sep 06 05:39:53 UTC 2019
auto.tcl: Setting watchdog for 200 seconds at Fri Sep 06 05:39:53 UTC 2019
2 ms. Memory: 48128K Free: 28868K (60%)
ptolemy.util.test.WatchDog.cancel(): canceling Fri Sep 06 05:39:53 UTC 2019
------------------ testing $PTII/ptolemy/domains/de/test/auto/VariableDelayZeroDelay.xml
auto.tcl: Setting watchdog for 200 seconds at Fri Sep 06 05:39:53 UTC 2019
2 ms. Memory: 48128K Free: 30378K (63%)
ptolemy.util.test.WatchDog.cancel(): canceling Fri Sep 06 05:39:53 UTC 2019
auto.tcl: Setting watchdog for 200 seconds at Fri Sep 06 05:39:53 UTC 2019
2 ms. Memory: 48128K Free: 29871K (62%)
ptolemy.util.test.WatchDog.cancel(): canceling Fri Sep 06 05:39:53 UTC 2019
------------------ testing $PTII/ptolemy/domains/de/test/auto/VariableDelayZeroDelay2.xml
auto.tcl: Setting watchdog for 200 seconds at Fri Sep 06 05:39:53 UTC 2019
2 ms. Memory: 48128K Free: 30377K (63%)
ptolemy.util.test.WatchDog.cancel(): canceling Fri Sep 06 05:39:53 UTC 2019
auto.tcl: Setting watchdog for 200 seconds at Fri Sep 06 05:39:53 UTC 2019
2 ms. Memory: 48128K Free: 29426K (61%)
ptolemy.util.test.WatchDog.cancel(): canceling Fri Sep 06 05:39:53 UTC 2019
------------------ testing $PTII/ptolemy/domains/de/test/auto/deInCt.xml
auto.tcl: Setting watchdog for 200 seconds at Fri Sep 06 05:39:54 UTC 2019
0
1
1
1
0
0
0
1
1
1
0
0
0
0
1
1
1
0
0
0
0
1
1
1
1
1
0
0
0
1
1
1
0
0
0
0
11 ms. Memory: 48128K Free: 29350K (61%)
ptolemy.util.test.WatchDog.cancel(): canceling Fri Sep 06 05:39:54 UTC 2019
auto.tcl: Setting watchdog for 200 seconds at Fri Sep 06 05:39:54 UTC 2019
0
1
1
1
1
1
1
1
0
0
0
0
1
1
1
1
0
0
0
0
1
1
1
1
4 ms. Memory: 48128K Free: 27836K (58%)
ptolemy.util.test.WatchDog.cancel(): canceling Fri Sep 06 05:39:54 UTC 2019
------------------ testing $PTII/ptolemy/domains/de/test/auto/deInCt2.xml
auto.tcl: Setting watchdog for 200 seconds at Fri Sep 06 05:39:54 UTC 2019
0
1
1
1
0
0
1
1
1
0
0
1
1
1
0
0
1
1
1
0
0
1
1
1
0
0
1
1
1
0
0
1
1
1
0
0
1
1
1
0
0
0
16 ms. Memory: 48128K Free: 29356K (61%)
ptolemy.util.test.WatchDog.cancel(): canceling Fri Sep 06 05:39:54 UTC 2019
auto.tcl: Setting watchdog for 200 seconds at Fri Sep 06 05:39:54 UTC 2019
0
1
1
1
0
0
1
1
1
0
0
1
1
1
0
0
1
1
1
0
0
1
1
1
0
0
1
1
1
0
0
1
1
1
0
0
1
1
1
0
0
0
9 ms. Memory: 48128K Free: 27820K (58%)
ptolemy.util.test.WatchDog.cancel(): canceling Fri Sep 06 05:39:54 UTC 2019
------------------ testing $PTII/ptolemy/domains/de/test/auto/dynamicCausalityInterface1.xml
auto.tcl: Setting watchdog for 200 seconds at Fri Sep 06 05:39:54 UTC 2019
5 ms. Memory: 48128K Free: 24723K (51%)
ptolemy.util.test.WatchDog.cancel(): canceling Fri Sep 06 05:39:54 UTC 2019
auto.tcl: Setting watchdog for 200 seconds at Fri Sep 06 05:39:54 UTC 2019
1 ms. Memory: 48128K Free: 24241K (50%)
ptolemy.util.test.WatchDog.cancel(): canceling Fri Sep 06 05:39:54 UTC 2019
------------------ testing $PTII/ptolemy/domains/de/test/auto/fsm_de_test.xml
auto.tcl: Setting watchdog for 200 seconds at Fri Sep 06 05:39:54 UTC 2019
10 ms. Memory: 48128K Free: 25149K (52%)
ptolemy.util.test.WatchDog.cancel(): canceling Fri Sep 06 05:39:54 UTC 2019
auto.tcl: Setting watchdog for 200 seconds at Fri Sep 06 05:39:54 UTC 2019
8 ms. Memory: 48128K Free: 23161K (48%)
ptolemy.util.test.WatchDog.cancel(): canceling Fri Sep 06 05:39:54 UTC 2019
------------------ testing $PTII/ptolemy/domains/de/test/auto/functionDependencyReconstruction.xml
auto.tcl: Setting watchdog for 200 seconds at Fri Sep 06 05:39:54 UTC 2019
3 ms. Memory: 48128K Free: 18995K (39%)
ptolemy.util.test.WatchDog.cancel(): canceling Fri Sep 06 05:39:54 UTC 2019
auto.tcl: Setting watchdog for 200 seconds at Fri Sep 06 05:39:54 UTC 2019
3 ms. Memory: 48128K Free: 16991K (35%)
ptolemy.util.test.WatchDog.cancel(): canceling Fri Sep 06 05:39:54 UTC 2019
------------------ testing $PTII/ptolemy/domains/de/test/auto/multirate.xml
auto.tcl: Setting watchdog for 200 seconds at Fri Sep 06 05:39:54 UTC 2019
3 ms. Memory: 48128K Free: 27810K (58%)
ptolemy.util.test.WatchDog.cancel(): canceling Fri Sep 06 05:39:54 UTC 2019
auto.tcl: Setting watchdog for 200 seconds at Fri Sep 06 05:39:54 UTC 2019
2 ms. Memory: 48128K Free: 26126K (54%)
ptolemy.util.test.WatchDog.cancel(): canceling Fri Sep 06 05:39:54 UTC 2019
------------------ testing $PTII/ptolemy/domains/de/test/auto/multirate2.xml
auto.tcl: Setting watchdog for 200 seconds at Fri Sep 06 05:39:54 UTC 2019
3 ms. Memory: 48128K Free: 27975K (58%)
ptolemy.util.test.WatchDog.cancel(): canceling Fri Sep 06 05:39:54 UTC 2019
auto.tcl: Setting watchdog for 200 seconds at Fri Sep 06 05:39:54 UTC 2019
3 ms. Memory: 48128K Free: 26299K (55%)
ptolemy.util.test.WatchDog.cancel(): canceling Fri Sep 06 05:39:54 UTC 2019
------------------ testing $PTII/ptolemy/domains/de/test/auto/realtime.xml
auto.tcl: Setting watchdog for 200 seconds at Fri Sep 06 05:39:54 UTC 2019
10003 ms. Memory: 48128K Free: 30069K (62%)
ptolemy.util.test.WatchDog.cancel(): canceling Fri Sep 06 05:40:04 UTC 2019
auto.tcl: Setting watchdog for 200 seconds at Fri Sep 06 05:40:04 UTC 2019
10003 ms. Memory: 48128K Free: 29327K (61%)
ptolemy.util.test.WatchDog.cancel(): canceling Fri Sep 06 05:40:14 UTC 2019
------------------ testing $PTII/ptolemy/domains/de/test/auto/relationGroup.xml
auto.tcl: Setting watchdog for 200 seconds at Fri Sep 06 05:40:14 UTC 2019
3 ms. Memory: 48128K Free: 31101K (65%)
ptolemy.util.test.WatchDog.cancel(): canceling Fri Sep 06 05:40:14 UTC 2019
auto.tcl: Setting watchdog for 200 seconds at Fri Sep 06 05:40:14 UTC 2019
2 ms. Memory: 48128K Free: 30376K (63%)
ptolemy.util.test.WatchDog.cancel(): canceling Fri Sep 06 05:40:14 UTC 2019
------------------ testing $PTII/ptolemy/domains/de/test/auto/relationGroup2.xml
auto.tcl: Setting watchdog for 200 seconds at Fri Sep 06 05:40:14 UTC 2019
1 ms. Memory: 48128K Free: 31149K (65%)
ptolemy.util.test.WatchDog.cancel(): canceling Fri Sep 06 05:40:14 UTC 2019
auto.tcl: Setting watchdog for 200 seconds at Fri Sep 06 05:40:14 UTC 2019
2 ms. Memory: 48128K Free: 30402K (63%)
ptolemy.util.test.WatchDog.cancel(): canceling Fri Sep 06 05:40:14 UTC 2019
------------------ testing $PTII/ptolemy/domains/de/test/auto/sortWithOpaquePorts.xml
auto.tcl: Setting watchdog for 200 seconds at Fri Sep 06 05:40:14 UTC 2019
1 ms. Memory: 48128K Free: 29875K (62%)
ptolemy.util.test.WatchDog.cancel(): canceling Fri Sep 06 05:40:14 UTC 2019
auto.tcl: Setting watchdog for 200 seconds at Fri Sep 06 05:40:14 UTC 2019
2 ms. Memory: 48128K Free: 28881K (60%)
ptolemy.util.test.WatchDog.cancel(): canceling Fri Sep 06 05:40:14 UTC 2019
------------------ testing $PTII/ptolemy/domains/de/test/auto/transferInputsandOutputs.xml
auto.tcl: Setting watchdog for 200 seconds at Fri Sep 06 05:40:14 UTC 2019
7 ms. Memory: 48128K Free: 27318K (57%)
ptolemy.util.test.WatchDog.cancel(): canceling Fri Sep 06 05:40:14 UTC 2019
auto.tcl: Setting watchdog for 200 seconds at Fri Sep 06 05:40:14 UTC 2019
2 ms. Memory: 48128K Free: 26354K (55%)
ptolemy.util.test.WatchDog.cancel(): canceling Fri Sep 06 05:40:14 UTC 2019
------------------ testing $PTII/ptolemy/domains/de/test/auto/triggerType.xml
auto.tcl: Setting watchdog for 200 seconds at Fri Sep 06 05:40:14 UTC 2019
2 ms. Memory: 48128K Free: 30343K (63%)
ptolemy.util.test.WatchDog.cancel(): canceling Fri Sep 06 05:40:15 UTC 2019
auto.tcl: Setting watchdog for 200 seconds at Fri Sep 06 05:40:15 UTC 2019
2 ms. Memory: 48128K Free: 29365K (61%)
ptolemy.util.test.WatchDog.cancel(): canceling Fri Sep 06 05:40:15 UTC 2019
09/06/19 05:40:15
Failed: 0  Total Tests: 192  ((Passed: 187, Newly Passed: 1)  Known Failed: 5) /home/travis/build/icyphy/ptII/ptolemy/domains/de/test
09/06/19 05:40:15
Failed: 0  Total Tests: 192  ((Passed: 187, Newly Passed: 1)  Known Failed: 5) /home/travis/build/icyphy/ptII/ptolemy/domains/de/test
----------------- testing (KnownFailure) /home/travis/build/icyphy/ptII/ptolemy/domains/de/test/auto/knownFailedTests/DESDFClockTest.xml
2017 ms. Memory: 48128K Free: 23228K (48%)
Known Failure: java.lang.reflect.InvocationTargetException
----------------- testing (KnownFailure) /home/travis/build/icyphy/ptII/ptolemy/domains/de/test/auto/knownFailedTests/DirectFeedback.xml
1 ms. Memory: 48128K Free: 19642K (41%)
Known Failure: java.lang.reflect.InvocationTargetException
----------------- testing (KnownFailure) /home/travis/build/icyphy/ptII/ptolemy/domains/de/test/auto/knownFailedTests/FSMSource.xml
18 ms. Memory: 48128K Free: 11964K (25%)
----------------- testing (KnownFailure) /home/travis/build/icyphy/ptII/ptolemy/domains/de/test/auto/knownFailedTests/HierarchicalModel.xml
2 ms. Memory: 48128K Free: 21843K (45%)
Known Failure: java.lang.reflect.InvocationTargetException
----------------- testing (KnownFailure) /home/travis/build/icyphy/ptII/ptolemy/domains/de/test/auto/knownFailedTests/dependencyLoop.xml
8 ms. Memory: 48128K Free: 32221K (67%)
Known Failure: java.lang.reflect.InvocationTargetException
----------------- testing (KnownFailure) /home/travis/build/icyphy/ptII/ptolemy/domains/de/test/auto/knownFailedTests/dependencyLoop2.xml
9 ms. Memory: 48128K Free: 16911K (35%)
Known Failure: java.lang.reflect.InvocationTargetException
No auto/linux-amd64/*.xml tests in /home/travis/build/icyphy/ptII/ptolemy/domains/de/test
AutoTests.java: About to close Vertx.
AutoTests.java: Vertx closed.

===========================================================================================
----------------- testing Fri Sep 06 05:40:17 UTC 2019 /home/travis/build/icyphy/ptII/ptolemy/domains/de/test/auto/ActorDepthCalculation_actorWithoutPorts.xml
----------------- Instantiating /home/travis/build/icyphy/ptII/ptolemy/domains/de/test/auto/ActorDepthCalculation_actorWithoutPorts.xml
2 ms. Memory: 48128K Free: 10293K (21%)
----------------- Invoking toplevel() on ptolemy.moml.MoMLSimpleApplication@7e9ec30f
----------------- Done invoking toplevel() on ptolemy.moml.MoMLSimpleApplication@7e9ec30f
reloadAllAccessors: .ActorDepthCalculation_actorWithoutPorts

===========================================================================================
----------------- testing Fri Sep 06 05:40:17 UTC 2019 /home/travis/build/icyphy/ptII/ptolemy/domains/de/test/auto/AssemblyLine.xml
----------------- Instantiating /home/travis/build/icyphy/ptII/ptolemy/domains/de/test/auto/AssemblyLine.xml
2 ms. Memory: 48128K Free: 28976K (60%)
----------------- Invoking toplevel() on ptolemy.moml.MoMLSimpleApplication@63952e8f
----------------- Done invoking toplevel() on ptolemy.moml.MoMLSimpleApplication@63952e8f
reloadAllAccessors: .AssemblyLine

===========================================================================================
----------------- testing Fri Sep 06 05:40:17 UTC 2019 /home/travis/build/icyphy/ptII/ptolemy/domains/de/test/auto/CQBug1.xml
----------------- Instantiating /home/travis/build/icyphy/ptII/ptolemy/domains/de/test/auto/CQBug1.xml
1 ms. Memory: 48128K Free: 25904K (54%)
----------------- Invoking toplevel() on ptolemy.moml.MoMLSimpleApplication@5b72042f
----------------- Done invoking toplevel() on ptolemy.moml.MoMLSimpleApplication@5b72042f
reloadAllAccessors: .CQBug1

===========================================================================================
----------------- testing Fri Sep 06 05:40:17 UTC 2019 /home/travis/build/icyphy/ptII/ptolemy/domains/de/test/auto/CancelFireAt.xml
----------------- Instantiating /home/travis/build/icyphy/ptII/ptolemy/domains/de/test/auto/CancelFireAt.xml
8 ms. Memory: 48128K Free: 23565K (49%)
----------------- Invoking toplevel() on ptolemy.moml.MoMLSimpleApplication@7ad000c7
----------------- Done invoking toplevel() on ptolemy.moml.MoMLSimpleApplication@7ad000c7
reloadAllAccessors: .CancelFireAt

===========================================================================================
----------------- testing Fri Sep 06 05:40:17 UTC 2019 /home/travis/build/icyphy/ptII/ptolemy/domains/de/test/auto/CausalityAndComposabilityAnalysis.xml
----------------- Instantiating /home/travis/build/icyphy/ptII/ptolemy/domains/de/test/auto/CausalityAndComposabilityAnalysis.xml
2 ms. Memory: 48128K Free: 19246K (40%)
----------------- Invoking toplevel() on ptolemy.moml.MoMLSimpleApplication@610aa1f7
----------------- Done invoking toplevel() on ptolemy.moml.MoMLSimpleApplication@610aa1f7
reloadAllAccessors: .CausalityAndComposabilityAnalysis

===========================================================================================
----------------- testing Fri Sep 06 05:40:17 UTC 2019 /home/travis/build/icyphy/ptII/ptolemy/domains/de/test/auto/CausalityInterface1.xml
----------------- Instantiating /home/travis/build/icyphy/ptII/ptolemy/domains/de/test/auto/CausalityInterface1.xml
5 ms. Memory: 48128K Free: 14112K (29%)
----------------- Invoking toplevel() on ptolemy.moml.MoMLSimpleApplication@51448c0e
----------------- Done invoking toplevel() on ptolemy.moml.MoMLSimpleApplication@51448c0e
reloadAllAccessors: .CausalityInterface1

===========================================================================================
----------------- testing Fri Sep 06 05:40:17 UTC 2019 /home/travis/build/icyphy/ptII/ptolemy/domains/de/test/auto/CausalityInterface15.xml
----------------- Instantiating /home/travis/build/icyphy/ptII/ptolemy/domains/de/test/auto/CausalityInterface15.xml
2 ms. Memory: 48128K Free: 8623K (18%)
----------------- Invoking toplevel() on ptolemy.moml.MoMLSimpleApplication@5affcf33
----------------- Done invoking toplevel() on ptolemy.moml.MoMLSimpleApplication@5affcf33
reloadAllAccessors: .CausalityInterface15

===========================================================================================
----------------- testing Fri Sep 06 05:40:17 UTC 2019 /home/travis/build/icyphy/ptII/ptolemy/domains/de/test/auto/CausalityInterface2.xml
----------------- Instantiating /home/travis/build/icyphy/ptII/ptolemy/domains/de/test/auto/CausalityInterface2.xml
1 ms. Memory: 48128K Free: 29946K (62%)
[...]
	at ptolemy.actor.Manager.run(Manager.java:1263)
	at ptolemy.actor.Manager$PtolemyRunThread.run(Manager.java:1933)
java.lang.RuntimeException: Execution failed
	at ptolemy.moml.MoMLSimpleApplication$UnloadThread.run(MoMLSimpleApplication.java:402)
Caused by: ptolemy.kernel.util.IllegalActionException: Actor is not ready to fire.  Perhaps UpSample.prefire() returned false? Try debugging the actor by selecting "Listen to Actor".  Also, for SDF check moml for tokenConsumptionRate on input.
  in .DESDFClockTest.Play Bell.Copy1:SDF Director and .DESDFClockTest.Play Bell.UpSample
	at ptolemy.actor.sched.StaticSchedulingDirector.fire(StaticSchedulingDirector.java:227)
	at ptolemy.domains.sdf.kernel.SDFDirector.fire(SDFDirector.java:500)
	at ptolemy.actor.CompositeActor.fire(CompositeActor.java:455)
	at ptolemy.domains.de.kernel.DEDirector._fire(DEDirector.java:1949)
	at ptolemy.domains.de.kernel.DEDirector.fire(DEDirector.java:502)
	at ptolemy.actor.CompositeActor.fire(CompositeActor.java:455)
	at ptolemy.actor.Manager.iterate(Manager.java:851)
	at ptolemy.actor.Manager.execute(Manager.java:369)
	at ptolemy.actor.Manager.run(Manager.java:1263)
	at ptolemy.actor.Manager$PtolemyRunThread.run(Manager.java:1933)
java.lang.reflect.InvocationTargetException
	at java.base/jdk.internal.reflect.NativeConstructorAccessorImpl.newInstance0(Native Method)
	at java.base/jdk.internal.reflect.NativeConstructorAccessorImpl.newInstance(NativeConstructorAccessorImpl.java:62)
	at java.base/jdk.internal.reflect.DelegatingConstructorAccessorImpl.newInstance(DelegatingConstructorAccessorImpl.java:45)
	at java.base/java.lang.reflect.Constructor.newInstance(Constructor.java:490)
	at ptolemy.util.test.junit.AutoKnownFailedTests.RunModel(AutoKnownFailedTests.java:105)
	at java.base/jdk.internal.reflect.NativeMethodAccessorImpl.invoke0(Native Method)
	at java.base/jdk.internal.reflect.NativeMethodAccessorImpl.invoke(NativeMethodAccessorImpl.java:62)
	at java.base/jdk.internal.reflect.DelegatingMethodAccessorImpl.invoke(DelegatingMethodAccessorImpl.java:43)
	at java.base/java.lang.reflect.Method.invoke(Method.java:566)
	at org.junit.runners.model.FrameworkMethod$1.runReflectiveCall(FrameworkMethod.java:44)
	at org.junit.internal.runners.model.ReflectiveCallable.run(ReflectiveCallable.java:15)
	at org.junit.runners.model.FrameworkMethod.invokeExplosively(FrameworkMethod.java:41)
	at junitparams.internal.InvokeParameterisedMethod.evaluate(InvokeParameterisedMethod.java:102)
	at org.junit.internal.runners.statements.FailOnTimeout$1.run(FailOnTimeout.java:28)
Caused by: ptolemy.kernel.util.IllegalActionException: Actor is not ready to fire.  Perhaps UpSample.prefire() returned false? Try debugging the actor by selecting "Listen to Actor".  Also, for SDF check moml for tokenConsumptionRate on input.
  in .DESDFClockTest.Play Bell.Copy1:SDF Director and .DESDFClockTest.Play Bell.UpSample
	at ptolemy.actor.sched.StaticSchedulingDirector.fire(StaticSchedulingDirector.java:227)
	at ptolemy.domains.sdf.kernel.SDFDirector.fire(SDFDirector.java:500)
	at ptolemy.actor.CompositeActor.fire(CompositeActor.java:455)
	at ptolemy.domains.de.kernel.DEDirector._fire(DEDirector.java:1949)
	at ptolemy.domains.de.kernel.DEDirector.fire(DEDirector.java:502)
	at ptolemy.actor.CompositeActor.fire(CompositeActor.java:455)
	at ptolemy.actor.Manager.iterate(Manager.java:851)
	at ptolemy.actor.Manager.execute(Manager.java:369)
	at ptolemy.actor.Manager.run(Manager.java:1263)
	at ptolemy.actor.Manager$PtolemyRunThread.run(Manager.java:1933)
java.lang.RuntimeException: Execution failed
	at ptolemy.moml.MoMLSimpleApplication$UnloadThread.run(MoMLSimpleApplication.java:402)
Caused by: ptolemy.kernel.util.IllegalActionException: Test fails in iteration 1.
Value was: 1.0. Should have been: 2.0
  in .DirectFeedback.Test
	at ptolemy.actor.lib.Test.fire(Test.java:268)
	at ptolemy.domains.de.kernel.DEDirector._fire(DEDirector.java:1949)
	at ptolemy.domains.de.kernel.DEDirector.fire(DEDirector.java:502)
	at ptolemy.actor.CompositeActor.fire(CompositeActor.java:455)
	at ptolemy.actor.Manager.iterate(Manager.java:851)
	at ptolemy.actor.Manager.execute(Manager.java:369)
	at ptolemy.actor.Manager.run(Manager.java:1263)
	at ptolemy.actor.Manager$PtolemyRunThread.run(Manager.java:1933)
java.lang.reflect.InvocationTargetException
	at java.base/jdk.internal.reflect.NativeConstructorAccessorImpl.newInstance0(Native Method)
	at java.base/jdk.internal.reflect.NativeConstructorAccessorImpl.newInstance(NativeConstructorAccessorImpl.java:62)
	at java.base/jdk.internal.reflect.DelegatingConstructorAccessorImpl.newInstance(DelegatingConstructorAccessorImpl.java:45)
	at java.base/java.lang.reflect.Constructor.newInstance(Constructor.java:490)
	at ptolemy.util.test.junit.AutoKnownFailedTests.RunModel(AutoKnownFailedTests.java:105)
	at java.base/jdk.internal.reflect.NativeMethodAccessorImpl.invoke0(Native Method)
	at java.base/jdk.internal.reflect.NativeMethodAccessorImpl.invoke(NativeMethodAccessorImpl.java:62)
	at java.base/jdk.internal.reflect.DelegatingMethodAccessorImpl.invoke(DelegatingMethodAccessorImpl.java:43)
	at java.base/java.lang.reflect.Method.invoke(Method.java:566)
	at org.junit.runners.model.FrameworkMethod$1.runReflectiveCall(FrameworkMethod.java:44)
	at org.junit.internal.runners.model.ReflectiveCallable.run(ReflectiveCallable.java:15)
	at org.junit.runners.model.FrameworkMethod.invokeExplosively(FrameworkMethod.java:41)
	at junitparams.internal.InvokeParameterisedMethod.evaluate(InvokeParameterisedMethod.java:102)
	at org.junit.internal.runners.statements.FailOnTimeout$1.run(FailOnTimeout.java:28)
Caused by: ptolemy.kernel.util.IllegalActionException: Test fails in iteration 1.
Value was: 1.0. Should have been: 2.0
  in .DirectFeedback.Test
	at ptolemy.actor.lib.Test.fire(Test.java:268)
	at ptolemy.domains.de.kernel.DEDirector._fire(DEDirector.java:1949)
	at ptolemy.domains.de.kernel.DEDirector.fire(DEDirector.java:502)
	at ptolemy.actor.CompositeActor.fire(CompositeActor.java:455)
	at ptolemy.actor.Manager.iterate(Manager.java:851)
	at ptolemy.actor.Manager.execute(Manager.java:369)
	at ptolemy.actor.Manager.run(Manager.java:1263)
	at ptolemy.actor.Manager$PtolemyRunThread.run(Manager.java:1933)
java.lang.RuntimeException: Execution failed
	at ptolemy.moml.MoMLSimpleApplication$UnloadThread.run(MoMLSimpleApplication.java:402)
Caused by: ptolemy.kernel.util.IllegalActionException: Found a zero delay loop containing .HierarchicalModel.A
  in .HierarchicalModel and .HierarchicalModel.A
	at ptolemy.actor.util.CausalityInterfaceForComposites._computeOutputPortDepth(CausalityInterfaceForComposites.java:759)
	at ptolemy.actor.util.CausalityInterfaceForComposites._computeInputDepth(CausalityInterfaceForComposites.java:696)
	at ptolemy.actor.util.CausalityInterfaceForComposites._computeOutputPortDepth(CausalityInterfaceForComposites.java:765)
	at ptolemy.actor.util.CausalityInterfaceForComposites._computeInputDepth(CausalityInterfaceForComposites.java:696)
	at ptolemy.actor.util.CausalityInterfaceForComposites._computeOutputPortDepth(CausalityInterfaceForComposites.java:765)
	at ptolemy.actor.util.CausalityInterfaceForComposites._computeInputDepth(CausalityInterfaceForComposites.java:696)
	at ptolemy.actor.util.CausalityInterfaceForComposites._computeActorDepth(CausalityInterfaceForComposites.java:532)
	at ptolemy.actor.util.CausalityInterfaceForComposites.checkForCycles(CausalityInterfaceForComposites.java:96)
	at ptolemy.domains.de.kernel.DEDirector.preinitialize(DEDirector.java:1338)
	at ptolemy.actor.CompositeActor.preinitialize(CompositeActor.java:1828)
	at ptolemy.actor.Manager.preinitializeAndResolveTypes(Manager.java:1040)
	at ptolemy.actor.Manager.initialize(Manager.java:710)
	at ptolemy.actor.Manager.execute(Manager.java:356)
	at ptolemy.actor.Manager.run(Manager.java:1263)
	at ptolemy.actor.Manager$PtolemyRunThread.run(Manager.java:1933)
java.lang.reflect.InvocationTargetException
	at java.base/jdk.internal.reflect.NativeConstructorAccessorImpl.newInstance0(Native Method)
	at java.base/jdk.internal.reflect.NativeConstructorAccessorImpl.newInstance(NativeConstructorAccessorImpl.java:62)
	at java.base/jdk.internal.reflect.DelegatingConstructorAccessorImpl.newInstance(DelegatingConstructorAccessorImpl.java:45)
	at java.base/java.lang.reflect.Constructor.newInstance(Constructor.java:490)
	at ptolemy.util.test.junit.AutoKnownFailedTests.RunModel(AutoKnownFailedTests.java:105)
	at java.base/jdk.internal.reflect.NativeMethodAccessorImpl.invoke0(Native Method)
	at java.base/jdk.internal.reflect.NativeMethodAccessorImpl.invoke(NativeMethodAccessorImpl.java:62)
	at java.base/jdk.internal.reflect.DelegatingMethodAccessorImpl.invoke(DelegatingMethodAccessorImpl.java:43)
	at java.base/java.lang.reflect.Method.invoke(Method.java:566)
	at org.junit.runners.model.FrameworkMethod$1.runReflectiveCall(FrameworkMethod.java:44)
	at org.junit.internal.runners.model.ReflectiveCallable.run(ReflectiveCallable.java:15)
	at org.junit.runners.model.FrameworkMethod.invokeExplosively(FrameworkMethod.java:41)
	at junitparams.internal.InvokeParameterisedMethod.evaluate(InvokeParameterisedMethod.java:102)
	at org.junit.internal.runners.statements.FailOnTimeout$1.run(FailOnTimeout.java:28)
Caused by: ptolemy.kernel.util.IllegalActionException: Found a zero delay loop containing .HierarchicalModel.A
  in .HierarchicalModel and .HierarchicalModel.A
	at ptolemy.actor.util.CausalityInterfaceForComposites._computeOutputPortDepth(CausalityInterfaceForComposites.java:759)
	at ptolemy.actor.util.CausalityInterfaceForComposites._computeInputDepth(CausalityInterfaceForComposites.java:696)
	at ptolemy.actor.util.CausalityInterfaceForComposites._computeOutputPortDepth(CausalityInterfaceForComposites.java:765)
	at ptolemy.actor.util.CausalityInterfaceForComposites._computeInputDepth(CausalityInterfaceForComposites.java:696)
	at ptolemy.actor.util.CausalityInterfaceForComposites._computeOutputPortDepth(CausalityInterfaceForComposites.java:765)
	at ptolemy.actor.util.CausalityInterfaceForComposites._computeInputDepth(CausalityInterfaceForComposites.java:696)
	at ptolemy.actor.util.CausalityInterfaceForComposites._computeActorDepth(CausalityInterfaceForComposites.java:532)
	at ptolemy.actor.util.CausalityInterfaceForComposites.checkForCycles(CausalityInterfaceForComposites.java:96)
	at ptolemy.domains.de.kernel.DEDirector.preinitialize(DEDirector.java:1338)
	at ptolemy.actor.CompositeActor.preinitialize(CompositeActor.java:1828)
	at ptolemy.actor.Manager.preinitializeAndResolveTypes(Manager.java:1040)
	at ptolemy.actor.Manager.initialize(Manager.java:710)
	at ptolemy.actor.Manager.execute(Manager.java:356)
	at ptolemy.actor.Manager.run(Manager.java:1263)
	at ptolemy.actor.Manager$PtolemyRunThread.run(Manager.java:1933)
java.lang.RuntimeException: Execution failed
	at ptolemy.moml.MoMLSimpleApplication$UnloadThread.run(MoMLSimpleApplication.java:402)
Caused by: ptolemy.kernel.util.IllegalActionException: Found a zero delay loop containing .dependencyLoop.original
  in .dependencyLoop and .dependencyLoop.original
	at ptolemy.actor.util.CausalityInterfaceForComposites._computeOutputPortDepth(CausalityInterfaceForComposites.java:759)
	at ptolemy.actor.util.CausalityInterfaceForComposites._computeInputDepth(CausalityInterfaceForComposites.java:696)
	at ptolemy.actor.util.CausalityInterfaceForComposites._computeOutputPortDepth(CausalityInterfaceForComposites.java:765)
	at ptolemy.actor.util.CausalityInterfaceForComposites._computeInputDepth(CausalityInterfaceForComposites.java:696)
	at ptolemy.actor.util.CausalityInterfaceForComposites._computeOutputPortDepth(CausalityInterfaceForComposites.java:765)
	at ptolemy.actor.util.CausalityInterfaceForComposites._computeInputDepth(CausalityInterfaceForComposites.java:696)
	at ptolemy.actor.util.CausalityInterfaceForComposites._computeActorDepth(CausalityInterfaceForComposites.java:532)
	at ptolemy.actor.util.CausalityInterfaceForComposites.checkForCycles(CausalityInterfaceForComposites.java:96)
	at ptolemy.domains.de.kernel.DEDirector.preinitialize(DEDirector.java:1338)
	at ptolemy.actor.CompositeActor.preinitialize(CompositeActor.java:1828)
	at ptolemy.actor.Manager.preinitializeAndResolveTypes(Manager.java:1040)
	at ptolemy.actor.Manager.initialize(Manager.java:710)
	at ptolemy.actor.Manager.execute(Manager.java:356)
	at ptolemy.actor.Manager.run(Manager.java:1263)
	at ptolemy.actor.Manager$PtolemyRunThread.run(Manager.java:1933)
java.lang.reflect.InvocationTargetException
	at java.base/jdk.internal.reflect.NativeConstructorAccessorImpl.newInstance0(Native Method)
	at java.base/jdk.internal.reflect.NativeConstructorAccessorImpl.newInstance(NativeConstructorAccessorImpl.java:62)
	at java.base/jdk.internal.reflect.DelegatingConstructorAccessorImpl.newInstance(DelegatingConstructorAccessorImpl.java:45)
	at java.base/java.lang.reflect.Constructor.newInstance(Constructor.java:490)
	at ptolemy.util.test.junit.AutoKnownFailedTests.RunModel(AutoKnownFailedTests.java:105)
	at java.base/jdk.internal.reflect.NativeMethodAccessorImpl.invoke0(Native Method)
	at java.base/jdk.internal.reflect.NativeMethodAccessorImpl.invoke(NativeMethodAccessorImpl.java:62)
	at java.base/jdk.internal.reflect.DelegatingMethodAccessorImpl.invoke(DelegatingMethodAccessorImpl.java:43)
	at java.base/java.lang.reflect.Method.invoke(Method.java:566)
	at org.junit.runners.model.FrameworkMethod$1.runReflectiveCall(FrameworkMethod.java:44)
	at org.junit.internal.runners.model.ReflectiveCallable.run(ReflectiveCallable.java:15)
	at org.junit.runners.model.FrameworkMethod.invokeExplosively(FrameworkMethod.java:41)
	at junitparams.internal.InvokeParameterisedMethod.evaluate(InvokeParameterisedMethod.java:102)
	at org.junit.internal.runners.statements.FailOnTimeout$1.run(FailOnTimeout.java:28)
Caused by: ptolemy.kernel.util.IllegalActionException: Found a zero delay loop containing .dependencyLoop.original
  in .dependencyLoop and .dependencyLoop.original
	at ptolemy.actor.util.CausalityInterfaceForComposites._computeOutputPortDepth(CausalityInterfaceForComposites.java:759)
	at ptolemy.actor.util.CausalityInterfaceForComposites._computeInputDepth(CausalityInterfaceForComposites.java:696)
	at ptolemy.actor.util.CausalityInterfaceForComposites._computeOutputPortDepth(CausalityInterfaceForComposites.java:765)
	at ptolemy.actor.util.CausalityInterfaceForComposites._computeInputDepth(CausalityInterfaceForComposites.java:696)
	at ptolemy.actor.util.CausalityInterfaceForComposites._computeOutputPortDepth(CausalityInterfaceForComposites.java:765)
	at ptolemy.actor.util.CausalityInterfaceForComposites._computeInputDepth(CausalityInterfaceForComposites.java:696)
	at ptolemy.actor.util.CausalityInterfaceForComposites._computeActorDepth(CausalityInterfaceForComposites.java:532)
	at ptolemy.actor.util.CausalityInterfaceForComposites.checkForCycles(CausalityInterfaceForComposites.java:96)
	at ptolemy.domains.de.kernel.DEDirector.preinitialize(DEDirector.java:1338)
	at ptolemy.actor.CompositeActor.preinitialize(CompositeActor.java:1828)
	at ptolemy.actor.Manager.preinitializeAndResolveTypes(Manager.java:1040)
	at ptolemy.actor.Manager.initialize(Manager.java:710)
	at ptolemy.actor.Manager.execute(Manager.java:356)
	at ptolemy.actor.Manager.run(Manager.java:1263)
	at ptolemy.actor.Manager$PtolemyRunThread.run(Manager.java:1933)
java.lang.RuntimeException: Execution failed
	at ptolemy.moml.MoMLSimpleApplication$UnloadThread.run(MoMLSimpleApplication.java:402)
Caused by: ptolemy.kernel.util.IllegalActionException: Found a zero delay loop containing .dependencyLoop2.original
  in .dependencyLoop2 and .dependencyLoop2.original
	at ptolemy.actor.util.CausalityInterfaceForComposites._computeOutputPortDepth(CausalityInterfaceForComposites.java:759)
	at ptolemy.actor.util.CausalityInterfaceForComposites._computeInputDepth(CausalityInterfaceForComposites.java:696)
	at ptolemy.actor.util.CausalityInterfaceForComposites._computeOutputPortDepth(CausalityInterfaceForComposites.java:765)
	at ptolemy.actor.util.CausalityInterfaceForComposites._computeInputDepth(CausalityInterfaceForComposites.java:696)
	at ptolemy.actor.util.CausalityInterfaceForComposites._computeOutputPortDepth(CausalityInterfaceForComposites.java:765)
	at ptolemy.actor.util.CausalityInterfaceForComposites._computeInputDepth(CausalityInterfaceForComposites.java:696)
	at ptolemy.actor.util.CausalityInterfaceForComposites._computeActorDepth(CausalityInterfaceForComposites.java:532)
	at ptolemy.actor.util.CausalityInterfaceForComposites.checkForCycles(CausalityInterfaceForComposites.java:96)
	at ptolemy.domains.de.kernel.DEDirector.preinitialize(DEDirector.java:1338)
	at ptolemy.actor.CompositeActor.preinitialize(CompositeActor.java:1828)
	at ptolemy.actor.Manager.preinitializeAndResolveTypes(Manager.java:1040)
	at ptolemy.actor.Manager.initialize(Manager.java:710)
	at ptolemy.actor.Manager.execute(Manager.java:356)
	at ptolemy.actor.Manager.run(Manager.java:1263)
	at ptolemy.actor.Manager$PtolemyRunThread.run(Manager.java:1933)
java.lang.reflect.InvocationTargetException
	at java.base/jdk.internal.reflect.NativeConstructorAccessorImpl.newInstance0(Native Method)
	at java.base/jdk.internal.reflect.NativeConstructorAccessorImpl.newInstance(NativeConstructorAccessorImpl.java:62)
	at java.base/jdk.internal.reflect.DelegatingConstructorAccessorImpl.newInstance(DelegatingConstructorAccessorImpl.java:45)
	at java.base/java.lang.reflect.Constructor.newInstance(Constructor.java:490)
	at ptolemy.util.test.junit.AutoKnownFailedTests.RunModel(AutoKnownFailedTests.java:105)
	at java.base/jdk.internal.reflect.NativeMethodAccessorImpl.invoke0(Native Method)
	at java.base/jdk.internal.reflect.NativeMethodAccessorImpl.invoke(NativeMethodAccessorImpl.java:62)
	at java.base/jdk.internal.reflect.DelegatingMethodAccessorImpl.invoke(DelegatingMethodAccessorImpl.java:43)
	at java.base/java.lang.reflect.Method.invoke(Method.java:566)
	at org.junit.runners.model.FrameworkMethod$1.runReflectiveCall(FrameworkMethod.java:44)
	at org.junit.internal.runners.model.ReflectiveCallable.run(ReflectiveCallable.java:15)
	at org.junit.runners.model.FrameworkMethod.invokeExplosively(FrameworkMethod.java:41)
	at junitparams.internal.InvokeParameterisedMethod.evaluate(InvokeParameterisedMethod.java:102)
	at org.junit.internal.runners.statements.FailOnTimeout$1.run(FailOnTimeout.java:28)
Caused by: ptolemy.kernel.util.IllegalActionException: Found a zero delay loop containing .dependencyLoop2.original
  in .dependencyLoop2 and .dependencyLoop2.original
	at ptolemy.actor.util.CausalityInterfaceForComposites._computeOutputPortDepth(CausalityInterfaceForComposites.java:759)
	at ptolemy.actor.util.CausalityInterfaceForComposites._computeInputDepth(CausalityInterfaceForComposites.java:696)
	at ptolemy.actor.util.CausalityInterfaceForComposites._computeOutputPortDepth(CausalityInterfaceForComposites.java:765)
	at ptolemy.actor.util.CausalityInterfaceForComposites._computeInputDepth(CausalityInterfaceForComposites.java:696)
	at ptolemy.actor.util.CausalityInterfaceForComposites._computeOutputPortDepth(CausalityInterfaceForComposites.java:765)
	at ptolemy.actor.util.CausalityInterfaceForComposites._computeInputDepth(CausalityInterfaceForComposites.java:696)
	at ptolemy.actor.util.CausalityInterfaceForComposites._computeActorDepth(CausalityInterfaceForComposites.java:532)
	at ptolemy.actor.util.CausalityInterfaceForComposites.checkForCycles(CausalityInterfaceForComposites.java:96)
	at ptolemy.domains.de.kernel.DEDirector.preinitialize(DEDirector.java:1338)
	at ptolemy.actor.CompositeActor.preinitialize(CompositeActor.java:1828)
	at ptolemy.actor.Manager.preinitializeAndResolveTypes(Manager.java:1040)
	at ptolemy.actor.Manager.initialize(Manager.java:710)
	at ptolemy.actor.Manager.execute(Manager.java:356)
	at ptolemy.actor.Manager.run(Manager.java:1263)
	at ptolemy.actor.Manager$PtolemyRunThread.run(Manager.java:1933)
]]></system-err>
</testsuite>
