<?xml version="1.0" encoding="UTF-8" ?>
<testsuite errors="0" failures="0" hostname="travis-job-ef178eac-b208-496f-b456-f8e450bd73c0" name="ptolemy.actor.lib.hoc.test.junit.JUnitTclTest" skipped="0" tests="58" time="35.989" timestamp="2019-11-06T06:16:20">
  <properties>
[...]
</properties>
  <testcase classname="ptolemy.util.test.junit.TclTests" name="[0] /home/travis/build/icyphy/ptII/ptolemy/actor/lib/hoc/test/IterateOverArray.tcl (RunTclFile)" time="0.392" />
  <testcase classname="ptolemy.util.test.junit.AutoKnownFailedTests" name="[0] /home/travis/build/icyphy/ptII/ptolemy/actor/lib/hoc/test/auto/knownFailedTests/PreinitializeMustBeInvokedRunComposite.xml (RunModel)" time="0.454" />
  <testcase classname="ptolemy.util.test.junit.AutoNameArchTests" name="[0] ThereAreNoAutoArchTests (RunModel)" time="0.006" />
  <testcase classname="ptolemy.util.test.junit.AutoTests" name="[0] /home/travis/build/icyphy/ptII/ptolemy/actor/lib/hoc/test/auto/AllToAllMultiInstanceComposite.xml (RunModel)" time="0.514" />
  <testcase classname="ptolemy.util.test.junit.AutoTests" name="[1] /home/travis/build/icyphy/ptII/ptolemy/actor/lib/hoc/test/auto/ApplyFFTTest.xml (RunModel)" time="0.352" />
  <testcase classname="ptolemy.util.test.junit.AutoTests" name="[2] /home/travis/build/icyphy/ptII/ptolemy/actor/lib/hoc/test/auto/ApplyFunction.xml (RunModel)" time="0.045" />
  <testcase classname="ptolemy.util.test.junit.AutoTests" name="[3] /home/travis/build/icyphy/ptII/ptolemy/actor/lib/hoc/test/auto/BackgroundExecution.xml (RunModel)" time="0.794" />
  <testcase classname="ptolemy.util.test.junit.AutoTests" name="[4] /home/travis/build/icyphy/ptII/ptolemy/actor/lib/hoc/test/auto/Case.xml (RunModel)" time="0.108" />
  <testcase classname="ptolemy.util.test.junit.AutoTests" name="[5] /home/travis/build/icyphy/ptII/ptolemy/actor/lib/hoc/test/auto/Case1.xml (RunModel)" time="0.065" />
  <testcase classname="ptolemy.util.test.junit.AutoTests" name="[6] /home/travis/build/icyphy/ptII/ptolemy/actor/lib/hoc/test/auto/Case2.xml (RunModel)" time="0.093" />
  <testcase classname="ptolemy.util.test.junit.AutoTests" name="[7] /home/travis/build/icyphy/ptII/ptolemy/actor/lib/hoc/test/auto/Case3.xml (RunModel)" time="0.083" />
  <testcase classname="ptolemy.util.test.junit.AutoTests" name="[8] /home/travis/build/icyphy/ptII/ptolemy/actor/lib/hoc/test/auto/Case4.xml (RunModel)" time="0.084" />
  <testcase classname="ptolemy.util.test.junit.AutoTests" name="[9] /home/travis/build/icyphy/ptII/ptolemy/actor/lib/hoc/test/auto/Case5.xml (RunModel)" time="0.075" />
  <testcase classname="ptolemy.util.test.junit.AutoTests" name="[10] /home/travis/build/icyphy/ptII/ptolemy/actor/lib/hoc/test/auto/Case6.xml (RunModel)" time="0.152" />
  <testcase classname="ptolemy.util.test.junit.AutoTests" name="[11] /home/travis/build/icyphy/ptII/ptolemy/actor/lib/hoc/test/auto/CaseString2.xml (RunModel)" time="0.056" />
  <testcase classname="ptolemy.util.test.junit.AutoTests" name="[12] /home/travis/build/icyphy/ptII/ptolemy/actor/lib/hoc/test/auto/CatchUpComposite1.xml (RunModel)" time="0.1" />
  <testcase classname="ptolemy.util.test.junit.AutoTests" name="[13] /home/travis/build/icyphy/ptII/ptolemy/actor/lib/hoc/test/auto/CatchUpComposite2.xml (RunModel)" time="0.091" />
  <testcase classname="ptolemy.util.test.junit.AutoTests" name="[14] /home/travis/build/icyphy/ptII/ptolemy/actor/lib/hoc/test/auto/CatchUpComposite3.xml (RunModel)" time="0.085" />
  <testcase classname="ptolemy.util.test.junit.AutoTests" name="[15] /home/travis/build/icyphy/ptII/ptolemy/actor/lib/hoc/test/auto/CatchUpComposite4.xml (RunModel)" time="0.076" />
  <testcase classname="ptolemy.util.test.junit.AutoTests" name="[16] /home/travis/build/icyphy/ptII/ptolemy/actor/lib/hoc/test/auto/CatchUpComposite5.xml (RunModel)" time="0.049" />
  <testcase classname="ptolemy.util.test.junit.AutoTests" name="[17] /home/travis/build/icyphy/ptII/ptolemy/actor/lib/hoc/test/auto/CatchUpComposite6.xml (RunModel)" time="0.199" />
  <testcase classname="ptolemy.util.test.junit.AutoTests" name="[18] /home/travis/build/icyphy/ptII/ptolemy/actor/lib/hoc/test/auto/CatchUpComposite7.xml (RunModel)" time="0.107" />
  <testcase classname="ptolemy.util.test.junit.AutoTests" name="[19] /home/travis/build/icyphy/ptII/ptolemy/actor/lib/hoc/test/auto/ConcurrentExecutionTimeSDF.xml (RunModel)" time="2.2" />
  <testcase classname="ptolemy.util.test.junit.AutoTests" name="[20] /home/travis/build/icyphy/ptII/ptolemy/actor/lib/hoc/test/auto/ConcurrentSleep.xml (RunModel)" time="0.809" />
  <testcase classname="ptolemy.util.test.junit.AutoTests" name="[21] /home/travis/build/icyphy/ptII/ptolemy/actor/lib/hoc/test/auto/DEInPNInRunCompositeActor.xml (RunModel)" time="0.036" />
  <testcase classname="ptolemy.util.test.junit.AutoTests" name="[22] /home/travis/build/icyphy/ptII/ptolemy/actor/lib/hoc/test/auto/DFTSubSetTest.xml (RunModel)" time="0.305" />
  <testcase classname="ptolemy.util.test.junit.AutoTests" name="[23] /home/travis/build/icyphy/ptII/ptolemy/actor/lib/hoc/test/auto/HocDE.xml (RunModel)" time="0.192" />
  <testcase classname="ptolemy.util.test.junit.AutoTests" name="[24] /home/travis/build/icyphy/ptII/ptolemy/actor/lib/hoc/test/auto/IterateOverArray.xml (RunModel)" time="0.029" />
  <testcase classname="ptolemy.util.test.junit.AutoTests" name="[25] /home/travis/build/icyphy/ptII/ptolemy/actor/lib/hoc/test/auto/IterateOverArray10.xml (RunModel)" time="0.037" />
  <testcase classname="ptolemy.util.test.junit.AutoTests" name="[26] /home/travis/build/icyphy/ptII/ptolemy/actor/lib/hoc/test/auto/IterateOverArray11.xml (RunModel)" time="0.024" />
  <testcase classname="ptolemy.util.test.junit.AutoTests" name="[27] /home/travis/build/icyphy/ptII/ptolemy/actor/lib/hoc/test/auto/IterateOverArray12.xml (RunModel)" time="0.06" />
  <testcase classname="ptolemy.util.test.junit.AutoTests" name="[28] /home/travis/build/icyphy/ptII/ptolemy/actor/lib/hoc/test/auto/IterateOverArray13.xml (RunModel)" time="0.167" />
  <testcase classname="ptolemy.util.test.junit.AutoTests" name="[29] /home/travis/build/icyphy/ptII/ptolemy/actor/lib/hoc/test/auto/IterateOverArray14.xml (RunModel)" time="0.166" />
  <testcase classname="ptolemy.util.test.junit.AutoTests" name="[30] /home/travis/build/icyphy/ptII/ptolemy/actor/lib/hoc/test/auto/IterateOverArray2.xml (RunModel)" time="0.034" />
  <testcase classname="ptolemy.util.test.junit.AutoTests" name="[31] /home/travis/build/icyphy/ptII/ptolemy/actor/lib/hoc/test/auto/IterateOverArray3.xml (RunModel)" time="0.05" />
  <testcase classname="ptolemy.util.test.junit.AutoTests" name="[32] /home/travis/build/icyphy/ptII/ptolemy/actor/lib/hoc/test/auto/IterateOverArray4.xml (RunModel)" time="0.03" />
  <testcase classname="ptolemy.util.test.junit.AutoTests" name="[33] /home/travis/build/icyphy/ptII/ptolemy/actor/lib/hoc/test/auto/IterateOverArray5.xml (RunModel)" time="0.024" />
  <testcase classname="ptolemy.util.test.junit.AutoTests" name="[34] /home/travis/build/icyphy/ptII/ptolemy/actor/lib/hoc/test/auto/IterateOverArray6.xml (RunModel)" time="0.017" />
  <testcase classname="ptolemy.util.test.junit.AutoTests" name="[35] /home/travis/build/icyphy/ptII/ptolemy/actor/lib/hoc/test/auto/IterateOverArray7.xml (RunModel)" time="0.028" />
  <testcase classname="ptolemy.util.test.junit.AutoTests" name="[36] /home/travis/build/icyphy/ptII/ptolemy/actor/lib/hoc/test/auto/IterateOverArray8.xml (RunModel)" time="0.035" />
  <testcase classname="ptolemy.util.test.junit.AutoTests" name="[37] /home/travis/build/icyphy/ptII/ptolemy/actor/lib/hoc/test/auto/IterateOverArray9.xml (RunModel)" time="0.025" />
  <testcase classname="ptolemy.util.test.junit.AutoTests" name="[38] /home/travis/build/icyphy/ptII/ptolemy/actor/lib/hoc/test/auto/IterateOverArrayCoercedOutputType.xml (RunModel)" time="0.045" />
  <testcase classname="ptolemy.util.test.junit.AutoTests" name="[39] /home/travis/build/icyphy/ptII/ptolemy/actor/lib/hoc/test/auto/IterateOverArrayInferredOutputType.xml (RunModel)" time="0.037" />
  <testcase classname="ptolemy.util.test.junit.AutoTests" name="[40] /home/travis/build/icyphy/ptII/ptolemy/actor/lib/hoc/test/auto/MobileFunctionTest.xml (RunModel)" time="0.032" />
  <testcase classname="ptolemy.util.test.junit.AutoTests" name="[41] /home/travis/build/icyphy/ptII/ptolemy/actor/lib/hoc/test/auto/MobileModelTest.xml (RunModel)" time="0.205" />
  <testcase classname="ptolemy.util.test.junit.AutoTests" name="[42] /home/travis/build/icyphy/ptII/ptolemy/actor/lib/hoc/test/auto/ModelReference.xml (RunModel)" time="0.072" />
  <testcase classname="ptolemy.util.test.junit.AutoTests" name="[43] /home/travis/build/icyphy/ptII/ptolemy/actor/lib/hoc/test/auto/ModelReference3.xml (RunModel)" time="0.063" />
  <testcase classname="ptolemy.util.test.junit.AutoTests" name="[44] /home/travis/build/icyphy/ptII/ptolemy/actor/lib/hoc/test/auto/ModelReference4.xml (RunModel)" time="10.039" />
  <testcase classname="ptolemy.util.test.junit.AutoTests" name="[45] /home/travis/build/icyphy/ptII/ptolemy/actor/lib/hoc/test/auto/MultiInstanceComposite.xml (RunModel)" time="0.071" />
  <testcase classname="ptolemy.util.test.junit.AutoTests" name="[46] /home/travis/build/icyphy/ptII/ptolemy/actor/lib/hoc/test/auto/MultiInstanceComposite2.xml (RunModel)" time="0.053" />
  <testcase classname="ptolemy.util.test.junit.AutoTests" name="[47] /home/travis/build/icyphy/ptII/ptolemy/actor/lib/hoc/test/auto/MulticoreExecution.xml (RunModel)" time="1.063" />
  <testcase classname="ptolemy.util.test.junit.AutoTests" name="[48] /home/travis/build/icyphy/ptII/ptolemy/actor/lib/hoc/test/auto/ParallelExecution.xml (RunModel)" time="0.944" />
  <testcase classname="ptolemy.util.test.junit.AutoTests" name="[49] /home/travis/build/icyphy/ptII/ptolemy/actor/lib/hoc/test/auto/RunCompositeActor.xml (RunModel)" time="0.028" />
  <testcase classname="ptolemy.util.test.junit.AutoTests" name="[50] /home/travis/build/icyphy/ptII/ptolemy/actor/lib/hoc/test/auto/RunCompositeActor2.xml (RunModel)" time="0.03" />
  <testcase classname="ptolemy.util.test.junit.AutoTests" name="[51] /home/travis/build/icyphy/ptII/ptolemy/actor/lib/hoc/test/auto/RunCompositeActor3.xml (RunModel)" time="0.022" />
  <testcase classname="ptolemy.util.test.junit.AutoTests" name="[52] /home/travis/build/icyphy/ptII/ptolemy/actor/lib/hoc/test/auto/RunCompositeActor4.xml (RunModel)" time="0.029" />
  <testcase classname="ptolemy.util.test.junit.AutoTests" name="[53] /home/travis/build/icyphy/ptII/ptolemy/actor/lib/hoc/test/auto/RunCompositeIterateOverArray.xml (RunModel)" time="0.027" />
  <testcase classname="ptolemy.util.test.junit.AutoTests" name="[54] /home/travis/build/icyphy/ptII/ptolemy/actor/lib/hoc/test/auto/ThreadedJS.xml (RunModel)" time="14.218" />
  <system-out><![CDATA[/home/travis/build/icyphy/ptII/ptolemy/actor/lib/hoc/test/IterateOverArray.tcl
testDefs.tcl: setting time out to 9000 seconds at Wed Nov 06 06:16:20 UTC 2019
11/06/19 06:16:21
Failed: 0  Total Tests: 2  ((Passed: 2, Newly Passed: 0)  Known Failed: 0) /home/travis/build/icyphy/ptII/ptolemy/actor/lib/hoc/test
----------------- testing (KnownFailure) /home/travis/build/icyphy/ptII/ptolemy/actor/lib/hoc/test/auto/knownFailedTests/PreinitializeMustBeInvokedRunComposite.xml
157 ms. Memory: 120832K Free: 79815K (66%)
Known Failure: java.lang.reflect.InvocationTargetException
No auto/linux-amd64/*.xml tests in /home/travis/build/icyphy/ptII/ptolemy/actor/lib/hoc/test
AutoTests.java: About to close Vertx.
AutoTests.java: Vertx closed.

===========================================================================================
----------------- testing Wed Nov 06 06:16:22 UTC 2019 /home/travis/build/icyphy/ptII/ptolemy/actor/lib/hoc/test/auto/AllToAllMultiInstanceComposite.xml
----------------- Instantiating /home/travis/build/icyphy/ptII/ptolemy/actor/lib/hoc/test/auto/AllToAllMultiInstanceComposite.xml
263 ms. Memory: 120832K Free: 99292K (82%)
----------------- Invoking toplevel() on ptolemy.moml.MoMLSimpleApplication@1c7157f6
----------------- Done invoking toplevel() on ptolemy.moml.MoMLSimpleApplication@1c7157f6
reloadAllAccessors: .AllToAllMultiInstanceComposite

===========================================================================================
----------------- testing Wed Nov 06 06:16:22 UTC 2019 /home/travis/build/icyphy/ptII/ptolemy/actor/lib/hoc/test/auto/ApplyFFTTest.xml
----------------- Instantiating /home/travis/build/icyphy/ptII/ptolemy/actor/lib/hoc/test/auto/ApplyFFTTest.xml
114 ms. Memory: 120832K Free: 80553K (67%)
----------------- Invoking toplevel() on ptolemy.moml.MoMLSimpleApplication@4a21f80f
----------------- Done invoking toplevel() on ptolemy.moml.MoMLSimpleApplication@4a21f80f
reloadAllAccessors: .ApplyFFTTest

===========================================================================================
----------------- testing Wed Nov 06 06:16:22 UTC 2019 /home/travis/build/icyphy/ptII/ptolemy/actor/lib/hoc/test/auto/ApplyFunction.xml
----------------- Instantiating /home/travis/build/icyphy/ptII/ptolemy/actor/lib/hoc/test/auto/ApplyFunction.xml
6 ms. Memory: 120832K Free: 106625K (88%)
----------------- Invoking toplevel() on ptolemy.moml.MoMLSimpleApplication@29fbe0ef
----------------- Done invoking toplevel() on ptolemy.moml.MoMLSimpleApplication@29fbe0ef
reloadAllAccessors: .ApplyFunction

===========================================================================================
----------------- testing Wed Nov 06 06:16:23 UTC 2019 /home/travis/build/icyphy/ptII/ptolemy/actor/lib/hoc/test/auto/BackgroundExecution.xml
----------------- Instantiating /home/travis/build/icyphy/ptII/ptolemy/actor/lib/hoc/test/auto/BackgroundExecution.xml
647 ms. Memory: 120832K Free: 99338K (82%)
----------------- Invoking toplevel() on ptolemy.moml.MoMLSimpleApplication@19d487b9
----------------- Done invoking toplevel() on ptolemy.moml.MoMLSimpleApplication@19d487b9
reloadAllAccessors: .BackgroundExecution

===========================================================================================
----------------- testing Wed Nov 06 06:16:23 UTC 2019 /home/travis/build/icyphy/ptII/ptolemy/actor/lib/hoc/test/auto/Case.xml
----------------- Instantiating /home/travis/build/icyphy/ptII/ptolemy/actor/lib/hoc/test/auto/Case.xml
42 ms. Memory: 120832K Free: 92367K (76%)
----------------- Invoking toplevel() on ptolemy.moml.MoMLSimpleApplication@24c71654
----------------- Done invoking toplevel() on ptolemy.moml.MoMLSimpleApplication@24c71654
reloadAllAccessors: .Case

===========================================================================================
----------------- testing Wed Nov 06 06:16:23 UTC 2019 /home/travis/build/icyphy/ptII/ptolemy/actor/lib/hoc/test/auto/Case1.xml
----------------- Instantiating /home/travis/build/icyphy/ptII/ptolemy/actor/lib/hoc/test/auto/Case1.xml
11 ms. Memory: 120832K Free: 85658K (71%)
----------------- Invoking toplevel() on ptolemy.moml.MoMLSimpleApplication@64da1563
----------------- Done invoking toplevel() on ptolemy.moml.MoMLSimpleApplication@64da1563
reloadAllAccessors: .Case1

===========================================================================================
----------------- testing Wed Nov 06 06:16:23 UTC 2019 /home/travis/build/icyphy/ptII/ptolemy/actor/lib/hoc/test/auto/Case2.xml
----------------- Instantiating /home/travis/build/icyphy/ptII/ptolemy/actor/lib/hoc/test/auto/Case2.xml
50 ms. Memory: 120832K Free: 76053K (63%)
----------------- Invoking toplevel() on ptolemy.moml.MoMLSimpleApplication@325fe25c
----------------- Done invoking toplevel() on ptolemy.moml.MoMLSimpleApplication@325fe25c
reloadAllAccessors: .Case2

===========================================================================================
----------------- testing Wed Nov 06 06:16:24 UTC 2019 /home/travis/build/icyphy/ptII/ptolemy/actor/lib/hoc/test/auto/Case3.xml
----------------- Instantiating /home/travis/build/icyphy/ptII/ptolemy/actor/lib/hoc/test/auto/Case3.xml
14 ms. Memory: 120832K Free: 69681K (58%)
----------------- Invoking toplevel() on ptolemy.moml.MoMLSimpleApplication@34575b4f
----------------- Done invoking toplevel() on ptolemy.moml.MoMLSimpleApplication@34575b4f
reloadAllAccessors: .Case3

===========================================================================================
----------------- testing Wed Nov 06 06:16:24 UTC 2019 /home/travis/build/icyphy/ptII/ptolemy/actor/lib/hoc/test/auto/Case4.xml
----------------- Instantiating /home/travis/build/icyphy/ptII/ptolemy/actor/lib/hoc/test/auto/Case4.xml
20 ms. Memory: 120832K Free: 99903K (83%)
----------------- Invoking toplevel() on ptolemy.moml.MoMLSimpleApplication@6464a02e
----------------- Done invoking toplevel() on ptolemy.moml.MoMLSimpleApplication@6464a02e
reloadAllAccessors: .Case4

===========================================================================================
----------------- testing Wed Nov 06 06:16:24 UTC 2019 /home/travis/build/icyphy/ptII/ptolemy/actor/lib/hoc/test/auto/Case5.xml
----------------- Instantiating /home/travis/build/icyphy/ptII/ptolemy/actor/lib/hoc/test/auto/Case5.xml
43 ms. Memory: 120832K Free: 93417K (77%)
----------------- Invoking toplevel() on ptolemy.moml.MoMLSimpleApplication@73827738
----------------- Done invoking toplevel() on ptolemy.moml.MoMLSimpleApplication@73827738
reloadAllAccessors: .junk

===========================================================================================
----------------- testing Wed Nov 06 06:16:24 UTC 2019 /home/travis/build/icyphy/ptII/ptolemy/actor/lib/hoc/test/auto/Case6.xml
----------------- Instantiating /home/travis/build/icyphy/ptII/ptolemy/actor/lib/hoc/test/auto/Case6.xml
60 ms. Memory: 120832K Free: 81471K (67%)
----------------- Invoking toplevel() on ptolemy.moml.MoMLSimpleApplication@38a7bdc9
----------------- Done invoking toplevel() on ptolemy.moml.MoMLSimpleApplication@38a7bdc9
reloadAllAccessors: .Case6

===========================================================================================
----------------- testing Wed Nov 06 06:16:24 UTC 2019 /home/travis/build/icyphy/ptII/ptolemy/actor/lib/hoc/test/auto/CaseString2.xml
----------------- Instantiating /home/travis/build/icyphy/ptII/ptolemy/actor/lib/hoc/test/auto/CaseString2.xml
13 ms. Memory: 120832K Free: 73931K (61%)
----------------- Invoking toplevel() on ptolemy.moml.MoMLSimpleApplication@4654498f
----------------- Done invoking toplevel() on ptolemy.moml.MoMLSimpleApplication@4654498f
reloadAllAccessors: .CaseString2

===========================================================================================
----------------- testing Wed Nov 06 06:16:24 UTC 2019 /home/travis/build/icyphy/ptII/ptolemy/actor/lib/hoc/test/auto/CatchUpComposite1.xml
----------------- Instantiating /home/travis/build/icyphy/ptII/ptolemy/actor/lib/hoc/test/auto/CatchUpComposite1.xml
44 ms. Memory: 120832K Free: 64745K (54%)
----------------- Invoking toplevel() on ptolemy.moml.MoMLSimpleApplication@19b4d4ce
----------------- Done invoking toplevel() on ptolemy.moml.MoMLSimpleApplication@19b4d4ce
reloadAllAccessors: .CatchUpComposite1

===========================================================================================
----------------- testing Wed Nov 06 06:16:24 UTC 2019 /home/travis/build/icyphy/ptII/ptolemy/actor/lib/hoc/test/auto/CatchUpComposite2.xml
----------------- Instantiating /home/travis/build/icyphy/ptII/ptolemy/actor/lib/hoc/test/auto/CatchUpComposite2.xml
18 ms. Memory: 120832K Free: 56895K (47%)
----------------- Invoking toplevel() on ptolemy.moml.MoMLSimpleApplication@72df46ba
----------------- Done invoking toplevel() on ptolemy.moml.MoMLSimpleApplication@72df46ba
reloadAllAccessors: .CatchUpComposite2

===========================================================================================
----------------- testing Wed Nov 06 06:16:24 UTC 2019 /home/travis/build/icyphy/ptII/ptolemy/actor/lib/hoc/test/auto/CatchUpComposite3.xml
----------------- Instantiating /home/travis/build/icyphy/ptII/ptolemy/actor/lib/hoc/test/auto/CatchUpComposite3.xml
21 ms. Memory: 120832K Free: 99242K (82%)
----------------- Invoking toplevel() on ptolemy.moml.MoMLSimpleApplication@3bdc8442
----------------- Done invoking toplevel() on ptolemy.moml.MoMLSimpleApplication@3bdc8442
reloadAllAccessors: .CatchUpComposite3

===========================================================================================
----------------- testing Wed Nov 06 06:16:24 UTC 2019 /home/travis/build/icyphy/ptII/ptolemy/actor/lib/hoc/test/auto/CatchUpComposite4.xml
----------------- Instantiating /home/travis/build/icyphy/ptII/ptolemy/actor/lib/hoc/test/auto/CatchUpComposite4.xml
25 ms. Memory: 120832K Free: 91056K (75%)
----------------- Invoking toplevel() on ptolemy.moml.MoMLSimpleApplication@1f6fded6
----------------- Done invoking toplevel() on ptolemy.moml.MoMLSimpleApplication@1f6fded6
reloadAllAccessors: .CatchUpComposite4

===========================================================================================
----------------- testing Wed Nov 06 06:16:24 UTC 2019 /home/travis/build/icyphy/ptII/ptolemy/actor/lib/hoc/test/auto/CatchUpComposite5.xml
----------------- Instantiating /home/travis/build/icyphy/ptII/ptolemy/actor/lib/hoc/test/auto/CatchUpComposite5.xml
13 ms. Memory: 120832K Free: 83322K (69%)
----------------- Invoking toplevel() on ptolemy.moml.MoMLSimpleApplication@19116d6b
----------------- Done invoking toplevel() on ptolemy.moml.MoMLSimpleApplication@19116d6b
reloadAllAccessors: .CatchUpComposite5

===========================================================================================
----------------- testing Wed Nov 06 06:16:24 UTC 2019 /home/travis/build/icyphy/ptII/ptolemy/actor/lib/hoc/test/auto/CatchUpComposite6.xml
----------------- Instantiating /home/travis/build/icyphy/ptII/ptolemy/actor/lib/hoc/test/auto/CatchUpComposite6.xml
WARNING: The execution aspects in this model can influence the timing of actors by delaying the 
execution, potentially changing the behavior. There is no guarantee that actors fire at the 
time they request to be fired. 
Use Ptides for deterministic DE behavior that is not influenced by execution aspects. 

101 ms. Memory: 120832K Free: 68536K (57%)
----------------- Invoking toplevel() on ptolemy.moml.MoMLSimpleApplication@7ddab9b0
----------------- Done invoking toplevel() on ptolemy.moml.MoMLSimpleApplication@7ddab9b0
reloadAllAccessors: .CatchUpComposite6

===========================================================================================
----------------- testing Wed Nov 06 06:16:25 UTC 2019 /home/travis/build/icyphy/ptII/ptolemy/actor/lib/hoc/test/auto/CatchUpComposite7.xml
----------------- Instantiating /home/travis/build/icyphy/ptII/ptolemy/actor/lib/hoc/test/auto/CatchUpComposite7.xml
WARNING: The execution aspects in this model can influence the timing of actors by delaying the 
execution, potentially changing the behavior. There is no guarantee that actors fire at the 
time they request to be fired. 
Use Ptides for deterministic DE behavior that is not influenced by execution aspects. 

42 ms. Memory: 120832K Free: 54650K (45%)
----------------- Invoking toplevel() on ptolemy.moml.MoMLSimpleApplication@22a0d5ea
----------------- Done invoking toplevel() on ptolemy.moml.MoMLSimpleApplication@22a0d5ea
reloadAllAccessors: .CatchUpComposite7

===========================================================================================
----------------- testing Wed Nov 06 06:16:25 UTC 2019 /home/travis/build/icyphy/ptII/ptolemy/actor/lib/hoc/test/auto/ConcurrentExecutionTimeSDF.xml
----------------- Instantiating /home/travis/build/icyphy/ptII/ptolemy/actor/lib/hoc/test/auto/ConcurrentExecutionTimeSDF.xml
Fired ExecutionTime: 40400000
Fired ExecutionTime: 40400000
Fired ExecutionTime: 40400000
Fired ExecutionTime: 40400000
Fired ExecutionTime: 40400000
Fired ExecutionTime: 40400000
Fired ExecutionTime: 40400000
Fired ExecutionTime: 40400000
Fired ExecutionTime: 40400000
Fired ExecutionTime: 40400000
Fired ExecutionTime: 40400000
Fired ExecutionTime: 40400000
Fired ExecutionTime: 40400000
Fired ExecutionTime: 40400000
Fired ExecutionTime: 40400000
Fired ExecutionTime: 40400000
Fired ExecutionTime: 40400000
Fired ExecutionTime: 40400000
Fired ExecutionTime: 40400000
Fired ExecutionTime: 40400000
2172 ms. Memory: 120832K Free: 47935K (40%)
----------------- Invoking toplevel() on ptolemy.moml.MoMLSimpleApplication@4b5a5e9
----------------- Done invoking toplevel() on ptolemy.moml.MoMLSimpleApplication@4b5a5e9
reloadAllAccessors: .ConcurrentExecutionTimeSDF

===========================================================================================
----------------- testing Wed Nov 06 06:16:27 UTC 2019 /home/travis/build/icyphy/ptII/ptolemy/actor/lib/hoc/test/auto/ConcurrentSleep.xml
----------------- Instantiating /home/travis/build/icyphy/ptII/ptolemy/actor/lib/hoc/test/auto/ConcurrentSleep.xml
769 ms. Memory: 152576K Free: 136462K (89%)
----------------- Invoking toplevel() on ptolemy.moml.MoMLSimpleApplication@3aa571f0
----------------- Done invoking toplevel() on ptolemy.moml.MoMLSimpleApplication@3aa571f0
reloadAllAccessors: .ConcurrentSleep

===========================================================================================
----------------- testing Wed Nov 06 06:16:28 UTC 2019 /home/travis/build/icyphy/ptII/ptolemy/actor/lib/hoc/test/auto/DEInPNInRunCompositeActor.xml
----------------- Instantiating /home/travis/build/icyphy/ptII/ptolemy/actor/lib/hoc/test/auto/DEInPNInRunCompositeActor.xml
11 ms. Memory: 152576K Free: 130631K (86%)
----------------- Invoking toplevel() on ptolemy.moml.MoMLSimpleApplication@12b4ff10
----------------- Done invoking toplevel() on ptolemy.moml.MoMLSimpleApplication@12b4ff10
reloadAllAccessors: .DEInPNInRunCompositeActor

===========================================================================================
----------------- testing Wed Nov 06 06:16:28 UTC 2019 /home/travis/build/icyphy/ptII/ptolemy/actor/lib/hoc/test/auto/DFTSubSetTest.xml
----------------- Instantiating /home/travis/build/icyphy/ptII/ptolemy/actor/lib/hoc/test/auto/DFTSubSetTest.xml
222 ms. Memory: 152576K Free: 87754K (58%)
----------------- Invoking toplevel() on ptolemy.moml.MoMLSimpleApplication@26d0ea6
----------------- Done invoking toplevel() on ptolemy.moml.MoMLSimpleApplication@26d0ea6
reloadAllAccessors: .DFTSubSetTest

===========================================================================================
----------------- testing Wed Nov 06 06:16:28 UTC 2019 /home/travis/build/icyphy/ptII/ptolemy/actor/lib/hoc/test/auto/HocDE.xml
----------------- Instantiating /home/travis/build/icyphy/ptII/ptolemy/actor/lib/hoc/test/auto/HocDE.xml
140 ms. Memory: 152576K Free: 63047K (41%)
----------------- Invoking toplevel() on ptolemy.moml.MoMLSimpleApplication@2494c98a
----------------- Done invoking toplevel() on ptolemy.moml.MoMLSimpleApplication@2494c98a
reloadAllAccessors: .HocDE

===========================================================================================
----------------- testing Wed Nov 06 06:16:28 UTC 2019 /home/travis/build/icyphy/ptII/ptolemy/actor/lib/hoc/test/auto/IterateOverArray.xml
----------------- Instantiating /home/travis/build/icyphy/ptII/ptolemy/actor/lib/hoc/test/auto/IterateOverArray.xml
7 ms. Memory: 152576K Free: 58504K (38%)
----------------- Invoking toplevel() on ptolemy.moml.MoMLSimpleApplication@75f35030
----------------- Done invoking toplevel() on ptolemy.moml.MoMLSimpleApplication@75f35030
reloadAllAccessors: .IterateOverArray

===========================================================================================
----------------- testing Wed Nov 06 06:16:28 UTC 2019 /home/travis/build/icyphy/ptII/ptolemy/actor/lib/hoc/test/auto/IterateOverArray10.xml
----------------- Instantiating /home/travis/build/icyphy/ptII/ptolemy/actor/lib/hoc/test/auto/IterateOverArray10.xml
5 ms. Memory: 152576K Free: 54986K (36%)
----------------- Invoking toplevel() on ptolemy.moml.MoMLSimpleApplication@6456ae90
----------------- Done invoking toplevel() on ptolemy.moml.MoMLSimpleApplication@6456ae90
reloadAllAccessors: .IterateOverArray10

===========================================================================================
----------------- testing Wed Nov 06 06:16:28 UTC 2019 /home/travis/build/icyphy/ptII/ptolemy/actor/lib/hoc/test/auto/IterateOverArray11.xml
----------------- Instantiating /home/travis/build/icyphy/ptII/ptolemy/actor/lib/hoc/test/auto/IterateOverArray11.xml
5 ms. Memory: 152576K Free: 50890K (33%)
----------------- Invoking toplevel() on ptolemy.moml.MoMLSimpleApplication@53b0a80b
----------------- Done invoking toplevel() on ptolemy.moml.MoMLSimpleApplication@53b0a80b
reloadAllAccessors: .IterateOverArray11

===========================================================================================
----------------- testing Wed Nov 06 06:16:28 UTC 2019 /home/travis/build/icyphy/ptII/ptolemy/actor/lib/hoc/test/auto/IterateOverArray12.xml
----------------- Instantiating /home/travis/build/icyphy/ptII/ptolemy/actor/lib/hoc/test/auto/IterateOverArray12.xml
21 ms. Memory: 152576K Free: 134162K (88%)
----------------- Invoking toplevel() on ptolemy.moml.MoMLSimpleApplication@4ee69db4
----------------- Done invoking toplevel() on ptolemy.moml.MoMLSimpleApplication@4ee69db4
reloadAllAccessors: .IterateOverArray12

===========================================================================================
----------------- testing Wed Nov 06 06:16:28 UTC 2019 /home/travis/build/icyphy/ptII/ptolemy/actor/lib/hoc/test/auto/IterateOverArray13.xml
----------------- Instantiating /home/travis/build/icyphy/ptII/ptolemy/actor/lib/hoc/test/auto/IterateOverArray13.xml
81 ms. Memory: 152576K Free: 104980K (69%)
----------------- Invoking toplevel() on ptolemy.moml.MoMLSimpleApplication@4071252f
----------------- Done invoking toplevel() on ptolemy.moml.MoMLSimpleApplication@4071252f
reloadAllAccessors: .IterateOverArray13

===========================================================================================
----------------- testing Wed Nov 06 06:16:29 UTC 2019 /home/travis/build/icyphy/ptII/ptolemy/actor/lib/hoc/test/auto/IterateOverArray14.xml
----------------- Instantiating /home/travis/build/icyphy/ptII/ptolemy/actor/lib/hoc/test/auto/IterateOverArray14.xml
70 ms. Memory: 152576K Free: 73236K (48%)
----------------- Invoking toplevel() on ptolemy.moml.MoMLSimpleApplication@393a81a8
----------------- Done invoking toplevel() on ptolemy.moml.MoMLSimpleApplication@393a81a8
reloadAllAccessors: .IterateOverArray14

===========================================================================================
----------------- testing Wed Nov 06 06:16:29 UTC 2019 /home/travis/build/icyphy/ptII/ptolemy/actor/lib/hoc/test/auto/IterateOverArray2.xml
----------------- Instantiating /home/travis/build/icyphy/ptII/ptolemy/actor/lib/hoc/test/auto/IterateOverArray2.xml
11 ms. Memory: 152576K Free: 68626K (45%)
----------------- Invoking toplevel() on ptolemy.moml.MoMLSimpleApplication@4b367a24
----------------- Done invoking toplevel() on ptolemy.moml.MoMLSimpleApplication@4b367a24
reloadAllAccessors: .IterateOverArray2

===========================================================================================
----------------- testing Wed Nov 06 06:16:29 UTC 2019 /home/travis/build/icyphy/ptII/ptolemy/actor/lib/hoc/test/auto/IterateOverArray3.xml
----------------- Instantiating /home/travis/build/icyphy/ptII/ptolemy/actor/lib/hoc/test/auto/IterateOverArray3.xml
18 ms. Memory: 152576K Free: 62996K (41%)
----------------- Invoking toplevel() on ptolemy.moml.MoMLSimpleApplication@7c9fff1b
----------------- Done invoking toplevel() on ptolemy.moml.MoMLSimpleApplication@7c9fff1b
reloadAllAccessors: .IterateOverArray3

===========================================================================================
----------------- testing Wed Nov 06 06:16:29 UTC 2019 /home/travis/build/icyphy/ptII/ptolemy/actor/lib/hoc/test/auto/IterateOverArray4.xml
----------------- Instantiating /home/travis/build/icyphy/ptII/ptolemy/actor/lib/hoc/test/auto/IterateOverArray4.xml
5 ms. Memory: 152576K Free: 58900K (39%)
----------------- Invoking toplevel() on ptolemy.moml.MoMLSimpleApplication@1fc6b104
----------------- Done invoking toplevel() on ptolemy.moml.MoMLSimpleApplication@1fc6b104
reloadAllAccessors: .IterateOverArray4

===========================================================================================
----------------- testing Wed Nov 06 06:16:29 UTC 2019 /home/travis/build/icyphy/ptII/ptolemy/actor/lib/hoc/test/auto/IterateOverArray5.xml
----------------- Instantiating /home/travis/build/icyphy/ptII/ptolemy/actor/lib/hoc/test/auto/IterateOverArray5.xml
4 ms. Memory: 152576K Free: 54804K (36%)
----------------- Invoking toplevel() on ptolemy.moml.MoMLSimpleApplication@2a823795
----------------- Done invoking toplevel() on ptolemy.moml.MoMLSimpleApplication@2a823795
reloadAllAccessors: .IterateOverArray5

===========================================================================================
----------------- testing Wed Nov 06 06:16:29 UTC 2019 /home/travis/build/icyphy/ptII/ptolemy/actor/lib/hoc/test/auto/IterateOverArray6.xml
----------------- Instantiating /home/travis/build/icyphy/ptII/ptolemy/actor/lib/hoc/test/auto/IterateOverArray6.xml
3 ms. Memory: 152576K Free: 51218K (34%)
----------------- Invoking toplevel() on ptolemy.moml.MoMLSimpleApplication@7cf9c442
----------------- Done invoking toplevel() on ptolemy.moml.MoMLSimpleApplication@7cf9c442
reloadAllAccessors: .IterateOverArray6

===========================================================================================
----------------- testing Wed Nov 06 06:16:29 UTC 2019 /home/travis/build/icyphy/ptII/ptolemy/actor/lib/hoc/test/auto/IterateOverArray7.xml
----------------- Instantiating /home/travis/build/icyphy/ptII/ptolemy/actor/lib/hoc/test/auto/IterateOverArray7.xml
5 ms. Memory: 152576K Free: 135641K (89%)
----------------- Invoking toplevel() on ptolemy.moml.MoMLSimpleApplication@1db14a63
----------------- Done invoking toplevel() on ptolemy.moml.MoMLSimpleApplication@1db14a63
reloadAllAccessors: .IterateOverArray7

===========================================================================================
----------------- testing Wed Nov 06 06:16:29 UTC 2019 /home/travis/build/icyphy/ptII/ptolemy/actor/lib/hoc/test/auto/IterateOverArray8.xml
----------------- Instantiating /home/travis/build/icyphy/ptII/ptolemy/actor/lib/hoc/test/auto/IterateOverArray8.xml
13 ms. Memory: 152576K Free: 131545K (86%)
----------------- Invoking toplevel() on ptolemy.moml.MoMLSimpleApplication@7f4e4ac6
----------------- Done invoking toplevel() on ptolemy.moml.MoMLSimpleApplication@7f4e4ac6
reloadAllAccessors: .IterateOverArray8

===========================================================================================
----------------- testing Wed Nov 06 06:16:29 UTC 2019 /home/travis/build/icyphy/ptII/ptolemy/actor/lib/hoc/test/auto/IterateOverArray9.xml
----------------- Instantiating /home/travis/build/icyphy/ptII/ptolemy/actor/lib/hoc/test/auto/IterateOverArray9.xml
4 ms. Memory: 152576K Free: 127449K (84%)
----------------- Invoking toplevel() on ptolemy.moml.MoMLSimpleApplication@77769a50
----------------- Done invoking toplevel() on ptolemy.moml.MoMLSimpleApplication@77769a50
reloadAllAccessors: .IterateOverArray9

===========================================================================================
----------------- testing Wed Nov 06 06:16:29 UTC 2019 /home/travis/build/icyphy/ptII/ptolemy/actor/lib/hoc/test/auto/IterateOverArrayCoercedOutputType.xml
----------------- Instantiating /home/travis/build/icyphy/ptII/ptolemy/actor/lib/hoc/test/auto/IterateOverArrayCoercedOutputType.xml
8 ms. Memory: 152576K Free: 122329K (80%)
----------------- Invoking toplevel() on ptolemy.moml.MoMLSimpleApplication@2096d97
----------------- Done invoking toplevel() on ptolemy.moml.MoMLSimpleApplication@2096d97
reloadAllAccessors: .IterateOverArrayCoercedOutputType

===========================================================================================
----------------- testing Wed Nov 06 06:16:29 UTC 2019 /home/travis/build/icyphy/ptII/ptolemy/actor/lib/hoc/test/auto/IterateOverArrayInferredOutputType.xml
----------------- Instantiating /home/travis/build/icyphy/ptII/ptolemy/actor/lib/hoc/test/auto/IterateOverArrayInferredOutputType.xml
16 ms. Memory: 152576K Free: 117719K (77%)
----------------- Invoking toplevel() on ptolemy.moml.MoMLSimpleApplication@7a1ed9c3
----------------- Done invoking toplevel() on ptolemy.moml.MoMLSimpleApplication@7a1ed9c3
reloadAllAccessors: .IterateOverArrayInferredOutputType

===========================================================================================
----------------- testing Wed Nov 06 06:16:29 UTC 2019 /home/travis/build/icyphy/ptII/ptolemy/actor/lib/hoc/test/auto/MobileFunctionTest.xml
----------------- Instantiating /home/travis/build/icyphy/ptII/ptolemy/actor/lib/hoc/test/auto/MobileFunctionTest.xml
5 ms. Memory: 152576K Free: 113617K (74%)
----------------- Invoking toplevel() on ptolemy.moml.MoMLSimpleApplication@431f3ddb
----------------- Done invoking toplevel() on ptolemy.moml.MoMLSimpleApplication@431f3ddb
reloadAllAccessors: .MobileFunctionTest

===========================================================================================
----------------- testing Wed Nov 06 06:16:29 UTC 2019 /home/travis/build/icyphy/ptII/ptolemy/actor/lib/hoc/test/auto/MobileModelTest.xml
----------------- Instantiating /home/travis/build/icyphy/ptII/ptolemy/actor/lib/hoc/test/auto/MobileModelTest.xml
168 ms. Memory: 152576K Free: 92119K (60%)
----------------- Invoking toplevel() on ptolemy.moml.MoMLSimpleApplication@5627fbb7
----------------- Done invoking toplevel() on ptolemy.moml.MoMLSimpleApplication@5627fbb7
reloadAllAccessors: .MobileModelTest

===========================================================================================
----------------- testing Wed Nov 06 06:16:29 UTC 2019 /home/travis/build/icyphy/ptII/ptolemy/actor/lib/hoc/test/auto/ModelReference.xml
----------------- Instantiating /home/travis/build/icyphy/ptII/ptolemy/actor/lib/hoc/test/auto/ModelReference.xml
3 ms. Memory: 152576K Free: 85465K (56%)
3 ms. Memory: 152576K Free: 84921K (56%)
2 ms. Memory: 152576K Free: 83913K (55%)
7 ms. Memory: 152576K Free: 82889K (54%)
2 ms. Memory: 152576K Free: 82393K (54%)
2 ms. Memory: 152576K Free: 81369K (53%)
1 ms. Memory: 152576K Free: 80825K (53%)
1 ms. Memory: 152576K Free: 79817K (52%)
2 ms. Memory: 152576K Free: 78793K (52%)
1 ms. Memory: 152576K Free: 78297K (51%)
37 ms. Memory: 152576K Free: 78297K (51%)
----------------- Invoking toplevel() on ptolemy.moml.MoMLSimpleApplication@7cb7cead
----------------- Done invoking toplevel() on ptolemy.moml.MoMLSimpleApplication@7cb7cead
reloadAllAccessors: .ModelReference

===========================================================================================
----------------- testing Wed Nov 06 06:16:29 UTC 2019 /home/travis/build/icyphy/ptII/ptolemy/actor/lib/hoc/test/auto/ModelReference3.xml
----------------- Instantiating /home/travis/build/icyphy/ptII/ptolemy/actor/lib/hoc/test/auto/ModelReference3.xml
2 ms. Memory: 152576K Free: 73177K (48%)
2 ms. Memory: 152576K Free: 72633K (48%)
2 ms. Memory: 152576K Free: 71639K (47%)
2 ms. Memory: 152576K Free: 71129K (47%)
2 ms. Memory: 152576K Free: 70105K (46%)
2 ms. Memory: 152576K Free: 69081K (45%)
1 ms. Memory: 152576K Free: 68553K (45%)
1 ms. Memory: 152576K Free: 67543K (44%)
1 ms. Memory: 152576K Free: 67033K (44%)
2 ms. Memory: 152576K Free: 66009K (43%)
24 ms. Memory: 152576K Free: 66009K (43%)
----------------- Invoking toplevel() on ptolemy.moml.MoMLSimpleApplication@43a7de2e
----------------- Done invoking toplevel() on ptolemy.moml.MoMLSimpleApplication@43a7de2e
reloadAllAccessors: .ModelReference3

===========================================================================================
----------------- testing Wed Nov 06 06:16:30 UTC 2019 /home/travis/build/icyphy/ptII/ptolemy/actor/lib/hoc/test/auto/ModelReference4.xml
----------------- Instantiating /home/travis/build/icyphy/ptII/ptolemy/actor/lib/hoc/test/auto/ModelReference4.xml
2 ms. Memory: 152576K Free: 61385K (40%)
3 ms. Memory: 152576K Free: 59865K (39%)
2 ms. Memory: 152576K Free: 58841K (39%)
2 ms. Memory: 152576K Free: 57297K (38%)
2 ms. Memory: 152576K Free: 56265K (37%)
3 ms. Memory: 152576K Free: 55249K (36%)
3 ms. Memory: 152576K Free: 53721K (35%)
3 ms. Memory: 152576K Free: 52697K (35%)
2 ms. Memory: 152576K Free: 51159K (34%)
2 ms. Memory: 152576K Free: 50105K (33%)
10020 ms. Memory: 152576K Free: 50105K (33%)
----------------- Invoking toplevel() on ptolemy.moml.MoMLSimpleApplication@c428c69
----------------- Done invoking toplevel() on ptolemy.moml.MoMLSimpleApplication@c428c69
reloadAllAccessors: .ModelReference4

===========================================================================================
----------------- testing Wed Nov 06 06:16:40 UTC 2019 /home/travis/build/icyphy/ptII/ptolemy/actor/lib/hoc/test/auto/MultiInstanceComposite.xml
----------------- Instantiating /home/travis/build/icyphy/ptII/ptolemy/actor/lib/hoc/test/auto/MultiInstanceComposite.xml
30 ms. Memory: 152576K Free: 120071K (79%)
----------------- Invoking toplevel() on ptolemy.moml.MoMLSimpleApplication@48f53ff0
----------------- Done invoking toplevel() on ptolemy.moml.MoMLSimpleApplication@48f53ff0
reloadAllAccessors: .MultiInstanceComposite

===========================================================================================
----------------- testing Wed Nov 06 06:16:40 UTC 2019 /home/travis/build/icyphy/ptII/ptolemy/actor/lib/hoc/test/auto/MultiInstanceComposite2.xml
----------------- Instantiating /home/travis/build/icyphy/ptII/ptolemy/actor/lib/hoc/test/auto/MultiInstanceComposite2.xml
29 ms. Memory: 152576K Free: 108807K (71%)
----------------- Invoking toplevel() on ptolemy.moml.MoMLSimpleApplication@32b0a73f
----------------- Done invoking toplevel() on ptolemy.moml.MoMLSimpleApplication@32b0a73f
reloadAllAccessors: .MultiInstanceComposite2

===========================================================================================
----------------- testing Wed Nov 06 06:16:40 UTC 2019 /home/travis/build/icyphy/ptII/ptolemy/actor/lib/hoc/test/auto/MulticoreExecution.xml
----------------- Instantiating /home/travis/build/icyphy/ptII/ptolemy/actor/lib/hoc/test/auto/MulticoreExecution.xml
Fired ExecutionTime: 2400000
Fired ExecutionTime: 3200000
Fired ExecutionTime: 51600000
Fired ExecutionTime: 65200000
Fired ExecutionTime: 89600000
Fired ExecutionTime: 89200000
Fired ExecutionTime: 92000000
Fired ExecutionTime: 91600000
Fired ExecutionTime: 89600000
Fired ExecutionTime: 88800000
Fired ExecutionTime: 89200000
Fired ExecutionTime: 88800000
Fired ExecutionTime: 88800000
Fired ExecutionTime: 88800000
Fired ExecutionTime: 88800000
Fired ExecutionTime: 89200000
Fired ExecutionTime: 88800000
Fired ExecutionTime: 88800000
Fired ExecutionTime: 88000000
Fired ExecutionTime: 87200000
1042 ms. Memory: 152576K Free: 99591K (65%)
----------------- Invoking toplevel() on ptolemy.moml.MoMLSimpleApplication@4d9e2059
----------------- Done invoking toplevel() on ptolemy.moml.MoMLSimpleApplication@4d9e2059
reloadAllAccessors: .MulticoreExecution

===========================================================================================
----------------- testing Wed Nov 06 06:16:41 UTC 2019 /home/travis/build/icyphy/ptII/ptolemy/actor/lib/hoc/test/auto/ParallelExecution.xml
----------------- Instantiating /home/travis/build/icyphy/ptII/ptolemy/actor/lib/hoc/test/auto/ParallelExecution.xml
920 ms. Memory: 152576K Free: 91890K (60%)
----------------- Invoking toplevel() on ptolemy.moml.MoMLSimpleApplication@2aafa4b6
----------------- Done invoking toplevel() on ptolemy.moml.MoMLSimpleApplication@2aafa4b6
reloadAllAccessors: .ParallelExecution

===========================================================================================
----------------- testing Wed Nov 06 06:16:42 UTC 2019 /home/travis/build/icyphy/ptII/ptolemy/actor/lib/hoc/test/auto/RunCompositeActor.xml
----------------- Instantiating /home/travis/build/icyphy/ptII/ptolemy/actor/lib/hoc/test/auto/RunCompositeActor.xml
12 ms. Memory: 152576K Free: 84727K (56%)
----------------- Invoking toplevel() on ptolemy.moml.MoMLSimpleApplication@48a1b76d
----------------- Done invoking toplevel() on ptolemy.moml.MoMLSimpleApplication@48a1b76d
reloadAllAccessors: .RunCompositeActor

===========================================================================================
----------------- testing Wed Nov 06 06:16:42 UTC 2019 /home/travis/build/icyphy/ptII/ptolemy/actor/lib/hoc/test/auto/RunCompositeActor2.xml
----------------- Instantiating /home/travis/build/icyphy/ptII/ptolemy/actor/lib/hoc/test/auto/RunCompositeActor2.xml
9 ms. Memory: 152576K Free: 78591K (52%)
----------------- Invoking toplevel() on ptolemy.moml.MoMLSimpleApplication@785c573
----------------- Done invoking toplevel() on ptolemy.moml.MoMLSimpleApplication@785c573
reloadAllAccessors: .RunCompositeActor2

===========================================================================================
----------------- testing Wed Nov 06 06:16:42 UTC 2019 /home/travis/build/icyphy/ptII/ptolemy/actor/lib/hoc/test/auto/RunCompositeActor3.xml
----------------- Instantiating /home/travis/build/icyphy/ptII/ptolemy/actor/lib/hoc/test/auto/RunCompositeActor3.xml
3 ms. Memory: 152576K Free: 73463K (48%)
----------------- Invoking toplevel() on ptolemy.moml.MoMLSimpleApplication@4c19011f
----------------- Done invoking toplevel() on ptolemy.moml.MoMLSimpleApplication@4c19011f
reloadAllAccessors: .RunCompositeActor3

===========================================================================================
----------------- testing Wed Nov 06 06:16:42 UTC 2019 /home/travis/build/icyphy/ptII/ptolemy/actor/lib/hoc/test/auto/RunCompositeActor4.xml
----------------- Instantiating /home/travis/build/icyphy/ptII/ptolemy/actor/lib/hoc/test/auto/RunCompositeActor4.xml
13 ms. Memory: 152576K Free: 64775K (42%)
----------------- Invoking toplevel() on ptolemy.moml.MoMLSimpleApplication@1646a4a8
----------------- Done invoking toplevel() on ptolemy.moml.MoMLSimpleApplication@1646a4a8
reloadAllAccessors: .RunCompositeActor4

===========================================================================================
----------------- testing Wed Nov 06 06:16:42 UTC 2019 /home/travis/build/icyphy/ptII/ptolemy/actor/lib/hoc/test/auto/RunCompositeIterateOverArray.xml
----------------- Instantiating /home/travis/build/icyphy/ptII/ptolemy/actor/lib/hoc/test/auto/RunCompositeIterateOverArray.xml
4 ms. Memory: 152576K Free: 58631K (38%)
----------------- Invoking toplevel() on ptolemy.moml.MoMLSimpleApplication@fde81b8
----------------- Done invoking toplevel() on ptolemy.moml.MoMLSimpleApplication@fde81b8
reloadAllAccessors: .RunCompositeIterateOverArray

===========================================================================================
----------------- testing Wed Nov 06 06:16:42 UTC 2019 /home/travis/build/icyphy/ptII/ptolemy/actor/lib/hoc/test/auto/ThreadedJS.xml
----------------- Instantiating /home/travis/build/icyphy/ptII/ptolemy/actor/lib/hoc/test/auto/ThreadedJS.xml
6499 ms. Memory: 220160K Free: 117408K (53%)
----------------- Invoking toplevel() on ptolemy.moml.MoMLSimpleApplication@36fb64c9
----------------- Done invoking toplevel() on ptolemy.moml.MoMLSimpleApplication@36fb64c9
reloadAllAccessors: .ThreadedJS
AutoTests.java: About to close Vertx.
AutoTests.java: Vertx closed.
]]></system-out>
  <system-err><![CDATA[java.lang.RuntimeException: Execution failed
	at ptolemy.moml.MoMLSimpleApplication$UnloadThread.run(MoMLSimpleApplication.java:402)
Caused by: ptolemy.kernel.util.IllegalActionException: initialize() was called after wrapup() was called but preinitialize() was not called after wrapup().
	at ptolemy.actor.lib.hoc.test.PreinitializeMustBeInvoked.initialize(PreinitializeMustBeInvoked.java:78)
	at ptolemy.actor.Director.initialize(Director.java:938)
	at ptolemy.actor.Director.initialize(Director.java:907)
	at ptolemy.actor.sched.StaticSchedulingDirector.initialize(StaticSchedulingDirector.java:159)
	at ptolemy.domains.sdf.kernel.SDFDirector.initialize(SDFDirector.java:544)
	at ptolemy.actor.CompositeActor.initialize(CompositeActor.java:935)
	at ptolemy.actor.lib.hoc.LifeCycleManager._executeInsideModel(LifeCycleManager.java:339)
	at ptolemy.actor.lib.hoc.RunCompositeActor.fire(RunCompositeActor.java:205)
	at ptolemy.actor.CompositeActor.iterate(CompositeActor.java:1146)
	at ptolemy.actor.sched.StaticSchedulingDirector.fire(StaticSchedulingDirector.java:216)
	at ptolemy.domains.sdf.kernel.SDFDirector.fire(SDFDirector.java:500)
	at ptolemy.actor.CompositeActor.fire(CompositeActor.java:455)
	at ptolemy.actor.Manager.iterate(Manager.java:851)
	at ptolemy.actor.Manager.execute(Manager.java:369)
	at ptolemy.actor.Manager.run(Manager.java:1263)
	at ptolemy.actor.Manager$PtolemyRunThread.run(Manager.java:1933)
java.lang.reflect.InvocationTargetException
	at java.base/jdk.internal.reflect.NativeConstructorAccessorImpl.newInstance0(Native Method)
	at java.base/jdk.internal.reflect.NativeConstructorAccessorImpl.newInstance(NativeConstructorAccessorImpl.java:62)
	at java.base/jdk.internal.reflect.DelegatingConstructorAccessorImpl.newInstance(DelegatingConstructorAccessorImpl.java:45)
	at java.base/java.lang.reflect.Constructor.newInstance(Constructor.java:490)
	at ptolemy.util.test.junit.AutoKnownFailedTests.RunModel(AutoKnownFailedTests.java:105)
	at java.base/jdk.internal.reflect.NativeMethodAccessorImpl.invoke0(Native Method)
	at java.base/jdk.internal.reflect.NativeMethodAccessorImpl.invoke(NativeMethodAccessorImpl.java:62)
	at java.base/jdk.internal.reflect.DelegatingMethodAccessorImpl.invoke(DelegatingMethodAccessorImpl.java:43)
	at java.base/java.lang.reflect.Method.invoke(Method.java:566)
	at org.junit.runners.model.FrameworkMethod$1.runReflectiveCall(FrameworkMethod.java:44)
	at org.junit.internal.runners.model.ReflectiveCallable.run(ReflectiveCallable.java:15)
	at org.junit.runners.model.FrameworkMethod.invokeExplosively(FrameworkMethod.java:41)
	at junitparams.internal.InvokeParameterisedMethod.evaluate(InvokeParameterisedMethod.java:102)
	at org.junit.internal.runners.statements.FailOnTimeout$1.run(FailOnTimeout.java:28)
Caused by: ptolemy.kernel.util.IllegalActionException: initialize() was called after wrapup() was called but preinitialize() was not called after wrapup().
	at ptolemy.actor.lib.hoc.test.PreinitializeMustBeInvoked.initialize(PreinitializeMustBeInvoked.java:78)
	at ptolemy.actor.Director.initialize(Director.java:938)
	at ptolemy.actor.Director.initialize(Director.java:907)
	at ptolemy.actor.sched.StaticSchedulingDirector.initialize(StaticSchedulingDirector.java:159)
	at ptolemy.domains.sdf.kernel.SDFDirector.initialize(SDFDirector.java:544)
	at ptolemy.actor.CompositeActor.initialize(CompositeActor.java:935)
	at ptolemy.actor.lib.hoc.LifeCycleManager._executeInsideModel(LifeCycleManager.java:339)
	at ptolemy.actor.lib.hoc.RunCompositeActor.fire(RunCompositeActor.java:205)
	at ptolemy.actor.CompositeActor.iterate(CompositeActor.java:1146)
	at ptolemy.actor.sched.StaticSchedulingDirector.fire(StaticSchedulingDirector.java:216)
	at ptolemy.domains.sdf.kernel.SDFDirector.fire(SDFDirector.java:500)
	at ptolemy.actor.CompositeActor.fire(CompositeActor.java:455)
	at ptolemy.actor.Manager.iterate(Manager.java:851)
	at ptolemy.actor.Manager.execute(Manager.java:369)
	at ptolemy.actor.Manager.run(Manager.java:1263)
	at ptolemy.actor.Manager$PtolemyRunThread.run(Manager.java:1933)
Warning: Nashorn engine is planned to be removed from a future JDK release
Warning: Nashorn engine is planned to be removed from a future JDK release
Warning: Nashorn engine is planned to be removed from a future JDK release
Warning: Nashorn engine is planned to be removed from a future JDK release
Warning: Nashorn engine is planned to be removed from a future JDK release
Warning: Nashorn engine is planned to be removed from a future JDK release
Warning: Nashorn engine is planned to be removed from a future JDK release
Warning: Nashorn engine is planned to be removed from a future JDK release
]]></system-err>
</testsuite>
