<?xml version="1.0" encoding="UTF-8" ?>
<testsuite errors="0" failures="0" hostname="travis-job-72374447-c7e7-40d7-9e69-663d5399986d" name="ptolemy.domains.modal.test.junit.JUnitTclTest" skipped="0" tests="148" time="12.397" timestamp="2019-10-29T06:12:38">
  <properties>
[...]
</properties>
  <testcase classname="ptolemy.util.test.junit.TclTests" name="[0] /home/travis/build/icyphy/ptII/ptolemy/domains/modal/test/SystemLevelType.tcl (RunTclFile)" time="2.324" />
  <testcase classname="ptolemy.util.test.junit.AutoKnownFailedTests" name="[0] /home/travis/build/icyphy/ptII/ptolemy/domains/modal/test/auto/knownFailedTests/CannotAnalysisWithPreemption.xml (RunModel)" time="0.297" />
  <testcase classname="ptolemy.util.test.junit.AutoNameArchTests" name="[0] ThereAreNoAutoArchTests (RunModel)" time="0.001" />
  <testcase classname="ptolemy.util.test.junit.AutoTests" name="[0] /home/travis/build/icyphy/ptII/ptolemy/domains/modal/test/auto/ABPTest.xml (RunModel)" time="0.962" />
  <testcase classname="ptolemy.util.test.junit.AutoTests" name="[1] /home/travis/build/icyphy/ptII/ptolemy/domains/modal/test/auto/ABROFlat.xml (RunModel)" time="0.082" />
  <testcase classname="ptolemy.util.test.junit.AutoTests" name="[2] /home/travis/build/icyphy/ptII/ptolemy/domains/modal/test/auto/ABROFlat2.xml (RunModel)" time="0.116" />
  <testcase classname="ptolemy.util.test.junit.AutoTests" name="[3] /home/travis/build/icyphy/ptII/ptolemy/domains/modal/test/auto/ABRO_present_hmm.xml (RunModel)" time="0.165" />
  <testcase classname="ptolemy.util.test.junit.AutoTests" name="[4] /home/travis/build/icyphy/ptII/ptolemy/domains/modal/test/auto/AMICoderExample.xml (RunModel)" time="0.081" />
  <testcase classname="ptolemy.util.test.junit.AutoTests" name="[5] /home/travis/build/icyphy/ptII/ptolemy/domains/modal/test/auto/AbsentToPresent.xml (RunModel)" time="0.031" />
  <testcase classname="ptolemy.util.test.junit.AutoTests" name="[6] /home/travis/build/icyphy/ptII/ptolemy/domains/modal/test/auto/Blending.xml (RunModel)" time="0.361" />
  <testcase classname="ptolemy.util.test.junit.AutoTests" name="[7] /home/travis/build/icyphy/ptII/ptolemy/domains/modal/test/auto/Broadcast.xml (RunModel)" time="0.053" />
  <testcase classname="ptolemy.util.test.junit.AutoTests" name="[8] /home/travis/build/icyphy/ptII/ptolemy/domains/modal/test/auto/BroadcastHierarchy.xml (RunModel)" time="0.078" />
  <testcase classname="ptolemy.util.test.junit.AutoTests" name="[9] /home/travis/build/icyphy/ptII/ptolemy/domains/modal/test/auto/BroadcastHierarchy2.xml (RunModel)" time="0.127" />
  <testcase classname="ptolemy.util.test.junit.AutoTests" name="[10] /home/travis/build/icyphy/ptII/ptolemy/domains/modal/test/auto/BroadcastHierarchy3.xml (RunModel)" time="0.094" />
  <testcase classname="ptolemy.util.test.junit.AutoTests" name="[11] /home/travis/build/icyphy/ptII/ptolemy/domains/modal/test/auto/BroadcastHierarchy4.xml (RunModel)" time="0.098" />
  <testcase classname="ptolemy.util.test.junit.AutoTests" name="[12] /home/travis/build/icyphy/ptII/ptolemy/domains/modal/test/auto/CannotAnalysisWithPreemption2.xml (RunModel)" time="0.039" />
  <testcase classname="ptolemy.util.test.junit.AutoTests" name="[13] /home/travis/build/icyphy/ptII/ptolemy/domains/modal/test/auto/CannotAnalysisWithPreemption3.xml (RunModel)" time="0.062" />
  <testcase classname="ptolemy.util.test.junit.AutoTests" name="[14] /home/travis/build/icyphy/ptII/ptolemy/domains/modal/test/auto/CannotProduce.xml (RunModel)" time="0.032" />
  <testcase classname="ptolemy.util.test.junit.AutoTests" name="[15] /home/travis/build/icyphy/ptII/ptolemy/domains/modal/test/auto/CannotProduceModal.xml (RunModel)" time="0.038" />
  <testcase classname="ptolemy.util.test.junit.AutoTests" name="[16] /home/travis/build/icyphy/ptII/ptolemy/domains/modal/test/auto/Case.xml (RunModel)" time="0.082" />
  <testcase classname="ptolemy.util.test.junit.AutoTests" name="[17] /home/travis/build/icyphy/ptII/ptolemy/domains/modal/test/auto/Case1.xml (RunModel)" time="0.041" />
  <testcase classname="ptolemy.util.test.junit.AutoTests" name="[18] /home/travis/build/icyphy/ptII/ptolemy/domains/modal/test/auto/Case2.xml (RunModel)" time="0.055" />
  <testcase classname="ptolemy.util.test.junit.AutoTests" name="[19] /home/travis/build/icyphy/ptII/ptolemy/domains/modal/test/auto/CausalityInterface1.xml (RunModel)" time="0.047" />
  <testcase classname="ptolemy.util.test.junit.AutoTests" name="[20] /home/travis/build/icyphy/ptII/ptolemy/domains/modal/test/auto/CausalityInterface10.xml (RunModel)" time="0.063" />
  <testcase classname="ptolemy.util.test.junit.AutoTests" name="[21] /home/travis/build/icyphy/ptII/ptolemy/domains/modal/test/auto/CausalityInterface11.xml (RunModel)" time="0.061" />
  <testcase classname="ptolemy.util.test.junit.AutoTests" name="[22] /home/travis/build/icyphy/ptII/ptolemy/domains/modal/test/auto/CausalityInterface12.xml (RunModel)" time="0.055" />
  <testcase classname="ptolemy.util.test.junit.AutoTests" name="[23] /home/travis/build/icyphy/ptII/ptolemy/domains/modal/test/auto/CausalityInterface13.xml (RunModel)" time="0.063" />
  <testcase classname="ptolemy.util.test.junit.AutoTests" name="[24] /home/travis/build/icyphy/ptII/ptolemy/domains/modal/test/auto/CausalityInterface14.xml (RunModel)" time="0.079" />
  <testcase classname="ptolemy.util.test.junit.AutoTests" name="[25] /home/travis/build/icyphy/ptII/ptolemy/domains/modal/test/auto/CausalityInterface2.xml (RunModel)" time="0.034" />
  <testcase classname="ptolemy.util.test.junit.AutoTests" name="[26] /home/travis/build/icyphy/ptII/ptolemy/domains/modal/test/auto/CausalityInterface3.xml (RunModel)" time="0.025" />
  <testcase classname="ptolemy.util.test.junit.AutoTests" name="[27] /home/travis/build/icyphy/ptII/ptolemy/domains/modal/test/auto/CausalityInterface4.xml (RunModel)" time="0.027" />
  <testcase classname="ptolemy.util.test.junit.AutoTests" name="[28] /home/travis/build/icyphy/ptII/ptolemy/domains/modal/test/auto/CausalityInterface5.xml (RunModel)" time="0.032" />
  <testcase classname="ptolemy.util.test.junit.AutoTests" name="[29] /home/travis/build/icyphy/ptII/ptolemy/domains/modal/test/auto/CausalityInterface6.xml (RunModel)" time="0.033" />
  <testcase classname="ptolemy.util.test.junit.AutoTests" name="[30] /home/travis/build/icyphy/ptII/ptolemy/domains/modal/test/auto/CausalityInterface7.xml (RunModel)" time="0.037" />
  <testcase classname="ptolemy.util.test.junit.AutoTests" name="[31] /home/travis/build/icyphy/ptII/ptolemy/domains/modal/test/auto/CausalityInterface8.xml (RunModel)" time="0.038" />
  <testcase classname="ptolemy.util.test.junit.AutoTests" name="[32] /home/travis/build/icyphy/ptII/ptolemy/domains/modal/test/auto/CausalityInterface9.xml (RunModel)" time="0.045" />
  <testcase classname="ptolemy.util.test.junit.AutoTests" name="[33] /home/travis/build/icyphy/ptII/ptolemy/domains/modal/test/auto/ChainedTransitions.xml (RunModel)" time="0.179" />
  <testcase classname="ptolemy.util.test.junit.AutoTests" name="[34] /home/travis/build/icyphy/ptII/ptolemy/domains/modal/test/auto/CycleOfImmediateTransitionsFSM.xml (RunModel)" time="0.032" />
  <testcase classname="ptolemy.util.test.junit.AutoTests" name="[35] /home/travis/build/icyphy/ptII/ptolemy/domains/modal/test/auto/CycleOfImmediateTransitionsModal.xml (RunModel)" time="0.034" />
  <testcase classname="ptolemy.util.test.junit.AutoTests" name="[36] /home/travis/build/icyphy/ptII/ptolemy/domains/modal/test/auto/CycleOfImmediateTransitionsModal2.xml (RunModel)" time="0.035" />
  <testcase classname="ptolemy.util.test.junit.AutoTests" name="[37] /home/travis/build/icyphy/ptII/ptolemy/domains/modal/test/auto/CycleOfImmediateTransitionsModal3.xml (RunModel)" time="0.098" />
  <testcase classname="ptolemy.util.test.junit.AutoTests" name="[38] /home/travis/build/icyphy/ptII/ptolemy/domains/modal/test/auto/DeepModal1.xml (RunModel)" time="0.062" />
  <testcase classname="ptolemy.util.test.junit.AutoTests" name="[39] /home/travis/build/icyphy/ptII/ptolemy/domains/modal/test/auto/DeepModal2.xml (RunModel)" time="0.076" />
  <testcase classname="ptolemy.util.test.junit.AutoTests" name="[40] /home/travis/build/icyphy/ptII/ptolemy/domains/modal/test/auto/DeepModal3.xml (RunModel)" time="0.09" />
  <testcase classname="ptolemy.util.test.junit.AutoTests" name="[41] /home/travis/build/icyphy/ptII/ptolemy/domains/modal/test/auto/DeepModal4.xml (RunModel)" time="0.061" />
  <testcase classname="ptolemy.util.test.junit.AutoTests" name="[42] /home/travis/build/icyphy/ptII/ptolemy/domains/modal/test/auto/Default1.xml (RunModel)" time="0.024" />
  <testcase classname="ptolemy.util.test.junit.AutoTests" name="[43] /home/travis/build/icyphy/ptII/ptolemy/domains/modal/test/auto/Default2.xml (RunModel)" time="0.017" />
  <testcase classname="ptolemy.util.test.junit.AutoTests" name="[44] /home/travis/build/icyphy/ptII/ptolemy/domains/modal/test/auto/Default3.xml (RunModel)" time="0.018" />
  <testcase classname="ptolemy.util.test.junit.AutoTests" name="[45] /home/travis/build/icyphy/ptII/ptolemy/domains/modal/test/auto/Default4.xml (RunModel)" time="0.044" />
  <testcase classname="ptolemy.util.test.junit.AutoTests" name="[46] /home/travis/build/icyphy/ptII/ptolemy/domains/modal/test/auto/Default5.xml (RunModel)" time="0.031" />
  <testcase classname="ptolemy.util.test.junit.AutoTests" name="[47] /home/travis/build/icyphy/ptII/ptolemy/domains/modal/test/auto/EmptyGuard.xml (RunModel)" time="0.04" />
  <testcase classname="ptolemy.util.test.junit.AutoTests" name="[48] /home/travis/build/icyphy/ptII/ptolemy/domains/modal/test/auto/ErrorTransition1.xml (RunModel)" time="0.047" />
  <testcase classname="ptolemy.util.test.junit.AutoTests" name="[49] /home/travis/build/icyphy/ptII/ptolemy/domains/modal/test/auto/ErrorTransition10.xml (RunModel)" time="0.056" />
  <testcase classname="ptolemy.util.test.junit.AutoTests" name="[50] /home/travis/build/icyphy/ptII/ptolemy/domains/modal/test/auto/ErrorTransition11.xml (RunModel)" time="0.042" />
  <testcase classname="ptolemy.util.test.junit.AutoTests" name="[51] /home/travis/build/icyphy/ptII/ptolemy/domains/modal/test/auto/ErrorTransition2.xml (RunModel)" time="0.028" />
  <testcase classname="ptolemy.util.test.junit.AutoTests" name="[52] /home/travis/build/icyphy/ptII/ptolemy/domains/modal/test/auto/ErrorTransition3.xml (RunModel)" time="0.051" />
  <testcase classname="ptolemy.util.test.junit.AutoTests" name="[53] /home/travis/build/icyphy/ptII/ptolemy/domains/modal/test/auto/ErrorTransition4.xml (RunModel)" time="0.039" />
  <testcase classname="ptolemy.util.test.junit.AutoTests" name="[54] /home/travis/build/icyphy/ptII/ptolemy/domains/modal/test/auto/ErrorTransition5.xml (RunModel)" time="0.035" />
  <testcase classname="ptolemy.util.test.junit.AutoTests" name="[55] /home/travis/build/icyphy/ptII/ptolemy/domains/modal/test/auto/ErrorTransition6.xml (RunModel)" time="0.037" />
  <testcase classname="ptolemy.util.test.junit.AutoTests" name="[56] /home/travis/build/icyphy/ptII/ptolemy/domains/modal/test/auto/ErrorTransition7.xml (RunModel)" time="0.061" />
  <testcase classname="ptolemy.util.test.junit.AutoTests" name="[57] /home/travis/build/icyphy/ptII/ptolemy/domains/modal/test/auto/ErrorTransition8.xml (RunModel)" time="0.068" />
  <testcase classname="ptolemy.util.test.junit.AutoTests" name="[58] /home/travis/build/icyphy/ptII/ptolemy/domains/modal/test/auto/ErrorTransition9.xml (RunModel)" time="0.055" />
  <testcase classname="ptolemy.util.test.junit.AutoTests" name="[59] /home/travis/build/icyphy/ptII/ptolemy/domains/modal/test/auto/ExtendedFSM.xml (RunModel)" time="0.027" />
  <testcase classname="ptolemy.util.test.junit.AutoTests" name="[60] /home/travis/build/icyphy/ptII/ptolemy/domains/modal/test/auto/FinalStates.xml (RunModel)" time="0.034" />
  <testcase classname="ptolemy.util.test.junit.AutoTests" name="[61] /home/travis/build/icyphy/ptII/ptolemy/domains/modal/test/auto/FixedPointFSM.xml (RunModel)" time="0.053" />
  <testcase classname="ptolemy.util.test.junit.AutoTests" name="[62] /home/travis/build/icyphy/ptII/ptolemy/domains/modal/test/auto/FixedPointIterationFSMActor.xml (RunModel)" time="0.037" />
  <testcase classname="ptolemy.util.test.junit.AutoTests" name="[63] /home/travis/build/icyphy/ptII/ptolemy/domains/modal/test/auto/FixedPointIterationFSMActor2.xml (RunModel)" time="0.036" />
  <testcase classname="ptolemy.util.test.junit.AutoTests" name="[64] /home/travis/build/icyphy/ptII/ptolemy/domains/modal/test/auto/ForbiddenInstantanousLoop.xml (RunModel)" time="0.032" />
  <testcase classname="ptolemy.util.test.junit.AutoTests" name="[65] /home/travis/build/icyphy/ptII/ptolemy/domains/modal/test/auto/FunctionDependencyOfFSMActorTest.xml (RunModel)" time="0.021" />
  <testcase classname="ptolemy.util.test.junit.AutoTests" name="[66] /home/travis/build/icyphy/ptII/ptolemy/domains/modal/test/auto/GuardExpression.xml (RunModel)" time="0.015" />
  <testcase classname="ptolemy.util.test.junit.AutoTests" name="[67] /home/travis/build/icyphy/ptII/ptolemy/domains/modal/test/auto/GuardNotEvaluated.xml (RunModel)" time="0.029" />
  <testcase classname="ptolemy.util.test.junit.AutoTests" name="[68] /home/travis/build/icyphy/ptII/ptolemy/domains/modal/test/auto/GuardNotEvaluated2.xml (RunModel)" time="0.026" />
  <testcase classname="ptolemy.util.test.junit.AutoTests" name="[69] /home/travis/build/icyphy/ptII/ptolemy/domains/modal/test/auto/GuardOnAbsent.xml (RunModel)" time="0.022" />
  <testcase classname="ptolemy.util.test.junit.AutoTests" name="[70] /home/travis/build/icyphy/ptII/ptolemy/domains/modal/test/auto/HierarchicalFSMTypeInference.xml (RunModel)" time="0.031" />
  <testcase classname="ptolemy.util.test.junit.AutoTests" name="[71] /home/travis/build/icyphy/ptII/ptolemy/domains/modal/test/auto/Hysteresis.xml (RunModel)" time="0.048" />
  <testcase classname="ptolemy.util.test.junit.AutoTests" name="[72] /home/travis/build/icyphy/ptII/ptolemy/domains/modal/test/auto/HysteresisWithDefault.xml (RunModel)" time="0.095" />
  <testcase classname="ptolemy.util.test.junit.AutoTests" name="[73] /home/travis/build/icyphy/ptII/ptolemy/domains/modal/test/auto/HysteresisWithDefault2.xml (RunModel)" time="0.082" />
  <testcase classname="ptolemy.util.test.junit.AutoTests" name="[74] /home/travis/build/icyphy/ptII/ptolemy/domains/modal/test/auto/ImmediateNonConstructiveness.xml (RunModel)" time="0.022" />
  <testcase classname="ptolemy.util.test.junit.AutoTests" name="[75] /home/travis/build/icyphy/ptII/ptolemy/domains/modal/test/auto/ImmediateNonConstructiveness2.xml (RunModel)" time="0.02" />
  <testcase classname="ptolemy.util.test.junit.AutoTests" name="[76] /home/travis/build/icyphy/ptII/ptolemy/domains/modal/test/auto/ImmediateTransitionReset.xml (RunModel)" time="0.043" />
  <testcase classname="ptolemy.util.test.junit.AutoTests" name="[77] /home/travis/build/icyphy/ptII/ptolemy/domains/modal/test/auto/ImmediateTransitions1.xml (RunModel)" time="0.016" />
  <testcase classname="ptolemy.util.test.junit.AutoTests" name="[78] /home/travis/build/icyphy/ptII/ptolemy/domains/modal/test/auto/ImmediateTransitionsInstantaneousCommunication.xml (RunModel)" time="0.038" />
  <testcase classname="ptolemy.util.test.junit.AutoTests" name="[79] /home/travis/build/icyphy/ptII/ptolemy/domains/modal/test/auto/InitialImmediateTransition.xml (RunModel)" time="0.021" />
  <testcase classname="ptolemy.util.test.junit.AutoTests" name="[80] /home/travis/build/icyphy/ptII/ptolemy/domains/modal/test/auto/InitialOutputs.xml (RunModel)" time="0.02" />
  <testcase classname="ptolemy.util.test.junit.AutoTests" name="[81] /home/travis/build/icyphy/ptII/ptolemy/domains/modal/test/auto/InitialStateTransition1.xml (RunModel)" time="0.023" />
  <testcase classname="ptolemy.util.test.junit.AutoTests" name="[82] /home/travis/build/icyphy/ptII/ptolemy/domains/modal/test/auto/InitialStateTransition2.xml (RunModel)" time="0.034" />
  <testcase classname="ptolemy.util.test.junit.AutoTests" name="[83] /home/travis/build/icyphy/ptII/ptolemy/domains/modal/test/auto/InitialStateTransition3.xml (RunModel)" time="0.029" />
  <testcase classname="ptolemy.util.test.junit.AutoTests" name="[84] /home/travis/build/icyphy/ptII/ptolemy/domains/modal/test/auto/InitialStateTransition4.xml (RunModel)" time="0.056" />
  <testcase classname="ptolemy.util.test.junit.AutoTests" name="[85] /home/travis/build/icyphy/ptII/ptolemy/domains/modal/test/auto/MalformedGuardExpressionNotCaught.xml (RunModel)" time="0.032" />
  <testcase classname="ptolemy.util.test.junit.AutoTests" name="[86] /home/travis/build/icyphy/ptII/ptolemy/domains/modal/test/auto/ModalBSC.xml (RunModel)" time="0.119" />
  <testcase classname="ptolemy.util.test.junit.AutoTests" name="[87] /home/travis/build/icyphy/ptII/ptolemy/domains/modal/test/auto/ModalClocks.xml (RunModel)" time="0.084" />
  <testcase classname="ptolemy.util.test.junit.AutoTests" name="[88] /home/travis/build/icyphy/ptII/ptolemy/domains/modal/test/auto/ModalDelay.xml (RunModel)" time="0.051" />
  <testcase classname="ptolemy.util.test.junit.AutoTests" name="[89] /home/travis/build/icyphy/ptII/ptolemy/domains/modal/test/auto/ModalDelay2.xml (RunModel)" time="0.05" />
  <testcase classname="ptolemy.util.test.junit.AutoTests" name="[90] /home/travis/build/icyphy/ptII/ptolemy/domains/modal/test/auto/ModalModelFromMemo.xml (RunModel)" time="0.059" />
  <testcase classname="ptolemy.util.test.junit.AutoTests" name="[91] /home/travis/build/icyphy/ptII/ptolemy/domains/modal/test/auto/ModalModelWithMultirateTransient.xml (RunModel)" time="0.061" />
  <testcase classname="ptolemy.util.test.junit.AutoTests" name="[92] /home/travis/build/icyphy/ptII/ptolemy/domains/modal/test/auto/ModalModelWithReset.xml (RunModel)" time="0.081" />
  <testcase classname="ptolemy.util.test.junit.AutoTests" name="[93] /home/travis/build/icyphy/ptII/ptolemy/domains/modal/test/auto/MouseClickFSM.xml (RunModel)" time="0.063" />
  <testcase classname="ptolemy.util.test.junit.AutoTests" name="[94] /home/travis/build/icyphy/ptII/ptolemy/domains/modal/test/auto/MouseClickFSMModal.xml (RunModel)" time="0.045" />
  <testcase classname="ptolemy.util.test.junit.AutoTests" name="[95] /home/travis/build/icyphy/ptII/ptolemy/domains/modal/test/auto/NonStrictFSM_FeedbackLoop.xml (RunModel)" time="0.077" />
  <testcase classname="ptolemy.util.test.junit.AutoTests" name="[96] /home/travis/build/icyphy/ptII/ptolemy/domains/modal/test/auto/NonStrictFSM_FeedbackLoop_Refinement.xml (RunModel)" time="0.092" />
  <testcase classname="ptolemy.util.test.junit.AutoTests" name="[97] /home/travis/build/icyphy/ptII/ptolemy/domains/modal/test/auto/NonStrictFSM_FeedbackLoop_preemptive.xml (RunModel)" time="0.058" />
  <testcase classname="ptolemy.util.test.junit.AutoTests" name="[98] /home/travis/build/icyphy/ptII/ptolemy/domains/modal/test/auto/NormalTermination.xml (RunModel)" time="0.049" />
  <testcase classname="ptolemy.util.test.junit.AutoTests" name="[99] /home/travis/build/icyphy/ptII/ptolemy/domains/modal/test/auto/Pong.xml (RunModel)" time="0.084" />
  <testcase classname="ptolemy.util.test.junit.AutoTests" name="[100] /home/travis/build/icyphy/ptII/ptolemy/domains/modal/test/auto/Pong_test.xml (RunModel)" time="0.118" />
  <testcase classname="ptolemy.util.test.junit.AutoTests" name="[101] /home/travis/build/icyphy/ptII/ptolemy/domains/modal/test/auto/PreemptionHierarchy.xml (RunModel)" time="0.029" />
  <testcase classname="ptolemy.util.test.junit.AutoTests" name="[102] /home/travis/build/icyphy/ptII/ptolemy/domains/modal/test/auto/PreemptionHierarchy2.xml (RunModel)" time="0.034" />
  <testcase classname="ptolemy.util.test.junit.AutoTests" name="[103] /home/travis/build/icyphy/ptII/ptolemy/domains/modal/test/auto/PreemptiveTransition.xml (RunModel)" time="0.042" />
  <testcase classname="ptolemy.util.test.junit.AutoTests" name="[104] /home/travis/build/icyphy/ptII/ptolemy/domains/modal/test/auto/Priorities.xml (RunModel)" time="0.109" />
  <testcase classname="ptolemy.util.test.junit.AutoTests" name="[105] /home/travis/build/icyphy/ptII/ptolemy/domains/modal/test/auto/ResetFinal.xml (RunModel)" time="0.044" />
  <testcase classname="ptolemy.util.test.junit.AutoTests" name="[106] /home/travis/build/icyphy/ptII/ptolemy/domains/modal/test/auto/ResetFinal2.xml (RunModel)" time="0.031" />
  <testcase classname="ptolemy.util.test.junit.AutoTests" name="[107] /home/travis/build/icyphy/ptII/ptolemy/domains/modal/test/auto/ResetTransitionWithStartTime.xml (RunModel)" time="0.029" />
  <testcase classname="ptolemy.util.test.junit.AutoTests" name="[108] /home/travis/build/icyphy/ptII/ptolemy/domains/modal/test/auto/SDF-FSMComposite.xml (RunModel)" time="0.026" />
  <testcase classname="ptolemy.util.test.junit.AutoTests" name="[109] /home/travis/build/icyphy/ptII/ptolemy/domains/modal/test/auto/SeeminglyNondeterminate.xml (RunModel)" time="0.086" />
  <testcase classname="ptolemy.util.test.junit.AutoTests" name="[110] /home/travis/build/icyphy/ptII/ptolemy/domains/modal/test/auto/SeeminglyNondeterminate2.xml (RunModel)" time="0.08" />
  <testcase classname="ptolemy.util.test.junit.AutoTests" name="[111] /home/travis/build/icyphy/ptII/ptolemy/domains/modal/test/auto/SpontaneousFSM.xml (RunModel)" time="0.069" />
  <testcase classname="ptolemy.util.test.junit.AutoTests" name="[112] /home/travis/build/icyphy/ptII/ptolemy/domains/modal/test/auto/SpontaneousFSM2.xml (RunModel)" time="0.031" />
  <testcase classname="ptolemy.util.test.junit.AutoTests" name="[113] /home/travis/build/icyphy/ptII/ptolemy/domains/modal/test/auto/SpontaneousFSM3.xml (RunModel)" time="0.046" />
  <testcase classname="ptolemy.util.test.junit.AutoTests" name="[114] /home/travis/build/icyphy/ptII/ptolemy/domains/modal/test/auto/SpontaneousFSM4.xml (RunModel)" time="0.054" />
  <testcase classname="ptolemy.util.test.junit.AutoTests" name="[115] /home/travis/build/icyphy/ptII/ptolemy/domains/modal/test/auto/StateTrackerTest.xml (RunModel)" time="0.069" />
  <testcase classname="ptolemy.util.test.junit.AutoTests" name="[116] /home/travis/build/icyphy/ptII/ptolemy/domains/modal/test/auto/StrongImmediateTransition.xml (RunModel)" time="0.031" />
  <testcase classname="ptolemy.util.test.junit.AutoTests" name="[117] /home/travis/build/icyphy/ptII/ptolemy/domains/modal/test/auto/SustainHierarchy.xml (RunModel)" time="0.032" />
  <testcase classname="ptolemy.util.test.junit.AutoTests" name="[118] /home/travis/build/icyphy/ptII/ptolemy/domains/modal/test/auto/TerminationTransition1.xml (RunModel)" time="0.021" />
  <testcase classname="ptolemy.util.test.junit.AutoTests" name="[119] /home/travis/build/icyphy/ptII/ptolemy/domains/modal/test/auto/TerminationTransition2.xml (RunModel)" time="0.028" />
  <testcase classname="ptolemy.util.test.junit.AutoTests" name="[120] /home/travis/build/icyphy/ptII/ptolemy/domains/modal/test/auto/TerminationTransition3.xml (RunModel)" time="0.024" />
  <testcase classname="ptolemy.util.test.junit.AutoTests" name="[121] /home/travis/build/icyphy/ptII/ptolemy/domains/modal/test/auto/TerminationTransition4.xml (RunModel)" time="0.038" />
  <testcase classname="ptolemy.util.test.junit.AutoTests" name="[122] /home/travis/build/icyphy/ptII/ptolemy/domains/modal/test/auto/TerminationTransition5.xml (RunModel)" time="0.034" />
  <testcase classname="ptolemy.util.test.junit.AutoTests" name="[123] /home/travis/build/icyphy/ptII/ptolemy/domains/modal/test/auto/TerminationTransition6.xml (RunModel)" time="0.024" />
  <testcase classname="ptolemy.util.test.junit.AutoTests" name="[124] /home/travis/build/icyphy/ptII/ptolemy/domains/modal/test/auto/TerminationTransition7.xml (RunModel)" time="0.024" />
  <testcase classname="ptolemy.util.test.junit.AutoTests" name="[125] /home/travis/build/icyphy/ptII/ptolemy/domains/modal/test/auto/TerminationTransition8.xml (RunModel)" time="0.027" />
  <testcase classname="ptolemy.util.test.junit.AutoTests" name="[126] /home/travis/build/icyphy/ptII/ptolemy/domains/modal/test/auto/Thermostat_NoHysteresis.xml (RunModel)" time="0.069" />
  <testcase classname="ptolemy.util.test.junit.AutoTests" name="[127] /home/travis/build/icyphy/ptII/ptolemy/domains/modal/test/auto/TimedFSM.xml (RunModel)" time="0.052" />
  <testcase classname="ptolemy.util.test.junit.AutoTests" name="[128] /home/travis/build/icyphy/ptII/ptolemy/domains/modal/test/auto/Timeout1.xml (RunModel)" time="0.015" />
  <testcase classname="ptolemy.util.test.junit.AutoTests" name="[129] /home/travis/build/icyphy/ptII/ptolemy/domains/modal/test/auto/Timeout2.xml (RunModel)" time="0.024" />
  <testcase classname="ptolemy.util.test.junit.AutoTests" name="[130] /home/travis/build/icyphy/ptII/ptolemy/domains/modal/test/auto/Timeout3.xml (RunModel)" time="0.018" />
  <testcase classname="ptolemy.util.test.junit.AutoTests" name="[131] /home/travis/build/icyphy/ptII/ptolemy/domains/modal/test/auto/Timeout4.xml (RunModel)" time="0.014" />
  <testcase classname="ptolemy.util.test.junit.AutoTests" name="[132] /home/travis/build/icyphy/ptII/ptolemy/domains/modal/test/auto/TransientstateModelAdvanced.xml (RunModel)" time="0.032" />
  <testcase classname="ptolemy.util.test.junit.AutoTests" name="[133] /home/travis/build/icyphy/ptII/ptolemy/domains/modal/test/auto/TransientstateModelAdvanced2.xml (RunModel)" time="0.035" />
  <testcase classname="ptolemy.util.test.junit.AutoTests" name="[134] /home/travis/build/icyphy/ptII/ptolemy/domains/modal/test/auto/TransitionRefinements.xml (RunModel)" time="0.025" />
  <testcase classname="ptolemy.util.test.junit.AutoTests" name="[135] /home/travis/build/icyphy/ptII/ptolemy/domains/modal/test/auto/TwoRefinements1.xml (RunModel)" time="0.028" />
  <testcase classname="ptolemy.util.test.junit.AutoTests" name="[136] /home/travis/build/icyphy/ptII/ptolemy/domains/modal/test/auto/TwoRefinements2.xml (RunModel)" time="0.027" />
  <testcase classname="ptolemy.util.test.junit.AutoTests" name="[137] /home/travis/build/icyphy/ptII/ptolemy/domains/modal/test/auto/WeakImmediateTransition.xml (RunModel)" time="0.024" />
  <testcase classname="ptolemy.util.test.junit.AutoTests" name="[138] /home/travis/build/icyphy/ptII/ptolemy/domains/modal/test/auto/booleanSelect.xml (RunModel)" time="0.089" />
  <testcase classname="ptolemy.util.test.junit.AutoTests" name="[139] /home/travis/build/icyphy/ptII/ptolemy/domains/modal/test/auto/modalChangingParams.xml (RunModel)" time="0.42" />
  <testcase classname="ptolemy.util.test.junit.AutoTests" name="[140] /home/travis/build/icyphy/ptII/ptolemy/domains/modal/test/auto/modalModel.xml (RunModel)" time="0.026" />
  <testcase classname="ptolemy.util.test.junit.AutoTests" name="[141] /home/travis/build/icyphy/ptII/ptolemy/domains/modal/test/auto/modalModel2.xml (RunModel)" time="0.034" />
  <testcase classname="ptolemy.util.test.junit.AutoTests" name="[142] /home/travis/build/icyphy/ptII/ptolemy/domains/modal/test/auto/modalModel3.xml (RunModel)" time="0.043" />
  <testcase classname="ptolemy.util.test.junit.AutoTests" name="[143] /home/travis/build/icyphy/ptII/ptolemy/domains/modal/test/auto/model1.xml (RunModel)" time="0.028" />
  <testcase classname="ptolemy.util.test.junit.AutoTests" name="[144] /home/travis/build/icyphy/ptII/ptolemy/domains/modal/test/auto/test-direct-in-out.xml (RunModel)" time="0.032" />
  <system-out><![CDATA[/home/travis/build/icyphy/ptII/ptolemy/domains/modal/test/SystemLevelType.tcl
testDefs.tcl: setting time out to 9000 seconds at Tue Oct 29 06:12:38 UTC 2019
10/29/19 06:12:41
Failed: 0  Total Tests: 1  ((Passed: 1, Newly Passed: 0)  Known Failed: 0) /home/travis/build/icyphy/ptII/ptolemy/domains/modal/test
----------------- testing (KnownFailure) /home/travis/build/icyphy/ptII/ptolemy/domains/modal/test/auto/knownFailedTests/CannotAnalysisWithPreemption.xml
117 ms. Memory: 120832K Free: 41410K (34%)
Known Failure: java.lang.reflect.InvocationTargetException
No auto/linux-amd64/*.xml tests in /home/travis/build/icyphy/ptII/ptolemy/domains/modal/test
AutoTests.java: About to close Vertx.
AutoTests.java: Vertx closed.

===========================================================================================
----------------- testing Tue Oct 29 06:12:41 UTC 2019 /home/travis/build/icyphy/ptII/ptolemy/domains/modal/test/auto/ABPTest.xml
----------------- Instantiating /home/travis/build/icyphy/ptII/ptolemy/domains/modal/test/auto/ABPTest.xml
453 ms. Memory: 145408K Free: 92523K (64%)
----------------- Invoking toplevel() on ptolemy.moml.MoMLSimpleApplication@780b6fb4
----------------- Done invoking toplevel() on ptolemy.moml.MoMLSimpleApplication@780b6fb4
reloadAllAccessors: .ABPTest

===========================================================================================
----------------- testing Tue Oct 29 06:12:42 UTC 2019 /home/travis/build/icyphy/ptII/ptolemy/domains/modal/test/auto/ABROFlat.xml
----------------- Instantiating /home/travis/build/icyphy/ptII/ptolemy/domains/modal/test/auto/ABROFlat.xml
28 ms. Memory: 145408K Free: 76533K (53%)
----------------- Invoking toplevel() on ptolemy.moml.MoMLSimpleApplication@408f0af
----------------- Done invoking toplevel() on ptolemy.moml.MoMLSimpleApplication@408f0af
reloadAllAccessors: .ABROFlat

===========================================================================================
----------------- testing Tue Oct 29 06:12:42 UTC 2019 /home/travis/build/icyphy/ptII/ptolemy/domains/modal/test/auto/ABROFlat2.xml
----------------- Instantiating /home/travis/build/icyphy/ptII/ptolemy/domains/modal/test/auto/ABROFlat2.xml
32 ms. Memory: 145408K Free: 59603K (41%)
----------------- Invoking toplevel() on ptolemy.moml.MoMLSimpleApplication@25fc99d8
----------------- Done invoking toplevel() on ptolemy.moml.MoMLSimpleApplication@25fc99d8
reloadAllAccessors: .ABROFlat2

===========================================================================================
----------------- testing Tue Oct 29 06:12:43 UTC 2019 /home/travis/build/icyphy/ptII/ptolemy/domains/modal/test/auto/ABRO_present_hmm.xml
----------------- Instantiating /home/travis/build/icyphy/ptII/ptolemy/domains/modal/test/auto/ABRO_present_hmm.xml
23 ms. Memory: 145408K Free: 105389K (72%)
----------------- Invoking toplevel() on ptolemy.moml.MoMLSimpleApplication@3cab0404
----------------- Done invoking toplevel() on ptolemy.moml.MoMLSimpleApplication@3cab0404
reloadAllAccessors: .ABRO_present_hmm

===========================================================================================
----------------- testing Tue Oct 29 06:12:43 UTC 2019 /home/travis/build/icyphy/ptII/ptolemy/domains/modal/test/auto/AMICoderExample.xml
----------------- Instantiating /home/travis/build/icyphy/ptII/ptolemy/domains/modal/test/auto/AMICoderExample.xml
49 ms. Memory: 145408K Free: 95336K (66%)
----------------- Invoking toplevel() on ptolemy.moml.MoMLSimpleApplication@32089255
----------------- Done invoking toplevel() on ptolemy.moml.MoMLSimpleApplication@32089255
reloadAllAccessors: .AMICoderExample

===========================================================================================
----------------- testing Tue Oct 29 06:12:43 UTC 2019 /home/travis/build/icyphy/ptII/ptolemy/domains/modal/test/auto/AbsentToPresent.xml
----------------- Instantiating /home/travis/build/icyphy/ptII/ptolemy/domains/modal/test/auto/AbsentToPresent.xml
9 ms. Memory: 145408K Free: 90619K (62%)
----------------- Invoking toplevel() on ptolemy.moml.MoMLSimpleApplication@74cfdb4d
----------------- Done invoking toplevel() on ptolemy.moml.MoMLSimpleApplication@74cfdb4d
reloadAllAccessors: .AbsentToPresent

===========================================================================================
----------------- testing Tue Oct 29 06:12:43 UTC 2019 /home/travis/build/icyphy/ptII/ptolemy/domains/modal/test/auto/Blending.xml
----------------- Instantiating /home/travis/build/icyphy/ptII/ptolemy/domains/modal/test/auto/Blending.xml
217 ms. Memory: 196608K Free: 176124K (90%)
----------------- Invoking toplevel() on ptolemy.moml.MoMLSimpleApplication@2fcceb7f
----------------- Done invoking toplevel() on ptolemy.moml.MoMLSimpleApplication@2fcceb7f
reloadAllAccessors: .Blending

===========================================================================================
----------------- testing Tue Oct 29 06:12:43 UTC 2019 /home/travis/build/icyphy/ptII/ptolemy/domains/modal/test/auto/Broadcast.xml
----------------- Instantiating /home/travis/build/icyphy/ptII/ptolemy/domains/modal/test/auto/Broadcast.xml
11 ms. Memory: 196608K Free: 165370K (84%)
----------------- Invoking toplevel() on ptolemy.moml.MoMLSimpleApplication@c6eb30c
----------------- Done invoking toplevel() on ptolemy.moml.MoMLSimpleApplication@c6eb30c
reloadAllAccessors: .Broadcast

===========================================================================================
----------------- testing Tue Oct 29 06:12:43 UTC 2019 /home/travis/build/icyphy/ptII/ptolemy/domains/modal/test/auto/BroadcastHierarchy.xml
----------------- Instantiating /home/travis/build/icyphy/ptII/ptolemy/domains/modal/test/auto/BroadcastHierarchy.xml
17 ms. Memory: 196608K Free: 151548K (77%)
----------------- Invoking toplevel() on ptolemy.moml.MoMLSimpleApplication@1a47a162
----------------- Done invoking toplevel() on ptolemy.moml.MoMLSimpleApplication@1a47a162
reloadAllAccessors: .BroadcastHierarchy

===========================================================================================
----------------- testing Tue Oct 29 06:12:43 UTC 2019 /home/travis/build/icyphy/ptII/ptolemy/domains/modal/test/auto/BroadcastHierarchy2.xml
----------------- Instantiating /home/travis/build/icyphy/ptII/ptolemy/domains/modal/test/auto/BroadcastHierarchy2.xml
29 ms. Memory: 196608K Free: 124380K (63%)
----------------- Invoking toplevel() on ptolemy.moml.MoMLSimpleApplication@1d54ab99
----------------- Done invoking toplevel() on ptolemy.moml.MoMLSimpleApplication@1d54ab99
reloadAllAccessors: .BroadcastHierarchy2

===========================================================================================
----------------- testing Tue Oct 29 06:12:44 UTC 2019 /home/travis/build/icyphy/ptII/ptolemy/domains/modal/test/auto/BroadcastHierarchy3.xml
----------------- Instantiating /home/travis/build/icyphy/ptII/ptolemy/domains/modal/test/auto/BroadcastHierarchy3.xml
23 ms. Memory: 196608K Free: 103930K (53%)
----------------- Invoking toplevel() on ptolemy.moml.MoMLSimpleApplication@31f3da09
----------------- Done invoking toplevel() on ptolemy.moml.MoMLSimpleApplication@31f3da09
reloadAllAccessors: .BroadcastHierarchy3

===========================================================================================
----------------- testing Tue Oct 29 06:12:44 UTC 2019 /home/travis/build/icyphy/ptII/ptolemy/domains/modal/test/auto/BroadcastHierarchy4.xml
----------------- Instantiating /home/travis/build/icyphy/ptII/ptolemy/domains/modal/test/auto/BroadcastHierarchy4.xml
19 ms. Memory: 196608K Free: 79354K (40%)
----------------- Invoking toplevel() on ptolemy.moml.MoMLSimpleApplication@3e87d2b8
----------------- Done invoking toplevel() on ptolemy.moml.MoMLSimpleApplication@3e87d2b8
reloadAllAccessors: .BroadcastHierarchy4

===========================================================================================
----------------- testing Tue Oct 29 06:12:44 UTC 2019 /home/travis/build/icyphy/ptII/ptolemy/domains/modal/test/auto/CannotAnalysisWithPreemption2.xml
----------------- Instantiating /home/travis/build/icyphy/ptII/ptolemy/domains/modal/test/auto/CannotAnalysisWithPreemption2.xml
5 ms. Memory: 196608K Free: 72172K (37%)
----------------- Invoking toplevel() on ptolemy.moml.MoMLSimpleApplication@6e66c23d
----------------- Done invoking toplevel() on ptolemy.moml.MoMLSimpleApplication@6e66c23d
reloadAllAccessors: .CannotAnalysisWithPreemption2

===========================================================================================
----------------- testing Tue Oct 29 06:12:44 UTC 2019 /home/travis/build/icyphy/ptII/ptolemy/domains/modal/test/auto/CannotAnalysisWithPreemption3.xml
----------------- Instantiating /home/travis/build/icyphy/ptII/ptolemy/domains/modal/test/auto/CannotAnalysisWithPreemption3.xml
7 ms. Memory: 196608K Free: 175690K (89%)
----------------- Invoking toplevel() on ptolemy.moml.MoMLSimpleApplication@5cb2f2b6
----------------- Done invoking toplevel() on ptolemy.moml.MoMLSimpleApplication@5cb2f2b6
reloadAllAccessors: .CannotAnalysisWithPreemption3

===========================================================================================
----------------- testing Tue Oct 29 06:12:44 UTC 2019 /home/travis/build/icyphy/ptII/ptolemy/domains/modal/test/auto/CannotProduce.xml
----------------- Instantiating /home/travis/build/icyphy/ptII/ptolemy/domains/modal/test/auto/CannotProduce.xml
13 ms. Memory: 196608K Free: 169018K (86%)
----------------- Invoking toplevel() on ptolemy.moml.MoMLSimpleApplication@24905688
----------------- Done invoking toplevel() on ptolemy.moml.MoMLSimpleApplication@24905688
reloadAllAccessors: .CannotProduce

===========================================================================================
----------------- testing Tue Oct 29 06:12:44 UTC 2019 /home/travis/build/icyphy/ptII/ptolemy/domains/modal/test/auto/CannotProduceModal.xml
----------------- Instantiating /home/travis/build/icyphy/ptII/ptolemy/domains/modal/test/auto/CannotProduceModal.xml
13 ms. Memory: 196608K Free: 162378K (83%)
----------------- Invoking toplevel() on ptolemy.moml.MoMLSimpleApplication@6a8b8a17
----------------- Done invoking toplevel() on ptolemy.moml.MoMLSimpleApplication@6a8b8a17
reloadAllAccessors: .CannotProduceModal

===========================================================================================
----------------- testing Tue Oct 29 06:12:44 UTC 2019 /home/travis/build/icyphy/ptII/ptolemy/domains/modal/test/auto/Case.xml
----------------- Instantiating /home/travis/build/icyphy/ptII/ptolemy/domains/modal/test/auto/Case.xml
34 ms. Memory: 196608K Free: 151114K (77%)
----------------- Invoking toplevel() on ptolemy.moml.MoMLSimpleApplication@151c9d54
----------------- Done invoking toplevel() on ptolemy.moml.MoMLSimpleApplication@151c9d54
reloadAllAccessors: .Case

===========================================================================================
----------------- testing Tue Oct 29 06:12:44 UTC 2019 /home/travis/build/icyphy/ptII/ptolemy/domains/modal/test/auto/Case1.xml
----------------- Instantiating /home/travis/build/icyphy/ptII/ptolemy/domains/modal/test/auto/Case1.xml
7 ms. Memory: 196608K Free: 143946K (73%)
----------------- Invoking toplevel() on ptolemy.moml.MoMLSimpleApplication@2f339aa0
----------------- Done invoking toplevel() on ptolemy.moml.MoMLSimpleApplication@2f339aa0
reloadAllAccessors: .Case1

===========================================================================================
----------------- testing Tue Oct 29 06:12:44 UTC 2019 /home/travis/build/icyphy/ptII/ptolemy/domains/modal/test/auto/Case2.xml
----------------- Instantiating /home/travis/build/icyphy/ptII/ptolemy/domains/modal/test/auto/Case2.xml
23 ms. Memory: 196608K Free: 133192K (68%)
----------------- Invoking toplevel() on ptolemy.moml.MoMLSimpleApplication@22a0e49d
----------------- Done invoking toplevel() on ptolemy.moml.MoMLSimpleApplication@22a0e49d
reloadAllAccessors: .Case2

===========================================================================================
----------------- testing Tue Oct 29 06:12:44 UTC 2019 /home/travis/build/icyphy/ptII/ptolemy/domains/modal/test/auto/CausalityInterface1.xml
----------------- Instantiating /home/travis/build/icyphy/ptII/ptolemy/domains/modal/test/auto/CausalityInterface1.xml
11 ms. Memory: 196608K Free: 128072K (65%)
----------------- Invoking toplevel() on ptolemy.moml.MoMLSimpleApplication@2e840e9c
----------------- Done invoking toplevel() on ptolemy.moml.MoMLSimpleApplication@2e840e9c
reloadAllAccessors: .CausalityInterface1

===========================================================================================
----------------- testing Tue Oct 29 06:12:44 UTC 2019 /home/travis/build/icyphy/ptII/ptolemy/domains/modal/test/auto/CausalityInterface10.xml
----------------- Instantiating /home/travis/build/icyphy/ptII/ptolemy/domains/modal/test/auto/CausalityInterface10.xml
8 ms. Memory: 196608K Free: 114746K (58%)
----------------- Invoking toplevel() on ptolemy.moml.MoMLSimpleApplication@61f3a7a9
----------------- Done invoking toplevel() on ptolemy.moml.MoMLSimpleApplication@61f3a7a9
reloadAllAccessors: .CausalityInterface10

===========================================================================================
----------------- testing Tue Oct 29 06:12:44 UTC 2019 /home/travis/build/icyphy/ptII/ptolemy/domains/modal/test/auto/CausalityInterface11.xml
----------------- Instantiating /home/travis/build/icyphy/ptII/ptolemy/domains/modal/test/auto/CausalityInterface11.xml
10 ms. Memory: 196608K Free: 101418K (52%)
----------------- Invoking toplevel() on ptolemy.moml.MoMLSimpleApplication@3dee449c
----------------- Done invoking toplevel() on ptolemy.moml.MoMLSimpleApplication@3dee449c
reloadAllAccessors: .CausalityInterface11

===========================================================================================
----------------- testing Tue Oct 29 06:12:44 UTC 2019 /home/travis/build/icyphy/ptII/ptolemy/domains/modal/test/auto/CausalityInterface12.xml
----------------- Instantiating /home/travis/build/icyphy/ptII/ptolemy/domains/modal/test/auto/CausalityInterface12.xml
8 ms. Memory: 196608K Free: 88106K (45%)
----------------- Invoking toplevel() on ptolemy.moml.MoMLSimpleApplication@150f232d
----------------- Done invoking toplevel() on ptolemy.moml.MoMLSimpleApplication@150f232d
reloadAllAccessors: .CausalityInterface12

===========================================================================================
----------------- testing Tue Oct 29 06:12:44 UTC 2019 /home/travis/build/icyphy/ptII/ptolemy/domains/modal/test/auto/CausalityInterface13.xml
----------------- Instantiating /home/travis/build/icyphy/ptII/ptolemy/domains/modal/test/auto/CausalityInterface13.xml
13 ms. Memory: 196608K Free: 74314K (38%)
----------------- Invoking toplevel() on ptolemy.moml.MoMLSimpleApplication@436a4
----------------- Done invoking toplevel() on ptolemy.moml.MoMLSimpleApplication@436a4
reloadAllAccessors: .CausalityInterface13

===========================================================================================
----------------- testing Tue Oct 29 06:12:44 UTC 2019 /home/travis/build/icyphy/ptII/ptolemy/domains/modal/test/auto/CausalityInterface14.xml
----------------- Instantiating /home/travis/build/icyphy/ptII/ptolemy/domains/modal/test/auto/CausalityInterface14.xml
13 ms. Memory: 196608K Free: 174117K (89%)
----------------- Invoking toplevel() on ptolemy.moml.MoMLSimpleApplication@3a273e32
----------------- Done invoking toplevel() on ptolemy.moml.MoMLSimpleApplication@3a273e32
reloadAllAccessors: .CausalityInterface14

===========================================================================================
----------------- testing Tue Oct 29 06:12:44 UTC 2019 /home/travis/build/icyphy/ptII/ptolemy/domains/modal/test/auto/CausalityInterface2.xml
----------------- Instantiating /home/travis/build/icyphy/ptII/ptolemy/domains/modal/test/auto/CausalityInterface2.xml
4 ms. Memory: 196608K Free: 167429K (85%)
----------------- Invoking toplevel() on ptolemy.moml.MoMLSimpleApplication@76029dd9
----------------- Done invoking toplevel() on ptolemy.moml.MoMLSimpleApplication@76029dd9
reloadAllAccessors: .CausalityInterface2

===========================================================================================
----------------- testing Tue Oct 29 06:12:45 UTC 2019 /home/travis/build/icyphy/ptII/ptolemy/domains/modal/test/auto/CausalityInterface3.xml
----------------- Instantiating /home/travis/build/icyphy/ptII/ptolemy/domains/modal/test/auto/CausalityInterface3.xml
4 ms. Memory: 196608K Free: 161309K (82%)
----------------- Invoking toplevel() on ptolemy.moml.MoMLSimpleApplication@6e9a0910
----------------- Done invoking toplevel() on ptolemy.moml.MoMLSimpleApplication@6e9a0910
reloadAllAccessors: .CausalityInterface3

===========================================================================================
----------------- testing Tue Oct 29 06:12:45 UTC 2019 /home/travis/build/icyphy/ptII/ptolemy/domains/modal/test/auto/CausalityInterface4.xml
----------------- Instantiating /home/travis/build/icyphy/ptII/ptolemy/domains/modal/test/auto/CausalityInterface4.xml
4 ms. Memory: 196608K Free: 154661K (79%)
----------------- Invoking toplevel() on ptolemy.moml.MoMLSimpleApplication@7ac9dc14
----------------- Done invoking toplevel() on ptolemy.moml.MoMLSimpleApplication@7ac9dc14
reloadAllAccessors: .CausalityInterface4

===========================================================================================
----------------- testing Tue Oct 29 06:12:45 UTC 2019 /home/travis/build/icyphy/ptII/ptolemy/domains/modal/test/auto/CausalityInterface5.xml
----------------- Instantiating /home/travis/build/icyphy/ptII/ptolemy/domains/modal/test/auto/CausalityInterface5.xml
7 ms. Memory: 196608K Free: 146469K (74%)
----------------- Invoking toplevel() on ptolemy.moml.MoMLSimpleApplication@27053263
----------------- Done invoking toplevel() on ptolemy.moml.MoMLSimpleApplication@27053263
reloadAllAccessors: .CausalityInterface5

===========================================================================================
----------------- testing Tue Oct 29 06:12:45 UTC 2019 /home/travis/build/icyphy/ptII/ptolemy/domains/modal/test/auto/CausalityInterface6.xml
----------------- Instantiating /home/travis/build/icyphy/ptII/ptolemy/domains/modal/test/auto/CausalityInterface6.xml
5 ms. Memory: 196608K Free: 137733K (70%)
----------------- Invoking toplevel() on ptolemy.moml.MoMLSimpleApplication@191f0e5f
----------------- Done invoking toplevel() on ptolemy.moml.MoMLSimpleApplication@191f0e5f
reloadAllAccessors: .CausalityInterface6

===========================================================================================
----------------- testing Tue Oct 29 06:12:45 UTC 2019 /home/travis/build/icyphy/ptII/ptolemy/domains/modal/test/auto/CausalityInterface7.xml
----------------- Instantiating /home/travis/build/icyphy/ptII/ptolemy/domains/modal/test/auto/CausalityInterface7.xml
10 ms. Memory: 196608K Free: 129541K (66%)
----------------- Invoking toplevel() on ptolemy.moml.MoMLSimpleApplication@2c15d702
----------------- Done invoking toplevel() on ptolemy.moml.MoMLSimpleApplication@2c15d702
reloadAllAccessors: .CausalityInterface7

===========================================================================================
----------------- testing Tue Oct 29 06:12:45 UTC 2019 /home/travis/build/icyphy/ptII/ptolemy/domains/modal/test/auto/CausalityInterface8.xml
----------------- Instantiating /home/travis/build/icyphy/ptII/ptolemy/domains/modal/test/auto/CausalityInterface8.xml
6 ms. Memory: 196608K Free: 120869K (61%)
----------------- Invoking toplevel() on ptolemy.moml.MoMLSimpleApplication@64583a8a
----------------- Done invoking toplevel() on ptolemy.moml.MoMLSimpleApplication@64583a8a
reloadAllAccessors: .CausalityInterface8

===========================================================================================
----------------- testing Tue Oct 29 06:12:45 UTC 2019 /home/travis/build/icyphy/ptII/ptolemy/domains/modal/test/auto/CausalityInterface9.xml
----------------- Instantiating /home/travis/build/icyphy/ptII/ptolemy/domains/modal/test/auto/CausalityInterface9.xml
6 ms. Memory: 196608K Free: 111653K (57%)
----------------- Invoking toplevel() on ptolemy.moml.MoMLSimpleApplication@4748a8f3
----------------- Done invoking toplevel() on ptolemy.moml.MoMLSimpleApplication@4748a8f3
reloadAllAccessors: .CausalityInterface9

===========================================================================================
----------------- testing Tue Oct 29 06:12:45 UTC 2019 /home/travis/build/icyphy/ptII/ptolemy/domains/modal/test/auto/ChainedTransitions.xml
----------------- Instantiating /home/travis/build/icyphy/ptII/ptolemy/domains/modal/test/auto/ChainedTransitions.xml
109 ms. Memory: 196608K Free: 87077K (44%)
----------------- Invoking toplevel() on ptolemy.moml.MoMLSimpleApplication@41e23206
----------------- Done invoking toplevel() on ptolemy.moml.MoMLSimpleApplication@41e23206
reloadAllAccessors: .ChainedTransitions

===========================================================================================
----------------- testing Tue Oct 29 06:12:45 UTC 2019 /home/travis/build/icyphy/ptII/ptolemy/domains/modal/test/auto/CycleOfImmediateTransitionsFSM.xml
----------------- Instantiating /home/travis/build/icyphy/ptII/ptolemy/domains/modal/test/auto/CycleOfImmediateTransitionsFSM.xml
3 ms. Memory: 196608K Free: 80933K (41%)
----------------- Invoking toplevel() on ptolemy.moml.MoMLSimpleApplication@314d2f3f
----------------- Done invoking toplevel() on ptolemy.moml.MoMLSimpleApplication@314d2f3f
reloadAllAccessors: .CycleOfImmediateTransitionsFSM

===========================================================================================
----------------- testing Tue Oct 29 06:12:45 UTC 2019 /home/travis/build/icyphy/ptII/ptolemy/domains/modal/test/auto/CycleOfImmediateTransitionsModal.xml
----------------- Instantiating /home/travis/build/icyphy/ptII/ptolemy/domains/modal/test/auto/CycleOfImmediateTransitionsModal.xml
4 ms. Memory: 196608K Free: 74789K (38%)
----------------- Invoking toplevel() on ptolemy.moml.MoMLSimpleApplication@59651ed
----------------- Done invoking toplevel() on ptolemy.moml.MoMLSimpleApplication@59651ed
reloadAllAccessors: .CycleOfImmediateTransitionsModal

===========================================================================================
----------------- testing Tue Oct 29 06:12:45 UTC 2019 /home/travis/build/icyphy/ptII/ptolemy/domains/modal/test/auto/CycleOfImmediateTransitionsModal2.xml
----------------- Instantiating /home/travis/build/icyphy/ptII/ptolemy/domains/modal/test/auto/CycleOfImmediateTransitionsModal2.xml
8 ms. Memory: 196608K Free: 68645K (35%)
----------------- Invoking toplevel() on ptolemy.moml.MoMLSimpleApplication@52685049
----------------- Done invoking toplevel() on ptolemy.moml.MoMLSimpleApplication@52685049
reloadAllAccessors: .CycleOfImmediateTransitionsModal2

===========================================================================================
----------------- testing Tue Oct 29 06:12:45 UTC 2019 /home/travis/build/icyphy/ptII/ptolemy/domains/modal/test/auto/CycleOfImmediateTransitionsModal3.xml
----------------- Instantiating /home/travis/build/icyphy/ptII/ptolemy/domains/modal/test/auto/CycleOfImmediateTransitionsModal3.xml
13 ms. Memory: 196608K Free: 158754K (81%)
----------------- Invoking toplevel() on ptolemy.moml.MoMLSimpleApplication@1ae478d7
----------------- Done invoking toplevel() on ptolemy.moml.MoMLSimpleApplication@1ae478d7
reloadAllAccessors: .CycleOfImmediateTransitionsModal3

===========================================================================================
----------------- testing Tue Oct 29 06:12:45 UTC 2019 /home/travis/build/icyphy/ptII/ptolemy/domains/modal/test/auto/DeepModal1.xml
----------------- Instantiating /home/travis/build/icyphy/ptII/ptolemy/domains/modal/test/auto/DeepModal1.xml
34 ms. Memory: 196608K Free: 144418K (73%)
----------------- Invoking toplevel() on ptolemy.moml.MoMLSimpleApplication@a4dbb3
----------------- Done invoking toplevel() on ptolemy.moml.MoMLSimpleApplication@a4dbb3
reloadAllAccessors: .DeepModal1

===========================================================================================
----------------- testing Tue Oct 29 06:12:45 UTC 2019 /home/travis/build/icyphy/ptII/ptolemy/domains/modal/test/auto/DeepModal2.xml
----------------- Instantiating /home/travis/build/icyphy/ptII/ptolemy/domains/modal/test/auto/DeepModal2.xml
30 ms. Memory: 196608K Free: 125472K (64%)
----------------- Invoking toplevel() on ptolemy.moml.MoMLSimpleApplication@5306615c
----------------- Done invoking toplevel() on ptolemy.moml.MoMLSimpleApplication@5306615c
reloadAllAccessors: .DeepModal2

===========================================================================================
----------------- testing Tue Oct 29 06:12:45 UTC 2019 /home/travis/build/icyphy/ptII/ptolemy/domains/modal/test/auto/DeepModal3.xml
----------------- Instantiating /home/travis/build/icyphy/ptII/ptolemy/domains/modal/test/auto/DeepModal3.xml
39 ms. Memory: 196608K Free: 106002K (54%)
----------------- Invoking toplevel() on ptolemy.moml.MoMLSimpleApplication@4496f0b0
----------------- Done invoking toplevel() on ptolemy.moml.MoMLSimpleApplication@4496f0b0
reloadAllAccessors: .DeepModal3

===========================================================================================
----------------- testing Tue Oct 29 06:12:45 UTC 2019 /home/travis/build/icyphy/ptII/ptolemy/domains/modal/test/auto/DeepModal4.xml
----------------- Instantiating /home/travis/build/icyphy/ptII/ptolemy/domains/modal/test/auto/DeepModal4.xml
20 ms. Memory: 196608K Free: 86560K (44%)
----------------- Invoking toplevel() on ptolemy.moml.MoMLSimpleApplication@9cb42f9
----------------- Done invoking toplevel() on ptolemy.moml.MoMLSimpleApplication@9cb42f9
reloadAllAccessors: .DeepModal4

===========================================================================================
----------------- testing Tue Oct 29 06:12:45 UTC 2019 /home/travis/build/icyphy/ptII/ptolemy/domains/modal/test/auto/Default1.xml
----------------- Instantiating /home/travis/build/icyphy/ptII/ptolemy/domains/modal/test/auto/Default1.xml
3 ms. Memory: 196608K Free: 80416K (41%)
----------------- Invoking toplevel() on ptolemy.moml.MoMLSimpleApplication@1fcc1e4e
----------------- Done invoking toplevel() on ptolemy.moml.MoMLSimpleApplication@1fcc1e4e
reloadAllAccessors: .Default1

===========================================================================================
----------------- testing Tue Oct 29 06:12:45 UTC 2019 /home/travis/build/icyphy/ptII/ptolemy/domains/modal/test/auto/Default2.xml
----------------- Instantiating /home/travis/build/icyphy/ptII/ptolemy/domains/modal/test/auto/Default2.xml
2 ms. Memory: 196608K Free: 74786K (38%)
----------------- Invoking toplevel() on ptolemy.moml.MoMLSimpleApplication@4a39c139
----------------- Done invoking toplevel() on ptolemy.moml.MoMLSimpleApplication@4a39c139
reloadAllAccessors: .Default2

===========================================================================================
----------------- testing Tue Oct 29 06:12:45 UTC 2019 /home/travis/build/icyphy/ptII/ptolemy/domains/modal/test/auto/Default3.xml
----------------- Instantiating /home/travis/build/icyphy/ptII/ptolemy/domains/modal/test/auto/Default3.xml
3 ms. Memory: 196608K Free: 69122K (35%)
----------------- Invoking toplevel() on ptolemy.moml.MoMLSimpleApplication@4722de02
----------------- Done invoking toplevel() on ptolemy.moml.MoMLSimpleApplication@4722de02
reloadAllAccessors: .Default3

===========================================================================================
----------------- testing Tue Oct 29 06:12:46 UTC 2019 /home/travis/build/icyphy/ptII/ptolemy/domains/modal/test/auto/Default4.xml
----------------- Instantiating /home/travis/build/icyphy/ptII/ptolemy/domains/modal/test/auto/Default4.xml
10 ms. Memory: 236544K Free: 215965K (91%)
----------------- Invoking toplevel() on ptolemy.moml.MoMLSimpleApplication@59edd821
----------------- Done invoking toplevel() on ptolemy.moml.MoMLSimpleApplication@59edd821
reloadAllAccessors: .Default4

===========================================================================================
----------------- testing Tue Oct 29 06:12:46 UTC 2019 /home/travis/build/icyphy/ptII/ptolemy/domains/modal/test/auto/Default5.xml
----------------- Instantiating /home/travis/build/icyphy/ptII/ptolemy/domains/modal/test/auto/Default5.xml
9 ms. Memory: 236544K Free: 207773K (88%)
----------------- Invoking toplevel() on ptolemy.moml.MoMLSimpleApplication@3715a3ce
----------------- Done invoking toplevel() on ptolemy.moml.MoMLSimpleApplication@3715a3ce
reloadAllAccessors: .Default5

===========================================================================================
----------------- testing Tue Oct 29 06:12:46 UTC 2019 /home/travis/build/icyphy/ptII/ptolemy/domains/modal/test/auto/EmptyGuard.xml
----------------- Instantiating /home/travis/build/icyphy/ptII/ptolemy/domains/modal/test/auto/EmptyGuard.xml
17 ms. Memory: 236544K Free: 200109K (85%)
----------------- Invoking toplevel() on ptolemy.moml.MoMLSimpleApplication@342b8aa
----------------- Done invoking toplevel() on ptolemy.moml.MoMLSimpleApplication@342b8aa
reloadAllAccessors: .EmptyGuard

===========================================================================================
----------------- testing Tue Oct 29 06:12:46 UTC 2019 /home/travis/build/icyphy/ptII/ptolemy/domains/modal/test/auto/ErrorTransition1.xml
----------------- Instantiating /home/travis/build/icyphy/ptII/ptolemy/domains/modal/test/auto/ErrorTransition1.xml
11 ms. Memory: 236544K Free: 191403K (81%)
----------------- Invoking toplevel() on ptolemy.moml.MoMLSimpleApplication@668f59bd
----------------- Done invoking toplevel() on ptolemy.moml.MoMLSimpleApplication@668f59bd
reloadAllAccessors: .ErrorTransition1

===========================================================================================
----------------- testing Tue Oct 29 06:12:46 UTC 2019 /home/travis/build/icyphy/ptII/ptolemy/domains/modal/test/auto/ErrorTransition10.xml
----------------- Instantiating /home/travis/build/icyphy/ptII/ptolemy/domains/modal/test/auto/ErrorTransition10.xml
17 ms. Memory: 236544K Free: 177581K (75%)
----------------- Invoking toplevel() on ptolemy.moml.MoMLSimpleApplication@72ca45b1
----------------- Done invoking toplevel() on ptolemy.moml.MoMLSimpleApplication@72ca45b1
reloadAllAccessors: .ErrorTransition10

===========================================================================================
----------------- testing Tue Oct 29 06:12:46 UTC 2019 /home/travis/build/icyphy/ptII/ptolemy/domains/modal/test/auto/ErrorTransition11.xml
----------------- Instantiating /home/travis/build/icyphy/ptII/ptolemy/domains/modal/test/auto/ErrorTransition11.xml
4 ms. Memory: 236544K Free: 166317K (70%)
----------------- Invoking toplevel() on ptolemy.moml.MoMLSimpleApplication@60c4affe
----------------- Done invoking toplevel() on ptolemy.moml.MoMLSimpleApplication@60c4affe
reloadAllAccessors: .ErrorTransition11

===========================================================================================
----------------- testing Tue Oct 29 06:12:46 UTC 2019 /home/travis/build/icyphy/ptII/ptolemy/domains/modal/test/auto/ErrorTransition2.xml
----------------- Instantiating /home/travis/build/icyphy/ptII/ptolemy/domains/modal/test/auto/ErrorTransition2.xml
8 ms. Memory: 236544K Free: 157611K (67%)
----------------- Invoking toplevel() on ptolemy.moml.MoMLSimpleApplication@9214528
----------------- Done invoking toplevel() on ptolemy.moml.MoMLSimpleApplication@9214528
reloadAllAccessors: .ErrorTransition2

===========================================================================================
----------------- testing Tue Oct 29 06:12:46 UTC 2019 /home/travis/build/icyphy/ptII/ptolemy/domains/modal/test/auto/ErrorTransition3.xml
----------------- Instantiating /home/travis/build/icyphy/ptII/ptolemy/domains/modal/test/auto/ErrorTransition3.xml
27 ms. Memory: 236544K Free: 147885K (63%)
----------------- Invoking toplevel() on ptolemy.moml.MoMLSimpleApplication@6d6ae9bf
----------------- Done invoking toplevel() on ptolemy.moml.MoMLSimpleApplication@6d6ae9bf
reloadAllAccessors: .ErrorTransition3

===========================================================================================
----------------- testing Tue Oct 29 06:12:46 UTC 2019 /home/travis/build/icyphy/ptII/ptolemy/domains/modal/test/auto/ErrorTransition4.xml
----------------- Instantiating /home/travis/build/icyphy/ptII/ptolemy/domains/modal/test/auto/ErrorTransition4.xml
10 ms. Memory: 236544K Free: 136621K (58%)
----------------- Invoking toplevel() on ptolemy.moml.MoMLSimpleApplication@57eb893b
----------------- Done invoking toplevel() on ptolemy.moml.MoMLSimpleApplication@57eb893b
reloadAllAccessors: .ErrorTransition4

===========================================================================================
----------------- testing Tue Oct 29 06:12:46 UTC 2019 /home/travis/build/icyphy/ptII/ptolemy/domains/modal/test/auto/ErrorTransition5.xml
----------------- Instantiating /home/travis/build/icyphy/ptII/ptolemy/domains/modal/test/auto/ErrorTransition5.xml
12 ms. Memory: 236544K Free: 125853K (53%)
----------------- Invoking toplevel() on ptolemy.moml.MoMLSimpleApplication@459886e0
----------------- Done invoking toplevel() on ptolemy.moml.MoMLSimpleApplication@459886e0
reloadAllAccessors: .ErrorTransition5

===========================================================================================
----------------- testing Tue Oct 29 06:12:46 UTC 2019 /home/travis/build/icyphy/ptII/ptolemy/domains/modal/test/auto/ErrorTransition6.xml
----------------- Instantiating /home/travis/build/icyphy/ptII/ptolemy/domains/modal/test/auto/ErrorTransition6.xml
10 ms. Memory: 236544K Free: 115117K (49%)
----------------- Invoking toplevel() on ptolemy.moml.MoMLSimpleApplication@2d38ce84
----------------- Done invoking toplevel() on ptolemy.moml.MoMLSimpleApplication@2d38ce84
reloadAllAccessors: .ErrorTransition6

===========================================================================================
----------------- testing Tue Oct 29 06:12:46 UTC 2019 /home/travis/build/icyphy/ptII/ptolemy/domains/modal/test/auto/ErrorTransition7.xml
----------------- Instantiating /home/travis/build/icyphy/ptII/ptolemy/domains/modal/test/auto/ErrorTransition7.xml
24 ms. Memory: 236544K Free: 102309K (43%)
----------------- Invoking toplevel() on ptolemy.moml.MoMLSimpleApplication@c12e7ea
----------------- Done invoking toplevel() on ptolemy.moml.MoMLSimpleApplication@c12e7ea
reloadAllAccessors: .ErrorTransition7

===========================================================================================
----------------- testing Tue Oct 29 06:12:46 UTC 2019 /home/travis/build/icyphy/ptII/ptolemy/domains/modal/test/auto/ErrorTransition8.xml
----------------- Instantiating /home/travis/build/icyphy/ptII/ptolemy/domains/modal/test/auto/ErrorTransition8.xml
34 ms. Memory: 236544K Free: 88997K (38%)
----------------- Invoking toplevel() on ptolemy.moml.MoMLSimpleApplication@2b970f27
----------------- Done invoking toplevel() on ptolemy.moml.MoMLSimpleApplication@2b970f27
reloadAllAccessors: .ErrorTransition8

===========================================================================================
----------------- testing Tue Oct 29 06:12:46 UTC 2019 /home/travis/build/icyphy/ptII/ptolemy/domains/modal/test/auto/ErrorTransition9.xml
----------------- Instantiating /home/travis/build/icyphy/ptII/ptolemy/domains/modal/test/auto/ErrorTransition9.xml
11 ms. Memory: 236544K Free: 212118K (90%)
----------------- Invoking toplevel() on ptolemy.moml.MoMLSimpleApplication@681be607
----------------- Done invoking toplevel() on ptolemy.moml.MoMLSimpleApplication@681be607
reloadAllAccessors: .ErrorTransition9

===========================================================================================
----------------- testing Tue Oct 29 06:12:46 UTC 2019 /home/travis/build/icyphy/ptII/ptolemy/domains/modal/test/auto/ExtendedFSM.xml
----------------- Instantiating /home/travis/build/icyphy/ptII/ptolemy/domains/modal/test/auto/ExtendedFSM.xml
9 ms. Memory: 236544K Free: 203416K (86%)
----------------- Invoking toplevel() on ptolemy.moml.MoMLSimpleApplication@1bed6dd8
----------------- Done invoking toplevel() on ptolemy.moml.MoMLSimpleApplication@1bed6dd8
reloadAllAccessors: .ExtendedFSM

===========================================================================================
----------------- testing Tue Oct 29 06:12:46 UTC 2019 /home/travis/build/icyphy/ptII/ptolemy/domains/modal/test/auto/FinalStates.xml
----------------- Instantiating /home/travis/build/icyphy/ptII/ptolemy/domains/modal/test/auto/FinalStates.xml
9 ms. Memory: 236544K Free: 195224K (83%)
----------------- Invoking toplevel() on ptolemy.moml.MoMLSimpleApplication@442ed627
----------------- Done invoking toplevel() on ptolemy.moml.MoMLSimpleApplication@442ed627
reloadAllAccessors: .FinalStates

===========================================================================================
----------------- testing Tue Oct 29 06:12:46 UTC 2019 /home/travis/build/icyphy/ptII/ptolemy/domains/modal/test/auto/FixedPointFSM.xml
----------------- Instantiating /home/travis/build/icyphy/ptII/ptolemy/domains/modal/test/auto/FixedPointFSM.xml
22 ms. Memory: 236544K Free: 179864K (76%)
----------------- Invoking toplevel() on ptolemy.moml.MoMLSimpleApplication@4928fc4a
----------------- Done invoking toplevel() on ptolemy.moml.MoMLSimpleApplication@4928fc4a
reloadAllAccessors: .FixedPointFSM

===========================================================================================
----------------- testing Tue Oct 29 06:12:46 UTC 2019 /home/travis/build/icyphy/ptII/ptolemy/domains/modal/test/auto/FixedPointIterationFSMActor.xml
----------------- Instantiating /home/travis/build/icyphy/ptII/ptolemy/domains/modal/test/auto/FixedPointIterationFSMActor.xml
8 ms. Memory: 236544K Free: 169624K (72%)
----------------- Invoking toplevel() on ptolemy.moml.MoMLSimpleApplication@11b408c8
----------------- Done invoking toplevel() on ptolemy.moml.MoMLSimpleApplication@11b408c8
reloadAllAccessors: .FixedPointIterationFSMActor

===========================================================================================
----------------- testing Tue Oct 29 06:12:46 UTC 2019 /home/travis/build/icyphy/ptII/ptolemy/domains/modal/test/auto/FixedPointIterationFSMActor2.xml
----------------- Instantiating /home/travis/build/icyphy/ptII/ptolemy/domains/modal/test/auto/FixedPointIterationFSMActor2.xml
12 ms. Memory: 236544K Free: 157336K (67%)
----------------- Invoking toplevel() on ptolemy.moml.MoMLSimpleApplication@297fa35f
----------------- Done invoking toplevel() on ptolemy.moml.MoMLSimpleApplication@297fa35f
reloadAllAccessors: .FixedPointIterationFSMActor2

===========================================================================================
----------------- testing Tue Oct 29 06:12:46 UTC 2019 /home/travis/build/icyphy/ptII/ptolemy/domains/modal/test/auto/ForbiddenInstantanousLoop.xml
----------------- Instantiating /home/travis/build/icyphy/ptII/ptolemy/domains/modal/test/auto/ForbiddenInstantanousLoop.xml
6 ms. Memory: 236544K Free: 145048K (61%)
----------------- Invoking toplevel() on ptolemy.moml.MoMLSimpleApplication@ccb6788
----------------- Done invoking toplevel() on ptolemy.moml.MoMLSimpleApplication@ccb6788
reloadAllAccessors: .ForbiddenInstantanousLoop

===========================================================================================
----------------- testing Tue Oct 29 06:12:46 UTC 2019 /home/travis/build/icyphy/ptII/ptolemy/domains/modal/test/auto/FunctionDependencyOfFSMActorTest.xml
----------------- Instantiating /home/travis/build/icyphy/ptII/ptolemy/domains/modal/test/auto/FunctionDependencyOfFSMActorTest.xml
6 ms. Memory: 236544K Free: 137880K (58%)
----------------- Invoking toplevel() on ptolemy.moml.MoMLSimpleApplication@34e46665
----------------- Done invoking toplevel() on ptolemy.moml.MoMLSimpleApplication@34e46665
reloadAllAccessors: .FunctionDependencyOfFSMActorTest

===========================================================================================
----------------- testing Tue Oct 29 06:12:46 UTC 2019 /home/travis/build/icyphy/ptII/ptolemy/domains/modal/test/auto/GuardExpression.xml
----------------- Instantiating /home/travis/build/icyphy/ptII/ptolemy/domains/modal/test/auto/GuardExpression.xml
2 ms. Memory: 236544K Free: 132760K (56%)
----------------- Invoking toplevel() on ptolemy.moml.MoMLSimpleApplication@6472a45
----------------- Done invoking toplevel() on ptolemy.moml.MoMLSimpleApplication@6472a45
reloadAllAccessors: .GuardExpression

===========================================================================================
----------------- testing Tue Oct 29 06:12:46 UTC 2019 /home/travis/build/icyphy/ptII/ptolemy/domains/modal/test/auto/GuardNotEvaluated.xml
----------------- Instantiating /home/travis/build/icyphy/ptII/ptolemy/domains/modal/test/auto/GuardNotEvaluated.xml
8 ms. Memory: 236544K Free: 124040K (52%)
----------------- Invoking toplevel() on ptolemy.moml.MoMLSimpleApplication@2357cf99
----------------- Done invoking toplevel() on ptolemy.moml.MoMLSimpleApplication@2357cf99
reloadAllAccessors: .GuardNotEvaluated

===========================================================================================
----------------- testing Tue Oct 29 06:12:46 UTC 2019 /home/travis/build/icyphy/ptII/ptolemy/domains/modal/test/auto/GuardNotEvaluated2.xml
----------------- Instantiating /home/travis/build/icyphy/ptII/ptolemy/domains/modal/test/auto/GuardNotEvaluated2.xml
7 ms. Memory: 236544K Free: 114328K (48%)
----------------- Invoking toplevel() on ptolemy.moml.MoMLSimpleApplication@4101d8a2
----------------- Done invoking toplevel() on ptolemy.moml.MoMLSimpleApplication@4101d8a2
reloadAllAccessors: .GuardNotEvaluated2

===========================================================================================
----------------- testing Tue Oct 29 06:12:47 UTC 2019 /home/travis/build/icyphy/ptII/ptolemy/domains/modal/test/auto/GuardOnAbsent.xml
----------------- Instantiating /home/travis/build/icyphy/ptII/ptolemy/domains/modal/test/auto/GuardOnAbsent.xml
7 ms. Memory: 236544K Free: 106616K (45%)
----------------- Invoking toplevel() on ptolemy.moml.MoMLSimpleApplication@43a899c4
----------------- Done invoking toplevel() on ptolemy.moml.MoMLSimpleApplication@43a899c4
reloadAllAccessors: .GuardOnAbsent

===========================================================================================
----------------- testing Tue Oct 29 06:12:47 UTC 2019 /home/travis/build/icyphy/ptII/ptolemy/domains/modal/test/auto/HierarchicalFSMTypeInference.xml
----------------- Instantiating /home/travis/build/icyphy/ptII/ptolemy/domains/modal/test/auto/HierarchicalFSMTypeInference.xml
6 ms. Memory: 236544K Free: 96406K (41%)
----------------- Invoking toplevel() on ptolemy.moml.MoMLSimpleApplication@5b782b92
----------------- Done invoking toplevel() on ptolemy.moml.MoMLSimpleApplication@5b782b92
reloadAllAccessors: .HierarchicalFSMTypeInference

===========================================================================================
----------------- testing Tue Oct 29 06:12:47 UTC 2019 /home/travis/build/icyphy/ptII/ptolemy/domains/modal/test/auto/Hysteresis.xml
----------------- Instantiating /home/travis/build/icyphy/ptII/ptolemy/domains/modal/test/auto/Hysteresis.xml
18 ms. Memory: 236544K Free: 83080K (35%)
----------------- Invoking toplevel() on ptolemy.moml.MoMLSimpleApplication@7d85c5d2
----------------- Done invoking toplevel() on ptolemy.moml.MoMLSimpleApplication@7d85c5d2
reloadAllAccessors: .Hysteresis

===========================================================================================
----------------- testing Tue Oct 29 06:12:47 UTC 2019 /home/travis/build/icyphy/ptII/ptolemy/domains/modal/test/auto/HysteresisWithDefault.xml
----------------- Instantiating /home/travis/build/icyphy/ptII/ptolemy/domains/modal/test/auto/HysteresisWithDefault.xml
42 ms. Memory: 236544K Free: 195643K (83%)
----------------- Invoking toplevel() on ptolemy.moml.MoMLSimpleApplication@2b84f0aa
----------------- Done invoking toplevel() on ptolemy.moml.MoMLSimpleApplication@2b84f0aa
reloadAllAccessors: .HysteresisWithDefault

===========================================================================================
----------------- testing Tue Oct 29 06:12:47 UTC 2019 /home/travis/build/icyphy/ptII/ptolemy/domains/modal/test/auto/HysteresisWithDefault2.xml
----------------- Instantiating /home/travis/build/icyphy/ptII/ptolemy/domains/modal/test/auto/HysteresisWithDefault2.xml
53 ms. Memory: 236544K Free: 165958K (70%)
----------------- Invoking toplevel() on ptolemy.moml.MoMLSimpleApplication@254cf700
----------------- Done invoking toplevel() on ptolemy.moml.MoMLSimpleApplication@254cf700
reloadAllAccessors: .HysteresisWithDefault2

===========================================================================================
----------------- testing Tue Oct 29 06:12:47 UTC 2019 /home/travis/build/icyphy/ptII/ptolemy/domains/modal/test/auto/ImmediateNonConstructiveness.xml
----------------- Instantiating /home/travis/build/icyphy/ptII/ptolemy/domains/modal/test/auto/ImmediateNonConstructiveness.xml
3 ms. Memory: 236544K Free: 158779K (67%)
----------------- Invoking toplevel() on ptolemy.moml.MoMLSimpleApplication@5454e43d
----------------- Done invoking toplevel() on ptolemy.moml.MoMLSimpleApplication@5454e43d
reloadAllAccessors: .ImmediateNonConstructiveness

===========================================================================================
----------------- testing Tue Oct 29 06:12:47 UTC 2019 /home/travis/build/icyphy/ptII/ptolemy/domains/modal/test/auto/ImmediateNonConstructiveness2.xml
----------------- Instantiating /home/travis/build/icyphy/ptII/ptolemy/domains/modal/test/auto/ImmediateNonConstructiveness2.xml
3 ms. Memory: 236544K Free: 152139K (64%)
----------------- Invoking toplevel() on ptolemy.moml.MoMLSimpleApplication@1ca23ca
----------------- Done invoking toplevel() on ptolemy.moml.MoMLSimpleApplication@1ca23ca
reloadAllAccessors: .ImmediateNonConstructiveness2

===========================================================================================
----------------- testing Tue Oct 29 06:12:47 UTC 2019 /home/travis/build/icyphy/ptII/ptolemy/domains/modal/test/auto/ImmediateTransitionReset.xml
----------------- Instantiating /home/travis/build/icyphy/ptII/ptolemy/domains/modal/test/auto/ImmediateTransitionReset.xml
10 ms. Memory: 236544K Free: 140361K (59%)
----------------- Invoking toplevel() on ptolemy.moml.MoMLSimpleApplication@472485f8
----------------- Done invoking toplevel() on ptolemy.moml.MoMLSimpleApplication@472485f8
reloadAllAccessors: .ImmediateTransitionReset

===========================================================================================
----------------- testing Tue Oct 29 06:12:47 UTC 2019 /home/travis/build/icyphy/ptII/ptolemy/domains/modal/test/auto/ImmediateTransitions1.xml
----------------- Instantiating /home/travis/build/icyphy/ptII/ptolemy/domains/modal/test/auto/ImmediateTransitions1.xml
1 ms. Memory: 236544K Free: 135241K (57%)
----------------- Invoking toplevel() on ptolemy.moml.MoMLSimpleApplication@4f4640a4
----------------- Done invoking toplevel() on ptolemy.moml.MoMLSimpleApplication@4f4640a4
reloadAllAccessors: .ImmediateTransitions1

===========================================================================================
----------------- testing Tue Oct 29 06:12:47 UTC 2019 /home/travis/build/icyphy/ptII/ptolemy/domains/modal/test/auto/ImmediateTransitionsInstantaneousCommunication.xml
----------------- Instantiating /home/travis/build/icyphy/ptII/ptolemy/domains/modal/test/auto/ImmediateTransitionsInstantaneousCommunication.xml
5 ms. Memory: 236544K Free: 122939K (52%)
----------------- Invoking toplevel() on ptolemy.moml.MoMLSimpleApplication@72ae4650
----------------- Done invoking toplevel() on ptolemy.moml.MoMLSimpleApplication@72ae4650
reloadAllAccessors: .ImmediateTransitionsInstantaneousCommunication

===========================================================================================
----------------- testing Tue Oct 29 06:12:47 UTC 2019 /home/travis/build/icyphy/ptII/ptolemy/domains/modal/test/auto/InitialImmediateTransition.xml
----------------- Instantiating /home/travis/build/icyphy/ptII/ptolemy/domains/modal/test/auto/InitialImmediateTransition.xml
4 ms. Memory: 236544K Free: 115779K (49%)
----------------- Invoking toplevel() on ptolemy.moml.MoMLSimpleApplication@48f3e5ec
----------------- Done invoking toplevel() on ptolemy.moml.MoMLSimpleApplication@48f3e5ec
reloadAllAccessors: .InitialImmediateTransition

===========================================================================================
----------------- testing Tue Oct 29 06:12:47 UTC 2019 /home/travis/build/icyphy/ptII/ptolemy/domains/modal/test/auto/InitialOutputs.xml
----------------- Instantiating /home/travis/build/icyphy/ptII/ptolemy/domains/modal/test/auto/InitialOutputs.xml
5 ms. Memory: 236544K Free: 109131K (46%)
----------------- Invoking toplevel() on ptolemy.moml.MoMLSimpleApplication@69947bdf
----------------- Done invoking toplevel() on ptolemy.moml.MoMLSimpleApplication@69947bdf
reloadAllAccessors: .InitialOutputs

===========================================================================================
----------------- testing Tue Oct 29 06:12:47 UTC 2019 /home/travis/build/icyphy/ptII/ptolemy/domains/modal/test/auto/InitialStateTransition1.xml
----------------- Instantiating /home/travis/build/icyphy/ptII/ptolemy/domains/modal/test/auto/InitialStateTransition1.xml
4 ms. Memory: 236544K Free: 101963K (43%)
----------------- Invoking toplevel() on ptolemy.moml.MoMLSimpleApplication@5988141d
----------------- Done invoking toplevel() on ptolemy.moml.MoMLSimpleApplication@5988141d
reloadAllAccessors: .InitialStateTransition1

===========================================================================================
----------------- testing Tue Oct 29 06:12:47 UTC 2019 /home/travis/build/icyphy/ptII/ptolemy/domains/modal/test/auto/InitialStateTransition2.xml
----------------- Instantiating /home/travis/build/icyphy/ptII/ptolemy/domains/modal/test/auto/InitialStateTransition2.xml
.InitialStateTransition2.TestExceptionAttributeNonConstructive: initialize() was not invoked, but wrapup() was.  This is unusual, but not always a problem.  For example, exporting JNLP will do this.
8 ms. Memory: 236544K Free: 94795K (40%)
----------------- Invoking toplevel() on ptolemy.moml.MoMLSimpleApplication@121a79ed
----------------- Done invoking toplevel() on ptolemy.moml.MoMLSimpleApplication@121a79ed
reloadAllAccessors: .InitialStateTransition2

===========================================================================================
----------------- testing Tue Oct 29 06:12:47 UTC 2019 /home/travis/build/icyphy/ptII/ptolemy/domains/modal/test/auto/InitialStateTransition3.xml
----------------- Instantiating /home/travis/build/icyphy/ptII/ptolemy/domains/modal/test/auto/InitialStateTransition3.xml
5 ms. Memory: 236544K Free: 86601K (37%)
----------------- Invoking toplevel() on ptolemy.moml.MoMLSimpleApplication@26bdc7ca
----------------- Done invoking toplevel() on ptolemy.moml.MoMLSimpleApplication@26bdc7ca
reloadAllAccessors: .InitialStateTransition3

===========================================================================================
----------------- testing Tue Oct 29 06:12:47 UTC 2019 /home/travis/build/icyphy/ptII/ptolemy/domains/modal/test/auto/InitialStateTransition4.xml
----------------- Instantiating /home/travis/build/icyphy/ptII/ptolemy/domains/modal/test/auto/InitialStateTransition4.xml
3 ms. Memory: 236544K Free: 213559K (90%)
----------------- Invoking toplevel() on ptolemy.moml.MoMLSimpleApplication@67a45148
----------------- Done invoking toplevel() on ptolemy.moml.MoMLSimpleApplication@67a45148
[...]
reloadAllAccessors: .TerminationTransition3

===========================================================================================
----------------- testing Tue Oct 29 06:12:49 UTC 2019 /home/travis/build/icyphy/ptII/ptolemy/domains/modal/test/auto/TerminationTransition4.xml
----------------- Instantiating /home/travis/build/icyphy/ptII/ptolemy/domains/modal/test/auto/TerminationTransition4.xml
7 ms. Memory: 284672K Free: 144767K (51%)
----------------- Invoking toplevel() on ptolemy.moml.MoMLSimpleApplication@6600219
----------------- Done invoking toplevel() on ptolemy.moml.MoMLSimpleApplication@6600219
reloadAllAccessors: .TerminationTransition4

===========================================================================================
----------------- testing Tue Oct 29 06:12:49 UTC 2019 /home/travis/build/icyphy/ptII/ptolemy/domains/modal/test/auto/TerminationTransition5.xml
----------------- Instantiating /home/travis/build/icyphy/ptII/ptolemy/domains/modal/test/auto/TerminationTransition5.xml
2 ms. Memory: 284672K Free: 130941K (46%)
----------------- Invoking toplevel() on ptolemy.moml.MoMLSimpleApplication@2c8ba2c
----------------- Done invoking toplevel() on ptolemy.moml.MoMLSimpleApplication@2c8ba2c
reloadAllAccessors: .TerminationTransition5

===========================================================================================
----------------- testing Tue Oct 29 06:12:49 UTC 2019 /home/travis/build/icyphy/ptII/ptolemy/domains/modal/test/auto/TerminationTransition6.xml
----------------- Instantiating /home/travis/build/icyphy/ptII/ptolemy/domains/modal/test/auto/TerminationTransition6.xml
1 ms. Memory: 284672K Free: 122749K (43%)
----------------- Invoking toplevel() on ptolemy.moml.MoMLSimpleApplication@32a00187
----------------- Done invoking toplevel() on ptolemy.moml.MoMLSimpleApplication@32a00187
reloadAllAccessors: .TerminationTransition6

===========================================================================================
----------------- testing Tue Oct 29 06:12:49 UTC 2019 /home/travis/build/icyphy/ptII/ptolemy/domains/modal/test/auto/TerminationTransition7.xml
----------------- Instantiating /home/travis/build/icyphy/ptII/ptolemy/domains/modal/test/auto/TerminationTransition7.xml
3 ms. Memory: 284672K Free: 113533K (40%)
----------------- Invoking toplevel() on ptolemy.moml.MoMLSimpleApplication@30f306da
----------------- Done invoking toplevel() on ptolemy.moml.MoMLSimpleApplication@30f306da
reloadAllAccessors: .TerminationTransition7

===========================================================================================
----------------- testing Tue Oct 29 06:12:49 UTC 2019 /home/travis/build/icyphy/ptII/ptolemy/domains/modal/test/auto/TerminationTransition8.xml
----------------- Instantiating /home/travis/build/icyphy/ptII/ptolemy/domains/modal/test/auto/TerminationTransition8.xml
2 ms. Memory: 284672K Free: 104317K (37%)
----------------- Invoking toplevel() on ptolemy.moml.MoMLSimpleApplication@4a65bc97
----------------- Done invoking toplevel() on ptolemy.moml.MoMLSimpleApplication@4a65bc97
reloadAllAccessors: .TerminationTransition8

===========================================================================================
----------------- testing Tue Oct 29 06:12:49 UTC 2019 /home/travis/build/icyphy/ptII/ptolemy/domains/modal/test/auto/Thermostat_NoHysteresis.xml
----------------- Instantiating /home/travis/build/icyphy/ptII/ptolemy/domains/modal/test/auto/Thermostat_NoHysteresis.xml
26 ms. Memory: 284672K Free: 245246K (86%)
----------------- Invoking toplevel() on ptolemy.moml.MoMLSimpleApplication@72ff5e35
----------------- Done invoking toplevel() on ptolemy.moml.MoMLSimpleApplication@72ff5e35
reloadAllAccessors: .Thermostat_NoHysteresis

===========================================================================================
----------------- testing Tue Oct 29 06:12:50 UTC 2019 /home/travis/build/icyphy/ptII/ptolemy/domains/modal/test/auto/TimedFSM.xml
----------------- Instantiating /home/travis/build/icyphy/ptII/ptolemy/domains/modal/test/auto/TimedFSM.xml
9 ms. Memory: 284672K Free: 233472K (82%)
----------------- Invoking toplevel() on ptolemy.moml.MoMLSimpleApplication@8f26b38
----------------- Done invoking toplevel() on ptolemy.moml.MoMLSimpleApplication@8f26b38
reloadAllAccessors: .TimedFSM

===========================================================================================
----------------- testing Tue Oct 29 06:12:50 UTC 2019 /home/travis/build/icyphy/ptII/ptolemy/domains/modal/test/auto/Timeout1.xml
----------------- Instantiating /home/travis/build/icyphy/ptII/ptolemy/domains/modal/test/auto/Timeout1.xml
3 ms. Memory: 284672K Free: 227823K (80%)
----------------- Invoking toplevel() on ptolemy.moml.MoMLSimpleApplication@702b806f
----------------- Done invoking toplevel() on ptolemy.moml.MoMLSimpleApplication@702b806f
reloadAllAccessors: .Timeout1

===========================================================================================
----------------- testing Tue Oct 29 06:12:50 UTC 2019 /home/travis/build/icyphy/ptII/ptolemy/domains/modal/test/auto/Timeout2.xml
----------------- Instantiating /home/travis/build/icyphy/ptII/ptolemy/domains/modal/test/auto/Timeout2.xml
7 ms. Memory: 284672K Free: 219136K (77%)
----------------- Invoking toplevel() on ptolemy.moml.MoMLSimpleApplication@4e7e011e
----------------- Done invoking toplevel() on ptolemy.moml.MoMLSimpleApplication@4e7e011e
reloadAllAccessors: .Timeout2

===========================================================================================
----------------- testing Tue Oct 29 06:12:50 UTC 2019 /home/travis/build/icyphy/ptII/ptolemy/domains/modal/test/auto/Timeout3.xml
----------------- Instantiating /home/travis/build/icyphy/ptII/ptolemy/domains/modal/test/auto/Timeout3.xml
3 ms. Memory: 284672K Free: 214016K (75%)
----------------- Invoking toplevel() on ptolemy.moml.MoMLSimpleApplication@5ed36e96
----------------- Done invoking toplevel() on ptolemy.moml.MoMLSimpleApplication@5ed36e96
reloadAllAccessors: .Timeout3

===========================================================================================
----------------- testing Tue Oct 29 06:12:50 UTC 2019 /home/travis/build/icyphy/ptII/ptolemy/domains/modal/test/auto/Timeout4.xml
----------------- Instantiating /home/travis/build/icyphy/ptII/ptolemy/domains/modal/test/auto/Timeout4.xml
2 ms. Memory: 284672K Free: 208896K (73%)
----------------- Invoking toplevel() on ptolemy.moml.MoMLSimpleApplication@ea11377
----------------- Done invoking toplevel() on ptolemy.moml.MoMLSimpleApplication@ea11377
reloadAllAccessors: .Timeout4

===========================================================================================
----------------- testing Tue Oct 29 06:12:50 UTC 2019 /home/travis/build/icyphy/ptII/ptolemy/domains/modal/test/auto/TransientstateModelAdvanced.xml
----------------- Instantiating /home/travis/build/icyphy/ptII/ptolemy/domains/modal/test/auto/TransientstateModelAdvanced.xml
4 ms. Memory: 284672K Free: 196608K (69%)
----------------- Invoking toplevel() on ptolemy.moml.MoMLSimpleApplication@5ca87726
----------------- Done invoking toplevel() on ptolemy.moml.MoMLSimpleApplication@5ca87726
reloadAllAccessors: .TransientstateModelAdvanced

===========================================================================================
----------------- testing Tue Oct 29 06:12:50 UTC 2019 /home/travis/build/icyphy/ptII/ptolemy/domains/modal/test/auto/TransientstateModelAdvanced2.xml
----------------- Instantiating /home/travis/build/icyphy/ptII/ptolemy/domains/modal/test/auto/TransientstateModelAdvanced2.xml
4 ms. Memory: 284672K Free: 182272K (64%)
----------------- Invoking toplevel() on ptolemy.moml.MoMLSimpleApplication@78a75110
----------------- Done invoking toplevel() on ptolemy.moml.MoMLSimpleApplication@78a75110
reloadAllAccessors: .transientstatemodelAdvanced

===========================================================================================
----------------- testing Tue Oct 29 06:12:50 UTC 2019 /home/travis/build/icyphy/ptII/ptolemy/domains/modal/test/auto/TransitionRefinements.xml
----------------- Instantiating /home/travis/build/icyphy/ptII/ptolemy/domains/modal/test/auto/TransitionRefinements.xml
8 ms. Memory: 284672K Free: 172527K (61%)
----------------- Invoking toplevel() on ptolemy.moml.MoMLSimpleApplication@591cafc2
----------------- Done invoking toplevel() on ptolemy.moml.MoMLSimpleApplication@591cafc2
reloadAllAccessors: .TransitionRefinements

===========================================================================================
----------------- testing Tue Oct 29 06:12:50 UTC 2019 /home/travis/build/icyphy/ptII/ptolemy/domains/modal/test/auto/TwoRefinements1.xml
----------------- Instantiating /home/travis/build/icyphy/ptII/ptolemy/domains/modal/test/auto/TwoRefinements1.xml
3 ms. Memory: 284672K Free: 162302K (57%)
----------------- Invoking toplevel() on ptolemy.moml.MoMLSimpleApplication@3febdca0
----------------- Done invoking toplevel() on ptolemy.moml.MoMLSimpleApplication@3febdca0
reloadAllAccessors: .TwoRefinements1

===========================================================================================
----------------- testing Tue Oct 29 06:12:50 UTC 2019 /home/travis/build/icyphy/ptII/ptolemy/domains/modal/test/auto/TwoRefinements2.xml
----------------- Instantiating /home/travis/build/icyphy/ptII/ptolemy/domains/modal/test/auto/TwoRefinements2.xml
3 ms. Memory: 284672K Free: 152062K (53%)
----------------- Invoking toplevel() on ptolemy.moml.MoMLSimpleApplication@797c433c
----------------- Done invoking toplevel() on ptolemy.moml.MoMLSimpleApplication@797c433c
reloadAllAccessors: .TwoRefinements2

===========================================================================================
----------------- testing Tue Oct 29 06:12:50 UTC 2019 /home/travis/build/icyphy/ptII/ptolemy/domains/modal/test/auto/WeakImmediateTransition.xml
----------------- Instantiating /home/travis/build/icyphy/ptII/ptolemy/domains/modal/test/auto/WeakImmediateTransition.xml
3 ms. Memory: 284672K Free: 143360K (50%)
----------------- Invoking toplevel() on ptolemy.moml.MoMLSimpleApplication@7d3f09ae
----------------- Done invoking toplevel() on ptolemy.moml.MoMLSimpleApplication@7d3f09ae
reloadAllAccessors: .WeakImmediateTransition

===========================================================================================
----------------- testing Tue Oct 29 06:12:50 UTC 2019 /home/travis/build/icyphy/ptII/ptolemy/domains/modal/test/auto/booleanSelect.xml
----------------- Instantiating /home/travis/build/icyphy/ptII/ptolemy/domains/modal/test/auto/booleanSelect.xml
42 ms. Memory: 284672K Free: 124928K (44%)
----------------- Invoking toplevel() on ptolemy.moml.MoMLSimpleApplication@2c56176a
----------------- Done invoking toplevel() on ptolemy.moml.MoMLSimpleApplication@2c56176a
reloadAllAccessors: .booleanSelect

===========================================================================================
----------------- testing Tue Oct 29 06:12:50 UTC 2019 /home/travis/build/icyphy/ptII/ptolemy/domains/modal/test/auto/modalChangingParams.xml
----------------- Instantiating /home/travis/build/icyphy/ptII/ptolemy/domains/modal/test/auto/modalChangingParams.xml
0
1
0
2
4
6
8
7
0
2
4
6
8
13
0
2
4
6
8
19
0
2
4
6
8
25
0
2
4
6
8
31
0
2
4
6
8
37
0
2
4
6
8
43
0
2
4
6
8
49
0
2
4
6
8
55
0
2
4
6
8
61
0
2
4
6
8
67
0
2
4
6
8
73
0
2
4
6
8
79
0
2
4
6
8
85
0
2
4
6
8
91
0
2
4
6
8
97
0
2
4
6
8
103
0
2
4
6
8
109
0
2
4
6
8
115
0
2
4
6
8
121
0
2
4
6
8
127
0
2
4
6
8
133
0
2
4
6
8
139
0
2
4
6
8
145
0
2
4
6
8
151
0
2
4
6
8
157
0
2
4
6
8
163
0
2
4
6
8
169
0
2
4
6
8
175
0
2
4
6
8
181
0
2
4
6
8
187
0
2
4
6
8
193
0
2
4
6
8
199
0
2
4
6
8
205
0
2
4
6
8
211
0
2
4
6
8
217
0
2
4
6
8
223
0
2
4
6
8
229
0
2
4
6
8
235
0
2
4
6
8
241
0
2
4
6
8
247
0
2
4
6
8
253
0
2
4
6
8
259
0
2
4
6
8
265
0
2
4
6
8
271
0
2
4
6
8
277
0
2
4
6
8
283
0
2
4
6
8
289
0
2
4
6
8
295
0
2
4
6
8
301
0
2
4
6
8
307
0
2
4
6
8
313
0
2
4
6
8
319
0
2
4
6
8
325
0
2
4
6
8
331
0
2
4
6
8
337
0
2
4
6
8
343
0
2
4
6
8
349
0
2
4
6
8
355
0
2
4
6
8
361
0
2
4
6
8
367
0
2
4
6
8
373
0
2
4
6
8
379
0
2
4
6
8
385
0
2
4
6
8
391
0
2
4
6
8
397
0
2
4
6
8
403
0
2
4
6
8
409
0
2
4
6
8
415
0
2
4
6
8
421
0
2
4
6
8
427
0
2
4
6
8
433
0
2
4
6
8
439
0
2
4
6
8
445
0
2
4
6
8
451
0
2
4
6
8
457
0
2
4
6
8
463
0
2
4
6
8
469
0
2
4
6
8
475
0
2
4
6
8
481
0
2
4
6
8
487
0
2
4
6
8
493
0
2
4
6
8
499
0
2
4
6
8
505
0
2
4
6
8
511
0
2
4
6
8
517
0
2
4
6
8
523
0
2
4
6
8
529
0
2
4
6
8
535
0
2
4
6
8
541
0
2
4
6
8
547
0
2
4
6
8
553
0
2
4
6
8
559
0
2
4
6
8
565
0
2
4
6
8
571
0
2
4
6
8
577
0
2
4
6
8
583
0
2
4
6
8
589
0
2
4
6
8
595
0
2
4
6
8
601
0
2
4
6
8
607
0
2
4
6
8
613
0
2
4
6
8
619
0
2
4
6
8
625
0
2
4
6
8
631
0
2
4
6
8
637
0
2
4
6
8
643
0
2
4
6
8
649
0
2
4
6
8
655
0
2
4
6
8
661
0
2
4
6
8
667
0
2
4
6
8
673
0
2
4
6
8
679
0
2
4
6
8
685
0
2
4
6
8
691
0
2
4
6
8
697
0
2
4
6
8
703
0
2
4
6
8
709
0
2
4
6
8
715
0
2
4
6
8
721
0
2
4
6
8
727
0
2
4
6
8
733
0
2
4
6
8
739
0
2
4
6
8
745
0
2
4
6
8
751
0
2
4
6
8
757
0
2
4
6
8
763
0
2
4
6
8
769
0
2
4
6
8
775
0
2
4
6
8
781
0
2
4
6
8
787
0
2
4
6
8
793
0
2
4
6
8
799
0
2
4
6
8
805
0
2
4
6
8
811
0
2
4
6
8
817
0
2
4
6
8
823
0
2
4
6
8
829
0
2
4
6
8
835
0
2
4
6
8
841
0
2
4
6
8
847
0
2
4
6
8
853
0
2
4
6
8
859
0
2
4
6
8
865
0
2
4
6
8
871
0
2
4
6
8
877
0
2
4
6
8
883
0
2
4
6
8
889
0
2
4
6
8
895
0
2
4
6
8
901
0
2
4
6
8
907
0
2
4
6
8
913
0
2
4
6
8
919
0
2
4
6
8
925
0
2
4
6
8
931
0
2
4
6
8
937
0
2
4
6
8
943
0
2
4
6
8
949
0
2
4
6
8
955
0
2
4
6
8
961
0
2
4
6
8
967
0
2
4
6
8
973
0
2
4
6
8
979
0
2
4
6
8
985
0
2
4
6
8
991
0
2
4
6
8
997
0
2
391 ms. Memory: 342016K Free: 234611K (69%)
----------------- Invoking toplevel() on ptolemy.moml.MoMLSimpleApplication@541faf99
----------------- Done invoking toplevel() on ptolemy.moml.MoMLSimpleApplication@541faf99
reloadAllAccessors: .modalChangingParams

===========================================================================================
----------------- testing Tue Oct 29 06:12:50 UTC 2019 /home/travis/build/icyphy/ptII/ptolemy/domains/modal/test/auto/modalModel.xml
----------------- Instantiating /home/travis/build/icyphy/ptII/ptolemy/domains/modal/test/auto/modalModel.xml
7 ms. Memory: 342016K Free: 225395K (66%)
----------------- Invoking toplevel() on ptolemy.moml.MoMLSimpleApplication@c63ef1d
----------------- Done invoking toplevel() on ptolemy.moml.MoMLSimpleApplication@c63ef1d
reloadAllAccessors: .modalModel

===========================================================================================
----------------- testing Tue Oct 29 06:12:50 UTC 2019 /home/travis/build/icyphy/ptII/ptolemy/domains/modal/test/auto/modalModel2.xml
----------------- Instantiating /home/travis/build/icyphy/ptII/ptolemy/domains/modal/test/auto/modalModel2.xml
12 ms. Memory: 342016K Free: 214627K (63%)
----------------- Invoking toplevel() on ptolemy.moml.MoMLSimpleApplication@2e313ec0
----------------- Done invoking toplevel() on ptolemy.moml.MoMLSimpleApplication@2e313ec0
reloadAllAccessors: .modalModel2

===========================================================================================
----------------- testing Tue Oct 29 06:12:50 UTC 2019 /home/travis/build/icyphy/ptII/ptolemy/domains/modal/test/auto/modalModel3.xml
----------------- Instantiating /home/travis/build/icyphy/ptII/ptolemy/domains/modal/test/auto/modalModel3.xml
0	0	0
1	0	1
4	2	2
7	4	3
10	6	4
5	0	5
8	2	6
11	4	7
14	6	8
9	0	9
12	2	10
15	4	11
18	6	12
13	0	13
16	2	14
19 ms. Memory: 342016K Free: 200305K (59%)
----------------- Invoking toplevel() on ptolemy.moml.MoMLSimpleApplication@1dbdf846
----------------- Done invoking toplevel() on ptolemy.moml.MoMLSimpleApplication@1dbdf846
reloadAllAccessors: .modalModel3

===========================================================================================
----------------- testing Tue Oct 29 06:12:50 UTC 2019 /home/travis/build/icyphy/ptII/ptolemy/domains/modal/test/auto/model1.xml
----------------- Instantiating /home/travis/build/icyphy/ptII/ptolemy/domains/modal/test/auto/model1.xml
13 ms. Memory: 342016K Free: 194675K (57%)
----------------- Invoking toplevel() on ptolemy.moml.MoMLSimpleApplication@6f5b73e7
----------------- Done invoking toplevel() on ptolemy.moml.MoMLSimpleApplication@6f5b73e7
reloadAllAccessors: .model1

===========================================================================================
----------------- testing Tue Oct 29 06:12:51 UTC 2019 /home/travis/build/icyphy/ptII/ptolemy/domains/modal/test/auto/test-direct-in-out.xml
----------------- Instantiating /home/travis/build/icyphy/ptII/ptolemy/domains/modal/test/auto/test-direct-in-out.xml
6 ms. Memory: 342016K Free: 186977K (55%)
----------------- Invoking toplevel() on ptolemy.moml.MoMLSimpleApplication@69f522ea
----------------- Done invoking toplevel() on ptolemy.moml.MoMLSimpleApplication@69f522ea
reloadAllAccessors: .test-direct-in-out
AutoTests.java: About to close Vertx.
AutoTests.java: Vertx closed.
]]></system-out>
  <system-err><![CDATA[java.lang.RuntimeException: Execution failed
	at ptolemy.moml.MoMLSimpleApplication$UnloadThread.run(MoMLSimpleApplication.java:402)
Caused by: ptolemy.kernel.util.IllegalActionException: Unknown inputs remain. Possible causality loop:
L_model_1893289564i

  in .CannotAnalysisWithPreemption.model_1893289564_region_1 and .CannotAnalysisWithPreemption.model_1893289564_region_1.L_model_1893289564i
	at ptolemy.actor.sched.FixedPointDirector.postfire(FixedPointDirector.java:515)
	at ptolemy.domains.sr.kernel.SRDirector.postfire(SRDirector.java:417)
	at ptolemy.actor.CompositeActor.postfire(CompositeActor.java:1668)
	at ptolemy.actor.Manager.iterate(Manager.java:852)
	at ptolemy.actor.Manager.execute(Manager.java:369)
	at ptolemy.actor.Manager.run(Manager.java:1263)
	at ptolemy.actor.Manager$PtolemyRunThread.run(Manager.java:1933)
java.lang.reflect.InvocationTargetException
	at java.base/jdk.internal.reflect.NativeConstructorAccessorImpl.newInstance0(Native Method)
	at java.base/jdk.internal.reflect.NativeConstructorAccessorImpl.newInstance(NativeConstructorAccessorImpl.java:62)
	at java.base/jdk.internal.reflect.DelegatingConstructorAccessorImpl.newInstance(DelegatingConstructorAccessorImpl.java:45)
	at java.base/java.lang.reflect.Constructor.newInstance(Constructor.java:490)
	at ptolemy.util.test.junit.AutoKnownFailedTests.RunModel(AutoKnownFailedTests.java:105)
	at java.base/jdk.internal.reflect.NativeMethodAccessorImpl.invoke0(Native Method)
	at java.base/jdk.internal.reflect.NativeMethodAccessorImpl.invoke(NativeMethodAccessorImpl.java:62)
	at java.base/jdk.internal.reflect.DelegatingMethodAccessorImpl.invoke(DelegatingMethodAccessorImpl.java:43)
	at java.base/java.lang.reflect.Method.invoke(Method.java:566)
	at org.junit.runners.model.FrameworkMethod$1.runReflectiveCall(FrameworkMethod.java:44)
	at org.junit.internal.runners.model.ReflectiveCallable.run(ReflectiveCallable.java:15)
	at org.junit.runners.model.FrameworkMethod.invokeExplosively(FrameworkMethod.java:41)
	at junitparams.internal.InvokeParameterisedMethod.evaluate(InvokeParameterisedMethod.java:102)
	at org.junit.internal.runners.statements.FailOnTimeout$1.run(FailOnTimeout.java:28)
Caused by: ptolemy.kernel.util.IllegalActionException: Unknown inputs remain. Possible causality loop:
L_model_1893289564i

  in .CannotAnalysisWithPreemption.model_1893289564_region_1 and .CannotAnalysisWithPreemption.model_1893289564_region_1.L_model_1893289564i
	at ptolemy.actor.sched.FixedPointDirector.postfire(FixedPointDirector.java:515)
	at ptolemy.domains.sr.kernel.SRDirector.postfire(SRDirector.java:417)
	at ptolemy.actor.CompositeActor.postfire(CompositeActor.java:1668)
	at ptolemy.actor.Manager.iterate(Manager.java:852)
	at ptolemy.actor.Manager.execute(Manager.java:369)
	at ptolemy.actor.Manager.run(Manager.java:1263)
	at ptolemy.actor.Manager$PtolemyRunThread.run(Manager.java:1933)
]]></system-err>
</testsuite>
