<?xml version="1.0" encoding="UTF-8" ?>
<testsuite errors="0" failures="0" hostname="travis-job-acec8d11-7b14-44b9-882f-d2bcf25dca51" name="ptolemy.domains.de.test.junit.JUnitTclTest" skipped="0" tests="101" time="132.39" timestamp="2019-12-14T06:25:55">
  <properties>
[...]
</properties>
  <testcase classname="ptolemy.util.test.junit.TclTests" name="[0] /home/travis/build/icyphy/ptII/ptolemy/domains/de/test/DependencyLoop.tcl (RunTclFile)" time="1.11" />
  <testcase classname="ptolemy.util.test.junit.TclTests" name="[1] /home/travis/build/icyphy/ptII/ptolemy/domains/de/test/RunDETestsAsQSS.tcl (RunTclFile)" time="89.865" />
  <testcase classname="ptolemy.util.test.junit.AutoKnownFailedTests" name="[0] /home/travis/build/icyphy/ptII/ptolemy/domains/de/test/auto/knownFailedTests/DESDFClockTest.xml (RunModel)" time="2.051" />
  <testcase classname="ptolemy.util.test.junit.AutoKnownFailedTests" name="[1] /home/travis/build/icyphy/ptII/ptolemy/domains/de/test/auto/knownFailedTests/DirectFeedback.xml (RunModel)" time="0.022" />
  <testcase classname="ptolemy.util.test.junit.AutoKnownFailedTests" name="[2] /home/travis/build/icyphy/ptII/ptolemy/domains/de/test/auto/knownFailedTests/FSMSource.xml (RunModel)" time="0.03" />
  <testcase classname="ptolemy.util.test.junit.AutoKnownFailedTests" name="[3] /home/travis/build/icyphy/ptII/ptolemy/domains/de/test/auto/knownFailedTests/HierarchicalModel.xml (RunModel)" time="0.053" />
  <testcase classname="ptolemy.util.test.junit.AutoKnownFailedTests" name="[4] /home/travis/build/icyphy/ptII/ptolemy/domains/de/test/auto/knownFailedTests/dependencyLoop.xml (RunModel)" time="0.049" />
  <testcase classname="ptolemy.util.test.junit.AutoKnownFailedTests" name="[5] /home/travis/build/icyphy/ptII/ptolemy/domains/de/test/auto/knownFailedTests/dependencyLoop2.xml (RunModel)" time="0.043" />
  <testcase classname="ptolemy.util.test.junit.AutoNameArchTests" name="[0] ThereAreNoAutoArchTests (RunModel)" time="0.004" />
  <testcase classname="ptolemy.util.test.junit.AutoTests" name="[0] /home/travis/build/icyphy/ptII/ptolemy/domains/de/test/auto/ActorDepthCalculation_actorWithoutPorts.xml (RunModel)" time="0.022" />
  <testcase classname="ptolemy.util.test.junit.AutoTests" name="[1] /home/travis/build/icyphy/ptII/ptolemy/domains/de/test/auto/AssemblyLine.xml (RunModel)" time="0.022" />
  <testcase classname="ptolemy.util.test.junit.AutoTests" name="[2] /home/travis/build/icyphy/ptII/ptolemy/domains/de/test/auto/CQBug1.xml (RunModel)" time="0.012" />
  <testcase classname="ptolemy.util.test.junit.AutoTests" name="[3] /home/travis/build/icyphy/ptII/ptolemy/domains/de/test/auto/CancelFireAt.xml (RunModel)" time="0.015" />
  <testcase classname="ptolemy.util.test.junit.AutoTests" name="[4] /home/travis/build/icyphy/ptII/ptolemy/domains/de/test/auto/CausalityAndComposabilityAnalysis.xml (RunModel)" time="0.02" />
  <testcase classname="ptolemy.util.test.junit.AutoTests" name="[5] /home/travis/build/icyphy/ptII/ptolemy/domains/de/test/auto/CausalityInterface1.xml (RunModel)" time="0.024" />
  <testcase classname="ptolemy.util.test.junit.AutoTests" name="[6] /home/travis/build/icyphy/ptII/ptolemy/domains/de/test/auto/CausalityInterface15.xml (RunModel)" time="0.02" />
  <testcase classname="ptolemy.util.test.junit.AutoTests" name="[7] /home/travis/build/icyphy/ptII/ptolemy/domains/de/test/auto/CausalityInterface2.xml (RunModel)" time="0.021" />
  <testcase classname="ptolemy.util.test.junit.AutoTests" name="[8] /home/travis/build/icyphy/ptII/ptolemy/domains/de/test/auto/CausalityInterface3.xml (RunModel)" time="0.013" />
  <testcase classname="ptolemy.util.test.junit.AutoTests" name="[9] /home/travis/build/icyphy/ptII/ptolemy/domains/de/test/auto/ClockDrift.xml (RunModel)" time="0.035" />
  <testcase classname="ptolemy.util.test.junit.AutoTests" name="[10] /home/travis/build/icyphy/ptII/ptolemy/domains/de/test/auto/ClockDriftAndValueChange.xml (RunModel)" time="0.034" />
  <testcase classname="ptolemy.util.test.junit.AutoTests" name="[11] /home/travis/build/icyphy/ptII/ptolemy/domains/de/test/auto/ClockDriftChange.xml (RunModel)" time="0.033" />
  <testcase classname="ptolemy.util.test.junit.AutoTests" name="[12] /home/travis/build/icyphy/ptII/ptolemy/domains/de/test/auto/ComposableCausalityAnalysis.xml (RunModel)" time="0.016" />
  <testcase classname="ptolemy.util.test.junit.AutoTests" name="[13] /home/travis/build/icyphy/ptII/ptolemy/domains/de/test/auto/DEFixedPointLimitation.xml (RunModel)" time="0.01" />
  <testcase classname="ptolemy.util.test.junit.AutoTests" name="[14] /home/travis/build/icyphy/ptII/ptolemy/domains/de/test/auto/DEScheduleTest.xml (RunModel)" time="0.017" />
  <testcase classname="ptolemy.util.test.junit.AutoTests" name="[15] /home/travis/build/icyphy/ptII/ptolemy/domains/de/test/auto/DEinDEwithStartTimes.xml (RunModel)" time="0.018" />
  <testcase classname="ptolemy.util.test.junit.AutoTests" name="[16] /home/travis/build/icyphy/ptII/ptolemy/domains/de/test/auto/DEinDEwithStartTimes2.xml (RunModel)" time="0.022" />
  <testcase classname="ptolemy.util.test.junit.AutoTests" name="[17] /home/travis/build/icyphy/ptII/ptolemy/domains/de/test/auto/DateDemo.xml (RunModel)" time="0.054" />
  <testcase classname="ptolemy.util.test.junit.AutoTests" name="[18] /home/travis/build/icyphy/ptII/ptolemy/domains/de/test/auto/DateToEvent.xml (RunModel)" time="2.048" />
  <testcase classname="ptolemy.util.test.junit.AutoTests" name="[19] /home/travis/build/icyphy/ptII/ptolemy/domains/de/test/auto/DepthTest1.xml (RunModel)" time="0.01" />
  <testcase classname="ptolemy.util.test.junit.AutoTests" name="[20] /home/travis/build/icyphy/ptII/ptolemy/domains/de/test/auto/DepthTest2.xml (RunModel)" time="0.025" />
  <testcase classname="ptolemy.util.test.junit.AutoTests" name="[21] /home/travis/build/icyphy/ptII/ptolemy/domains/de/test/auto/DepthTest3.xml (RunModel)" time="0.013" />
  <testcase classname="ptolemy.util.test.junit.AutoTests" name="[22] /home/travis/build/icyphy/ptII/ptolemy/domains/de/test/auto/DepthTest4.xml (RunModel)" time="0.021" />
  <testcase classname="ptolemy.util.test.junit.AutoTests" name="[23] /home/travis/build/icyphy/ptII/ptolemy/domains/de/test/auto/DepthTest5.xml (RunModel)" time="0.017" />
  <testcase classname="ptolemy.util.test.junit.AutoTests" name="[24] /home/travis/build/icyphy/ptII/ptolemy/domains/de/test/auto/DepthTest6.xml (RunModel)" time="0.013" />
  <testcase classname="ptolemy.util.test.junit.AutoTests" name="[25] /home/travis/build/icyphy/ptII/ptolemy/domains/de/test/auto/DepthTest7.xml (RunModel)" time="0.018" />
  <testcase classname="ptolemy.util.test.junit.AutoTests" name="[26] /home/travis/build/icyphy/ptII/ptolemy/domains/de/test/auto/EventToDate.xml (RunModel)" time="3.038" />
  <testcase classname="ptolemy.util.test.junit.AutoTests" name="[27] /home/travis/build/icyphy/ptII/ptolemy/domains/de/test/auto/FSM1.xml (RunModel)" time="0.04" />
  <testcase classname="ptolemy.util.test.junit.AutoTests" name="[28] /home/travis/build/icyphy/ptII/ptolemy/domains/de/test/auto/FSM7.xml (RunModel)" time="0.05" />
  <testcase classname="ptolemy.util.test.junit.AutoTests" name="[29] /home/travis/build/icyphy/ptII/ptolemy/domains/de/test/auto/Inspection.xml (RunModel)" time="0.052" />
  <testcase classname="ptolemy.util.test.junit.AutoTests" name="[30] /home/travis/build/icyphy/ptII/ptolemy/domains/de/test/auto/Iteration.xml (RunModel)" time="0.026" />
  <testcase classname="ptolemy.util.test.junit.AutoTests" name="[31] /home/travis/build/icyphy/ptII/ptolemy/domains/de/test/auto/LineFault.xml (RunModel)" time="0.621" />
  <testcase classname="ptolemy.util.test.junit.AutoTests" name="[32] /home/travis/build/icyphy/ptII/ptolemy/domains/de/test/auto/MergeModel1Add.xml (RunModel)" time="0.051" />
  <testcase classname="ptolemy.util.test.junit.AutoTests" name="[33] /home/travis/build/icyphy/ptII/ptolemy/domains/de/test/auto/MergeModel2Add.xml (RunModel)" time="0.035" />
  <testcase classname="ptolemy.util.test.junit.AutoTests" name="[34] /home/travis/build/icyphy/ptII/ptolemy/domains/de/test/auto/MergeModel3Add.xml (RunModel)" time="0.049" />
  <testcase classname="ptolemy.util.test.junit.AutoTests" name="[35] /home/travis/build/icyphy/ptII/ptolemy/domains/de/test/auto/MergeWithoutDiscard.xml (RunModel)" time="0.015" />
  <testcase classname="ptolemy.util.test.junit.AutoTests" name="[36] /home/travis/build/icyphy/ptII/ptolemy/domains/de/test/auto/Modal1.xml (RunModel)" time="0.025" />
  <testcase classname="ptolemy.util.test.junit.AutoTests" name="[37] /home/travis/build/icyphy/ptII/ptolemy/domains/de/test/auto/Modal2.xml (RunModel)" time="0.03" />
  <testcase classname="ptolemy.util.test.junit.AutoTests" name="[38] /home/travis/build/icyphy/ptII/ptolemy/domains/de/test/auto/Modal3.xml (RunModel)" time="0.026" />
  <testcase classname="ptolemy.util.test.junit.AutoTests" name="[39] /home/travis/build/icyphy/ptII/ptolemy/domains/de/test/auto/Modal4.xml (RunModel)" time="0.043" />
  <testcase classname="ptolemy.util.test.junit.AutoTests" name="[40] /home/travis/build/icyphy/ptII/ptolemy/domains/de/test/auto/Modal5.xml (RunModel)" time="0.03" />
  <testcase classname="ptolemy.util.test.junit.AutoTests" name="[41] /home/travis/build/icyphy/ptII/ptolemy/domains/de/test/auto/Modal6.xml (RunModel)" time="0.036" />
  <testcase classname="ptolemy.util.test.junit.AutoTests" name="[42] /home/travis/build/icyphy/ptII/ptolemy/domains/de/test/auto/Modal7.xml (RunModel)" time="0.04" />
  <testcase classname="ptolemy.util.test.junit.AutoTests" name="[43] /home/travis/build/icyphy/ptII/ptolemy/domains/de/test/auto/ModalModel.xml (RunModel)" time="0.171" />
  <testcase classname="ptolemy.util.test.junit.AutoTests" name="[44] /home/travis/build/icyphy/ptII/ptolemy/domains/de/test/auto/ModalSource.xml (RunModel)" time="0.026" />
  <testcase classname="ptolemy.util.test.junit.AutoTests" name="[45] /home/travis/build/icyphy/ptII/ptolemy/domains/de/test/auto/NonInterruptibleTimerZeroDelay.xml (RunModel)" time="0.012" />
  <testcase classname="ptolemy.util.test.junit.AutoTests" name="[46] /home/travis/build/icyphy/ptII/ptolemy/domains/de/test/auto/OpenQueueingNetwork.xml (RunModel)" time="2.552" />
  <testcase classname="ptolemy.util.test.junit.AutoTests" name="[47] /home/travis/build/icyphy/ptII/ptolemy/domains/de/test/auto/OpenQueuingNetwork.xml (RunModel)" time="0.276" />
  <testcase classname="ptolemy.util.test.junit.AutoTests" name="[48] /home/travis/build/icyphy/ptII/ptolemy/domains/de/test/auto/PeriodicSampler.xml (RunModel)" time="0.009" />
  <testcase classname="ptolemy.util.test.junit.AutoTests" name="[49] /home/travis/build/icyphy/ptII/ptolemy/domains/de/test/auto/PersistentIO.xml (RunModel)" time="0.026" />
  <testcase classname="ptolemy.util.test.junit.AutoTests" name="[50] /home/travis/build/icyphy/ptII/ptolemy/domains/de/test/auto/PortParameterResetOnInitialize.xml (RunModel)" time="0.009" />
  <testcase classname="ptolemy.util.test.junit.AutoTests" name="[51] /home/travis/build/icyphy/ptII/ptolemy/domains/de/test/auto/PortParameterUpdates.xml (RunModel)" time="0.02" />
  <testcase classname="ptolemy.util.test.junit.AutoTests" name="[52] /home/travis/build/icyphy/ptII/ptolemy/domains/de/test/auto/QueueAndServer.xml (RunModel)" time="0.021" />
  <testcase classname="ptolemy.util.test.junit.AutoTests" name="[53] /home/travis/build/icyphy/ptII/ptolemy/domains/de/test/auto/Records.xml (RunModel)" time="0.02" />
  <testcase classname="ptolemy.util.test.junit.AutoTests" name="[54] /home/travis/build/icyphy/ptII/ptolemy/domains/de/test/auto/ResetTransitionWithStartTime1.xml (RunModel)" time="0.022" />
  <testcase classname="ptolemy.util.test.junit.AutoTests" name="[55] /home/travis/build/icyphy/ptII/ptolemy/domains/de/test/auto/ResetTransitionWithStartTime2.xml (RunModel)" time="0.029" />
  <testcase classname="ptolemy.util.test.junit.AutoTests" name="[56] /home/travis/build/icyphy/ptII/ptolemy/domains/de/test/auto/ResetTransitionWithStartTime3.xml (RunModel)" time="0.021" />
  <testcase classname="ptolemy.util.test.junit.AutoTests" name="[57] /home/travis/build/icyphy/ptII/ptolemy/domains/de/test/auto/ResetTransitionWithStartTime4.xml (RunModel)" time="0.02" />
  <testcase classname="ptolemy.util.test.junit.AutoTests" name="[58] /home/travis/build/icyphy/ptII/ptolemy/domains/de/test/auto/ResettableTimer1.xml (RunModel)" time="0.011" />
  <testcase classname="ptolemy.util.test.junit.AutoTests" name="[59] /home/travis/build/icyphy/ptII/ptolemy/domains/de/test/auto/ResettableTimer2.xml (RunModel)" time="0.01" />
  <testcase classname="ptolemy.util.test.junit.AutoTests" name="[60] /home/travis/build/icyphy/ptII/ptolemy/domains/de/test/auto/ResettableTimer3.xml (RunModel)" time="0.011" />
  <testcase classname="ptolemy.util.test.junit.AutoTests" name="[61] /home/travis/build/icyphy/ptII/ptolemy/domains/de/test/auto/ResettableTimer4.xml (RunModel)" time="0.01" />
  <testcase classname="ptolemy.util.test.junit.AutoTests" name="[62] /home/travis/build/icyphy/ptII/ptolemy/domains/de/test/auto/ResettableTimer5.xml (RunModel)" time="0.01" />
  <testcase classname="ptolemy.util.test.junit.AutoTests" name="[63] /home/travis/build/icyphy/ptII/ptolemy/domains/de/test/auto/ResettableTimer6.xml (RunModel)" time="0.017" />
  <testcase classname="ptolemy.util.test.junit.AutoTests" name="[64] /home/travis/build/icyphy/ptII/ptolemy/domains/de/test/auto/ServerZeroDelay.xml (RunModel)" time="0.012" />
  <testcase classname="ptolemy.util.test.junit.AutoTests" name="[65] /home/travis/build/icyphy/ptII/ptolemy/domains/de/test/auto/SmartSender.xml (RunModel)" time="3.009" />
  <testcase classname="ptolemy.util.test.junit.AutoTests" name="[66] /home/travis/build/icyphy/ptII/ptolemy/domains/de/test/auto/ThreadedComposite.xml (RunModel)" time="0.162" />
  <testcase classname="ptolemy.util.test.junit.AutoTests" name="[67] /home/travis/build/icyphy/ptII/ptolemy/domains/de/test/auto/Time.xml (RunModel)" time="0.439" />
  <testcase classname="ptolemy.util.test.junit.AutoTests" name="[68] /home/travis/build/icyphy/ptII/ptolemy/domains/de/test/auto/TimeDelayZeroDelay.xml (RunModel)" time="0.013" />
  <testcase classname="ptolemy.util.test.junit.AutoTests" name="[69] /home/travis/build/icyphy/ptII/ptolemy/domains/de/test/auto/TimerZeroDelay.xml (RunModel)" time="0.014" />
  <testcase classname="ptolemy.util.test.junit.AutoTests" name="[70] /home/travis/build/icyphy/ptII/ptolemy/domains/de/test/auto/TimingParadox.xml (RunModel)" time="0.383" />
  <testcase classname="ptolemy.util.test.junit.AutoTests" name="[71] /home/travis/build/icyphy/ptII/ptolemy/domains/de/test/auto/TransferInputs.xml (RunModel)" time="0.016" />
  <testcase classname="ptolemy.util.test.junit.AutoTests" name="[72] /home/travis/build/icyphy/ptII/ptolemy/domains/de/test/auto/TransferOutputs2.xml (RunModel)" time="0.014" />
  <testcase classname="ptolemy.util.test.junit.AutoTests" name="[73] /home/travis/build/icyphy/ptII/ptolemy/domains/de/test/auto/Trilateration.xml (RunModel)" time="12.245" />
  <testcase classname="ptolemy.util.test.junit.AutoTests" name="[74] /home/travis/build/icyphy/ptII/ptolemy/domains/de/test/auto/TwoSigmaDelta.xml (RunModel)" time="2.159" />
  <testcase classname="ptolemy.util.test.junit.AutoTests" name="[75] /home/travis/build/icyphy/ptII/ptolemy/domains/de/test/auto/VariableDelay.xml (RunModel)" time="0.01" />
  <testcase classname="ptolemy.util.test.junit.AutoTests" name="[76] /home/travis/build/icyphy/ptII/ptolemy/domains/de/test/auto/VariableDelay2.xml (RunModel)" time="0.009" />
  <testcase classname="ptolemy.util.test.junit.AutoTests" name="[77] /home/travis/build/icyphy/ptII/ptolemy/domains/de/test/auto/VariableDelayZeroDelay.xml (RunModel)" time="0.011" />
  <testcase classname="ptolemy.util.test.junit.AutoTests" name="[78] /home/travis/build/icyphy/ptII/ptolemy/domains/de/test/auto/VariableDelayZeroDelay2.xml (RunModel)" time="0.017" />
  <testcase classname="ptolemy.util.test.junit.AutoTests" name="[79] /home/travis/build/icyphy/ptII/ptolemy/domains/de/test/auto/deInCt.xml (RunModel)" time="0.016" />
  <testcase classname="ptolemy.util.test.junit.AutoTests" name="[80] /home/travis/build/icyphy/ptII/ptolemy/domains/de/test/auto/deInCt2.xml (RunModel)" time="0.015" />
  <testcase classname="ptolemy.util.test.junit.AutoTests" name="[81] /home/travis/build/icyphy/ptII/ptolemy/domains/de/test/auto/dynamicCausalityInterface1.xml (RunModel)" time="0.016" />
  <testcase classname="ptolemy.util.test.junit.AutoTests" name="[82] /home/travis/build/icyphy/ptII/ptolemy/domains/de/test/auto/fsm_de_test.xml (RunModel)" time="0.022" />
  <testcase classname="ptolemy.util.test.junit.AutoTests" name="[83] /home/travis/build/icyphy/ptII/ptolemy/domains/de/test/auto/functionDependencyReconstruction.xml (RunModel)" time="0.027" />
  <testcase classname="ptolemy.util.test.junit.AutoTests" name="[84] /home/travis/build/icyphy/ptII/ptolemy/domains/de/test/auto/multirate.xml (RunModel)" time="0.013" />
  <testcase classname="ptolemy.util.test.junit.AutoTests" name="[85] /home/travis/build/icyphy/ptII/ptolemy/domains/de/test/auto/multirate2.xml (RunModel)" time="0.012" />
  <testcase classname="ptolemy.util.test.junit.AutoTests" name="[86] /home/travis/build/icyphy/ptII/ptolemy/domains/de/test/auto/realtime.xml (RunModel)" time="10.009" />
  <testcase classname="ptolemy.util.test.junit.AutoTests" name="[87] /home/travis/build/icyphy/ptII/ptolemy/domains/de/test/auto/relationGroup.xml (RunModel)" time="0.016" />
  <testcase classname="ptolemy.util.test.junit.AutoTests" name="[88] /home/travis/build/icyphy/ptII/ptolemy/domains/de/test/auto/relationGroup2.xml (RunModel)" time="0.007" />
  <testcase classname="ptolemy.util.test.junit.AutoTests" name="[89] /home/travis/build/icyphy/ptII/ptolemy/domains/de/test/auto/sortWithOpaquePorts.xml (RunModel)" time="0.013" />
  <testcase classname="ptolemy.util.test.junit.AutoTests" name="[90] /home/travis/build/icyphy/ptII/ptolemy/domains/de/test/auto/transferInputsandOutputs.xml (RunModel)" time="0.014" />
  <testcase classname="ptolemy.util.test.junit.AutoTests" name="[91] /home/travis/build/icyphy/ptII/ptolemy/domains/de/test/auto/triggerType.xml (RunModel)" time="0.008" />
  <system-out><![CDATA[/home/travis/build/icyphy/ptII/ptolemy/domains/de/test/DependencyLoop.tcl
testDefs.tcl: setting time out to 9000 seconds at Sat Dec 14 06:25:55 UTC 2019
82 ms. Memory: 120832K Free: 72134K (60%)
25 ms. Memory: 120832K Free: 54726K (45%)
/home/travis/build/icyphy/ptII/ptolemy/domains/de/test/RunDETestsAsQSS.tcl
Run the DE tests using ptolemy.domains.qss.test.QSSDirectorTest, which extends QSSDirector and prints a message in the constructors.
------------------ testing $PTII/ptolemy/domains/de/test/auto/knownFailedTests/DirectFeedback.xml (Known Failure) 
38 ms. Memory: 120832K Free: 49096K (41%)


==== $PTIIhome/travis/build/icyphy/ptII/ptolemy/domains/de/test/../../../../: Auto Automatic test in file $PTII/ptolemy/domains/de/test/auto/knownFailedTests/DirectFeedback.xml
==== Contents of test case:

	    # FIXME: we should use $relativeFilename here, but it
	    # might have backslashes under Windows, which causes no end
	    # of trouble.
	    createAndExecute $file
	    list {}
	
.... Test generated KNOWN error:
    while executing
ptolemy.kernel.util.IllegalActionException: Test fails in iteration 1.
Value was: 1.0. Should have been: 2.0
  in .DirectFeedback.Test
	at ptolemy.actor.lib.Test.fire(Test.java:268)
	at ptolemy.domains.de.kernel.DEDirector._fire(DEDirector.java:1949)
	at ptolemy.domains.de.kernel.DEDirector.fire(DEDirector.java:502)
	at ptolemy.actor.CompositeActor.fire(CompositeActor.java:455)
	at ptolemy.actor.Manager.iterate(Manager.java:851)
	at ptolemy.actor.Manager.execute(Manager.java:369)
	at ptolemy.actor.Manager.run(Manager.java:1263)
	at ptolemy.actor.Manager$PtolemyRunThread.run(Manager.java:1933)

    while executing
ptolemy.kernel.util.IllegalActionException: Test fails in iteration 1.
Value was: 1.0. Should have been: 2.0
  in .DirectFeedback.Test
    while executing
"java::new ptolemy.moml.MoMLSimpleApplication $file
"
    (procedure "createAndExecute" line 2)
    invoked from within
"createAndExecute $file"
    ("uplevel" body line 5)
    invoked from within
"uplevel $contents_of_test"
------------------ testing $PTII/ptolemy/domains/de/test/auto/knownFailedTests/dependencyLoop.xml (Known Failure) 
17 ms. Memory: 120832K Free: 46024K (38%)


==== $PTIIhome/travis/build/icyphy/ptII/ptolemy/domains/de/test/../../../../: Auto Automatic test in file $PTII/ptolemy/domains/de/test/auto/knownFailedTests/dependencyLoop.xml
==== Contents of test case:

	    # FIXME: we should use $relativeFilename here, but it
	    # might have backslashes under Windows, which causes no end
	    # of trouble.
	    createAndExecute $file
	    list {}
	
.... Test generated KNOWN error:
    while executing
ptolemy.kernel.util.IllegalActionException: Found a zero delay loop containing .dependencyLoop.original
  in .dependencyLoop and .dependencyLoop.original
	at ptolemy.actor.util.CausalityInterfaceForComposites._computeOutputPortDepth(CausalityInterfaceForComposites.java:759)
	at ptolemy.actor.util.CausalityInterfaceForComposites._computeInputDepth(CausalityInterfaceForComposites.java:696)
	at ptolemy.actor.util.CausalityInterfaceForComposites._computeOutputPortDepth(CausalityInterfaceForComposites.java:765)
	at ptolemy.actor.util.CausalityInterfaceForComposites._computeInputDepth(CausalityInterfaceForComposites.java:696)
	at ptolemy.actor.util.CausalityInterfaceForComposites._computeOutputPortDepth(CausalityInterfaceForComposites.java:765)
	at ptolemy.actor.util.CausalityInterfaceForComposites._computeInputDepth(CausalityInterfaceForComposites.java:696)
	at ptolemy.actor.util.CausalityInterfaceForComposites._computeActorDepth(CausalityInterfaceForComposites.java:532)
	at ptolemy.actor.util.CausalityInterfaceForComposites.checkForCycles(CausalityInterfaceForComposites.java:96)
	at ptolemy.domains.de.kernel.DEDirector.preinitialize(DEDirector.java:1338)
	at ptolemy.actor.CompositeActor.preinitialize(CompositeActor.java:1828)
	at ptolemy.actor.Manager.preinitializeAndResolveTypes(Manager.java:1040)
	at ptolemy.actor.Manager.initialize(Manager.java:710)
	at ptolemy.actor.Manager.execute(Manager.java:356)
	at ptolemy.actor.Manager.run(Manager.java:1263)
	at ptolemy.actor.Manager$PtolemyRunThread.run(Manager.java:1933)

    while executing
ptolemy.kernel.util.IllegalActionException: Found a zero delay loop containing .dependencyLoop.original
  in .dependencyLoop and .dependencyLoop.original
    while executing
"java::new ptolemy.moml.MoMLSimpleApplication $file
"
    (procedure "createAndExecute" line 2)
    invoked from within
"createAndExecute $file"
    ("uplevel" body line 5)
    invoked from within
"uplevel $contents_of_test"
------------------ testing $PTII/ptolemy/domains/de/test/auto/knownFailedTests/FSMSource.xml (Known Failure) 
85 ms. Memory: 120832K Free: 99395K (82%)
!!!! Auto was marked as failing, but now passes
------------------ testing $PTII/ptolemy/domains/de/test/auto/knownFailedTests/HierarchicalModel.xml (Known Failure) 
14 ms. Memory: 120832K Free: 81976K (68%)


==== $PTIIhome/travis/build/icyphy/ptII/ptolemy/domains/de/test/../../../../: Auto Automatic test in file $PTII/ptolemy/domains/de/test/auto/knownFailedTests/HierarchicalModel.xml
==== Contents of test case:

	    # FIXME: we should use $relativeFilename here, but it
	    # might have backslashes under Windows, which causes no end
	    # of trouble.
	    createAndExecute $file
	    list {}
	
.... Test generated KNOWN error:
    while executing
ptolemy.kernel.util.IllegalActionException: Found a zero delay loop containing .HierarchicalModel.A
  in .HierarchicalModel and .HierarchicalModel.A
	at ptolemy.actor.util.CausalityInterfaceForComposites._computeOutputPortDepth(CausalityInterfaceForComposites.java:759)
	at ptolemy.actor.util.CausalityInterfaceForComposites._computeInputDepth(CausalityInterfaceForComposites.java:696)
	at ptolemy.actor.util.CausalityInterfaceForComposites._computeOutputPortDepth(CausalityInterfaceForComposites.java:765)
	at ptolemy.actor.util.CausalityInterfaceForComposites._computeInputDepth(CausalityInterfaceForComposites.java:696)
	at ptolemy.actor.util.CausalityInterfaceForComposites._computeOutputPortDepth(CausalityInterfaceForComposites.java:765)
	at ptolemy.actor.util.CausalityInterfaceForComposites._computeInputDepth(CausalityInterfaceForComposites.java:696)
	at ptolemy.actor.util.CausalityInterfaceForComposites._computeActorDepth(CausalityInterfaceForComposites.java:532)
	at ptolemy.actor.util.CausalityInterfaceForComposites.checkForCycles(CausalityInterfaceForComposites.java:96)
	at ptolemy.domains.de.kernel.DEDirector.preinitialize(DEDirector.java:1338)
	at ptolemy.actor.CompositeActor.preinitialize(CompositeActor.java:1828)
	at ptolemy.actor.Manager.preinitializeAndResolveTypes(Manager.java:1040)
	at ptolemy.actor.Manager.initialize(Manager.java:710)
	at ptolemy.actor.Manager.execute(Manager.java:356)
	at ptolemy.actor.Manager.run(Manager.java:1263)
	at ptolemy.actor.Manager$PtolemyRunThread.run(Manager.java:1933)

    while executing
ptolemy.kernel.util.IllegalActionException: Found a zero delay loop containing .HierarchicalModel.A
  in .HierarchicalModel and .HierarchicalModel.A
    while executing
"java::new ptolemy.moml.MoMLSimpleApplication $file
"
    (procedure "createAndExecute" line 2)
    invoked from within
"createAndExecute $file"
    ("uplevel" body line 5)
    invoked from within
"uplevel $contents_of_test"
------------------ testing $PTII/ptolemy/domains/de/test/auto/knownFailedTests/dependencyLoop2.xml (Known Failure) 
27 ms. Memory: 120832K Free: 106869K (88%)


==== $PTIIhome/travis/build/icyphy/ptII/ptolemy/domains/de/test/../../../../: Auto Automatic test in file $PTII/ptolemy/domains/de/test/auto/knownFailedTests/dependencyLoop2.xml
==== Contents of test case:

	    # FIXME: we should use $relativeFilename here, but it
	    # might have backslashes under Windows, which causes no end
	    # of trouble.
	    createAndExecute $file
	    list {}
	
.... Test generated KNOWN error:
    while executing
ptolemy.kernel.util.IllegalActionException: Found a zero delay loop containing .dependencyLoop2.original
  in .dependencyLoop2 and .dependencyLoop2.original
	at ptolemy.actor.util.CausalityInterfaceForComposites._computeOutputPortDepth(CausalityInterfaceForComposites.java:759)
	at ptolemy.actor.util.CausalityInterfaceForComposites._computeInputDepth(CausalityInterfaceForComposites.java:696)
	at ptolemy.actor.util.CausalityInterfaceForComposites._computeOutputPortDepth(CausalityInterfaceForComposites.java:765)
	at ptolemy.actor.util.CausalityInterfaceForComposites._computeInputDepth(CausalityInterfaceForComposites.java:696)
	at ptolemy.actor.util.CausalityInterfaceForComposites._computeOutputPortDepth(CausalityInterfaceForComposites.java:765)
	at ptolemy.actor.util.CausalityInterfaceForComposites._computeInputDepth(CausalityInterfaceForComposites.java:696)
	at ptolemy.actor.util.CausalityInterfaceForComposites._computeActorDepth(CausalityInterfaceForComposites.java:532)
	at ptolemy.actor.util.CausalityInterfaceForComposites.checkForCycles(CausalityInterfaceForComposites.java:96)
	at ptolemy.domains.de.kernel.DEDirector.preinitialize(DEDirector.java:1338)
	at ptolemy.actor.CompositeActor.preinitialize(CompositeActor.java:1828)
	at ptolemy.actor.Manager.preinitializeAndResolveTypes(Manager.java:1040)
	at ptolemy.actor.Manager.initialize(Manager.java:710)
	at ptolemy.actor.Manager.execute(Manager.java:356)
	at ptolemy.actor.Manager.run(Manager.java:1263)
	at ptolemy.actor.Manager$PtolemyRunThread.run(Manager.java:1933)

    while executing
ptolemy.kernel.util.IllegalActionException: Found a zero delay loop containing .dependencyLoop2.original
  in .dependencyLoop2 and .dependencyLoop2.original
    while executing
"java::new ptolemy.moml.MoMLSimpleApplication $file
"
    (procedure "createAndExecute" line 2)
    invoked from within
"createAndExecute $file"
    ("uplevel" body line 5)
    invoked from within
"uplevel $contents_of_test"
------------------ testing $PTII/ptolemy/domains/de/test/auto/knownFailedTests/DESDFClockTest.xml (Known Failure) 
2068 ms. Memory: 120832K Free: 94141K (78%)


==== $PTIIhome/travis/build/icyphy/ptII/ptolemy/domains/de/test/../../../../: Auto Automatic test in file $PTII/ptolemy/domains/de/test/auto/knownFailedTests/DESDFClockTest.xml
==== Contents of test case:

	    # FIXME: we should use $relativeFilename here, but it
	    # might have backslashes under Windows, which causes no end
	    # of trouble.
	    createAndExecute $file
	    list {}
	
.... Test generated KNOWN error:
    while executing
ptolemy.kernel.util.IllegalActionException: Actor is not ready to fire.  Perhaps UpSample.prefire() returned false? Try debugging the actor by selecting "Listen to Actor".  Also, for SDF check moml for tokenConsumptionRate on input.
  in .DESDFClockTest.Play Bell.Copy1:SDF Director and .DESDFClockTest.Play Bell.UpSample
	at ptolemy.actor.sched.StaticSchedulingDirector.fire(StaticSchedulingDirector.java:227)
	at ptolemy.domains.sdf.kernel.SDFDirector.fire(SDFDirector.java:500)
	at ptolemy.actor.CompositeActor.fire(CompositeActor.java:455)
	at ptolemy.domains.de.kernel.DEDirector._fire(DEDirector.java:1949)
	at ptolemy.domains.de.kernel.DEDirector.fire(DEDirector.java:502)
	at ptolemy.actor.CompositeActor.fire(CompositeActor.java:455)
	at ptolemy.actor.Manager.iterate(Manager.java:851)
	at ptolemy.actor.Manager.execute(Manager.java:369)
	at ptolemy.actor.Manager.run(Manager.java:1263)
	at ptolemy.actor.Manager$PtolemyRunThread.run(Manager.java:1933)

    while executing
ptolemy.kernel.util.IllegalActionException: Actor is not ready to fire.  Perhaps UpSample.prefire() returned false? Try debugging the actor by selecting "Listen to Actor".  Also, for SDF check moml for tokenConsumptionRate on input.
  in .DESDFClockTest.Play Bell.Copy1:SDF Director and .DESDFClockTest.Play Bell.UpSample
    while executing
"java::new ptolemy.moml.MoMLSimpleApplication $file
"
    (procedure "createAndExecute" line 2)
    invoked from within
"createAndExecute $file"
    ("uplevel" body line 5)
    invoked from within
"uplevel $contents_of_test"
------------------ testing $PTII/ptolemy/domains/de/test/auto/ActorDepthCalculation_actorWithoutPorts.xml
auto.tcl: Setting watchdog for 200 seconds at Sat Dec 14 06:25:59 UTC 2019
7 ms. Memory: 120832K Free: 87199K (72%)
ptolemy.util.test.WatchDog.cancel(): canceling Sat Dec 14 06:25:59 UTC 2019
auto.tcl: Setting watchdog for 200 seconds at Sat Dec 14 06:25:59 UTC 2019
9 ms. Memory: 120832K Free: 85435K (71%)
ptolemy.util.test.WatchDog.cancel(): canceling Sat Dec 14 06:25:59 UTC 2019
------------------ testing $PTII/ptolemy/domains/de/test/auto/AssemblyLine.xml
auto.tcl: Setting watchdog for 200 seconds at Sat Dec 14 06:26:00 UTC 2019
8 ms. Memory: 48128K Free: 25516K (53%)
ptolemy.util.test.WatchDog.cancel(): canceling Sat Dec 14 06:26:00 UTC 2019
auto.tcl: Setting watchdog for 200 seconds at Sat Dec 14 06:26:00 UTC 2019
10 ms. Memory: 48128K Free: 25085K (52%)
ptolemy.util.test.WatchDog.cancel(): canceling Sat Dec 14 06:26:00 UTC 2019
------------------ testing $PTII/ptolemy/domains/de/test/auto/CQBug1.xml
auto.tcl: Setting watchdog for 200 seconds at Sat Dec 14 06:26:00 UTC 2019
3 ms. Memory: 45056K Free: 28548K (63%)
ptolemy.util.test.WatchDog.cancel(): canceling Sat Dec 14 06:26:00 UTC 2019
auto.tcl: Setting watchdog for 200 seconds at Sat Dec 14 06:26:00 UTC 2019
2 ms. Memory: 45056K Free: 28119K (62%)
ptolemy.util.test.WatchDog.cancel(): canceling Sat Dec 14 06:26:00 UTC 2019
------------------ testing $PTII/ptolemy/domains/de/test/auto/CancelFireAt.xml
auto.tcl: Setting watchdog for 200 seconds at Sat Dec 14 06:26:00 UTC 2019
6 ms. Memory: 45056K Free: 29654K (66%)
ptolemy.util.test.WatchDog.cancel(): canceling Sat Dec 14 06:26:00 UTC 2019
auto.tcl: Setting watchdog for 200 seconds at Sat Dec 14 06:26:00 UTC 2019
2 ms. Memory: 45056K Free: 29226K (65%)
ptolemy.util.test.WatchDog.cancel(): canceling Sat Dec 14 06:26:00 UTC 2019
------------------ testing $PTII/ptolemy/domains/de/test/auto/CausalityAndComposabilityAnalysis.xml
auto.tcl: Setting watchdog for 200 seconds at Sat Dec 14 06:26:00 UTC 2019
6 ms. Memory: 45056K Free: 27670K (61%)
ptolemy.util.test.WatchDog.cancel(): canceling Sat Dec 14 06:26:00 UTC 2019
auto.tcl: Setting watchdog for 200 seconds at Sat Dec 14 06:26:00 UTC 2019
5 ms. Memory: 45056K Free: 26898K (60%)
ptolemy.util.test.WatchDog.cancel(): canceling Sat Dec 14 06:26:00 UTC 2019
------------------ testing $PTII/ptolemy/domains/de/test/auto/CausalityInterface1.xml
auto.tcl: Setting watchdog for 200 seconds at Sat Dec 14 06:26:00 UTC 2019
27 ms. Memory: 45056K Free: 26363K (59%)
ptolemy.util.test.WatchDog.cancel(): canceling Sat Dec 14 06:26:00 UTC 2019
auto.tcl: Setting watchdog for 200 seconds at Sat Dec 14 06:26:00 UTC 2019
5 ms. Memory: 45056K Free: 25376K (56%)
ptolemy.util.test.WatchDog.cancel(): canceling Sat Dec 14 06:26:00 UTC 2019
------------------ testing $PTII/ptolemy/domains/de/test/auto/CausalityInterface15.xml
auto.tcl: Setting watchdog for 200 seconds at Sat Dec 14 06:26:00 UTC 2019
7 ms. Memory: 45056K Free: 26544K (59%)
ptolemy.util.test.WatchDog.cancel(): canceling Sat Dec 14 06:26:00 UTC 2019
auto.tcl: Setting watchdog for 200 seconds at Sat Dec 14 06:26:00 UTC 2019
4 ms. Memory: 45056K Free: 25343K (56%)
ptolemy.util.test.WatchDog.cancel(): canceling Sat Dec 14 06:26:00 UTC 2019
------------------ testing $PTII/ptolemy/domains/de/test/auto/CausalityInterface2.xml
auto.tcl: Setting watchdog for 200 seconds at Sat Dec 14 06:26:00 UTC 2019
4 ms. Memory: 45056K Free: 27079K (60%)
ptolemy.util.test.WatchDog.cancel(): canceling Sat Dec 14 06:26:01 UTC 2019
auto.tcl: Setting watchdog for 200 seconds at Sat Dec 14 06:26:01 UTC 2019
3 ms. Memory: 45056K Free: 25958K (58%)
ptolemy.util.test.WatchDog.cancel(): canceling Sat Dec 14 06:26:01 UTC 2019
------------------ testing $PTII/ptolemy/domains/de/test/auto/CausalityInterface3.xml
auto.tcl: Setting watchdog for 200 seconds at Sat Dec 14 06:26:01 UTC 2019
6 ms. Memory: 45056K Free: 26544K (59%)
ptolemy.util.test.WatchDog.cancel(): canceling Sat Dec 14 06:26:01 UTC 2019
auto.tcl: Setting watchdog for 200 seconds at Sat Dec 14 06:26:01 UTC 2019
4 ms. Memory: 45056K Free: 25758K (57%)
ptolemy.util.test.WatchDog.cancel(): canceling Sat Dec 14 06:26:01 UTC 2019
------------------ testing $PTII/ptolemy/domains/de/test/auto/ClockDrift.xml
auto.tcl: Setting watchdog for 200 seconds at Sat Dec 14 06:26:01 UTC 2019
97 ms. Memory: 45056K Free: 18657K (41%)
ptolemy.util.test.WatchDog.cancel(): canceling Sat Dec 14 06:26:01 UTC 2019
auto.tcl: Setting watchdog for 200 seconds at Sat Dec 14 06:26:01 UTC 2019
49 ms. Memory: 45056K Free: 15702K (35%)
ptolemy.util.test.WatchDog.cancel(): canceling Sat Dec 14 06:26:01 UTC 2019
------------------ testing $PTII/ptolemy/domains/de/test/auto/ClockDriftAndValueChange.xml
auto.tcl: Setting watchdog for 200 seconds at Sat Dec 14 06:26:01 UTC 2019
38 ms. Memory: 45056K Free: 19221K (43%)
ptolemy.util.test.WatchDog.cancel(): canceling Sat Dec 14 06:26:01 UTC 2019
auto.tcl: Setting watchdog for 200 seconds at Sat Dec 14 06:26:01 UTC 2019
22 ms. Memory: 45056K Free: 16376K (36%)
ptolemy.util.test.WatchDog.cancel(): canceling Sat Dec 14 06:26:01 UTC 2019
------------------ testing $PTII/ptolemy/domains/de/test/auto/ClockDriftChange.xml
auto.tcl: Setting watchdog for 200 seconds at Sat Dec 14 06:26:01 UTC 2019
24 ms. Memory: 45056K Free: 21031K (47%)
ptolemy.util.test.WatchDog.cancel(): canceling Sat Dec 14 06:26:01 UTC 2019
auto.tcl: Setting watchdog for 200 seconds at Sat Dec 14 06:26:01 UTC 2019
17 ms. Memory: 45056K Free: 18487K (41%)
ptolemy.util.test.WatchDog.cancel(): canceling Sat Dec 14 06:26:01 UTC 2019
------------------ testing $PTII/ptolemy/domains/de/test/auto/ComposableCausalityAnalysis.xml
auto.tcl: Setting watchdog for 200 seconds at Sat Dec 14 06:26:01 UTC 2019
5 ms. Memory: 45056K Free: 25658K (57%)
ptolemy.util.test.WatchDog.cancel(): canceling Sat Dec 14 06:26:01 UTC 2019
auto.tcl: Setting watchdog for 200 seconds at Sat Dec 14 06:26:01 UTC 2019
5 ms. Memory: 45056K Free: 24628K (55%)
ptolemy.util.test.WatchDog.cancel(): canceling Sat Dec 14 06:26:01 UTC 2019
------------------ testing $PTII/ptolemy/domains/de/test/auto/DEFixedPointLimitation.xml
auto.tcl: Setting watchdog for 200 seconds at Sat Dec 14 06:26:01 UTC 2019
4 ms. Memory: 45056K Free: 27007K (60%)
ptolemy.util.test.WatchDog.cancel(): canceling Sat Dec 14 06:26:01 UTC 2019
auto.tcl: Setting watchdog for 200 seconds at Sat Dec 14 06:26:01 UTC 2019
1 ms. Memory: 45056K Free: 26128K (58%)
ptolemy.util.test.WatchDog.cancel(): canceling Sat Dec 14 06:26:01 UTC 2019
------------------ testing $PTII/ptolemy/domains/de/test/auto/DEScheduleTest.xml
auto.tcl: Setting watchdog for 200 seconds at Sat Dec 14 06:26:01 UTC 2019
7 ms. Memory: 45056K Free: 27302K (61%)
ptolemy.util.test.WatchDog.cancel(): canceling Sat Dec 14 06:26:01 UTC 2019
auto.tcl: Setting watchdog for 200 seconds at Sat Dec 14 06:26:01 UTC 2019
3 ms. Memory: 45056K Free: 26542K (59%)
ptolemy.util.test.WatchDog.cancel(): canceling Sat Dec 14 06:26:01 UTC 2019
------------------ testing $PTII/ptolemy/domains/de/test/auto/DEinDEwithStartTimes.xml
auto.tcl: Setting watchdog for 200 seconds at Sat Dec 14 06:26:01 UTC 2019
6 ms. Memory: 45056K Free: 25481K (57%)
ptolemy.util.test.WatchDog.cancel(): canceling Sat Dec 14 06:26:02 UTC 2019
auto.tcl: Setting watchdog for 200 seconds at Sat Dec 14 06:26:02 UTC 2019
3 ms. Memory: 45056K Free: 24422K (54%)
ptolemy.util.test.WatchDog.cancel(): canceling Sat Dec 14 06:26:02 UTC 2019
------------------ testing $PTII/ptolemy/domains/de/test/auto/DEinDEwithStartTimes2.xml
auto.tcl: Setting watchdog for 200 seconds at Sat Dec 14 06:26:02 UTC 2019
4 ms. Memory: 45056K Free: 24692K (55%)
ptolemy.util.test.WatchDog.cancel(): canceling Sat Dec 14 06:26:02 UTC 2019
auto.tcl: Setting watchdog for 200 seconds at Sat Dec 14 06:26:02 UTC 2019
4 ms. Memory: 45056K Free: 23618K (52%)
ptolemy.util.test.WatchDog.cancel(): canceling Sat Dec 14 06:26:02 UTC 2019
------------------ testing $PTII/ptolemy/domains/de/test/auto/DateDemo.xml
auto.tcl: Setting watchdog for 200 seconds at Sat Dec 14 06:26:02 UTC 2019
20 ms. Memory: 45056K Free: 19330K (43%)
ptolemy.util.test.WatchDog.cancel(): canceling Sat Dec 14 06:26:02 UTC 2019
auto.tcl: Setting watchdog for 200 seconds at Sat Dec 14 06:26:02 UTC 2019
8 ms. Memory: 45056K Free: 17837K (40%)
ptolemy.util.test.WatchDog.cancel(): canceling Sat Dec 14 06:26:02 UTC 2019
------------------ testing $PTII/ptolemy/domains/de/test/auto/DateToEvent.xml
auto.tcl: Setting watchdog for 200 seconds at Sat Dec 14 06:26:02 UTC 2019
2018 ms. Memory: 45056K Free: 15074K (33%)
ptolemy.util.test.WatchDog.cancel(): canceling Sat Dec 14 06:26:04 UTC 2019
auto.tcl: Setting watchdog for 200 seconds at Sat Dec 14 06:26:04 UTC 2019
2006 ms. Memory: 45056K Free: 14227K (32%)
ptolemy.util.test.WatchDog.cancel(): canceling Sat Dec 14 06:26:06 UTC 2019
------------------ testing $PTII/ptolemy/domains/de/test/auto/DepthTest1.xml
auto.tcl: Setting watchdog for 200 seconds at Sat Dec 14 06:26:06 UTC 2019
3 ms. Memory: 45056K Free: 28243K (63%)
ptolemy.util.test.WatchDog.cancel(): canceling Sat Dec 14 06:26:06 UTC 2019
auto.tcl: Setting watchdog for 200 seconds at Sat Dec 14 06:26:06 UTC 2019
1 ms. Memory: 45056K Free: 27683K (61%)
ptolemy.util.test.WatchDog.cancel(): canceling Sat Dec 14 06:26:06 UTC 2019
------------------ testing $PTII/ptolemy/domains/de/test/auto/DepthTest2.xml
auto.tcl: Setting watchdog for 200 seconds at Sat Dec 14 06:26:06 UTC 2019
4 ms. Memory: 45056K Free: 24908K (55%)
ptolemy.util.test.WatchDog.cancel(): canceling Sat Dec 14 06:26:06 UTC 2019
auto.tcl: Setting watchdog for 200 seconds at Sat Dec 14 06:26:06 UTC 2019
6 ms. Memory: 45056K Free: 24418K (54%)
ptolemy.util.test.WatchDog.cancel(): canceling Sat Dec 14 06:26:06 UTC 2019
------------------ testing $PTII/ptolemy/domains/de/test/auto/DepthTest3.xml
auto.tcl: Setting watchdog for 200 seconds at Sat Dec 14 06:26:06 UTC 2019
4 ms. Memory: 45056K Free: 28573K (63%)
ptolemy.util.test.WatchDog.cancel(): canceling Sat Dec 14 06:26:06 UTC 2019
auto.tcl: Setting watchdog for 200 seconds at Sat Dec 14 06:26:06 UTC 2019
1 ms. Memory: 45056K Free: 28021K (62%)
ptolemy.util.test.WatchDog.cancel(): canceling Sat Dec 14 06:26:06 UTC 2019
------------------ testing $PTII/ptolemy/domains/de/test/auto/DepthTest4.xml
auto.tcl: Setting watchdog for 200 seconds at Sat Dec 14 06:26:06 UTC 2019
3 ms. Memory: 45056K Free: 26777K (59%)
ptolemy.util.test.WatchDog.cancel(): canceling Sat Dec 14 06:26:06 UTC 2019
auto.tcl: Setting watchdog for 200 seconds at Sat Dec 14 06:26:06 UTC 2019
2 ms. Memory: 45056K Free: 26048K (58%)
ptolemy.util.test.WatchDog.cancel(): canceling Sat Dec 14 06:26:06 UTC 2019
------------------ testing $PTII/ptolemy/domains/de/test/auto/DepthTest5.xml
auto.tcl: Setting watchdog for 200 seconds at Sat Dec 14 06:26:06 UTC 2019
3 ms. Memory: 45056K Free: 25895K (57%)
ptolemy.util.test.WatchDog.cancel(): canceling Sat Dec 14 06:26:06 UTC 2019
auto.tcl: Setting watchdog for 200 seconds at Sat Dec 14 06:26:06 UTC 2019
2 ms. Memory: 45056K Free: 25529K (57%)
ptolemy.util.test.WatchDog.cancel(): canceling Sat Dec 14 06:26:06 UTC 2019
------------------ testing $PTII/ptolemy/domains/de/test/auto/DepthTest6.xml
auto.tcl: Setting watchdog for 200 seconds at Sat Dec 14 06:26:06 UTC 2019
5 ms. Memory: 45056K Free: 25856K (57%)
ptolemy.util.test.WatchDog.cancel(): canceling Sat Dec 14 06:26:06 UTC 2019
auto.tcl: Setting watchdog for 200 seconds at Sat Dec 14 06:26:06 UTC 2019
3 ms. Memory: 45056K Free: 25358K (56%)
ptolemy.util.test.WatchDog.cancel(): canceling Sat Dec 14 06:26:06 UTC 2019
------------------ testing $PTII/ptolemy/domains/de/test/auto/DepthTest7.xml
auto.tcl: Setting watchdog for 200 seconds at Sat Dec 14 06:26:06 UTC 2019
3 ms. Memory: 45056K Free: 26380K (59%)
ptolemy.util.test.WatchDog.cancel(): canceling Sat Dec 14 06:26:06 UTC 2019
auto.tcl: Setting watchdog for 200 seconds at Sat Dec 14 06:26:06 UTC 2019
2 ms. Memory: 45056K Free: 25998K (58%)
ptolemy.util.test.WatchDog.cancel(): canceling Sat Dec 14 06:26:06 UTC 2019
------------------ testing $PTII/ptolemy/domains/de/test/auto/EventToDate.xml
auto.tcl: Setting watchdog for 200 seconds at Sat Dec 14 06:26:06 UTC 2019
3005 ms. Memory: 45056K Free: 17184K (38%)
ptolemy.util.test.WatchDog.cancel(): canceling Sat Dec 14 06:26:10 UTC 2019
auto.tcl: Setting watchdog for 200 seconds at Sat Dec 14 06:26:10 UTC 2019
3004 ms. Memory: 45056K Free: 16802K (37%)
ptolemy.util.test.WatchDog.cancel(): canceling Sat Dec 14 06:26:13 UTC 2019
------------------ testing $PTII/ptolemy/domains/de/test/auto/FSM1.xml
auto.tcl: Setting watchdog for 200 seconds at Sat Dec 14 06:26:13 UTC 2019
35 ms. Memory: 45056K Free: 18707K (42%)
ptolemy.util.test.WatchDog.cancel(): canceling Sat Dec 14 06:26:13 UTC 2019
auto.tcl: Setting watchdog for 200 seconds at Sat Dec 14 06:26:13 UTC 2019
25 ms. Memory: 45056K Free: 15466K (34%)
ptolemy.util.test.WatchDog.cancel(): canceling Sat Dec 14 06:26:13 UTC 2019
------------------ testing $PTII/ptolemy/domains/de/test/auto/FSM7.xml
auto.tcl: Setting watchdog for 200 seconds at Sat Dec 14 06:26:13 UTC 2019
28 ms. Memory: 45056K Free: 18663K (41%)
ptolemy.util.test.WatchDog.cancel(): canceling Sat Dec 14 06:26:13 UTC 2019
auto.tcl: Setting watchdog for 200 seconds at Sat Dec 14 06:26:13 UTC 2019
26 ms. Memory: 45056K Free: 15697K (35%)
ptolemy.util.test.WatchDog.cancel(): canceling Sat Dec 14 06:26:13 UTC 2019
------------------ testing $PTII/ptolemy/domains/de/test/auto/Inspection.xml
auto.tcl: Setting watchdog for 200 seconds at Sat Dec 14 06:26:13 UTC 2019
42 ms. Memory: 45056K Free: 18465K (41%)
ptolemy.util.test.WatchDog.cancel(): canceling Sat Dec 14 06:26:13 UTC 2019
auto.tcl: Setting watchdog for 200 seconds at Sat Dec 14 06:26:13 UTC 2019
32 ms. Memory: 45056K Free: 16714K (37%)
ptolemy.util.test.WatchDog.cancel(): canceling Sat Dec 14 06:26:13 UTC 2019
------------------ testing $PTII/ptolemy/domains/de/test/auto/Iteration.xml
auto.tcl: Setting watchdog for 200 seconds at Sat Dec 14 06:26:13 UTC 2019
11 ms. Memory: 45056K Free: 24173K (54%)
ptolemy.util.test.WatchDog.cancel(): canceling Sat Dec 14 06:26:13 UTC 2019
auto.tcl: Setting watchdog for 200 seconds at Sat Dec 14 06:26:13 UTC 2019
8 ms. Memory: 45056K Free: 23122K (51%)
ptolemy.util.test.WatchDog.cancel(): canceling Sat Dec 14 06:26:13 UTC 2019
------------------ testing $PTII/ptolemy/domains/de/test/auto/LineFault.xml
auto.tcl: Setting watchdog for 200 seconds at Sat Dec 14 06:26:13 UTC 2019
701 ms. Memory: 54272K Free: 36753K (68%)
ptolemy.util.test.WatchDog.cancel(): canceling Sat Dec 14 06:26:14 UTC 2019
auto.tcl: Setting watchdog for 200 seconds at Sat Dec 14 06:26:14 UTC 2019
557 ms. Memory: 54272K Free: 30977K (57%)
ptolemy.util.test.WatchDog.cancel(): canceling Sat Dec 14 06:26:15 UTC 2019
------------------ testing $PTII/ptolemy/domains/de/test/auto/MergeModel1Add.xml
auto.tcl: Setting watchdog for 200 seconds at Sat Dec 14 06:26:15 UTC 2019
17 ms. Memory: 54272K Free: 18791K (35%)
ptolemy.util.test.WatchDog.cancel(): canceling Sat Dec 14 06:26:15 UTC 2019
auto.tcl: Setting watchdog for 200 seconds at Sat Dec 14 06:26:15 UTC 2019
11 ms. Memory: 54272K Free: 17572K (32%)
ptolemy.util.test.WatchDog.cancel(): canceling Sat Dec 14 06:26:15 UTC 2019
------------------ testing $PTII/ptolemy/domains/de/test/auto/MergeModel2Add.xml
auto.tcl: Setting watchdog for 200 seconds at Sat Dec 14 06:26:15 UTC 2019
8 ms. Memory: 51200K Free: 18594K (36%)
ptolemy.util.test.WatchDog.cancel(): canceling Sat Dec 14 06:26:15 UTC 2019
auto.tcl: Setting watchdog for 200 seconds at Sat Dec 14 06:26:15 UTC 2019
8 ms. Memory: 51200K Free: 16873K (33%)
ptolemy.util.test.WatchDog.cancel(): canceling Sat Dec 14 06:26:15 UTC 2019
------------------ testing $PTII/ptolemy/domains/de/test/auto/MergeModel3Add.xml
auto.tcl: Setting watchdog for 200 seconds at Sat Dec 14 06:26:15 UTC 2019
8 ms. Memory: 51200K Free: 19100K (37%)
ptolemy.util.test.WatchDog.cancel(): canceling Sat Dec 14 06:26:15 UTC 2019
auto.tcl: Setting watchdog for 200 seconds at Sat Dec 14 06:26:15 UTC 2019
11 ms. Memory: 51200K Free: 17372K (34%)
ptolemy.util.test.WatchDog.cancel(): canceling Sat Dec 14 06:26:15 UTC 2019
------------------ testing $PTII/ptolemy/domains/de/test/auto/MergeWithoutDiscard.xml
auto.tcl: Setting watchdog for 200 seconds at Sat Dec 14 06:26:15 UTC 2019
2 ms. Memory: 48128K Free: 30171K (63%)
ptolemy.util.test.WatchDog.cancel(): canceling Sat Dec 14 06:26:15 UTC 2019
auto.tcl: Setting watchdog for 200 seconds at Sat Dec 14 06:26:15 UTC 2019
1 ms. Memory: 48128K Free: 29678K (62%)
ptolemy.util.test.WatchDog.cancel(): canceling Sat Dec 14 06:26:15 UTC 2019
------------------ testing $PTII/ptolemy/domains/de/test/auto/Modal1.xml
auto.tcl: Setting watchdog for 200 seconds at Sat Dec 14 06:26:15 UTC 2019
12 ms. Memory: 48128K Free: 22241K (46%)
ptolemy.util.test.WatchDog.cancel(): canceling Sat Dec 14 06:26:15 UTC 2019
auto.tcl: Setting watchdog for 200 seconds at Sat Dec 14 06:26:15 UTC 2019
12 ms. Memory: 48128K Free: 18724K (39%)
ptolemy.util.test.WatchDog.cancel(): canceling Sat Dec 14 06:26:15 UTC 2019
------------------ testing $PTII/ptolemy/domains/de/test/auto/Modal2.xml
auto.tcl: Setting watchdog for 200 seconds at Sat Dec 14 06:26:15 UTC 2019
18 ms. Memory: 48128K Free: 21870K (45%)
ptolemy.util.test.WatchDog.cancel(): canceling Sat Dec 14 06:26:15 UTC 2019
auto.tcl: Setting watchdog for 200 seconds at Sat Dec 14 06:26:15 UTC 2019
20 ms. Memory: 48128K Free: 18182K (38%)
ptolemy.util.test.WatchDog.cancel(): canceling Sat Dec 14 06:26:15 UTC 2019
------------------ testing $PTII/ptolemy/domains/de/test/auto/Modal3.xml
auto.tcl: Setting watchdog for 200 seconds at Sat Dec 14 06:26:15 UTC 2019
10 ms. Memory: 48128K Free: 21376K (44%)
ptolemy.util.test.WatchDog.cancel(): canceling Sat Dec 14 06:26:15 UTC 2019
auto.tcl: Setting watchdog for 200 seconds at Sat Dec 14 06:26:15 UTC 2019
11 ms. Memory: 48128K Free: 18238K (38%)
ptolemy.util.test.WatchDog.cancel(): canceling Sat Dec 14 06:26:15 UTC 2019
------------------ testing $PTII/ptolemy/domains/de/test/auto/Modal4.xml
auto.tcl: Setting watchdog for 200 seconds at Sat Dec 14 06:26:15 UTC 2019
23 ms. Memory: 48128K Free: 20832K (43%)
ptolemy.util.test.WatchDog.cancel(): canceling Sat Dec 14 06:26:15 UTC 2019
auto.tcl: Setting watchdog for 200 seconds at Sat Dec 14 06:26:15 UTC 2019
27 ms. Memory: 48128K Free: 16992K (35%)
ptolemy.util.test.WatchDog.cancel(): canceling Sat Dec 14 06:26:16 UTC 2019
------------------ testing $PTII/ptolemy/domains/de/test/auto/Modal5.xml
auto.tcl: Setting watchdog for 200 seconds at Sat Dec 14 06:26:16 UTC 2019
18 ms. Memory: 48128K Free: 20819K (43%)
ptolemy.util.test.WatchDog.cancel(): canceling Sat Dec 14 06:26:16 UTC 2019
auto.tcl: Setting watchdog for 200 seconds at Sat Dec 14 06:26:16 UTC 2019
14 ms. Memory: 48128K Free: 16979K (35%)
ptolemy.util.test.WatchDog.cancel(): canceling Sat Dec 14 06:26:16 UTC 2019
------------------ testing $PTII/ptolemy/domains/de/test/auto/Modal6.xml
auto.tcl: Setting watchdog for 200 seconds at Sat Dec 14 06:26:16 UTC 2019
12 ms. Memory: 48128K Free: 21603K (45%)
ptolemy.util.test.WatchDog.cancel(): canceling Sat Dec 14 06:26:16 UTC 2019
auto.tcl: Setting watchdog for 200 seconds at Sat Dec 14 06:26:16 UTC 2019
19 ms. Memory: 48128K Free: 18001K (37%)
ptolemy.util.test.WatchDog.cancel(): canceling Sat Dec 14 06:26:16 UTC 2019
------------------ testing $PTII/ptolemy/domains/de/test/auto/Modal7.xml
auto.tcl: Setting watchdog for 200 seconds at Sat Dec 14 06:26:16 UTC 2019
9 ms. Memory: 48128K Free: 20558K (43%)
ptolemy.util.test.WatchDog.cancel(): canceling Sat Dec 14 06:26:16 UTC 2019
auto.tcl: Setting watchdog for 200 seconds at Sat Dec 14 06:26:16 UTC 2019
10 ms. Memory: 48128K Free: 17203K (36%)
ptolemy.util.test.WatchDog.cancel(): canceling Sat Dec 14 06:26:16 UTC 2019
------------------ testing $PTII/ptolemy/domains/de/test/auto/ModalModel.xml
auto.tcl: Setting watchdog for 200 seconds at Sat Dec 14 06:26:16 UTC 2019
241 ms. Memory: 58368K Free: 27376K (47%)
ptolemy.util.test.WatchDog.cancel(): canceling Sat Dec 14 06:26:16 UTC 2019
auto.tcl: Setting watchdog for 200 seconds at Sat Dec 14 06:26:16 UTC 2019
201 ms. Memory: 58368K Free: 26927K (46%)
ptolemy.util.test.WatchDog.cancel(): canceling Sat Dec 14 06:26:16 UTC 2019
------------------ testing $PTII/ptolemy/domains/de/test/auto/ModalSource.xml
auto.tcl: Setting watchdog for 200 seconds at Sat Dec 14 06:26:16 UTC 2019
5 ms. Memory: 51200K Free: 28708K (56%)
ptolemy.util.test.WatchDog.cancel(): canceling Sat Dec 14 06:26:16 UTC 2019
auto.tcl: Setting watchdog for 200 seconds at Sat Dec 14 06:26:16 UTC 2019
6 ms. Memory: 51200K Free: 26760K (52%)
ptolemy.util.test.WatchDog.cancel(): canceling Sat Dec 14 06:26:16 UTC 2019
------------------ testing $PTII/ptolemy/domains/de/test/auto/NonInterruptibleTimerZeroDelay.xml
auto.tcl: Setting watchdog for 200 seconds at Sat Dec 14 06:26:17 UTC 2019
4 ms. Memory: 51200K Free: 33605K (66%)
ptolemy.util.test.WatchDog.cancel(): canceling Sat Dec 14 06:26:17 UTC 2019
auto.tcl: Setting watchdog for 200 seconds at Sat Dec 14 06:26:17 UTC 2019
2 ms. Memory: 51200K Free: 32980K (64%)
ptolemy.util.test.WatchDog.cancel(): canceling Sat Dec 14 06:26:17 UTC 2019
------------------ testing $PTII/ptolemy/domains/de/test/auto/OpenQueueingNetwork.xml
auto.tcl: Setting watchdog for 200 seconds at Sat Dec 14 06:26:17 UTC 2019
2891 ms. Memory: 128000K Free: 94777K (74%)
ptolemy.util.test.WatchDog.cancel(): canceling Sat Dec 14 06:26:20 UTC 2019
auto.tcl: Setting watchdog for 200 seconds at Sat Dec 14 06:26:20 UTC 2019
2460 ms. Memory: 153600K Free: 64400K (42%)
ptolemy.util.test.WatchDog.cancel(): canceling Sat Dec 14 06:26:22 UTC 2019
------------------ testing $PTII/ptolemy/domains/de/test/auto/OpenQueuingNetwork.xml
auto.tcl: Setting watchdog for 200 seconds at Sat Dec 14 06:26:22 UTC 2019
312 ms. Memory: 61440K Free: 32358K (53%)
ptolemy.util.test.WatchDog.cancel(): canceling Sat Dec 14 06:26:23 UTC 2019
auto.tcl: Setting watchdog for 200 seconds at Sat Dec 14 06:26:23 UTC 2019
325 ms. Memory: 61440K Free: 17958K (29%)
ptolemy.util.test.WatchDog.cancel(): canceling Sat Dec 14 06:26:23 UTC 2019
------------------ testing $PTII/ptolemy/domains/de/test/auto/PeriodicSampler.xml
auto.tcl: Setting watchdog for 200 seconds at Sat Dec 14 06:26:23 UTC 2019
3 ms. Memory: 48128K Free: 29783K (62%)
ptolemy.util.test.WatchDog.cancel(): canceling Sat Dec 14 06:26:23 UTC 2019
auto.tcl: Setting watchdog for 200 seconds at Sat Dec 14 06:26:23 UTC 2019
2 ms. Memory: 48128K Free: 29283K (61%)
ptolemy.util.test.WatchDog.cancel(): canceling Sat Dec 14 06:26:23 UTC 2019
------------------ testing $PTII/ptolemy/domains/de/test/auto/PersistentIO.xml
auto.tcl: Setting watchdog for 200 seconds at Sat Dec 14 06:26:23 UTC 2019
15 ms. Memory: 48128K Free: 24722K (51%)
ptolemy.util.test.WatchDog.cancel(): canceling Sat Dec 14 06:26:23 UTC 2019
auto.tcl: Setting watchdog for 200 seconds at Sat Dec 14 06:26:23 UTC 2019
5 ms. Memory: 48128K Free: 23235K (48%)
ptolemy.util.test.WatchDog.cancel(): canceling Sat Dec 14 06:26:23 UTC 2019
------------------ testing $PTII/ptolemy/domains/de/test/auto/PortParameterResetOnInitialize.xml
auto.tcl: Setting watchdog for 200 seconds at Sat Dec 14 06:26:23 UTC 2019
11 ms. Memory: 48128K Free: 29692K (62%)
ptolemy.util.test.WatchDog.cancel(): canceling Sat Dec 14 06:26:23 UTC 2019
auto.tcl: Setting watchdog for 200 seconds at Sat Dec 14 06:26:23 UTC 2019
3 ms. Memory: 48128K Free: 29202K (61%)
ptolemy.util.test.WatchDog.cancel(): canceling Sat Dec 14 06:26:23 UTC 2019
------------------ testing $PTII/ptolemy/domains/de/test/auto/PortParameterUpdates.xml
auto.tcl: Setting watchdog for 200 seconds at Sat Dec 14 06:26:23 UTC 2019
5 ms. Memory: 48128K Free: 28011K (58%)
ptolemy.util.test.WatchDog.cancel(): canceling Sat Dec 14 06:26:23 UTC 2019
auto.tcl: Setting watchdog for 200 seconds at Sat Dec 14 06:26:23 UTC 2019
5 ms. Memory: 48128K Free: 26786K (56%)
ptolemy.util.test.WatchDog.cancel(): canceling Sat Dec 14 06:26:23 UTC 2019
------------------ testing $PTII/ptolemy/domains/de/test/auto/QueueAndServer.xml
auto.tcl: Setting watchdog for 200 seconds at Sat Dec 14 06:26:23 UTC 2019
20 ms. Memory: 48128K Free: 26686K (55%)
ptolemy.util.test.WatchDog.cancel(): canceling Sat Dec 14 06:26:23 UTC 2019
auto.tcl: Setting watchdog for 200 seconds at Sat Dec 14 06:26:23 UTC 2019
6 ms. Memory: 48128K Free: 25220K (52%)
ptolemy.util.test.WatchDog.cancel(): canceling Sat Dec 14 06:26:23 UTC 2019
------------------ testing $PTII/ptolemy/domains/de/test/auto/Records.xml
auto.tcl: Setting watchdog for 200 seconds at Sat Dec 14 06:26:23 UTC 2019
3 ms. Memory: 48128K Free: 28965K (60%)
ptolemy.util.test.WatchDog.cancel(): canceling Sat Dec 14 06:26:23 UTC 2019
auto.tcl: Setting watchdog for 200 seconds at Sat Dec 14 06:26:23 UTC 2019
2 ms. Memory: 48128K Free: 28466K (59%)
ptolemy.util.test.WatchDog.cancel(): canceling Sat Dec 14 06:26:23 UTC 2019
------------------ testing $PTII/ptolemy/domains/de/test/auto/ResetTransitionWithStartTime1.xml
auto.tcl: Setting watchdog for 200 seconds at Sat Dec 14 06:26:23 UTC 2019
15 ms. Memory: 48128K Free: 26189K (54%)
ptolemy.util.test.WatchDog.cancel(): canceling Sat Dec 14 06:26:23 UTC 2019
auto.tcl: Setting watchdog for 200 seconds at Sat Dec 14 06:26:23 UTC 2019
13 ms. Memory: 48128K Free: 23667K (49%)
ptolemy.util.test.WatchDog.cancel(): canceling Sat Dec 14 06:26:23 UTC 2019
------------------ testing $PTII/ptolemy/domains/de/test/auto/ResetTransitionWithStartTime2.xml
auto.tcl: Setting watchdog for 200 seconds at Sat Dec 14 06:26:23 UTC 2019
7 ms. Memory: 48128K Free: 26144K (54%)
ptolemy.util.test.WatchDog.cancel(): canceling Sat Dec 14 06:26:24 UTC 2019
auto.tcl: Setting watchdog for 200 seconds at Sat Dec 14 06:26:24 UTC 2019
6 ms. Memory: 48128K Free: 24080K (50%)
ptolemy.util.test.WatchDog.cancel(): canceling Sat Dec 14 06:26:24 UTC 2019
------------------ testing $PTII/ptolemy/domains/de/test/auto/ResetTransitionWithStartTime3.xml
auto.tcl: Setting watchdog for 200 seconds at Sat Dec 14 06:26:24 UTC 2019
6 ms. Memory: 48128K Free: 26143K (54%)
ptolemy.util.test.WatchDog.cancel(): canceling Sat Dec 14 06:26:24 UTC 2019
auto.tcl: Setting watchdog for 200 seconds at Sat Dec 14 06:26:24 UTC 2019
5 ms. Memory: 48128K Free: 24079K (50%)
ptolemy.util.test.WatchDog.cancel(): canceling Sat Dec 14 06:26:24 UTC 2019
------------------ testing $PTII/ptolemy/domains/de/test/auto/ResetTransitionWithStartTime4.xml
auto.tcl: Setting watchdog for 200 seconds at Sat Dec 14 06:26:24 UTC 2019
12 ms. Memory: 48128K Free: 26609K (55%)
ptolemy.util.test.WatchDog.cancel(): canceling Sat Dec 14 06:26:24 UTC 2019
auto.tcl: Setting watchdog for 200 seconds at Sat Dec 14 06:26:24 UTC 2019
4 ms. Memory: 48128K Free: 25165K (52%)
ptolemy.util.test.WatchDog.cancel(): canceling Sat Dec 14 06:26:24 UTC 2019
------------------ testing $PTII/ptolemy/domains/de/test/auto/ResettableTimer1.xml
auto.tcl: Setting watchdog for 200 seconds at Sat Dec 14 06:26:24 UTC 2019
3 ms. Memory: 48128K Free: 30362K (63%)
ptolemy.util.test.WatchDog.cancel(): canceling Sat Dec 14 06:26:24 UTC 2019
auto.tcl: Setting watchdog for 200 seconds at Sat Dec 14 06:26:24 UTC 2019
2 ms. Memory: 48128K Free: 29721K (62%)
ptolemy.util.test.WatchDog.cancel(): canceling Sat Dec 14 06:26:24 UTC 2019
------------------ testing $PTII/ptolemy/domains/de/test/auto/ResettableTimer2.xml
auto.tcl: Setting watchdog for 200 seconds at Sat Dec 14 06:26:24 UTC 2019
3 ms. Memory: 48128K Free: 30437K (63%)
ptolemy.util.test.WatchDog.cancel(): canceling Sat Dec 14 06:26:24 UTC 2019
auto.tcl: Setting watchdog for 200 seconds at Sat Dec 14 06:26:24 UTC 2019
2 ms. Memory: 48128K Free: 29780K (62%)
ptolemy.util.test.WatchDog.cancel(): canceling Sat Dec 14 06:26:24 UTC 2019
------------------ testing $PTII/ptolemy/domains/de/test/auto/ResettableTimer3.xml
auto.tcl: Setting watchdog for 200 seconds at Sat Dec 14 06:26:24 UTC 2019
2 ms. Memory: 48128K Free: 30276K (63%)
ptolemy.util.test.WatchDog.cancel(): canceling Sat Dec 14 06:26:24 UTC 2019
auto.tcl: Setting watchdog for 200 seconds at Sat Dec 14 06:26:24 UTC 2019
1 ms. Memory: 48128K Free: 30276K (63%)
ptolemy.util.test.WatchDog.cancel(): canceling Sat Dec 14 06:26:24 UTC 2019
------------------ testing $PTII/ptolemy/domains/de/test/auto/ResettableTimer4.xml
auto.tcl: Setting watchdog for 200 seconds at Sat Dec 14 06:26:24 UTC 2019
1 ms. Memory: 48128K Free: 30326K (63%)
ptolemy.util.test.WatchDog.cancel(): canceling Sat Dec 14 06:26:24 UTC 2019
auto.tcl: Setting watchdog for 200 seconds at Sat Dec 14 06:26:24 UTC 2019
1 ms. Memory: 48128K Free: 29815K (62%)
ptolemy.util.test.WatchDog.cancel(): canceling Sat Dec 14 06:26:24 UTC 2019
------------------ testing $PTII/ptolemy/domains/de/test/auto/ResettableTimer5.xml
auto.tcl: Setting watchdog for 200 seconds at Sat Dec 14 06:26:24 UTC 2019
1 ms. Memory: 48128K Free: 30303K (63%)
ptolemy.util.test.WatchDog.cancel(): canceling Sat Dec 14 06:26:24 UTC 2019
auto.tcl: Setting watchdog for 200 seconds at Sat Dec 14 06:26:24 UTC 2019
2 ms. Memory: 48128K Free: 29813K (62%)
ptolemy.util.test.WatchDog.cancel(): canceling Sat Dec 14 06:26:24 UTC 2019
------------------ testing $PTII/ptolemy/domains/de/test/auto/ResettableTimer6.xml
auto.tcl: Setting watchdog for 200 seconds at Sat Dec 14 06:26:24 UTC 2019
1 ms. Memory: 48128K Free: 29750K (62%)
ptolemy.util.test.WatchDog.cancel(): canceling Sat Dec 14 06:26:24 UTC 2019
auto.tcl: Setting watchdog for 200 seconds at Sat Dec 14 06:26:24 UTC 2019
1 ms. Memory: 48128K Free: 29259K (61%)
ptolemy.util.test.WatchDog.cancel(): canceling Sat Dec 14 06:26:24 UTC 2019
------------------ testing $PTII/ptolemy/domains/de/test/auto/ServerZeroDelay.xml
auto.tcl: Setting watchdog for 200 seconds at Sat Dec 14 06:26:24 UTC 2019
3 ms. Memory: 48128K Free: 30269K (63%)
ptolemy.util.test.WatchDog.cancel(): canceling Sat Dec 14 06:26:24 UTC 2019
auto.tcl: Setting watchdog for 200 seconds at Sat Dec 14 06:26:24 UTC 2019
2 ms. Memory: 48128K Free: 29300K (61%)
ptolemy.util.test.WatchDog.cancel(): canceling Sat Dec 14 06:26:24 UTC 2019
------------------ testing $PTII/ptolemy/domains/de/test/auto/SmartSender.xml
auto.tcl: Setting watchdog for 200 seconds at Sat Dec 14 06:26:24 UTC 2019
3002 ms. Memory: 48128K Free: 30287K (63%)
ptolemy.util.test.WatchDog.cancel(): canceling Sat Dec 14 06:26:27 UTC 2019
auto.tcl: Setting watchdog for 200 seconds at Sat Dec 14 06:26:27 UTC 2019
3002 ms. Memory: 48128K Free: 29789K (62%)
ptolemy.util.test.WatchDog.cancel(): canceling Sat Dec 14 06:26:30 UTC 2019
------------------ testing $PTII/ptolemy/domains/de/test/auto/ThreadedComposite.xml
auto.tcl: Setting watchdog for 200 seconds at Sat Dec 14 06:26:30 UTC 2019
200 ms. Memory: 48128K Free: 11332K (24%)
ptolemy.util.test.WatchDog.cancel(): canceling Sat Dec 14 06:26:30 UTC 2019
auto.tcl: Setting watchdog for 200 seconds at Sat Dec 14 06:26:30 UTC 2019
128 ms. Memory: 48128K Free: 24421K (51%)
ptolemy.util.test.WatchDog.cancel(): canceling Sat Dec 14 06:26:31 UTC 2019
------------------ testing $PTII/ptolemy/domains/de/test/auto/Time.xml
auto.tcl: Setting watchdog for 200 seconds at Sat Dec 14 06:26:31 UTC 2019
612 ms. Memory: 48128K Free: 28807K (60%)
ptolemy.util.test.WatchDog.cancel(): canceling Sat Dec 14 06:26:31 UTC 2019
auto.tcl: Setting watchdog for 200 seconds at Sat Dec 14 06:26:31 UTC 2019
506 ms. Memory: 48128K Free: 26781K (56%)
ptolemy.util.test.WatchDog.cancel(): canceling Sat Dec 14 06:26:32 UTC 2019
------------------ testing $PTII/ptolemy/domains/de/test/auto/TimeDelayZeroDelay.xml
auto.tcl: Setting watchdog for 200 seconds at Sat Dec 14 06:26:32 UTC 2019
3 ms. Memory: 48128K Free: 30194K (63%)
ptolemy.util.test.WatchDog.cancel(): canceling Sat Dec 14 06:26:32 UTC 2019
auto.tcl: Setting watchdog for 200 seconds at Sat Dec 14 06:26:32 UTC 2019
2 ms. Memory: 48128K Free: 29353K (61%)
ptolemy.util.test.WatchDog.cancel(): canceling Sat Dec 14 06:26:32 UTC 2019
------------------ testing $PTII/ptolemy/domains/de/test/auto/TimerZeroDelay.xml
auto.tcl: Setting watchdog for 200 seconds at Sat Dec 14 06:26:32 UTC 2019
3 ms. Memory: 48128K Free: 30717K (64%)
ptolemy.util.test.WatchDog.cancel(): canceling Sat Dec 14 06:26:32 UTC 2019
auto.tcl: Setting watchdog for 200 seconds at Sat Dec 14 06:26:32 UTC 2019
2 ms. Memory: 48128K Free: 30266K (63%)
ptolemy.util.test.WatchDog.cancel(): canceling Sat Dec 14 06:26:32 UTC 2019
------------------ testing $PTII/ptolemy/domains/de/test/auto/TimingParadox.xml
auto.tcl: Setting watchdog for 200 seconds at Sat Dec 14 06:26:32 UTC 2019
412 ms. Memory: 58368K Free: 23982K (41%)
ptolemy.util.test.WatchDog.cancel(): canceling Sat Dec 14 06:26:33 UTC 2019
auto.tcl: Setting watchdog for 200 seconds at Sat Dec 14 06:26:33 UTC 2019
349 ms. Memory: 58368K Free: 17110K (29%)
ptolemy.util.test.WatchDog.cancel(): canceling Sat Dec 14 06:26:33 UTC 2019
------------------ testing $PTII/ptolemy/domains/de/test/auto/TransferInputs.xml
auto.tcl: Setting watchdog for 200 seconds at Sat Dec 14 06:26:33 UTC 2019
2 ms. Memory: 51200K Free: 31777K (62%)
ptolemy.util.test.WatchDog.cancel(): canceling Sat Dec 14 06:26:33 UTC 2019
auto.tcl: Setting watchdog for 200 seconds at Sat Dec 14 06:26:33 UTC 2019
1 ms. Memory: 51200K Free: 30864K (60%)
ptolemy.util.test.WatchDog.cancel(): canceling Sat Dec 14 06:26:33 UTC 2019
------------------ testing $PTII/ptolemy/domains/de/test/auto/TransferOutputs2.xml
auto.tcl: Setting watchdog for 200 seconds at Sat Dec 14 06:26:33 UTC 2019
3 ms. Memory: 51200K Free: 29219K (57%)
ptolemy.util.test.WatchDog.cancel(): canceling Sat Dec 14 06:26:33 UTC 2019
auto.tcl: Setting watchdog for 200 seconds at Sat Dec 14 06:26:33 UTC 2019
3 ms. Memory: 51200K Free: 27809K (54%)
ptolemy.util.test.WatchDog.cancel(): canceling Sat Dec 14 06:26:33 UTC 2019
------------------ testing $PTII/ptolemy/domains/de/test/auto/Trilateration.xml
auto.tcl: Setting watchdog for 200 seconds at Sat Dec 14 06:26:33 UTC 2019
14358 ms. Memory: 545792K Free: 423342K (78%)
ptolemy.util.test.WatchDog.cancel(): canceling Sat Dec 14 06:26:49 UTC 2019
auto.tcl: Setting watchdog for 200 seconds at Sat Dec 14 06:26:49 UTC 2019
11338 ms. Memory: 545792K Free: 356308K (65%)
ptolemy.util.test.WatchDog.cancel(): canceling Sat Dec 14 06:27:00 UTC 2019
------------------ testing $PTII/ptolemy/domains/de/test/auto/TwoSigmaDelta.xml
auto.tcl: Setting watchdog for 200 seconds at Sat Dec 14 06:27:00 UTC 2019
2867 ms. Memory: 89088K Free: 17145K (19%)
ptolemy.util.test.WatchDog.cancel(): canceling Sat Dec 14 06:27:03 UTC 2019
auto.tcl: Setting watchdog for 200 seconds at Sat Dec 14 06:27:03 UTC 2019
1951 ms. Memory: 89088K Free: 16098K (18%)
ptolemy.util.test.WatchDog.cancel(): canceling Sat Dec 14 06:27:05 UTC 2019
------------------ testing $PTII/ptolemy/domains/de/test/auto/VariableDelay.xml
auto.tcl: Setting watchdog for 200 seconds at Sat Dec 14 06:27:05 UTC 2019
2 ms. Memory: 51200K Free: 32252K (63%)
ptolemy.util.test.WatchDog.cancel(): canceling Sat Dec 14 06:27:05 UTC 2019
auto.tcl: Setting watchdog for 200 seconds at Sat Dec 14 06:27:05 UTC 2019
2 ms. Memory: 51200K Free: 31770K (62%)
ptolemy.util.test.WatchDog.cancel(): canceling Sat Dec 14 06:27:05 UTC 2019
------------------ testing $PTII/ptolemy/domains/de/test/auto/VariableDelay2.xml
auto.tcl: Setting watchdog for 200 seconds at Sat Dec 14 06:27:05 UTC 2019
10 ms. Memory: 51200K Free: 32865K (64%)
ptolemy.util.test.WatchDog.cancel(): canceling Sat Dec 14 06:27:05 UTC 2019
auto.tcl: Setting watchdog for 200 seconds at Sat Dec 14 06:27:05 UTC 2019
1 ms. Memory: 51200K Free: 32170K (63%)
ptolemy.util.test.WatchDog.cancel(): canceling Sat Dec 14 06:27:05 UTC 2019
------------------ testing $PTII/ptolemy/domains/de/test/auto/VariableDelayZeroDelay.xml
auto.tcl: Setting watchdog for 200 seconds at Sat Dec 14 06:27:05 UTC 2019
2 ms. Memory: 51200K Free: 33194K (65%)
ptolemy.util.test.WatchDog.cancel(): canceling Sat Dec 14 06:27:05 UTC 2019
auto.tcl: Setting watchdog for 200 seconds at Sat Dec 14 06:27:05 UTC 2019
1 ms. Memory: 51200K Free: 32674K (64%)
ptolemy.util.test.WatchDog.cancel(): canceling Sat Dec 14 06:27:05 UTC 2019
------------------ testing $PTII/ptolemy/domains/de/test/auto/VariableDelayZeroDelay2.xml
auto.tcl: Setting watchdog for 200 seconds at Sat Dec 14 06:27:05 UTC 2019
5 ms. Memory: 51200K Free: 33192K (65%)
ptolemy.util.test.WatchDog.cancel(): canceling Sat Dec 14 06:27:05 UTC 2019
auto.tcl: Setting watchdog for 200 seconds at Sat Dec 14 06:27:05 UTC 2019
2 ms. Memory: 51200K Free: 32168K (63%)
ptolemy.util.test.WatchDog.cancel(): canceling Sat Dec 14 06:27:05 UTC 2019
------------------ testing $PTII/ptolemy/domains/de/test/auto/deInCt.xml
auto.tcl: Setting watchdog for 200 seconds at Sat Dec 14 06:27:05 UTC 2019
0
1
1
1
1
1
0
0
0
1
1
1
1
0
0
1
1
1
1
0
0
0
1
1
1
1
1
1
1
23 ms. Memory: 51200K Free: 32165K (63%)
ptolemy.util.test.WatchDog.cancel(): canceling Sat Dec 14 06:27:05 UTC 2019
auto.tcl: Setting watchdog for 200 seconds at Sat Dec 14 06:27:05 UTC 2019
0
1
1
1
0
0
0
1
1
0
0
0
1
1
1
0
0
1
1
1
0
0
0
1
1
1
0
0
0
1
1
1
0
0
0
0
1
1
1
1
1
0
0
1
1
1
1
18 ms. Memory: 51200K Free: 30627K (60%)
ptolemy.util.test.WatchDog.cancel(): canceling Sat Dec 14 06:27:05 UTC 2019
------------------ testing $PTII/ptolemy/domains/de/test/auto/deInCt2.xml
auto.tcl: Setting watchdog for 200 seconds at Sat Dec 14 06:27:05 UTC 2019
0
1
1
1
0
0
1
1
1
0
0
1
1
1
0
0
1
1
1
0
0
1
1
1
0
0
1
1
1
0
0
1
1
1
0
0
1
1
1
0
0
0
11 ms. Memory: 51200K Free: 32168K (63%)
ptolemy.util.test.WatchDog.cancel(): canceling Sat Dec 14 06:27:05 UTC 2019
auto.tcl: Setting watchdog for 200 seconds at Sat Dec 14 06:27:05 UTC 2019
0
1
1
1
0
0
1
1
1
0
0
1
1
1
0
0
1
1
1
0
0
1
1
1
0
0
1
1
1
0
0
1
1
1
0
0
1
1
1
0
0
0
5 ms. Memory: 51200K Free: 30616K (60%)
ptolemy.util.test.WatchDog.cancel(): canceling Sat Dec 14 06:27:05 UTC 2019
------------------ testing $PTII/ptolemy/domains/de/test/auto/dynamicCausalityInterface1.xml
auto.tcl: Setting watchdog for 200 seconds at Sat Dec 14 06:27:06 UTC 2019
1 ms. Memory: 51200K Free: 28066K (55%)
ptolemy.util.test.WatchDog.cancel(): canceling Sat Dec 14 06:27:06 UTC 2019
auto.tcl: Setting watchdog for 200 seconds at Sat Dec 14 06:27:06 UTC 2019
0 ms. Memory: 51200K Free: 27552K (54%)
ptolemy.util.test.WatchDog.cancel(): canceling Sat Dec 14 06:27:06 UTC 2019
------------------ testing $PTII/ptolemy/domains/de/test/auto/fsm_de_test.xml
auto.tcl: Setting watchdog for 200 seconds at Sat Dec 14 06:27:06 UTC 2019
7 ms. Memory: 51200K Free: 27965K (55%)
ptolemy.util.test.WatchDog.cancel(): canceling Sat Dec 14 06:27:06 UTC 2019
auto.tcl: Setting watchdog for 200 seconds at Sat Dec 14 06:27:06 UTC 2019
5 ms. Memory: 51200K Free: 25917K (51%)
ptolemy.util.test.WatchDog.cancel(): canceling Sat Dec 14 06:27:06 UTC 2019
------------------ testing $PTII/ptolemy/domains/de/test/auto/functionDependencyReconstruction.xml
auto.tcl: Setting watchdog for 200 seconds at Sat Dec 14 06:27:06 UTC 2019
3 ms. Memory: 51200K Free: 21933K (43%)
ptolemy.util.test.WatchDog.cancel(): canceling Sat Dec 14 06:27:06 UTC 2019
auto.tcl: Setting watchdog for 200 seconds at Sat Dec 14 06:27:06 UTC 2019
3 ms. Memory: 51200K Free: 20272K (40%)
ptolemy.util.test.WatchDog.cancel(): canceling Sat Dec 14 06:27:06 UTC 2019
------------------ testing $PTII/ptolemy/domains/de/test/auto/multirate.xml
auto.tcl: Setting watchdog for 200 seconds at Sat Dec 14 06:27:06 UTC 2019
5 ms. Memory: 51200K Free: 30540K (60%)
ptolemy.util.test.WatchDog.cancel(): canceling Sat Dec 14 06:27:06 UTC 2019
auto.tcl: Setting watchdog for 200 seconds at Sat Dec 14 06:27:06 UTC 2019
4 ms. Memory: 51200K Free: 28861K (56%)
ptolemy.util.test.WatchDog.cancel(): canceling Sat Dec 14 06:27:06 UTC 2019
------------------ testing $PTII/ptolemy/domains/de/test/auto/multirate2.xml
auto.tcl: Setting watchdog for 200 seconds at Sat Dec 14 06:27:06 UTC 2019
3 ms. Memory: 48128K Free: 27739K (58%)
ptolemy.util.test.WatchDog.cancel(): canceling Sat Dec 14 06:27:06 UTC 2019
auto.tcl: Setting watchdog for 200 seconds at Sat Dec 14 06:27:06 UTC 2019
3 ms. Memory: 48128K Free: 26023K (54%)
ptolemy.util.test.WatchDog.cancel(): canceling Sat Dec 14 06:27:06 UTC 2019
------------------ testing $PTII/ptolemy/domains/de/test/auto/realtime.xml
auto.tcl: Setting watchdog for 200 seconds at Sat Dec 14 06:27:06 UTC 2019
10001 ms. Memory: 48128K Free: 29766K (62%)
ptolemy.util.test.WatchDog.cancel(): canceling Sat Dec 14 06:27:16 UTC 2019
auto.tcl: Setting watchdog for 200 seconds at Sat Dec 14 06:27:16 UTC 2019
10002 ms. Memory: 48128K Free: 29040K (60%)
ptolemy.util.test.WatchDog.cancel(): canceling Sat Dec 14 06:27:26 UTC 2019
------------------ testing $PTII/ptolemy/domains/de/test/auto/relationGroup.xml
auto.tcl: Setting watchdog for 200 seconds at Sat Dec 14 06:27:26 UTC 2019
2 ms. Memory: 48128K Free: 30814K (64%)
ptolemy.util.test.WatchDog.cancel(): canceling Sat Dec 14 06:27:26 UTC 2019
auto.tcl: Setting watchdog for 200 seconds at Sat Dec 14 06:27:26 UTC 2019
2 ms. Memory: 48128K Free: 30121K (63%)
ptolemy.util.test.WatchDog.cancel(): canceling Sat Dec 14 06:27:26 UTC 2019
------------------ testing $PTII/ptolemy/domains/de/test/auto/relationGroup2.xml
auto.tcl: Setting watchdog for 200 seconds at Sat Dec 14 06:27:26 UTC 2019
1 ms. Memory: 48128K Free: 30854K (64%)
ptolemy.util.test.WatchDog.cancel(): canceling Sat Dec 14 06:27:26 UTC 2019
auto.tcl: Setting watchdog for 200 seconds at Sat Dec 14 06:27:26 UTC 2019
1 ms. Memory: 48128K Free: 30147K (63%)
ptolemy.util.test.WatchDog.cancel(): canceling Sat Dec 14 06:27:26 UTC 2019
------------------ testing $PTII/ptolemy/domains/de/test/auto/sortWithOpaquePorts.xml
auto.tcl: Setting watchdog for 200 seconds at Sat Dec 14 06:27:26 UTC 2019
2 ms. Memory: 48128K Free: 29632K (62%)
ptolemy.util.test.WatchDog.cancel(): canceling Sat Dec 14 06:27:26 UTC 2019
auto.tcl: Setting watchdog for 200 seconds at Sat Dec 14 06:27:26 UTC 2019
1 ms. Memory: 48128K Free: 28648K (60%)
ptolemy.util.test.WatchDog.cancel(): canceling Sat Dec 14 06:27:26 UTC 2019
------------------ testing $PTII/ptolemy/domains/de/test/auto/transferInputsandOutputs.xml
auto.tcl: Setting watchdog for 200 seconds at Sat Dec 14 06:27:26 UTC 2019
2 ms. Memory: 48128K Free: 27063K (56%)
ptolemy.util.test.WatchDog.cancel(): canceling Sat Dec 14 06:27:26 UTC 2019
auto.tcl: Setting watchdog for 200 seconds at Sat Dec 14 06:27:26 UTC 2019
3 ms. Memory: 48128K Free: 26096K (54%)
ptolemy.util.test.WatchDog.cancel(): canceling Sat Dec 14 06:27:26 UTC 2019
------------------ testing $PTII/ptolemy/domains/de/test/auto/triggerType.xml
auto.tcl: Setting watchdog for 200 seconds at Sat Dec 14 06:27:26 UTC 2019
2 ms. Memory: 48128K Free: 30088K (63%)
ptolemy.util.test.WatchDog.cancel(): canceling Sat Dec 14 06:27:26 UTC 2019
auto.tcl: Setting watchdog for 200 seconds at Sat Dec 14 06:27:26 UTC 2019
1 ms. Memory: 48128K Free: 29104K (60%)
ptolemy.util.test.WatchDog.cancel(): canceling Sat Dec 14 06:27:26 UTC 2019
12/14/19 06:27:26
Failed: 0  Total Tests: 192  ((Passed: 187, Newly Passed: 1)  Known Failed: 5) /home/travis/build/icyphy/ptII/ptolemy/domains/de/test
12/14/19 06:27:26
Failed: 0  Total Tests: 192  ((Passed: 187, Newly Passed: 1)  Known Failed: 5) /home/travis/build/icyphy/ptII/ptolemy/domains/de/test
----------------- testing (KnownFailure) /home/travis/build/icyphy/ptII/ptolemy/domains/de/test/auto/knownFailedTests/DESDFClockTest.xml
2013 ms. Memory: 48128K Free: 23483K (49%)
Known Failure: java.lang.reflect.InvocationTargetException
----------------- testing (KnownFailure) /home/travis/build/icyphy/ptII/ptolemy/domains/de/test/auto/knownFailedTests/DirectFeedback.xml
1 ms. Memory: 48128K Free: 19901K (41%)
Known Failure: java.lang.reflect.InvocationTargetException
----------------- testing (KnownFailure) /home/travis/build/icyphy/ptII/ptolemy/domains/de/test/auto/knownFailedTests/FSMSource.xml
16 ms. Memory: 48128K Free: 12219K (25%)
----------------- testing (KnownFailure) /home/travis/build/icyphy/ptII/ptolemy/domains/de/test/auto/knownFailedTests/HierarchicalModel.xml
7 ms. Memory: 48128K Free: 22429K (47%)
Known Failure: java.lang.reflect.InvocationTargetException
----------------- testing (KnownFailure) /home/travis/build/icyphy/ptII/ptolemy/domains/de/test/auto/knownFailedTests/dependencyLoop.xml
5 ms. Memory: 48128K Free: 33468K (70%)
Known Failure: java.lang.reflect.InvocationTargetException
----------------- testing (KnownFailure) /home/travis/build/icyphy/ptII/ptolemy/domains/de/test/auto/knownFailedTests/dependencyLoop2.xml
6 ms. Memory: 48128K Free: 18449K (38%)
Known Failure: java.lang.reflect.InvocationTargetException
No auto/linux-amd64/*.xml tests in /home/travis/build/icyphy/ptII/ptolemy/domains/de/test
AutoTests.java: About to close Vertx.
AutoTests.java: Vertx closed.

===========================================================================================
----------------- testing Sat Dec 14 06:27:29 UTC 2019 /home/travis/build/icyphy/ptII/ptolemy/domains/de/test/auto/ActorDepthCalculation_actorWithoutPorts.xml
----------------- Instantiating /home/travis/build/icyphy/ptII/ptolemy/domains/de/test/auto/ActorDepthCalculation_actorWithoutPorts.xml
1 ms. Memory: 48128K Free: 12522K (26%)
----------------- Invoking toplevel() on ptolemy.moml.MoMLSimpleApplication@48b7befa
----------------- Done invoking toplevel() on ptolemy.moml.MoMLSimpleApplication@48b7befa
reloadAllAccessors: .ActorDepthCalculation_actorWithoutPorts

===========================================================================================
----------------- testing Sat Dec 14 06:27:29 UTC 2019 /home/travis/build/icyphy/ptII/ptolemy/domains/de/test/auto/AssemblyLine.xml
----------------- Instantiating /home/travis/build/icyphy/ptII/ptolemy/domains/de/test/auto/AssemblyLine.xml
1 ms. Memory: 48128K Free: 31476K (65%)
----------------- Invoking toplevel() on ptolemy.moml.MoMLSimpleApplication@17190ed7
----------------- Done invoking toplevel() on ptolemy.moml.MoMLSimpleApplication@17190ed7
reloadAllAccessors: .AssemblyLine

===========================================================================================
----------------- testing Sat Dec 14 06:27:29 UTC 2019 /home/travis/build/icyphy/ptII/ptolemy/domains/de/test/auto/CQBug1.xml
----------------- Instantiating /home/travis/build/icyphy/ptII/ptolemy/domains/de/test/auto/CQBug1.xml
0 ms. Memory: 48128K Free: 28551K (59%)
----------------- Invoking toplevel() on ptolemy.moml.MoMLSimpleApplication@1a7eba0d
----------------- Done invoking toplevel() on ptolemy.moml.MoMLSimpleApplication@1a7eba0d
reloadAllAccessors: .CQBug1

===========================================================================================
----------------- testing Sat Dec 14 06:27:29 UTC 2019 /home/travis/build/icyphy/ptII/ptolemy/domains/de/test/auto/CancelFireAt.xml
----------------- Instantiating /home/travis/build/icyphy/ptII/ptolemy/domains/de/test/auto/CancelFireAt.xml
2 ms. Memory: 48128K Free: 26162K (54%)
----------------- Invoking toplevel() on ptolemy.moml.MoMLSimpleApplication@e0c0fae
----------------- Done invoking toplevel() on ptolemy.moml.MoMLSimpleApplication@e0c0fae
reloadAllAccessors: .CancelFireAt

===========================================================================================
----------------- testing Sat Dec 14 06:27:29 UTC 2019 /home/travis/build/icyphy/ptII/ptolemy/domains/de/test/auto/CausalityAndComposabilityAnalysis.xml
----------------- Instantiating /home/travis/build/icyphy/ptII/ptolemy/domains/de/test/auto/CausalityAndComposabilityAnalysis.xml
8 ms. Memory: 48128K Free: 21863K (45%)
----------------- Invoking toplevel() on ptolemy.moml.MoMLSimpleApplication@324afe40
----------------- Done invoking toplevel() on ptolemy.moml.MoMLSimpleApplication@324afe40
reloadAllAccessors: .CausalityAndComposabilityAnalysis

===========================================================================================
----------------- testing Sat Dec 14 06:27:29 UTC 2019 /home/travis/build/icyphy/ptII/ptolemy/domains/de/test/auto/CausalityInterface1.xml
----------------- Instantiating /home/travis/build/icyphy/ptII/ptolemy/domains/de/test/auto/CausalityInterface1.xml
6 ms. Memory: 48128K Free: 17140K (36%)
----------------- Invoking toplevel() on ptolemy.moml.MoMLSimpleApplication@6d5a6770
----------------- Done invoking toplevel() on ptolemy.moml.MoMLSimpleApplication@6d5a6770
reloadAllAccessors: .CausalityInterface1

===========================================================================================
----------------- testing Sat Dec 14 06:27:29 UTC 2019 /home/travis/build/icyphy/ptII/ptolemy/domains/de/test/auto/CausalityInterface15.xml
----------------- Instantiating /home/travis/build/icyphy/ptII/ptolemy/domains/de/test/auto/CausalityInterface15.xml
2 ms. Memory: 48128K Free: 11623K (24%)
----------------- Invoking toplevel() on ptolemy.moml.MoMLSimpleApplication@de3f23d
----------------- Done invoking toplevel() on ptolemy.moml.MoMLSimpleApplication@de3f23d
reloadAllAccessors: .CausalityInterface15

===========================================================================================
----------------- testing Sat Dec 14 06:27:29 UTC 2019 /home/travis/build/icyphy/ptII/ptolemy/domains/de/test/auto/CausalityInterface2.xml
----------------- Instantiating /home/travis/build/icyphy/ptII/ptolemy/domains/de/test/auto/CausalityInterface2.xml
1 ms. Memory: 48128K Free: 32848K (68%)
[...]
	at ptolemy.actor.Manager.run(Manager.java:1263)
	at ptolemy.actor.Manager$PtolemyRunThread.run(Manager.java:1933)
java.lang.RuntimeException: Execution failed
	at ptolemy.moml.MoMLSimpleApplication$UnloadThread.run(MoMLSimpleApplication.java:402)
Caused by: ptolemy.kernel.util.IllegalActionException: Actor is not ready to fire.  Perhaps UpSample.prefire() returned false? Try debugging the actor by selecting "Listen to Actor".  Also, for SDF check moml for tokenConsumptionRate on input.
  in .DESDFClockTest.Play Bell.Copy1:SDF Director and .DESDFClockTest.Play Bell.UpSample
	at ptolemy.actor.sched.StaticSchedulingDirector.fire(StaticSchedulingDirector.java:227)
	at ptolemy.domains.sdf.kernel.SDFDirector.fire(SDFDirector.java:500)
	at ptolemy.actor.CompositeActor.fire(CompositeActor.java:455)
	at ptolemy.domains.de.kernel.DEDirector._fire(DEDirector.java:1949)
	at ptolemy.domains.de.kernel.DEDirector.fire(DEDirector.java:502)
	at ptolemy.actor.CompositeActor.fire(CompositeActor.java:455)
	at ptolemy.actor.Manager.iterate(Manager.java:851)
	at ptolemy.actor.Manager.execute(Manager.java:369)
	at ptolemy.actor.Manager.run(Manager.java:1263)
	at ptolemy.actor.Manager$PtolemyRunThread.run(Manager.java:1933)
java.lang.reflect.InvocationTargetException
	at java.base/jdk.internal.reflect.NativeConstructorAccessorImpl.newInstance0(Native Method)
	at java.base/jdk.internal.reflect.NativeConstructorAccessorImpl.newInstance(NativeConstructorAccessorImpl.java:62)
	at java.base/jdk.internal.reflect.DelegatingConstructorAccessorImpl.newInstance(DelegatingConstructorAccessorImpl.java:45)
	at java.base/java.lang.reflect.Constructor.newInstance(Constructor.java:490)
	at ptolemy.util.test.junit.AutoKnownFailedTests.RunModel(AutoKnownFailedTests.java:105)
	at java.base/jdk.internal.reflect.NativeMethodAccessorImpl.invoke0(Native Method)
	at java.base/jdk.internal.reflect.NativeMethodAccessorImpl.invoke(NativeMethodAccessorImpl.java:62)
	at java.base/jdk.internal.reflect.DelegatingMethodAccessorImpl.invoke(DelegatingMethodAccessorImpl.java:43)
	at java.base/java.lang.reflect.Method.invoke(Method.java:566)
	at org.junit.runners.model.FrameworkMethod$1.runReflectiveCall(FrameworkMethod.java:44)
	at org.junit.internal.runners.model.ReflectiveCallable.run(ReflectiveCallable.java:15)
	at org.junit.runners.model.FrameworkMethod.invokeExplosively(FrameworkMethod.java:41)
	at junitparams.internal.InvokeParameterisedMethod.evaluate(InvokeParameterisedMethod.java:102)
	at org.junit.internal.runners.statements.FailOnTimeout$1.run(FailOnTimeout.java:28)
Caused by: ptolemy.kernel.util.IllegalActionException: Actor is not ready to fire.  Perhaps UpSample.prefire() returned false? Try debugging the actor by selecting "Listen to Actor".  Also, for SDF check moml for tokenConsumptionRate on input.
  in .DESDFClockTest.Play Bell.Copy1:SDF Director and .DESDFClockTest.Play Bell.UpSample
	at ptolemy.actor.sched.StaticSchedulingDirector.fire(StaticSchedulingDirector.java:227)
	at ptolemy.domains.sdf.kernel.SDFDirector.fire(SDFDirector.java:500)
	at ptolemy.actor.CompositeActor.fire(CompositeActor.java:455)
	at ptolemy.domains.de.kernel.DEDirector._fire(DEDirector.java:1949)
	at ptolemy.domains.de.kernel.DEDirector.fire(DEDirector.java:502)
	at ptolemy.actor.CompositeActor.fire(CompositeActor.java:455)
	at ptolemy.actor.Manager.iterate(Manager.java:851)
	at ptolemy.actor.Manager.execute(Manager.java:369)
	at ptolemy.actor.Manager.run(Manager.java:1263)
	at ptolemy.actor.Manager$PtolemyRunThread.run(Manager.java:1933)
java.lang.RuntimeException: Execution failed
	at ptolemy.moml.MoMLSimpleApplication$UnloadThread.run(MoMLSimpleApplication.java:402)
Caused by: ptolemy.kernel.util.IllegalActionException: Test fails in iteration 1.
Value was: 1.0. Should have been: 2.0
  in .DirectFeedback.Test
	at ptolemy.actor.lib.Test.fire(Test.java:268)
	at ptolemy.domains.de.kernel.DEDirector._fire(DEDirector.java:1949)
	at ptolemy.domains.de.kernel.DEDirector.fire(DEDirector.java:502)
	at ptolemy.actor.CompositeActor.fire(CompositeActor.java:455)
	at ptolemy.actor.Manager.iterate(Manager.java:851)
	at ptolemy.actor.Manager.execute(Manager.java:369)
	at ptolemy.actor.Manager.run(Manager.java:1263)
	at ptolemy.actor.Manager$PtolemyRunThread.run(Manager.java:1933)
java.lang.reflect.InvocationTargetException
	at java.base/jdk.internal.reflect.NativeConstructorAccessorImpl.newInstance0(Native Method)
	at java.base/jdk.internal.reflect.NativeConstructorAccessorImpl.newInstance(NativeConstructorAccessorImpl.java:62)
	at java.base/jdk.internal.reflect.DelegatingConstructorAccessorImpl.newInstance(DelegatingConstructorAccessorImpl.java:45)
	at java.base/java.lang.reflect.Constructor.newInstance(Constructor.java:490)
	at ptolemy.util.test.junit.AutoKnownFailedTests.RunModel(AutoKnownFailedTests.java:105)
	at java.base/jdk.internal.reflect.NativeMethodAccessorImpl.invoke0(Native Method)
	at java.base/jdk.internal.reflect.NativeMethodAccessorImpl.invoke(NativeMethodAccessorImpl.java:62)
	at java.base/jdk.internal.reflect.DelegatingMethodAccessorImpl.invoke(DelegatingMethodAccessorImpl.java:43)
	at java.base/java.lang.reflect.Method.invoke(Method.java:566)
	at org.junit.runners.model.FrameworkMethod$1.runReflectiveCall(FrameworkMethod.java:44)
	at org.junit.internal.runners.model.ReflectiveCallable.run(ReflectiveCallable.java:15)
	at org.junit.runners.model.FrameworkMethod.invokeExplosively(FrameworkMethod.java:41)
	at junitparams.internal.InvokeParameterisedMethod.evaluate(InvokeParameterisedMethod.java:102)
	at org.junit.internal.runners.statements.FailOnTimeout$1.run(FailOnTimeout.java:28)
Caused by: ptolemy.kernel.util.IllegalActionException: Test fails in iteration 1.
Value was: 1.0. Should have been: 2.0
  in .DirectFeedback.Test
	at ptolemy.actor.lib.Test.fire(Test.java:268)
	at ptolemy.domains.de.kernel.DEDirector._fire(DEDirector.java:1949)
	at ptolemy.domains.de.kernel.DEDirector.fire(DEDirector.java:502)
	at ptolemy.actor.CompositeActor.fire(CompositeActor.java:455)
	at ptolemy.actor.Manager.iterate(Manager.java:851)
	at ptolemy.actor.Manager.execute(Manager.java:369)
	at ptolemy.actor.Manager.run(Manager.java:1263)
	at ptolemy.actor.Manager$PtolemyRunThread.run(Manager.java:1933)
java.lang.RuntimeException: Execution failed
	at ptolemy.moml.MoMLSimpleApplication$UnloadThread.run(MoMLSimpleApplication.java:402)
Caused by: ptolemy.kernel.util.IllegalActionException: Found a zero delay loop containing .HierarchicalModel.A
  in .HierarchicalModel and .HierarchicalModel.A
	at ptolemy.actor.util.CausalityInterfaceForComposites._computeOutputPortDepth(CausalityInterfaceForComposites.java:759)
	at ptolemy.actor.util.CausalityInterfaceForComposites._computeInputDepth(CausalityInterfaceForComposites.java:696)
	at ptolemy.actor.util.CausalityInterfaceForComposites._computeOutputPortDepth(CausalityInterfaceForComposites.java:765)
	at ptolemy.actor.util.CausalityInterfaceForComposites._computeInputDepth(CausalityInterfaceForComposites.java:696)
	at ptolemy.actor.util.CausalityInterfaceForComposites._computeOutputPortDepth(CausalityInterfaceForComposites.java:765)
	at ptolemy.actor.util.CausalityInterfaceForComposites._computeInputDepth(CausalityInterfaceForComposites.java:696)
	at ptolemy.actor.util.CausalityInterfaceForComposites._computeActorDepth(CausalityInterfaceForComposites.java:532)
	at ptolemy.actor.util.CausalityInterfaceForComposites.checkForCycles(CausalityInterfaceForComposites.java:96)
	at ptolemy.domains.de.kernel.DEDirector.preinitialize(DEDirector.java:1338)
	at ptolemy.actor.CompositeActor.preinitialize(CompositeActor.java:1828)
	at ptolemy.actor.Manager.preinitializeAndResolveTypes(Manager.java:1040)
	at ptolemy.actor.Manager.initialize(Manager.java:710)
	at ptolemy.actor.Manager.execute(Manager.java:356)
	at ptolemy.actor.Manager.run(Manager.java:1263)
	at ptolemy.actor.Manager$PtolemyRunThread.run(Manager.java:1933)
java.lang.reflect.InvocationTargetException
	at java.base/jdk.internal.reflect.NativeConstructorAccessorImpl.newInstance0(Native Method)
	at java.base/jdk.internal.reflect.NativeConstructorAccessorImpl.newInstance(NativeConstructorAccessorImpl.java:62)
	at java.base/jdk.internal.reflect.DelegatingConstructorAccessorImpl.newInstance(DelegatingConstructorAccessorImpl.java:45)
	at java.base/java.lang.reflect.Constructor.newInstance(Constructor.java:490)
	at ptolemy.util.test.junit.AutoKnownFailedTests.RunModel(AutoKnownFailedTests.java:105)
	at java.base/jdk.internal.reflect.NativeMethodAccessorImpl.invoke0(Native Method)
	at java.base/jdk.internal.reflect.NativeMethodAccessorImpl.invoke(NativeMethodAccessorImpl.java:62)
	at java.base/jdk.internal.reflect.DelegatingMethodAccessorImpl.invoke(DelegatingMethodAccessorImpl.java:43)
	at java.base/java.lang.reflect.Method.invoke(Method.java:566)
	at org.junit.runners.model.FrameworkMethod$1.runReflectiveCall(FrameworkMethod.java:44)
	at org.junit.internal.runners.model.ReflectiveCallable.run(ReflectiveCallable.java:15)
	at org.junit.runners.model.FrameworkMethod.invokeExplosively(FrameworkMethod.java:41)
	at junitparams.internal.InvokeParameterisedMethod.evaluate(InvokeParameterisedMethod.java:102)
	at org.junit.internal.runners.statements.FailOnTimeout$1.run(FailOnTimeout.java:28)
Caused by: ptolemy.kernel.util.IllegalActionException: Found a zero delay loop containing .HierarchicalModel.A
  in .HierarchicalModel and .HierarchicalModel.A
	at ptolemy.actor.util.CausalityInterfaceForComposites._computeOutputPortDepth(CausalityInterfaceForComposites.java:759)
	at ptolemy.actor.util.CausalityInterfaceForComposites._computeInputDepth(CausalityInterfaceForComposites.java:696)
	at ptolemy.actor.util.CausalityInterfaceForComposites._computeOutputPortDepth(CausalityInterfaceForComposites.java:765)
	at ptolemy.actor.util.CausalityInterfaceForComposites._computeInputDepth(CausalityInterfaceForComposites.java:696)
	at ptolemy.actor.util.CausalityInterfaceForComposites._computeOutputPortDepth(CausalityInterfaceForComposites.java:765)
	at ptolemy.actor.util.CausalityInterfaceForComposites._computeInputDepth(CausalityInterfaceForComposites.java:696)
	at ptolemy.actor.util.CausalityInterfaceForComposites._computeActorDepth(CausalityInterfaceForComposites.java:532)
	at ptolemy.actor.util.CausalityInterfaceForComposites.checkForCycles(CausalityInterfaceForComposites.java:96)
	at ptolemy.domains.de.kernel.DEDirector.preinitialize(DEDirector.java:1338)
	at ptolemy.actor.CompositeActor.preinitialize(CompositeActor.java:1828)
	at ptolemy.actor.Manager.preinitializeAndResolveTypes(Manager.java:1040)
	at ptolemy.actor.Manager.initialize(Manager.java:710)
	at ptolemy.actor.Manager.execute(Manager.java:356)
	at ptolemy.actor.Manager.run(Manager.java:1263)
	at ptolemy.actor.Manager$PtolemyRunThread.run(Manager.java:1933)
java.lang.RuntimeException: Execution failed
	at ptolemy.moml.MoMLSimpleApplication$UnloadThread.run(MoMLSimpleApplication.java:402)
Caused by: ptolemy.kernel.util.IllegalActionException: Found a zero delay loop containing .dependencyLoop.original
  in .dependencyLoop and .dependencyLoop.original
	at ptolemy.actor.util.CausalityInterfaceForComposites._computeOutputPortDepth(CausalityInterfaceForComposites.java:759)
	at ptolemy.actor.util.CausalityInterfaceForComposites._computeInputDepth(CausalityInterfaceForComposites.java:696)
	at ptolemy.actor.util.CausalityInterfaceForComposites._computeOutputPortDepth(CausalityInterfaceForComposites.java:765)
	at ptolemy.actor.util.CausalityInterfaceForComposites._computeInputDepth(CausalityInterfaceForComposites.java:696)
	at ptolemy.actor.util.CausalityInterfaceForComposites._computeOutputPortDepth(CausalityInterfaceForComposites.java:765)
	at ptolemy.actor.util.CausalityInterfaceForComposites._computeInputDepth(CausalityInterfaceForComposites.java:696)
	at ptolemy.actor.util.CausalityInterfaceForComposites._computeActorDepth(CausalityInterfaceForComposites.java:532)
	at ptolemy.actor.util.CausalityInterfaceForComposites.checkForCycles(CausalityInterfaceForComposites.java:96)
	at ptolemy.domains.de.kernel.DEDirector.preinitialize(DEDirector.java:1338)
	at ptolemy.actor.CompositeActor.preinitialize(CompositeActor.java:1828)
	at ptolemy.actor.Manager.preinitializeAndResolveTypes(Manager.java:1040)
	at ptolemy.actor.Manager.initialize(Manager.java:710)
	at ptolemy.actor.Manager.execute(Manager.java:356)
	at ptolemy.actor.Manager.run(Manager.java:1263)
	at ptolemy.actor.Manager$PtolemyRunThread.run(Manager.java:1933)
java.lang.reflect.InvocationTargetException
	at java.base/jdk.internal.reflect.NativeConstructorAccessorImpl.newInstance0(Native Method)
	at java.base/jdk.internal.reflect.NativeConstructorAccessorImpl.newInstance(NativeConstructorAccessorImpl.java:62)
	at java.base/jdk.internal.reflect.DelegatingConstructorAccessorImpl.newInstance(DelegatingConstructorAccessorImpl.java:45)
	at java.base/java.lang.reflect.Constructor.newInstance(Constructor.java:490)
	at ptolemy.util.test.junit.AutoKnownFailedTests.RunModel(AutoKnownFailedTests.java:105)
	at java.base/jdk.internal.reflect.NativeMethodAccessorImpl.invoke0(Native Method)
	at java.base/jdk.internal.reflect.NativeMethodAccessorImpl.invoke(NativeMethodAccessorImpl.java:62)
	at java.base/jdk.internal.reflect.DelegatingMethodAccessorImpl.invoke(DelegatingMethodAccessorImpl.java:43)
	at java.base/java.lang.reflect.Method.invoke(Method.java:566)
	at org.junit.runners.model.FrameworkMethod$1.runReflectiveCall(FrameworkMethod.java:44)
	at org.junit.internal.runners.model.ReflectiveCallable.run(ReflectiveCallable.java:15)
	at org.junit.runners.model.FrameworkMethod.invokeExplosively(FrameworkMethod.java:41)
	at junitparams.internal.InvokeParameterisedMethod.evaluate(InvokeParameterisedMethod.java:102)
	at org.junit.internal.runners.statements.FailOnTimeout$1.run(FailOnTimeout.java:28)
Caused by: ptolemy.kernel.util.IllegalActionException: Found a zero delay loop containing .dependencyLoop.original
  in .dependencyLoop and .dependencyLoop.original
	at ptolemy.actor.util.CausalityInterfaceForComposites._computeOutputPortDepth(CausalityInterfaceForComposites.java:759)
	at ptolemy.actor.util.CausalityInterfaceForComposites._computeInputDepth(CausalityInterfaceForComposites.java:696)
	at ptolemy.actor.util.CausalityInterfaceForComposites._computeOutputPortDepth(CausalityInterfaceForComposites.java:765)
	at ptolemy.actor.util.CausalityInterfaceForComposites._computeInputDepth(CausalityInterfaceForComposites.java:696)
	at ptolemy.actor.util.CausalityInterfaceForComposites._computeOutputPortDepth(CausalityInterfaceForComposites.java:765)
	at ptolemy.actor.util.CausalityInterfaceForComposites._computeInputDepth(CausalityInterfaceForComposites.java:696)
	at ptolemy.actor.util.CausalityInterfaceForComposites._computeActorDepth(CausalityInterfaceForComposites.java:532)
	at ptolemy.actor.util.CausalityInterfaceForComposites.checkForCycles(CausalityInterfaceForComposites.java:96)
	at ptolemy.domains.de.kernel.DEDirector.preinitialize(DEDirector.java:1338)
	at ptolemy.actor.CompositeActor.preinitialize(CompositeActor.java:1828)
	at ptolemy.actor.Manager.preinitializeAndResolveTypes(Manager.java:1040)
	at ptolemy.actor.Manager.initialize(Manager.java:710)
	at ptolemy.actor.Manager.execute(Manager.java:356)
	at ptolemy.actor.Manager.run(Manager.java:1263)
	at ptolemy.actor.Manager$PtolemyRunThread.run(Manager.java:1933)
java.lang.RuntimeException: Execution failed
	at ptolemy.moml.MoMLSimpleApplication$UnloadThread.run(MoMLSimpleApplication.java:402)
Caused by: ptolemy.kernel.util.IllegalActionException: Found a zero delay loop containing .dependencyLoop2.original
  in .dependencyLoop2 and .dependencyLoop2.original
	at ptolemy.actor.util.CausalityInterfaceForComposites._computeOutputPortDepth(CausalityInterfaceForComposites.java:759)
	at ptolemy.actor.util.CausalityInterfaceForComposites._computeInputDepth(CausalityInterfaceForComposites.java:696)
	at ptolemy.actor.util.CausalityInterfaceForComposites._computeOutputPortDepth(CausalityInterfaceForComposites.java:765)
	at ptolemy.actor.util.CausalityInterfaceForComposites._computeInputDepth(CausalityInterfaceForComposites.java:696)
	at ptolemy.actor.util.CausalityInterfaceForComposites._computeOutputPortDepth(CausalityInterfaceForComposites.java:765)
	at ptolemy.actor.util.CausalityInterfaceForComposites._computeInputDepth(CausalityInterfaceForComposites.java:696)
	at ptolemy.actor.util.CausalityInterfaceForComposites._computeActorDepth(CausalityInterfaceForComposites.java:532)
	at ptolemy.actor.util.CausalityInterfaceForComposites.checkForCycles(CausalityInterfaceForComposites.java:96)
	at ptolemy.domains.de.kernel.DEDirector.preinitialize(DEDirector.java:1338)
	at ptolemy.actor.CompositeActor.preinitialize(CompositeActor.java:1828)
	at ptolemy.actor.Manager.preinitializeAndResolveTypes(Manager.java:1040)
	at ptolemy.actor.Manager.initialize(Manager.java:710)
	at ptolemy.actor.Manager.execute(Manager.java:356)
	at ptolemy.actor.Manager.run(Manager.java:1263)
	at ptolemy.actor.Manager$PtolemyRunThread.run(Manager.java:1933)
java.lang.reflect.InvocationTargetException
	at java.base/jdk.internal.reflect.NativeConstructorAccessorImpl.newInstance0(Native Method)
	at java.base/jdk.internal.reflect.NativeConstructorAccessorImpl.newInstance(NativeConstructorAccessorImpl.java:62)
	at java.base/jdk.internal.reflect.DelegatingConstructorAccessorImpl.newInstance(DelegatingConstructorAccessorImpl.java:45)
	at java.base/java.lang.reflect.Constructor.newInstance(Constructor.java:490)
	at ptolemy.util.test.junit.AutoKnownFailedTests.RunModel(AutoKnownFailedTests.java:105)
	at java.base/jdk.internal.reflect.NativeMethodAccessorImpl.invoke0(Native Method)
	at java.base/jdk.internal.reflect.NativeMethodAccessorImpl.invoke(NativeMethodAccessorImpl.java:62)
	at java.base/jdk.internal.reflect.DelegatingMethodAccessorImpl.invoke(DelegatingMethodAccessorImpl.java:43)
	at java.base/java.lang.reflect.Method.invoke(Method.java:566)
	at org.junit.runners.model.FrameworkMethod$1.runReflectiveCall(FrameworkMethod.java:44)
	at org.junit.internal.runners.model.ReflectiveCallable.run(ReflectiveCallable.java:15)
	at org.junit.runners.model.FrameworkMethod.invokeExplosively(FrameworkMethod.java:41)
	at junitparams.internal.InvokeParameterisedMethod.evaluate(InvokeParameterisedMethod.java:102)
	at org.junit.internal.runners.statements.FailOnTimeout$1.run(FailOnTimeout.java:28)
Caused by: ptolemy.kernel.util.IllegalActionException: Found a zero delay loop containing .dependencyLoop2.original
  in .dependencyLoop2 and .dependencyLoop2.original
	at ptolemy.actor.util.CausalityInterfaceForComposites._computeOutputPortDepth(CausalityInterfaceForComposites.java:759)
	at ptolemy.actor.util.CausalityInterfaceForComposites._computeInputDepth(CausalityInterfaceForComposites.java:696)
	at ptolemy.actor.util.CausalityInterfaceForComposites._computeOutputPortDepth(CausalityInterfaceForComposites.java:765)
	at ptolemy.actor.util.CausalityInterfaceForComposites._computeInputDepth(CausalityInterfaceForComposites.java:696)
	at ptolemy.actor.util.CausalityInterfaceForComposites._computeOutputPortDepth(CausalityInterfaceForComposites.java:765)
	at ptolemy.actor.util.CausalityInterfaceForComposites._computeInputDepth(CausalityInterfaceForComposites.java:696)
	at ptolemy.actor.util.CausalityInterfaceForComposites._computeActorDepth(CausalityInterfaceForComposites.java:532)
	at ptolemy.actor.util.CausalityInterfaceForComposites.checkForCycles(CausalityInterfaceForComposites.java:96)
	at ptolemy.domains.de.kernel.DEDirector.preinitialize(DEDirector.java:1338)
	at ptolemy.actor.CompositeActor.preinitialize(CompositeActor.java:1828)
	at ptolemy.actor.Manager.preinitializeAndResolveTypes(Manager.java:1040)
	at ptolemy.actor.Manager.initialize(Manager.java:710)
	at ptolemy.actor.Manager.execute(Manager.java:356)
	at ptolemy.actor.Manager.run(Manager.java:1263)
	at ptolemy.actor.Manager$PtolemyRunThread.run(Manager.java:1933)
]]></system-err>
</testsuite>
