<?xml version="1.0" encoding="UTF-8" ?>
<testsuite errors="0" failures="0" hostname="travis-job-1c40af84-1cb1-4e73-8173-cb33bda7d27a" name="ptolemy.domains.continuous.test.junit.JUnitTclTest" skipped="0" tests="156" time="85.635" timestamp="2019-10-07T05:50:59">
  <properties>
[...]
</properties>
  <testcase classname="ptolemy.util.test.junit.TclTests" name="[0] ThereAreNoTclTests (RunTclFile)" time="0.01" />
  <testcase classname="ptolemy.util.test.junit.AutoKnownFailedTests" name="[0] ThereAreNoKnowFailedTests (RunModel)" time="0.008" />
  <testcase classname="ptolemy.util.test.junit.AutoNameArchTests" name="[0] ThereAreNoAutoArchTests (RunModel)" time="0.013" />
  <testcase classname="ptolemy.util.test.junit.AutoTests" name="[0] /home/travis/build/icyphy/ptII/ptolemy/domains/continuous/test/auto/BouncingBall.xml (RunModel)" time="3.674" />
  <testcase classname="ptolemy.util.test.junit.AutoTests" name="[1] /home/travis/build/icyphy/ptII/ptolemy/domains/continuous/test/auto/BouncingBallWithoutGR.xml (RunModel)" time="0.917" />
  <testcase classname="ptolemy.util.test.junit.AutoTests" name="[2] /home/travis/build/icyphy/ptII/ptolemy/domains/continuous/test/auto/Brownian.xml (RunModel)" time="0.142" />
  <testcase classname="ptolemy.util.test.junit.AutoTests" name="[3] /home/travis/build/icyphy/ptII/ptolemy/domains/continuous/test/auto/CarTracking.xml (RunModel)" time="4.785" />
  <testcase classname="ptolemy.util.test.junit.AutoTests" name="[4] /home/travis/build/icyphy/ptII/ptolemy/domains/continuous/test/auto/CartPendulum.xml (RunModel)" time="0.669" />
  <testcase classname="ptolemy.util.test.junit.AutoTests" name="[5] /home/travis/build/icyphy/ptII/ptolemy/domains/continuous/test/auto/CausalityInterface10.xml (RunModel)" time="0.045" />
  <testcase classname="ptolemy.util.test.junit.AutoTests" name="[6] /home/travis/build/icyphy/ptII/ptolemy/domains/continuous/test/auto/CausalityInterface11.xml (RunModel)" time="0.04" />
  <testcase classname="ptolemy.util.test.junit.AutoTests" name="[7] /home/travis/build/icyphy/ptII/ptolemy/domains/continuous/test/auto/CausalityInterface12.xml (RunModel)" time="0.04" />
  <testcase classname="ptolemy.util.test.junit.AutoTests" name="[8] /home/travis/build/icyphy/ptII/ptolemy/domains/continuous/test/auto/CausalityInterface13.xml (RunModel)" time="0.037" />
  <testcase classname="ptolemy.util.test.junit.AutoTests" name="[9] /home/travis/build/icyphy/ptII/ptolemy/domains/continuous/test/auto/CausalityInterface14.xml (RunModel)" time="0.028" />
  <testcase classname="ptolemy.util.test.junit.AutoTests" name="[10] /home/travis/build/icyphy/ptII/ptolemy/domains/continuous/test/auto/CausalityInterface4.xml (RunModel)" time="0.036" />
  <testcase classname="ptolemy.util.test.junit.AutoTests" name="[11] /home/travis/build/icyphy/ptII/ptolemy/domains/continuous/test/auto/CausalityInterface5.xml (RunModel)" time="0.04" />
  <testcase classname="ptolemy.util.test.junit.AutoTests" name="[12] /home/travis/build/icyphy/ptII/ptolemy/domains/continuous/test/auto/CausalityInterface6.xml (RunModel)" time="0.03" />
  <testcase classname="ptolemy.util.test.junit.AutoTests" name="[13] /home/travis/build/icyphy/ptII/ptolemy/domains/continuous/test/auto/CausalityInterface7.xml (RunModel)" time="0.068" />
  <testcase classname="ptolemy.util.test.junit.AutoTests" name="[14] /home/travis/build/icyphy/ptII/ptolemy/domains/continuous/test/auto/CausalityInterface8.xml (RunModel)" time="0.058" />
  <testcase classname="ptolemy.util.test.junit.AutoTests" name="[15] /home/travis/build/icyphy/ptII/ptolemy/domains/continuous/test/auto/CausalityInterface9.xml (RunModel)" time="0.1" />
  <testcase classname="ptolemy.util.test.junit.AutoTests" name="[16] /home/travis/build/icyphy/ptII/ptolemy/domains/continuous/test/auto/CausalityInterfaceFeedback1.xml (RunModel)" time="0.083" />
  <testcase classname="ptolemy.util.test.junit.AutoTests" name="[17] /home/travis/build/icyphy/ptII/ptolemy/domains/continuous/test/auto/CausalityInterfaceFeedback2.xml (RunModel)" time="0.081" />
  <testcase classname="ptolemy.util.test.junit.AutoTests" name="[18] /home/travis/build/icyphy/ptII/ptolemy/domains/continuous/test/auto/CompareWithCurrentTime.xml (RunModel)" time="0.049" />
  <testcase classname="ptolemy.util.test.junit.AutoTests" name="[19] /home/travis/build/icyphy/ptII/ptolemy/domains/continuous/test/auto/ComparedClocks.xml (RunModel)" time="0.156" />
  <testcase classname="ptolemy.util.test.junit.AutoTests" name="[20] /home/travis/build/icyphy/ptII/ptolemy/domains/continuous/test/auto/ContinuousAOCClone.xml (RunModel)" time="3.297" />
  <testcase classname="ptolemy.util.test.junit.AutoTests" name="[21] /home/travis/build/icyphy/ptII/ptolemy/domains/continuous/test/auto/ContinuousClock.xml (RunModel)" time="0.103" />
  <testcase classname="ptolemy.util.test.junit.AutoTests" name="[22] /home/travis/build/icyphy/ptII/ptolemy/domains/continuous/test/auto/ContinuousInContinuous.xml (RunModel)" time="0.107" />
  <testcase classname="ptolemy.util.test.junit.AutoTests" name="[23] /home/travis/build/icyphy/ptII/ptolemy/domains/continuous/test/auto/ContinuousInContinuousInContinuous.xml (RunModel)" time="0.029" />
  <testcase classname="ptolemy.util.test.junit.AutoTests" name="[24] /home/travis/build/icyphy/ptII/ptolemy/domains/continuous/test/auto/ContinuousInDE.xml (RunModel)" time="0.14" />
  <testcase classname="ptolemy.util.test.junit.AutoTests" name="[25] /home/travis/build/icyphy/ptII/ptolemy/domains/continuous/test/auto/ContinuousInDE2.xml (RunModel)" time="0.062" />
  <testcase classname="ptolemy.util.test.junit.AutoTests" name="[26] /home/travis/build/icyphy/ptII/ptolemy/domains/continuous/test/auto/ContinuousInDE3.xml (RunModel)" time="0.07" />
  <testcase classname="ptolemy.util.test.junit.AutoTests" name="[27] /home/travis/build/icyphy/ptII/ptolemy/domains/continuous/test/auto/ContinuousInDE4.xml (RunModel)" time="0.043" />
  <testcase classname="ptolemy.util.test.junit.AutoTests" name="[28] /home/travis/build/icyphy/ptII/ptolemy/domains/continuous/test/auto/ContinuousInDEDifferentRefinements.xml (RunModel)" time="0.133" />
  <testcase classname="ptolemy.util.test.junit.AutoTests" name="[29] /home/travis/build/icyphy/ptII/ptolemy/domains/continuous/test/auto/ContinuousInDEDifferentRefinementsPreemptive.xml (RunModel)" time="0.119" />
  <testcase classname="ptolemy.util.test.junit.AutoTests" name="[30] /home/travis/build/icyphy/ptII/ptolemy/domains/continuous/test/auto/ContinuousInDEInContinuous2.xml (RunModel)" time="0.068" />
  <testcase classname="ptolemy.util.test.junit.AutoTests" name="[31] /home/travis/build/icyphy/ptII/ptolemy/domains/continuous/test/auto/ContinuousInDEInContinuous3.xml (RunModel)" time="0.082" />
  <testcase classname="ptolemy.util.test.junit.AutoTests" name="[32] /home/travis/build/icyphy/ptII/ptolemy/domains/continuous/test/auto/ContinuousInDEInput.xml (RunModel)" time="0.048" />
  <testcase classname="ptolemy.util.test.junit.AutoTests" name="[33] /home/travis/build/icyphy/ptII/ptolemy/domains/continuous/test/auto/ContinuousInDEInput2.xml (RunModel)" time="0.044" />
  <testcase classname="ptolemy.util.test.junit.AutoTests" name="[34] /home/travis/build/icyphy/ptII/ptolemy/domains/continuous/test/auto/ContinuousInDEInput3.xml (RunModel)" time="0.039" />
  <testcase classname="ptolemy.util.test.junit.AutoTests" name="[35] /home/travis/build/icyphy/ptII/ptolemy/domains/continuous/test/auto/ContinuousInDESharingRefinement.xml (RunModel)" time="0.246" />
  <testcase classname="ptolemy.util.test.junit.AutoTests" name="[36] /home/travis/build/icyphy/ptII/ptolemy/domains/continuous/test/auto/ContinuousInDEwithNoPorts.xml (RunModel)" time="0.021" />
  <testcase classname="ptolemy.util.test.junit.AutoTests" name="[37] /home/travis/build/icyphy/ptII/ptolemy/domains/continuous/test/auto/ContinuousInsideDE.xml (RunModel)" time="0.081" />
  <testcase classname="ptolemy.util.test.junit.AutoTests" name="[38] /home/travis/build/icyphy/ptII/ptolemy/domains/continuous/test/auto/ContinuousMerge1.xml (RunModel)" time="0.019" />
  <testcase classname="ptolemy.util.test.junit.AutoTests" name="[39] /home/travis/build/icyphy/ptII/ptolemy/domains/continuous/test/auto/ContinuousMerge2.xml (RunModel)" time="0.048" />
  <testcase classname="ptolemy.util.test.junit.AutoTests" name="[40] /home/travis/build/icyphy/ptII/ptolemy/domains/continuous/test/auto/ContinuousMerge3.xml (RunModel)" time="0.097" />
  <testcase classname="ptolemy.util.test.junit.AutoTests" name="[41] /home/travis/build/icyphy/ptII/ptolemy/domains/continuous/test/auto/ContinuousWithinContinuous.xml (RunModel)" time="0.063" />
  <testcase classname="ptolemy.util.test.junit.AutoTests" name="[42] /home/travis/build/icyphy/ptII/ptolemy/domains/continuous/test/auto/ContinuousWithinContinuous2.xml (RunModel)" time="0.099" />
  <testcase classname="ptolemy.util.test.junit.AutoTests" name="[43] /home/travis/build/icyphy/ptII/ptolemy/domains/continuous/test/auto/ContinuousWithinContinuous3.xml (RunModel)" time="0.038" />
  <testcase classname="ptolemy.util.test.junit.AutoTests" name="[44] /home/travis/build/icyphy/ptII/ptolemy/domains/continuous/test/auto/ContinuousWithinContinuous4.xml (RunModel)" time="0.103" />
  <testcase classname="ptolemy.util.test.junit.AutoTests" name="[45] /home/travis/build/icyphy/ptII/ptolemy/domains/continuous/test/auto/ContinuousWithinContinuous5.xml (RunModel)" time="0.038" />
  <testcase classname="ptolemy.util.test.junit.AutoTests" name="[46] /home/travis/build/icyphy/ptII/ptolemy/domains/continuous/test/auto/ContinuousWithinContinuous6.xml (RunModel)" time="0.036" />
  <testcase classname="ptolemy.util.test.junit.AutoTests" name="[47] /home/travis/build/icyphy/ptII/ptolemy/domains/continuous/test/auto/ContinuousWithinContinuous7.xml (RunModel)" time="0.092" />
  <testcase classname="ptolemy.util.test.junit.AutoTests" name="[48] /home/travis/build/icyphy/ptII/ptolemy/domains/continuous/test/auto/DCMotor.xml (RunModel)" time="16.738" />
  <testcase classname="ptolemy.util.test.junit.AutoTests" name="[49] /home/travis/build/icyphy/ptII/ptolemy/domains/continuous/test/auto/DEInContinuous.xml (RunModel)" time="0.028" />
  <testcase classname="ptolemy.util.test.junit.AutoTests" name="[50] /home/travis/build/icyphy/ptII/ptolemy/domains/continuous/test/auto/DEinContinuous2.xml (RunModel)" time="0.024" />
  <testcase classname="ptolemy.util.test.junit.AutoTests" name="[51] /home/travis/build/icyphy/ptII/ptolemy/domains/continuous/test/auto/Derivative.xml (RunModel)" time="0.188" />
  <testcase classname="ptolemy.util.test.junit.AutoTests" name="[52] /home/travis/build/icyphy/ptII/ptolemy/domains/continuous/test/auto/Derivative1.xml (RunModel)" time="0.043" />
  <testcase classname="ptolemy.util.test.junit.AutoTests" name="[53] /home/travis/build/icyphy/ptII/ptolemy/domains/continuous/test/auto/DiscreteClock.xml (RunModel)" time="0.015" />
  <testcase classname="ptolemy.util.test.junit.AutoTests" name="[54] /home/travis/build/icyphy/ptII/ptolemy/domains/continuous/test/auto/EfficiencyCurve.xml (RunModel)" time="0.077" />
  <testcase classname="ptolemy.util.test.junit.AutoTests" name="[55] /home/travis/build/icyphy/ptII/ptolemy/domains/continuous/test/auto/ExponentialResponse.xml (RunModel)" time="0.132" />
  <testcase classname="ptolemy.util.test.junit.AutoTests" name="[56] /home/travis/build/icyphy/ptII/ptolemy/domains/continuous/test/auto/ExponentialResponseRK45.xml (RunModel)" time="0.038" />
  <testcase classname="ptolemy.util.test.junit.AutoTests" name="[57] /home/travis/build/icyphy/ptII/ptolemy/domains/continuous/test/auto/Friction.xml (RunModel)" time="1.584" />
  <testcase classname="ptolemy.util.test.junit.AutoTests" name="[58] /home/travis/build/icyphy/ptII/ptolemy/domains/continuous/test/auto/FurutaPendulum.xml (RunModel)" time="3.819" />
  <testcase classname="ptolemy.util.test.junit.AutoTests" name="[59] /home/travis/build/icyphy/ptII/ptolemy/domains/continuous/test/auto/HierarchicalExecution.xml (RunModel)" time="2.703" />
  <testcase classname="ptolemy.util.test.junit.AutoTests" name="[60] /home/travis/build/icyphy/ptII/ptolemy/domains/continuous/test/auto/HybridPlant.xml (RunModel)" time="0.649" />
  <testcase classname="ptolemy.util.test.junit.AutoTests" name="[61] /home/travis/build/icyphy/ptII/ptolemy/domains/continuous/test/auto/Hysteresis.xml (RunModel)" time="0.205" />
  <testcase classname="ptolemy.util.test.junit.AutoTests" name="[62] /home/travis/build/icyphy/ptII/ptolemy/domains/continuous/test/auto/HysteresisWithRandomDelay.xml (RunModel)" time="0.269" />
  <testcase classname="ptolemy.util.test.junit.AutoTests" name="[63] /home/travis/build/icyphy/ptII/ptolemy/domains/continuous/test/auto/HysteresisWithRandomLosses.xml (RunModel)" time="2.576" />
  <testcase classname="ptolemy.util.test.junit.AutoTests" name="[64] /home/travis/build/icyphy/ptII/ptolemy/domains/continuous/test/auto/ImmediateTransitions.xml (RunModel)" time="0.043" />
  <testcase classname="ptolemy.util.test.junit.AutoTests" name="[65] /home/travis/build/icyphy/ptII/ptolemy/domains/continuous/test/auto/ImpulseFeedback.xml (RunModel)" time="0.023" />
  <testcase classname="ptolemy.util.test.junit.AutoTests" name="[66] /home/travis/build/icyphy/ptII/ptolemy/domains/continuous/test/auto/ImpulseFeedback2.xml (RunModel)" time="0.018" />
  <testcase classname="ptolemy.util.test.junit.AutoTests" name="[67] /home/travis/build/icyphy/ptII/ptolemy/domains/continuous/test/auto/IncreasingRatePoisson.xml (RunModel)" time="0.754" />
  <testcase classname="ptolemy.util.test.junit.AutoTests" name="[68] /home/travis/build/icyphy/ptII/ptolemy/domains/continuous/test/auto/InitialStateFeedback.xml (RunModel)" time="0.018" />
  <testcase classname="ptolemy.util.test.junit.AutoTests" name="[69] /home/travis/build/icyphy/ptII/ptolemy/domains/continuous/test/auto/Integration.xml (RunModel)" time="0.01" />
  <testcase classname="ptolemy.util.test.junit.AutoTests" name="[70] /home/travis/build/icyphy/ptII/ptolemy/domains/continuous/test/auto/Integration2.xml (RunModel)" time="0.102" />
  <testcase classname="ptolemy.util.test.junit.AutoTests" name="[71] /home/travis/build/icyphy/ptII/ptolemy/domains/continuous/test/auto/Integration3.xml (RunModel)" time="0.026" />
  <testcase classname="ptolemy.util.test.junit.AutoTests" name="[72] /home/travis/build/icyphy/ptII/ptolemy/domains/continuous/test/auto/Integration5.xml (RunModel)" time="0.012" />
  <testcase classname="ptolemy.util.test.junit.AutoTests" name="[73] /home/travis/build/icyphy/ptII/ptolemy/domains/continuous/test/auto/IntegratorImpulse.xml (RunModel)" time="0.01" />
  <testcase classname="ptolemy.util.test.junit.AutoTests" name="[74] /home/travis/build/icyphy/ptII/ptolemy/domains/continuous/test/auto/IntegratorImpulse2.xml (RunModel)" time="0.014" />
  <testcase classname="ptolemy.util.test.junit.AutoTests" name="[75] /home/travis/build/icyphy/ptII/ptolemy/domains/continuous/test/auto/LevelCrossing1.xml (RunModel)" time="0.019" />
  <testcase classname="ptolemy.util.test.junit.AutoTests" name="[76] /home/travis/build/icyphy/ptII/ptolemy/domains/continuous/test/auto/LevelCrossing2.xml (RunModel)" time="0.016" />
  <testcase classname="ptolemy.util.test.junit.AutoTests" name="[77] /home/travis/build/icyphy/ptII/ptolemy/domains/continuous/test/auto/LevelCrossing3.xml (RunModel)" time="0.018" />
  <testcase classname="ptolemy.util.test.junit.AutoTests" name="[78] /home/travis/build/icyphy/ptII/ptolemy/domains/continuous/test/auto/LevelCrossing4.xml (RunModel)" time="0.015" />
  <testcase classname="ptolemy.util.test.junit.AutoTests" name="[79] /home/travis/build/icyphy/ptII/ptolemy/domains/continuous/test/auto/LevelCrossing5.xml (RunModel)" time="0.02" />
  <testcase classname="ptolemy.util.test.junit.AutoTests" name="[80] /home/travis/build/icyphy/ptII/ptolemy/domains/continuous/test/auto/LevelCrossing6.xml (RunModel)" time="0.015" />
  <testcase classname="ptolemy.util.test.junit.AutoTests" name="[81] /home/travis/build/icyphy/ptII/ptolemy/domains/continuous/test/auto/LevelCrossingDetector.xml (RunModel)" time="0.044" />
  <testcase classname="ptolemy.util.test.junit.AutoTests" name="[82] /home/travis/build/icyphy/ptII/ptolemy/domains/continuous/test/auto/LevelCrossingDetectorDetectingDirections.xml (RunModel)" time="0.104" />
  <testcase classname="ptolemy.util.test.junit.AutoTests" name="[83] /home/travis/build/icyphy/ptII/ptolemy/domains/continuous/test/auto/LevelCrossingDetectorDetectsGlitches.xml (RunModel)" time="0.07" />
  <testcase classname="ptolemy.util.test.junit.AutoTests" name="[84] /home/travis/build/icyphy/ptII/ptolemy/domains/continuous/test/auto/LevelCrossingNoInitialOuput.xml (RunModel)" time="0.018" />
  <testcase classname="ptolemy.util.test.junit.AutoTests" name="[85] /home/travis/build/icyphy/ptII/ptolemy/domains/continuous/test/auto/LinearStateSpaceExample.xml (RunModel)" time="0.075" />
  <testcase classname="ptolemy.util.test.junit.AutoTests" name="[86] /home/travis/build/icyphy/ptII/ptolemy/domains/continuous/test/auto/Lorenz.xml (RunModel)" time="4.494" />
  <testcase classname="ptolemy.util.test.junit.AutoTests" name="[87] /home/travis/build/icyphy/ptII/ptolemy/domains/continuous/test/auto/LorenzDifferentialSystem.xml (RunModel)" time="1.332" />
  <testcase classname="ptolemy.util.test.junit.AutoTests" name="[88] /home/travis/build/icyphy/ptII/ptolemy/domains/continuous/test/auto/LorenzDifferentialSystemWithInput.xml (RunModel)" time="1.634" />
  <testcase classname="ptolemy.util.test.junit.AutoTests" name="[89] /home/travis/build/icyphy/ptII/ptolemy/domains/continuous/test/auto/LorenzDifferentialSystemWithTime.xml (RunModel)" time="0.898" />
  <testcase classname="ptolemy.util.test.junit.AutoTests" name="[90] /home/travis/build/icyphy/ptII/ptolemy/domains/continuous/test/auto/Microsteps.xml (RunModel)" time="0.04" />
  <testcase classname="ptolemy.util.test.junit.AutoTests" name="[91] /home/travis/build/icyphy/ptII/ptolemy/domains/continuous/test/auto/Modal1.xml (RunModel)" time="0.039" />
  <testcase classname="ptolemy.util.test.junit.AutoTests" name="[92] /home/travis/build/icyphy/ptII/ptolemy/domains/continuous/test/auto/Modal2.xml (RunModel)" time="0.044" />
  <testcase classname="ptolemy.util.test.junit.AutoTests" name="[93] /home/travis/build/icyphy/ptII/ptolemy/domains/continuous/test/auto/ModalTransitionGuardWithReset.xml (RunModel)" time="0.045" />
  <testcase classname="ptolemy.util.test.junit.AutoTests" name="[94] /home/travis/build/icyphy/ptII/ptolemy/domains/continuous/test/auto/ModalTransitionGuardWithResetUsingPreemptiveTransition.xml (RunModel)" time="0.037" />
  <testcase classname="ptolemy.util.test.junit.AutoTests" name="[95] /home/travis/build/icyphy/ptII/ptolemy/domains/continuous/test/auto/ModalTransitionGuardWithResetUsingPreemptiveTransition2.xml (RunModel)" time="0.025" />
  <testcase classname="ptolemy.util.test.junit.AutoTests" name="[96] /home/travis/build/icyphy/ptII/ptolemy/domains/continuous/test/auto/ModalTransitionGuardWithResetUsingPreemptiveTransition3.xml (RunModel)" time="0.025" />
  <testcase classname="ptolemy.util.test.junit.AutoTests" name="[97] /home/travis/build/icyphy/ptII/ptolemy/domains/continuous/test/auto/NewtonsCradle.xml (RunModel)" time="0.813" />
  <testcase classname="ptolemy.util.test.junit.AutoTests" name="[98] /home/travis/build/icyphy/ptII/ptolemy/domains/continuous/test/auto/NewtonsCradleAnimated.xml (RunModel)" time="1.367" />
  <testcase classname="ptolemy.util.test.junit.AutoTests" name="[99] /home/travis/build/icyphy/ptII/ptolemy/domains/continuous/test/auto/NewtonsCradleComplicated.xml (RunModel)" time="1.02" />
  <testcase classname="ptolemy.util.test.junit.AutoTests" name="[100] /home/travis/build/icyphy/ptII/ptolemy/domains/continuous/test/auto/NewtonsCradleNondeterministic.xml (RunModel)" time="0.716" />
  <testcase classname="ptolemy.util.test.junit.AutoTests" name="[101] /home/travis/build/icyphy/ptII/ptolemy/domains/continuous/test/auto/NewtonsCradlePerfectlyInelastic1.xml (RunModel)" time="1.337" />
  <testcase classname="ptolemy.util.test.junit.AutoTests" name="[102] /home/travis/build/icyphy/ptII/ptolemy/domains/continuous/test/auto/Noise.xml (RunModel)" time="0.23" />
  <testcase classname="ptolemy.util.test.junit.AutoTests" name="[103] /home/travis/build/icyphy/ptII/ptolemy/domains/continuous/test/auto/NoiseSpectrum.xml (RunModel)" time="0.908" />
  <testcase classname="ptolemy.util.test.junit.AutoTests" name="[104] /home/travis/build/icyphy/ptII/ptolemy/domains/continuous/test/auto/ParameterizedNewtonsCradleAnimated.xml (RunModel)" time="0.406" />
  <testcase classname="ptolemy.util.test.junit.AutoTests" name="[105] /home/travis/build/icyphy/ptII/ptolemy/domains/continuous/test/auto/ParameterizedNewtonsCradleAnimatedNondeterministic.xml (RunModel)" time="1.266" />
  <testcase classname="ptolemy.util.test.junit.AutoTests" name="[106] /home/travis/build/icyphy/ptII/ptolemy/domains/continuous/test/auto/Pendulum3D.xml (RunModel)" time="0.191" />
  <testcase classname="ptolemy.util.test.junit.AutoTests" name="[107] /home/travis/build/icyphy/ptII/ptolemy/domains/continuous/test/auto/PeriodicSampler.xml (RunModel)" time="0.013" />
  <testcase classname="ptolemy.util.test.junit.AutoTests" name="[108] /home/travis/build/icyphy/ptII/ptolemy/domains/continuous/test/auto/PeriodicSampler1.xml (RunModel)" time="0.05" />
  <testcase classname="ptolemy.util.test.junit.AutoTests" name="[109] /home/travis/build/icyphy/ptII/ptolemy/domains/continuous/test/auto/PeriodicSampler2.xml (RunModel)" time="0.086" />
  <testcase classname="ptolemy.util.test.junit.AutoTests" name="[110] /home/travis/build/icyphy/ptII/ptolemy/domains/continuous/test/auto/Poisson.xml (RunModel)" time="0.489" />
  <testcase classname="ptolemy.util.test.junit.AutoTests" name="[111] /home/travis/build/icyphy/ptII/ptolemy/domains/continuous/test/auto/PoissonClock.xml (RunModel)" time="0.016" />
  <testcase classname="ptolemy.util.test.junit.AutoTests" name="[112] /home/travis/build/icyphy/ptII/ptolemy/domains/continuous/test/auto/PoissonClock2.xml (RunModel)" time="0.014" />
  <testcase classname="ptolemy.util.test.junit.AutoTests" name="[113] /home/travis/build/icyphy/ptII/ptolemy/domains/continuous/test/auto/PortParameterHierarchy.xml (RunModel)" time="0.029" />
  <testcase classname="ptolemy.util.test.junit.AutoTests" name="[114] /home/travis/build/icyphy/ptII/ptolemy/domains/continuous/test/auto/RandomHybridPlant.xml (RunModel)" time="0.618" />
  <testcase classname="ptolemy.util.test.junit.AutoTests" name="[115] /home/travis/build/icyphy/ptII/ptolemy/domains/continuous/test/auto/ResetTransitionWithStartTime1.xml (RunModel)" time="0.031" />
  <testcase classname="ptolemy.util.test.junit.AutoTests" name="[116] /home/travis/build/icyphy/ptII/ptolemy/domains/continuous/test/auto/ResetTransitionWithStartTime2.xml (RunModel)" time="0.035" />
  <testcase classname="ptolemy.util.test.junit.AutoTests" name="[117] /home/travis/build/icyphy/ptII/ptolemy/domains/continuous/test/auto/ResetTransitionWithStartTime3.xml (RunModel)" time="0.039" />
  <testcase classname="ptolemy.util.test.junit.AutoTests" name="[118] /home/travis/build/icyphy/ptII/ptolemy/domains/continuous/test/auto/ResetTransitionWithStartTime4.xml (RunModel)" time="0.029" />
  <testcase classname="ptolemy.util.test.junit.AutoTests" name="[119] /home/travis/build/icyphy/ptII/ptolemy/domains/continuous/test/auto/ResetTransitionWithStartTime5.xml (RunModel)" time="0.04" />
  <testcase classname="ptolemy.util.test.junit.AutoTests" name="[120] /home/travis/build/icyphy/ptII/ptolemy/domains/continuous/test/auto/ResetTransitionWithStartTime6.xml (RunModel)" time="0.042" />
  <testcase classname="ptolemy.util.test.junit.AutoTests" name="[121] /home/travis/build/icyphy/ptII/ptolemy/domains/continuous/test/auto/SRinContinuous.xml (RunModel)" time="0.032" />
  <testcase classname="ptolemy.util.test.junit.AutoTests" name="[122] /home/travis/build/icyphy/ptII/ptolemy/domains/continuous/test/auto/SampledClocks.xml (RunModel)" time="0.039" />
  <testcase classname="ptolemy.util.test.junit.AutoTests" name="[123] /home/travis/build/icyphy/ptII/ptolemy/domains/continuous/test/auto/Satellite.xml (RunModel)" time="0.964" />
  <testcase classname="ptolemy.util.test.junit.AutoTests" name="[124] /home/travis/build/icyphy/ptII/ptolemy/domains/continuous/test/auto/SigmaDelta.xml (RunModel)" time="2.592" />
  <testcase classname="ptolemy.util.test.junit.AutoTests" name="[125] /home/travis/build/icyphy/ptII/ptolemy/domains/continuous/test/auto/SingleRefinement.xml (RunModel)" time="0.469" />
  <testcase classname="ptolemy.util.test.junit.AutoTests" name="[126] /home/travis/build/icyphy/ptII/ptolemy/domains/continuous/test/auto/SinuBouncingBall.xml (RunModel)" time="0.889" />
  <testcase classname="ptolemy.util.test.junit.AutoTests" name="[127] /home/travis/build/icyphy/ptII/ptolemy/domains/continuous/test/auto/Sinusoid.xml (RunModel)" time="0.027" />
  <testcase classname="ptolemy.util.test.junit.AutoTests" name="[128] /home/travis/build/icyphy/ptII/ptolemy/domains/continuous/test/auto/SinusoidInNoise.xml (RunModel)" time="1.073" />
  <testcase classname="ptolemy.util.test.junit.AutoTests" name="[129] /home/travis/build/icyphy/ptII/ptolemy/domains/continuous/test/auto/SinusoidRK45.xml (RunModel)" time="0.014" />
  <testcase classname="ptolemy.util.test.junit.AutoTests" name="[130] /home/travis/build/icyphy/ptII/ptolemy/domains/continuous/test/auto/SinusoidWithMultipleImpulses.xml (RunModel)" time="0.015" />
  <testcase classname="ptolemy.util.test.junit.AutoTests" name="[131] /home/travis/build/icyphy/ptII/ptolemy/domains/continuous/test/auto/SquareWave.xml (RunModel)" time="0.209" />
  <testcase classname="ptolemy.util.test.junit.AutoTests" name="[132] /home/travis/build/icyphy/ptII/ptolemy/domains/continuous/test/auto/Starmac.xml (RunModel)" time="3.43" />
  <testcase classname="ptolemy.util.test.junit.AutoTests" name="[133] /home/travis/build/icyphy/ptII/ptolemy/domains/continuous/test/auto/StaticUnits.xml (RunModel)" time="2.96" />
  <testcase classname="ptolemy.util.test.junit.AutoTests" name="[134] /home/travis/build/icyphy/ptII/ptolemy/domains/continuous/test/auto/StickyMasses.xml (RunModel)" time="0.215" />
  <testcase classname="ptolemy.util.test.junit.AutoTests" name="[135] /home/travis/build/icyphy/ptII/ptolemy/domains/continuous/test/auto/StopTime.xml (RunModel)" time="0.077" />
  <testcase classname="ptolemy.util.test.junit.AutoTests" name="[136] /home/travis/build/icyphy/ptII/ptolemy/domains/continuous/test/auto/StopTime2.xml (RunModel)" time="0.078" />
  <testcase classname="ptolemy.util.test.junit.AutoTests" name="[137] /home/travis/build/icyphy/ptII/ptolemy/domains/continuous/test/auto/Switch.xml (RunModel)" time="0.079" />
  <testcase classname="ptolemy.util.test.junit.AutoTests" name="[138] /home/travis/build/icyphy/ptII/ptolemy/domains/continuous/test/auto/Thermostat.xml (RunModel)" time="0.219" />
  <testcase classname="ptolemy.util.test.junit.AutoTests" name="[139] /home/travis/build/icyphy/ptII/ptolemy/domains/continuous/test/auto/TimeDelay.xml (RunModel)" time="0.016" />
  <testcase classname="ptolemy.util.test.junit.AutoTests" name="[140] /home/travis/build/icyphy/ptII/ptolemy/domains/continuous/test/auto/TimeDelay2.xml (RunModel)" time="0.028" />
  <testcase classname="ptolemy.util.test.junit.AutoTests" name="[141] /home/travis/build/icyphy/ptII/ptolemy/domains/continuous/test/auto/TimeDelay3.xml (RunModel)" time="0.016" />
  <testcase classname="ptolemy.util.test.junit.AutoTests" name="[142] /home/travis/build/icyphy/ptII/ptolemy/domains/continuous/test/auto/TransferAbsentToInside.xml (RunModel)" time="0.139" />
  <testcase classname="ptolemy.util.test.junit.AutoTests" name="[143] /home/travis/build/icyphy/ptII/ptolemy/domains/continuous/test/auto/Transmission.xml (RunModel)" time="0.897" />
  <testcase classname="ptolemy.util.test.junit.AutoTests" name="[144] /home/travis/build/icyphy/ptII/ptolemy/domains/continuous/test/auto/TriggeredContinuousClock.xml (RunModel)" time="0.09" />
  <testcase classname="ptolemy.util.test.junit.AutoTests" name="[145] /home/travis/build/icyphy/ptII/ptolemy/domains/continuous/test/auto/TwoMachineInfiniteBusControl.xml (RunModel)" time="3.321" />
  <testcase classname="ptolemy.util.test.junit.AutoTests" name="[146] /home/travis/build/icyphy/ptII/ptolemy/domains/continuous/test/auto/V2V.xml (RunModel)" time="0.874" />
  <testcase classname="ptolemy.util.test.junit.AutoTests" name="[147] /home/travis/build/icyphy/ptII/ptolemy/domains/continuous/test/auto/hierarchicalModalModel.xml (RunModel)" time="0.034" />
  <testcase classname="ptolemy.util.test.junit.AutoTests" name="[148] /home/travis/build/icyphy/ptII/ptolemy/domains/continuous/test/auto/hierarchicalModalModel1.xml (RunModel)" time="0.032" />
  <testcase classname="ptolemy.util.test.junit.AutoTests" name="[149] /home/travis/build/icyphy/ptII/ptolemy/domains/continuous/test/auto/hierarchicalModalModel2.xml (RunModel)" time="0.03" />
  <testcase classname="ptolemy.util.test.junit.AutoTests" name="[150] /home/travis/build/icyphy/ptII/ptolemy/domains/continuous/test/auto/hierarchicalModalModel3.xml (RunModel)" time="0.028" />
  <testcase classname="ptolemy.util.test.junit.AutoTests" name="[151] /home/travis/build/icyphy/ptII/ptolemy/domains/continuous/test/auto/hierarchicalModalModel4.xml (RunModel)" time="0.029" />
  <testcase classname="ptolemy.util.test.junit.AutoTests" name="[152] /home/travis/build/icyphy/ptII/ptolemy/domains/continuous/test/auto/junk.xml (RunModel)" time="0.167" />
  <system-out><![CDATA[No tcl tests in /home/travis/build/icyphy/ptII/ptolemy/domains/continuous/test
No auto/knownFailedTests/*.xml tests in /home/travis/build/icyphy/ptII/ptolemy/domains/continuous/test
No auto/linux-amd64/*.xml tests in /home/travis/build/icyphy/ptII/ptolemy/domains/continuous/test
AutoTests.java: About to close Vertx.
AutoTests.java: Vertx closed.

===========================================================================================
----------------- testing Mon Oct 07 05:50:59 UTC 2019 /home/travis/build/icyphy/ptII/ptolemy/domains/continuous/test/auto/BouncingBall.xml
----------------- Instantiating /home/travis/build/icyphy/ptII/ptolemy/domains/continuous/test/auto/BouncingBall.xml
2764 ms. Memory: 150528K Free: 74708K (50%)
----------------- Invoking toplevel() on ptolemy.moml.MoMLSimpleApplication@bc3baa2
----------------- Done invoking toplevel() on ptolemy.moml.MoMLSimpleApplication@bc3baa2
reloadAllAccessors: .BouncingBall

===========================================================================================
----------------- testing Mon Oct 07 05:51:03 UTC 2019 /home/travis/build/icyphy/ptII/ptolemy/domains/continuous/test/auto/BouncingBallWithoutGR.xml
----------------- Instantiating /home/travis/build/icyphy/ptII/ptolemy/domains/continuous/test/auto/BouncingBallWithoutGR.xml
809 ms. Memory: 150528K Free: 67019K (45%)
----------------- Invoking toplevel() on ptolemy.moml.MoMLSimpleApplication@5c1e324d
----------------- Done invoking toplevel() on ptolemy.moml.MoMLSimpleApplication@5c1e324d
reloadAllAccessors: .BouncingBallWithoutGR

===========================================================================================
----------------- testing Mon Oct 07 05:51:04 UTC 2019 /home/travis/build/icyphy/ptII/ptolemy/domains/continuous/test/auto/Brownian.xml
----------------- Instantiating /home/travis/build/icyphy/ptII/ptolemy/domains/continuous/test/auto/Brownian.xml
30 ms. Memory: 150528K Free: 58313K (39%)
----------------- Invoking toplevel() on ptolemy.moml.MoMLSimpleApplication@52b61e1c
----------------- Done invoking toplevel() on ptolemy.moml.MoMLSimpleApplication@52b61e1c
reloadAllAccessors: .Brownian

===========================================================================================
----------------- testing Mon Oct 07 05:51:04 UTC 2019 /home/travis/build/icyphy/ptII/ptolemy/domains/continuous/test/auto/CarTracking.xml
----------------- Instantiating /home/travis/build/icyphy/ptII/ptolemy/domains/continuous/test/auto/CarTracking.xml
4232 ms. Memory: 218112K Free: 153699K (70%)
----------------- Invoking toplevel() on ptolemy.moml.MoMLSimpleApplication@157c1814
----------------- Done invoking toplevel() on ptolemy.moml.MoMLSimpleApplication@157c1814
reloadAllAccessors: .CarTracking

===========================================================================================
----------------- testing Mon Oct 07 05:51:09 UTC 2019 /home/travis/build/icyphy/ptII/ptolemy/domains/continuous/test/auto/CartPendulum.xml
----------------- Instantiating /home/travis/build/icyphy/ptII/ptolemy/domains/continuous/test/auto/CartPendulum.xml
513 ms. Memory: 218112K Free: 186156K (85%)
----------------- Invoking toplevel() on ptolemy.moml.MoMLSimpleApplication@2458f8a3
----------------- Done invoking toplevel() on ptolemy.moml.MoMLSimpleApplication@2458f8a3
reloadAllAccessors: .CartPendulum

===========================================================================================
----------------- testing Mon Oct 07 05:51:10 UTC 2019 /home/travis/build/icyphy/ptII/ptolemy/domains/continuous/test/auto/CausalityInterface10.xml
----------------- Instantiating /home/travis/build/icyphy/ptII/ptolemy/domains/continuous/test/auto/CausalityInterface10.xml
9 ms. Memory: 218112K Free: 175402K (80%)
----------------- Invoking toplevel() on ptolemy.moml.MoMLSimpleApplication@350417f2
----------------- Done invoking toplevel() on ptolemy.moml.MoMLSimpleApplication@350417f2
reloadAllAccessors: .CausalityInterface10

===========================================================================================
----------------- testing Mon Oct 07 05:51:10 UTC 2019 /home/travis/build/icyphy/ptII/ptolemy/domains/continuous/test/auto/CausalityInterface11.xml
----------------- Instantiating /home/travis/build/icyphy/ptII/ptolemy/domains/continuous/test/auto/CausalityInterface11.xml
10 ms. Memory: 218112K Free: 169258K (78%)
----------------- Invoking toplevel() on ptolemy.moml.MoMLSimpleApplication@744d3433
----------------- Done invoking toplevel() on ptolemy.moml.MoMLSimpleApplication@744d3433
reloadAllAccessors: .CausalityInterface11

===========================================================================================
----------------- testing Mon Oct 07 05:51:10 UTC 2019 /home/travis/build/icyphy/ptII/ptolemy/domains/continuous/test/auto/CausalityInterface12.xml
----------------- Instantiating /home/travis/build/icyphy/ptII/ptolemy/domains/continuous/test/auto/CausalityInterface12.xml
9 ms. Memory: 218112K Free: 163100K (75%)
----------------- Invoking toplevel() on ptolemy.moml.MoMLSimpleApplication@7c93f902
----------------- Done invoking toplevel() on ptolemy.moml.MoMLSimpleApplication@7c93f902
reloadAllAccessors: .CausalityInterface12

===========================================================================================
----------------- testing Mon Oct 07 05:51:10 UTC 2019 /home/travis/build/icyphy/ptII/ptolemy/domains/continuous/test/auto/CausalityInterface13.xml
----------------- Instantiating /home/travis/build/icyphy/ptII/ptolemy/domains/continuous/test/auto/CausalityInterface13.xml
7 ms. Memory: 218112K Free: 156956K (72%)
----------------- Invoking toplevel() on ptolemy.moml.MoMLSimpleApplication@7ea6509d
----------------- Done invoking toplevel() on ptolemy.moml.MoMLSimpleApplication@7ea6509d
reloadAllAccessors: .CausalityInterface13

===========================================================================================
----------------- testing Mon Oct 07 05:51:10 UTC 2019 /home/travis/build/icyphy/ptII/ptolemy/domains/continuous/test/auto/CausalityInterface14.xml
----------------- Instantiating /home/travis/build/icyphy/ptII/ptolemy/domains/continuous/test/auto/CausalityInterface14.xml
5 ms. Memory: 218112K Free: 151340K (69%)
----------------- Invoking toplevel() on ptolemy.moml.MoMLSimpleApplication@5ebd6ce
----------------- Done invoking toplevel() on ptolemy.moml.MoMLSimpleApplication@5ebd6ce
reloadAllAccessors: .CausalityInterface14

===========================================================================================
----------------- testing Mon Oct 07 05:51:10 UTC 2019 /home/travis/build/icyphy/ptII/ptolemy/domains/continuous/test/auto/CausalityInterface4.xml
----------------- Instantiating /home/travis/build/icyphy/ptII/ptolemy/domains/continuous/test/auto/CausalityInterface4.xml
6 ms. Memory: 218112K Free: 144682K (66%)
----------------- Invoking toplevel() on ptolemy.moml.MoMLSimpleApplication@58b8f375
----------------- Done invoking toplevel() on ptolemy.moml.MoMLSimpleApplication@58b8f375
reloadAllAccessors: .CausalityInterface4

===========================================================================================
----------------- testing Mon Oct 07 05:51:10 UTC 2019 /home/travis/build/icyphy/ptII/ptolemy/domains/continuous/test/auto/CausalityInterface5.xml
----------------- Instantiating /home/travis/build/icyphy/ptII/ptolemy/domains/continuous/test/auto/CausalityInterface5.xml
8 ms. Memory: 218112K Free: 136490K (63%)
----------------- Invoking toplevel() on ptolemy.moml.MoMLSimpleApplication@75ad3dde
----------------- Done invoking toplevel() on ptolemy.moml.MoMLSimpleApplication@75ad3dde
reloadAllAccessors: .CausalityInterface5

===========================================================================================
----------------- testing Mon Oct 07 05:51:10 UTC 2019 /home/travis/build/icyphy/ptII/ptolemy/domains/continuous/test/auto/CausalityInterface6.xml
----------------- Instantiating /home/travis/build/icyphy/ptII/ptolemy/domains/continuous/test/auto/CausalityInterface6.xml
7 ms. Memory: 218112K Free: 131340K (60%)
----------------- Invoking toplevel() on ptolemy.moml.MoMLSimpleApplication@2da050f
----------------- Done invoking toplevel() on ptolemy.moml.MoMLSimpleApplication@2da050f
reloadAllAccessors: .CausalityInterface6

===========================================================================================
----------------- testing Mon Oct 07 05:51:10 UTC 2019 /home/travis/build/icyphy/ptII/ptolemy/domains/continuous/test/auto/CausalityInterface7.xml
----------------- Instantiating /home/travis/build/icyphy/ptII/ptolemy/domains/continuous/test/auto/CausalityInterface7.xml
23 ms. Memory: 218112K Free: 122668K (56%)
----------------- Invoking toplevel() on ptolemy.moml.MoMLSimpleApplication@6ef68166
----------------- Done invoking toplevel() on ptolemy.moml.MoMLSimpleApplication@6ef68166
reloadAllAccessors: .CausalityInterface7

===========================================================================================
----------------- testing Mon Oct 07 05:51:10 UTC 2019 /home/travis/build/icyphy/ptII/ptolemy/domains/continuous/test/auto/CausalityInterface8.xml
----------------- Instantiating /home/travis/build/icyphy/ptII/ptolemy/domains/continuous/test/auto/CausalityInterface8.xml
8 ms. Memory: 218112K Free: 113452K (52%)
----------------- Invoking toplevel() on ptolemy.moml.MoMLSimpleApplication@512c949f
----------------- Done invoking toplevel() on ptolemy.moml.MoMLSimpleApplication@512c949f
reloadAllAccessors: .CausalityInterface8

===========================================================================================
----------------- testing Mon Oct 07 05:51:10 UTC 2019 /home/travis/build/icyphy/ptII/ptolemy/domains/continuous/test/auto/CausalityInterface9.xml
----------------- Instantiating /home/travis/build/icyphy/ptII/ptolemy/domains/continuous/test/auto/CausalityInterface9.xml
7 ms. Memory: 218112K Free: 102698K (47%)
----------------- Invoking toplevel() on ptolemy.moml.MoMLSimpleApplication@14524d71
----------------- Done invoking toplevel() on ptolemy.moml.MoMLSimpleApplication@14524d71
reloadAllAccessors: .CausalityInterface9

===========================================================================================
----------------- testing Mon Oct 07 05:51:10 UTC 2019 /home/travis/build/icyphy/ptII/ptolemy/domains/continuous/test/auto/CausalityInterfaceFeedback1.xml
----------------- Instantiating /home/travis/build/icyphy/ptII/ptolemy/domains/continuous/test/auto/CausalityInterfaceFeedback1.xml
4 ms. Memory: 218112K Free: 96044K (44%)
----------------- Invoking toplevel() on ptolemy.moml.MoMLSimpleApplication@54b2e09
----------------- Done invoking toplevel() on ptolemy.moml.MoMLSimpleApplication@54b2e09
reloadAllAccessors: .CausalityInterfaceFeedback1

===========================================================================================
----------------- testing Mon Oct 07 05:51:10 UTC 2019 /home/travis/build/icyphy/ptII/ptolemy/domains/continuous/test/auto/CausalityInterfaceFeedback2.xml
----------------- Instantiating /home/travis/build/icyphy/ptII/ptolemy/domains/continuous/test/auto/CausalityInterfaceFeedback2.xml
5 ms. Memory: 218112K Free: 89356K (41%)
----------------- Invoking toplevel() on ptolemy.moml.MoMLSimpleApplication@1c585e2
----------------- Done invoking toplevel() on ptolemy.moml.MoMLSimpleApplication@1c585e2
reloadAllAccessors: .CausalityInterfaceFeedback2

===========================================================================================
----------------- testing Mon Oct 07 05:51:10 UTC 2019 /home/travis/build/icyphy/ptII/ptolemy/domains/continuous/test/auto/CompareWithCurrentTime.xml
----------------- Instantiating /home/travis/build/icyphy/ptII/ptolemy/domains/continuous/test/auto/CompareWithCurrentTime.xml
4 ms. Memory: 218112K Free: 85290K (39%)
----------------- Invoking toplevel() on ptolemy.moml.MoMLSimpleApplication@60cdfa44
----------------- Done invoking toplevel() on ptolemy.moml.MoMLSimpleApplication@60cdfa44
reloadAllAccessors: .CompareWithCurrentTime

===========================================================================================
----------------- testing Mon Oct 07 05:51:10 UTC 2019 /home/travis/build/icyphy/ptII/ptolemy/domains/continuous/test/auto/ComparedClocks.xml
----------------- Instantiating /home/travis/build/icyphy/ptII/ptolemy/domains/continuous/test/auto/ComparedClocks.xml
11 ms. Memory: 218112K Free: 198127K (91%)
----------------- Invoking toplevel() on ptolemy.moml.MoMLSimpleApplication@14c412f8
----------------- Done invoking toplevel() on ptolemy.moml.MoMLSimpleApplication@14c412f8
reloadAllAccessors: .ComparedClocks

===========================================================================================
----------------- testing Mon Oct 07 05:51:10 UTC 2019 /home/travis/build/icyphy/ptII/ptolemy/domains/continuous/test/auto/ContinuousAOCClone.xml
----------------- Instantiating /home/travis/build/icyphy/ptII/ptolemy/domains/continuous/test/auto/ContinuousAOCClone.xml
2970 ms. Memory: 262144K Free: 107985K (41%)
----------------- Invoking toplevel() on ptolemy.moml.MoMLSimpleApplication@16b69f78
----------------- Done invoking toplevel() on ptolemy.moml.MoMLSimpleApplication@16b69f78
reloadAllAccessors: .ContinuousAOCClone

===========================================================================================
----------------- testing Mon Oct 07 05:51:14 UTC 2019 /home/travis/build/icyphy/ptII/ptolemy/domains/continuous/test/auto/ContinuousClock.xml
----------------- Instantiating /home/travis/build/icyphy/ptII/ptolemy/domains/continuous/test/auto/ContinuousClock.xml
44 ms. Memory: 262144K Free: 241710K (92%)
----------------- Invoking toplevel() on ptolemy.moml.MoMLSimpleApplication@22714892
----------------- Done invoking toplevel() on ptolemy.moml.MoMLSimpleApplication@22714892
reloadAllAccessors: .ContinuousClock

===========================================================================================
----------------- testing Mon Oct 07 05:51:14 UTC 2019 /home/travis/build/icyphy/ptII/ptolemy/domains/continuous/test/auto/ContinuousInContinuous.xml
----------------- Instantiating /home/travis/build/icyphy/ptII/ptolemy/domains/continuous/test/auto/ContinuousInContinuous.xml
52 ms. Memory: 262144K Free: 218057K (83%)
----------------- Invoking toplevel() on ptolemy.moml.MoMLSimpleApplication@478747de
----------------- Done invoking toplevel() on ptolemy.moml.MoMLSimpleApplication@478747de
reloadAllAccessors: .ContinuousInContinuous

===========================================================================================
----------------- testing Mon Oct 07 05:51:14 UTC 2019 /home/travis/build/icyphy/ptII/ptolemy/domains/continuous/test/auto/ContinuousInContinuousInContinuous.xml
----------------- Instantiating /home/travis/build/icyphy/ptII/ptolemy/domains/continuous/test/auto/ContinuousInContinuousInContinuous.xml
8 ms. Memory: 262144K Free: 209865K (80%)
----------------- Invoking toplevel() on ptolemy.moml.MoMLSimpleApplication@4902c39c
----------------- Done invoking toplevel() on ptolemy.moml.MoMLSimpleApplication@4902c39c
reloadAllAccessors: .ContinuousInContinuousInContinuous

===========================================================================================
----------------- testing Mon Oct 07 05:51:14 UTC 2019 /home/travis/build/icyphy/ptII/ptolemy/domains/continuous/test/auto/ContinuousInDE.xml
----------------- Instantiating /home/travis/build/icyphy/ptII/ptolemy/domains/continuous/test/auto/ContinuousInDE.xml
107 ms. Memory: 262144K Free: 199625K (76%)
----------------- Invoking toplevel() on ptolemy.moml.MoMLSimpleApplication@7413c9c5
----------------- Done invoking toplevel() on ptolemy.moml.MoMLSimpleApplication@7413c9c5
reloadAllAccessors: .ContinuousInDE

===========================================================================================
----------------- testing Mon Oct 07 05:51:14 UTC 2019 /home/travis/build/icyphy/ptII/ptolemy/domains/continuous/test/auto/ContinuousInDE2.xml
----------------- Instantiating /home/travis/build/icyphy/ptII/ptolemy/domains/continuous/test/auto/ContinuousInDE2.xml
45 ms. Memory: 262144K Free: 189895K (72%)
----------------- Invoking toplevel() on ptolemy.moml.MoMLSimpleApplication@2fb846a3
----------------- Done invoking toplevel() on ptolemy.moml.MoMLSimpleApplication@2fb846a3
reloadAllAccessors: .ContinuousInDE2

===========================================================================================
----------------- testing Mon Oct 07 05:51:14 UTC 2019 /home/travis/build/icyphy/ptII/ptolemy/domains/continuous/test/auto/ContinuousInDE3.xml
----------------- Instantiating /home/travis/build/icyphy/ptII/ptolemy/domains/continuous/test/auto/ContinuousInDE3.xml
42 ms. Memory: 262144K Free: 180169K (69%)
----------------- Invoking toplevel() on ptolemy.moml.MoMLSimpleApplication@27a2416
----------------- Done invoking toplevel() on ptolemy.moml.MoMLSimpleApplication@27a2416
reloadAllAccessors: .ContinuousInDE3

===========================================================================================
----------------- testing Mon Oct 07 05:51:14 UTC 2019 /home/travis/build/icyphy/ptII/ptolemy/domains/continuous/test/auto/ContinuousInDE4.xml
----------------- Instantiating /home/travis/build/icyphy/ptII/ptolemy/domains/continuous/test/auto/ContinuousInDE4.xml
17 ms. Memory: 262144K Free: 174025K (66%)
----------------- Invoking toplevel() on ptolemy.moml.MoMLSimpleApplication@3c3d4a1e
----------------- Done invoking toplevel() on ptolemy.moml.MoMLSimpleApplication@3c3d4a1e
reloadAllAccessors: .ContinuousInDE4

===========================================================================================
----------------- testing Mon Oct 07 05:51:14 UTC 2019 /home/travis/build/icyphy/ptII/ptolemy/domains/continuous/test/auto/ContinuousInDEDifferentRefinements.xml
----------------- Instantiating /home/travis/build/icyphy/ptII/ptolemy/domains/continuous/test/auto/ContinuousInDEDifferentRefinements.xml
69 ms. Memory: 262144K Free: 142777K (54%)
----------------- Invoking toplevel() on ptolemy.moml.MoMLSimpleApplication@6b2d959
----------------- Done invoking toplevel() on ptolemy.moml.MoMLSimpleApplication@6b2d959
reloadAllAccessors: .ContinuousInDEDifferentRefinements

===========================================================================================
----------------- testing Mon Oct 07 05:51:14 UTC 2019 /home/travis/build/icyphy/ptII/ptolemy/domains/continuous/test/auto/ContinuousInDEDifferentRefinementsPreemptive.xml
----------------- Instantiating /home/travis/build/icyphy/ptII/ptolemy/domains/continuous/test/auto/ContinuousInDEDifferentRefinementsPreemptive.xml
58 ms. Memory: 262144K Free: 112041K (43%)
----------------- Invoking toplevel() on ptolemy.moml.MoMLSimpleApplication@c55bcb8
----------------- Done invoking toplevel() on ptolemy.moml.MoMLSimpleApplication@c55bcb8
reloadAllAccessors: .ContinuousInDEDifferentRefinementsPreemptive

===========================================================================================
----------------- testing Mon Oct 07 05:51:15 UTC 2019 /home/travis/build/icyphy/ptII/ptolemy/domains/continuous/test/auto/ContinuousInDEInContinuous2.xml
----------------- Instantiating /home/travis/build/icyphy/ptII/ptolemy/domains/continuous/test/auto/ContinuousInDEInContinuous2.xml
41 ms. Memory: 262144K Free: 100807K (38%)
----------------- Invoking toplevel() on ptolemy.moml.MoMLSimpleApplication@1137a424
----------------- Done invoking toplevel() on ptolemy.moml.MoMLSimpleApplication@1137a424
reloadAllAccessors: .ContinuousInDEInContinuous2

===========================================================================================
----------------- testing Mon Oct 07 05:51:15 UTC 2019 /home/travis/build/icyphy/ptII/ptolemy/domains/continuous/test/auto/ContinuousInDEInContinuous3.xml
----------------- Instantiating /home/travis/build/icyphy/ptII/ptolemy/domains/continuous/test/auto/ContinuousInDEInContinuous3.xml
50 ms. Memory: 262144K Free: 244596K (93%)
----------------- Invoking toplevel() on ptolemy.moml.MoMLSimpleApplication@7aa079ff
----------------- Done invoking toplevel() on ptolemy.moml.MoMLSimpleApplication@7aa079ff
reloadAllAccessors: .ContinuousInDEInContinuous3

===========================================================================================
----------------- testing Mon Oct 07 05:51:15 UTC 2019 /home/travis/build/icyphy/ptII/ptolemy/domains/continuous/test/auto/ContinuousInDEInput.xml
----------------- Instantiating /home/travis/build/icyphy/ptII/ptolemy/domains/continuous/test/auto/ContinuousInDEInput.xml
21 ms. Memory: 262144K Free: 237182K (90%)
----------------- Invoking toplevel() on ptolemy.moml.MoMLSimpleApplication@67574956
----------------- Done invoking toplevel() on ptolemy.moml.MoMLSimpleApplication@67574956
reloadAllAccessors: .ContinuousInDEInput

===========================================================================================
----------------- testing Mon Oct 07 05:51:15 UTC 2019 /home/travis/build/icyphy/ptII/ptolemy/domains/continuous/test/auto/ContinuousInDEInput2.xml
----------------- Instantiating /home/travis/build/icyphy/ptII/ptolemy/domains/continuous/test/auto/ContinuousInDEInput2.xml
19 ms. Memory: 262144K Free: 230014K (88%)
----------------- Invoking toplevel() on ptolemy.moml.MoMLSimpleApplication@584525f8
----------------- Done invoking toplevel() on ptolemy.moml.MoMLSimpleApplication@584525f8
reloadAllAccessors: .ContinuousInDEInput2

===========================================================================================
----------------- testing Mon Oct 07 05:51:15 UTC 2019 /home/travis/build/icyphy/ptII/ptolemy/domains/continuous/test/auto/ContinuousInDEInput3.xml
----------------- Instantiating /home/travis/build/icyphy/ptII/ptolemy/domains/continuous/test/auto/ContinuousInDEInput3.xml
20 ms. Memory: 262144K Free: 222846K (85%)
----------------- Invoking toplevel() on ptolemy.moml.MoMLSimpleApplication@21eb4046
----------------- Done invoking toplevel() on ptolemy.moml.MoMLSimpleApplication@21eb4046
reloadAllAccessors: .ContinuousInDEInput3

===========================================================================================
----------------- testing Mon Oct 07 05:51:15 UTC 2019 /home/travis/build/icyphy/ptII/ptolemy/domains/continuous/test/auto/ContinuousInDESharingRefinement.xml
----------------- Instantiating /home/travis/build/icyphy/ptII/ptolemy/domains/continuous/test/auto/ContinuousInDESharingRefinement.xml
214 ms. Memory: 262144K Free: 128128K (49%)
----------------- Invoking toplevel() on ptolemy.moml.MoMLSimpleApplication@2dbdca95
----------------- Done invoking toplevel() on ptolemy.moml.MoMLSimpleApplication@2dbdca95
reloadAllAccessors: .ContinuousInDESharingRefinement

===========================================================================================
----------------- testing Mon Oct 07 05:51:15 UTC 2019 /home/travis/build/icyphy/ptII/ptolemy/domains/continuous/test/auto/ContinuousInDEwithNoPorts.xml
----------------- Instantiating /home/travis/build/icyphy/ptII/ptolemy/domains/continuous/test/auto/ContinuousInDEwithNoPorts.xml
7 ms. Memory: 262144K Free: 124032K (47%)
----------------- Invoking toplevel() on ptolemy.moml.MoMLSimpleApplication@5204111b
----------------- Done invoking toplevel() on ptolemy.moml.MoMLSimpleApplication@5204111b
reloadAllAccessors: .ContinuousInDEwithNoPorts

===========================================================================================
----------------- testing Mon Oct 07 05:51:15 UTC 2019 /home/travis/build/icyphy/ptII/ptolemy/domains/continuous/test/auto/ContinuousInsideDE.xml
----------------- Instantiating /home/travis/build/icyphy/ptII/ptolemy/domains/continuous/test/auto/ContinuousInsideDE.xml
43 ms. Memory: 262144K Free: 112768K (43%)
----------------- Invoking toplevel() on ptolemy.moml.MoMLSimpleApplication@1b2454bf
----------------- Done invoking toplevel() on ptolemy.moml.MoMLSimpleApplication@1b2454bf
reloadAllAccessors: .ContinuousInsideDE

===========================================================================================
----------------- testing Mon Oct 07 05:51:15 UTC 2019 /home/travis/build/icyphy/ptII/ptolemy/domains/continuous/test/auto/ContinuousMerge1.xml
----------------- Instantiating /home/travis/build/icyphy/ptII/ptolemy/domains/continuous/test/auto/ContinuousMerge1.xml
4 ms. Memory: 262144K Free: 108144K (41%)
----------------- Invoking toplevel() on ptolemy.moml.MoMLSimpleApplication@184c84ad
----------------- Done invoking toplevel() on ptolemy.moml.MoMLSimpleApplication@184c84ad
reloadAllAccessors: .ContinuousMerge1

===========================================================================================
----------------- testing Mon Oct 07 05:51:15 UTC 2019 /home/travis/build/icyphy/ptII/ptolemy/domains/continuous/test/auto/ContinuousMerge2.xml
----------------- Instantiating /home/travis/build/icyphy/ptII/ptolemy/domains/continuous/test/auto/ContinuousMerge2.xml
18 ms. Memory: 262144K Free: 97918K (37%)
----------------- Invoking toplevel() on ptolemy.moml.MoMLSimpleApplication@22f78fbb
----------------- Done invoking toplevel() on ptolemy.moml.MoMLSimpleApplication@22f78fbb
reloadAllAccessors: .ContinuousMerge2

===========================================================================================
----------------- testing Mon Oct 07 05:51:15 UTC 2019 /home/travis/build/icyphy/ptII/ptolemy/domains/continuous/test/auto/ContinuousMerge3.xml
----------------- Instantiating /home/travis/build/icyphy/ptII/ptolemy/domains/continuous/test/auto/ContinuousMerge3.xml
53 ms. Memory: 262144K Free: 242355K (92%)
----------------- Invoking toplevel() on ptolemy.moml.MoMLSimpleApplication@4b06e401
----------------- Done invoking toplevel() on ptolemy.moml.MoMLSimpleApplication@4b06e401
reloadAllAccessors: .ContinuousMerge3

===========================================================================================
----------------- testing Mon Oct 07 05:51:15 UTC 2019 /home/travis/build/icyphy/ptII/ptolemy/domains/continuous/test/auto/ContinuousWithinContinuous.xml
----------------- Instantiating /home/travis/build/icyphy/ptII/ptolemy/domains/continuous/test/auto/ContinuousWithinContinuous.xml
45 ms. Memory: 262144K Free: 232625K (89%)
----------------- Invoking toplevel() on ptolemy.moml.MoMLSimpleApplication@4d91ffaf
----------------- Done invoking toplevel() on ptolemy.moml.MoMLSimpleApplication@4d91ffaf
reloadAllAccessors: .ContinuousWithinContinuous

===========================================================================================
----------------- testing Mon Oct 07 05:51:15 UTC 2019 /home/travis/build/icyphy/ptII/ptolemy/domains/continuous/test/auto/ContinuousWithinContinuous2.xml
----------------- Instantiating /home/travis/build/icyphy/ptII/ptolemy/domains/continuous/test/auto/ContinuousWithinContinuous2.xml
83 ms. Memory: 262144K Free: 221361K (84%)
----------------- Invoking toplevel() on ptolemy.moml.MoMLSimpleApplication@446f4428
----------------- Done invoking toplevel() on ptolemy.moml.MoMLSimpleApplication@446f4428
reloadAllAccessors: .ContinuousWithinContinuous2

===========================================================================================
----------------- testing Mon Oct 07 05:51:16 UTC 2019 /home/travis/build/icyphy/ptII/ptolemy/domains/continuous/test/auto/ContinuousWithinContinuous3.xml
----------------- Instantiating /home/travis/build/icyphy/ptII/ptolemy/domains/continuous/test/auto/ContinuousWithinContinuous3.xml
16 ms. Memory: 262144K Free: 214707K (82%)
----------------- Invoking toplevel() on ptolemy.moml.MoMLSimpleApplication@5c273fa4
----------------- Done invoking toplevel() on ptolemy.moml.MoMLSimpleApplication@5c273fa4
reloadAllAccessors: .ContinuousWithinContinuous3

===========================================================================================
----------------- testing Mon Oct 07 05:51:16 UTC 2019 /home/travis/build/icyphy/ptII/ptolemy/domains/continuous/test/auto/ContinuousWithinContinuous4.xml
----------------- Instantiating /home/travis/build/icyphy/ptII/ptolemy/domains/continuous/test/auto/ContinuousWithinContinuous4.xml
88 ms. Memory: 262144K Free: 202419K (77%)
----------------- Invoking toplevel() on ptolemy.moml.MoMLSimpleApplication@62051af5
----------------- Done invoking toplevel() on ptolemy.moml.MoMLSimpleApplication@62051af5
reloadAllAccessors: .ContinuousWithinContinuous4

===========================================================================================
----------------- testing Mon Oct 07 05:51:16 UTC 2019 /home/travis/build/icyphy/ptII/ptolemy/domains/continuous/test/auto/ContinuousWithinContinuous5.xml
----------------- Instantiating /home/travis/build/icyphy/ptII/ptolemy/domains/continuous/test/auto/ContinuousWithinContinuous5.xml
16 ms. Memory: 262144K Free: 194227K (74%)
----------------- Invoking toplevel() on ptolemy.moml.MoMLSimpleApplication@75de4b6f
----------------- Done invoking toplevel() on ptolemy.moml.MoMLSimpleApplication@75de4b6f
reloadAllAccessors: .ContinuousWithinContinuous5

===========================================================================================
----------------- testing Mon Oct 07 05:51:16 UTC 2019 /home/travis/build/icyphy/ptII/ptolemy/domains/continuous/test/auto/ContinuousWithinContinuous6.xml
----------------- Instantiating /home/travis/build/icyphy/ptII/ptolemy/domains/continuous/test/auto/ContinuousWithinContinuous6.xml
16 ms. Memory: 262144K Free: 187059K (71%)
----------------- Invoking toplevel() on ptolemy.moml.MoMLSimpleApplication@25b99adf
----------------- Done invoking toplevel() on ptolemy.moml.MoMLSimpleApplication@25b99adf
reloadAllAccessors: .ContinuousWithinContinuous6

===========================================================================================
----------------- testing Mon Oct 07 05:51:16 UTC 2019 /home/travis/build/icyphy/ptII/ptolemy/domains/continuous/test/auto/ContinuousWithinContinuous7.xml
----------------- Instantiating /home/travis/build/icyphy/ptII/ptolemy/domains/continuous/test/auto/ContinuousWithinContinuous7.xml
75 ms. Memory: 262144K Free: 175795K (67%)
----------------- Invoking toplevel() on ptolemy.moml.MoMLSimpleApplication@376dc6b7
----------------- Done invoking toplevel() on ptolemy.moml.MoMLSimpleApplication@376dc6b7
reloadAllAccessors: .ContinuousWithinContinuous7

===========================================================================================
----------------- testing Mon Oct 07 05:51:16 UTC 2019 /home/travis/build/icyphy/ptII/ptolemy/domains/continuous/test/auto/DCMotor.xml
----------------- Instantiating /home/travis/build/icyphy/ptII/ptolemy/domains/continuous/test/auto/DCMotor.xml
16627 ms. Memory: 262144K Free: 191479K (73%)
----------------- Invoking toplevel() on ptolemy.moml.MoMLSimpleApplication@2c0b84ab
----------------- Done invoking toplevel() on ptolemy.moml.MoMLSimpleApplication@2c0b84ab
reloadAllAccessors: .DCMotor

===========================================================================================
----------------- testing Mon Oct 07 05:51:33 UTC 2019 /home/travis/build/icyphy/ptII/ptolemy/domains/continuous/test/auto/DEInContinuous.xml
----------------- Instantiating /home/travis/build/icyphy/ptII/ptolemy/domains/continuous/test/auto/DEInContinuous.xml
7 ms. Memory: 262144K Free: 185365K (71%)
----------------- Invoking toplevel() on ptolemy.moml.MoMLSimpleApplication@3df71493
----------------- Done invoking toplevel() on ptolemy.moml.MoMLSimpleApplication@3df71493
reloadAllAccessors: .DEInContinuous

===========================================================================================
----------------- testing Mon Oct 07 05:51:33 UTC 2019 /home/travis/build/icyphy/ptII/ptolemy/domains/continuous/test/auto/DEinContinuous2.xml
----------------- Instantiating /home/travis/build/icyphy/ptII/ptolemy/domains/continuous/test/auto/DEinContinuous2.xml
6 ms. Memory: 262144K Free: 177687K (68%)
----------------- Invoking toplevel() on ptolemy.moml.MoMLSimpleApplication@7ef37115
----------------- Done invoking toplevel() on ptolemy.moml.MoMLSimpleApplication@7ef37115
reloadAllAccessors: .DEinContinuous2

===========================================================================================
----------------- testing Mon Oct 07 05:51:33 UTC 2019 /home/travis/build/icyphy/ptII/ptolemy/domains/continuous/test/auto/Derivative.xml
----------------- Instantiating /home/travis/build/icyphy/ptII/ptolemy/domains/continuous/test/auto/Derivative.xml
141 ms. Memory: 262144K Free: 148501K (57%)
----------------- Invoking toplevel() on ptolemy.moml.MoMLSimpleApplication@6d4c6199
----------------- Done invoking toplevel() on ptolemy.moml.MoMLSimpleApplication@6d4c6199
reloadAllAccessors: .Derivative2

===========================================================================================
----------------- testing Mon Oct 07 05:51:33 UTC 2019 /home/travis/build/icyphy/ptII/ptolemy/domains/continuous/test/auto/Derivative1.xml
----------------- Instantiating /home/travis/build/icyphy/ptII/ptolemy/domains/continuous/test/auto/Derivative1.xml
15 ms. Memory: 262144K Free: 134165K (51%)
----------------- Invoking toplevel() on ptolemy.moml.MoMLSimpleApplication@54dbda0e
----------------- Done invoking toplevel() on ptolemy.moml.MoMLSimpleApplication@54dbda0e
reloadAllAccessors: .Derivative1

===========================================================================================
----------------- testing Mon Oct 07 05:51:33 UTC 2019 /home/travis/build/icyphy/ptII/ptolemy/domains/continuous/test/auto/DiscreteClock.xml
----------------- Instantiating /home/travis/build/icyphy/ptII/ptolemy/domains/continuous/test/auto/DiscreteClock.xml
4 ms. Memory: 262144K Free: 129045K (49%)
----------------- Invoking toplevel() on ptolemy.moml.MoMLSimpleApplication@7786925b
----------------- Done invoking toplevel() on ptolemy.moml.MoMLSimpleApplication@7786925b
reloadAllAccessors: .DiscreteClock

===========================================================================================
----------------- testing Mon Oct 07 05:51:33 UTC 2019 /home/travis/build/icyphy/ptII/ptolemy/domains/continuous/test/auto/EfficiencyCurve.xml
----------------- Instantiating /home/travis/build/icyphy/ptII/ptolemy/domains/continuous/test/auto/EfficiencyCurve.xml
51 ms. Memory: 262144K Free: 119829K (46%)
----------------- Invoking toplevel() on ptolemy.moml.MoMLSimpleApplication@362bd275
----------------- Done invoking toplevel() on ptolemy.moml.MoMLSimpleApplication@362bd275
reloadAllAccessors: .EfficiencyCurve

===========================================================================================
----------------- testing Mon Oct 07 05:51:33 UTC 2019 /home/travis/build/icyphy/ptII/ptolemy/domains/continuous/test/auto/ExponentialResponse.xml
----------------- Instantiating /home/travis/build/icyphy/ptII/ptolemy/domains/continuous/test/auto/ExponentialResponse.xml
115 ms. Memory: 262144K Free: 104469K (40%)
----------------- Invoking toplevel() on ptolemy.moml.MoMLSimpleApplication@74e4cf9
----------------- Done invoking toplevel() on ptolemy.moml.MoMLSimpleApplication@74e4cf9
reloadAllAccessors: .ExponentialResponse

===========================================================================================
----------------- testing Mon Oct 07 05:51:33 UTC 2019 /home/travis/build/icyphy/ptII/ptolemy/domains/continuous/test/auto/ExponentialResponseRK45.xml
----------------- Instantiating /home/travis/build/icyphy/ptII/ptolemy/domains/continuous/test/auto/ExponentialResponseRK45.xml
28 ms. Memory: 262144K Free: 97301K (37%)
----------------- Invoking toplevel() on ptolemy.moml.MoMLSimpleApplication@5149579d
----------------- Done invoking toplevel() on ptolemy.moml.MoMLSimpleApplication@5149579d
reloadAllAccessors: .ExponentialResponseRK45

===========================================================================================
----------------- testing Mon Oct 07 05:51:33 UTC 2019 /home/travis/build/icyphy/ptII/ptolemy/domains/continuous/test/auto/Friction.xml
----------------- Instantiating /home/travis/build/icyphy/ptII/ptolemy/domains/continuous/test/auto/Friction.xml
1454 ms. Memory: 262144K Free: 144918K (55%)
----------------- Invoking toplevel() on ptolemy.moml.MoMLSimpleApplication@30a935d8
----------------- Done invoking toplevel() on ptolemy.moml.MoMLSimpleApplication@30a935d8
reloadAllAccessors: .Friction

===========================================================================================
----------------- testing Mon Oct 07 05:51:35 UTC 2019 /home/travis/build/icyphy/ptII/ptolemy/domains/continuous/test/auto/FurutaPendulum.xml
----------------- Instantiating /home/travis/build/icyphy/ptII/ptolemy/domains/continuous/test/auto/FurutaPendulum.xml
3655 ms. Memory: 262144K Free: 102865K (39%)
----------------- Invoking toplevel() on ptolemy.moml.MoMLSimpleApplication@660c6985
----------------- Done invoking toplevel() on ptolemy.moml.MoMLSimpleApplication@660c6985
reloadAllAccessors: .FurutaPendulum

===========================================================================================
----------------- testing Mon Oct 07 05:51:39 UTC 2019 /home/travis/build/icyphy/ptII/ptolemy/domains/continuous/test/auto/HierarchicalExecution.xml
----------------- Instantiating /home/travis/build/icyphy/ptII/ptolemy/domains/continuous/test/auto/HierarchicalExecution.xml
2202 ms. Memory: 262144K Free: 135322K (52%)
----------------- Invoking toplevel() on ptolemy.moml.MoMLSimpleApplication@1f92ad1e
----------------- Done invoking toplevel() on ptolemy.moml.MoMLSimpleApplication@1f92ad1e
reloadAllAccessors: .HierarchicalExecution

===========================================================================================
----------------- testing Mon Oct 07 05:51:41 UTC 2019 /home/travis/build/icyphy/ptII/ptolemy/domains/continuous/test/auto/HybridPlant.xml
----------------- Instantiating /home/travis/build/icyphy/ptII/ptolemy/domains/continuous/test/auto/HybridPlant.xml
581 ms. Memory: 315392K Free: 267296K (85%)
----------------- Invoking toplevel() on ptolemy.moml.MoMLSimpleApplication@6fdc191a
----------------- Done invoking toplevel() on ptolemy.moml.MoMLSimpleApplication@6fdc191a
reloadAllAccessors: .HybridPlant

===========================================================================================
----------------- testing Mon Oct 07 05:51:42 UTC 2019 /home/travis/build/icyphy/ptII/ptolemy/domains/continuous/test/auto/Hysteresis.xml
----------------- Instantiating /home/travis/build/icyphy/ptII/ptolemy/domains/continuous/test/auto/Hysteresis.xml
149 ms. Memory: 315392K Free: 205352K (65%)
----------------- Invoking toplevel() on ptolemy.moml.MoMLSimpleApplication@1990c6ca
----------------- Done invoking toplevel() on ptolemy.moml.MoMLSimpleApplication@1990c6ca
reloadAllAccessors: .Hysteresis

===========================================================================================
----------------- testing Mon Oct 07 05:51:42 UTC 2019 /home/travis/build/icyphy/ptII/ptolemy/domains/continuous/test/auto/HysteresisWithRandomDelay.xml
----------------- Instantiating /home/travis/build/icyphy/ptII/ptolemy/domains/continuous/test/auto/HysteresisWithRandomDelay.xml
198 ms. Memory: 315392K Free: 135206K (43%)
----------------- Invoking toplevel() on ptolemy.moml.MoMLSimpleApplication@4471004d
----------------- Done invoking toplevel() on ptolemy.moml.MoMLSimpleApplication@4471004d
reloadAllAccessors: .HysteresisWithRandomDelay

===========================================================================================
----------------- testing Mon Oct 07 05:51:42 UTC 2019 /home/travis/build/icyphy/ptII/ptolemy/domains/continuous/test/auto/HysteresisWithRandomLosses.xml
----------------- Instantiating /home/travis/build/icyphy/ptII/ptolemy/domains/continuous/test/auto/HysteresisWithRandomLosses.xml
2473 ms. Memory: 315392K Free: 158437K (50%)
----------------- Invoking toplevel() on ptolemy.moml.MoMLSimpleApplication@7aca63cb
----------------- Done invoking toplevel() on ptolemy.moml.MoMLSimpleApplication@7aca63cb
reloadAllAccessors: .HysteresisWithRandomLosses

===========================================================================================
----------------- testing Mon Oct 07 05:51:45 UTC 2019 /home/travis/build/icyphy/ptII/ptolemy/domains/continuous/test/auto/ImmediateTransitions.xml
----------------- Instantiating /home/travis/build/icyphy/ptII/ptolemy/domains/continuous/test/auto/ImmediateTransitions.xml
12 ms. Memory: 315392K Free: 147687K (47%)
----------------- Invoking toplevel() on ptolemy.moml.MoMLSimpleApplication@287ef915
----------------- Done invoking toplevel() on ptolemy.moml.MoMLSimpleApplication@287ef915
reloadAllAccessors: .ImmediateTransitions

===========================================================================================
----------------- testing Mon Oct 07 05:51:45 UTC 2019 /home/travis/build/icyphy/ptII/ptolemy/domains/continuous/test/auto/ImpulseFeedback.xml
----------------- Instantiating /home/travis/build/icyphy/ptII/ptolemy/domains/continuous/test/auto/ImpulseFeedback.xml
8 ms. Memory: 315392K Free: 142053K (45%)
----------------- Invoking toplevel() on ptolemy.moml.MoMLSimpleApplication@60e51d91
----------------- Done invoking toplevel() on ptolemy.moml.MoMLSimpleApplication@60e51d91
reloadAllAccessors: .ImpulseFeedback

===========================================================================================
----------------- testing Mon Oct 07 05:51:45 UTC 2019 /home/travis/build/icyphy/ptII/ptolemy/domains/continuous/test/auto/ImpulseFeedback2.xml
----------------- Instantiating /home/travis/build/icyphy/ptII/ptolemy/domains/continuous/test/auto/ImpulseFeedback2.xml
6 ms. Memory: 315392K Free: 136423K (43%)
----------------- Invoking toplevel() on ptolemy.moml.MoMLSimpleApplication@2e418611
----------------- Done invoking toplevel() on ptolemy.moml.MoMLSimpleApplication@2e418611
reloadAllAccessors: .ImpulseFeedback2

===========================================================================================
----------------- testing Mon Oct 07 05:51:45 UTC 2019 /home/travis/build/icyphy/ptII/ptolemy/domains/continuous/test/auto/IncreasingRatePoisson.xml
----------------- Instantiating /home/travis/build/icyphy/ptII/ptolemy/domains/continuous/test/auto/IncreasingRatePoisson.xml
727 ms. Memory: 315392K Free: 206077K (65%)
----------------- Invoking toplevel() on ptolemy.moml.MoMLSimpleApplication@7a031fef
----------------- Done invoking toplevel() on ptolemy.moml.MoMLSimpleApplication@7a031fef
reloadAllAccessors: .IncreasingRatePoisson

===========================================================================================
----------------- testing Mon Oct 07 05:51:46 UTC 2019 /home/travis/build/icyphy/ptII/ptolemy/domains/continuous/test/auto/InitialStateFeedback.xml
----------------- Instantiating /home/travis/build/icyphy/ptII/ptolemy/domains/continuous/test/auto/InitialStateFeedback.xml
8 ms. Memory: 315392K Free: 201477K (64%)
----------------- Invoking toplevel() on ptolemy.moml.MoMLSimpleApplication@66b89abf
----------------- Done invoking toplevel() on ptolemy.moml.MoMLSimpleApplication@66b89abf
reloadAllAccessors: .InitialStateFeedback

===========================================================================================
----------------- testing Mon Oct 07 05:51:46 UTC 2019 /home/travis/build/icyphy/ptII/ptolemy/domains/continuous/test/auto/Integration.xml
----------------- Instantiating /home/travis/build/icyphy/ptII/ptolemy/domains/continuous/test/auto/Integration.xml
2 ms. Memory: 315392K Free: 197381K (63%)
----------------- Invoking toplevel() on ptolemy.moml.MoMLSimpleApplication@674e6588
----------------- Done invoking toplevel() on ptolemy.moml.MoMLSimpleApplication@674e6588
reloadAllAccessors: .Integration

===========================================================================================
----------------- testing Mon Oct 07 05:51:46 UTC 2019 /home/travis/build/icyphy/ptII/ptolemy/domains/continuous/test/auto/Integration2.xml
----------------- Instantiating /home/travis/build/icyphy/ptII/ptolemy/domains/continuous/test/auto/Integration2.xml
85 ms. Memory: 315392K Free: 183045K (58%)
----------------- Invoking toplevel() on ptolemy.moml.MoMLSimpleApplication@5b5df022
----------------- Done invoking toplevel() on ptolemy.moml.MoMLSimpleApplication@5b5df022
reloadAllAccessors: .Integration2

===========================================================================================
----------------- testing Mon Oct 07 05:51:46 UTC 2019 /home/travis/build/icyphy/ptII/ptolemy/domains/continuous/test/auto/Integration3.xml
----------------- Instantiating /home/travis/build/icyphy/ptII/ptolemy/domains/continuous/test/auto/Integration3.xml
3 ms. Memory: 315392K Free: 178435K (57%)
----------------- Invoking toplevel() on ptolemy.moml.MoMLSimpleApplication@78e2318f
----------------- Done invoking toplevel() on ptolemy.moml.MoMLSimpleApplication@78e2318f
reloadAllAccessors: .Integration3

===========================================================================================
----------------- testing Mon Oct 07 05:51:46 UTC 2019 /home/travis/build/icyphy/ptII/ptolemy/domains/continuous/test/auto/Integration5.xml
----------------- Instantiating /home/travis/build/icyphy/ptII/ptolemy/domains/continuous/test/auto/Integration5.xml
2 ms. Memory: 315392K Free: 174339K (55%)
----------------- Invoking toplevel() on ptolemy.moml.MoMLSimpleApplication@747aee32
----------------- Done invoking toplevel() on ptolemy.moml.MoMLSimpleApplication@747aee32
reloadAllAccessors: .Integration5

===========================================================================================
----------------- testing Mon Oct 07 05:51:46 UTC 2019 /home/travis/build/icyphy/ptII/ptolemy/domains/continuous/test/auto/IntegratorImpulse.xml
----------------- Instantiating /home/travis/build/icyphy/ptII/ptolemy/domains/continuous/test/auto/IntegratorImpulse.xml
3 ms. Memory: 315392K Free: 170243K (54%)
----------------- Invoking toplevel() on ptolemy.moml.MoMLSimpleApplication@6222ff62
----------------- Done invoking toplevel() on ptolemy.moml.MoMLSimpleApplication@6222ff62
reloadAllAccessors: .IntegratorImpulse

===========================================================================================
----------------- testing Mon Oct 07 05:51:46 UTC 2019 /home/travis/build/icyphy/ptII/ptolemy/domains/continuous/test/auto/IntegratorImpulse2.xml
----------------- Instantiating /home/travis/build/icyphy/ptII/ptolemy/domains/continuous/test/auto/IntegratorImpulse2.xml
5 ms. Memory: 315392K Free: 165637K (53%)
----------------- Invoking toplevel() on ptolemy.moml.MoMLSimpleApplication@56d5bf1c
----------------- Done invoking toplevel() on ptolemy.moml.MoMLSimpleApplication@56d5bf1c
reloadAllAccessors: .IntegratorImpulse2

===========================================================================================
----------------- testing Mon Oct 07 05:51:46 UTC 2019 /home/travis/build/icyphy/ptII/ptolemy/domains/continuous/test/auto/LevelCrossing1.xml
----------------- Instantiating /home/travis/build/icyphy/ptII/ptolemy/domains/continuous/test/auto/LevelCrossing1.xml
3 ms. Memory: 315392K Free: 160517K (51%)
----------------- Invoking toplevel() on ptolemy.moml.MoMLSimpleApplication@594bdd70
----------------- Done invoking toplevel() on ptolemy.moml.MoMLSimpleApplication@594bdd70
reloadAllAccessors: .LevelCrossing1

===========================================================================================
----------------- testing Mon Oct 07 05:51:46 UTC 2019 /home/travis/build/icyphy/ptII/ptolemy/domains/continuous/test/auto/LevelCrossing2.xml
----------------- Instantiating /home/travis/build/icyphy/ptII/ptolemy/domains/continuous/test/auto/LevelCrossing2.xml
4 ms. Memory: 315392K Free: 155397K (49%)
----------------- Invoking toplevel() on ptolemy.moml.MoMLSimpleApplication@22233a4f
----------------- Done invoking toplevel() on ptolemy.moml.MoMLSimpleApplication@22233a4f
reloadAllAccessors: .LevelCrossing2

===========================================================================================
----------------- testing Mon Oct 07 05:51:46 UTC 2019 /home/travis/build/icyphy/ptII/ptolemy/domains/continuous/test/auto/LevelCrossing3.xml
----------------- Instantiating /home/travis/build/icyphy/ptII/ptolemy/domains/continuous/test/auto/LevelCrossing3.xml
3 ms. Memory: 315392K Free: 150277K (48%)
----------------- Invoking toplevel() on ptolemy.moml.MoMLSimpleApplication@6ff51259
----------------- Done invoking toplevel() on ptolemy.moml.MoMLSimpleApplication@6ff51259
reloadAllAccessors: .LevelCrossing3

===========================================================================================
----------------- testing Mon Oct 07 05:51:46 UTC 2019 /home/travis/build/icyphy/ptII/ptolemy/domains/continuous/test/auto/LevelCrossing4.xml
----------------- Instantiating /home/travis/build/icyphy/ptII/ptolemy/domains/continuous/test/auto/LevelCrossing4.xml
4 ms. Memory: 315392K Free: 145157K (46%)
----------------- Invoking toplevel() on ptolemy.moml.MoMLSimpleApplication@631deac1
----------------- Done invoking toplevel() on ptolemy.moml.MoMLSimpleApplication@631deac1
reloadAllAccessors: .LevelCrossing4

===========================================================================================
----------------- testing Mon Oct 07 05:51:46 UTC 2019 /home/travis/build/icyphy/ptII/ptolemy/domains/continuous/test/auto/LevelCrossing5.xml
----------------- Instantiating /home/travis/build/icyphy/ptII/ptolemy/domains/continuous/test/auto/LevelCrossing5.xml
4 ms. Memory: 315392K Free: 140037K (44%)
----------------- Invoking toplevel() on ptolemy.moml.MoMLSimpleApplication@413f2064
----------------- Done invoking toplevel() on ptolemy.moml.MoMLSimpleApplication@413f2064
reloadAllAccessors: .LevelCrossing5

===========================================================================================
[...]
----------------- testing Mon Oct 07 05:52:05 UTC 2019 /home/travis/build/icyphy/ptII/ptolemy/domains/continuous/test/auto/SRinContinuous.xml
----------------- Instantiating /home/travis/build/icyphy/ptII/ptolemy/domains/continuous/test/auto/SRinContinuous.xml
8 ms. Memory: 315392K Free: 144951K (46%)
----------------- Invoking toplevel() on ptolemy.moml.MoMLSimpleApplication@7b5450d4
----------------- Done invoking toplevel() on ptolemy.moml.MoMLSimpleApplication@7b5450d4
reloadAllAccessors: .SRinContinuous

===========================================================================================
----------------- testing Mon Oct 07 05:52:05 UTC 2019 /home/travis/build/icyphy/ptII/ptolemy/domains/continuous/test/auto/SampledClocks.xml
----------------- Instantiating /home/travis/build/icyphy/ptII/ptolemy/domains/continuous/test/auto/SampledClocks.xml
8 ms. Memory: 315392K Free: 132663K (42%)
----------------- Invoking toplevel() on ptolemy.moml.MoMLSimpleApplication@1777bd18
----------------- Done invoking toplevel() on ptolemy.moml.MoMLSimpleApplication@1777bd18
reloadAllAccessors: .SampledClocks

===========================================================================================
----------------- testing Mon Oct 07 05:52:05 UTC 2019 /home/travis/build/icyphy/ptII/ptolemy/domains/continuous/test/auto/Satellite.xml
----------------- Instantiating /home/travis/build/icyphy/ptII/ptolemy/domains/continuous/test/auto/Satellite.xml
945 ms. Memory: 315392K Free: 125192K (40%)
----------------- Invoking toplevel() on ptolemy.moml.MoMLSimpleApplication@746e6b00
----------------- Done invoking toplevel() on ptolemy.moml.MoMLSimpleApplication@746e6b00
reloadAllAccessors: .Satellite

===========================================================================================
----------------- testing Mon Oct 07 05:52:06 UTC 2019 /home/travis/build/icyphy/ptII/ptolemy/domains/continuous/test/auto/SigmaDelta.xml
----------------- Instantiating /home/travis/build/icyphy/ptII/ptolemy/domains/continuous/test/auto/SigmaDelta.xml
2424 ms. Memory: 315392K Free: 238868K (76%)
----------------- Invoking toplevel() on ptolemy.moml.MoMLSimpleApplication@4bbe4fb5
----------------- Done invoking toplevel() on ptolemy.moml.MoMLSimpleApplication@4bbe4fb5
reloadAllAccessors: .SigmaDelta

===========================================================================================
----------------- testing Mon Oct 07 05:52:09 UTC 2019 /home/travis/build/icyphy/ptII/ptolemy/domains/continuous/test/auto/SingleRefinement.xml
----------------- Instantiating /home/travis/build/icyphy/ptII/ptolemy/domains/continuous/test/auto/SingleRefinement.xml
349 ms. Memory: 315392K Free: 242561K (77%)
----------------- Invoking toplevel() on ptolemy.moml.MoMLSimpleApplication@451143ff
----------------- Done invoking toplevel() on ptolemy.moml.MoMLSimpleApplication@451143ff
reloadAllAccessors: .SingleRefinement

===========================================================================================
----------------- testing Mon Oct 07 05:52:09 UTC 2019 /home/travis/build/icyphy/ptII/ptolemy/domains/continuous/test/auto/SinuBouncingBall.xml
----------------- Instantiating /home/travis/build/icyphy/ptII/ptolemy/domains/continuous/test/auto/SinuBouncingBall.xml
813 ms. Memory: 315392K Free: 216538K (69%)
----------------- Invoking toplevel() on ptolemy.moml.MoMLSimpleApplication@50ed2f1c
----------------- Done invoking toplevel() on ptolemy.moml.MoMLSimpleApplication@50ed2f1c
reloadAllAccessors: .SinuBouncingBall

===========================================================================================
----------------- testing Mon Oct 07 05:52:10 UTC 2019 /home/travis/build/icyphy/ptII/ptolemy/domains/continuous/test/auto/Sinusoid.xml
----------------- Instantiating /home/travis/build/icyphy/ptII/ptolemy/domains/continuous/test/auto/Sinusoid.xml
8 ms. Memory: 315392K Free: 211946K (67%)
----------------- Invoking toplevel() on ptolemy.moml.MoMLSimpleApplication@45d22407
----------------- Done invoking toplevel() on ptolemy.moml.MoMLSimpleApplication@45d22407
reloadAllAccessors: .Sinusoid

===========================================================================================
----------------- testing Mon Oct 07 05:52:10 UTC 2019 /home/travis/build/icyphy/ptII/ptolemy/domains/continuous/test/auto/SinusoidInNoise.xml
----------------- Instantiating /home/travis/build/icyphy/ptII/ptolemy/domains/continuous/test/auto/SinusoidInNoise.xml
1026 ms. Memory: 315392K Free: 264579K (84%)
----------------- Invoking toplevel() on ptolemy.moml.MoMLSimpleApplication@1592ea33
----------------- Done invoking toplevel() on ptolemy.moml.MoMLSimpleApplication@1592ea33
reloadAllAccessors: .SinusoidInNoise

===========================================================================================
----------------- testing Mon Oct 07 05:52:11 UTC 2019 /home/travis/build/icyphy/ptII/ptolemy/domains/continuous/test/auto/SinusoidRK45.xml
----------------- Instantiating /home/travis/build/icyphy/ptII/ptolemy/domains/continuous/test/auto/SinusoidRK45.xml
3 ms. Memory: 315392K Free: 259973K (82%)
----------------- Invoking toplevel() on ptolemy.moml.MoMLSimpleApplication@66d6a0b9
----------------- Done invoking toplevel() on ptolemy.moml.MoMLSimpleApplication@66d6a0b9
reloadAllAccessors: .SinusoidRK45

===========================================================================================
----------------- testing Mon Oct 07 05:52:11 UTC 2019 /home/travis/build/icyphy/ptII/ptolemy/domains/continuous/test/auto/SinusoidWithMultipleImpulses.xml
----------------- Instantiating /home/travis/build/icyphy/ptII/ptolemy/domains/continuous/test/auto/SinusoidWithMultipleImpulses.xml
3 ms. Memory: 315392K Free: 255363K (81%)
----------------- Invoking toplevel() on ptolemy.moml.MoMLSimpleApplication@49bf5d26
----------------- Done invoking toplevel() on ptolemy.moml.MoMLSimpleApplication@49bf5d26
reloadAllAccessors: .SinusoidWithMultipleImpulses

===========================================================================================
----------------- testing Mon Oct 07 05:52:11 UTC 2019 /home/travis/build/icyphy/ptII/ptolemy/domains/continuous/test/auto/SquareWave.xml
----------------- Instantiating /home/travis/build/icyphy/ptII/ptolemy/domains/continuous/test/auto/SquareWave.xml
178 ms. Memory: 315392K Free: 228739K (73%)
----------------- Invoking toplevel() on ptolemy.moml.MoMLSimpleApplication@71ef54d1
----------------- Done invoking toplevel() on ptolemy.moml.MoMLSimpleApplication@71ef54d1
reloadAllAccessors: .SquareWave

===========================================================================================
----------------- testing Mon Oct 07 05:52:11 UTC 2019 /home/travis/build/icyphy/ptII/ptolemy/domains/continuous/test/auto/Starmac.xml
----------------- Instantiating /home/travis/build/icyphy/ptII/ptolemy/domains/continuous/test/auto/Starmac.xml
3075 ms. Memory: 315392K Free: 284026K (90%)
----------------- Invoking toplevel() on ptolemy.moml.MoMLSimpleApplication@1927d58a
----------------- Done invoking toplevel() on ptolemy.moml.MoMLSimpleApplication@1927d58a
reloadAllAccessors: .Starmac

===========================================================================================
----------------- testing Mon Oct 07 05:52:15 UTC 2019 /home/travis/build/icyphy/ptII/ptolemy/domains/continuous/test/auto/StaticUnits.xml
----------------- Instantiating /home/travis/build/icyphy/ptII/ptolemy/domains/continuous/test/auto/StaticUnits.xml
2201 ms. Memory: 315392K Free: 188194K (60%)
----------------- Invoking toplevel() on ptolemy.moml.MoMLSimpleApplication@5a07adc4
----------------- Done invoking toplevel() on ptolemy.moml.MoMLSimpleApplication@5a07adc4
reloadAllAccessors: .StaticUnits

===========================================================================================
----------------- testing Mon Oct 07 05:52:18 UTC 2019 /home/travis/build/icyphy/ptII/ptolemy/domains/continuous/test/auto/StickyMasses.xml
----------------- Instantiating /home/travis/build/icyphy/ptII/ptolemy/domains/continuous/test/auto/StickyMasses.xml
163 ms. Memory: 315392K Free: 139027K (44%)
----------------- Invoking toplevel() on ptolemy.moml.MoMLSimpleApplication@4ff67e16
----------------- Done invoking toplevel() on ptolemy.moml.MoMLSimpleApplication@4ff67e16
reloadAllAccessors: .StickyMasses

===========================================================================================
----------------- testing Mon Oct 07 05:52:18 UTC 2019 /home/travis/build/icyphy/ptII/ptolemy/domains/continuous/test/auto/StopTime.xml
----------------- Instantiating /home/travis/build/icyphy/ptII/ptolemy/domains/continuous/test/auto/StopTime.xml
49 ms. Memory: 315392K Free: 114451K (36%)
----------------- Invoking toplevel() on ptolemy.moml.MoMLSimpleApplication@16dfd9e8
----------------- Done invoking toplevel() on ptolemy.moml.MoMLSimpleApplication@16dfd9e8
reloadAllAccessors: .StopTime

===========================================================================================
----------------- testing Mon Oct 07 05:52:18 UTC 2019 /home/travis/build/icyphy/ptII/ptolemy/domains/continuous/test/auto/StopTime2.xml
----------------- Instantiating /home/travis/build/icyphy/ptII/ptolemy/domains/continuous/test/auto/StopTime2.xml
44 ms. Memory: 315392K Free: 275230K (87%)
----------------- Invoking toplevel() on ptolemy.moml.MoMLSimpleApplication@1ef830c8
----------------- Done invoking toplevel() on ptolemy.moml.MoMLSimpleApplication@1ef830c8
reloadAllAccessors: .StopTime2

===========================================================================================
----------------- testing Mon Oct 07 05:52:18 UTC 2019 /home/travis/build/icyphy/ptII/ptolemy/domains/continuous/test/auto/Switch.xml
----------------- Instantiating /home/travis/build/icyphy/ptII/ptolemy/domains/continuous/test/auto/Switch.xml
48 ms. Memory: 315392K Free: 250654K (79%)
----------------- Invoking toplevel() on ptolemy.moml.MoMLSimpleApplication@49eff368
----------------- Done invoking toplevel() on ptolemy.moml.MoMLSimpleApplication@49eff368
reloadAllAccessors: .Switch

===========================================================================================
----------------- testing Mon Oct 07 05:52:18 UTC 2019 /home/travis/build/icyphy/ptII/ptolemy/domains/continuous/test/auto/Thermostat.xml
----------------- Instantiating /home/travis/build/icyphy/ptII/ptolemy/domains/continuous/test/auto/Thermostat.xml
188 ms. Memory: 315392K Free: 179478K (57%)
----------------- Invoking toplevel() on ptolemy.moml.MoMLSimpleApplication@37a5276d
----------------- Done invoking toplevel() on ptolemy.moml.MoMLSimpleApplication@37a5276d
reloadAllAccessors: .Thermostat

===========================================================================================
----------------- testing Mon Oct 07 05:52:18 UTC 2019 /home/travis/build/icyphy/ptII/ptolemy/domains/continuous/test/auto/TimeDelay.xml
----------------- Instantiating /home/travis/build/icyphy/ptII/ptolemy/domains/continuous/test/auto/TimeDelay.xml
6 ms. Memory: 315392K Free: 174878K (55%)
----------------- Invoking toplevel() on ptolemy.moml.MoMLSimpleApplication@5359c389
----------------- Done invoking toplevel() on ptolemy.moml.MoMLSimpleApplication@5359c389
reloadAllAccessors: .TimeDelay

===========================================================================================
----------------- testing Mon Oct 07 05:52:18 UTC 2019 /home/travis/build/icyphy/ptII/ptolemy/domains/continuous/test/auto/TimeDelay2.xml
----------------- Instantiating /home/travis/build/icyphy/ptII/ptolemy/domains/continuous/test/auto/TimeDelay2.xml
8 ms. Memory: 315392K Free: 165148K (52%)
----------------- Invoking toplevel() on ptolemy.moml.MoMLSimpleApplication@57a77252
----------------- Done invoking toplevel() on ptolemy.moml.MoMLSimpleApplication@57a77252
reloadAllAccessors: .TimeDelay2

===========================================================================================
----------------- testing Mon Oct 07 05:52:18 UTC 2019 /home/travis/build/icyphy/ptII/ptolemy/domains/continuous/test/auto/TimeDelay3.xml
----------------- Instantiating /home/travis/build/icyphy/ptII/ptolemy/domains/continuous/test/auto/TimeDelay3.xml
9 ms. Memory: 315392K Free: 160540K (51%)
----------------- Invoking toplevel() on ptolemy.moml.MoMLSimpleApplication@572cf011
----------------- Done invoking toplevel() on ptolemy.moml.MoMLSimpleApplication@572cf011
reloadAllAccessors: .TimeDelay3

===========================================================================================
----------------- testing Mon Oct 07 05:52:18 UTC 2019 /home/travis/build/icyphy/ptII/ptolemy/domains/continuous/test/auto/TransferAbsentToInside.xml
----------------- Instantiating /home/travis/build/icyphy/ptII/ptolemy/domains/continuous/test/auto/TransferAbsentToInside.xml
56 ms. Memory: 315392K Free: 289570K (92%)
----------------- Invoking toplevel() on ptolemy.moml.MoMLSimpleApplication@49906820
----------------- Done invoking toplevel() on ptolemy.moml.MoMLSimpleApplication@49906820
reloadAllAccessors: .TransferAbsentToInside

===========================================================================================
----------------- testing Mon Oct 07 05:52:19 UTC 2019 /home/travis/build/icyphy/ptII/ptolemy/domains/continuous/test/auto/Transmission.xml
----------------- Instantiating /home/travis/build/icyphy/ptII/ptolemy/domains/continuous/test/auto/Transmission.xml
861 ms. Memory: 315392K Free: 244459K (78%)
----------------- Invoking toplevel() on ptolemy.moml.MoMLSimpleApplication@7b08f51
----------------- Done invoking toplevel() on ptolemy.moml.MoMLSimpleApplication@7b08f51
reloadAllAccessors: .Transmission

===========================================================================================
----------------- testing Mon Oct 07 05:52:20 UTC 2019 /home/travis/build/icyphy/ptII/ptolemy/domains/continuous/test/auto/TriggeredContinuousClock.xml
----------------- Instantiating /home/travis/build/icyphy/ptII/ptolemy/domains/continuous/test/auto/TriggeredContinuousClock.xml
47 ms. Memory: 315392K Free: 215307K (68%)
----------------- Invoking toplevel() on ptolemy.moml.MoMLSimpleApplication@7e294b7d
----------------- Done invoking toplevel() on ptolemy.moml.MoMLSimpleApplication@7e294b7d
reloadAllAccessors: .TriggeredContinuousClock

===========================================================================================
----------------- testing Mon Oct 07 05:52:20 UTC 2019 /home/travis/build/icyphy/ptII/ptolemy/domains/continuous/test/auto/TwoMachineInfiniteBusControl.xml
----------------- Instantiating /home/travis/build/icyphy/ptII/ptolemy/domains/continuous/test/auto/TwoMachineInfiniteBusControl.xml
3156 ms. Memory: 378880K Free: 247512K (65%)
----------------- Invoking toplevel() on ptolemy.moml.MoMLSimpleApplication@128b7aa7
----------------- Done invoking toplevel() on ptolemy.moml.MoMLSimpleApplication@128b7aa7
reloadAllAccessors: .TwoMachineInfiniteBusControl

===========================================================================================
----------------- testing Mon Oct 07 05:52:23 UTC 2019 /home/travis/build/icyphy/ptII/ptolemy/domains/continuous/test/auto/V2V.xml
----------------- Instantiating /home/travis/build/icyphy/ptII/ptolemy/domains/continuous/test/auto/V2V.xml
794 ms. Memory: 378880K Free: 282831K (75%)
----------------- Invoking toplevel() on ptolemy.moml.MoMLSimpleApplication@54c7de39
----------------- Done invoking toplevel() on ptolemy.moml.MoMLSimpleApplication@54c7de39
reloadAllAccessors: .V2V

===========================================================================================
----------------- testing Mon Oct 07 05:52:24 UTC 2019 /home/travis/build/icyphy/ptII/ptolemy/domains/continuous/test/auto/hierarchicalModalModel.xml
----------------- Instantiating /home/travis/build/icyphy/ptII/ptolemy/domains/continuous/test/auto/hierarchicalModalModel.xml
8 ms. Memory: 378880K Free: 268495K (71%)
----------------- Invoking toplevel() on ptolemy.moml.MoMLSimpleApplication@cd1b3e8
----------------- Done invoking toplevel() on ptolemy.moml.MoMLSimpleApplication@cd1b3e8
reloadAllAccessors: .hierarchicalModalModel

===========================================================================================
----------------- testing Mon Oct 07 05:52:24 UTC 2019 /home/travis/build/icyphy/ptII/ptolemy/domains/continuous/test/auto/hierarchicalModalModel1.xml
----------------- Instantiating /home/travis/build/icyphy/ptII/ptolemy/domains/continuous/test/auto/hierarchicalModalModel1.xml
9 ms. Memory: 378880K Free: 254159K (67%)
----------------- Invoking toplevel() on ptolemy.moml.MoMLSimpleApplication@38ad02c0
----------------- Done invoking toplevel() on ptolemy.moml.MoMLSimpleApplication@38ad02c0
reloadAllAccessors: .hierarchicalModalModel1

===========================================================================================
----------------- testing Mon Oct 07 05:52:24 UTC 2019 /home/travis/build/icyphy/ptII/ptolemy/domains/continuous/test/auto/hierarchicalModalModel2.xml
----------------- Instantiating /home/travis/build/icyphy/ptII/ptolemy/domains/continuous/test/auto/hierarchicalModalModel2.xml
8 ms. Memory: 378880K Free: 241871K (64%)
----------------- Invoking toplevel() on ptolemy.moml.MoMLSimpleApplication@488ff4f0
----------------- Done invoking toplevel() on ptolemy.moml.MoMLSimpleApplication@488ff4f0
reloadAllAccessors: .hierarchicalModalModel2

===========================================================================================
----------------- testing Mon Oct 07 05:52:24 UTC 2019 /home/travis/build/icyphy/ptII/ptolemy/domains/continuous/test/auto/hierarchicalModalModel3.xml
----------------- Instantiating /home/travis/build/icyphy/ptII/ptolemy/domains/continuous/test/auto/hierarchicalModalModel3.xml
7 ms. Memory: 378880K Free: 231121K (61%)
----------------- Invoking toplevel() on ptolemy.moml.MoMLSimpleApplication@7ec5ae6e
----------------- Done invoking toplevel() on ptolemy.moml.MoMLSimpleApplication@7ec5ae6e
reloadAllAccessors: .hierarchicalModalModel3

===========================================================================================
----------------- testing Mon Oct 07 05:52:24 UTC 2019 /home/travis/build/icyphy/ptII/ptolemy/domains/continuous/test/auto/hierarchicalModalModel4.xml
----------------- Instantiating /home/travis/build/icyphy/ptII/ptolemy/domains/continuous/test/auto/hierarchicalModalModel4.xml
7 ms. Memory: 378880K Free: 219343K (58%)
----------------- Invoking toplevel() on ptolemy.moml.MoMLSimpleApplication@10287e5
----------------- Done invoking toplevel() on ptolemy.moml.MoMLSimpleApplication@10287e5
reloadAllAccessors: .hierarchicalModalModel4

===========================================================================================
----------------- testing Mon Oct 07 05:52:24 UTC 2019 /home/travis/build/icyphy/ptII/ptolemy/domains/continuous/test/auto/junk.xml
----------------- Instantiating /home/travis/build/icyphy/ptII/ptolemy/domains/continuous/test/auto/junk.xml
150 ms. Memory: 378880K Free: 193743K (51%)
----------------- Invoking toplevel() on ptolemy.moml.MoMLSimpleApplication@77d9181d
----------------- Done invoking toplevel() on ptolemy.moml.MoMLSimpleApplication@77d9181d
reloadAllAccessors: .junk
AutoTests.java: About to close Vertx.
AutoTests.java: Vertx closed.
]]></system-out>
  <system-err><![CDATA[Warning: '.HysteresisWithRandomDelay.NonStrictTest3' The test produced only 22 tokens, yet the correctValues parameter was expecting 30 tokens.
Warning: '.IncreasingRatePoisson.NonStrictTest' The test produced only 399 tokens, yet the correctValues parameter was expecting 402 tokens.
Warning: '.Poisson.NonStrictTest' The test produced only 416 tokens, yet the correctValues parameter was expecting 430 tokens.
]]></system-err>
</testsuite>
