<?xml version="1.0" encoding="UTF-8" ?>
<testsuite errors="0" failures="0" hostname="travis-job-2166d78a-e36c-4f82-a21a-a112e3640cef" name="ptolemy.actor.lib.fmi.test.junit.JUnitTclTest" skipped="0" tests="63" time="18.64" timestamp="2022-05-11T19:54:06">
  <properties>
[...]
</properties>
  <testcase classname="ptolemy.util.test.junit.TclTests" name="[0] /home/travis/build/icyphy/ptII/ptolemy/actor/lib/fmi/test/FMUImport.tcl (RunTclFile)" time="2.395" />
  <testcase classname="ptolemy.util.test.junit.TclTests" name="[1] /home/travis/build/icyphy/ptII/ptolemy/actor/lib/fmi/test/FMUQSS.tcl (RunTclFile)" time="0.062" />
  <testcase classname="ptolemy.util.test.junit.AutoKnownFailedTests" name="[0] /home/travis/build/icyphy/ptII/ptolemy/actor/lib/fmi/test/auto/knownFailedTests/FMUContinuousInc20.xml (RunModel)" time="0.321" />
  <testcase classname="ptolemy.util.test.junit.AutoNameArchTests" name="[0] /home/travis/build/icyphy/ptII/ptolemy/actor/lib/fmi/test/auto/linux-amd64/FMUQSSAirOulet1_QSS1.xml (RunModel)" time="1.115" />
  <testcase classname="ptolemy.util.test.junit.AutoNameArchTests" name="[1] /home/travis/build/icyphy/ptII/ptolemy/actor/lib/fmi/test/auto/linux-amd64/FMUQSSAirToOulet1_QSS1.xml (RunModel)" time="0.611" />
  <testcase classname="ptolemy.util.test.junit.AutoNameArchTests" name="[2] /home/travis/build/icyphy/ptII/ptolemy/actor/lib/fmi/test/auto/linux-amd64/FMUQSSAirToOulet2_QSS1.xml (RunModel)" time="1.961" />
  <testcase classname="ptolemy.util.test.junit.AutoNameArchTests" name="[3] /home/travis/build/icyphy/ptII/ptolemy/actor/lib/fmi/test/auto/linux-amd64/FMUQSSStateEvent1_QSS1.xml (RunModel)" time="0.125" />
  <testcase classname="ptolemy.util.test.junit.AutoNameArchTests" name="[4] /home/travis/build/icyphy/ptII/ptolemy/actor/lib/fmi/test/auto/linux-amd64/FMUQSSStateEvent1_QSS2.xml (RunModel)" time="0.976" />
  <testcase classname="ptolemy.util.test.junit.AutoNameArchTests" name="[5] /home/travis/build/icyphy/ptII/ptolemy/actor/lib/fmi/test/auto/linux-amd64/FMUQSSStateEvent1_QSS3.xml (RunModel)" time="0.17" />
  <testcase classname="ptolemy.util.test.junit.AutoNameArchTests" name="[6] /home/travis/build/icyphy/ptII/ptolemy/actor/lib/fmi/test/auto/linux-amd64/FMUQSSStateEvent2_QSS1.xml (RunModel)" time="0.639" />
  <testcase classname="ptolemy.util.test.junit.AutoNameArchTests" name="[7] /home/travis/build/icyphy/ptII/ptolemy/actor/lib/fmi/test/auto/linux-amd64/FMUQSSStateEvent2_QSS2.xml (RunModel)" time="0.798" />
  <testcase classname="ptolemy.util.test.junit.AutoNameArchTests" name="[8] /home/travis/build/icyphy/ptII/ptolemy/actor/lib/fmi/test/auto/linux-amd64/FMUQSSStateEvent4_QSS1.xml (RunModel)" time="0.175" />
  <testcase classname="ptolemy.util.test.junit.AutoNameArchTests" name="[9] /home/travis/build/icyphy/ptII/ptolemy/actor/lib/fmi/test/auto/linux-amd64/FMUQSSStateEvent4_QSS2.xml (RunModel)" time="0.1" />
  <testcase classname="ptolemy.util.test.junit.AutoNameArchTests" name="[10] /home/travis/build/icyphy/ptII/ptolemy/actor/lib/fmi/test/auto/linux-amd64/FMUQSSStateEvent4_QSS3.xml (RunModel)" time="0.126" />
  <testcase classname="ptolemy.util.test.junit.AutoNameArchTests" name="[11] /home/travis/build/icyphy/ptII/ptolemy/actor/lib/fmi/test/auto/linux-amd64/FMUQSSStateEvent5_QSS1.xml (RunModel)" time="0.194" />
  <testcase classname="ptolemy.util.test.junit.AutoNameArchTests" name="[12] /home/travis/build/icyphy/ptII/ptolemy/actor/lib/fmi/test/auto/linux-amd64/FMUQSSStateEvent5_QSS2.xml (RunModel)" time="0.338" />
  <testcase classname="ptolemy.util.test.junit.AutoNameArchTests" name="[13] /home/travis/build/icyphy/ptII/ptolemy/actor/lib/fmi/test/auto/linux-amd64/FMUQSSStateEvent5_QSS3.xml (RunModel)" time="0.075" />
  <testcase classname="ptolemy.util.test.junit.AutoNameArchTests" name="[14] /home/travis/build/icyphy/ptII/ptolemy/actor/lib/fmi/test/auto/linux-amd64/FMUQSSStateEvent6_QSS1.xml (RunModel)" time="0.691" />
  <testcase classname="ptolemy.util.test.junit.AutoNameArchTests" name="[15] /home/travis/build/icyphy/ptII/ptolemy/actor/lib/fmi/test/auto/linux-amd64/FMUQSSStateEvent6_QSS2.xml (RunModel)" time="0.724" />
  <testcase classname="ptolemy.util.test.junit.AutoTests" name="[0] /home/travis/build/icyphy/ptII/ptolemy/actor/lib/fmi/test/auto/FMU30Inc.xml (RunModel)" time="0.329" />
  <testcase classname="ptolemy.util.test.junit.AutoTests" name="[1] /home/travis/build/icyphy/ptII/ptolemy/actor/lib/fmi/test/auto/FMUBouncingBall.xml (RunModel)" time="0.117" />
  <testcase classname="ptolemy.util.test.junit.AutoTests" name="[2] /home/travis/build/icyphy/ptII/ptolemy/actor/lib/fmi/test/auto/FMUBouncingBallME20.xml (RunModel)" time="0.188" />
  <testcase classname="ptolemy.util.test.junit.AutoTests" name="[3] /home/travis/build/icyphy/ptII/ptolemy/actor/lib/fmi/test/auto/FMUDQ.xml (RunModel)" time="0.018" />
  <testcase classname="ptolemy.util.test.junit.AutoTests" name="[4] /home/travis/build/icyphy/ptII/ptolemy/actor/lib/fmi/test/auto/FMUDq20.xml (RunModel)" time="0.075" />
  <testcase classname="ptolemy.util.test.junit.AutoTests" name="[5] /home/travis/build/icyphy/ptII/ptolemy/actor/lib/fmi/test/auto/FMUDqME20.xml (RunModel)" time="0.038" />
  <testcase classname="ptolemy.util.test.junit.AutoTests" name="[6] /home/travis/build/icyphy/ptII/ptolemy/actor/lib/fmi/test/auto/FMUFourInputsFourOutputsME20.xml (RunModel)" time="0.073" />
  <testcase classname="ptolemy.util.test.junit.AutoTests" name="[7] /home/travis/build/icyphy/ptII/ptolemy/actor/lib/fmi/test/auto/FMUHeaterFlowResistance.xml (RunModel)" time="0.132" />
  <testcase classname="ptolemy.util.test.junit.AutoTests" name="[8] /home/travis/build/icyphy/ptII/ptolemy/actor/lib/fmi/test/auto/FMUHelloWorld.xml (RunModel)" time="0.024" />
  <testcase classname="ptolemy.util.test.junit.AutoTests" name="[9] /home/travis/build/icyphy/ptII/ptolemy/actor/lib/fmi/test/auto/FMUHelloWorldUnBuilt.xml (RunModel)" time="0.079" />
  <testcase classname="ptolemy.util.test.junit.AutoTests" name="[10] /home/travis/build/icyphy/ptII/ptolemy/actor/lib/fmi/test/auto/FMUInc.xml (RunModel)" time="0.019" />
  <testcase classname="ptolemy.util.test.junit.AutoTests" name="[11] /home/travis/build/icyphy/ptII/ptolemy/actor/lib/fmi/test/auto/FMUInc2.xml (RunModel)" time="0.022" />
  <testcase classname="ptolemy.util.test.junit.AutoTests" name="[12] /home/travis/build/icyphy/ptII/ptolemy/actor/lib/fmi/test/auto/FMUIncME1.xml (RunModel)" time="0.022" />
  <testcase classname="ptolemy.util.test.junit.AutoTests" name="[13] /home/travis/build/icyphy/ptII/ptolemy/actor/lib/fmi/test/auto/FMUIncME20.xml (RunModel)" time="0.024" />
  <testcase classname="ptolemy.util.test.junit.AutoTests" name="[14] /home/travis/build/icyphy/ptII/ptolemy/actor/lib/fmi/test/auto/FMUIncScale20RC1pt.xml (RunModel)" time="0.033" />
  <testcase classname="ptolemy.util.test.junit.AutoTests" name="[15] /home/travis/build/icyphy/ptII/ptolemy/actor/lib/fmi/test/auto/FMULevelStairs.xml (RunModel)" time="0.038" />
  <testcase classname="ptolemy.util.test.junit.AutoTests" name="[16] /home/travis/build/icyphy/ptII/ptolemy/actor/lib/fmi/test/auto/FMUPumpConstantSpeed.xml (RunModel)" time="0.108" />
  <testcase classname="ptolemy.util.test.junit.AutoTests" name="[17] /home/travis/build/icyphy/ptII/ptolemy/actor/lib/fmi/test/auto/FMUQSSTankOpen.xml (RunModel)" time="2.771" />
  <testcase classname="ptolemy.util.test.junit.AutoTests" name="[18] /home/travis/build/icyphy/ptII/ptolemy/actor/lib/fmi/test/auto/FMUSDFBouncingBall.xml (RunModel)" time="0.028" />
  <testcase classname="ptolemy.util.test.junit.AutoTests" name="[19] /home/travis/build/icyphy/ptII/ptolemy/actor/lib/fmi/test/auto/FMUSDFBouncingBall20.xml (RunModel)" time="0.308" />
  <testcase classname="ptolemy.util.test.junit.AutoTests" name="[20] /home/travis/build/icyphy/ptII/ptolemy/actor/lib/fmi/test/auto/FMUSDFBouncingBall20RC1.xml (RunModel)" time="0.035" />
  <testcase classname="ptolemy.util.test.junit.AutoTests" name="[21] /home/travis/build/icyphy/ptII/ptolemy/actor/lib/fmi/test/auto/FMUSDFInc20.xml (RunModel)" time="0.023" />
  <testcase classname="ptolemy.util.test.junit.AutoTests" name="[22] /home/travis/build/icyphy/ptII/ptolemy/actor/lib/fmi/test/auto/FMUStairs.xml (RunModel)" time="0.036" />
  <testcase classname="ptolemy.util.test.junit.AutoTests" name="[23] /home/travis/build/icyphy/ptII/ptolemy/actor/lib/fmi/test/auto/FMUStepCounter1.xml (RunModel)" time="0.095" />
  <testcase classname="ptolemy.util.test.junit.AutoTests" name="[24] /home/travis/build/icyphy/ptII/ptolemy/actor/lib/fmi/test/auto/FMUStepCounter2.xml (RunModel)" time="0.137" />
  <testcase classname="ptolemy.util.test.junit.AutoTests" name="[25] /home/travis/build/icyphy/ptII/ptolemy/actor/lib/fmi/test/auto/FMUStepCounterContinuous1.xml (RunModel)" time="0.021" />
  <testcase classname="ptolemy.util.test.junit.AutoTests" name="[26] /home/travis/build/icyphy/ptII/ptolemy/actor/lib/fmi/test/auto/FMUStepCounterContinuous2.xml (RunModel)" time="0.018" />
  <testcase classname="ptolemy.util.test.junit.AutoTests" name="[27] /home/travis/build/icyphy/ptII/ptolemy/actor/lib/fmi/test/auto/FMUStepCounterContinuousTwoFMUs1.xml (RunModel)" time="0.023" />
  <testcase classname="ptolemy.util.test.junit.AutoTests" name="[28] /home/travis/build/icyphy/ptII/ptolemy/actor/lib/fmi/test/auto/FMUStepCounterContinuousTwoFMUs2.xml (RunModel)" time="0.019" />
  <testcase classname="ptolemy.util.test.junit.AutoTests" name="[29] /home/travis/build/icyphy/ptII/ptolemy/actor/lib/fmi/test/auto/FMUStepCounterExtendedFMI.xml (RunModel)" time="0.117" />
  <testcase classname="ptolemy.util.test.junit.AutoTests" name="[30] /home/travis/build/icyphy/ptII/ptolemy/actor/lib/fmi/test/auto/FMUStepCounterPeriodInNameContinuous2.xml (RunModel)" time="0.105" />
  <testcase classname="ptolemy.util.test.junit.AutoTests" name="[31] /home/travis/build/icyphy/ptII/ptolemy/actor/lib/fmi/test/auto/FMUTankOpen.xml (RunModel)" time="0.051" />
  <testcase classname="ptolemy.util.test.junit.AutoTests" name="[32] /home/travis/build/icyphy/ptII/ptolemy/actor/lib/fmi/test/auto/FMUTwoBallCollision.xml (RunModel)" time="0.232" />
  <testcase classname="ptolemy.util.test.junit.AutoTests" name="[33] /home/travis/build/icyphy/ptII/ptolemy/actor/lib/fmi/test/auto/FMUValues.xml (RunModel)" time="0.068" />
  <testcase classname="ptolemy.util.test.junit.AutoTests" name="[34] /home/travis/build/icyphy/ptII/ptolemy/actor/lib/fmi/test/auto/FMUValues20.xml (RunModel)" time="0.035" />
  <testcase classname="ptolemy.util.test.junit.AutoTests" name="[35] /home/travis/build/icyphy/ptII/ptolemy/actor/lib/fmi/test/auto/FMUValuesME20.xml (RunModel)" time="0.078" />
  <testcase classname="ptolemy.util.test.junit.AutoTests" name="[36] /home/travis/build/icyphy/ptII/ptolemy/actor/lib/fmi/test/auto/FMUVanDerPol.xml (RunModel)" time="0.02" />
  <testcase classname="ptolemy.util.test.junit.AutoTests" name="[37] /home/travis/build/icyphy/ptII/ptolemy/actor/lib/fmi/test/auto/FMUVanDerPol20.xml (RunModel)" time="0.112" />
  <testcase classname="ptolemy.util.test.junit.AutoTests" name="[38] /home/travis/build/icyphy/ptII/ptolemy/actor/lib/fmi/test/auto/FMUVanDerPolME20.xml (RunModel)" time="0.03" />
  <testcase classname="ptolemy.util.test.junit.AutoTests" name="[39] /home/travis/build/icyphy/ptII/ptolemy/actor/lib/fmi/test/auto/FMUdq20RC1.xml (RunModel)" time="0.013" />
  <testcase classname="ptolemy.util.test.junit.AutoTests" name="[40] /home/travis/build/icyphy/ptII/ptolemy/actor/lib/fmi/test/auto/FMUvalues20RC1.xml (RunModel)" time="0.038" />
  <testcase classname="ptolemy.util.test.junit.AutoTests" name="[41] /home/travis/build/icyphy/ptII/ptolemy/actor/lib/fmi/test/auto/FMUvanDerPol20RC1.xml (RunModel)" time="0.032" />
  <testcase classname="ptolemy.util.test.junit.AutoTests" name="[42] /home/travis/build/icyphy/ptII/ptolemy/actor/lib/fmi/test/auto/TestZeroDelayFeedback.xml (RunModel)" time="0.759" />
  <testcase classname="ptolemy.util.test.junit.AutoTests" name="[43] /home/travis/build/icyphy/ptII/ptolemy/actor/lib/fmi/test/auto/helloWorldME2.xml (RunModel)" time="0.024" />
  <system-out><![CDATA[/home/travis/build/icyphy/ptII/ptolemy/actor/lib/fmi/test/FMUImport.tcl
testDefs.tcl: setting time out to 9000 seconds at Wed May 11 19:54:06 UTC 2022
.top.stepCounter
FMUImport.tcl: auto/valuesME20.fmu is to be imported as a modelExchange fmu.
.top.valuesME
Warning: FMU modelDescription provides Integer representation of time, but precision is not specified
.top.Clock
FMUImport.tcl: auto/dqME1.fmu is to be imported as a modelExchange fmu.
.top.dqME
Warning: FMU modelDescription provides Integer representation of time, but precision is not specified
.top.IntegratorIT
.top.CheckEqualityFP
Warning: FMU modelDescription provides Integer representation of time, but precision is not specified
.top.HybridIntegratorReset
Warning: FMU modelDescription provides Integer representation of time, but precision is not specified
.top.ConstantIT
Warning: FMU modelDescription provides Integer representation of time, but precision is not specified
.top.HybridZeroCrossingDetector
FMUImport.tcl: auto/dqME20.fmu is to be imported as a modelExchange fmu.
.top.dqME
.top.fmuC20pt
Warning: FMU modelDescription provides Integer representation of time, but precision is not specified
.top.ZeroCrossingDetector
Warning: FMU modelDescription provides Integer representation of time, but precision is not specified
.top.ClockIT
.top.ClockFP
Warning: FMU modelDescription provides Integer representation of time, but precision is not specified
.top.HybridDelay
.top.values20RC
.top.dq
.top.inc20RC
Warning: FMU modelDescription provides Integer representation of time, but precision is not specified
.top.Constant
.top.helloWorldUnBuilt
.top.helloWorld
Warning: FMU modelDescription provides Integer representation of time, but precision is not specified
.top.DelayIT
.top.bouncingBall20RC
.top.inc
.top.pumpConstantSpeed
.top.onOffSupervisor
.top.stairsB
.top.fmuD20pt
Warning: FMU modelDescription provides Integer representation of time, but precision is not specified
.top.HybridConstantSignalGenerator
Warning: FMU modelDescription provides Integer representation of time, but precision is not specified
.top.DelayW
Warning: FMU modelDescription provides Integer representation of time, but precision is not specified
.top.HybridSequenceCheck
.top.heaterFlowResistance
.top.stepCounter
Warning: FMU modelDescription provides Integer representation of time, but precision is not specified
.top.HybridTriggeredConst
.top.stairsA20RC1F
Warning: FMU modelDescription provides Integer representation of time, but precision is not specified
.top.ZeroCrossingDetectorIT
FMUImport.tcl: auto/valuesME1.fmu is to be imported as a modelExchange fmu.
.top.valuesME
.top.fmuB20pt
.top.scale20RC
FMUImport.tcl: auto/incME20.fmu is to be imported as a modelExchange fmu.
.top.incME
.top.vanDerPol20RC
.top.values
FMUImport.tcl: auto/vanDerPolME1.fmu is to be imported as a modelExchange fmu.
.top.vanDerPolME
.top.qss1State1OutputNoBinaries
Warning: FMU modelDescription provides Integer representation of time, but precision is not specified
.top.CheckEqualityIT
.top.SamplerFP
FMUImport.tcl: auto/bouncingBallME20.fmu is to be imported as a modelExchange fmu.
.top.bouncingBallME
.top.helloWorldME
Warning: FMU modelDescription provides Integer representation of time, but precision is not specified
.top.ClockW
FMUImport.tcl: auto/fourInputsFourOutputsME20.fmu is to be imported as a modelExchange fmu.
.top.fourInputsFourOutputsME
Warning: FMU modelDescription provides Integer representation of time, but precision is not specified
.top.CTClockIT
.top.scale20pt
.top.stairsA
.top.fmuA20pt
.top.inc20pt
Warning: FMU modelDescription provides Integer representation of time, but precision is not specified
.top.AdderIT
FMUImport.tcl: auto/vanDerPolME20.fmu is to be imported as a modelExchange fmu.
.top.vanDerPolME
.top.levelStairs
Warning: FMU modelDescription provides Integer representation of time, but precision is not specified
.top.Adder
.top.bouncingBall
Warning: FMU modelDescription provides Integer representation of time, but precision is not specified
.top.CTClockW
Warning: FMU modelDescription provides Integer representation of time, but precision is not specified
.top.Delay
.top.ballDynamics
.top.vanDerPol
FMUImport.tcl: auto/incME1.fmu is to be imported as a modelExchange fmu.
.top.incME
Warning: FMU modelDescription provides Integer representation of time, but precision is not specified
.top.Integrator
.top.out20pt
.top.stepCounterExtendedFMI
.top.dq20RC
FMUImport.tcl: auto/bouncingBallME1.fmu is to be imported as a modelExchange fmu.
.top.bouncingBallME
Warning: FMU modelDescription provides Integer representation of time, but precision is not specified
.top.HybridAdder
.top.stepCounterPeriodInName
FMUImport.tcl: auto/tankOpen.fmu is to be imported as a modelExchange fmu.
.top.tankOpen
Warning: FMU modelDescription provides Integer representation of time, but precision is not specified
.top.SamplerIT
/home/travis/build/icyphy/ptII/ptolemy/actor/lib/fmi/test/FMUQSS.tcl
05/11/22 07:54:09
Failed: 0  Total Tests: 80  ((Passed: 80, Newly Passed: 0)  Known Failed: 0) /home/travis/build/icyphy/ptII/ptolemy/actor/lib/fmi/test
----------------- testing (KnownFailure) /home/travis/build/icyphy/ptII/ptolemy/actor/lib/fmi/test/auto/knownFailedTests/FMUContinuousInc20.xml
175 ms. Memory: 129024K Free: 107509K (83%)
Known Failure: java.lang.reflect.InvocationTargetException

===========================================================================================
----------------- testing Wed May 11 19:54:09 UTC 2022 /home/travis/build/icyphy/ptII/ptolemy/actor/lib/fmi/test/auto/linux-amd64/FMUQSSAirOulet1_QSS1.xml
----------------- Instantiating /home/travis/build/icyphy/ptII/ptolemy/actor/lib/fmi/test/auto/linux-amd64/FMUQSSAirOulet1_QSS1.xml
 Number of steps: 1811
  stateEvents: 3
  stepEvents: 0
  timeEvents: 0
905 ms. Memory: 129024K Free: 54883K (43%)
----------------- Invoking toplevel() on ptolemy.moml.MoMLSimpleApplication@f2881fe
----------------- Done invoking toplevel() on ptolemy.moml.MoMLSimpleApplication@f2881fe
reloadAllAccessors: .FMUQSSAirOulet1_QSS1

===========================================================================================
----------------- testing Wed May 11 19:54:10 UTC 2022 /home/travis/build/icyphy/ptII/ptolemy/actor/lib/fmi/test/auto/linux-amd64/FMUQSSAirToOulet1_QSS1.xml
----------------- Instantiating /home/travis/build/icyphy/ptII/ptolemy/actor/lib/fmi/test/auto/linux-amd64/FMUQSSAirToOulet1_QSS1.xml
 Number of steps: 1811
  stateEvents: 3
  stepEvents: 0
  timeEvents: 0
515 ms. Memory: 155648K Free: 92842K (60%)
----------------- Invoking toplevel() on ptolemy.moml.MoMLSimpleApplication@11c2f5a2
----------------- Done invoking toplevel() on ptolemy.moml.MoMLSimpleApplication@11c2f5a2
reloadAllAccessors: .FMUQSSAirToOulet1_QSS1

===========================================================================================
----------------- testing Wed May 11 19:54:11 UTC 2022 /home/travis/build/icyphy/ptII/ptolemy/actor/lib/fmi/test/auto/linux-amd64/FMUQSSAirToOulet2_QSS1.xml
----------------- Instantiating /home/travis/build/icyphy/ptII/ptolemy/actor/lib/fmi/test/auto/linux-amd64/FMUQSSAirToOulet2_QSS1.xml
 Number of steps: 9936
  stateEvents: 1
  stepEvents: 0
  timeEvents: 8
1878 ms. Memory: 155648K Free: 113214K (73%)
----------------- Invoking toplevel() on ptolemy.moml.MoMLSimpleApplication@21d14a4b
----------------- Done invoking toplevel() on ptolemy.moml.MoMLSimpleApplication@21d14a4b
reloadAllAccessors: .FMUQSSAirToOulet2_QSS1

===========================================================================================
----------------- testing Wed May 11 19:54:13 UTC 2022 /home/travis/build/icyphy/ptII/ptolemy/actor/lib/fmi/test/auto/linux-amd64/FMUQSSStateEvent1_QSS1.xml
----------------- Instantiating /home/travis/build/icyphy/ptII/ptolemy/actor/lib/fmi/test/auto/linux-amd64/FMUQSSStateEvent1_QSS1.xml
 Number of steps: 295
  stateEvents: 1
  stepEvents: 0
  timeEvents: 0
67 ms. Memory: 155648K Free: 100416K (65%)
----------------- Invoking toplevel() on ptolemy.moml.MoMLSimpleApplication@7a0679f0
----------------- Done invoking toplevel() on ptolemy.moml.MoMLSimpleApplication@7a0679f0
reloadAllAccessors: .FMUQSSStateEvent1_QSS1

===========================================================================================
----------------- testing Wed May 11 19:54:13 UTC 2022 /home/travis/build/icyphy/ptII/ptolemy/actor/lib/fmi/test/auto/linux-amd64/FMUQSSStateEvent1_QSS2.xml
----------------- Instantiating /home/travis/build/icyphy/ptII/ptolemy/actor/lib/fmi/test/auto/linux-amd64/FMUQSSStateEvent1_QSS2.xml
 Number of steps: 6179
  stateEvents: 1
  stepEvents: 0
  timeEvents: 0
950 ms. Memory: 203776K Free: 105474K (52%)
----------------- Invoking toplevel() on ptolemy.moml.MoMLSimpleApplication@382383f0
----------------- Done invoking toplevel() on ptolemy.moml.MoMLSimpleApplication@382383f0
reloadAllAccessors: .FMUQSSStateEvent1_QSS2

===========================================================================================
----------------- testing Wed May 11 19:54:14 UTC 2022 /home/travis/build/icyphy/ptII/ptolemy/actor/lib/fmi/test/auto/linux-amd64/FMUQSSStateEvent1_QSS3.xml
----------------- Instantiating /home/travis/build/icyphy/ptII/ptolemy/actor/lib/fmi/test/auto/linux-amd64/FMUQSSStateEvent1_QSS3.xml
 Number of steps: 1067
  stateEvents: 1
  stepEvents: 0
  timeEvents: 0
151 ms. Memory: 203776K Free: 77826K (38%)
----------------- Invoking toplevel() on ptolemy.moml.MoMLSimpleApplication@3d57225c
----------------- Done invoking toplevel() on ptolemy.moml.MoMLSimpleApplication@3d57225c
reloadAllAccessors: .FMUQSSStateEvent1_QSS3

===========================================================================================
----------------- testing Wed May 11 19:54:14 UTC 2022 /home/travis/build/icyphy/ptII/ptolemy/actor/lib/fmi/test/auto/linux-amd64/FMUQSSStateEvent2_QSS1.xml
----------------- Instantiating /home/travis/build/icyphy/ptII/ptolemy/actor/lib/fmi/test/auto/linux-amd64/FMUQSSStateEvent2_QSS1.xml
 Number of steps: 3368
  stateEvents: 8
  stepEvents: 0
  timeEvents: 0
511 ms. Memory: 203776K Free: 108420K (53%)
----------------- Invoking toplevel() on ptolemy.moml.MoMLSimpleApplication@156ad806
----------------- Done invoking toplevel() on ptolemy.moml.MoMLSimpleApplication@156ad806
reloadAllAccessors: .FMUQSSStateEvent2_QSS1

===========================================================================================
----------------- testing Wed May 11 19:54:15 UTC 2022 /home/travis/build/icyphy/ptII/ptolemy/actor/lib/fmi/test/auto/linux-amd64/FMUQSSStateEvent2_QSS2.xml
----------------- Instantiating /home/travis/build/icyphy/ptII/ptolemy/actor/lib/fmi/test/auto/linux-amd64/FMUQSSStateEvent2_QSS2.xml
 Number of steps: 2499
  stateEvents: 8
  stepEvents: 0
  timeEvents: 0
584 ms. Memory: 203776K Free: 112881K (55%)
----------------- Invoking toplevel() on ptolemy.moml.MoMLSimpleApplication@23c001e
----------------- Done invoking toplevel() on ptolemy.moml.MoMLSimpleApplication@23c001e
reloadAllAccessors: .FMUQSSStateEvent2_QSS2

===========================================================================================
----------------- testing Wed May 11 19:54:15 UTC 2022 /home/travis/build/icyphy/ptII/ptolemy/actor/lib/fmi/test/auto/linux-amd64/FMUQSSStateEvent4_QSS1.xml
----------------- Instantiating /home/travis/build/icyphy/ptII/ptolemy/actor/lib/fmi/test/auto/linux-amd64/FMUQSSStateEvent4_QSS1.xml
 Number of steps: 707
  stateEvents: 1
  stepEvents: 0
  timeEvents: 1
105 ms. Memory: 203776K Free: 91831K (45%)
----------------- Invoking toplevel() on ptolemy.moml.MoMLSimpleApplication@78ba2514
----------------- Done invoking toplevel() on ptolemy.moml.MoMLSimpleApplication@78ba2514
reloadAllAccessors: .FMUQSSStateEvent4_QSS1

===========================================================================================
----------------- testing Wed May 11 19:54:16 UTC 2022 /home/travis/build/icyphy/ptII/ptolemy/actor/lib/fmi/test/auto/linux-amd64/FMUQSSStateEvent4_QSS2.xml
----------------- Instantiating /home/travis/build/icyphy/ptII/ptolemy/actor/lib/fmi/test/auto/linux-amd64/FMUQSSStateEvent4_QSS2.xml
 Number of steps: 528
  stateEvents: 1
  stepEvents: 0
  timeEvents: 1
70 ms. Memory: 203776K Free: 75447K (37%)
----------------- Invoking toplevel() on ptolemy.moml.MoMLSimpleApplication@27411c6
----------------- Done invoking toplevel() on ptolemy.moml.MoMLSimpleApplication@27411c6
reloadAllAccessors: .FMUQSSStateEvent4_QSS2

===========================================================================================
----------------- testing Wed May 11 19:54:16 UTC 2022 /home/travis/build/icyphy/ptII/ptolemy/actor/lib/fmi/test/auto/linux-amd64/FMUQSSStateEvent4_QSS3.xml
----------------- Instantiating /home/travis/build/icyphy/ptII/ptolemy/actor/lib/fmi/test/auto/linux-amd64/FMUQSSStateEvent4_QSS3.xml
 Number of steps: 546
  stateEvents: 1
  stepEvents: 0
  timeEvents: 1
104 ms. Memory: 203776K Free: 169420K (83%)
----------------- Invoking toplevel() on ptolemy.moml.MoMLSimpleApplication@4b3e028f
----------------- Done invoking toplevel() on ptolemy.moml.MoMLSimpleApplication@4b3e028f
reloadAllAccessors: .FMUQSSStateEvent4_QSS3

===========================================================================================
----------------- testing Wed May 11 19:54:16 UTC 2022 /home/travis/build/icyphy/ptII/ptolemy/actor/lib/fmi/test/auto/linux-amd64/FMUQSSStateEvent5_QSS1.xml
----------------- Instantiating /home/travis/build/icyphy/ptII/ptolemy/actor/lib/fmi/test/auto/linux-amd64/FMUQSSStateEvent5_QSS1.xml
 Number of steps: 991
  stateEvents: 2
  stepEvents: 0
  timeEvents: 0
129 ms. Memory: 203776K Free: 142469K (70%)
----------------- Invoking toplevel() on ptolemy.moml.MoMLSimpleApplication@628dcb2e
----------------- Done invoking toplevel() on ptolemy.moml.MoMLSimpleApplication@628dcb2e
reloadAllAccessors: .FMUQSSStateEvent5_QSS1

===========================================================================================
----------------- testing Wed May 11 19:54:16 UTC 2022 /home/travis/build/icyphy/ptII/ptolemy/actor/lib/fmi/test/auto/linux-amd64/FMUQSSStateEvent5_QSS2.xml
----------------- Instantiating /home/travis/build/icyphy/ptII/ptolemy/actor/lib/fmi/test/auto/linux-amd64/FMUQSSStateEvent5_QSS2.xml
 Number of steps: 3082
  stateEvents: 2
  stepEvents: 0
  timeEvents: 0
314 ms. Memory: 203776K Free: 74371K (36%)
----------------- Invoking toplevel() on ptolemy.moml.MoMLSimpleApplication@4e9f2113
----------------- Done invoking toplevel() on ptolemy.moml.MoMLSimpleApplication@4e9f2113
reloadAllAccessors: .FMUQSSStateEvent5_QSS2

===========================================================================================
----------------- testing Wed May 11 19:54:16 UTC 2022 /home/travis/build/icyphy/ptII/ptolemy/actor/lib/fmi/test/auto/linux-amd64/FMUQSSStateEvent5_QSS3.xml
----------------- Instantiating /home/travis/build/icyphy/ptII/ptolemy/actor/lib/fmi/test/auto/linux-amd64/FMUQSSStateEvent5_QSS3.xml
 Number of steps: 416
  stateEvents: 2
  stepEvents: 0
  timeEvents: 0
57 ms. Memory: 203776K Free: 60035K (29%)
----------------- Invoking toplevel() on ptolemy.moml.MoMLSimpleApplication@51c156f1
----------------- Done invoking toplevel() on ptolemy.moml.MoMLSimpleApplication@51c156f1
reloadAllAccessors: .FMUQSSStateEvent5_QSS3

===========================================================================================
----------------- testing Wed May 11 19:54:16 UTC 2022 /home/travis/build/icyphy/ptII/ptolemy/actor/lib/fmi/test/auto/linux-amd64/FMUQSSStateEvent6_QSS1.xml
----------------- Instantiating /home/travis/build/icyphy/ptII/ptolemy/actor/lib/fmi/test/auto/linux-amd64/FMUQSSStateEvent6_QSS1.xml
 Number of steps: 4328
  stateEvents: 8
  stepEvents: 0
  timeEvents: 0
585 ms. Memory: 284672K Free: 154406K (54%)
----------------- Invoking toplevel() on ptolemy.moml.MoMLSimpleApplication@239e76b9
----------------- Done invoking toplevel() on ptolemy.moml.MoMLSimpleApplication@239e76b9
reloadAllAccessors: .FMUQSSStateEvent6_QSS1

===========================================================================================
----------------- testing Wed May 11 19:54:17 UTC 2022 /home/travis/build/icyphy/ptII/ptolemy/actor/lib/fmi/test/auto/linux-amd64/FMUQSSStateEvent6_QSS2.xml
----------------- Instantiating /home/travis/build/icyphy/ptII/ptolemy/actor/lib/fmi/test/auto/linux-amd64/FMUQSSStateEvent6_QSS2.xml
 Number of steps: 2682
  stateEvents: 9
  stepEvents: 0
  timeEvents: 0
635 ms. Memory: 284672K Free: 202020K (71%)
----------------- Invoking toplevel() on ptolemy.moml.MoMLSimpleApplication@5376f597
----------------- Done invoking toplevel() on ptolemy.moml.MoMLSimpleApplication@5376f597
reloadAllAccessors: .FMUQSSStateEvent6_QSS2
AutoTests.java: About to close Vertx.
AutoTests.java: Vertx closed.

===========================================================================================
----------------- testing Wed May 11 19:54:18 UTC 2022 /home/travis/build/icyphy/ptII/ptolemy/actor/lib/fmi/test/auto/FMU30Inc.xml
----------------- Instantiating /home/travis/build/icyphy/ptII/ptolemy/actor/lib/fmi/test/auto/FMU30Inc.xml
143 ms. Memory: 284672K Free: 142118K (50%)
----------------- Invoking toplevel() on ptolemy.moml.MoMLSimpleApplication@7ea28dc2
----------------- Done invoking toplevel() on ptolemy.moml.MoMLSimpleApplication@7ea28dc2
reloadAllAccessors: .FMU30Inc

===========================================================================================
----------------- testing Wed May 11 19:54:18 UTC 2022 /home/travis/build/icyphy/ptII/ptolemy/actor/lib/fmi/test/auto/FMUBouncingBall.xml
----------------- Instantiating /home/travis/build/icyphy/ptII/ptolemy/actor/lib/fmi/test/auto/FMUBouncingBall.xml
66 ms. Memory: 284672K Free: 131364K (46%)
----------------- Invoking toplevel() on ptolemy.moml.MoMLSimpleApplication@7e44e8a1
----------------- Done invoking toplevel() on ptolemy.moml.MoMLSimpleApplication@7e44e8a1
reloadAllAccessors: .FMUBouncingBall

===========================================================================================
----------------- testing Wed May 11 19:54:19 UTC 2022 /home/travis/build/icyphy/ptII/ptolemy/actor/lib/fmi/test/auto/FMUBouncingBallME20.xml
----------------- Instantiating /home/travis/build/icyphy/ptII/ptolemy/actor/lib/fmi/test/auto/FMUBouncingBallME20.xml
94 ms. Memory: 284672K Free: 117028K (41%)
----------------- Invoking toplevel() on ptolemy.moml.MoMLSimpleApplication@11eea86
----------------- Done invoking toplevel() on ptolemy.moml.MoMLSimpleApplication@11eea86
reloadAllAccessors: .FMUBouncingBallME20

===========================================================================================
----------------- testing Wed May 11 19:54:19 UTC 2022 /home/travis/build/icyphy/ptII/ptolemy/actor/lib/fmi/test/auto/FMUDQ.xml
----------------- Instantiating /home/travis/build/icyphy/ptII/ptolemy/actor/lib/fmi/test/auto/FMUDQ.xml
4 ms. Memory: 284672K Free: 111398K (39%)
----------------- Invoking toplevel() on ptolemy.moml.MoMLSimpleApplication@3450fc87
----------------- Done invoking toplevel() on ptolemy.moml.MoMLSimpleApplication@3450fc87
reloadAllAccessors: .FMUDQ

===========================================================================================
----------------- testing Wed May 11 19:54:19 UTC 2022 /home/travis/build/icyphy/ptII/ptolemy/actor/lib/fmi/test/auto/FMUDq20.xml
----------------- Instantiating /home/travis/build/icyphy/ptII/ptolemy/actor/lib/fmi/test/auto/FMUDq20.xml
41 ms. Memory: 284672K Free: 102182K (36%)
----------------- Invoking toplevel() on ptolemy.moml.MoMLSimpleApplication@327fda4c
----------------- Done invoking toplevel() on ptolemy.moml.MoMLSimpleApplication@327fda4c
reloadAllAccessors: .FMUDq20

===========================================================================================
----------------- testing Wed May 11 19:54:19 UTC 2022 /home/travis/build/icyphy/ptII/ptolemy/actor/lib/fmi/test/auto/FMUDqME20.xml
----------------- Instantiating /home/travis/build/icyphy/ptII/ptolemy/actor/lib/fmi/test/auto/FMUDqME20.xml
15 ms. Memory: 284672K Free: 95524K (34%)
----------------- Invoking toplevel() on ptolemy.moml.MoMLSimpleApplication@3a734048
----------------- Done invoking toplevel() on ptolemy.moml.MoMLSimpleApplication@3a734048
reloadAllAccessors: .FMUDqME20

===========================================================================================
----------------- testing Wed May 11 19:54:19 UTC 2022 /home/travis/build/icyphy/ptII/ptolemy/actor/lib/fmi/test/auto/FMUFourInputsFourOutputsME20.xml
----------------- Instantiating /home/travis/build/icyphy/ptII/ptolemy/actor/lib/fmi/test/auto/FMUFourInputsFourOutputsME20.xml
8 ms. Memory: 284672K Free: 247999K (87%)
----------------- Invoking toplevel() on ptolemy.moml.MoMLSimpleApplication@5b3816ad
----------------- Done invoking toplevel() on ptolemy.moml.MoMLSimpleApplication@5b3816ad
reloadAllAccessors: .FMUFourInputsFourOutputsME20

===========================================================================================
----------------- testing Wed May 11 19:54:19 UTC 2022 /home/travis/build/icyphy/ptII/ptolemy/actor/lib/fmi/test/auto/FMUHeaterFlowResistance.xml
----------------- Instantiating /home/travis/build/icyphy/ptII/ptolemy/actor/lib/fmi/test/auto/FMUHeaterFlowResistance.xml
FMU Builder messages:

Attempting to build /tmp/FMUFile7100305233934406774.tmp/binaries/linux64/heaterFlowResistance.so
architecture: linux64 isWindows: false  command: make target: linux64
make ARCH=linux64 CBITSFLAGS=-fvisibility=hidden PIC=-fPIC SHARED_LIBRARY_SUFFIX=so heaterFlowResistance.so
make[1]: Entering directory '/tmp/FMUFile7100305233934406774.tmp/sources'
echo `pwd`
/tmp/FMUFile7100305233934406774.tmp/sources
cc -g -c -fvisibility=hidden -fPIC -Wall -DFMI_COSIMULATION -I.  heaterFlowResistance.c -o heaterFlowResistance.o
Creating ../binaries/linux64/
cc -fvisibility=hidden -g -Wall -shared -Wl,-soname,heaterFlowResistance.so -DFMI_COSIMULATION -I. -o ../binaries/linux64/heaterFlowResistance.so heaterFlowResistance.o 
rm heaterFlowResistance.o
make[1]: Leaving directory '/tmp/FMUFile7100305233934406774.tmp/sources'

105 ms. Memory: 284672K Free: 237759K (84%)
----------------- Invoking toplevel() on ptolemy.moml.MoMLSimpleApplication@4647d6e6
----------------- Done invoking toplevel() on ptolemy.moml.MoMLSimpleApplication@4647d6e6
reloadAllAccessors: .FMUHeaterFlowResistance

===========================================================================================
----------------- testing Wed May 11 19:54:19 UTC 2022 /home/travis/build/icyphy/ptII/ptolemy/actor/lib/fmi/test/auto/FMUHelloWorld.xml
----------------- Instantiating /home/travis/build/icyphy/ptII/ptolemy/actor/lib/fmi/test/auto/FMUHelloWorld.xml
7 ms. Memory: 284672K Free: 234173K (82%)
----------------- Invoking toplevel() on ptolemy.moml.MoMLSimpleApplication@599c5f38
----------------- Done invoking toplevel() on ptolemy.moml.MoMLSimpleApplication@599c5f38
reloadAllAccessors: .FMUHelloWorld

===========================================================================================
----------------- testing Wed May 11 19:54:19 UTC 2022 /home/travis/build/icyphy/ptII/ptolemy/actor/lib/fmi/test/auto/FMUHelloWorldUnBuilt.xml
----------------- Instantiating /home/travis/build/icyphy/ptII/ptolemy/actor/lib/fmi/test/auto/FMUHelloWorldUnBuilt.xml
FMU Builder messages:

Attempting to build /tmp/FMUFile9600827501904925246.tmp/binaries/linux64/helloWorld.so
architecture: linux64 isWindows: false  command: make target: linux64
make ARCH=linux64 CBITSFLAGS=-fvisibility=hidden PIC=-fPIC SHARED_LIBRARY_SUFFIX=so helloWorld.so
make[1]: Entering directory '/tmp/FMUFile9600827501904925246.tmp/sources'
echo `pwd`
/tmp/FMUFile9600827501904925246.tmp/sources
cc -g -c -fvisibility=hidden -fPIC -Wall -DFMI_COSIMULATION -I.  helloWorld.c -o helloWorld.o
Creating ../binaries/linux64/
cc -fvisibility=hidden -g -Wall -shared -Wl,-soname,helloWorld.so -DFMI_COSIMULATION -I. -o ../binaries/linux64/helloWorld.so helloWorld.o 
rm helloWorld.o
make[1]: Leaving directory '/tmp/FMUFile9600827501904925246.tmp/sources'

67 ms. Memory: 284672K Free: 229567K (81%)
----------------- Invoking toplevel() on ptolemy.moml.MoMLSimpleApplication@417e5088
----------------- Done invoking toplevel() on ptolemy.moml.MoMLSimpleApplication@417e5088
reloadAllAccessors: .FMUHelloWorldUnBuilt

===========================================================================================
----------------- testing Wed May 11 19:54:19 UTC 2022 /home/travis/build/icyphy/ptII/ptolemy/actor/lib/fmi/test/auto/FMUInc.xml
----------------- Instantiating /home/travis/build/icyphy/ptII/ptolemy/actor/lib/fmi/test/auto/FMUInc.xml
3 ms. Memory: 284672K Free: 225981K (79%)
----------------- Invoking toplevel() on ptolemy.moml.MoMLSimpleApplication@15446686
----------------- Done invoking toplevel() on ptolemy.moml.MoMLSimpleApplication@15446686
reloadAllAccessors: .FMUInc

===========================================================================================
----------------- testing Wed May 11 19:54:19 UTC 2022 /home/travis/build/icyphy/ptII/ptolemy/actor/lib/fmi/test/auto/FMUInc2.xml
----------------- Instantiating /home/travis/build/icyphy/ptII/ptolemy/actor/lib/fmi/test/auto/FMUInc2.xml
11 ms. Memory: 284672K Free: 221871K (78%)
----------------- Invoking toplevel() on ptolemy.moml.MoMLSimpleApplication@4c918427
----------------- Done invoking toplevel() on ptolemy.moml.MoMLSimpleApplication@4c918427
reloadAllAccessors: .FMUInc2

===========================================================================================
----------------- testing Wed May 11 19:54:19 UTC 2022 /home/travis/build/icyphy/ptII/ptolemy/actor/lib/fmi/test/auto/FMUIncME1.xml
----------------- Instantiating /home/travis/build/icyphy/ptII/ptolemy/actor/lib/fmi/test/auto/FMUIncME1.xml
13 ms. Memory: 284672K Free: 218303K (77%)
----------------- Invoking toplevel() on ptolemy.moml.MoMLSimpleApplication@4ce6697e
----------------- Done invoking toplevel() on ptolemy.moml.MoMLSimpleApplication@4ce6697e
reloadAllAccessors: .FMUIncME1

===========================================================================================
----------------- testing Wed May 11 19:54:19 UTC 2022 /home/travis/build/icyphy/ptII/ptolemy/actor/lib/fmi/test/auto/FMUIncME20.xml
----------------- Instantiating /home/travis/build/icyphy/ptII/ptolemy/actor/lib/fmi/test/auto/FMUIncME20.xml
5 ms. Memory: 284672K Free: 214207K (75%)
----------------- Invoking toplevel() on ptolemy.moml.MoMLSimpleApplication@7148cf88
----------------- Done invoking toplevel() on ptolemy.moml.MoMLSimpleApplication@7148cf88
reloadAllAccessors: .FMUIncME20

===========================================================================================
----------------- testing Wed May 11 19:54:19 UTC 2022 /home/travis/build/icyphy/ptII/ptolemy/actor/lib/fmi/test/auto/FMUIncScale20RC1pt.xml
----------------- Instantiating /home/travis/build/icyphy/ptII/ptolemy/actor/lib/fmi/test/auto/FMUIncScale20RC1pt.xml
12 ms. Memory: 284672K Free: 209087K (73%)
----------------- Invoking toplevel() on ptolemy.moml.MoMLSimpleApplication@78fc1304
----------------- Done invoking toplevel() on ptolemy.moml.MoMLSimpleApplication@78fc1304
reloadAllAccessors: .FMUIncScale20RC1pt

===========================================================================================
----------------- testing Wed May 11 19:54:19 UTC 2022 /home/travis/build/icyphy/ptII/ptolemy/actor/lib/fmi/test/auto/FMULevelStairs.xml
----------------- Instantiating /home/travis/build/icyphy/ptII/ptolemy/actor/lib/fmi/test/auto/FMULevelStairs.xml
26 ms. Memory: 284672K Free: 204468K (72%)
----------------- Invoking toplevel() on ptolemy.moml.MoMLSimpleApplication@76330cf2
----------------- Done invoking toplevel() on ptolemy.moml.MoMLSimpleApplication@76330cf2
reloadAllAccessors: .FMULevelStairs

===========================================================================================
----------------- testing Wed May 11 19:54:19 UTC 2022 /home/travis/build/icyphy/ptII/ptolemy/actor/lib/fmi/test/auto/FMUPumpConstantSpeed.xml
----------------- Instantiating /home/travis/build/icyphy/ptII/ptolemy/actor/lib/fmi/test/auto/FMUPumpConstantSpeed.xml
FMU Builder messages:

Attempting to build /tmp/FMUFile6472203143174897727.tmp/binaries/linux64/pumpConstantSpeed.so
architecture: linux64 isWindows: false  command: make target: linux64
make ARCH=linux64 CBITSFLAGS=-fvisibility=hidden PIC=-fPIC SHARED_LIBRARY_SUFFIX=so pumpConstantSpeed.so
make[1]: Entering directory '/tmp/FMUFile6472203143174897727.tmp/sources'
echo `pwd`
/tmp/FMUFile6472203143174897727.tmp/sources
cc -g -c -fvisibility=hidden -fPIC -Wall -DFMI_COSIMULATION -I.  pumpConstantSpeed.c -o pumpConstantSpeed.o
Creating ../binaries/linux64/
cc -fvisibility=hidden -g -Wall -shared -Wl,-soname,pumpConstantSpeed.so -DFMI_COSIMULATION -I. -o ../binaries/linux64/pumpConstantSpeed.so pumpConstantSpeed.o 
rm pumpConstantSpeed.o
make[1]: Leaving directory '/tmp/FMUFile6472203143174897727.tmp/sources'

85 ms. Memory: 284672K Free: 196285K (69%)
----------------- Invoking toplevel() on ptolemy.moml.MoMLSimpleApplication@4aa3510
----------------- Done invoking toplevel() on ptolemy.moml.MoMLSimpleApplication@4aa3510
reloadAllAccessors: .FMUPumpConstantSpeed

===========================================================================================
----------------- testing Wed May 11 19:54:19 UTC 2022 /home/travis/build/icyphy/ptII/ptolemy/actor/lib/fmi/test/auto/FMUQSSTankOpen.xml
----------------- Instantiating /home/travis/build/icyphy/ptII/ptolemy/actor/lib/fmi/test/auto/FMUQSSTankOpen.xml
FMU Builder messages:

Attempting to build /tmp/FMUFile442861318249616459.tmp/binaries/linux64/tankOpen.so
architecture: linux64 isWindows: false  command: make target: linux64
make ARCH=linux64 CBITSFLAGS=-fvisibility=hidden PIC=-fPIC SHARED_LIBRARY_SUFFIX=so tankOpen.so
make[1]: Entering directory '/tmp/FMUFile442861318249616459.tmp/sources'
echo `pwd`
/tmp/FMUFile442861318249616459.tmp/sources
cc -g -c -fvisibility=hidden -fPIC -Wall -DFMI_COSIMULATION -I.  tankOpen.c -o tankOpen.o
Creating ../binaries/linux64/
cc -fvisibility=hidden -g -Wall -shared -Wl,-soname,tankOpen.so -DFMI_COSIMULATION -I. -o ../binaries/linux64/tankOpen.so tankOpen.o -lm
rm tankOpen.o
make[1]: Leaving directory '/tmp/FMUFile442861318249616459.tmp/sources'

 Number of steps: 39894
  stateEvents: 0
  stepEvents: 0
  timeEvents: 0
2713 ms. Memory: 412672K Free: 329405K (80%)
----------------- Invoking toplevel() on ptolemy.moml.MoMLSimpleApplication@4b44c428
----------------- Done invoking toplevel() on ptolemy.moml.MoMLSimpleApplication@4b44c428
reloadAllAccessors: .FMUQSSTankOpen

===========================================================================================
----------------- testing Wed May 11 19:54:22 UTC 2022 /home/travis/build/icyphy/ptII/ptolemy/actor/lib/fmi/test/auto/FMUSDFBouncingBall.xml
----------------- Instantiating /home/travis/build/icyphy/ptII/ptolemy/actor/lib/fmi/test/auto/FMUSDFBouncingBall.xml
8 ms. Memory: 412672K Free: 323775K (78%)
----------------- Invoking toplevel() on ptolemy.moml.MoMLSimpleApplication@7652bbaf
----------------- Done invoking toplevel() on ptolemy.moml.MoMLSimpleApplication@7652bbaf
reloadAllAccessors: .FMUSDFBouncingBall

===========================================================================================
----------------- testing Wed May 11 19:54:22 UTC 2022 /home/travis/build/icyphy/ptII/ptolemy/actor/lib/fmi/test/auto/FMUSDFBouncingBall20.xml
----------------- Instantiating /home/travis/build/icyphy/ptII/ptolemy/actor/lib/fmi/test/auto/FMUSDFBouncingBall20.xml
226 ms. Memory: 412672K Free: 285373K (69%)
----------------- Invoking toplevel() on ptolemy.moml.MoMLSimpleApplication@55e84a0e
----------------- Done invoking toplevel() on ptolemy.moml.MoMLSimpleApplication@55e84a0e
reloadAllAccessors: .FMUSDFBouncingBall20

===========================================================================================
----------------- testing Wed May 11 19:54:23 UTC 2022 /home/travis/build/icyphy/ptII/ptolemy/actor/lib/fmi/test/auto/FMUSDFBouncingBall20RC1.xml
----------------- Instantiating /home/travis/build/icyphy/ptII/ptolemy/actor/lib/fmi/test/auto/FMUSDFBouncingBall20RC1.xml
11 ms. Memory: 412672K Free: 279229K (68%)
----------------- Invoking toplevel() on ptolemy.moml.MoMLSimpleApplication@12546401
----------------- Done invoking toplevel() on ptolemy.moml.MoMLSimpleApplication@12546401
reloadAllAccessors: .FMUSDFBouncingBall20RC1

===========================================================================================
----------------- testing Wed May 11 19:54:23 UTC 2022 /home/travis/build/icyphy/ptII/ptolemy/actor/lib/fmi/test/auto/FMUSDFInc20.xml
----------------- Instantiating /home/travis/build/icyphy/ptII/ptolemy/actor/lib/fmi/test/auto/FMUSDFInc20.xml
7 ms. Memory: 412672K Free: 273599K (66%)
----------------- Invoking toplevel() on ptolemy.moml.MoMLSimpleApplication@7ae11bab
----------------- Done invoking toplevel() on ptolemy.moml.MoMLSimpleApplication@7ae11bab
reloadAllAccessors: .FMUSDFInc20

===========================================================================================
----------------- testing Wed May 11 19:54:23 UTC 2022 /home/travis/build/icyphy/ptII/ptolemy/actor/lib/fmi/test/auto/FMUStairs.xml
----------------- Instantiating /home/travis/build/icyphy/ptII/ptolemy/actor/lib/fmi/test/auto/FMUStairs.xml
25 ms. Memory: 412672K Free: 267455K (65%)
----------------- Invoking toplevel() on ptolemy.moml.MoMLSimpleApplication@3ba2e6fa
----------------- Done invoking toplevel() on ptolemy.moml.MoMLSimpleApplication@3ba2e6fa
reloadAllAccessors: .FMUStairs

===========================================================================================
----------------- testing Wed May 11 19:54:23 UTC 2022 /home/travis/build/icyphy/ptII/ptolemy/actor/lib/fmi/test/auto/FMUStepCounter1.xml
----------------- Instantiating /home/travis/build/icyphy/ptII/ptolemy/actor/lib/fmi/test/auto/FMUStepCounter1.xml
FMU Builder messages:

Attempting to build /tmp/FMUFile1009154313842062653.tmp/binaries/linux64/stepCounter1.so
architecture: linux64 isWindows: false  command: make target: linux64
make ARCH=linux64 CBITSFLAGS=-fvisibility=hidden PIC=-fPIC SHARED_LIBRARY_SUFFIX=so stepCounter1.so
make[1]: Entering directory '/tmp/FMUFile1009154313842062653.tmp/sources'
echo `pwd`
/tmp/FMUFile1009154313842062653.tmp/sources
cc -g -c -fvisibility=hidden -fPIC -Wall -DFMI_COSIMULATION -I.  stepCounter1.c -o stepCounter1.o
Creating ../binaries/linux64/
cc -fvisibility=hidden -g -Wall -shared -Wl,-soname,stepCounter1.so -DFMI_COSIMULATION -I. -o ../binaries/linux64/stepCounter1.so stepCounter1.o 
rm stepCounter1.o
make[1]: Leaving directory '/tmp/FMUFile1009154313842062653.tmp/sources'

83 ms. Memory: 412672K Free: 261821K (63%)
----------------- Invoking toplevel() on ptolemy.moml.MoMLSimpleApplication@3d380ab9
----------------- Done invoking toplevel() on ptolemy.moml.MoMLSimpleApplication@3d380ab9
reloadAllAccessors: .FMUStepCounter1

===========================================================================================
----------------- testing Wed May 11 19:54:23 UTC 2022 /home/travis/build/icyphy/ptII/ptolemy/actor/lib/fmi/test/auto/FMUStepCounter2.xml
----------------- Instantiating /home/travis/build/icyphy/ptII/ptolemy/actor/lib/fmi/test/auto/FMUStepCounter2.xml
FMU Builder messages:

Attempting to build /tmp/FMUFile6762098615328842824.tmp/binaries/linux64/stepCounter.so
architecture: linux64 isWindows: false  command: make target: linux64
make ARCH=linux64 CBITSFLAGS=-fvisibility=hidden PIC=-fPIC SHARED_LIBRARY_SUFFIX=so stepCounter.so
make[1]: Entering directory '/tmp/FMUFile6762098615328842824.tmp/sources'
echo `pwd`
/tmp/FMUFile6762098615328842824.tmp/sources
cc -g -c -fvisibility=hidden -fPIC -Wall -DFMI_COSIMULATION -I.  stepCounter.c -o stepCounter.o
Creating ../binaries/linux64/
cc -fvisibility=hidden -g -Wall -shared -Wl,-soname,stepCounter.so -DFMI_COSIMULATION -I. -o ../binaries/linux64/stepCounter.so stepCounter.o 
rm stepCounter.o
make[1]: Leaving directory '/tmp/FMUFile6762098615328842824.tmp/sources'

117 ms. Memory: 412672K Free: 256701K (62%)
----------------- Invoking toplevel() on ptolemy.moml.MoMLSimpleApplication@4535d74d
----------------- Done invoking toplevel() on ptolemy.moml.MoMLSimpleApplication@4535d74d
reloadAllAccessors: .FMUStepCounter2

===========================================================================================
----------------- testing Wed May 11 19:54:23 UTC 2022 /home/travis/build/icyphy/ptII/ptolemy/actor/lib/fmi/test/auto/FMUStepCounterContinuous1.xml
----------------- Instantiating /home/travis/build/icyphy/ptII/ptolemy/actor/lib/fmi/test/auto/FMUStepCounterContinuous1.xml
4 ms. Memory: 412672K Free: 253119K (61%)
----------------- Invoking toplevel() on ptolemy.moml.MoMLSimpleApplication@55355d87
----------------- Done invoking toplevel() on ptolemy.moml.MoMLSimpleApplication@55355d87
reloadAllAccessors: .FMUStepCounterContinuous

===========================================================================================
----------------- testing Wed May 11 19:54:23 UTC 2022 /home/travis/build/icyphy/ptII/ptolemy/actor/lib/fmi/test/auto/FMUStepCounterContinuous2.xml
----------------- Instantiating /home/travis/build/icyphy/ptII/ptolemy/actor/lib/fmi/test/auto/FMUStepCounterContinuous2.xml
6 ms. Memory: 412672K Free: 249023K (60%)
----------------- Invoking toplevel() on ptolemy.moml.MoMLSimpleApplication@687f9dd7
----------------- Done invoking toplevel() on ptolemy.moml.MoMLSimpleApplication@687f9dd7
reloadAllAccessors: .FMUStepCounterContinuous2

===========================================================================================
----------------- testing Wed May 11 19:54:23 UTC 2022 /home/travis/build/icyphy/ptII/ptolemy/actor/lib/fmi/test/auto/FMUStepCounterContinuousTwoFMUs1.xml
----------------- Instantiating /home/travis/build/icyphy/ptII/ptolemy/actor/lib/fmi/test/auto/FMUStepCounterContinuousTwoFMUs1.xml
6 ms. Memory: 412672K Free: 243903K (59%)
----------------- Invoking toplevel() on ptolemy.moml.MoMLSimpleApplication@5291fd4b
----------------- Done invoking toplevel() on ptolemy.moml.MoMLSimpleApplication@5291fd4b
reloadAllAccessors: .FMUStepCounterContinuousTwoFMUs

===========================================================================================
----------------- testing Wed May 11 19:54:23 UTC 2022 /home/travis/build/icyphy/ptII/ptolemy/actor/lib/fmi/test/auto/FMUStepCounterContinuousTwoFMUs2.xml
----------------- Instantiating /home/travis/build/icyphy/ptII/ptolemy/actor/lib/fmi/test/auto/FMUStepCounterContinuousTwoFMUs2.xml
8 ms. Memory: 412672K Free: 238269K (58%)
----------------- Invoking toplevel() on ptolemy.moml.MoMLSimpleApplication@54ecab94
----------------- Done invoking toplevel() on ptolemy.moml.MoMLSimpleApplication@54ecab94
reloadAllAccessors: .FMUStepCounterContinuousTwoFMUs2

===========================================================================================
----------------- testing Wed May 11 19:54:23 UTC 2022 /home/travis/build/icyphy/ptII/ptolemy/actor/lib/fmi/test/auto/FMUStepCounterExtendedFMI.xml
----------------- Instantiating /home/travis/build/icyphy/ptII/ptolemy/actor/lib/fmi/test/auto/FMUStepCounterExtendedFMI.xml
FMU Builder messages:

Attempting to build /tmp/FMUFile8274049150638408519.tmp/binaries/linux64/stepCounterExtendedFMI.so
architecture: linux64 isWindows: false  command: make target: linux64
make ARCH=linux64 CBITSFLAGS=-fvisibility=hidden PIC=-fPIC SHARED_LIBRARY_SUFFIX=so stepCounterExtendedFMI.so
make[1]: Entering directory '/tmp/FMUFile8274049150638408519.tmp/sources'
echo `pwd`
/tmp/FMUFile8274049150638408519.tmp/sources
cc -g -c -fvisibility=hidden -fPIC -Wall -DFMI_COSIMULATION -I.  stepCounterExtendedFMI.c -o stepCounterExtendedFMI.o
Creating ../binaries/linux64/
cc -fvisibility=hidden -g -Wall -shared -Wl,-soname,stepCounterExtendedFMI.so -DFMI_COSIMULATION -I. -o ../binaries/linux64/stepCounterExtendedFMI.so stepCounterExtendedFMI.o 
rm stepCounterExtendedFMI.o
make[1]: Leaving directory '/tmp/FMUFile8274049150638408519.tmp/sources'

103 ms. Memory: 412672K Free: 230077K (56%)
----------------- Invoking toplevel() on ptolemy.moml.MoMLSimpleApplication@5b7f18f7
----------------- Done invoking toplevel() on ptolemy.moml.MoMLSimpleApplication@5b7f18f7
reloadAllAccessors: .FMUStepCounterExtendedFMI

===========================================================================================
----------------- testing Wed May 11 19:54:23 UTC 2022 /home/travis/build/icyphy/ptII/ptolemy/actor/lib/fmi/test/auto/FMUStepCounterPeriodInNameContinuous2.xml
----------------- Instantiating /home/travis/build/icyphy/ptII/ptolemy/actor/lib/fmi/test/auto/FMUStepCounterPeriodInNameContinuous2.xml
FMU Builder messages:

Attempting to build /tmp/FMUFile2955319414524217921.tmp/binaries/linux64/stepCounterPeriodInName.so
architecture: linux64 isWindows: false  command: make target: linux64
make ARCH=linux64 CBITSFLAGS=-fvisibility=hidden PIC=-fPIC SHARED_LIBRARY_SUFFIX=so stepCounterPeriodInName.so
make[1]: Entering directory '/tmp/FMUFile2955319414524217921.tmp/sources'
echo `pwd`
/tmp/FMUFile2955319414524217921.tmp/sources
cc -g -c -fvisibility=hidden -fPIC -Wall -DFMI_COSIMULATION -I.  stepCounterPeriodInName.c -o stepCounterPeriodInName.o
Creating ../binaries/linux64/
cc -fvisibility=hidden -g -Wall -shared -Wl,-soname,stepCounterPeriodInName.so -DFMI_COSIMULATION -I. -o ../binaries/linux64/stepCounterPeriodInName.so stepCounterPeriodInName.o 
rm stepCounterPeriodInName.o
make[1]: Leaving directory '/tmp/FMUFile2955319414524217921.tmp/sources'

88 ms. Memory: 412672K Free: 224447K (54%)
----------------- Invoking toplevel() on ptolemy.moml.MoMLSimpleApplication@3c785b61
----------------- Done invoking toplevel() on ptolemy.moml.MoMLSimpleApplication@3c785b61
reloadAllAccessors: .FMUStepCounterPeriodInNameContinuous2

===========================================================================================
----------------- testing Wed May 11 19:54:23 UTC 2022 /home/travis/build/icyphy/ptII/ptolemy/actor/lib/fmi/test/auto/FMUTankOpen.xml
----------------- Instantiating /home/travis/build/icyphy/ptII/ptolemy/actor/lib/fmi/test/auto/FMUTankOpen.xml
23 ms. Memory: 412672K Free: 215741K (52%)
----------------- Invoking toplevel() on ptolemy.moml.MoMLSimpleApplication@7167833b
----------------- Done invoking toplevel() on ptolemy.moml.MoMLSimpleApplication@7167833b
reloadAllAccessors: .FMUTankOpen

===========================================================================================
----------------- testing Wed May 11 19:54:23 UTC 2022 /home/travis/build/icyphy/ptII/ptolemy/actor/lib/fmi/test/auto/FMUTwoBallCollision.xml
----------------- Instantiating /home/travis/build/icyphy/ptII/ptolemy/actor/lib/fmi/test/auto/FMUTwoBallCollision.xml
135 ms. Memory: 412672K Free: 182973K (44%)
----------------- Invoking toplevel() on ptolemy.moml.MoMLSimpleApplication@4c4cc15a
----------------- Done invoking toplevel() on ptolemy.moml.MoMLSimpleApplication@4c4cc15a
reloadAllAccessors: .FMUTwoBallCollision

===========================================================================================
----------------- testing Wed May 11 19:54:24 UTC 2022 /home/travis/build/icyphy/ptII/ptolemy/actor/lib/fmi/test/auto/FMUValues.xml
----------------- Instantiating /home/travis/build/icyphy/ptII/ptolemy/actor/lib/fmi/test/auto/FMUValues.xml
15 ms. Memory: 412672K Free: 175295K (42%)
----------------- Invoking toplevel() on ptolemy.moml.MoMLSimpleApplication@5629908b
----------------- Done invoking toplevel() on ptolemy.moml.MoMLSimpleApplication@5629908b
reloadAllAccessors: .FMUValues

===========================================================================================
----------------- testing Wed May 11 19:54:24 UTC 2022 /home/travis/build/icyphy/ptII/ptolemy/actor/lib/fmi/test/auto/FMUValues20.xml
----------------- Instantiating /home/travis/build/icyphy/ptII/ptolemy/actor/lib/fmi/test/auto/FMUValues20.xml
6 ms. Memory: 412672K Free: 166559K (40%)
----------------- Invoking toplevel() on ptolemy.moml.MoMLSimpleApplication@32fea69e
----------------- Done invoking toplevel() on ptolemy.moml.MoMLSimpleApplication@32fea69e
reloadAllAccessors: .FMUValues20

===========================================================================================
----------------- testing Wed May 11 19:54:24 UTC 2022 /home/travis/build/icyphy/ptII/ptolemy/actor/lib/fmi/test/auto/FMUValuesME20.xml
----------------- Instantiating /home/travis/build/icyphy/ptII/ptolemy/actor/lib/fmi/test/auto/FMUValuesME20.xml
48 ms. Memory: 412672K Free: 153277K (37%)
----------------- Invoking toplevel() on ptolemy.moml.MoMLSimpleApplication@3d8bb461
----------------- Done invoking toplevel() on ptolemy.moml.MoMLSimpleApplication@3d8bb461
reloadAllAccessors: .FMUValuesME20

===========================================================================================
----------------- testing Wed May 11 19:54:24 UTC 2022 /home/travis/build/icyphy/ptII/ptolemy/actor/lib/fmi/test/auto/FMUVanDerPol.xml
----------------- Instantiating /home/travis/build/icyphy/ptII/ptolemy/actor/lib/fmi/test/auto/FMUVanDerPol.xml
8 ms. Memory: 412672K Free: 148157K (36%)
----------------- Invoking toplevel() on ptolemy.moml.MoMLSimpleApplication@53262373
----------------- Done invoking toplevel() on ptolemy.moml.MoMLSimpleApplication@53262373
reloadAllAccessors: .FMUVanDerPol

===========================================================================================
----------------- testing Wed May 11 19:54:24 UTC 2022 /home/travis/build/icyphy/ptII/ptolemy/actor/lib/fmi/test/auto/FMUVanDerPol20.xml
----------------- Instantiating /home/travis/build/icyphy/ptII/ptolemy/actor/lib/fmi/test/auto/FMUVanDerPol20.xml
60 ms. Memory: 412672K Free: 372415K (90%)
----------------- Invoking toplevel() on ptolemy.moml.MoMLSimpleApplication@3adb25be
----------------- Done invoking toplevel() on ptolemy.moml.MoMLSimpleApplication@3adb25be
reloadAllAccessors: .FMUVanDerPol20

===========================================================================================
----------------- testing Wed May 11 19:54:24 UTC 2022 /home/travis/build/icyphy/ptII/ptolemy/actor/lib/fmi/test/auto/FMUVanDerPolME20.xml
----------------- Instantiating /home/travis/build/icyphy/ptII/ptolemy/actor/lib/fmi/test/auto/FMUVanDerPolME20.xml
12 ms. Memory: 412672K Free: 362175K (88%)
----------------- Invoking toplevel() on ptolemy.moml.MoMLSimpleApplication@7e3d036d
----------------- Done invoking toplevel() on ptolemy.moml.MoMLSimpleApplication@7e3d036d
reloadAllAccessors: .FMUVanDerPolME20

===========================================================================================
----------------- testing Wed May 11 19:54:24 UTC 2022 /home/travis/build/icyphy/ptII/ptolemy/actor/lib/fmi/test/auto/FMUdq20RC1.xml
----------------- Instantiating /home/travis/build/icyphy/ptII/ptolemy/actor/lib/fmi/test/auto/FMUdq20RC1.xml
3 ms. Memory: 412672K Free: 357565K (87%)
----------------- Invoking toplevel() on ptolemy.moml.MoMLSimpleApplication@7c5d5320
----------------- Done invoking toplevel() on ptolemy.moml.MoMLSimpleApplication@7c5d5320
reloadAllAccessors: .FMUdq20RC1

===========================================================================================
----------------- testing Wed May 11 19:54:24 UTC 2022 /home/travis/build/icyphy/ptII/ptolemy/actor/lib/fmi/test/auto/FMUvalues20RC1.xml
----------------- Instantiating /home/travis/build/icyphy/ptII/ptolemy/actor/lib/fmi/test/auto/FMUvalues20RC1.xml
11 ms. Memory: 412672K Free: 349373K (85%)
----------------- Invoking toplevel() on ptolemy.moml.MoMLSimpleApplication@71aa34db
----------------- Done invoking toplevel() on ptolemy.moml.MoMLSimpleApplication@71aa34db
reloadAllAccessors: .FMUvalues20RC1

===========================================================================================
----------------- testing Wed May 11 19:54:24 UTC 2022 /home/travis/build/icyphy/ptII/ptolemy/actor/lib/fmi/test/auto/FMUvanDerPol20RC1.xml
----------------- Instantiating /home/travis/build/icyphy/ptII/ptolemy/actor/lib/fmi/test/auto/FMUvanDerPol20RC1.xml
5 ms. Memory: 412672K Free: 343229K (83%)
----------------- Invoking toplevel() on ptolemy.moml.MoMLSimpleApplication@2f3fc1bf
----------------- Done invoking toplevel() on ptolemy.moml.MoMLSimpleApplication@2f3fc1bf
reloadAllAccessors: .FMUvanDerPol20RC1

===========================================================================================
----------------- testing Wed May 11 19:54:24 UTC 2022 /home/travis/build/icyphy/ptII/ptolemy/actor/lib/fmi/test/auto/TestZeroDelayFeedback.xml
----------------- Instantiating /home/travis/build/icyphy/ptII/ptolemy/actor/lib/fmi/test/auto/TestZeroDelayFeedback.xml
FMU Builder messages:

Attempting to build /tmp/FMUFile4841932634414016438.tmp/binaries/linux64/Constant.so
architecture: linux64 isWindows: false  command: make target: linux64
make ARCH=linux64 CBITSFLAGS=-fvisibility=hidden PIC=-fPIC SHARED_LIBRARY_SUFFIX=so Constant.so
make[1]: Entering directory '/tmp/FMUFile4841932634414016438.tmp/sources'
echo `pwd`
/tmp/FMUFile4841932634414016438.tmp/sources
cc -g -c -fvisibility=hidden -fPIC -Wall -DFMI_COSIMULATION -I.  Constant.c -o Constant.o
Creating ../binaries/linux64/
cc -fvisibility=hidden -g -Wall -shared -Wl,-soname,Constant.so -DFMI_COSIMULATION -I. -o ../binaries/linux64/Constant.so Constant.o 
rm Constant.o
make[1]: Leaving directory '/tmp/FMUFile4841932634414016438.tmp/sources'

FMU Builder messages:

Attempting to build /tmp/FMUFile15953805423097299297.tmp/binaries/linux64/Integrator.so
architecture: linux64 isWindows: false  command: make target: linux64
make ARCH=linux64 CBITSFLAGS=-fvisibility=hidden PIC=-fPIC SHARED_LIBRARY_SUFFIX=so Integrator.so
make[1]: Entering directory '/tmp/FMUFile15953805423097299297.tmp/sources'
echo `pwd`
/tmp/FMUFile15953805423097299297.tmp/sources
cc -g -c -fvisibility=hidden -fPIC -Wall -DFMI_COSIMULATION -I.  Integrator.c -o Integrator.o
Integrator.c: In function ‘fmi2HybridGetMaxStepSize’:
Integrator.c:112:20: warning: unused variable ‘comp’ [-Wunused-variable]
     ModelInstance *comp = (ModelInstance *)c;
                    ^
In file included from Integrator.c:123:0:
fmuTemplate.c: In function ‘fmi2HybridDoStep’:
fmuTemplate.c:992:12: warning: variable ‘prevState’ set but not used [-Wunused-but-set-variable]
     double prevState[max(NUMBER_OF_STATES, 1)];
            ^
Creating ../binaries/linux64/
cc -fvisibility=hidden -g -Wall -shared -Wl,-soname,Integrator.so -DFMI_COSIMULATION -I. -o ../binaries/linux64/Integrator.so Integrator.o 
rm Integrator.o
make[1]: Leaving directory '/tmp/FMUFile15953805423097299297.tmp/sources'

FMU Builder messages:

Attempting to build /tmp/FMUFile16054822160324929820.tmp/binaries/linux64/Adder.so
architecture: linux64 isWindows: false  command: make target: linux64
make ARCH=linux64 CBITSFLAGS=-fvisibility=hidden PIC=-fPIC SHARED_LIBRARY_SUFFIX=so Adder.so
make[1]: Entering directory '/tmp/FMUFile16054822160324929820.tmp/sources'
echo `pwd`
/tmp/FMUFile16054822160324929820.tmp/sources
cc -g -c -fvisibility=hidden -fPIC -Wall -DFMI_COSIMULATION -I.  Adder.c -o Adder.o
Creating ../binaries/linux64/
cc -fvisibility=hidden -g -Wall -shared -Wl,-soname,Adder.so -DFMI_COSIMULATION -I. -o ../binaries/linux64/Adder.so Adder.o 
rm Adder.o
make[1]: Leaving directory '/tmp/FMUFile16054822160324929820.tmp/sources'

FMU Builder messages:

Attempting to build /tmp/FMUFile11152932544893800907.tmp/binaries/linux64/ZeroCrossingDetector.so
architecture: linux64 isWindows: false  command: make target: linux64
make ARCH=linux64 CBITSFLAGS=-fvisibility=hidden PIC=-fPIC SHARED_LIBRARY_SUFFIX=so ZeroCrossingDetector.so
make[1]: Entering directory '/tmp/FMUFile11152932544893800907.tmp/sources'
echo `pwd`
/tmp/FMUFile11152932544893800907.tmp/sources
cc -g -c -fvisibility=hidden -fPIC -Wall -DFMI_COSIMULATION -I.  ZeroCrossingDetector.c -o ZeroCrossingDetector.o
Creating ../binaries/linux64/
cc -fvisibility=hidden -g -Wall -shared -Wl,-soname,ZeroCrossingDetector.so -DFMI_COSIMULATION -I. -o ../binaries/linux64/ZeroCrossingDetector.so ZeroCrossingDetector.o 
rm ZeroCrossingDetector.o
make[1]: Leaving directory '/tmp/FMUFile11152932544893800907.tmp/sources'

FMU Builder messages:

Attempting to build /tmp/FMUFile15297382214780402880.tmp/binaries/linux64/Delay.so
architecture: linux64 isWindows: false  command: make target: linux64
make ARCH=linux64 CBITSFLAGS=-fvisibility=hidden PIC=-fPIC SHARED_LIBRARY_SUFFIX=so Delay.so
make[1]: Entering directory '/tmp/FMUFile15297382214780402880.tmp/sources'
echo `pwd`
/tmp/FMUFile15297382214780402880.tmp/sources
cc -g -c -fvisibility=hidden -fPIC -Wall -DFMI_COSIMULATION -I.  Delay.c -o Delay.o
Creating ../binaries/linux64/
cc -fvisibility=hidden -g -Wall -shared -Wl,-soname,Delay.so -DFMI_COSIMULATION -I. -o ../binaries/linux64/Delay.so Delay.o 
rm Delay.o
make[1]: Leaving directory '/tmp/FMUFile15297382214780402880.tmp/sources'

737 ms. Memory: 412672K Free: 326845K (79%)
----------------- Invoking toplevel() on ptolemy.moml.MoMLSimpleApplication@3a374b19
----------------- Done invoking toplevel() on ptolemy.moml.MoMLSimpleApplication@3a374b19
reloadAllAccessors: .TestZeroDelayFeedback

===========================================================================================
----------------- testing Wed May 11 19:54:25 UTC 2022 /home/travis/build/icyphy/ptII/ptolemy/actor/lib/fmi/test/auto/helloWorldME2.xml
----------------- Instantiating /home/travis/build/icyphy/ptII/ptolemy/actor/lib/fmi/test/auto/helloWorldME2.xml
7 ms. Memory: 412672K Free: 323263K (78%)
----------------- Invoking toplevel() on ptolemy.moml.MoMLSimpleApplication@44e864f3
----------------- Done invoking toplevel() on ptolemy.moml.MoMLSimpleApplication@44e864f3
reloadAllAccessors: .helloWorldME2
AutoTests.java: About to close Vertx.
AutoTests.java: Vertx closed.
]]></system-out>
  <system-err><![CDATA[java.lang.RuntimeException: Execution failed
	at ptolemy.moml.MoMLSimpleApplication$UnloadThread.run(MoMLSimpleApplication.java:402)
Caused by: ptolemy.kernel.util.IllegalActionException: Could not simulate, inc20_fmiDoStep(Component, /* time */ 0.0, /* stepSize */0.0, /* newStep */ 1) returned fmiError
  in .FMUInc20.inc20
	at ptolemy.actor.lib.fmi.FMUImport._fmiDoStep(FMUImport.java:2739)
	at ptolemy.actor.lib.fmi.FMUImport.fire(FMUImport.java:675)
	at ptolemy.actor.sched.FixedPointDirector._fireActor(FixedPointDirector.java:768)
	at ptolemy.actor.sched.FixedPointDirector.fire(FixedPointDirector.java:244)
	at ptolemy.domains.continuous.kernel.ContinuousDirector.fire(ContinuousDirector.java:494)
	at ptolemy.actor.CompositeActor.fire(CompositeActor.java:455)
	at ptolemy.actor.Manager.iterate(Manager.java:851)
	at ptolemy.actor.Manager.execute(Manager.java:369)
	at ptolemy.actor.Manager.run(Manager.java:1263)
	at ptolemy.actor.Manager$PtolemyRunThread.run(Manager.java:1933)
java.lang.reflect.InvocationTargetException
	at java.base/jdk.internal.reflect.NativeConstructorAccessorImpl.newInstance0(Native Method)
	at java.base/jdk.internal.reflect.NativeConstructorAccessorImpl.newInstance(NativeConstructorAccessorImpl.java:62)
	at java.base/jdk.internal.reflect.DelegatingConstructorAccessorImpl.newInstance(DelegatingConstructorAccessorImpl.java:45)
	at java.base/java.lang.reflect.Constructor.newInstance(Constructor.java:490)
	at ptolemy.util.test.junit.AutoKnownFailedTests.RunModel(AutoKnownFailedTests.java:105)
	at java.base/jdk.internal.reflect.NativeMethodAccessorImpl.invoke0(Native Method)
	at java.base/jdk.internal.reflect.NativeMethodAccessorImpl.invoke(NativeMethodAccessorImpl.java:62)
	at java.base/jdk.internal.reflect.DelegatingMethodAccessorImpl.invoke(DelegatingMethodAccessorImpl.java:43)
	at java.base/java.lang.reflect.Method.invoke(Method.java:566)
	at org.junit.runners.model.FrameworkMethod$1.runReflectiveCall(FrameworkMethod.java:44)
	at org.junit.internal.runners.model.ReflectiveCallable.run(ReflectiveCallable.java:15)
	at org.junit.runners.model.FrameworkMethod.invokeExplosively(FrameworkMethod.java:41)
	at junitparams.internal.InvokeParameterisedMethod.evaluate(InvokeParameterisedMethod.java:102)
	at org.junit.internal.runners.statements.FailOnTimeout$1.run(FailOnTimeout.java:28)
Caused by: ptolemy.kernel.util.IllegalActionException: Could not simulate, inc20_fmiDoStep(Component, /* time */ 0.0, /* stepSize */0.0, /* newStep */ 1) returned fmiError
  in .FMUInc20.inc20
	at ptolemy.actor.lib.fmi.FMUImport._fmiDoStep(FMUImport.java:2739)
	at ptolemy.actor.lib.fmi.FMUImport.fire(FMUImport.java:675)
	at ptolemy.actor.sched.FixedPointDirector._fireActor(FixedPointDirector.java:768)
	at ptolemy.actor.sched.FixedPointDirector.fire(FixedPointDirector.java:244)
	at ptolemy.domains.continuous.kernel.ContinuousDirector.fire(ContinuousDirector.java:494)
	at ptolemy.actor.CompositeActor.fire(CompositeActor.java:455)
	at ptolemy.actor.Manager.iterate(Manager.java:851)
	at ptolemy.actor.Manager.execute(Manager.java:369)
	at ptolemy.actor.Manager.run(Manager.java:1263)
	at ptolemy.actor.Manager$PtolemyRunThread.run(Manager.java:1933)
]]></system-err>
</testsuite>
