<?xml version="1.0" encoding="UTF-8" ?>
<testsuite errors="0" failures="0" hostname="travis-job-b749086f-316f-4d00-b3f2-ecd9ff2416d7" name="ptolemy.domains.continuous.test.junit.JUnitTclTest" skipped="0" tests="155" time="70.485" timestamp="2018-08-22T01:57:25">
  <properties>
[...]
</properties>
  <testcase classname="ptolemy.util.test.junit.TclTests" name="[0] ThereAreNoTclTests (RunTclFile)" time="0.001" />
  <testcase classname="ptolemy.util.test.junit.AutoKnownFailedTests" name="[0] ThereAreNoKnowFailedTests (RunModel)" time="0.001" />
  <testcase classname="ptolemy.util.test.junit.AutoNameArchTests" name="[0] ThereAreNoAutoArchTests (RunModel)" time="0.003" />
  <testcase classname="ptolemy.util.test.junit.AutoTests" name="[0] /home/travis/build/icyphy/ptII/ptolemy/domains/continuous/test/auto/BouncingBall.xml (RunModel)" time="2.874" />
  <testcase classname="ptolemy.util.test.junit.AutoTests" name="[1] /home/travis/build/icyphy/ptII/ptolemy/domains/continuous/test/auto/BouncingBallWithoutGR.xml (RunModel)" time="0.879" />
  <testcase classname="ptolemy.util.test.junit.AutoTests" name="[2] /home/travis/build/icyphy/ptII/ptolemy/domains/continuous/test/auto/Brownian.xml (RunModel)" time="0.12" />
  <testcase classname="ptolemy.util.test.junit.AutoTests" name="[3] /home/travis/build/icyphy/ptII/ptolemy/domains/continuous/test/auto/CarTracking.xml (RunModel)" time="3.409" />
  <testcase classname="ptolemy.util.test.junit.AutoTests" name="[4] /home/travis/build/icyphy/ptII/ptolemy/domains/continuous/test/auto/CartPendulum.xml (RunModel)" time="0.547" />
  <testcase classname="ptolemy.util.test.junit.AutoTests" name="[5] /home/travis/build/icyphy/ptII/ptolemy/domains/continuous/test/auto/CausalityInterface10.xml (RunModel)" time="0.065" />
  <testcase classname="ptolemy.util.test.junit.AutoTests" name="[6] /home/travis/build/icyphy/ptII/ptolemy/domains/continuous/test/auto/CausalityInterface11.xml (RunModel)" time="0.035" />
  <testcase classname="ptolemy.util.test.junit.AutoTests" name="[7] /home/travis/build/icyphy/ptII/ptolemy/domains/continuous/test/auto/CausalityInterface12.xml (RunModel)" time="0.032" />
  <testcase classname="ptolemy.util.test.junit.AutoTests" name="[8] /home/travis/build/icyphy/ptII/ptolemy/domains/continuous/test/auto/CausalityInterface13.xml (RunModel)" time="0.023" />
  <testcase classname="ptolemy.util.test.junit.AutoTests" name="[9] /home/travis/build/icyphy/ptII/ptolemy/domains/continuous/test/auto/CausalityInterface14.xml (RunModel)" time="0.021" />
  <testcase classname="ptolemy.util.test.junit.AutoTests" name="[10] /home/travis/build/icyphy/ptII/ptolemy/domains/continuous/test/auto/CausalityInterface4.xml (RunModel)" time="0.026" />
  <testcase classname="ptolemy.util.test.junit.AutoTests" name="[11] /home/travis/build/icyphy/ptII/ptolemy/domains/continuous/test/auto/CausalityInterface5.xml (RunModel)" time="0.035" />
  <testcase classname="ptolemy.util.test.junit.AutoTests" name="[12] /home/travis/build/icyphy/ptII/ptolemy/domains/continuous/test/auto/CausalityInterface6.xml (RunModel)" time="0.034" />
  <testcase classname="ptolemy.util.test.junit.AutoTests" name="[13] /home/travis/build/icyphy/ptII/ptolemy/domains/continuous/test/auto/CausalityInterface7.xml (RunModel)" time="0.046" />
  <testcase classname="ptolemy.util.test.junit.AutoTests" name="[14] /home/travis/build/icyphy/ptII/ptolemy/domains/continuous/test/auto/CausalityInterface8.xml (RunModel)" time="0.042" />
  <testcase classname="ptolemy.util.test.junit.AutoTests" name="[15] /home/travis/build/icyphy/ptII/ptolemy/domains/continuous/test/auto/CausalityInterface9.xml (RunModel)" time="0.047" />
  <testcase classname="ptolemy.util.test.junit.AutoTests" name="[16] /home/travis/build/icyphy/ptII/ptolemy/domains/continuous/test/auto/CausalityInterfaceFeedback1.xml (RunModel)" time="0.03" />
  <testcase classname="ptolemy.util.test.junit.AutoTests" name="[17] /home/travis/build/icyphy/ptII/ptolemy/domains/continuous/test/auto/CausalityInterfaceFeedback2.xml (RunModel)" time="0.026" />
  <testcase classname="ptolemy.util.test.junit.AutoTests" name="[18] /home/travis/build/icyphy/ptII/ptolemy/domains/continuous/test/auto/CompareWithCurrentTime.xml (RunModel)" time="0.037" />
  <testcase classname="ptolemy.util.test.junit.AutoTests" name="[19] /home/travis/build/icyphy/ptII/ptolemy/domains/continuous/test/auto/ComparedClocks.xml (RunModel)" time="0.077" />
  <testcase classname="ptolemy.util.test.junit.AutoTests" name="[20] /home/travis/build/icyphy/ptII/ptolemy/domains/continuous/test/auto/ContinuousAOCClone.xml (RunModel)" time="2.576" />
  <testcase classname="ptolemy.util.test.junit.AutoTests" name="[21] /home/travis/build/icyphy/ptII/ptolemy/domains/continuous/test/auto/ContinuousClock.xml (RunModel)" time="0.092" />
  <testcase classname="ptolemy.util.test.junit.AutoTests" name="[22] /home/travis/build/icyphy/ptII/ptolemy/domains/continuous/test/auto/ContinuousInContinuous.xml (RunModel)" time="0.086" />
  <testcase classname="ptolemy.util.test.junit.AutoTests" name="[23] /home/travis/build/icyphy/ptII/ptolemy/domains/continuous/test/auto/ContinuousInContinuousInContinuous.xml (RunModel)" time="0.03" />
  <testcase classname="ptolemy.util.test.junit.AutoTests" name="[24] /home/travis/build/icyphy/ptII/ptolemy/domains/continuous/test/auto/ContinuousInDE.xml (RunModel)" time="0.136" />
  <testcase classname="ptolemy.util.test.junit.AutoTests" name="[25] /home/travis/build/icyphy/ptII/ptolemy/domains/continuous/test/auto/ContinuousInDE2.xml (RunModel)" time="0.053" />
  <testcase classname="ptolemy.util.test.junit.AutoTests" name="[26] /home/travis/build/icyphy/ptII/ptolemy/domains/continuous/test/auto/ContinuousInDE3.xml (RunModel)" time="0.057" />
  <testcase classname="ptolemy.util.test.junit.AutoTests" name="[27] /home/travis/build/icyphy/ptII/ptolemy/domains/continuous/test/auto/ContinuousInDE4.xml (RunModel)" time="0.033" />
  <testcase classname="ptolemy.util.test.junit.AutoTests" name="[28] /home/travis/build/icyphy/ptII/ptolemy/domains/continuous/test/auto/ContinuousInDEDifferentRefinements.xml (RunModel)" time="0.125" />
  <testcase classname="ptolemy.util.test.junit.AutoTests" name="[29] /home/travis/build/icyphy/ptII/ptolemy/domains/continuous/test/auto/ContinuousInDEDifferentRefinementsPreemptive.xml (RunModel)" time="0.082" />
  <testcase classname="ptolemy.util.test.junit.AutoTests" name="[30] /home/travis/build/icyphy/ptII/ptolemy/domains/continuous/test/auto/ContinuousInDEInContinuous2.xml (RunModel)" time="0.06" />
  <testcase classname="ptolemy.util.test.junit.AutoTests" name="[31] /home/travis/build/icyphy/ptII/ptolemy/domains/continuous/test/auto/ContinuousInDEInContinuous3.xml (RunModel)" time="0.058" />
  <testcase classname="ptolemy.util.test.junit.AutoTests" name="[32] /home/travis/build/icyphy/ptII/ptolemy/domains/continuous/test/auto/ContinuousInDEInput.xml (RunModel)" time="0.047" />
  <testcase classname="ptolemy.util.test.junit.AutoTests" name="[33] /home/travis/build/icyphy/ptII/ptolemy/domains/continuous/test/auto/ContinuousInDEInput2.xml (RunModel)" time="0.034" />
  <testcase classname="ptolemy.util.test.junit.AutoTests" name="[34] /home/travis/build/icyphy/ptII/ptolemy/domains/continuous/test/auto/ContinuousInDEInput3.xml (RunModel)" time="0.033" />
  <testcase classname="ptolemy.util.test.junit.AutoTests" name="[35] /home/travis/build/icyphy/ptII/ptolemy/domains/continuous/test/auto/ContinuousInDESharingRefinement.xml (RunModel)" time="0.19" />
  <testcase classname="ptolemy.util.test.junit.AutoTests" name="[36] /home/travis/build/icyphy/ptII/ptolemy/domains/continuous/test/auto/ContinuousInDEwithNoPorts.xml (RunModel)" time="0.019" />
  <testcase classname="ptolemy.util.test.junit.AutoTests" name="[37] /home/travis/build/icyphy/ptII/ptolemy/domains/continuous/test/auto/ContinuousInsideDE.xml (RunModel)" time="0.098" />
  <testcase classname="ptolemy.util.test.junit.AutoTests" name="[38] /home/travis/build/icyphy/ptII/ptolemy/domains/continuous/test/auto/ContinuousMerge1.xml (RunModel)" time="0.018" />
  <testcase classname="ptolemy.util.test.junit.AutoTests" name="[39] /home/travis/build/icyphy/ptII/ptolemy/domains/continuous/test/auto/ContinuousMerge2.xml (RunModel)" time="0.055" />
  <testcase classname="ptolemy.util.test.junit.AutoTests" name="[40] /home/travis/build/icyphy/ptII/ptolemy/domains/continuous/test/auto/ContinuousMerge3.xml (RunModel)" time="0.071" />
  <testcase classname="ptolemy.util.test.junit.AutoTests" name="[41] /home/travis/build/icyphy/ptII/ptolemy/domains/continuous/test/auto/ContinuousWithinContinuous.xml (RunModel)" time="0.061" />
  <testcase classname="ptolemy.util.test.junit.AutoTests" name="[42] /home/travis/build/icyphy/ptII/ptolemy/domains/continuous/test/auto/ContinuousWithinContinuous2.xml (RunModel)" time="0.092" />
  <testcase classname="ptolemy.util.test.junit.AutoTests" name="[43] /home/travis/build/icyphy/ptII/ptolemy/domains/continuous/test/auto/ContinuousWithinContinuous3.xml (RunModel)" time="0.036" />
  <testcase classname="ptolemy.util.test.junit.AutoTests" name="[44] /home/travis/build/icyphy/ptII/ptolemy/domains/continuous/test/auto/ContinuousWithinContinuous4.xml (RunModel)" time="0.09" />
  <testcase classname="ptolemy.util.test.junit.AutoTests" name="[45] /home/travis/build/icyphy/ptII/ptolemy/domains/continuous/test/auto/ContinuousWithinContinuous5.xml (RunModel)" time="0.036" />
  <testcase classname="ptolemy.util.test.junit.AutoTests" name="[46] /home/travis/build/icyphy/ptII/ptolemy/domains/continuous/test/auto/ContinuousWithinContinuous6.xml (RunModel)" time="0.028" />
  <testcase classname="ptolemy.util.test.junit.AutoTests" name="[47] /home/travis/build/icyphy/ptII/ptolemy/domains/continuous/test/auto/ContinuousWithinContinuous7.xml (RunModel)" time="0.07" />
  <testcase classname="ptolemy.util.test.junit.AutoTests" name="[48] /home/travis/build/icyphy/ptII/ptolemy/domains/continuous/test/auto/DCMotor.xml (RunModel)" time="12.439" />
  <testcase classname="ptolemy.util.test.junit.AutoTests" name="[49] /home/travis/build/icyphy/ptII/ptolemy/domains/continuous/test/auto/DEInContinuous.xml (RunModel)" time="0.038" />
  <testcase classname="ptolemy.util.test.junit.AutoTests" name="[50] /home/travis/build/icyphy/ptII/ptolemy/domains/continuous/test/auto/DEinContinuous2.xml (RunModel)" time="0.033" />
  <testcase classname="ptolemy.util.test.junit.AutoTests" name="[51] /home/travis/build/icyphy/ptII/ptolemy/domains/continuous/test/auto/Derivative.xml (RunModel)" time="0.207" />
  <testcase classname="ptolemy.util.test.junit.AutoTests" name="[52] /home/travis/build/icyphy/ptII/ptolemy/domains/continuous/test/auto/Derivative1.xml (RunModel)" time="0.063" />
  <testcase classname="ptolemy.util.test.junit.AutoTests" name="[53] /home/travis/build/icyphy/ptII/ptolemy/domains/continuous/test/auto/DiscreteClock.xml (RunModel)" time="0.024" />
  <testcase classname="ptolemy.util.test.junit.AutoTests" name="[54] /home/travis/build/icyphy/ptII/ptolemy/domains/continuous/test/auto/EfficiencyCurve.xml (RunModel)" time="0.116" />
  <testcase classname="ptolemy.util.test.junit.AutoTests" name="[55] /home/travis/build/icyphy/ptII/ptolemy/domains/continuous/test/auto/ExponentialResponse.xml (RunModel)" time="0.106" />
  <testcase classname="ptolemy.util.test.junit.AutoTests" name="[56] /home/travis/build/icyphy/ptII/ptolemy/domains/continuous/test/auto/ExponentialResponseRK45.xml (RunModel)" time="0.038" />
  <testcase classname="ptolemy.util.test.junit.AutoTests" name="[57] /home/travis/build/icyphy/ptII/ptolemy/domains/continuous/test/auto/Friction.xml (RunModel)" time="1.417" />
  <testcase classname="ptolemy.util.test.junit.AutoTests" name="[58] /home/travis/build/icyphy/ptII/ptolemy/domains/continuous/test/auto/FurutaPendulum.xml (RunModel)" time="3.269" />
  <testcase classname="ptolemy.util.test.junit.AutoTests" name="[59] /home/travis/build/icyphy/ptII/ptolemy/domains/continuous/test/auto/HierarchicalExecution.xml (RunModel)" time="2.032" />
  <testcase classname="ptolemy.util.test.junit.AutoTests" name="[60] /home/travis/build/icyphy/ptII/ptolemy/domains/continuous/test/auto/HybridPlant.xml (RunModel)" time="0.552" />
  <testcase classname="ptolemy.util.test.junit.AutoTests" name="[61] /home/travis/build/icyphy/ptII/ptolemy/domains/continuous/test/auto/Hysteresis.xml (RunModel)" time="0.201" />
  <testcase classname="ptolemy.util.test.junit.AutoTests" name="[62] /home/travis/build/icyphy/ptII/ptolemy/domains/continuous/test/auto/HysteresisWithRandomDelay.xml (RunModel)" time="0.201" />
  <testcase classname="ptolemy.util.test.junit.AutoTests" name="[63] /home/travis/build/icyphy/ptII/ptolemy/domains/continuous/test/auto/HysteresisWithRandomLosses.xml (RunModel)" time="2.192" />
  <testcase classname="ptolemy.util.test.junit.AutoTests" name="[64] /home/travis/build/icyphy/ptII/ptolemy/domains/continuous/test/auto/ImmediateTransitions.xml (RunModel)" time="0.028" />
  <testcase classname="ptolemy.util.test.junit.AutoTests" name="[65] /home/travis/build/icyphy/ptII/ptolemy/domains/continuous/test/auto/ImpulseFeedback.xml (RunModel)" time="0.017" />
  <testcase classname="ptolemy.util.test.junit.AutoTests" name="[66] /home/travis/build/icyphy/ptII/ptolemy/domains/continuous/test/auto/ImpulseFeedback2.xml (RunModel)" time="0.021" />
  <testcase classname="ptolemy.util.test.junit.AutoTests" name="[67] /home/travis/build/icyphy/ptII/ptolemy/domains/continuous/test/auto/IncreasingRatePoisson.xml (RunModel)" time="0.719" />
  <testcase classname="ptolemy.util.test.junit.AutoTests" name="[68] /home/travis/build/icyphy/ptII/ptolemy/domains/continuous/test/auto/InitialStateFeedback.xml (RunModel)" time="0.025" />
  <testcase classname="ptolemy.util.test.junit.AutoTests" name="[69] /home/travis/build/icyphy/ptII/ptolemy/domains/continuous/test/auto/Integration.xml (RunModel)" time="0.009" />
  <testcase classname="ptolemy.util.test.junit.AutoTests" name="[70] /home/travis/build/icyphy/ptII/ptolemy/domains/continuous/test/auto/Integration2.xml (RunModel)" time="0.084" />
  <testcase classname="ptolemy.util.test.junit.AutoTests" name="[71] /home/travis/build/icyphy/ptII/ptolemy/domains/continuous/test/auto/Integration3.xml (RunModel)" time="0.011" />
  <testcase classname="ptolemy.util.test.junit.AutoTests" name="[72] /home/travis/build/icyphy/ptII/ptolemy/domains/continuous/test/auto/Integration5.xml (RunModel)" time="0.017" />
  <testcase classname="ptolemy.util.test.junit.AutoTests" name="[73] /home/travis/build/icyphy/ptII/ptolemy/domains/continuous/test/auto/IntegratorImpulse.xml (RunModel)" time="0.009" />
  <testcase classname="ptolemy.util.test.junit.AutoTests" name="[74] /home/travis/build/icyphy/ptII/ptolemy/domains/continuous/test/auto/IntegratorImpulse2.xml (RunModel)" time="0.012" />
  <testcase classname="ptolemy.util.test.junit.AutoTests" name="[75] /home/travis/build/icyphy/ptII/ptolemy/domains/continuous/test/auto/LevelCrossing1.xml (RunModel)" time="0.011" />
  <testcase classname="ptolemy.util.test.junit.AutoTests" name="[76] /home/travis/build/icyphy/ptII/ptolemy/domains/continuous/test/auto/LevelCrossing2.xml (RunModel)" time="0.012" />
  <testcase classname="ptolemy.util.test.junit.AutoTests" name="[77] /home/travis/build/icyphy/ptII/ptolemy/domains/continuous/test/auto/LevelCrossing3.xml (RunModel)" time="0.016" />
  <testcase classname="ptolemy.util.test.junit.AutoTests" name="[78] /home/travis/build/icyphy/ptII/ptolemy/domains/continuous/test/auto/LevelCrossing4.xml (RunModel)" time="0.011" />
  <testcase classname="ptolemy.util.test.junit.AutoTests" name="[79] /home/travis/build/icyphy/ptII/ptolemy/domains/continuous/test/auto/LevelCrossing5.xml (RunModel)" time="0.013" />
  <testcase classname="ptolemy.util.test.junit.AutoTests" name="[80] /home/travis/build/icyphy/ptII/ptolemy/domains/continuous/test/auto/LevelCrossing6.xml (RunModel)" time="0.013" />
  <testcase classname="ptolemy.util.test.junit.AutoTests" name="[81] /home/travis/build/icyphy/ptII/ptolemy/domains/continuous/test/auto/LevelCrossingDetector.xml (RunModel)" time="0.037" />
  <testcase classname="ptolemy.util.test.junit.AutoTests" name="[82] /home/travis/build/icyphy/ptII/ptolemy/domains/continuous/test/auto/LevelCrossingDetectorDetectingDirections.xml (RunModel)" time="0.083" />
  <testcase classname="ptolemy.util.test.junit.AutoTests" name="[83] /home/travis/build/icyphy/ptII/ptolemy/domains/continuous/test/auto/LevelCrossingDetectorDetectsGlitches.xml (RunModel)" time="0.059" />
  <testcase classname="ptolemy.util.test.junit.AutoTests" name="[84] /home/travis/build/icyphy/ptII/ptolemy/domains/continuous/test/auto/LevelCrossingNoInitialOuput.xml (RunModel)" time="0.012" />
  <testcase classname="ptolemy.util.test.junit.AutoTests" name="[85] /home/travis/build/icyphy/ptII/ptolemy/domains/continuous/test/auto/LinearStateSpaceExample.xml (RunModel)" time="0.044" />
  <testcase classname="ptolemy.util.test.junit.AutoTests" name="[86] /home/travis/build/icyphy/ptII/ptolemy/domains/continuous/test/auto/Lorenz.xml (RunModel)" time="4.267" />
  <testcase classname="ptolemy.util.test.junit.AutoTests" name="[87] /home/travis/build/icyphy/ptII/ptolemy/domains/continuous/test/auto/LorenzDifferentialSystem.xml (RunModel)" time="1.003" />
  <testcase classname="ptolemy.util.test.junit.AutoTests" name="[88] /home/travis/build/icyphy/ptII/ptolemy/domains/continuous/test/auto/LorenzDifferentialSystemWithInput.xml (RunModel)" time="1.448" />
  <testcase classname="ptolemy.util.test.junit.AutoTests" name="[89] /home/travis/build/icyphy/ptII/ptolemy/domains/continuous/test/auto/LorenzDifferentialSystemWithTime.xml (RunModel)" time="0.708" />
  <testcase classname="ptolemy.util.test.junit.AutoTests" name="[90] /home/travis/build/icyphy/ptII/ptolemy/domains/continuous/test/auto/Microsteps.xml (RunModel)" time="0.024" />
  <testcase classname="ptolemy.util.test.junit.AutoTests" name="[91] /home/travis/build/icyphy/ptII/ptolemy/domains/continuous/test/auto/Modal1.xml (RunModel)" time="0.041" />
  <testcase classname="ptolemy.util.test.junit.AutoTests" name="[92] /home/travis/build/icyphy/ptII/ptolemy/domains/continuous/test/auto/Modal2.xml (RunModel)" time="0.046" />
  <testcase classname="ptolemy.util.test.junit.AutoTests" name="[93] /home/travis/build/icyphy/ptII/ptolemy/domains/continuous/test/auto/ModalTransitionGuardWithReset.xml (RunModel)" time="0.028" />
  <testcase classname="ptolemy.util.test.junit.AutoTests" name="[94] /home/travis/build/icyphy/ptII/ptolemy/domains/continuous/test/auto/ModalTransitionGuardWithResetUsingPreemptiveTransition.xml (RunModel)" time="0.03" />
  <testcase classname="ptolemy.util.test.junit.AutoTests" name="[95] /home/travis/build/icyphy/ptII/ptolemy/domains/continuous/test/auto/ModalTransitionGuardWithResetUsingPreemptiveTransition2.xml (RunModel)" time="0.027" />
  <testcase classname="ptolemy.util.test.junit.AutoTests" name="[96] /home/travis/build/icyphy/ptII/ptolemy/domains/continuous/test/auto/ModalTransitionGuardWithResetUsingPreemptiveTransition3.xml (RunModel)" time="0.04" />
  <testcase classname="ptolemy.util.test.junit.AutoTests" name="[97] /home/travis/build/icyphy/ptII/ptolemy/domains/continuous/test/auto/NewtonsCradle.xml (RunModel)" time="0.764" />
  <testcase classname="ptolemy.util.test.junit.AutoTests" name="[98] /home/travis/build/icyphy/ptII/ptolemy/domains/continuous/test/auto/NewtonsCradleAnimated.xml (RunModel)" time="1.166" />
  <testcase classname="ptolemy.util.test.junit.AutoTests" name="[99] /home/travis/build/icyphy/ptII/ptolemy/domains/continuous/test/auto/NewtonsCradleComplicated.xml (RunModel)" time="0.826" />
  <testcase classname="ptolemy.util.test.junit.AutoTests" name="[100] /home/travis/build/icyphy/ptII/ptolemy/domains/continuous/test/auto/NewtonsCradleNondeterministic.xml (RunModel)" time="0.664" />
  <testcase classname="ptolemy.util.test.junit.AutoTests" name="[101] /home/travis/build/icyphy/ptII/ptolemy/domains/continuous/test/auto/NewtonsCradlePerfectlyInelastic1.xml (RunModel)" time="1.171" />
  <testcase classname="ptolemy.util.test.junit.AutoTests" name="[102] /home/travis/build/icyphy/ptII/ptolemy/domains/continuous/test/auto/Noise.xml (RunModel)" time="0.164" />
  <testcase classname="ptolemy.util.test.junit.AutoTests" name="[103] /home/travis/build/icyphy/ptII/ptolemy/domains/continuous/test/auto/NoiseSpectrum.xml (RunModel)" time="0.752" />
  <testcase classname="ptolemy.util.test.junit.AutoTests" name="[104] /home/travis/build/icyphy/ptII/ptolemy/domains/continuous/test/auto/ParameterizedNewtonsCradleAnimated.xml (RunModel)" time="0.359" />
  <testcase classname="ptolemy.util.test.junit.AutoTests" name="[105] /home/travis/build/icyphy/ptII/ptolemy/domains/continuous/test/auto/ParameterizedNewtonsCradleAnimatedNondeterministic.xml (RunModel)" time="1.114" />
  <testcase classname="ptolemy.util.test.junit.AutoTests" name="[106] /home/travis/build/icyphy/ptII/ptolemy/domains/continuous/test/auto/Pendulum3D.xml (RunModel)" time="0.172" />
  <testcase classname="ptolemy.util.test.junit.AutoTests" name="[107] /home/travis/build/icyphy/ptII/ptolemy/domains/continuous/test/auto/PeriodicSampler.xml (RunModel)" time="0.011" />
  <testcase classname="ptolemy.util.test.junit.AutoTests" name="[108] /home/travis/build/icyphy/ptII/ptolemy/domains/continuous/test/auto/PeriodicSampler1.xml (RunModel)" time="0.045" />
  <testcase classname="ptolemy.util.test.junit.AutoTests" name="[109] /home/travis/build/icyphy/ptII/ptolemy/domains/continuous/test/auto/PeriodicSampler2.xml (RunModel)" time="0.074" />
  <testcase classname="ptolemy.util.test.junit.AutoTests" name="[110] /home/travis/build/icyphy/ptII/ptolemy/domains/continuous/test/auto/Poisson.xml (RunModel)" time="0.405" />
  <testcase classname="ptolemy.util.test.junit.AutoTests" name="[111] /home/travis/build/icyphy/ptII/ptolemy/domains/continuous/test/auto/PoissonClock.xml (RunModel)" time="0.01" />
  <testcase classname="ptolemy.util.test.junit.AutoTests" name="[112] /home/travis/build/icyphy/ptII/ptolemy/domains/continuous/test/auto/PoissonClock2.xml (RunModel)" time="0.011" />
  <testcase classname="ptolemy.util.test.junit.AutoTests" name="[113] /home/travis/build/icyphy/ptII/ptolemy/domains/continuous/test/auto/PortParameterHierarchy.xml (RunModel)" time="0.013" />
  <testcase classname="ptolemy.util.test.junit.AutoTests" name="[114] /home/travis/build/icyphy/ptII/ptolemy/domains/continuous/test/auto/RandomHybridPlant.xml (RunModel)" time="0.545" />
  <testcase classname="ptolemy.util.test.junit.AutoTests" name="[115] /home/travis/build/icyphy/ptII/ptolemy/domains/continuous/test/auto/ResetTransitionWithStartTime1.xml (RunModel)" time="0.027" />
  <testcase classname="ptolemy.util.test.junit.AutoTests" name="[116] /home/travis/build/icyphy/ptII/ptolemy/domains/continuous/test/auto/ResetTransitionWithStartTime2.xml (RunModel)" time="0.037" />
  <testcase classname="ptolemy.util.test.junit.AutoTests" name="[117] /home/travis/build/icyphy/ptII/ptolemy/domains/continuous/test/auto/ResetTransitionWithStartTime3.xml (RunModel)" time="0.034" />
  <testcase classname="ptolemy.util.test.junit.AutoTests" name="[118] /home/travis/build/icyphy/ptII/ptolemy/domains/continuous/test/auto/ResetTransitionWithStartTime4.xml (RunModel)" time="0.023" />
  <testcase classname="ptolemy.util.test.junit.AutoTests" name="[119] /home/travis/build/icyphy/ptII/ptolemy/domains/continuous/test/auto/ResetTransitionWithStartTime5.xml (RunModel)" time="0.032" />
  <testcase classname="ptolemy.util.test.junit.AutoTests" name="[120] /home/travis/build/icyphy/ptII/ptolemy/domains/continuous/test/auto/ResetTransitionWithStartTime6.xml (RunModel)" time="0.027" />
  <testcase classname="ptolemy.util.test.junit.AutoTests" name="[121] /home/travis/build/icyphy/ptII/ptolemy/domains/continuous/test/auto/SRinContinuous.xml (RunModel)" time="0.023" />
  <testcase classname="ptolemy.util.test.junit.AutoTests" name="[122] /home/travis/build/icyphy/ptII/ptolemy/domains/continuous/test/auto/SampledClocks.xml (RunModel)" time="0.032" />
  <testcase classname="ptolemy.util.test.junit.AutoTests" name="[123] /home/travis/build/icyphy/ptII/ptolemy/domains/continuous/test/auto/Satellite.xml (RunModel)" time="0.897" />
  <testcase classname="ptolemy.util.test.junit.AutoTests" name="[124] /home/travis/build/icyphy/ptII/ptolemy/domains/continuous/test/auto/SigmaDelta.xml (RunModel)" time="2.33" />
  <testcase classname="ptolemy.util.test.junit.AutoTests" name="[125] /home/travis/build/icyphy/ptII/ptolemy/domains/continuous/test/auto/SinuBouncingBall.xml (RunModel)" time="0.772" />
  <testcase classname="ptolemy.util.test.junit.AutoTests" name="[126] /home/travis/build/icyphy/ptII/ptolemy/domains/continuous/test/auto/Sinusoid.xml (RunModel)" time="0.013" />
  <testcase classname="ptolemy.util.test.junit.AutoTests" name="[127] /home/travis/build/icyphy/ptII/ptolemy/domains/continuous/test/auto/SinusoidInNoise.xml (RunModel)" time="0.918" />
  <testcase classname="ptolemy.util.test.junit.AutoTests" name="[128] /home/travis/build/icyphy/ptII/ptolemy/domains/continuous/test/auto/SinusoidRK45.xml (RunModel)" time="0.014" />
  <testcase classname="ptolemy.util.test.junit.AutoTests" name="[129] /home/travis/build/icyphy/ptII/ptolemy/domains/continuous/test/auto/SinusoidWithMultipleImpulses.xml (RunModel)" time="0.011" />
  <testcase classname="ptolemy.util.test.junit.AutoTests" name="[130] /home/travis/build/icyphy/ptII/ptolemy/domains/continuous/test/auto/SquareWave.xml (RunModel)" time="0.177" />
  <testcase classname="ptolemy.util.test.junit.AutoTests" name="[131] /home/travis/build/icyphy/ptII/ptolemy/domains/continuous/test/auto/Starmac.xml (RunModel)" time="3.353" />
  <testcase classname="ptolemy.util.test.junit.AutoTests" name="[132] /home/travis/build/icyphy/ptII/ptolemy/domains/continuous/test/auto/StaticUnits.xml (RunModel)" time="2.427" />
  <testcase classname="ptolemy.util.test.junit.AutoTests" name="[133] /home/travis/build/icyphy/ptII/ptolemy/domains/continuous/test/auto/StickyMasses.xml (RunModel)" time="0.173" />
  <testcase classname="ptolemy.util.test.junit.AutoTests" name="[134] /home/travis/build/icyphy/ptII/ptolemy/domains/continuous/test/auto/StopTime.xml (RunModel)" time="0.053" />
  <testcase classname="ptolemy.util.test.junit.AutoTests" name="[135] /home/travis/build/icyphy/ptII/ptolemy/domains/continuous/test/auto/StopTime2.xml (RunModel)" time="0.073" />
  <testcase classname="ptolemy.util.test.junit.AutoTests" name="[136] /home/travis/build/icyphy/ptII/ptolemy/domains/continuous/test/auto/Switch.xml (RunModel)" time="0.065" />
  <testcase classname="ptolemy.util.test.junit.AutoTests" name="[137] /home/travis/build/icyphy/ptII/ptolemy/domains/continuous/test/auto/Thermostat.xml (RunModel)" time="0.211" />
  <testcase classname="ptolemy.util.test.junit.AutoTests" name="[138] /home/travis/build/icyphy/ptII/ptolemy/domains/continuous/test/auto/TimeDelay.xml (RunModel)" time="0.015" />
  <testcase classname="ptolemy.util.test.junit.AutoTests" name="[139] /home/travis/build/icyphy/ptII/ptolemy/domains/continuous/test/auto/TimeDelay2.xml (RunModel)" time="0.017" />
  <testcase classname="ptolemy.util.test.junit.AutoTests" name="[140] /home/travis/build/icyphy/ptII/ptolemy/domains/continuous/test/auto/TimeDelay3.xml (RunModel)" time="0.012" />
  <testcase classname="ptolemy.util.test.junit.AutoTests" name="[141] /home/travis/build/icyphy/ptII/ptolemy/domains/continuous/test/auto/TransferAbsentToInside.xml (RunModel)" time="0.122" />
  <testcase classname="ptolemy.util.test.junit.AutoTests" name="[142] /home/travis/build/icyphy/ptII/ptolemy/domains/continuous/test/auto/Transmission.xml (RunModel)" time="0.717" />
  <testcase classname="ptolemy.util.test.junit.AutoTests" name="[143] /home/travis/build/icyphy/ptII/ptolemy/domains/continuous/test/auto/TriggeredContinuousClock.xml (RunModel)" time="0.071" />
  <testcase classname="ptolemy.util.test.junit.AutoTests" name="[144] /home/travis/build/icyphy/ptII/ptolemy/domains/continuous/test/auto/TwoMachineInfiniteBusControl.xml (RunModel)" time="2.989" />
  <testcase classname="ptolemy.util.test.junit.AutoTests" name="[145] /home/travis/build/icyphy/ptII/ptolemy/domains/continuous/test/auto/V2V.xml (RunModel)" time="0.769" />
  <testcase classname="ptolemy.util.test.junit.AutoTests" name="[146] /home/travis/build/icyphy/ptII/ptolemy/domains/continuous/test/auto/hierarchicalModalModel.xml (RunModel)" time="0.041" />
  <testcase classname="ptolemy.util.test.junit.AutoTests" name="[147] /home/travis/build/icyphy/ptII/ptolemy/domains/continuous/test/auto/hierarchicalModalModel1.xml (RunModel)" time="0.037" />
  <testcase classname="ptolemy.util.test.junit.AutoTests" name="[148] /home/travis/build/icyphy/ptII/ptolemy/domains/continuous/test/auto/hierarchicalModalModel2.xml (RunModel)" time="0.03" />
  <testcase classname="ptolemy.util.test.junit.AutoTests" name="[149] /home/travis/build/icyphy/ptII/ptolemy/domains/continuous/test/auto/hierarchicalModalModel3.xml (RunModel)" time="0.021" />
  <testcase classname="ptolemy.util.test.junit.AutoTests" name="[150] /home/travis/build/icyphy/ptII/ptolemy/domains/continuous/test/auto/hierarchicalModalModel4.xml (RunModel)" time="0.035" />
  <testcase classname="ptolemy.util.test.junit.AutoTests" name="[151] /home/travis/build/icyphy/ptII/ptolemy/domains/continuous/test/auto/junk.xml (RunModel)" time="0.18" />
  <system-out><![CDATA[No tcl tests in /home/travis/build/icyphy/ptII/ptolemy/domains/continuous/test
No auto/knownFailedTests/*.xml tests in /home/travis/build/icyphy/ptII/ptolemy/domains/continuous/test
No auto/linux-amd64/*.xml tests in /home/travis/build/icyphy/ptII/ptolemy/domains/continuous/test
AutoTests.java: About to close Vertx.
AutoTests.java: Vertx closed.

===========================================================================================
----------------- testing Wed Aug 22 01:57:25 UTC 2018 /home/travis/build/icyphy/ptII/ptolemy/domains/continuous/test/auto/BouncingBall.xml
----------------- Instantiating /home/travis/build/icyphy/ptII/ptolemy/domains/continuous/test/auto/BouncingBall.xml
2412 ms. Memory: 331776K Free: 250520K (76%)
----------------- Invoking toplevel() on ptolemy.moml.MoMLSimpleApplication@5ba3b727
----------------- Done invoking toplevel() on ptolemy.moml.MoMLSimpleApplication@5ba3b727
reloadAllAccessors: .BouncingBall

===========================================================================================
----------------- testing Wed Aug 22 01:57:28 UTC 2018 /home/travis/build/icyphy/ptII/ptolemy/domains/continuous/test/auto/BouncingBallWithoutGR.xml
----------------- Instantiating /home/travis/build/icyphy/ptII/ptolemy/domains/continuous/test/auto/BouncingBallWithoutGR.xml
741 ms. Memory: 331776K Free: 304782K (92%)
----------------- Invoking toplevel() on ptolemy.moml.MoMLSimpleApplication@7f46b5a5
----------------- Done invoking toplevel() on ptolemy.moml.MoMLSimpleApplication@7f46b5a5
reloadAllAccessors: .BouncingBallWithoutGR

===========================================================================================
----------------- testing Wed Aug 22 01:57:29 UTC 2018 /home/travis/build/icyphy/ptII/ptolemy/domains/continuous/test/auto/Brownian.xml
----------------- Instantiating /home/travis/build/icyphy/ptII/ptolemy/domains/continuous/test/auto/Brownian.xml
40 ms. Memory: 331776K Free: 290877K (88%)
----------------- Invoking toplevel() on ptolemy.moml.MoMLSimpleApplication@63462e95
----------------- Done invoking toplevel() on ptolemy.moml.MoMLSimpleApplication@63462e95
reloadAllAccessors: .Brownian

===========================================================================================
----------------- testing Wed Aug 22 01:57:29 UTC 2018 /home/travis/build/icyphy/ptII/ptolemy/domains/continuous/test/auto/CarTracking.xml
----------------- Instantiating /home/travis/build/icyphy/ptII/ptolemy/domains/continuous/test/auto/CarTracking.xml
3017 ms. Memory: 578048K Free: 448755K (78%)
----------------- Invoking toplevel() on ptolemy.moml.MoMLSimpleApplication@7a20cf5
----------------- Done invoking toplevel() on ptolemy.moml.MoMLSimpleApplication@7a20cf5
reloadAllAccessors: .CarTracking

===========================================================================================
----------------- testing Wed Aug 22 01:57:33 UTC 2018 /home/travis/build/icyphy/ptII/ptolemy/domains/continuous/test/auto/CartPendulum.xml
----------------- Instantiating /home/travis/build/icyphy/ptII/ptolemy/domains/continuous/test/auto/CartPendulum.xml
409 ms. Memory: 578048K Free: 340816K (59%)
----------------- Invoking toplevel() on ptolemy.moml.MoMLSimpleApplication@5060d216
----------------- Done invoking toplevel() on ptolemy.moml.MoMLSimpleApplication@5060d216
reloadAllAccessors: .CartPendulum

===========================================================================================
----------------- testing Wed Aug 22 01:57:33 UTC 2018 /home/travis/build/icyphy/ptII/ptolemy/domains/continuous/test/auto/CausalityInterface10.xml
----------------- Instantiating /home/travis/build/icyphy/ptII/ptolemy/domains/continuous/test/auto/CausalityInterface10.xml
11 ms. Memory: 578048K Free: 327692K (57%)
----------------- Invoking toplevel() on ptolemy.moml.MoMLSimpleApplication@71d1831b
----------------- Done invoking toplevel() on ptolemy.moml.MoMLSimpleApplication@71d1831b
reloadAllAccessors: .CausalityInterface10

===========================================================================================
----------------- testing Wed Aug 22 01:57:33 UTC 2018 /home/travis/build/icyphy/ptII/ptolemy/domains/continuous/test/auto/CausalityInterface11.xml
----------------- Instantiating /home/travis/build/icyphy/ptII/ptolemy/domains/continuous/test/auto/CausalityInterface11.xml
5 ms. Memory: 578048K Free: 317846K (55%)
----------------- Invoking toplevel() on ptolemy.moml.MoMLSimpleApplication@5655e468
----------------- Done invoking toplevel() on ptolemy.moml.MoMLSimpleApplication@5655e468
reloadAllAccessors: .CausalityInterface11

===========================================================================================
----------------- testing Wed Aug 22 01:57:33 UTC 2018 /home/travis/build/icyphy/ptII/ptolemy/domains/continuous/test/auto/CausalityInterface12.xml
----------------- Instantiating /home/travis/build/icyphy/ptII/ptolemy/domains/continuous/test/auto/CausalityInterface12.xml
11 ms. Memory: 578048K Free: 307999K (53%)
----------------- Invoking toplevel() on ptolemy.moml.MoMLSimpleApplication@3c2e8437
----------------- Done invoking toplevel() on ptolemy.moml.MoMLSimpleApplication@3c2e8437
reloadAllAccessors: .CausalityInterface12

===========================================================================================
----------------- testing Wed Aug 22 01:57:33 UTC 2018 /home/travis/build/icyphy/ptII/ptolemy/domains/continuous/test/auto/CausalityInterface13.xml
----------------- Instantiating /home/travis/build/icyphy/ptII/ptolemy/domains/continuous/test/auto/CausalityInterface13.xml
3 ms. Memory: 578048K Free: 294990K (51%)
----------------- Invoking toplevel() on ptolemy.moml.MoMLSimpleApplication@6f4e5985
----------------- Done invoking toplevel() on ptolemy.moml.MoMLSimpleApplication@6f4e5985
reloadAllAccessors: .CausalityInterface13

===========================================================================================
----------------- testing Wed Aug 22 01:57:33 UTC 2018 /home/travis/build/icyphy/ptII/ptolemy/domains/continuous/test/auto/CausalityInterface14.xml
----------------- Instantiating /home/travis/build/icyphy/ptII/ptolemy/domains/continuous/test/auto/CausalityInterface14.xml
2 ms. Memory: 578048K Free: 285143K (49%)
----------------- Invoking toplevel() on ptolemy.moml.MoMLSimpleApplication@54a6a8bd
----------------- Done invoking toplevel() on ptolemy.moml.MoMLSimpleApplication@54a6a8bd
reloadAllAccessors: .CausalityInterface14

===========================================================================================
----------------- testing Wed Aug 22 01:57:33 UTC 2018 /home/travis/build/icyphy/ptII/ptolemy/domains/continuous/test/auto/CausalityInterface4.xml
----------------- Instantiating /home/travis/build/icyphy/ptII/ptolemy/domains/continuous/test/auto/CausalityInterface4.xml
3 ms. Memory: 578048K Free: 275297K (48%)
----------------- Invoking toplevel() on ptolemy.moml.MoMLSimpleApplication@5049a6a7
----------------- Done invoking toplevel() on ptolemy.moml.MoMLSimpleApplication@5049a6a7
reloadAllAccessors: .CausalityInterface4

===========================================================================================
----------------- testing Wed Aug 22 01:57:33 UTC 2018 /home/travis/build/icyphy/ptII/ptolemy/domains/continuous/test/auto/CausalityInterface5.xml
----------------- Instantiating /home/travis/build/icyphy/ptII/ptolemy/domains/continuous/test/auto/CausalityInterface5.xml
3 ms. Memory: 578048K Free: 262174K (45%)
----------------- Invoking toplevel() on ptolemy.moml.MoMLSimpleApplication@77bdcba0
----------------- Done invoking toplevel() on ptolemy.moml.MoMLSimpleApplication@77bdcba0
reloadAllAccessors: .CausalityInterface5

===========================================================================================
----------------- testing Wed Aug 22 01:57:33 UTC 2018 /home/travis/build/icyphy/ptII/ptolemy/domains/continuous/test/auto/CausalityInterface6.xml
----------------- Instantiating /home/travis/build/icyphy/ptII/ptolemy/domains/continuous/test/auto/CausalityInterface6.xml
5 ms. Memory: 578048K Free: 249172K (43%)
----------------- Invoking toplevel() on ptolemy.moml.MoMLSimpleApplication@453a3159
----------------- Done invoking toplevel() on ptolemy.moml.MoMLSimpleApplication@453a3159
reloadAllAccessors: .CausalityInterface6

===========================================================================================
----------------- testing Wed Aug 22 01:57:33 UTC 2018 /home/travis/build/icyphy/ptII/ptolemy/domains/continuous/test/auto/CausalityInterface7.xml
----------------- Instantiating /home/travis/build/icyphy/ptII/ptolemy/domains/continuous/test/auto/CausalityInterface7.xml
13 ms. Memory: 578048K Free: 236048K (41%)
----------------- Invoking toplevel() on ptolemy.moml.MoMLSimpleApplication@5ece06e0
----------------- Done invoking toplevel() on ptolemy.moml.MoMLSimpleApplication@5ece06e0
reloadAllAccessors: .CausalityInterface7

===========================================================================================
----------------- testing Wed Aug 22 01:57:33 UTC 2018 /home/travis/build/icyphy/ptII/ptolemy/domains/continuous/test/auto/CausalityInterface8.xml
----------------- Instantiating /home/travis/build/icyphy/ptII/ptolemy/domains/continuous/test/auto/CausalityInterface8.xml
12 ms. Memory: 578048K Free: 222925K (39%)
----------------- Invoking toplevel() on ptolemy.moml.MoMLSimpleApplication@386de49e
----------------- Done invoking toplevel() on ptolemy.moml.MoMLSimpleApplication@386de49e
reloadAllAccessors: .CausalityInterface8

===========================================================================================
----------------- testing Wed Aug 22 01:57:33 UTC 2018 /home/travis/build/icyphy/ptII/ptolemy/domains/continuous/test/auto/CausalityInterface9.xml
----------------- Instantiating /home/travis/build/icyphy/ptII/ptolemy/domains/continuous/test/auto/CausalityInterface9.xml
6 ms. Memory: 578048K Free: 206541K (36%)
----------------- Invoking toplevel() on ptolemy.moml.MoMLSimpleApplication@169d4618
----------------- Done invoking toplevel() on ptolemy.moml.MoMLSimpleApplication@169d4618
reloadAllAccessors: .CausalityInterface9

===========================================================================================
----------------- testing Wed Aug 22 01:57:34 UTC 2018 /home/travis/build/icyphy/ptII/ptolemy/domains/continuous/test/auto/CausalityInterfaceFeedback1.xml
----------------- Instantiating /home/travis/build/icyphy/ptII/ptolemy/domains/continuous/test/auto/CausalityInterfaceFeedback1.xml
6 ms. Memory: 578048K Free: 193547K (33%)
----------------- Invoking toplevel() on ptolemy.moml.MoMLSimpleApplication@7e689276
----------------- Done invoking toplevel() on ptolemy.moml.MoMLSimpleApplication@7e689276
reloadAllAccessors: .CausalityInterfaceFeedback1

===========================================================================================
----------------- testing Wed Aug 22 01:57:34 UTC 2018 /home/travis/build/icyphy/ptII/ptolemy/domains/continuous/test/auto/CausalityInterfaceFeedback2.xml
----------------- Instantiating /home/travis/build/icyphy/ptII/ptolemy/domains/continuous/test/auto/CausalityInterfaceFeedback2.xml
3 ms. Memory: 578048K Free: 183700K (32%)
----------------- Invoking toplevel() on ptolemy.moml.MoMLSimpleApplication@5ffd527
----------------- Done invoking toplevel() on ptolemy.moml.MoMLSimpleApplication@5ffd527
reloadAllAccessors: .CausalityInterfaceFeedback2

===========================================================================================
----------------- testing Wed Aug 22 01:57:34 UTC 2018 /home/travis/build/icyphy/ptII/ptolemy/domains/continuous/test/auto/CompareWithCurrentTime.xml
----------------- Instantiating /home/travis/build/icyphy/ptII/ptolemy/domains/continuous/test/auto/CompareWithCurrentTime.xml
6 ms. Memory: 578048K Free: 177147K (31%)
----------------- Invoking toplevel() on ptolemy.moml.MoMLSimpleApplication@61b446e8
----------------- Done invoking toplevel() on ptolemy.moml.MoMLSimpleApplication@61b446e8
reloadAllAccessors: .CompareWithCurrentTime

===========================================================================================
----------------- testing Wed Aug 22 01:57:34 UTC 2018 /home/travis/build/icyphy/ptII/ptolemy/domains/continuous/test/auto/ComparedClocks.xml
----------------- Instantiating /home/travis/build/icyphy/ptII/ptolemy/domains/continuous/test/auto/ComparedClocks.xml
7 ms. Memory: 578048K Free: 147631K (26%)
----------------- Invoking toplevel() on ptolemy.moml.MoMLSimpleApplication@685db9d7
----------------- Done invoking toplevel() on ptolemy.moml.MoMLSimpleApplication@685db9d7
reloadAllAccessors: .ComparedClocks

===========================================================================================
----------------- testing Wed Aug 22 01:57:34 UTC 2018 /home/travis/build/icyphy/ptII/ptolemy/domains/continuous/test/auto/ContinuousAOCClone.xml
----------------- Instantiating /home/travis/build/icyphy/ptII/ptolemy/domains/continuous/test/auto/ContinuousAOCClone.xml
2351 ms. Memory: 872960K Free: 389448K (45%)
----------------- Invoking toplevel() on ptolemy.moml.MoMLSimpleApplication@46c1f8c3
----------------- Done invoking toplevel() on ptolemy.moml.MoMLSimpleApplication@46c1f8c3
reloadAllAccessors: .ContinuousAOCClone

===========================================================================================
----------------- testing Wed Aug 22 01:57:36 UTC 2018 /home/travis/build/icyphy/ptII/ptolemy/domains/continuous/test/auto/ContinuousClock.xml
----------------- Instantiating /home/travis/build/icyphy/ptII/ptolemy/domains/continuous/test/auto/ContinuousClock.xml
34 ms. Memory: 872960K Free: 354916K (41%)
----------------- Invoking toplevel() on ptolemy.moml.MoMLSimpleApplication@59796fa
----------------- Done invoking toplevel() on ptolemy.moml.MoMLSimpleApplication@59796fa
reloadAllAccessors: .ContinuousClock

===========================================================================================
----------------- testing Wed Aug 22 01:57:36 UTC 2018 /home/travis/build/icyphy/ptII/ptolemy/domains/continuous/test/auto/ContinuousInContinuous.xml
----------------- Instantiating /home/travis/build/icyphy/ptII/ptolemy/domains/continuous/test/auto/ContinuousInContinuous.xml
43 ms. Memory: 872960K Free: 327361K (38%)
----------------- Invoking toplevel() on ptolemy.moml.MoMLSimpleApplication@3e14d09
----------------- Done invoking toplevel() on ptolemy.moml.MoMLSimpleApplication@3e14d09
reloadAllAccessors: .ContinuousInContinuous

===========================================================================================
----------------- testing Wed Aug 22 01:57:36 UTC 2018 /home/travis/build/icyphy/ptII/ptolemy/domains/continuous/test/auto/ContinuousInContinuousInContinuous.xml
----------------- Instantiating /home/travis/build/icyphy/ptII/ptolemy/domains/continuous/test/auto/ContinuousInContinuousInContinuous.xml
7 ms. Memory: 872960K Free: 315556K (36%)
----------------- Invoking toplevel() on ptolemy.moml.MoMLSimpleApplication@211def1a
----------------- Done invoking toplevel() on ptolemy.moml.MoMLSimpleApplication@211def1a
reloadAllAccessors: .ContinuousInContinuousInContinuous

===========================================================================================
----------------- testing Wed Aug 22 01:57:37 UTC 2018 /home/travis/build/icyphy/ptII/ptolemy/domains/continuous/test/auto/ContinuousInDE.xml
----------------- Instantiating /home/travis/build/icyphy/ptII/ptolemy/domains/continuous/test/auto/ContinuousInDE.xml
103 ms. Memory: 872960K Free: 299822K (34%)
----------------- Invoking toplevel() on ptolemy.moml.MoMLSimpleApplication@20a4a132
----------------- Done invoking toplevel() on ptolemy.moml.MoMLSimpleApplication@20a4a132
reloadAllAccessors: .ContinuousInDE

===========================================================================================
----------------- testing Wed Aug 22 01:57:37 UTC 2018 /home/travis/build/icyphy/ptII/ptolemy/domains/continuous/test/auto/ContinuousInDE2.xml
----------------- Instantiating /home/travis/build/icyphy/ptII/ptolemy/domains/continuous/test/auto/ContinuousInDE2.xml
37 ms. Memory: 872960K Free: 280658K (32%)
----------------- Invoking toplevel() on ptolemy.moml.MoMLSimpleApplication@3a16cd6a
----------------- Done invoking toplevel() on ptolemy.moml.MoMLSimpleApplication@3a16cd6a
reloadAllAccessors: .ContinuousInDE2

===========================================================================================
----------------- testing Wed Aug 22 01:57:37 UTC 2018 /home/travis/build/icyphy/ptII/ptolemy/domains/continuous/test/auto/ContinuousInDE3.xml
----------------- Instantiating /home/travis/build/icyphy/ptII/ptolemy/domains/continuous/test/auto/ContinuousInDE3.xml
36 ms. Memory: 872960K Free: 264924K (30%)
----------------- Invoking toplevel() on ptolemy.moml.MoMLSimpleApplication@47a3b6d7
----------------- Done invoking toplevel() on ptolemy.moml.MoMLSimpleApplication@47a3b6d7
reloadAllAccessors: .ContinuousInDE3

===========================================================================================
----------------- testing Wed Aug 22 01:57:37 UTC 2018 /home/travis/build/icyphy/ptII/ptolemy/domains/continuous/test/auto/ContinuousInDE4.xml
----------------- Instantiating /home/travis/build/icyphy/ptII/ptolemy/domains/continuous/test/auto/ContinuousInDE4.xml
16 ms. Memory: 872960K Free: 253134K (29%)
----------------- Invoking toplevel() on ptolemy.moml.MoMLSimpleApplication@3fe5deca
----------------- Done invoking toplevel() on ptolemy.moml.MoMLSimpleApplication@3fe5deca
reloadAllAccessors: .ContinuousInDE4

===========================================================================================
----------------- testing Wed Aug 22 01:57:37 UTC 2018 /home/travis/build/icyphy/ptII/ptolemy/domains/continuous/test/auto/ContinuousInDEDifferentRefinements.xml
----------------- Instantiating /home/travis/build/icyphy/ptII/ptolemy/domains/continuous/test/auto/ContinuousInDEDifferentRefinements.xml
60 ms. Memory: 872960K Free: 217680K (25%)
----------------- Invoking toplevel() on ptolemy.moml.MoMLSimpleApplication@2cbea53e
----------------- Done invoking toplevel() on ptolemy.moml.MoMLSimpleApplication@2cbea53e
reloadAllAccessors: .ContinuousInDEDifferentRefinements

===========================================================================================
----------------- testing Wed Aug 22 01:57:37 UTC 2018 /home/travis/build/icyphy/ptII/ptolemy/domains/continuous/test/auto/ContinuousInDEDifferentRefinementsPreemptive.xml
----------------- Instantiating /home/travis/build/icyphy/ptII/ptolemy/domains/continuous/test/auto/ContinuousInDEDifferentRefinementsPreemptive.xml
42 ms. Memory: 872960K Free: 178836K (20%)
----------------- Invoking toplevel() on ptolemy.moml.MoMLSimpleApplication@3d9f5fa4
----------------- Done invoking toplevel() on ptolemy.moml.MoMLSimpleApplication@3d9f5fa4
reloadAllAccessors: .ContinuousInDEDifferentRefinementsPreemptive

===========================================================================================
----------------- testing Wed Aug 22 01:57:37 UTC 2018 /home/travis/build/icyphy/ptII/ptolemy/domains/continuous/test/auto/ContinuousInDEInContinuous2.xml
----------------- Instantiating /home/travis/build/icyphy/ptII/ptolemy/domains/continuous/test/auto/ContinuousInDEInContinuous2.xml
35 ms. Memory: 872960K Free: 159172K (18%)
----------------- Invoking toplevel() on ptolemy.moml.MoMLSimpleApplication@40a3f1f9
----------------- Done invoking toplevel() on ptolemy.moml.MoMLSimpleApplication@40a3f1f9
reloadAllAccessors: .ContinuousInDEInContinuous2

===========================================================================================
----------------- testing Wed Aug 22 01:57:37 UTC 2018 /home/travis/build/icyphy/ptII/ptolemy/domains/continuous/test/auto/ContinuousInDEInContinuous3.xml
----------------- Instantiating /home/travis/build/icyphy/ptII/ptolemy/domains/continuous/test/auto/ContinuousInDEInContinuous3.xml
34 ms. Memory: 872960K Free: 139491K (16%)
----------------- Invoking toplevel() on ptolemy.moml.MoMLSimpleApplication@3492d9ea
----------------- Done invoking toplevel() on ptolemy.moml.MoMLSimpleApplication@3492d9ea
reloadAllAccessors: .ContinuousInDEInContinuous3

===========================================================================================
----------------- testing Wed Aug 22 01:57:37 UTC 2018 /home/travis/build/icyphy/ptII/ptolemy/domains/continuous/test/auto/ContinuousInDEInput.xml
----------------- Instantiating /home/travis/build/icyphy/ptII/ptolemy/domains/continuous/test/auto/ContinuousInDEInput.xml
24 ms. Memory: 872960K Free: 127687K (15%)
----------------- Invoking toplevel() on ptolemy.moml.MoMLSimpleApplication@50c2af3e
----------------- Done invoking toplevel() on ptolemy.moml.MoMLSimpleApplication@50c2af3e
reloadAllAccessors: .ContinuousInDEInput

===========================================================================================
----------------- testing Wed Aug 22 01:57:37 UTC 2018 /home/travis/build/icyphy/ptII/ptolemy/domains/continuous/test/auto/ContinuousInDEInput2.xml
----------------- Instantiating /home/travis/build/icyphy/ptII/ptolemy/domains/continuous/test/auto/ContinuousInDEInput2.xml
15 ms. Memory: 872960K Free: 112461K (13%)
----------------- Invoking toplevel() on ptolemy.moml.MoMLSimpleApplication@75f7bcf3
----------------- Done invoking toplevel() on ptolemy.moml.MoMLSimpleApplication@75f7bcf3
reloadAllAccessors: .ContinuousInDEInput2

===========================================================================================
----------------- testing Wed Aug 22 01:57:37 UTC 2018 /home/travis/build/icyphy/ptII/ptolemy/domains/continuous/test/auto/ContinuousInDEInput3.xml
----------------- Instantiating /home/travis/build/icyphy/ptII/ptolemy/domains/continuous/test/auto/ContinuousInDEInput3.xml
16 ms. Memory: 872960K Free: 100672K (12%)
----------------- Invoking toplevel() on ptolemy.moml.MoMLSimpleApplication@4dd038d3
----------------- Done invoking toplevel() on ptolemy.moml.MoMLSimpleApplication@4dd038d3
reloadAllAccessors: .ContinuousInDEInput3

===========================================================================================
----------------- testing Wed Aug 22 01:57:37 UTC 2018 /home/travis/build/icyphy/ptII/ptolemy/domains/continuous/test/auto/ContinuousInDESharingRefinement.xml
----------------- Instantiating /home/travis/build/icyphy/ptII/ptolemy/domains/continuous/test/auto/ContinuousInDESharingRefinement.xml
158 ms. Memory: 873472K Free: 786634K (90%)
----------------- Invoking toplevel() on ptolemy.moml.MoMLSimpleApplication@786ab070
----------------- Done invoking toplevel() on ptolemy.moml.MoMLSimpleApplication@786ab070
reloadAllAccessors: .ContinuousInDESharingRefinement

===========================================================================================
----------------- testing Wed Aug 22 01:57:37 UTC 2018 /home/travis/build/icyphy/ptII/ptolemy/domains/continuous/test/auto/ContinuousInDEwithNoPorts.xml
----------------- Instantiating /home/travis/build/icyphy/ptII/ptolemy/domains/continuous/test/auto/ContinuousInDEwithNoPorts.xml
5 ms. Memory: 873472K Free: 774427K (89%)
----------------- Invoking toplevel() on ptolemy.moml.MoMLSimpleApplication@15a4fbeb
----------------- Done invoking toplevel() on ptolemy.moml.MoMLSimpleApplication@15a4fbeb
reloadAllAccessors: .ContinuousInDEwithNoPorts

===========================================================================================
----------------- testing Wed Aug 22 01:57:37 UTC 2018 /home/travis/build/icyphy/ptII/ptolemy/domains/continuous/test/auto/ContinuousInsideDE.xml
----------------- Instantiating /home/travis/build/icyphy/ptII/ptolemy/domains/continuous/test/auto/ContinuousInsideDE.xml
54 ms. Memory: 873472K Free: 754779K (86%)
----------------- Invoking toplevel() on ptolemy.moml.MoMLSimpleApplication@147e5cd
----------------- Done invoking toplevel() on ptolemy.moml.MoMLSimpleApplication@147e5cd
reloadAllAccessors: .ContinuousInsideDE

===========================================================================================
----------------- testing Wed Aug 22 01:57:38 UTC 2018 /home/travis/build/icyphy/ptII/ptolemy/domains/continuous/test/auto/ContinuousMerge1.xml
----------------- Instantiating /home/travis/build/icyphy/ptII/ptolemy/domains/continuous/test/auto/ContinuousMerge1.xml
3 ms. Memory: 873472K Free: 744615K (85%)
----------------- Invoking toplevel() on ptolemy.moml.MoMLSimpleApplication@69a6867f
----------------- Done invoking toplevel() on ptolemy.moml.MoMLSimpleApplication@69a6867f
reloadAllAccessors: .ContinuousMerge1

===========================================================================================
----------------- testing Wed Aug 22 01:57:38 UTC 2018 /home/travis/build/icyphy/ptII/ptolemy/domains/continuous/test/auto/ContinuousMerge2.xml
----------------- Instantiating /home/travis/build/icyphy/ptII/ptolemy/domains/continuous/test/auto/ContinuousMerge2.xml
14 ms. Memory: 873472K Free: 728702K (83%)
----------------- Invoking toplevel() on ptolemy.moml.MoMLSimpleApplication@62e55716
----------------- Done invoking toplevel() on ptolemy.moml.MoMLSimpleApplication@62e55716
reloadAllAccessors: .ContinuousMerge2

===========================================================================================
----------------- testing Wed Aug 22 01:57:38 UTC 2018 /home/travis/build/icyphy/ptII/ptolemy/domains/continuous/test/auto/ContinuousMerge3.xml
----------------- Instantiating /home/travis/build/icyphy/ptII/ptolemy/domains/continuous/test/auto/ContinuousMerge3.xml
45 ms. Memory: 873472K Free: 712967K (82%)
----------------- Invoking toplevel() on ptolemy.moml.MoMLSimpleApplication@60cf1184
----------------- Done invoking toplevel() on ptolemy.moml.MoMLSimpleApplication@60cf1184
reloadAllAccessors: .ContinuousMerge3

===========================================================================================
----------------- testing Wed Aug 22 01:57:38 UTC 2018 /home/travis/build/icyphy/ptII/ptolemy/domains/continuous/test/auto/ContinuousWithinContinuous.xml
----------------- Instantiating /home/travis/build/icyphy/ptII/ptolemy/domains/continuous/test/auto/ContinuousWithinContinuous.xml
38 ms. Memory: 873472K Free: 694944K (80%)
----------------- Invoking toplevel() on ptolemy.moml.MoMLSimpleApplication@3052b0bb
----------------- Done invoking toplevel() on ptolemy.moml.MoMLSimpleApplication@3052b0bb
reloadAllAccessors: .ContinuousWithinContinuous

===========================================================================================
----------------- testing Wed Aug 22 01:57:38 UTC 2018 /home/travis/build/icyphy/ptII/ptolemy/domains/continuous/test/auto/ContinuousWithinContinuous2.xml
----------------- Instantiating /home/travis/build/icyphy/ptII/ptolemy/domains/continuous/test/auto/ContinuousWithinContinuous2.xml
77 ms. Memory: 873472K Free: 683155K (78%)
----------------- Invoking toplevel() on ptolemy.moml.MoMLSimpleApplication@52c3687b
----------------- Done invoking toplevel() on ptolemy.moml.MoMLSimpleApplication@52c3687b
reloadAllAccessors: .ContinuousWithinContinuous2

===========================================================================================
----------------- testing Wed Aug 22 01:57:38 UTC 2018 /home/travis/build/icyphy/ptII/ptolemy/domains/continuous/test/auto/ContinuousWithinContinuous3.xml
----------------- Instantiating /home/travis/build/icyphy/ptII/ptolemy/domains/continuous/test/auto/ContinuousWithinContinuous3.xml
19 ms. Memory: 873472K Free: 671350K (77%)
----------------- Invoking toplevel() on ptolemy.moml.MoMLSimpleApplication@4b2fce00
----------------- Done invoking toplevel() on ptolemy.moml.MoMLSimpleApplication@4b2fce00
reloadAllAccessors: .ContinuousWithinContinuous3

===========================================================================================
----------------- testing Wed Aug 22 01:57:38 UTC 2018 /home/travis/build/icyphy/ptII/ptolemy/domains/continuous/test/auto/ContinuousWithinContinuous4.xml
----------------- Instantiating /home/travis/build/icyphy/ptII/ptolemy/domains/continuous/test/auto/ContinuousWithinContinuous4.xml
68 ms. Memory: 873472K Free: 649382K (74%)
----------------- Invoking toplevel() on ptolemy.moml.MoMLSimpleApplication@308e7921
----------------- Done invoking toplevel() on ptolemy.moml.MoMLSimpleApplication@308e7921
reloadAllAccessors: .ContinuousWithinContinuous4

===========================================================================================
----------------- testing Wed Aug 22 01:57:38 UTC 2018 /home/travis/build/icyphy/ptII/ptolemy/domains/continuous/test/auto/ContinuousWithinContinuous5.xml
----------------- Instantiating /home/travis/build/icyphy/ptII/ptolemy/domains/continuous/test/auto/ContinuousWithinContinuous5.xml
18 ms. Memory: 873472K Free: 637593K (73%)
----------------- Invoking toplevel() on ptolemy.moml.MoMLSimpleApplication@7b0392c9
----------------- Done invoking toplevel() on ptolemy.moml.MoMLSimpleApplication@7b0392c9
reloadAllAccessors: .ContinuousWithinContinuous5

===========================================================================================
----------------- testing Wed Aug 22 01:57:38 UTC 2018 /home/travis/build/icyphy/ptII/ptolemy/domains/continuous/test/auto/ContinuousWithinContinuous6.xml
----------------- Instantiating /home/travis/build/icyphy/ptII/ptolemy/domains/continuous/test/auto/ContinuousWithinContinuous6.xml
12 ms. Memory: 873472K Free: 625788K (72%)
----------------- Invoking toplevel() on ptolemy.moml.MoMLSimpleApplication@29336c96
----------------- Done invoking toplevel() on ptolemy.moml.MoMLSimpleApplication@29336c96
reloadAllAccessors: .ContinuousWithinContinuous6

===========================================================================================
----------------- testing Wed Aug 22 01:57:38 UTC 2018 /home/travis/build/icyphy/ptII/ptolemy/domains/continuous/test/auto/ContinuousWithinContinuous7.xml
----------------- Instantiating /home/travis/build/icyphy/ptII/ptolemy/domains/continuous/test/auto/ContinuousWithinContinuous7.xml
56 ms. Memory: 873472K Free: 611695K (70%)
----------------- Invoking toplevel() on ptolemy.moml.MoMLSimpleApplication@4da2f1ab
----------------- Done invoking toplevel() on ptolemy.moml.MoMLSimpleApplication@4da2f1ab
reloadAllAccessors: .ContinuousWithinContinuous7

===========================================================================================
----------------- testing Wed Aug 22 01:57:38 UTC 2018 /home/travis/build/icyphy/ptII/ptolemy/domains/continuous/test/auto/DCMotor.xml
----------------- Instantiating /home/travis/build/icyphy/ptII/ptolemy/domains/continuous/test/auto/DCMotor.xml
12358 ms. Memory: 734720K Free: 85440K (12%)
----------------- Invoking toplevel() on ptolemy.moml.MoMLSimpleApplication@929005f
----------------- Done invoking toplevel() on ptolemy.moml.MoMLSimpleApplication@929005f
reloadAllAccessors: .DCMotor

===========================================================================================
----------------- testing Wed Aug 22 01:57:51 UTC 2018 /home/travis/build/icyphy/ptII/ptolemy/domains/continuous/test/auto/DEInContinuous.xml
----------------- Instantiating /home/travis/build/icyphy/ptII/ptolemy/domains/continuous/test/auto/DEInContinuous.xml
23 ms. Memory: 697344K Free: 680606K (98%)
----------------- Invoking toplevel() on ptolemy.moml.MoMLSimpleApplication@527cf18e
----------------- Done invoking toplevel() on ptolemy.moml.MoMLSimpleApplication@527cf18e
reloadAllAccessors: .DEInContinuous

===========================================================================================
----------------- testing Wed Aug 22 01:57:51 UTC 2018 /home/travis/build/icyphy/ptII/ptolemy/domains/continuous/test/auto/DEinContinuous2.xml
----------------- Instantiating /home/travis/build/icyphy/ptII/ptolemy/domains/continuous/test/auto/DEinContinuous2.xml
8 ms. Memory: 697344K Free: 657428K (94%)
----------------- Invoking toplevel() on ptolemy.moml.MoMLSimpleApplication@f71105f
----------------- Done invoking toplevel() on ptolemy.moml.MoMLSimpleApplication@f71105f
reloadAllAccessors: .DEinContinuous2

===========================================================================================
----------------- testing Wed Aug 22 01:57:51 UTC 2018 /home/travis/build/icyphy/ptII/ptolemy/domains/continuous/test/auto/Derivative.xml
----------------- Instantiating /home/travis/build/icyphy/ptII/ptolemy/domains/continuous/test/auto/Derivative.xml
158 ms. Memory: 697344K Free: 619568K (89%)
----------------- Invoking toplevel() on ptolemy.moml.MoMLSimpleApplication@47babcb8
----------------- Done invoking toplevel() on ptolemy.moml.MoMLSimpleApplication@47babcb8
reloadAllAccessors: .Derivative2

===========================================================================================
----------------- testing Wed Aug 22 01:57:51 UTC 2018 /home/travis/build/icyphy/ptII/ptolemy/domains/continuous/test/auto/Derivative1.xml
----------------- Instantiating /home/travis/build/icyphy/ptII/ptolemy/domains/continuous/test/auto/Derivative1.xml
31 ms. Memory: 697344K Free: 600288K (86%)
----------------- Invoking toplevel() on ptolemy.moml.MoMLSimpleApplication@52e0cfb0
----------------- Done invoking toplevel() on ptolemy.moml.MoMLSimpleApplication@52e0cfb0
reloadAllAccessors: .Derivative1

===========================================================================================
----------------- testing Wed Aug 22 01:57:51 UTC 2018 /home/travis/build/icyphy/ptII/ptolemy/domains/continuous/test/auto/DiscreteClock.xml
----------------- Instantiating /home/travis/build/icyphy/ptII/ptolemy/domains/continuous/test/auto/DiscreteClock.xml
4 ms. Memory: 697344K Free: 587168K (84%)
----------------- Invoking toplevel() on ptolemy.moml.MoMLSimpleApplication@43dfda32
----------------- Done invoking toplevel() on ptolemy.moml.MoMLSimpleApplication@43dfda32
reloadAllAccessors: .DiscreteClock

===========================================================================================
----------------- testing Wed Aug 22 01:57:51 UTC 2018 /home/travis/build/icyphy/ptII/ptolemy/domains/continuous/test/auto/EfficiencyCurve.xml
----------------- Instantiating /home/travis/build/icyphy/ptII/ptolemy/domains/continuous/test/auto/EfficiencyCurve.xml
77 ms. Memory: 697344K Free: 574047K (82%)
----------------- Invoking toplevel() on ptolemy.moml.MoMLSimpleApplication@fa28509
----------------- Done invoking toplevel() on ptolemy.moml.MoMLSimpleApplication@fa28509
reloadAllAccessors: .EfficiencyCurve

===========================================================================================
----------------- testing Wed Aug 22 01:57:51 UTC 2018 /home/travis/build/icyphy/ptII/ptolemy/domains/continuous/test/auto/ExponentialResponse.xml
----------------- Instantiating /home/travis/build/icyphy/ptII/ptolemy/domains/continuous/test/auto/ExponentialResponse.xml
94 ms. Memory: 697344K Free: 542449K (78%)
----------------- Invoking toplevel() on ptolemy.moml.MoMLSimpleApplication@44ef34d4
----------------- Done invoking toplevel() on ptolemy.moml.MoMLSimpleApplication@44ef34d4
reloadAllAccessors: .ExponentialResponse

===========================================================================================
----------------- testing Wed Aug 22 01:57:51 UTC 2018 /home/travis/build/icyphy/ptII/ptolemy/domains/continuous/test/auto/ExponentialResponseRK45.xml
----------------- Instantiating /home/travis/build/icyphy/ptII/ptolemy/domains/continuous/test/auto/ExponentialResponseRK45.xml
28 ms. Memory: 697344K Free: 529328K (76%)
----------------- Invoking toplevel() on ptolemy.moml.MoMLSimpleApplication@64d6fd4f
----------------- Done invoking toplevel() on ptolemy.moml.MoMLSimpleApplication@64d6fd4f
reloadAllAccessors: .ExponentialResponseRK45

===========================================================================================
----------------- testing Wed Aug 22 01:57:51 UTC 2018 /home/travis/build/icyphy/ptII/ptolemy/domains/continuous/test/auto/Friction.xml
----------------- Instantiating /home/travis/build/icyphy/ptII/ptolemy/domains/continuous/test/auto/Friction.xml
1316 ms. Memory: 697344K Free: 78282K (11%)
----------------- Invoking toplevel() on ptolemy.moml.MoMLSimpleApplication@1e39bfa2
----------------- Done invoking toplevel() on ptolemy.moml.MoMLSimpleApplication@1e39bfa2
reloadAllAccessors: .Friction

===========================================================================================
----------------- testing Wed Aug 22 01:57:53 UTC 2018 /home/travis/build/icyphy/ptII/ptolemy/domains/continuous/test/auto/FurutaPendulum.xml
----------------- Instantiating /home/travis/build/icyphy/ptII/ptolemy/domains/continuous/test/auto/FurutaPendulum.xml
3123 ms. Memory: 674816K Free: 144922K (21%)
----------------- Invoking toplevel() on ptolemy.moml.MoMLSimpleApplication@59d52d69
----------------- Done invoking toplevel() on ptolemy.moml.MoMLSimpleApplication@59d52d69
reloadAllAccessors: .FurutaPendulum

===========================================================================================
----------------- testing Wed Aug 22 01:57:56 UTC 2018 /home/travis/build/icyphy/ptII/ptolemy/domains/continuous/test/auto/HierarchicalExecution.xml
----------------- Instantiating /home/travis/build/icyphy/ptII/ptolemy/domains/continuous/test/auto/HierarchicalExecution.xml
1740 ms. Memory: 646656K Free: 398008K (62%)
----------------- Invoking toplevel() on ptolemy.moml.MoMLSimpleApplication@6cc05152
----------------- Done invoking toplevel() on ptolemy.moml.MoMLSimpleApplication@6cc05152
reloadAllAccessors: .HierarchicalExecution

===========================================================================================
----------------- testing Wed Aug 22 01:57:58 UTC 2018 /home/travis/build/icyphy/ptII/ptolemy/domains/continuous/test/auto/HybridPlant.xml
----------------- Instantiating /home/travis/build/icyphy/ptII/ptolemy/domains/continuous/test/auto/HybridPlant.xml
483 ms. Memory: 646656K Free: 124243K (19%)
----------------- Invoking toplevel() on ptolemy.moml.MoMLSimpleApplication@1dd68b7a
----------------- Done invoking toplevel() on ptolemy.moml.MoMLSimpleApplication@1dd68b7a
reloadAllAccessors: .HybridPlant

===========================================================================================
----------------- testing Wed Aug 22 01:57:59 UTC 2018 /home/travis/build/icyphy/ptII/ptolemy/domains/continuous/test/auto/Hysteresis.xml
----------------- Instantiating /home/travis/build/icyphy/ptII/ptolemy/domains/continuous/test/auto/Hysteresis.xml
150 ms. Memory: 618496K Free: 579835K (94%)
----------------- Invoking toplevel() on ptolemy.moml.MoMLSimpleApplication@607a00be
----------------- Done invoking toplevel() on ptolemy.moml.MoMLSimpleApplication@607a00be
reloadAllAccessors: .Hysteresis

===========================================================================================
----------------- testing Wed Aug 22 01:57:59 UTC 2018 /home/travis/build/icyphy/ptII/ptolemy/domains/continuous/test/auto/HysteresisWithRandomDelay.xml
----------------- Instantiating /home/travis/build/icyphy/ptII/ptolemy/domains/continuous/test/auto/HysteresisWithRandomDelay.xml
155 ms. Memory: 618496K Free: 499472K (81%)
----------------- Invoking toplevel() on ptolemy.moml.MoMLSimpleApplication@60f2ef00
----------------- Done invoking toplevel() on ptolemy.moml.MoMLSimpleApplication@60f2ef00
reloadAllAccessors: .HysteresisWithRandomDelay

===========================================================================================
----------------- testing Wed Aug 22 01:57:59 UTC 2018 /home/travis/build/icyphy/ptII/ptolemy/domains/continuous/test/auto/HysteresisWithRandomLosses.xml
----------------- Instantiating /home/travis/build/icyphy/ptII/ptolemy/domains/continuous/test/auto/HysteresisWithRandomLosses.xml
2119 ms. Memory: 591872K Free: 239712K (41%)
----------------- Invoking toplevel() on ptolemy.moml.MoMLSimpleApplication@92ba68a
----------------- Done invoking toplevel() on ptolemy.moml.MoMLSimpleApplication@92ba68a
reloadAllAccessors: .HysteresisWithRandomLosses

===========================================================================================
----------------- testing Wed Aug 22 01:58:01 UTC 2018 /home/travis/build/icyphy/ptII/ptolemy/domains/continuous/test/auto/ImmediateTransitions.xml
----------------- Instantiating /home/travis/build/icyphy/ptII/ptolemy/domains/continuous/test/auto/ImmediateTransitions.xml
8 ms. Memory: 591872K Free: 224571K (38%)
----------------- Invoking toplevel() on ptolemy.moml.MoMLSimpleApplication@3bf5a34a
----------------- Done invoking toplevel() on ptolemy.moml.MoMLSimpleApplication@3bf5a34a
reloadAllAccessors: .ImmediateTransitions

===========================================================================================
----------------- testing Wed Aug 22 01:58:01 UTC 2018 /home/travis/build/icyphy/ptII/ptolemy/domains/continuous/test/auto/ImpulseFeedback.xml
----------------- Instantiating /home/travis/build/icyphy/ptII/ptolemy/domains/continuous/test/auto/ImpulseFeedback.xml
5 ms. Memory: 591872K Free: 216023K (36%)
----------------- Invoking toplevel() on ptolemy.moml.MoMLSimpleApplication@24057802
----------------- Done invoking toplevel() on ptolemy.moml.MoMLSimpleApplication@24057802
reloadAllAccessors: .ImpulseFeedback

===========================================================================================
----------------- testing Wed Aug 22 01:58:01 UTC 2018 /home/travis/build/icyphy/ptII/ptolemy/domains/continuous/test/auto/ImpulseFeedback2.xml
----------------- Instantiating /home/travis/build/icyphy/ptII/ptolemy/domains/continuous/test/auto/ImpulseFeedback2.xml
7 ms. Memory: 591872K Free: 207635K (35%)
----------------- Invoking toplevel() on ptolemy.moml.MoMLSimpleApplication@88d38c3
----------------- Done invoking toplevel() on ptolemy.moml.MoMLSimpleApplication@88d38c3
reloadAllAccessors: .ImpulseFeedback2

===========================================================================================
----------------- testing Wed Aug 22 01:58:01 UTC 2018 /home/travis/build/icyphy/ptII/ptolemy/domains/continuous/test/auto/IncreasingRatePoisson.xml
----------------- Instantiating /home/travis/build/icyphy/ptII/ptolemy/domains/continuous/test/auto/IncreasingRatePoisson.xml
694 ms. Memory: 565760K Free: 355860K (63%)
----------------- Invoking toplevel() on ptolemy.moml.MoMLSimpleApplication@7698259c
----------------- Done invoking toplevel() on ptolemy.moml.MoMLSimpleApplication@7698259c
reloadAllAccessors: .IncreasingRatePoisson

===========================================================================================
----------------- testing Wed Aug 22 01:58:02 UTC 2018 /home/travis/build/icyphy/ptII/ptolemy/domains/continuous/test/auto/InitialStateFeedback.xml
----------------- Instantiating /home/travis/build/icyphy/ptII/ptolemy/domains/continuous/test/auto/InitialStateFeedback.xml
9 ms. Memory: 565760K Free: 346352K (61%)
----------------- Invoking toplevel() on ptolemy.moml.MoMLSimpleApplication@1b24478b
----------------- Done invoking toplevel() on ptolemy.moml.MoMLSimpleApplication@1b24478b
reloadAllAccessors: .InitialStateFeedback

===========================================================================================
----------------- testing Wed Aug 22 01:58:02 UTC 2018 /home/travis/build/icyphy/ptII/ptolemy/domains/continuous/test/auto/Integration.xml
----------------- Instantiating /home/travis/build/icyphy/ptII/ptolemy/domains/continuous/test/auto/Integration.xml
1 ms. Memory: 565760K Free: 338248K (60%)
----------------- Invoking toplevel() on ptolemy.moml.MoMLSimpleApplication@52520949
----------------- Done invoking toplevel() on ptolemy.moml.MoMLSimpleApplication@52520949
reloadAllAccessors: .Integration

===========================================================================================
----------------- testing Wed Aug 22 01:58:02 UTC 2018 /home/travis/build/icyphy/ptII/ptolemy/domains/continuous/test/auto/Integration2.xml
----------------- Instantiating /home/travis/build/icyphy/ptII/ptolemy/domains/continuous/test/auto/Integration2.xml
74 ms. Memory: 565760K Free: 320474K (57%)
----------------- Invoking toplevel() on ptolemy.moml.MoMLSimpleApplication@2b710c50
----------------- Done invoking toplevel() on ptolemy.moml.MoMLSimpleApplication@2b710c50
reloadAllAccessors: .Integration2

===========================================================================================
----------------- testing Wed Aug 22 01:58:02 UTC 2018 /home/travis/build/icyphy/ptII/ptolemy/domains/continuous/test/auto/Integration3.xml
----------------- Instantiating /home/travis/build/icyphy/ptII/ptolemy/domains/continuous/test/auto/Integration3.xml
2 ms. Memory: 565760K Free: 312385K (55%)
----------------- Invoking toplevel() on ptolemy.moml.MoMLSimpleApplication@7a2d4995
----------------- Done invoking toplevel() on ptolemy.moml.MoMLSimpleApplication@7a2d4995
reloadAllAccessors: .Integration3

===========================================================================================
----------------- testing Wed Aug 22 01:58:02 UTC 2018 /home/travis/build/icyphy/ptII/ptolemy/domains/continuous/test/auto/Integration5.xml
----------------- Instantiating /home/travis/build/icyphy/ptII/ptolemy/domains/continuous/test/auto/Integration5.xml
2 ms. Memory: 565760K Free: 304179K (54%)
----------------- Invoking toplevel() on ptolemy.moml.MoMLSimpleApplication@50ea0e5c
----------------- Done invoking toplevel() on ptolemy.moml.MoMLSimpleApplication@50ea0e5c
reloadAllAccessors: .Integration5

===========================================================================================
----------------- testing Wed Aug 22 01:58:02 UTC 2018 /home/travis/build/icyphy/ptII/ptolemy/domains/continuous/test/auto/IntegratorImpulse.xml
----------------- Instantiating /home/travis/build/icyphy/ptII/ptolemy/domains/continuous/test/auto/IntegratorImpulse.xml
2 ms. Memory: 565760K Free: 296092K (52%)
----------------- Invoking toplevel() on ptolemy.moml.MoMLSimpleApplication@5dbb8a06
----------------- Done invoking toplevel() on ptolemy.moml.MoMLSimpleApplication@5dbb8a06
reloadAllAccessors: .IntegratorImpulse

===========================================================================================
----------------- testing Wed Aug 22 01:58:02 UTC 2018 /home/travis/build/icyphy/ptII/ptolemy/domains/continuous/test/auto/IntegratorImpulse2.xml
----------------- Instantiating /home/travis/build/icyphy/ptII/ptolemy/domains/continuous/test/auto/IntegratorImpulse2.xml
3 ms. Memory: 565760K Free: 287988K (51%)
----------------- Invoking toplevel() on ptolemy.moml.MoMLSimpleApplication@2866d8ab
----------------- Done invoking toplevel() on ptolemy.moml.MoMLSimpleApplication@2866d8ab
reloadAllAccessors: .IntegratorImpulse2

===========================================================================================
----------------- testing Wed Aug 22 01:58:02 UTC 2018 /home/travis/build/icyphy/ptII/ptolemy/domains/continuous/test/auto/LevelCrossing1.xml
----------------- Instantiating /home/travis/build/icyphy/ptII/ptolemy/domains/continuous/test/auto/LevelCrossing1.xml
2 ms. Memory: 565760K Free: 279759K (49%)
----------------- Invoking toplevel() on ptolemy.moml.MoMLSimpleApplication@3eb6afab
----------------- Done invoking toplevel() on ptolemy.moml.MoMLSimpleApplication@3eb6afab
reloadAllAccessors: .LevelCrossing1

===========================================================================================
----------------- testing Wed Aug 22 01:58:02 UTC 2018 /home/travis/build/icyphy/ptII/ptolemy/domains/continuous/test/auto/LevelCrossing2.xml
----------------- Instantiating /home/travis/build/icyphy/ptII/ptolemy/domains/continuous/test/auto/LevelCrossing2.xml
3 ms. Memory: 565760K Free: 271656K (48%)
----------------- Invoking toplevel() on ptolemy.moml.MoMLSimpleApplication@7070167f
----------------- Done invoking toplevel() on ptolemy.moml.MoMLSimpleApplication@7070167f
reloadAllAccessors: .LevelCrossing2

===========================================================================================
----------------- testing Wed Aug 22 01:58:02 UTC 2018 /home/travis/build/icyphy/ptII/ptolemy/domains/continuous/test/auto/LevelCrossing3.xml
----------------- Instantiating /home/travis/build/icyphy/ptII/ptolemy/domains/continuous/test/auto/LevelCrossing3.xml
2 ms. Memory: 565760K Free: 263553K (47%)
----------------- Invoking toplevel() on ptolemy.moml.MoMLSimpleApplication@74cf04eb
----------------- Done invoking toplevel() on ptolemy.moml.MoMLSimpleApplication@74cf04eb
reloadAllAccessors: .LevelCrossing3

===========================================================================================
----------------- testing Wed Aug 22 01:58:02 UTC 2018 /home/travis/build/icyphy/ptII/ptolemy/domains/continuous/test/auto/LevelCrossing4.xml
----------------- Instantiating /home/travis/build/icyphy/ptII/ptolemy/domains/continuous/test/auto/LevelCrossing4.xml
3 ms. Memory: 565760K Free: 255465K (45%)
----------------- Invoking toplevel() on ptolemy.moml.MoMLSimpleApplication@3487e48
----------------- Done invoking toplevel() on ptolemy.moml.MoMLSimpleApplication@3487e48
reloadAllAccessors: .LevelCrossing4

===========================================================================================
----------------- testing Wed Aug 22 01:58:02 UTC 2018 /home/travis/build/icyphy/ptII/ptolemy/domains/continuous/test/auto/LevelCrossing5.xml
----------------- Instantiating /home/travis/build/icyphy/ptII/ptolemy/domains/continuous/test/auto/LevelCrossing5.xml
3 ms. Memory: 565760K Free: 247244K (44%)
----------------- Invoking toplevel() on ptolemy.moml.MoMLSimpleApplication@4160a43
----------------- Done invoking toplevel() on ptolemy.moml.MoMLSimpleApplication@4160a43
reloadAllAccessors: .LevelCrossing5

===========================================================================================
----------------- testing Wed Aug 22 01:58:02 UTC 2018 /home/travis/build/icyphy/ptII/ptolemy/domains/continuous/test/auto/LevelCrossing6.xml
----------------- Instantiating /home/travis/build/icyphy/ptII/ptolemy/domains/continuous/test/auto/LevelCrossing6.xml
[...]
----------------- Instantiating /home/travis/build/icyphy/ptII/ptolemy/domains/continuous/test/auto/ResetTransitionWithStartTime6.xml
13 ms. Memory: 371712K Free: 93518K (25%)
----------------- Invoking toplevel() on ptolemy.moml.MoMLSimpleApplication@19bdea21
----------------- Done invoking toplevel() on ptolemy.moml.MoMLSimpleApplication@19bdea21
reloadAllAccessors: .ResetTransitionWithStartTime6

===========================================================================================
----------------- testing Wed Aug 22 01:58:19 UTC 2018 /home/travis/build/icyphy/ptII/ptolemy/domains/continuous/test/auto/SRinContinuous.xml
----------------- Instantiating /home/travis/build/icyphy/ptII/ptolemy/domains/continuous/test/auto/SRinContinuous.xml
3 ms. Memory: 371712K Free: 83870K (23%)
----------------- Invoking toplevel() on ptolemy.moml.MoMLSimpleApplication@414e6681
----------------- Done invoking toplevel() on ptolemy.moml.MoMLSimpleApplication@414e6681
reloadAllAccessors: .SRinContinuous

===========================================================================================
----------------- testing Wed Aug 22 01:58:19 UTC 2018 /home/travis/build/icyphy/ptII/ptolemy/domains/continuous/test/auto/SampledClocks.xml
----------------- Instantiating /home/travis/build/icyphy/ptII/ptolemy/domains/continuous/test/auto/SampledClocks.xml
4 ms. Memory: 371712K Free: 68367K (18%)
----------------- Invoking toplevel() on ptolemy.moml.MoMLSimpleApplication@33832f52
----------------- Done invoking toplevel() on ptolemy.moml.MoMLSimpleApplication@33832f52
reloadAllAccessors: .SampledClocks

===========================================================================================
----------------- testing Wed Aug 22 01:58:19 UTC 2018 /home/travis/build/icyphy/ptII/ptolemy/domains/continuous/test/auto/Satellite.xml
----------------- Instantiating /home/travis/build/icyphy/ptII/ptolemy/domains/continuous/test/auto/Satellite.xml
876 ms. Memory: 358912K Free: 157846K (44%)
----------------- Invoking toplevel() on ptolemy.moml.MoMLSimpleApplication@2419e3be
----------------- Done invoking toplevel() on ptolemy.moml.MoMLSimpleApplication@2419e3be
reloadAllAccessors: .Satellite

===========================================================================================
----------------- testing Wed Aug 22 01:58:20 UTC 2018 /home/travis/build/icyphy/ptII/ptolemy/domains/continuous/test/auto/SigmaDelta.xml
----------------- Instantiating /home/travis/build/icyphy/ptII/ptolemy/domains/continuous/test/auto/SigmaDelta.xml
2200 ms. Memory: 352256K Free: 51271K (15%)
----------------- Invoking toplevel() on ptolemy.moml.MoMLSimpleApplication@120b02bb
----------------- Done invoking toplevel() on ptolemy.moml.MoMLSimpleApplication@120b02bb
reloadAllAccessors: .SigmaDelta

===========================================================================================
----------------- testing Wed Aug 22 01:58:22 UTC 2018 /home/travis/build/icyphy/ptII/ptolemy/domains/continuous/test/auto/SinuBouncingBall.xml
----------------- Instantiating /home/travis/build/icyphy/ptII/ptolemy/domains/continuous/test/auto/SinuBouncingBall.xml
672 ms. Memory: 334848K Free: 67514K (20%)
----------------- Invoking toplevel() on ptolemy.moml.MoMLSimpleApplication@650b8c2e
----------------- Done invoking toplevel() on ptolemy.moml.MoMLSimpleApplication@650b8c2e
reloadAllAccessors: .SinuBouncingBall

===========================================================================================
----------------- testing Wed Aug 22 01:58:23 UTC 2018 /home/travis/build/icyphy/ptII/ptolemy/domains/continuous/test/auto/Sinusoid.xml
----------------- Instantiating /home/travis/build/icyphy/ptII/ptolemy/domains/continuous/test/auto/Sinusoid.xml
5 ms. Memory: 334848K Free: 61507K (18%)
----------------- Invoking toplevel() on ptolemy.moml.MoMLSimpleApplication@79074475
----------------- Done invoking toplevel() on ptolemy.moml.MoMLSimpleApplication@79074475
reloadAllAccessors: .Sinusoid

===========================================================================================
----------------- testing Wed Aug 22 01:58:23 UTC 2018 /home/travis/build/icyphy/ptII/ptolemy/domains/continuous/test/auto/SinusoidInNoise.xml
----------------- Instantiating /home/travis/build/icyphy/ptII/ptolemy/domains/continuous/test/auto/SinusoidInNoise.xml
880 ms. Memory: 325632K Free: 104100K (32%)
----------------- Invoking toplevel() on ptolemy.moml.MoMLSimpleApplication@42b64b6f
----------------- Done invoking toplevel() on ptolemy.moml.MoMLSimpleApplication@42b64b6f
reloadAllAccessors: .SinusoidInNoise

===========================================================================================
----------------- testing Wed Aug 22 01:58:24 UTC 2018 /home/travis/build/icyphy/ptII/ptolemy/domains/continuous/test/auto/SinusoidRK45.xml
----------------- Instantiating /home/travis/build/icyphy/ptII/ptolemy/domains/continuous/test/auto/SinusoidRK45.xml
2 ms. Memory: 325632K Free: 97398K (30%)
----------------- Invoking toplevel() on ptolemy.moml.MoMLSimpleApplication@82e471b
----------------- Done invoking toplevel() on ptolemy.moml.MoMLSimpleApplication@82e471b
reloadAllAccessors: .SinusoidRK45

===========================================================================================
----------------- testing Wed Aug 22 01:58:24 UTC 2018 /home/travis/build/icyphy/ptII/ptolemy/domains/continuous/test/auto/SinusoidWithMultipleImpulses.xml
----------------- Instantiating /home/travis/build/icyphy/ptII/ptolemy/domains/continuous/test/auto/SinusoidWithMultipleImpulses.xml
3 ms. Memory: 325632K Free: 91619K (28%)
----------------- Invoking toplevel() on ptolemy.moml.MoMLSimpleApplication@6ddba7d7
----------------- Done invoking toplevel() on ptolemy.moml.MoMLSimpleApplication@6ddba7d7
reloadAllAccessors: .SinusoidWithMultipleImpulses

===========================================================================================
----------------- testing Wed Aug 22 01:58:24 UTC 2018 /home/travis/build/icyphy/ptII/ptolemy/domains/continuous/test/auto/SquareWave.xml
----------------- Instantiating /home/travis/build/icyphy/ptII/ptolemy/domains/continuous/test/auto/SquareWave.xml
143 ms. Memory: 325632K Free: 58417K (18%)
----------------- Invoking toplevel() on ptolemy.moml.MoMLSimpleApplication@61db52c3
----------------- Done invoking toplevel() on ptolemy.moml.MoMLSimpleApplication@61db52c3
reloadAllAccessors: .SquareWave

===========================================================================================
----------------- testing Wed Aug 22 01:58:24 UTC 2018 /home/travis/build/icyphy/ptII/ptolemy/domains/continuous/test/auto/Starmac.xml
----------------- Instantiating /home/travis/build/icyphy/ptII/ptolemy/domains/continuous/test/auto/Starmac.xml
3043 ms. Memory: 306176K Free: 142942K (47%)
----------------- Invoking toplevel() on ptolemy.moml.MoMLSimpleApplication@5f1425b5
----------------- Done invoking toplevel() on ptolemy.moml.MoMLSimpleApplication@5f1425b5
reloadAllAccessors: .Starmac

===========================================================================================
----------------- testing Wed Aug 22 01:58:27 UTC 2018 /home/travis/build/icyphy/ptII/ptolemy/domains/continuous/test/auto/StaticUnits.xml
----------------- Instantiating /home/travis/build/icyphy/ptII/ptolemy/domains/continuous/test/auto/StaticUnits.xml
2025 ms. Memory: 284160K Free: 96624K (34%)
----------------- Invoking toplevel() on ptolemy.moml.MoMLSimpleApplication@6bbffdc5
----------------- Done invoking toplevel() on ptolemy.moml.MoMLSimpleApplication@6bbffdc5
reloadAllAccessors: .StaticUnits

===========================================================================================
----------------- testing Wed Aug 22 01:58:30 UTC 2018 /home/travis/build/icyphy/ptII/ptolemy/domains/continuous/test/auto/StickyMasses.xml
----------------- Instantiating /home/travis/build/icyphy/ptII/ptolemy/domains/continuous/test/auto/StickyMasses.xml
125 ms. Memory: 284160K Free: 40003K (14%)
----------------- Invoking toplevel() on ptolemy.moml.MoMLSimpleApplication@66958243
----------------- Done invoking toplevel() on ptolemy.moml.MoMLSimpleApplication@66958243
reloadAllAccessors: .StickyMasses

===========================================================================================
----------------- testing Wed Aug 22 01:58:30 UTC 2018 /home/travis/build/icyphy/ptII/ptolemy/domains/continuous/test/auto/StopTime.xml
----------------- Instantiating /home/travis/build/icyphy/ptII/ptolemy/domains/continuous/test/auto/StopTime.xml
32 ms. Memory: 284160K Free: 11866K (4%)
----------------- Invoking toplevel() on ptolemy.moml.MoMLSimpleApplication@3dade06d
----------------- Done invoking toplevel() on ptolemy.moml.MoMLSimpleApplication@3dade06d
reloadAllAccessors: .StopTime

===========================================================================================
----------------- testing Wed Aug 22 01:58:30 UTC 2018 /home/travis/build/icyphy/ptII/ptolemy/domains/continuous/test/auto/StopTime2.xml
----------------- Instantiating /home/travis/build/icyphy/ptII/ptolemy/domains/continuous/test/auto/StopTime2.xml
41 ms. Memory: 282624K Free: 186702K (66%)
----------------- Invoking toplevel() on ptolemy.moml.MoMLSimpleApplication@14787e06
----------------- Done invoking toplevel() on ptolemy.moml.MoMLSimpleApplication@14787e06
reloadAllAccessors: .StopTime2

===========================================================================================
----------------- testing Wed Aug 22 01:58:30 UTC 2018 /home/travis/build/icyphy/ptII/ptolemy/domains/continuous/test/auto/Switch.xml
----------------- Instantiating /home/travis/build/icyphy/ptII/ptolemy/domains/continuous/test/auto/Switch.xml
40 ms. Memory: 282624K Free: 158506K (56%)
----------------- Invoking toplevel() on ptolemy.moml.MoMLSimpleApplication@28cff287
----------------- Done invoking toplevel() on ptolemy.moml.MoMLSimpleApplication@28cff287
reloadAllAccessors: .Switch

===========================================================================================
----------------- testing Wed Aug 22 01:58:30 UTC 2018 /home/travis/build/icyphy/ptII/ptolemy/domains/continuous/test/auto/Thermostat.xml
----------------- Instantiating /home/travis/build/icyphy/ptII/ptolemy/domains/continuous/test/auto/Thermostat.xml
184 ms. Memory: 282624K Free: 81536K (29%)
----------------- Invoking toplevel() on ptolemy.moml.MoMLSimpleApplication@739a7fa0
----------------- Done invoking toplevel() on ptolemy.moml.MoMLSimpleApplication@739a7fa0
reloadAllAccessors: .Thermostat

===========================================================================================
----------------- testing Wed Aug 22 01:58:30 UTC 2018 /home/travis/build/icyphy/ptII/ptolemy/domains/continuous/test/auto/TimeDelay.xml
----------------- Instantiating /home/travis/build/icyphy/ptII/ptolemy/domains/continuous/test/auto/TimeDelay.xml
5 ms. Memory: 282624K Free: 74789K (26%)
----------------- Invoking toplevel() on ptolemy.moml.MoMLSimpleApplication@254fa648
----------------- Done invoking toplevel() on ptolemy.moml.MoMLSimpleApplication@254fa648
reloadAllAccessors: .TimeDelay

===========================================================================================
----------------- testing Wed Aug 22 01:58:30 UTC 2018 /home/travis/build/icyphy/ptII/ptolemy/domains/continuous/test/auto/TimeDelay2.xml
----------------- Instantiating /home/travis/build/icyphy/ptII/ptolemy/domains/continuous/test/auto/TimeDelay2.xml
7 ms. Memory: 282624K Free: 66041K (23%)
----------------- Invoking toplevel() on ptolemy.moml.MoMLSimpleApplication@a6aa1d8
----------------- Done invoking toplevel() on ptolemy.moml.MoMLSimpleApplication@a6aa1d8
reloadAllAccessors: .TimeDelay2

===========================================================================================
----------------- testing Wed Aug 22 01:58:30 UTC 2018 /home/travis/build/icyphy/ptII/ptolemy/domains/continuous/test/auto/TimeDelay3.xml
----------------- Instantiating /home/travis/build/icyphy/ptII/ptolemy/domains/continuous/test/auto/TimeDelay3.xml
3 ms. Memory: 282624K Free: 59259K (21%)
----------------- Invoking toplevel() on ptolemy.moml.MoMLSimpleApplication@71d8c220
----------------- Done invoking toplevel() on ptolemy.moml.MoMLSimpleApplication@71d8c220
reloadAllAccessors: .TimeDelay3

===========================================================================================
----------------- testing Wed Aug 22 01:58:30 UTC 2018 /home/travis/build/icyphy/ptII/ptolemy/domains/continuous/test/auto/TransferAbsentToInside.xml
----------------- Instantiating /home/travis/build/icyphy/ptII/ptolemy/domains/continuous/test/auto/TransferAbsentToInside.xml
26 ms. Memory: 268288K Free: 180857K (67%)
----------------- Invoking toplevel() on ptolemy.moml.MoMLSimpleApplication@582060d6
----------------- Done invoking toplevel() on ptolemy.moml.MoMLSimpleApplication@582060d6
reloadAllAccessors: .TransferAbsentToInside

===========================================================================================
----------------- testing Wed Aug 22 01:58:30 UTC 2018 /home/travis/build/icyphy/ptII/ptolemy/domains/continuous/test/auto/Transmission.xml
----------------- Instantiating /home/travis/build/icyphy/ptII/ptolemy/domains/continuous/test/auto/Transmission.xml
687 ms. Memory: 260096K Free: 117463K (45%)
----------------- Invoking toplevel() on ptolemy.moml.MoMLSimpleApplication@419e9560
----------------- Done invoking toplevel() on ptolemy.moml.MoMLSimpleApplication@419e9560
reloadAllAccessors: .Transmission

===========================================================================================
----------------- testing Wed Aug 22 01:58:31 UTC 2018 /home/travis/build/icyphy/ptII/ptolemy/domains/continuous/test/auto/TriggeredContinuousClock.xml
----------------- Instantiating /home/travis/build/icyphy/ptII/ptolemy/domains/continuous/test/auto/TriggeredContinuousClock.xml
38 ms. Memory: 260096K Free: 83207K (32%)
----------------- Invoking toplevel() on ptolemy.moml.MoMLSimpleApplication@42c57793
----------------- Done invoking toplevel() on ptolemy.moml.MoMLSimpleApplication@42c57793
reloadAllAccessors: .TriggeredContinuousClock

===========================================================================================
----------------- testing Wed Aug 22 01:58:31 UTC 2018 /home/travis/build/icyphy/ptII/ptolemy/domains/continuous/test/auto/TwoMachineInfiniteBusControl.xml
----------------- Instantiating /home/travis/build/icyphy/ptII/ptolemy/domains/continuous/test/auto/TwoMachineInfiniteBusControl.xml
2858 ms. Memory: 281088K Free: 106623K (38%)
----------------- Invoking toplevel() on ptolemy.moml.MoMLSimpleApplication@5814436d
----------------- Done invoking toplevel() on ptolemy.moml.MoMLSimpleApplication@5814436d
reloadAllAccessors: .TwoMachineInfiniteBusControl

===========================================================================================
----------------- testing Wed Aug 22 01:58:34 UTC 2018 /home/travis/build/icyphy/ptII/ptolemy/domains/continuous/test/auto/V2V.xml
----------------- Instantiating /home/travis/build/icyphy/ptII/ptolemy/domains/continuous/test/auto/V2V.xml
689 ms. Memory: 278528K Free: 105576K (38%)
----------------- Invoking toplevel() on ptolemy.moml.MoMLSimpleApplication@66e45088
----------------- Done invoking toplevel() on ptolemy.moml.MoMLSimpleApplication@66e45088
reloadAllAccessors: .V2V

===========================================================================================
----------------- testing Wed Aug 22 01:58:35 UTC 2018 /home/travis/build/icyphy/ptII/ptolemy/domains/continuous/test/auto/hierarchicalModalModel.xml
----------------- Instantiating /home/travis/build/icyphy/ptII/ptolemy/domains/continuous/test/auto/hierarchicalModalModel.xml
16 ms. Memory: 278528K Free: 86909K (31%)
----------------- Invoking toplevel() on ptolemy.moml.MoMLSimpleApplication@6dfc13ab
----------------- Done invoking toplevel() on ptolemy.moml.MoMLSimpleApplication@6dfc13ab
reloadAllAccessors: .hierarchicalModalModel

===========================================================================================
----------------- testing Wed Aug 22 01:58:35 UTC 2018 /home/travis/build/icyphy/ptII/ptolemy/domains/continuous/test/auto/hierarchicalModalModel1.xml
----------------- Instantiating /home/travis/build/icyphy/ptII/ptolemy/domains/continuous/test/auto/hierarchicalModalModel1.xml
8 ms. Memory: 278528K Free: 70579K (25%)
----------------- Invoking toplevel() on ptolemy.moml.MoMLSimpleApplication@6deafbe7
----------------- Done invoking toplevel() on ptolemy.moml.MoMLSimpleApplication@6deafbe7
reloadAllAccessors: .hierarchicalModalModel1

===========================================================================================
----------------- testing Wed Aug 22 01:58:35 UTC 2018 /home/travis/build/icyphy/ptII/ptolemy/domains/continuous/test/auto/hierarchicalModalModel2.xml
----------------- Instantiating /home/travis/build/icyphy/ptII/ptolemy/domains/continuous/test/auto/hierarchicalModalModel2.xml
6 ms. Memory: 278528K Free: 55508K (20%)
----------------- Invoking toplevel() on ptolemy.moml.MoMLSimpleApplication@26ede194
----------------- Done invoking toplevel() on ptolemy.moml.MoMLSimpleApplication@26ede194
reloadAllAccessors: .hierarchicalModalModel2

===========================================================================================
----------------- testing Wed Aug 22 01:58:35 UTC 2018 /home/travis/build/icyphy/ptII/ptolemy/domains/continuous/test/auto/hierarchicalModalModel3.xml
----------------- Instantiating /home/travis/build/icyphy/ptII/ptolemy/domains/continuous/test/auto/hierarchicalModalModel3.xml
5 ms. Memory: 278528K Free: 43000K (15%)
----------------- Invoking toplevel() on ptolemy.moml.MoMLSimpleApplication@6fd63545
----------------- Done invoking toplevel() on ptolemy.moml.MoMLSimpleApplication@6fd63545
reloadAllAccessors: .hierarchicalModalModel3

===========================================================================================
----------------- testing Wed Aug 22 01:58:35 UTC 2018 /home/travis/build/icyphy/ptII/ptolemy/domains/continuous/test/auto/hierarchicalModalModel4.xml
----------------- Instantiating /home/travis/build/icyphy/ptII/ptolemy/domains/continuous/test/auto/hierarchicalModalModel4.xml
9 ms. Memory: 278528K Free: 27885K (10%)
----------------- Invoking toplevel() on ptolemy.moml.MoMLSimpleApplication@429cdd86
----------------- Done invoking toplevel() on ptolemy.moml.MoMLSimpleApplication@429cdd86
reloadAllAccessors: .hierarchicalModalModel4

===========================================================================================
----------------- testing Wed Aug 22 01:58:35 UTC 2018 /home/travis/build/icyphy/ptII/ptolemy/domains/continuous/test/auto/junk.xml
----------------- Instantiating /home/travis/build/icyphy/ptII/ptolemy/domains/continuous/test/auto/junk.xml
147 ms. Memory: 265216K Free: 174134K (66%)
----------------- Invoking toplevel() on ptolemy.moml.MoMLSimpleApplication@3b531942
----------------- Done invoking toplevel() on ptolemy.moml.MoMLSimpleApplication@3b531942
reloadAllAccessors: .junk
AutoTests.java: About to close Vertx.
AutoTests.java: Vertx closed.
]]></system-out>
  <system-err><![CDATA[Warning: '.HysteresisWithRandomDelay.NonStrictTest' The test produced only 221 tokens, yet the correctValues parameter was expecting 222 tokens.
Warning: '.HysteresisWithRandomDelay.NonStrictTest2' The test produced only 220 tokens, yet the correctValues parameter was expecting 221 tokens.
Warning: '.HysteresisWithRandomDelay.NonStrictTest3' The test produced only 28 tokens, yet the correctValues parameter was expecting 30 tokens.
Warning: '.Poisson.NonStrictTest' The test produced only 366 tokens, yet the correctValues parameter was expecting 430 tokens.
]]></system-err>
</testsuite>
