<?xml version="1.0" encoding="UTF-8" ?>
<testsuite errors="0" failures="0" hostname="travis-job-a8098c71-2fc1-43a0-a096-4ecd0852abfd" name="ptolemy.domains.continuous.test.junit.JUnitTclTest" skipped="0" tests="156" time="74.265" timestamp="2020-02-03T17:35:21">
  <properties>
[...]
</properties>
  <testcase classname="ptolemy.util.test.junit.TclTests" name="[0] ThereAreNoTclTests (RunTclFile)" time="0.009" />
  <testcase classname="ptolemy.util.test.junit.AutoKnownFailedTests" name="[0] ThereAreNoKnowFailedTests (RunModel)" time="0.004" />
  <testcase classname="ptolemy.util.test.junit.AutoNameArchTests" name="[0] ThereAreNoAutoArchTests (RunModel)" time="0.024" />
  <testcase classname="ptolemy.util.test.junit.AutoTests" name="[0] /home/travis/build/icyphy/ptII/ptolemy/domains/continuous/test/auto/BouncingBall.xml (RunModel)" time="3.254" />
  <testcase classname="ptolemy.util.test.junit.AutoTests" name="[1] /home/travis/build/icyphy/ptII/ptolemy/domains/continuous/test/auto/BouncingBallWithoutGR.xml (RunModel)" time="1.02" />
  <testcase classname="ptolemy.util.test.junit.AutoTests" name="[2] /home/travis/build/icyphy/ptII/ptolemy/domains/continuous/test/auto/Brownian.xml (RunModel)" time="0.134" />
  <testcase classname="ptolemy.util.test.junit.AutoTests" name="[3] /home/travis/build/icyphy/ptII/ptolemy/domains/continuous/test/auto/CarTracking.xml (RunModel)" time="4.365" />
  <testcase classname="ptolemy.util.test.junit.AutoTests" name="[4] /home/travis/build/icyphy/ptII/ptolemy/domains/continuous/test/auto/CartPendulum.xml (RunModel)" time="0.596" />
  <testcase classname="ptolemy.util.test.junit.AutoTests" name="[5] /home/travis/build/icyphy/ptII/ptolemy/domains/continuous/test/auto/CausalityInterface10.xml (RunModel)" time="0.073" />
  <testcase classname="ptolemy.util.test.junit.AutoTests" name="[6] /home/travis/build/icyphy/ptII/ptolemy/domains/continuous/test/auto/CausalityInterface11.xml (RunModel)" time="0.045" />
  <testcase classname="ptolemy.util.test.junit.AutoTests" name="[7] /home/travis/build/icyphy/ptII/ptolemy/domains/continuous/test/auto/CausalityInterface12.xml (RunModel)" time="0.04" />
  <testcase classname="ptolemy.util.test.junit.AutoTests" name="[8] /home/travis/build/icyphy/ptII/ptolemy/domains/continuous/test/auto/CausalityInterface13.xml (RunModel)" time="0.031" />
  <testcase classname="ptolemy.util.test.junit.AutoTests" name="[9] /home/travis/build/icyphy/ptII/ptolemy/domains/continuous/test/auto/CausalityInterface14.xml (RunModel)" time="0.032" />
  <testcase classname="ptolemy.util.test.junit.AutoTests" name="[10] /home/travis/build/icyphy/ptII/ptolemy/domains/continuous/test/auto/CausalityInterface4.xml (RunModel)" time="0.032" />
  <testcase classname="ptolemy.util.test.junit.AutoTests" name="[11] /home/travis/build/icyphy/ptII/ptolemy/domains/continuous/test/auto/CausalityInterface5.xml (RunModel)" time="0.038" />
  <testcase classname="ptolemy.util.test.junit.AutoTests" name="[12] /home/travis/build/icyphy/ptII/ptolemy/domains/continuous/test/auto/CausalityInterface6.xml (RunModel)" time="0.03" />
  <testcase classname="ptolemy.util.test.junit.AutoTests" name="[13] /home/travis/build/icyphy/ptII/ptolemy/domains/continuous/test/auto/CausalityInterface7.xml (RunModel)" time="0.051" />
  <testcase classname="ptolemy.util.test.junit.AutoTests" name="[14] /home/travis/build/icyphy/ptII/ptolemy/domains/continuous/test/auto/CausalityInterface8.xml (RunModel)" time="0.039" />
  <testcase classname="ptolemy.util.test.junit.AutoTests" name="[15] /home/travis/build/icyphy/ptII/ptolemy/domains/continuous/test/auto/CausalityInterface9.xml (RunModel)" time="0.055" />
  <testcase classname="ptolemy.util.test.junit.AutoTests" name="[16] /home/travis/build/icyphy/ptII/ptolemy/domains/continuous/test/auto/CausalityInterfaceFeedback1.xml (RunModel)" time="0.06" />
  <testcase classname="ptolemy.util.test.junit.AutoTests" name="[17] /home/travis/build/icyphy/ptII/ptolemy/domains/continuous/test/auto/CausalityInterfaceFeedback2.xml (RunModel)" time="0.039" />
  <testcase classname="ptolemy.util.test.junit.AutoTests" name="[18] /home/travis/build/icyphy/ptII/ptolemy/domains/continuous/test/auto/CompareWithCurrentTime.xml (RunModel)" time="0.022" />
  <testcase classname="ptolemy.util.test.junit.AutoTests" name="[19] /home/travis/build/icyphy/ptII/ptolemy/domains/continuous/test/auto/ComparedClocks.xml (RunModel)" time="0.094" />
  <testcase classname="ptolemy.util.test.junit.AutoTests" name="[20] /home/travis/build/icyphy/ptII/ptolemy/domains/continuous/test/auto/ContinuousAOCClone.xml (RunModel)" time="2.737" />
  <testcase classname="ptolemy.util.test.junit.AutoTests" name="[21] /home/travis/build/icyphy/ptII/ptolemy/domains/continuous/test/auto/ContinuousClock.xml (RunModel)" time="0.108" />
  <testcase classname="ptolemy.util.test.junit.AutoTests" name="[22] /home/travis/build/icyphy/ptII/ptolemy/domains/continuous/test/auto/ContinuousInContinuous.xml (RunModel)" time="0.104" />
  <testcase classname="ptolemy.util.test.junit.AutoTests" name="[23] /home/travis/build/icyphy/ptII/ptolemy/domains/continuous/test/auto/ContinuousInContinuousInContinuous.xml (RunModel)" time="0.033" />
  <testcase classname="ptolemy.util.test.junit.AutoTests" name="[24] /home/travis/build/icyphy/ptII/ptolemy/domains/continuous/test/auto/ContinuousInDE.xml (RunModel)" time="0.08" />
  <testcase classname="ptolemy.util.test.junit.AutoTests" name="[25] /home/travis/build/icyphy/ptII/ptolemy/domains/continuous/test/auto/ContinuousInDE2.xml (RunModel)" time="0.066" />
  <testcase classname="ptolemy.util.test.junit.AutoTests" name="[26] /home/travis/build/icyphy/ptII/ptolemy/domains/continuous/test/auto/ContinuousInDE3.xml (RunModel)" time="0.057" />
  <testcase classname="ptolemy.util.test.junit.AutoTests" name="[27] /home/travis/build/icyphy/ptII/ptolemy/domains/continuous/test/auto/ContinuousInDE4.xml (RunModel)" time="0.035" />
  <testcase classname="ptolemy.util.test.junit.AutoTests" name="[28] /home/travis/build/icyphy/ptII/ptolemy/domains/continuous/test/auto/ContinuousInDEDifferentRefinements.xml (RunModel)" time="0.114" />
  <testcase classname="ptolemy.util.test.junit.AutoTests" name="[29] /home/travis/build/icyphy/ptII/ptolemy/domains/continuous/test/auto/ContinuousInDEDifferentRefinementsPreemptive.xml (RunModel)" time="0.091" />
  <testcase classname="ptolemy.util.test.junit.AutoTests" name="[30] /home/travis/build/icyphy/ptII/ptolemy/domains/continuous/test/auto/ContinuousInDEInContinuous2.xml (RunModel)" time="0.065" />
  <testcase classname="ptolemy.util.test.junit.AutoTests" name="[31] /home/travis/build/icyphy/ptII/ptolemy/domains/continuous/test/auto/ContinuousInDEInContinuous3.xml (RunModel)" time="0.064" />
  <testcase classname="ptolemy.util.test.junit.AutoTests" name="[32] /home/travis/build/icyphy/ptII/ptolemy/domains/continuous/test/auto/ContinuousInDEInput.xml (RunModel)" time="0.039" />
  <testcase classname="ptolemy.util.test.junit.AutoTests" name="[33] /home/travis/build/icyphy/ptII/ptolemy/domains/continuous/test/auto/ContinuousInDEInput2.xml (RunModel)" time="0.035" />
  <testcase classname="ptolemy.util.test.junit.AutoTests" name="[34] /home/travis/build/icyphy/ptII/ptolemy/domains/continuous/test/auto/ContinuousInDEInput3.xml (RunModel)" time="0.032" />
  <testcase classname="ptolemy.util.test.junit.AutoTests" name="[35] /home/travis/build/icyphy/ptII/ptolemy/domains/continuous/test/auto/ContinuousInDESharingRefinement.xml (RunModel)" time="0.175" />
  <testcase classname="ptolemy.util.test.junit.AutoTests" name="[36] /home/travis/build/icyphy/ptII/ptolemy/domains/continuous/test/auto/ContinuousInDEwithNoPorts.xml (RunModel)" time="0.017" />
  <testcase classname="ptolemy.util.test.junit.AutoTests" name="[37] /home/travis/build/icyphy/ptII/ptolemy/domains/continuous/test/auto/ContinuousInsideDE.xml (RunModel)" time="0.094" />
  <testcase classname="ptolemy.util.test.junit.AutoTests" name="[38] /home/travis/build/icyphy/ptII/ptolemy/domains/continuous/test/auto/ContinuousMerge1.xml (RunModel)" time="0.021" />
  <testcase classname="ptolemy.util.test.junit.AutoTests" name="[39] /home/travis/build/icyphy/ptII/ptolemy/domains/continuous/test/auto/ContinuousMerge2.xml (RunModel)" time="0.059" />
  <testcase classname="ptolemy.util.test.junit.AutoTests" name="[40] /home/travis/build/icyphy/ptII/ptolemy/domains/continuous/test/auto/ContinuousMerge3.xml (RunModel)" time="0.074" />
  <testcase classname="ptolemy.util.test.junit.AutoTests" name="[41] /home/travis/build/icyphy/ptII/ptolemy/domains/continuous/test/auto/ContinuousWithinContinuous.xml (RunModel)" time="0.05" />
  <testcase classname="ptolemy.util.test.junit.AutoTests" name="[42] /home/travis/build/icyphy/ptII/ptolemy/domains/continuous/test/auto/ContinuousWithinContinuous2.xml (RunModel)" time="0.077" />
  <testcase classname="ptolemy.util.test.junit.AutoTests" name="[43] /home/travis/build/icyphy/ptII/ptolemy/domains/continuous/test/auto/ContinuousWithinContinuous3.xml (RunModel)" time="0.036" />
  <testcase classname="ptolemy.util.test.junit.AutoTests" name="[44] /home/travis/build/icyphy/ptII/ptolemy/domains/continuous/test/auto/ContinuousWithinContinuous4.xml (RunModel)" time="0.079" />
  <testcase classname="ptolemy.util.test.junit.AutoTests" name="[45] /home/travis/build/icyphy/ptII/ptolemy/domains/continuous/test/auto/ContinuousWithinContinuous5.xml (RunModel)" time="0.028" />
  <testcase classname="ptolemy.util.test.junit.AutoTests" name="[46] /home/travis/build/icyphy/ptII/ptolemy/domains/continuous/test/auto/ContinuousWithinContinuous6.xml (RunModel)" time="0.031" />
  <testcase classname="ptolemy.util.test.junit.AutoTests" name="[47] /home/travis/build/icyphy/ptII/ptolemy/domains/continuous/test/auto/ContinuousWithinContinuous7.xml (RunModel)" time="0.068" />
  <testcase classname="ptolemy.util.test.junit.AutoTests" name="[48] /home/travis/build/icyphy/ptII/ptolemy/domains/continuous/test/auto/DCMotor.xml (RunModel)" time="13.51" />
  <testcase classname="ptolemy.util.test.junit.AutoTests" name="[49] /home/travis/build/icyphy/ptII/ptolemy/domains/continuous/test/auto/DEInContinuous.xml (RunModel)" time="0.027" />
  <testcase classname="ptolemy.util.test.junit.AutoTests" name="[50] /home/travis/build/icyphy/ptII/ptolemy/domains/continuous/test/auto/DEinContinuous2.xml (RunModel)" time="0.027" />
  <testcase classname="ptolemy.util.test.junit.AutoTests" name="[51] /home/travis/build/icyphy/ptII/ptolemy/domains/continuous/test/auto/Derivative.xml (RunModel)" time="0.188" />
  <testcase classname="ptolemy.util.test.junit.AutoTests" name="[52] /home/travis/build/icyphy/ptII/ptolemy/domains/continuous/test/auto/Derivative1.xml (RunModel)" time="0.067" />
  <testcase classname="ptolemy.util.test.junit.AutoTests" name="[53] /home/travis/build/icyphy/ptII/ptolemy/domains/continuous/test/auto/DiscreteClock.xml (RunModel)" time="0.016" />
  <testcase classname="ptolemy.util.test.junit.AutoTests" name="[54] /home/travis/build/icyphy/ptII/ptolemy/domains/continuous/test/auto/EfficiencyCurve.xml (RunModel)" time="0.105" />
  <testcase classname="ptolemy.util.test.junit.AutoTests" name="[55] /home/travis/build/icyphy/ptII/ptolemy/domains/continuous/test/auto/ExponentialResponse.xml (RunModel)" time="0.102" />
  <testcase classname="ptolemy.util.test.junit.AutoTests" name="[56] /home/travis/build/icyphy/ptII/ptolemy/domains/continuous/test/auto/ExponentialResponseRK45.xml (RunModel)" time="0.031" />
  <testcase classname="ptolemy.util.test.junit.AutoTests" name="[57] /home/travis/build/icyphy/ptII/ptolemy/domains/continuous/test/auto/Friction.xml (RunModel)" time="1.655" />
  <testcase classname="ptolemy.util.test.junit.AutoTests" name="[58] /home/travis/build/icyphy/ptII/ptolemy/domains/continuous/test/auto/FurutaPendulum.xml (RunModel)" time="3.3" />
  <testcase classname="ptolemy.util.test.junit.AutoTests" name="[59] /home/travis/build/icyphy/ptII/ptolemy/domains/continuous/test/auto/HierarchicalExecution.xml (RunModel)" time="1.909" />
  <testcase classname="ptolemy.util.test.junit.AutoTests" name="[60] /home/travis/build/icyphy/ptII/ptolemy/domains/continuous/test/auto/HybridPlant.xml (RunModel)" time="0.633" />
  <testcase classname="ptolemy.util.test.junit.AutoTests" name="[61] /home/travis/build/icyphy/ptII/ptolemy/domains/continuous/test/auto/Hysteresis.xml (RunModel)" time="0.203" />
  <testcase classname="ptolemy.util.test.junit.AutoTests" name="[62] /home/travis/build/icyphy/ptII/ptolemy/domains/continuous/test/auto/HysteresisWithRandomDelay.xml (RunModel)" time="0.242" />
  <testcase classname="ptolemy.util.test.junit.AutoTests" name="[63] /home/travis/build/icyphy/ptII/ptolemy/domains/continuous/test/auto/HysteresisWithRandomLosses.xml (RunModel)" time="2.447" />
  <testcase classname="ptolemy.util.test.junit.AutoTests" name="[64] /home/travis/build/icyphy/ptII/ptolemy/domains/continuous/test/auto/ImmediateTransitions.xml (RunModel)" time="0.037" />
  <testcase classname="ptolemy.util.test.junit.AutoTests" name="[65] /home/travis/build/icyphy/ptII/ptolemy/domains/continuous/test/auto/ImpulseFeedback.xml (RunModel)" time="0.021" />
  <testcase classname="ptolemy.util.test.junit.AutoTests" name="[66] /home/travis/build/icyphy/ptII/ptolemy/domains/continuous/test/auto/ImpulseFeedback2.xml (RunModel)" time="0.021" />
  <testcase classname="ptolemy.util.test.junit.AutoTests" name="[67] /home/travis/build/icyphy/ptII/ptolemy/domains/continuous/test/auto/IncreasingRatePoisson.xml (RunModel)" time="0.749" />
  <testcase classname="ptolemy.util.test.junit.AutoTests" name="[68] /home/travis/build/icyphy/ptII/ptolemy/domains/continuous/test/auto/InitialStateFeedback.xml (RunModel)" time="0.014" />
  <testcase classname="ptolemy.util.test.junit.AutoTests" name="[69] /home/travis/build/icyphy/ptII/ptolemy/domains/continuous/test/auto/Integration.xml (RunModel)" time="0.011" />
  <testcase classname="ptolemy.util.test.junit.AutoTests" name="[70] /home/travis/build/icyphy/ptII/ptolemy/domains/continuous/test/auto/Integration2.xml (RunModel)" time="0.103" />
  <testcase classname="ptolemy.util.test.junit.AutoTests" name="[71] /home/travis/build/icyphy/ptII/ptolemy/domains/continuous/test/auto/Integration3.xml (RunModel)" time="0.013" />
  <testcase classname="ptolemy.util.test.junit.AutoTests" name="[72] /home/travis/build/icyphy/ptII/ptolemy/domains/continuous/test/auto/Integration5.xml (RunModel)" time="0.012" />
  <testcase classname="ptolemy.util.test.junit.AutoTests" name="[73] /home/travis/build/icyphy/ptII/ptolemy/domains/continuous/test/auto/IntegratorImpulse.xml (RunModel)" time="0.014" />
  <testcase classname="ptolemy.util.test.junit.AutoTests" name="[74] /home/travis/build/icyphy/ptII/ptolemy/domains/continuous/test/auto/IntegratorImpulse2.xml (RunModel)" time="0.011" />
  <testcase classname="ptolemy.util.test.junit.AutoTests" name="[75] /home/travis/build/icyphy/ptII/ptolemy/domains/continuous/test/auto/LevelCrossing1.xml (RunModel)" time="0.012" />
  <testcase classname="ptolemy.util.test.junit.AutoTests" name="[76] /home/travis/build/icyphy/ptII/ptolemy/domains/continuous/test/auto/LevelCrossing2.xml (RunModel)" time="0.016" />
  <testcase classname="ptolemy.util.test.junit.AutoTests" name="[77] /home/travis/build/icyphy/ptII/ptolemy/domains/continuous/test/auto/LevelCrossing3.xml (RunModel)" time="0.014" />
  <testcase classname="ptolemy.util.test.junit.AutoTests" name="[78] /home/travis/build/icyphy/ptII/ptolemy/domains/continuous/test/auto/LevelCrossing4.xml (RunModel)" time="0.018" />
  <testcase classname="ptolemy.util.test.junit.AutoTests" name="[79] /home/travis/build/icyphy/ptII/ptolemy/domains/continuous/test/auto/LevelCrossing5.xml (RunModel)" time="0.017" />
  <testcase classname="ptolemy.util.test.junit.AutoTests" name="[80] /home/travis/build/icyphy/ptII/ptolemy/domains/continuous/test/auto/LevelCrossing6.xml (RunModel)" time="0.014" />
  <testcase classname="ptolemy.util.test.junit.AutoTests" name="[81] /home/travis/build/icyphy/ptII/ptolemy/domains/continuous/test/auto/LevelCrossingDetector.xml (RunModel)" time="0.042" />
  <testcase classname="ptolemy.util.test.junit.AutoTests" name="[82] /home/travis/build/icyphy/ptII/ptolemy/domains/continuous/test/auto/LevelCrossingDetectorDetectingDirections.xml (RunModel)" time="0.09" />
  <testcase classname="ptolemy.util.test.junit.AutoTests" name="[83] /home/travis/build/icyphy/ptII/ptolemy/domains/continuous/test/auto/LevelCrossingDetectorDetectsGlitches.xml (RunModel)" time="0.062" />
  <testcase classname="ptolemy.util.test.junit.AutoTests" name="[84] /home/travis/build/icyphy/ptII/ptolemy/domains/continuous/test/auto/LevelCrossingNoInitialOuput.xml (RunModel)" time="0.017" />
  <testcase classname="ptolemy.util.test.junit.AutoTests" name="[85] /home/travis/build/icyphy/ptII/ptolemy/domains/continuous/test/auto/LinearStateSpaceExample.xml (RunModel)" time="0.064" />
  <testcase classname="ptolemy.util.test.junit.AutoTests" name="[86] /home/travis/build/icyphy/ptII/ptolemy/domains/continuous/test/auto/Lorenz.xml (RunModel)" time="3.315" />
  <testcase classname="ptolemy.util.test.junit.AutoTests" name="[87] /home/travis/build/icyphy/ptII/ptolemy/domains/continuous/test/auto/LorenzDifferentialSystem.xml (RunModel)" time="0.852" />
  <testcase classname="ptolemy.util.test.junit.AutoTests" name="[88] /home/travis/build/icyphy/ptII/ptolemy/domains/continuous/test/auto/LorenzDifferentialSystemWithInput.xml (RunModel)" time="1.224" />
  <testcase classname="ptolemy.util.test.junit.AutoTests" name="[89] /home/travis/build/icyphy/ptII/ptolemy/domains/continuous/test/auto/LorenzDifferentialSystemWithTime.xml (RunModel)" time="0.663" />
  <testcase classname="ptolemy.util.test.junit.AutoTests" name="[90] /home/travis/build/icyphy/ptII/ptolemy/domains/continuous/test/auto/Microsteps.xml (RunModel)" time="0.028" />
  <testcase classname="ptolemy.util.test.junit.AutoTests" name="[91] /home/travis/build/icyphy/ptII/ptolemy/domains/continuous/test/auto/Modal1.xml (RunModel)" time="0.043" />
  <testcase classname="ptolemy.util.test.junit.AutoTests" name="[92] /home/travis/build/icyphy/ptII/ptolemy/domains/continuous/test/auto/Modal2.xml (RunModel)" time="0.05" />
  <testcase classname="ptolemy.util.test.junit.AutoTests" name="[93] /home/travis/build/icyphy/ptII/ptolemy/domains/continuous/test/auto/ModalTransitionGuardWithReset.xml (RunModel)" time="0.032" />
  <testcase classname="ptolemy.util.test.junit.AutoTests" name="[94] /home/travis/build/icyphy/ptII/ptolemy/domains/continuous/test/auto/ModalTransitionGuardWithResetUsingPreemptiveTransition.xml (RunModel)" time="0.026" />
  <testcase classname="ptolemy.util.test.junit.AutoTests" name="[95] /home/travis/build/icyphy/ptII/ptolemy/domains/continuous/test/auto/ModalTransitionGuardWithResetUsingPreemptiveTransition2.xml (RunModel)" time="0.034" />
  <testcase classname="ptolemy.util.test.junit.AutoTests" name="[96] /home/travis/build/icyphy/ptII/ptolemy/domains/continuous/test/auto/ModalTransitionGuardWithResetUsingPreemptiveTransition3.xml (RunModel)" time="0.03" />
  <testcase classname="ptolemy.util.test.junit.AutoTests" name="[97] /home/travis/build/icyphy/ptII/ptolemy/domains/continuous/test/auto/NewtonsCradle.xml (RunModel)" time="0.821" />
  <testcase classname="ptolemy.util.test.junit.AutoTests" name="[98] /home/travis/build/icyphy/ptII/ptolemy/domains/continuous/test/auto/NewtonsCradleAnimated.xml (RunModel)" time="1.302" />
  <testcase classname="ptolemy.util.test.junit.AutoTests" name="[99] /home/travis/build/icyphy/ptII/ptolemy/domains/continuous/test/auto/NewtonsCradleComplicated.xml (RunModel)" time="1.054" />
  <testcase classname="ptolemy.util.test.junit.AutoTests" name="[100] /home/travis/build/icyphy/ptII/ptolemy/domains/continuous/test/auto/NewtonsCradleNondeterministic.xml (RunModel)" time="0.657" />
  <testcase classname="ptolemy.util.test.junit.AutoTests" name="[101] /home/travis/build/icyphy/ptII/ptolemy/domains/continuous/test/auto/NewtonsCradlePerfectlyInelastic1.xml (RunModel)" time="1.217" />
  <testcase classname="ptolemy.util.test.junit.AutoTests" name="[102] /home/travis/build/icyphy/ptII/ptolemy/domains/continuous/test/auto/Noise.xml (RunModel)" time="0.194" />
  <testcase classname="ptolemy.util.test.junit.AutoTests" name="[103] /home/travis/build/icyphy/ptII/ptolemy/domains/continuous/test/auto/NoiseSpectrum.xml (RunModel)" time="0.738" />
  <testcase classname="ptolemy.util.test.junit.AutoTests" name="[104] /home/travis/build/icyphy/ptII/ptolemy/domains/continuous/test/auto/ParameterizedNewtonsCradleAnimated.xml (RunModel)" time="0.348" />
  <testcase classname="ptolemy.util.test.junit.AutoTests" name="[105] /home/travis/build/icyphy/ptII/ptolemy/domains/continuous/test/auto/ParameterizedNewtonsCradleAnimatedNondeterministic.xml (RunModel)" time="1.106" />
  <testcase classname="ptolemy.util.test.junit.AutoTests" name="[106] /home/travis/build/icyphy/ptII/ptolemy/domains/continuous/test/auto/Pendulum3D.xml (RunModel)" time="0.181" />
  <testcase classname="ptolemy.util.test.junit.AutoTests" name="[107] /home/travis/build/icyphy/ptII/ptolemy/domains/continuous/test/auto/PeriodicSampler.xml (RunModel)" time="0.013" />
  <testcase classname="ptolemy.util.test.junit.AutoTests" name="[108] /home/travis/build/icyphy/ptII/ptolemy/domains/continuous/test/auto/PeriodicSampler1.xml (RunModel)" time="0.042" />
  <testcase classname="ptolemy.util.test.junit.AutoTests" name="[109] /home/travis/build/icyphy/ptII/ptolemy/domains/continuous/test/auto/PeriodicSampler2.xml (RunModel)" time="0.087" />
  <testcase classname="ptolemy.util.test.junit.AutoTests" name="[110] /home/travis/build/icyphy/ptII/ptolemy/domains/continuous/test/auto/Poisson.xml (RunModel)" time="0.469" />
  <testcase classname="ptolemy.util.test.junit.AutoTests" name="[111] /home/travis/build/icyphy/ptII/ptolemy/domains/continuous/test/auto/PoissonClock.xml (RunModel)" time="0.016" />
  <testcase classname="ptolemy.util.test.junit.AutoTests" name="[112] /home/travis/build/icyphy/ptII/ptolemy/domains/continuous/test/auto/PoissonClock2.xml (RunModel)" time="0.013" />
  <testcase classname="ptolemy.util.test.junit.AutoTests" name="[113] /home/travis/build/icyphy/ptII/ptolemy/domains/continuous/test/auto/PortParameterHierarchy.xml (RunModel)" time="0.03" />
  <testcase classname="ptolemy.util.test.junit.AutoTests" name="[114] /home/travis/build/icyphy/ptII/ptolemy/domains/continuous/test/auto/RandomHybridPlant.xml (RunModel)" time="0.546" />
  <testcase classname="ptolemy.util.test.junit.AutoTests" name="[115] /home/travis/build/icyphy/ptII/ptolemy/domains/continuous/test/auto/ResetTransitionWithStartTime1.xml (RunModel)" time="0.03" />
  <testcase classname="ptolemy.util.test.junit.AutoTests" name="[116] /home/travis/build/icyphy/ptII/ptolemy/domains/continuous/test/auto/ResetTransitionWithStartTime2.xml (RunModel)" time="0.034" />
  <testcase classname="ptolemy.util.test.junit.AutoTests" name="[117] /home/travis/build/icyphy/ptII/ptolemy/domains/continuous/test/auto/ResetTransitionWithStartTime3.xml (RunModel)" time="0.037" />
  <testcase classname="ptolemy.util.test.junit.AutoTests" name="[118] /home/travis/build/icyphy/ptII/ptolemy/domains/continuous/test/auto/ResetTransitionWithStartTime4.xml (RunModel)" time="0.034" />
  <testcase classname="ptolemy.util.test.junit.AutoTests" name="[119] /home/travis/build/icyphy/ptII/ptolemy/domains/continuous/test/auto/ResetTransitionWithStartTime5.xml (RunModel)" time="0.033" />
  <testcase classname="ptolemy.util.test.junit.AutoTests" name="[120] /home/travis/build/icyphy/ptII/ptolemy/domains/continuous/test/auto/ResetTransitionWithStartTime6.xml (RunModel)" time="0.025" />
  <testcase classname="ptolemy.util.test.junit.AutoTests" name="[121] /home/travis/build/icyphy/ptII/ptolemy/domains/continuous/test/auto/SRinContinuous.xml (RunModel)" time="0.025" />
  <testcase classname="ptolemy.util.test.junit.AutoTests" name="[122] /home/travis/build/icyphy/ptII/ptolemy/domains/continuous/test/auto/SampledClocks.xml (RunModel)" time="0.032" />
  <testcase classname="ptolemy.util.test.junit.AutoTests" name="[123] /home/travis/build/icyphy/ptII/ptolemy/domains/continuous/test/auto/Satellite.xml (RunModel)" time="0.659" />
  <testcase classname="ptolemy.util.test.junit.AutoTests" name="[124] /home/travis/build/icyphy/ptII/ptolemy/domains/continuous/test/auto/SigmaDelta.xml (RunModel)" time="2.257" />
  <testcase classname="ptolemy.util.test.junit.AutoTests" name="[125] /home/travis/build/icyphy/ptII/ptolemy/domains/continuous/test/auto/SingleRefinement.xml (RunModel)" time="0.495" />
  <testcase classname="ptolemy.util.test.junit.AutoTests" name="[126] /home/travis/build/icyphy/ptII/ptolemy/domains/continuous/test/auto/SinuBouncingBall.xml (RunModel)" time="0.914" />
  <testcase classname="ptolemy.util.test.junit.AutoTests" name="[127] /home/travis/build/icyphy/ptII/ptolemy/domains/continuous/test/auto/Sinusoid.xml (RunModel)" time="0.018" />
  <testcase classname="ptolemy.util.test.junit.AutoTests" name="[128] /home/travis/build/icyphy/ptII/ptolemy/domains/continuous/test/auto/SinusoidInNoise.xml (RunModel)" time="0.896" />
  <testcase classname="ptolemy.util.test.junit.AutoTests" name="[129] /home/travis/build/icyphy/ptII/ptolemy/domains/continuous/test/auto/SinusoidRK45.xml (RunModel)" time="0.014" />
  <testcase classname="ptolemy.util.test.junit.AutoTests" name="[130] /home/travis/build/icyphy/ptII/ptolemy/domains/continuous/test/auto/SinusoidWithMultipleImpulses.xml (RunModel)" time="0.015" />
  <testcase classname="ptolemy.util.test.junit.AutoTests" name="[131] /home/travis/build/icyphy/ptII/ptolemy/domains/continuous/test/auto/SquareWave.xml (RunModel)" time="0.184" />
  <testcase classname="ptolemy.util.test.junit.AutoTests" name="[132] /home/travis/build/icyphy/ptII/ptolemy/domains/continuous/test/auto/Starmac.xml (RunModel)" time="3.598" />
  <testcase classname="ptolemy.util.test.junit.AutoTests" name="[133] /home/travis/build/icyphy/ptII/ptolemy/domains/continuous/test/auto/StaticUnits.xml (RunModel)" time="2.796" />
  <testcase classname="ptolemy.util.test.junit.AutoTests" name="[134] /home/travis/build/icyphy/ptII/ptolemy/domains/continuous/test/auto/StickyMasses.xml (RunModel)" time="0.201" />
  <testcase classname="ptolemy.util.test.junit.AutoTests" name="[135] /home/travis/build/icyphy/ptII/ptolemy/domains/continuous/test/auto/StopTime.xml (RunModel)" time="0.077" />
  <testcase classname="ptolemy.util.test.junit.AutoTests" name="[136] /home/travis/build/icyphy/ptII/ptolemy/domains/continuous/test/auto/StopTime2.xml (RunModel)" time="0.057" />
  <testcase classname="ptolemy.util.test.junit.AutoTests" name="[137] /home/travis/build/icyphy/ptII/ptolemy/domains/continuous/test/auto/Switch.xml (RunModel)" time="0.071" />
  <testcase classname="ptolemy.util.test.junit.AutoTests" name="[138] /home/travis/build/icyphy/ptII/ptolemy/domains/continuous/test/auto/Thermostat.xml (RunModel)" time="0.227" />
  <testcase classname="ptolemy.util.test.junit.AutoTests" name="[139] /home/travis/build/icyphy/ptII/ptolemy/domains/continuous/test/auto/TimeDelay.xml (RunModel)" time="0.016" />
  <testcase classname="ptolemy.util.test.junit.AutoTests" name="[140] /home/travis/build/icyphy/ptII/ptolemy/domains/continuous/test/auto/TimeDelay2.xml (RunModel)" time="0.026" />
  <testcase classname="ptolemy.util.test.junit.AutoTests" name="[141] /home/travis/build/icyphy/ptII/ptolemy/domains/continuous/test/auto/TimeDelay3.xml (RunModel)" time="0.012" />
  <testcase classname="ptolemy.util.test.junit.AutoTests" name="[142] /home/travis/build/icyphy/ptII/ptolemy/domains/continuous/test/auto/TransferAbsentToInside.xml (RunModel)" time="0.156" />
  <testcase classname="ptolemy.util.test.junit.AutoTests" name="[143] /home/travis/build/icyphy/ptII/ptolemy/domains/continuous/test/auto/Transmission.xml (RunModel)" time="0.878" />
  <testcase classname="ptolemy.util.test.junit.AutoTests" name="[144] /home/travis/build/icyphy/ptII/ptolemy/domains/continuous/test/auto/TriggeredContinuousClock.xml (RunModel)" time="0.073" />
  <testcase classname="ptolemy.util.test.junit.AutoTests" name="[145] /home/travis/build/icyphy/ptII/ptolemy/domains/continuous/test/auto/TwoMachineInfiniteBusControl.xml (RunModel)" time="2.785" />
  <testcase classname="ptolemy.util.test.junit.AutoTests" name="[146] /home/travis/build/icyphy/ptII/ptolemy/domains/continuous/test/auto/V2V.xml (RunModel)" time="0.857" />
  <testcase classname="ptolemy.util.test.junit.AutoTests" name="[147] /home/travis/build/icyphy/ptII/ptolemy/domains/continuous/test/auto/hierarchicalModalModel.xml (RunModel)" time="0.032" />
  <testcase classname="ptolemy.util.test.junit.AutoTests" name="[148] /home/travis/build/icyphy/ptII/ptolemy/domains/continuous/test/auto/hierarchicalModalModel1.xml (RunModel)" time="0.034" />
  <testcase classname="ptolemy.util.test.junit.AutoTests" name="[149] /home/travis/build/icyphy/ptII/ptolemy/domains/continuous/test/auto/hierarchicalModalModel2.xml (RunModel)" time="0.036" />
  <testcase classname="ptolemy.util.test.junit.AutoTests" name="[150] /home/travis/build/icyphy/ptII/ptolemy/domains/continuous/test/auto/hierarchicalModalModel3.xml (RunModel)" time="0.029" />
  <testcase classname="ptolemy.util.test.junit.AutoTests" name="[151] /home/travis/build/icyphy/ptII/ptolemy/domains/continuous/test/auto/hierarchicalModalModel4.xml (RunModel)" time="0.049" />
  <testcase classname="ptolemy.util.test.junit.AutoTests" name="[152] /home/travis/build/icyphy/ptII/ptolemy/domains/continuous/test/auto/junk.xml (RunModel)" time="0.14" />
  <system-out><![CDATA[No tcl tests in /home/travis/build/icyphy/ptII/ptolemy/domains/continuous/test
No auto/knownFailedTests/*.xml tests in /home/travis/build/icyphy/ptII/ptolemy/domains/continuous/test
No auto/linux-amd64/*.xml tests in /home/travis/build/icyphy/ptII/ptolemy/domains/continuous/test
AutoTests.java: About to close Vertx.
AutoTests.java: Vertx closed.

===========================================================================================
----------------- testing Mon Feb 03 17:35:22 UTC 2020 /home/travis/build/icyphy/ptII/ptolemy/domains/continuous/test/auto/BouncingBall.xml
----------------- Instantiating /home/travis/build/icyphy/ptII/ptolemy/domains/continuous/test/auto/BouncingBall.xml
2520 ms. Memory: 129024K Free: 67316K (52%)
----------------- Invoking toplevel() on ptolemy.moml.MoMLSimpleApplication@624221d1
----------------- Done invoking toplevel() on ptolemy.moml.MoMLSimpleApplication@624221d1
reloadAllAccessors: .BouncingBall

===========================================================================================
----------------- testing Mon Feb 03 17:35:25 UTC 2020 /home/travis/build/icyphy/ptII/ptolemy/domains/continuous/test/auto/BouncingBallWithoutGR.xml
----------------- Instantiating /home/travis/build/icyphy/ptII/ptolemy/domains/continuous/test/auto/BouncingBallWithoutGR.xml
903 ms. Memory: 155648K Free: 138970K (89%)
----------------- Invoking toplevel() on ptolemy.moml.MoMLSimpleApplication@26bf0fba
----------------- Done invoking toplevel() on ptolemy.moml.MoMLSimpleApplication@26bf0fba
reloadAllAccessors: .BouncingBallWithoutGR

===========================================================================================
----------------- testing Mon Feb 03 17:35:26 UTC 2020 /home/travis/build/icyphy/ptII/ptolemy/domains/continuous/test/auto/Brownian.xml
----------------- Instantiating /home/travis/build/icyphy/ptII/ptolemy/domains/continuous/test/auto/Brownian.xml
44 ms. Memory: 155648K Free: 130264K (84%)
----------------- Invoking toplevel() on ptolemy.moml.MoMLSimpleApplication@60f9fc08
----------------- Done invoking toplevel() on ptolemy.moml.MoMLSimpleApplication@60f9fc08
reloadAllAccessors: .Brownian

===========================================================================================
----------------- testing Mon Feb 03 17:35:26 UTC 2020 /home/travis/build/icyphy/ptII/ptolemy/domains/continuous/test/auto/CarTracking.xml
----------------- Instantiating /home/travis/build/icyphy/ptII/ptolemy/domains/continuous/test/auto/CarTracking.xml
3910 ms. Memory: 187392K Free: 129185K (69%)
----------------- Invoking toplevel() on ptolemy.moml.MoMLSimpleApplication@75ffcb4b
----------------- Done invoking toplevel() on ptolemy.moml.MoMLSimpleApplication@75ffcb4b
reloadAllAccessors: .CarTracking

===========================================================================================
----------------- testing Mon Feb 03 17:35:31 UTC 2020 /home/travis/build/icyphy/ptII/ptolemy/domains/continuous/test/auto/CartPendulum.xml
----------------- Instantiating /home/travis/build/icyphy/ptII/ptolemy/domains/continuous/test/auto/CartPendulum.xml
452 ms. Memory: 225280K Free: 189694K (84%)
----------------- Invoking toplevel() on ptolemy.moml.MoMLSimpleApplication@bf642d4
----------------- Done invoking toplevel() on ptolemy.moml.MoMLSimpleApplication@bf642d4
reloadAllAccessors: .CartPendulum

===========================================================================================
----------------- testing Mon Feb 03 17:35:31 UTC 2020 /home/travis/build/icyphy/ptII/ptolemy/domains/continuous/test/auto/CausalityInterface10.xml
----------------- Instantiating /home/travis/build/icyphy/ptII/ptolemy/domains/continuous/test/auto/CausalityInterface10.xml
17 ms. Memory: 225280K Free: 178932K (79%)
----------------- Invoking toplevel() on ptolemy.moml.MoMLSimpleApplication@3ae97783
----------------- Done invoking toplevel() on ptolemy.moml.MoMLSimpleApplication@3ae97783
reloadAllAccessors: .CausalityInterface10

===========================================================================================
----------------- testing Mon Feb 03 17:35:31 UTC 2020 /home/travis/build/icyphy/ptII/ptolemy/domains/continuous/test/auto/CausalityInterface11.xml
----------------- Instantiating /home/travis/build/icyphy/ptII/ptolemy/domains/continuous/test/auto/CausalityInterface11.xml
11 ms. Memory: 225280K Free: 172782K (77%)
----------------- Invoking toplevel() on ptolemy.moml.MoMLSimpleApplication@5114aff3
----------------- Done invoking toplevel() on ptolemy.moml.MoMLSimpleApplication@5114aff3
reloadAllAccessors: .CausalityInterface11

===========================================================================================
----------------- testing Mon Feb 03 17:35:31 UTC 2020 /home/travis/build/icyphy/ptII/ptolemy/domains/continuous/test/auto/CausalityInterface12.xml
----------------- Instantiating /home/travis/build/icyphy/ptII/ptolemy/domains/continuous/test/auto/CausalityInterface12.xml
10 ms. Memory: 225280K Free: 166652K (74%)
----------------- Invoking toplevel() on ptolemy.moml.MoMLSimpleApplication@20f58b25
----------------- Done invoking toplevel() on ptolemy.moml.MoMLSimpleApplication@20f58b25
reloadAllAccessors: .CausalityInterface12

===========================================================================================
----------------- testing Mon Feb 03 17:35:31 UTC 2020 /home/travis/build/icyphy/ptII/ptolemy/domains/continuous/test/auto/CausalityInterface13.xml
----------------- Instantiating /home/travis/build/icyphy/ptII/ptolemy/domains/continuous/test/auto/CausalityInterface13.xml
4 ms. Memory: 225280K Free: 160508K (71%)
----------------- Invoking toplevel() on ptolemy.moml.MoMLSimpleApplication@75b2d355
----------------- Done invoking toplevel() on ptolemy.moml.MoMLSimpleApplication@75b2d355
reloadAllAccessors: .CausalityInterface13

===========================================================================================
----------------- testing Mon Feb 03 17:35:31 UTC 2020 /home/travis/build/icyphy/ptII/ptolemy/domains/continuous/test/auto/CausalityInterface14.xml
----------------- Instantiating /home/travis/build/icyphy/ptII/ptolemy/domains/continuous/test/auto/CausalityInterface14.xml
6 ms. Memory: 225280K Free: 154878K (69%)
----------------- Invoking toplevel() on ptolemy.moml.MoMLSimpleApplication@30b1c550
----------------- Done invoking toplevel() on ptolemy.moml.MoMLSimpleApplication@30b1c550
reloadAllAccessors: .CausalityInterface14

===========================================================================================
----------------- testing Mon Feb 03 17:35:31 UTC 2020 /home/travis/build/icyphy/ptII/ptolemy/domains/continuous/test/auto/CausalityInterface4.xml
----------------- Instantiating /home/travis/build/icyphy/ptII/ptolemy/domains/continuous/test/auto/CausalityInterface4.xml
7 ms. Memory: 225280K Free: 148220K (66%)
----------------- Invoking toplevel() on ptolemy.moml.MoMLSimpleApplication@3fc17b22
----------------- Done invoking toplevel() on ptolemy.moml.MoMLSimpleApplication@3fc17b22
reloadAllAccessors: .CausalityInterface4

===========================================================================================
----------------- testing Mon Feb 03 17:35:31 UTC 2020 /home/travis/build/icyphy/ptII/ptolemy/domains/continuous/test/auto/CausalityInterface5.xml
----------------- Instantiating /home/travis/build/icyphy/ptII/ptolemy/domains/continuous/test/auto/CausalityInterface5.xml
4 ms. Memory: 225280K Free: 140028K (62%)
----------------- Invoking toplevel() on ptolemy.moml.MoMLSimpleApplication@22441ef5
----------------- Done invoking toplevel() on ptolemy.moml.MoMLSimpleApplication@22441ef5
reloadAllAccessors: .CausalityInterface5

===========================================================================================
----------------- testing Mon Feb 03 17:35:31 UTC 2020 /home/travis/build/icyphy/ptII/ptolemy/domains/continuous/test/auto/CausalityInterface6.xml
----------------- Instantiating /home/travis/build/icyphy/ptII/ptolemy/domains/continuous/test/auto/CausalityInterface6.xml
6 ms. Memory: 225280K Free: 134878K (60%)
----------------- Invoking toplevel() on ptolemy.moml.MoMLSimpleApplication@2936fc95
----------------- Done invoking toplevel() on ptolemy.moml.MoMLSimpleApplication@2936fc95
reloadAllAccessors: .CausalityInterface6

===========================================================================================
----------------- testing Mon Feb 03 17:35:31 UTC 2020 /home/travis/build/icyphy/ptII/ptolemy/domains/continuous/test/auto/CausalityInterface7.xml
----------------- Instantiating /home/travis/build/icyphy/ptII/ptolemy/domains/continuous/test/auto/CausalityInterface7.xml
15 ms. Memory: 225280K Free: 125692K (56%)
----------------- Invoking toplevel() on ptolemy.moml.MoMLSimpleApplication@3d8b8a03
----------------- Done invoking toplevel() on ptolemy.moml.MoMLSimpleApplication@3d8b8a03
reloadAllAccessors: .CausalityInterface7

===========================================================================================
----------------- testing Mon Feb 03 17:35:32 UTC 2020 /home/travis/build/icyphy/ptII/ptolemy/domains/continuous/test/auto/CausalityInterface8.xml
----------------- Instantiating /home/travis/build/icyphy/ptII/ptolemy/domains/continuous/test/auto/CausalityInterface8.xml
7 ms. Memory: 225280K Free: 116476K (52%)
----------------- Invoking toplevel() on ptolemy.moml.MoMLSimpleApplication@3670f5d
----------------- Done invoking toplevel() on ptolemy.moml.MoMLSimpleApplication@3670f5d
reloadAllAccessors: .CausalityInterface8

===========================================================================================
----------------- testing Mon Feb 03 17:35:32 UTC 2020 /home/travis/build/icyphy/ptII/ptolemy/domains/continuous/test/auto/CausalityInterface9.xml
----------------- Instantiating /home/travis/build/icyphy/ptII/ptolemy/domains/continuous/test/auto/CausalityInterface9.xml
10 ms. Memory: 225280K Free: 105212K (47%)
----------------- Invoking toplevel() on ptolemy.moml.MoMLSimpleApplication@605d3ff7
----------------- Done invoking toplevel() on ptolemy.moml.MoMLSimpleApplication@605d3ff7
reloadAllAccessors: .CausalityInterface9

===========================================================================================
----------------- testing Mon Feb 03 17:35:32 UTC 2020 /home/travis/build/icyphy/ptII/ptolemy/domains/continuous/test/auto/CausalityInterfaceFeedback1.xml
----------------- Instantiating /home/travis/build/icyphy/ptII/ptolemy/domains/continuous/test/auto/CausalityInterfaceFeedback1.xml
6 ms. Memory: 225280K Free: 98558K (44%)
----------------- Invoking toplevel() on ptolemy.moml.MoMLSimpleApplication@2a7c6a94
----------------- Done invoking toplevel() on ptolemy.moml.MoMLSimpleApplication@2a7c6a94
reloadAllAccessors: .CausalityInterfaceFeedback1

===========================================================================================
----------------- testing Mon Feb 03 17:35:32 UTC 2020 /home/travis/build/icyphy/ptII/ptolemy/domains/continuous/test/auto/CausalityInterfaceFeedback2.xml
----------------- Instantiating /home/travis/build/icyphy/ptII/ptolemy/domains/continuous/test/auto/CausalityInterfaceFeedback2.xml
5 ms. Memory: 225280K Free: 91886K (41%)
----------------- Invoking toplevel() on ptolemy.moml.MoMLSimpleApplication@59cd3564
----------------- Done invoking toplevel() on ptolemy.moml.MoMLSimpleApplication@59cd3564
reloadAllAccessors: .CausalityInterfaceFeedback2

===========================================================================================
----------------- testing Mon Feb 03 17:35:32 UTC 2020 /home/travis/build/icyphy/ptII/ptolemy/domains/continuous/test/auto/CompareWithCurrentTime.xml
----------------- Instantiating /home/travis/build/icyphy/ptII/ptolemy/domains/continuous/test/auto/CompareWithCurrentTime.xml
4 ms. Memory: 225280K Free: 87804K (39%)
----------------- Invoking toplevel() on ptolemy.moml.MoMLSimpleApplication@3564f3a9
----------------- Done invoking toplevel() on ptolemy.moml.MoMLSimpleApplication@3564f3a9
reloadAllAccessors: .CompareWithCurrentTime

===========================================================================================
----------------- testing Mon Feb 03 17:35:32 UTC 2020 /home/travis/build/icyphy/ptII/ptolemy/domains/continuous/test/auto/ComparedClocks.xml
----------------- Instantiating /home/travis/build/icyphy/ptII/ptolemy/domains/continuous/test/auto/ComparedClocks.xml
8 ms. Memory: 225280K Free: 206605K (92%)
----------------- Invoking toplevel() on ptolemy.moml.MoMLSimpleApplication@cbc1de1
----------------- Done invoking toplevel() on ptolemy.moml.MoMLSimpleApplication@cbc1de1
reloadAllAccessors: .ComparedClocks

===========================================================================================
----------------- testing Mon Feb 03 17:35:32 UTC 2020 /home/travis/build/icyphy/ptII/ptolemy/domains/continuous/test/auto/ContinuousAOCClone.xml
----------------- Instantiating /home/travis/build/icyphy/ptII/ptolemy/domains/continuous/test/auto/ContinuousAOCClone.xml
2473 ms. Memory: 270336K Free: 249906K (92%)
----------------- Invoking toplevel() on ptolemy.moml.MoMLSimpleApplication@38f93b81
----------------- Done invoking toplevel() on ptolemy.moml.MoMLSimpleApplication@38f93b81
reloadAllAccessors: .ContinuousAOCClone

===========================================================================================
----------------- testing Mon Feb 03 17:35:35 UTC 2020 /home/travis/build/icyphy/ptII/ptolemy/domains/continuous/test/auto/ContinuousClock.xml
----------------- Instantiating /home/travis/build/icyphy/ptII/ptolemy/domains/continuous/test/auto/ContinuousClock.xml
37 ms. Memory: 270336K Free: 228371K (84%)
----------------- Invoking toplevel() on ptolemy.moml.MoMLSimpleApplication@77a4da05
----------------- Done invoking toplevel() on ptolemy.moml.MoMLSimpleApplication@77a4da05
reloadAllAccessors: .ContinuousClock

===========================================================================================
----------------- testing Mon Feb 03 17:35:35 UTC 2020 /home/travis/build/icyphy/ptII/ptolemy/domains/continuous/test/auto/ContinuousInContinuous.xml
----------------- Instantiating /home/travis/build/icyphy/ptII/ptolemy/domains/continuous/test/auto/ContinuousInContinuous.xml
54 ms. Memory: 270336K Free: 204819K (76%)
----------------- Invoking toplevel() on ptolemy.moml.MoMLSimpleApplication@321111e1
----------------- Done invoking toplevel() on ptolemy.moml.MoMLSimpleApplication@321111e1
reloadAllAccessors: .ContinuousInContinuous

===========================================================================================
----------------- testing Mon Feb 03 17:35:35 UTC 2020 /home/travis/build/icyphy/ptII/ptolemy/domains/continuous/test/auto/ContinuousInContinuousInContinuous.xml
----------------- Instantiating /home/travis/build/icyphy/ptII/ptolemy/domains/continuous/test/auto/ContinuousInContinuousInContinuous.xml
10 ms. Memory: 270336K Free: 197667K (73%)
----------------- Invoking toplevel() on ptolemy.moml.MoMLSimpleApplication@6e182bbf
----------------- Done invoking toplevel() on ptolemy.moml.MoMLSimpleApplication@6e182bbf
reloadAllAccessors: .ContinuousInContinuousInContinuous

===========================================================================================
----------------- testing Mon Feb 03 17:35:35 UTC 2020 /home/travis/build/icyphy/ptII/ptolemy/domains/continuous/test/auto/ContinuousInDE.xml
----------------- Instantiating /home/travis/build/icyphy/ptII/ptolemy/domains/continuous/test/auto/ContinuousInDE.xml
57 ms. Memory: 270336K Free: 186418K (69%)
----------------- Invoking toplevel() on ptolemy.moml.MoMLSimpleApplication@5db246c
----------------- Done invoking toplevel() on ptolemy.moml.MoMLSimpleApplication@5db246c
reloadAllAccessors: .ContinuousInDE

===========================================================================================
----------------- testing Mon Feb 03 17:35:35 UTC 2020 /home/travis/build/icyphy/ptII/ptolemy/domains/continuous/test/auto/ContinuousInDE2.xml
----------------- Instantiating /home/travis/build/icyphy/ptII/ptolemy/domains/continuous/test/auto/ContinuousInDE2.xml
50 ms. Memory: 270336K Free: 176692K (65%)
----------------- Invoking toplevel() on ptolemy.moml.MoMLSimpleApplication@60d8c3dc
----------------- Done invoking toplevel() on ptolemy.moml.MoMLSimpleApplication@60d8c3dc
reloadAllAccessors: .ContinuousInDE2

===========================================================================================
----------------- testing Mon Feb 03 17:35:35 UTC 2020 /home/travis/build/icyphy/ptII/ptolemy/domains/continuous/test/auto/ContinuousInDE3.xml
----------------- Instantiating /home/travis/build/icyphy/ptII/ptolemy/domains/continuous/test/auto/ContinuousInDE3.xml
32 ms. Memory: 270336K Free: 166962K (62%)
----------------- Invoking toplevel() on ptolemy.moml.MoMLSimpleApplication@75202d24
----------------- Done invoking toplevel() on ptolemy.moml.MoMLSimpleApplication@75202d24
reloadAllAccessors: .ContinuousInDE3

===========================================================================================
----------------- testing Mon Feb 03 17:35:35 UTC 2020 /home/travis/build/icyphy/ptII/ptolemy/domains/continuous/test/auto/ContinuousInDE4.xml
----------------- Instantiating /home/travis/build/icyphy/ptII/ptolemy/domains/continuous/test/auto/ContinuousInDE4.xml
18 ms. Memory: 270336K Free: 160818K (59%)
----------------- Invoking toplevel() on ptolemy.moml.MoMLSimpleApplication@453fdd13
----------------- Done invoking toplevel() on ptolemy.moml.MoMLSimpleApplication@453fdd13
reloadAllAccessors: .ContinuousInDE4

===========================================================================================
----------------- testing Mon Feb 03 17:35:35 UTC 2020 /home/travis/build/icyphy/ptII/ptolemy/domains/continuous/test/auto/ContinuousInDEDifferentRefinements.xml
----------------- Instantiating /home/travis/build/icyphy/ptII/ptolemy/domains/continuous/test/auto/ContinuousInDEDifferentRefinements.xml
60 ms. Memory: 270336K Free: 129588K (48%)
----------------- Invoking toplevel() on ptolemy.moml.MoMLSimpleApplication@52fd0b5a
----------------- Done invoking toplevel() on ptolemy.moml.MoMLSimpleApplication@52fd0b5a
reloadAllAccessors: .ContinuousInDEDifferentRefinements

===========================================================================================
----------------- testing Mon Feb 03 17:35:35 UTC 2020 /home/travis/build/icyphy/ptII/ptolemy/domains/continuous/test/auto/ContinuousInDEDifferentRefinementsPreemptive.xml
----------------- Instantiating /home/travis/build/icyphy/ptII/ptolemy/domains/continuous/test/auto/ContinuousInDEDifferentRefinementsPreemptive.xml
48 ms. Memory: 270336K Free: 98339K (36%)
----------------- Invoking toplevel() on ptolemy.moml.MoMLSimpleApplication@1aa491da
----------------- Done invoking toplevel() on ptolemy.moml.MoMLSimpleApplication@1aa491da
reloadAllAccessors: .ContinuousInDEDifferentRefinementsPreemptive

===========================================================================================
----------------- testing Mon Feb 03 17:35:35 UTC 2020 /home/travis/build/icyphy/ptII/ptolemy/domains/continuous/test/auto/ContinuousInDEInContinuous2.xml
----------------- Instantiating /home/travis/build/icyphy/ptII/ptolemy/domains/continuous/test/auto/ContinuousInDEInContinuous2.xml
37 ms. Memory: 270336K Free: 247346K (91%)
----------------- Invoking toplevel() on ptolemy.moml.MoMLSimpleApplication@4577512d
----------------- Done invoking toplevel() on ptolemy.moml.MoMLSimpleApplication@4577512d
reloadAllAccessors: .ContinuousInDEInContinuous2

===========================================================================================
----------------- testing Mon Feb 03 17:35:35 UTC 2020 /home/travis/build/icyphy/ptII/ptolemy/domains/continuous/test/auto/ContinuousInDEInContinuous3.xml
----------------- Instantiating /home/travis/build/icyphy/ptII/ptolemy/domains/continuous/test/auto/ContinuousInDEInContinuous3.xml
38 ms. Memory: 270336K Free: 235058K (87%)
----------------- Invoking toplevel() on ptolemy.moml.MoMLSimpleApplication@51c74e93
----------------- Done invoking toplevel() on ptolemy.moml.MoMLSimpleApplication@51c74e93
reloadAllAccessors: .ContinuousInDEInContinuous3

===========================================================================================
----------------- testing Mon Feb 03 17:35:35 UTC 2020 /home/travis/build/icyphy/ptII/ptolemy/domains/continuous/test/auto/ContinuousInDEInput.xml
----------------- Instantiating /home/travis/build/icyphy/ptII/ptolemy/domains/continuous/test/auto/ContinuousInDEInput.xml
18 ms. Memory: 270336K Free: 227890K (84%)
----------------- Invoking toplevel() on ptolemy.moml.MoMLSimpleApplication@36ab17a8
----------------- Done invoking toplevel() on ptolemy.moml.MoMLSimpleApplication@36ab17a8
reloadAllAccessors: .ContinuousInDEInput

===========================================================================================
----------------- testing Mon Feb 03 17:35:35 UTC 2020 /home/travis/build/icyphy/ptII/ptolemy/domains/continuous/test/auto/ContinuousInDEInput2.xml
----------------- Instantiating /home/travis/build/icyphy/ptII/ptolemy/domains/continuous/test/auto/ContinuousInDEInput2.xml
14 ms. Memory: 270336K Free: 220722K (82%)
----------------- Invoking toplevel() on ptolemy.moml.MoMLSimpleApplication@53967051
----------------- Done invoking toplevel() on ptolemy.moml.MoMLSimpleApplication@53967051
reloadAllAccessors: .ContinuousInDEInput2

===========================================================================================
----------------- testing Mon Feb 03 17:35:36 UTC 2020 /home/travis/build/icyphy/ptII/ptolemy/domains/continuous/test/auto/ContinuousInDEInput3.xml
----------------- Instantiating /home/travis/build/icyphy/ptII/ptolemy/domains/continuous/test/auto/ContinuousInDEInput3.xml
15 ms. Memory: 270336K Free: 213554K (79%)
----------------- Invoking toplevel() on ptolemy.moml.MoMLSimpleApplication@6813c5ac
----------------- Done invoking toplevel() on ptolemy.moml.MoMLSimpleApplication@6813c5ac
reloadAllAccessors: .ContinuousInDEInput3

===========================================================================================
----------------- testing Mon Feb 03 17:35:36 UTC 2020 /home/travis/build/icyphy/ptII/ptolemy/domains/continuous/test/auto/ContinuousInDESharingRefinement.xml
----------------- Instantiating /home/travis/build/icyphy/ptII/ptolemy/domains/continuous/test/auto/ContinuousInDESharingRefinement.xml
147 ms. Memory: 270336K Free: 118836K (44%)
----------------- Invoking toplevel() on ptolemy.moml.MoMLSimpleApplication@7d7263e1
----------------- Done invoking toplevel() on ptolemy.moml.MoMLSimpleApplication@7d7263e1
reloadAllAccessors: .ContinuousInDESharingRefinement

===========================================================================================
----------------- testing Mon Feb 03 17:35:36 UTC 2020 /home/travis/build/icyphy/ptII/ptolemy/domains/continuous/test/auto/ContinuousInDEwithNoPorts.xml
----------------- Instantiating /home/travis/build/icyphy/ptII/ptolemy/domains/continuous/test/auto/ContinuousInDEwithNoPorts.xml
5 ms. Memory: 270336K Free: 114740K (42%)
----------------- Invoking toplevel() on ptolemy.moml.MoMLSimpleApplication@2c670de9
----------------- Done invoking toplevel() on ptolemy.moml.MoMLSimpleApplication@2c670de9
reloadAllAccessors: .ContinuousInDEwithNoPorts

===========================================================================================
----------------- testing Mon Feb 03 17:35:36 UTC 2020 /home/travis/build/icyphy/ptII/ptolemy/domains/continuous/test/auto/ContinuousInsideDE.xml
----------------- Instantiating /home/travis/build/icyphy/ptII/ptolemy/domains/continuous/test/auto/ContinuousInsideDE.xml
39 ms. Memory: 270336K Free: 103476K (38%)
----------------- Invoking toplevel() on ptolemy.moml.MoMLSimpleApplication@6ff5f326
----------------- Done invoking toplevel() on ptolemy.moml.MoMLSimpleApplication@6ff5f326
reloadAllAccessors: .ContinuousInsideDE

===========================================================================================
----------------- testing Mon Feb 03 17:35:36 UTC 2020 /home/travis/build/icyphy/ptII/ptolemy/domains/continuous/test/auto/ContinuousMerge1.xml
----------------- Instantiating /home/travis/build/icyphy/ptII/ptolemy/domains/continuous/test/auto/ContinuousMerge1.xml
3 ms. Memory: 270336K Free: 98852K (37%)
----------------- Invoking toplevel() on ptolemy.moml.MoMLSimpleApplication@7df15094
----------------- Done invoking toplevel() on ptolemy.moml.MoMLSimpleApplication@7df15094
reloadAllAccessors: .ContinuousMerge1

===========================================================================================
----------------- testing Mon Feb 03 17:35:36 UTC 2020 /home/travis/build/icyphy/ptII/ptolemy/domains/continuous/test/auto/ContinuousMerge2.xml
----------------- Instantiating /home/travis/build/icyphy/ptII/ptolemy/domains/continuous/test/auto/ContinuousMerge2.xml
19 ms. Memory: 270336K Free: 249499K (92%)
----------------- Invoking toplevel() on ptolemy.moml.MoMLSimpleApplication@113f2b73
----------------- Done invoking toplevel() on ptolemy.moml.MoMLSimpleApplication@113f2b73
reloadAllAccessors: .ContinuousMerge2

===========================================================================================
----------------- testing Mon Feb 03 17:35:36 UTC 2020 /home/travis/build/icyphy/ptII/ptolemy/domains/continuous/test/auto/ContinuousMerge3.xml
----------------- Instantiating /home/travis/build/icyphy/ptII/ptolemy/domains/continuous/test/auto/ContinuousMerge3.xml
41 ms. Memory: 270336K Free: 238749K (88%)
----------------- Invoking toplevel() on ptolemy.moml.MoMLSimpleApplication@34b86253
----------------- Done invoking toplevel() on ptolemy.moml.MoMLSimpleApplication@34b86253
reloadAllAccessors: .ContinuousMerge3

===========================================================================================
----------------- testing Mon Feb 03 17:35:36 UTC 2020 /home/travis/build/icyphy/ptII/ptolemy/domains/continuous/test/auto/ContinuousWithinContinuous.xml
----------------- Instantiating /home/travis/build/icyphy/ptII/ptolemy/domains/continuous/test/auto/ContinuousWithinContinuous.xml
32 ms. Memory: 270336K Free: 229533K (85%)
----------------- Invoking toplevel() on ptolemy.moml.MoMLSimpleApplication@31daa7e5
----------------- Done invoking toplevel() on ptolemy.moml.MoMLSimpleApplication@31daa7e5
reloadAllAccessors: .ContinuousWithinContinuous

===========================================================================================
----------------- testing Mon Feb 03 17:35:36 UTC 2020 /home/travis/build/icyphy/ptII/ptolemy/domains/continuous/test/auto/ContinuousWithinContinuous2.xml
----------------- Instantiating /home/travis/build/icyphy/ptII/ptolemy/domains/continuous/test/auto/ContinuousWithinContinuous2.xml
64 ms. Memory: 270336K Free: 218779K (81%)
----------------- Invoking toplevel() on ptolemy.moml.MoMLSimpleApplication@333aa5af
----------------- Done invoking toplevel() on ptolemy.moml.MoMLSimpleApplication@333aa5af
reloadAllAccessors: .ContinuousWithinContinuous2

===========================================================================================
----------------- testing Mon Feb 03 17:35:36 UTC 2020 /home/travis/build/icyphy/ptII/ptolemy/domains/continuous/test/auto/ContinuousWithinContinuous3.xml
----------------- Instantiating /home/travis/build/icyphy/ptII/ptolemy/domains/continuous/test/auto/ContinuousWithinContinuous3.xml
16 ms. Memory: 270336K Free: 212125K (78%)
----------------- Invoking toplevel() on ptolemy.moml.MoMLSimpleApplication@3029589d
----------------- Done invoking toplevel() on ptolemy.moml.MoMLSimpleApplication@3029589d
reloadAllAccessors: .ContinuousWithinContinuous3

===========================================================================================
----------------- testing Mon Feb 03 17:35:36 UTC 2020 /home/travis/build/icyphy/ptII/ptolemy/domains/continuous/test/auto/ContinuousWithinContinuous4.xml
----------------- Instantiating /home/travis/build/icyphy/ptII/ptolemy/domains/continuous/test/auto/ContinuousWithinContinuous4.xml
63 ms. Memory: 270336K Free: 199837K (74%)
----------------- Invoking toplevel() on ptolemy.moml.MoMLSimpleApplication@635b5148
----------------- Done invoking toplevel() on ptolemy.moml.MoMLSimpleApplication@635b5148
reloadAllAccessors: .ContinuousWithinContinuous4

===========================================================================================
----------------- testing Mon Feb 03 17:35:36 UTC 2020 /home/travis/build/icyphy/ptII/ptolemy/domains/continuous/test/auto/ContinuousWithinContinuous5.xml
----------------- Instantiating /home/travis/build/icyphy/ptII/ptolemy/domains/continuous/test/auto/ContinuousWithinContinuous5.xml
11 ms. Memory: 270336K Free: 192669K (71%)
----------------- Invoking toplevel() on ptolemy.moml.MoMLSimpleApplication@6d27a4e3
----------------- Done invoking toplevel() on ptolemy.moml.MoMLSimpleApplication@6d27a4e3
reloadAllAccessors: .ContinuousWithinContinuous5

===========================================================================================
----------------- testing Mon Feb 03 17:35:36 UTC 2020 /home/travis/build/icyphy/ptII/ptolemy/domains/continuous/test/auto/ContinuousWithinContinuous6.xml
----------------- Instantiating /home/travis/build/icyphy/ptII/ptolemy/domains/continuous/test/auto/ContinuousWithinContinuous6.xml
9 ms. Memory: 270336K Free: 185501K (69%)
----------------- Invoking toplevel() on ptolemy.moml.MoMLSimpleApplication@324db9d9
----------------- Done invoking toplevel() on ptolemy.moml.MoMLSimpleApplication@324db9d9
reloadAllAccessors: .ContinuousWithinContinuous6

===========================================================================================
----------------- testing Mon Feb 03 17:35:36 UTC 2020 /home/travis/build/icyphy/ptII/ptolemy/domains/continuous/test/auto/ContinuousWithinContinuous7.xml
----------------- Instantiating /home/travis/build/icyphy/ptII/ptolemy/domains/continuous/test/auto/ContinuousWithinContinuous7.xml
48 ms. Memory: 270336K Free: 174747K (65%)
----------------- Invoking toplevel() on ptolemy.moml.MoMLSimpleApplication@6003b70b
----------------- Done invoking toplevel() on ptolemy.moml.MoMLSimpleApplication@6003b70b
reloadAllAccessors: .ContinuousWithinContinuous7

===========================================================================================
----------------- testing Mon Feb 03 17:35:36 UTC 2020 /home/travis/build/icyphy/ptII/ptolemy/domains/continuous/test/auto/DCMotor.xml
----------------- Instantiating /home/travis/build/icyphy/ptII/ptolemy/domains/continuous/test/auto/DCMotor.xml
13418 ms. Memory: 270336K Free: 167191K (62%)
----------------- Invoking toplevel() on ptolemy.moml.MoMLSimpleApplication@5690dd7e
----------------- Done invoking toplevel() on ptolemy.moml.MoMLSimpleApplication@5690dd7e
reloadAllAccessors: .DCMotor

===========================================================================================
----------------- testing Mon Feb 03 17:35:50 UTC 2020 /home/travis/build/icyphy/ptII/ptolemy/domains/continuous/test/auto/DEInContinuous.xml
----------------- Instantiating /home/travis/build/icyphy/ptII/ptolemy/domains/continuous/test/auto/DEInContinuous.xml
9 ms. Memory: 270336K Free: 161047K (60%)
----------------- Invoking toplevel() on ptolemy.moml.MoMLSimpleApplication@1fb7b11b
----------------- Done invoking toplevel() on ptolemy.moml.MoMLSimpleApplication@1fb7b11b
reloadAllAccessors: .DEInContinuous

===========================================================================================
----------------- testing Mon Feb 03 17:35:50 UTC 2020 /home/travis/build/icyphy/ptII/ptolemy/domains/continuous/test/auto/DEinContinuous2.xml
----------------- Instantiating /home/travis/build/icyphy/ptII/ptolemy/domains/continuous/test/auto/DEinContinuous2.xml
7 ms. Memory: 270336K Free: 153369K (57%)
----------------- Invoking toplevel() on ptolemy.moml.MoMLSimpleApplication@3573bf6f
----------------- Done invoking toplevel() on ptolemy.moml.MoMLSimpleApplication@3573bf6f
reloadAllAccessors: .DEinContinuous2

===========================================================================================
----------------- testing Mon Feb 03 17:35:50 UTC 2020 /home/travis/build/icyphy/ptII/ptolemy/domains/continuous/test/auto/Derivative.xml
----------------- Instantiating /home/travis/build/icyphy/ptII/ptolemy/domains/continuous/test/auto/Derivative.xml
135 ms. Memory: 270336K Free: 124697K (46%)
----------------- Invoking toplevel() on ptolemy.moml.MoMLSimpleApplication@38556351
----------------- Done invoking toplevel() on ptolemy.moml.MoMLSimpleApplication@38556351
reloadAllAccessors: .Derivative2

===========================================================================================
----------------- testing Mon Feb 03 17:35:50 UTC 2020 /home/travis/build/icyphy/ptII/ptolemy/domains/continuous/test/auto/Derivative1.xml
----------------- Instantiating /home/travis/build/icyphy/ptII/ptolemy/domains/continuous/test/auto/Derivative1.xml
31 ms. Memory: 270336K Free: 110361K (41%)
----------------- Invoking toplevel() on ptolemy.moml.MoMLSimpleApplication@21de8815
----------------- Done invoking toplevel() on ptolemy.moml.MoMLSimpleApplication@21de8815
reloadAllAccessors: .Derivative1

===========================================================================================
----------------- testing Mon Feb 03 17:35:50 UTC 2020 /home/travis/build/icyphy/ptII/ptolemy/domains/continuous/test/auto/DiscreteClock.xml
----------------- Instantiating /home/travis/build/icyphy/ptII/ptolemy/domains/continuous/test/auto/DiscreteClock.xml
5 ms. Memory: 270336K Free: 105241K (39%)
----------------- Invoking toplevel() on ptolemy.moml.MoMLSimpleApplication@173206b4
----------------- Done invoking toplevel() on ptolemy.moml.MoMLSimpleApplication@173206b4
reloadAllAccessors: .DiscreteClock

===========================================================================================
----------------- testing Mon Feb 03 17:35:50 UTC 2020 /home/travis/build/icyphy/ptII/ptolemy/domains/continuous/test/auto/EfficiencyCurve.xml
----------------- Instantiating /home/travis/build/icyphy/ptII/ptolemy/domains/continuous/test/auto/EfficiencyCurve.xml
69 ms. Memory: 270336K Free: 97049K (36%)
----------------- Invoking toplevel() on ptolemy.moml.MoMLSimpleApplication@60f3026
----------------- Done invoking toplevel() on ptolemy.moml.MoMLSimpleApplication@60f3026
reloadAllAccessors: .EfficiencyCurve

===========================================================================================
----------------- testing Mon Feb 03 17:35:50 UTC 2020 /home/travis/build/icyphy/ptII/ptolemy/domains/continuous/test/auto/ExponentialResponse.xml
----------------- Instantiating /home/travis/build/icyphy/ptII/ptolemy/domains/continuous/test/auto/ExponentialResponse.xml
90 ms. Memory: 270336K Free: 242315K (90%)
----------------- Invoking toplevel() on ptolemy.moml.MoMLSimpleApplication@717153c
----------------- Done invoking toplevel() on ptolemy.moml.MoMLSimpleApplication@717153c
reloadAllAccessors: .ExponentialResponse

===========================================================================================
----------------- testing Mon Feb 03 17:35:50 UTC 2020 /home/travis/build/icyphy/ptII/ptolemy/domains/continuous/test/auto/ExponentialResponseRK45.xml
----------------- Instantiating /home/travis/build/icyphy/ptII/ptolemy/domains/continuous/test/auto/ExponentialResponseRK45.xml
22 ms. Memory: 270336K Free: 235657K (87%)
----------------- Invoking toplevel() on ptolemy.moml.MoMLSimpleApplication@706e3086
----------------- Done invoking toplevel() on ptolemy.moml.MoMLSimpleApplication@706e3086
reloadAllAccessors: .ExponentialResponseRK45

===========================================================================================
----------------- testing Mon Feb 03 17:35:50 UTC 2020 /home/travis/build/icyphy/ptII/ptolemy/domains/continuous/test/auto/Friction.xml
----------------- Instantiating /home/travis/build/icyphy/ptII/ptolemy/domains/continuous/test/auto/Friction.xml
1520 ms. Memory: 270336K Free: 130060K (48%)
----------------- Invoking toplevel() on ptolemy.moml.MoMLSimpleApplication@528f9e2b
----------------- Done invoking toplevel() on ptolemy.moml.MoMLSimpleApplication@528f9e2b
reloadAllAccessors: .Friction

===========================================================================================
----------------- testing Mon Feb 03 17:35:52 UTC 2020 /home/travis/build/icyphy/ptII/ptolemy/domains/continuous/test/auto/FurutaPendulum.xml
----------------- Instantiating /home/travis/build/icyphy/ptII/ptolemy/domains/continuous/test/auto/FurutaPendulum.xml
3127 ms. Memory: 270336K Free: 123123K (46%)
----------------- Invoking toplevel() on ptolemy.moml.MoMLSimpleApplication@7e85f599
----------------- Done invoking toplevel() on ptolemy.moml.MoMLSimpleApplication@7e85f599
reloadAllAccessors: .FurutaPendulum

===========================================================================================
----------------- testing Mon Feb 03 17:35:55 UTC 2020 /home/travis/build/icyphy/ptII/ptolemy/domains/continuous/test/auto/HierarchicalExecution.xml
----------------- Instantiating /home/travis/build/icyphy/ptII/ptolemy/domains/continuous/test/auto/HierarchicalExecution.xml
1637 ms. Memory: 270336K Free: 164791K (61%)
----------------- Invoking toplevel() on ptolemy.moml.MoMLSimpleApplication@4d438f80
----------------- Done invoking toplevel() on ptolemy.moml.MoMLSimpleApplication@4d438f80
reloadAllAccessors: .HierarchicalExecution

===========================================================================================
----------------- testing Mon Feb 03 17:35:57 UTC 2020 /home/travis/build/icyphy/ptII/ptolemy/domains/continuous/test/auto/HybridPlant.xml
----------------- Instantiating /home/travis/build/icyphy/ptII/ptolemy/domains/continuous/test/auto/HybridPlant.xml
570 ms. Memory: 270336K Free: 221477K (82%)
----------------- Invoking toplevel() on ptolemy.moml.MoMLSimpleApplication@3e774170
----------------- Done invoking toplevel() on ptolemy.moml.MoMLSimpleApplication@3e774170
reloadAllAccessors: .HybridPlant

===========================================================================================
----------------- testing Mon Feb 03 17:35:58 UTC 2020 /home/travis/build/icyphy/ptII/ptolemy/domains/continuous/test/auto/Hysteresis.xml
----------------- Instantiating /home/travis/build/icyphy/ptII/ptolemy/domains/continuous/test/auto/Hysteresis.xml
149 ms. Memory: 270336K Free: 158983K (59%)
----------------- Invoking toplevel() on ptolemy.moml.MoMLSimpleApplication@3ab83f54
----------------- Done invoking toplevel() on ptolemy.moml.MoMLSimpleApplication@3ab83f54
reloadAllAccessors: .Hysteresis

===========================================================================================
----------------- testing Mon Feb 03 17:35:58 UTC 2020 /home/travis/build/icyphy/ptII/ptolemy/domains/continuous/test/auto/HysteresisWithRandomDelay.xml
----------------- Instantiating /home/travis/build/icyphy/ptII/ptolemy/domains/continuous/test/auto/HysteresisWithRandomDelay.xml
190 ms. Memory: 270336K Free: 248131K (92%)
----------------- Invoking toplevel() on ptolemy.moml.MoMLSimpleApplication@768c48e1
----------------- Done invoking toplevel() on ptolemy.moml.MoMLSimpleApplication@768c48e1
reloadAllAccessors: .HysteresisWithRandomDelay

===========================================================================================
----------------- testing Mon Feb 03 17:35:58 UTC 2020 /home/travis/build/icyphy/ptII/ptolemy/domains/continuous/test/auto/HysteresisWithRandomLosses.xml
----------------- Instantiating /home/travis/build/icyphy/ptII/ptolemy/domains/continuous/test/auto/HysteresisWithRandomLosses.xml
2368 ms. Memory: 324608K Free: 270820K (83%)
----------------- Invoking toplevel() on ptolemy.moml.MoMLSimpleApplication@7169da66
----------------- Done invoking toplevel() on ptolemy.moml.MoMLSimpleApplication@7169da66
reloadAllAccessors: .HysteresisWithRandomLosses

===========================================================================================
----------------- testing Mon Feb 03 17:36:01 UTC 2020 /home/travis/build/icyphy/ptII/ptolemy/domains/continuous/test/auto/ImmediateTransitions.xml
----------------- Instantiating /home/travis/build/icyphy/ptII/ptolemy/domains/continuous/test/auto/ImmediateTransitions.xml
10 ms. Memory: 324608K Free: 259556K (80%)
----------------- Invoking toplevel() on ptolemy.moml.MoMLSimpleApplication@3380121c
----------------- Done invoking toplevel() on ptolemy.moml.MoMLSimpleApplication@3380121c
reloadAllAccessors: .ImmediateTransitions

===========================================================================================
----------------- testing Mon Feb 03 17:36:01 UTC 2020 /home/travis/build/icyphy/ptII/ptolemy/domains/continuous/test/auto/ImpulseFeedback.xml
----------------- Instantiating /home/travis/build/icyphy/ptII/ptolemy/domains/continuous/test/auto/ImpulseFeedback.xml
6 ms. Memory: 324608K Free: 253922K (78%)
----------------- Invoking toplevel() on ptolemy.moml.MoMLSimpleApplication@473c2ef0
----------------- Done invoking toplevel() on ptolemy.moml.MoMLSimpleApplication@473c2ef0
reloadAllAccessors: .ImpulseFeedback

===========================================================================================
----------------- testing Mon Feb 03 17:36:01 UTC 2020 /home/travis/build/icyphy/ptII/ptolemy/domains/continuous/test/auto/ImpulseFeedback2.xml
----------------- Instantiating /home/travis/build/icyphy/ptII/ptolemy/domains/continuous/test/auto/ImpulseFeedback2.xml
6 ms. Memory: 324608K Free: 248292K (76%)
----------------- Invoking toplevel() on ptolemy.moml.MoMLSimpleApplication@3622cb5f
----------------- Done invoking toplevel() on ptolemy.moml.MoMLSimpleApplication@3622cb5f
reloadAllAccessors: .ImpulseFeedback2

===========================================================================================
----------------- testing Mon Feb 03 17:36:01 UTC 2020 /home/travis/build/icyphy/ptII/ptolemy/domains/continuous/test/auto/IncreasingRatePoisson.xml
----------------- Instantiating /home/travis/build/icyphy/ptII/ptolemy/domains/continuous/test/auto/IncreasingRatePoisson.xml
722 ms. Memory: 324608K Free: 126066K (39%)
----------------- Invoking toplevel() on ptolemy.moml.MoMLSimpleApplication@7203a911
----------------- Done invoking toplevel() on ptolemy.moml.MoMLSimpleApplication@7203a911
reloadAllAccessors: .IncreasingRatePoisson

===========================================================================================
----------------- testing Mon Feb 03 17:36:02 UTC 2020 /home/travis/build/icyphy/ptII/ptolemy/domains/continuous/test/auto/InitialStateFeedback.xml
----------------- Instantiating /home/travis/build/icyphy/ptII/ptolemy/domains/continuous/test/auto/InitialStateFeedback.xml
6 ms. Memory: 324608K Free: 121456K (37%)
----------------- Invoking toplevel() on ptolemy.moml.MoMLSimpleApplication@650fcbaf
----------------- Done invoking toplevel() on ptolemy.moml.MoMLSimpleApplication@650fcbaf
reloadAllAccessors: .InitialStateFeedback

===========================================================================================
----------------- testing Mon Feb 03 17:36:02 UTC 2020 /home/travis/build/icyphy/ptII/ptolemy/domains/continuous/test/auto/Integration.xml
----------------- Instantiating /home/travis/build/icyphy/ptII/ptolemy/domains/continuous/test/auto/Integration.xml
2 ms. Memory: 324608K Free: 117360K (36%)
----------------- Invoking toplevel() on ptolemy.moml.MoMLSimpleApplication@6b828ec5
----------------- Done invoking toplevel() on ptolemy.moml.MoMLSimpleApplication@6b828ec5
reloadAllAccessors: .Integration

===========================================================================================
----------------- testing Mon Feb 03 17:36:02 UTC 2020 /home/travis/build/icyphy/ptII/ptolemy/domains/continuous/test/auto/Integration2.xml
----------------- Instantiating /home/travis/build/icyphy/ptII/ptolemy/domains/continuous/test/auto/Integration2.xml
71 ms. Memory: 324608K Free: 297090K (92%)
----------------- Invoking toplevel() on ptolemy.moml.MoMLSimpleApplication@1c7885a9
----------------- Done invoking toplevel() on ptolemy.moml.MoMLSimpleApplication@1c7885a9
reloadAllAccessors: .Integration2

===========================================================================================
----------------- testing Mon Feb 03 17:36:02 UTC 2020 /home/travis/build/icyphy/ptII/ptolemy/domains/continuous/test/auto/Integration3.xml
----------------- Instantiating /home/travis/build/icyphy/ptII/ptolemy/domains/continuous/test/auto/Integration3.xml
2 ms. Memory: 324608K Free: 292480K (90%)
----------------- Invoking toplevel() on ptolemy.moml.MoMLSimpleApplication@45b7d068
----------------- Done invoking toplevel() on ptolemy.moml.MoMLSimpleApplication@45b7d068
reloadAllAccessors: .Integration3

===========================================================================================
----------------- testing Mon Feb 03 17:36:02 UTC 2020 /home/travis/build/icyphy/ptII/ptolemy/domains/continuous/test/auto/Integration5.xml
----------------- Instantiating /home/travis/build/icyphy/ptII/ptolemy/domains/continuous/test/auto/Integration5.xml
2 ms. Memory: 324608K Free: 288384K (89%)
----------------- Invoking toplevel() on ptolemy.moml.MoMLSimpleApplication@26b66bcd
----------------- Done invoking toplevel() on ptolemy.moml.MoMLSimpleApplication@26b66bcd
reloadAllAccessors: .Integration5

===========================================================================================
----------------- testing Mon Feb 03 17:36:02 UTC 2020 /home/travis/build/icyphy/ptII/ptolemy/domains/continuous/test/auto/IntegratorImpulse.xml
----------------- Instantiating /home/travis/build/icyphy/ptII/ptolemy/domains/continuous/test/auto/IntegratorImpulse.xml
2 ms. Memory: 324608K Free: 284258K (88%)
----------------- Invoking toplevel() on ptolemy.moml.MoMLSimpleApplication@215f779a
----------------- Done invoking toplevel() on ptolemy.moml.MoMLSimpleApplication@215f779a
reloadAllAccessors: .IntegratorImpulse

===========================================================================================
----------------- testing Mon Feb 03 17:36:02 UTC 2020 /home/travis/build/icyphy/ptII/ptolemy/domains/continuous/test/auto/IntegratorImpulse2.xml
----------------- Instantiating /home/travis/build/icyphy/ptII/ptolemy/domains/continuous/test/auto/IntegratorImpulse2.xml
4 ms. Memory: 324608K Free: 279682K (86%)
----------------- Invoking toplevel() on ptolemy.moml.MoMLSimpleApplication@7deba879
----------------- Done invoking toplevel() on ptolemy.moml.MoMLSimpleApplication@7deba879
reloadAllAccessors: .IntegratorImpulse2

===========================================================================================
----------------- testing Mon Feb 03 17:36:02 UTC 2020 /home/travis/build/icyphy/ptII/ptolemy/domains/continuous/test/auto/LevelCrossing1.xml
----------------- Instantiating /home/travis/build/icyphy/ptII/ptolemy/domains/continuous/test/auto/LevelCrossing1.xml
3 ms. Memory: 324608K Free: 274562K (85%)
----------------- Invoking toplevel() on ptolemy.moml.MoMLSimpleApplication@7d48f355
----------------- Done invoking toplevel() on ptolemy.moml.MoMLSimpleApplication@7d48f355
reloadAllAccessors: .LevelCrossing1

===========================================================================================
----------------- testing Mon Feb 03 17:36:02 UTC 2020 /home/travis/build/icyphy/ptII/ptolemy/domains/continuous/test/auto/LevelCrossing2.xml
----------------- Instantiating /home/travis/build/icyphy/ptII/ptolemy/domains/continuous/test/auto/LevelCrossing2.xml
3 ms. Memory: 324608K Free: 269442K (83%)
----------------- Invoking toplevel() on ptolemy.moml.MoMLSimpleApplication@21cc9af4
----------------- Done invoking toplevel() on ptolemy.moml.MoMLSimpleApplication@21cc9af4
reloadAllAccessors: .LevelCrossing2

===========================================================================================
----------------- testing Mon Feb 03 17:36:02 UTC 2020 /home/travis/build/icyphy/ptII/ptolemy/domains/continuous/test/auto/LevelCrossing3.xml
----------------- Instantiating /home/travis/build/icyphy/ptII/ptolemy/domains/continuous/test/auto/LevelCrossing3.xml
2 ms. Memory: 324608K Free: 264322K (81%)
----------------- Invoking toplevel() on ptolemy.moml.MoMLSimpleApplication@48ef4e95
----------------- Done invoking toplevel() on ptolemy.moml.MoMLSimpleApplication@48ef4e95
reloadAllAccessors: .LevelCrossing3

===========================================================================================
----------------- testing Mon Feb 03 17:36:02 UTC 2020 /home/travis/build/icyphy/ptII/ptolemy/domains/continuous/test/auto/LevelCrossing4.xml
----------------- Instantiating /home/travis/build/icyphy/ptII/ptolemy/domains/continuous/test/auto/LevelCrossing4.xml
3 ms. Memory: 324608K Free: 259202K (80%)
----------------- Invoking toplevel() on ptolemy.moml.MoMLSimpleApplication@3a98c8f9
----------------- Done invoking toplevel() on ptolemy.moml.MoMLSimpleApplication@3a98c8f9
reloadAllAccessors: .LevelCrossing4

===========================================================================================
----------------- testing Mon Feb 03 17:36:02 UTC 2020 /home/travis/build/icyphy/ptII/ptolemy/domains/continuous/test/auto/LevelCrossing5.xml
----------------- Instantiating /home/travis/build/icyphy/ptII/ptolemy/domains/continuous/test/auto/LevelCrossing5.xml
3 ms. Memory: 324608K Free: 254082K (78%)
----------------- Invoking toplevel() on ptolemy.moml.MoMLSimpleApplication@348be618
----------------- Done invoking toplevel() on ptolemy.moml.MoMLSimpleApplication@348be618
reloadAllAccessors: .LevelCrossing5

===========================================================================================
[...]
reloadAllAccessors: .ResetTransitionWithStartTime6

===========================================================================================
----------------- testing Mon Feb 03 17:36:18 UTC 2020 /home/travis/build/icyphy/ptII/ptolemy/domains/continuous/test/auto/SRinContinuous.xml
----------------- Instantiating /home/travis/build/icyphy/ptII/ptolemy/domains/continuous/test/auto/SRinContinuous.xml
4 ms. Memory: 324608K Free: 266478K (82%)
----------------- Invoking toplevel() on ptolemy.moml.MoMLSimpleApplication@672b73ba
----------------- Done invoking toplevel() on ptolemy.moml.MoMLSimpleApplication@672b73ba
reloadAllAccessors: .SRinContinuous

===========================================================================================
----------------- testing Mon Feb 03 17:36:18 UTC 2020 /home/travis/build/icyphy/ptII/ptolemy/domains/continuous/test/auto/SampledClocks.xml
----------------- Instantiating /home/travis/build/icyphy/ptII/ptolemy/domains/continuous/test/auto/SampledClocks.xml
6 ms. Memory: 324608K Free: 253680K (78%)
----------------- Invoking toplevel() on ptolemy.moml.MoMLSimpleApplication@2d806623
----------------- Done invoking toplevel() on ptolemy.moml.MoMLSimpleApplication@2d806623
reloadAllAccessors: .SampledClocks

===========================================================================================
----------------- testing Mon Feb 03 17:36:18 UTC 2020 /home/travis/build/icyphy/ptII/ptolemy/domains/continuous/test/auto/Satellite.xml
----------------- Instantiating /home/travis/build/icyphy/ptII/ptolemy/domains/continuous/test/auto/Satellite.xml
639 ms. Memory: 324608K Free: 253439K (78%)
----------------- Invoking toplevel() on ptolemy.moml.MoMLSimpleApplication@6190a03b
----------------- Done invoking toplevel() on ptolemy.moml.MoMLSimpleApplication@6190a03b
reloadAllAccessors: .Satellite

===========================================================================================
----------------- testing Mon Feb 03 17:36:18 UTC 2020 /home/travis/build/icyphy/ptII/ptolemy/domains/continuous/test/auto/SigmaDelta.xml
----------------- Instantiating /home/travis/build/icyphy/ptII/ptolemy/domains/continuous/test/auto/SigmaDelta.xml
2110 ms. Memory: 324608K Free: 184438K (57%)
----------------- Invoking toplevel() on ptolemy.moml.MoMLSimpleApplication@63833b85
----------------- Done invoking toplevel() on ptolemy.moml.MoMLSimpleApplication@63833b85
reloadAllAccessors: .SigmaDelta

===========================================================================================
----------------- testing Mon Feb 03 17:36:21 UTC 2020 /home/travis/build/icyphy/ptII/ptolemy/domains/continuous/test/auto/SingleRefinement.xml
----------------- Instantiating /home/travis/build/icyphy/ptII/ptolemy/domains/continuous/test/auto/SingleRefinement.xml
343 ms. Memory: 324608K Free: 193702K (60%)
----------------- Invoking toplevel() on ptolemy.moml.MoMLSimpleApplication@2aa5adc
----------------- Done invoking toplevel() on ptolemy.moml.MoMLSimpleApplication@2aa5adc
reloadAllAccessors: .SingleRefinement

===========================================================================================
----------------- testing Mon Feb 03 17:36:21 UTC 2020 /home/travis/build/icyphy/ptII/ptolemy/domains/continuous/test/auto/SinuBouncingBall.xml
----------------- Instantiating /home/travis/build/icyphy/ptII/ptolemy/domains/continuous/test/auto/SinuBouncingBall.xml
831 ms. Memory: 324608K Free: 173558K (53%)
----------------- Invoking toplevel() on ptolemy.moml.MoMLSimpleApplication@29dc23ea
----------------- Done invoking toplevel() on ptolemy.moml.MoMLSimpleApplication@29dc23ea
reloadAllAccessors: .SinuBouncingBall

===========================================================================================
----------------- testing Mon Feb 03 17:36:22 UTC 2020 /home/travis/build/icyphy/ptII/ptolemy/domains/continuous/test/auto/Sinusoid.xml
----------------- Instantiating /home/travis/build/icyphy/ptII/ptolemy/domains/continuous/test/auto/Sinusoid.xml
4 ms. Memory: 324608K Free: 168934K (52%)
----------------- Invoking toplevel() on ptolemy.moml.MoMLSimpleApplication@6bc96bdb
----------------- Done invoking toplevel() on ptolemy.moml.MoMLSimpleApplication@6bc96bdb
reloadAllAccessors: .Sinusoid

===========================================================================================
----------------- testing Mon Feb 03 17:36:22 UTC 2020 /home/travis/build/icyphy/ptII/ptolemy/domains/continuous/test/auto/SinusoidInNoise.xml
----------------- Instantiating /home/travis/build/icyphy/ptII/ptolemy/domains/continuous/test/auto/SinusoidInNoise.xml
846 ms. Memory: 324608K Free: 227296K (70%)
----------------- Invoking toplevel() on ptolemy.moml.MoMLSimpleApplication@aaf99c6
----------------- Done invoking toplevel() on ptolemy.moml.MoMLSimpleApplication@aaf99c6
reloadAllAccessors: .SinusoidInNoise

===========================================================================================
----------------- testing Mon Feb 03 17:36:23 UTC 2020 /home/travis/build/icyphy/ptII/ptolemy/domains/continuous/test/auto/SinusoidRK45.xml
----------------- Instantiating /home/travis/build/icyphy/ptII/ptolemy/domains/continuous/test/auto/SinusoidRK45.xml
5 ms. Memory: 324608K Free: 222656K (69%)
----------------- Invoking toplevel() on ptolemy.moml.MoMLSimpleApplication@44eec8aa
----------------- Done invoking toplevel() on ptolemy.moml.MoMLSimpleApplication@44eec8aa
reloadAllAccessors: .SinusoidRK45

===========================================================================================
----------------- testing Mon Feb 03 17:36:23 UTC 2020 /home/travis/build/icyphy/ptII/ptolemy/domains/continuous/test/auto/SinusoidWithMultipleImpulses.xml
----------------- Instantiating /home/travis/build/icyphy/ptII/ptolemy/domains/continuous/test/auto/SinusoidWithMultipleImpulses.xml
6 ms. Memory: 324608K Free: 218080K (67%)
----------------- Invoking toplevel() on ptolemy.moml.MoMLSimpleApplication@70d4b282
----------------- Done invoking toplevel() on ptolemy.moml.MoMLSimpleApplication@70d4b282
reloadAllAccessors: .SinusoidWithMultipleImpulses

===========================================================================================
----------------- testing Mon Feb 03 17:36:23 UTC 2020 /home/travis/build/icyphy/ptII/ptolemy/domains/continuous/test/auto/SquareWave.xml
----------------- Instantiating /home/travis/build/icyphy/ptII/ptolemy/domains/continuous/test/auto/SquareWave.xml
152 ms. Memory: 324608K Free: 190432K (59%)
----------------- Invoking toplevel() on ptolemy.moml.MoMLSimpleApplication@395fb905
----------------- Done invoking toplevel() on ptolemy.moml.MoMLSimpleApplication@395fb905
reloadAllAccessors: .SquareWave

===========================================================================================
----------------- testing Mon Feb 03 17:36:23 UTC 2020 /home/travis/build/icyphy/ptII/ptolemy/domains/continuous/test/auto/Starmac.xml
----------------- Instantiating /home/travis/build/icyphy/ptII/ptolemy/domains/continuous/test/auto/Starmac.xml
3081 ms. Memory: 324608K Free: 262279K (81%)
----------------- Invoking toplevel() on ptolemy.moml.MoMLSimpleApplication@313b427f
----------------- Done invoking toplevel() on ptolemy.moml.MoMLSimpleApplication@313b427f
reloadAllAccessors: .Starmac

===========================================================================================
----------------- testing Mon Feb 03 17:36:27 UTC 2020 /home/travis/build/icyphy/ptII/ptolemy/domains/continuous/test/auto/StaticUnits.xml
----------------- Instantiating /home/travis/build/icyphy/ptII/ptolemy/domains/continuous/test/auto/StaticUnits.xml
2056 ms. Memory: 324608K Free: 186470K (57%)
----------------- Invoking toplevel() on ptolemy.moml.MoMLSimpleApplication@127b8539
----------------- Done invoking toplevel() on ptolemy.moml.MoMLSimpleApplication@127b8539
reloadAllAccessors: .StaticUnits

===========================================================================================
----------------- testing Mon Feb 03 17:36:30 UTC 2020 /home/travis/build/icyphy/ptII/ptolemy/domains/continuous/test/auto/StickyMasses.xml
----------------- Instantiating /home/travis/build/icyphy/ptII/ptolemy/domains/continuous/test/auto/StickyMasses.xml
141 ms. Memory: 324608K Free: 136808K (42%)
----------------- Invoking toplevel() on ptolemy.moml.MoMLSimpleApplication@27563492
----------------- Done invoking toplevel() on ptolemy.moml.MoMLSimpleApplication@27563492
reloadAllAccessors: .StickyMasses

===========================================================================================
----------------- testing Mon Feb 03 17:36:30 UTC 2020 /home/travis/build/icyphy/ptII/ptolemy/domains/continuous/test/auto/StopTime.xml
----------------- Instantiating /home/travis/build/icyphy/ptII/ptolemy/domains/continuous/test/auto/StopTime.xml
55 ms. Memory: 324608K Free: 301610K (93%)
----------------- Invoking toplevel() on ptolemy.moml.MoMLSimpleApplication@11c01a6b
----------------- Done invoking toplevel() on ptolemy.moml.MoMLSimpleApplication@11c01a6b
reloadAllAccessors: .StopTime

===========================================================================================
----------------- testing Mon Feb 03 17:36:30 UTC 2020 /home/travis/build/icyphy/ptII/ptolemy/domains/continuous/test/auto/StopTime2.xml
----------------- Instantiating /home/travis/build/icyphy/ptII/ptolemy/domains/continuous/test/auto/StopTime2.xml
34 ms. Memory: 324608K Free: 279082K (86%)
----------------- Invoking toplevel() on ptolemy.moml.MoMLSimpleApplication@4db45fe9
----------------- Done invoking toplevel() on ptolemy.moml.MoMLSimpleApplication@4db45fe9
reloadAllAccessors: .StopTime2

===========================================================================================
----------------- testing Mon Feb 03 17:36:30 UTC 2020 /home/travis/build/icyphy/ptII/ptolemy/domains/continuous/test/auto/Switch.xml
----------------- Instantiating /home/travis/build/icyphy/ptII/ptolemy/domains/continuous/test/auto/Switch.xml
45 ms. Memory: 324608K Free: 253978K (78%)
----------------- Invoking toplevel() on ptolemy.moml.MoMLSimpleApplication@78d64e88
----------------- Done invoking toplevel() on ptolemy.moml.MoMLSimpleApplication@78d64e88
reloadAllAccessors: .Switch

===========================================================================================
----------------- testing Mon Feb 03 17:36:30 UTC 2020 /home/travis/build/icyphy/ptII/ptolemy/domains/continuous/test/auto/Thermostat.xml
----------------- Instantiating /home/travis/build/icyphy/ptII/ptolemy/domains/continuous/test/auto/Thermostat.xml
199 ms. Memory: 324608K Free: 181802K (56%)
----------------- Invoking toplevel() on ptolemy.moml.MoMLSimpleApplication@f3f64d
----------------- Done invoking toplevel() on ptolemy.moml.MoMLSimpleApplication@f3f64d
reloadAllAccessors: .Thermostat

===========================================================================================
----------------- testing Mon Feb 03 17:36:30 UTC 2020 /home/travis/build/icyphy/ptII/ptolemy/domains/continuous/test/auto/TimeDelay.xml
----------------- Instantiating /home/travis/build/icyphy/ptII/ptolemy/domains/continuous/test/auto/TimeDelay.xml
6 ms. Memory: 324608K Free: 177186K (55%)
----------------- Invoking toplevel() on ptolemy.moml.MoMLSimpleApplication@5db6e88c
----------------- Done invoking toplevel() on ptolemy.moml.MoMLSimpleApplication@5db6e88c
reloadAllAccessors: .TimeDelay

===========================================================================================
----------------- testing Mon Feb 03 17:36:30 UTC 2020 /home/travis/build/icyphy/ptII/ptolemy/domains/continuous/test/auto/TimeDelay2.xml
----------------- Instantiating /home/travis/build/icyphy/ptII/ptolemy/domains/continuous/test/auto/TimeDelay2.xml
6 ms. Memory: 324608K Free: 166952K (51%)
----------------- Invoking toplevel() on ptolemy.moml.MoMLSimpleApplication@396f2ec4
----------------- Done invoking toplevel() on ptolemy.moml.MoMLSimpleApplication@396f2ec4
reloadAllAccessors: .TimeDelay2

===========================================================================================
----------------- testing Mon Feb 03 17:36:30 UTC 2020 /home/travis/build/icyphy/ptII/ptolemy/domains/continuous/test/auto/TimeDelay3.xml
----------------- Instantiating /home/travis/build/icyphy/ptII/ptolemy/domains/continuous/test/auto/TimeDelay3.xml
5 ms. Memory: 324608K Free: 162344K (50%)
----------------- Invoking toplevel() on ptolemy.moml.MoMLSimpleApplication@6f9f4b7f
----------------- Done invoking toplevel() on ptolemy.moml.MoMLSimpleApplication@6f9f4b7f
reloadAllAccessors: .TimeDelay3

===========================================================================================
----------------- testing Mon Feb 03 17:36:30 UTC 2020 /home/travis/build/icyphy/ptII/ptolemy/domains/continuous/test/auto/TransferAbsentToInside.xml
----------------- Instantiating /home/travis/build/icyphy/ptII/ptolemy/domains/continuous/test/auto/TransferAbsentToInside.xml
50 ms. Memory: 324608K Free: 296846K (91%)
----------------- Invoking toplevel() on ptolemy.moml.MoMLSimpleApplication@4cddcd37
----------------- Done invoking toplevel() on ptolemy.moml.MoMLSimpleApplication@4cddcd37
reloadAllAccessors: .TransferAbsentToInside

===========================================================================================
----------------- testing Mon Feb 03 17:36:30 UTC 2020 /home/travis/build/icyphy/ptII/ptolemy/domains/continuous/test/auto/Transmission.xml
----------------- Instantiating /home/travis/build/icyphy/ptII/ptolemy/domains/continuous/test/auto/Transmission.xml
847 ms. Memory: 324608K Free: 254473K (78%)
----------------- Invoking toplevel() on ptolemy.moml.MoMLSimpleApplication@1d689c7f
----------------- Done invoking toplevel() on ptolemy.moml.MoMLSimpleApplication@1d689c7f
reloadAllAccessors: .Transmission

===========================================================================================
----------------- testing Mon Feb 03 17:36:31 UTC 2020 /home/travis/build/icyphy/ptII/ptolemy/domains/continuous/test/auto/TriggeredContinuousClock.xml
----------------- Instantiating /home/travis/build/icyphy/ptII/ptolemy/domains/continuous/test/auto/TriggeredContinuousClock.xml
39 ms. Memory: 324608K Free: 224761K (69%)
----------------- Invoking toplevel() on ptolemy.moml.MoMLSimpleApplication@69e7e4ad
----------------- Done invoking toplevel() on ptolemy.moml.MoMLSimpleApplication@69e7e4ad
reloadAllAccessors: .TriggeredContinuousClock

===========================================================================================
----------------- testing Mon Feb 03 17:36:31 UTC 2020 /home/travis/build/icyphy/ptII/ptolemy/domains/continuous/test/auto/TwoMachineInfiniteBusControl.xml
----------------- Instantiating /home/travis/build/icyphy/ptII/ptolemy/domains/continuous/test/auto/TwoMachineInfiniteBusControl.xml
2640 ms. Memory: 324608K Free: 224755K (69%)
----------------- Invoking toplevel() on ptolemy.moml.MoMLSimpleApplication@50c8d96a
----------------- Done invoking toplevel() on ptolemy.moml.MoMLSimpleApplication@50c8d96a
reloadAllAccessors: .TwoMachineInfiniteBusControl

===========================================================================================
----------------- testing Mon Feb 03 17:36:34 UTC 2020 /home/travis/build/icyphy/ptII/ptolemy/domains/continuous/test/auto/V2V.xml
----------------- Instantiating /home/travis/build/icyphy/ptII/ptolemy/domains/continuous/test/auto/V2V.xml
783 ms. Memory: 324608K Free: 225748K (70%)
----------------- Invoking toplevel() on ptolemy.moml.MoMLSimpleApplication@569b30eb
----------------- Done invoking toplevel() on ptolemy.moml.MoMLSimpleApplication@569b30eb
reloadAllAccessors: .V2V

===========================================================================================
----------------- testing Mon Feb 03 17:36:35 UTC 2020 /home/travis/build/icyphy/ptII/ptolemy/domains/continuous/test/auto/hierarchicalModalModel.xml
----------------- Instantiating /home/travis/build/icyphy/ptII/ptolemy/domains/continuous/test/auto/hierarchicalModalModel.xml
9 ms. Memory: 324608K Free: 211412K (65%)
----------------- Invoking toplevel() on ptolemy.moml.MoMLSimpleApplication@57537615
----------------- Done invoking toplevel() on ptolemy.moml.MoMLSimpleApplication@57537615
reloadAllAccessors: .hierarchicalModalModel

===========================================================================================
----------------- testing Mon Feb 03 17:36:35 UTC 2020 /home/travis/build/icyphy/ptII/ptolemy/domains/continuous/test/auto/hierarchicalModalModel1.xml
----------------- Instantiating /home/travis/build/icyphy/ptII/ptolemy/domains/continuous/test/auto/hierarchicalModalModel1.xml
9 ms. Memory: 324608K Free: 197091K (61%)
----------------- Invoking toplevel() on ptolemy.moml.MoMLSimpleApplication@5eb8662e
----------------- Done invoking toplevel() on ptolemy.moml.MoMLSimpleApplication@5eb8662e
reloadAllAccessors: .hierarchicalModalModel1

===========================================================================================
----------------- testing Mon Feb 03 17:36:35 UTC 2020 /home/travis/build/icyphy/ptII/ptolemy/domains/continuous/test/auto/hierarchicalModalModel2.xml
----------------- Instantiating /home/travis/build/icyphy/ptII/ptolemy/domains/continuous/test/auto/hierarchicalModalModel2.xml
9 ms. Memory: 324608K Free: 184788K (57%)
----------------- Invoking toplevel() on ptolemy.moml.MoMLSimpleApplication@54df561
----------------- Done invoking toplevel() on ptolemy.moml.MoMLSimpleApplication@54df561
reloadAllAccessors: .hierarchicalModalModel2

===========================================================================================
----------------- testing Mon Feb 03 17:36:35 UTC 2020 /home/travis/build/icyphy/ptII/ptolemy/domains/continuous/test/auto/hierarchicalModalModel3.xml
----------------- Instantiating /home/travis/build/icyphy/ptII/ptolemy/domains/continuous/test/auto/hierarchicalModalModel3.xml
6 ms. Memory: 324608K Free: 174053K (54%)
----------------- Invoking toplevel() on ptolemy.moml.MoMLSimpleApplication@26fde126
----------------- Done invoking toplevel() on ptolemy.moml.MoMLSimpleApplication@26fde126
reloadAllAccessors: .hierarchicalModalModel3

===========================================================================================
----------------- testing Mon Feb 03 17:36:35 UTC 2020 /home/travis/build/icyphy/ptII/ptolemy/domains/continuous/test/auto/hierarchicalModalModel4.xml
----------------- Instantiating /home/travis/build/icyphy/ptII/ptolemy/domains/continuous/test/auto/hierarchicalModalModel4.xml
7 ms. Memory: 324608K Free: 162275K (50%)
----------------- Invoking toplevel() on ptolemy.moml.MoMLSimpleApplication@27fca834
----------------- Done invoking toplevel() on ptolemy.moml.MoMLSimpleApplication@27fca834
reloadAllAccessors: .hierarchicalModalModel4

===========================================================================================
----------------- testing Mon Feb 03 17:36:35 UTC 2020 /home/travis/build/icyphy/ptII/ptolemy/domains/continuous/test/auto/junk.xml
----------------- Instantiating /home/travis/build/icyphy/ptII/ptolemy/domains/continuous/test/auto/junk.xml
122 ms. Memory: 324608K Free: 137189K (42%)
----------------- Invoking toplevel() on ptolemy.moml.MoMLSimpleApplication@31a87022
----------------- Done invoking toplevel() on ptolemy.moml.MoMLSimpleApplication@31a87022
reloadAllAccessors: .junk
AutoTests.java: About to close Vertx.
AutoTests.java: Vertx closed.
]]></system-out>
  <system-err><![CDATA[Warning: '.HysteresisWithRandomDelay.NonStrictTest3' The test produced only 27 tokens, yet the correctValues parameter was expecting 30 tokens.
Warning: '.Poisson.NonStrictTest' The test produced only 405 tokens, yet the correctValues parameter was expecting 430 tokens.
]]></system-err>
</testsuite>
