<?xml version="1.0" encoding="UTF-8" ?>
<testsuite errors="0" failures="0" hostname="travis-job-5b7dfed2-6033-49fd-bed9-d58128cbf65c" name="ptolemy.domains.continuous.test.junit.JUnitTclTest" skipped="0" tests="156" time="79.777" timestamp="2019-07-06T04:42:40">
  <properties>
[...]
</properties>
  <testcase classname="ptolemy.util.test.junit.TclTests" name="[0] ThereAreNoTclTests (RunTclFile)" time="0.008" />
  <testcase classname="ptolemy.util.test.junit.AutoKnownFailedTests" name="[0] ThereAreNoKnowFailedTests (RunModel)" time="0.007" />
  <testcase classname="ptolemy.util.test.junit.AutoNameArchTests" name="[0] ThereAreNoAutoArchTests (RunModel)" time="0.024" />
  <testcase classname="ptolemy.util.test.junit.AutoTests" name="[0] /home/travis/build/icyphy/ptII/ptolemy/domains/continuous/test/auto/BouncingBall.xml (RunModel)" time="3.082" />
  <testcase classname="ptolemy.util.test.junit.AutoTests" name="[1] /home/travis/build/icyphy/ptII/ptolemy/domains/continuous/test/auto/BouncingBallWithoutGR.xml (RunModel)" time="0.844" />
  <testcase classname="ptolemy.util.test.junit.AutoTests" name="[2] /home/travis/build/icyphy/ptII/ptolemy/domains/continuous/test/auto/Brownian.xml (RunModel)" time="0.125" />
  <testcase classname="ptolemy.util.test.junit.AutoTests" name="[3] /home/travis/build/icyphy/ptII/ptolemy/domains/continuous/test/auto/CarTracking.xml (RunModel)" time="4.485" />
  <testcase classname="ptolemy.util.test.junit.AutoTests" name="[4] /home/travis/build/icyphy/ptII/ptolemy/domains/continuous/test/auto/CartPendulum.xml (RunModel)" time="0.617" />
  <testcase classname="ptolemy.util.test.junit.AutoTests" name="[5] /home/travis/build/icyphy/ptII/ptolemy/domains/continuous/test/auto/CausalityInterface10.xml (RunModel)" time="0.058" />
  <testcase classname="ptolemy.util.test.junit.AutoTests" name="[6] /home/travis/build/icyphy/ptII/ptolemy/domains/continuous/test/auto/CausalityInterface11.xml (RunModel)" time="0.036" />
  <testcase classname="ptolemy.util.test.junit.AutoTests" name="[7] /home/travis/build/icyphy/ptII/ptolemy/domains/continuous/test/auto/CausalityInterface12.xml (RunModel)" time="0.04" />
  <testcase classname="ptolemy.util.test.junit.AutoTests" name="[8] /home/travis/build/icyphy/ptII/ptolemy/domains/continuous/test/auto/CausalityInterface13.xml (RunModel)" time="0.033" />
  <testcase classname="ptolemy.util.test.junit.AutoTests" name="[9] /home/travis/build/icyphy/ptII/ptolemy/domains/continuous/test/auto/CausalityInterface14.xml (RunModel)" time="0.028" />
  <testcase classname="ptolemy.util.test.junit.AutoTests" name="[10] /home/travis/build/icyphy/ptII/ptolemy/domains/continuous/test/auto/CausalityInterface4.xml (RunModel)" time="0.029" />
  <testcase classname="ptolemy.util.test.junit.AutoTests" name="[11] /home/travis/build/icyphy/ptII/ptolemy/domains/continuous/test/auto/CausalityInterface5.xml (RunModel)" time="0.038" />
  <testcase classname="ptolemy.util.test.junit.AutoTests" name="[12] /home/travis/build/icyphy/ptII/ptolemy/domains/continuous/test/auto/CausalityInterface6.xml (RunModel)" time="0.053" />
  <testcase classname="ptolemy.util.test.junit.AutoTests" name="[13] /home/travis/build/icyphy/ptII/ptolemy/domains/continuous/test/auto/CausalityInterface7.xml (RunModel)" time="0.045" />
  <testcase classname="ptolemy.util.test.junit.AutoTests" name="[14] /home/travis/build/icyphy/ptII/ptolemy/domains/continuous/test/auto/CausalityInterface8.xml (RunModel)" time="0.034" />
  <testcase classname="ptolemy.util.test.junit.AutoTests" name="[15] /home/travis/build/icyphy/ptII/ptolemy/domains/continuous/test/auto/CausalityInterface9.xml (RunModel)" time="0.056" />
  <testcase classname="ptolemy.util.test.junit.AutoTests" name="[16] /home/travis/build/icyphy/ptII/ptolemy/domains/continuous/test/auto/CausalityInterfaceFeedback1.xml (RunModel)" time="0.035" />
  <testcase classname="ptolemy.util.test.junit.AutoTests" name="[17] /home/travis/build/icyphy/ptII/ptolemy/domains/continuous/test/auto/CausalityInterfaceFeedback2.xml (RunModel)" time="0.039" />
  <testcase classname="ptolemy.util.test.junit.AutoTests" name="[18] /home/travis/build/icyphy/ptII/ptolemy/domains/continuous/test/auto/CompareWithCurrentTime.xml (RunModel)" time="0.028" />
  <testcase classname="ptolemy.util.test.junit.AutoTests" name="[19] /home/travis/build/icyphy/ptII/ptolemy/domains/continuous/test/auto/ComparedClocks.xml (RunModel)" time="0.078" />
  <testcase classname="ptolemy.util.test.junit.AutoTests" name="[20] /home/travis/build/icyphy/ptII/ptolemy/domains/continuous/test/auto/ContinuousAOCClone.xml (RunModel)" time="2.891" />
  <testcase classname="ptolemy.util.test.junit.AutoTests" name="[21] /home/travis/build/icyphy/ptII/ptolemy/domains/continuous/test/auto/ContinuousClock.xml (RunModel)" time="0.071" />
  <testcase classname="ptolemy.util.test.junit.AutoTests" name="[22] /home/travis/build/icyphy/ptII/ptolemy/domains/continuous/test/auto/ContinuousInContinuous.xml (RunModel)" time="0.085" />
  <testcase classname="ptolemy.util.test.junit.AutoTests" name="[23] /home/travis/build/icyphy/ptII/ptolemy/domains/continuous/test/auto/ContinuousInContinuousInContinuous.xml (RunModel)" time="0.021" />
  <testcase classname="ptolemy.util.test.junit.AutoTests" name="[24] /home/travis/build/icyphy/ptII/ptolemy/domains/continuous/test/auto/ContinuousInDE.xml (RunModel)" time="0.119" />
  <testcase classname="ptolemy.util.test.junit.AutoTests" name="[25] /home/travis/build/icyphy/ptII/ptolemy/domains/continuous/test/auto/ContinuousInDE2.xml (RunModel)" time="0.052" />
  <testcase classname="ptolemy.util.test.junit.AutoTests" name="[26] /home/travis/build/icyphy/ptII/ptolemy/domains/continuous/test/auto/ContinuousInDE3.xml (RunModel)" time="0.062" />
  <testcase classname="ptolemy.util.test.junit.AutoTests" name="[27] /home/travis/build/icyphy/ptII/ptolemy/domains/continuous/test/auto/ContinuousInDE4.xml (RunModel)" time="0.03" />
  <testcase classname="ptolemy.util.test.junit.AutoTests" name="[28] /home/travis/build/icyphy/ptII/ptolemy/domains/continuous/test/auto/ContinuousInDEDifferentRefinements.xml (RunModel)" time="0.111" />
  <testcase classname="ptolemy.util.test.junit.AutoTests" name="[29] /home/travis/build/icyphy/ptII/ptolemy/domains/continuous/test/auto/ContinuousInDEDifferentRefinementsPreemptive.xml (RunModel)" time="0.101" />
  <testcase classname="ptolemy.util.test.junit.AutoTests" name="[30] /home/travis/build/icyphy/ptII/ptolemy/domains/continuous/test/auto/ContinuousInDEInContinuous2.xml (RunModel)" time="0.056" />
  <testcase classname="ptolemy.util.test.junit.AutoTests" name="[31] /home/travis/build/icyphy/ptII/ptolemy/domains/continuous/test/auto/ContinuousInDEInContinuous3.xml (RunModel)" time="0.056" />
  <testcase classname="ptolemy.util.test.junit.AutoTests" name="[32] /home/travis/build/icyphy/ptII/ptolemy/domains/continuous/test/auto/ContinuousInDEInput.xml (RunModel)" time="0.046" />
  <testcase classname="ptolemy.util.test.junit.AutoTests" name="[33] /home/travis/build/icyphy/ptII/ptolemy/domains/continuous/test/auto/ContinuousInDEInput2.xml (RunModel)" time="0.03" />
  <testcase classname="ptolemy.util.test.junit.AutoTests" name="[34] /home/travis/build/icyphy/ptII/ptolemy/domains/continuous/test/auto/ContinuousInDEInput3.xml (RunModel)" time="0.04" />
  <testcase classname="ptolemy.util.test.junit.AutoTests" name="[35] /home/travis/build/icyphy/ptII/ptolemy/domains/continuous/test/auto/ContinuousInDESharingRefinement.xml (RunModel)" time="0.184" />
  <testcase classname="ptolemy.util.test.junit.AutoTests" name="[36] /home/travis/build/icyphy/ptII/ptolemy/domains/continuous/test/auto/ContinuousInDEwithNoPorts.xml (RunModel)" time="0.021" />
  <testcase classname="ptolemy.util.test.junit.AutoTests" name="[37] /home/travis/build/icyphy/ptII/ptolemy/domains/continuous/test/auto/ContinuousInsideDE.xml (RunModel)" time="0.079" />
  <testcase classname="ptolemy.util.test.junit.AutoTests" name="[38] /home/travis/build/icyphy/ptII/ptolemy/domains/continuous/test/auto/ContinuousMerge1.xml (RunModel)" time="0.021" />
  <testcase classname="ptolemy.util.test.junit.AutoTests" name="[39] /home/travis/build/icyphy/ptII/ptolemy/domains/continuous/test/auto/ContinuousMerge2.xml (RunModel)" time="0.049" />
  <testcase classname="ptolemy.util.test.junit.AutoTests" name="[40] /home/travis/build/icyphy/ptII/ptolemy/domains/continuous/test/auto/ContinuousMerge3.xml (RunModel)" time="0.071" />
  <testcase classname="ptolemy.util.test.junit.AutoTests" name="[41] /home/travis/build/icyphy/ptII/ptolemy/domains/continuous/test/auto/ContinuousWithinContinuous.xml (RunModel)" time="0.05" />
  <testcase classname="ptolemy.util.test.junit.AutoTests" name="[42] /home/travis/build/icyphy/ptII/ptolemy/domains/continuous/test/auto/ContinuousWithinContinuous2.xml (RunModel)" time="0.087" />
  <testcase classname="ptolemy.util.test.junit.AutoTests" name="[43] /home/travis/build/icyphy/ptII/ptolemy/domains/continuous/test/auto/ContinuousWithinContinuous3.xml (RunModel)" time="0.032" />
  <testcase classname="ptolemy.util.test.junit.AutoTests" name="[44] /home/travis/build/icyphy/ptII/ptolemy/domains/continuous/test/auto/ContinuousWithinContinuous4.xml (RunModel)" time="0.095" />
  <testcase classname="ptolemy.util.test.junit.AutoTests" name="[45] /home/travis/build/icyphy/ptII/ptolemy/domains/continuous/test/auto/ContinuousWithinContinuous5.xml (RunModel)" time="0.033" />
  <testcase classname="ptolemy.util.test.junit.AutoTests" name="[46] /home/travis/build/icyphy/ptII/ptolemy/domains/continuous/test/auto/ContinuousWithinContinuous6.xml (RunModel)" time="0.035" />
  <testcase classname="ptolemy.util.test.junit.AutoTests" name="[47] /home/travis/build/icyphy/ptII/ptolemy/domains/continuous/test/auto/ContinuousWithinContinuous7.xml (RunModel)" time="0.069" />
  <testcase classname="ptolemy.util.test.junit.AutoTests" name="[48] /home/travis/build/icyphy/ptII/ptolemy/domains/continuous/test/auto/DCMotor.xml (RunModel)" time="13.898" />
  <testcase classname="ptolemy.util.test.junit.AutoTests" name="[49] /home/travis/build/icyphy/ptII/ptolemy/domains/continuous/test/auto/DEInContinuous.xml (RunModel)" time="0.041" />
  <testcase classname="ptolemy.util.test.junit.AutoTests" name="[50] /home/travis/build/icyphy/ptII/ptolemy/domains/continuous/test/auto/DEinContinuous2.xml (RunModel)" time="0.025" />
  <testcase classname="ptolemy.util.test.junit.AutoTests" name="[51] /home/travis/build/icyphy/ptII/ptolemy/domains/continuous/test/auto/Derivative.xml (RunModel)" time="0.193" />
  <testcase classname="ptolemy.util.test.junit.AutoTests" name="[52] /home/travis/build/icyphy/ptII/ptolemy/domains/continuous/test/auto/Derivative1.xml (RunModel)" time="0.05" />
  <testcase classname="ptolemy.util.test.junit.AutoTests" name="[53] /home/travis/build/icyphy/ptII/ptolemy/domains/continuous/test/auto/DiscreteClock.xml (RunModel)" time="0.014" />
  <testcase classname="ptolemy.util.test.junit.AutoTests" name="[54] /home/travis/build/icyphy/ptII/ptolemy/domains/continuous/test/auto/EfficiencyCurve.xml (RunModel)" time="0.1" />
  <testcase classname="ptolemy.util.test.junit.AutoTests" name="[55] /home/travis/build/icyphy/ptII/ptolemy/domains/continuous/test/auto/ExponentialResponse.xml (RunModel)" time="0.128" />
  <testcase classname="ptolemy.util.test.junit.AutoTests" name="[56] /home/travis/build/icyphy/ptII/ptolemy/domains/continuous/test/auto/ExponentialResponseRK45.xml (RunModel)" time="0.038" />
  <testcase classname="ptolemy.util.test.junit.AutoTests" name="[57] /home/travis/build/icyphy/ptII/ptolemy/domains/continuous/test/auto/Friction.xml (RunModel)" time="1.763" />
  <testcase classname="ptolemy.util.test.junit.AutoTests" name="[58] /home/travis/build/icyphy/ptII/ptolemy/domains/continuous/test/auto/FurutaPendulum.xml (RunModel)" time="3.781" />
  <testcase classname="ptolemy.util.test.junit.AutoTests" name="[59] /home/travis/build/icyphy/ptII/ptolemy/domains/continuous/test/auto/HierarchicalExecution.xml (RunModel)" time="2.52" />
  <testcase classname="ptolemy.util.test.junit.AutoTests" name="[60] /home/travis/build/icyphy/ptII/ptolemy/domains/continuous/test/auto/HybridPlant.xml (RunModel)" time="0.597" />
  <testcase classname="ptolemy.util.test.junit.AutoTests" name="[61] /home/travis/build/icyphy/ptII/ptolemy/domains/continuous/test/auto/Hysteresis.xml (RunModel)" time="0.205" />
  <testcase classname="ptolemy.util.test.junit.AutoTests" name="[62] /home/travis/build/icyphy/ptII/ptolemy/domains/continuous/test/auto/HysteresisWithRandomDelay.xml (RunModel)" time="0.247" />
  <testcase classname="ptolemy.util.test.junit.AutoTests" name="[63] /home/travis/build/icyphy/ptII/ptolemy/domains/continuous/test/auto/HysteresisWithRandomLosses.xml (RunModel)" time="2.429" />
  <testcase classname="ptolemy.util.test.junit.AutoTests" name="[64] /home/travis/build/icyphy/ptII/ptolemy/domains/continuous/test/auto/ImmediateTransitions.xml (RunModel)" time="0.032" />
  <testcase classname="ptolemy.util.test.junit.AutoTests" name="[65] /home/travis/build/icyphy/ptII/ptolemy/domains/continuous/test/auto/ImpulseFeedback.xml (RunModel)" time="0.021" />
  <testcase classname="ptolemy.util.test.junit.AutoTests" name="[66] /home/travis/build/icyphy/ptII/ptolemy/domains/continuous/test/auto/ImpulseFeedback2.xml (RunModel)" time="0.017" />
  <testcase classname="ptolemy.util.test.junit.AutoTests" name="[67] /home/travis/build/icyphy/ptII/ptolemy/domains/continuous/test/auto/IncreasingRatePoisson.xml (RunModel)" time="0.734" />
  <testcase classname="ptolemy.util.test.junit.AutoTests" name="[68] /home/travis/build/icyphy/ptII/ptolemy/domains/continuous/test/auto/InitialStateFeedback.xml (RunModel)" time="0.016" />
  <testcase classname="ptolemy.util.test.junit.AutoTests" name="[69] /home/travis/build/icyphy/ptII/ptolemy/domains/continuous/test/auto/Integration.xml (RunModel)" time="0.009" />
  <testcase classname="ptolemy.util.test.junit.AutoTests" name="[70] /home/travis/build/icyphy/ptII/ptolemy/domains/continuous/test/auto/Integration2.xml (RunModel)" time="0.098" />
  <testcase classname="ptolemy.util.test.junit.AutoTests" name="[71] /home/travis/build/icyphy/ptII/ptolemy/domains/continuous/test/auto/Integration3.xml (RunModel)" time="0.022" />
  <testcase classname="ptolemy.util.test.junit.AutoTests" name="[72] /home/travis/build/icyphy/ptII/ptolemy/domains/continuous/test/auto/Integration5.xml (RunModel)" time="0.01" />
  <testcase classname="ptolemy.util.test.junit.AutoTests" name="[73] /home/travis/build/icyphy/ptII/ptolemy/domains/continuous/test/auto/IntegratorImpulse.xml (RunModel)" time="0.009" />
  <testcase classname="ptolemy.util.test.junit.AutoTests" name="[74] /home/travis/build/icyphy/ptII/ptolemy/domains/continuous/test/auto/IntegratorImpulse2.xml (RunModel)" time="0.014" />
  <testcase classname="ptolemy.util.test.junit.AutoTests" name="[75] /home/travis/build/icyphy/ptII/ptolemy/domains/continuous/test/auto/LevelCrossing1.xml (RunModel)" time="0.012" />
  <testcase classname="ptolemy.util.test.junit.AutoTests" name="[76] /home/travis/build/icyphy/ptII/ptolemy/domains/continuous/test/auto/LevelCrossing2.xml (RunModel)" time="0.018" />
  <testcase classname="ptolemy.util.test.junit.AutoTests" name="[77] /home/travis/build/icyphy/ptII/ptolemy/domains/continuous/test/auto/LevelCrossing3.xml (RunModel)" time="0.019" />
  <testcase classname="ptolemy.util.test.junit.AutoTests" name="[78] /home/travis/build/icyphy/ptII/ptolemy/domains/continuous/test/auto/LevelCrossing4.xml (RunModel)" time="0.012" />
  <testcase classname="ptolemy.util.test.junit.AutoTests" name="[79] /home/travis/build/icyphy/ptII/ptolemy/domains/continuous/test/auto/LevelCrossing5.xml (RunModel)" time="0.013" />
  <testcase classname="ptolemy.util.test.junit.AutoTests" name="[80] /home/travis/build/icyphy/ptII/ptolemy/domains/continuous/test/auto/LevelCrossing6.xml (RunModel)" time="0.012" />
  <testcase classname="ptolemy.util.test.junit.AutoTests" name="[81] /home/travis/build/icyphy/ptII/ptolemy/domains/continuous/test/auto/LevelCrossingDetector.xml (RunModel)" time="0.04" />
  <testcase classname="ptolemy.util.test.junit.AutoTests" name="[82] /home/travis/build/icyphy/ptII/ptolemy/domains/continuous/test/auto/LevelCrossingDetectorDetectingDirections.xml (RunModel)" time="0.087" />
  <testcase classname="ptolemy.util.test.junit.AutoTests" name="[83] /home/travis/build/icyphy/ptII/ptolemy/domains/continuous/test/auto/LevelCrossingDetectorDetectsGlitches.xml (RunModel)" time="0.056" />
  <testcase classname="ptolemy.util.test.junit.AutoTests" name="[84] /home/travis/build/icyphy/ptII/ptolemy/domains/continuous/test/auto/LevelCrossingNoInitialOuput.xml (RunModel)" time="0.011" />
  <testcase classname="ptolemy.util.test.junit.AutoTests" name="[85] /home/travis/build/icyphy/ptII/ptolemy/domains/continuous/test/auto/LinearStateSpaceExample.xml (RunModel)" time="0.061" />
  <testcase classname="ptolemy.util.test.junit.AutoTests" name="[86] /home/travis/build/icyphy/ptII/ptolemy/domains/continuous/test/auto/Lorenz.xml (RunModel)" time="4.151" />
  <testcase classname="ptolemy.util.test.junit.AutoTests" name="[87] /home/travis/build/icyphy/ptII/ptolemy/domains/continuous/test/auto/LorenzDifferentialSystem.xml (RunModel)" time="1.071" />
  <testcase classname="ptolemy.util.test.junit.AutoTests" name="[88] /home/travis/build/icyphy/ptII/ptolemy/domains/continuous/test/auto/LorenzDifferentialSystemWithInput.xml (RunModel)" time="1.557" />
  <testcase classname="ptolemy.util.test.junit.AutoTests" name="[89] /home/travis/build/icyphy/ptII/ptolemy/domains/continuous/test/auto/LorenzDifferentialSystemWithTime.xml (RunModel)" time="0.942" />
  <testcase classname="ptolemy.util.test.junit.AutoTests" name="[90] /home/travis/build/icyphy/ptII/ptolemy/domains/continuous/test/auto/Microsteps.xml (RunModel)" time="0.038" />
  <testcase classname="ptolemy.util.test.junit.AutoTests" name="[91] /home/travis/build/icyphy/ptII/ptolemy/domains/continuous/test/auto/Modal1.xml (RunModel)" time="0.047" />
  <testcase classname="ptolemy.util.test.junit.AutoTests" name="[92] /home/travis/build/icyphy/ptII/ptolemy/domains/continuous/test/auto/Modal2.xml (RunModel)" time="0.04" />
  <testcase classname="ptolemy.util.test.junit.AutoTests" name="[93] /home/travis/build/icyphy/ptII/ptolemy/domains/continuous/test/auto/ModalTransitionGuardWithReset.xml (RunModel)" time="0.037" />
  <testcase classname="ptolemy.util.test.junit.AutoTests" name="[94] /home/travis/build/icyphy/ptII/ptolemy/domains/continuous/test/auto/ModalTransitionGuardWithResetUsingPreemptiveTransition.xml (RunModel)" time="0.023" />
  <testcase classname="ptolemy.util.test.junit.AutoTests" name="[95] /home/travis/build/icyphy/ptII/ptolemy/domains/continuous/test/auto/ModalTransitionGuardWithResetUsingPreemptiveTransition2.xml (RunModel)" time="0.022" />
  <testcase classname="ptolemy.util.test.junit.AutoTests" name="[96] /home/travis/build/icyphy/ptII/ptolemy/domains/continuous/test/auto/ModalTransitionGuardWithResetUsingPreemptiveTransition3.xml (RunModel)" time="0.023" />
  <testcase classname="ptolemy.util.test.junit.AutoTests" name="[97] /home/travis/build/icyphy/ptII/ptolemy/domains/continuous/test/auto/NewtonsCradle.xml (RunModel)" time="0.839" />
  <testcase classname="ptolemy.util.test.junit.AutoTests" name="[98] /home/travis/build/icyphy/ptII/ptolemy/domains/continuous/test/auto/NewtonsCradleAnimated.xml (RunModel)" time="1.39" />
  <testcase classname="ptolemy.util.test.junit.AutoTests" name="[99] /home/travis/build/icyphy/ptII/ptolemy/domains/continuous/test/auto/NewtonsCradleComplicated.xml (RunModel)" time="1.04" />
  <testcase classname="ptolemy.util.test.junit.AutoTests" name="[100] /home/travis/build/icyphy/ptII/ptolemy/domains/continuous/test/auto/NewtonsCradleNondeterministic.xml (RunModel)" time="0.807" />
  <testcase classname="ptolemy.util.test.junit.AutoTests" name="[101] /home/travis/build/icyphy/ptII/ptolemy/domains/continuous/test/auto/NewtonsCradlePerfectlyInelastic1.xml (RunModel)" time="1.347" />
  <testcase classname="ptolemy.util.test.junit.AutoTests" name="[102] /home/travis/build/icyphy/ptII/ptolemy/domains/continuous/test/auto/Noise.xml (RunModel)" time="0.205" />
  <testcase classname="ptolemy.util.test.junit.AutoTests" name="[103] /home/travis/build/icyphy/ptII/ptolemy/domains/continuous/test/auto/NoiseSpectrum.xml (RunModel)" time="0.774" />
  <testcase classname="ptolemy.util.test.junit.AutoTests" name="[104] /home/travis/build/icyphy/ptII/ptolemy/domains/continuous/test/auto/ParameterizedNewtonsCradleAnimated.xml (RunModel)" time="0.369" />
  <testcase classname="ptolemy.util.test.junit.AutoTests" name="[105] /home/travis/build/icyphy/ptII/ptolemy/domains/continuous/test/auto/ParameterizedNewtonsCradleAnimatedNondeterministic.xml (RunModel)" time="1.242" />
  <testcase classname="ptolemy.util.test.junit.AutoTests" name="[106] /home/travis/build/icyphy/ptII/ptolemy/domains/continuous/test/auto/Pendulum3D.xml (RunModel)" time="0.18" />
  <testcase classname="ptolemy.util.test.junit.AutoTests" name="[107] /home/travis/build/icyphy/ptII/ptolemy/domains/continuous/test/auto/PeriodicSampler.xml (RunModel)" time="0.012" />
  <testcase classname="ptolemy.util.test.junit.AutoTests" name="[108] /home/travis/build/icyphy/ptII/ptolemy/domains/continuous/test/auto/PeriodicSampler1.xml (RunModel)" time="0.041" />
  <testcase classname="ptolemy.util.test.junit.AutoTests" name="[109] /home/travis/build/icyphy/ptII/ptolemy/domains/continuous/test/auto/PeriodicSampler2.xml (RunModel)" time="0.086" />
  <testcase classname="ptolemy.util.test.junit.AutoTests" name="[110] /home/travis/build/icyphy/ptII/ptolemy/domains/continuous/test/auto/Poisson.xml (RunModel)" time="0.482" />
  <testcase classname="ptolemy.util.test.junit.AutoTests" name="[111] /home/travis/build/icyphy/ptII/ptolemy/domains/continuous/test/auto/PoissonClock.xml (RunModel)" time="0.016" />
  <testcase classname="ptolemy.util.test.junit.AutoTests" name="[112] /home/travis/build/icyphy/ptII/ptolemy/domains/continuous/test/auto/PoissonClock2.xml (RunModel)" time="0.011" />
  <testcase classname="ptolemy.util.test.junit.AutoTests" name="[113] /home/travis/build/icyphy/ptII/ptolemy/domains/continuous/test/auto/PortParameterHierarchy.xml (RunModel)" time="0.023" />
  <testcase classname="ptolemy.util.test.junit.AutoTests" name="[114] /home/travis/build/icyphy/ptII/ptolemy/domains/continuous/test/auto/RandomHybridPlant.xml (RunModel)" time="0.585" />
  <testcase classname="ptolemy.util.test.junit.AutoTests" name="[115] /home/travis/build/icyphy/ptII/ptolemy/domains/continuous/test/auto/ResetTransitionWithStartTime1.xml (RunModel)" time="0.026" />
  <testcase classname="ptolemy.util.test.junit.AutoTests" name="[116] /home/travis/build/icyphy/ptII/ptolemy/domains/continuous/test/auto/ResetTransitionWithStartTime2.xml (RunModel)" time="0.035" />
  <testcase classname="ptolemy.util.test.junit.AutoTests" name="[117] /home/travis/build/icyphy/ptII/ptolemy/domains/continuous/test/auto/ResetTransitionWithStartTime3.xml (RunModel)" time="0.036" />
  <testcase classname="ptolemy.util.test.junit.AutoTests" name="[118] /home/travis/build/icyphy/ptII/ptolemy/domains/continuous/test/auto/ResetTransitionWithStartTime4.xml (RunModel)" time="0.031" />
  <testcase classname="ptolemy.util.test.junit.AutoTests" name="[119] /home/travis/build/icyphy/ptII/ptolemy/domains/continuous/test/auto/ResetTransitionWithStartTime5.xml (RunModel)" time="0.034" />
  <testcase classname="ptolemy.util.test.junit.AutoTests" name="[120] /home/travis/build/icyphy/ptII/ptolemy/domains/continuous/test/auto/ResetTransitionWithStartTime6.xml (RunModel)" time="0.025" />
  <testcase classname="ptolemy.util.test.junit.AutoTests" name="[121] /home/travis/build/icyphy/ptII/ptolemy/domains/continuous/test/auto/SRinContinuous.xml (RunModel)" time="0.022" />
  <testcase classname="ptolemy.util.test.junit.AutoTests" name="[122] /home/travis/build/icyphy/ptII/ptolemy/domains/continuous/test/auto/SampledClocks.xml (RunModel)" time="0.032" />
  <testcase classname="ptolemy.util.test.junit.AutoTests" name="[123] /home/travis/build/icyphy/ptII/ptolemy/domains/continuous/test/auto/Satellite.xml (RunModel)" time="0.875" />
  <testcase classname="ptolemy.util.test.junit.AutoTests" name="[124] /home/travis/build/icyphy/ptII/ptolemy/domains/continuous/test/auto/SigmaDelta.xml (RunModel)" time="2.717" />
  <testcase classname="ptolemy.util.test.junit.AutoTests" name="[125] /home/travis/build/icyphy/ptII/ptolemy/domains/continuous/test/auto/SingleRefinement.xml (RunModel)" time="0.439" />
  <testcase classname="ptolemy.util.test.junit.AutoTests" name="[126] /home/travis/build/icyphy/ptII/ptolemy/domains/continuous/test/auto/SinuBouncingBall.xml (RunModel)" time="0.857" />
  <testcase classname="ptolemy.util.test.junit.AutoTests" name="[127] /home/travis/build/icyphy/ptII/ptolemy/domains/continuous/test/auto/Sinusoid.xml (RunModel)" time="0.014" />
  <testcase classname="ptolemy.util.test.junit.AutoTests" name="[128] /home/travis/build/icyphy/ptII/ptolemy/domains/continuous/test/auto/SinusoidInNoise.xml (RunModel)" time="1.072" />
  <testcase classname="ptolemy.util.test.junit.AutoTests" name="[129] /home/travis/build/icyphy/ptII/ptolemy/domains/continuous/test/auto/SinusoidRK45.xml (RunModel)" time="0.01" />
  <testcase classname="ptolemy.util.test.junit.AutoTests" name="[130] /home/travis/build/icyphy/ptII/ptolemy/domains/continuous/test/auto/SinusoidWithMultipleImpulses.xml (RunModel)" time="0.012" />
  <testcase classname="ptolemy.util.test.junit.AutoTests" name="[131] /home/travis/build/icyphy/ptII/ptolemy/domains/continuous/test/auto/SquareWave.xml (RunModel)" time="0.205" />
  <testcase classname="ptolemy.util.test.junit.AutoTests" name="[132] /home/travis/build/icyphy/ptII/ptolemy/domains/continuous/test/auto/Starmac.xml (RunModel)" time="3.359" />
  <testcase classname="ptolemy.util.test.junit.AutoTests" name="[133] /home/travis/build/icyphy/ptII/ptolemy/domains/continuous/test/auto/StaticUnits.xml (RunModel)" time="3.402" />
  <testcase classname="ptolemy.util.test.junit.AutoTests" name="[134] /home/travis/build/icyphy/ptII/ptolemy/domains/continuous/test/auto/StickyMasses.xml (RunModel)" time="0.189" />
  <testcase classname="ptolemy.util.test.junit.AutoTests" name="[135] /home/travis/build/icyphy/ptII/ptolemy/domains/continuous/test/auto/StopTime.xml (RunModel)" time="0.059" />
  <testcase classname="ptolemy.util.test.junit.AutoTests" name="[136] /home/travis/build/icyphy/ptII/ptolemy/domains/continuous/test/auto/StopTime2.xml (RunModel)" time="0.073" />
  <testcase classname="ptolemy.util.test.junit.AutoTests" name="[137] /home/travis/build/icyphy/ptII/ptolemy/domains/continuous/test/auto/Switch.xml (RunModel)" time="0.063" />
  <testcase classname="ptolemy.util.test.junit.AutoTests" name="[138] /home/travis/build/icyphy/ptII/ptolemy/domains/continuous/test/auto/Thermostat.xml (RunModel)" time="0.214" />
  <testcase classname="ptolemy.util.test.junit.AutoTests" name="[139] /home/travis/build/icyphy/ptII/ptolemy/domains/continuous/test/auto/TimeDelay.xml (RunModel)" time="0.014" />
  <testcase classname="ptolemy.util.test.junit.AutoTests" name="[140] /home/travis/build/icyphy/ptII/ptolemy/domains/continuous/test/auto/TimeDelay2.xml (RunModel)" time="0.024" />
  <testcase classname="ptolemy.util.test.junit.AutoTests" name="[141] /home/travis/build/icyphy/ptII/ptolemy/domains/continuous/test/auto/TimeDelay3.xml (RunModel)" time="0.014" />
  <testcase classname="ptolemy.util.test.junit.AutoTests" name="[142] /home/travis/build/icyphy/ptII/ptolemy/domains/continuous/test/auto/TransferAbsentToInside.xml (RunModel)" time="0.107" />
  <testcase classname="ptolemy.util.test.junit.AutoTests" name="[143] /home/travis/build/icyphy/ptII/ptolemy/domains/continuous/test/auto/Transmission.xml (RunModel)" time="0.861" />
  <testcase classname="ptolemy.util.test.junit.AutoTests" name="[144] /home/travis/build/icyphy/ptII/ptolemy/domains/continuous/test/auto/TriggeredContinuousClock.xml (RunModel)" time="0.07" />
  <testcase classname="ptolemy.util.test.junit.AutoTests" name="[145] /home/travis/build/icyphy/ptII/ptolemy/domains/continuous/test/auto/TwoMachineInfiniteBusControl.xml (RunModel)" time="3.185" />
  <testcase classname="ptolemy.util.test.junit.AutoTests" name="[146] /home/travis/build/icyphy/ptII/ptolemy/domains/continuous/test/auto/V2V.xml (RunModel)" time="0.923" />
  <testcase classname="ptolemy.util.test.junit.AutoTests" name="[147] /home/travis/build/icyphy/ptII/ptolemy/domains/continuous/test/auto/hierarchicalModalModel.xml (RunModel)" time="0.033" />
  <testcase classname="ptolemy.util.test.junit.AutoTests" name="[148] /home/travis/build/icyphy/ptII/ptolemy/domains/continuous/test/auto/hierarchicalModalModel1.xml (RunModel)" time="0.039" />
  <testcase classname="ptolemy.util.test.junit.AutoTests" name="[149] /home/travis/build/icyphy/ptII/ptolemy/domains/continuous/test/auto/hierarchicalModalModel2.xml (RunModel)" time="0.039" />
  <testcase classname="ptolemy.util.test.junit.AutoTests" name="[150] /home/travis/build/icyphy/ptII/ptolemy/domains/continuous/test/auto/hierarchicalModalModel3.xml (RunModel)" time="0.031" />
  <testcase classname="ptolemy.util.test.junit.AutoTests" name="[151] /home/travis/build/icyphy/ptII/ptolemy/domains/continuous/test/auto/hierarchicalModalModel4.xml (RunModel)" time="0.029" />
  <testcase classname="ptolemy.util.test.junit.AutoTests" name="[152] /home/travis/build/icyphy/ptII/ptolemy/domains/continuous/test/auto/junk.xml (RunModel)" time="0.164" />
  <system-out><![CDATA[No tcl tests in /home/travis/build/icyphy/ptII/ptolemy/domains/continuous/test
No auto/knownFailedTests/*.xml tests in /home/travis/build/icyphy/ptII/ptolemy/domains/continuous/test
No auto/linux-amd64/*.xml tests in /home/travis/build/icyphy/ptII/ptolemy/domains/continuous/test
AutoTests.java: About to close Vertx.
AutoTests.java: Vertx closed.

===========================================================================================
----------------- testing Sat Jul 06 04:42:41 UTC 2019 /home/travis/build/icyphy/ptII/ptolemy/domains/continuous/test/auto/BouncingBall.xml
----------------- Instantiating /home/travis/build/icyphy/ptII/ptolemy/domains/continuous/test/auto/BouncingBall.xml
2410 ms. Memory: 193536K Free: 157769K (82%)
----------------- Invoking toplevel() on ptolemy.moml.MoMLSimpleApplication@cb699d7
----------------- Done invoking toplevel() on ptolemy.moml.MoMLSimpleApplication@cb699d7
reloadAllAccessors: .BouncingBall

===========================================================================================
----------------- testing Sat Jul 06 04:42:44 UTC 2019 /home/travis/build/icyphy/ptII/ptolemy/domains/continuous/test/auto/BouncingBallWithoutGR.xml
----------------- Instantiating /home/travis/build/icyphy/ptII/ptolemy/domains/continuous/test/auto/BouncingBallWithoutGR.xml
690 ms. Memory: 193536K Free: 87375K (45%)
----------------- Invoking toplevel() on ptolemy.moml.MoMLSimpleApplication@254e52da
----------------- Done invoking toplevel() on ptolemy.moml.MoMLSimpleApplication@254e52da
reloadAllAccessors: .BouncingBallWithoutGR

===========================================================================================
----------------- testing Sat Jul 06 04:42:45 UTC 2019 /home/travis/build/icyphy/ptII/ptolemy/domains/continuous/test/auto/Brownian.xml
----------------- Instantiating /home/travis/build/icyphy/ptII/ptolemy/domains/continuous/test/auto/Brownian.xml
37 ms. Memory: 193536K Free: 78673K (41%)
----------------- Invoking toplevel() on ptolemy.moml.MoMLSimpleApplication@6dbb5310
----------------- Done invoking toplevel() on ptolemy.moml.MoMLSimpleApplication@6dbb5310
reloadAllAccessors: .Brownian

===========================================================================================
----------------- testing Sat Jul 06 04:42:45 UTC 2019 /home/travis/build/icyphy/ptII/ptolemy/domains/continuous/test/auto/CarTracking.xml
----------------- Instantiating /home/travis/build/icyphy/ptII/ptolemy/domains/continuous/test/auto/CarTracking.xml
3959 ms. Memory: 279552K Free: 247763K (89%)
----------------- Invoking toplevel() on ptolemy.moml.MoMLSimpleApplication@28297438
----------------- Done invoking toplevel() on ptolemy.moml.MoMLSimpleApplication@28297438
reloadAllAccessors: .CarTracking

===========================================================================================
----------------- testing Sat Jul 06 04:42:49 UTC 2019 /home/travis/build/icyphy/ptII/ptolemy/domains/continuous/test/auto/CartPendulum.xml
----------------- Instantiating /home/travis/build/icyphy/ptII/ptolemy/domains/continuous/test/auto/CartPendulum.xml
476 ms. Memory: 279552K Free: 153555K (55%)
----------------- Invoking toplevel() on ptolemy.moml.MoMLSimpleApplication@5ecc686b
----------------- Done invoking toplevel() on ptolemy.moml.MoMLSimpleApplication@5ecc686b
reloadAllAccessors: .CartPendulum

===========================================================================================
----------------- testing Sat Jul 06 04:42:50 UTC 2019 /home/travis/build/icyphy/ptII/ptolemy/domains/continuous/test/auto/CausalityInterface10.xml
----------------- Instantiating /home/travis/build/icyphy/ptII/ptolemy/domains/continuous/test/auto/CausalityInterface10.xml
11 ms. Memory: 279552K Free: 143315K (51%)
----------------- Invoking toplevel() on ptolemy.moml.MoMLSimpleApplication@123a2a25
----------------- Done invoking toplevel() on ptolemy.moml.MoMLSimpleApplication@123a2a25
reloadAllAccessors: .CausalityInterface10

===========================================================================================
----------------- testing Sat Jul 06 04:42:50 UTC 2019 /home/travis/build/icyphy/ptII/ptolemy/domains/continuous/test/auto/CausalityInterface11.xml
----------------- Instantiating /home/travis/build/icyphy/ptII/ptolemy/domains/continuous/test/auto/CausalityInterface11.xml
7 ms. Memory: 279552K Free: 137171K (49%)
----------------- Invoking toplevel() on ptolemy.moml.MoMLSimpleApplication@2ee173e6
----------------- Done invoking toplevel() on ptolemy.moml.MoMLSimpleApplication@2ee173e6
reloadAllAccessors: .CausalityInterface11

===========================================================================================
----------------- testing Sat Jul 06 04:42:50 UTC 2019 /home/travis/build/icyphy/ptII/ptolemy/domains/continuous/test/auto/CausalityInterface12.xml
----------------- Instantiating /home/travis/build/icyphy/ptII/ptolemy/domains/continuous/test/auto/CausalityInterface12.xml
10 ms. Memory: 279552K Free: 131027K (47%)
----------------- Invoking toplevel() on ptolemy.moml.MoMLSimpleApplication@10cdbb47
----------------- Done invoking toplevel() on ptolemy.moml.MoMLSimpleApplication@10cdbb47
reloadAllAccessors: .CausalityInterface12

===========================================================================================
----------------- testing Sat Jul 06 04:42:50 UTC 2019 /home/travis/build/icyphy/ptII/ptolemy/domains/continuous/test/auto/CausalityInterface13.xml
----------------- Instantiating /home/travis/build/icyphy/ptII/ptolemy/domains/continuous/test/auto/CausalityInterface13.xml
8 ms. Memory: 279552K Free: 124883K (45%)
----------------- Invoking toplevel() on ptolemy.moml.MoMLSimpleApplication@61caea8e
----------------- Done invoking toplevel() on ptolemy.moml.MoMLSimpleApplication@61caea8e
reloadAllAccessors: .CausalityInterface13

===========================================================================================
----------------- testing Sat Jul 06 04:42:50 UTC 2019 /home/travis/build/icyphy/ptII/ptolemy/domains/continuous/test/auto/CausalityInterface14.xml
----------------- Instantiating /home/travis/build/icyphy/ptII/ptolemy/domains/continuous/test/auto/CausalityInterface14.xml
4 ms. Memory: 279552K Free: 119235K (43%)
----------------- Invoking toplevel() on ptolemy.moml.MoMLSimpleApplication@7734f70
----------------- Done invoking toplevel() on ptolemy.moml.MoMLSimpleApplication@7734f70
reloadAllAccessors: .CausalityInterface14

===========================================================================================
----------------- testing Sat Jul 06 04:42:50 UTC 2019 /home/travis/build/icyphy/ptII/ptolemy/domains/continuous/test/auto/CausalityInterface4.xml
----------------- Instantiating /home/travis/build/icyphy/ptII/ptolemy/domains/continuous/test/auto/CausalityInterface4.xml
5 ms. Memory: 279552K Free: 112595K (40%)
----------------- Invoking toplevel() on ptolemy.moml.MoMLSimpleApplication@7162536
----------------- Done invoking toplevel() on ptolemy.moml.MoMLSimpleApplication@7162536
reloadAllAccessors: .CausalityInterface4

===========================================================================================
----------------- testing Sat Jul 06 04:42:50 UTC 2019 /home/travis/build/icyphy/ptII/ptolemy/domains/continuous/test/auto/CausalityInterface5.xml
----------------- Instantiating /home/travis/build/icyphy/ptII/ptolemy/domains/continuous/test/auto/CausalityInterface5.xml
9 ms. Memory: 279552K Free: 104913K (38%)
----------------- Invoking toplevel() on ptolemy.moml.MoMLSimpleApplication@f2ce9f
----------------- Done invoking toplevel() on ptolemy.moml.MoMLSimpleApplication@f2ce9f
reloadAllAccessors: .CausalityInterface5

===========================================================================================
----------------- testing Sat Jul 06 04:42:51 UTC 2019 /home/travis/build/icyphy/ptII/ptolemy/domains/continuous/test/auto/CausalityInterface6.xml
----------------- Instantiating /home/travis/build/icyphy/ptII/ptolemy/domains/continuous/test/auto/CausalityInterface6.xml
14 ms. Memory: 279552K Free: 262590K (94%)
----------------- Invoking toplevel() on ptolemy.moml.MoMLSimpleApplication@19ae2421
----------------- Done invoking toplevel() on ptolemy.moml.MoMLSimpleApplication@19ae2421
reloadAllAccessors: .CausalityInterface6

===========================================================================================
----------------- testing Sat Jul 06 04:42:51 UTC 2019 /home/travis/build/icyphy/ptII/ptolemy/domains/continuous/test/auto/CausalityInterface7.xml
----------------- Instantiating /home/travis/build/icyphy/ptII/ptolemy/domains/continuous/test/auto/CausalityInterface7.xml
10 ms. Memory: 279552K Free: 253376K (91%)
----------------- Invoking toplevel() on ptolemy.moml.MoMLSimpleApplication@687f1553
----------------- Done invoking toplevel() on ptolemy.moml.MoMLSimpleApplication@687f1553
reloadAllAccessors: .CausalityInterface7

===========================================================================================
----------------- testing Sat Jul 06 04:42:51 UTC 2019 /home/travis/build/icyphy/ptII/ptolemy/domains/continuous/test/auto/CausalityInterface8.xml
----------------- Instantiating /home/travis/build/icyphy/ptII/ptolemy/domains/continuous/test/auto/CausalityInterface8.xml
4 ms. Memory: 279552K Free: 244160K (87%)
----------------- Invoking toplevel() on ptolemy.moml.MoMLSimpleApplication@21d7f1e2
----------------- Done invoking toplevel() on ptolemy.moml.MoMLSimpleApplication@21d7f1e2
reloadAllAccessors: .CausalityInterface8

===========================================================================================
----------------- testing Sat Jul 06 04:42:51 UTC 2019 /home/travis/build/icyphy/ptII/ptolemy/domains/continuous/test/auto/CausalityInterface9.xml
----------------- Instantiating /home/travis/build/icyphy/ptII/ptolemy/domains/continuous/test/auto/CausalityInterface9.xml
13 ms. Memory: 279552K Free: 233406K (83%)
----------------- Invoking toplevel() on ptolemy.moml.MoMLSimpleApplication@69650bfd
----------------- Done invoking toplevel() on ptolemy.moml.MoMLSimpleApplication@69650bfd
reloadAllAccessors: .CausalityInterface9

===========================================================================================
----------------- testing Sat Jul 06 04:42:51 UTC 2019 /home/travis/build/icyphy/ptII/ptolemy/domains/continuous/test/auto/CausalityInterfaceFeedback1.xml
----------------- Instantiating /home/travis/build/icyphy/ptII/ptolemy/domains/continuous/test/auto/CausalityInterfaceFeedback1.xml
6 ms. Memory: 279552K Free: 226752K (81%)
----------------- Invoking toplevel() on ptolemy.moml.MoMLSimpleApplication@6978b3e7
----------------- Done invoking toplevel() on ptolemy.moml.MoMLSimpleApplication@6978b3e7
reloadAllAccessors: .CausalityInterfaceFeedback1

===========================================================================================
----------------- testing Sat Jul 06 04:42:51 UTC 2019 /home/travis/build/icyphy/ptII/ptolemy/domains/continuous/test/auto/CausalityInterfaceFeedback2.xml
----------------- Instantiating /home/travis/build/icyphy/ptII/ptolemy/domains/continuous/test/auto/CausalityInterfaceFeedback2.xml
6 ms. Memory: 279552K Free: 220064K (79%)
----------------- Invoking toplevel() on ptolemy.moml.MoMLSimpleApplication@289055c8
----------------- Done invoking toplevel() on ptolemy.moml.MoMLSimpleApplication@289055c8
reloadAllAccessors: .CausalityInterfaceFeedback2

===========================================================================================
----------------- testing Sat Jul 06 04:42:51 UTC 2019 /home/travis/build/icyphy/ptII/ptolemy/domains/continuous/test/auto/CompareWithCurrentTime.xml
----------------- Instantiating /home/travis/build/icyphy/ptII/ptolemy/domains/continuous/test/auto/CompareWithCurrentTime.xml
4 ms. Memory: 279552K Free: 215998K (77%)
----------------- Invoking toplevel() on ptolemy.moml.MoMLSimpleApplication@70f4eb
----------------- Done invoking toplevel() on ptolemy.moml.MoMLSimpleApplication@70f4eb
reloadAllAccessors: .CompareWithCurrentTime

===========================================================================================
----------------- testing Sat Jul 06 04:42:51 UTC 2019 /home/travis/build/icyphy/ptII/ptolemy/domains/continuous/test/auto/ComparedClocks.xml
----------------- Instantiating /home/travis/build/icyphy/ptII/ptolemy/domains/continuous/test/auto/ComparedClocks.xml
7 ms. Memory: 279552K Free: 200624K (72%)
----------------- Invoking toplevel() on ptolemy.moml.MoMLSimpleApplication@100820fc
----------------- Done invoking toplevel() on ptolemy.moml.MoMLSimpleApplication@100820fc
reloadAllAccessors: .ComparedClocks

===========================================================================================
----------------- testing Sat Jul 06 04:42:51 UTC 2019 /home/travis/build/icyphy/ptII/ptolemy/domains/continuous/test/auto/ContinuousAOCClone.xml
----------------- Instantiating /home/travis/build/icyphy/ptII/ptolemy/domains/continuous/test/auto/ContinuousAOCClone.xml
2677 ms. Memory: 335872K Free: 244571K (73%)
----------------- Invoking toplevel() on ptolemy.moml.MoMLSimpleApplication@707f5d47
----------------- Done invoking toplevel() on ptolemy.moml.MoMLSimpleApplication@707f5d47
reloadAllAccessors: .ContinuousAOCClone

===========================================================================================
----------------- testing Sat Jul 06 04:42:54 UTC 2019 /home/travis/build/icyphy/ptII/ptolemy/domains/continuous/test/auto/ContinuousClock.xml
----------------- Instantiating /home/travis/build/icyphy/ptII/ptolemy/domains/continuous/test/auto/ContinuousClock.xml
29 ms. Memory: 335872K Free: 223052K (66%)
----------------- Invoking toplevel() on ptolemy.moml.MoMLSimpleApplication@59361d45
----------------- Done invoking toplevel() on ptolemy.moml.MoMLSimpleApplication@59361d45
reloadAllAccessors: .ContinuousClock

===========================================================================================
----------------- testing Sat Jul 06 04:42:54 UTC 2019 /home/travis/build/icyphy/ptII/ptolemy/domains/continuous/test/auto/ContinuousInContinuous.xml
----------------- Instantiating /home/travis/build/icyphy/ptII/ptolemy/domains/continuous/test/auto/ContinuousInContinuous.xml
39 ms. Memory: 335872K Free: 199508K (59%)
----------------- Invoking toplevel() on ptolemy.moml.MoMLSimpleApplication@6e5a43ee
----------------- Done invoking toplevel() on ptolemy.moml.MoMLSimpleApplication@6e5a43ee
reloadAllAccessors: .ContinuousInContinuous

===========================================================================================
----------------- testing Sat Jul 06 04:42:54 UTC 2019 /home/travis/build/icyphy/ptII/ptolemy/domains/continuous/test/auto/ContinuousInContinuousInContinuous.xml
----------------- Instantiating /home/travis/build/icyphy/ptII/ptolemy/domains/continuous/test/auto/ContinuousInContinuousInContinuous.xml
6 ms. Memory: 335872K Free: 191323K (57%)
----------------- Invoking toplevel() on ptolemy.moml.MoMLSimpleApplication@4d2de298
----------------- Done invoking toplevel() on ptolemy.moml.MoMLSimpleApplication@4d2de298
reloadAllAccessors: .ContinuousInContinuousInContinuous

===========================================================================================
----------------- testing Sat Jul 06 04:42:54 UTC 2019 /home/travis/build/icyphy/ptII/ptolemy/domains/continuous/test/auto/ContinuousInDE.xml
----------------- Instantiating /home/travis/build/icyphy/ptII/ptolemy/domains/continuous/test/auto/ContinuousInDE.xml
88 ms. Memory: 335872K Free: 180573K (54%)
----------------- Invoking toplevel() on ptolemy.moml.MoMLSimpleApplication@3d5ee362
----------------- Done invoking toplevel() on ptolemy.moml.MoMLSimpleApplication@3d5ee362
reloadAllAccessors: .ContinuousInDE

===========================================================================================
----------------- testing Sat Jul 06 04:42:54 UTC 2019 /home/travis/build/icyphy/ptII/ptolemy/domains/continuous/test/auto/ContinuousInDE2.xml
----------------- Instantiating /home/travis/build/icyphy/ptII/ptolemy/domains/continuous/test/auto/ContinuousInDE2.xml
36 ms. Memory: 335872K Free: 170843K (51%)
----------------- Invoking toplevel() on ptolemy.moml.MoMLSimpleApplication@15ed611c
----------------- Done invoking toplevel() on ptolemy.moml.MoMLSimpleApplication@15ed611c
reloadAllAccessors: .ContinuousInDE2

===========================================================================================
----------------- testing Sat Jul 06 04:42:54 UTC 2019 /home/travis/build/icyphy/ptII/ptolemy/domains/continuous/test/auto/ContinuousInDE3.xml
----------------- Instantiating /home/travis/build/icyphy/ptII/ptolemy/domains/continuous/test/auto/ContinuousInDE3.xml
41 ms. Memory: 335872K Free: 161117K (48%)
----------------- Invoking toplevel() on ptolemy.moml.MoMLSimpleApplication@5d770cb
----------------- Done invoking toplevel() on ptolemy.moml.MoMLSimpleApplication@5d770cb
reloadAllAccessors: .ContinuousInDE3

===========================================================================================
----------------- testing Sat Jul 06 04:42:54 UTC 2019 /home/travis/build/icyphy/ptII/ptolemy/domains/continuous/test/auto/ContinuousInDE4.xml
----------------- Instantiating /home/travis/build/icyphy/ptII/ptolemy/domains/continuous/test/auto/ContinuousInDE4.xml
14 ms. Memory: 335872K Free: 154973K (46%)
----------------- Invoking toplevel() on ptolemy.moml.MoMLSimpleApplication@189a1cc0
----------------- Done invoking toplevel() on ptolemy.moml.MoMLSimpleApplication@189a1cc0
reloadAllAccessors: .ContinuousInDE4

===========================================================================================
----------------- testing Sat Jul 06 04:42:54 UTC 2019 /home/travis/build/icyphy/ptII/ptolemy/domains/continuous/test/auto/ContinuousInDEDifferentRefinements.xml
----------------- Instantiating /home/travis/build/icyphy/ptII/ptolemy/domains/continuous/test/auto/ContinuousInDEDifferentRefinements.xml
46 ms. Memory: 335872K Free: 123724K (37%)
----------------- Invoking toplevel() on ptolemy.moml.MoMLSimpleApplication@603ac9a2
----------------- Done invoking toplevel() on ptolemy.moml.MoMLSimpleApplication@603ac9a2
reloadAllAccessors: .ContinuousInDEDifferentRefinements

===========================================================================================
----------------- testing Sat Jul 06 04:42:54 UTC 2019 /home/travis/build/icyphy/ptII/ptolemy/domains/continuous/test/auto/ContinuousInDEDifferentRefinementsPreemptive.xml
----------------- Instantiating /home/travis/build/icyphy/ptII/ptolemy/domains/continuous/test/auto/ContinuousInDEDifferentRefinementsPreemptive.xml
46 ms. Memory: 335872K Free: 292644K (87%)
----------------- Invoking toplevel() on ptolemy.moml.MoMLSimpleApplication@4cf99b43
----------------- Done invoking toplevel() on ptolemy.moml.MoMLSimpleApplication@4cf99b43
reloadAllAccessors: .ContinuousInDEDifferentRefinementsPreemptive

===========================================================================================
----------------- testing Sat Jul 06 04:42:54 UTC 2019 /home/travis/build/icyphy/ptII/ptolemy/domains/continuous/test/auto/ContinuousInDEInContinuous2.xml
----------------- Instantiating /home/travis/build/icyphy/ptII/ptolemy/domains/continuous/test/auto/ContinuousInDEInContinuous2.xml
35 ms. Memory: 335872K Free: 281411K (84%)
----------------- Invoking toplevel() on ptolemy.moml.MoMLSimpleApplication@af33feb
----------------- Done invoking toplevel() on ptolemy.moml.MoMLSimpleApplication@af33feb
reloadAllAccessors: .ContinuousInDEInContinuous2

===========================================================================================
----------------- testing Sat Jul 06 04:42:55 UTC 2019 /home/travis/build/icyphy/ptII/ptolemy/domains/continuous/test/auto/ContinuousInDEInContinuous3.xml
----------------- Instantiating /home/travis/build/icyphy/ptII/ptolemy/domains/continuous/test/auto/ContinuousInDEInContinuous3.xml
33 ms. Memory: 335872K Free: 269123K (80%)
----------------- Invoking toplevel() on ptolemy.moml.MoMLSimpleApplication@3eba4575
----------------- Done invoking toplevel() on ptolemy.moml.MoMLSimpleApplication@3eba4575
reloadAllAccessors: .ContinuousInDEInContinuous3

===========================================================================================
----------------- testing Sat Jul 06 04:42:55 UTC 2019 /home/travis/build/icyphy/ptII/ptolemy/domains/continuous/test/auto/ContinuousInDEInput.xml
----------------- Instantiating /home/travis/build/icyphy/ptII/ptolemy/domains/continuous/test/auto/ContinuousInDEInput.xml
13 ms. Memory: 335872K Free: 261955K (78%)
----------------- Invoking toplevel() on ptolemy.moml.MoMLSimpleApplication@7f2dd6d8
----------------- Done invoking toplevel() on ptolemy.moml.MoMLSimpleApplication@7f2dd6d8
reloadAllAccessors: .ContinuousInDEInput

===========================================================================================
----------------- testing Sat Jul 06 04:42:55 UTC 2019 /home/travis/build/icyphy/ptII/ptolemy/domains/continuous/test/auto/ContinuousInDEInput2.xml
----------------- Instantiating /home/travis/build/icyphy/ptII/ptolemy/domains/continuous/test/auto/ContinuousInDEInput2.xml
11 ms. Memory: 335872K Free: 254787K (76%)
----------------- Invoking toplevel() on ptolemy.moml.MoMLSimpleApplication@3f274d05
----------------- Done invoking toplevel() on ptolemy.moml.MoMLSimpleApplication@3f274d05
reloadAllAccessors: .ContinuousInDEInput2

===========================================================================================
----------------- testing Sat Jul 06 04:42:55 UTC 2019 /home/travis/build/icyphy/ptII/ptolemy/domains/continuous/test/auto/ContinuousInDEInput3.xml
----------------- Instantiating /home/travis/build/icyphy/ptII/ptolemy/domains/continuous/test/auto/ContinuousInDEInput3.xml
12 ms. Memory: 335872K Free: 247619K (74%)
----------------- Invoking toplevel() on ptolemy.moml.MoMLSimpleApplication@6eead42d
----------------- Done invoking toplevel() on ptolemy.moml.MoMLSimpleApplication@6eead42d
reloadAllAccessors: .ContinuousInDEInput3

===========================================================================================
----------------- testing Sat Jul 06 04:42:55 UTC 2019 /home/travis/build/icyphy/ptII/ptolemy/domains/continuous/test/auto/ContinuousInDESharingRefinement.xml
----------------- Instantiating /home/travis/build/icyphy/ptII/ptolemy/domains/continuous/test/auto/ContinuousInDESharingRefinement.xml
149 ms. Memory: 335872K Free: 152901K (46%)
----------------- Invoking toplevel() on ptolemy.moml.MoMLSimpleApplication@134e3349
----------------- Done invoking toplevel() on ptolemy.moml.MoMLSimpleApplication@134e3349
reloadAllAccessors: .ContinuousInDESharingRefinement

===========================================================================================
----------------- testing Sat Jul 06 04:42:55 UTC 2019 /home/travis/build/icyphy/ptII/ptolemy/domains/continuous/test/auto/ContinuousInDEwithNoPorts.xml
----------------- Instantiating /home/travis/build/icyphy/ptII/ptolemy/domains/continuous/test/auto/ContinuousInDEwithNoPorts.xml
7 ms. Memory: 335872K Free: 148260K (44%)
----------------- Invoking toplevel() on ptolemy.moml.MoMLSimpleApplication@31666efd
----------------- Done invoking toplevel() on ptolemy.moml.MoMLSimpleApplication@31666efd
reloadAllAccessors: .ContinuousInDEwithNoPorts

===========================================================================================
----------------- testing Sat Jul 06 04:42:55 UTC 2019 /home/travis/build/icyphy/ptII/ptolemy/domains/continuous/test/auto/ContinuousInsideDE.xml
----------------- Instantiating /home/travis/build/icyphy/ptII/ptolemy/domains/continuous/test/auto/ContinuousInsideDE.xml
36 ms. Memory: 335872K Free: 137027K (41%)
----------------- Invoking toplevel() on ptolemy.moml.MoMLSimpleApplication@146b9b75
----------------- Done invoking toplevel() on ptolemy.moml.MoMLSimpleApplication@146b9b75
reloadAllAccessors: .ContinuousInsideDE

===========================================================================================
----------------- testing Sat Jul 06 04:42:55 UTC 2019 /home/travis/build/icyphy/ptII/ptolemy/domains/continuous/test/auto/ContinuousMerge1.xml
----------------- Instantiating /home/travis/build/icyphy/ptII/ptolemy/domains/continuous/test/auto/ContinuousMerge1.xml
3 ms. Memory: 335872K Free: 132931K (40%)
----------------- Invoking toplevel() on ptolemy.moml.MoMLSimpleApplication@33ff599
----------------- Done invoking toplevel() on ptolemy.moml.MoMLSimpleApplication@33ff599
reloadAllAccessors: .ContinuousMerge1

===========================================================================================
----------------- testing Sat Jul 06 04:42:55 UTC 2019 /home/travis/build/icyphy/ptII/ptolemy/domains/continuous/test/auto/ContinuousMerge2.xml
----------------- Instantiating /home/travis/build/icyphy/ptII/ptolemy/domains/continuous/test/auto/ContinuousMerge2.xml
18 ms. Memory: 335872K Free: 322109K (96%)
----------------- Invoking toplevel() on ptolemy.moml.MoMLSimpleApplication@645aaf4c
----------------- Done invoking toplevel() on ptolemy.moml.MoMLSimpleApplication@645aaf4c
reloadAllAccessors: .ContinuousMerge2

===========================================================================================
----------------- testing Sat Jul 06 04:42:55 UTC 2019 /home/travis/build/icyphy/ptII/ptolemy/domains/continuous/test/auto/ContinuousMerge3.xml
----------------- Instantiating /home/travis/build/icyphy/ptII/ptolemy/domains/continuous/test/auto/ContinuousMerge3.xml
42 ms. Memory: 335872K Free: 311131K (93%)
----------------- Invoking toplevel() on ptolemy.moml.MoMLSimpleApplication@1d8e8db2
----------------- Done invoking toplevel() on ptolemy.moml.MoMLSimpleApplication@1d8e8db2
reloadAllAccessors: .ContinuousMerge3

===========================================================================================
----------------- testing Sat Jul 06 04:42:55 UTC 2019 /home/travis/build/icyphy/ptII/ptolemy/domains/continuous/test/auto/ContinuousWithinContinuous.xml
----------------- Instantiating /home/travis/build/icyphy/ptII/ptolemy/domains/continuous/test/auto/ContinuousWithinContinuous.xml
35 ms. Memory: 335872K Free: 301915K (90%)
----------------- Invoking toplevel() on ptolemy.moml.MoMLSimpleApplication@6d2b4aa8
----------------- Done invoking toplevel() on ptolemy.moml.MoMLSimpleApplication@6d2b4aa8
reloadAllAccessors: .ContinuousWithinContinuous

===========================================================================================
----------------- testing Sat Jul 06 04:42:55 UTC 2019 /home/travis/build/icyphy/ptII/ptolemy/domains/continuous/test/auto/ContinuousWithinContinuous2.xml
----------------- Instantiating /home/travis/build/icyphy/ptII/ptolemy/domains/continuous/test/auto/ContinuousWithinContinuous2.xml
72 ms. Memory: 335872K Free: 290651K (87%)
----------------- Invoking toplevel() on ptolemy.moml.MoMLSimpleApplication@4cf40042
----------------- Done invoking toplevel() on ptolemy.moml.MoMLSimpleApplication@4cf40042
reloadAllAccessors: .ContinuousWithinContinuous2

===========================================================================================
----------------- testing Sat Jul 06 04:42:55 UTC 2019 /home/travis/build/icyphy/ptII/ptolemy/domains/continuous/test/auto/ContinuousWithinContinuous3.xml
----------------- Instantiating /home/travis/build/icyphy/ptII/ptolemy/domains/continuous/test/auto/ContinuousWithinContinuous3.xml
12 ms. Memory: 335872K Free: 283483K (84%)
----------------- Invoking toplevel() on ptolemy.moml.MoMLSimpleApplication@68071fb3
----------------- Done invoking toplevel() on ptolemy.moml.MoMLSimpleApplication@68071fb3
reloadAllAccessors: .ContinuousWithinContinuous3

===========================================================================================
----------------- testing Sat Jul 06 04:42:55 UTC 2019 /home/travis/build/icyphy/ptII/ptolemy/domains/continuous/test/auto/ContinuousWithinContinuous4.xml
----------------- Instantiating /home/travis/build/icyphy/ptII/ptolemy/domains/continuous/test/auto/ContinuousWithinContinuous4.xml
68 ms. Memory: 335872K Free: 271195K (81%)
----------------- Invoking toplevel() on ptolemy.moml.MoMLSimpleApplication@3e2afdac
----------------- Done invoking toplevel() on ptolemy.moml.MoMLSimpleApplication@3e2afdac
reloadAllAccessors: .ContinuousWithinContinuous4

===========================================================================================
----------------- testing Sat Jul 06 04:42:55 UTC 2019 /home/travis/build/icyphy/ptII/ptolemy/domains/continuous/test/auto/ContinuousWithinContinuous5.xml
----------------- Instantiating /home/travis/build/icyphy/ptII/ptolemy/domains/continuous/test/auto/ContinuousWithinContinuous5.xml
13 ms. Memory: 335872K Free: 264027K (79%)
----------------- Invoking toplevel() on ptolemy.moml.MoMLSimpleApplication@6fbb63c4
----------------- Done invoking toplevel() on ptolemy.moml.MoMLSimpleApplication@6fbb63c4
reloadAllAccessors: .ContinuousWithinContinuous5

===========================================================================================
----------------- testing Sat Jul 06 04:42:55 UTC 2019 /home/travis/build/icyphy/ptII/ptolemy/domains/continuous/test/auto/ContinuousWithinContinuous6.xml
----------------- Instantiating /home/travis/build/icyphy/ptII/ptolemy/domains/continuous/test/auto/ContinuousWithinContinuous6.xml
11 ms. Memory: 335872K Free: 256859K (76%)
----------------- Invoking toplevel() on ptolemy.moml.MoMLSimpleApplication@250624b3
----------------- Done invoking toplevel() on ptolemy.moml.MoMLSimpleApplication@250624b3
reloadAllAccessors: .ContinuousWithinContinuous6

===========================================================================================
----------------- testing Sat Jul 06 04:42:56 UTC 2019 /home/travis/build/icyphy/ptII/ptolemy/domains/continuous/test/auto/ContinuousWithinContinuous7.xml
----------------- Instantiating /home/travis/build/icyphy/ptII/ptolemy/domains/continuous/test/auto/ContinuousWithinContinuous7.xml
56 ms. Memory: 335872K Free: 245595K (73%)
----------------- Invoking toplevel() on ptolemy.moml.MoMLSimpleApplication@432de8ea
----------------- Done invoking toplevel() on ptolemy.moml.MoMLSimpleApplication@432de8ea
reloadAllAccessors: .ContinuousWithinContinuous7

===========================================================================================
----------------- testing Sat Jul 06 04:42:56 UTC 2019 /home/travis/build/icyphy/ptII/ptolemy/domains/continuous/test/auto/DCMotor.xml
----------------- Instantiating /home/travis/build/icyphy/ptII/ptolemy/domains/continuous/test/auto/DCMotor.xml
13825 ms. Memory: 335872K Free: 159216K (47%)
----------------- Invoking toplevel() on ptolemy.moml.MoMLSimpleApplication@3a24bc87
----------------- Done invoking toplevel() on ptolemy.moml.MoMLSimpleApplication@3a24bc87
reloadAllAccessors: .DCMotor

===========================================================================================
----------------- testing Sat Jul 06 04:43:10 UTC 2019 /home/travis/build/icyphy/ptII/ptolemy/domains/continuous/test/auto/DEInContinuous.xml
----------------- Instantiating /home/travis/build/icyphy/ptII/ptolemy/domains/continuous/test/auto/DEInContinuous.xml
27 ms. Memory: 335872K Free: 153072K (46%)
----------------- Invoking toplevel() on ptolemy.moml.MoMLSimpleApplication@16790755
----------------- Done invoking toplevel() on ptolemy.moml.MoMLSimpleApplication@16790755
reloadAllAccessors: .DEInContinuous

===========================================================================================
----------------- testing Sat Jul 06 04:43:10 UTC 2019 /home/travis/build/icyphy/ptII/ptolemy/domains/continuous/test/auto/DEinContinuous2.xml
----------------- Instantiating /home/travis/build/icyphy/ptII/ptolemy/domains/continuous/test/auto/DEinContinuous2.xml
6 ms. Memory: 335872K Free: 145394K (43%)
----------------- Invoking toplevel() on ptolemy.moml.MoMLSimpleApplication@68df4384
----------------- Done invoking toplevel() on ptolemy.moml.MoMLSimpleApplication@68df4384
reloadAllAccessors: .DEinContinuous2

===========================================================================================
----------------- testing Sat Jul 06 04:43:10 UTC 2019 /home/travis/build/icyphy/ptII/ptolemy/domains/continuous/test/auto/Derivative.xml
----------------- Instantiating /home/travis/build/icyphy/ptII/ptolemy/domains/continuous/test/auto/Derivative.xml
146 ms. Memory: 335872K Free: 314904K (94%)
----------------- Invoking toplevel() on ptolemy.moml.MoMLSimpleApplication@75141a06
----------------- Done invoking toplevel() on ptolemy.moml.MoMLSimpleApplication@75141a06
reloadAllAccessors: .Derivative2

===========================================================================================
----------------- testing Sat Jul 06 04:43:10 UTC 2019 /home/travis/build/icyphy/ptII/ptolemy/domains/continuous/test/auto/Derivative1.xml
----------------- Instantiating /home/travis/build/icyphy/ptII/ptolemy/domains/continuous/test/auto/Derivative1.xml
22 ms. Memory: 335872K Free: 300529K (89%)
----------------- Invoking toplevel() on ptolemy.moml.MoMLSimpleApplication@589c721a
----------------- Done invoking toplevel() on ptolemy.moml.MoMLSimpleApplication@589c721a
reloadAllAccessors: .Derivative1

===========================================================================================
----------------- testing Sat Jul 06 04:43:10 UTC 2019 /home/travis/build/icyphy/ptII/ptolemy/domains/continuous/test/auto/DiscreteClock.xml
----------------- Instantiating /home/travis/build/icyphy/ptII/ptolemy/domains/continuous/test/auto/DiscreteClock.xml
3 ms. Memory: 335872K Free: 295409K (88%)
----------------- Invoking toplevel() on ptolemy.moml.MoMLSimpleApplication@4c921f4c
----------------- Done invoking toplevel() on ptolemy.moml.MoMLSimpleApplication@4c921f4c
reloadAllAccessors: .DiscreteClock

===========================================================================================
----------------- testing Sat Jul 06 04:43:10 UTC 2019 /home/travis/build/icyphy/ptII/ptolemy/domains/continuous/test/auto/EfficiencyCurve.xml
----------------- Instantiating /home/travis/build/icyphy/ptII/ptolemy/domains/continuous/test/auto/EfficiencyCurve.xml
67 ms. Memory: 335872K Free: 286193K (85%)
----------------- Invoking toplevel() on ptolemy.moml.MoMLSimpleApplication@ea04c03
----------------- Done invoking toplevel() on ptolemy.moml.MoMLSimpleApplication@ea04c03
reloadAllAccessors: .EfficiencyCurve

===========================================================================================
----------------- testing Sat Jul 06 04:43:10 UTC 2019 /home/travis/build/icyphy/ptII/ptolemy/domains/continuous/test/auto/ExponentialResponse.xml
----------------- Instantiating /home/travis/build/icyphy/ptII/ptolemy/domains/continuous/test/auto/ExponentialResponse.xml
113 ms. Memory: 335872K Free: 270319K (80%)
----------------- Invoking toplevel() on ptolemy.moml.MoMLSimpleApplication@7695aa56
----------------- Done invoking toplevel() on ptolemy.moml.MoMLSimpleApplication@7695aa56
reloadAllAccessors: .ExponentialResponse

===========================================================================================
----------------- testing Sat Jul 06 04:43:10 UTC 2019 /home/travis/build/icyphy/ptII/ptolemy/domains/continuous/test/auto/ExponentialResponseRK45.xml
----------------- Instantiating /home/travis/build/icyphy/ptII/ptolemy/domains/continuous/test/auto/ExponentialResponseRK45.xml
27 ms. Memory: 335872K Free: 263665K (79%)
----------------- Invoking toplevel() on ptolemy.moml.MoMLSimpleApplication@406258cb
----------------- Done invoking toplevel() on ptolemy.moml.MoMLSimpleApplication@406258cb
reloadAllAccessors: .ExponentialResponseRK45

===========================================================================================
----------------- testing Sat Jul 06 04:43:10 UTC 2019 /home/travis/build/icyphy/ptII/ptolemy/domains/continuous/test/auto/Friction.xml
----------------- Instantiating /home/travis/build/icyphy/ptII/ptolemy/domains/continuous/test/auto/Friction.xml
1629 ms. Memory: 335872K Free: 231278K (69%)
----------------- Invoking toplevel() on ptolemy.moml.MoMLSimpleApplication@66b560c5
----------------- Done invoking toplevel() on ptolemy.moml.MoMLSimpleApplication@66b560c5
reloadAllAccessors: .Friction

===========================================================================================
----------------- testing Sat Jul 06 04:43:12 UTC 2019 /home/travis/build/icyphy/ptII/ptolemy/domains/continuous/test/auto/FurutaPendulum.xml
----------------- Instantiating /home/travis/build/icyphy/ptII/ptolemy/domains/continuous/test/auto/FurutaPendulum.xml
3619 ms. Memory: 335872K Free: 299175K (89%)
----------------- Invoking toplevel() on ptolemy.moml.MoMLSimpleApplication@c4d894a
----------------- Done invoking toplevel() on ptolemy.moml.MoMLSimpleApplication@c4d894a
reloadAllAccessors: .FurutaPendulum

===========================================================================================
----------------- testing Sat Jul 06 04:43:16 UTC 2019 /home/travis/build/icyphy/ptII/ptolemy/domains/continuous/test/auto/HierarchicalExecution.xml
----------------- Instantiating /home/travis/build/icyphy/ptII/ptolemy/domains/continuous/test/auto/HierarchicalExecution.xml
2105 ms. Memory: 335872K Free: 207188K (62%)
----------------- Invoking toplevel() on ptolemy.moml.MoMLSimpleApplication@bf5c86f
----------------- Done invoking toplevel() on ptolemy.moml.MoMLSimpleApplication@bf5c86f
reloadAllAccessors: .HierarchicalExecution

===========================================================================================
----------------- testing Sat Jul 06 04:43:18 UTC 2019 /home/travis/build/icyphy/ptII/ptolemy/domains/continuous/test/auto/HybridPlant.xml
----------------- Instantiating /home/travis/build/icyphy/ptII/ptolemy/domains/continuous/test/auto/HybridPlant.xml
537 ms. Memory: 403456K Free: 208859K (52%)
----------------- Invoking toplevel() on ptolemy.moml.MoMLSimpleApplication@373d37c1
----------------- Done invoking toplevel() on ptolemy.moml.MoMLSimpleApplication@373d37c1
reloadAllAccessors: .HybridPlant

===========================================================================================
----------------- testing Sat Jul 06 04:43:19 UTC 2019 /home/travis/build/icyphy/ptII/ptolemy/domains/continuous/test/auto/Hysteresis.xml
----------------- Instantiating /home/travis/build/icyphy/ptII/ptolemy/domains/continuous/test/auto/Hysteresis.xml
157 ms. Memory: 403456K Free: 385533K (96%)
----------------- Invoking toplevel() on ptolemy.moml.MoMLSimpleApplication@53bd3623
----------------- Done invoking toplevel() on ptolemy.moml.MoMLSimpleApplication@53bd3623
reloadAllAccessors: .Hysteresis

===========================================================================================
----------------- testing Sat Jul 06 04:43:19 UTC 2019 /home/travis/build/icyphy/ptII/ptolemy/domains/continuous/test/auto/HysteresisWithRandomDelay.xml
----------------- Instantiating /home/travis/build/icyphy/ptII/ptolemy/domains/continuous/test/auto/HysteresisWithRandomDelay.xml
195 ms. Memory: 403456K Free: 313357K (78%)
----------------- Invoking toplevel() on ptolemy.moml.MoMLSimpleApplication@5d145180
----------------- Done invoking toplevel() on ptolemy.moml.MoMLSimpleApplication@5d145180
reloadAllAccessors: .HysteresisWithRandomDelay

===========================================================================================
----------------- testing Sat Jul 06 04:43:19 UTC 2019 /home/travis/build/icyphy/ptII/ptolemy/domains/continuous/test/auto/HysteresisWithRandomLosses.xml
----------------- Instantiating /home/travis/build/icyphy/ptII/ptolemy/domains/continuous/test/auto/HysteresisWithRandomLosses.xml
2349 ms. Memory: 403456K Free: 280954K (70%)
----------------- Invoking toplevel() on ptolemy.moml.MoMLSimpleApplication@2319ed8a
----------------- Done invoking toplevel() on ptolemy.moml.MoMLSimpleApplication@2319ed8a
reloadAllAccessors: .HysteresisWithRandomLosses

===========================================================================================
----------------- testing Sat Jul 06 04:43:22 UTC 2019 /home/travis/build/icyphy/ptII/ptolemy/domains/continuous/test/auto/ImmediateTransitions.xml
----------------- Instantiating /home/travis/build/icyphy/ptII/ptolemy/domains/continuous/test/auto/ImmediateTransitions.xml
9 ms. Memory: 403456K Free: 270194K (67%)
----------------- Invoking toplevel() on ptolemy.moml.MoMLSimpleApplication@28e16561
----------------- Done invoking toplevel() on ptolemy.moml.MoMLSimpleApplication@28e16561
reloadAllAccessors: .ImmediateTransitions

===========================================================================================
----------------- testing Sat Jul 06 04:43:22 UTC 2019 /home/travis/build/icyphy/ptII/ptolemy/domains/continuous/test/auto/ImpulseFeedback.xml
----------------- Instantiating /home/travis/build/icyphy/ptII/ptolemy/domains/continuous/test/auto/ImpulseFeedback.xml
7 ms. Memory: 403456K Free: 264570K (66%)
----------------- Invoking toplevel() on ptolemy.moml.MoMLSimpleApplication@3a97bc6
----------------- Done invoking toplevel() on ptolemy.moml.MoMLSimpleApplication@3a97bc6
reloadAllAccessors: .ImpulseFeedback

===========================================================================================
----------------- testing Sat Jul 06 04:43:22 UTC 2019 /home/travis/build/icyphy/ptII/ptolemy/domains/continuous/test/auto/ImpulseFeedback2.xml
----------------- Instantiating /home/travis/build/icyphy/ptII/ptolemy/domains/continuous/test/auto/ImpulseFeedback2.xml
5 ms. Memory: 403456K Free: 258936K (64%)
----------------- Invoking toplevel() on ptolemy.moml.MoMLSimpleApplication@2899eaca
----------------- Done invoking toplevel() on ptolemy.moml.MoMLSimpleApplication@2899eaca
reloadAllAccessors: .ImpulseFeedback2

===========================================================================================
----------------- testing Sat Jul 06 04:43:22 UTC 2019 /home/travis/build/icyphy/ptII/ptolemy/domains/continuous/test/auto/IncreasingRatePoisson.xml
----------------- Instantiating /home/travis/build/icyphy/ptII/ptolemy/domains/continuous/test/auto/IncreasingRatePoisson.xml
714 ms. Memory: 403456K Free: 196122K (49%)
----------------- Invoking toplevel() on ptolemy.moml.MoMLSimpleApplication@35a0eb44
----------------- Done invoking toplevel() on ptolemy.moml.MoMLSimpleApplication@35a0eb44
reloadAllAccessors: .IncreasingRatePoisson

===========================================================================================
----------------- testing Sat Jul 06 04:43:22 UTC 2019 /home/travis/build/icyphy/ptII/ptolemy/domains/continuous/test/auto/InitialStateFeedback.xml
----------------- Instantiating /home/travis/build/icyphy/ptII/ptolemy/domains/continuous/test/auto/InitialStateFeedback.xml
4 ms. Memory: 403456K Free: 191530K (47%)
----------------- Invoking toplevel() on ptolemy.moml.MoMLSimpleApplication@79c03965
----------------- Done invoking toplevel() on ptolemy.moml.MoMLSimpleApplication@79c03965
reloadAllAccessors: .InitialStateFeedback

===========================================================================================
----------------- testing Sat Jul 06 04:43:23 UTC 2019 /home/travis/build/icyphy/ptII/ptolemy/domains/continuous/test/auto/Integration.xml
----------------- Instantiating /home/travis/build/icyphy/ptII/ptolemy/domains/continuous/test/auto/Integration.xml
2 ms. Memory: 403456K Free: 187434K (46%)
----------------- Invoking toplevel() on ptolemy.moml.MoMLSimpleApplication@12c9a9e8
----------------- Done invoking toplevel() on ptolemy.moml.MoMLSimpleApplication@12c9a9e8
reloadAllAccessors: .Integration

===========================================================================================
----------------- testing Sat Jul 06 04:43:23 UTC 2019 /home/travis/build/icyphy/ptII/ptolemy/domains/continuous/test/auto/Integration2.xml
----------------- Instantiating /home/travis/build/icyphy/ptII/ptolemy/domains/continuous/test/auto/Integration2.xml
85 ms. Memory: 403456K Free: 172584K (43%)
----------------- Invoking toplevel() on ptolemy.moml.MoMLSimpleApplication@3063959e
----------------- Done invoking toplevel() on ptolemy.moml.MoMLSimpleApplication@3063959e
reloadAllAccessors: .Integration2

===========================================================================================
----------------- testing Sat Jul 06 04:43:23 UTC 2019 /home/travis/build/icyphy/ptII/ptolemy/domains/continuous/test/auto/Integration3.xml
----------------- Instantiating /home/travis/build/icyphy/ptII/ptolemy/domains/continuous/test/auto/Integration3.xml
3 ms. Memory: 403456K Free: 167978K (42%)
----------------- Invoking toplevel() on ptolemy.moml.MoMLSimpleApplication@548a591b
----------------- Done invoking toplevel() on ptolemy.moml.MoMLSimpleApplication@548a591b
reloadAllAccessors: .Integration3

===========================================================================================
----------------- testing Sat Jul 06 04:43:23 UTC 2019 /home/travis/build/icyphy/ptII/ptolemy/domains/continuous/test/auto/Integration5.xml
----------------- Instantiating /home/travis/build/icyphy/ptII/ptolemy/domains/continuous/test/auto/Integration5.xml
2 ms. Memory: 403456K Free: 163882K (41%)
----------------- Invoking toplevel() on ptolemy.moml.MoMLSimpleApplication@7cf3e673
----------------- Done invoking toplevel() on ptolemy.moml.MoMLSimpleApplication@7cf3e673
reloadAllAccessors: .Integration5

===========================================================================================
----------------- testing Sat Jul 06 04:43:23 UTC 2019 /home/travis/build/icyphy/ptII/ptolemy/domains/continuous/test/auto/IntegratorImpulse.xml
----------------- Instantiating /home/travis/build/icyphy/ptII/ptolemy/domains/continuous/test/auto/IntegratorImpulse.xml
2 ms. Memory: 403456K Free: 159786K (40%)
----------------- Invoking toplevel() on ptolemy.moml.MoMLSimpleApplication@67c56cf4
----------------- Done invoking toplevel() on ptolemy.moml.MoMLSimpleApplication@67c56cf4
reloadAllAccessors: .IntegratorImpulse

===========================================================================================
----------------- testing Sat Jul 06 04:43:23 UTC 2019 /home/travis/build/icyphy/ptII/ptolemy/domains/continuous/test/auto/IntegratorImpulse2.xml
----------------- Instantiating /home/travis/build/icyphy/ptII/ptolemy/domains/continuous/test/auto/IntegratorImpulse2.xml
8 ms. Memory: 403456K Free: 155170K (38%)
----------------- Invoking toplevel() on ptolemy.moml.MoMLSimpleApplication@1d853493
----------------- Done invoking toplevel() on ptolemy.moml.MoMLSimpleApplication@1d853493
reloadAllAccessors: .IntegratorImpulse2

===========================================================================================
----------------- testing Sat Jul 06 04:43:23 UTC 2019 /home/travis/build/icyphy/ptII/ptolemy/domains/continuous/test/auto/LevelCrossing1.xml
----------------- Instantiating /home/travis/build/icyphy/ptII/ptolemy/domains/continuous/test/auto/LevelCrossing1.xml
2 ms. Memory: 403456K Free: 150056K (37%)
----------------- Invoking toplevel() on ptolemy.moml.MoMLSimpleApplication@8d926ed
----------------- Done invoking toplevel() on ptolemy.moml.MoMLSimpleApplication@8d926ed
reloadAllAccessors: .LevelCrossing1

===========================================================================================
----------------- testing Sat Jul 06 04:43:23 UTC 2019 /home/travis/build/icyphy/ptII/ptolemy/domains/continuous/test/auto/LevelCrossing2.xml
----------------- Instantiating /home/travis/build/icyphy/ptII/ptolemy/domains/continuous/test/auto/LevelCrossing2.xml
4 ms. Memory: 403456K Free: 386389K (96%)
----------------- Invoking toplevel() on ptolemy.moml.MoMLSimpleApplication@236fa128
----------------- Done invoking toplevel() on ptolemy.moml.MoMLSimpleApplication@236fa128
reloadAllAccessors: .LevelCrossing2

===========================================================================================
----------------- testing Sat Jul 06 04:43:23 UTC 2019 /home/travis/build/icyphy/ptII/ptolemy/domains/continuous/test/auto/LevelCrossing3.xml
----------------- Instantiating /home/travis/build/icyphy/ptII/ptolemy/domains/continuous/test/auto/LevelCrossing3.xml
3 ms. Memory: 403456K Free: 381269K (95%)
----------------- Invoking toplevel() on ptolemy.moml.MoMLSimpleApplication@30f4e8da
----------------- Done invoking toplevel() on ptolemy.moml.MoMLSimpleApplication@30f4e8da
reloadAllAccessors: .LevelCrossing3

===========================================================================================
----------------- testing Sat Jul 06 04:43:23 UTC 2019 /home/travis/build/icyphy/ptII/ptolemy/domains/continuous/test/auto/LevelCrossing4.xml
----------------- Instantiating /home/travis/build/icyphy/ptII/ptolemy/domains/continuous/test/auto/LevelCrossing4.xml
3 ms. Memory: 403456K Free: 376149K (93%)
----------------- Invoking toplevel() on ptolemy.moml.MoMLSimpleApplication@d25d30
----------------- Done invoking toplevel() on ptolemy.moml.MoMLSimpleApplication@d25d30
reloadAllAccessors: .LevelCrossing4

===========================================================================================
----------------- testing Sat Jul 06 04:43:23 UTC 2019 /home/travis/build/icyphy/ptII/ptolemy/domains/continuous/test/auto/LevelCrossing5.xml
----------------- Instantiating /home/travis/build/icyphy/ptII/ptolemy/domains/continuous/test/auto/LevelCrossing5.xml
3 ms. Memory: 403456K Free: 371029K (92%)
----------------- Invoking toplevel() on ptolemy.moml.MoMLSimpleApplication@12d4a642
----------------- Done invoking toplevel() on ptolemy.moml.MoMLSimpleApplication@12d4a642
reloadAllAccessors: .LevelCrossing5

===========================================================================================
[...]
----------------- testing Sat Jul 06 04:43:41 UTC 2019 /home/travis/build/icyphy/ptII/ptolemy/domains/continuous/test/auto/SRinContinuous.xml
----------------- Instantiating /home/travis/build/icyphy/ptII/ptolemy/domains/continuous/test/auto/SRinContinuous.xml
4 ms. Memory: 403456K Free: 215127K (53%)
----------------- Invoking toplevel() on ptolemy.moml.MoMLSimpleApplication@716a533
----------------- Done invoking toplevel() on ptolemy.moml.MoMLSimpleApplication@716a533
reloadAllAccessors: .SRinContinuous

===========================================================================================
----------------- testing Sat Jul 06 04:43:41 UTC 2019 /home/travis/build/icyphy/ptII/ptolemy/domains/continuous/test/auto/SampledClocks.xml
----------------- Instantiating /home/travis/build/icyphy/ptII/ptolemy/domains/continuous/test/auto/SampledClocks.xml
7 ms. Memory: 403456K Free: 202329K (50%)
----------------- Invoking toplevel() on ptolemy.moml.MoMLSimpleApplication@8511be6
----------------- Done invoking toplevel() on ptolemy.moml.MoMLSimpleApplication@8511be6
reloadAllAccessors: .SampledClocks

===========================================================================================
----------------- testing Sat Jul 06 04:43:41 UTC 2019 /home/travis/build/icyphy/ptII/ptolemy/domains/continuous/test/auto/Satellite.xml
----------------- Instantiating /home/travis/build/icyphy/ptII/ptolemy/domains/continuous/test/auto/Satellite.xml
856 ms. Memory: 403456K Free: 237758K (59%)
----------------- Invoking toplevel() on ptolemy.moml.MoMLSimpleApplication@be4df5f
----------------- Done invoking toplevel() on ptolemy.moml.MoMLSimpleApplication@be4df5f
reloadAllAccessors: .Satellite

===========================================================================================
----------------- testing Sat Jul 06 04:43:42 UTC 2019 /home/travis/build/icyphy/ptII/ptolemy/domains/continuous/test/auto/SigmaDelta.xml
----------------- Instantiating /home/travis/build/icyphy/ptII/ptolemy/domains/continuous/test/auto/SigmaDelta.xml
2575 ms. Memory: 403456K Free: 211758K (52%)
----------------- Invoking toplevel() on ptolemy.moml.MoMLSimpleApplication@2890f4f2
----------------- Done invoking toplevel() on ptolemy.moml.MoMLSimpleApplication@2890f4f2
reloadAllAccessors: .SigmaDelta

===========================================================================================
----------------- testing Sat Jul 06 04:43:44 UTC 2019 /home/travis/build/icyphy/ptII/ptolemy/domains/continuous/test/auto/SingleRefinement.xml
----------------- Instantiating /home/travis/build/icyphy/ptII/ptolemy/domains/continuous/test/auto/SingleRefinement.xml
323 ms. Memory: 403456K Free: 265729K (66%)
----------------- Invoking toplevel() on ptolemy.moml.MoMLSimpleApplication@32ce7d7e
----------------- Done invoking toplevel() on ptolemy.moml.MoMLSimpleApplication@32ce7d7e
reloadAllAccessors: .SingleRefinement

===========================================================================================
----------------- testing Sat Jul 06 04:43:45 UTC 2019 /home/travis/build/icyphy/ptII/ptolemy/domains/continuous/test/auto/SinuBouncingBall.xml
----------------- Instantiating /home/travis/build/icyphy/ptII/ptolemy/domains/continuous/test/auto/SinuBouncingBall.xml
785 ms. Memory: 403456K Free: 287196K (71%)
----------------- Invoking toplevel() on ptolemy.moml.MoMLSimpleApplication@12f6b816
----------------- Done invoking toplevel() on ptolemy.moml.MoMLSimpleApplication@12f6b816
reloadAllAccessors: .SinuBouncingBall

===========================================================================================
----------------- testing Sat Jul 06 04:43:46 UTC 2019 /home/travis/build/icyphy/ptII/ptolemy/domains/continuous/test/auto/Sinusoid.xml
----------------- Instantiating /home/travis/build/icyphy/ptII/ptolemy/domains/continuous/test/auto/Sinusoid.xml
5 ms. Memory: 403456K Free: 282556K (70%)
----------------- Invoking toplevel() on ptolemy.moml.MoMLSimpleApplication@4af28f0a
----------------- Done invoking toplevel() on ptolemy.moml.MoMLSimpleApplication@4af28f0a
reloadAllAccessors: .Sinusoid

===========================================================================================
----------------- testing Sat Jul 06 04:43:46 UTC 2019 /home/travis/build/icyphy/ptII/ptolemy/domains/continuous/test/auto/SinusoidInNoise.xml
----------------- Instantiating /home/travis/build/icyphy/ptII/ptolemy/domains/continuous/test/auto/SinusoidInNoise.xml
1033 ms. Memory: 403456K Free: 381262K (94%)
----------------- Invoking toplevel() on ptolemy.moml.MoMLSimpleApplication@6485f4d3
----------------- Done invoking toplevel() on ptolemy.moml.MoMLSimpleApplication@6485f4d3
reloadAllAccessors: .SinusoidInNoise

===========================================================================================
----------------- testing Sat Jul 06 04:43:47 UTC 2019 /home/travis/build/icyphy/ptII/ptolemy/domains/continuous/test/auto/SinusoidRK45.xml
----------------- Instantiating /home/travis/build/icyphy/ptII/ptolemy/domains/continuous/test/auto/SinusoidRK45.xml
2 ms. Memory: 403456K Free: 376622K (93%)
----------------- Invoking toplevel() on ptolemy.moml.MoMLSimpleApplication@7411458b
----------------- Done invoking toplevel() on ptolemy.moml.MoMLSimpleApplication@7411458b
reloadAllAccessors: .SinusoidRK45

===========================================================================================
----------------- testing Sat Jul 06 04:43:47 UTC 2019 /home/travis/build/icyphy/ptII/ptolemy/domains/continuous/test/auto/SinusoidWithMultipleImpulses.xml
----------------- Instantiating /home/travis/build/icyphy/ptII/ptolemy/domains/continuous/test/auto/SinusoidWithMultipleImpulses.xml
3 ms. Memory: 403456K Free: 372046K (92%)
----------------- Invoking toplevel() on ptolemy.moml.MoMLSimpleApplication@42b8b8dc
----------------- Done invoking toplevel() on ptolemy.moml.MoMLSimpleApplication@42b8b8dc
reloadAllAccessors: .SinusoidWithMultipleImpulses

===========================================================================================
----------------- testing Sat Jul 06 04:43:47 UTC 2019 /home/travis/build/icyphy/ptII/ptolemy/domains/continuous/test/auto/SquareWave.xml
----------------- Instantiating /home/travis/build/icyphy/ptII/ptolemy/domains/continuous/test/auto/SquareWave.xml
173 ms. Memory: 403456K Free: 344908K (85%)
----------------- Invoking toplevel() on ptolemy.moml.MoMLSimpleApplication@dcb0998
----------------- Done invoking toplevel() on ptolemy.moml.MoMLSimpleApplication@dcb0998
reloadAllAccessors: .SquareWave

===========================================================================================
----------------- testing Sat Jul 06 04:43:47 UTC 2019 /home/travis/build/icyphy/ptII/ptolemy/domains/continuous/test/auto/Starmac.xml
----------------- Instantiating /home/travis/build/icyphy/ptII/ptolemy/domains/continuous/test/auto/Starmac.xml
3048 ms. Memory: 403456K Free: 258888K (64%)
----------------- Invoking toplevel() on ptolemy.moml.MoMLSimpleApplication@17eb6724
----------------- Done invoking toplevel() on ptolemy.moml.MoMLSimpleApplication@17eb6724
reloadAllAccessors: .Starmac

===========================================================================================
----------------- testing Sat Jul 06 04:43:50 UTC 2019 /home/travis/build/icyphy/ptII/ptolemy/domains/continuous/test/auto/StaticUnits.xml
----------------- Instantiating /home/travis/build/icyphy/ptII/ptolemy/domains/continuous/test/auto/StaticUnits.xml
2646 ms. Memory: 403456K Free: 241987K (60%)
----------------- Invoking toplevel() on ptolemy.moml.MoMLSimpleApplication@2a84ebc2
----------------- Done invoking toplevel() on ptolemy.moml.MoMLSimpleApplication@2a84ebc2
reloadAllAccessors: .StaticUnits

===========================================================================================
----------------- testing Sat Jul 06 04:43:54 UTC 2019 /home/travis/build/icyphy/ptII/ptolemy/domains/continuous/test/auto/StickyMasses.xml
----------------- Instantiating /home/travis/build/icyphy/ptII/ptolemy/domains/continuous/test/auto/StickyMasses.xml
139 ms. Memory: 403456K Free: 192321K (48%)
----------------- Invoking toplevel() on ptolemy.moml.MoMLSimpleApplication@214b3def
----------------- Done invoking toplevel() on ptolemy.moml.MoMLSimpleApplication@214b3def
reloadAllAccessors: .StickyMasses

===========================================================================================
----------------- testing Sat Jul 06 04:43:54 UTC 2019 /home/travis/build/icyphy/ptII/ptolemy/domains/continuous/test/auto/StopTime.xml
----------------- Instantiating /home/travis/build/icyphy/ptII/ptolemy/domains/continuous/test/auto/StopTime.xml
40 ms. Memory: 403456K Free: 167235K (41%)
----------------- Invoking toplevel() on ptolemy.moml.MoMLSimpleApplication@41bbf8e0
----------------- Done invoking toplevel() on ptolemy.moml.MoMLSimpleApplication@41bbf8e0
reloadAllAccessors: .StopTime

===========================================================================================
----------------- testing Sat Jul 06 04:43:54 UTC 2019 /home/travis/build/icyphy/ptII/ptolemy/domains/continuous/test/auto/StopTime2.xml
----------------- Instantiating /home/travis/build/icyphy/ptII/ptolemy/domains/continuous/test/auto/StopTime2.xml
53 ms. Memory: 403456K Free: 381895K (95%)
----------------- Invoking toplevel() on ptolemy.moml.MoMLSimpleApplication@73546d55
----------------- Done invoking toplevel() on ptolemy.moml.MoMLSimpleApplication@73546d55
reloadAllAccessors: .StopTime2

===========================================================================================
----------------- testing Sat Jul 06 04:43:54 UTC 2019 /home/travis/build/icyphy/ptII/ptolemy/domains/continuous/test/auto/Switch.xml
----------------- Instantiating /home/travis/build/icyphy/ptII/ptolemy/domains/continuous/test/auto/Switch.xml
42 ms. Memory: 403456K Free: 356140K (88%)
----------------- Invoking toplevel() on ptolemy.moml.MoMLSimpleApplication@1880f549
----------------- Done invoking toplevel() on ptolemy.moml.MoMLSimpleApplication@1880f549
reloadAllAccessors: .Switch

===========================================================================================
----------------- testing Sat Jul 06 04:43:54 UTC 2019 /home/travis/build/icyphy/ptII/ptolemy/domains/continuous/test/auto/Thermostat.xml
----------------- Instantiating /home/travis/build/icyphy/ptII/ptolemy/domains/continuous/test/auto/Thermostat.xml
189 ms. Memory: 403456K Free: 283420K (70%)
----------------- Invoking toplevel() on ptolemy.moml.MoMLSimpleApplication@43a04e3d
----------------- Done invoking toplevel() on ptolemy.moml.MoMLSimpleApplication@43a04e3d
reloadAllAccessors: .Thermostat

===========================================================================================
----------------- testing Sat Jul 06 04:43:54 UTC 2019 /home/travis/build/icyphy/ptII/ptolemy/domains/continuous/test/auto/TimeDelay.xml
----------------- Instantiating /home/travis/build/icyphy/ptII/ptolemy/domains/continuous/test/auto/TimeDelay.xml
6 ms. Memory: 403456K Free: 278845K (69%)
----------------- Invoking toplevel() on ptolemy.moml.MoMLSimpleApplication@5c7e3f23
----------------- Done invoking toplevel() on ptolemy.moml.MoMLSimpleApplication@5c7e3f23
reloadAllAccessors: .TimeDelay

===========================================================================================
----------------- testing Sat Jul 06 04:43:54 UTC 2019 /home/travis/build/icyphy/ptII/ptolemy/domains/continuous/test/auto/TimeDelay2.xml
----------------- Instantiating /home/travis/build/icyphy/ptII/ptolemy/domains/continuous/test/auto/TimeDelay2.xml
7 ms. Memory: 403456K Free: 269115K (67%)
----------------- Invoking toplevel() on ptolemy.moml.MoMLSimpleApplication@5ee79800
----------------- Done invoking toplevel() on ptolemy.moml.MoMLSimpleApplication@5ee79800
reloadAllAccessors: .TimeDelay2

===========================================================================================
----------------- testing Sat Jul 06 04:43:54 UTC 2019 /home/travis/build/icyphy/ptII/ptolemy/domains/continuous/test/auto/TimeDelay3.xml
----------------- Instantiating /home/travis/build/icyphy/ptII/ptolemy/domains/continuous/test/auto/TimeDelay3.xml
7 ms. Memory: 403456K Free: 264509K (66%)
----------------- Invoking toplevel() on ptolemy.moml.MoMLSimpleApplication@3036957e
----------------- Done invoking toplevel() on ptolemy.moml.MoMLSimpleApplication@3036957e
reloadAllAccessors: .TimeDelay3

===========================================================================================
----------------- testing Sat Jul 06 04:43:54 UTC 2019 /home/travis/build/icyphy/ptII/ptolemy/domains/continuous/test/auto/TransferAbsentToInside.xml
----------------- Instantiating /home/travis/build/icyphy/ptII/ptolemy/domains/continuous/test/auto/TransferAbsentToInside.xml
29 ms. Memory: 403456K Free: 212285K (53%)
----------------- Invoking toplevel() on ptolemy.moml.MoMLSimpleApplication@5471c8c0
----------------- Done invoking toplevel() on ptolemy.moml.MoMLSimpleApplication@5471c8c0
reloadAllAccessors: .TransferAbsentToInside

===========================================================================================
----------------- testing Sat Jul 06 04:43:55 UTC 2019 /home/travis/build/icyphy/ptII/ptolemy/domains/continuous/test/auto/Transmission.xml
----------------- Instantiating /home/travis/build/icyphy/ptII/ptolemy/domains/continuous/test/auto/Transmission.xml
831 ms. Memory: 403456K Free: 212790K (53%)
----------------- Invoking toplevel() on ptolemy.moml.MoMLSimpleApplication@41b349db
----------------- Done invoking toplevel() on ptolemy.moml.MoMLSimpleApplication@41b349db
reloadAllAccessors: .Transmission

===========================================================================================
----------------- testing Sat Jul 06 04:43:55 UTC 2019 /home/travis/build/icyphy/ptII/ptolemy/domains/continuous/test/auto/TriggeredContinuousClock.xml
----------------- Instantiating /home/travis/build/icyphy/ptII/ptolemy/domains/continuous/test/auto/TriggeredContinuousClock.xml
41 ms. Memory: 403456K Free: 183608K (46%)
----------------- Invoking toplevel() on ptolemy.moml.MoMLSimpleApplication@469b7ab9
----------------- Done invoking toplevel() on ptolemy.moml.MoMLSimpleApplication@469b7ab9
reloadAllAccessors: .TriggeredContinuousClock

===========================================================================================
----------------- testing Sat Jul 06 04:43:55 UTC 2019 /home/travis/build/icyphy/ptII/ptolemy/domains/continuous/test/auto/TwoMachineInfiniteBusControl.xml
----------------- Instantiating /home/travis/build/icyphy/ptII/ptolemy/domains/continuous/test/auto/TwoMachineInfiniteBusControl.xml
3028 ms. Memory: 403456K Free: 280795K (70%)
----------------- Invoking toplevel() on ptolemy.moml.MoMLSimpleApplication@4659e785
----------------- Done invoking toplevel() on ptolemy.moml.MoMLSimpleApplication@4659e785
reloadAllAccessors: .TwoMachineInfiniteBusControl

===========================================================================================
----------------- testing Sat Jul 06 04:43:59 UTC 2019 /home/travis/build/icyphy/ptII/ptolemy/domains/continuous/test/auto/V2V.xml
----------------- Instantiating /home/travis/build/icyphy/ptII/ptolemy/domains/continuous/test/auto/V2V.xml
831 ms. Memory: 403456K Free: 325842K (81%)
----------------- Invoking toplevel() on ptolemy.moml.MoMLSimpleApplication@7d3f1c39
----------------- Done invoking toplevel() on ptolemy.moml.MoMLSimpleApplication@7d3f1c39
reloadAllAccessors: .V2V

===========================================================================================
----------------- testing Sat Jul 06 04:44:00 UTC 2019 /home/travis/build/icyphy/ptII/ptolemy/domains/continuous/test/auto/hierarchicalModalModel.xml
----------------- Instantiating /home/travis/build/icyphy/ptII/ptolemy/domains/continuous/test/auto/hierarchicalModalModel.xml
8 ms. Memory: 403456K Free: 311506K (77%)
----------------- Invoking toplevel() on ptolemy.moml.MoMLSimpleApplication@4770e4c7
----------------- Done invoking toplevel() on ptolemy.moml.MoMLSimpleApplication@4770e4c7
reloadAllAccessors: .hierarchicalModalModel

===========================================================================================
----------------- testing Sat Jul 06 04:44:00 UTC 2019 /home/travis/build/icyphy/ptII/ptolemy/domains/continuous/test/auto/hierarchicalModalModel1.xml
----------------- Instantiating /home/travis/build/icyphy/ptII/ptolemy/domains/continuous/test/auto/hierarchicalModalModel1.xml
11 ms. Memory: 403456K Free: 297170K (74%)
----------------- Invoking toplevel() on ptolemy.moml.MoMLSimpleApplication@4bb26024
----------------- Done invoking toplevel() on ptolemy.moml.MoMLSimpleApplication@4bb26024
reloadAllAccessors: .hierarchicalModalModel1

===========================================================================================
----------------- testing Sat Jul 06 04:44:00 UTC 2019 /home/travis/build/icyphy/ptII/ptolemy/domains/continuous/test/auto/hierarchicalModalModel2.xml
----------------- Instantiating /home/travis/build/icyphy/ptII/ptolemy/domains/continuous/test/auto/hierarchicalModalModel2.xml
17 ms. Memory: 403456K Free: 284882K (71%)
----------------- Invoking toplevel() on ptolemy.moml.MoMLSimpleApplication@d4f6d93
----------------- Done invoking toplevel() on ptolemy.moml.MoMLSimpleApplication@d4f6d93
reloadAllAccessors: .hierarchicalModalModel2

===========================================================================================
----------------- testing Sat Jul 06 04:44:00 UTC 2019 /home/travis/build/icyphy/ptII/ptolemy/domains/continuous/test/auto/hierarchicalModalModel3.xml
----------------- Instantiating /home/travis/build/icyphy/ptII/ptolemy/domains/continuous/test/auto/hierarchicalModalModel3.xml
10 ms. Memory: 403456K Free: 274128K (68%)
----------------- Invoking toplevel() on ptolemy.moml.MoMLSimpleApplication@23361edc
----------------- Done invoking toplevel() on ptolemy.moml.MoMLSimpleApplication@23361edc
reloadAllAccessors: .hierarchicalModalModel3

===========================================================================================
----------------- testing Sat Jul 06 04:44:00 UTC 2019 /home/travis/build/icyphy/ptII/ptolemy/domains/continuous/test/auto/hierarchicalModalModel4.xml
----------------- Instantiating /home/travis/build/icyphy/ptII/ptolemy/domains/continuous/test/auto/hierarchicalModalModel4.xml
5 ms. Memory: 403456K Free: 262354K (65%)
----------------- Invoking toplevel() on ptolemy.moml.MoMLSimpleApplication@6c2bb272
----------------- Done invoking toplevel() on ptolemy.moml.MoMLSimpleApplication@6c2bb272
reloadAllAccessors: .hierarchicalModalModel4

===========================================================================================
----------------- testing Sat Jul 06 04:44:00 UTC 2019 /home/travis/build/icyphy/ptII/ptolemy/domains/continuous/test/auto/junk.xml
----------------- Instantiating /home/travis/build/icyphy/ptII/ptolemy/domains/continuous/test/auto/junk.xml
149 ms. Memory: 403456K Free: 236754K (59%)
----------------- Invoking toplevel() on ptolemy.moml.MoMLSimpleApplication@4ba4e201
----------------- Done invoking toplevel() on ptolemy.moml.MoMLSimpleApplication@4ba4e201
reloadAllAccessors: .junk
AutoTests.java: About to close Vertx.
AutoTests.java: Vertx closed.
]]></system-out>
  <system-err><![CDATA[Warning: '.HysteresisWithRandomDelay.NonStrictTest3' The test produced only 26 tokens, yet the correctValues parameter was expecting 30 tokens.
Warning: '.IncreasingRatePoisson.NonStrictTest' The test produced only 384 tokens, yet the correctValues parameter was expecting 402 tokens.
Warning: '.Poisson.NonStrictTest' The test produced only 384 tokens, yet the correctValues parameter was expecting 430 tokens.
]]></system-err>
</testsuite>
