<?xml version="1.0" encoding="UTF-8" ?>
<testsuite errors="0" failures="0" hostname="travis-job-bb5d9908-6b13-4475-aacc-55dd9c0a40d0" name="ptolemy.domains.continuous.test.junit.JUnitTclTest" skipped="0" tests="156" time="76.374" timestamp="2019-11-26T06:14:54">
  <properties>
[...]
</properties>
  <testcase classname="ptolemy.util.test.junit.TclTests" name="[0] ThereAreNoTclTests (RunTclFile)" time="0.008" />
  <testcase classname="ptolemy.util.test.junit.AutoKnownFailedTests" name="[0] ThereAreNoKnowFailedTests (RunModel)" time="0.001" />
  <testcase classname="ptolemy.util.test.junit.AutoNameArchTests" name="[0] ThereAreNoAutoArchTests (RunModel)" time="0.012" />
  <testcase classname="ptolemy.util.test.junit.AutoTests" name="[0] /home/travis/build/icyphy/ptII/ptolemy/domains/continuous/test/auto/BouncingBall.xml (RunModel)" time="3.336" />
  <testcase classname="ptolemy.util.test.junit.AutoTests" name="[1] /home/travis/build/icyphy/ptII/ptolemy/domains/continuous/test/auto/BouncingBallWithoutGR.xml (RunModel)" time="0.953" />
  <testcase classname="ptolemy.util.test.junit.AutoTests" name="[2] /home/travis/build/icyphy/ptII/ptolemy/domains/continuous/test/auto/Brownian.xml (RunModel)" time="0.063" />
  <testcase classname="ptolemy.util.test.junit.AutoTests" name="[3] /home/travis/build/icyphy/ptII/ptolemy/domains/continuous/test/auto/CarTracking.xml (RunModel)" time="4.211" />
  <testcase classname="ptolemy.util.test.junit.AutoTests" name="[4] /home/travis/build/icyphy/ptII/ptolemy/domains/continuous/test/auto/CartPendulum.xml (RunModel)" time="0.567" />
  <testcase classname="ptolemy.util.test.junit.AutoTests" name="[5] /home/travis/build/icyphy/ptII/ptolemy/domains/continuous/test/auto/CausalityInterface10.xml (RunModel)" time="0.056" />
  <testcase classname="ptolemy.util.test.junit.AutoTests" name="[6] /home/travis/build/icyphy/ptII/ptolemy/domains/continuous/test/auto/CausalityInterface11.xml (RunModel)" time="0.034" />
  <testcase classname="ptolemy.util.test.junit.AutoTests" name="[7] /home/travis/build/icyphy/ptII/ptolemy/domains/continuous/test/auto/CausalityInterface12.xml (RunModel)" time="0.023" />
  <testcase classname="ptolemy.util.test.junit.AutoTests" name="[8] /home/travis/build/icyphy/ptII/ptolemy/domains/continuous/test/auto/CausalityInterface13.xml (RunModel)" time="0.022" />
  <testcase classname="ptolemy.util.test.junit.AutoTests" name="[9] /home/travis/build/icyphy/ptII/ptolemy/domains/continuous/test/auto/CausalityInterface14.xml (RunModel)" time="0.036" />
  <testcase classname="ptolemy.util.test.junit.AutoTests" name="[10] /home/travis/build/icyphy/ptII/ptolemy/domains/continuous/test/auto/CausalityInterface4.xml (RunModel)" time="0.066" />
  <testcase classname="ptolemy.util.test.junit.AutoTests" name="[11] /home/travis/build/icyphy/ptII/ptolemy/domains/continuous/test/auto/CausalityInterface5.xml (RunModel)" time="0.045" />
  <testcase classname="ptolemy.util.test.junit.AutoTests" name="[12] /home/travis/build/icyphy/ptII/ptolemy/domains/continuous/test/auto/CausalityInterface6.xml (RunModel)" time="0.026" />
  <testcase classname="ptolemy.util.test.junit.AutoTests" name="[13] /home/travis/build/icyphy/ptII/ptolemy/domains/continuous/test/auto/CausalityInterface7.xml (RunModel)" time="0.04" />
  <testcase classname="ptolemy.util.test.junit.AutoTests" name="[14] /home/travis/build/icyphy/ptII/ptolemy/domains/continuous/test/auto/CausalityInterface8.xml (RunModel)" time="0.037" />
  <testcase classname="ptolemy.util.test.junit.AutoTests" name="[15] /home/travis/build/icyphy/ptII/ptolemy/domains/continuous/test/auto/CausalityInterface9.xml (RunModel)" time="0.035" />
  <testcase classname="ptolemy.util.test.junit.AutoTests" name="[16] /home/travis/build/icyphy/ptII/ptolemy/domains/continuous/test/auto/CausalityInterfaceFeedback1.xml (RunModel)" time="0.021" />
  <testcase classname="ptolemy.util.test.junit.AutoTests" name="[17] /home/travis/build/icyphy/ptII/ptolemy/domains/continuous/test/auto/CausalityInterfaceFeedback2.xml (RunModel)" time="0.02" />
  <testcase classname="ptolemy.util.test.junit.AutoTests" name="[18] /home/travis/build/icyphy/ptII/ptolemy/domains/continuous/test/auto/CompareWithCurrentTime.xml (RunModel)" time="0.014" />
  <testcase classname="ptolemy.util.test.junit.AutoTests" name="[19] /home/travis/build/icyphy/ptII/ptolemy/domains/continuous/test/auto/ComparedClocks.xml (RunModel)" time="0.091" />
  <testcase classname="ptolemy.util.test.junit.AutoTests" name="[20] /home/travis/build/icyphy/ptII/ptolemy/domains/continuous/test/auto/ContinuousAOCClone.xml (RunModel)" time="2.832" />
  <testcase classname="ptolemy.util.test.junit.AutoTests" name="[21] /home/travis/build/icyphy/ptII/ptolemy/domains/continuous/test/auto/ContinuousClock.xml (RunModel)" time="0.088" />
  <testcase classname="ptolemy.util.test.junit.AutoTests" name="[22] /home/travis/build/icyphy/ptII/ptolemy/domains/continuous/test/auto/ContinuousInContinuous.xml (RunModel)" time="0.083" />
  <testcase classname="ptolemy.util.test.junit.AutoTests" name="[23] /home/travis/build/icyphy/ptII/ptolemy/domains/continuous/test/auto/ContinuousInContinuousInContinuous.xml (RunModel)" time="0.023" />
  <testcase classname="ptolemy.util.test.junit.AutoTests" name="[24] /home/travis/build/icyphy/ptII/ptolemy/domains/continuous/test/auto/ContinuousInDE.xml (RunModel)" time="0.111" />
  <testcase classname="ptolemy.util.test.junit.AutoTests" name="[25] /home/travis/build/icyphy/ptII/ptolemy/domains/continuous/test/auto/ContinuousInDE2.xml (RunModel)" time="0.057" />
  <testcase classname="ptolemy.util.test.junit.AutoTests" name="[26] /home/travis/build/icyphy/ptII/ptolemy/domains/continuous/test/auto/ContinuousInDE3.xml (RunModel)" time="0.044" />
  <testcase classname="ptolemy.util.test.junit.AutoTests" name="[27] /home/travis/build/icyphy/ptII/ptolemy/domains/continuous/test/auto/ContinuousInDE4.xml (RunModel)" time="0.03" />
  <testcase classname="ptolemy.util.test.junit.AutoTests" name="[28] /home/travis/build/icyphy/ptII/ptolemy/domains/continuous/test/auto/ContinuousInDEDifferentRefinements.xml (RunModel)" time="0.108" />
  <testcase classname="ptolemy.util.test.junit.AutoTests" name="[29] /home/travis/build/icyphy/ptII/ptolemy/domains/continuous/test/auto/ContinuousInDEDifferentRefinementsPreemptive.xml (RunModel)" time="0.087" />
  <testcase classname="ptolemy.util.test.junit.AutoTests" name="[30] /home/travis/build/icyphy/ptII/ptolemy/domains/continuous/test/auto/ContinuousInDEInContinuous2.xml (RunModel)" time="0.054" />
  <testcase classname="ptolemy.util.test.junit.AutoTests" name="[31] /home/travis/build/icyphy/ptII/ptolemy/domains/continuous/test/auto/ContinuousInDEInContinuous3.xml (RunModel)" time="0.053" />
  <testcase classname="ptolemy.util.test.junit.AutoTests" name="[32] /home/travis/build/icyphy/ptII/ptolemy/domains/continuous/test/auto/ContinuousInDEInput.xml (RunModel)" time="0.026" />
  <testcase classname="ptolemy.util.test.junit.AutoTests" name="[33] /home/travis/build/icyphy/ptII/ptolemy/domains/continuous/test/auto/ContinuousInDEInput2.xml (RunModel)" time="0.035" />
  <testcase classname="ptolemy.util.test.junit.AutoTests" name="[34] /home/travis/build/icyphy/ptII/ptolemy/domains/continuous/test/auto/ContinuousInDEInput3.xml (RunModel)" time="0.028" />
  <testcase classname="ptolemy.util.test.junit.AutoTests" name="[35] /home/travis/build/icyphy/ptII/ptolemy/domains/continuous/test/auto/ContinuousInDESharingRefinement.xml (RunModel)" time="0.166" />
  <testcase classname="ptolemy.util.test.junit.AutoTests" name="[36] /home/travis/build/icyphy/ptII/ptolemy/domains/continuous/test/auto/ContinuousInDEwithNoPorts.xml (RunModel)" time="0.02" />
  <testcase classname="ptolemy.util.test.junit.AutoTests" name="[37] /home/travis/build/icyphy/ptII/ptolemy/domains/continuous/test/auto/ContinuousInsideDE.xml (RunModel)" time="0.074" />
  <testcase classname="ptolemy.util.test.junit.AutoTests" name="[38] /home/travis/build/icyphy/ptII/ptolemy/domains/continuous/test/auto/ContinuousMerge1.xml (RunModel)" time="0.023" />
  <testcase classname="ptolemy.util.test.junit.AutoTests" name="[39] /home/travis/build/icyphy/ptII/ptolemy/domains/continuous/test/auto/ContinuousMerge2.xml (RunModel)" time="0.038" />
  <testcase classname="ptolemy.util.test.junit.AutoTests" name="[40] /home/travis/build/icyphy/ptII/ptolemy/domains/continuous/test/auto/ContinuousMerge3.xml (RunModel)" time="0.058" />
  <testcase classname="ptolemy.util.test.junit.AutoTests" name="[41] /home/travis/build/icyphy/ptII/ptolemy/domains/continuous/test/auto/ContinuousWithinContinuous.xml (RunModel)" time="0.045" />
  <testcase classname="ptolemy.util.test.junit.AutoTests" name="[42] /home/travis/build/icyphy/ptII/ptolemy/domains/continuous/test/auto/ContinuousWithinContinuous2.xml (RunModel)" time="0.068" />
  <testcase classname="ptolemy.util.test.junit.AutoTests" name="[43] /home/travis/build/icyphy/ptII/ptolemy/domains/continuous/test/auto/ContinuousWithinContinuous3.xml (RunModel)" time="0.023" />
  <testcase classname="ptolemy.util.test.junit.AutoTests" name="[44] /home/travis/build/icyphy/ptII/ptolemy/domains/continuous/test/auto/ContinuousWithinContinuous4.xml (RunModel)" time="0.072" />
  <testcase classname="ptolemy.util.test.junit.AutoTests" name="[45] /home/travis/build/icyphy/ptII/ptolemy/domains/continuous/test/auto/ContinuousWithinContinuous5.xml (RunModel)" time="0.027" />
  <testcase classname="ptolemy.util.test.junit.AutoTests" name="[46] /home/travis/build/icyphy/ptII/ptolemy/domains/continuous/test/auto/ContinuousWithinContinuous6.xml (RunModel)" time="0.037" />
  <testcase classname="ptolemy.util.test.junit.AutoTests" name="[47] /home/travis/build/icyphy/ptII/ptolemy/domains/continuous/test/auto/ContinuousWithinContinuous7.xml (RunModel)" time="0.075" />
  <testcase classname="ptolemy.util.test.junit.AutoTests" name="[48] /home/travis/build/icyphy/ptII/ptolemy/domains/continuous/test/auto/DCMotor.xml (RunModel)" time="12.643" />
  <testcase classname="ptolemy.util.test.junit.AutoTests" name="[49] /home/travis/build/icyphy/ptII/ptolemy/domains/continuous/test/auto/DEInContinuous.xml (RunModel)" time="0.033" />
  <testcase classname="ptolemy.util.test.junit.AutoTests" name="[50] /home/travis/build/icyphy/ptII/ptolemy/domains/continuous/test/auto/DEinContinuous2.xml (RunModel)" time="0.038" />
  <testcase classname="ptolemy.util.test.junit.AutoTests" name="[51] /home/travis/build/icyphy/ptII/ptolemy/domains/continuous/test/auto/Derivative.xml (RunModel)" time="0.183" />
  <testcase classname="ptolemy.util.test.junit.AutoTests" name="[52] /home/travis/build/icyphy/ptII/ptolemy/domains/continuous/test/auto/Derivative1.xml (RunModel)" time="0.059" />
  <testcase classname="ptolemy.util.test.junit.AutoTests" name="[53] /home/travis/build/icyphy/ptII/ptolemy/domains/continuous/test/auto/DiscreteClock.xml (RunModel)" time="0.02" />
  <testcase classname="ptolemy.util.test.junit.AutoTests" name="[54] /home/travis/build/icyphy/ptII/ptolemy/domains/continuous/test/auto/EfficiencyCurve.xml (RunModel)" time="0.091" />
  <testcase classname="ptolemy.util.test.junit.AutoTests" name="[55] /home/travis/build/icyphy/ptII/ptolemy/domains/continuous/test/auto/ExponentialResponse.xml (RunModel)" time="0.107" />
  <testcase classname="ptolemy.util.test.junit.AutoTests" name="[56] /home/travis/build/icyphy/ptII/ptolemy/domains/continuous/test/auto/ExponentialResponseRK45.xml (RunModel)" time="0.032" />
  <testcase classname="ptolemy.util.test.junit.AutoTests" name="[57] /home/travis/build/icyphy/ptII/ptolemy/domains/continuous/test/auto/Friction.xml (RunModel)" time="1.586" />
  <testcase classname="ptolemy.util.test.junit.AutoTests" name="[58] /home/travis/build/icyphy/ptII/ptolemy/domains/continuous/test/auto/FurutaPendulum.xml (RunModel)" time="3.567" />
  <testcase classname="ptolemy.util.test.junit.AutoTests" name="[59] /home/travis/build/icyphy/ptII/ptolemy/domains/continuous/test/auto/HierarchicalExecution.xml (RunModel)" time="2.575" />
  <testcase classname="ptolemy.util.test.junit.AutoTests" name="[60] /home/travis/build/icyphy/ptII/ptolemy/domains/continuous/test/auto/HybridPlant.xml (RunModel)" time="0.578" />
  <testcase classname="ptolemy.util.test.junit.AutoTests" name="[61] /home/travis/build/icyphy/ptII/ptolemy/domains/continuous/test/auto/Hysteresis.xml (RunModel)" time="0.194" />
  <testcase classname="ptolemy.util.test.junit.AutoTests" name="[62] /home/travis/build/icyphy/ptII/ptolemy/domains/continuous/test/auto/HysteresisWithRandomDelay.xml (RunModel)" time="0.222" />
  <testcase classname="ptolemy.util.test.junit.AutoTests" name="[63] /home/travis/build/icyphy/ptII/ptolemy/domains/continuous/test/auto/HysteresisWithRandomLosses.xml (RunModel)" time="2.674" />
  <testcase classname="ptolemy.util.test.junit.AutoTests" name="[64] /home/travis/build/icyphy/ptII/ptolemy/domains/continuous/test/auto/ImmediateTransitions.xml (RunModel)" time="0.029" />
  <testcase classname="ptolemy.util.test.junit.AutoTests" name="[65] /home/travis/build/icyphy/ptII/ptolemy/domains/continuous/test/auto/ImpulseFeedback.xml (RunModel)" time="0.021" />
  <testcase classname="ptolemy.util.test.junit.AutoTests" name="[66] /home/travis/build/icyphy/ptII/ptolemy/domains/continuous/test/auto/ImpulseFeedback2.xml (RunModel)" time="0.022" />
  <testcase classname="ptolemy.util.test.junit.AutoTests" name="[67] /home/travis/build/icyphy/ptII/ptolemy/domains/continuous/test/auto/IncreasingRatePoisson.xml (RunModel)" time="0.74" />
  <testcase classname="ptolemy.util.test.junit.AutoTests" name="[68] /home/travis/build/icyphy/ptII/ptolemy/domains/continuous/test/auto/InitialStateFeedback.xml (RunModel)" time="0.015" />
  <testcase classname="ptolemy.util.test.junit.AutoTests" name="[69] /home/travis/build/icyphy/ptII/ptolemy/domains/continuous/test/auto/Integration.xml (RunModel)" time="0.012" />
  <testcase classname="ptolemy.util.test.junit.AutoTests" name="[70] /home/travis/build/icyphy/ptII/ptolemy/domains/continuous/test/auto/Integration2.xml (RunModel)" time="0.096" />
  <testcase classname="ptolemy.util.test.junit.AutoTests" name="[71] /home/travis/build/icyphy/ptII/ptolemy/domains/continuous/test/auto/Integration3.xml (RunModel)" time="0.026" />
  <testcase classname="ptolemy.util.test.junit.AutoTests" name="[72] /home/travis/build/icyphy/ptII/ptolemy/domains/continuous/test/auto/Integration5.xml (RunModel)" time="0.013" />
  <testcase classname="ptolemy.util.test.junit.AutoTests" name="[73] /home/travis/build/icyphy/ptII/ptolemy/domains/continuous/test/auto/IntegratorImpulse.xml (RunModel)" time="0.011" />
  <testcase classname="ptolemy.util.test.junit.AutoTests" name="[74] /home/travis/build/icyphy/ptII/ptolemy/domains/continuous/test/auto/IntegratorImpulse2.xml (RunModel)" time="0.014" />
  <testcase classname="ptolemy.util.test.junit.AutoTests" name="[75] /home/travis/build/icyphy/ptII/ptolemy/domains/continuous/test/auto/LevelCrossing1.xml (RunModel)" time="0.016" />
  <testcase classname="ptolemy.util.test.junit.AutoTests" name="[76] /home/travis/build/icyphy/ptII/ptolemy/domains/continuous/test/auto/LevelCrossing2.xml (RunModel)" time="0.011" />
  <testcase classname="ptolemy.util.test.junit.AutoTests" name="[77] /home/travis/build/icyphy/ptII/ptolemy/domains/continuous/test/auto/LevelCrossing3.xml (RunModel)" time="0.011" />
  <testcase classname="ptolemy.util.test.junit.AutoTests" name="[78] /home/travis/build/icyphy/ptII/ptolemy/domains/continuous/test/auto/LevelCrossing4.xml (RunModel)" time="0.014" />
  <testcase classname="ptolemy.util.test.junit.AutoTests" name="[79] /home/travis/build/icyphy/ptII/ptolemy/domains/continuous/test/auto/LevelCrossing5.xml (RunModel)" time="0.014" />
  <testcase classname="ptolemy.util.test.junit.AutoTests" name="[80] /home/travis/build/icyphy/ptII/ptolemy/domains/continuous/test/auto/LevelCrossing6.xml (RunModel)" time="0.012" />
  <testcase classname="ptolemy.util.test.junit.AutoTests" name="[81] /home/travis/build/icyphy/ptII/ptolemy/domains/continuous/test/auto/LevelCrossingDetector.xml (RunModel)" time="0.035" />
  <testcase classname="ptolemy.util.test.junit.AutoTests" name="[82] /home/travis/build/icyphy/ptII/ptolemy/domains/continuous/test/auto/LevelCrossingDetectorDetectingDirections.xml (RunModel)" time="0.084" />
  <testcase classname="ptolemy.util.test.junit.AutoTests" name="[83] /home/travis/build/icyphy/ptII/ptolemy/domains/continuous/test/auto/LevelCrossingDetectorDetectsGlitches.xml (RunModel)" time="0.06" />
  <testcase classname="ptolemy.util.test.junit.AutoTests" name="[84] /home/travis/build/icyphy/ptII/ptolemy/domains/continuous/test/auto/LevelCrossingNoInitialOuput.xml (RunModel)" time="0.013" />
  <testcase classname="ptolemy.util.test.junit.AutoTests" name="[85] /home/travis/build/icyphy/ptII/ptolemy/domains/continuous/test/auto/LinearStateSpaceExample.xml (RunModel)" time="0.064" />
  <testcase classname="ptolemy.util.test.junit.AutoTests" name="[86] /home/travis/build/icyphy/ptII/ptolemy/domains/continuous/test/auto/Lorenz.xml (RunModel)" time="4.117" />
  <testcase classname="ptolemy.util.test.junit.AutoTests" name="[87] /home/travis/build/icyphy/ptII/ptolemy/domains/continuous/test/auto/LorenzDifferentialSystem.xml (RunModel)" time="1.049" />
  <testcase classname="ptolemy.util.test.junit.AutoTests" name="[88] /home/travis/build/icyphy/ptII/ptolemy/domains/continuous/test/auto/LorenzDifferentialSystemWithInput.xml (RunModel)" time="1.531" />
  <testcase classname="ptolemy.util.test.junit.AutoTests" name="[89] /home/travis/build/icyphy/ptII/ptolemy/domains/continuous/test/auto/LorenzDifferentialSystemWithTime.xml (RunModel)" time="0.76" />
  <testcase classname="ptolemy.util.test.junit.AutoTests" name="[90] /home/travis/build/icyphy/ptII/ptolemy/domains/continuous/test/auto/Microsteps.xml (RunModel)" time="0.026" />
  <testcase classname="ptolemy.util.test.junit.AutoTests" name="[91] /home/travis/build/icyphy/ptII/ptolemy/domains/continuous/test/auto/Modal1.xml (RunModel)" time="0.04" />
  <testcase classname="ptolemy.util.test.junit.AutoTests" name="[92] /home/travis/build/icyphy/ptII/ptolemy/domains/continuous/test/auto/Modal2.xml (RunModel)" time="0.053" />
  <testcase classname="ptolemy.util.test.junit.AutoTests" name="[93] /home/travis/build/icyphy/ptII/ptolemy/domains/continuous/test/auto/ModalTransitionGuardWithReset.xml (RunModel)" time="0.035" />
  <testcase classname="ptolemy.util.test.junit.AutoTests" name="[94] /home/travis/build/icyphy/ptII/ptolemy/domains/continuous/test/auto/ModalTransitionGuardWithResetUsingPreemptiveTransition.xml (RunModel)" time="0.028" />
  <testcase classname="ptolemy.util.test.junit.AutoTests" name="[95] /home/travis/build/icyphy/ptII/ptolemy/domains/continuous/test/auto/ModalTransitionGuardWithResetUsingPreemptiveTransition2.xml (RunModel)" time="0.03" />
  <testcase classname="ptolemy.util.test.junit.AutoTests" name="[96] /home/travis/build/icyphy/ptII/ptolemy/domains/continuous/test/auto/ModalTransitionGuardWithResetUsingPreemptiveTransition3.xml (RunModel)" time="0.037" />
  <testcase classname="ptolemy.util.test.junit.AutoTests" name="[97] /home/travis/build/icyphy/ptII/ptolemy/domains/continuous/test/auto/NewtonsCradle.xml (RunModel)" time="0.887" />
  <testcase classname="ptolemy.util.test.junit.AutoTests" name="[98] /home/travis/build/icyphy/ptII/ptolemy/domains/continuous/test/auto/NewtonsCradleAnimated.xml (RunModel)" time="1.383" />
  <testcase classname="ptolemy.util.test.junit.AutoTests" name="[99] /home/travis/build/icyphy/ptII/ptolemy/domains/continuous/test/auto/NewtonsCradleComplicated.xml (RunModel)" time="0.989" />
  <testcase classname="ptolemy.util.test.junit.AutoTests" name="[100] /home/travis/build/icyphy/ptII/ptolemy/domains/continuous/test/auto/NewtonsCradleNondeterministic.xml (RunModel)" time="0.689" />
  <testcase classname="ptolemy.util.test.junit.AutoTests" name="[101] /home/travis/build/icyphy/ptII/ptolemy/domains/continuous/test/auto/NewtonsCradlePerfectlyInelastic1.xml (RunModel)" time="1.365" />
  <testcase classname="ptolemy.util.test.junit.AutoTests" name="[102] /home/travis/build/icyphy/ptII/ptolemy/domains/continuous/test/auto/Noise.xml (RunModel)" time="0.186" />
  <testcase classname="ptolemy.util.test.junit.AutoTests" name="[103] /home/travis/build/icyphy/ptII/ptolemy/domains/continuous/test/auto/NoiseSpectrum.xml (RunModel)" time="1.017" />
  <testcase classname="ptolemy.util.test.junit.AutoTests" name="[104] /home/travis/build/icyphy/ptII/ptolemy/domains/continuous/test/auto/ParameterizedNewtonsCradleAnimated.xml (RunModel)" time="0.389" />
  <testcase classname="ptolemy.util.test.junit.AutoTests" name="[105] /home/travis/build/icyphy/ptII/ptolemy/domains/continuous/test/auto/ParameterizedNewtonsCradleAnimatedNondeterministic.xml (RunModel)" time="1.189" />
  <testcase classname="ptolemy.util.test.junit.AutoTests" name="[106] /home/travis/build/icyphy/ptII/ptolemy/domains/continuous/test/auto/Pendulum3D.xml (RunModel)" time="0.169" />
  <testcase classname="ptolemy.util.test.junit.AutoTests" name="[107] /home/travis/build/icyphy/ptII/ptolemy/domains/continuous/test/auto/PeriodicSampler.xml (RunModel)" time="0.011" />
  <testcase classname="ptolemy.util.test.junit.AutoTests" name="[108] /home/travis/build/icyphy/ptII/ptolemy/domains/continuous/test/auto/PeriodicSampler1.xml (RunModel)" time="0.046" />
  <testcase classname="ptolemy.util.test.junit.AutoTests" name="[109] /home/travis/build/icyphy/ptII/ptolemy/domains/continuous/test/auto/PeriodicSampler2.xml (RunModel)" time="0.076" />
  <testcase classname="ptolemy.util.test.junit.AutoTests" name="[110] /home/travis/build/icyphy/ptII/ptolemy/domains/continuous/test/auto/Poisson.xml (RunModel)" time="0.457" />
  <testcase classname="ptolemy.util.test.junit.AutoTests" name="[111] /home/travis/build/icyphy/ptII/ptolemy/domains/continuous/test/auto/PoissonClock.xml (RunModel)" time="0.017" />
  <testcase classname="ptolemy.util.test.junit.AutoTests" name="[112] /home/travis/build/icyphy/ptII/ptolemy/domains/continuous/test/auto/PoissonClock2.xml (RunModel)" time="0.012" />
  <testcase classname="ptolemy.util.test.junit.AutoTests" name="[113] /home/travis/build/icyphy/ptII/ptolemy/domains/continuous/test/auto/PortParameterHierarchy.xml (RunModel)" time="0.03" />
  <testcase classname="ptolemy.util.test.junit.AutoTests" name="[114] /home/travis/build/icyphy/ptII/ptolemy/domains/continuous/test/auto/RandomHybridPlant.xml (RunModel)" time="0.579" />
  <testcase classname="ptolemy.util.test.junit.AutoTests" name="[115] /home/travis/build/icyphy/ptII/ptolemy/domains/continuous/test/auto/ResetTransitionWithStartTime1.xml (RunModel)" time="0.033" />
  <testcase classname="ptolemy.util.test.junit.AutoTests" name="[116] /home/travis/build/icyphy/ptII/ptolemy/domains/continuous/test/auto/ResetTransitionWithStartTime2.xml (RunModel)" time="0.032" />
  <testcase classname="ptolemy.util.test.junit.AutoTests" name="[117] /home/travis/build/icyphy/ptII/ptolemy/domains/continuous/test/auto/ResetTransitionWithStartTime3.xml (RunModel)" time="0.033" />
  <testcase classname="ptolemy.util.test.junit.AutoTests" name="[118] /home/travis/build/icyphy/ptII/ptolemy/domains/continuous/test/auto/ResetTransitionWithStartTime4.xml (RunModel)" time="0.024" />
  <testcase classname="ptolemy.util.test.junit.AutoTests" name="[119] /home/travis/build/icyphy/ptII/ptolemy/domains/continuous/test/auto/ResetTransitionWithStartTime5.xml (RunModel)" time="0.03" />
  <testcase classname="ptolemy.util.test.junit.AutoTests" name="[120] /home/travis/build/icyphy/ptII/ptolemy/domains/continuous/test/auto/ResetTransitionWithStartTime6.xml (RunModel)" time="0.029" />
  <testcase classname="ptolemy.util.test.junit.AutoTests" name="[121] /home/travis/build/icyphy/ptII/ptolemy/domains/continuous/test/auto/SRinContinuous.xml (RunModel)" time="0.019" />
  <testcase classname="ptolemy.util.test.junit.AutoTests" name="[122] /home/travis/build/icyphy/ptII/ptolemy/domains/continuous/test/auto/SampledClocks.xml (RunModel)" time="0.032" />
  <testcase classname="ptolemy.util.test.junit.AutoTests" name="[123] /home/travis/build/icyphy/ptII/ptolemy/domains/continuous/test/auto/Satellite.xml (RunModel)" time="0.89" />
  <testcase classname="ptolemy.util.test.junit.AutoTests" name="[124] /home/travis/build/icyphy/ptII/ptolemy/domains/continuous/test/auto/SigmaDelta.xml (RunModel)" time="2.404" />
  <testcase classname="ptolemy.util.test.junit.AutoTests" name="[125] /home/travis/build/icyphy/ptII/ptolemy/domains/continuous/test/auto/SingleRefinement.xml (RunModel)" time="0.426" />
  <testcase classname="ptolemy.util.test.junit.AutoTests" name="[126] /home/travis/build/icyphy/ptII/ptolemy/domains/continuous/test/auto/SinuBouncingBall.xml (RunModel)" time="0.887" />
  <testcase classname="ptolemy.util.test.junit.AutoTests" name="[127] /home/travis/build/icyphy/ptII/ptolemy/domains/continuous/test/auto/Sinusoid.xml (RunModel)" time="0.015" />
  <testcase classname="ptolemy.util.test.junit.AutoTests" name="[128] /home/travis/build/icyphy/ptII/ptolemy/domains/continuous/test/auto/SinusoidInNoise.xml (RunModel)" time="0.996" />
  <testcase classname="ptolemy.util.test.junit.AutoTests" name="[129] /home/travis/build/icyphy/ptII/ptolemy/domains/continuous/test/auto/SinusoidRK45.xml (RunModel)" time="0.012" />
  <testcase classname="ptolemy.util.test.junit.AutoTests" name="[130] /home/travis/build/icyphy/ptII/ptolemy/domains/continuous/test/auto/SinusoidWithMultipleImpulses.xml (RunModel)" time="0.011" />
  <testcase classname="ptolemy.util.test.junit.AutoTests" name="[131] /home/travis/build/icyphy/ptII/ptolemy/domains/continuous/test/auto/SquareWave.xml (RunModel)" time="0.201" />
  <testcase classname="ptolemy.util.test.junit.AutoTests" name="[132] /home/travis/build/icyphy/ptII/ptolemy/domains/continuous/test/auto/Starmac.xml (RunModel)" time="3.377" />
  <testcase classname="ptolemy.util.test.junit.AutoTests" name="[133] /home/travis/build/icyphy/ptII/ptolemy/domains/continuous/test/auto/StaticUnits.xml (RunModel)" time="2.689" />
  <testcase classname="ptolemy.util.test.junit.AutoTests" name="[134] /home/travis/build/icyphy/ptII/ptolemy/domains/continuous/test/auto/StickyMasses.xml (RunModel)" time="0.219" />
  <testcase classname="ptolemy.util.test.junit.AutoTests" name="[135] /home/travis/build/icyphy/ptII/ptolemy/domains/continuous/test/auto/StopTime.xml (RunModel)" time="0.065" />
  <testcase classname="ptolemy.util.test.junit.AutoTests" name="[136] /home/travis/build/icyphy/ptII/ptolemy/domains/continuous/test/auto/StopTime2.xml (RunModel)" time="0.056" />
  <testcase classname="ptolemy.util.test.junit.AutoTests" name="[137] /home/travis/build/icyphy/ptII/ptolemy/domains/continuous/test/auto/Switch.xml (RunModel)" time="0.067" />
  <testcase classname="ptolemy.util.test.junit.AutoTests" name="[138] /home/travis/build/icyphy/ptII/ptolemy/domains/continuous/test/auto/Thermostat.xml (RunModel)" time="0.237" />
  <testcase classname="ptolemy.util.test.junit.AutoTests" name="[139] /home/travis/build/icyphy/ptII/ptolemy/domains/continuous/test/auto/TimeDelay.xml (RunModel)" time="0.012" />
  <testcase classname="ptolemy.util.test.junit.AutoTests" name="[140] /home/travis/build/icyphy/ptII/ptolemy/domains/continuous/test/auto/TimeDelay2.xml (RunModel)" time="0.024" />
  <testcase classname="ptolemy.util.test.junit.AutoTests" name="[141] /home/travis/build/icyphy/ptII/ptolemy/domains/continuous/test/auto/TimeDelay3.xml (RunModel)" time="0.014" />
  <testcase classname="ptolemy.util.test.junit.AutoTests" name="[142] /home/travis/build/icyphy/ptII/ptolemy/domains/continuous/test/auto/TransferAbsentToInside.xml (RunModel)" time="0.101" />
  <testcase classname="ptolemy.util.test.junit.AutoTests" name="[143] /home/travis/build/icyphy/ptII/ptolemy/domains/continuous/test/auto/Transmission.xml (RunModel)" time="0.766" />
  <testcase classname="ptolemy.util.test.junit.AutoTests" name="[144] /home/travis/build/icyphy/ptII/ptolemy/domains/continuous/test/auto/TriggeredContinuousClock.xml (RunModel)" time="0.093" />
  <testcase classname="ptolemy.util.test.junit.AutoTests" name="[145] /home/travis/build/icyphy/ptII/ptolemy/domains/continuous/test/auto/TwoMachineInfiniteBusControl.xml (RunModel)" time="3.184" />
  <testcase classname="ptolemy.util.test.junit.AutoTests" name="[146] /home/travis/build/icyphy/ptII/ptolemy/domains/continuous/test/auto/V2V.xml (RunModel)" time="0.909" />
  <testcase classname="ptolemy.util.test.junit.AutoTests" name="[147] /home/travis/build/icyphy/ptII/ptolemy/domains/continuous/test/auto/hierarchicalModalModel.xml (RunModel)" time="0.039" />
  <testcase classname="ptolemy.util.test.junit.AutoTests" name="[148] /home/travis/build/icyphy/ptII/ptolemy/domains/continuous/test/auto/hierarchicalModalModel1.xml (RunModel)" time="0.029" />
  <testcase classname="ptolemy.util.test.junit.AutoTests" name="[149] /home/travis/build/icyphy/ptII/ptolemy/domains/continuous/test/auto/hierarchicalModalModel2.xml (RunModel)" time="0.028" />
  <testcase classname="ptolemy.util.test.junit.AutoTests" name="[150] /home/travis/build/icyphy/ptII/ptolemy/domains/continuous/test/auto/hierarchicalModalModel3.xml (RunModel)" time="0.022" />
  <testcase classname="ptolemy.util.test.junit.AutoTests" name="[151] /home/travis/build/icyphy/ptII/ptolemy/domains/continuous/test/auto/hierarchicalModalModel4.xml (RunModel)" time="0.038" />
  <testcase classname="ptolemy.util.test.junit.AutoTests" name="[152] /home/travis/build/icyphy/ptII/ptolemy/domains/continuous/test/auto/junk.xml (RunModel)" time="0.162" />
  <system-out><![CDATA[No tcl tests in /home/travis/build/icyphy/ptII/ptolemy/domains/continuous/test
No auto/knownFailedTests/*.xml tests in /home/travis/build/icyphy/ptII/ptolemy/domains/continuous/test
No auto/linux-amd64/*.xml tests in /home/travis/build/icyphy/ptII/ptolemy/domains/continuous/test
AutoTests.java: About to close Vertx.
AutoTests.java: Vertx closed.

===========================================================================================
----------------- testing Tue Nov 26 06:14:55 UTC 2019 /home/travis/build/icyphy/ptII/ptolemy/domains/continuous/test/auto/BouncingBall.xml
----------------- Instantiating /home/travis/build/icyphy/ptII/ptolemy/domains/continuous/test/auto/BouncingBall.xml
2693 ms. Memory: 145408K Free: 66903K (46%)
----------------- Invoking toplevel() on ptolemy.moml.MoMLSimpleApplication@5072617f
----------------- Done invoking toplevel() on ptolemy.moml.MoMLSimpleApplication@5072617f
reloadAllAccessors: .BouncingBall

===========================================================================================
----------------- testing Tue Nov 26 06:14:58 UTC 2019 /home/travis/build/icyphy/ptII/ptolemy/domains/continuous/test/auto/BouncingBallWithoutGR.xml
----------------- Instantiating /home/travis/build/icyphy/ptII/ptolemy/domains/continuous/test/auto/BouncingBallWithoutGR.xml
821 ms. Memory: 175104K Free: 87736K (50%)
----------------- Invoking toplevel() on ptolemy.moml.MoMLSimpleApplication@4ed427cd
----------------- Done invoking toplevel() on ptolemy.moml.MoMLSimpleApplication@4ed427cd
reloadAllAccessors: .BouncingBallWithoutGR

===========================================================================================
----------------- testing Tue Nov 26 06:14:59 UTC 2019 /home/travis/build/icyphy/ptII/ptolemy/domains/continuous/test/auto/Brownian.xml
----------------- Instantiating /home/travis/build/icyphy/ptII/ptolemy/domains/continuous/test/auto/Brownian.xml
20 ms. Memory: 175104K Free: 79030K (45%)
----------------- Invoking toplevel() on ptolemy.moml.MoMLSimpleApplication@3a987d88
----------------- Done invoking toplevel() on ptolemy.moml.MoMLSimpleApplication@3a987d88
reloadAllAccessors: .Brownian

===========================================================================================
----------------- testing Tue Nov 26 06:14:59 UTC 2019 /home/travis/build/icyphy/ptII/ptolemy/domains/continuous/test/auto/CarTracking.xml
----------------- Instantiating /home/travis/build/icyphy/ptII/ptolemy/domains/continuous/test/auto/CarTracking.xml
3694 ms. Memory: 210944K Free: 142937K (68%)
----------------- Invoking toplevel() on ptolemy.moml.MoMLSimpleApplication@60f1b91e
----------------- Done invoking toplevel() on ptolemy.moml.MoMLSimpleApplication@60f1b91e
reloadAllAccessors: .CarTracking

===========================================================================================
----------------- testing Tue Nov 26 06:15:03 UTC 2019 /home/travis/build/icyphy/ptII/ptolemy/domains/continuous/test/auto/CartPendulum.xml
----------------- Instantiating /home/travis/build/icyphy/ptII/ptolemy/domains/continuous/test/auto/CartPendulum.xml
402 ms. Memory: 210944K Free: 175258K (83%)
----------------- Invoking toplevel() on ptolemy.moml.MoMLSimpleApplication@12cf00ea
----------------- Done invoking toplevel() on ptolemy.moml.MoMLSimpleApplication@12cf00ea
reloadAllAccessors: .CartPendulum

===========================================================================================
----------------- testing Tue Nov 26 06:15:04 UTC 2019 /home/travis/build/icyphy/ptII/ptolemy/domains/continuous/test/auto/CausalityInterface10.xml
----------------- Instantiating /home/travis/build/icyphy/ptII/ptolemy/domains/continuous/test/auto/CausalityInterface10.xml
11 ms. Memory: 210944K Free: 164504K (78%)
----------------- Invoking toplevel() on ptolemy.moml.MoMLSimpleApplication@4ea74871
----------------- Done invoking toplevel() on ptolemy.moml.MoMLSimpleApplication@4ea74871
reloadAllAccessors: .CausalityInterface10

===========================================================================================
----------------- testing Tue Nov 26 06:15:04 UTC 2019 /home/travis/build/icyphy/ptII/ptolemy/domains/continuous/test/auto/CausalityInterface11.xml
----------------- Instantiating /home/travis/build/icyphy/ptII/ptolemy/domains/continuous/test/auto/CausalityInterface11.xml
4 ms. Memory: 210944K Free: 158345K (75%)
----------------- Invoking toplevel() on ptolemy.moml.MoMLSimpleApplication@715a6735
----------------- Done invoking toplevel() on ptolemy.moml.MoMLSimpleApplication@715a6735
reloadAllAccessors: .CausalityInterface11

===========================================================================================
----------------- testing Tue Nov 26 06:15:04 UTC 2019 /home/travis/build/icyphy/ptII/ptolemy/domains/continuous/test/auto/CausalityInterface12.xml
----------------- Instantiating /home/travis/build/icyphy/ptII/ptolemy/domains/continuous/test/auto/CausalityInterface12.xml
4 ms. Memory: 210944K Free: 152201K (72%)
----------------- Invoking toplevel() on ptolemy.moml.MoMLSimpleApplication@4bec941b
----------------- Done invoking toplevel() on ptolemy.moml.MoMLSimpleApplication@4bec941b
reloadAllAccessors: .CausalityInterface12

===========================================================================================
----------------- testing Tue Nov 26 06:15:04 UTC 2019 /home/travis/build/icyphy/ptII/ptolemy/domains/continuous/test/auto/CausalityInterface13.xml
----------------- Instantiating /home/travis/build/icyphy/ptII/ptolemy/domains/continuous/test/auto/CausalityInterface13.xml
4 ms. Memory: 210944K Free: 146057K (69%)
----------------- Invoking toplevel() on ptolemy.moml.MoMLSimpleApplication@41c7c993
----------------- Done invoking toplevel() on ptolemy.moml.MoMLSimpleApplication@41c7c993
reloadAllAccessors: .CausalityInterface13

===========================================================================================
----------------- testing Tue Nov 26 06:15:04 UTC 2019 /home/travis/build/icyphy/ptII/ptolemy/domains/continuous/test/auto/CausalityInterface14.xml
----------------- Instantiating /home/travis/build/icyphy/ptII/ptolemy/domains/continuous/test/auto/CausalityInterface14.xml
3 ms. Memory: 210944K Free: 140442K (67%)
----------------- Invoking toplevel() on ptolemy.moml.MoMLSimpleApplication@45a6bc43
----------------- Done invoking toplevel() on ptolemy.moml.MoMLSimpleApplication@45a6bc43
reloadAllAccessors: .CausalityInterface14

===========================================================================================
----------------- testing Tue Nov 26 06:15:04 UTC 2019 /home/travis/build/icyphy/ptII/ptolemy/domains/continuous/test/auto/CausalityInterface4.xml
----------------- Instantiating /home/travis/build/icyphy/ptII/ptolemy/domains/continuous/test/auto/CausalityInterface4.xml
4 ms. Memory: 210944K Free: 133784K (63%)
----------------- Invoking toplevel() on ptolemy.moml.MoMLSimpleApplication@34521769
----------------- Done invoking toplevel() on ptolemy.moml.MoMLSimpleApplication@34521769
reloadAllAccessors: .CausalityInterface4

===========================================================================================
----------------- testing Tue Nov 26 06:15:04 UTC 2019 /home/travis/build/icyphy/ptII/ptolemy/domains/continuous/test/auto/CausalityInterface5.xml
----------------- Instantiating /home/travis/build/icyphy/ptII/ptolemy/domains/continuous/test/auto/CausalityInterface5.xml
7 ms. Memory: 210944K Free: 125592K (60%)
----------------- Invoking toplevel() on ptolemy.moml.MoMLSimpleApplication@2772c2fc
----------------- Done invoking toplevel() on ptolemy.moml.MoMLSimpleApplication@2772c2fc
reloadAllAccessors: .CausalityInterface5

===========================================================================================
----------------- testing Tue Nov 26 06:15:04 UTC 2019 /home/travis/build/icyphy/ptII/ptolemy/domains/continuous/test/auto/CausalityInterface6.xml
----------------- Instantiating /home/travis/build/icyphy/ptII/ptolemy/domains/continuous/test/auto/CausalityInterface6.xml
6 ms. Memory: 210944K Free: 119962K (57%)
----------------- Invoking toplevel() on ptolemy.moml.MoMLSimpleApplication@642fc6c8
----------------- Done invoking toplevel() on ptolemy.moml.MoMLSimpleApplication@642fc6c8
reloadAllAccessors: .CausalityInterface6

===========================================================================================
----------------- testing Tue Nov 26 06:15:04 UTC 2019 /home/travis/build/icyphy/ptII/ptolemy/domains/continuous/test/auto/CausalityInterface7.xml
----------------- Instantiating /home/travis/build/icyphy/ptII/ptolemy/domains/continuous/test/auto/CausalityInterface7.xml
12 ms. Memory: 210944K Free: 111770K (53%)
----------------- Invoking toplevel() on ptolemy.moml.MoMLSimpleApplication@d26349f
----------------- Done invoking toplevel() on ptolemy.moml.MoMLSimpleApplication@d26349f
reloadAllAccessors: .CausalityInterface7

===========================================================================================
----------------- testing Tue Nov 26 06:15:04 UTC 2019 /home/travis/build/icyphy/ptII/ptolemy/domains/continuous/test/auto/CausalityInterface8.xml
----------------- Instantiating /home/travis/build/icyphy/ptII/ptolemy/domains/continuous/test/auto/CausalityInterface8.xml
7 ms. Memory: 210944K Free: 102554K (49%)
----------------- Invoking toplevel() on ptolemy.moml.MoMLSimpleApplication@39ecf87c
----------------- Done invoking toplevel() on ptolemy.moml.MoMLSimpleApplication@39ecf87c
reloadAllAccessors: .CausalityInterface8

===========================================================================================
----------------- testing Tue Nov 26 06:15:04 UTC 2019 /home/travis/build/icyphy/ptII/ptolemy/domains/continuous/test/auto/CausalityInterface9.xml
----------------- Instantiating /home/travis/build/icyphy/ptII/ptolemy/domains/continuous/test/auto/CausalityInterface9.xml
5 ms. Memory: 210944K Free: 91800K (44%)
----------------- Invoking toplevel() on ptolemy.moml.MoMLSimpleApplication@725f57f6
----------------- Done invoking toplevel() on ptolemy.moml.MoMLSimpleApplication@725f57f6
reloadAllAccessors: .CausalityInterface9

===========================================================================================
----------------- testing Tue Nov 26 06:15:04 UTC 2019 /home/travis/build/icyphy/ptII/ptolemy/domains/continuous/test/auto/CausalityInterfaceFeedback1.xml
----------------- Instantiating /home/travis/build/icyphy/ptII/ptolemy/domains/continuous/test/auto/CausalityInterfaceFeedback1.xml
3 ms. Memory: 210944K Free: 85146K (40%)
----------------- Invoking toplevel() on ptolemy.moml.MoMLSimpleApplication@7d5f5635
----------------- Done invoking toplevel() on ptolemy.moml.MoMLSimpleApplication@7d5f5635
reloadAllAccessors: .CausalityInterfaceFeedback1

===========================================================================================
----------------- testing Tue Nov 26 06:15:04 UTC 2019 /home/travis/build/icyphy/ptII/ptolemy/domains/continuous/test/auto/CausalityInterfaceFeedback2.xml
----------------- Instantiating /home/travis/build/icyphy/ptII/ptolemy/domains/continuous/test/auto/CausalityInterfaceFeedback2.xml
3 ms. Memory: 210944K Free: 78473K (37%)
----------------- Invoking toplevel() on ptolemy.moml.MoMLSimpleApplication@1c2616c1
----------------- Done invoking toplevel() on ptolemy.moml.MoMLSimpleApplication@1c2616c1
reloadAllAccessors: .CausalityInterfaceFeedback2

===========================================================================================
----------------- testing Tue Nov 26 06:15:04 UTC 2019 /home/travis/build/icyphy/ptII/ptolemy/domains/continuous/test/auto/CompareWithCurrentTime.xml
----------------- Instantiating /home/travis/build/icyphy/ptII/ptolemy/domains/continuous/test/auto/CompareWithCurrentTime.xml
3 ms. Memory: 210944K Free: 74392K (35%)
----------------- Invoking toplevel() on ptolemy.moml.MoMLSimpleApplication@61167d47
----------------- Done invoking toplevel() on ptolemy.moml.MoMLSimpleApplication@61167d47
reloadAllAccessors: .CompareWithCurrentTime

===========================================================================================
----------------- testing Tue Nov 26 06:15:04 UTC 2019 /home/travis/build/icyphy/ptII/ptolemy/domains/continuous/test/auto/ComparedClocks.xml
----------------- Instantiating /home/travis/build/icyphy/ptII/ptolemy/domains/continuous/test/auto/ComparedClocks.xml
8 ms. Memory: 210944K Free: 183269K (87%)
----------------- Invoking toplevel() on ptolemy.moml.MoMLSimpleApplication@5a286ff8
----------------- Done invoking toplevel() on ptolemy.moml.MoMLSimpleApplication@5a286ff8
reloadAllAccessors: .ComparedClocks

===========================================================================================
----------------- testing Tue Nov 26 06:15:05 UTC 2019 /home/travis/build/icyphy/ptII/ptolemy/domains/continuous/test/auto/ContinuousAOCClone.xml
----------------- Instantiating /home/travis/build/icyphy/ptII/ptolemy/domains/continuous/test/auto/ContinuousAOCClone.xml
2644 ms. Memory: 253952K Free: 96116K (38%)
----------------- Invoking toplevel() on ptolemy.moml.MoMLSimpleApplication@3d715421
----------------- Done invoking toplevel() on ptolemy.moml.MoMLSimpleApplication@3d715421
reloadAllAccessors: .ContinuousAOCClone

===========================================================================================
----------------- testing Tue Nov 26 06:15:07 UTC 2019 /home/travis/build/icyphy/ptII/ptolemy/domains/continuous/test/auto/ContinuousClock.xml
----------------- Instantiating /home/travis/build/icyphy/ptII/ptolemy/domains/continuous/test/auto/ContinuousClock.xml
31 ms. Memory: 253952K Free: 224617K (88%)
----------------- Invoking toplevel() on ptolemy.moml.MoMLSimpleApplication@47e07dc6
----------------- Done invoking toplevel() on ptolemy.moml.MoMLSimpleApplication@47e07dc6
reloadAllAccessors: .ContinuousClock

===========================================================================================
----------------- testing Tue Nov 26 06:15:07 UTC 2019 /home/travis/build/icyphy/ptII/ptolemy/domains/continuous/test/auto/ContinuousInContinuous.xml
----------------- Instantiating /home/travis/build/icyphy/ptII/ptolemy/domains/continuous/test/auto/ContinuousInContinuous.xml
40 ms. Memory: 253952K Free: 201065K (79%)
----------------- Invoking toplevel() on ptolemy.moml.MoMLSimpleApplication@5cab4703
----------------- Done invoking toplevel() on ptolemy.moml.MoMLSimpleApplication@5cab4703
reloadAllAccessors: .ContinuousInContinuous

===========================================================================================
----------------- testing Tue Nov 26 06:15:08 UTC 2019 /home/travis/build/icyphy/ptII/ptolemy/domains/continuous/test/auto/ContinuousInContinuousInContinuous.xml
----------------- Instantiating /home/travis/build/icyphy/ptII/ptolemy/domains/continuous/test/auto/ContinuousInContinuousInContinuous.xml
7 ms. Memory: 253952K Free: 193383K (76%)
----------------- Invoking toplevel() on ptolemy.moml.MoMLSimpleApplication@459792f9
----------------- Done invoking toplevel() on ptolemy.moml.MoMLSimpleApplication@459792f9
reloadAllAccessors: .ContinuousInContinuousInContinuous

===========================================================================================
----------------- testing Tue Nov 26 06:15:08 UTC 2019 /home/travis/build/icyphy/ptII/ptolemy/domains/continuous/test/auto/ContinuousInDE.xml
----------------- Instantiating /home/travis/build/icyphy/ptII/ptolemy/domains/continuous/test/auto/ContinuousInDE.xml
88 ms. Memory: 253952K Free: 182633K (72%)
----------------- Invoking toplevel() on ptolemy.moml.MoMLSimpleApplication@33e2717d
----------------- Done invoking toplevel() on ptolemy.moml.MoMLSimpleApplication@33e2717d
reloadAllAccessors: .ContinuousInDE

===========================================================================================
----------------- testing Tue Nov 26 06:15:08 UTC 2019 /home/travis/build/icyphy/ptII/ptolemy/domains/continuous/test/auto/ContinuousInDE2.xml
----------------- Instantiating /home/travis/build/icyphy/ptII/ptolemy/domains/continuous/test/auto/ContinuousInDE2.xml
39 ms. Memory: 253952K Free: 173417K (68%)
----------------- Invoking toplevel() on ptolemy.moml.MoMLSimpleApplication@1b034a71
----------------- Done invoking toplevel() on ptolemy.moml.MoMLSimpleApplication@1b034a71
reloadAllAccessors: .ContinuousInDE2

===========================================================================================
----------------- testing Tue Nov 26 06:15:08 UTC 2019 /home/travis/build/icyphy/ptII/ptolemy/domains/continuous/test/auto/ContinuousInDE3.xml
----------------- Instantiating /home/travis/build/icyphy/ptII/ptolemy/domains/continuous/test/auto/ContinuousInDE3.xml
32 ms. Memory: 253952K Free: 164201K (65%)
----------------- Invoking toplevel() on ptolemy.moml.MoMLSimpleApplication@3357c7ea
----------------- Done invoking toplevel() on ptolemy.moml.MoMLSimpleApplication@3357c7ea
reloadAllAccessors: .ContinuousInDE3

===========================================================================================
----------------- testing Tue Nov 26 06:15:08 UTC 2019 /home/travis/build/icyphy/ptII/ptolemy/domains/continuous/test/auto/ContinuousInDE4.xml
----------------- Instantiating /home/travis/build/icyphy/ptII/ptolemy/domains/continuous/test/auto/ContinuousInDE4.xml
13 ms. Memory: 253952K Free: 158057K (62%)
----------------- Invoking toplevel() on ptolemy.moml.MoMLSimpleApplication@f2cd838
----------------- Done invoking toplevel() on ptolemy.moml.MoMLSimpleApplication@f2cd838
reloadAllAccessors: .ContinuousInDE4

===========================================================================================
----------------- testing Tue Nov 26 06:15:08 UTC 2019 /home/travis/build/icyphy/ptII/ptolemy/domains/continuous/test/auto/ContinuousInDEDifferentRefinements.xml
----------------- Instantiating /home/travis/build/icyphy/ptII/ptolemy/domains/continuous/test/auto/ContinuousInDEDifferentRefinements.xml
56 ms. Memory: 253952K Free: 127337K (50%)
----------------- Invoking toplevel() on ptolemy.moml.MoMLSimpleApplication@1dad5177
----------------- Done invoking toplevel() on ptolemy.moml.MoMLSimpleApplication@1dad5177
reloadAllAccessors: .ContinuousInDEDifferentRefinements

===========================================================================================
----------------- testing Tue Nov 26 06:15:08 UTC 2019 /home/travis/build/icyphy/ptII/ptolemy/domains/continuous/test/auto/ContinuousInDEDifferentRefinementsPreemptive.xml
----------------- Instantiating /home/travis/build/icyphy/ptII/ptolemy/domains/continuous/test/auto/ContinuousInDEDifferentRefinementsPreemptive.xml
43 ms. Memory: 253952K Free: 96617K (38%)
----------------- Invoking toplevel() on ptolemy.moml.MoMLSimpleApplication@3aeac3b7
----------------- Done invoking toplevel() on ptolemy.moml.MoMLSimpleApplication@3aeac3b7
reloadAllAccessors: .ContinuousInDEDifferentRefinementsPreemptive

===========================================================================================
----------------- testing Tue Nov 26 06:15:08 UTC 2019 /home/travis/build/icyphy/ptII/ptolemy/domains/continuous/test/auto/ContinuousInDEInContinuous2.xml
----------------- Instantiating /home/travis/build/icyphy/ptII/ptolemy/domains/continuous/test/auto/ContinuousInDEInContinuous2.xml
31 ms. Memory: 253952K Free: 236235K (93%)
----------------- Invoking toplevel() on ptolemy.moml.MoMLSimpleApplication@2a73e08
----------------- Done invoking toplevel() on ptolemy.moml.MoMLSimpleApplication@2a73e08
reloadAllAccessors: .ContinuousInDEInContinuous2

===========================================================================================
----------------- testing Tue Nov 26 06:15:08 UTC 2019 /home/travis/build/icyphy/ptII/ptolemy/domains/continuous/test/auto/ContinuousInDEInContinuous3.xml
----------------- Instantiating /home/travis/build/icyphy/ptII/ptolemy/domains/continuous/test/auto/ContinuousInDEInContinuous3.xml
30 ms. Memory: 253952K Free: 224457K (88%)
----------------- Invoking toplevel() on ptolemy.moml.MoMLSimpleApplication@33aae9c7
----------------- Done invoking toplevel() on ptolemy.moml.MoMLSimpleApplication@33aae9c7
reloadAllAccessors: .ContinuousInDEInContinuous3

===========================================================================================
----------------- testing Tue Nov 26 06:15:08 UTC 2019 /home/travis/build/icyphy/ptII/ptolemy/domains/continuous/test/auto/ContinuousInDEInput.xml
----------------- Instantiating /home/travis/build/icyphy/ptII/ptolemy/domains/continuous/test/auto/ContinuousInDEInput.xml
13 ms. Memory: 253952K Free: 217289K (86%)
----------------- Invoking toplevel() on ptolemy.moml.MoMLSimpleApplication@559d0509
----------------- Done invoking toplevel() on ptolemy.moml.MoMLSimpleApplication@559d0509
reloadAllAccessors: .ContinuousInDEInput

===========================================================================================
----------------- testing Tue Nov 26 06:15:08 UTC 2019 /home/travis/build/icyphy/ptII/ptolemy/domains/continuous/test/auto/ContinuousInDEInput2.xml
----------------- Instantiating /home/travis/build/icyphy/ptII/ptolemy/domains/continuous/test/auto/ContinuousInDEInput2.xml
14 ms. Memory: 253952K Free: 210121K (83%)
----------------- Invoking toplevel() on ptolemy.moml.MoMLSimpleApplication@40727d2c
----------------- Done invoking toplevel() on ptolemy.moml.MoMLSimpleApplication@40727d2c
reloadAllAccessors: .ContinuousInDEInput2

===========================================================================================
----------------- testing Tue Nov 26 06:15:08 UTC 2019 /home/travis/build/icyphy/ptII/ptolemy/domains/continuous/test/auto/ContinuousInDEInput3.xml
----------------- Instantiating /home/travis/build/icyphy/ptII/ptolemy/domains/continuous/test/auto/ContinuousInDEInput3.xml
11 ms. Memory: 253952K Free: 202953K (80%)
----------------- Invoking toplevel() on ptolemy.moml.MoMLSimpleApplication@3e6111b6
----------------- Done invoking toplevel() on ptolemy.moml.MoMLSimpleApplication@3e6111b6
reloadAllAccessors: .ContinuousInDEInput3

===========================================================================================
----------------- testing Tue Nov 26 06:15:08 UTC 2019 /home/travis/build/icyphy/ptII/ptolemy/domains/continuous/test/auto/ContinuousInDESharingRefinement.xml
----------------- Instantiating /home/travis/build/icyphy/ptII/ptolemy/domains/continuous/test/auto/ContinuousInDESharingRefinement.xml
136 ms. Memory: 253952K Free: 109259K (43%)
----------------- Invoking toplevel() on ptolemy.moml.MoMLSimpleApplication@3a4143c3
----------------- Done invoking toplevel() on ptolemy.moml.MoMLSimpleApplication@3a4143c3
reloadAllAccessors: .ContinuousInDESharingRefinement

===========================================================================================
----------------- testing Tue Nov 26 06:15:08 UTC 2019 /home/travis/build/icyphy/ptII/ptolemy/domains/continuous/test/auto/ContinuousInDEwithNoPorts.xml
----------------- Instantiating /home/travis/build/icyphy/ptII/ptolemy/domains/continuous/test/auto/ContinuousInDEwithNoPorts.xml
6 ms. Memory: 253952K Free: 105163K (41%)
----------------- Invoking toplevel() on ptolemy.moml.MoMLSimpleApplication@5b5a8b8c
----------------- Done invoking toplevel() on ptolemy.moml.MoMLSimpleApplication@5b5a8b8c
reloadAllAccessors: .ContinuousInDEwithNoPorts

===========================================================================================
----------------- testing Tue Nov 26 06:15:08 UTC 2019 /home/travis/build/icyphy/ptII/ptolemy/domains/continuous/test/auto/ContinuousInsideDE.xml
----------------- Instantiating /home/travis/build/icyphy/ptII/ptolemy/domains/continuous/test/auto/ContinuousInsideDE.xml
30 ms. Memory: 253952K Free: 93899K (37%)
----------------- Invoking toplevel() on ptolemy.moml.MoMLSimpleApplication@122083d4
----------------- Done invoking toplevel() on ptolemy.moml.MoMLSimpleApplication@122083d4
reloadAllAccessors: .ContinuousInsideDE

===========================================================================================
----------------- testing Tue Nov 26 06:15:08 UTC 2019 /home/travis/build/icyphy/ptII/ptolemy/domains/continuous/test/auto/ContinuousMerge1.xml
----------------- Instantiating /home/travis/build/icyphy/ptII/ptolemy/domains/continuous/test/auto/ContinuousMerge1.xml
5 ms. Memory: 253952K Free: 239987K (95%)
----------------- Invoking toplevel() on ptolemy.moml.MoMLSimpleApplication@4e5d0e5e
----------------- Done invoking toplevel() on ptolemy.moml.MoMLSimpleApplication@4e5d0e5e
reloadAllAccessors: .ContinuousMerge1

===========================================================================================
----------------- testing Tue Nov 26 06:15:09 UTC 2019 /home/travis/build/icyphy/ptII/ptolemy/domains/continuous/test/auto/ContinuousMerge2.xml
----------------- Instantiating /home/travis/build/icyphy/ptII/ptolemy/domains/continuous/test/auto/ContinuousMerge2.xml
16 ms. Memory: 253952K Free: 229016K (90%)
----------------- Invoking toplevel() on ptolemy.moml.MoMLSimpleApplication@3d4cd19e
----------------- Done invoking toplevel() on ptolemy.moml.MoMLSimpleApplication@3d4cd19e
reloadAllAccessors: .ContinuousMerge2

===========================================================================================
----------------- testing Tue Nov 26 06:15:09 UTC 2019 /home/travis/build/icyphy/ptII/ptolemy/domains/continuous/test/auto/ContinuousMerge3.xml
----------------- Instantiating /home/travis/build/icyphy/ptII/ptolemy/domains/continuous/test/auto/ContinuousMerge3.xml
38 ms. Memory: 253952K Free: 218262K (86%)
----------------- Invoking toplevel() on ptolemy.moml.MoMLSimpleApplication@7d70bf4e
----------------- Done invoking toplevel() on ptolemy.moml.MoMLSimpleApplication@7d70bf4e
reloadAllAccessors: .ContinuousMerge3

===========================================================================================
----------------- testing Tue Nov 26 06:15:09 UTC 2019 /home/travis/build/icyphy/ptII/ptolemy/domains/continuous/test/auto/ContinuousWithinContinuous.xml
----------------- Instantiating /home/travis/build/icyphy/ptII/ptolemy/domains/continuous/test/auto/ContinuousWithinContinuous.xml
32 ms. Memory: 253952K Free: 209560K (83%)
----------------- Invoking toplevel() on ptolemy.moml.MoMLSimpleApplication@4d0842fd
----------------- Done invoking toplevel() on ptolemy.moml.MoMLSimpleApplication@4d0842fd
reloadAllAccessors: .ContinuousWithinContinuous

===========================================================================================
----------------- testing Tue Nov 26 06:15:09 UTC 2019 /home/travis/build/icyphy/ptII/ptolemy/domains/continuous/test/auto/ContinuousWithinContinuous2.xml
----------------- Instantiating /home/travis/build/icyphy/ptII/ptolemy/domains/continuous/test/auto/ContinuousWithinContinuous2.xml
60 ms. Memory: 253952K Free: 198806K (78%)
----------------- Invoking toplevel() on ptolemy.moml.MoMLSimpleApplication@28960f3a
----------------- Done invoking toplevel() on ptolemy.moml.MoMLSimpleApplication@28960f3a
reloadAllAccessors: .ContinuousWithinContinuous2

===========================================================================================
----------------- testing Tue Nov 26 06:15:09 UTC 2019 /home/travis/build/icyphy/ptII/ptolemy/domains/continuous/test/auto/ContinuousWithinContinuous3.xml
----------------- Instantiating /home/travis/build/icyphy/ptII/ptolemy/domains/continuous/test/auto/ContinuousWithinContinuous3.xml
10 ms. Memory: 253952K Free: 192152K (76%)
----------------- Invoking toplevel() on ptolemy.moml.MoMLSimpleApplication@3454e7cd
----------------- Done invoking toplevel() on ptolemy.moml.MoMLSimpleApplication@3454e7cd
reloadAllAccessors: .ContinuousWithinContinuous3

===========================================================================================
----------------- testing Tue Nov 26 06:15:09 UTC 2019 /home/travis/build/icyphy/ptII/ptolemy/domains/continuous/test/auto/ContinuousWithinContinuous4.xml
----------------- Instantiating /home/travis/build/icyphy/ptII/ptolemy/domains/continuous/test/auto/ContinuousWithinContinuous4.xml
63 ms. Memory: 253952K Free: 180374K (71%)
----------------- Invoking toplevel() on ptolemy.moml.MoMLSimpleApplication@6ebc335b
----------------- Done invoking toplevel() on ptolemy.moml.MoMLSimpleApplication@6ebc335b
reloadAllAccessors: .ContinuousWithinContinuous4

===========================================================================================
----------------- testing Tue Nov 26 06:15:09 UTC 2019 /home/travis/build/icyphy/ptII/ptolemy/domains/continuous/test/auto/ContinuousWithinContinuous5.xml
----------------- Instantiating /home/travis/build/icyphy/ptII/ptolemy/domains/continuous/test/auto/ContinuousWithinContinuous5.xml
11 ms. Memory: 253952K Free: 173206K (68%)
----------------- Invoking toplevel() on ptolemy.moml.MoMLSimpleApplication@f1ff960
----------------- Done invoking toplevel() on ptolemy.moml.MoMLSimpleApplication@f1ff960
reloadAllAccessors: .ContinuousWithinContinuous5

===========================================================================================
----------------- testing Tue Nov 26 06:15:09 UTC 2019 /home/travis/build/icyphy/ptII/ptolemy/domains/continuous/test/auto/ContinuousWithinContinuous6.xml
----------------- Instantiating /home/travis/build/icyphy/ptII/ptolemy/domains/continuous/test/auto/ContinuousWithinContinuous6.xml
15 ms. Memory: 253952K Free: 166038K (65%)
----------------- Invoking toplevel() on ptolemy.moml.MoMLSimpleApplication@6fdb643
----------------- Done invoking toplevel() on ptolemy.moml.MoMLSimpleApplication@6fdb643
reloadAllAccessors: .ContinuousWithinContinuous6

===========================================================================================
----------------- testing Tue Nov 26 06:15:09 UTC 2019 /home/travis/build/icyphy/ptII/ptolemy/domains/continuous/test/auto/ContinuousWithinContinuous7.xml
----------------- Instantiating /home/travis/build/icyphy/ptII/ptolemy/domains/continuous/test/auto/ContinuousWithinContinuous7.xml
63 ms. Memory: 253952K Free: 155288K (61%)
----------------- Invoking toplevel() on ptolemy.moml.MoMLSimpleApplication@3e1d78ec
----------------- Done invoking toplevel() on ptolemy.moml.MoMLSimpleApplication@3e1d78ec
reloadAllAccessors: .ContinuousWithinContinuous7

===========================================================================================
----------------- testing Tue Nov 26 06:15:09 UTC 2019 /home/travis/build/icyphy/ptII/ptolemy/domains/continuous/test/auto/DCMotor.xml
----------------- Instantiating /home/travis/build/icyphy/ptII/ptolemy/domains/continuous/test/auto/DCMotor.xml
12553 ms. Memory: 253952K Free: 111053K (44%)
----------------- Invoking toplevel() on ptolemy.moml.MoMLSimpleApplication@2b6f3c68
----------------- Done invoking toplevel() on ptolemy.moml.MoMLSimpleApplication@2b6f3c68
reloadAllAccessors: .DCMotor

===========================================================================================
----------------- testing Tue Nov 26 06:15:22 UTC 2019 /home/travis/build/icyphy/ptII/ptolemy/domains/continuous/test/auto/DEInContinuous.xml
----------------- Instantiating /home/travis/build/icyphy/ptII/ptolemy/domains/continuous/test/auto/DEInContinuous.xml
19 ms. Memory: 253952K Free: 104915K (41%)
----------------- Invoking toplevel() on ptolemy.moml.MoMLSimpleApplication@7f12ced4
----------------- Done invoking toplevel() on ptolemy.moml.MoMLSimpleApplication@7f12ced4
reloadAllAccessors: .DEInContinuous

===========================================================================================
----------------- testing Tue Nov 26 06:15:22 UTC 2019 /home/travis/build/icyphy/ptII/ptolemy/domains/continuous/test/auto/DEinContinuous2.xml
----------------- Instantiating /home/travis/build/icyphy/ptII/ptolemy/domains/continuous/test/auto/DEinContinuous2.xml
7 ms. Memory: 253952K Free: 97237K (38%)
----------------- Invoking toplevel() on ptolemy.moml.MoMLSimpleApplication@6e1d8f8f
----------------- Done invoking toplevel() on ptolemy.moml.MoMLSimpleApplication@6e1d8f8f
reloadAllAccessors: .DEinContinuous2

===========================================================================================
----------------- testing Tue Nov 26 06:15:22 UTC 2019 /home/travis/build/icyphy/ptII/ptolemy/domains/continuous/test/auto/Derivative.xml
----------------- Instantiating /home/travis/build/icyphy/ptII/ptolemy/domains/continuous/test/auto/Derivative.xml
138 ms. Memory: 253952K Free: 218127K (86%)
----------------- Invoking toplevel() on ptolemy.moml.MoMLSimpleApplication@583320de
----------------- Done invoking toplevel() on ptolemy.moml.MoMLSimpleApplication@583320de
reloadAllAccessors: .Derivative2

===========================================================================================
----------------- testing Tue Nov 26 06:15:22 UTC 2019 /home/travis/build/icyphy/ptII/ptolemy/domains/continuous/test/auto/Derivative1.xml
----------------- Instantiating /home/travis/build/icyphy/ptII/ptolemy/domains/continuous/test/auto/Derivative1.xml
32 ms. Memory: 253952K Free: 203791K (80%)
----------------- Invoking toplevel() on ptolemy.moml.MoMLSimpleApplication@3881190a
----------------- Done invoking toplevel() on ptolemy.moml.MoMLSimpleApplication@3881190a
reloadAllAccessors: .Derivative1

===========================================================================================
----------------- testing Tue Nov 26 06:15:22 UTC 2019 /home/travis/build/icyphy/ptII/ptolemy/domains/continuous/test/auto/DiscreteClock.xml
----------------- Instantiating /home/travis/build/icyphy/ptII/ptolemy/domains/continuous/test/auto/DiscreteClock.xml
9 ms. Memory: 253952K Free: 198671K (78%)
----------------- Invoking toplevel() on ptolemy.moml.MoMLSimpleApplication@11310b95
----------------- Done invoking toplevel() on ptolemy.moml.MoMLSimpleApplication@11310b95
reloadAllAccessors: .DiscreteClock

===========================================================================================
----------------- testing Tue Nov 26 06:15:22 UTC 2019 /home/travis/build/icyphy/ptII/ptolemy/domains/continuous/test/auto/EfficiencyCurve.xml
----------------- Instantiating /home/travis/build/icyphy/ptII/ptolemy/domains/continuous/test/auto/EfficiencyCurve.xml
50 ms. Memory: 253952K Free: 189455K (75%)
----------------- Invoking toplevel() on ptolemy.moml.MoMLSimpleApplication@74dafe00
----------------- Done invoking toplevel() on ptolemy.moml.MoMLSimpleApplication@74dafe00
reloadAllAccessors: .EfficiencyCurve

===========================================================================================
----------------- testing Tue Nov 26 06:15:22 UTC 2019 /home/travis/build/icyphy/ptII/ptolemy/domains/continuous/test/auto/ExponentialResponse.xml
----------------- Instantiating /home/travis/build/icyphy/ptII/ptolemy/domains/continuous/test/auto/ExponentialResponse.xml
99 ms. Memory: 253952K Free: 174095K (69%)
----------------- Invoking toplevel() on ptolemy.moml.MoMLSimpleApplication@225f21ee
----------------- Done invoking toplevel() on ptolemy.moml.MoMLSimpleApplication@225f21ee
reloadAllAccessors: .ExponentialResponse

===========================================================================================
----------------- testing Tue Nov 26 06:15:22 UTC 2019 /home/travis/build/icyphy/ptII/ptolemy/domains/continuous/test/auto/ExponentialResponseRK45.xml
----------------- Instantiating /home/travis/build/icyphy/ptII/ptolemy/domains/continuous/test/auto/ExponentialResponseRK45.xml
24 ms. Memory: 253952K Free: 167441K (66%)
----------------- Invoking toplevel() on ptolemy.moml.MoMLSimpleApplication@582d5be1
----------------- Done invoking toplevel() on ptolemy.moml.MoMLSimpleApplication@582d5be1
reloadAllAccessors: .ExponentialResponseRK45

===========================================================================================
----------------- testing Tue Nov 26 06:15:22 UTC 2019 /home/travis/build/icyphy/ptII/ptolemy/domains/continuous/test/auto/Friction.xml
----------------- Instantiating /home/travis/build/icyphy/ptII/ptolemy/domains/continuous/test/auto/Friction.xml
1471 ms. Memory: 253952K Free: 194458K (77%)
----------------- Invoking toplevel() on ptolemy.moml.MoMLSimpleApplication@2375a3af
----------------- Done invoking toplevel() on ptolemy.moml.MoMLSimpleApplication@2375a3af
reloadAllAccessors: .Friction

===========================================================================================
----------------- testing Tue Nov 26 06:15:24 UTC 2019 /home/travis/build/icyphy/ptII/ptolemy/domains/continuous/test/auto/FurutaPendulum.xml
----------------- Instantiating /home/travis/build/icyphy/ptII/ptolemy/domains/continuous/test/auto/FurutaPendulum.xml
3412 ms. Memory: 253952K Free: 125292K (49%)
----------------- Invoking toplevel() on ptolemy.moml.MoMLSimpleApplication@428b4605
----------------- Done invoking toplevel() on ptolemy.moml.MoMLSimpleApplication@428b4605
reloadAllAccessors: .FurutaPendulum

===========================================================================================
----------------- testing Tue Nov 26 06:15:27 UTC 2019 /home/travis/build/icyphy/ptII/ptolemy/domains/continuous/test/auto/HierarchicalExecution.xml
----------------- Instantiating /home/travis/build/icyphy/ptII/ptolemy/domains/continuous/test/auto/HierarchicalExecution.xml
1967 ms. Memory: 305152K Free: 184699K (61%)
----------------- Invoking toplevel() on ptolemy.moml.MoMLSimpleApplication@430deb91
----------------- Done invoking toplevel() on ptolemy.moml.MoMLSimpleApplication@430deb91
reloadAllAccessors: .HierarchicalExecution

===========================================================================================
----------------- testing Tue Nov 26 06:15:30 UTC 2019 /home/travis/build/icyphy/ptII/ptolemy/domains/continuous/test/auto/HybridPlant.xml
----------------- Instantiating /home/travis/build/icyphy/ptII/ptolemy/domains/continuous/test/auto/HybridPlant.xml
521 ms. Memory: 305152K Free: 282594K (93%)
----------------- Invoking toplevel() on ptolemy.moml.MoMLSimpleApplication@36fe3649
----------------- Done invoking toplevel() on ptolemy.moml.MoMLSimpleApplication@36fe3649
reloadAllAccessors: .HybridPlant

===========================================================================================
----------------- testing Tue Nov 26 06:15:31 UTC 2019 /home/travis/build/icyphy/ptII/ptolemy/domains/continuous/test/auto/Hysteresis.xml
----------------- Instantiating /home/travis/build/icyphy/ptII/ptolemy/domains/continuous/test/auto/Hysteresis.xml
151 ms. Memory: 305152K Free: 220130K (72%)
----------------- Invoking toplevel() on ptolemy.moml.MoMLSimpleApplication@6bc8a4f3
----------------- Done invoking toplevel() on ptolemy.moml.MoMLSimpleApplication@6bc8a4f3
reloadAllAccessors: .Hysteresis

===========================================================================================
----------------- testing Tue Nov 26 06:15:31 UTC 2019 /home/travis/build/icyphy/ptII/ptolemy/domains/continuous/test/auto/HysteresisWithRandomDelay.xml
----------------- Instantiating /home/travis/build/icyphy/ptII/ptolemy/domains/continuous/test/auto/HysteresisWithRandomDelay.xml
178 ms. Memory: 305152K Free: 148450K (49%)
----------------- Invoking toplevel() on ptolemy.moml.MoMLSimpleApplication@7957196e
----------------- Done invoking toplevel() on ptolemy.moml.MoMLSimpleApplication@7957196e
reloadAllAccessors: .HysteresisWithRandomDelay

===========================================================================================
----------------- testing Tue Nov 26 06:15:31 UTC 2019 /home/travis/build/icyphy/ptII/ptolemy/domains/continuous/test/auto/HysteresisWithRandomLosses.xml
----------------- Instantiating /home/travis/build/icyphy/ptII/ptolemy/domains/continuous/test/auto/HysteresisWithRandomLosses.xml
2603 ms. Memory: 305152K Free: 129390K (42%)
----------------- Invoking toplevel() on ptolemy.moml.MoMLSimpleApplication@5d953a8d
----------------- Done invoking toplevel() on ptolemy.moml.MoMLSimpleApplication@5d953a8d
reloadAllAccessors: .HysteresisWithRandomLosses

===========================================================================================
----------------- testing Tue Nov 26 06:15:34 UTC 2019 /home/travis/build/icyphy/ptII/ptolemy/domains/continuous/test/auto/ImmediateTransitions.xml
----------------- Instantiating /home/travis/build/icyphy/ptII/ptolemy/domains/continuous/test/auto/ImmediateTransitions.xml
9 ms. Memory: 305152K Free: 118606K (39%)
----------------- Invoking toplevel() on ptolemy.moml.MoMLSimpleApplication@279fdbeb
----------------- Done invoking toplevel() on ptolemy.moml.MoMLSimpleApplication@279fdbeb
reloadAllAccessors: .ImmediateTransitions

===========================================================================================
----------------- testing Tue Nov 26 06:15:34 UTC 2019 /home/travis/build/icyphy/ptII/ptolemy/domains/continuous/test/auto/ImpulseFeedback.xml
----------------- Instantiating /home/travis/build/icyphy/ptII/ptolemy/domains/continuous/test/auto/ImpulseFeedback.xml
9 ms. Memory: 305152K Free: 113006K (37%)
----------------- Invoking toplevel() on ptolemy.moml.MoMLSimpleApplication@926fdf8
----------------- Done invoking toplevel() on ptolemy.moml.MoMLSimpleApplication@926fdf8
reloadAllAccessors: .ImpulseFeedback

===========================================================================================
----------------- testing Tue Nov 26 06:15:34 UTC 2019 /home/travis/build/icyphy/ptII/ptolemy/domains/continuous/test/auto/ImpulseFeedback2.xml
----------------- Instantiating /home/travis/build/icyphy/ptII/ptolemy/domains/continuous/test/auto/ImpulseFeedback2.xml
6 ms. Memory: 305152K Free: 288591K (95%)
----------------- Invoking toplevel() on ptolemy.moml.MoMLSimpleApplication@15380ca2
----------------- Done invoking toplevel() on ptolemy.moml.MoMLSimpleApplication@15380ca2
reloadAllAccessors: .ImpulseFeedback2

===========================================================================================
----------------- testing Tue Nov 26 06:15:34 UTC 2019 /home/travis/build/icyphy/ptII/ptolemy/domains/continuous/test/auto/IncreasingRatePoisson.xml
----------------- Instantiating /home/travis/build/icyphy/ptII/ptolemy/domains/continuous/test/auto/IncreasingRatePoisson.xml
719 ms. Memory: 305152K Free: 160084K (52%)
----------------- Invoking toplevel() on ptolemy.moml.MoMLSimpleApplication@4772bdea
----------------- Done invoking toplevel() on ptolemy.moml.MoMLSimpleApplication@4772bdea
reloadAllAccessors: .IncreasingRatePoisson

===========================================================================================
----------------- testing Tue Nov 26 06:15:34 UTC 2019 /home/travis/build/icyphy/ptII/ptolemy/domains/continuous/test/auto/InitialStateFeedback.xml
----------------- Instantiating /home/travis/build/icyphy/ptII/ptolemy/domains/continuous/test/auto/InitialStateFeedback.xml
6 ms. Memory: 305152K Free: 155474K (51%)
----------------- Invoking toplevel() on ptolemy.moml.MoMLSimpleApplication@13736600
----------------- Done invoking toplevel() on ptolemy.moml.MoMLSimpleApplication@13736600
reloadAllAccessors: .InitialStateFeedback

===========================================================================================
----------------- testing Tue Nov 26 06:15:34 UTC 2019 /home/travis/build/icyphy/ptII/ptolemy/domains/continuous/test/auto/Integration.xml
----------------- Instantiating /home/travis/build/icyphy/ptII/ptolemy/domains/continuous/test/auto/Integration.xml
1 ms. Memory: 305152K Free: 151378K (50%)
----------------- Invoking toplevel() on ptolemy.moml.MoMLSimpleApplication@7bb8f8af
----------------- Done invoking toplevel() on ptolemy.moml.MoMLSimpleApplication@7bb8f8af
reloadAllAccessors: .Integration

===========================================================================================
----------------- testing Tue Nov 26 06:15:34 UTC 2019 /home/travis/build/icyphy/ptII/ptolemy/domains/continuous/test/auto/Integration2.xml
----------------- Instantiating /home/travis/build/icyphy/ptII/ptolemy/domains/continuous/test/auto/Integration2.xml
86 ms. Memory: 305152K Free: 137042K (45%)
----------------- Invoking toplevel() on ptolemy.moml.MoMLSimpleApplication@33f50016
----------------- Done invoking toplevel() on ptolemy.moml.MoMLSimpleApplication@33f50016
reloadAllAccessors: .Integration2

===========================================================================================
----------------- testing Tue Nov 26 06:15:35 UTC 2019 /home/travis/build/icyphy/ptII/ptolemy/domains/continuous/test/auto/Integration3.xml
----------------- Instantiating /home/travis/build/icyphy/ptII/ptolemy/domains/continuous/test/auto/Integration3.xml
2 ms. Memory: 305152K Free: 132436K (43%)
----------------- Invoking toplevel() on ptolemy.moml.MoMLSimpleApplication@6e1a3efa
----------------- Done invoking toplevel() on ptolemy.moml.MoMLSimpleApplication@6e1a3efa
reloadAllAccessors: .Integration3

===========================================================================================
----------------- testing Tue Nov 26 06:15:35 UTC 2019 /home/travis/build/icyphy/ptII/ptolemy/domains/continuous/test/auto/Integration5.xml
----------------- Instantiating /home/travis/build/icyphy/ptII/ptolemy/domains/continuous/test/auto/Integration5.xml
3 ms. Memory: 305152K Free: 128340K (42%)
----------------- Invoking toplevel() on ptolemy.moml.MoMLSimpleApplication@6a69a53f
----------------- Done invoking toplevel() on ptolemy.moml.MoMLSimpleApplication@6a69a53f
reloadAllAccessors: .Integration5

===========================================================================================
----------------- testing Tue Nov 26 06:15:35 UTC 2019 /home/travis/build/icyphy/ptII/ptolemy/domains/continuous/test/auto/IntegratorImpulse.xml
----------------- Instantiating /home/travis/build/icyphy/ptII/ptolemy/domains/continuous/test/auto/IntegratorImpulse.xml
2 ms. Memory: 305152K Free: 124244K (41%)
----------------- Invoking toplevel() on ptolemy.moml.MoMLSimpleApplication@776a9840
----------------- Done invoking toplevel() on ptolemy.moml.MoMLSimpleApplication@776a9840
reloadAllAccessors: .IntegratorImpulse

===========================================================================================
----------------- testing Tue Nov 26 06:15:35 UTC 2019 /home/travis/build/icyphy/ptII/ptolemy/domains/continuous/test/auto/IntegratorImpulse2.xml
----------------- Instantiating /home/travis/build/icyphy/ptII/ptolemy/domains/continuous/test/auto/IntegratorImpulse2.xml
5 ms. Memory: 305152K Free: 119604K (39%)
----------------- Invoking toplevel() on ptolemy.moml.MoMLSimpleApplication@6935ca33
----------------- Done invoking toplevel() on ptolemy.moml.MoMLSimpleApplication@6935ca33
reloadAllAccessors: .IntegratorImpulse2

===========================================================================================
----------------- testing Tue Nov 26 06:15:35 UTC 2019 /home/travis/build/icyphy/ptII/ptolemy/domains/continuous/test/auto/LevelCrossing1.xml
----------------- Instantiating /home/travis/build/icyphy/ptII/ptolemy/domains/continuous/test/auto/LevelCrossing1.xml
3 ms. Memory: 305152K Free: 114514K (38%)
----------------- Invoking toplevel() on ptolemy.moml.MoMLSimpleApplication@1e3ffa97
----------------- Done invoking toplevel() on ptolemy.moml.MoMLSimpleApplication@1e3ffa97
reloadAllAccessors: .LevelCrossing1

===========================================================================================
----------------- testing Tue Nov 26 06:15:35 UTC 2019 /home/travis/build/icyphy/ptII/ptolemy/domains/continuous/test/auto/LevelCrossing2.xml
----------------- Instantiating /home/travis/build/icyphy/ptII/ptolemy/domains/continuous/test/auto/LevelCrossing2.xml
4 ms. Memory: 305152K Free: 109380K (36%)
----------------- Invoking toplevel() on ptolemy.moml.MoMLSimpleApplication@7c866cd0
----------------- Done invoking toplevel() on ptolemy.moml.MoMLSimpleApplication@7c866cd0
reloadAllAccessors: .LevelCrossing2

===========================================================================================
----------------- testing Tue Nov 26 06:15:35 UTC 2019 /home/travis/build/icyphy/ptII/ptolemy/domains/continuous/test/auto/LevelCrossing3.xml
----------------- Instantiating /home/travis/build/icyphy/ptII/ptolemy/domains/continuous/test/auto/LevelCrossing3.xml
3 ms. Memory: 305152K Free: 285645K (94%)
----------------- Invoking toplevel() on ptolemy.moml.MoMLSimpleApplication@2959ef72
----------------- Done invoking toplevel() on ptolemy.moml.MoMLSimpleApplication@2959ef72
reloadAllAccessors: .LevelCrossing3

===========================================================================================
----------------- testing Tue Nov 26 06:15:35 UTC 2019 /home/travis/build/icyphy/ptII/ptolemy/domains/continuous/test/auto/LevelCrossing4.xml
----------------- Instantiating /home/travis/build/icyphy/ptII/ptolemy/domains/continuous/test/auto/LevelCrossing4.xml
3 ms. Memory: 305152K Free: 280525K (92%)
----------------- Invoking toplevel() on ptolemy.moml.MoMLSimpleApplication@d2aedbc
----------------- Done invoking toplevel() on ptolemy.moml.MoMLSimpleApplication@d2aedbc
reloadAllAccessors: .LevelCrossing4

===========================================================================================
----------------- testing Tue Nov 26 06:15:35 UTC 2019 /home/travis/build/icyphy/ptII/ptolemy/domains/continuous/test/auto/LevelCrossing5.xml
----------------- Instantiating /home/travis/build/icyphy/ptII/ptolemy/domains/continuous/test/auto/LevelCrossing5.xml
3 ms. Memory: 305152K Free: 275391K (90%)
----------------- Invoking toplevel() on ptolemy.moml.MoMLSimpleApplication@6869c6ff
----------------- Done invoking toplevel() on ptolemy.moml.MoMLSimpleApplication@6869c6ff
reloadAllAccessors: .LevelCrossing5

===========================================================================================
[...]
13 ms. Memory: 305152K Free: 124458K (41%)
----------------- Invoking toplevel() on ptolemy.moml.MoMLSimpleApplication@2b86278f
----------------- Done invoking toplevel() on ptolemy.moml.MoMLSimpleApplication@2b86278f
reloadAllAccessors: .ResetTransitionWithStartTime6

===========================================================================================
----------------- testing Tue Nov 26 06:15:52 UTC 2019 /home/travis/build/icyphy/ptII/ptolemy/domains/continuous/test/auto/SRinContinuous.xml
----------------- Instantiating /home/travis/build/icyphy/ptII/ptolemy/domains/continuous/test/auto/SRinContinuous.xml
4 ms. Memory: 305152K Free: 116776K (38%)
----------------- Invoking toplevel() on ptolemy.moml.MoMLSimpleApplication@389099a7
----------------- Done invoking toplevel() on ptolemy.moml.MoMLSimpleApplication@389099a7
reloadAllAccessors: .SRinContinuous

===========================================================================================
----------------- testing Tue Nov 26 06:15:52 UTC 2019 /home/travis/build/icyphy/ptII/ptolemy/domains/continuous/test/auto/SampledClocks.xml
----------------- Instantiating /home/travis/build/icyphy/ptII/ptolemy/domains/continuous/test/auto/SampledClocks.xml
6 ms. Memory: 305152K Free: 285418K (94%)
----------------- Invoking toplevel() on ptolemy.moml.MoMLSimpleApplication@21bd1406
----------------- Done invoking toplevel() on ptolemy.moml.MoMLSimpleApplication@21bd1406
reloadAllAccessors: .SampledClocks

===========================================================================================
----------------- testing Tue Nov 26 06:15:52 UTC 2019 /home/travis/build/icyphy/ptII/ptolemy/domains/continuous/test/auto/Satellite.xml
----------------- Instantiating /home/travis/build/icyphy/ptII/ptolemy/domains/continuous/test/auto/Satellite.xml
870 ms. Memory: 305152K Free: 265917K (87%)
----------------- Invoking toplevel() on ptolemy.moml.MoMLSimpleApplication@2082c6ac
----------------- Done invoking toplevel() on ptolemy.moml.MoMLSimpleApplication@2082c6ac
reloadAllAccessors: .Satellite

===========================================================================================
----------------- testing Tue Nov 26 06:15:53 UTC 2019 /home/travis/build/icyphy/ptII/ptolemy/domains/continuous/test/auto/SigmaDelta.xml
----------------- Instantiating /home/travis/build/icyphy/ptII/ptolemy/domains/continuous/test/auto/SigmaDelta.xml
2267 ms. Memory: 305152K Free: 185172K (61%)
----------------- Invoking toplevel() on ptolemy.moml.MoMLSimpleApplication@33edd0ee
----------------- Done invoking toplevel() on ptolemy.moml.MoMLSimpleApplication@33edd0ee
reloadAllAccessors: .SigmaDelta

===========================================================================================
----------------- testing Tue Nov 26 06:15:56 UTC 2019 /home/travis/build/icyphy/ptII/ptolemy/domains/continuous/test/auto/SingleRefinement.xml
----------------- Instantiating /home/travis/build/icyphy/ptII/ptolemy/domains/continuous/test/auto/SingleRefinement.xml
317 ms. Memory: 305152K Free: 183126K (60%)
----------------- Invoking toplevel() on ptolemy.moml.MoMLSimpleApplication@265e1a80
----------------- Done invoking toplevel() on ptolemy.moml.MoMLSimpleApplication@265e1a80
reloadAllAccessors: .SingleRefinement

===========================================================================================
----------------- testing Tue Nov 26 06:15:56 UTC 2019 /home/travis/build/icyphy/ptII/ptolemy/domains/continuous/test/auto/SinuBouncingBall.xml
----------------- Instantiating /home/travis/build/icyphy/ptII/ptolemy/domains/continuous/test/auto/SinuBouncingBall.xml
807 ms. Memory: 305152K Free: 145859K (48%)
----------------- Invoking toplevel() on ptolemy.moml.MoMLSimpleApplication@2c75bd05
----------------- Done invoking toplevel() on ptolemy.moml.MoMLSimpleApplication@2c75bd05
reloadAllAccessors: .SinuBouncingBall

===========================================================================================
----------------- testing Tue Nov 26 06:15:57 UTC 2019 /home/travis/build/icyphy/ptII/ptolemy/domains/continuous/test/auto/Sinusoid.xml
----------------- Instantiating /home/travis/build/icyphy/ptII/ptolemy/domains/continuous/test/auto/Sinusoid.xml
4 ms. Memory: 305152K Free: 141235K (46%)
----------------- Invoking toplevel() on ptolemy.moml.MoMLSimpleApplication@5416308
----------------- Done invoking toplevel() on ptolemy.moml.MoMLSimpleApplication@5416308
reloadAllAccessors: .Sinusoid

===========================================================================================
----------------- testing Tue Nov 26 06:15:57 UTC 2019 /home/travis/build/icyphy/ptII/ptolemy/domains/continuous/test/auto/SinusoidInNoise.xml
----------------- Instantiating /home/travis/build/icyphy/ptII/ptolemy/domains/continuous/test/auto/SinusoidInNoise.xml
958 ms. Memory: 305152K Free: 185684K (61%)
----------------- Invoking toplevel() on ptolemy.moml.MoMLSimpleApplication@4c8f087d
----------------- Done invoking toplevel() on ptolemy.moml.MoMLSimpleApplication@4c8f087d
reloadAllAccessors: .SinusoidInNoise

===========================================================================================
----------------- testing Tue Nov 26 06:15:58 UTC 2019 /home/travis/build/icyphy/ptII/ptolemy/domains/continuous/test/auto/SinusoidRK45.xml
----------------- Instantiating /home/travis/build/icyphy/ptII/ptolemy/domains/continuous/test/auto/SinusoidRK45.xml
2 ms. Memory: 305152K Free: 181421K (59%)
----------------- Invoking toplevel() on ptolemy.moml.MoMLSimpleApplication@5f96c20a
----------------- Done invoking toplevel() on ptolemy.moml.MoMLSimpleApplication@5f96c20a
reloadAllAccessors: .SinusoidRK45

===========================================================================================
----------------- testing Tue Nov 26 06:15:58 UTC 2019 /home/travis/build/icyphy/ptII/ptolemy/domains/continuous/test/auto/SinusoidWithMultipleImpulses.xml
----------------- Instantiating /home/travis/build/icyphy/ptII/ptolemy/domains/continuous/test/auto/SinusoidWithMultipleImpulses.xml
3 ms. Memory: 305152K Free: 176811K (58%)
----------------- Invoking toplevel() on ptolemy.moml.MoMLSimpleApplication@6b2cf892
----------------- Done invoking toplevel() on ptolemy.moml.MoMLSimpleApplication@6b2cf892
reloadAllAccessors: .SinusoidWithMultipleImpulses

===========================================================================================
----------------- testing Tue Nov 26 06:15:58 UTC 2019 /home/travis/build/icyphy/ptII/ptolemy/domains/continuous/test/auto/SquareWave.xml
----------------- Instantiating /home/travis/build/icyphy/ptII/ptolemy/domains/continuous/test/auto/SquareWave.xml
169 ms. Memory: 305152K Free: 149677K (49%)
----------------- Invoking toplevel() on ptolemy.moml.MoMLSimpleApplication@7b3e6bb4
----------------- Done invoking toplevel() on ptolemy.moml.MoMLSimpleApplication@7b3e6bb4
reloadAllAccessors: .SquareWave

===========================================================================================
----------------- testing Tue Nov 26 06:15:58 UTC 2019 /home/travis/build/icyphy/ptII/ptolemy/domains/continuous/test/auto/Starmac.xml
----------------- Instantiating /home/travis/build/icyphy/ptII/ptolemy/domains/continuous/test/auto/Starmac.xml
3059 ms. Memory: 305152K Free: 190784K (63%)
----------------- Invoking toplevel() on ptolemy.moml.MoMLSimpleApplication@4d09c585
----------------- Done invoking toplevel() on ptolemy.moml.MoMLSimpleApplication@4d09c585
reloadAllAccessors: .Starmac

===========================================================================================
----------------- testing Tue Nov 26 06:16:02 UTC 2019 /home/travis/build/icyphy/ptII/ptolemy/domains/continuous/test/auto/StaticUnits.xml
----------------- Instantiating /home/travis/build/icyphy/ptII/ptolemy/domains/continuous/test/auto/StaticUnits.xml
2196 ms. Memory: 305152K Free: 253671K (83%)
----------------- Invoking toplevel() on ptolemy.moml.MoMLSimpleApplication@da857ad
----------------- Done invoking toplevel() on ptolemy.moml.MoMLSimpleApplication@da857ad
reloadAllAccessors: .StaticUnits

===========================================================================================
----------------- testing Tue Nov 26 06:16:04 UTC 2019 /home/travis/build/icyphy/ptII/ptolemy/domains/continuous/test/auto/StickyMasses.xml
----------------- Instantiating /home/travis/build/icyphy/ptII/ptolemy/domains/continuous/test/auto/StickyMasses.xml
149 ms. Memory: 305152K Free: 203991K (67%)
----------------- Invoking toplevel() on ptolemy.moml.MoMLSimpleApplication@65668362
----------------- Done invoking toplevel() on ptolemy.moml.MoMLSimpleApplication@65668362
reloadAllAccessors: .StickyMasses

===========================================================================================
----------------- testing Tue Nov 26 06:16:05 UTC 2019 /home/travis/build/icyphy/ptII/ptolemy/domains/continuous/test/auto/StopTime.xml
----------------- Instantiating /home/travis/build/icyphy/ptII/ptolemy/domains/continuous/test/auto/StopTime.xml
45 ms. Memory: 305152K Free: 178919K (59%)
----------------- Invoking toplevel() on ptolemy.moml.MoMLSimpleApplication@2bdebb7b
----------------- Done invoking toplevel() on ptolemy.moml.MoMLSimpleApplication@2bdebb7b
reloadAllAccessors: .StopTime

===========================================================================================
----------------- testing Tue Nov 26 06:16:05 UTC 2019 /home/travis/build/icyphy/ptII/ptolemy/domains/continuous/test/auto/StopTime2.xml
----------------- Instantiating /home/travis/build/icyphy/ptII/ptolemy/domains/continuous/test/auto/StopTime2.xml
37 ms. Memory: 305152K Free: 156901K (51%)
----------------- Invoking toplevel() on ptolemy.moml.MoMLSimpleApplication@1aac9f5a
----------------- Done invoking toplevel() on ptolemy.moml.MoMLSimpleApplication@1aac9f5a
reloadAllAccessors: .StopTime2

===========================================================================================
----------------- testing Tue Nov 26 06:16:05 UTC 2019 /home/travis/build/icyphy/ptII/ptolemy/domains/continuous/test/auto/Switch.xml
----------------- Instantiating /home/travis/build/icyphy/ptII/ptolemy/domains/continuous/test/auto/Switch.xml
41 ms. Memory: 305152K Free: 132311K (43%)
----------------- Invoking toplevel() on ptolemy.moml.MoMLSimpleApplication@441f3df1
----------------- Done invoking toplevel() on ptolemy.moml.MoMLSimpleApplication@441f3df1
reloadAllAccessors: .Switch

===========================================================================================
----------------- testing Tue Nov 26 06:16:05 UTC 2019 /home/travis/build/icyphy/ptII/ptolemy/domains/continuous/test/auto/Thermostat.xml
----------------- Instantiating /home/travis/build/icyphy/ptII/ptolemy/domains/continuous/test/auto/Thermostat.xml
211 ms. Memory: 305152K Free: 237128K (78%)
----------------- Invoking toplevel() on ptolemy.moml.MoMLSimpleApplication@18262cb3
----------------- Done invoking toplevel() on ptolemy.moml.MoMLSimpleApplication@18262cb3
reloadAllAccessors: .Thermostat

===========================================================================================
----------------- testing Tue Nov 26 06:16:05 UTC 2019 /home/travis/build/icyphy/ptII/ptolemy/domains/continuous/test/auto/TimeDelay.xml
----------------- Instantiating /home/travis/build/icyphy/ptII/ptolemy/domains/continuous/test/auto/TimeDelay.xml
5 ms. Memory: 305152K Free: 232008K (76%)
----------------- Invoking toplevel() on ptolemy.moml.MoMLSimpleApplication@4d1bae0e
----------------- Done invoking toplevel() on ptolemy.moml.MoMLSimpleApplication@4d1bae0e
reloadAllAccessors: .TimeDelay

===========================================================================================
----------------- testing Tue Nov 26 06:16:05 UTC 2019 /home/travis/build/icyphy/ptII/ptolemy/domains/continuous/test/auto/TimeDelay2.xml
----------------- Instantiating /home/travis/build/icyphy/ptII/ptolemy/domains/continuous/test/auto/TimeDelay2.xml
6 ms. Memory: 305152K Free: 222278K (73%)
----------------- Invoking toplevel() on ptolemy.moml.MoMLSimpleApplication@110642ea
----------------- Done invoking toplevel() on ptolemy.moml.MoMLSimpleApplication@110642ea
reloadAllAccessors: .TimeDelay2

===========================================================================================
----------------- testing Tue Nov 26 06:16:05 UTC 2019 /home/travis/build/icyphy/ptII/ptolemy/domains/continuous/test/auto/TimeDelay3.xml
----------------- Instantiating /home/travis/build/icyphy/ptII/ptolemy/domains/continuous/test/auto/TimeDelay3.xml
5 ms. Memory: 305152K Free: 218180K (71%)
----------------- Invoking toplevel() on ptolemy.moml.MoMLSimpleApplication@74e4b5c7
----------------- Done invoking toplevel() on ptolemy.moml.MoMLSimpleApplication@74e4b5c7
reloadAllAccessors: .TimeDelay3

===========================================================================================
----------------- testing Tue Nov 26 06:16:05 UTC 2019 /home/travis/build/icyphy/ptII/ptolemy/domains/continuous/test/auto/TransferAbsentToInside.xml
----------------- Instantiating /home/travis/build/icyphy/ptII/ptolemy/domains/continuous/test/auto/TransferAbsentToInside.xml
30 ms. Memory: 305152K Free: 164424K (54%)
----------------- Invoking toplevel() on ptolemy.moml.MoMLSimpleApplication@2c09d32e
----------------- Done invoking toplevel() on ptolemy.moml.MoMLSimpleApplication@2c09d32e
reloadAllAccessors: .TransferAbsentToInside

===========================================================================================
----------------- testing Tue Nov 26 06:16:05 UTC 2019 /home/travis/build/icyphy/ptII/ptolemy/domains/continuous/test/auto/Transmission.xml
----------------- Instantiating /home/travis/build/icyphy/ptII/ptolemy/domains/continuous/test/auto/Transmission.xml
736 ms. Memory: 305152K Free: 109254K (36%)
----------------- Invoking toplevel() on ptolemy.moml.MoMLSimpleApplication@4afd4bb8
----------------- Done invoking toplevel() on ptolemy.moml.MoMLSimpleApplication@4afd4bb8
reloadAllAccessors: .Transmission

===========================================================================================
----------------- testing Tue Nov 26 06:16:06 UTC 2019 /home/travis/build/icyphy/ptII/ptolemy/domains/continuous/test/auto/TriggeredContinuousClock.xml
----------------- Instantiating /home/travis/build/icyphy/ptII/ptolemy/domains/continuous/test/auto/TriggeredContinuousClock.xml
44 ms. Memory: 366592K Free: 317995K (87%)
----------------- Invoking toplevel() on ptolemy.moml.MoMLSimpleApplication@4d7d46ec
----------------- Done invoking toplevel() on ptolemy.moml.MoMLSimpleApplication@4d7d46ec
reloadAllAccessors: .TriggeredContinuousClock

===========================================================================================
----------------- testing Tue Nov 26 06:16:06 UTC 2019 /home/travis/build/icyphy/ptII/ptolemy/domains/continuous/test/auto/TwoMachineInfiniteBusControl.xml
----------------- Instantiating /home/travis/build/icyphy/ptII/ptolemy/domains/continuous/test/auto/TwoMachineInfiniteBusControl.xml
3046 ms. Memory: 366592K Free: 164521K (45%)
----------------- Invoking toplevel() on ptolemy.moml.MoMLSimpleApplication@6f8310f9
----------------- Done invoking toplevel() on ptolemy.moml.MoMLSimpleApplication@6f8310f9
reloadAllAccessors: .TwoMachineInfiniteBusControl

===========================================================================================
----------------- testing Tue Nov 26 06:16:09 UTC 2019 /home/travis/build/icyphy/ptII/ptolemy/domains/continuous/test/auto/V2V.xml
----------------- Instantiating /home/travis/build/icyphy/ptII/ptolemy/domains/continuous/test/auto/V2V.xml
814 ms. Memory: 366592K Free: 189090K (52%)
----------------- Invoking toplevel() on ptolemy.moml.MoMLSimpleApplication@164e5884
----------------- Done invoking toplevel() on ptolemy.moml.MoMLSimpleApplication@164e5884
reloadAllAccessors: .V2V

===========================================================================================
----------------- testing Tue Nov 26 06:16:10 UTC 2019 /home/travis/build/icyphy/ptII/ptolemy/domains/continuous/test/auto/hierarchicalModalModel.xml
----------------- Instantiating /home/travis/build/icyphy/ptII/ptolemy/domains/continuous/test/auto/hierarchicalModalModel.xml
16 ms. Memory: 366592K Free: 175268K (48%)
----------------- Invoking toplevel() on ptolemy.moml.MoMLSimpleApplication@427fc731
----------------- Done invoking toplevel() on ptolemy.moml.MoMLSimpleApplication@427fc731
reloadAllAccessors: .hierarchicalModalModel

===========================================================================================
----------------- testing Tue Nov 26 06:16:10 UTC 2019 /home/travis/build/icyphy/ptII/ptolemy/domains/continuous/test/auto/hierarchicalModalModel1.xml
----------------- Instantiating /home/travis/build/icyphy/ptII/ptolemy/domains/continuous/test/auto/hierarchicalModalModel1.xml
9 ms. Memory: 366592K Free: 160932K (44%)
----------------- Invoking toplevel() on ptolemy.moml.MoMLSimpleApplication@27ff7cb0
----------------- Done invoking toplevel() on ptolemy.moml.MoMLSimpleApplication@27ff7cb0
reloadAllAccessors: .hierarchicalModalModel1

===========================================================================================
----------------- testing Tue Nov 26 06:16:10 UTC 2019 /home/travis/build/icyphy/ptII/ptolemy/domains/continuous/test/auto/hierarchicalModalModel2.xml
----------------- Instantiating /home/travis/build/icyphy/ptII/ptolemy/domains/continuous/test/auto/hierarchicalModalModel2.xml
6 ms. Memory: 366592K Free: 148644K (41%)
----------------- Invoking toplevel() on ptolemy.moml.MoMLSimpleApplication@afca144
----------------- Done invoking toplevel() on ptolemy.moml.MoMLSimpleApplication@afca144
reloadAllAccessors: .hierarchicalModalModel2

===========================================================================================
----------------- testing Tue Nov 26 06:16:10 UTC 2019 /home/travis/build/icyphy/ptII/ptolemy/domains/continuous/test/auto/hierarchicalModalModel3.xml
----------------- Instantiating /home/travis/build/icyphy/ptII/ptolemy/domains/continuous/test/auto/hierarchicalModalModel3.xml
6 ms. Memory: 366592K Free: 137890K (38%)
----------------- Invoking toplevel() on ptolemy.moml.MoMLSimpleApplication@4fb60f5f
----------------- Done invoking toplevel() on ptolemy.moml.MoMLSimpleApplication@4fb60f5f
reloadAllAccessors: .hierarchicalModalModel3

===========================================================================================
----------------- testing Tue Nov 26 06:16:10 UTC 2019 /home/travis/build/icyphy/ptII/ptolemy/domains/continuous/test/auto/hierarchicalModalModel4.xml
----------------- Instantiating /home/travis/build/icyphy/ptII/ptolemy/domains/continuous/test/auto/hierarchicalModalModel4.xml
5 ms. Memory: 366592K Free: 339100K (93%)
----------------- Invoking toplevel() on ptolemy.moml.MoMLSimpleApplication@53c4d9a9
----------------- Done invoking toplevel() on ptolemy.moml.MoMLSimpleApplication@53c4d9a9
reloadAllAccessors: .hierarchicalModalModel4

===========================================================================================
----------------- testing Tue Nov 26 06:16:10 UTC 2019 /home/travis/build/icyphy/ptII/ptolemy/domains/continuous/test/auto/junk.xml
----------------- Instantiating /home/travis/build/icyphy/ptII/ptolemy/domains/continuous/test/auto/junk.xml
140 ms. Memory: 366592K Free: 310938K (85%)
----------------- Invoking toplevel() on ptolemy.moml.MoMLSimpleApplication@3e8f3ba2
----------------- Done invoking toplevel() on ptolemy.moml.MoMLSimpleApplication@3e8f3ba2
reloadAllAccessors: .junk
AutoTests.java: About to close Vertx.
AutoTests.java: Vertx closed.
]]></system-out>
  <system-err><![CDATA[Warning: '.Poisson.NonStrictTest' The test produced only 371 tokens, yet the correctValues parameter was expecting 430 tokens.
]]></system-err>
</testsuite>
