<?xml version="1.0" encoding="UTF-8" ?>
<testsuite errors="0" failures="0" hostname="travis-job-e8b5ff24-4bc4-4a1d-9f27-9ef6f2813d79" name="ptolemy.domains.sdf.lib.test.junit.JUnitTclTest" skipped="0" tests="82" time="8.363" timestamp="2020-04-25T14:40:08">
  <properties>
[...]
</properties>
  <testcase classname="ptolemy.util.test.junit.TclTests" name="[0] /home/travis/build/icyphy/ptII/ptolemy/domains/sdf/lib/test/ArrayToSequence.tcl (RunTclFile)" time="0.59" />
  <testcase classname="ptolemy.util.test.junit.TclTests" name="[1] /home/travis/build/icyphy/ptII/ptolemy/domains/sdf/lib/test/BitsToInt.tcl (RunTclFile)" time="0.062" />
  <testcase classname="ptolemy.util.test.junit.TclTests" name="[2] /home/travis/build/icyphy/ptII/ptolemy/domains/sdf/lib/test/DelayLine.tcl (RunTclFile)" time="0.04" />
  <testcase classname="ptolemy.util.test.junit.TclTests" name="[3] /home/travis/build/icyphy/ptII/ptolemy/domains/sdf/lib/test/FFT.tcl (RunTclFile)" time="0.04" />
  <testcase classname="ptolemy.util.test.junit.TclTests" name="[4] /home/travis/build/icyphy/ptII/ptolemy/domains/sdf/lib/test/FIR.tcl (RunTclFile)" time="0.152" />
  <testcase classname="ptolemy.util.test.junit.TclTests" name="[5] /home/travis/build/icyphy/ptII/ptolemy/domains/sdf/lib/test/IntToBits.tcl (RunTclFile)" time="0.048" />
  <testcase classname="ptolemy.util.test.junit.TclTests" name="[6] /home/travis/build/icyphy/ptII/ptolemy/domains/sdf/lib/test/MaximumEntropySpectrum.tcl (RunTclFile)" time="0.268" />
  <testcase classname="ptolemy.util.test.junit.TclTests" name="[7] /home/travis/build/icyphy/ptII/ptolemy/domains/sdf/lib/test/Repeat.tcl (RunTclFile)" time="0.033" />
  <testcase classname="ptolemy.util.test.junit.TclTests" name="[8] /home/travis/build/icyphy/ptII/ptolemy/domains/sdf/lib/test/SampleDelay.tcl (RunTclFile)" time="0.077" />
  <testcase classname="ptolemy.util.test.junit.TclTests" name="[9] /home/travis/build/icyphy/ptII/ptolemy/domains/sdf/lib/test/SequenceToArray.tcl (RunTclFile)" time="0.052" />
  <testcase classname="ptolemy.util.test.junit.AutoKnownFailedTests" name="[0] ThereAreNoKnowFailedTests (RunModel)" time="0.002" />
  <testcase classname="ptolemy.util.test.junit.AutoNameArchTests" name="[0] ThereAreNoAutoArchTests (RunModel)" time="0.004" />
  <testcase classname="ptolemy.util.test.junit.AutoTests" name="[0] /home/travis/build/icyphy/ptII/ptolemy/domains/sdf/lib/test/auto/ArrayToSequence.xml (RunModel)" time="0.249" />
  <testcase classname="ptolemy.util.test.junit.AutoTests" name="[1] /home/travis/build/icyphy/ptII/ptolemy/domains/sdf/lib/test/auto/ArrayToSequenceTest.xml (RunModel)" time="0.083" />
  <testcase classname="ptolemy.util.test.junit.AutoTests" name="[2] /home/travis/build/icyphy/ptII/ptolemy/domains/sdf/lib/test/auto/Autocorrelation.xml (RunModel)" time="0.063" />
  <testcase classname="ptolemy.util.test.junit.AutoTests" name="[3] /home/travis/build/icyphy/ptII/ptolemy/domains/sdf/lib/test/auto/Autocorrelation2.xml (RunModel)" time="0.019" />
  <testcase classname="ptolemy.util.test.junit.AutoTests" name="[4] /home/travis/build/icyphy/ptII/ptolemy/domains/sdf/lib/test/auto/Autocorrelation3.xml (RunModel)" time="0.019" />
  <testcase classname="ptolemy.util.test.junit.AutoTests" name="[5] /home/travis/build/icyphy/ptII/ptolemy/domains/sdf/lib/test/auto/Autocorrelation4.xml (RunModel)" time="0.029" />
  <testcase classname="ptolemy.util.test.junit.AutoTests" name="[6] /home/travis/build/icyphy/ptII/ptolemy/domains/sdf/lib/test/auto/Autocorrelation5.xml (RunModel)" time="0.075" />
  <testcase classname="ptolemy.util.test.junit.AutoTests" name="[7] /home/travis/build/icyphy/ptII/ptolemy/domains/sdf/lib/test/auto/BitsToInt.xml (RunModel)" time="0.016" />
  <testcase classname="ptolemy.util.test.junit.AutoTests" name="[8] /home/travis/build/icyphy/ptII/ptolemy/domains/sdf/lib/test/auto/BooleanJoin.xml (RunModel)" time="0.041" />
  <testcase classname="ptolemy.util.test.junit.AutoTests" name="[9] /home/travis/build/icyphy/ptII/ptolemy/domains/sdf/lib/test/auto/BootstrapSampleDelay.xml (RunModel)" time="0.031" />
  <testcase classname="ptolemy.util.test.junit.AutoTests" name="[10] /home/travis/build/icyphy/ptII/ptolemy/domains/sdf/lib/test/auto/Chop.xml (RunModel)" time="0.045" />
  <testcase classname="ptolemy.util.test.junit.AutoTests" name="[11] /home/travis/build/icyphy/ptII/ptolemy/domains/sdf/lib/test/auto/Chop2.xml (RunModel)" time="0.058" />
  <testcase classname="ptolemy.util.test.junit.AutoTests" name="[12] /home/travis/build/icyphy/ptII/ptolemy/domains/sdf/lib/test/auto/ComplexJoin.xml (RunModel)" time="0.038" />
  <testcase classname="ptolemy.util.test.junit.AutoTests" name="[13] /home/travis/build/icyphy/ptII/ptolemy/domains/sdf/lib/test/auto/CountTrues.xml (RunModel)" time="0.029" />
  <testcase classname="ptolemy.util.test.junit.AutoTests" name="[14] /home/travis/build/icyphy/ptII/ptolemy/domains/sdf/lib/test/auto/DelayLine.xml (RunModel)" time="0.039" />
  <testcase classname="ptolemy.util.test.junit.AutoTests" name="[15] /home/travis/build/icyphy/ptII/ptolemy/domains/sdf/lib/test/auto/DotProduct.xml (RunModel)" time="0.025" />
  <testcase classname="ptolemy.util.test.junit.AutoTests" name="[16] /home/travis/build/icyphy/ptII/ptolemy/domains/sdf/lib/test/auto/DotProductMatrix.xml (RunModel)" time="0.02" />
  <testcase classname="ptolemy.util.test.junit.AutoTests" name="[17] /home/travis/build/icyphy/ptII/ptolemy/domains/sdf/lib/test/auto/DownSample1.xml (RunModel)" time="0.024" />
  <testcase classname="ptolemy.util.test.junit.AutoTests" name="[18] /home/travis/build/icyphy/ptII/ptolemy/domains/sdf/lib/test/auto/DynamicRateChange.xml (RunModel)" time="0.039" />
  <testcase classname="ptolemy.util.test.junit.AutoTests" name="[19] /home/travis/build/icyphy/ptII/ptolemy/domains/sdf/lib/test/auto/DynamicRates.xml (RunModel)" time="0.033" />
  <testcase classname="ptolemy.util.test.junit.AutoTests" name="[20] /home/travis/build/icyphy/ptII/ptolemy/domains/sdf/lib/test/auto/FFT1.xml (RunModel)" time="0.033" />
  <testcase classname="ptolemy.util.test.junit.AutoTests" name="[21] /home/travis/build/icyphy/ptII/ptolemy/domains/sdf/lib/test/auto/FIR1.xml (RunModel)" time="0.05" />
  <testcase classname="ptolemy.util.test.junit.AutoTests" name="[22] /home/travis/build/icyphy/ptII/ptolemy/domains/sdf/lib/test/auto/FIR2.xml (RunModel)" time="0.019" />
  <testcase classname="ptolemy.util.test.junit.AutoTests" name="[23] /home/travis/build/icyphy/ptII/ptolemy/domains/sdf/lib/test/auto/FIR4.xml (RunModel)" time="0.043" />
  <testcase classname="ptolemy.util.test.junit.AutoTests" name="[24] /home/travis/build/icyphy/ptII/ptolemy/domains/sdf/lib/test/auto/FixJoin.xml (RunModel)" time="0.04" />
  <testcase classname="ptolemy.util.test.junit.AutoTests" name="[25] /home/travis/build/icyphy/ptII/ptolemy/domains/sdf/lib/test/auto/IntJoin1.xml (RunModel)" time="0.03" />
  <testcase classname="ptolemy.util.test.junit.AutoTests" name="[26] /home/travis/build/icyphy/ptII/ptolemy/domains/sdf/lib/test/auto/IntJoin2.xml (RunModel)" time="0.024" />
  <testcase classname="ptolemy.util.test.junit.AutoTests" name="[27] /home/travis/build/icyphy/ptII/ptolemy/domains/sdf/lib/test/auto/IntJoin3.xml (RunModel)" time="0.024" />
  <testcase classname="ptolemy.util.test.junit.AutoTests" name="[28] /home/travis/build/icyphy/ptII/ptolemy/domains/sdf/lib/test/auto/IntJoin4.xml (RunModel)" time="0.026" />
  <testcase classname="ptolemy.util.test.junit.AutoTests" name="[29] /home/travis/build/icyphy/ptII/ptolemy/domains/sdf/lib/test/auto/IntJoin5.xml (RunModel)" time="0.034" />
  <testcase classname="ptolemy.util.test.junit.AutoTests" name="[30] /home/travis/build/icyphy/ptII/ptolemy/domains/sdf/lib/test/auto/IntToBits.xml (RunModel)" time="0.025" />
  <testcase classname="ptolemy.util.test.junit.AutoTests" name="[31] /home/travis/build/icyphy/ptII/ptolemy/domains/sdf/lib/test/auto/LMSAdaptive.xml (RunModel)" time="0.049" />
  <testcase classname="ptolemy.util.test.junit.AutoTests" name="[32] /home/travis/build/icyphy/ptII/ptolemy/domains/sdf/lib/test/auto/LMSAdaptiveFIR.xml (RunModel)" time="0.361" />
  <testcase classname="ptolemy.util.test.junit.AutoTests" name="[33] /home/travis/build/icyphy/ptII/ptolemy/domains/sdf/lib/test/auto/LMSAdaptiveFIR2.xml (RunModel)" time="0.458" />
  <testcase classname="ptolemy.util.test.junit.AutoTests" name="[34] /home/travis/build/icyphy/ptII/ptolemy/domains/sdf/lib/test/auto/LongJoin.xml (RunModel)" time="0.023" />
  <testcase classname="ptolemy.util.test.junit.AutoTests" name="[35] /home/travis/build/icyphy/ptII/ptolemy/domains/sdf/lib/test/auto/Matrix1.xml (RunModel)" time="0.042" />
  <testcase classname="ptolemy.util.test.junit.AutoTests" name="[36] /home/travis/build/icyphy/ptII/ptolemy/domains/sdf/lib/test/auto/Matrix2.xml (RunModel)" time="0.034" />
  <testcase classname="ptolemy.util.test.junit.AutoTests" name="[37] /home/travis/build/icyphy/ptII/ptolemy/domains/sdf/lib/test/auto/MatrixJoin1.xml (RunModel)" time="0.022" />
  <testcase classname="ptolemy.util.test.junit.AutoTests" name="[38] /home/travis/build/icyphy/ptII/ptolemy/domains/sdf/lib/test/auto/MatrixJoin2.xml (RunModel)" time="0.028" />
  <testcase classname="ptolemy.util.test.junit.AutoTests" name="[39] /home/travis/build/icyphy/ptII/ptolemy/domains/sdf/lib/test/auto/MatrixJoin3.xml (RunModel)" time="0.02" />
  <testcase classname="ptolemy.util.test.junit.AutoTests" name="[40] /home/travis/build/icyphy/ptII/ptolemy/domains/sdf/lib/test/auto/MatrixJoin4.xml (RunModel)" time="0.017" />
  <testcase classname="ptolemy.util.test.junit.AutoTests" name="[41] /home/travis/build/icyphy/ptII/ptolemy/domains/sdf/lib/test/auto/MatrixJoin5.xml (RunModel)" time="0.019" />
  <testcase classname="ptolemy.util.test.junit.AutoTests" name="[42] /home/travis/build/icyphy/ptII/ptolemy/domains/sdf/lib/test/auto/MatrixSplit1.xml (RunModel)" time="0.026" />
  <testcase classname="ptolemy.util.test.junit.AutoTests" name="[43] /home/travis/build/icyphy/ptII/ptolemy/domains/sdf/lib/test/auto/MatrixSplit10.xml (RunModel)" time="0.014" />
  <testcase classname="ptolemy.util.test.junit.AutoTests" name="[44] /home/travis/build/icyphy/ptII/ptolemy/domains/sdf/lib/test/auto/MatrixSplit11.xml (RunModel)" time="0.013" />
  <testcase classname="ptolemy.util.test.junit.AutoTests" name="[45] /home/travis/build/icyphy/ptII/ptolemy/domains/sdf/lib/test/auto/MatrixSplit12.xml (RunModel)" time="0.016" />
  <testcase classname="ptolemy.util.test.junit.AutoTests" name="[46] /home/travis/build/icyphy/ptII/ptolemy/domains/sdf/lib/test/auto/MatrixSplit13.xml (RunModel)" time="0.025" />
  <testcase classname="ptolemy.util.test.junit.AutoTests" name="[47] /home/travis/build/icyphy/ptII/ptolemy/domains/sdf/lib/test/auto/MatrixSplit14.xml (RunModel)" time="0.014" />
  <testcase classname="ptolemy.util.test.junit.AutoTests" name="[48] /home/travis/build/icyphy/ptII/ptolemy/domains/sdf/lib/test/auto/MatrixSplit2.xml (RunModel)" time="0.011" />
  <testcase classname="ptolemy.util.test.junit.AutoTests" name="[49] /home/travis/build/icyphy/ptII/ptolemy/domains/sdf/lib/test/auto/MatrixSplit3.xml (RunModel)" time="0.013" />
  <testcase classname="ptolemy.util.test.junit.AutoTests" name="[50] /home/travis/build/icyphy/ptII/ptolemy/domains/sdf/lib/test/auto/MatrixSplit4.xml (RunModel)" time="0.012" />
  <testcase classname="ptolemy.util.test.junit.AutoTests" name="[51] /home/travis/build/icyphy/ptII/ptolemy/domains/sdf/lib/test/auto/MatrixSplit5.xml (RunModel)" time="0.021" />
  <testcase classname="ptolemy.util.test.junit.AutoTests" name="[52] /home/travis/build/icyphy/ptII/ptolemy/domains/sdf/lib/test/auto/MatrixSplit6.xml (RunModel)" time="0.013" />
  <testcase classname="ptolemy.util.test.junit.AutoTests" name="[53] /home/travis/build/icyphy/ptII/ptolemy/domains/sdf/lib/test/auto/MatrixSplit7.xml (RunModel)" time="0.012" />
  <testcase classname="ptolemy.util.test.junit.AutoTests" name="[54] /home/travis/build/icyphy/ptII/ptolemy/domains/sdf/lib/test/auto/MatrixSplit8.xml (RunModel)" time="0.013" />
  <testcase classname="ptolemy.util.test.junit.AutoTests" name="[55] /home/travis/build/icyphy/ptII/ptolemy/domains/sdf/lib/test/auto/MatrixSplit9.xml (RunModel)" time="0.029" />
  <testcase classname="ptolemy.util.test.junit.AutoTests" name="[56] /home/travis/build/icyphy/ptII/ptolemy/domains/sdf/lib/test/auto/MatrixToSequence.xml (RunModel)" time="0.038" />
  <testcase classname="ptolemy.util.test.junit.AutoTests" name="[57] /home/travis/build/icyphy/ptII/ptolemy/domains/sdf/lib/test/auto/MaximumEntropySpectrum.xml (RunModel)" time="0.095" />
  <testcase classname="ptolemy.util.test.junit.AutoTests" name="[58] /home/travis/build/icyphy/ptII/ptolemy/domains/sdf/lib/test/auto/SampleDelayConversion.xml (RunModel)" time="0.022" />
  <testcase classname="ptolemy.util.test.junit.AutoTests" name="[59] /home/travis/build/icyphy/ptII/ptolemy/domains/sdf/lib/test/auto/SequenceToArray.xml (RunModel)" time="0.037" />
  <testcase classname="ptolemy.util.test.junit.AutoTests" name="[60] /home/travis/build/icyphy/ptII/ptolemy/domains/sdf/lib/test/auto/SequenceToMatrix.xml (RunModel)" time="3.344" />
  <testcase classname="ptolemy.util.test.junit.AutoTests" name="[61] /home/travis/build/icyphy/ptII/ptolemy/domains/sdf/lib/test/auto/SmoothedPeriodogram.xml (RunModel)" time="0.069" />
  <testcase classname="ptolemy.util.test.junit.AutoTests" name="[62] /home/travis/build/icyphy/ptII/ptolemy/domains/sdf/lib/test/auto/UpDownSample1.xml (RunModel)" time="0.015" />
  <testcase classname="ptolemy.util.test.junit.AutoTests" name="[63] /home/travis/build/icyphy/ptII/ptolemy/domains/sdf/lib/test/auto/UpSample1.xml (RunModel)" time="0.015" />
  <testcase classname="ptolemy.util.test.junit.AutoTests" name="[64] /home/travis/build/icyphy/ptII/ptolemy/domains/sdf/lib/test/auto/VariableFIR.xml (RunModel)" time="0.02" />
  <testcase classname="ptolemy.util.test.junit.AutoTests" name="[65] /home/travis/build/icyphy/ptII/ptolemy/domains/sdf/lib/test/auto/VariableFIR2.xml (RunModel)" time="0.017" />
  <testcase classname="ptolemy.util.test.junit.AutoTests" name="[66] /home/travis/build/icyphy/ptII/ptolemy/domains/sdf/lib/test/auto/VariableLattice.xml (RunModel)" time="0.022" />
  <testcase classname="ptolemy.util.test.junit.AutoTests" name="[67] /home/travis/build/icyphy/ptII/ptolemy/domains/sdf/lib/test/auto/VariableLattice2.xml (RunModel)" time="0.034" />
  <testcase classname="ptolemy.util.test.junit.AutoTests" name="[68] /home/travis/build/icyphy/ptII/ptolemy/domains/sdf/lib/test/auto/VariableRecursiveLattice.xml (RunModel)" time="0.018" />
  <testcase classname="ptolemy.util.test.junit.AutoTests" name="[69] /home/travis/build/icyphy/ptII/ptolemy/domains/sdf/lib/test/auto/VariableRecursiveLattice2.xml (RunModel)" time="0.016" />
  <system-out><![CDATA[/home/travis/build/icyphy/ptII/ptolemy/domains/sdf/lib/test/ArrayToSequence.tcl
testDefs.tcl: setting time out to 9000 seconds at Sat Apr 25 14:40:09 UTC 2020
98 ms. Memory: 129024K Free: 94147K (73%)
21 ms. Memory: 129024K Free: 92099K (71%)
29 ms. Memory: 129024K Free: 90051K (70%)
23 ms. Memory: 129024K Free: 88513K (69%)
/home/travis/build/icyphy/ptII/ptolemy/domains/sdf/lib/test/BitsToInt.tcl
14 ms. Memory: 129024K Free: 86979K (67%)
16 ms. Memory: 129024K Free: 84931K (66%)
/home/travis/build/icyphy/ptII/ptolemy/domains/sdf/lib/test/DelayLine.tcl
13 ms. Memory: 129024K Free: 83379K (65%)
/home/travis/build/icyphy/ptII/ptolemy/domains/sdf/lib/test/FFT.tcl
11 ms. Memory: 129024K Free: 81345K (63%)
/home/travis/build/icyphy/ptII/ptolemy/domains/sdf/lib/test/FIR.tcl
10 ms. Memory: 129024K Free: 79811K (62%)
58 ms. Memory: 129024K Free: 75715K (59%)
ptolemy.kernel.util.IllegalActionException: multiplyReverse method not supported between ptolemy.data.FixToken 'fix(-0.0625,6,2)' and ptolemy.data.IntToken '1' because the types are incomparable.
  in .top.FIRclone
Because:
multiplyReverse method not supported between ptolemy.data.FixToken 'fix(-0.0625,6,2)' and ptolemy.data.IntToken '1' because the types are incomparable.
35 ms. Memory: 129024K Free: 73153K (57%)
/home/travis/build/icyphy/ptII/ptolemy/domains/sdf/lib/test/IntToBits.tcl
8 ms. Memory: 129024K Free: 71619K (56%)
5 ms. Memory: 129024K Free: 70067K (54%)
/home/travis/build/icyphy/ptII/ptolemy/domains/sdf/lib/test/MaximumEntropySpectrum.tcl
/home/travis/build/icyphy/ptII/ptolemy/domains/sdf/lib/test/Repeat.tcl
7 ms. Memory: 129024K Free: 48571K (38%)
/home/travis/build/icyphy/ptII/ptolemy/domains/sdf/lib/test/SampleDelay.tcl
11 ms. Memory: 129024K Free: 112996K (88%)
4 ms. Memory: 129024K Free: 111956K (87%)
2 ms. Memory: 129024K Free: 110948K (86%)
3 ms. Memory: 129024K Free: 109932K (85%)
2 ms. Memory: 129024K Free: 109428K (85%)
1 ms. Memory: 129024K Free: 108908K (84%)
/home/travis/build/icyphy/ptII/ptolemy/domains/sdf/lib/test/SequenceToArray.tcl
5 ms. Memory: 129024K Free: 107380K (83%)
13 ms. Memory: 129024K Free: 106356K (82%)
16 ms. Memory: 129024K Free: 104804K (81%)
5 ms. Memory: 129024K Free: 103794K (80%)
04/25/20 02:40:10
Failed: 0  Total Tests: 41  ((Passed: 41, Newly Passed: 0)  Known Failed: 0) /home/travis/build/icyphy/ptII/ptolemy/domains/sdf/lib/test
No auto/knownFailedTests/*.xml tests in /home/travis/build/icyphy/ptII/ptolemy/domains/sdf/lib/test
No auto/linux-amd64/*.xml tests in /home/travis/build/icyphy/ptII/ptolemy/domains/sdf/lib/test
AutoTests.java: About to close Vertx.
AutoTests.java: Vertx closed.

===========================================================================================
----------------- testing Sat Apr 25 14:40:10 UTC 2020 /home/travis/build/icyphy/ptII/ptolemy/domains/sdf/lib/test/auto/ArrayToSequence.xml
----------------- Instantiating /home/travis/build/icyphy/ptII/ptolemy/domains/sdf/lib/test/auto/ArrayToSequence.xml
37 ms. Memory: 129024K Free: 93336K (72%)
----------------- Invoking toplevel() on ptolemy.moml.MoMLSimpleApplication@519dd32d
----------------- Done invoking toplevel() on ptolemy.moml.MoMLSimpleApplication@519dd32d
reloadAllAccessors: .ArrayToSequence

===========================================================================================
----------------- testing Sat Apr 25 14:40:10 UTC 2020 /home/travis/build/icyphy/ptII/ptolemy/domains/sdf/lib/test/auto/ArrayToSequenceTest.xml
----------------- Instantiating /home/travis/build/icyphy/ptII/ptolemy/domains/sdf/lib/test/auto/ArrayToSequenceTest.xml
19 ms. Memory: 129024K Free: 86999K (67%)
----------------- Invoking toplevel() on ptolemy.moml.MoMLSimpleApplication@4c4fb63b
----------------- Done invoking toplevel() on ptolemy.moml.MoMLSimpleApplication@4c4fb63b
reloadAllAccessors: .ArrayToSequenceTest

===========================================================================================
----------------- testing Sat Apr 25 14:40:11 UTC 2020 /home/travis/build/icyphy/ptII/ptolemy/domains/sdf/lib/test/auto/Autocorrelation.xml
----------------- Instantiating /home/travis/build/icyphy/ptII/ptolemy/domains/sdf/lib/test/auto/Autocorrelation.xml
8 ms. Memory: 129024K Free: 110923K (86%)
----------------- Invoking toplevel() on ptolemy.moml.MoMLSimpleApplication@1f1bab71
----------------- Done invoking toplevel() on ptolemy.moml.MoMLSimpleApplication@1f1bab71
reloadAllAccessors: .Autocorrelation

===========================================================================================
----------------- testing Sat Apr 25 14:40:11 UTC 2020 /home/travis/build/icyphy/ptII/ptolemy/domains/sdf/lib/test/auto/Autocorrelation2.xml
----------------- Instantiating /home/travis/build/icyphy/ptII/ptolemy/domains/sdf/lib/test/auto/Autocorrelation2.xml
4 ms. Memory: 129024K Free: 106321K (82%)
----------------- Invoking toplevel() on ptolemy.moml.MoMLSimpleApplication@ab3a7f5
----------------- Done invoking toplevel() on ptolemy.moml.MoMLSimpleApplication@ab3a7f5
reloadAllAccessors: .Autocorrelation2

===========================================================================================
----------------- testing Sat Apr 25 14:40:11 UTC 2020 /home/travis/build/icyphy/ptII/ptolemy/domains/sdf/lib/test/auto/Autocorrelation3.xml
----------------- Instantiating /home/travis/build/icyphy/ptII/ptolemy/domains/sdf/lib/test/auto/Autocorrelation3.xml
2 ms. Memory: 129024K Free: 102816K (80%)
----------------- Invoking toplevel() on ptolemy.moml.MoMLSimpleApplication@62f64f98
----------------- Done invoking toplevel() on ptolemy.moml.MoMLSimpleApplication@62f64f98
reloadAllAccessors: .Autocorrelation3

===========================================================================================
----------------- testing Sat Apr 25 14:40:11 UTC 2020 /home/travis/build/icyphy/ptII/ptolemy/domains/sdf/lib/test/auto/Autocorrelation4.xml
----------------- Instantiating /home/travis/build/icyphy/ptII/ptolemy/domains/sdf/lib/test/auto/Autocorrelation4.xml
13 ms. Memory: 129024K Free: 98169K (76%)
----------------- Invoking toplevel() on ptolemy.moml.MoMLSimpleApplication@65a768e8
----------------- Done invoking toplevel() on ptolemy.moml.MoMLSimpleApplication@65a768e8
reloadAllAccessors: .Autocorrelation4

===========================================================================================
----------------- testing Sat Apr 25 14:40:11 UTC 2020 /home/travis/build/icyphy/ptII/ptolemy/domains/sdf/lib/test/auto/Autocorrelation5.xml
----------------- Instantiating /home/travis/build/icyphy/ptII/ptolemy/domains/sdf/lib/test/auto/Autocorrelation5.xml
35 ms. Memory: 129024K Free: 91567K (71%)
----------------- Invoking toplevel() on ptolemy.moml.MoMLSimpleApplication@13411f2a
----------------- Done invoking toplevel() on ptolemy.moml.MoMLSimpleApplication@13411f2a
reloadAllAccessors: .Autocorrelation5

===========================================================================================
----------------- testing Sat Apr 25 14:40:11 UTC 2020 /home/travis/build/icyphy/ptII/ptolemy/domains/sdf/lib/test/auto/BitsToInt.xml
----------------- Instantiating /home/travis/build/icyphy/ptII/ptolemy/domains/sdf/lib/test/auto/BitsToInt.xml
2 ms. Memory: 129024K Free: 88425K (69%)
----------------- Invoking toplevel() on ptolemy.moml.MoMLSimpleApplication@46f6644
----------------- Done invoking toplevel() on ptolemy.moml.MoMLSimpleApplication@46f6644
reloadAllAccessors: .BitsToInt

===========================================================================================
----------------- testing Sat Apr 25 14:40:11 UTC 2020 /home/travis/build/icyphy/ptII/ptolemy/domains/sdf/lib/test/auto/BooleanJoin.xml
----------------- Instantiating /home/travis/build/icyphy/ptII/ptolemy/domains/sdf/lib/test/auto/BooleanJoin.xml
7 ms. Memory: 129024K Free: 84369K (65%)
----------------- Invoking toplevel() on ptolemy.moml.MoMLSimpleApplication@42a649fc
----------------- Done invoking toplevel() on ptolemy.moml.MoMLSimpleApplication@42a649fc
reloadAllAccessors: .BooleanJoin

===========================================================================================
----------------- testing Sat Apr 25 14:40:11 UTC 2020 /home/travis/build/icyphy/ptII/ptolemy/domains/sdf/lib/test/auto/BootstrapSampleDelay.xml
----------------- Instantiating /home/travis/build/icyphy/ptII/ptolemy/domains/sdf/lib/test/auto/BootstrapSampleDelay.xml
6 ms. Memory: 129024K Free: 81022K (63%)
----------------- Invoking toplevel() on ptolemy.moml.MoMLSimpleApplication@1850eca3
----------------- Done invoking toplevel() on ptolemy.moml.MoMLSimpleApplication@1850eca3
reloadAllAccessors: .BootstrapSampleDelay

===========================================================================================
----------------- testing Sat Apr 25 14:40:11 UTC 2020 /home/travis/build/icyphy/ptII/ptolemy/domains/sdf/lib/test/auto/Chop.xml
----------------- Instantiating /home/travis/build/icyphy/ptII/ptolemy/domains/sdf/lib/test/auto/Chop.xml
6 ms. Memory: 129024K Free: 73492K (57%)
----------------- Invoking toplevel() on ptolemy.moml.MoMLSimpleApplication@612b29ed
----------------- Done invoking toplevel() on ptolemy.moml.MoMLSimpleApplication@612b29ed
reloadAllAccessors: .Chop

===========================================================================================
----------------- testing Sat Apr 25 14:40:11 UTC 2020 /home/travis/build/icyphy/ptII/ptolemy/domains/sdf/lib/test/auto/Chop2.xml
----------------- Instantiating /home/travis/build/icyphy/ptII/ptolemy/domains/sdf/lib/test/auto/Chop2.xml
12 ms. Memory: 129024K Free: 107131K (83%)
----------------- Invoking toplevel() on ptolemy.moml.MoMLSimpleApplication@47f38ab1
----------------- Done invoking toplevel() on ptolemy.moml.MoMLSimpleApplication@47f38ab1
reloadAllAccessors: .Chop2

===========================================================================================
----------------- testing Sat Apr 25 14:40:11 UTC 2020 /home/travis/build/icyphy/ptII/ptolemy/domains/sdf/lib/test/auto/ComplexJoin.xml
----------------- Instantiating /home/travis/build/icyphy/ptII/ptolemy/domains/sdf/lib/test/auto/ComplexJoin.xml
3 ms. Memory: 129024K Free: 102622K (80%)
----------------- Invoking toplevel() on ptolemy.moml.MoMLSimpleApplication@6593ae84
----------------- Done invoking toplevel() on ptolemy.moml.MoMLSimpleApplication@6593ae84
reloadAllAccessors: .ComplexJoin

===========================================================================================
----------------- testing Sat Apr 25 14:40:11 UTC 2020 /home/travis/build/icyphy/ptII/ptolemy/domains/sdf/lib/test/auto/CountTrues.xml
----------------- Instantiating /home/travis/build/icyphy/ptII/ptolemy/domains/sdf/lib/test/auto/CountTrues.xml
5 ms. Memory: 129024K Free: 99534K (77%)
----------------- Invoking toplevel() on ptolemy.moml.MoMLSimpleApplication@391ea685
----------------- Done invoking toplevel() on ptolemy.moml.MoMLSimpleApplication@391ea685
reloadAllAccessors: .CountTrues

===========================================================================================
----------------- testing Sat Apr 25 14:40:11 UTC 2020 /home/travis/build/icyphy/ptII/ptolemy/domains/sdf/lib/test/auto/DelayLine.xml
----------------- Instantiating /home/travis/build/icyphy/ptII/ptolemy/domains/sdf/lib/test/auto/DelayLine.xml
7 ms. Memory: 129024K Free: 94041K (73%)
----------------- Invoking toplevel() on ptolemy.moml.MoMLSimpleApplication@4d5d2a7
----------------- Done invoking toplevel() on ptolemy.moml.MoMLSimpleApplication@4d5d2a7
reloadAllAccessors: .DelayLine

===========================================================================================
----------------- testing Sat Apr 25 14:40:11 UTC 2020 /home/travis/build/icyphy/ptII/ptolemy/domains/sdf/lib/test/auto/DotProduct.xml
----------------- Instantiating /home/travis/build/icyphy/ptII/ptolemy/domains/sdf/lib/test/auto/DotProduct.xml
3 ms. Memory: 129024K Free: 90991K (71%)
----------------- Invoking toplevel() on ptolemy.moml.MoMLSimpleApplication@d04e71d
----------------- Done invoking toplevel() on ptolemy.moml.MoMLSimpleApplication@d04e71d
reloadAllAccessors: .DotProduct

===========================================================================================
----------------- testing Sat Apr 25 14:40:11 UTC 2020 /home/travis/build/icyphy/ptII/ptolemy/domains/sdf/lib/test/auto/DotProductMatrix.xml
----------------- Instantiating /home/travis/build/icyphy/ptII/ptolemy/domains/sdf/lib/test/auto/DotProductMatrix.xml
3 ms. Memory: 129024K Free: 87905K (68%)
----------------- Invoking toplevel() on ptolemy.moml.MoMLSimpleApplication@29e28429
----------------- Done invoking toplevel() on ptolemy.moml.MoMLSimpleApplication@29e28429
reloadAllAccessors: .DotProductMatrix

===========================================================================================
----------------- testing Sat Apr 25 14:40:11 UTC 2020 /home/travis/build/icyphy/ptII/ptolemy/domains/sdf/lib/test/auto/DownSample1.xml
----------------- Instantiating /home/travis/build/icyphy/ptII/ptolemy/domains/sdf/lib/test/auto/DownSample1.xml
6 ms. Memory: 129024K Free: 84807K (66%)
----------------- Invoking toplevel() on ptolemy.moml.MoMLSimpleApplication@5b11ac3f
----------------- Done invoking toplevel() on ptolemy.moml.MoMLSimpleApplication@5b11ac3f
reloadAllAccessors: .DownSample1

===========================================================================================
----------------- testing Sat Apr 25 14:40:11 UTC 2020 /home/travis/build/icyphy/ptII/ptolemy/domains/sdf/lib/test/auto/DynamicRateChange.xml
----------------- Instantiating /home/travis/build/icyphy/ptII/ptolemy/domains/sdf/lib/test/auto/DynamicRateChange.xml
12 ms. Memory: 129024K Free: 79092K (61%)
----------------- Invoking toplevel() on ptolemy.moml.MoMLSimpleApplication@1ccb0f69
----------------- Done invoking toplevel() on ptolemy.moml.MoMLSimpleApplication@1ccb0f69
reloadAllAccessors: .DynamicRateChange

===========================================================================================
----------------- testing Sat Apr 25 14:40:11 UTC 2020 /home/travis/build/icyphy/ptII/ptolemy/domains/sdf/lib/test/auto/DynamicRates.xml
----------------- Instantiating /home/travis/build/icyphy/ptII/ptolemy/domains/sdf/lib/test/auto/DynamicRates.xml
11 ms. Memory: 129024K Free: 73972K (57%)
----------------- Invoking toplevel() on ptolemy.moml.MoMLSimpleApplication@2dfd2e41
----------------- Done invoking toplevel() on ptolemy.moml.MoMLSimpleApplication@2dfd2e41
reloadAllAccessors: .DynamicRates

===========================================================================================
----------------- testing Sat Apr 25 14:40:11 UTC 2020 /home/travis/build/icyphy/ptII/ptolemy/domains/sdf/lib/test/auto/FFT1.xml
----------------- Instantiating /home/travis/build/icyphy/ptII/ptolemy/domains/sdf/lib/test/auto/FFT1.xml
10 ms. Memory: 129024K Free: 69486K (54%)
----------------- Invoking toplevel() on ptolemy.moml.MoMLSimpleApplication@7a03f7e0
----------------- Done invoking toplevel() on ptolemy.moml.MoMLSimpleApplication@7a03f7e0
reloadAllAccessors: .FFT1

===========================================================================================
----------------- testing Sat Apr 25 14:40:11 UTC 2020 /home/travis/build/icyphy/ptII/ptolemy/domains/sdf/lib/test/auto/FIR1.xml
----------------- Instantiating /home/travis/build/icyphy/ptII/ptolemy/domains/sdf/lib/test/auto/FIR1.xml
20 ms. Memory: 129024K Free: 62317K (48%)
----------------- Invoking toplevel() on ptolemy.moml.MoMLSimpleApplication@60bcea62
----------------- Done invoking toplevel() on ptolemy.moml.MoMLSimpleApplication@60bcea62
reloadAllAccessors: .FIR1

===========================================================================================
----------------- testing Sat Apr 25 14:40:11 UTC 2020 /home/travis/build/icyphy/ptII/ptolemy/domains/sdf/lib/test/auto/FIR2.xml
----------------- Instantiating /home/travis/build/icyphy/ptII/ptolemy/domains/sdf/lib/test/auto/FIR2.xml
1 ms. Memory: 129024K Free: 58605K (45%)
----------------- Invoking toplevel() on ptolemy.moml.MoMLSimpleApplication@7338d865
----------------- Done invoking toplevel() on ptolemy.moml.MoMLSimpleApplication@7338d865
reloadAllAccessors: .FIR2

===========================================================================================
----------------- testing Sat Apr 25 14:40:11 UTC 2020 /home/travis/build/icyphy/ptII/ptolemy/domains/sdf/lib/test/auto/FIR4.xml
----------------- Instantiating /home/travis/build/icyphy/ptII/ptolemy/domains/sdf/lib/test/auto/FIR4.xml
6 ms. Memory: 155648K Free: 135778K (87%)
----------------- Invoking toplevel() on ptolemy.moml.MoMLSimpleApplication@28f3d125
----------------- Done invoking toplevel() on ptolemy.moml.MoMLSimpleApplication@28f3d125
reloadAllAccessors: .FIR4

===========================================================================================
----------------- testing Sat Apr 25 14:40:11 UTC 2020 /home/travis/build/icyphy/ptII/ptolemy/domains/sdf/lib/test/auto/FixJoin.xml
----------------- Instantiating /home/travis/build/icyphy/ptII/ptolemy/domains/sdf/lib/test/auto/FixJoin.xml
4 ms. Memory: 155648K Free: 130658K (84%)
----------------- Invoking toplevel() on ptolemy.moml.MoMLSimpleApplication@48d07023
----------------- Done invoking toplevel() on ptolemy.moml.MoMLSimpleApplication@48d07023
reloadAllAccessors: .FixJoin

===========================================================================================
----------------- testing Sat Apr 25 14:40:11 UTC 2020 /home/travis/build/icyphy/ptII/ptolemy/domains/sdf/lib/test/auto/IntJoin1.xml
----------------- Instantiating /home/travis/build/icyphy/ptII/ptolemy/domains/sdf/lib/test/auto/IntJoin1.xml
5 ms. Memory: 155648K Free: 126562K (81%)
----------------- Invoking toplevel() on ptolemy.moml.MoMLSimpleApplication@54c63292
----------------- Done invoking toplevel() on ptolemy.moml.MoMLSimpleApplication@54c63292
reloadAllAccessors: .IntJoin1

===========================================================================================
----------------- testing Sat Apr 25 14:40:11 UTC 2020 /home/travis/build/icyphy/ptII/ptolemy/domains/sdf/lib/test/auto/IntJoin2.xml
----------------- Instantiating /home/travis/build/icyphy/ptII/ptolemy/domains/sdf/lib/test/auto/IntJoin2.xml
3 ms. Memory: 155648K Free: 121959K (78%)
----------------- Invoking toplevel() on ptolemy.moml.MoMLSimpleApplication@7fb5017a
----------------- Done invoking toplevel() on ptolemy.moml.MoMLSimpleApplication@7fb5017a
reloadAllAccessors: .IntJoin2

===========================================================================================
----------------- testing Sat Apr 25 14:40:11 UTC 2020 /home/travis/build/icyphy/ptII/ptolemy/domains/sdf/lib/test/auto/IntJoin3.xml
----------------- Instantiating /home/travis/build/icyphy/ptII/ptolemy/domains/sdf/lib/test/auto/IntJoin3.xml
5 ms. Memory: 155648K Free: 117863K (76%)
----------------- Invoking toplevel() on ptolemy.moml.MoMLSimpleApplication@e9cedc8
----------------- Done invoking toplevel() on ptolemy.moml.MoMLSimpleApplication@e9cedc8
reloadAllAccessors: .IntJoin3

===========================================================================================
----------------- testing Sat Apr 25 14:40:12 UTC 2020 /home/travis/build/icyphy/ptII/ptolemy/domains/sdf/lib/test/auto/IntJoin4.xml
----------------- Instantiating /home/travis/build/icyphy/ptII/ptolemy/domains/sdf/lib/test/auto/IntJoin4.xml
2 ms. Memory: 155648K Free: 113250K (73%)
----------------- Invoking toplevel() on ptolemy.moml.MoMLSimpleApplication@6c089445
----------------- Done invoking toplevel() on ptolemy.moml.MoMLSimpleApplication@6c089445
reloadAllAccessors: .IntJoin4

===========================================================================================
----------------- testing Sat Apr 25 14:40:12 UTC 2020 /home/travis/build/icyphy/ptII/ptolemy/domains/sdf/lib/test/auto/IntJoin5.xml
----------------- Instantiating /home/travis/build/icyphy/ptII/ptolemy/domains/sdf/lib/test/auto/IntJoin5.xml
3 ms. Memory: 155648K Free: 109154K (70%)
----------------- Invoking toplevel() on ptolemy.moml.MoMLSimpleApplication@bfb1a4a
----------------- Done invoking toplevel() on ptolemy.moml.MoMLSimpleApplication@bfb1a4a
reloadAllAccessors: .IntJoin5

===========================================================================================
----------------- testing Sat Apr 25 14:40:12 UTC 2020 /home/travis/build/icyphy/ptII/ptolemy/domains/sdf/lib/test/auto/IntToBits.xml
----------------- Instantiating /home/travis/build/icyphy/ptII/ptolemy/domains/sdf/lib/test/auto/IntToBits.xml
5 ms. Memory: 155648K Free: 106082K (68%)
----------------- Invoking toplevel() on ptolemy.moml.MoMLSimpleApplication@21ba7334
----------------- Done invoking toplevel() on ptolemy.moml.MoMLSimpleApplication@21ba7334
reloadAllAccessors: .IntToBits

===========================================================================================
----------------- testing Sat Apr 25 14:40:12 UTC 2020 /home/travis/build/icyphy/ptII/ptolemy/domains/sdf/lib/test/auto/LMSAdaptive.xml
----------------- Instantiating /home/travis/build/icyphy/ptII/ptolemy/domains/sdf/lib/test/auto/LMSAdaptive.xml
6 ms. Memory: 155648K Free: 97890K (63%)
----------------- Invoking toplevel() on ptolemy.moml.MoMLSimpleApplication@1dd03c0f
----------------- Done invoking toplevel() on ptolemy.moml.MoMLSimpleApplication@1dd03c0f
reloadAllAccessors: .LMSAdaptive

===========================================================================================
----------------- testing Sat Apr 25 14:40:12 UTC 2020 /home/travis/build/icyphy/ptII/ptolemy/domains/sdf/lib/test/auto/LMSAdaptiveFIR.xml
----------------- Instantiating /home/travis/build/icyphy/ptII/ptolemy/domains/sdf/lib/test/auto/LMSAdaptiveFIR.xml
264 ms. Memory: 155648K Free: 137832K (89%)
----------------- Invoking toplevel() on ptolemy.moml.MoMLSimpleApplication@51717c7d
----------------- Done invoking toplevel() on ptolemy.moml.MoMLSimpleApplication@51717c7d
reloadAllAccessors: .LMSAdaptiveFIR

===========================================================================================
----------------- testing Sat Apr 25 14:40:12 UTC 2020 /home/travis/build/icyphy/ptII/ptolemy/domains/sdf/lib/test/auto/LMSAdaptiveFIR2.xml
----------------- Instantiating /home/travis/build/icyphy/ptII/ptolemy/domains/sdf/lib/test/auto/LMSAdaptiveFIR2.xml
366 ms. Memory: 155648K Free: 78623K (51%)
----------------- Invoking toplevel() on ptolemy.moml.MoMLSimpleApplication@15731238
----------------- Done invoking toplevel() on ptolemy.moml.MoMLSimpleApplication@15731238
reloadAllAccessors: .LMSAdaptiveFIR2

===========================================================================================
----------------- testing Sat Apr 25 14:40:12 UTC 2020 /home/travis/build/icyphy/ptII/ptolemy/domains/sdf/lib/test/auto/LongJoin.xml
----------------- Instantiating /home/travis/build/icyphy/ptII/ptolemy/domains/sdf/lib/test/auto/LongJoin.xml
4 ms. Memory: 155648K Free: 74293K (48%)
----------------- Invoking toplevel() on ptolemy.moml.MoMLSimpleApplication@56b7a84
----------------- Done invoking toplevel() on ptolemy.moml.MoMLSimpleApplication@56b7a84
reloadAllAccessors: .LongJoin

===========================================================================================
----------------- testing Sat Apr 25 14:40:12 UTC 2020 /home/travis/build/icyphy/ptII/ptolemy/domains/sdf/lib/test/auto/Matrix1.xml
----------------- Instantiating /home/travis/build/icyphy/ptII/ptolemy/domains/sdf/lib/test/auto/Matrix1.xml
5 ms. Memory: 155648K Free: 70377K (45%)
----------------- Invoking toplevel() on ptolemy.moml.MoMLSimpleApplication@3011959e
----------------- Done invoking toplevel() on ptolemy.moml.MoMLSimpleApplication@3011959e
reloadAllAccessors: .Matrix1

===========================================================================================
----------------- testing Sat Apr 25 14:40:13 UTC 2020 /home/travis/build/icyphy/ptII/ptolemy/domains/sdf/lib/test/auto/Matrix2.xml
----------------- Instantiating /home/travis/build/icyphy/ptII/ptolemy/domains/sdf/lib/test/auto/Matrix2.xml
4 ms. Memory: 155648K Free: 66321K (43%)
----------------- Invoking toplevel() on ptolemy.moml.MoMLSimpleApplication@5f755ed7
----------------- Done invoking toplevel() on ptolemy.moml.MoMLSimpleApplication@5f755ed7
reloadAllAccessors: .Matrix2

===========================================================================================
----------------- testing Sat Apr 25 14:40:13 UTC 2020 /home/travis/build/icyphy/ptII/ptolemy/domains/sdf/lib/test/auto/MatrixJoin1.xml
----------------- Instantiating /home/travis/build/icyphy/ptII/ptolemy/domains/sdf/lib/test/auto/MatrixJoin1.xml
2 ms. Memory: 155648K Free: 62005K (40%)
----------------- Invoking toplevel() on ptolemy.moml.MoMLSimpleApplication@47649df6
----------------- Done invoking toplevel() on ptolemy.moml.MoMLSimpleApplication@47649df6
reloadAllAccessors: .MatrixJoin1

===========================================================================================
----------------- testing Sat Apr 25 14:40:13 UTC 2020 /home/travis/build/icyphy/ptII/ptolemy/domains/sdf/lib/test/auto/MatrixJoin2.xml
----------------- Instantiating /home/travis/build/icyphy/ptII/ptolemy/domains/sdf/lib/test/auto/MatrixJoin2.xml
2 ms. Memory: 155648K Free: 136985K (88%)
----------------- Invoking toplevel() on ptolemy.moml.MoMLSimpleApplication@378e724
----------------- Done invoking toplevel() on ptolemy.moml.MoMLSimpleApplication@378e724
reloadAllAccessors: .MatrixJoin2

===========================================================================================
----------------- testing Sat Apr 25 14:40:13 UTC 2020 /home/travis/build/icyphy/ptII/ptolemy/domains/sdf/lib/test/auto/MatrixJoin3.xml
----------------- Instantiating /home/travis/build/icyphy/ptII/ptolemy/domains/sdf/lib/test/auto/MatrixJoin3.xml
5 ms. Memory: 155648K Free: 132393K (85%)
----------------- Invoking toplevel() on ptolemy.moml.MoMLSimpleApplication@6ea58078
----------------- Done invoking toplevel() on ptolemy.moml.MoMLSimpleApplication@6ea58078
reloadAllAccessors: .MatrixJoin3

===========================================================================================
----------------- testing Sat Apr 25 14:40:13 UTC 2020 /home/travis/build/icyphy/ptII/ptolemy/domains/sdf/lib/test/auto/MatrixJoin4.xml
----------------- Instantiating /home/travis/build/icyphy/ptII/ptolemy/domains/sdf/lib/test/auto/MatrixJoin4.xml
2 ms. Memory: 155648K Free: 128297K (82%)
----------------- Invoking toplevel() on ptolemy.moml.MoMLSimpleApplication@11cb0e06
----------------- Done invoking toplevel() on ptolemy.moml.MoMLSimpleApplication@11cb0e06
reloadAllAccessors: .MatrixJoin4

===========================================================================================
----------------- testing Sat Apr 25 14:40:13 UTC 2020 /home/travis/build/icyphy/ptII/ptolemy/domains/sdf/lib/test/auto/MatrixJoin5.xml
----------------- Instantiating /home/travis/build/icyphy/ptII/ptolemy/domains/sdf/lib/test/auto/MatrixJoin5.xml
2 ms. Memory: 155648K Free: 123687K (79%)
----------------- Invoking toplevel() on ptolemy.moml.MoMLSimpleApplication@29b5e164
----------------- Done invoking toplevel() on ptolemy.moml.MoMLSimpleApplication@29b5e164
reloadAllAccessors: .MatrixJoin5

===========================================================================================
----------------- testing Sat Apr 25 14:40:13 UTC 2020 /home/travis/build/icyphy/ptII/ptolemy/domains/sdf/lib/test/auto/MatrixSplit1.xml
----------------- Instantiating /home/travis/build/icyphy/ptII/ptolemy/domains/sdf/lib/test/auto/MatrixSplit1.xml
2 ms. Memory: 155648K Free: 118567K (76%)
----------------- Invoking toplevel() on ptolemy.moml.MoMLSimpleApplication@3551fd45
----------------- Done invoking toplevel() on ptolemy.moml.MoMLSimpleApplication@3551fd45
reloadAllAccessors: .MatrixSplit1

===========================================================================================
----------------- testing Sat Apr 25 14:40:13 UTC 2020 /home/travis/build/icyphy/ptII/ptolemy/domains/sdf/lib/test/auto/MatrixSplit10.xml
----------------- Instantiating /home/travis/build/icyphy/ptII/ptolemy/domains/sdf/lib/test/auto/MatrixSplit10.xml
2 ms. Memory: 155648K Free: 114985K (74%)
----------------- Invoking toplevel() on ptolemy.moml.MoMLSimpleApplication@39adb47e
----------------- Done invoking toplevel() on ptolemy.moml.MoMLSimpleApplication@39adb47e
reloadAllAccessors: .MatrixSplit10

===========================================================================================
----------------- testing Sat Apr 25 14:40:13 UTC 2020 /home/travis/build/icyphy/ptII/ptolemy/domains/sdf/lib/test/auto/MatrixSplit11.xml
----------------- Instantiating /home/travis/build/icyphy/ptII/ptolemy/domains/sdf/lib/test/auto/MatrixSplit11.xml
1 ms. Memory: 155648K Free: 111399K (72%)
----------------- Invoking toplevel() on ptolemy.moml.MoMLSimpleApplication@b45cbf6
----------------- Done invoking toplevel() on ptolemy.moml.MoMLSimpleApplication@b45cbf6
reloadAllAccessors: .MatrixSplit11

===========================================================================================
----------------- testing Sat Apr 25 14:40:13 UTC 2020 /home/travis/build/icyphy/ptII/ptolemy/domains/sdf/lib/test/auto/MatrixSplit12.xml
----------------- Instantiating /home/travis/build/icyphy/ptII/ptolemy/domains/sdf/lib/test/auto/MatrixSplit12.xml
2 ms. Memory: 155648K Free: 107817K (69%)
----------------- Invoking toplevel() on ptolemy.moml.MoMLSimpleApplication@505ed3f5
----------------- Done invoking toplevel() on ptolemy.moml.MoMLSimpleApplication@505ed3f5
reloadAllAccessors: .MatrixSplit12

===========================================================================================
----------------- testing Sat Apr 25 14:40:13 UTC 2020 /home/travis/build/icyphy/ptII/ptolemy/domains/sdf/lib/test/auto/MatrixSplit13.xml
----------------- Instantiating /home/travis/build/icyphy/ptII/ptolemy/domains/sdf/lib/test/auto/MatrixSplit13.xml
5 ms. Memory: 155648K Free: 104231K (67%)
----------------- Invoking toplevel() on ptolemy.moml.MoMLSimpleApplication@6706d676
----------------- Done invoking toplevel() on ptolemy.moml.MoMLSimpleApplication@6706d676
reloadAllAccessors: .MatrixSplit13

===========================================================================================
----------------- testing Sat Apr 25 14:40:13 UTC 2020 /home/travis/build/icyphy/ptII/ptolemy/domains/sdf/lib/test/auto/MatrixSplit14.xml
----------------- Instantiating /home/travis/build/icyphy/ptII/ptolemy/domains/sdf/lib/test/auto/MatrixSplit14.xml
2 ms. Memory: 155648K Free: 100649K (65%)
----------------- Invoking toplevel() on ptolemy.moml.MoMLSimpleApplication@7f7f14de
----------------- Done invoking toplevel() on ptolemy.moml.MoMLSimpleApplication@7f7f14de
reloadAllAccessors: .MatrixSplit14

===========================================================================================
----------------- testing Sat Apr 25 14:40:13 UTC 2020 /home/travis/build/icyphy/ptII/ptolemy/domains/sdf/lib/test/auto/MatrixSplit2.xml
----------------- Instantiating /home/travis/build/icyphy/ptII/ptolemy/domains/sdf/lib/test/auto/MatrixSplit2.xml
2 ms. Memory: 155648K Free: 97063K (62%)
----------------- Invoking toplevel() on ptolemy.moml.MoMLSimpleApplication@2342ad4d
----------------- Done invoking toplevel() on ptolemy.moml.MoMLSimpleApplication@2342ad4d
reloadAllAccessors: .MatrixSplit2

===========================================================================================
----------------- testing Sat Apr 25 14:40:13 UTC 2020 /home/travis/build/icyphy/ptII/ptolemy/domains/sdf/lib/test/auto/MatrixSplit3.xml
----------------- Instantiating /home/travis/build/icyphy/ptII/ptolemy/domains/sdf/lib/test/auto/MatrixSplit3.xml
2 ms. Memory: 155648K Free: 93481K (60%)
----------------- Invoking toplevel() on ptolemy.moml.MoMLSimpleApplication@1e292550
----------------- Done invoking toplevel() on ptolemy.moml.MoMLSimpleApplication@1e292550
reloadAllAccessors: .MatrixSplit3

===========================================================================================
----------------- testing Sat Apr 25 14:40:13 UTC 2020 /home/travis/build/icyphy/ptII/ptolemy/domains/sdf/lib/test/auto/MatrixSplit4.xml
----------------- Instantiating /home/travis/build/icyphy/ptII/ptolemy/domains/sdf/lib/test/auto/MatrixSplit4.xml
2 ms. Memory: 155648K Free: 89895K (58%)
----------------- Invoking toplevel() on ptolemy.moml.MoMLSimpleApplication@609f1e90
----------------- Done invoking toplevel() on ptolemy.moml.MoMLSimpleApplication@609f1e90
reloadAllAccessors: .MatrixSplit4

===========================================================================================
----------------- testing Sat Apr 25 14:40:13 UTC 2020 /home/travis/build/icyphy/ptII/ptolemy/domains/sdf/lib/test/auto/MatrixSplit5.xml
----------------- Instantiating /home/travis/build/icyphy/ptII/ptolemy/domains/sdf/lib/test/auto/MatrixSplit5.xml
8 ms. Memory: 155648K Free: 86313K (55%)
----------------- Invoking toplevel() on ptolemy.moml.MoMLSimpleApplication@5cb6b575
----------------- Done invoking toplevel() on ptolemy.moml.MoMLSimpleApplication@5cb6b575
reloadAllAccessors: .MatrixSplit5

===========================================================================================
----------------- testing Sat Apr 25 14:40:13 UTC 2020 /home/travis/build/icyphy/ptII/ptolemy/domains/sdf/lib/test/auto/MatrixSplit6.xml
----------------- Instantiating /home/travis/build/icyphy/ptII/ptolemy/domains/sdf/lib/test/auto/MatrixSplit6.xml
2 ms. Memory: 155648K Free: 82727K (53%)
----------------- Invoking toplevel() on ptolemy.moml.MoMLSimpleApplication@2c0d678f
----------------- Done invoking toplevel() on ptolemy.moml.MoMLSimpleApplication@2c0d678f
reloadAllAccessors: .MatrixSplit6

===========================================================================================
----------------- testing Sat Apr 25 14:40:13 UTC 2020 /home/travis/build/icyphy/ptII/ptolemy/domains/sdf/lib/test/auto/MatrixSplit7.xml
----------------- Instantiating /home/travis/build/icyphy/ptII/ptolemy/domains/sdf/lib/test/auto/MatrixSplit7.xml
2 ms. Memory: 155648K Free: 79145K (51%)
----------------- Invoking toplevel() on ptolemy.moml.MoMLSimpleApplication@5c881c1a
----------------- Done invoking toplevel() on ptolemy.moml.MoMLSimpleApplication@5c881c1a
reloadAllAccessors: .MatrixSplit7

===========================================================================================
----------------- testing Sat Apr 25 14:40:13 UTC 2020 /home/travis/build/icyphy/ptII/ptolemy/domains/sdf/lib/test/auto/MatrixSplit8.xml
----------------- Instantiating /home/travis/build/icyphy/ptII/ptolemy/domains/sdf/lib/test/auto/MatrixSplit8.xml
2 ms. Memory: 155648K Free: 75559K (49%)
----------------- Invoking toplevel() on ptolemy.moml.MoMLSimpleApplication@6491cd43
----------------- Done invoking toplevel() on ptolemy.moml.MoMLSimpleApplication@6491cd43
reloadAllAccessors: .MatrixSplit8

===========================================================================================
----------------- testing Sat Apr 25 14:40:13 UTC 2020 /home/travis/build/icyphy/ptII/ptolemy/domains/sdf/lib/test/auto/MatrixSplit9.xml
----------------- Instantiating /home/travis/build/icyphy/ptII/ptolemy/domains/sdf/lib/test/auto/MatrixSplit9.xml
4 ms. Memory: 155648K Free: 71977K (46%)
----------------- Invoking toplevel() on ptolemy.moml.MoMLSimpleApplication@5cde204d
----------------- Done invoking toplevel() on ptolemy.moml.MoMLSimpleApplication@5cde204d
reloadAllAccessors: .MatrixSplit9

===========================================================================================
----------------- testing Sat Apr 25 14:40:13 UTC 2020 /home/travis/build/icyphy/ptII/ptolemy/domains/sdf/lib/test/auto/MatrixToSequence.xml
----------------- Instantiating /home/travis/build/icyphy/ptII/ptolemy/domains/sdf/lib/test/auto/MatrixToSequence.xml
11 ms. Memory: 155648K Free: 62761K (40%)
----------------- Invoking toplevel() on ptolemy.moml.MoMLSimpleApplication@4def3f56
----------------- Done invoking toplevel() on ptolemy.moml.MoMLSimpleApplication@4def3f56
reloadAllAccessors: .MatrixToSequence

===========================================================================================
----------------- testing Sat Apr 25 14:40:13 UTC 2020 /home/travis/build/icyphy/ptII/ptolemy/domains/sdf/lib/test/auto/MaximumEntropySpectrum.xml
----------------- Instantiating /home/travis/build/icyphy/ptII/ptolemy/domains/sdf/lib/test/auto/MaximumEntropySpectrum.xml
12 ms. Memory: 155648K Free: 125914K (81%)
----------------- Invoking toplevel() on ptolemy.moml.MoMLSimpleApplication@328088be
----------------- Done invoking toplevel() on ptolemy.moml.MoMLSimpleApplication@328088be
reloadAllAccessors: .MaximumEntropySpectrum

===========================================================================================
----------------- testing Sat Apr 25 14:40:13 UTC 2020 /home/travis/build/icyphy/ptII/ptolemy/domains/sdf/lib/test/auto/SampleDelayConversion.xml
----------------- Instantiating /home/travis/build/icyphy/ptII/ptolemy/domains/sdf/lib/test/auto/SampleDelayConversion.xml
2 ms. Memory: 155648K Free: 121818K (78%)
----------------- Invoking toplevel() on ptolemy.moml.MoMLSimpleApplication@8172f6a
----------------- Done invoking toplevel() on ptolemy.moml.MoMLSimpleApplication@8172f6a
reloadAllAccessors: .SampleDelayConversion

===========================================================================================
----------------- testing Sat Apr 25 14:40:13 UTC 2020 /home/travis/build/icyphy/ptII/ptolemy/domains/sdf/lib/test/auto/SequenceToArray.xml
----------------- Instantiating /home/travis/build/icyphy/ptII/ptolemy/domains/sdf/lib/test/auto/SequenceToArray.xml
8 ms. Memory: 155648K Free: 110554K (71%)
----------------- Invoking toplevel() on ptolemy.moml.MoMLSimpleApplication@921fa33
----------------- Done invoking toplevel() on ptolemy.moml.MoMLSimpleApplication@921fa33
reloadAllAccessors: .SequenceToArray

===========================================================================================
----------------- testing Sat Apr 25 14:40:13 UTC 2020 /home/travis/build/icyphy/ptII/ptolemy/domains/sdf/lib/test/auto/SequenceToMatrix.xml
----------------- Instantiating /home/travis/build/icyphy/ptII/ptolemy/domains/sdf/lib/test/auto/SequenceToMatrix.xml
3325 ms. Memory: 187392K Free: 73495K (39%)
----------------- Invoking toplevel() on ptolemy.moml.MoMLSimpleApplication@43710502
----------------- Done invoking toplevel() on ptolemy.moml.MoMLSimpleApplication@43710502
reloadAllAccessors: .SequenceToMatrix

===========================================================================================
----------------- testing Sat Apr 25 14:40:16 UTC 2020 /home/travis/build/icyphy/ptII/ptolemy/domains/sdf/lib/test/auto/SmoothedPeriodogram.xml
----------------- Instantiating /home/travis/build/icyphy/ptII/ptolemy/domains/sdf/lib/test/auto/SmoothedPeriodogram.xml
13 ms. Memory: 187392K Free: 161930K (86%)
----------------- Invoking toplevel() on ptolemy.moml.MoMLSimpleApplication@68631caf
----------------- Done invoking toplevel() on ptolemy.moml.MoMLSimpleApplication@68631caf
reloadAllAccessors: .SmoothedPeriodogram

===========================================================================================
----------------- testing Sat Apr 25 14:40:17 UTC 2020 /home/travis/build/icyphy/ptII/ptolemy/domains/sdf/lib/test/auto/UpDownSample1.xml
----------------- Instantiating /home/travis/build/icyphy/ptII/ptolemy/domains/sdf/lib/test/auto/UpDownSample1.xml
4 ms. Memory: 187392K Free: 157834K (84%)
----------------- Invoking toplevel() on ptolemy.moml.MoMLSimpleApplication@7dd6637c
----------------- Done invoking toplevel() on ptolemy.moml.MoMLSimpleApplication@7dd6637c
reloadAllAccessors: .UpDownSample1

===========================================================================================
----------------- testing Sat Apr 25 14:40:17 UTC 2020 /home/travis/build/icyphy/ptII/ptolemy/domains/sdf/lib/test/auto/UpSample1.xml
----------------- Instantiating /home/travis/build/icyphy/ptII/ptolemy/domains/sdf/lib/test/auto/UpSample1.xml
2 ms. Memory: 187392K Free: 154248K (82%)
----------------- Invoking toplevel() on ptolemy.moml.MoMLSimpleApplication@387ddf9a
----------------- Done invoking toplevel() on ptolemy.moml.MoMLSimpleApplication@387ddf9a
reloadAllAccessors: .UpSample1

===========================================================================================
----------------- testing Sat Apr 25 14:40:17 UTC 2020 /home/travis/build/icyphy/ptII/ptolemy/domains/sdf/lib/test/auto/VariableFIR.xml
----------------- Instantiating /home/travis/build/icyphy/ptII/ptolemy/domains/sdf/lib/test/auto/VariableFIR.xml
4 ms. Memory: 187392K Free: 149128K (80%)
----------------- Invoking toplevel() on ptolemy.moml.MoMLSimpleApplication@27c2df50
----------------- Done invoking toplevel() on ptolemy.moml.MoMLSimpleApplication@27c2df50
reloadAllAccessors: .VariableFIR

===========================================================================================
----------------- testing Sat Apr 25 14:40:17 UTC 2020 /home/travis/build/icyphy/ptII/ptolemy/domains/sdf/lib/test/auto/VariableFIR2.xml
----------------- Instantiating /home/travis/build/icyphy/ptII/ptolemy/domains/sdf/lib/test/auto/VariableFIR2.xml
3 ms. Memory: 187392K Free: 143994K (77%)
----------------- Invoking toplevel() on ptolemy.moml.MoMLSimpleApplication@24929e1f
----------------- Done invoking toplevel() on ptolemy.moml.MoMLSimpleApplication@24929e1f
reloadAllAccessors: .VariableFIR2

===========================================================================================
----------------- testing Sat Apr 25 14:40:17 UTC 2020 /home/travis/build/icyphy/ptII/ptolemy/domains/sdf/lib/test/auto/VariableLattice.xml
----------------- Instantiating /home/travis/build/icyphy/ptII/ptolemy/domains/sdf/lib/test/auto/VariableLattice.xml
5 ms. Memory: 187392K Free: 137354K (73%)
----------------- Invoking toplevel() on ptolemy.moml.MoMLSimpleApplication@37dbed50
----------------- Done invoking toplevel() on ptolemy.moml.MoMLSimpleApplication@37dbed50
reloadAllAccessors: .VariableLattice

===========================================================================================
----------------- testing Sat Apr 25 14:40:17 UTC 2020 /home/travis/build/icyphy/ptII/ptolemy/domains/sdf/lib/test/auto/VariableLattice2.xml
----------------- Instantiating /home/travis/build/icyphy/ptII/ptolemy/domains/sdf/lib/test/auto/VariableLattice2.xml
1.0
-1.999999602036
1.9099998677481
-0.9099996420674
0.205
0.0
0.0
1.0
-0.25
-0.5
0.0
0.0
0.0
0.0
3 ms. Memory: 187392K Free: 132744K (71%)
----------------- Invoking toplevel() on ptolemy.moml.MoMLSimpleApplication@1b15ddb9
----------------- Done invoking toplevel() on ptolemy.moml.MoMLSimpleApplication@1b15ddb9
reloadAllAccessors: .VariableLattice2

===========================================================================================
----------------- testing Sat Apr 25 14:40:17 UTC 2020 /home/travis/build/icyphy/ptII/ptolemy/domains/sdf/lib/test/auto/VariableRecursiveLattice.xml
----------------- Instantiating /home/travis/build/icyphy/ptII/ptolemy/domains/sdf/lib/test/auto/VariableRecursiveLattice.xml
5 ms. Memory: 187392K Free: 128138K (68%)
----------------- Invoking toplevel() on ptolemy.moml.MoMLSimpleApplication@7d5b14bd
----------------- Done invoking toplevel() on ptolemy.moml.MoMLSimpleApplication@7d5b14bd
reloadAllAccessors: .VariableRecursiveLattice

===========================================================================================
----------------- testing Sat Apr 25 14:40:17 UTC 2020 /home/travis/build/icyphy/ptII/ptolemy/domains/sdf/lib/test/auto/VariableRecursiveLattice2.xml
----------------- Instantiating /home/travis/build/icyphy/ptII/ptolemy/domains/sdf/lib/test/auto/VariableRecursiveLattice2.xml
3 ms. Memory: 187392K Free: 124042K (66%)
----------------- Invoking toplevel() on ptolemy.moml.MoMLSimpleApplication@1ed04f99
----------------- Done invoking toplevel() on ptolemy.moml.MoMLSimpleApplication@1ed04f99
reloadAllAccessors: .VariableRecursiveLattice2
AutoTests.java: About to close Vertx.
AutoTests.java: Vertx closed.
]]></system-out>
  <system-err><![CDATA[]]></system-err>
</testsuite>
