<?xml version="1.0" encoding="UTF-8" ?>
<testsuite errors="0" failures="0" hostname="travis-job-4e4e55e6-8454-4e25-b527-f77d0df01d21" name="ptolemy.domains.continuous.test.junit.JUnitTclTest" skipped="0" tests="156" time="77.252" timestamp="2019-07-09T18:13:03">
  <properties>
[...]
</properties>
  <testcase classname="ptolemy.util.test.junit.TclTests" name="[0] ThereAreNoTclTests (RunTclFile)" time="0.017" />
  <testcase classname="ptolemy.util.test.junit.AutoKnownFailedTests" name="[0] ThereAreNoKnowFailedTests (RunModel)" time="0.003" />
  <testcase classname="ptolemy.util.test.junit.AutoNameArchTests" name="[0] ThereAreNoAutoArchTests (RunModel)" time="0.009" />
  <testcase classname="ptolemy.util.test.junit.AutoTests" name="[0] /home/travis/build/icyphy/ptII/ptolemy/domains/continuous/test/auto/BouncingBall.xml (RunModel)" time="3.305" />
  <testcase classname="ptolemy.util.test.junit.AutoTests" name="[1] /home/travis/build/icyphy/ptII/ptolemy/domains/continuous/test/auto/BouncingBallWithoutGR.xml (RunModel)" time="1.075" />
  <testcase classname="ptolemy.util.test.junit.AutoTests" name="[2] /home/travis/build/icyphy/ptII/ptolemy/domains/continuous/test/auto/Brownian.xml (RunModel)" time="0.094" />
  <testcase classname="ptolemy.util.test.junit.AutoTests" name="[3] /home/travis/build/icyphy/ptII/ptolemy/domains/continuous/test/auto/CarTracking.xml (RunModel)" time="4.451" />
  <testcase classname="ptolemy.util.test.junit.AutoTests" name="[4] /home/travis/build/icyphy/ptII/ptolemy/domains/continuous/test/auto/CartPendulum.xml (RunModel)" time="0.561" />
  <testcase classname="ptolemy.util.test.junit.AutoTests" name="[5] /home/travis/build/icyphy/ptII/ptolemy/domains/continuous/test/auto/CausalityInterface10.xml (RunModel)" time="0.054" />
  <testcase classname="ptolemy.util.test.junit.AutoTests" name="[6] /home/travis/build/icyphy/ptII/ptolemy/domains/continuous/test/auto/CausalityInterface11.xml (RunModel)" time="0.037" />
  <testcase classname="ptolemy.util.test.junit.AutoTests" name="[7] /home/travis/build/icyphy/ptII/ptolemy/domains/continuous/test/auto/CausalityInterface12.xml (RunModel)" time="0.04" />
  <testcase classname="ptolemy.util.test.junit.AutoTests" name="[8] /home/travis/build/icyphy/ptII/ptolemy/domains/continuous/test/auto/CausalityInterface13.xml (RunModel)" time="0.042" />
  <testcase classname="ptolemy.util.test.junit.AutoTests" name="[9] /home/travis/build/icyphy/ptII/ptolemy/domains/continuous/test/auto/CausalityInterface14.xml (RunModel)" time="0.034" />
  <testcase classname="ptolemy.util.test.junit.AutoTests" name="[10] /home/travis/build/icyphy/ptII/ptolemy/domains/continuous/test/auto/CausalityInterface4.xml (RunModel)" time="0.039" />
  <testcase classname="ptolemy.util.test.junit.AutoTests" name="[11] /home/travis/build/icyphy/ptII/ptolemy/domains/continuous/test/auto/CausalityInterface5.xml (RunModel)" time="0.038" />
  <testcase classname="ptolemy.util.test.junit.AutoTests" name="[12] /home/travis/build/icyphy/ptII/ptolemy/domains/continuous/test/auto/CausalityInterface6.xml (RunModel)" time="0.027" />
  <testcase classname="ptolemy.util.test.junit.AutoTests" name="[13] /home/travis/build/icyphy/ptII/ptolemy/domains/continuous/test/auto/CausalityInterface7.xml (RunModel)" time="0.039" />
  <testcase classname="ptolemy.util.test.junit.AutoTests" name="[14] /home/travis/build/icyphy/ptII/ptolemy/domains/continuous/test/auto/CausalityInterface8.xml (RunModel)" time="0.033" />
  <testcase classname="ptolemy.util.test.junit.AutoTests" name="[15] /home/travis/build/icyphy/ptII/ptolemy/domains/continuous/test/auto/CausalityInterface9.xml (RunModel)" time="0.048" />
  <testcase classname="ptolemy.util.test.junit.AutoTests" name="[16] /home/travis/build/icyphy/ptII/ptolemy/domains/continuous/test/auto/CausalityInterfaceFeedback1.xml (RunModel)" time="0.031" />
  <testcase classname="ptolemy.util.test.junit.AutoTests" name="[17] /home/travis/build/icyphy/ptII/ptolemy/domains/continuous/test/auto/CausalityInterfaceFeedback2.xml (RunModel)" time="0.037" />
  <testcase classname="ptolemy.util.test.junit.AutoTests" name="[18] /home/travis/build/icyphy/ptII/ptolemy/domains/continuous/test/auto/CompareWithCurrentTime.xml (RunModel)" time="0.023" />
  <testcase classname="ptolemy.util.test.junit.AutoTests" name="[19] /home/travis/build/icyphy/ptII/ptolemy/domains/continuous/test/auto/ComparedClocks.xml (RunModel)" time="0.08" />
  <testcase classname="ptolemy.util.test.junit.AutoTests" name="[20] /home/travis/build/icyphy/ptII/ptolemy/domains/continuous/test/auto/ContinuousAOCClone.xml (RunModel)" time="2.99" />
  <testcase classname="ptolemy.util.test.junit.AutoTests" name="[21] /home/travis/build/icyphy/ptII/ptolemy/domains/continuous/test/auto/ContinuousClock.xml (RunModel)" time="0.097" />
  <testcase classname="ptolemy.util.test.junit.AutoTests" name="[22] /home/travis/build/icyphy/ptII/ptolemy/domains/continuous/test/auto/ContinuousInContinuous.xml (RunModel)" time="0.089" />
  <testcase classname="ptolemy.util.test.junit.AutoTests" name="[23] /home/travis/build/icyphy/ptII/ptolemy/domains/continuous/test/auto/ContinuousInContinuousInContinuous.xml (RunModel)" time="0.027" />
  <testcase classname="ptolemy.util.test.junit.AutoTests" name="[24] /home/travis/build/icyphy/ptII/ptolemy/domains/continuous/test/auto/ContinuousInDE.xml (RunModel)" time="0.121" />
  <testcase classname="ptolemy.util.test.junit.AutoTests" name="[25] /home/travis/build/icyphy/ptII/ptolemy/domains/continuous/test/auto/ContinuousInDE2.xml (RunModel)" time="0.049" />
  <testcase classname="ptolemy.util.test.junit.AutoTests" name="[26] /home/travis/build/icyphy/ptII/ptolemy/domains/continuous/test/auto/ContinuousInDE3.xml (RunModel)" time="0.057" />
  <testcase classname="ptolemy.util.test.junit.AutoTests" name="[27] /home/travis/build/icyphy/ptII/ptolemy/domains/continuous/test/auto/ContinuousInDE4.xml (RunModel)" time="0.043" />
  <testcase classname="ptolemy.util.test.junit.AutoTests" name="[28] /home/travis/build/icyphy/ptII/ptolemy/domains/continuous/test/auto/ContinuousInDEDifferentRefinements.xml (RunModel)" time="0.12" />
  <testcase classname="ptolemy.util.test.junit.AutoTests" name="[29] /home/travis/build/icyphy/ptII/ptolemy/domains/continuous/test/auto/ContinuousInDEDifferentRefinementsPreemptive.xml (RunModel)" time="0.106" />
  <testcase classname="ptolemy.util.test.junit.AutoTests" name="[30] /home/travis/build/icyphy/ptII/ptolemy/domains/continuous/test/auto/ContinuousInDEInContinuous2.xml (RunModel)" time="0.072" />
  <testcase classname="ptolemy.util.test.junit.AutoTests" name="[31] /home/travis/build/icyphy/ptII/ptolemy/domains/continuous/test/auto/ContinuousInDEInContinuous3.xml (RunModel)" time="0.061" />
  <testcase classname="ptolemy.util.test.junit.AutoTests" name="[32] /home/travis/build/icyphy/ptII/ptolemy/domains/continuous/test/auto/ContinuousInDEInput.xml (RunModel)" time="0.036" />
  <testcase classname="ptolemy.util.test.junit.AutoTests" name="[33] /home/travis/build/icyphy/ptII/ptolemy/domains/continuous/test/auto/ContinuousInDEInput2.xml (RunModel)" time="0.035" />
  <testcase classname="ptolemy.util.test.junit.AutoTests" name="[34] /home/travis/build/icyphy/ptII/ptolemy/domains/continuous/test/auto/ContinuousInDEInput3.xml (RunModel)" time="0.032" />
  <testcase classname="ptolemy.util.test.junit.AutoTests" name="[35] /home/travis/build/icyphy/ptII/ptolemy/domains/continuous/test/auto/ContinuousInDESharingRefinement.xml (RunModel)" time="0.191" />
  <testcase classname="ptolemy.util.test.junit.AutoTests" name="[36] /home/travis/build/icyphy/ptII/ptolemy/domains/continuous/test/auto/ContinuousInDEwithNoPorts.xml (RunModel)" time="0.019" />
  <testcase classname="ptolemy.util.test.junit.AutoTests" name="[37] /home/travis/build/icyphy/ptII/ptolemy/domains/continuous/test/auto/ContinuousInsideDE.xml (RunModel)" time="0.088" />
  <testcase classname="ptolemy.util.test.junit.AutoTests" name="[38] /home/travis/build/icyphy/ptII/ptolemy/domains/continuous/test/auto/ContinuousMerge1.xml (RunModel)" time="0.016" />
  <testcase classname="ptolemy.util.test.junit.AutoTests" name="[39] /home/travis/build/icyphy/ptII/ptolemy/domains/continuous/test/auto/ContinuousMerge2.xml (RunModel)" time="0.056" />
  <testcase classname="ptolemy.util.test.junit.AutoTests" name="[40] /home/travis/build/icyphy/ptII/ptolemy/domains/continuous/test/auto/ContinuousMerge3.xml (RunModel)" time="0.078" />
  <testcase classname="ptolemy.util.test.junit.AutoTests" name="[41] /home/travis/build/icyphy/ptII/ptolemy/domains/continuous/test/auto/ContinuousWithinContinuous.xml (RunModel)" time="0.055" />
  <testcase classname="ptolemy.util.test.junit.AutoTests" name="[42] /home/travis/build/icyphy/ptII/ptolemy/domains/continuous/test/auto/ContinuousWithinContinuous2.xml (RunModel)" time="0.084" />
  <testcase classname="ptolemy.util.test.junit.AutoTests" name="[43] /home/travis/build/icyphy/ptII/ptolemy/domains/continuous/test/auto/ContinuousWithinContinuous3.xml (RunModel)" time="0.031" />
  <testcase classname="ptolemy.util.test.junit.AutoTests" name="[44] /home/travis/build/icyphy/ptII/ptolemy/domains/continuous/test/auto/ContinuousWithinContinuous4.xml (RunModel)" time="0.092" />
  <testcase classname="ptolemy.util.test.junit.AutoTests" name="[45] /home/travis/build/icyphy/ptII/ptolemy/domains/continuous/test/auto/ContinuousWithinContinuous5.xml (RunModel)" time="0.042" />
  <testcase classname="ptolemy.util.test.junit.AutoTests" name="[46] /home/travis/build/icyphy/ptII/ptolemy/domains/continuous/test/auto/ContinuousWithinContinuous6.xml (RunModel)" time="0.029" />
  <testcase classname="ptolemy.util.test.junit.AutoTests" name="[47] /home/travis/build/icyphy/ptII/ptolemy/domains/continuous/test/auto/ContinuousWithinContinuous7.xml (RunModel)" time="0.069" />
  <testcase classname="ptolemy.util.test.junit.AutoTests" name="[48] /home/travis/build/icyphy/ptII/ptolemy/domains/continuous/test/auto/DCMotor.xml (RunModel)" time="13.524" />
  <testcase classname="ptolemy.util.test.junit.AutoTests" name="[49] /home/travis/build/icyphy/ptII/ptolemy/domains/continuous/test/auto/DEInContinuous.xml (RunModel)" time="0.036" />
  <testcase classname="ptolemy.util.test.junit.AutoTests" name="[50] /home/travis/build/icyphy/ptII/ptolemy/domains/continuous/test/auto/DEinContinuous2.xml (RunModel)" time="0.022" />
  <testcase classname="ptolemy.util.test.junit.AutoTests" name="[51] /home/travis/build/icyphy/ptII/ptolemy/domains/continuous/test/auto/Derivative.xml (RunModel)" time="0.181" />
  <testcase classname="ptolemy.util.test.junit.AutoTests" name="[52] /home/travis/build/icyphy/ptII/ptolemy/domains/continuous/test/auto/Derivative1.xml (RunModel)" time="0.042" />
  <testcase classname="ptolemy.util.test.junit.AutoTests" name="[53] /home/travis/build/icyphy/ptII/ptolemy/domains/continuous/test/auto/DiscreteClock.xml (RunModel)" time="0.016" />
  <testcase classname="ptolemy.util.test.junit.AutoTests" name="[54] /home/travis/build/icyphy/ptII/ptolemy/domains/continuous/test/auto/EfficiencyCurve.xml (RunModel)" time="0.098" />
  <testcase classname="ptolemy.util.test.junit.AutoTests" name="[55] /home/travis/build/icyphy/ptII/ptolemy/domains/continuous/test/auto/ExponentialResponse.xml (RunModel)" time="0.131" />
  <testcase classname="ptolemy.util.test.junit.AutoTests" name="[56] /home/travis/build/icyphy/ptII/ptolemy/domains/continuous/test/auto/ExponentialResponseRK45.xml (RunModel)" time="0.049" />
  <testcase classname="ptolemy.util.test.junit.AutoTests" name="[57] /home/travis/build/icyphy/ptII/ptolemy/domains/continuous/test/auto/Friction.xml (RunModel)" time="1.536" />
  <testcase classname="ptolemy.util.test.junit.AutoTests" name="[58] /home/travis/build/icyphy/ptII/ptolemy/domains/continuous/test/auto/FurutaPendulum.xml (RunModel)" time="3.176" />
  <testcase classname="ptolemy.util.test.junit.AutoTests" name="[59] /home/travis/build/icyphy/ptII/ptolemy/domains/continuous/test/auto/HierarchicalExecution.xml (RunModel)" time="2.241" />
  <testcase classname="ptolemy.util.test.junit.AutoTests" name="[60] /home/travis/build/icyphy/ptII/ptolemy/domains/continuous/test/auto/HybridPlant.xml (RunModel)" time="0.597" />
  <testcase classname="ptolemy.util.test.junit.AutoTests" name="[61] /home/travis/build/icyphy/ptII/ptolemy/domains/continuous/test/auto/Hysteresis.xml (RunModel)" time="0.186" />
  <testcase classname="ptolemy.util.test.junit.AutoTests" name="[62] /home/travis/build/icyphy/ptII/ptolemy/domains/continuous/test/auto/HysteresisWithRandomDelay.xml (RunModel)" time="0.229" />
  <testcase classname="ptolemy.util.test.junit.AutoTests" name="[63] /home/travis/build/icyphy/ptII/ptolemy/domains/continuous/test/auto/HysteresisWithRandomLosses.xml (RunModel)" time="2.343" />
  <testcase classname="ptolemy.util.test.junit.AutoTests" name="[64] /home/travis/build/icyphy/ptII/ptolemy/domains/continuous/test/auto/ImmediateTransitions.xml (RunModel)" time="0.036" />
  <testcase classname="ptolemy.util.test.junit.AutoTests" name="[65] /home/travis/build/icyphy/ptII/ptolemy/domains/continuous/test/auto/ImpulseFeedback.xml (RunModel)" time="0.016" />
  <testcase classname="ptolemy.util.test.junit.AutoTests" name="[66] /home/travis/build/icyphy/ptII/ptolemy/domains/continuous/test/auto/ImpulseFeedback2.xml (RunModel)" time="0.014" />
  <testcase classname="ptolemy.util.test.junit.AutoTests" name="[67] /home/travis/build/icyphy/ptII/ptolemy/domains/continuous/test/auto/IncreasingRatePoisson.xml (RunModel)" time="0.62" />
  <testcase classname="ptolemy.util.test.junit.AutoTests" name="[68] /home/travis/build/icyphy/ptII/ptolemy/domains/continuous/test/auto/InitialStateFeedback.xml (RunModel)" time="0.014" />
  <testcase classname="ptolemy.util.test.junit.AutoTests" name="[69] /home/travis/build/icyphy/ptII/ptolemy/domains/continuous/test/auto/Integration.xml (RunModel)" time="0.01" />
  <testcase classname="ptolemy.util.test.junit.AutoTests" name="[70] /home/travis/build/icyphy/ptII/ptolemy/domains/continuous/test/auto/Integration2.xml (RunModel)" time="0.093" />
  <testcase classname="ptolemy.util.test.junit.AutoTests" name="[71] /home/travis/build/icyphy/ptII/ptolemy/domains/continuous/test/auto/Integration3.xml (RunModel)" time="0.02" />
  <testcase classname="ptolemy.util.test.junit.AutoTests" name="[72] /home/travis/build/icyphy/ptII/ptolemy/domains/continuous/test/auto/Integration5.xml (RunModel)" time="0.01" />
  <testcase classname="ptolemy.util.test.junit.AutoTests" name="[73] /home/travis/build/icyphy/ptII/ptolemy/domains/continuous/test/auto/IntegratorImpulse.xml (RunModel)" time="0.009" />
  <testcase classname="ptolemy.util.test.junit.AutoTests" name="[74] /home/travis/build/icyphy/ptII/ptolemy/domains/continuous/test/auto/IntegratorImpulse2.xml (RunModel)" time="0.013" />
  <testcase classname="ptolemy.util.test.junit.AutoTests" name="[75] /home/travis/build/icyphy/ptII/ptolemy/domains/continuous/test/auto/LevelCrossing1.xml (RunModel)" time="0.011" />
  <testcase classname="ptolemy.util.test.junit.AutoTests" name="[76] /home/travis/build/icyphy/ptII/ptolemy/domains/continuous/test/auto/LevelCrossing2.xml (RunModel)" time="0.013" />
  <testcase classname="ptolemy.util.test.junit.AutoTests" name="[77] /home/travis/build/icyphy/ptII/ptolemy/domains/continuous/test/auto/LevelCrossing3.xml (RunModel)" time="0.016" />
  <testcase classname="ptolemy.util.test.junit.AutoTests" name="[78] /home/travis/build/icyphy/ptII/ptolemy/domains/continuous/test/auto/LevelCrossing4.xml (RunModel)" time="0.015" />
  <testcase classname="ptolemy.util.test.junit.AutoTests" name="[79] /home/travis/build/icyphy/ptII/ptolemy/domains/continuous/test/auto/LevelCrossing5.xml (RunModel)" time="0.016" />
  <testcase classname="ptolemy.util.test.junit.AutoTests" name="[80] /home/travis/build/icyphy/ptII/ptolemy/domains/continuous/test/auto/LevelCrossing6.xml (RunModel)" time="0.012" />
  <testcase classname="ptolemy.util.test.junit.AutoTests" name="[81] /home/travis/build/icyphy/ptII/ptolemy/domains/continuous/test/auto/LevelCrossingDetector.xml (RunModel)" time="0.045" />
  <testcase classname="ptolemy.util.test.junit.AutoTests" name="[82] /home/travis/build/icyphy/ptII/ptolemy/domains/continuous/test/auto/LevelCrossingDetectorDetectingDirections.xml (RunModel)" time="0.087" />
  <testcase classname="ptolemy.util.test.junit.AutoTests" name="[83] /home/travis/build/icyphy/ptII/ptolemy/domains/continuous/test/auto/LevelCrossingDetectorDetectsGlitches.xml (RunModel)" time="0.062" />
  <testcase classname="ptolemy.util.test.junit.AutoTests" name="[84] /home/travis/build/icyphy/ptII/ptolemy/domains/continuous/test/auto/LevelCrossingNoInitialOuput.xml (RunModel)" time="0.014" />
  <testcase classname="ptolemy.util.test.junit.AutoTests" name="[85] /home/travis/build/icyphy/ptII/ptolemy/domains/continuous/test/auto/LinearStateSpaceExample.xml (RunModel)" time="0.079" />
  <testcase classname="ptolemy.util.test.junit.AutoTests" name="[86] /home/travis/build/icyphy/ptII/ptolemy/domains/continuous/test/auto/Lorenz.xml (RunModel)" time="4.282" />
  <testcase classname="ptolemy.util.test.junit.AutoTests" name="[87] /home/travis/build/icyphy/ptII/ptolemy/domains/continuous/test/auto/LorenzDifferentialSystem.xml (RunModel)" time="0.992" />
  <testcase classname="ptolemy.util.test.junit.AutoTests" name="[88] /home/travis/build/icyphy/ptII/ptolemy/domains/continuous/test/auto/LorenzDifferentialSystemWithInput.xml (RunModel)" time="1.35" />
  <testcase classname="ptolemy.util.test.junit.AutoTests" name="[89] /home/travis/build/icyphy/ptII/ptolemy/domains/continuous/test/auto/LorenzDifferentialSystemWithTime.xml (RunModel)" time="0.702" />
  <testcase classname="ptolemy.util.test.junit.AutoTests" name="[90] /home/travis/build/icyphy/ptII/ptolemy/domains/continuous/test/auto/Microsteps.xml (RunModel)" time="0.034" />
  <testcase classname="ptolemy.util.test.junit.AutoTests" name="[91] /home/travis/build/icyphy/ptII/ptolemy/domains/continuous/test/auto/Modal1.xml (RunModel)" time="0.037" />
  <testcase classname="ptolemy.util.test.junit.AutoTests" name="[92] /home/travis/build/icyphy/ptII/ptolemy/domains/continuous/test/auto/Modal2.xml (RunModel)" time="0.046" />
  <testcase classname="ptolemy.util.test.junit.AutoTests" name="[93] /home/travis/build/icyphy/ptII/ptolemy/domains/continuous/test/auto/ModalTransitionGuardWithReset.xml (RunModel)" time="0.027" />
  <testcase classname="ptolemy.util.test.junit.AutoTests" name="[94] /home/travis/build/icyphy/ptII/ptolemy/domains/continuous/test/auto/ModalTransitionGuardWithResetUsingPreemptiveTransition.xml (RunModel)" time="0.026" />
  <testcase classname="ptolemy.util.test.junit.AutoTests" name="[95] /home/travis/build/icyphy/ptII/ptolemy/domains/continuous/test/auto/ModalTransitionGuardWithResetUsingPreemptiveTransition2.xml (RunModel)" time="0.03" />
  <testcase classname="ptolemy.util.test.junit.AutoTests" name="[96] /home/travis/build/icyphy/ptII/ptolemy/domains/continuous/test/auto/ModalTransitionGuardWithResetUsingPreemptiveTransition3.xml (RunModel)" time="0.024" />
  <testcase classname="ptolemy.util.test.junit.AutoTests" name="[97] /home/travis/build/icyphy/ptII/ptolemy/domains/continuous/test/auto/NewtonsCradle.xml (RunModel)" time="0.751" />
  <testcase classname="ptolemy.util.test.junit.AutoTests" name="[98] /home/travis/build/icyphy/ptII/ptolemy/domains/continuous/test/auto/NewtonsCradleAnimated.xml (RunModel)" time="1.302" />
  <testcase classname="ptolemy.util.test.junit.AutoTests" name="[99] /home/travis/build/icyphy/ptII/ptolemy/domains/continuous/test/auto/NewtonsCradleComplicated.xml (RunModel)" time="0.93" />
  <testcase classname="ptolemy.util.test.junit.AutoTests" name="[100] /home/travis/build/icyphy/ptII/ptolemy/domains/continuous/test/auto/NewtonsCradleNondeterministic.xml (RunModel)" time="0.733" />
  <testcase classname="ptolemy.util.test.junit.AutoTests" name="[101] /home/travis/build/icyphy/ptII/ptolemy/domains/continuous/test/auto/NewtonsCradlePerfectlyInelastic1.xml (RunModel)" time="1.371" />
  <testcase classname="ptolemy.util.test.junit.AutoTests" name="[102] /home/travis/build/icyphy/ptII/ptolemy/domains/continuous/test/auto/Noise.xml (RunModel)" time="0.189" />
  <testcase classname="ptolemy.util.test.junit.AutoTests" name="[103] /home/travis/build/icyphy/ptII/ptolemy/domains/continuous/test/auto/NoiseSpectrum.xml (RunModel)" time="0.881" />
  <testcase classname="ptolemy.util.test.junit.AutoTests" name="[104] /home/travis/build/icyphy/ptII/ptolemy/domains/continuous/test/auto/ParameterizedNewtonsCradleAnimated.xml (RunModel)" time="0.348" />
  <testcase classname="ptolemy.util.test.junit.AutoTests" name="[105] /home/travis/build/icyphy/ptII/ptolemy/domains/continuous/test/auto/ParameterizedNewtonsCradleAnimatedNondeterministic.xml (RunModel)" time="1.206" />
  <testcase classname="ptolemy.util.test.junit.AutoTests" name="[106] /home/travis/build/icyphy/ptII/ptolemy/domains/continuous/test/auto/Pendulum3D.xml (RunModel)" time="0.163" />
  <testcase classname="ptolemy.util.test.junit.AutoTests" name="[107] /home/travis/build/icyphy/ptII/ptolemy/domains/continuous/test/auto/PeriodicSampler.xml (RunModel)" time="0.009" />
  <testcase classname="ptolemy.util.test.junit.AutoTests" name="[108] /home/travis/build/icyphy/ptII/ptolemy/domains/continuous/test/auto/PeriodicSampler1.xml (RunModel)" time="0.062" />
  <testcase classname="ptolemy.util.test.junit.AutoTests" name="[109] /home/travis/build/icyphy/ptII/ptolemy/domains/continuous/test/auto/PeriodicSampler2.xml (RunModel)" time="0.074" />
  <testcase classname="ptolemy.util.test.junit.AutoTests" name="[110] /home/travis/build/icyphy/ptII/ptolemy/domains/continuous/test/auto/Poisson.xml (RunModel)" time="0.456" />
  <testcase classname="ptolemy.util.test.junit.AutoTests" name="[111] /home/travis/build/icyphy/ptII/ptolemy/domains/continuous/test/auto/PoissonClock.xml (RunModel)" time="0.011" />
  <testcase classname="ptolemy.util.test.junit.AutoTests" name="[112] /home/travis/build/icyphy/ptII/ptolemy/domains/continuous/test/auto/PoissonClock2.xml (RunModel)" time="0.012" />
  <testcase classname="ptolemy.util.test.junit.AutoTests" name="[113] /home/travis/build/icyphy/ptII/ptolemy/domains/continuous/test/auto/PortParameterHierarchy.xml (RunModel)" time="0.024" />
  <testcase classname="ptolemy.util.test.junit.AutoTests" name="[114] /home/travis/build/icyphy/ptII/ptolemy/domains/continuous/test/auto/RandomHybridPlant.xml (RunModel)" time="0.549" />
  <testcase classname="ptolemy.util.test.junit.AutoTests" name="[115] /home/travis/build/icyphy/ptII/ptolemy/domains/continuous/test/auto/ResetTransitionWithStartTime1.xml (RunModel)" time="0.032" />
  <testcase classname="ptolemy.util.test.junit.AutoTests" name="[116] /home/travis/build/icyphy/ptII/ptolemy/domains/continuous/test/auto/ResetTransitionWithStartTime2.xml (RunModel)" time="0.035" />
  <testcase classname="ptolemy.util.test.junit.AutoTests" name="[117] /home/travis/build/icyphy/ptII/ptolemy/domains/continuous/test/auto/ResetTransitionWithStartTime3.xml (RunModel)" time="0.035" />
  <testcase classname="ptolemy.util.test.junit.AutoTests" name="[118] /home/travis/build/icyphy/ptII/ptolemy/domains/continuous/test/auto/ResetTransitionWithStartTime4.xml (RunModel)" time="0.025" />
  <testcase classname="ptolemy.util.test.junit.AutoTests" name="[119] /home/travis/build/icyphy/ptII/ptolemy/domains/continuous/test/auto/ResetTransitionWithStartTime5.xml (RunModel)" time="0.03" />
  <testcase classname="ptolemy.util.test.junit.AutoTests" name="[120] /home/travis/build/icyphy/ptII/ptolemy/domains/continuous/test/auto/ResetTransitionWithStartTime6.xml (RunModel)" time="0.034" />
  <testcase classname="ptolemy.util.test.junit.AutoTests" name="[121] /home/travis/build/icyphy/ptII/ptolemy/domains/continuous/test/auto/SRinContinuous.xml (RunModel)" time="0.03" />
  <testcase classname="ptolemy.util.test.junit.AutoTests" name="[122] /home/travis/build/icyphy/ptII/ptolemy/domains/continuous/test/auto/SampledClocks.xml (RunModel)" time="0.032" />
  <testcase classname="ptolemy.util.test.junit.AutoTests" name="[123] /home/travis/build/icyphy/ptII/ptolemy/domains/continuous/test/auto/Satellite.xml (RunModel)" time="0.818" />
  <testcase classname="ptolemy.util.test.junit.AutoTests" name="[124] /home/travis/build/icyphy/ptII/ptolemy/domains/continuous/test/auto/SigmaDelta.xml (RunModel)" time="2.562" />
  <testcase classname="ptolemy.util.test.junit.AutoTests" name="[125] /home/travis/build/icyphy/ptII/ptolemy/domains/continuous/test/auto/SingleRefinement.xml (RunModel)" time="0.431" />
  <testcase classname="ptolemy.util.test.junit.AutoTests" name="[126] /home/travis/build/icyphy/ptII/ptolemy/domains/continuous/test/auto/SinuBouncingBall.xml (RunModel)" time="0.815" />
  <testcase classname="ptolemy.util.test.junit.AutoTests" name="[127] /home/travis/build/icyphy/ptII/ptolemy/domains/continuous/test/auto/Sinusoid.xml (RunModel)" time="0.017" />
  <testcase classname="ptolemy.util.test.junit.AutoTests" name="[128] /home/travis/build/icyphy/ptII/ptolemy/domains/continuous/test/auto/SinusoidInNoise.xml (RunModel)" time="1.055" />
  <testcase classname="ptolemy.util.test.junit.AutoTests" name="[129] /home/travis/build/icyphy/ptII/ptolemy/domains/continuous/test/auto/SinusoidRK45.xml (RunModel)" time="0.015" />
  <testcase classname="ptolemy.util.test.junit.AutoTests" name="[130] /home/travis/build/icyphy/ptII/ptolemy/domains/continuous/test/auto/SinusoidWithMultipleImpulses.xml (RunModel)" time="0.013" />
  <testcase classname="ptolemy.util.test.junit.AutoTests" name="[131] /home/travis/build/icyphy/ptII/ptolemy/domains/continuous/test/auto/SquareWave.xml (RunModel)" time="0.21" />
  <testcase classname="ptolemy.util.test.junit.AutoTests" name="[132] /home/travis/build/icyphy/ptII/ptolemy/domains/continuous/test/auto/Starmac.xml (RunModel)" time="3.494" />
  <testcase classname="ptolemy.util.test.junit.AutoTests" name="[133] /home/travis/build/icyphy/ptII/ptolemy/domains/continuous/test/auto/StaticUnits.xml (RunModel)" time="2.976" />
  <testcase classname="ptolemy.util.test.junit.AutoTests" name="[134] /home/travis/build/icyphy/ptII/ptolemy/domains/continuous/test/auto/StickyMasses.xml (RunModel)" time="0.189" />
  <testcase classname="ptolemy.util.test.junit.AutoTests" name="[135] /home/travis/build/icyphy/ptII/ptolemy/domains/continuous/test/auto/StopTime.xml (RunModel)" time="0.066" />
  <testcase classname="ptolemy.util.test.junit.AutoTests" name="[136] /home/travis/build/icyphy/ptII/ptolemy/domains/continuous/test/auto/StopTime2.xml (RunModel)" time="0.057" />
  <testcase classname="ptolemy.util.test.junit.AutoTests" name="[137] /home/travis/build/icyphy/ptII/ptolemy/domains/continuous/test/auto/Switch.xml (RunModel)" time="0.062" />
  <testcase classname="ptolemy.util.test.junit.AutoTests" name="[138] /home/travis/build/icyphy/ptII/ptolemy/domains/continuous/test/auto/Thermostat.xml (RunModel)" time="0.232" />
  <testcase classname="ptolemy.util.test.junit.AutoTests" name="[139] /home/travis/build/icyphy/ptII/ptolemy/domains/continuous/test/auto/TimeDelay.xml (RunModel)" time="0.013" />
  <testcase classname="ptolemy.util.test.junit.AutoTests" name="[140] /home/travis/build/icyphy/ptII/ptolemy/domains/continuous/test/auto/TimeDelay2.xml (RunModel)" time="0.027" />
  <testcase classname="ptolemy.util.test.junit.AutoTests" name="[141] /home/travis/build/icyphy/ptII/ptolemy/domains/continuous/test/auto/TimeDelay3.xml (RunModel)" time="0.011" />
  <testcase classname="ptolemy.util.test.junit.AutoTests" name="[142] /home/travis/build/icyphy/ptII/ptolemy/domains/continuous/test/auto/TransferAbsentToInside.xml (RunModel)" time="0.103" />
  <testcase classname="ptolemy.util.test.junit.AutoTests" name="[143] /home/travis/build/icyphy/ptII/ptolemy/domains/continuous/test/auto/Transmission.xml (RunModel)" time="0.832" />
  <testcase classname="ptolemy.util.test.junit.AutoTests" name="[144] /home/travis/build/icyphy/ptII/ptolemy/domains/continuous/test/auto/TriggeredContinuousClock.xml (RunModel)" time="0.066" />
  <testcase classname="ptolemy.util.test.junit.AutoTests" name="[145] /home/travis/build/icyphy/ptII/ptolemy/domains/continuous/test/auto/TwoMachineInfiniteBusControl.xml (RunModel)" time="3.178" />
  <testcase classname="ptolemy.util.test.junit.AutoTests" name="[146] /home/travis/build/icyphy/ptII/ptolemy/domains/continuous/test/auto/V2V.xml (RunModel)" time="0.885" />
  <testcase classname="ptolemy.util.test.junit.AutoTests" name="[147] /home/travis/build/icyphy/ptII/ptolemy/domains/continuous/test/auto/hierarchicalModalModel.xml (RunModel)" time="0.034" />
  <testcase classname="ptolemy.util.test.junit.AutoTests" name="[148] /home/travis/build/icyphy/ptII/ptolemy/domains/continuous/test/auto/hierarchicalModalModel1.xml (RunModel)" time="0.028" />
  <testcase classname="ptolemy.util.test.junit.AutoTests" name="[149] /home/travis/build/icyphy/ptII/ptolemy/domains/continuous/test/auto/hierarchicalModalModel2.xml (RunModel)" time="0.025" />
  <testcase classname="ptolemy.util.test.junit.AutoTests" name="[150] /home/travis/build/icyphy/ptII/ptolemy/domains/continuous/test/auto/hierarchicalModalModel3.xml (RunModel)" time="0.022" />
  <testcase classname="ptolemy.util.test.junit.AutoTests" name="[151] /home/travis/build/icyphy/ptII/ptolemy/domains/continuous/test/auto/hierarchicalModalModel4.xml (RunModel)" time="0.023" />
  <testcase classname="ptolemy.util.test.junit.AutoTests" name="[152] /home/travis/build/icyphy/ptII/ptolemy/domains/continuous/test/auto/junk.xml (RunModel)" time="0.152" />
  <system-out><![CDATA[No tcl tests in /home/travis/build/icyphy/ptII/ptolemy/domains/continuous/test
No auto/knownFailedTests/*.xml tests in /home/travis/build/icyphy/ptII/ptolemy/domains/continuous/test
No auto/linux-amd64/*.xml tests in /home/travis/build/icyphy/ptII/ptolemy/domains/continuous/test
AutoTests.java: About to close Vertx.
AutoTests.java: Vertx closed.

===========================================================================================
----------------- testing Tue Jul 09 18:13:03 UTC 2019 /home/travis/build/icyphy/ptII/ptolemy/domains/continuous/test/auto/BouncingBall.xml
----------------- Instantiating /home/travis/build/icyphy/ptII/ptolemy/domains/continuous/test/auto/BouncingBall.xml
2635 ms. Memory: 208896K Free: 188873K (90%)
----------------- Invoking toplevel() on ptolemy.moml.MoMLSimpleApplication@c1c45a0
----------------- Done invoking toplevel() on ptolemy.moml.MoMLSimpleApplication@c1c45a0
reloadAllAccessors: .BouncingBall

===========================================================================================
----------------- testing Tue Jul 09 18:13:07 UTC 2019 /home/travis/build/icyphy/ptII/ptolemy/domains/continuous/test/auto/BouncingBallWithoutGR.xml
----------------- Instantiating /home/travis/build/icyphy/ptII/ptolemy/domains/continuous/test/auto/BouncingBallWithoutGR.xml
899 ms. Memory: 208896K Free: 128967K (62%)
----------------- Invoking toplevel() on ptolemy.moml.MoMLSimpleApplication@17436d53
----------------- Done invoking toplevel() on ptolemy.moml.MoMLSimpleApplication@17436d53
reloadAllAccessors: .BouncingBallWithoutGR

===========================================================================================
----------------- testing Tue Jul 09 18:13:08 UTC 2019 /home/travis/build/icyphy/ptII/ptolemy/domains/continuous/test/auto/Brownian.xml
----------------- Instantiating /home/travis/build/icyphy/ptII/ptolemy/domains/continuous/test/auto/Brownian.xml
46 ms. Memory: 208896K Free: 119751K (57%)
----------------- Invoking toplevel() on ptolemy.moml.MoMLSimpleApplication@5de9bf10
----------------- Done invoking toplevel() on ptolemy.moml.MoMLSimpleApplication@5de9bf10
reloadAllAccessors: .Brownian

===========================================================================================
----------------- testing Tue Jul 09 18:13:08 UTC 2019 /home/travis/build/icyphy/ptII/ptolemy/domains/continuous/test/auto/CarTracking.xml
----------------- Instantiating /home/travis/build/icyphy/ptII/ptolemy/domains/continuous/test/auto/CarTracking.xml
4017 ms. Memory: 306176K Free: 207156K (68%)
----------------- Invoking toplevel() on ptolemy.moml.MoMLSimpleApplication@2f24d63a
----------------- Done invoking toplevel() on ptolemy.moml.MoMLSimpleApplication@2f24d63a
reloadAllAccessors: .CarTracking

===========================================================================================
----------------- testing Tue Jul 09 18:13:13 UTC 2019 /home/travis/build/icyphy/ptII/ptolemy/domains/continuous/test/auto/CartPendulum.xml
----------------- Instantiating /home/travis/build/icyphy/ptII/ptolemy/domains/continuous/test/auto/CartPendulum.xml
438 ms. Memory: 306176K Free: 119092K (39%)
----------------- Invoking toplevel() on ptolemy.moml.MoMLSimpleApplication@3595d5a4
----------------- Done invoking toplevel() on ptolemy.moml.MoMLSimpleApplication@3595d5a4
reloadAllAccessors: .CartPendulum

===========================================================================================
----------------- testing Tue Jul 09 18:13:13 UTC 2019 /home/travis/build/icyphy/ptII/ptolemy/domains/continuous/test/auto/CausalityInterface10.xml
----------------- Instantiating /home/travis/build/icyphy/ptII/ptolemy/domains/continuous/test/auto/CausalityInterface10.xml
8 ms. Memory: 306176K Free: 288652K (94%)
----------------- Invoking toplevel() on ptolemy.moml.MoMLSimpleApplication@261b0ce4
----------------- Done invoking toplevel() on ptolemy.moml.MoMLSimpleApplication@261b0ce4
reloadAllAccessors: .CausalityInterface10

===========================================================================================
----------------- testing Tue Jul 09 18:13:13 UTC 2019 /home/travis/build/icyphy/ptII/ptolemy/domains/continuous/test/auto/CausalityInterface11.xml
----------------- Instantiating /home/travis/build/icyphy/ptII/ptolemy/domains/continuous/test/auto/CausalityInterface11.xml
9 ms. Memory: 306176K Free: 282514K (92%)
----------------- Invoking toplevel() on ptolemy.moml.MoMLSimpleApplication@2da36c34
----------------- Done invoking toplevel() on ptolemy.moml.MoMLSimpleApplication@2da36c34
reloadAllAccessors: .CausalityInterface11

===========================================================================================
----------------- testing Tue Jul 09 18:13:13 UTC 2019 /home/travis/build/icyphy/ptII/ptolemy/domains/continuous/test/auto/CausalityInterface12.xml
----------------- Instantiating /home/travis/build/icyphy/ptII/ptolemy/domains/continuous/test/auto/CausalityInterface12.xml
13 ms. Memory: 306176K Free: 276384K (90%)
----------------- Invoking toplevel() on ptolemy.moml.MoMLSimpleApplication@10cdbb47
----------------- Done invoking toplevel() on ptolemy.moml.MoMLSimpleApplication@10cdbb47
reloadAllAccessors: .CausalityInterface12

===========================================================================================
----------------- testing Tue Jul 09 18:13:13 UTC 2019 /home/travis/build/icyphy/ptII/ptolemy/domains/continuous/test/auto/CausalityInterface13.xml
----------------- Instantiating /home/travis/build/icyphy/ptII/ptolemy/domains/continuous/test/auto/CausalityInterface13.xml
9 ms. Memory: 306176K Free: 270240K (88%)
----------------- Invoking toplevel() on ptolemy.moml.MoMLSimpleApplication@7e8a66e4
----------------- Done invoking toplevel() on ptolemy.moml.MoMLSimpleApplication@7e8a66e4
reloadAllAccessors: .CausalityInterface13

===========================================================================================
----------------- testing Tue Jul 09 18:13:13 UTC 2019 /home/travis/build/icyphy/ptII/ptolemy/domains/continuous/test/auto/CausalityInterface14.xml
----------------- Instantiating /home/travis/build/icyphy/ptII/ptolemy/domains/continuous/test/auto/CausalityInterface14.xml
14 ms. Memory: 306176K Free: 264610K (86%)
----------------- Invoking toplevel() on ptolemy.moml.MoMLSimpleApplication@6b930d9f
----------------- Done invoking toplevel() on ptolemy.moml.MoMLSimpleApplication@6b930d9f
reloadAllAccessors: .CausalityInterface14

===========================================================================================
----------------- testing Tue Jul 09 18:13:13 UTC 2019 /home/travis/build/icyphy/ptII/ptolemy/domains/continuous/test/auto/CausalityInterface4.xml
----------------- Instantiating /home/travis/build/icyphy/ptII/ptolemy/domains/continuous/test/auto/CausalityInterface4.xml
8 ms. Memory: 306176K Free: 257442K (84%)
----------------- Invoking toplevel() on ptolemy.moml.MoMLSimpleApplication@4d5af27c
----------------- Done invoking toplevel() on ptolemy.moml.MoMLSimpleApplication@4d5af27c
reloadAllAccessors: .CausalityInterface4

===========================================================================================
----------------- testing Tue Jul 09 18:13:13 UTC 2019 /home/travis/build/icyphy/ptII/ptolemy/domains/continuous/test/auto/CausalityInterface5.xml
----------------- Instantiating /home/travis/build/icyphy/ptII/ptolemy/domains/continuous/test/auto/CausalityInterface5.xml
8 ms. Memory: 306176K Free: 249250K (81%)
----------------- Invoking toplevel() on ptolemy.moml.MoMLSimpleApplication@71b3314
----------------- Done invoking toplevel() on ptolemy.moml.MoMLSimpleApplication@71b3314
reloadAllAccessors: .CausalityInterface5

===========================================================================================
----------------- testing Tue Jul 09 18:13:13 UTC 2019 /home/travis/build/icyphy/ptII/ptolemy/domains/continuous/test/auto/CausalityInterface6.xml
----------------- Instantiating /home/travis/build/icyphy/ptII/ptolemy/domains/continuous/test/auto/CausalityInterface6.xml
6 ms. Memory: 306176K Free: 243616K (80%)
----------------- Invoking toplevel() on ptolemy.moml.MoMLSimpleApplication@73881bbd
----------------- Done invoking toplevel() on ptolemy.moml.MoMLSimpleApplication@73881bbd
reloadAllAccessors: .CausalityInterface6

===========================================================================================
----------------- testing Tue Jul 09 18:13:13 UTC 2019 /home/travis/build/icyphy/ptII/ptolemy/domains/continuous/test/auto/CausalityInterface7.xml
----------------- Instantiating /home/travis/build/icyphy/ptII/ptolemy/domains/continuous/test/auto/CausalityInterface7.xml
10 ms. Memory: 306176K Free: 234914K (77%)
----------------- Invoking toplevel() on ptolemy.moml.MoMLSimpleApplication@3ca6990b
----------------- Done invoking toplevel() on ptolemy.moml.MoMLSimpleApplication@3ca6990b
reloadAllAccessors: .CausalityInterface7

===========================================================================================
----------------- testing Tue Jul 09 18:13:13 UTC 2019 /home/travis/build/icyphy/ptII/ptolemy/domains/continuous/test/auto/CausalityInterface8.xml
----------------- Instantiating /home/travis/build/icyphy/ptII/ptolemy/domains/continuous/test/auto/CausalityInterface8.xml
7 ms. Memory: 306176K Free: 226208K (74%)
----------------- Invoking toplevel() on ptolemy.moml.MoMLSimpleApplication@7e3a9a53
----------------- Done invoking toplevel() on ptolemy.moml.MoMLSimpleApplication@7e3a9a53
reloadAllAccessors: .CausalityInterface8

===========================================================================================
----------------- testing Tue Jul 09 18:13:13 UTC 2019 /home/travis/build/icyphy/ptII/ptolemy/domains/continuous/test/auto/CausalityInterface9.xml
----------------- Instantiating /home/travis/build/icyphy/ptII/ptolemy/domains/continuous/test/auto/CausalityInterface9.xml
10 ms. Memory: 306176K Free: 215458K (70%)
----------------- Invoking toplevel() on ptolemy.moml.MoMLSimpleApplication@2775aff6
----------------- Done invoking toplevel() on ptolemy.moml.MoMLSimpleApplication@2775aff6
reloadAllAccessors: .CausalityInterface9

===========================================================================================
----------------- testing Tue Jul 09 18:13:14 UTC 2019 /home/travis/build/icyphy/ptII/ptolemy/domains/continuous/test/auto/CausalityInterfaceFeedback1.xml
----------------- Instantiating /home/travis/build/icyphy/ptII/ptolemy/domains/continuous/test/auto/CausalityInterfaceFeedback1.xml
7 ms. Memory: 306176K Free: 208786K (68%)
----------------- Invoking toplevel() on ptolemy.moml.MoMLSimpleApplication@75a287d0
----------------- Done invoking toplevel() on ptolemy.moml.MoMLSimpleApplication@75a287d0
reloadAllAccessors: .CausalityInterfaceFeedback1

===========================================================================================
----------------- testing Tue Jul 09 18:13:14 UTC 2019 /home/travis/build/icyphy/ptII/ptolemy/domains/continuous/test/auto/CausalityInterfaceFeedback2.xml
----------------- Instantiating /home/travis/build/icyphy/ptII/ptolemy/domains/continuous/test/auto/CausalityInterfaceFeedback2.xml
6 ms. Memory: 306176K Free: 202146K (66%)
----------------- Invoking toplevel() on ptolemy.moml.MoMLSimpleApplication@779393cc
----------------- Done invoking toplevel() on ptolemy.moml.MoMLSimpleApplication@779393cc
reloadAllAccessors: .CausalityInterfaceFeedback2

===========================================================================================
----------------- testing Tue Jul 09 18:13:14 UTC 2019 /home/travis/build/icyphy/ptII/ptolemy/domains/continuous/test/auto/CompareWithCurrentTime.xml
----------------- Instantiating /home/travis/build/icyphy/ptII/ptolemy/domains/continuous/test/auto/CompareWithCurrentTime.xml
3 ms. Memory: 306176K Free: 198050K (65%)
----------------- Invoking toplevel() on ptolemy.moml.MoMLSimpleApplication@7f407ed6
----------------- Done invoking toplevel() on ptolemy.moml.MoMLSimpleApplication@7f407ed6
reloadAllAccessors: .CompareWithCurrentTime

===========================================================================================
----------------- testing Tue Jul 09 18:13:14 UTC 2019 /home/travis/build/icyphy/ptII/ptolemy/domains/continuous/test/auto/ComparedClocks.xml
----------------- Instantiating /home/travis/build/icyphy/ptII/ptolemy/domains/continuous/test/auto/ComparedClocks.xml
7 ms. Memory: 306176K Free: 182690K (60%)
----------------- Invoking toplevel() on ptolemy.moml.MoMLSimpleApplication@74121397
----------------- Done invoking toplevel() on ptolemy.moml.MoMLSimpleApplication@74121397
reloadAllAccessors: .ComparedClocks

===========================================================================================
----------------- testing Tue Jul 09 18:13:14 UTC 2019 /home/travis/build/icyphy/ptII/ptolemy/domains/continuous/test/auto/ContinuousAOCClone.xml
----------------- Instantiating /home/travis/build/icyphy/ptII/ptolemy/domains/continuous/test/auto/ContinuousAOCClone.xml
2708 ms. Memory: 306176K Free: 209611K (68%)
----------------- Invoking toplevel() on ptolemy.moml.MoMLSimpleApplication@63371ad
----------------- Done invoking toplevel() on ptolemy.moml.MoMLSimpleApplication@63371ad
reloadAllAccessors: .ContinuousAOCClone

===========================================================================================
----------------- testing Tue Jul 09 18:13:17 UTC 2019 /home/travis/build/icyphy/ptII/ptolemy/domains/continuous/test/auto/ContinuousClock.xml
----------------- Instantiating /home/travis/build/icyphy/ptII/ptolemy/domains/continuous/test/auto/ContinuousClock.xml
36 ms. Memory: 306176K Free: 188107K (61%)
----------------- Invoking toplevel() on ptolemy.moml.MoMLSimpleApplication@5ed38359
----------------- Done invoking toplevel() on ptolemy.moml.MoMLSimpleApplication@5ed38359
reloadAllAccessors: .ContinuousClock

===========================================================================================
----------------- testing Tue Jul 09 18:13:17 UTC 2019 /home/travis/build/icyphy/ptII/ptolemy/domains/continuous/test/auto/ContinuousInContinuous.xml
----------------- Instantiating /home/travis/build/icyphy/ptII/ptolemy/domains/continuous/test/auto/ContinuousInContinuous.xml
44 ms. Memory: 306176K Free: 164045K (54%)
----------------- Invoking toplevel() on ptolemy.moml.MoMLSimpleApplication@71a9a749
----------------- Done invoking toplevel() on ptolemy.moml.MoMLSimpleApplication@71a9a749
reloadAllAccessors: .ContinuousInContinuous

===========================================================================================
----------------- testing Tue Jul 09 18:13:17 UTC 2019 /home/travis/build/icyphy/ptII/ptolemy/domains/continuous/test/auto/ContinuousInContinuousInContinuous.xml
----------------- Instantiating /home/travis/build/icyphy/ptII/ptolemy/domains/continuous/test/auto/ContinuousInContinuousInContinuous.xml
7 ms. Memory: 306176K Free: 156363K (51%)
----------------- Invoking toplevel() on ptolemy.moml.MoMLSimpleApplication@6dee3f10
----------------- Done invoking toplevel() on ptolemy.moml.MoMLSimpleApplication@6dee3f10
reloadAllAccessors: .ContinuousInContinuousInContinuous

===========================================================================================
----------------- testing Tue Jul 09 18:13:17 UTC 2019 /home/travis/build/icyphy/ptII/ptolemy/domains/continuous/test/auto/ContinuousInDE.xml
----------------- Instantiating /home/travis/build/icyphy/ptII/ptolemy/domains/continuous/test/auto/ContinuousInDE.xml
95 ms. Memory: 306176K Free: 145613K (48%)
----------------- Invoking toplevel() on ptolemy.moml.MoMLSimpleApplication@7db8bb3
----------------- Done invoking toplevel() on ptolemy.moml.MoMLSimpleApplication@7db8bb3
reloadAllAccessors: .ContinuousInDE

===========================================================================================
----------------- testing Tue Jul 09 18:13:17 UTC 2019 /home/travis/build/icyphy/ptII/ptolemy/domains/continuous/test/auto/ContinuousInDE2.xml
----------------- Instantiating /home/travis/build/icyphy/ptII/ptolemy/domains/continuous/test/auto/ContinuousInDE2.xml
37 ms. Memory: 306176K Free: 135883K (44%)
----------------- Invoking toplevel() on ptolemy.moml.MoMLSimpleApplication@731465df
----------------- Done invoking toplevel() on ptolemy.moml.MoMLSimpleApplication@731465df
reloadAllAccessors: .ContinuousInDE2

===========================================================================================
----------------- testing Tue Jul 09 18:13:17 UTC 2019 /home/travis/build/icyphy/ptII/ptolemy/domains/continuous/test/auto/ContinuousInDE3.xml
----------------- Instantiating /home/travis/build/icyphy/ptII/ptolemy/domains/continuous/test/auto/ContinuousInDE3.xml
38 ms. Memory: 306176K Free: 126157K (41%)
----------------- Invoking toplevel() on ptolemy.moml.MoMLSimpleApplication@336412a6
----------------- Done invoking toplevel() on ptolemy.moml.MoMLSimpleApplication@336412a6
reloadAllAccessors: .ContinuousInDE3

===========================================================================================
----------------- testing Tue Jul 09 18:13:17 UTC 2019 /home/travis/build/icyphy/ptII/ptolemy/domains/continuous/test/auto/ContinuousInDE4.xml
----------------- Instantiating /home/travis/build/icyphy/ptII/ptolemy/domains/continuous/test/auto/ContinuousInDE4.xml
19 ms. Memory: 306176K Free: 120013K (39%)
----------------- Invoking toplevel() on ptolemy.moml.MoMLSimpleApplication@72218689
----------------- Done invoking toplevel() on ptolemy.moml.MoMLSimpleApplication@72218689
reloadAllAccessors: .ContinuousInDE4

===========================================================================================
----------------- testing Tue Jul 09 18:13:17 UTC 2019 /home/travis/build/icyphy/ptII/ptolemy/domains/continuous/test/auto/ContinuousInDEDifferentRefinements.xml
----------------- Instantiating /home/travis/build/icyphy/ptII/ptolemy/domains/continuous/test/auto/ContinuousInDEDifferentRefinements.xml
62 ms. Memory: 367616K Free: 332958K (91%)
----------------- Invoking toplevel() on ptolemy.moml.MoMLSimpleApplication@603ac9a2
----------------- Done invoking toplevel() on ptolemy.moml.MoMLSimpleApplication@603ac9a2
reloadAllAccessors: .ContinuousInDEDifferentRefinements

===========================================================================================
----------------- testing Tue Jul 09 18:13:17 UTC 2019 /home/travis/build/icyphy/ptII/ptolemy/domains/continuous/test/auto/ContinuousInDEDifferentRefinementsPreemptive.xml
----------------- Instantiating /home/travis/build/icyphy/ptII/ptolemy/domains/continuous/test/auto/ContinuousInDEDifferentRefinementsPreemptive.xml
55 ms. Memory: 367616K Free: 302240K (82%)
----------------- Invoking toplevel() on ptolemy.moml.MoMLSimpleApplication@70e3984a
----------------- Done invoking toplevel() on ptolemy.moml.MoMLSimpleApplication@70e3984a
reloadAllAccessors: .ContinuousInDEDifferentRefinementsPreemptive

===========================================================================================
----------------- testing Tue Jul 09 18:13:17 UTC 2019 /home/travis/build/icyphy/ptII/ptolemy/domains/continuous/test/auto/ContinuousInDEInContinuous2.xml
----------------- Instantiating /home/travis/build/icyphy/ptII/ptolemy/domains/continuous/test/auto/ContinuousInDEInContinuous2.xml
44 ms. Memory: 367616K Free: 290976K (79%)
----------------- Invoking toplevel() on ptolemy.moml.MoMLSimpleApplication@2a0032c
----------------- Done invoking toplevel() on ptolemy.moml.MoMLSimpleApplication@2a0032c
reloadAllAccessors: .ContinuousInDEInContinuous2

===========================================================================================
----------------- testing Tue Jul 09 18:13:18 UTC 2019 /home/travis/build/icyphy/ptII/ptolemy/domains/continuous/test/auto/ContinuousInDEInContinuous3.xml
----------------- Instantiating /home/travis/build/icyphy/ptII/ptolemy/domains/continuous/test/auto/ContinuousInDEInContinuous3.xml
35 ms. Memory: 367616K Free: 278688K (76%)
----------------- Invoking toplevel() on ptolemy.moml.MoMLSimpleApplication@5cbbd9d3
----------------- Done invoking toplevel() on ptolemy.moml.MoMLSimpleApplication@5cbbd9d3
reloadAllAccessors: .ContinuousInDEInContinuous3

===========================================================================================
----------------- testing Tue Jul 09 18:13:18 UTC 2019 /home/travis/build/icyphy/ptII/ptolemy/domains/continuous/test/auto/ContinuousInDEInput.xml
----------------- Instantiating /home/travis/build/icyphy/ptII/ptolemy/domains/continuous/test/auto/ContinuousInDEInput.xml
19 ms. Memory: 367616K Free: 271520K (74%)
----------------- Invoking toplevel() on ptolemy.moml.MoMLSimpleApplication@7142854e
----------------- Done invoking toplevel() on ptolemy.moml.MoMLSimpleApplication@7142854e
reloadAllAccessors: .ContinuousInDEInput

===========================================================================================
----------------- testing Tue Jul 09 18:13:18 UTC 2019 /home/travis/build/icyphy/ptII/ptolemy/domains/continuous/test/auto/ContinuousInDEInput2.xml
----------------- Instantiating /home/travis/build/icyphy/ptII/ptolemy/domains/continuous/test/auto/ContinuousInDEInput2.xml
16 ms. Memory: 367616K Free: 264352K (72%)
----------------- Invoking toplevel() on ptolemy.moml.MoMLSimpleApplication@3f274d05
----------------- Done invoking toplevel() on ptolemy.moml.MoMLSimpleApplication@3f274d05
reloadAllAccessors: .ContinuousInDEInput2

===========================================================================================
----------------- testing Tue Jul 09 18:13:18 UTC 2019 /home/travis/build/icyphy/ptII/ptolemy/domains/continuous/test/auto/ContinuousInDEInput3.xml
----------------- Instantiating /home/travis/build/icyphy/ptII/ptolemy/domains/continuous/test/auto/ContinuousInDEInput3.xml
16 ms. Memory: 367616K Free: 257184K (70%)
----------------- Invoking toplevel() on ptolemy.moml.MoMLSimpleApplication@46654418
----------------- Done invoking toplevel() on ptolemy.moml.MoMLSimpleApplication@46654418
reloadAllAccessors: .ContinuousInDEInput3

===========================================================================================
----------------- testing Tue Jul 09 18:13:18 UTC 2019 /home/travis/build/icyphy/ptII/ptolemy/domains/continuous/test/auto/ContinuousInDESharingRefinement.xml
----------------- Instantiating /home/travis/build/icyphy/ptII/ptolemy/domains/continuous/test/auto/ContinuousInDESharingRefinement.xml
159 ms. Memory: 367616K Free: 162462K (44%)
----------------- Invoking toplevel() on ptolemy.moml.MoMLSimpleApplication@648b26d6
----------------- Done invoking toplevel() on ptolemy.moml.MoMLSimpleApplication@648b26d6
reloadAllAccessors: .ContinuousInDESharingRefinement

===========================================================================================
----------------- testing Tue Jul 09 18:13:18 UTC 2019 /home/travis/build/icyphy/ptII/ptolemy/domains/continuous/test/auto/ContinuousInDEwithNoPorts.xml
----------------- Instantiating /home/travis/build/icyphy/ptII/ptolemy/domains/continuous/test/auto/ContinuousInDEwithNoPorts.xml
5 ms. Memory: 367616K Free: 158335K (43%)
----------------- Invoking toplevel() on ptolemy.moml.MoMLSimpleApplication@31666efd
----------------- Done invoking toplevel() on ptolemy.moml.MoMLSimpleApplication@31666efd
reloadAllAccessors: .ContinuousInDEwithNoPorts

===========================================================================================
----------------- testing Tue Jul 09 18:13:18 UTC 2019 /home/travis/build/icyphy/ptII/ptolemy/domains/continuous/test/auto/ContinuousInsideDE.xml
----------------- Instantiating /home/travis/build/icyphy/ptII/ptolemy/domains/continuous/test/auto/ContinuousInsideDE.xml
42 ms. Memory: 367616K Free: 146592K (40%)
----------------- Invoking toplevel() on ptolemy.moml.MoMLSimpleApplication@146b9b75
----------------- Done invoking toplevel() on ptolemy.moml.MoMLSimpleApplication@146b9b75
reloadAllAccessors: .ContinuousInsideDE

===========================================================================================
----------------- testing Tue Jul 09 18:13:18 UTC 2019 /home/travis/build/icyphy/ptII/ptolemy/domains/continuous/test/auto/ContinuousMerge1.xml
----------------- Instantiating /home/travis/build/icyphy/ptII/ptolemy/domains/continuous/test/auto/ContinuousMerge1.xml
3 ms. Memory: 367616K Free: 141951K (39%)
----------------- Invoking toplevel() on ptolemy.moml.MoMLSimpleApplication@5ec1d0fb
----------------- Done invoking toplevel() on ptolemy.moml.MoMLSimpleApplication@5ec1d0fb
reloadAllAccessors: .ContinuousMerge1

===========================================================================================
----------------- testing Tue Jul 09 18:13:18 UTC 2019 /home/travis/build/icyphy/ptII/ptolemy/domains/continuous/test/auto/ContinuousMerge2.xml
----------------- Instantiating /home/travis/build/icyphy/ptII/ptolemy/domains/continuous/test/auto/ContinuousMerge2.xml
12 ms. Memory: 367616K Free: 350865K (95%)
----------------- Invoking toplevel() on ptolemy.moml.MoMLSimpleApplication@8896b57
----------------- Done invoking toplevel() on ptolemy.moml.MoMLSimpleApplication@8896b57
reloadAllAccessors: .ContinuousMerge2

===========================================================================================
----------------- testing Tue Jul 09 18:13:18 UTC 2019 /home/travis/build/icyphy/ptII/ptolemy/domains/continuous/test/auto/ContinuousMerge3.xml
----------------- Instantiating /home/travis/build/icyphy/ptII/ptolemy/domains/continuous/test/auto/ContinuousMerge3.xml
44 ms. Memory: 367616K Free: 340115K (93%)
----------------- Invoking toplevel() on ptolemy.moml.MoMLSimpleApplication@36be0
----------------- Done invoking toplevel() on ptolemy.moml.MoMLSimpleApplication@36be0
reloadAllAccessors: .ContinuousMerge3

===========================================================================================
----------------- testing Tue Jul 09 18:13:18 UTC 2019 /home/travis/build/icyphy/ptII/ptolemy/domains/continuous/test/auto/ContinuousWithinContinuous.xml
----------------- Instantiating /home/travis/build/icyphy/ptII/ptolemy/domains/continuous/test/auto/ContinuousWithinContinuous.xml
38 ms. Memory: 367616K Free: 330385K (90%)
----------------- Invoking toplevel() on ptolemy.moml.MoMLSimpleApplication@6d7372ba
----------------- Done invoking toplevel() on ptolemy.moml.MoMLSimpleApplication@6d7372ba
reloadAllAccessors: .ContinuousWithinContinuous

===========================================================================================
----------------- testing Tue Jul 09 18:13:18 UTC 2019 /home/travis/build/icyphy/ptII/ptolemy/domains/continuous/test/auto/ContinuousWithinContinuous2.xml
----------------- Instantiating /home/travis/build/icyphy/ptII/ptolemy/domains/continuous/test/auto/ContinuousWithinContinuous2.xml
73 ms. Memory: 367616K Free: 319635K (87%)
----------------- Invoking toplevel() on ptolemy.moml.MoMLSimpleApplication@74044bf8
----------------- Done invoking toplevel() on ptolemy.moml.MoMLSimpleApplication@74044bf8
reloadAllAccessors: .ContinuousWithinContinuous2

===========================================================================================
----------------- testing Tue Jul 09 18:13:18 UTC 2019 /home/travis/build/icyphy/ptII/ptolemy/domains/continuous/test/auto/ContinuousWithinContinuous3.xml
----------------- Instantiating /home/travis/build/icyphy/ptII/ptolemy/domains/continuous/test/auto/ContinuousWithinContinuous3.xml
13 ms. Memory: 367616K Free: 312977K (85%)
----------------- Invoking toplevel() on ptolemy.moml.MoMLSimpleApplication@7d682bf4
----------------- Done invoking toplevel() on ptolemy.moml.MoMLSimpleApplication@7d682bf4
reloadAllAccessors: .ContinuousWithinContinuous3

===========================================================================================
----------------- testing Tue Jul 09 18:13:18 UTC 2019 /home/travis/build/icyphy/ptII/ptolemy/domains/continuous/test/auto/ContinuousWithinContinuous4.xml
----------------- Instantiating /home/travis/build/icyphy/ptII/ptolemy/domains/continuous/test/auto/ContinuousWithinContinuous4.xml
71 ms. Memory: 367616K Free: 300689K (82%)
----------------- Invoking toplevel() on ptolemy.moml.MoMLSimpleApplication@3e2afdac
----------------- Done invoking toplevel() on ptolemy.moml.MoMLSimpleApplication@3e2afdac
reloadAllAccessors: .ContinuousWithinContinuous4

===========================================================================================
----------------- testing Tue Jul 09 18:13:18 UTC 2019 /home/travis/build/icyphy/ptII/ptolemy/domains/continuous/test/auto/ContinuousWithinContinuous5.xml
----------------- Instantiating /home/travis/build/icyphy/ptII/ptolemy/domains/continuous/test/auto/ContinuousWithinContinuous5.xml
13 ms. Memory: 367616K Free: 293521K (80%)
----------------- Invoking toplevel() on ptolemy.moml.MoMLSimpleApplication@6fbb63c4
----------------- Done invoking toplevel() on ptolemy.moml.MoMLSimpleApplication@6fbb63c4
reloadAllAccessors: .ContinuousWithinContinuous5

===========================================================================================
----------------- testing Tue Jul 09 18:13:18 UTC 2019 /home/travis/build/icyphy/ptII/ptolemy/domains/continuous/test/auto/ContinuousWithinContinuous6.xml
----------------- Instantiating /home/travis/build/icyphy/ptII/ptolemy/domains/continuous/test/auto/ContinuousWithinContinuous6.xml
12 ms. Memory: 367616K Free: 286353K (78%)
----------------- Invoking toplevel() on ptolemy.moml.MoMLSimpleApplication@250624b3
----------------- Done invoking toplevel() on ptolemy.moml.MoMLSimpleApplication@250624b3
reloadAllAccessors: .ContinuousWithinContinuous6

===========================================================================================
----------------- testing Tue Jul 09 18:13:19 UTC 2019 /home/travis/build/icyphy/ptII/ptolemy/domains/continuous/test/auto/ContinuousWithinContinuous7.xml
----------------- Instantiating /home/travis/build/icyphy/ptII/ptolemy/domains/continuous/test/auto/ContinuousWithinContinuous7.xml
58 ms. Memory: 367616K Free: 275089K (75%)
----------------- Invoking toplevel() on ptolemy.moml.MoMLSimpleApplication@13f793a0
----------------- Done invoking toplevel() on ptolemy.moml.MoMLSimpleApplication@13f793a0
reloadAllAccessors: .ContinuousWithinContinuous7

===========================================================================================
----------------- testing Tue Jul 09 18:13:19 UTC 2019 /home/travis/build/icyphy/ptII/ptolemy/domains/continuous/test/auto/DCMotor.xml
----------------- Instantiating /home/travis/build/icyphy/ptII/ptolemy/domains/continuous/test/auto/DCMotor.xml
13451 ms. Memory: 367616K Free: 316732K (86%)
----------------- Invoking toplevel() on ptolemy.moml.MoMLSimpleApplication@45a1a148
----------------- Done invoking toplevel() on ptolemy.moml.MoMLSimpleApplication@45a1a148
reloadAllAccessors: .DCMotor

===========================================================================================
----------------- testing Tue Jul 09 18:13:32 UTC 2019 /home/travis/build/icyphy/ptII/ptolemy/domains/continuous/test/auto/DEInContinuous.xml
----------------- Instantiating /home/travis/build/icyphy/ptII/ptolemy/domains/continuous/test/auto/DEInContinuous.xml
18 ms. Memory: 367616K Free: 310588K (84%)
----------------- Invoking toplevel() on ptolemy.moml.MoMLSimpleApplication@715ae609
----------------- Done invoking toplevel() on ptolemy.moml.MoMLSimpleApplication@715ae609
reloadAllAccessors: .DEInContinuous

===========================================================================================
----------------- testing Tue Jul 09 18:13:32 UTC 2019 /home/travis/build/icyphy/ptII/ptolemy/domains/continuous/test/auto/DEinContinuous2.xml
----------------- Instantiating /home/travis/build/icyphy/ptII/ptolemy/domains/continuous/test/auto/DEinContinuous2.xml
5 ms. Memory: 367616K Free: 302382K (82%)
----------------- Invoking toplevel() on ptolemy.moml.MoMLSimpleApplication@66002768
----------------- Done invoking toplevel() on ptolemy.moml.MoMLSimpleApplication@66002768
reloadAllAccessors: .DEinContinuous2

===========================================================================================
----------------- testing Tue Jul 09 18:13:32 UTC 2019 /home/travis/build/icyphy/ptII/ptolemy/domains/continuous/test/auto/Derivative.xml
----------------- Instantiating /home/travis/build/icyphy/ptII/ptolemy/domains/continuous/test/auto/Derivative.xml
137 ms. Memory: 367616K Free: 272700K (74%)
----------------- Invoking toplevel() on ptolemy.moml.MoMLSimpleApplication@65e497c0
----------------- Done invoking toplevel() on ptolemy.moml.MoMLSimpleApplication@65e497c0
reloadAllAccessors: .Derivative2

===========================================================================================
----------------- testing Tue Jul 09 18:13:32 UTC 2019 /home/travis/build/icyphy/ptII/ptolemy/domains/continuous/test/auto/Derivative1.xml
----------------- Instantiating /home/travis/build/icyphy/ptII/ptolemy/domains/continuous/test/auto/Derivative1.xml
19 ms. Memory: 367616K Free: 258364K (70%)
----------------- Invoking toplevel() on ptolemy.moml.MoMLSimpleApplication@6bc7feb4
----------------- Done invoking toplevel() on ptolemy.moml.MoMLSimpleApplication@6bc7feb4
reloadAllAccessors: .Derivative1

===========================================================================================
----------------- testing Tue Jul 09 18:13:32 UTC 2019 /home/travis/build/icyphy/ptII/ptolemy/domains/continuous/test/auto/DiscreteClock.xml
----------------- Instantiating /home/travis/build/icyphy/ptII/ptolemy/domains/continuous/test/auto/DiscreteClock.xml
4 ms. Memory: 367616K Free: 253244K (69%)
----------------- Invoking toplevel() on ptolemy.moml.MoMLSimpleApplication@6b53b0c
----------------- Done invoking toplevel() on ptolemy.moml.MoMLSimpleApplication@6b53b0c
reloadAllAccessors: .DiscreteClock

===========================================================================================
----------------- testing Tue Jul 09 18:13:32 UTC 2019 /home/travis/build/icyphy/ptII/ptolemy/domains/continuous/test/auto/EfficiencyCurve.xml
----------------- Instantiating /home/travis/build/icyphy/ptII/ptolemy/domains/continuous/test/auto/EfficiencyCurve.xml
74 ms. Memory: 367616K Free: 244028K (66%)
----------------- Invoking toplevel() on ptolemy.moml.MoMLSimpleApplication@4b9f76df
----------------- Done invoking toplevel() on ptolemy.moml.MoMLSimpleApplication@4b9f76df
reloadAllAccessors: .EfficiencyCurve

===========================================================================================
----------------- testing Tue Jul 09 18:13:33 UTC 2019 /home/travis/build/icyphy/ptII/ptolemy/domains/continuous/test/auto/ExponentialResponse.xml
----------------- Instantiating /home/travis/build/icyphy/ptII/ptolemy/domains/continuous/test/auto/ExponentialResponse.xml
106 ms. Memory: 367616K Free: 228668K (62%)
----------------- Invoking toplevel() on ptolemy.moml.MoMLSimpleApplication@33fcb961
----------------- Done invoking toplevel() on ptolemy.moml.MoMLSimpleApplication@33fcb961
reloadAllAccessors: .ExponentialResponse

===========================================================================================
----------------- testing Tue Jul 09 18:13:33 UTC 2019 /home/travis/build/icyphy/ptII/ptolemy/domains/continuous/test/auto/ExponentialResponseRK45.xml
----------------- Instantiating /home/travis/build/icyphy/ptII/ptolemy/domains/continuous/test/auto/ExponentialResponseRK45.xml
26 ms. Memory: 367616K Free: 222014K (60%)
----------------- Invoking toplevel() on ptolemy.moml.MoMLSimpleApplication@406258cb
----------------- Done invoking toplevel() on ptolemy.moml.MoMLSimpleApplication@406258cb
reloadAllAccessors: .ExponentialResponseRK45

===========================================================================================
----------------- testing Tue Jul 09 18:13:33 UTC 2019 /home/travis/build/icyphy/ptII/ptolemy/domains/continuous/test/auto/Friction.xml
----------------- Instantiating /home/travis/build/icyphy/ptII/ptolemy/domains/continuous/test/auto/Friction.xml
1406 ms. Memory: 367616K Free: 238294K (65%)
----------------- Invoking toplevel() on ptolemy.moml.MoMLSimpleApplication@698a2546
----------------- Done invoking toplevel() on ptolemy.moml.MoMLSimpleApplication@698a2546
reloadAllAccessors: .Friction

===========================================================================================
----------------- testing Tue Jul 09 18:13:34 UTC 2019 /home/travis/build/icyphy/ptII/ptolemy/domains/continuous/test/auto/FurutaPendulum.xml
----------------- Instantiating /home/travis/build/icyphy/ptII/ptolemy/domains/continuous/test/auto/FurutaPendulum.xml
3036 ms. Memory: 367616K Free: 184112K (50%)
----------------- Invoking toplevel() on ptolemy.moml.MoMLSimpleApplication@6624280a
----------------- Done invoking toplevel() on ptolemy.moml.MoMLSimpleApplication@6624280a
reloadAllAccessors: .FurutaPendulum

===========================================================================================
----------------- testing Tue Jul 09 18:13:37 UTC 2019 /home/travis/build/icyphy/ptII/ptolemy/domains/continuous/test/auto/HierarchicalExecution.xml
----------------- Instantiating /home/travis/build/icyphy/ptII/ptolemy/domains/continuous/test/auto/HierarchicalExecution.xml
1926 ms. Memory: 367616K Free: 331635K (90%)
----------------- Invoking toplevel() on ptolemy.moml.MoMLSimpleApplication@37346904
----------------- Done invoking toplevel() on ptolemy.moml.MoMLSimpleApplication@37346904
reloadAllAccessors: .HierarchicalExecution

===========================================================================================
----------------- testing Tue Jul 09 18:13:40 UTC 2019 /home/travis/build/icyphy/ptII/ptolemy/domains/continuous/test/auto/HybridPlant.xml
----------------- Instantiating /home/travis/build/icyphy/ptII/ptolemy/domains/continuous/test/auto/HybridPlant.xml
542 ms. Memory: 367616K Free: 287068K (78%)
----------------- Invoking toplevel() on ptolemy.moml.MoMLSimpleApplication@25fd4576
----------------- Done invoking toplevel() on ptolemy.moml.MoMLSimpleApplication@25fd4576
reloadAllAccessors: .HybridPlant

===========================================================================================
----------------- testing Tue Jul 09 18:13:40 UTC 2019 /home/travis/build/icyphy/ptII/ptolemy/domains/continuous/test/auto/Hysteresis.xml
----------------- Instantiating /home/travis/build/icyphy/ptII/ptolemy/domains/continuous/test/auto/Hysteresis.xml
139 ms. Memory: 367616K Free: 224604K (61%)
----------------- Invoking toplevel() on ptolemy.moml.MoMLSimpleApplication@47b2faed
----------------- Done invoking toplevel() on ptolemy.moml.MoMLSimpleApplication@47b2faed
reloadAllAccessors: .Hysteresis

===========================================================================================
----------------- testing Tue Jul 09 18:13:40 UTC 2019 /home/travis/build/icyphy/ptII/ptolemy/domains/continuous/test/auto/HysteresisWithRandomDelay.xml
----------------- Instantiating /home/travis/build/icyphy/ptII/ptolemy/domains/continuous/test/auto/HysteresisWithRandomDelay.xml
184 ms. Memory: 367616K Free: 153445K (42%)
----------------- Invoking toplevel() on ptolemy.moml.MoMLSimpleApplication@60bb553d
----------------- Done invoking toplevel() on ptolemy.moml.MoMLSimpleApplication@60bb553d
reloadAllAccessors: .HysteresisWithRandomDelay

===========================================================================================
----------------- testing Tue Jul 09 18:13:41 UTC 2019 /home/travis/build/icyphy/ptII/ptolemy/domains/continuous/test/auto/HysteresisWithRandomLosses.xml
----------------- Instantiating /home/travis/build/icyphy/ptII/ptolemy/domains/continuous/test/auto/HysteresisWithRandomLosses.xml
2256 ms. Memory: 367616K Free: 292073K (79%)
----------------- Invoking toplevel() on ptolemy.moml.MoMLSimpleApplication@53bca0b6
----------------- Done invoking toplevel() on ptolemy.moml.MoMLSimpleApplication@53bca0b6
reloadAllAccessors: .HysteresisWithRandomLosses

===========================================================================================
----------------- testing Tue Jul 09 18:13:43 UTC 2019 /home/travis/build/icyphy/ptII/ptolemy/domains/continuous/test/auto/ImmediateTransitions.xml
----------------- Instantiating /home/travis/build/icyphy/ptII/ptolemy/domains/continuous/test/auto/ImmediateTransitions.xml
19 ms. Memory: 367616K Free: 281305K (77%)
----------------- Invoking toplevel() on ptolemy.moml.MoMLSimpleApplication@28d28d85
----------------- Done invoking toplevel() on ptolemy.moml.MoMLSimpleApplication@28d28d85
reloadAllAccessors: .ImmediateTransitions

===========================================================================================
----------------- testing Tue Jul 09 18:13:43 UTC 2019 /home/travis/build/icyphy/ptII/ptolemy/domains/continuous/test/auto/ImpulseFeedback.xml
----------------- Instantiating /home/travis/build/icyphy/ptII/ptolemy/domains/continuous/test/auto/ImpulseFeedback.xml
6 ms. Memory: 367616K Free: 275689K (75%)
----------------- Invoking toplevel() on ptolemy.moml.MoMLSimpleApplication@723ee81a
----------------- Done invoking toplevel() on ptolemy.moml.MoMLSimpleApplication@723ee81a
reloadAllAccessors: .ImpulseFeedback

===========================================================================================
----------------- testing Tue Jul 09 18:13:43 UTC 2019 /home/travis/build/icyphy/ptII/ptolemy/domains/continuous/test/auto/ImpulseFeedback2.xml
----------------- Instantiating /home/travis/build/icyphy/ptII/ptolemy/domains/continuous/test/auto/ImpulseFeedback2.xml
4 ms. Memory: 367616K Free: 270055K (73%)
----------------- Invoking toplevel() on ptolemy.moml.MoMLSimpleApplication@46906864
----------------- Done invoking toplevel() on ptolemy.moml.MoMLSimpleApplication@46906864
reloadAllAccessors: .ImpulseFeedback2

===========================================================================================
----------------- testing Tue Jul 09 18:13:43 UTC 2019 /home/travis/build/icyphy/ptII/ptolemy/domains/continuous/test/auto/IncreasingRatePoisson.xml
----------------- Instantiating /home/travis/build/icyphy/ptII/ptolemy/domains/continuous/test/auto/IncreasingRatePoisson.xml
601 ms. Memory: 367616K Free: 196519K (53%)
----------------- Invoking toplevel() on ptolemy.moml.MoMLSimpleApplication@62f95203
----------------- Done invoking toplevel() on ptolemy.moml.MoMLSimpleApplication@62f95203
reloadAllAccessors: .IncreasingRatePoisson

===========================================================================================
----------------- testing Tue Jul 09 18:13:44 UTC 2019 /home/travis/build/icyphy/ptII/ptolemy/domains/continuous/test/auto/InitialStateFeedback.xml
----------------- Instantiating /home/travis/build/icyphy/ptII/ptolemy/domains/continuous/test/auto/InitialStateFeedback.xml
6 ms. Memory: 367616K Free: 191909K (52%)
----------------- Invoking toplevel() on ptolemy.moml.MoMLSimpleApplication@42e9d3da
----------------- Done invoking toplevel() on ptolemy.moml.MoMLSimpleApplication@42e9d3da
reloadAllAccessors: .InitialStateFeedback

===========================================================================================
----------------- testing Tue Jul 09 18:13:44 UTC 2019 /home/travis/build/icyphy/ptII/ptolemy/domains/continuous/test/auto/Integration.xml
----------------- Instantiating /home/travis/build/icyphy/ptII/ptolemy/domains/continuous/test/auto/Integration.xml
2 ms. Memory: 367616K Free: 187813K (51%)
----------------- Invoking toplevel() on ptolemy.moml.MoMLSimpleApplication@3b995189
----------------- Done invoking toplevel() on ptolemy.moml.MoMLSimpleApplication@3b995189
reloadAllAccessors: .Integration

===========================================================================================
----------------- testing Tue Jul 09 18:13:44 UTC 2019 /home/travis/build/icyphy/ptII/ptolemy/domains/continuous/test/auto/Integration2.xml
----------------- Instantiating /home/travis/build/icyphy/ptII/ptolemy/domains/continuous/test/auto/Integration2.xml
83 ms. Memory: 367616K Free: 173477K (47%)
----------------- Invoking toplevel() on ptolemy.moml.MoMLSimpleApplication@3600c14f
----------------- Done invoking toplevel() on ptolemy.moml.MoMLSimpleApplication@3600c14f
reloadAllAccessors: .Integration2

===========================================================================================
----------------- testing Tue Jul 09 18:13:44 UTC 2019 /home/travis/build/icyphy/ptII/ptolemy/domains/continuous/test/auto/Integration3.xml
----------------- Instantiating /home/travis/build/icyphy/ptII/ptolemy/domains/continuous/test/auto/Integration3.xml
2 ms. Memory: 367616K Free: 168871K (46%)
----------------- Invoking toplevel() on ptolemy.moml.MoMLSimpleApplication@24dc29b4
----------------- Done invoking toplevel() on ptolemy.moml.MoMLSimpleApplication@24dc29b4
reloadAllAccessors: .Integration3

===========================================================================================
----------------- testing Tue Jul 09 18:13:44 UTC 2019 /home/travis/build/icyphy/ptII/ptolemy/domains/continuous/test/auto/Integration5.xml
----------------- Instantiating /home/travis/build/icyphy/ptII/ptolemy/domains/continuous/test/auto/Integration5.xml
2 ms. Memory: 367616K Free: 164775K (45%)
----------------- Invoking toplevel() on ptolemy.moml.MoMLSimpleApplication@20946136
----------------- Done invoking toplevel() on ptolemy.moml.MoMLSimpleApplication@20946136
reloadAllAccessors: .Integration5

===========================================================================================
----------------- testing Tue Jul 09 18:13:44 UTC 2019 /home/travis/build/icyphy/ptII/ptolemy/domains/continuous/test/auto/IntegratorImpulse.xml
----------------- Instantiating /home/travis/build/icyphy/ptII/ptolemy/domains/continuous/test/auto/IntegratorImpulse.xml
2 ms. Memory: 367616K Free: 160679K (44%)
----------------- Invoking toplevel() on ptolemy.moml.MoMLSimpleApplication@2c962905
----------------- Done invoking toplevel() on ptolemy.moml.MoMLSimpleApplication@2c962905
reloadAllAccessors: .IntegratorImpulse

===========================================================================================
----------------- testing Tue Jul 09 18:13:44 UTC 2019 /home/travis/build/icyphy/ptII/ptolemy/domains/continuous/test/auto/IntegratorImpulse2.xml
----------------- Instantiating /home/travis/build/icyphy/ptII/ptolemy/domains/continuous/test/auto/IntegratorImpulse2.xml
6 ms. Memory: 367616K Free: 156039K (42%)
----------------- Invoking toplevel() on ptolemy.moml.MoMLSimpleApplication@787d8fa0
----------------- Done invoking toplevel() on ptolemy.moml.MoMLSimpleApplication@787d8fa0
reloadAllAccessors: .IntegratorImpulse2

===========================================================================================
----------------- testing Tue Jul 09 18:13:44 UTC 2019 /home/travis/build/icyphy/ptII/ptolemy/domains/continuous/test/auto/LevelCrossing1.xml
----------------- Instantiating /home/travis/build/icyphy/ptII/ptolemy/domains/continuous/test/auto/LevelCrossing1.xml
2 ms. Memory: 367616K Free: 150943K (41%)
----------------- Invoking toplevel() on ptolemy.moml.MoMLSimpleApplication@1163919d
----------------- Done invoking toplevel() on ptolemy.moml.MoMLSimpleApplication@1163919d
reloadAllAccessors: .LevelCrossing1

===========================================================================================
----------------- testing Tue Jul 09 18:13:44 UTC 2019 /home/travis/build/icyphy/ptII/ptolemy/domains/continuous/test/auto/LevelCrossing2.xml
----------------- Instantiating /home/travis/build/icyphy/ptII/ptolemy/domains/continuous/test/auto/LevelCrossing2.xml
3 ms. Memory: 367616K Free: 145815K (40%)
----------------- Invoking toplevel() on ptolemy.moml.MoMLSimpleApplication@3d4465a1
----------------- Done invoking toplevel() on ptolemy.moml.MoMLSimpleApplication@3d4465a1
reloadAllAccessors: .LevelCrossing2

===========================================================================================
----------------- testing Tue Jul 09 18:13:44 UTC 2019 /home/travis/build/icyphy/ptII/ptolemy/domains/continuous/test/auto/LevelCrossing3.xml
----------------- Instantiating /home/travis/build/icyphy/ptII/ptolemy/domains/continuous/test/auto/LevelCrossing3.xml
3 ms. Memory: 367616K Free: 140695K (38%)
----------------- Invoking toplevel() on ptolemy.moml.MoMLSimpleApplication@2d5a23a3
----------------- Done invoking toplevel() on ptolemy.moml.MoMLSimpleApplication@2d5a23a3
reloadAllAccessors: .LevelCrossing3

===========================================================================================
----------------- testing Tue Jul 09 18:13:44 UTC 2019 /home/travis/build/icyphy/ptII/ptolemy/domains/continuous/test/auto/LevelCrossing4.xml
----------------- Instantiating /home/travis/build/icyphy/ptII/ptolemy/domains/continuous/test/auto/LevelCrossing4.xml
3 ms. Memory: 367616K Free: 135575K (37%)
----------------- Invoking toplevel() on ptolemy.moml.MoMLSimpleApplication@3db45711
----------------- Done invoking toplevel() on ptolemy.moml.MoMLSimpleApplication@3db45711
reloadAllAccessors: .LevelCrossing4

===========================================================================================
----------------- testing Tue Jul 09 18:13:44 UTC 2019 /home/travis/build/icyphy/ptII/ptolemy/domains/continuous/test/auto/LevelCrossing5.xml
----------------- Instantiating /home/travis/build/icyphy/ptII/ptolemy/domains/continuous/test/auto/LevelCrossing5.xml
2 ms. Memory: 367616K Free: 350249K (95%)
----------------- Invoking toplevel() on ptolemy.moml.MoMLSimpleApplication@566114bf
----------------- Done invoking toplevel() on ptolemy.moml.MoMLSimpleApplication@566114bf
reloadAllAccessors: .LevelCrossing5

===========================================================================================
[...]
----------------- testing Tue Jul 09 18:14:01 UTC 2019 /home/travis/build/icyphy/ptII/ptolemy/domains/continuous/test/auto/SRinContinuous.xml
----------------- Instantiating /home/travis/build/icyphy/ptII/ptolemy/domains/continuous/test/auto/SRinContinuous.xml
10 ms. Memory: 367616K Free: 165833K (45%)
----------------- Invoking toplevel() on ptolemy.moml.MoMLSimpleApplication@3a2dce9
----------------- Done invoking toplevel() on ptolemy.moml.MoMLSimpleApplication@3a2dce9
reloadAllAccessors: .SRinContinuous

===========================================================================================
----------------- testing Tue Jul 09 18:14:01 UTC 2019 /home/travis/build/icyphy/ptII/ptolemy/domains/continuous/test/auto/SampledClocks.xml
----------------- Instantiating /home/travis/build/icyphy/ptII/ptolemy/domains/continuous/test/auto/SampledClocks.xml
7 ms. Memory: 367616K Free: 153035K (42%)
----------------- Invoking toplevel() on ptolemy.moml.MoMLSimpleApplication@29ac4bb4
----------------- Done invoking toplevel() on ptolemy.moml.MoMLSimpleApplication@29ac4bb4
reloadAllAccessors: .SampledClocks

===========================================================================================
----------------- testing Tue Jul 09 18:14:01 UTC 2019 /home/travis/build/icyphy/ptII/ptolemy/domains/continuous/test/auto/Satellite.xml
----------------- Instantiating /home/travis/build/icyphy/ptII/ptolemy/domains/continuous/test/auto/Satellite.xml
798 ms. Memory: 367616K Free: 181038K (49%)
----------------- Invoking toplevel() on ptolemy.moml.MoMLSimpleApplication@405cefe3
----------------- Done invoking toplevel() on ptolemy.moml.MoMLSimpleApplication@405cefe3
reloadAllAccessors: .Satellite

===========================================================================================
----------------- testing Tue Jul 09 18:14:02 UTC 2019 /home/travis/build/icyphy/ptII/ptolemy/domains/continuous/test/auto/SigmaDelta.xml
----------------- Instantiating /home/travis/build/icyphy/ptII/ptolemy/domains/continuous/test/auto/SigmaDelta.xml
2419 ms. Memory: 367616K Free: 137906K (38%)
----------------- Invoking toplevel() on ptolemy.moml.MoMLSimpleApplication@155887f2
----------------- Done invoking toplevel() on ptolemy.moml.MoMLSimpleApplication@155887f2
reloadAllAccessors: .SigmaDelta

===========================================================================================
----------------- testing Tue Jul 09 18:14:05 UTC 2019 /home/travis/build/icyphy/ptII/ptolemy/domains/continuous/test/auto/SingleRefinement.xml
----------------- Instantiating /home/travis/build/icyphy/ptII/ptolemy/domains/continuous/test/auto/SingleRefinement.xml
301 ms. Memory: 367616K Free: 173778K (47%)
----------------- Invoking toplevel() on ptolemy.moml.MoMLSimpleApplication@2261cf63
----------------- Done invoking toplevel() on ptolemy.moml.MoMLSimpleApplication@2261cf63
reloadAllAccessors: .SingleRefinement

===========================================================================================
----------------- testing Tue Jul 09 18:14:05 UTC 2019 /home/travis/build/icyphy/ptII/ptolemy/domains/continuous/test/auto/SinuBouncingBall.xml
----------------- Instantiating /home/travis/build/icyphy/ptII/ptolemy/domains/continuous/test/auto/SinuBouncingBall.xml
743 ms. Memory: 367616K Free: 180415K (49%)
----------------- Invoking toplevel() on ptolemy.moml.MoMLSimpleApplication@2ab9ef03
----------------- Done invoking toplevel() on ptolemy.moml.MoMLSimpleApplication@2ab9ef03
reloadAllAccessors: .SinuBouncingBall

===========================================================================================
----------------- testing Tue Jul 09 18:14:06 UTC 2019 /home/travis/build/icyphy/ptII/ptolemy/domains/continuous/test/auto/Sinusoid.xml
----------------- Instantiating /home/travis/build/icyphy/ptII/ptolemy/domains/continuous/test/auto/Sinusoid.xml
4 ms. Memory: 367616K Free: 176152K (48%)
----------------- Invoking toplevel() on ptolemy.moml.MoMLSimpleApplication@5bacf538
----------------- Done invoking toplevel() on ptolemy.moml.MoMLSimpleApplication@5bacf538
reloadAllAccessors: .Sinusoid

===========================================================================================
----------------- testing Tue Jul 09 18:14:06 UTC 2019 /home/travis/build/icyphy/ptII/ptolemy/domains/continuous/test/auto/SinusoidInNoise.xml
----------------- Instantiating /home/travis/build/icyphy/ptII/ptolemy/domains/continuous/test/auto/SinusoidInNoise.xml
1005 ms. Memory: 367616K Free: 258797K (70%)
----------------- Invoking toplevel() on ptolemy.moml.MoMLSimpleApplication@145a8279
----------------- Done invoking toplevel() on ptolemy.moml.MoMLSimpleApplication@145a8279
reloadAllAccessors: .SinusoidInNoise

===========================================================================================
----------------- testing Tue Jul 09 18:14:07 UTC 2019 /home/travis/build/icyphy/ptII/ptolemy/domains/continuous/test/auto/SinusoidRK45.xml
----------------- Instantiating /home/travis/build/icyphy/ptII/ptolemy/domains/continuous/test/auto/SinusoidRK45.xml
2 ms. Memory: 367616K Free: 254191K (69%)
----------------- Invoking toplevel() on ptolemy.moml.MoMLSimpleApplication@7614ce50
----------------- Done invoking toplevel() on ptolemy.moml.MoMLSimpleApplication@7614ce50
reloadAllAccessors: .SinusoidRK45

===========================================================================================
----------------- testing Tue Jul 09 18:14:07 UTC 2019 /home/travis/build/icyphy/ptII/ptolemy/domains/continuous/test/auto/SinusoidWithMultipleImpulses.xml
----------------- Instantiating /home/travis/build/icyphy/ptII/ptolemy/domains/continuous/test/auto/SinusoidWithMultipleImpulses.xml
3 ms. Memory: 367616K Free: 249581K (68%)
----------------- Invoking toplevel() on ptolemy.moml.MoMLSimpleApplication@5692e012
----------------- Done invoking toplevel() on ptolemy.moml.MoMLSimpleApplication@5692e012
reloadAllAccessors: .SinusoidWithMultipleImpulses

===========================================================================================
----------------- testing Tue Jul 09 18:14:07 UTC 2019 /home/travis/build/icyphy/ptII/ptolemy/domains/continuous/test/auto/SquareWave.xml
----------------- Instantiating /home/travis/build/icyphy/ptII/ptolemy/domains/continuous/test/auto/SquareWave.xml
173 ms. Memory: 367616K Free: 221933K (60%)
----------------- Invoking toplevel() on ptolemy.moml.MoMLSimpleApplication@14f42a41
----------------- Done invoking toplevel() on ptolemy.moml.MoMLSimpleApplication@14f42a41
reloadAllAccessors: .SquareWave

===========================================================================================
----------------- testing Tue Jul 09 18:14:07 UTC 2019 /home/travis/build/icyphy/ptII/ptolemy/domains/continuous/test/auto/Starmac.xml
----------------- Instantiating /home/travis/build/icyphy/ptII/ptolemy/domains/continuous/test/auto/Starmac.xml
3066 ms. Memory: 367616K Free: 340664K (93%)
----------------- Invoking toplevel() on ptolemy.moml.MoMLSimpleApplication@343112f9
----------------- Done invoking toplevel() on ptolemy.moml.MoMLSimpleApplication@343112f9
reloadAllAccessors: .Starmac

===========================================================================================
----------------- testing Tue Jul 09 18:14:11 UTC 2019 /home/travis/build/icyphy/ptII/ptolemy/domains/continuous/test/auto/StaticUnits.xml
----------------- Instantiating /home/travis/build/icyphy/ptII/ptolemy/domains/continuous/test/auto/StaticUnits.xml
2273 ms. Memory: 367616K Free: 317611K (86%)
----------------- Invoking toplevel() on ptolemy.moml.MoMLSimpleApplication@7f3de294
----------------- Done invoking toplevel() on ptolemy.moml.MoMLSimpleApplication@7f3de294
reloadAllAccessors: .StaticUnits

===========================================================================================
----------------- testing Tue Jul 09 18:14:14 UTC 2019 /home/travis/build/icyphy/ptII/ptolemy/domains/continuous/test/auto/StickyMasses.xml
----------------- Instantiating /home/travis/build/icyphy/ptII/ptolemy/domains/continuous/test/auto/StickyMasses.xml
139 ms. Memory: 367616K Free: 267949K (73%)
----------------- Invoking toplevel() on ptolemy.moml.MoMLSimpleApplication@66565a1f
----------------- Done invoking toplevel() on ptolemy.moml.MoMLSimpleApplication@66565a1f
reloadAllAccessors: .StickyMasses

===========================================================================================
----------------- testing Tue Jul 09 18:14:14 UTC 2019 /home/travis/build/icyphy/ptII/ptolemy/domains/continuous/test/auto/StopTime.xml
----------------- Instantiating /home/travis/build/icyphy/ptII/ptolemy/domains/continuous/test/auto/StopTime.xml
46 ms. Memory: 367616K Free: 242349K (66%)
----------------- Invoking toplevel() on ptolemy.moml.MoMLSimpleApplication@24f05f79
----------------- Done invoking toplevel() on ptolemy.moml.MoMLSimpleApplication@24f05f79
reloadAllAccessors: .StopTime

===========================================================================================
----------------- testing Tue Jul 09 18:14:14 UTC 2019 /home/travis/build/icyphy/ptII/ptolemy/domains/continuous/test/auto/StopTime2.xml
----------------- Instantiating /home/travis/build/icyphy/ptII/ptolemy/domains/continuous/test/auto/StopTime2.xml
38 ms. Memory: 367616K Free: 219821K (60%)
----------------- Invoking toplevel() on ptolemy.moml.MoMLSimpleApplication@6eeb80c5
----------------- Done invoking toplevel() on ptolemy.moml.MoMLSimpleApplication@6eeb80c5
reloadAllAccessors: .StopTime2

===========================================================================================
----------------- testing Tue Jul 09 18:14:14 UTC 2019 /home/travis/build/icyphy/ptII/ptolemy/domains/continuous/test/auto/Switch.xml
----------------- Instantiating /home/travis/build/icyphy/ptII/ptolemy/domains/continuous/test/auto/Switch.xml
39 ms. Memory: 367616K Free: 194701K (53%)
----------------- Invoking toplevel() on ptolemy.moml.MoMLSimpleApplication@50d509d9
----------------- Done invoking toplevel() on ptolemy.moml.MoMLSimpleApplication@50d509d9
reloadAllAccessors: .Switch

===========================================================================================
----------------- testing Tue Jul 09 18:14:14 UTC 2019 /home/travis/build/icyphy/ptII/ptolemy/domains/continuous/test/auto/Thermostat.xml
----------------- Instantiating /home/travis/build/icyphy/ptII/ptolemy/domains/continuous/test/auto/Thermostat.xml
208 ms. Memory: 367616K Free: 337573K (92%)
----------------- Invoking toplevel() on ptolemy.moml.MoMLSimpleApplication@21858558
----------------- Done invoking toplevel() on ptolemy.moml.MoMLSimpleApplication@21858558
reloadAllAccessors: .Thermostat

===========================================================================================
----------------- testing Tue Jul 09 18:14:14 UTC 2019 /home/travis/build/icyphy/ptII/ptolemy/domains/continuous/test/auto/TimeDelay.xml
----------------- Instantiating /home/travis/build/icyphy/ptII/ptolemy/domains/continuous/test/auto/TimeDelay.xml
6 ms. Memory: 367616K Free: 332453K (90%)
----------------- Invoking toplevel() on ptolemy.moml.MoMLSimpleApplication@1b2106e0
----------------- Done invoking toplevel() on ptolemy.moml.MoMLSimpleApplication@1b2106e0
reloadAllAccessors: .TimeDelay

===========================================================================================
----------------- testing Tue Jul 09 18:14:14 UTC 2019 /home/travis/build/icyphy/ptII/ptolemy/domains/continuous/test/auto/TimeDelay2.xml
----------------- Instantiating /home/travis/build/icyphy/ptII/ptolemy/domains/continuous/test/auto/TimeDelay2.xml
10 ms. Memory: 367616K Free: 322213K (88%)
----------------- Invoking toplevel() on ptolemy.moml.MoMLSimpleApplication@3b6c67ef
----------------- Done invoking toplevel() on ptolemy.moml.MoMLSimpleApplication@3b6c67ef
reloadAllAccessors: .TimeDelay2

===========================================================================================
----------------- testing Tue Jul 09 18:14:14 UTC 2019 /home/travis/build/icyphy/ptII/ptolemy/domains/continuous/test/auto/TimeDelay3.xml
----------------- Instantiating /home/travis/build/icyphy/ptII/ptolemy/domains/continuous/test/auto/TimeDelay3.xml
4 ms. Memory: 367616K Free: 317572K (86%)
----------------- Invoking toplevel() on ptolemy.moml.MoMLSimpleApplication@738e6341
----------------- Done invoking toplevel() on ptolemy.moml.MoMLSimpleApplication@738e6341
reloadAllAccessors: .TimeDelay3

===========================================================================================
----------------- testing Tue Jul 09 18:14:14 UTC 2019 /home/travis/build/icyphy/ptII/ptolemy/domains/continuous/test/auto/TransferAbsentToInside.xml
----------------- Instantiating /home/travis/build/icyphy/ptII/ptolemy/domains/continuous/test/auto/TransferAbsentToInside.xml
28 ms. Memory: 367616K Free: 264324K (72%)
----------------- Invoking toplevel() on ptolemy.moml.MoMLSimpleApplication@5bc3939
----------------- Done invoking toplevel() on ptolemy.moml.MoMLSimpleApplication@5bc3939
reloadAllAccessors: .TransferAbsentToInside

===========================================================================================
----------------- testing Tue Jul 09 18:14:14 UTC 2019 /home/travis/build/icyphy/ptII/ptolemy/domains/continuous/test/auto/Transmission.xml
----------------- Instantiating /home/travis/build/icyphy/ptII/ptolemy/domains/continuous/test/auto/Transmission.xml
802 ms. Memory: 367616K Free: 247895K (67%)
----------------- Invoking toplevel() on ptolemy.moml.MoMLSimpleApplication@4a5709cf
----------------- Done invoking toplevel() on ptolemy.moml.MoMLSimpleApplication@4a5709cf
reloadAllAccessors: .Transmission

===========================================================================================
----------------- testing Tue Jul 09 18:14:15 UTC 2019 /home/travis/build/icyphy/ptII/ptolemy/domains/continuous/test/auto/TriggeredContinuousClock.xml
----------------- Instantiating /home/travis/build/icyphy/ptII/ptolemy/domains/continuous/test/auto/TriggeredContinuousClock.xml
37 ms. Memory: 367616K Free: 218199K (59%)
----------------- Invoking toplevel() on ptolemy.moml.MoMLSimpleApplication@336f6c6a
----------------- Done invoking toplevel() on ptolemy.moml.MoMLSimpleApplication@336f6c6a
reloadAllAccessors: .TriggeredContinuousClock

===========================================================================================
----------------- testing Tue Jul 09 18:14:15 UTC 2019 /home/travis/build/icyphy/ptII/ptolemy/domains/continuous/test/auto/TwoMachineInfiniteBusControl.xml
----------------- Instantiating /home/travis/build/icyphy/ptII/ptolemy/domains/continuous/test/auto/TwoMachineInfiniteBusControl.xml
3048 ms. Memory: 441344K Free: 204868K (46%)
----------------- Invoking toplevel() on ptolemy.moml.MoMLSimpleApplication@7b93d90d
----------------- Done invoking toplevel() on ptolemy.moml.MoMLSimpleApplication@7b93d90d
reloadAllAccessors: .TwoMachineInfiniteBusControl

===========================================================================================
----------------- testing Tue Jul 09 18:14:19 UTC 2019 /home/travis/build/icyphy/ptII/ptolemy/domains/continuous/test/auto/V2V.xml
----------------- Instantiating /home/travis/build/icyphy/ptII/ptolemy/domains/continuous/test/auto/V2V.xml
787 ms. Memory: 441344K Free: 275681K (62%)
----------------- Invoking toplevel() on ptolemy.moml.MoMLSimpleApplication@7f5d0d6a
----------------- Done invoking toplevel() on ptolemy.moml.MoMLSimpleApplication@7f5d0d6a
reloadAllAccessors: .V2V

===========================================================================================
----------------- testing Tue Jul 09 18:14:19 UTC 2019 /home/travis/build/icyphy/ptII/ptolemy/domains/continuous/test/auto/hierarchicalModalModel.xml
----------------- Instantiating /home/travis/build/icyphy/ptII/ptolemy/domains/continuous/test/auto/hierarchicalModalModel.xml
9 ms. Memory: 441344K Free: 261167K (59%)
----------------- Invoking toplevel() on ptolemy.moml.MoMLSimpleApplication@32dfc103
----------------- Done invoking toplevel() on ptolemy.moml.MoMLSimpleApplication@32dfc103
reloadAllAccessors: .hierarchicalModalModel

===========================================================================================
----------------- testing Tue Jul 09 18:14:19 UTC 2019 /home/travis/build/icyphy/ptII/ptolemy/domains/continuous/test/auto/hierarchicalModalModel1.xml
----------------- Instantiating /home/travis/build/icyphy/ptII/ptolemy/domains/continuous/test/auto/hierarchicalModalModel1.xml
9 ms. Memory: 441344K Free: 246845K (56%)
----------------- Invoking toplevel() on ptolemy.moml.MoMLSimpleApplication@649a169
----------------- Done invoking toplevel() on ptolemy.moml.MoMLSimpleApplication@649a169
reloadAllAccessors: .hierarchicalModalModel1

===========================================================================================
----------------- testing Tue Jul 09 18:14:19 UTC 2019 /home/travis/build/icyphy/ptII/ptolemy/domains/continuous/test/auto/hierarchicalModalModel2.xml
----------------- Instantiating /home/travis/build/icyphy/ptII/ptolemy/domains/continuous/test/auto/hierarchicalModalModel2.xml
6 ms. Memory: 441344K Free: 234543K (53%)
----------------- Invoking toplevel() on ptolemy.moml.MoMLSimpleApplication@41e01b78
----------------- Done invoking toplevel() on ptolemy.moml.MoMLSimpleApplication@41e01b78
reloadAllAccessors: .hierarchicalModalModel2

===========================================================================================
----------------- testing Tue Jul 09 18:14:20 UTC 2019 /home/travis/build/icyphy/ptII/ptolemy/domains/continuous/test/auto/hierarchicalModalModel3.xml
----------------- Instantiating /home/travis/build/icyphy/ptII/ptolemy/domains/continuous/test/auto/hierarchicalModalModel3.xml
6 ms. Memory: 441344K Free: 223807K (51%)
----------------- Invoking toplevel() on ptolemy.moml.MoMLSimpleApplication@34fdc75
----------------- Done invoking toplevel() on ptolemy.moml.MoMLSimpleApplication@34fdc75
reloadAllAccessors: .hierarchicalModalModel3

===========================================================================================
----------------- testing Tue Jul 09 18:14:20 UTC 2019 /home/travis/build/icyphy/ptII/ptolemy/domains/continuous/test/auto/hierarchicalModalModel4.xml
----------------- Instantiating /home/travis/build/icyphy/ptII/ptolemy/domains/continuous/test/auto/hierarchicalModalModel4.xml
4 ms. Memory: 441344K Free: 212029K (48%)
----------------- Invoking toplevel() on ptolemy.moml.MoMLSimpleApplication@5e69850
----------------- Done invoking toplevel() on ptolemy.moml.MoMLSimpleApplication@5e69850
reloadAllAccessors: .hierarchicalModalModel4

===========================================================================================
----------------- testing Tue Jul 09 18:14:20 UTC 2019 /home/travis/build/icyphy/ptII/ptolemy/domains/continuous/test/auto/junk.xml
----------------- Instantiating /home/travis/build/icyphy/ptII/ptolemy/domains/continuous/test/auto/junk.xml
139 ms. Memory: 441344K Free: 186429K (42%)
----------------- Invoking toplevel() on ptolemy.moml.MoMLSimpleApplication@3362191a
----------------- Done invoking toplevel() on ptolemy.moml.MoMLSimpleApplication@3362191a
reloadAllAccessors: .junk
AutoTests.java: About to close Vertx.
AutoTests.java: Vertx closed.
]]></system-out>
  <system-err><![CDATA[Warning: '.HysteresisWithRandomDelay.NonStrictTest3' The test produced only 22 tokens, yet the correctValues parameter was expecting 30 tokens.
Warning: '.IncreasingRatePoisson.NonStrictTest' The test produced only 371 tokens, yet the correctValues parameter was expecting 402 tokens.
Warning: '.Poisson.NonStrictTest' The test produced only 401 tokens, yet the correctValues parameter was expecting 430 tokens.
]]></system-err>
</testsuite>
