<?xml version="1.0" encoding="UTF-8" ?>
<testsuite errors="0" failures="0" hostname="travis-job-07557709-8c18-447b-9f1f-9bf7ccbad624" name="ptolemy.domains.de.test.junit.JUnitTclTest" skipped="0" tests="101" time="132.709" timestamp="2019-09-27T05:44:27">
  <properties>
[...]
</properties>
  <testcase classname="ptolemy.util.test.junit.TclTests" name="[0] /home/travis/build/icyphy/ptII/ptolemy/domains/de/test/DependencyLoop.tcl (RunTclFile)" time="0.994" />
  <testcase classname="ptolemy.util.test.junit.TclTests" name="[1] /home/travis/build/icyphy/ptII/ptolemy/domains/de/test/RunDETestsAsQSS.tcl (RunTclFile)" time="89.479" />
  <testcase classname="ptolemy.util.test.junit.AutoKnownFailedTests" name="[0] /home/travis/build/icyphy/ptII/ptolemy/domains/de/test/auto/knownFailedTests/DESDFClockTest.xml (RunModel)" time="2.058" />
  <testcase classname="ptolemy.util.test.junit.AutoKnownFailedTests" name="[1] /home/travis/build/icyphy/ptII/ptolemy/domains/de/test/auto/knownFailedTests/DirectFeedback.xml (RunModel)" time="0.02" />
  <testcase classname="ptolemy.util.test.junit.AutoKnownFailedTests" name="[2] /home/travis/build/icyphy/ptII/ptolemy/domains/de/test/auto/knownFailedTests/FSMSource.xml (RunModel)" time="0.026" />
  <testcase classname="ptolemy.util.test.junit.AutoKnownFailedTests" name="[3] /home/travis/build/icyphy/ptII/ptolemy/domains/de/test/auto/knownFailedTests/HierarchicalModel.xml (RunModel)" time="0.08" />
  <testcase classname="ptolemy.util.test.junit.AutoKnownFailedTests" name="[4] /home/travis/build/icyphy/ptII/ptolemy/domains/de/test/auto/knownFailedTests/dependencyLoop.xml (RunModel)" time="0.047" />
  <testcase classname="ptolemy.util.test.junit.AutoKnownFailedTests" name="[5] /home/travis/build/icyphy/ptII/ptolemy/domains/de/test/auto/knownFailedTests/dependencyLoop2.xml (RunModel)" time="0.048" />
  <testcase classname="ptolemy.util.test.junit.AutoNameArchTests" name="[0] ThereAreNoAutoArchTests (RunModel)" time="0.002" />
  <testcase classname="ptolemy.util.test.junit.AutoTests" name="[0] /home/travis/build/icyphy/ptII/ptolemy/domains/de/test/auto/ActorDepthCalculation_actorWithoutPorts.xml (RunModel)" time="0.028" />
  <testcase classname="ptolemy.util.test.junit.AutoTests" name="[1] /home/travis/build/icyphy/ptII/ptolemy/domains/de/test/auto/AssemblyLine.xml (RunModel)" time="0.025" />
  <testcase classname="ptolemy.util.test.junit.AutoTests" name="[2] /home/travis/build/icyphy/ptII/ptolemy/domains/de/test/auto/CQBug1.xml (RunModel)" time="0.011" />
  <testcase classname="ptolemy.util.test.junit.AutoTests" name="[3] /home/travis/build/icyphy/ptII/ptolemy/domains/de/test/auto/CancelFireAt.xml (RunModel)" time="0.023" />
  <testcase classname="ptolemy.util.test.junit.AutoTests" name="[4] /home/travis/build/icyphy/ptII/ptolemy/domains/de/test/auto/CausalityAndComposabilityAnalysis.xml (RunModel)" time="0.023" />
  <testcase classname="ptolemy.util.test.junit.AutoTests" name="[5] /home/travis/build/icyphy/ptII/ptolemy/domains/de/test/auto/CausalityInterface1.xml (RunModel)" time="0.015" />
  <testcase classname="ptolemy.util.test.junit.AutoTests" name="[6] /home/travis/build/icyphy/ptII/ptolemy/domains/de/test/auto/CausalityInterface15.xml (RunModel)" time="0.016" />
  <testcase classname="ptolemy.util.test.junit.AutoTests" name="[7] /home/travis/build/icyphy/ptII/ptolemy/domains/de/test/auto/CausalityInterface2.xml (RunModel)" time="0.019" />
  <testcase classname="ptolemy.util.test.junit.AutoTests" name="[8] /home/travis/build/icyphy/ptII/ptolemy/domains/de/test/auto/CausalityInterface3.xml (RunModel)" time="0.012" />
  <testcase classname="ptolemy.util.test.junit.AutoTests" name="[9] /home/travis/build/icyphy/ptII/ptolemy/domains/de/test/auto/ClockDrift.xml (RunModel)" time="0.036" />
  <testcase classname="ptolemy.util.test.junit.AutoTests" name="[10] /home/travis/build/icyphy/ptII/ptolemy/domains/de/test/auto/ClockDriftAndValueChange.xml (RunModel)" time="0.036" />
  <testcase classname="ptolemy.util.test.junit.AutoTests" name="[11] /home/travis/build/icyphy/ptII/ptolemy/domains/de/test/auto/ClockDriftChange.xml (RunModel)" time="0.031" />
  <testcase classname="ptolemy.util.test.junit.AutoTests" name="[12] /home/travis/build/icyphy/ptII/ptolemy/domains/de/test/auto/ComposableCausalityAnalysis.xml (RunModel)" time="0.013" />
  <testcase classname="ptolemy.util.test.junit.AutoTests" name="[13] /home/travis/build/icyphy/ptII/ptolemy/domains/de/test/auto/DEFixedPointLimitation.xml (RunModel)" time="0.013" />
  <testcase classname="ptolemy.util.test.junit.AutoTests" name="[14] /home/travis/build/icyphy/ptII/ptolemy/domains/de/test/auto/DEScheduleTest.xml (RunModel)" time="0.016" />
  <testcase classname="ptolemy.util.test.junit.AutoTests" name="[15] /home/travis/build/icyphy/ptII/ptolemy/domains/de/test/auto/DEinDEwithStartTimes.xml (RunModel)" time="0.015" />
  <testcase classname="ptolemy.util.test.junit.AutoTests" name="[16] /home/travis/build/icyphy/ptII/ptolemy/domains/de/test/auto/DEinDEwithStartTimes2.xml (RunModel)" time="0.016" />
  <testcase classname="ptolemy.util.test.junit.AutoTests" name="[17] /home/travis/build/icyphy/ptII/ptolemy/domains/de/test/auto/DateDemo.xml (RunModel)" time="0.034" />
  <testcase classname="ptolemy.util.test.junit.AutoTests" name="[18] /home/travis/build/icyphy/ptII/ptolemy/domains/de/test/auto/DateToEvent.xml (RunModel)" time="2.04" />
  <testcase classname="ptolemy.util.test.junit.AutoTests" name="[19] /home/travis/build/icyphy/ptII/ptolemy/domains/de/test/auto/DepthTest1.xml (RunModel)" time="0.024" />
  <testcase classname="ptolemy.util.test.junit.AutoTests" name="[20] /home/travis/build/icyphy/ptII/ptolemy/domains/de/test/auto/DepthTest2.xml (RunModel)" time="0.02" />
  <testcase classname="ptolemy.util.test.junit.AutoTests" name="[21] /home/travis/build/icyphy/ptII/ptolemy/domains/de/test/auto/DepthTest3.xml (RunModel)" time="0.01" />
  <testcase classname="ptolemy.util.test.junit.AutoTests" name="[22] /home/travis/build/icyphy/ptII/ptolemy/domains/de/test/auto/DepthTest4.xml (RunModel)" time="0.021" />
  <testcase classname="ptolemy.util.test.junit.AutoTests" name="[23] /home/travis/build/icyphy/ptII/ptolemy/domains/de/test/auto/DepthTest5.xml (RunModel)" time="0.017" />
  <testcase classname="ptolemy.util.test.junit.AutoTests" name="[24] /home/travis/build/icyphy/ptII/ptolemy/domains/de/test/auto/DepthTest6.xml (RunModel)" time="0.019" />
  <testcase classname="ptolemy.util.test.junit.AutoTests" name="[25] /home/travis/build/icyphy/ptII/ptolemy/domains/de/test/auto/DepthTest7.xml (RunModel)" time="0.013" />
  <testcase classname="ptolemy.util.test.junit.AutoTests" name="[26] /home/travis/build/icyphy/ptII/ptolemy/domains/de/test/auto/EventToDate.xml (RunModel)" time="3.042" />
  <testcase classname="ptolemy.util.test.junit.AutoTests" name="[27] /home/travis/build/icyphy/ptII/ptolemy/domains/de/test/auto/FSM1.xml (RunModel)" time="0.051" />
  <testcase classname="ptolemy.util.test.junit.AutoTests" name="[28] /home/travis/build/icyphy/ptII/ptolemy/domains/de/test/auto/FSM7.xml (RunModel)" time="0.044" />
  <testcase classname="ptolemy.util.test.junit.AutoTests" name="[29] /home/travis/build/icyphy/ptII/ptolemy/domains/de/test/auto/Inspection.xml (RunModel)" time="0.047" />
  <testcase classname="ptolemy.util.test.junit.AutoTests" name="[30] /home/travis/build/icyphy/ptII/ptolemy/domains/de/test/auto/Iteration.xml (RunModel)" time="0.025" />
  <testcase classname="ptolemy.util.test.junit.AutoTests" name="[31] /home/travis/build/icyphy/ptII/ptolemy/domains/de/test/auto/LineFault.xml (RunModel)" time="0.631" />
  <testcase classname="ptolemy.util.test.junit.AutoTests" name="[32] /home/travis/build/icyphy/ptII/ptolemy/domains/de/test/auto/MergeModel1Add.xml (RunModel)" time="0.051" />
  <testcase classname="ptolemy.util.test.junit.AutoTests" name="[33] /home/travis/build/icyphy/ptII/ptolemy/domains/de/test/auto/MergeModel2Add.xml (RunModel)" time="0.045" />
  <testcase classname="ptolemy.util.test.junit.AutoTests" name="[34] /home/travis/build/icyphy/ptII/ptolemy/domains/de/test/auto/MergeModel3Add.xml (RunModel)" time="0.043" />
  <testcase classname="ptolemy.util.test.junit.AutoTests" name="[35] /home/travis/build/icyphy/ptII/ptolemy/domains/de/test/auto/MergeWithoutDiscard.xml (RunModel)" time="0.027" />
  <testcase classname="ptolemy.util.test.junit.AutoTests" name="[36] /home/travis/build/icyphy/ptII/ptolemy/domains/de/test/auto/Modal1.xml (RunModel)" time="0.027" />
  <testcase classname="ptolemy.util.test.junit.AutoTests" name="[37] /home/travis/build/icyphy/ptII/ptolemy/domains/de/test/auto/Modal2.xml (RunModel)" time="0.043" />
  <testcase classname="ptolemy.util.test.junit.AutoTests" name="[38] /home/travis/build/icyphy/ptII/ptolemy/domains/de/test/auto/Modal3.xml (RunModel)" time="0.031" />
  <testcase classname="ptolemy.util.test.junit.AutoTests" name="[39] /home/travis/build/icyphy/ptII/ptolemy/domains/de/test/auto/Modal4.xml (RunModel)" time="0.036" />
  <testcase classname="ptolemy.util.test.junit.AutoTests" name="[40] /home/travis/build/icyphy/ptII/ptolemy/domains/de/test/auto/Modal5.xml (RunModel)" time="0.027" />
  <testcase classname="ptolemy.util.test.junit.AutoTests" name="[41] /home/travis/build/icyphy/ptII/ptolemy/domains/de/test/auto/Modal6.xml (RunModel)" time="0.038" />
  <testcase classname="ptolemy.util.test.junit.AutoTests" name="[42] /home/travis/build/icyphy/ptII/ptolemy/domains/de/test/auto/Modal7.xml (RunModel)" time="0.029" />
  <testcase classname="ptolemy.util.test.junit.AutoTests" name="[43] /home/travis/build/icyphy/ptII/ptolemy/domains/de/test/auto/ModalModel.xml (RunModel)" time="0.204" />
  <testcase classname="ptolemy.util.test.junit.AutoTests" name="[44] /home/travis/build/icyphy/ptII/ptolemy/domains/de/test/auto/ModalSource.xml (RunModel)" time="0.026" />
  <testcase classname="ptolemy.util.test.junit.AutoTests" name="[45] /home/travis/build/icyphy/ptII/ptolemy/domains/de/test/auto/NonInterruptibleTimerZeroDelay.xml (RunModel)" time="0.009" />
  <testcase classname="ptolemy.util.test.junit.AutoTests" name="[46] /home/travis/build/icyphy/ptII/ptolemy/domains/de/test/auto/OpenQueueingNetwork.xml (RunModel)" time="2.547" />
  <testcase classname="ptolemy.util.test.junit.AutoTests" name="[47] /home/travis/build/icyphy/ptII/ptolemy/domains/de/test/auto/OpenQueuingNetwork.xml (RunModel)" time="0.305" />
  <testcase classname="ptolemy.util.test.junit.AutoTests" name="[48] /home/travis/build/icyphy/ptII/ptolemy/domains/de/test/auto/PeriodicSampler.xml (RunModel)" time="0.013" />
  <testcase classname="ptolemy.util.test.junit.AutoTests" name="[49] /home/travis/build/icyphy/ptII/ptolemy/domains/de/test/auto/PersistentIO.xml (RunModel)" time="0.024" />
  <testcase classname="ptolemy.util.test.junit.AutoTests" name="[50] /home/travis/build/icyphy/ptII/ptolemy/domains/de/test/auto/PortParameterResetOnInitialize.xml (RunModel)" time="0.015" />
  <testcase classname="ptolemy.util.test.junit.AutoTests" name="[51] /home/travis/build/icyphy/ptII/ptolemy/domains/de/test/auto/PortParameterUpdates.xml (RunModel)" time="0.017" />
  <testcase classname="ptolemy.util.test.junit.AutoTests" name="[52] /home/travis/build/icyphy/ptII/ptolemy/domains/de/test/auto/QueueAndServer.xml (RunModel)" time="0.024" />
  <testcase classname="ptolemy.util.test.junit.AutoTests" name="[53] /home/travis/build/icyphy/ptII/ptolemy/domains/de/test/auto/Records.xml (RunModel)" time="0.016" />
  <testcase classname="ptolemy.util.test.junit.AutoTests" name="[54] /home/travis/build/icyphy/ptII/ptolemy/domains/de/test/auto/ResetTransitionWithStartTime1.xml (RunModel)" time="0.024" />
  <testcase classname="ptolemy.util.test.junit.AutoTests" name="[55] /home/travis/build/icyphy/ptII/ptolemy/domains/de/test/auto/ResetTransitionWithStartTime2.xml (RunModel)" time="0.033" />
  <testcase classname="ptolemy.util.test.junit.AutoTests" name="[56] /home/travis/build/icyphy/ptII/ptolemy/domains/de/test/auto/ResetTransitionWithStartTime3.xml (RunModel)" time="0.023" />
  <testcase classname="ptolemy.util.test.junit.AutoTests" name="[57] /home/travis/build/icyphy/ptII/ptolemy/domains/de/test/auto/ResetTransitionWithStartTime4.xml (RunModel)" time="0.016" />
  <testcase classname="ptolemy.util.test.junit.AutoTests" name="[58] /home/travis/build/icyphy/ptII/ptolemy/domains/de/test/auto/ResettableTimer1.xml (RunModel)" time="0.014" />
  <testcase classname="ptolemy.util.test.junit.AutoTests" name="[59] /home/travis/build/icyphy/ptII/ptolemy/domains/de/test/auto/ResettableTimer2.xml (RunModel)" time="0.012" />
  <testcase classname="ptolemy.util.test.junit.AutoTests" name="[60] /home/travis/build/icyphy/ptII/ptolemy/domains/de/test/auto/ResettableTimer3.xml (RunModel)" time="0.008" />
  <testcase classname="ptolemy.util.test.junit.AutoTests" name="[61] /home/travis/build/icyphy/ptII/ptolemy/domains/de/test/auto/ResettableTimer4.xml (RunModel)" time="0.011" />
  <testcase classname="ptolemy.util.test.junit.AutoTests" name="[62] /home/travis/build/icyphy/ptII/ptolemy/domains/de/test/auto/ResettableTimer5.xml (RunModel)" time="0.009" />
  <testcase classname="ptolemy.util.test.junit.AutoTests" name="[63] /home/travis/build/icyphy/ptII/ptolemy/domains/de/test/auto/ResettableTimer6.xml (RunModel)" time="0.017" />
  <testcase classname="ptolemy.util.test.junit.AutoTests" name="[64] /home/travis/build/icyphy/ptII/ptolemy/domains/de/test/auto/ServerZeroDelay.xml (RunModel)" time="0.01" />
  <testcase classname="ptolemy.util.test.junit.AutoTests" name="[65] /home/travis/build/icyphy/ptII/ptolemy/domains/de/test/auto/SmartSender.xml (RunModel)" time="3.008" />
  <testcase classname="ptolemy.util.test.junit.AutoTests" name="[66] /home/travis/build/icyphy/ptII/ptolemy/domains/de/test/auto/ThreadedComposite.xml (RunModel)" time="0.11" />
  <testcase classname="ptolemy.util.test.junit.AutoTests" name="[67] /home/travis/build/icyphy/ptII/ptolemy/domains/de/test/auto/Time.xml (RunModel)" time="0.444" />
  <testcase classname="ptolemy.util.test.junit.AutoTests" name="[68] /home/travis/build/icyphy/ptII/ptolemy/domains/de/test/auto/TimeDelayZeroDelay.xml (RunModel)" time="0.013" />
  <testcase classname="ptolemy.util.test.junit.AutoTests" name="[69] /home/travis/build/icyphy/ptII/ptolemy/domains/de/test/auto/TimerZeroDelay.xml (RunModel)" time="0.012" />
  <testcase classname="ptolemy.util.test.junit.AutoTests" name="[70] /home/travis/build/icyphy/ptII/ptolemy/domains/de/test/auto/TimingParadox.xml (RunModel)" time="0.354" />
  <testcase classname="ptolemy.util.test.junit.AutoTests" name="[71] /home/travis/build/icyphy/ptII/ptolemy/domains/de/test/auto/TransferInputs.xml (RunModel)" time="0.01" />
  <testcase classname="ptolemy.util.test.junit.AutoTests" name="[72] /home/travis/build/icyphy/ptII/ptolemy/domains/de/test/auto/TransferOutputs2.xml (RunModel)" time="0.016" />
  <testcase classname="ptolemy.util.test.junit.AutoTests" name="[73] /home/travis/build/icyphy/ptII/ptolemy/domains/de/test/auto/Trilateration.xml (RunModel)" time="13.006" />
  <testcase classname="ptolemy.util.test.junit.AutoTests" name="[74] /home/travis/build/icyphy/ptII/ptolemy/domains/de/test/auto/TwoSigmaDelta.xml (RunModel)" time="2.205" />
  <testcase classname="ptolemy.util.test.junit.AutoTests" name="[75] /home/travis/build/icyphy/ptII/ptolemy/domains/de/test/auto/VariableDelay.xml (RunModel)" time="0.017" />
  <testcase classname="ptolemy.util.test.junit.AutoTests" name="[76] /home/travis/build/icyphy/ptII/ptolemy/domains/de/test/auto/VariableDelay2.xml (RunModel)" time="0.01" />
  <testcase classname="ptolemy.util.test.junit.AutoTests" name="[77] /home/travis/build/icyphy/ptII/ptolemy/domains/de/test/auto/VariableDelayZeroDelay.xml (RunModel)" time="0.012" />
  <testcase classname="ptolemy.util.test.junit.AutoTests" name="[78] /home/travis/build/icyphy/ptII/ptolemy/domains/de/test/auto/VariableDelayZeroDelay2.xml (RunModel)" time="0.01" />
  <testcase classname="ptolemy.util.test.junit.AutoTests" name="[79] /home/travis/build/icyphy/ptII/ptolemy/domains/de/test/auto/deInCt.xml (RunModel)" time="0.018" />
  <testcase classname="ptolemy.util.test.junit.AutoTests" name="[80] /home/travis/build/icyphy/ptII/ptolemy/domains/de/test/auto/deInCt2.xml (RunModel)" time="0.02" />
  <testcase classname="ptolemy.util.test.junit.AutoTests" name="[81] /home/travis/build/icyphy/ptII/ptolemy/domains/de/test/auto/dynamicCausalityInterface1.xml (RunModel)" time="0.02" />
  <testcase classname="ptolemy.util.test.junit.AutoTests" name="[82] /home/travis/build/icyphy/ptII/ptolemy/domains/de/test/auto/fsm_de_test.xml (RunModel)" time="0.027" />
  <testcase classname="ptolemy.util.test.junit.AutoTests" name="[83] /home/travis/build/icyphy/ptII/ptolemy/domains/de/test/auto/functionDependencyReconstruction.xml (RunModel)" time="0.03" />
  <testcase classname="ptolemy.util.test.junit.AutoTests" name="[84] /home/travis/build/icyphy/ptII/ptolemy/domains/de/test/auto/multirate.xml (RunModel)" time="0.025" />
  <testcase classname="ptolemy.util.test.junit.AutoTests" name="[85] /home/travis/build/icyphy/ptII/ptolemy/domains/de/test/auto/multirate2.xml (RunModel)" time="0.014" />
  <testcase classname="ptolemy.util.test.junit.AutoTests" name="[86] /home/travis/build/icyphy/ptII/ptolemy/domains/de/test/auto/realtime.xml (RunModel)" time="10.01" />
  <testcase classname="ptolemy.util.test.junit.AutoTests" name="[87] /home/travis/build/icyphy/ptII/ptolemy/domains/de/test/auto/relationGroup.xml (RunModel)" time="0.008" />
  <testcase classname="ptolemy.util.test.junit.AutoTests" name="[88] /home/travis/build/icyphy/ptII/ptolemy/domains/de/test/auto/relationGroup2.xml (RunModel)" time="0.007" />
  <testcase classname="ptolemy.util.test.junit.AutoTests" name="[89] /home/travis/build/icyphy/ptII/ptolemy/domains/de/test/auto/sortWithOpaquePorts.xml (RunModel)" time="0.017" />
  <testcase classname="ptolemy.util.test.junit.AutoTests" name="[90] /home/travis/build/icyphy/ptII/ptolemy/domains/de/test/auto/transferInputsandOutputs.xml (RunModel)" time="0.021" />
  <testcase classname="ptolemy.util.test.junit.AutoTests" name="[91] /home/travis/build/icyphy/ptII/ptolemy/domains/de/test/auto/triggerType.xml (RunModel)" time="0.009" />
  <system-out><![CDATA[/home/travis/build/icyphy/ptII/ptolemy/domains/de/test/DependencyLoop.tcl
testDefs.tcl: setting time out to 9000 seconds at Fri Sep 27 05:44:27 UTC 2019
63 ms. Memory: 120832K Free: 71624K (59%)
11 ms. Memory: 120832K Free: 54216K (45%)
/home/travis/build/icyphy/ptII/ptolemy/domains/de/test/RunDETestsAsQSS.tcl
Run the DE tests using ptolemy.domains.qss.test.QSSDirectorTest, which extends QSSDirector and prints a message in the constructors.
------------------ testing $PTII/ptolemy/domains/de/test/auto/knownFailedTests/DirectFeedback.xml (Known Failure) 
50 ms. Memory: 120832K Free: 48582K (40%)


==== $PTIIhome/travis/build/icyphy/ptII/ptolemy/domains/de/test/../../../../: Auto Automatic test in file $PTII/ptolemy/domains/de/test/auto/knownFailedTests/DirectFeedback.xml
==== Contents of test case:

	    # FIXME: we should use $relativeFilename here, but it
	    # might have backslashes under Windows, which causes no end
	    # of trouble.
	    createAndExecute $file
	    list {}
	
.... Test generated KNOWN error:
    while executing
ptolemy.kernel.util.IllegalActionException: Test fails in iteration 1.
Value was: 1.0. Should have been: 2.0
  in .DirectFeedback.Test
	at ptolemy.actor.lib.Test.fire(Test.java:268)
	at ptolemy.domains.de.kernel.DEDirector._fire(DEDirector.java:1949)
	at ptolemy.domains.de.kernel.DEDirector.fire(DEDirector.java:502)
	at ptolemy.actor.CompositeActor.fire(CompositeActor.java:455)
	at ptolemy.actor.Manager.iterate(Manager.java:851)
	at ptolemy.actor.Manager.execute(Manager.java:369)
	at ptolemy.actor.Manager.run(Manager.java:1263)
	at ptolemy.actor.Manager$PtolemyRunThread.run(Manager.java:1933)

    while executing
ptolemy.kernel.util.IllegalActionException: Test fails in iteration 1.
Value was: 1.0. Should have been: 2.0
  in .DirectFeedback.Test
    while executing
"java::new ptolemy.moml.MoMLSimpleApplication $file
"
    (procedure "createAndExecute" line 2)
    invoked from within
"createAndExecute $file"
    ("uplevel" body line 5)
    invoked from within
"uplevel $contents_of_test"
------------------ testing $PTII/ptolemy/domains/de/test/auto/knownFailedTests/dependencyLoop.xml (Known Failure) 
37 ms. Memory: 120832K Free: 108178K (90%)


==== $PTIIhome/travis/build/icyphy/ptII/ptolemy/domains/de/test/../../../../: Auto Automatic test in file $PTII/ptolemy/domains/de/test/auto/knownFailedTests/dependencyLoop.xml
==== Contents of test case:

	    # FIXME: we should use $relativeFilename here, but it
	    # might have backslashes under Windows, which causes no end
	    # of trouble.
	    createAndExecute $file
	    list {}
	
.... Test generated KNOWN error:
    while executing
ptolemy.kernel.util.IllegalActionException: Found a zero delay loop containing .dependencyLoop.original
  in .dependencyLoop and .dependencyLoop.original
	at ptolemy.actor.util.CausalityInterfaceForComposites._computeOutputPortDepth(CausalityInterfaceForComposites.java:759)
	at ptolemy.actor.util.CausalityInterfaceForComposites._computeInputDepth(CausalityInterfaceForComposites.java:696)
	at ptolemy.actor.util.CausalityInterfaceForComposites._computeOutputPortDepth(CausalityInterfaceForComposites.java:765)
	at ptolemy.actor.util.CausalityInterfaceForComposites._computeInputDepth(CausalityInterfaceForComposites.java:696)
	at ptolemy.actor.util.CausalityInterfaceForComposites._computeOutputPortDepth(CausalityInterfaceForComposites.java:765)
	at ptolemy.actor.util.CausalityInterfaceForComposites._computeInputDepth(CausalityInterfaceForComposites.java:696)
	at ptolemy.actor.util.CausalityInterfaceForComposites._computeActorDepth(CausalityInterfaceForComposites.java:532)
	at ptolemy.actor.util.CausalityInterfaceForComposites.checkForCycles(CausalityInterfaceForComposites.java:96)
	at ptolemy.domains.de.kernel.DEDirector.preinitialize(DEDirector.java:1338)
	at ptolemy.actor.CompositeActor.preinitialize(CompositeActor.java:1828)
	at ptolemy.actor.Manager.preinitializeAndResolveTypes(Manager.java:1040)
	at ptolemy.actor.Manager.initialize(Manager.java:710)
	at ptolemy.actor.Manager.execute(Manager.java:356)
	at ptolemy.actor.Manager.run(Manager.java:1263)
	at ptolemy.actor.Manager$PtolemyRunThread.run(Manager.java:1933)

    while executing
ptolemy.kernel.util.IllegalActionException: Found a zero delay loop containing .dependencyLoop.original
  in .dependencyLoop and .dependencyLoop.original
    while executing
"java::new ptolemy.moml.MoMLSimpleApplication $file
"
    (procedure "createAndExecute" line 2)
    invoked from within
"createAndExecute $file"
    ("uplevel" body line 5)
    invoked from within
"uplevel $contents_of_test"
------------------ testing $PTII/ptolemy/domains/de/test/auto/knownFailedTests/FSMSource.xml (Known Failure) 
80 ms. Memory: 120832K Free: 98771K (82%)
!!!! Auto was marked as failing, but now passes
------------------ testing $PTII/ptolemy/domains/de/test/auto/knownFailedTests/HierarchicalModel.xml (Known Failure) 
6 ms. Memory: 120832K Free: 81622K (68%)


==== $PTIIhome/travis/build/icyphy/ptII/ptolemy/domains/de/test/../../../../: Auto Automatic test in file $PTII/ptolemy/domains/de/test/auto/knownFailedTests/HierarchicalModel.xml
==== Contents of test case:

	    # FIXME: we should use $relativeFilename here, but it
	    # might have backslashes under Windows, which causes no end
	    # of trouble.
	    createAndExecute $file
	    list {}
	
.... Test generated KNOWN error:
    while executing
ptolemy.kernel.util.IllegalActionException: Found a zero delay loop containing .HierarchicalModel.A
  in .HierarchicalModel and .HierarchicalModel.A
	at ptolemy.actor.util.CausalityInterfaceForComposites._computeOutputPortDepth(CausalityInterfaceForComposites.java:759)
	at ptolemy.actor.util.CausalityInterfaceForComposites._computeInputDepth(CausalityInterfaceForComposites.java:696)
	at ptolemy.actor.util.CausalityInterfaceForComposites._computeOutputPortDepth(CausalityInterfaceForComposites.java:765)
	at ptolemy.actor.util.CausalityInterfaceForComposites._computeInputDepth(CausalityInterfaceForComposites.java:696)
	at ptolemy.actor.util.CausalityInterfaceForComposites._computeOutputPortDepth(CausalityInterfaceForComposites.java:765)
	at ptolemy.actor.util.CausalityInterfaceForComposites._computeInputDepth(CausalityInterfaceForComposites.java:696)
	at ptolemy.actor.util.CausalityInterfaceForComposites._computeActorDepth(CausalityInterfaceForComposites.java:532)
	at ptolemy.actor.util.CausalityInterfaceForComposites.checkForCycles(CausalityInterfaceForComposites.java:96)
	at ptolemy.domains.de.kernel.DEDirector.preinitialize(DEDirector.java:1338)
	at ptolemy.actor.CompositeActor.preinitialize(CompositeActor.java:1828)
	at ptolemy.actor.Manager.preinitializeAndResolveTypes(Manager.java:1040)
	at ptolemy.actor.Manager.initialize(Manager.java:710)
	at ptolemy.actor.Manager.execute(Manager.java:356)
	at ptolemy.actor.Manager.run(Manager.java:1263)
	at ptolemy.actor.Manager$PtolemyRunThread.run(Manager.java:1933)

    while executing
ptolemy.kernel.util.IllegalActionException: Found a zero delay loop containing .HierarchicalModel.A
  in .HierarchicalModel and .HierarchicalModel.A
    while executing
"java::new ptolemy.moml.MoMLSimpleApplication $file
"
    (procedure "createAndExecute" line 2)
    invoked from within
"createAndExecute $file"
    ("uplevel" body line 5)
    invoked from within
"uplevel $contents_of_test"
------------------ testing $PTII/ptolemy/domains/de/test/auto/knownFailedTests/dependencyLoop2.xml (Known Failure) 
30 ms. Memory: 120832K Free: 105236K (87%)


==== $PTIIhome/travis/build/icyphy/ptII/ptolemy/domains/de/test/../../../../: Auto Automatic test in file $PTII/ptolemy/domains/de/test/auto/knownFailedTests/dependencyLoop2.xml
==== Contents of test case:

	    # FIXME: we should use $relativeFilename here, but it
	    # might have backslashes under Windows, which causes no end
	    # of trouble.
	    createAndExecute $file
	    list {}
	
.... Test generated KNOWN error:
    while executing
ptolemy.kernel.util.IllegalActionException: Found a zero delay loop containing .dependencyLoop2.original
  in .dependencyLoop2 and .dependencyLoop2.original
	at ptolemy.actor.util.CausalityInterfaceForComposites._computeOutputPortDepth(CausalityInterfaceForComposites.java:759)
	at ptolemy.actor.util.CausalityInterfaceForComposites._computeInputDepth(CausalityInterfaceForComposites.java:696)
	at ptolemy.actor.util.CausalityInterfaceForComposites._computeOutputPortDepth(CausalityInterfaceForComposites.java:765)
	at ptolemy.actor.util.CausalityInterfaceForComposites._computeInputDepth(CausalityInterfaceForComposites.java:696)
	at ptolemy.actor.util.CausalityInterfaceForComposites._computeOutputPortDepth(CausalityInterfaceForComposites.java:765)
	at ptolemy.actor.util.CausalityInterfaceForComposites._computeInputDepth(CausalityInterfaceForComposites.java:696)
	at ptolemy.actor.util.CausalityInterfaceForComposites._computeActorDepth(CausalityInterfaceForComposites.java:532)
	at ptolemy.actor.util.CausalityInterfaceForComposites.checkForCycles(CausalityInterfaceForComposites.java:96)
	at ptolemy.domains.de.kernel.DEDirector.preinitialize(DEDirector.java:1338)
	at ptolemy.actor.CompositeActor.preinitialize(CompositeActor.java:1828)
	at ptolemy.actor.Manager.preinitializeAndResolveTypes(Manager.java:1040)
	at ptolemy.actor.Manager.initialize(Manager.java:710)
	at ptolemy.actor.Manager.execute(Manager.java:356)
	at ptolemy.actor.Manager.run(Manager.java:1263)
	at ptolemy.actor.Manager$PtolemyRunThread.run(Manager.java:1933)

    while executing
ptolemy.kernel.util.IllegalActionException: Found a zero delay loop containing .dependencyLoop2.original
  in .dependencyLoop2 and .dependencyLoop2.original
    while executing
"java::new ptolemy.moml.MoMLSimpleApplication $file
"
    (procedure "createAndExecute" line 2)
    invoked from within
"createAndExecute $file"
    ("uplevel" body line 5)
    invoked from within
"uplevel $contents_of_test"
------------------ testing $PTII/ptolemy/domains/de/test/auto/knownFailedTests/DESDFClockTest.xml (Known Failure) 
2062 ms. Memory: 120832K Free: 92236K (76%)


==== $PTIIhome/travis/build/icyphy/ptII/ptolemy/domains/de/test/../../../../: Auto Automatic test in file $PTII/ptolemy/domains/de/test/auto/knownFailedTests/DESDFClockTest.xml
==== Contents of test case:

	    # FIXME: we should use $relativeFilename here, but it
	    # might have backslashes under Windows, which causes no end
	    # of trouble.
	    createAndExecute $file
	    list {}
	
.... Test generated KNOWN error:
    while executing
ptolemy.kernel.util.IllegalActionException: Actor is not ready to fire.  Perhaps UpSample.prefire() returned false? Try debugging the actor by selecting "Listen to Actor".  Also, for SDF check moml for tokenConsumptionRate on input.
  in .DESDFClockTest.Play Bell.Copy1:SDF Director and .DESDFClockTest.Play Bell.UpSample
	at ptolemy.actor.sched.StaticSchedulingDirector.fire(StaticSchedulingDirector.java:227)
	at ptolemy.domains.sdf.kernel.SDFDirector.fire(SDFDirector.java:500)
	at ptolemy.actor.CompositeActor.fire(CompositeActor.java:455)
	at ptolemy.domains.de.kernel.DEDirector._fire(DEDirector.java:1949)
	at ptolemy.domains.de.kernel.DEDirector.fire(DEDirector.java:502)
	at ptolemy.actor.CompositeActor.fire(CompositeActor.java:455)
	at ptolemy.actor.Manager.iterate(Manager.java:851)
	at ptolemy.actor.Manager.execute(Manager.java:369)
	at ptolemy.actor.Manager.run(Manager.java:1263)
	at ptolemy.actor.Manager$PtolemyRunThread.run(Manager.java:1933)

    while executing
ptolemy.kernel.util.IllegalActionException: Actor is not ready to fire.  Perhaps UpSample.prefire() returned false? Try debugging the actor by selecting "Listen to Actor".  Also, for SDF check moml for tokenConsumptionRate on input.
  in .DESDFClockTest.Play Bell.Copy1:SDF Director and .DESDFClockTest.Play Bell.UpSample
    while executing
"java::new ptolemy.moml.MoMLSimpleApplication $file
"
    (procedure "createAndExecute" line 2)
    invoked from within
"createAndExecute $file"
    ("uplevel" body line 5)
    invoked from within
"uplevel $contents_of_test"
------------------ testing $PTII/ptolemy/domains/de/test/auto/ActorDepthCalculation_actorWithoutPorts.xml
auto.tcl: Setting watchdog for 200 seconds at Fri Sep 27 05:44:31 UTC 2019
5 ms. Memory: 120832K Free: 85022K (70%)
ptolemy.util.test.WatchDog.cancel(): canceling Fri Sep 27 05:44:31 UTC 2019
auto.tcl: Setting watchdog for 200 seconds at Fri Sep 27 05:44:31 UTC 2019
7 ms. Memory: 120832K Free: 83732K (69%)
ptolemy.util.test.WatchDog.cancel(): canceling Fri Sep 27 05:44:31 UTC 2019
------------------ testing $PTII/ptolemy/domains/de/test/auto/AssemblyLine.xml
auto.tcl: Setting watchdog for 200 seconds at Fri Sep 27 05:44:31 UTC 2019
24 ms. Memory: 48128K Free: 25770K (54%)
ptolemy.util.test.WatchDog.cancel(): canceling Fri Sep 27 05:44:32 UTC 2019
auto.tcl: Setting watchdog for 200 seconds at Fri Sep 27 05:44:32 UTC 2019
7 ms. Memory: 48128K Free: 24930K (52%)
ptolemy.util.test.WatchDog.cancel(): canceling Fri Sep 27 05:44:32 UTC 2019
------------------ testing $PTII/ptolemy/domains/de/test/auto/CQBug1.xml
auto.tcl: Setting watchdog for 200 seconds at Fri Sep 27 05:44:32 UTC 2019
3 ms. Memory: 48128K Free: 31604K (66%)
ptolemy.util.test.WatchDog.cancel(): canceling Fri Sep 27 05:44:32 UTC 2019
auto.tcl: Setting watchdog for 200 seconds at Fri Sep 27 05:44:32 UTC 2019
2 ms. Memory: 48128K Free: 31160K (65%)
ptolemy.util.test.WatchDog.cancel(): canceling Fri Sep 27 05:44:32 UTC 2019
------------------ testing $PTII/ptolemy/domains/de/test/auto/CancelFireAt.xml
auto.tcl: Setting watchdog for 200 seconds at Fri Sep 27 05:44:32 UTC 2019
3 ms. Memory: 45056K Free: 29701K (66%)
ptolemy.util.test.WatchDog.cancel(): canceling Fri Sep 27 05:44:32 UTC 2019
auto.tcl: Setting watchdog for 200 seconds at Fri Sep 27 05:44:32 UTC 2019
2 ms. Memory: 45056K Free: 29274K (65%)
ptolemy.util.test.WatchDog.cancel(): canceling Fri Sep 27 05:44:32 UTC 2019
------------------ testing $PTII/ptolemy/domains/de/test/auto/CausalityAndComposabilityAnalysis.xml
auto.tcl: Setting watchdog for 200 seconds at Fri Sep 27 05:44:32 UTC 2019
6 ms. Memory: 45056K Free: 27413K (61%)
ptolemy.util.test.WatchDog.cancel(): canceling Fri Sep 27 05:44:32 UTC 2019
auto.tcl: Setting watchdog for 200 seconds at Fri Sep 27 05:44:32 UTC 2019
9 ms. Memory: 45056K Free: 27027K (60%)
ptolemy.util.test.WatchDog.cancel(): canceling Fri Sep 27 05:44:32 UTC 2019
------------------ testing $PTII/ptolemy/domains/de/test/auto/CausalityInterface1.xml
auto.tcl: Setting watchdog for 200 seconds at Fri Sep 27 05:44:32 UTC 2019
25 ms. Memory: 45056K Free: 26389K (59%)
ptolemy.util.test.WatchDog.cancel(): canceling Fri Sep 27 05:44:32 UTC 2019
auto.tcl: Setting watchdog for 200 seconds at Fri Sep 27 05:44:32 UTC 2019
4 ms. Memory: 45056K Free: 25445K (56%)
ptolemy.util.test.WatchDog.cancel(): canceling Fri Sep 27 05:44:32 UTC 2019
------------------ testing $PTII/ptolemy/domains/de/test/auto/CausalityInterface15.xml
auto.tcl: Setting watchdog for 200 seconds at Fri Sep 27 05:44:32 UTC 2019
9 ms. Memory: 45056K Free: 26067K (58%)
ptolemy.util.test.WatchDog.cancel(): canceling Fri Sep 27 05:44:32 UTC 2019
auto.tcl: Setting watchdog for 200 seconds at Fri Sep 27 05:44:32 UTC 2019
5 ms. Memory: 45056K Free: 25356K (56%)
ptolemy.util.test.WatchDog.cancel(): canceling Fri Sep 27 05:44:32 UTC 2019
------------------ testing $PTII/ptolemy/domains/de/test/auto/CausalityInterface2.xml
auto.tcl: Setting watchdog for 200 seconds at Fri Sep 27 05:44:32 UTC 2019
5 ms. Memory: 45056K Free: 27000K (60%)
ptolemy.util.test.WatchDog.cancel(): canceling Fri Sep 27 05:44:32 UTC 2019
auto.tcl: Setting watchdog for 200 seconds at Fri Sep 27 05:44:32 UTC 2019
3 ms. Memory: 45056K Free: 26284K (58%)
ptolemy.util.test.WatchDog.cancel(): canceling Fri Sep 27 05:44:32 UTC 2019
------------------ testing $PTII/ptolemy/domains/de/test/auto/CausalityInterface3.xml
auto.tcl: Setting watchdog for 200 seconds at Fri Sep 27 05:44:32 UTC 2019
7 ms. Memory: 45056K Free: 26214K (58%)
ptolemy.util.test.WatchDog.cancel(): canceling Fri Sep 27 05:44:32 UTC 2019
auto.tcl: Setting watchdog for 200 seconds at Fri Sep 27 05:44:32 UTC 2019
3 ms. Memory: 45056K Free: 25664K (57%)
ptolemy.util.test.WatchDog.cancel(): canceling Fri Sep 27 05:44:32 UTC 2019
------------------ testing $PTII/ptolemy/domains/de/test/auto/ClockDrift.xml
auto.tcl: Setting watchdog for 200 seconds at Fri Sep 27 05:44:32 UTC 2019
98 ms. Memory: 45056K Free: 19056K (42%)
ptolemy.util.test.WatchDog.cancel(): canceling Fri Sep 27 05:44:32 UTC 2019
auto.tcl: Setting watchdog for 200 seconds at Fri Sep 27 05:44:32 UTC 2019
57 ms. Memory: 45056K Free: 16064K (36%)
ptolemy.util.test.WatchDog.cancel(): canceling Fri Sep 27 05:44:33 UTC 2019
------------------ testing $PTII/ptolemy/domains/de/test/auto/ClockDriftAndValueChange.xml
auto.tcl: Setting watchdog for 200 seconds at Fri Sep 27 05:44:33 UTC 2019
47 ms. Memory: 45056K Free: 19136K (42%)
ptolemy.util.test.WatchDog.cancel(): canceling Fri Sep 27 05:44:33 UTC 2019
auto.tcl: Setting watchdog for 200 seconds at Fri Sep 27 05:44:33 UTC 2019
38 ms. Memory: 45056K Free: 16282K (36%)
ptolemy.util.test.WatchDog.cancel(): canceling Fri Sep 27 05:44:33 UTC 2019
------------------ testing $PTII/ptolemy/domains/de/test/auto/ClockDriftChange.xml
auto.tcl: Setting watchdog for 200 seconds at Fri Sep 27 05:44:33 UTC 2019
21 ms. Memory: 45056K Free: 21185K (47%)
ptolemy.util.test.WatchDog.cancel(): canceling Fri Sep 27 05:44:33 UTC 2019
auto.tcl: Setting watchdog for 200 seconds at Fri Sep 27 05:44:33 UTC 2019
16 ms. Memory: 45056K Free: 18334K (41%)
ptolemy.util.test.WatchDog.cancel(): canceling Fri Sep 27 05:44:33 UTC 2019
------------------ testing $PTII/ptolemy/domains/de/test/auto/ComposableCausalityAnalysis.xml
auto.tcl: Setting watchdog for 200 seconds at Fri Sep 27 05:44:33 UTC 2019
2 ms. Memory: 45056K Free: 25766K (57%)
ptolemy.util.test.WatchDog.cancel(): canceling Fri Sep 27 05:44:33 UTC 2019
auto.tcl: Setting watchdog for 200 seconds at Fri Sep 27 05:44:33 UTC 2019
5 ms. Memory: 45056K Free: 24508K (54%)
ptolemy.util.test.WatchDog.cancel(): canceling Fri Sep 27 05:44:33 UTC 2019
------------------ testing $PTII/ptolemy/domains/de/test/auto/DEFixedPointLimitation.xml
auto.tcl: Setting watchdog for 200 seconds at Fri Sep 27 05:44:33 UTC 2019
2 ms. Memory: 45056K Free: 27144K (60%)
ptolemy.util.test.WatchDog.cancel(): canceling Fri Sep 27 05:44:33 UTC 2019
auto.tcl: Setting watchdog for 200 seconds at Fri Sep 27 05:44:33 UTC 2019
2 ms. Memory: 45056K Free: 26257K (58%)
ptolemy.util.test.WatchDog.cancel(): canceling Fri Sep 27 05:44:33 UTC 2019
------------------ testing $PTII/ptolemy/domains/de/test/auto/DEScheduleTest.xml
auto.tcl: Setting watchdog for 200 seconds at Fri Sep 27 05:44:33 UTC 2019
10 ms. Memory: 45056K Free: 27477K (61%)
ptolemy.util.test.WatchDog.cancel(): canceling Fri Sep 27 05:44:33 UTC 2019
auto.tcl: Setting watchdog for 200 seconds at Fri Sep 27 05:44:33 UTC 2019
3 ms. Memory: 45056K Free: 26729K (59%)
ptolemy.util.test.WatchDog.cancel(): canceling Fri Sep 27 05:44:33 UTC 2019
------------------ testing $PTII/ptolemy/domains/de/test/auto/DEinDEwithStartTimes.xml
auto.tcl: Setting watchdog for 200 seconds at Fri Sep 27 05:44:33 UTC 2019
3 ms. Memory: 45056K Free: 25624K (57%)
ptolemy.util.test.WatchDog.cancel(): canceling Fri Sep 27 05:44:33 UTC 2019
auto.tcl: Setting watchdog for 200 seconds at Fri Sep 27 05:44:33 UTC 2019
6 ms. Memory: 45056K Free: 24573K (55%)
ptolemy.util.test.WatchDog.cancel(): canceling Fri Sep 27 05:44:33 UTC 2019
------------------ testing $PTII/ptolemy/domains/de/test/auto/DEinDEwithStartTimes2.xml
auto.tcl: Setting watchdog for 200 seconds at Fri Sep 27 05:44:33 UTC 2019
4 ms. Memory: 45056K Free: 24826K (55%)
ptolemy.util.test.WatchDog.cancel(): canceling Fri Sep 27 05:44:33 UTC 2019
auto.tcl: Setting watchdog for 200 seconds at Fri Sep 27 05:44:33 UTC 2019
4 ms. Memory: 45056K Free: 23526K (52%)
ptolemy.util.test.WatchDog.cancel(): canceling Fri Sep 27 05:44:33 UTC 2019
------------------ testing $PTII/ptolemy/domains/de/test/auto/DateDemo.xml
auto.tcl: Setting watchdog for 200 seconds at Fri Sep 27 05:44:33 UTC 2019
15 ms. Memory: 45056K Free: 19178K (43%)
ptolemy.util.test.WatchDog.cancel(): canceling Fri Sep 27 05:44:33 UTC 2019
auto.tcl: Setting watchdog for 200 seconds at Fri Sep 27 05:44:33 UTC 2019
7 ms. Memory: 45056K Free: 17642K (39%)
ptolemy.util.test.WatchDog.cancel(): canceling Fri Sep 27 05:44:33 UTC 2019
------------------ testing $PTII/ptolemy/domains/de/test/auto/DateToEvent.xml
auto.tcl: Setting watchdog for 200 seconds at Fri Sep 27 05:44:33 UTC 2019
2009 ms. Memory: 45056K Free: 15088K (33%)
ptolemy.util.test.WatchDog.cancel(): canceling Fri Sep 27 05:44:36 UTC 2019
auto.tcl: Setting watchdog for 200 seconds at Fri Sep 27 05:44:36 UTC 2019
2004 ms. Memory: 45056K Free: 14389K (32%)
ptolemy.util.test.WatchDog.cancel(): canceling Fri Sep 27 05:44:38 UTC 2019
------------------ testing $PTII/ptolemy/domains/de/test/auto/DepthTest1.xml
auto.tcl: Setting watchdog for 200 seconds at Fri Sep 27 05:44:38 UTC 2019
3 ms. Memory: 45056K Free: 28380K (63%)
ptolemy.util.test.WatchDog.cancel(): canceling Fri Sep 27 05:44:38 UTC 2019
auto.tcl: Setting watchdog for 200 seconds at Fri Sep 27 05:44:38 UTC 2019
2 ms. Memory: 45056K Free: 27873K (62%)
ptolemy.util.test.WatchDog.cancel(): canceling Fri Sep 27 05:44:38 UTC 2019
------------------ testing $PTII/ptolemy/domains/de/test/auto/DepthTest2.xml
auto.tcl: Setting watchdog for 200 seconds at Fri Sep 27 05:44:38 UTC 2019
3 ms. Memory: 45056K Free: 25121K (56%)
ptolemy.util.test.WatchDog.cancel(): canceling Fri Sep 27 05:44:38 UTC 2019
auto.tcl: Setting watchdog for 200 seconds at Fri Sep 27 05:44:38 UTC 2019
2 ms. Memory: 45056K Free: 24743K (55%)
ptolemy.util.test.WatchDog.cancel(): canceling Fri Sep 27 05:44:38 UTC 2019
------------------ testing $PTII/ptolemy/domains/de/test/auto/DepthTest3.xml
auto.tcl: Setting watchdog for 200 seconds at Fri Sep 27 05:44:38 UTC 2019
3 ms. Memory: 45056K Free: 28703K (64%)
ptolemy.util.test.WatchDog.cancel(): canceling Fri Sep 27 05:44:38 UTC 2019
auto.tcl: Setting watchdog for 200 seconds at Fri Sep 27 05:44:38 UTC 2019
2 ms. Memory: 45056K Free: 28165K (63%)
ptolemy.util.test.WatchDog.cancel(): canceling Fri Sep 27 05:44:38 UTC 2019
------------------ testing $PTII/ptolemy/domains/de/test/auto/DepthTest4.xml
auto.tcl: Setting watchdog for 200 seconds at Fri Sep 27 05:44:38 UTC 2019
7 ms. Memory: 45056K Free: 26930K (60%)
ptolemy.util.test.WatchDog.cancel(): canceling Fri Sep 27 05:44:38 UTC 2019
auto.tcl: Setting watchdog for 200 seconds at Fri Sep 27 05:44:38 UTC 2019
2 ms. Memory: 45056K Free: 26224K (58%)
ptolemy.util.test.WatchDog.cancel(): canceling Fri Sep 27 05:44:38 UTC 2019
------------------ testing $PTII/ptolemy/domains/de/test/auto/DepthTest5.xml
auto.tcl: Setting watchdog for 200 seconds at Fri Sep 27 05:44:38 UTC 2019
4 ms. Memory: 45056K Free: 26061K (58%)
ptolemy.util.test.WatchDog.cancel(): canceling Fri Sep 27 05:44:38 UTC 2019
auto.tcl: Setting watchdog for 200 seconds at Fri Sep 27 05:44:38 UTC 2019
2 ms. Memory: 45056K Free: 25683K (57%)
ptolemy.util.test.WatchDog.cancel(): canceling Fri Sep 27 05:44:38 UTC 2019
------------------ testing $PTII/ptolemy/domains/de/test/auto/DepthTest6.xml
auto.tcl: Setting watchdog for 200 seconds at Fri Sep 27 05:44:38 UTC 2019
3 ms. Memory: 45056K Free: 26055K (58%)
ptolemy.util.test.WatchDog.cancel(): canceling Fri Sep 27 05:44:38 UTC 2019
auto.tcl: Setting watchdog for 200 seconds at Fri Sep 27 05:44:38 UTC 2019
3 ms. Memory: 45056K Free: 25644K (57%)
ptolemy.util.test.WatchDog.cancel(): canceling Fri Sep 27 05:44:38 UTC 2019
------------------ testing $PTII/ptolemy/domains/de/test/auto/DepthTest7.xml
auto.tcl: Setting watchdog for 200 seconds at Fri Sep 27 05:44:38 UTC 2019
3 ms. Memory: 45056K Free: 26848K (60%)
ptolemy.util.test.WatchDog.cancel(): canceling Fri Sep 27 05:44:38 UTC 2019
auto.tcl: Setting watchdog for 200 seconds at Fri Sep 27 05:44:38 UTC 2019
5 ms. Memory: 45056K Free: 26108K (58%)
ptolemy.util.test.WatchDog.cancel(): canceling Fri Sep 27 05:44:38 UTC 2019
------------------ testing $PTII/ptolemy/domains/de/test/auto/EventToDate.xml
auto.tcl: Setting watchdog for 200 seconds at Fri Sep 27 05:44:38 UTC 2019
3012 ms. Memory: 45056K Free: 17474K (39%)
ptolemy.util.test.WatchDog.cancel(): canceling Fri Sep 27 05:44:41 UTC 2019
auto.tcl: Setting watchdog for 200 seconds at Fri Sep 27 05:44:41 UTC 2019
3005 ms. Memory: 45056K Free: 16930K (38%)
ptolemy.util.test.WatchDog.cancel(): canceling Fri Sep 27 05:44:44 UTC 2019
------------------ testing $PTII/ptolemy/domains/de/test/auto/FSM1.xml
auto.tcl: Setting watchdog for 200 seconds at Fri Sep 27 05:44:44 UTC 2019
21 ms. Memory: 45056K Free: 18854K (42%)
ptolemy.util.test.WatchDog.cancel(): canceling Fri Sep 27 05:44:44 UTC 2019
auto.tcl: Setting watchdog for 200 seconds at Fri Sep 27 05:44:44 UTC 2019
29 ms. Memory: 45056K Free: 15591K (35%)
ptolemy.util.test.WatchDog.cancel(): canceling Fri Sep 27 05:44:44 UTC 2019
------------------ testing $PTII/ptolemy/domains/de/test/auto/FSM7.xml
auto.tcl: Setting watchdog for 200 seconds at Fri Sep 27 05:44:44 UTC 2019
15 ms. Memory: 45056K Free: 18533K (41%)
ptolemy.util.test.WatchDog.cancel(): canceling Fri Sep 27 05:44:44 UTC 2019
auto.tcl: Setting watchdog for 200 seconds at Fri Sep 27 05:44:44 UTC 2019
16 ms. Memory: 45056K Free: 15444K (34%)
ptolemy.util.test.WatchDog.cancel(): canceling Fri Sep 27 05:44:44 UTC 2019
------------------ testing $PTII/ptolemy/domains/de/test/auto/Inspection.xml
auto.tcl: Setting watchdog for 200 seconds at Fri Sep 27 05:44:45 UTC 2019
52 ms. Memory: 45056K Free: 18611K (41%)
ptolemy.util.test.WatchDog.cancel(): canceling Fri Sep 27 05:44:45 UTC 2019
auto.tcl: Setting watchdog for 200 seconds at Fri Sep 27 05:44:45 UTC 2019
23 ms. Memory: 45056K Free: 16859K (37%)
ptolemy.util.test.WatchDog.cancel(): canceling Fri Sep 27 05:44:45 UTC 2019
------------------ testing $PTII/ptolemy/domains/de/test/auto/Iteration.xml
auto.tcl: Setting watchdog for 200 seconds at Fri Sep 27 05:44:45 UTC 2019
10 ms. Memory: 45056K Free: 24296K (54%)
ptolemy.util.test.WatchDog.cancel(): canceling Fri Sep 27 05:44:45 UTC 2019
auto.tcl: Setting watchdog for 200 seconds at Fri Sep 27 05:44:45 UTC 2019
6 ms. Memory: 45056K Free: 22899K (51%)
ptolemy.util.test.WatchDog.cancel(): canceling Fri Sep 27 05:44:45 UTC 2019
------------------ testing $PTII/ptolemy/domains/de/test/auto/LineFault.xml
auto.tcl: Setting watchdog for 200 seconds at Fri Sep 27 05:44:45 UTC 2019
615 ms. Memory: 55296K Free: 34159K (62%)
ptolemy.util.test.WatchDog.cancel(): canceling Fri Sep 27 05:44:46 UTC 2019
auto.tcl: Setting watchdog for 200 seconds at Fri Sep 27 05:44:46 UTC 2019
584 ms. Memory: 55296K Free: 30325K (55%)
ptolemy.util.test.WatchDog.cancel(): canceling Fri Sep 27 05:44:46 UTC 2019
------------------ testing $PTII/ptolemy/domains/de/test/auto/MergeModel1Add.xml
auto.tcl: Setting watchdog for 200 seconds at Fri Sep 27 05:44:46 UTC 2019
29 ms. Memory: 55296K Free: 20212K (37%)
ptolemy.util.test.WatchDog.cancel(): canceling Fri Sep 27 05:44:46 UTC 2019
auto.tcl: Setting watchdog for 200 seconds at Fri Sep 27 05:44:46 UTC 2019
11 ms. Memory: 55296K Free: 18474K (33%)
ptolemy.util.test.WatchDog.cancel(): canceling Fri Sep 27 05:44:46 UTC 2019
------------------ testing $PTII/ptolemy/domains/de/test/auto/MergeModel2Add.xml
auto.tcl: Setting watchdog for 200 seconds at Fri Sep 27 05:44:46 UTC 2019
7 ms. Memory: 51200K Free: 18158K (35%)
ptolemy.util.test.WatchDog.cancel(): canceling Fri Sep 27 05:44:47 UTC 2019
auto.tcl: Setting watchdog for 200 seconds at Fri Sep 27 05:44:47 UTC 2019
7 ms. Memory: 51200K Free: 16186K (32%)
ptolemy.util.test.WatchDog.cancel(): canceling Fri Sep 27 05:44:47 UTC 2019
------------------ testing $PTII/ptolemy/domains/de/test/auto/MergeModel3Add.xml
auto.tcl: Setting watchdog for 200 seconds at Fri Sep 27 05:44:47 UTC 2019
7 ms. Memory: 51200K Free: 18183K (36%)
ptolemy.util.test.WatchDog.cancel(): canceling Fri Sep 27 05:44:47 UTC 2019
auto.tcl: Setting watchdog for 200 seconds at Fri Sep 27 05:44:47 UTC 2019
6 ms. Memory: 51200K Free: 16712K (33%)
ptolemy.util.test.WatchDog.cancel(): canceling Fri Sep 27 05:44:47 UTC 2019
------------------ testing $PTII/ptolemy/domains/de/test/auto/MergeWithoutDiscard.xml
auto.tcl: Setting watchdog for 200 seconds at Fri Sep 27 05:44:47 UTC 2019
2 ms. Memory: 48128K Free: 29973K (62%)
ptolemy.util.test.WatchDog.cancel(): canceling Fri Sep 27 05:44:47 UTC 2019
auto.tcl: Setting watchdog for 200 seconds at Fri Sep 27 05:44:47 UTC 2019
1 ms. Memory: 48128K Free: 29051K (60%)
ptolemy.util.test.WatchDog.cancel(): canceling Fri Sep 27 05:44:47 UTC 2019
------------------ testing $PTII/ptolemy/domains/de/test/auto/Modal1.xml
auto.tcl: Setting watchdog for 200 seconds at Fri Sep 27 05:44:47 UTC 2019
20 ms. Memory: 48128K Free: 21576K (45%)
ptolemy.util.test.WatchDog.cancel(): canceling Fri Sep 27 05:44:47 UTC 2019
auto.tcl: Setting watchdog for 200 seconds at Fri Sep 27 05:44:47 UTC 2019
19 ms. Memory: 48128K Free: 18118K (38%)
ptolemy.util.test.WatchDog.cancel(): canceling Fri Sep 27 05:44:47 UTC 2019
------------------ testing $PTII/ptolemy/domains/de/test/auto/Modal2.xml
auto.tcl: Setting watchdog for 200 seconds at Fri Sep 27 05:44:47 UTC 2019
11 ms. Memory: 48128K Free: 21968K (46%)
ptolemy.util.test.WatchDog.cancel(): canceling Fri Sep 27 05:44:47 UTC 2019
auto.tcl: Setting watchdog for 200 seconds at Fri Sep 27 05:44:47 UTC 2019
12 ms. Memory: 48128K Free: 18478K (38%)
ptolemy.util.test.WatchDog.cancel(): canceling Fri Sep 27 05:44:47 UTC 2019
------------------ testing $PTII/ptolemy/domains/de/test/auto/Modal3.xml
auto.tcl: Setting watchdog for 200 seconds at Fri Sep 27 05:44:47 UTC 2019
11 ms. Memory: 48128K Free: 21383K (44%)
ptolemy.util.test.WatchDog.cancel(): canceling Fri Sep 27 05:44:47 UTC 2019
auto.tcl: Setting watchdog for 200 seconds at Fri Sep 27 05:44:47 UTC 2019
12 ms. Memory: 48128K Free: 18443K (38%)
ptolemy.util.test.WatchDog.cancel(): canceling Fri Sep 27 05:44:47 UTC 2019
------------------ testing $PTII/ptolemy/domains/de/test/auto/Modal4.xml
auto.tcl: Setting watchdog for 200 seconds at Fri Sep 27 05:44:47 UTC 2019
13 ms. Memory: 48128K Free: 20662K (43%)
ptolemy.util.test.WatchDog.cancel(): canceling Fri Sep 27 05:44:47 UTC 2019
auto.tcl: Setting watchdog for 200 seconds at Fri Sep 27 05:44:47 UTC 2019
14 ms. Memory: 48128K Free: 16844K (35%)
ptolemy.util.test.WatchDog.cancel(): canceling Fri Sep 27 05:44:47 UTC 2019
------------------ testing $PTII/ptolemy/domains/de/test/auto/Modal5.xml
auto.tcl: Setting watchdog for 200 seconds at Fri Sep 27 05:44:47 UTC 2019
15 ms. Memory: 48128K Free: 20679K (43%)
ptolemy.util.test.WatchDog.cancel(): canceling Fri Sep 27 05:44:47 UTC 2019
auto.tcl: Setting watchdog for 200 seconds at Fri Sep 27 05:44:47 UTC 2019
16 ms. Memory: 48128K Free: 16831K (35%)
ptolemy.util.test.WatchDog.cancel(): canceling Fri Sep 27 05:44:47 UTC 2019
------------------ testing $PTII/ptolemy/domains/de/test/auto/Modal6.xml
auto.tcl: Setting watchdog for 200 seconds at Fri Sep 27 05:44:47 UTC 2019
11 ms. Memory: 48128K Free: 21441K (45%)
ptolemy.util.test.WatchDog.cancel(): canceling Fri Sep 27 05:44:47 UTC 2019
auto.tcl: Setting watchdog for 200 seconds at Fri Sep 27 05:44:47 UTC 2019
14 ms. Memory: 48128K Free: 17457K (36%)
ptolemy.util.test.WatchDog.cancel(): canceling Fri Sep 27 05:44:47 UTC 2019
------------------ testing $PTII/ptolemy/domains/de/test/auto/Modal7.xml
auto.tcl: Setting watchdog for 200 seconds at Fri Sep 27 05:44:47 UTC 2019
9 ms. Memory: 48128K Free: 20389K (42%)
ptolemy.util.test.WatchDog.cancel(): canceling Fri Sep 27 05:44:48 UTC 2019
auto.tcl: Setting watchdog for 200 seconds at Fri Sep 27 05:44:48 UTC 2019
8 ms. Memory: 48128K Free: 16830K (35%)
ptolemy.util.test.WatchDog.cancel(): canceling Fri Sep 27 05:44:48 UTC 2019
------------------ testing $PTII/ptolemy/domains/de/test/auto/ModalModel.xml
auto.tcl: Setting watchdog for 200 seconds at Fri Sep 27 05:44:48 UTC 2019
184 ms. Memory: 61440K Free: 25180K (41%)
ptolemy.util.test.WatchDog.cancel(): canceling Fri Sep 27 05:44:48 UTC 2019
auto.tcl: Setting watchdog for 200 seconds at Fri Sep 27 05:44:48 UTC 2019
180 ms. Memory: 61440K Free: 25689K (42%)
ptolemy.util.test.WatchDog.cancel(): canceling Fri Sep 27 05:44:48 UTC 2019
------------------ testing $PTII/ptolemy/domains/de/test/auto/ModalSource.xml
auto.tcl: Setting watchdog for 200 seconds at Fri Sep 27 05:44:48 UTC 2019
9 ms. Memory: 51200K Free: 28576K (56%)
ptolemy.util.test.WatchDog.cancel(): canceling Fri Sep 27 05:44:48 UTC 2019
auto.tcl: Setting watchdog for 200 seconds at Fri Sep 27 05:44:48 UTC 2019
7 ms. Memory: 51200K Free: 26528K (52%)
ptolemy.util.test.WatchDog.cancel(): canceling Fri Sep 27 05:44:48 UTC 2019
------------------ testing $PTII/ptolemy/domains/de/test/auto/NonInterruptibleTimerZeroDelay.xml
auto.tcl: Setting watchdog for 200 seconds at Fri Sep 27 05:44:48 UTC 2019
4 ms. Memory: 51200K Free: 33466K (65%)
ptolemy.util.test.WatchDog.cancel(): canceling Fri Sep 27 05:44:48 UTC 2019
auto.tcl: Setting watchdog for 200 seconds at Fri Sep 27 05:44:48 UTC 2019
3 ms. Memory: 51200K Free: 32862K (64%)
ptolemy.util.test.WatchDog.cancel(): canceling Fri Sep 27 05:44:48 UTC 2019
------------------ testing $PTII/ptolemy/domains/de/test/auto/OpenQueueingNetwork.xml
auto.tcl: Setting watchdog for 200 seconds at Fri Sep 27 05:44:48 UTC 2019
2923 ms. Memory: 99328K Free: 45905K (46%)
ptolemy.util.test.WatchDog.cancel(): canceling Fri Sep 27 05:44:51 UTC 2019
auto.tcl: Setting watchdog for 200 seconds at Fri Sep 27 05:44:51 UTC 2019
2759 ms. Memory: 147456K Free: 116083K (79%)
ptolemy.util.test.WatchDog.cancel(): canceling Fri Sep 27 05:44:54 UTC 2019
------------------ testing $PTII/ptolemy/domains/de/test/auto/OpenQueuingNetwork.xml
auto.tcl: Setting watchdog for 200 seconds at Fri Sep 27 05:44:54 UTC 2019
279 ms. Memory: 55296K Free: 25184K (46%)
ptolemy.util.test.WatchDog.cancel(): canceling Fri Sep 27 05:44:55 UTC 2019
auto.tcl: Setting watchdog for 200 seconds at Fri Sep 27 05:44:55 UTC 2019
263 ms. Memory: 55296K Free: 33643K (61%)
ptolemy.util.test.WatchDog.cancel(): canceling Fri Sep 27 05:44:55 UTC 2019
------------------ testing $PTII/ptolemy/domains/de/test/auto/PeriodicSampler.xml
auto.tcl: Setting watchdog for 200 seconds at Fri Sep 27 05:44:55 UTC 2019
2 ms. Memory: 51200K Free: 32708K (64%)
ptolemy.util.test.WatchDog.cancel(): canceling Fri Sep 27 05:44:55 UTC 2019
auto.tcl: Setting watchdog for 200 seconds at Fri Sep 27 05:44:55 UTC 2019
1 ms. Memory: 51200K Free: 32218K (63%)
ptolemy.util.test.WatchDog.cancel(): canceling Fri Sep 27 05:44:55 UTC 2019
------------------ testing $PTII/ptolemy/domains/de/test/auto/PersistentIO.xml
auto.tcl: Setting watchdog for 200 seconds at Fri Sep 27 05:44:55 UTC 2019
5 ms. Memory: 48128K Free: 24560K (51%)
ptolemy.util.test.WatchDog.cancel(): canceling Fri Sep 27 05:44:55 UTC 2019
auto.tcl: Setting watchdog for 200 seconds at Fri Sep 27 05:44:55 UTC 2019
4 ms. Memory: 48128K Free: 23067K (48%)
ptolemy.util.test.WatchDog.cancel(): canceling Fri Sep 27 05:44:55 UTC 2019
------------------ testing $PTII/ptolemy/domains/de/test/auto/PortParameterResetOnInitialize.xml
auto.tcl: Setting watchdog for 200 seconds at Fri Sep 27 05:44:55 UTC 2019
8 ms. Memory: 48128K Free: 29544K (61%)
ptolemy.util.test.WatchDog.cancel(): canceling Fri Sep 27 05:44:55 UTC 2019
auto.tcl: Setting watchdog for 200 seconds at Fri Sep 27 05:44:55 UTC 2019
2 ms. Memory: 48128K Free: 29075K (60%)
ptolemy.util.test.WatchDog.cancel(): canceling Fri Sep 27 05:44:55 UTC 2019
------------------ testing $PTII/ptolemy/domains/de/test/auto/PortParameterUpdates.xml
auto.tcl: Setting watchdog for 200 seconds at Fri Sep 27 05:44:55 UTC 2019
6 ms. Memory: 48128K Free: 27864K (58%)
ptolemy.util.test.WatchDog.cancel(): canceling Fri Sep 27 05:44:55 UTC 2019
auto.tcl: Setting watchdog for 200 seconds at Fri Sep 27 05:44:55 UTC 2019
5 ms. Memory: 48128K Free: 26630K (55%)
ptolemy.util.test.WatchDog.cancel(): canceling Fri Sep 27 05:44:55 UTC 2019
------------------ testing $PTII/ptolemy/domains/de/test/auto/QueueAndServer.xml
auto.tcl: Setting watchdog for 200 seconds at Fri Sep 27 05:44:55 UTC 2019
16 ms. Memory: 48128K Free: 26540K (55%)
ptolemy.util.test.WatchDog.cancel(): canceling Fri Sep 27 05:44:55 UTC 2019
auto.tcl: Setting watchdog for 200 seconds at Fri Sep 27 05:44:55 UTC 2019
9 ms. Memory: 48128K Free: 25095K (52%)
ptolemy.util.test.WatchDog.cancel(): canceling Fri Sep 27 05:44:55 UTC 2019
------------------ testing $PTII/ptolemy/domains/de/test/auto/Records.xml
auto.tcl: Setting watchdog for 200 seconds at Fri Sep 27 05:44:55 UTC 2019
2 ms. Memory: 48128K Free: 29108K (60%)
ptolemy.util.test.WatchDog.cancel(): canceling Fri Sep 27 05:44:55 UTC 2019
auto.tcl: Setting watchdog for 200 seconds at Fri Sep 27 05:44:55 UTC 2019
2 ms. Memory: 48128K Free: 28618K (59%)
ptolemy.util.test.WatchDog.cancel(): canceling Fri Sep 27 05:44:55 UTC 2019
------------------ testing $PTII/ptolemy/domains/de/test/auto/ResetTransitionWithStartTime1.xml
auto.tcl: Setting watchdog for 200 seconds at Fri Sep 27 05:44:55 UTC 2019
6 ms. Memory: 48128K Free: 26044K (54%)
ptolemy.util.test.WatchDog.cancel(): canceling Fri Sep 27 05:44:55 UTC 2019
auto.tcl: Setting watchdog for 200 seconds at Fri Sep 27 05:44:55 UTC 2019
5 ms. Memory: 48128K Free: 23540K (49%)
ptolemy.util.test.WatchDog.cancel(): canceling Fri Sep 27 05:44:55 UTC 2019
------------------ testing $PTII/ptolemy/domains/de/test/auto/ResetTransitionWithStartTime2.xml
auto.tcl: Setting watchdog for 200 seconds at Fri Sep 27 05:44:55 UTC 2019
10 ms. Memory: 48128K Free: 25999K (54%)
ptolemy.util.test.WatchDog.cancel(): canceling Fri Sep 27 05:44:55 UTC 2019
auto.tcl: Setting watchdog for 200 seconds at Fri Sep 27 05:44:55 UTC 2019
8 ms. Memory: 48128K Free: 23466K (49%)
ptolemy.util.test.WatchDog.cancel(): canceling Fri Sep 27 05:44:55 UTC 2019
------------------ testing $PTII/ptolemy/domains/de/test/auto/ResetTransitionWithStartTime3.xml
auto.tcl: Setting watchdog for 200 seconds at Fri Sep 27 05:44:56 UTC 2019
8 ms. Memory: 48128K Free: 25998K (54%)
ptolemy.util.test.WatchDog.cancel(): canceling Fri Sep 27 05:44:56 UTC 2019
auto.tcl: Setting watchdog for 200 seconds at Fri Sep 27 05:44:56 UTC 2019
6 ms. Memory: 48128K Free: 23495K (49%)
ptolemy.util.test.WatchDog.cancel(): canceling Fri Sep 27 05:44:56 UTC 2019
------------------ testing $PTII/ptolemy/domains/de/test/auto/ResetTransitionWithStartTime4.xml
auto.tcl: Setting watchdog for 200 seconds at Fri Sep 27 05:44:56 UTC 2019
13 ms. Memory: 48128K Free: 26466K (55%)
ptolemy.util.test.WatchDog.cancel(): canceling Fri Sep 27 05:44:56 UTC 2019
auto.tcl: Setting watchdog for 200 seconds at Fri Sep 27 05:44:56 UTC 2019
4 ms. Memory: 48128K Free: 25023K (52%)
ptolemy.util.test.WatchDog.cancel(): canceling Fri Sep 27 05:44:56 UTC 2019
------------------ testing $PTII/ptolemy/domains/de/test/auto/ResettableTimer1.xml
auto.tcl: Setting watchdog for 200 seconds at Fri Sep 27 05:44:56 UTC 2019
3 ms. Memory: 48128K Free: 30074K (62%)
ptolemy.util.test.WatchDog.cancel(): canceling Fri Sep 27 05:44:56 UTC 2019
auto.tcl: Setting watchdog for 200 seconds at Fri Sep 27 05:44:56 UTC 2019
2 ms. Memory: 48128K Free: 29144K (61%)
ptolemy.util.test.WatchDog.cancel(): canceling Fri Sep 27 05:44:56 UTC 2019
------------------ testing $PTII/ptolemy/domains/de/test/auto/ResettableTimer2.xml
auto.tcl: Setting watchdog for 200 seconds at Fri Sep 27 05:44:56 UTC 2019
2 ms. Memory: 48128K Free: 30131K (63%)
ptolemy.util.test.WatchDog.cancel(): canceling Fri Sep 27 05:44:56 UTC 2019
auto.tcl: Setting watchdog for 200 seconds at Fri Sep 27 05:44:56 UTC 2019
2 ms. Memory: 48128K Free: 29192K (61%)
ptolemy.util.test.WatchDog.cancel(): canceling Fri Sep 27 05:44:56 UTC 2019
------------------ testing $PTII/ptolemy/domains/de/test/auto/ResettableTimer3.xml
auto.tcl: Setting watchdog for 200 seconds at Fri Sep 27 05:44:56 UTC 2019
2 ms. Memory: 48128K Free: 30610K (64%)
ptolemy.util.test.WatchDog.cancel(): canceling Fri Sep 27 05:44:56 UTC 2019
auto.tcl: Setting watchdog for 200 seconds at Fri Sep 27 05:44:56 UTC 2019
1 ms. Memory: 48128K Free: 30130K (63%)
ptolemy.util.test.WatchDog.cancel(): canceling Fri Sep 27 05:44:56 UTC 2019
------------------ testing $PTII/ptolemy/domains/de/test/auto/ResettableTimer4.xml
auto.tcl: Setting watchdog for 200 seconds at Fri Sep 27 05:44:56 UTC 2019
2 ms. Memory: 48128K Free: 30168K (63%)
ptolemy.util.test.WatchDog.cancel(): canceling Fri Sep 27 05:44:56 UTC 2019
auto.tcl: Setting watchdog for 200 seconds at Fri Sep 27 05:44:56 UTC 2019
1 ms. Memory: 48128K Free: 29670K (62%)
ptolemy.util.test.WatchDog.cancel(): canceling Fri Sep 27 05:44:56 UTC 2019
------------------ testing $PTII/ptolemy/domains/de/test/auto/ResettableTimer5.xml
auto.tcl: Setting watchdog for 200 seconds at Fri Sep 27 05:44:56 UTC 2019
2 ms. Memory: 48128K Free: 29613K (62%)
ptolemy.util.test.WatchDog.cancel(): canceling Fri Sep 27 05:44:56 UTC 2019
auto.tcl: Setting watchdog for 200 seconds at Fri Sep 27 05:44:56 UTC 2019
1 ms. Memory: 48128K Free: 29127K (61%)
ptolemy.util.test.WatchDog.cancel(): canceling Fri Sep 27 05:44:56 UTC 2019
------------------ testing $PTII/ptolemy/domains/de/test/auto/ResettableTimer6.xml
auto.tcl: Setting watchdog for 200 seconds at Fri Sep 27 05:44:56 UTC 2019
2 ms. Memory: 48128K Free: 29618K (62%)
ptolemy.util.test.WatchDog.cancel(): canceling Fri Sep 27 05:44:56 UTC 2019
auto.tcl: Setting watchdog for 200 seconds at Fri Sep 27 05:44:56 UTC 2019
1 ms. Memory: 48128K Free: 29108K (60%)
ptolemy.util.test.WatchDog.cancel(): canceling Fri Sep 27 05:44:56 UTC 2019
------------------ testing $PTII/ptolemy/domains/de/test/auto/ServerZeroDelay.xml
auto.tcl: Setting watchdog for 200 seconds at Fri Sep 27 05:44:56 UTC 2019
3 ms. Memory: 48128K Free: 30123K (63%)
ptolemy.util.test.WatchDog.cancel(): canceling Fri Sep 27 05:44:56 UTC 2019
auto.tcl: Setting watchdog for 200 seconds at Fri Sep 27 05:44:56 UTC 2019
3 ms. Memory: 48128K Free: 29171K (61%)
ptolemy.util.test.WatchDog.cancel(): canceling Fri Sep 27 05:44:56 UTC 2019
------------------ testing $PTII/ptolemy/domains/de/test/auto/SmartSender.xml
auto.tcl: Setting watchdog for 200 seconds at Fri Sep 27 05:44:56 UTC 2019
3001 ms. Memory: 48128K Free: 30118K (63%)
ptolemy.util.test.WatchDog.cancel(): canceling Fri Sep 27 05:44:59 UTC 2019
auto.tcl: Setting watchdog for 200 seconds at Fri Sep 27 05:44:59 UTC 2019
3002 ms. Memory: 48128K Free: 29632K (62%)
ptolemy.util.test.WatchDog.cancel(): canceling Fri Sep 27 05:45:02 UTC 2019
------------------ testing $PTII/ptolemy/domains/de/test/auto/ThreadedComposite.xml
auto.tcl: Setting watchdog for 200 seconds at Fri Sep 27 05:45:02 UTC 2019
237 ms. Memory: 48128K Free: 10676K (22%)
ptolemy.util.test.WatchDog.cancel(): canceling Fri Sep 27 05:45:03 UTC 2019
auto.tcl: Setting watchdog for 200 seconds at Fri Sep 27 05:45:03 UTC 2019
155 ms. Memory: 48128K Free: 23783K (49%)
ptolemy.util.test.WatchDog.cancel(): canceling Fri Sep 27 05:45:03 UTC 2019
------------------ testing $PTII/ptolemy/domains/de/test/auto/Time.xml
auto.tcl: Setting watchdog for 200 seconds at Fri Sep 27 05:45:03 UTC 2019
610 ms. Memory: 48128K Free: 29865K (62%)
ptolemy.util.test.WatchDog.cancel(): canceling Fri Sep 27 05:45:03 UTC 2019
auto.tcl: Setting watchdog for 200 seconds at Fri Sep 27 05:45:03 UTC 2019
499 ms. Memory: 48128K Free: 31330K (65%)
ptolemy.util.test.WatchDog.cancel(): canceling Fri Sep 27 05:45:04 UTC 2019
------------------ testing $PTII/ptolemy/domains/de/test/auto/TimeDelayZeroDelay.xml
auto.tcl: Setting watchdog for 200 seconds at Fri Sep 27 05:45:04 UTC 2019
2 ms. Memory: 48128K Free: 30047K (62%)
ptolemy.util.test.WatchDog.cancel(): canceling Fri Sep 27 05:45:04 UTC 2019
auto.tcl: Setting watchdog for 200 seconds at Fri Sep 27 05:45:04 UTC 2019
2 ms. Memory: 48128K Free: 29219K (61%)
ptolemy.util.test.WatchDog.cancel(): canceling Fri Sep 27 05:45:04 UTC 2019
------------------ testing $PTII/ptolemy/domains/de/test/auto/TimerZeroDelay.xml
auto.tcl: Setting watchdog for 200 seconds at Fri Sep 27 05:45:04 UTC 2019
4 ms. Memory: 48128K Free: 30297K (63%)
ptolemy.util.test.WatchDog.cancel(): canceling Fri Sep 27 05:45:04 UTC 2019
auto.tcl: Setting watchdog for 200 seconds at Fri Sep 27 05:45:04 UTC 2019
3 ms. Memory: 48128K Free: 29652K (62%)
ptolemy.util.test.WatchDog.cancel(): canceling Fri Sep 27 05:45:04 UTC 2019
------------------ testing $PTII/ptolemy/domains/de/test/auto/TimingParadox.xml
auto.tcl: Setting watchdog for 200 seconds at Fri Sep 27 05:45:04 UTC 2019
377 ms. Memory: 58368K Free: 23280K (40%)
ptolemy.util.test.WatchDog.cancel(): canceling Fri Sep 27 05:45:04 UTC 2019
auto.tcl: Setting watchdog for 200 seconds at Fri Sep 27 05:45:04 UTC 2019
335 ms. Memory: 58368K Free: 19650K (34%)
ptolemy.util.test.WatchDog.cancel(): canceling Fri Sep 27 05:45:05 UTC 2019
------------------ testing $PTII/ptolemy/domains/de/test/auto/TransferInputs.xml
auto.tcl: Setting watchdog for 200 seconds at Fri Sep 27 05:45:05 UTC 2019
2 ms. Memory: 51200K Free: 31630K (62%)
ptolemy.util.test.WatchDog.cancel(): canceling Fri Sep 27 05:45:05 UTC 2019
auto.tcl: Setting watchdog for 200 seconds at Fri Sep 27 05:45:05 UTC 2019
2 ms. Memory: 51200K Free: 30703K (60%)
ptolemy.util.test.WatchDog.cancel(): canceling Fri Sep 27 05:45:05 UTC 2019
------------------ testing $PTII/ptolemy/domains/de/test/auto/TransferOutputs2.xml
auto.tcl: Setting watchdog for 200 seconds at Fri Sep 27 05:45:05 UTC 2019
3 ms. Memory: 48128K Free: 26111K (54%)
ptolemy.util.test.WatchDog.cancel(): canceling Fri Sep 27 05:45:05 UTC 2019
auto.tcl: Setting watchdog for 200 seconds at Fri Sep 27 05:45:05 UTC 2019
3 ms. Memory: 48128K Free: 24573K (51%)
ptolemy.util.test.WatchDog.cancel(): canceling Fri Sep 27 05:45:05 UTC 2019
------------------ testing $PTII/ptolemy/domains/de/test/auto/Trilateration.xml
auto.tcl: Setting watchdog for 200 seconds at Fri Sep 27 05:45:05 UTC 2019
13802 ms. Memory: 487424K Free: 320866K (66%)
ptolemy.util.test.WatchDog.cancel(): canceling Fri Sep 27 05:45:20 UTC 2019
auto.tcl: Setting watchdog for 200 seconds at Fri Sep 27 05:45:20 UTC 2019
11025 ms. Memory: 487424K Free: 278998K (57%)
ptolemy.util.test.WatchDog.cancel(): canceling Fri Sep 27 05:45:31 UTC 2019
------------------ testing $PTII/ptolemy/domains/de/test/auto/TwoSigmaDelta.xml
auto.tcl: Setting watchdog for 200 seconds at Fri Sep 27 05:45:31 UTC 2019
2755 ms. Memory: 89088K Free: 27188K (31%)
ptolemy.util.test.WatchDog.cancel(): canceling Fri Sep 27 05:45:34 UTC 2019
auto.tcl: Setting watchdog for 200 seconds at Fri Sep 27 05:45:34 UTC 2019
2095 ms. Memory: 89088K Free: 23687K (27%)
ptolemy.util.test.WatchDog.cancel(): canceling Fri Sep 27 05:45:36 UTC 2019
------------------ testing $PTII/ptolemy/domains/de/test/auto/VariableDelay.xml
auto.tcl: Setting watchdog for 200 seconds at Fri Sep 27 05:45:36 UTC 2019
3 ms. Memory: 51200K Free: 32124K (63%)
ptolemy.util.test.WatchDog.cancel(): canceling Fri Sep 27 05:45:36 UTC 2019
auto.tcl: Setting watchdog for 200 seconds at Fri Sep 27 05:45:36 UTC 2019
2 ms. Memory: 51200K Free: 31108K (61%)
ptolemy.util.test.WatchDog.cancel(): canceling Fri Sep 27 05:45:36 UTC 2019
------------------ testing $PTII/ptolemy/domains/de/test/auto/VariableDelay2.xml
auto.tcl: Setting watchdog for 200 seconds at Fri Sep 27 05:45:36 UTC 2019
4 ms. Memory: 51200K Free: 32433K (63%)
ptolemy.util.test.WatchDog.cancel(): canceling Fri Sep 27 05:45:36 UTC 2019
auto.tcl: Setting watchdog for 200 seconds at Fri Sep 27 05:45:36 UTC 2019
1 ms. Memory: 51200K Free: 31483K (61%)
ptolemy.util.test.WatchDog.cancel(): canceling Fri Sep 27 05:45:36 UTC 2019
------------------ testing $PTII/ptolemy/domains/de/test/auto/VariableDelayZeroDelay.xml
auto.tcl: Setting watchdog for 200 seconds at Fri Sep 27 05:45:36 UTC 2019
3 ms. Memory: 51200K Free: 33050K (65%)
ptolemy.util.test.WatchDog.cancel(): canceling Fri Sep 27 05:45:36 UTC 2019
auto.tcl: Setting watchdog for 200 seconds at Fri Sep 27 05:45:36 UTC 2019
2 ms. Memory: 51200K Free: 32522K (64%)
ptolemy.util.test.WatchDog.cancel(): canceling Fri Sep 27 05:45:36 UTC 2019
------------------ testing $PTII/ptolemy/domains/de/test/auto/VariableDelayZeroDelay2.xml
auto.tcl: Setting watchdog for 200 seconds at Fri Sep 27 05:45:36 UTC 2019
2 ms. Memory: 51200K Free: 33048K (65%)
ptolemy.util.test.WatchDog.cancel(): canceling Fri Sep 27 05:45:36 UTC 2019
auto.tcl: Setting watchdog for 200 seconds at Fri Sep 27 05:45:36 UTC 2019
2 ms. Memory: 51200K Free: 32024K (63%)
ptolemy.util.test.WatchDog.cancel(): canceling Fri Sep 27 05:45:36 UTC 2019
------------------ testing $PTII/ptolemy/domains/de/test/auto/deInCt.xml
auto.tcl: Setting watchdog for 200 seconds at Fri Sep 27 05:45:37 UTC 2019
0
1
1
1
0
0
0
0
1
1
1
1
1
0
0
0
1
1
1
0
0
0
0
1
1
1
1
0
0
0
1
1
1
1
1
10 ms. Memory: 51200K Free: 32022K (63%)
ptolemy.util.test.WatchDog.cancel(): canceling Fri Sep 27 05:45:37 UTC 2019
auto.tcl: Setting watchdog for 200 seconds at Fri Sep 27 05:45:37 UTC 2019
0
1
1
1
0
0
0
0
1
1
0
0
0
1
1
1
0
0
0
0
1
1
1
0
0
0
1
1
1
0
0
0
1
1
1
0
0
0
0
1
1
0
0
1
1
0
0
0
1
1
1
1
1
7 ms. Memory: 51200K Free: 30484K (60%)
ptolemy.util.test.WatchDog.cancel(): canceling Fri Sep 27 05:45:37 UTC 2019
------------------ testing $PTII/ptolemy/domains/de/test/auto/deInCt2.xml
auto.tcl: Setting watchdog for 200 seconds at Fri Sep 27 05:45:37 UTC 2019
0
1
1
1
0
0
1
1
1
0
0
1
1
1
0
0
1
1
1
0
0
1
1
1
0
0
1
1
1
0
0
1
1
1
0
0
1
1
1
0
0
0
7 ms. Memory: 48128K Free: 28952K (60%)
ptolemy.util.test.WatchDog.cancel(): canceling Fri Sep 27 05:45:37 UTC 2019
auto.tcl: Setting watchdog for 200 seconds at Fri Sep 27 05:45:37 UTC 2019
0
1
1
1
0
0
1
1
1
0
0
1
1
1
0
0
1
1
1
0
0
1
1
1
0
0
1
1
1
0
0
1
1
1
0
0
1
1
1
0
0
0
6 ms. Memory: 48128K Free: 27407K (57%)
ptolemy.util.test.WatchDog.cancel(): canceling Fri Sep 27 05:45:37 UTC 2019
------------------ testing $PTII/ptolemy/domains/de/test/auto/dynamicCausalityInterface1.xml
auto.tcl: Setting watchdog for 200 seconds at Fri Sep 27 05:45:37 UTC 2019
2 ms. Memory: 48128K Free: 24300K (50%)
ptolemy.util.test.WatchDog.cancel(): canceling Fri Sep 27 05:45:37 UTC 2019
auto.tcl: Setting watchdog for 200 seconds at Fri Sep 27 05:45:37 UTC 2019
1 ms. Memory: 48128K Free: 23827K (50%)
ptolemy.util.test.WatchDog.cancel(): canceling Fri Sep 27 05:45:37 UTC 2019
------------------ testing $PTII/ptolemy/domains/de/test/auto/fsm_de_test.xml
auto.tcl: Setting watchdog for 200 seconds at Fri Sep 27 05:45:37 UTC 2019
6 ms. Memory: 48128K Free: 24749K (51%)
ptolemy.util.test.WatchDog.cancel(): canceling Fri Sep 27 05:45:37 UTC 2019
auto.tcl: Setting watchdog for 200 seconds at Fri Sep 27 05:45:37 UTC 2019
6 ms. Memory: 48128K Free: 22735K (47%)
ptolemy.util.test.WatchDog.cancel(): canceling Fri Sep 27 05:45:37 UTC 2019
------------------ testing $PTII/ptolemy/domains/de/test/auto/functionDependencyReconstruction.xml
auto.tcl: Setting watchdog for 200 seconds at Fri Sep 27 05:45:37 UTC 2019
3 ms. Memory: 48128K Free: 18740K (39%)
ptolemy.util.test.WatchDog.cancel(): canceling Fri Sep 27 05:45:37 UTC 2019
auto.tcl: Setting watchdog for 200 seconds at Fri Sep 27 05:45:37 UTC 2019
3 ms. Memory: 48128K Free: 16589K (34%)
ptolemy.util.test.WatchDog.cancel(): canceling Fri Sep 27 05:45:37 UTC 2019
------------------ testing $PTII/ptolemy/domains/de/test/auto/multirate.xml
auto.tcl: Setting watchdog for 200 seconds at Fri Sep 27 05:45:37 UTC 2019
10 ms. Memory: 48128K Free: 26831K (56%)
ptolemy.util.test.WatchDog.cancel(): canceling Fri Sep 27 05:45:37 UTC 2019
auto.tcl: Setting watchdog for 200 seconds at Fri Sep 27 05:45:37 UTC 2019
3 ms. Memory: 48128K Free: 25724K (53%)
ptolemy.util.test.WatchDog.cancel(): canceling Fri Sep 27 05:45:37 UTC 2019
------------------ testing $PTII/ptolemy/domains/de/test/auto/multirate2.xml
auto.tcl: Setting watchdog for 200 seconds at Fri Sep 27 05:45:37 UTC 2019
3 ms. Memory: 48128K Free: 27354K (57%)
ptolemy.util.test.WatchDog.cancel(): canceling Fri Sep 27 05:45:37 UTC 2019
auto.tcl: Setting watchdog for 200 seconds at Fri Sep 27 05:45:37 UTC 2019
3 ms. Memory: 48128K Free: 25880K (54%)
ptolemy.util.test.WatchDog.cancel(): canceling Fri Sep 27 05:45:37 UTC 2019
------------------ testing $PTII/ptolemy/domains/de/test/auto/realtime.xml
auto.tcl: Setting watchdog for 200 seconds at Fri Sep 27 05:45:37 UTC 2019
10002 ms. Memory: 48128K Free: 29622K (62%)
ptolemy.util.test.WatchDog.cancel(): canceling Fri Sep 27 05:45:47 UTC 2019
auto.tcl: Setting watchdog for 200 seconds at Fri Sep 27 05:45:47 UTC 2019
10002 ms. Memory: 48128K Free: 28896K (60%)
ptolemy.util.test.WatchDog.cancel(): canceling Fri Sep 27 05:45:57 UTC 2019
------------------ testing $PTII/ptolemy/domains/de/test/auto/relationGroup.xml
auto.tcl: Setting watchdog for 200 seconds at Fri Sep 27 05:45:57 UTC 2019
13 ms. Memory: 48128K Free: 30481K (63%)
ptolemy.util.test.WatchDog.cancel(): canceling Fri Sep 27 05:45:57 UTC 2019
auto.tcl: Setting watchdog for 200 seconds at Fri Sep 27 05:45:57 UTC 2019
2 ms. Memory: 48128K Free: 29496K (61%)
ptolemy.util.test.WatchDog.cancel(): canceling Fri Sep 27 05:45:57 UTC 2019
------------------ testing $PTII/ptolemy/domains/de/test/auto/relationGroup2.xml
auto.tcl: Setting watchdog for 200 seconds at Fri Sep 27 05:45:57 UTC 2019
1 ms. Memory: 48128K Free: 30513K (63%)
ptolemy.util.test.WatchDog.cancel(): canceling Fri Sep 27 05:45:57 UTC 2019
auto.tcl: Setting watchdog for 200 seconds at Fri Sep 27 05:45:57 UTC 2019
1 ms. Memory: 48128K Free: 30030K (62%)
ptolemy.util.test.WatchDog.cancel(): canceling Fri Sep 27 05:45:57 UTC 2019
------------------ testing $PTII/ptolemy/domains/de/test/auto/sortWithOpaquePorts.xml
auto.tcl: Setting watchdog for 200 seconds at Fri Sep 27 05:45:57 UTC 2019
2 ms. Memory: 48128K Free: 29475K (61%)
ptolemy.util.test.WatchDog.cancel(): canceling Fri Sep 27 05:45:57 UTC 2019
auto.tcl: Setting watchdog for 200 seconds at Fri Sep 27 05:45:57 UTC 2019
2 ms. Memory: 48128K Free: 28482K (59%)
ptolemy.util.test.WatchDog.cancel(): canceling Fri Sep 27 05:45:57 UTC 2019
------------------ testing $PTII/ptolemy/domains/de/test/auto/transferInputsandOutputs.xml
auto.tcl: Setting watchdog for 200 seconds at Fri Sep 27 05:45:57 UTC 2019
4 ms. Memory: 48128K Free: 26918K (56%)
ptolemy.util.test.WatchDog.cancel(): canceling Fri Sep 27 05:45:57 UTC 2019
auto.tcl: Setting watchdog for 200 seconds at Fri Sep 27 05:45:57 UTC 2019
3 ms. Memory: 48128K Free: 25957K (54%)
ptolemy.util.test.WatchDog.cancel(): canceling Fri Sep 27 05:45:57 UTC 2019
------------------ testing $PTII/ptolemy/domains/de/test/auto/triggerType.xml
auto.tcl: Setting watchdog for 200 seconds at Fri Sep 27 05:45:57 UTC 2019
2 ms. Memory: 48128K Free: 29943K (62%)
ptolemy.util.test.WatchDog.cancel(): canceling Fri Sep 27 05:45:57 UTC 2019
auto.tcl: Setting watchdog for 200 seconds at Fri Sep 27 05:45:57 UTC 2019
2 ms. Memory: 48128K Free: 28965K (60%)
ptolemy.util.test.WatchDog.cancel(): canceling Fri Sep 27 05:45:57 UTC 2019
09/27/19 05:45:58
Failed: 0  Total Tests: 192  ((Passed: 187, Newly Passed: 1)  Known Failed: 5) /home/travis/build/icyphy/ptII/ptolemy/domains/de/test
09/27/19 05:45:58
Failed: 0  Total Tests: 192  ((Passed: 187, Newly Passed: 1)  Known Failed: 5) /home/travis/build/icyphy/ptII/ptolemy/domains/de/test
----------------- testing (KnownFailure) /home/travis/build/icyphy/ptII/ptolemy/domains/de/test/auto/knownFailedTests/DESDFClockTest.xml
2022 ms. Memory: 48128K Free: 23336K (48%)
Known Failure: java.lang.reflect.InvocationTargetException
----------------- testing (KnownFailure) /home/travis/build/icyphy/ptII/ptolemy/domains/de/test/auto/knownFailedTests/DirectFeedback.xml
2 ms. Memory: 48128K Free: 18732K (39%)
Known Failure: java.lang.reflect.InvocationTargetException
----------------- testing (KnownFailure) /home/travis/build/icyphy/ptII/ptolemy/domains/de/test/auto/knownFailedTests/FSMSource.xml
9 ms. Memory: 48128K Free: 11564K (24%)
----------------- testing (KnownFailure) /home/travis/build/icyphy/ptII/ptolemy/domains/de/test/auto/knownFailedTests/HierarchicalModel.xml
11 ms. Memory: 48128K Free: 21709K (45%)
Known Failure: java.lang.reflect.InvocationTargetException
----------------- testing (KnownFailure) /home/travis/build/icyphy/ptII/ptolemy/domains/de/test/auto/knownFailedTests/dependencyLoop.xml
6 ms. Memory: 48128K Free: 32009K (67%)
Known Failure: java.lang.reflect.InvocationTargetException
----------------- testing (KnownFailure) /home/travis/build/icyphy/ptII/ptolemy/domains/de/test/auto/knownFailedTests/dependencyLoop2.xml
8 ms. Memory: 48128K Free: 16884K (35%)
Known Failure: java.lang.reflect.InvocationTargetException
No auto/linux-amd64/*.xml tests in /home/travis/build/icyphy/ptII/ptolemy/domains/de/test
AutoTests.java: About to close Vertx.
AutoTests.java: Vertx closed.

===========================================================================================
----------------- testing Fri Sep 27 05:46:00 UTC 2019 /home/travis/build/icyphy/ptII/ptolemy/domains/de/test/auto/ActorDepthCalculation_actorWithoutPorts.xml
----------------- Instantiating /home/travis/build/icyphy/ptII/ptolemy/domains/de/test/auto/ActorDepthCalculation_actorWithoutPorts.xml
2 ms. Memory: 48128K Free: 10575K (22%)
----------------- Invoking toplevel() on ptolemy.moml.MoMLSimpleApplication@3bd9e072
----------------- Done invoking toplevel() on ptolemy.moml.MoMLSimpleApplication@3bd9e072
reloadAllAccessors: .ActorDepthCalculation_actorWithoutPorts

===========================================================================================
----------------- testing Fri Sep 27 05:46:00 UTC 2019 /home/travis/build/icyphy/ptII/ptolemy/domains/de/test/auto/AssemblyLine.xml
----------------- Instantiating /home/travis/build/icyphy/ptII/ptolemy/domains/de/test/auto/AssemblyLine.xml
3 ms. Memory: 48128K Free: 29189K (61%)
----------------- Invoking toplevel() on ptolemy.moml.MoMLSimpleApplication@6d7ccc45
----------------- Done invoking toplevel() on ptolemy.moml.MoMLSimpleApplication@6d7ccc45
reloadAllAccessors: .AssemblyLine

===========================================================================================
----------------- testing Fri Sep 27 05:46:00 UTC 2019 /home/travis/build/icyphy/ptII/ptolemy/domains/de/test/auto/CQBug1.xml
----------------- Instantiating /home/travis/build/icyphy/ptII/ptolemy/domains/de/test/auto/CQBug1.xml
1 ms. Memory: 48128K Free: 26303K (55%)
----------------- Invoking toplevel() on ptolemy.moml.MoMLSimpleApplication@481c5137
----------------- Done invoking toplevel() on ptolemy.moml.MoMLSimpleApplication@481c5137
reloadAllAccessors: .CQBug1

===========================================================================================
----------------- testing Fri Sep 27 05:46:00 UTC 2019 /home/travis/build/icyphy/ptII/ptolemy/domains/de/test/auto/CancelFireAt.xml
----------------- Instantiating /home/travis/build/icyphy/ptII/ptolemy/domains/de/test/auto/CancelFireAt.xml
9 ms. Memory: 48128K Free: 24044K (50%)
----------------- Invoking toplevel() on ptolemy.moml.MoMLSimpleApplication@60a0fc5b
----------------- Done invoking toplevel() on ptolemy.moml.MoMLSimpleApplication@60a0fc5b
reloadAllAccessors: .CancelFireAt

===========================================================================================
----------------- testing Fri Sep 27 05:46:00 UTC 2019 /home/travis/build/icyphy/ptII/ptolemy/domains/de/test/auto/CausalityAndComposabilityAnalysis.xml
----------------- Instantiating /home/travis/build/icyphy/ptII/ptolemy/domains/de/test/auto/CausalityAndComposabilityAnalysis.xml
2 ms. Memory: 48128K Free: 19786K (41%)
----------------- Invoking toplevel() on ptolemy.moml.MoMLSimpleApplication@645af5ea
----------------- Done invoking toplevel() on ptolemy.moml.MoMLSimpleApplication@645af5ea
reloadAllAccessors: .CausalityAndComposabilityAnalysis

===========================================================================================
----------------- testing Fri Sep 27 05:46:00 UTC 2019 /home/travis/build/icyphy/ptII/ptolemy/domains/de/test/auto/CausalityInterface1.xml
----------------- Instantiating /home/travis/build/icyphy/ptII/ptolemy/domains/de/test/auto/CausalityInterface1.xml
7 ms. Memory: 48128K Free: 14883K (31%)
----------------- Invoking toplevel() on ptolemy.moml.MoMLSimpleApplication@2cfdcca1
----------------- Done invoking toplevel() on ptolemy.moml.MoMLSimpleApplication@2cfdcca1
reloadAllAccessors: .CausalityInterface1

===========================================================================================
----------------- testing Fri Sep 27 05:46:00 UTC 2019 /home/travis/build/icyphy/ptII/ptolemy/domains/de/test/auto/CausalityInterface15.xml
----------------- Instantiating /home/travis/build/icyphy/ptII/ptolemy/domains/de/test/auto/CausalityInterface15.xml
1 ms. Memory: 48128K Free: 9514K (20%)
----------------- Invoking toplevel() on ptolemy.moml.MoMLSimpleApplication@3cf6dff5
----------------- Done invoking toplevel() on ptolemy.moml.MoMLSimpleApplication@3cf6dff5
reloadAllAccessors: .CausalityInterface15

===========================================================================================
----------------- testing Fri Sep 27 05:46:00 UTC 2019 /home/travis/build/icyphy/ptII/ptolemy/domains/de/test/auto/CausalityInterface2.xml
----------------- Instantiating /home/travis/build/icyphy/ptII/ptolemy/domains/de/test/auto/CausalityInterface2.xml
2 ms. Memory: 48128K Free: 30636K (64%)
[...]
	at ptolemy.actor.Manager.run(Manager.java:1263)
	at ptolemy.actor.Manager$PtolemyRunThread.run(Manager.java:1933)
java.lang.RuntimeException: Execution failed
	at ptolemy.moml.MoMLSimpleApplication$UnloadThread.run(MoMLSimpleApplication.java:402)
Caused by: ptolemy.kernel.util.IllegalActionException: Actor is not ready to fire.  Perhaps UpSample.prefire() returned false? Try debugging the actor by selecting "Listen to Actor".  Also, for SDF check moml for tokenConsumptionRate on input.
  in .DESDFClockTest.Play Bell.Copy1:SDF Director and .DESDFClockTest.Play Bell.UpSample
	at ptolemy.actor.sched.StaticSchedulingDirector.fire(StaticSchedulingDirector.java:227)
	at ptolemy.domains.sdf.kernel.SDFDirector.fire(SDFDirector.java:500)
	at ptolemy.actor.CompositeActor.fire(CompositeActor.java:455)
	at ptolemy.domains.de.kernel.DEDirector._fire(DEDirector.java:1949)
	at ptolemy.domains.de.kernel.DEDirector.fire(DEDirector.java:502)
	at ptolemy.actor.CompositeActor.fire(CompositeActor.java:455)
	at ptolemy.actor.Manager.iterate(Manager.java:851)
	at ptolemy.actor.Manager.execute(Manager.java:369)
	at ptolemy.actor.Manager.run(Manager.java:1263)
	at ptolemy.actor.Manager$PtolemyRunThread.run(Manager.java:1933)
java.lang.reflect.InvocationTargetException
	at java.base/jdk.internal.reflect.NativeConstructorAccessorImpl.newInstance0(Native Method)
	at java.base/jdk.internal.reflect.NativeConstructorAccessorImpl.newInstance(NativeConstructorAccessorImpl.java:62)
	at java.base/jdk.internal.reflect.DelegatingConstructorAccessorImpl.newInstance(DelegatingConstructorAccessorImpl.java:45)
	at java.base/java.lang.reflect.Constructor.newInstance(Constructor.java:490)
	at ptolemy.util.test.junit.AutoKnownFailedTests.RunModel(AutoKnownFailedTests.java:105)
	at java.base/jdk.internal.reflect.NativeMethodAccessorImpl.invoke0(Native Method)
	at java.base/jdk.internal.reflect.NativeMethodAccessorImpl.invoke(NativeMethodAccessorImpl.java:62)
	at java.base/jdk.internal.reflect.DelegatingMethodAccessorImpl.invoke(DelegatingMethodAccessorImpl.java:43)
	at java.base/java.lang.reflect.Method.invoke(Method.java:566)
	at org.junit.runners.model.FrameworkMethod$1.runReflectiveCall(FrameworkMethod.java:44)
	at org.junit.internal.runners.model.ReflectiveCallable.run(ReflectiveCallable.java:15)
	at org.junit.runners.model.FrameworkMethod.invokeExplosively(FrameworkMethod.java:41)
	at junitparams.internal.InvokeParameterisedMethod.evaluate(InvokeParameterisedMethod.java:102)
	at org.junit.internal.runners.statements.FailOnTimeout$1.run(FailOnTimeout.java:28)
Caused by: ptolemy.kernel.util.IllegalActionException: Actor is not ready to fire.  Perhaps UpSample.prefire() returned false? Try debugging the actor by selecting "Listen to Actor".  Also, for SDF check moml for tokenConsumptionRate on input.
  in .DESDFClockTest.Play Bell.Copy1:SDF Director and .DESDFClockTest.Play Bell.UpSample
	at ptolemy.actor.sched.StaticSchedulingDirector.fire(StaticSchedulingDirector.java:227)
	at ptolemy.domains.sdf.kernel.SDFDirector.fire(SDFDirector.java:500)
	at ptolemy.actor.CompositeActor.fire(CompositeActor.java:455)
	at ptolemy.domains.de.kernel.DEDirector._fire(DEDirector.java:1949)
	at ptolemy.domains.de.kernel.DEDirector.fire(DEDirector.java:502)
	at ptolemy.actor.CompositeActor.fire(CompositeActor.java:455)
	at ptolemy.actor.Manager.iterate(Manager.java:851)
	at ptolemy.actor.Manager.execute(Manager.java:369)
	at ptolemy.actor.Manager.run(Manager.java:1263)
	at ptolemy.actor.Manager$PtolemyRunThread.run(Manager.java:1933)
java.lang.RuntimeException: Execution failed
	at ptolemy.moml.MoMLSimpleApplication$UnloadThread.run(MoMLSimpleApplication.java:402)
Caused by: ptolemy.kernel.util.IllegalActionException: Test fails in iteration 1.
Value was: 1.0. Should have been: 2.0
  in .DirectFeedback.Test
	at ptolemy.actor.lib.Test.fire(Test.java:268)
	at ptolemy.domains.de.kernel.DEDirector._fire(DEDirector.java:1949)
	at ptolemy.domains.de.kernel.DEDirector.fire(DEDirector.java:502)
	at ptolemy.actor.CompositeActor.fire(CompositeActor.java:455)
	at ptolemy.actor.Manager.iterate(Manager.java:851)
	at ptolemy.actor.Manager.execute(Manager.java:369)
	at ptolemy.actor.Manager.run(Manager.java:1263)
	at ptolemy.actor.Manager$PtolemyRunThread.run(Manager.java:1933)
java.lang.reflect.InvocationTargetException
	at java.base/jdk.internal.reflect.NativeConstructorAccessorImpl.newInstance0(Native Method)
	at java.base/jdk.internal.reflect.NativeConstructorAccessorImpl.newInstance(NativeConstructorAccessorImpl.java:62)
	at java.base/jdk.internal.reflect.DelegatingConstructorAccessorImpl.newInstance(DelegatingConstructorAccessorImpl.java:45)
	at java.base/java.lang.reflect.Constructor.newInstance(Constructor.java:490)
	at ptolemy.util.test.junit.AutoKnownFailedTests.RunModel(AutoKnownFailedTests.java:105)
	at java.base/jdk.internal.reflect.NativeMethodAccessorImpl.invoke0(Native Method)
	at java.base/jdk.internal.reflect.NativeMethodAccessorImpl.invoke(NativeMethodAccessorImpl.java:62)
	at java.base/jdk.internal.reflect.DelegatingMethodAccessorImpl.invoke(DelegatingMethodAccessorImpl.java:43)
	at java.base/java.lang.reflect.Method.invoke(Method.java:566)
	at org.junit.runners.model.FrameworkMethod$1.runReflectiveCall(FrameworkMethod.java:44)
	at org.junit.internal.runners.model.ReflectiveCallable.run(ReflectiveCallable.java:15)
	at org.junit.runners.model.FrameworkMethod.invokeExplosively(FrameworkMethod.java:41)
	at junitparams.internal.InvokeParameterisedMethod.evaluate(InvokeParameterisedMethod.java:102)
	at org.junit.internal.runners.statements.FailOnTimeout$1.run(FailOnTimeout.java:28)
Caused by: ptolemy.kernel.util.IllegalActionException: Test fails in iteration 1.
Value was: 1.0. Should have been: 2.0
  in .DirectFeedback.Test
	at ptolemy.actor.lib.Test.fire(Test.java:268)
	at ptolemy.domains.de.kernel.DEDirector._fire(DEDirector.java:1949)
	at ptolemy.domains.de.kernel.DEDirector.fire(DEDirector.java:502)
	at ptolemy.actor.CompositeActor.fire(CompositeActor.java:455)
	at ptolemy.actor.Manager.iterate(Manager.java:851)
	at ptolemy.actor.Manager.execute(Manager.java:369)
	at ptolemy.actor.Manager.run(Manager.java:1263)
	at ptolemy.actor.Manager$PtolemyRunThread.run(Manager.java:1933)
java.lang.RuntimeException: Execution failed
	at ptolemy.moml.MoMLSimpleApplication$UnloadThread.run(MoMLSimpleApplication.java:402)
Caused by: ptolemy.kernel.util.IllegalActionException: Found a zero delay loop containing .HierarchicalModel.A
  in .HierarchicalModel and .HierarchicalModel.A
	at ptolemy.actor.util.CausalityInterfaceForComposites._computeOutputPortDepth(CausalityInterfaceForComposites.java:759)
	at ptolemy.actor.util.CausalityInterfaceForComposites._computeInputDepth(CausalityInterfaceForComposites.java:696)
	at ptolemy.actor.util.CausalityInterfaceForComposites._computeOutputPortDepth(CausalityInterfaceForComposites.java:765)
	at ptolemy.actor.util.CausalityInterfaceForComposites._computeInputDepth(CausalityInterfaceForComposites.java:696)
	at ptolemy.actor.util.CausalityInterfaceForComposites._computeOutputPortDepth(CausalityInterfaceForComposites.java:765)
	at ptolemy.actor.util.CausalityInterfaceForComposites._computeInputDepth(CausalityInterfaceForComposites.java:696)
	at ptolemy.actor.util.CausalityInterfaceForComposites._computeActorDepth(CausalityInterfaceForComposites.java:532)
	at ptolemy.actor.util.CausalityInterfaceForComposites.checkForCycles(CausalityInterfaceForComposites.java:96)
	at ptolemy.domains.de.kernel.DEDirector.preinitialize(DEDirector.java:1338)
	at ptolemy.actor.CompositeActor.preinitialize(CompositeActor.java:1828)
	at ptolemy.actor.Manager.preinitializeAndResolveTypes(Manager.java:1040)
	at ptolemy.actor.Manager.initialize(Manager.java:710)
	at ptolemy.actor.Manager.execute(Manager.java:356)
	at ptolemy.actor.Manager.run(Manager.java:1263)
	at ptolemy.actor.Manager$PtolemyRunThread.run(Manager.java:1933)
java.lang.reflect.InvocationTargetException
	at java.base/jdk.internal.reflect.NativeConstructorAccessorImpl.newInstance0(Native Method)
	at java.base/jdk.internal.reflect.NativeConstructorAccessorImpl.newInstance(NativeConstructorAccessorImpl.java:62)
	at java.base/jdk.internal.reflect.DelegatingConstructorAccessorImpl.newInstance(DelegatingConstructorAccessorImpl.java:45)
	at java.base/java.lang.reflect.Constructor.newInstance(Constructor.java:490)
	at ptolemy.util.test.junit.AutoKnownFailedTests.RunModel(AutoKnownFailedTests.java:105)
	at java.base/jdk.internal.reflect.NativeMethodAccessorImpl.invoke0(Native Method)
	at java.base/jdk.internal.reflect.NativeMethodAccessorImpl.invoke(NativeMethodAccessorImpl.java:62)
	at java.base/jdk.internal.reflect.DelegatingMethodAccessorImpl.invoke(DelegatingMethodAccessorImpl.java:43)
	at java.base/java.lang.reflect.Method.invoke(Method.java:566)
	at org.junit.runners.model.FrameworkMethod$1.runReflectiveCall(FrameworkMethod.java:44)
	at org.junit.internal.runners.model.ReflectiveCallable.run(ReflectiveCallable.java:15)
	at org.junit.runners.model.FrameworkMethod.invokeExplosively(FrameworkMethod.java:41)
	at junitparams.internal.InvokeParameterisedMethod.evaluate(InvokeParameterisedMethod.java:102)
	at org.junit.internal.runners.statements.FailOnTimeout$1.run(FailOnTimeout.java:28)
Caused by: ptolemy.kernel.util.IllegalActionException: Found a zero delay loop containing .HierarchicalModel.A
  in .HierarchicalModel and .HierarchicalModel.A
	at ptolemy.actor.util.CausalityInterfaceForComposites._computeOutputPortDepth(CausalityInterfaceForComposites.java:759)
	at ptolemy.actor.util.CausalityInterfaceForComposites._computeInputDepth(CausalityInterfaceForComposites.java:696)
	at ptolemy.actor.util.CausalityInterfaceForComposites._computeOutputPortDepth(CausalityInterfaceForComposites.java:765)
	at ptolemy.actor.util.CausalityInterfaceForComposites._computeInputDepth(CausalityInterfaceForComposites.java:696)
	at ptolemy.actor.util.CausalityInterfaceForComposites._computeOutputPortDepth(CausalityInterfaceForComposites.java:765)
	at ptolemy.actor.util.CausalityInterfaceForComposites._computeInputDepth(CausalityInterfaceForComposites.java:696)
	at ptolemy.actor.util.CausalityInterfaceForComposites._computeActorDepth(CausalityInterfaceForComposites.java:532)
	at ptolemy.actor.util.CausalityInterfaceForComposites.checkForCycles(CausalityInterfaceForComposites.java:96)
	at ptolemy.domains.de.kernel.DEDirector.preinitialize(DEDirector.java:1338)
	at ptolemy.actor.CompositeActor.preinitialize(CompositeActor.java:1828)
	at ptolemy.actor.Manager.preinitializeAndResolveTypes(Manager.java:1040)
	at ptolemy.actor.Manager.initialize(Manager.java:710)
	at ptolemy.actor.Manager.execute(Manager.java:356)
	at ptolemy.actor.Manager.run(Manager.java:1263)
	at ptolemy.actor.Manager$PtolemyRunThread.run(Manager.java:1933)
java.lang.RuntimeException: Execution failed
	at ptolemy.moml.MoMLSimpleApplication$UnloadThread.run(MoMLSimpleApplication.java:402)
Caused by: ptolemy.kernel.util.IllegalActionException: Found a zero delay loop containing .dependencyLoop.original
  in .dependencyLoop and .dependencyLoop.original
	at ptolemy.actor.util.CausalityInterfaceForComposites._computeOutputPortDepth(CausalityInterfaceForComposites.java:759)
	at ptolemy.actor.util.CausalityInterfaceForComposites._computeInputDepth(CausalityInterfaceForComposites.java:696)
	at ptolemy.actor.util.CausalityInterfaceForComposites._computeOutputPortDepth(CausalityInterfaceForComposites.java:765)
	at ptolemy.actor.util.CausalityInterfaceForComposites._computeInputDepth(CausalityInterfaceForComposites.java:696)
	at ptolemy.actor.util.CausalityInterfaceForComposites._computeOutputPortDepth(CausalityInterfaceForComposites.java:765)
	at ptolemy.actor.util.CausalityInterfaceForComposites._computeInputDepth(CausalityInterfaceForComposites.java:696)
	at ptolemy.actor.util.CausalityInterfaceForComposites._computeActorDepth(CausalityInterfaceForComposites.java:532)
	at ptolemy.actor.util.CausalityInterfaceForComposites.checkForCycles(CausalityInterfaceForComposites.java:96)
	at ptolemy.domains.de.kernel.DEDirector.preinitialize(DEDirector.java:1338)
	at ptolemy.actor.CompositeActor.preinitialize(CompositeActor.java:1828)
	at ptolemy.actor.Manager.preinitializeAndResolveTypes(Manager.java:1040)
	at ptolemy.actor.Manager.initialize(Manager.java:710)
	at ptolemy.actor.Manager.execute(Manager.java:356)
	at ptolemy.actor.Manager.run(Manager.java:1263)
	at ptolemy.actor.Manager$PtolemyRunThread.run(Manager.java:1933)
java.lang.reflect.InvocationTargetException
	at java.base/jdk.internal.reflect.NativeConstructorAccessorImpl.newInstance0(Native Method)
	at java.base/jdk.internal.reflect.NativeConstructorAccessorImpl.newInstance(NativeConstructorAccessorImpl.java:62)
	at java.base/jdk.internal.reflect.DelegatingConstructorAccessorImpl.newInstance(DelegatingConstructorAccessorImpl.java:45)
	at java.base/java.lang.reflect.Constructor.newInstance(Constructor.java:490)
	at ptolemy.util.test.junit.AutoKnownFailedTests.RunModel(AutoKnownFailedTests.java:105)
	at java.base/jdk.internal.reflect.NativeMethodAccessorImpl.invoke0(Native Method)
	at java.base/jdk.internal.reflect.NativeMethodAccessorImpl.invoke(NativeMethodAccessorImpl.java:62)
	at java.base/jdk.internal.reflect.DelegatingMethodAccessorImpl.invoke(DelegatingMethodAccessorImpl.java:43)
	at java.base/java.lang.reflect.Method.invoke(Method.java:566)
	at org.junit.runners.model.FrameworkMethod$1.runReflectiveCall(FrameworkMethod.java:44)
	at org.junit.internal.runners.model.ReflectiveCallable.run(ReflectiveCallable.java:15)
	at org.junit.runners.model.FrameworkMethod.invokeExplosively(FrameworkMethod.java:41)
	at junitparams.internal.InvokeParameterisedMethod.evaluate(InvokeParameterisedMethod.java:102)
	at org.junit.internal.runners.statements.FailOnTimeout$1.run(FailOnTimeout.java:28)
Caused by: ptolemy.kernel.util.IllegalActionException: Found a zero delay loop containing .dependencyLoop.original
  in .dependencyLoop and .dependencyLoop.original
	at ptolemy.actor.util.CausalityInterfaceForComposites._computeOutputPortDepth(CausalityInterfaceForComposites.java:759)
	at ptolemy.actor.util.CausalityInterfaceForComposites._computeInputDepth(CausalityInterfaceForComposites.java:696)
	at ptolemy.actor.util.CausalityInterfaceForComposites._computeOutputPortDepth(CausalityInterfaceForComposites.java:765)
	at ptolemy.actor.util.CausalityInterfaceForComposites._computeInputDepth(CausalityInterfaceForComposites.java:696)
	at ptolemy.actor.util.CausalityInterfaceForComposites._computeOutputPortDepth(CausalityInterfaceForComposites.java:765)
	at ptolemy.actor.util.CausalityInterfaceForComposites._computeInputDepth(CausalityInterfaceForComposites.java:696)
	at ptolemy.actor.util.CausalityInterfaceForComposites._computeActorDepth(CausalityInterfaceForComposites.java:532)
	at ptolemy.actor.util.CausalityInterfaceForComposites.checkForCycles(CausalityInterfaceForComposites.java:96)
	at ptolemy.domains.de.kernel.DEDirector.preinitialize(DEDirector.java:1338)
	at ptolemy.actor.CompositeActor.preinitialize(CompositeActor.java:1828)
	at ptolemy.actor.Manager.preinitializeAndResolveTypes(Manager.java:1040)
	at ptolemy.actor.Manager.initialize(Manager.java:710)
	at ptolemy.actor.Manager.execute(Manager.java:356)
	at ptolemy.actor.Manager.run(Manager.java:1263)
	at ptolemy.actor.Manager$PtolemyRunThread.run(Manager.java:1933)
java.lang.RuntimeException: Execution failed
	at ptolemy.moml.MoMLSimpleApplication$UnloadThread.run(MoMLSimpleApplication.java:402)
Caused by: ptolemy.kernel.util.IllegalActionException: Found a zero delay loop containing .dependencyLoop2.original
  in .dependencyLoop2 and .dependencyLoop2.original
	at ptolemy.actor.util.CausalityInterfaceForComposites._computeOutputPortDepth(CausalityInterfaceForComposites.java:759)
	at ptolemy.actor.util.CausalityInterfaceForComposites._computeInputDepth(CausalityInterfaceForComposites.java:696)
	at ptolemy.actor.util.CausalityInterfaceForComposites._computeOutputPortDepth(CausalityInterfaceForComposites.java:765)
	at ptolemy.actor.util.CausalityInterfaceForComposites._computeInputDepth(CausalityInterfaceForComposites.java:696)
	at ptolemy.actor.util.CausalityInterfaceForComposites._computeOutputPortDepth(CausalityInterfaceForComposites.java:765)
	at ptolemy.actor.util.CausalityInterfaceForComposites._computeInputDepth(CausalityInterfaceForComposites.java:696)
	at ptolemy.actor.util.CausalityInterfaceForComposites._computeActorDepth(CausalityInterfaceForComposites.java:532)
	at ptolemy.actor.util.CausalityInterfaceForComposites.checkForCycles(CausalityInterfaceForComposites.java:96)
	at ptolemy.domains.de.kernel.DEDirector.preinitialize(DEDirector.java:1338)
	at ptolemy.actor.CompositeActor.preinitialize(CompositeActor.java:1828)
	at ptolemy.actor.Manager.preinitializeAndResolveTypes(Manager.java:1040)
	at ptolemy.actor.Manager.initialize(Manager.java:710)
	at ptolemy.actor.Manager.execute(Manager.java:356)
	at ptolemy.actor.Manager.run(Manager.java:1263)
	at ptolemy.actor.Manager$PtolemyRunThread.run(Manager.java:1933)
java.lang.reflect.InvocationTargetException
	at java.base/jdk.internal.reflect.NativeConstructorAccessorImpl.newInstance0(Native Method)
	at java.base/jdk.internal.reflect.NativeConstructorAccessorImpl.newInstance(NativeConstructorAccessorImpl.java:62)
	at java.base/jdk.internal.reflect.DelegatingConstructorAccessorImpl.newInstance(DelegatingConstructorAccessorImpl.java:45)
	at java.base/java.lang.reflect.Constructor.newInstance(Constructor.java:490)
	at ptolemy.util.test.junit.AutoKnownFailedTests.RunModel(AutoKnownFailedTests.java:105)
	at java.base/jdk.internal.reflect.NativeMethodAccessorImpl.invoke0(Native Method)
	at java.base/jdk.internal.reflect.NativeMethodAccessorImpl.invoke(NativeMethodAccessorImpl.java:62)
	at java.base/jdk.internal.reflect.DelegatingMethodAccessorImpl.invoke(DelegatingMethodAccessorImpl.java:43)
	at java.base/java.lang.reflect.Method.invoke(Method.java:566)
	at org.junit.runners.model.FrameworkMethod$1.runReflectiveCall(FrameworkMethod.java:44)
	at org.junit.internal.runners.model.ReflectiveCallable.run(ReflectiveCallable.java:15)
	at org.junit.runners.model.FrameworkMethod.invokeExplosively(FrameworkMethod.java:41)
	at junitparams.internal.InvokeParameterisedMethod.evaluate(InvokeParameterisedMethod.java:102)
	at org.junit.internal.runners.statements.FailOnTimeout$1.run(FailOnTimeout.java:28)
Caused by: ptolemy.kernel.util.IllegalActionException: Found a zero delay loop containing .dependencyLoop2.original
  in .dependencyLoop2 and .dependencyLoop2.original
	at ptolemy.actor.util.CausalityInterfaceForComposites._computeOutputPortDepth(CausalityInterfaceForComposites.java:759)
	at ptolemy.actor.util.CausalityInterfaceForComposites._computeInputDepth(CausalityInterfaceForComposites.java:696)
	at ptolemy.actor.util.CausalityInterfaceForComposites._computeOutputPortDepth(CausalityInterfaceForComposites.java:765)
	at ptolemy.actor.util.CausalityInterfaceForComposites._computeInputDepth(CausalityInterfaceForComposites.java:696)
	at ptolemy.actor.util.CausalityInterfaceForComposites._computeOutputPortDepth(CausalityInterfaceForComposites.java:765)
	at ptolemy.actor.util.CausalityInterfaceForComposites._computeInputDepth(CausalityInterfaceForComposites.java:696)
	at ptolemy.actor.util.CausalityInterfaceForComposites._computeActorDepth(CausalityInterfaceForComposites.java:532)
	at ptolemy.actor.util.CausalityInterfaceForComposites.checkForCycles(CausalityInterfaceForComposites.java:96)
	at ptolemy.domains.de.kernel.DEDirector.preinitialize(DEDirector.java:1338)
	at ptolemy.actor.CompositeActor.preinitialize(CompositeActor.java:1828)
	at ptolemy.actor.Manager.preinitializeAndResolveTypes(Manager.java:1040)
	at ptolemy.actor.Manager.initialize(Manager.java:710)
	at ptolemy.actor.Manager.execute(Manager.java:356)
	at ptolemy.actor.Manager.run(Manager.java:1263)
	at ptolemy.actor.Manager$PtolemyRunThread.run(Manager.java:1933)
]]></system-err>
</testsuite>
