<?xml version="1.0" encoding="UTF-8" ?>
<testsuite errors="0" failures="0" hostname="travis-job-6b780e71-c546-42f5-a5f3-56c49e9897d7" name="ptolemy.domains.de.test.junit.JUnitTclTest" skipped="0" tests="101" time="119.936" timestamp="2019-12-23T06:30:10">
  <properties>
[...]
</properties>
  <testcase classname="ptolemy.util.test.junit.TclTests" name="[0] /home/travis/build/icyphy/ptII/ptolemy/domains/de/test/DependencyLoop.tcl (RunTclFile)" time="1.026" />
  <testcase classname="ptolemy.util.test.junit.TclTests" name="[1] /home/travis/build/icyphy/ptII/ptolemy/domains/de/test/RunDETestsAsQSS.tcl (RunTclFile)" time="81.072" />
  <testcase classname="ptolemy.util.test.junit.AutoKnownFailedTests" name="[0] /home/travis/build/icyphy/ptII/ptolemy/domains/de/test/auto/knownFailedTests/DESDFClockTest.xml (RunModel)" time="2.053" />
  <testcase classname="ptolemy.util.test.junit.AutoKnownFailedTests" name="[1] /home/travis/build/icyphy/ptII/ptolemy/domains/de/test/auto/knownFailedTests/DirectFeedback.xml (RunModel)" time="0.015" />
  <testcase classname="ptolemy.util.test.junit.AutoKnownFailedTests" name="[2] /home/travis/build/icyphy/ptII/ptolemy/domains/de/test/auto/knownFailedTests/FSMSource.xml (RunModel)" time="0.018" />
  <testcase classname="ptolemy.util.test.junit.AutoKnownFailedTests" name="[3] /home/travis/build/icyphy/ptII/ptolemy/domains/de/test/auto/knownFailedTests/HierarchicalModel.xml (RunModel)" time="0.044" />
  <testcase classname="ptolemy.util.test.junit.AutoKnownFailedTests" name="[4] /home/travis/build/icyphy/ptII/ptolemy/domains/de/test/auto/knownFailedTests/dependencyLoop.xml (RunModel)" time="0.039" />
  <testcase classname="ptolemy.util.test.junit.AutoKnownFailedTests" name="[5] /home/travis/build/icyphy/ptII/ptolemy/domains/de/test/auto/knownFailedTests/dependencyLoop2.xml (RunModel)" time="0.043" />
  <testcase classname="ptolemy.util.test.junit.AutoNameArchTests" name="[0] ThereAreNoAutoArchTests (RunModel)" time="0.001" />
  <testcase classname="ptolemy.util.test.junit.AutoTests" name="[0] /home/travis/build/icyphy/ptII/ptolemy/domains/de/test/auto/ActorDepthCalculation_actorWithoutPorts.xml (RunModel)" time="0.026" />
  <testcase classname="ptolemy.util.test.junit.AutoTests" name="[1] /home/travis/build/icyphy/ptII/ptolemy/domains/de/test/auto/AssemblyLine.xml (RunModel)" time="0.024" />
  <testcase classname="ptolemy.util.test.junit.AutoTests" name="[2] /home/travis/build/icyphy/ptII/ptolemy/domains/de/test/auto/CQBug1.xml (RunModel)" time="0.009" />
  <testcase classname="ptolemy.util.test.junit.AutoTests" name="[3] /home/travis/build/icyphy/ptII/ptolemy/domains/de/test/auto/CancelFireAt.xml (RunModel)" time="0.023" />
  <testcase classname="ptolemy.util.test.junit.AutoTests" name="[4] /home/travis/build/icyphy/ptII/ptolemy/domains/de/test/auto/CausalityAndComposabilityAnalysis.xml (RunModel)" time="0.026" />
  <testcase classname="ptolemy.util.test.junit.AutoTests" name="[5] /home/travis/build/icyphy/ptII/ptolemy/domains/de/test/auto/CausalityInterface1.xml (RunModel)" time="0.026" />
  <testcase classname="ptolemy.util.test.junit.AutoTests" name="[6] /home/travis/build/icyphy/ptII/ptolemy/domains/de/test/auto/CausalityInterface15.xml (RunModel)" time="0.014" />
  <testcase classname="ptolemy.util.test.junit.AutoTests" name="[7] /home/travis/build/icyphy/ptII/ptolemy/domains/de/test/auto/CausalityInterface2.xml (RunModel)" time="0.015" />
  <testcase classname="ptolemy.util.test.junit.AutoTests" name="[8] /home/travis/build/icyphy/ptII/ptolemy/domains/de/test/auto/CausalityInterface3.xml (RunModel)" time="0.015" />
  <testcase classname="ptolemy.util.test.junit.AutoTests" name="[9] /home/travis/build/icyphy/ptII/ptolemy/domains/de/test/auto/ClockDrift.xml (RunModel)" time="0.038" />
  <testcase classname="ptolemy.util.test.junit.AutoTests" name="[10] /home/travis/build/icyphy/ptII/ptolemy/domains/de/test/auto/ClockDriftAndValueChange.xml (RunModel)" time="0.028" />
  <testcase classname="ptolemy.util.test.junit.AutoTests" name="[11] /home/travis/build/icyphy/ptII/ptolemy/domains/de/test/auto/ClockDriftChange.xml (RunModel)" time="0.03" />
  <testcase classname="ptolemy.util.test.junit.AutoTests" name="[12] /home/travis/build/icyphy/ptII/ptolemy/domains/de/test/auto/ComposableCausalityAnalysis.xml (RunModel)" time="0.017" />
  <testcase classname="ptolemy.util.test.junit.AutoTests" name="[13] /home/travis/build/icyphy/ptII/ptolemy/domains/de/test/auto/DEFixedPointLimitation.xml (RunModel)" time="0.008" />
  <testcase classname="ptolemy.util.test.junit.AutoTests" name="[14] /home/travis/build/icyphy/ptII/ptolemy/domains/de/test/auto/DEScheduleTest.xml (RunModel)" time="0.013" />
  <testcase classname="ptolemy.util.test.junit.AutoTests" name="[15] /home/travis/build/icyphy/ptII/ptolemy/domains/de/test/auto/DEinDEwithStartTimes.xml (RunModel)" time="0.013" />
  <testcase classname="ptolemy.util.test.junit.AutoTests" name="[16] /home/travis/build/icyphy/ptII/ptolemy/domains/de/test/auto/DEinDEwithStartTimes2.xml (RunModel)" time="0.018" />
  <testcase classname="ptolemy.util.test.junit.AutoTests" name="[17] /home/travis/build/icyphy/ptII/ptolemy/domains/de/test/auto/DateDemo.xml (RunModel)" time="0.032" />
  <testcase classname="ptolemy.util.test.junit.AutoTests" name="[18] /home/travis/build/icyphy/ptII/ptolemy/domains/de/test/auto/DateToEvent.xml (RunModel)" time="2.038" />
  <testcase classname="ptolemy.util.test.junit.AutoTests" name="[19] /home/travis/build/icyphy/ptII/ptolemy/domains/de/test/auto/DepthTest1.xml (RunModel)" time="0.015" />
  <testcase classname="ptolemy.util.test.junit.AutoTests" name="[20] /home/travis/build/icyphy/ptII/ptolemy/domains/de/test/auto/DepthTest2.xml (RunModel)" time="0.016" />
  <testcase classname="ptolemy.util.test.junit.AutoTests" name="[21] /home/travis/build/icyphy/ptII/ptolemy/domains/de/test/auto/DepthTest3.xml (RunModel)" time="0.006" />
  <testcase classname="ptolemy.util.test.junit.AutoTests" name="[22] /home/travis/build/icyphy/ptII/ptolemy/domains/de/test/auto/DepthTest4.xml (RunModel)" time="0.018" />
  <testcase classname="ptolemy.util.test.junit.AutoTests" name="[23] /home/travis/build/icyphy/ptII/ptolemy/domains/de/test/auto/DepthTest5.xml (RunModel)" time="0.019" />
  <testcase classname="ptolemy.util.test.junit.AutoTests" name="[24] /home/travis/build/icyphy/ptII/ptolemy/domains/de/test/auto/DepthTest6.xml (RunModel)" time="0.019" />
  <testcase classname="ptolemy.util.test.junit.AutoTests" name="[25] /home/travis/build/icyphy/ptII/ptolemy/domains/de/test/auto/DepthTest7.xml (RunModel)" time="0.01" />
  <testcase classname="ptolemy.util.test.junit.AutoTests" name="[26] /home/travis/build/icyphy/ptII/ptolemy/domains/de/test/auto/EventToDate.xml (RunModel)" time="3.038" />
  <testcase classname="ptolemy.util.test.junit.AutoTests" name="[27] /home/travis/build/icyphy/ptII/ptolemy/domains/de/test/auto/FSM1.xml (RunModel)" time="0.048" />
  <testcase classname="ptolemy.util.test.junit.AutoTests" name="[28] /home/travis/build/icyphy/ptII/ptolemy/domains/de/test/auto/FSM7.xml (RunModel)" time="0.032" />
  <testcase classname="ptolemy.util.test.junit.AutoTests" name="[29] /home/travis/build/icyphy/ptII/ptolemy/domains/de/test/auto/Inspection.xml (RunModel)" time="0.048" />
  <testcase classname="ptolemy.util.test.junit.AutoTests" name="[30] /home/travis/build/icyphy/ptII/ptolemy/domains/de/test/auto/Iteration.xml (RunModel)" time="0.024" />
  <testcase classname="ptolemy.util.test.junit.AutoTests" name="[31] /home/travis/build/icyphy/ptII/ptolemy/domains/de/test/auto/LineFault.xml (RunModel)" time="0.519" />
  <testcase classname="ptolemy.util.test.junit.AutoTests" name="[32] /home/travis/build/icyphy/ptII/ptolemy/domains/de/test/auto/MergeModel1Add.xml (RunModel)" time="0.043" />
  <testcase classname="ptolemy.util.test.junit.AutoTests" name="[33] /home/travis/build/icyphy/ptII/ptolemy/domains/de/test/auto/MergeModel2Add.xml (RunModel)" time="0.037" />
  <testcase classname="ptolemy.util.test.junit.AutoTests" name="[34] /home/travis/build/icyphy/ptII/ptolemy/domains/de/test/auto/MergeModel3Add.xml (RunModel)" time="0.048" />
  <testcase classname="ptolemy.util.test.junit.AutoTests" name="[35] /home/travis/build/icyphy/ptII/ptolemy/domains/de/test/auto/MergeWithoutDiscard.xml (RunModel)" time="0.014" />
  <testcase classname="ptolemy.util.test.junit.AutoTests" name="[36] /home/travis/build/icyphy/ptII/ptolemy/domains/de/test/auto/Modal1.xml (RunModel)" time="0.027" />
  <testcase classname="ptolemy.util.test.junit.AutoTests" name="[37] /home/travis/build/icyphy/ptII/ptolemy/domains/de/test/auto/Modal2.xml (RunModel)" time="0.028" />
  <testcase classname="ptolemy.util.test.junit.AutoTests" name="[38] /home/travis/build/icyphy/ptII/ptolemy/domains/de/test/auto/Modal3.xml (RunModel)" time="0.027" />
  <testcase classname="ptolemy.util.test.junit.AutoTests" name="[39] /home/travis/build/icyphy/ptII/ptolemy/domains/de/test/auto/Modal4.xml (RunModel)" time="0.031" />
  <testcase classname="ptolemy.util.test.junit.AutoTests" name="[40] /home/travis/build/icyphy/ptII/ptolemy/domains/de/test/auto/Modal5.xml (RunModel)" time="0.027" />
  <testcase classname="ptolemy.util.test.junit.AutoTests" name="[41] /home/travis/build/icyphy/ptII/ptolemy/domains/de/test/auto/Modal6.xml (RunModel)" time="0.024" />
  <testcase classname="ptolemy.util.test.junit.AutoTests" name="[42] /home/travis/build/icyphy/ptII/ptolemy/domains/de/test/auto/Modal7.xml (RunModel)" time="0.026" />
  <testcase classname="ptolemy.util.test.junit.AutoTests" name="[43] /home/travis/build/icyphy/ptII/ptolemy/domains/de/test/auto/ModalModel.xml (RunModel)" time="0.165" />
  <testcase classname="ptolemy.util.test.junit.AutoTests" name="[44] /home/travis/build/icyphy/ptII/ptolemy/domains/de/test/auto/ModalSource.xml (RunModel)" time="0.022" />
  <testcase classname="ptolemy.util.test.junit.AutoTests" name="[45] /home/travis/build/icyphy/ptII/ptolemy/domains/de/test/auto/NonInterruptibleTimerZeroDelay.xml (RunModel)" time="0.009" />
  <testcase classname="ptolemy.util.test.junit.AutoTests" name="[46] /home/travis/build/icyphy/ptII/ptolemy/domains/de/test/auto/OpenQueueingNetwork.xml (RunModel)" time="2.278" />
  <testcase classname="ptolemy.util.test.junit.AutoTests" name="[47] /home/travis/build/icyphy/ptII/ptolemy/domains/de/test/auto/OpenQueuingNetwork.xml (RunModel)" time="0.257" />
  <testcase classname="ptolemy.util.test.junit.AutoTests" name="[48] /home/travis/build/icyphy/ptII/ptolemy/domains/de/test/auto/PeriodicSampler.xml (RunModel)" time="0.01" />
  <testcase classname="ptolemy.util.test.junit.AutoTests" name="[49] /home/travis/build/icyphy/ptII/ptolemy/domains/de/test/auto/PersistentIO.xml (RunModel)" time="0.031" />
  <testcase classname="ptolemy.util.test.junit.AutoTests" name="[50] /home/travis/build/icyphy/ptII/ptolemy/domains/de/test/auto/PortParameterResetOnInitialize.xml (RunModel)" time="0.013" />
  <testcase classname="ptolemy.util.test.junit.AutoTests" name="[51] /home/travis/build/icyphy/ptII/ptolemy/domains/de/test/auto/PortParameterUpdates.xml (RunModel)" time="0.014" />
  <testcase classname="ptolemy.util.test.junit.AutoTests" name="[52] /home/travis/build/icyphy/ptII/ptolemy/domains/de/test/auto/QueueAndServer.xml (RunModel)" time="0.023" />
  <testcase classname="ptolemy.util.test.junit.AutoTests" name="[53] /home/travis/build/icyphy/ptII/ptolemy/domains/de/test/auto/Records.xml (RunModel)" time="0.015" />
  <testcase classname="ptolemy.util.test.junit.AutoTests" name="[54] /home/travis/build/icyphy/ptII/ptolemy/domains/de/test/auto/ResetTransitionWithStartTime1.xml (RunModel)" time="0.017" />
  <testcase classname="ptolemy.util.test.junit.AutoTests" name="[55] /home/travis/build/icyphy/ptII/ptolemy/domains/de/test/auto/ResetTransitionWithStartTime2.xml (RunModel)" time="0.022" />
  <testcase classname="ptolemy.util.test.junit.AutoTests" name="[56] /home/travis/build/icyphy/ptII/ptolemy/domains/de/test/auto/ResetTransitionWithStartTime3.xml (RunModel)" time="0.017" />
  <testcase classname="ptolemy.util.test.junit.AutoTests" name="[57] /home/travis/build/icyphy/ptII/ptolemy/domains/de/test/auto/ResetTransitionWithStartTime4.xml (RunModel)" time="0.016" />
  <testcase classname="ptolemy.util.test.junit.AutoTests" name="[58] /home/travis/build/icyphy/ptII/ptolemy/domains/de/test/auto/ResettableTimer1.xml (RunModel)" time="0.01" />
  <testcase classname="ptolemy.util.test.junit.AutoTests" name="[59] /home/travis/build/icyphy/ptII/ptolemy/domains/de/test/auto/ResettableTimer2.xml (RunModel)" time="0.009" />
  <testcase classname="ptolemy.util.test.junit.AutoTests" name="[60] /home/travis/build/icyphy/ptII/ptolemy/domains/de/test/auto/ResettableTimer3.xml (RunModel)" time="0.008" />
  <testcase classname="ptolemy.util.test.junit.AutoTests" name="[61] /home/travis/build/icyphy/ptII/ptolemy/domains/de/test/auto/ResettableTimer4.xml (RunModel)" time="0.009" />
  <testcase classname="ptolemy.util.test.junit.AutoTests" name="[62] /home/travis/build/icyphy/ptII/ptolemy/domains/de/test/auto/ResettableTimer5.xml (RunModel)" time="0.008" />
  <testcase classname="ptolemy.util.test.junit.AutoTests" name="[63] /home/travis/build/icyphy/ptII/ptolemy/domains/de/test/auto/ResettableTimer6.xml (RunModel)" time="0.014" />
  <testcase classname="ptolemy.util.test.junit.AutoTests" name="[64] /home/travis/build/icyphy/ptII/ptolemy/domains/de/test/auto/ServerZeroDelay.xml (RunModel)" time="0.009" />
  <testcase classname="ptolemy.util.test.junit.AutoTests" name="[65] /home/travis/build/icyphy/ptII/ptolemy/domains/de/test/auto/SmartSender.xml (RunModel)" time="3.008" />
  <testcase classname="ptolemy.util.test.junit.AutoTests" name="[66] /home/travis/build/icyphy/ptII/ptolemy/domains/de/test/auto/ThreadedComposite.xml (RunModel)" time="0.117" />
  <testcase classname="ptolemy.util.test.junit.AutoTests" name="[67] /home/travis/build/icyphy/ptII/ptolemy/domains/de/test/auto/Time.xml (RunModel)" time="0.359" />
  <testcase classname="ptolemy.util.test.junit.AutoTests" name="[68] /home/travis/build/icyphy/ptII/ptolemy/domains/de/test/auto/TimeDelayZeroDelay.xml (RunModel)" time="0.01" />
  <testcase classname="ptolemy.util.test.junit.AutoTests" name="[69] /home/travis/build/icyphy/ptII/ptolemy/domains/de/test/auto/TimerZeroDelay.xml (RunModel)" time="0.01" />
  <testcase classname="ptolemy.util.test.junit.AutoTests" name="[70] /home/travis/build/icyphy/ptII/ptolemy/domains/de/test/auto/TimingParadox.xml (RunModel)" time="0.294" />
  <testcase classname="ptolemy.util.test.junit.AutoTests" name="[71] /home/travis/build/icyphy/ptII/ptolemy/domains/de/test/auto/TransferInputs.xml (RunModel)" time="0.011" />
  <testcase classname="ptolemy.util.test.junit.AutoTests" name="[72] /home/travis/build/icyphy/ptII/ptolemy/domains/de/test/auto/TransferOutputs2.xml (RunModel)" time="0.015" />
  <testcase classname="ptolemy.util.test.junit.AutoTests" name="[73] /home/travis/build/icyphy/ptII/ptolemy/domains/de/test/auto/Trilateration.xml (RunModel)" time="9.933" />
  <testcase classname="ptolemy.util.test.junit.AutoTests" name="[74] /home/travis/build/icyphy/ptII/ptolemy/domains/de/test/auto/TwoSigmaDelta.xml (RunModel)" time="1.819" />
  <testcase classname="ptolemy.util.test.junit.AutoTests" name="[75] /home/travis/build/icyphy/ptII/ptolemy/domains/de/test/auto/VariableDelay.xml (RunModel)" time="0.012" />
  <testcase classname="ptolemy.util.test.junit.AutoTests" name="[76] /home/travis/build/icyphy/ptII/ptolemy/domains/de/test/auto/VariableDelay2.xml (RunModel)" time="0.014" />
  <testcase classname="ptolemy.util.test.junit.AutoTests" name="[77] /home/travis/build/icyphy/ptII/ptolemy/domains/de/test/auto/VariableDelayZeroDelay.xml (RunModel)" time="0.01" />
  <testcase classname="ptolemy.util.test.junit.AutoTests" name="[78] /home/travis/build/icyphy/ptII/ptolemy/domains/de/test/auto/VariableDelayZeroDelay2.xml (RunModel)" time="0.007" />
  <testcase classname="ptolemy.util.test.junit.AutoTests" name="[79] /home/travis/build/icyphy/ptII/ptolemy/domains/de/test/auto/deInCt.xml (RunModel)" time="0.012" />
  <testcase classname="ptolemy.util.test.junit.AutoTests" name="[80] /home/travis/build/icyphy/ptII/ptolemy/domains/de/test/auto/deInCt2.xml (RunModel)" time="0.012" />
  <testcase classname="ptolemy.util.test.junit.AutoTests" name="[81] /home/travis/build/icyphy/ptII/ptolemy/domains/de/test/auto/dynamicCausalityInterface1.xml (RunModel)" time="0.014" />
  <testcase classname="ptolemy.util.test.junit.AutoTests" name="[82] /home/travis/build/icyphy/ptII/ptolemy/domains/de/test/auto/fsm_de_test.xml (RunModel)" time="0.023" />
  <testcase classname="ptolemy.util.test.junit.AutoTests" name="[83] /home/travis/build/icyphy/ptII/ptolemy/domains/de/test/auto/functionDependencyReconstruction.xml (RunModel)" time="0.027" />
  <testcase classname="ptolemy.util.test.junit.AutoTests" name="[84] /home/travis/build/icyphy/ptII/ptolemy/domains/de/test/auto/multirate.xml (RunModel)" time="0.013" />
  <testcase classname="ptolemy.util.test.junit.AutoTests" name="[85] /home/travis/build/icyphy/ptII/ptolemy/domains/de/test/auto/multirate2.xml (RunModel)" time="0.011" />
  <testcase classname="ptolemy.util.test.junit.AutoTests" name="[86] /home/travis/build/icyphy/ptII/ptolemy/domains/de/test/auto/realtime.xml (RunModel)" time="10.009" />
  <testcase classname="ptolemy.util.test.junit.AutoTests" name="[87] /home/travis/build/icyphy/ptII/ptolemy/domains/de/test/auto/relationGroup.xml (RunModel)" time="0.007" />
  <testcase classname="ptolemy.util.test.junit.AutoTests" name="[88] /home/travis/build/icyphy/ptII/ptolemy/domains/de/test/auto/relationGroup2.xml (RunModel)" time="0.007" />
  <testcase classname="ptolemy.util.test.junit.AutoTests" name="[89] /home/travis/build/icyphy/ptII/ptolemy/domains/de/test/auto/sortWithOpaquePorts.xml (RunModel)" time="0.011" />
  <testcase classname="ptolemy.util.test.junit.AutoTests" name="[90] /home/travis/build/icyphy/ptII/ptolemy/domains/de/test/auto/transferInputsandOutputs.xml (RunModel)" time="0.02" />
  <testcase classname="ptolemy.util.test.junit.AutoTests" name="[91] /home/travis/build/icyphy/ptII/ptolemy/domains/de/test/auto/triggerType.xml (RunModel)" time="0.01" />
  <system-out><![CDATA[/home/travis/build/icyphy/ptII/ptolemy/domains/de/test/DependencyLoop.tcl
testDefs.tcl: setting time out to 9000 seconds at Mon Dec 23 06:30:10 UTC 2019
84 ms. Memory: 129024K Free: 80326K (62%)
25 ms. Memory: 129024K Free: 62903K (49%)
/home/travis/build/icyphy/ptII/ptolemy/domains/de/test/RunDETestsAsQSS.tcl
Run the DE tests using ptolemy.domains.qss.test.QSSDirectorTest, which extends QSSDirector and prints a message in the constructors.
------------------ testing $PTII/ptolemy/domains/de/test/auto/knownFailedTests/DirectFeedback.xml (Known Failure) 
56 ms. Memory: 129024K Free: 56774K (44%)


==== $PTIIhome/travis/build/icyphy/ptII/ptolemy/domains/de/test/../../../../: Auto Automatic test in file $PTII/ptolemy/domains/de/test/auto/knownFailedTests/DirectFeedback.xml
==== Contents of test case:

	    # FIXME: we should use $relativeFilename here, but it
	    # might have backslashes under Windows, which causes no end
	    # of trouble.
	    createAndExecute $file
	    list {}
	
.... Test generated KNOWN error:
    while executing
ptolemy.kernel.util.IllegalActionException: Test fails in iteration 1.
Value was: 1.0. Should have been: 2.0
  in .DirectFeedback.Test
	at ptolemy.actor.lib.Test.fire(Test.java:268)
	at ptolemy.domains.de.kernel.DEDirector._fire(DEDirector.java:1949)
	at ptolemy.domains.de.kernel.DEDirector.fire(DEDirector.java:502)
	at ptolemy.actor.CompositeActor.fire(CompositeActor.java:455)
	at ptolemy.actor.Manager.iterate(Manager.java:851)
	at ptolemy.actor.Manager.execute(Manager.java:369)
	at ptolemy.actor.Manager.run(Manager.java:1263)
	at ptolemy.actor.Manager$PtolemyRunThread.run(Manager.java:1933)

    while executing
ptolemy.kernel.util.IllegalActionException: Test fails in iteration 1.
Value was: 1.0. Should have been: 2.0
  in .DirectFeedback.Test
    while executing
"java::new ptolemy.moml.MoMLSimpleApplication $file
"
    (procedure "createAndExecute" line 2)
    invoked from within
"createAndExecute $file"
    ("uplevel" body line 5)
    invoked from within
"uplevel $contents_of_test"
------------------ testing $PTII/ptolemy/domains/de/test/auto/knownFailedTests/dependencyLoop.xml (Known Failure) 
19 ms. Memory: 129024K Free: 53702K (42%)


==== $PTIIhome/travis/build/icyphy/ptII/ptolemy/domains/de/test/../../../../: Auto Automatic test in file $PTII/ptolemy/domains/de/test/auto/knownFailedTests/dependencyLoop.xml
==== Contents of test case:

	    # FIXME: we should use $relativeFilename here, but it
	    # might have backslashes under Windows, which causes no end
	    # of trouble.
	    createAndExecute $file
	    list {}
	
.... Test generated KNOWN error:
    while executing
ptolemy.kernel.util.IllegalActionException: Found a zero delay loop containing .dependencyLoop.original
  in .dependencyLoop and .dependencyLoop.original
	at ptolemy.actor.util.CausalityInterfaceForComposites._computeOutputPortDepth(CausalityInterfaceForComposites.java:759)
	at ptolemy.actor.util.CausalityInterfaceForComposites._computeInputDepth(CausalityInterfaceForComposites.java:696)
	at ptolemy.actor.util.CausalityInterfaceForComposites._computeOutputPortDepth(CausalityInterfaceForComposites.java:765)
	at ptolemy.actor.util.CausalityInterfaceForComposites._computeInputDepth(CausalityInterfaceForComposites.java:696)
	at ptolemy.actor.util.CausalityInterfaceForComposites._computeOutputPortDepth(CausalityInterfaceForComposites.java:765)
	at ptolemy.actor.util.CausalityInterfaceForComposites._computeInputDepth(CausalityInterfaceForComposites.java:696)
	at ptolemy.actor.util.CausalityInterfaceForComposites._computeActorDepth(CausalityInterfaceForComposites.java:532)
	at ptolemy.actor.util.CausalityInterfaceForComposites.checkForCycles(CausalityInterfaceForComposites.java:96)
	at ptolemy.domains.de.kernel.DEDirector.preinitialize(DEDirector.java:1338)
	at ptolemy.actor.CompositeActor.preinitialize(CompositeActor.java:1828)
	at ptolemy.actor.Manager.preinitializeAndResolveTypes(Manager.java:1040)
	at ptolemy.actor.Manager.initialize(Manager.java:710)
	at ptolemy.actor.Manager.execute(Manager.java:356)
	at ptolemy.actor.Manager.run(Manager.java:1263)
	at ptolemy.actor.Manager$PtolemyRunThread.run(Manager.java:1933)

    while executing
ptolemy.kernel.util.IllegalActionException: Found a zero delay loop containing .dependencyLoop.original
  in .dependencyLoop and .dependencyLoop.original
    while executing
"java::new ptolemy.moml.MoMLSimpleApplication $file
"
    (procedure "createAndExecute" line 2)
    invoked from within
"createAndExecute $file"
    ("uplevel" body line 5)
    invoked from within
"uplevel $contents_of_test"
------------------ testing $PTII/ptolemy/domains/de/test/auto/knownFailedTests/FSMSource.xml (Known Failure) 
58 ms. Memory: 129024K Free: 111720K (87%)
!!!! Auto was marked as failing, but now passes
------------------ testing $PTII/ptolemy/domains/de/test/auto/knownFailedTests/HierarchicalModel.xml (Known Failure) 
9 ms. Memory: 129024K Free: 94284K (73%)


==== $PTIIhome/travis/build/icyphy/ptII/ptolemy/domains/de/test/../../../../: Auto Automatic test in file $PTII/ptolemy/domains/de/test/auto/knownFailedTests/HierarchicalModel.xml
==== Contents of test case:

	    # FIXME: we should use $relativeFilename here, but it
	    # might have backslashes under Windows, which causes no end
	    # of trouble.
	    createAndExecute $file
	    list {}
	
.... Test generated KNOWN error:
    while executing
ptolemy.kernel.util.IllegalActionException: Found a zero delay loop containing .HierarchicalModel.A
  in .HierarchicalModel and .HierarchicalModel.A
	at ptolemy.actor.util.CausalityInterfaceForComposites._computeOutputPortDepth(CausalityInterfaceForComposites.java:759)
	at ptolemy.actor.util.CausalityInterfaceForComposites._computeInputDepth(CausalityInterfaceForComposites.java:696)
	at ptolemy.actor.util.CausalityInterfaceForComposites._computeOutputPortDepth(CausalityInterfaceForComposites.java:765)
	at ptolemy.actor.util.CausalityInterfaceForComposites._computeInputDepth(CausalityInterfaceForComposites.java:696)
	at ptolemy.actor.util.CausalityInterfaceForComposites._computeOutputPortDepth(CausalityInterfaceForComposites.java:765)
	at ptolemy.actor.util.CausalityInterfaceForComposites._computeInputDepth(CausalityInterfaceForComposites.java:696)
	at ptolemy.actor.util.CausalityInterfaceForComposites._computeActorDepth(CausalityInterfaceForComposites.java:532)
	at ptolemy.actor.util.CausalityInterfaceForComposites.checkForCycles(CausalityInterfaceForComposites.java:96)
	at ptolemy.domains.de.kernel.DEDirector.preinitialize(DEDirector.java:1338)
	at ptolemy.actor.CompositeActor.preinitialize(CompositeActor.java:1828)
	at ptolemy.actor.Manager.preinitializeAndResolveTypes(Manager.java:1040)
	at ptolemy.actor.Manager.initialize(Manager.java:710)
	at ptolemy.actor.Manager.execute(Manager.java:356)
	at ptolemy.actor.Manager.run(Manager.java:1263)
	at ptolemy.actor.Manager$PtolemyRunThread.run(Manager.java:1933)

    while executing
ptolemy.kernel.util.IllegalActionException: Found a zero delay loop containing .HierarchicalModel.A
  in .HierarchicalModel and .HierarchicalModel.A
    while executing
"java::new ptolemy.moml.MoMLSimpleApplication $file
"
    (procedure "createAndExecute" line 2)
    invoked from within
"createAndExecute $file"
    ("uplevel" body line 5)
    invoked from within
"uplevel $contents_of_test"
------------------ testing $PTII/ptolemy/domains/de/test/auto/knownFailedTests/dependencyLoop2.xml (Known Failure) 
8 ms. Memory: 129024K Free: 77922K (60%)


==== $PTIIhome/travis/build/icyphy/ptII/ptolemy/domains/de/test/../../../../: Auto Automatic test in file $PTII/ptolemy/domains/de/test/auto/knownFailedTests/dependencyLoop2.xml
==== Contents of test case:

	    # FIXME: we should use $relativeFilename here, but it
	    # might have backslashes under Windows, which causes no end
	    # of trouble.
	    createAndExecute $file
	    list {}
	
.... Test generated KNOWN error:
    while executing
ptolemy.kernel.util.IllegalActionException: Found a zero delay loop containing .dependencyLoop2.original
  in .dependencyLoop2 and .dependencyLoop2.original
	at ptolemy.actor.util.CausalityInterfaceForComposites._computeOutputPortDepth(CausalityInterfaceForComposites.java:759)
	at ptolemy.actor.util.CausalityInterfaceForComposites._computeInputDepth(CausalityInterfaceForComposites.java:696)
	at ptolemy.actor.util.CausalityInterfaceForComposites._computeOutputPortDepth(CausalityInterfaceForComposites.java:765)
	at ptolemy.actor.util.CausalityInterfaceForComposites._computeInputDepth(CausalityInterfaceForComposites.java:696)
	at ptolemy.actor.util.CausalityInterfaceForComposites._computeOutputPortDepth(CausalityInterfaceForComposites.java:765)
	at ptolemy.actor.util.CausalityInterfaceForComposites._computeInputDepth(CausalityInterfaceForComposites.java:696)
	at ptolemy.actor.util.CausalityInterfaceForComposites._computeActorDepth(CausalityInterfaceForComposites.java:532)
	at ptolemy.actor.util.CausalityInterfaceForComposites.checkForCycles(CausalityInterfaceForComposites.java:96)
	at ptolemy.domains.de.kernel.DEDirector.preinitialize(DEDirector.java:1338)
	at ptolemy.actor.CompositeActor.preinitialize(CompositeActor.java:1828)
	at ptolemy.actor.Manager.preinitializeAndResolveTypes(Manager.java:1040)
	at ptolemy.actor.Manager.initialize(Manager.java:710)
	at ptolemy.actor.Manager.execute(Manager.java:356)
	at ptolemy.actor.Manager.run(Manager.java:1263)
	at ptolemy.actor.Manager$PtolemyRunThread.run(Manager.java:1933)

    while executing
ptolemy.kernel.util.IllegalActionException: Found a zero delay loop containing .dependencyLoop2.original
  in .dependencyLoop2 and .dependencyLoop2.original
    while executing
"java::new ptolemy.moml.MoMLSimpleApplication $file
"
    (procedure "createAndExecute" line 2)
    invoked from within
"createAndExecute $file"
    ("uplevel" body line 5)
    invoked from within
"uplevel $contents_of_test"
------------------ testing $PTII/ptolemy/domains/de/test/auto/knownFailedTests/DESDFClockTest.xml (Known Failure) 
2062 ms. Memory: 129024K Free: 107959K (84%)


==== $PTIIhome/travis/build/icyphy/ptII/ptolemy/domains/de/test/../../../../: Auto Automatic test in file $PTII/ptolemy/domains/de/test/auto/knownFailedTests/DESDFClockTest.xml
==== Contents of test case:

	    # FIXME: we should use $relativeFilename here, but it
	    # might have backslashes under Windows, which causes no end
	    # of trouble.
	    createAndExecute $file
	    list {}
	
.... Test generated KNOWN error:
    while executing
ptolemy.kernel.util.IllegalActionException: Actor is not ready to fire.  Perhaps UpSample.prefire() returned false? Try debugging the actor by selecting "Listen to Actor".  Also, for SDF check moml for tokenConsumptionRate on input.
  in .DESDFClockTest.Play Bell.Copy1:SDF Director and .DESDFClockTest.Play Bell.UpSample
	at ptolemy.actor.sched.StaticSchedulingDirector.fire(StaticSchedulingDirector.java:227)
	at ptolemy.domains.sdf.kernel.SDFDirector.fire(SDFDirector.java:500)
	at ptolemy.actor.CompositeActor.fire(CompositeActor.java:455)
	at ptolemy.domains.de.kernel.DEDirector._fire(DEDirector.java:1949)
	at ptolemy.domains.de.kernel.DEDirector.fire(DEDirector.java:502)
	at ptolemy.actor.CompositeActor.fire(CompositeActor.java:455)
	at ptolemy.actor.Manager.iterate(Manager.java:851)
	at ptolemy.actor.Manager.execute(Manager.java:369)
	at ptolemy.actor.Manager.run(Manager.java:1263)
	at ptolemy.actor.Manager$PtolemyRunThread.run(Manager.java:1933)

    while executing
ptolemy.kernel.util.IllegalActionException: Actor is not ready to fire.  Perhaps UpSample.prefire() returned false? Try debugging the actor by selecting "Listen to Actor".  Also, for SDF check moml for tokenConsumptionRate on input.
  in .DESDFClockTest.Play Bell.Copy1:SDF Director and .DESDFClockTest.Play Bell.UpSample
    while executing
"java::new ptolemy.moml.MoMLSimpleApplication $file
"
    (procedure "createAndExecute" line 2)
    invoked from within
"createAndExecute $file"
    ("uplevel" body line 5)
    invoked from within
"uplevel $contents_of_test"
------------------ testing $PTII/ptolemy/domains/de/test/auto/ActorDepthCalculation_actorWithoutPorts.xml
auto.tcl: Setting watchdog for 200 seconds at Mon Dec 23 06:30:14 UTC 2019
5 ms. Memory: 129024K Free: 100263K (78%)
ptolemy.util.test.WatchDog.cancel(): canceling Mon Dec 23 06:30:14 UTC 2019
auto.tcl: Setting watchdog for 200 seconds at Mon Dec 23 06:30:14 UTC 2019
5 ms. Memory: 129024K Free: 99247K (77%)
ptolemy.util.test.WatchDog.cancel(): canceling Mon Dec 23 06:30:14 UTC 2019
------------------ testing $PTII/ptolemy/domains/de/test/auto/AssemblyLine.xml
auto.tcl: Setting watchdog for 200 seconds at Mon Dec 23 06:30:14 UTC 2019
6 ms. Memory: 48128K Free: 25992K (54%)
ptolemy.util.test.WatchDog.cancel(): canceling Mon Dec 23 06:30:15 UTC 2019
auto.tcl: Setting watchdog for 200 seconds at Mon Dec 23 06:30:15 UTC 2019
6 ms. Memory: 48128K Free: 25298K (53%)
ptolemy.util.test.WatchDog.cancel(): canceling Mon Dec 23 06:30:15 UTC 2019
------------------ testing $PTII/ptolemy/domains/de/test/auto/CQBug1.xml
auto.tcl: Setting watchdog for 200 seconds at Mon Dec 23 06:30:15 UTC 2019
2 ms. Memory: 48128K Free: 31564K (66%)
ptolemy.util.test.WatchDog.cancel(): canceling Mon Dec 23 06:30:15 UTC 2019
auto.tcl: Setting watchdog for 200 seconds at Mon Dec 23 06:30:15 UTC 2019
2 ms. Memory: 48128K Free: 31134K (65%)
ptolemy.util.test.WatchDog.cancel(): canceling Mon Dec 23 06:30:15 UTC 2019
------------------ testing $PTII/ptolemy/domains/de/test/auto/CancelFireAt.xml
auto.tcl: Setting watchdog for 200 seconds at Mon Dec 23 06:30:15 UTC 2019
6 ms. Memory: 48128K Free: 32706K (68%)
ptolemy.util.test.WatchDog.cancel(): canceling Mon Dec 23 06:30:15 UTC 2019
auto.tcl: Setting watchdog for 200 seconds at Mon Dec 23 06:30:15 UTC 2019
3 ms. Memory: 48128K Free: 32273K (67%)
ptolemy.util.test.WatchDog.cancel(): canceling Mon Dec 23 06:30:15 UTC 2019
------------------ testing $PTII/ptolemy/domains/de/test/auto/CausalityAndComposabilityAnalysis.xml
auto.tcl: Setting watchdog for 200 seconds at Mon Dec 23 06:30:15 UTC 2019
7 ms. Memory: 48128K Free: 30472K (63%)
ptolemy.util.test.WatchDog.cancel(): canceling Mon Dec 23 06:30:15 UTC 2019
auto.tcl: Setting watchdog for 200 seconds at Mon Dec 23 06:30:15 UTC 2019
5 ms. Memory: 48128K Free: 30042K (62%)
ptolemy.util.test.WatchDog.cancel(): canceling Mon Dec 23 06:30:15 UTC 2019
------------------ testing $PTII/ptolemy/domains/de/test/auto/CausalityInterface1.xml
auto.tcl: Setting watchdog for 200 seconds at Mon Dec 23 06:30:15 UTC 2019
28 ms. Memory: 48128K Free: 29404K (61%)
ptolemy.util.test.WatchDog.cancel(): canceling Mon Dec 23 06:30:15 UTC 2019
auto.tcl: Setting watchdog for 200 seconds at Mon Dec 23 06:30:15 UTC 2019
4 ms. Memory: 48128K Free: 28409K (59%)
ptolemy.util.test.WatchDog.cancel(): canceling Mon Dec 23 06:30:15 UTC 2019
------------------ testing $PTII/ptolemy/domains/de/test/auto/CausalityInterface15.xml
auto.tcl: Setting watchdog for 200 seconds at Mon Dec 23 06:30:15 UTC 2019
8 ms. Memory: 48128K Free: 29352K (61%)
ptolemy.util.test.WatchDog.cancel(): canceling Mon Dec 23 06:30:15 UTC 2019
auto.tcl: Setting watchdog for 200 seconds at Mon Dec 23 06:30:15 UTC 2019
6 ms. Memory: 48128K Free: 28407K (59%)
ptolemy.util.test.WatchDog.cancel(): canceling Mon Dec 23 06:30:15 UTC 2019
------------------ testing $PTII/ptolemy/domains/de/test/auto/CausalityInterface2.xml
auto.tcl: Setting watchdog for 200 seconds at Mon Dec 23 06:30:15 UTC 2019
3 ms. Memory: 48128K Free: 29974K (62%)
ptolemy.util.test.WatchDog.cancel(): canceling Mon Dec 23 06:30:15 UTC 2019
auto.tcl: Setting watchdog for 200 seconds at Mon Dec 23 06:30:15 UTC 2019
3 ms. Memory: 48128K Free: 28946K (60%)
ptolemy.util.test.WatchDog.cancel(): canceling Mon Dec 23 06:30:15 UTC 2019
------------------ testing $PTII/ptolemy/domains/de/test/auto/CausalityInterface3.xml
auto.tcl: Setting watchdog for 200 seconds at Mon Dec 23 06:30:15 UTC 2019
4 ms. Memory: 48128K Free: 29597K (61%)
ptolemy.util.test.WatchDog.cancel(): canceling Mon Dec 23 06:30:15 UTC 2019
auto.tcl: Setting watchdog for 200 seconds at Mon Dec 23 06:30:15 UTC 2019
3 ms. Memory: 48128K Free: 29061K (60%)
ptolemy.util.test.WatchDog.cancel(): canceling Mon Dec 23 06:30:15 UTC 2019
------------------ testing $PTII/ptolemy/domains/de/test/auto/ClockDrift.xml
auto.tcl: Setting watchdog for 200 seconds at Mon Dec 23 06:30:15 UTC 2019
69 ms. Memory: 48128K Free: 22171K (46%)
ptolemy.util.test.WatchDog.cancel(): canceling Mon Dec 23 06:30:15 UTC 2019
auto.tcl: Setting watchdog for 200 seconds at Mon Dec 23 06:30:15 UTC 2019
50 ms. Memory: 48128K Free: 19158K (40%)
ptolemy.util.test.WatchDog.cancel(): canceling Mon Dec 23 06:30:15 UTC 2019
------------------ testing $PTII/ptolemy/domains/de/test/auto/ClockDriftAndValueChange.xml
auto.tcl: Setting watchdog for 200 seconds at Mon Dec 23 06:30:15 UTC 2019
39 ms. Memory: 48128K Free: 22274K (46%)
ptolemy.util.test.WatchDog.cancel(): canceling Mon Dec 23 06:30:16 UTC 2019
auto.tcl: Setting watchdog for 200 seconds at Mon Dec 23 06:30:16 UTC 2019
31 ms. Memory: 48128K Free: 19440K (40%)
ptolemy.util.test.WatchDog.cancel(): canceling Mon Dec 23 06:30:16 UTC 2019
------------------ testing $PTII/ptolemy/domains/de/test/auto/ClockDriftChange.xml
auto.tcl: Setting watchdog for 200 seconds at Mon Dec 23 06:30:16 UTC 2019
20 ms. Memory: 48128K Free: 23821K (49%)
ptolemy.util.test.WatchDog.cancel(): canceling Mon Dec 23 06:30:16 UTC 2019
auto.tcl: Setting watchdog for 200 seconds at Mon Dec 23 06:30:16 UTC 2019
26 ms. Memory: 48128K Free: 21243K (44%)
ptolemy.util.test.WatchDog.cancel(): canceling Mon Dec 23 06:30:16 UTC 2019
------------------ testing $PTII/ptolemy/domains/de/test/auto/ComposableCausalityAnalysis.xml
auto.tcl: Setting watchdog for 200 seconds at Mon Dec 23 06:30:16 UTC 2019
2 ms. Memory: 48128K Free: 28680K (60%)
ptolemy.util.test.WatchDog.cancel(): canceling Mon Dec 23 06:30:16 UTC 2019
auto.tcl: Setting watchdog for 200 seconds at Mon Dec 23 06:30:16 UTC 2019
4 ms. Memory: 48128K Free: 27633K (57%)
ptolemy.util.test.WatchDog.cancel(): canceling Mon Dec 23 06:30:16 UTC 2019
------------------ testing $PTII/ptolemy/domains/de/test/auto/DEFixedPointLimitation.xml
auto.tcl: Setting watchdog for 200 seconds at Mon Dec 23 06:30:16 UTC 2019
1 ms. Memory: 48128K Free: 30004K (62%)
ptolemy.util.test.WatchDog.cancel(): canceling Mon Dec 23 06:30:16 UTC 2019
auto.tcl: Setting watchdog for 200 seconds at Mon Dec 23 06:30:16 UTC 2019
1 ms. Memory: 48128K Free: 29133K (61%)
ptolemy.util.test.WatchDog.cancel(): canceling Mon Dec 23 06:30:16 UTC 2019
------------------ testing $PTII/ptolemy/domains/de/test/auto/DEScheduleTest.xml
auto.tcl: Setting watchdog for 200 seconds at Mon Dec 23 06:30:16 UTC 2019
5 ms. Memory: 48128K Free: 30363K (63%)
ptolemy.util.test.WatchDog.cancel(): canceling Mon Dec 23 06:30:16 UTC 2019
auto.tcl: Setting watchdog for 200 seconds at Mon Dec 23 06:30:16 UTC 2019
3 ms. Memory: 48128K Free: 29587K (61%)
ptolemy.util.test.WatchDog.cancel(): canceling Mon Dec 23 06:30:16 UTC 2019
------------------ testing $PTII/ptolemy/domains/de/test/auto/DEinDEwithStartTimes.xml
auto.tcl: Setting watchdog for 200 seconds at Mon Dec 23 06:30:16 UTC 2019
5 ms. Memory: 48128K Free: 28513K (59%)
ptolemy.util.test.WatchDog.cancel(): canceling Mon Dec 23 06:30:16 UTC 2019
auto.tcl: Setting watchdog for 200 seconds at Mon Dec 23 06:30:16 UTC 2019
3 ms. Memory: 48128K Free: 27489K (57%)
ptolemy.util.test.WatchDog.cancel(): canceling Mon Dec 23 06:30:16 UTC 2019
------------------ testing $PTII/ptolemy/domains/de/test/auto/DEinDEwithStartTimes2.xml
auto.tcl: Setting watchdog for 200 seconds at Mon Dec 23 06:30:16 UTC 2019
7 ms. Memory: 48128K Free: 27715K (58%)
ptolemy.util.test.WatchDog.cancel(): canceling Mon Dec 23 06:30:16 UTC 2019
auto.tcl: Setting watchdog for 200 seconds at Mon Dec 23 06:30:16 UTC 2019
4 ms. Memory: 48128K Free: 26445K (55%)
ptolemy.util.test.WatchDog.cancel(): canceling Mon Dec 23 06:30:16 UTC 2019
------------------ testing $PTII/ptolemy/domains/de/test/auto/DateDemo.xml
auto.tcl: Setting watchdog for 200 seconds at Mon Dec 23 06:30:16 UTC 2019
21 ms. Memory: 48128K Free: 22076K (46%)
ptolemy.util.test.WatchDog.cancel(): canceling Mon Dec 23 06:30:16 UTC 2019
auto.tcl: Setting watchdog for 200 seconds at Mon Dec 23 06:30:16 UTC 2019
6 ms. Memory: 48128K Free: 20471K (43%)
ptolemy.util.test.WatchDog.cancel(): canceling Mon Dec 23 06:30:16 UTC 2019
------------------ testing $PTII/ptolemy/domains/de/test/auto/DateToEvent.xml
auto.tcl: Setting watchdog for 200 seconds at Mon Dec 23 06:30:16 UTC 2019
2013 ms. Memory: 48128K Free: 18088K (38%)
ptolemy.util.test.WatchDog.cancel(): canceling Mon Dec 23 06:30:18 UTC 2019
auto.tcl: Setting watchdog for 200 seconds at Mon Dec 23 06:30:18 UTC 2019
2004 ms. Memory: 48128K Free: 17222K (36%)
ptolemy.util.test.WatchDog.cancel(): canceling Mon Dec 23 06:30:20 UTC 2019
------------------ testing $PTII/ptolemy/domains/de/test/auto/DepthTest1.xml
auto.tcl: Setting watchdog for 200 seconds at Mon Dec 23 06:30:20 UTC 2019
3 ms. Memory: 48128K Free: 31212K (65%)
ptolemy.util.test.WatchDog.cancel(): canceling Mon Dec 23 06:30:20 UTC 2019
auto.tcl: Setting watchdog for 200 seconds at Mon Dec 23 06:30:20 UTC 2019
1 ms. Memory: 48128K Free: 30704K (64%)
ptolemy.util.test.WatchDog.cancel(): canceling Mon Dec 23 06:30:20 UTC 2019
------------------ testing $PTII/ptolemy/domains/de/test/auto/DepthTest2.xml
auto.tcl: Setting watchdog for 200 seconds at Mon Dec 23 06:30:21 UTC 2019
3 ms. Memory: 48128K Free: 27982K (58%)
ptolemy.util.test.WatchDog.cancel(): canceling Mon Dec 23 06:30:21 UTC 2019
auto.tcl: Setting watchdog for 200 seconds at Mon Dec 23 06:30:21 UTC 2019
3 ms. Memory: 48128K Free: 27564K (57%)
ptolemy.util.test.WatchDog.cancel(): canceling Mon Dec 23 06:30:21 UTC 2019
------------------ testing $PTII/ptolemy/domains/de/test/auto/DepthTest3.xml
auto.tcl: Setting watchdog for 200 seconds at Mon Dec 23 06:30:21 UTC 2019
1 ms. Memory: 48128K Free: 31555K (66%)
ptolemy.util.test.WatchDog.cancel(): canceling Mon Dec 23 06:30:21 UTC 2019
auto.tcl: Setting watchdog for 200 seconds at Mon Dec 23 06:30:21 UTC 2019
2 ms. Memory: 48128K Free: 31063K (65%)
ptolemy.util.test.WatchDog.cancel(): canceling Mon Dec 23 06:30:21 UTC 2019
------------------ testing $PTII/ptolemy/domains/de/test/auto/DepthTest4.xml
auto.tcl: Setting watchdog for 200 seconds at Mon Dec 23 06:30:21 UTC 2019
3 ms. Memory: 48128K Free: 29756K (62%)
ptolemy.util.test.WatchDog.cancel(): canceling Mon Dec 23 06:30:21 UTC 2019
auto.tcl: Setting watchdog for 200 seconds at Mon Dec 23 06:30:21 UTC 2019
2 ms. Memory: 48128K Free: 29085K (60%)
ptolemy.util.test.WatchDog.cancel(): canceling Mon Dec 23 06:30:21 UTC 2019
------------------ testing $PTII/ptolemy/domains/de/test/auto/DepthTest5.xml
auto.tcl: Setting watchdog for 200 seconds at Mon Dec 23 06:30:21 UTC 2019
10 ms. Memory: 48128K Free: 29192K (61%)
ptolemy.util.test.WatchDog.cancel(): canceling Mon Dec 23 06:30:21 UTC 2019
auto.tcl: Setting watchdog for 200 seconds at Mon Dec 23 06:30:21 UTC 2019
2 ms. Memory: 48128K Free: 28446K (59%)
ptolemy.util.test.WatchDog.cancel(): canceling Mon Dec 23 06:30:21 UTC 2019
------------------ testing $PTII/ptolemy/domains/de/test/auto/DepthTest6.xml
auto.tcl: Setting watchdog for 200 seconds at Mon Dec 23 06:30:21 UTC 2019
4 ms. Memory: 48128K Free: 28678K (60%)
ptolemy.util.test.WatchDog.cancel(): canceling Mon Dec 23 06:30:21 UTC 2019
auto.tcl: Setting watchdog for 200 seconds at Mon Dec 23 06:30:21 UTC 2019
3 ms. Memory: 48128K Free: 27973K (58%)
ptolemy.util.test.WatchDog.cancel(): canceling Mon Dec 23 06:30:21 UTC 2019
------------------ testing $PTII/ptolemy/domains/de/test/auto/DepthTest7.xml
auto.tcl: Setting watchdog for 200 seconds at Mon Dec 23 06:30:21 UTC 2019
3 ms. Memory: 48128K Free: 29681K (62%)
ptolemy.util.test.WatchDog.cancel(): canceling Mon Dec 23 06:30:21 UTC 2019
auto.tcl: Setting watchdog for 200 seconds at Mon Dec 23 06:30:21 UTC 2019
2 ms. Memory: 48128K Free: 28994K (60%)
ptolemy.util.test.WatchDog.cancel(): canceling Mon Dec 23 06:30:21 UTC 2019
------------------ testing $PTII/ptolemy/domains/de/test/auto/EventToDate.xml
auto.tcl: Setting watchdog for 200 seconds at Mon Dec 23 06:30:21 UTC 2019
3009 ms. Memory: 48128K Free: 20496K (43%)
ptolemy.util.test.WatchDog.cancel(): canceling Mon Dec 23 06:30:24 UTC 2019
auto.tcl: Setting watchdog for 200 seconds at Mon Dec 23 06:30:24 UTC 2019
3004 ms. Memory: 48128K Free: 19829K (41%)
ptolemy.util.test.WatchDog.cancel(): canceling Mon Dec 23 06:30:27 UTC 2019
------------------ testing $PTII/ptolemy/domains/de/test/auto/FSM1.xml
auto.tcl: Setting watchdog for 200 seconds at Mon Dec 23 06:30:27 UTC 2019
46 ms. Memory: 48128K Free: 21281K (44%)
ptolemy.util.test.WatchDog.cancel(): canceling Mon Dec 23 06:30:27 UTC 2019
auto.tcl: Setting watchdog for 200 seconds at Mon Dec 23 06:30:27 UTC 2019
31 ms. Memory: 48128K Free: 18067K (38%)
ptolemy.util.test.WatchDog.cancel(): canceling Mon Dec 23 06:30:27 UTC 2019
------------------ testing $PTII/ptolemy/domains/de/test/auto/FSM7.xml
auto.tcl: Setting watchdog for 200 seconds at Mon Dec 23 06:30:27 UTC 2019
28 ms. Memory: 48128K Free: 21451K (45%)
ptolemy.util.test.WatchDog.cancel(): canceling Mon Dec 23 06:30:27 UTC 2019
auto.tcl: Setting watchdog for 200 seconds at Mon Dec 23 06:30:27 UTC 2019
12 ms. Memory: 48128K Free: 18269K (38%)
ptolemy.util.test.WatchDog.cancel(): canceling Mon Dec 23 06:30:27 UTC 2019
------------------ testing $PTII/ptolemy/domains/de/test/auto/Inspection.xml
auto.tcl: Setting watchdog for 200 seconds at Mon Dec 23 06:30:27 UTC 2019
23 ms. Memory: 48128K Free: 21437K (45%)
ptolemy.util.test.WatchDog.cancel(): canceling Mon Dec 23 06:30:27 UTC 2019
auto.tcl: Setting watchdog for 200 seconds at Mon Dec 23 06:30:27 UTC 2019
26 ms. Memory: 48128K Free: 19726K (41%)
ptolemy.util.test.WatchDog.cancel(): canceling Mon Dec 23 06:30:27 UTC 2019
------------------ testing $PTII/ptolemy/domains/de/test/auto/Iteration.xml
auto.tcl: Setting watchdog for 200 seconds at Mon Dec 23 06:30:27 UTC 2019
7 ms. Memory: 48128K Free: 27212K (57%)
ptolemy.util.test.WatchDog.cancel(): canceling Mon Dec 23 06:30:27 UTC 2019
auto.tcl: Setting watchdog for 200 seconds at Mon Dec 23 06:30:27 UTC 2019
7 ms. Memory: 48128K Free: 25800K (54%)
ptolemy.util.test.WatchDog.cancel(): canceling Mon Dec 23 06:30:27 UTC 2019
------------------ testing $PTII/ptolemy/domains/de/test/auto/LineFault.xml
auto.tcl: Setting watchdog for 200 seconds at Mon Dec 23 06:30:27 UTC 2019
575 ms. Memory: 48128K Free: 29508K (61%)
ptolemy.util.test.WatchDog.cancel(): canceling Mon Dec 23 06:30:28 UTC 2019
auto.tcl: Setting watchdog for 200 seconds at Mon Dec 23 06:30:28 UTC 2019
505 ms. Memory: 58368K Free: 27646K (47%)
ptolemy.util.test.WatchDog.cancel(): canceling Mon Dec 23 06:30:29 UTC 2019
------------------ testing $PTII/ptolemy/domains/de/test/auto/MergeModel1Add.xml
auto.tcl: Setting watchdog for 200 seconds at Mon Dec 23 06:30:29 UTC 2019
18 ms. Memory: 55296K Free: 20365K (37%)
ptolemy.util.test.WatchDog.cancel(): canceling Mon Dec 23 06:30:29 UTC 2019
auto.tcl: Setting watchdog for 200 seconds at Mon Dec 23 06:30:29 UTC 2019
10 ms. Memory: 55296K Free: 18675K (34%)
ptolemy.util.test.WatchDog.cancel(): canceling Mon Dec 23 06:30:29 UTC 2019
------------------ testing $PTII/ptolemy/domains/de/test/auto/MergeModel2Add.xml
auto.tcl: Setting watchdog for 200 seconds at Mon Dec 23 06:30:29 UTC 2019
8 ms. Memory: 51200K Free: 18322K (36%)
ptolemy.util.test.WatchDog.cancel(): canceling Mon Dec 23 06:30:29 UTC 2019
auto.tcl: Setting watchdog for 200 seconds at Mon Dec 23 06:30:29 UTC 2019
8 ms. Memory: 51200K Free: 16349K (32%)
ptolemy.util.test.WatchDog.cancel(): canceling Mon Dec 23 06:30:29 UTC 2019
------------------ testing $PTII/ptolemy/domains/de/test/auto/MergeModel3Add.xml
auto.tcl: Setting watchdog for 200 seconds at Mon Dec 23 06:30:29 UTC 2019
8 ms. Memory: 48128K Free: 15302K (32%)
ptolemy.util.test.WatchDog.cancel(): canceling Mon Dec 23 06:30:29 UTC 2019
auto.tcl: Setting watchdog for 200 seconds at Mon Dec 23 06:30:29 UTC 2019
9 ms. Memory: 48128K Free: 13896K (29%)
ptolemy.util.test.WatchDog.cancel(): canceling Mon Dec 23 06:30:29 UTC 2019
------------------ testing $PTII/ptolemy/domains/de/test/auto/MergeWithoutDiscard.xml
auto.tcl: Setting watchdog for 200 seconds at Mon Dec 23 06:30:29 UTC 2019
1 ms. Memory: 48128K Free: 29590K (61%)
ptolemy.util.test.WatchDog.cancel(): canceling Mon Dec 23 06:30:29 UTC 2019
auto.tcl: Setting watchdog for 200 seconds at Mon Dec 23 06:30:29 UTC 2019
1 ms. Memory: 48128K Free: 29168K (61%)
ptolemy.util.test.WatchDog.cancel(): canceling Mon Dec 23 06:30:29 UTC 2019
------------------ testing $PTII/ptolemy/domains/de/test/auto/Modal1.xml
auto.tcl: Setting watchdog for 200 seconds at Mon Dec 23 06:30:29 UTC 2019
12 ms. Memory: 48128K Free: 21997K (46%)
ptolemy.util.test.WatchDog.cancel(): canceling Mon Dec 23 06:30:29 UTC 2019
auto.tcl: Setting watchdog for 200 seconds at Mon Dec 23 06:30:29 UTC 2019
12 ms. Memory: 48128K Free: 18710K (39%)
ptolemy.util.test.WatchDog.cancel(): canceling Mon Dec 23 06:30:29 UTC 2019
------------------ testing $PTII/ptolemy/domains/de/test/auto/Modal2.xml
auto.tcl: Setting watchdog for 200 seconds at Mon Dec 23 06:30:29 UTC 2019
18 ms. Memory: 48128K Free: 21875K (45%)
ptolemy.util.test.WatchDog.cancel(): canceling Mon Dec 23 06:30:29 UTC 2019
auto.tcl: Setting watchdog for 200 seconds at Mon Dec 23 06:30:29 UTC 2019
18 ms. Memory: 48128K Free: 18619K (39%)
ptolemy.util.test.WatchDog.cancel(): canceling Mon Dec 23 06:30:29 UTC 2019
------------------ testing $PTII/ptolemy/domains/de/test/auto/Modal3.xml
auto.tcl: Setting watchdog for 200 seconds at Mon Dec 23 06:30:29 UTC 2019
13 ms. Memory: 48128K Free: 21835K (45%)
ptolemy.util.test.WatchDog.cancel(): canceling Mon Dec 23 06:30:30 UTC 2019
auto.tcl: Setting watchdog for 200 seconds at Mon Dec 23 06:30:30 UTC 2019
15 ms. Memory: 48128K Free: 18257K (38%)
ptolemy.util.test.WatchDog.cancel(): canceling Mon Dec 23 06:30:30 UTC 2019
------------------ testing $PTII/ptolemy/domains/de/test/auto/Modal4.xml
auto.tcl: Setting watchdog for 200 seconds at Mon Dec 23 06:30:30 UTC 2019
25 ms. Memory: 48128K Free: 20792K (43%)
ptolemy.util.test.WatchDog.cancel(): canceling Mon Dec 23 06:30:30 UTC 2019
auto.tcl: Setting watchdog for 200 seconds at Mon Dec 23 06:30:30 UTC 2019
26 ms. Memory: 48128K Free: 16988K (35%)
ptolemy.util.test.WatchDog.cancel(): canceling Mon Dec 23 06:30:30 UTC 2019
------------------ testing $PTII/ptolemy/domains/de/test/auto/Modal5.xml
auto.tcl: Setting watchdog for 200 seconds at Mon Dec 23 06:30:30 UTC 2019
11 ms. Memory: 48128K Free: 20802K (43%)
ptolemy.util.test.WatchDog.cancel(): canceling Mon Dec 23 06:30:30 UTC 2019
auto.tcl: Setting watchdog for 200 seconds at Mon Dec 23 06:30:30 UTC 2019
13 ms. Memory: 48128K Free: 16974K (35%)
ptolemy.util.test.WatchDog.cancel(): canceling Mon Dec 23 06:30:30 UTC 2019
------------------ testing $PTII/ptolemy/domains/de/test/auto/Modal6.xml
auto.tcl: Setting watchdog for 200 seconds at Mon Dec 23 06:30:30 UTC 2019
11 ms. Memory: 48128K Free: 21605K (45%)
ptolemy.util.test.WatchDog.cancel(): canceling Mon Dec 23 06:30:30 UTC 2019
auto.tcl: Setting watchdog for 200 seconds at Mon Dec 23 06:30:30 UTC 2019
11 ms. Memory: 48128K Free: 17619K (37%)
ptolemy.util.test.WatchDog.cancel(): canceling Mon Dec 23 06:30:30 UTC 2019
------------------ testing $PTII/ptolemy/domains/de/test/auto/Modal7.xml
auto.tcl: Setting watchdog for 200 seconds at Mon Dec 23 06:30:30 UTC 2019
9 ms. Memory: 48128K Free: 20558K (43%)
ptolemy.util.test.WatchDog.cancel(): canceling Mon Dec 23 06:30:30 UTC 2019
auto.tcl: Setting watchdog for 200 seconds at Mon Dec 23 06:30:30 UTC 2019
9 ms. Memory: 48128K Free: 16973K (35%)
ptolemy.util.test.WatchDog.cancel(): canceling Mon Dec 23 06:30:30 UTC 2019
------------------ testing $PTII/ptolemy/domains/de/test/auto/ModalModel.xml
auto.tcl: Setting watchdog for 200 seconds at Mon Dec 23 06:30:30 UTC 2019
207 ms. Memory: 48128K Free: 10998K (23%)
ptolemy.util.test.WatchDog.cancel(): canceling Mon Dec 23 06:30:30 UTC 2019
auto.tcl: Setting watchdog for 200 seconds at Mon Dec 23 06:30:30 UTC 2019
205 ms. Memory: 62464K Free: 43235K (69%)
ptolemy.util.test.WatchDog.cancel(): canceling Mon Dec 23 06:30:30 UTC 2019
------------------ testing $PTII/ptolemy/domains/de/test/auto/ModalSource.xml
auto.tcl: Setting watchdog for 200 seconds at Mon Dec 23 06:30:31 UTC 2019
8 ms. Memory: 51200K Free: 28718K (56%)
ptolemy.util.test.WatchDog.cancel(): canceling Mon Dec 23 06:30:31 UTC 2019
auto.tcl: Setting watchdog for 200 seconds at Mon Dec 23 06:30:31 UTC 2019
6 ms. Memory: 51200K Free: 26670K (52%)
ptolemy.util.test.WatchDog.cancel(): canceling Mon Dec 23 06:30:31 UTC 2019
------------------ testing $PTII/ptolemy/domains/de/test/auto/NonInterruptibleTimerZeroDelay.xml
auto.tcl: Setting watchdog for 200 seconds at Mon Dec 23 06:30:31 UTC 2019
3 ms. Memory: 51200K Free: 33861K (66%)
ptolemy.util.test.WatchDog.cancel(): canceling Mon Dec 23 06:30:31 UTC 2019
auto.tcl: Setting watchdog for 200 seconds at Mon Dec 23 06:30:31 UTC 2019
2 ms. Memory: 51200K Free: 32981K (64%)
ptolemy.util.test.WatchDog.cancel(): canceling Mon Dec 23 06:30:31 UTC 2019
------------------ testing $PTII/ptolemy/domains/de/test/auto/OpenQueueingNetwork.xml
auto.tcl: Setting watchdog for 200 seconds at Mon Dec 23 06:30:31 UTC 2019
2747 ms. Memory: 133120K Free: 80850K (61%)
ptolemy.util.test.WatchDog.cancel(): canceling Mon Dec 23 06:30:34 UTC 2019
auto.tcl: Setting watchdog for 200 seconds at Mon Dec 23 06:30:34 UTC 2019
2189 ms. Memory: 159744K Free: 141244K (88%)
ptolemy.util.test.WatchDog.cancel(): canceling Mon Dec 23 06:30:36 UTC 2019
------------------ testing $PTII/ptolemy/domains/de/test/auto/OpenQueuingNetwork.xml
auto.tcl: Setting watchdog for 200 seconds at Mon Dec 23 06:30:36 UTC 2019
215 ms. Memory: 55296K Free: 27148K (49%)
ptolemy.util.test.WatchDog.cancel(): canceling Mon Dec 23 06:30:36 UTC 2019
auto.tcl: Setting watchdog for 200 seconds at Mon Dec 23 06:30:36 UTC 2019
212 ms. Memory: 55296K Free: 36847K (67%)
ptolemy.util.test.WatchDog.cancel(): canceling Mon Dec 23 06:30:36 UTC 2019
------------------ testing $PTII/ptolemy/domains/de/test/auto/PeriodicSampler.xml
auto.tcl: Setting watchdog for 200 seconds at Mon Dec 23 06:30:36 UTC 2019
2 ms. Memory: 51200K Free: 32855K (64%)
ptolemy.util.test.WatchDog.cancel(): canceling Mon Dec 23 06:30:36 UTC 2019
auto.tcl: Setting watchdog for 200 seconds at Mon Dec 23 06:30:36 UTC 2019
2 ms. Memory: 51200K Free: 32335K (63%)
ptolemy.util.test.WatchDog.cancel(): canceling Mon Dec 23 06:30:36 UTC 2019
------------------ testing $PTII/ptolemy/domains/de/test/auto/PersistentIO.xml
auto.tcl: Setting watchdog for 200 seconds at Mon Dec 23 06:30:36 UTC 2019
8 ms. Memory: 48128K Free: 24691K (51%)
ptolemy.util.test.WatchDog.cancel(): canceling Mon Dec 23 06:30:36 UTC 2019
auto.tcl: Setting watchdog for 200 seconds at Mon Dec 23 06:30:36 UTC 2019
4 ms. Memory: 48128K Free: 23215K (48%)
ptolemy.util.test.WatchDog.cancel(): canceling Mon Dec 23 06:30:36 UTC 2019
------------------ testing $PTII/ptolemy/domains/de/test/auto/PortParameterResetOnInitialize.xml
auto.tcl: Setting watchdog for 200 seconds at Mon Dec 23 06:30:36 UTC 2019
2 ms. Memory: 48128K Free: 29896K (62%)
ptolemy.util.test.WatchDog.cancel(): canceling Mon Dec 23 06:30:36 UTC 2019
auto.tcl: Setting watchdog for 200 seconds at Mon Dec 23 06:30:36 UTC 2019
2 ms. Memory: 48128K Free: 29420K (61%)
ptolemy.util.test.WatchDog.cancel(): canceling Mon Dec 23 06:30:36 UTC 2019
------------------ testing $PTII/ptolemy/domains/de/test/auto/PortParameterUpdates.xml
auto.tcl: Setting watchdog for 200 seconds at Mon Dec 23 06:30:37 UTC 2019
5 ms. Memory: 48128K Free: 27986K (58%)
ptolemy.util.test.WatchDog.cancel(): canceling Mon Dec 23 06:30:37 UTC 2019
auto.tcl: Setting watchdog for 200 seconds at Mon Dec 23 06:30:37 UTC 2019
3 ms. Memory: 48128K Free: 26769K (56%)
ptolemy.util.test.WatchDog.cancel(): canceling Mon Dec 23 06:30:37 UTC 2019
------------------ testing $PTII/ptolemy/domains/de/test/auto/QueueAndServer.xml
auto.tcl: Setting watchdog for 200 seconds at Mon Dec 23 06:30:37 UTC 2019
5 ms. Memory: 48128K Free: 26965K (56%)
ptolemy.util.test.WatchDog.cancel(): canceling Mon Dec 23 06:30:37 UTC 2019
auto.tcl: Setting watchdog for 200 seconds at Mon Dec 23 06:30:37 UTC 2019
5 ms. Memory: 48128K Free: 25261K (52%)
ptolemy.util.test.WatchDog.cancel(): canceling Mon Dec 23 06:30:37 UTC 2019
------------------ testing $PTII/ptolemy/domains/de/test/auto/Records.xml
auto.tcl: Setting watchdog for 200 seconds at Mon Dec 23 06:30:37 UTC 2019
5 ms. Memory: 48128K Free: 29234K (61%)
ptolemy.util.test.WatchDog.cancel(): canceling Mon Dec 23 06:30:37 UTC 2019
auto.tcl: Setting watchdog for 200 seconds at Mon Dec 23 06:30:37 UTC 2019
2 ms. Memory: 48128K Free: 28732K (60%)
ptolemy.util.test.WatchDog.cancel(): canceling Mon Dec 23 06:30:37 UTC 2019
------------------ testing $PTII/ptolemy/domains/de/test/auto/ResetTransitionWithStartTime1.xml
auto.tcl: Setting watchdog for 200 seconds at Mon Dec 23 06:30:37 UTC 2019
15 ms. Memory: 48128K Free: 26192K (54%)
ptolemy.util.test.WatchDog.cancel(): canceling Mon Dec 23 06:30:37 UTC 2019
auto.tcl: Setting watchdog for 200 seconds at Mon Dec 23 06:30:37 UTC 2019
9 ms. Memory: 48128K Free: 24144K (50%)
ptolemy.util.test.WatchDog.cancel(): canceling Mon Dec 23 06:30:37 UTC 2019
------------------ testing $PTII/ptolemy/domains/de/test/auto/ResetTransitionWithStartTime2.xml
auto.tcl: Setting watchdog for 200 seconds at Mon Dec 23 06:30:37 UTC 2019
5 ms. Memory: 48128K Free: 26147K (54%)
ptolemy.util.test.WatchDog.cancel(): canceling Mon Dec 23 06:30:37 UTC 2019
auto.tcl: Setting watchdog for 200 seconds at Mon Dec 23 06:30:37 UTC 2019
5 ms. Memory: 48128K Free: 23605K (49%)
ptolemy.util.test.WatchDog.cancel(): canceling Mon Dec 23 06:30:37 UTC 2019
------------------ testing $PTII/ptolemy/domains/de/test/auto/ResetTransitionWithStartTime3.xml
auto.tcl: Setting watchdog for 200 seconds at Mon Dec 23 06:30:37 UTC 2019
8 ms. Memory: 48128K Free: 26146K (54%)
ptolemy.util.test.WatchDog.cancel(): canceling Mon Dec 23 06:30:37 UTC 2019
auto.tcl: Setting watchdog for 200 seconds at Mon Dec 23 06:30:37 UTC 2019
5 ms. Memory: 48128K Free: 24117K (50%)
ptolemy.util.test.WatchDog.cancel(): canceling Mon Dec 23 06:30:37 UTC 2019
------------------ testing $PTII/ptolemy/domains/de/test/auto/ResetTransitionWithStartTime4.xml
auto.tcl: Setting watchdog for 200 seconds at Mon Dec 23 06:30:37 UTC 2019
9 ms. Memory: 48128K Free: 26576K (55%)
ptolemy.util.test.WatchDog.cancel(): canceling Mon Dec 23 06:30:37 UTC 2019
auto.tcl: Setting watchdog for 200 seconds at Mon Dec 23 06:30:37 UTC 2019
5 ms. Memory: 48128K Free: 25173K (52%)
ptolemy.util.test.WatchDog.cancel(): canceling Mon Dec 23 06:30:37 UTC 2019
------------------ testing $PTII/ptolemy/domains/de/test/auto/ResettableTimer1.xml
auto.tcl: Setting watchdog for 200 seconds at Mon Dec 23 06:30:37 UTC 2019
2 ms. Memory: 48128K Free: 30365K (63%)
ptolemy.util.test.WatchDog.cancel(): canceling Mon Dec 23 06:30:37 UTC 2019
auto.tcl: Setting watchdog for 200 seconds at Mon Dec 23 06:30:37 UTC 2019
2 ms. Memory: 48128K Free: 29710K (62%)
ptolemy.util.test.WatchDog.cancel(): canceling Mon Dec 23 06:30:37 UTC 2019
------------------ testing $PTII/ptolemy/domains/de/test/auto/ResettableTimer2.xml
auto.tcl: Setting watchdog for 200 seconds at Mon Dec 23 06:30:37 UTC 2019
3 ms. Memory: 48128K Free: 30386K (63%)
ptolemy.util.test.WatchDog.cancel(): canceling Mon Dec 23 06:30:37 UTC 2019
auto.tcl: Setting watchdog for 200 seconds at Mon Dec 23 06:30:37 UTC 2019
1 ms. Memory: 48128K Free: 29321K (61%)
ptolemy.util.test.WatchDog.cancel(): canceling Mon Dec 23 06:30:37 UTC 2019
------------------ testing $PTII/ptolemy/domains/de/test/auto/ResettableTimer3.xml
auto.tcl: Setting watchdog for 200 seconds at Mon Dec 23 06:30:37 UTC 2019
1 ms. Memory: 48128K Free: 30296K (63%)
ptolemy.util.test.WatchDog.cancel(): canceling Mon Dec 23 06:30:37 UTC 2019
auto.tcl: Setting watchdog for 200 seconds at Mon Dec 23 06:30:37 UTC 2019
1 ms. Memory: 48128K Free: 30296K (63%)
ptolemy.util.test.WatchDog.cancel(): canceling Mon Dec 23 06:30:37 UTC 2019
------------------ testing $PTII/ptolemy/domains/de/test/auto/ResettableTimer4.xml
auto.tcl: Setting watchdog for 200 seconds at Mon Dec 23 06:30:37 UTC 2019
2 ms. Memory: 48128K Free: 30310K (63%)
ptolemy.util.test.WatchDog.cancel(): canceling Mon Dec 23 06:30:37 UTC 2019
auto.tcl: Setting watchdog for 200 seconds at Mon Dec 23 06:30:37 UTC 2019
1 ms. Memory: 48128K Free: 29812K (62%)
ptolemy.util.test.WatchDog.cancel(): canceling Mon Dec 23 06:30:37 UTC 2019
------------------ testing $PTII/ptolemy/domains/de/test/auto/ResettableTimer5.xml
auto.tcl: Setting watchdog for 200 seconds at Mon Dec 23 06:30:37 UTC 2019
2 ms. Memory: 48128K Free: 29771K (62%)
ptolemy.util.test.WatchDog.cancel(): canceling Mon Dec 23 06:30:37 UTC 2019
auto.tcl: Setting watchdog for 200 seconds at Mon Dec 23 06:30:37 UTC 2019
1 ms. Memory: 48128K Free: 29293K (61%)
ptolemy.util.test.WatchDog.cancel(): canceling Mon Dec 23 06:30:37 UTC 2019
------------------ testing $PTII/ptolemy/domains/de/test/auto/ResettableTimer6.xml
auto.tcl: Setting watchdog for 200 seconds at Mon Dec 23 06:30:37 UTC 2019
2 ms. Memory: 48128K Free: 29753K (62%)
ptolemy.util.test.WatchDog.cancel(): canceling Mon Dec 23 06:30:37 UTC 2019
auto.tcl: Setting watchdog for 200 seconds at Mon Dec 23 06:30:37 UTC 2019
1 ms. Memory: 48128K Free: 29259K (61%)
ptolemy.util.test.WatchDog.cancel(): canceling Mon Dec 23 06:30:37 UTC 2019
------------------ testing $PTII/ptolemy/domains/de/test/auto/ServerZeroDelay.xml
auto.tcl: Setting watchdog for 200 seconds at Mon Dec 23 06:30:37 UTC 2019
2 ms. Memory: 48128K Free: 30272K (63%)
ptolemy.util.test.WatchDog.cancel(): canceling Mon Dec 23 06:30:37 UTC 2019
auto.tcl: Setting watchdog for 200 seconds at Mon Dec 23 06:30:37 UTC 2019
2 ms. Memory: 48128K Free: 29276K (61%)
ptolemy.util.test.WatchDog.cancel(): canceling Mon Dec 23 06:30:37 UTC 2019
------------------ testing $PTII/ptolemy/domains/de/test/auto/SmartSender.xml
auto.tcl: Setting watchdog for 200 seconds at Mon Dec 23 06:30:37 UTC 2019
3001 ms. Memory: 48128K Free: 30268K (63%)
ptolemy.util.test.WatchDog.cancel(): canceling Mon Dec 23 06:30:40 UTC 2019
auto.tcl: Setting watchdog for 200 seconds at Mon Dec 23 06:30:40 UTC 2019
3001 ms. Memory: 48128K Free: 29772K (62%)
ptolemy.util.test.WatchDog.cancel(): canceling Mon Dec 23 06:30:43 UTC 2019
------------------ testing $PTII/ptolemy/domains/de/test/auto/ThreadedComposite.xml
auto.tcl: Setting watchdog for 200 seconds at Mon Dec 23 06:30:43 UTC 2019
195 ms. Memory: 48128K Free: 11335K (24%)
ptolemy.util.test.WatchDog.cancel(): canceling Mon Dec 23 06:30:44 UTC 2019
auto.tcl: Setting watchdog for 200 seconds at Mon Dec 23 06:30:44 UTC 2019
135 ms. Memory: 58368K Free: 36189K (62%)
ptolemy.util.test.WatchDog.cancel(): canceling Mon Dec 23 06:30:44 UTC 2019
------------------ testing $PTII/ptolemy/domains/de/test/auto/Time.xml
auto.tcl: Setting watchdog for 200 seconds at Mon Dec 23 06:30:44 UTC 2019
449 ms. Memory: 48128K Free: 32507K (68%)
ptolemy.util.test.WatchDog.cancel(): canceling Mon Dec 23 06:30:44 UTC 2019
auto.tcl: Setting watchdog for 200 seconds at Mon Dec 23 06:30:44 UTC 2019
361 ms. Memory: 48128K Free: 9653K (20%)
ptolemy.util.test.WatchDog.cancel(): canceling Mon Dec 23 06:30:45 UTC 2019
------------------ testing $PTII/ptolemy/domains/de/test/auto/TimeDelayZeroDelay.xml
auto.tcl: Setting watchdog for 200 seconds at Mon Dec 23 06:30:45 UTC 2019
2 ms. Memory: 48128K Free: 30197K (63%)
ptolemy.util.test.WatchDog.cancel(): canceling Mon Dec 23 06:30:45 UTC 2019
auto.tcl: Setting watchdog for 200 seconds at Mon Dec 23 06:30:45 UTC 2019
2 ms. Memory: 48128K Free: 29744K (62%)
ptolemy.util.test.WatchDog.cancel(): canceling Mon Dec 23 06:30:45 UTC 2019
------------------ testing $PTII/ptolemy/domains/de/test/auto/TimerZeroDelay.xml
auto.tcl: Setting watchdog for 200 seconds at Mon Dec 23 06:30:45 UTC 2019
3 ms. Memory: 48128K Free: 30671K (64%)
ptolemy.util.test.WatchDog.cancel(): canceling Mon Dec 23 06:30:45 UTC 2019
auto.tcl: Setting watchdog for 200 seconds at Mon Dec 23 06:30:45 UTC 2019
2 ms. Memory: 48128K Free: 30241K (63%)
ptolemy.util.test.WatchDog.cancel(): canceling Mon Dec 23 06:30:45 UTC 2019
------------------ testing $PTII/ptolemy/domains/de/test/auto/TimingParadox.xml
auto.tcl: Setting watchdog for 200 seconds at Mon Dec 23 06:30:45 UTC 2019
254 ms. Memory: 48128K Free: 16349K (34%)
ptolemy.util.test.WatchDog.cancel(): canceling Mon Dec 23 06:30:45 UTC 2019
auto.tcl: Setting watchdog for 200 seconds at Mon Dec 23 06:30:45 UTC 2019
252 ms. Memory: 48128K Free: 30813K (64%)
ptolemy.util.test.WatchDog.cancel(): canceling Mon Dec 23 06:30:46 UTC 2019
------------------ testing $PTII/ptolemy/domains/de/test/auto/TransferInputs.xml
auto.tcl: Setting watchdog for 200 seconds at Mon Dec 23 06:30:46 UTC 2019
1 ms. Memory: 48128K Free: 28692K (60%)
ptolemy.util.test.WatchDog.cancel(): canceling Mon Dec 23 06:30:46 UTC 2019
auto.tcl: Setting watchdog for 200 seconds at Mon Dec 23 06:30:46 UTC 2019
1 ms. Memory: 48128K Free: 27817K (58%)
ptolemy.util.test.WatchDog.cancel(): canceling Mon Dec 23 06:30:46 UTC 2019
------------------ testing $PTII/ptolemy/domains/de/test/auto/TransferOutputs2.xml
auto.tcl: Setting watchdog for 200 seconds at Mon Dec 23 06:30:46 UTC 2019
9 ms. Memory: 48128K Free: 26150K (54%)
ptolemy.util.test.WatchDog.cancel(): canceling Mon Dec 23 06:30:46 UTC 2019
auto.tcl: Setting watchdog for 200 seconds at Mon Dec 23 06:30:46 UTC 2019
3 ms. Memory: 48128K Free: 24755K (51%)
ptolemy.util.test.WatchDog.cancel(): canceling Mon Dec 23 06:30:46 UTC 2019
------------------ testing $PTII/ptolemy/domains/de/test/auto/Trilateration.xml
auto.tcl: Setting watchdog for 200 seconds at Mon Dec 23 06:30:46 UTC 2019
11454 ms. Memory: 486400K Free: 277997K (57%)
ptolemy.util.test.WatchDog.cancel(): canceling Mon Dec 23 06:30:58 UTC 2019
auto.tcl: Setting watchdog for 200 seconds at Mon Dec 23 06:30:58 UTC 2019
8572 ms. Memory: 486400K Free: 255386K (53%)
ptolemy.util.test.WatchDog.cancel(): canceling Mon Dec 23 06:31:07 UTC 2019
------------------ testing $PTII/ptolemy/domains/de/test/auto/TwoSigmaDelta.xml
auto.tcl: Setting watchdog for 200 seconds at Mon Dec 23 06:31:07 UTC 2019
2246 ms. Memory: 89088K Free: 20224K (23%)
ptolemy.util.test.WatchDog.cancel(): canceling Mon Dec 23 06:31:09 UTC 2019
auto.tcl: Setting watchdog for 200 seconds at Mon Dec 23 06:31:09 UTC 2019
1774 ms. Memory: 89088K Free: 19177K (22%)
ptolemy.util.test.WatchDog.cancel(): canceling Mon Dec 23 06:31:11 UTC 2019
------------------ testing $PTII/ptolemy/domains/de/test/auto/VariableDelay.xml
auto.tcl: Setting watchdog for 200 seconds at Mon Dec 23 06:31:11 UTC 2019
3 ms. Memory: 55296K Free: 36354K (66%)
ptolemy.util.test.WatchDog.cancel(): canceling Mon Dec 23 06:31:11 UTC 2019
auto.tcl: Setting watchdog for 200 seconds at Mon Dec 23 06:31:11 UTC 2019
2 ms. Memory: 55296K Free: 35360K (64%)
ptolemy.util.test.WatchDog.cancel(): canceling Mon Dec 23 06:31:11 UTC 2019
------------------ testing $PTII/ptolemy/domains/de/test/auto/VariableDelay2.xml
auto.tcl: Setting watchdog for 200 seconds at Mon Dec 23 06:31:11 UTC 2019
2 ms. Memory: 55296K Free: 36488K (66%)
ptolemy.util.test.WatchDog.cancel(): canceling Mon Dec 23 06:31:11 UTC 2019
auto.tcl: Setting watchdog for 200 seconds at Mon Dec 23 06:31:11 UTC 2019
2 ms. Memory: 55296K Free: 35960K (65%)
ptolemy.util.test.WatchDog.cancel(): canceling Mon Dec 23 06:31:11 UTC 2019
------------------ testing $PTII/ptolemy/domains/de/test/auto/VariableDelayZeroDelay.xml
auto.tcl: Setting watchdog for 200 seconds at Mon Dec 23 06:31:11 UTC 2019
8 ms. Memory: 51200K Free: 32724K (64%)
ptolemy.util.test.WatchDog.cancel(): canceling Mon Dec 23 06:31:11 UTC 2019
auto.tcl: Setting watchdog for 200 seconds at Mon Dec 23 06:31:11 UTC 2019
2 ms. Memory: 51200K Free: 32178K (63%)
ptolemy.util.test.WatchDog.cancel(): canceling Mon Dec 23 06:31:11 UTC 2019
------------------ testing $PTII/ptolemy/domains/de/test/auto/VariableDelayZeroDelay2.xml
auto.tcl: Setting watchdog for 200 seconds at Mon Dec 23 06:31:11 UTC 2019
2 ms. Memory: 51200K Free: 32831K (64%)
ptolemy.util.test.WatchDog.cancel(): canceling Mon Dec 23 06:31:11 UTC 2019
auto.tcl: Setting watchdog for 200 seconds at Mon Dec 23 06:31:11 UTC 2019
1 ms. Memory: 51200K Free: 31700K (62%)
ptolemy.util.test.WatchDog.cancel(): canceling Mon Dec 23 06:31:11 UTC 2019
------------------ testing $PTII/ptolemy/domains/de/test/auto/deInCt.xml
auto.tcl: Setting watchdog for 200 seconds at Mon Dec 23 06:31:11 UTC 2019
0
1
1
0
0
0
0
1
1
1
1
0
0
0
0
1
1
1
0
0
0
0
1
1
1
1
0
0
0
0
0
12 ms. Memory: 51200K Free: 31697K (62%)
ptolemy.util.test.WatchDog.cancel(): canceling Mon Dec 23 06:31:11 UTC 2019
auto.tcl: Setting watchdog for 200 seconds at Mon Dec 23 06:31:11 UTC 2019
0
1
1
0
0
0
1
1
1
0
0
0
0
1
1
1
0
0
0
1
1
1
0
0
0
1
1
1
0
0
0
0
1
1
1
0
0
0
0
0
1
1
1
1
8 ms. Memory: 51200K Free: 30157K (59%)
ptolemy.util.test.WatchDog.cancel(): canceling Mon Dec 23 06:31:11 UTC 2019
------------------ testing $PTII/ptolemy/domains/de/test/auto/deInCt2.xml
auto.tcl: Setting watchdog for 200 seconds at Mon Dec 23 06:31:11 UTC 2019
0
1
1
1
0
0
1
1
1
0
0
1
1
1
0
0
1
1
1
0
0
1
1
1
0
0
1
1
1
0
0
1
1
1
0
0
1
1
1
0
0
0
8 ms. Memory: 51200K Free: 31789K (62%)
ptolemy.util.test.WatchDog.cancel(): canceling Mon Dec 23 06:31:11 UTC 2019
auto.tcl: Setting watchdog for 200 seconds at Mon Dec 23 06:31:11 UTC 2019
0
1
1
1
0
0
1
1
1
0
0
1
1
1
0
0
1
1
1
0
0
1
1
1
0
0
1
1
1
0
0
1
1
1
0
0
1
1
1
0
0
0
6 ms. Memory: 51200K Free: 30156K (59%)
ptolemy.util.test.WatchDog.cancel(): canceling Mon Dec 23 06:31:11 UTC 2019
------------------ testing $PTII/ptolemy/domains/de/test/auto/dynamicCausalityInterface1.xml
auto.tcl: Setting watchdog for 200 seconds at Mon Dec 23 06:31:11 UTC 2019
2 ms. Memory: 51200K Free: 27596K (54%)
ptolemy.util.test.WatchDog.cancel(): canceling Mon Dec 23 06:31:12 UTC 2019
auto.tcl: Setting watchdog for 200 seconds at Mon Dec 23 06:31:12 UTC 2019
1 ms. Memory: 51200K Free: 27094K (53%)
ptolemy.util.test.WatchDog.cancel(): canceling Mon Dec 23 06:31:12 UTC 2019
------------------ testing $PTII/ptolemy/domains/de/test/auto/fsm_de_test.xml
auto.tcl: Setting watchdog for 200 seconds at Mon Dec 23 06:31:12 UTC 2019
6 ms. Memory: 51200K Free: 27494K (54%)
ptolemy.util.test.WatchDog.cancel(): canceling Mon Dec 23 06:31:12 UTC 2019
auto.tcl: Setting watchdog for 200 seconds at Mon Dec 23 06:31:12 UTC 2019
5 ms. Memory: 51200K Free: 25446K (50%)
ptolemy.util.test.WatchDog.cancel(): canceling Mon Dec 23 06:31:12 UTC 2019
------------------ testing $PTII/ptolemy/domains/de/test/auto/functionDependencyReconstruction.xml
auto.tcl: Setting watchdog for 200 seconds at Mon Dec 23 06:31:12 UTC 2019
7 ms. Memory: 51200K Free: 21340K (42%)
ptolemy.util.test.WatchDog.cancel(): canceling Mon Dec 23 06:31:12 UTC 2019
auto.tcl: Setting watchdog for 200 seconds at Mon Dec 23 06:31:12 UTC 2019
2 ms. Memory: 51200K Free: 19292K (38%)
ptolemy.util.test.WatchDog.cancel(): canceling Mon Dec 23 06:31:12 UTC 2019
------------------ testing $PTII/ptolemy/domains/de/test/auto/multirate.xml
auto.tcl: Setting watchdog for 200 seconds at Mon Dec 23 06:31:12 UTC 2019
3 ms. Memory: 51200K Free: 30069K (59%)
ptolemy.util.test.WatchDog.cancel(): canceling Mon Dec 23 06:31:12 UTC 2019
auto.tcl: Setting watchdog for 200 seconds at Mon Dec 23 06:31:12 UTC 2019
3 ms. Memory: 51200K Free: 28390K (55%)
ptolemy.util.test.WatchDog.cancel(): canceling Mon Dec 23 06:31:12 UTC 2019
------------------ testing $PTII/ptolemy/domains/de/test/auto/multirate2.xml
auto.tcl: Setting watchdog for 200 seconds at Mon Dec 23 06:31:12 UTC 2019
5 ms. Memory: 51200K Free: 30329K (59%)
ptolemy.util.test.WatchDog.cancel(): canceling Mon Dec 23 06:31:12 UTC 2019
auto.tcl: Setting watchdog for 200 seconds at Mon Dec 23 06:31:12 UTC 2019
4 ms. Memory: 51200K Free: 28601K (56%)
ptolemy.util.test.WatchDog.cancel(): canceling Mon Dec 23 06:31:12 UTC 2019
------------------ testing $PTII/ptolemy/domains/de/test/auto/realtime.xml
auto.tcl: Setting watchdog for 200 seconds at Mon Dec 23 06:31:12 UTC 2019
10002 ms. Memory: 51200K Free: 32368K (63%)
ptolemy.util.test.WatchDog.cancel(): canceling Mon Dec 23 06:31:22 UTC 2019
auto.tcl: Setting watchdog for 200 seconds at Mon Dec 23 06:31:22 UTC 2019
10002 ms. Memory: 51200K Free: 31641K (62%)
ptolemy.util.test.WatchDog.cancel(): canceling Mon Dec 23 06:31:32 UTC 2019
------------------ testing $PTII/ptolemy/domains/de/test/auto/relationGroup.xml
auto.tcl: Setting watchdog for 200 seconds at Mon Dec 23 06:31:32 UTC 2019
1 ms. Memory: 51200K Free: 33425K (65%)
ptolemy.util.test.WatchDog.cancel(): canceling Mon Dec 23 06:31:32 UTC 2019
auto.tcl: Setting watchdog for 200 seconds at Mon Dec 23 06:31:32 UTC 2019
1 ms. Memory: 51200K Free: 32689K (64%)
ptolemy.util.test.WatchDog.cancel(): canceling Mon Dec 23 06:31:32 UTC 2019
------------------ testing $PTII/ptolemy/domains/de/test/auto/relationGroup2.xml
auto.tcl: Setting watchdog for 200 seconds at Mon Dec 23 06:31:32 UTC 2019
1 ms. Memory: 51200K Free: 33481K (65%)
ptolemy.util.test.WatchDog.cancel(): canceling Mon Dec 23 06:31:32 UTC 2019
auto.tcl: Setting watchdog for 200 seconds at Mon Dec 23 06:31:32 UTC 2019
1 ms. Memory: 51200K Free: 32978K (64%)
ptolemy.util.test.WatchDog.cancel(): canceling Mon Dec 23 06:31:32 UTC 2019
------------------ testing $PTII/ptolemy/domains/de/test/auto/sortWithOpaquePorts.xml
auto.tcl: Setting watchdog for 200 seconds at Mon Dec 23 06:31:32 UTC 2019
1 ms. Memory: 51200K Free: 32233K (63%)
ptolemy.util.test.WatchDog.cancel(): canceling Mon Dec 23 06:31:32 UTC 2019
auto.tcl: Setting watchdog for 200 seconds at Mon Dec 23 06:31:32 UTC 2019
2 ms. Memory: 51200K Free: 30700K (60%)
ptolemy.util.test.WatchDog.cancel(): canceling Mon Dec 23 06:31:32 UTC 2019
------------------ testing $PTII/ptolemy/domains/de/test/auto/transferInputsandOutputs.xml
auto.tcl: Setting watchdog for 200 seconds at Mon Dec 23 06:31:32 UTC 2019
4 ms. Memory: 51200K Free: 29664K (58%)
ptolemy.util.test.WatchDog.cancel(): canceling Mon Dec 23 06:31:32 UTC 2019
auto.tcl: Setting watchdog for 200 seconds at Mon Dec 23 06:31:32 UTC 2019
2 ms. Memory: 51200K Free: 28654K (56%)
ptolemy.util.test.WatchDog.cancel(): canceling Mon Dec 23 06:31:32 UTC 2019
------------------ testing $PTII/ptolemy/domains/de/test/auto/triggerType.xml
auto.tcl: Setting watchdog for 200 seconds at Mon Dec 23 06:31:32 UTC 2019
2 ms. Memory: 51200K Free: 32687K (64%)
ptolemy.util.test.WatchDog.cancel(): canceling Mon Dec 23 06:31:32 UTC 2019
auto.tcl: Setting watchdog for 200 seconds at Mon Dec 23 06:31:32 UTC 2019
2 ms. Memory: 51200K Free: 31672K (62%)
ptolemy.util.test.WatchDog.cancel(): canceling Mon Dec 23 06:31:32 UTC 2019
12/23/19 06:31:32
Failed: 0  Total Tests: 192  ((Passed: 187, Newly Passed: 1)  Known Failed: 5) /home/travis/build/icyphy/ptII/ptolemy/domains/de/test
12/23/19 06:31:32
Failed: 0  Total Tests: 192  ((Passed: 187, Newly Passed: 1)  Known Failed: 5) /home/travis/build/icyphy/ptII/ptolemy/domains/de/test
----------------- testing (KnownFailure) /home/travis/build/icyphy/ptII/ptolemy/domains/de/test/auto/knownFailedTests/DESDFClockTest.xml
2008 ms. Memory: 51200K Free: 26082K (51%)
Known Failure: java.lang.reflect.InvocationTargetException
----------------- testing (KnownFailure) /home/travis/build/icyphy/ptII/ptolemy/domains/de/test/auto/knownFailedTests/DirectFeedback.xml
2 ms. Memory: 51200K Free: 21986K (43%)
Known Failure: java.lang.reflect.InvocationTargetException
----------------- testing (KnownFailure) /home/travis/build/icyphy/ptII/ptolemy/domains/de/test/auto/knownFailedTests/FSMSource.xml
6 ms. Memory: 51200K Free: 14308K (28%)
----------------- testing (KnownFailure) /home/travis/build/icyphy/ptII/ptolemy/domains/de/test/auto/knownFailedTests/HierarchicalModel.xml
3 ms. Memory: 51200K Free: 26301K (51%)
Known Failure: java.lang.reflect.InvocationTargetException
----------------- testing (KnownFailure) /home/travis/build/icyphy/ptII/ptolemy/domains/de/test/auto/knownFailedTests/dependencyLoop.xml
3 ms. Memory: 51200K Free: 10847K (21%)
Known Failure: java.lang.reflect.InvocationTargetException
----------------- testing (KnownFailure) /home/travis/build/icyphy/ptII/ptolemy/domains/de/test/auto/knownFailedTests/dependencyLoop2.xml
4 ms. Memory: 51200K Free: 23783K (46%)
Known Failure: java.lang.reflect.InvocationTargetException
No auto/linux-amd64/*.xml tests in /home/travis/build/icyphy/ptII/ptolemy/domains/de/test
AutoTests.java: About to close Vertx.
AutoTests.java: Vertx closed.

===========================================================================================
----------------- testing Mon Dec 23 06:31:34 UTC 2019 /home/travis/build/icyphy/ptII/ptolemy/domains/de/test/auto/ActorDepthCalculation_actorWithoutPorts.xml
----------------- Instantiating /home/travis/build/icyphy/ptII/ptolemy/domains/de/test/auto/ActorDepthCalculation_actorWithoutPorts.xml
3 ms. Memory: 51200K Free: 17083K (33%)
----------------- Invoking toplevel() on ptolemy.moml.MoMLSimpleApplication@3f8ab9c0
----------------- Done invoking toplevel() on ptolemy.moml.MoMLSimpleApplication@3f8ab9c0
reloadAllAccessors: .ActorDepthCalculation_actorWithoutPorts

===========================================================================================
----------------- testing Mon Dec 23 06:31:35 UTC 2019 /home/travis/build/icyphy/ptII/ptolemy/domains/de/test/auto/AssemblyLine.xml
----------------- Instantiating /home/travis/build/icyphy/ptII/ptolemy/domains/de/test/auto/AssemblyLine.xml
3 ms. Memory: 51200K Free: 10170K (20%)
----------------- Invoking toplevel() on ptolemy.moml.MoMLSimpleApplication@365febb1
----------------- Done invoking toplevel() on ptolemy.moml.MoMLSimpleApplication@365febb1
reloadAllAccessors: .AssemblyLine

===========================================================================================
----------------- testing Mon Dec 23 06:31:35 UTC 2019 /home/travis/build/icyphy/ptII/ptolemy/domains/de/test/auto/CQBug1.xml
----------------- Instantiating /home/travis/build/icyphy/ptII/ptolemy/domains/de/test/auto/CQBug1.xml
1 ms. Memory: 51200K Free: 34737K (68%)
----------------- Invoking toplevel() on ptolemy.moml.MoMLSimpleApplication@5fed3a83
----------------- Done invoking toplevel() on ptolemy.moml.MoMLSimpleApplication@5fed3a83
reloadAllAccessors: .CQBug1

===========================================================================================
----------------- testing Mon Dec 23 06:31:35 UTC 2019 /home/travis/build/icyphy/ptII/ptolemy/domains/de/test/auto/CancelFireAt.xml
----------------- Instantiating /home/travis/build/icyphy/ptII/ptolemy/domains/de/test/auto/CancelFireAt.xml
9 ms. Memory: 51200K Free: 32423K (63%)
----------------- Invoking toplevel() on ptolemy.moml.MoMLSimpleApplication@5f28106a
----------------- Done invoking toplevel() on ptolemy.moml.MoMLSimpleApplication@5f28106a
reloadAllAccessors: .CancelFireAt

===========================================================================================
----------------- testing Mon Dec 23 06:31:35 UTC 2019 /home/travis/build/icyphy/ptII/ptolemy/domains/de/test/auto/CausalityAndComposabilityAnalysis.xml
----------------- Instantiating /home/travis/build/icyphy/ptII/ptolemy/domains/de/test/auto/CausalityAndComposabilityAnalysis.xml
2 ms. Memory: 51200K Free: 28049K (55%)
----------------- Invoking toplevel() on ptolemy.moml.MoMLSimpleApplication@1e8a967f
----------------- Done invoking toplevel() on ptolemy.moml.MoMLSimpleApplication@1e8a967f
reloadAllAccessors: .CausalityAndComposabilityAnalysis

===========================================================================================
----------------- testing Mon Dec 23 06:31:35 UTC 2019 /home/travis/build/icyphy/ptII/ptolemy/domains/de/test/auto/CausalityInterface1.xml
----------------- Instantiating /home/travis/build/icyphy/ptII/ptolemy/domains/de/test/auto/CausalityInterface1.xml
6 ms. Memory: 51200K Free: 22929K (45%)
----------------- Invoking toplevel() on ptolemy.moml.MoMLSimpleApplication@5bfde55c
----------------- Done invoking toplevel() on ptolemy.moml.MoMLSimpleApplication@5bfde55c
reloadAllAccessors: .CausalityInterface1

===========================================================================================
----------------- testing Mon Dec 23 06:31:35 UTC 2019 /home/travis/build/icyphy/ptII/ptolemy/domains/de/test/auto/CausalityInterface15.xml
----------------- Instantiating /home/travis/build/icyphy/ptII/ptolemy/domains/de/test/auto/CausalityInterface15.xml
2 ms. Memory: 51200K Free: 17470K (34%)
----------------- Invoking toplevel() on ptolemy.moml.MoMLSimpleApplication@3824af04
----------------- Done invoking toplevel() on ptolemy.moml.MoMLSimpleApplication@3824af04
reloadAllAccessors: .CausalityInterface15

===========================================================================================
----------------- testing Mon Dec 23 06:31:35 UTC 2019 /home/travis/build/icyphy/ptII/ptolemy/domains/de/test/auto/CausalityInterface2.xml
----------------- Instantiating /home/travis/build/icyphy/ptII/ptolemy/domains/de/test/auto/CausalityInterface2.xml
1 ms. Memory: 51200K Free: 12967K (25%)
[...]
	at ptolemy.actor.Manager.run(Manager.java:1263)
	at ptolemy.actor.Manager$PtolemyRunThread.run(Manager.java:1933)
java.lang.RuntimeException: Execution failed
	at ptolemy.moml.MoMLSimpleApplication$UnloadThread.run(MoMLSimpleApplication.java:402)
Caused by: ptolemy.kernel.util.IllegalActionException: Actor is not ready to fire.  Perhaps UpSample.prefire() returned false? Try debugging the actor by selecting "Listen to Actor".  Also, for SDF check moml for tokenConsumptionRate on input.
  in .DESDFClockTest.Play Bell.Copy1:SDF Director and .DESDFClockTest.Play Bell.UpSample
	at ptolemy.actor.sched.StaticSchedulingDirector.fire(StaticSchedulingDirector.java:227)
	at ptolemy.domains.sdf.kernel.SDFDirector.fire(SDFDirector.java:500)
	at ptolemy.actor.CompositeActor.fire(CompositeActor.java:455)
	at ptolemy.domains.de.kernel.DEDirector._fire(DEDirector.java:1949)
	at ptolemy.domains.de.kernel.DEDirector.fire(DEDirector.java:502)
	at ptolemy.actor.CompositeActor.fire(CompositeActor.java:455)
	at ptolemy.actor.Manager.iterate(Manager.java:851)
	at ptolemy.actor.Manager.execute(Manager.java:369)
	at ptolemy.actor.Manager.run(Manager.java:1263)
	at ptolemy.actor.Manager$PtolemyRunThread.run(Manager.java:1933)
java.lang.reflect.InvocationTargetException
	at java.base/jdk.internal.reflect.NativeConstructorAccessorImpl.newInstance0(Native Method)
	at java.base/jdk.internal.reflect.NativeConstructorAccessorImpl.newInstance(NativeConstructorAccessorImpl.java:62)
	at java.base/jdk.internal.reflect.DelegatingConstructorAccessorImpl.newInstance(DelegatingConstructorAccessorImpl.java:45)
	at java.base/java.lang.reflect.Constructor.newInstance(Constructor.java:490)
	at ptolemy.util.test.junit.AutoKnownFailedTests.RunModel(AutoKnownFailedTests.java:105)
	at java.base/jdk.internal.reflect.NativeMethodAccessorImpl.invoke0(Native Method)
	at java.base/jdk.internal.reflect.NativeMethodAccessorImpl.invoke(NativeMethodAccessorImpl.java:62)
	at java.base/jdk.internal.reflect.DelegatingMethodAccessorImpl.invoke(DelegatingMethodAccessorImpl.java:43)
	at java.base/java.lang.reflect.Method.invoke(Method.java:566)
	at org.junit.runners.model.FrameworkMethod$1.runReflectiveCall(FrameworkMethod.java:44)
	at org.junit.internal.runners.model.ReflectiveCallable.run(ReflectiveCallable.java:15)
	at org.junit.runners.model.FrameworkMethod.invokeExplosively(FrameworkMethod.java:41)
	at junitparams.internal.InvokeParameterisedMethod.evaluate(InvokeParameterisedMethod.java:102)
	at org.junit.internal.runners.statements.FailOnTimeout$1.run(FailOnTimeout.java:28)
Caused by: ptolemy.kernel.util.IllegalActionException: Actor is not ready to fire.  Perhaps UpSample.prefire() returned false? Try debugging the actor by selecting "Listen to Actor".  Also, for SDF check moml for tokenConsumptionRate on input.
  in .DESDFClockTest.Play Bell.Copy1:SDF Director and .DESDFClockTest.Play Bell.UpSample
	at ptolemy.actor.sched.StaticSchedulingDirector.fire(StaticSchedulingDirector.java:227)
	at ptolemy.domains.sdf.kernel.SDFDirector.fire(SDFDirector.java:500)
	at ptolemy.actor.CompositeActor.fire(CompositeActor.java:455)
	at ptolemy.domains.de.kernel.DEDirector._fire(DEDirector.java:1949)
	at ptolemy.domains.de.kernel.DEDirector.fire(DEDirector.java:502)
	at ptolemy.actor.CompositeActor.fire(CompositeActor.java:455)
	at ptolemy.actor.Manager.iterate(Manager.java:851)
	at ptolemy.actor.Manager.execute(Manager.java:369)
	at ptolemy.actor.Manager.run(Manager.java:1263)
	at ptolemy.actor.Manager$PtolemyRunThread.run(Manager.java:1933)
java.lang.RuntimeException: Execution failed
	at ptolemy.moml.MoMLSimpleApplication$UnloadThread.run(MoMLSimpleApplication.java:402)
Caused by: ptolemy.kernel.util.IllegalActionException: Test fails in iteration 1.
Value was: 1.0. Should have been: 2.0
  in .DirectFeedback.Test
	at ptolemy.actor.lib.Test.fire(Test.java:268)
	at ptolemy.domains.de.kernel.DEDirector._fire(DEDirector.java:1949)
	at ptolemy.domains.de.kernel.DEDirector.fire(DEDirector.java:502)
	at ptolemy.actor.CompositeActor.fire(CompositeActor.java:455)
	at ptolemy.actor.Manager.iterate(Manager.java:851)
	at ptolemy.actor.Manager.execute(Manager.java:369)
	at ptolemy.actor.Manager.run(Manager.java:1263)
	at ptolemy.actor.Manager$PtolemyRunThread.run(Manager.java:1933)
java.lang.reflect.InvocationTargetException
	at java.base/jdk.internal.reflect.NativeConstructorAccessorImpl.newInstance0(Native Method)
	at java.base/jdk.internal.reflect.NativeConstructorAccessorImpl.newInstance(NativeConstructorAccessorImpl.java:62)
	at java.base/jdk.internal.reflect.DelegatingConstructorAccessorImpl.newInstance(DelegatingConstructorAccessorImpl.java:45)
	at java.base/java.lang.reflect.Constructor.newInstance(Constructor.java:490)
	at ptolemy.util.test.junit.AutoKnownFailedTests.RunModel(AutoKnownFailedTests.java:105)
	at java.base/jdk.internal.reflect.NativeMethodAccessorImpl.invoke0(Native Method)
	at java.base/jdk.internal.reflect.NativeMethodAccessorImpl.invoke(NativeMethodAccessorImpl.java:62)
	at java.base/jdk.internal.reflect.DelegatingMethodAccessorImpl.invoke(DelegatingMethodAccessorImpl.java:43)
	at java.base/java.lang.reflect.Method.invoke(Method.java:566)
	at org.junit.runners.model.FrameworkMethod$1.runReflectiveCall(FrameworkMethod.java:44)
	at org.junit.internal.runners.model.ReflectiveCallable.run(ReflectiveCallable.java:15)
	at org.junit.runners.model.FrameworkMethod.invokeExplosively(FrameworkMethod.java:41)
	at junitparams.internal.InvokeParameterisedMethod.evaluate(InvokeParameterisedMethod.java:102)
	at org.junit.internal.runners.statements.FailOnTimeout$1.run(FailOnTimeout.java:28)
Caused by: ptolemy.kernel.util.IllegalActionException: Test fails in iteration 1.
Value was: 1.0. Should have been: 2.0
  in .DirectFeedback.Test
	at ptolemy.actor.lib.Test.fire(Test.java:268)
	at ptolemy.domains.de.kernel.DEDirector._fire(DEDirector.java:1949)
	at ptolemy.domains.de.kernel.DEDirector.fire(DEDirector.java:502)
	at ptolemy.actor.CompositeActor.fire(CompositeActor.java:455)
	at ptolemy.actor.Manager.iterate(Manager.java:851)
	at ptolemy.actor.Manager.execute(Manager.java:369)
	at ptolemy.actor.Manager.run(Manager.java:1263)
	at ptolemy.actor.Manager$PtolemyRunThread.run(Manager.java:1933)
java.lang.RuntimeException: Execution failed
	at ptolemy.moml.MoMLSimpleApplication$UnloadThread.run(MoMLSimpleApplication.java:402)
Caused by: ptolemy.kernel.util.IllegalActionException: Found a zero delay loop containing .HierarchicalModel.A
  in .HierarchicalModel and .HierarchicalModel.A
	at ptolemy.actor.util.CausalityInterfaceForComposites._computeOutputPortDepth(CausalityInterfaceForComposites.java:759)
	at ptolemy.actor.util.CausalityInterfaceForComposites._computeInputDepth(CausalityInterfaceForComposites.java:696)
	at ptolemy.actor.util.CausalityInterfaceForComposites._computeOutputPortDepth(CausalityInterfaceForComposites.java:765)
	at ptolemy.actor.util.CausalityInterfaceForComposites._computeInputDepth(CausalityInterfaceForComposites.java:696)
	at ptolemy.actor.util.CausalityInterfaceForComposites._computeOutputPortDepth(CausalityInterfaceForComposites.java:765)
	at ptolemy.actor.util.CausalityInterfaceForComposites._computeInputDepth(CausalityInterfaceForComposites.java:696)
	at ptolemy.actor.util.CausalityInterfaceForComposites._computeActorDepth(CausalityInterfaceForComposites.java:532)
	at ptolemy.actor.util.CausalityInterfaceForComposites.checkForCycles(CausalityInterfaceForComposites.java:96)
	at ptolemy.domains.de.kernel.DEDirector.preinitialize(DEDirector.java:1338)
	at ptolemy.actor.CompositeActor.preinitialize(CompositeActor.java:1828)
	at ptolemy.actor.Manager.preinitializeAndResolveTypes(Manager.java:1040)
	at ptolemy.actor.Manager.initialize(Manager.java:710)
	at ptolemy.actor.Manager.execute(Manager.java:356)
	at ptolemy.actor.Manager.run(Manager.java:1263)
	at ptolemy.actor.Manager$PtolemyRunThread.run(Manager.java:1933)
java.lang.reflect.InvocationTargetException
	at java.base/jdk.internal.reflect.NativeConstructorAccessorImpl.newInstance0(Native Method)
	at java.base/jdk.internal.reflect.NativeConstructorAccessorImpl.newInstance(NativeConstructorAccessorImpl.java:62)
	at java.base/jdk.internal.reflect.DelegatingConstructorAccessorImpl.newInstance(DelegatingConstructorAccessorImpl.java:45)
	at java.base/java.lang.reflect.Constructor.newInstance(Constructor.java:490)
	at ptolemy.util.test.junit.AutoKnownFailedTests.RunModel(AutoKnownFailedTests.java:105)
	at java.base/jdk.internal.reflect.NativeMethodAccessorImpl.invoke0(Native Method)
	at java.base/jdk.internal.reflect.NativeMethodAccessorImpl.invoke(NativeMethodAccessorImpl.java:62)
	at java.base/jdk.internal.reflect.DelegatingMethodAccessorImpl.invoke(DelegatingMethodAccessorImpl.java:43)
	at java.base/java.lang.reflect.Method.invoke(Method.java:566)
	at org.junit.runners.model.FrameworkMethod$1.runReflectiveCall(FrameworkMethod.java:44)
	at org.junit.internal.runners.model.ReflectiveCallable.run(ReflectiveCallable.java:15)
	at org.junit.runners.model.FrameworkMethod.invokeExplosively(FrameworkMethod.java:41)
	at junitparams.internal.InvokeParameterisedMethod.evaluate(InvokeParameterisedMethod.java:102)
	at org.junit.internal.runners.statements.FailOnTimeout$1.run(FailOnTimeout.java:28)
Caused by: ptolemy.kernel.util.IllegalActionException: Found a zero delay loop containing .HierarchicalModel.A
  in .HierarchicalModel and .HierarchicalModel.A
	at ptolemy.actor.util.CausalityInterfaceForComposites._computeOutputPortDepth(CausalityInterfaceForComposites.java:759)
	at ptolemy.actor.util.CausalityInterfaceForComposites._computeInputDepth(CausalityInterfaceForComposites.java:696)
	at ptolemy.actor.util.CausalityInterfaceForComposites._computeOutputPortDepth(CausalityInterfaceForComposites.java:765)
	at ptolemy.actor.util.CausalityInterfaceForComposites._computeInputDepth(CausalityInterfaceForComposites.java:696)
	at ptolemy.actor.util.CausalityInterfaceForComposites._computeOutputPortDepth(CausalityInterfaceForComposites.java:765)
	at ptolemy.actor.util.CausalityInterfaceForComposites._computeInputDepth(CausalityInterfaceForComposites.java:696)
	at ptolemy.actor.util.CausalityInterfaceForComposites._computeActorDepth(CausalityInterfaceForComposites.java:532)
	at ptolemy.actor.util.CausalityInterfaceForComposites.checkForCycles(CausalityInterfaceForComposites.java:96)
	at ptolemy.domains.de.kernel.DEDirector.preinitialize(DEDirector.java:1338)
	at ptolemy.actor.CompositeActor.preinitialize(CompositeActor.java:1828)
	at ptolemy.actor.Manager.preinitializeAndResolveTypes(Manager.java:1040)
	at ptolemy.actor.Manager.initialize(Manager.java:710)
	at ptolemy.actor.Manager.execute(Manager.java:356)
	at ptolemy.actor.Manager.run(Manager.java:1263)
	at ptolemy.actor.Manager$PtolemyRunThread.run(Manager.java:1933)
java.lang.RuntimeException: Execution failed
	at ptolemy.moml.MoMLSimpleApplication$UnloadThread.run(MoMLSimpleApplication.java:402)
Caused by: ptolemy.kernel.util.IllegalActionException: Found a zero delay loop containing .dependencyLoop.original
  in .dependencyLoop and .dependencyLoop.original
	at ptolemy.actor.util.CausalityInterfaceForComposites._computeOutputPortDepth(CausalityInterfaceForComposites.java:759)
	at ptolemy.actor.util.CausalityInterfaceForComposites._computeInputDepth(CausalityInterfaceForComposites.java:696)
	at ptolemy.actor.util.CausalityInterfaceForComposites._computeOutputPortDepth(CausalityInterfaceForComposites.java:765)
	at ptolemy.actor.util.CausalityInterfaceForComposites._computeInputDepth(CausalityInterfaceForComposites.java:696)
	at ptolemy.actor.util.CausalityInterfaceForComposites._computeOutputPortDepth(CausalityInterfaceForComposites.java:765)
	at ptolemy.actor.util.CausalityInterfaceForComposites._computeInputDepth(CausalityInterfaceForComposites.java:696)
	at ptolemy.actor.util.CausalityInterfaceForComposites._computeActorDepth(CausalityInterfaceForComposites.java:532)
	at ptolemy.actor.util.CausalityInterfaceForComposites.checkForCycles(CausalityInterfaceForComposites.java:96)
	at ptolemy.domains.de.kernel.DEDirector.preinitialize(DEDirector.java:1338)
	at ptolemy.actor.CompositeActor.preinitialize(CompositeActor.java:1828)
	at ptolemy.actor.Manager.preinitializeAndResolveTypes(Manager.java:1040)
	at ptolemy.actor.Manager.initialize(Manager.java:710)
	at ptolemy.actor.Manager.execute(Manager.java:356)
	at ptolemy.actor.Manager.run(Manager.java:1263)
	at ptolemy.actor.Manager$PtolemyRunThread.run(Manager.java:1933)
java.lang.reflect.InvocationTargetException
	at java.base/jdk.internal.reflect.NativeConstructorAccessorImpl.newInstance0(Native Method)
	at java.base/jdk.internal.reflect.NativeConstructorAccessorImpl.newInstance(NativeConstructorAccessorImpl.java:62)
	at java.base/jdk.internal.reflect.DelegatingConstructorAccessorImpl.newInstance(DelegatingConstructorAccessorImpl.java:45)
	at java.base/java.lang.reflect.Constructor.newInstance(Constructor.java:490)
	at ptolemy.util.test.junit.AutoKnownFailedTests.RunModel(AutoKnownFailedTests.java:105)
	at java.base/jdk.internal.reflect.NativeMethodAccessorImpl.invoke0(Native Method)
	at java.base/jdk.internal.reflect.NativeMethodAccessorImpl.invoke(NativeMethodAccessorImpl.java:62)
	at java.base/jdk.internal.reflect.DelegatingMethodAccessorImpl.invoke(DelegatingMethodAccessorImpl.java:43)
	at java.base/java.lang.reflect.Method.invoke(Method.java:566)
	at org.junit.runners.model.FrameworkMethod$1.runReflectiveCall(FrameworkMethod.java:44)
	at org.junit.internal.runners.model.ReflectiveCallable.run(ReflectiveCallable.java:15)
	at org.junit.runners.model.FrameworkMethod.invokeExplosively(FrameworkMethod.java:41)
	at junitparams.internal.InvokeParameterisedMethod.evaluate(InvokeParameterisedMethod.java:102)
	at org.junit.internal.runners.statements.FailOnTimeout$1.run(FailOnTimeout.java:28)
Caused by: ptolemy.kernel.util.IllegalActionException: Found a zero delay loop containing .dependencyLoop.original
  in .dependencyLoop and .dependencyLoop.original
	at ptolemy.actor.util.CausalityInterfaceForComposites._computeOutputPortDepth(CausalityInterfaceForComposites.java:759)
	at ptolemy.actor.util.CausalityInterfaceForComposites._computeInputDepth(CausalityInterfaceForComposites.java:696)
	at ptolemy.actor.util.CausalityInterfaceForComposites._computeOutputPortDepth(CausalityInterfaceForComposites.java:765)
	at ptolemy.actor.util.CausalityInterfaceForComposites._computeInputDepth(CausalityInterfaceForComposites.java:696)
	at ptolemy.actor.util.CausalityInterfaceForComposites._computeOutputPortDepth(CausalityInterfaceForComposites.java:765)
	at ptolemy.actor.util.CausalityInterfaceForComposites._computeInputDepth(CausalityInterfaceForComposites.java:696)
	at ptolemy.actor.util.CausalityInterfaceForComposites._computeActorDepth(CausalityInterfaceForComposites.java:532)
	at ptolemy.actor.util.CausalityInterfaceForComposites.checkForCycles(CausalityInterfaceForComposites.java:96)
	at ptolemy.domains.de.kernel.DEDirector.preinitialize(DEDirector.java:1338)
	at ptolemy.actor.CompositeActor.preinitialize(CompositeActor.java:1828)
	at ptolemy.actor.Manager.preinitializeAndResolveTypes(Manager.java:1040)
	at ptolemy.actor.Manager.initialize(Manager.java:710)
	at ptolemy.actor.Manager.execute(Manager.java:356)
	at ptolemy.actor.Manager.run(Manager.java:1263)
	at ptolemy.actor.Manager$PtolemyRunThread.run(Manager.java:1933)
java.lang.RuntimeException: Execution failed
	at ptolemy.moml.MoMLSimpleApplication$UnloadThread.run(MoMLSimpleApplication.java:402)
Caused by: ptolemy.kernel.util.IllegalActionException: Found a zero delay loop containing .dependencyLoop2.original
  in .dependencyLoop2 and .dependencyLoop2.original
	at ptolemy.actor.util.CausalityInterfaceForComposites._computeOutputPortDepth(CausalityInterfaceForComposites.java:759)
	at ptolemy.actor.util.CausalityInterfaceForComposites._computeInputDepth(CausalityInterfaceForComposites.java:696)
	at ptolemy.actor.util.CausalityInterfaceForComposites._computeOutputPortDepth(CausalityInterfaceForComposites.java:765)
	at ptolemy.actor.util.CausalityInterfaceForComposites._computeInputDepth(CausalityInterfaceForComposites.java:696)
	at ptolemy.actor.util.CausalityInterfaceForComposites._computeOutputPortDepth(CausalityInterfaceForComposites.java:765)
	at ptolemy.actor.util.CausalityInterfaceForComposites._computeInputDepth(CausalityInterfaceForComposites.java:696)
	at ptolemy.actor.util.CausalityInterfaceForComposites._computeActorDepth(CausalityInterfaceForComposites.java:532)
	at ptolemy.actor.util.CausalityInterfaceForComposites.checkForCycles(CausalityInterfaceForComposites.java:96)
	at ptolemy.domains.de.kernel.DEDirector.preinitialize(DEDirector.java:1338)
	at ptolemy.actor.CompositeActor.preinitialize(CompositeActor.java:1828)
	at ptolemy.actor.Manager.preinitializeAndResolveTypes(Manager.java:1040)
	at ptolemy.actor.Manager.initialize(Manager.java:710)
	at ptolemy.actor.Manager.execute(Manager.java:356)
	at ptolemy.actor.Manager.run(Manager.java:1263)
	at ptolemy.actor.Manager$PtolemyRunThread.run(Manager.java:1933)
java.lang.reflect.InvocationTargetException
	at java.base/jdk.internal.reflect.NativeConstructorAccessorImpl.newInstance0(Native Method)
	at java.base/jdk.internal.reflect.NativeConstructorAccessorImpl.newInstance(NativeConstructorAccessorImpl.java:62)
	at java.base/jdk.internal.reflect.DelegatingConstructorAccessorImpl.newInstance(DelegatingConstructorAccessorImpl.java:45)
	at java.base/java.lang.reflect.Constructor.newInstance(Constructor.java:490)
	at ptolemy.util.test.junit.AutoKnownFailedTests.RunModel(AutoKnownFailedTests.java:105)
	at java.base/jdk.internal.reflect.NativeMethodAccessorImpl.invoke0(Native Method)
	at java.base/jdk.internal.reflect.NativeMethodAccessorImpl.invoke(NativeMethodAccessorImpl.java:62)
	at java.base/jdk.internal.reflect.DelegatingMethodAccessorImpl.invoke(DelegatingMethodAccessorImpl.java:43)
	at java.base/java.lang.reflect.Method.invoke(Method.java:566)
	at org.junit.runners.model.FrameworkMethod$1.runReflectiveCall(FrameworkMethod.java:44)
	at org.junit.internal.runners.model.ReflectiveCallable.run(ReflectiveCallable.java:15)
	at org.junit.runners.model.FrameworkMethod.invokeExplosively(FrameworkMethod.java:41)
	at junitparams.internal.InvokeParameterisedMethod.evaluate(InvokeParameterisedMethod.java:102)
	at org.junit.internal.runners.statements.FailOnTimeout$1.run(FailOnTimeout.java:28)
Caused by: ptolemy.kernel.util.IllegalActionException: Found a zero delay loop containing .dependencyLoop2.original
  in .dependencyLoop2 and .dependencyLoop2.original
	at ptolemy.actor.util.CausalityInterfaceForComposites._computeOutputPortDepth(CausalityInterfaceForComposites.java:759)
	at ptolemy.actor.util.CausalityInterfaceForComposites._computeInputDepth(CausalityInterfaceForComposites.java:696)
	at ptolemy.actor.util.CausalityInterfaceForComposites._computeOutputPortDepth(CausalityInterfaceForComposites.java:765)
	at ptolemy.actor.util.CausalityInterfaceForComposites._computeInputDepth(CausalityInterfaceForComposites.java:696)
	at ptolemy.actor.util.CausalityInterfaceForComposites._computeOutputPortDepth(CausalityInterfaceForComposites.java:765)
	at ptolemy.actor.util.CausalityInterfaceForComposites._computeInputDepth(CausalityInterfaceForComposites.java:696)
	at ptolemy.actor.util.CausalityInterfaceForComposites._computeActorDepth(CausalityInterfaceForComposites.java:532)
	at ptolemy.actor.util.CausalityInterfaceForComposites.checkForCycles(CausalityInterfaceForComposites.java:96)
	at ptolemy.domains.de.kernel.DEDirector.preinitialize(DEDirector.java:1338)
	at ptolemy.actor.CompositeActor.preinitialize(CompositeActor.java:1828)
	at ptolemy.actor.Manager.preinitializeAndResolveTypes(Manager.java:1040)
	at ptolemy.actor.Manager.initialize(Manager.java:710)
	at ptolemy.actor.Manager.execute(Manager.java:356)
	at ptolemy.actor.Manager.run(Manager.java:1263)
	at ptolemy.actor.Manager$PtolemyRunThread.run(Manager.java:1933)
]]></system-err>
</testsuite>
