<?xml version="1.0" encoding="UTF-8" ?>
<testsuite errors="0" failures="0" hostname="travis-job-1bef8b22-c0b4-4944-a042-228c4b9d5682" name="ptolemy.actor.lib.hoc.test.junit.JUnitTclTest" skipped="0" tests="58" time="29.021" timestamp="2020-10-10T15:43:57">
  <properties>
[...]
</properties>
  <testcase classname="ptolemy.util.test.junit.TclTests" name="[0] /home/travis/build/icyphy/ptII/ptolemy/actor/lib/hoc/test/IterateOverArray.tcl (RunTclFile)" time="0.282" />
  <testcase classname="ptolemy.util.test.junit.AutoKnownFailedTests" name="[0] /home/travis/build/icyphy/ptII/ptolemy/actor/lib/hoc/test/auto/knownFailedTests/PreinitializeMustBeInvokedRunComposite.xml (RunModel)" time="0.346" />
  <testcase classname="ptolemy.util.test.junit.AutoNameArchTests" name="[0] ThereAreNoAutoArchTests (RunModel)" time="0.003" />
  <testcase classname="ptolemy.util.test.junit.AutoTests" name="[0] /home/travis/build/icyphy/ptII/ptolemy/actor/lib/hoc/test/auto/AllToAllMultiInstanceComposite.xml (RunModel)" time="0.365" />
  <testcase classname="ptolemy.util.test.junit.AutoTests" name="[1] /home/travis/build/icyphy/ptII/ptolemy/actor/lib/hoc/test/auto/ApplyFFTTest.xml (RunModel)" time="0.337" />
  <testcase classname="ptolemy.util.test.junit.AutoTests" name="[2] /home/travis/build/icyphy/ptII/ptolemy/actor/lib/hoc/test/auto/ApplyFunction.xml (RunModel)" time="0.066" />
  <testcase classname="ptolemy.util.test.junit.AutoTests" name="[3] /home/travis/build/icyphy/ptII/ptolemy/actor/lib/hoc/test/auto/BackgroundExecution.xml (RunModel)" time="0.7" />
  <testcase classname="ptolemy.util.test.junit.AutoTests" name="[4] /home/travis/build/icyphy/ptII/ptolemy/actor/lib/hoc/test/auto/Case.xml (RunModel)" time="0.069" />
  <testcase classname="ptolemy.util.test.junit.AutoTests" name="[5] /home/travis/build/icyphy/ptII/ptolemy/actor/lib/hoc/test/auto/Case1.xml (RunModel)" time="0.078" />
  <testcase classname="ptolemy.util.test.junit.AutoTests" name="[6] /home/travis/build/icyphy/ptII/ptolemy/actor/lib/hoc/test/auto/Case2.xml (RunModel)" time="0.081" />
  <testcase classname="ptolemy.util.test.junit.AutoTests" name="[7] /home/travis/build/icyphy/ptII/ptolemy/actor/lib/hoc/test/auto/Case3.xml (RunModel)" time="0.049" />
  <testcase classname="ptolemy.util.test.junit.AutoTests" name="[8] /home/travis/build/icyphy/ptII/ptolemy/actor/lib/hoc/test/auto/Case4.xml (RunModel)" time="0.037" />
  <testcase classname="ptolemy.util.test.junit.AutoTests" name="[9] /home/travis/build/icyphy/ptII/ptolemy/actor/lib/hoc/test/auto/Case5.xml (RunModel)" time="0.08" />
  <testcase classname="ptolemy.util.test.junit.AutoTests" name="[10] /home/travis/build/icyphy/ptII/ptolemy/actor/lib/hoc/test/auto/Case6.xml (RunModel)" time="0.115" />
  <testcase classname="ptolemy.util.test.junit.AutoTests" name="[11] /home/travis/build/icyphy/ptII/ptolemy/actor/lib/hoc/test/auto/CaseString2.xml (RunModel)" time="0.054" />
  <testcase classname="ptolemy.util.test.junit.AutoTests" name="[12] /home/travis/build/icyphy/ptII/ptolemy/actor/lib/hoc/test/auto/CatchUpComposite1.xml (RunModel)" time="0.088" />
  <testcase classname="ptolemy.util.test.junit.AutoTests" name="[13] /home/travis/build/icyphy/ptII/ptolemy/actor/lib/hoc/test/auto/CatchUpComposite2.xml (RunModel)" time="0.068" />
  <testcase classname="ptolemy.util.test.junit.AutoTests" name="[14] /home/travis/build/icyphy/ptII/ptolemy/actor/lib/hoc/test/auto/CatchUpComposite3.xml (RunModel)" time="0.049" />
  <testcase classname="ptolemy.util.test.junit.AutoTests" name="[15] /home/travis/build/icyphy/ptII/ptolemy/actor/lib/hoc/test/auto/CatchUpComposite4.xml (RunModel)" time="0.042" />
  <testcase classname="ptolemy.util.test.junit.AutoTests" name="[16] /home/travis/build/icyphy/ptII/ptolemy/actor/lib/hoc/test/auto/CatchUpComposite5.xml (RunModel)" time="0.041" />
  <testcase classname="ptolemy.util.test.junit.AutoTests" name="[17] /home/travis/build/icyphy/ptII/ptolemy/actor/lib/hoc/test/auto/CatchUpComposite6.xml (RunModel)" time="0.133" />
  <testcase classname="ptolemy.util.test.junit.AutoTests" name="[18] /home/travis/build/icyphy/ptII/ptolemy/actor/lib/hoc/test/auto/CatchUpComposite7.xml (RunModel)" time="0.097" />
  <testcase classname="ptolemy.util.test.junit.AutoTests" name="[19] /home/travis/build/icyphy/ptII/ptolemy/actor/lib/hoc/test/auto/ConcurrentExecutionTimeSDF.xml (RunModel)" time="0.669" />
  <testcase classname="ptolemy.util.test.junit.AutoTests" name="[20] /home/travis/build/icyphy/ptII/ptolemy/actor/lib/hoc/test/auto/ConcurrentSleep.xml (RunModel)" time="0.759" />
  <testcase classname="ptolemy.util.test.junit.AutoTests" name="[21] /home/travis/build/icyphy/ptII/ptolemy/actor/lib/hoc/test/auto/DEInPNInRunCompositeActor.xml (RunModel)" time="0.028" />
  <testcase classname="ptolemy.util.test.junit.AutoTests" name="[22] /home/travis/build/icyphy/ptII/ptolemy/actor/lib/hoc/test/auto/DFTSubSetTest.xml (RunModel)" time="0.285" />
  <testcase classname="ptolemy.util.test.junit.AutoTests" name="[23] /home/travis/build/icyphy/ptII/ptolemy/actor/lib/hoc/test/auto/HocDE.xml (RunModel)" time="0.162" />
  <testcase classname="ptolemy.util.test.junit.AutoTests" name="[24] /home/travis/build/icyphy/ptII/ptolemy/actor/lib/hoc/test/auto/IterateOverArray.xml (RunModel)" time="0.022" />
  <testcase classname="ptolemy.util.test.junit.AutoTests" name="[25] /home/travis/build/icyphy/ptII/ptolemy/actor/lib/hoc/test/auto/IterateOverArray10.xml (RunModel)" time="0.029" />
  <testcase classname="ptolemy.util.test.junit.AutoTests" name="[26] /home/travis/build/icyphy/ptII/ptolemy/actor/lib/hoc/test/auto/IterateOverArray11.xml (RunModel)" time="0.016" />
  <testcase classname="ptolemy.util.test.junit.AutoTests" name="[27] /home/travis/build/icyphy/ptII/ptolemy/actor/lib/hoc/test/auto/IterateOverArray12.xml (RunModel)" time="0.025" />
  <testcase classname="ptolemy.util.test.junit.AutoTests" name="[28] /home/travis/build/icyphy/ptII/ptolemy/actor/lib/hoc/test/auto/IterateOverArray13.xml (RunModel)" time="0.111" />
  <testcase classname="ptolemy.util.test.junit.AutoTests" name="[29] /home/travis/build/icyphy/ptII/ptolemy/actor/lib/hoc/test/auto/IterateOverArray14.xml (RunModel)" time="0.124" />
  <testcase classname="ptolemy.util.test.junit.AutoTests" name="[30] /home/travis/build/icyphy/ptII/ptolemy/actor/lib/hoc/test/auto/IterateOverArray2.xml (RunModel)" time="0.024" />
  <testcase classname="ptolemy.util.test.junit.AutoTests" name="[31] /home/travis/build/icyphy/ptII/ptolemy/actor/lib/hoc/test/auto/IterateOverArray3.xml (RunModel)" time="0.035" />
  <testcase classname="ptolemy.util.test.junit.AutoTests" name="[32] /home/travis/build/icyphy/ptII/ptolemy/actor/lib/hoc/test/auto/IterateOverArray4.xml (RunModel)" time="0.019" />
  <testcase classname="ptolemy.util.test.junit.AutoTests" name="[33] /home/travis/build/icyphy/ptII/ptolemy/actor/lib/hoc/test/auto/IterateOverArray5.xml (RunModel)" time="0.019" />
  <testcase classname="ptolemy.util.test.junit.AutoTests" name="[34] /home/travis/build/icyphy/ptII/ptolemy/actor/lib/hoc/test/auto/IterateOverArray6.xml (RunModel)" time="0.009" />
  <testcase classname="ptolemy.util.test.junit.AutoTests" name="[35] /home/travis/build/icyphy/ptII/ptolemy/actor/lib/hoc/test/auto/IterateOverArray7.xml (RunModel)" time="0.017" />
  <testcase classname="ptolemy.util.test.junit.AutoTests" name="[36] /home/travis/build/icyphy/ptII/ptolemy/actor/lib/hoc/test/auto/IterateOverArray8.xml (RunModel)" time="0.018" />
  <testcase classname="ptolemy.util.test.junit.AutoTests" name="[37] /home/travis/build/icyphy/ptII/ptolemy/actor/lib/hoc/test/auto/IterateOverArray9.xml (RunModel)" time="0.018" />
  <testcase classname="ptolemy.util.test.junit.AutoTests" name="[38] /home/travis/build/icyphy/ptII/ptolemy/actor/lib/hoc/test/auto/IterateOverArrayCoercedOutputType.xml (RunModel)" time="0.032" />
  <testcase classname="ptolemy.util.test.junit.AutoTests" name="[39] /home/travis/build/icyphy/ptII/ptolemy/actor/lib/hoc/test/auto/IterateOverArrayInferredOutputType.xml (RunModel)" time="0.024" />
  <testcase classname="ptolemy.util.test.junit.AutoTests" name="[40] /home/travis/build/icyphy/ptII/ptolemy/actor/lib/hoc/test/auto/MobileFunctionTest.xml (RunModel)" time="0.02" />
  <testcase classname="ptolemy.util.test.junit.AutoTests" name="[41] /home/travis/build/icyphy/ptII/ptolemy/actor/lib/hoc/test/auto/MobileModelTest.xml (RunModel)" time="0.147" />
  <testcase classname="ptolemy.util.test.junit.AutoTests" name="[42] /home/travis/build/icyphy/ptII/ptolemy/actor/lib/hoc/test/auto/ModelReference.xml (RunModel)" time="0.069" />
  <testcase classname="ptolemy.util.test.junit.AutoTests" name="[43] /home/travis/build/icyphy/ptII/ptolemy/actor/lib/hoc/test/auto/ModelReference3.xml (RunModel)" time="0.035" />
  <testcase classname="ptolemy.util.test.junit.AutoTests" name="[44] /home/travis/build/icyphy/ptII/ptolemy/actor/lib/hoc/test/auto/ModelReference4.xml (RunModel)" time="10.022" />
  <testcase classname="ptolemy.util.test.junit.AutoTests" name="[45] /home/travis/build/icyphy/ptII/ptolemy/actor/lib/hoc/test/auto/MultiInstanceComposite.xml (RunModel)" time="0.074" />
  <testcase classname="ptolemy.util.test.junit.AutoTests" name="[46] /home/travis/build/icyphy/ptII/ptolemy/actor/lib/hoc/test/auto/MultiInstanceComposite2.xml (RunModel)" time="0.049" />
  <testcase classname="ptolemy.util.test.junit.AutoTests" name="[47] /home/travis/build/icyphy/ptII/ptolemy/actor/lib/hoc/test/auto/MulticoreExecution.xml (RunModel)" time="1.052" />
  <testcase classname="ptolemy.util.test.junit.AutoTests" name="[48] /home/travis/build/icyphy/ptII/ptolemy/actor/lib/hoc/test/auto/ParallelExecution.xml (RunModel)" time="0.928" />
  <testcase classname="ptolemy.util.test.junit.AutoTests" name="[49] /home/travis/build/icyphy/ptII/ptolemy/actor/lib/hoc/test/auto/RunCompositeActor.xml (RunModel)" time="0.037" />
  <testcase classname="ptolemy.util.test.junit.AutoTests" name="[50] /home/travis/build/icyphy/ptII/ptolemy/actor/lib/hoc/test/auto/RunCompositeActor2.xml (RunModel)" time="0.019" />
  <testcase classname="ptolemy.util.test.junit.AutoTests" name="[51] /home/travis/build/icyphy/ptII/ptolemy/actor/lib/hoc/test/auto/RunCompositeActor3.xml (RunModel)" time="0.014" />
  <testcase classname="ptolemy.util.test.junit.AutoTests" name="[52] /home/travis/build/icyphy/ptII/ptolemy/actor/lib/hoc/test/auto/RunCompositeActor4.xml (RunModel)" time="0.019" />
  <testcase classname="ptolemy.util.test.junit.AutoTests" name="[53] /home/travis/build/icyphy/ptII/ptolemy/actor/lib/hoc/test/auto/RunCompositeIterateOverArray.xml (RunModel)" time="0.02" />
  <testcase classname="ptolemy.util.test.junit.AutoTests" name="[54] /home/travis/build/icyphy/ptII/ptolemy/actor/lib/hoc/test/auto/ThreadedJS.xml (RunModel)" time="10.286" />
  <system-out><![CDATA[/home/travis/build/icyphy/ptII/ptolemy/actor/lib/hoc/test/IterateOverArray.tcl
testDefs.tcl: setting time out to 9000 seconds at Sat Oct 10 15:43:57 UTC 2020
10/10/20 03:43:57
Failed: 0  Total Tests: 2  ((Passed: 2, Newly Passed: 0)  Known Failed: 0) /home/travis/build/icyphy/ptII/ptolemy/actor/lib/hoc/test
----------------- testing (KnownFailure) /home/travis/build/icyphy/ptII/ptolemy/actor/lib/hoc/test/auto/knownFailedTests/PreinitializeMustBeInvokedRunComposite.xml
78 ms. Memory: 129024K Free: 85943K (67%)
Known Failure: java.lang.reflect.InvocationTargetException
No auto/linux-amd64/*.xml tests in /home/travis/build/icyphy/ptII/ptolemy/actor/lib/hoc/test
AutoTests.java: About to close Vertx.
AutoTests.java: Vertx closed.

===========================================================================================
----------------- testing Sat Oct 10 15:43:58 UTC 2020 /home/travis/build/icyphy/ptII/ptolemy/actor/lib/hoc/test/auto/AllToAllMultiInstanceComposite.xml
----------------- Instantiating /home/travis/build/icyphy/ptII/ptolemy/actor/lib/hoc/test/auto/AllToAllMultiInstanceComposite.xml
183 ms. Memory: 129024K Free: 106955K (83%)
----------------- Invoking toplevel() on ptolemy.moml.MoMLSimpleApplication@38c35462
----------------- Done invoking toplevel() on ptolemy.moml.MoMLSimpleApplication@38c35462
reloadAllAccessors: .AllToAllMultiInstanceComposite

===========================================================================================
----------------- testing Sat Oct 10 15:43:58 UTC 2020 /home/travis/build/icyphy/ptII/ptolemy/actor/lib/hoc/test/auto/ApplyFFTTest.xml
----------------- Instantiating /home/travis/build/icyphy/ptII/ptolemy/actor/lib/hoc/test/auto/ApplyFFTTest.xml
103 ms. Memory: 129024K Free: 88287K (68%)
----------------- Invoking toplevel() on ptolemy.moml.MoMLSimpleApplication@24798be4
----------------- Done invoking toplevel() on ptolemy.moml.MoMLSimpleApplication@24798be4
reloadAllAccessors: .ApplyFFTTest

===========================================================================================
----------------- testing Sat Oct 10 15:43:58 UTC 2020 /home/travis/build/icyphy/ptII/ptolemy/actor/lib/hoc/test/auto/ApplyFunction.xml
----------------- Instantiating /home/travis/build/icyphy/ptII/ptolemy/actor/lib/hoc/test/auto/ApplyFunction.xml
13 ms. Memory: 129024K Free: 85193K (66%)
----------------- Invoking toplevel() on ptolemy.moml.MoMLSimpleApplication@709e2ee8
----------------- Done invoking toplevel() on ptolemy.moml.MoMLSimpleApplication@709e2ee8
reloadAllAccessors: .ApplyFunction

===========================================================================================
----------------- testing Sat Oct 10 15:43:58 UTC 2020 /home/travis/build/icyphy/ptII/ptolemy/actor/lib/hoc/test/auto/BackgroundExecution.xml
----------------- Instantiating /home/travis/build/icyphy/ptII/ptolemy/actor/lib/hoc/test/auto/BackgroundExecution.xml
639 ms. Memory: 129024K Free: 77968K (60%)
----------------- Invoking toplevel() on ptolemy.moml.MoMLSimpleApplication@7a9eaa3e
----------------- Done invoking toplevel() on ptolemy.moml.MoMLSimpleApplication@7a9eaa3e
reloadAllAccessors: .BackgroundExecution

===========================================================================================
----------------- testing Sat Oct 10 15:43:59 UTC 2020 /home/travis/build/icyphy/ptII/ptolemy/actor/lib/hoc/test/auto/Case.xml
----------------- Instantiating /home/travis/build/icyphy/ptII/ptolemy/actor/lib/hoc/test/auto/Case.xml
21 ms. Memory: 129024K Free: 70323K (55%)
----------------- Invoking toplevel() on ptolemy.moml.MoMLSimpleApplication@23da77c1
----------------- Done invoking toplevel() on ptolemy.moml.MoMLSimpleApplication@23da77c1
reloadAllAccessors: .Case

===========================================================================================
----------------- testing Sat Oct 10 15:43:59 UTC 2020 /home/travis/build/icyphy/ptII/ptolemy/actor/lib/hoc/test/auto/Case1.xml
----------------- Instantiating /home/travis/build/icyphy/ptII/ptolemy/actor/lib/hoc/test/auto/Case1.xml
19 ms. Memory: 129024K Free: 109492K (85%)
----------------- Invoking toplevel() on ptolemy.moml.MoMLSimpleApplication@348d5b1e
----------------- Done invoking toplevel() on ptolemy.moml.MoMLSimpleApplication@348d5b1e
reloadAllAccessors: .Case1

===========================================================================================
----------------- testing Sat Oct 10 15:43:59 UTC 2020 /home/travis/build/icyphy/ptII/ptolemy/actor/lib/hoc/test/auto/Case2.xml
----------------- Instantiating /home/travis/build/icyphy/ptII/ptolemy/actor/lib/hoc/test/auto/Case2.xml
38 ms. Memory: 129024K Free: 99061K (77%)
----------------- Invoking toplevel() on ptolemy.moml.MoMLSimpleApplication@338a34e
----------------- Done invoking toplevel() on ptolemy.moml.MoMLSimpleApplication@338a34e
reloadAllAccessors: .Case2

===========================================================================================
----------------- testing Sat Oct 10 15:43:59 UTC 2020 /home/travis/build/icyphy/ptII/ptolemy/actor/lib/hoc/test/auto/Case3.xml
----------------- Instantiating /home/travis/build/icyphy/ptII/ptolemy/actor/lib/hoc/test/auto/Case3.xml
9 ms. Memory: 129024K Free: 93124K (72%)
----------------- Invoking toplevel() on ptolemy.moml.MoMLSimpleApplication@3ba721ae
----------------- Done invoking toplevel() on ptolemy.moml.MoMLSimpleApplication@3ba721ae
reloadAllAccessors: .Case3

===========================================================================================
----------------- testing Sat Oct 10 15:43:59 UTC 2020 /home/travis/build/icyphy/ptII/ptolemy/actor/lib/hoc/test/auto/Case4.xml
----------------- Instantiating /home/travis/build/icyphy/ptII/ptolemy/actor/lib/hoc/test/auto/Case4.xml
8 ms. Memory: 129024K Free: 85248K (66%)
----------------- Invoking toplevel() on ptolemy.moml.MoMLSimpleApplication@3cbbef3a
----------------- Done invoking toplevel() on ptolemy.moml.MoMLSimpleApplication@3cbbef3a
reloadAllAccessors: .Case4

===========================================================================================
----------------- testing Sat Oct 10 15:43:59 UTC 2020 /home/travis/build/icyphy/ptII/ptolemy/actor/lib/hoc/test/auto/Case5.xml
----------------- Instantiating /home/travis/build/icyphy/ptII/ptolemy/actor/lib/hoc/test/auto/Case5.xml
43 ms. Memory: 129024K Free: 79104K (61%)
----------------- Invoking toplevel() on ptolemy.moml.MoMLSimpleApplication@4273dcfa
----------------- Done invoking toplevel() on ptolemy.moml.MoMLSimpleApplication@4273dcfa
reloadAllAccessors: .junk

===========================================================================================
----------------- testing Sat Oct 10 15:44:00 UTC 2020 /home/travis/build/icyphy/ptII/ptolemy/actor/lib/hoc/test/auto/Case6.xml
----------------- Instantiating /home/travis/build/icyphy/ptII/ptolemy/actor/lib/hoc/test/auto/Case6.xml
40 ms. Memory: 129024K Free: 67840K (53%)
----------------- Invoking toplevel() on ptolemy.moml.MoMLSimpleApplication@65e21a52
----------------- Done invoking toplevel() on ptolemy.moml.MoMLSimpleApplication@65e21a52
reloadAllAccessors: .Case6

===========================================================================================
----------------- testing Sat Oct 10 15:44:00 UTC 2020 /home/travis/build/icyphy/ptII/ptolemy/actor/lib/hoc/test/auto/CaseString2.xml
----------------- Instantiating /home/travis/build/icyphy/ptII/ptolemy/actor/lib/hoc/test/auto/CaseString2.xml
17 ms. Memory: 129024K Free: 112269K (87%)
----------------- Invoking toplevel() on ptolemy.moml.MoMLSimpleApplication@1f61fed9
----------------- Done invoking toplevel() on ptolemy.moml.MoMLSimpleApplication@1f61fed9
reloadAllAccessors: .CaseString2

===========================================================================================
----------------- testing Sat Oct 10 15:44:00 UTC 2020 /home/travis/build/icyphy/ptII/ptolemy/actor/lib/hoc/test/auto/CatchUpComposite1.xml
----------------- Instantiating /home/travis/build/icyphy/ptII/ptolemy/actor/lib/hoc/test/auto/CatchUpComposite1.xml
35 ms. Memory: 129024K Free: 103071K (80%)
----------------- Invoking toplevel() on ptolemy.moml.MoMLSimpleApplication@38d87175
----------------- Done invoking toplevel() on ptolemy.moml.MoMLSimpleApplication@38d87175
reloadAllAccessors: .CatchUpComposite1

===========================================================================================
----------------- testing Sat Oct 10 15:44:00 UTC 2020 /home/travis/build/icyphy/ptII/ptolemy/actor/lib/hoc/test/auto/CatchUpComposite2.xml
----------------- Instantiating /home/travis/build/icyphy/ptII/ptolemy/actor/lib/hoc/test/auto/CatchUpComposite2.xml
12 ms. Memory: 129024K Free: 95171K (74%)
----------------- Invoking toplevel() on ptolemy.moml.MoMLSimpleApplication@ae05ee5
----------------- Done invoking toplevel() on ptolemy.moml.MoMLSimpleApplication@ae05ee5
reloadAllAccessors: .CatchUpComposite2

===========================================================================================
----------------- testing Sat Oct 10 15:44:00 UTC 2020 /home/travis/build/icyphy/ptII/ptolemy/actor/lib/hoc/test/auto/CatchUpComposite3.xml
----------------- Instantiating /home/travis/build/icyphy/ptII/ptolemy/actor/lib/hoc/test/auto/CatchUpComposite3.xml
15 ms. Memory: 129024K Free: 86587K (67%)
----------------- Invoking toplevel() on ptolemy.moml.MoMLSimpleApplication@303f168a
----------------- Done invoking toplevel() on ptolemy.moml.MoMLSimpleApplication@303f168a
reloadAllAccessors: .CatchUpComposite3

===========================================================================================
----------------- testing Sat Oct 10 15:44:00 UTC 2020 /home/travis/build/icyphy/ptII/ptolemy/actor/lib/hoc/test/auto/CatchUpComposite4.xml
----------------- Instantiating /home/travis/build/icyphy/ptII/ptolemy/actor/lib/hoc/test/auto/CatchUpComposite4.xml
9 ms. Memory: 129024K Free: 79064K (61%)
----------------- Invoking toplevel() on ptolemy.moml.MoMLSimpleApplication@791dc3cf
----------------- Done invoking toplevel() on ptolemy.moml.MoMLSimpleApplication@791dc3cf
reloadAllAccessors: .CatchUpComposite4

===========================================================================================
----------------- testing Sat Oct 10 15:44:00 UTC 2020 /home/travis/build/icyphy/ptII/ptolemy/actor/lib/hoc/test/auto/CatchUpComposite5.xml
----------------- Instantiating /home/travis/build/icyphy/ptII/ptolemy/actor/lib/hoc/test/auto/CatchUpComposite5.xml
10 ms. Memory: 129024K Free: 71274K (55%)
----------------- Invoking toplevel() on ptolemy.moml.MoMLSimpleApplication@5f67b0d1
----------------- Done invoking toplevel() on ptolemy.moml.MoMLSimpleApplication@5f67b0d1
reloadAllAccessors: .CatchUpComposite5

===========================================================================================
----------------- testing Sat Oct 10 15:44:00 UTC 2020 /home/travis/build/icyphy/ptII/ptolemy/actor/lib/hoc/test/auto/CatchUpComposite6.xml
----------------- Instantiating /home/travis/build/icyphy/ptII/ptolemy/actor/lib/hoc/test/auto/CatchUpComposite6.xml
WARNING: The execution aspects in this model can influence the timing of actors by delaying the 
execution, potentially changing the behavior. There is no guarantee that actors fire at the 
time they request to be fired. 
Use Ptides for deterministic DE behavior that is not influenced by execution aspects. 

62 ms. Memory: 129024K Free: 56992K (44%)
----------------- Invoking toplevel() on ptolemy.moml.MoMLSimpleApplication@4668ae4a
----------------- Done invoking toplevel() on ptolemy.moml.MoMLSimpleApplication@4668ae4a
reloadAllAccessors: .CatchUpComposite6

===========================================================================================
----------------- testing Sat Oct 10 15:44:00 UTC 2020 /home/travis/build/icyphy/ptII/ptolemy/actor/lib/hoc/test/auto/CatchUpComposite7.xml
----------------- Instantiating /home/travis/build/icyphy/ptII/ptolemy/actor/lib/hoc/test/auto/CatchUpComposite7.xml
WARNING: The execution aspects in this model can influence the timing of actors by delaying the 
execution, potentially changing the behavior. There is no guarantee that actors fire at the 
time they request to be fired. 
Use Ptides for deterministic DE behavior that is not influenced by execution aspects. 

44 ms. Memory: 129024K Free: 104105K (81%)
----------------- Invoking toplevel() on ptolemy.moml.MoMLSimpleApplication@67b13497
----------------- Done invoking toplevel() on ptolemy.moml.MoMLSimpleApplication@67b13497
reloadAllAccessors: .CatchUpComposite7

===========================================================================================
----------------- testing Sat Oct 10 15:44:00 UTC 2020 /home/travis/build/icyphy/ptII/ptolemy/actor/lib/hoc/test/auto/ConcurrentExecutionTimeSDF.xml
----------------- Instantiating /home/travis/build/icyphy/ptII/ptolemy/actor/lib/hoc/test/auto/ConcurrentExecutionTimeSDF.xml
Fired ExecutionTime: 40400000
Fired ExecutionTime: 40400000
Fired ExecutionTime: 40400000
Fired ExecutionTime: 40400000
Fired ExecutionTime: 40400000
Fired ExecutionTime: 40400000
Fired ExecutionTime: 40400000
Fired ExecutionTime: 40400000
Fired ExecutionTime: 40400000
Fired ExecutionTime: 40400000
Fired ExecutionTime: 40400000
Fired ExecutionTime: 40400000
Fired ExecutionTime: 40400000
Fired ExecutionTime: 40400000
Fired ExecutionTime: 40400000
Fired ExecutionTime: 40400000
Fired ExecutionTime: 40400000
Fired ExecutionTime: 40400000
Fired ExecutionTime: 40400000
Fired ExecutionTime: 40400000
650 ms. Memory: 129024K Free: 97287K (75%)
----------------- Invoking toplevel() on ptolemy.moml.MoMLSimpleApplication@2c20f6f4
----------------- Done invoking toplevel() on ptolemy.moml.MoMLSimpleApplication@2c20f6f4
reloadAllAccessors: .ConcurrentExecutionTimeSDF

===========================================================================================
----------------- testing Sat Oct 10 15:44:01 UTC 2020 /home/travis/build/icyphy/ptII/ptolemy/actor/lib/hoc/test/auto/ConcurrentSleep.xml
----------------- Instantiating /home/travis/build/icyphy/ptII/ptolemy/actor/lib/hoc/test/auto/ConcurrentSleep.xml
724 ms. Memory: 129024K Free: 86697K (67%)
----------------- Invoking toplevel() on ptolemy.moml.MoMLSimpleApplication@6de62bd9
----------------- Done invoking toplevel() on ptolemy.moml.MoMLSimpleApplication@6de62bd9
reloadAllAccessors: .ConcurrentSleep

===========================================================================================
----------------- testing Sat Oct 10 15:44:02 UTC 2020 /home/travis/build/icyphy/ptII/ptolemy/actor/lib/hoc/test/auto/DEInPNInRunCompositeActor.xml
----------------- Instantiating /home/travis/build/icyphy/ptII/ptolemy/actor/lib/hoc/test/auto/DEInPNInRunCompositeActor.xml
11 ms. Memory: 129024K Free: 81228K (63%)
----------------- Invoking toplevel() on ptolemy.moml.MoMLSimpleApplication@3a9ea610
----------------- Done invoking toplevel() on ptolemy.moml.MoMLSimpleApplication@3a9ea610
reloadAllAccessors: .DEInPNInRunCompositeActor

===========================================================================================
----------------- testing Sat Oct 10 15:44:02 UTC 2020 /home/travis/build/icyphy/ptII/ptolemy/actor/lib/hoc/test/auto/DFTSubSetTest.xml
----------------- Instantiating /home/travis/build/icyphy/ptII/ptolemy/actor/lib/hoc/test/auto/DFTSubSetTest.xml
189 ms. Memory: 129024K Free: 107811K (84%)
----------------- Invoking toplevel() on ptolemy.moml.MoMLSimpleApplication@cbdf8c9
----------------- Done invoking toplevel() on ptolemy.moml.MoMLSimpleApplication@cbdf8c9
reloadAllAccessors: .DFTSubSetTest

===========================================================================================
----------------- testing Sat Oct 10 15:44:02 UTC 2020 /home/travis/build/icyphy/ptII/ptolemy/actor/lib/hoc/test/auto/HocDE.xml
----------------- Instantiating /home/travis/build/icyphy/ptII/ptolemy/actor/lib/hoc/test/auto/HocDE.xml
124 ms. Memory: 129024K Free: 82709K (64%)
----------------- Invoking toplevel() on ptolemy.moml.MoMLSimpleApplication@7e83601b
----------------- Done invoking toplevel() on ptolemy.moml.MoMLSimpleApplication@7e83601b
reloadAllAccessors: .HocDE

===========================================================================================
----------------- testing Sat Oct 10 15:44:02 UTC 2020 /home/travis/build/icyphy/ptII/ptolemy/actor/lib/hoc/test/auto/IterateOverArray.xml
----------------- Instantiating /home/travis/build/icyphy/ptII/ptolemy/actor/lib/hoc/test/auto/IterateOverArray.xml
5 ms. Memory: 129024K Free: 78613K (61%)
----------------- Invoking toplevel() on ptolemy.moml.MoMLSimpleApplication@77de06da
----------------- Done invoking toplevel() on ptolemy.moml.MoMLSimpleApplication@77de06da
reloadAllAccessors: .IterateOverArray

===========================================================================================
----------------- testing Sat Oct 10 15:44:02 UTC 2020 /home/travis/build/icyphy/ptII/ptolemy/actor/lib/hoc/test/auto/IterateOverArray10.xml
----------------- Instantiating /home/travis/build/icyphy/ptII/ptolemy/actor/lib/hoc/test/auto/IterateOverArray10.xml
4 ms. Memory: 129024K Free: 74888K (58%)
----------------- Invoking toplevel() on ptolemy.moml.MoMLSimpleApplication@3487c334
----------------- Done invoking toplevel() on ptolemy.moml.MoMLSimpleApplication@3487c334
reloadAllAccessors: .IterateOverArray10

===========================================================================================
----------------- testing Sat Oct 10 15:44:02 UTC 2020 /home/travis/build/icyphy/ptII/ptolemy/actor/lib/hoc/test/auto/IterateOverArray11.xml
----------------- Instantiating /home/travis/build/icyphy/ptII/ptolemy/actor/lib/hoc/test/auto/IterateOverArray11.xml
3 ms. Memory: 129024K Free: 71038K (55%)
----------------- Invoking toplevel() on ptolemy.moml.MoMLSimpleApplication@1fe05a3e
----------------- Done invoking toplevel() on ptolemy.moml.MoMLSimpleApplication@1fe05a3e
reloadAllAccessors: .IterateOverArray11

===========================================================================================
----------------- testing Sat Oct 10 15:44:02 UTC 2020 /home/travis/build/icyphy/ptII/ptolemy/actor/lib/hoc/test/auto/IterateOverArray12.xml
----------------- Instantiating /home/travis/build/icyphy/ptII/ptolemy/actor/lib/hoc/test/auto/IterateOverArray12.xml
9 ms. Memory: 129024K Free: 64932K (50%)
----------------- Invoking toplevel() on ptolemy.moml.MoMLSimpleApplication@71981091
----------------- Done invoking toplevel() on ptolemy.moml.MoMLSimpleApplication@71981091
reloadAllAccessors: .IterateOverArray12

===========================================================================================
----------------- testing Sat Oct 10 15:44:02 UTC 2020 /home/travis/build/icyphy/ptII/ptolemy/actor/lib/hoc/test/auto/IterateOverArray13.xml
----------------- Instantiating /home/travis/build/icyphy/ptII/ptolemy/actor/lib/hoc/test/auto/IterateOverArray13.xml
46 ms. Memory: 129024K Free: 39332K (30%)
----------------- Invoking toplevel() on ptolemy.moml.MoMLSimpleApplication@495f95e9
----------------- Done invoking toplevel() on ptolemy.moml.MoMLSimpleApplication@495f95e9
reloadAllAccessors: .IterateOverArray13

===========================================================================================
----------------- testing Sat Oct 10 15:44:02 UTC 2020 /home/travis/build/icyphy/ptII/ptolemy/actor/lib/hoc/test/auto/IterateOverArray14.xml
----------------- Instantiating /home/travis/build/icyphy/ptII/ptolemy/actor/lib/hoc/test/auto/IterateOverArray14.xml
52 ms. Memory: 129024K Free: 79138K (61%)
----------------- Invoking toplevel() on ptolemy.moml.MoMLSimpleApplication@27c866c
----------------- Done invoking toplevel() on ptolemy.moml.MoMLSimpleApplication@27c866c
reloadAllAccessors: .IterateOverArray14

===========================================================================================
----------------- testing Sat Oct 10 15:44:02 UTC 2020 /home/travis/build/icyphy/ptII/ptolemy/actor/lib/hoc/test/auto/IterateOverArray2.xml
----------------- Instantiating /home/travis/build/icyphy/ptII/ptolemy/actor/lib/hoc/test/auto/IterateOverArray2.xml
6 ms. Memory: 129024K Free: 74517K (58%)
----------------- Invoking toplevel() on ptolemy.moml.MoMLSimpleApplication@2f3978ec
----------------- Done invoking toplevel() on ptolemy.moml.MoMLSimpleApplication@2f3978ec
reloadAllAccessors: .IterateOverArray2

===========================================================================================
----------------- testing Sat Oct 10 15:44:03 UTC 2020 /home/travis/build/icyphy/ptII/ptolemy/actor/lib/hoc/test/auto/IterateOverArray3.xml
----------------- Instantiating /home/travis/build/icyphy/ptII/ptolemy/actor/lib/hoc/test/auto/IterateOverArray3.xml
16 ms. Memory: 129024K Free: 68873K (53%)
----------------- Invoking toplevel() on ptolemy.moml.MoMLSimpleApplication@26d4a5fd
----------------- Done invoking toplevel() on ptolemy.moml.MoMLSimpleApplication@26d4a5fd
reloadAllAccessors: .IterateOverArray3

===========================================================================================
----------------- testing Sat Oct 10 15:44:03 UTC 2020 /home/travis/build/icyphy/ptII/ptolemy/actor/lib/hoc/test/auto/IterateOverArray4.xml
----------------- Instantiating /home/travis/build/icyphy/ptII/ptolemy/actor/lib/hoc/test/auto/IterateOverArray4.xml
3 ms. Memory: 129024K Free: 64802K (50%)
----------------- Invoking toplevel() on ptolemy.moml.MoMLSimpleApplication@6b755500
----------------- Done invoking toplevel() on ptolemy.moml.MoMLSimpleApplication@6b755500
reloadAllAccessors: .IterateOverArray4

===========================================================================================
----------------- testing Sat Oct 10 15:44:03 UTC 2020 /home/travis/build/icyphy/ptII/ptolemy/actor/lib/hoc/test/auto/IterateOverArray5.xml
----------------- Instantiating /home/travis/build/icyphy/ptII/ptolemy/actor/lib/hoc/test/auto/IterateOverArray5.xml
2 ms. Memory: 129024K Free: 60698K (47%)
----------------- Invoking toplevel() on ptolemy.moml.MoMLSimpleApplication@449620ec
----------------- Done invoking toplevel() on ptolemy.moml.MoMLSimpleApplication@449620ec
reloadAllAccessors: .IterateOverArray5

===========================================================================================
----------------- testing Sat Oct 10 15:44:03 UTC 2020 /home/travis/build/icyphy/ptII/ptolemy/actor/lib/hoc/test/auto/IterateOverArray6.xml
----------------- Instantiating /home/travis/build/icyphy/ptII/ptolemy/actor/lib/hoc/test/auto/IterateOverArray6.xml
2 ms. Memory: 129024K Free: 57109K (44%)
----------------- Invoking toplevel() on ptolemy.moml.MoMLSimpleApplication@4a04e2ec
----------------- Done invoking toplevel() on ptolemy.moml.MoMLSimpleApplication@4a04e2ec
reloadAllAccessors: .IterateOverArray6

===========================================================================================
----------------- testing Sat Oct 10 15:44:03 UTC 2020 /home/travis/build/icyphy/ptII/ptolemy/actor/lib/hoc/test/auto/IterateOverArray7.xml
----------------- Instantiating /home/travis/build/icyphy/ptII/ptolemy/actor/lib/hoc/test/auto/IterateOverArray7.xml
4 ms. Memory: 129024K Free: 52489K (41%)
----------------- Invoking toplevel() on ptolemy.moml.MoMLSimpleApplication@7dae0a19
----------------- Done invoking toplevel() on ptolemy.moml.MoMLSimpleApplication@7dae0a19
reloadAllAccessors: .IterateOverArray7

===========================================================================================
----------------- testing Sat Oct 10 15:44:03 UTC 2020 /home/travis/build/icyphy/ptII/ptolemy/actor/lib/hoc/test/auto/IterateOverArray8.xml
----------------- Instantiating /home/travis/build/icyphy/ptII/ptolemy/actor/lib/hoc/test/auto/IterateOverArray8.xml
4 ms. Memory: 129024K Free: 48418K (38%)
----------------- Invoking toplevel() on ptolemy.moml.MoMLSimpleApplication@56c47db2
----------------- Done invoking toplevel() on ptolemy.moml.MoMLSimpleApplication@56c47db2
reloadAllAccessors: .IterateOverArray8

===========================================================================================
----------------- testing Sat Oct 10 15:44:03 UTC 2020 /home/travis/build/icyphy/ptII/ptolemy/actor/lib/hoc/test/auto/IterateOverArray9.xml
----------------- Instantiating /home/travis/build/icyphy/ptII/ptolemy/actor/lib/hoc/test/auto/IterateOverArray9.xml
5 ms. Memory: 129024K Free: 44302K (34%)
----------------- Invoking toplevel() on ptolemy.moml.MoMLSimpleApplication@6a8abdb
----------------- Done invoking toplevel() on ptolemy.moml.MoMLSimpleApplication@6a8abdb
reloadAllAccessors: .IterateOverArray9

===========================================================================================
----------------- testing Sat Oct 10 15:44:03 UTC 2020 /home/travis/build/icyphy/ptII/ptolemy/actor/lib/hoc/test/auto/IterateOverArrayCoercedOutputType.xml
----------------- Instantiating /home/travis/build/icyphy/ptII/ptolemy/actor/lib/hoc/test/auto/IterateOverArrayCoercedOutputType.xml
5 ms. Memory: 129024K Free: 39183K (30%)
----------------- Invoking toplevel() on ptolemy.moml.MoMLSimpleApplication@4a5b6e2e
----------------- Done invoking toplevel() on ptolemy.moml.MoMLSimpleApplication@4a5b6e2e
reloadAllAccessors: .IterateOverArrayCoercedOutputType

===========================================================================================
----------------- testing Sat Oct 10 15:44:03 UTC 2020 /home/travis/build/icyphy/ptII/ptolemy/actor/lib/hoc/test/auto/IterateOverArrayInferredOutputType.xml
----------------- Instantiating /home/travis/build/icyphy/ptII/ptolemy/actor/lib/hoc/test/auto/IterateOverArrayInferredOutputType.xml
9 ms. Memory: 129024K Free: 109106K (85%)
----------------- Invoking toplevel() on ptolemy.moml.MoMLSimpleApplication@7a28e3a6
----------------- Done invoking toplevel() on ptolemy.moml.MoMLSimpleApplication@7a28e3a6
reloadAllAccessors: .IterateOverArrayInferredOutputType

===========================================================================================
----------------- testing Sat Oct 10 15:44:03 UTC 2020 /home/travis/build/icyphy/ptII/ptolemy/actor/lib/hoc/test/auto/MobileFunctionTest.xml
----------------- Instantiating /home/travis/build/icyphy/ptII/ptolemy/actor/lib/hoc/test/auto/MobileFunctionTest.xml
3 ms. Memory: 129024K Free: 104980K (81%)
----------------- Invoking toplevel() on ptolemy.moml.MoMLSimpleApplication@3bc874d9
----------------- Done invoking toplevel() on ptolemy.moml.MoMLSimpleApplication@3bc874d9
reloadAllAccessors: .MobileFunctionTest

===========================================================================================
----------------- testing Sat Oct 10 15:44:03 UTC 2020 /home/travis/build/icyphy/ptII/ptolemy/actor/lib/hoc/test/auto/MobileModelTest.xml
----------------- Instantiating /home/travis/build/icyphy/ptII/ptolemy/actor/lib/hoc/test/auto/MobileModelTest.xml
128 ms. Memory: 129024K Free: 84006K (65%)
----------------- Invoking toplevel() on ptolemy.moml.MoMLSimpleApplication@435e905f
----------------- Done invoking toplevel() on ptolemy.moml.MoMLSimpleApplication@435e905f
reloadAllAccessors: .MobileModelTest

===========================================================================================
----------------- testing Sat Oct 10 15:44:03 UTC 2020 /home/travis/build/icyphy/ptII/ptolemy/actor/lib/hoc/test/auto/ModelReference.xml
----------------- Instantiating /home/travis/build/icyphy/ptII/ptolemy/actor/lib/hoc/test/auto/ModelReference.xml
2 ms. Memory: 129024K Free: 77362K (60%)
7 ms. Memory: 129024K Free: 76850K (60%)
2 ms. Memory: 129024K Free: 75814K (59%)
4 ms. Memory: 129024K Free: 74790K (58%)
1 ms. Memory: 129024K Free: 74268K (58%)
1 ms. Memory: 129024K Free: 73266K (57%)
2 ms. Memory: 129024K Free: 72742K (56%)
2 ms. Memory: 129024K Free: 71718K (56%)
2 ms. Memory: 129024K Free: 70694K (55%)
3 ms. Memory: 129024K Free: 70172K (54%)
35 ms. Memory: 129024K Free: 70172K (54%)
----------------- Invoking toplevel() on ptolemy.moml.MoMLSimpleApplication@4035f75
----------------- Done invoking toplevel() on ptolemy.moml.MoMLSimpleApplication@4035f75
reloadAllAccessors: .ModelReference

===========================================================================================
----------------- testing Sat Oct 10 15:44:03 UTC 2020 /home/travis/build/icyphy/ptII/ptolemy/actor/lib/hoc/test/auto/ModelReference3.xml
----------------- Instantiating /home/travis/build/icyphy/ptII/ptolemy/actor/lib/hoc/test/auto/ModelReference3.xml
1 ms. Memory: 129024K Free: 65044K (50%)
5 ms. Memory: 129024K Free: 64550K (50%)
1 ms. Memory: 129024K Free: 63543K (49%)
2 ms. Memory: 129024K Free: 62988K (49%)
1 ms. Memory: 129024K Free: 61980K (48%)
1 ms. Memory: 129024K Free: 60964K (47%)
2 ms. Memory: 129024K Free: 60454K (47%)
2 ms. Memory: 129024K Free: 59430K (46%)
3 ms. Memory: 129024K Free: 58916K (46%)
1 ms. Memory: 129024K Free: 57906K (45%)
26 ms. Memory: 129024K Free: 57906K (45%)
----------------- Invoking toplevel() on ptolemy.moml.MoMLSimpleApplication@21072e16
----------------- Done invoking toplevel() on ptolemy.moml.MoMLSimpleApplication@21072e16
reloadAllAccessors: .ModelReference3

===========================================================================================
----------------- testing Sat Oct 10 15:44:03 UTC 2020 /home/travis/build/icyphy/ptII/ptolemy/actor/lib/hoc/test/auto/ModelReference4.xml
----------------- Instantiating /home/travis/build/icyphy/ptII/ptolemy/actor/lib/hoc/test/auto/ModelReference4.xml
1 ms. Memory: 129024K Free: 53286K (41%)
4 ms. Memory: 129024K Free: 51745K (40%)
2 ms. Memory: 129024K Free: 50715K (39%)
6 ms. Memory: 129024K Free: 49192K (38%)
7 ms. Memory: 129024K Free: 48179K (37%)
1 ms. Memory: 129024K Free: 47144K (37%)
2 ms. Memory: 129024K Free: 45604K (35%)
2 ms. Memory: 129024K Free: 44556K (35%)
2 ms. Memory: 129024K Free: 43058K (33%)
5 ms. Memory: 129024K Free: 42022K (33%)
10012 ms. Memory: 129024K Free: 42022K (33%)
----------------- Invoking toplevel() on ptolemy.moml.MoMLSimpleApplication@11eec8be
----------------- Done invoking toplevel() on ptolemy.moml.MoMLSimpleApplication@11eec8be
reloadAllAccessors: .ModelReference4

===========================================================================================
----------------- testing Sat Oct 10 15:44:13 UTC 2020 /home/travis/build/icyphy/ptII/ptolemy/actor/lib/hoc/test/auto/MultiInstanceComposite.xml
----------------- Instantiating /home/travis/build/icyphy/ptII/ptolemy/actor/lib/hoc/test/auto/MultiInstanceComposite.xml
35 ms. Memory: 155648K Free: 124411K (80%)
----------------- Invoking toplevel() on ptolemy.moml.MoMLSimpleApplication@5328a22f
----------------- Done invoking toplevel() on ptolemy.moml.MoMLSimpleApplication@5328a22f
reloadAllAccessors: .MultiInstanceComposite

===========================================================================================
----------------- testing Sat Oct 10 15:44:13 UTC 2020 /home/travis/build/icyphy/ptII/ptolemy/actor/lib/hoc/test/auto/MultiInstanceComposite2.xml
----------------- Instantiating /home/travis/build/icyphy/ptII/ptolemy/actor/lib/hoc/test/auto/MultiInstanceComposite2.xml
27 ms. Memory: 155648K Free: 113147K (73%)
----------------- Invoking toplevel() on ptolemy.moml.MoMLSimpleApplication@102d6010
----------------- Done invoking toplevel() on ptolemy.moml.MoMLSimpleApplication@102d6010
reloadAllAccessors: .MultiInstanceComposite2

===========================================================================================
----------------- testing Sat Oct 10 15:44:13 UTC 2020 /home/travis/build/icyphy/ptII/ptolemy/actor/lib/hoc/test/auto/MulticoreExecution.xml
----------------- Instantiating /home/travis/build/icyphy/ptII/ptolemy/actor/lib/hoc/test/auto/MulticoreExecution.xml
Fired ExecutionTime: 65600000
Fired ExecutionTime: 105200000
Fired ExecutionTime: 108800000
Fired ExecutionTime: 110000000
Fired ExecutionTime: 100400000
Fired ExecutionTime: 108000000
Fired ExecutionTime: 109200000
Fired ExecutionTime: 108400000
Fired ExecutionTime: 92000000
Fired ExecutionTime: 107600000
Fired ExecutionTime: 108800000
Fired ExecutionTime: 108800000
Fired ExecutionTime: 109600000
Fired ExecutionTime: 104800000
Fired ExecutionTime: 108000000
Fired ExecutionTime: 110000000
Fired ExecutionTime: 109600000
Fired ExecutionTime: 109200000
Fired ExecutionTime: 110000000
Fired ExecutionTime: 108800000
1036 ms. Memory: 155648K Free: 103931K (67%)
----------------- Invoking toplevel() on ptolemy.moml.MoMLSimpleApplication@1a13dfb6
----------------- Done invoking toplevel() on ptolemy.moml.MoMLSimpleApplication@1a13dfb6
reloadAllAccessors: .MulticoreExecution

===========================================================================================
----------------- testing Sat Oct 10 15:44:14 UTC 2020 /home/travis/build/icyphy/ptII/ptolemy/actor/lib/hoc/test/auto/ParallelExecution.xml
----------------- Instantiating /home/travis/build/icyphy/ptII/ptolemy/actor/lib/hoc/test/auto/ParallelExecution.xml
911 ms. Memory: 155648K Free: 96231K (62%)
----------------- Invoking toplevel() on ptolemy.moml.MoMLSimpleApplication@23501bd2
----------------- Done invoking toplevel() on ptolemy.moml.MoMLSimpleApplication@23501bd2
reloadAllAccessors: .ParallelExecution

===========================================================================================
----------------- testing Sat Oct 10 15:44:15 UTC 2020 /home/travis/build/icyphy/ptII/ptolemy/actor/lib/hoc/test/auto/RunCompositeActor.xml
----------------- Instantiating /home/travis/build/icyphy/ptII/ptolemy/actor/lib/hoc/test/auto/RunCompositeActor.xml
8 ms. Memory: 155648K Free: 89067K (57%)
----------------- Invoking toplevel() on ptolemy.moml.MoMLSimpleApplication@10df9648
----------------- Done invoking toplevel() on ptolemy.moml.MoMLSimpleApplication@10df9648
reloadAllAccessors: .RunCompositeActor

===========================================================================================
----------------- testing Sat Oct 10 15:44:15 UTC 2020 /home/travis/build/icyphy/ptII/ptolemy/actor/lib/hoc/test/auto/RunCompositeActor2.xml
----------------- Instantiating /home/travis/build/icyphy/ptII/ptolemy/actor/lib/hoc/test/auto/RunCompositeActor2.xml
5 ms. Memory: 155648K Free: 82923K (53%)
----------------- Invoking toplevel() on ptolemy.moml.MoMLSimpleApplication@3abf4e60
----------------- Done invoking toplevel() on ptolemy.moml.MoMLSimpleApplication@3abf4e60
reloadAllAccessors: .RunCompositeActor2

===========================================================================================
----------------- testing Sat Oct 10 15:44:15 UTC 2020 /home/travis/build/icyphy/ptII/ptolemy/actor/lib/hoc/test/auto/RunCompositeActor3.xml
----------------- Instantiating /home/travis/build/icyphy/ptII/ptolemy/actor/lib/hoc/test/auto/RunCompositeActor3.xml
3 ms. Memory: 155648K Free: 77307K (50%)
----------------- Invoking toplevel() on ptolemy.moml.MoMLSimpleApplication@5942dba4
----------------- Done invoking toplevel() on ptolemy.moml.MoMLSimpleApplication@5942dba4
reloadAllAccessors: .RunCompositeActor3

===========================================================================================
----------------- testing Sat Oct 10 15:44:15 UTC 2020 /home/travis/build/icyphy/ptII/ptolemy/actor/lib/hoc/test/auto/RunCompositeActor4.xml
----------------- Instantiating /home/travis/build/icyphy/ptII/ptolemy/actor/lib/hoc/test/auto/RunCompositeActor4.xml
10 ms. Memory: 155648K Free: 69115K (44%)
----------------- Invoking toplevel() on ptolemy.moml.MoMLSimpleApplication@48fffd8a
----------------- Done invoking toplevel() on ptolemy.moml.MoMLSimpleApplication@48fffd8a
reloadAllAccessors: .RunCompositeActor4

===========================================================================================
----------------- testing Sat Oct 10 15:44:15 UTC 2020 /home/travis/build/icyphy/ptII/ptolemy/actor/lib/hoc/test/auto/RunCompositeIterateOverArray.xml
----------------- Instantiating /home/travis/build/icyphy/ptII/ptolemy/actor/lib/hoc/test/auto/RunCompositeIterateOverArray.xml
5 ms. Memory: 155648K Free: 63481K (41%)
----------------- Invoking toplevel() on ptolemy.moml.MoMLSimpleApplication@4a0b77b7
----------------- Done invoking toplevel() on ptolemy.moml.MoMLSimpleApplication@4a0b77b7
reloadAllAccessors: .RunCompositeIterateOverArray

===========================================================================================
----------------- testing Sat Oct 10 15:44:15 UTC 2020 /home/travis/build/icyphy/ptII/ptolemy/actor/lib/hoc/test/auto/ThreadedJS.xml
----------------- Instantiating /home/travis/build/icyphy/ptII/ptolemy/actor/lib/hoc/test/auto/ThreadedJS.xml
4727 ms. Memory: 187392K Free: 73541K (39%)
----------------- Invoking toplevel() on ptolemy.moml.MoMLSimpleApplication@1ac32a48
----------------- Done invoking toplevel() on ptolemy.moml.MoMLSimpleApplication@1ac32a48
reloadAllAccessors: .ThreadedJS
AutoTests.java: About to close Vertx.
AutoTests.java: Vertx closed.
]]></system-out>
  <system-err><![CDATA[java.lang.RuntimeException: Execution failed
	at ptolemy.moml.MoMLSimpleApplication$UnloadThread.run(MoMLSimpleApplication.java:402)
Caused by: ptolemy.kernel.util.IllegalActionException: initialize() was called after wrapup() was called but preinitialize() was not called after wrapup().
	at ptolemy.actor.lib.hoc.test.PreinitializeMustBeInvoked.initialize(PreinitializeMustBeInvoked.java:78)
	at ptolemy.actor.Director.initialize(Director.java:938)
	at ptolemy.actor.Director.initialize(Director.java:907)
	at ptolemy.actor.sched.StaticSchedulingDirector.initialize(StaticSchedulingDirector.java:159)
	at ptolemy.domains.sdf.kernel.SDFDirector.initialize(SDFDirector.java:544)
	at ptolemy.actor.CompositeActor.initialize(CompositeActor.java:935)
	at ptolemy.actor.lib.hoc.LifeCycleManager._executeInsideModel(LifeCycleManager.java:339)
	at ptolemy.actor.lib.hoc.RunCompositeActor.fire(RunCompositeActor.java:205)
	at ptolemy.actor.CompositeActor.iterate(CompositeActor.java:1146)
	at ptolemy.actor.sched.StaticSchedulingDirector.fire(StaticSchedulingDirector.java:216)
	at ptolemy.domains.sdf.kernel.SDFDirector.fire(SDFDirector.java:500)
	at ptolemy.actor.CompositeActor.fire(CompositeActor.java:455)
	at ptolemy.actor.Manager.iterate(Manager.java:851)
	at ptolemy.actor.Manager.execute(Manager.java:369)
	at ptolemy.actor.Manager.run(Manager.java:1263)
	at ptolemy.actor.Manager$PtolemyRunThread.run(Manager.java:1933)
java.lang.reflect.InvocationTargetException
	at java.base/jdk.internal.reflect.NativeConstructorAccessorImpl.newInstance0(Native Method)
	at java.base/jdk.internal.reflect.NativeConstructorAccessorImpl.newInstance(NativeConstructorAccessorImpl.java:62)
	at java.base/jdk.internal.reflect.DelegatingConstructorAccessorImpl.newInstance(DelegatingConstructorAccessorImpl.java:45)
	at java.base/java.lang.reflect.Constructor.newInstance(Constructor.java:490)
	at ptolemy.util.test.junit.AutoKnownFailedTests.RunModel(AutoKnownFailedTests.java:105)
	at java.base/jdk.internal.reflect.NativeMethodAccessorImpl.invoke0(Native Method)
	at java.base/jdk.internal.reflect.NativeMethodAccessorImpl.invoke(NativeMethodAccessorImpl.java:62)
	at java.base/jdk.internal.reflect.DelegatingMethodAccessorImpl.invoke(DelegatingMethodAccessorImpl.java:43)
	at java.base/java.lang.reflect.Method.invoke(Method.java:566)
	at org.junit.runners.model.FrameworkMethod$1.runReflectiveCall(FrameworkMethod.java:44)
	at org.junit.internal.runners.model.ReflectiveCallable.run(ReflectiveCallable.java:15)
	at org.junit.runners.model.FrameworkMethod.invokeExplosively(FrameworkMethod.java:41)
	at junitparams.internal.InvokeParameterisedMethod.evaluate(InvokeParameterisedMethod.java:102)
	at org.junit.internal.runners.statements.FailOnTimeout$1.run(FailOnTimeout.java:28)
Caused by: ptolemy.kernel.util.IllegalActionException: initialize() was called after wrapup() was called but preinitialize() was not called after wrapup().
	at ptolemy.actor.lib.hoc.test.PreinitializeMustBeInvoked.initialize(PreinitializeMustBeInvoked.java:78)
	at ptolemy.actor.Director.initialize(Director.java:938)
	at ptolemy.actor.Director.initialize(Director.java:907)
	at ptolemy.actor.sched.StaticSchedulingDirector.initialize(StaticSchedulingDirector.java:159)
	at ptolemy.domains.sdf.kernel.SDFDirector.initialize(SDFDirector.java:544)
	at ptolemy.actor.CompositeActor.initialize(CompositeActor.java:935)
	at ptolemy.actor.lib.hoc.LifeCycleManager._executeInsideModel(LifeCycleManager.java:339)
	at ptolemy.actor.lib.hoc.RunCompositeActor.fire(RunCompositeActor.java:205)
	at ptolemy.actor.CompositeActor.iterate(CompositeActor.java:1146)
	at ptolemy.actor.sched.StaticSchedulingDirector.fire(StaticSchedulingDirector.java:216)
	at ptolemy.domains.sdf.kernel.SDFDirector.fire(SDFDirector.java:500)
	at ptolemy.actor.CompositeActor.fire(CompositeActor.java:455)
	at ptolemy.actor.Manager.iterate(Manager.java:851)
	at ptolemy.actor.Manager.execute(Manager.java:369)
	at ptolemy.actor.Manager.run(Manager.java:1263)
	at ptolemy.actor.Manager$PtolemyRunThread.run(Manager.java:1933)
Warning: Nashorn engine is planned to be removed from a future JDK release
Warning: Nashorn engine is planned to be removed from a future JDK release
Warning: Nashorn engine is planned to be removed from a future JDK release
Warning: Nashorn engine is planned to be removed from a future JDK release
Warning: Nashorn engine is planned to be removed from a future JDK release
Warning: Nashorn engine is planned to be removed from a future JDK release
Warning: Nashorn engine is planned to be removed from a future JDK release
Warning: Nashorn engine is planned to be removed from a future JDK release
]]></system-err>
</testsuite>
