<?xml version="1.0" encoding="UTF-8" ?>
<testsuite errors="0" failures="0" hostname="travis-job-bf789119-1c57-4fa3-bfc0-ac435f5b64a9" name="ptolemy.actor.lib.hoc.test.junit.JUnitTclTest" skipped="0" tests="58" time="23.817" timestamp="2019-03-21T03:44:32">
  <properties>
[...]
</properties>
  <testcase classname="ptolemy.util.test.junit.TclTests" name="[0] /home/travis/build/icyphy/ptII/ptolemy/actor/lib/hoc/test/IterateOverArray.tcl (RunTclFile)" time="0.299" />
  <testcase classname="ptolemy.util.test.junit.AutoKnownFailedTests" name="[0] /home/travis/build/icyphy/ptII/ptolemy/actor/lib/hoc/test/auto/knownFailedTests/PreinitializeMustBeInvokedRunComposite.xml (RunModel)" time="0.231" />
  <testcase classname="ptolemy.util.test.junit.AutoNameArchTests" name="[0] ThereAreNoAutoArchTests (RunModel)" time="0.002" />
  <testcase classname="ptolemy.util.test.junit.AutoTests" name="[0] /home/travis/build/icyphy/ptII/ptolemy/actor/lib/hoc/test/auto/AllToAllMultiInstanceComposite.xml (RunModel)" time="0.242" />
  <testcase classname="ptolemy.util.test.junit.AutoTests" name="[1] /home/travis/build/icyphy/ptII/ptolemy/actor/lib/hoc/test/auto/ApplyFFTTest.xml (RunModel)" time="0.262" />
  <testcase classname="ptolemy.util.test.junit.AutoTests" name="[2] /home/travis/build/icyphy/ptII/ptolemy/actor/lib/hoc/test/auto/ApplyFunction.xml (RunModel)" time="0.031" />
  <testcase classname="ptolemy.util.test.junit.AutoTests" name="[3] /home/travis/build/icyphy/ptII/ptolemy/actor/lib/hoc/test/auto/BackgroundExecution.xml (RunModel)" time="0.702" />
  <testcase classname="ptolemy.util.test.junit.AutoTests" name="[4] /home/travis/build/icyphy/ptII/ptolemy/actor/lib/hoc/test/auto/Case.xml (RunModel)" time="0.066" />
  <testcase classname="ptolemy.util.test.junit.AutoTests" name="[5] /home/travis/build/icyphy/ptII/ptolemy/actor/lib/hoc/test/auto/Case1.xml (RunModel)" time="0.086" />
  <testcase classname="ptolemy.util.test.junit.AutoTests" name="[6] /home/travis/build/icyphy/ptII/ptolemy/actor/lib/hoc/test/auto/Case2.xml (RunModel)" time="0.117" />
  <testcase classname="ptolemy.util.test.junit.AutoTests" name="[7] /home/travis/build/icyphy/ptII/ptolemy/actor/lib/hoc/test/auto/Case3.xml (RunModel)" time="0.05" />
  <testcase classname="ptolemy.util.test.junit.AutoTests" name="[8] /home/travis/build/icyphy/ptII/ptolemy/actor/lib/hoc/test/auto/Case4.xml (RunModel)" time="0.056" />
  <testcase classname="ptolemy.util.test.junit.AutoTests" name="[9] /home/travis/build/icyphy/ptII/ptolemy/actor/lib/hoc/test/auto/Case5.xml (RunModel)" time="0.06" />
  <testcase classname="ptolemy.util.test.junit.AutoTests" name="[10] /home/travis/build/icyphy/ptII/ptolemy/actor/lib/hoc/test/auto/Case6.xml (RunModel)" time="0.11" />
  <testcase classname="ptolemy.util.test.junit.AutoTests" name="[11] /home/travis/build/icyphy/ptII/ptolemy/actor/lib/hoc/test/auto/CaseString2.xml (RunModel)" time="0.057" />
  <testcase classname="ptolemy.util.test.junit.AutoTests" name="[12] /home/travis/build/icyphy/ptII/ptolemy/actor/lib/hoc/test/auto/CatchUpComposite1.xml (RunModel)" time="0.086" />
  <testcase classname="ptolemy.util.test.junit.AutoTests" name="[13] /home/travis/build/icyphy/ptII/ptolemy/actor/lib/hoc/test/auto/CatchUpComposite2.xml (RunModel)" time="0.06" />
  <testcase classname="ptolemy.util.test.junit.AutoTests" name="[14] /home/travis/build/icyphy/ptII/ptolemy/actor/lib/hoc/test/auto/CatchUpComposite3.xml (RunModel)" time="0.051" />
  <testcase classname="ptolemy.util.test.junit.AutoTests" name="[15] /home/travis/build/icyphy/ptII/ptolemy/actor/lib/hoc/test/auto/CatchUpComposite4.xml (RunModel)" time="0.054" />
  <testcase classname="ptolemy.util.test.junit.AutoTests" name="[16] /home/travis/build/icyphy/ptII/ptolemy/actor/lib/hoc/test/auto/CatchUpComposite5.xml (RunModel)" time="0.041" />
  <testcase classname="ptolemy.util.test.junit.AutoTests" name="[17] /home/travis/build/icyphy/ptII/ptolemy/actor/lib/hoc/test/auto/CatchUpComposite6.xml (RunModel)" time="0.156" />
  <testcase classname="ptolemy.util.test.junit.AutoTests" name="[18] /home/travis/build/icyphy/ptII/ptolemy/actor/lib/hoc/test/auto/CatchUpComposite7.xml (RunModel)" time="0.101" />
  <testcase classname="ptolemy.util.test.junit.AutoTests" name="[19] /home/travis/build/icyphy/ptII/ptolemy/actor/lib/hoc/test/auto/ConcurrentExecutionTimeSDF.xml (RunModel)" time="1.138" />
  <testcase classname="ptolemy.util.test.junit.AutoTests" name="[20] /home/travis/build/icyphy/ptII/ptolemy/actor/lib/hoc/test/auto/ConcurrentSleep.xml (RunModel)" time="0.767" />
  <testcase classname="ptolemy.util.test.junit.AutoTests" name="[21] /home/travis/build/icyphy/ptII/ptolemy/actor/lib/hoc/test/auto/DEInPNInRunCompositeActor.xml (RunModel)" time="0.037" />
  <testcase classname="ptolemy.util.test.junit.AutoTests" name="[22] /home/travis/build/icyphy/ptII/ptolemy/actor/lib/hoc/test/auto/DFTSubSetTest.xml (RunModel)" time="0.269" />
  <testcase classname="ptolemy.util.test.junit.AutoTests" name="[23] /home/travis/build/icyphy/ptII/ptolemy/actor/lib/hoc/test/auto/HocDE.xml (RunModel)" time="0.156" />
  <testcase classname="ptolemy.util.test.junit.AutoTests" name="[24] /home/travis/build/icyphy/ptII/ptolemy/actor/lib/hoc/test/auto/IterateOverArray.xml (RunModel)" time="0.03" />
  <testcase classname="ptolemy.util.test.junit.AutoTests" name="[25] /home/travis/build/icyphy/ptII/ptolemy/actor/lib/hoc/test/auto/IterateOverArray10.xml (RunModel)" time="0.034" />
  <testcase classname="ptolemy.util.test.junit.AutoTests" name="[26] /home/travis/build/icyphy/ptII/ptolemy/actor/lib/hoc/test/auto/IterateOverArray11.xml (RunModel)" time="0.027" />
  <testcase classname="ptolemy.util.test.junit.AutoTests" name="[27] /home/travis/build/icyphy/ptII/ptolemy/actor/lib/hoc/test/auto/IterateOverArray12.xml (RunModel)" time="0.041" />
  <testcase classname="ptolemy.util.test.junit.AutoTests" name="[28] /home/travis/build/icyphy/ptII/ptolemy/actor/lib/hoc/test/auto/IterateOverArray13.xml (RunModel)" time="0.131" />
  <testcase classname="ptolemy.util.test.junit.AutoTests" name="[29] /home/travis/build/icyphy/ptII/ptolemy/actor/lib/hoc/test/auto/IterateOverArray14.xml (RunModel)" time="0.165" />
  <testcase classname="ptolemy.util.test.junit.AutoTests" name="[30] /home/travis/build/icyphy/ptII/ptolemy/actor/lib/hoc/test/auto/IterateOverArray2.xml (RunModel)" time="0.029" />
  <testcase classname="ptolemy.util.test.junit.AutoTests" name="[31] /home/travis/build/icyphy/ptII/ptolemy/actor/lib/hoc/test/auto/IterateOverArray3.xml (RunModel)" time="0.05" />
  <testcase classname="ptolemy.util.test.junit.AutoTests" name="[32] /home/travis/build/icyphy/ptII/ptolemy/actor/lib/hoc/test/auto/IterateOverArray4.xml (RunModel)" time="0.033" />
  <testcase classname="ptolemy.util.test.junit.AutoTests" name="[33] /home/travis/build/icyphy/ptII/ptolemy/actor/lib/hoc/test/auto/IterateOverArray5.xml (RunModel)" time="0.022" />
  <testcase classname="ptolemy.util.test.junit.AutoTests" name="[34] /home/travis/build/icyphy/ptII/ptolemy/actor/lib/hoc/test/auto/IterateOverArray6.xml (RunModel)" time="0.017" />
  <testcase classname="ptolemy.util.test.junit.AutoTests" name="[35] /home/travis/build/icyphy/ptII/ptolemy/actor/lib/hoc/test/auto/IterateOverArray7.xml (RunModel)" time="0.02" />
  <testcase classname="ptolemy.util.test.junit.AutoTests" name="[36] /home/travis/build/icyphy/ptII/ptolemy/actor/lib/hoc/test/auto/IterateOverArray8.xml (RunModel)" time="0.024" />
  <testcase classname="ptolemy.util.test.junit.AutoTests" name="[37] /home/travis/build/icyphy/ptII/ptolemy/actor/lib/hoc/test/auto/IterateOverArray9.xml (RunModel)" time="0.025" />
  <testcase classname="ptolemy.util.test.junit.AutoTests" name="[38] /home/travis/build/icyphy/ptII/ptolemy/actor/lib/hoc/test/auto/IterateOverArrayCoercedOutputType.xml (RunModel)" time="0.042" />
  <testcase classname="ptolemy.util.test.junit.AutoTests" name="[39] /home/travis/build/icyphy/ptII/ptolemy/actor/lib/hoc/test/auto/IterateOverArrayInferredOutputType.xml (RunModel)" time="0.038" />
  <testcase classname="ptolemy.util.test.junit.AutoTests" name="[40] /home/travis/build/icyphy/ptII/ptolemy/actor/lib/hoc/test/auto/MobileFunctionTest.xml (RunModel)" time="0.027" />
  <testcase classname="ptolemy.util.test.junit.AutoTests" name="[41] /home/travis/build/icyphy/ptII/ptolemy/actor/lib/hoc/test/auto/MobileModelTest.xml (RunModel)" time="0.123" />
  <testcase classname="ptolemy.util.test.junit.AutoTests" name="[42] /home/travis/build/icyphy/ptII/ptolemy/actor/lib/hoc/test/auto/ModelReference.xml (RunModel)" time="0.091" />
  <testcase classname="ptolemy.util.test.junit.AutoTests" name="[43] /home/travis/build/icyphy/ptII/ptolemy/actor/lib/hoc/test/auto/ModelReference3.xml (RunModel)" time="0.071" />
  <testcase classname="ptolemy.util.test.junit.AutoTests" name="[44] /home/travis/build/icyphy/ptII/ptolemy/actor/lib/hoc/test/auto/ModelReference4.xml (RunModel)" time="10.035" />
  <testcase classname="ptolemy.util.test.junit.AutoTests" name="[45] /home/travis/build/icyphy/ptII/ptolemy/actor/lib/hoc/test/auto/MultiInstanceComposite.xml (RunModel)" time="0.053" />
  <testcase classname="ptolemy.util.test.junit.AutoTests" name="[46] /home/travis/build/icyphy/ptII/ptolemy/actor/lib/hoc/test/auto/MultiInstanceComposite2.xml (RunModel)" time="0.045" />
  <testcase classname="ptolemy.util.test.junit.AutoTests" name="[47] /home/travis/build/icyphy/ptII/ptolemy/actor/lib/hoc/test/auto/MulticoreExecution.xml (RunModel)" time="1.127" />
  <testcase classname="ptolemy.util.test.junit.AutoTests" name="[48] /home/travis/build/icyphy/ptII/ptolemy/actor/lib/hoc/test/auto/ParallelExecution.xml (RunModel)" time="0.931" />
  <testcase classname="ptolemy.util.test.junit.AutoTests" name="[49] /home/travis/build/icyphy/ptII/ptolemy/actor/lib/hoc/test/auto/RunCompositeActor.xml (RunModel)" time="0.027" />
  <testcase classname="ptolemy.util.test.junit.AutoTests" name="[50] /home/travis/build/icyphy/ptII/ptolemy/actor/lib/hoc/test/auto/RunCompositeActor2.xml (RunModel)" time="0.02" />
  <testcase classname="ptolemy.util.test.junit.AutoTests" name="[51] /home/travis/build/icyphy/ptII/ptolemy/actor/lib/hoc/test/auto/RunCompositeActor3.xml (RunModel)" time="0.023" />
  <testcase classname="ptolemy.util.test.junit.AutoTests" name="[52] /home/travis/build/icyphy/ptII/ptolemy/actor/lib/hoc/test/auto/RunCompositeActor4.xml (RunModel)" time="0.047" />
  <testcase classname="ptolemy.util.test.junit.AutoTests" name="[53] /home/travis/build/icyphy/ptII/ptolemy/actor/lib/hoc/test/auto/RunCompositeIterateOverArray.xml (RunModel)" time="0.026" />
  <testcase classname="ptolemy.util.test.junit.AutoTests" name="[54] /home/travis/build/icyphy/ptII/ptolemy/actor/lib/hoc/test/auto/ThreadedJS.xml (RunModel)" time="4.688" />
  <system-out><![CDATA[/home/travis/build/icyphy/ptII/ptolemy/actor/lib/hoc/test/IterateOverArray.tcl
testDefs.tcl: setting time out to 9000 seconds at Thu Mar 21 03:44:32 UTC 2019
03/21/19 03:44:33
Failed: 0  Total Tests: 2  ((Passed: 2, Newly Passed: 0)  Known Failed: 0) /home/travis/build/icyphy/ptII/ptolemy/actor/lib/hoc/test
----------------- testing (KnownFailure) /home/travis/build/icyphy/ptII/ptolemy/actor/lib/hoc/test/auto/knownFailedTests/PreinitializeMustBeInvokedRunComposite.xml
38 ms. Memory: 116224K Free: 106949K (92%)
Known Failure: java.lang.reflect.InvocationTargetException
No auto/linux-amd64/*.xml tests in /home/travis/build/icyphy/ptII/ptolemy/actor/lib/hoc/test
AutoTests.java: About to close Vertx.
AutoTests.java: Vertx closed.

===========================================================================================
----------------- testing Thu Mar 21 03:44:33 UTC 2019 /home/travis/build/icyphy/ptII/ptolemy/actor/lib/hoc/test/auto/AllToAllMultiInstanceComposite.xml
----------------- Instantiating /home/travis/build/icyphy/ptII/ptolemy/actor/lib/hoc/test/auto/AllToAllMultiInstanceComposite.xml
89 ms. Memory: 146944K Free: 121181K (82%)
----------------- Invoking toplevel() on ptolemy.moml.MoMLSimpleApplication@19cdc77d
----------------- Done invoking toplevel() on ptolemy.moml.MoMLSimpleApplication@19cdc77d
reloadAllAccessors: .AllToAllMultiInstanceComposite

===========================================================================================
----------------- testing Thu Mar 21 03:44:33 UTC 2019 /home/travis/build/icyphy/ptII/ptolemy/actor/lib/hoc/test/auto/ApplyFFTTest.xml
----------------- Instantiating /home/travis/build/icyphy/ptII/ptolemy/actor/lib/hoc/test/auto/ApplyFFTTest.xml
100 ms. Memory: 146944K Free: 100662K (69%)
----------------- Invoking toplevel() on ptolemy.moml.MoMLSimpleApplication@6c1bbc21
----------------- Done invoking toplevel() on ptolemy.moml.MoMLSimpleApplication@6c1bbc21
reloadAllAccessors: .ApplyFFTTest

===========================================================================================
----------------- testing Thu Mar 21 03:44:34 UTC 2019 /home/travis/build/icyphy/ptII/ptolemy/actor/lib/hoc/test/auto/ApplyFunction.xml
----------------- Instantiating /home/travis/build/icyphy/ptII/ptolemy/actor/lib/hoc/test/auto/ApplyFunction.xml
7 ms. Memory: 146944K Free: 97329K (66%)
----------------- Invoking toplevel() on ptolemy.moml.MoMLSimpleApplication@6e99b078
----------------- Done invoking toplevel() on ptolemy.moml.MoMLSimpleApplication@6e99b078
reloadAllAccessors: .ApplyFunction

===========================================================================================
----------------- testing Thu Mar 21 03:44:34 UTC 2019 /home/travis/build/icyphy/ptII/ptolemy/actor/lib/hoc/test/auto/BackgroundExecution.xml
----------------- Instantiating /home/travis/build/icyphy/ptII/ptolemy/actor/lib/hoc/test/auto/BackgroundExecution.xml
628 ms. Memory: 146944K Free: 89779K (61%)
----------------- Invoking toplevel() on ptolemy.moml.MoMLSimpleApplication@3ac81bb7
----------------- Done invoking toplevel() on ptolemy.moml.MoMLSimpleApplication@3ac81bb7
reloadAllAccessors: .BackgroundExecution

===========================================================================================
----------------- testing Thu Mar 21 03:44:34 UTC 2019 /home/travis/build/icyphy/ptII/ptolemy/actor/lib/hoc/test/auto/Case.xml
----------------- Instantiating /home/travis/build/icyphy/ptII/ptolemy/actor/lib/hoc/test/auto/Case.xml
18 ms. Memory: 146944K Free: 81258K (55%)
----------------- Invoking toplevel() on ptolemy.moml.MoMLSimpleApplication@3b23502
----------------- Done invoking toplevel() on ptolemy.moml.MoMLSimpleApplication@3b23502
reloadAllAccessors: .Case

===========================================================================================
----------------- testing Thu Mar 21 03:44:34 UTC 2019 /home/travis/build/icyphy/ptII/ptolemy/actor/lib/hoc/test/auto/Case1.xml
----------------- Instantiating /home/travis/build/icyphy/ptII/ptolemy/actor/lib/hoc/test/auto/Case1.xml
16 ms. Memory: 146944K Free: 136082K (93%)
----------------- Invoking toplevel() on ptolemy.moml.MoMLSimpleApplication@3796ffd1
----------------- Done invoking toplevel() on ptolemy.moml.MoMLSimpleApplication@3796ffd1
reloadAllAccessors: .Case1

===========================================================================================
----------------- testing Thu Mar 21 03:44:34 UTC 2019 /home/travis/build/icyphy/ptII/ptolemy/actor/lib/hoc/test/auto/Case2.xml
----------------- Instantiating /home/travis/build/icyphy/ptII/ptolemy/actor/lib/hoc/test/auto/Case2.xml
37 ms. Memory: 146944K Free: 124654K (85%)
----------------- Invoking toplevel() on ptolemy.moml.MoMLSimpleApplication@6749311d
----------------- Done invoking toplevel() on ptolemy.moml.MoMLSimpleApplication@6749311d
reloadAllAccessors: .Case2

===========================================================================================
----------------- testing Thu Mar 21 03:44:35 UTC 2019 /home/travis/build/icyphy/ptII/ptolemy/actor/lib/hoc/test/auto/Case3.xml
----------------- Instantiating /home/travis/build/icyphy/ptII/ptolemy/actor/lib/hoc/test/auto/Case3.xml
15 ms. Memory: 146944K Free: 118461K (81%)
----------------- Invoking toplevel() on ptolemy.moml.MoMLSimpleApplication@1ff0e68b
----------------- Done invoking toplevel() on ptolemy.moml.MoMLSimpleApplication@1ff0e68b
reloadAllAccessors: .Case3

===========================================================================================
----------------- testing Thu Mar 21 03:44:35 UTC 2019 /home/travis/build/icyphy/ptII/ptolemy/actor/lib/hoc/test/auto/Case4.xml
----------------- Instantiating /home/travis/build/icyphy/ptII/ptolemy/actor/lib/hoc/test/auto/Case4.xml
16 ms. Memory: 146944K Free: 109771K (75%)
----------------- Invoking toplevel() on ptolemy.moml.MoMLSimpleApplication@7a14f90a
----------------- Done invoking toplevel() on ptolemy.moml.MoMLSimpleApplication@7a14f90a
reloadAllAccessors: .Case4

===========================================================================================
----------------- testing Thu Mar 21 03:44:35 UTC 2019 /home/travis/build/icyphy/ptII/ptolemy/actor/lib/hoc/test/auto/Case5.xml
----------------- Instantiating /home/travis/build/icyphy/ptII/ptolemy/actor/lib/hoc/test/auto/Case5.xml
35 ms. Memory: 146944K Free: 103033K (70%)
----------------- Invoking toplevel() on ptolemy.moml.MoMLSimpleApplication@58ce0f0
----------------- Done invoking toplevel() on ptolemy.moml.MoMLSimpleApplication@58ce0f0
reloadAllAccessors: .junk

===========================================================================================
----------------- testing Thu Mar 21 03:44:35 UTC 2019 /home/travis/build/icyphy/ptII/ptolemy/actor/lib/hoc/test/auto/Case6.xml
----------------- Instantiating /home/travis/build/icyphy/ptII/ptolemy/actor/lib/hoc/test/auto/Case6.xml
36 ms. Memory: 146944K Free: 89468K (61%)
----------------- Invoking toplevel() on ptolemy.moml.MoMLSimpleApplication@64fa14e2
----------------- Done invoking toplevel() on ptolemy.moml.MoMLSimpleApplication@64fa14e2
reloadAllAccessors: .Case6

===========================================================================================
----------------- testing Thu Mar 21 03:44:35 UTC 2019 /home/travis/build/icyphy/ptII/ptolemy/actor/lib/hoc/test/auto/CaseString2.xml
----------------- Instantiating /home/travis/build/icyphy/ptII/ptolemy/actor/lib/hoc/test/auto/CaseString2.xml
17 ms. Memory: 146944K Free: 81566K (56%)
----------------- Invoking toplevel() on ptolemy.moml.MoMLSimpleApplication@5e44b6ad
----------------- Done invoking toplevel() on ptolemy.moml.MoMLSimpleApplication@5e44b6ad
reloadAllAccessors: .CaseString2

===========================================================================================
----------------- testing Thu Mar 21 03:44:35 UTC 2019 /home/travis/build/icyphy/ptII/ptolemy/actor/lib/hoc/test/auto/CatchUpComposite1.xml
----------------- Instantiating /home/travis/build/icyphy/ptII/ptolemy/actor/lib/hoc/test/auto/CatchUpComposite1.xml
20 ms. Memory: 208384K Free: 194528K (93%)
----------------- Invoking toplevel() on ptolemy.moml.MoMLSimpleApplication@4bd53dd0
----------------- Done invoking toplevel() on ptolemy.moml.MoMLSimpleApplication@4bd53dd0
reloadAllAccessors: .CatchUpComposite1

===========================================================================================
----------------- testing Thu Mar 21 03:44:35 UTC 2019 /home/travis/build/icyphy/ptII/ptolemy/actor/lib/hoc/test/auto/CatchUpComposite2.xml
----------------- Instantiating /home/travis/build/icyphy/ptII/ptolemy/actor/lib/hoc/test/auto/CatchUpComposite2.xml
19 ms. Memory: 208384K Free: 184628K (89%)
----------------- Invoking toplevel() on ptolemy.moml.MoMLSimpleApplication@b60448c
----------------- Done invoking toplevel() on ptolemy.moml.MoMLSimpleApplication@b60448c
reloadAllAccessors: .CatchUpComposite2

===========================================================================================
----------------- testing Thu Mar 21 03:44:35 UTC 2019 /home/travis/build/icyphy/ptII/ptolemy/actor/lib/hoc/test/auto/CatchUpComposite3.xml
----------------- Instantiating /home/travis/build/icyphy/ptII/ptolemy/actor/lib/hoc/test/auto/CatchUpComposite3.xml
11 ms. Memory: 208384K Free: 174768K (84%)
----------------- Invoking toplevel() on ptolemy.moml.MoMLSimpleApplication@251e118c
----------------- Done invoking toplevel() on ptolemy.moml.MoMLSimpleApplication@251e118c
reloadAllAccessors: .CatchUpComposite3

===========================================================================================
----------------- testing Thu Mar 21 03:44:35 UTC 2019 /home/travis/build/icyphy/ptII/ptolemy/actor/lib/hoc/test/auto/CatchUpComposite4.xml
----------------- Instantiating /home/travis/build/icyphy/ptII/ptolemy/actor/lib/hoc/test/auto/CatchUpComposite4.xml
15 ms. Memory: 208384K Free: 164867K (79%)
----------------- Invoking toplevel() on ptolemy.moml.MoMLSimpleApplication@6ef33a66
----------------- Done invoking toplevel() on ptolemy.moml.MoMLSimpleApplication@6ef33a66
reloadAllAccessors: .CatchUpComposite4

===========================================================================================
----------------- testing Thu Mar 21 03:44:35 UTC 2019 /home/travis/build/icyphy/ptII/ptolemy/actor/lib/hoc/test/auto/CatchUpComposite5.xml
----------------- Instantiating /home/travis/build/icyphy/ptII/ptolemy/actor/lib/hoc/test/auto/CatchUpComposite5.xml
11 ms. Memory: 208384K Free: 155856K (75%)
----------------- Invoking toplevel() on ptolemy.moml.MoMLSimpleApplication@6c031786
----------------- Done invoking toplevel() on ptolemy.moml.MoMLSimpleApplication@6c031786
reloadAllAccessors: .CatchUpComposite5

===========================================================================================
----------------- testing Thu Mar 21 03:44:35 UTC 2019 /home/travis/build/icyphy/ptII/ptolemy/actor/lib/hoc/test/auto/CatchUpComposite6.xml
----------------- Instantiating /home/travis/build/icyphy/ptII/ptolemy/actor/lib/hoc/test/auto/CatchUpComposite6.xml
WARNING: The execution aspects in this model can influence the timing of actors by delaying the 
execution, potentially changing the behavior. There is no guarantee that actors fire at the 
time they request to be fired. 
Use Ptides for deterministic DE behavior that is not influenced by execution aspects. 

85 ms. Memory: 208384K Free: 138611K (67%)
----------------- Invoking toplevel() on ptolemy.moml.MoMLSimpleApplication@7e01aff1
----------------- Done invoking toplevel() on ptolemy.moml.MoMLSimpleApplication@7e01aff1
reloadAllAccessors: .CatchUpComposite6

===========================================================================================
----------------- testing Thu Mar 21 03:44:35 UTC 2019 /home/travis/build/icyphy/ptII/ptolemy/actor/lib/hoc/test/auto/CatchUpComposite7.xml
----------------- Instantiating /home/travis/build/icyphy/ptII/ptolemy/actor/lib/hoc/test/auto/CatchUpComposite7.xml
WARNING: The execution aspects in this model can influence the timing of actors by delaying the 
execution, potentially changing the behavior. There is no guarantee that actors fire at the 
time they request to be fired. 
Use Ptides for deterministic DE behavior that is not influenced by execution aspects. 

45 ms. Memory: 208384K Free: 122072K (59%)
----------------- Invoking toplevel() on ptolemy.moml.MoMLSimpleApplication@366d4624
----------------- Done invoking toplevel() on ptolemy.moml.MoMLSimpleApplication@366d4624
reloadAllAccessors: .CatchUpComposite7

===========================================================================================
----------------- testing Thu Mar 21 03:44:35 UTC 2019 /home/travis/build/icyphy/ptII/ptolemy/actor/lib/hoc/test/auto/ConcurrentExecutionTimeSDF.xml
----------------- Instantiating /home/travis/build/icyphy/ptII/ptolemy/actor/lib/hoc/test/auto/ConcurrentExecutionTimeSDF.xml
Fired ExecutionTime: 40400000
Fired ExecutionTime: 40400000
Fired ExecutionTime: 40400000
Fired ExecutionTime: 40400000
Fired ExecutionTime: 40400000
Fired ExecutionTime: 40400000
Fired ExecutionTime: 40400000
Fired ExecutionTime: 40400000
Fired ExecutionTime: 40400000
Fired ExecutionTime: 40400000
Fired ExecutionTime: 40400000
Fired ExecutionTime: 40400000
Fired ExecutionTime: 40400000
Fired ExecutionTime: 40400000
Fired ExecutionTime: 40400000
Fired ExecutionTime: 40400000
Fired ExecutionTime: 40400000
Fired ExecutionTime: 40400000
Fired ExecutionTime: 40400000
Fired ExecutionTime: 40400000
1111 ms. Memory: 208384K Free: 113880K (55%)
----------------- Invoking toplevel() on ptolemy.moml.MoMLSimpleApplication@5538f32
----------------- Done invoking toplevel() on ptolemy.moml.MoMLSimpleApplication@5538f32
reloadAllAccessors: .ConcurrentExecutionTimeSDF

===========================================================================================
----------------- testing Thu Mar 21 03:44:37 UTC 2019 /home/travis/build/icyphy/ptII/ptolemy/actor/lib/hoc/test/auto/ConcurrentSleep.xml
----------------- Instantiating /home/travis/build/icyphy/ptII/ptolemy/actor/lib/hoc/test/auto/ConcurrentSleep.xml
736 ms. Memory: 208384K Free: 99937K (48%)
----------------- Invoking toplevel() on ptolemy.moml.MoMLSimpleApplication@29012511
----------------- Done invoking toplevel() on ptolemy.moml.MoMLSimpleApplication@29012511
reloadAllAccessors: .ConcurrentSleep

===========================================================================================
----------------- testing Thu Mar 21 03:44:37 UTC 2019 /home/travis/build/icyphy/ptII/ptolemy/actor/lib/hoc/test/auto/DEInPNInRunCompositeActor.xml
----------------- Instantiating /home/travis/build/icyphy/ptII/ptolemy/actor/lib/hoc/test/auto/DEInPNInRunCompositeActor.xml
10 ms. Memory: 208384K Free: 91707K (44%)
----------------- Invoking toplevel() on ptolemy.moml.MoMLSimpleApplication@2f7e57cf
----------------- Done invoking toplevel() on ptolemy.moml.MoMLSimpleApplication@2f7e57cf
reloadAllAccessors: .DEInPNInRunCompositeActor

===========================================================================================
----------------- testing Thu Mar 21 03:44:37 UTC 2019 /home/travis/build/icyphy/ptII/ptolemy/actor/lib/hoc/test/auto/DFTSubSetTest.xml
----------------- Instantiating /home/travis/build/icyphy/ptII/ptolemy/actor/lib/hoc/test/auto/DFTSubSetTest.xml
170 ms. Memory: 208384K Free: 167632K (80%)
----------------- Invoking toplevel() on ptolemy.moml.MoMLSimpleApplication@3ef18540
----------------- Done invoking toplevel() on ptolemy.moml.MoMLSimpleApplication@3ef18540
reloadAllAccessors: .DFTSubSetTest

===========================================================================================
----------------- testing Thu Mar 21 03:44:38 UTC 2019 /home/travis/build/icyphy/ptII/ptolemy/actor/lib/hoc/test/auto/HocDE.xml
----------------- Instantiating /home/travis/build/icyphy/ptII/ptolemy/actor/lib/hoc/test/auto/HocDE.xml
127 ms. Memory: 208384K Free: 140842K (68%)
----------------- Invoking toplevel() on ptolemy.moml.MoMLSimpleApplication@4a130396
----------------- Done invoking toplevel() on ptolemy.moml.MoMLSimpleApplication@4a130396
reloadAllAccessors: .HocDE

===========================================================================================
----------------- testing Thu Mar 21 03:44:38 UTC 2019 /home/travis/build/icyphy/ptII/ptolemy/actor/lib/hoc/test/auto/IterateOverArray.xml
----------------- Instantiating /home/travis/build/icyphy/ptII/ptolemy/actor/lib/hoc/test/auto/IterateOverArray.xml
6 ms. Memory: 208384K Free: 135303K (65%)
----------------- Invoking toplevel() on ptolemy.moml.MoMLSimpleApplication@29370b8f
----------------- Done invoking toplevel() on ptolemy.moml.MoMLSimpleApplication@29370b8f
reloadAllAccessors: .IterateOverArray

===========================================================================================
----------------- testing Thu Mar 21 03:44:38 UTC 2019 /home/travis/build/icyphy/ptII/ptolemy/actor/lib/hoc/test/auto/IterateOverArray10.xml
----------------- Instantiating /home/travis/build/icyphy/ptII/ptolemy/actor/lib/hoc/test/auto/IterateOverArray10.xml
2 ms. Memory: 208384K Free: 131191K (63%)
----------------- Invoking toplevel() on ptolemy.moml.MoMLSimpleApplication@6b2e3fca
----------------- Done invoking toplevel() on ptolemy.moml.MoMLSimpleApplication@6b2e3fca
reloadAllAccessors: .IterateOverArray10

===========================================================================================
----------------- testing Thu Mar 21 03:44:38 UTC 2019 /home/travis/build/icyphy/ptII/ptolemy/actor/lib/hoc/test/auto/IterateOverArray11.xml
----------------- Instantiating /home/travis/build/icyphy/ptII/ptolemy/actor/lib/hoc/test/auto/IterateOverArray11.xml
6 ms. Memory: 208384K Free: 125668K (60%)
----------------- Invoking toplevel() on ptolemy.moml.MoMLSimpleApplication@536fd45
----------------- Done invoking toplevel() on ptolemy.moml.MoMLSimpleApplication@536fd45
reloadAllAccessors: .IterateOverArray11

===========================================================================================
----------------- testing Thu Mar 21 03:44:38 UTC 2019 /home/travis/build/icyphy/ptII/ptolemy/actor/lib/hoc/test/auto/IterateOverArray12.xml
----------------- Instantiating /home/travis/build/icyphy/ptII/ptolemy/actor/lib/hoc/test/auto/IterateOverArray12.xml
17 ms. Memory: 208384K Free: 119114K (57%)
----------------- Invoking toplevel() on ptolemy.moml.MoMLSimpleApplication@4f0fa67d
----------------- Done invoking toplevel() on ptolemy.moml.MoMLSimpleApplication@4f0fa67d
reloadAllAccessors: .IterateOverArray12

===========================================================================================
----------------- testing Thu Mar 21 03:44:38 UTC 2019 /home/travis/build/icyphy/ptII/ptolemy/actor/lib/hoc/test/auto/IterateOverArray13.xml
----------------- Instantiating /home/travis/build/icyphy/ptII/ptolemy/actor/lib/hoc/test/auto/IterateOverArray13.xml
61 ms. Memory: 208384K Free: 90621K (43%)
----------------- Invoking toplevel() on ptolemy.moml.MoMLSimpleApplication@9ef0a45
----------------- Done invoking toplevel() on ptolemy.moml.MoMLSimpleApplication@9ef0a45
reloadAllAccessors: .IterateOverArray13

===========================================================================================
----------------- testing Thu Mar 21 03:44:38 UTC 2019 /home/travis/build/icyphy/ptII/ptolemy/actor/lib/hoc/test/auto/IterateOverArray14.xml
----------------- Instantiating /home/travis/build/icyphy/ptII/ptolemy/actor/lib/hoc/test/auto/IterateOverArray14.xml
64 ms. Memory: 332288K Free: 299886K (90%)
----------------- Invoking toplevel() on ptolemy.moml.MoMLSimpleApplication@6c730ba9
----------------- Done invoking toplevel() on ptolemy.moml.MoMLSimpleApplication@6c730ba9
reloadAllAccessors: .IterateOverArray14

===========================================================================================
----------------- testing Thu Mar 21 03:44:38 UTC 2019 /home/travis/build/icyphy/ptII/ptolemy/actor/lib/hoc/test/auto/IterateOverArray2.xml
----------------- Instantiating /home/travis/build/icyphy/ptII/ptolemy/actor/lib/hoc/test/auto/IterateOverArray2.xml
5 ms. Memory: 332288K Free: 292561K (88%)
----------------- Invoking toplevel() on ptolemy.moml.MoMLSimpleApplication@aa0251e
----------------- Done invoking toplevel() on ptolemy.moml.MoMLSimpleApplication@aa0251e
reloadAllAccessors: .IterateOverArray2

===========================================================================================
----------------- testing Thu Mar 21 03:44:38 UTC 2019 /home/travis/build/icyphy/ptII/ptolemy/actor/lib/hoc/test/auto/IterateOverArray3.xml
----------------- Instantiating /home/travis/build/icyphy/ptII/ptolemy/actor/lib/hoc/test/auto/IterateOverArray3.xml
17 ms. Memory: 332288K Free: 286021K (86%)
----------------- Invoking toplevel() on ptolemy.moml.MoMLSimpleApplication@79b26e8b
----------------- Done invoking toplevel() on ptolemy.moml.MoMLSimpleApplication@79b26e8b
reloadAllAccessors: .IterateOverArray3

===========================================================================================
----------------- testing Thu Mar 21 03:44:38 UTC 2019 /home/travis/build/icyphy/ptII/ptolemy/actor/lib/hoc/test/auto/IterateOverArray4.xml
----------------- Instantiating /home/travis/build/icyphy/ptII/ptolemy/actor/lib/hoc/test/auto/IterateOverArray4.xml
9 ms. Memory: 332288K Free: 280338K (84%)
----------------- Invoking toplevel() on ptolemy.moml.MoMLSimpleApplication@33b7c727
----------------- Done invoking toplevel() on ptolemy.moml.MoMLSimpleApplication@33b7c727
reloadAllAccessors: .IterateOverArray4

===========================================================================================
----------------- testing Thu Mar 21 03:44:38 UTC 2019 /home/travis/build/icyphy/ptII/ptolemy/actor/lib/hoc/test/auto/IterateOverArray5.xml
----------------- Instantiating /home/travis/build/icyphy/ptII/ptolemy/actor/lib/hoc/test/auto/IterateOverArray5.xml
3 ms. Memory: 332288K Free: 275433K (83%)
----------------- Invoking toplevel() on ptolemy.moml.MoMLSimpleApplication@670c6aee
----------------- Done invoking toplevel() on ptolemy.moml.MoMLSimpleApplication@670c6aee
reloadAllAccessors: .IterateOverArray5

===========================================================================================
----------------- testing Thu Mar 21 03:44:38 UTC 2019 /home/travis/build/icyphy/ptII/ptolemy/actor/lib/hoc/test/auto/IterateOverArray6.xml
----------------- Instantiating /home/travis/build/icyphy/ptII/ptolemy/actor/lib/hoc/test/auto/IterateOverArray6.xml
2 ms. Memory: 332288K Free: 269751K (81%)
----------------- Invoking toplevel() on ptolemy.moml.MoMLSimpleApplication@5fdcec7d
----------------- Done invoking toplevel() on ptolemy.moml.MoMLSimpleApplication@5fdcec7d
reloadAllAccessors: .IterateOverArray6

===========================================================================================
----------------- testing Thu Mar 21 03:44:38 UTC 2019 /home/travis/build/icyphy/ptII/ptolemy/actor/lib/hoc/test/auto/IterateOverArray7.xml
----------------- Instantiating /home/travis/build/icyphy/ptII/ptolemy/actor/lib/hoc/test/auto/IterateOverArray7.xml
4 ms. Memory: 332288K Free: 264846K (80%)
----------------- Invoking toplevel() on ptolemy.moml.MoMLSimpleApplication@96f21df
----------------- Done invoking toplevel() on ptolemy.moml.MoMLSimpleApplication@96f21df
reloadAllAccessors: .IterateOverArray7

===========================================================================================
----------------- testing Thu Mar 21 03:44:38 UTC 2019 /home/travis/build/icyphy/ptII/ptolemy/actor/lib/hoc/test/auto/IterateOverArray8.xml
----------------- Instantiating /home/travis/build/icyphy/ptII/ptolemy/actor/lib/hoc/test/auto/IterateOverArray8.xml
5 ms. Memory: 332288K Free: 259941K (78%)
----------------- Invoking toplevel() on ptolemy.moml.MoMLSimpleApplication@5db1844f
----------------- Done invoking toplevel() on ptolemy.moml.MoMLSimpleApplication@5db1844f
reloadAllAccessors: .IterateOverArray8

===========================================================================================
----------------- testing Thu Mar 21 03:44:38 UTC 2019 /home/travis/build/icyphy/ptII/ptolemy/actor/lib/hoc/test/auto/IterateOverArray9.xml
----------------- Instantiating /home/travis/build/icyphy/ptII/ptolemy/actor/lib/hoc/test/auto/IterateOverArray9.xml
8 ms. Memory: 332288K Free: 254259K (77%)
----------------- Invoking toplevel() on ptolemy.moml.MoMLSimpleApplication@4b39611f
----------------- Done invoking toplevel() on ptolemy.moml.MoMLSimpleApplication@4b39611f
reloadAllAccessors: .IterateOverArray9

===========================================================================================
----------------- testing Thu Mar 21 03:44:39 UTC 2019 /home/travis/build/icyphy/ptII/ptolemy/actor/lib/hoc/test/auto/IterateOverArrayCoercedOutputType.xml
----------------- Instantiating /home/travis/build/icyphy/ptII/ptolemy/actor/lib/hoc/test/auto/IterateOverArrayCoercedOutputType.xml
4 ms. Memory: 332288K Free: 247719K (75%)
----------------- Invoking toplevel() on ptolemy.moml.MoMLSimpleApplication@737347fa
----------------- Done invoking toplevel() on ptolemy.moml.MoMLSimpleApplication@737347fa
reloadAllAccessors: .IterateOverArrayCoercedOutputType

===========================================================================================
----------------- testing Thu Mar 21 03:44:39 UTC 2019 /home/travis/build/icyphy/ptII/ptolemy/actor/lib/hoc/test/auto/IterateOverArrayInferredOutputType.xml
----------------- Instantiating /home/travis/build/icyphy/ptII/ptolemy/actor/lib/hoc/test/auto/IterateOverArrayInferredOutputType.xml
8 ms. Memory: 332288K Free: 240402K (72%)
----------------- Invoking toplevel() on ptolemy.moml.MoMLSimpleApplication@36d8e2b0
----------------- Done invoking toplevel() on ptolemy.moml.MoMLSimpleApplication@36d8e2b0
reloadAllAccessors: .IterateOverArrayInferredOutputType

===========================================================================================
----------------- testing Thu Mar 21 03:44:39 UTC 2019 /home/travis/build/icyphy/ptII/ptolemy/actor/lib/hoc/test/auto/MobileFunctionTest.xml
----------------- Instantiating /home/travis/build/icyphy/ptII/ptolemy/actor/lib/hoc/test/auto/MobileFunctionTest.xml
5 ms. Memory: 332288K Free: 235497K (71%)
----------------- Invoking toplevel() on ptolemy.moml.MoMLSimpleApplication@6176aef6
----------------- Done invoking toplevel() on ptolemy.moml.MoMLSimpleApplication@6176aef6
reloadAllAccessors: .MobileFunctionTest

===========================================================================================
----------------- testing Thu Mar 21 03:44:39 UTC 2019 /home/travis/build/icyphy/ptII/ptolemy/actor/lib/hoc/test/auto/MobileModelTest.xml
----------------- Instantiating /home/travis/build/icyphy/ptII/ptolemy/actor/lib/hoc/test/auto/MobileModelTest.xml
81 ms. Memory: 332288K Free: 213448K (64%)
----------------- Invoking toplevel() on ptolemy.moml.MoMLSimpleApplication@42c90ae6
----------------- Done invoking toplevel() on ptolemy.moml.MoMLSimpleApplication@42c90ae6
reloadAllAccessors: .MobileModelTest

===========================================================================================
----------------- testing Thu Mar 21 03:44:39 UTC 2019 /home/travis/build/icyphy/ptII/ptolemy/actor/lib/hoc/test/auto/ModelReference.xml
----------------- Instantiating /home/travis/build/icyphy/ptII/ptolemy/actor/lib/hoc/test/auto/ModelReference.xml
5 ms. Memory: 332288K Free: 205273K (62%)
2 ms. Memory: 332288K Free: 205273K (62%)
2 ms. Memory: 332288K Free: 203638K (61%)
2 ms. Memory: 332288K Free: 203638K (61%)
1 ms. Memory: 332288K Free: 202003K (61%)
2 ms. Memory: 332288K Free: 202003K (61%)
1 ms. Memory: 332288K Free: 200368K (60%)
3 ms. Memory: 332288K Free: 200368K (60%)
3 ms. Memory: 332288K Free: 198733K (60%)
5 ms. Memory: 332288K Free: 198733K (60%)
29 ms. Memory: 332288K Free: 198733K (60%)
----------------- Invoking toplevel() on ptolemy.moml.MoMLSimpleApplication@1277ab31
----------------- Done invoking toplevel() on ptolemy.moml.MoMLSimpleApplication@1277ab31
reloadAllAccessors: .ModelReference

===========================================================================================
----------------- testing Thu Mar 21 03:44:39 UTC 2019 /home/travis/build/icyphy/ptII/ptolemy/actor/lib/hoc/test/auto/ModelReference3.xml
----------------- Instantiating /home/travis/build/icyphy/ptII/ptolemy/actor/lib/hoc/test/auto/ModelReference3.xml
2 ms. Memory: 332288K Free: 193828K (58%)
1 ms. Memory: 332288K Free: 192193K (58%)
9 ms. Memory: 332288K Free: 192193K (58%)
4 ms. Memory: 332288K Free: 190558K (57%)
2 ms. Memory: 332288K Free: 190558K (57%)
1 ms. Memory: 332288K Free: 188923K (57%)
2 ms. Memory: 332288K Free: 188923K (57%)
4 ms. Memory: 332288K Free: 187288K (56%)
2 ms. Memory: 332288K Free: 187288K (56%)
3 ms. Memory: 332288K Free: 185653K (56%)
35 ms. Memory: 332288K Free: 185653K (56%)
----------------- Invoking toplevel() on ptolemy.moml.MoMLSimpleApplication@b383ad3
----------------- Done invoking toplevel() on ptolemy.moml.MoMLSimpleApplication@b383ad3
reloadAllAccessors: .ModelReference3

===========================================================================================
----------------- testing Thu Mar 21 03:44:39 UTC 2019 /home/travis/build/icyphy/ptII/ptolemy/actor/lib/hoc/test/auto/ModelReference4.xml
----------------- Instantiating /home/travis/build/icyphy/ptII/ptolemy/actor/lib/hoc/test/auto/ModelReference4.xml
3 ms. Memory: 332288K Free: 178336K (54%)
2 ms. Memory: 332288K Free: 176701K (53%)
3 ms. Memory: 332288K Free: 175066K (53%)
2 ms. Memory: 332288K Free: 173431K (52%)
9 ms. Memory: 332288K Free: 170161K (51%)
3 ms. Memory: 332288K Free: 168526K (51%)
2 ms. Memory: 332288K Free: 166891K (50%)
2 ms. Memory: 332288K Free: 165256K (50%)
2 ms. Memory: 332288K Free: 163621K (49%)
3 ms. Memory: 332288K Free: 161986K (49%)
10018 ms. Memory: 332288K Free: 161986K (49%)
----------------- Invoking toplevel() on ptolemy.moml.MoMLSimpleApplication@111f19da
----------------- Done invoking toplevel() on ptolemy.moml.MoMLSimpleApplication@111f19da
reloadAllAccessors: .ModelReference4

===========================================================================================
----------------- testing Thu Mar 21 03:44:49 UTC 2019 /home/travis/build/icyphy/ptII/ptolemy/actor/lib/hoc/test/auto/MultiInstanceComposite.xml
----------------- Instantiating /home/travis/build/icyphy/ptII/ptolemy/actor/lib/hoc/test/auto/MultiInstanceComposite.xml
30 ms. Memory: 332288K Free: 144001K (43%)
----------------- Invoking toplevel() on ptolemy.moml.MoMLSimpleApplication@49bae5fe
----------------- Done invoking toplevel() on ptolemy.moml.MoMLSimpleApplication@49bae5fe
reloadAllAccessors: .MultiInstanceComposite

===========================================================================================
----------------- testing Thu Mar 21 03:44:49 UTC 2019 /home/travis/build/icyphy/ptII/ptolemy/actor/lib/hoc/test/auto/MultiInstanceComposite2.xml
----------------- Instantiating /home/travis/build/icyphy/ptII/ptolemy/actor/lib/hoc/test/auto/MultiInstanceComposite2.xml
21 ms. Memory: 332288K Free: 130144K (39%)
----------------- Invoking toplevel() on ptolemy.moml.MoMLSimpleApplication@2398cfee
----------------- Done invoking toplevel() on ptolemy.moml.MoMLSimpleApplication@2398cfee
reloadAllAccessors: .MultiInstanceComposite2

===========================================================================================
----------------- testing Thu Mar 21 03:44:49 UTC 2019 /home/travis/build/icyphy/ptII/ptolemy/actor/lib/hoc/test/auto/MulticoreExecution.xml
----------------- Instantiating /home/travis/build/icyphy/ptII/ptolemy/actor/lib/hoc/test/auto/MulticoreExecution.xml
Fired ExecutionTime: 2800000
Fired ExecutionTime: 2800000
Fired ExecutionTime: 4400000
Fired ExecutionTime: 2400000
Fired ExecutionTime: 8000000
Fired ExecutionTime: 11200000
Fired ExecutionTime: 26000000
Fired ExecutionTime: 42000000
Fired ExecutionTime: 27200000
Fired ExecutionTime: 50400000
Fired ExecutionTime: 37600000
Fired ExecutionTime: 42800000
Fired ExecutionTime: 49600000
Fired ExecutionTime: 29600000
Fired ExecutionTime: 66400000
Fired ExecutionTime: 66800000
Fired ExecutionTime: 63600000
Fired ExecutionTime: 64800000
Fired ExecutionTime: 64800000
Fired ExecutionTime: 67200000
1105 ms. Memory: 332288K Free: 117064K (35%)
----------------- Invoking toplevel() on ptolemy.moml.MoMLSimpleApplication@e95abba
----------------- Done invoking toplevel() on ptolemy.moml.MoMLSimpleApplication@e95abba
reloadAllAccessors: .MulticoreExecution

===========================================================================================
----------------- testing Thu Mar 21 03:44:50 UTC 2019 /home/travis/build/icyphy/ptII/ptolemy/actor/lib/hoc/test/auto/ParallelExecution.xml
----------------- Instantiating /home/travis/build/icyphy/ptII/ptolemy/actor/lib/hoc/test/auto/ParallelExecution.xml
913 ms. Memory: 332288K Free: 104841K (32%)
----------------- Invoking toplevel() on ptolemy.moml.MoMLSimpleApplication@60ea1b52
----------------- Done invoking toplevel() on ptolemy.moml.MoMLSimpleApplication@60ea1b52
reloadAllAccessors: .ParallelExecution

===========================================================================================
----------------- testing Thu Mar 21 03:44:51 UTC 2019 /home/travis/build/icyphy/ptII/ptolemy/actor/lib/hoc/test/auto/RunCompositeActor.xml
----------------- Instantiating /home/travis/build/icyphy/ptII/ptolemy/actor/lib/hoc/test/auto/RunCompositeActor.xml
6 ms. Memory: 332288K Free: 96650K (29%)
----------------- Invoking toplevel() on ptolemy.moml.MoMLSimpleApplication@5cfffa8a
----------------- Done invoking toplevel() on ptolemy.moml.MoMLSimpleApplication@5cfffa8a
reloadAllAccessors: .RunCompositeActor

===========================================================================================
----------------- testing Thu Mar 21 03:44:51 UTC 2019 /home/travis/build/icyphy/ptII/ptolemy/actor/lib/hoc/test/auto/RunCompositeActor2.xml
----------------- Instantiating /home/travis/build/icyphy/ptII/ptolemy/actor/lib/hoc/test/auto/RunCompositeActor2.xml
4 ms. Memory: 332288K Free: 90094K (27%)
----------------- Invoking toplevel() on ptolemy.moml.MoMLSimpleApplication@2ef8dd35
----------------- Done invoking toplevel() on ptolemy.moml.MoMLSimpleApplication@2ef8dd35
reloadAllAccessors: .RunCompositeActor2

===========================================================================================
----------------- testing Thu Mar 21 03:44:51 UTC 2019 /home/travis/build/icyphy/ptII/ptolemy/actor/lib/hoc/test/auto/RunCompositeActor3.xml
----------------- Instantiating /home/travis/build/icyphy/ptII/ptolemy/actor/lib/hoc/test/auto/RunCompositeActor3.xml
3 ms. Memory: 332288K Free: 82777K (25%)
----------------- Invoking toplevel() on ptolemy.moml.MoMLSimpleApplication@30e853ef
----------------- Done invoking toplevel() on ptolemy.moml.MoMLSimpleApplication@30e853ef
reloadAllAccessors: .RunCompositeActor3

===========================================================================================
----------------- testing Thu Mar 21 03:44:51 UTC 2019 /home/travis/build/icyphy/ptII/ptolemy/actor/lib/hoc/test/auto/RunCompositeActor4.xml
----------------- Instantiating /home/travis/build/icyphy/ptII/ptolemy/actor/lib/hoc/test/auto/RunCompositeActor4.xml
11 ms. Memory: 332800K Free: 317867K (96%)
----------------- Invoking toplevel() on ptolemy.moml.MoMLSimpleApplication@202dea5f
----------------- Done invoking toplevel() on ptolemy.moml.MoMLSimpleApplication@202dea5f
reloadAllAccessors: .RunCompositeActor4

===========================================================================================
----------------- testing Thu Mar 21 03:44:51 UTC 2019 /home/travis/build/icyphy/ptII/ptolemy/actor/lib/hoc/test/auto/RunCompositeIterateOverArray.xml
----------------- Instantiating /home/travis/build/icyphy/ptII/ptolemy/actor/lib/hoc/test/auto/RunCompositeIterateOverArray.xml
6 ms. Memory: 332800K Free: 310754K (93%)
----------------- Invoking toplevel() on ptolemy.moml.MoMLSimpleApplication@573924ef
----------------- Done invoking toplevel() on ptolemy.moml.MoMLSimpleApplication@573924ef
reloadAllAccessors: .RunCompositeIterateOverArray

===========================================================================================
----------------- testing Thu Mar 21 03:44:51 UTC 2019 /home/travis/build/icyphy/ptII/ptolemy/actor/lib/hoc/test/auto/ThreadedJS.xml
----------------- Instantiating /home/travis/build/icyphy/ptII/ptolemy/actor/lib/hoc/test/auto/ThreadedJS.xml
1580 ms. Memory: 539648K Free: 170615K (32%)
----------------- Invoking toplevel() on ptolemy.moml.MoMLSimpleApplication@4073d29d
----------------- Done invoking toplevel() on ptolemy.moml.MoMLSimpleApplication@4073d29d
reloadAllAccessors: .ThreadedJS
AutoTests.java: About to close Vertx.
AutoTests.java: Vertx closed.
]]></system-out>
  <system-err><![CDATA[java.lang.RuntimeException: Execution failed
	at ptolemy.moml.MoMLSimpleApplication$UnloadThread.run(MoMLSimpleApplication.java:402)
Caused by: ptolemy.kernel.util.IllegalActionException: initialize() was called after wrapup() was called but preinitialize() was not called after wrapup().
	at ptolemy.actor.lib.hoc.test.PreinitializeMustBeInvoked.initialize(PreinitializeMustBeInvoked.java:78)
	at ptolemy.actor.Director.initialize(Director.java:938)
	at ptolemy.actor.Director.initialize(Director.java:907)
	at ptolemy.actor.sched.StaticSchedulingDirector.initialize(StaticSchedulingDirector.java:159)
	at ptolemy.domains.sdf.kernel.SDFDirector.initialize(SDFDirector.java:544)
	at ptolemy.actor.CompositeActor.initialize(CompositeActor.java:935)
	at ptolemy.actor.lib.hoc.LifeCycleManager._executeInsideModel(LifeCycleManager.java:339)
	at ptolemy.actor.lib.hoc.RunCompositeActor.fire(RunCompositeActor.java:205)
	at ptolemy.actor.CompositeActor.iterate(CompositeActor.java:1146)
	at ptolemy.actor.sched.StaticSchedulingDirector.fire(StaticSchedulingDirector.java:216)
	at ptolemy.domains.sdf.kernel.SDFDirector.fire(SDFDirector.java:500)
	at ptolemy.actor.CompositeActor.fire(CompositeActor.java:455)
	at ptolemy.actor.Manager.iterate(Manager.java:851)
	at ptolemy.actor.Manager.execute(Manager.java:369)
	at ptolemy.actor.Manager.run(Manager.java:1263)
	at ptolemy.actor.Manager$PtolemyRunThread.run(Manager.java:1915)
java.lang.reflect.InvocationTargetException
	at sun.reflect.NativeConstructorAccessorImpl.newInstance0(Native Method)
	at sun.reflect.NativeConstructorAccessorImpl.newInstance(NativeConstructorAccessorImpl.java:62)
	at sun.reflect.DelegatingConstructorAccessorImpl.newInstance(DelegatingConstructorAccessorImpl.java:45)
	at java.lang.reflect.Constructor.newInstance(Constructor.java:423)
	at ptolemy.util.test.junit.AutoKnownFailedTests.RunModel(AutoKnownFailedTests.java:105)
	at sun.reflect.NativeMethodAccessorImpl.invoke0(Native Method)
	at sun.reflect.NativeMethodAccessorImpl.invoke(NativeMethodAccessorImpl.java:62)
	at sun.reflect.DelegatingMethodAccessorImpl.invoke(DelegatingMethodAccessorImpl.java:43)
	at java.lang.reflect.Method.invoke(Method.java:498)
	at org.junit.runners.model.FrameworkMethod$1.runReflectiveCall(FrameworkMethod.java:44)
	at org.junit.internal.runners.model.ReflectiveCallable.run(ReflectiveCallable.java:15)
	at org.junit.runners.model.FrameworkMethod.invokeExplosively(FrameworkMethod.java:41)
	at junitparams.internal.InvokeParameterisedMethod.evaluate(InvokeParameterisedMethod.java:102)
	at org.junit.internal.runners.statements.FailOnTimeout$1.run(FailOnTimeout.java:28)
Caused by: ptolemy.kernel.util.IllegalActionException: initialize() was called after wrapup() was called but preinitialize() was not called after wrapup().
	at ptolemy.actor.lib.hoc.test.PreinitializeMustBeInvoked.initialize(PreinitializeMustBeInvoked.java:78)
	at ptolemy.actor.Director.initialize(Director.java:938)
	at ptolemy.actor.Director.initialize(Director.java:907)
	at ptolemy.actor.sched.StaticSchedulingDirector.initialize(StaticSchedulingDirector.java:159)
	at ptolemy.domains.sdf.kernel.SDFDirector.initialize(SDFDirector.java:544)
	at ptolemy.actor.CompositeActor.initialize(CompositeActor.java:935)
	at ptolemy.actor.lib.hoc.LifeCycleManager._executeInsideModel(LifeCycleManager.java:339)
	at ptolemy.actor.lib.hoc.RunCompositeActor.fire(RunCompositeActor.java:205)
	at ptolemy.actor.CompositeActor.iterate(CompositeActor.java:1146)
	at ptolemy.actor.sched.StaticSchedulingDirector.fire(StaticSchedulingDirector.java:216)
	at ptolemy.domains.sdf.kernel.SDFDirector.fire(SDFDirector.java:500)
	at ptolemy.actor.CompositeActor.fire(CompositeActor.java:455)
	at ptolemy.actor.Manager.iterate(Manager.java:851)
	at ptolemy.actor.Manager.execute(Manager.java:369)
	at ptolemy.actor.Manager.run(Manager.java:1263)
	at ptolemy.actor.Manager$PtolemyRunThread.run(Manager.java:1915)
]]></system-err>
</testsuite>
