<?xml version="1.0" encoding="UTF-8" ?>
<testsuite errors="0" failures="0" hostname="travis-job-b9d598dd-7f48-4ab6-b387-6ed56ae03c53" name="ptolemy.domains.de.test.junit.JUnitTclTest" skipped="0" tests="101" time="122.785" timestamp="2020-07-11T15:00:12">
  <properties>
[...]
</properties>
  <testcase classname="ptolemy.util.test.junit.TclTests" name="[0] /home/travis/build/icyphy/ptII/ptolemy/domains/de/test/DependencyLoop.tcl (RunTclFile)" time="0.917" />
  <testcase classname="ptolemy.util.test.junit.TclTests" name="[1] /home/travis/build/icyphy/ptII/ptolemy/domains/de/test/RunDETestsAsQSS.tcl (RunTclFile)" time="83.14" />
  <testcase classname="ptolemy.util.test.junit.AutoKnownFailedTests" name="[0] /home/travis/build/icyphy/ptII/ptolemy/domains/de/test/auto/knownFailedTests/DESDFClockTest.xml (RunModel)" time="2.064" />
  <testcase classname="ptolemy.util.test.junit.AutoKnownFailedTests" name="[1] /home/travis/build/icyphy/ptII/ptolemy/domains/de/test/auto/knownFailedTests/DirectFeedback.xml (RunModel)" time="0.028" />
  <testcase classname="ptolemy.util.test.junit.AutoKnownFailedTests" name="[2] /home/travis/build/icyphy/ptII/ptolemy/domains/de/test/auto/knownFailedTests/FSMSource.xml (RunModel)" time="0.036" />
  <testcase classname="ptolemy.util.test.junit.AutoKnownFailedTests" name="[3] /home/travis/build/icyphy/ptII/ptolemy/domains/de/test/auto/knownFailedTests/HierarchicalModel.xml (RunModel)" time="0.048" />
  <testcase classname="ptolemy.util.test.junit.AutoKnownFailedTests" name="[4] /home/travis/build/icyphy/ptII/ptolemy/domains/de/test/auto/knownFailedTests/dependencyLoop.xml (RunModel)" time="0.048" />
  <testcase classname="ptolemy.util.test.junit.AutoKnownFailedTests" name="[5] /home/travis/build/icyphy/ptII/ptolemy/domains/de/test/auto/knownFailedTests/dependencyLoop2.xml (RunModel)" time="0.053" />
  <testcase classname="ptolemy.util.test.junit.AutoNameArchTests" name="[0] ThereAreNoAutoArchTests (RunModel)" time="0.003" />
  <testcase classname="ptolemy.util.test.junit.AutoTests" name="[0] /home/travis/build/icyphy/ptII/ptolemy/domains/de/test/auto/ActorDepthCalculation_actorWithoutPorts.xml (RunModel)" time="0.023" />
  <testcase classname="ptolemy.util.test.junit.AutoTests" name="[1] /home/travis/build/icyphy/ptII/ptolemy/domains/de/test/auto/AssemblyLine.xml (RunModel)" time="0.029" />
  <testcase classname="ptolemy.util.test.junit.AutoTests" name="[2] /home/travis/build/icyphy/ptII/ptolemy/domains/de/test/auto/CQBug1.xml (RunModel)" time="0.009" />
  <testcase classname="ptolemy.util.test.junit.AutoTests" name="[3] /home/travis/build/icyphy/ptII/ptolemy/domains/de/test/auto/CancelFireAt.xml (RunModel)" time="0.011" />
  <testcase classname="ptolemy.util.test.junit.AutoTests" name="[4] /home/travis/build/icyphy/ptII/ptolemy/domains/de/test/auto/CausalityAndComposabilityAnalysis.xml (RunModel)" time="0.01" />
  <testcase classname="ptolemy.util.test.junit.AutoTests" name="[5] /home/travis/build/icyphy/ptII/ptolemy/domains/de/test/auto/CausalityInterface1.xml (RunModel)" time="0.017" />
  <testcase classname="ptolemy.util.test.junit.AutoTests" name="[6] /home/travis/build/icyphy/ptII/ptolemy/domains/de/test/auto/CausalityInterface15.xml (RunModel)" time="0.017" />
  <testcase classname="ptolemy.util.test.junit.AutoTests" name="[7] /home/travis/build/icyphy/ptII/ptolemy/domains/de/test/auto/CausalityInterface2.xml (RunModel)" time="0.013" />
  <testcase classname="ptolemy.util.test.junit.AutoTests" name="[8] /home/travis/build/icyphy/ptII/ptolemy/domains/de/test/auto/CausalityInterface3.xml (RunModel)" time="0.015" />
  <testcase classname="ptolemy.util.test.junit.AutoTests" name="[9] /home/travis/build/icyphy/ptII/ptolemy/domains/de/test/auto/ClockDrift.xml (RunModel)" time="0.039" />
  <testcase classname="ptolemy.util.test.junit.AutoTests" name="[10] /home/travis/build/icyphy/ptII/ptolemy/domains/de/test/auto/ClockDriftAndValueChange.xml (RunModel)" time="0.033" />
  <testcase classname="ptolemy.util.test.junit.AutoTests" name="[11] /home/travis/build/icyphy/ptII/ptolemy/domains/de/test/auto/ClockDriftChange.xml (RunModel)" time="0.036" />
  <testcase classname="ptolemy.util.test.junit.AutoTests" name="[12] /home/travis/build/icyphy/ptII/ptolemy/domains/de/test/auto/ComposableCausalityAnalysis.xml (RunModel)" time="0.016" />
  <testcase classname="ptolemy.util.test.junit.AutoTests" name="[13] /home/travis/build/icyphy/ptII/ptolemy/domains/de/test/auto/DEFixedPointLimitation.xml (RunModel)" time="0.01" />
  <testcase classname="ptolemy.util.test.junit.AutoTests" name="[14] /home/travis/build/icyphy/ptII/ptolemy/domains/de/test/auto/DEScheduleTest.xml (RunModel)" time="0.022" />
  <testcase classname="ptolemy.util.test.junit.AutoTests" name="[15] /home/travis/build/icyphy/ptII/ptolemy/domains/de/test/auto/DEinDEwithStartTimes.xml (RunModel)" time="0.017" />
  <testcase classname="ptolemy.util.test.junit.AutoTests" name="[16] /home/travis/build/icyphy/ptII/ptolemy/domains/de/test/auto/DEinDEwithStartTimes2.xml (RunModel)" time="0.021" />
  <testcase classname="ptolemy.util.test.junit.AutoTests" name="[17] /home/travis/build/icyphy/ptII/ptolemy/domains/de/test/auto/DateDemo.xml (RunModel)" time="0.036" />
  <testcase classname="ptolemy.util.test.junit.AutoTests" name="[18] /home/travis/build/icyphy/ptII/ptolemy/domains/de/test/auto/DateToEvent.xml (RunModel)" time="2.051" />
  <testcase classname="ptolemy.util.test.junit.AutoTests" name="[19] /home/travis/build/icyphy/ptII/ptolemy/domains/de/test/auto/DepthTest1.xml (RunModel)" time="0.01" />
  <testcase classname="ptolemy.util.test.junit.AutoTests" name="[20] /home/travis/build/icyphy/ptII/ptolemy/domains/de/test/auto/DepthTest2.xml (RunModel)" time="0.018" />
  <testcase classname="ptolemy.util.test.junit.AutoTests" name="[21] /home/travis/build/icyphy/ptII/ptolemy/domains/de/test/auto/DepthTest3.xml (RunModel)" time="0.016" />
  <testcase classname="ptolemy.util.test.junit.AutoTests" name="[22] /home/travis/build/icyphy/ptII/ptolemy/domains/de/test/auto/DepthTest4.xml (RunModel)" time="0.013" />
  <testcase classname="ptolemy.util.test.junit.AutoTests" name="[23] /home/travis/build/icyphy/ptII/ptolemy/domains/de/test/auto/DepthTest5.xml (RunModel)" time="0.012" />
  <testcase classname="ptolemy.util.test.junit.AutoTests" name="[24] /home/travis/build/icyphy/ptII/ptolemy/domains/de/test/auto/DepthTest6.xml (RunModel)" time="0.017" />
  <testcase classname="ptolemy.util.test.junit.AutoTests" name="[25] /home/travis/build/icyphy/ptII/ptolemy/domains/de/test/auto/DepthTest7.xml (RunModel)" time="0.01" />
  <testcase classname="ptolemy.util.test.junit.AutoTests" name="[26] /home/travis/build/icyphy/ptII/ptolemy/domains/de/test/auto/EventToDate.xml (RunModel)" time="3.044" />
  <testcase classname="ptolemy.util.test.junit.AutoTests" name="[27] /home/travis/build/icyphy/ptII/ptolemy/domains/de/test/auto/FSM1.xml (RunModel)" time="0.048" />
  <testcase classname="ptolemy.util.test.junit.AutoTests" name="[28] /home/travis/build/icyphy/ptII/ptolemy/domains/de/test/auto/FSM7.xml (RunModel)" time="0.039" />
  <testcase classname="ptolemy.util.test.junit.AutoTests" name="[29] /home/travis/build/icyphy/ptII/ptolemy/domains/de/test/auto/Inspection.xml (RunModel)" time="0.038" />
  <testcase classname="ptolemy.util.test.junit.AutoTests" name="[30] /home/travis/build/icyphy/ptII/ptolemy/domains/de/test/auto/Iteration.xml (RunModel)" time="0.022" />
  <testcase classname="ptolemy.util.test.junit.AutoTests" name="[31] /home/travis/build/icyphy/ptII/ptolemy/domains/de/test/auto/LineFault.xml (RunModel)" time="0.52" />
  <testcase classname="ptolemy.util.test.junit.AutoTests" name="[32] /home/travis/build/icyphy/ptII/ptolemy/domains/de/test/auto/MergeModel1Add.xml (RunModel)" time="0.041" />
  <testcase classname="ptolemy.util.test.junit.AutoTests" name="[33] /home/travis/build/icyphy/ptII/ptolemy/domains/de/test/auto/MergeModel2Add.xml (RunModel)" time="0.031" />
  <testcase classname="ptolemy.util.test.junit.AutoTests" name="[34] /home/travis/build/icyphy/ptII/ptolemy/domains/de/test/auto/MergeModel3Add.xml (RunModel)" time="0.044" />
  <testcase classname="ptolemy.util.test.junit.AutoTests" name="[35] /home/travis/build/icyphy/ptII/ptolemy/domains/de/test/auto/MergeWithoutDiscard.xml (RunModel)" time="0.01" />
  <testcase classname="ptolemy.util.test.junit.AutoTests" name="[36] /home/travis/build/icyphy/ptII/ptolemy/domains/de/test/auto/Modal1.xml (RunModel)" time="0.035" />
  <testcase classname="ptolemy.util.test.junit.AutoTests" name="[37] /home/travis/build/icyphy/ptII/ptolemy/domains/de/test/auto/Modal2.xml (RunModel)" time="0.025" />
  <testcase classname="ptolemy.util.test.junit.AutoTests" name="[38] /home/travis/build/icyphy/ptII/ptolemy/domains/de/test/auto/Modal3.xml (RunModel)" time="0.026" />
  <testcase classname="ptolemy.util.test.junit.AutoTests" name="[39] /home/travis/build/icyphy/ptII/ptolemy/domains/de/test/auto/Modal4.xml (RunModel)" time="0.031" />
  <testcase classname="ptolemy.util.test.junit.AutoTests" name="[40] /home/travis/build/icyphy/ptII/ptolemy/domains/de/test/auto/Modal5.xml (RunModel)" time="0.031" />
  <testcase classname="ptolemy.util.test.junit.AutoTests" name="[41] /home/travis/build/icyphy/ptII/ptolemy/domains/de/test/auto/Modal6.xml (RunModel)" time="0.025" />
  <testcase classname="ptolemy.util.test.junit.AutoTests" name="[42] /home/travis/build/icyphy/ptII/ptolemy/domains/de/test/auto/Modal7.xml (RunModel)" time="0.032" />
  <testcase classname="ptolemy.util.test.junit.AutoTests" name="[43] /home/travis/build/icyphy/ptII/ptolemy/domains/de/test/auto/ModalModel.xml (RunModel)" time="0.151" />
  <testcase classname="ptolemy.util.test.junit.AutoTests" name="[44] /home/travis/build/icyphy/ptII/ptolemy/domains/de/test/auto/ModalSource.xml (RunModel)" time="0.019" />
  <testcase classname="ptolemy.util.test.junit.AutoTests" name="[45] /home/travis/build/icyphy/ptII/ptolemy/domains/de/test/auto/NonInterruptibleTimerZeroDelay.xml (RunModel)" time="0.008" />
  <testcase classname="ptolemy.util.test.junit.AutoTests" name="[46] /home/travis/build/icyphy/ptII/ptolemy/domains/de/test/auto/OpenQueueingNetwork.xml (RunModel)" time="2.251" />
  <testcase classname="ptolemy.util.test.junit.AutoTests" name="[47] /home/travis/build/icyphy/ptII/ptolemy/domains/de/test/auto/OpenQueuingNetwork.xml (RunModel)" time="0.259" />
  <testcase classname="ptolemy.util.test.junit.AutoTests" name="[48] /home/travis/build/icyphy/ptII/ptolemy/domains/de/test/auto/PeriodicSampler.xml (RunModel)" time="0.01" />
  <testcase classname="ptolemy.util.test.junit.AutoTests" name="[49] /home/travis/build/icyphy/ptII/ptolemy/domains/de/test/auto/PersistentIO.xml (RunModel)" time="0.018" />
  <testcase classname="ptolemy.util.test.junit.AutoTests" name="[50] /home/travis/build/icyphy/ptII/ptolemy/domains/de/test/auto/PortParameterResetOnInitialize.xml (RunModel)" time="0.012" />
  <testcase classname="ptolemy.util.test.junit.AutoTests" name="[51] /home/travis/build/icyphy/ptII/ptolemy/domains/de/test/auto/PortParameterUpdates.xml (RunModel)" time="0.016" />
  <testcase classname="ptolemy.util.test.junit.AutoTests" name="[52] /home/travis/build/icyphy/ptII/ptolemy/domains/de/test/auto/QueueAndServer.xml (RunModel)" time="0.018" />
  <testcase classname="ptolemy.util.test.junit.AutoTests" name="[53] /home/travis/build/icyphy/ptII/ptolemy/domains/de/test/auto/Records.xml (RunModel)" time="0.016" />
  <testcase classname="ptolemy.util.test.junit.AutoTests" name="[54] /home/travis/build/icyphy/ptII/ptolemy/domains/de/test/auto/ResetTransitionWithStartTime1.xml (RunModel)" time="0.015" />
  <testcase classname="ptolemy.util.test.junit.AutoTests" name="[55] /home/travis/build/icyphy/ptII/ptolemy/domains/de/test/auto/ResetTransitionWithStartTime2.xml (RunModel)" time="0.018" />
  <testcase classname="ptolemy.util.test.junit.AutoTests" name="[56] /home/travis/build/icyphy/ptII/ptolemy/domains/de/test/auto/ResetTransitionWithStartTime3.xml (RunModel)" time="0.016" />
  <testcase classname="ptolemy.util.test.junit.AutoTests" name="[57] /home/travis/build/icyphy/ptII/ptolemy/domains/de/test/auto/ResetTransitionWithStartTime4.xml (RunModel)" time="0.017" />
  <testcase classname="ptolemy.util.test.junit.AutoTests" name="[58] /home/travis/build/icyphy/ptII/ptolemy/domains/de/test/auto/ResettableTimer1.xml (RunModel)" time="0.009" />
  <testcase classname="ptolemy.util.test.junit.AutoTests" name="[59] /home/travis/build/icyphy/ptII/ptolemy/domains/de/test/auto/ResettableTimer2.xml (RunModel)" time="0.008" />
  <testcase classname="ptolemy.util.test.junit.AutoTests" name="[60] /home/travis/build/icyphy/ptII/ptolemy/domains/de/test/auto/ResettableTimer3.xml (RunModel)" time="0.008" />
  <testcase classname="ptolemy.util.test.junit.AutoTests" name="[61] /home/travis/build/icyphy/ptII/ptolemy/domains/de/test/auto/ResettableTimer4.xml (RunModel)" time="0.009" />
  <testcase classname="ptolemy.util.test.junit.AutoTests" name="[62] /home/travis/build/icyphy/ptII/ptolemy/domains/de/test/auto/ResettableTimer5.xml (RunModel)" time="0.009" />
  <testcase classname="ptolemy.util.test.junit.AutoTests" name="[63] /home/travis/build/icyphy/ptII/ptolemy/domains/de/test/auto/ResettableTimer6.xml (RunModel)" time="0.016" />
  <testcase classname="ptolemy.util.test.junit.AutoTests" name="[64] /home/travis/build/icyphy/ptII/ptolemy/domains/de/test/auto/ServerZeroDelay.xml (RunModel)" time="0.009" />
  <testcase classname="ptolemy.util.test.junit.AutoTests" name="[65] /home/travis/build/icyphy/ptII/ptolemy/domains/de/test/auto/SmartSender.xml (RunModel)" time="3.009" />
  <testcase classname="ptolemy.util.test.junit.AutoTests" name="[66] /home/travis/build/icyphy/ptII/ptolemy/domains/de/test/auto/ThreadedComposite.xml (RunModel)" time="0.113" />
  <testcase classname="ptolemy.util.test.junit.AutoTests" name="[67] /home/travis/build/icyphy/ptII/ptolemy/domains/de/test/auto/Time.xml (RunModel)" time="0.382" />
  <testcase classname="ptolemy.util.test.junit.AutoTests" name="[68] /home/travis/build/icyphy/ptII/ptolemy/domains/de/test/auto/TimeDelayZeroDelay.xml (RunModel)" time="0.012" />
  <testcase classname="ptolemy.util.test.junit.AutoTests" name="[69] /home/travis/build/icyphy/ptII/ptolemy/domains/de/test/auto/TimerZeroDelay.xml (RunModel)" time="0.008" />
  <testcase classname="ptolemy.util.test.junit.AutoTests" name="[70] /home/travis/build/icyphy/ptII/ptolemy/domains/de/test/auto/TimingParadox.xml (RunModel)" time="0.301" />
  <testcase classname="ptolemy.util.test.junit.AutoTests" name="[71] /home/travis/build/icyphy/ptII/ptolemy/domains/de/test/auto/TransferInputs.xml (RunModel)" time="0.014" />
  <testcase classname="ptolemy.util.test.junit.AutoTests" name="[72] /home/travis/build/icyphy/ptII/ptolemy/domains/de/test/auto/TransferOutputs2.xml (RunModel)" time="0.014" />
  <testcase classname="ptolemy.util.test.junit.AutoTests" name="[73] /home/travis/build/icyphy/ptII/ptolemy/domains/de/test/auto/Trilateration.xml (RunModel)" time="10.751" />
  <testcase classname="ptolemy.util.test.junit.AutoTests" name="[74] /home/travis/build/icyphy/ptII/ptolemy/domains/de/test/auto/TwoSigmaDelta.xml (RunModel)" time="1.807" />
  <testcase classname="ptolemy.util.test.junit.AutoTests" name="[75] /home/travis/build/icyphy/ptII/ptolemy/domains/de/test/auto/VariableDelay.xml (RunModel)" time="0.011" />
  <testcase classname="ptolemy.util.test.junit.AutoTests" name="[76] /home/travis/build/icyphy/ptII/ptolemy/domains/de/test/auto/VariableDelay2.xml (RunModel)" time="0.007" />
  <testcase classname="ptolemy.util.test.junit.AutoTests" name="[77] /home/travis/build/icyphy/ptII/ptolemy/domains/de/test/auto/VariableDelayZeroDelay.xml (RunModel)" time="0.013" />
  <testcase classname="ptolemy.util.test.junit.AutoTests" name="[78] /home/travis/build/icyphy/ptII/ptolemy/domains/de/test/auto/VariableDelayZeroDelay2.xml (RunModel)" time="0.008" />
  <testcase classname="ptolemy.util.test.junit.AutoTests" name="[79] /home/travis/build/icyphy/ptII/ptolemy/domains/de/test/auto/deInCt.xml (RunModel)" time="0.013" />
  <testcase classname="ptolemy.util.test.junit.AutoTests" name="[80] /home/travis/build/icyphy/ptII/ptolemy/domains/de/test/auto/deInCt2.xml (RunModel)" time="0.011" />
  <testcase classname="ptolemy.util.test.junit.AutoTests" name="[81] /home/travis/build/icyphy/ptII/ptolemy/domains/de/test/auto/dynamicCausalityInterface1.xml (RunModel)" time="0.016" />
  <testcase classname="ptolemy.util.test.junit.AutoTests" name="[82] /home/travis/build/icyphy/ptII/ptolemy/domains/de/test/auto/fsm_de_test.xml (RunModel)" time="0.022" />
  <testcase classname="ptolemy.util.test.junit.AutoTests" name="[83] /home/travis/build/icyphy/ptII/ptolemy/domains/de/test/auto/functionDependencyReconstruction.xml (RunModel)" time="0.031" />
  <testcase classname="ptolemy.util.test.junit.AutoTests" name="[84] /home/travis/build/icyphy/ptII/ptolemy/domains/de/test/auto/multirate.xml (RunModel)" time="0.013" />
  <testcase classname="ptolemy.util.test.junit.AutoTests" name="[85] /home/travis/build/icyphy/ptII/ptolemy/domains/de/test/auto/multirate2.xml (RunModel)" time="0.015" />
  <testcase classname="ptolemy.util.test.junit.AutoTests" name="[86] /home/travis/build/icyphy/ptII/ptolemy/domains/de/test/auto/realtime.xml (RunModel)" time="10.009" />
  <testcase classname="ptolemy.util.test.junit.AutoTests" name="[87] /home/travis/build/icyphy/ptII/ptolemy/domains/de/test/auto/relationGroup.xml (RunModel)" time="0.008" />
  <testcase classname="ptolemy.util.test.junit.AutoTests" name="[88] /home/travis/build/icyphy/ptII/ptolemy/domains/de/test/auto/relationGroup2.xml (RunModel)" time="0.006" />
  <testcase classname="ptolemy.util.test.junit.AutoTests" name="[89] /home/travis/build/icyphy/ptII/ptolemy/domains/de/test/auto/sortWithOpaquePorts.xml (RunModel)" time="0.011" />
  <testcase classname="ptolemy.util.test.junit.AutoTests" name="[90] /home/travis/build/icyphy/ptII/ptolemy/domains/de/test/auto/transferInputsandOutputs.xml (RunModel)" time="0.019" />
  <testcase classname="ptolemy.util.test.junit.AutoTests" name="[91] /home/travis/build/icyphy/ptII/ptolemy/domains/de/test/auto/triggerType.xml (RunModel)" time="0.01" />
  <system-out><![CDATA[/home/travis/build/icyphy/ptII/ptolemy/domains/de/test/DependencyLoop.tcl
testDefs.tcl: setting time out to 9000 seconds at Sat Jul 11 15:00:12 UTC 2020
60 ms. Memory: 129024K Free: 78792K (61%)
32 ms. Memory: 129024K Free: 61384K (48%)
/home/travis/build/icyphy/ptII/ptolemy/domains/de/test/RunDETestsAsQSS.tcl
Run the DE tests using ptolemy.domains.qss.test.QSSDirectorTest, which extends QSSDirector and prints a message in the constructors.
------------------ testing $PTII/ptolemy/domains/de/test/auto/knownFailedTests/DirectFeedback.xml (Known Failure) 
37 ms. Memory: 129024K Free: 55750K (43%)


==== $PTIIhome/travis/build/icyphy/ptII/ptolemy/domains/de/test/../../../../: Auto Automatic test in file $PTII/ptolemy/domains/de/test/auto/knownFailedTests/DirectFeedback.xml
==== Contents of test case:

	    # FIXME: we should use $relativeFilename here, but it
	    # might have backslashes under Windows, which causes no end
	    # of trouble.
	    createAndExecute $file
	    list {}
	
.... Test generated KNOWN error:
    while executing
ptolemy.kernel.util.IllegalActionException: Test fails in iteration 1.
Value was: 1.0. Should have been: 2.0
  in .DirectFeedback.Test
	at ptolemy.actor.lib.Test.fire(Test.java:268)
	at ptolemy.domains.de.kernel.DEDirector._fire(DEDirector.java:1949)
	at ptolemy.domains.de.kernel.DEDirector.fire(DEDirector.java:502)
	at ptolemy.actor.CompositeActor.fire(CompositeActor.java:455)
	at ptolemy.actor.Manager.iterate(Manager.java:851)
	at ptolemy.actor.Manager.execute(Manager.java:369)
	at ptolemy.actor.Manager.run(Manager.java:1263)
	at ptolemy.actor.Manager$PtolemyRunThread.run(Manager.java:1933)

    while executing
ptolemy.kernel.util.IllegalActionException: Test fails in iteration 1.
Value was: 1.0. Should have been: 2.0
  in .DirectFeedback.Test
    while executing
"java::new ptolemy.moml.MoMLSimpleApplication $file
"
    (procedure "createAndExecute" line 2)
    invoked from within
"createAndExecute $file"
    ("uplevel" body line 5)
    invoked from within
"uplevel $contents_of_test"
------------------ testing $PTII/ptolemy/domains/de/test/auto/knownFailedTests/dependencyLoop.xml (Known Failure) 
23 ms. Memory: 129024K Free: 52678K (41%)


==== $PTIIhome/travis/build/icyphy/ptII/ptolemy/domains/de/test/../../../../: Auto Automatic test in file $PTII/ptolemy/domains/de/test/auto/knownFailedTests/dependencyLoop.xml
==== Contents of test case:

	    # FIXME: we should use $relativeFilename here, but it
	    # might have backslashes under Windows, which causes no end
	    # of trouble.
	    createAndExecute $file
	    list {}
	
.... Test generated KNOWN error:
    while executing
ptolemy.kernel.util.IllegalActionException: Found a zero delay loop containing .dependencyLoop.original
  in .dependencyLoop and .dependencyLoop.original
	at ptolemy.actor.util.CausalityInterfaceForComposites._computeOutputPortDepth(CausalityInterfaceForComposites.java:759)
	at ptolemy.actor.util.CausalityInterfaceForComposites._computeInputDepth(CausalityInterfaceForComposites.java:696)
	at ptolemy.actor.util.CausalityInterfaceForComposites._computeOutputPortDepth(CausalityInterfaceForComposites.java:765)
	at ptolemy.actor.util.CausalityInterfaceForComposites._computeInputDepth(CausalityInterfaceForComposites.java:696)
	at ptolemy.actor.util.CausalityInterfaceForComposites._computeOutputPortDepth(CausalityInterfaceForComposites.java:765)
	at ptolemy.actor.util.CausalityInterfaceForComposites._computeInputDepth(CausalityInterfaceForComposites.java:696)
	at ptolemy.actor.util.CausalityInterfaceForComposites._computeActorDepth(CausalityInterfaceForComposites.java:532)
	at ptolemy.actor.util.CausalityInterfaceForComposites.checkForCycles(CausalityInterfaceForComposites.java:96)
	at ptolemy.domains.de.kernel.DEDirector.preinitialize(DEDirector.java:1338)
	at ptolemy.actor.CompositeActor.preinitialize(CompositeActor.java:1828)
	at ptolemy.actor.Manager.preinitializeAndResolveTypes(Manager.java:1040)
	at ptolemy.actor.Manager.initialize(Manager.java:710)
	at ptolemy.actor.Manager.execute(Manager.java:356)
	at ptolemy.actor.Manager.run(Manager.java:1263)
	at ptolemy.actor.Manager$PtolemyRunThread.run(Manager.java:1933)

    while executing
ptolemy.kernel.util.IllegalActionException: Found a zero delay loop containing .dependencyLoop.original
  in .dependencyLoop and .dependencyLoop.original
    while executing
"java::new ptolemy.moml.MoMLSimpleApplication $file
"
    (procedure "createAndExecute" line 2)
    invoked from within
"createAndExecute $file"
    ("uplevel" body line 5)
    invoked from within
"uplevel $contents_of_test"
------------------ testing $PTII/ptolemy/domains/de/test/auto/knownFailedTests/FSMSource.xml (Known Failure) 
70 ms. Memory: 129024K Free: 111135K (86%)
!!!! Auto was marked as failing, but now passes
------------------ testing $PTII/ptolemy/domains/de/test/auto/knownFailedTests/HierarchicalModel.xml (Known Failure) 
7 ms. Memory: 129024K Free: 93418K (72%)


==== $PTIIhome/travis/build/icyphy/ptII/ptolemy/domains/de/test/../../../../: Auto Automatic test in file $PTII/ptolemy/domains/de/test/auto/knownFailedTests/HierarchicalModel.xml
==== Contents of test case:

	    # FIXME: we should use $relativeFilename here, but it
	    # might have backslashes under Windows, which causes no end
	    # of trouble.
	    createAndExecute $file
	    list {}
	
.... Test generated KNOWN error:
    while executing
ptolemy.kernel.util.IllegalActionException: Found a zero delay loop containing .HierarchicalModel.A
  in .HierarchicalModel and .HierarchicalModel.A
	at ptolemy.actor.util.CausalityInterfaceForComposites._computeOutputPortDepth(CausalityInterfaceForComposites.java:759)
	at ptolemy.actor.util.CausalityInterfaceForComposites._computeInputDepth(CausalityInterfaceForComposites.java:696)
	at ptolemy.actor.util.CausalityInterfaceForComposites._computeOutputPortDepth(CausalityInterfaceForComposites.java:765)
	at ptolemy.actor.util.CausalityInterfaceForComposites._computeInputDepth(CausalityInterfaceForComposites.java:696)
	at ptolemy.actor.util.CausalityInterfaceForComposites._computeOutputPortDepth(CausalityInterfaceForComposites.java:765)
	at ptolemy.actor.util.CausalityInterfaceForComposites._computeInputDepth(CausalityInterfaceForComposites.java:696)
	at ptolemy.actor.util.CausalityInterfaceForComposites._computeActorDepth(CausalityInterfaceForComposites.java:532)
	at ptolemy.actor.util.CausalityInterfaceForComposites.checkForCycles(CausalityInterfaceForComposites.java:96)
	at ptolemy.domains.de.kernel.DEDirector.preinitialize(DEDirector.java:1338)
	at ptolemy.actor.CompositeActor.preinitialize(CompositeActor.java:1828)
	at ptolemy.actor.Manager.preinitializeAndResolveTypes(Manager.java:1040)
	at ptolemy.actor.Manager.initialize(Manager.java:710)
	at ptolemy.actor.Manager.execute(Manager.java:356)
	at ptolemy.actor.Manager.run(Manager.java:1263)
	at ptolemy.actor.Manager$PtolemyRunThread.run(Manager.java:1933)

    while executing
ptolemy.kernel.util.IllegalActionException: Found a zero delay loop containing .HierarchicalModel.A
  in .HierarchicalModel and .HierarchicalModel.A
    while executing
"java::new ptolemy.moml.MoMLSimpleApplication $file
"
    (procedure "createAndExecute" line 2)
    invoked from within
"createAndExecute $file"
    ("uplevel" body line 5)
    invoked from within
"uplevel $contents_of_test"
------------------ testing $PTII/ptolemy/domains/de/test/auto/knownFailedTests/dependencyLoop2.xml (Known Failure) 
10 ms. Memory: 129024K Free: 77359K (60%)


==== $PTIIhome/travis/build/icyphy/ptII/ptolemy/domains/de/test/../../../../: Auto Automatic test in file $PTII/ptolemy/domains/de/test/auto/knownFailedTests/dependencyLoop2.xml
==== Contents of test case:

	    # FIXME: we should use $relativeFilename here, but it
	    # might have backslashes under Windows, which causes no end
	    # of trouble.
	    createAndExecute $file
	    list {}
	
.... Test generated KNOWN error:
    while executing
ptolemy.kernel.util.IllegalActionException: Found a zero delay loop containing .dependencyLoop2.original
  in .dependencyLoop2 and .dependencyLoop2.original
	at ptolemy.actor.util.CausalityInterfaceForComposites._computeOutputPortDepth(CausalityInterfaceForComposites.java:759)
	at ptolemy.actor.util.CausalityInterfaceForComposites._computeInputDepth(CausalityInterfaceForComposites.java:696)
	at ptolemy.actor.util.CausalityInterfaceForComposites._computeOutputPortDepth(CausalityInterfaceForComposites.java:765)
	at ptolemy.actor.util.CausalityInterfaceForComposites._computeInputDepth(CausalityInterfaceForComposites.java:696)
	at ptolemy.actor.util.CausalityInterfaceForComposites._computeOutputPortDepth(CausalityInterfaceForComposites.java:765)
	at ptolemy.actor.util.CausalityInterfaceForComposites._computeInputDepth(CausalityInterfaceForComposites.java:696)
	at ptolemy.actor.util.CausalityInterfaceForComposites._computeActorDepth(CausalityInterfaceForComposites.java:532)
	at ptolemy.actor.util.CausalityInterfaceForComposites.checkForCycles(CausalityInterfaceForComposites.java:96)
	at ptolemy.domains.de.kernel.DEDirector.preinitialize(DEDirector.java:1338)
	at ptolemy.actor.CompositeActor.preinitialize(CompositeActor.java:1828)
	at ptolemy.actor.Manager.preinitializeAndResolveTypes(Manager.java:1040)
	at ptolemy.actor.Manager.initialize(Manager.java:710)
	at ptolemy.actor.Manager.execute(Manager.java:356)
	at ptolemy.actor.Manager.run(Manager.java:1263)
	at ptolemy.actor.Manager$PtolemyRunThread.run(Manager.java:1933)

    while executing
ptolemy.kernel.util.IllegalActionException: Found a zero delay loop containing .dependencyLoop2.original
  in .dependencyLoop2 and .dependencyLoop2.original
    while executing
"java::new ptolemy.moml.MoMLSimpleApplication $file
"
    (procedure "createAndExecute" line 2)
    invoked from within
"createAndExecute $file"
    ("uplevel" body line 5)
    invoked from within
"uplevel $contents_of_test"
------------------ testing $PTII/ptolemy/domains/de/test/auto/knownFailedTests/DESDFClockTest.xml (Known Failure) 
2053 ms. Memory: 129024K Free: 108326K (84%)


==== $PTIIhome/travis/build/icyphy/ptII/ptolemy/domains/de/test/../../../../: Auto Automatic test in file $PTII/ptolemy/domains/de/test/auto/knownFailedTests/DESDFClockTest.xml
==== Contents of test case:

	    # FIXME: we should use $relativeFilename here, but it
	    # might have backslashes under Windows, which causes no end
	    # of trouble.
	    createAndExecute $file
	    list {}
	
.... Test generated KNOWN error:
    while executing
ptolemy.kernel.util.IllegalActionException: Actor is not ready to fire.  Perhaps UpSample.prefire() returned false? Try debugging the actor by selecting "Listen to Actor".  Also, for SDF check moml for tokenConsumptionRate on input.
  in .DESDFClockTest.Play Bell.Copy1:SDF Director and .DESDFClockTest.Play Bell.UpSample
	at ptolemy.actor.sched.StaticSchedulingDirector.fire(StaticSchedulingDirector.java:227)
	at ptolemy.domains.sdf.kernel.SDFDirector.fire(SDFDirector.java:500)
	at ptolemy.actor.CompositeActor.fire(CompositeActor.java:455)
	at ptolemy.domains.de.kernel.DEDirector._fire(DEDirector.java:1949)
	at ptolemy.domains.de.kernel.DEDirector.fire(DEDirector.java:502)
	at ptolemy.actor.CompositeActor.fire(CompositeActor.java:455)
	at ptolemy.actor.Manager.iterate(Manager.java:851)
	at ptolemy.actor.Manager.execute(Manager.java:369)
	at ptolemy.actor.Manager.run(Manager.java:1263)
	at ptolemy.actor.Manager$PtolemyRunThread.run(Manager.java:1933)

    while executing
ptolemy.kernel.util.IllegalActionException: Actor is not ready to fire.  Perhaps UpSample.prefire() returned false? Try debugging the actor by selecting "Listen to Actor".  Also, for SDF check moml for tokenConsumptionRate on input.
  in .DESDFClockTest.Play Bell.Copy1:SDF Director and .DESDFClockTest.Play Bell.UpSample
    while executing
"java::new ptolemy.moml.MoMLSimpleApplication $file
"
    (procedure "createAndExecute" line 2)
    invoked from within
"createAndExecute $file"
    ("uplevel" body line 5)
    invoked from within
"uplevel $contents_of_test"
------------------ testing $PTII/ptolemy/domains/de/test/auto/ActorDepthCalculation_actorWithoutPorts.xml
auto.tcl: Setting watchdog for 200 seconds at Sat Jul 11 15:00:16 UTC 2020
5 ms. Memory: 129024K Free: 100630K (78%)
ptolemy.util.test.WatchDog.cancel(): canceling Sat Jul 11 15:00:16 UTC 2020
auto.tcl: Setting watchdog for 200 seconds at Sat Jul 11 15:00:16 UTC 2020
5 ms. Memory: 129024K Free: 99110K (77%)
ptolemy.util.test.WatchDog.cancel(): canceling Sat Jul 11 15:00:16 UTC 2020
------------------ testing $PTII/ptolemy/domains/de/test/auto/AssemblyLine.xml
auto.tcl: Setting watchdog for 200 seconds at Sat Jul 11 15:00:16 UTC 2020
16 ms. Memory: 51200K Free: 27451K (54%)
ptolemy.util.test.WatchDog.cancel(): canceling Sat Jul 11 15:00:16 UTC 2020
auto.tcl: Setting watchdog for 200 seconds at Sat Jul 11 15:00:16 UTC 2020
10 ms. Memory: 51200K Free: 26964K (53%)
ptolemy.util.test.WatchDog.cancel(): canceling Sat Jul 11 15:00:16 UTC 2020
------------------ testing $PTII/ptolemy/domains/de/test/auto/CQBug1.xml
auto.tcl: Setting watchdog for 200 seconds at Sat Jul 11 15:00:16 UTC 2020
2 ms. Memory: 51200K Free: 33239K (65%)
ptolemy.util.test.WatchDog.cancel(): canceling Sat Jul 11 15:00:16 UTC 2020
auto.tcl: Setting watchdog for 200 seconds at Sat Jul 11 15:00:16 UTC 2020
2 ms. Memory: 51200K Free: 32803K (64%)
ptolemy.util.test.WatchDog.cancel(): canceling Sat Jul 11 15:00:16 UTC 2020
------------------ testing $PTII/ptolemy/domains/de/test/auto/CancelFireAt.xml
auto.tcl: Setting watchdog for 200 seconds at Sat Jul 11 15:00:16 UTC 2020
3 ms. Memory: 48128K Free: 31670K (66%)
ptolemy.util.test.WatchDog.cancel(): canceling Sat Jul 11 15:00:16 UTC 2020
auto.tcl: Setting watchdog for 200 seconds at Sat Jul 11 15:00:16 UTC 2020
2 ms. Memory: 48128K Free: 31228K (65%)
ptolemy.util.test.WatchDog.cancel(): canceling Sat Jul 11 15:00:16 UTC 2020
------------------ testing $PTII/ptolemy/domains/de/test/auto/CausalityAndComposabilityAnalysis.xml
auto.tcl: Setting watchdog for 200 seconds at Sat Jul 11 15:00:16 UTC 2020
16 ms. Memory: 48128K Free: 29387K (61%)
ptolemy.util.test.WatchDog.cancel(): canceling Sat Jul 11 15:00:17 UTC 2020
auto.tcl: Setting watchdog for 200 seconds at Sat Jul 11 15:00:17 UTC 2020
5 ms. Memory: 48128K Free: 28970K (60%)
ptolemy.util.test.WatchDog.cancel(): canceling Sat Jul 11 15:00:17 UTC 2020
------------------ testing $PTII/ptolemy/domains/de/test/auto/CausalityInterface1.xml
auto.tcl: Setting watchdog for 200 seconds at Sat Jul 11 15:00:17 UTC 2020
27 ms. Memory: 48128K Free: 28355K (59%)
ptolemy.util.test.WatchDog.cancel(): canceling Sat Jul 11 15:00:17 UTC 2020
auto.tcl: Setting watchdog for 200 seconds at Sat Jul 11 15:00:17 UTC 2020
3 ms. Memory: 48128K Free: 27372K (57%)
ptolemy.util.test.WatchDog.cancel(): canceling Sat Jul 11 15:00:17 UTC 2020
------------------ testing $PTII/ptolemy/domains/de/test/auto/CausalityInterface15.xml
auto.tcl: Setting watchdog for 200 seconds at Sat Jul 11 15:00:17 UTC 2020
10 ms. Memory: 48128K Free: 28296K (59%)
ptolemy.util.test.WatchDog.cancel(): canceling Sat Jul 11 15:00:17 UTC 2020
auto.tcl: Setting watchdog for 200 seconds at Sat Jul 11 15:00:17 UTC 2020
5 ms. Memory: 48128K Free: 27305K (57%)
ptolemy.util.test.WatchDog.cancel(): canceling Sat Jul 11 15:00:17 UTC 2020
------------------ testing $PTII/ptolemy/domains/de/test/auto/CausalityInterface2.xml
auto.tcl: Setting watchdog for 200 seconds at Sat Jul 11 15:00:17 UTC 2020
4 ms. Memory: 48128K Free: 29220K (61%)
ptolemy.util.test.WatchDog.cancel(): canceling Sat Jul 11 15:00:17 UTC 2020
auto.tcl: Setting watchdog for 200 seconds at Sat Jul 11 15:00:17 UTC 2020
4 ms. Memory: 48128K Free: 28331K (59%)
ptolemy.util.test.WatchDog.cancel(): canceling Sat Jul 11 15:00:17 UTC 2020
------------------ testing $PTII/ptolemy/domains/de/test/auto/CausalityInterface3.xml
auto.tcl: Setting watchdog for 200 seconds at Sat Jul 11 15:00:17 UTC 2020
3 ms. Memory: 48128K Free: 28512K (59%)
ptolemy.util.test.WatchDog.cancel(): canceling Sat Jul 11 15:00:17 UTC 2020
auto.tcl: Setting watchdog for 200 seconds at Sat Jul 11 15:00:17 UTC 2020
2 ms. Memory: 48128K Free: 27750K (58%)
ptolemy.util.test.WatchDog.cancel(): canceling Sat Jul 11 15:00:17 UTC 2020
------------------ testing $PTII/ptolemy/domains/de/test/auto/ClockDrift.xml
auto.tcl: Setting watchdog for 200 seconds at Sat Jul 11 15:00:17 UTC 2020
81 ms. Memory: 48128K Free: 21121K (44%)
ptolemy.util.test.WatchDog.cancel(): canceling Sat Jul 11 15:00:17 UTC 2020
auto.tcl: Setting watchdog for 200 seconds at Sat Jul 11 15:00:17 UTC 2020
53 ms. Memory: 48128K Free: 18103K (38%)
ptolemy.util.test.WatchDog.cancel(): canceling Sat Jul 11 15:00:17 UTC 2020
------------------ testing $PTII/ptolemy/domains/de/test/auto/ClockDriftAndValueChange.xml
auto.tcl: Setting watchdog for 200 seconds at Sat Jul 11 15:00:17 UTC 2020
36 ms. Memory: 48128K Free: 21203K (44%)
ptolemy.util.test.WatchDog.cancel(): canceling Sat Jul 11 15:00:17 UTC 2020
auto.tcl: Setting watchdog for 200 seconds at Sat Jul 11 15:00:17 UTC 2020
27 ms. Memory: 48128K Free: 18369K (38%)
ptolemy.util.test.WatchDog.cancel(): canceling Sat Jul 11 15:00:17 UTC 2020
------------------ testing $PTII/ptolemy/domains/de/test/auto/ClockDriftChange.xml
auto.tcl: Setting watchdog for 200 seconds at Sat Jul 11 15:00:17 UTC 2020
19 ms. Memory: 48128K Free: 23255K (48%)
ptolemy.util.test.WatchDog.cancel(): canceling Sat Jul 11 15:00:17 UTC 2020
auto.tcl: Setting watchdog for 200 seconds at Sat Jul 11 15:00:17 UTC 2020
26 ms. Memory: 48128K Free: 20698K (43%)
ptolemy.util.test.WatchDog.cancel(): canceling Sat Jul 11 15:00:17 UTC 2020
------------------ testing $PTII/ptolemy/domains/de/test/auto/ComposableCausalityAnalysis.xml
auto.tcl: Setting watchdog for 200 seconds at Sat Jul 11 15:00:17 UTC 2020
3 ms. Memory: 48128K Free: 27837K (58%)
ptolemy.util.test.WatchDog.cancel(): canceling Sat Jul 11 15:00:17 UTC 2020
auto.tcl: Setting watchdog for 200 seconds at Sat Jul 11 15:00:17 UTC 2020
2 ms. Memory: 48128K Free: 26847K (56%)
ptolemy.util.test.WatchDog.cancel(): canceling Sat Jul 11 15:00:17 UTC 2020
------------------ testing $PTII/ptolemy/domains/de/test/auto/DEFixedPointLimitation.xml
auto.tcl: Setting watchdog for 200 seconds at Sat Jul 11 15:00:18 UTC 2020
2 ms. Memory: 48128K Free: 29028K (60%)
ptolemy.util.test.WatchDog.cancel(): canceling Sat Jul 11 15:00:18 UTC 2020
auto.tcl: Setting watchdog for 200 seconds at Sat Jul 11 15:00:18 UTC 2020
1 ms. Memory: 48128K Free: 28111K (58%)
ptolemy.util.test.WatchDog.cancel(): canceling Sat Jul 11 15:00:18 UTC 2020
------------------ testing $PTII/ptolemy/domains/de/test/auto/DEScheduleTest.xml
auto.tcl: Setting watchdog for 200 seconds at Sat Jul 11 15:00:18 UTC 2020
3 ms. Memory: 48128K Free: 29321K (61%)
ptolemy.util.test.WatchDog.cancel(): canceling Sat Jul 11 15:00:18 UTC 2020
auto.tcl: Setting watchdog for 200 seconds at Sat Jul 11 15:00:18 UTC 2020
3 ms. Memory: 48128K Free: 28557K (59%)
ptolemy.util.test.WatchDog.cancel(): canceling Sat Jul 11 15:00:18 UTC 2020
------------------ testing $PTII/ptolemy/domains/de/test/auto/DEinDEwithStartTimes.xml
auto.tcl: Setting watchdog for 200 seconds at Sat Jul 11 15:00:18 UTC 2020
5 ms. Memory: 48128K Free: 27498K (57%)
ptolemy.util.test.WatchDog.cancel(): canceling Sat Jul 11 15:00:18 UTC 2020
auto.tcl: Setting watchdog for 200 seconds at Sat Jul 11 15:00:18 UTC 2020
3 ms. Memory: 48128K Free: 26457K (55%)
ptolemy.util.test.WatchDog.cancel(): canceling Sat Jul 11 15:00:18 UTC 2020
------------------ testing $PTII/ptolemy/domains/de/test/auto/DEinDEwithStartTimes2.xml
auto.tcl: Setting watchdog for 200 seconds at Sat Jul 11 15:00:18 UTC 2020
5 ms. Memory: 48128K Free: 26660K (55%)
ptolemy.util.test.WatchDog.cancel(): canceling Sat Jul 11 15:00:18 UTC 2020
auto.tcl: Setting watchdog for 200 seconds at Sat Jul 11 15:00:18 UTC 2020
4 ms. Memory: 48128K Free: 25410K (53%)
ptolemy.util.test.WatchDog.cancel(): canceling Sat Jul 11 15:00:18 UTC 2020
------------------ testing $PTII/ptolemy/domains/de/test/auto/DateDemo.xml
auto.tcl: Setting watchdog for 200 seconds at Sat Jul 11 15:00:18 UTC 2020
12 ms. Memory: 48128K Free: 21053K (44%)
ptolemy.util.test.WatchDog.cancel(): canceling Sat Jul 11 15:00:18 UTC 2020
auto.tcl: Setting watchdog for 200 seconds at Sat Jul 11 15:00:18 UTC 2020
7 ms. Memory: 48128K Free: 19459K (40%)
ptolemy.util.test.WatchDog.cancel(): canceling Sat Jul 11 15:00:18 UTC 2020
------------------ testing $PTII/ptolemy/domains/de/test/auto/DateToEvent.xml
auto.tcl: Setting watchdog for 200 seconds at Sat Jul 11 15:00:18 UTC 2020
2019 ms. Memory: 48128K Free: 16748K (35%)
ptolemy.util.test.WatchDog.cancel(): canceling Sat Jul 11 15:00:20 UTC 2020
auto.tcl: Setting watchdog for 200 seconds at Sat Jul 11 15:00:20 UTC 2020
2004 ms. Memory: 48128K Free: 16004K (33%)
ptolemy.util.test.WatchDog.cancel(): canceling Sat Jul 11 15:00:22 UTC 2020
------------------ testing $PTII/ptolemy/domains/de/test/auto/DepthTest1.xml
auto.tcl: Setting watchdog for 200 seconds at Sat Jul 11 15:00:22 UTC 2020
4 ms. Memory: 48128K Free: 30122K (63%)
ptolemy.util.test.WatchDog.cancel(): canceling Sat Jul 11 15:00:22 UTC 2020
auto.tcl: Setting watchdog for 200 seconds at Sat Jul 11 15:00:22 UTC 2020
2 ms. Memory: 48128K Free: 29740K (62%)
ptolemy.util.test.WatchDog.cancel(): canceling Sat Jul 11 15:00:22 UTC 2020
------------------ testing $PTII/ptolemy/domains/de/test/auto/DepthTest2.xml
auto.tcl: Setting watchdog for 200 seconds at Sat Jul 11 15:00:22 UTC 2020
8 ms. Memory: 48128K Free: 26951K (56%)
ptolemy.util.test.WatchDog.cancel(): canceling Sat Jul 11 15:00:22 UTC 2020
auto.tcl: Setting watchdog for 200 seconds at Sat Jul 11 15:00:22 UTC 2020
3 ms. Memory: 48128K Free: 26538K (55%)
ptolemy.util.test.WatchDog.cancel(): canceling Sat Jul 11 15:00:22 UTC 2020
------------------ testing $PTII/ptolemy/domains/de/test/auto/DepthTest3.xml
auto.tcl: Setting watchdog for 200 seconds at Sat Jul 11 15:00:22 UTC 2020
3 ms. Memory: 48128K Free: 30452K (63%)
ptolemy.util.test.WatchDog.cancel(): canceling Sat Jul 11 15:00:22 UTC 2020
auto.tcl: Setting watchdog for 200 seconds at Sat Jul 11 15:00:22 UTC 2020
1 ms. Memory: 48128K Free: 30023K (62%)
ptolemy.util.test.WatchDog.cancel(): canceling Sat Jul 11 15:00:22 UTC 2020
------------------ testing $PTII/ptolemy/domains/de/test/auto/DepthTest4.xml
auto.tcl: Setting watchdog for 200 seconds at Sat Jul 11 15:00:22 UTC 2020
2 ms. Memory: 48128K Free: 28802K (60%)
ptolemy.util.test.WatchDog.cancel(): canceling Sat Jul 11 15:00:22 UTC 2020
auto.tcl: Setting watchdog for 200 seconds at Sat Jul 11 15:00:22 UTC 2020
3 ms. Memory: 48128K Free: 28049K (58%)
ptolemy.util.test.WatchDog.cancel(): canceling Sat Jul 11 15:00:22 UTC 2020
------------------ testing $PTII/ptolemy/domains/de/test/auto/DepthTest5.xml
auto.tcl: Setting watchdog for 200 seconds at Sat Jul 11 15:00:22 UTC 2020
5 ms. Memory: 48128K Free: 27949K (58%)
ptolemy.util.test.WatchDog.cancel(): canceling Sat Jul 11 15:00:22 UTC 2020
auto.tcl: Setting watchdog for 200 seconds at Sat Jul 11 15:00:22 UTC 2020
3 ms. Memory: 48128K Free: 27412K (57%)
ptolemy.util.test.WatchDog.cancel(): canceling Sat Jul 11 15:00:22 UTC 2020
------------------ testing $PTII/ptolemy/domains/de/test/auto/DepthTest6.xml
auto.tcl: Setting watchdog for 200 seconds at Sat Jul 11 15:00:22 UTC 2020
3 ms. Memory: 48128K Free: 27911K (58%)
ptolemy.util.test.WatchDog.cancel(): canceling Sat Jul 11 15:00:22 UTC 2020
auto.tcl: Setting watchdog for 200 seconds at Sat Jul 11 15:00:22 UTC 2020
2 ms. Memory: 48128K Free: 27490K (57%)
ptolemy.util.test.WatchDog.cancel(): canceling Sat Jul 11 15:00:22 UTC 2020
------------------ testing $PTII/ptolemy/domains/de/test/auto/DepthTest7.xml
auto.tcl: Setting watchdog for 200 seconds at Sat Jul 11 15:00:22 UTC 2020
2 ms. Memory: 48128K Free: 28727K (60%)
ptolemy.util.test.WatchDog.cancel(): canceling Sat Jul 11 15:00:22 UTC 2020
auto.tcl: Setting watchdog for 200 seconds at Sat Jul 11 15:00:22 UTC 2020
2 ms. Memory: 48128K Free: 27990K (58%)
ptolemy.util.test.WatchDog.cancel(): canceling Sat Jul 11 15:00:22 UTC 2020
------------------ testing $PTII/ptolemy/domains/de/test/auto/EventToDate.xml
auto.tcl: Setting watchdog for 200 seconds at Sat Jul 11 15:00:23 UTC 2020
3005 ms. Memory: 48128K Free: 19296K (40%)
ptolemy.util.test.WatchDog.cancel(): canceling Sat Jul 11 15:00:26 UTC 2020
auto.tcl: Setting watchdog for 200 seconds at Sat Jul 11 15:00:26 UTC 2020
3004 ms. Memory: 48128K Free: 18803K (39%)
ptolemy.util.test.WatchDog.cancel(): canceling Sat Jul 11 15:00:29 UTC 2020
------------------ testing $PTII/ptolemy/domains/de/test/auto/FSM1.xml
auto.tcl: Setting watchdog for 200 seconds at Sat Jul 11 15:00:29 UTC 2020
29 ms. Memory: 48128K Free: 20728K (43%)
ptolemy.util.test.WatchDog.cancel(): canceling Sat Jul 11 15:00:29 UTC 2020
auto.tcl: Setting watchdog for 200 seconds at Sat Jul 11 15:00:29 UTC 2020
17 ms. Memory: 48128K Free: 17495K (36%)
ptolemy.util.test.WatchDog.cancel(): canceling Sat Jul 11 15:00:29 UTC 2020
------------------ testing $PTII/ptolemy/domains/de/test/auto/FSM7.xml
auto.tcl: Setting watchdog for 200 seconds at Sat Jul 11 15:00:29 UTC 2020
24 ms. Memory: 48128K Free: 20419K (42%)
ptolemy.util.test.WatchDog.cancel(): canceling Sat Jul 11 15:00:29 UTC 2020
auto.tcl: Setting watchdog for 200 seconds at Sat Jul 11 15:00:29 UTC 2020
24 ms. Memory: 48128K Free: 17287K (36%)
ptolemy.util.test.WatchDog.cancel(): canceling Sat Jul 11 15:00:29 UTC 2020
------------------ testing $PTII/ptolemy/domains/de/test/auto/Inspection.xml
auto.tcl: Setting watchdog for 200 seconds at Sat Jul 11 15:00:29 UTC 2020
40 ms. Memory: 48128K Free: 20435K (42%)
ptolemy.util.test.WatchDog.cancel(): canceling Sat Jul 11 15:00:29 UTC 2020
auto.tcl: Setting watchdog for 200 seconds at Sat Jul 11 15:00:29 UTC 2020
22 ms. Memory: 48128K Free: 18712K (39%)
ptolemy.util.test.WatchDog.cancel(): canceling Sat Jul 11 15:00:29 UTC 2020
------------------ testing $PTII/ptolemy/domains/de/test/auto/Iteration.xml
auto.tcl: Setting watchdog for 200 seconds at Sat Jul 11 15:00:29 UTC 2020
7 ms. Memory: 48128K Free: 26179K (54%)
ptolemy.util.test.WatchDog.cancel(): canceling Sat Jul 11 15:00:29 UTC 2020
auto.tcl: Setting watchdog for 200 seconds at Sat Jul 11 15:00:29 UTC 2020
6 ms. Memory: 48128K Free: 24767K (51%)
ptolemy.util.test.WatchDog.cancel(): canceling Sat Jul 11 15:00:29 UTC 2020
------------------ testing $PTII/ptolemy/domains/de/test/auto/LineFault.xml
auto.tcl: Setting watchdog for 200 seconds at Sat Jul 11 15:00:29 UTC 2020
546 ms. Memory: 48128K Free: 23452K (49%)
ptolemy.util.test.WatchDog.cancel(): canceling Sat Jul 11 15:00:30 UTC 2020
auto.tcl: Setting watchdog for 200 seconds at Sat Jul 11 15:00:30 UTC 2020
621 ms. Memory: 58368K Free: 19442K (33%)
ptolemy.util.test.WatchDog.cancel(): canceling Sat Jul 11 15:00:31 UTC 2020
------------------ testing $PTII/ptolemy/domains/de/test/auto/MergeModel1Add.xml
auto.tcl: Setting watchdog for 200 seconds at Sat Jul 11 15:00:31 UTC 2020
19 ms. Memory: 55296K Free: 19344K (35%)
ptolemy.util.test.WatchDog.cancel(): canceling Sat Jul 11 15:00:31 UTC 2020
auto.tcl: Setting watchdog for 200 seconds at Sat Jul 11 15:00:31 UTC 2020
12 ms. Memory: 55296K Free: 17699K (32%)
ptolemy.util.test.WatchDog.cancel(): canceling Sat Jul 11 15:00:31 UTC 2020
------------------ testing $PTII/ptolemy/domains/de/test/auto/MergeModel2Add.xml
auto.tcl: Setting watchdog for 200 seconds at Sat Jul 11 15:00:31 UTC 2020
15 ms. Memory: 55296K Free: 21157K (38%)
ptolemy.util.test.WatchDog.cancel(): canceling Sat Jul 11 15:00:31 UTC 2020
auto.tcl: Setting watchdog for 200 seconds at Sat Jul 11 15:00:31 UTC 2020
10 ms. Memory: 55296K Free: 19421K (35%)
ptolemy.util.test.WatchDog.cancel(): canceling Sat Jul 11 15:00:31 UTC 2020
------------------ testing $PTII/ptolemy/domains/de/test/auto/MergeModel3Add.xml
auto.tcl: Setting watchdog for 200 seconds at Sat Jul 11 15:00:31 UTC 2020
9 ms. Memory: 51200K Free: 17337K (34%)
ptolemy.util.test.WatchDog.cancel(): canceling Sat Jul 11 15:00:31 UTC 2020
auto.tcl: Setting watchdog for 200 seconds at Sat Jul 11 15:00:31 UTC 2020
9 ms. Memory: 51200K Free: 15776K (31%)
ptolemy.util.test.WatchDog.cancel(): canceling Sat Jul 11 15:00:31 UTC 2020
------------------ testing $PTII/ptolemy/domains/de/test/auto/MergeWithoutDiscard.xml
auto.tcl: Setting watchdog for 200 seconds at Sat Jul 11 15:00:31 UTC 2020
1 ms. Memory: 51200K Free: 31685K (62%)
ptolemy.util.test.WatchDog.cancel(): canceling Sat Jul 11 15:00:31 UTC 2020
auto.tcl: Setting watchdog for 200 seconds at Sat Jul 11 15:00:31 UTC 2020
1 ms. Memory: 51200K Free: 31252K (61%)
ptolemy.util.test.WatchDog.cancel(): canceling Sat Jul 11 15:00:31 UTC 2020
------------------ testing $PTII/ptolemy/domains/de/test/auto/Modal1.xml
auto.tcl: Setting watchdog for 200 seconds at Sat Jul 11 15:00:31 UTC 2020
15 ms. Memory: 51200K Free: 23789K (46%)
ptolemy.util.test.WatchDog.cancel(): canceling Sat Jul 11 15:00:31 UTC 2020
auto.tcl: Setting watchdog for 200 seconds at Sat Jul 11 15:00:31 UTC 2020
20 ms. Memory: 51200K Free: 20329K (40%)
ptolemy.util.test.WatchDog.cancel(): canceling Sat Jul 11 15:00:31 UTC 2020
------------------ testing $PTII/ptolemy/domains/de/test/auto/Modal2.xml
auto.tcl: Setting watchdog for 200 seconds at Sat Jul 11 15:00:31 UTC 2020
16 ms. Memory: 51200K Free: 23915K (47%)
ptolemy.util.test.WatchDog.cancel(): canceling Sat Jul 11 15:00:31 UTC 2020
auto.tcl: Setting watchdog for 200 seconds at Sat Jul 11 15:00:31 UTC 2020
20 ms. Memory: 51200K Free: 20683K (40%)
ptolemy.util.test.WatchDog.cancel(): canceling Sat Jul 11 15:00:31 UTC 2020
------------------ testing $PTII/ptolemy/domains/de/test/auto/Modal3.xml
auto.tcl: Setting watchdog for 200 seconds at Sat Jul 11 15:00:31 UTC 2020
14 ms. Memory: 51200K Free: 23443K (46%)
ptolemy.util.test.WatchDog.cancel(): canceling Sat Jul 11 15:00:31 UTC 2020
auto.tcl: Setting watchdog for 200 seconds at Sat Jul 11 15:00:31 UTC 2020
17 ms. Memory: 51200K Free: 20292K (40%)
ptolemy.util.test.WatchDog.cancel(): canceling Sat Jul 11 15:00:31 UTC 2020
------------------ testing $PTII/ptolemy/domains/de/test/auto/Modal4.xml
auto.tcl: Setting watchdog for 200 seconds at Sat Jul 11 15:00:31 UTC 2020
22 ms. Memory: 51200K Free: 22651K (44%)
ptolemy.util.test.WatchDog.cancel(): canceling Sat Jul 11 15:00:31 UTC 2020
auto.tcl: Setting watchdog for 200 seconds at Sat Jul 11 15:00:31 UTC 2020
14 ms. Memory: 51200K Free: 18651K (36%)
ptolemy.util.test.WatchDog.cancel(): canceling Sat Jul 11 15:00:31 UTC 2020
------------------ testing $PTII/ptolemy/domains/de/test/auto/Modal5.xml
auto.tcl: Setting watchdog for 200 seconds at Sat Jul 11 15:00:32 UTC 2020
12 ms. Memory: 51200K Free: 22851K (45%)
ptolemy.util.test.WatchDog.cancel(): canceling Sat Jul 11 15:00:32 UTC 2020
auto.tcl: Setting watchdog for 200 seconds at Sat Jul 11 15:00:32 UTC 2020
13 ms. Memory: 51200K Free: 19015K (37%)
ptolemy.util.test.WatchDog.cancel(): canceling Sat Jul 11 15:00:32 UTC 2020
------------------ testing $PTII/ptolemy/domains/de/test/auto/Modal6.xml
auto.tcl: Setting watchdog for 200 seconds at Sat Jul 11 15:00:32 UTC 2020
11 ms. Memory: 51200K Free: 23644K (46%)
ptolemy.util.test.WatchDog.cancel(): canceling Sat Jul 11 15:00:32 UTC 2020
auto.tcl: Setting watchdog for 200 seconds at Sat Jul 11 15:00:32 UTC 2020
13 ms. Memory: 51200K Free: 19647K (38%)
ptolemy.util.test.WatchDog.cancel(): canceling Sat Jul 11 15:00:32 UTC 2020
------------------ testing $PTII/ptolemy/domains/de/test/auto/Modal7.xml
auto.tcl: Setting watchdog for 200 seconds at Sat Jul 11 15:00:32 UTC 2020
10 ms. Memory: 51200K Free: 22819K (45%)
ptolemy.util.test.WatchDog.cancel(): canceling Sat Jul 11 15:00:32 UTC 2020
auto.tcl: Setting watchdog for 200 seconds at Sat Jul 11 15:00:32 UTC 2020
9 ms. Memory: 51200K Free: 19287K (38%)
ptolemy.util.test.WatchDog.cancel(): canceling Sat Jul 11 15:00:32 UTC 2020
------------------ testing $PTII/ptolemy/domains/de/test/auto/ModalModel.xml
auto.tcl: Setting watchdog for 200 seconds at Sat Jul 11 15:00:32 UTC 2020
178 ms. Memory: 51200K Free: 12981K (25%)
ptolemy.util.test.WatchDog.cancel(): canceling Sat Jul 11 15:00:32 UTC 2020
auto.tcl: Setting watchdog for 200 seconds at Sat Jul 11 15:00:32 UTC 2020
202 ms. Memory: 62464K Free: 43247K (69%)
ptolemy.util.test.WatchDog.cancel(): canceling Sat Jul 11 15:00:32 UTC 2020
------------------ testing $PTII/ptolemy/domains/de/test/auto/ModalSource.xml
auto.tcl: Setting watchdog for 200 seconds at Sat Jul 11 15:00:32 UTC 2020
8 ms. Memory: 55296K Free: 31784K (57%)
ptolemy.util.test.WatchDog.cancel(): canceling Sat Jul 11 15:00:32 UTC 2020
auto.tcl: Setting watchdog for 200 seconds at Sat Jul 11 15:00:32 UTC 2020
6 ms. Memory: 55296K Free: 29736K (54%)
ptolemy.util.test.WatchDog.cancel(): canceling Sat Jul 11 15:00:32 UTC 2020
------------------ testing $PTII/ptolemy/domains/de/test/auto/NonInterruptibleTimerZeroDelay.xml
auto.tcl: Setting watchdog for 200 seconds at Sat Jul 11 15:00:32 UTC 2020
3 ms. Memory: 55296K Free: 36666K (66%)
ptolemy.util.test.WatchDog.cancel(): canceling Sat Jul 11 15:00:32 UTC 2020
auto.tcl: Setting watchdog for 200 seconds at Sat Jul 11 15:00:32 UTC 2020
2 ms. Memory: 55296K Free: 36055K (65%)
ptolemy.util.test.WatchDog.cancel(): canceling Sat Jul 11 15:00:32 UTC 2020
------------------ testing $PTII/ptolemy/domains/de/test/auto/OpenQueueingNetwork.xml
auto.tcl: Setting watchdog for 200 seconds at Sat Jul 11 15:00:32 UTC 2020
2807 ms. Memory: 113664K Free: 89433K (79%)
ptolemy.util.test.WatchDog.cancel(): canceling Sat Jul 11 15:00:35 UTC 2020
auto.tcl: Setting watchdog for 200 seconds at Sat Jul 11 15:00:35 UTC 2020
2134 ms. Memory: 137216K Free: 86960K (63%)
ptolemy.util.test.WatchDog.cancel(): canceling Sat Jul 11 15:00:37 UTC 2020
------------------ testing $PTII/ptolemy/domains/de/test/auto/OpenQueuingNetwork.xml
auto.tcl: Setting watchdog for 200 seconds at Sat Jul 11 15:00:38 UTC 2020
251 ms. Memory: 58368K Free: 32862K (56%)
ptolemy.util.test.WatchDog.cancel(): canceling Sat Jul 11 15:00:38 UTC 2020
auto.tcl: Setting watchdog for 200 seconds at Sat Jul 11 15:00:38 UTC 2020
238 ms. Memory: 58368K Free: 14853K (25%)
ptolemy.util.test.WatchDog.cancel(): canceling Sat Jul 11 15:00:38 UTC 2020
------------------ testing $PTII/ptolemy/domains/de/test/auto/PeriodicSampler.xml
auto.tcl: Setting watchdog for 200 seconds at Sat Jul 11 15:00:38 UTC 2020
3 ms. Memory: 58368K Free: 38988K (67%)
ptolemy.util.test.WatchDog.cancel(): canceling Sat Jul 11 15:00:38 UTC 2020
auto.tcl: Setting watchdog for 200 seconds at Sat Jul 11 15:00:38 UTC 2020
2 ms. Memory: 58368K Free: 38468K (66%)
ptolemy.util.test.WatchDog.cancel(): canceling Sat Jul 11 15:00:38 UTC 2020
------------------ testing $PTII/ptolemy/domains/de/test/auto/PersistentIO.xml
auto.tcl: Setting watchdog for 200 seconds at Sat Jul 11 15:00:38 UTC 2020
5 ms. Memory: 55296K Free: 30825K (56%)
ptolemy.util.test.WatchDog.cancel(): canceling Sat Jul 11 15:00:38 UTC 2020
auto.tcl: Setting watchdog for 200 seconds at Sat Jul 11 15:00:38 UTC 2020
4 ms. Memory: 55296K Free: 29321K (53%)
ptolemy.util.test.WatchDog.cancel(): canceling Sat Jul 11 15:00:38 UTC 2020
------------------ testing $PTII/ptolemy/domains/de/test/auto/PortParameterResetOnInitialize.xml
auto.tcl: Setting watchdog for 200 seconds at Sat Jul 11 15:00:38 UTC 2020
2 ms. Memory: 51200K Free: 31743K (62%)
ptolemy.util.test.WatchDog.cancel(): canceling Sat Jul 11 15:00:38 UTC 2020
auto.tcl: Setting watchdog for 200 seconds at Sat Jul 11 15:00:38 UTC 2020
2 ms. Memory: 51200K Free: 31233K (61%)
ptolemy.util.test.WatchDog.cancel(): canceling Sat Jul 11 15:00:38 UTC 2020
------------------ testing $PTII/ptolemy/domains/de/test/auto/PortParameterUpdates.xml
auto.tcl: Setting watchdog for 200 seconds at Sat Jul 11 15:00:38 UTC 2020
6 ms. Memory: 51200K Free: 29813K (58%)
ptolemy.util.test.WatchDog.cancel(): canceling Sat Jul 11 15:00:38 UTC 2020
auto.tcl: Setting watchdog for 200 seconds at Sat Jul 11 15:00:38 UTC 2020
4 ms. Memory: 51200K Free: 28787K (56%)
ptolemy.util.test.WatchDog.cancel(): canceling Sat Jul 11 15:00:38 UTC 2020
------------------ testing $PTII/ptolemy/domains/de/test/auto/QueueAndServer.xml
auto.tcl: Setting watchdog for 200 seconds at Sat Jul 11 15:00:38 UTC 2020
16 ms. Memory: 51200K Free: 28765K (56%)
ptolemy.util.test.WatchDog.cancel(): canceling Sat Jul 11 15:00:38 UTC 2020
auto.tcl: Setting watchdog for 200 seconds at Sat Jul 11 15:00:38 UTC 2020
5 ms. Memory: 51200K Free: 27231K (53%)
ptolemy.util.test.WatchDog.cancel(): canceling Sat Jul 11 15:00:38 UTC 2020
------------------ testing $PTII/ptolemy/domains/de/test/auto/Records.xml
auto.tcl: Setting watchdog for 200 seconds at Sat Jul 11 15:00:39 UTC 2020
5 ms. Memory: 51200K Free: 30971K (60%)
ptolemy.util.test.WatchDog.cancel(): canceling Sat Jul 11 15:00:39 UTC 2020
auto.tcl: Setting watchdog for 200 seconds at Sat Jul 11 15:00:39 UTC 2020
1 ms. Memory: 51200K Free: 30459K (59%)
ptolemy.util.test.WatchDog.cancel(): canceling Sat Jul 11 15:00:39 UTC 2020
------------------ testing $PTII/ptolemy/domains/de/test/auto/ResetTransitionWithStartTime1.xml
auto.tcl: Setting watchdog for 200 seconds at Sat Jul 11 15:00:39 UTC 2020
6 ms. Memory: 51200K Free: 28228K (55%)
ptolemy.util.test.WatchDog.cancel(): canceling Sat Jul 11 15:00:39 UTC 2020
auto.tcl: Setting watchdog for 200 seconds at Sat Jul 11 15:00:39 UTC 2020
6 ms. Memory: 51200K Free: 26180K (51%)
ptolemy.util.test.WatchDog.cancel(): canceling Sat Jul 11 15:00:39 UTC 2020
------------------ testing $PTII/ptolemy/domains/de/test/auto/ResetTransitionWithStartTime2.xml
auto.tcl: Setting watchdog for 200 seconds at Sat Jul 11 15:00:39 UTC 2020
7 ms. Memory: 51200K Free: 28183K (55%)
ptolemy.util.test.WatchDog.cancel(): canceling Sat Jul 11 15:00:39 UTC 2020
auto.tcl: Setting watchdog for 200 seconds at Sat Jul 11 15:00:39 UTC 2020
6 ms. Memory: 51200K Free: 26135K (51%)
ptolemy.util.test.WatchDog.cancel(): canceling Sat Jul 11 15:00:39 UTC 2020
------------------ testing $PTII/ptolemy/domains/de/test/auto/ResetTransitionWithStartTime3.xml
auto.tcl: Setting watchdog for 200 seconds at Sat Jul 11 15:00:39 UTC 2020
6 ms. Memory: 51200K Free: 28182K (55%)
ptolemy.util.test.WatchDog.cancel(): canceling Sat Jul 11 15:00:39 UTC 2020
auto.tcl: Setting watchdog for 200 seconds at Sat Jul 11 15:00:39 UTC 2020
6 ms. Memory: 51200K Free: 26134K (51%)
ptolemy.util.test.WatchDog.cancel(): canceling Sat Jul 11 15:00:39 UTC 2020
------------------ testing $PTII/ptolemy/domains/de/test/auto/ResetTransitionWithStartTime4.xml
auto.tcl: Setting watchdog for 200 seconds at Sat Jul 11 15:00:39 UTC 2020
7 ms. Memory: 51200K Free: 28608K (56%)
ptolemy.util.test.WatchDog.cancel(): canceling Sat Jul 11 15:00:39 UTC 2020
auto.tcl: Setting watchdog for 200 seconds at Sat Jul 11 15:00:39 UTC 2020
4 ms. Memory: 51200K Free: 27157K (53%)
ptolemy.util.test.WatchDog.cancel(): canceling Sat Jul 11 15:00:39 UTC 2020
------------------ testing $PTII/ptolemy/domains/de/test/auto/ResettableTimer1.xml
auto.tcl: Setting watchdog for 200 seconds at Sat Jul 11 15:00:39 UTC 2020
3 ms. Memory: 51200K Free: 32387K (63%)
ptolemy.util.test.WatchDog.cancel(): canceling Sat Jul 11 15:00:39 UTC 2020
auto.tcl: Setting watchdog for 200 seconds at Sat Jul 11 15:00:39 UTC 2020
2 ms. Memory: 51200K Free: 31729K (62%)
ptolemy.util.test.WatchDog.cancel(): canceling Sat Jul 11 15:00:39 UTC 2020
------------------ testing $PTII/ptolemy/domains/de/test/auto/ResettableTimer2.xml
auto.tcl: Setting watchdog for 200 seconds at Sat Jul 11 15:00:39 UTC 2020
2 ms. Memory: 51200K Free: 32445K (63%)
ptolemy.util.test.WatchDog.cancel(): canceling Sat Jul 11 15:00:39 UTC 2020
auto.tcl: Setting watchdog for 200 seconds at Sat Jul 11 15:00:39 UTC 2020
2 ms. Memory: 51200K Free: 31791K (62%)
ptolemy.util.test.WatchDog.cancel(): canceling Sat Jul 11 15:00:39 UTC 2020
------------------ testing $PTII/ptolemy/domains/de/test/auto/ResettableTimer3.xml
auto.tcl: Setting watchdog for 200 seconds at Sat Jul 11 15:00:39 UTC 2020
1 ms. Memory: 51200K Free: 32794K (64%)
ptolemy.util.test.WatchDog.cancel(): canceling Sat Jul 11 15:00:39 UTC 2020
auto.tcl: Setting watchdog for 200 seconds at Sat Jul 11 15:00:39 UTC 2020
1 ms. Memory: 51200K Free: 32314K (63%)
ptolemy.util.test.WatchDog.cancel(): canceling Sat Jul 11 15:00:39 UTC 2020
------------------ testing $PTII/ptolemy/domains/de/test/auto/ResettableTimer4.xml
auto.tcl: Setting watchdog for 200 seconds at Sat Jul 11 15:00:39 UTC 2020
1 ms. Memory: 51200K Free: 32327K (63%)
ptolemy.util.test.WatchDog.cancel(): canceling Sat Jul 11 15:00:39 UTC 2020
auto.tcl: Setting watchdog for 200 seconds at Sat Jul 11 15:00:39 UTC 2020
1 ms. Memory: 51200K Free: 31813K (62%)
ptolemy.util.test.WatchDog.cancel(): canceling Sat Jul 11 15:00:39 UTC 2020
------------------ testing $PTII/ptolemy/domains/de/test/auto/ResettableTimer5.xml
auto.tcl: Setting watchdog for 200 seconds at Sat Jul 11 15:00:39 UTC 2020
2 ms. Memory: 51200K Free: 31812K (62%)
ptolemy.util.test.WatchDog.cancel(): canceling Sat Jul 11 15:00:39 UTC 2020
auto.tcl: Setting watchdog for 200 seconds at Sat Jul 11 15:00:39 UTC 2020
1 ms. Memory: 51200K Free: 31302K (61%)
ptolemy.util.test.WatchDog.cancel(): canceling Sat Jul 11 15:00:39 UTC 2020
------------------ testing $PTII/ptolemy/domains/de/test/auto/ResettableTimer6.xml
auto.tcl: Setting watchdog for 200 seconds at Sat Jul 11 15:00:39 UTC 2020
2 ms. Memory: 51200K Free: 31802K (62%)
ptolemy.util.test.WatchDog.cancel(): canceling Sat Jul 11 15:00:39 UTC 2020
auto.tcl: Setting watchdog for 200 seconds at Sat Jul 11 15:00:39 UTC 2020
2 ms. Memory: 51200K Free: 31292K (61%)
ptolemy.util.test.WatchDog.cancel(): canceling Sat Jul 11 15:00:39 UTC 2020
------------------ testing $PTII/ptolemy/domains/de/test/auto/ServerZeroDelay.xml
auto.tcl: Setting watchdog for 200 seconds at Sat Jul 11 15:00:39 UTC 2020
2 ms. Memory: 51200K Free: 32307K (63%)
ptolemy.util.test.WatchDog.cancel(): canceling Sat Jul 11 15:00:39 UTC 2020
auto.tcl: Setting watchdog for 200 seconds at Sat Jul 11 15:00:39 UTC 2020
2 ms. Memory: 51200K Free: 31283K (61%)
ptolemy.util.test.WatchDog.cancel(): canceling Sat Jul 11 15:00:39 UTC 2020
------------------ testing $PTII/ptolemy/domains/de/test/auto/SmartSender.xml
auto.tcl: Setting watchdog for 200 seconds at Sat Jul 11 15:00:39 UTC 2020
3001 ms. Memory: 51200K Free: 31788K (62%)
ptolemy.util.test.WatchDog.cancel(): canceling Sat Jul 11 15:00:42 UTC 2020
auto.tcl: Setting watchdog for 200 seconds at Sat Jul 11 15:00:42 UTC 2020
3002 ms. Memory: 51200K Free: 31278K (61%)
ptolemy.util.test.WatchDog.cancel(): canceling Sat Jul 11 15:00:45 UTC 2020
------------------ testing $PTII/ptolemy/domains/de/test/auto/ThreadedComposite.xml
auto.tcl: Setting watchdog for 200 seconds at Sat Jul 11 15:00:45 UTC 2020
241 ms. Memory: 51200K Free: 13884K (27%)
ptolemy.util.test.WatchDog.cancel(): canceling Sat Jul 11 15:00:46 UTC 2020
auto.tcl: Setting watchdog for 200 seconds at Sat Jul 11 15:00:46 UTC 2020
162 ms. Memory: 51200K Free: 29532K (58%)
ptolemy.util.test.WatchDog.cancel(): canceling Sat Jul 11 15:00:46 UTC 2020
------------------ testing $PTII/ptolemy/domains/de/test/auto/Time.xml
auto.tcl: Setting watchdog for 200 seconds at Sat Jul 11 15:00:46 UTC 2020
447 ms. Memory: 51200K Free: 12039K (24%)
ptolemy.util.test.WatchDog.cancel(): canceling Sat Jul 11 15:00:46 UTC 2020
auto.tcl: Setting watchdog for 200 seconds at Sat Jul 11 15:00:46 UTC 2020
378 ms. Memory: 65536K Free: 33047K (50%)
ptolemy.util.test.WatchDog.cancel(): canceling Sat Jul 11 15:00:47 UTC 2020
------------------ testing $PTII/ptolemy/domains/de/test/auto/TimeDelayZeroDelay.xml
auto.tcl: Setting watchdog for 200 seconds at Sat Jul 11 15:00:47 UTC 2020
2 ms. Memory: 55296K Free: 36832K (67%)
ptolemy.util.test.WatchDog.cancel(): canceling Sat Jul 11 15:00:47 UTC 2020
auto.tcl: Setting watchdog for 200 seconds at Sat Jul 11 15:00:47 UTC 2020
2 ms. Memory: 55296K Free: 35940K (65%)
ptolemy.util.test.WatchDog.cancel(): canceling Sat Jul 11 15:00:47 UTC 2020
------------------ testing $PTII/ptolemy/domains/de/test/auto/TimerZeroDelay.xml
auto.tcl: Setting watchdog for 200 seconds at Sat Jul 11 15:00:47 UTC 2020
2 ms. Memory: 51200K Free: 32664K (64%)
ptolemy.util.test.WatchDog.cancel(): canceling Sat Jul 11 15:00:47 UTC 2020
auto.tcl: Setting watchdog for 200 seconds at Sat Jul 11 15:00:47 UTC 2020
2 ms. Memory: 51200K Free: 31883K (62%)
ptolemy.util.test.WatchDog.cancel(): canceling Sat Jul 11 15:00:47 UTC 2020
------------------ testing $PTII/ptolemy/domains/de/test/auto/TimingParadox.xml
auto.tcl: Setting watchdog for 200 seconds at Sat Jul 11 15:00:47 UTC 2020
282 ms. Memory: 51200K Free: 20960K (41%)
ptolemy.util.test.WatchDog.cancel(): canceling Sat Jul 11 15:00:47 UTC 2020
auto.tcl: Setting watchdog for 200 seconds at Sat Jul 11 15:00:47 UTC 2020
307 ms. Memory: 51200K Free: 12450K (24%)
ptolemy.util.test.WatchDog.cancel(): canceling Sat Jul 11 15:00:47 UTC 2020
------------------ testing $PTII/ptolemy/domains/de/test/auto/TransferInputs.xml
auto.tcl: Setting watchdog for 200 seconds at Sat Jul 11 15:00:47 UTC 2020
2 ms. Memory: 51200K Free: 30742K (60%)
ptolemy.util.test.WatchDog.cancel(): canceling Sat Jul 11 15:00:47 UTC 2020
auto.tcl: Setting watchdog for 200 seconds at Sat Jul 11 15:00:47 UTC 2020
3 ms. Memory: 51200K Free: 29872K (58%)
ptolemy.util.test.WatchDog.cancel(): canceling Sat Jul 11 15:00:47 UTC 2020
------------------ testing $PTII/ptolemy/domains/de/test/auto/TransferOutputs2.xml
auto.tcl: Setting watchdog for 200 seconds at Sat Jul 11 15:00:48 UTC 2020
2 ms. Memory: 51200K Free: 28184K (55%)
ptolemy.util.test.WatchDog.cancel(): canceling Sat Jul 11 15:00:48 UTC 2020
auto.tcl: Setting watchdog for 200 seconds at Sat Jul 11 15:00:48 UTC 2020
2 ms. Memory: 51200K Free: 26786K (52%)
ptolemy.util.test.WatchDog.cancel(): canceling Sat Jul 11 15:00:48 UTC 2020
------------------ testing $PTII/ptolemy/domains/de/test/auto/Trilateration.xml
auto.tcl: Setting watchdog for 200 seconds at Sat Jul 11 15:00:48 UTC 2020
12755 ms. Memory: 420864K Free: 186355K (44%)
ptolemy.util.test.WatchDog.cancel(): canceling Sat Jul 11 15:01:01 UTC 2020
auto.tcl: Setting watchdog for 200 seconds at Sat Jul 11 15:01:01 UTC 2020
9237 ms. Memory: 420864K Free: 303429K (72%)
ptolemy.util.test.WatchDog.cancel(): canceling Sat Jul 11 15:01:11 UTC 2020
------------------ testing $PTII/ptolemy/domains/de/test/auto/TwoSigmaDelta.xml
auto.tcl: Setting watchdog for 200 seconds at Sat Jul 11 15:01:11 UTC 2020
2190 ms. Memory: 92160K Free: 31466K (34%)
ptolemy.util.test.WatchDog.cancel(): canceling Sat Jul 11 15:01:13 UTC 2020
auto.tcl: Setting watchdog for 200 seconds at Sat Jul 11 15:01:13 UTC 2020
1790 ms. Memory: 92160K Free: 35593K (39%)
ptolemy.util.test.WatchDog.cancel(): canceling Sat Jul 11 15:01:15 UTC 2020
------------------ testing $PTII/ptolemy/domains/de/test/auto/VariableDelay.xml
auto.tcl: Setting watchdog for 200 seconds at Sat Jul 11 15:01:15 UTC 2020
2 ms. Memory: 55296K Free: 35313K (64%)
ptolemy.util.test.WatchDog.cancel(): canceling Sat Jul 11 15:01:15 UTC 2020
auto.tcl: Setting watchdog for 200 seconds at Sat Jul 11 15:01:15 UTC 2020
1 ms. Memory: 55296K Free: 34319K (62%)
ptolemy.util.test.WatchDog.cancel(): canceling Sat Jul 11 15:01:15 UTC 2020
------------------ testing $PTII/ptolemy/domains/de/test/auto/VariableDelay2.xml
auto.tcl: Setting watchdog for 200 seconds at Sat Jul 11 15:01:15 UTC 2020
6 ms. Memory: 55296K Free: 35922K (65%)
ptolemy.util.test.WatchDog.cancel(): canceling Sat Jul 11 15:01:15 UTC 2020
auto.tcl: Setting watchdog for 200 seconds at Sat Jul 11 15:01:15 UTC 2020
2 ms. Memory: 55296K Free: 35394K (64%)
ptolemy.util.test.WatchDog.cancel(): canceling Sat Jul 11 15:01:15 UTC 2020
------------------ testing $PTII/ptolemy/domains/de/test/auto/VariableDelayZeroDelay.xml
auto.tcl: Setting watchdog for 200 seconds at Sat Jul 11 15:01:15 UTC 2020
2 ms. Memory: 55296K Free: 36255K (66%)
ptolemy.util.test.WatchDog.cancel(): canceling Sat Jul 11 15:01:15 UTC 2020
auto.tcl: Setting watchdog for 200 seconds at Sat Jul 11 15:01:15 UTC 2020
2 ms. Memory: 55296K Free: 35711K (65%)
ptolemy.util.test.WatchDog.cancel(): canceling Sat Jul 11 15:01:15 UTC 2020
------------------ testing $PTII/ptolemy/domains/de/test/auto/VariableDelayZeroDelay2.xml
auto.tcl: Setting watchdog for 200 seconds at Sat Jul 11 15:01:15 UTC 2020
2 ms. Memory: 55296K Free: 36254K (66%)
ptolemy.util.test.WatchDog.cancel(): canceling Sat Jul 11 15:01:15 UTC 2020
auto.tcl: Setting watchdog for 200 seconds at Sat Jul 11 15:01:15 UTC 2020
2 ms. Memory: 55296K Free: 35230K (64%)
ptolemy.util.test.WatchDog.cancel(): canceling Sat Jul 11 15:01:15 UTC 2020
------------------ testing $PTII/ptolemy/domains/de/test/auto/deInCt.xml
auto.tcl: Setting watchdog for 200 seconds at Sat Jul 11 15:01:15 UTC 2020
0
1
1
1
0
0
0
1
1
1
0
0
0
0
1
1
1
0
0
0
1
1
0
0
0
1
1
1
0
0
0
1
1
1
0
0
0
0
1
1
1
1
1
10 ms. Memory: 55296K Free: 35227K (64%)
ptolemy.util.test.WatchDog.cancel(): canceling Sat Jul 11 15:01:15 UTC 2020
auto.tcl: Setting watchdog for 200 seconds at Sat Jul 11 15:01:15 UTC 2020
0
1
1
1
0
0
0
0
0
1
1
1
1
0
0
0
0
0
0
1
1
1
0
0
0
1
1
1
0
0
0
0
1
1
1
1
9 ms. Memory: 55296K Free: 33689K (61%)
ptolemy.util.test.WatchDog.cancel(): canceling Sat Jul 11 15:01:15 UTC 2020
------------------ testing $PTII/ptolemy/domains/de/test/auto/deInCt2.xml
auto.tcl: Setting watchdog for 200 seconds at Sat Jul 11 15:01:15 UTC 2020
0
1
1
1
0
0
1
1
1
0
0
1
1
1
0
0
1
1
1
0
0
1
1
1
0
0
1
1
1
0
0
1
1
1
0
0
1
1
1
0
0
0
17 ms. Memory: 55296K Free: 35228K (64%)
ptolemy.util.test.WatchDog.cancel(): canceling Sat Jul 11 15:01:15 UTC 2020
auto.tcl: Setting watchdog for 200 seconds at Sat Jul 11 15:01:15 UTC 2020
0
1
1
1
0
0
1
1
1
0
0
1
1
1
0
0
1
1
1
0
0
1
1
1
0
0
1
1
1
0
0
1
1
1
0
0
1
1
1
0
0
0
11 ms. Memory: 55296K Free: 33676K (61%)
ptolemy.util.test.WatchDog.cancel(): canceling Sat Jul 11 15:01:15 UTC 2020
------------------ testing $PTII/ptolemy/domains/de/test/auto/dynamicCausalityInterface1.xml
auto.tcl: Setting watchdog for 200 seconds at Sat Jul 11 15:01:15 UTC 2020
1 ms. Memory: 55296K Free: 31126K (56%)
ptolemy.util.test.WatchDog.cancel(): canceling Sat Jul 11 15:01:15 UTC 2020
auto.tcl: Setting watchdog for 200 seconds at Sat Jul 11 15:01:15 UTC 2020
0 ms. Memory: 55296K Free: 30612K (55%)
ptolemy.util.test.WatchDog.cancel(): canceling Sat Jul 11 15:01:15 UTC 2020
------------------ testing $PTII/ptolemy/domains/de/test/auto/fsm_de_test.xml
auto.tcl: Setting watchdog for 200 seconds at Sat Jul 11 15:01:15 UTC 2020
9 ms. Memory: 51200K Free: 26929K (53%)
ptolemy.util.test.WatchDog.cancel(): canceling Sat Jul 11 15:01:15 UTC 2020
auto.tcl: Setting watchdog for 200 seconds at Sat Jul 11 15:01:15 UTC 2020
8 ms. Memory: 51200K Free: 24881K (49%)
ptolemy.util.test.WatchDog.cancel(): canceling Sat Jul 11 15:01:15 UTC 2020
------------------ testing $PTII/ptolemy/domains/de/test/auto/functionDependencyReconstruction.xml
auto.tcl: Setting watchdog for 200 seconds at Sat Jul 11 15:01:15 UTC 2020
6 ms. Memory: 51200K Free: 20775K (41%)
ptolemy.util.test.WatchDog.cancel(): canceling Sat Jul 11 15:01:15 UTC 2020
auto.tcl: Setting watchdog for 200 seconds at Sat Jul 11 15:01:15 UTC 2020
3 ms. Memory: 51200K Free: 18727K (37%)
ptolemy.util.test.WatchDog.cancel(): canceling Sat Jul 11 15:01:15 UTC 2020
------------------ testing $PTII/ptolemy/domains/de/test/auto/multirate.xml
auto.tcl: Setting watchdog for 200 seconds at Sat Jul 11 15:01:16 UTC 2020
3 ms. Memory: 51200K Free: 29570K (58%)
ptolemy.util.test.WatchDog.cancel(): canceling Sat Jul 11 15:01:16 UTC 2020
auto.tcl: Setting watchdog for 200 seconds at Sat Jul 11 15:01:16 UTC 2020
3 ms. Memory: 51200K Free: 27832K (54%)
ptolemy.util.test.WatchDog.cancel(): canceling Sat Jul 11 15:01:16 UTC 2020
------------------ testing $PTII/ptolemy/domains/de/test/auto/multirate2.xml
auto.tcl: Setting watchdog for 200 seconds at Sat Jul 11 15:01:16 UTC 2020
2 ms. Memory: 51200K Free: 29526K (58%)
ptolemy.util.test.WatchDog.cancel(): canceling Sat Jul 11 15:01:16 UTC 2020
auto.tcl: Setting watchdog for 200 seconds at Sat Jul 11 15:01:16 UTC 2020
3 ms. Memory: 51200K Free: 28013K (55%)
ptolemy.util.test.WatchDog.cancel(): canceling Sat Jul 11 15:01:16 UTC 2020
------------------ testing $PTII/ptolemy/domains/de/test/auto/realtime.xml
auto.tcl: Setting watchdog for 200 seconds at Sat Jul 11 15:01:16 UTC 2020
10001 ms. Memory: 51200K Free: 31801K (62%)
ptolemy.util.test.WatchDog.cancel(): canceling Sat Jul 11 15:01:26 UTC 2020
auto.tcl: Setting watchdog for 200 seconds at Sat Jul 11 15:01:26 UTC 2020
10001 ms. Memory: 51200K Free: 31076K (61%)
ptolemy.util.test.WatchDog.cancel(): canceling Sat Jul 11 15:01:36 UTC 2020
------------------ testing $PTII/ptolemy/domains/de/test/auto/relationGroup.xml
auto.tcl: Setting watchdog for 200 seconds at Sat Jul 11 15:01:36 UTC 2020
1 ms. Memory: 51200K Free: 32890K (64%)
ptolemy.util.test.WatchDog.cancel(): canceling Sat Jul 11 15:01:36 UTC 2020
auto.tcl: Setting watchdog for 200 seconds at Sat Jul 11 15:01:36 UTC 2020
2 ms. Memory: 51200K Free: 32155K (63%)
ptolemy.util.test.WatchDog.cancel(): canceling Sat Jul 11 15:01:36 UTC 2020
------------------ testing $PTII/ptolemy/domains/de/test/auto/relationGroup2.xml
auto.tcl: Setting watchdog for 200 seconds at Sat Jul 11 15:01:36 UTC 2020
1 ms. Memory: 51200K Free: 32691K (64%)
ptolemy.util.test.WatchDog.cancel(): canceling Sat Jul 11 15:01:36 UTC 2020
auto.tcl: Setting watchdog for 200 seconds at Sat Jul 11 15:01:36 UTC 2020
1 ms. Memory: 51200K Free: 32181K (63%)
ptolemy.util.test.WatchDog.cancel(): canceling Sat Jul 11 15:01:36 UTC 2020
------------------ testing $PTII/ptolemy/domains/de/test/auto/sortWithOpaquePorts.xml
auto.tcl: Setting watchdog for 200 seconds at Sat Jul 11 15:01:36 UTC 2020
2 ms. Memory: 51200K Free: 31667K (62%)
ptolemy.util.test.WatchDog.cancel(): canceling Sat Jul 11 15:01:36 UTC 2020
auto.tcl: Setting watchdog for 200 seconds at Sat Jul 11 15:01:36 UTC 2020
2 ms. Memory: 51200K Free: 30133K (59%)
ptolemy.util.test.WatchDog.cancel(): canceling Sat Jul 11 15:01:36 UTC 2020
------------------ testing $PTII/ptolemy/domains/de/test/auto/transferInputsandOutputs.xml
auto.tcl: Setting watchdog for 200 seconds at Sat Jul 11 15:01:36 UTC 2020
5 ms. Memory: 51200K Free: 29096K (57%)
ptolemy.util.test.WatchDog.cancel(): canceling Sat Jul 11 15:01:36 UTC 2020
auto.tcl: Setting watchdog for 200 seconds at Sat Jul 11 15:01:36 UTC 2020
3 ms. Memory: 51200K Free: 28072K (55%)
ptolemy.util.test.WatchDog.cancel(): canceling Sat Jul 11 15:01:36 UTC 2020
------------------ testing $PTII/ptolemy/domains/de/test/auto/triggerType.xml
auto.tcl: Setting watchdog for 200 seconds at Sat Jul 11 15:01:36 UTC 2020
1 ms. Memory: 51200K Free: 32121K (63%)
ptolemy.util.test.WatchDog.cancel(): canceling Sat Jul 11 15:01:36 UTC 2020
auto.tcl: Setting watchdog for 200 seconds at Sat Jul 11 15:01:36 UTC 2020
1 ms. Memory: 51200K Free: 31097K (61%)
ptolemy.util.test.WatchDog.cancel(): canceling Sat Jul 11 15:01:36 UTC 2020
07/11/20 03:01:36
Failed: 0  Total Tests: 192  ((Passed: 187, Newly Passed: 1)  Known Failed: 5) /home/travis/build/icyphy/ptII/ptolemy/domains/de/test
07/11/20 03:01:36
Failed: 0  Total Tests: 192  ((Passed: 187, Newly Passed: 1)  Known Failed: 5) /home/travis/build/icyphy/ptII/ptolemy/domains/de/test
----------------- testing (KnownFailure) /home/travis/build/icyphy/ptII/ptolemy/domains/de/test/auto/knownFailedTests/DESDFClockTest.xml
2011 ms. Memory: 51200K Free: 25006K (49%)
Known Failure: java.lang.reflect.InvocationTargetException
----------------- testing (KnownFailure) /home/travis/build/icyphy/ptII/ptolemy/domains/de/test/auto/knownFailedTests/DirectFeedback.xml
2 ms. Memory: 51200K Free: 21420K (42%)
Known Failure: java.lang.reflect.InvocationTargetException
----------------- testing (KnownFailure) /home/travis/build/icyphy/ptII/ptolemy/domains/de/test/auto/knownFailedTests/FSMSource.xml
15 ms. Memory: 51200K Free: 13742K (27%)
----------------- testing (KnownFailure) /home/travis/build/icyphy/ptII/ptolemy/domains/de/test/auto/knownFailedTests/HierarchicalModel.xml
5 ms. Memory: 51200K Free: 26979K (53%)
Known Failure: java.lang.reflect.InvocationTargetException
----------------- testing (KnownFailure) /home/travis/build/icyphy/ptII/ptolemy/domains/de/test/auto/knownFailedTests/dependencyLoop.xml
3 ms. Memory: 51200K Free: 11349K (22%)
Known Failure: java.lang.reflect.InvocationTargetException
----------------- testing (KnownFailure) /home/travis/build/icyphy/ptII/ptolemy/domains/de/test/auto/knownFailedTests/dependencyLoop2.xml
9 ms. Memory: 51200K Free: 25171K (49%)
Known Failure: java.lang.reflect.InvocationTargetException
No auto/linux-amd64/*.xml tests in /home/travis/build/icyphy/ptII/ptolemy/domains/de/test
AutoTests.java: About to close Vertx.
AutoTests.java: Vertx closed.

===========================================================================================
----------------- testing Sat Jul 11 15:01:38 UTC 2020 /home/travis/build/icyphy/ptII/ptolemy/domains/de/test/auto/ActorDepthCalculation_actorWithoutPorts.xml
----------------- Instantiating /home/travis/build/icyphy/ptII/ptolemy/domains/de/test/auto/ActorDepthCalculation_actorWithoutPorts.xml
2 ms. Memory: 51200K Free: 18059K (35%)
----------------- Invoking toplevel() on ptolemy.moml.MoMLSimpleApplication@f6a9a0f
----------------- Done invoking toplevel() on ptolemy.moml.MoMLSimpleApplication@f6a9a0f
reloadAllAccessors: .ActorDepthCalculation_actorWithoutPorts

===========================================================================================
----------------- testing Sat Jul 11 15:01:38 UTC 2020 /home/travis/build/icyphy/ptII/ptolemy/domains/de/test/auto/AssemblyLine.xml
----------------- Instantiating /home/travis/build/icyphy/ptII/ptolemy/domains/de/test/auto/AssemblyLine.xml
6 ms. Memory: 51200K Free: 11194K (22%)
----------------- Invoking toplevel() on ptolemy.moml.MoMLSimpleApplication@44059084
----------------- Done invoking toplevel() on ptolemy.moml.MoMLSimpleApplication@44059084
reloadAllAccessors: .AssemblyLine

===========================================================================================
----------------- testing Sat Jul 11 15:01:38 UTC 2020 /home/travis/build/icyphy/ptII/ptolemy/domains/de/test/auto/CQBug1.xml
----------------- Instantiating /home/travis/build/icyphy/ptII/ptolemy/domains/de/test/auto/CQBug1.xml
1 ms. Memory: 51200K Free: 8269K (16%)
----------------- Invoking toplevel() on ptolemy.moml.MoMLSimpleApplication@127eca76
----------------- Done invoking toplevel() on ptolemy.moml.MoMLSimpleApplication@127eca76
reloadAllAccessors: .CQBug1

===========================================================================================
----------------- testing Sat Jul 11 15:01:38 UTC 2020 /home/travis/build/icyphy/ptII/ptolemy/domains/de/test/auto/CancelFireAt.xml
----------------- Instantiating /home/travis/build/icyphy/ptII/ptolemy/domains/de/test/auto/CancelFireAt.xml
0 ms. Memory: 51200K Free: 34913K (68%)
----------------- Invoking toplevel() on ptolemy.moml.MoMLSimpleApplication@47b31268
----------------- Done invoking toplevel() on ptolemy.moml.MoMLSimpleApplication@47b31268
reloadAllAccessors: .CancelFireAt

===========================================================================================
----------------- testing Sat Jul 11 15:01:38 UTC 2020 /home/travis/build/icyphy/ptII/ptolemy/domains/de/test/auto/CausalityAndComposabilityAnalysis.xml
----------------- Instantiating /home/travis/build/icyphy/ptII/ptolemy/domains/de/test/auto/CausalityAndComposabilityAnalysis.xml
2 ms. Memory: 51200K Free: 30528K (60%)
----------------- Invoking toplevel() on ptolemy.moml.MoMLSimpleApplication@150e749d
----------------- Done invoking toplevel() on ptolemy.moml.MoMLSimpleApplication@150e749d
reloadAllAccessors: .CausalityAndComposabilityAnalysis

===========================================================================================
----------------- testing Sat Jul 11 15:01:38 UTC 2020 /home/travis/build/icyphy/ptII/ptolemy/domains/de/test/auto/CausalityInterface1.xml
----------------- Instantiating /home/travis/build/icyphy/ptII/ptolemy/domains/de/test/auto/CausalityInterface1.xml
6 ms. Memory: 51200K Free: 25408K (50%)
----------------- Invoking toplevel() on ptolemy.moml.MoMLSimpleApplication@3dc054fb
----------------- Done invoking toplevel() on ptolemy.moml.MoMLSimpleApplication@3dc054fb
reloadAllAccessors: .CausalityInterface1

===========================================================================================
----------------- testing Sat Jul 11 15:01:38 UTC 2020 /home/travis/build/icyphy/ptII/ptolemy/domains/de/test/auto/CausalityInterface15.xml
----------------- Instantiating /home/travis/build/icyphy/ptII/ptolemy/domains/de/test/auto/CausalityInterface15.xml
1 ms. Memory: 51200K Free: 19993K (39%)
----------------- Invoking toplevel() on ptolemy.moml.MoMLSimpleApplication@7ab2a885
----------------- Done invoking toplevel() on ptolemy.moml.MoMLSimpleApplication@7ab2a885
reloadAllAccessors: .CausalityInterface15

===========================================================================================
----------------- testing Sat Jul 11 15:01:38 UTC 2020 /home/travis/build/icyphy/ptII/ptolemy/domains/de/test/auto/CausalityInterface2.xml
----------------- Instantiating /home/travis/build/icyphy/ptII/ptolemy/domains/de/test/auto/CausalityInterface2.xml
2 ms. Memory: 51200K Free: 15457K (30%)
[...]
	at ptolemy.actor.Manager.run(Manager.java:1263)
	at ptolemy.actor.Manager$PtolemyRunThread.run(Manager.java:1933)
java.lang.RuntimeException: Execution failed
	at ptolemy.moml.MoMLSimpleApplication$UnloadThread.run(MoMLSimpleApplication.java:402)
Caused by: ptolemy.kernel.util.IllegalActionException: Actor is not ready to fire.  Perhaps UpSample.prefire() returned false? Try debugging the actor by selecting "Listen to Actor".  Also, for SDF check moml for tokenConsumptionRate on input.
  in .DESDFClockTest.Play Bell.Copy1:SDF Director and .DESDFClockTest.Play Bell.UpSample
	at ptolemy.actor.sched.StaticSchedulingDirector.fire(StaticSchedulingDirector.java:227)
	at ptolemy.domains.sdf.kernel.SDFDirector.fire(SDFDirector.java:500)
	at ptolemy.actor.CompositeActor.fire(CompositeActor.java:455)
	at ptolemy.domains.de.kernel.DEDirector._fire(DEDirector.java:1949)
	at ptolemy.domains.de.kernel.DEDirector.fire(DEDirector.java:502)
	at ptolemy.actor.CompositeActor.fire(CompositeActor.java:455)
	at ptolemy.actor.Manager.iterate(Manager.java:851)
	at ptolemy.actor.Manager.execute(Manager.java:369)
	at ptolemy.actor.Manager.run(Manager.java:1263)
	at ptolemy.actor.Manager$PtolemyRunThread.run(Manager.java:1933)
java.lang.reflect.InvocationTargetException
	at java.base/jdk.internal.reflect.NativeConstructorAccessorImpl.newInstance0(Native Method)
	at java.base/jdk.internal.reflect.NativeConstructorAccessorImpl.newInstance(NativeConstructorAccessorImpl.java:62)
	at java.base/jdk.internal.reflect.DelegatingConstructorAccessorImpl.newInstance(DelegatingConstructorAccessorImpl.java:45)
	at java.base/java.lang.reflect.Constructor.newInstance(Constructor.java:490)
	at ptolemy.util.test.junit.AutoKnownFailedTests.RunModel(AutoKnownFailedTests.java:105)
	at java.base/jdk.internal.reflect.NativeMethodAccessorImpl.invoke0(Native Method)
	at java.base/jdk.internal.reflect.NativeMethodAccessorImpl.invoke(NativeMethodAccessorImpl.java:62)
	at java.base/jdk.internal.reflect.DelegatingMethodAccessorImpl.invoke(DelegatingMethodAccessorImpl.java:43)
	at java.base/java.lang.reflect.Method.invoke(Method.java:566)
	at org.junit.runners.model.FrameworkMethod$1.runReflectiveCall(FrameworkMethod.java:44)
	at org.junit.internal.runners.model.ReflectiveCallable.run(ReflectiveCallable.java:15)
	at org.junit.runners.model.FrameworkMethod.invokeExplosively(FrameworkMethod.java:41)
	at junitparams.internal.InvokeParameterisedMethod.evaluate(InvokeParameterisedMethod.java:102)
	at org.junit.internal.runners.statements.FailOnTimeout$1.run(FailOnTimeout.java:28)
Caused by: ptolemy.kernel.util.IllegalActionException: Actor is not ready to fire.  Perhaps UpSample.prefire() returned false? Try debugging the actor by selecting "Listen to Actor".  Also, for SDF check moml for tokenConsumptionRate on input.
  in .DESDFClockTest.Play Bell.Copy1:SDF Director and .DESDFClockTest.Play Bell.UpSample
	at ptolemy.actor.sched.StaticSchedulingDirector.fire(StaticSchedulingDirector.java:227)
	at ptolemy.domains.sdf.kernel.SDFDirector.fire(SDFDirector.java:500)
	at ptolemy.actor.CompositeActor.fire(CompositeActor.java:455)
	at ptolemy.domains.de.kernel.DEDirector._fire(DEDirector.java:1949)
	at ptolemy.domains.de.kernel.DEDirector.fire(DEDirector.java:502)
	at ptolemy.actor.CompositeActor.fire(CompositeActor.java:455)
	at ptolemy.actor.Manager.iterate(Manager.java:851)
	at ptolemy.actor.Manager.execute(Manager.java:369)
	at ptolemy.actor.Manager.run(Manager.java:1263)
	at ptolemy.actor.Manager$PtolemyRunThread.run(Manager.java:1933)
java.lang.RuntimeException: Execution failed
	at ptolemy.moml.MoMLSimpleApplication$UnloadThread.run(MoMLSimpleApplication.java:402)
Caused by: ptolemy.kernel.util.IllegalActionException: Test fails in iteration 1.
Value was: 1.0. Should have been: 2.0
  in .DirectFeedback.Test
	at ptolemy.actor.lib.Test.fire(Test.java:268)
	at ptolemy.domains.de.kernel.DEDirector._fire(DEDirector.java:1949)
	at ptolemy.domains.de.kernel.DEDirector.fire(DEDirector.java:502)
	at ptolemy.actor.CompositeActor.fire(CompositeActor.java:455)
	at ptolemy.actor.Manager.iterate(Manager.java:851)
	at ptolemy.actor.Manager.execute(Manager.java:369)
	at ptolemy.actor.Manager.run(Manager.java:1263)
	at ptolemy.actor.Manager$PtolemyRunThread.run(Manager.java:1933)
java.lang.reflect.InvocationTargetException
	at java.base/jdk.internal.reflect.NativeConstructorAccessorImpl.newInstance0(Native Method)
	at java.base/jdk.internal.reflect.NativeConstructorAccessorImpl.newInstance(NativeConstructorAccessorImpl.java:62)
	at java.base/jdk.internal.reflect.DelegatingConstructorAccessorImpl.newInstance(DelegatingConstructorAccessorImpl.java:45)
	at java.base/java.lang.reflect.Constructor.newInstance(Constructor.java:490)
	at ptolemy.util.test.junit.AutoKnownFailedTests.RunModel(AutoKnownFailedTests.java:105)
	at java.base/jdk.internal.reflect.NativeMethodAccessorImpl.invoke0(Native Method)
	at java.base/jdk.internal.reflect.NativeMethodAccessorImpl.invoke(NativeMethodAccessorImpl.java:62)
	at java.base/jdk.internal.reflect.DelegatingMethodAccessorImpl.invoke(DelegatingMethodAccessorImpl.java:43)
	at java.base/java.lang.reflect.Method.invoke(Method.java:566)
	at org.junit.runners.model.FrameworkMethod$1.runReflectiveCall(FrameworkMethod.java:44)
	at org.junit.internal.runners.model.ReflectiveCallable.run(ReflectiveCallable.java:15)
	at org.junit.runners.model.FrameworkMethod.invokeExplosively(FrameworkMethod.java:41)
	at junitparams.internal.InvokeParameterisedMethod.evaluate(InvokeParameterisedMethod.java:102)
	at org.junit.internal.runners.statements.FailOnTimeout$1.run(FailOnTimeout.java:28)
Caused by: ptolemy.kernel.util.IllegalActionException: Test fails in iteration 1.
Value was: 1.0. Should have been: 2.0
  in .DirectFeedback.Test
	at ptolemy.actor.lib.Test.fire(Test.java:268)
	at ptolemy.domains.de.kernel.DEDirector._fire(DEDirector.java:1949)
	at ptolemy.domains.de.kernel.DEDirector.fire(DEDirector.java:502)
	at ptolemy.actor.CompositeActor.fire(CompositeActor.java:455)
	at ptolemy.actor.Manager.iterate(Manager.java:851)
	at ptolemy.actor.Manager.execute(Manager.java:369)
	at ptolemy.actor.Manager.run(Manager.java:1263)
	at ptolemy.actor.Manager$PtolemyRunThread.run(Manager.java:1933)
java.lang.RuntimeException: Execution failed
	at ptolemy.moml.MoMLSimpleApplication$UnloadThread.run(MoMLSimpleApplication.java:402)
Caused by: ptolemy.kernel.util.IllegalActionException: Found a zero delay loop containing .HierarchicalModel.A
  in .HierarchicalModel and .HierarchicalModel.A
	at ptolemy.actor.util.CausalityInterfaceForComposites._computeOutputPortDepth(CausalityInterfaceForComposites.java:759)
	at ptolemy.actor.util.CausalityInterfaceForComposites._computeInputDepth(CausalityInterfaceForComposites.java:696)
	at ptolemy.actor.util.CausalityInterfaceForComposites._computeOutputPortDepth(CausalityInterfaceForComposites.java:765)
	at ptolemy.actor.util.CausalityInterfaceForComposites._computeInputDepth(CausalityInterfaceForComposites.java:696)
	at ptolemy.actor.util.CausalityInterfaceForComposites._computeOutputPortDepth(CausalityInterfaceForComposites.java:765)
	at ptolemy.actor.util.CausalityInterfaceForComposites._computeInputDepth(CausalityInterfaceForComposites.java:696)
	at ptolemy.actor.util.CausalityInterfaceForComposites._computeActorDepth(CausalityInterfaceForComposites.java:532)
	at ptolemy.actor.util.CausalityInterfaceForComposites.checkForCycles(CausalityInterfaceForComposites.java:96)
	at ptolemy.domains.de.kernel.DEDirector.preinitialize(DEDirector.java:1338)
	at ptolemy.actor.CompositeActor.preinitialize(CompositeActor.java:1828)
	at ptolemy.actor.Manager.preinitializeAndResolveTypes(Manager.java:1040)
	at ptolemy.actor.Manager.initialize(Manager.java:710)
	at ptolemy.actor.Manager.execute(Manager.java:356)
	at ptolemy.actor.Manager.run(Manager.java:1263)
	at ptolemy.actor.Manager$PtolemyRunThread.run(Manager.java:1933)
java.lang.reflect.InvocationTargetException
	at java.base/jdk.internal.reflect.NativeConstructorAccessorImpl.newInstance0(Native Method)
	at java.base/jdk.internal.reflect.NativeConstructorAccessorImpl.newInstance(NativeConstructorAccessorImpl.java:62)
	at java.base/jdk.internal.reflect.DelegatingConstructorAccessorImpl.newInstance(DelegatingConstructorAccessorImpl.java:45)
	at java.base/java.lang.reflect.Constructor.newInstance(Constructor.java:490)
	at ptolemy.util.test.junit.AutoKnownFailedTests.RunModel(AutoKnownFailedTests.java:105)
	at java.base/jdk.internal.reflect.NativeMethodAccessorImpl.invoke0(Native Method)
	at java.base/jdk.internal.reflect.NativeMethodAccessorImpl.invoke(NativeMethodAccessorImpl.java:62)
	at java.base/jdk.internal.reflect.DelegatingMethodAccessorImpl.invoke(DelegatingMethodAccessorImpl.java:43)
	at java.base/java.lang.reflect.Method.invoke(Method.java:566)
	at org.junit.runners.model.FrameworkMethod$1.runReflectiveCall(FrameworkMethod.java:44)
	at org.junit.internal.runners.model.ReflectiveCallable.run(ReflectiveCallable.java:15)
	at org.junit.runners.model.FrameworkMethod.invokeExplosively(FrameworkMethod.java:41)
	at junitparams.internal.InvokeParameterisedMethod.evaluate(InvokeParameterisedMethod.java:102)
	at org.junit.internal.runners.statements.FailOnTimeout$1.run(FailOnTimeout.java:28)
Caused by: ptolemy.kernel.util.IllegalActionException: Found a zero delay loop containing .HierarchicalModel.A
  in .HierarchicalModel and .HierarchicalModel.A
	at ptolemy.actor.util.CausalityInterfaceForComposites._computeOutputPortDepth(CausalityInterfaceForComposites.java:759)
	at ptolemy.actor.util.CausalityInterfaceForComposites._computeInputDepth(CausalityInterfaceForComposites.java:696)
	at ptolemy.actor.util.CausalityInterfaceForComposites._computeOutputPortDepth(CausalityInterfaceForComposites.java:765)
	at ptolemy.actor.util.CausalityInterfaceForComposites._computeInputDepth(CausalityInterfaceForComposites.java:696)
	at ptolemy.actor.util.CausalityInterfaceForComposites._computeOutputPortDepth(CausalityInterfaceForComposites.java:765)
	at ptolemy.actor.util.CausalityInterfaceForComposites._computeInputDepth(CausalityInterfaceForComposites.java:696)
	at ptolemy.actor.util.CausalityInterfaceForComposites._computeActorDepth(CausalityInterfaceForComposites.java:532)
	at ptolemy.actor.util.CausalityInterfaceForComposites.checkForCycles(CausalityInterfaceForComposites.java:96)
	at ptolemy.domains.de.kernel.DEDirector.preinitialize(DEDirector.java:1338)
	at ptolemy.actor.CompositeActor.preinitialize(CompositeActor.java:1828)
	at ptolemy.actor.Manager.preinitializeAndResolveTypes(Manager.java:1040)
	at ptolemy.actor.Manager.initialize(Manager.java:710)
	at ptolemy.actor.Manager.execute(Manager.java:356)
	at ptolemy.actor.Manager.run(Manager.java:1263)
	at ptolemy.actor.Manager$PtolemyRunThread.run(Manager.java:1933)
java.lang.RuntimeException: Execution failed
	at ptolemy.moml.MoMLSimpleApplication$UnloadThread.run(MoMLSimpleApplication.java:402)
Caused by: ptolemy.kernel.util.IllegalActionException: Found a zero delay loop containing .dependencyLoop.original
  in .dependencyLoop and .dependencyLoop.original
	at ptolemy.actor.util.CausalityInterfaceForComposites._computeOutputPortDepth(CausalityInterfaceForComposites.java:759)
	at ptolemy.actor.util.CausalityInterfaceForComposites._computeInputDepth(CausalityInterfaceForComposites.java:696)
	at ptolemy.actor.util.CausalityInterfaceForComposites._computeOutputPortDepth(CausalityInterfaceForComposites.java:765)
	at ptolemy.actor.util.CausalityInterfaceForComposites._computeInputDepth(CausalityInterfaceForComposites.java:696)
	at ptolemy.actor.util.CausalityInterfaceForComposites._computeOutputPortDepth(CausalityInterfaceForComposites.java:765)
	at ptolemy.actor.util.CausalityInterfaceForComposites._computeInputDepth(CausalityInterfaceForComposites.java:696)
	at ptolemy.actor.util.CausalityInterfaceForComposites._computeActorDepth(CausalityInterfaceForComposites.java:532)
	at ptolemy.actor.util.CausalityInterfaceForComposites.checkForCycles(CausalityInterfaceForComposites.java:96)
	at ptolemy.domains.de.kernel.DEDirector.preinitialize(DEDirector.java:1338)
	at ptolemy.actor.CompositeActor.preinitialize(CompositeActor.java:1828)
	at ptolemy.actor.Manager.preinitializeAndResolveTypes(Manager.java:1040)
	at ptolemy.actor.Manager.initialize(Manager.java:710)
	at ptolemy.actor.Manager.execute(Manager.java:356)
	at ptolemy.actor.Manager.run(Manager.java:1263)
	at ptolemy.actor.Manager$PtolemyRunThread.run(Manager.java:1933)
java.lang.reflect.InvocationTargetException
	at java.base/jdk.internal.reflect.NativeConstructorAccessorImpl.newInstance0(Native Method)
	at java.base/jdk.internal.reflect.NativeConstructorAccessorImpl.newInstance(NativeConstructorAccessorImpl.java:62)
	at java.base/jdk.internal.reflect.DelegatingConstructorAccessorImpl.newInstance(DelegatingConstructorAccessorImpl.java:45)
	at java.base/java.lang.reflect.Constructor.newInstance(Constructor.java:490)
	at ptolemy.util.test.junit.AutoKnownFailedTests.RunModel(AutoKnownFailedTests.java:105)
	at java.base/jdk.internal.reflect.NativeMethodAccessorImpl.invoke0(Native Method)
	at java.base/jdk.internal.reflect.NativeMethodAccessorImpl.invoke(NativeMethodAccessorImpl.java:62)
	at java.base/jdk.internal.reflect.DelegatingMethodAccessorImpl.invoke(DelegatingMethodAccessorImpl.java:43)
	at java.base/java.lang.reflect.Method.invoke(Method.java:566)
	at org.junit.runners.model.FrameworkMethod$1.runReflectiveCall(FrameworkMethod.java:44)
	at org.junit.internal.runners.model.ReflectiveCallable.run(ReflectiveCallable.java:15)
	at org.junit.runners.model.FrameworkMethod.invokeExplosively(FrameworkMethod.java:41)
	at junitparams.internal.InvokeParameterisedMethod.evaluate(InvokeParameterisedMethod.java:102)
	at org.junit.internal.runners.statements.FailOnTimeout$1.run(FailOnTimeout.java:28)
Caused by: ptolemy.kernel.util.IllegalActionException: Found a zero delay loop containing .dependencyLoop.original
  in .dependencyLoop and .dependencyLoop.original
	at ptolemy.actor.util.CausalityInterfaceForComposites._computeOutputPortDepth(CausalityInterfaceForComposites.java:759)
	at ptolemy.actor.util.CausalityInterfaceForComposites._computeInputDepth(CausalityInterfaceForComposites.java:696)
	at ptolemy.actor.util.CausalityInterfaceForComposites._computeOutputPortDepth(CausalityInterfaceForComposites.java:765)
	at ptolemy.actor.util.CausalityInterfaceForComposites._computeInputDepth(CausalityInterfaceForComposites.java:696)
	at ptolemy.actor.util.CausalityInterfaceForComposites._computeOutputPortDepth(CausalityInterfaceForComposites.java:765)
	at ptolemy.actor.util.CausalityInterfaceForComposites._computeInputDepth(CausalityInterfaceForComposites.java:696)
	at ptolemy.actor.util.CausalityInterfaceForComposites._computeActorDepth(CausalityInterfaceForComposites.java:532)
	at ptolemy.actor.util.CausalityInterfaceForComposites.checkForCycles(CausalityInterfaceForComposites.java:96)
	at ptolemy.domains.de.kernel.DEDirector.preinitialize(DEDirector.java:1338)
	at ptolemy.actor.CompositeActor.preinitialize(CompositeActor.java:1828)
	at ptolemy.actor.Manager.preinitializeAndResolveTypes(Manager.java:1040)
	at ptolemy.actor.Manager.initialize(Manager.java:710)
	at ptolemy.actor.Manager.execute(Manager.java:356)
	at ptolemy.actor.Manager.run(Manager.java:1263)
	at ptolemy.actor.Manager$PtolemyRunThread.run(Manager.java:1933)
java.lang.RuntimeException: Execution failed
	at ptolemy.moml.MoMLSimpleApplication$UnloadThread.run(MoMLSimpleApplication.java:402)
Caused by: ptolemy.kernel.util.IllegalActionException: Found a zero delay loop containing .dependencyLoop2.original
  in .dependencyLoop2 and .dependencyLoop2.original
	at ptolemy.actor.util.CausalityInterfaceForComposites._computeOutputPortDepth(CausalityInterfaceForComposites.java:759)
	at ptolemy.actor.util.CausalityInterfaceForComposites._computeInputDepth(CausalityInterfaceForComposites.java:696)
	at ptolemy.actor.util.CausalityInterfaceForComposites._computeOutputPortDepth(CausalityInterfaceForComposites.java:765)
	at ptolemy.actor.util.CausalityInterfaceForComposites._computeInputDepth(CausalityInterfaceForComposites.java:696)
	at ptolemy.actor.util.CausalityInterfaceForComposites._computeOutputPortDepth(CausalityInterfaceForComposites.java:765)
	at ptolemy.actor.util.CausalityInterfaceForComposites._computeInputDepth(CausalityInterfaceForComposites.java:696)
	at ptolemy.actor.util.CausalityInterfaceForComposites._computeActorDepth(CausalityInterfaceForComposites.java:532)
	at ptolemy.actor.util.CausalityInterfaceForComposites.checkForCycles(CausalityInterfaceForComposites.java:96)
	at ptolemy.domains.de.kernel.DEDirector.preinitialize(DEDirector.java:1338)
	at ptolemy.actor.CompositeActor.preinitialize(CompositeActor.java:1828)
	at ptolemy.actor.Manager.preinitializeAndResolveTypes(Manager.java:1040)
	at ptolemy.actor.Manager.initialize(Manager.java:710)
	at ptolemy.actor.Manager.execute(Manager.java:356)
	at ptolemy.actor.Manager.run(Manager.java:1263)
	at ptolemy.actor.Manager$PtolemyRunThread.run(Manager.java:1933)
java.lang.reflect.InvocationTargetException
	at java.base/jdk.internal.reflect.NativeConstructorAccessorImpl.newInstance0(Native Method)
	at java.base/jdk.internal.reflect.NativeConstructorAccessorImpl.newInstance(NativeConstructorAccessorImpl.java:62)
	at java.base/jdk.internal.reflect.DelegatingConstructorAccessorImpl.newInstance(DelegatingConstructorAccessorImpl.java:45)
	at java.base/java.lang.reflect.Constructor.newInstance(Constructor.java:490)
	at ptolemy.util.test.junit.AutoKnownFailedTests.RunModel(AutoKnownFailedTests.java:105)
	at java.base/jdk.internal.reflect.NativeMethodAccessorImpl.invoke0(Native Method)
	at java.base/jdk.internal.reflect.NativeMethodAccessorImpl.invoke(NativeMethodAccessorImpl.java:62)
	at java.base/jdk.internal.reflect.DelegatingMethodAccessorImpl.invoke(DelegatingMethodAccessorImpl.java:43)
	at java.base/java.lang.reflect.Method.invoke(Method.java:566)
	at org.junit.runners.model.FrameworkMethod$1.runReflectiveCall(FrameworkMethod.java:44)
	at org.junit.internal.runners.model.ReflectiveCallable.run(ReflectiveCallable.java:15)
	at org.junit.runners.model.FrameworkMethod.invokeExplosively(FrameworkMethod.java:41)
	at junitparams.internal.InvokeParameterisedMethod.evaluate(InvokeParameterisedMethod.java:102)
	at org.junit.internal.runners.statements.FailOnTimeout$1.run(FailOnTimeout.java:28)
Caused by: ptolemy.kernel.util.IllegalActionException: Found a zero delay loop containing .dependencyLoop2.original
  in .dependencyLoop2 and .dependencyLoop2.original
	at ptolemy.actor.util.CausalityInterfaceForComposites._computeOutputPortDepth(CausalityInterfaceForComposites.java:759)
	at ptolemy.actor.util.CausalityInterfaceForComposites._computeInputDepth(CausalityInterfaceForComposites.java:696)
	at ptolemy.actor.util.CausalityInterfaceForComposites._computeOutputPortDepth(CausalityInterfaceForComposites.java:765)
	at ptolemy.actor.util.CausalityInterfaceForComposites._computeInputDepth(CausalityInterfaceForComposites.java:696)
	at ptolemy.actor.util.CausalityInterfaceForComposites._computeOutputPortDepth(CausalityInterfaceForComposites.java:765)
	at ptolemy.actor.util.CausalityInterfaceForComposites._computeInputDepth(CausalityInterfaceForComposites.java:696)
	at ptolemy.actor.util.CausalityInterfaceForComposites._computeActorDepth(CausalityInterfaceForComposites.java:532)
	at ptolemy.actor.util.CausalityInterfaceForComposites.checkForCycles(CausalityInterfaceForComposites.java:96)
	at ptolemy.domains.de.kernel.DEDirector.preinitialize(DEDirector.java:1338)
	at ptolemy.actor.CompositeActor.preinitialize(CompositeActor.java:1828)
	at ptolemy.actor.Manager.preinitializeAndResolveTypes(Manager.java:1040)
	at ptolemy.actor.Manager.initialize(Manager.java:710)
	at ptolemy.actor.Manager.execute(Manager.java:356)
	at ptolemy.actor.Manager.run(Manager.java:1263)
	at ptolemy.actor.Manager$PtolemyRunThread.run(Manager.java:1933)
]]></system-err>
</testsuite>
