<?xml version="1.0" encoding="UTF-8" ?>
<testsuite errors="0" failures="0" hostname="travis-job-bc6e01e0-3563-4491-9799-92add703ebbb" name="ptolemy.actor.lib.hoc.test.junit.JUnitTclTest" skipped="0" tests="58" time="33.749" timestamp="2019-07-13T01:56:31">
  <properties>
[...]
</properties>
  <testcase classname="ptolemy.util.test.junit.TclTests" name="[0] /home/travis/build/icyphy/ptII/ptolemy/actor/lib/hoc/test/IterateOverArray.tcl (RunTclFile)" time="0.27" />
  <testcase classname="ptolemy.util.test.junit.AutoKnownFailedTests" name="[0] /home/travis/build/icyphy/ptII/ptolemy/actor/lib/hoc/test/auto/knownFailedTests/PreinitializeMustBeInvokedRunComposite.xml (RunModel)" time="0.437" />
  <testcase classname="ptolemy.util.test.junit.AutoNameArchTests" name="[0] ThereAreNoAutoArchTests (RunModel)" time="0.005" />
  <testcase classname="ptolemy.util.test.junit.AutoTests" name="[0] /home/travis/build/icyphy/ptII/ptolemy/actor/lib/hoc/test/auto/AllToAllMultiInstanceComposite.xml (RunModel)" time="0.488" />
  <testcase classname="ptolemy.util.test.junit.AutoTests" name="[1] /home/travis/build/icyphy/ptII/ptolemy/actor/lib/hoc/test/auto/ApplyFFTTest.xml (RunModel)" time="0.375" />
  <testcase classname="ptolemy.util.test.junit.AutoTests" name="[2] /home/travis/build/icyphy/ptII/ptolemy/actor/lib/hoc/test/auto/ApplyFunction.xml (RunModel)" time="0.062" />
  <testcase classname="ptolemy.util.test.junit.AutoTests" name="[3] /home/travis/build/icyphy/ptII/ptolemy/actor/lib/hoc/test/auto/BackgroundExecution.xml (RunModel)" time="0.758" />
  <testcase classname="ptolemy.util.test.junit.AutoTests" name="[4] /home/travis/build/icyphy/ptII/ptolemy/actor/lib/hoc/test/auto/Case.xml (RunModel)" time="0.088" />
  <testcase classname="ptolemy.util.test.junit.AutoTests" name="[5] /home/travis/build/icyphy/ptII/ptolemy/actor/lib/hoc/test/auto/Case1.xml (RunModel)" time="0.054" />
  <testcase classname="ptolemy.util.test.junit.AutoTests" name="[6] /home/travis/build/icyphy/ptII/ptolemy/actor/lib/hoc/test/auto/Case2.xml (RunModel)" time="0.126" />
  <testcase classname="ptolemy.util.test.junit.AutoTests" name="[7] /home/travis/build/icyphy/ptII/ptolemy/actor/lib/hoc/test/auto/Case3.xml (RunModel)" time="0.062" />
  <testcase classname="ptolemy.util.test.junit.AutoTests" name="[8] /home/travis/build/icyphy/ptII/ptolemy/actor/lib/hoc/test/auto/Case4.xml (RunModel)" time="0.079" />
  <testcase classname="ptolemy.util.test.junit.AutoTests" name="[9] /home/travis/build/icyphy/ptII/ptolemy/actor/lib/hoc/test/auto/Case5.xml (RunModel)" time="0.084" />
  <testcase classname="ptolemy.util.test.junit.AutoTests" name="[10] /home/travis/build/icyphy/ptII/ptolemy/actor/lib/hoc/test/auto/Case6.xml (RunModel)" time="0.14" />
  <testcase classname="ptolemy.util.test.junit.AutoTests" name="[11] /home/travis/build/icyphy/ptII/ptolemy/actor/lib/hoc/test/auto/CaseString2.xml (RunModel)" time="0.048" />
  <testcase classname="ptolemy.util.test.junit.AutoTests" name="[12] /home/travis/build/icyphy/ptII/ptolemy/actor/lib/hoc/test/auto/CatchUpComposite1.xml (RunModel)" time="0.067" />
  <testcase classname="ptolemy.util.test.junit.AutoTests" name="[13] /home/travis/build/icyphy/ptII/ptolemy/actor/lib/hoc/test/auto/CatchUpComposite2.xml (RunModel)" time="0.043" />
  <testcase classname="ptolemy.util.test.junit.AutoTests" name="[14] /home/travis/build/icyphy/ptII/ptolemy/actor/lib/hoc/test/auto/CatchUpComposite3.xml (RunModel)" time="0.051" />
  <testcase classname="ptolemy.util.test.junit.AutoTests" name="[15] /home/travis/build/icyphy/ptII/ptolemy/actor/lib/hoc/test/auto/CatchUpComposite4.xml (RunModel)" time="0.057" />
  <testcase classname="ptolemy.util.test.junit.AutoTests" name="[16] /home/travis/build/icyphy/ptII/ptolemy/actor/lib/hoc/test/auto/CatchUpComposite5.xml (RunModel)" time="0.049" />
  <testcase classname="ptolemy.util.test.junit.AutoTests" name="[17] /home/travis/build/icyphy/ptII/ptolemy/actor/lib/hoc/test/auto/CatchUpComposite6.xml (RunModel)" time="0.147" />
  <testcase classname="ptolemy.util.test.junit.AutoTests" name="[18] /home/travis/build/icyphy/ptII/ptolemy/actor/lib/hoc/test/auto/CatchUpComposite7.xml (RunModel)" time="0.081" />
  <testcase classname="ptolemy.util.test.junit.AutoTests" name="[19] /home/travis/build/icyphy/ptII/ptolemy/actor/lib/hoc/test/auto/ConcurrentExecutionTimeSDF.xml (RunModel)" time="1.05" />
  <testcase classname="ptolemy.util.test.junit.AutoTests" name="[20] /home/travis/build/icyphy/ptII/ptolemy/actor/lib/hoc/test/auto/ConcurrentSleep.xml (RunModel)" time="0.775" />
  <testcase classname="ptolemy.util.test.junit.AutoTests" name="[21] /home/travis/build/icyphy/ptII/ptolemy/actor/lib/hoc/test/auto/DEInPNInRunCompositeActor.xml (RunModel)" time="0.053" />
  <testcase classname="ptolemy.util.test.junit.AutoTests" name="[22] /home/travis/build/icyphy/ptII/ptolemy/actor/lib/hoc/test/auto/DFTSubSetTest.xml (RunModel)" time="0.279" />
  <testcase classname="ptolemy.util.test.junit.AutoTests" name="[23] /home/travis/build/icyphy/ptII/ptolemy/actor/lib/hoc/test/auto/HocDE.xml (RunModel)" time="0.175" />
  <testcase classname="ptolemy.util.test.junit.AutoTests" name="[24] /home/travis/build/icyphy/ptII/ptolemy/actor/lib/hoc/test/auto/IterateOverArray.xml (RunModel)" time="0.041" />
  <testcase classname="ptolemy.util.test.junit.AutoTests" name="[25] /home/travis/build/icyphy/ptII/ptolemy/actor/lib/hoc/test/auto/IterateOverArray10.xml (RunModel)" time="0.02" />
  <testcase classname="ptolemy.util.test.junit.AutoTests" name="[26] /home/travis/build/icyphy/ptII/ptolemy/actor/lib/hoc/test/auto/IterateOverArray11.xml (RunModel)" time="0.034" />
  <testcase classname="ptolemy.util.test.junit.AutoTests" name="[27] /home/travis/build/icyphy/ptII/ptolemy/actor/lib/hoc/test/auto/IterateOverArray12.xml (RunModel)" time="0.04" />
  <testcase classname="ptolemy.util.test.junit.AutoTests" name="[28] /home/travis/build/icyphy/ptII/ptolemy/actor/lib/hoc/test/auto/IterateOverArray13.xml (RunModel)" time="0.186" />
  <testcase classname="ptolemy.util.test.junit.AutoTests" name="[29] /home/travis/build/icyphy/ptII/ptolemy/actor/lib/hoc/test/auto/IterateOverArray14.xml (RunModel)" time="0.172" />
  <testcase classname="ptolemy.util.test.junit.AutoTests" name="[30] /home/travis/build/icyphy/ptII/ptolemy/actor/lib/hoc/test/auto/IterateOverArray2.xml (RunModel)" time="0.036" />
  <testcase classname="ptolemy.util.test.junit.AutoTests" name="[31] /home/travis/build/icyphy/ptII/ptolemy/actor/lib/hoc/test/auto/IterateOverArray3.xml (RunModel)" time="0.054" />
  <testcase classname="ptolemy.util.test.junit.AutoTests" name="[32] /home/travis/build/icyphy/ptII/ptolemy/actor/lib/hoc/test/auto/IterateOverArray4.xml (RunModel)" time="0.027" />
  <testcase classname="ptolemy.util.test.junit.AutoTests" name="[33] /home/travis/build/icyphy/ptII/ptolemy/actor/lib/hoc/test/auto/IterateOverArray5.xml (RunModel)" time="0.021" />
  <testcase classname="ptolemy.util.test.junit.AutoTests" name="[34] /home/travis/build/icyphy/ptII/ptolemy/actor/lib/hoc/test/auto/IterateOverArray6.xml (RunModel)" time="0.015" />
  <testcase classname="ptolemy.util.test.junit.AutoTests" name="[35] /home/travis/build/icyphy/ptII/ptolemy/actor/lib/hoc/test/auto/IterateOverArray7.xml (RunModel)" time="0.019" />
  <testcase classname="ptolemy.util.test.junit.AutoTests" name="[36] /home/travis/build/icyphy/ptII/ptolemy/actor/lib/hoc/test/auto/IterateOverArray8.xml (RunModel)" time="0.019" />
  <testcase classname="ptolemy.util.test.junit.AutoTests" name="[37] /home/travis/build/icyphy/ptII/ptolemy/actor/lib/hoc/test/auto/IterateOverArray9.xml (RunModel)" time="0.031" />
  <testcase classname="ptolemy.util.test.junit.AutoTests" name="[38] /home/travis/build/icyphy/ptII/ptolemy/actor/lib/hoc/test/auto/IterateOverArrayCoercedOutputType.xml (RunModel)" time="0.048" />
  <testcase classname="ptolemy.util.test.junit.AutoTests" name="[39] /home/travis/build/icyphy/ptII/ptolemy/actor/lib/hoc/test/auto/IterateOverArrayInferredOutputType.xml (RunModel)" time="0.022" />
  <testcase classname="ptolemy.util.test.junit.AutoTests" name="[40] /home/travis/build/icyphy/ptII/ptolemy/actor/lib/hoc/test/auto/MobileFunctionTest.xml (RunModel)" time="0.028" />
  <testcase classname="ptolemy.util.test.junit.AutoTests" name="[41] /home/travis/build/icyphy/ptII/ptolemy/actor/lib/hoc/test/auto/MobileModelTest.xml (RunModel)" time="0.228" />
  <testcase classname="ptolemy.util.test.junit.AutoTests" name="[42] /home/travis/build/icyphy/ptII/ptolemy/actor/lib/hoc/test/auto/ModelReference.xml (RunModel)" time="0.07" />
  <testcase classname="ptolemy.util.test.junit.AutoTests" name="[43] /home/travis/build/icyphy/ptII/ptolemy/actor/lib/hoc/test/auto/ModelReference3.xml (RunModel)" time="0.055" />
  <testcase classname="ptolemy.util.test.junit.AutoTests" name="[44] /home/travis/build/icyphy/ptII/ptolemy/actor/lib/hoc/test/auto/ModelReference4.xml (RunModel)" time="10.035" />
  <testcase classname="ptolemy.util.test.junit.AutoTests" name="[45] /home/travis/build/icyphy/ptII/ptolemy/actor/lib/hoc/test/auto/MultiInstanceComposite.xml (RunModel)" time="0.065" />
  <testcase classname="ptolemy.util.test.junit.AutoTests" name="[46] /home/travis/build/icyphy/ptII/ptolemy/actor/lib/hoc/test/auto/MultiInstanceComposite2.xml (RunModel)" time="0.048" />
  <testcase classname="ptolemy.util.test.junit.AutoTests" name="[47] /home/travis/build/icyphy/ptII/ptolemy/actor/lib/hoc/test/auto/MulticoreExecution.xml (RunModel)" time="1.116" />
  <testcase classname="ptolemy.util.test.junit.AutoTests" name="[48] /home/travis/build/icyphy/ptII/ptolemy/actor/lib/hoc/test/auto/ParallelExecution.xml (RunModel)" time="0.96" />
  <testcase classname="ptolemy.util.test.junit.AutoTests" name="[49] /home/travis/build/icyphy/ptII/ptolemy/actor/lib/hoc/test/auto/RunCompositeActor.xml (RunModel)" time="0.027" />
  <testcase classname="ptolemy.util.test.junit.AutoTests" name="[50] /home/travis/build/icyphy/ptII/ptolemy/actor/lib/hoc/test/auto/RunCompositeActor2.xml (RunModel)" time="0.025" />
  <testcase classname="ptolemy.util.test.junit.AutoTests" name="[51] /home/travis/build/icyphy/ptII/ptolemy/actor/lib/hoc/test/auto/RunCompositeActor3.xml (RunModel)" time="0.031" />
  <testcase classname="ptolemy.util.test.junit.AutoTests" name="[52] /home/travis/build/icyphy/ptII/ptolemy/actor/lib/hoc/test/auto/RunCompositeActor4.xml (RunModel)" time="0.043" />
  <testcase classname="ptolemy.util.test.junit.AutoTests" name="[53] /home/travis/build/icyphy/ptII/ptolemy/actor/lib/hoc/test/auto/RunCompositeIterateOverArray.xml (RunModel)" time="0.036" />
  <testcase classname="ptolemy.util.test.junit.AutoTests" name="[54] /home/travis/build/icyphy/ptII/ptolemy/actor/lib/hoc/test/auto/ThreadedJS.xml (RunModel)" time="13.566" />
  <system-out><![CDATA[/home/travis/build/icyphy/ptII/ptolemy/actor/lib/hoc/test/IterateOverArray.tcl
testDefs.tcl: setting time out to 9000 seconds at Sat Jul 13 01:56:32 UTC 2019
07/13/19 01:56:32
Failed: 0  Total Tests: 2  ((Passed: 2, Newly Passed: 0)  Known Failed: 0) /home/travis/build/icyphy/ptII/ptolemy/actor/lib/hoc/test
----------------- testing (KnownFailure) /home/travis/build/icyphy/ptII/ptolemy/actor/lib/hoc/test/auto/knownFailedTests/PreinitializeMustBeInvokedRunComposite.xml
148 ms. Memory: 120832K Free: 78273K (65%)
Known Failure: java.lang.reflect.InvocationTargetException
No auto/linux-amd64/*.xml tests in /home/travis/build/icyphy/ptII/ptolemy/actor/lib/hoc/test
AutoTests.java: About to close Vertx.
AutoTests.java: Vertx closed.

===========================================================================================
----------------- testing Sat Jul 13 01:56:33 UTC 2019 /home/travis/build/icyphy/ptII/ptolemy/actor/lib/hoc/test/auto/AllToAllMultiInstanceComposite.xml
----------------- Instantiating /home/travis/build/icyphy/ptII/ptolemy/actor/lib/hoc/test/auto/AllToAllMultiInstanceComposite.xml
178 ms. Memory: 120832K Free: 95980K (79%)
----------------- Invoking toplevel() on ptolemy.moml.MoMLSimpleApplication@1bb34f8c
----------------- Done invoking toplevel() on ptolemy.moml.MoMLSimpleApplication@1bb34f8c
reloadAllAccessors: .AllToAllMultiInstanceComposite

===========================================================================================
----------------- testing Sat Jul 13 01:56:33 UTC 2019 /home/travis/build/icyphy/ptII/ptolemy/actor/lib/hoc/test/auto/ApplyFFTTest.xml
----------------- Instantiating /home/travis/build/icyphy/ptII/ptolemy/actor/lib/hoc/test/auto/ApplyFFTTest.xml
134 ms. Memory: 120832K Free: 102276K (85%)
----------------- Invoking toplevel() on ptolemy.moml.MoMLSimpleApplication@81f1c47
----------------- Done invoking toplevel() on ptolemy.moml.MoMLSimpleApplication@81f1c47
reloadAllAccessors: .ApplyFFTTest

===========================================================================================
----------------- testing Sat Jul 13 01:56:34 UTC 2019 /home/travis/build/icyphy/ptII/ptolemy/actor/lib/hoc/test/auto/ApplyFunction.xml
----------------- Instantiating /home/travis/build/icyphy/ptII/ptolemy/actor/lib/hoc/test/auto/ApplyFunction.xml
12 ms. Memory: 120832K Free: 98897K (82%)
----------------- Invoking toplevel() on ptolemy.moml.MoMLSimpleApplication@638a7b24
----------------- Done invoking toplevel() on ptolemy.moml.MoMLSimpleApplication@638a7b24
reloadAllAccessors: .ApplyFunction

===========================================================================================
----------------- testing Sat Jul 13 01:56:34 UTC 2019 /home/travis/build/icyphy/ptII/ptolemy/actor/lib/hoc/test/auto/BackgroundExecution.xml
----------------- Instantiating /home/travis/build/icyphy/ptII/ptolemy/actor/lib/hoc/test/auto/BackgroundExecution.xml
641 ms. Memory: 120832K Free: 91729K (76%)
----------------- Invoking toplevel() on ptolemy.moml.MoMLSimpleApplication@2ac2f534
----------------- Done invoking toplevel() on ptolemy.moml.MoMLSimpleApplication@2ac2f534
reloadAllAccessors: .BackgroundExecution

===========================================================================================
----------------- testing Sat Jul 13 01:56:34 UTC 2019 /home/travis/build/icyphy/ptII/ptolemy/actor/lib/hoc/test/auto/Case.xml
----------------- Instantiating /home/travis/build/icyphy/ptII/ptolemy/actor/lib/hoc/test/auto/Case.xml
31 ms. Memory: 120832K Free: 84554K (70%)
----------------- Invoking toplevel() on ptolemy.moml.MoMLSimpleApplication@229010d7
----------------- Done invoking toplevel() on ptolemy.moml.MoMLSimpleApplication@229010d7
reloadAllAccessors: .Case

===========================================================================================
----------------- testing Sat Jul 13 01:56:35 UTC 2019 /home/travis/build/icyphy/ptII/ptolemy/actor/lib/hoc/test/auto/Case1.xml
----------------- Instantiating /home/travis/build/icyphy/ptII/ptolemy/actor/lib/hoc/test/auto/Case1.xml
26 ms. Memory: 120832K Free: 78192K (65%)
----------------- Invoking toplevel() on ptolemy.moml.MoMLSimpleApplication@3310c491
----------------- Done invoking toplevel() on ptolemy.moml.MoMLSimpleApplication@3310c491
reloadAllAccessors: .Case1

===========================================================================================
----------------- testing Sat Jul 13 01:56:35 UTC 2019 /home/travis/build/icyphy/ptII/ptolemy/actor/lib/hoc/test/auto/Case2.xml
----------------- Instantiating /home/travis/build/icyphy/ptII/ptolemy/actor/lib/hoc/test/auto/Case2.xml
36 ms. Memory: 153600K Free: 135740K (88%)
----------------- Invoking toplevel() on ptolemy.moml.MoMLSimpleApplication@733ff151
----------------- Done invoking toplevel() on ptolemy.moml.MoMLSimpleApplication@733ff151
reloadAllAccessors: .Case2

===========================================================================================
----------------- testing Sat Jul 13 01:56:35 UTC 2019 /home/travis/build/icyphy/ptII/ptolemy/actor/lib/hoc/test/auto/Case3.xml
----------------- Instantiating /home/travis/build/icyphy/ptII/ptolemy/actor/lib/hoc/test/auto/Case3.xml
16 ms. Memory: 153600K Free: 129582K (84%)
----------------- Invoking toplevel() on ptolemy.moml.MoMLSimpleApplication@354b71b9
----------------- Done invoking toplevel() on ptolemy.moml.MoMLSimpleApplication@354b71b9
reloadAllAccessors: .Case3

===========================================================================================
----------------- testing Sat Jul 13 01:56:35 UTC 2019 /home/travis/build/icyphy/ptII/ptolemy/actor/lib/hoc/test/auto/Case4.xml
----------------- Instantiating /home/travis/build/icyphy/ptII/ptolemy/actor/lib/hoc/test/auto/Case4.xml
23 ms. Memory: 153600K Free: 122070K (79%)
----------------- Invoking toplevel() on ptolemy.moml.MoMLSimpleApplication@2737512e
----------------- Done invoking toplevel() on ptolemy.moml.MoMLSimpleApplication@2737512e
reloadAllAccessors: .Case4

===========================================================================================
----------------- testing Sat Jul 13 01:56:35 UTC 2019 /home/travis/build/icyphy/ptII/ptolemy/actor/lib/hoc/test/auto/Case5.xml
----------------- Instantiating /home/travis/build/icyphy/ptII/ptolemy/actor/lib/hoc/test/auto/Case5.xml
48 ms. Memory: 153600K Free: 115956K (75%)
----------------- Invoking toplevel() on ptolemy.moml.MoMLSimpleApplication@e15707f
----------------- Done invoking toplevel() on ptolemy.moml.MoMLSimpleApplication@e15707f
reloadAllAccessors: .junk

===========================================================================================
----------------- testing Sat Jul 13 01:56:35 UTC 2019 /home/travis/build/icyphy/ptII/ptolemy/actor/lib/hoc/test/auto/Case6.xml
----------------- Instantiating /home/travis/build/icyphy/ptII/ptolemy/actor/lib/hoc/test/auto/Case6.xml
56 ms. Memory: 153600K Free: 103996K (68%)
----------------- Invoking toplevel() on ptolemy.moml.MoMLSimpleApplication@781debbd
----------------- Done invoking toplevel() on ptolemy.moml.MoMLSimpleApplication@781debbd
reloadAllAccessors: .Case6

===========================================================================================
----------------- testing Sat Jul 13 01:56:35 UTC 2019 /home/travis/build/icyphy/ptII/ptolemy/actor/lib/hoc/test/auto/CaseString2.xml
----------------- Instantiating /home/travis/build/icyphy/ptII/ptolemy/actor/lib/hoc/test/auto/CaseString2.xml
18 ms. Memory: 153600K Free: 96484K (63%)
----------------- Invoking toplevel() on ptolemy.moml.MoMLSimpleApplication@4654498f
----------------- Done invoking toplevel() on ptolemy.moml.MoMLSimpleApplication@4654498f
reloadAllAccessors: .CaseString2

===========================================================================================
----------------- testing Sat Jul 13 01:56:35 UTC 2019 /home/travis/build/icyphy/ptII/ptolemy/actor/lib/hoc/test/auto/CatchUpComposite1.xml
----------------- Instantiating /home/travis/build/icyphy/ptII/ptolemy/actor/lib/hoc/test/auto/CatchUpComposite1.xml
22 ms. Memory: 153600K Free: 135583K (88%)
----------------- Invoking toplevel() on ptolemy.moml.MoMLSimpleApplication@69143b65
----------------- Done invoking toplevel() on ptolemy.moml.MoMLSimpleApplication@69143b65
reloadAllAccessors: .CatchUpComposite1

===========================================================================================
----------------- testing Sat Jul 13 01:56:35 UTC 2019 /home/travis/build/icyphy/ptII/ptolemy/actor/lib/hoc/test/auto/CatchUpComposite2.xml
----------------- Instantiating /home/travis/build/icyphy/ptII/ptolemy/actor/lib/hoc/test/auto/CatchUpComposite2.xml
13 ms. Memory: 153600K Free: 127486K (83%)
----------------- Invoking toplevel() on ptolemy.moml.MoMLSimpleApplication@72df46ba
----------------- Done invoking toplevel() on ptolemy.moml.MoMLSimpleApplication@72df46ba
reloadAllAccessors: .CatchUpComposite2

===========================================================================================
----------------- testing Sat Jul 13 01:56:35 UTC 2019 /home/travis/build/icyphy/ptII/ptolemy/actor/lib/hoc/test/auto/CatchUpComposite3.xml
----------------- Instantiating /home/travis/build/icyphy/ptII/ptolemy/actor/lib/hoc/test/auto/CatchUpComposite3.xml
16 ms. Memory: 153600K Free: 118877K (77%)
----------------- Invoking toplevel() on ptolemy.moml.MoMLSimpleApplication@23df0c8e
----------------- Done invoking toplevel() on ptolemy.moml.MoMLSimpleApplication@23df0c8e
reloadAllAccessors: .CatchUpComposite3

===========================================================================================
----------------- testing Sat Jul 13 01:56:35 UTC 2019 /home/travis/build/icyphy/ptII/ptolemy/actor/lib/hoc/test/auto/CatchUpComposite4.xml
----------------- Instantiating /home/travis/build/icyphy/ptII/ptolemy/actor/lib/hoc/test/auto/CatchUpComposite4.xml
23 ms. Memory: 153600K Free: 111102K (72%)
----------------- Invoking toplevel() on ptolemy.moml.MoMLSimpleApplication@1f6fded6
----------------- Done invoking toplevel() on ptolemy.moml.MoMLSimpleApplication@1f6fded6
reloadAllAccessors: .CatchUpComposite4

===========================================================================================
----------------- testing Sat Jul 13 01:56:35 UTC 2019 /home/travis/build/icyphy/ptII/ptolemy/actor/lib/hoc/test/auto/CatchUpComposite5.xml
----------------- Instantiating /home/travis/build/icyphy/ptII/ptolemy/actor/lib/hoc/test/auto/CatchUpComposite5.xml
9 ms. Memory: 153600K Free: 103487K (67%)
----------------- Invoking toplevel() on ptolemy.moml.MoMLSimpleApplication@7c21f0ce
----------------- Done invoking toplevel() on ptolemy.moml.MoMLSimpleApplication@7c21f0ce
reloadAllAccessors: .CatchUpComposite5

===========================================================================================
----------------- testing Sat Jul 13 01:56:35 UTC 2019 /home/travis/build/icyphy/ptII/ptolemy/actor/lib/hoc/test/auto/CatchUpComposite6.xml
----------------- Instantiating /home/travis/build/icyphy/ptII/ptolemy/actor/lib/hoc/test/auto/CatchUpComposite6.xml
WARNING: The execution aspects in this model can influence the timing of actors by delaying the 
execution, potentially changing the behavior. There is no guarantee that actors fire at the 
time they request to be fired. 
Use Ptides for deterministic DE behavior that is not influenced by execution aspects. 

70 ms. Memory: 153600K Free: 89181K (58%)
----------------- Invoking toplevel() on ptolemy.moml.MoMLSimpleApplication@7ddab9b0
----------------- Done invoking toplevel() on ptolemy.moml.MoMLSimpleApplication@7ddab9b0
reloadAllAccessors: .CatchUpComposite6

===========================================================================================
----------------- testing Sat Jul 13 01:56:36 UTC 2019 /home/travis/build/icyphy/ptII/ptolemy/actor/lib/hoc/test/auto/CatchUpComposite7.xml
----------------- Instantiating /home/travis/build/icyphy/ptII/ptolemy/actor/lib/hoc/test/auto/CatchUpComposite7.xml
WARNING: The execution aspects in this model can influence the timing of actors by delaying the 
execution, potentially changing the behavior. There is no guarantee that actors fire at the 
time they request to be fired. 
Use Ptides for deterministic DE behavior that is not influenced by execution aspects. 

31 ms. Memory: 153600K Free: 137725K (90%)
----------------- Invoking toplevel() on ptolemy.moml.MoMLSimpleApplication@4a08eb07
----------------- Done invoking toplevel() on ptolemy.moml.MoMLSimpleApplication@4a08eb07
reloadAllAccessors: .CatchUpComposite7

===========================================================================================
----------------- testing Sat Jul 13 01:56:36 UTC 2019 /home/travis/build/icyphy/ptII/ptolemy/actor/lib/hoc/test/auto/ConcurrentExecutionTimeSDF.xml
----------------- Instantiating /home/travis/build/icyphy/ptII/ptolemy/actor/lib/hoc/test/auto/ConcurrentExecutionTimeSDF.xml
Fired ExecutionTime: 40400000
Fired ExecutionTime: 40400000
Fired ExecutionTime: 40400000
Fired ExecutionTime: 40400000
Fired ExecutionTime: 40400000
Fired ExecutionTime: 40400000
Fired ExecutionTime: 40400000
Fired ExecutionTime: 40400000
Fired ExecutionTime: 40400000
Fired ExecutionTime: 40400000
Fired ExecutionTime: 40400000
Fired ExecutionTime: 40400000
Fired ExecutionTime: 40400000
Fired ExecutionTime: 40400000
Fired ExecutionTime: 40400000
Fired ExecutionTime: 40400000
Fired ExecutionTime: 40400000
Fired ExecutionTime: 40400000
Fired ExecutionTime: 40400000
Fired ExecutionTime: 40400000
1029 ms. Memory: 153600K Free: 129328K (84%)
----------------- Invoking toplevel() on ptolemy.moml.MoMLSimpleApplication@7a0479d8
----------------- Done invoking toplevel() on ptolemy.moml.MoMLSimpleApplication@7a0479d8
reloadAllAccessors: .ConcurrentExecutionTimeSDF

===========================================================================================
----------------- testing Sat Jul 13 01:56:37 UTC 2019 /home/travis/build/icyphy/ptII/ptolemy/actor/lib/hoc/test/auto/ConcurrentSleep.xml
----------------- Instantiating /home/travis/build/icyphy/ptII/ptolemy/actor/lib/hoc/test/auto/ConcurrentSleep.xml
737 ms. Memory: 153600K Free: 117554K (77%)
----------------- Invoking toplevel() on ptolemy.moml.MoMLSimpleApplication@142be078
----------------- Done invoking toplevel() on ptolemy.moml.MoMLSimpleApplication@142be078
reloadAllAccessors: .ConcurrentSleep

===========================================================================================
----------------- testing Sat Jul 13 01:56:37 UTC 2019 /home/travis/build/icyphy/ptII/ptolemy/actor/lib/hoc/test/auto/DEInPNInRunCompositeActor.xml
----------------- Instantiating /home/travis/build/icyphy/ptII/ptolemy/actor/lib/hoc/test/auto/DEInPNInRunCompositeActor.xml
10 ms. Memory: 153600K Free: 111920K (73%)
----------------- Invoking toplevel() on ptolemy.moml.MoMLSimpleApplication@4a91410f
----------------- Done invoking toplevel() on ptolemy.moml.MoMLSimpleApplication@4a91410f
reloadAllAccessors: .DEInPNInRunCompositeActor

===========================================================================================
----------------- testing Sat Jul 13 01:56:38 UTC 2019 /home/travis/build/icyphy/ptII/ptolemy/actor/lib/hoc/test/auto/DFTSubSetTest.xml
----------------- Instantiating /home/travis/build/icyphy/ptII/ptolemy/actor/lib/hoc/test/auto/DFTSubSetTest.xml
172 ms. Memory: 153600K Free: 68912K (45%)
----------------- Invoking toplevel() on ptolemy.moml.MoMLSimpleApplication@6fe5cd82
----------------- Done invoking toplevel() on ptolemy.moml.MoMLSimpleApplication@6fe5cd82
reloadAllAccessors: .DFTSubSetTest

===========================================================================================
----------------- testing Sat Jul 13 01:56:38 UTC 2019 /home/travis/build/icyphy/ptII/ptolemy/actor/lib/hoc/test/auto/HocDE.xml
----------------- Instantiating /home/travis/build/icyphy/ptII/ptolemy/actor/lib/hoc/test/auto/HocDE.xml
130 ms. Memory: 153600K Free: 133801K (87%)
----------------- Invoking toplevel() on ptolemy.moml.MoMLSimpleApplication@23c95209
----------------- Done invoking toplevel() on ptolemy.moml.MoMLSimpleApplication@23c95209
reloadAllAccessors: .HocDE

===========================================================================================
----------------- testing Sat Jul 13 01:56:38 UTC 2019 /home/travis/build/icyphy/ptII/ptolemy/actor/lib/hoc/test/auto/IterateOverArray.xml
----------------- Instantiating /home/travis/build/icyphy/ptII/ptolemy/actor/lib/hoc/test/auto/IterateOverArray.xml
9 ms. Memory: 153600K Free: 128987K (84%)
----------------- Invoking toplevel() on ptolemy.moml.MoMLSimpleApplication@6df04f65
----------------- Done invoking toplevel() on ptolemy.moml.MoMLSimpleApplication@6df04f65
reloadAllAccessors: .IterateOverArray

===========================================================================================
----------------- testing Sat Jul 13 01:56:38 UTC 2019 /home/travis/build/icyphy/ptII/ptolemy/actor/lib/hoc/test/auto/IterateOverArray10.xml
----------------- Instantiating /home/travis/build/icyphy/ptII/ptolemy/actor/lib/hoc/test/auto/IterateOverArray10.xml
3 ms. Memory: 153600K Free: 125893K (82%)
----------------- Invoking toplevel() on ptolemy.moml.MoMLSimpleApplication@6fef4c1b
----------------- Done invoking toplevel() on ptolemy.moml.MoMLSimpleApplication@6fef4c1b
reloadAllAccessors: .IterateOverArray10

===========================================================================================
----------------- testing Sat Jul 13 01:56:38 UTC 2019 /home/travis/build/icyphy/ptII/ptolemy/actor/lib/hoc/test/auto/IterateOverArray11.xml
----------------- Instantiating /home/travis/build/icyphy/ptII/ptolemy/actor/lib/hoc/test/auto/IterateOverArray11.xml
10 ms. Memory: 153600K Free: 121819K (79%)
----------------- Invoking toplevel() on ptolemy.moml.MoMLSimpleApplication@53b0a80b
----------------- Done invoking toplevel() on ptolemy.moml.MoMLSimpleApplication@53b0a80b
reloadAllAccessors: .IterateOverArray11

===========================================================================================
----------------- testing Sat Jul 13 01:56:38 UTC 2019 /home/travis/build/icyphy/ptII/ptolemy/actor/lib/hoc/test/auto/IterateOverArray12.xml
----------------- Instantiating /home/travis/build/icyphy/ptII/ptolemy/actor/lib/hoc/test/auto/IterateOverArray12.xml
18 ms. Memory: 153600K Free: 115675K (75%)
----------------- Invoking toplevel() on ptolemy.moml.MoMLSimpleApplication@68621948
----------------- Done invoking toplevel() on ptolemy.moml.MoMLSimpleApplication@68621948
reloadAllAccessors: .IterateOverArray12

===========================================================================================
----------------- testing Sat Jul 13 01:56:38 UTC 2019 /home/travis/build/icyphy/ptII/ptolemy/actor/lib/hoc/test/auto/IterateOverArray13.xml
----------------- Instantiating /home/travis/build/icyphy/ptII/ptolemy/actor/lib/hoc/test/auto/IterateOverArray13.xml
90 ms. Memory: 153600K Free: 85979K (56%)
----------------- Invoking toplevel() on ptolemy.moml.MoMLSimpleApplication@3d35d194
----------------- Done invoking toplevel() on ptolemy.moml.MoMLSimpleApplication@3d35d194
reloadAllAccessors: .IterateOverArray13

===========================================================================================
----------------- testing Sat Jul 13 01:56:38 UTC 2019 /home/travis/build/icyphy/ptII/ptolemy/actor/lib/hoc/test/auto/IterateOverArray14.xml
----------------- Instantiating /home/travis/build/icyphy/ptII/ptolemy/actor/lib/hoc/test/auto/IterateOverArray14.xml
73 ms. Memory: 153600K Free: 52761K (34%)
----------------- Invoking toplevel() on ptolemy.moml.MoMLSimpleApplication@c3dda4
----------------- Done invoking toplevel() on ptolemy.moml.MoMLSimpleApplication@c3dda4
reloadAllAccessors: .IterateOverArray14

===========================================================================================
----------------- testing Sat Jul 13 01:56:38 UTC 2019 /home/travis/build/icyphy/ptII/ptolemy/actor/lib/hoc/test/auto/IterateOverArray2.xml
----------------- Instantiating /home/travis/build/icyphy/ptII/ptolemy/actor/lib/hoc/test/auto/IterateOverArray2.xml
5 ms. Memory: 153600K Free: 138443K (90%)
----------------- Invoking toplevel() on ptolemy.moml.MoMLSimpleApplication@f6c94fa
----------------- Done invoking toplevel() on ptolemy.moml.MoMLSimpleApplication@f6c94fa
reloadAllAccessors: .IterateOverArray2

===========================================================================================
----------------- testing Sat Jul 13 01:56:39 UTC 2019 /home/travis/build/icyphy/ptII/ptolemy/actor/lib/hoc/test/auto/IterateOverArray3.xml
----------------- Instantiating /home/travis/build/icyphy/ptII/ptolemy/actor/lib/hoc/test/auto/IterateOverArray3.xml
20 ms. Memory: 153600K Free: 132804K (86%)
----------------- Invoking toplevel() on ptolemy.moml.MoMLSimpleApplication@48d0f806
----------------- Done invoking toplevel() on ptolemy.moml.MoMLSimpleApplication@48d0f806
reloadAllAccessors: .IterateOverArray3

===========================================================================================
----------------- testing Sat Jul 13 01:56:39 UTC 2019 /home/travis/build/icyphy/ptII/ptolemy/actor/lib/hoc/test/auto/IterateOverArray4.xml
----------------- Instantiating /home/travis/build/icyphy/ptII/ptolemy/actor/lib/hoc/test/auto/IterateOverArray4.xml
5 ms. Memory: 153600K Free: 128769K (84%)
----------------- Invoking toplevel() on ptolemy.moml.MoMLSimpleApplication@1f52d5a5
----------------- Done invoking toplevel() on ptolemy.moml.MoMLSimpleApplication@1f52d5a5
reloadAllAccessors: .IterateOverArray4

===========================================================================================
----------------- testing Sat Jul 13 01:56:39 UTC 2019 /home/travis/build/icyphy/ptII/ptolemy/actor/lib/hoc/test/auto/IterateOverArray5.xml
----------------- Instantiating /home/travis/build/icyphy/ptII/ptolemy/actor/lib/hoc/test/auto/IterateOverArray5.xml
4 ms. Memory: 153600K Free: 124665K (81%)
----------------- Invoking toplevel() on ptolemy.moml.MoMLSimpleApplication@4e112ec1
----------------- Done invoking toplevel() on ptolemy.moml.MoMLSimpleApplication@4e112ec1
reloadAllAccessors: .IterateOverArray5

===========================================================================================
----------------- testing Sat Jul 13 01:56:39 UTC 2019 /home/travis/build/icyphy/ptII/ptolemy/actor/lib/hoc/test/auto/IterateOverArray6.xml
----------------- Instantiating /home/travis/build/icyphy/ptII/ptolemy/actor/lib/hoc/test/auto/IterateOverArray6.xml
3 ms. Memory: 153600K Free: 121609K (79%)
----------------- Invoking toplevel() on ptolemy.moml.MoMLSimpleApplication@569d7ec5
----------------- Done invoking toplevel() on ptolemy.moml.MoMLSimpleApplication@569d7ec5
reloadAllAccessors: .IterateOverArray6

===========================================================================================
----------------- testing Sat Jul 13 01:56:39 UTC 2019 /home/travis/build/icyphy/ptII/ptolemy/actor/lib/hoc/test/auto/IterateOverArray7.xml
----------------- Instantiating /home/travis/build/icyphy/ptII/ptolemy/actor/lib/hoc/test/auto/IterateOverArray7.xml
4 ms. Memory: 153600K Free: 116953K (76%)
----------------- Invoking toplevel() on ptolemy.moml.MoMLSimpleApplication@536ebfab
----------------- Done invoking toplevel() on ptolemy.moml.MoMLSimpleApplication@536ebfab
reloadAllAccessors: .IterateOverArray7

===========================================================================================
----------------- testing Sat Jul 13 01:56:39 UTC 2019 /home/travis/build/icyphy/ptII/ptolemy/actor/lib/hoc/test/auto/IterateOverArray8.xml
----------------- Instantiating /home/travis/build/icyphy/ptII/ptolemy/actor/lib/hoc/test/auto/IterateOverArray8.xml
4 ms. Memory: 153600K Free: 112857K (73%)
----------------- Invoking toplevel() on ptolemy.moml.MoMLSimpleApplication@84fbf9e
----------------- Done invoking toplevel() on ptolemy.moml.MoMLSimpleApplication@84fbf9e
reloadAllAccessors: .IterateOverArray8

===========================================================================================
----------------- testing Sat Jul 13 01:56:39 UTC 2019 /home/travis/build/icyphy/ptII/ptolemy/actor/lib/hoc/test/auto/IterateOverArray9.xml
----------------- Instantiating /home/travis/build/icyphy/ptII/ptolemy/actor/lib/hoc/test/auto/IterateOverArray9.xml
5 ms. Memory: 153600K Free: 108761K (71%)
----------------- Invoking toplevel() on ptolemy.moml.MoMLSimpleApplication@64d4e525
----------------- Done invoking toplevel() on ptolemy.moml.MoMLSimpleApplication@64d4e525
reloadAllAccessors: .IterateOverArray9

===========================================================================================
----------------- testing Sat Jul 13 01:56:39 UTC 2019 /home/travis/build/icyphy/ptII/ptolemy/actor/lib/hoc/test/auto/IterateOverArrayCoercedOutputType.xml
----------------- Instantiating /home/travis/build/icyphy/ptII/ptolemy/actor/lib/hoc/test/auto/IterateOverArrayCoercedOutputType.xml
5 ms. Memory: 153600K Free: 103641K (67%)
----------------- Invoking toplevel() on ptolemy.moml.MoMLSimpleApplication@700706c9
----------------- Done invoking toplevel() on ptolemy.moml.MoMLSimpleApplication@700706c9
reloadAllAccessors: .IterateOverArrayCoercedOutputType

===========================================================================================
----------------- testing Sat Jul 13 01:56:39 UTC 2019 /home/travis/build/icyphy/ptII/ptolemy/actor/lib/hoc/test/auto/IterateOverArrayInferredOutputType.xml
----------------- Instantiating /home/travis/build/icyphy/ptII/ptolemy/actor/lib/hoc/test/auto/IterateOverArrayInferredOutputType.xml
7 ms. Memory: 153600K Free: 99065K (64%)
----------------- Invoking toplevel() on ptolemy.moml.MoMLSimpleApplication@37f78abf
----------------- Done invoking toplevel() on ptolemy.moml.MoMLSimpleApplication@37f78abf
reloadAllAccessors: .IterateOverArrayInferredOutputType

===========================================================================================
----------------- testing Sat Jul 13 01:56:39 UTC 2019 /home/travis/build/icyphy/ptII/ptolemy/actor/lib/hoc/test/auto/MobileFunctionTest.xml
----------------- Instantiating /home/travis/build/icyphy/ptII/ptolemy/actor/lib/hoc/test/auto/MobileFunctionTest.xml
5 ms. Memory: 153600K Free: 94425K (61%)
----------------- Invoking toplevel() on ptolemy.moml.MoMLSimpleApplication@431f3ddb
----------------- Done invoking toplevel() on ptolemy.moml.MoMLSimpleApplication@431f3ddb
reloadAllAccessors: .MobileFunctionTest

===========================================================================================
----------------- testing Sat Jul 13 01:56:39 UTC 2019 /home/travis/build/icyphy/ptII/ptolemy/actor/lib/hoc/test/auto/MobileModelTest.xml
----------------- Instantiating /home/travis/build/icyphy/ptII/ptolemy/actor/lib/hoc/test/auto/MobileModelTest.xml
175 ms. Memory: 153600K Free: 73441K (48%)
----------------- Invoking toplevel() on ptolemy.moml.MoMLSimpleApplication@5e8f9f07
----------------- Done invoking toplevel() on ptolemy.moml.MoMLSimpleApplication@5e8f9f07
reloadAllAccessors: .MobileModelTest

===========================================================================================
----------------- testing Sat Jul 13 01:56:39 UTC 2019 /home/travis/build/icyphy/ptII/ptolemy/actor/lib/hoc/test/auto/ModelReference.xml
----------------- Instantiating /home/travis/build/icyphy/ptII/ptolemy/actor/lib/hoc/test/auto/ModelReference.xml
2 ms. Memory: 153600K Free: 66769K (43%)
2 ms. Memory: 153600K Free: 66206K (43%)
3 ms. Memory: 153600K Free: 65249K (42%)
2 ms. Memory: 153600K Free: 64271K (42%)
3 ms. Memory: 153600K Free: 63675K (41%)
2 ms. Memory: 153600K Free: 62651K (41%)
2 ms. Memory: 153600K Free: 62185K (40%)
2 ms. Memory: 153600K Free: 61191K (40%)
7 ms. Memory: 153600K Free: 60145K (39%)
4 ms. Memory: 153600K Free: 59579K (39%)
36 ms. Memory: 153600K Free: 59579K (39%)
----------------- Invoking toplevel() on ptolemy.moml.MoMLSimpleApplication@176a9b95
----------------- Done invoking toplevel() on ptolemy.moml.MoMLSimpleApplication@176a9b95
reloadAllAccessors: .ModelReference

===========================================================================================
----------------- testing Sat Jul 13 01:56:39 UTC 2019 /home/travis/build/icyphy/ptII/ptolemy/actor/lib/hoc/test/auto/ModelReference3.xml
----------------- Instantiating /home/travis/build/icyphy/ptII/ptolemy/actor/lib/hoc/test/auto/ModelReference3.xml
2 ms. Memory: 153600K Free: 55009K (36%)
3 ms. Memory: 153600K Free: 54459K (35%)
1 ms. Memory: 153600K Free: 53465K (35%)
4 ms. Memory: 153600K Free: 52894K (34%)
2 ms. Memory: 153600K Free: 51975K (34%)
2 ms. Memory: 153600K Free: 50929K (33%)
4 ms. Memory: 153600K Free: 50355K (33%)
9 ms. Memory: 153600K Free: 139407K (91%)
4 ms. Memory: 153600K Free: 138717K (90%)
1 ms. Memory: 153600K Free: 137752K (90%)
40 ms. Memory: 153600K Free: 137752K (90%)
----------------- Invoking toplevel() on ptolemy.moml.MoMLSimpleApplication@2fb6368
----------------- Done invoking toplevel() on ptolemy.moml.MoMLSimpleApplication@2fb6368
reloadAllAccessors: .ModelReference3

===========================================================================================
----------------- testing Sat Jul 13 01:56:39 UTC 2019 /home/travis/build/icyphy/ptII/ptolemy/actor/lib/hoc/test/auto/ModelReference4.xml
----------------- Instantiating /home/travis/build/icyphy/ptII/ptolemy/actor/lib/hoc/test/auto/ModelReference4.xml
2 ms. Memory: 153600K Free: 133079K (87%)
4 ms. Memory: 153600K Free: 131586K (86%)
2 ms. Memory: 153600K Free: 130540K (85%)
7 ms. Memory: 153600K Free: 128999K (84%)
3 ms. Memory: 153600K Free: 127959K (83%)
2 ms. Memory: 153600K Free: 126514K (82%)
2 ms. Memory: 153600K Free: 124895K (81%)
3 ms. Memory: 153600K Free: 123863K (81%)
2 ms. Memory: 153600K Free: 122356K (80%)
2 ms. Memory: 153600K Free: 121316K (79%)
10018 ms. Memory: 153600K Free: 121316K (79%)
----------------- Invoking toplevel() on ptolemy.moml.MoMLSimpleApplication@5280f63
----------------- Done invoking toplevel() on ptolemy.moml.MoMLSimpleApplication@5280f63
reloadAllAccessors: .ModelReference4

===========================================================================================
----------------- testing Sat Jul 13 01:56:49 UTC 2019 /home/travis/build/icyphy/ptII/ptolemy/actor/lib/hoc/test/auto/MultiInstanceComposite.xml
----------------- Instantiating /home/travis/build/icyphy/ptII/ptolemy/actor/lib/hoc/test/auto/MultiInstanceComposite.xml
35 ms. Memory: 153600K Free: 102389K (67%)
----------------- Invoking toplevel() on ptolemy.moml.MoMLSimpleApplication@5328a22f
----------------- Done invoking toplevel() on ptolemy.moml.MoMLSimpleApplication@5328a22f
reloadAllAccessors: .MultiInstanceComposite

===========================================================================================
----------------- testing Sat Jul 13 01:56:49 UTC 2019 /home/travis/build/icyphy/ptII/ptolemy/actor/lib/hoc/test/auto/MultiInstanceComposite2.xml
----------------- Instantiating /home/travis/build/icyphy/ptII/ptolemy/actor/lib/hoc/test/auto/MultiInstanceComposite2.xml
26 ms. Memory: 153600K Free: 91093K (59%)
----------------- Invoking toplevel() on ptolemy.moml.MoMLSimpleApplication@3cbfdd6e
----------------- Done invoking toplevel() on ptolemy.moml.MoMLSimpleApplication@3cbfdd6e
reloadAllAccessors: .MultiInstanceComposite2

===========================================================================================
----------------- testing Sat Jul 13 01:56:49 UTC 2019 /home/travis/build/icyphy/ptII/ptolemy/actor/lib/hoc/test/auto/MulticoreExecution.xml
----------------- Instantiating /home/travis/build/icyphy/ptII/ptolemy/actor/lib/hoc/test/auto/MulticoreExecution.xml
Fired ExecutionTime: 4000000
Fired ExecutionTime: 2000000
Fired ExecutionTime: 2800000
Fired ExecutionTime: 2800000
Fired ExecutionTime: 2800000
Fired ExecutionTime: 2800000
Fired ExecutionTime: 6400000
Fired ExecutionTime: 10800000
Fired ExecutionTime: 70400000
Fired ExecutionTime: 39600000
Fired ExecutionTime: 39200000
Fired ExecutionTime: 40400000
Fired ExecutionTime: 54800000
Fired ExecutionTime: 65600000
Fired ExecutionTime: 63600000
Fired ExecutionTime: 64800000
Fired ExecutionTime: 66400000
Fired ExecutionTime: 66000000
Fired ExecutionTime: 86000000
Fired ExecutionTime: 91200000
1095 ms. Memory: 153600K Free: 81887K (53%)
----------------- Invoking toplevel() on ptolemy.moml.MoMLSimpleApplication@4d9e2059
----------------- Done invoking toplevel() on ptolemy.moml.MoMLSimpleApplication@4d9e2059
reloadAllAccessors: .MulticoreExecution

===========================================================================================
----------------- testing Sat Jul 13 01:56:50 UTC 2019 /home/travis/build/icyphy/ptII/ptolemy/actor/lib/hoc/test/auto/ParallelExecution.xml
----------------- Instantiating /home/travis/build/icyphy/ptII/ptolemy/actor/lib/hoc/test/auto/ParallelExecution.xml
930 ms. Memory: 153600K Free: 74290K (48%)
----------------- Invoking toplevel() on ptolemy.moml.MoMLSimpleApplication@394c7f30
----------------- Done invoking toplevel() on ptolemy.moml.MoMLSimpleApplication@394c7f30
reloadAllAccessors: .ParallelExecution

===========================================================================================
----------------- testing Sat Jul 13 01:56:51 UTC 2019 /home/travis/build/icyphy/ptII/ptolemy/actor/lib/hoc/test/auto/RunCompositeActor.xml
----------------- Instantiating /home/travis/build/icyphy/ptII/ptolemy/actor/lib/hoc/test/auto/RunCompositeActor.xml
7 ms. Memory: 153600K Free: 67092K (44%)
----------------- Invoking toplevel() on ptolemy.moml.MoMLSimpleApplication@463d51ab
----------------- Done invoking toplevel() on ptolemy.moml.MoMLSimpleApplication@463d51ab
reloadAllAccessors: .RunCompositeActor

===========================================================================================
----------------- testing Sat Jul 13 01:56:51 UTC 2019 /home/travis/build/icyphy/ptII/ptolemy/actor/lib/hoc/test/auto/RunCompositeActor2.xml
----------------- Instantiating /home/travis/build/icyphy/ptII/ptolemy/actor/lib/hoc/test/auto/RunCompositeActor2.xml
9 ms. Memory: 153600K Free: 61428K (40%)
----------------- Invoking toplevel() on ptolemy.moml.MoMLSimpleApplication@1cdb4607
----------------- Done invoking toplevel() on ptolemy.moml.MoMLSimpleApplication@1cdb4607
reloadAllAccessors: .RunCompositeActor2

===========================================================================================
----------------- testing Sat Jul 13 01:56:51 UTC 2019 /home/travis/build/icyphy/ptII/ptolemy/actor/lib/hoc/test/auto/RunCompositeActor3.xml
----------------- Instantiating /home/travis/build/icyphy/ptII/ptolemy/actor/lib/hoc/test/auto/RunCompositeActor3.xml
4 ms. Memory: 153600K Free: 55737K (36%)
----------------- Invoking toplevel() on ptolemy.moml.MoMLSimpleApplication@415c6642
----------------- Done invoking toplevel() on ptolemy.moml.MoMLSimpleApplication@415c6642
reloadAllAccessors: .RunCompositeActor3

===========================================================================================
----------------- testing Sat Jul 13 01:56:51 UTC 2019 /home/travis/build/icyphy/ptII/ptolemy/actor/lib/hoc/test/auto/RunCompositeActor4.xml
----------------- Instantiating /home/travis/build/icyphy/ptII/ptolemy/actor/lib/hoc/test/auto/RunCompositeActor4.xml
19 ms. Memory: 153600K Free: 137827K (90%)
----------------- Invoking toplevel() on ptolemy.moml.MoMLSimpleApplication@48fffd8a
----------------- Done invoking toplevel() on ptolemy.moml.MoMLSimpleApplication@48fffd8a
reloadAllAccessors: .RunCompositeActor4

===========================================================================================
----------------- testing Sat Jul 13 01:56:52 UTC 2019 /home/travis/build/icyphy/ptII/ptolemy/actor/lib/hoc/test/auto/RunCompositeIterateOverArray.xml
----------------- Instantiating /home/travis/build/icyphy/ptII/ptolemy/actor/lib/hoc/test/auto/RunCompositeIterateOverArray.xml
5 ms. Memory: 153600K Free: 131544K (86%)
----------------- Invoking toplevel() on ptolemy.moml.MoMLSimpleApplication@5b07622c
----------------- Done invoking toplevel() on ptolemy.moml.MoMLSimpleApplication@5b07622c
reloadAllAccessors: .RunCompositeIterateOverArray

===========================================================================================
----------------- testing Sat Jul 13 01:56:52 UTC 2019 /home/travis/build/icyphy/ptII/ptolemy/actor/lib/hoc/test/auto/ThreadedJS.xml
----------------- Instantiating /home/travis/build/icyphy/ptII/ptolemy/actor/lib/hoc/test/auto/ThreadedJS.xml
6332 ms. Memory: 221184K Free: 75107K (34%)
----------------- Invoking toplevel() on ptolemy.moml.MoMLSimpleApplication@1ac32a48
----------------- Done invoking toplevel() on ptolemy.moml.MoMLSimpleApplication@1ac32a48
reloadAllAccessors: .ThreadedJS
AutoTests.java: About to close Vertx.
AutoTests.java: Vertx closed.
]]></system-out>
  <system-err><![CDATA[java.lang.RuntimeException: Execution failed
	at ptolemy.moml.MoMLSimpleApplication$UnloadThread.run(MoMLSimpleApplication.java:402)
Caused by: ptolemy.kernel.util.IllegalActionException: initialize() was called after wrapup() was called but preinitialize() was not called after wrapup().
	at ptolemy.actor.lib.hoc.test.PreinitializeMustBeInvoked.initialize(PreinitializeMustBeInvoked.java:78)
	at ptolemy.actor.Director.initialize(Director.java:938)
	at ptolemy.actor.Director.initialize(Director.java:907)
	at ptolemy.actor.sched.StaticSchedulingDirector.initialize(StaticSchedulingDirector.java:159)
	at ptolemy.domains.sdf.kernel.SDFDirector.initialize(SDFDirector.java:544)
	at ptolemy.actor.CompositeActor.initialize(CompositeActor.java:935)
	at ptolemy.actor.lib.hoc.LifeCycleManager._executeInsideModel(LifeCycleManager.java:339)
	at ptolemy.actor.lib.hoc.RunCompositeActor.fire(RunCompositeActor.java:205)
	at ptolemy.actor.CompositeActor.iterate(CompositeActor.java:1146)
	at ptolemy.actor.sched.StaticSchedulingDirector.fire(StaticSchedulingDirector.java:216)
	at ptolemy.domains.sdf.kernel.SDFDirector.fire(SDFDirector.java:500)
	at ptolemy.actor.CompositeActor.fire(CompositeActor.java:455)
	at ptolemy.actor.Manager.iterate(Manager.java:851)
	at ptolemy.actor.Manager.execute(Manager.java:369)
	at ptolemy.actor.Manager.run(Manager.java:1263)
	at ptolemy.actor.Manager$PtolemyRunThread.run(Manager.java:1915)
java.lang.reflect.InvocationTargetException
	at java.base/jdk.internal.reflect.NativeConstructorAccessorImpl.newInstance0(Native Method)
	at java.base/jdk.internal.reflect.NativeConstructorAccessorImpl.newInstance(NativeConstructorAccessorImpl.java:62)
	at java.base/jdk.internal.reflect.DelegatingConstructorAccessorImpl.newInstance(DelegatingConstructorAccessorImpl.java:45)
	at java.base/java.lang.reflect.Constructor.newInstance(Constructor.java:490)
	at ptolemy.util.test.junit.AutoKnownFailedTests.RunModel(AutoKnownFailedTests.java:105)
	at java.base/jdk.internal.reflect.NativeMethodAccessorImpl.invoke0(Native Method)
	at java.base/jdk.internal.reflect.NativeMethodAccessorImpl.invoke(NativeMethodAccessorImpl.java:62)
	at java.base/jdk.internal.reflect.DelegatingMethodAccessorImpl.invoke(DelegatingMethodAccessorImpl.java:43)
	at java.base/java.lang.reflect.Method.invoke(Method.java:566)
	at org.junit.runners.model.FrameworkMethod$1.runReflectiveCall(FrameworkMethod.java:44)
	at org.junit.internal.runners.model.ReflectiveCallable.run(ReflectiveCallable.java:15)
	at org.junit.runners.model.FrameworkMethod.invokeExplosively(FrameworkMethod.java:41)
	at junitparams.internal.InvokeParameterisedMethod.evaluate(InvokeParameterisedMethod.java:102)
	at org.junit.internal.runners.statements.FailOnTimeout$1.run(FailOnTimeout.java:28)
Caused by: ptolemy.kernel.util.IllegalActionException: initialize() was called after wrapup() was called but preinitialize() was not called after wrapup().
	at ptolemy.actor.lib.hoc.test.PreinitializeMustBeInvoked.initialize(PreinitializeMustBeInvoked.java:78)
	at ptolemy.actor.Director.initialize(Director.java:938)
	at ptolemy.actor.Director.initialize(Director.java:907)
	at ptolemy.actor.sched.StaticSchedulingDirector.initialize(StaticSchedulingDirector.java:159)
	at ptolemy.domains.sdf.kernel.SDFDirector.initialize(SDFDirector.java:544)
	at ptolemy.actor.CompositeActor.initialize(CompositeActor.java:935)
	at ptolemy.actor.lib.hoc.LifeCycleManager._executeInsideModel(LifeCycleManager.java:339)
	at ptolemy.actor.lib.hoc.RunCompositeActor.fire(RunCompositeActor.java:205)
	at ptolemy.actor.CompositeActor.iterate(CompositeActor.java:1146)
	at ptolemy.actor.sched.StaticSchedulingDirector.fire(StaticSchedulingDirector.java:216)
	at ptolemy.domains.sdf.kernel.SDFDirector.fire(SDFDirector.java:500)
	at ptolemy.actor.CompositeActor.fire(CompositeActor.java:455)
	at ptolemy.actor.Manager.iterate(Manager.java:851)
	at ptolemy.actor.Manager.execute(Manager.java:369)
	at ptolemy.actor.Manager.run(Manager.java:1263)
	at ptolemy.actor.Manager$PtolemyRunThread.run(Manager.java:1915)
Warning: Nashorn engine is planned to be removed from a future JDK release
Warning: Nashorn engine is planned to be removed from a future JDK release
Warning: Nashorn engine is planned to be removed from a future JDK release
Warning: Nashorn engine is planned to be removed from a future JDK release
Warning: Nashorn engine is planned to be removed from a future JDK release
Warning: Nashorn engine is planned to be removed from a future JDK release
Warning: Nashorn engine is planned to be removed from a future JDK release
Warning: Nashorn engine is planned to be removed from a future JDK release
]]></system-err>
</testsuite>
